<?xml version="1.0"?>
<opencv_storage>
<filter_type>0</filter_type>
<only_luma>0</only_luma>
<r1>1</r1>
<r2>2</r2>
<L2_diff>2.0385519370376610e+03</L2_diff>
<test_img type_id="opencv-matrix">
  <rows>128</rows>
  <cols>256</cols>
  <dt>"3u"</dt>
  <data>
    121 193 112 80 37 105 215 27 190 144 47 106 16 180 150 84 161 151
    109 204 137 31 145 248 76 255 208 21 102 127 162 17 46 74 223 198 6
    121 212 0 252 153 109 140 178 129 166 228 108 217 163 53 76 45 201
    116 172 43 24 86 74 7 105 134 116 162 158 172 112 59 232 243 146 13
    3 30 204 91 209 13 123 221 251 212 153 116 40 111 234 115 219 180 14
    188 198 144 208 34 80 9 57 43 44 248 70 171 127 170 124 255 26 239
    37 212 180 108 24 244 18 34 3 233 116 100 110 15 117 131 169 69 6 37
    55 7 64 59 128 203 186 69 171 37 243 67 196 210 195 223 69 103 72
    120 162 211 187 205 185 214 175 37 16 212 239 79 126 37 220 178 77
    81 159 182 179 129 14 6 157 216 221 220 177 186 241 215 204 87 96 42
    220 246 82 246 192 139 240 189 91 18 142 196 158 247 58 3 246 18 140
    172 64 204 121 230 23 38 209 5 232 112 14 163 175 46 246 130 217 220
    218 244 243 117 90 68 7 59 99 3 63 146 181 18 96 11 112 251 88 25
    139 5 78 210 182 114 250 128 10 133 222 58 13 159 172 68 237 97 137
    101 99 181 39 12 211 153 133 194 111 21 107 146 124 90 107 172 155
    122 175 50 214 107 156 210 237 131 160 194 178 124 216 136 142 101
    55 237 144 124 21 195 105 244 122 251 136 69 86 250 162 176 151 244
    196 27 219 145 186 100 183 16 132 61 84 26 86 64 198 174 222 229 81
    189 102 41 53 92 17 71 198 224 134 174 211 195 213 95 180 31 63 171
    107 169 244 163 173 140 119 4 134 2 163 61 170 214 166 229 11 78 35
    61 74 202 246 197 214 219 93 223 165 112 80 47 237 112 233 93 124
    180 254 129 5 103 84 121 3 228 108 17 161 223 210 68 183 204 60 78
    79 23 81 125 162 187 125 209 88 144 220 100 50 88 61 205 22 109 157
    67 204 3 198 116 140 73 249 243 13 193 222 25 126 121 36 46 197 171
    128 247 55 167 173 183 247 187 253 178 111 145 128 89 30 187 38 55
    84 159 12 149 107 226 66 127 76 91 10 199 1 67 210 90 9 82 98 18 37
    221 217 253 57 191 246 128 72 108 199 178 173 10 113 253 229 198 123
    131 40 151 223 192 146 214 136 114 199 51 73 93 160 230 235 232 131
    229 60 111 179 211 61 42 91 7 52 124 50 213 59 25 239 209 135 127 91
    214 198 203 176 183 185 62 77 81 53 191 237 101 76 237 28 161 36 55
    113 227 188 253 214 184 157 155 87 202 91 213 122 223 37 127 234 168
    210 154 37 67 111 64 210 87 141 127 143 97 165 239 202 158 17 87 208
    222 49 227 249 196 187 210 190 141 25 102 250 23 236 156 222 166 6
    232 181 240 151 91 32 75 144 203 67 46 98 150 168 231 156 231 184 93
    227 13 211 42 1 169 92 248 255 12 192 65 146 97 31 2 255 153 165 234
    6 142 213 36 243 100 72 173 226 234 98 39 122 156 89 48 228 222 58
    99 64 169 125 141 77 246 85 38 162 42 195 123 235 20 39 226 99 104
    118 56 62 56 169 114 136 220 94 9 205 135 165 129 158 204 132 32 159
    141 235 136 178 184 161 114 22 37 82 109 238 1 32 233 187 194 147
    239 61 167 41 118 20 150 162 225 194 52 229 113 69 117 230 220 70
    130 199 226 131 28 156 184 39 51 70 93 252 5 36 220 194 201 47 123
    104 79 27 183 239 29 211 120 210 99 51 244 230 139 116 223 206 168
    15 247 180 125 70 168 255 220 61 20 48 51 208 196 5 129 94 96 41 102
    171 166 33 66 190 4 235 167 191 162 230 236 218 120 200 41 150 28
    241 251 111 173 231 150 213 168 191 167 187 196 135 34 237 52 18 15
    157 203 252 96 183 9 222 206 33 15 132 252 95 172 187 104 143 237 60
    19 71 82 0 180 88 117 245 65 220 126 44 79 50 39 230 228 109 147 58
    84 108 140 23 175 10 218 122 114 245 140 94 253 81 156 130 237 1 195
    46 175 128 87 205 200 49 152 60 115 230 137 0 158 234 144 178 144
    253 203 209 167 49 159 168 135 21 246 241 201 4 173 85 224 56 181 17
    29 172 71 24 174 225 170 46 144 140 80 25 92 70 50 104 97 160 92 12
    162 71 141 34 70 61 19 153 67 226 45 113 238 73 56 85 145 102 28 72
    27 182 24 213 77 236 245 31 242 181 148 231 65 216 183 227 252 252
    95 14 175 209 107 237 25 106 78 40 126 12 122 32 153 40 177 193 173
    7 196 104 158 200 6 30 98 200 187 217 153 124 194 129 216 106 252
    251 52 62 42 126 36 118 219 230 223 178 118 80 123 253 141 248 109
    97 222 117 235 13 55 29 228 9 170 245 61 32 232 197 217 102 197 116
    102 207 204 45 96 177 138 73 202 205 12 85 78 185 27 226 117 221 105
    10 98 189 212 11 115 110 195 80 227 206 30 93 52 48 100 173 15 229
    166 27 5 189 238 45 222 215 119 149 78 239 85 139 124 158 9 178 185
    228 75 84 1 225 150 210 231 145 229 59 153 86 115 154 253 198 186
    100 233 150 72 208 206 225 54 114 175 96 35 155 71 230 151 127 41 35
    230 195 109 249 103 129 190 88 79 251 180 181 169 228 192 204 228
    154 193 69 27 201 31 93 189 31 77 215 13 46 26 126 135 217 207 202
    29 74 191 23 122 174 240 0 212 47 237 83 230 62 216 38 40 245 193
    192 189 38 229 195 46 58 93 160 129 142 108 240 98 121 154 4 156 85
    60 163 123 117 81 235 188 5 45 97 61 27 111 162 157 84 30 122 180
    223 14 8 182 247 206 244 153 118 123 231 150 234 187 30 177 23 114
    202 78 7 251 113 101 26 36 168 229 126 0 77 115 31 127 232 85 63 25
    174 4 16 218 95 20 189 133 140 11 26 55 122 224 159 50 174 210 130
    113 48 239 126 160 20 191 87 38 211 231 224 111 199 38 139 242 251
    12 229 8 115 110 239 49 225 225 253 41 7 38 16 145 209 137 199 53 25
    197 49 51 102 252 119 44 250 49 10 66 2 225 94 45 141 202 64 6 99
    150 142 233 115 121 39 52 160 45 75 123 204 207 135 80 94 93 109 229
    141 129 154 153 161 87 80 24 62 101 153 34 126 200 250 189 34 186
    227 239 196 103 120 230 210 219 176 226 133 129 22 168 95 244 133
    216 192 180 28 17 248 176 60 18 122 221 110 12 50 36 176 30 154 58
    61 181 76 20 182 123 236 95 106 141 141 8 75 92 82 237 17 219 168
    133 39 174 161 204 2 143 223 169 190 167 246 254 178 169 253 84 203
    138 148 148 161 180 217 97 200 1 15 255 58 139 97 83 92 143 66 101
    188 81 137 106 199 114 110 227 246 216 251 6 248 234 210 59 141 202
    232 0 47 148 34 186 178 180 26 165 6 123 57 99 187 224 102 209 4 89
    42 205 49 137 31 247 241 33 76 219 175 67 12 196 75 95 96 107 93 38
    47 80 53 105 176 78 220 34 96 213 94 210 174 131 166 136 58 100 63
    127 173 125 5 219 174 186 200 174 161 33 62 201 39 79 139 203 63 49
    204 216 43 164 231 90 131 136 89 2 85 231 173 143 130 57 115 37 144
    144 15 168 46 59 68 205 176 202 215 42 105 231 44 72 35 77 161 3 133
    235 187 174 5 203 171 80 51 45 229 13 40 227 53 1 32 204 68 151 9
    218 172 192 140 25 249 81 197 75 231 44 118 193 78 0 78 96 121 143
    246 75 122 206 71 53 210 232 86 35 131 15 199 236 184 53 72 22 206
    184 123 41 123 90 154 151 84 58 132 49 146 212 103 95 232 30 53 209
    115 34 163 110 113 20 222 21 189 237 172 167 76 238 104 27 180 189
    141 141 79 117 198 129 129 126 211 192 186 55 198 233 118 188 13 107
    209 230 38 18 137 167 6 110 141 180 93 227 2 69 224 143 2 139 107 33
    201 22 248 149 233 19 96 64 63 90 56 219 76 231 7 215 18 76 10 213
    232 212 196 70 182 194 180 213 46 49 198 191 149 188 80 156 110 120
    183 206 84 41 100 209 18 5 6 62 102 9 173 58 96 0 164 145 35 76 19
    109 111 114 10 235 10 25 192 83 192 41 146 76 111 182 81 27 96 155
    79 98 41 30 80 247 190 126 55 40 9 71 195 56 90 249 79 22 89 198 190
    144 89 42 178 139 146 185 153 139 158 229 41 137 200 142 176 168 161
    120 87 70 82 200 68 222 205 176 139 72 252 217 208 204 144 65 210
    207 110 73 158 214 244 140 45 4 167 88 116 167 230 52 250 37 72 47
    55 181 83 123 252 242 187 62 181 146 234 133 252 85 70 161 128 54
    224 74 0 179 185 167 241 188 21 179 104 1 223 0 188 172 130 12 237
    179 3 169 151 94 46 244 127 134 114 171 121 191 134 10 137 171 87
    130 19 211 174 247 234 203 134 32 119 37 228 52 243 30 58 235 100 75
    84 227 49 42 41 204 164 139 109 155 101 78 158 114 80 186 19 108 95
    244 167 162 222 39 63 226 170 99 63 192 85 214 63 24 217 64 185 115
    52 76 59 110 54 52 205 205 43 169 99 249 96 252 118 181 230 143 128
    182 106 90 26 177 201 65 14 189 113 174 51 122 203 34 158 223 234 47
    23 146 70 237 221 255 96 249 81 147 54 54 98 203 220 227 242 34 247
    122 248 67 175 70 239 107 103 251 168 238 35 45 214 186 212 23 222
    10 0 169 61 66 242 113 77 16 249 43 225 80 122 18 227 86 17 16 120
    63 15 177 87 169 64 190 34 223 30 16 229 156 90 35 241 149 51 240 97
    151 151 213 170 223 66 25 59 56 17 99 54 13 111 158 37 156 205 18
    222 55 40 30 208 223 10 157 207 155 104 8 86 142 145 64 76 61 12 47
    168 199 127 134 40 70 43 187 117 76 23 146 152 127 197 149 66 130 33
    110 187 5 41 210 88 69 162 14 100 132 155 111 174 170 18 3 128 63
    200 83 33 211 219 89 127 190 153 195 90 194 16 89 145 196 163 183
    134 10 119 175 1 90 198 252 105 171 243 92 230 10 196 184 247 112
    156 224 238 152 192 13 33 46 11 17 41 140 187 92 162 97 37 109 35 28
    2 9 96 223 106 105 3 32 235 115 152 11 135 163 168 182 146 39 75 107
    73 154 75 31 49 161 160 141 23 60 4 232 95 235 102 78 186 123 105
    178 241 224 196 177 65 89 255 148 173 93 223 44 181 210 2 88 38 185
    166 229 89 116 207 39 183 86 178 128 81 252 35 196 216 207 182 160
    155 19 224 29 146 153 83 105 102 238 141 201 19 211 249 163 152 254
    130 33 86 88 253 125 51 232 183 18 168 106 180 224 1 238 201 157 177
    25 19 165 56 36 64 57 164 114 94 212 109 54 230 31 184 91 205 16 233
    167 180 3 254 195 159 28 122 207 34 54 6 37 96 238 188 228 11 159 23
    205 87 33 242 206 161 156 164 251 60 47 77 201 241 210 17 106 12 14
    201 45 62 184 24 6 57 72 223 95 39 82 151 27 135 85 63 245 197 248
    134 1 4 251 198 63 246 123 79 24 108 135 109 191 69 19 205 224 229
    240 18 102 13 76 63 74 7 159 16 19 64 159 222 94 6 203 132 15 255
    103 44 24 83 41 193 204 68 183 100 93 112 71 24 89 213 203 179 77
    248 233 169 104 117 118 127 235 136 100 19 98 139 79 120 182 137 238
    197 65 156 7 163 57 85 168 123 139 28 167 188 65 143 175 36 77 85 49
    67 47 68 112 109 155 68 122 65 19 122 147 75 160 198 35 174 10 55
    223 205 251 202 84 65 180 53 55 59 208 6 147 128 165 217 252 71 248
    147 84 124 155 117 93 128 80 65 215 185 183 207 212 143 74 109 227 4
    34 169 213 68 16 73 220 228 174 17 140 222 83 12 15 164 240 95 150
    130 125 194 32 252 89 242 226 247 125 12 251 66 105 15 199 206 229
    254 134 210 219 141 183 200 39 35 19 176 197 248 147 120 148 9 53
    170 215 207 31 89 148 201 148 219 111 254 156 111 46 95 198 12 25 59
    28 159 241 79 127 241 42 17 125 105 216 10 11 80 168 59 19 183 192
    208 200 82 218 93 90 245 48 2 192 32 244 240 20 128 147 227 205 229
    222 188 109 126 181 149 205 201 244 116 17 13 58 14 166 46 235 33
    239 198 223 158 134 109 97 92 124 56 51 167 169 106 241 182 156 138
    103 27 156 233 112 10 117 139 183 202 180 169 4 154 185 61 175 185
    92 155 152 3 90 99 190 55 248 105 126 116 90 73 1 250 89 250 135 241
    146 88 118 203 34 116 5 221 248 181 202 7 11 6 166 144 157 203 21 7
    206 81 127 116 103 186 44 130 172 76 38 122 170 18 181 145 153 209
    147 117 253 216 198 27 204 160 245 235 219 174 234 129 15 230 126
    233 254 77 153 213 90 5 21 197 111 106 43 36 241 62 73 172 51 172
    149 38 165 16 15 211 6 2 12 40 184 64 101 81 153 59 25 170 20 189
    157 152 136 174 38 131 88 2 120 92 198 17 110 88 80 107 145 142 164
    167 158 12 79 37 163 132 106 212 122 8 191 45 166 75 191 189 104 138
    240 253 212 236 131 120 205 34 41 88 135 71 97 247 55 174 44 0 22
    145 138 96 178 128 26 96 244 0 58 122 232 221 223 45 140 215 45 48
    72 202 21 116 139 21 132 172 169 114 68 55 184 129 229 55 126 55 1
    82 177 17 184 154 178 159 28 92 63 179 182 253 216 230 71 14 51 92
    68 98 216 131 185 108 152 60 174 14 97 201 19 135 12 206 193 130 174
    77 49 230 175 114 149 59 71 234 121 191 180 35 157 73 17 133 235 135
    103 58 58 226 121 237 2 6 40 126 26 226 169 184 126 229 253 162 46
    67 35 59 0 250 164 168 163 145 120 34 102 77 174 91 20 206 68 250 31
    87 53 210 154 3 24 66 222 106 18 189 164 167 197 30 157 160 65 124
    21 22 39 248 162 83 186 14 88 57 32 23 3 108 95 200 139 82 169 77 17
    8 12 62 88 38 21 211 55 140 122 88 41 128 60 111 211 124 208 85 82
    160 53 134 162 49 125 50 194 196 24 12 1 126 194 153 108 76 77 62
    162 60 65 87 125 83 71 187 110 103 114 222 46 12 37 168 53 44 48 76
    10 191 18 119 140 220 243 227 55 102 188 143 1 242 120 197 8 241 240
    141 234 145 21 137 217 191 127 212 44 64 132 167 56 229 223 232 181
    52 157 249 81 157 227 189 123 145 183 145 175 196 214 91 82 69 210
    32 32 55 66 113 217 90 155 184 253 167 110 75 139 156 144 223 149
    190 138 31 141 131 149 250 123 226 255 177 251 76 216 191 11 9 153
    234 116 166 55 244 182 179 149 73 138 200 244 58 204 113 110 72 74
    17 178 100 85 56 23 3 217 129 65 176 245 63 44 103 171 88 172 228
    113 1 39 115 49 86 163 69 118 157 111 0 63 66 210 129 163 47 194 183
    130 186 2 101 27 45 107 136 124 219 57 106 177 33 241 45 224 29 4 53
    129 195 99 48 129 163 168 192 180 230 124 33 118 177 55 125 204 218
    80 138 8 101 102 157 174 157 42 226 195 157 24 71 91 219 70 226 243
    53 239 165 248 191 110 135 4 58 129 61 199 162 204 10 147 187 142
    161 248 22 195 29 7 20 51 31 13 218 82 203 140 192 3 91 193 68 58
    201 52 126 158 160 211 79 237 194 165 6 210 11 151 58 103 230 152 18
    80 170 60 143 38 81 244 137 209 25 45 50 70 172 244 190 65 234 15
    122 132 152 97 67 59 165 164 62 36 128 48 49 58 240 13 83 94 250 106
    32 244 50 172 160 241 2 234 231 79 234 100 91 63 211 226 170 164 1
    175 193 251 136 138 43 101 233 248 223 149 41 15 116 211 213 135 210
    40 96 119 56 149 241 216 148 50 175 82 184 245 50 160 74 243 121 255
    114 39 104 78 253 5 30 116 16 99 200 2 189 228 172 235 189 214 107
    118 178 82 78 41 86 219 173 35 186 237 212 18 86 121 159 231 87 239
    147 246 203 213 90 230 151 56 75 84 124 163 92 118 202 20 25 32 219
    250 129 52 73 188 27 84 43 129 199 67 114 94 227 143 231 211 47 124
    35 128 49 210 118 159 134 67 62 220 202 12 40 183 213 119 203 79 109
    51 81 84 74 7 67 63 80 113 105 49 40 246 248 84 102 119 173 28 151
    84 115 184 89 216 47 3 42 68 77 201 60 11 206 55 69 86 93 131 224
    121 26 131 29 85 173 217 111 166 244 17 169 61 82 160 253 54 15 7
    225 90 150 100 137 12 60 111 78 8 115 192 0 52 196 7 207 30 101 180
    192 63 86 75 5 94 52 171 83 208 176 52 114 91 234 193 42 254 170 88
    236 55 89 143 211 13 44 211 212 15 0 163 54 145 18 118 133 249 59
    117 30 103 16 120 2 194 149 234 117 248 203 54 32 29 83 101 87 173
    133 121 68 5 236 195 125 23 213 142 221 105 40 154 22 102 105 86 0
    209 127 39 68 170 156 187 220 140 0 215 172 205 144 28 126 81 3 43
    219 66 90 48 245 42 252 144 65 214 164 71 77 177 226 201 217 32 216
    12 33 204 81 38 69 74 182 97 102 80 251 147 152 95 195 239 235 157
    129 65 160 174 119 28 122 123 26 158 102 254 105 25 73 47 240 255 55
    13 71 85 20 214 155 79 16 11 126 193 41 76 86 211 49 216 139 210 177
    82 16 199 56 73 88 180 83 158 148 53 172 118 87 158 102 100 152 10
    187 77 109 119 43 155 159 66 21 38 162 158 49 185 213 222 20 139 218
    255 253 98 84 244 97 197 241 153 250 119 147 250 8 179 246 28 198
    253 211 74 23 165 59 71 220 60 101 10 195 223 180 237 130 204 170 62
    82 87 66 170 153 25 79 120 195 151 190 115 109 193 201 239 245 0 191
    5 95 155 166 147 222 67 139 124 79 118 127 11 74 236 241 219 81 44
    48 7 178 224 60 30 134 15 12 124 150 227 197 65 219 75 242 226 44
    165 121 163 161 98 135 143 123 111 147 210 50 157 82 96 179 113 133
    161 223 139 163 170 47 248 252 249 153 142 229 216 95 179 46 129 66
    213 229 25 209 20 246 204 86 179 53 220 96 103 94 151 228 181 212
    177 216 53 139 106 202 186 220 43 136 167 226 33 142 187 162 94 215
    175 128 133 9 75 181 228 3 34 198 187 231 190 105 25 97 57 228 91
    149 124 158 8 31 85 37 250 60 251 92 56 196 30 32 15 187 7 11 172
    221 122 27 26 101 140 206 160 213 160 136 166 94 144 227 223 135 149
    87 248 191 239 147 255 242 144 81 42 254 215 161 69 201 40 101 175
    220 89 182 253 218 3 25 85 153 237 36 24 202 192 127 60 126 102 171
    253 135 120 1 181 225 196 224 10 241 241 207 115 170 22 139 253 255
    191 86 101 60 162 65 191 229 171 86 73 65 54 174 64 196 96 230 126
    28 92 96 251 159 6 85 91 104 86 198 15 189 147 82 173 0 232 42 55
    127 249 119 127 157 21 236 3 172 88 211 88 70 168 173 169 2 97 56 88
    121 206 191 179 181 81 170 143 213 129 25 156 248 2 240 204 33 98
    237 100 132 217 18 163 175 127 53 114 72 77 171 184 219 247 11 169 5
    12 74 21 167 218 178 232 160 32 73 237 27 8 128 117 117 90 225 38
    100 231 132 183 9 166 252 135 55 40 65 74 200 67 128 202 136 127 114
    57 226 248 160 108 199 67 220 229 132 113 32 8 243 198 140 139 151
    47 30 74 67 47 17 23 211 89 79 93 46 119 33 238 112 107 51 125 49
    228 9 158 22 173 25 25 127 251 154 106 171 6 232 29 179 236 25 153
    31 166 153 198 31 128 86 171 201 3 36 117 139 25 124 205 71 165 134
    103 142 3 233 88 217 31 208 105 169 232 16 3 156 67 213 8 213 27 215
    151 183 62 38 88 202 51 6 134 41 4 118 102 38 54 70 228 50 130 100
    152 0 246 240 41 210 181 82 240 10 33 229 182 219 201 59 123 181 212
    165 117 2 189 199 225 118 239 120 245 54 99 79 116 209 177 203 230
    207 121 241 116 195 72 73 85 74 35 100 237 104 27 121 177 187 19 32
    41 82 90 0 178 31 127 0 233 168 94 107 72 250 214 22 71 232 5 199
    249 113 173 22 50 191 31 251 210 113 121 169 99 151 245 251 149 207
    215 158 100 8 180 11 145 101 235 158 160 88 129 191 13 186 206 233
    72 4 238 46 97 43 102 145 171 103 37 3 25 40 161 78 212 63 1 126 52
    17 39 201 235 48 42 13 72 113 117 73 174 102 225 246 219 66 145 235
    1 202 211 235 176 83 18 176 236 228 19 244 235 142 31 219 69 43 5
    132 176 51 103 122 36 199 90 105 59 252 28 145 82 178 91 129 211 175
    112 98 154 83 195 150 41 92 81 143 252 1 27 8 152 213 208 234 164 75
    6 199 143 211 143 150 105 241 158 217 177 165 104 170 22 200 192 49
    14 229 145 177 18 112 248 121 51 164 170 135 227 2 254 144 106 204
    117 6 139 243 86 89 242 251 12 187 88 200 32 27 18 192 204 255 89
    240 2 251 228 126 4 71 148 32 196 144 74 114 140 41 185 236 70 76
    149 34 34 10 28 145 87 189 234 18 65 34 132 241 12 144 191 0 155 18
    88 25 9 110 129 201 218 95 102 209 235 83 30 79 62 46 135 235 202
    192 36 56 19 236 24 110 70 19 99 167 40 58 80 211 95 42 201 249 139
    111 137 207 158 214 238 78 88 3 118 28 170 20 26 31 239 235 113 46
    206 155 170 148 156 156 166 221 135 136 160 81 190 211 58 125 197
    121 24 31 191 239 246 246 122 163 132 74 85 239 232 142 41 42 213 47
    17 139 77 240 120 90 96 63 117 143 78 41 114 226 203 225 189 67 165
    252 71 40 31 102 207 175 66 176 72 99 144 219 186 247 172 67 236 216
    62 132 244 14 12 188 77 146 138 144 54 188 74 139 220 67 40 133 52
    158 7 32 50 68 102 2 123 79 187 251 246 85 166 254 22 71 99 177 150
    121 184 23 201 218 39 44 55 220 161 201 252 105 214 28 4 82 231 3
    193 154 179 198 109 189 36 73 63 190 50 7 79 127 252 7 169 118 132
    216 40 147 101 162 224 38 174 104 34 193 112 158 88 82 248 167 148
    181 215 180 165 122 243 45 102 88 233 169 126 37 246 157 183 80 227
    74 40 125 78 147 171 28 238 240 58 194 80 195 216 87 44 194 8 143 66
    87 114 183 44 213 39 86 92 136 182 140 61 211 12 24 215 130 167 130
    127 162 95 116 123 22 135 11 200 231 22 210 75 30 237 229 97 101 41
    150 113 28 168 169 232 23 253 172 159 132 190 232 148 175 155 23 48
    73 25 152 106 22 255 81 27 6 54 161 68 25 161 40 60 137 32 151 47
    176 129 137 65 255 80 252 84 202 54 124 27 84 187 41 101 178 34 23
    134 9 248 203 114 136 200 33 161 52 114 168 228 242 49 203 41 1 86
    138 206 153 240 111 219 61 184 90 18 232 143 152 16 249 196 128 225
    25 228 146 92 185 40 198 160 41 91 201 128 4 49 29 169 216 105 247
    81 136 209 190 209 114 193 111 156 138 110 159 42 209 174 162 205
    249 167 185 152 171 94 229 24 46 127 192 52 150 31 42 117 216 200
    237 38 187 49 187 152 115 64 80 230 210 38 119 224 125 127 175 181
    167 83 150 72 130 217 128 6 50 95 135 210 227 124 182 118 217 238
    112 165 76 109 76 149 38 7 99 137 239 250 194 204 200 45 179 52 27
    184 123 36 228 66 199 238 209 171 35 220 96 177 209 12 37 30 226 19
    216 204 6 136 250 129 235 173 129 6 229 142 50 90 220 96 230 27 92
    44 16 124 234 101 123 63 23 220 31 112 142 192 147 98 250 15 233 92
    205 216 101 64 201 135 93 51 219 164 19 142 252 116 57 17 89 59 70
    88 156 169 76 127 5 217 147 209 158 50 96 24 224 50 114 119 228 214
    229 112 129 197 4 129 116 54 202 226 243 141 157 82 191 144 197 90
    182 154 207 233 17 75 192 37 22 132 116 170 130 76 167 173 167 87
    104 228 254 18 119 72 225 154 254 122 135 91 123 159 141 226 180 180
    59 94 7 246 51 121 123 125 70 131 210 208 20 226 229 40 140 52 212
    76 225 4 185 198 163 204 252 197 129 120 212 131 23 132 163 176 237
    134 247 107 204 16 118 104 93 18 2 232 95 236 93 223 196 108 112 32
    44 87 74 59 78 93 230 67 186 129 197 124 157 249 127 159 174 177 40
    183 207 178 202 200 22 207 158 117 165 173 105 11 166 143 241 85 32
    2 232 250 26 192 25 95 61 113 0 22 157 129 10 90 116 167 129 167 131
    223 174 155 12 120 240 64 67 73 189 73 55 206 47 67 59 244 167 107
    213 77 174 171 230 197 184 4 179 10 213 205 1 207 22 124 118 210 201
    91 196 172 164 53 184 201 124 132 213 216 46 135 179 136 147 154 224
    106 196 166 73 255 5 92 62 198 163 22 207 80 142 106 50 120 180 179
    123 72 42 59 46 185 54 86 79 162 113 227 76 64 64 161 41 77 162 116
    22 10 163 163 172 2 201 173 235 20 229 108 120 116 100 78 117 215 23
    60 115 99 16 59 85 85 172 192 139 180 236 188 11 118 28 188 172 243
    171 198 218 46 177 143 192 231 87 154 21 135 165 153 172 197 138 47
    194 162 47 96 158 150 165 89 199 242 222 7 30 13 128 100 70 11 23
    196 213 113 241 137 198 177 5 220 203 145 118 225 171 49 84 7 83 194
    54 148 234 16 210 56 53 230 14 222 34 15 192 165 234 39 14 64 49 38
    78 29 217 3 255 121 11 8 69 169 28 210 208 103 92 210 113 72 177 203
    27 34 189 155 170 243 190 139 122 11 140 139 223 54 114 38 72 154
    225 187 243 8 122 114 40 101 56 252 141 252 44 189 245 121 180 124
    125 238 243 188 176 94 114 248 10 219 160 115 98 188 95 65 88 183
    213 79 201 31 77 98 242 198 47 130 65 105 174 84 100 196 193 30 142
    69 62 169 98 245 25 125 2 183 36 228 148 11 3 143 94 190 64 218 247
    37 246 3 112 195 185 203 67 98 61 104 122 38 113 171 100 245 103 129
    90 82 209 43 227 197 168 154 28 37 121 20 42 18 243 125 83 97 181 39
    98 143 72 135 28 11 232 183 48 13 112 74 228 103 160 174 14 54 188
    147 57 40 10 21 17 134 61 109 69 220 213 153 249 239 114 45 66 239
    190 20 236 119 76 163 3 14 143 42 73 56 25 245 24 141 252 14 126 233
    2 39 143 55 243 58 151 243 1 182 97 31 154 80 169 177 133 33 29 143
    173 193 28 159 196 31 96 34 234 74 145 207 222 12 145 140 77 128 142
    153 141 28 113 206 70 182 16 2 25 226 142 254 119 51 44 17 83 122
    195 172 159 242 4 235 167 28 174 124 180 175 225 236 223 3 247 157
    27 173 187 147 181 156 25 180 27 130 103 104 216 237 165 246 87 242
    219 250 16 237 229 181 146 162 219 207 80 151 196 48 21 22 114 116
    167 129 116 161 10 0 181 125 32 182 28 55 119 245 83 141 120 17 239
    226 209 106 172 102 183 200 137 77 200 15 154 96 41 163 135 71 45
    101 41 124 223 118 46 159 242 185 16 241 160 70 122 175 195 134 58
    111 4 148 141 182 36 145 157 154 67 242 42 66 209 76 201 77 6 208 42
    130 72 183 6 241 58 181 21 238 160 141 139 124 18 48 30 150 110 222
    248 70 95 164 97 226 228 210 148 90 192 13 1 185 120 99 114 92 215
    30 222 70 173 13 41 227 182 41 48 250 87 7 21 214 115 137 174 135
    154 56 223 214 157 113 20 89 7 154 188 64 213 149 9 125 254 245 130
    13 206 20 1 63 207 176 226 156 225 154 68 19 142 131 20 246 236 72
    78 142 233 234 246 85 17 91 211 233 65 158 4 19 60 247 30 84 38 11 7
    77 40 245 130 155 229 240 117 23 213 86 236 61 202 211 250 157 32
    173 117 54 68 62 158 214 102 54 206 251 70 2 80 152 153 70 105 55
    204 37 196 11 181 18 55 115 130 168 86 202 83 188 68 66 23 129 38
    176 228 238 88 18 150 107 200 112 69 232 35 197 223 214 146 4 212 58
    225 158 88 170 39 45 82 55 38 224 116 122 218 193 62 42 204 107 208
    70 141 91 255 173 159 139 191 240 14 103 85 135 21 156 23 38 8 118
    175 226 16 2 104 166 216 95 158 150 105 60 198 152 50 175 0 201 93
    12 59 63 73 225 227 51 211 227 77 141 164 26 100 79 242 231 152 199
    156 71 54 191 163 172 193 246 18 181 220 166 18 193 91 205 252 160
    124 22 233 121 71 152 109 43 21 101 220 203 28 254 250 147 31 189
    166 70 102 42 199 95 144 31 202 70 196 147 106 143 92 231 47 83 116
    95 14 97 162 151 176 135 226 134 133 54 173 86 147 105 97 36 184 59
    220 206 130 221 65 85 40 127 210 8 88 90 234 28 214 169 77 70 189
    148 106 255 56 139 94 40 82 150 254 157 245 42 103 53 248 44 37 127
    90 212 168 220 106 152 40 214 197 34 151 24 49 229 128 158 78 103
    146 0 30 80 145 57 128 179 152 57 165 137 180 177 50 96 189 177 121
    253 57 246 72 41 108 80 229 153 173 207 171 67 163 68 213 94 4 234
    155 59 210 197 136 114 86 189 83 182 247 130 184 216 54 231 113 5 60
    82 79 75 120 27 242 255 1 248 163 235 63 253 192 149 59 114 123 186
    17 81 188 219 217 128 185 136 93 202 142 214 0 110 78 3 48 192 169
    87 5 222 248 224 16 194 209 215 252 143 86 168 245 183 92 109 124
    120 75 97 46 143 27 45 187 149 29 150 62 8 210 122 212 32 56 174 120
    37 41 110 180 97 146 88 19 144 159 231 174 182 131 243 62 90 56 216
    4 101 127 110 25 159 178 34 240 167 206 56 226 0 186 24 90 178 79 68
    182 21 54 169 237 89 138 112 16 117 151 67 84 167 65 242 27 123 125
    169 8 214 18 132 6 251 212 129 79 19 242 133 232 198 67 159 41 42
    141 163 150 152 89 173 183 55 5 231 20 170 226 176 106 162 146 171
    30 183 38 188 249 73 22 25 113 70 53 188 68 65 117 218 209 14 16 135
    195 21 162 109 45 66 181 188 36 39 15 195 32 197 148 179 92 13 18
    204 165 175 167 11 200 175 248 36 191 138 54 171 64 90 164 24 146
    129 25 97 29 215 237 18 127 94 198 29 53 230 230 59 243 7 246 189
    128 204 146 39 189 221 134 92 238 194 231 148 23 55 187 83 97 111
    172 18 160 245 223 27 207 35 56 55 239 79 3 81 52 155 103 219 159
    112 108 131 241 148 173 165 12 156 33 56 146 234 69 216 220 20 206
    220 181 44 251 101 107 14 195 76 194 132 107 5 63 45 184 176 160 161
    115 80 198 93 195 77 228 43 163 200 233 102 221 232 101 224 88 133
    55 247 234 134 254 10 160 194 110 175 215 197 160 159 17 156 209 10
    165 241 132 246 103 252 188 100 52 133 100 217 7 86 236 230 39 70 8
    49 93 243 250 8 154 160 89 145 1 41 55 21 233 205 52 197 155 214 154
    152 209 78 107 142 53 176 22 129 238 152 45 16 134 244 171 243 221
    140 241 16 26 226 150 193 122 21 41 206 211 30 169 37 235 165 94 165
    59 133 54 177 78 168 136 147 23 111 119 67 167 38 90 0 163 127 253
    108 34 113 183 155 134 33 249 54 56 101 172 36 62 145 247 119 23 189
    168 94 240 208 181 56 180 224 193 205 31 144 194 230 52 98 125 136
    206 144 113 60 216 148 124 254 12 84 50 58 198 159 51 2 15 250 246
    102 236 31 45 156 19 68 8 108 49 100 197 42 177 158 70 138 25 118 41
    101 149 238 135 202 145 39 87 235 152 115 201 222 195 255 48 50 94
    184 217 153 235 114 155 212 226 96 137 240 169 106 158 27 83 42 71
    56 62 14 91 165 181 104 229 115 63 61 88 251 48 177 5 74 10 128 92
    49 152 188 161 248 213 250 133 27 3 106 193 230 187 232 250 232 223
    233 150 111 13 33 36 48 98 37 154 0 93 71 71 244 3 59 218 195 75 0
    247 101 147 235 35 249 66 148 142 99 4 205 189 100 99 84 57 10 41
    101 237 159 106 224 101 180 110 85 239 246 143 60 100 120 199 169
    251 213 175 128 52 179 6 124 98 80 38 102 16 61 248 254 113 251 77
    223 76 34 87 49 35 145 233 136 32 213 181 123 76 222 41 30 11 219 68
    43 193 214 90 254 107 113 13 12 251 201 94 51 167 246 68 146 100 195
    253 14 105 84 236 59 163 114 64 72 123 75 18 23 172 214 60 251 68 86
    24 226 201 207 172 76 226 103 209 136 80 218 82 30 58 52 6 248 224
    61 30 62 211 118 191 73 169 234 151 206 92 67 201 144 59 136 227 248
    26 246 125 241 69 183 215 214 136 169 117 172 15 99 246 133 127 91
    220 19 99 139 38 12 107 30 8 170 101 234 49 248 48 46 85 43 64 45
    174 112 249 195 18 15 5 149 16 184 126 170 31 45 147 6 171 185 40
    244 39 150 217 168 222 218 237 101 1 255 76 135 9 2 182 43 174 166
    80 211 120 241 208 48 194 74 253 46 207 113 226 78 5 130 93 94 177
    233 168 252 99 135 9 135 146 196 25 36 115 206 230 178 58 112 41 152
    70 180 198 115 133 238 65 30 135 233 208 168 69 177 8 192 165 202
    147 248 155 177 246 77 232 153 131 64 254 4 91 85 93 226 141 17 228
    29 189 173 231 34 20 56 188 235 155 1 207 77 230 181 114 137 150 218
    224 153 122 180 131 151 99 40 46 9 188 247 181 160 97 94 20 198 188
    69 2 107 107 52 103 24 178 31 103 211 146 24 193 119 146 170 249 162
    91 214 197 200 73 200 14 224 222 107 176 60 5 221 130 13 151 128 170
    153 113 137 166 234 100 74 122 113 209 2 179 203 58 128 142 198 218
    74 245 96 159 112 184 1 154 133 232 129 44 224 80 17 160 49 167 60 5
    115 227 77 225 105 105 97 82 198 246 227 102 178 249 242 7 236 231
    161 140 251 172 204 213 186 125 8 195 236 14 13 215 143 93 124 124
    116 218 196 83 239 177 110 1 209 209 46 128 85 156 202 56 177 18 151
    223 49 133 194 112 179 221 251 184 132 62 248 4 122 73 189 39 88 196
    166 10 147 233 162 160 28 42 50 52 155 17 232 136 99 38 162 199 255
    127 77 96 73 32 222 4 46 106 131 30 159 83 60 185 55 158 105 74 170
    193 120 171 177 12 155 6 149 98 205 117 212 79 56 168 230 60 122 208
    65 135 13 218 69 117 254 202 105 92 184 220 220 251 159 37 225 42
    211 71 181 252 175 33 93 56 203 45 201 254 73 120 46 228 74 232 93
    43 34 53 251 185 63 239 199 150 180 29 47 210 86 202 214 175 11 217
    158 213 84 89 92 130 71 192 249 248 120 181 255 230 189 22 34 195
    122 228 163 94 173 113 1 59 11 140 93 202 188 187 188 108 82 196 121
    83 150 35 77 131 78 7 163 88 77 176 182 93 127 139 55 160 247 190 62
    116 112 117 115 176 201 119 54 98 76 243 5 196 105 250 66 212 24 176
    97 71 32 154 167 244 127 180 62 146 42 27 192 86 130 66 41 155 59
    116 114 166 234 190 102 28 77 10 214 36 59 191 213 114 53 194 138
    128 90 149 236 64 136 227 203 116 86 191 97 102 36 43 60 164 109 166
    44 144 101 155 48 18 240 20 168 35 234 56 93 29 149 95 208 6 66 239
    62 211 22 107 213 110 218 246 2 84 168 35 180 200 238 8 163 88 209
    151 4 8 59 164 70 65 156 170 144 120 212 150 81 3 206 223 153 161
    134 68 121 120 110 147 235 227 33 155 28 78 67 120 63 31 41 169 56
    144 208 175 5 3 189 231 64 161 69 102 152 136 140 123 218 228 228
    108 57 250 229 190 98 133 95 154 174 42 140 116 62 183 127 104 90
    199 32 18 228 48 219 6 28 83 40 2 13 29 65 72 199 194 17 193 228 136
    14 102 169 135 214 230 70 1 102 120 65 26 141 38 117 202 105 245 164
    100 154 207 131 154 74 99 237 170 56 114 183 47 236 104 222 207 121
    228 156 193 133 165 213 119 11 212 213 156 183 45 68 28 221 136 118
    152 162 219 90 173 17 207 50 121 220 154 89 119 149 91 14 2 17 142
    97 247 182 138 237 211 114 143 153 134 71 72 9 47 154 94 79 129 132
    227 49 100 92 215 207 143 10 33 52 127 206 28 187 125 24 201 126 103
    73 246 239 20 169 114 97 156 46 123 10 207 90 185 2 156 134 118 180
    187 210 183 37 177 13 177 66 228 102 88 14 139 57 6 50 105 49 157 59
    187 243 152 47 235 224 14 95 89 159 140 167 205 151 50 184 205 235
    154 88 199 27 79 177 156 15 186 120 17 122 162 78 72 123 206 222 120
    135 182 240 32 229 27 108 136 192 254 78 248 231 181 36 117 81 114
    106 66 189 91 229 205 4 61 90 169 32 26 196 46 22 191 220 187 133
    134 72 56 80 13 194 231 16 167 254 21 240 21 59 212 101 207 46 31
    216 242 176 1 240 21 56 160 212 129 96 218 81 15 132 200 43 124 199
    247 151 15 214 203 35 155 211 204 2 112 137 176 175 219 204 82 119
    28 55 184 234 22 189 27 140 99 120 59 239 19 141 27 104 142 180 75
    192 69 111 174 45 162 251 75 50 185 197 113 98 39 84 53 233 38 246
    175 152 90 183 143 72 89 60 187 76 138 247 234 191 157 107 70 66 2
    16 28 32 77 7 12 60 216 50 97 130 179 9 216 171 155 11 172 139 25 59
    254 166 152 58 97 33 92 180 204 52 51 20 193 220 132 228 26 222 164
    173 249 5 84 64 164 60 65 90 194 29 189 203 75 187 40 178 30 249 11
    59 144 231 243 250 191 243 197 213 229 205 89 222 126 76 201 188 129
    196 17 243 183 80 128 104 236 81 248 196 107 165 203 231 218 43 67
    235 142 177 1 6 148 44 208 9 136 26 158 65 134 186 107 5 59 132 242
    213 155 175 98 220 154 182 96 244 174 219 0 232 9 18 201 241 34 118
    5 61 211 106 186 107 163 43 177 57 104 1 96 210 65 49 213 168 234 39
    96 237 163 98 127 155 136 208 107 106 96 165 28 130 120 97 229 66 72
    46 91 12 145 109 12 35 184 190 133 167 242 82 63 149 239 222 141 205
    3 111 76 218 133 212 251 22 1 213 112 65 201 91 80 170 72 211 142 72
    101 29 41 117 216 136 48 212 91 183 149 109 40 233 233 66 110 191
    105 157 158 47 30 248 138 97 31 190 240 218 130 49 37 215 52 163 230
    188 97 201 140 236 187 148 109 237 141 21 52 78 106 80 78 254 23 244
    19 254 116 67 112 244 51 188 102 230 136 90 97 96 13 180 180 80 117
    60 89 77 176 165 235 14 84 34 153 71 142 205 101 229 47 5 216 191
    196 204 117 181 15 145 14 163 37 132 82 235 163 244 140 21 187 203
    107 90 83 41 234 151 29 135 60 104 144 243 16 102 189 165 94 96 254
    65 71 162 14 91 67 144 203 46 167 68 135 77 122 13 79 49 142 241 128
    75 34 36 54 2 71 43 172 35 245 36 20 106 170 207 246 129 112 162 166
    183 145 239 234 148 21 85 152 202 84 233 109 171 146 85 168 195 28
    186 213 226 28 158 241 45 190 55 112 32 212 24 64 158 114 178 187
    147 128 85 218 78 55 64 90 29 55 208 91 110 236 25 27 115 55 140 45
    102 118 128 40 212 46 19 98 67 74 78 77 165 173 94 217 143 147 107
    249 50 155 62 3 223 94 162 233 184 101 14 79 112 70 189 210 11 150
    219 143 198 167 170 234 200 119 198 206 32 115 218 241 32 86 113 10
    27 63 35 89 108 73 141 214 130 217 237 12 251 195 115 195 13 87 158
    214 119 248 148 95 250 65 79 149 27 61 210 68 61 148 70 192 241 22
    213 163 198 19 245 165 200 86 209 142 124 62 227 68 175 141 12 157
    241 104 38 166 132 88 175 59 141 218 174 109 128 181 236 129 47 35
    76 178 46 8 35 23 153 3 192 179 121 249 250 119 1 15 93 9 230 207 7
    120 11 137 98 184 48 229 242 36 56 160 187 249 72 94 230 33 208 31
    89 79 69 62 216 5 37 26 116 82 63 67 107 107 66 225 167 145 173 212
    19 100 164 232 214 15 9 128 196 59 189 152 195 156 229 54 45 172 177
    0 94 40 213 232 117 56 190 134 53 153 214 241 180 30 86 254 210 148
    12 22 138 109 91 192 48 75 70 153 232 178 42 231 127 193 148 230 55
    70 15 15 106 54 226 237 191 164 145 232 223 87 21 226 32 89 56 159
    24 131 199 204 190 105 203 68 190 150 44 54 137 116 129 199 80 36 95
    117 15 42 233 145 150 172 225 49 111 193 246 142 93 116 33 85 14 244
    211 136 113 111 168 65 240 66 43 29 48 219 78 23 167 65 241 244 72
    79 131 228 139 78 8 229 244 155 127 2 70 53 112 17 48 100 162 1 216
    126 207 21 23 53 230 144 71 97 85 29 234 37 240 110 189 242 175 6 93
    227 72 249 168 21 127 254 50 38 107 28 171 244 12 89 12 134 195 118
    33 122 200 51 54 90 89 6 203 112 225 130 196 10 138 187 9 5 181 186
    78 215 23 247 180 42 113 32 18 142 215 217 121 44 64 100 174 73 186
    184 117 40 206 84 66 8 160 9 81 143 236 141 69 86 238 204 167 92 71
    201 8 213 112 209 128 98 241 192 43 131 30 235 38 94 153 166 6 38
    192 176 163 161 61 3 223 65 109 80 184 81 195 165 0 27 129 172 92 80
    58 240 66 128 70 125 183 129 140 145 55 39 43 179 178 244 134 43 225
    143 114 57 228 37 178 22 181 219 109 50 102 199 206 243 94 37 49 144
    12 127 237 209 140 234 47 123 53 91 153 123 189 250 194 99 76 13 243
    144 115 127 20 238 67 204 242 139 60 178 213 111 30 7 192 134 177
    150 21 195 50 186 88 8 185 211 243 162 171 213 5 3 213 7 245 58 235
    19 243 87 224 160 51 56 228 42 164 21 52 199 155 249 90 73 231 120
    101 98 153 89 179 229 35 85 185 248 42 123 133 29 244 45 95 182 30
    198 41 186 170 179 122 239 222 82 162 105 145 64 63 67 194 0 143 216
    181 250 212 35 199 241 208 159 236 152 97 118 176 57 1 59 214 44 119
    236 95 78 224 228 244 204 192 229 51 85 200 54 224 182 30 219 200
    103 43 166 77 104 136 101 132 11 192 155 12 200 229 113 36 16 83 193
    208 90 203 243 254 81 184 190 66 203 211 228 39 63 16 134 20 98 141
    181 211 127 96 201 73 130 46 188 86 170 113 225 210 143 245 180 104
    195 129 183 212 139 181 223 130 151 73 109 195 116 100 204 200 82 11
    227 184 128 224 36 2 95 255 11 75 26 248 174 116 100 243 243 191 116
    146 105 13 157 111 114 126 46 171 70 206 0 165 229 141 6 251 206 188
    125 186 60 139 11 227 87 160 231 109 246 78 162 119 118 209 253 153
    84 172 247 123 60 59 81 253 50 37 15 123 84 52 237 54 167 171 129
    152 215 173 206 85 153 80 25 235 113 200 4 90 173 67 125 13 241 119
    238 142 5 147 22 215 94 21 146 178 221 79 173 154 94 81 52 125 136
    185 162 203 115 134 252 195 13 201 160 147 185 10 72 194 173 70 165
    221 9 143 194 75 62 15 16 245 45 207 62 226 72 187 73 162 128 6 107
    140 92 93 145 22 142 172 150 186 126 16 114 171 89 137 199 162 218
    187 16 49 167 63 204 107 155 109 69 212 175 199 198 173 57 75 229 34
    210 147 150 108 1 193 144 107 78 175 214 14 66 224 174 182 250 238
    47 242 185 168 246 175 58 137 67 235 126 79 157 238 127 130 8 172
    255 175 112 15 8 84 10 45 132 93 215 61 135 219 188 194 202 186 118
    174 95 150 108 31 97 212 243 234 87 200 255 210 10 219 182 161 12
    117 235 107 58 101 59 80 90 52 100 156 60 65 28 60 57 140 192 11 162
    198 16 224 25 217 187 26 55 225 185 46 9 170 208 131 89 195 110 149
    139 212 152 118 190 91 71 67 209 122 7 80 161 104 118 247 17 105 80
    122 230 168 236 34 225 185 197 185 41 47 216 144 51 62 235 73 235
    113 64 31 237 133 21 29 145 13 67 33 244 167 192 37 11 29 199 207 38
    95 83 16 1 192 227 228 12 178 57 76 18 231 4 153 224 192 229 118 1
    204 18 138 109 94 43 73 238 60 237 251 192 140 90 107 95 243 131 205
    225 139 192 98 137 48 71 125 115 219 6 118 127 7 235 37 231 69 201
    177 203 34 131 232 245 221 239 175 128 6 248 122 30 176 79 252 20 52
    217 138 158 112 55 145 203 75 62 106 218 32 133 25 96 62 148 39 54
    217 72 82 84 199 131 77 119 55 178 186 42 10 221 111 117 131 241 190
    23 54 138 249 141 64 35 131 118 186 5 46 142 137 137 181 101 59 36
    222 71 145 71 214 43 60 221 107 238 93 72 11 195 188 81 131 201 174
    30 36 162 65 153 129 45 225 66 142 49 193 112 235 140 130 32 90 117
    196 132 188 232 186 89 189 252 80 176 142 63 109 214 135 130 196 126
    175 59 79 169 176 195 43 244 177 98 225 194 184 40 78 116 168 87 15
    199 61 232 159 120 22 208 25 141 220 105 221 120 30 40 142 14 249
    150 167 239 52 130 82 153 62 227 196 56 46 191 129 236 90 12 95 61
    38 138 251 70 150 93 29 23 14 235 21 223 96 196 157 175 40 68 15 11
    146 115 24 134 196 128 77 157 130 183 23 48 192 120 108 190 183 217
    209 72 148 86 30 10 77 98 201 191 251 130 164 49 202 194 211 172 120
    99 115 116 93 58 25 142 113 220 93 52 35 239 132 153 71 197 16 92
    139 244 73 254 73 89 241 183 84 83 130 44 86 23 92 183 96 113 242
    255 244 42 191 89 12 71 82 89 217 212 171 193 27 14 11 244 118 104
    86 43 105 217 118 13 85 137 149 223 100 180 236 192 62 241 109 48 17
    122 237 145 41 215 160 58 192 114 22 182 51 16 91 65 32 48 242 217
    163 167 82 67 232 42 132 148 217 34 34 122 6 23 59 84 165 135 31 21
    225 52 249 143 32 218 9 15 129 246 57 159 151 200 235 82 144 206 88
    171 13 180 50 175 194 132 247 0 67 181 164 7 132 3 245 130 62 163
    211 162 201 34 165 239 17 110 67 30 183 47 197 184 20 115 137 156 3
    1 248 169 252 28 157 75 157 236 46 157 33 226 75 229 221 248 244 131
    20 121 140 24 53 116 49 244 110 50 184 178 131 225 144 28 114 41 106
    57 160 33 238 10 189 63 91 2 202 249 82 51 1 219 213 66 76 8 16 95
    157 111 89 213 228 36 122 215 148 20 9 106 241 183 175 232 155 111
    33 46 131 36 64 60 80 230 152 57 151 253 38 201 236 174 154 215 76
    173 211 172 231 100 16 179 220 32 26 154 167 148 130 3 104 219 30
    149 144 40 13 132 117 22 62 75 49 145 244 81 15 102 185 67 34 1 224
    76 6 145 58 26 51 6 101 119 11 50 84 195 124 163 32 157 156 68 109
    219 74 136 143 110 35 32 78 226 126 54 78 73 213 146 150 112 184 6
    43 98 11 42 189 205 129 226 140 144 234 237 89 158 41 15 71 191 121
    198 72 0 231 190 219 240 80 92 136 38 82 15 71 94 25 243 62 132 199
    88 11 233 237 38 253 158 54 222 64 42 161 43 238 85 222 68 197 83
    203 139 76 229 153 207 61 239 242 52 180 108 85 197 16 79 4 18 76
    228 9 19 152 241 216 113 230 131 197 30 118 115 185 73 230 26 198
    112 255 231 59 186 102 131 43 254 133 185 53 156 135 196 11 87 167
    155 41 176 123 157 83 99 252 164 67 203 104 126 199 51 45 4 97 204
    87 165 176 81 99 177 112 63 30 145 148 237 74 38 211 191 242 220 166
    40 185 67 136 167 15 231 117 71 138 80 28 106 228 108 130 223 242 32
    54 62 130 144 38 193 98 194 181 49 9 173 176 188 159 160 60 47 81
    163 150 144 246 33 200 189 212 48 179 6 219 194 22 171 140 141 162
    158 6 21 115 42 188 228 238 191 116 162 55 117 41 40 170 44 5 88 239
    151 65 69 238 42 125 83 107 104 56 14 223 98 224 9 64 68 171 147 82
    60 105 213 152 139 208 223 213 5 124 205 118 11 142 157 71 27 72 255
    201 35 159 242 200 48 18 131 130 125 17 212 133 64 80 94 33 104 118
    62 8 237 120 46 126 134 237 229 72 162 92 44 130 55 15 29 64 42 18
    201 66 86 250 98 196 70 92 154 30 149 47 97 39 10 152 138 74 163 180
    219 194 153 207 213 55 108 93 62 233 140 94 73 14 142 0 16 181 185
    140 163 3 192 95 234 236 123 84 246 119 229 147 77 202 209 171 232
    152 203 199 36 120 203 145 239 81 3 148 51 214 2 80 114 244 6 231
    156 49 114 156 253 52 17 123 146 69 34 48 226 81 131 40 72 183 22
    163 32 64 197 41 125 68 135 79 181 113 9 134 121 43 1 132 15 212 156
    8 15 231 212 51 242 226 182 200 188 136 185 12 219 233 6 200 153 182
    240 61 156 134 163 107 48 29 230 237 41 197 119 95 139 98 181 47 215
    68 250 70 245 92 146 245 78 102 201 174 31 193 194 97 129 234 105 90
    224 235 94 138 248 212 185 128 21 113 212 19 171 111 6 151 46 52 191
    153 252 116 107 236 237 81 139 73 127 125 181 102 17 49 49 100 163
    189 173 222 196 231 100 215 69 76 189 48 98 191 189 137 40 211 205
    250 242 163 28 161 177 123 72 26 30 235 116 147 1 131 92 255 160 71
    131 132 184 133 212 137 38 94 203 58 166 97 92 114 124 148 60 66 107
    144 51 29 143 27 109 135 122 143 109 232 180 3 29 117 232 112 64 246
    25 60 215 132 123 106 152 93 99 32 56 118 189 96 215 141 78 131 249
    45 164 15 68 179 204 33 166 56 57 136 153 20 197 84 163 34 106 84
    158 76 219 23 129 208 239 249 117 98 225 223 68 76 10 109 30 13 187
    187 198 22 128 95 26 38 149 100 140 70 145 136 255 73 242 225 227
    151 15 31 68 198 185 86 224 146 200 3 23 206 219 47 2 48 157 226 85
    111 155 146 46 155 203 111 159 186 115 105 230 179 58 65 13 50 185
    187 119 0 11 28 86 237 238 116 94 33 121 202 160 17 41 120 183 10 35
    174 209 185 17 186 137 37 217 250 181 176 37 111 235 94 154 178 164
    158 89 28 114 99 103 91 41 207 10 146 190 188 66 238 68 123 249 45
    26 194 49 99 157 180 252 62 202 136 139 26 107 221 35 150 77 198 25
    251 106 113 60 189 187 144 205 80 67 97 134 36 173 219 180 138 46
    181 2 39 199 106 255 62 13 105 18 113 45 42 162 56 205 225 93 83 175
    55 91 240 239 112 1 55 183 183 159 240 48 246 168 221 62 124 244 254
    64 101 205 251 169 173 41 38 167 118 141 4 200 10 132 2 85 239 245
    148 59 194 132 45 79 137 68 163 135 203 91 96 82 250 214 191 61 70
    210 8 1 24 107 196 62 54 68 255 4 122 94 129 63 153 101 117 247 231
    47 28 135 18 52 112 175 81 193 247 1 24 3 127 152 242 230 248 23 180
    104 119 10 74 194 178 209 193 121 122 220 223 124 182 179 25 91 25
    48 98 130 164 0 238 118 155 217 86 54 66 116 4 222 199 167 17 38 99
    204 214 57 122 204 181 172 0 147 73 199 164 159 51 17 5 71 93 141 53
    250 4 251 131 162 20 47 216 251 78 171 42 4 74 164 83 86 245 102 13
    218 180 43 88 181 109 74 23 35 116 96 94 249 240 224 143 123 131 197
    124 68 61 90 80 232 236 241 117 181 73 20 133 189 113 54 249 67 35
    172 96 157 188 131 223 14 199 119 141 40 39 217 61 155 15 167 80 91
    59 174 252 252 81 93 81 250 1 101 134 162 78 34 75 24 217 240 255
    159 153 32 25 207 46 0 101 167 174 106 41 253 150 191 4 91 87 76 175
    207 97 195 10 81 59 99 62 42 149 47 235 168 165 96 56 195 196 62 252
    177 174 51 171 143 137 189 22 198 33 207 55 112 34 238 125 168 34 77
    50 63 50 224 140 122 129 120 202 29 79 105 24 141 45 47 2 131 94 212
    57 179 152 51 143 47 61 50 192 220 1 14 17 150 104 200 100 181 226
    185 141 178 243 52 240 38 134 140 206 134 181 166 37 175 47 251 52
    72 92 212 157 81 231 19 243 225 41 55 47 209 29 112 95 148 30 33 18
    46 172 22 199 149 22 95 140 56 195 44 233 197 39 37 62 10 214 108 79
    27 156 191 201 234 163 132 218 146 120 203 158 173 197 103 211 17 14
    15 59 125 255 54 220 16 135 251 15 220 68 138 119 133 100 171 69 45
    232 55 9 69 194 154 249 240 182 23 73 57 175 199 125 144 245 119 192
    44 222 14 81 151 143 247 241 37 122 246 28 21 209 155 68 3 60 50 216
    141 112 112 206 165 30 68 168 4 12 78 21 181 171 217 123 41 150 27
    178 108 65 86 196 97 37 246 108 90 37 85 91 117 178 148 73 11 81 46
    252 94 176 53 164 36 141 250 152 1 27 119 25 157 10 176 63 117 209
    79 94 208 188 171 174 42 125 94 143 100 192 207 74 225 56 39 7 61 4
    114 178 231 133 10 58 57 51 21 191 253 155 242 180 165 200 91 24 69
    122 64 90 21 104 103 124 13 255 249 37 234 247 59 254 111 195 160
    246 157 154 181 100 112 143 174 61 208 199 130 24 231 158 97 112 66
    77 225 30 4 240 229 181 100 212 186 21 97 194 110 238 237 121 112 8
    16 192 20 84 176 189 52 27 146 100 67 245 247 55 214 238 139 184 161
    39 196 159 126 16 145 132 101 244 250 0 233 245 184 147 255 16 157
    137 218 8 182 227 223 225 160 45 46 202 83 122 219 214 6 172 92 139
    223 219 248 61 21 28 197 83 10 165 210 252 130 1 191 244 155 254 51
    177 53 134 248 196 18 252 124 216 20 86 204 1 125 199 31 120 65 135
    228 44 22 243 182 214 126 129 25 113 128 46 75 6 123 7 24 49 202 63
    52 59 11 11 7 23 253 245 169 56 57 249 91 168 70 117 242 232 239 111
    79 44 188 91 25 105 121 54 179 199 126 130 194 32 14 226 184 110 129
    201 218 35 93 71 150 252 141 148 31 198 87 116 81 15 187 214 180 194
    251 103 250 152 167 134 146 75 16 77 61 29 94 219 106 153 185 139
    126 121 99 129 70 222 94 3 248 39 92 210 170 52 91 244 107 41 193 66
    46 219 217 20 73 1 83 209 220 125 236 99 63 60 9 64 63 143 15 79 223
    194 154 161 229 127 243 114 85 157 230 165 249 112 180 20 4 252 227
    60 4 82 109 132 245 175 4 189 40 80 240 87 77 241 133 143 210 199
    197 182 115 79 219 199 115 110 212 68 192 186 29 47 104 97 96 142
    133 125 183 187 91 245 128 144 238 2 89 195 160 220 78 226 145 23 53
    95 91 109 83 96 73 120 68 116 150 153 144 180 55 32 180 133 96 81 32
    198 3 232 2 197 141 150 179 146 52 1 251 145 212 116 83 255 177 218
    43 237 104 15 112 122 120 7 235 142 143 146 84 6 244 24 195 23 198
    212 116 234 28 196 157 154 172 184 63 83 88 217 42 141 58 221 27 35
    250 136 206 79 133 183 155 4 152 113 44 181 211 53 138 124 80 157
    211 166 118 207 142 9 160 11 159 153 18 11 90 103 137 129 50 154 56
    220 0 139 194 93 129 202 231 239 216 121 8 43 120 61 63 26 118 172
    128 5 224 33 54 212 157 246 172 148 94 85 140 72 170 14 205 188 241
    57 222 62 32 220 122 214 100 210 195 76 93 4 155 48 87 216 17 78 148
    77 231 167 244 225 41 197 144 213 225 131 26 108 10 74 129 181 127
    54 249 103 185 110 18 145 147 9 228 167 170 255 118 14 253 53 41 211
    112 207 198 158 130 159 80 111 99 106 203 81 76 27 101 94 188 196
    134 112 48 181 37 105 41 15 121 52 22 3 165 182 163 229 239 55 160
    21 103 17 100 248 1 20 245 139 158 156 108 19 3 75 105 229 21 30 178
    30 39 26 57 178 96 65 181 96 22 32 208 162 54 76 187 107 102 203 245
    82 150 130 212 145 124 195 41 164 16 145 40 89 202 245 207 253 229
    23 88 217 108 204 41 62 34 232 6 89 179 25 176 114 3 246 50 166 184
    195 20 21 90 82 242 229 98 91 231 57 51 39 122 7 220 183 161 205 133
    114 207 248 168 124 134 191 208 104 20 220 20 61 62 130 124 98 99
    101 184 87 200 63 71 247 88 48 187 253 108 43 116 98 72 160 244 10
    143 5 187 152 76 54 69 59 119 129 130 165 54 205 236 76 173 78 101 5
    152 108 141 162 44 128 40 9 156 70 155 205 197 150 164 157 218 103
    152 136 17 215 161 157 159 112 34 168 94 179 226 58 76 90 101 207 77
    29 175 93 169 117 60 248 83 202 76 27 36 9 99 230 222 109 188 134 7
    33 228 26 53 230 15 177 156 37 196 41 133 10 76 137 15 52 69 92 155
    126 170 58 55 198 61 227 115 180 125 12 161 161 90 198 222 113 199
    150 74 54 206 218 157 72 121 233 31 127 162 208 186 65 138 48 31 147
    232 131 176 176 173 131 170 238 86 203 126 238 55 123 48 155 154 247
    89 81 90 158 167 173 254 73 210 17 194 126 187 242 231 26 94 48 222
    30 79 154 155 50 144 119 32 198 251 160 4 105 69 221 84 106 106 208
    179 170 132 172 209 149 89 63 236 233 41 28 233 223 155 189 236 109
    84 157 216 130 192 48 146 99 215 101 178 234 31 102 209 224 145 233
    227 207 26 184 235 14 205 130 101 5 36 111 119 78 48 240 188 127 74
    19 43 246 124 8 57 49 94 247 188 31 249 115 232 112 37 190 251 46
    174 225 245 64 33 157 66 231 142 46 123 173 160 134 4 79 200 107 215
    159 234 128 240 31 104 203 213 69 126 15 148 85 154 188 128 189 145
    139 217 28 94 41 235 201 147 219 74 46 206 59 209 246 23 251 226 2
    208 130 248 229 88 38 72 202 73 55 79 92 3 95 152 84 226 119 242 221
    24 163 123 50 156 127 8 3 13 150 6 32 101 223 108 84 81 24 142 87 8
    166 193 36 182 233 164 67 212 53 65 98 113 152 33 239 158 39 90 176
    161 103 157 120 21 80 219 184 156 153 170 138 41 143 183 4 11 13 23
    165 29 193 57 63 79 247 41 12 215 208 7 86 3 248 197 26 163 184 206
    222 180 168 141 23 248 160 33 112 24 66 111 86 136 52 140 87 41 212
    19 165 221 164 206 96 232 252 74 252 20 193 179 53 216 99 67 117 127
    221 121 170 162 21 98 197 216 194 96 140 229 8 177 217 210 102 214
    135 155 161 234 200 250 150 135 6 203 159 9 203 21 183 117 168 137
    222 116 69 219 107 178 7 197 81 237 66 17 33 214 98 44 87 60 135 175
    84 189 17 116 236 89 203 6 231 179 89 25 207 9 131 194 63 156 111 80
    118 146 232 133 143 100 195 212 130 176 144 168 228 34 57 184 184
    112 75 100 82 134 118 199 196 223 2 128 29 191 77 207 35 41 55 198
    215 201 179 227 130 139 51 32 243 69 156 132 104 95 215 86 155 198
    146 105 20 216 228 62 37 129 204 231 107 158 6 1 75 19 162 30 109
    108 62 72 175 251 229 90 47 222 111 59 107 40 1 35 242 11 165 164
    111 215 144 196 56 255 241 220 148 156 139 4 15 126 174 233 99 25
    170 45 85 45 110 154 113 187 8 80 48 254 99 175 146 196 160 224 104
    111 78 108 245 238 144 148 179 225 99 105 160 58 77 65 64 5 67 62
    144 240 184 227 74 109 17 90 140 110 251 179 122 164 93 111 93 190
    209 232 25 177 176 145 20 108 79 180 49 51 25 72 235 136 176 79 222
    125 151 1 150 132 128 252 176 86 192 130 161 120 52 71 48 173 28 57
    50 202 244 181 225 39 113 47 77 195 168 21 216 197 18 242 139 28 103
    188 92 254 3 213 130 13 220 76 226 105 96 43 206 189 220 67 33 56
    200 115 189 153 116 253 210 185 203 91 227 46 71 127 136 180 202 74
    126 30 160 248 161 206 148 123 107 2 112 34 201 58 123 97 21 16 104
    199 206 67 251 179 97 127 25 52 241 118 168 228 62 114 104 4 145 65
    64 155 191 232 210 136 218 164 204 205 211 240 18 116 236 53 93 79
    22 118 33 123 189 17 89 108 166 175 64 154 129 43 95 125 203 113 222
    245 255 47 58 195 15 220 2 231 238 26 56 142 142 15 49 81 119 22 202
    18 52 135 153 0 204 208 76 29 246 236 135 220 30 15 230 234 126 121
    17 195 15 129 117 58 13 18 90 193 17 10 99 164 30 25 113 102 229 58
    236 154 190 201 178 33 140 144 253 192 241 84 239 235 129 241 166
    223 128 151 115 151 145 133 123 191 120 197 6 41 143 49 216 202 108
    244 149 105 232 249 168 168 153 228 185 149 232 141 222 217 48 107
    219 208 103 75 27 183 169 13 27 214 52 171 125 153 193 4 137 233 179
    145 135 212 170 121 39 224 95 115 133 116 2 253 146 110 196 201 17
    206 181 115 46 224 161 197 238 81 139 125 196 253 87 65 226 194 140
    97 153 110 216 99 38 1 121 103 132 33 88 79 20 51 58 178 162 192 227
    182 21 175 22 61 61 225 28 72 54 125 123 189 80 155 118 142 30 141
    32 223 239 73 96 162 96 24 138 38 228 143 231 133 106 29 44 54 83
    159 8 156 141 120 232 63 87 57 181 63 30 234 162 52 247 20 16 250
    231 49 144 160 8 199 68 11 67 80 83 96 183 118 181 174 171 247 112
    220 238 218 176 144 79 156 232 81 173 207 72 179 29 163 40 44 153
    131 168 90 20 156 242 122 207 134 171 192 142 201 255 7 229 168 183
    31 63 238 153 179 139 113 104 83 152 199 91 237 231 104 15 115 203
    28 48 243 220 11 140 72 105 93 5 245 31 227 133 160 208 185 74 230
    51 37 160 186 123 150 130 167 116 203 137 240 64 202 11 195 144 178
    173 220 234 96 106 249 62 48 55 65 251 171 238 196 90 101 215 183 11
    189 185 90 191 210 87 63 104 126 233 172 87 235 5 38 54 217 83 160
    67 132 111 153 179 0 119 46 237 69 194 254 50 44 3 15 16 88 144 23 8
    107 48 248 66 241 25 153 50 78 58 67 74 110 73 111 0 14 236 211 247
    60 141 110 74 13 98 6 123 85 98 139 71 121 91 176 180 247 27 107 66
    145 50 0 221 207 65 167 223 158 136 59 251 156 216 235 93 74 171 254
    65 28 10 122 66 60 70 144 167 227 161 6 0 61 93 55 242 218 169 65
    233 43 140 199 104 160 120 198 75 175 215 97 203 217 33 199 173 46
    98 126 29 211 143 189 104 222 243 140 79 44 243 3 23 110 194 41 50
    191 168 53 155 127 84 0 144 175 211 115 42 124 235 23 159 215 222
    174 179 245 105 49 94 255 199 112 227 53 158 215 26 144 63 51 146 86
    178 12 198 27 18 102 102 144 124 175 213 230 201 194 192 130 190 128
    42 46 37 158 255 122 124 23 4 152 137 244 7 228 235 34 1 117 64 105
    129 31 224 238 247 158 191 31 189 254 98 166 210 136 173 175 182 167
    183 181 83 139 45 95 54 115 76 182 28 18 32 182 11 188 236 201 83
    195 72 15 202 15 157 249 238 1 198 30 208 18 27 194 161 156 92 76 69
    171 9 12 196 255 163 125 156 34 57 49 213 169 215 34 244 138 64 22
    156 86 23 136 50 191 95 221 63 28 244 173 227 8 162 4 155 175 80 152
    85 235 178 138 56 241 157 113 219 191 187 167 15 83 153 245 138 117
    116 126 154 77 32 133 119 183 203 116 71 113 73 71 211 38 104 73 162
    233 216 1 208 108 63 108 136 170 126 10 54 128 85 133 139 50 99 45
    66 146 236 187 131 146 14 238 185 23 179 155 216 135 139 76 187 226
    31 56 219 75 44 196 194 112 98 212 219 233 108 203 46 199 137 147
    217 114 254 100 107 104 211 98 33 246 231 89 180 165 50 33 86 14 138
    96 49 26 75 32 32 158 188 149 153 77 181 211 129 255 241 67 188 236
    77 227 180 53 191 167 123 122 244 242 200 30 218 247 159 138 61 71
    153 147 124 170 249 48 174 165 83 26 88 192 166 229 181 24 21 36 73
    93 158 220 240 62 55 172 17 80 127 234 219 220 30 56 44 183 231 133
    251 246 34 193 20 88 127 130 94 222 62 32 211 182 32 218 155 160 44
    177 154 234 132 175 33 210 159 217 44 49 212 166 206 165 42 32 114 2
    66 191 4 118 197 40 195 117 205 152 80 101 23 119 226 196 244 181
    206 61 205 154 104 64 15 225 85 228 53 224 137 74 145 252 141 157
    162 246 46 248 229 215 220 21 114 240 35 44 105 213 164 80 244 175
    156 76 9 226 105 145 1 18 14 67 83 171 196 2 23 6 99 252 86 87 145
    241 68 23 92 103 125 209 148 42 19 84 209 64 200 87 168 189 217 155
    152 27 81 12 140 98 96 122 237 156 69 250 201 116 102 95 212 178 82
    193 138 216 17 71 198 206 221 98 101 136 69 155 23 190 48 189 54 32
    165 227 114 52 168 180 93 119 168 79 186 78 208 105 45 238 153 141
    57 180 205 170 159 67 18 84 129 178 159 170 145 94 138 163 230 184
    29 73 235 180 218 72 231 215 61 225 75 173 103 231 113 116 241 73 85
    251 170 67 39 232 126 61 66 139 243 165 127 33 62 27 1 114 143 254
    81 198 90 139 99 16 6 201 61 94 18 170 133 235 27 203 206 137 210 45
    168 98 43 116 154 32 160 132 53 159 105 193 94 173 88 109 185 85 50
    6 78 223 173 111 224 46 90 36 18 140 18 65 95 204 146 194 36 205 63
    241 202 82 93 49 168 228 80 254 212 135 204 108 22 160 77 28 223 214
    219 62 217 214 1 125 13 216 131 236 116 51 31 118 199 39 4 157 255
    251 15 194 67 92 23 103 192 12 68 104 131 231 206 234 141 113 245
    117 139 138 229 243 120 37 35 126 191 160 231 233 53 108 136 199 73
    7 10 105 114 20 170 63 158 155 118 32 119 181 110 188 38 12 68 60
    108 19 111 47 13 94 222 112 2 13 65 82 148 165 131 239 54 22 92 179
    146 150 188 77 70 246 115 35 22 162 96 241 176 244 63 34 15 0 129
    179 158 61 247 146 107 236 111 66 147 132 165 69 5 231 85 3 78 140
    118 79 71 176 81 13 156 220 227 146 30 97 133 82 202 129 151 82 185
    212 215 193 50 19 80 235 34 43 212 13 171 171 133 8 8 204 25 251 206
    170 36 199 49 128 173 129 115 201 133 238 139 135 46 135 201 182 189
    48 233 106 166 123 184 34 115 102 140 88 28 202 18 129 38 169 166
    129 214 118 112 113 101 244 188 248 161 164 192 52 199 84 4 252 19
    244 20 93 111 122 68 42 244 13 154 37 88 181 114 3 106 170 186 131
    97 160 159 248 198 57 222 96 146 6 216 177 214 251 215 232 176 231
    242 148 19 0 49 39 152 139 14 120 59 104 246 16 144 180 223 54 205
    165 115 167 53 14 76 222 238 139 227 145 199 57 35 137 197 197 41
    136 100 253 147 129 116 192 107 10 142 211 213 77 137 36 55 101 7
    211 121 72 101 110 61 10 102 85 58 113 2 212 85 217 247 153 161 56
    60 126 100 179 45 181 108 70 46 64 88 166 79 11 225 63 85 172 233
    119 95 110 162 11 142 28 176 234 241 67 38 232 53 146 168 241 30 194
    73 213 201 82 172 154 146 58 10 149 38 252 247 54 103 91 19 122 150
    63 193 188 101 120 110 135 32 181 196 50 119 0 239 35 42 43 8 107
    207 91 49 201 81 13 42 122 22 122 211 138 95 67 90 6 188 156 148 74
    72 215 215 26 19 176 185 135 204 247 12 243 190 15 39 161 178 213 15
    66 42 237 85 87 29 52 120 241 209 29 173 42 166 57 226 85 124 184 93
    0 151 148 205 27 211 20 2 112 137 115 5 209 94 62 57 217 205 210 45
    211 141 192 103 67 179 186 255 136 35 183 154 218 42 89 84 221 179
    187 24 185 193 17 59 59 18 31 41 50 91 16 125 43 46 22 63 111 62 148
    136 237 120 109 204 15 206 206 48 195 132 177 229 3 6 152 98 71 61
    189 229 39 137 43 100 86 178 197 139 142 87 23 62 222 202 64 23 66
    195 211 47 12 173 146 214 61 99 251 126 33 176 72 129 107 157 53 244
    181 244 171 40 62 246 180 147 137 63 254 144 147 87 115 230 244 120
    38 29 233 225 203 7 6 107 239 146 70 241 198 129 45 208 201 191 168
    100 79 218 24 229 89 122 114 50 182 255 216 111 83 195 18 184 162
    163 39 88 97 203 49 173 43 175 243 95 246 151 202 103 101 229 67 121
    43 251 221 174 135 61 250 153 223 243 92 95 120 79 34 77 181 43 20
    115 87 10 8 176 57 21 81 63 83 63 26 240 64 204 86 194 49 155 245 84
    84 55 31 178 239 156 172 87 135 230 249 0 180 35 39 134 59 86 148
    138 108 81 192 169 223 245 245 48 151 46 46 54 143 156 117 232 11
    146 222 211 248 115 76 211 232 130 81 105 248 54 205 102 79 24 111
    141 156 193 222 99 179 136 29 90 2 22 234 93 163 142 136 227 160 161
    173 15 16 209 77 101 255 112 7 15 213 126 250 175 110 65 211 91 228
    85 70 157 206 234 29 180 104 234 45 140 147 244 178 89 91 151 174
    213 58 173 186 155 134 61 196 230 60 160 114 114 132 181 252 58 223
    132 136 2 145 216 203 216 245 105 218 18 104 10 8 113 193 225 54 232
    83 59 141 63 73 20 17 252 170 147 26 103 3 120 105 73 153 31 64 124
    152 192 144 236 101 48 7 86 170 192 64 202 147 136 75 94 145 253 17
    173 10 128 226 241 106 38 167 228 127 206 7 161 197 184 36 6 246 213
    133 93 5 150 119 102 150 154 155 93 67 68 35 147 225 126 9 114 133
    144 125 224 144 131 27 43 97 13 21 13 177 92 171 19 30 180 200 93
    191 131 243 189 159 169 104 102 65 13 3 248 60 103 140 124 226 153
    172 161 147 67 165 87 215 185 138 251 112 52 48 210 220 8 166 53 147
    42 224 103 241 163 107 213 2 124 164 43 244 188 212 147 7 228 191 21
    222 78 193 131 54 54 198 116 14 228 194 93 5 65 125 40 92 125 48 56
    18 215 70 19 209 63 219 185 103 183 94 75 180 105 51 49 44 40 69 122
    206 146 198 55 73 171 202 31 132 25 53 179 67 64 65 207 187 59 171
    186 204 45 201 38 49 200 201 234 203 67 248 21 91 195 140 24 212 196
    190 181 171 29 140 199 157 24 69 160 142 210 91 227 102 194 95 96
    132 73 126 79 85 140 77 70 95 96 77 234 240 8 216 22 108 34 42 6 226
    12 176 183 237 62 116 99 32 36 83 157 75 6 137 144 64 191 205 111 60
    192 231 139 129 182 147 241 108 42 195 248 212 85 222 43 166 255 70
    34 82 110 7 176 152 73 95 119 189 112 73 138 79 92 188 23 224 138
    152 138 182 102 206 171 205 124 248 164 197 164 5 127 146 48 101 41
    219 70 215 158 134 188 216 52 78 16 97 176 118 217 137 51 135 212
    142 209 205 207 247 178 29 166 179 89 170 21 241 160 122 213 157 224
    88 235 207 36 252 189 154 220 62 105 58 122 229 157 41 41 144 147
    145 221 192 245 26 236 254 188 50 247 248 47 136 190 229 35 157 25
    165 17 35 43 205 17 163 135 107 160 136 127 7 52 60 119 164 172 221
    1 193 2 104 156 15 244 110 252 91 210 19 244 243 101 78 20 149 151
    249 135 188 132 186 142 55 89 189 2 219 200 214 27 164 165 157 190
    156 219 145 39 25 211 219 215 237 2 191 194 93 43 61 155 209 235 228
    56 73 187 27 215 165 102 165 38 236 241 90 100 80 132 169 101 177 14
    203 247 35 106 193 172 111 191 128 130 151 140 230 46 134 236 21 93
    80 4 200 79 170 100 111 97 232 49 123 165 176 180 176 129 143 112
    143 254 73 254 21 35 173 38 3 35 22 104 173 212 165 75 100 109 59
    105 3 83 151 44 109 7 204 254 42 20 232 113 158 197 71 208 227 217
    144 4 141 101 193 130 0 243 243 127 142 56 76 162 125 33 223 199 55
    172 207 11 212 164 16 49 203 135 4 86 175 20 58 95 199 43 191 32 242
    130 182 31 148 1 20 155 209 244 144 173 156 42 39 36 21 101 181 211
    185 246 102 198 177 83 66 78 6 151 232 133 233 217 218 115 115 24 3
    3 70 32 57 45 89 19 220 159 75 182 213 128 173 231 81 205 202 226 76
    202 234 40 133 233 7 170 200 35 6 43 195 129 45 65 112 20 171 37 127
    85 90 104 111 131 95 57 195 104 17 115 165 60 209 33 188 136 208 112
    171 29 21 244 26 61 199 21 98 85 128 12 123 240 113 125 212 228 219
    165 61 233 229 173 87 202 6 211 52 85 142 154 92 68 241 56 245 102
    96 15 51 152 23 199 103 221 61 210 75 162 114 40 250 84 146 77 217
    16 83 223 209 138 98 129 83 3 135 163 7 186 115 80 252 65 194 19 170
    15 35 144 3 111 108 206 174 38 173 196 226 244 182 129 0 103 47 196
    112 97 120 213 184 157 48 29 203 202 45 208 250 191 121 131 7 22 101
    112 20 17 175 46 123 40 91 135 126 77 193 213 239 147 200 191 172
    100 36 206 150 62 168 64 24 192 150 21 253 199 199 232 108 9 87 190
    45 79 90 235 241 240 203 234 100 95 173 177 88 26 245 57 65 2 183
    116 205 4 56 19 98 167 172 161 179 118 58 73 46 38 4 179 129 12 66
    213 77 184 193 152 225 195 150 163 26 39 36 114 42 36 145 222 147
    240 172 215 153 245 202 193 8 179 179 136 40 176 37 96 28 72 0 243
    55 246 5 214 21 84 160 117 156 44 125 113 131 131 152 99 11 41 27
    146 229 67 56 88 234 178 125 79 228 212 59 196 234 240 219 94 5 116
    162 122 104 5 110 94 225 43 231 199 162 176 240 84 16 254 108 143
    213 79 208 24 193 150 130 15 190 120 245 68 154 138 20 117 18 216 43
    19 83 74 60 194 196 56 29 172 163 131 174 154 35 26 189 123 174 234
    26 227 134 73 158 16 17 0 210 160 70 8 135 10 178 166 166 22 70 196
    252 212 254 201 247 68 170 184 214 24 252 19 132 102 48 101 253 55
    102 217 64 248 7 71 0 77 225 197 239 80 117 19 238 215 149 83 26 241
    203 252 104 84 168 148 158 173 243 97 225 194 178 105 216 240 179
    142 28 73 210 20 231 85 194 202 167 142 217 18 2 159 97 134 27 105
    19 36 27 100 92 114 156 22 243 31 13 8 135 96 152 190 145 175 79 240
    104 189 131 153 185 80 5 55 135 84 209 222 17 72 113 114 68 89 140
    83 160 220 182 208 150 36 219 122 86 67 4 167 67 154 129 133 131 107
    42 214 26 120 239 163 118 222 224 144 80 230 210 76 6 166 123 73 249
    34 2 166 107 163 36 106 207 239 240 208 122 49 5 73 53 65 249 3 136
    39 206 54 92 150 169 91 211 187 142 127 25 235 5 40 104 181 254 104
    193 242 129 37 148 221 67 211 112 16 34 139 118 2 30 244 190 45 21
    150 162 199 255 75 235 31 153 132 236 186 218 49 31 189 125 169 104
    157 5 2 202 36 11 97 139 126 85 217 90 133 150 183 57 166 89 53 123
    207 214 146 137 186 161 57 5 185 143 249 255 26 72 236 29 177 3 188
    113 125 230 88 164 186 164 168 11 3 46 111 5 182 55 46 123 37 156
    104 186 113 174 6 121 138 2 75 106 217 231 59 238 132 245 121 38 171
    168 54 221 108 100 193 22 166 105 123 218 42 78 152 40 226 242 96 60
    189 123 178 182 228 202 226 238 97 61 152 136 146 195 52 48 122 103
    20 95 220 69 149 112 164 29 48 205 95 16 224 55 166 203 111 171 26
    12 40 18 35 71 227 2 249 154 155 124 176 60 22 105 129 7 124 156 245
    189 101 74 231 16 121 239 221 249 65 101 114 205 207 245 235 24 208
    87 113 6 247 159 189 73 26 42 77 226 44 168 51 130 11 95 84 238 110
    63 4 122 86 195 224 123 15 55 206 154 14 93 42 88 134 38 52 224 234
    49 104 141 8 122 95 163 4 208 3 159 19 158 0 95 183 150 7 220 48 199
    189 66 223 44 159 89 51 93 43 98 78 193 49 73 252 7 23 155 171 22
    251 84 21 186 12 62 115 172 8 206 229 230 127 123 217 254 111 187
    105 91 23 9 16 21 221 79 114 227 136 85 41 235 205 253 183 212 4 118
    211 103 154 17 41 142 141 205 253 88 170 138 245 87 168 16 89 138 89
    68 143 7 14 160 22 67 241 83 142 89 253 1 99 235 223 248 189 103 17
    40 205 175 165 220 74 237 194 179 85 7 142 82 182 128 158 250 26 113
    207 98 171 19 69 13 135 82 52 26 118 162 12 102 146 39 197 67 173
    131 228 115 212 209 35 39 234 63 25 213 94 97 62 167 62 97 222 124
    205 157 186 128 63 202 217 24 15 236 13 124 185 40 159 242 83 86 202
    188 185 186 252 48 176 152 174 136 233 252 174 30 221 247 133 88 147
    67 58 121 19 48 109 163 113 175 22 78 21 203 4 22 147 93 157 84 45
    153 220 173 222 200 250 181 156 115 180 62 206 217 157 127 182 130
    229 109 83 1 14 3 222 178 13 175 58 91 190 188 229 113 150 63 119 38
    78 64 156 2 224 184 119 15 130 220 211 104 159 178 138 73 133 169 70
    229 209 160 92 31 122 84 147 245 124 250 219 169 241 68 29 103 236
    13 212 108 26 178 188 178 202 98 45 98 3 8 3 16 249 191 40 12 110
    177 162 193 0 245 212 192 213 31 214 233 172 169 21 217 183 121 139
    31 214 66 16 58 205 75 188 111 56 94 108 166 47 106 205 68 42 131 9
    107 173 101 38 22 147 151 48 188 66 115 43 239 45 178 0 41 163 172
    238 55 3 155 245 7 188 71 132 142 8 104 228 135 126 151 82 135 124
    143 152 21 72 19 48 202 182 188 254 16 215 99 200 177 122 7 212 90
    148 158 152 62 88 82 201 53 214 152 16 181 123 19 147 158 255 60 33
    181 96 189 105 146 24 146 162 230 15 173 187 162 89 40 153 237 69 25
    75 70 101 223 22 192 26 241 77 111 95 49 244 188 133 187 241 106 56
    27 236 93 182 96 60 84 235 36 160 27 81 171 12 18 7 255 119 86 86
    105 137 100 102 7 30 161 189 190 160 235 69 134 202 2 49 254 78 53
    233 195 38 170 105 123 79 197 65 28 171 45 253 23 241 159 8 217 61
    167 194 187 105 55 192 174 168 212 217 57 39 193 140 62 134 249 227
    104 48 105 8 183 72 126 136 47 152 62 96 41 65 57 119 171 222 218
    234 4 208 90 184 150 218 183 70 12 43 102 170 212 240 42 167 12 143
    56 108 3 56 150 143 123 239 53 205 149 255 57 130 123 170 196 136 14
    168 41 0 3 93 176 141 60 48 193 136 170 5 93 149 209 249 69 104 84
    174 157 165 218 230 92 30 70 21 39 189 251 106 108 170 53 241 204
    200 82 37 151 114 254 108 60 79 155 71 35 200 42 229 12 138 30 237
    137 56 194 137 86 124 26 5 57 96 222 223 43 185 223 168 58 184 4 48
    10 44 118 221 153 12 172 14 102 249 255 67 53 126 198 227 249 60 139
    81 245 92 44 30 116 116 12 221 44 219 83 153 29 96 55 209 105 43 39
    234 199 191 9 125 14 95 148 132 27 136 64 252 241 81 93 246 188 95
    65 77 1 217 190 234 194 82 137 163 149 67 191 175 14 201 219 108 20
    18 53 244 193 79 140 76 151 161 161 197 78 150 49 144 210 140 231 27
    205 115 2 70 53 6 99 225 240 114 51 60 244 9 21 227 212 126 24 15
    244 139 97 130 68 75 158 176 174 4 117 1 255 140 120 177 219 215 102
    73 120 217 123 150 129 180 165 209 104 45 243 58 208 109 243 15 196
    230 83 130 29 149 56 67 193 150 100 202 236 251 232 32 81 170 221
    197 72 212 94 245 231 221 99 255 239 158 128 234 175 157 245 130 46
    128 10 83 170 41 75 232 134 26 105 101 246 47 153 211 103 239 104 1
    12 250 55 34 195 105 52 38 221 61 30 211 196 29 138 103 180 135 221
    116 234 88 213 101 85 130 161 126 91 219 96 53 141 147 205 40 127 86
    141 51 71 191 202 36 75 157 90 228 91 171 128 119 147 53 32 158 164
    45 9 173 104 143 180 3 123 142 230 170 153 247 247 17 220 129 208
    100 110 209 237 184 105 172 28 173 14 132 246 178 153 54 3 10 207
    108 111 247 164 228 20 26 246 143 137 45 87 116 224 208 84 186 83 11
    8 236 140 215 206 58 188 203 197 217 207 153 206 123 97 152 171 240
    136 67 143 178 68 14 144 168 106 218 7 91 160 208 80 171 253 43 124
    161 39 68 64 229 43 5 15 249 53 218 121 85 33 61 180 114 188 91 176
    132 75 75 220 132 136 165 217 17 222 93 210 218 127 200 117 33 82
    235 149 14 94 74 124 5 45 26 228 178 130 48 109 65 199 111 125 85
    243 76 139 98 184 169 230 98 35 34 124 116 207 207 145 60 197 67 245
    221 83 21 1 69 31 125 243 155 213 2 113 86 201 249 39 182 217 94 114
    23 196 115 48 101 194 235 161 36 204 57 93 99 97 20 184 235 41 57 76
    193 214 199 192 180 70 68 235 213 178 63 25 163 192 52 221 14 133 39
    115 185 124 243 236 102 54 240 195 102 30 76 165 154 218 213 237 37
    195 20 154 219 253 3 209 82 223 162 235 248 13 151 96 70 148 213 196
    207 28 147 243 111 209 179 197 174 238 135 65 109 195 37 45 73 178
    107 77 238 244 229 111 119 27 89 110 206 145 229 59 70 1 14 251 166
    88 89 147 74 99 19 227 195 136 64 12 109 194 152 219 94 76 220 35
    146 177 55 72 198 176 140 161 102 79 157 78 222 105 19 228 92 46 131
    251 74 171 220 243 99 170 247 167 116 24 104 25 135 84 243 70 105
    164 13 141 81 82 193 59 93 174 25 91 18 218 67 184 46 234 192 226 9
    75 26 90 106 113 37 187 41 52 200 186 22 129 143 251 235 190 16 28
    223 164 66 42 165 217 116 34 234 85 81 25 18 148 102 103 190 206 63
    174 28 135 120 208 125 16 210 201 21 93 128 15 146 58 227 66 119 240
    124 101 47 26 5 254 203 92 78 65 211 247 58 79 176 92 101 138 30 109
    242 54 115 83 65 86 30 48 104 200 117 31 180 89 91 7 85 1 16 47 140
    61 49 186 231 179 208 67 204 41 32 30 217 126 98 200 137 125 132 119
    255 234 192 70 107 188 16 175 174 37 118 154 44 82 197 56 14 237 24
    245 172 226 36 84 82 52 26 227 108 82 8 163 54 154 0 91 20 86 11 171
    135 54 230 247 159 171 42 143 152 151 142 76 22 125 110 59 109 124
    87 111 158 195 253 158 80 16 106 248 150 198 80 214 222 5 194 187
    216 101 78 175 130 245 172 48 219 55 176 206 201 122 148 78 74 106
    45 53 200 16 74 200 135 41 43 140 62 44 49 237 128 57 54 195 185 28
    221 164 204 135 146 249 253 55 80 21 13 198 15 172 188 192 18 60 167
    29 98 206 23 200 166 79 157 220 175 233 212 159 15 211 175 116 51
    225 43 161 222 189 129 136 252 174 106 231 132 198 57 0 117 115 235
    244 48 200 219 96 107 30 81 120 172 118 48 148 178 134 201 208 44
    189 119 60 147 84 32 163 221 30 200 82 161 97 83 238 118 112 232 220
    232 207 183 104 173 182 228 236 234 8 179 165 10 16 191 124 49 246
    206 5 188 139 81 202 5 24 31 249 230 246 236 70 73 101 234 236 202
    78 17 208 89 237 152 203 143 249 109 130 235 155 109 87 119 205 227
    82 126 224 107 130 24 180 106 111 107 29 49 174 2 124 171 29 14 84
    16 151 92 43 92 147 123 126 127 196 128 72 15 210 236 126 174 179
    123 10 173 39 56 130 82 226 70 51 214 49 191 10 228 17 33 33 101 192
    189 102 59 208 203 181 33 54 163 181 128 85 184 48 224 236 230 234
    202 131 254 244 17 35 104 1 193 42 99 90 175 137 68 96 160 128 163 5
    190 33 219 119 114 149 213 207 111 226 106 98 20 36 153 56 133 14 75
    15 187 94 41 65 194 131 25 18 189 97 225 46 78 27 170 52 85 45 220
    76 2 121 30 217 233 211 2 70 211 169 241 132 80 78 238 28 140 6 51
    144 44 107 8 182 103 86 111 233 87 111 161 232 207 166 35 21 173 142
    109 19 79 63 135 233 199 247 11 156 187 122 183 93 168 87 248 144
    222 87 210 96 202 194 104 92 60 120 5 29 148 68 22 80 213 101 244 25
    56 192 1 60 6 90 90 172 23 100 2 222 5 2 152 41 163 76 60 151 211
    149 112 38 213 79 235 227 10 19 194 9 208 0 108 171 27 229 46 51 189
    118 78 82 172 212 32 17 230 54 171 163 183 34 33 254 200 131 119 47
    234 131 72 55 149 45 118 136 216 86 133 205 120 50 71 187 36 112 32
    76 70 165 25 179 206 204 246 175 193 218 54 245 193 214 222 66 211
    225 9 137 255 217 124 104 45 162 210 143 23 143 87 249 123 37 226
    163 111 151 99 46 180 127 176 190 48 144 143 174 203 100 24 11 122
    189 41 253 180 245 175 227 204 83 175 189 98 0 64 82 138 186 180 182
    85 5 235 238 48 102 85 145 79 99 89 65 83 37 69 164 186 84 238 254
    253 229 36 201 61 212 218 200 21 110 176 142 252 36 103 255 27 37
    183 161 19 13 209 101 83 82 183 14 191 10 40 133 5 133 254 106 249
    227 188 176 158 65 146 173 225 105 91 56 128 207 51 60 223 29 107
    170 196 128 254 176 226 202 58 139 173 178 1 182 162 79 192 219 64
    120 171 45 253 40 12 133 62 220 223 64 152 77 49 223 124 189 63 96
    126 97 183 2 105 29 53 113 186 19 236 237 159 47 103 15 119 245 74
    40 35 98 19 79 50 246 100 203 98 79 35 80 221 42 110 7 59 48 250 214
    208 67 38 52 150 175 95 214 37 217 31 25 7 145 52 100 49 114 57 207
    28 37 162 66 6 61 134 89 222 71 239 125 117 222 149 138 204 235 203
    239 248 153 190 103 18 216 141 207 231 187 33 247 139 121 25 130 95
    95 218 111 15 91 243 207 253 153 224 152 111 24 61 155 238 80 102
    208 15 211 102 198 202 195 106 198 106 128 253 168 173 229 67 94 161
    127 86 161 36 93 196 124 192 77 0 56 83 104 81 233 77 85 65 227 94
    190 189 156 78 89 137 69 205 70 23 247 57 81 43 239 34 242 188 60 52
    202 79 223 152 22 2 242 217 64 198 234 129 101 231 238 122 10 180
    167 120 232 198 216 6 109 211 123 65 242 27 16 24 20 217 125 187 32
    199 30 225 12 126 229 104 10 31 247 87 143 95 214 185 128 54 210 138
    57 81 255 212 118 59 7 202 135 8 221 112 209 145 16 136 124 151 234
    128 210 156 52 173 143 132 100 161 118 85 87 252 51 79 1 150 230 230
    237 55 17 96 166 99 136 164 17 142 223 222 106 253 103 54 2 165 69
    60 55 110 200 9 117 247 110 134 115 128 79 113 136 70 113 178 38 108
    12 80 185 214 178 8 6 201 44 221 159 147 102 70 138 103 179 157 225
    54 71 249 64 0 77 89 161 120 149 69 8 174 180 131 224 235 205 219
    194 123 26 196 203 196 200 32 53 103 17 192 206 35 109 25 158 122 14
    77 142 234 133 241 180 46 155 204 166 247 160 201 19 221 81 168 69
    216 227 206 32 29 189 229 223 118 38 15 89 248 33 159 246 33 246 190
    30 197 153 234 133 6 204 236 193 189 183 124 173 84 174 125 13 23 18
    59 16 238 177 11 67 163 59 147 141 141 75 241 77 73 42 161 20 148
    239 49 141 99 212 6 61 223 234 174 187 192 35 184 9 176 145 68 25
    150 139 193 228 164 36 245 138 194 253 238 252 41 211 245 54 25 65
    160 218 76 246 225 245 12 100 200 13 206 84 232 53 158 132 238 111
    91 179 194 131 7 250 230 40 234 182 52 187 5 134 11 142 202 150 11
    138 131 87 56 53 116 124 37 213 195 122 191 6 222 75 162 60 85 251
    218 227 54 237 118 2 161 180 159 163 79 35 26 149 172 40 201 197 10
    88 128 183 208 38 81 231 253 184 79 42 242 244 57 250 166 220 146 16
    216 234 144 128 191 20 181 43 94 229 197 91 62 142 242 201 211 247
    187 26 220 65 240 228 70 93 235 73 59 38 127 138 47 159 243 108 190
    220 241 178 188 21 57 82 240 41 109 112 74 28 71 189 224 79 243 247
    225 127 16 39 249 27 233 72 201 10 21 63 134 7 41 64 68 30 169 70
    221 28 67 186 232 235 176 177 153 17 219 222 203 62 83 165 27 92 153
    154 85 158 146 203 25 231 202 139 51 35 219 201 226 69 72 58 243 101
    53 32 135 102 212 159 163 234 102 132 203 137 220 57 201 94 64 157
    255 103 190 76 118 248 229 217 231 203 134 49 157 8 68 217 255 229
    166 50 26 77 231 249 126 74 94 144 55 150 213 113 95 58 247 214 213
    29 255 212 223 67 96 122 204 197 110 140 193 44 177 22 191 119 231
    234 50 204 91 70 204 181 165 211 152 87 53 251 182 35 154 12 72 167
    56 39 56 210 215 103 91 118 138 166 125 154 69 186 11 191 184 239 72
    68 111 47 24 215 238 87 210 55 106 41 95 138 175 51 243 75 232 36
    188 202 93 145 93 204 30 27 90 205 21 232 144 96 182 82 182 11 246
    230 137 255 34 174 153 129 222 208 130 64 83 250 48 16 188 147 179
    211 41 238 28 66 208 138 156 230 138 65 24 117 155 173 225 164 209
    54 165 9 172 106 249 217 54 31 173 225 39 178 126 149 172 161 72 80
    82 149 167 51 194 200 82 80 117 0 180 176 128 89 228 69 26 32 98 187
    244 211 107 158 69 24 239 33 218 80 84 52 255 124 29 221 71 34 253 7
    170 28 9 66 60 16 6 224 230 3 81 119 223 112 131 156 150 172 93 52
    26 214 22 166 133 33 222 100 123 253 109 144 247 161 103 24 39 41
    134 183 95 32 107 13 152 105 12 165 218 1 189 136 183 68 204 179 91
    105 47 186 243 181 87 95 65 28 35 136 70 209 191 45 106 247 169 203
    199 206 196 110 19 30 31 224 88 155 239 3 240 188 108 36 91 73 49
    124 112 106 2 66 157 247 63 173 96 18 231 200 100 181 194 98 76 90
    46 110 209 254 51 115 172 246 217 51 240 11 243 20 10 69 116 113 223
    51 4 39 25 254 30 96 91 83 118 163 134 69 118 45 88 163 254 13 124
    62 219 163 41 138 208 189 122 55 143 102 93 94 35 243 76 201 54 225
    38 184 118 17 27 186 152 147 108 11 132 217 49 182 71 142 160 215 62
    107 113 255 47 24 66 28 119 62 53 29 71 124 236 125 176 31 24 217 46
    147 158 149 107 169 243 197 171 169 116 224 89 209 53 11 100 48 121
    25 155 209 243 49 231 249 251 18 104 169 197 167 130 163 60 129 189
    175 72 79 180 178 162 9 215 162 164 242 72 129 168 137 243 118 151 6
    118 241 52 8 171 109 224 141 204 187 55 2 84 197 149 4 201 187 251
    10 165 74 93 186 143 79 196 156 244 237 88 219 144 165 143 124 227
    157 199 125 204 243 129 87 181 239 135 197 21 235 104 243 232 230
    185 6 202 165 176 166 239 89 63 86 231 86 182 41 27 116 54 163 64
    242 30 82 133 96 233 104 67 132 206 65 36 35 112 73 209 166 164 1 55
    40 151 137 232 192 149 3 115 193 247 203 156 253 67 206 96 192 233
    168 247 147 43 30 227 145 129 93 155 43 153 174 113 81 170 75 230
    126 68 254 17 162 185 191 210 55 173 151 16 178 243 207 2 129 102 66
    0 98 10 181 228 145 177 116 112 193 5 177 141 200 192 175 205 196
    114 9 187 61 120 113 219 63 192 80 216 195 33 205 217 106 132 210
    222 151 208 184 54 48 167 30 17 154 174 186 95 37 79 80 39 145 243
    173 70 79 31 203 150 49 202 5 242 145 245 179 125 152 51 95 82 192
    65 249 116 199 112 74 116 16 203 236 78 48 7 124 145 102 199 248 54
    193 104 2 202 50 88 104 199 45 34 97 12 6 50 116 206 9 112 93 43 71
    138 100 230 20 29 237 218 156 80 216 166 80 99 79 246 255 174 252
    228 255 87 38 177 67 137 85 77 214 71 178 116 77 147 102 201 158 34
    21 210 7 177 101 185 73 29 224 181 25 203 211 102 221 190 85 207 73
    142 66 182 16 49 165 96 91 181 26 236 32 60 74 180 218 14 251 112
    200 112 7 7 178 239 174 21 195 37 38 243 66 185 27 136 157 235 192
    124 21 122 70 18 208 171 27 212 206 242 110 214 91 121 156 102 9 130
    96 90 31 141 198 245 229 94 153 124 154 119 96 78 229 167 190 117
    223 249 187 201 212 217 7 139 166 139 87 54 58 174 24 175 30 128 79
    167 196 222 211 136 16 241 230 155 129 187 221 189 183 137 25 222
    208 246 103 113 191 207 17 183 5 198 2 160 168 64 113 151 251 204
    239 250 230 72 67 182 167 59 194 215 55 57 127 177 53 23 219 79 122
    153 178 146 15 49 202 14 249 14 209 237 187 105 147 24 67 219 71 11
    213 93 235 47 199 112 214 94 34 61 110 89 11 194 71 119 97 197 69 40
    147 69 152 140 180 32 21 15 76 54 27 183 175 182 99 184 248 130 43
    242 137 70 47 119 160 217 172 238 83 175 220 44 241 125 75 141 237 3
    119 88 129 236 129 147 91 83 17 131 181 213 88 12 203 148 193 68 153
    110 8 222 91 11 109 161 171 199 90 68 248 136 97 46 231 31 24 191
    168 140 26 154 85 38 21 96 188 62 1 75 219 110 191 86 167 204 249 35
    150 129 30 123 130 248 26 242 192 4 138 114 139 130 64 239 79 235 71
    130 252 121 65 63 231 37 21 110 200 231 171 211 82 36 81 244 239 18
    168 25 3 68 159 29 192 253 35 125 10 201 130 93 123 146 170 221 236
    35 66 46 219 203 129 176 135 46 168 150 252 119 242 210 151 94 251
    58 106 54 30 223 116 60 129 179 255 187 85 22 199 153 223 0 163 140
    213 54 180 91 176 62 10 165 210 204 225 174 77 0 192 158 167 213 38
    200 123 60 46 204 197 27 142 167 168 157 196 243 66 72 121 189 0 45
    79 242 38 42 59 224 78 10 239 189 48 103 245 206 42 49 124 153 16 36
    228 151 50 233 161 29 204 16 26 44 48 188 115 172 159 21 224 120 183
    38 121 98 1 75 244 246 116 16 73 235 217 78 61 206 108 9 115 71 123
    151 181 0 227 157 58 245 147 11 230 2 254 205 112 66 223 216 98 252
    186 112 9 189 83 149 122 235 231 225 69 121 243 54 73 7 116 216 130
    252 153 11 110 34 142 230 76 238 47 13 127 122 77 49 182 152 112 29
    235 156 13 198 55 96 152 98 34 65 192 124 46 184 172 143 120 30 68
    196 51 126 76 77 52 61 170 206 4 190 18 163 75 15 155 9 182 34 144
    96 205 84 40 103 118 33 117 116 152 141 150 200 59 158 249 151 32
    131 249 82 195 241 179 147 38 29 249 18 30 186 149 159 14 230 154 18
    111 246 54 105 133 55 206 156 40 230 72 199 194 14 193 245 148 144
    61 149 170 193 12 134 151 230 242 20 131 243 207 73 98 171 216 54
    118 82 111 83 45 85 118 31 81 59 139 220 248 16 210 164 188 14 170
    239 62 151 111 128 68 248 130 103 67 210 187 70 224 81 26 230 7 74
    104 149 22 18 143 9 11 61 225 7 220 154 97 32 53 71 123 70 163 217
    203 106 244 105 150 188 217 107 117 99 24 138 146 196 202 13 123 245
    199 73 120 0 99 212 63 103 32 58 114 228 166 11 240 202 72 223 66 77
    175 91 120 88 125 43 37 99 140 138 210 96 26 28 102 76 129 22 37 241
    242 153 251 142 172 60 194 30 23 7 8 106 96 244 138 99 157 179 96 42
    148 253 102 185 249 79 154 2 116 24 5 97 253 242 185 41 92 74 147
    204 228 243 156 136 85 10 240 179 17 38 196 66 92 39 14 251 146 170
    40 88 113 255 238 136 197 230 106 112 242 161 175 226 207 78 14 126
    228 102 204 61 139 67 31 34 81 181 121 239 125 36 229 163 33 247 11
    255 111 250 22 255 91 115 98 250 129 30 55 93 227 114 127 97 12 192
    169 160 217 191 101 45 116 163 93 41 253 13 112 153 70 87 41 5 57 6
    98 15 242 156 68 71 142 124 216 111 11 229 173 146 163 157 136 108
    203 248 165 83 64 113 230 190 185 171 169 194 128 194 174 107 108
    170 79 100 79 98 4 179 152 103 231 202 130 102 26 214 225 176 108
    129 108 130 163 101 100 51 232 105 208 62 29 215 6 15 82 18 129 128
    23 198 224 239 31 125 168 207 58 5 54 0 72 70 198 40 65 249 216 80
    49 12 103 135 13 163 50 234 15 192 136 246 155 88 105 50 37 236 151
    154 182 17 63 240 17 135 3 8 74 111 134 75 181 93 69 11 47 151 186
    244 11 18 64 127 124 80 129 197 82 172 22 35 104 158 58 187 39 15 43
    217 214 209 178 90 167 112 99 120 230 171 127 1 42 205 206 0 43 79
    53 48 163 66 16 164 212 55 68 47 79 138 133 246 62 190 250 4 165 208
    173 249 96 25 233 45 62 82 169 32 34 95 50 59 78 251 203 67 129 111
    192 41 235 162 32 183 181 0 153 174 198 251 95 51 159 219 38 143 157
    197 101 228 213 133 217 139 42 190 38 186 237 5 1 69 8 130 43 217 0
    64 222 81 177 107 6 184 72 59 216 243 233 241 138 46 21 104 199 185
    95 80 87 129 124 13 6 85 59 23 100 152 192 163 220 218 151 87 248
    191 128 192 247 51 61 34 199 240 241 205 108 33 189 197 175 113 153
    126 66 76 198 138 115 127 62 74 219 233 153 93 32 193 86 42 227 50
    183 21 176 76 193 72 168 232 147 12 146 84 165 248 90 42 74 242 82
    48 138 178 56 112 55 169 20 30 122 151 154 131 106 143 207 128 215
    240 69 199 62 133 176 222 10 71 235 145 16 201 17 179 204 24 227 103
    103 109 79 73 32 212 127 173 36 194 253 176 123 76 24 91 205 52 109
    154 82 111 120 50 249 22 175 246 187 91 241 104 21 153 34 26 175 230
    123 208 194 172 117 117 51 108 81 86 193 7 122 86 202 48 247 197 227
    166 23 89 141 201 75 90 120 95 255 93 134 233 252 131 238 155 80 153
    211 209 2 153 115 216 217 176 166 139 228 103 51 122 71 74 183 159
    88 106 219 164 74 75 59 81 176 239 129 241 212 250 217 121 227 116
    225 18 165 176 8 15 120 203 144 85 196 126 115 183 128 52 190 57 51
    220 32 109 0 226 251 200 159 174 15 74 228 21 43 185 149 142 19 112
    68 199 33 19 245 198 203 37 83 250 190 168 192 164 87 153 72 122 5
    17 79 126 235 52 123 1 254 208 151 220 20 29 178 211 241 143 9 132
    81 201 161 140 11 37 37 146 173 64 219 96 83 153 222 162 83 120 86
    243 144 196 69 148 156 98 37 145 12 123 196 20 90 154 246 63 27 81
    156 29 4 88 36 247 166 191 39 91 78 21 45 216 193 18 151 7 232 145
    71 31 89 166 172 149 137 254 78 227 228 60 96 90 222 91 215 119 79
    12 54 250 113 85 134 176 112 89 187 73 128 166 165 130 70 193 219
    106 87 113 62 7 14 107 77 2 132 225 228 246 206 108 222 137 91 198
    224 172 9 141 147 43 181 139 41 216 222 46 115 102 221 115 223 245 4
    241 68 3 131 79 79 232 213 92 65 59 189 89 37 169 83 150 34 116 206
    8 239 243 29 69 14 35 220 224 247 233 159 93 198 151 143 53 247 152
    209 35 189 220 16 149 1 161 68 229 178 235 189 166 131 75 178 68 178
    225 24 193 143 98 172 103 14 17 74 59 143 191 119 28 70 55 113 81
    202 72 161 124 206 205 34 38 120 206 127 161 97 161 89 240 188 157
    99 88 185 52 58 212 190 237 96 112 214 155 130 73 15 143 1 120 34 30
    92 78 186 140 253 125 113 17 22 23 226 51 151 172 22 133 249 1 26
    235 253 73 29 115 38 35 0 4 232 241 147 27 178 74 77 150 96 231 115
    175 71 65 97 47 82 187 167 248 180 249 29 75 249 107 40 75 17 38 116
    164 73 212 82 118 239 194 196 60 38 148 160 106 66 36 216 195 221
    230 26 128 183 92 161 14 251 43 107 142 254 185 38 11 0 148 13 201 6
    15 148 145 187 215 8 55 158 56 246 93 161 129 195 23 21 30 129 194
    180 147 227 93 50 159 235 34 95 68 30 116 109 80 221 58 221 93 44
    182 200 26 128 176 35 122 60 119 31 28 93 173 139 50 196 46 168 218
    135 115 231 39 143 201 249 26 231 69 151 239 48 185 242 241 130 170
    62 76 209 250 255 6 68 53 93 191 86 23 195 135 238 216 96 135 112 31
    229 51 188 225 242 97 67 85 95 160 246 200 42 100 182 11 113 213 18
    23 222 160 113 57 1 24 168 236 16 160 204 87 205 224 81 89 101 7 185
    102 109 200 142 145 178 169 133 53 145 211 204 135 168 19 103 64 118
    201 168 122 239 77 254 50 126 90 213 130 187 62 201 36 23 217 2 90
    109 112 101 118 22 151 140 116 138 254 36 221 113 93 220 182 168 241
    255 169 15 42 30 136 114 123 252 129 72 213 166 12 211 243 195 189
    207 223 35 166 237 155 233 176 45 162 219 216 190 217 236 148 122
    114 129 225 155 249 195 202 13 238 0 37 253 97 235 191 10 187 59 223
    125 184 59 67 36 175 233 15 215 67 234 56 187 29 186 218 177 131 250
    52 35 13 96 167 23 218 209 5 4 232 128 247 83 88 99 131 123 181 120
    161 166 109 147 77 120 101 152 115 52 102 243 246 141 91 236 188 244
    10 207 215 122 137 146 72 210 142 47 87 134 183 36 168 6 166 237 18
    28 2 4 243 188 209 55 194 99 243 53 213 236 244 237 186 195 227 215
    7 196 28 197 117 119 1 170 207 149 48 178 241 106 161 202 111 144
    195 204 13 29 78 120 198 80 12 109 165 47 27 43 234 153 214 45 170
    131 74 130 74 33 29 43 47 93 145 82 239 181 22 17 83 204 32 17 177
    79 75 27 141 147 237 85 205 1 130 61 168 198 140 10 25 231 79 185 38
    175 223 68 183 211 133 207 132 201 236 128 121 242 230 219 24 147
    150 71 190 52 234 78 172 33 185 247 250 65 27 123 200 240 82 182 16
    163 243 170 212 12 81 55 88 214 18 175 54 158 236 84 31 169 124 187
    144 216 64 129 172 85 135 161 122 175 21 216 142 34 94 207 121 198
    134 99 152 21 226 218 225 212 25 236 6 139 245 101 41 60 200 219 39
    82 12 238 27 176 249 228 196 50 87 230 74 92 80 244 164 186 103 228
    27 14 129 196 193 8 161 19 253 167 185 232 150 67 131 101 82 32 219
    141 65 69 173 14 168 62 27 33 249 231 222 13 240 241 203 44 82 163
    10 182 25 193 49 6 61 151 76 233 22 59 127 17 122 199 119 159 22 143
    207 228 69 158 126 85 233 151 3 247 169 222 33 119 54 178 141 51 61
    39 68 110 215 39 215 155 215 6 166 203 59 110 41 183 147 98 63 59
    150 47 99 47 224 240 164 116 151 218 171 204 246 153 132 248 215 78
    187 246 83 55 181 178 43 206 40 4 3 124 51 3 127 144 189 121 1 109
    164 170 196 109 224 129 188 159 236 101 40 132 57 106 248 24 9 13
    247 230 12 211 30 149 63 103 190 46 49 46 121 118 224 199 251 128 39
    41 36 11 4 138 0 209 59 186 46 65 255 92 9 101 23 167 74 187 97 130
    43 248 124 76 156 72 222 137 218 42 83 161 229 115 41 184 86 153 59
    51 21 1 96 203 218 149 4 224 222 132 254 91 163 243 48 161 79 229
    115 112 132 215 244 200 83 149 112 223 5 225 112 46 1 29 85 136 198
    94 210 133 133 123 204 59 141 48 65 41 160 82 2 151 73 120 108 73
    227 145 39 181 126 190 6 119 18 91 155 226 243 133 35 59 158 208 187
    70 143 78 62 5 69 212 152 110 41 162 31 134 162 160 72 132 24 199
    226 58 154 43 9 191 122 135 56 38 43 168 223 154 159 108 106 186 20
    191 121 201 81 116 87 14 46 178 180 60 141 5 49 183 18 211 160 77 4
    14 251 76 62 29 125 182 144 99 26 16 88 247 238 134 157 62 66 221
    193 17 73 70 25 74 198 45 90 192 181 48 206 190 5 227 245 63 241 202
    167 5 153 42 94 195 197 198 243 169 64 67 43 89 49 157 64 104 53 20
    215 140 149 177 90 99 208 201 117 136 234 199 45 108 109 50 3 85 11
    66 90 248 244 250 53 214 205 23 9 81 71 138 187 241 107 187 218 21
    207 59 196 34 239 177 237 147 4 22 160 38 65 77 51 69 53 205 84 171
    78 88 209 151 254 47 170 212 184 126 239 145 214 161 221 142 132 57
    108 251 191 95 126 62 21 179 198 219 218 3 201 19 237 92 28 122 29
    234 141 70 96 18 161 206 196 202 112 38 9 235 108 173 105 114 163
    153 176 135 164 189 95 190 50 130 4 133 225 78 112 35 125 101 64 179
    165 224 227 27 245 89 52 5 17 236 43 9 181 204 60 237 29 208 249 136
    47 252 109 42 235 242 54 77 247 107 16 221 94 22 14 33 212 222 179
    36 53 133 108 84 102 9 99 135 101 216 120 8 205 249 139 172 168 51
    188 248 193 79 254 156 32 169 121 4 214 55 69 112 223 231 76 57 69
    38 108 127 106 222 145 71 32 0 92 28 77 105 235 252 189 9 94 136 44
    38 54 36 14 95 241 227 220 140 191 86 67 217 34 30 199 112 253 90
    123 149 181 54 161 116 103 165 243 69 209 88 237 225 107 165 226 51
    9 182 61 229 115 0 86 136 182 8 34 248 116 203 177 211 87 55 202 104
    38 118 254 254 102 39 153 166 182 161 151 53 108 81 205 120 237 27
    14 252 101 142 209 57 252 178 135 35 187 196 153 65 214 65 143 187
    41 137 85 125 50 111 90 40 94 147 96 211 66 181 6 22 226 127 147 204
    152 88 49 134 68 201 249 38 139 48 116 8 245 71 80 3 118 53 116 66
    91 80 119 4 167 92 146 127 117 228 249 46 179 139 156 133 251 100
    190 184 90 191 210 91 171 119 135 16 113 179 177 124 19 9 44 72 140
    185 210 245 4 235 108 167 221 187 128 77 226 197 107 197 124 7 130
    81 113 136 238 46 51 45 238 110 7 48 216 37 151 200 79 26 69 8 140
    171 212 207 41 213 30 60 135 170 67 60 159 159 28 127 96 50 106 147
    154 75 132 180 251 226 64 144 112 202 33 109 10 204 13 50 10 152 187
    154 208 144 31 226 112 35 120 195 233 67 60 44 159 138 129 52 242 60
    177 117 239 117 246 197 134 223 45 11 185 83 45 191 97 5 132 220 2
    248 126 175 23 245 50 195 76 236 156 151 117 81 128 31 194 252 83
    209 65 1 81 234 12 97 162 140 69 236 11 175 20 10 49 248 82 5 123 45
    14 225 183 9 147 164 195 155 198 208 226 175 146 210 94 93 209 246
    159 61 157 113 172 212 113 96 17 72 49 46 4 139 128 110 248 39 143
    73 190 90 60 189 212 234 137 103 64 123 224 66 253 206 149 37 102
    243 2 176 233 98 202 222 182 104 45 178 237 178 25 114 206 191 77
    178 217 77 141 58 103 109 238 251 221 125 191 248 193 188 215 202
    212 27 34 183 180 74 247 85 60 234 110 113 212 51 11 107 96 139 166
    18 33 237 212 214 130 251 57 33 79 144 216 93 220 149 237 149 254
    246 96 24 146 40 51 221 69 4 66 240 41 46 182 165 239 25 10 234 255
    244 238 150 29 235 200 131 172 66 69 95 234 99 156 9 162 20 184 125
    83 86 91 38 43 237 73 242 159 223 97 56 229 212 97 8 123 166 46 156
    93 235 153 76 208 5 95 31 166 189 109 49 163 108 230 248 55 212 14
    169 99 105 139 201 129 160 128 68 106 29 72 166 201 181 180 145 108
    221 17 169 42 142 50 46 243 246 60 171 135 8 123 158 193 255 96 76
    100 14 223 0 23 29 244 255 17 85 74 216 240 193 47 145 193 243 170
    47 87 95 58 122 12 200 200 69 123 68 175 176 2 7 69 244 231 149 59
    145 77 138 4 80 20 221 113 15 214 148 117 184 134 179 202 172 183
    105 49 212 203 12 104 89 152 105 188 86 135 215 76 211 125 160 174
    30 85 94 140 30 164 82 162 38 39 50 72 156 121 219 70 75 138 0 248
    41 145 171 218 166 116 107 69 238 25 53 157 154 86 253 225 5 78 187
    228 221 91 221 68 205 35 93 220 30 43 182 74 7 20 221 223 199 118
    141 59 48 50 132 228 203 79 34 32 125 68 192 174 15 54 235 63 219
    112 62 244 137 201 245 219 137 209 25 226 44 188 13 239 136 92 99
    112 120 180 242 61 67 138 201 93 36 197 230 196 58 22 15 174 54 156
    101 9 178 178 116 19 237 147 148 86 157 76 51 233 126 20 58 57 252
    246 86 175 33 137 107 154 202 199 97 137 236 195 148 39 67 128 192 0
    87 214 253 23 81 176 241 33 142 14 211 189 246 5 188 78 22 212 67 73
    94 111 110 229 42 141 143 106 119 140 4 249 244 244 29 189 16 254
    107 146 118 245 203 56 245 23 235 93 135 84 209 9 172 130 41 70 235
    214 0 157 32 220 3 69 102 169 102 244 225 227 139 2 182 225 245 43
    72 89 38 172 252 105 95 113 95 94 170 47 186 237 119 110 14 16 157
    144 24 147 233 81 23 253 37 134 145 86 115 206 23 121 192 242 3 122
    52 199 180 125 95 237 54 174 207 67 56 248 244 11 77 85 25 203 97 98
    133 92 59 47 19 37 59 201 64 255 31 113 210 215 216 94 30 166 79 138
    78 164 181 129 21 253 243 212 223 22 90 202 80 57 191 53 189 141 139
    107 194 46 229 88 214 171 16 244 114 128 248 234 113 175 27 64 232
    119 151 190 163 24 140 133 137 236 238 21 93 1 6 176 15 232 234 181
    123 68 77 65 205 217 45 33 161 206 202 119 103 247 159 13 115 160
    111 131 205 20 236 62 195 197 43 247 53 107 49 101 12 74 30 186 163
    118 230 54 143 24 122 19 121 29 178 194 25 12 5 8 175 229 211 50 231
    133 241 3 87 108 90 123 20 212 169 190 181 40 48 40 20 81 14 71 158
    129 206 202 186 160 250 2 29 122 98 140 171 132 24 185 133 120 122
    140 92 185 156 13 214 62 171 105 195 104 218 45 131 143 128 87 24 52
    57 136 116 134 35 216 198 65 7 41 89 18 10 58 219 82 45 13 67 14 253
    206 34 163 170 105 127 235 214 251 222 199 47 86 33 56 1 12 4 149
    115 12 122 133 196 198 98 114 100 216 100 246 5 35 39 47 247 0 60 95
    115 37 58 159 9 165 103 176 138 174 125 232 5 69 110 254 39 243 173
    74 245 102 38 197 211 197 6 132 180 87 223 156 107 73 247 244 203
    115 129 132 174 61 87 81 24 234 146 40 161 20 13 145 235 111 116 236
    127 214 81 3 132 214 177 125 96 135 155 92 244 208 240 141 199 30 16
    210 95 152 37 85 195 81 121 48 108 27 234 40 9 94 85 176 91 19 151
    234 224 78 198 44 112 37 220 188 233 248 14 101 156 219 82 109 2 111
    141 221 130 114 245 4 35 158 180 17 159 183 161 97 180 4 160 163 123
    161 10 45 11 104 205 98 232 196 164 185 160 220 124 141 95 20 152
    207 232 134 102 128 137 183 147 102 243 67 249 128 84 32 73 243 88
    40 25 154 223 175 40 217 154 162 233 28 107 23 125 129 98 201 79 246
    100 2 174 118 236 11 47 83 70 176 156 115 11 33 46 158 123 246 101
    62 93 12 246 71 165 172 201 85 208 186 7 242 49 89 236 61 109 217
    123 39 201 240 202 197 60 228 203 84 17 177 203 51 192 1 216 40 51
    120 151 193 165 201 142 71 15 91 228 54 193 102 55 170 47 118 160
    137 221 155 153 176 219 19 31 70 172 0 10 120 187 2 250 156 219 213
    62 25 117 28 70 170 249 122 4 53 108 45 32 238 246 1 208 191 167 87
    86 161 210 1 95 197 200 223 139 242 80 254 157 34 44 110 104 116 92
    242 20 205 14 9 17 82 212 214 123 92 255 50 171 14 85 121 216 181
    135 23 133 19 112 220 219 125 121 176 83 195 18 215 86 30 211 204
    103 223 179 60 156 203 99 119 68 144 228 183 166 43 58 103 162 218
    83 199 221 25 203 88 47 16 157 57 58 140 16 215 226 83 4 183 242 244
    198 55 150 169 134 135 177 46 216 160 197 72 123 91 91 71 105 156
    200 15 208 226 91 173 31 140 203 174 157 102 224 182 151 48 150 238
    71 246 39 85 28 166 162 18 117 29 15 244 185 147 216 10 231 98 200
    172 160 176 112 103 56 174 161 189 11 62 199 114 91 66 95 45 25 56
    20 136 65 96 162 84 129 45 133 69 253 235 157 180 162 73 27 143 174
    59 142 226 53 125 58 165 137 69 113 22 247 68 65 35 146 128 196 244
    54 113 131 195 182 69 143 145 197 217 239 76 205 134 55 191 195 242
    90 0 217 7 217 142 44 107 66 169 254 209 99 214 146 174 191 91 164
    16 211 235 48 123 2 39 44 60 59 49 195 109 61 105 136 69 147 248 121
    224 41 236 126 199 68 210 13 144 218 220 10 89 88 253 43 195 130 127
    177 145 214 49 127 99 238 186 47 52 95 50 53 112 188 221 138 148 164
    174 63 159 218 140 109 67 251 237 210 115 77 47 109 18 69 164 210
    157 132 111 154 246 47 138 175 69 71 62 255 26 130 230 173 118 235
    113 24 4 50 46 237 192 233 213 103 20 220 255 51 11 69 183 231 182
    176 253 196 189 51 188 122 55 166 229 37 18 121 205 240 230 139 6 62
    255 21 120 27 25 44 25 49 119 134 211 211 142 208 40 162 208 108 154
    206 241 96 140 174 194 189 160 54 145 165 170 151 47 201 89 86 230
    230 242 181 98 83 30 1 174 132 252 234 120 32 20 13 70 124 190 108
    52 169 104 91 94 45 197 120 181 37 5 139 68 99 112 128 60 149 82 79
    219 181 64 95 35 112 171 244 80 48 11 184 154 124 17 213 198 212 60
    162 45 148 0 216 158 74 185 85 109 15 112 63 79 123 75 135 38 162
    151 151 219 166 45 202 153 163 52 88 18 216 7 12 69 60 212 114 153
    157 62 72 4 92 101 121 48 176 149 187 236 177 131 136 79 172 238 97
    172 169 199 147 68 155 181 188 85 96 45 63 111 74 240 199 68 111 192
    210 63 238 41 170 36 70 165 82 92 106 115 236 48 78 108 123 202 248
    145 87 10 81 79 64 53 32 209 37 250 131 7 221 15 202 134 89 204 179
    110 183 133 168 223 47 149 173 131 95 163 236 92 229 225 125 224 101
    162 189 60 156 239 193 93 149 111 135 251 240 17 7 92 28 255 47 50
    209 109 169 198 135 9 48 247 53 231 109 28 193 68 115 202 145 212 39
    123 245 43 195 194 241 138 87 182 96 236 82 96 112 80 24 177 9 163 6
    251 197 64 65 226 98 76 128 206 42 30 18 70 26 215 244 162 206 91 24
    112 185 201 43 146 134 198 242 237 250 47 250 102 227 168 151 171
    193 63 245 53 219 136 32 66 140 251 105 52 163 219 254 207 105 67
    213 214 15 162 239 245 124 236 12 129 245 58 246 74 198 133 218 125
    114 228 175 112 131 221 79 142 78 156 75 74 89 224 152 181 63 211
    173 236 172 173 21 44 181 75 217 93 181 222 14 215 49 112 65 168 133
    252 139 197 20 90 3 122 73 199 115 90 37 121 223 135 253 152 101 186
    205 242 38 212 84 86 158 102 40 30 248 169 220 113 181 38 160 249 20
    120 46 252 67 97 61 177 241 42 11 117 80 57 57 153 193 249 149 41
    108 196 133 162 42 6 23 51 184 79 56 184 151 57 218 8 65 207 152 227
    117 212 178 253 0 239 164 142 250 100 226 33 19 185 189 115 99 73
    132 248 159 154 37 69 1 55 98 68 214 21 104 107 69 176 124 100 4 255
    43 198 122 46 196 196 78 175 212 237 121 200 26 253 231 140 250 178
    190 115 144 76 211 8 184 19 138 214 197 206 219 233 198 36 18 174
    156 217 110 144 135 129 172 216 61 106 28 97 36 129 81 215 227 137
    39 244 84 113 135 123 12 171 140 100 97 30 98 131 2 222 244 230 123
    7 81 201 124 66 74 18 235 228 88 174 240 73 145 63 119 252 101 6 160
    94 139 87 102 244 157 160 209 174 173 165 239 112 147 188 135 29 233
    85 235 226 156 68 100 216 5 45 227 24 14 104 90 145 178 183 89 231
    60 149 76 237 225 58 208 156 3 66 99 2 18 74 53 57 1 154 120 132 10
    49 253 229 130 106 198 39 223 168 244 77 28 230 79 102 14 34 152 241
    181 122 197 153 247 252 252 212 156 200 155 69 208 251 151 67 188
    108 1 38 215 235 234 44 202 37 37 17 141 75 85 49 228 181 223 41 44
    31 7 249 45 82 196 239 12 44 2 12 39 234 147 174 96 78 146 120 134
    180 240 60 208 117 28 41 210 79 244 85 62 20 245 18 32 186 2 227 129
    194 87 204 215 85 135 157 122 28 140 171 44 103 68 173 39 65 192 226
    86 203 82 173 131 151 234 255 135 179 17 145 202 216 129 113 74 167
    75 60 198 11 238 229 189 63 12 250 82 30 155 39 180 172 112 97 231
    110 228 103 193 241 37 215 98 25 55 239 153 235 183 166 172 250 234
    189 183 194 29 60 74 9 170 198 26 178 189 183 183 236 84 78 116 71
    18 34 14 81 218 167 114 185 91 159 163 98 31 104 62 52 4 253 251 51
    152 210 85 209 43 254 155 163 204 135 246 182 225 210 0 38 204 96 96
    92 42 225 64 120 222 70 134 60 74 63 229 63 1 40 85 164 124 218 0
    104 33 172 101 232 100 16 131 30 150 89 109 170 204 7 107 107 153 83
    170 198 109 183 204 211 4 131 103 237 43 109 20 57 236 243 207 140
    22 183 225 201 207 250 148 19 26 127 133 101 58 49 193 33 134 208 77
    183 134 122 99 130 78 96 255 56 171 148 218 189 223 113 98 221 65 30
    232 122 144 53 130 171 155 19 108 51 87 80 67 111 226 54 249 159 68
    77 120 125 11 90 113 235 109 97 160 82 120 16 20 182 129 224 206 124
    95 45 54 201 101 211 17 123 19 159 107 84 136 77 189 239 143 200 181
    184 7 226 84 79 195 95 144 7 42 6 151 230 221 55 244 164 250 11 35
    154 205 147 123 85 222 42 231 173 86 104 34 32 14 86 126 53 134 16
    210 206 98 25 114 101 139 153 242 13 89 103 111 48 82 237 190 173
    121 229 97 165 213 188 211 170 178 136 22 255 20 152 51 103 112 170
    28 192 83 129 171 108 187 124 110 135 214 61 243 71 199 189 104 235
    95 211 57 117 104 192 168 225 105 199 68 158 83 191 119 109 148 99
    145 172 242 59 195 66 118 128 180 243 142 80 130 128 178 67 131 185
    199 138 186 151 109 121 210 179 78 45 35 120 11 91 119 176 116 162
    19 145 95 134 66 72 12 238 159 50 248 70 84 78 61 37 220 142 45 21
    248 68 71 222 124 250 5 140 48 209 41 100 45 50 32 152 115 172 221
    182 224 16 43 74 28 79 169 101 188 0 5 82 250 235 83 212 112 13 152
    81 198 181 152 153 189 44 28 233 122 206 219 175 57 66 130 193 97 28
    66 29 221 184 19 101 183 249 4 70 49 168 208 198 35 173 38 149 145
    169 223 12 157 24 161 194 108 137 238 25 1 99 198 112 231 193 109
    142 98 4 123 239 200 169 187 123 251 113 111 216 85 244 47 58 230
    247 40 28 255 125 126 251 22 50 186 226 87 70 239 115 117 232 209
    130 115 212 79 70 244 130 111 205 48 56 58 4 168 166 7 201 245 236
    48 151 172 48 200 62 206 63 149 11 193 162 20 172 143 114 121 196
    231 95 27 4 231 96 135 223 65 167 151 186 52 42 92 233 145 223 168
    57 131 223 7 238 144 67 229 120 45 228 87 105 103 89 251 78 116 141
    228 119 141 111 196 141 43 251 197 0 239 214 235 152 173 206 229 154
    44 79 196 244 106 22 82 44 216 165 80 155 128 129 107 124 152 36 100
    228 251 41 31 96 66 69 178 40 27 56 51 224 195 104 206 174 79 162
    249 47 0 34 121 140 59 10 103 225 101 88 184 219 106 36 209 82 37
    103 103 152 59 115 87 123 162 57 73 186 50 40 159 46 224 247 181 103
    229 8 77 153 250 221 95 52 166 239 196 131 97 101 2 75 100 225 242
    69 186 94 255 72 114 61 54 95 78 243 184 135 193 201 214 159 67 75
    133 112 195 128 204 249 220 109 226 220 76 85 180 76 147 196 237 47
    110 55 221 228 200 232 159 223 125 104 107 122 66 180 55 249 152 237
    214 9 176 187 90 42 191 10 251 119 255 170 9 155 145 50 155 92 173
    205 164 34 196 54 90 165 221 42 136 212 219 121 160 58 208 252 97 76
    89 74 162 208 13 41 16 183 47 130 5 227 103 62 165 66 83 209 20 129
    37 219 208 67 74 255 46 174 210 181 136 191 119 248 61 49 136 150
    134 10 81 179 176 112 47 81 99 95 161 109 30 18 72 96 180 200 131
    145 145 27 109 199 210 216 182 201 233 193 14 36 47 194 130 81 69
    252 187 52 134 100 236 253 72 234 56 22 155 223 198 62 159 80 239
    160 14 215 135 241 205 127 250 15 55 171 223 116 201 149 250 137 249
    50 131 81 225 51 234 52 254 81 160 174 73 106 202 66 75 238 79 108
    140 240 127 177 227 201 129 164 13 144 33 225 171 30 190 112 150 149
    174 251 249 241 232 229 248 48 3 201 95 105 10 66 180 183 117 84 57
    57 250 167 213 58 213 242 81 170 99 103 148 171 43 226 77 22 189 182
    120 244 71 51 134 97 22 239 156 8 75 0 147 139 127 45 170 15 107 219
    215 45 50 176 206 250 94 174 248 178 65 126 125 21 230 74 70 22 126
    195 38 97 101 249 184 10 116 104 188 137 205 201 178 92 217 200 9
    138 213 234 88 44 180 51 144 198 144 191 237 201 4 8 91 57 93 45 116
    14 254 31 150 247 12 154 194 183 48 101 55 232 23 137 77 151 101 105
    227 202 94 192 55 57 59 104 114 247 132 16 200 238 3 203 163 146 187
    6 50 215 3 144 198 30 52 136 221 38 81 104 247 50 170 161 160 244 76
    90 13 87 192 25 93 86 241 190 66 11 175 59 129 9 152 116 29 156 60
    226 220 119 240 58 69 126 69 198 202 41 174 194 5 42 241 173 219 127
    175 250 231 97 222 240 14 62 125 59 78 233 232 128 0 86 52 79 52 233
    78 252 221 135 222 111 148 113 220 237 25 108 149 248 130 191 115 55
    190 14 161 239 226 233 133 139 115 228 170 163 0 172 158 162 175 203
    108 169 108 156 199 246 219 56 41 152 175 99 204 247 237 45 39 92
    254 205 232 149 181 11 160 253 233 25 177 151 243 245 56 120 221 180
    60 59 109 122 72 217 83 105 113 118 189 57 74 162 38 138 152 203 120
    46 28 94 211 103 8 8 155 65 170 224 207 162 244 242 116 249 81 139
    115 192 208 211 57 230 250 75 251 181 66 172 249 11 110 193 20 10 64
    238 75 161 228 168 160 85 204 67 28 134 63 97 143 205 250 191 194
    242 200 249 180 1 163 223 74 49 139 131 45 212 146 161 167 26 108
    102 182 222 78 194 40 43 81 153 229 171 32 124 11 222 199 53 4 80
    192 41 65 156 151 197 136 225 212 237 111 51 156 157 56 13 240 166
    110 132 27 116 195 152 61 246 153 200 15 97 99 165 160 105 162 17
    184 57 242 29 78 29 42 93 40 97 54 208 91 33 226 44 156 186 8 91 108
    203 107 38 93 181 187 55 23 253 156 163 89 108 182 224 150 62 150
    211 166 208 228 238 242 72 168 199 80 64 255 43 115 233 35 131 162
    194 165 8 14 131 199 197 60 65 78 186 234 255 214 119 172 109 157 50
    233 192 25 237 171 174 7 155 160 155 217 144 84 200 100 178 162 251
    138 42 55 72 153 242 148 67 180 247 80 111 217 79 201 63 110 9 23
    162 222 184 120 93 47 134 5 130 204 130 80 31 159 139 3 170 217 176
    160 133 97 91 239 190 90 214 35 252 207 84 152 94 27 131 49 246 76
    142 2 139 104 223 145 254 82 215 124 156 3 120 47 200 249 136 192 53
    30 50 228 61 11 99 205 67 21 131 12 87 139 255 24 25 44 105 107 133
    35 142 8 90 77 45 75 55 164 32 182 80 47 55 183 179 128 192 84 74 19
    2 135 187 215 239 212 187 46 188 211 178 54 238 129 115 179 149 229
    94 108 138 235 44 116 20 85 228 248 245 86 102 198 120 247 69 3 223
    86 91 22 239 56 55 158 158 171 171 41 32 122 97 233 223 196 81 6 76
    37 133 59 66 160 116 164 128 129 125 32 147 66 245 75 167 19 2 186
    194 192 111 249 22 159 6 10 153 190 19 92 154 130 218 100 35 149 58
    30 174 3 96 211 98 171 78 248 203 241 112 9 98 164 169 37 132 18 120
    128 184 111 219 6 96 166 162 91 162 230 247 114 251 233 153 102 183
    211 192 179 99 140 239 92 246 19 82 103 132 252 149 90 170 1 48 243
    56 137 50 129 178 188 164 135 78 39 127 94 221 223 229 156 143 201
    146 145 185 182 4 46 238 236 137 91 70 65 53 245 157 230 80 101 86 7
    195 4 224 0 222 27 178 197 192 44 55 134 207 125 107 87 241 165 241
    251 144 117 177 237 81 194 37 76 175 174 12 196 213 238 244 94 131
    135 117 74 128 190 80 249 1 60 135 32 233 174 127 63 25 0 131 190
    104 22 226 149 25 44 213 69 79 134 224 205 72 153 222 183 211 80 85
    132 166 236 208 39 250 218 218 230 214 124 93 225 169 207 116 221
    187 213 255 127 230 168 106 135 132 19 53 102 106 170 107 181 166 95
    78 188 65 39 212 179 86 56 17 105 43 130 1 159 36 105 221 225 100
    220 91 204 161 178 115 121 118 212 99 48 30 22 224 141 72 40 157 227
    69 161 3 222 115 150 53 120 130 214 221 176 133 84 46 225 4 111 188
    6 142 133 163 46 19 88 131 131 104 191 23 48 150 127 18 106 188 231
    156 48 136 240 222 33 58 7 86 170 63 18 70 4 136 151 121 110 227 115
    246 100 83 117 111 24 56 110 14 184 186 252 169 60 204 90 161 47 26
    34 114 117 28 126 59 124 167 102 223 118 101 252 253 140 91 197 167
    34 29 220 253 125 4 236 199 124 155 227 61 159 43 103 149 203 2 11
    188 96 141 88 131 234 223 26 225 180 139 152 121 166 214 145 89 104
    119 120 254 139 87 85 0 51 226 40 46 239 80 242 175 98 159 87 52 239
    110 203 193 141 154 107 69 3 160 152 175 45 215 229 109 67 36 139 99
    38 50 132 241 93 24 112 22 47 200 227 58 181 36 163 68 214 172 55 95
    159 140 60 91 47 126 53 250 66 90 237 99 200 210 12 202 82 65 34 218
    184 182 181 11 74 125 145 197 38 114 179 139 24 4 23 129 186 222 219
    186 214 227 172 208 134 236 185 25 59 55 16 183 37 117 117 68 195
    235 131 118 126 91 179 212 161 113 82 178 89 30 11 150 213 129 96 26
    153 132 77 99 33 204 137 206 60 107 189 239 232 5 235 233 79 207 9
    35 37 63 212 152 63 244 202 144 253 91 22 220 117 229 29 134 85 93
    30 114 218 175 64 5 142 216 215 29 219 86 55 131 1 147 149 43 144 58
    46 48 181 170 39 214 209 96 212 61 38 15 215 166 118 86 145 117 193
    168 240 4 141 34 42 52 32 61 127 114 69 127 17 235 132 68 233 139
    178 224 10 77 221 59 204 122 202 106 57 229 166 139 84 151 191 7 113
    167 25 138 41 195 19 5 141 134 64 28 102 47 45 200 35 205 151 224
    216 226 252 159 105 15 141 248 252 205 115 96 165 177 56 79 207 208
    12 242 199 190 3 161 218 193 157 98 140 95 234 92 61 30 48 199 145
    211 175 70 220 69 134 11 43 164 242 245 219 248 184 138 116 94 219
    71 205 22 42 201 75 121 151 156 51 83 90 246 90 124 26 7 167 41 42
    62 66 160 189 202 90 5 232 220 221 233 225 160 97 17 222 33 47 225
    70 14 109 124 66 11 95 54 98 107 247 14 41 161 8 214 78 139 67 34 25
    246 65 29 207 50 32 144 11 46 56 58 85 238 119 136 70 5 58 237 237
    63 222 84 108 24 197 124 173 9 5 13 49 28 129 231 144 39 161 109 69
    161 134 183 24 63 234 45 77 156 108 218 138 45 41 196 9 114 253 78
    126 101 111 159 83 198 52 165 168 60 202 173 151 94 231 76 170 9 78
    178 247 76 50 128 50 70 107 91 125 140 244 64 167 98 75 31 239 108
    46 174 144 117 26 55 247 97 215 121 94 159 132 166 183 101 24 137
    152 115 204 187 132 224 9 158 27 97 206 212 32 239 130 198 112 86
    211 10 13 175 190 172 113 71 215 51 192 252 91 251 190 130 219 201
    39 239 163 246 75 14 59 110 95 113 118 64 189 171 189 171 76 128 216
    168 117 171 80 43 118 124 251 16 82 94 255 5 60 58 25 180 225 89 22
    69 22 142 165 28 41 209 210 174 18 128 253 167 215 122 99 54 216 29
    52 190 246 136 121 98 238 16 178 149 252 209 144 207 250 56 10 123
    33 152 60 193 154 18 162 218 15 212 206 182 19 58 202 171 204 62 78
    78 117 201 33 12 245 77 244 193 189 134 191 160 15 12 46 85 112 157
    8 62 88 41 98 82 19 90 162 214 210 91 189 13 116 56 184 156 102 232
    229 174 163 202 237 86 191 250 93 202 234 138 240 80 120 17 241 210
    197 39 49 82 141 128 85 166 238 132 116 26 57 63 211 255 233 240 97
    144 78 129 104 125 100 216 74 62 104 106 211 250 53 78 104 186 55
    119 151 40 179 32 81 124 118 72 58 214 88 214 227 133 219 232 47 38
    18 168 166 252 216 100 247 66 3 122 209 79 154 43 11 80 165 243 152
    170 102 247 107 235 167 133 108 74 215 175 80 112 96 146 59 109 103
    209 120 192 190 196 248 247 121 220 51 25 122 204 134 116 221 165
    205 72 249 97 143 185 46 94 93 77 200 80 84 146 245 26 198 62 48 182
    90 152 7 35 175 154 8 173 217 191 48 209 98 151 74 28 156 213 109
    239 12 240 184 160 15 180 47 103 211 201 10 238 85 62 117 239 149
    178 111 71 179 119 76 47 31 203 153 141 73 182 13 52 65 102 78 115
    164 77 20 39 94 244 253 203 0 62 115 134 37 243 74 217 226 188 112
    169 226 47 199 117 27 112 57 254 6 242 115 85 83 93 32 131 76 57 165
    85 18 115 120 118 1 185 175 73 253 161 137 199 219 164 188 65 140
    222 130 0 8 220 95 69 79 152 76 174 171 138 155 180 130 231 205 165
    144 183 179 178 183 97 58 200 86 239 100 103 218 189 211 10 55 26
    154 155 93 25 49 114 38 197 128 95 81 60 91 74 202 18 111 220 138
    165 107 40 53 4 241 119 145 243 71 108 116 197 254 234 21 22 220 20
    183 250 46 152 198 239 13 44 13 33 146 129 67 186 104 119 185 212 65
    102 163 223 39 121 52 221 80 123 93 96 252 91 136 153 151 119 92 219
    246 45 231 158 21 210 15 16 183 160 30 100 198 89 245 165 178 137 29
    166 129 253 35 221 247 136 69 138 164 125 233 29 179 237 38 200 189
    27 128 227 170 113 85 27 14 158 189 161 67 33 123 53 248 242 0 105
    231 235 227 182 65 119 205 132 234 224 125 167 156 52 67 195 193 204
    199 82 150 22 213 152 105 241 62 143 140 78 220 164 62 167 87 34 131
    192 57 21 254 152 62 147 215 103 179 192 250 76 220 76 16 51 195 14
    38 161 215 104 119 132 246 81 115 0 250 171 49 153 184 57 104 180 71
    118 58 99 34 183 112 14 176 129 208 136 156 229 156 114 248 41 252
    76 19 235 64 137 61 224 197 3 48 57 142 119 67 108 36 66 69 133 182
    171 32 141 201 46 180 56 214 38 115 169 246 221 42 60 32 80 94 129
    26 238 227 120 229 192 212 35 120 213 125 114 198 184 190 13 203 9
    168 2 47 13 163 52 180 34 156 229 74 244 219 118 195 68 238 96 99
    155 37 53 158 45 235 33 133 121 63 195 98 104 24 13 181 207 197 80
    68 255 74 41 205 229 180 157 186 33 109 107 106 138 2 124 59 184 226
    251 254 45 224 122 163 6 79 212 161 228 235 219 77 81 33 218 160 237
    243 214 153 113 82 8 94 34 63 50 59 159 245 237 146 163 106 208 118
    183 26 249 241 181 34 80 23 222 149 189 179 9 28 154 94 186 189 95
    151 243 14 159 44 106 201 149 233 7 255 24 121 159 156 213 210 69
    206 120 224 142 225 234 227 241 85 5 168 230 135 196 27 143 6 196
    250 88 210 79 218 11 61 74 92 78 5 234 209 40 36 226 234 128 144 55
    18 141 96 82 166 55 163 235 198 76 161 36 249 7 56 104 248 238 17 15
    133 83 53 250 240 204 185 217 52 110 52 61 134 81 152 252 147 243
    205 224 236 118 92 187 214 22 173 209 206 157 241 196 226 108 124 82
    91 123 144 209 145 248 186 226 203 163 84 152 117 43 120 129 2 168 2
    37 215 206 29 63 33 246 243 80 107 225 9 73 249 144 100 28 202 156
    24 44 17 178 214 158 171 74 49 176 119 92 233 147 71 2 4 186 0 61
    241 183 40 83 101 49 48 246 84 6 123 145 60 96 168 31 9 42 162 181
    67 19 129 253 131 187 28 39 158 203 179 166 7 147 147 92 68 231 255
    71 57 55 240 233 24 239 149 29 14 65 20 29 132 135 21 167 105 41 238
    47 82 115 46 132 121 205 17 32 3 140 28 108 245 208 24 191 14 85 232
    60 3 24 185 113 65 64 81 17 89 29 76 79 107 144 4 10 5 100 65 167 25
    190 45 81 171 218 164 126 128 21 206 121 102 102 172 57 167 63 141
    101 118 92 40 65 82 57 217 154 234 46 4 216 8 26 13 224 92 166 5 203
    183 62 118 7 63 246 199 128 52 97 199 4 157 129 14 19 55 28 246 92
    167 36 138 26 99 115 208 156 163 48 221 35 29 179 160 104 143 94 117
    138 32 148 205 254 77 37 116 110 172 122 255 247 43 44 219 183 85 65
    182 103 45 69 151 166 6 88 78 4 237 140 31 146 122 30 59 51 149 29
    209 26 183 187 244 187 164 82 49 144 50 70 130 161 239 143 93 242
    225 61 192 54 4 20 214 152 152 30 46 196 35 53 63 219 64 221 222 187
    90 233 159 205 97 86 209 50 193 182 217 241 101 39 244 198 33 100 39
    165 130 117 79 12 171 234 176 176 213 81 174 197 140 180 54 73 31 3
    27 210 231 59 227 186 250 220 161 126 5 184 135 209 23 72 126 71 161
    17 168 113 221 252 84 3 11 77 181 191 152 107 208 58 91 22 15 90 213
    136 169 59 136 161 73 64 172 233 170 182 49 228 181 154 3 170 139
    179 203 80 247 90 118 106 248 105 239 230 31 16 154 86 33 187 210
    213 83 195 178 49 27 209 74 91 127 23 160 77 67 29 31 26 207 92 75
    116 50 73 27 40 102 255 114 2 32 201 64 98 234 61 143 101 239 255
    102 168 219 85 76 79 253 133 97 138 133 168 200 124 136 193 237 79
    57 112 154 234 36 139 247 6 228 14 214 1 81 73 252 106 250 2 236 66
    68 176 163 53 131 99 48 231 232 102 160 87 208 219 87 103 49 28 153
    240 117 192 39 104 164 169 21 15 238 88 207 251 205 59 176 134 154
    212 164 173 109 239 41 139 245 45 112 211 172 159 101 210 165 199 20
    61 137 38 166 49 129 189 86 160 119 138 144 153 155 40 246 219 44
    147 96 132 187 177 208 49 220 151 69 12 103 132 228 19 3 118 96 143
    80 18 111 237 167 153 36 199 116 249 48 109 111 94 10 185 74 24 32
    108 131 109 75 0 97 205 98 114 142 173 112 48 19 187 98 44 88 206
    217 138 34 186 0 218 138 204 5 17 58 10 176 193 109 169 156 105 107
    68 73 187 185 247 16 139 254 145 154 226 225 204 219 36 237 220 237
    175 22 87 203 245 122 230 162 165 67 7 222 77 16 4 151 57 109 183
    234 113 163 223 197 43 229 91 203 154 57 173 72 80 46 36 246 172 141
    11 229 113 233 15 3 91 119 243 14 206 6 8 71 95 125 35 44 194 255 32
    154 215 82 189 211 233 130 205 188 220 13 82 150 8 117 202 218 22 96
    231 245 179 144 198 222 38 232 56 112 183 72 97 45 119 134 199 254
    150 192 21 168 202 231 77 166 215 220 98 253 116 107 113 99 212 145
    62 134 195 45 113 20 57 13 73 62 82 67 209 59 22 136 201 128 183 91
    235 254 102 121 149 80 96 79 22 155 81 251 85 134 140 39 223 102 16
    62 187 46 167 67 2 102 206 47 170 119 155 251 191 51 139 68 252 202
    112 58 192 52 99 61 130 12 50 247 87 17 80 66 119 3 244 9 207 35 118
    35 88 77 14 116 235 71 131 123 134 71 80 99 255 95 139 206 109 185
    160 255 117 142 25 38 167 206 196 189 143 216 165 77 161 103 112 182
    239 50 98 92 248 122 67 87 240 182 206 93 222 239 128 116 14 180 101
    220 184 51 6 65 233 69 63 192 227 241 230 37 138 33 218 243 55 202
    52 247 168 220 67 10 23 240 11 162 85 142 237 89 137 30 97 93 125
    146 133 199 125 68 46 242 218 208 136 14 242 63 155 250 18 57 113 14
    207 163 240 199 211 181 177 196 128 83 17 81 249 158 52 41 63 92 108
    155 91 37 94 221 182 27 60 254 27 123 132 37 13 110 246 28 227 244
    195 63 84 64 78 141 104 158 112 58 78 51 71 26 212 188 124 248 171
    215 140 227 111 235 242 6 246 231 130 139 40 62 24 127 118 65 29 234
    245 36 190 92 194 127 9 123 14 46 116 53 64 225 26 97 99 85 190 210
    66 180 251 31 171 33 37 175 159 51 145 67 185 215 154 48 28 93 133
    87 252 128 61 55 185 91 43 36 176 98 66 46 101 224 36 103 200 150
    238 135 44 127 222 210 23 198 131 183 110 99 229 244 159 132 112 0
    187 134 74 32 165 176 117 101 204 230 211 233 78 10 31 227 61 190 35
    220 223 83 56 49 248 165 252 53 216 36 208 23 72 23 227 241 240 73
    175 214 100 150 16 201 186 131 153 247 211 237 175 103 108 233 222
    244 5 253 25 59 234 100 140 101 132 62 104 1 193 163 52 3 77 94 62
    193 214 63 246 122 210 132 92 201 55 102 229 59 125 191 73 64 136
    225 198 121 214 195 203 41 230 57 114 102 4 244 251 100 253 25 137
    177 88 240 151 211 9 50 178 23 112 4 182 171 222 250 93 199 49 127
    212 148 51 83 224 131 21 174 207 88 165 227 123 119 142 225 153 199
    202 83 12 212 124 226 38 29 22 63 63 215 29 220 140 208 21 97 125
    178 103 2 216 123 251 148 204 107 52 207 119 157 104 21 36 66 50 28
    251 38 41 197 39 66 203 120 176 89 79 33 183 97 59 4 115 180 113 149
    103 24 161 163 161 240 254 10 225 60 79 211 228 21 172 227 33 28 53
    129 237 240 217 86 145 129 77 12 76 197 9 35 82 58 80 95 75 33 216
    171 11 160 51 129 90 110 65 180 63 30 171 45 52 144 174 29 29 210
    170 179 69 225 216 253 201 115 203 191 169 53 89 88 10 9 208 153 130
    132 193 180 137 17 243 6 70 228 69 253 58 46 249 239 150 167 124 66
    206 93 76 68 204 140 109 25 15 72 41 228 199 9 212 60 2 211 73 109
    68 125 246 233 132 196 200 147 174 112 51 137 193 198 182 26 112 52
    139 32 60 10 47 156 253 131 30 15 204 60 243 142 49 146 224 74 249
    176 252 193 149 76 50 90 127 112 92 230 108 145 213 205 17 9 139 234
    187 201 184 104 11 246 176 61 217 206 81 114 63 180 105 117 52 246
    49 73 21 51 209 150 241 163 18 252 186 155 175 112 49 124 75 199 150
    210 78 111 217 180 176 184 241 230 45 178 140 34 130 182 108 19 174
    65 82 200 222 250 68 111 10 240 152 148 113 158 41 33 20 215 205 105
    88 170 75 42 98 74 22 124 213 147 196 222 222 118 152 234 113 22 148
    72 217 92 195 251 189 249 81 186 206 112 110 124 61 158 79 153 251
    145 250 72 1 220 173 105 91 202 226 191 90 176 252 141 152 232 74
    148 229 208 247 201 19 1 159 137 59 120 39 77 184 159 2 139 57 188
    247 74 97 91 75 204 25 163 217 220 20 160 213 235 200 129 85 110 179
    193 112 245 114 241 90 175 205 133 252 205 33 6 26 227 190 162 65 49
    160 70 123 71 30 106 68 8 149 222 104 58 168 163 219 252 151 106 218
    15 81 241 28 142 79 68 194 168 246 113 65 153 225 144 208 74 150 4
    41 200 123 194 117 81 225 174 104 146 224 53 213 131 145 100 67 106
    84 49 12 238 102 2 69 238 221 74 144 76 31 61 7 54 222 29 203 69 145
    104 130 228 149 53 229 210 157 160 238 69 10 65 148 110 196 228 55
    156 237 187 29 79 17 210 165 5 165 44 158 207 240 150 134 33 223 88
    5 202 6 101 247 252 204 119 28 254 149 222 242 255 48 208 165 0 75
    89 255 217 171 72 151 229 91 80 125 214 1 188 0 164 180 60 249 188
    202 76 139 179 36 91 25 47 138 226 51 161 37 113 68 250 9 232 218
    138 160 208 47 217 160 120 146 215 37 175 90 146 191 107 108 140 18
    41 212 131 23 94 197 69 230 189 151 252 178 214 159 91 251 195 4 159
    147 64 152 201 74 92 76 167 232 161 95 58 252 112 172 125 207 246 12
    191 152 220 194 56 35 67 151 213 251 251 134 123 179 84 156 0 28 226
    178 50 219 65 233 237 59 28 163 13 140 203 131 157 60 123 138 227
    230 177 147 125 122 99 209 121 9 61 114 224 96 223 104 37 211 23 193
    214 235 98 245 120 220 249 235 110 155 129 71 169 23 18 159 188 138
    201 5 66 9 11 9 209 143 221 219 88 95 121 42 88 213 121 36 27 118 27
    116 211 28 195 131 85 19 73 138 60 68 5 67 142 230 116 24 224 157
    169 183 84 24 133 182 4 58 97 168 23 241 53 5 44 49 72 80 145 123
    183 204 31 183 124 34 69 148 213 114 33 213 26 139 233 108 242 169
    253 203 209 111 204 188 36 112 121 49 21 25 13 21 124 254 90 151 130
    203 229 238 142 217 112 202 171 45 38 142 135 92 139 250 231 0 75
    197 226 104 21 170 125 1 85 107 143 64 151 43 121 191 37 5 91 151
    145 77 83 242 154 193 180 207 104 209 208 195 116 239 37 121 138 253
    131 114 145 4 165 14 17 121 241 105 93 202 162 214 83 7 61 162 97 59
    199 245 171 31 241 215 81 58 21 16 186 168 183 121 53 17 203 140 207
    57 169 17 51 228 111 108 121 242 75 35 72 130 170 12 14 63 253 96
    158 49 1 218 25 99 43 158 173 172 146 99 161 215 117 76 48 110 43
    248 88 245 67 101 225 34 216 205 94 72 128 143 73 135 189 221 11 82
    215 130 234 247 222 16 59 42 12 20 223 164 175 25 95 109 240 155 151
    134 249 28 89 45 44 159 122 23 67 202 37 78 19 106 243 111 55 115
    252 79 31 76 131 207 229 83 194 242 71 105 158 232 201 238 199 244
    209 29 49 62 100 72 64 40 241 122 108 91 239 61 31 102 128 146 164
    48 50 198 156 251 49 141 62 218 214 163 24 226 247 202 158 209 230
    76 186 174 200 174 227 102 193 233 35 126 178 207 17 179 10 249 35
    233 65 48 210 171 216 152 242 184 98 170 91 142 38 93 239 147 45 98
    197 158 34 192 52 217 111 46 177 180 122 159 210 91 66 203 36 40 110
    61 83 26 202 133 1 13 18 128 9 207 183 168 240 195 166 211 114 78
    245 29 49 28 55 148 222 27 42 159 226 6 200 251 195 222 111 108 235
    58 169 45 119 103 97 203 9 79 97 135 60 73 205 219 59 218 98 162 206
    162 235 67 156 254 83 5 20 93 255 186 42 15 15 92 255 132 31 140 249
    48 176 197 136 111 250 168 152 149 21 101 253 18 246 255 56 133 61
    79 42 159 233 227 126 173 218 103 199 65 167 62 215 21 167 125 133
    138 163 106 21 210 136 209 131 41 42 139 94 181 32 168 26 189 127
    112 207 193 141 39 61 57 133 4 83 242 180 6 58 190 150 75 36 208 58
    70 7 205 242 222 141 20 153 27 34 191 210 197 150 190 70 78 106 152
    54 97 119 220 16 103 88 151 120 115 9 204 214 7 81 221 123 189 183
    254 245 67 86 161 228 119 242 177 99 95 101 181 134 246 196 87 196
    145 232 195 231 7 205 171 66 115 227 119 40 48 76 152 147 96 179 119
    16 35 55 203 162 247 185 215 123 13 245 253 236 169 63 250 213 45
    139 204 106 204 63 98 237 115 250 70 255 79 54 31 92 240 163 53 136
    79 67 227 65 204 222 110 18 152 17 150 76 48 112 242 172 122 73 239
    232 4 188 126 143 87 96 134 164 62 182 16 237 120 2 238 65 16 100
    171 95 25 254 66 100 26 81 206 239 114 242 11 174 145 205 210 109
    207 197 48 135 152 47 215 196 222 92 80 97 227 173 144 138 66 134 32
    110 62 60 205 97 24 27 93 126 164 96 220 58 116 174 224 168 40 189
    221 3 49 85 107 215 57 11 242 94 130 204 64 45 196 92 145 181 114
    231 250 46 86 231 109 242 126 253 121 100 221 31 228 118 25 196 13
    46 251 194 208 12 251 107 252 139 6 178 208 220 29 120 56 124 97 193
    235 45 27 135 82 254 44 122 165 109 77 181 40 238 129 80 250 171 212
    111 154 51 104 109 56 73 94 225 37 141 223 242 196 246 246 94 94 35
    212 188 62 126 47 138 241 43 11 156 220 35 189 56 72 240 182 230 12
    130 206 218 132 17 10 233 156 246 212 2 179 106 15 42 103 102 169 71
    116 46 90 115 37 134 134 117 68 121 24 232 46 116 141 177 22 129 215
    171 233 139 237 205 171 227 92 181 88 34 114 120 4 68 68 59 29 152
    192 200 192 246 244 18 236 43 234 244 224 251 151 161 173 245 246
    255 174 190 237 42 153 91 15 19 209 176 77 155 13 84 84 42 0 7 153
    33 142 114 187 95 252 243 37 28 252 70 175 78 111 246 155 142 173
    213 2 92 11 166 155 104 185 68 57 37 219 233 199 32 160 133 60 112
    173 224 51 204 133 25 83 89 158 63 221 133 231 52 191 216 227 224
    149 183 6 120 222 51 1 169 155 26 33 89 251 253 156 160 53 32 141
    251 226 155 194 71 20 125 111 80 115 234 59 175 55 141 78 108 207 55
    36 78 31 37 247 187 107 223 105 97 174 17 36 25 250 169 135 54 127
    124 239 180 27 231 161 142 152 69 204 229 216 168 156 227 7 234 104
    37 116 248 10 69 138 118 85 153 125 184 23 41 18 78 185 218 41 42
    181 2 116 44 146 22 2 197 18 188 216 169 76 28 171 234 53 131 8 146
    97 125 173 132 125 208 190 166 94 103 128 53 29 135 209 224 145 33
    116 91 24 8 54 16 107 190 212 29 151 44 0 4 67 158 86 151 103 64 244
    70 52 187 140 110 251 155 126 116 143 221 60 121 235 115 55 197 178
    99 100 202 49 72 134 114 128 34 124 103 74 74 191 248 229 101 195 13
    57 113 155 246 89 42 59 225 209 183 186 64 227 22 57 75 239 150 182
    204 168 64 67 145 233 16 125 30 125 226 160 252 214 228 50 8 25 27
    32 150 92 15 214 50 211 115 133 61 120 20 58 29 137 184 95 31 200
    176 40 124 70 191 152 245 9 180 143 4 65 76 156 180 20 117 3 64 253
    112 121 181 235 115 198 49 187 252 99 143 178 195 237 206 221 216
    209 43 200 129 28 28 127 141 3 250 147 55 95 25 106 93 212 215 58 42
    28 84 133 63 255 146 147 6 212 62 246 197 139 7 119 210 122 157 189
    131 202 192 107 54 20 245 57 109 30 43 188 146 28 122 83 150 240 55
    170 226 94 22 30 132 113 63 194 56 154 9 12 235 60 41 31 154 138 172
    219 59 162 116 184 5 178 213 56 108 140 74 54 65 87 232 88 236 52
    118 248 81 109 96 103 165 160 233 163 18 24 26 133 60 208 180 69 148
    146 109 133 249 97 251 75 79 78 95 4 66 243 32 30 150 111 215 188 71
    191 178 147 242 99 140 118 226 56 234 131 16 250 184 29 104 133 201
    59 85 252 224 245 71 193 67 71 182 215 75 67 152 23 71 160 155 214
    144 16 106 225 55 60 24 54 129 47 91 112 68 157 34 132 149 152 219
    140 207 212 98 209 111 249 176 213 210 65 188 126 17 35 181 50 202
    178 183 155 14 34 51 0 51 66 157 80 165 228 124 169 118 11 20 86 106
    9 156 227 122 23 75 144 87 157 192 128 114 67 180 16 23 50 8 227 15
    158 140 181 245 32 119 194 136 53 190 206 202 61 45 75 139 252 218
    27 130 15 83 221 101 235 62 160 8 133 247 51 213 235 121 216 54 60
    198 46 83 242 60 112 116 47 224 43 180 139 126 227 37 28 208 190 239
    83 185 144 163 142 140 59 71 250 26 61 149 36 15 107 142 80 169 157
    33 61 135 109 253 53 238 47 194 20 168 201 11 120 208 26 235 179 210
    160 38 128 164 204 217 163 73 145 70 89 22 120 203 222 130 170 95
    151 173 53 183 166 11 40 71 189 3 149 163 13 166 199 76 22 96 215 72
    143 174 112 98 218 204 187 47 111 215 169 118 120 23 141 11 24 61 48
    125 221 53 158 223 30 76 203 189 204 53 155 172 42 238 29 89 187 164
    252 1 223 207 2 208 60 153 77 104 226 106 196 180 185 146 196 167 10
    80 61 149 207 246 126 143 115 10 17 138 89 104 40 129 53 48 184 23
    18 129 32 218 232 78 157 97 124 76 70 164 195 128 127 235 144 55 16
    185 217 175 236 144 228 81 28 99 147 139 107 102 99 70 148 171 249
    20 76 228 89 100 130 94 215 145 47 229 67 143 208 224 69 86 72 119
    200 194 44 143 86 144 246 9 118 181 115 29 248 11 101 231 88 194 42
    108 107 206 222 182 210 165 192 43 192 207 169 37 122 211 166 110 98
    69 216 53 143 158 178 43 219 86 179 137 5 241 220 109 190 45 153 105
    201 128 247 24 183 76 86 128 122 183 72 164 248 185 68 93 226 74 241
    219 251 254 113 159 209 60 28 13 235 28 172 120 30 156 115 24 58 80
    74 154 106 157 233 201 214 85 180 61 118 107 179 89 4 207 112 225 29
    168 110 151 168 226 21 7 62 132 178 215 31 25 62 24 179 80 239 253
    253 136 29 211 49 231 162 111 145 221 140 133 233 46 32 28 20 120 62
    80 7 145 18 83 4 194 88 51 92 174 9 68 65 22 61 161 39 59 247 159
    126 126 124 206 244 199 232 1 152 230 178 117 171 196 107 201 160 67
    123 11 56 202 169 133 122 207 191 240 40 221 93 85 230 136 126 184
    91 92 68 247 176 15 176 173 212 31 9 43 1 203 67 19 197 207 33 15
    126 190 212 182 95 171 168 105 86 204 136 64 195 204 252 107 51 233
    160 133 88 120 188 166 165 179 35 197 234 176 40 49 58 205 194 160
    175 9 235 125 200 146 226 85 192 242 239 82 174 125 200 24 25 47 174
    78 168 222 51 86 126 227 197 68 188 52 78 150 8 127 103 122 203 8
    228 98 209 106 246 84 15 100 67 190 147 118 104 248 221 223 156 104
    80 234 248 224 18 247 119 155 252 115 210 142 221 177 217 56 10 167
    43 208 67 92 228 5 183 88 244 240 1 235 153 10 85 240 203 166 246
    253 26 233 37 235 140 252 75 92 151 244 28 168 246 105 97 150 184
    242 87 146 253 61 104 71 71 178 55 1 27 22 214 130 240 143 188 128
    23 58 247 93 140 181 158 87 240 255 250 116 52 65 207 115 255 198
    139 137 239 214 120 222 185 73 9 94 64 146 34 120 150 190 216 104
    134 176 148 149 196 165 184 254 31 90 154 151 200 116 132 201 193
    248 144 40 59 145 197 152 168 249 188 107 250 240 106 14 207 214 93
    209 109 156 168 234 113 2 238 64 59 61 154 137 93 219 47 126 36 6 6
    9 131 196 213 139 10 104 85 110 119 164 161 40 36 128 49 69 59 148
    191 104 100 177 108 19 45 33 8 184 222 205 14 42 2 86 72 202 109 227
    92 35 163 50 143 161 58 193 148 48 16 180 121 198 55 91 111 208 81
    224 159 175 146 146 12 38 77 141 104 133 208 229 146 39 90 187 42
    234 155 58 165 29 169 155 86 133 130 215 234 214 197 155 206 176 104
    252 50 204 54 2 166 58 45 236 164 30 114 248 184 233 176 37 19 91
    127 152 71 159 107 43 87 208 38 223 251 202 153 113 132 217 170 221
    151 168 111 144 107 96 172 110 220 19 106 234 60 63 73 156 96 122
    101 1 128 143 119 1 17 194 4 157 171 87 215 52 153 10 169 42 88 71
    152 16 207 35 144 129 24 20 131 53 57 200 111 119 167 24 183 150 52
    104 154 254 71 223 70 63 56 205 122 146 105 255 76 52 204 208 169
    242 148 150 76 91 185 181 245 136 69 113 239 167 49 13 243 100 138 1
    129 73 10 225 124 53 17 213 164 186 24 30 227 35 30 90 104 152 26 7
    28 175 245 40 8 49 24 219 65 40 152 226 192 100 247 101 155 177 155
    78 253 201 201 135 170 5 124 112 130 17 140 243 154 244 79 90 171 26
    201 192 65 253 211 220 114 149 41 161 101 247 156 109 78 233 240 81
    191 122 31 194 118 84 41 78 94 126 143 222 231 173 102 164 219 61
    238 140 229 72 139 163 5 25 166 145 92 86 252 138 14 236 33 241 19
    128 213 183 14 235 95 149 72 241 91 8 235 44 120 147 200 197 0 250
    243 0 189 11 1 169 251 34 4 254 208 74 88 237 77 67 228 73 9 181 12
    55 80 250 95 157 237 167 158 146 64 40 18 153 242 82 52 118 34 81 28
    72 74 70 121 30 91 166 14 89 72 184 217 90 7 73 217 46 134 248 140
    244 147 159 5 56 205 50 64 247 167 148 237 202 48 205 160 26 220 250
    57 253 62 63 61 70 173 80 170 3 70 199 137 184 56 193 57 91 136 94
    181 101 0 211 146 120 143 32 246 204 197 169 81 48 26 0 20 222 69 34
    19 206 161 98 85 145 236 172 238 183 1 185 52 55 116 95 54 189 22 85
    30 126 233 90 252 159 201 68 167 104 235 127 189 6 120 212 47 20 218
    243 25 217 202 27 55 152 174 213 150 10 156 181 243 119 80 42 105
    202 112 98 122 241 141 39 177 64 105 108 20 71 11 122 75 81 250 103
    199 82 5 253 90 110 5 125 231 235 100 73 162 195 64 52 23 59 57 114
    146 225 106 157 56 255 25 221 233 36 37 88 72 122 120 114 208 109 48
    61 133 200 140 19 43 85 28 161 36 46 149 240 54 16 195 237 152 154
    121 239 161 168 128 147 160 242 20 228 86 131 14 71 204 39 178 226
    67 25 117 112 183 157 169 168 242 54 180 179 59 207 101 79 104 253
    229 78 151 103 145 111 130 199 104 169 96 141 109 152 89 25 219 192
    93 71 19 76 184 193 64 208 127 60 127 99 33 198 144 204 179 101 225
    20 179 24 142 48 16 182 102 105 78 250 112 83 121 138 157 130 75 79
    101 163 96 15 189 57 182 83 103 197 222 25 48 205 144 214 240 202
    231 120 203 36 170 157 88 109 19 32 243 42 151 133 156 105 107 198
    149 249 248 232 83 142 82 230 109 137 155 60 143 134 100 205 113 61
    237 197 247 86 2 216 32 192 112 198 164 161 11 116 12 25 193 111 209
    158 182 68 47 195 90 72 55 186 57 192 143 98 247 54 142 171 95 84 44
    225 83 72 25 98 0 159 188 170 61 254 251 28 227 133 189 227 99 79 38
    39 81 96 103 166 165 228 46 204 145 22 57 218 178 240 163 101 74 147
    231 221 187 90 199 138 212 36 20 215 237 232 198 39 26 133 188 52 1
    204 206 14 199 10 91 236 5 97 14 238 122 113 130 121 100 124 217 52
    243 251 9 30 247 150 223 164 205 134 7 116 16 248 192 213 244 229
    235 245 6 53 120 155 50 207 38 90 13 96 181 139 168 178 217 43 76 63
    106 37 149 157 218 234 194 247 109 251 228 162 151 37 66 82 215 5 62
    241 234 209 91 112 100 130 73 40 84 137 220 99 70 9 118 130 173 205
    66 55 67 150 59 178 175 45 131 25 5 81 177 44 155 126 58 50 120 186
    186 16 42 203 164 49 181 54 144 106 165 17 121 237 40 151 126 175 82
    117 134 168 175 97 251 141 199 121 21 248 50 101 150 72 48 133 226
    70 1 111 142 235 59 183 121 214 5 72 142 150 161 195 158 72 82 4 121
    234 226 169 255 187 129 83 172 216 67 95 19 86 191 56 50 6 209 40 97
    252 228 154 5 248 254 213 246 205 78 109 106 42 200 141 89 14 78 124
    173 254 252 83 245 62 124 219 10 23 240 198 222 121 150 206 10 117
    141 17 104 93 148 169 12 64 136 205 18 220 124 191 203 112 184 35
    239 71 120 220 208 193 248 126 180 30 166 48 33 59 201 141 188 11 6
    16 0 54 136 131 14 239 189 41 68 70 220 248 33 96 253 58 216 134 132
    219 189 220 174 123 141 115 147 179 59 16 21 137 1 194 193 84 251 79
    197 120 56 225 152 46 243 128 246 18 83 166 123 98 41 23 247 18 66
    238 50 22 41 229 194 52 137 164 217 160 185 70 2 220 104 249 241 180
    64 164 215 154 170 97 40 140 187 204 85 102 20 35 117 63 210 143 76
    44 144 4 211 104 238 0 103 125 51 116 154 235 193 24 32 105 68 145
    202 120 53 24 196 19 97 150 50 93 37 63 43 65 161 219 150 1 81 223
    164 170 171 149 70 219 155 242 49 255 63 23 141 249 129 216 120 7
    212 208 47 56 167 15 11 123 84 109 17 238 196 239 242 200 245 253 77
    148 95 196 105 142 77 175 67 98 94 89 124 73 43 190 214 98 73 183
    197 163 41 229 105 14 45 229 168 63 101 130 70 217 38 136 196 237 54
    30 96 110 91 83 75 33 46 228 154 132 247 234 229 235 29 149 56 188
    153 46 196 234 44 104 219 111 247 67 87 94 214 107 242 220 44 222 81
    150 82 63 51 171 188 182 111 24 136 224 79 230 72 163 29 252 21 161
    91 29 213 140 133 133 71 232 144 249 185 247 111 60 117 100 181 201
    125 154 85 82 224 10 115 50 85 93 170 114 175 116 150 221 137 170 66
    133 36 67 37 131 147 31 129 111 177 166 154 246 106 168 48 90 22 115
    64 104 225 120 229 248 120 251 44 147 141 40 229 56 33 33 13 249 250
    35 158 36 113 120 31 146 90 171 31 32 120 42 89 105 232 178 150 107
    231 43 83 168 12 173 103 187 150 166 38 67 132 90 147 150 7 167 92
    69 122 67 243 254 53 191 225 22 240 192 8 143 4 181 52 10 142 131
    191 190 211 163 50 125 156 193 58 235 178 242 246 39 250 122 105 29
    29 156 244 138 154 199 149 165 57 201 36 68 58 239 7 46 58 73 45 47
    199 95 255 188 27 64 188 171 205 34 16 40 225 134 18 157 249 212 26
    157 183 115 0 189 217 46 38 233 206 251 73 86 7 56 13 101 205 238
    148 244 161 110 155 228 230 107 166 40 218 86 131 45 186 251 200 72
    85 68 27 224 204 67 253 187 147 113 162 113 122 46 189 83 187 127
    148 124 72 79 107 51 75 165 96 61 9 38 4 77 2 202 154 236 189 192 87
    11 181 39 234 204 197 93 11 183 15 108 229 61 10 91 241 244 122 0 30
    59 30 169 231 36 228 232 40 239 6 212 142 125 112 115 247 8 128 70
    160 109 50 49 184 165 26 171 212 169 29 53 147 204 237 92 29 186 21
    139 201 220 18 21 78 215 116 178 186 16 117 200 162 245 221 20 229
    72 234 203 153 152 238 109 35 149 185 27 114 184 35 224 83 240 169
    128 109 150 90 36 172 131 77 141 205 106 135 169 78 135 16 103 108
    156 143 235 60 104 159 63 90 185 186 204 86 57 209 63 19 20 10 154
    119 158 183 128 43 29 29 230 45 133 209 145 52 201 231 245 5 12 16
    175 73 213 246 198 44 116 217 24 15 240 47 8 66 253 126 143 25 226
    20 2 22 13 142 143 214 195 10 21 136 144 6 9 210 224 5 74 83 150 154
    246 30 254 96 24 63 88 148 254 240 206 16 39 220 163 157 106 81 111
    140 185 241 200 218 210 152 9 126 119 4 80 130 209 178 91 228 152
    151 136 89 20 20 207 189 228 2 153 38 192 227 67 252 227 238 103 77
    205 88 238 221 244 152 41 149 18 47 8 197 210 7 153 114 11 59 191
    195 0 47 35 56 253 142 94 27 203 104 176 33 79 250 233 21 13 145 12
    153 13 201 8 54 84 243 180 40 30 225 60 7 45 197 74 113 159 223 67
    124 116 181 30 152 241 119 107 81 155 76 103 77 50 52 194 73 136 156
    34 143 52 27 225 134 144 36 233 238 142 149 122 128 197 196 62 178
    115 111 157 253 132 196 101 76 252 8 100 137 210 78 123 173 173 55
    53 209 147 124 105 180 182 17 88 178 140 239 6 97 76 249 77 185 70
    223 62 188 30 54 184 32 197 59 13 156 29 19 215 227 169 107 65 118
    49 84 184 254 15 229 125 222 13 99 50 62 120 242 57 186 27 23 224
    214 64 151 235 153 41 243 207 39 167 177 129 29 170 212 120 245 18
    255 104 115 108 194 53 64 207 166 199 52 129 139 131 24 48 209 3 84
    224 60 161 212 215 128 111 245 79 6 72 128 75 150 178 224 101 105
    243 247 107 209 3 115 28 194 232 25 104 150 148 90 105 254 175 220
    106 234 239 89 74 73 29 129 209 42 233 110 82 214 77 255 248 108 167
    172 60 200 72 134 232 247 119 114 231 40 222 33 254 125 88 132 82
    192 135 150 60 184 49 165 76 46 237 182 151 68 16 131 227 34 181 67
    6 92 134 174 205 39 248 125 189 52 198 239 190 189 205 144 13 69 175
    226 249 227 42 197 115 30 239 119 45 8 157 205 128 16 172 209 28 46
    253 145 138 59 239 224 216 27 230 49 3 18 9 228 6 35 114 241 34 240
    155 221 193 225 116 232 71 100 67 165 43 41 77 219 88 113 198 209 38
    130 230 232 71 246 27 224 175 12 167 214 0 192 209 124 113 122 152
    13 83 149 39 146 164 2 231 56 89 15 34 163 230 229 88 193 88 80 44
    240 212 41 243 69 240 3 191 88 205 217 224 17 42 206 132 46 227 139
    150 170 68 108 243 99 55 155 136 52 155 229 209 188 92 65 20 104 186
    56 207 210 213 137 187 233 211 178 120 183 88 34 115 36 92 186 89 88
    77 107 143 70 206 196 184 141 150 194 113 64 208 177 9 63 143 139
    210 182 157 192 131 173 223 120 142 234 219 142 114 177 116 94 17
    111 196 118 211 88 103 195 32 197 123 80 84 147 109 66 216 17 249
    231 211 211 51 70 145 152 208 50 201 159 232 238 164 161 158 134 223
    62 189 41 108 179 32 212 216 112 183 222 93 36 170 118 66 61 145 81
    150 31 173 208 128 35 253 126 239 68 121 97 39 202 90 174 219 151
    215 209 47 191 29 194 47 117 38 118 119 162 159 151 88 224 235 93
    197 251 168 235 105 199 133 182 194 114 180 140 75 76 42 38 242 161
    14 208 137 86 195 56 84 13 145 143 37 75 137 146 152 79 191 178 54
    45 194 91 115 61 177 202 147 179 247 85 78 192 217 131 58 236 110
    146 40 64 209 111 91 176 211 97 118 122 75 170 101 182 53 169 9 120
    160 253 95 83 39 105 86 240 136 47 124 199 108 171 194 44 1 41 235
    152 84 168 177 36 9 188 254 131 86 4 119 204 69 226 124 228 73 114
    162 133 46 64 19 192 48 193 122 207 24 81 147 88 145 189 55 108 191
    31 16 61 176 229 217 223 56 198 220 67 236 233 33 232 212 20 172 161
    11 33 13 62 129 71 198 230 73 195 80 126 50 21 109 209 225 173 64
    127 48 85 57 137 120 14 101 122 105 125 36 49 87 181 115 19 226 62
    182 153 128 195 234 247 59 191 84 42 98 25 49 149 81 120 230 40 142
    135 35 94 165 154 106 126 237 147 220 107 54 1 188 253 108 82 178
    162 210 240 119 47 225 166 67 142 247 121 148 239 255 11 181 156 87
    61 202 6 52 59 254 113 218 5 53 189 136 11 134 244 58 66 164 177 6
    107 107 223 138 156 82 23 241 220 96 234 106 162 38 139 176 52 175
    235 142 0 120 244 226 5 101 140 122 105 231 220 164 237 254 203 255
    148 110 191 213 231 130 182 239 243 209 223 191 245 85 48 8 70 112
    124 60 18 79 114 245 125 147 32 235 145 156 21 26 135 247 20 68 92
    69 15 144 226 116 20 252 130 109 80 1 222 200 237 254 15 240 223 105
    81 167 123 79 203 3 35 248 50 31 222 31 62 234 170 50 163 50 108 231
    243 33 14 113 180 106 229 132 35 118 39 249 155 77 182 121 154 228
    226 115 38 58 49 45 157 118 35 93 16 58 183 206 74 223 221 18 52 6
    175 245 62 246 83 65 141 251 1 157 254 221 103 165 215 177 170 234 1
    171 191 217 29 136 108 145 52 32 43 17 221 131 244 50 22 165 148 40
    125 114 121 51 23 220 33 102 156 227 2 185 38 79 144 222 68 101 1
    126 243 40 198 25 176 31 145 153 72 166 58 132 162 243 58 25 1 185
    156 45 84 248 96 251 183 77 185 250 212 252 23 208 43 116 3 243 4
    238 110 220 143 92 4 225 190 245 233 158 55 4 34 19 69 110 152 210
    141 174 33 58 81 40 188 164 10 236 62 207 123 39 242 211 33 97 247
    148 32 159 223 40 219 31 154 204 141 176 222 190 115 100 20 100 44
    99 8 165 196 108 142 25 164 8 229 87 182 15 110 26 217 162 101 27 2
    114 250 196 114 120 238 164 188 46 246 124 133 98 228 85 102 182 237
    60 220 21 55 85 93 77 212 93 85 115 187 56 208 70 212 201 238 215
    224 29 56 23 147 149 67 199 122 205 44 57 99 4 119 17 18 4 39 233
    255 189 118 179 180 143 245 153 190 176 125 101 161 99 80 182 180 11
    181 20 221 21 176 196 137 213 204 84 245 154 6 138 166 58 181 190
    159 15 117 77 104 226 172 228 248 164 3 141 8 116 184 161 148 18 202
    124 37 177 82 148 115 226 217 174 213 38 55 201 245 65 37 192 155
    146 96 64 117 86 240 210 68 30 11 12 42 137 108 228 91 90 76 98 131
    108 211 159 120 52 200 252 171 216 160 16 147 33 72 201 168 24 26
    125 181 165 21 143 199 185 200 142 252 156 104 62 116 100 69 49 128
    148 159 23 116 185 240 93 205 139 147 221 63 51 95 17 237 41 232 249
    13 209 115 133 240 250 231 252 6 219 147 89 67 58 51 89 215 153 226
    224 244 221 192 228 84 59 125 94 67 72 85 246 119 114 100 166 240 25
    89 186 91 85 237 63 180 251 96 37 220 47 106 134 194 39 11 92 19 186
    229 35 157 54 221 201 208 72 53 26 145 144 45 208 116 212 200 229 84
    216 108 22 107 98 104 115 54 56 55 214 201 198 24 78 197 7 9 21 149
    211 145 93 181 215 149 138 32 220 140 36 181 114 228 152 31 252 68 7
    180 0 22 158 16 68 122 66 225 77 85 186 136 245 72 167 214 245 245
    160 228 117 143 217 220 231 99 121 70 251 173 98 230 185 232 62 102
    47 70 100 175 83 45 198 209 195 111 198 14 116 179 97 133 90 195 22
    150 1 28 237 110 244 177 225 116 237 121 63 111 105 255 75 239 224
    158 117 187 117 180 53 208 243 167 117 93 20 29 64 173 152 253 76
    114 233 177 124 141 240 240 217 174 38 14 244 112 44 172 233 191 47
    35 18 73 97 112 251 200 155 144 2 253 141 239 15 97 28 4 79 117 162
    117 176 164 35 214 1 1 119 159 50 250 239 70 232 224 17 48 241 139
    142 40 74 227 155 204 58 161 134 13 249 103 75 59 72 32 140 85 8 214
    44 115 42 98 114 149 147 7 116 90 206 244 142 61 239 6 170 214 124
    109 213 155 115 24 91 129 94 210 153 158 63 153 66 51 159 87 42 26
    228 30 96 47 85 224 46 153 58 123 113 215 98 149 231 100 123 3 218 3
    141 8 251 218 5 4 140 88 249 127 154 68 86 219 170 121 229 123 47 96
    139 10 27 234 89 251 156 55 234 101 64 215 200 81 113 74 170 56 1
    108 142 42 252 154 134 128 252 3 122 128 213 212 244 203 233 178 223
    218 112 198 11 148 108 247 1 128 161 126 230 213 252 206 185 27 254
    202 189 207 228 5 79 162 161 179 236 2 61 5 186 112 200 210 35 188
    70 178 113 64 136 82 13 226 237 234 101 73 241 180 92 139 122 44 20
    146 200 59 39 43 97 100 134 223 13 32 201 137 76 209 52 125 210 133
    81 248 101 155 7 18 183 150 11 172 137 125 65 164 196 181 167 1 239
    2 92 38 86 107 38 87 175 21 95 34 253 81 173 79 150 170 17 138 195
    77 214 209 162 191 81 163 148 178 166 226 186 215 93 66 249 246 166
    4 124 72 170 255 252 174 181 209 224 141 180 155 28 25 103 157 53 70
    158 233 169 22 3 141 242 105 4 226 184 161 112 148 89 182 100 66 74
    104 76 50 3 178 232 29 105 150 113 15 99 79 114 96 129 63 129 121 99
    252 224 176 51 112 148 100 74 219 66 5 7 227 40 24 51 165 55 109 85
    196 9 240 77 125 34 58 121 145 133 242 23 72 160 93 133 39 250 148
    179 110 147 123 121 197 21 14 15 238 211 64 178 173 176 168 206 250
    189 87 14 99 176 209 54 13 186 172 153 49 1 14 99 28 96 22 161 4 173
    252 24 23 222 248 192 91 137 127 207 154 109 159 29 190 195 185 193
    75 231 111 192 55 247 33 26 52 251 18 1 254 75 6 173 92 217 46 246
    178 2 80 1 75 72 179 6 190 169 176 11 43 114 204 162 29 32 14 56 7
    214 249 67 140 161 155 239 150 79 236 46 91 54 70 6 247 219 168 27 3
    175 135 209 118 109 138 188 154 59 246 240 16 171 101 52 47 18 186
    223 216 89 173 230 101 177 159 65 227 9 99 177 104 31 49 209 163 79
    172 81 208 135 127 31 71 228 227 199 233 183 50 4 169 141 71 131 223
    15 61 101 87 174 180 0 248 172 15 120 81 223 55 146 8 246 230 50 248
    8 237 39 144 154 30 224 23 61 31 71 222 107 214 5 15 240 176 6 28 88
    25 81 200 85 113 205 199 83 118 5 63 228 54 38 219 66 54 241 245 240
    236 40 2 115 163 200 166 239 9 113 190 147 122 206 194 220 75 81 192
    132 77 143 123 14 115 141 236 181 83 72 73 219 221 32 172 204 145 9
    119 146 11 224 129 90 168 150 115 27 149 20 227 240 213 50 30 189 85
    252 216 212 41 207 93 98 203 218 68 160 194 72 165 194 123 64 192
    248 68 102 119 211 171 32 42 107 242 110 108 249 237 67 157 210 234
    27 155 76 33 21 173 84 36 209 86 179 58 187 61 62 158 64 255 62 210
    214 50 95 253 121 212 235 84 109 13 219 251 251 41 236 196 39 70 117
    118 127 93 68 197 156 180 243 161 207 116 12 228 174 205 165 157 63
    219 250 81 130 149 246 203 236 109 240 93 165 240 195 24 114 98 106
    41 97 225 75 132 92 161 39 26 201 37 225 174 10 19 60 4 15 6 193 110
    116 72 174 2 192 26 198 32 158 203 238 123 132 21 188 123 31 232 84
    53 54 230 178 138 129 85 5 197 189 224 132 75 192 209 170 123 34 222
    68 203 103 237 225 164 205 38 24 201 97 124 73 246 30 143 216 96 8
    93 4 191 184 127 7 41 73 171 50 232 76 88 248 176 51 107 183 47 29
    80 200 64 149 216 54 252 201 44 99 243 188 15 60 142 76 168 182 179
    5 94 217 60 182 13 90 25 58 143 157 187 132 138 102 202 67 140 253
    59 88 215 231 149 236 235 41 252 225 49 81 80 54 2 92 188 124 131
    159 25 128 220 63 226 139 252 28 229 72 129 102 210 60 180 228 74 54
    164 109 165 248 101 179 222 191 16 228 11 141 115 88 168 117 236 94
    219 103 218 48 115 82 163 113 192 94 240 122 135 78 122 129 199 146
    149 237 9 60 34 132 68 141 40 203 92 178 20 194 5 34 110 95 41 94
    228 68 149 218 246 65 228 114 165 111 237 33 248 189 119 230 102 190
    18 112 165 242 243 42 222 49 166 255 98 194 15 193 240 202 207 96 65
    207 223 79 186 128 196 2 6 141 175 68 94 224 141 25 16 48 12 103 200
    213 199 41 61 4 160 169 211 176 106 205 89 133 246 216 128 216 75
    159 167 126 253 94 16 116 97 101 144 208 189 17 68 88 209 78 71 5 64
    179 74 251 113 35 27 214 169 171 65 0 115 93 41 46 13 206 77 52 19
    148 175 155 188 116 132 6 59 231 141 235 130 199 205 41 34 220 154
    35 107 114 21 140 81 175 241 182 122 162 3 193 219 244 102 207 133
    145 198 15 250 53 226 216 181 14 136 123 239 105 220 57 220 244 46
    145 216 126 198 110 94 236 191 26 66 78 117 234 35 33 7 210 192 133
    16 233 156 98 73 52 230 228 101 178 205 236 205 182 216 104 16 82 61
    97 156 75 189 154 77 195 81 89 180 25 185 89 232 239 20 32 58 159
    177 122 61 224 229 249 207 204 175 102 145 158 87 224 16 0 1 135 151
    158 140 6 112 252 229 116 38 5 133 39 219 163 229 129 145 189 141
    130 42 27 126 134 172 240 93 227 25 98 125 146 53 205 119 110 162 63
    34 11 88 139 239 177 209 104 178 43 241 8 124 163 196 51 252 47 23
    117 163 163 173 171 219 225 184 121 58 60 240 163 167 6 252 198 105
    41 125 70 141 164 179 209 178 168 180 4 179 96 115 203 178 45 132
    201 187 196 237 112 16 242 204 177 105 241 15 179 210 153 60 246 68
    0 44 6 217 251 85 33 244 232 35 198 144 2 221 116 202 162 51 234 249
    131 1 79 190 117 123 65 54 27 186 163 227 194 148 159 94 58 207 63
    209 65 140 169 100 242 61 197 198 254 45 212 26 95 81 85 60 221 27
    50 130 204 36 160 164 169 27 241 136 89 86 88 189 150 69 138 139 128
    47 214 19 109 219 140 210 168 32 107 93 64 213 84 169 164 253 30 65
    97 112 220 118 83 12 23 195 87 143 90 108 124 224 143 140 233 71 5
    233 91 25 169 23 171 254 196 152 3 192 52 145 104 83 50 207 59 136
    159 97 166 49 91 249 124 218 71 104 218 146 158 178 51 120 193 5 98
    67 205 180 28 97 198 251 212 60 133 66 149 225 12 108 70 250 233 79
    61 20 238 106 85 213 161 159 226 81 110 17 20 230 99 9 0 233 179 15
    27 52 61 144 31 167 105 87 141 133 65 250 57 189 171 231 139 223 150
    50 162 56 52 222 150 139 221 240 137 17 6 151 72 237 77 49 185 98
    249 198 88 25 66 234 108 225 252 243 170 155 203 79 165 54 150 198
    57 242 251 112 245 49 29 109 240 190 80 158 43 146 221 79 197 194 72
    8 185 54 23 138 5 56 161 22 88 205 25 98 35 214 4 174 152 47 190 164
    229 105 253 154 151 186 245 148 207 141 54 162 242 133 92 109 3 213
    68 17 245 48 218 8 140 157 126 46 4 220 232 53 237 79 64 90 143 180
    5 221 193 0 194 37 94 235 177 125 193 213 183 215 246 119 58 145 97
    82 102 239 147 84 142 182 88 141 151 76 6 163 67 83 23 120 111 161
    175 185 50 144 15 227 102 22 189 131 89 158 85 116 173 102 59 87 60
    169 105 174 45 245 237 198 46 134 80 98 213 206 66 81 41 205 89 160
    217 181 188 129 92 184 151 159 100 183 171 228 149 84 255 242 52 229
    24 66 209 148 11 233 231 30 136 236 50 118 26 38 230 98 106 36 190
    224 243 219 127 85 130 105 202 43 179 109 156 54 245 111 12 50 119
    46 8 222 135 70 27 190 50 221 222 243 137 120 230 77 212 248 208 121
    232 66 26 122 171 239 30 154 50 42 97 21 95 29 223 208 197 78 47 200
    220 30 86 34 254 173 143 31 76 244 179 206 23 240 207 135 208 200 18
    222 109 89 71 95 85 212 138 193 95 224 216 52 115 234 76 234 171 208
    55 51 96 206 41 123 115 240 187 245 90 220 15 83 197 82 70 185 51 89
    200 245 40 53 137 35 94 125 25 54 175 247 17 5 125 112 3 214 53 101
    80 124 175 197 218 1 195 15 156 83 174 107 250 104 209 97 82 82 184
    59 71 3 18 174 252 238 90 148 203 86 201 142 56 184 63 4 15 65 249
    238 95 31 181 72 135 153 82 138 94 171 83 47 62 80 206 246 85 226 61
    106 79 176 49 15 174 177 150 33 180 32 39 239 60 48 11 6 45 53 196
    118 148 208 41 56 135 221 226 132 90 70 55 111 92 59 96 185 96 251
    51 156 167 17 161 196 68 78 176 175 119 19 144 236 211 19 207 177 19
    133 20 53 179 45 93 214 126 7 214 66 14 93 35 25 86 240 159 95 239
    32 187 35 132 84 151 194 239 121 186 238 187 248 243 182 173 202 60
    196 137 119 189 86 147 33 163 137 186 46 165 117 47 222 195 174 68
    182 228 174 184 173 118 156 148 72 177 171 207 199 35 24 115 28 26
    34 52 57 187 237 53 21 77 69 136 143 201 250 163 8 13 20 10 187 39
    206 185 195 201 53 244 184 2 75 154 92 214 19 225 97 210 238 236 104
    173 209 52 78 4 154 120 18 137 24 24 111 97 88 14 124 119 208 86 136
    202 198 151 243 243 189 185 85 169 189 186 64 126 237 91 118 167 239
    53 237 1 78 168 84 63 107 3 117 51 143 52 163 255 153 115 202 194
    244 21 41 137 179 146 8 195 111 183 31 246 3 176 158 74 216 179 172
    111 223 194 207 240 163 206 165 41 113 0 5 107 131 167 143 217 45
    140 104 150 142 233 86 56 67 143 131 107 15 167 169 115 87 101 46 45
    188 151 146 93 106 195 123 251 104 206 58 209 30 114 148 105 140 213
    52 120 102 110 123 180 93 180 46 56 200 69 122 107 197 57 118 158
    247 128 169 96 3 83 241 241 41 139 0 122 2 251 138 219 57 80 76 126
    135 44 237 60 162 37 46 81 103 247 77 114 62 77 202 150 128 211 223
    160 243 19 66 118 180 106 25 25 95 18 59 228 11 75 33 104 15 236 88
    238 195 14 110 183 100 37 32 43 66 43 51 227 101 8 202 104 87 54 80
    254 202 110 44 1 169 30 231 36 82 227 156 22 15 160 0 19 41 163 138
    253 41 138 7 118 222 85 173 52 9 188 16 187 146 201 170 248 89 221
    243 130 251 21 42 14 234 151 230 227 69 180 19 52 199 138 118 185
    104 92 197 55 109 150 226 177 236 7 238 101 134 32 240 71 236 235
    198 223 166 234 215 159 143 121 7 38 225 203 126 109 26 162 11 153
    22 85 184 248 247 254 237 212 169 162 222 82 140 253 171 227 229 61
    149 189 249 246 229 14 195 117 156 58 59 122 22 189 144 172 128 137
    184 5 143 208 56 20 107 162 156 163 6 197 222 170 107 68 7 190 249
    42 197 95 80 16 223 128 84 75 148 44 214 109 144 125 19 191 2 69 68
    209 111 169 34 56 243 126 31 158 225 104 143 55 178 197 221 1 88 62
    204 34 65 197 141 241 168 81 143 231 253 78 194 58 216 25 242 216
    130 83 150 238 159 201 136 195 104 17 206 22 178 211 252 90 90 97
    169 242 3 16 165 120 253 244 176 79 177 47 232 98 160 120 89 41 219
    1 110 70 109 173 1 16 96 239 64 208 92 16 65 55 9 176 116 66 151 17
    110 248 219 147 180 33 203 155 8 162 165 222 57 200 44 247 23 115 28
    79 131 249 247 161 56 142 33 213 150 138 39 42 89 179 186 41 198 42
    110 88 145 112 9 142 108 23 86 180 138 254 187 67 9 93 157 91 104 1
    6 78 92 103 54 208 158 192 101 7 62 226 64 228 236 55 117 198 169
    210 159 85 103 71 191 118 143 166 118 73 197 130 99 185 171 108 45 7
    147 173 167 242 248 104 207 120 250 134 8 238 60 203 52 117 74 87 63
    9 29 49 25 120 220 200 20 166 213 16 23 137 69 73 225 99 183 213 13
    107 54 24 20 201 247 188 63 77 215 39 87 54 8 147 161 52 97 185 213
    173 89 79 242 58 233 154 159 105 104 125 164 233 69 227 240 191 13
    195 216 79 55 136 57 68 87 89 227 4 233 194 255 162 125 44 114 250
    179 52 125 152 20 230 46 179 164 197 153 181 40 241 141 192 32 210
    191 50 76 196 89 154 94 115 85 222 163 9 195 196 44 62 15 59 45 27
    69 223 150 218 141 243 145 198 126 82 142 142 154 129 6 185 27 202
    130 93 202 115 85 211 11 127 129 214 99 83 212 45 204 26 234 35 188
    249 38 84 207 35 49 20 42 11 80 116 60 72 92 2 219 93 24 31 40 87
    110 230 130 45 3 253 207 255 42 31 215 196 229 73 219 52 59 149 96
    164 78 43 66 218 249 30 237 244 102 165 42 239 25 67 61 71 59 210
    106 28 242 3 19 149 101 66 97 177 30 252 227 73 13 151 203 212 112
    21 56 23 34 17 101 45 226 229 116 25 220 134 26 226 232 228 3 128
    181 87 6 114 79 228 216 81 186 216 198 56 123 198 184 242 168 2 77
    39 55 44 192 163 225 84 64 6 68 10 128 153 34 145 196 239 42 221 5
    158 95 172 153 118 139 71 71 28 30 201 170 97 246 130 64 134 65 225
    105 26 57 172 109 227 183 225 134 255 246 36 34 213 82 131 244 231
    222 176 49 46 205 16 231 124 115 130 196 35 244 86 139 95 26 251 204
    134 129 129 41 225 227 229 42 50 166 185 200 225 39 109 34 34 30 180
    112 68 89 66 222 126 85 240 72 182 95 252 187 75 1 100 21 124 22 40
    50 252 1 133 51 229 200 157 64 136 3 43 5 194 149 44 179 149 210 104
    13 48 103 242 231 220 117 48 191 241 240 136 55 124 229 59 157 113
    84 116 29 76 244 122 251 203 235 138 58 36 24 111 165 171 240 77 118
    104 29 159 69 41 42 231 175 46 226 239 159 148 30 188 231 205 106
    176 78 148 17 92 13 27 79 31 32 233 7 106 9 222 178 176 40 18 227
    213 9 53 21 14 146 124 246 84 192 91 99 201 180 167 0 49 71 71 119
    147 91 2 55 101 2 89 116 133 14 154 155 110 9 48 131 121 173 123 44
    112 150 232 248 18 4 246 91 249 17 252 28 203 23 64 154 150 205 196
    110 91 82 175 236 0 125 129 227 126 84 234 158 230 204 115 139 252
    77 119 17 202 53 16 170 142 30 21 231 111 235 127 235 136 204 113 3
    251 208 96 30 73 83 181 57 225 203 182 180 107 236 80 28 150 113 41
    236 194 217 234 159 45 39 35 125 96 10 172 82 196 145 180 201 7 160
    211 196 244 211 120 116 201 98 153 142 250 122 154 91 97 98 101 79
    97 176 180 213 194 70 33 230 150 190 163 4 161 171 44 151 3 190 60
    103 220 73 48 195 142 94 179 253 126 183 203 216 208 121 241 109 228
    57 245 249 223 149 176 34 216 139 31 129 129 166 27 10 59 236 109
    133 82 85 248 12 185 145 67 123 3 5 25 19 154 85 47 7 107 221 94 233
    136 169 161 249 112 230 165 159 248 187 58 140 132 126 212 77 245
    155 177 193 137 246 3 69 20 161 9 90 74 244 131 132 35 200 37 90 195
    254 252 202 172 72 207 181 79 180 94 138 214 106 44 159 223 239 228
    133 184 12 240 109 180 150 106 3 246 67 89 59 40 228 158 227 83 141
    213 117 110 231 37 60 89 162 80 248 69 95 41 72 225 0 60 12 47 254 7
    36 48 67 10 161 5 218 34 110 28 68 17 227 124 133 180 217 235 29 97
    38 37 213 78 230 45 56 212 236 189 253 107 156 167 58 131 78 109 56
    151 159 191 236 175 125 20 31 48 215 12 127 179 131 171 128 196 67
    226 166 58 117 13 15 41 134 246 117 77 220 50 188 71 105 133 70 132
    112 229 191 66 37 88 14 72 195 45 123 38 106 239 94 148 172 51 178
    66 106 61 38 108 219 137 1 17 77 230 35 192 131 121 231 184 99 194
    151 70 21 231 196 227 202 164 173 133 83 179 23 122 85 107 84 250 27
    65 30 165 167 191 192 70 236 66 220 223 176 31 44 73 132 27 95 17 6
    252 203 97 4 154 192 154 86 99 231 172 212 9 175 148 89 86 122 242
    152 44 65 208 128 19 85 123 207 246 79 78 161 165 27 184 92 150 177
    232 19 210 65 151 33 53 34 89 132 13 174 83 135 200 241 29 147 95 92
    30 23 57 200 242 246 32 0 92 29 128 184 252 176 31 26 49 41 156 167
    70 186 107 164 233 32 1 95 173 118 141 150 172 39 31 191 190 98 225
    120 118 214 20 248 127 72 2 76 211 142 242 169 113 53 87 72 55 216
    174 208 94 28 33 136 228 130 194 244 51 17 85 98 90 110 223 77 40
    223 231 41 148 234 182 68 61 102 235 174 58 204 96 97 233 194 167 88
    113 154 178 100 209 51 123 208 176 205 238 99 12 18 90 41 41 110 91
    228 63 167 92 67 6 3 62 132 30 224 99 245 133 44 49 237 210 175 211
    2 51 114 243 147 130 244 246 113 219 75 170 159 73 28 101 89 4 216
    174 224 6 18 10 196 115 9 184 166 70 35 63 40 174 3 1 29 20 144 79
    37 209 134 223 42 193 103 123 231 188 216 3 110 199 8 180 31 63 68
    21 56 137 73 120 92 101 87 60 40 143 229 173 155 170 175 198 129 12
    157 126 105 191 98 122 217 146 127 69 142 158 218 222 22 231 49 24
    122 128 213 68 70 136 130 38 94 68 198 151 181 2 169 162 207 192 94
    76 59 150 240 56 244 98 18 174 77 100 63 218 188 155 3 250 139 60 69
    112 233 132 196 169 58 43 73 123 16 136 121 148 52 233 218 63 49 183
    130 122 104 252 237 32 24 11 77 166 195 106 35 101 169 100 236 116
    223 163 211 219 162 152 230 59 53 17 18 217 219 99 125 69 166 215
    231 193 246 75 176 96 151 181 213 177 71 55 126 237 20 174 58 37 70
    156 213 66 56 61 27 161 0 136 84 101 86 151 31 186 29 38 47 109 133
    100 52 173 246 17 135 5 228 121 184 214 175 38 16 129 53 92 14 203
    98 19 76 3 63 216 125 6 61 83 62 46 90 92 238 130 97 61 4 98 145 61
    189 9 23 219 238 141 225 48 41 38 185 116 132 244 122 116 216 220 8
    151 162 28 220 93 226 191 255 87 12 94 212 218 86 220 243 198 99 199
    25 113 77 147 103 29 68 130 162 121 56 1 249 163 110 64 238 181 49
    225 76 72 89 153 145 33 134 201 0 217 155 13 126 80 109 247 194 55
    154 220 45 93 67 218 18 16 169 239 252 227 230 245 188 122 154 8 41
    15 56 86 217 58 124 135 80 223 158 92 31 142 162 6 122 97 193 122 4
    27 181 199 170 85 139 211 164 251 16 172 134 156 121 228 194 253 28
    240 135 81 144 215 33 238 58 252 46 63 140 7 146 204 210 152 88 47
    152 76 157 238 26 83 21 110 61 196 193 22 186 43 56 160 220 251 241
    3 195 0 92 114 175 214 179 39 117 129 2 229 41 90 116 68 58 130 147
    113 186 46 199 249 169 198 194 230 132 235 60 228 209 18 183 46 157
    22 48 150 125 132 143 76 186 73 62 194 141 204 245 75 104 244 195
    176 25 177 108 222 90 47 76 49 225 5 32 18 124 64 179 177 110 251 7
    83 160 2 239 112 233 68 62 205 39 77 239 51 2 61 207 29 206 214 138
    116 174 50 24 200 36 160 96 166 222 41 153 232 244 73 37 80 197 55
    168 1 134 84 86 253 76 126 164 230 26 175 162 73 20 91 32 241 239 31
    208 255 208 184 30 200 63 158 236 165 123 219 0 184 135 114 20 81 75
    18 190 188 71 154 148 87 74 89 247 89 205 191 84 41 47 170 44 134
    125 40 52 21 166 105 145 144 191 25 243 197 133 136 165 168 139 72
    242 202 170 180 67 197 14 195 37 206 139 119 164 247 111 12 196 33
    109 14 237 169 157 255 103 149 47 108 84 178 219 36 149 85 32 18 231
    235 196 193 230 91 88 160 240 71 126 152 46 236 77 154 143 27 147
    108 66 18 58 7 124 161 219 148 158 78 141 164 63 204 39 12 15 250
    156 200 242 33 80 168 240 167 89 29 25 173 185 72 22 141 206 146 96
    230 144 235 13 146 188 124 122 110 122 57 235 14 125 112 146 76 57
    77 115 116 220 225 165 166 212 110 227 206 96 70 132 80 32 109 161
    102 33 183 117 152 111 181 15 231 177 204 239 219 239 223 37 11 188
    239 43 142 234 132 128 181 50 115 223 185 143 71 150 37 21 150 250
    109 171 223 113 159 73 218 172 97 61 141 191 179 44 190 212 81 57
    132 252 146 120 144 96 118 201 17 181 83 94 72 53 214 216 80 95 41
    135 88 221 110 14 63 57 167 171 193 146 43 140 142 222 103 15 171
    134 254 161 205 211 10 157 198 59 222 166 86 71 207 147 131 166 169
    110 107 144 151 95 13 197 105 246 177 56 59 250 42 36 191 7 242 251
    112 193 134 131 233 183 242 78 139 102 124 108 222 112 71 137 152
    162 69 61 248 84 32 27 11 219 145 244 49 217 106 159 159 73 99 100
    150 88 17 18 116 130 50 232 155 59 125 38 177 177 64 163 94 61 32
    189 227 215 110 163 107 71 20 0 212 3 58 178 125 204 254 182 209 168
    159 198 195 144 104 53 75 234 169 206 144 173 125 76 93 62 223 149
    75 23 230 234 67 74 201 28 175 223 218 9 116 138 8 183 230 189 250
    239 5 245 82 148 181 212 239 236 59 101 0 65 13 198 113 168 210 61
    68 40 59 141 152 64 145 105 36 149 3 250 145 153 11 33 192 114 247
    251 232 38 86 230 153 87 215 151 251 20 77 219 103 24 35 69 41 194
    208 227 160 142 95 100 218 22 46 214 8 159 158 97 167 252 91 218 99
    73 15 110 189 84 22 1 210 117 225 10 54 183 26 13 241 37 188 72 139
    206 9 117 160 25 255 31 8 91 190 166 75 179 162 102 120 179 215 86
    32 114 227 156 202 75 27 128 30 67 57 126 223 98 205 35 168 211 137
    170 189 17 76 239 81 135 183 222 165 141 123 89 221 71 46 210 224 30
    194 57 18 181 118 184 187 99 25 84 75 226 116 128 84 67 22 226 246
    38 37 223 199 51 76 215 253 56 92 63 23 50 174 18 81 225 70 241 200
    128 243 210 223 199 128 195 1 44 196 116 254 68 130 246 0 224 129
    125 67 252 189 47 35 168 43 204 248 248 162 82 77 122 170 139 70 229
    9 99 51 194 182 117 218 106 212 216 41 172 106 139 70 12 25 155 180
    104 37 27 23 94 166 65 10 136 222 112 225 154 108 225 1 150 245 80 4
    59 179 60 51 148 60 161 251 68 23 213 168 94 181 16 142 248 171 164
    88 118 252 186 64 6 248 238 157 221 45 127 173 208 220 61 240 249 57
    61 206 206 248 13 33 17 195 115 68 236 233 49 10 41 127 222 38 113
    179 215 156 100 224 81 81 128 59 173 135 253 70 34 62 165 6 159 194
    176 168 163 208 189 229 170 48 203 68 90 105 96 204 71 203 93 164
    160 102 239 69 217 113 205 48 222 153 69 219 102 248 45 152 0 222
    150 126 211 226 80 127 104 244 142 245 245 165 39 65 133 132 36 254
    238 38 150 192 251 220 239 177 250 215 89 250 181 138 26 137 67 112
    253 11 145 244 192 135 109 29 109 159 47 215 27 198 223 194 119 152
    170 223 6 2 226 63 115 11 251 13 202 174 123 24 44 155 177 138 244
    244 131 1 56 83 108 69 140 29 170 86 154 108 216 84 8 14 100 64 155
    79 148 187 46 236 41 172 251 34 49 85 135 172 42 191 54 164 56 136
    180 248 97 172 192 236 101 183 59 23 243 126 177 223 215 136 91 29
    154 211 82 89 119 195 110 228 147 2 210 122 187 207 227 234 255 73
    90 4 35 91 172 55 245 163 207 45 208 231 203 253 199 252 56 125 181
    52 16 225 107 68 253 216 76 122 238 195 134 63 187 107 51 215 218
    206 74 51 202 123 63 215 136 31 205 77 33 159 103 176 106 244 38 99
    11 154 48 113 39 143 83 40 129 200 251 83 226 166 57 29 133 160 216
    194 91 202 155 215 191 50 174 92 63 39 131 82 89 153 173 251 177 228
    255 59 143 223 12 1 82 201 84 203 89 78 93 183 8 246 4 132 29 127 30
    17 198 172 129 86 1 26 53 236 202 113 67 117 136 125 103 63 131 222
    196 149 185 78 118 227 44 107 211 203 24 34 27 149 165 228 205 186
    214 241 168 152 204 234 238 212 226 134 95 178 118 215 254 216 203
    193 73 10 83 174 52 24 29 232 223 169 86 79 30 136 10 84 194 132 94
    55 140 56 69 164 194 159 183 239 241 254 253 63 28 102 71 215 85 184
    56 132 24 139 45 159 159 102 177 207 191 7 26 155 226 114 107 217
    190 129 165 215 69 120 59 62 139 28 238 175 167 227 228 222 213 180
    173 177 107 92 71 206 217 66 40 186 95 188 219 74 102 49 84 254 129
    199 21 191 1 55 96 234 152 242 146 151 147 127 61 150 143 183 229 6
    111 63 215 96 92 166 241 48 123 147 82 203 94 139 253 130 134 34 25
    76 82 57 85 127 70 36 120 195 127 147 108 81 74 169 21 61 0 147 123
    107 246 217 232 100 2 249 38 89 146 15 42 39 3 230 11 103 180 150 33
    73 166 137 208 178 9 56 37 152 50 247 188 133 66 184 209 37 75 229
    96 94 172 125 150 98 52 169 83 245 243 234 25 83 232 240 145 108 51
    208 138 7 74 30 197 7 170 36 240 179 127 14 238 162 48 223 165 180
    137 61 153 62 70 205 172 64 71 10 16 235 45 70 202 240 153 226 14 98
    229 151 92 123 16 49 205 56 73 89 141 156 218 143 24 175 92 158 12
    133 188 233 42 214 85 0 90 28 43 124 62 38 31 176 136 250 171 222 41
    42 220 70 198 61 236 216 44 208 142 29 159 183 67 15 118 84 114 29
    16 80 248 132 249 92 39 137 214 102 182 46 45 222 142 128 87 89 223
    183 134 94 89 79 226 104 83 110 23 184 97 157 182 52 167 240 97 19
    82 241 26 214 239 208 89 174 147 179 190 77 180 10 36 11 1 5 60 173
    150 65 84 56 127 155 142 228 6 194 148 150 99 164 244 213 177 25 131
    229 36 109 23 68 90 4 139 82 91 135 74 128 234 150 177 156 61 90 74
    28 232 243 194 192 185 71 119 205 15 239 216 192 233 144 219 144 175
    171 246 173 75 244 144 132 65 149 73 171 40 55 36 89 135 81 176 117
    27 140 20 247 244 220 192 173 231 18 160 14 194 237 230 144 241 0
    228 119 161 211 23 27 178 23 167 198 80 141 196 191 13 132 166 135
    247 19 187 130 8 51 91 41 69 176 9 176 147 40 161 0 254 103 222 103
    34 145 5 185 252 253 110 109 100 148 253 134 155 22 5 37 112 231 252
    164 217 114 215 215 191 65 57 219 62 151 248 187 4 162 10 151 146 61
    85 120 181 144 137 211 63 5 145 223 86 54 84 240 159 57 67 124 141
    211 22 249 242 174 230 174 96 53 196 121 170 253 136 110 190 224 92
    222 162 85 124 100 238 6 120 220 186 163 97 173 207 48 178 216 205
    121 232 146 250 79 196 7 165 249 13 68 151 101 76 170 185 192 108
    188 83 63 114 181 154 148 24 249 172 246 70 174 24 164 11 134 202
    150 209 7 149 121 50 169 128 88 61 108 169 191 49 95 79 18 157 64
    212 7 248 169 171 115 139 26 15 3 21 187 58 150 111 209 198 249 36
    51 193 72 219 94 101 246 202 146 22 154 13 16 75 126 225 172 194 22
    172 192 76 42 233 68 232 117 1 160 20 68 146 215 67 109 31 184 246
    63 3 245 108 170 242 147 197 60 142 29 192 69 1 133 207 21 239 246
    108 17 177 129 183 51 176 99 199 111 174 136 205 179 174 118 25 33
    89 142 17 151 133 215 187 16 220 67 232 191 20 216 174 52 236 178
    104 243 244 173 114 218 203 217 213 252 46 50 94 168 58 133 149 223
    50 147 231 42 80 75 22 189 79 215 73 52 175 96 243 212 209 238 170
    245 26 167 247 190 122 0 236 120 121 101 156 4 13 83 99 79 21 236
    170 143 110 56 32 116 165 229 119 253 247 190 180 16 175 227 124 201
    199 205 49 203 6 223 225 97 115 151 150 163 0 112 171 172 16 196 164
    57 30 174 162 95 245 74 248 198 71 243 183 241 119 194 174 251 27
    171 182 119 210 189 2 137 59 58 72 4 224 171 184 26 152 94 245 197
    57 254 123 64 213 176 37 0 16 93 206 175 67 95 33 19 146 19 29 171
    154 74 47 65 84 1 135 7 105 125 171 115 134 39 86 114 173 34 203 194
    123 7 203 185 191 224 252 129 141 84 246 233 192 253 17 75 139 185
    245 56 185 4 91 218 122 224 36 83 55 48 4 196 218 118 248 188 22 138
    101 165 64 100 7 189 63 252 49 138 135 46 79 141 103 170 81 229 64
    47 119 202 100 125 13 127 87 41 246 173 88 201 55 237 93 112 100 76
    48 34 76 120 0 29 22 88 101 172 187 149 143 6 70 7 181 112 169 19
    121 9 205 102 55 45 132 238 141 30 223 58 29 211 133 153 106 47 24 5
    252 127 61 125 179 36 218 80 144 62 54 110 36 122 39 124 0 136 130
    119 18 76 22 22 208 249 155 24 218 67 78 87 109 38 207 167 6 23 112
    11 92 114 124 232 232 118 209 132 106 124 180 21 68 168 11 116 255
    22 79 104 187 137 68 202 102 36 28 218 135 88 107 240 215 238 39 76
    151 254 248 98 145 225 48 97 221 154 204 13 200 238 131 60 135 76 24
    243 120 253 114 188 217 9 199 96 59 92 186 27 69 51 80 95 162 22 212
    77 155 211 84 237 72 240 194 153 127 43 102 44 50 187 43 144 105 158
    117 55 252 218 127 230 180 174 121 172 207 93 33 9 1 77 198 135 169
    250 159 241 134 222 111 57 233 81 181 254 108 230 203 41 187 124 165
    199 224 16 64 206 139 8 193 189 86 56 14 154 141 113 131 105 47 226
    34 19 2 121 183 212 46 8 3 13 120 132 224 15 101 189 37 88 171 227
    247 140 139 104 73 99 134 226 51 47 253 93 226 215 91 118 57 96 213
    143 193 20 89 123 233 196 122 227 217 162 229 1 116 137 240 8 138 40
    240 147 51 47 176 89 153 217 36 56 194 141 54 141 42 41 35 166 6 170
    144 112 10 41 252 159 64 124 86 250 52 127 81 104 136 216 237 55 245
    212 167 152 129 83 112 212 179 136 117 213 183 250 130 164 21 71 26
    222 148 132 54 76 9 221 50 231 176 204 149 26 247 147 132 183 23 0
    247 59 221 197 77 220 180 82 23 178 20 187 210 137 138 187 50 247
    205 246 29 163 206 69 198 57 158 206 156 74 241 141 239 174 7 32 233
    39 105 87 218 9 241 189 223 51 163 147 14 205 128 101 20 21 241 91
    101 119 235 196 67 9 98 83 105 35 219 25 118 155 243 128 216 101 191
    233 224 110 16 243 241 63 80 5 232 204 223 93 208 199 58 105 5 75
    201 222 240 220 37 64 199 155 5 221 241 154 163 41 54 105 242 84 149
    203 210 108 67 113 1 137 208 124 223 25 53 162 10 44 254 189 70 49
    183 218 115 68 173 11 237 196 161 138 186 22 31 19 123 219 53 19 223
    253 202 209 4 22 157 70 54 0 19 152 106 141 150 235 218 147 31 125
    180 66 131 144 113 201 141 171 62 130 98 31 213 229 212 21 225 140
    12 53 71 42 131 165 220 102 99 147 220 36 77 67 185 78 85 55 245 3
    145 255 59 62 37 151 178 2 222 190 225 113 22 252 224 202 95 62 31
    182 198 92 116 88 78 142 193 201 199 89 144 166 81 237 249 247 25
    173 253 214 81 242 119 65 117 197 206 219 187 247 13 219 193 200 138
    172 203 63 249 156 81 42 174 135 8 78 82 33 169 117 238 152 87 239
    183 253 58 222 115 205 140 30 198 171 192 115 60 63 78 59 242 251
    133 179 233 233 186 125 153 125 47 40 56 71 0 138 24 101 77 109 99
    171 216 217 34 5 25 204 245 47 148 172 169 100 139 247 75 147 80 184
    132 22 157 51 252 158 15 225 72 159 40 71 190 236 37 74 65 178 203
    39 231 50 202 113 59 129 5 25 102 235 13 127 54 43 241 46 187 131
    160 134 173 183 192 21 245 232 174 174 89 237 78 56 199 98 42 3 234
    55 110 209 124 133 149 67 40 204 16 59 210 6 253 12 247 95 122 178
    140 154 69 62 153 235 2 175 234 55 67 102 205 214 139 25 72 27 37
    235 50 180 125 24 124 139 236 61 210 61 114 112 127 28 25 117 119
    189 75 193 188 189 16 49 79 89 188 240 254 103 234 239 236 91 83 150
    119 87 136 67 95 105 53 189 31 168 179 67 162 37 36 62 154 236 123
    220 104 51 127 47 17 223 63 72 37 70 0 17 54 208 77 38 181 125 85 52
    190 197 163 135 124 250 95 142 47 250 169 245 49 46 5 248 38 63 89
    117 118 151 196 99 38 16 22 244 48 122 52 59 97 37 207 25 251 119
    212 129 250 208 126 4 131 209 48 83 131 207 134 156 71 168 108 137
    136 98 148 44 61 187 161 164 153 176 247 80 219 129 68 64 234 194 77
    108 169 98 82 51 118 91 252 69 81 185 8 87 242 92 206 28 204 55 245
    145 240 29 75 255 61 173 28 113 163 86 176 51 3 53 49 222 112 219 72
    219 204 145 187 21 81 118 142 184 249 8 84 248 205 89 255 82 116 174
    245 159 122 152 23 225 28 191 6 60 178 226 85 246 249 22 9 74 198 98
    100 54 223 144 163 88 37 157 9 155 85 217 52 160 230 15 95 28 131
    110 209 51 228 23 171 57 141 210 71 94 17 199 217 21 201 69 25 227
    190 214 160 158 26 148 78 42 0 238 144 70 46 229 185 136 83 157 163
    117 231 46 62 130 53 203 125 231 50 236 214 136 83 190 133 230 227
    158 242 124 87 162 83 150 94 246 158 235 173 55 100 240 179 105 129
    85 152 245 23 183 67 234 59 110 68 155 248 185 253 178 98 232 108
    183 172 23 207 21 155 92 113 21 100 148 136 180 207 152 31 88 75 8
    86 123 213 193 122 30 62 211 197 44 51 178 59 106 163 105 54 170 201
    75 27 255 109 140 229 136 22 63 122 60 90 62 86 254 28 164 70 12 30
    195 191 69 74 178 59 2 22 159 32 0 34 27 96 23 133 215 188 177 44
    190 30 241 188 100 237 103 108 31 80 177 111 179 163 169 23 117 11
    75 164 14 228 25 177 172 179 247 60 137 119 57 175 244 180 78 111 67
    124 4 91 89 146 167 50 44 4 78 92 84 14 156 158 59 122 209 203 243
    10 199 206 78 204 116 236 162 42 72 7 121 2 120 132 155 154 123 112
    59 10 56 230 3 207 189 195 226 137 116 197 207 32 78 100 187 30 40
    124 31 10 189 118 227 253 82 188 33 60 110 73 134 35 77 250 5 46 239
    112 109 111 23 6 101 44 88 190 3 1 96 83 118 191 117 66 121 194 135
    224 228 233 187 153 147 107 161 245 11 40 41 123 101 3 254 42 132
    142 133 14 151 85 129 83 114 183 100 173 128 56 232 158 148 53 144
    146 36 163 222 167 128 73 197 59 199 157 106 90 167 10 29 153 150
    171 7 245 143 193 11 168 126 246 28 52 87 90 107 152 122 34 19 46
    171 67 232 114 157 183 0 203 76 88 25 236 142 204 177 37 170 234 241
    6 37 124 150 103 255 59 186 169 85 99 174 214 239 48 187 65 137 110
    59 88 65 234 133 153 97 181 96 188 18 87 170 241 23 177 109 228 169
    170 198 30 135 216 219 156 102 190 99 84 136 178 188 33 245 22 183
    75 3 204 9 226 180 62 112 4 135 132 31 62 92 56 2 7 197 177 195 92
    141 3 171 235 196 54 181 40 91 245 5 234 244 103 252 34 57 35 11 210
    149 153 2 136 241 106 216 64 117 146 2 135 132 173 105 230 230 190
    162 244 57 212 55 40 219 144 129 136 114 100 249 100 122 83 3 16 131
    10 90 6 0 66 89 159 204 96 43 2 133 152 218 232 123 243 90 4 112 127
    200 76 81 122 230 105 170 88 178 32 211 179 200 39 173 125 3 244 190
    23 228 141 110 52 121 148 83 175 172 172 77 32 243 163 39 21 98 159
    19 8 152 195 8 37 75 110 56 57 37 118 102 158 180 219 187 141 251
    171 51 58 181 221 188 69 233 31 25 227 86 149 73 108 80 169 2 156
    204 165 70 179 0 147 93 87 92 146 89 116 212 147 117 168 31 87 194
    62 135 1 69 183 199 18 94 61 35 235 160 223 115 12 87 248 101 56 95
    174 129 20 52 76 145 27 205 202 211 120 64 200 225 58 212 169 45 90
    158 236 186 146 209 232 34 167 39 85 30 89 81 156 201 148 153 225
    173 13 150 33 248 19 126 39 220 93 63 151 62 169 53 201 116 108 120
    229 136 230 78 92 202 19 57 120 89 46 27 173 52 74 120 90 151 51 14
    88 99 87 101 64 104 66 129 115 146 238 196 213 135 153 227 23 142
    233 199 82 136 112 61 172 202 38 169 62 169 204 87 191 12 187 237
    191 93 97 31 208 151 151 225 11 118 63 106 20 148 152 64 220 77 45
    191 149 236 168 132 91 22 37 204 163 142 33 122 33 21 140 135 250 85
    50 25 38 78 46 79 233 191 208 35 214 16 126 95 128 130 212 18 71 94
    222 100 199 171 224 252 217 15 254 50 2 205 172 81 175 135 248 152
    143 153 114 81 95 240 99 102 47 80 56 36 231 121 16 216 146 157 193
    186 112 19 243 51 236 224 172 5 248 100 48 64 82 187 120 87 194 205
    148 226 152 173 242 76 139 209 188 174 23 22 60 92 246 240 254 55
    123 151 31 189 163 82 98 64 14 178 78 127 181 143 207 7 46 94 173
    195 29 122 22 117 188 98 253 38 121 83 227 96 209 44 191 154 116 201
    47 215 220 62 97 108 195 27 235 63 96 137 1 145 59 20 203 78 221 255
    227 75 177 179 165 126 64 34 29 1 90 248 241 55 76 1 185 17 192 179
    174 100 36 226 197 203 123 237 172 100 105 255 118 45 171 8 227 191
    251 0 100 65 79 142 33 90 242 45 50 76 113 52 175 119 192 57 210 23
    185 222 218 228 31 204 78 179 95 168 145 155 55 12 15 141 74 95 180
    52 0 216 228 123 23 57 148 177 101 126 171 14 110 142 162 131 159
    222 185 172 30 65 33 241 102 249 91 5 138 27 248 224 180 222 127 56
    205 93 146 176 20 206 58 100 251 75 35 106 177 209 185 7 69 29 213
    162 141 192 29 218 77 210 57 159 63 210 11 193 5 4 173 124 119 87
    190 87 91 234 113 80 19 119 143 91 238 69 86 18 97 108 197 50 220
    220 70 10 208 135 141 121 127 239 51 113 98 172 197 239 106 249 70
    153 139 153 210 104 209 117 114 143 74 102 29 186 176 3 5 11 53 197
    105 123 36 201 31 164 57 205 143 139 102 125 41 104 45 53 141 80 191
    118 41 212 227 61 168 225 47 231 26 209 126 16 216 217 102 53 153
    250 105 200 251 208 124 231 47 133 206 167 143 156 157 154 90 8 158
    175 201 25 124 205 198 80 149 191 192 211 14 178 157 155 127 134 205
    62 119 170 50 167 209 84 22 152 116 158 61 141 8 87 182 74 159 40
    182 34 77 55 103 28 158 255 6 92 34 28 141 96 72 208 255 140 37 150
    226 206 184 231 191 8 113 240 1 157 129 42 90 142 47 77 245 115 70
    201 9 117 188 71 228 35 4 247 106 231 182 58 126 52 66 153 213 128
    212 202 193 124 40 187 28 152 2 104 82 85 78 85 112 79 24 116 79 108
    244 78 240 19 116 59 255 236 222 234 215 10 196 246 182 174 132 74
    83 57 212 118 250 82 37 130 127 239 76 147 225 217 20 248 184 134 72
    230 93 11 200 98 21 176 103 251 70 64 26 248 23 71 230 108 156 136
    188 5 196 181 47 74 157 245 243 249 168 229 22 237 60 42 111 84 47
    189 89 180 198 41 28 40 221 202 222 59 141 154 111 170 5 56 226 171
    81 112 1 121 154 107 26 11 254 28 226 198 245 179 81 115 62 17 240
    123 122 90 33 108 127 247 127 11 167 221 209 72 58 14 42 96 207 82 8
    252 107 214 138 86 244 56 19 115 230 130 190 165 104 44 65 156 224
    140 9 157 66 244 127 22 40 51 251 0 98 254 65 155 149 109 5 33 143
    70 208 73 219 125 162 114 184 166 125 185 114 119 211 140 165 103 97
    208 174 149 13 177 202 23 78 91 188 11 167 250 238 107 222 191 190
    36 15 149 242 227 157 130 113 17 107 66 160 173 101 65 49 211 229
    218 111 228 31 30 44 177 43 22 133 74 67 26 41 41 173 80 131 39 61
    16 209 237 35 56 198 96 141 36 174 14 29 241 122 223 19 248 106 194
    8 121 128 67 45 150 82 151 189 112 213 167 187 247 81 149 239 252
    170 32 17 103 178 190 105 85 176 101 160 252 173 159 186 190 121 19
    151 119 33 146 41 212 153 111 57 191 217 84 202 42 180 56 141 189
    147 109 60 130 194 222 184 139 252 130 102 51 49 66 42 138 235 145
    38 177 39 186 191 236 232 148 220 167 44 228 223 38 51 46 151 131 44
    12 5 135 150 135 86 88 33 160 168 26 28 183 75 246 7 240 130 48 148
    106 127 80 77 65 168 52 193 177 213 23 148 157 165 123 202 78 241 30
    35 64 130 18 13 120 130 230 218 122 171 170 25 146 98 70 56 193 0
    176 53 31 201 59 135 6 164 205 33 26 33 20 137 153 238 195 153 7 238
    128 59 31 227 234 31 141 126 86 59 175 235 247 159 172 93 111 225
    239 244 6 40 180 178 106 234 130 61 99 236 36 21 249 146 222 106 254
    9 80 183 107 178 33 10 122 70 104 175 210 21 45 191 255 130 249 95
    40 190 139 59 0 96 232 70 164 222 241 123 6 202 170 79 100 54 119 40
    120 249 141 62 95 168 202 36 134 87 17 131 115 172 45 81 65 118 223
    44 63 26 45 140 95 250 237 147 119 235 109 252 253 98 22 40 179 177
    51 162 232 198 169 157 174 186 239 32 68 23 68 24 62 153 84 1 27 239
    90 162 215 16 244 130 56 24 101 138 58 119 21 53 38 74 108 109 206
    135 187 105 220 247 165 12 54 156 1 51 246 229 6 107 17 78 51 242
    138 206 41 99 88 27 85 121 45 39 183 1 34 108 9 151 4 58 55 25 169
    86 10 17 39 124 245 205 156 42 185 96 117 205 210 198 214 153 70 143
    49 54 183 210 191 239 27 110 145 227 36 239 100 74 231 126 245 134
    80 125 167 128 176 18 144 165 67 231 236 196 58 130 185 192 201 198
    215 63 57 237 167 78 154 38 60 218 148 55 115 197 104 182 10 38 166
    217 5 4 140 126 35 240 79 191 173 227 80 222 19 155 76 80 56 208 56
    44 86 226 99 126 41 22 122 190 87 199 253 77 154 221 30 63 193 94
    110 107 59 222 168 103 210 4 60 155 38 168 104 74 251 215 255 40 62
    80 113 33 122 28 121 23 83 88 50 19 183 175 79 115 135 40 183 234
    183 137 222 48 74 179 151 7 250 77 220 244 184 144 165 42 172 219 40
    124 41 12 59 127 127 167 127 252 126 92 100 246 72 134 140 55 112 82
    17 62 137 107 252 30 125 84 89 62 42 216 248 251 151 169 28 50 7 122
    52 3 2 166 142 107 114 227 94 43 253 202 4 53 90 110 1 35 218 226 74
    119 80 56 63 196 119 56 157 236 174 15 145 246 186 203 255 11 140
    119 166 165 108 149 210 239 20 226 56 212 35 243 33 53 124 175 194
    191 75 218 129 74 7 157 230 58 135 21 181 48 239 9 189 59 153 76 70
    153 59 21 243 119 27 179 219 166 217 159 206 42 155 79 24 196 81 209
    99 248 32 155 239 6 176 162 23 12 206 64 224 44 37 22 62 8 198 135
    156 203 167 15 87 190 88 63 255 129 170 249 178 88 29 244 111 76 91
    24 237 200 41 134 50 250 70 136 201 206 238 73 107 79 233 92 224 33
    218 85 12 249 215 101 46 241 243 188 156 166 224 4 223 240 211 232
    73 124 9 98 109 13 45 175 236 35 216 136 21 176 72 15 193 68 205 230
    235 133 236 87 151 28 172 99 219 105 51 26 43 61 126 125 4 80 147
    135 7 10 96 78 126 96 210 246 151 240 138 26 163 181 249 48 231 76
    217 47 98 94 145 203 80 241 177 131 22 152 92 157 95 112 141 49 182
    202 244 233 242 150 203 48 149 141 192 27 8 118 66 235 151 28 31 203
    156 37 145 44 8 59 147 5 182 11 196 153 175 217 97 9 234 43 46 228
    187 82 120 76 124 198 251 229 47 52 67 156 13 17 100 86 14 125 59
    116 29 161 231 53 227 234 51 221 205 178 255 161 232 83 22 165 224
    208 129 24 102 74 15 48 195 45 60 1 12 233 163 171 22 89 173 18 93
    70 20 167 210 68 0 217 254 232 82 150 156 81 71 40 94 14 130 238 221
    249 211 92 212 69 148 22 107 12 252 33 13 24 224 152 182 141 53 70
    179 220 237 55 158 27 198 39 38 117 137 60 97 9 152 80 134 7 36 115
    234 90 114 102 215 116 221 184 63 219 22 73 171 60 115 97 250 188
    235 59 153 211 79 145 62 164 180 16 69 180 189 138 185 219 77 13 57
    65 20 114 100 79 241 155 53 164 92 65 178 74 98 185 29 175 233 81
    103 45 193 117 221 68 226 145 182 241 111 27 139 43 221 149 204 103
    74 220 142 79 147 29 163 165 21 25 34 137 177 33 210 175 168 192 198
    104 239 151 27 200 107 216 64 206 146 28 155 206 28 119 11 78 224
    230 191 179 39 19 150 88 243 61 44 172 64 182 99 210 2 92 21 72 145
    14 237 115 241 46 122 135 182 98 166 0 17 38 214 124 125 104 230 135
    193 201 57 177 10 96 143 103 160 123 15 124 163 61 54 166 239 40 95
    3 179 185 138 42 95 127 141 109 52 163 106 137 160 175 79 143 194 16
    169 39 197 91 204 136 225 94 105 243 231 143 213 23 10 77 225 162
    147 170 42 58 213 25 193 197 145 29 91 82 183 66 113 242 19 9 31 72
    10 116 127 96 185 82 64 147 86 35 155 145 75 105 174 63 172 117 47
    14 72 215 112 187 249 189 34 190 144 112 221 138 197 209 254 250 245
    71 55 87 153 143 172 201 8 237 127 127 233 116 50 76 137 43 41 118
    129 109 12 66 15 78 41 192 71 62 138 120 230 123 76 1 249 141 100 99
    20 65 94 238 131 76 39 135 147 250 130 29 211 43 65 99 163 128 9 98
    66 197 122 113 118 181 99 195 209 192 38 151 21 84 252 140 160 95 29
    178 88 246 55 98 54 54 212 6 135 136 201 91 168 207 131 237 237 10
    206 115 192 148 235 98 152 86 70 3 73 224 144 67 81 241 136 151 59
    212 31 253 103 74 200 39 98 63 103 15 151 65 61 55 171 202 218 83
    170 16 146 160 66 28 77 221 201 226 227 246 209 21 171 35 118 146
    247 83 166 236 239 130 199 16 42 68 186 117 19 86 62 40 41 78 143
    182 229 66 240 167 142 51 164 120 115 67 38 25 133 12 222 61 175 55
    162 78 139 71 238 69 183 42 111 112 38 150 181 112 184 23 138 208
    239 230 36 16 250 219 201 13 208 4 34 252 60 151 191 189 235 126 59
    205 63 108 61 162 116 11 200 137 71 251 29 141 103 46 109 63 108 161
    102 111 148 139 132 161 131 177 154 182 112 253 141 40 14 73 49 14
    179 220 242 78 98 26 166 198 240 191 93 185 169 104 149 251 83 41
    167 200 187 190 230 2 27 99 94 51 188 144 120 16 116 131 194 52 201
    222 243 17 122 238 78 193 140 48 189 4 180 93 18 167 116 184 216 20
    118 57 91 6 179 252 9 15 145 10 84 17 190 226 162 77 11 10 156 243
    52 170 248 71 104 61 144 40 253 84 196 127 143 239 33 20 170 125 14
    225 218 130 133 21 227 45 181 182 208 62 142 123 217 165 53 124 34
    202 114 25 64 197 119 137 105 245 98 83 216 65 234 40 203 157 161
    245 49 188 247 188 147 175 180 229 32 125 96 45 172 45 200 191 60 2
    208 240 11 179 186 63 243 97 194 81 139 113 18 30 201 189 30 55 5
    117 56 148 240 238 35 121 249 137 153 125 232 124 26 234 25 112 58
    90 17 172 204 208 140 63 55 118 78 153 169 9 241 241 189 179 103 87
    169 133 175 194 15 174 228 108 149 215 185 202 216 137 228 152 114
    37 250 74 98 205 145 229 171 208 241 29 87 94 215 143 164 0 88 132
    114 179 135 199 238 29 22 95 185 18 127 243 115 62 240 214 26 78 245
    255 202 15 157 21 242 191 40 32 196 150 85 197 18 32 17 232 41 253
    219 195 170 203 159 159 205 78 196 148 99 174 97 81 18 27 225 86 42
    204 155 218 223 204 159 12 105 76 86 145 200 133 0 159 76 40 233 162
    54 215 148 172 141 127 78 49 100 110 114 235 221 60 149 173 210 254
    17 117 12 184 64 86 12 64 46 194 15 50 43 47 35 164 9 34 190 120 52
    137 248 245 129 142 166 81 71 32 226 145 103 73 247 45 97 225 219
    210 137 65 49 224 95 194 116 115 14 143 130 96 63 179 211 118 131
    189 173 4 213 145 138 93 122 137 195 125 84 243 136 231 60 142 19
    189 88 194 14 244 48 98 189 8 51 32 217 42 26 156 245 0 56 26 233
    200 57 218 244 178 183 33 207 92 11 153 179 251 248 222 231 244 133
    236 100 79 2 240 160 27 195 147 149 158 107 238 195 105 124 220 247
    212 242 143 6 245 111 14 255 198 49 132 119 107 167 120 209 43 147
    175 38 153 32 123 19 185 27 149 195 164 186 246 106 159 150 213 35
    31 224 113 128 141 135 127 96 87 241 167 134 110 130 224 62 133 171
    219 114 32 50 157 186 231 147 199 217 118 153 205 146 66 228 153 37
    163 246 225 165 233 15 200 155 208 179 42 183 10 216 116 2 245 6 49
    212 144 209 71 80 201 55 160 43 49 197 246 34 129 169 66 245 82 57
    206 44 179 65 60 249 155 169 66 200 243 166 6 113 174 168 209 60 229
    78 216 244 122 206 74 180 38 107 57 230 171 253 220 15 174 170 16 9
    16 248 219 108 148 68 64 230 86 246 3 131 176 38 220 116 45 218 235
    55 160 33 251 30 73 132 106 208 54 90 83 185 26 51 137 198 158 175
    59 71 64 8 167 229 224 135 138 221 177 155 199 136 88 150 101 40 78
    36 103 161 82 255 111 215 50 145 206 155 52 217 111 244 205 72 64 56
    132 255 37 126 68 59 84 151 87 168 69 108 22 74 250 114 248 176 213
    60 137 193 79 64 234 157 170 238 34 217 174 24 161 2 155 219 55 220
    160 59 205 105 239 215 255 1 138 224 233 22 80 123 222 74 17 255 72
    229 214 154 70 181 31 75 164 171 183 52 226 113 194 124 179 212 95
    59 111 202 7 154 241 94 123 154 7 152 53 41 96 105 105 29 41 93 116
    0 1 229 46 198 25 44 20 52 9 228 44 168 47 211 167 246 218 141 223
    172 211 127 108 60 143 246 59 214 126 0 122 254 105 225 181 29 14
    156 226 166 43 16 117 59 48 28 61 220 89 202 193 229 6 14 75 196 214
    125 161 211 91 252 251 189 19 229 12 238 185 114 255 200 105 117 182
    253 221 108 72 216 110 75 88 77 66 51 108 28 78 54 75 204 83 36 178
    25 101 246 137 3 235 158 114 17 50 157 50 201 220 213 253 158 43 72
    221 227 213 183 79 126 216 86 150 53 3 109 25 85 250 83 218 23 141
    169 12 138 209 143 228 178 240 227 216 194 39 110 40 194 24 190 184
    216 182 242 233 172 146 126 242 22 77 219 6 234 45 241 70 113 110
    105 13 177 56 110 54 10 31 203 56 126 85 46 77 243 230 243 63 147
    253 123 90 61 222 24 137 141 202 171 25 246 121 175 101 10 173 115
    65 16 204 128 242 11 109 90 63 161 84 145 218 176 218 117 198 46 131
    111 121 111 57 219 118 215 67 217 139 248 152 227 232 250 251 176
    137 16 172 183 230 141 116 44 104 167 35 61 105 173 213 74 180 14
    137 46 143 182 231 24 144 186 247 54 35 157 105 116 84 69 207 44 137
    84 119 200 219 43 133 171 94 164 115 232 73 64 138 246 120 83 163
    131 94 164 67 7 168 150 253 115 64 46 142 115 186 240 170 81 196 174
    153 41 134 113 4 64 116 111 100 32 94 94 166 38 228 90 137 65 56 118
    26 17 101 144 21 126 153 145 31 181 241 246 116 207 77 70 3 67 71 51
    112 144 156 57 171 175 66 9 108 237 124 65 100 239 64 245 252 66 58
    186 157 179 5 88 105 72 232 164 143 192 69 36 178 173 75 239 177 44
    27 239 97 194 243 56 71 162 109 51 26 10 189 86 25 100 143 92 215 47
    147 63 119 215 234 206 207 195 110 114 169 111 164 206 210 90 41 75
    201 56 205 127 23 159 83 85 219 143 97 150 67 114 20 124 42 31 77 89
    94 253 184 35 100 18 240 175 179 113 189 63 244 203 7 206 245 161 8
    223 198 163 13 8 11 142 223 140 143 2 46 153 180 217 149 120 24 157
    225 48 94 113 103 134 74 114 106 102 43 146 230 124 55 209 109 15
    208 187 217 79 204 250 72 25 99 99 121 219 145 32 15 250 185 72 178
    238 61 244 25 85 14 242 241 118 119 21 7 170 178 177 52 101 69 189
    117 36 246 46 234 194 11 14 52 47 246 237 46 211 73 139 43 115 160
    108 81 34 117 209 62 255 29 206 134 72 64 82 160 191 104 131 38 0 85
    28 189 182 40 83 104 150 62 42 72 32 216 238 67 50 156 195 122 98
    163 57 147 198 44 153 166 39 156 202 33 12 210 115 131 173 125 121
    94 153 143 100 177 44 221 185 187 52 255 163 239 168 157 239 171 220
    85 14 214 207 33 162 207 154 66 236 120 255 161 58 116 104 194 243
    145 100 100 1 0 177 223 4 172 131 137 66 31 145 88 211 89 89 187 128
    159 9 184 124 173 59 223 237 158 102 80 95 242 67 96 8 135 186 4 19
    7 211 169 73 126 61 104 86 165 226 74 41 25 10 248 132 241 212 201
    249 173 186 123 47 90 145 210 46 46 26 161 101 138 100 36 116 183
    134 208 108 111 11 231 195 65 83 72 194 67 184 252 193 59 71 4 76 13
    116 88 11 250 134 63 23 89 115 52 236 220 56 26 52 160 152 52 48 242
    35 250 250 230 224 248 0 118 50 172 100 27 242 56 66 67 164 30 186
    202 227 108 179 144 200 137 145 129 227 107 236 63 15 34 107 83 4
    254 8 216 201 232 117 158 184 6 150 156 5 225 102 163 52 213 28 251
    141 143 211 107 75 62 252 229 198 21 246 236 33 186 199 118 158 25
    176 140 151 255 217 105 123 207 241 38 2 17 153 166 166 85 208 248
    20 19 170 206 72 233 56 219 26 227 143 131 211 86 109 176 142 244 89
    114 210 18 30 171 126 103 5 209 193 69 45 111 254 89 238 198 166 32
    110 147 72 161 175 242 148 85 234 101 34 207 1 245 84 124 94 145 44
    194 7 30 168 32 48 34 50 50 249 216 168 98 154 195 116 244 237 49
    198 102 14 63 109 119 115 83 194 97 170 34 249 92 32 142 197 144 28
    76 182 97 103 7 213 183 107 234 72 137 229 108 25 154 24 113 150 3
    78 124 243 251 4 166 65 43 248 74 18 195 104 36 175 142 168 169 173
    192 34 152 25 186 246 8 11 70 73 91 230 57 89 212 47 203 255 52 9 33
    13 84 164 177 229 104 40 228 136 213 194 222 36 147 231 53 101 146
    210 150 85 118 247 101 79 212 153 183 17 210 110 211 57 67 202 249
    204 96 244 137 129 118 104 73 83 106 110 235 38 160 10 191 189 53 0
    176 13 201 142 255 181 169 50 240 216 57 248 12 61 88 37 229 134 183
    43 64 142 231 220 65 236 50 89 202 97 144 31 206 90 170 40 134 229
    18 127 219 226 232 184 183 82 242 191 195 100 204 139 164 159 18 239
    103 71 99 59 192 219 171 248 20 183 136 122 41 242 51 7 3 25 151 37
    72 62 76 253 196 245 59 153 191 249 62 125 150 165 163 81 193 126
    203 2 207 85 161 70 10 59 35 207 139 244 40 51 110 185 61 117 18 32
    205 214 226 9 137 125 122 175 22 21 162 223 128 113 16 149 213 82
    229 245 253 113 245 148 177 85 97 208 95 116 242 230 75 44 236 61
    174 203 195 46 201 94 72 119 113 176 75 222 49 60 171 75 120 170 150
    76 106 175 183 190 253 195 93 161 205 169 168 156 96 179 46 86 92 80
    187 41 51 76 155 75 21 126 141 83 27 54 197 163 87 80 75 115 180 97
    59 77 0 239 51 214 36 252 88 143 150 30 143 191 122 230 86 54 186 66
    78 92 243 44 84 175 26 102 251 55 27 0 185 98 126 217 50 203 190 226
    213 143 62 232 215 246 92 221 251 229 53 129 115 235 120 123 138 224
    95 108 2 218 69 185 31 1 159 63 70 147 239 251 144 156 59 201 184 69
    158 229 97 116 144 88 29 61 47 205 176 120 127 192 21 88 239 202 148
    182 63 60 134 122 78 17 25 63 217 55 174 113 210 1 254 3 41 52 139
    179 107 243 145 106 109 50 70 216 55 230 104 0 242 208 98 86 115 120
    157 114 165 75 205 191 57 177 5 199 59 86 199 136 99 250 165 143 96
    10 80 215 187 227 15 118 90 16 128 197 183 17 246 229 233 108 4 136
    201 173 160 106 18 124 216 77 218 221 67 34 26 247 148 169 228 239 0
    92 141 215 92 130 186 162 230 251 92 129 32 194 114 110 53 17 224
    244 25 176 141 54 134 62 63 104 206 7 135 239 130 12 20 116 137 225
    226 53 80 244 91 129 75 157 3 113 72 66 222 170 205 234 159 29 5 18
    49 6 122 228 215 155 177 44 209 3 172 237 34 25 248 97 78 158 64 203
    90 243 240 209 104 60 196 57 84 251 51 142 113 181 233 25 178 90 0
    13 68 51 5 128 162 220 94 141 204 0 10 237 190 210 253 123 92 23 8
    211 47 21 58 183 25 24 171 41 174 62 213 162 94 205 203 248 221 69
    106 192 253 58 209 215 40 189 213 174 177 252 159 154 102 171 17 58
    249 105 4 174 149 237 189 5 228 67 182 36 7 61 13 134 25 192 112 75
    55 48 214 140 45 15 180 195 169 92 140 35 84 221 174 238 87 232 144
    236 46 56 96 164 15 240 52 234 72 23 254 217 1 7 195 36 118 201 246
    95 157 137 60 55 40 237 70 228 36 14 228 170 235 180 153 22 30 48
    132 38 2 251 17 157 31 44 157 241 144 5 37 180 133 253 84 35 100 206
    199 41 23 209 125 179 44 248 242 143 173 9 89 246 168 76 98 147 39
    55 183 81 255 244 0 245 23 232 198 146 66 141 196 250 38 19 225 15
    183 241 184 34 60 47 34 180 115 207 9 35 90 75 150 77 116 237 34 4
    136 241 249 197 138 227 165 152 121 104 106 140 9 96 92 36 18 21 32
    7 138 70 23 114 116 247 14 136 187 82 118 206 88 188 146 218 147 34
    111 170 223 119 200 69 179 47 26 134 146 68 244 197 60 182 7 4 120
    248 127 220 175 148 134 131 86 13 165 35 103 184 79 80 90 193 86 67
    216 120 48 65 38 248 20 137 179 124 89 151 148 89 179 33 41 230 213
    170 142 239 33 225 62 201 146 20 241 116 33 2 116 15 202 88 224 102
    123 203 203 95 212 82 174 44 158 93 232 71 153 178 125 240 171 13 92
    114 171 250 43 255 209 105 162 192 138 190 36 207 101 216 225 155
    182 101 59 79 161 189 154 255 23 212 212 194 145 95 219 91 225 57 36
    38 229 136 62 15 176 113 185 116 199 219 77 207 179 23 50 132 67 231
    50 143 12 52 26 153 110 113 247 22 102 67 17 165 166 121 28 156 226
    138 19 124 20 16 121 28 35 4 48 187 192 6 179 233 189 96 95 187 100
    42 69 253 149 30 103 168 228 135 31 73 16 19 50 1 82 149 44 225 116
    89 211 57 69 76 192 59 189 185 15 136 181 109 229 108 131 52 223 213
    252 238 220 233 98 249 117 82 49 147 242 9 113 103 107 51 141 50 167
    129 10 72 164 243 170 193 118 244 29 200 161 190 140 155 231 70 229
    36 131 246 15 237 128 137 248 36 115 8 68 75 42 186 19 224 175 14 22
    43 186 215 229 52 151 100 245 99 233 20 241 9 156 101 198 220 134 78
    19 132 231 191 47 153 241 59 0 245 85 186 11 118 59 10 4 70 95 206
    26 107 180 12 33 162 252 151 92 5 2 141 160 40 45 79 126 85 150 22 6
    107 184 107 202 186 248 194 160 189 30 222 215 131 249 247 152 18 9
    191 255 159 106 188 29 244 10 185 67 178 173 88 99 77 166 28 157 136
    199 183 28 64 11 42 164 34 86 151 140 21 228 199 197 229 114 131 8
    156 169 182 8 11 103 95 224 15 100 187 180 176 175 72 136 216 53 90
    218 63 203 168 110 76 194 111 121 55 230 131 210 219 152 121 160 122
    144 229 220 218 90 122 193 110 240 196 65 70 94 92 49 144 210 17 233
    199 157 109 128 79 24 72 230 152 125 50 224 81 140 65 80 255 58 42
    85 19 74 11 131 60 61 89 113 148 250 1 161 234 137 81 134 170 169 60
    4 71 158 17 147 180 116 122 78 152 166 211 18 126 89 51 33 174 235
    224 79 249 117 241 201 75 146 202 209 195 162 197 244 90 244 22 191
    134 106 230 150 135 136 121 192 141 30 25 120 36 29 36 63 166 33 0
    239 7 33 25 184 93 77 61 185 9 234 184 197 12 224 146 63 49 124 17
    203 179 211 106 247 42 182 2 64 188 27 208 0 64 67 49 180 229 46 120
    164 237 186 235 247 228 26 79 16 235 248 2 169 2 70 6 186 85 60 180
    127 167 93 174 149 187 118 246 150 217 238 181 38 142 99 68 112 174
    162 167 10 129 177 37 68 3 219 49 238 182 26 119 165 178 179 192 79
    40 53 71 236 235 248 132 230 155 22 105 60 26 184 135 151 38 2 122
    32 219 198 227 93 58 178 47 248 72 76 27 139 57 123 244 115 169 190
    31 37 0 91 1 206 224 127 62 27 240 240 200 123 45 132 129 112 129
    224 72 18 124 251 130 138 87 231 157 37 216 221 91 69 246 122 3 57
    246 26 124 104 164 172 25 61 125 67 114 18 22 250 146 215 126 137
    193 47 195 219 200 108 235 78 33 24 151 122 36 80 226 108 100 199
    145 213 92 169 255 18 65 76 57 57 224 125 37 51 220 55 194 176 140
    62 237 19 195 127 80 54 78 42 221 172 163 63 221 117 167 147 254 98
    56 222 111 225 44 120 21 97 189 230 191 37 165 240 97 238 205 117 25
    101 117 200 41 72 18 198 251 8 25 11 215 43 75 59 142 219 143 127
    116 254 247 110 250 190 85 183 58 220 85 237 77 126 147 141 77 167
    179 36 111 64 244 53 210 145 93 23 155 226 11 160 98 57 230 219 49
    72 128 73 60 63 58 140 73 37 197 247 177 213 16 88 104 33 31 242 74
    163 32 205 149 26 108 108 102 17 22 180 73 178 212 18 207 41 218 67
    110 101 228 232 188 165 3 52 233 25 87 60 174 135 51 85 173 232 208
    111 215 1 86 85 121 72 105 192 176 18 171 155 110 109 206 16 186 21
    104 145 148 234 137 135 178 59 135 72 148 85 155 197 243 138 234 127
    18 207 81 12 133 239 190 255 177 23 195 169 224 170 87 88 100 84 64
    12 50 197 108 85 71 100 177 105 159 229 4 131 230 121 156 243 82 228
    231 85 12 137 196 148 245 232 238 125 65 19 250 139 187 131 84 92
    167 97 0 101 168 85 26 135 235 0 223 112 101 41 233 10 98 168 108 13
    136 13 15 246 93 181 78 144 163 142 180 187 67 150 67 182 217 43 66
    218 48 60 176 208 19 15 159 113 40 86 22 219 68 14 55 148 96 189 218
    75 118 142 33 184 62 226 255 211 236 233 76 172 97 200 31 120 253
    130 175 234 75 125 66 211 207 8 22 88 143 29 18 118 159 156 191 193
    251 99 173 176 164 145 22 115 73 212 227 155 5 226 143 151 57 18 109
    158 58 171 78 165 13 2 49 206 178 63 53 187 197 218 118 204 238 170
    67 87 149 123 150 250 210 155 245 17 231 31 136 106 94 245 234 128
    74 47 129 191 73 0 143 64 139 206 93 86 224 86 89 97 86 71 246 14 43
    178 197 15 47 224 182 160 48 91 179 194 59 20 238 131 27 145 114 24
    73 106 43 160 19 108 120 3 91 73 126 80 59 147 15 52 150 214 30 192
    118 94 150 191 103 196 190 235 168 156 137 210 250 67 232 162 216
    198 11 230 121 164 124 87 65 150 84 47 101 106 62 214 161 224 85 182
    154 140 153 100 77 99 21 202 236 80 189 147 220 46 187 73 188 227
    214 123 84 48 58 99 177 53 185 29 113 124 199 215 129 87 140 199 41
    252 79 99 28 18 60 87 123 156 139 152 225 120 212 241 192 192 87 232
    114 125 185 92 170 134 30 139 176 167 5 107 170 161 73 169 226 8 3
    247 13 254 84 150 108 13 76 202 104 217 132 207 11 122 7 128 5 26
    110 94 204 228 190 255 205 222 181 25 147 59 183 186 73 186 77 81
    228 62 26 129 244 14 76 218 220 85 254 123 64 42 247 71 61 125 251
    66 251 189 13 15 239 179 186 16 150 126 74 185 150 246 255 146 129
    175 243 108 200 26 175 53 244 111 17 145 86 168 20 138 58 165 190
    171 216 21 132 206 220 152 78 108 40 36 150 38 228 214 183 160 207
    145 207 70 174 162 73 15 135 66 70 240 231 236 132 196 183 36 167 18
    100 162 84 109 211 141 205 232 174 50 210 78 215 10 98 72 184 182 93
    253 209 49 203 160 65 74 84 140 3 178 237 237 21 132 241 117 208 117
    103 193 37 54 41 129 220 137 51 226 40 94 183 78 79 21 197 195 225
    130 182 239 171 133 244 220 31 131 199 166 92 179 100 206 61 40 170
    230 196 209 92 151 192 241 168 45 29 23 30 47 146 22 135 110 186 40
    160 186 34 193 245 218 101 14 161 195 59 233 10 36 146 99 216 235 70
    216 214 248 175 138 245 187 126 214 151 230 106 131 39 73 130 80 15
    10 106 207 169 87 203 107 175 220 144 236 128 249 152 130 245 39 93
    142 114 214 6 66 42 245 77 249 156 202 55 40 59 126 173 19 224 192
    28 60 88 26 235 1 158 204 81 244 74 83 17 154 195 155 4 212 44 109
    206 226 197 61 181 251 0 187 98 211 210 52 66 105 112 66 173 243 143
    27 24 197 219 142 22 66 112 109 37 93 227 205 110 203 33 38 35 185
    182 246 130 242 82 233 215 216 65 190 2 190 152 108 244 23 111 186
    52 39 245 236 179 108 82 202 249 161 22 213 150 144 254 235 199 87
    104 93 202 109 215 70 190 157 41 35 52 224 20 158 176 227 105 238 93
    82 203 100 128 203 223 212 210 95 174 82 198 118 249 124 118 155 148
    181 105 81 39 155 134 181 240 180 205 106 8 58 25 112 138 21 247 145
    47 103 165 170 250 181 121 27 115 70 33 194 93 239 124 76 44 158 149
    9 241 41 3 19 44 39 242 202 123 81 223 232 219 149 77 111 138 139
    178 68 184 137 212 45 226 130 117 98 71 193 67 156 147 57 87 6 28
    109 97 37 202 40 10 35 7 89 33 42 216 179 110 93 48 75 226 32 125
    224 84 39 34 121 199 210 231 215 36 69 1 50 45 169 3 39 102 159 33
    91 222 224 227 191 158 197 221 93 84 23 12 218 157 122 48 170 16 53
    100 125 46 93 104 218 95 141 6 220 40 113 25 199 64 183 245 11 105
    218 72 87 185 34 191 24 130 22 16 250 83 113 82 143 191 6 246 184
    251 122 52 154 113 1 189 112 32 199 72 231 198 42 12 156 6 3 6 4 10
    221 51 161 91 82 222 115 208 144 63 137 114 40 8 133 123 58 27 67
    118 177 243 51 237 142 66 130 62 45 147 202 167 121 209 132 241 17
    196 174 51 183 179 9 61 24 228 7 215 9 180 156 16 115 102 122 22 229
    100 207 228 2 164 69 230 96 191 132 23 220 20 30 57 194 80 48 54 73
    118 63 212 240 18 188 221 177 149 101 69 157 48 204 163 137 212 221
    174 16 166 104 66 195 222 208 23 240 238 176 174 202 98 120 163 124
    162 4 154 106 102 13 138 70 158 145 12 168 106 254 22 151 80 183 84
    186 179 200 102 57 131 68 94 126 12 31 20 96 237 118 73 71 117 148
    90 107 112 221 222 94 4 75 1 75 57 222 10 32 60 140 31 165 177 36 77
    104 105 84 226 7 252 117 119 184 93 69 244 151 177 19 34 67 3 123
    219 176 141 153 251 55 28 240 104 137 108 206 33 96 207 130 249 197
    145 182 126 79 97 240 54 65 151 86 16 56 132 37 134 88 192 56 153
    167 26 87 6 26 138 99 218 185 102 215 56 255 14 113 216 121 241 22
    29 208 87 241 120 244 75 200 70 200 18 134 191 17 164 91 248 242 73
    239 181 7 191 85 56 47 7 95 215 202 120 175 172 142 56 32 213 141
    222 135 235 173 52 190 233 233 230 197 34 95 67 8 82 144 178 121 36
    169 250 202 61 165 18 211 115 33 121 251 208 26 166 26 161 24 231 83
    116 188 3 199 184 222 238 73 170 192 186 19 202 250 84 95 32 183 37
    17 255 116 156 174 71 247 188 54 43 235 205 130 233 109 166 122 51
    69 48 106 224 5 34 183 191 232 178 40 96 66 150 199 255 28 161 100
    116 186 205 40 52 35 69 203 18 227 173 222 117 35 38 8 125 56 238
    250 197 130 208 243 30 51 135 34 127 246 220 50 29 68 177 66 251 134
    185 52 55 148 227 110 247 215 222 75 35 225 137 253 198 254 162 210
    218 222 122 187 238 16 227 170 244 38 202 236 236 41 184 8 80 94 26
    102 111 48 165 237 176 164 130 0 99 93 141 120 194 158 126 68 121 5
    252 26 47 161 40 87 153 76 167 106 215 25 84 67 9 162 156 50 33 244
    72 102 99 145 117 114 228 246 93 2 247 12 64 127 221 163 152 56 47
    108 29 36 10 73 111 40 104 42 19 106 217 177 243 228 79 178 143 146
    236 72 7 147 5 156 175 175 131 125 0 146 114 47 41 90 166 144 151 29
    119 17 36 133 134 219 36 215 137 77 107 255 81 252 132 22 128 95 99
    214 223 162 38 100 159 243 68 199 63 59 39 208 135 208 46 171 218
    229 138 173 70 5 246 228 185 205 41 218 117 154 190 102 142 203 134
    231 213 243 143 55 66 206 217 16 183 202 100 203 20 220 180 39 167
    85 84 204 152 247 4 155 183 190 125 238 51 106 6 191 245 188 35 99
    239 163 0 67 138 255 95 29 72 143 129 25 91 182 172 56 28 36 101 34
    46 150 195 174 249 38 100 29 245 143 187 89 88 171 202 235 196 164
    217 87 190 243 26 234 150 151 66 242 47 1 39 184 204 183 120 4 246
    115 146 105 26 183 112 160 60 57 252 128 136 91 85 101 187 114 71
    187 47 148 113 184 4 141 234 213 4 193 137 86 63 70 114 214 211 251
    12 55 97 60 197 92 61 20 79 239 77 108 227 90 168 222 198 166 156
    124 90 79 65 37 215 131 57 230 193 201 68 26 123 61 117 30 89 28 25
    234 171 164 97 42 227 217 149 123 209 97 19 119 238 105 220 39 229
    111 157 224 58 83 110 48 78 208 148 19 144 43 135 82 158 102 141 202
    144 125 30 57 50 186 154 48 50 74 190 53 54 41 144 145 155 36 249 23
    197 17 48 0 191 43 122 231 147 47 224 21 189 95 204 138 27 109 187
    49 203 14 193 244 253 246 113 180 105 29 146 236 58 214 230 98 61
    236 138 239 252 237 179 175 143 164 93 11 100 138 222 89 196 155 215
    139 65 184 10 100 153 212 70 229 208 160 165 67 54 27 46 163 212 37
    54 120 30 136 39 240 166 35 35 175 252 88 228 236 200 85 46 63 220
    143 235 36 139 58 62 78 12 98 20 83 196 32 138 45 204 100 221 114 82
    234 253 180 197 199 25 205 51 200 64 172 54 77 100 59 163 78 26 19
    212 250 36 103 83 255 35 129 60 111 151 152 130 101 237 130 35 185
    125 106 199 41 21 190 67 192 56 19 214 252 97 163 4 95 232 225 105
    163 61 144 187 8 130 66 149 21 89 188 2 231 252 182 198 187 89 115
    142 54 75 236 41 137 214 189 96 149 166 191 221 203 252 98 123 66
    242 157 206 145 110 191 44 40 144 71 61 25 161 199 118 242 117 172
    239 152 254 21 248 92 36 35 2 160 187 165 175 243 198 122 34 254 201
    220 219 53 152 174 223 36 197 237 227 92 37 75 23 69 208 12 39 101
    98 156 170 247 251 225 88 117 26 127 204 169 53 46 85 160 55 231 198
    30 128 28 54 71 139 159 122 214 231 9 192 252 187 157 41 43 241 24
    189 181 40 45 50 255 145 107 128 236 124 18 196 206 38 164 169 120
    163 63 246 78 209 188 89 86 246 77 135 79 4 126 181 65 191 60 237
    240 159 83 123 98 166 59 234 15 242 97 145 17 10 68 139 130 217 182
    63 116 42 76 49 228 109 185 113 217 116 167 65 144 70 105 186 110
    236 128 27 174 234 77 98 53 41 74 100 159 237 51 116 46 114 77 130
    186 83 47 36 89 125 91 0 60 31 10 153 109 36 150 180 54 70 46 65 54
    202 93 183 187 191 91 193 55 17 144 17 70 179 82 166 169 252 208 121
    248 133 191 26 3 194 114 202 97 230 47 10 77 207 38 90 235 204 130
    45 110 205 155 201 155 139 187 106 103 63 246 248 182 107 252 189
    114 201 185 204 107 135 114 147 65 87 179 206 244 0 186 109 41 80 31
    156 192 88 183 17 67 181 32 7 146 254 10 130 27 219 183 113 175 217
    169 28 86 114 40 86 33 93 193 144 86 234 60 165 42 147 137 138 146
    234 218 36 185 51 137 201 153 195 160 4 209 159 1 120 1 244 201 33
    176 52 222 227 6 33 34 109 29 75 140 67 191 59 126 226 226 212 138
    167 101 21 0 107 41 223 153 244 190 37 41 26 27 148 39 54 222 144
    213 31 215 66 131 192 156 135 193 33 160 115 19 99 79 59 149 249 54
    62 72 246 216 173 49 32 196 73 38 111 192 198 121 76 98 160 166 105
    236 17 207 66 120 139 140 31 219 254 189 104 117 156 119 143 189 89
    138 26 228 253 189 66 40 176 115 137 24 238 52 118 60 176 86 115 193
    161 238 248 56 126 55 56 235 101 39 233 220 137 76 75 57 92 137 121
    191 111 19 17 160 99 213 44 229 210 203 218 80 158 89 72 60 192 148
    197 193 113 19 243 207 26 216 185 28 31 119 225 37 105 202 91 32 164
    79 111 111 153 119 226 254 161 67 207 155 125 103 9 209 175 191 61
    244 70 8 80 234 29 176 101 224 126 164 110 105 95 57 139 76 21 69 62
    97 70 165 138 131 154 237 218 155 34 184 228 232 173 4 165 99 134 82
    171 85 237 147 53 25 130 156 178 6 82 136 240 225 93 185 201 218 75
    42 140 31 202 63 115 84 144 52 121 95 116 76 100 91 55 231 156 232
    64 24 180 74 24 75 187 105 167 45 180 146 68 252 81 211 250 5 193
    120 20 169 75 210 202 58 92 234 169 199 249 197 235 135 210 17 170
    46 153 247 4 238 37 38 217 139 156 139 38 146 151 197 127 160 44 164
    73 36 172 242 212 135 236 81 174 35 67 100 73 27 175 136 186 41 149
    222 171 9 72 90 236 30 122 67 62 157 90 112 137 33 10 114 114 228 7
    197 141 15 75 214 251 144 181 144 63 129 187 131 148 34 35 11 25 217
    232 103 110 241 0 203 28 69 60 170 191 180 211 219 26 118 64 157 66
    48 194 39 177 202 250 14 214 84 75 18 59 188 240 23 27 173 116 148
    232 87 92 196 231 240 167 83 224 209 251 5 210 58 63 149 206 240 178
    55 84 71 137 195 37 105 161 221 249 209 175 137 13 189 67 26 117 212
    120 220 139 171 36 17 71 25 198 142 157 54 156 64 155 27 79 2 103 89
    144 224 32 136 204 98 66 34 69 78 2 119 255 136 143 198 100 170 190
    117 195 138 127 228 40 177 207 191 198 133 11 6 173 125 233 38 135
    120 40 92 137 190 37 215 185 114 61 245 84 220 236 155 107 87 241 54
    61 220 196 60 184 152 38 1 128 224 198 8 228 241 51 129 186 116 49
    146 93 205 34 61 113 24 110 8 148 129 216 158 208 9 42 58 99 228 168
    11 57 85 175 25 141 223 35 11 39 121 117 3 58 83 215 51 225 86 57
    250 117 214 122 126 166 32 44 131 103 201 217 131 66 237 240 54 75
    107 67 36 82 50 220 193 195 247 103 175 141 103 218 171 249 184 94
    234 70 166 40 45 233 91 99 26 168 65 142 246 66 82 225 166 147 152
    241 196 113 104 113 181 222 150 155 220 244 136 0 170 82 15 245 194
    199 235 135 60 89 215 131 120 193 125 7 35 58 28 73 163 124 118 3
    235 89 214 207 107 8 86 207 113 210 125 226 244 153 41 140 252 87
    215 174 115 229 94 106 93 87 73 99 107 165 175 60 70 121 113 9 176
    253 103 35 240 60 163 144 108 179 86 104 97 185 155 238 78 148 210
    134 68 229 39 170 79 162 177 225 213 171 38 161 150 12 61 188 47 221
    111 251 224 144 232 55 214 130 116 123 44 122 107 153 230 57 253 182
    36 80 168 183 155 172 223 141 42 54 186 94 201 43 34 68 204 73 151
    186 39 191 184 214 110 79 173 92 3 200 198 144 146 208 184 1 101 6
    51 218 37 198 253 173 156 129 60 94 208 80 153 194 8 139 207 162 157
    59 140 82 226 105 12 214 6 211 24 120 172 150 158 216 184 47 64 243
    251 73 77 35 240 93 72 141 185 24 115 65 178 152 150 231 140 129 52
    140 12 111 45 42 34 143 161 179 103 50 238 208 239 201 85 36 157 204
    220 156 237 207 159 25 128 131 22 41 172 204 20 197 139 126 34 228
    17 165 154 203 0 237 72 182 188 123 240 106 104 81 70 113 124 216
    133 206 213 147 78 168 224 241 236 119 106 222 32 122 42 234 172 91
    113 120 19 58 72 157 11 65 192 58 80 181 227 230 45 208 171 107 196
    75 48 89 68 220 212 22 114 197 183 160 13 169 186 117 47 116 183 150
    22 177 211 102 222 118 81 88 26 8 127 168 98 40 35 57 32 66 128 87
    33 42 221 129 195 82 231 68 25 13 246 233 188 85 165 254 24 88 193
    254 50 241 117 157 111 35 58 133 240 141 251 136 141 170 248 144 233
    204 51 233 154 230 47 214 125 124 22 182 238 163 123 89 224 79 94
    231 154 173 120 129 29 253 27 131 25 17 170 209 202 233 139 225 107
    234 230 238 90 236 184 212 220 227 112 20 94 203 242 117 26 184 21
    176 104 168 209 55 225 111 169 30 32 79 98 111 49 51 12 245 217 195
    87 199 223 15 50 18 41 61 71 195 86 63 43 4 176 24 182 134 125 244 3
    70 186 166 24 9 45 156 27 95 220 162 94 116 122 188 11 181 216 8 55
    159 244 18 74 157 61 214 169 110 211 169 5 106 101 41 34 243 223 105
    2 36 72 171 175 88 231 201 188 111 126 91 77 45 52 219 195 175 58
    212 37 25 209 249 67 177 204 116 21 65 73 50 27 225 117 24 150 166
    16 73 103 196 180 177 196 185 54 61 40 44 137 209 172 93 163 20 81
    241 31 116 25 31 132 210 137 148 242 160 111 230 197 42 50 199 59 13
    112 108 38 65 45 188 212 163 119 27 85 209 173 190 25 192 75 161 79
    197 77 207 57 148 49 223 181 128 79 95 54 81 219 84 60 172 175 201
    209 103 133 165 70 0 95 214 44 77 141 158 76 36 18 68 216 243 50 213
    102 124 116 140 58 116 128 196 200 151 112 172 10 94 221 31 218 79
    177 85 108 195 90 224 92 99 203 231 10 240 145 34 96 171 195 108 148
    193 16 57 8 72 104 34 11 69 60 93 47 126 32 186 159 147 11 198 116
    209 40 71 2 75 48 60 144 221 99 177 117 7 99 205 105 52 144 43 40
    113 232 220 173 95 237 71 11 132 16 149 92 45 42 162 62 66 97 127
    123 147 237 144 49 22 27 120 82 218 60 165 213 55 116 155 184 106
    200 185 4 103 32 221 188 185 62 25 170 25 249 233 198 194 248 145
    106 109 167 136 133 101 125 64 67 110 103 91 198 169 180 218 93 8 19
    89 44 118 242 209 247 31 96 2 5 163 125 53 189 2 124 165 235 38 73
    100 95 130 54 17 55 135 44 63 133 158 65 79 149 103 219 144 50 220
    38 164 85 90 114 157 180 176 127 145 152 70 76 133 213 67 199 224 12
    235 177 97 46 132 197 240 20 128 227 63 150 178 209 71 164 49 31 103
    205 73 107 116 171 233 45 47 158 4 34 51 23 113 191 135 134 237 116
    164 107 43 9 108 174 17 245 186 233 156 254 101 222 239 66 125 204
    33 234 65 70 18 227 136 152 235 20 184 122 218 18 7 93 143 193 55
    169 148 191 110 176 122 161 237 225 222 117 215 80 253 153 183 103
    94 153 96 89 40 227 202 11 125 13 73 233 110 85 68 210 151 104 255
    27 211 189 123 174 64 95 81 229 88 140 246 134 116 31 239 69 97 89
    237 212 41 248 133 85 249 51 197 190 48 72 3 12 143 168 217 185 249
    9 135 125 123 142 161 128 67 8 104 50 43 151 123 160 201 203 191 28
    204 39 99 197 181 93 88 149 99 150 164 40 44 190 197 183 162 243 129
    58 81 59 94 33 205 4 74 8 146 3 142 217 198 91 229 195 78 153 36 146
    47 217 223 228 229 76 4 10 250 21 52 176 49 47 197 168 48 225 224
    152 105 43 87 126 189 1 72 160 196 226 130 27 18 25 120 250 60 140
    126 240 21 11 211 234 219 177 232 196 19 59 122 126 124 213 61 230
    21 5 35 12 237 58 197 123 127 119 141 179 218 62 3 244 19 122 50 31
    213 173 122 28 19 201 175 203 89 25 235 238 83 34 104 122 22 89 115
    207 24 45 18 105 226 38 57 68 163 138 198 171 126 181 163 197 138
    175 41 104 246 192 32 211 56 216 114 27 220 27 158 190 240 55 181
    172 4 93 158 208 194 127 158 207 94 21 164 146 196 35 35 74 120 117
    163 183 170 100 60 211 181 126 51 195 44 193 100 221 168 199 193 131
    37 49 208 206 134 147 2 7 23 122 173 43 41 229 114 37 119 173 141 44
    105 95 55 164 63 157 26 50 12 207 152 153 188 234 147 220 242 239
    195 74 151 222 229 3 126 106 184 99 162 137 44 127 116 94 136 96 6
    47 185 155 164 42 129 114 199 10 231 97 43 220 51 10 219 74 176 169
    141 97 159 107 14 35 51 21 233 212 92 51 217 53 220 25 115 171 162
    213 218 230 8 243 73 206 111 190 180 22 200 20 16 246 143 223 230
    199 222 137 70 146 102 100 141 189 126 235 75 40 80 213 218 170 136
    203 205 114 233 215 229 141 85 84 36 183 241 245 140 214 231 88 133
    148 249 123 125 215 32 23 37 60 153 50 59 51 199 247 218 202 45 171
    6 142 40 113 62 157 250 131 196 108 150 66 184 129 39 234 85 111 143
    217 75 120 163 152 64 134 85 67 81 38 6 82 81 88 73 188 135 10 126
    59 185 74 205 38 118 75 34 189 135 16 48 174 252 231 229 244 18 53
    159 89 195 100 167 126 226 196 102 185 162 156 150 218 19 59 28 248
    28 175 151 97 66 115 33 161 77 34 194 230 59 107 12 188 149 53 62
    145 130 78 44 249 124 145 237 172 51 65 175 127 76 59 77 222 168 25
    120 64 4 213 134 222 130 45 37 96 181 196 212 28 129 128 40 134 29
    42 251 154 125 80 84 38 115 44 120 151 11 97 90 225 169 247 165 221
    9 98 96 92 222 248 211 144 26 209 187 73 77 110 10 181 82 74 131 31
    170 139 155 106 36 48 123 126 58 226 170 180 38 236 21 123 151 50
    186 229 174 21 91 45 129 101 136 195 1 82 79 129 149 35 171 157 207
    222 129 238 171 149 18 128 194 215 248 148 177 42 24 146 205 17 121
    151 213 142 187 67 246 189 221 62 87 5 88 134 80 59 224 30 239 201
    168 134 236 46 113 224 121 244 57 56 222 143 58 215 133 137 20 188
    62 212 108 202 118 187 248 255 80 129 139 102 248 83 93 63 247 184
    150 222 121 216 165 5 30 96 209 176 225 106 53 157 213 204 64 189
    211 11 156 204 214 177 29 95 96 137 2 13 35 207 21 168 27 78 47 238
    28 61 177 156 140 4 107 186 232 208 86 1 237 181 11 126 133 49 111
    210 20 236 115 186 135 199 206 97 163 119 68 96 99 62 230 244 219
    226 213 58 102 61 118 236 38 157 132 27 139 237 154 189 243 80 206
    137 23 43 7 55 104 145 60 84 220 119 141 116 243 74 180 51 131 206
    217 8 25 48 191 127 15 189 205 3 167 7 184 64 199 33 239 95 131 148
    34 144 205 223 12 210 38 53 69 102 185 64 76 114 80 112 181 124 207
    126 11 156 201 166 92 192 229 4 231 178 189 34 207 26 49 139 133 120
    234 175 25 45 121 147 125 33 234 154 114 141 221 124 114 200 161 99
    79 118 249 177 160 145 141 114 27 76 206 187 73 236 55 111 1 208 164
    140 187 57 249 206 199 14 119 92 27 56 11 219 113 221 113 53 69 116
    77 234 234 195 203 195 123 49 132 60 126 96 111 143 205 138 91 182
    98 28 203 209 94 215 220 90 81 121 124 207 77 128 210 232 111 191
    253 115 129 249 7 47 208 43 6 187 253 132 250 38 51 82 214 238 142
    70 130 254 81 110 236 38 10 219 161 136 129 26 60 171 236 140 214
    240 238 100 1 85 202 117 51 44 230 29 180 159 219 232 15 59 161 209
    110 134 162 124 74 227 175 40 86 205 214 179 146 190 106 23 15 134
    48 54 136 62 35 126 22 118 147 230 232 126 40 226 243 158 88 89 229
    104 10 36 78 161 247 109 43 121 50 116 109 123 12 243 3 164 184 186
    201 214 16 227 106 57 64 170 52 197 252 41 83 47 7 241 187 54 185
    103 42 24 38 55 95 75 192 233 212 61 132 72 13 144 235 114 1 184 109
    231 4 59 33 40 242 113 134 177 84 42 201 142 110 86 12 214 12 38 112
    129 11 20 157 57 247 186 28 19 3 66 20 94 180 77 151 187 92 144 124
    177 173 61 62 119 237 237 247 43 117 196 166 49 22 253 234 73 109 62
    157 201 182 130 92 118 228 185 235 58 23 92 251 135 201 112 58 175
    135 79 58 111 181 80 45 233 126 45 98 66 120 35 141 179 154 86 34
    211 146 31 216 180 187 60 82 166 10 214 21 22 207 19 95 76 91 114
    187 61 176 172 255 124 171 174 241 252 63 150 72 117 1 254 185 157
    212 170 120 2 36 228 229 197 140 87 118 169 157 68 214 77 161 255
    222 133 154 23 171 163 83 167 134 15 136 231 26 226 141 237 28 6 230
    218 243 85 153 8 181 93 76 5 102 84 26 45 155 8 232 139 190 243 69
    164 252 107 107 11 189 28 69 79 217 26 102 8 254 139 164 240 78 176
    55 148 65 10 232 47 98 47 193 168 102 102 113 20 183 96 198 77 42
    119 2 234 61 85 239 102 246 63 63 136 232 248 143 57 77 115 24 114
    214 1 80 25 55 196 35 32 105 181 91 192 107 76 190 118 232 213 217
    107 221 211 120 75 48 121 159 80 13 9 24 110 88 213 209 184 182 232
    29 137 237 130 44 52 27 177 168 149 7 102 81 5 66 43 124 36 130 98
    250 11 168 113 63 157 62 239 99 113 249 183 42 156 244 93 12 139 175
    20 77 77 177 228 233 249 211 49 24 65 8 2 124 131 184 186 184 150
    138 35 53 6 12 8 240 203 96 248 117 107 131 218 11 183 86 22 105 210
    198 239 104 92 163 214 150 206 57 245 158 122 51 230 102 156 28 17
    128 108 238 231 44 177 93 7 59 86 233 159 217 197 31 227 76 73 57
    172 82 69 136 103 240 142 81 228 30 11 236 134 11 148 78 55 125 28
    221 37 9 69 12 77 3 193 27 155 210 169 45 125 5 35 140 93 96 136 162
    200 90 95 109 155 63 169 218 199 225 105 55 163 224 117 72 150 26 83
    208 132 46 181 103 245 243 144 58 88 121 221 29 26 178 6 38 160 245
    126 52 37 95 50 189 242 3 198 83 55 98 72 249 28 173 148 127 126 111
    96 38 146 179 155 198 74 102 171 190 0 160 14 88 10 129 87 49 15 225
    43 139 55 148 73 130 208 6 175 211 56 62 0 160 193 14 32 181 198 16
    156 173 253 32 243 194 180 77 222 129 62 114 19 71 166 243 33 247
    112 38 83 211 95 229 82 78 43 147 62 101 150 19 228 82 255 117 147
    244 33 178 134 246 129 33 112 115 32 185 36 5 247 208 215 101 4 136
    3 42 26 38 123 189 231 93 175 191 139 55 193 233 182 69 29 231 230
    41 145 179 34 42 151 38 29 226 177 243 20 11 243 49 226 212 3 247
    178 135 135 165 176 2 28 165 185 114 246 17 154 10 161 21 193 41 181
    252 206 161 177 65 216 14 67 153 81 117 56 18 87 209 32 119 254 6 81
    54 226 201 229 176 142 58 86 153 27 156 127 250 82 10 177 73 191 194
    255 68 138 57 196 214 175 119 201 97 244 158 123 135 227 243 43 246
    176 157 70 13 50 193 196 16 59 148 147 198 94 93 222 134 105 34 125
    13 116 194 209 157 225 4 5 144 215 123 126 85 20 129 102 142 244 121
    191 170 228 174 198 164 58 198 20 213 85 114 135 243 230 56 13 46 75
    174 70 166 31 6 71 141 199 222 2 39 215 113 60 198 3 8 32 144 247 28
    82 165 13 94 244 42 188 46 110 139 54 229 75 216 112 25 26 12 200 98
    42 37 144 123 207 242 32 199 93 197 242 69 0 230 202 8 1 125 179 172
    47 1 32 236 234 220 190 19 132 151 114 135 199 192 179 215 39 9 228
    172 246 251 54 202 123 177 199 34 168 213 203 46 25 97 168 29 57 131
    168 144 51 161 29 113 140 21 83 128 175 177 184 127 205 224 110 40 1
    155 145 219 190 221 21 39 92 143 72 114 233 9 209 19 13 21 41 52 56
    67 41 198 222 254 247 175 155 216 10 80 17 56 249 114 35 23 56 112
    126 86 62 28 142 58 182 251 154 149 24 98 247 65 205 75 148 51 112
    57 134 220 65 253 8 90 135 169 33 31 169 212 103 19 41 251 18 21 173
    14 199 195 228 20 118 233 217 76 166 138 24 30 2 190 243 227 19 108
    173 249 251 34 75 175 198 65 89 157 238 84 162 83 219 200 86 26 35
    129 15 126 126 44 179 180 155 178 116 214 40 60 0 77 70 248 19 119
    220 15 176 147 23 135 159 85 186 76 89 31 133 171 246 38 161 103 24
    22 58 235 110 235 53 187 255 63 83 142 187 179 75 62 218 57 127 162
    92 83 102 53 208 81 115 233 184 251 28 141 35 130 35 205 242 162 42
    54 160 36 41 235 141 5 172 80 23 212 204 135 250 40 147 135 25 21
    217 253 86 159 66 202 109 162 139 38 67 30 58 214 62 232 214 87 235
    100 52 145 9 195 21 194 47 207 75 67 56 104 219 50 151 212 233 252
    135 215 210 24 156 197 15 73 97 114 127 205 94 89 238 180 87 48 71
    19 161 59 86 37 25 84 190 133 104 188 80 226 28 19 77 175 9 211 192
    86 167 203 89 70 251 208 124 179 104 163 174 33 171 245 168 126 253
    62 89 135 116 87 238 223 224 62 237 83 194 107 219 88 88 216 94 25
    52 12 49 127 197 191 8 105 203 174 82 1 127 208 162 24 39 175 134 69
    26 192 123 199 188 63 241 95 18 120 199 155 239 29 177 146 2 103 95
    182 106 179 77 220 246 147 90 47 197 187 237 111 165 253 76 138 39
    188 61 221 177 66 226 31 249 163 186 118 90 200 229 129 58 214 188
    224 40 144 117 52 131 174 29 151 255 90 193 110 201 86 9 25 112 219
    202 21 111 33 160 229 68 37 162 188 73 188 38 253 213 94 54 163 49
    72 179 10 79 218 63 154 72 104 188 3 176 247 251 0 182 46 144 242
    113 139 112 11 253 225 88 172 23 135 56 219 95 243 60 154 77 73 117
    89 114 224 113 17 240 159 12 187 148 178 82 29 49 193 24 40 156 222
    43 67 218 238 18 166 243 195 228 7 202 22 143 8 18 148 196 254 77
    123 171 225 99 28 98 8 211 100 2 4 34 168 35 85 36 7 171 113 255 210
    220 136 241 174 51 33 28 216 178 82 34 143 165 211 176 120 97 196 40
    145 7 94 113 48 181 208 70 52 205 247 254 80 216 128 238 137 147 158
    215 226 157 62 173 50 147 53 151 86 164 81 241 163 4 137 83 5 15 69
    54 186 240 189 174 206 171 233 233 152 165 182 1 96 137 104 150 200
    218 126 29 207 102 162 94 169 66 165 113 198 183 151 212 242 251 236
    113 17 11 102 87 34 203 236 127 249 147 236 211 70 36 203 226 74 37
    178 245 195 5 132 54 163 12 161 112 136 236 39 231 194 188 183 218
    248 78 18 221 97 36 97 58 83 104 28 155 250 187 125 88 212 242 138
    29 144 47 81 91 125 119 166 71 68 68 6 5 25 248 219 144 152 172 143
    4 117 124 60 3 229 107 181 129 166 43 78 162 213 196 144 157 162 249
    148 137 152 168 4 244 168 192 51 152 112 109 127 11 162 104 116 188
    39 7 7 28 113 203 98 17 235 100 133 134 77 213 237 101 164 164 44
    141 1 126 157 142 35 131 6 253 93 138 224 30 42 84 135 36 227 178 28
    71 214 234 149 241 58 87 75 201 30 227 55 145 23 77 152 0 219 0 62
    185 242 105 57 149 52 168 102 62 135 63 143 120 160 150 229 193 175
    97 128 226 68 234 225 204 130 230 203 192 226 220 198 210 230 74 195
    41 115 181 150 50 69 23 219 121 34 30 152 63 238 189 32 32 135 145
    247 117 193 144 83 16 21 85 34 254 238 112 62 140 124 162 30 241 222
    131 139 232 230 97 229 118 8 129 236 34 154 201 102 199 186 48 190
    120 1 200 104 51 195 87 197 44 12 19 125 195 95 165 158 124 146 196
    24 176 41 175 194 189 64 75 50 49 131 70 212 155 109 81 129 159 23
    143 121 118 80 65 107 188 126 149 5 220 123 31 192 81 31 175 78 58
    158 48 179 36 190 169 57 250 208 200 61 12 143 25 232 60 17 47 3 1
    27 87 146 141 211 45 7 184 104 53 54 47 107 211 209 101 134 215 17
    252 18 184 193 251 102 217 157 112 96 240 120 181 197 80 131 112 135
    110 210 149 93 152 74 163 116 222 1 98 170 62 254 73 133 68 10 177
    24 187 97 223 85 95 193 123 10 149 244 67 54 169 168 18 249 65 54 42
    96 225 0 40 88 241 191 134 118 55 71 73 199 27 240 223 96 45 39 127
    98 243 219 33 159 215 33 178 55 95 171 68 70 225 201 87 183 227 209
    2 7 249 108 238 157 118 4 136 111 243 226 57 247 111 56 251 184 21
    108 177 187 225 131 70 150 197 131 34 70 242 217 130 237 187 230 245
    55 135 230 43 30 246 72 90 225 104 251 137 25 37 77 188 212 213 80
    15 14 178 158 145 131 120 90 127 255 40 150 19 62 100 248 111 171 53
    184 60 60 148 156 229 40 123 22 91 135 209 1 46 91 185 166 48 200
    149 51 82 58 193 85 244 220 77 15 194 105 177 200 181 95 105 120 211
    75 73 28 122 116 224 248 51 189 67 123 89 45 180 235 31 85 2 187 171
    56 52 20 17 232 97 75 59 59 88 118 194 171 27 64 12 165 109 115 97
    196 58 101 81 251 10 106 8 35 183 22 129 91 128 123 213 127 44 9 85
    74 90 214 168 39 22 246 183 15 104 128 57 199 207 86 189 109 180 121
    25 40 46 245 197 40 123 249 192 50 208 45 211 80 239 188 94 202 244
    101 245 223 42 58 77 225 113 178 5 132 238 68 132 152 164 240 106 34
    189 184 126 95 35 109 71 108 118 52 54 250 205 175 113 94 248 155
    130 117 131 132 8 23 209 117 196 39 139 97 1 20 76 187 139 32 139
    255 253 25 218 40 131 232 162 101 198 36 34 64 100 253 214 244 190
    134 48 46 134 162 47 184 148 157 122 153 52 36 194 67 61 79 54 151
    114 137 123 194 20 130 170 52 147 165 122 30 24 137 17 249 79 255 41
    157 145 46 87 175 34 126 128 22 187 242 49 54 211 216 168 104 165
    223 236 90 137 7 214 110 122 66 41 4 158 143 210 21 86 182 174 179
    191 195 169 217 155 64 147 9 172 209 243 50 64 186 56 138 85 215 102
    93 47 118 62 71 226 139 72 232 64 3 162 194 186 171 149 239 149 199
    196 108 180 187 221 182 226 128 5 223 250 131 0 48 66 99 217 149 33
    201 170 119 234 80 226 192 79 187 194 27 202 222 134 191 2 87 14 66
    49 64 109 51 74 180 52 198 219 58 220 95 220 31 118 77 229 103 8 9
    217 58 250 78 176 152 177 150 4 254 225 240 19 212 44 195 160 52 7
    120 61 175 69 42 147 34 229 69 2 44 125 106 0 198 45 153 162 92 159
    208 170 137 116 23 79 40 238 86 52 212 19 9 82 163 238 242 42 140
    118 112 145 12 191 86 34 65 16 66 20 64 79 41 112 87 220 167 239 186
    10 241 52 191 77 188 4 168 132 195 94 13 190 223 185 203 82 84 130 3
    131 131 111 127 60 236 218 98 125 3 64 68 219 8 121 191 23 243 58
    225 86 13 165 108 127 167 45 133 136 115 42 133 85 79 243 77 53 17
    60 130 245 44 162 48 104 240 77 132 87 194 196 103 168 127 140 192
    101 66 211 105 174 111 128 190 12 131 165 142 247 89 212 44 133 177
    50 213 243 46 213 161 107 180 6 136 188 4 76 147 102 16 249 244 67
    51 2 75 146 217 243 58 237 169 84 222 216 29 131 15 231 195 106 191
    52 216 209 208 35 97 57 157 62 82 234 238 120 180 173 216 116 156
    201 52 240 229 10 186 250 44 153 196 44 15 79 224 11 173 109 112 93
    36 109 229 193 120 60 163 98 228 8 81 216 209 19 93 57 104 169 127
    102 92 53 184 7 199 182 221 46 201 117 205 92 156 184 124 246 169
    142 165 196 126 200 63 119 242 161 185 120 131 58 18 63 100 171 165
    70 122 164 133 30 231 150 91 206 14 64 97 131 27 189 31 217 222 145
    106 242 173 14 193 118 20 189 221 107 116 140 220 81 0 221 19 214 2
    143 159 189 225 155 159 13 245 159 196 77 33 253 10 214 184 98 218
    42 235 167 140 123 35 156 209 92 115 124 253 123 62 96 86 65 85 0 22
    44 23 189 67 231 176 130 46 54 50 13 238 163 247 82 63 90 111 246 78
    85 53 62 55 99 61 139 251 54 160 28 229 40 80 74 182 115 15 235 51
    245 51 58 212 120 88 1 32 115 203 152 152 233 165 251 164 212 99 78
    227 195 132 211 194 142 209 3 217 150 63 15 211 195 236 138 236 159
    176 164 239 70 138 62 113 20 90 135 91 240 224 219 227 91 98 101 34
    186 117 89 198 206 66 38 162 216 12 94 226 77 63 9 61 44 105 77 253
    238 49 182 145 58 179 160 245 216 2 41 150 163 35 12 155 79 86 251
    254 148 18 253 131 228 147 192 239 63 203 208 155 224 57 192 201 79
    188 28 13 131 20 7 67 176 139 41 92 107 249 243 203 97 48 176 179 91
    64 61 205 76 225 235 96 202 88 17 218 177 23 182 33 144 44 76 220
    110 45 86 168 112 167 161 122 184 4 222 165 158 78 178 54 141 82 24
    33 182 7 157 208 222 112 255 53 126 9 142 133 4 237 150 191 249 120
    12 143 153 170 85 32 149 85 176 34 174 245 1 19 133 76 139 167 8 7
    50 41 138 204 28 18 116 5 34 6 198 116 140 46 195 155 81 181 80 22
    141 14 64 195 167 206 119 168 235 13 8 74 9 51 229 185 117 155 177
    116 85 98 29 140 198 169 64 210 110 92 199 87 5 218 124 161 194 80
    138 107 252 28 249 28 185 52 61 34 210 26 103 79 150 7 72 36 239 216
    168 192 114 169 124 224 177 250 151 160 46 65 220 97 79 230 39 54 75
    38 246 31 208 143 101 185 41 109 195 135 163 105 184 41 188 24 210
    92 52 166 126 62 155 29 7 12 105 67 121 230 47 28 79 64 37 209 12
    114 25 10 217 247 220 183 33 192 172 226 230 218 118 155 81 249 180
    147 158 178 44 43 97 248 239 140 135 52 42 144 120 160 218 49 188 65
    237 199 227 104 76 13 72 58 72 139 95 111 249 131 212 139 65 149 157
    195 200 118 119 207 220 19 131 6 84 244 31 190 76 159 184 79 20 165
    226 14 97 198 235 135 62 130 59 85 53 32 193 248 220 129 177 254 142
    213 131 158 145 71 169 65 81 213 175 181 142 231 247 78 194 72 92 48
    117 147 15 184 121 97 82 7 158 67 45 12 181 92 230 181 108 123 51
    101 23 202 181 140 73 184 12 50 205 96 45 122 7 198 48 237 123 167
    175 26 105 22 232 61 231 64 115 129 204 7 123 157 73 230 141 195 155
    103 70 128 184 223 151 161 130 220 30 214 178 6 44 29 1 3 192 15 166
    96 50 176 189 225 119 5 147 86 90 227 11 184 124 140 124 64 56 135
    46 20 226 143 108 141 20 23 18 238 152 210 177 226 217 122 167 153
    244 28 72 20 52 200 15 195 172 207 128 113 3 55 211 183 233 50 84
    188 125 57 147 220 200 200 94 129 18 109 118 180 150 19 176 157 123
    46 93 17 30 0 204 231 217 44 60 26 120 176 223 109 24 23 244 146 114
    22 235 123 191 207 107 69 0 103 184 7 165 167 90 57 152 232 118 109
    215 227 157 247 85 87 86 127 177 140 46 35 8 30 68 243 172 18 92 30
    176 119 11 239 94 115 124 215 235 39 106 231 239 90 96 99 169 29 39
    238 218 118 244 210 2 207 25 30 254 234 30 214 117 220 199 83 170
    211 125 248 206 94 217 117 50 202 208 127 226 253 238 96 137 58 20
    28 158 202 35 105 184 144 221 250 244 131 219 190 78 69 235 36 189
    200 67 196 180 253 150 131 27 200 160 21 230 28 234 235 197 47 229
    193 146 66 173 178 101 24 119 137 51 25 53 243 29 30 172 41 180 12
    89 157 175 41 25 62 238 135 192 138 229 25 224 31 176 112 172 166
    113 116 137 140 127 145 213 102 246 192 36 250 230 6 81 44 188 193 0
    134 29 189 48 127 215 131 30 245 205 0 109 149 17 144 182 181 19 204
    237 47 137 43 24 38 29 234 248 114 254 52 86 154 116 230 219 231 202
    150 235 196 245 113 16 121 207 46 246 56 94 201 14 240 163 207 209
    237 243 232 100 87 72 54 114 18 33 92 235 83 30 146 212 1 207 23 146
    157 168 92 161 12 138 33 71 11 192 31 245 239 219 48 10 6 120 122
    224 67 221 142 132 223 198 80 162 128 58 124 13 85 58 96 148 200 213
    79 194 103 167 228 98 242 210 113 0 40 210 121 194 25 14 78 45 200
    98 61 97 53 9 192 196 125 102 102 237 45 24 48 239 22 84 131 98 167
    155 1 140 106 71 226 140 125 1 79 205 65 125 10 145 218 102 239 74
    141 101 108 142 13 248 222 89 169 253 241 233 138 132 73 52 47 230
    242 169 142 85 198 242 15 165 148 113 51 127 192 253 106 208 102 126
    232 113 196 162 43 17 100 150 87 232 247 17 215 229 199 153 112 187
    6 57 184 92 111 10 125 107 201 193 37 1 81 12 29 118 161 170 241 89
    16 80 149 96 49 179 243 14 150 130 136 194 53 229 62 229 109 220 199
    195 120 116 45 165 39 12 51 175 113 125 119 251 135 110 225 8 125
    139 159 117 223 95 140 191 155 170 127 214 148 5 219 157 117 61 35
    109 242 232 2 245 226 216 149 223 255 90 239 235 113 177 27 13 192
    236 76 64 73 146 133 146 2 99 27 87 89 81 239 217 212 177 45 161 75
    187 15 238 205 126 204 189 107 106 83 50 198 162 203 201 211 50 110
    177 28 210 145 57 24 185 229 36 164 7 73 76 134 102 242 29 31 118 17
    62 197 215 7 100 111 229 106 30 254 64 56 230 66 218 85 235 114 140
    63 234 16 3 15 158 242 222 220 30 68 249 171 133 238 164 198 15 207
    45 188 23 218 46 78 144 98 79 214 173 72 120 31 176 181 50 9 15 122
    18 77 162 248 136 194 239 87 27 252 42 184 136 84 23 89 94 35 169
    192 197 100 207 9 30 173 96 245 160 180 158 172 173 87 95 127 148
    208 152 171 117 72 145 252 159 154 227 223 222 206 187 205 23 220 19
    124 29 95 13 192 60 228 194 164 19 160 224 210 140 50 32 135 151 92
    199 201 66 176 18 226 69 128 205 34 130 198 214 24 97 185 229 242
    142 247 158 2 163 69 110 251 82 103 228 132 18 212 223 85 107 106 13
    11 238 161 72 202 247 24 191 113 166 241 15 137 180 236 57 59 20 61
    2 220 65 230 15 23 96 198 1 132 165 252 197 191 32 21 13 147 234 123
    133 186 183 106 81 165 51 111 91 49 94 223 111 175 254 223 190 85
    182 202 181 3 64 113 110 248 12 52 117 76 120 45 145 175 136 167 237
    186 2 64 202 217 45 201 105 30 204 29 51 6 169 16 55 21 114 15 50
    247 89 73 142 85 100 252 136 146 20 142 135 2 176 69 66 106 218 186
    77 112 113 29 252 4 1 245 241 212 136 109 71 43 150 254 28 211 74
    221 119 150 84 159 48 45 94 21 25 185 120 122 50 108 43 82 91 214
    154 135 216 249 4 101 169 221 119 30 242 216 243 49 121 185 133 49
    58 162 42 179 2 147 178 200 10 46 15 177 101 90 122 144 200 34 74
    184 99 1 171 185 26 202 73 84 70 149 123 116 74 65 132 53 250 186
    148 110 68 91 137 61 44 83 160 70 190 144 237 21 198 238 127 173 230
    119 83 232 230 133 121 84 143 143 107 240 227 140 211 42 108 4 192
    248 85 123 81 217 23 76 3 163 129 156 243 120 161 142 220 8 166 199
    174 42 93 218 122 60 145 97 133 221 213 223 69 241 92 45 133 182 248
    199 89 213 4 237 220 52 131 155 41 131 140 216 67 151 26 98 9 143 3
    17 99 30 205 84 228 33 160 21 161 51 180 78 229 194 152 132 193 58 3
    92 60 192 236 197 167 159 148 17 150 45 147 251 230 30 87 87 177 5
    233 120 20 178 142 9 107 94 156 54 130 171 56 136 39 250 124 150 81
    123 80 17 122 121 178 47 188 45 195 7 102 50 212 87 83 106 104 188
    67 144 202 164 52 89 228 228 99 161 3 51 8 122 224 226 73 2 102 165
    21 245 214 12 33 120 187 233 148 223 89 53 183 115 12 31 128 144 1
    253 44 229 140 42 248 32 77 33 214 56 14 167 41 241 125 115 202 106
    68 234 48 228 172 3 204 194 251 139 255 229 238 103 200 38 198 155
    159 6 190 102 207 70 43 192 3 88 165 150 181 26 149 30 78 132 199 87
    114 89 207 210 174 152 221 51 8 82 242 167 210 207 115 103 71 169
    110 11 160 224 147 18 229 174 26 60 33 63 12 159 137 245 75 174 13
    209 221 237 126 239 185 197 13 221 140 135 197 190 236 130 242 168
    242 248 44 243 83 19 106 59 142 161 218 108 92 178 147 88 4 76 241 1
    143 135 179 78 92 213 130 102 139 81 148 135 250 16 241 195 182 152
    250 193 175 101 164 31 126 113 234 25 33 65 189 201 244 214 212 41
    63 12 30 251 66 99 250 161 252 175 235 120 73 255 89 234 30 119 118
    245 74 119 84 170 103 209 171 74 69 3 54 82 186 191 195 7 136 25 73
    175 57 37 186 45 195 182 171 208 45 51 183 156 203 106 95 242 56 244
    243 229 228 164 201 151 126 225 189 59 2 118 209 228 93 31 62 37 6
    195 84 40 81 87 82 77 142 213 6 249 79 43 199 199 253 133 116 245 36
    124 91 121 216 109 118 121 42 127 241 72 48 3 187 174 183 178 21 181
    219 46 111 99 21 97 245 64 11 62 184 10 255 120 227 214 141 122 211
    53 214 226 187 115 243 208 235 132 64 206 11 167 96 42 222 89 22 148
    173 124 90 196 155 23 237 127 17 36 241 100 95 87 154 6 12 192 20
    220 165 75 111 136 189 91 159 169 214 69 132 112 18 221 82 176 112
    152 68 51 37 51 45 54 214 115 93 56 253 123 165 93 231 43 85 121 23
    140 246 157 84 235 31 187 199 161 26 138 255 135 8 255 170 235 153
    72 39 92 75 2 203 196 148 247 162 195 24 76 93 182 146 145 176 235
    238 174 246 112 244 71 104 80 104 29 125 250 137 76 211 117 137 50
    120 209 20 211 53 68 91 73 199 151 172 22 177 118 139 10 50 230 228
    27 86 11 126 188 123 90 133 80 186 224 64 218 227 212 75 105 249 253
    203 143 92 191 145 159 118 70 199 91 151 22 207 231 180 12 252 83
    143 30 216 33 106 118 228 68 6 93 159 255 210 85 123 148 110 61 145
    5 60 47 124 160 192 32 72 16 232 145 91 50 215 82 226 24 195 142 158
    90 49 102 133 253 74 251 169 115 204 111 223 189 252 144 83 102 151
    149 120 214 129 135 242 125 154 25 153 214 178 176 233 141 116 48 93
    166 30 71 217 82 113 71 103 145 207 210 232 251 246 86 143 214 149
    115 12 123 89 31 234 56 30 44 126 41 45 57 144 140 153 35 14 22 61
    20 71 215 225 137 0 14 44 143 120 120 215 152 123 61 95 188 170 140
    250 13 132 36 176 116 126 167 10 151 201 204 89 190 42 115 162 217
    196 221 205 18 102 184 20 159 194 188 116 125 219 219 143 9 174 110
    49 190 226 87 211 97 203 207 74 214 236 148 25 119 213 157 120 161
    246 206 168 150 169 11 192 5 237 165 178 166 10 154 11 12 150 57 34
    47 154 122 51 155 117 43 7 130 13 62 97 122 173 151 21 190 37 85 191
    40 60 158 213 25 174 211 208 214 166 229 227 230 11 168 223 74 80
    195 83 77 237 197 24 67 255 172 209 203 193 251 232 231 148 15 154
    218 185 247 89 52 206 151 210 216 108 182 100 7 253 150 80 147 64 34
    248 50 152 162 138 239 230 33 32 109 73 226 64 192 209 55 212 107
    185 118 189 54 62 119 103 64 61 187 126 36 71 21 211 217 119 24 86
    75 122 101 86 93 205 51 178 128 175 27 244 162 169 65 27 153 137 191
    16 4 231 198 232 17 69 85 205 118 152 243 87 241 8 161 63 22 79 88
    195 196 90 38 204 147 66 67 194 23 39 132 41 26 174 81 93 120 40 45
    108 141 56 112 64 173 68 218 213 22 65 37 128 214 114 106 141 40 16
    127 191 183 60 48 225 39 166 24 102 85 15 47 11 217 160 176 35 61
    143 89 139 122 33 131 142 122 192 56 59 154 4 223 90 91 96 209 86 13
    129 244 146 247 101 216 249 176 192 44 96 145 22 219 237 141 31 59
    103 78 229 220 39 26 245 154 93 240 125 228 60 42 6 118 150 110 233
    96 244 133 63 8 154 185 78 152 155 98 191 73 39 197 114 228 173 114
    214 226 95 33 212 120 86 244 137 219 163 56 54 211 243 63 6 229 106
    75 151 78 60 179 63 177 10 59 199 22 70 197 244 210 197 107 42 88
    167 191 97 3 122 254 134 54 203 166 252 40 197 75 52 55 79 12 146 6
    183 92 112 129 142 128 166 161 23 214 174 100 243 148 9 32 223 23
    105 102 194 98 72 171 47 12 18 80 150 47 20 73 21 45 192 252 40 136
    249 231 79 138 87 198 36 32 76 12 172 23 153 116 89 59 99 65 49 234
    203 49 32 107 255 38 146 110 145 217 108 223 47 137 75 64 212 77 58
    220 164 30 229 235 89 161 183 17 207 22 57 134 112 56 44 136 114 14
    70 81 177 52 109 198 151 127 3 186 149 77 14 13 64 25 156 46 59 211
    69 115 54 212 33 210 132 91 117 67 91 108 58 54 49 209 254 201 61 37
    127 150 228 233 65 18 127 190 18 53 212 237 91 77 248 146 51 173 162
    219 229 107 103 19 189 191 26 251 221 146 133 129 27 74 230 230 79
    206 229 245 224 223 27 167 76 225 61 85 92 146 75 246 14 89 218 79
    55 22 64 248 12 111 16 136 205 135 69 144 69 49 160 13 46 176 49 255
    56 59 155 39 209 74 54 94 15 239 228 180 223 15 113 81 159 109 217
    134 235 118 253 170 13 140 124 33 61 97 9 46 170 85 116 147 245 146
    38 177 59 178 158 231 178 2 110 27 71 7 192 151 18 27 99 221 183 158
    236 165 105 203 86 42 72 220 202 159 155 3 227 207 49 43 92 143 179
    7 244 32 251 78 148 128 17 183 15 24 107 60 71 6 180 235 207 104 133
    97 168 231 63 158 168 103 254 5 238 27 211 121 164 17 110 219 139
    201 157 208 127 150 24 65 191 128 182 232 125 212 11 161 140 15 16
    34 137 21 67 154 139 208 177 29 123 21 100 124 20 4 72 30 88 166 239
    225 211 202 181 205 197 159 142 131 129 120 81 60 208 85 26 252 63
    166 228 224 154 202 49 27 88 168 70 55 124 147 227 67 179 217 10 74
    35 0 127 83 148 98 109 152 120 202 200 52 19 6 124 93 184 43 14 183
    194 40 101 254 60 171 247 183 36 225 89 49 106 50 213 169 117 64 196
    92 148 89 19 94 105 210 198 237 9 221 51 8 27 153 75 100 31 178 194
    4 240 3 96 185 175 193 243 219 254 39 64 193 162 99 197 24 160 138
    129 125 238 164 16 53 6 13 181 34 163 23 11 151 247 241 87 11 182 29
    67 218 139 140 230 37 43 78 55 181 59 105 185 128 191 95 47 120 213
    23 181 24 59 244 64 169 132 232 118 21 56 246 44 143 1 200 145 231 4
    53 32 39 96 46 77 200 44 211 131 59 33 161 224 167 84 127 162 91 161
    134 230 22 198 81 75 125 191 193 127 11 176 107 107 10 117 225 77
    254 91 178 32 235 131 146 63 215 233 70 99 216 244 193 94 212 95 176
    150 221 21 2 105 43 126 12 244 255 147 176 119 173 236 138 86 228
    215 151 101 219 157 115 5 95 28 249 79 50 51 94 126 174 118 85 180
    118 120 152 87 97 200 115 6 230 187 211 163 23 12 203 91 105 12 34
    252 75 133 251 34 224 159 83 12 80 49 36 76 90 237 31 167 166 253 4
    195 238 105 51 106 178 76 168 102 80 239 5 207 142 190 3 42 239 93
    137 84 29 32 64 59 164 121 9 110 56 247 57 255 237 188 90 228 193 97
    109 16 61 230 2 213 91 157 23 66 184 227 186 102 2 75 188 211 106 48
    121 223 14 184 221 255 186 86 253 112 31 118 83 226 73 0 35 165 97
    34 234 161 145 166 114 236 58 125 150 165 81 239 221 144 147 117 185
    121 62 79 94 93 14 224 159 36 165 165 224 79 3 58 244 189 197 212 43
    90 124 31 173 101 163 248 228 34 207 162 206 99 205 221 207 137 49
    213 32 83 65 197 108 102 79 59 35 228 145 153 19 13 13 177 16 55 41
    43 0 210 135 88 47 209 94 211 242 215 3 69 53 54 47 144 234 108 198
    213 13 47 70 31 142 5 112 88 128 221 203 210 41 146 225 234 230 64
    214 228 245 40 214 119 179 144 103 202 188 3 67 109 80 75 154 254
    129 218 202 15 120 239 15 197 101 47 19 26 23 36 7 177 159 88 46 240
    106 179 224 208 81 94 39 206 20 104 127 191 152 251 14 133 52 115
    252 225 237 17 61 175 106 222 200 82 85 59 224 255 62 71 230 247 18
    87 238 76 76 211 205 250 188 149 14 79 184 11 243 166 107 81 248 241
    238 88 105 206 228 251 183 42 215 44 222 118 57 181 90 10 84 201 235
    191 43 201 199 163 253 108 74 140 75 49 35 204 26 196 239 230 103 90
    142 246 88 209 207 149 111 41 210 235 61 246 210 199 121 49 40 249
    126 146 64 109 34 20 203 75 103 138 7 205 211 188 169 13 127 11 102
    211 241 96 239 161 114 47 37 6 237 238 226 88 192 135 139 165 49 103
    100 43 206 35 107 3 131 18 206 26 126 5 195 54 240 53 190 18 224 103
    116 69 16 151 4 93 197 13 227 88 39 51 224 220 32 12 85 9 110 187 18
    19 150 143 85 182 107 124 71 238 223 69 13 235 4 56 123 113 12 203
    100 162 246 9 117 88 241 95 112 24 23 59 148 211 243 29 0 129 17 33
    143 169 157 235 167 17 253 142 188 88 74 120 11 188 36 244 57 104
    130 33 227 38 45 136 228 238 40 98 95 246 36 216 47 82 73 197 57 182
    207 162 54 10 236 126 190 208 86 174 129 184 243 75 18 93 173 64 206
    129 216 50 229 177 17 119 165 214 37 79 51 209 141 215 220 37 190
    115 140 80 60 80 184 38 50 88 26 247 4 236 252 32 173 120 193 253
    103 205 201 37 182 28 188 206 96 91 226 87 214 29 71 61 150 247 51
    226 248 190 28 104 214 183 91 73 183 144 76 72 49 112 32 155 235 103
    210 244 220 197 170 191 194 65 188 69 111 124 99 95 89 109 242 157
    104 175 40 105 194 7 46 91 51 199 131 155 28 172 38 207 169 183 195
    29 254 72 35 141 134 12 250 75 59 112 115 24 94 63 27 169 67 182 105
    228 33 76 22 52 61 179 237 57 198 22 31 150 71 19 236 133 144 127
    185 158 53 135 225 85 180 199 14 202 189 39 98 116 167 253 166 36 52
    101 146 167 8 233 49 148 53 130 136 210 111 160 111 246 132 144 224
    154 99 217 29 68 13 172 200 49 205 135 160 189 83 79 131 176 170 169
    29 82 23 72 198 201 84 199 233 228 249 80 141 138 235 155 23 19 1 45
    104 109 72 190 59 173 95 73 187 220 196 95 14 203 56 160 224 196 14
    30 108 1 53 241 52 146 88 2 197 228 178 156 9 129 54 116 158 159 50
    175 140 233 71 52 86 175 120 157 136 183 97 123 202 170 246 30 120 0
    10 201 210 12 33 52 229 45 225 43 171 70 115 33 136 229 118 25 21
    132 80 86 74 196 21 116 13 168 171 69 238 107 118 126 75 204 126 31
    142 4 12 173 216 185 183 53 193 71 2 202 146 185 108 154 237 239 212
    242 135 150 44 14 13 127 167 138 202 177 158 26 213 167 30 96 232 64
    85 91 97 192 187 159 251 58 43 129 44 206 41 10 120 238 114 106 163
    188 24 148 217 25 65 21 154 143 141 37 77 124 83 57 138 204 33 159
    214 151 248 134 99 213 103 176 90 221 210 249 8 184 12 162 74 106
    228 59 255 54 97 33 80 222 229 176 61 16 2 36 193 181 233 246 181
    166 212 219 46 13 193 32 173 189 33 147 181 112 1 49 11 132 220 27
    238 240 231 179 66 249 209 174 168 127 75 253 86 167 47 235 153 166
    92 17 205 18 195 157 235 16 45 227 110 148 30 184 170 62 246 247 48
    103 59 184 28 138 125 0 244 98 219 96 105 246 91 90 108 190 165 209
    132 170 80 29 134 46 224 248 157 10 39 202 167 237 154 164 159 189
    21 96 63 189 237 122 174 155 38 181 49 30 189 88 80 98 201 47 63 245
    159 198 191 221 238 46 64 170 178 143 66 108 20 200 17 106 64 214
    248 10 189 155 46 201 107 243 50 88 90 218 139 120 253 135 148 12
    119 123 140 242 206 216 183 131 15 72 236 19 210 84 132 234 221 90
    248 184 24 71 164 156 164 115 47 24 79 222 212 56 38 49 46 223 55
    231 69 180 120 79 26 26 160 221 26 175 207 123 113 222 35 69 14 61
    75 64 157 170 10 117 171 47 97 5 222 77 207 159 217 95 15 168 192 14
    10 236 39 85 81 96 155 152 152 216 211 138 133 140 109 122 221 133
    249 24 22 34 159 248 155 191 7 12 108 37 163 183 102 182 22 37 110
    22 154 160 239 153 186 21 30 122 95 8 160 133 104 114 73 169 64 206
    72 109 230 223 131 210 252 71 80 140 164 36 33 42 47 94 227 226 201
    100 185 168 210 27 179 170 189 172 12 219 115 157 86 181 178 35 253
    143 244 9 88 109 29 161 246 175 190 222 27 104 69 171 158 99 157 38
    94 163 163 153 217 195 37 178 114 34 154 143 101 32 38 206 205 50 32
    40 135 61 66 229 239 188 131 165 239 189 87 78 210 114 50 228 26 24
    6 106 242 94 62 123 82 115 133 35 54 39 128 71 105 125 231 114 73 91
    183 220 195 128 218 37 144 183 89 104 200 231 162 150 22 38 104 17
    196 27 73 54 235 21 181 42 18 0 6 244 5 247 26 120 37 209 113 173
    217 86 230 142 50 132 45 232 14 6 199 46 163 59 181 185 79 192 157
    25 78 157 14 145 20 121 112 176 226 137 205 27 16 110 16 28 138 124
    26 36 234 24 95 24 70 16 242 174 179 221 155 90 2 179 133 113 67 50
    206 120 218 128 16 42 176 0 69 97 9 126 16 80 161 85 236 155 107 104
    155 212 157 3 252 88 201 12 12 185 204 102 43 23 233 101 24 80 85
    222 43 115 9 6 72 211 22 187 11 191 43 231 26 39 184 83 74 51 226 43
    123 191 16 209 34 11 135 22 212 146 174 146 4 31 158 213 26 50 101
    142 158 21 224 5 180 60 20 207 100 132 66 64 206 184 54 121 136 59
    157 46 180 241 44 124 110 233 185 67 140 241 4 5 143 114 187 110 190
    206 174 142 94 143 234 136 44 160 25 241 76 103 138 227 183 242 218
    94 79 171 25 64 204 213 172 122 10 251 202 28 128 123 110 141 73 23
    127 192 101 48 21 167 64 187 16 52 61 246 214 55 11 79 31 51 122 105
    165 108 210 73 217 140 31 61 18 140 176 191 143 33 196 230 226 26
    183 96 226 150 241 3 90 159 48 4 170 11 127 98 153 86 95 141 165 3
    97 75 126 80 229 188 125 132 48 55 95 111 17 85 90 193 165 182 155
    79 227 83 209 217 236 158 173 79 68 49 138 208 42 37 115 227 13 52
    110 9 216 236 49 64 162 224 215 98 228 174 107 206 226 155 204 254
    156 234 15 41 9 204 210 149 111 9 44 117 213 153 248 6 161 13 62 14
    49 90 19 231 229 28 129 58 122 166 166 11 43 63 165 71 121 108 195
    242 77 218 213 61 26 187 34 90 12 216 18 107 36 11 165 154 195 31
    114 227 218 211 176 83 93 116 10 214 194 136 115 115 175 125 179 151
    107 24 163 60 204 198 64 174 56 171 105 162 32 62 25 65 245 97 97 53
    39 37 27 113 9 23 202 10 200 174 178 99 9 158 64 204 54 112 136 244
    32 112 20 4 35 122 41 149 153 29 108 216 53 112 247 84 20 52 248 200
    63 131 38 89 190 178 165 119 137 215 205 35 147 139 33 55 13 147 46
    4 78 235 88 42 149 130 184 134 9 89 112 65 97 15 173 36 2 39 9 92
    193 7 128 207 47 152 190 215 33 135 20 231 22 25 100 1 56 151 27 32
    170 224 175 100 88 50 185 11 81 79 255 24 12 188 242 189 206 129 101
    73 112 234 13 89 128 250 240 36 227 2 130 227 85 66 8 64 33 190 130
    57 91 11 217 206 42 136 8 47 20 10 233 29 253 9 136 82 145 100 113
    127 191 57 9 92 24 134 71 227 193 62 206 34 249 166 55 100 190 59
    198 224 164 137 201 149 6 126 109 99 31 146 189 158 181 98 245 224
    176 205 59 235 234 131 86 73 32 211 22 93 181 151 135 178 58 21 199
    112 171 209 97 123 222 26 89 84 152 54 38 229 134 30 206 187 45 197
    10 61 182 72 221 96 100 197 190 203 70 188 83 141 186 174 225 209
    240 221 52 50 97 20 123 81 58 244 62 244 209 96 49 124 190 17 167 42
    106 193 147 44 242 244 3 84 110 84 169 178 16 121 206 30 53 49 18 5
    21 17 168 205 237 170 65 152 186 16 107 199 234 229 17 19 216 145
    147 176 243 73 208 45 104 138 195 156 175 191 46 186 175 104 9 166
    16 39 118 31 151 240 170 169 253 10 99 87 169 224 232 39 110 183 78
    244 175 47 200 214 107 73 60 255 187 91 91 210 2 128 145 62 207 92
    170 242 27 31 41 248 196 199 152 83 235 225 25 83 165 104 70 211 210
    139 104 100 164 49 182 255 110 128 10 235 38 95 29 97 107 200 55 69
    40 181 48 159 57 185 236 165 75 225 69 110 208 54 54 15 61 148 111
    247 181 170 114 114 220 5 251 26 119 186 49 33 138 41 128 204 27 98
    56 150 243 16 24 191 134 115 247 234 129 246 159 214 192 105 44 196
    179 124 1 173 67 177 144 43 184 28 117 215 95 60 53 48 181 229 188
    44 79 122 128 218 104 102 36 5 179 200 128 14 38 153 174 47 55 7 118
    240 236 127 44 70 72 36 119 247 214 190 115 175 144 231 244 211 220
    77 177 35 49 218 182 12 201 18 49 130 36 192 249 115 12 52 43 196
    239 85 59 62 72 53 152 204 189 208 157 243 155 90 204 200 91 175 103
    63 78 186 249 164 248 149 123 171 115 137 213 69 136 6 22 48 9 1 147
    4 180 195 252 46 251 203 73 35 198 136 25 115 39 36 214 249 213 186
    142 175 178 250 131 82 254 93 38 15 48 47 95 239 59 83 120 84 12 140
    135 96 100 151 81 153 71 204 242 9 212 112 161 234 198 16 194 198
    137 183 81 164 65 93 159 168 5 161 160 193 253 91 74 202 79 252 128
    31 195 135 55 128 249 119 53 235 131 133 24 24 127 233 233 19 169
    244 13 210 17 114 15 155 96 143 151 93 11 21 91 35 213 18 41 203 204
    24 151 238 234 243 179 63 167 120 78 178 191 101 152 6 163 1 54 240
    253 93 64 154 176 78 15 13 114 175 235 224 128 0 198 151 250 135 137
    121 178 98 168 40 140 4 104 228 63 130 179 11 212 197 95 211 41 130
    195 101 151 14 9 34 122 143 214 22 76 252 228 125 153 193 92 69 114
    187 57 235 169 112 15 88 102 237 220 190 254 122 238 117 28 80 120
    226 142 47 238 168 96 102 64 213 202 177 139 17 107 64 183 244 148
    145 106 0 245 9 48 91 253 121 108 239 160 184 25 195 191 116 243 232
    32 166 218 191 98 100 142 208 203 35 139 148 231 123 121 221 104 190
    141 119 172 46 136 238 79 65 161 139 24 23 78 82 233 248 73 224 136
    219 76 167 107 93 221 225 125 232 86 181 61 203 22 219 38 159 88 43
    190 61 208 197 45 121 205 173 88 217 200 105 162 155 23 51 60 126
    142 195 176 167 177 32 227 18 188 124 175 184 55 72 172 248 158 210
    72 23 188 204 81 232 79 3 55 78 110 114 39 142 77 171 181 211 144
    225 35 208 47 233 93 209 180 148 63 51 10 60 80 90 236 126 130 54 17
    80 214 203 210 157 96 56 94 118 38 157 38 136 20 107 106 47 50 9 132
    63 56 135 255 107 41 147 165 205 66 227 49 104 114 184 126 1 51 107
    95 73 112 10 47 143 23 83 150 33 251 41 131 183 73 166 178 129 203
    58 52 125 41 251 128 180 217 67 171 238 92 54 94 39 206 181 200 96
    32 200 4 218 53 152 78 251 118 14 100 214 160 143 60 228 211 127 46
    126 149 197 127 163 233 160 109 62 53 167 101 197 21 176 54 192 47
    90 209 20 61 69 3 58 83 66 26 190 144 56 91 135 226 103 56 180 112
    87 64 222 157 254 166 67 168 5 37 209 125 183 148 226 98 40 87 103
    215 165 219 121 243 164 213 47 89 95 26 243 90 244 48 143 108 23 76
    196 97 143 118 6 38 110 77 25 16 116 61 224 44 255 193 174 7 10 137
    30 211 77 107 25 127 244 210 41 152 227 137 89 46 34 185 75 183 140
    152 221 29 93 215 216 184 128 113 154 72 130 196 172 49 33 139 35 83
    100 221 123 99 153 86 175 117 107 45 118 79 192 38 162 21 83 236 159
    99 14 197 10 98 98 180 173 109 78 167 187 40 249 33 149 79 190 126
    189 131 210 154 88 251 149 115 195 30 217 52 188 134 115 241 5 99 33
    151 143 128 247 240 50 22 33 222 160 162 217 72 213 71 43 223 155 12
    136 192 161 158 190 60 120 237 28 211 197 98 102 90 137 86 101 19 53
    238 204 77 88 198 249 83 187 145 143 58 104 197 106 37 58 131 228 77
    65 65 59 9 9 88 20 153 184 155 1 68 179 217 1 110 141 31 66 64 107
    202 40 219 224 64 132 12 171 240 230 109 235 191 79 136 173 79 189
    119 10 6 247 154 125 37 143 53 122 122 31 91 8 230 141 67 246 34 213
    55 130 176 228 198 255 119 83 203 45 23 74 137 53 131 25 21 223 99
    233 215 66 20 20 97 75 223 59 76 14 55 73 27 23 113 133 199 206 254
    16 157 161 74 96 187 20 136 141 124 68 186 198 43 128 133 79 191 73
    18 175 62 195 89 100 24 171 9 104 254 196 194 137 76 12 47 163 8 170
    226 189 239 183 209 72 76 53 70 118 240 170 171 201 10 202 144 71 65
    255 207 245 149 23 59 24 98 231 118 224 151 46 189 184 38 251 59 249
    165 132 246 63 238 206 55 67 54 198 204 239 79 85 31 231 68 162 49
    148 109 55 140 170 0 24 113 174 46 0 21 26 94 140 94 104 27 163 102
    88 174 63 240 213 67 24 142 213 50 146 225 250 11 148 189 65 161 173
    165 235 203 249 252 56 18 28 243 19 255 60 11 91 179 114 32 5 18 34
    246 185 201 254 48 74 95 43 61 248 75 68 124 86 9 101 113 214 141 57
    149 35 65 185 187 170 200 190 121 245 134 237 80 4 252 209 8 169 136
    31 192 212 76 57 21 194 26 109 255 81 213 238 197 192 152 114 6 129
    152 188 232 182 116 87 140 76 69 7 56 218 145 224 53 29 235 39 62
    137 74 221 5 253 243 116 26 209 50 223 107 139 168 117 154 81 69 150
    19 39 66 100 253 59 23 23 206 23 151 31 208 209 49 44 151 211 231 62
    131 221 229 160 123 120 225 213 53 203 177 246 4 209 249 141 53 8
    204 102 246 250 220 209 138 11 232 29 21 219 254 57 173 224 216 49
    38 238 43 236 203 112 128 210 208 241 156 51 113 110 245 131 67 213
    39 233 14 173 122 102 38 126 65 122 248 214 17 89 79 5 106 254 47 24
    2 29 127 210 181 99 33 140 227 38 135 16 228 88 17 235 59 170 48 180
    160 121 51 204 217 98 39 127 248 52 47 132 85 157 169 47 100 122 145
    4 129 145 215 156 44 162 221 72 103 4 75 175 220 192 163 255 34 176
    26 144 92 246 107 51 139 188 222 14 142 112 175 247 195 196 190 214
    166 97 183 109 32 253 4 220 108 20 90 59 200 223 89 163 186 11 211
    46 94 230 244 34 22 101 49 1 210 91 85 120 191 241 173 191 248 202
    249 187 215 205 39 222 56 183 89 184 86 97 145 19 65 158 64 243 46 0
    178 122 29 160 58 40 149 73 83 52 236 63 99 219 61 103 106 129 155
    23 214 136 82 252 33 152 178 217 198 34 156 238 72 216 96 229 60 161
    134 74 113 29 207 165 147 185 141 145 97 203 67 50 193 202 80 192
    177 173 205 207 157 30 65 153 104 157 135 149 9 102 96 90 16 222 112
    52 41 160 220 47 202 111 127 133 219 16 85 224 219 219 48 120 155 59
    93 179 144 92 99 87 180 8 12 204 246 215 223 120 241 191 170 132 122
    121 107 96 14 48 217 233 250 71 3 225 60 203 64 216 238 8 23 127 202
    179 160 115 97 236 193 19 62 14 252 87 200 73 197 141 173 48 199 18
    162 7 168 223 196 143 151 154 237 145 162 192 163 116 4 124 68 199
    49 232 185 26 0 180 88 77 7 191 253 184 102 64 131 112 14 149 133
    131 195 62 105 119 197 213 232 54 152 14 10 23 146 129 176 214 58
    248 69 14 72 70 48 180 6 232 159 206 232 195 46 129 32 113 12 224
    133 21 97 228 134 205 27 116 84 114 1 139 37 162 136 240 85 118 241
    129 20 106 92 212 28 248 143 1 194 160 100 185 248 40 91 169 232 228
    54 231 180 231 252 251 190 22 254 234 156 194 213 13 146 67 224 28
    49 155 60 249 187 106 113 241 251 232 105 168 133 210 34 241 29 245
    208 44 239 58 236 226 141 134 47 96 215 214 54 76 161 136 104 179
    101 152 114 80 112 179 61 124 85 65 96 173 102 245 107 227 9 53 88
    126 162 114 180 173 75 220 195 49 151 109 190 54 195 188 60 56 211
    208 113 64 207 132 169 138 83 116 106 110 67 50 8 10 57 87 81 65 209
    223 169 186 242 137 246 199 75 194 138 62 153 240 235 84 139 121 143
    57 109 24 42 159 148 89 187 81 97 236 185 170 75 122 205 4 186 42 85
    12 42 216 71 35 195 62 178 23 91 50 111 87 99 179 48 14 215 169 108
    197 167 120 152 221 44 114 40 215 218 12 114 155 80 67 183 87 200
    138 157 243 14 5 26 173 2 141 167 141 89 89 109 159 29 76 23 66 71
    152 20 5 208 86 65 171 173 9 61 215 48 251 196 162 138 204 93 170 45
    124 144 145 230 77 242 91 39 0 89 212 48 150 75 225 19 58 195 75 0
    160 59 2 158 34 172 206 181 196 40 59 236 155 158 156 179 127 240
    172 170 164 180 47 113 250 69 150 216 74 167 54 105 116 91 17 236
    191 109 158 54 168 106 141 85 0 35 20 60 57 140 72 18 85 231 88 185
    22 183 148 246 139 173 194 54 202 167 9 185 27 211 19 38 144 219 125
    246 190 229 47 250 116 104 128 212 172 73 145 252 184 103 143 156 6
    126 233 77 147 238 38 194 110 167 130 13 28 222 49 142 172 107 213
    172 43 61 49 242 95 144 194 221 200 11 171 97 89 50 128 115 197 68
    23 17 180 168 252 222 253 248 250 95 194 138 150 4 175 86 91 216 20
    9 155 167 239 36 75 238 32 143 144 159 182 195 242 66 18 148 176 147
    241 127 130 47 115 211 25 214 238 234 38 249 82 63 143 248 194 147
    222 17 86 28 156 3 49 105 140 221 45 47 185 82 237 31 100 227 137
    199 204 93 228 18 98 138 228 131 52 54 225 152 91 72 116 71 162 11
    43 77 175 113 86 187 141 236 60 140 99 229 56 142 70 253 72 114 250
    75 240 94 77 167 29 244 121 155 222 32 138 9 82 198 129 135 186 161
    49 194 191 132 168 71 122 54 60 103 143 77 238 46 30 57 154 255 27
    79 1 236 57 57 38 81 125 251 129 37 31 73 201 5 87 13 36 60 2 152
    150 224 35 135 122 149 146 79 114 60 154 71 30 39 158 14 99 70 31
    177 86 221 250 75 196 14 81 111 53 54 202 125 99 179 217 55 207 84
    56 230 12 23 25 100 142 29 24 200 198 40 98 91 182 17 93 34 31 203
    227 89 145 151 102 192 69 237 120 76 53 250 8 183 69 90 79 212 26 58
    123 187 33 196 143 68 111 56 99 56 62 97 128 64 83 219 142 95 254 0
    95 154 132 81 68 112 56 125 95 83 103 135 205 172 21 69 150 166 108
    182 82 158 146 182 229 81 8 236 8 0 101 32 3 153 207 249 137 0 111
    185 80 247 128 247 179 11 47 155 17 230 107 122 157 143 218 46 237
    41 109 64 76 159 60 210 95 81 38 186 72 179 54 241 22 15 179 38 82
    208 38 178 219 228 200 209 214 87 0 9 170 191 19 53 77 202 116 153
    19 244 54 189 212 4 5 178 116 66 184 44 81 101 18 104 48 219 50 192
    208 182 123 2 86 111 24 40 222 17 149 188 13 38 63 160 117 158 64 90
    248 73 253 117 3 190 12 91 193 43 34 153 249 59 11 71 196 167 103
    173 1 211 13 74 40 251 137 202 6 2 44 28 219 55 98 50 63 123 166 245
    59 205 134 135 180 239 92 4 117 30 12 253 87 140 70 109 200 133 210
    83 104 248 36 198 230 158 98 60 98 7 12 42 101 173 255 70 83 229 171
    82 155 82 172 208 127 41 253 150 31 87 139 213 32 7 46 69 142 131
    129 16 139 197 246 237 33 6 63 15 115 251 181 88 215 31 111 47 24
    166 150 71 123 42 5 92 122 228 81 121 202 228 207 43 81 109 244 142
    234 214 61 165 127 18 189 124 78 168 7 51 193 201 138 104 54 146 108
    145 40 238 114 91 47 245 115 237 54 188 151 85 8 93 67 141 25 234
    147 137 84 12 114 240 176 82 78 109 232 79 131 81 187 199 30 203 144
    130 129 116 69 230 244 8 32 253 146 2 15 186 48 69 248 25 11 224 176
    65 154 242 112 219 255 164 212 99 172 207 169 153 131 88 20 200 137
    171 69 244 130 238 202 44 231 144 7 201 89 172 157 99 124 65 167 66
    38 236 248 230 222 115 8 119 14 182 191 94 237 47 196 167 117 180
    102 43 47 228 70 205 184 84 170 72 26 248 193 149 30 191 98 97 167
    160 62 200 243 13 72 75 12 197 48 103 215 199 15 75 54 191 223 226
    160 57 195 10 82 14 74 245 60 15 12 57 86 70 253 177 40 208 147 188
    227 7 183 45 218 250 237 32 227 187 72 105 47 210 75 130 123 234 231
    16 125 112 91 179 166 150 58 53 89 18 83 77 110 18 220 20 110 225
    198 79 97 180 62 37 251 249 111 93 99 204 238 196 189 225 86 153 86
    1 44 251 191 113 24 13 194 32 131 240 218 57 59 39 145 37 144 197
    118 161 226 82 232 127 233 172 81 201 13 152 110 52 0 240 138 151
    205 126 21 233 83 89 71 202 139 31 200 195 199 48 96 57 83 53 114
    247 93 146 37 148 32 151 232 93 154 91 16 94 253 180 6 22 10 12 187
    113 229 73 200 130 163 206 10 6 215 132 68 171 147 76 209 46 141 159
    11 171 79 28 65 54 175 68 204 113 70 222 55 20 145 208 183 86 144 89
    32 88 117 186 109 210 99 176 164 55 233 147 16 249 8 52 37 120 9 219
    16 148 101 211 21 97 145 78 10 169 98 83 157 194 223 254 109 138 127
    202 117 111 126 219 102 75 51 2 254 56 28 31 113 176 200 57 155 162
    12 224 185 4 142 7 138 113 42 114 215 64 218 135 0 16 56 97 21 178
    29 238 186 117 120 82 54 65 233 221 181 139 151 139 127 93 174 159
    154 35 150 60 71 102 96 251 166 230 138 71 138 213 60 9 178 251 74
    101 93 227 6 94 26 145 78 196 88 173 194 77 73 133 168 249 197 72
    127 188 223 24 177 72 117 48 52 49 95 179 15 166 136 124 18 235 47
    201 97 91 248 37 36 81 1 191 189 22 28 245 52 140 159 217 204 124
    239 1 64 54 218 217 21 90 33 65 91 249 143 199 58 94 155 61 119 255
    76 159 0 196 211 97 15 177 139 141 108 22 124 6 226 3 91 235 152 93
    246 78 38 226 115 136 85 191 231 232 181 100 72 170 143 26 43 168
    215 161 69 243 203 220 74 45 247 209 43 162 125 117 157 103 207 136
    155 143 189 150 102 89 192 53 18 230 92 222 112 152 39 223 36 82 176
    226 40 190 232 249 58 214 75 44 113 37 108 233 191 152 119 202 166
    100 25 170 56 30 26 208 191 141 111 143 172 58 250 113 251 99 226
    211 81 154 205 4 181 33 28 242 5 174 85 254 111 238 166 167 102 55
    173 70 233 213 221 211 189 195 67 177 42 25 78 50 133 195 3 184 65
    47 69 203 16 49 106 253 17 117 44 79 94 196 238 133 167 177 44 65 84
    253 107 214 152 208 14 26 225 162 148 36 152 45 111 15 117 156 218
    52 18 226 205 130 132 168 38 0 111 119 1 204 40 20 181 117 140 48
    138 27 25 154 196 136 171 96 33 158 65 58 101 12 148 230 209 136 236
    95 207 174 45 59 243 197 88 228 249 156 52 152 173 246 119 1 169 49
    64 83 169 223 185 5 183 228 18 46 199 47 198 177 208 136 222 76 245
    202 45 231 156 73 28 82 106 206 35 67 46 202 238 67 140 255 240 145
    96 69 145 171 20 112 166 129 29 83 35 9 212 204 97 14 7 120 16 51 85
    179 186 188 103 121 20 62 182 43 28 183 198 75 254 89 218 40 135 2
    82 136 254 242 4 153 74 235 220 68 181 125 55 75 4 249 25 240 176
    167 60 221 99 57 92 198 213 16 178 71 90 124 60 230 97 234 31 114 54
    69 5 82 44 195 237 4 204 13 33 27 118 251 155 225 154 49 175 110 73
    118 179 82 215 249 12 225 37 60 59 227 188 243 233 71 25 223 2 64
    126 212 70 1 133 168 5 10 249 242 91 230 63 191 140 155 150 242 87
    121 242 88 0 90 12 78 162 111 138 79 192 76 33 89 124 13 93 140 223
    206 203 63 250 55 244 199 2 26 147 117 195 226 49 147 128 226 164 50
    230 30 69 10 148 108 92 189 178 250 250 69 36 13 47 164 27 230 163
    251 225 169 62 158 100 187 136 36 31 225 222 228 135 73 210 179 192
    169 207 22 13 31 98 167 226 15 41 206 207 132 173 105 86 16 255 57
    155 40 236 162 22 251 79 15 88 111 160 63 73 167 212 60 208 240 169
    189 12 234 240 30 244 95 203 80 134 39 26 233 126 99 161 16 212 170
    212 125 209 30 171 162 171 52 14 15 148 60 191 80 32 23 235 114 60
    136 77 102 15 185 234 16 57 120 161 228 207 80 59 62 189 61 55 167
    87 95 228 106 126 73 90 222 214 76 156 39 204 71 26 14 50 235 103 40
    110 121 254 34 89 245 38 96 70 48 61 141 60 29 64 181 131 39 88 93
    209 49 185 13 64 72 115 60 165 96 128 198 49 59 157 65 237 198 148
    39 174 252 176 224 110 22 213 29 144 129 244 128 86 144 5 23 239 176
    63 95 112 109 13 131 77 223 197 26 8 245 29 156 176 251 219 213 4
    146 160 116 218 79 27 69 155 218 176 138 222 12 155 6 160 5 40 249
    109 239 132 158 242 247 55 15 113 77 88 75 70 182 246 172 162 99 106
    30 137 94 71 113 210 68 142 31 44 22 179 13 156 132 255 253 241 99
    240 139 6 135 167 116 90 31 240 233 173 52 198 87 186 128 138 133 8
    180 20 250 195 93 229 85 222 12 183 251 46 210 13 45 177 167 59 88
    92 139 109 108 220 168 95 90 129 164 82 157 32 92 58 230 208 252 86
    212 205 218 155 133 122 171 15 188 198 241 130 76 119 194 180 166
    177 105 190 215 71 247 134 44 125 255 148 98 224 23 144 155 15 79
    149 12 92 255 242 206 203 79 22 18 44 68 94 105 130 197 105 10 21
    102 174 64 55 39 142 121 251 195 249 229 205 135 48 107 77 124 223
    214 250 47 177 104 79 66 93 107 172 182 63 129 113 148 146 172 15 57
    70 234 57 194 216 136 107 170 200 18 159 231 198 114 244 148 175 129
    68 73 207 110 86 93 236 226 55 38 242 248 134 237 210 233 40 82 122
    233 8 233 34 71 85 129 219 66 47 91 125 240 2 240 142 24 77 34 25 38
    50 171 2 86 27 206 142 26 213 95 85 119 103 8 145 180 9 106 251 112
    10 213 35 35 178 184 206 197 191 118 97 177 200 189 140 159 117 24
    30 201 200 12 37 118 184 203 162 153 101 66 253 201 204 102 104 152
    194 67 232 3 210 139 207 41 132 165 165 193 219 236 129 99 148 92 89
    79 181 90 53 49 114 193 166 133 126 131 24 240 16 128 107 201 237 98
    124 93 179 135 194 116 155 43 200 241 142 1 13 47 151 193 131 186
    207 52 204 86 53 239 52 152 16 40 201 244 68 184 226 73 172 249 56
    182 155 50 193 127 113 59 247 0 105 208 86 58 231 125 195 220 218
    203 190 53 0 80 3 19 59 68 47 234 249 101 48 114 14 13 178 96 108 21
    46 215 23 8 110 125 61 34 192 137 211 147 99 173 252 155 143 150 162
    241 21 150 7 125 43 82 210 2 80 37 209 203 147 215 5 137 53 88 106
    215 91 135 46 28 132 214 114 96 163 122 65 243 192 244 159 70 135
    121 9 197 16 102 19 81 234 35 60 8 40 195 113 105 87 100 190 235 62
    225 230 53 175 150 252 198 182 146 121 69 58 20 60 230 48 50 208 167
    83 187 157 202 5 168 194 13 223 119 74 198 181 230 124 32 60 63 237
    112 38 183 253 247 208 164 152 29 238 16 94 47 250 230 125 17 164
    142 178 148 234 74 117 231 202 54 85 22 224 49 173 223 112 167 213
    18 217 4 144 233 140 191 42 77 247 248 175 49 150 195 196 213 146
    108 107 19 77 63 104 68 35 32 85 59 207 183 179 79 31 99 148 154 86
    178 11 38 180 63 124 203 100 217 173 49 235 233 202 80 200 187 100 9
    157 65 30 151 120 48 77 225 40 7 213 102 173 79 105 195 230 216 55
    243 175 210 39 7 204 58 243 250 163 137 97 252 68 45 128 78 163 11
    252 154 34 25 149 151 150 172 51 74 139 184 170 61 12 101 50 200 29
    62 204 8 224 7 69 119 151 248 101 83 168 130 239 153 190 129 25 219
    125 175 51 255 156 39 28 17 141 34 72 101 110 99 120 3 180 97 112 27
    83 233 213 246 41 224 158 75 197 244 87 54 53 97 231 128 220 244 94
    252 146 181 138 115 234 7 75 59 224 200 158 103 210 214 129 28 247
    20 79 5 189 45 160 86 53 205 154 178 79 34 115 3 19 20 103 79 166
    133 207 82 4 239 163 125 188 108 31 80 215 222 96 164 119 33 145 78
    245 222 75 85 26 129 170 46 173 183 178 10 215 206 214 128 116 1 170
    83 157 233 175 59 191 63 251 66 40 140 89 185 15 237 126 93 27 180
    15 79 29 150 146 254 15 222 148 247 145 131 62 98 52 187 22 204 225
    78 89 148 177 165 69 124 179 43 54 152 185 43 147 134 199 106 201
    185 105 5 162 183 252 240 107 149 0 75 127 180 211 126 223 76 14 143
    187 187 38 140 163 236 218 89 252 128 21 216 185 210 222 246 17 28
    67 181 37 168 13 88 71 197 111 161 23 50 132 49 249 25 190 70 241
    161 195 19 186 51 45 4 240 92 181 162 57 68 35 225 214 176 147 80 49
    104 88 79 1 150 124 179 109 137 16 96 172 167 170 61 22 223 253 167
    37 208 102 47 7 249 132 80 142 197 47 208 170 98 74 23 82 108 199
    110 26 197 113 161 226 95 125 106 58 85 38 202 52 149 254 72 60 32
    120 41 199 41 181 104 155 58 107 94 158 168 136 33 221 241 252 18
    150 154 81 77 194 201 75 1 84 26 180 61 227 64 37 235 144 18 63 179
    159 185 26 90 16 57 198 62 226 157 31 254 44 35 200 46 195 240 172
    119 11 72 55 227 134 60 199 23 137 255 127 139 55 220 151 164 42 105
    231 40 6 56 167 71 227 208 86 56 3 174 132 91 163 2 217 211 255 84
    91 25 225 157 159 15 107 239 63 65 115 58 145 232 103 217 217 72 92
    153 116 65 0 166 37 202 149 165 35 142 26 157 30 50 48 235 46 47 254
    208 50 142 143 134 17 225 144 254 205 192 93 86 46 49 135 162 15 235
    94 159 96 49 232 236 122 119 85 205 100 113 76 143 31 189 143 183 79
    233 86 223 175 92 16 250 165 202 31 72 1 126 180 197 20 247 246 197
    192 48 214 42 57 107 112 64 189 85 108 194 217 76 99 237 105 2 137
    138 211 172 82 155 228 96 84 128 196 129 126 243 238 97 205 186 87
    181 149 78 21 242 135 148 189 16 77 151 209 55 7 125 225 31 5 116 2
    53 36 205 27 137 233 111 174 170 183 91 99 231 133 153 229 245 3 250
    114 229 121 60 93 202 253 89 78 238 179 200 91 157 165 248 86 87 87
    102 192 172 119 133 50 243 248 100 100 209 128 2 213 5 136 179 214 2
    106 103 240 23 255 185 56 13 145 178 28 89 236 70 174 10 190 230 185
    58 38 247 155 18 124 251 247 229 217 121 128 247 24 218 139 109 89
    139 183 56 142 119 48 31 167 111 18 41 86 158 61 28 243 120 161 93
    248 97 68 97 209 87 98 245 135 149 142 16 123 19 146 75 40 142 144
    116 158 62 191 121 142 114 154 160 95 205 86 55 212 37 238 232 1 65
    196 22 104 78 237 161 36 10 67 58 104 77 108 47 237 156 65 193 62
    113 143 80 91 208 14 72 186 60 171 71 162 126 210 108 6 58 143 6 208
    114 9 38 31 76 81 235 121 136 32 138 131 37 4 172 197 215 217 251
    154 56 61 173 22 41 103 131 200 80 83 27 215 248 34 106 187 87 1 75
    9 231 235 152 176 96 130 15 232 59 22 230 208 51 43 35 165 248 7 52
    225 20 45 72 193 110 169 142 200 129 239 151 254 223 26 201 94 158
    131 2 21 94 136 203 154 236 80 49 117 76 237 103 198 214 115 44 104
    147 22 152 212 51 150 221 121 137 144 114 160 137 118 66 82 163 82
    189 105 97 4 60 230 87 69 114 166 123 128 243 232 126 127 223 171
    111 71 240 118 87 201 254 83 191 186 143 23 181 199 73 207 119 222
    128 53 119 130 92 189 147 52 60 195 39 104 124 248 205 208 14 248
    167 122 188 86 106 37 112 46 231 132 11 104 213 169 185 46 40 237 61
    40 219 41 73 207 27 72 246 255 204 117 40 237 116 116 140 126 91 83
    11 49 229 216 201 113 117 37 173 232 97 108 98 10 180 23 66 253 67
    116 29 179 210 47 48 221 96 246 190 40 130 50 218 232 131 84 143 255
    211 254 81 255 65 174 126 196 91 152 235 123 143 132 15 88 26 101 58
    16 82 215 43 158 203 181 229 158 128 61 157 8 30 199 130 225 199 214
    216 122 24 224 46 37 229 131 134 113 245 83 172 229 93 114 148 12 59
    62 161 1 127 43 21 240 142 107 123 78 198 17 44 188 170 66 109 224
    128 161 91 211 75 57 42 73 180 87 56 190 59 14 93 116 185 13 30 233
    238 9 217 195 44 67 242 120 133 99 47 79 174 245 89 54 129 102 33 60
    53 127 101 170 218 181 130 200 165 236 80 247 90 83 184 203 92 177
    104 224 132 131 222 203 142 43 166 26 150 167 249 90 66 33 81 193
    143 51 126 100 143 198 133 174 120 50 167 83 123 47 209 65 53 27 236
    159 2 129 156 215 104 35 147 60 248 153 29 140 162 117 120 74 250
    156 239 232 45 242 205 220 233 169 167 87 209 236 182 161 240 51 41
    35 95 23 147 51 197 69 66 208 124 44 16 249 79 117 77 216 132 120 90
    191 139 89 96 208 121 70 40 209 204 122 171 24 18 126 54 234 104 29
    60 199 54 38 111 231 120 241 155 126 152 209 109 205 56 99 134 205
    187 200 155 113 2 60 8 4 212 41 48 122 0 152 35 21 165 217 168 222
    51 169 246 48 4 178 25 241 182 147 79 57 41 190 209 150 116 144 101
    188 182 8 161 33 238 194 35 194 96 251 245 18 127 168 180 118 90 175
    219 17 33 15 167 113 34 152 208 205 16 18 143 131 246 237 23 49 55
    154 18 139 142 161 129 11 83 174 88 109 26 86 118 234 4 103 90 182
    101 67 183 50 138 107 232 248 102 169 206 242 167 217 13 217 108 104
    67 25 116 1 19 51 14 121 89 44 100 51 72 225 90 86 79 105 57 231 25
    22 38 2 148 102 104 88 101 171 64 116 54 200 100 232 9 35 98 19 4 6
    244 237 191 166 163 23 102 177 160 45 241 195 231 123 119 210 97 84
    112 113 166 171 251 102 194 206 16 213 163 103 56 8 59 31 2 90 196
    182 166 53 65 71 181 194 96 181 168 106 183 8 43 200 163 244 131 74
    215 215 250 206 177 219 111 197 208 72 153 73 221 135 202 81 94 125
    53 83 198 179 4 41 138 3 31 202 146 55 81 154 245 184 151 80 24 220
    99 68 162 208 18 2 148 120 154 229 83 175 24 195 228 112 215 150 78
    205 94 154 201 61 145 89 203 52 186 44 46 114 128 190 17 182 221 241
    149 73 252 46 85 42 133 196 222 143 13 29 123 34 94 151 193 62 116
    17 171 194 22 159 213 170 45 165 13 124 137 25 37 3 184 233 85 241
    69 1 18 110 158 183 51 85 107 248 165 254 191 71 129 62 122 128 188
    22 69 234 174 211 87 19 117 126 73 67 188 14 83 150 247 34 117 255
    132 145 167 187 175 117 6 201 164 17 205 141 198 36 33 210 38 199
    191 108 143 156 159 7 200 32 109 126 181 34 141 252 151 95 19 207
    245 98 201 87 14 167 59 202 239 196 129 249 22 251 38 177 26 207 252
    10 99 197 38 5 247 159 221 183 102 154 76 142 159 179 25 176 176 242
    149 151 86 11 202 204 2 127 111 207 2 44 141 48 207 221 45 11 63 127
    151 121 243 136 120 185 21 49 97 109 232 186 204 251 216 65 112 43
    77 200 45 132 58 27 82 235 181 146 47 85 177 136 84 16 180 247 83
    194 146 56 52 117 130 33 74 222 19 49 128 250 113 30 56 175 106 25
    176 116 59 188 180 67 104 168 134 117 21 166 162 29 146 40 183 183
    22 243 130 138 79 237 175 225 99 249 102 78 94 86 174 4 241 228 94
    55 204 48 23 176 135 111 172 176 96 161 216 122 148 56 209 244 243
    184 153 60 129 127 187 169 124 202 36 183 43 135 217 250 190 229 242
    136 242 74 88 213 198 186 201 224 154 57 184 96 144 227 89 60 47 254
    189 252 193 32 207 168 80 141 87 174 35 233 115 149 66 160 92 154
    198 19 195 202 127 75 174 159 145 63 225 4 121 241 232 3 161 164 253
    229 13 83 252 145 99 239 50 47 230 56 126 233 175 50 78 237 89 191
    36 102 161 103 116 104 56 51 75 244 162 73 209 223 246 220 105 169 9
    238 41 24 1 72 48 25 78 205 104 111 109 49 28 16 10 50 19 182 113 31
    47 153 13 155 94 26 212 169 102 242 248 203 109 112 64 89 66 55 157
    112 225 52 77 18 148 67 10 251 22 51 180 217 248 154 165 6 192 110
    138 131 244 166 238 243 198 142 125 199 146 189 99 56 24 229 149 158
    242 208 9 1 161 57 134 75 134 71 40 3 80 88 114 102 140 48 94 119
    203 44 64 12 82 14 138 109 33 121 253 172 131 91 22 249 195 158 64
    117 35 242 115 125 111 160 123 173 249 147 215 18 176 202 38 101 145
    124 123 103 178 144 196 77 13 189 201 125 36 23 154 87 220 103 206
    14 211 25 81 106 97 58 112 85 229 174 237 121 44 68 32 227 207 31
    176 54 240 201 94 119 177 220 227 184 12 116 143 146 222 177 185 21
    25 15 203 12 100 135 253 10 116 215 70 183 85 154 74 254 96 232 61
    205 255 111 127 27 183 199 17 186 165 213 160 173 71 115 241 26 127
    194 218 59 123 73 36 239 54 46 37 215 189 13 131 95 137 234 146 179
    221 191 197 160 119 191 113 190 97 224 172 111 241 159 18 32 136 146
    46 181 63 77 14 5 248 91 161 116 255 154 205 219 226 220 210 182 157
    161 107 208 188 145 160 82 7 69 1 26 240 105 151 150 158 158 41 27
    82 68 225 210 157 108 189 180 86 102 136 239 30 131 85 73 140 43 181
    43 232 214 123 99 190 113 108 148 147 133 115 42 10 223 69 44 165 0
    156 124 214 123 225 93 149 147 50 32 153 17 193 213 217 210 56 175
    187 29 113 188 86 233 217 165 248 6 105 170 143 237 166 22 29 133
    212 19 29 188 225 229 14 90 238 188 68 136 128 38 166 77 169 85 5 71
    212 226 56 238 13 153 251 196 104 25 57 39 117 184 170 92 105 122
    212 134 168 183 86 161 153 93 128 75 167 199 80 116 255 109 173 251
    64 247 219 112 27 188 3 70 96 211 249 13 252 85 5 113 128 74 7 209
    85 144 49 191 39 84 94 74 131 185 58 153 160 179 99 137 178 184 82
    181 167 167 176 123 244 41 170 223 69 194 220 181 190 127 159 249 78
    91 190 158 159 13 1 203 236 187 95 82 54 228 88 225 150 239 228 246
    254 70 8 78 225 233 179 183 202 124 131 146 206 196 62 170 250 1 85
    121 187 183 178 238 20 227 181 68 25 215 79 47 78 73 21 35 96 22 65
    98 147 78 215 165 114 76 64 219 183 182 242 78 218 123 201 5 204 209
    248 27 198 180 170 151 7 154 109 88 21 166 164 25 56 174 147 57 133
    80 202 148 150 230 154 237 54 217 107 206 136 66 233 111 35 200 122
    123 133 8 84 227 16 73 12 201 129 188 29 242 159 238 195 19 208 144
    216 54 40 204 208 26 93 210 34 254 42 24 154 91 81 216 35 196 239
    187 208 146 152 14 217 250 42 234 229 34 62 198 31 138 90 23 1 170
    209 178 41 133 211 245 17 114 64 145 210 206 49 17 195 175 117 209
    226 200 58 235 23 30 183 22 250 66 142 71 197 80 2 145 69 223 49 141
    156 141 227 35 73 34 246 232 235 229 163 147 23 252 13 69 22 19 221
    251 58 230 100 154 153 243 123 217 146 168 106 46 85 249 46 206 212
    109 47 25 38 213 111 130 76 52 146 180 112 17 32 149 224 86 169 179
    58 2 242 114 155 12 207 126 61 87 146 183 155 249 110 206 153 233 4
    66 245 233 92 247 158 253 106 195 97 68 3 108 106 55 241 4 250 16
    174 53 185 62 174 203 70 233 164 50 45 106 100 190 235 216 42 47 104
    197 4 44 255 29 220 18 103 78 163 112 140 205 85 179 47 67 133 210
    116 83 168 128 219 87 138 212 153 11 9 17 92 68 152 10 166 58 139 79
    71 158 62 60 160 54 67 154 76 150 139 176 27 146 222 18 79 22 10 151
    179 181 194 228 132 125 99 237 152 55 190 96 219 28 137 43 167 11 57
    89 16 165 12 92 120 253 200 241 80 89 170 37 173 0 88 190 198 71 204
    94 175 193 10 230 80 156 80 179 102 108 92 4 160 43 132 20 178 49
    163 170 173 229 74 133 19 56 202 238 61 25 132 61 218 153 125 178 70
    132 180 211 189 27 132 30 218 119 177 0 181 133 133 116 30 80 35 112
    163 238 188 65 14 85 133 176 167 10 75 51 6 223 82 24 222 109 179
    227 135 114 183 121 244 225 123 134 183 9 76 154 142 117 44 157 93
    95 196 104 67 173 217 48 220 218 150 7 233 152 10 206 46 25 63 134
    63 14 83 47 82 73 112 3 193 192 207 55 136 203 124 240 194 159 44
    180 127 180 120 117 106 1 125 102 38 17 110 211 68 215 170 62 39 175
    174 42 90 241 236 87 178 6 33 207 22 104 242 71 155 218 253 67 97 32
    94 13 87 136 0 30 26 119 30 67 213 166 189 3 42 5 110 36 97 24 66
    241 245 16 53 23 202 44 224 219 91 5 75 20 45 3 157 28 67 58 29 74
    103 96 232 140 84 67 147 39 95 30 26 249 124 98 133 124 16 200 94
    192 8 13 194 95 223 13 34 120 35 122 110 171 169 10 168 214 110 62
    132 92 6 235 136 126 13 133 109 228 213 49 162 23 138 249 136 30 186
    23 187 89 135 28 222 255 3 201 241 7 103 137 9 40 85 101 143 224 67
    251 135 168 242 61 186 194 135 119 54 243 115 131 103 127 200 151 6
    175 235 24 184 248 141 147 98 92 45 56 204 147 179 247 92 132 217 84
    203 11 134 17 131 177 8 103 79 202 55 11 13 99 197 184 144 184 23
    144 163 221 233 107 191 89 176 166 121 165 62 60 142 94 219 38 147
    54 128 105 92 29 248 175 212 13 254 146 220 116 21 111 97 39 182 19
    65 87 239 74 36 227 51 0 211 53 100 33 34 4 218 181 12 168 220 126
    122 111 231 244 241 180 49 43 28 28 182 213 83 198 194 250 247 45
    248 35 185 23 108 236 191 204 205 58 130 29 124 50 211 90 70 100 231
    225 192 18 30 36 251 19 189 130 88 236 231 111 231 205 228 247 89
    194 237 10 40 11 188 91 148 240 25 215 90 131 109 92 45 83 207 73
    183 160 247 120 77 112 10 26 123 82 113 96 79 152 216 36 48 41 83
    148 251 30 184 186 141 144 198 214 17 198 107 13 168 217 66 58 40 51
    36 126 104 167 137 124 84 15 8 134 131 69 174 248 205 94 230 160 113
    97 66 61 50 132 28 31 99 249 241 113 252 90 109 108 17 162 247 120
    170 176 172 64 98 125 52 238 125 26 95 164 107 52 182 182 214 65 29
    199 170 20 114 76 167 49 94 161 49 247 27 5 160 207 57 237 147 87
    225 188 225 2 227 96 40 49 131 247 179 75 238 157 167 142 166 75 154
    27 235 217 119 183 29 179 141 231 182 190 217 181 20 112 150 110 121
    20 124 36 28 182 199 21 148 45 127 41 198 224 34 122 61 212 64 139
    247 232 14 76 21 231 126 224 153 108 62 88 235 238 200 97 227 136
    165 79 153 255 22 23 35 60 161 55 146 225 142 81 41 62 176 153 214
    228 25 124 104 124 52 18 34 228 24 216 206 105 55 55 199 106 84 1 70
    123 27 247 118 254 66 111 100 97 175 31 243 236 3 83 66 249 79 153
    52 158 66 130 126 185 63 189 248 194 139 61 72 29 104 102 229 158
    202 115 141 251 5 55 25 80 127 102 109 55 117 96 214 7 59 184 55 128
    137 161 138 20 36 4 239 94 245 119 183 28 33 124 232 75 194 116 13
    127 104 153 7 32 163 180 107 44 62 98 60 222 26 39 175 112 6 27 222
    201 208 244 223 170 15 38 93 203 248 141 191 130 40 11 159 36 210
    216 40 237 81 210 162 254 2 213 154 9 104 224 214 146 60 91 21 216
    108 73 70 213 116 211 65 6 120 4 181 235 39 230 101 149 150 203 38
    142 178 170 8 137 184 72 0 176 178 82 76 166 143 235 111 119 209 157
    235 19 29 252 124 167 181 63 213 22 220 8 237 3 160 169 247 53 175
    25 116 164 252 246 221 96 235 74 172 38 140 209 119 153 104 207 171
    171 235 100 85 133 205 196 170 95 95 180 133 78 102 231 31 142 0 116
    250 241 0 161 118 100 160 212 139 86 72 250 123 41 176 130 70 60 229
    138 213 112 56 55 220 61 242 158 39 216 18 114 142 141 14 82 183 241
    223 169 155 160 212 80 12 57 74 181 167 221 75 193 48 8 148 231 13
    61 52 138 118 40 106 24 20 10 218 204 140 3 3 69 36 58 151 34 73 51
    44 71 198 76 17 88 212 2 28 27 252 168 194 75 247 230 65 13 145 224
    36 105 194 248 210 38 225 127 36 168 182 255 229 68 6 93 182 131 54
    211 98 162 15 105 141 89 87 217 79 47 159 76 107 213 182 140 212 229
    78 171 118 236 149 171 242 183 117 213 205 126 173 55 194 31 66 224
    167 31 153 75 82 103 201 150 204 205 79 237 245 95 32 249 98 144 202
    27 35 150 114 213 215 131 25 156 158 38 224 127 144 250 241 213 171
    72 202 148 187 91 141 99 12 180 76 217 162 67 29 118 177 102 226 85
    85 14 167 24 191 5 69 195 254 6 212 219 4 183 217 26 40 135 111 253
    211 78 129 36 171 120 56 50 253 37 90 74 27 119 44 102 206 213 138
    239 230 99 225 156 242 167 83 152 100 86 230 169 31 206 186 108 81
    63 100 227 225 175 197 28 197 76 157 175 220 208 54 137 157 26 89
    191 10 213 119 24 33 227 20 35 161 199 127 103 8 251 212 175 48 80
    187 38 128 142 165 217 195 29 162 189 155 216 226 39 38 104 169 118
    148 101 236 189 69 178 1 169 192 174 40 177 0 145 78 76 215 240 239
    183 185 142 106 208 191 26 64 99 148 189 244 17 222 80 138 192 128
    140 184 10 222 167 192 23 89 216 120 216 178 98 82 189 6 92 27 205
    93 154 184 196 221 72 176 238 181 218 54 68 98 106 185 242 151 21
    166 143 125 245 94 90 63 100 180 77 156 165 243 214 169 202 77 203
    39 135 113 110 166 15 114 7 21 34 117 123 238 202 36 225 230 1 52
    254 186 104 177 44 64 88 181 70 232 32 77 199 137 48 102 186 80 241
    189 55 104 131 46 57 37 41 72 133 80 34 73 76 78 47 15 182 204 191
    14 122 247 43 127 252 77 191 29 155 148 247 240 48 112 33 255 252
    115 44 235 117 140 2 3 219 6 67 231 106 44 21 207 190 235 88 197 198
    120 53 245 87 75 228 137 108 26 63 108 188 25 250 71 89 164 244 101
    205 241 207 134 222 246 242 42 63 82 82 246 5 149 44 228 108 126 118
    154 212 99 92 117 172 235 43 215 145 72 253 116 6 188 75 169 32 0
    152 109 136 170 7 188 61 164 253 112 185 117 132 165 46 112 193 188
    120 121 195 249 253 71 46 53 74 220 27 187 152 57 15 47 150 89 183
    219 155 232 90 6 247 12 182 162 209 170 18 65 121 37 1 226 249 115
    106 245 190 228 113 94 234 77 166 4 78 65 204 182 64 249 239 199 191
    158 198 164 84 11 9 26 178 35 49 77 58 112 198 86 205 135 71 58 34
    78 232 71 9 237 43 8 8 151 83 161 233 145 144 147 101 186 218 232
    246 237 147 244 23 250 36 132 115 135 253 54 254 77 186 110 206 126
    69 214 73 132 210 110 177 198 32 211 191 150 36 181 176 199 118 39
    255 40 213 205 232 13 52 190 221 185 26 131 128 63 192 2 91 85 179
    147 114 114 19 75 106 219 76 157 215 253 189 213 185 118 8 43 149 40
    10 51 145 15 125 106 57 41 21 4 72 44 15 28 137 21 101 160 214 119
    51 123 38 20 142 32 232 216 41 116 36 228 45 249 197 34 134 240 102
    178 204 156 187 233 83 233 42 146 188 213 252 3 125 208 137 53 180
    103 163 205 161 108 179 82 133 184 12 25 149 239 199 118 101 129 107
    91 50 54 71 72 33 60 178 123 71 254 108 204 189 174 3 246 159 30 119
    231 146 42 48 155 59 213 186 122 112 59 196 67 103 4 58 32 29 226 7
    209 36 59 35 19 67 160 206 151 252 9 24 65 173 153 6 255 135 79 98
    44 111 218 30 18 191 175 8 24 172 26 225 165 104 236 189 207 120 152
    74 30 209 201 219 150 242 120 112 35 106 149 2 167 178 143 85 29 242
    77 171 170 16 200 213 164 81 54 40 126 91 92 90 240 224 253 249 177
    113 151 36 4 188 220 99 185 169 204 139 82 188 254 248 18 243 133
    140 40 226 29 125 94 220 188 97 133 227 14 159 247 122 19 45 66 33
    87 112 239 218 55 96 117 51 154 49 162 48 5 241 80 54 250 131 194
    195 47 178 212 189 74 11 157 202 74 28 203 212 220 6 144 70 79 204
    196 18 122 135 144 234 97 196 66 167 88 70 226 137 210 223 228 21 97
    76 226 103 105 163 122 107 249 239 143 243 202 21 237 219 3 183 149
    63 168 112 160 40 77 38 214 88 88 194 133 117 156 19 47 187 191 197
    198 233 117 138 193 103 127 25 152 51 221 74 171 136 185 130 15 75
    199 109 55 214 68 219 96 226 132 153 10 242 252 236 201 16 208 232
    66 27 229 77 29 204 126 43 15 108 143 90 90 160 66 74 135 110 148
    168 189 116 198 63 52 47 226 178 162 255 186 176 236 10 127 190 65
    155 164 141 21 113 49 22 136 18 47 178 157 181 254 142 154 135 155
    140 245 1 20 189 155 78 46 123 6 54 180 239 111 202 219 160 193 195
    161 137 248 8 129 175 97 11 1 188 33 106 128 46 78 120 125 70 116
    199 182 158 57 167 44 156 212 240 88 87 176 81 57 10 220 10 216 127
    202 143 177 96 9 174 57 0 193 59 137 58 107 231 46 8 124 219 107 73
    189 253 138 191 244 170 67 12 166 28 139 209 126 231 65 228 249 106
    77 58 131 213 3 160 91 111 126 103 62 224 144 26 116 216 254 179 178
    61 248 83 254 177 231 148 68 116 209 153 182 41 70 15 204 1 210 227
    141 182 233 60 17 131 88 36 152 47 101 154 192 98 2 67 61 92 64 109
    143 24 45 52 12 169 100 119 139 217 218 3 40 84 169 109 168 184 189
    61 47 95 129 99 76 249 76 27 131 24 156 47 33 242 73 68 222 57 208
    255 217 167 93 20 191 136 9 130 254 249 1 135 12 109 92 29 94 62 167
    220 106 152 65 209 20 153 143 146 136 18 166 24 166 183 62 13 216 90
    57 223 231 29 95 142 128 85 151 84 117 60 137 104 94 40 144 178 116
    194 190 29 50 82 90 214 200 181 118 20 152 4 4 1 44 7 47 13 141 112
    108 24 33 191 62 59 117 83 43 173 22 246 53 160 93 248 156 167 74
    156 108 18 248 73 110 129 243 146 207 58 93 154 63 161 211 164 24 51
    209 147 254 26 172 31 23 139 2 15 168 229 66 51 189 30 83 50 40 202
    90 246 67 89 94 108 27 89 150 134 172 39 16 229 27 10 208 23 21 52
    206 228 5 151 116 238 233 62 16 71 89 141 137 41 234 69 217 22 254
    194 99 247 245 251 247 96 186 124 80 249 228 11 47 29 255 86 79 20
    90 208 203 6 45 213 96 159 98 219 226 192 212 188 94 203 66 227 240
    39 128 136 191 89 228 20 128 81 255 193 56 18 64 115 6 190 115 191
    61 89 62 64 5 155 156 102 216 217 91 188 203 87 99 182 11 253 112
    132 125 137 215 124 16 246 199 168 40 131 247 114 113 24 231 223 220
    229 197 8 196 94 226 105 110 98 59 232 197 229 33 57 130 48 220 155
    29 39 193 84 156 164 242 80 79 220 182 243 148 66 71 74 126 83 73 36
    178 105 48 170 235 251 193 244 83 194 221 223 183 54 149 168 149 42
    28 226 196 147 182 47 81 215 197 144 180 107 50 205 80 82 78 241 65
    206 143 63 233 208 95 188 228 80 130 200 190 203 38 185 109 83 128
    50 208 214 164 108 16 166 171 139 82 67 55 157 90 53 208 11 40 90 94
    228 14 158 217 99 116 137 133 97 213 196 190 7 18 146 142 58 84 100
    255 213 134 4 59 105 17 101 140 171 72 192 203 187 163 214 99 217
    111 77 32 138 240 126 84 76 199 67 101 235 17 92 40 27 80 142 161
    175 193 81 94 246 27 211 27 218 199 15 71 82 131 136 90 47 185 52 90
    172 18 8 92 253 167 86 71 144 2 219 20 74 102 41 233 86 241 155 14
    216 133 175 118 67 114 240 193 99 204 40 9 195 56 16 19 52 107 116
    237 98 187 73 32 50 203 185 185 30 178 115 171 151 136 226 9 65 67
    23 137 111 170 127 232 63 16 39 114 239 61 197 121 218 243 42 61 42
    15 182 168 27 151 160 165 209 124 244 141 37 72 221 231 114 31 78
    196 128 23 28 239 162 180 11 187 131 31 12 33 90 139 71 89 208 44
    225 194 68 154 227 142 224 182 66 45 125 163 3 29 249 143 4 10 58
    160 68 234 188 150 161 88 21 20 11 15 231 99 80 126 6 177 53 114 170
    99 133 20 136 237 86 8 161 44 159 57 4 72 47 202 218 211 142 255 34
    114 55 78 148 63 125 125 65 204 191 167 128 133 42 111 248 13 117 70
    125 43 206 32 123 225 244 18 93 57 216 53 170 32 230 0 65 209 171
    245 41 120 128 130 164 211 206 255 234 116 213 109 8 195 50 68 153
    177 225 116 202 42 72 7 179 94 107 218 5 163 237 202 219 101 92 157
    120 32 173 222 250 37 114 124 249 3 154 97 193 215 129 10 13 111 166
    14 138 192 213 229 152 191 249 195 250 62 33 130 167 155 55 94 15 23
    167 195 130 230 127 210 58 151 219 22 124 92 117 3 59 244 7 126 30
    232 161 69 124 148 175 254 125 215 81 199 119 233 67 134 168 198 129
    255 99 195 111 80 26 231 14 82 236 68 90 85 131 182 212 35 31 95 229
    205 58 164 30 82 132 7 164 112 144 91 110 222 217 14 99 211 99 123
    181 71 105 104 39 14 10 64 75 122 182 12 228 96 250 14 52 225 175 45
    78 43 72 167 43 141 16 214 27 122 9 203 179 63 209 156 42 42 191 229
    131 109 45 143 228 3 39 227 145 200 250 85 234 242 80 7 108 55 16 98
    75 41 189 100 140 155 232 70 255 104 97 2 83 156 236 230 217 40 110
    104 123 232 110 211 227 56 198 233 44 205 162 126 13 241 57 232 83
    131 123 223 220 219 58 25 172 167 45 211 244 84 107 227 229 49 224
    120 164 203 240 103 174 126 187 160 139 62 237 234 121 161 134 148
    150 25 75 182 225 52 197 85 149 247 75 73 195 146 141 214 131 226 89
    110 35 200 102 136 157 192 8 167 20 149 188 235 38 101 234 212 131
    180 56 143 41 128 186 168 214 65 210 131 176 199 244 156 101 48 237
    238 90 241 9 104 52 43 144 101 138 48 6 31 4 19 118 159 180 247 8
    144 51 39 18 8 227 154 23 239 110 107 130 133 166 205 143 142 78 161
    118 27 208 18 116 191 53 229 160 153 237 76 159 178 85 144 69 176 38
    15 170 83 159 82 201 61 27 45 19 243 138 136 192 102 216 118 255 173
    216 33 188 121 192 106 82 191 174 208 204 19 131 167 12 159 87 133
    182 79 82 126 86 101 34 51 181 59 49 7 125 79 36 141 159 235 228 60
    193 208 14 117 177 162 218 223 19 36 135 62 194 252 250 213 249 75
    237 203 34 99 109 117 56 101 186 254 146 167 19 163 45 166 131 156 5
    80 158 33 33 89 34 170 198 238 135 245 89 76 91 96 59 225 22 2 4 235
    243 224 201 104 108 213 147 209 92 158 128 230 206 222 34 162 73 10
    190 21 1 143 151 52 47 117 141 232 3 153 104 91 107 193 129 118 132
    229 214 104 79 14 142 1 224 63 48 114 44 31 56 216 165 63 206 224 26
    51 242 221 102 132 158 242 245 51 184 3 181 105 218 109 45 126 143
    32 105 30 0 211 62 221 45 157 138 250 128 198 150 183 95 220 193 129
    139 222 51 255 210 96 31 241 73 110 210 200 167 163 167 254 215 141
    172 151 182 35 114 206 169 126 35 225 39 254 38 49 16 36 186 45 115
    138 209 84 237 134 94 255 194 234 113 166 88 255 156 59 74 147 240
    194 244 56 96 207 214 232 221 112 113 106 120 159 64 199 31 227 241
    171 175 204 32 240 232 146 61 158 82 176 42 206 228 109 123 253 251
    221 89 85 180 18 238 212 54 136 152 175 49 143 103 124 87 201 193 71
    187 162 122 11 206 43 83 89 80 5 4 10 150 213 132 23 223 185 105 51
    105 1 178 193 18 208 49 170 207 125 171 73 194 92 85 85 41 5 99 99
    123 225 179 124 159 232 222 116 40 182 184 132 252 118 213 162 28
    231 17 210 227 247 221 190 110 211 26 0 232 22 248 177 135 160 190
    71 94 225 83 123 218 150 34 13 50 254 237 170 175 6 164 193 200 208
    207 209 145 88 218 108 60 206 235 191 253 187 73 250 243 35 243 95
    149 199 232 249 154 183 252 154 84 28 29 26 77 201 14 54 184 78 178
    15 192 240 27 101 182 70 170 15 84 63 213 142 191 202 174 16 140 187
    190 182 89 237 155 189 204 181 253 6 161 254 72 120 140 184 184 149
    163 216 173 199 135 132 222 208 44 61 204 92 172 175 1 20 37 54 81
    164 200 2 158 17 210 207 206 217 153 195 53 34 118 22 155 78 144 16
    245 3 246 9 164 204 126 232 162 53 28 100 185 37 42 214 219 33 215
    139 83 223 17 245 21 219 23 97 96 172 120 52 108 2 39 129 52 193 235
    140 241 108 246 21 30 188 183 247 217 28 155 43 196 95 213 241 165
    153 227 145 73 101 108 73 38 204 214 251 175 219 227 59 229 178 34 1
    3 29 248 142 102 48 192 149 117 24 247 111 176 118 30 220 177 203
    249 130 140 107 138 37 241 194 117 149 48 52 179 246 134 176 237 216
    85 103 193 148 191 225 202 50 182 223 122 151 97 61 91 254 89 115 16
    222 203 74 206 154 162 88 71 186 113 73 12 52 231 206 83 8 85 52 155
    161 154 42 75 150 109 150 5 57 44 15 245 145 225 35 144 11 67 244
    105 139 82 243 76 123 215 96 121 107 193 0 171 183 205 220 175 221
    224 9 208 75 178 68 11 175 12 212 83 211 130 46 249 36 227 159 163
    253 140 148 240 147 192 65 65 245 216 130 175 142 19 150 112 211 228
    144 121 173 204 64 237 30 93 36 192 47 194 225 113 84 144 205 204 3
    6 243 209 193 62 40 88 101 128 237 54 192 227 69 196 148 211 81 243
    139 205 196 85 171 76 85 158 106 3 60 5 169 246 73 138 180 108 241
    113 175 191 221 118 163 65 89 136 158 217 63 90 121 212 192 89 44 75
    254 236 186 250 221 15 91 192 56 64 55 173 98 2 78 234 166 103 14
    128 163 212 180 199 221 0 150 115 99 32 61 150 86 124 92 210 230 135
    140 118 148 239 162 7 226 21 101 23 249 252 110 91 218 228 32 14 69
    103 25 32 245 20 156 99 72 31 159 223 15 239 159 24 144 168 60 5 26
    78 223 188 67 42 103 41 77 167 3 137 91 129 240 175 136 181 173 99
    225 60 17 41 246 89 63 153 183 131 160 23 45 59 217 69 0 16 91 251
    206 92 122 60 51 190 27 9 105 170 213 134 181 100 235 149 230 77 111
    134 121 37 116 216 151 94 43 82 134 51 85 92 85 49 233 91 236 50 164
    154 244 234 79 11 25 229 252 32 162 214 152 186 67 49 212 70 88 25
    198 143 200 30 225 250 188 13 86 186 159 113 56 3 201 109 247 166 15
    127 181 244 108 205 211 45 165 52 151 205 77 101 79 122 193 30 151
    200 136 9 230 70 230 7 168 149 66 168 248 217 122 238 37 150 73 90
    25 60 77 174 120 168 246 6 89 247 86 7 20 193 180 8 164 87 196 40 77
    27 93 255 255 36 173 114 29 124 116 138 243 48 227 134 245 2 222 26
    22 90 233 124 193 192 107 180 143 39 96 152 162 231 51 22 68 147 59
    117 106 212 138 209 209 7 86 71 44 129 3 62 16 17 24 118 157 154 156
    218 69 79 16 177 151 158 67 103 53 59 213 41 76 226 103 102 252 39
    215 165 64 2 48 9 88 85 80 27 253 37 181 107 229 232 131 206 254 207
    4 165 229 69 100 86 119 207 82 210 117 167 134 231 76 22 196 119 231
    8 128 127 55 75 110 235 155 207 145 31 37 49 109 194 169 76 253 224
    76 69 171 16 157 48 94 106 221 168 71 179 14 165 162 122 233 239 233
    137 52 8 205 243 94 52 183 186 101 99 245 3 0 167 240 15 54 57 210
    204 71 50 21 192 43 202 92 161 234 158 167 82 65 139 16 117 183 108
    165 133 105 7 15 172 213 61 228 148 195 242 23 75 74 222 47 104 3 24
    221 65 140 68 177 72 159 79 193 34 93 83 246 3 201 24 115 39 195 78
    99 226 54 193 148 175 110 176 89 26 2 3 17 92 67 77 223 243 85 52 94
    38 120 159 82 19 106 101 162 88 111 199 98 251 213 251 63 247 21 37
    20 172 47 198 14 235 74 10 167 217 116 136 167 53 208 230 235 169 77
    9 177 94 102 190 60 176 50 213 237 102 136 37 241 144 50 242 54 75
    187 75 170 198 141 32 229 177 163 246 226 233 28 175 221 46 93 115
    18 170 245 212 170 112 170 12 62 220 146 160 105 212 114 96 185 238
    45 198 146 253 42 214 240 238 216 148 117 210 158 209 3 122 185 78
    46 176 112 135 25 216 49 22 200 207 1 14 3 62 42 55 69 206 243 181
    129 82 196 52 65 89 195 241 49 224 79 31 252 207 81 171 205 181 1
    194 231 13 244 56 159 145 227 138 198 180 143 131 138 122 238 137
    199 241 61 244 136 148 165 76 69 225 56 65 253 221 164 29 88 195 203
    226 135 183 231 23 102 237 44 89 13 29 216 46 11 196 89 124 225 222
    115 166 231 119 172 153 217 122 93 158 135 216 148 94 142 111 87 236
    135 226 55 107 75 71 49 57 157 121 236 229 115 93 93 171 115 35 12
    19 76 188 168 55 171 56 149 118 38 150 204 38 251 122 102 216 158
    171 244 166 63 170 167 65 133 96 202 246 200 226 160 191 152 92 133
    50 93 180 63 79 179 182 29 103 14 178 182 47 190 175 110 73 85 36 80
    42 56 179 78 53 122 197 49 8 96 85 7 142 121 180 223 108 47 29 9 239
    215 252 200 252 99 9 86 2 17 243 123 137 214 254 73 153 133 212 108
    38 149 95 208 79 89 76 8 182 58 6 38 161 177 200 175 104 166 6 78
    137 170 170 252 97 103 254 217 190 113 205 67 132 89 41 250 34 91
    119 236 0 181 219 180 36 63 226 119 202 2 127 70 30 22 1 179 103 246
    86 47 248 212 157 147 27 49 118 164 81 207 101 238 114 164 144 203
    147 42 122 178 102 9 208 222 87 90 239 244 230 224 194 124 42 64 180
    82 189 109 44 227 229 120 226 119 19 146 63 184 249 33 231 150 41
    211 28 142 198 96 53 244 94 118 11 89 9 39 43 7 75 40 88 161 35 40
    111 254 131 116 239 81 202 228 96 88 100 80 109 57 149 143 171 130
    209 88 149 88 8 217 83 9 97 47 19 73 72 230 252 239 179 132 131 223
    40 211 57 144 244 119 129 142 30 198 89 19 95 12 178 212 55 251 225
    79 60 59 196 107 58 55 205 25 162 94 38 142 80 137 251 182 60 171
    117 64 15 224 5 251 93 129 19 254 63 221 24 89 225 207 106 137 182
    71 85 35 241 174 27 215 138 101 78 195 229 105 226 111 42 0 139 146
    59 74 83 161 93 168 149 125 116 44 72 235 12 172 86 228 81 137 7 75
    129 48 193 248 242 168 206 157 56 238 46 10 196 60 196 4 236 39 70
    241 56 28 225 5 120 118 116 100 179 144 152 99 72 146 97 73 17 4 174
    185 198 108 182 75 85 95 249 201 225 16 242 106 166 66 54 173 200
    199 115 94 190 153 247 8 255 7 122 91 77 2 79 204 44 188 161 10 111
    126 9 171 139 45 228 9 107 20 151 35 72 172 184 136 138 190 17 10
    161 144 235 89 35 152 132 53 60 242 210 13 16 94 148 14 141 163 131
    165 200 65 58 69 174 107 111 204 164 18 242 101 59 181 68 213 96 165
    37 11 188 243 219 127 33 116 236 51 0 9 65 128 199 69 95 146 29 113
    12 0 206 43 78 76 181 112 188 141 67 5 124 199 2 195 207 125 223 237
    118 241 109 243 131 120 97 169 68 38 181 203 235 39 220 241 163 93
    104 214 201 218 239 153 50 120 91 36 124 129 162 100 220 159 49 231
    244 170 124 17 13 91 56 55 145 175 145 4 26 51 209 102 183 80 195
    178 233 10 149 12 133 1 187 53 80 254 210 174 103 86 97 182 242 228
    23 121 171 251 225 112 51 23 169 217 20 128 151 111 19 112 112 170
    70 31 159 140 234 106 208 46 0 163 111 245 249 220 202 12 15 216 168
    122 135 238 62 214 149 118 222 166 68 68 249 226 214 202 175 145 165
    91 18 195 145 194 9 171 110 194 120 139 91 240 25 87 138 37 50 137
    91 215 146 2 87 39 116 143 40 18 168 126 193 56 138 180 125 8 170
    235 185 70 194 211 119 96 254 234 229 108 223 95 233 108 18 174 171
    138 37 207 16 127 249 12 87 207 177 139 233 167 30 147 195 129 239
    43 190 154 48 188 17 108 26 117 86 122 127 145 219 160 2 216 186 126
    75 191 79 233 50 220 112 42 40 246 28 208 18 237 82 209 206 206 40
    208 25 232 63 41 229 206 66 115 122 195 249 64 58 19 37 219 60 58 42
    16 224 167 113 63 208 23 41 206 68 46 134 139 152 245 200 97 194 232
    135 192 200 1 227 170 58 191 121 97 248 31 177 200 156 59 214 210 75
    240 108 163 247 33 23 26 120 216 76 57 97 187 139 147 146 118 91 25
    178 253 110 137 35 161 214 65 158 97 149 167 144 35 80 166 201 72
    212 95 94 99 46 25 128 156 76 205 107 201 110 65 17 76 162 102 94 18
    100 53 2 181 171 193 39 2 249 166 14 118 246 220 130 152 164 48 149
    179 171 219 227 33 254 179 19 214 233 98 191 119 35 16 169 143 157
    56 148 82 243 70 161 29 195 199 157 180 128 201 34 64 57 241 237 58
    206 11 205 36 22 57 106 108 254 124 83 208 78 219 60 168 70 49 102
    109 64 155 106 94 181 230 9 137 59 169 180 168 65 243 232 198 53 109
    195 83 1 175 203 209 85 72 27 81 37 246 101 168 156 111 237 187 201
    40 32 100 28 223 186 208 65 125 144 212 106 190 124 195 70 9 185 58
    135 174 155 175 131 209 189 4 113 36 247 184 237 46 39 65 240 179 93
    138 175 238 124 171 189 8 109 206 178 235 113 31 29 200 147 129 170
    45 202 171 255 197 11 80 106 190 94 22 209 167 11 93 153 179 122 254
    105 131 32 41 188 157 179 51 144 139 41 148 162 241 42 229 18 5 170
    133 3 129 66 134 149 0 216 31 28 80 134 197 34 24 255 157 103 29 53
    114 78 57 1 158 201 34 39 190 203 101 170 112 211 121 95 185 96 83 5
    250 250 197 213 11 147 122 226 252 184 168 230 19 128 195 195 180
    233 131 12 244 153 169 33 61 67 88 54 73 218 26 6 188 183 32 68 199
    103 132 173 44 147 87 143 247 254 108 247 58 207 164 98 207 96 200
    181 143 234 220 81 2 151 206 146 88 244 87 9 93 15 242 80 154 21 88
    174 200 239 47 175 221 53 226 204 126 98 239 126 9 114 32 156 201 68
    172 232 181 129 49 242 29 143 67 192 171 187 250 221 84 131 228 51
    171 121 164 238 55 26 225 184 208 183 225 232 113 118 94 210 32 167
    33 63 160 128 209 103 220 33 133 247 235 15 28 1 129 194 27 104 204
    241 31 164 128 1 234 73 153 36 96 95 157 151 60 105 37 100 31 79 242
    249 27 30 206 89 8 62 183 186 242 109 51 131 224 160 36 55 173 55
    255 103 244 54 140 67 130 127 159 39 244 207 8 205 162 206 59 30 70
    6 240 223 83 189 88 10 6 119 67 145 124 127 44 232 242 65 107 83 186
    193 99 72 210 14 123 149 110 90 106 201 196 75 38 97 91 168 88 227
    246 235 43 31 122 135 247 113 57 189 79 210 121 114 213 68 6 150 83
    107 74 0 130 130 81 45 122 137 237 88 201 187 105 134 228 50 115 104
    216 222 161 137 127 178 241 117 236 249 47 142 63 96 249 174 99 206
    88 135 43 65 82 253 213 183 62 233 178 245 155 232 182 241 23 47 128
    129 195 198 69 106 226 106 40 114 170 123 149 187 75 254 50 176 22
    50 177 140 236 125 145 83 199 173 227 172 229 97 27 170 53 193 239
    210 116 176 20 126 79 62 36 134 229 62 55 153 31 87 234 45 3 217 12
    120 243 5 176 36 84 96 100 212 142 218 107 85 188 71 163 50 169 35
    56 57 222 118 173 161 43 12 221 237 17 46 180 9 224 104 178 195 121
    172 15 124 240 209 219 79 80 234 35 195 126 208 36 250 62 251 77 30
    60 100 8 46 167 42 62 243 127 198 168 254 174 81 124 4 38 9 54 225
    241 152 89 198 179 72 88 91 241 248 244 193 232 16 186 99 140 184
    251 126 56 75 92 185 10 228 156 44 175 20 134 236 158 132 144 225
    181 188 44 75 96 56 0 224 167 71 85 254 217 14 91 45 70 22 85 210 19
    98 37 150 161 175 6 169 150 131 102 242 9 122 182 114 213 147 152
    183 212 82 201 85 18 125 26 169 173 30 5 100 220 161 158 171 68 32
    236 98 228 185 219 164 139 172 129 104 93 44 221 248 32 50 6 212 65
    134 248 206 129 23 36 157 84 207 242 161 186 116 183 55 134 207 31
    166 4 114 128 226 74 243 47 21 149 162 207 201 129 171 50 157 182
    179 191 172 138 105 54 4 127 249 106 133 57 157 0 7 222 217 58 237
    215 176 249 186 183 205 24 144 63 253 222 213 153 246 225 124 237
    198 60 250 18 63 186 76 46 67 193 237 106 214 64 105 195 117 23 138
    2 226 130 192 91 133 234 54 48 220 206 138 6 244 75 80 38 158 106
    230 163 85 138 68 244 183 18 7 14 135 97 107 24 147 87 188 80 24 87
    20 10 92 33 172 63 223 20 10 109 5 146 22 145 20 103 81 150 236 140
    168 164 67 217 236 124 81 115 110 120 65 53 252 188 6 9 58 114 1 203
    126 167 65 210 120 239 51 167 114 108 14 152 232 8 178 70 127 176
    241 32 193 251 128 124 190 195 214 202 55 231 147 174 25 148 108 247
    231 245 244 250 239 98 113 196 237 187 220 89 1 122 29 117 46 61 184
    78 141 187 190 98 146 211 3 170 136 242 166 255 252 222 165 160 201
    49 163 99 215 35 224 148 86 79 37 249 213 90 171 143 191 192 214 132
    53 247 63 63 9 22 245 227 11 248 164 16 72 208 32 2 37 234 175 215
    29 197 150 237 177 188 104 1 228 180 3 93 6 13 147 118 94 115 116
    222 89 172 71 160 245 10 18 116 46 75 169 40 194 241 143 143 205 137
    73 220 44 167 211 23 137 84 92 97 155 56 30 31 86 180 160 91 172 72
    91 137 106 185 217 133 37 173 125 67 110 34 197 50 18 88 136 130 54
    242 11 33 123 191 0 83 44 205 100 239 130 78 153 195 66 68 124 23 9
    35 43 115 37 12 57 156 142 22 182 110 202 189 69 114 98 87 48 63 15
    43 156 9 149 245 183 34 175 225 36 80 114 76 115 152 42 165 214 24
    13 35 109 227 241 123 26 103 54 20 208 25 150 219 54 39 162 141 1 50
    185 8 186 126 41 197 168 114 220 39 209 118 124 133 233 228 229 52
    122 172 73 135 144 185 229 155 46 206 92 155 104 253 218 217 190 125
    205 229 21 122 171 70 28 220 235 84 231 10 193 22 39 70 244 83 101
    119 85 224 127 38 199 91 114 245 117 244 67 83 148 90 255 246 137 56
    43 97 127 184 200 19 246 63 171 50 100 250 37 85 157 229 14 179 252
    142 149 173 56 206 201 155 170 147 189 200 89 149 106 197 215 155
    123 169 175 93 113 205 203 11 19 24 17 168 123 164 23 141 90 42 199
    236 66 76 32 106 57 18 154 60 28 82 1 14 28 76 118 158 97 140 134
    216 239 212 19 155 53 179 231 122 58 27 199 111 113 98 195 183 8 27
    231 218 218 237 165 5 68 174 98 240 24 63 117 85 10 221 253 93 110
    62 186 64 68 46 162 213 2 142 186 145 117 84 220 135 110 90 96 49
    230 39 141 133 103 18 109 159 20 93 59 57 33 130 213 19 54 134 72
    141 99 223 65 251 99 64 84 180 176 211 51 84 192 153 17 156 231 79
    12 15 174 37 146 98 14 106 177 66 38 139 249 63 176 131 149 79 214
    202 29 20 132 58 113 214 196 44 11 132 43 85 238 46 226 121 223 29
    37 170 253 178 18 216 199 234 51 117 93 190 82 8 50 183 99 181 243
    181 29 51 173 151 56 91 28 68 2 144 63 230 198 187 182 53 246 125
    193 168 68 96 229 238 149 73 145 61 243 218 117 242 89 132 199 145
    99 203 254 142 148 155 85 161 214 140 152 156 143 35 137 177 37 63
    39 216 83 150 55 173 178 130 86 123 70 174 178 135 90 57 52 145 208
    189 244 174 182 101 245 61 232 196 93 83 245 122 252 245 166 7 140
    42 230 253 208 112 81 13 54 175 52 61 152 235 4 63 81 45 15 211 252
    118 41 249 33 16 81 249 39 65 36 248 141 227 249 120 140 250 21 229
    53 246 131 48 211 32 143 186 0 187 65 78 50 39 203 51 144 235 72 247
    160 132 155 134 16 237 136 249 116 111 126 12 108 165 144 33 36 206
    80 161 61 105 72 72 96 236 247 109 124 103 208 157 99 102 80 196 117
    64 34 118 126 66 109 207 127 193 139 58 131 224 175 196 156 80 180
    19 247 142 86 53 189 169 143 24 209 199 124 149 116 226 101 212 164
    153 15 94 7 183 89 50 88 66 56 215 77 0 86 238 98 148 32 13 126 5
    228 119 196 192 196 83 121 232 185 32 76 56 44 235 150 202 239 227
    66 253 172 177 7 39 249 246 237 206 215 14 238 64 69 125 156 80 199
    69 128 149 180 218 173 168 226 18 179 84 60 82 124 200 121 221 142
    151 140 133 107 166 208 72 68 37 88 166 100 233 50 232 13 94 41 179
    247 131 90 157 65 28 23 150 136 227 105 81 112 8 36 113 90 97 46 61
    84 135 82 230 172 217 142 210 59 255 110 136 202 78 189 4 63 129 224
    252 53 250 217 141 91 95 137 182 119 52 49 106 115 88 129 15 131 227
    136 51 162 176 154 231 90 235 48 120 76 51 170 152 129 139 189 124
    174 4 36 13 217 250 255 160 245 220 38 72 220 56 98 45 32 208 238 37
    16 229 178 57 177 224 74 115 42 209 83 113 87 127 76 112 127 224 137
    4 152 203 90 51 27 109 22 125 127 96 131 194 145 148 0 168 186 79
    200 141 84 52 88 114 170 175 215 93 71 93 19 109 85 72 77 215 165
    118 174 218 212 158 21 222 193 88 127 83 165 9 39 41 18 58 212 60
    147 60 21 85 194 222 106 20 103 93 145 52 5 17 242 28 202 111 62 249
    37 39 115 48 136 9 112 216 81 132 131 15 180 158 31 81 149 14 243
    226 186 232 119 25 2 173 136 175 229 255 110 82 23 108 222 160 1 15
    22 126 185 70 232 185 248 228 55 48 73 230 9 205 19 80 42 105 151
    213 31 92 146 196 251 38 24 202 29 12 104 186 6 32 220 91 177 133 56
    29 166 169 139 183 54 208 63 218 213 194 73 115 42 215 72 37 36 166
    47 179 50 53 32 84 243 240 228 242 127 106 128 11 177 51 254 68 35
    184 161 59 177 17 11 90 42 146 168 216 86 248 194 166 66 232 233 40
    167 195 232 199 234 243 134 232 76 2 10 190 110 202 119 93 130 50 81
    19 211 111 85 224 160 104 61 205 100 70 198 92 199 186 153 70 167 77
    44 78 156 5 82 88 119 210 145 248 111 145 4 131 70 107 199 37 112 32
    141 77 253 30 65 59 10 248 253 130 92 80 195 72 15 47 95 197 166 221
    42 232 218 238 162 192 155 165 132 97 17 243 43 191 119 183 118 30
    229 24 65 65 174 20 17 207 45 81 195 151 26 100 228 208 111 193 50
    225 84 117 171 89 73 255 30 233 102 129 218 249 27 64 189 204 216
    124 29 16 83 112 32 200 173 10 194 120 250 75 89 188 148 134 126 59
    58 162 13 118 203 17 60 56 29 163 169 232 232 179 95 35 214 176 5 76
    226 34 147 34 243 24 147 15 223 11 185 43 27 15 205 71 2 31 229 36
    244 105 15 227 58 152 102 107 139 135 85 97 179 7 29 76 1 123 140
    222 22 41 28 140 176 78 54 161 208 27 187 177 22 13 149 65 156 73
    165 104 211 213 232 126 182 251 47 108 166 50 18 133 254 113 15 236
    242 65 60 208 2 147 82 255 90 115 127 207 7 134 83 239 169 201 7 51
    150 103 245 65 225 59 11 122 12 107 237 16 117 236 248 231 63 172 95
    236 135 172 204 135 33 40 39 151 85 59 219 103 79 140 0 91 178 32
    111 56 56 45 9 2 11 13 90 56 72 40 62 230 104 155 94 232 116 131 168
    135 67 46 76 18 235 141 231 250 210 192 128 255 188 47 149 156 172
    143 81 166 65 108 234 156 35 143 76 6 163 19 31 148 79 135 7 145 15
    158 178 247 160 45 110 186 39 6 133 14 247 55 245 2 247 42 22 14 91
    124 34 253 20 3 126 9 171 240 128 49 89 244 100 183 129 33 88 190
    139 103 252 108 55 78 176 185 188 211 90 96 87 191 194 210 37 247
    114 71 69 207 140 182 13 216 235 180 147 19 252 185 19 226 8 168 177
    109 205 190 30 242 242 254 206 79 135 71 5 67 18 74 123 88 57 144
    225 13 142 5 106 209 36 21 178 41 229 78 16 94 98 123 239 101 169
    206 102 64 128 170 95 60 107 179 159 142 64 3 128 94 202 230 79 137
    26 139 184 26 97 228 141 89 76 211 164 164 198 70 178 34 176 198 183
    38 188 30 249 27 7 134 109 68 45 52 245 229 5 124 47 128 12 66 10
    155 228 245 50 99 101 26 137 142 18 5 157 77 40 69 190 250 36 128 72
    112 59 86 101 200 185 56 181 209 58 140 222 53 242 99 141 168 232
    107 247 127 227 163 239 159 204 143 177 164 149 66 215 183 137 3 136
    199 243 43 171 173 149 219 248 244 181 5 183 216 206 244 115 235 117
    48 12 171 90 197 84 142 162 172 165 190 112 193 30 122 36 146 113
    125 157 169 59 31 48 108 52 154 244 81 252 137 229 134 33 24 209 109
    163 120 110 145 175 127 146 105 39 177 49 72 29 16 108 208 232 219
    153 198 214 141 94 204 1 155 250 132 199 164 40 255 13 24 60 133 218
    132 71 236 38 179 4 70 50 123 240 88 192 9 61 126 111 158 166 69 164
    128 130 39 215 26 191 206 107 102 17 4 50 180 26 136 7 61 250 112 16
    169 20 128 9 47 174 134 196 11 105 102 49 88 125 231 200 131 94 19
    167 60 90 93 241 78 220 82 126 208 247 174 171 207 170 90 85 162 187
    5 157 34 242 107 201 65 10 125 187 152 251 42 239 45 42 49 215 152
    232 58 76 38 199 84 16 205 106 153 136 29 159 148 154 50 224 239 71
    121 88 70 197 199 112 127 44 29 91 221 77 247 63 43 84 131 188 183
    84 74 195 239 250 128 55 64 151 69 18 207 89 200 14 206 127 55 194
    18 104 159 30 79 225 60 160 251 91 165 229 11 80 47 81 19 111 51 177
    86 159 93 220 44 47 70 2 95 30 129 76 144 122 95 111 107 128 192 57
    127 119 131 97 21 145 154 78 169 74 223 66 153 120 104 90 32 192 55
    21 196 120 5 3 181 198 185 232 147 206 146 48 254 130 121 203 246
    150 3 108 33 32 95 215 52 61 1 124 227 250 92 147 112 125 196 212 80
    198 165 57 80 183 45 120 87 247 67 52 186 89 65 238 210 55 181 11 98
    177 98 157 8 72 236 242 83 124 172 239 38 0 207 252 24 36 233 174
    212 209 31 21 75 88 44 206 52 130 209 170 61 52 67 228 41 227 123
    128 14 90 32 106 206 194 32 222 78 228 56 64 195 209 27 25 163 158
    120 130 34 102 133 200 42 75 152 252 252 14 205 180 220 29 196 33
    134 169 172 81 125 202 5 159 50 189 126 175 15 182 160 119 244 36
    142 210 187 28 229 29 139 70 66 203 54 221 16 179 100 14 153 9 162
    232 203 168 166 98 26 172 84 97 183 167 236 117 93 114 133 12 248
    227 173 199 41 48 32 114 125 162 154 59 157 32 79 164 168 140 35 93
    50 205 117 95 255 217 147 146 170 226 102 241 234 30 166 61 111 36
    31 220 4 139 103 95 70 166 62 176 204 126 125 52 166 44 12 20 131
    130 126 125 31 132 23 237 83 199 85 96 191 94 197 74 240 131 197 245
    168 174 78 60 17 253 73 114 143 157 107 13 43 110 39 225 253 129 189
    220 106 221 68 216 26 226 116 23 33 38 31 196 42 74 212 37 30 224
    125 65 230 96 167 152 105 227 30 153 56 111 5 48 85 214 124 45 251
    101 63 83 194 63 203 49 46 139 16 125 216 115 19 73 185 12 254 155
    130 250 59 247 69 203 122 7 201 241 33 149 226 251 139 51 27 12 28
    163 117 73 104 140 77 172 113 218 39 77 45 5 237 77 8 81 39 221 205
    42 104 212 189 203 134 139 168 141 138 157 22 162 214 223 34 18 64
    139 196 52 241 118 221 103 24 80 32 164 216 171 220 66 122 47 99 28
    106 93 24 151 134 193 176 27 46 101 61 114 124 212 178 197 42 4 116
    186 250 152 48 156 124 54 99 111 109 213 235 215 140 46 150 44 204
    226 179 183 69 71 44 89 190 55 105 175 220 160 229 168 89 185 106
    198 41 238 135 126 47 173 232 150 245 243 83 129 252 11 65 120 223
    69 154 106 218 193 137 129 105 185 94 161 233 95 219 197 117 146 123
    127 4 122 31 231 196 150 5 150 5 104 225 223 170 142 189 236 126 28
    131 50 94 23 184 165 21 201 87 171 223 88 15 25 103 45 0 119 151 173
    54 196 246 207 210 66 36 207 119 94 154 200 113 32 183 216 134 46 9
    127 146 179 122 152 46 211 90 132 241 168 101 103 141 142 245 229 48
    46 175 2 94 48 131 150 145 156 144 150 8 140 213 95 211 239 119 27
    135 145 73 62 191 225 2 149 164 95 209 193 116 216 5 132 177 34 110
    203 30 40 77 11 150 59 46 252 21 225 184 191 123 36 250 172 134 144
    16 90 14 159 64 245 121 249 208 157 152 221 61 133 25 245 141 130
    107 42 176 9 16 226 55 24 210 19 240 185 82 30 53 131 107 130 73 69
    99 107 223 97 27 217 206 209 238 151 151 36 177 78 179 204 143 112
    122 79 35 22 1 118 74 177 73 175 65 208 20 28 61 16 83 7 30 87 196
    154 45 73 216 128 88 201 230 220 102 83 122 42 75 249 87 35 67 195
    125 145 113 131 47 105 207 176 148 217 206 7 32 113 25 227 244 28 48
    148 61 94 88 193 154 146 155 146 219 194 40 227 148 80 2 77 118 29
    244 247 8 24 165 241 218 233 39 227 233 52 248 245 89 21 198 49 250
    154 106 226 91 128 185 11 183 161 56 115 174 177 39 134 248 158 208
    80 124 201 191 182 115 239 74 82 148 222 10 56 7 230 184 218 64 25
    63 166 117 3 20 240 224 171 31 241 231 43 163 223 155 110 5 86 67
    181 254 174 98 141 243 44 207 127 0 86 97 29 250 180 255 111 102 81
    253 24 144 18 21 53 125 0 172 98 150 234 36 201 213 58 194 140 122
    60 207 49 4 142 0 177 3 48 58 36 79 102 56 79 239 226 86 192 249 138
    202 202 92 132 114 101 134 44 243 182 227 157 17 87 159 211 4 171 47
    97 150 252 49 254 220 29 202 25 238 155 20 155 241 80 175 15 138 185
    215 98 4 86 89 177 57 93 150 228 38 36 238 232 59 95 76 196 11 233
    52 173 108 242 63 250 2 97 201 113 122 121 139 20 83 47 202 64 50 38
    140 217 158 188 96 199 211 26 144 128 232 185 68 131 64 106 87 177
    75 251 139 96 251 105 19 19 12 184 34 219 75 92 251 249 139 128 119
    43 105 45 255 37 219 232 132 57 11 102 251 63 248 60 196 180 41 172
    81 114 228 113 38 210 3 12 131 105 54 232 73 117 209 7 75 5 175 196
    31 15 236 90 128 212 108 86 235 254 24 26 66 170 50 103 199 217 94
    143 26 25 248 11 204 107 211 81 249 104 193 39 215 119 198 181 17 9
    143 198 236 51 140 117 5 6 46 247 121 24 88 57 131 137 96 124 177
    146 203 39 1 127 217 81 164 105 114 174 161 131 13 62 70 111 55 172
    149 223 152 152 226 178 26 25 21 68 208 215 101 220 249 41 165 220
    31 42 175 223 225 68 185 181 61 199 39 131 2 217 213 81 159 66 243
    187 185 132 192 38 88 236 161 142 98 92 245 191 208 175 189 152 68
    135 187 208 191 40 124 106 103 206 5 6 64 138 167 117 54 68 153 110
    201 251 190 34 112 109 139 80 188 52 6 161 213 198 1 25 59 5 135 140
    9 239 16 62 3 106 150 12 221 18 204 227 55 8 220 153 197 176 52 68
    84 87 25 248 225 211 146 157 155 68 161 252 104 224 198 222 242 195
    31 139 250 15 154 56 59 134 161 111 152 82 160 58 233 31 220 73 64
    46 33 206 40 23 142 139 71 142 60 161 42 56 48 10 193 5 75 42 194 24
    136 22 250 35 165 179 245 129 188 1 144 72 30 249 149 145 93 206 241
    83 50 92 80 56 218 248 127 184 100 209 125 86 218 129 105 35 202 173
    219 167 89 226 214 25 214 162 154 170 131 175 187 242 235 143 225
    206 77 108 174 77 250 190 66 132 169 88 80 117 52 58 69 177 20 68
    197 214 200 89 219 121 102 33 198 62 22 107 236 144 66 44 239 253
    144 42 60 202 153 236 125 26 66 197 45 241 5 199 0 180 219 195 25 17
    48 170 49 171 145 103 38 87 252 158 62 220 87 114 116 102 8 79 192
    73 96 91 101 214 43 65 112 86 22 115 18 75 15 39 118 7 169 201 53
    105 103 138 233 72 82 101 4 103 246 246 60 95 179 139 82 198 21 82
    167 208 49 102 195 38 85 178 139 124 103 186 237 67 88 72 126 182
    204 249 111 70 187 43 37 216 26 241 175 0 38 0 28 104 158 80 43 191
    123 39 181 131 133 103 254 203 250 148 107 43 148 118 39 236 96 214
    236 52 178 51 200 78 100 101 240 219 187 21 155 174 198 129 194 33
    129 28 212 242 175 201 202 159 151 41 117 191 1 9 198 232 59 165 31
    150 209 192 96 205 25 47 91 237 8 23 22 31 53 25 232 18 217 147 0 41
    84 56 239 127 131 101 143 230 12 12 40 213 75 29 193 70 236 184 7 30
    127 22 129 143 159 232 29 53 74 41 106 118 39 91 213 186 117 206 2
    120 169 66 235 161 186 100 239 225 97 221 23 254 176 3 130 117 131
    61 55 61 38 28 34 62 90 119 238 150 55 229 222 232 216 155 62 142
    111 53 176 64 192 226 204 227 167 211 171 45 189 188 143 246 96 58
    103 238 89 179 83 136 170 116 182 243 185 35 71 254 110 9 116 96 201
    200 211 124 220 221 234 69 132 209 40 193 238 17 231 7 10 28 215 95
    175 196 94 140 3 122 196 109 72 125 183 187 212 64 199 73 109 192 14
    250 163 246 91 179 38 224 145 30 112 243 168 66 63 181 242 118 168
    158 183 100 228 189 55 48 194 104 99 109 232 13 229 157 84 166 126
    85 53 249 13 57 114 23 222 160 98 170 31 152 110 137 61 170 0 64 35
    104 36 68 54 24 95 132 80 248 113 121 49 137 135 237 127 201 44 98
    29 86 216 212 57 220 236 213 228 232 215 44 77 178 13 63 27 2 236
    102 140 103 210 51 104 77 133 227 51 231 252 110 206 57 120 77 51
    103 95 186 140 103 79 69 6 193 83 58 231 241 154 62 49 92 2 230 155
    39 131 74 238 185 160 103 197 206 1 206 117 159 0 222 5 60 64 71 182
    217 58 20 161 193 95 181 129 216 219 207 89 4 241 18 188 7 144 5 51
    46 64 4 21 111 81 200 3 176 109 3 68 134 87 136 125 166 102 26 61
    100 94 79 37 124 16 119 124 64 185 184 58 236 37 77 202 219 60 179
    234 138 229 154 97 65 21 95 199 201 48 148 32 249 28 116 15 16 13
    156 250 62 2 18 233 110 74 217 161 18 154 90 29 230 141 127 38 229
    134 236 172 177 237 23 105 179 175 25 250 205 73 233 190 75 248 160
    96 178 248 228 129 124 106 160 160 94 23 236 33 115 112 39 12 91 250
    56 239 229 47 57 49 12 220 22 147 252 210 172 140 139 66 254 238 198
    155 73 58 59 37 153 203 224 2 108 183 69 130 227 105 6 211 28 183 99
    46 228 113 59 92 200 180 117 171 116 212 42 206 246 163 165 236 185
    19 87 190 97 95 9 20 247 184 178 145 27 201 185 174 150 130 245 222
    255 89 112 195 36 44 39 27 218 224 250 175 108 194 187 132 221 248
    191 238 137 241 214 103 12 129 9 62 135 158 236 223 160 247 237 71
    175 55 147 159 29 49 26 172 10 67 229 162 255 120 59 220 88 197 212
    6 126 226 216 50 27 99 177 175 131 2 53 51 192 26 167 176 202 83 199
    76 69 3 52 15 160 235 186 165 25 59 138 205 90 23 30 224 77 133 171
    26 190 160 135 158 22 133 20 93 73 89 105 60 215 164 222 36 49 153
    239 157 168 191 105 34 8 172 190 192 81 199 80 123 79 140 19 78 195
    209 11 35 143 223 71 195 66 41 112 26 99 29 242 60 171 162 210 63 79
    31 81 222 50 161 155 136 65 68 78 120 217 100 235 63 103 119 66 5 97
    92 26 81 218 207 185 21 223 10 239 89 51 12 125 190 36 10 93 140 177
    159 34 142 240 146 199 61 150 73 131 202 56 132 104 86 33 38 96 89
    135 229 105 90 115 114 202 22 227 234 36 24 97 185 61 4 195 126 98
    183 8 53 248 94 76 253 0 49 43 64 202 157 67 58 209 2 153 47 52 221
    255 105 212 195 125 20 140 191 154 103 14 136 113 187 69 75 246 169
    244 4 122 246 208 59 139 13 79 2 197 134 137 224 41 154 53 249 222
    179 137 248 158 130 59 59 118 36 187 121 181 95 227 162 138 43 123
    166 20 171 144 39 174 245 43 153 112 212 233 39 116 31 98 88 81 126
    63 170 249 50 248 23 150 242 198 83 152 220 189 79 80 223 94 100 102
    85 20 94 127 138 64 191 23 132 144 230 240 238 216 103 26 60 133 31
    13 69 140 32 183 153 242 56 39 184 132 70 43 101 56 101 5 157 74 149
    61 195 5 142 157 118 130 123 162 24 83 25 32 148 104 151 92 238 204
    231 102 176 165 169 1 66 146 205 85 123 254 113 201 70 230 86 15 64
    96 4 115 230 125 4 238 204 148 255 67 31 253 137 163 144 78 216 84
    16 237 218 106 202 0 113 255 194 176 12 247 249 165 76 246 169 61 6
    67 138 0 133 219 151 7 92 21 20 228 143 103 12 22 117 70 229 137 122
    121 96 209 202 45 125 23 81 53 88 19 107 125 198 139 5 133 88 208
    157 6 172 122 98 80 243 211 7 16 170 142 5 134 24 222 196 61 92 134
    114 245 23 214 248 76 51 250 47 34 105 157 210 40 132 178 23 161 69
    41 8 107 201 35 121 242 63 137 211 63 191 29 249 5 44 193 33 42 39
    95 164 226 67 238 171 198 237 145 31 166 63 26 165 244 221 26 50 134
    86 8 248 63 162 89 53 74 49 69 165 196 149 181 59 95 153 130 233 149
    108 177 160 224 50 7 215 197 71 232 79 241 51 211 68 5 9 34 235 29
    238 201 171 54 181 30 98 240 29 39 68 113 6 81 7 105 184 141 238 28
    29 201 64 232 82 85 127 210 211 79 94 199 171 48 154 27 90 194 65 24
    74 154 164 127 188 90 212 99 179 79 109 245 197 197 242 65 193 146
    112 231 99 226 152 232 70 125 80 180 168 169 94 177 125 55 129 184
    39 33 68 153 117 61 255 248 191 152 39 123 36 191 19 176 197 61 249
    228 215 82 217 10 41 135 121 0 137 90 160 9 97 93 115 99 174 226 210
    123 31 135 40 29 156 56 138 245 68 71 4 251 241 220 176 31 158 32 19
    109 255 142 249 221 118 188 146 208 109 183 231 108 162 28 17 99 46
    53 55 226 18 249 27 54 83 47 53 133 89 113 70 7 242 89 169 36 105 36
    2 134 24 42 142 225 148 46 176 231 206 159 10 224 41 243 148 160 180
    30 51 72 96 221 226 32 2 44 28 197 22 105 128 124 174 181 53 113 94
    156 232 239 176 133 120 76 106 7 93 231 229 248 189 208 135 176 98
    151 230 210 195 23 218 69 156 241 53 159 207 86 171 237 3 31 152 10
    84 52 37 174 220 132 162 123 208 109 189 40 169 199 241 214 92 192
    192 231 171 137 254 222 31 158 255 142 125 246 0 58 75 1 202 238 100
    89 24 164 64 251 175 154 147 200 233 140 75 119 224 67 73 8 1 1 235
    207 7 116 217 63 132 97 181 181 198 82 50 91 35 130 232 228 56 243
    116 34 9 20 98 139 21 23 53 39 74 140 84 157 124 60 201 51 108 45 85
    115 95 79 176 113 75 233 204 159 49 17 237 251 42 178 237 210 25 61
    209 165 172 140 126 114 141 196 119 72 57 38 106 139 37 129 58 101
    136 180 134 187 251 98 181 250 100 220 250 41 109 19 193 182 189 83
    150 86 107 167 252 232 203 252 232 253 109 211 191 196 184 252 76
    116 85 147 207 128 21 1 200 88 119 37 79 233 67 56 245 142 166 140
    17 13 165 164 142 67 19 122 133 54 123 7 156 115 1 170 32 15 105 206
    95 119 175 14 19 73 142 158 63 210 187 169 155 172 230 162 158 169
    127 216 44 135 110 63 54 147 92 238 204 105 88 228 147 185 182 172
    85 73 130 89 226 131 217 236 143 237 233 25 130 241 223 93 207 189
    67 189 121 167 5 48 127 210 75 54 44 180 47 117 77 243 4 50 160 130
    222 199 132 40 22 49 200 172 213 22 130 182 251 250 224 13 140 21
    153 40 88 94 57 196 176 17 192 120 77 234 239 150 32 229 5 99 170 29
    20 27 94 33 30 51 214 216 120 6 224 18 207 218 13 9 202 75 103 41
    198 189 213 239 151 77 157 178 32 223 225 23 59 180 48 222 72 149 71
    29 91 223 180 39 30 131 58 187 107 198 224 107 8 44 103 85 149 70
    163 58 232 120 40 120 78 34 75 18 159 118 234 58 3 112 230 67 134 66
    48 118 185 119 110 184 69 60 192 13 55 184 164 64 42 25 139 228 164
    205 47 216 110 203 95 71 234 82 31 71 103 52 22 65 146 213 114 19 29
    110 31 105 208 147 206 134 51 176 91 109 45 27 255 1 83 93 152 109
    31 95 103 149 131 113 186 170 129 58 76 45 240 15 232 66 86 127 55
    243 202 155 116 221 255 47 93 177 65 73 180 165 150 48 92 220 76 150
    253 39 250 33 107 19 63 146 160 227 64 171 41 21 193 90 86 242 225
    201 124 62 182 142 80 68 145 81 184 125 43 55 172 253 177 120 142 55
    225 206 201 101 68 222 33 28 29 175 183 39 172 212 79 225 237 153 52
    201 24 202 100 135 215 243 27 3 93 213 151 187 239 37 88 168 248 113
    215 61 66 111 196 170 238 228 232 47 124 143 203 123 120 9 106 44
    173 160 97 202 53 230 151 246 11 45 65 35 58 57 204 65 149 136 145
    243 248 22 250 255 11 25 224 137 66 227 94 214 84 162 136 116 185
    211 169 134 49 8 11 179 233 33 62 65 5 115 128 81 148 197 254 64 89
    145 208 94 185 255 72 152 10 15 55 176 0 225 25 36 75 194 230 116 60
    154 157 105 148 184 237 152 215 69 129 26 224 7 68 19 122 186 135 25
    151 35 31 163 211 151 229 140 125 21 202 173 249 123 152 218 130 239
    179 228 69 121 158 57 123 92 216 22 148 247 91 178 116 41 233 235 1
    188 164 162 216 4 39 48 8 148 69 7 61 153 160 141 185 199 152 120
    253 253 17 179 158 160 33 2 238 36 245 90 255 149 126 3 65 122 232
    96 90 104 190 193 166 22 234 111 99 130 161 4 183 220 158 14 0 0 22
    159 145 132 9 199 159 244 150 38 251 139 162 222 220 83 172 78 85
    242 49 82 104 194 223 205 233 140 56 122 37 90 174 209 39 224 75 27
    225 168 147 37 44 223 234 51 50 21 191 139 9 141 79 52 249 179 96
    195 43 87 97 188 105 23 142 217 97 118 30 164 154 167 206 29 176 63
    239 34 161 32 49 44 97 245 8 219 149 161 247 138 121 216 58 33 247
    140 140 18 178 66 3 45 71 49 182 240 153 175 75 240 172 32 240 255
    107 156 92 111 241 123 160 127 225 188 245 5 21 162 79 169 148 252
    188 169 229 42 170 227 206 87 48 190 142 80 79 40 22 252 159 90 3 44
    61 233 193 77 7 217 118 175 6 74 178 76 156 202 55 163 90 243 75 58
    171 197 127 87 172 220 11 90 129 148 250 93 146 121 72 110 151 58
    232 11 44 51 213 99 60 239 125 156 1 206 2 49 85 46 198 65 138 136
    26 36 126 249 148 53 177 29 82 77 0 50 53 193 226 165 100 183 26 64
    14 148 111 120 149 243 56 24 77 12 225 182 93 109 252 226 174 136 97
    47 174 94 153 160 138 52 95 160 252 194 187 78 55 2 69 103 181 190
    111 216 38 222 204 85 119 55 37 225 119 229 99 113 164 200 64 170 39
    28 112 98 180 24 246 141 250 141 235 138 46 200 74 47 13 51 94 30 34
    45 123 243 182 175 20 78 87 220 167 134 235 159 228 249 9 21 47 178
    54 168 131 2 3 47 69 101 114 41 15 50 51 205 224 214 61 210 58 108
    159 200 251 158 58 27 128 100 22 198 249 244 164 59 59 154 139 96 75
    105 116 24 12 67 88 232 148 22 11 109 87 38 229 91 48 226 237 85 246
    35 176 220 131 67 167 57 174 147 226 74 171 94 176 171 121 221 50 38
    67 208 230 136 119 199 21 233 42 79 7 106 104 37 67 5 147 3 128 135
    138 86 169 26 199 79 112 6 153 184 16 51 100 198 239 33 155 67 55
    241 97 68 91 183 51 114 202 42 162 255 108 42 86 89 122 209 61 216
    161 244 19 110 23 63 178 1 98 242 195 56 120 118 38 150 173 233 228
    91 20 120 124 200 10 240 84 61 233 118 5 195 69 56 3 242 174 118 251
    32 187 247 56 56 236 195 7 121 250 6 171 200 76 113 68 87 115 47 200
    36 219 60 24 68 4 27 11 78 107 241 229 31 71 228 90 136 147 7 60 142
    1 245 172 142 45 84 173 66 222 145 192 123 171 248 56 132 65 9 122
    132 156 109 143 29 88 162 216 56 91 163 144 79 33 131 87 157 234 179
    103 135 148 65 202 243 250 200 252 195 98 212 134 251 142 155 145
    233 200 226 178 58 180 23 103 234 117 93 105 116 150 206 90 134 93
    249 60 245 22 241 252 32 80 183 86 173 176 77 244 10 220 5 253 45 55
    176 233 64 226 167 103 186 40 106 137 221 210 47 6 96 145 13 62 48
    170 95 120 13 184 137 80 125 178 123 191 59 171 183 163 188 191 152
    113 195 168 35 112 230 26 205 9 162 78 194 142 167 215 94 11 191 150
    162 131 29 114 173 48 27 198 176 166 30 66 93 247 19 181 60 177 113
    3 242 77 87 135 118 159 114 174 246 242 108 53 201 219 234 251 179
    22 113 172 42 1 137 106 45 138 91 197 209 230 100 28 231 98 4 38 114
    249 204 104 13 126 100 84 37 120 127 43 240 63 98 185 246 144 206
    162 114 224 111 238 180 70 25 222 61 202 215 32 6 248 5 112 247 47
    121 168 186 233 178 244 187 44 133 23 109 249 206 130 119 187 44 55
    210 60 96 93 42 149 118 122 94 107 51 100 188 190 106 191 198 198 92
    51 213 35 215 86 150 93 124 242 28 149 44 61 44 44 112 94 207 19 157
    203 4 224 80 118 198 225 56 172 109 8 254 139 154 58 3 7 219 153 112
    169 213 144 151 53 161 16 168 85 161 2 150 154 229 98 143 253 54 5
    27 31 76 198 61 56 180 3 247 160 23 134 234 79 140 72 196 180 0 245
    171 191 132 122 193 246 248 223 73 54 116 47 208 253 175 184 172 174
    59 106 92 143 77 138 152 76 32 52 105 39 103 38 107 87 168 1 154 59
    244 122 197 95 24 29 27 248 178 112 22 243 203 239 218 72 172 204
    247 25 22 165 206 28 42 113 130 19 145 251 32 218 240 24 45 186 149
    191 253 44 27 228 52 21 129 79 141 190 60 123 147 180 219 23 247 66
    24 53 225 225 195 78 44 124 220 149 55 33 215 153 173 68 27 58 101
    21 97 228 170 178 68 203 156 81 19 7 185 101 209 185 199 251 231 131
    188 167 151 79 96 166 247 168 91 63 210 157 11 106 245 219 154 38 88
    217 60 69 145 25 133 30 250 41 233 175 24 209 117 172 9 226 243 171
    160 37 100 7 196 46 149 237 156 120 80 98 6 99 144 170 234 124 191
    13 151 122 197 169 90 23 157 128 141 15 242 89 140 41 227 7 231 135
    157 88 58 168 52 163 248 140 81 169 193 213 254 181 173 233 77 223
    244 246 119 164 120 198 198 207 19 25 137 179 79 86 54 101 147 48 10
    107 221 20 226 189 86 245 21 4 84 223 7 15 240 125 78 251 121 20 104
    184 68 219 116 169 114 89 234 87 47 190 31 39 44 102 155 120 232 113
    89 185 241 146 151 17 123 123 202 162 67 149 253 69 12 52 250 13 141
    169 185 0 233 254 18 51 83 26 93 203 158 44 197 6 67 100 11 84 252
    131 69 75 74 116 69 191 250 35 227 235 130 186 201 209 22 2 190 239
    88 245 19 119 248 11 204 231 88 49 26 156 236 5 138 127 220 133 34 8
    164 152 238 55 186 215 152 236 125 88 104 214 3 114 125 126 120 201
    164 58 242 30 138 83 222 243 200 243 245 221 204 160 149 115 136 101
    120 106 160 33 133 228 109 47 211 22 1 143 3 177 201 53 210 137 190
    27 33 77 148 83 109 58 165 171 206 203 235 227 182 48 43 117 192 37
    85 113 166 147 203 22 219 130 205 49 130 169 161 221 175 80 39 4 147
    80 185 151 48 28 154 215 59 193 220 7 243 10 241 51 14 52 19 96 145
    209 177 191 252 166 214 168 200 179 221 140 185 29 33 223 114 91 234
    150 184 252 241 79 214 109 207 183 169 68 196 10 42 127 13 162 159 2
    123 146 106 202 23 149 159 85 86 20 214 203 48 217 107 100 30 232
    173 89 247 2 82 82 1 80 25 72 241 87 0 147 10 2 63 66 138 173 66 179
    128 150 234 110 224 91 178 196 48 239 45 176 222 100 216 192 217 233
    239 196 13 111 54 248 71 139 62 106 199 22 121 85 50 190 137 244 226
    59 31 99 149 185 32 141 222 171 213 142 27 54 76 26 101 234 13 131
    74 142 139 32 22 27 198 112 163 209 47 30 253 15 105 152 106 67 210
    185 114 36 42 109 101 54 253 171 219 9 164 72 26 246 228 129 9 145
    244 164 92 29 209 236 25 126 31 24 128 207 202 68 62 22 15 70 246 89
    40 94 249 155 215 255 59 202 82 85 113 239 13 62 182 97 176 135 129
    16 164 26 153 255 29 8 166 175 128 35 158 32 173 56 188 212 175 99
    121 195 92 149 166 114 169 104 118 133 165 53 222 233 155 168 115
    158 47 179 166 115 240 115 6 54 186 119 76 19 18 60 115 46 249 41
    224 171 63 17 79 32 200 192 238 195 122 120 109 76 20 177 227 229 0
    160 104 70 132 191 227 116 37 81 184 233 62 13 9 170 207 235 95 89
    237 33 196 202 225 7 198 12 94 135 199 193 251 164 169 39 3 201 27
    165 9 45 5 184 203 9 241 157 6 119 155 37 37 149 188 74 143 13 158
    137 100 6 21 166 45 28 90 150 96 254 138 224 99 149 57 177 94 94 32
    182 32 180 191 150 24 221 161 10 239 244 233 61 120 110 252 189 126
    178 38 182 143 72 199 201 126 185 171 6 82 253 29 37 190 157 200 217
    144 225 150 28 16 197 191 76 85 33 92 67 28 244 212 24 30 75 238 198
    170 251 209 144 3 173 68 60 159 50 195 241 8 235 197 165 235 59 8
    133 181 255 19 105 156 230 54 157 98 186 156 165 144 74 197 122 211
    111 147 145 134 125 251 23 43 153 130 114 115 46 44 107 80 40 8 139
    117 217 133 105 107 17 240 68 155 218 197 223 173 29 67 120 203 35
    171 101 185 178 26 19 90 125 70 168 157 75 231 240 3 159 23 50 125
    22 195 10 31 129 167 174 43 176 138 114 142 6 126 199 167 226 121 35
    17 235 245 213 244 157 24 233 139 189 146 174 175 184 70 192 27 69
    137 128 194 66 47 255 8 112 12 25 87 112 60 19 175 72 129 37 251 211
    224 243 138 224 229 239 108 83 68 35 32 30 36 221 134 121 34 39 220
    79 195 106 242 72 154 160 47 20 82 187 154 49 81 42 61 99 230 39 202
    153 108 84 41 49 30 251 248 226 37 159 228 50 204 236 173 68 24 56
    236 8 181 247 108 3 255 183 62 156 17 54 174 174 202 33 105 143 184
    116 70 236 70 18 61 254 141 138 204 192 153 13 207 72 32 150 245 53
    140 217 32 77 55 233 48 21 210 76 109 181 93 215 52 199 35 47 43 255
    18 228 179 237 182 226 24 98 73 93 240 117 142 69 142 155 178 175
    196 56 135 10 71 139 216 54 30 128 0 251 154 246 33 204 91 210 253
    238 200 218 155 48 133 244 170 170 77 1 27 251 251 178 1 208 219 100
    141 239 213 199 32 205 127 119 70 30 250 83 34 166 149 184 178 187
    228 56 34 216 81 1 118 67 81 11 164 225 148 201 34 195 104 229 138
    233 101 50 246 199 183 104 110 38 235 223 191 1 170 25 48 45 117 14
    152 111 99 7 136 33 229 199 24 16 141 114 36 96 123 254 7 178 240
    158 57 49 191 216 106 126 168 86 187 208 188 41 195 39 38 128 112 54
    84 156 220 33 44 14 137 176 141 171 127 35 67 182 55 61 246 127 146
    212 145 66 28 254 234 58 170 130 228 22 111 21 109 84 2 205 16 96 89
    92 76 245 96 22 193 107 231 181 176 80 232 43 150 113 252 153 47 95
    71 18 146 147 124 218 140 228 150 136 156 217 153 98 122 211 1 139
    149 229 125 189 234 198 42 117 215 36 239 121 244 8 30 9 63 146 236
    2 14 110 36 168 146 157 67 80 85 138 142 34 169 166 208 41 15 130
    179 47 144 93 140 250 63 13 92 198 146 229 46 150 238 183 228 175 86
    215 68 183 224 202 177 192 51 158 62 231 212 217 8 81 105 105 255
    113 167 92 41 49 153 219 22 238 238 252 35 150 196 3 171 125 160 251
    246 105 154 125 49 13 142 246 40 39 130 193 175 168 40 54 170 67 137
    157 3 47 226 199 100 250 132 89 113 15 119 44 87 74 61 99 220 229
    171 82 22 1 251 197 210 139 206 177 158 218 205 106 62 194 227 80 48
    110 215 129 100 137 71 78 230 226 113 230 248 125 180 253 172 54 67
    213 82 82 30 93 55 216 0 222 98 37 123 215 97 37 170 4 173 159 237
    246 165 31 33 114 35 98 150 213 84 183 28 253 253 54 207 74 121 122
    17 164 239 214 93 207 193 96 179 111 19 171 1 76 213 117 55 139 221
    104 219 131 74 194 130 109 124 104 81 216 155 210 75 47 255 151 81
    249 241 182 149 232 49 31 172 106 247 202 98 193 126 154 147 100 172
    89 12 211 158 233 4 24 187 114 19 49 32 129 112 235 42 105 203 170
    128 162 66 203 3 49 145 88 147 244 119 88 56 252 83 198 221 158 99
    225 93 35 9 69 63 169 123 225 173 235 186 146 97 188 171 118 222 71
    183 238 86 105 169 102 112 8 1 170 212 45 107 1 123 222 239 204 32
    112 13 174 23 223 125 93 42 185 161 43 232 143 235 218 30 208 65 250
    62 35 186 85 13 19 214 3 160 81 15 139 223 101 66 117 90 125 183 226
    232 14 128 75 93 49 182 191 204 164 78 121 203 75 233 14 221 175 3
    146 61 8 0 143 37 163 202 69 194 30 200 159 126 207 33 103 200 66
    131 213 10 62 46 173 253 80 78 105 93 174 147 20 27 184 51 81 70 203
    208 182 58 56 188 7 76 41 166 206 192 65 170 37 88 244 183 70 155
    214 219 108 100 10 77 129 5 0 51 176 62 149 157 241 40 215 253 213
    101 91 67 35 163 133 87 146 32 61 104 125 221 200 126 206 4 88 160
    24 213 239 134 73 147 43 81 131 187 121 127 237 75 56 106 47 28 128
    174 86 29 121 58 179 183 116 80 215 52 90 29 53 51 227 158 208 38 47
    32 29 101 29 37 202 207 152 234 111 230 6 57 255 12 49 6 245 236 254
    167 160 13 228 211 135 246 117 117 146 58 164 117 0 28 230 102 171
    81 229 87 62 183 103 66 250 12 104 49 127 26 0 205 64 46 106 201 128
    106 147 22 220 100 194 220 199 106 161 212 185 27 165 159 167 165
    227 238 198 135 220 132 167 142 128 154 186 176 31 36 223 160 45 238
    176 42 231 180 23 232 208 94 33 178 255 146 56 147 240 201 139 130
    168 245 96 233 24 79 185 79 17 22 11 96 188 177 117 61 155 42 187 36
    250 214 135 176 79 125 149 168 17 192 236 110 17 163 47 67 232 194
    171 16 192 29 84 11 9 239 52 91 65 28 181 158 106 26 113 129 123 197
    158 149 78 230 92 125 80 4 250 160 152 36 176 2 236 69 138 22 15 77
    32 50 18 88 156 7 178 26 52 15 177 56 139 199 122 231 169 28 37 128
    173 187 151 1 60 234 87 1 29 189 83 211 51 26 216 70 143 49 13 254
    142 32 146 5 23 223 153 67 142 140 88 89 175 52 80 36 91 163 54 69
    97 67 234 83 67 54 50 175 1 192 206 214 189 232 118 58 95 168 118
    115 15 252 209 21 145 47 86 14 247 193 154 37 124 35 190 98 97 146
    33 99 40 224 138 56 251 74 21 52 2 136 109 23 27 156 223 224 212 114
    119 235 136 197 78 224 11 84 69 122 244 98 110 198 80 169 49 161 235
    158 134 107 201 27 220 162 136 218 19 114 103 175 174 71 191 41 160
    187 26 120 234 215 117 92 242 143 39 118 100 67 109 32 205 226 131
    109 186 3 193 207 205 244 243 70 126 67 28 189 143 67 4 66 22 230
    150 226 20 234 214 44 25 226 144 179 250 204 186 18 236 128 55 72 2
    231 67 181 145 114 130 102 74 54 220 204 163 125 54 153 104 255 123
    168 117 235 199 183 177 72 10 107 80 119 73 54 125 16 127 204 140
    152 190 123 211 211 49 123 205 38 201 21 35 145 198 63 227 118 159
    252 1 149 233 240 47 61 247 85 223 127 128 120 22 8 182 57 250 36
    129 104 185 193 212 135 66 24 24 223 39 54 72 116 67 199 178 107 214
    112 74 186 14 6 165 141 63 228 225 27 189 55 243 46 224 0 155 206
    195 230 11 104 138 189 10 37 32 16 147 83 215 148 198 62 139 30 69
    121 198 221 151 224 63 56 5 90 145 74 64 66 68 85 83 156 88 80 53
    113 6 155 102 167 252 13 55 156 9 217 231 151 226 248 175 80 232 85
    11 247 176 134 0 59 118 121 251 22 12 127 12 147 233 232 219 141 36
    184 152 45 10 71 153 145 0 225 34 78 222 83 144 118 116 67 121 113
    42 171 87 192 186 127 253 167 17 121 150 241 198 121 200 134 131 234
    235 124 145 103 216 61 60 152 83 136 219 26 224 121 88 122 59 181
    193 22 122 230 207 4 207 120 87 148 98 93 190 230 198 3 132 28 81 68
    25 200 87 241 253 249 53 24 179 102 20 89 210 132 10 36 45 56 214
    239 245 181 29 196 126 195 100 46 97 180 184 177 235 168 212 231 33
    106 205 49 244 82 255 88 42 237 100 49 68 227 75 89 91 45 124 211
    240 150 96 240 176 94 73 48 221 217 228 248 25 2 103 29 164 19 88
    169 42 66 232 126 219 20 54 99 232 237 34 143 245 247 170 197 3 182
    169 190 223 214 111 134 144 63 59 34 81 205 178 230 144 55 131 72
    199 49 195 159 242 248 41 8 133 246 99 219 217 190 226 196 196 136
    207 100 131 140 39 121 175 40 225 228 143 147 20 4 245 219 1 212 41
    72 98 125 41 248 107 47 52 206 220 222 90 128 38 101 213 231 102 117
    69 197 45 41 7 38 231 36 147 186 99 32 190 50 2 75 61 23 224 115 25
    51 125 72 119 113 43 123 1 176 39 23 77 216 76 0 61 104 13 164 243
    45 35 87 61 96 7 88 68 1 4 102 194 73 190 13 66 11 160 153 45 181 44
    167 123 143 219 148 255 223 113 210 148 235 44 250 55 220 89 74 53
    85 206 19 73 73 39 41 214 225 11 161 241 211 94 238 107 221 36 56 14
    234 140 127 215 43 232 217 41 243 158 217 130 57 164 90 243 98 173
    246 175 95 188 201 203 117 162 189 7 139 123 164 187 121 52 234 6
    123 165 45 175 243 160 192 102 206 218 112 47 32 67 92 75 88 18 113
    82 83 201 62 255 187 233 173 131 137 120 183 10 134 197 47 64 77 237
    158 113 242 55 43 34 104 221 14 175 29 50 238 243 0 235 147 187 137
    84 51 73 251 5 79 241 166 38 39 228 20 2 84 74 32 60 64 36 178 130
    182 85 8 37 161 170 255 145 179 43 129 172 176 193 146 103 188 121
    58 158 42 70 16 69 45 207 138 139 116 92 150 248 96 126 125 131 125
    70 117 181 16 57 28 97 249 244 17 240 133 63 226 49 207 192 238 211
    153 28 52 199 129 13 67 254 162 56 194 232 71 198 234 9 124 252 7
    163 138 181 21 193 5 144 27 235 26 102 61 220 70 245 68 141 246 169
    87 49 216 141 174 128 192 54 173 223 166 89 249 174 175 225 41 252
    189 95 167 199 224 214 153 34 238 152 214 122 180 156 165 29 132 9
    124 155 48 50 194 94 197 46 149 61 196 153 72 207 128 146 64 31 5
    225 174 7 26 4 99 68 3 136 77 48 234 83 174 129 171 214 175 0 11 129
    184 0 238 206 123 203 253 9 33 81 137 141 188 68 140 154 124 117 147
    219 189 177 147 57 111 64 241 7 37 199 125 54 79 196 187 166 10 143
    136 44 71 163 203 17 46 39 193 147 248 255 69 189 86 155 8 68 200 0
    29 62 188 142 160 215 68 193 247 255 220 198 63 16 210 60 192 84 213
    100 119 30 86 134 66 215 53 182 65 159 219 91 208 161 218 94 253 66
    97 236 35 190 242 200 165 182 216 80 31 219 144 132 194 129 108 117
    201 62 182 235 175 95 187 76 179 83 246 109 124 2 115 217 22 232 153
    31 178 212 10 1 228 16 32 33 6 149 231 186 77 104 70 120 172 121 71
    229 158 65 206 158 85 173 166 11 22 198 116 131 77 153 224 101 127
    112 123 167 40 80 95 97 183 166 249 197 237 185 174 244 202 200 7 58
    77 196 248 206 62 24 228 108 158 41 63 70 235 167 9 227 55 5 68 217
    7 11 95 55 31 212 98 60 181 14 55 5 63 67 240 175 70 158 243 98 18
    146 143 129 68 44 123 87 158 48 77 79 54 252 135 78 226 37 9 86 1 15
    199 116 70 35 65 135 111 51 167 104 221 134 229 114 24 159 253 237
    133 76 193 54 206 11 168 119 238 240 235 85 97 223 253 231 126 20
    126 129 140 232 210 204 114 109 49 232 224 100 238 84 197 240 155 54
    242 143 10 219 51 204 150 181 199 42 209 229 244 172 198 220 91 166
    140 67 105 210 79 246 1 206 212 62 207 191 19 89 85 65 209 22 117
    156 188 146 47 185 202 154 150 117 100 26 8 81 106 183 40 29 13 18
    47 4 126 101 75 131 156 83 66 87 195 36 162 65 178 180 39 141 220 56
    225 5 6 183 206 250 4 28 8 157 92 255 88 253 123 74 37 224 25 108 52
    159 6 132 92 41 115 174 135 76 41 39 44 244 152 198 43 66 52 197 177
    143 203 154 43 132 79 88 221 81 232 247 103 143 193 25 105 224 195
    222 159 66 64 126 254 0 108 13 31 199 137 19 242 183 7 33 209 20 240
    13 10 75 228 26 8 212 233 138 151 49 45 226 150 63 207 82 134 70 237
    50 224 217 209 58 42 155 246 66 27 41 3 20 247 134 153 135 253 206
    97 61 223 58 159 196 12 125 99 2 193 118 221 181 22 63 99 243 194
    139 11 106 71 228 65 220 8 209 40 114 226 160 252 68 138 125 103 90
    27 22 115 101 29 242 90 104 30 72 178 78 121 92 110 57 233 153 41 50
    16 64 45 220 94 105 31 142 12 210 157 134 66 119 42 37 251 102 143
    171 42 110 60 204 16 242 169 203 59 193 60 133 107 109 29 46 223 127
    255 68 203 40 7 45 96 178 235 123 115 45 122 14 61 67 209 223 20 41
    58 93 1 123 30 119 55 158 104 8 229 120 81 116 55 182 113 173 80 29
    61 80 187 47 154 35 201 64 79 57 207 113 35 175 133 118 233 77 237
    195 132 0 172 195 212 119 101 231 207 189 56 226 169 14 243 229 246
    232 31 41 151 161 220 117 88 205 37 33 223 248 213 36 196 201 159
    150 168 21 57 88 158 231 2 44 85 75 30 61 113 134 233 38 126 110 48
    157 175 231 92 69 155 144 184 199 50 196 137 46 186 63 59 146 61 103
    220 171 69 58 89 0 112 7 168 90 235 32 87 218 206 99 224 82 217 7
    201 246 114 31 168 216 0 43 24 151 168 49 171 166 159 187 192 65 237
    237 213 239 226 239 115 126 192 101 124 167 87 217 20 43 97 29 176
    37 35 134 227 240 191 183 235 116 151 25 221 226 37 178 18 99 106
    161 184 164 166 240 202 158 4 62 147 87 169 226 179 25 204 136 49
    102 194 220 246 136 211 239 218 119 215 6 10 75 250 46 44 58 228 206
    46 100 203 117 91 6 162 65 59 164 104 99 186 113 195 43 147 91 201
    215 241 152 228 103 41 171 162 98 55 184 97 254 38 121 61 183 103 20
    72 133 104 141 190 147 33 146 247 131 84 166 146 98 211 125 177 94
    153 252 26 21 47 109 55 0 89 207 107 236 248 67 130 44 141 138 170
    252 161 39 26 174 58 149 251 151 115 180 163 204 196 223 219 176 236
    203 204 167 134 6 113 59 26 5 162 21 38 119 87 43 171 169 210 187
    101 56 244 96 209 216 86 170 104 227 176 110 96 105 160 22 104 2 251
    68 96 80 69 49 138 130 78 197 95 208 73 17 211 201 44 71 245 68 125
    61 165 115 223 109 221 231 174 61 41 50 110 158 32 135 155 25 65 162
    214 255 159 123 245 253 48 151 157 70 76 41 180 94 137 39 48 109 85
    129 184 177 182 155 5 225 143 53 144 67 222 138 190 248 47 181 75
    229 124 110 205 75 181 98 158 150 252 161 104 14 183 130 205 149 101
    206 149 212 26 77 202 112 18 212 67 155 209 38 119 89 94 126 169 46
    54 222 96 222 74 80 65 82 7 168 116 194 243 232 5 39 53 59 175 71 75
    50 160 160 36 121 173 135 177 157 62 174 115 65 142 207 19 213 34 75
    116 223 180 8 151 239 226 239 63 33 31 104 55 231 50 58 77 61 232
    136 10 229 41 15 229 177 110 93 1 217 45 35 195 59 143 212 187 222
    206 112 174 103 91 46 31 173 224 169 20 199 78 85 129 58 184 206 73
    156 74 2 215 253 198 231 12 232 17 196 3 222 37 49 45 186 52 217 42
    135 202 120 1 98 37 208 141 82 189 33 45 129 53 101 242 217 235 63
    236 2 228 41 32 176 25 102 102 131 156 108 109 190 9 78 22 27 43 175
    236 83 63 201 213 172 222 74 16 77 27 173 210 115 104 17 140 11 106
    171 28 23 241 60 177 231 119 19 54 37 240 216 153 80 240 226 12 172
    147 172 124 91 82 172 159 80 118 223 197 22 8 2 94 5 76 128 130 230
    37 205 158 176 6 210 43 131 97 24 174 60 200 100 76 41 192 245 4 240
    232 20 135 237 53 197 52 82 118 223 179 100 114 214 50 28 40 166 159
    90 186 48 174 6 148 238 76 37 112 244 42 82 220 159 240 157 192 71
    10 0 175 67 142 59 228 73 214 135 134 159 206 117 26 71 118 23 251
    42 193 201 222 34 176 103 230 76 164 146 57 65 78 101 227 16 130 11
    129 86 182 49 220 29 123 193 127 49 180 212 9 57 14 240 239 239 22
    112 246 3 73 188 14 67 158 77 50 99 36 3 228 190 90 86 44 168 133 84
    98 224 210 83 86 18 23 77 14 4 113 19 208 2 47 81 99 216 246 157 145
    97 105 24 38 33 182 200 97 31 245 85 95 223 54 154 176 53 66 146 110
    128 52 157 47 233 157 42 254 17 91 62 43 117 89 78 165 222 218 97 71
    145 59 101 46 100 223 228 91 121 244 237 31 3 209 185 255 220 191
    201 79 188 230 50 114 186 234 218 90 127 175 214 151 96 138 156 132
    86 26 126 88 61 197 222 132 42 94 205 78 241 160 158 220 169 242 40
    86 231 33 248 120 131 168 51 34 211 146 186 37 111 216 40 75 21 119
    50 171 158 243 18 35 47 229 216 92 19 44 174 145 15 45 143 166 129
    92 250 11 93 113 208 166 126 229 123 41 147 236 91 180 154 98 123 96
    152 29 191 158 38 91 224 1 154 180 77 174 65 107 152 127 13 195 115
    243 72 229 225 90 113 57 74 1 73 72 13 180 67 71 176 174 145 36 136
    30 170 134 138 248 97 115 238 56 125 193 209 189 93 254 252 116 33
    26 53 209 57 214 190 140 139 167 50 7 96 5 118 74 79 48 75 230 36 53
    68 198 205 219 100 242 250 7 167 232 75 183 47 192 197 148 207 154
    91 206 124 129 167 173 49 217 61 85 194 179 220 210 46 17 138 21 212
    121 213 210 60 212 130 58 119 128 102 8 22 68 181 21 201 139 248 11
    209 42 72 201 96 61 107 210 219 69 188 142 207 104 79 135 80 224 252
    219 140 33 134 153 28 229 253 148 255 186 72 24 9 197 99 176 204 165
    219 197 163 177 242 195 149 191 39 225 112 187 82 102 220 227 157
    120 31 118 166 91 120 108 198 130 138 152 26 34 229 237 205 86 117
    15 120 139 74 214 162 90 94 212 175 118 103 214 4 77 241 237 138 223
    26 64 112 198 49 127 88 248 104 203 33 114 35 99 102 70 228 103 160
    20 97 217 209 139 227 128 34 40 48 187 163 16 193 60 132 175 155 190
    74 250 90 243 249 104 100 177 187 200 199 187 86 90 120 210 161 210
    228 4 217 49 28 72 187 191 134 57 110 249 90 248 115 16 222 11 153
    189 43 188 39 163 48 48 194 107 16 86 63 72 201 89 48 103 195 123 34
    209 106 162 66 66 110 134 76 206 171 191 76 140 141 212 64 196 90
    235 122 43 78 101 70 21 30 247 72 182 221 183 109 75 129 119 138 104
    87 133 131 75 176 224 124 77 161 242 78 102 170 230 172 127 178 144
    0 177 90 153 151 169 78 43 4 217 134 181 143 243 43 175 59 101 32
    255 214 184 204 57 26 136 138 49 210 1 126 104 79 192 88 226 72 1
    155 106 133 234 194 7 212 38 106 164 113 63 220 110 194 184 97 53 33
    14 131 179 249 50 120 87 29 177 194 87 239 59 14 187 199 26 167 108
    180 27 63 242 33 122 214 120 96 166 163 154 152 81 137 186 54 203 71
    78 29 9 145 217 242 128 60 56 37 255 194 150 2 208 236 36 144 33 97
    184 178 141 4 170 179 30 147 104 40 238 137 149 247 47 189 239 40 10
    188 45 86 128 152 169 43 194 25 171 37 241 34 186 20 12 165 158 0 37
    138 19 178 157 139 228 90 169 48 61 15 67 42 240 75 182 156 253 52
    136 247 239 79 10 18 244 201 42 213 124 180 79 4 124 60 35 87 249
    152 118 14 180 250 144 159 1 224 239 108 81 24 250 183 88 160 190
    196 183 32 132 207 130 110 162 71 146 248 77 136 114 67 145 91 45 1
    253 77 69 216 52 30 69 138 78 250 229 193 207 34 15 50 46 54 5 164
    156 246 4 130 81 159 1 111 33 228 127 110 118 197 164 72 198 153 253
    225 173 47 139 212 144 101 152 79 75 30 198 87 158 135 24 117 59 15
    103 212 5 43 252 127 124 11 176 192 23 97 241 10 229 240 124 173 163
    131 1 67 153 43 80 41 204 237 158 209 234 18 111 243 182 24 131 153
    242 57 135 2 12 220 27 172 220 220 150 72 52 79 87 78 51 83 58 247
    131 243 248 99 183 227 223 242 254 150 201 196 148 39 75 201 204 203
    125 201 174 127 32 15 35 8 219 231 232 20 252 185 139 33 220 133 172
    81 33 249 44 26 5 217 107 0 188 117 192 18 73 226 184 66 134 40 225
    148 194 7 37 237 215 79 143 254 197 218 88 49 203 151 103 239 210
    186 142 156 93 36 168 161 79 107 85 249 59 168 9 83 190 223 188 122
    230 33 47 70 179 161 146 150 149 147 94 13 206 183 114 84 119 198 56
    130 156 208 36 124 181 184 199 10 64 157 40 237 193 10 154 181 158
    31 166 45 194 135 179 142 192 143 133 133 103 30 112 200 206 119 246
    244 162 150 5 176 208 243 225 248 134 245 253 68 82 237 48 21 63 22
    197 217 154 224 90 79 81 45 123 135 208 199 56 217 192 29 14 161 20
    52 243 228 98 82 189 203 180 104 99 64 65 141 61 223 88 230 118 127
    202 238 219 189 156 48 64 103 255 75 206 169 203 84 83 137 3 182 170
    193 229 255 245 204 52 226 185 176 195 1 74 155 222 79 239 177 171
    29 116 205 200 45 163 143 157 125 135 130 54 68 203 11 164 31 47 169
    18 126 223 137 103 109 249 234 126 192 24 221 49 15 70 136 5 68 18
    118 224 51 101 198 209 148 162 25 20 205 184 183 224 151 78 149 249
    18 22 76 246 35 67 246 219 194 217 8 48 82 143 153 168 235 198 46
    220 9 40 20 240 191 224 255 147 22 157 184 251 207 43 228 193 20 239
    228 19 99 31 87 65 131 55 50 243 61 104 7 188 154 134 113 224 144
    139 184 177 202 176 67 1 68 206 15 24 18 62 88 177 184 167 54 219
    164 26 64 229 36 176 189 1 175 170 177 131 212 136 179 100 77 13 206
    232 179 39 203 6 167 7 24 227 155 94 149 218 60 37 200 153 81 123
    242 133 252 27 56 103 205 157 235 63 220 90 197 110 45 181 248 95 51
    24 69 135 215 93 172 186 45 61 27 214 77 254 208 64 207 28 20 87 243
    175 184 11 10 228 127 234 211 151 2 120 89 124 35 89 160 128 192 122
    238 88 19 59 196 100 192 179 108 26 1 82 185 175 37 112 210 199 121
    186 24 75 118 106 160 92 101 87 76 115 100 207 116 186 246 70 46 206
    102 59 153 110 226 165 254 201 222 180 246 139 47 159 23 54 234 11
    198 123 23 60 98 63 16 191 194 0 137 130 229 25 170 237 229 156 152
    198 214 81 117 33 190 248 121 225 132 33 41 97 95 88 179 173 228 23
    199 73 218 218 144 73 51 254 123 55 29 50 9 92 94 7 174 201 22 86 7
    103 217 101 144 31 138 131 86 191 205 52 209 27 192 134 149 77 230
    17 45 31 86 181 132 40 218 184 180 245 132 30 124 81 195 38 102 127
    64 87 252 59 122 169 227 225 152 27 160 252 136 86 97 174 46 161 181
    116 11 143 216 175 108 177 168 234 29 7 77 91 79 4 115 22 66 242 34
    75 190 247 15 23 199 156 12 100 160 66 117 60 240 119 189 123 42 16
    121 89 84 15 79 114 89 132 115 134 1 123 113 37 178 99 160 24 135
    239 238 25 218 9 17 60 100 148 69 165 225 216 245 251 154 207 28 226
    24 55 163 52 159 84 218 214 29 241 108 225 245 86 251 45 44 127 86
    151 154 218 249 116 12 92 243 191 251 62 125 84 32 207 39 30 198 183
    117 221 217 199 162 83 39 153 204 116 139 119 235 120 85 140 229 76
    219 102 105 28 190 31 91 161 254 219 36 134 133 12 126 78 72 216 147
    62 84 214 63 228 101 147 187 245 150 44 133 30 225 78 166 232 144
    169 247 229 248 6 74 222 222 10 159 37 164 7 155 141 161 27 218 97
    160 150 36 121 140 71 241 81 66 96 5 51 248 79 35 2 0 223 207 220
    252 114 110 230 116 254 235 248 64 218 158 218 97 135 189 159 228
    209 160 165 127 135 118 203 242 53 229 201 153 229 171 2 193 44 240
    16 77 146 198 136 5 91 181 203 180 184 37 218 165 243 188 181 14 226
    191 204 99 74 152 21 75 198 160 185 211 160 92 246 183 151 190 33 14
    110 13 147 123 180 64 182 157 9 49 69 104 230 0 211 3 61 209 74 199
    233 95 211 80 80 173 241 249 83 125 135 174 79 1 143 104 92 18 199
    230 129 184 232 9 25 22 250 161 210 110 19 188 209 234 93 47 17 100
    74 35 149 49 184 107 184 92 66 30 57 227 47 82 22 179 28 251 143 62
    125 154 73 185 200 88 12 13 69 254 181 149 202 206 18 178 235 145
    151 95 7 228 220 150 234 29 59 147 196 0 194 59 37 141 225 250 12
    143 114 212 196 217 7 97 158 226 196 24 155 149 77 78 160 166 12 33
    145 238 60 124 251 212 94 184 249 44 80 234 183 145 150 36 25 38 124
    175 89 20 55 153 211 238 23 45 201 56 203 198 140 76 23 56 102 57
    189 106 147 37 21 127 53 14 10 51 215 0 42 52 98 142 94 246 40 17
    117 93 20 190 245 211 94 181 167 209 73 251 92 139 239 108 20 193
    145 67 226 78 235 78 226 104 214 175 175 253 20 213 59 213 128 17
    170 61 164 241 175 74 18 226 121 136 252 186 10 210 164 159 22 3 115
    15 169 211 232 193 223 221 132 122 18 120 232 136 189 179 192 178
    224 54 79 89 115 181 199 77 179 105 224 170 2 20 30 44 207 67 27 221
    240 194 2 145 80 150 247 10 193 99 27 55 84 25 199 77 250 166 174
    217 99 86 87 158 210 192 69 243 164 142 132 247 123 205 154 212 94
    75 205 212 20 231 118 30 165 84 73 56 90 216 190 88 86 59 218 233 63
    110 177 199 30 252 214 118 229 199 236 164 17 15 38 127 99 97 109
    124 5 113 152 131 152 30 141 56 218 60 92 15 195 100 159 165 53 129
    19 223 251 246 96 6 20 216 99 135 96 176 145 121 6 67 208 1 252 44
    107 96 186 105 91 106 133 194 186 19 67 236 98 28 167 242 217 124
    186 235 249 195 69 48 196 249 96 52 90 23 108 18 155 161 49 167 103
    135 113 184 121 153 70 216 49 112 190 111 163 70 156 232 38 243 228
    59 93 46 228 104 179 102 207 17 164 65 149 250 211 80 216 154 129
    100 160 242 122 181 8 203 119 185 210 16 38 249 31 215 133 187 67
    245 166 255 128 148 179 134 151 87 218 56 17 35 47 1 63 138 183 150
    125 184 72 236 72 171 25 107 216 124 22 232 30 203 43 36 112 201 179
    70 235 143 143 127 235 44 168 215 71 75 120 167 27 183 104 47 96 152
    241 50 63 66 246 24 61 156 36 188 209 111 17 37 81 62 205 227 30 212
    254 54 46 31 69 210 70 125 104 99 76 253 167 186 128 31 158 151 239
    175 220 135 108 5 128 13 135 104 108 130 65 167 248 146 239 251 220
    133 106 138 101 198 95 159 99 70 139 116 74 71 146 62 113 46 130 175
    174 182 135 85 185 254 245 1 176 36 149 111 239 73 58 146 191 108
    227 102 0 201 189 80 31 165 234 102 223 72 242 187 59 225 82 100 60
    221 28 68 191 249 187 197 60 114 250 42 11 186 120 132 91 200 11 119
    190 197 203 43 121 23 161 176 97 245 157 91 129 227 54 176 17 123
    182 105 189 47 200 30 105 232 77 220 133 60 156 195 190 209 222 161
    45 117 66 233 103 234 243 218 34 32 184 58 36 233 78 44 145 240 10
    184 20 227 27 66 185 197 75 82 166 166 14 165 131 124 172 63 5 150
    47 93 230 167 217 11 20 173 101 30 149 72 81 133 69 123 99 246 150
    64 209 199 20 233 253 221 38 7 190 90 166 234 206 113 72 235 171 93
    20 170 200 57 66 30 94 113 20 104 167 109 29 12 165 112 148 3 154
    183 182 39 14 106 130 152 189 101 16 52 56 42 99 21 237 20 120 5 214
    212 216 121 76 193 190 82 167 42 16 168 188 135 118 104 169 71 92 21
    174 216 52 69 49 112 100 27 154 169 122 64 4 67 215 251 150 245 213
    177 47 126 117 100 52 105 103 158 13 234 239 210 39 146 176 207 232
    111 144 241 115 145 105 94 231 227 235 160 111 225 191 187 108 24 10
    40 119 23 123 208 72 161 254 243 125 2 52 59 47 134 92 14 244 117
    123 30 217 39 105 100 235 159 122 186 129 219 213 24 72 109 209 93
    178 111 62 100 167 79 106 87 224 255 66 74 229 64 118 28 11 99 21
    240 104 186 113 201 39 170 239 97 7 200 26 237 250 241 23 255 220
    200 245 219 151 72 201 41 17 204 100 115 176 226 142 85 3 35 117 82
    252 33 210 93 125 172 83 186 208 223 182 136 230 95 145 88 179 179
    240 155 239 0 213 35 252 64 183 31 8 54 13 92 162 149 34 223 136 21
    89 51 27 48 167 89 88 219 233 131 166 7 79 223 80 180 208 122 96 213
    29 58 78 13 103 200 148 249 184 188 143 111 127 117 230 148 81 146
    224 78 79 42 174 247 156 73 24 69 195 64 252 68 163 147 227 89 223
    64 254 4 132 126 16 219 128 136 229 246 94 13 175 212 233 93 143 74
    106 4 128 253 62 131 24 119 70 227 202 115 252 46 136 45 190 129 202
    145 17 191 254 43 151 80 102 70 181 56 252 152 142 194 151 20 189
    187 118 131 44 138 184 108 171 252 243 188 2 177 192 251 254 213 179
    144 55 151 106 224 177 56 127 7 117 125 18 195 179 63 77 4 140 236
    221 220 218 71 197 77 187 201 81 9 141 145 164 22 171 192 115 249
    240 175 17 170 3 150 176 57 181 67 145 2 44 254 87 128 13 78 12 58
    11 25 82 80 135 134 227 236 207 225 5 111 12 241 53 156 159 62 240
    83 111 222 53 56 153 34 214 157 118 159 231 235 226 98 207 240 146
    14 184 197 178 143 69 214 219 181 210 209 198 60 60 103 240 5 13 228
    3 246 249 75 77 218 200 241 61 68 228 184 212 178 199 76 24 226 107
    79 7 149 2 1 148 180 120 203 45 10 243 113 29 29 208 78 227 2 6 64
    199 5 164 189 209 219 178 72 126 67 83 74 3 162 219 12 191 141 11
    127 111 90 189 100 165 27 226 109 160 68 209 194 47 206 164 215 47
    50 168 42 144 47 168 104 35 12 196 126 82 218 115 14 64 140 15 3 26
    10 156 179 228 68 94 11 148 127 154 104 30 91 209 165 64 187 59 82
    113 239 74 5 84 71 19 228 186 44 36 80 88 211 166 45 173 44 158 220
    54 144 76 140 170 95 252 185 119 99 189 159 98 113 128 241 151 89
    226 140 199 30 214 71 198 81 219 127 9 251 147 4 2 105 15 99 117 93
    36 160 105 90 106 9 139 4 64 18 213 74 152 71 137 212 0 133 5 139 93
    207 191 25 159 213 97 213 66 6 136 222 38 97 229 148 29 93 172 21 77
    238 67 19 4 110 198 87 46 108 246 47 42 250 229 175 163 156 146 61
    92 127 252 56 61 212 118 146 242 152 253 54 247 240 162 217 127 56
    169 77 177 14 194 59 86 47 33 194 119 229 182 154 198 50 107 66 229
    10 148 241 53 71 194 118 132 130 110 141 229 193 111 180 75 53 218
    92 19 7 144 119 254 0 20 222 121 101 157 43 135 31 133 154 47 183
    232 56 235 141 86 106 237 244 71 108 46 102 248 83 171 76 138 117 72
    141 143 234 151 113 241 163 214 249 249 229 62 2 6 18 241 43 95 131
    10 51 127 73 52 150 143 206 54 102 195 54 222 30 193 243 246 232 55
    18 87 172 47 230 227 12 150 48 155 119 236 223 67 1 192 247 78 123
    158 254 94 84 81 20 162 56 216 8 240 173 234 233 222 66 18 59 108
    186 9 198 88 93 85 57 11 35 33 57 12 132 38 139 172 11 236 170 243
    188 255 251 3 88 155 75 151 189 53 140 164 2 229 123 138 77 74 117
    61 237 253 141 41 225 105 170 217 204 253 68 150 175 201 30 117 209
    152 251 54 111 158 238 246 144 118 57 167 92 159 252 93 74 224 75 87
    205 96 13 254 187 45 15 216 168 247 167 174 48 216 49 75 179 248 186
    147 200 215 114 248 231 122 104 135 113 231 97 169 147 123 113 106
    147 117 166 128 144 187 93 36 67 32 99 208 116 250 25 117 204 68 126
    107 75 189 75 7 61 86 219 56 57 35 1 99 190 250 211 104 32 227 2 55
    225 142 121 142 207 2 184 233 136 50 96 13 189 178 104 203 47 147
    177 144 114 183 171 216 183 26 4 0 242 207 162 67 90 176 88 55 50 42
    102 77 8 155 72 144 70 73 208 232 155 254 156 8 94 79 128 190 74 172
    48 176 13 209 120 131 142 248 157 144 169 55 186 247 54 95 160 167
    178 86 153 63 130 22 223 48 104 114 21 230 172 231 16 95 215 79 178
    194 197 45 240 217 62 235 92 61 47 205 50 28 86 102 103 1 139 115 31
    165 142 200 122 181 25 26 108 29 177 145 115 72 47 38 242 244 113
    144 12 106 194 146 175 241 160 47 49 203 33 170 20 152 36 94 194 137
    36 70 85 42 188 16 231 73 168 114 208 165 58 151 125 85 201 83 116
    240 85 214 79 10 36 121 24 71 174 140 169 247 173 24 202 177 148 112
    44 180 52 111 25 250 187 29 131 7 13 11 42 107 124 86 102 201 90 152
    224 65 102 195 35 223 85 247 241 177 189 109 102 148 96 215 129 46
    174 130 228 151 99 118 95 237 179 239 110 22 32 73 68 18 113 65 147
    51 32 238 148 154 214 25 203 109 127 81 125 22 115 60 34 216 251 205
    210 12 104 203 63 176 114 142 46 105 99 23 223 69 3 88 30 16 181 4
    183 49 9 145 36 72 47 193 240 142 63 2 163 8 40 19 90 128 50 69 37
    88 85 20 252 206 160 152 26 64 15 74 39 34 202 84 7 135 132 242 231
    202 86 14 69 177 224 193 42 61 55 253 171 78 39 186 125 105 150 114
    201 161 242 102 100 34 160 209 44 142 254 215 138 154 7 73 84 124
    121 84 30 202 80 135 49 26 158 166 242 189 148 19 50 108 100 25 37
    129 14 247 203 236 60 251 47 250 123 61 108 45 202 101 226 221 169
    50 247 32 196 152 0 233 82 102 77 237 123 250 183 179 200 22 112 221
    69 246 174 8 5 184 200 73 48 196 167 170 21 241 200 154 47 81 188 18
    184 85 106 167 109 147 192 19 60 96 180 192 50 105 46 42 31 230 170
    166 220 97 51 108 15 186 156 239 228 162 176 178 107 177 91 40 149
    171 205 7 224 36 49 144 154 61 223 189 157 69 68 164 52 182 88 195
    210 9 4 198 30 231 16 228 73 146 112 34 36 202 23 118 38 102 91 144
    217 248 240 97 198 236 8 5 0 131 157 25 133 2 178 43 198 118 127 27
    227 121 2 147 239 213 194 180 229 148 183 36 19 225 100 153 94 19 67
    240 225 208 253 187 2 164 12 200 159 156 181 182 153 98 200 179 21
    50 201 176 52 183 187 15 117 242 104 86 85 118 233 7 117 142 151 98
    184 239 121 228 161 192 90 178 234 123 55 77 22 105 160 84 110 123
    50 206 80 182 214 213 228 4 136 136 23 80 173 210 238 152 204 194 10
    19 0 186 65 12 186 103 246 189 94 176 101 120 73 251 132 54 80 94 22
    146 96 242 230 69 35 111 10 62 12 234 200 250 179 64 121 243 48 123
    255 173 150 31 136 85 99 210 44 186 14 141 106 156 106 113 177 75
    134 95 142 196 14 49 225 87 42 236 208 229 148 97 11 233 227 87 117
    195 91 242 107 110 49 187 223 152 251 44 68 114 89 106 18 162 9 233
    141 70 156 141 10 81 17 206 251 124 204 233 75 191 234 231 199 118
    82 117 149 110 5 93 146 224 105 188 39 135 29 92 6 149 185 197 17
    142 174 83 50 221 173 243 233 203 200 241 113 214 86 235 232 118 151
    238 56 194 52 204 245 12 81 84 181 236 125 241 48 163 195 11 154 184
    189 176 205 51 27 239 231 218 238 222 103 112 178 162 29 208 247 165
    225 125 17 62 152 23 173 195 51 4 123 223 37 5 187 123 63 4 29 29 87
    87 67 231 234 95 12 246 202 188 107 144 11 103 134 98 181 104 218 98
    22 175 27 207 73 104 16 146 103 103 197 55 153 238 175 76 78 136 224
    45 39 233 10 5 147 16 173 191 62 80 60 235 56 58 132 12 198 154 146
    23 133 207 113 144 84 102 73 168 52 128 46 16 85 228 97 45 57 216
    187 57 18 143 253 127 187 209 165 235 209 213 183 149 80 41 208 235
    108 182 250 241 178 239 150 209 253 253 11 230 81 224 49 4 43 170
    181 254 226 161 141 192 236 198 191 8 101 235 55 208 59 52 142 144
    168 149 47 112 21 94 65 233 233 171 228 79 146 230 241 117 109 198 4
    163 200 114 30 22 72 209 224 64 15 254 225 207 192 148 174 208 168
    118 46 15 93 102 104 77 228 187 69 189 181 208 142 196 121 145 95 84
    26 127 95 4 27 126 25 227 96 246 165 239 11 173 155 8 170 32 25 176
    235 245 203 90 34 110 170 67 226 132 169 239 163 114 62 208 136 19
    74 79 77 106 218 22 214 82 122 105 238 61 163 53 116 19 46 109 115
    10 226 114 234 140 11 75 86 107 239 50 191 56 204 150 17 161 81 14
    60 11 228 205 1 68 231 44 178 240 59 172 30 101 197 191 186 67 55
    109 254 72 22 56 99 168 131 63 195 86 3 244 182 17 67 82 98 186 225
    190 81 133 200 221 30 120 108 53 121 118 35 127 116 186 200 65 55
    250 199 239 159 201 230 206 149 118 162 227 251 14 130 7 187 102 98
    75 187 46 223 118 52 34 233 228 54 22 103 87 45 71 226 236 117 176
    49 51 218 255 174 225 126 28 18 214 39 64 149 75 103 35 211 12 37
    132 148 238 169 47 114 42 119 42 214 42 88 206 59 99 218 43 84 50
    133 134 31 223 220 176 201 11 253 197 199 243 105 225 15 164 96 77 7
    170 127 39 237 32 127 212 171 18 112 182 16 208 111 152 147 141 174
    150 203 112 144 54 85 81 86 249 62 124 167 175 234 47 162 54 173 27
    201 255 57 161 28 96 124 127 136 176 66 119 89 139 247 31 11 255 27
    241 181 240 109 201 79 56 187 224 65 33 220 84 27 115 97 114 70 51
    65 245 121 204 132 168 83 171 221 103 52 42 193 252 188 55 98 186
    140 151 193 15 190 91 92 27 249 128 31 124 234 147 234 23 219 133 80
    53 212 22 255 104 101 21 170 241 116 2 151 184 155 143 189 128 2 140
    21 136 167 193 81 135 27 183 36 219 32 77 28 125 115 55 80 164 147 8
    51 247 196 147 210 135 40 55 81 234 20 64 14 102 218 238 122 135 149
    181 200 47 224 89 27 7 138 103 73 39 240 170 194 29 241 83 222 40
    110 110 80 208 35 90 140 34 187 141 245 128 136 95 236 41 239 34 179
    203 69 40 250 132 109 59 219 117 71 189 81 27 228 105 38 124 244 65
    13 190 152 227 117 160 158 146 82 214 190 195 104 14 178 46 97 31
    240 183 161 202 170 233 240 86 5 181 26 133 123 234 149 63 60 142
    224 210 253 187 51 114 132 239 120 159 47 204 147 63 83 203 241 5 4
    246 38 108 238 221 104 187 13 59 94 118 208 83 115 230 80 78 227 44
    219 199 82 77 186 208 241 138 41 108 235 201 17 190 217 202 127 15
    255 34 39 226 234 157 216 171 42 146 107 227 105 89 180 202 39 158
    254 62 242 41 69 101 178 123 144 179 201 190 124 38 181 156 62 24
    124 126 233 54 113 141 15 201 166 4 93 90 30 58 65 56 135 91 8 33
    100 230 126 10 105 242 177 46 149 155 182 13 131 165 63 246 20 108 7
    236 12 150 204 254 79 34 218 131 94 44 80 114 154 12 72 243 243 4
    112 22 141 51 1 190 141 157 112 64 64 228 70 39 198 183 70 93 126 38
    165 45 113 213 203 137 1 84 147 96 72 64 28 233 207 253 84 247 126
    13 119 103 103 212 183 102 108 20 0 140 246 20 22 138 147 177 68 239
    231 93 111 138 133 202 136 69 33 130 162 210 11 148 56 84 249 158
    108 14 167 42 171 58 215 11 68 209 137 243 9 232 134 58 54 91 97 51
    189 160 30 163 148 103 177 15 36 87 150 179 122 18 166 136 168 2 206
    249 50 202 237 88 222 168 6 147 121 211 110 70 214 232 117 109 191
    167 156 192 98 190 35 213 102 201 234 170 172 182 215 167 186 107 35
    52 64 171 147 17 192 169 77 34 138 73 249 54 56 248 102 119 11 118
    26 7 109 46 45 171 223 91 110 52 7 251 181 3 184 103 192 70 151 107
    129 245 24 130 110 170 254 134 154 150 21 193 4 146 227 166 16 249
    147 16 166 178 222 75 152 160 182 236 40 148 55 238 168 201 218 231
    237 171 224 241 39 186 107 29 242 228 88 81 175 44 24 114 249 173 44
    164 26 194 240 39 16 146 17 62 93 4 215 208 119 134 41 182 149 71
    108 86 199 191 57 230 51 190 50 161 14 26 87 1 168 128 61 82 194 180
    204 105 42 7 100 7 15 7 156 210 0 207 174 220 182 98 28 246 9 58 18
    8 46 47 7 76 161 73 172 243 44 236 140 133 183 122 245 97 74 38 150
    190 20 45 224 253 142 36 237 204 154 95 136 59 18 195 234 141 233
    110 196 255 192 0 134 129 60 231 203 8 41 31 193 183 49 200 54 72
    183 90 206 111 129 67 52 12 245 28 80 177 140 135 116 108 213 242 93
    244 68 153 42 100 143 205 162 231 76 102 45 129 200 116 168 71 16
    223 57 236 239 213 242 69 15 86 27 183 168 186 222 178 127 20 202
    127 204 248 134 228 254 3 156 117 146 184 192 214 119 238 225 56 246
    52 148 95 59 40 248 155 15 161 116 122 248 28 199 164 202 87 194 71
    180 60 10 224 170 4 194 75 164 80 121 172 251 72 191 168 129 37 183
    85 25 113 10 3 139 187 106 136 189 242 217 108 27 191 46 226 244 254
    237 130 172 155 69 32 238 146 54 156 184 51 209 12 100 185 239 248
    115 192 24 250 99 220 22 13 39 204 1 113 183 113 79 46 21 239 178 57
    115 227 133 206 117 252 112 113 194 242 26 97 215 12 174 82 197 203
    214 88 244 57 217 214 41 180 23 95 82 135 7 192 91 129 4 131 202 21
    207 147 0 198 70 103 65 242 170 176 185 187 129 252 83 57 130 30 183
    137 138 5 137 219 73 20 0 35 223 30 179 240 236 47 193 110 83 66 145
    93 15 67 38 250 200 78 218 244 247 108 201 18 108 158 172 224 69 7
    168 200 121 41 58 77 192 223 170 177 222 116 87 96 55 241 135 20 41
    69 141 97 173 85 67 66 67 66 239 172 210 34 183 190 45 44 255 238 87
    195 16 52 116 166 93 198 9 126 16 128 100 62 245 221 155 203 128 57
    184 110 38 40 96 125 92 37 0 50 168 59 172 205 34 210 160 66 19 34
    91 57 170 248 5 135 68 241 217 174 65 240 123 223 139 242 77 106 35
    161 195 124 164 169 167 125 235 116 127 215 100 251 223 156 232 82
    140 77 105 200 194 10 244 146 38 20 199 117 209 72 108 234 61 176 8
    222 67 107 212 98 99 126 147 38 74 121 214 237 140 202 230 233 194
    182 110 194 21 168 143 53 86 21 83 23 68 133 153 206 203 195 226 50
    189 7 224 77 141 171 153 222 67 138 143 58 190 75 108 146 88 253 16
    134 28 24 72 245 145 108 9 7 168 227 227 8 200 187 27 71 224 165 138
    127 255 147 164 176 29 74 24 123 88 72 10 52 214 221 102 135 27 69
    239 43 168 81 4 236 99 212 177 230 87 52 80 217 41 21 126 138 30 48
    238 234 71 234 151 183 228 133 210 62 71 7 37 99 152 61 167 0 117
    155 230 123 166 126 141 159 196 56 129 102 229 151 244 108 101 14 13
    117 112 140 150 107 209 109 66 237 226 152 211 219 89 120 20 224 179
    136 105 86 79 224 84 21 235 241 75 183 158 213 9 205 33 103 159 35
    250 21 15 41 175 199 39 43 185 65 168 229 39 85 93 152 114 69 224
    166 220 240 107 90 159 17 83 78 23 34 223 228 182 23 131 50 151 35 5
    175 172 73 27 14 44 181 154 133 67 5 157 79 227 17 55 138 104 79 34
    78 106 228 171 34 189 127 230 5 96 47 137 7 129 187 6 7 156 249 211
    4 29 87 3 190 249 41 163 67 115 55 36 2 122 115 191 101 57 78 60 160
    146 194 76 111 80 40 142 245 144 110 194 104 169 133 232 235 22 223
    242 36 213 227 239 120 128 179 185 11 137 217 113 231 122 71 168 93
    15 146 172 99 122 183 188 117 74 52 1 76 160 161 166 111 155 44 23
    221 212 192 145 39 187 181 212 147 73 105 250 15 113 2 209 166 55 86
    105 121 124 107 193 155 66 66 95 235 143 13 160 221 70 100 238 79 0
    234 58 164 187 223 77 22 7 203 214 210 206 153 65 33 40 245 48 225
    146 212 207 239 93 243 159 87 124 47 204 43 222 116 211 208 221 16
    143 235 172 173 255 143 101 56 231 193 210 154 85 66 193 67 237 247
    64 163 74 85 113 93 55 79 238 197 208 74 23 5 22 59 247 221 9 164
    219 38 78 90 121 98 11 23 138 181 223 24 129 49 64 239 148 178 132
    106 24 163 171 180 205 147 249 56 36 15 142 100 13 102 131 174 9 136
    78 184 16 76 30 109 10 223 66 229 191 242 35 206 174 228 153 151 142
    22 42 14 155 106 82 132 190 98 83 124 43 240 131 247 244 146 44 236
    107 51 163 240 225 11 157 183 220 40 115 181 201 70 126 127 249 251
    185 163 179 8 158 7 52 70 91 148 76 213 229 197 213 224 7 74 19 206
    147 92 33 92 238 44 29 120 213 236 108 241 126 160 188 162 143 75
    142 198 113 71 199 134 114 128 195 33 217 134 15 123 21 240 229 87
    226 2 84 63 0 7 64 241 247 86 158 37 133 173 139 76 247 234 196 177
    187 246 145 125 41 188 133 230 31 179 216 56 150 158 231 1 181 52
    106 51 112 232 235 102 118 2 134 37 168 191 7 153 113 145 38 8 49
    199 244 18 117 28 142 235 27 46 187 147 185 60 53 141 28 211 88 211
    166 156 238 55 159 177 178 159 83 110 9 76 18 81</data></test_img>
<my_img type_id="opencv-matrix">
  <rows>128</rows>
  <cols>256</cols>
  <dt>"3u"</dt>
  <data>
    162 255 58 0 0 0 255 0 255 164 0 0 0 255 244 122 214 188 54 255 255
    0 18 255 41 255 255 0 54 138 255 0 0 0 255 255 0 0 255 0 255 84 148
    100 192 209 138 255 0 255 80 0 0 0 255 239 255 0 0 0 44 0 0 171 0
    255 255 111 0 0 255 255 255 0 0 0 255 0 255 0 55 255 255 255 255 0 0
    0 255 167 255 170 0 108 255 255 255 0 130 0 0 0 0 255 0 255 0 255 0
    255 0 255 0 255 206 179 0 255 0 0 0 255 255 120 0 0 255 152 255 0 0
    0 1 0 25 0 255 255 255 0 255 0 255 0 255 255 255 255 0 0 0 24 220
    255 255 255 255 255 255 0 0 255 255 0 209 0 255 255 0 0 255 255 255
    46 0 0 124 255 255 255 255 255 255 255 255 0 0 0 255 255 66 255 226
    248 255 255 0 0 84 255 255 255 0 0 255 0 178 225 0 255 182 255 0 0
    255 0 255 0 0 0 255 0 255 75 255 255 255 255 255 156 67 0 0 0 0 0 43
    255 255 0 0 0 255 255 255 0 0 0 9 224 255 141 255 17 0 99 255 0 0
    148 255 0 255 0 155 0 96 255 0 0 255 255 255 255 0 0 0 255 123 0 0
    180 255 90 255 0 255 0 255 255 255 0 255 255 247 207 255 180 147 0 0
    255 255 255 0 255 0 255 102 255 0 0 0 255 255 255 189 255 255 0 255
    13 255 17 255 0 255 0 134 0 0 0 255 255 255 255 0 255 0 88 0 0 0 0
    255 255 196 170 255 255 255 121 173 0 0 206 126 255 255 244 255 53
    255 0 164 0 245 0 255 255 255 255 0 0 0 0 0 255 255 255 255 255 0
    255 206 0 0 0 255 104 255 0 27 255 255 255 0 0 0 255 0 255 0 0 255
    255 255 0 255 255 0 0 0 0 0 7 255 255 10 255 0 175 255 127 0 80 0
    255 0 143 151 0 255 0 255 0 255 0 255 255 0 255 255 0 165 0 0 0 255
    255 0 255 0 37 255 214 255 255 255 255 112 110 0 0 0 255 0 46 40 249
    0 255 0 255 0 198 0 0 0 255 0 208 255 197 0 0 0 0 0 255 255 255 0
    255 255 35 0 0 255 255 63 0 0 255 255 255 0 0 0 245 255 255 239 255
    255 236 255 0 0 0 255 255 255 255 0 255 0 174 231 255 93 0 0 0 0 255
    0 255 0 0 255 255 213 0 0 255 255 255 255 238 255 0 0 0 0 255 255
    178 0 255 0 255 0 0 0 255 255 255 255 255 61 255 0 255 0 255 83 255
    0 0 255 255 255 221 0 0 223 77 255 0 255 84 0 0 255 255 255 0 0 0
    255 255 0 255 255 255 255 255 255 136 0 0 255 0 255 220 255 136 0
    255 255 255 154 0 0 20 255 255 0 0 0 255 255 255 155 255 255 0 255 0
    255 0 0 48 177 255 255 0 255 0 255 0 0 0 255 255 255 255 0 11 255 0
    255 0 0 214 255 255 0 0 1 255 119 0 255 255 0 0 0 255 120 255 0 255
    0 0 88 0 255 255 255 0 0 255 155 0 0 0 0 0 255 85 255 255 0 0 255 77
    150 0 255 255 0 0 71 205 255 161 255 251 180 111 0 0 146 199 255 0 0
    255 255 255 231 255 0 255 0 243 0 255 255 255 255 0 255 0 0 0 255
    255 0 0 255 255 128 0 231 255 0 0 0 66 255 0 0 255 255 255 0 0 0 0 0
    255 255 0 255 0 255 0 0 255 255 255 0 255 255 245 0 255 255 69 0 255
    255 255 0 0 0 138 255 255 0 0 0 52 0 247 255 255 0 0 255 0 255 0 255
    0 255 255 255 142 255 0 168 0 255 255 240 255 255 98 255 96 220 225
    255 255 135 0 255 0 0 0 255 255 255 51 239 0 255 255 0 0 174 255 0
    255 12 143 255 255 0 0 0 151 0 255 103 87 255 0 255 0 0 0 0 0 255
    255 255 0 0 179 162 184 0 255 0 255 7 174 255 255 0 255 0 255 0 255
    0 255 0 255 39 41 255 255 0 213 0 253 255 128 0 0 255 255 255 142
    255 255 255 156 0 255 46 164 0 255 255 255 0 255 0 255 0 255 0 0 223
    0 0 255 255 255 0 216 98 0 0 0 0 0 51 124 196 0 0 132 0 255 0 0 0 0
    255 0 255 0 255 255 0 0 0 255 165 0 0 0 255 0 255 0 255 255 0 255
    255 255 255 0 255 0 255 255 255 0 0 179 255 255 255 0 0 0 0 255 0
    255 0 219 0 255 255 255 0 162 141 255 255 0 0 0 255 255 255 83 0 255
    0 255 0 255 255 0 0 0 38 0 9 255 255 255 255 0 0 94 255 255 255 44 0
    255 111 255 0 0 0 255 0 255 255 0 0 255 255 255 0 255 0 198 255 255
    0 0 255 162 25 255 255 0 0 0 255 0 255 237 255 0 0 87 255 255 0 0 0
    255 80 255 255 0 0 0 0 0 255 0 255 237 0 0 255 255 0 255 255 0 64 0
    255 17 255 0 255 0 242 255 255 0 0 0 255 255 255 255 42 255 0 164 0
    26 152 255 255 255 0 255 28 0 255 255 255 0 177 255 63 0 133 0 255
    143 0 0 0 255 255 127 255 0 255 255 0 0 255 255 255 7 255 255 255
    255 255 255 0 0 255 0 85 213 0 134 255 0 0 0 237 224 255 255 255 0 0
    255 0 255 84 255 0 255 0 255 0 255 0 255 0 0 255 255 255 255 0 255
    203 0 0 0 255 127 255 0 255 115 255 186 0 198 27 0 255 0 113 0 255
    255 0 0 90 0 0 122 255 255 0 0 232 255 255 0 0 38 255 255 255 115 0
    0 255 255 255 255 0 199 0 197 255 0 0 255 209 0 0 0 255 255 255 0 0
    0 0 86 255 0 110 0 255 0 0 255 44 0 255 197 255 0 0 0 240 255 174 0
    255 255 82 0 0 255 43 255 0 255 0 0 255 255 255 0 255 0 255 255 255
    0 255 0 255 0 255 0 255 255 255 0 0 0 0 255 255 255 255 0 0 255 0 0
    0 255 127 0 255 11 0 0 0 255 98 0 202 255 42 0 0 255 167 255 93 127
    0 0 255 0 0 13 255 255 255 0 0 0 126 255 255 201 255 255 255 15 11 0
    0 50 163 0 116 255 255 255 0 255 255 255 255 0 0 255 255 255 255 255
    235 255 0 222 0 255 255 255 255 255 0 0 255 255 0 0 127 255 255 0 0
    0 255 0 255 0 103 255 0 0 255 55 255 3 63 182 255 0 0 219 0 255 0
    255 92 255 0 255 207 255 0 0 255 255 203 103 255 255 255 182 255 0
    255 45 43 0 255 197 255 103 255 0 0 255 0 255 0 0 0 84 0 24 255 0
    255 97 255 0 0 255 255 255 255 0 255 255 255 0 255 255 255 0 0 255 0
    255 255 255 0 255 0 215 0 183 255 255 255 255 0 184 0 255 0 232 0
    255 255 0 0 255 255 0 0 255 0 24 0 0 0 0 0 0 0 0 255 128 255 0 0 255
    255 255 255 222 255 112 0 0 0 255 173 255 0 255 255 255 255 202 0 0
    0 255 0 223 0 255 0 0 255 255 0 79 255 0 255 0 0 0 0 255 255 255 139
    0 0 0 255 255 0 255 0 0 0 255 255 255 251 0 0 255 22 0 0 90 255 0
    162 255 255 255 0 255 255 56 0 0 255 0 0 255 0 0 0 255 0 255 0 255
    255 255 150 0 255 0 255 0 255 0 255 255 117 0 0 0 164 159 255 0 255
    255 0 0 255 255 111 0 0 0 255 255 255 0 0 0 255 255 255 0 0 0 255
    255 61 0 178 0 255 255 130 204 255 0 0 255 143 0 255 109 255 0 255 0
    255 255 236 226 0 255 75 0 255 255 255 234 0 89 255 255 159 0 255
    255 255 0 255 255 101 255 0 255 255 255 0 0 246 231 0 79 0 255 46
    255 0 0 255 255 0 0 0 0 255 0 255 135 255 0 210 0 0 46 0 255 0 255 0
    255 0 0 0 255 255 255 250 0 240 255 255 255 0 0 255 255 204 255 0
    255 0 255 255 255 0 0 46 255 0 0 0 0 1 0 255 0 154 0 255 255 0 0 0
    150 0 255 0 255 0 0 255 0 255 0 187 0 255 255 0 0 10 255 5 222 0 0 0
    255 255 212 0 0 0 0 255 0 177 255 0 0 0 255 255 249 0 0 255 255 255
    255 4 102 255 255 0 0 255 254 156 255 202 38 0 0 0 255 0 255 255 176
    0 0 255 255 255 189 0 0 255 255 177 0 181 255 255 0 0 0 255 0 204
    131 255 0 255 0 0 0 0 255 0 146 255 255 255 0 255 36 255 255 255 0 0
    12 152 79 255 0 0 45 255 255 255 255 0 219 80 0 255 0 255 0 255 0
    255 255 0 255 174 0 0 255 40 255 0 198 209 255 0 0 238 255 18 0 0
    255 255 255 255 255 127 0 102 0 255 0 255 0 0 255 0 42 0 255 0 0 0
    255 255 156 0 237 0 0 255 213 0 255 0 131 0 255 255 255 255 0 0 255
    255 0 0 255 139 255 0 0 255 0 255 0 0 0 0 16 0 0 255 255 0 255 0 255
    0 255 0 255 255 255 22 255 0 0 0 255 255 0 0 255 1 255 9 0 255 0 255
    255 255 0 0 48 0 255 255 255 0 255 0 255 0 0 0 255 255 255 255 0 255
    0 255 0 255 0 255 0 0 255 226 255 0 0 255 255 255 0 255 0 0 255 130
    0 255 45 0 0 255 0 255 0 255 0 255 138 0 0 255 0 0 255 7 255 0 255 0
    255 0 0 255 140 0 0 255 255 0 255 0 213 71 255 255 255 0 0 0 0 0 38
    0 0 102 255 0 255 255 0 255 0 0 0 255 255 0 183 255 200 0 0 0 169
    255 0 0 0 0 0 255 255 176 160 0 0 0 255 196 30 0 62 255 255 255 95 0
    196 0 175 198 0 0 255 145 0 255 0 0 180 239 203 255 255 0 0 198 104
    255 0 0 255 255 0 135 255 239 255 152 255 0 0 0 255 255 255 0 0 0
    243 0 17 255 255 90 179 255 0 255 0 255 127 255 0 255 255 255 255
    255 0 0 0 0 0 0 255 255 0 201 0 0 255 0 0 0 0 171 255 184 177 0 0
    255 148 255 0 126 231 255 255 255 0 0 135 0 217 0 0 0 249 255 255 0
    0 0 255 11 255 0 0 255 0 114 255 255 255 255 255 0 0 255 255 255 0
    255 0 255 255 0 0 0 255 255 255 0 0 255 0 255 0 255 182 0 255 0 255
    255 255 255 71 255 0 255 0 255 255 0 0 31 255 81 255 0 255 255 255
    255 255 15 0 0 80 255 255 0 255 255 0 214 79 255 255 0 255 255 255
    255 0 0 255 0 0 0 131 255 0 19 255 255 0 255 0 255 0 255 0 255 78
    255 0 255 255 255 0 255 255 0 0 0 0 0 255 255 255 0 255 0 255 0 0
    255 255 255 255 79 255 0 0 0 255 255 255 0 32 0 0 255 0 0 255 0 0 0
    57 255 3 0 0 255 0 15 0 0 255 255 255 0 0 0 255 255 0 255 193 0 0 81
    255 225 255 0 0 255 255 255 255 0 81 0 27 0 56 0 255 0 0 0 255 255 0
    0 255 39 0 255 0 75 0 0 0 255 255 0 255 53 208 0 0 0 0 255 255 149 0
    255 255 255 2 0 189 166 255 131 130 0 147 255 0 79 255 255 255 255 0
    255 0 255 0 0 255 194 255 0 255 255 0 255 255 0 0 54 0 0 0 0 142 146
    242 0 208 0 0 209 255 255 255 255 0 95 0 0 255 255 255 255 0 0 255 0
    0 0 255 0 255 0 255 255 255 0 255 184 0 21 255 200 0 0 0 0 255 255
    255 255 255 93 77 64 255 0 0 255 255 0 0 0 255 255 192 0 170 255 0 0
    0 255 255 116 0 175 0 255 0 255 0 255 255 255 52 0 255 0 34 0 255
    255 255 255 0 238 255 255 255 255 0 0 0 255 255 255 199 226 81 0 0
    255 255 255 0 0 174 255 198 255 0 255 255 0 0 26 255 0 0 0 0 255 255
    83 54 255 0 0 255 255 255 0 0 0 255 0 0 255 255 255 255 0 255 0 255
    255 0 0 200 0 255 255 0 0 0 255 255 255 255 186 57 0 255 94 255 255
    255 142 0 0 0 0 255 0 255 0 255 155 255 255 130 0 0 0 0 0 0 255 255
    103 255 255 255 44 0 0 255 255 0 0 0 234 249 255 190 141 0 248 255 0
    255 255 88 255 163 0 214 0 255 0 255 4 212 165 0 0 0 255 0 255 0 255
    0 0 0 255 0 0 0 255 255 255 255 0 0 0 255 255 255 255 0 0 255 0 245
    80 0 195 0 255 255 0 0 0 255 0 137 255 255 255 191 0 255 255 255 0
    255 0 255 255 255 255 255 12 0 255 14 255 255 72 255 255 0 0 0 255
    255 65 0 0 255 0 0 255 132 255 255 0 249 0 0 255 0 0 0 0 255 0 201 0
    255 0 0 255 0 255 255 255 136 255 0 98 14 0 157 96 255 0 7 0 0 169
    255 255 255 255 255 0 0 0 255 253 255 255 255 0 255 0 255 0 255 255
    0 0 255 255 255 255 218 87 255 0 0 0 255 0 0 255 0 255 0 0 0 255 255
    255 255 23 0 0 255 0 0 0 255 255 255 0 133 255 0 0 0 255 0 177 0 0
    245 255 255 72 0 0 255 255 255 0 213 0 0 0 255 0 255 255 255 255 0 0
    0 255 255 255 255 255 0 0 0 0 19 0 255 80 255 0 255 0 255 0 0 255 0
    88 0 255 255 255 255 0 0 255 255 68 44 0 0 255 255 255 255 0 157 0 0
    183 255 255 0 0 0 255 234 255 0 0 0 255 0 255 184 198 179 255 255
    255 0 0 0 12 0 255 255 255 255 22 85 0 1 0 167 0 0 255 8 255 0 0 0
    255 255 0 0 54 255 199 0 255 255 255 255 0 255 255 102 226 0 0 0 255
    255 0 225 0 98 0 0 0 0 84 7 255 255 180 200 37 0 0 0 0 0 0 0 255 0
    255 25 0 0 104 0 0 255 201 255 0 0 255 0 241 255 0 112 0 255 255 0 0
    0 116 255 255 42 0 0 0 255 0 0 0 243 0 0 255 63 0 148 255 0 0 0 255
    0 108 0 0 0 255 0 136 0 255 255 255 0 0 203 255 0 255 0 255 0 255
    255 240 255 61 0 203 255 255 150 255 0 0 208 255 0 255 255 255 255 0
    245 255 0 255 255 255 0 0 255 255 255 255 255 0 0 0 255 0 0 0 0 159
    255 0 206 145 255 255 0 0 64 255 218 255 255 255 174 0 0 25 184 255
    0 255 255 112 255 0 255 245 0 0 34 255 0 143 0 255 255 255 0 0 71
    255 255 0 255 0 255 0 19 0 255 181 126 0 0 0 255 163 0 254 255 0 0 0
    255 0 255 255 8 0 0 135 0 0 255 0 142 255 249 0 0 0 255 255 255 0
    255 255 255 255 0 0 0 0 30 255 255 255 15 0 255 0 255 0 255 0 0 0
    255 255 15 0 81 255 255 255 255 255 0 0 29 255 0 209 255 255 0 106 0
    0 0 255 187 118 0 255 255 255 0 0 0 255 0 255 255 0 255 201 255 255
    175 85 0 0 0 0 255 222 255 0 255 206 255 68 255 0 255 0 0 0 0 0 0
    255 0 255 137 255 0 0 193 0 24 255 0 0 198 93 255 0 255 255 255 0
    255 0 255 0 147 255 213 0 0 255 0 106 0 0 255 255 255 0 0 0 0 255
    255 255 0 255 0 145 128 255 40 0 0 255 255 0 0 83 0 0 0 255 0 0 147
    255 117 0 255 0 255 21 255 0 255 255 0 255 0 0 0 255 255 241 29 0
    255 255 255 142 96 0 0 255 255 255 73 0 0 169 255 255 212 255 0 0 0
    0 76 255 255 255 0 255 44 255 255 0 160 0 255 44 255 7 0 79 53 255 0
    0 0 0 86 255 0 255 255 255 255 242 255 47 193 255 142 0 0 0 255 210
    0 255 255 255 0 0 193 118 255 0 255 152 255 255 255 0 255 115 0 0 0
    255 255 173 255 255 0 0 0 255 255 255 0 0 255 0 0 0 232 255 0 73 0
    255 177 255 255 0 0 0 135 0 255 0 255 0 0 37 255 255 0 0 255 255 207
    255 0 105 0 221 54 0 0 0 0 235 128 66 0 0 255 255 107 0 0 255 0 202
    0 255 255 32 255 0 0 0 70 0 255 0 0 255 0 0 0 255 255 255 255 0 11 0
    70 255 255 255 255 255 0 255 0 0 255 255 0 0 0 255 74 255 0 127 0 0
    0 0 0 127 255 0 0 255 0 255 0 68 255 255 66 77 0 0 0 0 255 0 255 255
    0 0 107 255 255 0 255 255 0 255 0 175 186 255 0 0 255 255 0 0 238 0
    255 0 60 106 255 0 238 0 239 0 173 0 255 24 255 65 255 255 0 0 0 0 0
    0 255 255 132 0 0 255 255 140 0 255 255 255 0 0 202 0 216 0 109 0
    255 58 0 0 248 138 255 255 0 0 255 255 255 88 0 244 0 0 0 255 0 152
    0 255 0 255 138 0 255 255 0 0 255 255 255 255 0 255 0 0 255 6 0 0 42
    255 0 0 0 255 142 255 0 255 255 255 255 0 0 223 255 101 0 25 235 0
    255 245 255 92 0 0 0 255 255 0 0 0 68 0 255 255 0 0 0 255 255 0 0 0
    255 0 255 151 255 255 49 0 255 0 41 0 255 152 255 205 0 122 142 0
    239 53 27 180 0 255 0 86 19 0 255 255 58 0 0 255 255 0 255 255 255 0
    58 255 255 255 0 0 255 0 255 255 255 255 135 231 255 0 255 255 0 255
    255 255 58 0 137 0 94 255 34 0 0 255 255 255 255 106 255 255 0 0 0 0
    255 125 0 0 0 255 255 255 130 0 226 255 255 255 0 255 0 0 255 255 87
    255 0 255 26 43 255 8 0 0 255 255 255 0 0 0 0 255 255 163 0 55 0 0
    187 255 255 255 0 255 0 255 255 0 243 67 255 63 2 169 68 27 90 193
    255 0 178 0 0 255 0 255 129 255 255 255 196 0 255 255 255 11 0 255
    255 0 255 0 0 0 255 255 0 255 0 255 255 0 255 0 255 116 0 0 136 255
    228 255 255 255 0 5 0 255 255 255 0 255 255 255 0 140 255 255 0 255
    255 255 0 0 0 255 255 0 0 255 255 255 255 196 0 0 0 255 77 255 112
    255 0 0 0 0 255 39 255 0 27 255 0 0 0 255 0 0 255 255 255 0 0 0 36
    255 255 255 255 117 255 0 225 255 255 55 9 0 255 229 255 39 255 255
    54 0 0 255 255 255 0 255 0 71 255 255 0 255 255 255 0 0 0 255 255 0
    0 255 255 255 0 0 126 255 255 116 1 0 255 255 255 255 0 255 255 255
    0 0 0 163 255 255 255 0 0 0 255 0 255 255 255 85 0 0 0 255 0 255 0
    255 0 0 0 210 255 255 0 0 0 108 0 255 0 255 255 0 255 0 255 0 0 0
    255 255 134 98 0 255 0 255 20 255 0 0 255 255 255 0 0 0 76 0 255 255
    255 134 0 255 130 255 0 0 0 255 0 255 255 0 0 255 100 127 255 0 255
    255 173 0 87 0 0 255 255 255 255 0 255 0 0 0 0 255 255 255 255 49 0
    0 255 0 0 0 222 255 0 255 0 21 255 106 255 0 247 255 255 0 0 0 58
    255 0 216 255 128 166 0 0 255 255 255 0 255 0 255 255 255 0 0 0 255
    255 255 252 255 0 0 0 121 0 0 0 255 255 0 0 0 255 0 255 136 129 0
    156 0 255 0 255 0 255 0 0 60 255 255 0 255 0 255 0 255 255 0 53 0
    255 243 255 0 118 0 255 255 0 0 95 255 0 81 255 33 253 246 6 255 0
    255 0 255 0 255 59 255 255 0 0 255 0 255 0 255 0 255 251 255 0 0 79
    255 0 0 181 0 0 189 116 0 0 0 255 0 255 0 229 0 255 255 0 144 255
    171 255 0 0 255 255 255 255 0 0 255 255 216 0 0 255 255 255 0 255 99
    255 0 96 0 111 255 255 255 255 255 0 255 196 255 0 0 0 0 0 19 255 0
    0 225 255 255 0 0 0 0 255 0 255 0 118 0 255 255 0 0 0 255 255 0 0
    255 0 255 255 163 200 0 0 255 0 255 255 225 0 234 0 255 255 255 49
    255 255 0 125 0 255 0 189 42 255 210 255 99 41 243 0 255 255 255 0 0
    255 0 62 0 68 255 255 186 0 0 0 0 255 116 255 0 0 0 0 0 0 255 255 0
    0 0 0 58 255 0 255 0 255 255 255 0 121 255 0 255 255 255 201 0 0 255
    255 255 0 255 255 255 0 255 0 0 0 255 255 8 0 0 0 255 0 0 0 255 0
    255 0 255 0 155 255 255 157 0 158 214 255 255 0 0 0 255 255 0 0 0
    100 255 255 255 176 0 0 255 255 255 0 199 0 255 178 255 255 246 0
    255 0 255 230 0 0 255 255 255 0 197 255 111 0 255 255 57 255 0 255
    96 170 255 0 0 162 255 0 69 255 255 0 229 5 255 0 0 0 255 255 255 0
    255 0 255 255 83 0 0 26 0 255 97 62 2 222 0 255 255 165 50 255 0 0 0
    0 255 119 255 255 0 0 0 255 255 0 151 255 0 255 0 0 0 0 105 255 255
    255 0 0 255 255 148 0 0 0 0 130 255 255 255 0 0 0 255 0 29 0 0 91
    255 0 0 0 255 0 0 255 255 244 0 0 255 255 255 255 0 0 0 115 0 255 0
    0 0 255 255 24 0 255 204 177 255 133 255 219 255 203 0 255 0 255 255
    0 145 255 180 0 0 255 255 255 255 30 193 0 0 0 255 255 146 0 0 255 0
    0 114 205 255 48 0 1 0 106 142 0 0 19 255 255 255 255 0 158 255 0 0
    0 255 255 255 0 208 0 0 109 255 255 255 57 0 255 255 0 45 255 0 0
    194 77 255 0 255 0 255 0 255 255 0 0 87 0 255 0 0 0 0 26 0 58 0 255
    255 255 39 240 255 0 0 67 255 245 0 255 0 255 255 0 0 0 255 255 255
    255 164 255 0 0 0 255 0 255 69 255 255 160 255 0 57 0 255 0 0 0 0
    255 0 197 42 255 255 0 23 0 86 255 0 255 55 0 255 0 71 0 0 255 255
    255 141 255 255 255 0 255 0 0 0 255 216 255 0 255 105 255 0 255 0 0
    0 0 214 250 0 255 255 0 255 0 255 255 67 0 255 0 166 0 188 0 255 0
    255 0 34 0 255 188 245 0 255 0 0 255 210 255 102 154 71 255 1 140 0
    32 0 255 255 0 255 0 0 255 255 161 0 0 252 0 0 175 255 255 0 255 255
    255 0 255 255 210 255 248 0 0 0 35 83 255 0 255 0 0 0 0 255 7 0 255
    0 0 255 0 255 0 255 90 221 0 255 0 255 0 255 0 68 0 24 255 0 44 255
    0 0 242 0 255 255 254 92 255 0 244 0 235 255 255 255 0 255 0 0 0 188
    255 255 255 104 255 0 215 18 0 255 0 255 0 255 255 128 255 0 255 43
    188 122 0 255 98 3 73 255 255 0 0 0 178 255 216 255 0 101 255 255
    255 0 255 0 255 162 0 231 0 255 255 239 255 255 93 255 246 255 29
    255 0 0 70 255 0 227 0 0 36 255 255 255 0 255 0 255 255 116 0 0 255
    255 0 68 255 255 101 255 255 255 0 151 0 255 255 161 0 0 0 255 255
    255 0 130 106 255 255 0 132 0 0 0 255 0 0 0 164 255 255 255 216 255
    0 239 0 0 255 208 0 255 0 255 255 255 255 0 255 0 255 255 0 0 0 255
    0 255 255 0 0 255 255 255 185 8 0 255 255 0 0 255 0 255 0 99 0 0 233
    255 239 0 0 0 255 0 43 0 255 255 0 255 0 255 0 255 255 42 0 255 94
    108 0 255 255 0 69 255 215 64 0 35 0 0 0 254 255 0 184 0 255 255 255
    255 0 1 0 255 0 255 37 255 255 255 100 255 255 0 67 12 0 255 255 255
    0 255 0 255 239 255 0 255 255 255 255 0 0 119 0 0 0 228 255 0 0 255
    255 207 0 255 255 255 0 0 0 255 255 255 164 44 0 48 162 123 255 255
    255 0 78 0 255 0 255 0 148 0 204 255 255 0 255 255 0 157 0 255 0 255
    0 255 245 210 255 255 255 0 128 255 196 0 13 124 255 255 135 255 16
    255 0 255 0 0 0 0 255 0 255 0 255 255 206 0 0 0 0 0 0 87 0 255 0 255
    159 255 198 255 255 12 239 0 222 0 255 194 255 255 255 0 255 135 105
    255 255 34 0 255 255 255 0 0 0 255 255 0 255 0 210 0 79 0 0 255 255
    0 141 0 255 255 255 185 255 255 193 0 42 255 0 24 0 255 0 0 255 0 33
    0 255 255 0 255 0 255 242 255 255 255 0 255 0 255 255 0 255 0 255
    168 255 255 0 255 216 103 0 255 255 69 235 255 255 0 54 250 211 255
    17 255 0 255 255 0 255 0 0 0 255 255 0 255 0 255 0 0 111 255 255 157
    0 0 0 0 255 0 0 0 255 248 255 0 0 0 255 0 35 255 132 0 0 255 255 255
    0 255 116 255 0 255 20 222 0 0 0 149 255 0 0 41 190 0 0 0 0 193 255
    199 255 255 255 0 0 0 255 255 255 255 194 255 0 18 186 255 255 0 255
    0 255 136 255 255 255 40 0 255 255 0 0 255 171 255 0 255 255 255 0 0
    0 192 255 0 0 0 255 255 74 255 161 255 255 0 255 173 182 0 255 255 0
    0 0 0 255 156 164 255 0 255 0 0 255 0 255 0 0 255 255 255 0 0 0 0 0
    0 0 255 0 255 51 0 0 0 255 0 255 255 134 56 203 0 59 255 255 0 0 249
    157 255 255 255 152 29 0 255 156 255 0 45 0 0 236 255 255 255 0 105
    0 0 0 0 255 148 255 0 255 255 255 157 0 58 255 255 255 0 84 73 255 0
    255 14 212 0 255 67 0 0 255 255 0 255 0 0 0 255 255 0 0 0 255 214 60
    93 172 255 0 81 0 0 255 76 255 0 145 0 255 0 255 94 0 0 227 0 255 24
    255 255 0 255 0 220 255 255 255 0 42 0 50 68 0 160 255 0 255 0 146 0
    0 255 0 255 255 255 218 0 0 255 0 0 0 255 152 151 0 255 0 39 136 0
    199 0 0 255 255 62 0 0 0 255 252 255 255 0 0 255 255 0 0 0 0 0 191 0
    196 0 255 255 255 255 255 0 0 0 255 255 0 255 255 58 98 0 0 113 33
    48 0 0 255 0 255 255 0 163 255 0 0 245 0 255 0 255 255 0 255 0 0 243
    0 255 255 178 0 0 255 212 255 0 240 255 0 0 0 255 0 255 255 255 0
    198 56 13 32 201 255 185 0 0 255 171 255 0 0 0 255 255 255 89 0 0 0
    0 255 255 255 94 255 0 255 92 0 81 0 255 247 255 255 255 0 255 173 0
    103 235 254 255 255 0 255 0 182 0 133 255 255 3 255 0 255 255 255 0
    255 255 255 0 255 255 255 0 255 255 0 0 0 0 255 255 118 105 255 0 0
    255 255 0 255 0 94 0 255 193 131 0 0 255 255 255 0 216 0 255 255 249
    0 255 0 74 26 0 255 255 154 0 0 0 255 255 0 0 195 255 255 0 255 110
    0 0 255 255 219 0 36 0 195 233 255 0 255 59 255 0 255 0 0 255 0 255
    0 0 255 0 255 0 255 0 255 0 255 0 255 106 255 17 255 0 0 0 51 182
    255 255 0 0 0 1 255 255 255 100 0 144 0 0 197 131 86 21 0 255 0 255
    0 255 0 0 255 255 0 0 255 0 0 0 255 255 172 255 126 113 0 255 255
    255 60 0 0 0 255 255 68 255 154 0 43 255 255 20 0 255 0 0 0 255 255
    255 251 255 126 0 0 84 206 0 255 255 73 0 0 255 255 255 0 0 20 255
    255 21 239 0 0 0 255 0 255 0 0 0 0 0 255 147 255 255 255 226 0 255 0
    255 0 255 255 255 255 0 255 98 0 0 0 255 255 0 0 255 255 0 0 0 255
    255 0 255 0 255 0 255 0 255 0 0 0 118 255 0 255 0 255 0 1 0 46 0 255
    255 255 0 0 228 74 255 120 0 255 0 255 255 255 93 0 255 44 255 84 90
    234 0 0 0 0 0 255 128 230 255 255 0 0 255 42 255 0 255 0 255 255 168
    34 255 255 0 98 0 148 0 255 0 0 0 255 255 255 0 0 0 255 255 0 255 52
    10 0 255 230 0 255 0 255 31 0 0 0 176 255 255 0 255 255 57 255 255 0
    0 0 255 255 255 255 119 0 0 255 246 255 255 255 0 255 255 255 0 255
    0 255 255 52 0 0 255 0 129 255 255 0 0 77 255 255 0 255 255 255 0
    118 255 0 0 0 255 18 189 0 255 0 255 30 116 228 0 255 0 15 0 0 0 102
    255 255 255 179 255 151 255 0 255 0 255 0 0 0 255 0 255 255 189 255
    0 0 0 255 255 0 225 0 255 0 255 255 140 0 255 131 174 255 0 119 0 0
    13 255 255 255 255 0 65 0 255 0 0 0 76 255 255 255 0 249 0 255 255 0
    28 0 13 255 73 239 0 63 135 0 0 0 255 0 27 255 255 0 161 255 255 230
    0 99 255 255 205 255 0 255 0 0 29 0 255 139 255 255 255 0 45 0 255 0
    0 255 255 0 255 255 255 0 0 255 53 255 255 255 115 255 0 255 0 0 0 0
    97 0 30 0 255 255 0 255 40 255 0 255 255 100 0 67 255 255 0 0 232
    255 255 125 190 112 0 255 179 255 0 255 0 0 0 255 255 0 0 255 255
    255 0 254 255 255 255 0 0 255 255 255 0 0 46 138 64 252 0 255 0 0
    255 255 0 106 0 0 255 131 255 0 92 255 150 0 0 255 255 255 74 0 0 15
    255 255 87 255 83 255 0 248 0 255 0 237 186 18 0 181 187 0 255 134
    255 0 255 0 255 0 255 255 232 0 190 0 0 255 255 0 255 0 0 234 217 0
    0 255 0 255 0 255 0 255 0 255 0 207 0 255 255 43 0 0 255 223 255 255
    0 255 0 0 205 255 160 255 0 255 121 0 0 255 0 255 255 255 0 255 51
    255 0 157 0 255 255 0 0 0 63 29 0 255 0 0 142 255 255 0 0 0 255 0
    255 0 0 0 255 255 0 0 0 255 0 255 242 255 0 0 0 255 255 255 104 0
    255 66 255 0 255 0 0 26 0 0 115 0 255 69 0 0 0 255 255 0 255 21 255
    0 0 255 255 0 255 0 255 228 255 255 150 0 255 255 109 0 255 255 255
    88 0 0 255 0 185 0 255 0 255 255 255 0 255 0 0 0 255 81 0 0 0 255 30
    255 165 0 0 0 255 255 225 215 0 76 0 0 141 255 3 255 255 0 255 255
    255 0 255 0 82 0 247 0 255 0 75 0 0 0 255 255 255 157 129 0 255 0
    255 0 255 0 255 207 255 0 212 255 0 255 0 0 0 255 255 176 255 0 255
    150 213 255 255 255 94 255 0 255 255 0 255 255 80 255 88 255 255 35
    0 179 103 255 0 0 255 255 0 0 0 0 255 255 255 0 36 255 109 197 0 0 0
    0 255 255 0 255 255 255 171 110 255 0 0 95 0 255 0 255 255 255 0 0
    80 255 255 255 255 234 255 0 0 255 255 255 132 0 0 255 255 0 255 0
    255 255 215 90 0 255 0 255 0 255 0 255 0 157 155 0 255 0 0 0 255 255
    255 85 0 0 255 224 122 0 255 0 0 0 255 0 0 255 255 79 0 255 151 0
    255 255 255 0 206 255 255 255 0 236 255 255 0 0 0 184 255 173 0 0
    255 255 211 255 0 0 0 0 255 255 0 0 0 255 255 98 255 0 0 255 0 0 0
    140 0 10 255 0 255 255 0 255 0 204 0 167 70 255 94 255 26 0 0 255
    255 105 255 255 255 255 0 0 0 255 255 158 255 0 255 255 255 37 53
    255 255 0 255 0 132 0 245 0 0 0 0 255 255 86 255 27 0 0 0 255 0 255
    0 0 0 255 0 0 119 255 255 255 255 255 0 0 0 0 255 255 255 255 255
    255 255 255 255 51 0 0 0 0 231 0 255 0 0 29 158 255 0 0 255 255 0 0
    255 184 84 255 0 255 0 255 13 5 0 255 255 255 201 0 0 0 0 0 255 255
    113 255 0 255 0 0 255 255 206 0 0 0 255 255 255 255 255 189 0 255 0
    255 0 255 0 0 0 79 255 255 0 255 0 255 0 0 0 0 0 231 255 194 0 255
    49 255 0 255 0 0 0 255 0 0 255 255 0 255 54 110 0 0 255 255 86 0 255
    255 0 190 93 255 255 0 47 0 255 0 255 0 0 69 187 0 0 0 247 255 118
    255 0 24 0 255 255 255 158 0 255 31 255 124 56 255 0 0 0 0 0 255 255
    0 0 0 255 39 255 0 239 255 255 255 0 0 255 255 0 213 255 255 0 255 3
    255 0 255 255 255 47 255 0 255 0 120 255 0 146 0 255 0 208 152 0 0
    84 0 0 255 41 255 0 255 0 0 0 0 74 0 255 109 255 255 0 0 0 255 0 255
    97 255 0 0 255 0 255 255 0 255 0 255 255 255 255 255 255 0 0 255 43
    255 0 0 255 19 255 255 0 255 71 255 255 0 255 0 255 0 255 78 255 0 0
    35 41 124 186 255 255 255 0 255 0 255 186 255 0 0 0 255 255 255 0 0
    0 248 0 255 255 139 99 255 0 0 5 255 255 255 0 255 0 255 255 255 198
    255 212 254 255 0 255 0 160 0 255 0 97 0 167 255 187 0 255 0 255 255
    255 0 0 0 255 255 255 0 255 0 255 255 68 11 141 255 255 255 0 255
    222 255 104 0 0 0 255 255 255 255 0 0 0 255 255 93 0 0 199 0 255 0
    255 0 255 255 255 0 255 0 250 255 255 255 0 255 175 255 0 244 0 255
    255 212 68 0 0 255 233 0 240 45 255 255 0 117 255 255 169 0 0 0 255
    0 255 255 0 0 228 255 255 0 255 0 255 0 255 0 255 255 255 255 0 255
    0 0 171 0 255 0 0 64 255 0 255 0 72 0 0 255 255 255 0 255 255 255 0
    255 255 255 91 255 255 255 255 255 88 0 255 255 0 0 255 255 0 0 0
    255 255 255 0 255 226 114 0 255 255 0 0 0 255 255 0 233 0 255 255 52
    0 106 0 248 255 255 228 38 0 255 0 198 0 255 0 255 255 255 0 1 255
    255 255 0 0 0 0 255 0 255 0 0 0 52 255 255 119 0 0 0 0 255 0 0 0 255
    19 212 0 0 255 6 170 0 0 180 255 255 255 255 0 255 0 184 0 255 225
    255 0 0 191 255 0 105 255 0 112 0 255 0 255 255 255 0 0 152 255 255
    255 125 0 255 0 255 0 255 255 255 0 0 0 255 0 255 255 0 85 0 255 0
    255 0 0 0 0 255 255 25 255 255 243 255 0 0 255 15 255 255 255 0 255
    255 255 0 16 0 135 0 255 255 255 0 208 255 255 252 0 0 255 80 255
    135 74 255 134 0 0 0 245 0 255 255 255 255 0 0 255 186 243 126 0 172
    0 17 0 255 93 0 202 255 0 239 180 0 255 255 255 0 78 0 0 189 255 255
    101 0 149 0 255 0 255 0 255 0 255 0 255 0 0 0 215 255 255 0 255 0 87
    0 0 255 0 118 0 0 196 0 27 0 255 255 255 227 0 0 0 255 0 0 255 255
    80 0 255 124 186 0 247 255 0 142 255 255 157 0 255 217 123 0 0 0 255
    94 255 0 255 144 156 0 0 255 0 255 0 255 0 20 0 255 255 255 0 0 255
    65 255 0 21 120 255 255 255 0 0 255 0 255 255 255 0 80 72 255 247 0
    0 0 255 0 0 255 255 255 251 255 149 0 0 255 255 255 201 174 0 0 0
    182 255 255 255 0 94 0 85 0 255 0 0 0 255 0 255 255 255 0 0 148 255
    0 255 0 64 255 161 82 0 255 255 255 0 0 255 255 255 0 75 128 255 207
    0 134 0 0 255 0 78 91 255 0 0 255 0 255 0 0 1 0 0 0 0 30 7 255 255 0
    255 255 255 0 0 255 255 255 255 0 0 0 255 98 0 29 0 0 255 255 255
    241 0 157 255 73 124 0 33 255 255 0 0 255 0 255 2 255 255 73 255 0
    255 98 255 255 0 0 255 255 255 208 0 0 0 255 147 0 115 89 255 0 255
    0 255 0 167 255 255 115 78 255 161 0 0 0 193 185 255 150 255 255 255
    0 164 255 255 0 0 0 0 255 0 0 255 255 255 0 84 0 255 255 255 0 0 0
    245 255 0 165 235 0 255 0 0 0 255 255 0 0 141 32 255 0 89 0 255 0
    255 0 255 0 111 255 255 255 255 0 221 0 255 0 255 0 46 0 255 0 0 0
    255 0 255 0 255 255 255 0 255 255 0 0 0 255 255 255 255 132 0 255
    255 255 255 70 255 0 0 255 255 0 255 0 0 61 255 0 0 0 255 255 0 168
    246 255 0 255 0 103 55 255 255 0 255 255 255 0 0 0 255 255 0 195 131
    255 255 0 0 0 255 0 0 225 0 0 255 255 255 150 215 0 0 0 0 255 255 0
    255 255 0 255 0 0 255 208 255 0 0 255 255 255 0 255 0 84 40 255 169
    0 255 0 0 89 255 0 210 255 255 13 0 255 245 0 255 255 255 0 0 78 255
    255 255 255 0 0 0 0 255 255 0 255 0 255 0 255 0 255 0 255 0 255 176
    255 0 255 0 0 146 0 255 255 0 0 255 255 179 178 0 0 0 255 0 255 255
    242 0 255 228 0 0 0 255 0 255 255 255 255 253 0 0 0 0 0 0 0 0 0 0 43
    255 0 255 46 255 0 255 87 255 0 255 153 0 0 255 255 255 0 0 0 255
    255 255 0 0 0 255 255 79 255 0 255 255 255 255 0 145 0 255 0 0 0 255
    0 255 255 0 255 0 255 0 255 0 0 198 255 255 255 255 255 255 255 255
    255 55 255 19 0 255 255 0 255 0 255 255 69 0 0 255 0 255 255 0 65
    255 255 255 0 0 255 255 255 0 0 255 0 255 0 255 0 255 0 255 255 28 0
    0 136 255 255 122 167 0 255 0 255 0 255 179 255 0 255 0 0 255 255 0
    0 0 0 255 66 255 0 255 0 255 0 59 0 255 255 0 0 255 255 255 0 57 255
    255 0 0 151 156 255 0 165 0 255 0 99 196 89 255 0 0 0 62 0 255 0 0 0
    255 255 121 219 255 0 0 255 255 255 178 255 0 0 0 255 255 255 255 0
    0 255 162 0 255 117 104 101 0 255 208 45 0 0 0 139 255 241 0 255 0
    255 176 0 0 255 255 110 0 255 0 255 147 0 0 255 79 20 0 255 255 255
    84 0 0 255 0 255 255 255 0 255 222 255 255 254 112 255 164 0 0 0 0 0
    0 255 0 255 0 255 0 17 0 255 0 255 0 255 218 0 0 0 0 255 255 171 0 0
    0 0 255 255 255 0 0 0 255 6 225 255 255 255 0 0 255 255 255 255 0
    255 0 127 0 255 0 245 0 255 255 255 108 0 119 255 255 0 0 0 255 182
    0 83 0 66 255 255 0 183 223 255 135 21 255 0 0 141 0 0 113 141 255 0
    253 0 255 0 255 0 0 0 255 255 157 0 0 0 0 0 50 0 255 0 255 0 0 14
    255 255 255 34 0 254 159 255 149 255 255 139 0 0 46 255 0 255 0 255
    0 64 146 230 0 255 255 255 0 187 255 0 255 0 255 0 255 0 0 179 188
    255 255 255 255 0 255 0 0 0 0 0 0 255 56 108 255 0 0 211 0 255 0 224
    166 237 0 255 0 0 0 0 80 0 0 215 255 0 255 0 255 0 255 0 167 0 0 255
    0 255 255 255 0 0 0 0 0 255 255 0 126 255 255 255 255 244 255 255 4
    255 226 0 43 255 255 0 0 0 0 0 0 0 73 49 194 255 255 255 255 255 0
    255 255 220 255 0 45 61 255 255 255 129 0 255 0 0 0 0 13 255 0 0 0
    47 255 255 0 255 255 255 0 255 32 255 0 255 0 157 0 255 81 255 0 0
    255 255 153 0 184 255 43 131 0 141 255 255 0 250 255 255 172 0 0 119
    255 0 0 0 0 255 0 255 246 255 255 255 11 0 0 0 0 255 255 0 0 0 255 0
    255 0 255 255 0 0 58 255 255 0 0 255 0 255 0 121 0 56 0 255 0 0 0
    191 0 0 74 0 93 0 255 149 255 255 255 0 0 255 255 255 0 0 163 255 0
    255 18 255 255 255 0 0 255 255 0 0 0 255 255 84 0 255 165 0 255 255
    255 255 0 0 255 255 255 0 0 39 255 93 255 0 0 0 255 255 255 0 255 0
    255 255 255 0 21 0 0 120 0 255 255 255 194 0 255 255 78 0 255 0 233
    0 203 0 181 255 255 255 19 255 0 255 249 0 0 78 167 255 255 0 0 0
    238 0 0 255 255 220 255 255 0 74 255 255 255 103 0 0 0 0 255 255 229
    0 15 255 0 255 0 0 0 48 255 103 0 255 0 255 255 0 0 59 255 255 2 0
    255 255 255 251 0 102 0 216 0 0 0 255 0 255 255 255 0 0 0 255 129 0
    0 0 0 255 0 255 0 255 255 255 0 0 255 0 255 30 0 0 255 0 0 0 0 255
    255 0 0 0 255 255 255 0 194 255 0 0 0 154 0 255 0 255 0 206 0 121 90
    0 0 255 255 0 255 0 255 205 132 0 0 0 190 255 255 137 0 0 24 255 0
    255 189 255 0 255 0 65 0 255 0 130 194 255 119 0 0 255 255 176 65 0
    255 0 255 0 255 0 214 255 255 0 139 0 255 0 255 74 255 0 0 255 255
    255 255 0 0 255 0 209 0 255 76 255 187 0 0 97 255 133 0 0 255 0 102
    0 226 255 231 255 210 0 0 0 255 255 255 25 0 255 0 255 0 255 0 255 0
    255 255 103 0 0 255 255 255 0 0 0 0 0 175 255 255 164 255 0 20 0 0
    255 123 255 255 255 0 0 0 255 255 0 96 0 255 0 255 255 79 0 255 255
    71 0 0 255 255 255 235 0 255 0 255 0 0 255 255 255 255 255 255 0 0
    255 0 255 0 255 0 255 0 255 94 0 0 255 0 255 0 0 255 255 255 0 0 255
    104 49 0 157 255 255 255 0 0 133 255 0 0 12 0 255 0 0 255 0 255 0
    255 144 255 117 255 255 0 255 58 255 0 0 0 255 0 0 255 255 255 255 0
    255 255 255 255 255 220 0 96 255 0 0 0 255 0 255 255 0 0 255 255 255
    255 255 255 0 0 255 0 255 255 0 255 255 131 0 127 0 19 97 180 119 0
    255 140 0 255 255 123 0 0 172 255 255 0 255 255 255 59 255 214 0 255
    255 255 0 0 0 255 0 0 175 255 255 255 0 255 0 178 0 255 0 255 0 255
    255 232 255 255 0 255 209 255 205 191 222 255 94 255 0 32 255 0 37
    255 255 0 0 255 255 255 255 0 0 27 255 0 0 0 255 244 255 0 255 255
    255 0 154 0 0 255 120 135 213 0 255 0 255 0 255 255 185 0 255 255
    255 55 255 0 95 0 255 0 255 255 33 255 0 159 0 16 255 255 203 0 238
    255 241 0 0 0 255 0 0 0 0 67 0 255 0 189 255 146 136 255 255 255 0
    99 0 0 255 185 255 0 18 255 0 0 0 255 30 255 201 0 246 0 255 0 0 131
    255 255 0 255 229 54 0 0 0 79 255 255 255 0 41 255 255 0 255 255 248
    254 0 0 183 255 23 211 255 0 255 255 97 0 0 0 255 0 255 0 255 0 255
    0 255 0 0 42 40 50 131 177 0 79 255 255 255 91 0 72 107 0 216 209
    235 255 255 0 0 255 0 255 188 161 125 0 255 255 255 255 102 0 0 255
    0 255 189 255 0 0 255 255 197 103 255 255 0 0 255 255 255 255 255 0
    255 255 255 255 255 0 108 0 255 87 0 0 255 233 86 0 255 255 255 0 0
    0 0 0 0 197 0 255 0 255 255 255 255 255 255 0 255 0 181 0 0 0 255
    255 255 0 255 255 255 0 255 255 255 0 56 255 152 0 2 0 33 0 0 31 255
    0 91 0 0 67 255 232 0 244 255 0 255 0 255 218 0 0 255 255 0 0 180
    255 143 0 255 0 161 25 255 227 1 255 0 0 0 255 255 0 54 255 187 32
    255 0 0 0 30 255 59 255 0 255 255 255 255 0 0 255 133 0 0 255 0 255
    0 0 0 255 245 0 0 255 0 0 0 255 255 255 0 0 0 255 255 0 0 0 0 0 255
    255 255 0 255 0 34 0 255 0 255 255 255 255 165 0 255 0 255 0 0 0 0
    255 0 255 255 255 111 0 0 0 255 0 255 255 182 255 0 71 0 0 255 52
    255 0 153 195 0 255 0 255 0 255 139 255 0 0 255 255 255 255 255 245
    0 255 175 0 255 0 255 0 0 255 255 255 0 0 255 255 0 0 0 255 0 255 0
    255 0 186 0 0 255 0 89 0 255 255 0 80 0 255 184 0 0 255 26 130 174
    255 255 0 0 230 255 255 0 0 255 255 255 0 0 245 255 191 255 0 0 0
    255 12 255 0 255 0 0 255 255 255 0 0 0 255 255 0 164 255 255 0 0 253
    93 147 229 0 255 0 255 0 255 183 255 37 187 0 0 96 255 133 255 255
    255 83 255 255 27 255 86 21 172 255 255 153 220 109 240 0 0 255 255
    255 0 255 255 3 255 255 255 0 0 18 255 16 0 217 0 255 53 255 0 255 0
    255 255 255 255 88 0 0 255 0 255 178 255 255 0 87 0 109 0 255 255 9
    0 255 161 255 0 0 0 0 0 82 255 0 255 155 0 0 0 255 0 255 0 255 32
    255 0 0 0 0 255 118 0 216 255 204 0 217 255 255 0 0 255 190 82 255
    255 255 255 0 255 0 0 0 0 95 255 255 255 179 109 0 255 255 255 255 0
    0 95 0 0 0 0 184 222 255 0 0 0 255 0 255 0 238 0 82 0 255 0 255 0 0
    255 255 0 0 125 0 36 0 56 255 91 0 255 255 255 0 252 30 0 0 0 31 255
    255 255 255 0 0 0 255 95 67 0 0 12 255 216 0 0 27 255 255 44 255 255
    255 0 255 0 0 0 152 255 181 0 255 255 0 255 0 0 255 0 0 21 0 0 0 255
    255 255 38 0 0 255 0 255 255 255 0 0 212 0 0 0 13 255 255 0 0 255
    114 255 255 0 255 0 0 0 255 0 155 210 255 255 0 105 255 0 255 0 255
    0 255 255 222 255 0 0 255 255 0 19 0 255 153 0 173 255 230 255 0 243
    255 0 55 0 0 255 0 255 255 0 100 255 255 0 0 255 255 255 0 210 0 255
    255 0 255 0 255 0 255 255 255 255 65 0 29 197 0 0 4 84 255 159 0 255
    255 255 255 255 0 50 0 240 0 255 0 255 0 255 0 39 0 255 255 0 0 0
    255 255 0 0 0 0 1 255 0 234 255 255 0 234 255 152 0 0 0 255 255 255
    255 215 0 0 0 255 0 0 0 98 255 255 0 0 255 0 255 255 255 69 255 0
    195 255 255 255 0 0 255 255 0 0 219 255 255 214 0 88 255 0 255 41 0
    0 135 95 0 0 0 0 255 255 0 0 22 255 0 0 0 255 0 0 203 0 0 0 0 97 255
    0 0 0 255 210 255 0 255 72 67 0 255 0 219 146 255 0 0 0 255 255 0 0
    30 255 179 255 0 255 0 0 0 0 0 214 255 135 255 0 255 255 255 0 182 0
    0 0 255 255 255 0 0 255 255 255 255 0 55 143 0 105 0 0 0 0 255 0 255
    255 39 0 255 255 0 255 255 0 255 0 0 232 0 255 0 255 0 255 0 255 208
    0 255 17 255 0 255 255 0 255 6 0 255 0 186 0 0 60 255 0 0 255 255
    255 0 255 0 255 0 7 0 255 0 255 0 255 85 255 255 0 255 0 185 0 255
    175 255 0 255 255 255 0 0 242 255 0 255 210 199 0 204 255 255 0 255
    0 244 255 0 0 0 242 255 0 255 99 0 51 255 89 0 0 255 253 255 0 0 255
    255 255 255 143 0 205 0 180 218 0 255 0 0 189 0 0 77 255 69 223 255
    255 0 0 0 255 255 0 255 224 255 163 0 0 255 255 255 140 247 0 0 0 89
    255 255 255 0 255 255 255 0 255 0 255 255 0 21 255 255 255 155 0 0 0
    0 255 255 255 255 0 255 0 129 0 0 255 0 0 0 255 255 76 0 255 0 205 0
    195 0 0 0 255 106 255 0 0 0 255 255 3 0 0 255 179 95 255 255 255 0
    128 255 0 0 255 202 0 0 0 255 255 0 105 255 255 0 0 191 255 157 0
    255 237 134 0 0 0 131 0 0 0 255 255 0 0 199 255 255 0 187 0 0 15 0 0
    0 0 0 0 255 0 0 255 100 255 0 0 167 0 255 0 0 0 0 178 82 0 255 255
    255 255 255 255 255 0 0 0 0 255 190 45 0 0 153 0 0 255 255 213 255 0
    236 0 255 255 159 0 255 208 255 50 0 255 255 255 255 255 255 255 0 0
    255 255 255 0 0 255 24 255 0 228 0 255 0 255 154 0 172 255 255 0 0
    255 255 0 0 0 255 69 60 0 0 255 0 195 0 0 255 0 255 0 255 50 255 195
    0 240 0 0 0 127 0 255 142 0 0 255 255 0 255 255 255 255 255 71 124 0
    255 255 0 237 255 255 255 0 255 103 255 0 0 0 255 255 0 255 167 0
    255 0 255 0 255 0 255 0 255 0 255 255 0 163 255 255 0 207 255 164
    154 255 54 0 255 255 48 60 255 255 237 0 0 5 255 0 197 128 0 0 0 0
    255 255 255 0 0 255 255 57 62 0 195 152 255 67 0 0 0 0 255 255 255
    255 112 255 0 255 0 0 255 0 0 255 255 255 0 255 255 255 255 62 0 255
    255 164 0 0 0 255 24 255 0 127 0 255 255 0 0 0 255 156 255 173 0 0
    255 73 255 0 5 0 255 255 0 0 255 133 65 0 253 0 174 71 0 73 255 255
    255 0 0 255 255 255 0 255 0 0 255 158 135 39 255 0 8 0 0 0 255 115
    255 165 53 236 255 0 167 0 0 188 255 0 255 0 187 73 255 0 255 0 255
    0 101 0 255 0 255 0 255 255 255 255 108 0 255 255 0 0 0 0 0 0 255
    255 255 0 168 0 0 0 255 111 207 0 209 46 255 0 255 255 255 255 0 0 0
    255 255 0 255 255 255 0 0 255 255 0 0 0 255 255 0 122 173 122 0 118
    255 255 216 186 46 0 255 255 0 0 0 0 255 255 173 0 0 0 0 255 255 0 0
    0 107 255 255 0 0 255 255 0 0 255 255 255 0 245 89 0 255 255 255 248
    0 0 255 0 255 255 255 219 0 0 137 255 0 92 0 255 0 255 239 255 0 255
    0 191 255 0 0 255 0 0 255 247 255 0 255 192 110 0 82 255 0 255 0 255
    0 255 0 21 0 255 255 255 255 0 0 0 255 0 255 255 255 255 0 255 0 0
    255 255 255 45 0 0 0 135 0 0 148 0 255 255 0 0 0 0 139 255 255 0 0 0
    255 255 232 255 0 255 53 255 0 101 255 255 0 0 255 255 255 255 0 0
    255 125 255 0 255 0 95 0 0 255 255 132 0 255 10 0 0 54 0 255 255 255
    0 43 0 255 255 255 0 0 255 0 0 0 207 255 0 0 0 255 0 146 0 255 0 0 0
    255 255 255 0 0 64 0 68 162 255 35 255 255 0 0 0 232 255 255 255 255
    0 255 0 0 0 0 209 255 255 252 52 0 255 255 0 255 255 0 91 0 0 111
    255 255 0 255 63 255 255 0 0 0 0 0 255 255 255 0 0 0 255 255 0 95
    255 255 255 0 34 0 255 255 255 0 0 0 149 0 255 0 255 0 255 0 255 0 0
    255 255 0 177 0 0 0 226 231 173 255 116 0 255 255 0 0 255 255 0 0 0
    0 79 72 255 255 255 0 121 0 255 111 59 0 0 0 255 255 255 180 146 0 0
    101 255 99 0 255 72 0 162 196 255 255 0 255 0 255 0 128 0 0 255 0
    255 0 255 0 8 0 255 255 255 0 0 0 255 0 212 43 255 0 0 0 0 255 255
    255 255 224 0 0 255 9 0 13 255 186 0 0 255 255 255 0 0 0 64 255 255
    167 255 0 0 0 99 0 0 168 0 255 255 255 0 0 255 255 0 255 247 255 0
    69 118 175 255 0 255 0 255 0 161 0 255 255 255 0 79 0 0 0 255 217 61
    108 205 255 0 0 0 0 255 0 0 0 255 0 255 0 255 60 0 255 0 0 0 255 255
    0 0 0 255 200 255 0 255 255 255 92 255 255 0 255 0 255 144 255 235
    255 255 0 255 0 255 0 137 0 255 255 0 255 0 255 255 0 0 0 255 0 183
    0 255 0 0 0 0 255 0 255 0 0 0 255 0 255 0 255 255 0 0 0 0 255 142 81
    0 255 255 255 255 226 0 255 24 0 255 255 230 255 212 255 0 0 0 0 128
    255 0 255 0 188 255 0 255 0 255 61 255 255 255 0 14 255 0 0 0 255
    119 255 255 255 0 0 0 255 255 242 22 255 19 255 0 255 0 0 103 255
    255 255 0 0 255 0 0 255 255 0 0 0 0 255 200 0 66 255 255 0 0 255 0 0
    0 0 255 255 255 255 0 88 0 255 0 0 0 255 49 0 255 255 0 0 0 0 250
    255 237 0 0 0 0 255 0 255 0 229 0 255 255 255 0 0 154 0 255 0 214 0
    255 168 31 74 255 255 255 255 0 163 0 255 1 255 255 130 255 0 0 0 0
    0 147 255 255 150 0 0 0 0 0 255 255 255 255 255 255 255 3 0 0 255 0
    185 0 30 0 0 0 255 255 0 255 255 36 255 0 255 46 255 255 255 255 0
    93 230 255 0 255 255 209 0 255 255 0 0 0 0 255 0 0 255 255 255 0 255
    133 0 0 207 182 255 255 255 0 0 0 255 0 169 255 255 0 0 61 0 123 255
    255 0 255 255 255 255 168 0 255 255 255 0 111 35 90 255 255 0 255
    255 255 178 255 0 241 20 255 0 218 255 255 255 72 0 0 255 0 255 255
    255 0 193 0 87 255 255 255 0 0 0 255 0 0 168 255 255 0 0 255 255 255
    255 0 255 0 255 255 255 0 255 0 255 0 19 255 0 90 255 0 0 0 255 255
    0 0 255 255 255 83 86 0 63 255 0 15 0 168 0 0 0 255 0 109 0 0 0 0 0
    255 255 255 0 0 255 36 255 0 0 255 255 255 0 0 0 255 0 0 1 0 0 255
    207 255 4 255 0 0 255 238 0 219 255 255 0 0 0 255 255 81 255 0 255
    29 106 0 0 255 255 255 138 255 0 255 203 255 155 255 0 0 0 0 0 0 255
    115 197 255 189 0 255 10 228 0 255 236 0 255 0 186 255 239 0 0 255
    212 0 42 0 0 255 255 0 0 0 0 255 255 93 255 214 29 0 0 0 0 16 0 0
    255 255 255 19 255 0 255 0 0 41 255 108 255 106 232 0 0 255 255 0 0
    0 158 255 255 255 0 153 0 90 255 208 0 255 204 255 255 255 255 235
    19 0 255 255 175 115 255 36 255 255 0 0 0 85 73 255 28 255 213 255 0
    255 255 255 255 0 0 255 240 255 11 255 225 0 0 0 78 253 0 3 56 136 0
    250 255 255 255 255 0 0 255 255 0 0 0 255 0 255 0 255 234 255 255 76
    0 0 255 255 255 0 0 255 230 255 0 255 0 0 48 0 176 0 255 220 255 0
    195 0 255 0 255 0 255 255 196 255 0 247 0 255 255 255 0 83 0 255 0
    255 0 255 0 0 255 71 255 0 255 255 199 0 186 0 0 255 255 0 0 0 0 255
    255 255 145 255 255 0 224 0 255 255 0 0 10 229 254 157 0 255 0 255 0
    248 255 0 0 255 255 255 255 0 0 0 66 129 0 0 255 255 255 0 255 0 0
    255 255 255 145 240 0 0 255 0 255 0 255 255 255 0 255 0 0 255 0 255
    0 255 255 0 48 0 255 0 0 255 0 0 0 18 255 255 255 255 0 255 145 255
    255 46 0 0 0 0 210 255 255 0 255 167 255 0 0 5 160 0 255 193 255 255
    0 0 255 0 0 255 6 255 255 255 255 255 71 0 203 66 255 121 13 0 0 0
    255 255 0 185 0 255 8 141 0 0 255 0 0 0 95 255 255 255 255 0 131 0 0
    0 255 255 0 0 255 255 255 107 227 0 0 1 71 255 0 0 255 0 0 0 0 255
    117 0 255 63 0 0 255 107 0 0 255 0 70 255 255 0 200 0 255 255 255
    255 0 255 0 155 0 0 255 255 255 255 255 0 0 255 255 255 0 0 0 255 0
    4 207 0 255 153 0 255 0 255 255 255 0 0 0 0 255 255 118 0 255 0 0 0
    0 0 255 255 255 255 0 11 255 255 255 96 215 255 255 0 0 255 0 0 0
    255 255 49 138 0 255 237 234 0 75 255 0 0 183 255 10 0 112 0 137 172
    255 0 153 0 255 255 210 0 0 0 147 155 2 221 0 255 255 0 255 0 22 0
    151 79 227 216 0 193 0 0 135 0 255 255 255 146 255 69 255 96 96 0 0
    255 255 255 53 0 0 50 0 255 255 0 0 0 92 255 0 0 206 66 255 70 0 255
    0 255 0 0 0 0 95 255 255 207 255 8 0 0 255 0 0 255 0 255 255 0 255 0
    255 0 0 255 0 0 0 125 255 65 255 0 0 255 0 255 44 255 0 0 95 0 49
    255 255 14 255 126 0 0 255 255 255 63 0 255 0 0 144 255 255 0 16 0 0
    177 255 49 255 213 152 157 28 255 0 255 14 255 0 80 0 255 255 255 0
    0 0 80 255 159 255 0 255 0 255 0 255 255 255 0 0 0 255 0 31 155 255
    0 0 17 0 255 255 255 0 0 0 255 0 230 23 255 255 255 77 255 255 165 0
    0 255 255 0 0 255 255 255 255 255 0 0 141 255 84 254 0 185 0 255 115
    255 255 0 30 255 255 84 255 255 255 0 255 255 0 255 99 130 0 0 255
    142 0 0 255 255 250 0 0 0 255 255 0 0 0 27 255 255 0 255 59 255 0 0
    255 255 0 255 255 255 0 0 29 0 255 253 0 48 255 255 37 0 0 255 200
    255 0 255 42 255 0 41 255 255 0 71 0 194 142 255 255 175 255 199 230
    255 0 0 0 255 255 255 255 0 0 255 0 255 255 0 255 255 0 255 135 255
    255 0 0 0 255 111 0 0 88 0 0 255 13 255 82 255 255 0 255 0 0 255 114
    0 0 0 255 0 0 76 255 169 0 0 0 74 0 0 208 255 0 255 255 255 0 255 0
    0 0 0 220 0 255 61 0 0 217 255 16 255 0 0 0 255 255 255 225 248 113
    0 159 255 0 0 0 0 255 0 255 0 0 0 255 0 0 255 255 0 0 0 255 255 0
    255 255 255 255 255 130 168 0 255 255 0 0 0 13 119 0 222 27 0 87 0
    255 0 255 255 255 251 46 255 255 0 255 0 255 192 0 255 0 0 0 182 255
    176 255 255 0 34 255 255 255 0 138 255 0 255 255 255 0 255 0 52 201
    255 255 255 0 0 0 255 255 0 255 0 255 0 255 255 255 62 0 255 0 255 0
    255 0 255 0 0 0 255 195 0 0 0 255 255 153 206 0 0 255 0 255 0 255
    194 255 0 255 0 228 255 0 226 0 0 88 196 255 134 71 0 255 255 222
    255 183 255 255 0 0 175 255 221 0 0 1 255 0 255 255 255 0 0 0 255 0
    255 0 0 0 255 255 255 255 255 255 22 0 0 255 0 255 0 94 140 255 0
    255 255 19 0 0 255 255 0 0 70 255 255 78 115 0 0 0 0 255 0 255 0 0 0
    255 255 255 0 0 255 209 0 0 0 0 0 255 0 255 255 151 255 69 255 0 255
    255 255 255 255 188 0 0 255 255 255 0 0 255 0 5 0 64 255 106 255 0 0
    0 255 0 255 0 255 255 255 57 77 0 0 255 255 113 182 255 255 0 0 255
    0 0 0 0 0 0 0 134 255 255 255 0 0 0 0 35 159 255 255 35 124 0 0 0
    255 255 255 0 255 255 255 0 74 0 255 0 0 0 0 255 177 255 0 255 26
    255 0 133 101 255 255 255 0 255 146 255 45 0 0 0 255 0 0 0 255 255
    255 255 0 0 0 38 255 255 0 255 255 0 255 220 0 0 255 79 255 0 255
    255 0 255 0 255 0 49 0 255 255 255 0 0 0 255 169 255 203 0 255 255
    210 255 0 255 0 16 26 208 255 255 22 0 0 255 255 255 255 200 0 0 0
    166 0 255 0 210 0 0 0 184 255 255 0 255 255 71 0 0 0 255 255 255 255
    0 0 63 0 255 0 0 255 255 255 255 16 255 255 206 255 255 255 0 99 255
    0 151 0 0 160 0 255 255 0 40 8 255 255 0 255 255 0 0 96 255 0 255
    255 255 0 0 255 0 255 0 255 255 0 0 89 255 0 0 0 255 0 255 0 29 1 89
    0 255 255 0 0 255 255 255 255 0 0 255 255 194 154 0 255 0 255 120 33
    0 0 227 255 0 0 0 255 0 0 56 0 255 0 255 0 255 208 255 0 0 0 255 255
    255 0 255 255 0 255 235 255 68 255 0 106 99 255 0 255 31 255 0 0 20
    0 255 255 33 255 124 124 255 255 116 162 99 255 255 43 255 156 255
    255 0 0 255 255 133 0 0 255 204 0 0 255 0 255 56 255 234 0 118 255
    255 1 255 255 196 114 0 255 0 181 0 116 0 255 127 240 255 255 0 255
    255 175 0 255 248 255 255 0 126 0 255 255 0 0 255 255 220 0 255 220
    255 0 0 0 221 205 202 0 48 137 0 0 0 200 255 255 255 255 0 231 0 0 0
    255 0 0 0 39 0 255 0 140 86 255 0 41 0 255 255 0 0 255 255 0 221 0
    255 255 255 100 248 0 0 0 0 255 0 141 195 255 255 0 92 0 255 0 0 255
    255 0 255 0 0 255 255 0 0 255 0 255 0 0 0 36 0 26 255 133 255 255
    255 255 0 255 255 255 59 0 0 26 255 0 255 255 0 255 0 255 0 0 255
    255 255 0 0 195 255 168 255 0 255 255 255 255 255 0 255 255 255 0 0
    255 255 255 158 40 0 0 193 255 0 255 255 139 0 0 255 0 0 255 255 0 0
    0 217 0 0 255 0 255 0 255 255 255 46 255 0 0 95 255 5 180 12 118 0
    255 25 255 0 255 0 255 2 255 255 255 255 91 40 255 0 0 0 0 255 255
    255 255 0 0 255 255 0 159 255 0 255 255 0 0 0 161 255 255 222 255 0
    0 0 255 9 255 0 68 79 255 255 0 81 0 255 0 255 255 0 0 0 0 0 255 255
    0 0 85 0 255 0 255 0 255 0 44 0 0 0 255 0 8 0 0 255 255 255 0 255 0
    0 0 0 0 49 0 16 91 0 34 0 255 255 255 0 142 0 255 0 0 255 255 0 4
    255 152 255 0 255 241 255 255 0 0 246 255 0 0 0 223 0 0 0 255 255
    255 255 0 0 0 0 0 255 255 255 0 255 0 255 255 65 249 5 255 0 255 255
    203 255 255 0 255 255 0 0 51 0 255 212 255 0 255 255 219 0 0 255 0 0
    11 255 0 0 171 255 0 251 0 0 0 151 255 255 0 0 0 255 0 231 255 255
    255 255 255 0 0 0 255 255 0 255 0 255 255 0 126 0 0 255 0 255 0 255
    0 0 0 91 255 57 255 255 255 255 255 255 199 255 74 0 0 0 255 255 255
    0 0 0 255 255 255 0 255 255 0 0 0 59 0 0 0 255 255 255 0 208 0 255
    255 39 204 255 192 195 156 255 255 255 255 0 71 0 48 0 255 0 255 0 0
    0 255 0 255 255 255 0 154 0 0 255 0 255 255 255 0 255 0 255 0 0 255
    255 255 0 0 0 255 0 0 255 255 255 174 255 0 0 0 255 255 255 0 255 23
    0 0 255 0 0 113 0 255 0 255 0 0 255 255 255 0 120 0 241 129 0 0 0
    255 148 255 0 255 206 225 255 255 255 255 0 0 29 255 86 0 0 255 255
    0 0 23 181 255 255 52 0 8 0 0 255 0 0 0 255 255 255 0 255 0 0 0 255
    255 51 0 0 85 130 255 255 0 0 0 0 181 255 255 106 45 0 255 255 0 255
    225 255 0 0 0 255 255 0 0 255 0 0 255 255 0 0 255 255 255 0 255 0
    255 91 237 255 154 255 0 152 94 255 0 0 255 255 113 150 207 0 0 99 0
    255 0 52 0 35 0 0 255 255 255 151 0 255 255 255 255 255 17 119 255
    56 255 169 0 255 79 0 0 255 255 255 0 255 255 255 96 0 0 255 231 255
    255 255 0 255 90 88 0 0 255 255 255 255 0 0 0 0 0 255 255 255 0 0
    129 0 0 2 255 255 255 0 0 0 255 255 255 255 255 0 160 0 75 53 178 72
    255 0 0 255 255 0 255 73 255 0 255 114 255 16 255 0 255 255 255 0 0
    255 255 255 255 0 0 48 0 0 255 0 0 255 0 255 32 255 156 0 0 0 0 255
    255 255 255 255 0 255 255 62 0 0 255 55 255 0 255 0 0 255 255 255
    255 158 255 0 255 255 255 255 0 255 255 0 0 55 255 255 0 255 255 255
    0 0 255 64 255 0 0 0 0 228 255 255 0 0 0 255 255 0 0 79 255 0 0 0 14
    255 255 255 0 0 0 255 0 255 0 255 255 255 76 255 0 0 0 255 0 0 230
    255 128 0 255 255 17 0 0 255 255 0 255 65 255 0 0 255 255 255 22 75
    159 0 255 0 255 0 255 0 0 136 255 58 0 144 216 0 66 253 0 255 122
    255 0 0 255 255 160 0 255 255 255 245 0 0 0 230 255 255 255 133 0 0
    255 255 232 0 0 255 193 255 0 255 255 0 255 0 240 0 255 98 0 255 0 0
    255 255 0 0 255 255 0 0 227 255 255 255 0 0 0 0 97 255 255 34 255 0
    255 0 0 0 255 0 0 0 255 128 255 0 223 255 255 255 0 124 0 51 0 255 0
    255 125 0 233 15 255 10 230 0 178 255 0 0 0 0 255 255 200 255 0 0 0
    0 255 0 0 0 255 183 255 0 255 0 255 255 0 0 0 255 255 75 255 255 140
    255 12 0 234 0 0 255 255 255 0 255 255 0 0 0 255 255 255 10 0 0 70
    255 0 0 151 255 255 0 255 0 0 0 0 255 0 0 0 4 255 255 255 113 53 255
    8 25 3 255 255 24 0 0 160 255 255 255 255 0 0 0 255 0 0 0 0 199 0
    255 0 255 253 141 0 3 255 117 255 0 0 86 0 255 0 184 0 0 163 255 255
    0 0 0 94 255 255 249 255 0 0 0 255 255 255 255 0 0 255 170 0 0 255 0
    255 255 255 0 0 0 0 254 231 255 0 255 255 0 255 78 0 239 255 141 0 0
    255 0 0 0 255 148 0 0 255 0 0 44 255 255 255 0 0 246 33 255 14 113 0
    255 255 255 255 0 0 43 255 0 0 255 0 255 255 255 0 0 255 0 255 255
    255 0 255 0 123 162 136 0 255 30 255 7 56 0 143 255 255 255 0 255 0
    255 23 255 0 192 0 161 0 0 255 0 255 0 255 255 198 255 102 0 0 0 255
    255 255 245 36 255 0 255 36 0 255 0 255 0 41 0 255 0 0 255 0 254 0
    49 255 245 0 0 255 255 60 0 220 255 255 255 0 255 0 213 0 255 255
    255 255 255 255 211 255 255 255 0 0 0 0 255 255 0 0 3 73 255 0 255
    255 255 0 255 255 255 255 0 0 0 255 255 120 255 210 255 0 0 171 255
    255 0 134 0 255 255 82 160 255 0 0 255 255 255 0 53 0 0 62 0 255 134
    36 0 39 0 0 0 237 0 128 0 255 0 255 255 255 255 0 0 254 123 255 0
    255 191 0 0 0 217 255 216 0 255 0 0 189 255 132 86 39 255 0 176 0
    255 255 255 0 0 255 0 255 84 255 0 255 0 255 255 0 255 215 98 0 0 0
    0 255 255 76 0 0 0 80 115 0 255 255 65 64 0 63 0 255 255 0 197 0 255
    0 0 0 0 68 255 113 0 255 0 0 0 121 0 98 255 255 255 0 13 0 255 255
    91 0 71 255 255 0 0 109 216 255 255 255 0 255 102 0 0 107 255 255 0
    0 0 255 192 0 0 0 60 255 255 0 177 0 255 0 255 0 211 255 94 0 255 0
    255 0 255 0 0 34 193 255 0 255 0 0 0 255 255 255 0 255 33 255 3 0
    255 255 255 116 0 232 255 255 0 0 0 255 255 255 0 255 255 0 0 0 0 0
    0 0 63 0 255 0 0 0 0 127 0 0 255 255 255 0 255 0 255 255 0 255 255
    255 255 0 0 233 84 0 4 255 255 0 197 0 0 0 255 255 230 10 0 0 10 255
    255 0 0 0 255 255 0 0 255 255 255 0 0 255 243 0 255 0 178 0 255 0
    255 255 255 0 0 0 255 255 101 0 0 255 139 98 0 89 255 255 0 0 0 255
    255 255 0 0 135 255 255 0 255 177 211 0 255 255 255 119 0 0 255 0
    255 0 105 0 0 255 255 255 115 0 255 0 255 255 255 0 0 0 255 0 255 0
    255 255 194 255 0 255 0 0 255 0 25 0 255 255 255 0 0 255 196 255 255
    0 0 0 0 0 63 255 0 0 110 0 0 0 255 0 2 0 0 0 40 0 255 0 255 0 255 0
    255 255 255 0 0 0 255 255 255 167 0 255 255 255 0 255 0 0 140 0 194
    255 233 0 0 219 158 255 255 255 0 255 0 0 0 94 255 106 255 0 232 255
    255 255 23 0 255 255 245 0 6 255 0 255 0 0 0 0 93 255 255 255 0 255
    232 0 0 0 0 255 0 255 64 206 255 255 255 168 0 0 255 36 255 255 0 0
    0 255 127 255 255 0 0 255 137 255 0 0 255 255 255 0 255 0 255 0 0
    255 255 255 0 0 255 255 255 0 126 255 165 0 0 255 255 0 166 0 75 250
    252 255 0 255 20 109 0 253 255 255 255 255 78 255 0 191 0 0 97 255
    255 0 255 0 4 255 110 0 0 0 255 255 255 0 0 0 137 143 0 255 0 0 45
    255 255 255 255 0 0 0 183 255 255 63 255 255 202 0 0 96 255 0 187 0
    126 255 255 105 0 110 255 255 255 0 255 255 255 0 0 255 255 244 0 0
    246 130 86 255 255 255 17 0 0 0 255 255 255 0 5 0 255 144 255 255
    115 0 0 161 0 0 0 255 141 255 0 0 255 255 0 204 0 255 255 216 255 96
    112 0 0 0 255 0 0 0 0 255 199 255 122 255 0 146 65 255 255 239 255 0
    0 0 255 255 0 255 0 201 0 255 27 255 255 252 255 0 253 101 0 255 255
    255 37 0 255 255 0 255 0 255 33 0 0 255 4 0 255 255 14 0 0 0 0 255
    81 0 0 0 255 17 0 255 0 255 203 91 28 27 0 255 254 0 0 0 0 0 196 255
    211 255 0 0 255 255 0 0 0 0 255 0 0 0 255 255 0 255 147 255 0 255 0
    0 255 255 255 255 0 255 0 0 255 242 0 255 255 255 255 255 0 255 255
    172 0 0 255 156 255 0 255 0 255 0 182 21 0 157 0 111 102 111 109 0 0
    68 255 255 0 255 0 255 0 0 0 255 0 255 255 255 0 216 0 0 0 141 255
    150 0 0 39 66 255 255 197 0 255 255 255 0 255 89 255 0 0 248 255 255
    0 244 0 207 255 11 0 0 208 0 255 255 0 0 21 255 205 19 204 0 0 255 0
    255 62 255 3 255 62 255 0 255 0 255 255 255 236 0 142 160 0 0 0 255
    0 255 0 213 255 255 0 0 0 0 255 153 255 0 0 0 255 207 255 255 255
    255 223 0 255 255 33 195 0 255 255 70 255 136 255 27 255 255 0 255
    255 255 255 0 0 0 203 255 255 0 0 187 255 118 255 255 255 0 255 255
    255 0 255 255 0 5 196 255 0 255 0 255 0 0 0 255 0 255 159 171 255
    230 75 0 0 0 11 255 255 255 0 255 0 15 255 0 255 18 255 0 255 0 255
    255 38 0 0 193 46 255 0 255 255 255 128 0 0 255 0 255 255 255 0 149
    76 255 255 255 255 96 0 0 255 255 255 255 0 221 255 51 0 0 222 255
    255 255 0 0 255 0 255 231 119 255 0 255 255 152 0 0 0 255 0 100 0
    255 255 0 0 172 255 34 255 56 53 255 51 255 0 197 255 0 0 0 0 255 0
    255 0 207 0 255 0 204 156 255 236 221 80 65 0 147 255 124 255 0 0
    139 0 0 0 0 0 255 255 255 0 0 201 0 0 0 0 255 0 0 0 255 255 0 0 255
    186 255 255 0 255 255 255 155 0 106 133 255 0 0 255 255 255 26 0 1
    231 182 0 255 255 123 56 255 0 255 224 0 0 255 92 0 0 255 0 52 0 255
    0 255 0 255 0 255 0 222 0 0 107 255 255 255 255 255 0 0 0 0 0 255
    255 255 255 0 255 255 35 0 0 0 255 255 255 255 255 255 158 62 0 0 0
    51 0 0 0 113 0 255 255 16 255 255 215 178 255 0 255 255 255 0 255
    255 0 190 255 0 255 255 0 0 0 255 253 0 0 219 0 255 0 214 0 49 239
    32 193 0 0 255 111 0 0 255 6 255 0 255 0 255 156 255 0 0 255 0 0 255
    0 255 0 0 0 255 255 0 120 255 255 255 150 0 255 255 255 0 255 0 255
    0 188 75 255 0 0 255 0 255 0 0 0 0 255 0 255 0 255 0 255 24 255 0 0
    255 0 255 0 255 0 112 255 255 255 0 0 0 0 173 255 0 240 16 0 255 0
    255 0 255 0 0 126 0 74 198 255 183 0 145 255 255 255 255 0 0 29 0
    255 0 0 35 255 255 108 0 0 255 255 0 255 255 255 188 59 0 0 42 255 0
    0 255 0 149 0 255 146 9 0 255 255 255 222 255 255 235 0 0 255 172 0
    92 0 0 217 205 0 255 255 255 255 0 0 0 255 0 0 4 255 255 255 255 255
    0 19 255 233 102 0 255 0 0 0 255 0 255 0 0 0 42 255 255 255 255 255
    0 17 0 0 0 255 235 0 0 255 0 224 255 255 255 255 244 255 0 0 0 185 0
    0 0 255 255 255 151 255 175 255 255 255 0 255 255 255 0 255 0 255 0
    147 0 255 0 255 0 255 0 132 255 255 255 0 255 0 213 216 255 237 0 0
    0 255 255 0 0 0 255 255 198 0 255 255 0 165 255 255 255 0 0 43 255
    39 0 0 0 56 255 0 255 255 255 255 255 0 0 255 173 136 255 0 255 0
    255 12 195 0 255 0 255 0 255 221 0 239 0 255 0 0 0 0 64 255 249 0 0
    249 255 255 255 255 0 0 255 159 255 255 0 255 210 84 255 0 0 0 255
    255 255 0 0 0 255 255 216 0 0 255 255 255 255 255 255 0 180 164 255
    0 255 0 255 0 53 0 255 0 0 255 24 255 0 0 0 0 255 255 255 0 0 0 255
    255 196 0 0 255 255 255 0 0 30 163 255 255 255 56 255 255 255 0 255
    255 255 93 0 0 255 0 255 0 255 255 255 235 255 0 0 255 22 255 0 71 0
    0 0 188 30 97 220 0 255 0 0 0 189 0 255 255 47 255 0 255 68 255 195
    255 255 0 0 0 48 128 255 255 0 0 168 144 0 0 127 0 109 255 255 255 0
    0 255 244 0 0 0 255 0 255 183 255 110 119 0 255 0 255 255 255 51 255
    255 147 0 255 255 0 0 71 255 0 255 0 0 255 0 255 0 3 255 255 255 255
    92 0 0 0 72 9 255 0 242 0 255 0 5 0 255 0 255 255 105 178 0 255 0 0
    0 255 255 55 255 255 136 0 0 255 26 255 82 0 0 97 6 0 0 255 255 0 0
    100 255 255 255 0 255 0 244 0 255 255 255 0 0 205 187 255 73 255 0 0
    255 0 0 0 255 255 0 255 0 255 85 255 0 255 0 0 37 255 255 99 95 255
    255 0 0 85 255 255 255 0 0 255 0 255 0 255 0 240 255 0 255 255 255
    255 0 0 0 255 0 255 71 0 56 0 255 0 255 0 255 0 80 255 0 0 47 255
    255 0 255 160 255 0 0 62 255 0 255 121 155 255 0 255 0 245 255 0 0 0
    0 255 255 255 0 255 0 255 244 255 255 255 255 0 0 97 255 255 255 0 0
    91 0 0 79 255 114 255 54 239 0 0 255 8 0 255 0 255 255 255 255 0 0 0
    0 34 0 255 0 255 42 255 239 255 0 0 0 210 0 63 92 255 255 72 0 255 0
    0 255 255 255 0 0 0 255 255 255 255 0 255 0 62 0 255 255 255 0 0 0 0
    255 0 255 0 255 0 0 28 255 141 0 0 0 0 255 255 0 0 0 255 255 0 85 0
    0 224 0 20 255 255 0 0 123 0 139 0 255 0 255 0 255 0 255 0 212 255
    255 0 255 0 255 255 0 255 0 255 32 38 0 0 255 0 255 0 179 255 0 0 61
    255 0 255 0 0 173 0 81 0 155 0 255 255 255 0 38 255 255 0 255 32 0 0
    0 0 0 255 0 255 255 146 0 0 255 255 255 236 255 0 15 255 255 255 0 0
    0 252 255 255 0 231 0 255 0 150 0 0 0 10 17 31 0 0 187 0 0 255 0 255
    0 255 0 0 255 255 255 225 0 0 0 255 255 255 255 0 255 255 255 41 0 0
    0 255 24 255 255 0 0 255 255 255 0 57 0 255 0 0 0 56 255 0 0 223 0
    255 0 255 90 255 88 255 237 0 0 255 0 0 255 28 148 0 255 0 97 255
    255 255 255 255 24 0 255 255 0 0 255 0 255 111 0 255 255 70 0 255
    230 255 252 255 0 255 0 196 0 255 255 99 0 255 255 220 96 98 141 0
    103 0 0 0 255 215 255 0 2 0 255 0 0 255 39 255 0 0 255 255 255 255
    255 255 255 255 0 88 0 255 255 255 0 185 0 255 0 35 0 0 0 255 255 0
    217 0 0 255 255 255 0 180 0 116 0 0 0 207 0 255 173 255 0 51 255 255
    0 153 255 255 0 0 255 0 255 255 255 67 0 17 0 169 255 179 255 255
    255 255 0 0 0 255 0 255 0 0 255 255 255 255 59 0 119 0 0 0 0 255 255
    0 0 0 255 255 255 0 255 255 255 255 0 255 255 255 50 0 255 255 203
    255 0 255 0 0 0 255 42 255 0 0 152 225 255 0 110 255 0 0 0 0 193 255
    122 0 0 12 255 0 255 0 128 0 255 0 255 0 0 255 255 255 0 0 224 255 0
    255 0 255 24 0 0 255 176 193 255 0 65 101 255 255 0 0 0 0 255 255
    255 255 0 255 0 255 87 223 0 255 0 255 255 255 0 0 0 255 0 255 236 0
    255 2 0 255 255 255 0 0 242 0 255 0 216 0 255 70 255 0 255 255 255 0
    0 232 255 0 0 0 63 72 255 0 255 0 255 0 90 0 0 255 255 161 255 255
    45 0 0 255 0 255 13 25 0 255 0 255 0 38 255 0 0 0 255 255 221 0 0
    255 29 111 0 0 255 255 255 255 255 0 143 254 0 0 255 0 0 255 255 0
    117 0 255 29 255 0 0 204 0 255 0 255 196 0 255 0 255 255 255 0 0 255
    129 255 255 255 0 0 255 115 0 255 255 255 35 0 0 0 255 14 42 255 0
    255 0 144 0 0 0 162 255 255 255 255 0 255 0 255 68 255 255 0 0 0 153
    255 255 255 0 255 0 255 3 183 0 0 187 255 0 255 0 255 77 255 0 177
    162 255 255 255 0 255 0 0 0 33 255 255 0 0 255 255 255 0 0 86 255
    255 0 0 0 255 255 255 255 255 0 0 0 0 0 255 255 250 0 255 0 255 255
    255 0 0 255 148 255 0 0 0 218 0 0 255 0 255 0 157 0 255 255 10 255
    255 148 51 0 0 0 115 255 255 0 255 255 255 0 255 0 0 0 0 255 255 255
    0 255 0 192 255 255 0 0 0 255 255 255 0 142 0 255 0 0 0 39 255 0 255
    0 255 0 255 0 0 0 255 0 0 0 255 255 255 0 9 0 140 255 255 0 127 0
    255 255 0 0 255 255 191 0 0 0 255 255 255 255 0 74 199 255 0 255 255
    0 255 255 120 0 0 0 255 255 0 76 0 251 255 255 255 0 255 0 255 255
    255 255 0 255 235 0 0 0 0 50 255 255 0 0 0 255 0 0 255 255 236 0 0
    255 255 68 0 0 0 255 255 255 0 1 0 255 190 99 142 255 255 0 0 0 255
    0 185 12 255 255 255 100 0 255 0 255 0 255 0 255 255 0 158 0 255 0 0
    255 255 0 255 255 255 255 0 0 204 255 255 0 255 0 255 255 255 0 255
    255 255 0 255 255 149 255 123 0 0 0 112 17 0 0 255 205 0 0 0 255 0
    23 255 0 255 0 0 0 255 71 0 255 42 0 0 255 0 0 255 255 0 255 0 255
    21 255 0 255 49 255 0 0 0 255 255 0 255 0 0 34 255 255 0 244 0 106 0
    49 255 255 0 0 144 0 255 0 255 51 255 93 0 0 255 184 74 0 165 255
    255 255 0 65 83 255 203 255 255 255 0 255 0 255 0 0 255 255 255 0
    255 0 194 0 255 255 255 255 0 0 0 255 160 229 255 255 255 0 0 255
    255 255 0 0 0 255 255 39 255 0 0 0 255 255 255 138 0 147 218 255 208
    255 255 255 119 88 3 255 255 85 0 233 255 0 0 83 255 255 255 0 0 228
    255 115 134 255 0 140 252 0 0 14 255 0 0 0 255 0 255 0 0 0 0 255 214
    255 0 255 0 0 0 255 0 255 255 255 0 255 0 255 255 114 255 0 0 28 255
    255 0 90 93 255 0 0 0 255 255 238 0 0 62 255 0 206 0 255 0 97 0 255
    255 255 0 0 0 142 77 255 255 255 0 249 0 255 255 29 0 0 0 0 38 255
    255 255 0 0 0 255 255 0 255 255 127 0 0 255 76 0 81 255 255 255 0
    255 0 162 103 0 0 255 255 0 0 0 255 255 255 255 173 0 0 255 255 255
    0 0 232 255 0 255 0 13 0 255 147 255 255 255 0 0 255 255 97 0 0 255
    255 255 255 255 0 255 0 255 255 255 0 255 0 255 255 255 255 0 33 0
    45 181 255 255 255 0 0 255 108 255 141 255 255 255 172 0 129 255 0 0
    42 195 0 0 255 255 255 0 54 0 0 0 255 255 255 0 0 0 0 255 255 212 0
    255 0 0 0 255 255 48 0 0 0 255 255 255 40 29 255 0 217 87 0 0 255
    255 144 255 183 0 255 27 255 0 0 255 0 0 0 255 0 255 255 255 0 255
    255 255 197 0 123 0 152 0 255 45 23 177 0 96 0 182 255 0 83 255 0 0
    0 255 0 255 0 255 255 255 0 0 0 232 0 255 0 255 0 0 255 255 0 45 112
    255 255 255 0 0 255 255 0 0 255 255 208 0 255 173 0 0 0 255 65 219
    255 255 0 255 0 255 27 255 108 0 255 255 0 0 17 0 255 0 255 0 237
    255 255 10 0 0 0 255 255 0 0 0 255 255 0 0 255 21 25 0 0 195 255 59
    142 0 0 0 0 0 36 255 65 0 255 63 255 0 0 0 0 0 255 0 0 255 255 255
    255 2 255 0 0 0 255 129 111 255 255 136 95 0 255 255 255 0 0 255 0
    255 255 48 251 229 0 0 255 0 0 255 0 255 255 255 0 0 0 0 0 255 216
    48 0 255 61 255 0 255 0 180 0 255 72 0 255 255 185 133 0 136 31 255
    61 6 0 144 114 0 0 138 12 0 117 255 255 255 0 0 0 255 255 255 0 255
    238 0 255 255 255 8 0 141 88 255 255 0 255 0 255 255 255 0 243 0 13
    0 0 0 255 0 59 255 214 0 0 124 0 0 0 255 139 0 0 255 255 0 255 205
    255 0 255 255 255 0 0 0 0 255 0 255 255 255 0 0 204 0 183 255 0 248
    76 17 123 255 255 255 255 255 0 255 124 255 0 255 0 255 255 169 130
    134 255 199 61 255 58 255 0 0 0 255 255 255 0 255 255 95 0 0 0 255
    255 80 0 255 226 255 255 255 0 251 0 0 130 0 0 165 255 0 255 3 255 0
    0 255 173 163 255 255 255 255 255 0 230 255 255 255 255 0 255 178 0
    0 255 66 0 255 255 0 255 255 0 255 0 0 0 255 255 255 255 0 0 0 255
    255 255 0 0 255 0 255 0 255 147 255 0 202 255 255 49 0 158 255 255 0
    4 255 0 248 0 255 182 222 0 0 0 255 0 255 210 0 0 0 0 255 0 0 0 255
    59 25 255 255 18 0 0 255 255 191 255 255 189 0 255 0 0 153 0 255 0 0
    255 0 255 0 255 0 0 0 164 255 255 16 0 255 255 253 0 0 255 255 255
    16 190 0 255 255 255 255 255 56 255 255 0 0 0 0 255 0 0 0 255 56 0
    42 255 49 255 0 255 0 255 0 0 255 255 255 232 255 0 157 0 0 190 9
    255 0 0 0 255 0 0 0 255 71 0 0 255 188 255 0 0 0 255 0 0 0 255 0 0 0
    0 255 255 255 0 0 255 255 255 0 30 0 255 0 229 0 0 255 0 237 0 255 0
    65 109 255 0 0 115 255 255 230 0 0 255 219 107 0 0 0 104 255 255 255
    0 97 255 184 255 0 255 0 255 116 255 0 255 0 255 255 0 0 0 55 0 0
    255 0 0 0 255 84 255 0 57 255 0 0 0 92 44 255 0 242 0 255 0 0 245 0
    255 0 0 255 255 255 5 0 255 0 255 255 0 0 255 0 255 0 41 255 0 255 0
    0 255 167 0 0 255 255 0 0 255 0 255 68 255 0 0 255 255 0 0 0 255 71
    52 0 49 0 98 242 255 0 187 255 54 0 0 255 0 212 0 0 0 255 0 255 255
    255 255 143 217 255 0 255 255 255 255 0 255 255 0 255 255 255 0 0 0
    255 255 255 0 114 0 255 171 0 255 210 96 51 0 0 114 255 255 255 0
    242 0 255 255 64 0 0 0 255 0 255 255 255 255 255 234 0 255 255 0 0 0
    0 108 255 255 255 0 0 255 255 0 34 0 255 130 28 36 0 0 0 0 186 255 0
    255 255 255 255 0 242 0 255 255 255 0 0 255 255 255 0 193 255 0 0
    255 255 0 0 255 0 117 0 255 0 255 0 0 0 0 139 255 203 255 255 255
    120 33 0 93 255 255 0 0 0 229 255 0 0 255 0 113 167 255 234 255 255
    255 255 0 16 134 255 0 255 204 0 255 255 0 46 208 0 255 0 0 0 55 255
    255 30 0 0 0 255 230 255 0 0 153 82 255 0 63 0 97 178 255 0 255 255
    255 0 0 0 152 255 0 0 0 134 0 0 0 255 133 255 3 0 0 0 255 0 124 0 0
    0 255 255 255 0 0 0 237 255 0 255 0 255 0 0 0 214 64 120 0 255 0 255
    0 29 255 0 0 0 255 0 255 0 255 0 111 255 72 0 255 255 255 255 255
    182 255 0 0 255 97 255 255 255 0 255 196 165 0 0 0 255 255 0 0 0 255
    255 255 189 255 228 0 0 0 209 255 0 0 255 0 255 0 255 233 255 0 255
    11 175 255 255 255 255 0 0 52 255 174 255 0 0 255 136 255 0 0 0 0
    255 0 255 0 63 0 255 0 255 255 255 0 0 255 44 255 0 0 255 0 95 0 255
    0 255 110 0 0 255 0 255 11 0 0 255 255 0 255 255 78 0 255 255 104 0
    0 180 165 255 255 255 0 99 255 255 0 255 0 0 0 0 255 255 255 0 255 0
    255 0 255 255 13 0 0 255 5 255 0 255 255 108 0 255 0 0 0 255 255 0 0
    0 243 174 0 255 195 255 119 0 0 108 55 255 177 255 255 0 255 150 255
    0 255 135 0 0 255 0 0 0 200 255 255 255 0 0 0 255 181 96 20 0 255
    255 255 0 255 0 0 0 255 31 0 0 139 255 0 85 255 255 255 0 255 0 222
    111 9 70 255 0 75 0 94 255 255 255 0 0 255 0 255 255 253 0 0 205 0
    255 255 255 0 0 255 0 0 0 71 255 224 255 0 0 255 223 255 255 255 255
    255 255 0 0 255 255 255 255 0 0 3 0 255 255 0 115 0 255 160 0 0 174
    255 255 255 11 0 9 255 190 255 171 255 0 255 0 255 0 255 255 255 0 0
    255 255 255 0 0 0 0 255 0 0 255 0 255 248 0 255 255 255 47 0 255 255
    255 201 255 50 255 0 255 245 0 0 0 0 0 255 255 0 0 255 0 255 217 255
    0 255 0 0 0 255 0 255 255 0 255 0 255 0 0 255 255 255 198 255 0 255
    0 255 68 0 0 146 187 255 255 109 0 255 142 255 255 255 255 0 255 255
    0 0 0 255 255 0 255 255 255 0 0 247 0 255 0 255 0 162 57 255 70 105
    255 255 142 0 255 255 0 255 255 0 255 0 92 0 255 255 255 0 187 220
    42 0 0 220 255 0 255 255 83 255 0 255 0 194 0 0 255 255 255 0 255 0
    0 0 255 255 255 0 0 0 255 255 3 255 255 0 0 203 255 255 0 0 255 255
    255 0 0 255 255 0 255 255 255 0 0 255 255 255 41 255 0 255 0 11 255
    255 0 0 0 255 255 255 255 255 0 214 0 255 255 0 0 255 0 0 0 0 242 0
    0 255 0 105 255 255 255 255 0 0 0 255 0 181 0 0 0 0 255 255 0 255
    255 255 0 0 0 255 0 255 0 255 0 0 57 232 0 0 0 0 0 255 0 255 0 0 95
    255 255 255 255 54 0 255 255 255 11 0 107 0 88 158 204 0 255 152 255
    0 255 255 183 0 0 255 255 255 0 0 0 255 77 0 0 255 113 255 255 99
    255 82 0 255 189 255 0 255 0 0 214 255 0 188 0 0 255 255 255 255 255
    54 0 39 0 0 255 255 255 243 0 0 0 255 255 71 0 0 220 0 255 255 0 0 0
    255 255 255 0 255 255 255 0 0 29 255 255 143 0 255 0 255 0 188 255
    255 255 0 147 0 0 255 255 255 255 197 0 0 255 255 0 132 0 0 255 0 0
    0 255 255 0 0 182 208 255 184 168 0 255 0 255 255 255 0 0 0 0 0 255
    255 129 255 0 54 0 65 64 255 0 255 0 255 0 255 255 0 103 82 255 0 0
    0 255 0 255 245 0 255 0 255 0 255 255 255 255 0 255 0 214 255 255 18
    0 0 255 0 0 89 186 204 255 0 255 0 0 185 214 255 255 195 0 0 96 255
    255 255 237 255 0 255 0 142 0 255 255 0 0 177 255 0 196 0 255 255
    255 0 0 73 62 255 0 255 255 107 0 0 0 255 57 255 0 255 0 0 0 150 255
    255 255 121 17 8 0 255 0 255 0 92 0 255 128 0 255 0 0 255 0 255 0 0
    0 0 0 0 255 255 0 20 0 255 242 129 87 255 255 0 0 0 255 0 255 83 0
    255 0 0 255 0 255 255 255 166 0 0 0 255 255 207 0 94 0 255 55 0 255
    255 0 255 45 255 0 255 255 0 0 0 255 255 255 0 0 0 0 0 125 24 255
    255 0 0 255 255 255 255 255 255 17 0 0 0 255 224 255 255 0 255 255
    255 0 0 0 0 217 85 0 0 0 255 255 0 255 0 0 255 255 150 223 255 188 0
    0 0 208 255 255 0 0 212 255 255 0 255 0 255 0 0 0 188 255 255 0 0 0
    0 255 0 255 0 0 255 255 111 66 31 0 77 255 255 0 140 0 255 203 0 124
    255 255 97 0 153 39 0 0 0 255 0 255 0 255 0 255 1 0 0 255 255 255 0
    0 0 255 0 255 0 255 162 255 0 0 154 255 0 0 0 0 255 54 0 0 0 152 255
    255 255 0 0 255 0 255 0 167 0 255 255 255 214 255 0 255 0 255 0 0
    165 0 0 0 255 255 255 0 255 255 255 0 61 0 255 255 52 31 0 255 255
    255 0 0 255 192 255 0 255 241 255 255 22 194 255 255 255 12 194 0
    255 255 0 0 255 93 255 255 255 255 0 0 65 255 255 0 255 255 255 0
    220 0 131 255 142 0 255 255 255 255 0 255 198 141 144 0 255 255 255
    0 255 255 0 0 255 255 0 255 0 255 0 255 255 255 171 0 255 228 255
    255 255 0 0 0 255 98 255 0 0 79 0 255 102 255 0 0 36 19 255 0 140 22
    255 0 0 0 222 0 255 255 255 0 0 0 255 96 255 255 194 0 0 255 255 255
    219 255 0 244 0 255 255 255 255 20 0 0 255 255 255 0 188 0 255 255
    255 0 255 0 255 253 0 255 0 255 255 255 255 0 255 0 0 255 255 255 0
    130 32 0 0 110 0 255 255 255 84 102 158 255 0 255 21 255 255 255 255
    255 0 0 255 0 255 0 255 0 255 0 255 255 0 255 255 0 0 205 255 255
    255 242 0 0 217 0 0 255 255 255 0 0 0 0 0 255 255 255 0 0 0 255 255
    0 255 0 255 255 255 255 189 255 0 85 0 255 0 255 12 255 38 0 0 0 255
    255 0 0 0 35 255 255 255 255 74 186 0 0 255 0 120 22 255 0 0 0 0 0 0
    248 255 0 213 0 0 0 227 123 255 0 0 255 255 249 0 255 255 0 0 0 255
    255 255 255 255 255 0 0 112 0 76 62 0 255 34 255 0 0 190 255 255 216
    0 0 255 0 255 20 255 0 0 255 255 0 170 219 45 255 255 0 255 0 255 0
    255 0 0 184 146 0 255 0 255 0 0 0 255 255 0 255 129 255 0 0 0 255
    255 255 0 255 0 0 255 0 255 0 230 181 255 255 123 0 34 0 0 255 255 0
    255 255 255 0 255 0 120 151 163 0 0 44 0 0 113 255 255 255 0 255 0
    255 0 0 0 255 255 255 42 255 255 255 255 255 255 0 89 255 201 29 0 0
    255 0 255 0 255 0 191 255 255 255 31 0 255 255 255 187 142 255 255
    78 24 0 255 255 255 0 143 43 255 0 255 0 255 0 255 255 0 49 168 255
    255 255 255 255 0 0 202 255 0 255 255 0 0 100 255 0 0 255 0 255 224
    255 134 0 0 255 0 255 0 255 255 255 53 168 0 0 255 23 0 255 23 255 0
    255 0 255 0 0 0 30 182 0 255 0 161 144 255 0 0 124 0 255 255 255 0 0
    0 0 0 0 255 255 246 0 255 255 181 0 255 216 14 0 0 194 255 248 255 0
    135 255 0 255 0 255 48 255 0 171 0 255 255 214 255 0 0 0 51 255 255
    0 0 255 168 255 0 206 15 0 255 0 0 0 255 255 255 0 0 255 9 128 0 255
    0 0 255 255 255 0 255 0 0 0 0 255 0 0 0 255 74 255 0 255 255 255 0
    255 0 0 205 0 255 0 255 192 0 94 41 255 255 0 255 9 255 0 255 255 84
    0 0 255 0 0 0 255 255 255 255 0 0 29 255 255 0 212 0 0 0 255 0 255
    255 0 0 0 255 87 0 0 199 255 255 255 0 0 0 255 255 255 99 125 0 255
    119 255 57 255 255 252 0 255 0 0 0 0 255 162 0 0 255 255 255 0 0 255
    140 255 0 255 103 255 0 255 0 255 0 0 128 255 255 255 186 0 0 255
    255 255 255 0 255 0 0 0 255 255 0 80 174 154 255 255 255 0 0 21 255
    0 0 0 255 0 0 0 255 0 0 255 255 0 0 255 255 0 0 137 255 0 0 255 255
    114 255 255 0 255 0 0 0 0 255 165 255 255 0 255 192 255 0 133 0 0 0
    255 255 103 0 0 255 255 0 0 255 243 0 88 0 255 101 255 0 255 62 0
    255 251 0 255 0 255 105 116 0 255 255 0 255 255 127 0 255 0 255 0
    255 255 255 0 13 255 0 0 0 76 255 255 255 255 0 0 0 255 255 193 255
    0 0 0 197 56 0 255 165 2 0 255 161 0 255 0 217 255 0 0 0 255 129 0
    249 255 197 0 0 17 255 0 177 0 1 0 72 175 255 0 255 0 243 6 0 255 0
    255 0 255 8 255 0 0 0 57 0 28 0 255 255 11 255 0 255 255 21 0 0 255
    44 255 255 255 167 0 0 255 0 0 255 97 219 0 255 190 0 0 255 0 0 0 0
    255 249 0 255 0 255 255 0 255 255 255 0 0 91 98 255 0 0 255 255 255
    0 150 255 255 0 145 137 255 0 23 0 215 10 0 133 255 0 0 0 255 255
    255 0 255 233 255 0 255 255 0 22 0 155 0 255 130 25 0 255 255 124
    255 0 0 255 0 118 0 255 0 0 255 0 0 0 255 0 255 255 255 0 0 0 251 0
    255 255 255 141 255 0 255 220 255 87 83 0 0 0 255 255 255 0 0 255
    255 0 0 0 43 255 88 0 0 0 177 255 159 0 255 255 169 255 0 0 255 102
    224 91 255 0 0 0 252 255 255 0 0 0 202 0 131 0 0 255 255 126 255 112
    255 0 255 0 0 0 0 175 255 255 127 122 255 252 0 0 157 255 187 255
    255 33 240 0 0 0 0 64 255 255 255 0 0 0 255 255 255 255 255 0 0 0
    255 255 0 0 255 140 0 0 0 255 255 255 0 0 53 255 255 244 255 255 133
    0 255 255 255 255 255 0 0 3 255 179 255 0 255 0 0 0 0 255 142 255 0
    0 255 255 0 255 0 255 0 255 0 255 0 145 0 255 0 0 0 38 255 42 104 0
    0 255 255 255 255 255 0 0 9 140 126 0 255 0 255 95 184 0 0 0 1 0 142
    0 255 145 0 0 143 255 255 0 0 255 242 244 217 147 125 0 255 255 255
    0 0 0 255 255 255 255 160 255 0 255 239 0 0 255 0 252 0 0 0 255 232
    145 255 255 100 0 0 255 255 255 0 43 139 231 255 23 0 0 255 184 255
    0 0 255 0 0 0 0 255 165 0 255 255 255 0 0 201 255 0 0 0 0 172 0 255
    0 0 255 255 10 0 0 0 203 0 255 0 255 0 255 189 255 255 82 0 0 0 255
    255 255 107 0 0 255 0 255 0 0 86 113 255 26 255 0 0 0 0 255 255 255
    0 0 0 255 127 0 140 255 255 255 0 0 134 255 0 255 0 0 0 255 255 255
    148 0 96 0 0 154 255 255 51 0 0 255 255 0 0 0 0 17 255 0 0 238 255 0
    0 0 0 255 153 255 0 255 255 0 180 255 255 255 115 0 255 0 0 68 255 0
    0 0 0 0 0 255 255 0 0 0 255 0 255 0 0 255 255 0 0 221 255 255 0 0 0
    255 0 255 3 255 0 255 255 255 255 174 0 138 0 255 255 0 0 0 0 255 0
    255 0 0 255 59 255 87 0 255 0 0 255 255 255 255 5 0 0 255 255 255 59
    0 0 255 127 0 0 0 0 0 0 212 255 207 255 255 157 0 255 255 255 255
    255 0 0 0 255 255 255 255 0 0 255 255 217 54 255 118 0 0 255 255 0
    31 0 0 255 255 185 32 0 255 217 0 255 0 255 0 255 0 255 0 255 255
    255 0 0 0 255 255 21 0 0 255 0 0 156 255 0 255 0 255 0 0 0 249 255 0
    0 180 201 255 255 255 0 255 0 153 255 255 0 0 255 255 0 168 0 215
    255 0 255 74 0 135 0 0 0 255 179 105 0 255 255 255 152 0 0 0 255 74
    0 255 44 119 56 0 255 0 249 255 255 48 255 36 0 33 0 0 255 255 243
    255 255 255 50 149 0 0 110 0 255 0 255 0 255 0 255 255 255 177 0 0
    153 255 0 0 0 160 255 0 255 255 255 255 255 54 0 255 255 255 0 11 0
    255 255 255 234 255 255 0 0 0 0 8 255 244 119 0 255 255 0 0 0 0 238
    255 64 255 255 255 255 11 255 0 255 0 255 255 0 0 0 255 255 0 255
    129 255 255 255 0 225 93 0 255 0 143 0 255 255 255 255 139 0 11 255
    0 0 255 255 255 0 13 0 255 0 0 255 255 255 0 0 255 255 255 255 169 0
    228 27 29 0 0 0 253 255 0 255 0 255 255 255 255 0 0 255 255 255 255
    0 0 0 255 255 255 0 0 0 255 255 0 255 0 0 41 255 255 0 0 0 255 241
    255 0 255 76 82 0 255 0 245 255 0 189 255 255 0 0 0 255 17 0 0 0 255
    255 255 0 9 0 0 0 255 255 0 93 0 255 255 0 0 15 255 239 255 57 255 0
    255 255 0 0 0 255 225 255 255 0 0 0 255 179 0 0 255 224 129 207 0
    143 139 82 28 0 255 255 255 138 155 0 0 0 197 0 0 146 255 255 255
    255 0 255 0 0 255 255 255 0 103 231 44 255 0 0 255 255 0 117 0 255
    255 255 255 0 255 0 0 0 0 49 255 255 56 0 0 255 187 0 255 28 255 0
    55 255 0 255 255 0 0 0 0 255 255 255 255 240 0 255 1 221 0 255 229
    255 0 255 255 0 250 0 255 0 255 236 255 255 214 81 0 255 0 166 255 0
    255 134 218 255 230 0 0 0 48 255 255 173 0 0 0 31 0 255 0 193 106
    255 255 0 0 0 255 216 255 0 255 0 255 255 255 0 0 255 0 0 255 255
    255 0 0 255 255 255 0 0 255 0 55 0 0 42 0 255 71 255 255 255 0 0 0
    255 130 218 217 0 236 255 0 0 255 255 59 0 0 0 0 0 0 255 255 255 0
    232 63 0 255 94 255 70 255 0 0 0 0 0 255 255 255 255 255 0 0 255 75
    0 0 0 0 27 255 57 255 0 81 255 255 255 0 0 247 255 50 0 0 255 255
    255 255 0 84 255 0 255 0 255 0 160 162 255 255 0 0 0 255 0 255 0 0
    220 255 255 255 0 0 174 0 255 0 255 62 255 0 0 0 255 255 255 255 255
    0 0 255 255 0 0 0 0 0 17 88 255 72 255 0 0 72 255 0 27 255 0 56 0 75
    0 0 58 255 255 0 255 0 255 255 255 43 255 0 239 255 255 0 255 0 255
    255 0 255 255 255 198 182 0 0 255 255 255 0 0 0 88 255 0 0 239 255
    255 255 94 0 195 0 255 0 255 255 255 0 0 0 164 255 255 255 0 0 255 0
    255 255 0 0 255 255 246 0 0 0 203 255 0 255 255 184 255 255 255 0 0
    0 255 0 11 255 0 20 255 230 0 0 255 255 255 255 255 0 0 0 39 255 255
    162 255 0 255 0 166 0 255 32 255 0 255 0 0 255 0 0 0 209 33 103 0
    255 51 255 50 255 0 255 0 0 220 255 217 255 255 255 0 0 0 184 84 164
    255 99 66 217 255 0 255 255 255 255 255 255 0 99 255 255 255 245 0
    94 255 255 255 255 255 0 7 0 0 255 231 255 255 255 0 255 0 0 255 234
    255 255 0 172 0 255 255 255 0 0 0 255 255 0 255 0 255 0 255 0 255
    255 255 255 255 0 0 0 0 255 38 255 255 0 0 255 255 255 0 0 0 171 126
    255 89 255 249 255 218 0 96 146 255 0 0 0 255 255 50 0 255 255 255 0
    255 255 158 0 112 0 255 215 0 7 0 255 0 255 0 255 255 0 0 0 0 255
    255 255 0 255 0 255 0 255 255 255 255 255 255 255 255 0 255 0 255 0
    0 0 255 255 29 0 185 255 255 255 206 0 255 255 255 0 0 0 255 255 0 0
    157 255 0 0 0 255 255 255 0 255 130 73 152 143 1 0 0 0 73 154 21 255
    255 0 0 0 255 0 0 255 0 0 0 157 228 255 0 255 0 255 0 255 255 103 0
    0 255 0 255 0 255 255 0 79 255 44 255 0 255 255 0 0 255 255 255 0 0
    255 0 255 0 255 0 255 0 255 255 255 0 0 159 255 255 0 255 0 255 255
    255 255 0 0 0 39 255 0 255 0 255 255 179 0 47 28 255 122 255 0 143
    132 11 166 255 149 255 0 255 154 0 0 255 238 255 138 0 27 0 255 255
    255 255 0 255 0 255 255 118 0 0 255 255 0 0 0 255 0 255 255 255 255
    0 0 255 0 119 0 255 255 255 59 255 0 0 17 255 255 0 217 0 255 255
    255 255 154 0 0 0 0 0 255 218 0 0 255 0 255 0 0 0 255 255 255 0 255
    255 255 0 0 129 0 255 0 255 0 0 0 255 0 255 0 0 71 0 19 255 253 255
    0 255 255 255 0 81 151 107 255 255 0 255 255 255 0 88 0 255 186 0 0
    0 0 36 255 0 255 203 255 0 255 255 0 163 0 255 255 52 0 0 255 0 73 0
    255 255 255 6 246 255 255 255 255 66 67 255 255 0 255 255 0 0 172
    255 0 255 0 0 0 216 0 0 96 255 255 7 0 0 232 214 255 0 255 187 255
    255 255 35 0 79 0 75 255 0 0 0 255 255 0 255 0 156 0 255 255 0 0 0 0
    0 255 255 255 255 0 0 0 0 0 255 0 255 7 255 0 151 255 28 0 100 0 255
    78 255 0 255 0 255 0 0 122 0 255 231 255 0 31 255 255 87 0 255 0 255
    0 0 0 0 115 255 255 255 0 255 255 162 255 120 251 255 0 255 0 255 0
    0 0 255 255 255 0 255 0 255 0 255 191 0 0 0 0 255 255 0 255 0 255 0
    255 0 255 0 0 0 255 0 0 183 0 255 0 0 255 145 0 255 59 255 0 0 0 0
    218 255 255 0 0 0 164 255 255 0 255 0 0 0 0 255 255 115 0 255 0 185
    189 255 0 0 0 255 255 0 95 0 0 255 107 232 0 0 0 255 255 255 140 0
    110 255 0 255 71 255 0 53 0 0 0 255 255 0 75 0 0 191 0 255 255 0 0 0
    255 0 0 0 188 255 255 44 0 0 93 255 255 166 187 0 0 255 255 0 0 0 0
    0 255 0 193 255 255 0 255 255 0 255 255 0 255 255 255 0 0 0 0 163
    255 255 255 255 0 0 0 0 0 255 33 62 0 0 255 204 255 80 0 61 255 255
    180 149 255 255 0 235 0 0 0 0 0 39 0 255 255 255 0 255 255 0 0 0 26
    255 255 255 236 204 255 0 255 0 255 0 255 247 255 82 0 0 255 0 67 0
    0 82 0 255 0 227 0 0 255 141 255 0 255 255 255 0 255 227 255 213 255
    120 0 0 0 255 255 108 0 0 0 255 255 255 255 0 255 0 255 0 0 0 0 255
    255 0 0 0 255 255 255 255 0 0 0 255 221 255 0 108 188 255 255 99 255
    255 0 255 0 123 0 185 255 0 109 0 184 0 0 247 255 255 255 0 255 0 0
    0 0 255 0 0 255 255 0 255 0 255 255 255 0 255 0 0 255 255 1 0 255
    151 0 255 0 0 0 0 255 255 255 0 0 174 214 0 172 0 55 194 127 255 14
    0 211 255 255 255 0 0 255 255 255 0 255 206 0 255 193 0 255 0 0 0
    255 255 6 0 0 0 25 255 77 255 255 0 0 0 77 0 67 0 255 255 255 0 82
    255 0 0 0 0 0 0 255 255 255 212 137 0 0 255 0 0 255 0 255 0 255 33
    255 0 255 0 0 134 255 0 255 0 255 255 146 240 255 0 0 162 152 255 0
    0 0 255 255 0 0 255 35 255 226 255 0 0 232 0 0 75 255 255 0 0 0 255
    255 255 255 0 218 0 255 185 255 0 0 255 167 216 255 0 255 255 93 0
    255 255 255 0 255 0 127 255 0 146 4 114 0 32 0 0 0 255 0 255 31 252
    0 0 255 206 255 255 62 0 0 173 186 255 255 0 90 0 194 0 255 0 131 0
    255 0 127 0 174 0 168 0 255 0 106 31 161 255 255 0 175 0 255 173 255
    0 255 255 0 255 255 64 255 125 145 0 248 255 255 173 0 0 0 0 130 255
    255 255 0 255 0 255 255 255 51 0 255 255 176 255 3 0 173 0 191 255
    255 0 0 0 255 0 0 0 255 0 255 254 10 0 0 0 255 255 255 255 0 255 0 0
    68 255 0 0 255 255 0 30 0 0 255 231 255 0 48 255 255 255 0 255 0 255
    0 99 0 255 0 0 0 184 255 255 200 184 0 255 0 0 0 255 255 0 0 0 255
    221 243 0 255 0 255 0 255 135 255 255 228 255 0 0 255 0 0 255 113 0
    0 255 0 255 148 255 0 255 0 255 0 255 255 255 20 0 65 0 255 255 0
    255 0 0 20 255 0 255 255 255 0 255 0 255 0 0 0 255 224 0 0 0 0 255
    255 0 192 69 255 234 255 255 255 232 149 255 0 0 255 255 255 0 98 12
    255 255 255 201 0 0 0 0 0 0 255 255 255 0 255 0 255 0 0 255 255 255
    227 0 0 0 255 0 255 255 196 0 0 255 0 255 255 137 255 255 255 0 0
    255 255 255 0 12 255 255 0 255 255 0 99 0 44 71 255 255 255 0 255
    255 255 255 255 255 255 0 0 185 255 92 255 0 0 255 17 255 255 0 0 0
    157 255 248 0 0 255 255 255 221 255 0 0 0 138 255 0 255 0 255 120
    255 255 167 0 0 0 28 255 0 0 0 255 0 0 255 255 255 0 0 255 255 255
    255 194 0 255 255 102 162 0 0 0 255 172 255 0 255 0 255 78 250 66 0
    0 0 255 0 255 255 255 0 0 255 255 4 0 0 255 0 200 5 255 210 0 255 0
    0 0 255 255 130 0 114 193 255 255 0 255 0 255 0 135 255 255 240 237
    249 0 147 0 0 255 255 255 255 255 0 255 0 255 0 87 0 0 255 255 102
    255 240 0 0 79 255 255 127 0 0 0 255 0 0 0 255 255 0 0 0 255 255 255
    0 58 255 255 156 0 0 38 0 178 0 255 255 0 0 0 255 255 0 0 0 255 255
    255 0 208 0 255 0 54 0 255 0 0 255 255 221 160 147 254 255 255 255 0
    0 255 255 0 0 0 255 0 255 0 113 255 0 255 44 255 207 0 0 0 255 0 255
    0 255 0 0 0 0 255 184 255 0 0 134 0 255 0 255 130 255 255 0 202 0
    255 0 0 0 75 0 255 255 0 0 255 255 255 20 255 0 255 0 0 255 0 0 255
    47 0 0 255 255 255 145 255 0 0 0 255 255 255 123 0 0 0 25 255 255 0
    0 255 0 255 0 0 255 58 255 255 255 0 255 0 255 0 255 0 255 255 15 0
    255 149 255 255 0 0 255 255 0 0 255 255 255 0 0 0 255 0 222 0 0 255
    255 255 0 255 12 255 0 185 0 0 255 255 0 0 0 255 255 0 152 0 23 0
    255 255 255 0 0 255 255 164 0 0 136 255 0 11 255 255 0 73 61 255 0
    116 0 255 145 255 0 207 0 0 255 0 101 0 104 131 255 0 255 52 236 0
    70 0 255 255 255 0 167 0 255 0 184 0 255 255 0 255 0 255 0 255 0 255
    0 255 0 0 0 255 255 0 168 0 255 0 48 0 255 0 255 255 255 0 0 255 255
    255 0 0 0 0 255 255 255 0 92 255 0 255 0 255 255 255 74 0 0 194 155
    0 181 255 48 0 255 0 255 89 193 125 255 0 255 255 255 0 2 0 255 167
    255 0 255 0 255 215 0 0 255 255 0 0 0 0 255 20 18 57 133 0 0 0 0 0
    255 71 255 0 138 255 255 255 70 0 255 0 49 0 255 255 0 0 255 255 255
    255 0 52 255 187 0 255 0 255 33 255 1 255 0 255 10 255 185 0 255 116
    135 255 255 98 144 0 0 255 50 255 255 255 0 72 41 255 255 255 0 0 0
    0 255 0 255 255 255 79 0 0 12 255 255 0 0 255 255 255 0 0 255 255 0
    0 87 255 69 255 0 255 0 255 255 0 255 0 127 0 0 0 0 0 255 255 221
    255 0 255 0 255 0 0 0 255 255 0 0 0 0 255 255 255 0 255 36 255 0 0 0
    0 49 0 255 234 255 255 0 0 0 0 0 0 0 246 171 255 255 255 255 255 0 0
    0 255 255 255 255 0 255 250 126 0 74 0 255 208 0 255 0 255 0 255 0
    255 0 214 156 255 0 0 0 0 255 39 255 0 255 255 0 0 0 200 0 0 0 255
    21 0 0 0 0 255 255 0 21 235 0 0 255 255 255 255 255 0 0 0 22 0 0 0
    255 124 0 0 255 255 255 0 133 0 255 162 255 0 0 0 0 255 0 0 0 0 0 0
    255 0 255 7 255 0 255 232 255 0 12 0 255 0 255 255 207 255 0 0 255
    255 255 0 0 131 39 255 244 83 0 255 255 255 0 131 0 255 0 0 0 0 255
    255 11 84 0 0 233 255 138 0 255 220 255 0 0 0 255 255 0 0 157 52 0
    255 255 255 255 255 0 0 255 152 255 0 0 255 114 169 0 211 0 255 0 0
    0 37 255 0 0 211 255 255 0 255 0 51 0 255 255 255 255 0 0 255 255 0
    132 0 165 172 255 198 135 255 0 0 154 255 0 255 255 255 0 255 0 255
    255 171 208 0 0 0 8 255 238 255 255 167 255 255 255 34 82 0 0 255
    255 255 0 0 115 164 255 255 0 255 72 255 0 0 0 3 255 0 0 0 255 255
    255 0 255 255 255 255 0 0 0 109 77 56 255 114 255 0 0 255 197 255 0
    0 0 0 255 255 229 0 0 0 255 255 255 169 0 0 0 255 0 255 132 255 92
    229 255 0 255 0 0 255 0 81 255 0 0 153 255 255 236 0 255 255 0 0 190
    255 0 255 0 255 0 0 0 41 255 255 255 213 0 0 0 255 0 255 0 0 255 0
    231 176 254 255 177 138 255 255 0 0 0 255 0 0 0 255 0 255 237 255
    255 0 0 132 0 0 255 255 141 0 0 0 0 0 255 255 0 255 255 255 0 0 201
    255 0 0 255 255 255 179 255 0 255 73 0 0 0 0 155 0 255 0 255 0 0 0 0
    255 255 0 0 255 0 193 0 0 0 255 255 255 0 229 0 255 255 255 255 0
    255 0 255 0 255 0 0 255 255 181 255 213 37 255 255 0 0 0 255 255 255
    255 0 0 0 255 255 0 255 255 0 255 0 0 0 255 0 0 55 0 255 255 24 0
    255 255 255 203 0 84 255 255 0 255 0 255 255 255 0 244 0 0 0 196 234
    255 0 255 255 255 10 0 0 255 255 149 0 255 255 0 0 0 255 61 255 0 43
    0 255 255 0 0 0 0 255 255 250 255 0 255 0 255 40 176 255 57 18 0 255
    255 255 0 0 255 76 35 0 182 0 0 0 0 231 0 0 255 0 255 0 54 0 255 255
    255 255 255 0 0 146 255 0 83 255 0 218 0 216 255 0 206 0 255 0 0 0
    124 255 255 255 0 0 0 255 255 0 139 14 255 255 255 0 255 15 0 255
    255 255 41 0 255 0 255 127 0 0 0 255 255 255 69 255 22 255 255 0 78
    0 255 255 6 0 0 0 0 0 0 0 255 87 0 71 0 73 174 255 231 255 0 255 0
    255 0 255 0 255 255 255 0 0 0 255 0 255 87 0 255 255 255 0 146 0 255
    255 0 0 0 0 0 50 255 255 204 255 71 57 0 255 255 31 0 0 255 255 255
    40 0 0 0 0 0 255 255 255 0 10 203 255 0 255 255 0 0 0 255 0 255 255
    255 255 255 79 0 0 0 0 255 255 255 199 0 0 255 255 0 0 0 255 255 255
    255 255 196 255 0 255 142 0 255 255 0 0 0 255 255 255 0 0 0 255 1
    255 0 0 0 0 0 0 255 255 255 101 255 0 124 255 0 255 255 255 0 0 122
    255 255 151 0 238 255 255 226 0 255 0 94 255 255 255 255 179 0 0 0
    255 60 255 255 255 0 0 0 0 255 255 141 0 255 0 0 0 0 255 220 255 0 0
    255 103 255 114 205 0 255 0 0 255 255 0 0 0 200 255 255 35 0 0 255
    255 237 0 255 255 255 0 255 0 255 0 255 130 0 255 0 129 0 0 49 0 137
    0 0 0 232 75 236 255 255 0 255 255 255 0 131 0 255 0 0 0 0 255 191
    255 253 0 81 0 119 53 167 0 255 198 255 255 255 0 0 0 255 255 0 238
    253 255 82 0 229 255 255 0 0 0 0 47 37 255 255 0 112 201 255 0 255 0
    255 0 0 255 228 0 7 38 255 0 0 0 172 255 255 255 0 0 0 55 0 0 0 255
    0 255 250 0 255 0 255 0 19 255 165 100 230 168 255 255 0 255 86 153
    0 255 255 0 255 255 253 255 122 255 210 0 67 255 255 0 27 0 255 255
    255 0 0 0 0 255 0 0 255 164 255 255 0 0 0 255 49 255 103 0 255 0 255
    255 255 255 0 0 255 0 255 255 255 176 0 255 141 255 0 35 0 212 0 255
    0 255 0 255 255 0 0 255 0 229 255 255 0 0 0 0 0 255 255 255 255 0 0
    194 255 255 0 8 49 255 255 255 255 0 255 0 255 4 146 173 255 0 255 0
    255 0 0 0 199 255 0 0 93 255 255 255 0 0 255 255 0 230 255 255 24
    255 0 0 255 0 255 0 255 26 255 0 0 255 255 226 0 255 13 149 0 255 0
    0 0 255 245 255 0 255 255 255 255 198 0 0 255 29 255 0 127 255 0 255
    0 198 0 248 4 255 212 255 0 0 0 48 0 255 0 0 0 6 255 242 255 45 73
    255 255 255 0 255 0 0 255 0 0 0 255 255 255 0 112 0 184 255 0 255 0
    255 0 0 0 255 255 0 0 0 0 0 0 192 255 255 176 0 0 255 255 255 0 0 0
    0 255 162 71 255 255 0 255 0 0 255 255 255 0 255 184 255 0 255 255
    188 255 53 255 0 0 255 255 136 0 0 38 255 255 255 0 0 0 0 211 115
    255 0 152 0 0 255 46 92 0 255 0 255 0 0 255 255 0 207 255 255 0 255
    0 255 255 255 255 255 255 0 219 0 255 0 255 0 162 255 255 255 255
    255 255 0 0 255 255 255 1 0 184 255 181 255 0 228 0 173 0 83 129 255
    255 198 0 255 0 255 10 90 0 255 255 0 0 0 0 41 0 255 255 255 81 0 0
    255 255 0 0 0 255 255 112 255 255 0 0 0 255 255 24 0 255 26 159 0 0
    255 54 255 255 255 255 182 255 0 255 255 110 0 255 0 255 255 255 0 0
    255 0 0 255 0 0 0 0 255 255 255 16 255 0 255 0 255 255 21 255 228 0
    0 0 0 0 0 0 0 0 255 133 55 0 0 255 255 255 0 255 0 255 255 255 0 0
    255 27 30 0 0 255 255 255 0 255 52 255 255 255 255 205 250 0 0 255
    255 255 0 238 0 0 0 255 255 255 0 255 0 0 0 255 0 0 0 255 255 255 0
    0 0 0 255 0 226 255 255 0 0 0 0 0 255 255 255 26 23 0 26 75 86 255
    15 255 0 0 0 255 0 255 0 0 0 255 0 0 255 0 255 0 255 0 255 255 0 0
    128 101 0 255 255 0 0 0 255 0 0 255 255 0 255 0 255 0 255 255 255 51
    196 0 0 255 255 0 18 0 152 0 0 255 0 255 255 255 0 0 255 0 0 65 0
    255 255 255 0 255 0 255 118 255 255 0 255 0 0 0 255 150 255 255 194
    246 255 255 255 255 255 0 0 0 0 255 255 0 255 255 255 255 255 0 96 0
    0 0 0 0 188 255 255 193 255 0 255 255 147 0 81 0 0 0 255 255 0 193
    255 68 255 0 255 234 196 255 83 255 255 255 190 0 0 255 236 0 0 0
    255 0 238 255 31 255 0 24 0 255 0 0 0 0 255 175 255 0 1 0 255 99 255
    0 0 0 0 234 0 255 255 255 0 0 0 255 0 255 255 54 255 255 255 0 106
    28 255 0 0 0 0 255 255 255 0 0 194 255 255 255 255 84 0 0 56 126 25
    0 0 255 0 125 255 67 255 70 154 0 202 0 114 255 0 255 0 255 255 255
    0 24 255 0 0 255 107 197 0 144 255 255 0 131 0 33 0 0 47 255 0 255
    105 0 0 0 0 0 156 255 255 250 0 255 165 0 0 0 255 255 255 255 23 0 0
    0 255 63 255 0 102 0 255 253 0 0 70 255 255 93 255 255 255 0 255 37
    0 255 255 255 0 0 0 255 255 255 0 255 119 255 0 0 15 255 198 255 0
    255 0 255 255 25 163 0 0 0 39 255 0 206 0 255 255 0 0 0 0 242 255
    255 0 0 36 0 0 0 255 255 255 0 255 0 255 255 248 255 217 105 181 0
    255 0 255 0 177 0 255 0 255 0 125 255 119 255 0 115 19 255 0 255 0
    255 235 58 255 0 255 0 56 0 255 255 255 0 255 0 255 0 255 255 70 33
    0 153 255 255 0 255 0 41 161 255 255 100 0 120 66 255 0 216 255 255
    7 255 166 178 133 255 255 0 0 0 27 0 83 176 255 211 255 0 255 172
    255 0 0 0 255 232 58 255 0 244 0 0 0 255 110 54 0 255 0 0 255 157
    255 0 255 0 255 0 255 0 0 0 99 69 255 255 255 255 0 0 0 0 0 255 255
    255 0 0 0 255 255 117 255 95 0 73 0 255 255 219 255 255 0 0 255 159
    255 255 147 0 0 255 255 231 0 0 0 255 255 0 17 255 255 0 0 0 255 255
    255 0 219 0 246 255 255 255 0 69 0 255 255 100 130 255 0 0 0 255 129
    255 255 24 157 0 0 0 255 255 21 255 163 255 1 0 255 70 255 0 0 255
    255 0 0 255 255 255 255 0 0 227 255 61 0 255 4 6 255 255 34 52 255 0
    0 255 181 255 255 0 0 0 0 255 154 0 255 255 255 0 72 255 0 255 0 255
    0 242 0 255 255 0 255 155 135 93 255 255 0 0 0 255 0 85 255 0 237
    255 255 0 0 0 255 255 255 117 0 81 255 0 255 255 0 255 181 0 255 0 0
    117 0 255 0 0 202 255 47 228 177 255 209 0 255 255 0 255 255 255 109
    255 255 255 159 0 0 255 255 157 0 0 0 255 139 0 150 255 255 93 0 62
    0 0 255 255 0 0 0 15 58 255 0 0 0 0 255 255 249 255 255 0 183 255 0
    0 0 255 255 0 0 15 255 25 0 255 255 227 0 255 0 0 103 0 186 0 58 0
    233 228 0 0 236 0 0 0 0 255 255 255 23 255 0 0 255 255 255 0 0 255
    255 255 255 0 0 0 0 29 255 255 0 185 0 255 0 88 0 0 0 0 255 255 66
    255 255 255 65 0 0 158 74 255 64 255 255 255 19 255 255 0 0 138 0
    255 255 255 0 0 0 255 255 255 255 255 255 184 135 0 255 0 255 0 255
    255 255 189 0 248 156 255 0 255 0 255 0 255 0 0 115 139 0 154 0 255
    234 255 0 255 0 100 72 255 0 123 255 255 0 249 0 255 255 86 0 0 126
    255 255 0 0 0 255 0 255 0 255 245 83 246 0 0 255 0 39 0 255 255 0 0
    255 0 255 255 255 0 255 183 255 0 0 143 255 255 0 0 255 255 255 0 0
    0 96 255 124 0 0 0 0 255 255 255 217 114 0 0 255 255 255 152 255 255
    255 0 0 0 255 169 0 0 255 255 0 53 0 255 255 212 255 0 0 255 255 255
    0 135 0 255 255 0 225 0 255 255 119 255 0 0 211 255 58 255 96 255
    195 255 0 255 0 255 0 255 0 255 0 195 247 0 125 221 0 0 255 0 98 128
    255 0 255 255 255 45 255 0 227 0 255 255 0 255 26 0 49 27 255 255
    255 255 255 255 0 0 255 124 61 0 0 255 255 255 0 0 0 255 194 255 0
    255 255 41 95 0 76 146 255 0 255 0 0 255 255 255 255 0 0 90 0 0 255
    245 0 0 0 255 255 255 0 136 0 162 255 255 0 0 188 255 255 0 255 255
    255 0 0 241 0 255 0 29 0 255 255 0 2 0 255 255 0 73 0 255 14 255 255
    255 0 255 255 0 93 255 255 5 0 255 0 107 144 6 255 255 255 0 0 0 0
    255 0 206 0 255 0 255 255 0 255 255 255 0 25 0 255 0 255 0 181 30 0
    255 255 188 255 0 0 0 4 255 255 101 0 255 255 0 255 255 255 167 0 0
    255 0 255 255 0 0 0 255 0 50 0 255 0 141 83 255 255 0 0 0 29 255 0 0
    0 255 255 6 0 255 0 255 0 255 140 0 167 0 255 255 150 255 0 0 0 0
    255 255 77 255 255 0 0 255 255 255 0 255 255 255 65 255 255 0 0 0 0
    0 255 255 255 0 0 0 229 0 255 0 255 255 255 255 0 213 183 255 255 0
    0 29 255 251 255 0 0 255 0 255 255 255 255 30 74 0 255 255 255 0 255
    255 255 255 255 0 99 0 196 255 255 255 0 0 111 255 0 255 255 255 0 0
    0 255 255 255 80 171 0 255 255 255 0 255 255 255 255 0 0 255 255 0 0
    0 67 0 255 0 27 0 255 255 0 0 58 0 215 204 255 76 0 0 126 255 0 0 0
    42 0 255 255 253 210 255 255 0 255 0 116 0 255 224 255 0 255 255 55
    255 255 0 110 255 0 0 255 0 0 0 255 0 255 255 255 255 0 255 0 0 151
    0 0 229 255 255 255 247 255 255 255 213 0 213 255 0 0 67 239 0 255
    255 255 201 0 0 0 255 255 34 255 0 0 0 255 255 255 0 79 0 255 255 0
    0 0 255 0 0 243 232 255 35 255 255 255 0 0 255 102 0 0 255 255 0 0 0
    177 255 255 0 255 255 255 0 0 0 255 255 81 255 0 255 0 255 0 150 0 0
    164 0 74 0 255 0 0 255 0 255 198 0 120 255 255 126 0 111 255 255 0 0
    255 255 255 0 107 255 255 233 0 133 255 255 255 255 255 255 0 255
    255 82 0 255 0 123 255 0 66 255 255 255 0 0 204 255 255 0 0 0 255
    255 255 255 0 255 0 30 0 255 255 0 255 255 255 0 158 255 255 255 211
    0 245 0 255 255 255 92 0 0 0 255 255 200 0 172 255 34 31 255 81 255
    0 33 0 0 255 255 255 66 0 0 0 0 255 255 247 0 0 200 145 0 255 255
    255 255 0 0 49 255 255 0 255 0 255 255 64 54 0 0 255 0 255 0 255 0
    255 0 255 0 255 0 255 0 255 0 2 0 255 255 255 255 0 0 0 255 1 0 16
    255 0 0 0 0 104 158 255 0 0 0 255 190 146 0 254 0 0 0 0 0 0 255 0
    255 0 0 0 255 255 159 255 1 0 0 0 81 255 255 255 255 201 0 255 255
    255 0 255 53 136 255 255 255 0 0 0 255 0 0 0 0 255 255 255 0 0 255
    138 255 0 0 255 0 0 0 255 0 53 58 255 255 255 0 0 0 0 255 255 255 0
    0 0 0 255 0 0 94 243 255 74 62 244 0 255 0 255 0 255 0 0 151 255 255
    0 255 0 251 0 0 242 255 0 0 211 255 255 29 0 213 0 0 255 0 0 255 73
    255 0 255 255 255 0 0 0 236 255 0 196 0 242 189 255 255 255 0 0 188
    255 0 255 255 255 0 255 255 135 0 255 255 255 217 0 81 255 161 255 0
    0 0 229 255 255 25 99 0 0 255 0 216 0 76 255 255 255 0 17 0 49 0 255
    255 255 157 0 255 148 223 255 255 0 0 255 255 255 19 0 0 0 255 255
    255 0 0 131 0 255 0 255 0 255 0 255 255 255 0 0 6 255 37 5 0 255 255
    255 255 30 0 27 255 0 255 0 82 255 255 0 255 255 255 255 15 118 0 67
    0 0 255 0 255 0 0 0 0 255 255 155 0 0 0 255 255 154 0 255 107 0 0
    255 17 0 6 255 255 0 200 255 255 255 0 0 107 255 255 255 0 255 255
    255 255 255 51 0 255 255 255 27 255 255 255 255 83 255 134 96 46 159
    0 0 0 185 255 0 255 110 0 0 84 0 0 255 255 0 0 0 14 0 255 0 255 0
    145 255 255 0 255 0 255 12 255 0 201 247 255 0 0 0 0 255 255 0 0 238
    255 0 68 0 255 49 255 0 29 75 255 255 255 0 57 0 255 0 79 255 0 224
    70 255 0 0 0 177 255 165 255 0 0 59 20 0 0 255 255 192 0 0 255 255 0
    0 0 200 255 40 0 0 0 255 155 199 0 255 105 255 0 0 0 255 0 0 0 0 255
    255 255 247 0 255 42 255 0 0 0 230 255 0 0 0 242 255 208 255 0 0 255
    255 225 43 255 248 0 0 255 255 139 0 255 255 92 0 255 0 255 0 171
    131 255 0 0 255 94 255 0 255 255 255 0 255 255 67 149 100 255 255
    255 0 0 10 156 255 157 22 0 0 0 255 0 0 255 0 255 115 0 0 0 0 255 0
    255 255 255 229 3 0 0 255 104 255 0 255 255 0 0 0 255 176 0 0 224
    255 116 0 0 0 0 255 255 0 255 0 255 0 255 168 0 0 255 152 0 41 0 255
    0 255 0 0 255 45 255 255 0 255 0 0 0 255 255 255 255 0 0 62 255 255
    0 255 255 255 0 0 0 106 255 255 255 182 255 255 147 255 184 255 255
    0 0 0 0 255 0 0 0 55 255 255 255 0 20 0 255 255 255 66 0 255 0 0 0
    215 255 155 24 0 255 255 0 69 0 255 255 255 0 0 255 255 255 0 255
    255 120 255 0 0 0 0 255 238 0 255 255 255 255 0 0 255 94 255 0 216 0
    0 0 139 255 255 0 0 139 255 255 0 255 0 0 0 0 255 255 0 255 0 0 0
    221 255 0 255 255 86 255 0 0 0 255 255 255 0 106 37 255 255 255 0
    255 0 0 0 0 21 255 255 0 67 0 255 255 0 255 255 255 255 0 0 255 0
    255 0 255 0 0 255 255 149 89 228 255 0 206 255 0 239 0 255 0 0 255
    255 1 0 113 0 0 255 0 255 65 255 255 255 255 255 0 0 0 255 255 255
    121 0 255 255 0 3 255 255 0 255 255 255 0 133 255 255 255 0 255 34
    255 0 0 0 0 255 255 255 217 0 255 0 118 0 0 91 255 255 255 255 255
    50 0 0 255 0 255 0 0 255 0 255 0 255 0 0 19 255 133 0 0 0 255 0 0 0
    0 255 255 255 0 0 255 255 255 255 255 0 98 0 255 0 0 255 2 0 190 255
    65 0 112 0 192 245 255 0 0 255 0 255 0 255 0 0 0 255 0 0 255 0 0 255
    0 0 0 0 125 255 71 255 0 0 0 255 255 0 255 0 131 0 255 192 255 0 0 0
    0 0 255 255 255 0 74 64 0 255 255 126 0 0 255 0 0 213 223 255 56 0 0
    235 0 255 255 5 0 0 157 255 0 255 0 255 118 9 255 119 185 0 255 13
    255 0 50 255 255 0 0 23 0 0 0 0 189 209 255 0 230 0 0 0 255 255 0
    255 255 199 0 0 255 136 255 0 133 0 192 255 227 0 0 147 239 57 255
    255 142 255 0 178 0 179 255 255 0 255 134 255 54 0 255 0 0 83 255
    255 40 0 255 0 255 255 0 255 142 255 255 255 0 255 200 255 0 0 0 104
    44 207 208 0 255 255 255 18 0 174 255 242 49 212 0 0 67 134 255 0 55
    0 255 0 0 0 0 255 255 21 0 0 0 255 255 0 0 255 255 241 0 0 255 255
    255 114 230 0 255 0 0 255 255 0 255 0 255 0 255 2 255 255 204 255
    255 0 0 91 0 255 0 255 0 0 0 255 0 255 255 255 0 0 255 255 255 0 0 0
    120 255 0 0 255 83 255 255 255 218 255 255 0 0 0 0 76 255 0 0 0 33
    131 0 0 0 255 255 255 82 255 0 0 0 255 255 0 255 255 255 255 255 255
    0 255 255 0 140 255 255 255 0 0 0 255 255 255 0 0 0 154 8 4 140 255
    255 61 0 0 0 255 255 255 255 0 132 0 121 0 103 117 255 0 0 0 212 255
    255 0 0 0 255 37 43 255 0 255 0 67 153 255 0 0 255 3 255 255 255 255
    255 0 0 0 255 255 255 255 151 255 0 0 0 255 74 215 0 0 0 255 255 255
    255 0 255 0 255 255 141 0 0 255 255 11 255 22 176 0 187 0 255 44 255
    234 255 255 255 16 255 0 0 105 255 215 0 255 116 255 0 255 0 252 243
    0 20 4 101 255 0 161 0 255 0 255 0 0 255 0 255 0 0 255 255 0 255 255
    255 0 255 90 255 0 0 255 255 183 255 0 255 255 255 0 218 0 255 255
    255 0 255 0 76 14 255 255 255 83 0 255 170 78 0 0 255 255 255 0 255
    0 0 0 0 0 128 255 167 0 0 72 255 255 255 0 0 0 255 0 255 0 255 255
    255 0 153 255 0 255 56 0 179 0 255 0 255 70 52 0 113 0 196 2 0 255 0
    0 73 0 255 0 190 255 1 255 255 165 255 255 255 255 0 235 255 0 0 0
    255 0 0 0 181 0 255 255 255 35 211 251 255 255 46 19 255 255 255 255
    0 0 255 38 255 0 0 255 255 255 0 0 0 255 255 107 0 0 255 0 255 255
    114 0 0 90 0 255 0 0 255 255 255 35 0 0 0 255 200 255 255 0 0 0 255
    255 255 0 0 203 0 255 255 0 255 255 255 0 0 0 0 246 255 6 211 0 138
    255 255 0 76 244 255 0 255 0 255 0 0 17 20 255 0 216 95 154 0 27 255
    255 0 255 90 0 255 0 0 255 255 0 0 255 0 255 255 255 0 0 255 0 255 0
    255 255 255 0 0 255 0 255 0 255 255 0 255 179 0 63 255 255 175 0 0 0
    255 255 255 0 0 0 154 255 255 0 0 255 255 255 230 0 0 255 113 255
    255 225 255 138 0 0 255 255 255 255 0 0 0 255 209 0 255 0 143 42 217
    255 255 95 255 0 0 255 255 0 0 255 172 0 197 255 19 255 234 255 17
    255 0 0 0 255 0 0 255 255 52 240 29 255 0 155 0 255 255 0 255 255 0
    0 255 0 200 0 203 0 255 0 0 255 226 255 152 208 255 255 0 255 0 255
    0 0 255 0 255 0 255 255 0 0 0 255 255 0 27 0 0 0 255 255 255 0 131
    255 0 255 0 255 0 0 255 255 255 0 0 0 255 0 0 0 255 255 130 255 255
    255 0 0 255 0 0 255 255 255 0 255 0 255 0 0 0 255 0 166 0 157 255 0
    255 255 0 255 0 255 50 85 226 0 0 255 0 255 0 255 37 0 255 169 0 0 0
    255 255 255 3 0 255 0 0 255 255 255 255 255 0 0 77 180 255 0 0 0 255
    255 255 255 0 255 0 255 0 0 255 255 255 255 255 0 0 0 255 255 255
    255 255 255 0 0 0 83 0 0 0 0 255 255 255 50 157 0 255 122 240 0 255
    255 255 0 0 0 255 227 255 255 0 0 255 0 255 255 0 0 255 0 206 0 122
    255 71 255 0 255 0 0 54 255 255 255 0 255 0 255 29 255 255 255 255 0
    0 255 255 174 255 0 85 0 255 255 0 255 29 255 0 0 0 0 0 0 255 255 0
    0 255 255 255 116 0 0 255 255 56 255 0 255 255 255 0 255 0 255 0 0 0
    255 255 0 0 0 0 0 255 255 255 255 255 0 11 0 13 71 0 0 255 137 255
    255 255 255 0 0 255 255 0 255 255 255 226 255 255 255 0 0 0 0 196
    118 255 45 255 255 255 255 255 0 71 133 0 77 128 0 255 0 0 255 255 0
    0 0 255 255 62 61 210 0 3 255 76 96 0 255 255 0 0 0 255 255 255 255
    0 0 255 0 212 255 255 0 0 0 255 0 0 255 255 0 0 0 0 0 255 27 0 0 136
    153 100 255 0 0 0 255 255 0 0 95 255 255 255 0 0 255 255 255 241 0
    172 80 0 0 255 255 0 0 0 255 255 0 255 79 0 0 0 0 0 243 255 0 255 0
    0 255 0 0 0 0 185 154 255 0 0 0 60 0 113 255 255 0 79 0 120 255 0 0
    0 255 3 17 0 53 0 0 0 0 217 137 255 0 0 0 255 0 255 0 255 0 0 233
    255 255 0 104 0 255 211 136 0 176 0 255 0 255 141 185 0 0 0 0 0 255
    255 255 0 0 255 0 0 0 255 157 255 0 255 255 13 95 0 0 255 255 255 0
    0 255 0 255 0 0 0 0 0 255 0 255 0 214 0 5 0 255 255 255 0 255 0 0
    255 255 18 200 80 0 135 0 183 255 255 0 0 0 0 149 159 255 255 0 0
    255 255 0 0 255 191 0 60 255 255 0 0 0 0 255 163 0 228 103 0 23 0
    255 0 255 0 255 255 255 255 255 83 0 62 0 0 200 255 255 154 0 255
    255 70 255 0 0 0 255 255 255 0 0 255 0 0 0 255 0 255 255 255 0 255
    255 255 0 0 255 0 255 246 255 255 0 0 255 255 0 0 0 255 255 90 0 0
    107 255 255 125 255 0 196 255 255 255 0 86 0 0 0 255 255 0 255 126
    255 255 188 0 0 255 255 255 0 0 124 0 255 0 95 215 255 255 0 0 0 87
    255 255 255 46 255 0 0 0 0 0 255 216 255 0 230 55 0 0 239 255 110
    233 0 255 196 255 0 118 21 230 255 0 255 0 0 0 255 130 255 255 0 0
    33 0 0 255 255 255 47 255 248 15 0 255 142 59 0 0 255 0 0 0 0 0 255
    255 0 103 21 0 0 0 252 255 0 0 0 255 0 0 255 0 121 0 255 255 9 156
    255 0 20 0 255 255 0 0 0 255 255 0 254 255 255 0 0 0 255 255 0 127
    255 0 255 0 255 0 12 0 255 0 255 0 255 0 0 200 255 0 0 0 0 255 255
    92 9 0 255 255 215 31 0 0 156 255 219 255 0 137 206 255 0 0 255 0
    255 255 255 0 20 169 178 255 255 255 81 255 0 171 255 0 0 255 255 71
    0 255 255 255 0 0 241 0 255 0 109 255 0 255 96 167 255 44 80 0 255
    255 0 16 0 100 255 142 255 0 255 162 0 0 0 255 255 0 0 67 255 255 0
    0 0 255 255 255 0 255 122 255 0 196 0 69 0 255 0 0 0 110 255 8 0 0 0
    255 206 255 153 255 17 0 0 255 0 0 0 255 255 225 0 255 0 255 237 255
    0 0 0 0 255 255 185 255 255 211 0 0 0 255 255 255 0 47 255 254 160
    255 255 255 255 0 255 255 255 207 0 0 176 255 125 255 255 245 0 0
    255 94 0 0 127 0 205 255 255 0 227 255 255 0 255 8 255 255 0 255 133
    0 0 0 255 106 191 0 255 162 255 0 0 77 62 255 0 255 0 0 0 240 98 0 0
    255 255 0 140 255 0 255 255 255 0 255 206 255 0 0 172 0 101 255 255
    0 0 255 255 255 35 255 255 0 255 0 179 255 0 0 0 0 34 255 255 180
    255 0 255 255 255 0 145 215 255 0 255 0 0 0 13 255 185 0 165 255 0
    82 0 7 0 0 0 176 0 255 0 0 0 255 43 255 0 255 255 254 224 214 0 0 0
    0 255 0 255 41 59 178 0 255 32 0 0 255 0 255 0 0 50 255 0 34 22 255
    255 255 0 65 0 255 255 255 0 255 0 255 0 0 0 0 255 255 0 0 0 255 0
    255 0 255 0 21 0 66 0 0 0 255 0 0 0 255 0 0 65 255 34 237 255 0 255
    255 255 255 113 0 0 255 255 255 255 255 255 176 0 255 0 12 255 255 0
    16 0 255 76 0 0 255 255 255 0 255 255 86 0 0 255 168 255 255 0 0 0
    255 17 0 255 255 255 255 0 0 0 255 255 0 255 0 255 255 255 0 0 0 255
    0 255 0 255 255 0 50 0 139 38 0 255 255 255 0 0 0 255 255 255 196 0
    255 0 255 255 0 0 0 0 255 234 255 255 255 255 255 255 184 0 0 0 255
    255 0 0 0 93 255 255 0 0 0 255 255 0 0 255 0 255 0 0 0 0 255 0 255
    255 255 0 0 0 70 134 0 255 255 0 86 0 0 0 255 255 133 255 196 255 0
    255 0 255 255 0 255 255 255 0 0 0 0 68 0 0 0 255 255 0 255 76 255
    103 0 0 0 0 20 0 32 255 0 0 0 0 255 255 0 255 255 0 79 0 0 158 255 0
    77 0 255 255 255 0 0 0 239 0 255 0 0 0 255 0 0 0 255 96 0 0 255 255
    0 0 255 255 255 0 0 193 255 255 0 255 146 255 0 0 255 255 255 0 0 0
    255 193 6 0 234 255 99 0 255 255 255 255 0 0 0 255 0 255 0 255 255 0
    0 0 255 242 255 0 255 0 255 0 0 0 255 255 255 0 95 255 16 114 0 255
    160 255 0 255 255 255 152 0 0 255 255 255 0 255 0 0 255 12 255 9 250
    0 0 0 255 255 2 0 0 0 49 255 255 0 255 23 255 230 0 239 0 0 255 7
    231 255 0 0 90 255 255 46 255 255 255 0 255 0 175 0 0 255 255 52 255
    0 224 140 0 255 255 255 0 0 255 0 118 0 255 255 255 255 0 255 0 239
    255 97 0 0 255 92 0 60 255 0 255 255 54 205 50 255 255 255 233 37 0
    255 255 255 0 0 0 0 0 255 0 255 114 255 0 0 197 255 0 0 255 0 255 23
    255 0 0 255 222 255 0 0 0 0 0 1 255 0 45 255 0 0 255 251 255 0 0 0
    255 42 0 0 235 255 206 248 0 0 28 83 255 255 255 0 255 0 47 255 255
    0 255 255 0 0 0 205 255 255 255 0 255 204 0 0 0 255 0 0 0 0 0 0 0 0
    255 255 0 245 0 255 0 217 138 255 38 0 255 0 96 255 208 0 0 255 255
    255 0 255 255 255 255 0 255 207 255 0 1 42 0 0 255 255 255 204 255
    148 64 0 255 0 0 255 0 255 0 0 255 255 255 54 13 0 255 0 0 0 255 214
    136 0 0 5 0 255 255 0 219 0 0 255 0 0 0 255 255 255 83 255 227 251
    255 0 0 0 255 255 255 0 33 0 255 0 0 0 0 229 255 29 0 0 255 0 255
    255 0 0 255 0 255 255 255 255 229 0 0 0 107 58 148 255 0 255 255 255
    0 0 6 255 255 255 247 0 0 255 255 0 255 255 0 0 0 255 0 180 0 255 0
    0 0 0 255 255 255 237 0 255 255 255 255 0 0 0 0 255 239 255 0 0 255
    255 255 255 255 255 0 255 0 0 122 255 221 0 189 0 0 255 255 255 0 0
    0 255 134 255 0 171 0 0 0 255 255 255 0 255 0 0 0 0 0 77 255 173 255
    255 255 137 179 255 231 0 115 0 255 0 255 255 255 255 0 255 188 105
    48 100 0 255 0 183 255 255 255 0 0 255 255 149 0 255 255 255 0 255
    255 255 141 255 0 0 255 255 255 255 0 0 255 255 0 107 0 0 255 255 0
    0 0 255 255 5 0 0 0 255 0 255 255 255 0 183 255 255 255 106 0 86 200
    255 0 255 0 255 0 210 195 68 255 255 0 0 0 255 255 255 0 0 255 171
    255 0 0 0 0 0 255 255 0 0 200 108 255 255 255 0 255 0 116 255 0 217
    0 0 255 255 255 0 0 92 255 141 255 0 216 0 0 255 255 255 0 31 255
    255 125 21 255 0 255 219 255 0 0 80 0 0 0 255 0 0 0 255 255 0 255 50
    0 0 0 0 255 0 255 0 96 0 255 255 196 0 255 255 255 209 255 0 0 0 221
    255 255 255 0 255 255 255 0 0 0 255 255 0 0 0 255 255 255 34 120 0
    255 0 0 255 0 0 255 255 255 0 0 255 92 255 255 255 0 255 196 0 0 0
    255 255 255 0 197 255 0 0 175 255 0 255 0 133 255 0 255 255 255 0
    255 255 0 111 0 26 50 255 0 255 0 255 0 255 0 255 255 255 0 255 0
    255 0 255 68 255 0 77 0 232 255 22 36 108 0 0 255 67 0 0 255 0 255
    255 39 255 255 255 84 255 255 255 0 248 0 0 255 255 0 0 0 245 255
    255 78 0 255 0 255 0 255 255 0 255 0 255 255 0 0 0 215 255 255 255
    120 0 198 0 142 0 0 255 255 0 236 0 255 255 0 0 48 0 192 255 75 171
    0 0 104 255 255 255 203 0 148 167 255 255 0 0 150 255 212 255 47 0
    184 0 255 255 255 0 255 0 255 255 255 115 125 0 97 255 0 0 97 255
    255 255 0 50 0 0 0 255 255 255 255 0 0 0 0 0 255 105 0 0 21 0 155
    255 0 255 0 0 0 0 255 0 0 0 0 255 255 53 0 255 255 255 254 0 0 152
    255 0 0 0 255 0 255 0 0 0 0 0 6 255 240 255 255 0 255 0 0 0 255 255
    255 0 255 0 0 255 0 255 0 255 255 255 0 255 255 0 252 188 0 0 0 0 0
    212 255 104 127 0 255 255 255 142 255 0 255 255 0 0 131 0 0 255 255
    255 0 0 255 255 0 0 255 157 0 55 50 255 0 255 0 255 255 0 0 0 255
    172 41 0 255 118 255 255 255 0 255 255 255 36 255 0 233 57 255 255
    109 255 0 255 0 0 0 255 50 0 255 255 255 0 0 0 255 0 0 255 255 211 0
    255 255 255 0 0 0 255 255 255 9 0 0 255 255 255 0 255 0 0 255 0 169
    201 255 0 0 0 185 255 0 0 0 255 106 227 0 0 255 0 255 0 255 255 255
    229 146 255 255 34 0 0 0 0 255 0 255 0 0 255 0 255 255 6 0 211 99 0
    166 255 255 0 0 227 15 255 255 255 0 0 0 0 0 255 255 255 0 0 0 255
    229 255 150 255 0 0 0 0 255 93 0 0 255 0 0 0 196 255 22 0 83 255 0 0
    0 250 255 255 43 255 255 0 0 47 255 255 255 255 255 255 0 0 0 0 0 0
    0 255 106 246 0 255 0 0 0 193 255 106 0 0 255 113 255 0 57 0 255 255
    255 0 255 255 255 210 205 255 0 255 222 255 223 255 16 255 255 0 255
    75 255 0 255 0 255 0 255 0 0 255 238 255 83 255 255 0 228 0 166 0 53
    255 254 0 0 171 255 0 255 0 255 63 0 255 255 125 255 255 0 0 255 0 0
    0 0 0 0 255 94 0 0 0 64 0 255 205 255 255 255 155 255 24 0 255 0 0 0
    0 255 255 0 0 237 255 0 255 255 255 255 81 0 255 0 255 0 101 255 88
    255 0 0 38 255 0 0 255 255 0 255 0 255 255 112 255 0 204 255 185 0 0
    0 255 255 0 0 0 104 255 152 0 151 255 0 255 255 255 0 255 250 246 0
    0 0 255 0 255 255 12 161 0 0 0 162 255 255 91 138 255 0 255 0 255 0
    255 0 255 0 255 255 189 154 0 255 255 255 0 0 0 255 106 255 0 255 0
    255 77 87 255 255 246 0 0 0 194 0 255 255 255 0 0 255 255 34 0 255 0
    0 0 255 255 255 255 0 224 0 0 255 255 255 255 151 0 18 157 255 0 76
    178 255 0 0 0 255 89 119 0 255 255 0 0 255 107 255 253 255 255 0 0 0
    255 74 255 255 0 0 19 255 255 255 255 0 232 87 255 255 255 0 255 177
    0 168 255 89 0 0 0 255 255 109 255 255 0 0 0 255 98 255 255 255 0 0
    255 255 255 9 0 255 255 0 0 255 207 255 0 28 255 21 255 0 255 0 0 0
    208 255 255 79 53 0 0 255 0 255 255 102 0 112 0 222 0 0 0 255 255 58
    0 255 255 0 255 41 255 0 33 34 255 0 255 0 255 148 0 255 0 0 106 255
    174 0 255 0 0 0 0 255 255 0 255 0 255 142 255 255 196 255 255 0 191
    72 0 255 255 255 0 0 0 255 255 10 78 0 129 0 0 0 106 255 88 0 0 0 0
    255 220 255 0 123 255 255 248 0 255 255 0 0 0 255 255 0 0 255 175
    208 255 0 0 255 129 255 255 255 255 255 0 0 255 101 255 30 255 0 0
    255 0 255 210 0 154 0 0 255 255 255 0 255 122 255 13 0 255 255 255 0
    0 0 125 0 255 255 0 0 179 0 255 0 255 89 210 0 255 0 255 101 0 255
    165 255 0 168 0 75 191 0 0 0 255 0 204 255 255 255 255 255 0 0 0 255
    255 0 126 0 255 255 0 0 255 255 0 186 0 0 255 255 255 0 26 255 255 0
    0 0 255 255 255 255 0 229 0 0 0 0 80 255 71 104 0 124 37 0 239 200
    255 0 131 0 255 0 255 153 255 0 185 255 255 255 0 255 255 255 255 0
    255 0 0 88 208 0 0 0 0 0 120 255 255 255 255 255 0 255 0 255 255 255
    255 0 15 255 255 255 255 255 255 255 0 255 0 0 0 255 255 0 255 0 0 0
    0 0 0 255 0 154 0 255 0 255 255 0 0 255 0 255 0 73 255 255 255 255
    255 0 0 0 255 255 150 255 0 0 0 255 255 255 0 113 172 0 164 159 255
    0 255 123 0 0 0 255 0 255 58 255 0 141 255 255 255 251 133 0 89 255
    0 0 255 255 0 0 0 255 255 255 68 0 0 41 255 255 255 255 0 0 0 158
    168 1 255 0 255 0 53 0 250 255 0 0 0 0 0 255 255 217 255 0 77 255 0
    0 0 255 255 72 0 65 255 255 255 0 255 255 27 12 0 255 255 255 255 72
    255 0 255 0 32 0 255 0 0 0 255 0 255 150 255 0 0 0 144 255 255 0 0
    255 0 255 0 181 0 0 255 0 255 255 255 0 0 193 255 0 255 0 255 0 248
    187 11 120 255 255 255 9 178 172 0 0 200 255 255 127 0 0 143 0 0 0 0
    255 255 255 0 255 0 0 0 0 255 255 255 199 0 255 0 42 255 255 255 255
    229 0 0 0 255 0 82 255 0 0 255 255 115 0 255 0 44 243 143 255 0 119
    0 0 0 255 255 255 0 255 0 0 10 255 255 0 0 0 255 255 255 217 0 255 0
    0 0 255 91 255 255 139 0 0 255 255 0 0 0 182 255 255 255 255 255 0 0
    0 0 0 135 232 0 255 0 255 84 255 0 255 0 0 0 255 255 15 0 255 255 0
    99 0 255 255 255 0 255 255 0 0 0 255 255 0 0 0 53 255 0 81 255 255
    21 166 0 255 255 0 132 155 255 255 255 255 255 255 0 255 0 0 0 0 145
    0 255 204 7 0 0 0 108 255 255 0 0 0 0 255 0 255 255 255 0 255 0 255
    255 255 0 0 255 178 255 135 255 255 255 0 0 0 255 0 115 0 0 255 255
    0 0 0 207 255 0 255 255 60 0 0 50 236 0 255 0 0 0 0 255 0 0 0 145
    255 255 255 0 255 0 255 0 255 255 0 69 98 43 0 0 0 255 53 255 0 198
    255 0 46 0 0 64 255 255 255 0 0 0 188 9 255 255 50 0 0 24 99 255 34
    255 0 56 0 0 0 15 255 0 0 253 221 255 255 0 106 255 186 255 20 255 0
    255 0 255 0 0 255 213 0 0 255 255 0 0 255 255 255 0 200 0 0 255 255
    108 0 196 0 0 255 255 255 64 0 0 255 0 0 0 0 103 0 0 159 0 255 0 21
    255 172 255 38 255 255 0 255 0 255 255 255 255 0 255 0 0 0 255 0 255
    255 255 249 0 0 0 0 0 0 255 126 255 255 255 255 0 0 0 63 255 0 255
    255 57 0 0 200 88 255 255 140 2 0 255 0 0 0 0 255 0 225 237 255 255
    0 224 255 213 0 255 255 255 0 0 0 255 255 255 0 0 0 0 255 160 255 0
    255 0 7 255 83 255 255 42 255 0 0 215 0 0 255 0 0 69 0 255 0 255 176
    255 255 0 0 255 255 255 0 218 0 255 93 31 0 0 255 0 0 0 0 0 0 224 0
    255 255 0 0 226 31 255 0 255 0 250 0 255 255 0 0 255 0 255 255 255
    62 0 0 232 255 255 255 0 255 0 0 0 157 255 255 28 170 0 223 240 24
    255 255 0 0 0 255 0 187 22 0 255 255 0 0 0 255 44 255 255 51 39 255
    255 255 0 33 255 255 86 29 0 113 0 0 0 0 183 255 0 255 255 0 0 255
    255 255 0 0 255 0 255 0 0 255 255 255 0 255 255 0 255 4 255 0 89 255
    0 255 255 196 73 255 255 0 0 0 255 255 255 71 213 0 0 0 255 246 255
    0 168 0 113 255 0 0 0 0 255 255 0 255 0 181 0 0 255 255 255 229 255
    223 0 0 237 255 255 255 210 255 0 0 0 255 222 0 64 0 0 255 255 255 0
    0 255 0 0 54 255 255 165 0 255 0 255 255 255 0 0 0 222 255 255 0 0 0
    230 255 0 255 172 255 0 255 0 97 255 0 255 0 91 92 255 255 255 255
    255 255 0 255 255 255 0 30 255 255 82 0 0 255 0 255 0 255 0 255 65
    255 0 0 255 255 33 255 0 255 0 255 80 255 0 255 0 110 102 98 255 0
    255 255 255 0 0 255 0 255 255 255 255 114 113 255 0 0 0 255 0 255 0
    0 255 0 0 0 0 49 255 140 112 255 255 255 0 255 0 255 255 255 46 0
    255 39 255 0 255 71 255 255 255 0 0 0 255 255 255 0 0 0 0 255 0 255
    255 255 0 0 255 0 255 255 113 0 255 255 39 255 0 0 0 0 255 0 233 0
    255 0 0 0 255 0 159 0 255 0 0 0 0 0 84 0 0 255 255 2 23 24 255 255
    255 255 0 133 255 255 0 0 255 145 255 255 0 32 0 0 255 255 204 0 255
    255 255 0 255 0 26 255 196 255 255 0 43 29 255 255 0 255 255 255 0 0
    0 0 255 0 0 255 255 0 0 56 255 255 255 0 197 255 13 0 255 195 0 255
    255 255 121 0 255 231 164 0 38 255 255 175 159 0 255 255 255 0 0 0
    255 255 186 255 0 255 118 255 107 255 0 255 255 255 0 255 173 255 0
    0 0 250 57 255 255 0 0 164 255 255 0 255 0 0 12 0 79 104 93 255 0
    255 0 255 27 255 0 0 0 0 255 77 57 0 255 255 255 149 0 0 255 255 255
    0 255 44 255 255 0 255 0 255 255 255 0 0 255 0 255 93 55 255 0 255 0
    255 255 0 255 50 0 0 255 255 255 255 255 0 255 0 255 247 255 0 154 0
    255 0 255 255 5 0 0 255 255 40 211 255 27 0 0 0 255 133 0 0 0 255
    156 255 240 255 0 0 0 255 0 255 83 86 9 255 255 255 0 0 0 255 194
    255 70 9 156 255 255 162 255 255 27 0 0 8 255 0 108 104 255 255 0 0
    255 255 198 255 255 255 255 0 0 40 255 255 0 21 255 255 255 0 0 0
    169 255 232 255 255 255 0 255 255 91 0 255 255 8 255 0 255 255 255
    245 0 255 0 0 0 12 255 107 255 49 255 0 0 0 0 255 255 255 255 0 0 0
    29 141 255 255 0 0 255 0 0 0 255 255 115 0 255 229 0 0 0 0 255 255
    255 0 0 0 9 0 255 255 255 0 0 0 0 63 205 0 255 228 0 0 255 128 255 0
    0 27 255 0 255 142 255 178 138 0 0 0 158 0 95 255 255 183 0 0 255 10
    255 178 0 96 0 255 255 0 184 219 255 255 255 255 255 255 228 0 255 0
    255 0 0 207 0 46 255 255 0 0 255 255 255 255 0 0 0 74 255 86 255 0 0
    0 255 0 255 255 255 199 0 0 255 255 255 205 255 172 118 0 0 255 88
    255 0 132 255 6 0 0 255 176 79 0 0 255 172 60 0 0 255 0 255 255 58
    255 0 255 0 255 0 255 0 255 0 255 0 255 0 0 0 5 0 0 255 255 128 255
    0 255 162 0 57 14 255 0 255 0 0 0 255 176 255 0 255 0 0 255 255 255
    255 250 255 0 0 255 255 255 0 0 110 255 210 0 0 255 25 255 0 0 0 0
    255 255 0 0 255 255 255 0 0 255 0 0 0 209 232 0 0 0 255 255 0 0 0 0
    255 0 0 212 255 255 0 255 0 194 27 95 0 255 236 255 103 255 0 62 49
    255 0 68 255 255 255 0 0 255 0 208 171 0 255 255 255 0 255 0 213 43
    255 60 69 0 255 255 19 241 82 0 255 158 90 0 0 0 194 122 255 255 255
    0 123 255 0 255 104 255 0 251 57 0 0 238 191 0 1 255 255 0 255 0 255
    0 255 140 255 0 255 0 255 0 255 0 0 255 0 141 255 255 255 0 255 255
    0 86 0 0 255 255 0 0 255 255 203 0 255 76 0 255 32 0 255 0 0 0 255 0
    255 255 255 255 220 0 0 0 255 255 31 0 0 0 65 0 0 0 0 255 0 111 255
    0 0 0 255 255 0 0 0 255 0 0 255 255 255 165 59 0 0 255 0 0 255 109
    255 255 255 0 255 116 0 255 255 0 255 0 0 0 32 255 32 255 0 0 255
    255 255 0 255 0 59 157 162 255 0 0 255 172 255 116 0 255 255 255 255
    41 0 0 0 0 255 33 0 0 255 255 0 0 0 255 255 255 255 0 255 0 0 45 90
    0 255 0 0 0 160 255 0 255 136 255 0 255 0 255 85 255 0 255 255 0 0
    255 255 0 255 255 0 0 91 255 255 70 0 255 255 255 26 0 0 26 255 0 0
    255 255 95 0 255 0 160 0 0 0 0 255 0 0 255 226 255 0 0 255 0 96 0 73
    255 255 59 0 255 255 0 0 0 0 0 82 70 255 0 255 0 255 0 255 255 0 0 0
    0 163 0 233 255 141 0 0 255 255 165 0 0 0 0 240 0 0 255 255 0 0 255
    255 250 35 0 255 222 254 0 125 166 255 0 255 0 83 0 0 255 0 255 255
    0 0 90 29 255 255 255 36 255 0 194 217 0 255 0 0 10 255 255 0 65 0
    255 0 0 255 105 255 0 203 227 168 0 0 255 255 116 0 0 0 255 255 0
    255 81 0 0 0 0 255 44 255 255 0 255 0 255 0 29 0 0 255 0 33 0 255 20
    7 0 169 255 60 0 0 255 255 160 0 255 0 255 0 67 255 255 0 0 246 255
    255 255 222 255 0 255 0 255 255 93 0 0 0 255 0 255 103 100 0 0 146 0
    255 255 255 0 196 0 255 198 241 160 0 14 0 55 255 0 0 255 255 255 0
    0 255 0 255 0 255 255 255 0 0 0 0 255 58 255 255 255 0 0 255 102 0 0
    255 0 255 239 140 255 0 165 255 124 98 0 255 0 77 0 137 0 255 255
    240 0 255 255 0 255 150 255 255 48 0 0 0 0 0 54 255 255 255 0 255 0
    0 0 255 255 255 255 0 0 137 255 255 224 0 255 255 255 0 0 255 255
    255 255 0 0 244 255 0 0 255 255 0 236 0 0 255 0 0 0 255 255 255 15
    157 215 0 255 60 255 255 0 0 255 255 255 239 255 87 0 13 0 255 255
    255 255 255 255 255 0 0 0 255 0 255 0 0 0 130 255 255 255 255 255 0
    0 0 230 0 255 117 255 255 255 255 0 255 255 255 245 0 109 0 255 0 0
    255 255 255 0 158 16 200 0 0 0 255 255 25 0 0 137 255 255 255 0 0 0
    255 0 255 255 0 21 0 0 0 255 0 255 0 0 0 255 255 255 0 0 255 255 0
    255 0 255 9 240 0 13 255 0 255 0 255 0 165 20 238 255 16 255 255 255
    0 0 255 0 119 46 0 0 255 255 0 0 123 144 255 0 255 255 255 0 0 110
    255 255 255 255 0 0 0 0 255 255 255 255 115 100 3 255 255 0 0 0 110
    255 0 0 0 255 0 124 255 255 76 0 255 255 255 255 255 0 0 0 0 255 165
    168 0 0 26 255 255 255 0 255 0 255 255 0 0 255 255 255 205 229 255 0
    0 64 0 0 212 201 255 0 0 71 255 0 255 0 255 255 0 254 0 255 0 255
    255 255 255 255 0 255 0 255 0 0 0 255 255 255 0 0 0 0 0 198 149 0
    255 255 0 0 0 255 255 0 0 255 10 255 0 255 255 255 255 255 0 180 255
    255 255 0 0 0 231 0 255 255 88 255 0 255 0 70 255 228 0 255 255 255
    0 0 255 255 0 0 0 255 0 28 255 0 0 0 255 255 0 43 38 255 255 255 0 0
    255 54 255 255 255 0 52 255 255 255 7 0 1 255 255 32 109 0 0 140 0
    255 255 207 0 98 0 255 0 255 0 0 77 0 68 255 255 255 0 0 0 0 184 255
    67 0 0 255 0 175 122 44 238 0 0 0 0 255 255 209 0 0 255 255 255 255
    255 0 255 132 255 0 255 0 0 0 255 255 255 0 0 255 255 0 0 88 0 0 154
    2 255 0 255 255 255 255 255 255 255 0 127 0 255 0 255 0 255 1 23 0
    69 69 0 0 255 255 4 0 255 255 255 0 255 0 0 0 255 191 0 0 254 0 255
    0 239 255 255 0 0 0 217 206 30 0 0 0 255 255 110 255 255 255 255 0
    29 0 255 21 19 255 255 0 0 255 67 255 0 0 0 255 176 255 255 0 255 0
    255 0 0 0 247 255 255 0 0 27 255 14 255 0 255 0 255 0 239 0 0 255
    159 255 70 0 255 0 255 255 255 0 0 0 0 255 255 168 57 0 0 255 0 107
    0 47 0 255 208 245 94 255 255 124 255 0 255 0 0 0 157 255 0 37 0 255
    255 255 255 0 255 0 0 0 52 0 0 255 205 255 255 0 255 0 255 22 0 255
    0 0 0 0 255 255 0 255 0 54 186 0 203 78 255 0 0 4 0 19 0 255 255 255
    14 255 22 52 187 0 255 0 255 58 255 0 0 0 177 255 255 0 255 0 0 0 0
    255 255 0 236 255 0 255 255 0 254 0 255 0 0 0 255 255 255 255 150 0
    143 132 255 0 255 255 255 255 0 255 48 151 0 0 175 255 255 63 255
    117 255 0 255 0 0 0 255 0 0 0 0 0 0 255 255 255 250 0 0 255 255 255
    0 0 0 255 191 0 228 255 255 0 255 99 107 0 255 255 0 0 255 255 255 0
    0 0 0 0 26 255 255 255 255 125 0 75 255 255 0 178 0 255 0 0 0 255
    255 255 0 0 0 0 255 255 0 255 255 255 0 179 84 42 0 255 0 255 58 255
    0 0 0 22 0 24 255 56 0 0 0 0 160 0 255 198 255 255 255 87 0 255 0
    255 255 255 0 0 99 0 255 255 0 0 0 255 255 255 0 0 0 0 220 255 0 255
    255 0 255 0 255 0 45 110 0 255 0 127 0 255 46 0 0 217 255 0 148 255
    224 0 0 255 255 255 162 0 136 0 255 255 255 0 0 0 255 255 255 255 0
    0 255 255 255 255 0 255 0 255 255 253 243 255 0 0 13 255 0 15 255 0
    255 0 255 166 255 0 255 0 0 255 125 104 78 255 221 190 255 0 183 0 0
    0 255 255 255 0 71 164 0 0 255 255 255 96 0 255 0 0 0 0 244 255 255
    255 133 0 0 0 255 0 255 255 140 0 255 255 255 0 0 0 248 0 255 255
    255 0 177 255 0 0 255 0 0 0 255 255 255 0 255 0 0 0 0 255 255 255
    255 0 0 255 255 0 0 255 255 0 0 0 255 255 255 0 255 0 0 0 0 255 255
    255 255 0 0 255 255 255 0 0 0 255 230 255 255 255 255 59 0 34 6 0 0
    0 255 255 0 255 255 255 255 0 0 0 255 255 255 0 253 0 255 255 0 255
    255 255 70 0 255 0 255 255 255 237 0 155 0 0 0 255 255 0 255 9 0 0
    255 255 0 0 0 0 255 88 142 0 255 125 255 0 0 255 255 0 0 98 0 255 0
    255 0 0 0 255 255 0 0 255 0 0 0 255 0 154 100 255 0 199 0 255 0 255
    255 48 0 0 160 0 47 0 0 0 255 88 229 255 0 221 0 0 255 0 176 0 255
    255 255 38 0 21 255 255 0 255 0 51 94 255 208 255 43 0 255 0 188 118
    255 0 229 255 255 0 0 255 211 255 133 255 255 0 0 255 199 255 0 0 0
    255 0 255 0 255 0 255 0 0 215 0 255 0 0 108 0 0 255 255 255 242 0 39
    0 198 188 255 0 255 0 255 0 38 0 125 51 255 0 255 0 0 255 255 0 236
    255 255 0 255 255 0 126 255 0 0 94 255 135 255 0 255 15 255 0 255 0
    0 255 255 255 0 255 189 234 0 0 255 0 151 255 0 255 249 255 136 0
    255 0 0 0 48 0 227 195 255 0 0 255 255 203 255 0 0 0 255 255 0 0 255
    88 0 74 255 255 255 0 255 255 91 0 0 0 255 255 0 255 140 0 255 0 255
    255 255 76 255 0 255 0 198 255 255 255 0 255 0 255 0 255 214 0 0 85
    255 195 255 0 255 0 255 0 0 255 255 223 0 0 143 255 43 255 0 0 0 255
    241 255 0 255 0 255 0 255 255 255 255 255 72 0 0 71 255 255 255 0
    255 0 0 255 105 0 0 149 255 180 0 255 255 0 0 255 255 29 0 255 255
    255 0 255 0 0 0 0 255 0 0 0 255 0 255 0 255 255 255 152 255 0 184 0
    255 0 0 0 255 0 174 255 255 0 124 255 255 0 255 0 255 30 0 233 255 0
    255 255 237 97 224 255 0 0 175 0 96 255 0 255 0 71 0 0 255 255 255 0
    255 0 0 0 255 255 0 255 0 255 0 255 0 255 255 255 0 0 222 134 0 255
    87 255 120 0 226 255 0 0 255 80 0 164 255 255 255 0 0 0 0 255 0 255
    255 255 127 255 255 255 255 175 255 0 0 0 0 224 255 0 0 0 0 212 0
    255 255 255 10 63 253 74 0 255 255 0 0 255 95 255 255 255 189 44 255
    255 0 228 255 255 255 0 255 190 0 0 0 255 255 255 99 0 255 0 255 0
    102 0 199 140 0 255 0 255 255 255 255 0 0 133 255 255 0 255 200 255
    255 82 0 255 250 255 0 255 0 166 145 0 255 230 255 255 255 98 0 255
    0 0 0 255 0 255 0 255 242 159 0 255 0 255 0 8 0 0 255 77 255 255 255
    255 255 0 255 0 255 0 122 0 0 169 255 97 135 0 255 255 0 255 255 158
    255 40 255 98 255 255 0 255 203 0 0 0 0 255 220 0 255 69 229 255 0 0
    0 203 58 0 0 75 255 255 121 255 255 0 0 255 0 0 0 255 255 176 255
    255 0 0 255 255 255 0 255 87 244 0 0 255 172 79 255 255 37 48 0 0
    255 0 255 0 255 0 242 255 255 0 0 0 21 149 255 255 0 0 255 255 255
    255 0 0 0 255 255 129 255 255 0 0 255 255 255 0 0 0 255 48 255 0 255
    0 255 255 222 0 71 0 255 0 255 156 255 0 0 0 255 255 247 0 41 255 0
    0 0 189 255 255 255 0 255 255 104 255 255 0 255 255 0 255 216 0 0 0
    0 117 4 255 255 0 255 0 190 0 0 58 255 255 255 0 46 0 0 0 213 102 0
    102 130 255 255 0 0 0 255 113 0 255 0 255 0 241 255 255 255 0 255 0
    0 0 0 0 255 24 38 255 0 255 0 0 0 255 139 164 4 255 152 255 0 0 0
    255 255 255 0 255 255 255 255 124 0 255 106 13 44 255 0 255 255 255
    0 255 134 255 0 255 0 0 0 255 244 255 0 0 255 132 0 180 255 0 0 255
    255 0 33 61 255 255 204 0 0 255 255 193 255 0 255 0 27 34 0 255 255
    224 0 66 255 255 0 0 0 48 39 255 255 238 255 255 255 255 0 0 255 255
    255 146 86 255 255 255 255 255 255 0 0 0 96 73 62 0 0 0 239 255 13
    168 0 255 168 255 0 0 223 255 0 0 0 0 0 255 255 52 0 255 255 0 0 0
    255 255 255 255 0 255 255 104 0 191 113 30 245 0 0 255 19 0 255 0 0
    255 255 0 123 0 255 255 255 0 0 0 255 91 255 179 0 0 0 255 255 31 54
    0 255 255 255 207 0 0 0 0 255 255 0 96 0 0 255 255 0 255 255 0 0 0
    255 255 0 255 0 0 51 255 0 220 255 255 0 211 159 255 131 255 0 255
    200 255 0 180 130 167 0 0 0 0 255 255 255 0 0 132 255 0 212 78 83 0
    0 255 0 255 151 255 0 255 0 255 77 255 0 0 0 117 255 0 255 0 255 0
    255 142 86 255 0 243 255 255 0 0 0 255 144 0 0 255 36 255 254 0 55
    255 255 255 0 255 0 255 0 255 0 255 0 255 12 0 0 255 255 255 255 255
    0 0 0 0 75 166 255 255 216 255 0 0 0 24 255 255 0 255 0 255 0 0 255
    255 0 0 255 255 0 6 255 0 240 0 255 255 255 255 255 255 0 0 0 40 0 0
    0 255 255 226 234 0 255 0 255 0 255 0 0 0 255 255 0 0 0 199 255 255
    69 0 255 146 255 0 255 0 139 0 255 0 0 217 255 0 255 0 0 0 180 0 255
    31 0 0 255 0 255 0 255 255 255 255 255 0 0 0 255 255 0 255 62 255 0
    0 0 0 255 0 0 0 0 255 255 255 35 92 255 68 255 26 255 145 69 0 255 0
    0 255 255 0 255 0 255 0 255 248 239 215 255 0 255 167 0 0 100 0 255
    255 255 0 2 0 175 255 255 255 255 255 0 16 0 255 255 157 235 0 255
    42 0 255 0 232 0 255 255 255 255 0 0 255 255 0 0 149 255 255 109 0
    32 233 255 255 124 0 0 0 0 167 142 255 79 65 0 0 196 165 255 167 29
    0 255 255 255 255 255 0 102 0 139 255 255 0 0 228 255 255 0 208 255
    255 255 234 255 255 0 0 0 6 39 0 49 95 255 0 0 255 255 0 255 0 255
    255 0 0 128 0 255 0 255 255 0 148 0 160 255 255 255 255 0 255 175
    205 0 0 0 19 255 195 255 255 255 255 255 255 0 0 7 40 0 0 0 255 50 4
    0 255 255 0 0 188 11 0 255 0 255 255 119 0 255 0 255 184 255 0 0 0 0
    255 255 0 128 0 255 255 255 0 0 0 187 255 0 220 0 255 255 255 125
    255 0 0 0 37 239 211 0 0 0 255 255 255 0 0 255 0 0 0 217 255 255 0
    186 255 185 0 0 255 69 0 255 2 255 255 0 255 0 0 190 0 0 254 0 0 0
    15 255 0 21 242 54 255 0 237 255 255 255 99 255 0 0 255 255 255 0 76
    0 255 159 0 255 255 255 0 3 0 0 40 255 0 0 255 255 255 0 255 0 38
    255 0 251 0 255 0 108 0 0 255 111 255 255 255 0 255 47 0 0 0 255 0
    255 255 255 0 255 0 220 0 255 255 255 0 0 0 0 0 255 255 255 0 37 255
    255 104 0 255 255 255 63 0 0 255 0 0 255 255 255 0 0 0 0 0 255 255
    255 118 137 0 255 199 255 0 0 0 0 0 1 255 96 217 255 0 255 0 0 0 255
    0 255 255 0 255 255 0 0 255 255 112 0 0 255 255 255 0 155 0 0 255 0
    65 0 2 0 199 72 0 255 0 138 0 74 65 255 255 0 21 0 255 255 255 0 255
    0 255 255 228 175 255 185 3 0 0 157 36 255 226 255 0 255 0 0 255 0 0
    0 255 0 126 0 0 255 0 255 0 47 61 255 27 140 255 0 244 0 255 0 255 0
    255 255 0 0 232 0 255 69 156 0 0 255 255 185 255 30 0 109 20 0 0 255
    249 255 123 0 255 0 0 255 255 0 173 0 255 0 0 8 225 0 255 255 255 20
    255 0 107 0 255 255 255 255 255 253 210 255 0 190 0 255 0 255 0 0 0
    255 255 255 255 255 255 0 255 255 255 255 255 0 0 0 255 255 255 0 0
    0 255 133 255 255 0 255 0 255 0 70 0 0 0 255 255 255 0 24 255 255
    215 68 142 0 0 205 255 0 0 0 0 123 239 255 0 0 255 255 100 255 0 173
    196 180 0 255 44 255 0 0 239 255 0 255 0 255 0 255 255 255 255 0 255
    0 39 0 0 0 62 0 255 0 86 0 255 0 255 0 243 255 0 120 255 31 255 255
    255 248 0 79 0 255 161 255 255 255 0 0 255 255 255 0 0 0 255 255 255
    255 255 255 255 255 255 255 0 0 134 255 0 0 255 255 255 0 0 255 255
    0 0 255 255 255 0 0 0 255 0 0 0 62 0 0 0 255 255 0 146 173 67 0 172
    0 255 0 255 0 215 0 0 255 255 255 0 27 61 2 0 255 0 0 0 255 0 0 0
    255 0 255 0 255 0 255 11 244 0 3 3 255 67 255 0 0 255 0 82 0 255 163
    255 33 149 173 207 255 0 0 0 255 255 0 219 170 163 203 255 255 255 0
    0 20 255 255 0 0 255 255 255 0 0 0 0 0 89 0 235 0 255 255 0 0 255
    255 255 0 0 255 255 255 0 86 0 255 255 255 255 0 255 0 255 0 255 0 0
    0 255 0 0 255 0 0 255 0 255 0 255 255 0 0 0 111 0 255 0 255 225 255
    0 0 0 255 255 0 0 0 0 0 255 255 47 76 123 255 255 255 6 255 0 19 0 0
    0 255 255 255 0 0 255 255 255 0 72 247 161 36 0 255 255 0 255 58 0 0
    0 255 255 255 0 255 255 183 147 197 0 255 0 255 255 67 0 0 255 255 0
    123 0 255 200 0 0 0 255 255 255 255 255 0 0 255 15 0 86 255 0 0 17
    91 212 255 0 255 255 0 5 0 255 0 208 0 255 255 0 255 0 255 0 144 255
    0 255 0 0 0 0 255 255 255 0 0 255 255 0 0 0 0 0 255 0 226 255 255
    118 0 0 54 255 0 0 255 0 0 255 255 255 255 0 0 0 106 255 255 255 0 0
    242 255 42 255 255 255 0 0 255 255 16 255 113 0 26 255 255 255 0 0 6
    255 255 0 255 255 255 0 0 211 0 255 179 57 239 37 255 0 121 0 255
    255 255 0 0 255 0 255 255 255 0 255 0 0 255 255 0 94 255 0 255 255
    69 0 255 255 0 0 34 255 255 0 0 0 255 0 233 255 255 0 111 255 255 0
    162 0 0 0 255 243 0 255 0 255 0 255 0 0 216 0 255 0 255 225 0 0 255
    172 255 255 0 0 0 255 255 255 0 255 255 0 0 120 232 220 0 0 255 255
    255 255 204 255 0 0 255 255 255 166 178 0 255 255 0 123 0 255 255
    255 0 255 0 255 255 255 0 46 69 0 0 93 255 0 255 54 92 0 0 255 71
    255 255 0 0 0 0 0 0 255 0 255 0 255 0 255 0 255 0 255 255 255 0 42 0
    125 153 0 255 0 0 0 255 255 255 0 0 0 255 255 255 125 0 255 255 142
    25 0 255 0 255 0 255 255 255 255 0 0 255 0 255 0 255 0 255 255 255 0
    0 0 255 255 146 0 0 0 255 0 255 0 215 255 255 0 0 255 0 0 0 255 53
    234 255 0 255 161 0 0 255 255 0 0 111 0 255 255 255 0 0 255 54 255 0
    45 0 0 255 255 255 0 97 0 255 0 112 255 0 0 255 255 255 255 255 1
    255 255 24 0 0 0 0 0 255 146 20 15 0 0 255 0 255 0 255 0 255 0 255 0
    255 0 255 255 0 0 3 190 255 255 3 255 247 255 0 255 0 255 0 0 255 0
    255 0 255 0 255 0 214 0 255 16 255 54 255 50 70 0 0 255 255 255 255
    255 0 0 0 255 0 255 0 255 0 255 0 255 0 0 0 0 0 0 255 0 255 255 255
    0 255 0 255 0 255 0 255 202 255 255 0 255 0 0 255 255 255 0 255 0
    207 255 0 255 0 255 255 255 255 0 0 255 255 0 255 229 255 0 0 226
    218 0 93 255 244 0 0 0 0 110 255 255 255 0 0 0 255 204 255 255 0 213
    0 255 255 255 124 255 0 245 255 240 255 6 0 0 0 0 255 255 255 0 0 0
    255 53 0 0 0 255 0 255 0 0 0 255 255 255 0 0 255 255 0 0 0 255 0 0 0
    255 255 255 255 98 0 0 0 255 149 255 13 255 255 0 0 255 255 0 0 0 0
    135 0 255 255 255 0 255 0 255 255 255 0 255 184 0 233 0 255 0 255
    255 255 0 245 0 255 0 255 0 255 255 4 55 255 155 255 0 0 255 255 0 0
    0 255 255 0 0 0 255 255 255 0 255 255 0 0 0 255 255 158 193 255 255
    255 255 255 72 0 0 0 25 255 0 255 204 0 255 66 0 255 0 192 178 255
    255 0 0 0 255 248 11 0 255 255 255 255 255 171 138 151 255 125 255 0
    0 0 255 255 255 22 0 0 255 255 253 0 0 246 0 255 255 255 80 122 255
    255 0 0 0 81 255 255 255 28 255 0 44 1 149 0 255 94 255 255 0 0 0 0
    255 255 196 255 0 255 0 255 0 159 132 255 0 255 0 0 0 255 255 160
    128 255 255 228 0 0 0 255 158 195 0 255 255 255 0 96 0 255 208 255
    255 255 255 230 0 65 0 208 255 255 0 64 255 255 255 255 0 0 255 255
    255 0 255 0 255 255 255 0 255 11 0 0 0 255 255 55 0 255 255 0 255
    255 0 255 135 255 255 0 255 255 13 0 0 255 255 244 0 0 0 255 168 255
    255 89 0 32 0 255 15 255 0 5 255 137 255 0 255 204 255 0 255 0 242 0
    140 8 255 0 0 0 255 0 255 141 255 0 255 146 53 0 0 255 106 0 189 53
    255 0 255 0 7 255 255 255 255 0 0 0 0 255 0 255 246 255 0 0 0 226
    255 220 0 0 0 255 2 255 0 0 236 255 255 255 255 0 0 255 0 0 0 0 255
    255 255 255 0 255 0 255 0 209 0 255 0 110 71 165 255 0 0 255 109 255
    0 0 255 255 255 255 0 63 255 0 0 0 255 255 0 0 255 255 255 0 0 0 255
    255 0 25 0 255 255 0 0 0 255 169 25 161 255 255 255 0 0 0 0 255 42 0
    0 255 255 0 0 0 0 255 0 255 0 197 54 255 0 255 0 255 164 255 204 255
    228 0 126 0 0 255 208 255 255 255 214 0 0 255 80 255 0 0 243 60 255
    255 0 0 0 255 0 255 255 255 255 121 255 0 131 0 190 255 0 255 255
    241 255 0 0 0 255 255 0 31 0 255 255 9 255 235 110 0 255 0 0 0 0 0 0
    0 213 255 0 255 0 255 0 255 0 0 255 156 255 0 255 0 255 255 255 255
    255 0 0 162 255 255 0 0 0 255 72 0 255 0 255 0 247 255 120 0 0 255
    255 20 255 0 0 0 124 255 0 255 255 0 255 0 190 255 255 0 255 255 255
    255 255 0 0 0 0 0 132 255 255 0 25 255 111 255 20 140 0 255 0 0 0 10
    0 255 208 255 0 210 0 255 0 0 216 3 152 60 0 0 255 21 0 0 0 255 41
    255 0 255 255 255 0 0 0 45 255 255 0 13 0 255 0 255 255 255 221 35 0
    255 255 255 0 255 255 255 157 0 255 255 0 255 0 0 255 34 0 255 255 0
    0 255 0 138 0 0 255 0 170 0 255 255 255 255 8 0 140 0 255 0 255 0
    255 0 255 29 0 0 19 0 0 255 140 0 0 255 0 255 255 255 68 0 255 0 255
    255 255 71 255 0 0 36 255 255 0 4 0 0 0 0 0 0 255 255 255 0 0 255
    255 0 0 0 255 255 229 0 0 255 255 255 0 255 205 255 255 255 0 255 0
    185 0 48 0 255 149 255 0 255 255 0 0 255 0 255 255 255 0 0 0 255 0
    145 0 255 255 255 0 255 0 17 217 76 0 255 0 61 255 255 0 0 80 0 0 25
    0 0 255 255 0 0 0 255 0 255 0 105 0 0 255 255 255 0 255 0 255 0 255
    0 255 78 255 0 13 0 255 0 0 0 0 255 255 255 2 154 204 0 255 212 53
    255 0 0 0 0 255 255 83 0 255 68 239 255 0 255 188 255 0 0 0 0 255
    255 94 255 0 156 0 255 0 0 255 255 255 0 251 0 0 255 0 0 0 0 0 0 255
    255 255 255 0 0 78 255 255 255 0 0 0 255 0 0 0 255 0 255 7 255 145 0
    255 255 69 0 255 255 0 0 220 255 255 0 255 255 0 56 0 0 252 0 167
    255 189 0 255 0 0 0 0 0 166 255 255 0 255 0 255 0 155 0 255 255 255
    0 211 255 255 255 255 255 79 255 0 213 18 243 255 0 217 0 255 3 255
    0 102 0 0 255 255 255 0 190 255 255 185 255 86 167 225 0 255 255 255
    255 0 0 0 0 0 0 0 0 255 255 4 0 0 0 174 101 255 255 255 0 0 0 0 255
    0 255 255 231 255 0 255 141 0 0 253 141 255 0 255 0 255 255 255 84
    255 255 0 0 0 222 236 0 147 0 0 96 0 122 0 255 23 255 0 255 255 255
    184 255 255 255 255 0 255 255 203 0 191 255 0 0 181 255 0 255 0 185
    43 255 0 36 0 201 0 255 0 255 255 255 0 255 255 255 0 0 84 255 255 0
    255 0 255 0 255 0 255 223 54 255 255 226 0 255 255 255 255 255 255
    255 0 0 0 0 189 240 255 244 255 0 255 0 255 180 255 0 0 0 255 15 173
    0 255 255 252 0 0 0 0 255 255 255 46 0 255 102 255 0 255 0 255 0 81
    157 122 88 255 0 196 0 144 206 255 109 242 0 0 255 0 255 0 255 0 255
    232 255 193 255 0 0 0 255 255 0 178 0 255 0 255 179 255 0 16 0 255
    115 0 255 0 255 0 0 0 169 255 0 0 0 0 255 199 255 255 255 255 255 0
    0 0 255 0 0 0 82 0 0 255 0 0 0 185 0 255 158 255 255 0 0 255 14 0 0
    0 0 0 73 255 118 0 255 163 0 0 0 255 255 93 0 0 255 0 255 0 123 255
    255 0 0 255 0 0 0 255 242 255 0 0 0 11 255 32 176 0 0 255 0 255 124
    255 36 255 0 255 255 255 255 0 0 0 255 255 255 255 0 241 0 0 255 255
    255 61 73 123 255 0 0 164 255 157 255 0 255 0 255 0 255 0 255 255
    255 255 255 255 255 255 255 0 0 0 255 255 21 8 0 255 0 255 0 0 184
    255 255 255 255 215 144 216 255 6 13 255 255 255 255 0 59 255 255
    255 255 0 255 83 255 0 0 217 0 255 90 255 255 206 255 0 104 255 28 0
    0 255 255 17 0 255 255 255 0 0 0 255 255 0 255 0 0 0 255 231 0 0 255
    0 255 137 48 63 0 255 0 46 0 255 255 255 0 0 255 160 0 50 255 57 40
    0 255 255 255 0 0 0 255 0 0 255 255 255 163 0 0 255 255 0 255 0 255
    0 255 255 50 0 97 255 230 255 179 255 221 0 255 0 255 255 255 46 0 0
    255 255 0 0 15 23 255 255 255 0 255 0 255 0 255 0 236 0 255 0 0 0
    218 255 0 0 0 255 62 255 0 0 0 0 0 255 212 0 34 0 90 255 255 167 10
    0 255 172 0 246 143 255 0 255 0 255 0 87 0 0 255 255 255 255 0 133 0
    255 255 255 0 0 98 255 255 0 255 0 5 149 255 214 0 255 15 0 0 255
    255 255 244 0 0 0 255 123 17 0 0 0 0 0 0 255 255 255 0 0 0 255 0 255
    255 0 0 255 255 255 223 0 0 0 255 223 255 158 0 0 255 0 0 255 255 40
    0 0 33 255 255 255 255 0 255 215 255 119 0 255 0 255 0 48 0 24 0 0 0
    0 0 255 255 255 0 255 255 0 0 0 0 8 255 241 255 255 0 162 0 0 0 255
    255 255 0 70 255 89 0 0 0 255 255 0 0 255 255 255 73 0 255 0 255 93
    255 0 0 142 255 255 0 255 255 255 0 255 255 99 0 153 0 0 0 0 255 0
    255 255 255 180 0 0 0 255 255 0 0 255 0 255 0 255 76 255 21 255 0
    255 62 255 0 255 255 0 0 255 46 255 0 78 0 255 217 0 255 255 0 0 0 0
    0 0 0 255 86 255 137 255 255 255 117 0 154 255 88 255 0 255 0 255 0
    15 255 254 120 255 0 249 33 255 0 0 255 0 255 0 255 0 255 255 0 0
    255 0 0 0 0 0 119 166 0 0 146 0 255 48 0 0 0 187 127 255 2 0 0 255
    255 255 0 0 255 255 255 0 255 0 0 125 4 255 0 0 0 255 255 0 255 255
    0 255 0 255 0 127 0 13 0 255 228 0 255 0 0 213 0 0 0 255 0 255 255 0
    0 11 255 255 255 0 14 0 0 0 0 0 255 255 0 0 255 0 0 255 255 255 0
    160 255 214 0 0 55 255 255 0 255 255 255 0 30 255 255 255 255 0 0 0
    0 0 255 255 255 0 0 0 0 0 192 116 0 79 255 255 0 255 0 255 0 255 255
    0 255 0 0 0 0 255 255 156 255 185 0 156 19 255 0 0 0 220 0 255 255
    255 255 255 255 0 0 255 0 46 255 255 255 30 0 0 255 0 255 117 83 19
    255 0 255 0 218 0 0 255 255 255 0 0 0 255 255 255 0 0 255 255 255
    255 0 199 0 0 0 255 255 7 103 0 255 203 0 255 0 255 6 255 255 12 0
    37 0 255 0 0 0 255 0 65 0 255 255 255 0 255 0 0 0 255 106 0 255 255
    255 206 0 0 182 255 255 255 0 0 255 255 255 141 0 118 255 25 255 0
    135 0 0 0 255 0 255 255 255 255 0 0 0 63 255 255 255 0 135 0 0 255 0
    0 0 255 255 0 255 255 255 0 0 255 255 255 0 255 0 255 0 110 0 0 0 0
    0 255 0 0 0 255 255 255 0 0 255 255 0 0 0 0 255 254 255 0 207 0 0
    255 255 255 0 0 0 0 133 255 0 0 0 0 0 30 33 255 0 255 255 97 0 0 255
    251 255 30 0 0 255 255 255 0 0 255 0 255 0 255 0 255 0 0 134 255 255
    255 0 0 0 255 255 0 0 91 255 171 0 255 99 255 167 52 116 255 0 182 0
    255 0 0 255 153 0 0 255 63 255 0 255 194 218 0 0 255 255 151 0 0 0
    255 0 255 255 255 255 36 255 0 0 154 19 0 255 255 255 255 255 0 0 0
    241 0 0 255 0 255 235 255 255 0 40 255 255 255 255 169 0 255 0 245
    163 255 130 255 0 0 0 99 0 130 255 255 255 255 0 0 255 255 255 83 0
    126 255 0 255 0 255 0 159 255 0 0 228 0 0 255 255 249 140 255 255
    255 0 255 0 255 0 255 255 255 36 255 0 255 0 0 255 255 255 0 0 0 255
    210 170 0 0 255 0 255 255 201 192 0 0 0 0 255 0 0 0 0 255 46 255 0
    255 179 255 78 255 255 255 255 255 0 0 191 100 255 0 255 168 255 255
    186 255 0 0 0 255 0 27 0 255 20 176 0 255 0 0 255 255 255 255 231 0
    255 255 0 232 0 161 255 0 0 0 255 255 255 0 247 0 255 0 255 31 255 0
    255 0 0 0 0 255 255 255 0 220 217 255 36 255 0 0 0 255 0 255 0 104 0
    0 255 0 0 0 0 255 0 0 0 5 0 255 0 255 0 255 0 0 0 255 138 198 255
    255 255 0 0 0 0 255 0 255 0 0 255 255 255 255 0 255 255 0 255 0 4 0
    166 200 255 255 186 38 0 0 0 255 0 255 145 74 255 0 255 0 255 255 0
    161 0 0 0 255 255 255 0 255 0 255 0 76 112 0 0 255 255 255 0 0 0 0 0
    255 0 131 0 68 255 76 197 255 0 255 0 205 0 0 119 255 255 0 0 0 255
    0 255 110 196 255 255 0 255 0 0 0 255 255 255 255 255 156 239 0 255
    0 200 0 255 136 255 0 17 0 255 255 255 255 0 255 0 255 255 255 0 0 0
    255 0 0 0 0 255 255 0 0 148 255 171 0 0 255 216 255 0 255 0 0 0 255
    255 255 0 0 255 255 0 0 255 255 255 0 0 69 255 0 255 0 255 220 255 0
    255 0 255 0 0 0 71 255 0 237 0 255 255 255 0 146 5 106 0 0 0 255 255
    255 0 0 0 0 117 255 255 255 0 0 0 0 255 255 0 216 79 255 255 0 0 0
    255 0 255 255 255 0 0 199 255 111 255 0 0 255 0 255 116 0 0 0 255
    255 255 255 255 0 0 0 0 255 255 255 0 0 0 129 255 255 255 255 0 0 0
    67 0 23 255 0 0 255 255 0 51 255 255 0 0 0 255 255 0 231 0 0 255 255
    255 0 30 180 255 0 255 0 124 255 255 255 255 41 0 0 0 0 0 138 0 255
    0 255 0 0 0 0 0 201 0 255 0 255 0 0 0 255 255 255 255 0 0 30 255 149
    0 255 255 177 255 0 255 255 0 0 0 65 0 255 255 255 0 0 0 255 255 0
    255 171 0 0 0 0 255 0 0 0 0 220 32 0 255 255 255 0 255 0 103 255 255
    255 0 28 255 0 255 0 0 0 0 0 207 0 218 99 255 0 0 0 255 255 255 218
    177 255 255 0 0 150 85 91 255 186 115 255 209 115 0 99 255 255 255 0
    255 0 0 200 255 255 0 9 151 255 0 0 0 255 255 255 0 157 157 255 255
    0 0 0 150 255 0 255 59 0 255 0 0 0 255 255 255 0 255 255 0 0 33 255
    255 255 255 0 0 0 255 0 255 0 112 0 255 255 0 0 255 108 75 0 255 255
    0 0 0 0 255 255 0 0 0 255 0 255 0 255 208 255 255 255 150 255 0 0 0
    0 255 255 78 0 0 125 255 255 233 255 0 255 0 97 255 255 255 0 0 0
    255 0 255 0 0 0 255 255 0 0 0 0 241 0 255 0 228 41 255 0 255 0 0 0
    255 126 0 0 255 255 0 0 0 255 0 255 255 255 0 0 206 0 179 0 255 129
    0 0 0 74 255 185 0 0 22 0 0 0 135 255 250 0 0 0 9 255 0 255 0 0 255
    255 255 255 0 0 0 255 137 71 255 129 164 255 255 0 0 21 0 255 0 255
    255 255 0 0 0 255 255 31 255 255 255 0 255 0 100 35 255 43 0 0 255
    255 38 0 0 255 255 255 0 255 255 0 255 0 0 0 255 197 0 110 255 0 255
    188 0 0 0 255 255 255 0 151 255 0 63 0 255 0 0 182 255 255 255 255
    255 255 97 255 0 0 0 0 0 255 0 0 140 0 255 153 0 0 255 255 0 36 45
    255 0 0 0 255 255 255 0 58 255 255 255 0 255 0 255 0 255 255 255 0
    255 0 255 0 255 0 255 0 255 0 0 253 0 255 255 255 255 0 0 93 18 255
    255 0 0 0 169 0 255 255 0 231 0 0 63 255 255 255 0 255 0 0 0 255 255
    255 0 0 0 0 255 0 146 41 0 0 169 255 148 255 0 254 255 255 255 255
    255 0 255 0 255 255 0 255 0 255 0 0 255 255 255 255 0 255 0 0 240
    225 255 255 0 0 255 255 255 0 255 67 255 127 0 0 0 255 0 0 0 119 0
    255 255 215 255 0 0 167 0 255 0 255 0 114 255 0 0 255 0 0 0 255 0
    255 255 211 223 255 0 0 255 0 255 49 255 255 0 255 255 255 0 0 0 255
    1 255 0 0 0 11 255 0 255 44 255 0 255 192 164 0 0 0 255 255 0 236
    255 255 255 0 173 0 255 255 255 0 255 0 255 215 206 0 0 0 0 255 255
    0 255 173 0 0 0 255 0 255 248 89 0 0 255 0 213 204 0 0 0 255 0 255 0
    255 0 255 255 204 0 255 182 0 0 255 255 255 255 0 255 0 255 0 255 43
    181 255 255 160 0 255 0 178 0 255 255 255 255 0 112 0 2 113 255 255
    0 255 0 0 0 255 255 255 255 255 0 0 255 255 0 39 255 0 255 0 197 0 0
    255 251 168 0 0 0 106 255 255 255 175 0 7 255 0 255 0 0 0 255 255
    255 255 0 0 106 255 255 0 0 0 255 255 0 0 202 255 255 0 255 137 255
    0 115 255 124 248 0 178 0 255 0 72 0 255 99 0 0 151 228 255 255 255
    92 255 195 255 255 100 0 0 0 0 208 207 224 0 255 0 255 0 237 0 255
    163 255 255 255 255 190 0 0 255 255 0 96 255 255 41 228 0 8 255 255
    255 38 32 0 0 30 255 135 255 255 0 155 0 255 255 170 0 255 255 254 0
    255 255 0 0 106 255 235 86 151 168 0 255 0 255 0 0 0 0 255 255 63 0
    0 182 77 255 13 0 0 0 255 255 255 229 0 116 255 255 0 0 99 0 255 242
    255 255 0 128 255 95 255 255 0 0 255 174 223 255 172 134 104 255 253
    35 0 255 200 255 190 0 0 255 0 0 191 0 255 255 199 255 0 93 255 255
    255 0 171 0 0 147 255 4 0 137 255 255 0 0 255 62 0 0 0 255 181 255 0
    255 0 255 161 0 0 102 192 0 0 0 56 255 0 255 255 0 91 0 255 207 0
    255 0 0 0 255 255 255 99 255 248 0 0 0 255 0 0 75 0 255 255 127 255
    187 255 255 255 188 0 0 0 255 243 255 77 255 218 0 0 0 255 255 0 0
    255 255 0 0 255 0 255 255 255 0 74 56 0 178 255 255 255 255 0 255 0
    95 126 255 255 255 0 20 0 60 0 255 48 255 255 0 0 0 0 238 255 143
    161 255 0 255 0 255 171 255 0 0 255 121 255 255 255 0 0 255 255 0
    255 255 255 0 46 255 35 0 0 0 0 255 255 255 255 39 57 0 255 0 0 255
    0 250 0 173 91 255 6 255 0 39 0 255 255 0 0 0 255 115 255 0 0 162 0
    0 255 0 255 58 86 255 0 0 255 0 255 0 0 0 255 255 113 255 233 61 0
    255 255 0 0 0 255 255 255 4 0 40 0 0 0 113 255 0 255 0 255 255 255
    255 169 0 0 255 0 216 255 255 255 73 173 0 255 0 0 255 255 0 255 0 0
    189 169 255 255 0 0 31 0 255 209 255 0 0 0 255 255 0 0 255 255 0 0
    255 255 43 9 0 0 0 255 0 0 255 1 255 255 166 255 255 255 255 143 255
    0 0 255 178 255 0 122 255 0 255 106 210 0 255 255 0 0 183 0 255 255
    255 194 0 0 218 255 255 0 255 0 0 0 255 255 39 255 97 255 255 0 255
    0 255 0 0 0 255 255 255 0 0 0 193 255 0 0 93 255 212 255 76 99 255 0
    255 255 98 0 0 255 0 0 137 104 255 255 54 0 255 255 37 93 0 22 255
    255 86 0 80 255 255 0 0 255 255 255 255 0 129 255 255 255 0 255 255
    0 0 255 255 255 0 0 0 255 51 124 255 255 0 0 0 255 255 0 40 255 255
    255 0 255 53 0 43 0 255 95 255 0 0 0 255 0 255 255 242 45 0 255 255
    255 255 0 199 0 0 0 65 255 0 255 66 255 255 127 255 0 255 0 255 0
    255 229 0 255 0 255 0 255 0 255 168 255 255 255 0 117 0 255 45 255
    255 255 0 0 0 224 0 255 255 0 0 90 255 255 255 213 255 255 0 255 255
    255 0 0 6 201 255 0 222 255 255 252 0 0 0 255 0 255 0 255 255 255 0
    255 255 255 0 0 255 0 255 0 255 0 255 255 104 0 0 0 255 255 255 255
    225 0 0 0 255 0 255 0 255 0 255 164 255 0 0 0 235 147 255 0 198 255
    0 255 0 255 255 0 0 0 255 255 0 255 0 255 0 255 255 255 0 91 255 255
    0 132 0 0 255 214 255 255 255 231 0 0 255 255 0 0 0 255 116 255 1 0
    156 0 255 255 255 255 255 0 0 0 0 0 255 0 255 62 255 0 255 255 255
    255 246 255 0 150 68 0 0 255 9 0 255 255 0 0 255 255 149 0 255 0 0
    255 255 255 0 0 255 151 81 255 151 0 255 0 0 136 0 255 0 255 0 206 0
    255 0 177 0 211 0 0 202 255 255 85 255 138 0 0 8 255 255 255 0 255
    255 255 255 0 251 0 0 0 194 0 0 255 255 255 255 255 255 0 129 255 0
    0 0 255 0 255 0 0 0 255 0 255 0 255 0 253 0 0 255 255 149 0 0 0 0
    255 255 56 0 0 77 216 0 0 76 255 255 75 224 0 207 255 0 29 255 255 0
    0 0 255 255 255 255 255 255 255 27 111 87 255 255 255 255 0 0 93 0
    255 255 255 255 255 0 0 0 255 0 0 0 255 255 255 0 0 0 179 0 0 255
    255 0 0 90 0 0 47 255 182 255 255 255 255 255 0 0 0 0 255 0 255 0
    255 0 232 0 214 106 6 255 255 255 0 0 173 255 0 0 255 255 252 255
    255 0 0 0 0 213 0 255 55 171 255 255 255 255 255 255 255 0 0 0 255
    255 107 0 255 0 255 255 0 0 0 36 255 81 255 0 255 0 0 0 255 122 255
    6 255 255 17 0 69 255 255 255 0 0 0 255 0 0 44 255 0 0 233 0 255 87
    255 255 230 22 0 0 0 116 0 145 255 0 0 13 255 255 255 0 165 0 255 0
    0 0 164 119 242 255 255 255 0 0 255 0 255 226 0 0 0 0 255 0 255 234
    180 0 0 255 255 255 255 0 0 0 255 0 255 255 0 0 255 255 0 0 255 25
    100 157 255 255 40 0 64 0 255 255 255 0 0 255 255 255 48 0 255 255 0
    0 0 255 0 255 0 255 255 214 0 255 255 0 255 255 255 161 0 188 0 41
    255 255 84 0 0 0 255 0 0 255 255 187 255 0 163 255 255 76 0 0 93 255
    0 0 0 226 255 255 44 0 255 0 255 0 192 240 255 0 255 24 0 0 0 0 255
    0 0 0 255 24 255 255 255 0 0 255 0 255 0 255 255 0 255 150 0 135 255
    0 0 0 88 255 0 0 0 255 255 255 0 0 173 255 255 255 0 0 255 255 217 0
    0 255 255 255 0 35 0 255 255 0 122 0 255 175 255 255 0 255 255 0 0 0
    255 0 255 255 255 0 6 186 255 255 0 255 0 0 0 0 0 18 255 255 0 0 0
    191 255 132 255 0 255 0 255 0 193 255 255 255 0 247 255 0 161 0 0 0
    0 255 0 17 27 0 0 255 255 255 205 0 0 0 0 255 255 255 255 255 29 0
    255 0 255 255 255 255 0 255 0 255 255 255 255 0 255 133 58 0 117 0
    255 0 0 0 79 105 0 255 152 0 86 0 255 255 255 255 255 255 0 101 0
    255 255 255 115 255 0 255 0 255 255 0 0 255 0 255 241 0 255 255 255
    0 0 255 166 255 0 255 0 0 0 0 0 0 255 0 255 255 0 200 0 255 244 255
    4 0 0 0 255 255 255 0 0 0 232 255 255 131 0 0 0 0 255 255 255 255 0
    255 255 255 0 0 255 0 255 255 255 0 130 0 255 84 0 0 68 255 255 255
    255 0 0 161 255 27 0 0 255 255 0 0 155 255 255 0 255 255 255 255 213
    0 0 206 0 255 255 31 0 195 255 89 255 60 0 85 0 255 0 220 255 255
    145 81 255 255 0 255 182 255 0 255 181 255 0 226 0 255 255 0 36 80
    19 0 255 211 255 77 255 0 0 0 255 121 15 0 255 152 255 0 255 0 255 0
    164 255 255 255 0 51 64 0 255 255 0 0 118 255 255 0 17 0 0 255 0 255
    0 255 130 255 35 255 0 0 0 0 255 0 222 13 255 255 255 0 0 152 115
    255 0 0 255 255 255 0 66 0 0 0 0 255 255 255 0 255 255 0 0 255 0 255
    0 0 119 0 0 78 255 34 88 0 255 255 0 0 255 74 255 255 134 255 0 255
    0 255 0 0 0 255 0 255 255 114 0 255 86 255 0 250 0 255 62 255 0 255
    255 255 207 0 0 0 255 0 254 255 255 255 0 255 0 255 122 0 162 255 0
    255 168 3 255 255 255 0 255 255 255 255 255 0 0 0 255 0 203 255 255
    0 103 255 0 0 0 0 255 46 255 0 0 255 90 255 255 255 255 57 255 0 157
    255 255 0 0 255 142 255 0 247 0 0 0 172 11 0 255 255 255 0 0 0 231
    255 255 0 255 255 255 199 0 121 255 214 255 255 255 0 255 0 255 255
    0 0 71 79 102 0 44 136 255 0 255 138 0 0 78 255 0 255 0 255 255 0
    255 255 255 0 255 208 255 0 195 144 189 255 255 0 243 0 0 0 0 255
    255 255 0 119 0 255 255 0 255 0 0 255 255 0 0 0 172 255 255 65 0 0 0
    193 0 0 255 255 22 0 0 231 0 255 0 255 186 255 66 92 0 1 11 255 0
    255 255 210 0 255 255 255 255 255 0 157 0 255 255 255 255 0 0 163
    255 255 0 255 0 0 255 255 255 0 0 0 0 0 255 255 255 255 255 0 255 63
    255 0 0 0 255 0 255 0 177 0 0 0 98 0 255 0 255 0 0 0 255 8 184 0 177
    0 0 255 255 0 255 0 255 0 255 119 0 0 0 0 255 0 0 0 88 3 255 255 194
    255 0 0 0 255 71 255 0 132 0 255 8 0 0 238 255 255 0 255 0 0 255 248
    255 36 0 0 0 255 255 94 3 255 0 255 0 255 0 0 0 0 255 0 255 0 255 0
    254 0 0 0 0 255 255 255 0 255 0 119 0 242 0 255 255 0 0 78 0 0 62
    155 255 255 0 255 69 177 207 255 0 0 239 0 255 255 0 5 0 255 255 0
    255 0 0 0 255 139 43 0 255 255 255 0 0 161 255 255 66 179 255 0 63
    255 255 255 0 255 255 255 0 88 0 0 255 142 255 215 255 255 0 255 0 0
    0 255 0 0 0 184 0 255 0 255 0 243 255 0 255 0 255 255 255 26 0 48 0
    0 255 0 134 0 223 0 0 255 255 157 255 217 236 0 255 255 148 0 0 0 0
    255 86 255 255 131 255 84 255 0 0 255 0 243 255 167 255 255 0 255 0
    255 255 255 0 0 255 255 0 255 255 0 0 0 255 129 255 33 21 0 255 0 0
    0 79 255 255 0 0 0 0 166 255 255 0 75 195 0 0 255 255 255 54 255 0 0
    243 255 255 0 0 255 166 255 255 98 0 0 0 255 255 255 0 0 6 255 255
    225 255 255 231 255 0 0 181 255 0 74 0 255 108 47 0 51 150 255 255 0
    0 255 255 0 198 0 0 0 255 0 255 224 9 0 0 255 255 0 102 0 255 0 156
    0 0 203 255 255 0 255 255 255 146 0 0 3 255 182 3 0 255 255 255 159
    255 0 0 0 255 234 255 0 0 0 255 0 255 255 255 112 0 255 250 255 255
    0 0 255 0 255 255 70 255 232 0 0 255 0 255 255 255 0 255 0 255 255
    255 0 86 255 0 255 0 255 255 160 0 255 255 255 16 0 0 255 0 255 0
    255 0 255 255 255 0 182 122 0 255 72 0 0 0 255 137 177 38 255 255 0
    0 0 0 255 0 255 0 134 68 255 83 255 0 255 255 255 75 0 255 255 0 0 0
    255 255 255 0 255 255 0 0 0 0 255 255 255 255 0 0 255 196 0 255 255
    255 153 0 0 0 255 0 255 255 255 255 0 0 0 255 255 253 255 0 0 115 0
    0 255 255 0 0 255 255 255 0 119 0 255 255 255 37 255 0 0 0 183 255 0
    0 255 255 255 255 0 0 208 0 0 0 0 255 171 194 18 255 255 0 0 0 255 0
    74 59 147 255 255 255 0 214 0 0 255 255 255 0 255 255 0 0 0 0 218
    255 255 0 18 255 255 0 0 0 255 0 228 0 255 0 255 255 41 0 0 120 255
    0 255 255 255 0 0 255 255 255 0 0 0 255 255 113 92 0 0 89 255 255
    255 0 0 152 0 255 255 255 0 255 255 255 0 255 0 0 0 255 255 255 128
    255 0 255 255 255 152 0 255 0 255 46 90 0 255 255 0 0 0 0 255 215
    255 255 0 255 111 255 0 255 0 255 98 0 255 255 255 0 0 0 0 0 255 255
    103 255 255 255 244 184 255 35 0 0 0 0 0 255 0 249 0 0 0 255 255 255
    0 0 0 255 255 0 248 255 238 33 97 255 0 202 0 255 35 0 63 0 255 255
    0 255 0 255 0 73 255 255 0 0 0 255 255 0 255 0 255 75 0 0 0 0 131
    255 0 189 0 0 255 0 255 0 255 110 255 255 255 0 255 255 255 255 0
    255 0 0 255 0 0 0 255 0 255 255 198 255 5 0 0 255 0 0 255 0 255 0
    255 0 207 161 250 130 0 45 220 255 0 255 255 0 0 0 255 255 255 0 0 0
    0 255 0 255 86 0 146 0 255 0 255 0 213 67 255 0 0 255 90 255 0 255
    255 255 0 0 0 0 255 255 255 0 255 255 255 0 0 48 160 3 102 0 33 93 0
    255 0 255 255 72 255 0 0 0 255 255 129 255 0 0 0 0 0 255 0 98 0 0 0
    0 62 255 0 0 255 4 0 0 255 255 255 246 117 255 0 77 0 255 255 255 0
    0 0 255 0 0 0 9 155 255 255 92 0 0 0 255 33 168 0 0 68 0 255 0 255
    42 255 83 255 255 77 0 168 255 0 11 0 255 177 136 0 198 213 157 91 0
    255 0 0 255 255 165 232 241 255 0 255 8 0 0 255 255 23 0 255 0 0 0
    188 72 255 78 0 71 0 0 255 0 255 0 255 0 255 156 255 0 0 255 0 255 0
    123 255 0 255 0 0 0 0 255 62 255 0 255 255 198 255 0 0 0 255 255 255
    0 37 255 255 0 255 0 237 255 255 255 0 255 0 255 0 255 0 0 116 255
    153 255 255 0 0 0 255 107 0 0 255 222 255 0 0 255 0 255 0 255 0 255
    255 0 0 0 200 0 255 0 255 0 150 0 255 255 0 0 0 255 255 0 218 0 0
    255 255 255 255 255 0 255 0 0 0 255 255 0 0 255 255 180 0 223 255 0
    255 0 0 68 0 255 0 255 0 255 255 255 0 255 213 255 255 243 255 62 0
    208 0 246 0 255 255 255 160 0 0 255 255 0 0 0 79 255 0 255 0 255 0 0
    0 255 255 255 255 184 0 255 64 255 255 0 255 0 255 0 27 0 162 0 156
    255 255 200 0 59 0 0 0 0 255 255 0 0 0 255 255 0 0 255 0 133 101 30
    0 255 180 85 0 255 132 255 255 255 0 0 0 0 0 0 0 255 0 255 0 0 0 255
    255 53 0 255 0 0 0 255 0 0 0 0 220 0 198 255 255 255 0 255 0 255 212
    67 255 98 67 0 0 191 68 255 255 255 0 0 0 0 202 0 255 0 255 255 255
    255 0 50 0 0 255 255 255 0 0 0 166 0 139 108 255 255 0 0 0 255 0 23
    0 255 150 0 0 255 255 255 0 255 255 25 255 0 255 255 0 0 0 31 0 255
    159 255 255 255 255 0 0 0 255 0 255 255 255 255 0 230 255 255 0 0 0
    255 0 0 68 0 0 171 120 255 255 80 255 0 0 190 0 143 0 0 255 0 0 255
    255 249 0 0 0 135 0 255 255 0 0 0 73 200 255 241 0 0 255 14 255 255
    255 255 33 0 126 208 255 0 0 0 126 105 0 255 0 255 0 255 0 187 0 0 0
    132 255 118 225 0 0 255 255 123 0 0 116 0 255 255 255 25 0 255 0 255
    53 218 0 255 0 0 255 255 255 0 255 168 255 0 255 128 255 0 0 0 0 24
    255 255 0 0 0 255 0 255 255 255 255 0 255 0 0 0 255 255 255 137 0
    255 255 255 0 0 26 255 186 255 0 255 195 0 0 255 255 255 0 255 0 213
    72 0 0 0 255 124 255 0 255 165 255 0 0 209 255 0 247 0 255 255 255
    79 0 66 255 255 127 0 255 58 0 94 255 255 0 255 0 212 61 0 255 0 255
    255 0 0 0 255 125 0 0 255 0 0 0 255 255 255 0 26 0 255 255 255 0 236
    0 0 255 0 255 255 204 255 0 0 0 0 255 255 255 0 11 255 112 255 0 248
    152 0 255 81 255 0 255 255 255 255 255 0 255 0 0 255 255 175 0 96 0
    255 0 255 0 0 0 255 0 255 0 0 0 77 255 255 0 0 0 171 255 255 255 184
    255 0 0 0 46 255 0 0 55 255 0 255 0 255 0 255 255 255 0 223 71 0 255
    255 0 255 159 80 0 122 252 36 255 255 231 0 0 255 255 0 0 0 255 0 0
    193 255 0 0 0 255 0 0 0 9 10 255 255 255 122 255 255 255 0 0 255 255
    255 0 255 0 0 255 177 255 0 255 0 255 0 255 255 255 0 117 0 205 0 0
    0 103 26 193 255 255 54 60 0 0 255 117 0 0 86 255 255 0 0 0 0 255
    255 255 0 0 0 255 131 0 0 255 149 0 0 0 234 0 255 255 255 0 0 255
    255 0 255 0 0 0 255 255 255 231 255 255 0 255 0 216 0 50 0 255 255
    143 255 255 255 0 255 0 255 0 203 0 255 0 0 255 0 255 0 255 59 37 0
    255 226 255 16 86 255 0 0 240 0 32 0 255 0 146 255 0 255 0 0 0 203
    159 168 0 187 0 219 0 234 255 255 255 143 234 255 0 73 255 255 0 120
    0 54 255 255 0 255 0 255 255 106 255 0 255 255 255 0 0 0 255 255 255
    255 0 56 0 0 0 179 255 196 255 0 0 255 255 255 255 127 0 0 0 255 255
    255 0 0 0 0 235 255 255 0 0 0 0 0 0 0 255 255 255 0 255 0 184 0 255
    171 255 0 0 0 255 0 255 63 255 255 255 0 255 0 0 212 255 0 255 93
    255 119 59 0 0 0 0 255 0 255 0 0 0 0 255 255 0 255 127 225 255 230
    135 0 255 0 255 255 255 0 255 4 0 0 0 255 63 0 255 255 137 255 255
    219 255 0 255 255 255 255 0 0 0 0 255 255 255 0 58 0 0 255 255 176
    54 0 0 255 0 88 255 255 255 0 0 196 255 255 0 95 0 76 255 35 255 0
    255 0 255 0 255 0 255 255 166 171 0 255 255 0 72 0 255 0 255 40 0
    255 0 77 0 0 255 0 255 255 255 0 83 255 255 255 0 0 0 0 85 255 255 0
    0 0 255 0 255 255 255 0 0 255 255 255 78 255 61 175 0 255 213 0 255
    0 255 255 255 0 0 0 0 117 0 231 255 0 0 0 68 0 255 0 255 0 255 0 255
    255 255 255 0 255 0 255 0 255 182 255 0 0 0 255 225 101 255 0 0 255
    255 255 0 0 201 255 255 227 255 0 74 82 255 255 255 255 255 255 0 0
    0 255 187 255 0 0 0 0 255 255 255 255 0 0 255 177 255 255 0 255 0
    172 255 0 0 0 255 255 255 0 0 0 255 255 255 255 0 255 0 255 0 255 0
    255 0 255 0 0 255 117 95 0 255 14 238 255 29 0 0 5 123 38 255 0 0 0
    88 138 255 0 255 255 0 0 255 255 171 85 158 255 0 0 0 255 255 255 0
    255 0 255 85 255 255 0 255 0 223 253 0 0 0 255 255 0 0 0 0 255 0 255
    0 255 0 255 0 255 132 255 0 216 0 95 0 0 255 113 255 18 0 255 255
    104 111 255 0 255 0 255 0 0 255 255 0 0 222 255 0 255 255 255 67 255
    0 255 255 255 148 121 255 166 0 0 255 255 255 0 70 255 255 0 26 255
    255 255 0 233 77 184 255 69 255 0 0 195 0 255 255 0 0 232 122 255 0
    201 0 46 255 0 255 0 255 0 116 0 0 0 150 255 0 0 0 0 157 0 0 255 255
    104 0 9 255 255 255 255 254 0 14 255 0 255 209 0 0 237 0 95 255 193
    0 255 0 0 255 0 255 0 0 255 255 255 255 0 0 0 0 0 255 151 255 255
    255 65 0 255 0 210 0 255 0 8 151 0 190 7 0 20 2 143 255 0 255 0 119
    0 255 255 255 255 255 0 255 255 255 255 255 0 0 0 255 249 255 0 0 0
    0 255 0 255 255 255 0 255 85 242 0 255 110 0 121 136 0 255 190 255 0
    175 0 255 0 0 255 204 255 72 255 0 255 223 0 0 39 255 255 255 149
    255 0 255 0 0 0 0 0 255 216 255 255 0 0 0 255 255 255 0 51 255 147
    255 0 0 255 255 145 0 0 113 255 71 0 0 255 0 255 255 255 255 0 0 0 0
    255 255 92 0 0 226 202 255 97 0 193 255 255 0 0 0 0 159 255 0 0 255
    253 255 183 3 255 0 0 0 255 255 255 255 0 0 0 255 255 255 0 128 0
    255 212 0 0 0 255 0 24 255 0 255 216 0 0 0 255 0 255 0 255 0 255 54
    255 255 255 190 0 0 255 186 255 0 0 255 255 22 0 255 255 0 0 45 236
    0 255 255 255 0 255 255 255 0 0 210 255 255 255 0 47 0 0 0 255 255
    46 0 0 255 255 255 176 255 0 0 0 255 0 0 255 0 0 0 0 0 255 211 255 0
    0 0 255 255 0 0 255 155 255 0 255 0 0 255 0 255 0 255 0 255 0 255 0
    0 0 177 33 255 255 30 255 255 255 255 0 255 255 255 255 0 0 0 255
    255 0 0 255 0 229 255 255 97 255 255 37 0 89 64 0 255 0 255 249 211
    0 255 255 1 255 0 255 0 200 255 74 0 0 0 255 255 255 185 255 255 0 0
    0 0 0 255 255 255 0 232 0 255 255 255 255 196 255 41 0 255 255 0 0 0
    255 255 0 0 0 255 255 255 0 0 0 255 255 0 0 255 0 255 0 255 0 0 207
    186 166 0 0 0 253 0 255 219 255 0 76 60 255 0 255 0 255 0 0 0 255 0
    0 56 255 255 255 255 170 255 0 255 0 0 0 255 0 255 0 0 255 0 50 0
    255 255 0 0 0 0 197 255 255 255 146 0 255 0 0 0 255 255 0 236 96 0 0
    255 255 255 147 195 0 0 255 255 255 0 0 85 255 63 255 43 0 91 255 0
    0 255 180 255 194 255 0 0 255 255 255 0 0 0 0 255 255 255 0 0 255
    255 255 255 0 0 255 110 0 0 0 255 0 255 255 255 0 0 255 255 0 88 0
    34 0 255 255 255 0 0 255 255 0 70 0 0 255 255 255 0 0 0 255 255 0 0
    0 0 255 0 255 255 255 0 255 37 255 255 0 0 0 255 255 0 255 255 255
    243 0 255 255 255 0 0 0 0 0 0 255 0 0 0 255 255 212 255 0 255 30 0 0
    0 255 0 255 0 0 0 0 57 0 255 214 255 0 255 255 255 0 0 182 0 0 255
    255 0 130 0 201 0 255 67 255 0 35 0 0 17 255 127 0 255 0 0 208 0 255
    0 0 0 0 255 214 0 0 0 115 255 255 255 0 211 0 0 255 255 255 255 255
    0 70 0 0 236 255 255 255 0 28 0 255 0 255 0 0 255 255 255 0 0 54 255
    165 255 0 0 65 0 255 255 255 0 0 255 255 255 255 255 0 0 255 255 62
    150 0 0 255 255 0 101 255 255 255 0 0 255 255 0 0 83 255 0 255 0 255
    178 255 0 255 0 255 0 198 0 255 0 0 0 255 253 185 0 0 0 255 0 255
    255 0 192 255 0 0 237 132 0 0 32 255 255 203 255 0 0 173 0 255 0 0
    255 255 255 0 0 0 255 0 255 0 255 0 22 0 0 0 255 255 217 0 187 0 255
    255 255 137 255 0 0 0 255 0 255 0 255 255 255 0 255 0 255 255 0 200
    0 0 0 252 0 255 244 255 0 84 0 255 0 255 167 0 25 0 0 0 255 255 255
    0 213 0 0 0 0 255 255 255 178 255 0 0 0 255 0 0 0 255 255 255 204
    255 0 0 255 255 0 0 114 0 0 0 255 255 0 164 0 19 0 255 0 0 255 255
    255 0 0 255 255 255 255 0 68 0 255 173 0 255 255 255 0 255 0 255 0
    255 0 0 9 255 239 255 0 255 241 0 0 197 255 8 156 0 255 0 255 0 255
    0 248 0 0 128 0 0 255 185 0 186 255 255 255 255 255 0 236 0 0 255 0
    255 0 255 0 239 255 0 255 110 0 0 255 0 255 0 0 0 0 0 255 255 255
    255 255 0 6 255 0 0 255 240 255 255 255 0 0 255 255 0 0 0 255 255 0
    32 0 255 0 87 255 255 255 0 72 0 255 0 255 0 255 0 0 255 255 99 0
    255 255 255 179 101 255 0 255 255 255 255 0 0 0 56 38 0 0 90 255 33
    255 0 0 140 0 0 255 0 255 255 255 146 255 0 213 0 255 113 255 43 0 0
    0 0 255 29 0 32 164 255 0 0 0 0 226 32 255 255 255 255 87 0 247 124
    255 0 255 0 255 0 2 0 156 255 18 255 162 87 0 255 0 255 86 23 160 0
    255 255 255 255 255 58 255 0 176 185 255 0 0 15 91 255 141 0 0 255
    255 46 144 0 0 0 255 0 255 0 255 255 255 235 132 0 255 0 0 255 255
    170 0 0 0 255 255 255 0 0 0 255 0 0 0 122 0 241 0 142 0 255 255 0
    255 255 0 190 255 215 255 255 255 0 0 181 255 255 255 0 0 0 0 10 255
    0 0 0 0 255 255 255 0 0 255 0 0 0 0 255 255 0 0 255 255 255 0 184
    255 133 116 0 0 0 0 255 255 255 255 0 255 0 233 0 117 0 255 0 0 0
    255 255 255 7 0 0 232 255 255 0 101 0 255 0 0 0 255 0 11 0 255 27
    109 0 0 255 255 0 118 0 255 194 255 255 0 255 0 148 255 0 0 0 255
    255 255 0 48 255 0 255 0 255 169 0 0 255 255 192 255 255 64 0 0 0 0
    0 0 65 255 212 0 206 0 9 255 0 36 168 0 255 255 38 0 0 255 26 255 0
    255 0 255 255 143 0 110 0 255 255 255 0 0 255 255 0 64 0 255 255 0 0
    0 255 255 0 255 241 255 255 255 151 255 0 0 255 0 255 0 255 240 0
    255 255 0 47 0 71 255 255 255 255 0 0 255 115 255 0 0 255 0 255 159
    255 0 0 0 0 254 0 255 0 255 0 219 104 255 100 255 0 0 0 255 229 255
    0 255 163 255 255 0 255 0 173 192 255 255 92 0 64 175 0 0 233 255 0
    0 0 255 255 255 0 118 147 255 36 0 255 168 255 132 255 180 0 255 0
    255 0 255 0 255 35 255 0 0 255 255 255 255 0 0 0 255 255 184 0 0 0
    255 0 255 204 255 0 0 0 255 0 219 255 0 0 0 0 0 255 0 0 255 0 0 255
    0 0 255 142 0 0 255 0 255 141 0 0 0 255 255 255 255 255 0 205 157
    143 255 0 255 221 255 255 255 0 0 0 172 255 255 255 0 255 0 255 255
    202 0 0 255 0 0 148 171 242 0 0 0 0 0 255 0 0 101 225 255 74 0 0 255
    255 109 0 0 0 97 255 117 0 0 255 255 255 105 0 255 0 0 0 255 221 0
    92 0 255 236 116 114 255 0 255 255 255 0 0 0 48 255 198 255 0 0 255
    0 255 0 62 0 0 255 0 255 42 255 0 255 152 228 255 255 0 255 0 255
    222 255 168 255 0 0 0 83 255 212 67 0 255 149 255 0 255 0 255 0 0
    255 0 190 0 255 0 255 0 0 0 255 255 255 0 255 0 232 255 0 0 0 255
    255 255 255 255 255 0 232 0 255 86 255 0 201 255 255 113 255 0 0 0
    255 236 0 44 0 0 0 0 209 255 255 0 255 255 255 0 255 255 39 0 0 0
    246 0 255 0 255 0 255 0 255 0 255 0 255 0 196 19 0 199 255 0 255 0
    82 255 255 255 0 0 255 255 255 0 196 0 0 255 18 141 255 255 255 87 0
    255 0 38 0 48 223 0 255 255 0 255 0 169 77 0 0 0 0 128 0 172 130 255
    64 247 0 255 86 255 218 255 111 0 0 0 0 0 255 255 255 0 0 0 196 255
    255 255 113 255 189 226 255 255 0 0 178 255 255 255 255 0 0 0 67 0
    255 255 14 0 22 139 255 0 255 255 255 0 25 255 139 255 208 0 255 0
    255 28 0 255 116 255 255 0 93 0 0 0 255 255 0 0 197 0 0 0 255 255
    255 0 0 0 160 255 32 255 255 0 0 0 235 0 255 0 219 0 255 255 0 0 120
    51 0 255 255 219 113 0 255 0 255 255 255 0 190 232 255 255 0 201 0
    255 28 0 0 255 225 255 0 255 225 0 255 0 255 0 255 51 168 255 0 255
    255 255 122 255 255 255 0 0 94 0 255 0 255 255 0 0 255 255 0 254 200
    0 255 0 255 0 117 0 0 0 255 255 0 0 0 86 0 255 255 255 0 0 255 87
    255 255 255 255 0 255 0 255 0 0 0 255 255 255 144 0 0 210 21 255 230
    0 255 255 255 163 0 0 177 255 255 255 0 255 255 179 4 255 255 255
    255 195 255 0 112 0 255 19 10 255 255 255 255 255 255 0 0 0 255 255
    255 0 0 73 211 255 188 255 255 0 0 0 255 0 90 255 0 0 255 255 0 0
    255 255 255 0 94 0 255 255 0 0 236 255 115 255 0 0 0 255 0 255 255
    255 15 205 255 121 255 0 255 255 81 255 165 0 0 0 255 75 0 255 64
    255 255 255 148 0 0 0 0 255 255 216 0 139 0 0 255 255 0 255 255 255
    255 109 0 0 0 76 136 255 255 0 0 255 255 255 0 0 0 255 11 50 0 113 0
    255 0 0 0 0 0 220 0 0 255 255 0 177 255 255 255 66 255 0 0 0 255 199
    210 0 255 0 0 255 255 255 0 0 0 255 0 255 187 204 0 255 166 51 0 255
    255 0 255 255 255 0 255 255 255 0 253 107 255 163 0 255 138 255 0
    255 0 255 0 255 0 255 0 73 255 0 0 0 255 0 9 175 255 0 0 0 255 255 0
    255 255 255 255 0 255 0 0 177 255 255 255 255 255 255 232 255 0 0 0
    255 255 0 255 255 212 115 27 255 255 95 25 255 255 255 255 255 0 255
    0 0 255 255 0 0 27 0 255 82 255 0 212 255 0 139 0 255 0 255 0 255
    255 255 255 255 0 222 217 255 0 0 255 159 209 218 146 0 116 0 255
    255 0 57 186 255 0 255 255 255 27 0 0 255 255 255 232 247 255 31 112
    255 204 0 255 251 0 136 255 255 192 255 0 240 131 255 255 0 255 0
    255 121 0 255 0 0 255 255 255 0 0 255 0 255 0 0 255 255 0 0 255 36
    255 0 0 255 0 255 0 0 255 104 255 0 255 255 169 0 0 255 198 255 0
    255 0 255 255 238 255 0 255 0 27 0 255 255 255 255 0 255 255 0 0 0
    255 255 255 0 0 0 255 0 255 0 53 255 0 255 0 0 255 255 0 140 0 255 0
    0 88 156 255 0 141 0 255 0 0 0 255 255 255 0 0 0 0 255 255 255 78 0
    255 255 255 255 62 62 218 127 0 0 0 26 255 0 255 38 255 0 255 255
    255 0 255 89 255 255 0 0 0 255 255 0 163 0 0 0 255 15 255 0 33 0 0
    255 52 255 214 255 0 141 255 0 0 255 255 255 255 0 255 255 0 13 0
    215 255 0 255 255 0 137 0 255 255 255 0 255 255 255 0 0 191 255 69 0
    255 0 255 255 255 0 255 0 0 218 255 255 0 255 0 255 75 255 255 9 0 0
    255 0 223 255 255 255 194 0 255 0 0 51 239 198 0 0 40 61 0 0 255 0
    255 0 90 0 62 0 255 0 255 0 255 255 255 255 26 255 49 255 81 0 0 151
    255 0 255 18 0 0 255 192 255 182 0 0 202 255 255 0 0 56 178 0 0 0
    255 0 255 255 255 0 0 0 255 255 255 24 255 0 255 255 255 0 245 0 255
    255 58 255 255 117 0 241 255 255 0 0 255 255 0 0 0 0 0 242 0 0 0 108
    255 195 0 72 0 255 255 57 0 255 255 0 0 0 179 0 255 255 255 255 0 0
    0 255 255 255 242 0 0 255 255 219 0 0 0 0 0 255 144 255 0 155 169 0
    0 255 110 255 199 255 255 255 255 0 0 0 255 0 255 122 255 255 255
    255 255 151 64 255 0 0 255 0 255 0 255 0 255 0 228 0 255 0 129 0 0 0
    255 8 244 0 0 0 255 255 255 0 0 255 123 0 0 255 0 255 127 255 255 0
    255 104 255 0 0 255 0 5 0 255 255 255 0 45 0 6 148 0 225 255 255 255
    0 255 0 53 61 105 0 0 255 0 255 0 255 0 255 45 255 255 255 255 158 0
    0 255 255 255 140 0 0 234 255 0 0 3 255 255 0 255 0 0 0 255 255 255
    0 178 228 255 0 0 145 78 156 20 0 255 0 118 0 121 255 255 0 0 255
    116 255 15 255 0 0 105 255 128 3 255 152 112 255 0 0 229 255 255 0 0
    0 69 214 255 255 246 0 255 255 77 0 255 36 0 0 255 255 49 0 0 84 255
    0 255 0 255 0 89 73 0 0 0 255 0 255 128 255 0 255 255 255 0 255 0 0
    0 0 0 0 31 241 255 0 255 255 0 0 82 255 130 0 0 255 0 255 255 0 0
    255 255 255 0 0 86 65 255 255 255 255 0 0 32 255 94 255 93 0 0 255 0
    255 255 0 0 255 244 0 0 0 255 0 13 0 255 0 255 0 170 0 54 255 255
    255 255 255 0 0 0 0 255 255 255 0 0 0 255 0 255 78 0 27 0 74 255 213
    0 203 0 159 0 78 0 0 0 42 0 255 255 0 0 0 255 255 255 0 246 0 255
    255 0 255 255 255 0 255 255 255 0 0 0 255 255 255 78 0 0 243 255 255
    117 0 0 251 255 0 46 0 94 255 0 253 0 68 0 255 255 228 0 255 50 0
    255 255 255 0 255 255 0 0 0 0 255 255 162 0 0 255 255 126 46 255 0
    255 0 0 0 255 255 255 0 0 0 255 255 255 0 28 0 255 251 0 255 0 255
    255 0 0 0 0 255 255 0 255 0 178 0 0 221 0 0 0 0 255 0 255 0 255 29 3
    0 0 255 255 255 203 0 0 4 0 255 240 0 0 17 255 0 0 0 0 255 255 0 0
    255 255 255 0 160 0 255 255 0 255 0 0 255 234 0 0 255 255 193 255
    255 136 0 200 255 0 254 0 255 255 255 0 255 117 255 100 193 255 255
    255 0 0 255 255 0 255 151 255 0 255 172 255 230 0 0 0 255 255 255 0
    25 0 0 255 255 0 255 0 166 0 0 255 73 255 0 0 255 190 255 0 255 0
    255 0 255 255 153 0 0 0 255 0 0 0 255 255 0 0 0 255 255 3 133 0 0 59
    255 255 219 0 0 0 255 199 255 255 202 255 255 255 0 0 24 255 255 0 0
    0 255 18 193 0 0 0 255 255 255 0 0 0 255 255 0 0 0 216 0 255 255 255
    0 0 0 0 0 59 151 0 255 255 0 0 0 234 135 255 255 62 0 0 255 139 0 0
    255 0 255 255 255 255 255 0 21 0 255 0 0 255 0 0 0 255 0 255 255 255
    0 255 113 255 0 224 0 255 255 255 0 0 0 74 113 0 255 0 255 255 255 0
    56 93 0 230 255 0 255 0 255 0 255 0 255 172 255 255 0 0 0 255 255
    255 0 255 255 0 199 255 56 190 0 217 197 255 255 255 0 42 255 255 0
    0 0 255 193 255 147 255 255 0 0 206 255 38 255 0 255 0 255 63 242
    255 0 23 255 235 255 0 255 255 0 0 255 255 149 0 255 255 0 0 0 255 0
    255 255 255 0 0 151 0 255 182 255 255 0 255 255 0 255 0 255 0 147 0
    244 0 255 0 0 255 0 0 0 0 0 255 255 255 0 183 255 208 255 255 59 255
    116 0 0 190 145 128 0 255 0 252 0 255 0 0 243 255 85 0 0 255 0 0 0
    240 255 73 255 50 255 255 211 0 89 0 181 255 0 0 148 255 255 0 98 0
    0 255 0 0 225 0 0 255 151 255 255 115 255 0 142 0 255 255 0 0 0 89
    128 255 0 0 229 0 255 255 0 0 0 0 0 255 255 255 0 0 255 168 255 255
    255 0 255 255 0 147 241 255 255 0 101 255 46 0 255 255 255 0 255 69
    255 0 0 255 255 255 0 255 39 161 0 147 0 0 148 85 255 0 255 0 255
    255 58 0 255 0 255 0 255 252 205 0 255 255 0 255 0 0 0 0 255 255 255
    0 0 255 255 255 0 255 0 0 255 61 255 0 255 13 255 0 209 255 0 0 255
    255 255 188 255 0 255 255 255 0 255 255 108 225 0 255 66 0 0 0 255
    255 255 255 0 255 0 255 0 255 0 0 0 0 255 0 0 0 0 255 255 255 0 76
    255 255 0 0 222 160 96 0 255 0 255 0 255 13 255 0 0 0 0 255 225 255
    0 0 0 255 0 26 0 0 255 255 255 0 0 55 171 255 0 0 142 255 215 0 0 0
    255 0 255 255 255 0 255 163 255 0 104 255 129 149 255 255 0 0 255 0
    255 255 255 0 255 71 0 112 194 255 0 255 0 0 76 0 255 255 255 0 0 79
    255 255 255 255 0 32 255 255 255 255 0 255 0 0 93 0 255 0 0 13 255 0
    0 255 255 0 0 0 255 255 0 0 0 127 255 172 0 0 0 255 0 255 0 255 0
    255 0 0 168 255 255 255 18 0 200 0 163 97 255 0 0 11 0 54 255 0 0 0
    255 212 0 255 0 255 255 255 255 0 0 255 255 255 0 255 255 255 0 54
    87 255 10 136 255 255 0 46 0 255 0 255 0 0 192 25 0 255 255 255 134
    54 0 255 255 15 170 255 65 2 122 187 0 0 0 255 255 255 136 255 0 0
    255 255 255 228 0 50 228 245 0 0 0 0 255 0 255 0 255 0 255 0 0 0 188
    255 0 255 137 0 0 0 0 255 0 255 0 0 255 255 152 0 124 0 208 33 255 0
    255 255 0 255 0 255 0 61 224 255 0 255 255 255 0 0 0 255 255 255 0
    113 0 0 181 255 255 0 255 255 255 0 0 36 255 255 255 94 0 0 255 255
    255 255 0 0 0 255 227 255 255 255 0 36 108 255 0 71 29 255 255 255 0
    0 0 255 182 28 0 0 255 255 0 203 171 0 161 0 0 0 255 0 255 255 247 0
    0 124 255 255 255 0 0 255 162 255 0 255 0 102 0 30 255 255 255 255
    255 0 0 0 0 0 255 255 255 203 255 0 161 0 255 244 0 0 255 217 0 255
    0 255 0 255 255 255 37 0 255 0 0 255 0 88 56 255 255 0 255 0 0 0 0 0
    0 255 255 255 0 255 185 0 0 255 255 255 255 133 0 0 0 255 0 0 0 255
    0 0 255 0 255 0 255 15 0 255 255 255 255 0 0 238 255 0 255 255 0 224
    146 255 213 255 180 255 38 255 0 0 255 87 0 182 205 255 255 0 255 0
    255 0 0 23 0 179 0 255 128 0 0 0 255 148 0 0 255 255 255 68 12 0 0
    255 255 255 0 255 210 255 0 0 0 255 0 255 0 255 0 0 255 255 0 0 238
    0 81 255 255 74 207 255 0 38 0 255 11 255 0 0 255 234 255 255 255 0
    0 0 0 0 0 255 0 255 0 0 255 255 229 0 0 255 255 255 0 0 0 255 255 0
    0 255 0 255 0 255 255 255 14 0 0 255 255 196 0 255 0 0 255 64 255
    255 0 255 0 255 255 218 0 255 255 255 0 0 255 0 255 255 255 0 0 0 0
    255 255 255 0 0 0 17 255 0 255 255 0 0 22 255 255 255 146 255 255
    255 0 160 0 225 0 0 30 0 0 0 0 0 255 0 0 182 134 255 0 141 162 55 0
    255 0 255 110 255 255 0 0 242 255 0 255 0 255 0 0 0 204 4 255 255 49
    255 0 0 91 255 255 255 123 222 119 0 0 0 123 0 255 255 0 39 0 255 0
    42 255 244 0 0 0 255 0 225 208 158 0 255 255 167 108 0 0 255 255 255
    229 255 0 255 0 255 147 0 255 0 0 0 0 0 255 0 255 0 146 255 255 34
    255 0 255 0 255 0 255 0 255 134 255 255 255 0 0 226 255 255 0 255
    247 1 249 255 0 255 0 255 0 255 255 255 255 0 0 0 0 255 105 255 0
    255 255 255 41 0 255 191 255 0 0 0 255 255 0 0 222 222 255 0 255 255
    183 255 255 0 0 90 0 255 0 255 0 0 0 255 171 115 255 0 99 0 0 255
    254 0 0 255 255 255 0 0 0 0 255 0 0 0 0 255 255 0 255 255 255 0 0
    255 0 0 0 255 255 0 0 255 255 152 0 0 0 0 0 0 108 255 0 255 0 114
    255 0 0 0 255 0 255 255 0 144 255 186 255 0 173 0 255 255 255 255
    255 255 0 255 48 0 0 255 255 0 139 0 217 0 239 0 255 36 0 0 236 255
    255 255 0 255 0 255 255 255 144 119 255 0 255 0 158 255 0 255 255 90
    255 0 103 0 0 0 0 255 0 255 255 0 0 0 255 255 255 0 222 0 255 0 255
    0 255 0 241 0 255 255 255 0 0 255 255 255 0 255 255 20 0 255 12 255
    0 255 0 0 0 115 0 255 0 0 236 0 0 255 255 255 12 0 0 255 255 0 0 18
    103 164 255 0 0 0 255 20 255 255 255 255 129 15 0 255 255 255 255
    255 225 0 0 255 255 255 0 255 0 255 0 255 0 255 255 43 0 0 255 0 154
    165 255 255 0 0 0 0 255 0 107 255 252 0 255 255 255 255 0 0 0 255
    255 255 0 0 55 9 255 0 0 186 255 255 255 0 202 255 0 0 255 0 255 124
    187 0 255 0 154 0 255 56 255 255 169 0 139 173 66 255 255 255 0 0
    255 255 255 255 0 0 0 0 0 255 255 0 255 255 255 109 209 0 0 0 255
    205 255 0 255 16 79 0 0 255 0 0 0 0 63 0 215 0 0 0 165 255 255 0 174
    255 255 0 41 255 255 0 0 0 255 0 88 255 83 152 0 255 255 255 0 212 0
    0 0 255 255 255 0 255 172 255 255 0 0 213 255 255 255 255 255 0 255
    0 255 40 157 255 255 37 175 255 255 225 0 0 153 18 0 0 0 255 0 0 255
    0 0 0 255 0 0 0 207 0 255 137 255 0 255 127 0 0 26 0 255 255 255 0
    255 0 255 0 0 255 0 255 0 0 0 62 255 255 0 0 37 255 255 255 255 255
    0 0 0 255 255 0 209 0 0 0 255 0 0 206 46 255 0 255 155 255 122 255
    201 255 255 255 0 0 54 0 0 255 255 98 0 255 255 0 36 0 255 0 255 59
    0 0 207 255 255 255 0 0 0 0 255 255 255 0 255 110 0 0 0 0 255 255
    255 0 0 0 0 255 255 255 0 0 255 0 255 0 80 0 29 0 210 255 255 211
    255 0 0 0 16 0 255 255 0 0 0 255 255 255 0 0 29 25 51 62 255 0 0 143
    255 76 116 0 255 174 0 255 255 0 39 255 173 0 0 255 0 61 0 255 255 0
    0 173 76 0 0 0 255 234 255 172 203 194 0 255 255 255 87 255 0 0 0
    255 98 0 0 255 78 0 255 163 255 0 255 255 0 0 0 0 0 255 0 0 0 255 0
    255 98 255 0 255 0 255 83 139 0 0 0 255 145 255 0 255 59 255 246 255
    87 0 255 71 255 0 28 0 0 255 255 255 0 0 255 135 255 255 246 0 12 91
    255 0 0 0 255 255 0 0 0 255 0 0 0 255 255 247 140 119 255 255 137
    255 214 0 255 0 255 0 255 0 58 159 42 0 215 255 0 64 0 255 0 255 168
    30 0 143 255 0 4 0 23 255 255 0 15 0 0 0 0 0 235 0 0 255 255 255 255
    0 126 0 0 0 255 33 204 0 255 211 0 83 79 0 0 0 223 119 255 255 0 255
    0 255 0 81 0 255 255 255 117 0 0 255 0 0 0 255 181 0 0 255 255 255
    92 255 0 0 0 144 0 216 255 255 0 255 168 255 0 255 0 255 0 0 27 255
    255 49 56 255 0 120 0 205 0 255 162 255 255 255 60 0 255 0 0 0 255
    255 255 198 0 255 255 255 139 103 0 0 41 0 0 0 255 117 0 0 0 135 0
    116 255 0 160 231 255 90 255 0 255 255 0 0 21 255 194 255 255 255 0
    0 0 255 255 255 8 0 223 156 0 0 69 255 0 0 0 255 0 255 7 225 0 255 0
    255 255 255 0 42 0 0 255 81 255 0 255 162 177 255 255 0 0 0 255 255
    0 0 255 0 0 255 255 0 0 197 255 0 0 0 255 0 0 0 255 59 255 255 126 2
    255 0 255 0 255 255 255 255 255 0 255 0 255 0 161 255 255 255 255 0
    159 0 255 255 0 0 0 255 0 0 4 255 94 255 255 255 0 255 255 253 6 0 0
    0 255 255 211 0 255 255 255 0 0 0 255 0 255 42 255 0 0 0 255 255 0 0
    255 255 255 166 255 255 255 0 0 199 0 237 255 255 246 255 0 255 0
    220 0 217 255 255 50 0 0 84 255 0 0 194 0 255 255 36 0 255 0 48 0 56
    0 255 0 68 255 255 0 0 255 255 253 0 0 255 255 0 0 255 152 0 134 129
    0 0 245 0 255 0 19 107 0 0 0 255 36 29 255 0 0 92 255 0 255 0 180
    101 255 0 255 255 255 255 242 144 255 255 0 255 255 255 255 0 255 64
    255 59 0 0 255 3 35 0 31 0 255 255 255 0 255 237 178 193 255 0 0 0
    255 255 0 255 45 255 0 171 0 255 255 255 0 0 0 0 0 255 0 255 0 97 5
    255 255 164 0 0 255 0 255 55 154 0 0 0 201 125 255 255 173 255 166
    255 255 255 255 0 255 255 0 255 0 255 0 0 255 255 255 0 15 241 237
    132 255 255 0 0 255 0 255 0 255 0 0 0 255 0 255 212 255 0 212 0 50 0
    0 55 119 255 255 255 255 255 255 255 0 16 0 255 255 0 242 0 88 255 0
    0 172 255 0 0 255 255 10 255 0 0 0 255 0 0 0 255 0 255 140 0 0 255
    255 255 0 82 36 0 201 255 255 255 15 40 116 255 0 255 0 255 0 255 0
    0 223 137 255 0 255 0 206 255 255 255 0 255 255 255 255 0 9 0 0 97 0
    255 255 255 128 255 77 255 0 255 255 3 0 0 0 0 255 255 255 64 255
    255 0 255 0 16 0 11 0 255 74 255 255 222 0 255 0 255 0 175 0 178 255
    0 255 255 0 255 255 0 0 0 255 0 255 255 255 0 0 255 203 255 55 23
    255 0 0 0 255 255 255 0 255 0 44 255 0 0 0 255 255 255 72 255 255
    246 145 255 255 0 85 255 255 0 255 0 255 0 0 52 255 255 255 0 219
    252 255 255 0 0 0 0 0 119 0 255 0 255 0 255 255 0 255 255 255 0 0 28
    255 32 255 0 0 185 255 255 255 0 255 255 255 104 255 255 255 0 255
    124 255 0 25 0 0 255 0 0 0 0 255 255 0 255 0 255 255 36 255 0 255
    255 114 255 0 0 180 0 255 0 0 0 255 0 255 255 255 0 0 0 0 255 0 255
    255 0 0 0 0 255 0 139 255 64 255 0 0 0 255 255 235 0 255 0 139 255
    255 255 0 196 255 0 255 0 255 255 6 0 0 7 0 255 255 57 0 0 255 255
    255 0 0 82 186 0 0 255 255 0 255 0 0 0 255 255 255 0 255 0 255 246
    255 0 255 0 255 255 255 255 0 193 255 0 0 255 255 255 0 0 255 255
    255 0 219 0 255 255 255 255 0 0 0 255 0 255 0 255 255 0 0 0 255 0
    255 199 255 185 255 0 0 255 0 138 255 255 255 255 0 255 0 255 82 255
    0 0 31 255 255 44 0 0 83 101 255 255 255 255 38 0 0 0 0 255 0 255
    255 0 0 146 255 255 255 13 0 0 0 0 255 0 255 0 0 0 255 255 0 255 0 0
    0 0 0 255 255 0 0 255 255 255 0 0 0 255 61 255 0 255 0 255 0 255 63
    62 0 12 255 0 255 255 0 0 0 0 152 249 0 255 0 0 0 0 0 0 0 255 255
    255 0 0 0 255 0 236 255 0 0 0 0 255 255 255 255 0 0 0 6 0 255 0 0 0
    255 0 0 255 255 255 213 196 255 255 136 0 0 0 255 255 255 0 255 0 0
    0 212 0 177 120 255 0 255 0 255 0 129 0 255 0 255 255 0 102 255 28 0
    255 0 255 0 0 0 0 255 59 53 0 166 255 0 255 247 255 143 0 176 24 0
    255 123 0 255 27 255 255 24 0 255 0 0 0 0 0 255 0 255 0 30 255 199
    255 130 0 174 169 0 0 255 255 0 0 0 255 255 255 0 255 255 0 75 0 0
    255 255 255 0 255 0 255 0 255 216 0 255 255 0 0 0 255 0 255 0 255
    115 0 127 64 190 0 255 198 255 255 0 255 0 255 164 255 179 0 255 0 0
    0 255 0 0 0 0 92 0 255 255 0 255 255 255 10 149 0 2 0 255 240 235
    255 255 255 0 171 0 0 255 255 255 0 255 255 255 255 182 0 1 255 255
    255 0 255 0 101 0 0 0 255 56 0 255 0 255 0 211 0 255 0 255 255 255
    34 0 112 82 158 198 0 0 0 147 255 171 73 0 24 255 0 0 42 255 255 77
    0 0 0 203 32 255 0 0 0 255 0 255 255 0 0 0 97 0 255 0 255 0 193 58 0
    0 255 255 255 0 0 0 0 145 255 255 110 255 255 0 0 255 162 255 0 255
    0 0 255 255 255 255 200 255 0 0 129 255 0 0 5 57 0 0 176 0 255 110
    255 0 249 255 27 0 0 0 255 86 255 255 0 255 0 255 0 41 255 222 255 0
    0 255 0 255 0 255 0 255 0 255 0 229 255 0 255 27 255 255 0 255 95 0
    255 0 0 0 0 136 255 255 235 255 255 165 0 0 255 165 255 90 255 228 0
    255 255 255 255 255 0 79 0 0 0 255 255 0 0 255 255 255 0 108 0 255 0
    0 42 255 255 0 255 0 255 0 255 0 109 255 0 255 255 255 255 0 133 165
    255 0 255 255 0 0 0 255 0 0 255 62 218 191 0 255 255 0 0 255 255 76
    255 39 255 32 0 0 42 255 255 0 0 222 255 255 255 0 0 0 255 255 255 0
    63 0 255 255 255 0 0 0 0 255 0 255 255 255 0 0 0 0 210 0 255 255 255
    191 255 255 0 0 48 0 255 255 255 0 0 0 255 0 255 134 255 0 0 0 255
    118 255 255 255 0 0 255 201 255 255 255 114 255 255 255 139 254 255
    0 255 44 255 0 255 255 255 0 255 0 0 0 0 136 93 0 234 255 255 255
    240 0 0 0 255 254 255 255 255 0 255 0 255 0 7 249 0 101 123 0 255 79
    255 0 0 0 0 255 255 0 0 255 0 70 0 0 16 92 255 255 131 0 255 0 0 0
    255 255 255 0 0 150 0 0 0 79 255 0 84 0 0 0 255 255 255 255 0 4 145
    249 255 0 0 0 0 255 255 255 16 113 0 255 78 0 0 0 255 150 255 0 62 0
    0 80 255 255 0 255 0 33 0 255 0 255 6 0 0 0 0 255 255 228 0 0 215
    255 56 255 0 0 0 255 6 255 0 255 255 255 238 234 0 0 255 255 255 255
    0 255 0 255 255 0 133 255 112 255 255 255 201 0 0 255 255 0 255 255
    111 255 0 255 255 0 129 0 0 255 231 255 0 255 231 255 73 255 0 0 0
    255 255 255 0 30 255 255 0 0 255 255 206 0 0 255 40 0 111 255 255 0
    0 0 0 0 0 158 255 255 255 0 0 0 255 255 255 0 0 224 255 255 255 238
    255 65 255 255 0 255 146 255 0 255 0 0 0 255 255 244 0 0 255 255 255
    0 0 255 255 124 0 0 255 255 255 0 0 56 255 245 0 255 0 255 97 247 0
    167 255 255 0 255 255 0 0 0 0 255 255 255 0 0 0 0 255 0 0 0 0 255 0
    0 255 0 243 255 255 255 255 69 103 0 0 0 255 48 0 255 255 255 13 0
    148 0 255 0 0 0 0 255 255 255 0 0 255 255 255 192 255 0 0 0 255 71
    255 0 255 0 255 255 0 0 0 0 0 255 255 0 133 0 255 0 255 117 255 255
    194 255 0 0 0 255 255 0 0 0 255 0 0 0 255 236 255 0 255 0 255 0 17 0
    255 0 255 255 255 0 255 0 255 155 255 0 0 0 255 0 255 0 255 255 255
    255 0 255 0 0 18 255 0 255 255 23 0 255 255 255 255 255 254 255 189
    255 0 0 0 255 255 0 255 255 255 167 0 196 0 192 53 255 48 255 255
    255 255 0 0 0 0 255 255 0 0 88 0 255 0 255 129 0 0 172 255 19 255
    255 255 0 0 0 255 255 255 0 255 0 93 163 0 0 0 0 255 0 255 0 255 96
    255 79 0 255 255 255 255 255 0 255 0 255 0 255 0 0 0 0 255 0 0 0 255
    255 0 0 0 255 0 255 0 46 25 122 83 0 255 187 0 118 252 255 255 0 0
    255 0 255 0 0 255 255 190 133 0 16 255 255 0 78 0 182 255 0 255 0
    255 0 0 216 0 255 255 255 255 255 30 0 0 0 26 255 0 232 255 255 0 23
    0 125 255 255 255 0 0 0 255 255 255 195 0 163 0 0 248 0 0 0 242 255
    10 255 0 106 255 68 255 0 255 0 0 0 0 255 255 255 255 255 255 40 0
    255 255 255 255 0 234 255 255 0 255 255 255 0 0 0 0 88 255 0 0 0 45
    149 31 255 255 255 0 0 0 127 255 255 0 0 0 255 0 255 255 0 255 0 0 0
    177 237 190 255 255 0 255 255 255 68 0 0 255 0 255 211 0 0 0 255 107
    241 156 255 0 0 235 255 0 255 243 52 255 0 255 0 255 92 0 0 255 111
    255 0 0 187 255 0 255 0 255 255 255 0 0 54 255 0 255 0 255 162 255 0
    0 0 170 255 255 255 0 83 0 0 0 255 2 255 0 255 0 148 0 0 0 0 255 234
    255 73 0 165 255 148 0 0 0 0 137 255 255 0 236 0 2 0 197 255 0 0 0
    255 201 124 0 0 0 0 255 100 0 255 255 52 0 0 0 0 255 0 255 255 255
    64 255 0 0 0 0 13 255 0 255 255 255 255 0 255 226 224 0 0 190 108
    255 0 255 0 0 0 255 0 21 255 255 247 0 77 255 255 255 240 217 255 0
    0 0 255 255 255 0 255 255 0 255 201 255 0 154 0 255 0 0 255 255 255
    0 255 32 0 0 0 255 255 148 255 0 0 255 0 0 61 255 0 129 0 255 255 91
    255 255 255 0 0 0 0 0 0 142 255 255 0 255 0 255 0 86 0 121 255 255
    255 0 201 0 202 255 255 255 62 0 255 255 0 0 0 255 255 0 247 0 255
    255 0 0 0 219 0 0 157 0 255 0 224 255 255 255 0 255 0 0 0 83 0 255
    255 255 255 0 0 0 0 146 0 0 255 184 255 0 255 0 245 255 255 75 255 0
    255 102 0 0 0 82 226 255 0 0 0 255 255 190 0 0 255 0 0 0 255 255 164
    0 76 133 255 44 255 0 255 0 246 0 128 0 255 255 255 0 112 15 102 255
    255 7 0 0 255 255 255 0 0 255 168 255 0 255 0 255 0 255 0 114 119
    255 255 255 0 117 0 0 255 11 0 255 255 255 0 0 0 55 255 128 255 0 0
    0 255 0 255 0 255 255 255 255 0 189 0 0 0 255 255 255 255 40 0 255
    255 0 255 255 0 0 51 255 0 230 255 0 0 255 67 0 0 192 87 255 255 255
    0 255 255 64 0 0 255 190 255 0 255 0 0 0 255 0 255 0 255 0 255 89 44
    0 0 217 85 0 0 0 93 0 255 156 255 83 255 255 130 0 255 255 255 255 0
    146 36 255 0 255 163 255 75 0 0 231 255 255 0 0 40 255 255 0 255 255
    255 0 0 0 0 255 0 133 18 175 0 230 0 172 48 0 0 0 255 255 255 0 0
    255 0 0 0 255 29 162 0 133 202 0 255 7 255 255 0 255 0 0 127 0 255
    255 0 0 255 255 255 255 255 255 0 255 0 196 0 119 255 0 255 0 0 244
    200 184 22 0 255 216 255 0 255 0 255 0 0 255 255 255 37 255 0 255 0
    0 19 0 0 255 175 255 0 158 255 255 0 0 0 255 0 255 0 7 255 0 255 255
    0 0 0 255 255 0 255 0 0 0 255 255 255 255 136 0 159 255 152 255 0 0
    0 0 255 255 82 66 255 0 255 0 0 0 255 221 255 255 255 0 164 0 255 2
    0 219 0 255 255 255 0 255 0 0 0 0 255 255 0 0 80 255 255 255 0 0 255
    255 255 184 0 255 255 255 0 255 0 0 139 255 255 255 0 0 0 255 255 0
    0 87 255 255 255 41 163 0 255 0 0 0 255 255 255 255 255 0 0 0 0 255
    97 255 0 244 0 255 0 0 0 25 47 156 255 0 255 255 255 0 0 0 0 0 108
    255 246 0 147 0 255 255 156 212 212 91 255 0 255 255 255 255 74 0 0
    255 255 255 0 252 0 0 104 0 255 0 255 255 255 0 255 0 255 255 255 53
    0 255 0 0 223 255 133 255 128 0 0 171 255 255 0 255 255 0 68 255 255
    0 212 122 255 0 0 86 0 0 0 97 0 255 255 255 0 0 0 207 255 255 0 0 0
    255 0 255 255 0 0 0 255 255 0 0 0 255 0 255 0 0 255 110 255 49 255
    228 0 0 96 255 255 255 136 0 255 255 0 0 0 0 0 0 0 255 255 255 255
    41 178 180 63 255 255 255 255 57 255 0 255 0 0 255 70 168 0 255 57
    255 255 0 0 255 255 99 154 255 255 60 0 0 255 255 255 84 255 255 7 0
    108 29 0 255 255 255 255 0 0 0 255 154 255 255 68 0 0 0 0 0 255 65
    75 0 255 0 255 255 0 0 0 255 0 255 0 255 255 182 0 0 255 79 255 255
    79 255 0 255 0 25 0 17 255 255 255 0 0 174 52 0 255 255 151 0 255 0
    255 0 155 255 0 0 0 255 255 255 0 255 255 255 0 255 0 255 0 169 255
    255 255 255 0 165 0 0 0 255 0 255 0 255 255 255 255 0 255 151 197 0
    0 115 8 183 255 0 255 255 0 0 255 255 223 255 255 68 0 0 255 139 255
    0 0 0 255 0 222 163 0 255 243 255 160 57 220 0 0 255 255 255 89 255
    255 0 0 0 0 255 0 255 255 255 255 30 0 0 255 0 255 255 0 0 255 255
    255 0 157 0 255 85 0 255 0 255 0 236 40 235 255 255 255 0 0 255 255
    0 0 0 255 0 157 0 255 0 0 0 255 255 99 255 79 171 0 223 0 93 0 0 0
    212 255 255 0 0 255 255 255 165 0 0 255 255 255 220 255 237 103 0
    255 114 0 0 253 255 0 255 236 255 0 255 0 255 0 255 0 255 0 255 255
    255 255 0 43 0 0 116 164 255 158 255 255 0 0 198 255 255 255 153 0
    255 0 0 0 255 255 95 151 0 0 0 17 138 0 0 255 7 0 255 255 255 0 255
    255 255 255 0 0 0 0 255 255 0 0 255 255 137 0 255 255 240 0 113 255
    255 0 130 255 59 255 255 86 0 0 0 255 255 86 0 0 0 0 0 217 0 0 0 255
    81 255 0 255 0 0 0 255 255 255 0 255 255 0 0 255 255 0 255 182 255 0
    0 0 153 255 238 255 0 160 255 255 173 255 255 0 255 9 255 0 255 0
    245 0 255 255 255 255 0 255 0 1 255 255 255 0 174 0 255 0 44 0 0 176
    255 255 255 14 255 0 255 235 255 0 255 255 255 255 255 0 0 0 255 255
    255 0 255 0 255 0 255 255 0 255 0 255 0 0 0 255 173 0 0 0 255 255
    255 40 255 255 0 0 0 0 0 0 255 122 0 0 0 255 0 255 255 255 255 0 0
    255 255 0 0 0 255 0 8 255 255 58 255 92 255 0 255 255 0 0 255 255 0
    0 165 0 255 100 78 255 255 0 0 0 0 0 255 255 80 0 0 26 255 255 0 255
    255 255 0 206 24 0 0 0 255 255 255 0 255 0 0 255 255 0 228 255 89 0
    0 0 0 0 255 255 0 169 255 0 0 14 255 255 255 255 255 0 0 0 0 255 255
    255 16 0 0 3 255 67 255 0 0 31 255 241 119 255 241 192 255 255 0 0
    255 0 0 120 152 0 0 0 255 255 255 0 0 0 255 255 255 0 255 0 255 0
    255 0 255 0 142 0 255 255 255 0 0 0 0 255 0 0 255 255 255 255 15 47
    255 0 0 0 255 0 0 143 255 17 0 0 3 255 255 0 255 0 255 139 199 0 0
    221 255 255 255 7 168 0 10 255 0 255 0 255 0 25 255 248 255 0 0 255
    255 0 255 190 0 0 255 255 255 253 255 0 0 0 255 255 0 0 0 37 197 0 0
    0 255 200 255 0 255 0 255 0 0 0 119 0 0 170 255 182 255 0 0 178 255
    138 0 255 0 0 0 255 255 255 0 255 0 0 0 0 206 0 2 0 255 0 49 72 26
    92 255 255 255 0 0 0 255 0 255 0 255 255 0 0 37 255 168 255 255 0 15
    0 255 255 255 0 0 255 0 255 255 255 255 255 181 0 0 222 91 146 255
    246 0 23 0 0 0 255 255 255 255 0 0 0 92 0 35 255 255 255 0 0 0 0 255
    255 0 255 0 188 164 255 0 0 103 224 255 0 0 0 254 0 0 255 255 0 0
    145 255 255 255 0 255 0 255 0 0 0 255 255 205 181 255 113 0 0 0 255
    0 255 255 0 255 255 0 0 89 255 255 0 0 255 0 255 161 255 0 173 0 0 0
    255 0 0 40 255 255 0 0 29 0 0 0 0 0 255 255 0 255 223 255 0 0 0 37
    255 0 255 181 255 47 255 0 255 255 3 0 255 0 255 0 0 0 255 217 255
    255 0 255 141 255 0 0 0 142 255 0 255 66 255 0 138 0 255 255 255 255
    0 255 0 255 23 255 0 0 255 0 0 0 255 255 0 0 0 115 255 0 0 0 255 255
    0 255 0 255 255 255 253 0 0 0 255 0 164 255 194 68 0 255 0 101 69
    255 255 0 255 139 0 255 0 255 255 103 0 0 0 163 114 255 255 255 0 11
    56 255 255 255 255 0 0 55 0 0 255 56 255 255 255 255 0 255 0 34 255
    255 115 0 203 234 255 60 0 0 255 255 255 195 255 0 0 0 0 152 0 255 0
    88 0 255 0 255 255 255 99 255 255 8 185 0 225 0 255 255 255 255 0 0
    0 255 0 0 187 0 0 255 255 0 255 255 255 0 0 140 255 255 0 0 255 255
    255 249 0 0 0 231 255 0 255 122 255 0 0 255 255 255 255 255 255 0 0
    0 119 194 255 105 255 0 0 0 0 255 0 255 199 191 0 239 255 255 0 0
    255 0 255 0 0 255 255 8 0 0 255 255 255 0 0 255 255 0 0 0 149 0 113
    128 255 0 0 0 5 255 0 0 0 255 180 255 255 0 255 227 255 135 181 0 0
    255 255 0 255 0 255 0 0 208 0 255 247 255 0 255 255 0 0 255 255 250
    255 255 255 0 0 255 255 255 0 0 0 89 42 255 255 255 59 0 255 255 255
    0 255 0 255 0 255 255 255 255 0 0 0 255 255 255 95 0 0 0 255 255 0 0
    255 239 0 151 255 255 0 0 115 0 255 0 255 0 0 0 255 255 136 252 255
    98 255 255 255 255 0 255 255 255 0 225 0 255 0 255 255 0 22 173 81
    234 0 0 0 255 255 255 0 255 0 255 0 255 136 0 255 52 0 255 57 255
    160 255 250 255 215 0 0 0 0 255 255 88 0 255 0 255 0 131 37 255 255
    255 255 0 255 0 255 63 255 255 0 122 0 0 255 255 255 255 255 255 0 0
    236 0 50 35 255 255 255 0 0 0 255 255 255 14 165 255 0 255 255 255
    202 0 0 0 255 255 255 115 255 255 0 158 82 255 196 217 255 0 0 0 0
    255 0 0 0 255 255 255 255 0 255 0 255 0 90 0 255 255 255 255 8 255 0
    209 255 0 255 0 255 80 255 0 179 234 189 0 255 0 75 0 0 0 0 90 0 167
    255 126 0 49 0 255 0 255 0 0 0 0 255 84 0 0 106 255 255 255 255 0 0
    232 92 255 0 255 255 255 255 0 193 109 255 190 255 0 9 0 255 0 255
    110 147 0 225 0 255 0 0 255 255 0 0 0 255 239 0 0 255 23 0 0 255 85
    255 255 255 0 0 255 255 1 0 0 255 255 0 0 0 0 255 189 255 16 0 0 0
    255 255 255 0 107 117 0 177 0 0 255 255 255 0 132 0 87 0 134 255 0 0
    0 255 255 255 183 255 0 0 0 54 255 255 255 28 0 255 217 173 0 126 0
    255 8 0 49 0 255 255 255 231 0 0 175 39 25 255 218 255 0 255 0 220 0
    0 255 255 255 0 0 0 151 255 255 255 0 0 8 255 255 0 252 209 255 255
    0 255 255 158 0 0 255 255 255 132 255 0 0 255 255 0 154 255 255 110
    225 0 255 255 255 0 0 0 186 0 217 0 255 0 255 255 255 54 255 0 0 255
    255 255 0 0 255 85 0 255 73 255 0 255 0 255 0 255 0 255 255 255 0 0
    244 107 255 0 0 0 255 255 255 255 255 255 255 0 0 0 255 255 255 0 0
    189 255 255 40 162 255 0 253 255 255 255 0 17 0 255 0 0 0 255 0 255
    0 102 0 255 0 0 255 255 252 0 41 255 255 255 0 0 255 255 0 27 33 14
    0 255 0 255 7 255 129 255 255 111 255 190 0 0 32 0 255 255 255 255
    255 0 0 0 38 255 0 255 22 0 116 255 255 255 255 45 255 111 0 0 0 0
    102 255 0 0 255 58 216 0 255 0 255 0 126 255 255 0 0 0 255 230 0 255
    255 0 255 0 255 0 255 0 255 0 255 39 0 255 255 255 0 255 0 0 0 53
    255 0 0 0 0 0 255 255 255 0 0 253 255 255 208 255 255 0 255 255 255
    0 255 0 0 0 110 166 255 255 0 0 146 255 194 0 255 166 102 132 255
    164 37 197 255 0 0 0 255 255 228 153 119 8 0 0 255 255 0 255 0 22 0
    255 255 255 255 0 255 255 255 0 187 0 0 0 0 255 209 255 33 0 0 73 0
    255 255 255 255 255 180 0 72 0 102 0 138 255 255 255 224 255 0 0 255
    255 143 255 255 1 0 58 170 255 0 4 255 255 0 255 255 131 255 255 0 0
    255 0 0 18 255 255 255 0 0 0 255 255 28 0 255 255 0 17 255 0 0 255
    255 255 70 0 0 255 255 122 255 255 255 0 0 0 255 62 0 0 255 0 255
    255 255 255 0 0 192 255 129 157 0 0 4 255 255 0 0 255 255 255 255
    255 30 0 0 0 0 38 255 0 0 8 0 0 255 255 255 0 0 255 255 244 0 0 255
    45 0 0 0 255 255 255 0 0 0 255 0 203 0 255 0 255 255 255 255 255 0
    255 0 170 0 163 0 255 255 29 0 0 0 255 255 0 255 0 0 0 0 0 6 70 255
    255 255 0 0 0 0 255 255 255 0 255 44 255 0 0 0 0 255 240 255 37 0 0
    255 255 255 0 0 255 0 0 0 255 0 0 255 0 255 255 0 0 0 7 0 0 255 77
    255 228 0 240 102 255 250 0 0 59 255 255 255 0 90 255 73 0 0 255 255
    0 0 0 255 255 255 0 0 0 255 255 255 0 0 0 255 244 255 0 27 255 218 0
    0 190 195 0 0 255 255 0 0 0 245 0 255 255 255 0 0 255 255 0 255 255
    255 0 0 255 0 255 0 0 255 0 0 0 150 224 255 0 255 237 255 0 255 255
    255 255 0 44 0 0 0 255 255 255 255 255 0 0 0 255 255 255 0 0 0 255
    255 0 255 0 255 255 255 180 174 0 255 255 255 255 24 0 0 255 0 255
    221 255 0 0 255 255 255 0 255 0 255 0 0 0 107 0 0 0 255 0 255 255
    255 255 0 255 255 0 199 0 255 0 107 0 255 0 87 0 255 184 255 255 0
    254 0 255 0 0 255 0 158 0 255 255 255 0 0 0 255 0 255 0 0 158 0 255
    0 18 255 51 255 0 0 26 255 255 168 0 0 187 0 204 255 0 0 0 104 255 0
    0 0 255 224 243 139 0 255 83 255 179 255 1 255 255 221 0 0 167 255
    193 0 0 0 210 0 255 255 255 255 255 0 183 255 255 0 0 0 255 255 255
    0 0 0 0 0 0 174 0 204 0 255 0 255 31 0 255 0 255 70 230 255 255 0
    114 255 0 0 181 255 0 0 0 255 255 255 255 255 0 0 0 0 0 255 193 255
    255 255 112 163 0 0 0 0 0 255 255 78 255 0 169 7 255 0 244 0 0 0 255
    255 255 0 0 255 255 3 255 0 255 29 255 0 255 68 186 0 0 109 255 255
    255 11 255 90 0 0 0 255 255 255 255 0 255 0 171 0 255 0 0 194 184
    255 255 210 255 0 0 255 248 0 0 80 0 60 0 255 0 0 0 0 137 0 255 0
    255 255 255 0 23 0 0 233 0 0 199 255 255 8 0 0 81 0 255 255 255 255
    0 0 255 255 197 30 195 0 44 255 255 0 255 0 255 255 49 0 142 255 255
    0 0 255 0 0 255 255 255 0 0 0 85 251 255 0 255 20 0 0 0 255 0 255
    251 255 255 0 49 0 130 255 255 255 0 0 185 255 0 218 0 132 0 173 0 0
    0 255 0 255 0 255 52 136 255 0 255 255 0 0 0 255 255 0 0 255 255 0
    255 81 255 0 255 228 255 0 255 33 0 0 0 70 255 255 0 255 0 0 0 255
    79 255 0 43 0 7 0 35 255 0 255 0 255 174 144 255 0 255 252 255 213 0
    0 0 0 120 0 0 255 255 255 40 0 104 0 0 0 0 255 255 255 0 255 255 105
    0 255 255 255 0 0 255 255 0 202 237 0 0 7 0 0 255 255 255 0 0 255 0
    255 255 0 255 255 254 90 255 255 0 0 255 255 0 255 0 255 0 255 0 255
    0 255 255 255 20 255 0 255 0 0 209 222 237 0 0 0 255 0 12 255 0 19 0
    255 255 255 198 162 0 0 74 0 255 51 255 0 0 104 0 255 255 255 0 55 0
    255 255 255 47 255 0 255 0 145 211 255 255 0 255 255 255 0 0 0 255
    255 0 0 255 255 255 71 8 255 255 26 0 0 0 174 212 255 255 255 0 0
    140 255 255 0 0 0 0 6 255 255 71 255 121 255 255 255 255 0 255 0 255
    0 38 255 255 255 0 0 0 0 255 109 255 0 0 0 255 255 255 0 0 247 255
    23 255 0 0 0 255 255 0 98 125 0 106 255 0 255 0 0 255 0 255 0 255
    196 0 0 0 255 103 0 0 132 255 255 255 0 255 0 255 255 0 0 255 255 0
    0 82 255 255 0 0 0 255 255 255 255 0 0 0 144 179 255 255 255 255 0 0
    255 255 255 255 0 255 141 255 255 0 255 255 255 0 0 77 255 0 0 255
    255 253 0 148 0 167 138 0 0 142 255 255 255 142 255 255 50 0 0 255
    150 255 255 255 0 0 0 85 24 0 255 0 255 0 0 0 0 0 0 0 0 255 255 255
    255 255 255 255 0 0 0 0 255 94 0 0 0 255 255 0 0 0 143 0 255 255 233
    61 0 0 255 0 255 0 166 0 0 0 128 255 0 255 0 52 97 255 0 0 255 255 0
    0 0 255 0 0 191 0 255 255 255 0 51 255 255 1 255 0 0 0 0 255 255 255
    0 0 255 255 255 0 0 218 255 0 0 90 255 0 125 0 255 255 0 0 0 136 0
    23 18 0 255 255 255 249 0 255 0 0 0 107 0 255 0 255 255 0 235 226 0
    50 255 76 255 0 0 0 255 179 255 0 255 0 0 0 0 255 65 255 0 255 255
    28 0 171 255 255 0 0 255 0 204 248 0 0 184 0 255 0 0 255 255 255 0
    241 0 66 0 255 255 157 0 0 255 0 0 255 255 0 253 0 0 255 255 115 255
    0 255 26 0 0 255 255 0 129 0 255 198 255 183 0 0 0 0 255 0 255 255
    26 255 128 0 255 0 255 0 255 0 255 0 0 0 190 255 0 214 255 255 255
    102 255 255 0 205 255 0 15 0 255 164 255 0 44 255 255 187 0 0 0 255
    101 0 0 0 0 255 255 9 255 0 255 0 0 0 255 0 255 255 125 255 133 0 0
    255 255 255 195 18 255 55 0 255 255 255 116 255 0 68 1 150 49 255
    255 255 0 255 0 255 198 255 0 0 255 116 0 0 0 0 240 255 255 0 0 255
    255 0 0 97 255 255 0 0 255 174 0 0 255 60 255 255 0 255 0 0 0 255
    255 255 0 255 255 0 0 0 255 33 255 0 255 255 246 0 0 255 255 255 0
    255 255 0 247 0 255 0 255 255 0 255 0 255 226 255 0 98 255 255 123 0
    255 255 255 0 41 0 51 255 255 0 135 255 14 255 24 255 5 0 0 16 255
    255 0 0 0 255 255 0 0 45 255 0 255 0 255 255 153 0 104 0 0 255 0 0
    255 0 57 13 0 255 0 255 255 255 0 254 0 255 255 194 122 0 0 255 255
    133 241 0 255 0 255 57 255 0 255 0 0 0 48 255 255 131 0 255 255 0
    255 108 255 0 0 0 255 0 0 170 255 0 0 255 255 0 77 255 255 255 0 255
    0 203 0 0 255 255 255 0 68 255 255 0 0 0 0 255 255 0 0 0 255 0 102 0
    0 255 230 255 255 255 0 255 255 0 0 0 255 255 0 0 210 255 255 255 91
    62 255 0 255 0 143 0 0 255 255 0 0 255 255 255 0 255 0 255 221 0 205
    255 255 183 0 255 0 255 0 255 0 255 0 255 255 0 254 0 0 0 0 0 255
    255 255 255 111 104 255 255 255 255 255 0 0 34 0 255 255 255 212 0
    255 0 255 0 255 0 253 0 255 255 112 255 255 255 255 0 0 0 0 0 0 255
    255 228 255 255 255 255 0 0 255 255 0 0 255 255 255 0 183 0 255 0
    255 0 0 255 0 255 255 255 255 255 255 37 0 255 178 0 0 66 0 0 0 188
    255 255 0 0 255 255 255 0 153 0 195 0 223 255 255 0 0 0 0 0 0 255
    255 84 255 255 0 0 255 85 0 0 255 113 255 157 126 0 0 130 255 255 0
    84 214 255 0 90 0 255 0 255 249 255 0 255 0 39 83 0 255 0 157 255 0
    0 0 0 255 255 40 0 255 255 208 120 7 255 255 227 158 255 0 0 0 126
    194 255 0 255 0 255 0 255 255 0 0 0 246 0 255 131 0 0 255 255 255
    255 0 156 0 255 0 255 0 235 0 0 255 0 255 0 80 255 255 251 0 255 0
    255 59 0 255 0 237 0 156 162 255 255 255 0 62 255 0 255 255 255 4
    255 129 255 255 255 255 255 255 0 255 0 174 255 255 0 0 0 255 99 0 0
    88 0 255 255 0 0 102 255 255 232 255 255 0 0 0 0 0 255 255 69 0 227
    89 197 0 255 255 97 37 255 255 0 255 0 0 8 255 0 125 255 141 255 204
    0 255 29 0 255 86 12 255 113 255 0 0 0 255 255 108 255 247 255 174
    255 0 255 0 255 255 255 0 0 0 0 255 0 255 255 0 16 94 99 0 249 128
    145 0 0 75 255 146 141 0 255 255 0 255 0 0 167 0 0 167 0 255 0 255
    235 0 255 255 255 0 0 175 0 255 11 0 0 0 0 0 0 255 255 255 0 0 255
    255 0 0 0 31 255 255 63 0 255 0 255 0 255 200 255 0 255 27 0 0 255
    107 255 255 0 0 96 53 1 255 255 0 171 0 255 0 255 0 0 228 0 255 0 0
    0 0 255 0 255 0 255 0 0 204 180 0 255 255 0 0 164 255 0 255 0 0 0 0
    255 0 0 0 255 255 255 0 0 0 0 255 0 255 255 55 0 0 55 64 255 255 0
    111 255 0 136 0 213 195 0 0 255 255 0 255 255 255 0 0 255 255 255
    153 60 0 100 255 255 255 0 255 19 77 255 237 0 0 255 255 255 255 0
    255 255 255 0 0 255 255 7 255 255 255 255 0 139 255 0 0 255 0 69 255
    255 255 110 0 0 0 255 255 255 0 0 0 255 255 255 11 46 42 255 255 0
    255 0 26 0 255 0 255 0 255 0 0 124 221 255 0 46 0 128 255 255 0 0 0
    255 255 0 255 255 0 0 0 255 161 255 255 0 0 204 183 255 255 255 0 0
    70 255 0 0 0 0 210 255 255 0 255 0 255 0 0 255 255 0 0 0 255 255 0 0
    0 0 255 67 0 0 0 0 255 255 255 0 0 0 255 209 196 0 255 0 20 0 255 0
    79 0 0 255 0 158 0 255 189 255 82 0 0 0 0 255 255 255 0 0 255 255 0
    0 35 0 255 255 7 255 46 255 255 0 0 0 255 255 0 70 255 255 0 255 0
    255 0 255 255 63 119 255 81 255 255 0 0 0 255 76 251 0 228 255 118
    253 133 255 255 119 0 255 255 68 0 0 57 0 127 133 0 0 255 255 140 0
    0 255 196 153 31 84 170 0 0 255 236 255 0 255 106 0 0 0 255 108 0
    135 255 255 0 255 0 255 255 255 189 255 0 0 0 0 255 255 255 163 117
    0 0 209 255 0 255 125 255 0 177 0 0 255 0 0 0 0 255 8 255 0 255 0
    119 107 0 255 255 255 0 0 255 0 255 0 255 0 255 50 79 0 255 0 236 0
    0 255 255 0 0 255 255 255 0 240 255 255 0 0 0 255 115 255 0 0 0 255
    255 255 0 0 255 255 255 203 227 255 255 255 0 0 0 255 255 255 0 0
    255 0 251 0 255 0 255 0 185 0 0 255 255 11 255 0 0 211 255 255 99 77
    255 223 255 255 0 180 50 255 255 255 0 0 255 255 202 0 0 0 255 255
    255 0 255 255 24 255 0 255 255 0 255 255 0 255 255 143 255 0 0 0 24
    0 126 79 0 0 255 0 255 255 0 255 0 255 0 249 37 255 77 0 0 255 0 255
    0 255 53 145 103 0 255 255 255 0 255 0 255 223 82 0 68 0 255 0 0 255
    0 255 0 0 0 65 255 0 255 0 255 255 97 255 255 255 148 87 0 0 0 255
    65 0 255 0 0 0 255 255 255 0 72 0 123 205 0 255 0 0 0 0 0 0 0 0 0
    111 0 255 255 255 255 0 255 0 255 0 249 0 231 78 228 0 0 255 255 255
    255 0 0 95 0 107 254 0 0 0 255 255 64 132 0 0 0 255 0 139 255 0 255
    0 255 0 0 132 255 59 249 0 178 242 147 0 72 33 35 255 0 0 0 0 193
    255 0 255 0 121 255 0 129 0 255 255 135 152 65 145 255 77 0 255 255
    255 54 213 255 0 0 203 255 255 14 255 0 181 77 0 255 255 0 255 255
    255 255 0 255 252 0 0 0 12 0 255 255 100 0 0 0 255 255 255 0 255 100
    68 255 255 0 8 0 255 255 144 255 0 255 255 255 0 0 0 255 0 0 255 255
    0 255 255 255 56 47 255 0 255 255 0 255 255 0 204 255 0 0 0 255 0
    255 40 50 0 0 146 255 255 255 0 255 0 255 0 46 255 255 0 53 0 155
    255 240 0 72 0 255 0 255 255 255 0 255 0 255 0 204 177 145 255 187
    255 111 255 26 186 0 74 255 255 255 0 0 0 0 0 112 255 255 0 151 255
    248 0 255 255 143 255 0 132 0 189 0 255 0 255 255 255 0 255 255 0 72
    0 0 255 255 35 112 206 255 0 0 255 0 255 0 193 146 255 255 216 180 0
    255 255 255 0 0 255 0 255 255 30 236 0 255 228 255 84 0 129 255 0 0
    96 255 99 0 0 148 0 0 0 0 0 0 255 0 255 255 203 0 0 0 0 255 255 255
    0 0 0 113 255 0 23 0 0 0 0 0 198 255 0 255 0 255 0 106 0 237 255 0
    255 0 255 0 0 255 255 117 0 0 82 255 255 121 255 172 255 255 255 0 0
    255 255 180 255 255 183 255 0 255 165 0 0 255 255 255 31 255 0 255
    216 255 0 255 0 151 0 0 241 0 255 255 255 255 0 0 123 0 246 255 107
    255 255 0 0 202 255 0 0 255 85 0 0 74 0 0 0 255 255 0 255 0 0 181
    245 255 255 0 0 255 255 0 0 200 0 0 255 255 221 0 255 0 255 24 255
    255 0 255 255 210 255 0 255 255 179 255 0 0 132 0 0 10 255 255 0 0 0
    255 255 255 0 0 255 255 0 0 0 210 0 255 255 255 199 0 0 255 255 0
    255 0 70 0 0 255 141 0 29 255 255 255 255 44 236 0 255 255 255 0 255
    0 222 0 0 0 255 0 255 255 255 0 255 0 239 0 189 174 0 255 153 255
    255 42 0 255 255 255 0 0 255 0 255 0 255 255 0 0 12 93 255 255 0 0 0
    0 255 255 0 0 227 0 0 0 255 68 255 0 255 255 61 158 0 0 0 0 0 255
    255 255 0 255 255 0 0 0 0 49 255 255 147 255 255 221 0 0 0 255 255
    255 0 240 0 255 255 92 0 255 0 255 255 0 216 0 255 0 255 0 255 0 97
    0 255 0 255 0 255 0 0 0 255 255 255 197 0 60 0 255 255 255 149 172 0
    0 255 27 0 255 0 0 0 0 255 0 255 28 0 255 0 156 255 219 255 0 255 0
    255 0 255 0 62 153 255 60 255 0 0 0 97 0 255 255 0 0 0 18 0 255 0
    122 0 0 255 255 255 255 0 206 67 255 255 255 21 0 0 255 255 255 255
    226 0 0 96 255 255 253 68 0 0 255 183 255 255 0 239 0 255 255 255 0
    0 0 0 0 0 33 0 141 255 255 255 5 0 0 255 255 255 0 0 255 255 0 29 0
    0 255 0 255 16 255 255 0 0 238 255 0 0 255 255 155 0 169 18 0 0 0
    255 255 255 249 56 255 111 255 0 142 122 0 158 0 20 255 255 204 86
    255 255 0 224 0 0 0 101 255 0 255 255 0 113 0 255 0 0 0 255 0 255
    255 182 198 0 0 0 255 255 255 0 255 0 0 255 137 0 226 0 255 0 255
    178 255 255 0 7 0 255 0 255 0 199 216 255 0 0 84 0 255 255 255 79 0
    0 118 255 255 122 243 46 255 0 255 255 0 0 0 0 0 255 0 255 0 0 255
    255 255 253 0 221 0 0 255 0 255 0 254 77 0 0 161 0 0 255 253 255 94
    0 0 0 255 255 255 255 255 255 83 250 53 255 0 0 0 0 255 0 255 197
    255 255 0 0 0 255 255 255 0 0 230 255 0 0 255 255 255 0 74 0 68 216
    255 255 0 255 225 255 0 255 0 0 0 255 255 255 0 0 0 255 255 255 0 0
    0 255 245 255 0 255 147 255 255 0 0 0 0 255 0 255 208 0 0 253 255 0
    0 255 255 236 255 0 0 0 255 255 127 0 0 0 0 103 255 255 0 0 0 169 1
    0 255 0 0 255 255 255 0 0 255 255 53 0 0 255 0 0 255 255 255 255 255
    0 227 0 0 255 255 0 255 56 255 141 94 102 255 132 255 255 0 255 2 0
    255 255 0 255 255 255 0 210 0 0 0 255 255 0 0 255 255 255 255 255
    135 255 255 144 0 255 0 255 230 0 255 255 255 0 102 0 255 255 0 255
    0 255 255 255 0 255 255 255 0 255 255 129 0 115 255 0 0 0 255 0 0
    255 0 255 0 89 255 255 0 0 0 255 255 255 0 255 0 255 0 255 0 255 184
    89 153 227 110 0 0 255 1 255 250 0 255 255 0 0 0 255 255 0 255 0 255
    0 176 255 185 0 255 255 0 0 76 0 255 255 249 0 255 255 0 255 0 0 0 0
    255 255 0 255 0 0 0 110 255 255 255 207 142 255 255 255 0 0 0 255 0
    255 0 0 255 0 255 0 255 255 255 255 255 0 0 0 0 110 0 0 0 255 105 0
    113 255 0 255 0 255 174 255 0 255 0 255 0 37 0 255 0 255 255 255 0 0
    0 103 213 255 0 255 133 138 255 255 74 255 17 0 158 0 0 0 70 255 255
    255 0 90 9 255 255 0 255 255 55 0 0 255 255 255 0 0 0 0 255 177 106
    0 0 0 255 255 65 0 153 255 0 0 0 255 0 0 169 189 255 152 0 223 110 0
    255 255 38 0 0 255 49 0 0 255 255 240 255 2 255 0 0 134 0 255 255 89
    0 255 255 255 251 121 0 0 0 255 255 182 110 148 255 255 0 255 0 197
    0 64 255 255 147 255 0 0 255 255 255 255 0 0 0 253 77 255 255 0 255
    255 255 88 52 52 0 0 255 30 254 0 255 86 255 255 53 0 0 0 0 57 255
    255 255 0 0 0 201 0 0 255 255 0 193 161 118 255 0 255 0 255 39 255
    255 255 0 91 0 255 0 0 0 255 250 91 62 255 255 25 255 0 255 59 255
    255 255 0 101 255 62 255 202 255 112 0 255 255 160 0 0 69 255 255 0
    255 255 255 16 178 255 26 255 255 194 168 0 0 255 255 70 0 0 255 255
    255 0 0 0 0 0 0 255 255 255 204 0 212 0 255 0 255 255 195 255 255 96
    0 0 0 255 255 255 255 255 0 0 255 0 255 143 0 0 255 255 0 255 0 0 0
    255 136 255 0 0 0 0 0 255 255 0 108 106 255 89 0 255 0 0 255 0 255 0
    255 0 255 0 255 0 0 0 243 255 255 255 0 0 255 255 112 255 154 255 0
    255 0 255 0 255 0 0 187 15 0 255 255 0 0 0 255 255 0 0 0 140 0 0 255
    255 249 255 255 0 0 255 0 255 134 40 0 0 83 0 255 255 255 38 255 0 0
    246 132 255 255 255 101 255 255 0 0 55 57 255 255 255 0 0 187 255
    255 216 255 255 255 255 255 255 0 255 0 255 0 161 0 255 0 255 255
    187 0 229 255 255 94 0 0 0 223 210 255 255 0 255 0 255 0 165 255 0
    148 255 255 0 0 255 255 255 255 255 186 0 207 0 119 255 69 82 255 80
    0 255 255 208 39 0 0 0 255 255 0 255 255 0 255 18 255 255 0 255 255
    255 0 13 0 51 0 255 0 255 0 0 0 255 0 70 190 255 255 255 0 0 0 255
    255 135 195 255 255 142 100 193 0 138 0 0 55 255 56 255 255 255 210
    0 255 255 255 0 0 63 172 255 0 0 46 19 59 0 66 255 253 255 255 255 0
    0 255 255 0 255 0 0 255 0 0 0 255 0 0 0 69 0 0 255 0 0 70 0 206 255
    0 234 0 173 217 0 255 0 0 0 255 255 0 0 0 0 255 0 0 255 255 255 62 0
    0 0 255 255 0 255 0 255 0 253 0 255 0 0 0 0 0 255 130 255 0 61 0 0 0
    255 79 255 255 255 0 88 191 255 0 0 255 255 255 0 122 255 49 0 0 255
    0 255 0 255 255 255 0 0 0 255 2 0 236 137 255 0 0 255 0 0 25 255 0
    255 0 91 0 255 165 77 0 0 67 0 255 255 205 0 0 0 255 0 0 0 255 0 255
    87 255 0 255 255 240 247 233 0 0 255 255 225 0 0 255 100 40 255 255
    225 255 0 0 0 255 255 31 26 0 255 0 96 0 255 255 171 255 0 255 137
    255 0 255 255 255 0 0 255 130 0 22 0 118 255 255 255 0 255 0 0 115
    255 255 255 0 255 0 255 255 0 61 48 0 255 85 255 0 255 0 140 0 255 0
    0 54 0 255 20 255 0 220 0 255 0 255 0 255 255 167 138 255 0 0 0 0
    255 255 255 255 174 255 0 0 0 238 255 255 0 2 0 255 0 255 111 52 255
    132 0 58 18 255 0 255 255 0 255 0 255 179 255 0 54 0 0 12 252 255 0
    255 0 255 0 72 0 255 0 0 0 207 255 0 255 255 251 0 2 255 255 186 255
    0 0 0 190 255 255 0 0 0 255 0 255 255 0 0 48 255 255 255 255 0 0 255
    209 0 0 0 255 0 255 0 255 136 0 255 0 0 0 255 0 0 74 0 255 126 255
    173 163 0 255 0 255 141 0 255 255 255 60 255 255 255 0 255 0 255 160
    255 0 255 126 255 35 0 255 0 0 255 255 255 0 198 0 71 1 255 0 82 0
    255 255 255 255 255 0 0 0 255 255 255 255 66 0 62 255 0 0 255 255
    209 0 255 255 0 0 0 0 0 255 255 255 0 255 0 255 255 255 111 255 254
    255 0 255 136 0 189 255 255 0 255 197 255 255 0 255 0 0 0 0 255 255
    255 136 0 255 255 0 0 41 255 0 255 77 255 0 0 255 175 103 153 0 255
    158 255 0 255 117 255 14 255 255 255 0 255 0 174 0 255 0 0 0 247 255
    255 255 255 0 0 0 0 255 50 20 255 184 255 255 255 216 0 255 0 255 0
    93 0 255 159 0 0 255 0 255 220 0 0 0 0 0 255 255 255 0 0 0 60 136 71
    0 151 0 255 215 255 255 0 0 255 208 255 0 0 255 0 255 255 255 255
    150 255 232 80 255 255 0 0 9 255 255 0 0 0 0 0 255 72 0 49 0 0 23
    254 255 0 255 0 0 213 255 255 255 30 255 0 0 0 255 255 234 0 0 0 213
    255 0 0 0 255 255 255 132 0 255 255 0 0 0 0 56 255 0 0 0 255 0 255 3
    255 255 255 0 255 0 255 214 255 0 255 255 255 176 0 255 0 255 91 0
    255 25 0 255 255 186 0 255 255 0 255 0 0 0 255 255 124 3 223 0 0 255
    0 255 255 0 0 194 255 0 255 255 255 0 109 0 0 255 0 255 65 255 0 0 0
    0 0 67 255 135 109 0 255 0 255 0 255 0 42 0 0 255 255 255 0 255 0
    255 255 255 0 85 255 163 0 255 255 255 236 0 0 0 0 0 168 255 255 255
    229 255 0 0 0 255 182 0 255 255 255 137 255 96 255 0 192 0 0 0 238
    255 234 0 255 0 255 0 0 255 0 255 0 31 0 0 255 255 255 0 255 72 255
    0 0 255 255 0 0 0 255 255 255 0 0 28 255 255 0 255 255 255 0 0 255
    255 255 0 0 255 255 255 112 0 255 0 255 0 255 255 255 0 255 0 255 0
    255 0 89 231 255 0 0 0 255 255 255 0 0 0 255 0 237 0 0 0 255 255 255
    0 0 0 255 243 255 0 255 0 255 0 255 233 255 49 0 94 31 255 13 255
    182 23 255 0 255 255 255 0 0 0 252 229 91 255 93 255 255 71 240 0
    122 255 255 255 255 255 0 0 61 255 0 0 255 109 5 0 0 136 255 255 255
    255 255 0 0 255 255 101 0 0 0 0 255 0 0 0 245 10 0 0 255 255 255 0 0
    0 28 0 0 255 255 218 0 0 0 255 128 219 255 255 77 0 0 255 255 168
    255 0 68 0 255 73 255 255 0 255 255 255 0 149 0 0 0 255 255 255 255
    0 0 185 0 255 255 255 167 0 255 255 153 0 102 0 0 255 255 0 255 79
    255 255 0 255 255 104 0 107 255 255 88 149 255 255 255 1 255 0 255 0
    255 255 255 255 0 255 0 0 122 0 0 0 255 255 0 255 141 0 0 216 0 0 0
    157 255 255 0 255 0 238 255 0 0 168 255 0 255 255 255 255 150 255
    255 255 0 167 255 128 0 255 0 7 255 226 0 0 255 255 255 213 176 255
    255 255 9 0 142 255 255 255 27 0 255 255 255 255 130 255 0 0 255 255
    144 79 0 0 255 0 208 150 129 255 255 0 0 14 67 255 0 255 255 0 255 0
    255 59 255 0 0 98 6 0 0 255 172 0 0 0 255 255 255 0 0 0 255 59 65 56
    255 0 255 0 255 0 255 255 255 0 0 255 255 255 0 0 255 255 255 0 0 0
    255 227 1 255 0 255 0 255 0 0 0 51 255 219 0 0 255 42 112 0 255 0 0
    63 0 0 255 0 255 0 0 0 32 141 0 185 0 255 0 255 255 0 0 0 151 255 15
    0 234 0 0 255 255 255 0 0 255 0 255 0 198 110 0 0 0 255 255 255 0 0
    205 12 255 126 0 128 255 153 238 0 0 255 0 255 0 67 57 255 0 0 0 255
    233 255 0 255 255 255 255 0 0 165 0 255 255 163 0 0 0 0 255 255 0 0
    255 183 20 255 160 255 0 0 0 255 255 0 255 29 255 175 0 0 255 255 0
    215 212 255 223 14 0 209 138 255 28 123 255 255 54 0 255 255 0 255
    149 255 199 0 0 255 255 0 0 255 0 52 173 0 0 255 0 255 0 0 255 0 0
    255 255 255 255 11 0 24 255 255 0 0 198 255 255 0 255 242 255 0 255
    0 0 0 79 0 250 0 255 0 255 75 123 255 215 255 0 255 213 66 255 159 0
    0 255 0 162 75 255 150 204 255 0 0 0 0 255 0 0 0 0 0 255 255 0 245
    255 255 0 208 0 255 0 0 4 0 255 0 255 142 171 0 0 0 0 255 255 0 0 15
    255 0 102 6 99 255 66 255 0 92 0 93 255 0 0 255 136 0 255 255 235
    115 255 0 255 0 0 64 124 17 0 222 154 0 0 0 255 0 44 255 233 105 0
    255 255 9 0 0 0 0 255 0 0 255 0 120 0 255 0 255 176 0 50 0 131 255 0
    0 0 255 255 255 0 0 0 205 255 255 0 0 0 255 0 0 255 255 0 0 255 255
    0 56 228 255 255 0 0 0 154 255 0 255 255 244 65 0 0 0 255 255 0 187
    255 255 255 255 0 255 0 255 0 63 0 255 0 255 0 0 255 0 0 0 0 255 0 0
    0 255 255 115 0 155 0 0 255 0 0 255 0 255 0 0 76 0 255 114 0 0 0 255
    255 255 255 0 0 0 255 0 255 0 255 68 255 232 0 115 0 77 0 0 0 0 255
    99 67 255 255 255 0 255 0 255 255 255 255 0 0 0 0 0 255 205 0 0 0
    255 255 236 255 253 26 255 0 0 0 255 255 90 84 0 255 255 0 0 50 2
    255 0 255 0 255 0 255 82 0 255 0 0 180 0 0 0 255 255 255 0 0 125 255
    255 0 26 255 52 255 0 255 0 255 128 255 0 0 255 255 255 120 255 173
    255 0 0 255 53 255 255 101 255 0 255 221 0 0 0 231 0 0 151 255 255
    255 0 127 0 232 161 0 0 31 0 0 255 255 255 255 255 124 255 255 11 38
    171 236 0 49 0 255 57 0 255 0 255 255 255 255 255 0 0 0 255 0 0 0
    243 255 0 255 255 0 0 0 0 181 56 255 0 0 72 73 255 255 0 0 0 255 248
    255 0 0 255 255 0 67 255 0 255 255 255 0 255 126 0 0 0 255 201 233 0
    255 0 255 0 0 0 101 255 255 255 0 255 0 0 0 255 0 0 0 255 255 0 255
    0 172 177 210 255 255 255 255 0 0 240 255 0 175 0 202 0 113 203 255
    224 0 0 0 0 255 0 255 0 0 255 255 255 72 0 143 0 0 255 255 234 255 0
    0 0 0 255 0 0 255 100 255 0 0 81 255 0 255 0 0 255 0 255 179 255 0 0
    0 255 0 102 0 255 255 255 0 0 0 0 0 44 0 255 0 255 0 0 0 255 255 255
    0 26 255 115 255 51 255 0 255 0 0 151 255 255 255 0 255 0 109 0 0
    255 0 255 0 255 0 255 0 209 0 255 255 0 0 255 255 255 0 255 0 255
    195 255 0 0 98 0 95 0 255 255 239 231 0 194 255 151 0 255 255 255 0
    255 255 193 0 40 0 255 25 0 0 56 255 255 136 0 255 126 74 207 0 4
    255 0 0 255 255 255 168 0 0 255 255 66 0 0 255 255 105 255 0 255 143
    0 0 0 0 0 13 0 255 0 255 149 255 0 255 255 0 0 83 255 0 163 78 0 255
    0 255 229 255 0 0 255 0 255 0 0 0 0 0 255 224 0 51 0 255 0 255 255
    255 0 255 255 108 0 0 0 255 0 255 0 255 0 0 255 255 255 0 0 0 255
    255 83 0 111 255 0 255 255 255 255 0 255 95 0 0 0 255 0 0 0 178 0 0
    255 255 8 255 228 255 0 0 127 195 0 255 255 133 228 6 255 167 0 0 0
    0 0 255 218 0 95 255 255 0 0 0 255 255 255 255 0 0 0 0 255 0 255 255
    255 0 255 119 255 0 255 255 255 255 0 255 0 158 0 255 59 255 0 0 0
    255 255 255 0 0 0 255 0 79 0 0 0 255 226 0 0 255 49 255 255 255 0 0
    0 0 0 203 255 255 255 255 0 0 0 0 255 0 98 0 170 255 255 255 0 34
    255 255 255 0 255 255 255 0 255 0 255 255 196 255 255 0 0 0 0 0 255
    255 135 255 234 0 0 255 0 255 102 0 0 0 0 0 0 255 115 0 0 255 152
    255 255 255 0 0 0 255 0 64 77 255 227 255 0 0 0 255 255 255 255 0 0
    89 255 255 255 0 0 0 255 255 0 57 255 255 0 0 255 0 0 203 255 255
    255 116 0 0 255 0 255 134 0 0 255 255 255 0 0 255 255 255 255 0 255
    0 255 0 0 255 0 0 0 255 255 255 0 255 255 255 255 0 67 252 0 0 0 255
    0 255 255 255 0 0 112 255 0 255 255 74 0 0 255 255 0 255 255 255 0 0
    0 255 255 255 0 159 0 0 255 0 0 8 0 255 255 255 255 0 0 0 255 255
    255 0 255 235 255 0 0 0 255 255 255 0 255 166 255 255 0 0 231 0 255
    0 255 0 255 0 255 0 255 0 255 0 255 0 255 0 255 124 0 0 0 150 0 0
    255 0 255 0 0 0 255 255 0 0 0 0 255 255 0 0 47 255 0 255 0 155 0 255
    255 54 0 255 0 53 9 255 0 255 181 255 255 0 152 0 255 136 230 0 0 0
    255 255 255 0 0 163 0 0 22 255 255 255 255 0 255 218 255 0 0 85 0
    255 0 255 0 158 169 0 255 0 0 138 255 255 0 0 0 255 0 255 0 0 0 255
    0 255 255 209 0 0 255 238 255 255 0 128 255 255 255 0 0 0 255 0 255
    0 255 0 255 255 0 0 223 255 0 0 0 255 255 255 255 0 255 67 255 0 0
    141 255 0 0 0 0 255 0 255 255 0 0 0 255 255 0 255 255 0 255 0 255
    255 0 0 255 0 255 0 0 0 255 255 0 255 255 255 0 0 255 255 0 0 255
    255 0 0 0 55 0 165 255 0 255 255 255 255 219 255 255 0 255 0 82 255
    0 21 41 157 255 221 206 145 0 42 255 0 0 0 0 255 0 255 0 255 0 255
    255 255 255 0 255 0 0 12 255 0 255 5 135 0 223 0 0 0 0 255 0 255 0
    255 0 0 0 0 0 255 255 0 255 0 0 101 0 0 255 59 255 18 255 214 0 54
    255 154 255 255 0 255 255 0 0 0 255 255 255 0 0 111 233 255 0 255 0
    255 0 255 174 255 10 255 0 255 0 255 255 188 0 255 0 0 0 255 255 0
    255 165 255 255 0 0 175 255 255 255 0 0 0 0 255 255 0 255 255 255
    255 0 0 40 255 255 0 0 0 17 0 255 0 255 34 255 0 0 255 255 255 78 0
    255 0 255 255 255 0 0 0 0 19 255 0 191 0 0 255 255 255 255 0 0 0 190
    234 79 0 255 36 255 0 0 0 255 114 255 28 255 0 0 255 243 255 0 0 0 0
    255 255 0 0 0 255 0 255 0 255 0 255 0 197 255 67 0 0 142 0 149 0 255
    0 0 0 255 255 0 255 155 43 0 142 255 255 0 199 0 0 255 255 255 255 0
    255 0 0 255 237 255 0 107 255 255 255 255 99 217 0 0 0 80 255 255
    255 185 100 0 255 255 0 0 255 131 0 0 0 255 255 255 255 0 0 249 0
    255 0 0 0 255 41 155 176 255 0 255 255 0 0 0 255 194 255 0 0 199 0 0
    26 255 0 255 255 255 255 90 85 255 45 134 0 255 255 255 0 189 0 255
    0 0 255 0 255 0 0 0 0 255 255 255 0 0 0 0 255 255 255 255 191 255
    255 255 0 0 79 11 255 255 0 255 255 255 0 0 0 191 255 0 255 255 255
    255 0 255 255 255 15 217 0 255 0 192 0 255 255 255 150 0 255 0 255
    255 255 0 0 255 0 255 0 243 198 0 255 255 0 0 0 255 0 118 176 0 255
    0 255 0 169 255 0 0 0 255 255 255 161 125 0 0 0 0 255 255 54 0 0 255
    255 255 164 255 255 255 0 63 0 255 255 255 243 90 0 250 0 0 255 0
    108 84 255 0 0 255 255 255 255 255 255 0 0 243 255 255 0 130 0 255 0
    0 0 255 255 0 255 105 0 255 0 255 0 0 0 255 252 66 255 255 209 0 69
    0 113 255 255 255 255 0 0 0 255 0 255 0 255 255 255 64 255 255 0 0
    255 255 255 106 0 0 0 255 255 0 0 0 0 255 0 255 0 255 0 0 0 0 255
    255 0 255 131 255 202 255 0 0 0 0 0 218 255 255 0 189 255 0 0 0 255
    0 255 180 255 0 0 255 255 0 0 255 0 29 0 71 255 255 255 255 255 255
    0 96 0 37 255 255 255 0 0 0 255 255 255 255 0 0 83 0 255 255 0 255 0
    0 0 0 255 255 255 255 255 0 0 86 255 0 255 255 169 31 0 255 0 255 0
    0 255 255 255 255 255 0 32 98 255 0 0 0 0 47 255 255 255 0 255 250
    255 0 255 255 255 255 0 255 13 255 0 146 255 0 255 136 255 0 40 0 0
    255 255 255 255 255 0 0 0 255 255 141 36 0 0 113 177 199 255 255 0
    255 0 0 255 255 13 0 0 255 255 0 0 0 179 0 0 255 255 255 0 223 255
    255 0 0 255 74 0 255 0 0 0 187 255 255 0 136 0 225 195 0 0 0 243 0
    17 35 255 0 0 0 255 255 255 0 255 0 231 255 41 0 237 255 255 11 0 0
    0 0 255 0 123 0 255 0 255 0 0 0 0 255 0 255 0 153 0 255 203 255 255
    0 255 246 0 30 0 255 0 0 255 0 255 0 255 255 32 255 0 0 0 254 0 255
    0 54 55 255 255 255 255 0 0 48 0 0 255 0 0 0 255 0 228 0 0 0 255 255
    255 255 199 0 0 255 193 72 0 0 255 134 255 60 0 0 252 0 0 32 0 189 0
    0 255 54 255 163 74 0 255 255 255 0 255 20 255 0 0 255 255 15 0 0
    255 1 0 0 0 255 0 213 0 0 0 255 0 255 0 255 0 255 0 0 255 0 0 0 255
    0 147 255 0 255 0 0 202 0 255 255 255 122 0 0 255 255 0 0 0 147 255
    0 255 0 255 0 0 255 230 255 0 0 255 255 0 0 17 0 201 0 255 255 0 0 0
    255 255 0 221 255 0 0 58 124 255 41 255 255 255 151 0 255 255 255 0
    255 0 255 0 243 131 255 250 255 255 157 0 255 0 0 255 255 255 0 0
    255 255 0 83 0 255 255 0 0 26 255 0 0 0 255 30 255 0 0 0 255 255 0 0
    0 0 22 50 18 255 0 255 0 255 255 0 0 0 169 255 255 87 0 255 255 255
    0 155 0 255 255 255 0 228 255 0 0 255 0 255 0 255 0 111 255 255 0
    120 0 255 15 255 255 134 221 0 0 73 35 0 124 0 255 255 255 255 0 255
    0 255 255 255 148 255 0 0 0 252 255 0 0 84 255 0 0 0 0 255 255 0 0
    255 255 255 138 255 142 0 255 255 46 255 255 255 255 0 0 0 255 255
    255 42 0 0 0 255 255 255 0 255 0 30 0 0 0 0 255 255 0 0 0 142 255
    255 0 0 0 255 0 0 78 255 255 0 255 255 0 0 255 0 165 0 255 0 50 0 0
    255 255 255 0 7 255 255 255 187 0 0 0 0 255 255 160 16 0 255 175 255
    220 94 0 255 5 255 255 0 255 0 255 0 255 0 0 0 0 255 224 255 0 0 0 0
    72 0 0 255 0 255 255 247 0 0 255 0 255 0 255 0 255 0 189 0 0 0 15 0
    255 129 0 0 255 0 117 255 0 0 0 255 255 0 0 0 0 255 255 255 0 235
    255 255 0 255 223 0 0 0 255 0 0 0 255 48 0 5 188 255 0 0 0 255 0 0 0
    255 0 0 0 0 101 255 0 255 255 0 195 255 255 0 220 0 255 0 0 0 0 52
    30 0 0 255 255 255 0 141 0 255 0 115 0 255 0 0 136 255 255 255 13 0
    0 23 255 0 0 139 255 255 0 255 0 164 255 0 54 0 0 0 255 255 0 0 0
    255 255 0 255 0 0 0 0 255 0 255 0 220 0 255 7 255 255 255 0 0 0 0
    248 46 255 255 0 255 0 255 255 62 0 255 0 255 255 255 255 255 255 0
    187 0 10 0 255 255 227 255 0 255 255 255 216 0 255 255 255 0 0 0 255
    0 149 255 255 169 79 0 0 255 133 255 255 42 184 255 0 161 0 255 0 0
    255 228 0 201 255 0 255 0 0 255 0 255 0 0 255 255 255 0 142 0 131
    159 255 255 255 255 255 0 0 0 0 7 116 0 255 28 255 255 0 0 0 255 0
    255 0 243 184 150 0 255 255 0 0 0 126 255 255 0 0 255 30 80 0 0 0 0
    0 255 255 255 255 0 255 255 0 46 255 255 255 0 0 255 189 255 193 255
    0 255 0 90 116 255 177 232 181 0 255 246 255 0 255 0 0 0 0 255 255
    255 255 255 0 0 0 255 255 255 0 0 240 61 255 158 0 255 255 80 0 0
    255 255 204 0 255 0 47 255 0 255 147 255 255 0 0 0 255 255 255 0 27
    255 255 0 0 246 13 0 255 255 198 0 0 255 0 255 255 0 106 0 255 0 175
    0 0 54 255 0 0 0 255 0 219 0 255 255 255 0 255 0 172 255 0 0 0 0 243
    218 255 255 115 123 0 255 0 255 0 255 255 0 0 159 8 96 255 0 0 0 255
    255 0 0 255 255 21 255 255 174 255 255 255 241 0 0 255 255 241 0 255
    0 255 255 0 255 0 196 255 59 0 0 0 255 255 255 0 0 51 255 255 164
    139 0 0 255 255 255 0 0 255 255 0 0 0 151 255 255 255 0 0 0 0 255
    255 255 254 0 255 0 255 255 255 255 0 211 0 0 255 255 0 255 0 0 0 0
    255 255 246 0 0 0 255 255 67 0 0 0 0 255 255 255 255 255 255 155 0
    181 255 110 255 7 0 0 255 255 192 255 254 157 54 214 50 255 146 255
    0 0 0 0 0 255 0 255 255 255 0 255 255 0 0 255 255 0 0 0 0 255 255
    255 225 0 255 255 255 24 0 255 255 0 0 0 0 0 255 17 190 0 65 0 255
    199 255 55 255 0 255 0 255 255 0 255 49 255 255 255 0 255 255 204
    255 0 255 0 98 218 255 0 156 177 255 255 0 0 226 142 255 164 0 255
    142 0 187 255 36 0 255 255 98 0 0 29 255 255 0 0 255 0 255 0 109 0
    255 93 255 255 0 0 0 235 0 255 0 0 255 255 0 149 255 255 255 255 0 0
    18 59 255 255 0 250 0 185 0 0 255 255 60 0 62 255 0 0 0 211 255 255
    255 253 0 255 255 255 118 255 9 255 8 255 0 135 0 80 255 113 114 255
    0 255 255 45 255 0 66 255 255 255 0 0 0 145 182 255 0 0 255 255 122
    247 255 0 0 0 255 0 255 255 255 0 0 188 255 255 255 255 183 255 78 0
    0 171 255 255 0 255 255 127 0 0 255 255 255 255 0 0 0 255 255 255
    150 0 0 255 0 0 0 255 21 93 255 214 255 0 244 255 139 255 255 0 138
    255 255 82 0 255 255 255 0 63 136 255 50 0 255 255 255 174 102 103 0
    207 255 68 50 255 255 0 0 0 0 255 255 0 255 170 255 0 26 64 0 255
    255 255 255 0 255 0 255 0 255 0 255 0 0 255 54 255 255 0 62 255 255
    0 255 255 255 222 72 0 0 0 0 21 255 255 243 255 0 255 0 255 61 255
    167 0 0 255 255 229 255 0 0 255 255 113 255 0 0 0 252 37 255 0 100 0
    255 174 255 116 255 0 255 0 255 0 255 255 255 0 0 0 0 0 141 255 178
    249 0 0 0 255 255 255 255 90 0 0 176 0 255 0 223 0 237 220 0 0 0 255
    0 5 81 255 122 0 123 129 255 0 255 0 128 154 255 255 0 0 91 215 62
    107 0 0 126 0 0 112 0 255 0 255 255 0 255 255 255 255 0 0 0 0 255
    255 255 189 0 255 255 39 0 0 0 255 255 255 13 0 255 0 255 0 255 0
    255 0 0 0 255 255 0 0 255 255 0 0 111 162 255 148 126 255 255 0 0 0
    255 49 255 0 255 0 255 0 119 255 0 0 3 0 0 0 0 0 255 218 0 0 58 255
    48 0 255 0 0 0 255 255 255 255 0 113 0 0 255 233 255 255 255 0 0 0
    29 255 255 255 0 255 248 255 0 0 0 0 255 0 255 0 232 0 0 0 255 55
    255 111 0 0 136 0 0 0 255 0 255 0 255 255 212 0 0 148 0 255 0 29 0
    205 255 255 0 120 255 255 0 0 0 255 0 255 185 255 255 0 4 255 255
    255 0 29 172 11 205 255 255 7 0 75 0 143 0 255 255 0 255 19 255 34
    206 0 0 0 255 0 255 0 214 255 255 139 0 255 0 0 135 255 192 0 0 134
    255 0 255 0 255 0 255 0 255 234 255 56 0 255 255 223 251 0 255 0 255
    143 239 255 0 0 0 226 46 255 255 255 0 0 0 255 255 255 255 0 255 0 0
    255 255 0 92 255 255 255 225 0 30 255 0 255 226 0 0 104 255 135 0 0
    0 255 255 0 0 255 255 0 255 0 174 0 239 255 11 0 0 150 255 24 0 0 0
    0 0 0 0 255 255 255 0 0 255 255 0 95 0 0 0 0 0 255 0 255 255 0 0 0
    255 255 255 14 255 255 0 0 255 94 255 0 0 0 255 255 255 0 255 0 255
    143 0 0 0 255 248 21 255 0 255 0 55 230 255 255 255 9 0 255 0 0 0
    252 0 50 0 0 255 104 255 255 0 0 0 84 1 255 0 0 0 0 0 0 0 155 0 255
    255 255 0 71 0 31 3 255 0 255 0 255 0 255 255 0 37 153 0 255 0 0 255
    0 255 0 101 0 255 0 0 255 255 255 185 0 0 0 255 0 255 255 255 255
    255 255 0 57 0 3 103 255 255 255 255 0 255 58 68 0 255 255 255 230 0
    0 0 0 255 173 255 0 0 134 255 0 255 0 255 255 255 255 84 255 255 0 0
    0 255 255 255 0 3 0 255 0 252 0 255 0 0 43 255 0 0 74 255 0 0 0 0
    114 255 31 113 0 255 0 0 255 0 255 255 0 0 115 255 0 255 255 255 0
    255 255 0 103 255 247 255 255 255 255 0 0 0 255 0 255 0 0 0 255 237
    0 0 0 0 255 255 255 255 0 0 0 0 0 255 168 52 43 0 0 82 148 255 255 0
    89 0 0 255 255 255 255 255 0 255 160 255 0 0 255 255 0 70 0 0 255
    255 0 0 0 255 0 0 255 2 255 255 255 255 233 0 0 0 255 255 255 255
    161 0 237 68 0 0 0 255 255 255 0 0 255 0 0 167 0 255 0 255 255 173 0
    255 0 255 0 241 255 0 255 0 0 255 0 0 0 145 255 0 0 0 255 0 255 0
    255 255 0 0 255 255 255 0 0 255 255 255 0 212 255 255 0 255 162 255
    0 255 255 85 0 0 255 6 255 255 255 255 137 0 255 0 0 255 255 0 255
    255 255 0 0 255 0 255 255 0 0 255 255 255 255 0 0 199 255 255 0 255
    0 255 0 255 0 102 0 0 0 255 255 255 0 0 0 0 90 255 140 0 0 0 255 255
    255 0 0 214 255 0 213 0 255 0 0 255 0 255 0 255 255 92 0 255 255 28
    0 133 255 0 0 127 0 255 255 0 2 1 135 0 249 255 255 3 0 71 255 44 0
    0 0 255 255 255 24 255 0 255 0 236 0 255 3 0 255 255 255 0 172 0 255
    255 255 255 255 255 255 0 255 78 0 255 0 255 26 0 0 0 255 255 223
    176 255 0 255 0 144 255 255 0 0 0 0 0 255 0 0 20 255 255 177 255 255
    255 255 255 255 255 0 255 0 255 0 255 24 93 14 0 0 151 171 255 0 0
    74 212 0 166 0 0 126 0 91 0 255 0 196 255 0 0 103 109 255 0 255 195
    0 255 0 255 255 255 255 0 205 255 0 255 0 255 0 255 255 0 15 0 255
    255 255 227 0 255 0 255 0 0 255 255 0 255 222 255 255 255 255 0 0
    226 0 255 86 141 0 33 0 76 0 255 117 0 0 255 255 0 255 0 255 147 255
    0 5 255 255 255 0 102 156 0 0 255 255 0 94 176 255 0 0 217 255 255
    255 0 255 255 255 43 168 178 0 0 0 0 255 255 255 0 0 255 0 255 0 255
    255 0 0 133 255 255 189 0 95 255 255 0 0 0 255 0 255 0 255 25 255 0
    255 0 255 0 255 255 255 99 255 142 255 255 147 255 255 102 0 42 0
    255 0 255 255 0 0 255 0 0 0 255 255 255 0 0 0 91 0 182 255 255 255 0
    0 2 255 255 255 0 255 0 0 0 255 255 233 255 0 255 0 0 0 96 0 255 0
    255 255 255 255 255 0 133 0 0 0 255 0 0 0 255 255 255 0 179 0 255 0
    216 0 255 57 255 0 214 255 255 0 0 0 255 0 255 66 0 235 106 121 255
    255 0 0 255 255 255 0 255 255 255 255 255 82 0 255 255 255 255 255 0
    255 0 255 0 0 255 0 255 249 0 0 255 255 255 0 255 0 255 0 255 0 255
    255 0 255 0 255 255 158 140 0 66 255 255 0 0 255 255 160 255 0 255 0
    0 73 255 0 157 61 0 0 255 0 255 0 255 0 0 0 113 255 133 135 255 4
    255 255 0 255 0 255 0 255 255 0 0 255 255 30 0 255 255 255 21 0 0
    242 0 0 0 0 0 0 0 110 0 255 255 255 107 255 217 255 138 0 255 196 0
    255 255 255 0 255 22 255 0 172 0 0 255 255 43 255 0 107 255 255 255
    0 0 255 0 255 0 0 0 0 255 0 0 255 0 255 0 21 0 20 54 177 127 0 0 255
    255 17 255 45 255 200 255 0 39 0 255 255 0 0 38 15 0 255 57 255 255
    255 255 0 0 0 255 0 255 255 255 0 0 100 255 0 0 0 81 0 195 0 0 255 0
    1 255 255 0 0 255 0 255 183 255 124 255 133 255 0 12 153 203 255 0
    255 0 0 0 99 255 0 255 0 255 0 108 250 84 0 255 0 0 41 0 255 255 255
    255 0 0 255 178 255 0 255 24 255 254 255 0 141 0 0 255 0 255 255 0
    255 0 255 0 0 0 255 255 111 255 0 255 0 223 104 0 0 0 0 0 255 0 0 0
    255 0 255 0 255 0 255 140 255 255 0 255 255 0 255 0 255 0 0 0 255
    187 255 255 255 0 255 8 0 33 255 255 0 86 255 202 0 185 27 0 0 255
    178 181 255 0 198 0 255 0 0 0 255 0 137 255 255 255 255 0 0 0 255 13
    213 255 255 255 0 255 137 207 0 155 255 255 0 0 0 255 255 255 255
    255 255 255 0 255 124 255 0 162 13 49 255 0 0 255 255 255 0 0 255 0
    255 46 255 255 255 255 0 0 3 255 255 255 0 102 0 4 255 0 255 255 255
    0 255 0 0 65 255 255 159 255 0 0 0 255 0 0 60 255 255 0 0 255 0 255
    0 14 255 225 255 255 0 255 0 170 62 255 92 0 0 255 255 255 0 0 0 255
    0 0 76 255 58 0 255 132 255 0 124 0 255 0 158 0 255 0 145 255 124
    255 0 0 217 0 255 255 255 255 0 0 0 173 255 255 255 233 219 0 255
    255 255 255 0 195 0 0 0 255 13 255 0 0 0 255 255 0 99 0 255 0 0 0 0
    192 255 254 0 0 11 255 0 130 0 0 0 0 255 255 255 0 80 0 255 255 0 46
    0 255 0 0 0 255 0 136 0 0 255 0 255 255 0 255 0 44 134 0 0 255 200
    11 202 255 0 255 48 13 255 0 0 0 7 82 0 0 255 255 0 0 0 255 0 0 0 0
    255 255 0 0 201 0 255 0 255 0 0 0 255 0 255 0 0 0 255 0 0 0 255 0
    255 250 0 255 0 125 0 0 0 56 0 0 255 255 0 255 0 85 60 252 33 0 88 0
    207 158 0 116 212 255 245 0 0 224 255 121 251 0 199 103 255 255 102
    0 255 0 0 127 0 0 255 255 255 0 0 0 255 25 255 114 255 255 0 0 229 0
    255 0 0 238 45 255 0 255 0 241 0 0 219 0 255 0 27 0 255 0 255 0 255
    0 0 149 0 0 255 0 255 255 255 255 255 255 0 0 0 255 255 0 0 0 255
    101 255 0 255 0 255 255 0 0 255 179 0 255 0 0 13 0 92 0 255 0 255
    255 255 41 0 0 103 0 0 255 0 255 255 0 0 0 255 87 40 34 0 255 0 255
    62 0 255 0 194 255 0 0 158 255 0 0 0 255 255 0 255 0 255 0 0 0 255
    211 255 0 0 0 0 255 0 182 0 0 255 215 255 0 255 101 238 255 255 60 0
    0 0 0 255 0 255 0 26 255 192 255 0 8 255 0 255 255 255 103 0 178 0 0
    0 171 255 255 0 0 255 255 0 162 0 255 255 49 0 255 240 0 77 255 255
    0 0 0 0 255 255 0 0 42 255 255 255 0 0 0 0 23 255 255 0 255 0 112 0
    0 255 255 59 255 0 0 139 30 255 0 153 255 255 255 0 0 0 255 255 255
    255 45 149 134 0 255 165 62 211 0 0 255 255 255 0 0 247 0 162 0 255
    0 104 0 255 0 255 0 255 206 141 0 0 0 255 0 255 255 255 0 0 0 255
    255 0 0 73 255 0 143 0 255 255 0 255 147 255 172 0 75 255 255 0 0
    255 81 0 0 255 0 10 255 0 0 255 255 0 147 255 42 255 255 255 255 0
    255 255 255 255 0 0 0 255 255 255 0 255 255 255 255 0 255 159 0 255
    8 255 255 0 0 0 255 0 0 255 255 255 255 75 0 38 0 200 255 0 255 0
    255 184 255 255 0 0 0 255 0 255 255 115 255 0 0 255 255 255 0 255 91
    80 255 79 0 255 255 0 0 0 0 255 0 96 255 255 0 0 0 255 255 255 255 0
    255 0 24 0 170 255 0 0 0 0 68 0 255 255 0 192 255 255 255 0 255 0
    255 255 255 0 255 255 0 0 0 255 0 144 0 255 255 0 151 0 32 255 255
    255 0 0 14 0 131 13 255 0 255 0 227 255 255 0 0 30 0 0 255 255 0 0 0
    255 255 255 255 255 0 255 0 0 0 255 255 0 0 0 223 0 255 255 255 0 0
    0 132 0 54 255 255 224 255 0 255 78 255 156 0 185 0 255 0 0 0 255 83
    255 255 255 0 255 0 165 0 255 159 0 255 255 255 0 0 0 0 0 0 255 14
    255 0 255 0 255 255 255 227 0 0 178 255 255 0 0 0 0 255 212 255 0
    255 95 255 255 0 0 255 255 27 162 255 0 253 0 9 255 0 255 0 0 0 0
    255 113 255 246 148 255 0 0 171 255 255 0 218 0 0 100 107 255 60 255
    0 255 166 52 255 255 0 255 0 61 0 234 0 255 0 255 0 255 0 255 110
    127 0 255 81 0 223 255 255 255 0 92 146 255 68 81 137 255 222 0 0 0
    255 0 0 0 255 255 255 0 104 191 0 255 255 0 127 0 255 0 0 30 255 34
    255 151 0 0 0 0 0 255 0 255 255 255 129 0 0 0 255 255 255 255 109
    130 243 0 255 255 255 0 255 0 0 0 62 255 255 255 42 0 163 255 0 0
    255 255 0 55 60 255 0 13 0 255 0 255 1 255 255 60 0 0 255 255 255 0
    25 165 255 0 255 0 255 0 0 0 0 255 0 255 139 255 0 255 0 255 0 146
    255 0 0 0 0 255 255 0 0 255 0 0 0 217 255 255 255 0 0 0 255 255 0 78
    0 0 0 255 255 255 0 0 83 0 0 255 0 255 0 255 255 0 0 255 255 255 108
    0 255 0 255 0 68 255 255 0 255 0 0 255 24 45 0 255 255 255 166 0 0
    255 165 0 0 255 255 144 0 255 255 255 0 0 255 255 0 196 55 129 255 0
    255 0 255 170 255 0 43 138 255 0 0 255 18 255 0 255 0 255 0 0 147
    255 0 255 255 255 0 255 0 0 1 0 130 255 255 255 0 255 255 133 0 255
    0 0 0 255 255 255 172 0 246 0 255 118 255 32 255 255 111 206 255 0
    255 0 0 255 0 255 0 255 52 255 255 255 0 0 255 0 255 255 255 255 147
    255 0 222 0 0 0 0 151 255 0 255 0 0 0 255 0 0 0 255 0 70 0 0 0 255
    255 253 255 255 0 0 0 255 183 255 255 255 0 0 255 255 255 0 255 0
    255 0 255 255 255 0 0 255 255 255 238 255 0 0 0 255 0 255 0 0 255 0
    255 0 39 0 0 221 255 255 202 0 0 115 16 0 0 0 255 255 255 145 255 52
    255 0 0 0 255 255 0 255 255 179 0 149 255 255 47 0 252 0 0 0 255 255
    255 0 255 255 0 0 255 0 255 145 255 65 255 0 255 255 0 255 183 0 0 0
    230 255 0 0 0 255 255 0 142 255 255 255 0 0 220 255 0 255 255 255 0
    0 0 0 255 255 0 0 0 80 0 0 0 255 255 255 186 0 0 0 255 0 0 59 255 35
    255 0 255 0 114 0 0 234 255 255 0 100 0 255 255 0 183 233 0 0 0 255
    0 255 126 255 0 255 0 0 107 255 255 0 255 0 0 46 0 255 111 255 0 255
    0 0 0 0 0 255 255 0 255 0 0 0 255 255 255 255 151 0 255 140 100 0
    104 0 255 255 0 255 0 0 0 255 255 255 255 80 0 255 0 0 203 255 0 0
    24 255 0 0 255 255 8 255 0 255 137 255 157 255 57 255 255 0 0 0 0 40
    255 0 255 0 255 12 0 0 69 0 0 209 255 255 255 0 255 0 255 255 0 0 0
    98 255 255 0 4 0 255 231 0 255 0 0 0 255 10 0 255 255 255 255 0 0 0
    0 255 0 255 99 255 255 255 0 38 0 255 0 0 0 255 255 255 141 0 255
    255 255 255 255 0 0 0 255 255 255 0 0 255 255 255 255 0 0 0 255 0
    255 0 255 134 0 255 0 0 0 233 255 0 0 255 255 0 255 255 255 255 0
    255 255 0 255 0 255 0 168 0 0 255 236 0 234 0 255 255 255 0 255 0
    255 229 255 0 0 0 255 35 255 0 0 0 255 255 0 120 0 51 0 255 255 0 0
    0 255 255 255 0 0 0 222 0 0 32 163 0 255 188 176 0 89 255 255 0 255
    0 255 0 0 0 0 255 84 0 0 98 255 0 51 255 0 157 0 0 0 255 0 0 0 255
    255 0 0 0 255 0 255 0 174 0 156 0 255 54 227 255 14 0 33 30 255 255
    255 0 255 255 255 255 128 0 255 0 237 18 255 202 0 0 0 0 255 255 3
    33 0 118 0 67 6 255 255 0 0 255 0 255 209 255 255 255 0 181 120 84
    255 0 0 0 255 255 255 190 255 0 255 0 191 0 0 255 99 255 0 255 255
    255 0 0 0 106 122 0 0 255 255 255 255 0 0 0 255 0 91 52 255 56 82 0
    28 0 255 0 146 172 255 255 255 166 255 0 0 93 255 255 0 0 255 255
    255 0 255 0 255 119 240 120 0 255 0 255 255 0 255 0 255 0 255 255 12
    255 0 0 255 255 0 17 0 255 146 0 255 255 0 0 193 255 0 255 0 0 0 255
    255 255 0 255 255 255 150 171 0 156 0 255 255 255 0 0 0 255 255 255
    224 0 169 255 0 255 31 0 0 255 255 0 255 0 255 83 0 0 202 0 0 255
    255 255 255 0 0 0 0 0 184 74 255 255 94 0 0 67 255 0 0 0 95 131 255
    255 255 255 255 90 0 0 0 87 255 255 255 0 255 0 0 0 0 159 255 255 0
    215 182 255 255 255 0 0 0 255 0 255 255 255 128 182 147 0 253 255
    255 0 255 48 255 89 0 0 255 0 0 0 255 255 0 0 255 255 255 255 255
    255 0 18 0 255 0 255 0 0 30 255 255 0 0 0 47 255 0 255 30 0 0 0 0 0
    0 255 0 49 0 255 255 0 255 0 178 0 8 0 255 255 0 145 255 255 0 255 0
    0 198 255 255 255 239 0 0 255 255 255 236 255 0 0 0 255 255 0 0 87
    255 255 255 150 0 0 255 255 255 0 1 149 255 0 255 0 255 62 255 0 117
    71 132 255 255 255 175 70 0 0 0 0 255 0 0 0 0 255 255 85 0 255 0 255
    0 16 3 255 255 0 0 0 255 83 255 0 200 0 255 255 255 0 0 0 255 255
    255 255 255 0 255 15 28 255 88 255 0 0 255 255 0 218 255 37 169 255
    112 137 57 0 255 0 204 0 255 0 191 255 36 0 255 9 255 255 255 255
    255 0 0 0 0 0 0 0 0 255 255 40 0 0 0 0 255 255 118 0 0 255 0 0 203
    50 0 0 255 209 255 12 0 255 255 255 40 255 255 255 0 209 0 0 0 198
    255 0 0 0 255 255 135 255 0 52 0 188 115 255 0 65 0 0 166 255 213 33
    145 0 0 255 255 255 255 0 0 172 0 255 0 21 0 49 255 0 0 0 0 255 255
    0 0 110 225 255 0 255 255 0 255 18 255 255 255 35 161 0 0 0 0 255 0
    0 255 255 0 255 76 255 0 156 255 0 255 83 0 255 255 255 92 0 0 0 255
    0 0 192 255 255 255 160 255 0 255 0 0 0 255 255 81 0 250 255 255 56
    255 0 12 255 255 0 0 0 255 0 255 255 240 255 255 0 255 0 87 255 255
    212 0 0 255 255 255 0 0 255 255 255 255 221 4 0 31 69 255 0 0 0 0 0
    255 255 255 0 0 103 30 255 0 237 0 0 255 0 116 255 81 255 177 0 255
    255 255 0 255 255 42 0 255 0 0 255 33 35 0 255 0 0 255 164 255 0 88
    255 255 255 0 255 255 255 0 0 255 0 255 255 255 14 41 255 0 0 160 0
    255 0 255 255 0 0 53 255 255 255 0 0 216 255 255 0 0 234 7 255 0 0
    255 0 255 0 0 204 255 255 0 0 134 15 255 255 255 95 0 255 23 255 0
    255 255 0 0 0 255 0 0 0 255 129 219 0 255 0 38 0 0 255 255 255 0 255
    6 52 255 255 0 0 0 31 255 255 255 255 0 255 5 255 223 0 255 0 0 0
    255 255 255 0 255 255 255 0 255 0 13 0 255 0 251 0 0 255 255 255 32
    0 164 0 0 0 0 0 255 255 255 0 0 255 255 255 255 0 0 0 255 255 125
    255 220 0 0 41 255 255 0 0 0 141 194 0 255 29 255 0 255 255 255 33 0
    0 255 0 255 255 255 0 255 0 255 0 0 173 81 255 0 255 0 195 0 255 0
    171 0 255 135 255 0 255 0 255 224 179 0 78 0 255 0 255 255 90 0 69
    255 215 76 255 255 0 0 0 255 0 65 39 255 0 255 189 104 0 0 255 255
    255 32 81 0 0 134 255 255 73 255 0 0 237 255 255 0 99 255 255 255 40
    255 91 0 255 255 255 255 255 0 0 0 255 0 255 0 0 0 255 228 255 0 0
    46 0 255 0 255 0 255 143 255 0 255 0 0 0 255 208 255 255 0 0 0 255
    255 255 132 0 0 62 86 0 0 255 59 255 59 133 0 0 255 255 91 0 0 255
    255 255 0 255 0 0 0 255 127 69 173 255 0 255 255 141 0 0 0 255 255 0
    0 125 133 255 255 52 191 0 0 0 0 255 0 255 255 80 0 0 255 0 255 0
    255 97 255 0 225 111 255 103 255 0 255 255 255 0 99 96 2 0 255 255 0
    0 95 0 255 39 255 0 0 255 129 0 0 255 255 255 0 0 0 0 255 0 255 255
    0 255 0 0 255 0 255 255 255 26 0 0 0 255 255 0 255 0 99 255 109 255
    0 255 106 255 0 83 255 0 0 0 255 0 255 255 69 0 0 255 255 30 101 0
    255 255 255 0 0 0 255 255 255 0 2 255 0 0 0 0 7 255 10 255 255 0 0
    255 93 0 0 132 0 255 195 255 0 255 0 255 0 0 0 255 0 0 255 255 0 255
    0 95 0 255 48 255 255 255 0 0 0 97 40 255 0 255 4 255 0 0 255 255
    137 150 0 255 197 255 0 255 0 255 0 255 0 255 0 255 115 0 0 255 255
    255 0 5 0 255 255 255 0 255 255 255 255 0 255 0 0 0 49 0 255 0 255
    255 255 60 0 255 84 0 10 255 255 71 21 227 255 13 0 0 255 27 255 255
    255 23 255 255 0 255 234 0 0 255 255 255 242 0 156 255 255 0 0 255
    255 0 0 255 0 0 0 255 0 255 255 55 255 255 204 0 0 255 66 255 255
    255 0 255 121 255 0 0 0 255 255 0 0 255 255 255 0 120 96 255 0 0 0 0
    255 255 0 85 0 255 255 94 216 255 231 0 255 0 255 255 255 0 9 0 255
    0 255 255 0 0 251 255 0 0 255 0 255 0 255 255 255 0 0 255 122 0 0
    255 255 255 255 0 0 255 0 255 39 0 0 205 255 0 149 0 0 0 255 255 0 0
    74 255 0 0 255 38 255 0 255 0 26 0 255 19 127 255 255 255 84 0 214 0
    255 0 0 255 167 0 219 0 255 63 188 112 43 255 202 255 0 0 255 0 255
    255 0 0 255 0 116 0 255 216 0 0 0 0 255 0 0 4 255 222 0 255 0 11 191
    198 0 255 0 0 255 0 255 0 255 140 255 45 0 0 234 0 255 252 0 0 0 0
    90 255 37 255 0 255 124 0 0 119 255 255 255 255 99 0 0 255 0 0 0 154
    255 0 0 0 255 255 0 147 255 69 0 0 0 255 255 255 255 0 255 0 255 0 0
    255 255 0 0 0 255 255 0 0 255 0 0 0 255 0 255 28 255 89 255 255 255
    255 0 255 0 255 0 0 0 28 133 255 255 255 0 0 0 0 255 0 255 255 120 0
    0 217 0 255 255 0 255 255 0 161 213 0 247 159 8 0 0 255 15 255 65 0
    0 60 255 149 0 0 255 86 218 255 255 85 177 255 219 214 0 255 0 2 255
    255 0 255 240 0 0 255 255 0 255 38 255 34 0 0 109 80 255 255 0 0 255
    0 29 29 255 172 255 0 255 192 191 255 0 105 0 130 0 255 0 0 0 255
    255 217 0 0 255 64 0 255 0 69 255 0 0 255 255 255 0 0 255 0 61 20
    211 120 0 0 0 255 255 255 0 0 0 255 255 174 0 50 0 245 0 33 255 0
    137 0 255 255 0 0 255 185 255 255 0 0 0 255 255 23 0 0 255 255 255 0
    255 0 255 97 255 0 255 255 207 255 166 0 0 0 59 0 0 62 255 0 236 255
    255 255 198 255 0 219 0 0 255 74 255 255 255 255 115 0 255 0 1 255 0
    255 72 255 38 255 255 0 96 197 0 0 0 255 0 87 0 0 255 238 0 95 118
    255 0 0 238 255 0 54 255 235 255 0 255 0 0 0 38 255 140 64 255 0 0 0
    112 255 0 0 255 255 0 255 214 0 0 255 107 172 0 0 0 255 255 176 0
    255 0 0 0 0 187 0 255 255 255 0 255 85 255 0 255 0 0 209 255 0 255 0
    255 84 45 255 255 255 0 89 0 255 255 255 38 0 0 115 255 152 0 22 0
    181 255 255 255 53 0 255 0 255 0 255 0 0 0 255 255 0 0 255 255 255 0
    115 0 255 255 0 82 255 0 185 0 255 255 255 255 0 255 255 255 255 183
    255 0 255 255 255 255 255 0 0 0 0 0 255 0 255 0 119 255 0 0 0 255 0
    255 0 255 208 116 0 255 0 0 0 255 56 0 0 255 255 255 41 0 0 16 0 255
    0 0 0 255 0 0 0 255 144 255 0 50 122 255 0 255 0 0 39 255 255 255
    228 251 0 0 0 0 255 58 0 73 0 255 0 0 255 255 255 255 0 255 255 0 0
    0 0 255 255 255 0 0 0 255 255 255 0 0 2 255 255 0 118 0 255 255 0
    158 0 255 255 0 0 255 255 0 0 255 255 0 0 0 255 214 0 255 255 255 0
    0 123 255 255 255 0 0 0 255 0 255 255 255 0 0 0 255 0 140 0 105 0
    255 0 19 0 255 120 0 166 0 0 138 255 255 0 255 255 255 94 255 0 255
    95 158 0 0 251 0 0 0 0 68 83 0 0 0 45 255 174 0 0 0 0 255 0 0 0 0
    255 0 59 0 154 255 0 0 0 255 65 255 0 0 0 0 0 0 255 255 255 255 0 0
    71 201 255 0 255 255 255 118 44 255 120 85 2 0 255 255 255 8 255 255
    0 255 255 255 0 0 0 0 0 0 255 255 255 0 0 0 255 255 1 255 255 164
    255 0 0 255 255 255 0 0 255 255 255 255 211 189 0 255 255 0 255 0
    255 0 255 0 157 85 0 170 255 255 0 0 30 0 0 255 255 0 0 249 255 255
    255 0 0 255 0 136 255 255 0 0 20 255 255 255 0 255 0 255 255 164 223
    97 0 255 0 255 255 0 255 0 255 0 228 0 0 136 98 255 0 255 255 255
    225 0 255 0 0 0 255 255 255 255 0 0 0 0 61 255 255 0 215 0 255 255 0
    133 255 255 0 114 0 255 255 0 0 0 255 255 206 255 0 0 0 8 255 255 0
    0 0 255 255 255 255 0 0 0 141 37 255 0 0 255 255 255 0 0 0 29 39 18
    255 0 157 120 255 0 62 255 217 145 255 255 255 52 0 255 255 0 255
    250 255 0 0 255 0 255 255 0 219 94 236 0 255 0 74 0 255 0 0 255 237
    0 0 255 255 180 255 0 0 183 0 255 255 255 0 255 0 255 0 197 0 255
    255 0 0 255 0 0 255 214 255 161 0 144 0 255 153 255 0 255 69 255 255
    152 0 0 255 255 0 0 65 255 0 0 125 0 255 255 0 0 0 208 255 87 255
    255 75 255 0 0 39 52 255 219 255 255 255 0 0 0 0 255 0 255 0 0 0 255
    255 201 0 0 255 240 0 0 255 255 6 255 103 0 0 0 91 0 0 255 0 0 200
    255 140 0 0 255 255 0 160 48 0 255 255 0 173 255 255 102 0 147 255 0
    19 0 219 255 0 255 0 255 0 255 150 255 0 255 0 0 151 0 255 0 255 255
    249 0 132 0 0 129 206 255 158 255 146 189 255 255 146 0 255 255 255
    255 255 0 0 163 255 255 0 255 0 236 0 143 255 255 255 255 255 154
    255 0 0 232 255 255 255 255 120 0 189 0 223 255 0 0 0 255 255 255
    255 0 255 255 0 183 0 255 0 255 0 255 0 213 168 87 255 0 255 255 71
    0 255 0 255 0 255 0 255 255 255 0 97 255 255 255 0 0 255 255 168 255
    0 0 255 0 255 255 255 0 0 255 118 255 0 45 221 194 202 199 0 0 0 255
    255 0 255 255 255 255 0 94 0 255 0 0 0 22 0 0 0 255 168 122 0 0 0 0
    0 0 0 255 0 0 0 255 0 227 0 0 249 249 170 255 255 255 22 89 0 0 0 0
    255 255 255 0 123 0 105 0 0 255 0 0 193 255 255 0 255 0 255 0 181 0
    255 255 255 255 255 5 0 255 255 255 4 0 0 255 209 255 255 255 0 0
    255 0 255 15 255 0 0 0 0 0 255 100 255 0 0 255 255 0 177 0 43 0 198
    0 0 0 255 255 0 0 0 255 255 255 0 85 0 255 200 188 0 121 215 255 255
    0 255 0 255 255 0 0 212 210 186 0 246 255 255 0 0 255 255 53 0 0 255
    0 255 0 255 0 255 0 185 169 54 0 0 0 255 255 255 57 0 0 0 255 255 0
    237 0 255 255 45 0 255 255 255 255 0 0 121 255 255 255 255 0 0 0 255
    0 239 34 255 0 86 255 0 255 0 255 0 255 0 255 0 255 255 44 49 0 255
    255 0 255 239 255 255 107 0 41 255 0 130 255 255 0 0 0 0 255 0 0 0
    255 255 0 0 73 255 255 50 255 255 255 255 237 66 255 0 255 0 255 197
    255 255 204 0 0 35 255 0 255 0 0 0 0 255 0 255 0 255 195 255 255 255
    255 255 255 153 255 33 255 255 202 255 0 0 0 0 0 255 0 172 138 255
    255 0 0 0 0 255 255 255 0 172 255 0 186 54 255 0 162 49 0 255 0 255
    0 255 255 132 149 255 88 52 255 255 255 0 0 0 255 226 0 177 0 227 0
    255 255 255 61 255 125 0 0 255 0 255 255 255 255 0 200 255 0 0 255 0
    255 255 255 255 0 0 198 255 255 255 0 0 216 255 0 0 255 255 255 0 0
    255 255 30 237 84 0 255 39 255 0 0 0 255 255 21 255 0 207 255 255
    153 0 0 0 255 255 255 0 0 0 255 255 255 185 42 125 215 120 70 0 255
    255 0 68 255 115 255 255 0 255 255 198 0 220 0 0 108 255 255 0 255 0
    0 5 93 71 0 255 0 255 0 255 0 31 43 16 50 255 0 147 188 255 0 149
    255 255 0 255 254 176 255 168 255 0 255 255 0 255 255 241 212 58 255
    255 0 0 254 255 255 0 0 255 255 255 0 0 0 255 0 255 103 255 255 255
    255 0 0 0 255 255 218 230 255 0 179 213 255 255 0 255 255 0 0 0 255
    255 255 255 0 255 241 1 0 255 0 0 0 0 0 0 124 0 0 0 64 0 255 255 224
    0 0 255 255 244 255 0 255 59 255 0 255 255 255 0 255 255 255 155 0
    255 57 134 0 255 255 0 0 101 255 0 167 11 255 255 114 255 243 255 0
    255 0 255 11 0 255 0 0 255 255 255 0 0 0 255 0 0 0 255 200 255 0 255
    235 255 223 0 255 122 255 0 0 255 255 0 0 255 0 255 0 0 78 255 0 255
    0 255 255 255 255 0 0 0 255 255 0 255 255 0 0 255 0 255 0 0 0 255
    255 255 0 255 255 255 0 0 0 255 255 255 0 0 205 255 60 255 255 255 0
    255 0 0 219 0 255 0 255 0 255 0 0 105 0 255 0 255 217 255 255 0 0 0
    255 255 255 255 83 145 0 255 0 0 0 0 255 255 0 255 0 255 44 255 145
    255 49 255 0 0 0 255 0 255 255 255 0 0 0 255 117 163 0 0 170 255 114
    0 0 198 255 211 255 109 0 0 255 75 255 0 255 66 0 0 89 255 227 255 4
    255 255 255 0 0 255 255 0 255 131 255 0 255 62 0 0 0 255 0 255 0 255
    0 255 0 255 0 219 255 74 255 28 0 0 0 0 255 255 255 0 0 13 255 0 0
    255 0 255 0 210 0 255 93 19 255 0 255 0 0 161 255 89 0 255 0 255 0
    220 255 255 0 0 0 255 0 255 0 255 0 255 0 10 255 0 0 179 30 0 232 67
    255 215 231 0 255 255 0 0 0 0 255 255 255 255 255 70 97 0 255 255 0
    255 0 255 0 255 0 255 0 0 61 0 255 0 16 0 255 255 255 0 0 255 0 255
    0 71 255 255 0 202 91 255 255 0 255 0 255 0 255 0 81 19 0 255 0 255
    0 255 0 255 255 255 255 0 0 0 38 255 255 0 0 0 0 255 118 115 203 0
    88 255 255 255 0 0 0 255 94 255 0 255 227 255 115 0 0 0 78 255 255
    255 0 0 0 255 255 255 0 0 0 0 255 53 0 255 0 255 255 160 0 122 0 255
    255 143 175 255 0 0 255 243 173 0 71 6 246 255 0 0 255 255 0 255 171
    255 0 255 216 0 255 0 0 0 184 0 0 0 0 0 0 66 0 255 255 255 0 10 255
    255 255 87 207 0 255 0 255 42 76 0 0 162 0 0 0 0 255 0 255 219 0 0
    255 255 0 0 255 255 84 182 0 0 255 0 148 255 0 255 255 255 0 8 0 0 0
    255 179 0 0 0 209 0 17 255 255 255 0 0 0 195 0 0 0 124 255 255 0 0 0
    255 0 255 255 0 0 0 0 0 0 255 0 31 0 0 0 25 0 255 255 0 0 255 0 21 0
    0 255 112 255 91 222 0 255 27 255 0 0 255 255 255 0 0 0 0 246 0 255
    255 0 255 255 254 32 0 0 0 255 0 59 0 65 212 255 255 0 35 0 255 255
    255 0 255 0 255 0 0 0 255 255 0 255 255 0 48 122 0 0 0 224 82 255 0
    255 167 255 255 0 255 255 156 0 0 255 0 152 0 255 255 121 0 204 255
    0 255 255 255 255 81 0 0 0 255 255 255 255 0 0 255 0 255 0 82 0 255
    255 0 62 0 255 0 0 0 0 216 255 255 255 0 56 222 255 255 0 168 0 255
    255 18 172 0 0 255 0 255 0 255 0 183 0 0 0 255 255 255 0 255 255 255
    81 0 2 75 0 255 0 0 0 255 0 0 255 0 0 255 0 104 0 0 0 255 255 0 255
    255 255 12 0 255 255 255 255 0 0 0 0 255 255 0 223 228 255 255 0 255
    0 210 0 22 255 255 255 255 0 255 0 138 0 255 0 0 0 255 255 255 0 0 0
    255 0 255 0 146 255 255 0 255 255 255 255 0 255 255 0 0 0 255 207
    255 255 0 255 0 242 0 0 0 0 255 0 255 255 255 224 0 32 0 0 51 194 58
    0 174 167 255 0 0 0 228 115 255 0 255 218 38 133 215 255 0 232 0 0
    164 255 140 0 0 0 0 255 122 255 197 138 0 0 0 157 153 0 255 255 255
    0 255 255 37 0 0 0 0 203 0 0 134 255 255 139 255 54 0 0 0 233 255
    198 255 206 255 0 0 166 0 255 138 0 0 191 29 0 255 255 255 0 0 255
    255 0 24 0 255 0 0 255 0 255 0 0 149 255 0 255 17 0 255 135 255 0
    255 0 0 0 196 255 255 0 255 190 255 255 255 0 50 0 255 255 251 255 0
    255 73 255 255 255 255 255 0 0 255 123 255 0 97 0 80 255 255 0 255 0
    0 0 255 255 0 89 0 255 0 255 255 255 0 0 0 255 146 255 37 0 0 0 255
    255 255 0 255 31 194 0 255 255 0 0 0 0 182 16 124 255 255 0 0 0 255
    255 255 255 0 37 70 255 0 0 0 255 0 255 255 0 0 0 255 255 68 0 0 255
    0 255 0 255 0 0 0 0 255 0 255 255 0 0 0 255 55 234 0 255 0 255 104
    255 0 255 255 255 175 0 0 0 0 0 255 255 255 181 190 255 0 0 0 77 255
    8 108 0 255 13 255 0 0 255 0 254 251 255 255 0 0 0 255 2 255 40 255
    0 0 0 255 0 255 118 0 255 175 255 0 0 255 255 0 0 0 15 49 255 0 0
    255 0 0 0 255 255 255 255 255 180 0 0 0 255 255 255 255 35 0 0 195
    42 255 255 0 255 0 255 255 255 0 255 33 0 0 255 255 255 0 40 0 255
    85 0 0 255 93 255 0 0 0 0 242 255 0 255 0 255 60 255 0 144 255 255 0
    144 255 10 0 255 255 0 0 255 96 255 0 19 255 255 255 0 0 255 255 204
    255 0 255 0 255 0 255 0 255 215 255 0 255 0 155 93 255 255 255 0 255
    0 255 0 148 255 68 137 0 255 255 255 255 0 0 49 255 255 255 0 96 255
    0 120 0 255 0 79 0 255 255 255 0 76 0 80 255 255 128 96 0 255 255 0
    255 138 25 0 255 255 255 0 5 0 255 72 255 255 0 255 0 255 126 255 0
    0 168 255 255 255 171 255 255 0 0 0 0 255 255 255 1 255 0 0 255 255
    0 0 0 255 255 0 167 0 0 0 255 255 255 0 0 0 0 11 208 0 28 0 0 0 255
    0 0 58 255 0 0 0 255 255 255 0 255 255 0 0 255 255 0 92 255 255 255
    0 255 178 0 255 255 255 255 0 0 0 255 177 0 255 0 255 0 202 197 139
    0 255 145 0 55 0 82 255 255 96 255 255 0 62 0 255 136 255 255 201 81
    255 255 53 255 0 255 0 0 255 255 0 91 0 21 0 255 255 255 255 0 255
    255 200 0 255 234 255 255 0 0 116 83 255 255 86 0 121 255 0 255 0 51
    255 255 255 199 0 255 15 255 0 102 0 0 255 38 255 255 0 0 76 255 0
    255 0 0 0 255 0 255 0 131 255 255 0 255 255 0 255 255 0 0 199 235
    255 255 21 0 0 255 0 148 0 255 0 85 0 0 0 0 137 255 255 241 255 255
    0 255 65 255 242 0 108 0 47 255 255 0 255 255 135 0 0 0 255 255 255
    255 0 255 0 213 236 255 255 0 101 0 0 0 255 0 255 0 0 0 255 0 0 226
    255 35 94 0 255 255 255 0 0 255 0 206 10 255 255 255 0 53 255 255
    255 255 0 0 0 255 216 153 49 255 255 0 235 0 255 255 255 0 248 0 214
    0 0 255 255 255 144 255 66 6 255 255 0 0 0 255 255 255 0 255 0 253
    255 255 165 255 0 255 255 255 0 0 255 51 255 255 220 0 255 0 0 0 255
    0 255 255 255 255 0 193 255 255 255 0 0 0 131 255 255 251 0 37 90
    235 255 0 0 0 197 255 0 97 255 255 255 255 255 0 255 0 181 34 76 255
    0 238 0 0 0 190 146 255 255 0 255 255 0 0 255 255 235 255 0 0 0 255
    0 255 0 57 255 101 0 0 255 2 255 255 0 0 188 0 0 0 0 72 255 124 0 7
    255 0 0 0 255 255 255 0 226 255 0 17 255 0 255 0 55 193 255 255 0 0
    0 255 255 173 0 255 131 126 0 0 255 0 0 255 21 0 0 255 255 255 0 255
    255 148 0 255 0 0 255 246 212 0 0 0 255 0 255 0 42 131 255 105 255
    255 255 0 255 255 255 0 0 62 87 255 0 255 0 255 0 116 54 255 255 0 0
    23 201 255 0 255 73 220 255 208 0 255 0 255 0 0 148 89 189 255 0 255
    0 255 255 9 255 8 72 230 0 172 255 255 112 0 255 255 255 0 0 0 0 255
    0 255 255 0 0 0 255 0 255 255 255 255 0 0 255 0 255 146 255 247 0 37
    0 0 0 255 255 85 0 255 255 255 0 0 255 0 255 0 0 0 255 255 0 255 255
    255 255 255 255 255 0 0 0 0 255 0 0 0 104 46 255 171 255 162 0 0 0
    156 255 120 0 255 0 0 0 255 59 255 255 255 109 152 0 255 255 255 255
    255 3 255 0 255 0 127 0 161 255 0 255 0 255 109 255 0 0 255 0 143
    255 255 215 235 0 255 255 124 0 107 255 255 86 0 255 0 255 255 255 0
    0 255 255 255 0 0 198 0 255 0 0 0 255 255 225 0 0 0 182 255 0 255
    255 255 255 255 255 0 0 0 255 0 0 0 255 0 255 142 47 0 0 0 80 0 0 0
    46 0 0 249 255 49 0 0 0 0 0 0 255 255 0 0 0 255 0 255 197 0 182 255
    46 231 230 255 89 255 0 255 0 255 255 255 255 0 151 255 255 0 255 0
    255 255 255 0 92 106 255 255 0 0 22 255 255 221 0 216 255 172 0 0 92
    0 0 0 255 255 0 255 3 255 158 255 0 255 182 0 107 255 211 0 0 255 0
    255 255 48 181 0 255 0 182 0 0 0 0 255 0 255 0 0 0 0 0 255 255 255
    255 0 0 0 255 255 0 255 152 21 0 0 149 255 0 0 255 255 0 0 224 0 255
    74 0 255 255 255 0 20 0 0 255 255 255 41 255 0 38 0 170 255 0 255
    255 136 59 0 255 0 255 11 0 255 255 255 0 0 0 255 0 0 120 255 255
    255 255 198 97 163 0 0 255 255 0 255 210 255 0 0 255 255 255 0 255 0
    255 0 255 0 23 0 255 255 248 69 255 0 255 255 255 0 0 0 0 0 147 255
    255 0 0 255 0 255 39 255 0 0 255 0 0 255 255 255 255 0 255 255 255 0
    0 255 255 4 0 255 255 255 0 0 0 62 255 255 0 0 0 255 255 0 255 0 164
    0 0 255 225 255 255 255 0 0 0 255 205 114 83 0 0 255 255 245 255 255
    0 255 255 0 233 214 0 255 155 255 0 38 0 255 0 0 255 255 215 198 0 0
    255 255 255 255 255 0 77 255 0 211 0 255 0 255 0 255 227 255 0 0 0
    255 243 0 255 0 255 0 255 0 190 0 255 255 255 255 0 255 255 0 0 255
    31 0 255 87 0 0 47 253 0 0 255 0 80 110 0 190 255 255 4 255 0 0 0
    255 255 255 255 255 255 255 0 0 226 0 255 102 191 0 36 0 0 255 0 0
    168 255 255 255 47 255 0 255 255 255 0 0 255 255 133 0 0 0 0 255 255
    159 255 255 255 255 255 255 168 255 0 255 255 31 0 0 255 0 255 154 0
    0 199 89 0 139 255 255 255 0 255 0 255 255 255 44 0 255 0 0 0 255 0
    255 147 255 255 255 0 0 255 0 0 255 0 255 0 131 255 0 0 56 255 77 0
    255 255 255 255 255 55 0 0 255 0 144 255 227 255 0 255 255 161 0 0
    255 255 0 255 0 255 0 0 0 255 95 0 0 255 255 255 255 0 255 0 255 255
    255 0 0 0 255 255 255 0 0 0 255 0 255 255 255 255 255 0 0 74 0 0 255
    0 46 255 255 81 0 0 0 57 98 129 144 0 0 0 0 159 0 109 255 255 255 0
    0 0 255 165 255 255 255 0 0 0 13 129 0 255 70 0 155 0 255 0 0 255 0
    0 255 0 255 255 255 234 0 0 255 237 0 189 255 255 0 6 0 231 2 0 0 0
    255 255 0 255 0 255 0 255 177 164 206 0 221 0 255 191 0 0 255 0 157
    255 255 0 0 120 187 0 132 0 224 0 186 76 98 0 255 255 255 255 255 0
    0 0 32 255 255 255 218 0 255 0 0 0 0 0 71 0 255 255 34 0 0 255 0 109
    0 0 0 240 0 255 0 255 0 255 223 255 0 0 243 0 255 0 76 0 255 224 255
    0 19 34 0 255 255 255 0 0 255 255 255 0 255 0 0 3 0 0 255 255 42 0
    255 0 0 0 0 255 37 255 0 39 0 100 0 0 255 255 226 0 0 255 0 0 255 0
    0 0 255 255 0 122 39 255 255 0 0 0 187 174 255 0 255 0 255 0 255 184
    41 255 255 255 255 0 146 0 125 255 255 0 0 0 255 60 0 0 0 255 255 0
    0 255 0 189 0 255 255 255 205 255 0 218 0 255 255 0 0 0 255 0 255 0
    0 0 255 255 0 0 0 206 0 255 67 255 0 48 0 0 0 255 255 106 255 255 0
    255 255 210 0 255 0 255 19 255 0 255 255 59 0 255 255 255 0 233 255
    95 81 0 255 255 255 255 255 0 255 0 255 120 0 0 0 255 255 255 0 0 0
    0 255 255 0 0 255 0 228 255 255 0 0 255 255 255 255 0 0 0 255 0 115
    0 229 0 0 98 255 255 255 255 0 169 255 255 255 0 254 255 239 0 0 255
    255 255 159 0 0 255 255 236 231 160 0 255 0 180 0 255 0 255 167 0
    255 255 0 255 255 0 48 255 255 255 0 255 0 0 0 0 255 255 255 0 0 91
    255 235 0 0 0 255 179 0 255 0 0 0 33 255 0 255 255 255 93 91 127 62
    255 255 255 0 0 255 255 0 0 41 255 255 255 0 0 61 0 157 255 255 0
    225 255 255 145 255 0 255 0 0 0 255 255 123 0 0 255 143 205 255 0 44
    0 0 15 255 255 255 119 77 0 255 0 255 0 255 255 0 0 0 255 238 53 0
    255 0 130 255 0 0 168 255 255 108 0 215 0 255 0 0 0 0 255 0 255 47 0
    255 255 255 0 0 0 255 255 91 255 0 0 255 0 0 0 0 93 100 255 93 255 0
    0 0 255 255 255 0 236 0 212 205 255 255 0 0 0 0 85 0 255 255 255 0 0
    0 33 255 0 255 0 255 255 0 0 0 0 255 255 0 139 206 255 255 233 255 0
    0 0 255 255 0 0 13 255 92 0 0 255 255 255 0 255 176 0 0 0 0 86 0 0
    255 0 255 221 0 0 255 255 255 232 0 0 255 254 0 0 255 255 0 0 0 209
    0 255 255 160 255 0 0 0 0 0 255 233 48 82 0 255 0 163 255 66 28 0
    222 255 12 0 233 0 255 0 0 0 0 255 255 255 234 255 0 55 0 0 255 135
    64 228 0 255 255 255 218 0 0 139 255 0 18 0 255 0 255 0 255 255 255
    0 0 0 255 0 255 0 255 0 0 255 255 255 0 0 0 169 255 255 255 255 255
    114 255 0 0 255 0 0 27 255 255 0 255 0 0 0 255 202 31 255 0 255 255
    255 255 0 50 177 0 0 255 255 255 0 69 40 255 0 255 0 255 255 86 0 0
    0 255 0 0 255 255 255 89 231 255 255 255 0 0 99 255 255 0 0 0 0 143
    255 178 255 2 255 0 255 255 0 255 36 211 0 0 255 0 135 0 255 255 0 0
    55 255 255 103 255 0 255 0 255 0 167 145 255 67 255 4 255 0 0 0 255
    0 97 255 0 0 0 202 255 255 0 0 19 255 255 19 79 0 129 3 0 255 16 143
    0 186 255 255 0 0 255 151 239 255 57 0 210 0 0 0 0 141 50 255 0 255
    28 255 0 73 255 255 24 0 0 78 255 0 253 0 255 0 255 0 255 255 169
    255 255 0 0 255 255 0 0 0 255 255 0 0 221 255 255 255 0 255 255 6 0
    0 0 0 0 0 0 255 0 255 4 255 0 255 0 0 0 0 239 255 255 255 0 55 81 66
    255 86 255 232 0 255 255 0 255 71 255 0 255 0 255 0 221 14 255 255
    255 0 0 85 255 0 255 255 0 79 255 255 0 255 0 255 235 255 0 255 0
    255 67 0 0 255 255 208 0 198 255 142 0 0 255 255 0 255 0 255 255 0 0
    255 255 0 255 157 255 0 39 0 255 0 255 140 255 0 100 0 255 255 255 0
    0 255 255 186 255 0 98 0 167 255 255 255 0 255 40 255 255 255 255 0
    0 255 255 0 255 0 74 0 0 208 255 255 0 0 0 0 0 58 255 242 255 0 255
    0 0 0 0 255 255 0 255 0 0 0 86 255 255 255 166 0 184 0 0 255 0 63
    255 0 255 255 255 255 0 220 203 0 197 0 255 0 0 255 0 255 0 255 0 0
    0 0 255 255 205 202 0 255 0 255 255 255 0 233 0 255 0 0 255 255 255
    255 0 136 193 0 255 0 194 255 0 0 189 0 0 0 0 255 0 0 0 191 0 0 44
    255 255 255 0 255 191 0 0 19 255 255 255 0 0 0 0 255 255 255 255 255
    0 255 255 0 0 0 0 0 0 255 255 123 255 0 255 0 255 151 255 0 0 214 0
    0 0 0 255 255 255 255 255 0 0 0 200 21 255 0 0 0 255 255 255 255 0 0
    255 157 255 0 246 0 255 255 255 0 71 0 0 255 0 0 215 255 0 0 167 255
    255 0 255 0 205 0 255 0 0 167 255 255 0 0 0 255 0 255 0 0 89 0 0 0
    255 255 0 255 255 0 0 255 255 84 0 255 255 255 0 255 0 255 0 255 0 0
    0 255 0 71 0 0 255 70 255 0 255 61 255 120 255 156 255 6 255 255 81
    99 255 0 255 255 0 0 255 0 255 255 255 255 58 153 255 255 255 255
    100 254 0 71 255 224 34 0 255 0 255 0 0 0 0 255 0 243 0 255 0 255
    180 0 255 255 255 0 73 0 255 255 0 0 78 255 255 255 0 12 255 255 255
    255 0 0 0 57 255 0 255 0 255 255 255 104 255 0 255 255 255 0 255 0
    255 0 255 255 0 0 255 255 255 0 0 255 0 255 255 0 190 255 255 0 107
    0 106 0 255 255 0 255 160 255 0 255 0 255 0 255 0 0 0 255 255 239 0
    255 255 255 0 0 0 255 255 0 255 0 255 255 165 133 0 255 0 215 3 0 0
    0 47 180 255 255 194 120 255 255 49 0 255 255 182 255 0 255 255 0
    255 0 255 255 255 224 255 0 241 0 0 255 0 255 238 255 254 255 15 88
    255 0 212 255 170 0 0 0 255 255 255 171 0 253 255 255 255 255 255 85
    0 255 23 0 255 255 255 255 216 118 255 255 0 255 0 13 214 255 255
    137 255 255 255 0 0 0 0 24 255 0 0 255 0 255 0 255 255 0 0 255 203
    255 0 0 0 255 0 255 255 255 0 0 255 255 255 0 255 188 143 255 255
    255 0 255 255 0 0 0 255 255 216 129 255 255 255 76 127 255 255 0 0
    255 217 255 255 0 0 0 0 255 255 255 0 226 0 255 255 255 255 255 255
    0 0 114 0 255 0 255 0 255 0 255 0 255 255 255 255 241 0 0 0 255 0 0
    250 255 0 255 255 0 255 0 255 0 255 0 220 197 255 230 0 0 0 0 175 0
    255 255 173 255 50 255 0 0 88 255 255 255 0 0 0 255 85 255 255 255
    255 255 255 0 126 0 0 0 255 255 255 255 255 255 0 255 195 0 0 0 0
    255 181 32 0 255 255 15 0 255 67 255 0 0 255 255 255 255 17 255 0 0
    0 255 255 147 0 0 0 93 255 120 168 255 255 0 0 190 5 255 255 255 0
    255 255 140 255 0 0 0 255 0 0 0 255 255 0 242 255 139 0 0 255 202 0
    0 0 255 255 58 0 0 0 255 255 255 0 0 255 255 255 0 0 0 0 255 255 255
    0 0 0 0 255 148 228 0 255 0 152 255 31 82 0 255 0 220 255 255 255
    255 255 255 0 255 0 255 0 0 255 0 255 10 255 153 0 255 0 255 63 255
    255 132 241 255 211 255 0 0 255 255 180 93 13 0 117 1 255 255 242 0
    151 255 0 255 0 105 0 255 0 255 255 32 0 255 255 255 0 0 255 255 255
    0 0 0 251 231 255 0 255 255 0 255 65 255 0 255 255 255 255 0 255 0 0
    255 5 0 0 0 255 255 0 158 255 91 255 0 255 255 255 236 255 0 13 255
    255 255 0 0 235 255 255 0 0 0 255 255 255 255 255 0 0 255 0 0 0 255
    0 0 0 255 255 0 0 181 235 255 255 255 255 0 83 100 0 0 0 255 0 162 0
    255 255 98 140 112 255 255 255 0 255 0 0 0 255 255 0 7 255 255 0 0 0
    0 0 0 255 0 255 0 0 0 176 255 0 255 109 0 181 255 80 0 0 167 255 255
    75 0 35 0 0 255 0 103 0 199 255 255 168 255 255 0 255 0 0 0 255 0 0
    121 255 255 255 0 0 0 255 0 0 0 7 255 255 0 0 0 0 252 0 0 196 255
    255 82 255 11 255 207 255 0 255 76 0 0 0 255 255 0 0 0 79 0 0 0 0 0
    255 0 255 0 62 143 255 255 0 0 0 255 255 0 8 255 255 255 0 0 255 0
    104 0 255 4 255 0 255 255 255 0 0 255 255 0 0 0 255 237 255 13 0 133
    35 255 16 255 255 0 121 0 255 255 24 0 0 103 255 0 163 232 232 0 255
    0 255 0 255 103 0 255 255 255 0 255 0 255 0 0 0 38 0 255 255 255 255
    0 88 255 0 0 0 255 255 0 255 0 255 0 0 0 95 255 255 0 164 23 0 0 255
    69 255 0 255 0 255 0 255 0 0 0 255 136 255 255 255 255 44 0 0 210
    255 255 0 0 0 255 0 167 0 255 255 255 255 0 0 78 57 219 0 13 0 0 0
    174 255 214 255 255 0 0 0 255 255 255 0 0 0 93 255 0 0 255 171 26
    255 0 255 144 125 0 0 0 16 0 111 0 255 0 255 0 255 255 255 255 255
    196 0 90 255 2 0 0 98 255 0 255 55 223 255 255 0 0 255 0 255 0 78 0
    0 0 0 255 255 255 46 0 0 0 255 255 255 0 255 255 12 0 255 0 255 0
    255 0 255 255 0 255 0 151 178 164 255 255 255 0 0 0 255 255 0 0 255
    255 9 113 255 0 0 172 255 0 0 0 255 255 0 0 0 255 0 255 0 255 255
    255 137 99 0 0 0 0 255 255 255 255 138 0 0 117 255 0 255 146 255 255
    0 0 0 255 37 49 0 0 255 0 255 0 255 0 255 0 255 0 0 0 255 0 255 0
    214 0 255 0 114 255 0 255 106 255 0 255 0 0 0 0 0 103 37 0 255 255
    105 0 0 0 248 255 158 0 63 255 209 0 0 180 0 255 255 255 0 255 0 0 0
    255 0 255 0 255 0 0 19 255 173 26 0 0 255 255 255 255 0 0 255 0 54
    255 0 129 0 255 255 0 42 0 255 255 0 255 0 0 190 0 255 255 255 0 255
    218 255 255 255 255 0 255 255 0 0 0 0 255 255 255 255 0 255 0 0 255
    127 255 27 255 0 16 255 255 0 255 0 255 0 255 255 255 255 117 0 255
    255 255 0 89 255 0 0 255 0 255 0 255 0 0 255 255 0 0 0 0 0 0 0 255
    255 255 0 0 255 0 0 0 255 255 0 255 0 0 255 255 0 255 233 255 0 177
    255 0 255 0 255 134 255 255 255 255 29 0 255 0 255 143 255 255 0 255
    89 177 153 0 0 255 0 0 255 255 255 0 0 255 255 255 79 255 255 0 79
    255 30 16 0 0 255 0 0 255 0 101 255 255 122 250 255 0 212 255 255 20
    0 58 179 255 125 0 1 59 0 255 255 255 0 19 0 0 0 0 184 97 255 255 32
    30 0 255 170 0 0 0 0 255 255 0 91 0 168 0 0 174 255 0 255 61 152 163
    163 255 255 255 0 0 255 0 9 61 255 255 255 255 255 225 219 92 153 0
    105 255 0 77 255 255 0 0 0 255 255 0 255 255 214 0 121 0 0 0 0 255 0
    0 244 255 0 0 0 20 0 255 0 255 255 72 0 0 0 255 255 255 255 255 0 0
    0 0 0 255 175 194 255 255 0 255 68 255 167 0 255 51 255 0 66 0 0 255
    0 0 0 255 255 255 255 0 201 0 0 61 255 255 255 40 0 255 255 255 0
    255 0 255 0 0 255 0 255 0 255 0 255 255 255 0 0 255 255 255 0 153 0
    0 0 0 255 255 255 0 0 255 255 255 237 0 0 0 255 0 255 0 255 0 255
    196 255 145 0 220 170 58 0 255 255 0 0 255 255 255 255 255 1 0 0 255
    0 255 0 0 255 255 169 255 29 0 0 86 255 255 0 255 187 18 255 0 200
    189 175 0 255 0 222 0 0 0 0 33 0 0 0 207 255 0 0 211 255 233 0 255 0
    255 255 111 0 34 0 118 0 132 67 255 190 255 0 202 0 0 255 36 0 0 0 0
    0 0 255 255 255 60 184 84 255 0 255 0 255 255 255 0 0 0 255 2 0 0 0
    255 255 27 255 255 0 0 0 255 48 0 0 255 0 219 0 0 0 74 255 255 255 0
    255 0 20 0 255 0 255 0 185 0 255 58 255 0 75 255 255 164 220 255 0 0
    0 255 255 0 255 72 100 0 255 255 204 255 134 0 0 255 255 0 0 0 255 0
    255 255 255 122 0 0 255 0 255 0 255 82 99 0 0 0 0 255 255 255 255
    255 185 28 255 0 0 255 0 255 0 255 0 0 255 0 0 255 0 255 0 71 42 255
    178 126 0 0 255 255 0 0 0 255 255 255 0 223 0 0 0 255 255 255 0 255
    0 255 0 0 255 255 255 0 0 255 0 255 0 255 0 123 0 41 0 0 255 0 255
    228 0 20 0 0 220 255 0 255 0 231 0 143 0 0 255 255 131 146 255 0 0
    255 255 255 0 0 99 128 0 0 255 255 0 0 0 255 0 12 255 255 255 255 0
    0 0 255 0 255 255 255 0 255 0 0 166 0 255 0 210 0 0 255 255 255 0 0
    102 255 0 0 0 0 255 255 0 193 255 72 118 0 0 255 0 0 0 255 193 255
    46 0 0 229 255 0 255 255 255 255 255 0 255 0 255 0 255 137 255 0 0
    255 255 255 0 255 255 214 0 0 255 255 255 255 0 0 0 110 0 239 102
    255 108 255 95 0 255 255 255 55 0 0 66 0 0 255 255 255 0 0 0 255 0
    255 0 255 255 255 0 255 0 255 0 255 0 0 255 255 255 0 0 0 255 255
    255 0 0 206 255 255 0 0 0 172 255 0 255 77 0 0 66 81 255 0 0 196 206
    255 180 255 0 0 172 154 255 255 255 255 0 0 255 255 255 0 255 0 255
    85 102 255 87 0 0 255 255 255 160 200 208 0 9 0 255 160 255 0 255 0
    255 0 255 96 255 0 0 0 0 0 25 0 255 191 0 0 0 255 133 0 0 199 247
    255 0 255 255 0 0 255 255 255 0 255 255 0 0 255 255 255 0 255 0 255
    0 0 255 255 211 0 255 0 255 255 0 0 255 255 255 255 212 0 10 255 103
    255 0 255 255 0 255 0 255 0 255 0 67 246 255 255 255 0 255 246 171 0
    255 0 255 0 255 0 0 0 255 0 255 0 255 0 255 255 255 0 255 0 255 0 0
    255 255 0 0 2 255 255 0 0 0 0 255 0 0 0 0 255 255 184 0 255 0 0 255
    0 0 0 231 255 255 208 0 255 255 148 255 255 0 255 255 141 255 0 0
    255 0 255 255 255 0 255 255 0 255 0 255 255 0 0 0 87 255 0 0 0 255
    255 255 255 100 0 0 255 255 0 62 0 255 255 0 236 0 255 255 255 0 0
    255 255 43 255 0 198 0 0 0 210 255 0 255 79 255 0 0 0 67 255 26 20 0
    0 0 0 255 255 251 0 0 255 97 0 0 255 255 255 255 26 0 142 255 255
    255 255 0 255 188 0 143 255 161 255 0 0 0 255 255 255 0 255 0 255 0
    255 0 255 255 255 255 49 255 0 0 0 255 255 0 255 0 255 0 0 0 121 255
    255 255 0 255 0 255 0 255 0 0 6 16 0 179 0 255 225 255 0 0 0 255 217
    255 0 255 255 255 0 166 255 120 0 255 255 255 0 0 0 0 0 255 0 255 0
    109 255 255 255 0 0 0 0 255 255 255 0 185 50 255 0 255 255 255 0 0
    245 0 255 255 255 255 87 255 255 0 0 0 255 255 255 0 0 0 255 255 0
    53 255 255 221 255 93 0 0 255 255 255 0 0 0 255 255 255 167 0 255
    255 255 255 0 0 40 255 71 0 255 255 0 0 255 255 255 255 255 0 0 0
    255 255 254 0 141 53 0 255 121 255 0 255 0 0 255 255 0 0 0 255 255 0
    255 0 0 0 255 255 0 0 255 255 114 0 0 255 0 0 0 255 255 0 0 255 255
    0 255 90 255 0 0 255 0 0 0 255 255 255 255 0 0 0 255 255 255 147 255
    0 0 255 255 255 255 85 0 255 255 255 0 0 0 0 0 190 255 0 0 255 255 0
    0 255 0 22 189 0 0 0 234 255 255 0 255 0 255 255 5 245 0 255 52 255
    255 255 0 0 255 254 255 29 255 242 0 0 0 255 0 255 0 0 255 255 255 0
    202 255 0 255 255 24 61 255 207 0 0 0 255 255 0 255 255 235 140 0
    255 0 255 0 255 168 255 255 255 1 130 255 0 255 17 255 255 0 0 255
    255 255 255 255 255 0 159 0 255 0 207 0 11 255 65 255 62 255 0 255
    255 255 0 0 0 255 255 0 29 255 255 0 4 164 0 255 0 255 0 0 249 255
    255 0 114 0 36 0 122 255 255 0 0 255 101 0 0 255 255 255 0 0 177 255
    255 0 0 255 0 255 0 255 0 255 0 255 41 255 0 255 255 0 255 158 255
    33 0 0 0 255 255 148 255 0 0 0 0 72 255 154 22 0 255 255 0 0 0 255
    253 255 0 235 0 240 164 108 33 74 255 255 0 0 0 0 163 0 255 255 255
    0 0 1 191 255 116 0 255 0 255 182 182 255 0 0 209 95 255 0 0 0 0 0 0
    255 183 255 24 255 164 79 255 255 0 17 0 255 255 255 0 0 35 255 135
    255 255 0 80 0 0 255 255 0 255 0 255 0 0 0 255 255 255 0 255 241 255
    0 255 255 255 0 0 8 255 255 255 0 0 255 139 0 0 255 181 0 255 0 255
    0 255 0 0 150 215 255 0 120 0 255 255 255 255 255 55 0 163 0 255 255
    255 0 255 0 222 0 0 0 142 255 0 0 80 0 255 255 11 0 255 0 255 255 0
    255 0 0 63 0 255 187 255 0 22 255 0 255 0 255 0 0 0 255 255 255 85 0
    0 255 255 0 0 0 0 255 0 173 255 22 255 0 0 255 255 255 0 0 255 0 255
    66 255 0 255 0 255 0 0 0 71 0 0 218 0 0 255 193 255 245 255 255 0
    255 0 0 0 0 255 255 246 0 255 255 0 0 0 255 255 255 255 255 0 255 0
    255 255 255 255 0 0 0 255 0 255 255 0 255 0 204 255 255 255 29 255
    255 255 0 0 0 0 0 255 255 0 0 255 255 0 22 0 0 0 82 255 0 94 0 255
    255 255 0 197 202 255 31 255 0 255 124 39 255 251 255 159 255 144
    255 0 0 22 0 255 255 0 0 0 255 255 255 117 0 0 255 0 255 161 255 246
    255 133 169 0 0 0 255 255 0 0 0 255 0 135 255 255 0 0 0 158 0 255
    255 78 255 0 255 0 170 255 0 162 0 239 0 255 0 255 0 0 36 255 255
    255 0 182 0 198 214 255 255 255 203 0 0 0 9 255 0 241 0 80 0 0 255
    255 0 255 255 255 255 255 104 255 0 19 0 255 255 255 236 255 255 255
    255 255 0 255 0 61 255 0 0 0 255 255 231 255 0 228 255 255 0 195 0
    255 127 255 0 0 255 0 0 255 255 255 0 255 0 0 0 255 8 255 255 0 0 0
    255 255 0 0 0 255 0 104 0 201 0 255 0 0 0 0 0 90 0 255 0 255 0 0 0 0
    255 0 255 0 144 0 169 255 255 205 106 0 255 255 100 0 0 238 198 0 0
    255 255 0 0 0 245 0 255 147 255 0 255 76 255 0 255 0 86 0 255 255 0
    255 0 185 255 255 0 255 255 142 0 122 255 255 255 0 255 255 255 0 99
    0 255 255 255 255 255 255 0 0 255 255 255 255 0 0 21 0 73 0 0 255 61
    255 255 255 38 5 255 0 123 0 255 198 255 255 255 99 95 255 0 255 0
    255 0 255 255 0 0 0 255 255 0 53 0 255 255 255 255 0 255 0 0 0 0 255
    255 0 255 165 0 0 255 0 0 0 255 255 255 0 174 93 255 255 229 0 0 255
    255 0 0 0 0 255 137 0 63 0 255 0 255 0 255 255 0 0 21 0 0 255 0 255
    255 158 183 255 18 0 255 0 255 255 0 240 0 0 34 255 0 0 0 64 255 255
    0 255 0 0 0 195 255 255 255 0 255 218 0 0 0 255 0 0 0 255 255 37 255
    0 0 10 255 0 31 0 255 224 255 0 0 173 255 0 0 255 0 0 0 0 255 0 0 0
    255 255 0 255 27 255 197 20 65 129 12 0 0 0 0 189 0 255 255 255 0
    255 255 0 0 0 110 119 219 0 255 255 0 0 0 255 255 255 131 0 0 0 0
    255 0 255 255 0 0 255 255 0 0 255 0 255 24 0 255 255 14 255 0 255 0
    129 17 255 255 255 0 19 255 0 145 67 255 255 255 0 255 0 215 0 255
    255 255 255 212 255 255 0 148 17 0 0 221 255 45 255 0 255 0 0 0 255
    0 0 0 0 255 252 0 255 0 0 255 19 255 0 0 183 0 255 255 86 0 0 0 255
    255 255 0 255 0 255 0 38 255 0 57 2 255 0 255 255 240 228 58 0 255
    255 255 117 210 255 255 0 0 0 255 255 93 123 255 239 0 255 255 255 0
    0 0 0 255 108 255 0 121 0 0 255 255 0 0 0 164 20 0 255 202 0 50 0 0
    0 53 255 255 0 3 0 255 255 255 0 106 0 255 255 121 0 0 255 21 60 93
    255 255 0 0 255 255 255 255 226 0 0 242 0 255 0 0 0 0 0 255 255 0 0
    0 255 0 0 0 235 255 0 255 255 255 0 5 255 71 215 0 2 0 255 0 186 60
    37 0 162 255 0 192 0 0 0 255 255 0 0 60 0 97 0 255 0 255 6 0 0 255
    255 255 0 94 255 255 0 255 255 0 0 0 255 0 178 0 0 155 255 0 0 77
    255 0 255 0 94 0 255 255 0 0 213 0 255 255 255 0 0 177 0 127 255 0
    255 255 255 0 0 255 255 255 0 255 255 255 0 0 0 255 0 0 0 255 108
    255 255 227 0 0 255 229 0 58 0 0 0 134 0 255 255 255 255 0 255 236
    255 152 0 0 255 255 255 0 0 0 255 255 173 255 0 255 255 242 0 255
    255 108 28 0 0 255 255 255 255 255 58 0 93 255 0 24 0 255 0 255 0
    255 255 255 0 6 0 255 255 255 0 0 0 37 255 255 255 253 255 0 255 0
    255 255 16 0 255 0 255 255 255 0 30 0 255 255 255 0 0 0 0 228 0 174
    123 255 0 0 0 0 0 255 255 255 0 255 0 0 0 255 0 0 0 255 255 255 255
    139 130 255 0 255 0 255 60 0 255 0 255 255 0 255 0 0 0 0 255 12 182
    255 0 255 255 255 132 180 0 255 255 255 63 70 61 0 129 255 144 0 0
    255 224 255 0 53 0 0 0 255 255 0 59 0 255 255 0 5 42 255 246 0 0 255
    17 0 156 255 255 255 159 0 46 255 255 255 249 0 255 0 255 215 0 0
    255 255 75 0 255 255 0 255 0 255 0 255 229 255 0 0 0 255 103 0 0 10
    0 255 0 0 0 255 231 255 0 0 0 0 255 139 255 255 255 0 202 255 255 0
    0 0 0 255 255 255 255 255 0 255 255 255 0 0 255 255 255 255 255 0
    255 0 0 7 255 0 255 0 0 175 255 255 255 104 255 0 255 0 0 0 112 255
    90 255 252 208 80 92 100 232 255 0 0 0 0 255 0 255 0 255 0 0 0 255
    255 179 210 180 0 0 0 255 255 255 246 0 113 0 0 159 79 211 0 4 0 255
    0 255 255 255 0 255 0 255 173 118 255 0 230 0 0 113 255 255 0 255
    255 255 0 0 173 255 158 0 0 51 200 0 16 0 255 255 180 0 145 255 146
    255 60 255 0 46 0 0 255 255 171 0 255 255 255 0 0 0 255 255 255 255
    255 255 0 0 255 51 120 0 18 255 255 0 0 255 255 0 238 255 0 59 0 255
    0 255 59 255 0 77 255 255 115 0 251 255 200 0 0 196 0 106 232 8 0
    255 206 255 0 100 168 81 255 201 0 0 0 87 255 255 255 73 0 0 0 164 0
    165 0 255 251 61 158 255 255 165 0 255 255 116 0 0 255 0 0 0 0 0 255
    0 255 0 0 0 255 255 83 0 0 0 255 0 0 0 255 0 255 37 156 255 0 0 34 0
    0 0 89 255 0 151 147 0 255 177 0 0 52 0 255 255 255 255 90 0 0 255
    116 255 255 255 0 0 0 47 255 255 0 0 0 192 255 0 255 255 255 255 0 0
    0 255 0 255 0 0 0 141 255 255 0 0 150 255 255 0 0 255 0 0 0 255 0 0
    255 255 255 229 0 0 255 255 255 255 0 255 0 255 255 255 0 72 0 255 0
    0 0 255 0 255 0 0 0 0 255 255 255 255 0 0 234 0 255 0 255 0 0 255
    255 56 255 0 0 0 0 255 101 255 0 255 228 255 0 255 255 0 179 255 255
    255 255 255 0 255 0 0 0 255 172 255 0 3 255 0 0 0 255 25 0 255 238
    216 0 255 0 1 234 0 255 255 255 0 255 0 0 0 255 0 0 0 211 255 255
    255 31 156 0 0 0 255 255 0 0 0 255 60 255 0 0 0 0 255 255 224 0 40
    255 57 0 0 0 255 255 255 0 255 255 255 35 255 146 255 115 248 0 255
    0 255 0 255 144 0 255 0 35 0 255 0 0 255 0 97 255 197 0 0 255 255 60
    255 0 255 0 255 247 0 0 255 0 255 0 255 255 255 0 0 255 255 255 199
    0 0 0 0 0 255 181 0 255 0 255 0 0 80 255 255 27 40 0 168 0 178 255 0
    0 0 0 228 209 255 255 161 0 0 255 254 0 0 255 0 255 0 255 0 255 0
    255 0 255 0 0 0 255 0 0 0 255 20 255 0 0 255 0 245 0 180 255 86 0
    232 255 0 0 0 0 255 255 255 0 0 0 255 255 0 0 255 255 0 255 255 0 0
    215 0 255 0 255 0 255 255 255 176 255 255 0 129 156 0 0 255 255 0 0
    255 255 55 0 255 0 204 0 255 0 233 0 255 0 0 0 255 255 255 0 0 79
    227 255 0 255 0 0 1 0 113 255 0 75 255 255 255 0 236 0 255 154 255
    255 241 0 0 0 255 196 0 255 32 0 0 0 0 255 0 148 0 69 0 0 0 0 0 168
    8 0 0 0 255 0 255 0 255 1 173 244 249 0 0 0 0 255 198 255 255 255
    255 0 255 255 0 14 138 255 119 0 169 0 96 255 255 0 157 81 0 248 0 0
    255 50 255 0 255 0 255 255 255 176 0 57 255 0 0 173 0 255 0 255 0
    255 0 0 0 0 160 0 255 0 0 0 0 255 255 0 0 0 255 0 255 28 0 0 255 255
    255 255 37 0 0 255 255 255 255 0 0 0 255 255 255 0 255 0 0 0 255 232
    228 0 255 255 255 181 0 255 255 0 255 0 255 255 255 255 255 0 255
    255 255 255 0 117 0 0 0 0 97 255 38 0 255 255 0 158 0 255 255 0 0
    255 0 255 0 0 0 0 230 255 100 255 255 0 0 70 252 0 0 120 255 255 176
    0 0 79 144 255 255 0 245 0 247 255 0 18 255 233 0 0 255 255 255 255
    0 155 0 255 255 255 0 255 0 255 0 0 92 193 0 0 0 255 255 0 86 0 255
    0 0 0 255 255 255 0 0 0 0 255 231 0 0 255 0 0 0 255 255 0 106 0 255
    0 0 50 255 255 0 255 255 0 133 255 0 255 0 255 74 255 0 255 0 255
    162 255 73 255 0 255 239 255 0 255 255 255 0 202 252 255 0 95 67 61
    255 255 255 39 0 174 255 255 255 122 255 0 0 0 255 102 255 0 147 160
    255 255 255 0 255 0 228 0 255 0 255 255 255 0 0 0 75 0 255 255 84
    255 0 255 72 0 0 255 19 255 0 23 213 171 134 194 0 0 255 99 0 0 0 0
    255 255 255 255 255 255 255 71 255 0 205 255 255 157 126 0 255 0 0 0
    232 255 203 0 255 0 255 0 0 0 255 255 0 255 0 0 24 237 255 255 0 255
    126 232 0 255 0 255 255 255 0 0 0 0 255 0 17 0 0 255 255 0 158 0 202
    0 0 255 242 255 0 209 0 0 0 15 255 255 48 0 0 218 0 0 0 255 0 255 0
    161 255 255 255 255 255 94 0 0 142 228 0 255 0 255 194 255 0 0 0 255
    204 255 0 255 0 0 0 255 255 255 0 0 0 255 112 0 255 255 255 0 0 255
    0 255 0 255 255 6 0 0 0 255 255 255 170 0 0 0 255 0 255 0 0 0 212
    255 255 0 0 255 255 255 140 0 0 145 170 0 255 0 255 0 255 117 57 255
    0 255 246 0 0 255 0 255 255 93 131 255 0 0 0 0 0 255 0 255 0 255 0
    255 0 0 0 0 174 0 255 68 165 153 42 0 0 255 255 0 177 44 16 126 0
    193 255 0 255 0 255 0 213 97 0 0 0 255 0 0 255 71 0 0 255 255 255
    255 124 177 140 0 255 0 99 255 255 203 0 52 0 0 0 255 0 0 0 255 255
    255 0 0 0 106 255 255 144 255 6 0 0 255 0 105 0 255 0 0 255 0 59 255
    255 29 255 0 23 255 255 197 0 0 255 255 0 48 242 255 0 0 255 255 0 0
    255 255 255 255 0 0 0 161 0 255 0 255 255 255 0 0 0 255 0 255 29 255
    0 0 0 255 255 255 0 255 0 255 0 70 255 255 0 0 130 255 166 199 0 46
    188 255 0 0 255 255 255 0 255 255 255 0 255 0 82 129 255 67 0 255 0
    97 0 255 116 255 0 255 239 19 255 0 255 242 255 0 255 0 181 0 0 255
    0 255 0 255 0 0 57 0 255 255 255 255 160 10 0 215 0 69 255 255 255
    81 216 0 115 0 255 255 255 255 0 0 0 63 255 220 255 0 255 0 115 143
    255 243 0 0 0 255 0 70 255 255 56 137 199 255 28 255 255 0 255 0 0 0
    0 255 0 255 0 199 0 255 0 255 255 0 19 0 255 0 0 0 255 255 255 5 0
    114 0 255 6 255 0 66 255 66 250 0 255 0 255 255 255 255 0 0 0 255 0
    137 255 255 40 0 0 0 0 255 255 255 183 255 0 255 0 255 0 255 41 16 0
    0 0 255 0 79 255 0 0 255 77 0 255 0 255 255 0 255 0 255 0 92 0 5 0
    255 13 0 255 0 0 0 255 149 255 0 0 38 0 255 255 34 0 0 255 0 255 255
    255 255 0 255 0 255 0 0 255 255 0 157 255 255 255 0 0 0 0 255 177 22
    21 211 0 255 48 255 0 0 0 0 255 52 0 0 0 255 255 0 0 255 255 255 34
    151 117 146 255 173 0 166 255 255 0 0 0 176 255 0 255 148 255 114 0
    0 0 255 255 255 255 0 224 0 149 0 92 122 0 125 255 255 255 0 0 34 0
    66 19 255 255 255 0 0 170 255 255 255 0 92 250 0 0 0 0 255 255 255
    204 0 7 0 255 255 255 255 0 0 0 31 255 0 138 180 255 124 255 255 0
    255 0 255 0 255 95 0 0 255 255 255 255 255 154 255 255 0 0 0 255 0
    139 0 255 255 40 51 0 255 0 146 255 0 255 255 82 255 34 255 0 0 0
    255 255 255 0 238 0 105 255 255 255 203 255 255 255 0 149 0 29 0 255
    255 0 255 0 255 255 92 0 0 0 0 0 255 109 255 0 241 255 255 204 0 0
    255 166 0 250 255 0 0 249 255 255 0 0 83 226 255 136 255 0 255 0 255
    255 255 0 0 67 173 255 255 0 0 255 0 56 0 163 255 255 255 182 0 0
    186 255 122 255 255 134 0 0 29 36 0 255 255 0 103 119 99 255 255 255
    255 0 130 173 0 81 255 0 0 0 0 255 0 0 255 0 255 110 255 250 0 255
    255 255 19 0 216 0 255 0 255 242 255 255 255 110 255 0 123 0 255 255
    79 52 0 255 0 0 255 156 0 255 0 255 255 13 0 0 255 255 210 0 0 98
    255 255 3 0 255 255 255 255 249 219 0 178 0 255 255 216 0 23 124 0 0
    0 255 0 255 0 255 0 255 0 0 51 0 0 0 0 0 255 255 0 0 255 12 33 255
    255 255 160 0 0 0 0 255 0 0 0 255 255 255 144 52 0 188 255 255 255
    255 255 0 0 0 0 255 255 0 0 160 0 0 0 255 200 255 87 255 255 255 0
    255 178 169 0 0 58 54 255 255 0 0 11 255 255 255 0 255 255 0 255 255
    129 0 255 0 255 107 150 255 172 36 255 0 255 67 0 63 255 219 0 0 255
    255 255 0 144 255 255 255 203 255 0 171 148 255 0 0 0 255 255 255 0
    0 0 255 0 0 0 255 255 152 0 255 255 0 204 255 255 116 0 0 0 255 255
    240 192 0 255 0 255 7 0 0 0 0 255 255 255 0 123 0 255 0 194 0 0 0
    255 0 255 11 178 255 0 255 255 0 255 89 255 0 255 0 0 255 0 255 0 0
    0 0 0 29 0 55 255 255 0 255 255 84 255 255 4 0 27 0 152 0 255 255
    255 255 0 0 191 255 0 255 0 246 77 255 0 255 255 0 255 0 255 227 0 0
    255 0 149 0 252 255 255 0 0 0 0 255 0 217 255 255 0 0 255 255 0 38 0
    255 0 255 0 255 0 255 0 255 0 87 255 139 255 0 255 0 0 0 255 0 0 0
    234 255 151 255 8 255 255 0 137 0 255 255 0 52 0 173 0 255 0 255 56
    255 255 173 0 0 0 255 0 255 0 98 255 255 255 0 118 0 138 0 255 0 255
    255 255 0 0 0 255 0 255 0 255 255 0 31 0 255 255 234 0 229 0 0 0 131
    6 255 0 28 255 0 0 0 255 255 0 0 255 59 255 255 139 52 255 255 0 0 0
    255 0 51 255 255 235 0 0 0 255 0 255 0 255 0 255 0 255 0 255 255 255
    215 0 0 36 255 255 0 255 199 0 0 0 255 255 0 0 0 225 255 0 0 255 255
    255 0 0 0 255 218 255 0 59 255 255 255 0 0 0 0 0 255 218 255 84 255
    255 255 0 0 0 166 255 255 143 255 255 0 255 255 0 0 255 255 255 0
    255 255 0 255 0 255 0 255 255 0 255 0 255 255 255 94 132 0 0 255 255
    255 0 0 255 255 255 231 214 184 0 129 255 255 255 0 0 0 255 255 0 0
    0 255 255 56 0 0 255 177 255 255 255 0 0 103 255 148 255 0 0 255 255
    255 0 0 0 0 69 255 0 255 0 0 0 0 255 0 255 0 255 255 0 0 217 255 255
    209 0 0 0 53 0 255 255 255 148 254 82 0 37 255 0 255 255 255 255 255
    0 80 255 0 164 0 25 103 255 0 134 0 255 0 255 0 255 0 0 0 0 255 0 0
    101 255 0 255 0 255 0 0 0 0 255 0 234 0 255 0 255 0 255 0 255 15 255
    0 243 0 255 0 0 255 218 245 0 255 255 0 0 0 0 0 255 255 118 180 0
    234 133 0 255 114 121 0 255 255 255 0 24 255 255 0 255 196 191 108 0
    193 237 255 255 255 255 255 0 0 197 0 255 255 0 31 255 0 153 51 0 66
    0 255 0 0 255 255 255 0 255 0 109 0 255 0 0 86 255 0 0 0 255 255 193
    0 0 255 255 255 184 0 0 255 0 255 0 255 0 255 255 255 0 0 0 255 0
    255 156 82 0 189 255 255 0 255 0 255 0 0 0 131 255 105 0 17 205 255
    0 0 0 50 0 182 0 0 0 0 0 0 255 255 0 0 0 255 255 94 11 0 0 236 255
    255 0 0 255 255 0 255 0 197 255 255 69 72 255 0 94 255 93 0 119 255
    255 0 0 0 31 255 255 255 175 0 255 0 0 255 0 255 255 0 0 0 0 196 255
    24 0 255 255 0 255 11 255 0 255 255 255 109 50 0 61 64 0 255 128 255
    255 0 255 0 255 0 0 0 255 255 255 0 171 160 255 0 255 0 0 0 255 255
    255 255 243 255 233 0 141 255 0 0 255 255 0 255 0 170 255 255 0 255
    0 8 39 255 0 0 0 0 148 0 255 0 255 108 0 0 0 0 255 243 115 0 255 255
    0 0 0 255 187 0 168 0 255 255 0 0 244 0 255 255 255 255 0 0 0 52 25
    123 0 0 255 255 0 255 0 78 255 0 255 186 255 0 255 255 0 255 0 255
    226 0 128 9 255 0 0 0 0 0 0 0 229 248 255 163 0 255 255 255 255 91 0
    0 74 0 184 0 255 255 255 255 255 255 103 0 254 255 255 255 0 0 0 255
    0 255 0 94 151 0 255 255 255 0 0 255 186 0 0 0 255 255 255 0 255 255
    255 0 0 255 9 255 255 0 255 0 0 0 255 255 255 255 76 104 0 86 255 43
    0 12 255 255 255 0 255 0 0 255 0 255 136 255 0 255 0 255 130 0 17
    255 255 0 0 255 255 222 255 77 146 0 255 199 0 0 255 0 255 0 255 0
    255 244 87 255 196 0 0 255 0 0 0 0 255 255 184 228 0 255 0 255 0 255
    0 99 0 255 0 0 0 0 0 255 194 255 72 173 0 255 198 255 168 255 0 0 0
    0 255 255 0 255 255 255 255 255 255 0 0 255 0 0 0 0 255 13 255 27
    255 0 0 0 177 255 0 255 255 220 255 0 0 0 0 40 0 255 255 161 0 0 0
    224 41 87 255 255 174 0 0 0 0 255 255 0 111 0 255 255 255 0 255 255
    0 255 0 255 0 255 0 0 0 145 255 255 0 0 255 255 0 216 0 255 255 255
    0 0 255 0 255 0 255 0 0 0 0 0 0 255 7 255 0 255 0 0 0 187 22 234 251
    255 2 0 0 0 0 13 0 255 0 0 56 0 255 255 10 255 0 120 255 255 0 244
    255 157 255 255 3 0 0 0 255 255 0 255 0 255 0 255 0 0 0 255 255 0 0
    0 255 51 17 255 255 0 90 0 0 255 226 255 0 255 255 255 255 255 255 0
    126 79 255 0 255 255 6 255 167 0 255 70 0 255 255 255 11 0 4 255 255
    119 0 255 0 160 0 0 0 0 255 0 255 255 0 0 0 0 255 0 110 255 255 255
    99 0 0 255 255 255 53 0 0 0 0 255 255 255 0 1 255 125 234 255 255 0
    255 0 255 0 0 255 42 0 0 255 255 201 255 0 255 0 255 255 102 251 255
    255 0 0 255 88 0 0 0 255 255 255 97 0 255 255 149 0 0 255 255 255 0
    155 255 0 0 0 0 255 255 255 255 0 196 255 77 255 255 255 255 123 255
    255 132 0 47 0 0 0 255 255 255 150 255 255 0 157 0 255 255 0 0 0 255
    0 0 255 255 255 62 0 255 84 255 255 0 152 255 255 0 0 0 255 255 229
    0 0 0 255 0 255 255 255 0 255 0 0 0 0 0 255 255 255 255 0 0 255 255
    0 0 0 255 92 212 14 0 255 255 255 255 0 228 0 22 0 0 0 0 255 255 255
    0 0 116 255 255 255 255 0 0 0 255 255 255 0 238 0 255 0 255 0 0 255
    255 0 0 83 255 0 255 0 0 0 0 92 0 255 0 255 126 255 0 0 0 113 255 0
    255 187 131 0 0 0 0 255 84 255 0 78 53 45 0 57 92 0 0 255 255 255 0
    255 0 255 0 0 0 183 255 0 0 13 255 255 255 0 153 255 215 255 0 238 0
    151 255 0 207 44 0 0 0 0 0 208 255 228 0 131 0 255 0 255 255 0 0 134
    255 0 0 255 255 72 255 0 0 255 119 0 255 0 0 0 62 255 255 205 0 255
    0 255 0 52 255 255 241 255 244 41 0 23 255 255 10 0 254 179 255 0 0
    255 255 255 0 70 255 255 0 255 0 22 0 255 255 255 255 0 139 0 255
    255 255 0 255 255 255 0 0 219 0 255 0 255 0 255 255 193 0 0 255 0
    253 178 0 255 255 0 255 38 255 255 0 0 0 13 48 0 0 0 255 255 0 255 0
    255 255 255 0 108 255 184 0 0 255 89 126 0 0 0 0 170 255 0 255 0 40
    130 255 255 255 255 0 0 0 50 0 0 0 255 0 255 255 255 0 0 255 255 46
    0 255 0 0 0 215 0 255 0 255 0 144 99 116 255 242 255 0 0 0 0 242 49
    154 0 255 255 255 0 255 255 242 0 0 25 255 0 91 255 133 255 0 255 50
    0 0 13 0 255 255 101 0 255 255 255 255 0 0 255 106 255 51 39 255 0 0
    255 255 75 255 0 137 255 255 255 0 255 255 255 0 255 255 0 0 0 195 0
    255 255 255 0 0 0 0 255 255 213 0 0 61 0 255 213 55 0 229 255 255 0
    231 0 0 0 0 0 125 255 255 255 0 181 220 255 109 0 255 0 0 110 255
    255 0 0 255 255 0 169 0 255 255 0 0 132 90 255 0 255 255 159 0 255 0
    0 0 255 255 0 179 255 3 255 0 0 0 124 255 0 150 255 0 58 255 0 255 0
    255 0 0 255 0 0 0 9 255 255 0 255 255 255 255 230 0 206 0 0 255 255
    255 0 0 41 174 0 255 125 255 0 0 0 0 0 255 255 255 233 0 0 57 255
    255 255 18 255 255 255 0 0 255 255 0 255 0 255 0 255 0 0 0 0 255 0
    255 255 255 0 183 0 255 255 0 0 0 255 0 0 0 0 255 255 255 0 0 255
    176 255 0 1 78 255 255 0 0 255 255 0 212 0 240 255 0 0 0 255 255 113
    255 0 255 136 222 0 0 255 255 255 255 0 245 41 0 255 0 255 174 255 0
    88 0 255 255 255 0 255 163 0 132 255 0 0 37 255 190 0 255 255 255
    152 0 97 0 255 0 255 78 0 255 255 255 0 255 0 0 0 255 0 222 47 255 0
    22 0 80 152 255 255 255 140 0 185 0 0 92 0 255 255 0 0 0 255 255 255
    176 0 255 0 0 26 255 255 255 232 31 255 106 255 0 255 255 110 241 0
    0 0 0 0 0 255 0 255 0 0 0 0 0 218 62 58 0 0 255 0 255 0 0 0 0 255 0
    0 219 255 157 0 143 255 255 113 0 255 0 255 204 255 255 0 0 0 255
    255 255 0 0 0 0 255 0 0 40 255 255 255 0 41 0 255 255 255 255 133
    118 0 0 0 0 255 255 255 255 255 240 255 0 229 255 255 255 0 255 0
    255 255 0 255 243 193 255 255 0 0 77 0 0 0 0 255 255 122 255 87 255
    0 255 0 255 255 255 255 0 136 255 255 156 255 255 255 0 247 255 255
    201 255 0 0 0 0 255 255 67 0 0 255 0 255 255 152 255 255 255 60 0 0
    255 12 138 0 0 0 255 255 0 0 255 0 216 0 255 255 255 0 0 0 0 255 255
    255 0 255 154 0 0 0 255 243 0 0 0 0 0 255 0 255 255 0 255 0 198 0 4
    0 0 0 255 0 6 255 255 255 0 0 255 255 0 255 255 255 0 0 255 255 255
    0 75 20 19 255 255 0 0 0 84 255 0 178 0 138 66 255 255 255 255 87
    255 255 109 255 255 0 0 0 255 255 255 0 38 0 36 230 255 255 255 255
    255 255 0 255 121 255 255 255 0 0 0 255 255 157 0 0 255 38 255 0 174
    255 0 0 255 255 255 17 0 0 255 255 77 0 0 165 255 0 191 0 203 228 0
    255 0 0 133 255 155 255 255 0 0 0 156 255 0 255 255 183 255 255 255
    181 166 255 35 255 0 168 137 0 0 78 0 255 255 0 0 255 255 255 255
    255 0 0 206 99 255 243 255 255 255 255 255 0 0 255 255 5 255 255 0
    255 199 255 0 0 130 255 0 0 0 255 0 255 0 255 0 0 219 255 255 255
    213 0 0 0 255 255 255 0 0 111 255 255 255 0 150 0 255 0 0 0 0 255
    255 0 255 0 78 255 255 255 0 255 0 197 255 0 0 0 255 0 0 0 255 255
    255 0 254 0 255 255 0 0 255 0 42 0 255 255 255 255 56 0 106 255 0
    255 255 0 0 146 0 255 0 160 0 0 203 255 255 0 0 0 0 255 41 255 255 0
    0 0 251 127 255 0 255 0 255 6 0 62 39 0 0 0 255 255 255 0 0 0 255
    110 255 0 0 71 255 255 26 255 0 0 178 0 0 255 255 0 0 0 255 255 153
    255 0 255 139 255 112 0 255 30 0 0 254 44 0 0 255 255 125 0 0 41 0
    170 255 255 255 152 0 255 131 0 0 0 255 0 0 0 255 98 0 0 203 255 24
    65 255 150 208 0 0 0 255 0 255 0 0 0 0 255 255 255 26 255 255 0 0
    255 0 0 255 255 119 0 0 255 214 193 255 0 255 0 158 0 0 217 255 255
    0 249 0 0 255 0 0 255 255 255 171 0 170 217 12 0 37 222 255 78 0 0
    255 255 255 43 45 0 255 255 255 38 0 255 0 0 0 197 255 0 255 202 0
    255 255 255 0 255 0 255 0 255 255 255 0 0 0 255 255 255 255 0 0 175
    255 157 255 0 0 0 255 255 255 255 255 0 26 0 255 181 255 0 0 0 255
    255 0 255 0 255 255 255 0 0 0 0 0 0 255 0 255 0 255 255 255 0 255
    255 0 0 255 255 0 255 25 255 0 255 28 103 255 255 255 136 0 0 0 255
    255 0 0 0 0 255 0 80 203 255 255 0 95 0 247 25 226 255 0 255 0 0 0
    255 0 255 0 0 0 255 255 117 0 189 203 187 233 255 255 255 255 0 255
    0 255 0 0 0 255 255 255 0 168 0 0 116 255 255 255 89 221 0 255 255
    255 0 189 255 0 255 219 255 0 0 255 0 126 0 255 0 255 255 49 255 0
    21 255 255 0 52 255 255 255 0 0 0 0 110 0 0 0 0 98 125 255 255 238
    255 255 255 0 224 240 255 0 0 255 0 255 0 255 181 102 0 0 39 255 0 0
    23 255 255 255 0 255 91 255 0 255 0 255 255 255 0 0 0 0 255 119 100
    0 255 255 255 18 0 255 182 187 255 255 0 94 0 0 255 0 0 0 255 255
    255 255 242 0 0 0 0 162 255 0 255 0 0 255 255 112 0 0 255 255 0 0 0
    255 255 0 4 0 0 255 255 108 255 0 0 139 255 0 0 199 255 121 216 0
    255 255 255 255 0 255 0 255 0 255 0 0 0 0 255 0 255 138 255 255 255
    228 254 0 0 255 92 255 0 255 0 0 0 0 0 255 255 113 127 0 255 51 0
    255 255 242 151 0 189 255 0 255 0 255 255 255 0 0 90 0 255 48 255
    255 136 225 0 255 255 255 0 0 255 255 128 0 0 0 255 255 0 0 0 0 255
    255 0 0 255 255 255 0 0 255 88 255 255 0 255 70 255 0 0 255 255 17
    87 255 255 0 0 55 255 255 0 214 0 4 0 255 0 255 0 0 0 255 255 0 255
    206 255 0 255 0 0 0 0 255 0 230 0 0 0 0 255 255 0 255 0 73 0 0 0 0
    255 255 255 0 255 0 0 0 185 0 255 255 255 0 0 0 0 255 172 16 0 255
    255 255 0 0 0 189 0 255 186 234 0 109 242 255 255 255 0 0 0 0 44 255
    255 147 255 0 255 255 60 0 0 0 255 121 255 0 206 253 255 0 255 0 0
    201 51 255 0 255 0 255 193 255 232 0 255 0 0 0 0 255 0 0 0 194 255
    255 255 0 0 0 255 255 0 255 255 255 255 0 0 0 255 0 255 255 0 0 0 74
    6 233 0 0 0 0 255 255 255 0 255 0 0 192 255 255 255 0 0 0 0 0 255
    255 255 138 0 0 255 255 141 0 91 61 0 0 0 0 255 255 0 0 0 199 103
    255 0 0 255 255 3 255 0 255 255 255 0 255 0 255 135 255 0 255 6 255
    255 90 255 0 0 0 255 255 255 0 255 0 255 0 44 0 107 255 0 0 0 255 0
    255 23 255 0 255 0 255 0 73 0 255 255 0 0 23 255 255 0 0 0 40 255 57
    32 0 255 0 0 255 0 255 255 196 0 0 162 37 255 0 255 209 255 0 0 0 0
    236 0 0 255 255 0 0 61 0 218 255 255 255 0 0 124 0 255 0 255 0 133
    255 71 0 255 0 0 0 255 255 124 255 0 255 255 0 0 255 255 0 5 255 0
    236 255 186 0 0 0 166 0 255 0 255 0 0 0 0 0 0 0 255 255 255 0 0 255
    105 215 81 0 0 189 0 255 255 200 0 0 255 0 255 135 255 2 255 255 2
    34 0 0 0 156 255 42 177 0 0 156 255 0 0 255 183 0 0 49 0 255 255 255
    27 0 44 0 255 255 255 255 255 255 0 255 88 255 0 246 0 255 255 255
    255 0 255 0 88 255 255 0 0 0 248 255 0 130 0 255 0 255 0 255 255 0 0
    255 168 242 255 0 255 0 255 0 255 0 0 87 255 0 255 255 146 255 0 43
    255 255 255 0 0 149 255 0 0 0 255 0 55 0 255 96 0 68 247 122 255 0
    255 255 255 255 255 218 135 255 220 1 0 255 0 255 0 255 0 255 73 255
    255 0 0 167 255 255 0 0 73 255 0 0 255 255 255 0 0 0 255 0 255 0 143
    1 0 255 0 0 81 214 255 95 255 255 255 0 0 255 255 255 255 255 0 0
    120 0 0 169 185 0 255 16 255 255 255 41 0 255 118 0 0 48 255 255 7 0
    169 0 99 0 0 255 0 255 0 185 255 255 241 255 255 0 255 0 255 158 97
    0 255 0 255 255 0 0 255 0 184 255 0 157 204 255 255 255 255 255 0 0
    0 216 255 255 255 161 251 0 0 255 0 190 0 0 255 240 234 0 0 0 153
    255 255 0 255 255 255 29 0 255 0 255 0 255 90 39 255 0 255 0 0 0 0
    195 0 255 0 255 255 0 255 0 236 255 255 0 78 0 0 255 255 255 0 0 0
    255 255 255 174 255 188 255 0 255 0 255 0 255 0 103 142 255 194 237
    255 0 0 0 0 41 255 51 0 255 0 255 0 0 0 255 85 92 0 255 255 0 255
    200 255 65 8 255 255 255 255 0 0 0 0 255 255 177 255 213 255 0 85 0
    118 0 255 179 41 0 0 255 0 255 0 255 0 255 0 77 0 255 142 255 40 0 0
    0 255 255 188 0 255 255 255 255 0 255 255 255 0 0 238 255 0 0 5 75 0
    144 255 0 255 255 0 0 89 255 255 255 0 0 255 0 0 54 0 255 255 0 77
    255 255 255 0 255 0 0 0 255 255 255 0 0 184 255 255 0 0 255 233 255
    0 0 0 0 0 28 255 255 255 0 255 223 0 0 0 255 0 255 71 255 255 255 63
    255 255 109 0 0 255 255 95 0 0 255 255 0 0 255 255 255 0 0 255 13 0
    255 0 255 0 255 0 255 136 0 255 0 255 0 255 255 255 255 0 123 0 255
    0 255 255 255 255 0 0 0 0 231 255 255 80 174 0 255 64 255 255 0 0
    255 185 255 0 255 0 255 0 255 0 255 41 255 0 0 255 0 255 255 45 0
    235 255 255 255 255 200 255 0 255 255 255 0 125 0 255 255 255 0 0
    204 255 20 0 0 192 189 0 0 0 255 0 255 255 146 255 0 0 0 255 0 0 255
    255 161 255 214 0 0 255 0 255 26 255 51 143 255 23 0 255 0 0 0 0 255
    221 255 0 74 255 255 255 255 0 38 138 255 226 0 253 255 0 0 0 255 0
    255 242 255 0 255 255 0 0 0 0 72 255 255 0 255 0 124 0 0 0 255 255
    19 0 0 150 0 255 255 0 255 255 107 255 255 255 0 0 185 255 139 255 0
    76 255 0 255 255 48 0 0 255 255 0 255 114 255 104 0 0 255 255 255 0
    217 255 255 255 0 176 0 255 0 255 34 0 255 255 254 0 255 0 209 0 255
    255 255 255 255 255 255 187 217 3 154 0 187 0 255 0 44 255 212 0 255
    0 0 127 0 255 255 17 255 139 255 0 0 0 255 0 0 0 255 242 255 255 255
    255 255 0 0 182 255 0 0 0 255 255 255 0 255 52 255 0 0 255 255 255
    255 0 0 0 177 0 255 255 0 0 141 255 0 239 255 0 255 0 255 0 0 0 0
    105 255 255 255 221 255 162 255 79 255 207 255 212 181 0 0 255 25 48
    255 181 255 255 255 0 255 0 255 255 255 0 255 0 0 170 0 255 187 0 6
    255 191 255 0 255 255 0 23 0 255 255 50 255 0 0 0 255 255 56 255 0 0
    0 0 0 0 118 255 178 0 163 0 0 0 231 210 255 0 210 63 210 255 51 255
    0 133 255 0 255 0 255 255 0 255 255 255 255 255 255 0 43 0 255 23
    234 0 165 255 0 115 0 0 255 108 255 255 0 0 0 79 255 0 208 255 255
    255 255 0 0 0 0 105 255 0 0 0 255 150 0 0 0 255 31 255 255 0 0 255 0
    157 0 161 0 255 255 57 0 0 26 62 0 255 220 255 0 209 0 0 255 255 16
    0 255 255 216 0 0 255 255 0 84 0 0 89 255 255 60 0 0 0 0 255 0 0 0
    255 255 255 255 0 255 0 0 115 255 0 0 255 51 255 0 255 0 20 0 255
    255 0 0 70 255 255 0 255 0 255 0 255 255 255 0 97 255 0 255 203 32
    255 0 97 51 136 0 255 255 255 255 0 255 0 255 255 255 255 16 0 0 255
    255 112 0 0 0 247 0 255 0 255 255 0 0 0 0 255 255 255 255 95 62 90 0
    0 255 255 255 0 130 0 0 39 255 255 0 0 0 255 255 0 0 0 255 255 255 0
    0 255 0 255 197 255 0 255 0 144 0 255 255 255 255 244 0 0 255 0 255
    0 0 0 255 255 29 255 209 0 0 107 0 0 255 255 0 101 0 255 95 90 0 0
    255 0 0 0 255 189 255 0 255 0 193 0 255 0 19 0 236 0 255 255 254 0
    255 0 0 255 255 255 0 0 3 255 255 197 156 0 195 42 126 126 255 255
    255 0 0 0 255 0 0 88 255 255 255 222 255 37 0 0 255 255 162 52 0 0 0
    11 255 255 0 0 0 255 255 255 255 255 126 0 196 0 0 164 0 255 255 0
    255 255 255 255 0 0 53 255 255 0 94 181 255 0 255 0 255 255 255 39 0
    255 0 255 0 255 0 255 91 255 0 0 124 255 255 0 0 0 167 58 0 0 255
    255 255 242 0 0 0 255 0 255 255 255 255 255 0 0 0 255 0 83 44 255
    255 0 0 0 57 37 255 176 49 255 255 0 255 0 0 248 0 255 0 0 57 255
    255 0 99 159 223 87 0 0 255 255 255 0 0 0 255 255 255 255 255 0 255
    140 255 26 255 255 255 49 255 0 0 226 255 206 0 0 255 0 255 0 0 105
    0 77 0 255 0 0 0 255 255 255 255 49 255 255 255 0 0 0 0 0 0 0 255
    255 219 0 0 255 0 255 22 255 29 255 219 0 0 0 255 255 0 1 0 57 57
    255 0 255 255 193 33 0 0 0 255 255 255 0 177 255 0 255 255 255 0 0 0
    255 0 255 255 201 0 255 255 5 82 0 0 255 255 255 0 66 255 255 128 0
    255 0 0 0 255 255 255 255 255 255 0 255 0 0 51 255 0 255 255 0 30 0
    255 0 0 255 134 35 255 0 255 0 255 0 0 0 255 0 255 208 255 255 255 0
    0 0 12 255 0 255 0 0 255 255 255 255 0 102 0 0 255 255 0 0 22 0 255
    242 255 0 255 0 255 255 255 255 255 224 0 0 255 255 255 0 0 0 255
    255 255 0 255 255 0 31 255 255 255 0 255 100 66 0 0 255 0 0 0 255
    255 255 255 255 0 0 255 232 0 184 0 0 0 255 255 102 255 0 255 0 255
    46 255 0 0 255 255 255 0 0 0 255 255 255 0 255 0 0 0 255 0 255 104
    229 0 255 0 255 255 0 0 90 86 0 104 39 255 0 255 255 153 0 0 255 255
    255 0 49 0 255 255 255 0 255 0 0 237 33 0 231 255 255 0 0 0 214 255
    255 255 0 0 0 255 0 0 255 0 255 255 255 0 0 255 255 0 255 57 255 0
    255 0 176 0 0 255 0 244 0 149 85 255 32 0 255 0 255 255 255 0 255 0
    255 85 255 255 0 0 0 0 130 255 247 255 255 255 192 232 61 255 255
    160 51 255 0 86 231 255 0 255 255 255 0 0 255 0 255 255 255 0 0 0 0
    255 255 0 0 95 0 255 98 255 0 0 0 195 204 0 255 255 255 0 0 129 255
    0 124 0 255 255 0 0 0 255 255 255 0 188 255 255 255 229 0 255 0 255
    255 255 226 255 0 239 0 255 255 255 0 0 0 206 255 166 255 6 0 0 140
    255 0 255 255 255 0 97 255 0 130 0 255 255 255 0 179 48 0 0 255 255
    0 0 118 255 255 255 0 0 255 4 183 153 0 0 255 255 131 255 130 76 15
    0 143 0 133 0 0 0 255 255 255 0 0 0 255 255 255 0 255 255 255 255
    255 0 0 255 255 0 0 0 255 255 124 0 0 0 255 255 0 255 255 136 160
    255 143 0 0 255 0 21 0 0 0 255 0 255 0 0 92 255 255 0 38 0 158 126
    255 255 255 0 0 33 0 174 255 255 0 235 0 255 255 0 255 23 174 0 0
    151 255 255 0 255 255 0 255 108 0 255 0 0 255 166 10 0 255 158 255 0
    0 255 255 98 0 0 0 255 255 255 0 0 255 172 26 255 255 255 255 255 0
    0 37 48 255 255 0 255 0 255 255 0 163 1 0 255 255 255 0 0 255 255 0
    0 0 191 6 255 0 3 255 255 227 255 0 255 0 0 122 0 255 255 0 82 0 255
    0 255 255 255 50 255 94 0 0 0 0 255 82 255 197 255 226 222 0 255 255
    83 255 0 255 255 0 107 255 146 90 0 0 255 255 0 0 0 0 255 255 255 0
    112 0 244 0 255 0 240 0 215 134 0 255 255 255 255 0 255 0 255 0 0
    255 40 0 0 255 0 255 0 0 255 255 255 0 0 0 0 255 255 255 0 102 0 0 0
    255 255 255 255 0 0 255 0 255 0 255 255 0 237 0 0 0 44 0 255 255 0
    255 0 255 255 220 173 0 0 255 175 255 255 0 0 0 255 255 92 0 0 73
    255 108 0 0 211 0 34 0 255 255 255 0 0 255 0 48 0 255 255 255 0 0 0
    0 255 255 0 255 255 255 75 0 0 48 183 0 0 0 255 0 255 255 255 0 255
    255 255 169 0 0 0 255 239 121 255 0 0 0 255 255 255 215 255 0 0 76 0
    255 255 255 0 134 0 87 150 255 255 255 255 11 0 84 0 0 135 255 118 0
    0 0 255 255 255 0 255 0 0 0 0 0 255 255 255 0 0 0 0 0 0 0 255 255
    247 255 0 255 0 0 255 0 0 0 255 255 255 0 10 0 255 255 183 255 10 0
    255 0 255 98 0 0 255 104 255 109 255 0 0 191 171 1 255 0 149 0 93 0
    0 255 0 0 0 255 255 76 0 0 255 36 255 255 255 0 255 255 230 0 96 70
    255 255 255 255 255 172 255 162 138 11 120 255 255 255 0 0 255 255
    79 255 255 0 255 152 0 255 255 0 0 255 255 255 0 8 255 255 192 116
    255 255 44 255 0 39 255 255 0 0 0 41 255 255 255 0 255 0 242 0 255
    255 255 235 0 115 79 255 0 255 255 255 0 71 0 22 255 255 255 0 255 0
    113 0 0 255 0 0 0 0 255 255 255 0 56 117 49 255 28 186 0 255 0 25 0
    0 255 255 255 0 255 0 255 0 255 0 0 0 0 0 0 0 255 0 255 0 49 0 255 0
    39 255 255 255 203 0 0 0 255 255 255 0 0 255 17 0 0 255 255 255 0 0
    255 0 0 0 0 255 255 0 145 0 0 255 255 0 0 89 19 0 255 0 0 0 77 255 0
    0 181 0 255 205 0 0 0 255 0 255 255 255 255 255 0 0 0 255 18 82 0
    255 255 0 255 0 133 0 255 255 255 0 255 0 255 0 0 255 0 0 0 255 149
    0 255 0 0 0 0 255 75 0 0 255 255 255 255 87 1 255 0 255 0 255 0 0 0
    219 255 255 0 255 0 216 0 255 255 236 255 0 255 0 255 198 203 255 0
    66 0 255 255 0 146 0 255 255 0 82 255 255 156 60 255 255 0 1 0 0 0 0
    255 255 255 34 255 0 255 255 255 255 255 0 27 0 0 255 255 0 0 0 0
    255 121 255 0 255 255 0 0 255 91 255 255 255 255 0 255 186 0 0 0 255
    0 255 182 197 173 0 0 0 255 255 255 107 0 184 144 255 0 244 0 255
    255 255 238 0 0 115 18 253 121 2 200 0 148 255 242 255 234 0 255 255
    0 0 255 0 255 0 0 20 255 0 255 89 255 255 0 255 255 255 0 0 255 0
    255 23 255 0 0 0 255 0 255 0 115 0 255 255 255 86 0 0 0 255 0 20 0
    178 99 255 255 0 255 224 25 232 0 0 56 225 4 255 255 0 255 0 255 0
    255 0 255 255 255 255 0 26 63 255 0 0 0 0 255 0 255 96 255 0 152 0 0
    193 255 255 198 255 0 0 0 22 255 70 0 0 0 53 0 255 0 0 0 113 0 83
    186 255 255 0 0 17 0 255 255 255 255 255 234 0 255 0 0 255 255 56 0
    0 255 255 255 0 0 0 0 255 255 255 255 0 0 255 255 0 0 0 59 255 0 255
    0 61 255 0 255 0 238 0 19 54 0 255 67 255 255 232 255 190 0 0 255
    255 255 19 167 0 166 255 255 0 189 0 255 0 0 148 0 133 255 0 255 213
    0 0 0 255 255 0 158 255 255 0 255 0 105 203 0 115 255 255 255 0 255
    0 42 0 0 255 38 255 255 255 0 0 255 0 0 128 255 164 0 0 0 0 255 255
    255 255 0 255 111 255 0 0 0 211 255 250 255 255 255 255 0 0 255 0
    255 0 255 0 0 255 0 0 0 255 132 66 0 0 0 255 255 153 0 255 255 0 0 0
    255 255 255 255 0 0 0 0 255 0 85 122 0 0 255 255 255 0 0 0 255 255 0
    87 255 255 255 146 0 255 0 255 255 255 68 138 203 0 0 0 0 255 255
    255 248 0 107 0 255 0 255 255 255 255 0 0 0 255 0 255 255 255 255
    255 255 0 255 0 96 0 0 41 226 0 255 255 255 57 0 0 255 255 0 255 0
    126 0 255 0 255 0 0 0 255 255 255 0 0 0 168 255 255 0 2 0 255 0 0 0
    0 255 39 255 255 0 0 209 0 0 0 0 0 255 195 0 0 79 24 255 255 0 162 0
    255 0 0 0 255 32 0 0 55 0 255 255 0 0 0 0 97 0 24 0 0 0 0 255 23 255
    0 0 0 255 255 0 255 0 255 131 255 255 255 255 255 28 255 5 255 0 255
    0 255 0 0 0 0 255 0 0 0 0 0 255 255 0 255 255 255 0 255 133 255 0 0
    0 255 255 218 255 0 255 255 0 255 255 255 103 0 120 0 255 18 255 255
    255 0 243 255 255 214 255 255 0 37 0 255 255 255 0 255 0 255 103 0
    210 255 238 255 87 255 255 0 0 0 7 23 18 187 0 73 155 0 255 0 255
    255 255 255 200 10 73 255 0 255 255 0 0 0 255 255 255 255 0 0 0 223
    255 0 255 0 5 255 255 0 255 103 255 59 0 0 0 255 0 36 255 255 0 0
    255 0 0 0 0 72 0 0 0 255 255 255 0 0 0 255 255 255 215 255 0 86 255
    255 255 172 0 255 255 7 255 0 15 0 19 0 255 201 255 0 0 169 255 5 95
    0 255 154 111 214 255 0 0 0 255 255 255 0 255 7 0 255 0 255 243 255
    255 0 0 0 255 16 0 0 255 255 0 124 255 114 212 255 0 0 255 0 255 96
    255 0 255 0 255 0 255 0 194 0 255 0 255 0 104 255 255 0 0 255 195
    255 16 255 0 255 255 255 16 255 255 255 255 0 255 255 0 0 236 255
    255 131 0 255 226 255 0 255 243 255 0 188 0 255 126 0 0 255 161 255
    0 131 0 255 255 0 255 186 255 0 0 0 255 255 0 0 0 222 79 0 0 82 0
    255 0 229 138 255 255 255 0 0 132 255 0 255 127 255 255 255 0 0 0
    244 255 255 0 255 169 109 99 108 255 255 255 168 0 144 0 255 0 0 255
    66 0 0 255 255 255 0 224 51 0 0 215 255 0 0 0 255 255 255 255 0 255
    0 145 0 0 255 0 0 0 255 219 121 255 0 255 255 255 255 255 0 0 255 0
    255 0 255 0 224 0 0 255 0 255 0 255 0 255 255 124 255 97 255 0 255 0
    0 255 0 255 255 255 255 255 255 0 0 255 255 255 255 255 57 0 255 0
    255 255 255 0 255 0 255 0 255 153 50 0 0 255 0 255 183 90 255 255 0
    0 255 0 0 0 0 255 255 255 0 0 0 166 255 116 61 255 255 0 255 194 121
    255 140 0 0 255 70 0 0 255 255 0 0 92 200 255 0 0 0 0 255 234 255
    255 255 245 111 255 255 255 0 0 0 255 255 255 0 0 255 183 255 0 0 0
    255 255 0 255 0 0 0 255 0 0 0 0 0 255 148 110 236 0 0 0 0 0 255 255
    0 207 255 158 0 143 255 229 0 0 147 103 255 0 0 0 33 255 165 0 255 0
    0 0 0 0 255 239 75 0 0 89 191 0 255 0 255 255 255 0 0 187 255 255 98
    0 255 0 255 0 255 0 255 255 255 0 0 255 255 255 68 0 0 71 55 255 255
    255 0 0 0 255 255 0 255 0 255 255 99 0 255 255 0 255 0 255 156 255
    255 0 255 255 255 255 255 255 0 255 150 0 34 255 0 255 0 255 255 210
    255 255 0 0 0 0 255 0 142 207 255 69 0 255 255 255 255 135 83 0 0 0
    255 255 0 0 0 0 0 0 183 0 100 255 255 0 61 0 255 0 244 0 255 255 0 0
    255 118 255 0 0 255 255 255 0 0 0 255 0 255 0 255 0 143 0 255 0 227
    0 255 0 199 35 0 176 255 255 162 0 0 0 255 255 255 0 0 0 255 255 145
    255 255 0 0 27 109 255 0 255 255 255 49 219 0 146 255 255 255 151 0
    0 255 255 0 19 0 0 173 31 0 255 255 0 0 255 0 255 0 0 0 255 0 0 255
    255 255 254 0 0 255 222 0 255 0 106 0 255 0 255 255 255 0 0 209 255
    36 0 0 0 0 255 255 241 107 255 180 75 0 255 0 255 254 0 0 0 0 255
    255 255 255 0 0 0 255 255 255 0 0 0 255 0 255 0 255 0 0 255 255 255
    0 190 95 255 0 0 0 63 163 0 255 0 0 0 0 255 0 255 0 0 0 255 255 0 0
    0 0 0 255 42 255 0 24 0 255 255 255 0 0 0 0 255 233 255 222 0 255 0
    255 0 255 62 255 0 255 0 255 202 188 0 0 255 255 255 0 255 0 0 0 0
    255 255 181 86 0 40 0 0 0 255 255 0 0 0 181 0 255 0 255 21 223 0 0
    255 255 0 0 0 255 75 255 0 0 0 0 255 0 255 0 255 0 0 0 255 178 0 255
    195 0 255 0 255 255 255 0 255 255 255 0 0 255 255 255 0 255 95 0 255
    255 255 255 0 0 255 255 255 234 11 255 0 0 255 255 255 0 255 255 255
    255 255 0 0 0 255 255 0 0 0 0 0 0 27 255 255 0 188 0 0 255 255 255 0
    0 0 255 255 255 0 255 154 0 255 0 0 218 0 87 255 255 2 0 0 0 172 0
    255 0 255 0 0 255 255 0 255 0 255 0 255 255 134 0 255 255 0 0 0 255
    255 0 208 100 255 255 255 0 255 255 255 255 255 255 0 66 255 0 0 255
    0 255 0 0 21 0 255 0 0 0 255 255 255 255 255 0 255 0 255 255 0 255 0
    58 7 255 202 255 255 255 255 244 0 0 114 0 255 255 255 0 255 23 0 0
    255 255 255 0 255 255 255 36 255 0 0 0 255 0 0 0 255 255 0 0 255 239
    80 0 255 0 0 180 115 0 255 3 255 0 4 0 255 255 255 227 255 0 0 255
    255 79 0 255 0 255 0 10 0 255 31 0 0 85 18 255 241 52 0 123 255 255
    0 80 39 27 255 72 255 0 255 255 0 0 0 28 0 0 0 255 255 255 255 0 0 0
    255 220 255 255 255 0 0 24 0 255 255 126 130 113 43 255 255 255 255
    152 255 255 255 255 75 0 141 0 0 0 255 0 0 0 0 0 102 255 255 138 17
    0 255 22 255 255 0 129 74 255 249 76 65 182 255 0 91 0 255 0 255 0
    37 0 205 255 0 255 87 255 0 0 255 255 0 0 255 0 0 0 255 0 255 0 255
    255 255 0 0 0 45 255 0 255 181 0 0 40 255 255 0 153 255 255 0 255
    101 0 0 0 255 129 255 0 0 0 0 250 255 255 255 169 0 255 230 0 12 0
    255 255 255 255 0 234 0 255 128 0 231 0 255 0 216 161 255 129 0 0
    255 95 255 43 0 255 217 255 0 0 255 255 0 255 0 255 255 0 65 0 117
    187 222 0 0 255 0 255 0 0 0 119 0 255 0 255 255 255 0 0 0 0 255 0 0
    0 156 255 0 12 183 244 255 113 0 255 0 7 13 255 0 255 0 0 255 255
    255 0 55 255 255 255 0 0 0 209 102 255 0 0 0 137 255 255 0 255 0 0
    255 255 226 0 0 255 0 0 255 0 243 255 255 255 255 142 255 0 11 0 0
    255 255 255 0 255 0 0 0 0 255 255 218 59 0 0 255 255 255 255 0 255 0
    255 0 255 0 0 0 255 0 255 0 255 255 255 0 0 0 255 255 92 255 0 0 36
    0 212 255 255 255 0 255 0 255 0 0 255 0 166 0 255 85 255 227 255 0 0
    0 0 0 255 255 0 0 255 255 255 255 1 0 0 0 255 255 98 0 0 153 0 255
    242 0 0 255 0 255 255 255 0 0 0 255 255 255 0 255 255 0 255 110 255
    77 0 0 136 228 0 198 255 255 0 0 0 255 0 0 255 92 255 0 255 46 255 0
    255 0 255 0 0 255 0 255 1 36 0 225 255 0 255 255 0 0 255 0 255 0 0
    212 255 255 130 104 255 0 0 0 255 255 0 255 0 53 0 255 255 41 0 0
    255 0 0 255 255 255 210 255 0 0 0 255 14 173 0 255 1 255 36 255 255
    255 17 0 0 159 0 255 0 255 255 255 0 255 46 255 0 255 143 0 0 37 0
    255 0 224 0 255 0 255 0 255 0 255 255 209 0 255 255 0 0 0 255 255
    255 0 0 255 0 0 255 0 111 16 0 0 0 0 0 255 255 46 0 0 255 137 0 0
    255 255 0 0 0 0 54 0 0 13 0 255 0 0 0 44 255 255 255 60 0 0 0 0 0
    255 255 204 0 255 0 201 255 21 255 255 0 0 236 87 255 0 164 0 255
    255 0 255 0 0 0 0 0 0 0 255 255 255 85 0 255 0 0 0 175 255 255 0 132
    255 255 0 0 255 255 255 255 255 255 0 255 255 0 0 255 255 255 49 140
    255 255 224 83 15 200 121 0 0 218 0 0 255 255 37 0 0 255 0 255 255
    83 255 210 255 0 0 255 0 255 196 255 103 0 0 255 202 255 0 210 255 0
    0 0 125 0 255 255 255 0 0 0 255 255 110 0 0 255 255 0 0 255 142 222
    0 255 0 0 0 255 183 104 255 13 0 71 255 215 255 175 96 255 0 181 0
    255 138 0 0 255 0 255 255 0 255 0 222 41 45 0 255 0 255 0 255 255 0
    81 0 0 0 0 22 0 255 0 0 255 255 255 0 103 0 255 255 255 255 0 91 255
    0 157 255 255 243 0 255 255 108 0 0 0 255 0 255 255 255 255 255 0 0
    0 0 255 0 0 0 100 255 0 0 0 255 255 255 0 255 255 0 185 255 0 176 0
    255 255 233 255 142 0 255 87 186 234 255 0 255 0 113 248 255 255 255
    0 0 0 0 255 81 255 255 0 255 120 0 0 158 50 0 0 0 255 0 255 0 255 0
    255 0 210 255 0 0 16 255 255 0 255 12 255 28 0 0 0 255 255 255 0 0 0
    33 0 255 255 255 255 255 0 0 0 255 206 255 255 146 255 255 195 255
    255 255 0 215 0 255 22 255 0 0 255 255 255 55 0 0 255 0 20 60 255
    245 255 0 0 0 255 255 255 0 0 0 3 89 144 255 255 0 0 255 255 17 0
    255 0 0 255 255 208 255 0 0 0 255 0 212 0 255 0 255 0 54 0 0 56 0
    255 127 255 0 0 255 255 255 255 69 0 0 0 255 255 0 125 0 221 255 255
    255 0 255 0 255 255 9 0 44 255 255 255 255 0 0 0 255 255 255 255 0
    255 0 0 0 255 255 0 0 0 255 255 255 80 0 255 0 255 255 0 255 0 255 0
    0 255 56 0 0 0 119 255 141 0 0 255 255 0 255 31 255 0 0 25 123 0 255
    255 255 0 255 0 255 0 255 0 255 0 0 0 179 0 0 0 255 0 255 255 255 0
    6 112 135 255 121 0 81 50 85 255 255 102 7 139 255 0 9 255 255 255
    255 119 255 0 224 0 255 255 255 0 0 0 255 139 255 6 255 0 255 0 78 0
    255 255 255 255 0 0 2 255 0 255 0 33 0 84 255 131 255 0 0 198 40 255
    255 255 0 255 0 245 25 119 0 255 162 255 255 132 0 0 0 255 255 255 0
    35 0 0 203 255 124 255 0 0 255 255 0 255 241 255 0 1 255 0 135 186
    255 0 100 255 255 45 35 0 255 0 255 0 0 0 0 255 255 255 255 0 0 0
    255 255 255 0 255 255 0 0 0 71 255 244 255 0 248 255 0 85 0 0 255
    255 255 255 0 255 255 0 0 255 0 0 81 185 255 0 255 0 255 0 255 0 255
    0 0 255 255 0 0 249 0 255 255 255 255 168 255 0 0 0 0 0 255 0 255
    172 255 0 255 255 255 0 0 0 255 255 0 255 164 255 0 0 186 0 0 0 255
    255 209 0 255 255 255 162 0 255 255 0 0 0 255 255 0 116 255 255 68 0
    178 255 255 58 61 0 255 255 0 90 0 87 255 0 0 0 255 192 15 255 0 0 0
    127 0 255 255 255 255 0 0 0 0 0 0 255 255 255 0 30 0 255 0 252 0 255
    128 141 223 255 255 0 255 255 255 255 255 0 255 255 255 53 255 0 0 0
    255 0 255 255 0 124 0 0 99 255 0 0 255 255 0 0 175 255 0 0 255 0 255
    255 151 255 33 52 0 0 255 0 0 0 255 255 255 255 255 0 118 255 255 0
    32 155 255 0 140 0 0 255 0 255 255 255 192 0 0 0 77 110 0 0 0 255
    208 255 255 0 74 255 255 255 255 224 255 255 115 0 0 255 255 255 71
    255 255 175 0 0 0 0 255 255 255 0 255 255 255 0 255 217 255 0 0 255
    0 0 0 255 125 0 255 5 255 0 0 255 255 0 255 0 255 255 255 0 0 255
    255 0 0 255 255 255 0 0 255 255 127 255 255 255 255 255 0 0 255 244
    0 0 0 255 0 255 0 0 164 255 255 0 255 0 0 0 255 255 50 65 255 223 0
    0 255 255 92 0 0 255 0 255 255 255 0 0 255 255 255 0 0 255 36 255
    226 0 99 255 255 0 255 0 255 228 255 145 255 137 255 2 0 0 0 255 255
    0 255 255 52 52 0 109 255 255 255 255 195 255 255 0 0 255 0 0 0 0
    255 255 255 255 119 0 0 0 83 242 255 255 25 255 255 0 0 149 0 0 255
    255 23 0 255 255 255 0 0 0 0 255 0 255 0 255 0 190 255 255 255 190
    160 0 15 44 255 0 255 254 255 0 0 57 0 255 206 255 255 255 255 255 0
    255 255 255 242 0 0 125 255 0 255 255 255 0 47 255 255 0 255 0 138
    58 227 78 112 0 255 0 135 0 0 217 0 255 255 255 0 51 255 255 51 255
    0 255 0 0 0 255 0 0 0 255 255 0 48 255 255 255 255 0 0 241 255 255
    255 0 0 88 255 0 0 0 255 0 0 255 255 255 255 0 0 0 167 255 255 255
    255 0 255 0 0 0 255 255 255 255 48 0 0 255 255 255 0 255 255 0 255
    255 0 81 0 219 0 124 17 0 255 0 10 0 255 213 111 0 255 34 106 255
    255 255 255 0 0 0 255 0 0 0 0 65 255 255 255 0 255 173 0 0 255 0 255
    192 0 255 83 255 0 255 208 255 0 0 0 255 255 255 0 255 0 255 0 0 255
    255 113 183 255 0 0 255 107 0 68 255 54 255 0 0 0 255 158 255 0 255
    0 255 0 0 255 255 94 0 0 3 241 255 0 255 255 0 0 0 255 0 255 255 0
    255 0 0 0 255 255 255 0 0 255 219 255 255 255 0 161 0 14 0 88 99 165
    255 135 255 0 0 0 255 95 255 255 113 0 0 0 255 255 0 94 255 255 8
    255 0 0 239 0 206 177 7 0 0 255 0 134 255 255 255 0 0 255 152 0 115
    14 255 155 255 255 255 255 255 255 0 0 0 0 255 0 255 0 0 0 9 0 0 255
    255 0 126 6 255 0 255 255 255 255 119 255 255 0 0 0 255 255 255 255
    179 0 0 38 77 0 255 216 255 0 255 0 255 255 117 0 0 255 92 0 0 0 0
    42 0 0 255 255 0 0 0 133 255 244 255 0 188 11 7 234 255 0 255 0 255
    31 255 0 255 0 0 0 0 255 255 0 255 255 255 255 141 0 255 0 255 0 0 0
    0 0 255 0 174 31 255 255 0 0 90 255 255 0 0 255 0 255 255 39 0 255
    255 255 0 255 255 255 0 0 0 24 94 0 177 0 112 255 0 0 255 255 0 0
    255 255 0 154 255 0 0 0 255 255 255 210 0 0 38 18 110 0 0 64 97 147
    141 47 0 78 210 0 255 76 240 0 255 255 255 0 255 0 0 0 185 255 0 255
    255 255 255 255 164 255 0 255 0 35 196 0 255 0 255 255 0 255 0 255
    255 49 255 0 0 0 0 146 167 255 255 0 0 0 255 255 255 0 66 0 0 255 0
    0 244 200 0 255 255 255 219 0 0 255 255 149 105 36 255 0 60 0 255 0
    255 0 93 0 255 0 84 255 255 255 0 0 131 0 42 0 198 255 255 0 0 255 0
    255 0 194 255 255 255 0 159 0 255 0 255 255 0 242 255 255 255 0 45
    255 255 0 255 0 255 0 255 118 255 0 255 0 255 238 0 0 54 0 255 0 34
    0 0 0 255 91 0 0 0 255 255 255 255 0 0 255 3 255 255 255 0 255 65
    255 15 86 253 169 255 255 195 255 0 113 126 255 255 0 255 255 255
    255 255 0 255 0 255 0 0 255 255 255 0 10 255 255 255 255 0 255 255
    255 255 224 0 255 255 255 0 0 132 0 0 255 255 255 255 110 0 255 255
    255 255 0 0 0 0 255 14 255 0 255 66 0 0 87 255 255 0 255 0 0 255 119
    255 255 93 255 0 0 255 255 255 0 31 255 255 0 0 255 148 0 0 255 255
    255 255 255 0 0 0 255 255 255 0 0 255 255 255 0 0 0 135 0 0 118 0
    255 115 255 0 0 0 0 255 0 0 0 255 0 255 28 0 0 255 0 255 255 150 0 0
    0 255 255 255 255 255 0 255 255 255 64 0 0 255 255 255 255 0 46 33
    255 0 255 0 0 180 255 255 0 0 0 255 255 255 0 0 255 255 255 0 12 178
    0 0 218 255 0 0 255 255 0 175 255 255 152 255 255 0 0 255 255 255
    255 0 0 0 103 255 83 0 0 255 255 255 0 0 227 0 255 255 135 0 0 0 0 0
    255 112 238 0 0 171 0 0 0 0 255 0 0 0 61 255 255 255 0 0 0 0 0 255
    255 255 0 255 227 255 0 255 0 255 255 0 0 255 255 0 255 0 255 0 255
    0 255 255 255 255 0 255 0 255 248 0 0 0 255 255 255 0 0 255 124 223
    255 255 0 255 255 255 0 0 0 0 255 255 255 255 255 255 11 43 0 0 255
    126 255 234 255 194 255 0 0 0 255 255 255 0 255 0 255 255 0 0 0 0
    255 0 0 255 255 255 0 103 0 255 255 0 255 0 0 0 0 0 255 0 255 255
    255 255 0 0 0 255 255 255 0 255 229 255 0 255 0 255 226 255 0 0 180
    255 0 255 80 0 255 0 0 0 0 255 255 95 0 0 255 255 0 127 255 255 0
    255 255 0 255 255 255 255 0 0 0 255 110 171 0 0 0 0 255 72 198 0 204
    0 255 0 112 0 255 180 255 255 0 199 0 255 255 255 0 0 0 255 0 29 0
    255 255 0 0 0 255 0 255 0 149 0 255 20 0 7 255 255 255 0 72 255 0 0
    180 255 255 0 18 255 255 255 0 0 255 255 255 0 0 0 77 0 255 185 0
    174 0 192 97 255 60 248 0 255 0 68 255 199 255 0 255 255 17 255 255
    0 67 0 255 0 255 0 255 0 180 0 255 255 255 0 255 0 105 0 56 255 0
    252 0 255 0 255 255 0 0 255 0 255 0 255 0 255 174 255 0 58 141 152
    255 0 255 0 0 0 0 0 0 255 255 255 0 255 13 255 0 255 0 63 255 207 0
    255 0 255 0 0 72 255 255 0 255 143 255 0 255 0 255 255 0 0 120 255 0
    255 148 0 0 255 255 0 124 0 255 0 0 67 0 255 255 121 0 0 0 161 255
    255 0 255 255 0 0 0 0 255 0 255 0 0 0 255 255 255 0 0 231 47 255 145
    255 246 92 0 66 0 255 98 241 223 0 255 255 29 255 255 255 0 0 210
    104 255 0 172 0 0 252 89 0 0 255 0 213 0 95 255 255 218 156 0 255
    255 255 0 255 0 255 0 255 0 0 37 255 187 255 22 0 255 255 0 0 119
    255 0 255 0 255 255 0 255 0 7 0 255 0 0 164 255 255 245 0 178 255 0
    0 255 112 255 44 255 0 255 255 255 255 0 34 0 255 255 215 255 197
    255 83 255 0 255 0 46 255 127 255 0 255 0 5 255 0 255 0 0 57 218 255
    255 255 255 0 0 0 255 0 255 255 255 0 0 163 0 35 255 44 0 94 255 0
    255 0 255 0 0 184 255 0 18 104 255 0 172 0 255 255 0 0 103 0 0 255
    255 255 0 0 71 135 0 24 0 0 213 0 255 102 255 248 0 255 255 0 255
    255 255 0 0 36 196 255 255 255 0 0 255 207 0 0 255 255 0 0 0 151 154
    0 131 255 255 0 0 255 255 255 0 255 255 255 0 0 106 127 255 255 26 0
    0 0 0 244 0 255 0 222 0 255 255 255 11 0 255 255 171 255 0 0 239 255
    198 82 0 255 0 0 0 255 255 0 0 0 255 98 0 255 255 187 0 0 0 255 255
    255 255 255 255 0 185 0 78 0 16 0 255 0 255 255 255 0 0 255 255 255
    0 0 255 255 252 0 0 255 255 255 0 0 255 255 255 101 0 0 0 63 0 0 222
    0 255 255 255 217 0 0 0 0 245 174 0 255 66 255 0 255 0 87 0 255 255
    0 255 16 255 255 0 22 10 255 199 255 0 0 39 255 0 0 65 255 255 0 0
    255 0 66 0 0 0 0 255 0 255 0 255 0 255 255 209 0 93 0 255 255 255 0
    255 255 255 255 255 121 0 188 0 0 255 0 166 255 255 255 0 0 0 255
    165 255 0 255 0 57 255 0 255 255 255 129 0 255 0 31 0 255 255 255
    255 255 0 255 0 255 0 255 0 0 0 0 116 216 255 0 255 220 0 63 0 0 0
    116 83 0 255 255 192 255 0 0 255 57 255 255 61 0 255 0 0 0 0 0 255
    242 255 255 255 210 0 0 163 255 16 34 20 255 0 0 0 255 255 255 0 0 0
    255 0 255 0 255 0 255 0 255 0 255 0 52 56 0 255 19 255 255 255 0 0
    255 255 255 0 255 0 0 0 186 255 0 79 0 38 0 255 255 255 255 0 161 0
    255 248 255 26 0 255 255 0 255 0 0 0 255 0 255 150 255 211 255 0 255
    255 133 0 0 255 255 0 199 255 255 186 0 89 255 255 255 255 24 254 0
    211 83 255 255 0 125 0 46 197 0 255 255 98 0 0 0 255 255 255 255 0
    255 0 255 255 15 0 255 208 255 0 162 255 223 255 255 255 0 90 0 255
    255 0 255 0 72 0 0 255 62 255 0 0 0 0 0 0 0 0 121 71 255 255 255 255
    0 0 0 255 0 255 128 0 255 0 194 255 69 0 127 0 255 212 255 0 255 255
    255 0 255 255 158 0 159 255 255 47 0 255 255 255 255 255 255 0 0 76
    255 0 0 255 0 255 255 0 0 255 255 255 0 0 255 255 255 255 255 0 0
    255 0 127 0 255 0 0 0 255 255 255 0 0 255 16 0 0 255 171 255 0 0 0
    255 0 255 255 255 255 255 0 255 83 0 0 0 99 255 0 209 255 0 110 103
    18 255 0 255 0 255 0 255 0 255 255 0 255 255 255 0 0 255 0 245 0 255
    13 0 0 255 255 117 255 0 0 0 255 0 0 0 0 255 255 255 0 0 0 255 255
    255 0 0 184 255 255 0 200 0 101 174 255 0 0 0 17 0 255 255 0 0 0 0
    255 255 0 255 0 251 255 0 127 0 132 89 164 255 125 67 0 255 255 17 0
    240 255 227 0 255 58 255 0 255 0 255 0 255 10 0 255 255 0 0 27 0 255
    0 119 0 255 75 0 0 0 255 0 138 0 255 0 127 0 239 255 0 209 0 255 0
    255 255 0 0 255 14 255 0 0 255 255 0 18 255 122 0 0 255 0 16 255 0 0
    0 255 255 0 0 69 255 0 0 255 255 255 255 255 115 0 215 203 255 0 0
    255 255 220 255 255 255 0 255 255 255 255 109 0 255 0 255 0 255 0 0
    0 0 255 145 255 255 106 255 0 255 0 255 0 255 255 0 0 255 124 113 82
    37 204 255 255 255 255 0 0 255 121 0 0 255 255 255 0 0 255 255 129
    248 0 255 0 61 11 0 248 255 87 255 194 0 46 255 255 25 0 0 0 255 0
    255 0 155 187 0 135 255 255 83 0 255 128 255 255 255 255 0 0 0 0 255
    0 98 7 0 0 68 136 0 255 169 255 0 0 255 0 255 0 255 255 255 255 0 0
    0 227 0 255 255 0 107 0 255 150 255 255 0 0 255 255 0 0 32 255 38 0
    0 0 255 0 255 0 255 255 255 255 255 0 0 0 0 255 0 255 14 255 20 0 0
    0 0 2 0 255 0 255 137 0 255 51 255 236 255 255 0 0 6 153 98 255 72
    140 247 0 255 194 105 0 0 85 0 255 255 255 0 255 0 137 255 255 255 0
    255 80 255 0 121 255 255 255 0 0 186 255 255 89 0 0 175 0 255 255
    186 0 255 57 123 96 0 0 255 255 0 0 255 255 255 83 255 0 255 0 0 202
    255 255 25 186 255 0 255 255 29 0 2 255 255 183 134 193 118 92 68
    255 234 255 32 167 255 0 0 0 0 0 255 184 255 0 138 255 0 188 0 147
    255 0 0 0 0 255 30 0 0 0 0 255 255 255 97 0 255 0 0 255 171 231 0
    255 0 255 255 255 0 0 0 255 255 235 255 0 255 255 166 0 156 255 255
    255 0 0 0 255 255 255 0 0 255 168 0 0 0 49 0 0 255 0 199 0 0 255 255
    81 255 255 0 0 72 60 255 0 255 0 255 0 255 0 160 149 255 255 109 220
    0 255 255 0 0 255 130 255 0 255 0 255 0 255 0 0 27 0 255 255 255 0 0
    255 76 255 177 255 0 255 255 0 255 0 11 0 255 0 0 178 0 237 0 86 135
    0 255 255 255 123 199 0 0 11 0 255 229 161 0 0 0 255 255 255 11 0 0
    255 190 255 255 196 0 0 255 0 255 0 255 0 227 241 255 0 0 29 0 255 0
    255 0 255 105 255 70 0 0 0 5 255 0 0 255 0 255 0 0 0 17 0 93 255 180
    255 255 165 0 255 245 65 0 0 255 0 0 0 255 255 0 109 0 0 0 0 98 178
    6 126 255 0 145 255 108 0 255 0 255 0 255 255 255 109 33 20 172 69
    255 0 0 255 144 255 172 0 28 0 255 255 255 14 0 0 0 139 0 100 9 255
    0 0 255 255 255 255 0 255 0 255 0 142 0 179 0 0 255 255 255 255 0
    116 255 0 255 0 255 0 0 0 0 255 0 0 0 0 0 255 0 255 0 0 255 0 0 0
    255 255 253 0 0 255 0 0 0 33 255 0 45 0 70 31 0 255 255 255 255 0 0
    0 0 0 0 255 112 0 0 18 255 255 255 0 0 0 255 255 255 0 0 0 255 255
    130 0 255 163 0 255 0 255 206 255 28 0 0 162 255 0 104 255 255 245
    180 0 0 66 211 0 88 0 255 52 102 0 0 255 255 255 255 255 0 0 155 227
    0 0 200 0 255 255 255 0 255 0 255 151 0 0 0 255 0 255 255 255 0 255
    0 255 255 0 255 0 150 0 255 69 255 210 255 255 0 0 255 173 255 91 0
    0 255 255 65 0 255 255 255 0 255 255 255 0 0 255 0 255 0 0 255 248
    255 255 0 0 0 255 255 0 154 0 0 0 255 255 255 255 95 0 0 0 255 255
    255 255 177 204 255 33 255 0 0 227 133 255 0 255 0 104 0 255 0 255
    255 255 0 0 255 0 255 110 255 255 0 0 255 0 255 0 255 0 255 0 0 0
    255 0 218 0 0 0 255 255 255 255 186 255 255 0 0 0 255 255 0 111 0
    255 0 255 0 141 0 255 0 0 1 255 255 255 126 255 230 160 0 0 255 0
    255 0 0 0 255 255 255 255 255 0 77 0 255 216 255 180 255 255 51 255
    67 0 0 255 240 0 255 255 0 0 255 65 0 0 91 255 0 16 0 52 162 255 255
    0 255 53 255 0 255 255 255 0 0 0 142 255 0 0 0 0 255 0 255 255 255
    255 0 108 56 0 0 255 255 255 255 255 255 0 0 0 255 45 0 255 0 255
    255 0 255 0 164 0 255 237 58 0 0 0 0 72 255 255 0 0 205 0 0 0 255
    255 255 175 0 0 255 0 165 255 255 255 0 0 0 0 255 0 255 0 255 0 255
    12 30 255 0 0 150 255 255 0 0 255 77 0 255 255 255 37 0 0 255 255
    132 0 255 171 255 0 0 0 240 255 201 255 0 0 33 53 104 0 154 0 255 77
    162 255 255 0 0 0 255 255 108 255 255 0 255 255 255 255 0 0 201 255
    112 0 0 104 255 171 255 0 239 0 21 0 255 255 255 0 22 0 116 0 225
    255 255 240 255 255 255 0 255 0 255 255 255 115 255 0 255 0 255 255
    0 0 0 255 255 0 255 0 255 255 0 172 123 255 255 255 0 0 255 255 255
    255 255 0 0 255 170 0 255 255 255 255 0 0 0 92 0 255 255 0 0 189 255
    0 0 255 228 15 0 0 0 0 93 0 255 255 57 0 255 255 255 0 255 0 115 169
    155 255 194 255 0 0 255 0 255 0 255 0 24 0 255 212 0 255 255 255 0 0
    15 255 1 0 255 0 0 0 0 255 255 0 0 0 255 83 0 9 0 255 117 153 0 208
    255 57 219 0 11 0 255 0 255 0 0 22 255 6 0 0 255 255 0 0 202 255 102
    255 255 255 255 255 255 255 191 0 0 255 255 116 126 255 255 179 255
    37 255 255 255 0 255 112 255 0 0 0 255 255 255 255 125 0 255 255 255
    255 0 0 255 157 255 0 0 211 255 255 255 0 62 0 90 0 255 255 255 238
    0 255 255 255 0 58 70 0 255 255 255 0 0 0 255 255 0 0 255 255 255
    255 142 255 255 255 66 0 0 70 161 44 0 255 255 0 255 255 255 222 255
    0 255 0 25 0 200 23 0 0 212 0 255 0 255 180 255 0 126 207 0 215 0 0
    235 255 255 255 0 0 0 255 99 255 154 255 255 255 47 0 255 255 0 0 0
    255 122 255 0 255 0 255 0 255 0 255 0 255 0 0 0 98 0 255 255 255 207
    0 0 14 119 255 0 255 0 255 126 0 255 171 0 0 0 255 255 0 0 255 0 255
    255 0 220 0 0 255 255 255 0 0 102 255 0 0 0 0 167 255 0 255 15 0 255
    255 0 0 0 179 255 255 255 0 80 255 255 0 221 135 0 241 255 0 181 168
    255 255 0 0 255 255 255 108 255 255 255 58 0 255 255 255 0 60 0 255
    40 255 0 255 0 255 0 0 0 255 255 0 0 89 0 0 0 255 255 255 32 0 0 255
    255 255 255 122 0 0 255 38 42 147 34 83 0 255 0 0 0 255 255 255 0 36
    0 255 0 255 0 44 115 0 121 255 0 0 0 248 121 0 255 255 255 176 0 255
    247 255 255 0 255 0 255 0 199 0 255 179 0 255 0 255 255 255 0 0 255
    0 255 0 255 128 165 255 51 255 0 255 0 0 0 123 255 0 29 255 255 255
    0 229 0 247 0 255 255 0 255 0 85 110 255 255 255 0 0 0 255 255 0 0
    255 0 255 0 255 0 255 0 0 255 255 32 0 255 102 0 149 137 54 0 0 0
    255 159 255 0 246 0 255 255 17 0 0 255 255 255 0 0 255 255 120 255 0
    255 0 33 0 255 0 0 126 255 255 255 0 255 0 0 0 255 0 255 0 0 0 255
    255 255 0 72 255 255 255 255 16 0 54 0 193 255 255 0 82 0 255 0 255
    0 50 0 173 255 0 83 255 159 0 0 255 255 207 255 30 0 0 34 255 0 0 0
    70 255 255 48 0 151 255 255 0 255 0 0 0 229 0 0 0 255 180 255 0 255
    0 255 0 0 126 0 255 0 0 93 0 255 59 255 0 255 0 255 0 255 0 255 255
    0 0 255 115 0 0 255 100 188 162 0 0 255 0 0 0 255 0 0 255 182 255 0
    255 143 255 0 255 255 255 251 0 255 0 0 0 255 255 255 214 247 255
    255 0 0 255 0 30 0 255 170 0 0 90 255 255 255 197 0 0 206 255 85 224
    0 255 130 0 0 255 255 0 0 255 0 93 255 255 18 255 0 0 0 130 255 38
    161 255 150 0 255 0 255 255 0 0 255 255 255 0 0 0 255 255 0 238 255
    255 197 0 255 0 0 255 255 255 255 199 0 190 62 255 0 116 255 255 0
    255 255 129 255 0 0 0 255 0 232 255 255 255 131 0 255 255 54 0 255 0
    255 0 161 0 0 255 255 0 118 10 0 0 0 14 202 23 0 0 137 255 155 0 133
    255 255 0 61 255 255 0 0 255 0 255 0 255 0 255 0 255 255 255 0 0 255
    240 254 0 134 239 139 0 0 255 255 0 59 0 184 0 0 255 255 255 0 0 0
    255 0 0 255 255 130 0 132 0 255 0 0 255 255 21 0 0 136 231 0 0 0 255
    255 255 0 255 0 0 0 0 142 255 255 0 161 0 0 255 255 0 0 98 255 255 0
    255 255 64 0 0 255 255 87 0 0 168 255 255 0 9 0 78 255 255 255 0 255
    0 255 0 255 0 0 255 0 255 0 255 255 0 0 0 60 0 255 255 0 168 255 174
    255 0 0 0 255 251 148 0 255 154 252 0 255 255 0 255 255 96 255 213 0
    207 129 255 0 0 255 255 112 12 255 255 255 255 0 255 0 255 38 255
    255 255 210 255 255 255 252 0 0 0 0 255 133 0 255 255 106 0 125 0
    255 0 0 255 180 255 0 32 0 0 0 0 0 255 255 239 0 0 0 255 255 0 255 0
    255 0 0 114 255 255 0 75 0 255 255 255 0 176 0 183 0 255 255 255 0
    255 255 0 52 255 255 0 156 255 255 255 0 24 0 255 255 255 255 255
    255 255 255 255 0 255 0 0 255 255 81 43 255 0 0 0 255 255 0 71 0 255
    255 0 0 255 0 0 70 0 255 255 0 237 0 255 255 0 0 0 255 255 0 255 0
    255 0 255 0 0 0 0 255 124 0 0 255 255 255 157 0 0 190 0 0 0 255 255
    0 226 255 255 166 220 0 255 0 0 0 0 0 0 0 0 253 8 255 255 0 255 255
    98 255 59 255 0 0 0 255 255 0 0 255 255 236 0 255 255 255 0 0 0 0
    255 255 134 255 0 255 255 255 0 0 23 68 255 255 0 0 0 255 255 0 255
    0 0 255 14 255 125 255 0 0 0 255 0 79 140 255 106 0 30 255 255 111
    255 0 195 0 0 32 255 255 255 0 0 0 0 255 119 255 0 0 255 0 255 255
    255 255 0 0 0 0 255 255 255 255 107 0 0 255 255 255 255 255 255 255
    0 148 0 179 255 255 255 216 255 255 0 255 0 255 0 0 0 255 255 0 0 0
    120 255 0 255 189 255 0 255 0 255 0 0 255 255 0 255 0 255 0 91 194
    255 0 255 221 62 0 255 118 0 0 0 0 153 255 117 79 255 255 255 29 0
    174 0 255 255 255 255 0 255 0 0 0 255 146 0 50 255 0 255 0 108 255
    255 255 0 255 0 255 126 255 0 0 0 255 0 63 255 172 0 0 0 255 168 31
    0 255 0 255 57 255 0 182 255 255 0 0 255 0 255 0 255 255 255 0 255 0
    255 255 0 255 0 108 0 255 0 255 0 141 0 225 246 0 255 255 0 255 0 0
    0 255 144 255 250 255 26 255 72 0 0 0 255 130 88 0 229 255 120 0 0 0
    255 0 255 255 255 0 255 0 41 0 61 172 0 0 0 255 255 0 255 255 255 0
    192 0 0 208 255 255 0 0 255 255 255 0 0 0 255 255 235 255 255 58 0 0
    0 255 255 0 0 0 255 68 255 0 0 0 0 0 255 255 255 0 255 255 0 0 255
    255 111 255 0 0 117 255 42 255 0 211 0 196 0 0 255 255 255 255 184 0
    255 0 0 0 66 212 178 0 0 0 141 193 255 255 0 255 255 0 0 0 0 72 255
    255 0 233 0 255 255 255 0 255 82 255 21 255 0 32 0 255 255 241 187
    255 255 148 255 0 0 255 0 255 255 255 255 0 86 0 101 255 255 0 255
    143 0 0 255 155 255 0 10 255 0 255 0 255 0 255 255 234 74 10 64 0 0
    75 255 255 192 255 255 255 228 255 0 225 0 255 104 0 0 0 23 0 0 255
    255 255 255 255 255 0 255 0 255 0 255 119 163 255 0 0 255 68 255 0
    10 212 0 255 0 255 0 0 0 255 255 155 0 0 255 255 255 0 255 255 0 0
    255 255 244 0 255 255 255 255 0 0 0 213 21 0 0 0 255 255 0 132 0 0
    255 0 255 0 0 255 0 255 255 255 0 0 0 255 0 0 0 181 0 0 255 255 0
    255 140 252 255 255 255 0 0 0 0 0 255 0 255 0 34 213 255 115 238 0
    255 161 255 0 0 0 255 223 255 0 0 0 0 34 50 76 91 0 239 0 0 255 255
    255 255 255 0 0 0 255 255 255 0 0 94 255 0 0 255 255 0 255 0 255 0
    255 0 107 255 0 255 0 0 0 255 255 0 0 255 128 255 255 0 0 0 255 0 0
    255 255 255 255 193 0 75 0 61 0 0 0 255 255 255 0 62 0 159 0 0 255
    255 0 0 0 0 255 255 49 0 0 255 18 255 0 0 25 186 0 0 44 174 255 215
    0 255 188 255 0 22 0 255 0 255 255 0 0 255 255 255 0 0 0 0 255 255 0
    237 0 255 0 0 0 224 255 255 126 0 0 0 255 255 255 0 83 0 0 255 255
    255 18 255 0 255 161 255 255 0 248 255 0 255 255 255 0 219 255 255 0
    31 255 89 255 4 0 165 0 0 204 255 49 99 255 255 255 0 0 0 27 230 192
    255 255 77 0 0 255 255 255 180 0 255 255 255 88 0 0 255 0 138 0 255
    255 0 86 13 210 46 108 255 113 0 0 0 255 96 0 255 255 9 157 255 0 0
    255 0 255 255 255 0 0 0 255 255 255 255 224 0 0 0 255 0 255 94 255
    255 255 0 255 255 0 255 0 255 0 255 4 255 255 255 0 0 255 255 252
    255 164 0 0 255 255 255 108 0 0 179 0 255 255 0 100 0 0 0 0 0 0 255
    255 255 0 0 0 0 0 255 255 0 255 255 0 0 91 255 196 0 0 255 255 255 0
    0 0 0 255 255 255 0 0 0 127 255 255 255 255 255 0 0 0 255 0 0 62 194
    255 0 198 0 255 0 0 0 54 0 255 0 255 255 255 0 255 189 255 143 255
    222 0 0 0 172 0 42 103 255 18 0 0 0 255 255 255 255 157 0 255 0 0
    255 255 255 0 255 246 255 0 0 151 255 0 0 0 255 255 255 255 255 0
    216 0 0 0 0 252 0 255 255 255 255 255 0 0 0 255 255 0 0 0 255 0 0 42
    255 255 159 255 0 154 255 132 166 0 135 255 30 0 255 159 57 0 255 0
    255 79 0 101 0 255 255 201 255 0 0 0 0 0 3 255 255 98 166 0 230 190
    185 0 255 255 255 255 255 255 83 33 0 255 198 255 0 255 255 0 255
    112 255 0 255 0 0 0 141 255 255 0 164 0 254 0 255 255 0 241 112 255
    0 0 0 255 255 0 0 0 255 255 0 0 255 255 255 0 0 46 0 255 0 255 255
    255 255 0 196 255 255 255 0 255 0 0 0 63</data></my_img>
<your_img type_id="opencv-matrix">
  <rows>128</rows>
  <cols>256</cols>
  <dt>"3u"</dt>
  <data>
    255 255 142 0 0 0 255 0 255 249 0 0 0 204 33 17 189 22 18 255 255 0
    0 255 188 255 155 0 116 255 255 0 0 0 255 255 0 0 255 0 255 43 255
    150 129 255 3 255 0 255 82 0 0 0 255 255 255 0 0 0 0 0 0 138 0 255
    215 178 0 0 255 255 167 0 0 0 255 0 255 0 0 255 255 255 255 65 0 0
    255 177 255 255 0 39 255 255 255 0 213 0 0 0 0 255 0 255 44 255 110
    255 0 255 0 255 255 255 0 255 0 0 0 255 255 152 0 0 228 33 255 0 0 0
    145 0 0 0 255 255 255 0 255 0 255 0 255 255 255 255 0 0 0 56 0 255
    183 255 255 255 122 0 0 255 255 0 232 0 255 157 54 0 255 255 255 187
    0 0 0 255 255 255 174 255 255 255 255 0 0 0 255 255 205 255 255 240
    255 255 0 0 0 255 255 255 0 0 255 0 255 203 0 255 251 255 0 0 255 0
    255 0 0 0 255 0 255 127 255 245 255 255 255 170 119 0 0 0 0 0 26 255
    255 0 59 0 255 255 255 0 0 0 237 255 255 166 255 224 0 206 255 0 0
    30 255 0 255 0 224 0 0 255 0 0 255 255 255 214 0 0 0 255 255 0 0 255
    139 71 255 0 255 0 255 255 255 0 255 177 133 196 255 0 0 0 0 255 192
    255 0 255 60 255 0 255 40 0 0 255 255 255 108 255 207 0 255 136 255
    0 255 0 255 0 120 0 35 0 255 255 255 255 94 255 0 77 0 0 0 158 255
    255 255 15 255 255 255 45 56 0 0 183 25 255 255 219 236 172 255 0 19
    0 177 0 255 255 255 255 0 0 0 0 0 255 255 255 255 255 0 255 109 122
    0 0 255 255 255 0 0 255 255 255 0 0 0 255 0 255 0 0 255 255 255 0
    252 255 0 0 0 0 0 35 255 255 0 255 0 167 255 197 0 172 4 255 0 10
    143 0 255 0 255 0 255 0 255 255 0 166 255 0 225 0 0 0 255 255 0 255
    0 82 255 149 255 255 255 255 0 184 0 80 0 255 0 0 76 255 0 255 0 255
    0 255 0 12 0 255 0 194 255 129 0 0 11 0 0 255 255 255 0 255 255 0 0
    0 255 255 42 0 0 255 255 255 165 0 0 255 255 255 239 255 255 255 255
    0 0 31 255 255 255 255 0 255 0 255 255 255 155 0 0 0 0 204 0 255 0 0
    255 255 118 98 0 255 255 255 255 162 255 0 0 0 0 255 255 0 0 255 0
    255 0 0 0 255 243 255 255 255 0 255 0 255 0 255 255 255 0 13 255 255
    255 255 0 0 216 40 255 0 255 172 0 44 255 255 255 0 0 94 255 255 0
    255 255 255 255 255 255 26 0 0 255 0 255 255 255 0 0 255 255 255 230
    0 0 0 255 255 0 0 0 255 255 255 231 255 255 0 255 0 255 0 0 0 14 255
    255 0 195 0 255 0 0 0 255 255 255 214 0 0 255 0 255 27 0 172 255 255
    0 0 108 255 84 0 255 255 0 26 0 255 128 255 0 255 0 0 229 0 255 255
    255 0 0 255 255 0 0 0 14 0 247 6 255 255 0 0 255 89 120 0 255 255 0
    0 49 119 255 64 255 255 198 116 0 0 255 0 255 0 0 255 255 255 203
    255 0 255 0 155 0 255 255 255 215 0 255 129 0 0 255 255 0 0 255 255
    247 0 255 255 0 0 109 60 255 0 0 255 255 255 0 159 38 0 0 255 255 0
    255 0 255 0 0 255 255 255 0 255 255 245 0 255 255 69 0 255 255 255 0
    0 0 138 255 255 0 0 0 52 0 247 255 255 0 0 255 0 255 0 255 0 255 255
    255 142 255 0 168 0 255 255 240 255 255 98 255 96 220 225 255 255
    135 0 255 0 0 0 255 255 255 51 239 0 255 255 0 0 174 255 0 255 12
    143 255 255 0 0 0 151 0 255 103 87 255 0 255 0 0 0 0 0 255 255 255 0
    0 179 162 184 0 255 0 255 7 174 255 255 0 255 0 255 0 255 0 255 0
    255 39 41 255 255 0 213 0 253 255 128 0 0 255 255 255 142 255 255
    255 156 0 255 46 164 0 255 255 255 0 255 0 255 0 255 0 0 223 0 0 255
    255 255 0 216 98 0 0 0 0 0 51 124 196 0 0 132 0 255 0 0 0 0 255 0
    255 0 255 255 0 0 0 255 165 0 0 0 255 0 255 0 255 255 0 255 255 255
    255 0 255 0 255 255 255 0 0 179 255 255 255 0 0 0 0 255 0 255 0 219
    0 255 255 255 0 162 141 255 255 0 0 0 255 255 255 83 0 255 0 255 0
    255 255 0 0 0 38 0 9 255 255 255 255 0 0 94 255 255 255 44 0 255 111
    255 0 0 0 255 0 255 255 0 0 255 255 255 0 255 0 198 255 255 0 0 255
    162 25 255 255 0 0 0 255 0 255 237 255 0 0 87 255 255 0 0 0 255 80
    255 255 0 0 0 0 0 255 0 255 237 0 0 255 255 0 255 255 0 64 0 255 17
    255 0 255 0 242 255 255 0 0 0 255 255 255 255 42 255 0 164 0 26 152
    255 255 255 0 255 28 0 255 255 255 0 177 255 63 0 133 0 255 143 0 0
    0 255 255 127 255 0 255 255 0 0 255 255 255 7 255 255 255 255 255
    255 0 0 255 0 85 213 0 134 255 0 0 0 237 224 255 255 255 0 0 255 0
    255 84 255 0 255 0 255 0 255 0 255 0 0 255 255 255 255 0 255 203 0 0
    0 255 127 255 0 255 115 255 186 0 198 27 0 255 0 113 0 255 255 0 0
    90 0 0 122 255 255 0 0 232 255 255 0 0 38 255 255 255 115 0 0 255
    255 255 255 0 199 0 197 255 0 0 255 209 0 0 0 255 255 255 0 0 0 0 86
    255 0 110 0 255 0 0 255 44 0 255 197 255 0 0 0 240 255 174 0 255 255
    82 0 0 255 43 255 0 255 0 0 255 255 255 0 255 0 255 255 255 0 255 0
    255 0 255 0 255 255 255 0 0 0 0 255 255 255 255 0 0 255 0 0 0 255
    127 0 255 11 0 0 0 255 98 0 202 255 42 0 0 255 167 255 93 127 0 0
    255 0 0 13 255 255 255 0 0 0 126 255 255 201 255 255 255 15 11 0 0
    50 163 0 116 255 255 255 0 255 255 255 255 0 0 255 255 255 255 255
    235 255 0 222 0 255 255 255 255 255 0 0 255 255 0 0 127 255 255 0 0
    0 255 0 255 0 103 255 0 0 255 55 255 3 63 182 255 0 0 219 0 255 0
    255 92 255 0 255 207 255 0 0 255 255 203 103 255 255 255 182 255 0
    255 45 43 0 255 197 255 103 255 0 0 255 0 255 0 0 0 84 0 24 255 0
    255 97 255 0 0 255 255 255 255 0 255 255 255 0 255 255 255 0 0 255 0
    255 255 255 0 255 0 215 0 224 255 255 212 255 0 184 0 255 0 232 0
    255 255 0 0 255 255 0 0 255 0 24 0 0 0 0 0 0 0 0 255 128 255 0 0 255
    255 255 255 222 255 112 0 0 0 255 173 255 0 255 255 255 255 202 0 0
    0 255 0 223 0 255 0 0 255 255 0 79 255 0 255 0 0 0 0 255 255 255 139
    0 0 0 255 255 0 255 0 0 0 255 255 255 251 0 0 255 22 0 0 90 255 0
    162 255 255 255 0 255 255 56 0 0 255 0 0 255 0 0 0 255 0 255 0 255
    255 255 150 0 255 0 255 0 255 0 255 255 117 0 0 0 164 159 255 0 255
    255 0 0 255 255 111 0 0 0 255 255 255 0 0 0 255 255 255 0 0 0 255
    255 61 0 178 0 255 255 130 204 255 0 0 255 143 0 255 109 255 0 255 0
    255 255 236 226 0 255 75 0 255 255 255 234 0 89 255 255 159 0 255
    255 255 0 255 255 101 255 0 255 255 255 0 0 246 231 0 79 0 255 46
    255 0 0 255 255 0 0 0 0 255 0 255 135 255 0 210 0 0 46 0 255 0 255 0
    255 0 0 0 255 255 255 250 0 240 255 255 255 0 0 255 255 204 255 0
    255 0 255 255 255 0 0 46 255 0 0 0 0 1 0 255 0 154 0 255 255 0 0 0
    150 0 255 0 255 0 0 255 0 255 0 187 0 255 255 0 0 10 255 5 222 0 0 0
    255 255 212 0 0 0 0 255 0 177 255 0 0 0 255 255 249 0 0 255 255 255
    255 4 102 255 255 0 0 255 254 156 255 202 38 0 0 0 255 0 255 255 176
    0 0 255 255 255 189 0 0 255 255 177 0 181 255 255 0 0 0 255 0 204
    131 255 0 255 0 0 0 0 255 0 146 255 255 255 0 255 36 255 255 255 0 0
    12 152 79 255 0 0 45 255 255 255 255 0 219 80 0 255 0 255 0 255 0
    255 255 0 255 174 0 0 255 40 255 0 198 209 255 0 0 238 255 18 0 0
    255 255 255 255 255 127 0 102 0 255 0 255 0 0 255 0 42 0 255 0 0 0
    255 255 156 0 237 0 0 255 213 0 255 0 131 0 255 255 255 255 0 0 255
    255 0 0 255 139 255 0 0 255 0 255 0 0 0 0 16 0 0 255 255 0 255 0 255
    0 255 0 255 255 255 22 255 0 0 0 255 255 0 0 255 1 255 9 0 255 0 255
    255 255 0 0 48 0 255 255 255 0 255 0 255 0 0 0 255 255 255 255 0 255
    0 255 0 255 0 255 0 0 255 226 255 0 0 255 255 255 0 255 0 0 255 130
    0 255 45 0 0 255 0 255 0 255 0 255 138 0 0 255 0 0 255 7 255 0 255 0
    255 0 0 255 140 0 0 255 255 0 255 0 213 71 255 255 255 0 0 0 0 0 38
    0 0 102 255 0 255 255 0 255 0 0 0 255 255 0 183 255 200 0 0 0 169
    255 0 0 0 0 0 255 255 176 160 0 0 0 255 196 30 0 62 255 255 255 95 0
    196 0 175 198 0 0 255 145 0 255 0 0 180 239 203 255 255 0 0 198 104
    255 0 0 255 255 0 135 255 239 255 152 255 0 0 0 255 255 255 0 0 0
    243 0 17 255 255 90 179 255 0 255 0 255 127 255 0 255 255 255 255
    255 0 0 0 0 0 0 255 255 0 201 0 0 255 0 0 0 0 171 255 184 177 0 0
    255 148 255 0 126 231 255 255 255 0 0 0 0 255 0 0 0 249 255 255 0 0
    0 255 11 255 0 0 255 0 114 255 255 255 255 255 0 0 255 255 255 0 255
    0 255 255 0 0 0 255 255 255 0 0 255 0 255 0 255 182 0 255 0 255 255
    255 255 71 255 0 255 0 255 255 0 0 31 255 81 255 0 255 255 255 255
    255 15 0 0 80 255 255 0 255 255 0 214 79 255 255 0 255 255 255 255 0
    0 255 0 0 0 131 255 0 19 255 255 0 255 0 255 0 255 0 255 78 255 0
    255 255 255 0 255 255 0 0 0 0 0 255 255 255 0 255 0 255 0 0 255 255
    255 255 79 255 0 0 0 255 255 255 0 32 0 0 255 0 0 255 0 0 0 57 255 3
    0 0 255 0 15 0 0 255 255 255 0 0 0 255 255 0 255 193 0 0 81 255 225
    255 0 0 255 255 255 255 0 81 0 27 0 56 0 255 0 0 0 255 255 0 0 255
    39 0 255 0 75 0 0 0 255 255 0 255 53 208 0 0 0 0 255 255 149 0 255
    255 255 2 0 189 166 255 131 130 0 147 255 0 79 255 255 255 255 0 255
    0 255 0 0 255 194 255 0 255 255 0 255 255 0 0 54 0 0 0 0 142 146 242
    0 208 0 0 209 255 255 255 255 0 95 0 0 255 255 255 255 0 0 255 0 0 0
    255 0 255 0 255 255 255 0 255 184 0 21 255 200 0 0 0 0 255 255 255
    255 255 93 77 64 255 0 0 255 255 0 0 0 255 255 192 0 170 255 0 0 0
    255 255 116 0 175 0 255 0 255 0 255 255 255 52 0 255 0 34 0 255 255
    255 255 0 238 255 255 255 255 0 0 0 255 255 255 199 226 81 0 0 255
    255 255 0 0 174 255 198 255 0 255 255 0 0 26 255 0 0 0 0 255 255 83
    54 255 0 0 255 255 255 0 0 0 255 0 0 255 255 255 255 0 255 0 255 255
    0 0 200 0 255 255 0 0 0 255 255 255 255 186 57 0 255 94 255 255 255
    142 0 0 0 0 255 0 255 0 255 155 255 255 130 0 0 0 0 0 0 255 255 103
    255 255 255 44 0 0 255 255 0 0 0 234 249 255 190 141 0 248 255 0 255
    255 88 255 163 0 214 0 255 0 255 4 212 165 0 0 0 255 0 255 0 255 0 0
    0 255 0 0 0 255 255 255 255 0 0 0 255 255 255 255 0 0 255 0 245 80 0
    195 0 255 255 0 0 0 255 0 137 255 255 255 191 0 255 255 255 0 255 0
    255 255 255 255 255 12 0 255 14 255 255 72 255 255 0 0 0 255 255 65
    0 0 255 0 0 255 132 255 255 0 249 0 0 255 0 0 0 0 255 0 201 0 255 0
    0 255 0 255 255 255 136 255 0 98 14 0 157 96 255 0 7 0 0 169 255 255
    255 255 255 0 0 0 255 253 255 255 255 0 255 0 255 0 255 255 0 0 255
    255 255 255 218 87 255 0 0 0 255 0 0 255 0 255 0 0 0 255 255 255 255
    23 0 0 255 0 0 0 255 255 255 0 133 255 0 0 0 255 0 177 0 0 245 255
    255 72 0 0 255 255 255 0 213 0 0 0 255 0 255 255 255 255 0 0 0 255
    255 255 255 255 0 0 0 0 19 0 255 80 255 0 255 0 255 0 0 255 0 88 0
    255 255 255 255 0 0 255 255 68 44 0 0 255 255 255 255 0 157 0 0 183
    255 255 0 0 0 255 234 255 0 0 0 255 0 255 32 122 179 255 255 255 0 0
    0 12 0 255 255 255 255 22 85 0 1 0 167 0 0 255 8 255 0 0 0 255 255 0
    0 54 255 199 0 255 255 255 255 0 255 255 102 226 0 0 0 255 255 0 225
    0 98 0 0 0 0 84 7 255 255 180 200 37 0 0 0 0 0 0 0 255 0 255 25 0 0
    104 0 0 255 201 255 0 0 255 0 241 255 0 112 0 255 255 0 0 0 116 255
    255 42 0 0 0 255 0 0 0 243 0 0 255 63 0 148 255 0 0 0 255 0 108 0 0
    0 255 0 136 0 255 255 255 0 0 203 255 0 255 0 255 0 255 255 240 255
    61 0 203 255 255 150 255 0 0 208 255 0 255 255 255 255 0 245 255 0
    255 255 255 0 0 255 255 255 255 255 0 0 0 255 0 0 0 0 159 255 0 206
    145 255 255 0 0 64 255 218 255 255 255 174 0 0 25 184 255 0 255 255
    112 255 0 255 245 0 0 34 255 0 143 0 255 255 255 0 0 71 255 255 0
    255 0 255 0 19 0 255 181 126 0 0 0 255 163 0 254 255 0 0 0 255 0 255
    255 8 0 0 135 0 0 255 0 142 255 249 0 0 0 255 255 255 0 255 255 255
    255 0 0 0 0 30 255 255 255 15 0 255 0 255 0 255 0 0 0 255 255 15 0
    81 255 255 255 255 255 0 0 29 255 0 209 255 255 0 106 0 0 0 255 187
    118 0 255 255 255 0 0 0 255 0 255 255 0 255 201 255 255 175 85 0 0 0
    0 255 222 255 0 255 206 255 68 255 0 255 0 0 0 0 0 0 255 0 255 137
    255 0 0 193 0 24 255 0 0 198 93 255 0 255 255 255 0 255 0 255 0 147
    255 213 0 0 255 0 106 0 0 255 255 255 0 0 0 0 255 255 255 0 255 0
    145 128 255 40 0 0 255 255 0 0 83 0 0 0 255 0 0 147 255 117 0 255 0
    255 21 255 0 255 255 0 255 0 0 0 255 255 241 29 0 255 255 255 142 96
    0 0 255 255 255 73 0 0 169 255 255 212 255 0 0 0 0 76 255 255 255 0
    255 44 255 255 0 160 0 255 44 255 7 0 79 53 255 0 0 0 0 86 255 0 255
    255 255 255 242 255 47 193 255 142 0 0 0 255 210 0 255 255 255 0 0
    193 118 255 0 255 152 255 255 255 0 255 115 0 0 0 255 255 173 255
    255 0 0 0 255 255 255 0 0 255 0 0 0 232 255 0 73 0 255 177 255 255 0
    0 0 135 0 255 0 255 0 0 37 255 255 0 0 255 255 207 255 0 105 0 221
    54 0 0 0 0 235 128 66 0 0 255 255 107 0 0 255 0 202 0 255 255 32 255
    0 0 0 70 0 255 0 0 255 0 0 0 255 255 255 255 0 11 0 70 255 255 255
    255 255 0 255 0 0 255 255 0 0 0 255 74 255 0 127 0 0 0 0 0 127 255 0
    0 255 0 255 0 68 255 255 66 77 0 0 0 0 255 0 255 255 0 0 107 255 255
    0 255 255 0 255 0 175 186 255 0 0 255 255 0 0 238 0 255 0 60 106 255
    0 238 0 239 0 173 0 255 24 255 65 255 255 0 0 0 0 0 0 255 255 132 0
    0 255 255 140 0 255 255 255 0 0 202 0 216 0 109 0 255 58 0 0 248 138
    255 255 0 0 255 255 255 88 0 244 0 0 0 255 0 152 0 255 0 255 138 0
    255 255 0 0 255 255 255 255 0 255 0 0 255 6 0 0 42 255 0 0 0 255 142
    255 0 255 255 255 255 0 0 223 255 101 0 25 235 0 255 245 255 92 0 0
    0 255 255 0 0 0 68 0 255 255 0 0 0 255 255 0 0 0 255 0 255 151 255
    255 49 0 255 0 41 0 255 152 255 205 0 122 142 0 239 53 27 180 0 255
    0 86 19 0 255 255 58 0 0 255 255 0 255 255 255 0 58 255 255 255 0 0
    255 0 255 255 255 255 135 231 255 0 255 255 0 255 255 255 58 0 137 0
    94 255 34 0 0 255 255 255 255 106 255 255 0 0 0 0 255 125 0 0 0 255
    255 255 130 0 226 255 255 255 0 255 0 0 255 255 87 255 0 255 26 43
    255 8 0 0 255 255 255 0 0 0 0 255 255 163 0 55 0 0 187 255 255 255 0
    255 0 255 255 0 243 67 255 63 2 169 68 27 90 193 255 0 178 0 0 255 0
    255 129 255 255 255 196 0 255 255 255 11 0 255 255 0 255 0 0 0 255
    255 0 255 0 255 255 0 255 0 255 116 0 0 136 255 228 255 255 255 0 5
    0 255 255 255 0 255 255 255 0 140 255 255 0 255 255 255 0 0 0 255
    255 0 0 255 255 255 255 196 0 0 0 255 77 255 112 255 0 0 0 0 255 39
    255 0 27 255 0 0 0 255 0 0 255 255 255 0 0 0 36 255 255 255 255 117
    255 0 225 255 255 55 9 0 255 229 255 39 255 255 54 0 0 255 255 255 0
    255 0 71 255 255 0 255 255 255 0 0 0 255 255 0 0 255 255 255 0 0 126
    255 255 116 1 0 255 255 255 255 0 255 255 255 0 0 0 163 255 255 255
    0 0 0 255 0 255 255 255 85 0 0 0 255 0 255 0 255 0 0 0 210 255 255 0
    0 0 108 0 255 0 255 255 0 255 0 255 0 0 0 255 255 134 98 0 255 0 255
    20 255 0 0 255 255 255 0 0 0 76 0 255 255 255 134 0 255 130 255 0 0
    0 255 0 255 255 0 0 255 100 127 255 0 255 255 173 0 87 0 0 255 255
    255 255 0 255 0 0 0 0 255 255 255 255 49 0 0 255 0 0 0 222 255 0 255
    0 21 255 106 255 0 247 255 255 0 0 0 58 255 0 216 255 128 166 0 0
    255 255 255 0 255 0 255 255 255 0 0 0 255 255 255 252 255 0 0 0 121
    0 0 0 255 255 0 0 0 255 0 255 136 129 0 156 0 255 0 255 0 255 0 0 60
    255 255 0 255 0 255 0 255 255 0 53 0 255 243 255 0 118 0 255 255 0 0
    95 255 0 81 255 33 253 246 6 255 0 255 0 255 0 255 59 255 255 0 0
    255 0 255 0 255 0 255 251 255 0 0 79 255 0 0 181 0 0 189 116 0 0 0
    255 0 255 0 229 0 255 255 0 144 255 171 255 0 0 255 255 255 255 0 0
    255 255 216 0 0 255 255 255 0 255 99 255 0 96 0 111 255 255 255 255
    255 0 255 196 255 0 0 0 0 0 19 255 0 0 225 255 255 0 0 0 0 255 0 255
    0 118 0 255 255 0 0 0 255 255 0 0 255 0 255 255 163 200 0 0 255 0
    255 255 225 0 234 0 255 255 255 49 255 255 0 125 0 255 0 189 42 255
    210 255 99 41 243 0 255 255 255 0 0 255 0 62 0 68 255 255 186 0 0 0
    0 255 116 255 0 0 0 0 0 0 255 255 0 0 0 0 0 255 0 255 0 255 255 255
    0 121 255 0 255 255 255 201 0 0 255 255 255 0 255 255 255 0 255 0 0
    0 255 255 8 0 0 0 255 0 0 0 255 0 255 0 255 0 155 255 255 157 0 158
    214 255 255 0 0 0 255 255 0 0 0 100 255 255 255 176 0 0 255 255 255
    0 199 0 255 178 255 255 246 0 255 0 255 230 0 0 255 255 255 0 197
    255 111 0 255 255 57 255 0 255 96 170 255 0 0 162 255 0 69 255 255 0
    229 5 255 0 0 0 255 255 255 0 255 0 255 255 83 0 0 26 0 255 97 62 2
    222 0 255 255 165 50 255 0 0 0 0 255 119 255 255 0 0 0 255 255 0 151
    255 0 255 0 0 0 0 105 255 255 255 0 0 255 255 148 0 0 0 0 130 255
    255 255 0 0 0 255 0 29 0 0 91 255 0 0 0 255 0 0 255 255 244 0 0 255
    255 255 255 0 0 0 115 0 255 0 0 0 255 255 24 0 255 204 177 255 133
    255 219 255 203 0 255 0 255 255 0 145 255 180 0 0 255 255 255 255 30
    193 0 0 0 255 255 146 0 0 255 0 0 114 205 255 48 0 1 0 106 142 0 0
    19 255 255 255 255 0 158 255 0 0 0 255 255 255 0 208 0 0 109 255 255
    255 57 0 255 255 0 45 255 0 0 194 77 255 0 255 0 255 0 255 255 0 0
    87 0 255 0 0 0 0 26 0 58 0 255 255 255 39 240 255 0 0 67 255 245 0
    255 0 255 255 0 0 0 255 255 255 255 164 255 0 0 0 255 0 255 69 255
    255 160 255 0 57 0 255 0 0 0 0 255 0 197 42 255 255 0 23 0 86 255 0
    255 55 0 255 0 71 0 0 255 255 255 141 255 255 255 0 255 0 0 0 255
    216 255 0 255 105 255 0 255 0 0 0 0 214 250 0 255 255 0 255 0 255
    255 67 0 255 0 166 0 188 0 255 0 255 0 34 0 255 188 245 0 255 0 0
    255 210 255 102 154 71 255 1 140 0 32 0 255 255 0 255 0 0 255 255
    161 0 0 252 0 0 175 255 255 0 255 255 255 0 255 255 210 255 248 0 0
    0 35 83 255 0 255 0 0 0 0 255 7 0 255 0 0 255 0 255 0 255 90 221 0
    255 0 255 0 255 0 68 0 24 255 0 44 255 0 0 242 0 255 255 254 92 255
    0 244 0 235 255 255 255 0 255 0 0 0 188 255 255 255 104 255 0 215 18
    0 255 0 255 0 255 255 128 255 0 255 43 188 122 0 255 98 3 73 255 255
    0 0 0 178 255 216 255 0 101 255 255 255 0 255 0 255 162 0 231 0 255
    255 239 255 255 93 255 246 255 29 255 0 0 70 255 0 227 0 0 36 255
    255 255 0 255 0 255 255 116 0 0 255 255 0 68 255 255 101 255 255 255
    0 151 0 255 255 161 0 0 0 255 255 255 0 130 106 255 255 0 132 0 0 0
    255 0 0 0 164 255 255 255 216 255 0 239 0 0 255 208 0 255 0 255 255
    255 255 0 255 0 255 255 0 0 0 255 0 255 255 0 0 255 255 255 185 8 0
    255 255 0 0 255 0 255 0 99 0 0 233 255 239 0 0 0 255 0 43 0 255 255
    0 255 0 255 0 255 255 42 0 255 94 108 0 255 255 0 69 255 215 64 0 35
    0 0 0 254 255 0 184 0 255 255 255 255 0 1 0 255 0 255 37 255 255 255
    0 255 255 0 67 12 0 255 255 255 0 255 0 255 239 255 0 255 255 255
    255 0 0 119 0 0 0 228 255 0 0 255 255 207 0 255 255 255 0 0 0 255
    255 255 164 44 0 48 162 123 255 255 255 0 78 0 255 0 255 0 148 0 204
    255 255 0 255 255 0 157 0 255 0 255 0 255 245 210 255 255 255 0 128
    255 196 0 13 124 255 255 135 255 16 255 0 255 0 0 0 0 255 0 255 0
    255 255 206 0 0 0 0 0 0 87 0 255 0 255 159 255 198 255 255 12 239 0
    222 0 255 194 255 255 255 0 255 135 105 255 255 34 0 255 255 255 0 0
    0 255 255 0 255 0 210 0 79 0 0 255 255 0 141 0 255 255 255 185 255
    255 193 0 42 255 0 24 0 255 0 0 255 0 33 0 255 255 0 255 0 255 242
    255 255 255 0 255 0 255 255 0 255 0 255 168 255 255 0 255 216 103 0
    255 255 69 235 255 255 0 54 250 211 255 17 255 0 255 255 0 255 0 0 0
    255 255 0 255 0 255 0 0 111 255 255 157 0 0 0 0 255 0 0 0 255 248
    255 0 0 0 255 0 35 255 132 0 0 255 255 255 0 255 116 255 0 255 20
    222 0 0 0 149 255 0 0 41 190 0 0 0 0 193 255 199 255 255 255 0 0 0
    255 255 255 255 194 255 0 18 186 255 255 0 255 0 255 136 255 255 255
    40 0 255 255 0 0 255 171 255 0 255 255 255 0 0 0 192 255 0 0 0 255
    255 74 255 161 255 255 0 255 173 182 0 255 255 0 0 0 0 255 156 164
    255 0 255 0 0 255 0 255 0 0 255 255 255 0 0 0 0 0 0 0 255 0 255 51 0
    0 0 255 0 255 255 134 56 203 0 59 255 255 0 0 249 157 255 255 255
    152 29 0 255 156 255 0 45 0 0 236 255 255 255 0 105 0 0 0 0 255 148
    255 0 255 255 255 157 0 58 255 255 255 0 84 73 255 0 255 14 212 0
    255 67 0 0 255 255 0 255 0 0 0 255 255 0 0 0 255 214 60 93 172 255 0
    81 0 0 255 76 255 0 145 0 255 0 255 94 0 0 227 0 255 24 255 255 0
    255 0 220 255 255 255 0 42 0 50 68 0 160 255 0 255 0 146 0 0 255 0
    255 255 255 218 0 0 255 0 0 0 255 152 151 0 255 0 39 136 0 199 0 0
    255 255 62 0 0 0 255 252 255 255 0 0 255 255 0 0 0 0 0 191 0 196 0
    255 255 255 255 255 0 0 0 255 255 0 255 255 58 98 0 0 113 33 48 0 0
    255 0 255 255 0 163 255 0 0 245 0 255 0 255 255 0 255 0 0 243 0 255
    255 178 0 0 255 212 255 0 240 255 0 0 0 255 0 255 255 255 0 198 56
    13 32 201 255 185 0 0 255 171 255 0 0 0 255 255 255 89 0 0 0 0 255
    255 255 94 255 0 255 92 0 81 0 255 247 255 255 255 0 255 173 0 103
    235 254 255 255 0 255 0 182 0 133 255 255 3 255 0 255 255 255 0 255
    255 255 0 255 255 255 0 255 255 0 0 0 0 255 255 118 105 255 0 0 255
    255 0 255 0 94 0 255 193 131 0 0 255 255 255 0 216 0 255 255 249 0
    255 0 74 26 0 255 255 154 0 0 0 255 255 0 0 195 255 255 0 255 110 0
    0 255 255 219 0 36 0 195 233 255 0 255 59 255 0 255 0 0 255 68 255 0
    0 255 0 255 0 255 0 255 0 255 0 255 106 255 17 255 0 0 0 51 182 255
    255 0 0 0 1 255 255 255 100 0 144 0 0 197 131 86 21 0 255 0 255 0
    255 0 0 255 255 0 0 255 0 0 0 255 255 172 255 126 113 0 255 255 255
    60 0 0 0 255 255 68 255 154 0 43 255 255 20 0 255 0 0 0 255 255 255
    251 255 126 0 0 84 206 0 255 255 73 0 0 255 255 255 0 0 20 255 255
    21 239 0 0 0 255 0 255 0 0 0 0 0 255 147 255 255 255 226 0 255 0 255
    0 255 255 255 255 0 255 98 0 0 0 255 255 0 0 255 255 0 0 0 255 255 0
    255 0 255 0 255 0 255 0 0 0 118 255 0 255 0 255 0 1 0 46 0 255 255
    255 0 0 228 74 255 120 0 255 0 255 255 255 93 0 255 44 255 84 90 234
    0 0 0 0 0 255 128 230 255 255 0 0 255 42 255 0 255 0 255 255 168 34
    255 255 0 98 0 148 0 255 0 0 0 255 255 255 0 0 0 255 255 0 255 52 10
    0 255 230 0 255 0 255 31 0 0 0 176 255 255 0 255 255 57 255 255 0 0
    0 255 255 255 255 119 0 0 255 246 255 255 255 0 255 255 255 0 255 0
    255 255 52 0 0 255 0 129 255 255 0 0 77 255 255 0 255 255 255 0 118
    255 0 0 0 255 18 189 0 255 0 255 30 116 228 0 255 0 15 0 0 0 102 255
    255 255 179 255 151 255 0 255 0 255 0 0 0 255 0 255 255 189 255 0 0
    0 255 255 0 225 0 255 0 255 255 140 0 255 131 174 255 0 119 0 0 13
    255 255 255 255 0 65 0 255 0 0 0 76 255 255 255 0 249 0 255 255 0 28
    0 13 255 73 239 0 63 135 0 0 0 255 0 27 255 255 0 161 255 255 230 0
    99 255 255 205 255 0 255 0 0 29 0 255 139 255 255 255 0 45 0 255 0 0
    255 255 0 255 255 255 0 0 255 53 255 255 255 115 255 0 255 0 0 0 0
    97 0 30 0 255 255 0 255 40 255 0 255 255 100 0 67 255 255 0 0 232
    255 255 125 190 112 0 255 179 255 0 255 0 0 0 255 255 0 0 255 255
    255 0 254 255 255 255 0 0 255 255 255 0 0 46 138 64 252 0 255 0 0
    255 255 0 106 0 0 255 131 255 0 92 255 150 0 0 255 255 255 74 0 0 15
    255 255 87 255 83 255 0 248 0 255 0 237 186 18 0 181 187 0 255 134
    255 0 255 0 255 0 255 255 232 0 190 0 0 255 255 0 255 0 0 234 217 0
    0 255 0 255 0 255 0 255 0 255 0 207 0 255 255 43 0 0 255 223 255 255
    0 255 0 0 205 255 160 255 0 255 121 0 0 255 0 255 255 255 0 255 51
    255 0 157 0 255 255 0 0 0 63 29 0 255 0 0 142 255 255 0 0 0 255 0
    255 0 0 0 255 255 0 0 0 255 0 255 242 255 0 0 0 255 255 255 104 0
    255 66 255 0 255 0 0 26 0 0 115 0 255 69 0 0 0 255 255 0 255 21 255
    0 0 255 255 0 255 0 255 228 255 255 150 0 255 255 109 0 255 255 255
    88 0 0 255 0 185 0 255 0 255 255 255 0 255 0 0 0 255 81 0 0 0 255 30
    255 165 0 0 0 255 255 225 215 0 76 0 0 141 255 3 255 255 0 255 255
    255 0 255 0 82 0 255 0 255 87 226 0 0 0 255 255 255 157 129 0 255 0
    255 0 255 0 255 207 255 0 212 255 0 255 0 0 0 255 255 176 255 0 255
    150 213 255 255 255 94 255 0 255 255 0 255 255 80 255 88 255 255 35
    0 179 103 255 0 0 255 255 0 0 0 0 255 255 255 0 36 255 109 197 0 0 0
    0 255 255 0 255 255 255 171 110 255 0 0 95 0 255 0 255 255 255 0 0
    80 255 255 255 255 234 255 0 0 255 255 255 132 0 0 255 255 0 255 0
    255 255 215 90 0 255 0 255 0 255 0 255 0 157 155 0 255 0 0 0 255 255
    255 85 0 0 255 224 122 0 255 0 0 0 255 0 0 255 255 79 0 255 151 0
    255 255 255 0 206 255 255 255 0 236 255 255 0 0 0 184 255 173 0 0
    255 255 211 255 0 0 0 0 255 255 0 0 0 255 255 98 255 0 0 255 0 0 0
    140 0 10 255 0 255 255 0 255 0 204 0 167 70 255 94 255 26 0 0 255
    255 105 255 255 255 255 0 0 0 255 255 158 255 0 255 255 255 37 53
    255 255 0 255 0 132 0 245 0 0 0 0 255 255 86 255 27 0 0 0 255 0 255
    0 0 0 255 0 0 119 255 255 255 255 255 0 0 0 0 255 255 255 255 255
    255 255 255 255 51 0 0 0 0 231 0 255 0 0 29 158 255 0 0 255 255 0 0
    255 184 84 255 0 255 0 255 13 5 0 255 255 255 201 0 0 0 0 0 255 255
    113 255 0 255 0 0 255 255 206 0 0 0 255 255 255 255 255 189 0 255 0
    255 0 255 0 0 0 79 255 255 0 255 0 255 0 0 0 0 0 231 255 194 0 255
    49 255 0 255 0 0 0 255 0 0 255 255 0 255 54 110 0 0 255 255 86 0 255
    255 0 190 93 255 255 0 47 0 255 0 255 0 0 69 187 0 0 0 247 255 118
    255 0 24 0 255 255 255 158 0 255 31 255 124 56 255 0 0 0 0 0 255 255
    0 0 0 255 39 255 0 239 255 255 255 0 0 255 255 0 213 255 255 0 255 3
    255 0 255 255 255 47 255 0 255 0 120 255 0 146 0 255 0 208 152 0 0
    84 0 0 255 41 255 0 255 0 0 0 0 74 0 255 109 255 255 0 0 0 255 0 255
    97 255 0 0 255 0 255 255 0 255 0 255 255 255 255 255 255 0 0 255 43
    255 0 0 255 19 255 255 0 255 71 255 255 0 255 0 255 0 255 78 255 0 0
    35 41 124 186 255 255 255 0 255 0 255 186 255 0 0 0 255 255 255 0 0
    0 248 0 255 255 139 99 255 0 0 5 255 255 255 0 255 0 255 255 255 198
    255 212 254 255 0 255 0 160 0 255 0 97 0 167 255 187 0 255 0 255 255
    255 0 0 0 255 255 255 0 255 0 255 255 68 11 141 255 255 255 0 255
    222 255 104 0 0 0 255 255 255 255 0 0 0 255 255 93 0 0 199 0 255 0
    255 0 255 255 255 0 255 0 250 255 255 255 0 255 175 255 0 244 0 255
    255 212 68 0 0 255 233 0 240 45 255 255 0 117 255 255 169 0 0 0 255
    0 255 255 0 0 228 255 255 0 255 0 255 0 255 0 255 255 255 255 0 255
    0 0 171 0 255 0 0 64 255 0 255 0 72 0 0 255 255 255 0 255 255 255 0
    255 255 255 91 255 255 255 255 255 88 0 255 255 0 0 255 255 0 0 0
    255 255 255 0 255 188 114 0 255 255 0 0 0 255 255 0 233 0 255 255 52
    0 106 0 248 255 255 228 38 0 255 0 198 0 255 0 255 255 255 0 1 255
    255 255 0 0 0 0 255 0 255 0 0 0 52 255 255 119 0 0 0 0 255 0 0 0 255
    19 212 0 0 255 6 170 0 0 180 255 255 255 255 0 255 0 184 0 255 225
    255 0 0 191 255 0 105 255 0 112 0 255 0 255 255 255 0 0 152 255 255
    255 125 0 255 0 255 0 255 255 255 0 0 0 255 0 255 255 0 85 0 255 0
    255 0 0 0 0 255 255 25 255 255 243 255 0 0 255 15 255 255 255 0 255
    255 255 0 16 0 135 0 255 255 255 0 208 255 255 252 0 0 255 80 255
    135 74 255 134 0 0 0 245 0 255 255 255 255 0 0 255 186 243 126 0 172
    0 17 0 255 93 0 202 255 0 239 180 0 255 255 255 0 78 0 0 189 255 255
    101 0 149 0 255 0 255 0 255 0 255 0 255 0 0 0 215 255 255 0 255 0 87
    0 0 255 0 118 0 0 196 0 27 0 255 255 255 227 0 0 0 255 0 0 255 255
    80 0 255 124 186 0 247 255 0 142 255 255 157 0 255 217 123 0 0 0 255
    94 255 0 255 144 156 0 0 255 0 255 0 255 0 20 0 255 255 255 0 0 255
    65 255 0 21 120 255 255 255 0 0 255 0 255 255 255 0 80 72 255 247 0
    0 0 255 0 0 255 255 255 251 255 149 0 0 255 255 255 201 174 0 0 0
    182 255 255 255 0 94 0 85 0 255 0 0 0 255 0 255 255 255 0 0 148 255
    0 255 0 64 255 161 82 0 255 255 255 0 0 255 255 255 0 75 128 255 207
    0 134 0 0 255 0 78 91 255 0 0 255 0 255 0 0 1 0 0 0 0 30 7 255 255 0
    255 255 255 0 0 255 255 255 255 0 0 0 255 98 0 29 0 0 255 255 255
    241 0 157 255 73 124 0 33 255 255 0 0 255 0 255 2 255 255 73 255 0
    255 98 255 255 0 0 255 255 255 208 0 0 0 255 147 0 115 89 255 0 255
    0 255 0 167 255 255 115 78 255 161 0 0 0 193 185 255 150 255 255 255
    0 164 255 255 0 0 0 0 255 0 0 255 255 255 0 84 0 255 255 255 0 0 0
    245 255 0 165 235 0 255 0 0 0 255 255 0 0 141 32 255 0 89 0 255 0
    255 0 255 0 111 255 255 255 255 0 221 0 255 0 255 0 46 0 255 0 0 0
    255 0 255 0 255 255 255 0 255 255 0 0 0 255 255 255 255 132 0 255
    255 255 255 70 255 0 0 255 255 0 255 0 0 61 255 0 0 0 255 255 0 168
    246 255 0 255 0 103 55 255 255 0 255 255 255 0 0 0 255 255 0 195 131
    255 255 0 0 0 255 0 0 225 0 0 255 255 255 150 215 0 0 0 0 255 255 0
    255 255 0 255 0 0 255 208 255 0 0 255 255 255 0 255 0 84 40 255 169
    0 255 0 0 89 255 0 210 255 255 13 0 255 245 0 255 255 255 0 0 78 255
    255 255 255 0 0 0 0 255 255 0 255 0 255 0 255 0 255 0 255 0 255 176
    255 0 255 0 0 146 0 255 255 0 0 255 255 179 178 0 0 0 255 0 255 255
    242 0 255 228 0 0 0 255 0 255 255 255 255 253 0 0 0 0 0 0 0 0 0 0 43
    255 0 255 46 255 0 255 85 255 0 255 153 0 0 255 255 255 0 0 0 255
    255 255 0 0 0 255 255 79 255 0 255 255 255 255 0 145 0 255 0 0 0 255
    0 255 255 0 255 0 255 0 255 0 0 198 255 255 255 255 255 255 255 255
    255 55 255 19 0 255 255 0 255 0 255 255 69 0 0 255 0 255 255 0 65
    255 255 255 0 0 255 255 255 0 0 255 0 255 0 255 0 255 0 255 255 28 0
    0 136 255 255 122 167 0 255 0 255 0 255 179 255 0 255 0 0 255 255 0
    0 0 0 255 66 255 0 255 0 255 0 59 0 255 255 0 0 255 255 255 0 57 255
    255 0 0 151 156 255 0 165 0 255 0 99 196 89 255 0 0 0 62 0 255 0 0 0
    255 255 121 219 255 0 0 255 255 255 178 255 0 0 0 255 255 255 255 0
    0 255 162 0 255 117 104 101 0 255 208 45 0 0 0 139 255 241 0 255 0
    255 176 0 0 255 255 110 0 255 0 255 147 0 0 255 79 20 0 255 255 255
    84 0 0 255 0 255 255 255 0 255 222 255 255 254 112 255 164 0 0 0 0 0
    0 255 0 255 0 255 0 17 0 255 0 255 0 255 218 0 0 0 0 255 255 171 0 0
    0 0 255 255 255 0 0 0 255 6 225 255 255 255 0 0 255 255 255 255 0
    255 0 127 0 255 0 245 0 255 255 255 108 0 119 255 255 0 0 0 255 182
    0 83 0 66 255 255 0 183 223 255 135 21 255 0 0 141 0 0 113 141 255 0
    253 0 255 0 255 0 0 0 255 255 157 0 0 0 0 0 50 0 255 0 255 0 0 14
    255 255 255 34 0 254 159 255 149 255 255 139 0 0 46 255 0 255 0 255
    0 64 146 230 0 255 255 255 0 187 255 0 255 0 255 0 255 0 0 179 188
    255 255 255 255 0 255 0 0 0 0 0 0 255 56 108 255 0 0 211 0 255 0 224
    166 237 0 255 0 0 0 0 80 0 0 215 255 0 255 0 255 0 255 0 167 0 0 255
    0 255 255 255 0 0 0 0 0 255 255 0 126 255 255 255 255 244 255 255 4
    255 226 0 43 255 255 0 0 0 0 0 0 0 73 49 194 255 255 255 255 255 0
    255 255 220 255 0 45 61 255 255 255 129 0 255 0 0 0 0 13 255 0 0 0
    47 255 255 0 255 255 255 0 255 32 255 0 255 0 157 0 255 81 255 0 0
    255 255 153 0 184 255 43 131 0 141 255 255 0 250 255 255 172 0 0 119
    255 0 0 0 0 255 0 255 246 255 255 255 11 0 0 0 0 255 255 0 0 0 255 0
    255 0 255 255 0 0 58 255 255 0 0 255 0 255 0 121 0 56 0 255 0 0 0
    191 0 0 74 0 93 0 255 149 255 255 255 0 0 255 255 255 0 0 163 255 0
    255 18 255 255 255 0 0 255 255 0 0 0 255 255 84 0 255 165 0 255 255
    255 255 0 0 255 255 255 0 0 39 255 93 255 0 0 0 255 255 255 0 255 0
    255 255 255 0 21 0 0 120 0 255 255 255 194 0 255 255 78 0 255 0 233
    0 203 0 181 255 255 255 19 255 0 255 249 0 0 78 167 255 255 0 0 0
    238 0 0 255 255 220 255 255 0 74 255 255 255 103 0 0 0 0 255 255 229
    0 15 255 0 255 0 0 0 48 255 103 0 255 0 255 255 0 0 59 255 255 2 0
    255 255 255 251 0 102 0 216 0 0 0 255 0 255 255 255 0 0 0 255 129 0
    0 0 0 255 0 255 0 255 255 255 0 0 255 0 255 30 0 0 255 0 0 0 0 255
    255 0 0 0 255 255 255 0 194 255 0 0 0 154 0 255 0 255 0 206 0 121 90
    0 0 255 255 0 255 0 255 205 132 0 0 0 190 255 255 137 0 0 24 255 0
    255 189 255 0 255 0 65 0 255 0 130 194 255 119 0 0 255 255 176 65 0
    255 0 255 0 255 0 214 255 255 0 139 0 255 0 255 74 255 0 0 255 255
    255 255 0 0 255 0 209 0 255 76 255 187 0 0 97 255 133 0 0 255 0 102
    0 226 255 231 255 210 0 0 0 255 255 255 25 0 255 0 255 0 255 0 255 0
    255 255 103 0 0 255 255 255 0 0 0 0 0 175 255 255 164 255 0 20 0 0
    255 123 255 255 255 0 0 0 255 255 0 96 0 255 0 255 255 79 0 255 255
    71 0 0 255 255 255 235 0 255 0 255 0 0 255 255 255 255 255 255 0 0
    255 0 255 0 255 0 255 0 255 94 0 0 255 0 255 0 0 255 255 255 0 0 255
    104 49 0 157 255 255 255 0 0 133 255 0 0 12 0 255 0 0 255 0 255 0
    255 144 255 117 255 255 0 255 58 255 0 0 0 255 0 0 255 255 255 255 0
    255 255 255 255 255 220 0 96 255 0 0 0 255 0 255 255 0 0 255 255 255
    255 255 255 0 0 255 0 255 255 0 255 255 131 0 127 0 19 97 180 119 0
    255 140 0 255 255 123 0 0 172 255 255 0 255 255 255 59 255 214 0 255
    255 255 0 0 0 255 0 0 175 255 255 255 0 255 0 178 0 255 0 255 0 255
    255 232 255 255 0 255 209 255 205 191 222 255 94 255 0 32 255 0 37
    255 255 0 0 255 255 255 255 0 0 27 255 0 0 0 255 244 255 0 255 255
    255 0 154 0 0 255 120 135 213 0 255 0 255 0 255 255 185 0 255 255
    255 55 255 0 95 0 255 0 255 255 33 255 0 159 0 16 255 255 203 0 238
    255 241 0 0 0 255 0 0 0 0 67 0 255 0 189 255 146 136 255 255 255 0
    99 0 0 255 185 255 0 18 255 0 0 0 255 30 255 201 0 246 0 255 0 0 131
    255 255 0 255 229 54 0 0 0 79 255 255 255 0 41 255 255 0 255 255 248
    254 0 0 183 255 23 211 255 0 255 255 97 0 0 0 255 0 255 0 255 0 255
    0 255 0 0 42 40 50 131 177 0 79 255 255 255 91 0 72 107 0 216 209
    235 255 255 0 0 255 0 255 188 161 125 0 255 255 255 255 102 0 0 255
    0 255 189 255 0 0 255 255 197 103 255 255 0 0 255 255 255 255 255 0
    255 255 255 255 255 0 108 0 255 87 0 0 255 233 86 0 255 255 255 0 0
    0 0 0 0 197 0 255 0 255 255 255 255 255 255 0 255 0 181 0 0 0 255
    255 255 0 255 255 255 0 255 255 255 0 56 255 152 0 2 0 33 0 0 31 255
    0 91 0 0 67 255 232 0 244 255 0 255 0 255 218 0 0 255 255 0 0 180
    255 143 0 255 0 161 25 255 227 1 255 0 0 0 255 255 0 54 255 187 32
    255 0 0 0 30 255 59 255 0 255 255 255 255 0 0 255 133 0 0 255 0 255
    0 0 0 255 245 0 0 255 0 0 0 255 255 255 0 0 0 255 255 0 0 0 0 0 255
    255 255 0 229 0 43 0 255 0 255 255 255 255 165 0 255 0 255 0 0 0 0
    255 0 255 255 255 111 0 0 0 255 0 255 255 182 255 0 71 0 0 255 52
    255 0 153 195 0 255 0 255 0 255 139 255 0 0 255 255 255 255 255 245
    0 255 175 0 255 0 255 0 0 255 255 255 0 0 255 255 0 0 0 255 0 255 0
    255 0 186 0 0 255 0 89 0 255 255 0 80 0 255 184 0 0 255 26 130 174
    255 255 0 0 230 255 255 0 0 255 255 255 0 0 245 255 191 255 0 0 0
    255 12 255 0 255 0 0 255 255 255 0 0 0 255 255 0 164 255 255 0 0 253
    93 147 229 0 255 0 255 0 255 183 255 37 187 0 0 96 255 133 255 255
    255 83 255 255 27 255 86 21 172 255 255 153 220 109 240 0 0 255 255
    255 0 255 255 3 255 255 255 0 0 18 255 16 0 217 0 255 53 255 0 255 0
    255 255 255 255 88 0 0 255 0 255 178 255 255 0 87 0 109 0 255 255 9
    0 255 161 255 0 0 0 0 0 82 255 0 255 155 0 0 0 255 0 255 0 255 32
    255 0 0 0 0 255 118 0 216 255 204 0 217 255 255 0 0 255 190 82 255
    255 255 255 0 255 0 0 0 0 95 255 255 255 179 109 0 255 255 255 255 0
    0 95 0 0 0 0 184 222 255 0 0 0 255 0 255 0 238 0 82 0 255 0 255 0 0
    255 255 0 0 125 0 36 0 56 255 91 0 255 255 255 0 252 30 0 0 0 31 255
    255 255 255 0 0 0 255 95 67 0 0 12 255 216 0 0 27 255 255 44 255 255
    255 0 255 0 0 0 152 255 181 0 255 255 0 255 0 0 255 0 0 21 0 0 0 255
    255 255 38 0 0 255 0 255 255 255 0 0 212 0 0 0 13 255 255 0 0 255
    114 255 255 0 255 0 0 0 255 0 155 210 255 255 0 105 255 0 255 0 255
    0 255 255 222 255 0 0 255 255 0 19 0 255 153 0 173 255 230 255 0 243
    255 0 55 0 0 255 0 255 255 0 100 255 255 0 0 255 255 255 0 210 0 255
    255 0 255 0 255 0 255 255 255 255 65 0 29 197 0 0 4 84 255 159 0 255
    255 255 255 255 0 50 0 240 0 255 0 255 0 255 0 39 0 255 255 0 0 0
    255 255 0 0 0 0 1 255 0 234 255 255 0 234 255 152 0 0 0 255 255 255
    255 215 0 0 0 255 0 0 0 98 255 255 0 0 255 0 255 255 255 69 255 0
    195 255 255 255 0 0 255 255 0 0 219 255 255 214 0 88 255 0 255 41 0
    0 135 95 0 0 0 0 255 255 0 0 22 255 0 0 0 255 0 0 203 0 0 0 0 97 255
    0 0 0 255 210 255 0 255 72 67 0 255 0 219 146 255 0 0 0 255 255 0 0
    30 255 179 255 0 255 0 0 0 0 0 214 255 135 255 0 255 255 255 0 182 0
    0 0 255 255 255 0 0 255 255 255 255 0 55 143 0 105 0 0 0 0 255 0 255
    255 39 0 255 255 0 255 255 0 255 0 0 232 0 255 0 255 0 255 0 255 208
    0 255 17 255 0 255 255 0 255 6 0 255 0 186 0 0 60 255 0 0 255 255
    255 0 255 0 255 0 7 0 255 0 255 0 255 85 255 255 0 255 0 185 0 255
    175 255 0 255 255 255 0 0 242 255 0 255 210 199 0 204 255 255 0 255
    0 244 255 0 0 0 195 255 0 255 99 0 51 255 89 0 0 255 253 255 0 0 255
    255 255 255 143 0 205 0 180 218 0 255 0 0 189 0 0 77 255 69 223 255
    255 0 0 0 255 255 0 255 224 255 163 0 0 255 255 255 140 247 0 0 0 89
    255 255 255 0 255 255 255 0 255 0 255 255 0 21 255 255 255 155 0 0 0
    0 255 255 255 255 0 255 0 129 0 0 255 0 0 0 255 255 76 0 255 0 205 0
    195 0 0 0 255 106 255 0 0 0 255 255 3 0 0 255 179 95 255 255 255 0
    128 255 0 0 255 202 0 0 0 255 255 0 105 255 255 0 0 191 255 157 0
    255 237 134 0 0 0 131 0 0 0 255 255 0 0 199 255 255 0 187 0 0 15 0 0
    0 0 0 0 255 0 0 255 100 255 0 0 167 0 255 0 0 0 0 178 82 0 255 255
    255 255 255 255 255 0 0 0 0 255 190 45 0 0 153 0 0 255 255 213 255 0
    236 0 255 255 159 0 255 208 255 50 0 255 255 255 255 255 255 255 0 0
    255 255 255 0 0 255 24 255 0 228 0 255 0 255 154 0 172 255 255 0 0
    255 255 0 0 0 255 69 60 0 0 255 0 195 0 0 255 0 255 0 255 50 255 195
    0 240 0 0 0 127 0 255 142 0 0 255 255 0 255 255 255 255 255 71 124 0
    255 255 0 237 255 255 255 0 255 103 255 0 0 0 255 255 0 255 167 0
    255 0 255 0 255 0 255 0 255 0 255 255 0 163 255 255 0 207 255 164
    154 255 54 0 255 255 48 60 255 255 237 0 0 5 255 0 197 128 0 0 0 0
    255 255 255 0 0 255 255 57 62 0 195 152 255 67 0 0 0 0 255 255 255
    255 112 255 0 255 0 0 255 0 0 255 255 255 0 255 255 255 255 62 0 255
    255 164 0 0 0 255 24 255 0 127 0 255 255 0 0 0 255 156 255 173 0 0
    255 73 255 0 5 0 255 255 0 0 255 133 65 0 253 0 174 71 0 73 255 255
    255 0 0 255 255 255 0 255 0 0 255 158 135 39 255 0 8 0 0 0 255 115
    255 165 53 236 255 0 167 0 0 188 255 0 255 0 187 73 255 0 255 0 255
    0 101 0 255 0 255 0 255 255 255 255 108 0 255 255 0 0 0 0 0 0 255
    255 255 0 168 0 0 0 255 111 207 0 209 46 255 0 255 255 255 255 0 0 0
    255 255 0 255 255 255 0 0 255 255 0 0 0 255 255 0 122 173 122 0 118
    255 255 216 186 46 0 255 255 0 0 0 0 255 255 173 0 0 0 0 255 255 0 0
    0 107 255 255 0 0 255 255 0 0 255 255 255 0 245 89 0 255 255 255 248
    0 0 255 0 255 255 255 219 0 0 137 255 0 92 0 255 0 255 239 255 0 255
    0 191 255 0 0 255 0 0 255 247 255 0 255 192 110 0 82 255 0 255 0 255
    0 255 0 21 0 255 255 255 255 0 0 0 255 0 255 255 255 255 0 255 0 0
    255 255 255 45 0 0 0 135 0 0 148 0 255 255 0 0 0 0 139 255 255 0 0 0
    255 255 232 255 0 255 53 255 0 101 255 255 0 0 255 255 255 255 0 0
    255 125 255 0 255 0 95 0 0 255 255 132 0 255 10 0 0 54 0 255 255 255
    0 43 0 255 255 255 0 0 255 0 0 0 207 255 0 0 0 255 0 146 0 255 0 0 0
    255 255 255 0 0 64 0 127 192 94 107 255 255 0 0 0 232 255 255 255
    255 0 255 0 0 0 0 209 255 255 252 52 0 255 255 0 255 255 0 91 0 0
    111 255 255 0 255 63 255 255 0 0 0 0 0 255 255 255 0 0 0 255 255 0
    95 255 255 255 0 34 0 255 255 255 0 0 0 149 0 255 0 255 0 255 0 255
    0 0 255 255 0 177 0 0 0 226 231 173 255 116 0 255 255 0 0 255 255 0
    0 0 0 79 72 255 255 255 0 121 0 255 111 59 0 0 0 255 255 255 180 146
    0 0 101 255 99 0 255 72 0 162 196 255 255 0 255 0 255 0 128 0 0 255
    0 255 0 255 0 8 0 255 255 255 0 0 0 255 0 212 43 255 0 0 0 0 255 255
    255 255 224 0 0 255 9 0 13 255 186 0 0 255 255 255 0 0 0 64 255 255
    167 255 0 0 0 99 0 0 168 0 255 255 255 0 0 255 255 0 255 247 255 0
    69 118 175 255 0 255 0 255 0 161 0 255 255 255 0 79 0 0 0 255 217 61
    108 205 255 0 0 0 0 255 0 0 0 255 0 255 0 255 60 0 255 0 0 0 255 255
    0 0 0 255 200 255 0 255 255 255 92 255 255 0 255 0 255 144 255 235
    255 255 0 255 0 255 0 137 0 255 255 0 255 0 255 255 0 0 0 255 0 183
    0 255 0 0 0 0 255 0 255 0 0 0 255 0 255 0 255 255 0 0 0 0 255 142 81
    0 255 255 255 255 226 0 255 24 0 255 255 230 255 212 255 0 0 0 0 128
    255 0 255 0 188 255 0 255 0 255 61 255 255 255 0 14 255 0 0 0 255
    119 255 255 255 0 0 0 255 255 242 22 255 19 255 0 255 0 0 103 255
    255 255 0 0 255 0 0 255 255 0 0 0 0 255 200 0 66 255 255 0 0 255 0 0
    0 0 255 255 255 255 0 88 0 255 0 0 0 255 49 0 255 255 0 0 0 0 250
    255 237 0 0 0 0 255 0 255 0 229 0 255 255 255 0 0 154 0 255 0 214 0
    255 168 31 74 255 255 255 255 0 163 0 255 1 255 255 130 255 0 0 0 0
    0 147 255 255 150 0 0 0 0 0 255 255 255 255 255 255 255 3 0 0 255 0
    185 0 30 0 0 0 255 255 0 255 255 36 255 0 255 46 255 255 255 255 0
    93 230 255 0 255 255 209 0 255 255 0 0 0 0 255 0 0 255 255 255 0 255
    133 0 0 207 182 255 255 255 0 0 0 255 0 169 255 255 0 0 61 0 123 255
    255 0 255 255 255 255 168 0 255 255 255 0 111 35 90 255 255 0 255
    255 255 178 255 0 241 20 255 0 218 255 255 255 72 0 0 255 0 255 255
    255 0 193 0 87 255 255 255 0 0 0 255 0 0 168 255 255 0 0 255 255 255
    255 0 255 0 255 255 255 0 255 0 255 0 19 255 0 90 255 0 0 0 255 255
    0 0 255 255 255 83 86 0 63 255 0 15 0 168 0 0 0 255 0 109 0 0 0 0 0
    255 255 255 0 0 255 36 255 0 0 255 255 255 0 0 0 255 0 0 1 0 0 255
    207 255 4 255 0 0 255 238 0 219 255 255 0 0 0 255 255 81 255 0 255
    29 106 0 0 255 255 255 138 255 0 255 203 255 155 255 0 0 0 0 0 0 255
    115 197 255 189 0 255 10 228 0 255 236 0 255 0 186 255 239 0 0 255
    212 0 42 0 0 255 255 0 0 0 0 255 255 93 255 214 29 0 0 0 0 16 0 0
    255 255 255 19 255 0 255 0 0 41 255 108 255 106 232 0 0 255 255 0 0
    0 158 255 255 255 0 153 0 90 255 208 0 255 204 255 255 255 255 235
    19 0 255 255 175 115 255 36 255 255 0 0 0 85 73 255 28 255 213 255 0
    255 255 255 255 0 0 255 240 255 11 255 225 0 0 0 78 253 0 3 56 136 0
    250 255 255 255 255 0 0 255 255 0 0 0 255 0 255 0 255 234 255 255 76
    0 0 255 255 255 0 0 255 230 255 0 255 0 0 48 0 176 0 255 220 255 0
    195 0 255 0 255 0 255 255 196 255 0 247 0 255 255 255 0 83 0 255 0
    255 0 255 0 0 255 71 255 0 255 255 199 0 186 0 0 255 255 0 0 0 0 255
    255 255 145 255 255 0 224 0 255 255 0 0 10 229 254 157 0 255 0 255 0
    248 255 0 0 255 255 255 255 0 0 0 66 129 0 0 255 255 255 0 255 0 0
    255 255 255 145 240 0 0 255 0 255 0 255 255 255 0 255 0 0 255 0 255
    0 255 255 0 48 0 255 0 0 255 0 0 0 18 255 255 255 255 0 255 145 255
    255 46 0 0 0 0 210 255 255 0 255 167 255 0 0 5 160 0 255 193 255 255
    0 0 255 0 0 255 6 255 255 255 255 255 71 0 203 66 255 121 13 0 0 0
    255 255 0 185 0 255 8 141 0 0 255 0 0 0 95 255 255 255 255 0 131 0 0
    0 255 255 0 0 255 255 255 107 227 0 0 1 71 255 0 0 255 0 0 0 0 255
    117 0 255 63 0 0 255 107 0 0 255 0 70 255 255 0 200 0 255 255 255
    255 0 255 0 155 0 0 255 255 255 255 255 0 0 255 255 255 0 0 0 255 0
    4 207 0 255 153 0 255 0 255 255 255 0 0 0 0 255 255 118 0 255 0 0 0
    0 0 255 255 255 255 0 11 255 255 255 96 215 255 255 0 0 255 0 0 0
    255 255 49 138 0 255 237 234 0 75 255 0 0 183 255 10 0 112 0 137 172
    255 0 153 0 255 255 210 0 0 0 147 155 2 221 0 255 255 0 255 0 22 0
    151 79 227 216 0 193 0 0 135 0 255 255 255 146 255 69 255 96 96 0 0
    255 255 255 53 0 0 50 0 255 255 0 0 0 92 255 0 0 206 66 255 70 0 255
    0 255 0 0 0 0 95 255 255 207 255 8 0 0 255 0 0 255 0 255 255 0 255 0
    255 0 0 255 0 0 0 125 255 65 255 0 0 255 0 255 44 255 0 0 95 0 49
    255 255 14 255 126 0 0 255 255 255 63 0 255 0 0 144 255 255 0 16 0 0
    177 255 49 255 213 152 157 28 255 0 255 14 255 0 80 0 255 255 255 0
    0 0 80 255 159 255 0 255 0 255 0 255 255 255 0 0 0 255 0 31 155 255
    0 0 17 0 255 255 255 0 0 0 255 0 230 23 255 255 255 77 255 255 165 0
    0 255 255 0 0 255 255 255 255 255 0 0 141 255 84 254 0 185 0 255 115
    255 255 0 30 255 255 84 255 255 255 0 255 255 0 255 99 130 0 0 255
    142 0 0 255 255 250 0 0 0 255 255 0 0 0 27 255 255 0 255 59 255 0 0
    255 255 0 255 255 255 0 0 29 0 255 253 0 48 255 255 37 0 0 255 200
    255 0 255 42 255 0 41 255 255 0 71 0 194 99 255 255 90 222 255 230
    255 0 0 0 255 255 255 255 0 0 255 0 255 255 0 255 255 0 255 135 255
    255 0 0 0 255 111 0 0 88 0 0 255 13 255 82 255 255 0 255 0 0 255 114
    0 0 0 255 0 0 76 255 169 0 0 0 74 0 0 208 255 0 255 255 255 0 255 0
    0 0 0 220 0 255 61 0 0 217 255 16 255 0 0 0 255 255 255 225 248 113
    0 159 255 0 0 0 0 255 0 255 0 0 0 255 0 0 255 255 0 0 0 255 255 0
    255 255 255 255 255 130 168 0 255 255 0 0 0 13 119 0 222 27 0 87 0
    255 0 255 255 255 251 46 255 255 0 255 0 255 192 0 255 0 0 0 182 255
    176 255 255 0 34 255 255 255 0 138 255 0 255 255 255 0 255 0 52 201
    255 255 255 0 0 0 255 255 0 255 0 255 0 255 255 255 62 0 255 0 255 0
    255 0 255 0 0 0 255 195 0 0 0 255 255 153 206 0 0 255 0 255 0 255
    194 255 0 255 0 228 255 0 226 0 0 88 196 255 134 71 0 255 255 222
    255 183 255 255 0 0 175 255 221 0 0 1 255 0 255 255 255 0 0 0 255 0
    255 0 0 0 255 255 255 255 255 255 22 0 0 255 0 255 0 94 140 255 0
    255 255 19 0 0 255 255 0 0 70 255 255 78 115 0 0 0 0 255 0 255 0 0 0
    255 255 255 0 0 255 209 0 0 0 0 0 255 0 255 255 151 255 69 255 0 255
    255 255 255 255 188 0 0 255 255 255 0 0 255 0 5 0 64 255 106 255 0 0
    0 255 0 255 0 255 255 255 57 77 0 0 255 255 113 182 255 255 0 0 255
    0 0 0 0 0 0 0 134 255 255 255 0 0 0 0 35 159 255 255 35 124 0 0 0
    255 255 255 0 255 255 255 0 74 0 255 0 0 0 0 255 177 255 0 255 26
    255 0 133 101 255 255 255 0 255 146 255 45 0 0 0 255 0 0 0 255 255
    255 255 0 0 0 38 255 255 0 255 255 0 255 220 0 0 255 79 255 0 255
    255 0 255 0 255 0 49 0 255 255 255 0 0 0 255 169 255 203 0 255 255
    210 255 0 255 0 16 26 208 255 255 22 0 0 255 255 255 255 200 0 0 0
    166 0 255 0 210 0 0 0 184 255 255 0 255 255 71 0 0 0 255 255 255 255
    0 0 63 0 255 0 0 255 255 255 255 16 255 255 206 255 255 255 0 99 255
    0 151 0 0 160 0 255 255 0 40 8 255 255 0 255 255 0 0 96 255 0 255
    255 255 0 0 255 0 255 0 255 255 0 0 89 255 0 0 0 255 0 255 0 29 1 89
    0 255 255 0 0 255 255 255 255 0 0 255 255 194 154 0 255 0 255 120 33
    0 0 227 255 0 0 0 255 0 0 56 0 255 0 255 0 255 208 255 0 0 0 255 255
    255 0 255 255 0 255 235 255 68 255 0 106 99 255 0 255 31 255 0 0 20
    0 255 255 33 255 124 124 255 255 116 162 99 255 255 43 255 156 255
    255 0 0 255 255 133 0 0 255 204 0 0 255 0 255 56 255 234 0 118 255
    255 1 255 255 196 114 0 255 0 181 0 116 0 255 127 240 255 255 0 255
    255 175 0 255 248 255 255 0 126 0 255 255 0 0 255 255 220 0 255 220
    255 0 0 0 221 205 202 0 48 137 0 0 0 200 255 255 255 255 0 231 0 0 0
    255 0 0 0 200 63 255 0 255 86 255 0 41 0 255 255 0 0 255 255 0 221 0
    255 255 255 100 248 0 0 0 0 255 0 141 195 255 255 0 92 0 255 0 0 255
    255 0 255 0 0 255 255 0 0 255 0 255 0 0 0 36 0 26 255 133 255 255
    255 255 0 255 255 255 59 0 0 26 255 0 255 255 0 255 0 255 0 0 255
    255 255 0 0 195 255 168 255 0 255 255 255 255 255 0 255 255 255 0 0
    255 255 255 158 40 0 0 193 255 0 255 255 139 0 0 255 0 0 255 255 0 0
    0 217 0 0 255 0 255 0 255 255 255 46 255 0 0 95 255 5 180 12 118 0
    255 25 255 0 255 0 255 2 255 255 255 255 91 40 255 0 0 0 0 255 255
    255 255 0 0 255 255 0 159 255 0 255 255 0 0 0 161 255 255 222 255 0
    0 0 255 9 255 0 68 79 255 255 0 81 0 255 0 255 255 0 0 0 0 0 255 255
    0 0 85 0 255 0 255 0 255 0 44 0 0 0 255 0 8 0 0 255 255 255 0 255 0
    0 0 0 0 49 0 16 91 0 34 0 255 255 255 0 142 0 255 0 0 255 255 0 4
    255 152 255 0 255 241 255 255 0 0 246 255 0 0 0 223 0 0 0 255 255
    255 255 0 0 0 0 0 255 255 255 0 255 0 255 255 65 249 5 255 0 255 255
    203 255 255 0 255 255 0 0 51 0 255 212 255 0 255 255 219 0 0 255 0 0
    11 255 0 0 171 255 0 251 0 0 0 151 255 255 0 0 0 255 0 231 255 255
    255 255 255 0 0 0 255 255 0 255 0 255 255 0 126 0 0 255 0 255 0 255
    0 0 0 91 255 57 255 255 255 255 255 255 199 255 74 0 0 0 255 255 255
    0 0 0 255 255 255 0 255 255 0 0 0 59 0 0 0 255 255 255 0 208 0 255
    255 39 204 255 192 195 156 255 255 255 255 0 71 0 48 0 255 0 255 0 0
    0 255 0 255 255 255 0 154 0 0 255 0 255 255 255 0 255 0 255 0 0 255
    255 255 0 0 0 255 0 0 255 255 255 174 255 0 0 0 255 255 255 0 255 23
    0 0 255 0 0 113 0 255 0 255 0 0 255 255 255 0 120 0 241 129 0 0 0
    255 148 255 0 255 206 225 255 255 255 255 0 0 29 255 86 0 0 255 255
    0 0 23 181 255 255 52 0 8 0 0 255 0 0 0 255 255 255 0 255 0 0 0 255
    255 51 0 0 85 130 255 255 0 0 0 0 181 255 255 106 45 0 255 255 0 255
    225 255 0 0 0 255 255 0 0 255 0 0 255 255 0 0 255 255 255 0 255 0
    255 91 237 255 154 255 0 152 94 255 0 0 255 255 113 150 207 0 0 99 0
    255 0 52 0 35 0 0 255 255 255 151 0 255 255 255 255 255 17 119 255
    56 255 169 0 255 79 0 0 255 255 255 0 255 255 255 96 0 0 255 231 255
    255 255 0 255 90 88 0 0 255 255 255 255 0 0 0 0 0 255 255 255 0 0
    129 0 0 2 255 255 255 0 0 0 255 255 255 255 255 0 160 0 75 53 178 72
    255 0 0 255 255 0 255 73 255 0 255 114 255 16 255 0 255 255 255 0 0
    255 255 255 255 0 0 48 0 0 255 0 0 255 0 255 32 255 156 0 0 0 0 255
    255 255 255 255 0 255 255 62 0 0 255 55 255 0 255 0 0 255 255 255
    255 158 255 0 255 255 255 255 0 255 255 0 0 55 255 255 0 255 255 255
    0 0 255 64 255 0 0 0 0 228 255 255 0 0 0 255 255 0 0 79 255 0 0 0 14
    255 255 255 0 0 0 255 0 255 0 255 255 255 76 255 0 0 0 255 0 0 230
    255 128 0 255 255 17 0 0 255 255 0 255 65 255 0 0 255 255 255 22 75
    159 0 255 0 255 0 255 0 0 136 255 58 0 144 216 0 66 253 0 255 122
    255 0 0 255 255 160 0 255 255 255 245 0 0 0 230 255 255 255 133 0 0
    255 255 232 0 0 255 193 255 0 255 255 0 255 0 240 0 255 98 0 255 0 0
    255 255 0 0 255 255 0 0 227 255 255 255 0 0 0 0 97 255 255 34 255 0
    255 0 0 0 255 0 0 0 255 128 255 0 223 255 255 255 0 124 0 51 0 255 0
    255 125 0 233 15 255 10 230 0 178 255 0 0 0 0 255 255 200 255 0 0 0
    0 255 0 0 0 255 183 255 0 255 0 255 255 0 0 0 255 255 75 255 255 140
    255 12 0 234 0 0 255 255 255 0 255 255 0 0 0 255 255 255 10 0 0 70
    255 0 0 151 255 255 0 255 0 0 0 0 255 0 0 0 4 255 255 255 113 53 255
    8 25 3 255 255 24 0 0 160 255 255 255 255 0 0 0 255 0 0 0 0 199 0
    255 0 255 253 141 0 3 255 117 255 0 0 86 0 255 0 184 0 0 163 255 255
    0 0 0 94 255 255 249 255 0 0 0 255 255 255 255 0 0 255 170 0 0 255 0
    255 255 255 0 0 0 0 254 231 255 0 255 255 0 255 78 0 239 255 141 0 0
    255 0 0 0 255 148 0 0 255 0 0 44 255 255 255 0 0 246 33 255 14 113 0
    255 255 255 255 0 0 43 255 0 0 255 0 255 255 255 0 0 255 0 255 255
    255 0 255 0 123 162 136 0 255 30 255 7 56 0 143 255 255 255 0 255 0
    255 23 255 0 192 0 161 0 0 255 0 255 0 255 255 198 255 102 0 0 0 255
    255 255 245 36 255 0 255 36 0 255 0 255 0 41 0 255 0 0 255 0 254 0
    49 255 245 0 0 255 255 60 0 220 255 255 255 0 255 0 213 0 255 255
    255 255 255 255 211 255 255 255 0 0 0 0 255 255 0 0 3 73 255 0 255
    255 255 0 255 255 255 255 0 0 0 255 255 120 255 210 255 0 0 171 255
    255 0 134 0 255 255 82 160 255 0 0 255 255 255 0 53 0 0 62 0 255 134
    36 0 39 0 0 0 237 0 128 0 255 0 255 255 255 255 0 0 254 123 255 0
    255 191 0 0 0 217 255 216 0 255 0 0 189 255 132 86 39 255 0 176 0
    255 255 255 0 0 255 0 255 84 255 0 255 0 255 255 0 255 215 98 0 0 0
    0 255 255 76 0 0 0 80 115 0 255 255 65 64 0 63 0 255 255 0 197 0 255
    0 0 0 0 68 255 113 0 255 0 0 0 121 0 98 255 255 255 0 13 0 255 255
    91 0 71 255 255 0 0 109 216 255 255 255 0 255 102 0 0 107 255 255 0
    0 0 255 192 0 0 0 60 255 255 0 177 0 255 0 255 0 211 255 94 0 255 0
    255 0 255 0 0 34 193 255 0 255 0 0 0 255 255 255 0 255 33 255 3 0
    255 255 255 116 0 232 255 255 0 0 0 255 255 255 0 255 255 0 0 0 0 0
    0 0 63 0 255 0 0 0 0 243 0 17 255 255 255 0 255 0 255 255 0 255 255
    255 255 0 0 233 84 0 4 255 255 0 197 0 0 0 255 255 230 10 0 0 10 255
    255 0 0 0 255 255 0 0 255 255 255 0 0 255 243 0 255 0 178 0 255 0
    255 255 255 0 0 0 255 255 101 0 0 255 139 98 0 89 255 255 0 0 0 255
    255 255 0 0 135 255 255 0 255 177 211 0 255 255 255 119 0 0 255 0
    255 0 105 0 0 255 255 255 115 0 255 0 255 255 255 0 0 0 255 0 255 0
    255 255 194 255 0 255 0 0 255 0 25 0 255 255 255 0 0 255 196 255 255
    0 0 0 0 0 63 255 0 0 110 0 0 0 255 0 2 0 0 0 40 0 255 0 255 0 255 0
    255 255 255 0 0 0 255 255 255 167 0 255 255 255 0 255 0 0 140 0 194
    255 233 0 0 219 158 255 255 255 0 255 0 0 0 94 255 106 255 0 232 255
    255 255 23 0 255 255 245 0 6 255 0 255 0 0 0 0 93 255 255 255 0 255
    232 0 0 0 0 255 0 255 64 206 255 255 255 168 0 0 255 36 255 255 0 0
    0 255 127 255 255 0 0 255 137 255 0 0 255 255 255 0 255 0 255 0 0
    255 255 255 0 0 255 255 255 0 126 255 165 0 0 255 255 0 166 0 75 250
    252 255 0 255 20 109 0 253 255 255 255 255 78 255 0 191 0 0 97 255
    255 0 255 0 4 255 110 0 0 0 255 255 255 0 0 0 137 143 0 255 0 0 45
    255 255 255 255 0 0 0 183 255 255 63 255 255 202 0 0 96 255 0 187 0
    126 255 255 105 0 110 255 255 255 0 255 255 255 0 0 255 255 244 0 0
    246 130 86 255 255 255 17 0 0 0 255 255 255 0 5 0 255 144 255 255
    115 0 0 161 0 0 0 255 141 255 0 0 255 255 0 204 0 255 255 216 255 96
    112 0 0 0 255 0 0 0 0 255 199 255 122 255 0 146 65 255 255 239 255 0
    0 0 255 255 0 255 0 201 0 255 27 255 255 252 255 0 253 101 0 255 255
    255 37 0 255 255 0 255 0 255 33 0 0 255 4 0 255 255 14 0 0 0 0 255
    81 0 0 0 255 17 0 255 0 255 203 91 28 27 0 255 254 0 0 0 0 0 196 255
    211 255 0 0 255 255 0 0 0 0 255 0 0 0 255 255 0 255 147 255 0 255 0
    0 255 255 255 255 0 255 0 0 255 242 0 255 255 255 255 255 0 255 255
    172 0 0 255 156 255 0 255 0 255 0 182 21 0 157 0 111 102 111 109 0 0
    68 255 255 0 255 0 255 0 0 0 255 0 255 255 255 0 216 0 0 0 141 255
    150 0 0 39 66 255 255 197 0 255 255 255 0 255 89 255 0 0 248 255 255
    0 244 0 207 255 11 0 0 208 0 255 255 0 0 21 255 205 19 204 0 0 255 0
    255 62 255 3 255 62 255 0 255 0 255 255 255 236 0 142 160 0 0 0 255
    0 255 0 213 255 255 0 0 0 0 255 153 255 0 0 0 255 207 255 255 255
    255 223 0 255 255 33 195 0 255 255 70 255 136 255 27 255 255 0 255
    255 255 255 0 0 0 203 255 255 0 0 187 255 118 255 255 255 0 255 255
    255 0 255 255 0 5 196 255 0 255 0 255 0 0 0 255 0 255 159 171 255
    230 75 0 0 0 11 255 255 255 0 255 0 15 255 0 255 18 255 0 255 0 255
    255 38 0 0 193 46 255 0 255 255 255 128 0 0 255 0 255 255 255 0 149
    76 255 255 255 255 96 0 0 255 255 255 255 0 221 255 51 0 0 222 255
    255 255 0 0 255 0 255 231 119 255 0 255 255 152 0 0 0 255 0 100 0
    255 255 0 0 172 255 34 255 56 53 255 51 255 0 197 255 0 0 0 0 255 0
    255 0 207 0 255 0 204 156 255 236 221 80 65 0 147 255 124 255 0 0
    139 0 0 0 0 0 255 255 255 0 0 201 0 0 0 0 255 0 0 0 255 255 0 0 255
    186 255 255 0 255 255 255 155 0 106 133 255 0 0 255 255 255 26 0 1
    231 182 0 255 255 123 56 255 0 255 224 0 0 255 92 0 0 255 0 52 0 255
    0 255 0 255 0 255 0 222 0 0 107 255 255 255 255 255 0 0 0 0 0 255
    255 255 255 0 255 255 35 0 0 0 255 255 255 255 255 255 158 62 0 0 0
    51 0 0 0 113 0 255 255 16 255 255 215 178 255 0 255 255 255 0 255
    255 0 190 255 0 255 255 0 0 0 255 253 0 0 219 0 255 0 214 0 49 239
    32 193 0 0 255 111 0 0 255 6 255 0 255 0 255 156 255 0 0 255 0 0 255
    0 255 0 0 0 255 255 0 120 255 255 255 150 0 255 255 255 0 255 0 255
    0 188 75 255 0 0 255 0 255 0 0 0 0 255 0 255 0 255 0 255 24 255 0 0
    255 0 255 0 255 0 112 255 255 255 0 0 0 0 173 255 0 240 16 0 255 0
    255 0 255 0 0 126 0 74 198 255 183 0 145 255 255 255 255 0 0 29 0
    255 0 0 35 255 255 108 0 0 255 255 0 255 255 255 188 59 0 0 42 255 0
    0 255 0 149 0 255 146 9 0 255 255 255 222 255 255 235 0 0 255 172 0
    92 0 0 217 205 0 255 255 255 255 0 0 0 255 0 0 4 255 255 255 255 255
    0 19 255 233 102 0 255 0 0 0 255 0 255 0 0 0 42 255 255 255 255 255
    0 17 0 0 0 255 235 0 0 255 0 224 255 255 255 255 244 255 0 0 0 185 0
    0 0 255 255 255 151 255 175 255 255 255 0 255 255 255 0 255 0 255 0
    147 0 255 0 255 0 255 0 132 255 255 255 0 255 0 213 216 255 237 0 0
    0 255 255 0 0 0 255 255 198 0 255 255 0 165 255 255 255 0 0 43 255
    39 0 0 0 56 255 0 255 255 255 255 255 0 0 255 173 136 255 0 255 0
    255 12 195 0 255 0 255 0 255 221 0 239 0 255 0 0 0 0 64 255 249 0 0
    249 255 255 255 255 0 0 255 159 255 255 0 255 210 84 255 0 0 0 255
    255 255 0 0 0 255 255 216 0 0 255 255 255 255 255 255 0 180 164 255
    0 255 0 255 0 53 0 255 0 0 255 24 255 0 0 0 0 255 255 255 0 0 0 255
    255 196 0 0 255 255 255 0 0 30 163 255 255 255 56 255 255 255 0 255
    255 255 93 0 0 255 0 255 0 255 255 255 235 255 0 0 255 22 255 0 71 0
    0 0 188 30 97 220 0 255 0 0 0 189 0 255 255 47 255 0 255 68 255 195
    255 255 0 0 0 48 128 255 255 0 0 168 144 0 0 127 0 109 255 255 255 0
    0 255 244 0 0 0 255 0 255 183 255 110 119 0 255 0 255 255 255 51 255
    255 147 0 255 255 0 0 71 255 0 255 0 0 255 0 255 0 3 255 255 255 255
    92 0 0 0 72 9 255 0 242 0 255 0 5 0 255 0 255 255 105 178 0 255 0 0
    0 255 255 55 255 255 136 0 0 255 26 255 82 0 0 97 6 0 0 255 255 0 0
    100 255 255 255 0 255 0 244 0 255 255 255 0 0 205 187 255 73 255 0 0
    255 0 0 0 255 255 0 255 0 255 85 255 0 255 0 0 37 255 255 99 95 255
    255 0 0 85 255 255 255 0 0 255 0 255 0 255 0 240 255 0 255 255 255
    255 0 0 0 255 0 255 71 0 56 0 255 0 255 0 255 0 80 255 0 0 47 255
    255 0 255 160 255 0 0 62 255 0 255 121 155 255 0 255 0 245 255 0 0 0
    0 255 255 255 0 255 0 255 244 255 255 255 255 0 0 97 255 255 255 0 0
    91 0 0 79 255 114 255 54 239 0 0 255 8 0 255 0 255 255 255 255 0 0 0
    0 34 0 255 0 255 42 255 239 255 0 0 0 210 0 63 92 255 255 72 0 255 0
    0 255 255 255 0 0 0 255 255 255 255 0 255 0 62 0 255 255 255 0 0 0 0
    255 0 255 0 255 0 0 28 255 141 0 0 0 0 255 255 0 0 0 255 255 0 85 0
    0 224 0 20 255 255 0 0 123 0 139 0 255 0 255 0 255 0 255 0 212 255
    255 0 255 0 255 255 0 255 0 255 32 38 0 0 255 0 255 0 179 255 0 0 61
    255 0 255 0 0 173 0 81 0 155 0 255 255 255 0 38 255 255 0 255 32 0 0
    0 0 0 255 0 255 255 146 0 0 255 255 255 236 255 0 15 255 255 255 0 0
    0 252 255 255 0 231 0 255 0 150 0 0 0 10 17 31 0 0 187 0 0 255 0 255
    0 255 0 0 255 255 255 225 0 0 0 255 255 255 255 0 255 255 255 41 0 0
    0 255 24 255 255 0 0 255 255 255 0 57 0 255 0 0 0 56 255 0 0 223 0
    255 0 255 90 255 88 255 237 0 0 255 0 0 255 28 148 0 255 0 97 255
    255 255 255 255 24 0 255 255 0 0 255 0 255 111 0 255 255 70 0 255
    230 255 252 255 0 255 0 196 0 255 255 99 0 255 255 220 96 98 141 0
    103 0 0 0 255 215 255 0 2 0 255 0 0 255 39 255 0 0 255 255 255 255
    255 255 255 255 0 88 0 255 255 255 0 185 0 255 0 35 0 0 0 255 255 0
    217 0 0 255 255 255 0 180 0 116 0 0 0 207 0 255 173 255 0 51 255 255
    0 153 255 255 0 0 255 0 255 255 255 67 0 17 0 169 255 179 255 255
    255 255 0 0 0 255 0 255 0 0 255 255 255 255 59 0 119 0 0 0 0 255 255
    0 0 0 255 255 255 0 255 255 255 255 0 255 255 255 50 0 255 255 203
    255 0 255 0 0 0 255 42 255 0 0 152 225 255 0 110 255 0 0 0 0 193 255
    122 0 0 12 255 0 255 0 128 0 255 0 255 0 0 255 255 255 0 0 224 255 0
    255 0 255 24 0 0 255 176 193 255 0 65 101 255 255 0 0 0 0 255 255
    255 255 0 255 0 255 87 223 0 255 0 255 255 255 0 0 0 255 0 255 236 0
    255 2 0 255 255 255 0 0 242 0 255 0 216 0 255 70 255 0 255 255 255 0
    0 232 255 0 0 0 63 72 255 0 255 0 255 0 90 0 0 255 255 161 255 255
    45 0 0 255 45 255 7 48 0 255 0 255 0 38 255 0 0 0 255 255 221 0 0
    255 29 111 0 0 255 255 255 255 255 0 143 254 0 0 255 0 0 255 255 0
    117 0 255 29 255 0 0 204 0 255 0 255 196 0 255 0 255 255 255 0 0 255
    129 255 255 255 0 0 255 115 0 255 255 255 35 0 0 0 255 14 42 255 0
    255 0 144 0 0 0 162 255 255 255 255 0 255 0 255 68 255 255 0 0 0 153
    255 255 255 0 255 0 255 3 183 0 0 187 255 0 255 0 255 77 255 0 177
    162 255 255 255 0 255 0 0 0 33 255 255 0 0 255 255 255 0 0 86 255
    255 0 0 0 255 255 255 255 255 0 0 0 0 0 255 255 250 0 255 0 255 255
    255 0 0 255 148 255 0 0 0 218 0 0 255 0 255 0 157 0 255 255 10 255
    255 148 51 0 0 0 115 255 255 0 255 255 255 0 255 0 0 0 0 255 255 255
    0 255 0 192 255 255 0 0 0 255 255 255 0 142 0 255 0 0 0 39 255 0 255
    0 255 0 255 0 0 0 255 0 0 0 255 255 255 0 9 0 140 255 255 0 127 0
    255 255 0 0 255 255 191 0 0 0 255 255 255 255 0 74 199 255 0 255 255
    0 255 255 120 0 0 0 255 255 0 76 0 251 255 255 255 0 255 0 255 255
    255 255 0 255 235 0 0 0 0 50 255 255 0 0 0 255 0 0 255 255 236 0 0
    255 255 68 0 0 0 255 255 255 0 1 0 255 190 99 142 255 255 0 0 0 255
    0 185 12 255 255 255 100 0 255 0 255 0 255 0 255 255 0 158 0 255 0 0
    255 255 0 255 255 255 255 0 0 204 255 255 0 255 0 255 255 255 0 255
    255 255 0 255 255 149 255 123 0 0 0 112 17 0 0 255 205 0 0 0 255 0
    23 255 0 255 0 0 0 255 71 0 255 42 0 0 255 0 0 255 255 0 255 0 255
    21 255 0 255 49 255 0 0 0 255 255 0 255 0 0 34 255 255 0 244 0 106 0
    49 255 255 0 0 144 0 255 0 255 51 255 93 0 0 255 184 74 0 165 255
    255 255 0 65 83 255 203 255 255 255 0 255 0 255 0 0 255 255 255 0
    255 0 194 0 255 255 255 255 0 0 0 255 160 229 255 255 255 0 0 255
    255 255 0 0 0 255 255 39 255 0 0 0 255 255 255 138 0 147 218 255 208
    255 255 255 119 88 3 255 255 85 0 233 255 0 0 83 255 255 255 0 0 228
    255 115 134 255 0 140 252 0 0 14 255 0 0 0 255 0 255 0 0 0 0 255 214
    255 0 255 0 0 0 255 0 255 255 255 0 255 0 255 255 114 255 0 0 28 255
    255 0 90 93 255 0 0 0 255 255 238 0 0 62 255 0 206 0 255 0 97 0 255
    255 255 0 0 0 142 77 255 255 255 0 249 0 255 255 29 0 0 0 0 38 255
    255 255 0 0 0 255 255 0 255 255 127 0 0 255 76 0 81 255 255 255 0
    255 0 162 103 0 0 255 255 0 0 0 255 255 255 255 173 0 0 255 255 255
    0 0 232 255 0 255 0 13 0 255 147 255 255 255 0 0 255 255 97 0 0 255
    255 255 255 255 0 255 0 255 255 255 0 255 0 255 255 255 255 0 33 0
    45 181 255 255 255 0 0 255 108 255 141 255 255 255 172 0 129 255 0 0
    42 195 0 0 255 255 255 0 54 0 0 0 255 255 255 0 0 0 0 255 255 212 0
    255 0 0 0 255 255 48 0 0 0 255 255 255 40 29 255 0 217 87 0 0 255
    255 144 255 183 0 255 27 255 0 0 255 0 0 0 255 0 255 255 255 0 255
    255 255 197 0 123 0 152 0 255 45 23 177 0 96 0 182 255 0 83 255 0 0
    0 255 0 255 0 255 255 255 0 0 0 232 0 255 0 255 0 0 255 255 0 45 112
    255 255 255 0 0 255 255 0 0 255 255 208 0 255 173 0 0 0 255 65 219
    255 255 0 255 0 255 27 255 108 0 255 255 0 0 17 0 255 0 255 0 237
    255 255 10 0 0 0 255 255 0 0 0 255 255 0 0 255 21 25 0 0 195 255 59
    142 0 0 0 0 0 36 255 65 0 255 63 255 0 0 0 0 0 255 0 0 255 255 255
    255 2 255 0 0 0 255 129 111 255 255 136 95 0 255 255 255 0 0 255 0
    255 255 48 251 229 0 0 255 0 0 255 0 255 255 255 0 0 0 0 0 255 216
    48 0 255 61 255 0 255 0 180 0 255 72 0 255 255 185 133 0 136 31 255
    61 6 0 144 114 0 0 138 12 0 117 255 255 255 0 0 0 255 255 255 0 255
    238 0 255 255 255 8 0 141 88 255 255 0 255 0 255 255 255 0 243 0 13
    0 0 0 255 0 59 255 214 0 0 124 0 0 0 255 139 0 0 255 255 0 255 205
    255 0 255 255 255 0 0 0 0 255 0 255 255 255 0 0 204 0 183 255 0 248
    76 17 123 255 255 255 255 255 0 255 124 255 0 255 0 255 255 169 130
    134 255 199 61 255 58 255 0 0 0 255 255 255 0 255 255 95 0 0 0 255
    255 80 0 255 226 255 255 255 0 251 0 0 130 0 0 165 255 0 255 3 255 0
    0 255 173 163 255 255 255 255 255 0 230 255 255 255 255 0 255 178 0
    0 255 66 0 255 255 0 255 255 0 255 0 0 0 255 255 255 255 0 0 0 255
    255 255 0 0 255 0 255 0 255 147 255 0 202 255 255 49 0 158 255 255 0
    4 255 0 248 0 255 182 222 0 0 0 255 0 255 210 0 0 0 0 255 0 0 0 255
    59 25 255 255 18 0 0 255 255 191 255 255 189 0 255 0 0 153 0 255 0 0
    255 0 255 0 255 0 0 0 164 255 255 16 0 255 255 253 0 0 255 255 255
    16 190 0 255 255 255 255 255 56 255 255 0 0 0 0 255 0 0 0 255 56 0
    42 255 49 255 0 255 0 255 0 0 255 255 255 232 255 0 157 0 0 190 9
    255 0 0 0 255 0 0 0 255 71 0 0 255 188 255 0 0 0 255 0 0 0 255 0 0 0
    0 255 255 255 0 0 255 255 255 0 30 0 255 0 229 0 0 255 0 237 0 255 0
    65 109 255 0 0 115 255 255 230 0 0 255 219 107 0 0 0 104 255 255 255
    0 97 255 184 255 0 255 0 255 116 255 0 255 0 255 255 0 0 0 55 0 0
    255 0 0 0 255 84 255 0 57 255 0 0 0 92 44 255 0 242 0 255 0 0 245 0
    255 0 0 255 255 255 5 0 255 0 255 255 0 0 255 0 255 0 41 255 0 255 0
    0 255 167 0 0 255 255 0 0 255 0 255 68 255 0 0 255 255 0 0 0 255 71
    52 0 49 0 98 242 255 0 187 255 54 0 0 255 0 212 0 0 0 255 0 255 255
    255 255 143 217 255 0 255 255 255 255 0 255 255 0 255 255 255 0 0 0
    255 255 255 0 114 0 255 171 0 255 210 96 51 0 0 114 255 255 255 0
    242 0 255 255 64 0 0 0 255 0 255 255 255 255 255 234 0 255 255 0 0 0
    0 108 255 255 255 0 0 255 255 0 34 0 255 130 28 36 0 0 0 0 186 255 0
    255 255 255 255 0 242 0 255 255 255 0 0 255 255 255 0 193 255 0 0
    255 255 0 0 255 0 117 0 255 0 255 0 0 0 0 139 255 203 255 255 255
    120 33 0 93 255 255 0 0 0 229 255 0 0 255 0 113 167 255 234 255 255
    255 255 0 16 134 255 0 255 204 0 255 255 0 46 208 0 255 0 0 0 55 255
    255 30 0 0 0 255 230 255 0 0 153 82 255 0 63 0 97 178 255 0 255 255
    255 0 0 0 152 255 0 0 0 134 0 0 0 255 133 255 3 0 0 0 255 0 124 0 0
    0 255 255 255 0 0 0 237 255 0 255 0 255 0 0 0 214 64 120 0 255 0 255
    0 29 255 0 0 0 255 0 255 0 255 0 111 255 72 0 255 255 255 255 255
    182 255 0 0 255 97 255 255 255 0 255 196 165 0 0 0 255 255 0 0 0 255
    255 255 189 255 228 0 0 0 209 255 0 0 255 0 255 0 255 233 255 0 255
    11 175 255 255 255 255 0 0 52 255 174 255 0 0 255 136 255 0 0 0 0
    255 0 255 0 63 0 255 0 255 255 255 0 0 255 44 255 0 0 255 0 95 0 255
    0 255 110 0 0 255 0 255 11 0 0 255 255 0 255 255 78 0 255 255 104 0
    0 180 165 255 255 255 0 99 255 255 0 255 0 0 0 0 255 255 255 0 255 0
    255 0 255 255 13 0 0 255 5 255 0 255 255 108 0 255 0 0 0 255 255 0 0
    0 243 174 0 255 195 255 119 0 0 108 55 255 177 255 255 0 255 150 255
    0 255 135 0 0 255 0 0 0 200 255 255 255 0 0 0 255 181 96 20 0 255
    255 255 0 255 0 0 0 255 31 0 0 139 255 0 85 255 255 255 0 255 0 222
    111 9 70 255 0 75 0 94 255 255 255 0 0 255 0 255 255 253 0 0 205 0
    255 255 255 0 0 255 0 0 0 71 255 224 255 0 0 255 223 255 255 255 255
    255 255 0 0 255 255 255 255 0 0 3 0 255 255 0 115 0 255 160 0 0 174
    255 255 255 11 0 9 255 190 255 171 255 0 255 0 255 0 255 255 255 0 0
    255 255 255 0 0 0 0 255 0 0 255 0 255 248 0 255 255 255 47 0 255 255
    255 201 255 50 255 0 255 245 0 0 0 0 0 255 255 0 0 255 0 255 217 255
    0 255 0 0 0 255 0 255 255 0 255 0 255 0 0 255 255 255 198 255 0 255
    0 255 68 0 0 146 187 255 255 109 0 255 142 255 255 255 255 0 255 255
    0 0 0 255 255 0 255 255 255 0 0 247 0 255 0 255 0 162 57 255 70 105
    255 255 142 0 255 255 0 255 255 0 255 0 92 0 255 255 255 0 187 220
    42 0 0 220 255 0 255 255 83 255 0 255 0 194 0 0 255 255 255 0 255 0
    0 0 255 255 255 0 0 0 255 255 3 255 255 0 0 203 255 255 0 0 255 255
    255 0 0 255 255 0 255 255 255 0 0 255 255 255 41 255 0 255 0 11 255
    255 0 0 0 255 255 255 255 255 0 214 0 255 255 0 0 255 0 0 0 0 242 0
    121 255 0 122 255 255 255 255 0 0 0 255 0 181 0 0 0 0 255 255 0 255
    255 255 0 0 0 255 0 255 0 255 0 0 57 232 0 0 0 0 0 255 0 255 0 0 95
    255 255 255 255 54 0 255 255 255 11 0 107 0 88 158 204 0 255 152 255
    0 255 255 183 0 0 255 255 255 0 0 0 255 77 0 0 255 113 255 255 99
    255 82 0 255 189 255 0 255 0 0 214 255 0 188 0 0 255 255 255 255 255
    54 0 39 0 0 255 255 255 243 0 0 0 255 255 71 0 0 220 0 255 255 0 0 0
    255 255 255 0 255 255 255 0 0 29 255 255 143 0 255 0 255 0 188 255
    255 255 0 147 0 0 255 255 255 255 197 0 0 255 255 0 132 0 0 255 0 0
    0 255 255 0 0 182 208 255 184 168 0 255 0 255 255 255 0 0 0 0 0 255
    255 129 255 0 54 0 65 64 255 0 255 0 255 0 255 255 0 103 82 255 0 0
    0 255 0 255 245 0 255 0 255 0 255 255 255 255 0 255 0 214 255 255 18
    0 0 255 0 0 89 186 204 255 0 255 0 0 185 214 255 255 195 0 0 96 255
    255 255 237 255 0 255 0 142 0 255 255 0 0 177 255 0 196 0 255 255
    255 0 0 73 62 255 0 255 255 107 0 0 0 255 57 255 0 255 0 0 0 150 255
    255 255 121 17 8 0 255 0 255 0 92 0 255 128 0 255 0 0 255 0 255 0 0
    0 0 0 0 255 255 0 20 0 255 242 129 87 255 255 0 0 0 255 0 255 83 0
    255 0 0 255 0 255 255 255 166 0 0 0 255 255 207 0 94 0 255 55 0 255
    255 0 255 45 255 0 255 255 0 0 0 255 255 255 0 0 0 0 0 125 24 255
    255 0 0 255 255 255 255 255 255 17 0 0 0 255 224 255 255 0 255 255
    255 0 0 0 0 217 85 0 0 0 255 255 0 255 0 0 255 255 150 223 255 188 0
    0 0 208 255 255 0 0 212 255 255 0 255 0 255 0 0 0 188 255 255 0 0 0
    0 255 0 255 0 0 255 255 111 66 31 0 77 255 255 0 140 0 255 203 0 124
    255 255 97 0 153 39 0 0 0 255 0 255 0 255 0 255 1 0 0 255 255 255 0
    0 0 255 0 255 0 255 162 255 0 0 154 255 0 0 0 0 255 54 0 0 0 152 255
    255 255 0 0 255 0 255 0 167 0 255 255 255 214 255 0 255 0 255 0 0
    165 0 0 0 255 255 255 0 255 255 255 0 61 0 255 255 52 31 0 255 255
    255 0 0 255 192 255 0 255 241 255 255 22 194 255 255 255 12 194 0
    255 255 0 0 255 93 255 255 255 255 0 0 65 255 255 0 255 255 255 0
    220 0 131 255 142 0 255 255 255 255 0 255 198 141 144 0 255 255 255
    0 255 255 0 0 255 255 0 255 0 255 0 255 255 255 171 0 255 228 255
    255 255 0 0 0 255 98 255 0 0 79 0 255 102 255 0 0 36 19 255 0 140 22
    255 0 0 0 222 0 255 255 255 0 0 0 255 96 255 255 194 0 0 255 255 255
    219 255 0 244 0 255 255 255 255 20 0 0 255 255 255 0 188 0 255 255
    255 0 255 0 255 253 0 255 0 255 255 255 255 0 255 0 0 255 255 255 0
    130 32 0 0 110 0 255 255 255 84 102 158 255 0 255 21 255 255 255 255
    255 0 0 255 0 255 0 255 0 255 0 255 255 0 255 255 0 0 205 255 255
    255 242 0 0 217 0 0 255 255 255 0 0 0 0 0 255 255 255 0 0 0 255 255
    0 255 0 255 255 255 255 189 255 0 85 0 255 0 255 12 255 38 0 0 0 255
    255 0 0 0 35 255 255 255 255 74 186 0 0 255 0 120 22 255 0 0 0 0 0 0
    248 255 0 213 0 0 0 227 123 255 0 0 255 255 249 0 255 255 0 0 0 255
    255 255 255 255 255 0 0 112 0 76 62 0 255 34 255 0 0 190 255 255 216
    0 0 255 0 255 20 255 0 0 255 255 0 170 219 45 255 255 0 255 0 255 0
    255 0 0 184 146 0 255 0 255 0 0 0 255 255 0 255 129 255 0 0 0 255
    255 255 0 255 0 0 255 0 255 0 230 181 255 255 123 0 34 0 0 255 255 0
    255 255 255 0 255 0 120 151 163 0 0 44 0 0 113 255 255 255 0 255 0
    255 0 0 0 255 255 255 42 255 255 255 255 255 255 0 89 255 201 29 0 0
    255 0 255 0 255 0 191 255 255 255 31 0 255 255 255 187 142 255 255
    78 24 0 255 255 255 0 143 43 255 0 255 0 255 0 255 255 0 49 168 255
    255 255 255 255 0 0 202 255 0 255 255 0 0 100 255 0 0 255 0 255 224
    255 134 0 0 255 0 255 0 255 255 255 53 168 0 0 255 23 0 255 23 255 0
    255 0 255 0 0 0 30 182 0 255 0 161 144 255 0 0 124 0 255 255 255 0 0
    0 0 0 0 255 255 246 0 255 255 181 0 255 216 14 0 0 194 255 248 255 0
    135 255 0 255 0 255 48 255 0 171 0 255 255 214 255 0 0 0 51 255 255
    0 0 255 168 255 0 206 15 0 255 0 0 0 255 255 255 0 0 255 9 128 0 255
    0 0 255 255 255 0 255 0 0 0 0 255 0 0 0 255 74 255 0 255 255 255 0
    255 0 0 205 0 255 0 255 192 0 94 41 255 255 0 255 9 255 0 255 255 84
    0 0 255 0 0 0 255 255 255 255 0 0 29 255 255 0 212 0 0 0 255 0 255
    255 0 0 0 255 87 0 0 199 255 255 255 0 0 0 255 255 255 99 125 0 255
    119 255 57 255 255 252 0 255 0 0 0 0 255 162 0 0 255 255 255 0 0 255
    140 255 0 255 103 255 0 255 0 255 0 0 128 255 255 255 186 0 0 255
    255 255 255 0 255 0 0 0 255 255 0 80 174 154 255 255 255 0 0 21 255
    0 0 0 255 0 0 0 255 0 0 255 255 0 0 255 255 0 0 137 255 0 0 255 255
    114 255 255 0 255 0 0 0 0 255 165 255 255 0 255 192 255 0 133 0 0 0
    255 255 103 0 0 255 255 0 0 255 243 0 88 0 255 101 255 0 255 62 0
    255 251 0 255 0 255 105 116 0 255 255 0 255 255 127 0 255 0 255 0
    255 255 255 0 13 255 0 0 0 76 255 255 255 255 0 0 0 255 255 193 255
    0 0 0 197 56 0 255 165 2 0 255 161 0 255 0 217 255 0 0 0 255 129 0
    249 255 197 0 0 17 255 0 177 0 1 0 72 175 255 0 255 0 243 6 0 255 0
    255 0 255 8 255 0 0 0 57 0 28 0 255 255 11 255 0 255 255 21 0 0 255
    44 255 255 255 167 0 0 255 0 0 255 97 219 0 255 190 0 0 255 0 0 0 0
    255 249 0 255 0 255 255 0 255 255 255 0 0 148 171 255 0 0 255 255
    255 0 150 255 255 0 145 137 255 0 23 0 215 10 0 133 255 0 0 0 255
    255 255 0 255 233 255 0 255 255 0 22 0 155 0 255 130 25 0 255 255
    124 255 0 0 255 0 118 0 255 0 0 255 0 0 0 255 0 255 255 255 0 0 0
    251 0 255 255 255 141 255 0 255 220 255 87 83 0 0 0 255 255 255 0 0
    255 255 0 0 0 43 255 88 0 0 0 177 255 159 0 255 255 169 255 0 0 255
    102 224 91 255 0 0 0 252 255 255 0 0 0 202 0 131 0 0 255 255 126 255
    112 255 0 255 0 0 0 0 175 255 255 127 122 255 252 0 0 157 255 187
    255 255 33 240 0 0 0 0 64 255 255 255 0 0 0 255 255 255 255 255 0 0
    0 255 255 0 0 255 140 0 0 0 255 255 255 0 0 53 255 255 244 255 255
    133 0 255 255 255 255 255 0 0 3 255 179 255 0 255 0 0 0 0 255 142
    255 0 0 255 255 0 255 0 255 0 255 0 255 0 145 0 255 0 0 0 38 255 42
    104 0 0 255 255 255 255 255 0 0 9 140 126 0 255 0 255 95 184 0 0 0 1
    0 142 0 255 145 0 0 143 255 255 0 0 255 242 244 217 147 125 0 255
    255 255 0 0 0 255 255 255 255 160 255 0 255 239 0 0 255 0 252 0 0 0
    255 232 145 255 255 100 0 0 255 255 255 0 43 139 231 255 23 0 0 255
    184 255 0 0 255 0 0 0 0 255 165 0 255 255 255 0 0 201 255 0 0 0 0
    172 0 255 0 0 255 255 10 0 0 0 203 0 255 0 255 0 255 189 255 255 82
    0 0 0 255 255 255 107 0 0 255 0 255 0 0 86 113 255 26 255 0 0 0 0
    255 255 255 0 0 0 255 127 0 140 255 255 255 0 0 134 255 0 255 0 0 0
    255 255 255 148 0 96 0 0 154 255 255 51 0 0 255 255 0 0 0 0 17 255 0
    0 238 255 0 0 0 0 255 153 255 0 255 255 0 180 255 255 255 115 0 255
    0 0 68 255 0 0 0 0 0 0 255 255 0 0 0 255 0 255 0 0 255 255 0 0 221
    255 255 0 0 0 255 0 255 3 255 0 255 255 255 255 174 0 138 0 255 255
    0 0 0 0 255 0 255 0 0 255 59 255 87 0 255 0 0 255 255 255 255 5 0 0
    255 255 255 59 0 0 255 127 0 0 0 0 0 0 212 255 207 255 255 157 0 255
    255 255 255 255 0 0 0 255 255 255 255 0 0 255 255 217 54 255 118 0 0
    255 255 0 31 0 0 255 255 185 32 0 255 217 0 255 0 255 0 255 0 255 0
    255 255 255 0 0 0 255 255 21 0 0 255 0 0 156 255 0 255 0 255 0 0 0
    249 255 0 0 180 201 255 255 255 0 255 0 153 255 255 0 0 255 255 0
    168 0 215 255 0 255 74 0 135 0 0 0 255 179 105 0 255 255 255 152 0 0
    0 255 74 0 255 44 119 56 0 255 0 249 255 255 48 255 36 0 33 0 0 255
    255 243 255 255 255 50 149 0 0 110 0 255 0 255 0 255 0 255 255 255
    177 0 0 153 255 0 0 0 160 255 0 255 255 255 255 255 54 0 255 255 255
    0 11 0 255 255 255 234 255 255 0 0 0 0 8 255 244 119 0 255 255 0 0 0
    0 238 255 64 255 255 255 255 11 255 0 255 0 255 255 0 0 0 255 255 0
    200 136 255 255 255 0 225 93 0 255 0 143 0 255 255 255 255 139 0 11
    255 0 0 255 255 255 0 13 0 255 0 0 255 255 255 0 0 255 255 255 255
    169 0 228 27 29 0 0 0 253 255 0 255 0 255 255 255 255 0 0 255 255
    255 255 0 0 0 255 255 255 0 0 0 255 255 0 255 0 0 41 255 255 0 0 0
    255 241 255 0 255 76 82 0 255 0 245 255 0 189 255 255 0 0 0 255 17 0
    0 0 255 255 255 0 9 0 0 0 255 255 0 93 0 255 255 0 0 15 255 239 255
    57 255 0 255 255 0 0 0 255 225 255 255 0 0 0 255 179 0 0 255 224 129
    207 0 143 139 82 28 0 255 255 255 138 155 0 0 0 197 0 0 146 255 255
    255 255 0 255 0 0 255 255 255 0 103 231 44 255 0 0 255 255 0 117 0
    255 255 255 255 0 255 0 0 0 0 49 255 255 56 0 0 255 187 0 255 28 255
    0 55 255 0 255 255 0 0 0 0 255 255 255 255 240 0 255 1 221 0 255 229
    255 0 255 255 0 250 0 255 0 255 236 255 255 214 81 0 255 0 166 255 0
    255 134 218 255 230 0 0 0 48 255 255 173 0 0 0 31 0 255 0 193 106
    255 255 0 0 0 255 216 255 0 255 0 255 255 255 0 0 255 0 0 255 255
    255 0 0 255 255 255 0 0 255 0 55 0 0 42 0 255 71 255 255 255 0 0 0
    255 130 218 217 0 236 255 0 0 255 255 59 0 0 0 0 0 0 255 255 255 0
    232 63 0 255 94 255 70 255 0 0 0 0 0 255 255 255 255 255 0 0 255 75
    0 0 0 0 27 255 57 255 0 81 255 255 255 0 0 247 255 50 0 0 255 255
    255 255 0 84 255 0 255 0 255 0 160 162 255 255 0 0 0 255 0 255 0 0
    220 255 255 255 0 0 174 0 255 0 255 62 255 0 0 0 255 255 255 255 255
    0 0 255 255 0 0 0 0 0 17 88 255 72 255 0 0 72 255 0 27 255 0 56 0 75
    0 0 58 255 255 0 255 0 255 255 255 43 255 0 239 255 255 0 255 0 255
    255 0 255 255 255 198 182 0 0 255 255 255 0 0 0 88 255 0 0 239 255
    255 255 94 0 195 0 255 0 255 255 255 0 0 0 164 255 255 255 0 0 255 0
    255 255 0 0 255 255 246 0 0 0 203 255 0 255 255 184 255 255 255 0 0
    0 255 0 11 255 0 20 255 230 0 0 255 255 255 255 255 0 0 0 39 255 255
    162 255 0 255 0 166 0 255 32 255 0 255 0 0 255 0 0 0 209 33 103 0
    255 51 255 50 255 0 255 0 0 220 255 217 255 255 255 0 0 0 184 84 164
    255 99 66 217 255 0 255 255 255 255 255 255 0 99 255 255 255 245 0
    94 255 255 255 255 255 0 7 0 0 255 231 255 255 255 0 255 0 0 255 234
    255 255 0 172 0 255 255 255 0 0 0 255 255 0 255 0 255 0 255 0 255
    255 255 255 255 0 0 0 0 255 38 255 255 0 0 255 255 255 0 0 0 171 126
    255 89 255 249 255 218 0 96 146 255 0 0 0 255 255 50 0 255 255 255 0
    255 255 158 0 112 0 255 215 0 7 0 255 0 255 0 255 255 0 0 0 0 255
    255 255 0 255 0 255 0 255 255 255 255 255 255 255 255 0 255 0 255 0
    0 0 255 255 29 0 185 255 255 255 206 0 255 232 255 0 0 0 255 255 0 0
    157 255 0 0 0 255 255 255 0 255 130 73 152 143 1 0 0 0 73 154 21 255
    255 0 0 0 255 0 0 255 0 0 0 157 228 255 0 255 0 255 0 255 255 103 0
    0 255 0 255 0 255 255 0 79 255 44 255 0 255 255 0 0 255 255 255 0 0
    255 0 255 0 255 0 255 0 255 255 255 0 0 159 255 255 0 255 0 255 255
    255 255 0 0 0 39 255 0 255 0 255 255 179 0 47 28 255 122 255 0 143
    132 11 166 255 149 255 0 255 154 0 0 255 238 255 138 0 27 0 255 255
    255 255 0 255 0 255 255 118 0 0 255 255 0 0 0 255 0 255 255 255 255
    0 0 255 0 119 0 255 255 255 59 255 0 0 17 255 255 0 217 0 255 255
    255 255 154 0 0 0 0 0 255 218 0 0 255 0 255 0 0 0 255 255 255 0 255
    255 255 0 0 129 0 255 0 255 0 0 0 255 0 255 0 0 71 0 19 255 253 255
    0 255 255 255 0 81 151 107 255 255 0 255 255 255 0 88 0 255 186 0 0
    0 0 36 255 0 255 203 255 0 255 255 0 163 0 255 255 52 0 0 255 0 73 0
    255 255 255 6 246 255 255 255 255 66 67 255 255 0 255 255 0 0 172
    255 0 255 0 0 0 216 0 0 96 255 255 7 0 0 232 214 255 0 255 187 255
    255 255 35 0 79 0 75 255 0 0 0 255 255 0 255 0 156 0 255 255 0 0 0 0
    0 255 255 255 255 0 0 0 0 0 255 0 255 7 255 0 151 255 28 0 100 0 255
    78 255 0 255 0 255 0 0 122 0 255 231 255 0 31 255 255 87 0 255 0 255
    0 0 0 0 115 255 255 255 0 255 255 162 255 120 251 255 0 255 0 255 0
    0 0 255 255 255 0 255 0 255 0 255 191 0 0 0 0 255 255 0 255 0 255 0
    255 0 255 0 0 0 255 0 0 183 0 255 0 0 255 145 0 255 59 255 0 0 0 0
    218 255 255 0 0 0 164 255 255 0 255 0 0 0 0 255 255 115 0 255 0 185
    189 255 0 0 0 255 255 0 95 0 0 255 107 232 0 0 0 255 255 255 140 0
    110 255 0 255 71 255 0 53 0 0 0 255 255 0 75 0 0 191 0 255 255 0 0 0
    255 0 0 0 188 255 255 44 0 0 93 255 255 166 187 0 0 255 255 0 0 0 0
    0 255 0 193 255 255 0 255 255 0 255 255 0 255 255 255 0 0 0 0 163
    255 255 255 255 0 0 0 0 0 255 33 62 0 0 255 204 255 80 0 61 255 255
    180 149 255 255 0 235 0 0 0 0 0 39 0 255 255 255 0 255 255 0 0 0 26
    255 255 255 236 204 255 0 255 0 255 0 255 247 255 82 0 0 255 0 67 0
    0 82 0 255 0 227 0 0 255 141 255 0 255 255 255 0 255 227 255 213 255
    120 0 0 0 255 255 108 0 0 0 255 255 255 255 0 255 0 255 0 0 0 0 255
    255 0 0 0 255 255 255 255 0 0 0 255 221 255 0 108 188 255 255 99 255
    255 0 255 0 123 0 185 255 0 109 0 184 0 0 247 255 255 255 0 255 0 0
    0 0 255 0 0 255 255 0 255 0 255 255 255 0 255 0 0 255 255 1 0 255
    151 0 255 0 0 0 0 255 255 255 0 0 174 214 0 172 0 55 194 127 255 14
    0 211 255 255 255 0 0 255 255 255 0 255 91 0 255 237 0 255 0 0 0 255
    255 6 0 0 0 25 255 77 255 255 0 0 0 77 0 67 0 255 255 255 0 82 255 0
    0 0 0 0 0 255 255 255 212 137 0 0 255 0 0 255 0 255 0 255 33 255 0
    255 0 0 134 255 0 255 0 255 255 146 240 255 0 0 162 152 255 0 0 0
    255 255 0 0 255 35 255 226 255 0 0 232 0 0 75 255 255 0 0 0 255 255
    255 255 0 218 0 255 185 255 0 0 255 167 216 255 0 255 255 93 0 255
    255 255 0 255 0 127 255 0 146 4 114 0 32 0 0 0 255 0 255 31 252 0 0
    255 206 255 255 62 0 0 173 186 255 255 0 90 0 194 0 255 0 131 0 255
    0 127 0 174 0 168 0 255 0 106 31 161 255 255 0 175 0 255 173 255 0
    255 255 0 255 255 64 255 125 145 0 248 255 255 173 0 0 0 0 130 255
    255 255 0 255 0 255 255 255 51 0 255 255 176 255 3 0 173 0 191 255
    255 0 0 0 255 0 0 0 255 0 255 254 10 0 0 0 255 255 255 255 0 255 0 0
    68 255 0 0 255 255 0 30 0 0 255 231 255 0 48 255 255 255 0 255 0 255
    0 99 0 255 0 0 0 184 255 255 200 184 0 255 0 0 0 255 255 0 0 0 255
    221 243 0 255 0 255 0 255 135 255 255 228 255 0 0 255 0 0 255 113 0
    0 255 0 255 148 255 0 255 0 255 0 255 255 255 20 0 65 0 255 255 0
    255 0 0 20 255 0 255 255 255 0 255 0 255 0 0 0 255 224 0 0 0 0 255
    255 0 192 69 255 234 255 255 255 232 149 255 0 0 255 255 255 0 98 12
    255 255 255 201 0 0 0 0 0 0 255 255 255 0 255 0 255 0 0 255 255 255
    227 0 0 0 255 0 255 255 196 0 0 255 0 255 255 137 255 255 255 0 0
    255 255 255 0 12 255 255 0 255 255 0 99 0 44 71 255 255 255 0 255
    255 255 255 255 255 255 0 0 185 255 92 255 0 0 255 17 255 255 0 0 0
    157 255 248 0 0 255 255 255 221 255 0 0 0 138 255 0 255 0 255 120
    255 255 167 0 0 0 28 255 0 0 0 255 0 0 255 255 255 0 0 255 255 255
    255 194 0 255 255 102 162 0 0 0 255 172 255 0 255 0 255 78 250 66 0
    0 0 255 0 255 255 255 0 0 255 255 4 0 0 255 0 200 5 255 210 0 255 0
    0 0 255 255 130 0 114 193 255 255 0 255 0 255 0 135 255 255 240 237
    249 0 147 0 0 255 255 255 255 255 0 255 0 255 0 87 0 0 255 255 102
    255 240 0 0 79 255 255 127 0 0 0 255 0 0 0 255 255 0 0 0 255 255 255
    0 58 255 255 156 0 0 38 0 178 0 255 255 0 0 0 255 255 0 0 0 255 255
    255 0 208 0 255 0 54 0 255 0 0 255 255 221 160 147 254 255 255 255 0
    0 255 255 0 0 0 255 0 255 0 113 255 0 255 44 255 207 0 0 0 255 0 255
    0 255 0 0 0 0 255 184 255 0 0 134 0 255 0 255 130 255 255 0 202 0
    255 0 0 0 75 0 255 255 0 0 255 255 255 20 255 0 255 0 0 255 0 0 255
    47 0 0 255 255 255 145 255 0 0 0 255 255 255 123 0 0 0 25 255 255 0
    0 255 0 255 0 0 255 58 255 255 255 0 255 0 255 0 255 0 255 255 171 0
    174 97 255 255 0 0 255 255 0 0 255 255 255 0 0 0 255 0 222 0 0 255
    255 255 0 255 12 255 0 185 0 0 255 255 0 0 0 255 255 0 152 0 23 0
    255 255 255 0 0 255 255 164 0 0 136 255 0 11 255 255 0 73 61 255 0
    116 0 255 145 255 0 207 0 0 255 0 101 0 104 131 255 0 255 52 236 0
    70 0 255 255 255 0 167 0 255 0 184 0 255 255 0 255 0 255 0 255 0 255
    0 255 0 0 0 255 255 0 168 0 255 0 48 0 255 0 255 255 255 0 0 255 255
    255 0 0 0 0 255 255 255 0 92 255 0 255 0 255 255 255 74 0 0 194 155
    0 181 255 48 0 255 0 255 89 193 125 255 0 255 255 255 0 2 0 255 167
    255 0 255 0 255 215 0 0 255 255 0 0 0 0 255 20 18 57 133 0 0 0 0 0
    255 71 255 0 138 255 255 255 70 0 255 0 49 0 255 255 0 0 255 255 255
    255 0 52 255 187 0 255 0 255 33 255 1 255 0 255 10 255 185 0 255 116
    135 255 255 98 144 0 0 255 50 255 255 255 0 72 41 255 255 255 0 0 0
    0 255 0 255 255 255 79 0 0 12 255 255 0 0 255 255 255 0 0 255 255 0
    0 87 255 69 255 0 255 0 255 255 0 255 0 127 0 0 0 0 0 255 255 221
    255 0 255 0 255 0 0 0 255 255 0 0 0 0 255 255 255 0 255 36 255 0 0 0
    0 49 0 255 234 255 255 0 0 0 0 0 0 0 246 171 255 255 255 255 255 0 0
    0 255 255 255 255 0 255 250 126 0 74 0 255 208 0 255 0 255 0 255 0
    255 0 214 156 255 0 0 0 0 255 39 255 0 255 255 0 0 0 200 0 0 0 255
    21 0 0 0 0 255 255 0 21 235 0 0 255 255 255 255 255 0 0 0 22 0 0 0
    255 124 0 0 255 255 255 0 133 0 255 162 255 0 0 0 0 255 0 0 0 0 0 0
    255 0 255 7 255 0 255 232 255 0 12 0 255 0 255 255 207 255 0 0 255
    255 255 0 0 131 39 255 244 83 0 255 255 255 0 131 0 255 0 0 0 0 255
    255 11 84 0 0 233 255 138 0 255 220 255 0 0 0 255 255 0 0 157 52 0
    255 255 255 255 255 0 0 255 152 255 0 0 255 114 169 0 211 0 255 0 0
    0 37 255 0 0 211 255 255 0 255 0 51 0 255 255 255 255 0 0 255 255 0
    132 0 165 172 255 198 135 255 0 0 154 255 0 255 255 255 0 255 0 255
    255 171 208 0 0 0 8 255 238 255 255 167 255 255 255 34 82 0 0 255
    255 255 0 0 115 164 255 255 0 255 72 255 0 0 0 3 255 0 0 0 255 255
    255 0 255 255 255 255 0 0 0 109 77 56 255 114 255 0 0 255 197 255 0
    0 0 0 255 255 229 0 0 0 255 255 255 169 0 0 0 255 0 255 132 255 92
    229 255 0 255 0 0 255 0 81 255 0 0 153 255 255 236 0 255 255 0 0 190
    255 0 255 0 255 0 0 0 41 255 255 255 213 0 0 0 255 0 255 0 0 255 0
    231 176 254 255 177 138 255 255 0 0 0 255 0 0 0 255 0 255 237 255
    255 0 0 132 0 0 255 255 141 0 0 0 0 0 255 255 0 255 255 255 0 0 201
    255 0 0 255 255 255 179 255 0 255 73 0 0 0 0 155 0 255 0 255 0 0 0
    58 255 255 115 0 255 0 193 0 0 0 255 255 255 0 229 0 255 255 255 255
    0 255 0 255 0 255 0 0 255 255 181 255 213 37 255 255 0 0 0 255 255
    255 255 0 0 0 255 255 0 255 255 0 255 0 0 0 255 0 0 55 0 255 255 24
    0 255 255 255 203 0 84 255 255 0 255 0 255 255 255 0 244 0 0 0 196
    234 255 0 255 255 255 10 0 0 255 255 149 0 255 255 0 0 0 255 61 255
    0 43 0 255 255 0 0 0 0 255 255 250 255 0 255 0 255 40 176 255 57 18
    0 255 255 255 0 0 255 76 35 0 182 0 0 0 0 231 0 0 255 0 255 0 54 0
    255 255 255 255 255 0 0 146 255 0 83 255 0 218 0 216 255 0 206 0 255
    0 0 0 124 255 255 255 0 0 0 255 255 0 139 14 255 255 255 0 255 15 0
    255 255 255 41 0 255 0 255 127 0 0 0 255 255 255 69 255 22 255 255 0
    78 0 255 255 6 0 0 0 0 0 0 0 255 87 0 71 0 73 174 255 231 255 0 255
    0 255 0 255 0 255 255 255 0 0 0 255 0 255 87 0 255 255 255 0 146 0
    255 255 0 0 0 0 0 50 255 255 204 255 71 57 0 255 255 31 0 0 255 255
    255 40 0 0 0 0 0 255 255 255 0 10 203 255 0 255 255 0 0 0 255 0 255
    255 255 255 255 79 0 0 0 0 255 255 255 199 0 0 255 255 0 0 0 255 255
    255 255 255 196 255 0 255 142 0 255 255 0 0 0 255 255 255 0 0 0 255
    1 255 0 0 0 0 0 0 255 255 255 101 255 0 124 255 0 255 255 255 0 0
    122 255 255 151 0 238 255 255 226 0 255 0 94 255 255 255 255 179 0 0
    0 255 60 255 255 255 0 0 0 0 255 255 141 0 255 0 0 0 0 255 220 255 0
    0 255 103 255 114 205 0 255 0 0 255 255 0 0 0 200 255 255 35 0 0 255
    255 237 0 255 255 255 0 255 0 255 0 255 130 0 255 0 129 0 0 49 0 137
    0 0 0 232 75 236 255 255 0 255 255 255 0 131 0 255 0 0 0 0 255 191
    255 253 0 81 0 119 53 167 0 255 198 255 255 255 0 0 0 255 255 0 238
    253 255 82 0 229 255 255 0 0 0 0 47 37 255 255 0 112 201 255 0 255 0
    255 0 0 255 228 0 7 38 255 0 0 0 172 255 255 255 0 0 0 55 0 0 0 255
    0 255 250 0 255 0 255 0 19 255 165 100 230 168 255 255 0 255 86 153
    0 255 255 0 255 255 253 255 122 255 210 0 67 255 255 0 27 0 255 255
    255 0 0 0 0 255 0 0 255 164 255 255 0 0 0 255 49 255 103 0 255 0 255
    255 255 255 0 0 255 0 255 255 255 176 0 255 141 255 0 35 0 212 0 255
    0 255 0 255 255 0 0 255 0 229 255 255 0 0 0 0 0 255 255 255 255 0 0
    194 255 255 0 8 49 255 255 255 255 0 255 0 255 4 146 173 255 0 255 0
    255 0 0 0 199 255 0 0 93 255 255 255 0 0 255 255 0 230 255 255 24
    255 0 0 255 0 255 0 255 26 255 0 0 255 255 226 0 255 13 149 0 255 0
    0 0 255 245 255 0 255 255 255 255 198 0 0 255 29 255 0 127 255 0 255
    0 198 0 248 4 255 212 255 0 0 0 48 0 255 0 0 0 6 255 242 255 45 73
    255 255 255 0 255 0 0 255 0 0 0 255 255 255 0 112 0 184 255 0 255 0
    255 0 0 0 255 255 0 0 0 0 0 0 192 255 255 176 0 0 255 255 255 0 0 0
    0 255 162 71 255 255 0 255 0 0 255 255 255 0 255 184 255 0 255 255
    188 255 53 255 0 0 255 255 136 0 0 38 255 255 255 0 0 0 0 211 115
    255 0 152 0 0 255 46 92 0 255 0 255 0 0 255 255 0 207 255 255 0 255
    0 255 255 255 255 255 255 0 219 0 255 0 255 0 162 255 255 255 255
    255 255 0 0 255 255 255 1 0 184 255 181 255 0 228 0 173 0 83 129 255
    255 198 0 255 0 255 10 90 0 255 255 0 0 0 0 41 0 255 255 255 81 0 0
    255 255 0 0 0 255 255 112 255 255 0 0 0 255 255 24 0 255 26 159 0 0
    255 54 255 255 255 255 182 255 0 255 255 110 0 255 0 255 255 255 0 0
    255 0 0 255 0 0 0 0 255 255 255 16 255 0 255 0 255 255 21 255 228 0
    0 0 0 0 0 0 0 0 255 133 55 0 0 255 255 255 0 255 0 255 255 255 0 0
    255 27 30 0 0 255 255 255 0 255 52 255 255 255 255 205 250 0 0 255
    255 255 0 238 0 0 0 255 255 255 0 255 0 0 0 255 0 0 0 255 255 255 0
    0 0 0 255 0 226 255 255 0 0 0 0 0 255 255 255 26 23 0 26 75 86 255
    15 255 0 0 0 255 0 255 0 0 0 255 0 0 255 0 255 0 255 0 255 255 0 0
    128 101 0 255 255 0 0 0 255 0 0 255 255 0 255 0 255 0 255 255 255 51
    196 0 0 255 255 0 18 0 152 0 0 255 0 255 255 255 0 0 255 0 0 65 0
    255 255 255 0 255 0 255 118 255 255 0 255 0 0 0 255 150 255 255 194
    246 255 255 255 255 255 0 0 0 0 255 255 0 255 255 255 255 255 0 96 0
    0 0 0 0 188 255 255 193 255 0 255 255 147 0 81 0 0 0 255 255 0 193
    255 68 255 0 255 234 196 255 83 255 255 255 190 0 0 255 236 0 0 0
    255 0 238 255 31 255 0 24 0 255 0 0 0 0 255 175 255 0 1 0 255 99 255
    0 0 0 0 234 0 255 255 255 0 0 0 255 0 255 255 54 255 255 255 0 106
    28 255 0 0 0 0 255 255 255 0 0 194 255 255 255 255 84 0 0 56 126 25
    0 0 255 0 125 255 67 255 70 154 0 202 0 114 255 0 255 0 255 255 255
    0 24 255 0 0 255 107 197 0 144 255 255 0 131 0 33 0 0 47 255 0 255
    105 0 0 0 0 0 156 255 255 250 0 255 165 0 0 0 255 255 255 255 23 0 0
    0 255 63 255 0 102 0 255 253 0 0 70 255 255 93 255 255 255 0 255 37
    0 255 255 255 0 0 0 255 255 255 0 255 119 255 0 0 15 255 198 255 0
    255 0 255 255 25 163 0 0 0 39 255 0 206 0 255 255 0 0 0 0 242 255
    255 0 0 36 0 0 0 255 255 255 0 255 0 255 255 248 255 217 105 181 0
    255 0 255 0 177 0 255 0 255 0 125 255 119 255 0 115 19 255 0 255 0
    255 235 58 255 0 255 0 56 0 255 255 255 0 255 0 255 0 255 255 70 33
    0 153 255 255 0 255 0 41 161 255 255 100 0 120 66 255 0 216 255 255
    7 255 166 178 133 255 255 0 0 0 27 0 132 142 255 77 255 0 255 172
    255 0 0 0 255 232 58 255 0 244 0 0 0 255 110 54 0 255 0 0 255 157
    255 0 255 0 255 0 255 0 0 0 99 69 255 255 255 255 0 0 0 0 0 255 255
    255 0 0 0 255 255 117 255 95 0 73 0 255 255 219 255 255 0 0 255 159
    255 255 147 0 0 255 255 231 0 0 0 255 255 0 17 255 255 0 0 0 255 255
    255 0 219 0 246 255 255 255 0 69 0 255 255 100 130 255 0 0 0 255 129
    255 255 24 157 0 0 0 255 255 21 255 163 255 1 0 255 70 255 0 0 255
    255 0 0 255 255 255 255 0 0 227 255 61 0 255 4 6 255 255 34 52 255 0
    0 255 181 255 255 0 0 0 0 255 154 0 255 255 255 0 72 255 0 255 0 255
    0 242 0 255 255 0 255 155 135 93 255 255 0 0 0 255 0 85 255 0 237
    255 255 0 0 0 255 255 255 117 0 81 255 0 255 255 0 255 181 0 255 0 0
    117 0 255 0 0 202 255 47 228 177 255 209 0 255 255 0 255 255 255 109
    255 255 255 159 0 0 255 255 157 0 0 0 255 139 0 150 255 255 93 0 62
    0 0 255 255 0 0 0 15 58 255 0 0 0 0 255 255 249 255 255 0 183 255 0
    0 0 255 255 0 0 15 255 25 0 255 255 227 0 255 0 0 103 0 186 0 58 0
    233 228 0 0 236 0 0 0 0 255 255 255 23 255 0 0 255 255 255 0 0 255
    255 255 255 0 0 0 0 29 255 255 0 185 0 255 0 88 0 0 0 0 255 255 66
    255 255 255 65 0 0 158 74 255 64 255 255 255 19 255 255 0 0 138 0
    255 255 255 0 0 0 255 255 255 255 255 255 184 135 0 255 0 255 0 255
    255 255 189 0 248 156 255 0 255 0 255 0 255 0 0 115 139 0 154 0 255
    234 255 0 255 0 100 72 255 0 123 255 255 0 249 0 255 255 86 0 0 126
    255 255 0 0 0 255 0 255 0 255 245 83 246 0 0 255 0 39 0 255 255 0 0
    255 0 255 255 255 0 255 183 255 0 0 143 255 255 0 0 255 255 255 0 0
    0 96 255 124 0 0 0 0 255 255 255 217 114 0 0 255 255 255 152 255 255
    255 0 0 0 255 169 0 0 255 255 0 53 0 255 255 212 255 0 0 255 255 255
    0 135 0 255 255 0 225 0 255 255 119 255 0 0 211 255 58 255 96 255
    195 255 0 255 0 255 0 255 0 255 0 195 247 0 125 221 0 0 255 0 98 128
    255 0 255 255 255 45 255 0 227 0 255 255 0 255 26 0 49 27 255 255
    255 255 255 255 0 0 255 124 61 0 0 255 255 255 0 0 0 255 194 255 0
    255 255 41 95 0 76 146 255 0 255 0 0 255 255 255 255 0 0 90 0 0 255
    245 0 0 0 255 255 255 0 136 0 162 255 255 0 0 188 255 255 0 255 255
    255 0 0 241 0 255 0 29 0 255 255 0 2 0 255 255 0 73 0 255 14 255 255
    255 0 255 255 0 93 255 255 5 0 255 0 107 144 6 255 255 255 0 0 0 0
    255 0 206 0 255 0 255 255 0 255 255 255 0 25 0 255 0 255 0 181 30 0
    255 255 188 255 0 0 0 4 255 255 101 0 255 255 0 255 255 255 167 0 0
    255 0 255 255 0 0 0 255 0 50 0 255 0 141 83 255 255 0 0 0 29 255 0 0
    0 255 255 6 0 241 0 255 0 255 140 0 167 0 255 255 150 255 0 0 0 0
    255 255 77 255 255 0 0 255 255 255 0 255 255 255 65 255 255 0 0 0 0
    0 255 255 255 0 0 0 229 0 255 0 255 255 255 255 0 213 183 255 255 0
    0 29 255 251 255 0 0 255 0 255 255 255 255 30 74 0 255 255 255 0 255
    255 255 255 255 0 99 0 196 255 255 255 0 0 111 255 0 255 255 255 0 0
    0 255 255 255 80 171 0 255 255 255 0 255 255 255 255 0 0 255 255 0 0
    0 67 0 255 0 27 0 255 255 0 0 58 0 215 204 255 76 0 0 126 255 0 0 0
    42 0 255 255 253 210 255 255 0 255 0 116 0 255 224 255 0 255 255 55
    255 255 0 110 255 0 0 255 0 0 0 255 0 255 255 255 255 0 255 0 0 151
    0 0 229 255 255 255 247 255 255 255 213 0 213 255 0 0 67 239 0 255
    255 255 201 0 0 0 255 255 34 255 0 0 0 255 255 255 0 79 0 255 255 0
    0 0 255 0 0 243 232 255 35 255 255 255 0 0 255 102 0 0 255 255 0 0 0
    177 255 255 0 255 255 255 0 0 0 255 255 81 255 0 255 0 255 0 150 0 0
    164 0 74 0 255 0 0 255 0 255 198 0 120 255 255 126 0 111 255 255 0 0
    255 255 255 0 107 255 255 233 0 133 255 255 255 255 255 255 0 255
    255 82 0 255 0 123 255 0 66 255 255 255 0 0 204 255 255 0 0 0 255
    255 255 255 0 255 0 30 0 255 255 0 255 255 255 0 158 255 255 255 211
    0 245 0 255 255 255 92 0 0 0 255 255 200 0 172 255 34 31 255 81 255
    0 33 0 0 255 255 255 66 0 0 0 0 255 255 247 0 0 200 145 0 255 255
    255 255 0 0 49 255 255 0 255 0 255 255 64 54 0 0 255 0 255 0 255 0
    255 0 255 0 255 0 255 0 255 0 2 0 255 255 255 255 0 0 0 255 1 0 16
    255 0 0 0 0 104 158 255 0 0 0 255 190 146 0 254 0 0 0 0 0 0 255 0
    255 0 0 0 255 255 159 255 1 0 0 0 81 255 255 255 255 201 0 255 255
    255 0 255 53 136 255 255 255 0 0 0 255 0 0 0 0 255 255 255 0 0 255
    138 255 0 0 255 0 0 0 255 0 53 58 255 255 255 0 0 0 0 255 255 255 0
    0 0 0 255 0 0 94 243 255 74 62 244 0 255 0 255 0 255 0 0 151 255 255
    0 255 0 251 0 0 242 255 0 0 211 255 255 29 0 213 0 0 255 0 0 255 73
    255 0 255 255 255 0 0 0 236 255 0 196 0 242 189 255 255 255 0 0 188
    255 0 255 255 255 0 255 255 135 0 255 255 255 217 0 81 255 161 255 0
    0 0 229 255 255 25 99 0 0 255 0 216 0 76 255 255 255 0 17 0 49 0 255
    255 255 157 0 255 148 223 255 255 0 0 255 255 255 19 0 0 0 255 255
    255 0 0 131 0 255 0 255 0 255 0 255 255 255 0 0 6 255 37 5 0 255 255
    255 255 30 0 27 255 0 255 0 82 255 255 0 255 255 255 255 15 118 0 67
    0 0 255 0 255 0 0 0 0 255 255 155 0 0 0 255 255 154 0 255 107 0 0
    255 17 0 6 255 255 0 200 255 255 255 0 0 107 255 255 255 0 255 255
    255 255 255 51 0 255 255 255 27 255 255 255 255 83 255 134 98 0 143
    0 0 0 185 255 0 255 110 0 0 84 0 0 255 255 0 0 0 14 0 255 0 255 0
    145 255 255 0 255 0 255 12 255 0 201 247 255 0 0 0 0 255 255 0 0 238
    255 0 68 0 255 49 255 0 29 75 255 255 255 0 57 0 255 0 79 255 0 224
    70 255 0 0 0 177 255 165 255 0 0 59 20 0 0 255 255 192 0 0 255 255 0
    0 0 200 255 40 0 0 0 255 155 199 0 255 105 255 0 0 0 255 0 0 0 0 255
    255 255 247 0 255 42 255 0 0 0 230 255 0 0 0 242 255 208 255 0 0 255
    255 225 43 255 248 0 0 255 255 139 0 255 255 92 0 255 0 255 0 171
    131 255 0 0 255 94 255 0 255 255 255 0 255 255 67 149 100 255 255
    255 0 0 10 156 255 157 22 0 0 0 255 0 0 255 0 255 115 0 0 0 0 255 0
    255 255 255 229 3 0 0 255 104 255 0 255 255 0 0 0 255 176 0 0 224
    255 116 0 0 0 0 255 255 0 255 0 255 0 255 168 0 0 255 152 0 41 0 255
    0 255 0 0 255 45 255 255 0 255 0 0 0 255 255 255 255 0 0 62 255 255
    0 255 255 255 0 0 0 106 255 255 255 182 255 255 147 255 184 255 255
    0 0 0 0 255 0 0 0 55 255 255 255 0 20 0 255 255 255 66 0 255 0 0 0
    215 255 155 24 0 255 255 0 69 0 255 255 255 0 0 255 255 255 0 255
    255 120 255 0 0 0 0 255 238 0 255 255 255 255 0 0 255 94 255 0 216 0
    0 0 139 255 255 0 0 139 255 255 0 255 0 0 0 0 255 255 0 255 0 0 0
    221 255 0 255 255 86 255 0 0 0 255 255 255 0 106 37 255 255 255 0
    255 0 0 0 0 21 255 255 0 67 0 255 255 0 255 255 255 255 0 0 255 0
    255 0 255 0 0 255 255 149 89 228 255 0 206 255 0 239 0 255 0 0 255
    255 1 0 113 0 0 255 0 255 65 255 255 255 255 255 0 0 0 255 255 255
    121 0 255 255 0 3 255 255 0 255 255 255 0 133 255 255 255 0 255 34
    255 0 0 0 0 255 255 255 217 0 255 0 118 0 0 91 255 255 255 255 255
    50 0 0 255 0 255 0 0 255 0 255 0 255 0 0 19 255 133 0 0 0 255 0 0 0
    0 255 255 255 0 0 255 255 255 255 255 0 98 0 255 0 0 255 2 0 190 255
    65 0 112 0 192 245 255 0 0 255 0 255 0 255 0 0 0 255 0 0 255 0 0 255
    0 0 0 0 125 255 71 255 0 0 0 255 255 0 255 0 131 0 255 192 255 0 0 0
    0 0 255 255 255 0 74 64 0 255 255 126 0 0 255 0 0 213 223 255 56 0 0
    235 0 255 255 5 0 0 157 255 0 255 0 255 118 9 255 119 185 0 255 13
    255 0 50 255 255 0 0 23 0 0 0 0 189 209 255 0 230 0 0 0 255 255 0
    255 255 199 0 0 255 136 255 0 133 0 192 255 227 0 0 147 239 57 255
    255 142 255 0 178 0 179 255 255 0 255 134 255 54 0 255 0 0 83 255
    255 40 0 255 0 255 255 0 255 142 255 255 255 0 255 200 255 0 0 0 104
    44 207 208 0 255 255 255 18 0 174 255 242 49 212 0 0 67 134 255 0 55
    0 255 0 0 0 0 255 255 21 0 0 0 255 255 0 0 255 255 241 0 0 255 255
    255 0 255 0 255 0 0 255 255 0 255 0 255 0 255 2 255 255 204 255 255
    0 0 91 0 255 0 255 0 0 0 255 0 255 255 255 0 0 255 255 255 0 0 0 120
    255 0 0 255 83 255 255 255 218 255 255 0 0 0 0 76 255 0 0 0 33 131 0
    0 0 255 255 255 82 255 0 0 0 255 255 0 255 255 255 255 255 255 0 255
    255 0 140 255 255 255 0 0 0 255 255 255 0 0 0 154 8 4 140 255 255 61
    0 0 0 255 255 255 255 0 132 0 121 0 103 117 255 0 0 0 212 255 255 0
    0 0 255 37 43 255 0 255 0 67 153 255 0 0 255 3 255 255 255 255 255 0
    0 0 255 255 255 255 151 255 0 0 0 255 74 215 0 0 0 255 255 255 255 0
    255 0 255 255 141 0 0 255 255 11 255 22 176 0 187 0 255 44 255 234
    255 255 255 16 255 0 0 105 255 215 0 255 116 255 0 255 0 252 243 0
    20 4 101 255 0 161 0 255 0 255 0 0 255 0 255 0 0 255 255 0 255 255
    255 0 255 90 255 0 0 255 255 183 255 0 255 255 255 0 218 0 255 255
    255 0 255 0 76 14 255 255 255 83 0 255 170 78 0 0 255 255 255 0 255
    0 0 0 0 0 128 255 167 0 0 72 255 255 255 0 0 0 255 0 255 0 255 255
    255 0 153 255 0 255 56 0 179 0 255 0 255 70 52 0 113 0 196 2 0 255 0
    0 73 0 255 0 190 255 1 255 255 165 255 255 255 255 0 235 255 0 0 0
    255 0 0 0 181 0 255 255 255 35 211 251 255 255 46 19 255 255 255 255
    0 0 255 38 255 0 0 255 255 255 0 0 0 255 255 107 0 0 255 0 255 255
    114 0 0 90 0 255 0 0 255 255 255 35 0 0 0 255 200 255 255 0 0 0 255
    255 255 0 0 203 0 255 255 0 255 255 255 0 0 0 0 246 255 6 211 0 138
    255 255 0 76 244 255 0 255 0 255 0 0 17 20 255 0 216 95 154 0 27 255
    255 0 255 90 0 255 0 0 255 255 0 0 255 0 255 255 255 0 0 255 0 255 0
    255 255 255 0 0 255 0 255 0 255 255 0 255 179 0 63 255 255 175 0 0 0
    255 255 255 0 0 0 154 255 255 0 0 255 255 255 230 0 0 255 113 255
    255 225 255 138 0 0 255 255 255 255 0 0 0 255 209 0 255 0 143 42 217
    255 255 95 255 0 0 255 255 0 0 255 172 0 197 255 19 255 234 255 17
    255 0 0 0 255 0 0 255 255 52 240 29 255 0 155 0 255 255 0 255 255 0
    0 255 0 200 0 203 0 255 0 0 255 226 255 152 208 255 255 0 255 0 255
    0 0 255 0 255 0 255 255 0 0 0 255 255 0 27 0 0 0 255 255 255 0 131
    255 0 255 0 255 0 0 255 255 255 0 0 0 255 0 0 0 255 255 130 255 255
    255 0 0 255 0 0 255 255 255 0 255 0 255 0 0 0 255 0 166 0 157 255 0
    255 255 0 255 0 255 50 85 226 0 0 255 0 255 0 255 37 0 255 169 0 0 0
    255 255 255 3 0 255 0 0 255 255 255 255 255 0 0 77 180 255 0 0 0 255
    255 255 255 0 255 0 255 0 0 255 255 255 255 255 0 0 0 255 255 255
    255 255 255 0 0 0 83 0 0 0 0 255 255 255 50 157 0 255 122 240 0 255
    255 255 0 0 0 255 227 255 127 0 0 233 0 255 255 0 0 255 0 206 0 122
    255 71 255 0 255 0 0 54 255 255 255 0 255 0 255 29 255 255 255 255 0
    0 255 255 174 255 0 85 0 255 255 0 255 29 255 0 0 0 0 0 0 255 255 0
    0 255 255 255 116 0 0 255 255 56 255 0 255 255 255 0 255 0 255 0 0 0
    255 255 0 0 0 0 0 255 255 255 255 255 0 11 0 13 71 0 0 255 137 255
    255 255 255 0 0 255 255 0 255 255 255 226 255 255 255 0 0 0 0 196
    118 255 45 255 255 255 255 255 0 71 133 0 77 128 0 255 0 0 255 255 0
    0 0 255 255 62 61 210 0 3 255 76 96 0 255 255 0 0 0 255 255 255 255
    0 0 255 0 212 255 255 0 0 0 255 0 0 255 255 0 0 0 0 0 255 27 0 0 136
    153 100 255 0 0 0 255 255 0 0 95 255 255 255 0 0 255 255 255 241 0
    172 80 0 0 255 255 0 0 0 255 255 0 255 79 0 0 0 0 0 243 255 0 255 0
    0 255 0 0 0 0 185 154 255 0 0 0 60 0 113 255 255 0 79 0 120 255 0 0
    0 255 3 17 0 53 0 0 0 0 217 137 255 0 0 0 255 0 255 0 255 0 0 233
    255 255 0 104 0 255 211 136 0 176 0 255 0 255 141 185 0 0 0 0 0 255
    255 255 0 0 255 0 0 0 255 157 255 0 255 255 13 95 0 0 255 255 255 0
    0 255 0 255 0 0 0 0 0 255 0 255 0 214 0 5 0 255 255 255 0 255 0 0
    255 255 18 200 80 0 135 0 183 255 255 0 0 0 0 149 159 255 255 0 0
    255 255 0 0 255 191 0 60 255 255 0 0 0 0 255 163 0 228 103 0 23 0
    255 0 255 0 255 255 255 255 255 83 0 62 0 0 200 255 255 154 0 255
    255 70 255 0 0 0 255 255 255 0 0 255 0 0 0 255 0 255 255 255 0 255
    255 255 0 0 255 0 255 246 255 255 0 0 255 255 0 0 0 255 255 90 0 0
    107 255 255 125 255 0 196 255 255 255 0 86 0 0 0 255 255 0 255 126
    255 255 188 0 0 255 255 255 0 0 124 0 255 0 95 215 255 255 0 0 0 87
    255 255 255 46 255 0 0 0 0 0 255 216 255 0 230 55 0 0 239 255 110
    233 0 255 196 255 0 118 21 230 255 0 255 0 0 0 255 130 255 255 0 0
    33 0 0 255 255 255 47 255 248 15 0 255 142 59 0 0 255 0 0 0 0 0 255
    255 0 103 21 0 0 0 252 255 0 0 0 255 0 0 255 0 121 0 255 255 9 156
    255 0 20 0 255 255 0 0 0 255 255 0 254 255 255 0 0 0 255 255 0 127
    255 0 255 0 255 0 12 0 255 0 255 0 255 0 0 200 255 0 0 0 0 255 255
    92 9 0 255 255 215 31 0 0 156 255 219 255 0 137 206 255 0 0 255 0
    255 255 255 0 20 169 178 255 255 255 81 255 0 171 255 0 0 255 255 71
    0 255 255 255 0 0 241 0 255 0 109 255 0 255 96 167 255 44 80 0 255
    255 0 16 0 100 255 142 255 0 255 162 0 0 0 255 255 0 0 67 255 255 0
    0 0 255 255 255 0 255 122 255 0 196 0 69 0 255 0 0 0 110 255 8 0 0 0
    255 206 255 153 255 17 0 0 255 0 0 0 255 255 225 0 255 0 255 237 255
    0 0 0 0 255 255 255 241 255 155 0 0 0 255 255 255 0 47 255 254 160
    255 255 255 255 0 255 255 255 207 0 0 176 255 125 255 255 245 0 0
    255 94 0 0 127 0 205 255 255 0 227 255 255 0 255 8 255 255 0 255 133
    0 0 0 255 106 191 0 255 162 255 0 0 77 62 255 0 255 0 0 0 240 98 0 0
    255 255 0 140 255 0 255 255 255 0 255 206 255 0 0 172 0 101 255 255
    0 0 255 255 255 35 255 255 0 255 0 179 255 0 0 0 0 34 255 255 180
    255 0 255 255 255 0 145 215 255 0 255 0 0 0 13 255 185 0 165 255 0
    82 0 7 0 0 0 176 0 255 0 0 0 255 43 255 0 255 255 254 224 214 0 0 0
    0 255 0 255 41 59 178 0 255 32 0 0 255 0 255 0 0 50 255 0 34 22 255
    255 255 0 65 0 255 255 255 0 255 0 255 0 0 0 0 255 255 0 0 0 255 0
    255 0 255 0 21 0 66 0 0 0 255 0 0 0 255 0 0 65 255 34 237 255 0 255
    255 255 255 113 0 0 255 255 255 255 255 255 176 0 255 0 12 255 255 0
    16 0 255 76 0 0 255 255 255 0 255 255 86 0 0 255 168 255 255 0 0 0
    255 17 0 255 255 255 255 0 0 0 255 255 0 255 0 255 255 255 0 0 0 255
    0 255 0 255 255 0 50 0 139 38 0 255 255 255 0 0 0 255 255 255 196 0
    255 0 255 255 0 0 0 0 255 234 255 255 255 255 255 255 184 0 0 0 255
    255 0 0 0 93 255 255 0 0 0 255 255 0 0 255 0 255 0 0 0 0 255 0 255
    255 255 0 0 0 70 134 0 255 255 0 86 0 0 0 255 255 133 255 196 255 0
    255 0 255 255 0 255 255 255 0 0 0 0 68 0 0 0 255 255 0 255 76 255
    103 0 0 0 0 20 0 32 255 0 0 0 0 255 255 0 255 255 0 79 0 0 158 255 0
    77 0 255 255 255 0 0 0 239 0 255 0 0 0 255 0 0 0 255 96 0 0 255 255
    0 0 255 255 255 0 0 193 255 255 0 255 146 255 0 0 255 255 255 0 0 0
    255 193 6 0 234 255 99 0 255 255 255 255 0 0 0 255 0 255 0 255 255 0
    0 0 255 242 255 0 255 0 255 0 0 0 255 255 255 0 95 255 16 114 0 255
    160 255 0 255 255 255 152 0 0 255 255 255 0 255 0 0 255 12 255 9 250
    0 0 0 255 255 2 0 0 0 49 255 255 0 255 23 255 230 0 239 0 0 255 7
    231 255 0 0 90 255 255 46 255 255 255 0 255 0 175 0 0 255 255 52 255
    0 224 140 0 255 255 255 0 0 255 0 118 0 255 255 255 255 0 255 0 239
    255 97 0 0 255 92 0 60 255 0 255 255 54 205 50 255 255 255 233 37 0
    255 255 255 0 0 0 0 0 255 0 255 114 255 0 0 197 255 0 0 255 0 255 23
    255 0 0 255 222 255 0 0 0 0 0 1 255 0 45 255 0 0 255 251 255 0 0 0
    255 42 0 0 235 255 206 248 0 0 28 83 255 255 255 0 255 0 47 255 255
    0 255 255 0 0 0 205 255 255 255 0 255 204 0 0 0 255 0 0 0 0 0 0 0 0
    255 255 0 245 0 255 0 217 138 255 38 0 255 0 96 255 208 0 0 255 255
    255 0 255 255 255 255 0 255 207 255 0 1 42 0 0 255 255 255 204 255
    148 88 0 255 0 0 255 0 255 0 0 255 255 255 54 13 0 255 0 0 0 255 214
    136 0 0 5 0 255 255 0 219 0 0 255 0 0 0 255 255 255 83 255 227 251
    255 0 0 0 255 255 255 0 33 0 255 0 0 0 0 229 255 29 0 0 255 0 255
    255 0 0 255 0 255 255 255 255 229 0 0 0 107 58 148 255 0 255 255 255
    0 0 6 255 255 255 247 0 0 255 255 0 255 255 0 0 0 255 0 180 0 255 0
    0 0 0 255 255 255 237 0 255 255 255 255 0 0 0 0 255 239 255 0 0 255
    255 255 255 255 255 0 255 0 0 122 255 221 0 189 0 0 255 255 255 0 0
    0 255 134 255 0 171 0 0 0 255 255 255 0 255 0 0 0 0 0 77 255 173 255
    255 255 137 179 255 231 0 115 0 255 0 255 255 255 255 0 255 188 105
    48 100 0 255 0 183 255 255 255 0 0 255 255 149 0 255 255 255 0 255
    255 255 141 255 0 0 255 255 255 255 0 0 255 255 0 107 0 0 255 255 0
    0 0 255 255 5 0 0 0 255 0 255 255 255 0 183 255 255 255 106 0 86 200
    255 0 255 0 255 0 210 195 68 255 255 0 0 0 255 255 255 0 0 255 171
    255 0 0 0 0 0 255 255 0 0 200 108 255 255 255 0 255 0 116 255 0 217
    0 0 255 255 255 0 0 92 255 141 255 0 216 0 0 255 255 255 0 31 255
    255 125 21 255 0 255 219 255 0 0 80 0 0 0 255 0 0 0 255 255 0 255 50
    0 0 0 0 255 0 255 0 96 0 255 255 196 0 255 255 255 209 255 0 0 0 221
    255 255 255 0 255 255 255 0 0 0 255 255 0 0 0 255 255 255 34 120 0
    255 0 0 255 0 0 255 255 255 0 0 255 92 255 255 255 0 255 196 0 0 0
    255 255 255 0 197 255 0 0 175 255 0 255 0 133 255 0 255 255 255 0
    255 255 0 111 0 26 50 255 0 255 0 255 0 255 0 255 255 255 0 255 0
    255 0 255 68 255 0 77 0 232 255 22 36 108 0 0 255 67 0 0 255 0 255
    255 39 255 255 255 84 255 255 255 0 248 0 0 255 255 0 0 0 245 255
    255 78 0 255 0 255 0 255 255 0 255 0 255 255 0 0 0 215 255 255 255
    120 0 198 0 142 0 0 255 255 0 236 0 255 255 0 0 48 0 192 255 75 171
    0 0 104 255 255 255 203 0 148 167 255 255 0 0 150 255 212 255 47 0
    184 0 255 255 255 0 255 0 255 255 255 115 125 0 97 255 0 0 97 255
    255 255 0 50 0 0 0 255 255 255 255 0 0 0 0 0 255 105 0 0 21 0 155
    255 0 255 0 0 0 0 255 0 0 0 0 255 255 53 0 255 255 255 254 0 0 152
    255 0 0 0 255 0 255 0 0 0 0 0 6 255 240 255 255 0 255 0 0 0 255 255
    255 0 255 0 0 255 0 255 0 255 255 255 0 255 255 0 252 188 0 0 0 0 0
    212 255 104 127 0 255 255 255 142 255 0 255 255 0 0 131 0 0 255 255
    255 0 0 255 255 0 0 255 157 0 55 50 255 0 255 0 255 255 0 0 0 255
    172 41 0 255 118 255 255 255 0 255 255 255 36 255 0 233 57 255 255
    109 255 0 255 0 0 0 255 50 0 255 255 255 0 0 0 255 0 0 255 255 211 0
    255 255 255 0 0 0 255 255 255 9 0 0 255 255 255 0 255 0 0 255 0 169
    201 255 0 0 0 185 255 0 0 0 255 106 227 0 0 255 0 255 0 255 255 255
    229 146 255 255 34 0 0 0 0 255 0 255 0 0 255 0 255 255 6 0 211 99 0
    166 255 255 0 0 227 15 255 255 255 0 0 0 0 0 255 255 255 0 0 0 255
    229 255 150 255 0 0 0 0 255 93 0 0 255 0 0 0 196 255 22 0 83 255 0 0
    0 250 255 255 43 255 255 0 0 47 255 255 255 255 255 255 0 0 0 0 0 0
    0 255 106 246 0 255 0 0 0 193 255 106 0 0 255 113 255 0 57 0 255 255
    255 0 255 255 255 210 205 255 0 255 222 255 223 255 16 255 255 0 255
    75 255 0 255 0 255 0 255 0 0 255 238 255 83 255 255 0 228 0 166 0 53
    255 254 0 0 171 255 0 255 0 255 63 0 255 255 125 255 255 0 0 255 0 0
    0 0 0 0 255 94 0 0 0 64 0 255 205 255 255 255 155 255 24 0 255 0 0 0
    0 255 255 0 0 237 255 0 255 255 255 255 81 0 255 0 255 0 101 255 88
    255 0 0 38 255 0 0 255 255 0 255 0 255 255 112 255 0 204 255 185 0 0
    0 255 255 0 0 0 104 255 152 0 151 255 0 255 255 255 0 255 250 246 0
    0 0 255 0 255 255 12 161 0 0 0 162 255 255 91 138 255 0 255 0 255 0
    255 0 255 0 255 255 189 154 0 255 255 255 0 0 0 255 106 255 0 255 0
    255 77 87 255 255 246 0 0 0 194 0 255 255 255 0 0 255 255 34 0 255 0
    0 0 255 255 255 255 0 224 0 0 255 255 255 255 151 0 18 157 255 0 76
    178 255 0 0 0 255 89 119 0 255 255 0 0 255 107 255 253 255 255 0 0 0
    255 74 255 255 0 0 19 255 255 255 255 0 232 87 255 255 255 0 255 177
    0 168 255 89 0 0 0 255 255 109 255 255 0 0 0 255 98 255 255 255 0 0
    255 255 255 9 0 255 255 0 0 255 207 255 0 28 255 21 255 0 255 0 0 0
    208 255 255 79 53 0 0 255 0 255 255 102 0 112 0 222 0 0 0 255 255 58
    0 255 255 0 255 41 255 0 33 34 255 0 255 0 255 148 0 255 0 0 106 255
    174 0 255 0 0 0 0 255 255 0 255 0 255 142 255 255 196 255 255 0 191
    72 0 255 255 255 0 0 0 255 255 10 78 0 129 0 0 0 106 255 88 0 0 0 0
    255 220 255 0 123 255 255 248 0 255 255 0 0 0 255 255 0 0 255 175
    208 255 0 0 255 129 255 255 255 255 255 0 0 255 101 255 30 255 0 0
    255 0 255 210 0 154 0 0 255 255 255 0 255 122 255 13 0 255 255 255 0
    0 0 125 0 255 255 0 0 179 0 255 0 255 89 210 0 255 0 255 101 0 255
    165 255 0 168 0 75 191 0 0 0 255 0 204 255 255 255 255 255 0 0 0 255
    255 0 126 0 255 255 0 0 255 255 0 186 0 0 255 255 255 0 26 255 255 0
    0 0 255 255 255 255 0 229 0 0 0 0 80 255 71 104 0 124 37 0 239 200
    255 0 131 0 255 0 255 153 255 0 185 255 255 255 0 255 255 255 255 0
    255 0 0 88 208 0 0 0 0 0 120 255 255 255 255 255 0 255 0 255 255 255
    255 0 15 255 255 255 255 255 255 255 0 255 0 0 0 255 255 0 255 0 0 0
    0 0 0 255 0 154 0 255 0 255 255 0 0 255 0 255 0 73 255 255 255 255
    255 0 0 0 255 255 150 255 0 0 0 255 255 255 0 113 172 0 164 159 255
    0 255 123 0 0 0 255 0 255 58 255 0 141 255 255 255 251 133 0 89 255
    0 0 255 255 0 0 0 255 255 255 68 0 0 41 255 255 255 255 0 0 0 158
    168 1 255 0 255 0 53 0 250 255 0 0 0 0 0 255 255 217 255 0 77 255 0
    0 0 255 255 72 0 65 255 255 255 0 255 255 27 12 0 255 255 255 255 72
    255 0 255 0 32 0 255 0 0 0 255 0 255 150 255 0 0 0 144 255 255 0 0
    255 0 255 0 181 0 0 255 0 255 255 255 0 0 193 255 0 255 0 255 0 248
    187 11 120 255 255 255 9 178 172 0 0 200 255 255 127 0 0 143 0 0 0 0
    255 255 255 0 255 0 0 0 0 255 255 255 199 0 255 0 42 255 255 255 255
    229 0 0 0 255 0 82 255 0 0 255 255 115 0 255 0 44 243 143 255 0 119
    0 0 0 255 255 255 0 255 0 0 10 255 255 0 0 0 255 255 255 217 0 255 0
    0 0 255 91 255 255 139 0 0 255 255 0 0 0 182 255 255 255 255 255 0 0
    0 0 0 135 232 0 255 0 255 84 255 0 255 0 0 0 255 255 15 0 255 255 0
    99 0 255 255 255 0 255 255 0 0 0 255 255 0 0 0 53 255 0 81 255 255
    21 166 0 255 255 0 132 155 255 255 255 255 255 255 0 255 0 0 0 0 145
    0 255 204 7 0 0 0 108 255 255 0 0 0 0 255 0 255 255 255 0 255 0 255
    255 255 0 0 255 178 255 135 255 255 255 0 0 0 255 0 115 0 0 255 255
    0 0 0 207 255 0 255 255 60 0 0 50 236 0 255 0 0 0 0 255 0 0 0 145
    255 255 255 0 255 0 255 0 255 255 0 69 98 43 0 0 0 255 53 255 0 198
    255 0 46 0 0 64 255 255 255 0 0 0 188 9 255 255 50 0 0 24 99 255 34
    255 0 56 0 0 0 15 255 0 0 253 221 255 255 0 106 255 186 255 20 255 0
    255 0 255 0 0 255 213 0 0 255 255 0 0 255 255 255 0 200 0 0 255 255
    108 0 196 0 0 255 255 255 64 0 0 255 0 0 0 0 103 0 0 159 0 255 0 21
    255 172 255 38 255 255 0 255 0 255 255 255 255 0 255 0 0 0 255 0 255
    255 255 249 0 0 0 0 0 0 255 126 255 255 255 255 0 0 0 63 255 0 255
    255 57 0 0 200 88 255 255 140 2 0 255 0 0 0 0 255 0 225 237 255 255
    0 224 255 213 0 255 255 255 0 0 0 255 255 255 0 0 0 0 255 160 255 0
    255 0 7 255 83 255 255 42 255 0 0 215 0 0 255 0 0 69 0 255 0 255 176
    255 255 0 0 255 255 255 0 218 0 255 93 31 0 0 255 0 0 0 0 0 0 224 0
    255 255 0 0 226 31 255 0 255 0 250 0 255 255 0 0 255 0 255 255 255
    62 0 0 232 255 255 255 0 255 0 0 0 157 255 255 28 170 0 223 240 24
    255 255 0 0 0 255 0 187 22 0 255 255 0 0 0 255 44 255 255 51 39 255
    255 255 0 33 255 255 86 29 0 113 0 0 0 0 183 255 0 255 255 0 0 255
    255 255 0 0 255 0 255 0 0 255 255 255 0 255 255 0 255 0 101 0 0 255
    0 255 255 196 73 255 255 0 0 0 255 255 255 71 213 0 0 0 255 246 255
    0 168 0 113 255 0 0 0 0 255 255 0 255 0 181 0 0 255 255 255 229 255
    223 0 0 237 255 255 255 210 255 0 0 0 255 222 0 64 0 0 255 255 255 0
    0 255 0 0 54 255 255 165 0 255 0 255 255 255 0 0 0 222 255 255 0 0 0
    230 255 0 255 172 255 0 255 0 97 255 0 255 0 91 92 255 255 255 255
    255 255 0 255 255 255 0 30 255 255 82 0 0 255 0 255 0 255 0 255 65
    255 0 0 255 255 33 255 0 255 0 255 80 255 0 255 0 110 102 98 255 0
    255 255 255 0 0 255 0 255 255 255 255 114 113 255 0 0 0 255 0 255 0
    0 255 0 0 0 0 49 255 140 112 255 255 255 0 255 0 255 255 255 46 0
    255 39 255 0 255 71 255 255 255 0 0 0 255 255 255 0 0 0 0 255 0 255
    255 255 0 0 255 0 255 255 113 0 255 255 39 255 0 0 0 0 255 0 233 0
    255 0 0 0 255 0 159 0 255 0 0 0 0 0 84 0 0 255 255 2 23 24 255 255
    255 255 0 133 255 255 0 0 255 145 255 255 0 32 0 0 255 255 204 0 255
    255 255 0 255 0 26 255 196 255 255 0 43 29 255 255 0 255 255 255 0 0
    0 0 255 0 0 255 255 0 0 56 255 255 255 0 197 255 13 0 255 195 0 255
    255 255 121 0 255 231 164 0 38 255 255 175 159 0 255 255 255 0 0 0
    255 255 186 255 0 255 118 255 107 255 0 255 255 255 0 255 173 255 0
    0 0 250 57 255 255 0 0 164 255 255 0 255 0 0 12 0 79 104 93 255 0
    255 0 255 27 255 0 0 0 0 255 77 57 0 255 255 255 149 0 0 255 255 255
    0 255 44 255 255 0 255 0 255 255 255 0 0 255 0 255 93 55 255 0 255 0
    255 255 0 255 50 0 0 255 255 255 255 255 0 255 0 255 247 255 0 154 0
    255 0 255 255 5 0 0 255 255 40 211 255 27 0 0 0 255 133 0 0 0 255
    156 255 240 255 0 0 0 255 0 255 83 86 9 255 255 255 0 0 0 255 194
    255 70 9 156 255 255 162 255 255 27 0 0 8 255 0 108 104 255 255 0 0
    255 255 198 255 255 255 255 0 0 40 255 255 0 21 255 255 255 0 0 0
    169 255 232 255 255 255 0 255 255 91 0 255 255 8 255 0 255 255 255
    245 0 255 0 0 0 12 255 107 255 49 255 0 0 0 0 255 255 255 255 0 0 0
    29 141 255 255 0 0 255 0 0 0 255 255 115 0 255 229 0 0 0 0 255 255
    255 0 0 0 9 0 255 255 255 0 0 0 0 63 205 0 255 228 0 0 255 128 255 0
    0 27 255 0 255 142 255 178 138 0 0 0 158 0 95 255 255 183 0 0 255 10
    255 178 0 96 0 255 255 0 184 219 255 255 255 255 255 255 228 0 255 0
    255 0 0 207 0 46 255 255 0 0 255 255 255 255 0 0 0 74 255 86 255 0 0
    0 255 0 255 255 255 199 0 0 255 255 255 205 255 172 118 0 0 255 88
    255 0 132 255 6 0 0 255 176 79 0 0 255 172 60 0 0 255 0 255 255 58
    255 0 255 0 255 0 255 0 255 0 255 0 255 0 0 0 5 0 0 255 255 128 255
    0 255 162 0 57 14 255 0 255 0 0 0 255 0 255 0 255 0 0 255 255 255
    255 250 255 0 0 255 255 255 0 0 110 255 210 0 0 255 25 255 0 0 0 0
    255 255 0 0 255 255 255 0 0 255 0 0 0 209 232 0 0 0 255 255 0 0 0 0
    255 0 0 212 255 255 0 255 0 194 27 95 0 255 236 255 103 255 0 62 49
    255 0 68 255 255 255 0 0 255 0 208 171 0 255 255 255 0 255 0 213 43
    255 60 69 0 255 255 19 241 82 0 255 158 90 0 0 0 194 122 255 255 255
    0 123 255 0 255 104 255 0 251 57 0 0 238 191 0 1 255 255 0 255 0 255
    0 255 140 255 0 255 0 255 0 255 0 0 255 0 141 255 255 255 0 255 255
    0 86 0 0 255 255 0 0 255 255 203 0 255 76 0 255 32 0 255 0 0 0 255 0
    255 255 255 255 220 0 0 0 255 255 31 0 0 0 65 0 0 0 0 255 0 111 255
    0 0 0 255 255 0 0 0 255 0 0 255 255 255 165 59 0 0 255 0 0 255 109
    255 255 255 0 255 116 0 255 255 0 255 0 0 0 32 255 32 255 0 0 255
    255 255 0 255 0 59 157 162 255 0 0 255 172 255 116 0 255 255 255 255
    41 0 0 0 0 255 33 0 0 255 255 0 0 0 255 255 255 255 0 255 0 0 45 90
    0 255 0 0 0 160 255 0 255 136 255 0 255 0 255 85 255 0 255 255 0 0
    255 255 0 255 255 0 0 91 255 255 70 0 255 255 255 26 0 0 26 255 0 0
    255 255 95 0 255 0 160 0 0 0 0 255 0 0 255 226 255 0 0 255 0 96 0 73
    255 255 59 0 255 255 0 0 0 0 0 82 70 255 0 255 0 255 0 255 255 0 0 0
    0 163 0 233 255 141 0 0 255 255 165 0 0 0 0 240 0 0 255 255 0 0 255
    255 250 35 0 255 222 254 0 125 166 255 0 255 0 83 0 0 255 0 255 255
    0 0 90 29 255 255 255 36 255 0 194 217 0 255 0 0 10 255 255 0 65 0
    255 0 0 255 105 255 0 203 227 168 0 0 255 255 116 0 0 0 255 255 0
    255 81 0 0 0 0 255 44 255 255 0 255 0 255 0 29 0 0 255 0 33 0 255 20
    7 0 169 255 60 0 0 255 255 160 0 255 0 255 0 67 255 255 0 0 246 255
    255 255 222 255 0 255 0 255 255 93 0 0 0 255 0 255 103 100 0 0 146 0
    255 255 255 0 196 0 255 198 241 160 0 14 0 55 255 0 0 255 255 255 0
    0 255 0 255 0 255 255 255 0 0 0 0 255 58 255 255 255 0 0 255 102 0 0
    255 0 255 239 140 255 0 165 255 124 98 0 255 0 77 0 137 0 255 255
    240 0 255 255 0 255 150 255 255 48 0 0 0 0 0 54 255 255 255 0 255 0
    0 0 255 255 255 255 0 0 137 255 255 224 0 255 255 255 0 0 255 255
    255 255 0 0 244 255 0 0 255 255 0 236 0 0 255 0 0 0 255 255 255 15
    157 215 0 255 60 255 255 0 0 255 255 255 239 255 87 0 13 0 255 255
    255 255 255 255 255 0 0 0 255 0 255 0 0 0 130 255 255 255 255 255 0
    0 0 230 0 255 117 255 255 255 255 0 255 255 255 245 0 109 0 255 0 0
    255 255 255 0 158 16 200 0 0 0 255 255 25 0 0 137 255 255 255 0 0 0
    255 0 255 255 0 21 0 0 0 255 0 255 33 0 0 255 255 255 0 0 255 255 0
    255 0 255 9 240 0 13 255 0 255 0 255 0 165 20 238 255 16 255 255 255
    0 0 255 0 119 46 0 0 255 255 0 0 123 144 255 0 255 255 255 0 0 110
    255 255 255 255 0 0 0 0 255 255 255 255 115 100 3 255 255 0 0 0 110
    255 0 0 0 255 0 124 255 255 76 0 255 255 255 255 255 0 0 0 0 255 165
    168 0 0 26 255 255 255 0 255 0 255 255 0 0 255 255 255 205 229 255 0
    0 64 0 0 212 201 255 0 0 71 255 0 255 0 255 255 0 254 0 255 0 255
    255 255 255 255 0 255 0 255 0 0 0 255 255 255 0 0 0 0 0 198 149 0
    255 255 0 0 0 255 255 0 0 255 10 255 0 255 255 255 255 255 0 180 255
    255 255 0 0 0 231 0 255 255 88 255 0 255 0 70 255 228 0 255 255 255
    0 0 255 255 0 0 0 255 0 28 255 0 0 0 255 255 0 43 38 255 255 255 0 0
    255 54 255 255 255 0 52 255 255 255 7 0 1 255 255 32 109 0 0 140 0
    255 255 207 0 98 0 255 0 255 0 0 77 0 68 255 255 255 0 0 0 0 184 255
    67 0 0 255 0 175 122 44 238 0 0 0 0 255 255 209 0 0 255 255 255 255
    255 0 255 132 255 0 255 0 0 0 255 255 255 0 0 255 255 0 0 88 0 0 154
    2 255 0 255 255 255 255 255 255 255 0 127 0 255 0 255 0 255 1 23 0
    69 69 0 0 255 255 4 0 255 255 255 0 255 0 0 0 255 191 0 0 254 0 255
    0 239 255 255 0 0 0 217 206 30 0 0 0 255 255 110 255 255 255 255 0
    29 0 255 21 19 255 255 0 0 255 67 255 0 0 0 255 176 255 255 0 255 0
    255 0 0 0 247 255 255 0 0 27 255 14 255 0 255 0 255 0 239 0 0 255
    159 255 70 0 255 0 255 255 255 0 0 0 0 255 255 168 57 0 0 255 0 107
    0 47 0 255 208 245 94 255 255 124 255 0 255 0 0 0 157 255 0 37 0 255
    255 255 255 0 255 0 0 0 52 0 0 255 205 255 255 0 255 0 255 22 0 255
    0 0 0 0 255 255 0 255 0 54 186 0 203 78 255 0 0 4 0 19 0 255 255 255
    14 255 22 52 187 0 255 0 255 58 255 0 0 0 177 255 255 0 255 0 0 0 0
    255 255 0 236 255 0 255 255 0 254 0 255 0 0 0 255 255 255 255 150 0
    143 132 255 0 255 255 255 255 0 255 48 151 0 0 175 255 255 63 255
    117 255 0 255 0 0 0 255 0 0 0 0 0 0 255 255 255 250 0 0 255 255 255
    0 0 0 255 191 0 228 255 255 0 255 99 107 0 255 255 0 0 255 255 255 0
    0 0 0 0 26 255 255 255 255 125 0 75 255 255 0 178 0 255 0 0 0 255
    255 255 0 0 0 0 255 255 0 255 255 255 0 179 84 42 0 255 0 255 58 255
    0 0 0 22 0 24 255 56 0 0 0 0 160 0 255 198 255 255 255 87 0 255 0
    255 255 255 0 0 99 0 255 255 0 0 0 255 255 255 0 0 0 0 220 255 0 255
    255 0 255 0 255 0 45 110 0 255 0 127 0 255 46 0 0 217 255 0 148 255
    224 0 0 255 255 255 162 0 136 0 255 255 255 0 0 0 255 255 255 255 0
    0 255 255 255 255 0 255 0 255 255 231 255 255 0 0 13 255 0 15 255 0
    255 0 255 166 255 0 255 0 0 255 125 104 78 255 221 190 255 0 183 0 0
    0 255 255 255 0 71 164 0 0 255 255 255 96 0 255 0 0 0 0 244 255 255
    255 133 0 0 0 255 0 255 255 140 0 255 255 255 0 0 0 248 0 255 255
    255 0 177 255 0 0 255 0 0 0 255 255 255 0 255 0 0 0 0 255 255 255
    255 0 0 255 255 0 0 255 255 0 0 0 255 255 255 0 255 0 0 0 0 255 255
    255 255 0 0 255 255 255 0 0 0 255 230 255 255 255 255 59 0 34 6 0 0
    0 255 255 0 255 255 255 255 0 0 0 255 255 255 0 253 0 255 255 0 255
    255 255 70 0 255 0 255 255 255 237 0 155 0 0 0 255 255 0 255 9 0 0
    255 255 0 0 0 0 255 88 142 0 255 125 255 0 0 255 255 0 0 98 0 255 0
    255 0 0 0 255 255 0 0 255 0 0 0 255 0 154 100 255 0 199 0 255 0 255
    255 48 0 0 160 0 47 0 0 0 255 88 229 255 0 221 0 0 255 0 176 0 255
    255 255 38 0 21 255 255 0 255 0 51 94 255 208 255 43 0 255 0 188 118
    255 0 229 255 255 0 0 255 211 255 133 255 255 0 0 255 199 255 0 0 0
    255 0 255 0 255 0 255 0 0 215 0 255 0 0 108 0 0 255 255 255 242 0 39
    0 198 188 255 0 255 0 255 0 38 0 125 51 255 0 255 0 0 255 255 0 236
    255 255 0 255 255 0 126 255 0 0 94 255 135 255 0 255 15 255 0 255 0
    0 255 255 255 0 255 189 234 0 0 255 0 151 255 0 255 249 255 136 0
    255 0 0 0 48 0 227 195 255 0 0 255 255 203 255 0 0 0 255 255 0 0 255
    88 0 74 255 255 255 0 255 255 91 0 0 0 255 255 0 255 140 0 255 0 255
    255 255 76 255 0 255 0 198 255 255 255 0 255 0 255 0 255 214 0 0 85
    255 195 255 0 255 0 255 0 0 255 255 223 0 0 143 255 43 255 0 0 0 255
    241 255 0 255 0 255 0 255 255 255 255 255 72 0 0 71 255 255 255 0
    255 0 0 255 105 0 0 149 255 180 0 255 255 0 0 255 255 29 0 255 255
    255 0 255 0 0 0 0 255 0 0 0 255 0 255 0 255 255 255 152 255 0 184 0
    255 0 0 0 255 0 174 255 255 0 124 255 255 0 255 0 255 30 0 233 255 0
    255 255 237 97 224 255 0 0 175 0 96 255 0 255 0 71 0 0 255 255 255 0
    255 0 0 0 255 255 0 255 0 255 0 255 0 255 255 255 0 0 222 134 0 255
    87 255 120 0 226 255 0 0 255 80 0 164 255 255 255 0 0 0 0 255 0 255
    255 255 127 255 255 255 255 175 255 0 0 0 0 224 255 0 0 0 0 212 0
    255 255 255 10 63 253 74 0 255 255 0 0 255 95 255 255 255 189 44 255
    255 0 228 255 255 255 0 255 190 0 0 0 255 255 255 99 0 255 0 255 0
    102 0 199 140 0 255 0 255 255 255 255 0 0 133 255 255 0 255 200 255
    255 82 0 255 250 255 0 255 0 166 145 0 255 230 255 255 255 98 0 255
    0 0 0 255 0 255 0 255 242 159 0 255 0 255 0 8 0 0 255 77 255 255 255
    255 255 0 255 0 255 0 122 0 0 169 255 97 135 0 255 255 0 255 255 255
    255 0 253 143 255 255 0 255 203 0 0 0 0 255 220 0 255 69 229 255 0 0
    0 203 58 0 0 75 255 255 121 255 255 0 0 255 0 0 0 255 255 176 255
    255 0 0 255 255 255 0 255 87 244 0 0 255 172 79 255 255 37 48 0 0
    255 0 255 0 255 0 242 255 255 0 0 0 21 149 255 255 0 0 255 255 255
    255 0 0 0 255 255 129 255 255 0 0 255 255 255 0 0 0 255 48 255 0 255
    0 255 255 222 0 71 0 255 0 255 156 255 0 0 0 255 255 247 0 41 255 0
    0 0 189 255 255 255 0 255 255 104 255 255 0 255 255 0 255 216 0 0 0
    0 117 4 255 255 0 255 0 190 0 0 58 255 255 255 0 46 0 0 0 213 102 0
    102 130 255 255 0 0 0 255 113 0 255 0 255 0 241 255 255 255 0 255 0
    0 0 0 0 255 24 38 255 0 255 0 0 0 255 139 164 4 255 152 255 0 0 0
    255 255 255 0 255 255 255 255 124 0 255 106 13 44 255 0 255 255 255
    0 255 134 255 0 255 0 0 0 255 244 255 0 0 255 132 0 180 255 0 0 255
    255 0 33 61 255 255 204 0 0 255 255 193 255 0 255 0 27 34 0 255 255
    224 0 66 255 255 0 0 0 48 39 255 255 238 255 255 255 255 0 0 255 255
    255 146 86 255 255 255 255 255 255 0 0 0 96 73 62 0 0 0 239 255 13
    168 0 255 168 255 0 0 223 255 0 0 0 0 0 255 255 52 0 255 255 0 0 0
    255 255 255 255 0 255 255 104 0 191 113 30 245 0 0 255 19 0 255 0 0
    255 255 0 123 0 255 255 255 0 0 0 255 91 255 179 0 0 0 255 255 31 54
    0 255 255 255 207 0 0 0 0 255 255 0 96 0 0 255 255 0 255 255 0 0 0
    255 255 0 255 0 0 51 255 0 220 255 255 0 211 159 255 131 255 0 255
    200 255 0 180 130 167 0 0 0 0 255 255 255 0 0 132 255 0 212 78 83 0
    0 255 0 255 151 255 0 255 0 255 77 255 0 0 0 117 255 0 255 0 255 0
    255 142 86 255 0 243 255 255 0 0 0 255 144 0 0 255 36 255 254 0 55
    255 255 255 0 255 0 255 0 255 0 255 0 255 12 0 0 255 255 255 255 255
    0 0 0 0 75 166 255 255 216 255 0 0 0 24 255 255 0 255 0 255 0 0 255
    255 0 0 255 255 0 6 255 0 240 0 255 255 255 255 255 255 0 0 0 40 0 0
    0 255 255 226 234 0 255 0 255 0 255 0 0 0 255 255 0 0 0 199 255 255
    69 0 255 146 255 0 255 0 139 0 255 0 0 217 255 0 255 0 0 0 180 0 255
    31 0 0 255 0 255 0 255 255 255 255 255 0 0 0 255 255 0 255 62 255 0
    0 0 0 255 0 0 0 0 255 255 255 35 92 255 68 255 26 255 145 69 0 255 0
    0 255 255 0 255 0 255 0 255 248 239 215 255 0 255 167 0 0 100 0 255
    255 255 0 2 0 175 255 255 255 255 255 0 16 0 255 255 157 235 0 255
    42 0 255 0 232 0 255 255 255 255 0 0 255 255 0 0 149 255 255 109 0
    32 233 255 255 124 0 0 0 0 167 142 255 79 65 0 0 196 165 255 167 29
    0 255 255 255 255 255 0 102 0 139 255 255 0 0 228 255 255 0 208 255
    255 255 234 255 255 0 0 0 6 39 0 54 225 255 0 57 194 255 0 255 0 255
    255 0 0 128 0 255 0 255 255 0 148 0 160 255 255 255 255 0 255 175
    205 0 0 0 19 255 195 255 255 255 255 255 255 0 0 7 40 0 0 0 255 50 4
    0 255 255 0 0 188 11 0 255 0 255 255 119 0 255 0 255 184 255 0 0 0 0
    255 255 0 128 0 255 255 255 0 0 0 187 255 0 220 0 255 255 255 125
    255 0 0 0 37 239 211 0 0 0 255 255 255 0 0 255 0 0 0 217 255 255 0
    186 255 185 0 0 255 69 0 255 2 255 255 0 255 0 0 190 0 0 254 0 0 0
    15 255 0 21 242 54 255 0 237 255 255 255 99 255 0 0 255 255 255 0 76
    0 255 159 0 255 255 255 0 3 0 0 40 255 0 0 255 255 255 0 255 0 38
    255 0 251 0 255 0 108 0 0 255 111 255 255 255 0 255 47 0 0 0 255 0
    255 255 255 0 255 0 220 0 255 255 255 0 0 0 0 0 255 255 255 0 37 255
    255 104 0 255 255 255 63 0 0 255 0 0 255 255 255 0 0 0 0 0 255 255
    255 118 137 0 255 199 255 0 0 0 0 0 1 255 96 217 255 0 255 0 0 0 255
    0 255 255 0 255 255 0 0 255 255 112 0 0 255 255 255 0 155 0 0 255 0
    65 0 2 0 199 72 0 255 0 138 0 74 65 255 255 0 21 0 255 255 255 0 255
    0 255 255 228 175 255 185 3 0 0 157 36 255 226 255 0 255 0 0 255 0 0
    0 255 0 126 0 0 255 0 255 0 47 61 255 27 140 255 0 244 0 255 0 255 0
    255 255 0 0 232 0 255 69 156 0 0 255 255 185 255 30 0 109 20 0 0 255
    249 255 123 0 255 0 0 255 255 0 173 0 255 0 0 8 225 0 255 255 255 20
    255 0 107 0 255 255 255 255 255 253 210 255 0 190 0 255 0 255 0 0 0
    255 255 255 255 255 255 0 255 255 255 255 255 0 0 0 255 255 255 0 0
    0 255 133 255 255 0 255 0 255 0 70 0 0 0 255 255 255 0 24 255 255
    215 68 142 0 0 205 255 0 0 0 0 123 239 255 0 0 255 255 100 255 0 173
    196 180 0 255 44 255 0 0 239 255 0 255 0 255 0 255 255 255 255 0 255
    0 39 0 0 0 62 0 255 0 86 0 255 0 255 0 243 255 0 120 255 31 255 255
    255 248 0 79 0 255 161 255 255 255 0 0 255 255 255 0 0 0 255 255 255
    255 255 255 255 255 255 255 0 0 134 255 0 0 255 255 255 0 0 255 255
    0 0 255 255 255 0 0 0 255 0 0 0 62 0 0 0 255 255 0 146 173 67 0 172
    0 255 0 255 0 215 0 0 255 255 255 0 27 61 2 0 255 0 0 0 255 0 0 0
    255 0 255 0 255 0 255 11 244 0 3 3 255 67 255 0 0 255 0 82 0 255 163
    255 33 149 173 207 255 0 0 0 255 255 0 219 170 163 203 255 255 255 0
    0 20 255 255 0 0 255 255 255 0 0 0 0 0 89 0 235 0 255 255 0 0 255
    255 255 0 0 255 255 255 0 86 0 255 255 255 255 0 255 0 255 0 255 0 0
    0 255 0 0 255 0 0 255 0 255 0 255 255 0 0 0 111 0 255 0 255 225 255
    0 0 0 255 255 0 0 0 0 0 255 255 47 76 123 255 255 255 6 255 0 19 0 0
    0 255 255 255 0 0 255 255 255 0 51 227 134 36 0 255 255 0 255 58 0 0
    0 255 255 255 0 255 255 183 147 197 0 255 0 255 255 67 0 0 255 255 0
    123 0 255 200 0 0 0 255 255 255 255 255 0 0 255 15 0 86 255 0 0 17
    91 212 255 0 255 255 0 5 0 255 0 208 0 255 255 0 255 0 255 0 144 255
    0 255 0 0 0 0 255 255 255 0 0 255 255 0 0 0 0 0 255 0 226 255 255
    118 0 0 54 255 0 0 255 0 0 255 255 255 255 0 0 0 106 255 255 255 0 0
    242 255 42 255 255 255 0 0 255 255 16 255 113 0 26 255 255 255 0 0 6
    255 255 0 255 255 255 0 0 211 0 255 179 57 239 37 255 0 121 0 255
    255 255 0 0 255 0 255 255 255 0 255 0 0 255 255 0 94 255 0 255 255
    69 0 255 255 0 0 34 255 255 0 0 0 255 0 233 255 255 0 111 255 255 0
    162 0 0 0 255 243 0 255 0 255 0 255 0 0 216 0 255 0 255 225 0 0 255
    172 255 255 0 0 0 255 255 255 0 255 255 0 0 120 232 220 0 0 255 255
    255 255 204 255 0 0 255 255 255 166 178 0 255 255 0 123 0 255 255
    255 0 255 0 255 255 255 0 46 69 0 0 93 255 0 255 54 92 0 0 255 71
    255 255 0 0 0 0 0 0 255 0 255 0 255 0 255 0 255 0 255 255 255 0 42 0
    125 153 0 255 0 0 0 255 255 255 0 0 0 255 255 255 125 0 255 255 142
    25 0 255 0 255 0 255 255 255 255 0 0 255 0 255 0 255 0 255 255 255 0
    0 0 255 255 146 0 0 0 255 0 255 0 215 255 255 0 0 255 0 0 0 255 53
    234 255 0 255 161 0 0 255 255 0 0 111 0 255 255 255 0 0 255 54 255 0
    45 0 0 255 255 255 0 97 0 255 0 112 255 0 0 255 255 255 255 255 1
    255 255 24 0 0 0 0 0 255 146 20 15 0 0 255 0 255 0 255 0 255 0 255 0
    255 0 255 255 0 0 3 190 255 255 3 255 247 255 0 255 0 255 0 0 255 0
    255 0 255 0 255 0 214 0 255 16 255 54 255 50 70 0 0 255 255 255 255
    255 0 0 0 255 0 255 0 255 0 255 0 255 0 0 0 0 0 0 255 0 255 255 255
    0 255 0 255 0 255 0 255 202 255 255 0 255 0 0 255 255 255 0 255 0
    207 255 0 255 0 255 255 255 255 0 0 255 255 0 255 229 255 0 0 226
    218 0 93 255 244 0 0 0 0 110 255 255 255 0 0 0 255 204 255 255 0 213
    0 255 255 255 124 255 0 245 255 240 255 6 0 0 0 0 255 255 255 0 0 0
    255 53 0 0 0 255 0 255 0 0 0 255 255 255 0 0 255 255 0 0 0 255 0 0 0
    255 255 255 255 98 0 0 0 255 149 255 13 255 255 0 0 255 255 0 0 0 0
    135 0 255 255 255 0 255 0 255 255 255 0 255 184 0 233 0 255 0 255
    255 255 0 245 0 255 0 255 0 255 255 4 55 255 155 255 0 0 255 255 0 0
    0 255 255 0 0 0 255 255 255 0 255 255 0 0 0 255 255 158 193 255 255
    255 255 255 72 0 0 0 25 255 0 255 204 0 255 66 0 255 0 192 178 255
    255 0 0 0 255 248 11 0 255 255 255 255 255 171 138 151 255 125 255 0
    0 0 255 255 255 22 0 0 255 255 253 0 0 239 0 255 255 255 124 122 255
    255 0 0 0 81 255 255 255 28 255 0 44 1 149 0 255 94 255 255 0 0 0 0
    255 255 196 255 0 255 0 255 0 159 132 255 0 255 0 0 0 255 255 160
    128 255 255 228 0 0 0 255 158 195 0 255 255 255 0 96 0 255 208 255
    255 255 255 230 0 65 0 208 255 255 0 64 255 255 255 255 0 0 255 255
    255 0 255 0 255 255 255 0 255 11 0 0 0 255 255 55 0 255 255 0 255
    255 0 255 135 255 255 0 255 255 13 0 0 255 255 244 0 0 0 255 168 255
    255 89 0 32 0 255 15 255 0 5 255 137 255 0 255 204 255 0 255 0 242 0
    140 8 255 0 0 0 255 0 255 141 255 0 255 146 53 0 0 255 106 0 189 53
    255 0 255 0 7 255 255 255 255 0 0 0 0 255 0 255 246 255 0 0 0 226
    255 220 0 0 0 255 2 255 0 0 236 255 255 255 255 0 0 255 0 0 0 0 255
    255 255 255 0 255 0 255 0 209 0 255 0 110 71 165 255 0 0 255 109 255
    0 0 255 255 255 255 0 63 255 0 0 0 255 255 0 0 255 255 255 0 0 0 255
    255 0 25 0 255 255 0 0 0 255 169 25 161 255 255 255 0 0 0 0 255 42 0
    0 255 255 0 0 0 0 255 0 255 0 197 54 255 0 255 0 255 164 255 204 255
    228 0 126 0 0 255 208 255 255 255 214 0 0 255 80 255 0 0 243 60 255
    255 0 0 0 255 0 255 255 255 255 121 255 0 131 0 190 255 0 255 255
    241 255 0 0 0 255 255 0 31 0 255 255 9 255 235 110 0 255 0 0 0 0 0 0
    0 213 255 0 255 0 255 0 255 0 0 255 156 255 0 255 0 255 255 255 255
    255 0 0 162 255 255 0 0 0 255 72 0 255 0 255 0 247 255 120 0 0 255
    255 20 255 0 0 0 124 255 0 255 255 0 255 0 190 255 255 0 255 255 255
    255 255 0 0 0 0 0 132 255 255 0 25 255 111 255 20 140 0 255 0 0 0 10
    0 255 208 255 0 210 0 255 0 0 216 3 152 60 0 0 255 21 0 0 0 255 41
    255 0 255 255 255 0 0 0 45 255 255 0 13 0 255 0 255 255 255 221 35 0
    255 255 255 0 255 255 255 157 0 255 255 0 255 0 0 255 34 0 255 255 0
    0 255 0 138 0 0 255 0 170 0 255 255 255 255 8 0 140 0 255 0 255 0
    255 0 255 29 0 0 19 0 0 255 140 0 0 255 0 255 255 255 68 0 255 0 255
    255 255 71 255 0 0 36 255 255 0 4 0 0 0 0 0 0 255 255 255 0 0 255
    255 0 0 0 255 255 229 0 0 255 255 255 0 255 205 255 255 255 0 255 0
    185 0 48 0 255 149 255 0 255 255 0 0 255 0 255 255 255 0 0 0 255 0
    145 0 255 255 255 0 255 0 17 217 76 0 255 0 61 255 255 0 0 80 0 0 25
    0 0 255 255 0 0 0 255 0 255 0 105 0 0 255 255 255 0 255 0 255 0 255
    0 255 78 255 0 13 0 255 0 0 0 0 255 255 255 2 154 204 0 255 212 53
    255 0 0 0 0 255 255 83 0 255 68 239 255 0 255 188 255 0 0 0 0 255
    255 94 255 0 156 0 255 0 0 255 255 255 0 251 0 0 255 0 0 0 0 0 0 255
    255 255 255 0 0 78 255 255 255 0 0 0 255 0 0 31 255 0 255 53 255 145
    0 255 255 69 0 255 255 0 0 220 255 255 0 255 255 0 56 0 0 252 0 167
    255 189 0 255 0 0 0 0 0 166 255 255 0 255 0 255 0 155 0 255 255 255
    0 211 255 255 255 255 255 79 255 0 213 18 243 255 0 217 0 255 3 255
    0 102 0 0 255 255 255 0 190 255 255 185 255 86 167 225 0 255 255 255
    255 0 0 0 0 0 0 0 0 255 255 4 0 0 0 174 101 255 255 255 0 0 0 0 255
    0 255 255 231 255 0 255 141 0 0 253 141 255 0 255 0 255 255 255 84
    255 255 0 0 0 222 236 0 147 0 0 96 0 122 0 255 23 255 0 255 255 255
    184 255 255 255 255 0 255 255 203 0 191 255 0 0 181 255 0 255 0 185
    43 255 0 36 0 201 0 255 0 255 255 255 0 255 255 255 0 0 84 255 255 0
    255 0 255 0 255 0 255 223 54 255 255 226 0 255 255 255 255 255 255
    255 0 0 0 0 189 240 255 244 255 0 255 0 255 180 255 0 0 0 255 15 173
    0 255 255 252 0 0 0 0 255 255 255 46 0 255 102 255 0 255 0 255 0 81
    157 122 88 255 0 196 0 144 206 255 109 242 0 0 255 0 255 0 255 0 255
    232 255 193 255 0 0 0 255 255 0 178 0 255 0 255 179 255 0 16 0 255
    115 0 255 0 255 0 0 0 169 255 0 0 0 0 255 199 255 255 255 255 255 0
    0 0 255 0 0 0 82 0 0 255 0 0 0 185 0 255 158 255 255 0 0 255 14 0 0
    0 0 0 73 255 118 0 255 163 0 0 0 255 255 93 0 0 255 0 255 0 123 255
    255 0 0 255 0 0 0 255 242 255 0 0 0 11 255 32 176 0 0 255 0 255 124
    255 36 255 0 255 255 255 255 0 0 0 255 255 255 255 0 241 0 0 255 255
    255 61 73 123 255 0 0 164 255 157 255 0 255 0 255 0 255 0 255 255
    255 255 255 255 255 255 255 0 0 0 255 255 21 8 0 255 0 255 0 0 184
    255 255 255 255 215 144 216 255 6 13 255 255 255 255 0 59 255 255
    255 255 0 255 83 255 0 0 217 0 255 90 255 255 206 255 0 104 255 28 0
    0 255 255 17 0 255 255 255 0 0 0 255 255 0 255 0 0 0 255 231 0 0 255
    0 255 137 48 63 0 255 0 46 0 255 255 255 0 0 255 160 0 50 255 57 40
    0 255 255 255 0 0 0 255 0 0 255 255 255 163 0 0 255 255 0 255 0 255
    0 255 255 50 0 97 255 230 255 179 255 221 0 255 0 255 255 255 46 0 0
    255 255 0 0 15 23 255 255 255 0 255 0 255 0 255 0 236 0 255 0 0 0
    218 255 0 0 0 255 62 255 0 0 0 0 0 255 212 0 34 0 90 255 255 167 10
    0 255 172 0 246 143 255 0 255 0 255 0 87 0 0 255 255 255 255 0 133 0
    255 255 255 0 0 98 255 255 0 255 0 5 149 255 214 0 255 15 0 0 255
    255 255 244 0 0 0 255 123 17 0 0 0 0 0 0 255 255 255 0 0 0 255 0 255
    255 0 0 255 255 255 223 0 0 0 255 223 255 158 0 0 255 0 0 255 255 40
    0 0 33 255 255 255 255 0 255 215 255 119 0 255 0 255 0 48 0 24 0 0 0
    0 0 255 255 255 0 255 255 0 0 0 0 8 255 241 255 255 0 162 0 0 0 255
    255 255 0 55 255 81 0 0 0 255 255 0 0 255 255 255 73 0 255 0 255 93
    255 0 0 142 255 255 0 255 255 255 0 255 255 99 0 153 0 0 0 0 255 0
    255 255 255 180 0 0 0 255 255 0 0 255 0 255 0 255 76 255 21 255 0
    255 62 255 0 255 255 0 0 255 46 255 0 78 0 255 217 0 255 255 0 0 0 0
    0 0 0 255 86 255 137 255 255 255 117 0 154 255 88 255 0 255 0 255 0
    15 255 254 120 255 0 249 33 255 0 0 255 0 255 0 255 0 255 255 0 0
    255 0 0 0 0 0 119 166 0 0 146 0 255 48 0 0 0 187 127 255 2 0 0 255
    255 255 0 0 255 255 255 0 255 0 0 125 4 255 0 0 0 255 255 0 255 255
    0 255 0 255 0 127 0 13 0 255 228 0 255 0 0 213 0 0 0 255 0 255 255 0
    0 11 255 255 255 0 14 0 0 0 0 0 255 255 0 0 255 0 0 255 255 255 0
    160 255 214 0 0 55 255 255 0 255 255 255 0 30 255 255 255 255 0 0 0
    0 0 255 255 255 0 0 0 0 0 192 116 0 79 255 255 0 255 0 255 0 255 255
    0 255 0 0 0 0 255 255 156 255 185 0 156 19 255 0 0 0 220 0 255 255
    255 255 255 255 0 0 255 0 46 255 255 255 30 0 0 255 0 255 117 83 19
    255 0 255 0 218 0 0 255 255 255 0 0 0 255 255 255 0 0 255 255 255
    255 0 199 0 0 0 255 255 7 103 0 255 203 0 255 0 255 6 255 255 12 0
    37 0 255 0 0 0 255 0 65 0 255 255 255 0 255 0 0 0 255 106 0 255 255
    255 206 0 0 182 255 255 255 0 0 255 255 255 141 0 118 255 25 255 0
    135 0 0 0 255 0 255 255 255 255 0 0 0 63 255 255 255 0 135 0 0 255 0
    0 0 255 255 0 255 255 255 0 0 255 255 255 0 255 0 255 0 110 0 0 0 0
    0 255 0 0 0 255 255 255 0 0 255 255 0 0 0 0 255 254 255 0 207 0 0
    255 255 255 0 0 0 0 133 255 0 0 0 0 0 30 33 255 0 255 255 97 0 0 255
    251 255 30 0 0 255 255 255 0 0 255 0 255 0 255 0 255 0 0 134 255 255
    255 0 0 0 255 255 0 0 91 255 171 0 255 99 255 167 52 116 255 0 182 0
    255 0 0 255 153 0 0 255 63 255 0 255 194 218 0 0 255 255 151 0 0 0
    255 0 255 255 255 255 36 255 0 0 154 19 0 255 255 255 255 255 0 0 0
    241 0 0 255 0 255 235 255 255 0 40 255 255 255 255 169 0 255 0 245
    163 255 130 255 0 0 0 99 0 130 255 255 255 255 0 0 255 255 255 83 0
    126 255 0 255 0 255 0 159 255 0 0 228 0 0 255 255 249 140 255 255
    255 0 255 0 255 0 255 255 255 36 255 0 255 0 0 255 255 255 0 0 0 255
    210 170 0 0 255 0 255 255 201 192 0 0 0 0 255 0 0 0 0 255 46 255 0
    255 179 255 78 255 255 255 255 255 0 0 191 100 255 0 255 168 255 255
    186 255 0 0 0 255 0 27 0 255 20 176 0 255 0 0 255 255 255 255 231 0
    255 255 0 232 0 161 255 0 0 0 255 255 255 0 247 0 255 0 255 31 255 0
    255 0 0 0 0 255 255 255 0 220 217 255 36 255 0 0 0 255 0 255 0 104 0
    0 255 0 0 0 0 255 0 0 0 5 0 255 0 255 0 255 0 0 0 255 138 198 255
    255 255 0 0 0 0 255 0 255 0 0 255 255 255 255 0 255 255 0 255 0 4 0
    166 200 255 255 186 38 0 0 0 255 0 255 145 74 255 0 255 0 255 255 0
    161 0 0 0 255 255 255 0 255 0 255 0 76 112 0 0 255 255 255 0 0 0 0 0
    255 0 131 0 68 255 76 197 255 0 255 0 205 0 0 119 255 255 0 0 0 255
    0 255 110 196 255 255 0 255 0 0 0 255 255 255 255 255 156 239 0 255
    0 200 0 255 136 255 0 17 0 255 255 255 255 0 255 0 255 255 255 0 0 0
    255 0 0 0 0 255 255 0 0 148 255 171 0 0 255 216 255 0 255 0 0 0 255
    255 255 0 0 255 255 0 0 255 255 255 0 0 69 255 0 255 0 255 220 255 0
    255 0 255 0 0 0 71 255 0 237 0 255 255 255 0 146 5 106 0 0 0 255 255
    255 0 0 0 0 117 255 255 255 0 0 0 0 255 255 0 216 79 255 255 0 0 0
    255 0 255 255 255 0 0 199 255 111 255 0 0 255 0 255 116 0 0 0 255
    255 255 255 255 0 0 0 0 255 255 255 0 0 0 129 255 255 255 255 0 0 0
    67 0 23 255 0 0 255 255 0 51 255 255 0 0 0 255 255 0 231 0 0 255 255
    255 0 30 180 255 0 255 0 124 255 255 255 255 41 0 0 0 0 0 138 0 255
    0 255 0 0 0 0 0 201 0 255 0 255 0 0 0 255 255 255 255 0 0 30 255 149
    0 255 255 177 255 0 255 255 0 0 0 65 0 255 255 255 0 0 0 255 255 0
    255 171 0 0 0 0 255 0 0 0 0 220 32 0 255 255 255 0 255 0 103 255 255
    255 0 28 255 0 255 0 0 0 0 0 207 0 218 99 255 0 0 0 255 255 255 218
    177 255 255 0 0 150 85 91 255 186 115 255 209 115 0 99 255 255 255 0
    255 0 0 200 255 255 0 9 151 255 0 0 0 255 255 255 0 157 157 255 255
    0 0 0 150 255 0 255 59 0 255 0 0 0 255 255 255 0 255 255 0 0 33 255
    255 255 255 0 0 0 255 0 255 0 112 0 255 255 0 0 255 108 75 0 255 255
    0 0 0 0 255 255 0 0 0 255 0 255 0 255 208 255 255 255 150 255 0 0 0
    0 255 255 78 0 0 125 255 255 233 255 0 255 0 97 255 255 255 0 0 0
    255 0 255 0 0 0 255 255 0 0 0 0 241 0 255 0 228 41 255 0 255 0 0 0
    255 126 0 0 255 255 0 0 0 255 0 255 255 255 0 0 206 0 179 0 255 129
    0 0 0 74 255 185 0 0 22 0 0 0 135 255 250 0 0 0 9 255 0 255 0 0 255
    255 255 255 0 0 0 255 137 71 255 129 164 255 255 0 0 21 0 255 0 255
    255 255 0 0 0 255 255 31 255 255 255 0 255 0 100 35 255 43 0 0 255
    255 38 0 0 255 255 255 0 255 255 0 255 0 0 0 255 197 0 110 255 0 255
    188 0 0 0 255 255 255 0 151 255 0 63 0 255 0 0 182 255 255 255 255
    255 255 97 255 0 0 0 0 0 255 0 0 140 0 255 153 0 0 255 255 0 36 45
    255 0 0 0 255 255 255 0 58 255 255 255 0 255 0 255 0 255 255 255 0
    255 0 255 0 255 0 255 0 255 0 0 61 0 255 255 255 255 0 0 93 18 255
    255 0 0 0 169 0 255 255 0 231 0 0 63 255 255 255 0 255 0 0 0 255 255
    255 0 0 0 0 255 0 146 41 0 0 169 255 148 255 0 254 255 255 255 255
    255 0 255 0 255 255 0 255 0 255 0 0 255 255 255 255 0 255 0 0 240
    225 255 255 0 0 255 255 255 0 255 67 255 127 0 0 0 255 0 0 0 119 0
    255 255 215 255 0 0 167 0 255 0 255 0 114 255 0 0 255 0 0 0 255 0
    255 255 211 223 255 0 0 255 0 255 49 255 255 0 255 255 255 0 0 0 255
    1 255 0 0 0 11 255 0 255 44 255 0 255 192 164 0 0 0 255 255 0 236
    255 255 255 0 173 0 255 255 255 0 255 0 255 215 206 0 0 0 0 255 255
    0 255 173 0 0 0 255 0 255 248 89 0 0 255 0 213 204 0 0 0 255 0 255 0
    255 0 255 255 204 0 255 182 0 0 255 255 255 255 0 255 0 255 0 255 43
    181 255 255 160 0 255 0 178 0 255 255 255 255 0 112 0 2 113 255 255
    0 255 0 0 0 255 255 255 255 255 0 0 255 255 0 39 255 0 255 0 197 0 0
    255 251 168 0 0 0 106 255 255 255 175 0 7 255 0 255 0 0 0 255 255
    255 255 0 0 106 255 255 0 0 0 255 255 0 0 202 255 255 0 255 137 255
    0 115 255 124 248 0 178 0 255 0 72 0 255 99 0 0 151 228 255 255 255
    92 255 195 255 255 100 0 0 0 0 208 207 224 0 255 0 255 0 237 0 255
    163 255 255 255 255 190 0 0 255 255 0 96 255 255 41 228 0 8 255 255
    255 38 32 0 0 30 255 135 255 255 0 155 0 255 255 170 0 255 255 254 0
    255 255 0 0 106 255 235 86 151 168 0 255 0 255 0 0 0 0 255 255 63 0
    0 182 77 255 13 0 0 0 255 255 255 229 0 116 255 255 0 0 99 0 255 242
    255 255 0 128 255 95 255 255 0 0 255 174 223 255 172 134 104 255 253
    35 0 255 200 255 190 0 0 255 0 0 191 0 255 255 199 255 0 93 255 255
    255 0 171 0 0 147 255 4 0 137 255 255 0 0 255 62 0 0 0 255 181 255 0
    255 0 255 161 0 0 102 192 0 0 0 56 255 0 255 255 0 91 0 255 207 0
    255 0 0 0 255 255 255 99 255 248 0 0 0 255 0 0 75 0 255 255 127 255
    187 255 255 255 188 0 0 0 255 243 255 77 255 218 0 0 0 255 255 0 0
    255 255 0 0 255 0 255 255 255 0 74 56 0 178 255 255 255 255 0 255 0
    95 126 255 255 255 0 20 0 60 0 255 48 255 255 0 0 0 0 238 255 143
    161 255 0 255 0 255 171 255 0 0 255 121 255 255 255 0 0 255 255 0
    255 255 255 0 46 255 35 0 0 0 0 255 255 255 255 39 57 0 255 0 0 255
    0 250 0 173 91 255 6 255 0 39 0 255 255 0 0 0 255 115 255 0 0 162 0
    0 255 0 255 58 86 255 0 0 255 0 255 0 0 0 255 255 113 255 233 61 0
    255 255 0 0 0 255 255 255 4 0 40 0 0 0 113 255 0 255 0 255 255 255
    255 169 0 0 255 0 216 255 255 255 73 173 0 255 0 0 255 255 0 255 0 0
    189 169 255 255 0 0 31 0 255 209 255 0 0 0 255 255 0 0 255 255 0 0
    255 255 43 9 0 0 0 160 0 0 255 1 255 255 166 255 255 255 255 143 255
    0 0 255 178 255 0 122 255 0 255 106 210 0 255 255 0 0 183 0 255 255
    255 194 0 0 218 255 255 0 255 0 0 0 255 255 39 255 97 255 255 0 255
    0 255 0 0 0 255 255 255 0 0 0 193 255 0 0 93 255 212 255 76 99 255 0
    255 255 98 0 0 255 0 0 137 104 255 255 54 0 255 255 37 93 0 22 255
    255 86 0 80 255 255 0 0 255 255 255 255 0 129 255 255 255 0 255 255
    0 0 255 255 255 0 0 0 255 51 124 255 255 0 0 0 255 255 0 40 255 255
    255 0 255 53 0 43 0 255 95 255 0 0 0 255 0 255 255 242 45 0 255 255
    255 255 0 199 0 0 0 65 255 0 255 66 255 255 127 255 0 255 0 255 0
    255 229 0 255 0 255 0 255 0 255 168 255 255 255 0 117 0 255 45 255
    255 255 0 0 0 224 0 255 255 0 0 90 255 255 255 213 255 255 0 255 255
    255 0 0 6 201 255 0 222 255 255 252 0 0 0 255 0 255 0 255 255 255 0
    255 255 255 0 0 255 0 255 0 255 0 255 255 104 0 0 0 255 255 255 255
    225 0 0 0 255 0 255 0 255 0 255 164 255 0 0 0 235 147 255 0 198 255
    0 255 0 255 255 0 0 0 255 255 0 255 0 255 0 255 255 255 0 91 255 255
    0 132 0 0 255 214 255 255 255 231 0 0 255 255 0 0 0 255 116 255 1 0
    156 0 255 255 255 255 255 0 0 0 0 0 255 0 255 62 255 0 255 255 255
    255 246 255 0 150 68 0 0 255 9 0 255 255 0 0 255 255 149 0 255 0 0
    255 255 255 0 0 255 151 81 255 151 0 255 0 0 136 0 255 0 255 0 206 0
    255 0 177 0 211 0 0 202 255 255 85 255 138 0 0 8 255 255 255 0 255
    255 255 255 0 251 0 0 0 194 0 0 255 255 255 255 255 255 0 129 255 0
    0 0 255 0 255 0 0 0 255 0 255 0 255 0 253 0 0 255 255 149 0 0 0 0
    255 255 56 0 0 77 216 0 0 76 255 255 75 224 0 207 255 0 29 255 255 0
    0 0 255 255 255 255 255 255 255 27 111 87 255 255 255 255 0 0 93 0
    255 255 255 255 255 0 0 0 255 0 0 0 255 255 255 0 0 0 179 0 0 255
    255 0 0 90 0 0 47 255 182 255 255 255 255 255 0 0 0 0 255 0 255 0
    255 0 232 0 214 106 6 255 255 255 0 0 173 255 0 0 255 255 252 255
    255 0 0 0 0 213 0 255 55 171 255 255 255 255 255 255 255 0 0 0 255
    255 107 0 255 0 255 255 0 0 0 36 255 81 255 0 255 0 0 0 255 122 255
    6 255 255 17 0 69 255 255 255 0 0 0 255 0 0 44 255 0 0 233 0 255 87
    255 255 230 22 0 0 0 116 0 145 255 0 0 13 255 255 255 0 165 0 255 0
    0 0 164 119 242 255 255 255 0 0 255 0 255 226 0 0 0 0 255 0 255 234
    180 0 0 255 255 255 255 0 0 0 255 0 255 255 0 0 255 255 0 0 255 25
    100 157 255 255 40 0 64 0 255 255 255 0 0 255 255 255 48 0 255 255 0
    0 0 255 0 255 0 255 255 214 0 255 255 0 255 255 255 161 0 188 0 41
    255 255 84 0 0 0 255 0 0 255 255 187 255 0 163 255 255 76 0 0 19 255
    0 0 0 226 255 255 44 0 255 0 255 0 192 240 255 0 255 24 0 0 0 0 255
    0 0 0 255 24 255 255 255 0 0 255 0 255 0 255 255 0 255 150 0 135 255
    0 0 0 88 255 0 0 0 255 255 255 0 0 173 255 255 255 0 0 255 255 217 0
    0 255 255 255 0 35 0 255 255 0 122 0 255 175 255 255 0 255 255 0 0 0
    255 0 255 255 255 0 6 186 255 255 0 255 0 0 0 0 0 18 255 255 0 0 0
    191 255 132 255 0 255 0 255 0 193 255 255 255 0 247 255 0 161 0 0 0
    0 255 0 17 27 0 0 255 255 255 205 0 0 0 0 255 255 255 255 255 29 0
    255 0 255 255 255 255 0 255 0 255 255 255 255 0 255 133 58 0 117 0
    255 0 0 0 79 105 0 255 152 0 86 0 255 255 255 255 255 255 0 101 0
    255 255 255 115 255 0 255 0 255 255 0 0 255 0 255 241 0 255 255 255
    0 0 255 166 255 0 255 0 0 0 0 0 0 255 0 255 255 0 200 0 255 244 255
    4 0 0 0 255 255 255 0 0 0 232 255 255 131 0 0 0 0 255 255 255 255 0
    255 255 255 0 0 255 0 255 255 255 0 130 0 255 84 0 0 68 255 255 255
    255 0 0 161 255 27 0 0 255 255 0 0 155 255 255 0 255 255 255 255 213
    0 0 206 0 255 255 31 0 195 255 89 255 60 0 85 0 255 0 220 255 255
    145 81 255 255 0 255 182 255 0 255 181 255 0 226 0 255 255 0 36 80
    19 0 255 211 255 77 255 0 0 0 255 121 15 0 255 152 255 0 255 0 255 0
    164 255 255 255 0 51 64 0 255 255 0 0 118 255 255 0 17 0 0 255 0 255
    0 255 130 255 35 255 0 0 0 0 255 0 222 13 255 255 255 0 0 152 115
    255 0 0 255 255 255 0 66 0 0 0 0 255 255 255 0 255 255 0 0 255 0 255
    0 0 119 0 0 78 255 34 88 0 255 255 0 0 255 74 255 255 134 255 0 255
    0 255 0 0 0 255 0 255 255 114 0 255 86 255 0 250 0 255 62 255 0 255
    255 255 207 0 0 0 255 0 254 255 255 255 0 255 0 255 122 0 162 255 0
    255 168 3 255 255 255 0 255 255 255 255 255 0 0 0 255 0 203 255 255
    0 103 255 0 0 0 0 255 46 255 0 0 255 90 255 255 255 255 57 255 0 157
    255 255 0 0 255 142 255 0 247 0 0 0 172 11 0 255 255 255 0 0 0 231
    255 255 0 255 255 255 199 0 121 255 214 255 255 255 0 255 0 255 255
    0 0 71 79 102 0 44 136 255 0 255 138 0 0 78 255 0 255 0 255 255 0
    255 255 255 0 255 208 255 0 195 144 189 255 255 0 243 0 0 0 0 255
    255 255 0 119 0 255 255 0 255 0 0 255 255 0 0 0 172 255 255 65 0 0 0
    193 0 0 255 255 22 0 0 231 0 255 0 255 186 255 66 92 0 1 11 255 0
    255 255 210 0 255 255 255 255 255 0 157 0 255 255 255 255 0 0 163
    255 255 0 255 0 0 255 255 255 0 0 0 0 0 255 255 255 255 255 0 255 63
    255 0 0 0 255 0 255 0 177 0 0 0 98 0 255 0 255 0 0 0 255 8 184 0 177
    0 0 255 255 0 255 0 255 0 255 119 0 0 0 0 255 0 0 0 88 3 255 255 194
    255 0 0 0 255 71 255 0 109 0 255 0 0 0 238 255 255 0 255 0 0 255 248
    255 36 0 0 0 255 255 94 3 255 0 255 0 255 0 0 0 0 255 0 255 0 255 0
    254 0 0 0 0 255 255 255 0 255 0 119 0 242 0 255 255 0 0 78 0 0 62
    155 255 255 0 255 69 177 207 255 0 0 239 0 255 255 0 5 0 255 255 0
    255 0 0 0 255 139 43 0 255 255 255 0 0 161 255 255 66 179 255 0 63
    255 255 255 0 255 255 255 0 88 0 0 255 142 255 215 255 255 0 255 0 0
    0 255 0 0 0 184 0 255 0 255 0 243 255 0 255 0 255 255 255 26 0 48 0
    0 255 0 134 0 223 0 0 255 255 157 255 217 236 0 255 255 148 0 0 0 0
    255 86 255 255 131 255 84 255 0 0 255 0 243 255 167 255 255 0 255 0
    255 255 255 0 0 255 255 0 255 255 0 0 0 255 129 255 33 21 0 255 0 0
    0 79 255 255 0 0 0 0 166 255 255 0 75 195 0 0 255 255 255 54 255 0 0
    243 255 255 0 0 255 166 255 255 98 0 0 0 255 255 255 0 0 6 255 255
    225 255 255 231 255 0 0 181 255 0 74 0 255 108 47 0 51 150 255 255 0
    0 255 255 0 198 0 0 0 255 0 255 224 9 0 0 255 255 0 102 0 255 0 156
    0 0 203 255 255 0 255 255 255 146 0 0 3 255 182 3 0 255 255 255 159
    255 0 0 0 255 234 255 0 0 0 255 0 255 255 255 112 0 255 250 255 255
    0 0 255 0 255 255 70 255 232 0 0 255 0 255 255 255 0 255 0 255 255
    255 0 86 255 0 255 0 255 255 160 0 255 255 255 16 0 0 255 0 255 0
    255 0 255 255 255 0 182 122 0 255 72 0 0 0 255 137 177 38 255 255 0
    0 0 0 255 0 255 0 134 68 255 83 255 0 255 255 255 75 0 255 255 0 0 0
    255 255 255 0 255 255 0 0 0 0 255 255 255 255 0 0 255 196 0 255 255
    255 153 0 0 0 255 0 255 255 255 255 0 0 0 255 255 253 255 0 0 115 0
    0 255 255 0 0 255 255 255 0 119 0 255 255 255 37 255 0 0 0 183 255 0
    0 255 255 255 255 0 0 208 0 0 0 0 255 171 194 18 255 255 0 0 0 255 0
    74 59 147 255 255 255 0 214 0 0 255 255 255 0 255 255 0 0 0 0 218
    255 255 0 18 255 255 0 0 0 255 0 228 0 255 0 255 255 41 0 0 120 255
    0 255 255 255 0 0 255 255 255 0 0 0 255 255 113 92 0 0 89 255 255
    255 0 0 152 0 255 255 255 0 255 255 255 0 255 0 0 0 255 255 255 128
    255 0 255 255 255 152 0 255 0 255 46 90 0 255 255 0 0 0 0 255 215
    255 255 0 255 111 255 0 255 0 255 98 0 255 255 255 0 0 0 0 0 255 255
    103 255 255 255 244 184 255 35 0 0 0 0 0 255 0 249 0 0 0 255 255 255
    0 0 0 255 255 0 248 255 238 33 97 255 0 202 0 255 35 0 63 0 255 255
    0 255 0 255 0 73 255 255 0 0 0 255 255 0 255 0 255 75 0 0 0 0 131
    255 0 189 0 0 255 0 255 0 255 110 255 255 255 0 255 255 255 255 0
    255 0 0 255 0 0 0 255 0 255 255 198 255 5 0 0 255 0 0 255 0 255 0
    255 0 207 161 250 130 0 45 220 255 0 255 255 147 0 0 255 255 255 0 0
    0 0 255 0 255 86 0 146 0 255 0 255 0 213 67 255 0 0 255 90 255 0 255
    255 255 0 0 0 0 255 255 255 0 255 255 255 0 0 48 160 3 102 0 33 93 0
    255 0 255 255 72 255 0 0 0 255 255 129 255 0 0 0 0 0 255 0 98 0 0 0
    0 62 255 0 0 255 4 0 0 255 255 255 246 117 255 0 77 0 255 255 255 0
    0 0 255 0 0 0 9 155 255 255 92 0 0 0 255 33 168 0 0 68 0 255 0 255
    42 255 83 255 255 77 0 168 255 0 11 0 255 177 136 0 198 213 157 91 0
    255 0 0 255 255 165 232 241 255 0 255 8 0 0 255 255 23 0 255 0 0 0
    188 72 255 78 0 71 0 0 255 0 255 0 255 0 255 156 255 0 0 255 0 255 0
    123 255 0 255 0 0 0 0 255 62 255 0 255 255 198 255 0 0 0 255 255 255
    0 37 255 255 0 255 0 237 255 255 255 0 255 0 255 0 255 0 0 116 255
    153 255 255 0 0 0 255 107 0 0 255 222 255 0 0 255 0 255 0 255 0 255
    255 0 0 0 200 0 255 0 255 0 150 0 255 255 0 0 0 255 255 0 218 0 0
    255 255 255 255 255 0 255 0 0 0 255 255 0 0 255 255 180 0 223 255 0
    255 0 0 68 0 255 0 255 0 255 255 255 0 255 213 255 255 243 255 62 0
    208 0 246 0 255 255 255 160 0 0 255 255 0 0 0 79 255 0 255 0 255 0 0
    0 255 255 255 255 184 0 255 64 255 255 0 255 0 255 0 27 0 162 0 156
    255 255 200 0 59 0 0 0 0 255 255 0 0 0 255 255 0 0 255 0 133 101 30
    0 255 180 85 0 255 132 255 255 255 0 0 0 0 0 0 0 255 0 255 0 0 0 255
    255 53 0 255 0 0 0 255 0 0 0 0 220 0 198 255 255 255 0 255 0 255 212
    67 255 98 67 0 0 191 68 255 255 255 0 0 0 0 202 0 255 0 255 255 255
    255 0 50 0 0 255 255 255 0 0 0 166 0 139 108 255 255 0 0 0 255 0 23
    0 255 150 0 0 255 255 255 0 255 255 25 255 0 255 255 0 0 0 31 0 255
    159 255 255 255 255 0 0 0 255 0 255 255 255 255 0 230 255 255 0 0 0
    255 0 0 68 0 0 171 120 255 255 80 255 0 0 190 0 143 0 0 255 0 0 255
    255 249 0 0 0 135 0 255 255 0 0 0 73 200 255 241 0 0 255 14 255 255
    255 255 33 0 126 208 255 0 0 0 126 105 0 255 0 255 0 255 0 187 0 0 0
    132 255 118 225 0 0 255 255 123 0 0 116 0 255 255 255 25 0 255 0 255
    53 218 0 255 0 0 255 255 255 0 255 168 255 0 255 128 255 0 0 0 0 24
    255 255 0 0 0 255 0 255 255 255 255 0 255 0 0 0 255 255 255 137 0
    255 255 255 0 0 26 255 186 255 0 255 195 0 0 255 255 255 0 255 0 213
    72 0 0 0 255 124 255 0 255 165 255 0 0 209 255 0 247 0 255 255 255
    79 0 66 255 255 127 0 255 58 0 94 255 255 0 255 0 212 61 0 255 0 255
    255 0 0 0 255 125 0 0 255 0 0 0 255 255 255 0 26 0 255 255 255 0 236
    0 0 255 0 255 255 204 255 0 0 0 0 255 255 255 0 11 255 112 255 0 248
    152 0 255 81 255 0 255 255 255 144 255 0 255 0 0 255 255 175 0 96 0
    255 0 255 0 0 0 255 0 255 0 0 0 77 255 255 0 0 0 171 255 255 255 184
    255 0 0 0 46 255 0 0 55 255 0 255 0 255 0 255 255 255 0 223 71 0 255
    255 0 255 159 80 0 122 252 36 255 255 231 0 0 255 255 0 0 0 255 0 0
    193 255 0 0 0 255 0 0 0 9 10 255 255 255 122 255 255 255 0 0 255 255
    255 0 255 0 0 255 177 255 0 255 0 255 0 255 255 255 0 117 0 205 0 0
    0 103 26 193 255 255 54 60 0 0 255 117 0 0 86 255 255 0 0 0 0 255
    255 255 0 0 0 255 131 0 0 255 149 0 0 0 234 0 255 255 255 0 0 255
    255 0 255 0 0 0 255 255 255 231 255 255 0 255 0 216 0 50 0 255 255
    143 255 255 255 0 255 0 255 0 203 0 255 0 0 255 0 255 0 255 59 37 0
    255 226 255 16 86 255 0 0 240 0 32 0 255 0 146 255 0 255 0 0 0 203
    159 168 0 187 0 219 0 234 255 255 255 143 234 255 0 73 255 255 0 120
    0 54 255 255 0 255 0 255 255 106 255 0 255 255 255 0 0 0 255 255 255
    255 0 56 0 0 0 179 255 196 255 0 0 255 255 255 255 127 0 0 0 255 255
    255 0 0 0 0 235 255 255 0 0 0 0 0 0 0 255 255 255 0 255 0 184 0 255
    171 255 0 0 0 255 0 255 63 255 255 255 0 255 0 0 212 255 0 255 93
    255 119 59 0 0 0 0 255 0 255 0 0 0 0 255 255 0 255 127 225 255 230
    135 0 255 0 255 255 255 0 255 4 0 0 0 255 63 0 255 255 137 255 255
    219 255 0 255 255 255 255 0 0 0 0 255 255 255 0 58 0 0 255 255 176
    54 0 0 255 0 88 255 255 255 0 0 196 255 255 0 95 0 76 255 35 255 0
    255 0 255 0 255 0 255 255 166 171 0 255 255 0 72 0 255 0 255 40 0
    255 0 77 0 0 255 0 255 255 255 0 83 255 255 255 0 0 0 0 85 255 255 0
    0 0 255 0 255 255 255 0 0 255 255 255 78 255 61 175 0 255 213 0 255
    0 255 255 255 0 0 0 0 117 0 231 255 0 0 0 68 0 255 0 255 0 255 0 255
    255 255 255 0 255 0 255 0 255 182 255 0 0 0 255 225 101 255 0 0 255
    255 255 0 0 201 255 255 227 255 0 74 82 255 255 255 255 255 255 0 0
    0 255 187 255 0 0 0 0 255 255 255 255 0 0 255 177 255 255 0 255 0
    172 255 0 0 0 255 255 255 0 0 0 255 255 255 255 0 255 0 255 0 255 0
    255 0 255 0 0 255 117 95 0 255 14 238 255 29 0 0 5 123 38 255 0 0 0
    88 138 255 0 255 255 0 0 255 255 171 85 158 255 0 0 0 255 255 255 0
    255 0 255 85 255 255 0 255 0 223 253 0 0 0 255 255 0 0 0 0 255 0 255
    0 255 0 255 0 255 132 255 0 216 0 95 0 0 255 113 255 18 0 255 255
    104 111 255 0 255 0 255 0 0 255 255 0 0 222 255 0 255 255 255 67 255
    0 255 255 255 148 121 255 166 0 0 255 255 255 0 70 255 255 0 26 255
    255 255 0 233 77 184 255 69 255 0 0 195 0 255 255 0 0 232 122 255 0
    201 0 46 255 0 255 0 255 0 116 0 0 0 255 255 0 0 0 0 157 0 0 255 255
    104 0 9 255 255 255 255 254 0 14 255 0 255 209 0 0 237 0 95 255 193
    0 255 0 0 255 0 255 0 0 255 255 255 255 0 0 0 0 0 255 151 255 255
    255 65 0 255 0 210 0 255 0 8 151 0 190 7 0 20 2 143 255 0 255 0 119
    0 255 255 255 255 255 0 255 255 255 255 255 0 0 0 255 249 255 0 0 0
    0 255 0 255 255 255 0 255 85 242 0 255 110 0 121 136 0 255 190 255 0
    175 0 255 0 0 255 204 255 72 255 0 255 223 0 0 39 255 255 255 149
    255 0 255 0 0 0 0 0 255 216 255 255 0 0 0 255 255 255 0 51 255 147
    255 0 0 255 255 145 0 0 113 255 71 0 0 255 0 255 255 255 255 0 0 0 0
    255 255 92 0 0 226 202 255 97 0 193 255 255 0 0 0 0 159 255 0 0 255
    253 255 183 3 255 0 0 0 255 255 255 255 0 0 0 255 255 255 0 128 0
    255 212 0 0 0 255 0 24 255 0 255 216 0 0 0 255 0 255 0 255 0 255 54
    255 255 255 190 0 0 255 186 255 0 0 255 255 22 0 255 255 0 0 45 236
    0 255 255 255 0 255 255 255 0 0 210 255 255 255 0 47 0 0 0 255 255
    46 0 0 255 255 255 176 255 0 0 0 255 0 0 255 0 0 0 0 0 255 211 255 0
    0 0 255 255 0 0 255 155 255 0 255 0 0 255 0 255 0 255 0 255 0 255 0
    0 0 177 33 255 255 30 255 255 255 255 0 255 255 255 255 0 0 0 255
    255 0 0 255 0 229 255 255 97 255 255 37 0 89 64 0 255 0 255 249 211
    0 255 255 1 255 0 255 0 200 255 74 0 0 0 255 255 255 185 255 255 0 0
    0 0 0 255 255 255 0 232 0 255 255 255 255 196 255 41 0 255 255 0 0 0
    255 255 0 0 0 255 255 255 0 0 0 255 255 0 0 255 0 255 0 255 0 0 207
    186 166 0 0 0 253 0 255 219 255 0 76 60 255 0 255 0 255 0 0 0 255 0
    0 56 255 255 255 255 170 255 0 255 0 0 0 255 0 255 0 0 255 0 50 0
    255 255 0 0 0 0 197 255 255 255 146 0 255 0 0 0 255 255 0 236 96 0 0
    255 255 255 147 195 0 0 255 255 255 0 0 85 255 63 255 43 0 91 255 0
    0 255 180 255 194 255 0 0 255 255 255 0 0 0 0 255 255 255 0 0 255
    255 255 255 0 0 255 110 0 0 0 255 0 255 255 255 0 0 255 255 0 88 0
    34 0 255 255 255 0 0 255 255 0 70 0 0 255 255 255 0 0 0 255 255 0 0
    0 0 255 0 255 255 255 0 255 37 255 255 0 0 0 255 255 0 255 255 255
    243 0 255 255 255 0 0 0 0 0 0 255 0 0 0 255 255 212 255 0 255 30 0 0
    0 255 0 255 0 0 0 0 57 0 255 214 255 0 255 255 255 0 0 182 0 0 255
    255 0 130 0 201 0 255 67 255 0 35 0 0 17 255 127 0 255 0 0 208 0 255
    0 0 0 0 255 214 0 0 0 115 255 255 255 0 211 0 0 255 255 255 255 255
    0 70 0 0 236 255 255 255 0 28 0 255 0 255 0 0 255 255 255 0 0 54 255
    165 255 0 0 65 0 255 255 255 0 0 255 255 255 255 255 0 0 255 255 62
    150 0 0 255 255 0 101 255 255 255 0 0 255 255 0 0 83 255 0 255 0 255
    178 255 0 255 0 255 0 198 0 255 0 0 0 255 253 185 0 0 0 255 0 255
    255 0 192 255 0 0 237 132 0 0 32 255 255 203 255 0 0 173 0 255 0 0
    255 255 255 0 0 0 255 0 255 0 255 0 22 0 0 0 255 255 217 0 187 0 255
    255 255 137 255 0 0 0 255 0 255 0 255 255 255 0 255 0 255 255 0 200
    0 0 0 252 0 255 244 255 0 84 0 255 0 255 167 0 25 0 0 0 255 255 255
    0 213 0 0 0 0 255 255 255 178 255 0 0 0 255 0 0 0 255 255 255 204
    255 0 0 255 255 0 0 114 0 0 0 255 255 0 164 0 19 0 255 0 0 255 255
    255 0 0 255 255 255 255 0 68 0 255 173 0 255 255 255 0 255 0 255 0
    255 0 0 9 255 239 255 0 255 241 0 0 197 255 8 156 0 255 0 255 0 255
    0 248 0 0 128 0 0 255 185 0 186 255 255 255 255 255 0 236 0 0 255 0
    255 0 255 0 239 255 0 255 110 0 0 255 0 255 0 0 0 0 0 255 255 255
    255 255 0 6 255 0 0 255 240 255 255 255 0 0 255 255 0 0 0 255 255 0
    32 0 255 0 87 255 255 255 0 72 0 255 0 255 0 255 0 0 255 255 99 0
    255 255 255 179 101 255 0 255 255 255 255 0 0 0 56 38 0 0 90 255 33
    255 0 0 140 0 0 255 0 255 255 255 146 255 0 213 0 255 113 255 43 0 0
    0 0 255 29 0 32 164 255 0 0 0 0 226 32 255 255 255 255 87 0 247 124
    255 0 255 0 255 0 2 0 156 255 18 255 162 87 0 255 0 255 86 23 160 0
    255 255 255 255 255 58 255 0 176 185 255 0 0 15 91 255 141 0 0 255
    255 46 144 0 0 0 255 0 255 0 255 255 255 235 132 0 255 0 0 255 255
    170 0 0 0 255 255 255 0 0 0 255 0 0 0 122 0 241 0 142 0 255 255 0
    255 255 0 190 255 215 255 255 255 0 0 181 255 255 255 0 0 0 0 10 255
    0 0 0 0 255 255 255 0 0 255 0 0 0 0 255 255 0 0 255 255 255 0 184
    255 133 116 0 0 0 0 255 255 255 255 0 255 0 233 0 117 0 255 0 0 0
    255 255 255 7 0 0 232 255 255 0 101 0 255 0 0 0 255 0 11 0 255 27
    109 0 0 255 255 0 118 0 255 194 255 255 0 255 0 148 255 0 0 0 255
    255 255 0 48 255 0 255 0 255 169 0 0 255 255 192 255 255 64 0 0 0 0
    0 0 65 255 212 0 206 0 9 255 0 36 168 0 255 255 38 0 0 255 26 255 0
    255 0 255 255 143 0 110 0 255 255 255 0 0 255 255 0 64 0 255 255 0 0
    0 255 255 0 255 241 255 255 255 151 255 0 0 255 0 255 0 255 240 0
    255 255 0 47 0 71 255 255 255 255 0 0 255 115 255 0 0 255 0 255 159
    255 0 0 0 0 254 0 255 0 255 0 219 104 255 100 255 0 0 0 255 229 255
    0 255 163 255 255 0 255 0 173 192 255 255 92 0 64 175 0 0 233 255 0
    0 0 255 255 255 0 118 147 255 36 0 255 168 255 132 255 180 0 255 0
    255 0 255 0 255 35 255 0 0 255 255 255 255 0 0 0 255 255 184 0 0 0
    255 0 255 204 255 0 0 0 255 0 219 255 0 0 0 0 0 255 63 0 255 0 0 255
    0 0 255 142 0 0 255 0 255 141 0 0 0 255 255 255 255 255 0 205 157
    143 255 0 255 221 255 255 255 0 0 0 172 255 255 255 0 255 0 255 255
    202 0 0 255 0 0 148 171 242 0 0 0 0 0 255 0 0 101 225 255 74 0 0 255
    255 109 0 0 0 97 255 117 0 0 255 255 255 105 0 255 0 0 0 255 221 0
    92 0 255 236 116 114 255 0 255 255 255 0 0 0 48 255 198 255 0 0 255
    0 255 0 62 0 0 255 0 255 42 255 0 255 152 228 255 255 0 255 0 255
    222 255 168 255 0 0 0 83 255 212 67 0 255 149 255 0 255 0 255 0 0
    255 0 190 0 255 0 255 0 0 0 255 255 255 0 255 0 232 255 0 0 0 255
    255 255 255 255 255 0 232 0 255 86 255 0 201 255 255 113 255 0 0 0
    255 236 0 44 0 0 0 0 209 255 255 0 255 255 255 0 255 255 39 0 0 0
    246 0 255 0 255 0 255 0 255 0 255 0 255 0 196 19 0 199 255 0 255 0
    82 255 255 255 0 0 255 255 255 0 196 0 0 255 18 141 255 255 255 87 0
    255 0 38 0 48 223 0 255 255 0 255 0 169 77 0 0 0 0 128 0 172 130 255
    64 247 0 255 86 255 218 255 111 0 0 0 0 0 255 255 255 0 0 0 196 255
    255 255 113 255 189 226 255 255 0 0 178 255 255 255 255 0 0 0 67 0
    255 255 14 0 22 139 255 0 255 255 255 0 25 255 139 255 208 0 255 0
    255 28 0 255 116 255 255 0 93 0 0 0 255 255 0 0 197 0 0 0 255 255
    255 0 0 0 160 255 32 255 255 0 0 0 235 0 255 0 219 0 255 255 0 0 120
    51 0 255 255 219 113 0 255 0 255 255 255 0 190 232 255 255 0 201 0
    255 28 0 0 255 225 255 0 255 225 0 255 0 255 0 255 51 168 255 0 255
    255 255 122 255 255 255 0 0 94 0 255 0 255 255 0 0 255 255 0 254 200
    0 255 0 255 0 117 0 0 0 255 255 0 0 0 86 0 255 255 255 0 0 255 87
    255 255 255 255 0 255 0 255 0 0 0 255 255 255 144 0 0 210 21 255 230
    0 255 255 255 163 0 0 177 255 255 255 0 255 255 179 4 255 255 255
    255 195 255 0 112 0 255 19 10 255 255 255 255 255 255 0 0 0 255 255
    255 0 0 73 211 255 188 255 255 0 0 0 255 0 90 255 0 0 255 255 0 0
    255 255 255 0 94 0 255 255 0 0 236 255 115 255 0 0 0 255 0 255 255
    255 15 205 255 121 255 0 255 255 81 255 165 0 0 0 255 75 0 255 64
    255 255 255 148 0 0 0 0 255 255 216 0 139 0 0 255 255 0 255 255 255
    255 109 0 0 0 76 136 255 255 0 0 255 255 255 0 0 0 255 11 50 0 113 0
    255 0 0 0 0 0 220 0 0 255 255 0 177 255 255 255 66 255 0 0 0 255 199
    210 0 255 0 0 255 255 255 0 0 0 255 0 255 187 204 0 255 166 51 0 255
    255 0 255 255 255 0 255 255 255 0 253 107 255 163 0 255 138 255 0
    255 0 255 0 255 0 255 0 73 255 0 0 0 255 0 9 175 255 0 0 0 255 255 0
    255 255 255 255 0 255 0 0 177 255 255 255 255 255 255 232 255 0 0 0
    255 255 0 255 255 212 115 27 255 255 95 25 255 255 255 255 255 0 255
    0 0 255 255 0 0 27 0 255 82 255 0 212 255 0 139 0 255 0 255 0 255
    255 255 255 255 0 222 217 255 0 0 255 159 209 218 146 0 116 0 255
    255 0 57 186 255 0 255 255 255 27 0 0 255 255 255 232 247 255 31 112
    255 204 0 255 251 0 136 255 255 192 255 0 240 131 255 255 0 255 0
    255 121 0 255 0 0 255 255 255 0 0 255 0 255 0 0 255 255 0 0 255 36
    255 0 0 255 0 255 0 0 255 104 255 0 255 255 169 0 0 255 198 255 0
    255 0 255 255 238 255 0 255 0 27 0 255 255 255 255 0 255 255 0 0 0
    255 255 255 0 0 0 255 0 255 0 53 255 0 255 0 0 255 255 0 140 0 255 0
    0 88 156 255 0 141 0 255 0 0 0 255 255 255 0 0 0 0 255 255 255 78 0
    255 255 255 255 62 62 218 127 0 0 0 26 255 0 255 38 255 0 255 255
    255 0 255 89 255 255 0 0 0 255 255 0 163 0 0 0 255 15 255 0 33 0 0
    255 52 255 214 255 0 141 255 0 0 255 255 255 255 0 255 255 0 13 0
    215 255 0 255 255 0 137 0 255 255 255 0 255 255 255 0 0 191 255 69 0
    255 0 255 255 255 0 255 0 0 218 255 255 0 255 0 255 75 255 255 9 0 0
    255 0 223 255 255 255 194 0 255 0 0 51 239 198 0 0 40 61 0 0 255 0
    255 0 90 0 62 0 255 0 255 0 255 255 255 255 26 255 49 255 81 0 0 151
    255 0 255 18 0 0 255 192 255 182 0 0 202 255 255 0 0 56 178 0 0 0
    255 0 255 255 255 0 0 0 255 255 255 24 255 0 255 255 255 0 245 0 255
    255 58 255 255 117 0 241 255 255 0 0 255 255 0 0 0 0 0 242 0 0 0 108
    255 195 0 72 0 255 255 57 0 255 255 0 0 0 179 0 255 255 255 255 0 0
    0 255 255 255 242 0 0 255 255 219 0 0 0 0 0 255 144 255 0 155 169 0
    0 255 110 255 199 255 255 255 255 0 0 0 255 0 255 122 255 255 255
    255 255 151 64 255 0 0 255 0 255 0 255 0 255 0 228 0 255 0 129 0 0 0
    255 8 244 0 0 0 255 255 255 0 0 255 123 0 0 255 0 255 127 255 255 0
    255 104 255 0 0 255 0 5 0 255 255 255 0 45 0 6 148 0 225 255 255 255
    0 255 0 53 61 105 0 0 255 0 255 0 255 0 255 45 255 255 255 255 158 0
    0 255 255 255 140 0 0 234 255 0 0 3 255 255 0 255 0 0 0 255 255 255
    0 178 228 255 0 0 145 78 156 20 0 255 0 118 0 121 255 255 0 0 255
    116 255 15 255 0 0 105 255 128 3 255 152 112 255 0 0 229 255 255 0 0
    0 69 214 255 255 246 0 255 255 77 0 255 36 0 0 255 255 49 0 0 84 255
    0 255 0 255 0 89 73 0 0 0 255 0 255 128 255 0 255 255 255 0 255 0 0
    0 0 0 0 31 241 255 0 255 255 0 0 82 255 130 0 0 255 0 255 255 0 0
    255 255 255 0 0 86 65 255 255 255 255 0 0 32 255 94 255 93 0 0 255 0
    255 255 0 0 255 244 0 0 0 255 0 13 0 255 0 255 0 170 0 54 255 255
    255 255 255 0 0 0 0 255 255 255 0 0 0 255 0 255 78 0 27 0 74 255 213
    0 203 0 159 0 154 0 0 0 0 0 255 255 0 0 0 255 255 255 0 246 0 255
    255 0 255 255 255 0 255 255 255 0 0 0 255 255 255 78 0 0 243 255 255
    117 0 0 251 255 0 46 0 94 255 0 253 0 68 0 255 255 228 0 255 50 0
    255 255 255 0 255 255 0 0 0 0 255 255 162 0 0 255 255 126 46 255 0
    255 0 0 0 255 255 255 0 0 0 255 255 255 0 28 0 255 251 0 255 0 255
    255 0 0 0 0 255 255 0 255 0 178 0 0 221 0 0 0 0 255 0 255 0 255 29 3
    0 0 255 255 255 203 0 0 4 0 255 240 0 0 17 255 0 0 0 0 255 255 0 0
    255 255 255 0 160 0 255 255 0 255 0 0 255 234 0 0 255 255 193 255
    255 136 0 200 255 0 254 0 255 255 255 0 255 117 255 100 193 255 255
    255 0 0 255 255 0 255 151 255 0 255 172 255 230 0 0 0 255 255 255 0
    25 0 0 255 255 0 255 0 166 0 0 255 73 255 0 0 255 190 255 0 255 0
    255 0 255 255 153 0 0 0 255 0 0 0 255 255 0 0 0 255 255 3 133 0 0 59
    255 255 219 0 0 0 255 199 255 255 202 255 255 255 0 0 24 255 255 0 0
    0 255 18 193 0 0 0 255 255 255 0 0 0 255 255 0 0 0 216 0 255 255 255
    0 0 0 0 0 59 151 0 255 255 0 0 0 234 135 255 255 62 0 0 255 139 0 0
    255 0 255 255 255 255 255 0 21 0 255 0 0 255 0 0 0 255 0 255 255 255
    0 255 113 255 0 224 0 255 255 255 0 0 0 74 113 0 255 0 255 255 255 0
    56 93 0 230 255 0 255 0 255 0 255 0 255 172 255 255 0 0 0 255 255
    255 0 255 255 0 199 255 56 190 0 217 197 255 255 255 0 42 255 255 0
    0 0 255 193 255 147 255 255 0 0 206 255 38 255 0 255 0 255 63 242
    255 0 23 255 235 255 0 255 255 0 0 255 255 149 0 255 255 0 0 0 255 0
    255 255 255 0 0 151 0 255 182 255 255 0 255 255 0 255 0 255 0 147 0
    244 0 255 0 0 255 0 0 0 0 0 255 255 255 0 183 255 208 255 255 59 255
    116 0 0 190 145 128 0 255 0 252 0 255 0 0 243 255 85 0 0 255 0 0 0
    240 255 73 255 50 255 255 211 0 89 0 181 255 0 0 148 255 255 0 98 0
    0 255 0 0 225 0 0 255 151 255 255 115 255 0 142 0 255 255 0 0 0 89
    128 255 0 0 229 0 255 255 0 0 0 0 0 255 255 255 0 0 255 168 255 255
    255 0 255 255 0 147 241 255 255 0 101 255 46 0 255 255 255 0 255 69
    255 0 0 255 255 255 0 255 39 161 0 147 0 0 148 85 255 0 255 0 255
    255 58 0 255 0 255 0 255 252 205 0 255 255 0 255 0 0 0 0 255 255 255
    0 0 255 255 255 0 255 0 0 255 61 255 0 255 13 255 0 209 255 0 0 255
    255 255 188 255 0 255 255 255 0 255 255 108 225 0 255 66 0 0 0 255
    255 255 255 0 255 0 255 0 255 0 0 0 0 255 0 0 0 0 255 255 255 0 76
    255 255 0 0 222 160 96 0 255 0 255 0 255 13 255 0 0 0 0 255 225 255
    0 0 0 255 0 26 0 0 255 255 255 0 0 55 171 255 0 0 142 255 215 0 0 0
    255 0 255 255 255 0 255 163 255 0 45 255 0 176 255 255 0 0 255 0 255
    255 255 0 255 71 0 112 194 255 0 255 0 0 76 0 255 255 255 0 0 79 255
    255 255 255 0 32 255 255 255 255 0 255 0 0 93 0 255 0 0 13 255 0 0
    255 255 0 0 0 255 255 0 0 0 127 255 172 0 0 0 255 0 255 0 255 0 255
    0 0 168 255 255 255 18 0 200 0 163 97 255 0 0 11 0 54 255 0 0 0 255
    212 0 255 0 255 255 255 255 0 0 255 255 255 0 255 255 255 0 54 87
    255 10 136 255 255 0 46 0 255 0 255 0 0 192 25 0 255 255 255 134 54
    0 255 255 15 170 255 65 2 122 187 0 0 0 255 255 255 136 255 0 0 255
    255 255 228 0 50 228 245 0 0 0 0 255 0 255 0 255 0 255 0 0 0 188 255
    0 255 137 0 0 0 0 255 0 255 0 0 255 255 152 0 124 0 208 33 255 0 255
    255 0 255 0 255 0 61 224 255 0 255 255 255 0 0 0 255 255 255 0 113 0
    0 181 255 255 0 255 255 255 0 0 36 255 255 255 94 0 0 255 255 255
    255 0 0 0 255 227 255 255 255 0 36 108 255 0 71 29 255 255 255 0 0 0
    255 182 28 0 0 255 255 0 203 171 0 161 0 0 0 255 0 255 255 247 0 0
    124 255 255 255 0 0 255 162 255 0 255 0 102 0 30 255 255 255 255 255
    0 0 0 0 0 255 255 255 203 255 0 161 0 255 244 0 0 255 217 0 255 0
    255 0 255 255 255 37 0 255 0 0 255 0 88 56 255 255 0 255 0 0 0 0 0 0
    255 255 255 0 255 185 0 0 255 255 255 255 133 0 0 0 255 0 0 0 255 0
    0 255 0 255 0 255 15 0 255 255 255 255 0 0 238 255 0 255 255 0 224
    146 255 213 255 180 255 38 255 0 0 255 87 0 182 205 255 255 0 255 0
    255 0 0 23 0 179 0 255 128 0 0 0 255 148 0 0 255 255 255 68 12 0 0
    255 255 255 0 255 210 255 0 0 0 255 0 255 0 255 0 0 255 255 0 0 238
    0 81 255 255 74 207 255 0 38 0 255 11 255 0 0 255 234 255 255 255 0
    0 0 0 0 0 255 0 255 0 0 255 255 229 0 0 255 255 255 0 0 0 255 255 0
    0 255 0 255 0 255 255 255 14 0 0 255 255 196 0 255 0 0 255 64 255
    255 0 255 0 255 255 218 0 255 255 255 0 0 255 0 255 255 255 0 0 0 0
    255 255 255 0 0 0 17 255 0 255 255 0 0 22 255 255 255 146 255 255
    255 0 160 0 225 0 0 30 0 0 0 0 0 255 0 0 182 134 255 0 141 162 55 0
    255 0 255 110 255 255 0 0 242 255 0 255 0 255 0 0 0 204 4 255 255 49
    255 0 0 91 255 255 255 123 222 119 0 0 0 123 0 255 255 0 39 0 255 0
    42 255 244 0 0 0 255 0 225 208 158 0 255 255 167 108 0 0 255 255 255
    229 255 0 255 0 255 147 0 255 0 0 0 0 0 255 0 255 0 146 255 255 34
    255 0 255 0 255 0 255 0 255 134 255 255 255 0 0 226 255 255 0 255
    247 1 249 255 0 255 0 255 0 255 255 255 255 0 0 0 0 255 105 255 0
    255 255 255 41 0 255 191 255 0 0 0 255 255 0 0 222 222 255 0 255 255
    183 255 255 0 0 90 0 255 0 255 0 0 0 255 171 115 255 0 102 0 0 255
    254 0 0 255 255 255 0 0 0 0 255 0 0 0 0 255 255 0 255 255 255 0 0
    255 0 0 0 255 255 0 0 255 255 152 0 0 0 0 0 0 108 255 0 255 0 114
    255 0 0 0 255 0 255 255 0 144 255 186 255 0 173 0 255 255 255 255
    255 255 0 255 48 0 0 255 255 0 139 0 217 0 239 0 255 36 0 0 236 255
    255 255 0 255 0 255 255 255 144 119 255 0 255 0 158 255 0 255 255 90
    255 0 103 0 0 0 0 255 0 255 255 0 0 0 255 255 255 0 222 0 255 0 255
    0 255 0 241 0 255 255 255 0 0 255 255 255 0 255 255 20 0 255 12 255
    0 255 0 0 0 115 0 255 0 0 236 0 0 255 255 255 12 0 0 255 255 0 0 18
    103 164 255 0 0 0 255 20 255 255 255 255 129 15 0 255 255 255 255
    255 225 0 0 255 255 255 0 255 0 255 0 255 0 255 255 43 0 0 255 0 154
    165 255 255 0 0 0 0 255 0 107 255 252 0 255 255 255 255 0 0 0 255
    255 255 0 0 55 9 255 0 0 186 255 255 255 0 202 255 0 0 255 0 255 124
    187 0 255 0 154 0 255 56 255 255 169 0 139 173 66 255 255 255 0 0
    255 255 255 255 0 0 0 0 0 255 255 0 255 255 255 109 209 0 0 0 255
    205 255 0 255 16 79 0 0 255 0 0 0 0 63 0 215 0 0 0 165 255 255 0 174
    255 255 0 41 255 255 0 0 0 255 0 88 255 83 152 0 255 255 255 0 212 0
    0 0 255 255 255 0 255 172 255 255 0 0 213 255 255 255 255 255 0 255
    0 255 40 157 255 255 37 175 255 255 225 0 0 153 18 0 0 0 255 0 0 255
    0 0 0 255 0 0 0 207 0 255 137 255 0 255 127 0 0 26 0 255 255 255 0
    255 0 255 0 0 255 0 255 0 0 0 62 255 255 0 0 37 255 255 255 255 255
    0 0 0 255 255 0 209 0 0 0 255 0 0 206 46 255 0 255 155 255 122 255
    201 255 255 255 0 0 54 0 0 255 255 98 0 255 255 0 36 0 255 0 255 59
    0 0 207 255 255 255 0 0 0 0 255 255 255 0 255 110 0 0 0 0 255 255
    255 0 0 0 0 255 255 255 0 0 255 0 255 0 80 0 29 0 210 255 255 211
    255 0 0 0 16 0 255 255 0 0 0 255 255 255 0 0 29 25 51 62 255 0 0 143
    255 76 116 0 255 174 0 255 255 0 39 255 173 0 0 255 0 61 0 255 255 0
    0 173 76 0 0 0 255 234 255 172 203 194 0 255 255 255 87 255 0 0 0
    255 98 0 0 255 78 0 255 163 255 0 255 255 0 0 0 0 0 255 0 0 0 255 0
    255 98 255 0 255 0 255 83 139 0 0 0 255 145 255 0 255 59 255 246 255
    87 0 255 71 255 0 28 0 0 255 255 255 0 0 255 135 255 255 246 0 12 91
    255 0 0 0 255 255 0 0 0 255 0 0 0 255 255 247 140 119 255 255 137
    255 214 0 255 0 255 0 255 0 58 159 42 0 215 255 0 64 0 255 0 255 168
    30 0 143 255 0 4 0 23 255 255 0 15 0 0 0 0 0 235 0 0 255 255 255 255
    0 126 0 0 0 255 33 204 0 255 211 0 83 79 0 0 0 223 119 255 255 0 255
    0 255 0 81 0 255 255 255 117 0 0 255 0 0 0 255 161 0 0 255 255 255
    92 255 0 0 0 144 0 216 255 255 0 255 168 255 0 255 0 255 0 0 27 255
    255 49 56 255 0 120 0 205 0 255 162 255 255 255 60 0 255 0 0 0 255
    255 255 198 0 255 255 255 139 103 0 0 41 0 0 0 255 117 0 0 0 135 0
    116 255 0 160 231 255 90 255 0 255 255 0 0 21 255 194 255 255 255 0
    0 0 255 255 255 8 0 223 156 0 0 69 255 0 0 0 255 0 255 7 225 0 255 0
    255 255 255 0 42 0 0 255 81 255 0 255 162 177 255 255 0 0 0 255 255
    0 0 255 0 0 255 255 0 0 197 255 0 0 0 255 0 0 0 255 59 255 255 126 2
    255 0 255 0 255 255 255 255 255 0 255 0 255 0 161 255 255 255 255 0
    159 0 255 255 0 0 0 255 0 0 4 255 94 255 255 255 0 255 255 253 6 0 0
    0 255 255 211 0 255 255 255 0 0 0 255 0 255 42 255 0 0 0 255 255 0 0
    255 255 255 166 255 255 255 0 0 199 0 237 255 255 246 255 0 255 0
    220 0 217 255 255 50 0 0 84 255 0 0 194 0 255 255 36 0 255 0 48 0 56
    0 255 0 68 255 255 0 0 255 255 253 0 0 255 255 0 0 255 152 0 134 129
    0 0 245 0 255 0 19 107 0 0 0 255 36 29 255 0 0 92 255 0 255 0 180
    101 255 0 255 255 255 255 242 144 255 255 0 255 255 255 255 0 255 64
    255 59 0 0 255 3 35 0 31 0 255 255 255 0 255 237 178 193 255 0 0 0
    255 255 0 255 45 255 0 171 0 255 255 255 0 0 0 0 0 255 0 255 0 97 5
    255 255 164 0 0 255 0 255 55 154 0 0 0 201 125 255 255 173 255 166
    255 255 255 255 0 255 255 0 255 0 255 0 0 255 255 255 0 15 241 237
    132 255 255 0 0 255 0 255 0 255 0 0 0 255 0 255 212 255 0 212 0 50 0
    0 55 119 255 255 255 255 255 255 255 0 16 0 255 255 0 242 0 88 255 0
    0 172 255 0 0 255 255 10 255 0 0 0 255 0 0 0 255 0 255 140 0 0 255
    255 255 0 82 36 0 201 255 255 255 15 40 116 255 0 255 0 255 0 255 0
    0 223 137 255 0 255 0 206 255 255 255 0 255 255 255 255 0 9 0 0 97 0
    255 255 255 128 255 77 255 0 255 255 3 0 0 0 0 255 255 255 64 255
    255 0 255 0 16 0 11 0 255 74 255 255 222 0 255 0 255 0 175 0 178 255
    0 255 255 0 255 255 0 0 0 255 0 255 255 255 0 0 255 203 255 55 23
    255 0 0 0 255 255 255 0 255 0 44 255 0 0 0 255 255 255 72 255 255
    246 145 255 255 0 85 255 255 0 255 0 255 0 0 52 255 255 255 0 219
    252 255 255 0 0 0 0 0 119 0 255 0 255 0 255 255 0 255 255 255 0 0 28
    255 32 255 0 0 185 255 255 255 0 255 255 255 104 255 255 255 0 255
    124 255 0 25 0 0 255 0 0 0 0 255 255 0 255 0 255 255 36 255 0 255
    255 114 255 0 0 180 0 255 0 0 0 255 0 255 255 255 0 0 0 0 255 0 255
    255 0 0 0 0 255 0 139 255 64 255 0 0 0 255 255 235 0 255 0 139 255
    255 255 0 196 255 0 255 0 255 255 6 0 0 7 0 255 255 57 0 0 255 255
    255 0 0 82 186 0 0 255 255 202 255 0 0 0 255 255 255 0 255 0 255 246
    255 0 255 0 255 255 255 255 0 193 255 0 0 255 255 255 0 0 255 255
    255 0 219 0 255 255 255 255 0 0 0 255 0 255 0 255 255 0 0 0 255 0
    255 199 255 185 255 0 0 255 0 138 255 255 255 255 0 255 0 255 82 255
    0 0 31 255 255 44 0 0 83 101 255 255 255 255 38 0 0 0 0 255 0 255
    255 0 0 146 255 255 255 13 0 0 0 0 255 0 255 0 0 0 255 255 0 255 0 0
    0 0 0 255 255 0 0 255 255 255 0 0 0 255 61 255 0 255 0 255 0 255 63
    62 0 12 255 0 255 255 0 0 0 0 152 249 0 255 0 0 0 0 0 0 0 255 255
    255 0 0 0 255 0 236 255 0 0 0 0 255 255 255 255 0 0 0 6 0 255 0 0 0
    255 0 0 255 255 255 213 196 255 255 136 0 0 0 255 255 255 0 255 0 0
    0 212 0 177 120 255 0 255 0 255 0 129 0 255 0 255 255 0 102 255 28 0
    255 0 255 0 0 0 0 255 59 53 0 166 255 0 255 247 255 143 0 176 24 0
    255 123 0 255 27 255 255 24 0 255 0 0 0 0 0 255 0 255 0 30 255 199
    255 130 0 174 169 0 0 255 255 0 0 0 255 255 255 0 255 255 0 75 0 0
    255 255 255 0 255 0 255 0 255 216 0 255 255 0 0 0 255 0 255 0 255
    115 0 127 64 190 0 255 198 255 255 0 255 0 255 164 255 179 0 255 0 0
    0 255 0 0 0 0 92 0 255 255 0 255 255 255 10 149 0 2 0 255 240 235
    255 255 255 0 171 0 0 255 255 255 0 255 255 255 255 182 0 1 255 255
    255 0 255 0 101 0 0 0 255 56 0 255 0 255 0 211 0 255 0 255 255 255
    34 0 112 82 158 198 0 0 0 147 255 171 73 0 24 255 0 0 42 255 255 77
    0 0 0 203 32 255 0 0 0 255 0 255 255 0 0 0 97 0 255 0 255 0 193 58 0
    0 255 255 255 0 0 0 0 145 255 255 110 255 255 0 0 255 162 255 0 255
    0 0 255 255 255 255 200 255 0 0 129 255 0 0 5 57 0 0 176 0 255 110
    255 0 249 255 27 0 0 0 255 86 255 255 0 255 0 255 0 41 255 222 255 0
    0 255 0 255 0 255 0 255 0 255 0 229 255 0 255 27 255 255 0 255 95 0
    255 0 0 0 0 136 255 255 235 255 255 165 0 0 255 165 255 90 255 228 0
    255 255 255 255 255 0 79 0 0 0 255 255 0 0 255 255 255 0 108 0 255 0
    0 42 255 255 0 255 0 255 0 255 0 109 255 0 255 255 255 255 0 133 165
    255 0 255 255 0 0 0 255 0 0 255 62 218 191 0 255 255 0 0 255 255 76
    255 39 255 32 0 0 42 255 255 0 0 222 255 255 255 0 0 0 255 255 255 0
    63 0 255 255 255 0 0 0 0 255 0 255 255 255 0 0 0 0 210 0 255 255 255
    191 255 255 0 0 48 0 255 255 255 0 0 0 255 0 255 134 255 0 0 0 255
    118 255 255 255 0 0 255 201 255 255 255 114 255 255 255 139 254 255
    0 255 44 255 0 255 255 255 0 255 0 0 0 0 136 93 0 234 255 255 255
    240 0 0 0 255 254 255 255 255 0 255 0 255 0 7 249 0 101 123 0 255 79
    255 0 0 0 0 255 255 0 0 255 0 70 0 0 0 92 255 255 131 0 255 0 0 0
    255 255 255 0 0 150 0 0 0 79 255 0 84 0 0 0 255 255 255 255 0 4 145
    249 255 0 0 0 0 255 255 255 16 113 0 255 78 0 0 0 255 150 255 0 62 0
    0 80 255 255 0 255 0 33 0 255 0 255 6 0 0 0 0 255 255 228 0 0 215
    255 56 255 0 0 0 255 6 255 0 255 255 255 238 234 0 0 255 255 255 255
    0 255 0 255 255 0 133 255 112 255 255 255 201 0 0 255 255 0 255 255
    111 255 0 255 255 0 129 0 0 255 231 255 0 255 231 255 73 255 0 0 0
    255 255 255 0 30 255 255 0 0 255 255 206 0 0 255 40 0 111 255 255 0
    0 0 0 0 0 158 255 255 255 0 0 0 255 255 255 0 0 224 255 255 255 238
    255 65 255 255 0 255 146 255 0 255 0 0 0 255 255 244 0 0 255 255 255
    0 0 255 255 124 0 0 255 255 255 0 0 56 255 245 0 255 0 255 97 247 0
    167 255 255 0 255 255 0 0 0 0 255 255 255 0 0 0 0 255 0 0 0 0 255 0
    0 255 0 243 255 255 255 255 69 103 0 0 0 255 48 0 255 255 255 13 0
    148 0 255 0 0 0 0 255 255 255 0 0 255 255 255 192 255 0 0 0 255 71
    255 0 255 0 255 255 0 0 0 0 0 255 255 0 133 0 255 0 255 117 255 255
    194 255 0 0 0 255 255 0 0 0 255 0 0 0 255 236 255 0 255 0 255 0 17 0
    255 0 255 255 255 0 255 0 255 155 255 0 0 0 255 0 255 0 255 255 255
    255 0 255 0 0 18 255 0 255 255 23 0 255 255 255 255 255 254 255 189
    255 0 0 0 255 255 0 255 255 255 167 0 196 0 192 53 255 48 255 255
    255 255 0 0 0 0 255 255 0 0 88 0 255 0 255 129 0 0 172 255 19 255
    255 255 0 0 0 255 255 255 0 255 0 93 163 0 0 0 0 255 0 255 0 255 96
    255 79 0 255 255 255 255 255 0 255 0 255 0 255 0 0 0 0 255 0 0 0 255
    255 0 0 0 255 0 255 0 46 25 122 83 0 255 187 0 118 252 255 255 0 0
    255 0 255 0 0 255 255 190 133 0 16 255 255 0 78 0 182 255 0 255 0
    255 0 0 216 0 255 255 255 255 255 30 0 0 0 26 255 0 232 255 255 0 23
    0 125 255 255 255 0 0 0 255 255 255 195 0 163 0 0 248 0 0 0 242 255
    10 255 0 106 255 68 255 0 255 0 0 0 0 255 255 255 255 255 255 40 0
    255 255 255 255 0 234 255 255 0 255 255 255 0 0 0 0 88 255 0 0 0 45
    149 31 255 255 255 0 0 0 127 255 255 0 0 0 255 0 255 255 0 255 0 0 0
    177 237 190 255 255 0 255 255 255 68 0 0 255 0 255 211 0 0 0 255 107
    241 156 255 0 0 235 255 0 255 243 52 255 0 255 0 255 92 0 0 255 111
    255 0 0 187 255 0 255 0 255 255 255 0 0 54 255 0 255 0 255 162 255 0
    0 0 170 255 255 255 0 83 0 0 0 255 2 255 0 255 0 148 0 0 0 0 255 234
    255 73 0 165 255 148 0 0 0 0 137 255 255 0 236 0 2 0 197 255 0 0 0
    255 201 124 0 0 0 0 255 100 0 255 255 52 0 0 0 0 255 0 255 255 255
    64 255 0 0 0 0 13 255 0 255 235 255 255 0 255 226 224 0 0 190 108
    255 0 255 0 0 0 255 0 21 255 255 247 0 77 255 255 255 240 217 255 0
    0 0 255 255 255 0 255 255 0 255 201 255 0 154 0 255 0 0 255 255 255
    0 255 32 0 0 0 255 255 148 255 0 0 255 0 0 61 255 0 129 0 255 255 91
    255 255 255 0 0 0 0 0 0 142 255 255 0 255 0 255 0 86 0 121 255 255
    255 0 201 0 202 255 255 255 62 0 255 255 0 0 0 255 255 0 247 0 255
    255 0 0 0 219 0 0 157 0 255 0 224 255 255 255 0 255 0 0 0 83 0 255
    255 255 255 0 0 0 0 146 0 0 255 184 255 0 255 0 245 255 255 75 255 0
    255 102 0 0 0 82 226 255 0 0 0 255 255 190 0 0 255 0 0 0 255 255 164
    0 76 133 255 44 255 0 255 0 246 0 128 0 255 255 255 0 112 15 102 255
    255 7 0 0 255 255 255 0 0 255 168 255 0 255 0 255 0 255 0 114 119
    255 255 255 0 117 0 0 255 11 0 255 255 255 0 0 0 55 255 128 255 0 0
    0 255 0 255 0 255 255 255 255 0 189 0 0 0 255 255 255 255 40 0 255
    255 0 255 255 0 0 51 255 0 230 255 0 0 255 67 0 0 192 87 255 255 255
    0 255 255 64 0 0 255 190 255 0 255 0 0 0 255 0 255 0 255 0 255 89 44
    0 0 217 85 0 0 0 93 0 255 156 255 83 255 255 130 0 255 255 255 255 0
    146 36 255 0 255 163 255 75 0 0 231 255 255 0 0 40 255 255 0 255 255
    255 0 0 0 0 255 0 133 18 175 0 230 0 172 48 0 0 0 255 255 255 0 0
    255 0 0 0 255 29 162 0 133 202 0 255 7 255 255 0 255 0 0 127 0 255
    255 0 0 255 255 255 255 255 255 0 255 0 196 0 119 255 0 255 0 0 244
    200 184 22 0 255 216 255 0 255 0 255 0 0 255 255 255 37 255 0 255 0
    0 19 0 0 255 175 255 0 158 255 255 0 0 0 255 0 255 0 7 255 0 255 255
    0 0 0 255 255 0 255 0 0 0 255 255 255 255 136 0 159 255 152 255 0 0
    0 0 255 255 82 66 255 0 255 0 0 0 255 221 255 255 255 0 164 0 255 2
    0 219 0 255 255 255 0 255 0 0 0 0 255 255 0 0 80 255 255 255 0 0 255
    255 255 184 0 255 255 255 0 255 0 0 139 255 255 255 0 0 0 255 255 0
    0 87 255 255 255 41 163 0 255 0 0 0 255 255 255 255 255 0 0 0 0 255
    97 255 0 244 0 255 0 0 0 25 47 156 255 0 255 255 255 0 0 0 0 0 108
    255 246 0 147 0 255 255 156 212 212 91 255 0 255 255 255 255 74 0 0
    255 255 255 0 252 0 0 104 0 255 0 255 255 255 0 255 0 255 255 255 53
    0 255 0 0 223 255 133 255 128 0 0 171 255 255 0 255 255 0 68 255 255
    0 212 122 255 0 0 86 0 0 0 97 0 255 255 255 0 0 0 207 255 255 0 0 0
    255 0 255 255 0 0 0 255 255 0 0 0 255 0 255 0 0 255 110 255 49 255
    228 0 0 96 255 255 255 136 0 255 255 0 0 0 0 0 0 0 255 255 255 255
    41 178 180 63 255 255 255 255 57 255 0 255 0 0 255 70 168 0 255 57
    255 255 0 0 255 255 99 154 255 255 60 0 0 255 255 255 148 255 255 7
    0 108 29 0 255 255 255 255 0 0 0 255 154 255 255 68 0 0 0 0 0 255 65
    75 0 255 0 255 255 0 0 0 255 0 255 0 255 255 182 0 0 255 79 255 255
    79 255 0 255 0 25 0 17 255 255 255 0 0 174 52 0 255 255 151 0 255 0
    255 0 155 255 0 0 0 255 255 255 0 255 255 255 0 255 0 255 0 169 255
    255 255 255 0 165 0 0 0 255 0 255 0 255 255 255 255 0 255 151 197 0
    0 115 8 183 255 0 255 255 0 0 255 255 223 255 255 68 0 0 255 139 255
    0 0 0 255 0 222 163 0 255 243 255 160 57 220 0 0 255 255 255 89 255
    255 0 0 0 0 255 0 255 255 255 255 30 0 0 255 0 255 255 0 0 255 255
    255 0 157 0 255 85 0 255 0 255 0 236 40 235 255 255 255 0 0 255 255
    0 0 0 255 0 157 0 255 0 0 0 255 255 99 255 79 171 0 223 0 93 0 0 0
    212 255 255 0 0 255 255 255 165 0 0 255 255 255 220 255 237 103 0
    255 114 0 0 253 255 0 255 236 255 0 255 0 255 0 255 0 255 0 255 255
    255 255 0 43 0 0 116 164 255 158 255 255 0 0 198 255 255 255 153 0
    255 0 0 0 255 255 95 151 0 0 0 17 138 0 0 255 7 0 255 255 255 0 255
    255 255 255 0 0 0 0 255 255 0 0 255 255 137 0 255 255 240 0 113 255
    255 0 130 255 59 255 255 86 0 0 0 255 255 86 0 0 0 0 0 217 0 0 0 255
    81 255 0 255 0 0 0 255 255 255 0 255 255 0 0 255 255 0 255 182 255 0
    0 0 153 255 238 255 0 160 255 255 173 255 255 0 255 9 255 0 255 0
    245 0 255 255 255 255 0 255 0 1 255 255 255 0 174 0 255 0 44 0 0 176
    255 255 255 14 255 0 255 235 255 0 255 255 255 255 255 0 0 0 255 255
    255 0 255 0 255 0 255 255 0 255 0 255 0 0 0 255 173 0 0 0 255 255
    255 40 255 255 0 0 0 0 0 0 255 122 0 0 0 255 0 255 255 255 255 0 0
    255 255 0 0 0 255 0 8 255 255 58 255 92 255 0 255 255 0 0 255 255 0
    0 165 0 255 100 78 255 255 0 0 0 0 0 255 255 80 0 0 26 255 255 0 255
    255 255 0 206 24 0 0 0 255 255 255 0 255 0 0 255 255 0 228 255 89 0
    0 0 0 0 255 255 0 169 255 0 0 14 255 255 255 255 255 0 0 0 0 255 255
    255 16 0 0 3 255 67 255 0 0 31 255 241 119 255 241 192 255 255 0 0
    255 0 0 120 152 0 0 0 255 255 255 0 0 0 255 255 255 0 255 0 255 0
    255 0 255 0 142 0 255 255 255 0 0 0 0 255 0 0 255 255 255 255 15 47
    255 0 0 0 255 0 0 143 255 17 0 0 3 255 255 0 255 0 255 139 199 0 0
    221 255 255 255 7 168 0 10 255 0 255 0 255 0 25 255 248 255 0 0 255
    255 0 255 190 0 0 255 255 255 253 255 0 0 0 255 255 0 0 0 37 197 0 0
    0 255 200 255 0 255 0 255 0 0 0 119 0 0 170 255 182 255 0 0 178 255
    138 0 255 0 0 0 255 255 255 0 255 0 0 0 0 206 0 2 0 255 0 49 72 26
    92 255 255 255 0 0 0 255 0 255 0 255 255 0 0 37 255 168 255 255 0 0
    0 255 255 255 0 0 255 0 255 255 255 255 255 181 0 0 222 91 146 255
    246 0 23 0 0 0 255 255 255 255 0 0 0 92 0 35 255 255 255 0 0 0 0 255
    255 0 255 0 188 164 255 0 0 103 224 255 0 0 0 254 0 0 255 255 0 0
    145 255 255 255 0 255 0 255 0 0 0 255 255 205 181 255 113 0 0 0 255
    0 255 255 0 255 255 0 0 89 255 255 0 0 255 0 255 161 255 0 173 0 0 0
    255 0 0 40 255 255 0 0 29 0 0 0 0 0 255 255 0 255 223 255 0 0 0 37
    255 0 255 181 255 47 255 0 255 255 3 0 255 0 255 0 0 0 255 217 255
    255 0 255 141 255 0 0 0 142 255 0 255 66 255 0 138 0 255 255 255 255
    0 255 0 255 23 255 0 0 255 0 0 0 255 255 0 0 0 115 255 0 0 0 255 255
    0 255 0 255 255 255 253 0 0 0 255 0 164 255 194 68 0 255 0 101 69
    255 255 0 255 139 0 255 0 255 255 103 0 0 0 163 114 255 255 255 0 11
    56 255 255 255 255 0 0 55 0 0 255 56 255 255 255 255 0 255 0 34 255
    255 115 0 203 234 255 60 0 0 255 255 255 195 255 0 0 0 0 152 0 255 0
    88 0 255 0 255 255 255 99 255 255 8 185 0 225 0 255 255 255 255 0 0
    0 255 0 0 187 0 0 255 255 0 255 255 255 0 0 140 255 255 0 0 255 255
    255 249 0 0 0 231 255 0 255 122 255 0 0 255 255 255 255 255 255 0 0
    0 119 194 255 105 255 0 0 0 0 255 0 255 199 191 0 239 255 255 0 0
    255 0 255 0 0 255 255 8 0 0 255 255 255 0 0 255 255 0 0 0 149 0 113
    128 255 0 0 0 5 255 0 0 0 255 180 255 255 0 255 227 255 135 181 0 0
    255 255 0 255 0 255 0 0 208 0 255 247 255 0 255 255 0 0 255 255 250
    255 255 255 0 0 255 255 255 0 0 0 89 42 255 255 255 59 0 255 255 255
    0 255 0 255 0 255 255 255 255 0 0 0 255 255 255 95 0 0 0 255 255 0 0
    255 239 0 151 255 255 0 0 115 0 255 0 255 0 0 0 255 255 136 252 255
    98 255 255 255 255 0 255 255 255 0 225 0 255 0 255 255 0 22 173 81
    234 0 0 0 255 255 255 0 255 0 255 0 255 136 0 255 52 0 255 57 255
    160 255 250 255 215 0 0 0 0 255 255 88 0 255 0 255 0 131 37 255 255
    255 255 0 255 0 255 63 255 255 0 122 0 0 255 255 255 255 255 255 0 0
    236 0 50 35 255 255 255 0 0 0 255 255 255 14 165 255 0 255 255 255
    202 0 0 0 255 255 255 115 255 255 0 158 82 255 196 217 255 0 0 0 0
    255 0 0 0 255 255 255 255 0 255 0 255 0 90 0 255 255 255 255 8 255 0
    209 255 0 255 0 255 80 255 0 179 234 189 0 255 0 75 0 0 0 0 90 0 167
    255 126 0 49 0 255 0 255 0 0 0 0 255 84 0 0 106 255 255 255 255 0 0
    232 92 255 0 255 255 255 255 0 193 109 255 190 255 0 9 0 255 0 255
    110 147 0 225 0 255 0 0 255 255 0 0 0 255 239 0 0 255 23 0 0 255 85
    255 255 255 0 0 255 255 1 0 0 255 255 0 0 0 0 255 189 255 16 0 0 0
    255 255 255 0 107 8 0 255 0 0 255 255 255 0 132 0 87 0 134 255 0 0 0
    255 255 255 183 255 0 0 0 54 255 255 255 28 0 255 217 173 0 126 0
    255 8 0 49 0 255 255 255 231 0 0 175 39 25 255 218 255 0 255 0 220 0
    0 255 255 255 0 0 0 151 255 255 255 0 0 8 255 255 0 252 209 255 255
    0 255 255 158 0 0 255 255 255 132 255 0 0 255 255 0 154 255 255 110
    225 0 255 255 255 0 0 0 186 0 217 0 255 0 255 255 255 54 255 0 0 255
    255 255 0 0 255 85 0 255 73 255 0 255 0 255 0 255 0 255 255 255 0 0
    244 107 255 0 0 0 255 255 255 255 255 255 255 0 0 0 255 255 255 0 0
    189 255 255 40 162 255 0 253 255 255 255 0 17 0 255 0 0 0 255 0 255
    0 102 0 255 0 0 255 255 252 0 41 255 255 255 0 0 255 255 0 27 33 14
    0 255 0 255 7 255 129 255 255 111 255 190 0 0 32 0 255 255 255 255
    255 0 0 0 38 255 0 255 22 0 116 255 255 255 255 45 255 111 0 0 0 0
    102 255 0 0 255 58 216 0 255 0 255 0 126 255 255 0 0 0 255 230 0 255
    255 0 255 0 255 0 255 0 255 0 255 39 0 255 255 255 0 255 0 0 0 53
    255 0 0 0 0 0 255 255 255 0 0 253 255 255 208 255 255 0 255 255 255
    0 255 0 0 0 110 166 255 255 0 0 146 255 194 0 255 166 102 132 255
    164 37 197 255 0 0 0 255 255 228 153 119 8 0 0 255 255 0 255 0 22 0
    255 255 255 255 0 255 255 255 0 187 0 0 0 0 255 209 255 33 0 0 73 0
    255 255 255 255 255 180 0 72 0 102 0 138 255 255 255 224 255 0 0 255
    255 143 255 255 1 0 58 170 255 0 4 255 255 0 255 255 131 255 255 0 0
    255 0 0 18 255 255 255 0 0 0 255 255 28 0 255 255 0 17 255 0 0 255
    255 255 70 0 0 255 255 122 255 255 255 0 0 0 255 62 0 0 255 0 255
    255 255 255 0 0 192 255 129 157 0 0 4 255 255 0 0 255 255 255 255
    255 30 0 0 0 0 38 255 0 0 8 0 0 255 255 255 0 0 255 255 244 0 0 255
    45 0 0 0 255 255 255 0 0 0 255 0 203 0 255 0 255 255 255 255 255 0
    255 0 170 0 163 0 255 255 29 0 0 0 255 255 0 255 0 0 0 0 0 6 70 255
    255 255 0 0 0 0 255 255 255 0 255 44 255 0 0 0 0 255 240 255 37 0 0
    255 255 255 0 0 255 0 0 0 255 0 0 255 0 255 255 0 0 0 7 0 0 255 77
    255 228 0 240 102 255 250 0 0 59 255 255 255 0 90 255 73 0 0 255 255
    0 0 0 255 255 255 0 0 0 255 255 255 0 0 0 255 244 255 0 27 255 218 0
    0 190 195 0 0 255 255 0 0 0 245 0 255 255 255 0 0 255 255 0 255 255
    255 0 0 255 0 255 0 0 255 0 0 0 150 224 255 0 255 237 255 0 255 255
    255 255 0 44 0 0 0 255 255 255 255 255 0 0 0 255 255 255 0 0 0 255
    255 0 255 0 255 255 255 180 174 0 255 255 255 255 24 0 0 255 0 255
    221 255 0 0 255 255 255 0 255 0 255 0 0 0 107 0 0 0 255 0 255 255
    255 255 0 255 255 0 199 0 255 0 107 0 255 0 87 0 255 255 255 255 0
    254 0 255 0 0 255 0 158 0 255 255 255 0 0 0 255 0 255 0 0 158 0 255
    0 18 255 51 255 0 0 26 255 255 168 0 0 187 0 204 255 0 0 0 104 255 0
    0 0 255 224 243 139 0 255 83 255 179 255 1 255 255 221 0 0 167 255
    193 0 0 0 210 0 255 255 255 255 255 0 183 255 255 0 0 0 255 255 255
    0 0 0 0 0 0 174 0 204 0 255 0 255 31 0 255 0 255 70 230 255 255 0
    114 255 0 0 181 255 0 0 0 255 255 255 255 255 0 0 0 0 0 255 193 255
    255 255 112 163 0 0 0 0 0 255 255 78 255 0 169 7 255 0 244 0 0 0 255
    255 255 0 0 255 255 3 255 0 255 29 255 0 255 68 186 0 0 109 255 255
    255 11 255 90 0 0 0 255 255 255 255 0 255 0 171 0 255 0 0 194 184
    255 255 210 255 0 0 255 248 0 0 80 0 60 0 255 0 0 0 0 137 0 255 0
    255 255 255 0 23 0 0 233 0 0 199 255 255 8 0 0 81 0 255 255 255 255
    0 0 255 255 197 30 195 0 44 255 255 0 255 0 255 255 49 0 142 255 255
    0 0 255 0 0 255 255 255 0 0 0 85 251 255 0 255 20 0 0 0 255 0 255
    251 255 255 0 49 0 130 255 255 255 0 0 185 255 0 218 0 132 0 173 0 0
    0 255 0 255 0 255 52 136 255 0 255 255 0 0 0 255 255 0 0 255 255 0
    255 81 255 0 255 228 255 0 255 33 0 0 0 70 255 255 0 255 0 0 0 255
    79 255 0 43 0 7 0 35 255 0 255 0 255 174 144 255 0 255 252 255 213 0
    0 0 0 120 0 0 255 255 255 40 0 104 0 0 0 0 255 255 255 0 255 255 105
    0 255 255 255 0 0 255 255 0 202 237 0 0 7 0 0 255 255 255 0 0 255 0
    255 255 0 255 255 254 90 255 255 0 0 255 255 0 255 0 255 0 255 0 255
    0 255 255 255 20 255 0 255 0 0 209 222 237 0 0 0 255 0 12 255 0 19 0
    255 255 255 198 162 0 0 74 0 255 51 255 0 0 104 0 255 255 255 0 55 0
    255 255 255 47 255 0 255 0 145 211 255 255 0 255 255 255 0 0 0 255
    255 0 0 255 255 255 71 8 255 255 26 0 0 0 174 212 255 255 255 0 0
    140 255 255 0 0 0 0 6 255 255 71 255 121 255 255 255 255 0 255 0 255
    0 38 255 255 255 0 0 0 0 255 109 255 0 0 0 255 255 255 0 0 247 255
    23 255 0 0 0 255 255 0 98 125 0 106 255 0 255 0 0 255 0 255 0 255
    196 0 0 0 255 103 0 0 132 255 255 255 0 255 0 255 255 0 0 255 255 0
    0 82 255 255 0 0 0 255 255 255 255 0 0 0 144 179 255 255 255 255 0 0
    255 255 255 255 0 255 141 255 255 0 255 255 255 0 0 77 255 0 0 255
    255 253 0 148 0 167 138 0 0 142 255 255 255 142 255 255 50 0 0 255
    150 255 255 255 0 0 0 85 24 0 255 0 255 0 0 0 0 0 0 0 0 255 255 255
    255 255 255 255 0 0 0 0 255 94 0 0 0 255 255 0 0 0 143 0 255 255 233
    61 0 0 255 0 255 0 166 0 0 0 128 255 0 255 0 52 97 255 0 0 255 255 0
    0 0 255 0 0 191 0 255 255 255 0 51 255 255 1 211 0 0 0 0 255 255 255
    0 0 255 255 255 0 0 218 255 0 0 90 255 0 125 0 255 255 0 0 0 136 0
    23 18 0 255 255 255 249 0 255 0 0 0 107 0 255 0 255 255 0 235 226 0
    50 255 76 255 0 0 0 255 179 255 0 255 0 0 0 0 255 65 255 0 255 255
    28 0 171 255 255 0 0 255 0 204 248 0 0 184 0 255 0 0 255 255 255 0
    241 0 66 0 255 255 157 0 0 255 0 0 255 255 0 253 0 0 255 255 115 255
    0 255 26 0 0 255 255 0 129 0 255 198 255 183 0 0 0 0 255 0 255 255
    26 255 128 0 255 0 255 0 255 0 255 0 0 0 190 255 0 214 255 255 255
    102 255 255 0 205 255 0 15 0 255 164 255 0 44 255 255 187 0 0 0 255
    101 0 0 0 0 255 255 9 255 0 255 0 0 0 255 0 255 255 125 255 133 0 0
    255 255 255 195 18 255 55 0 255 255 255 116 255 0 68 1 150 49 255
    255 255 0 255 0 255 198 255 0 0 255 116 0 0 0 0 240 255 255 0 0 255
    255 0 0 97 255 255 0 0 255 174 0 0 255 60 255 255 0 255 0 0 0 255
    255 255 0 255 255 0 0 0 255 33 255 0 255 255 246 0 0 255 255 255 0
    255 255 0 247 0 255 0 255 255 0 255 0 255 226 255 0 98 255 255 123 0
    255 255 255 0 41 0 51 255 255 0 135 255 14 255 24 255 5 0 0 16 255
    255 0 0 0 255 255 0 0 45 255 0 255 0 255 255 153 0 104 0 0 255 0 0
    255 0 57 13 0 255 0 255 255 255 0 254 0 255 255 194 122 0 0 255 255
    133 241 0 255 0 255 57 255 0 255 0 0 0 48 255 255 131 0 255 255 0
    255 108 255 0 0 0 255 0 0 170 255 0 0 255 255 0 77 255 255 255 0 255
    0 203 0 0 255 255 255 0 68 255 255 0 0 0 0 255 255 0 0 0 255 0 102 0
    0 255 230 255 255 255 0 255 255 0 0 0 255 255 0 0 210 255 255 255 91
    62 255 0 255 0 143 0 0 255 255 0 0 255 255 255 0 255 0 255 221 0 205
    255 255 183 0 255 0 255 0 255 0 255 0 255 255 0 254 0 0 0 0 0 255
    255 255 255 111 104 255 255 255 255 255 0 0 34 0 255 255 255 212 0
    255 0 255 0 255 0 253 0 255 255 112 255 255 255 255 0 0 0 0 0 0 255
    255 228 255 255 255 255 0 0 255 255 0 0 255 255 255 0 183 0 255 0
    255 0 0 255 0 255 255 255 255 255 255 37 0 255 178 0 0 66 0 0 0 188
    255 255 0 0 255 255 255 0 153 0 195 0 223 255 255 0 0 0 0 0 0 255
    255 84 255 255 0 0 255 85 0 0 255 113 255 157 126 0 0 130 255 255 0
    84 214 255 0 90 0 255 0 255 249 255 0 255 0 39 83 0 255 0 157 255 0
    0 0 0 255 255 40 0 255 255 208 120 7 255 255 227 158 255 0 0 0 126
    194 255 0 255 0 255 0 255 255 0 0 0 246 0 255 131 0 0 255 255 255
    255 0 156 0 255 0 255 0 235 0 0 255 0 255 0 80 255 255 251 0 255 0
    255 59 0 255 0 237 0 156 162 255 255 255 0 62 255 0 255 255 255 4
    255 129 255 255 255 255 255 255 0 255 0 174 255 255 0 0 0 255 99 0 0
    88 0 255 255 0 0 102 255 255 255 255 255 0 0 0 0 0 255 255 69 0 227
    89 197 0 255 255 97 37 255 255 0 255 0 0 8 255 0 125 255 141 255 204
    0 255 29 0 255 86 12 255 113 255 0 0 0 255 255 108 255 247 255 174
    255 0 255 0 255 255 255 0 0 0 0 255 0 255 255 0 16 94 99 0 249 128
    145 0 0 75 255 146 141 0 255 255 0 255 0 0 167 0 0 167 0 255 0 255
    235 0 255 255 255 0 0 175 0 255 11 0 0 0 0 0 0 255 255 255 0 0 255
    255 0 0 0 31 255 255 63 0 255 0 255 0 255 200 255 0 255 27 0 0 255
    107 255 255 0 0 96 53 1 255 255 0 171 0 255 0 255 0 0 228 0 255 0 0
    0 0 255 0 255 0 255 0 0 204 180 0 255 255 0 0 164 255 0 255 0 0 0 0
    255 0 0 0 255 255 255 0 0 0 0 255 0 255 255 55 0 0 55 64 255 255 0
    111 255 0 136 0 213 195 0 0 255 255 0 255 255 255 0 0 255 255 255
    153 60 0 100 255 255 255 0 255 19 77 255 237 0 0 255 255 255 255 0
    255 255 255 0 0 255 255 7 255 255 255 255 0 139 255 0 0 255 0 69 255
    255 255 110 0 0 0 255 255 255 0 0 0 255 255 255 11 46 42 255 255 0
    255 0 26 0 255 0 255 0 255 0 0 124 221 255 0 46 0 128 255 255 0 0 0
    255 255 0 255 255 0 0 0 255 161 255 255 0 0 204 183 255 255 255 0 0
    70 255 0 0 0 0 210 255 255 0 255 0 255 0 0 255 255 0 0 0 255 255 0 0
    0 0 255 67 0 0 0 0 255 255 255 0 0 0 255 209 196 0 255 0 20 0 255 0
    79 0 0 255 0 158 0 255 189 255 82 0 0 0 0 255 255 255 0 0 255 255 0
    0 35 0 255 255 7 255 46 255 255 0 0 0 255 255 0 70 255 255 0 255 0
    255 0 255 255 63 119 255 81 255 255 0 0 0 255 76 251 0 228 255 118
    253 133 255 255 119 0 255 255 68 0 0 57 0 127 133 0 0 255 255 140 0
    0 255 196 153 31 84 170 0 0 255 236 255 0 255 106 0 0 0 255 108 0
    135 255 255 0 255 0 255 255 255 189 255 0 0 0 0 255 255 255 163 117
    0 0 209 255 0 255 125 255 0 177 0 0 255 0 0 0 0 255 8 255 0 255 0
    119 107 0 255 255 255 0 0 255 0 255 0 255 0 255 50 79 0 255 0 236 0
    0 255 255 0 0 255 255 255 0 240 255 255 0 0 0 255 115 255 0 0 0 255
    255 255 0 0 255 255 255 203 227 255 255 255 0 0 0 255 255 255 0 0
    255 0 251 0 255 0 255 0 185 0 0 255 255 11 255 0 0 211 255 255 99 77
    255 223 255 255 0 180 50 255 255 255 0 0 255 255 202 0 0 0 255 255
    255 0 255 255 24 255 0 255 255 0 255 255 0 255 255 143 255 0 0 0 24
    0 126 79 0 0 255 0 255 255 0 255 0 255 0 249 37 255 77 0 0 255 0 255
    0 255 53 145 103 0 255 255 255 0 255 0 255 223 82 0 68 0 255 0 0 255
    0 255 0 0 0 65 255 0 255 0 255 255 97 255 255 255 148 87 0 0 0 255
    65 0 255 0 0 0 255 255 255 0 72 0 123 205 0 255 0 0 0 0 0 0 0 0 0
    111 0 255 255 255 255 0 255 0 255 0 255 0 255 255 255 0 0 255 255
    255 255 0 0 95 0 107 254 0 0 0 255 255 64 132 0 0 0 255 0 139 255 0
    255 0 255 0 0 132 255 59 249 0 178 242 147 0 72 33 35 255 0 0 0 0
    193 255 0 255 0 121 255 0 129 0 255 255 135 152 65 145 255 77 0 255
    255 255 54 213 255 0 0 203 255 255 14 255 0 181 77 0 255 255 0 255
    255 255 255 0 255 252 0 0 0 12 0 255 255 100 0 0 0 255 255 255 0 255
    100 68 255 255 0 8 0 255 255 144 255 0 255 255 255 0 0 0 255 0 0 255
    255 0 255 255 255 56 47 255 0 255 255 0 255 255 0 204 255 0 0 0 255
    0 255 40 50 0 0 146 255 255 255 0 255 0 255 0 46 255 255 0 53 0 155
    255 240 0 72 0 255 0 255 255 255 0 255 0 255 0 204 177 145 255 187
    255 111 255 26 186 0 74 255 255 255 0 0 0 0 0 112 255 255 0 151 255
    248 0 255 255 143 255 0 132 0 189 0 255 0 255 255 255 0 255 255 0 72
    0 0 255 255 35 112 206 255 0 0 255 0 255 0 193 146 255 255 216 180 0
    255 255 255 0 0 255 0 255 255 30 236 0 255 228 255 84 0 129 255 0 0
    96 255 99 0 0 148 0 0 0 0 0 0 255 0 255 255 203 0 0 0 0 255 255 255
    0 0 0 113 255 0 23 0 0 0 0 0 198 255 0 255 0 255 0 106 0 237 255 0
    255 0 255 0 0 255 255 117 0 0 82 255 255 121 255 172 255 255 255 0 0
    255 255 180 255 255 183 255 0 255 165 0 0 255 255 255 31 255 0 255
    216 255 0 255 0 151 0 0 241 0 255 255 255 255 0 0 123 0 246 255 107
    255 255 0 0 202 255 0 0 255 85 0 0 74 0 0 0 255 255 0 255 0 0 181
    245 255 255 0 0 255 255 0 0 200 0 0 255 255 221 0 255 0 255 24 255
    255 0 255 255 210 255 0 255 255 179 255 0 0 132 0 0 10 255 255 0 0 0
    255 255 255 0 0 255 255 0 0 0 210 0 255 255 255 199 0 0 255 255 0
    255 0 70 0 0 255 141 0 29 255 255 255 255 44 236 0 255 255 255 0 255
    0 222 0 0 0 255 0 255 255 255 0 255 0 239 0 189 174 0 255 153 255
    255 42 0 255 255 255 0 0 255 0 255 0 255 255 0 0 12 93 255 255 0 0 0
    0 255 255 0 0 227 0 0 0 255 68 255 0 255 255 61 158 0 0 0 0 0 255
    255 255 0 255 255 0 0 0 0 49 255 255 147 255 255 221 0 0 0 255 255
    255 0 240 0 255 255 92 0 255 0 255 255 0 216 0 255 0 255 0 255 0 97
    0 255 0 255 0 255 0 0 0 255 255 255 197 0 60 0 255 255 255 149 172 0
    0 255 27 0 255 0 0 0 0 255 0 255 28 0 255 0 156 255 219 255 0 255 0
    255 0 255 0 62 153 255 60 255 0 0 0 97 0 255 255 0 0 0 18 0 255 0
    122 0 0 255 255 255 255 0 206 67 255 255 255 21 0 0 255 255 255 255
    226 0 0 96 255 255 253 68 0 0 255 183 255 255 0 239 0 255 255 255 0
    0 0 0 0 0 33 0 141 255 255 255 5 0 0 255 255 255 0 0 255 255 0 29 0
    0 255 0 255 16 255 255 0 0 238 255 0 0 255 255 155 0 169 18 0 0 0
    255 255 255 137 97 255 111 255 0 142 122 0 158 0 20 255 255 204 86
    255 255 0 224 0 0 0 101 255 0 255 255 0 113 0 255 0 0 0 255 0 255
    255 182 198 0 0 0 255 255 255 0 255 0 0 255 137 0 226 0 255 0 255
    178 255 255 0 7 0 255 0 255 0 199 216 255 0 0 84 0 255 255 255 79 0
    0 118 255 255 122 243 46 255 0 255 255 0 0 0 0 0 255 0 255 0 0 255
    255 255 253 0 221 0 0 255 0 255 0 254 77 0 0 161 0 0 255 253 255 94
    0 0 0 255 255 255 255 255 255 83 250 53 255 0 0 0 0 255 0 255 197
    255 255 0 0 0 255 255 255 0 0 230 255 0 0 255 255 255 0 74 0 68 216
    255 255 0 255 225 255 0 255 0 0 0 255 255 255 0 0 0 255 255 255 0 0
    0 255 245 255 0 255 147 255 255 0 0 0 0 255 0 255 208 0 0 253 255 0
    0 255 255 236 255 0 0 0 255 255 127 0 0 0 0 103 255 255 0 0 0 169 1
    0 255 0 0 255 255 255 0 0 255 255 53 0 0 255 0 0 255 255 255 255 255
    0 227 0 0 255 255 0 255 56 255 141 94 102 255 132 255 255 0 255 2 0
    255 255 0 255 255 255 0 210 0 0 0 255 255 0 0 255 255 255 255 255
    135 255 255 144 0 255 0 255 230 0 255 255 255 0 102 0 255 255 0 255
    0 255 255 255 0 255 255 255 0 255 255 129 0 115 255 0 0 0 255 0 0
    255 0 255 0 89 255 255 0 0 0 255 255 255 0 255 0 255 0 255 0 255 184
    89 153 227 110 0 0 255 1 255 250 0 255 255 0 0 0 255 255 0 255 0 255
    0 176 255 185 0 255 255 0 0 76 0 255 255 249 0 255 255 0 255 0 0 0 0
    255 255 0 255 0 0 0 110 255 255 255 207 142 255 255 255 0 0 0 255 0
    255 0 0 255 0 255 0 255 255 255 255 255 0 0 0 0 110 0 0 0 255 105 0
    113 255 0 255 0 255 174 255 0 255 0 255 0 37 0 255 0 255 255 255 0 0
    0 103 213 255 0 255 133 138 255 255 74 255 17 0 158 0 0 0 70 255 255
    255 0 90 9 255 255 0 255 255 55 0 0 255 255 255 0 0 0 0 255 177 106
    0 0 0 255 255 65 0 153 255 0 0 0 255 0 0 169 189 255 152 0 223 110 0
    255 255 38 0 0 255 49 0 0 255 255 240 255 2 255 0 0 134 0 255 255 89
    0 255 255 255 251 121 0 0 0 255 255 182 110 148 255 255 0 255 0 197
    0 64 255 255 147 255 0 0 255 255 255 255 0 0 0 253 77 255 255 0 255
    255 255 88 52 52 0 0 255 30 254 0 255 86 255 255 53 0 0 0 0 57 255
    255 255 0 0 0 201 0 0 255 255 0 193 161 118 255 0 255 0 255 39 255
    255 255 0 91 0 255 0 0 0 255 250 91 62 255 255 25 255 0 255 59 255
    255 255 0 101 255 62 255 202 255 112 0 255 255 160 0 0 69 255 255 0
    255 255 255 16 178 255 26 255 255 194 168 0 0 255 255 70 0 0 255 255
    255 0 0 0 0 0 0 255 255 255 204 0 212 0 255 0 255 255 195 255 255 96
    0 0 0 255 255 255 255 255 0 0 255 0 255 143 0 0 255 255 0 255 0 0 0
    255 136 255 0 0 0 0 0 255 255 0 108 106 255 89 0 255 0 0 255 0 255 0
    255 0 255 0 255 0 0 0 243 255 255 255 0 0 255 255 112 255 154 255 0
    255 0 255 0 255 0 0 187 15 0 255 255 0 0 0 255 255 0 0 0 140 0 0 255
    255 249 255 255 0 0 255 0 255 134 40 0 0 83 0 255 255 255 38 255 0 0
    246 132 255 255 255 101 255 255 0 0 55 57 255 255 255 0 0 187 255
    255 216 255 255 255 255 255 255 0 255 0 255 0 161 0 255 0 255 255
    187 0 229 255 255 94 0 0 0 223 210 255 255 0 255 0 255 0 165 255 0
    148 255 255 0 0 255 255 255 255 255 186 0 207 0 119 255 69 82 255 80
    0 255 255 208 39 0 0 0 255 255 0 255 255 0 255 18 255 255 0 255 255
    255 0 13 0 51 0 255 0 255 0 0 0 255 0 70 190 255 255 255 0 0 0 255
    255 135 195 255 255 142 100 193 0 138 0 0 55 255 56 255 255 255 210
    0 255 255 255 0 0 63 172 255 0 0 46 19 59 0 66 255 253 255 255 255 0
    0 255 255 0 255 0 0 255 0 0 0 255 0 0 0 69 0 0 255 0 0 70 0 206 255
    0 234 0 173 217 0 255 0 0 0 255 255 0 0 0 0 255 0 0 255 255 255 62 0
    0 0 255 255 0 255 0 255 0 253 0 255 0 0 0 0 0 255 130 255 0 61 0 0 0
    255 79 255 255 255 0 88 191 255 0 0 255 255 255 0 122 255 49 0 0 255
    0 255 0 255 255 255 0 0 0 255 2 0 236 137 255 0 0 255 0 0 25 255 0
    255 0 91 0 255 165 77 0 0 67 0 255 255 205 0 0 0 255 0 0 0 255 0 255
    87 255 0 255 255 240 247 233 0 0 255 255 225 0 0 255 100 40 255 255
    225 255 0 0 0 255 255 31 26 0 255 0 96 0 255 255 171 255 0 255 137
    255 0 255 255 255 0 0 255 130 0 22 0 118 255 255 255 0 255 0 0 115
    255 255 255 0 255 0 255 255 0 61 48 0 255 85 255 0 255 0 140 0 255 0
    0 54 0 255 20 255 0 220 0 255 0 255 0 255 255 167 138 255 0 0 0 0
    255 255 255 255 174 255 0 0 0 238 255 255 0 2 0 255 0 255 111 52 255
    132 0 58 18 255 0 255 255 0 255 0 255 179 255 0 54 0 0 12 252 255 0
    255 0 255 0 72 0 255 0 0 0 207 255 0 255 255 251 0 2 255 255 186 255
    0 0 0 190 255 255 0 0 0 255 0 255 255 0 0 48 255 255 255 255 0 0 255
    209 0 0 0 255 0 255 0 255 136 0 255 0 0 0 255 0 0 74 0 255 126 255
    173 163 0 255 0 255 141 0 255 255 255 60 255 255 255 0 255 0 255 160
    255 0 255 126 255 35 0 255 0 0 255 255 255 0 198 0 71 1 255 0 82 0
    255 255 255 255 255 0 0 0 255 255 255 255 66 0 62 255 0 0 255 255
    209 0 255 255 0 0 0 0 0 255 255 255 0 255 0 255 255 255 111 255 254
    255 0 255 136 0 189 255 255 0 255 197 255 255 0 255 0 0 0 0 255 255
    255 136 0 255 255 0 0 41 255 0 255 77 255 0 0 255 175 103 153 0 255
    158 255 0 255 117 255 14 255 255 255 0 255 0 174 0 255 0 0 0 247 255
    255 255 255 0 0 0 0 255 50 20 255 184 255 255 255 216 0 255 0 255 0
    93 0 255 96 0 0 255 0 255 220 0 0 0 0 0 255 255 255 0 0 0 60 136 71
    0 151 0 255 215 255 255 0 0 255 208 255 0 0 255 0 255 255 255 255
    150 255 232 80 255 255 0 0 9 255 255 0 0 0 0 0 255 72 0 49 0 0 23
    254 255 0 255 0 0 213 255 255 255 30 255 0 0 0 255 255 234 0 0 0 213
    255 0 0 0 255 255 255 132 0 255 255 0 0 0 0 56 255 0 0 0 255 0 255 3
    255 255 255 0 255 0 255 214 255 0 255 255 255 176 0 255 0 255 91 0
    255 25 0 255 255 186 0 255 255 0 255 0 0 0 255 255 124 3 223 0 0 255
    0 255 255 0 0 194 255 0 255 255 255 0 109 0 0 255 0 255 65 255 0 0 0
    0 0 67 255 135 109 0 255 0 255 0 255 0 42 0 0 255 255 255 0 255 0
    255 255 255 0 85 255 163 0 255 255 255 236 0 0 0 0 0 168 255 255 255
    229 255 0 0 0 255 182 0 255 255 255 137 255 96 255 0 192 0 0 0 238
    255 234 0 255 0 255 0 0 255 0 255 0 31 0 0 255 255 255 0 255 72 255
    0 0 255 255 0 0 0 255 255 255 0 0 28 255 255 0 255 255 255 0 0 255
    255 255 0 0 255 255 255 112 0 255 0 255 0 255 255 255 0 255 0 255 0
    255 0 89 231 255 0 0 0 255 255 255 0 0 0 255 0 237 0 0 0 255 255 255
    0 0 0 255 243 255 0 255 0 255 0 255 233 255 49 0 94 31 255 13 255
    182 23 255 0 255 255 255 0 0 0 252 229 91 255 93 255 255 71 240 0
    122 255 255 255 255 255 0 0 61 255 0 0 255 109 5 0 0 136 255 255 255
    255 255 0 0 255 255 101 0 0 0 0 255 0 0 0 245 10 0 0 255 255 255 0 0
    0 28 0 0 255 255 218 0 0 0 255 128 219 255 255 77 0 0 255 255 168
    255 0 68 0 255 73 255 255 0 255 255 255 0 149 0 0 0 255 255 255 255
    0 0 185 0 255 255 255 167 0 255 255 153 0 102 0 0 255 255 0 255 79
    255 255 0 255 255 104 0 107 255 255 88 149 255 255 255 1 255 0 255 0
    255 255 255 255 0 255 0 0 122 0 0 0 255 255 0 255 141 0 0 216 0 0 0
    157 255 255 0 255 0 238 255 0 0 168 255 0 255 255 255 255 150 255
    255 255 0 167 255 128 0 255 0 7 255 226 0 0 255 255 255 213 176 255
    255 255 9 0 142 255 255 255 27 0 255 255 255 255 130 255 0 0 255 255
    144 79 0 0 255 0 208 150 129 255 255 0 0 14 67 255 0 255 255 0 255 0
    255 59 255 0 0 98 6 0 0 255 172 0 0 0 255 255 255 0 0 0 255 59 65 56
    255 0 255 0 255 0 255 255 255 0 0 255 255 255 0 0 255 255 255 0 0 0
    255 227 1 255 0 255 0 255 0 0 0 51 255 219 0 0 255 42 112 0 255 0 0
    63 0 0 255 0 255 0 0 0 32 141 0 185 0 255 0 255 255 0 0 0 151 255 15
    0 234 0 0 255 255 255 0 0 255 0 255 0 198 110 0 0 0 255 255 255 0 0
    205 12 255 126 0 128 255 153 238 0 0 255 0 255 0 67 57 255 0 0 0 255
    233 255 0 255 255 255 255 0 0 165 0 255 255 163 0 0 0 0 255 255 0 0
    255 183 20 255 160 255 0 0 0 255 255 0 255 8 255 175 0 0 255 255 0
    215 212 255 223 14 0 209 138 255 28 123 255 255 54 0 255 255 0 255
    149 255 199 0 0 255 255 0 0 255 0 52 173 0 0 255 0 255 0 0 255 0 0
    255 255 255 255 11 0 24 255 255 0 0 198 255 255 0 255 242 255 0 255
    0 0 0 79 0 250 0 255 0 255 75 123 255 215 255 0 255 213 66 255 159 0
    0 255 0 162 75 255 150 204 255 0 0 0 0 255 0 0 0 0 0 255 255 0 245
    255 255 0 208 0 255 0 0 4 0 255 0 255 142 171 0 0 0 0 255 255 0 0 15
    255 0 102 6 99 255 66 255 0 92 0 93 255 0 0 255 136 0 255 255 235
    115 255 0 255 0 0 64 124 17 0 222 154 0 0 0 255 0 44 255 233 105 0
    255 255 9 0 0 0 0 255 0 0 255 0 120 0 255 0 255 176 0 50 0 131 255 0
    0 0 255 255 255 0 0 0 205 255 255 0 0 0 255 0 0 255 255 0 0 255 255
    0 56 228 255 255 0 0 0 154 255 0 255 255 244 65 0 0 0 255 255 0 187
    255 255 255 255 0 255 0 255 0 63 0 255 0 255 0 0 255 0 0 0 0 255 0 0
    0 255 255 115 0 155 0 0 255 0 0 255 0 255 0 0 76 0 255 114 0 0 0 255
    255 255 255 0 0 0 255 0 255 0 255 68 255 232 0 115 0 77 0 0 0 0 255
    99 67 255 255 255 0 255 0 255 255 255 255 0 0 0 0 0 255 205 0 0 0
    255 255 236 255 253 26 255 0 0 0 255 255 90 84 0 255 255 0 0 50 2
    255 0 255 0 255 0 255 82 0 255 0 0 180 0 0 0 255 255 255 0 0 125 255
    255 0 26 255 52 255 0 255 0 255 128 255 0 0 255 255 255 120 255 173
    255 0 0 255 53 255 255 101 255 0 255 221 0 0 0 231 0 0 151 255 255
    255 0 127 0 232 161 0 0 31 0 0 255 255 255 255 255 124 255 255 11 38
    171 236 0 49 0 255 57 0 255 0 255 255 255 255 255 0 0 0 255 0 0 0
    243 255 0 255 255 0 0 0 0 181 56 255 0 0 72 73 255 255 0 0 0 255 248
    255 0 0 255 255 0 67 255 0 255 255 255 0 255 126 0 0 0 255 201 233 0
    255 0 255 0 0 0 101 255 255 255 0 255 0 0 0 255 0 0 0 255 255 0 255
    0 172 177 210 255 255 255 255 0 0 240 255 0 175 0 202 0 113 203 255
    224 0 0 0 0 255 0 255 0 0 255 255 255 72 0 143 0 0 255 255 234 255 0
    0 0 0 255 0 0 255 100 255 0 0 81 255 0 255 0 0 255 0 255 179 255 0 0
    0 255 0 102 0 255 255 255 0 0 0 0 0 44 0 255 0 255 0 0 0 255 255 255
    0 26 255 115 255 51 255 0 255 0 0 151 255 255 255 0 255 0 109 0 0
    255 0 255 0 255 0 255 0 209 0 255 255 0 0 255 255 255 0 255 0 255
    195 255 0 0 98 0 95 0 255 255 239 231 0 194 255 151 0 255 255 255 0
    255 255 193 0 40 0 255 25 0 0 56 255 255 136 0 255 126 74 207 0 4
    255 0 0 255 255 255 168 0 0 255 255 66 0 0 255 255 105 255 0 255 143
    0 0 0 0 0 13 0 255 0 255 149 255 0 255 255 0 0 83 255 0 163 78 0 255
    0 255 229 255 0 0 255 0 255 0 0 0 0 0 255 224 0 51 0 255 0 255 255
    255 0 255 255 108 0 0 0 255 0 255 0 255 0 0 255 255 255 0 0 0 255
    255 83 0 111 255 0 255 255 255 255 0 255 95 0 0 0 255 0 0 0 178 0 0
    255 255 8 255 228 255 0 0 127 195 0 255 255 133 228 6 255 167 0 0 0
    0 0 255 218 0 95 255 255 0 0 0 255 255 255 255 0 0 0 0 255 0 255 255
    255 0 255 119 255 0 255 255 255 255 0 255 0 158 0 255 59 255 0 0 0
    255 255 255 0 0 0 255 0 79 0 0 0 255 226 0 0 255 49 255 255 255 0 0
    0 0 0 203 255 255 255 255 0 0 0 0 255 0 98 0 170 255 255 255 0 34
    255 255 255 0 255 255 255 0 255 0 255 255 196 255 255 0 0 0 0 0 255
    255 135 255 234 0 0 255 0 255 102 0 0 0 0 0 0 255 115 0 0 255 152
    255 255 255 0 0 0 255 0 64 77 255 227 255 0 0 0 255 255 255 255 0 0
    89 255 255 255 0 0 0 255 255 0 57 255 255 0 0 255 0 0 203 255 255
    255 116 0 0 255 0 255 134 0 0 255 255 255 0 0 255 255 255 255 0 255
    0 255 0 0 255 0 0 0 255 255 255 0 255 255 255 255 0 67 252 0 0 0 255
    0 255 255 255 0 0 112 255 0 255 255 74 0 0 255 255 0 255 255 255 0 0
    0 255 255 255 0 159 0 0 255 0 0 8 0 255 255 255 255 0 0 0 255 255
    255 0 255 235 255 0 0 0 255 255 255 0 255 166 255 255 0 0 231 0 255
    0 255 0 255 0 255 0 255 0 255 0 255 0 255 0 255 124 0 0 0 150 0 0
    255 0 255 0 0 0 255 255 0 0 0 0 255 255 0 0 47 255 0 255 0 155 0 255
    255 54 0 255 0 53 9 255 0 255 181 255 255 0 152 0 255 136 230 0 0 0
    255 255 255 0 0 163 0 0 22 255 255 255 255 0 255 218 255 0 0 85 0
    255 0 255 0 158 169 0 255 0 0 138 255 255 0 0 0 255 0 255 0 0 0 255
    0 255 255 209 0 0 255 238 255 255 0 128 255 255 255 0 0 0 255 0 255
    0 255 0 255 255 0 0 223 255 0 0 0 255 255 255 255 0 255 67 255 0 0
    141 255 0 0 0 0 255 0 255 255 0 0 0 255 255 0 255 255 0 255 0 255
    255 0 0 255 0 255 0 0 0 255 255 0 255 255 255 0 0 255 255 0 0 255
    255 0 0 0 55 0 165 255 0 255 255 255 255 219 255 255 0 255 0 82 255
    0 21 41 157 255 221 206 145 0 42 255 0 0 0 0 255 0 255 0 255 0 255
    255 255 255 0 255 0 0 12 255 0 255 5 135 0 223 0 0 0 0 255 0 255 0
    255 0 0 0 0 0 255 255 0 255 0 0 101 0 0 255 59 255 18 255 214 0 54
    255 154 255 255 0 255 255 0 0 0 255 255 255 0 0 111 233 255 0 255 0
    255 0 255 174 255 10 255 0 255 0 255 255 188 0 255 0 0 0 255 255 0
    255 165 255 255 0 0 175 255 255 255 0 0 0 0 255 255 0 255 255 255
    255 0 0 40 255 255 0 0 0 17 0 255 0 255 34 255 0 0 255 255 255 78 0
    255 0 255 255 255 0 0 0 0 19 255 0 191 0 0 255 255 255 255 0 0 0 190
    234 255 0 255 217 255 0 0 0 255 114 255 28 255 0 0 255 243 255 0 0 0
    0 255 255 0 0 0 255 0 255 0 255 0 255 0 197 255 67 0 0 142 0 149 0
    255 0 0 0 255 255 0 255 155 43 0 142 255 255 0 199 0 0 255 255 255
    255 0 255 0 0 255 237 255 0 107 255 255 255 255 99 217 0 0 0 80 255
    255 255 185 100 0 255 255 0 0 255 131 0 0 0 255 255 255 255 0 0 249
    0 255 0 0 0 255 41 155 176 255 0 255 255 0 0 0 255 194 255 0 0 199 0
    0 26 255 0 255 255 255 255 90 85 255 45 134 0 255 255 255 0 189 0
    255 0 0 255 0 255 0 0 0 0 255 255 255 0 0 0 0 255 255 255 255 191
    255 255 255 0 0 79 11 255 255 0 255 255 255 0 0 0 191 255 0 255 255
    255 255 0 255 255 255 15 217 0 255 0 192 0 255 255 255 150 0 255 0
    255 255 255 0 0 255 0 255 0 243 198 0 255 255 0 0 0 255 0 118 176 0
    255 0 255 0 169 255 0 0 0 255 255 255 161 125 0 0 0 0 255 255 54 0 0
    255 255 255 164 255 255 255 0 63 0 255 255 255 243 90 0 250 0 0 255
    0 108 84 255 0 0 255 255 255 255 255 255 0 0 243 255 255 0 130 0 255
    0 0 0 255 255 0 255 105 0 255 0 255 0 0 0 255 252 66 255 255 209 0
    69 0 113 255 255 255 255 0 0 0 255 0 255 0 255 255 255 64 255 255 0
    0 255 255 255 106 0 0 0 255 255 0 0 0 0 255 0 255 0 255 0 0 0 0 255
    255 0 255 131 255 202 255 0 0 0 0 0 218 255 255 0 189 255 0 0 0 255
    0 255 180 255 0 0 255 255 0 0 255 0 29 0 71 255 255 255 255 255 255
    0 96 0 37 255 255 255 0 0 0 255 255 255 255 0 0 83 0 255 255 0 255 0
    0 0 0 255 255 255 255 255 0 0 86 255 0 255 255 169 31 0 255 0 255 0
    0 255 255 255 255 255 0 32 98 255 0 0 0 0 47 255 255 255 0 255 250
    255 0 255 255 255 255 0 255 13 255 0 146 255 0 255 136 255 0 40 0 0
    255 255 255 255 255 0 0 0 255 255 141 36 0 0 113 177 199 255 255 0
    255 0 0 255 255 13 0 0 255 255 0 0 0 179 0 0 255 255 255 0 223 255
    255 0 0 255 74 0 255 0 0 0 187 255 255 0 136 0 225 195 0 0 0 243 0
    17 35 255 0 0 0 255 255 255 0 255 0 231 255 41 0 237 255 255 11 0 0
    0 0 255 0 123 0 255 0 255 0 0 0 0 255 0 255 0 153 0 255 203 255 255
    0 255 246 0 30 0 255 0 0 255 0 255 0 255 255 32 255 0 0 0 254 0 255
    0 54 55 255 255 255 255 0 0 48 0 0 255 0 0 0 255 0 228 0 0 0 255 255
    255 255 199 0 0 255 193 72 0 0 255 134 255 60 0 0 252 0 0 32 0 189 0
    0 255 54 255 163 74 0 255 255 255 0 255 20 255 0 0 255 255 15 0 0
    255 1 0 0 0 255 0 213 0 0 0 255 0 255 0 255 0 255 0 0 255 0 0 0 255
    0 147 255 0 255 0 0 202 0 255 255 255 122 0 0 255 255 0 0 0 147 255
    0 255 0 255 0 0 255 230 255 0 0 255 255 0 0 17 0 201 0 255 255 0 0 0
    255 255 0 255 255 0 0 58 124 255 41 255 255 255 151 0 255 255 255 0
    255 0 255 0 243 131 255 250 255 255 157 0 255 0 0 255 255 255 0 0
    255 255 0 83 0 255 255 0 0 26 255 0 0 0 255 30 255 0 0 0 255 255 0 0
    0 0 22 50 18 255 0 255 0 255 255 0 0 0 169 255 255 87 0 255 255 255
    0 155 0 255 255 255 0 228 255 0 0 255 0 255 0 255 0 111 255 255 0
    120 0 255 15 255 255 134 221 0 0 73 35 0 124 0 255 255 255 255 0 255
    0 255 255 255 148 255 0 0 0 252 255 0 0 84 255 0 0 0 0 255 255 0 0
    255 255 255 138 255 142 0 255 255 46 255 255 255 255 0 0 0 255 255
    255 42 0 0 0 255 255 255 0 255 0 30 0 0 0 0 255 255 0 0 0 142 255
    255 0 0 0 255 0 0 78 255 255 0 255 255 0 0 255 0 165 0 255 0 50 0 0
    255 255 255 0 7 255 255 255 187 0 0 0 0 255 255 160 16 0 255 175 255
    220 94 0 255 5 255 255 0 255 0 255 0 255 0 0 0 0 255 224 255 0 0 0 0
    72 0 0 255 0 255 255 247 0 0 255 0 255 0 255 0 255 0 189 0 0 0 15 0
    255 129 0 0 255 0 117 255 0 0 0 255 255 0 0 0 0 255 255 255 0 235
    255 255 0 255 223 0 0 0 255 0 0 0 255 48 0 5 188 255 0 0 0 255 0 0 0
    255 0 0 0 0 101 255 0 255 255 0 195 255 255 0 220 0 255 0 0 0 0 52
    30 0 0 255 255 255 0 141 0 255 0 115 0 255 0 0 136 255 255 255 13 0
    0 23 255 0 0 139 255 255 0 255 0 164 255 0 54 0 0 0 255 255 0 0 0
    255 255 0 255 0 0 0 0 255 0 255 0 220 0 255 7 255 255 255 0 0 0 0
    248 46 255 255 0 255 0 255 255 62 0 255 0 255 255 255 255 255 255 0
    187 0 10 0 255 255 227 255 0 255 255 255 216 0 255 255 255 0 0 0 255
    0 149 255 255 169 79 0 0 255 133 255 255 42 184 255 0 161 0 255 0 0
    255 228 0 201 255 0 255 0 0 255 0 255 0 0 255 255 255 0 142 0 131
    159 255 255 255 255 255 0 0 0 0 7 116 0 255 28 255 255 0 0 0 255 0
    255 0 243 184 150 0 255 255 0 0 0 126 255 255 0 0 255 30 80 0 0 0 0
    0 255 255 255 255 0 255 255 0 46 255 255 255 0 0 255 189 255 193 255
    0 255 0 90 116 255 177 232 181 0 255 246 255 0 255 0 0 0 0 255 255
    255 255 255 0 0 0 255 255 255 0 0 240 61 255 158 0 255 255 80 0 0
    255 255 204 0 255 0 47 255 0 255 147 255 255 0 0 0 255 255 255 0 27
    255 255 0 0 246 13 0 255 255 198 0 0 255 0 255 255 0 106 0 255 0 175
    0 0 54 255 0 0 0 255 0 219 0 255 255 255 0 255 0 172 255 0 0 0 0 243
    218 255 255 115 123 0 255 0 255 0 255 255 0 0 159 8 96 255 0 0 0 255
    255 0 0 255 255 21 255 255 174 255 255 255 241 0 0 255 255 241 0 255
    0 255 255 0 255 0 196 255 59 0 0 0 255 255 255 0 0 51 255 255 164
    139 0 0 255 255 255 0 0 255 255 0 0 0 151 255 255 255 0 0 0 0 255
    255 255 255 0 255 0 225 255 255 255 0 211 0 0 255 255 0 255 0 0 0 0
    255 255 246 0 0 0 255 255 67 0 0 0 0 255 255 255 255 255 255 155 0
    181 255 110 255 7 0 0 255 255 192 255 254 157 54 214 50 255 146 255
    0 0 0 0 0 255 0 255 255 255 0 255 255 0 0 255 255 0 0 0 0 255 255
    255 225 0 255 255 255 24 0 255 255 0 0 0 0 0 255 17 190 0 65 0 255
    199 255 55 255 0 255 0 255 255 0 255 49 255 255 255 0 255 255 204
    255 0 255 0 98 218 255 0 156 177 255 255 0 0 226 142 255 164 0 255
    142 0 187 255 36 0 255 255 98 0 0 29 255 255 0 0 255 0 255 0 109 0
    255 93 255 255 0 0 0 235 0 255 0 0 255 255 0 149 255 255 255 255 0 0
    18 59 255 255 0 250 0 185 0 0 255 255 60 0 62 255 0 0 0 211 255 255
    255 253 0 255 255 255 118 255 9 255 8 255 0 135 0 80 255 113 114 255
    0 255 255 45 255 0 66 255 255 255 0 0 0 145 182 255 0 0 255 255 122
    247 255 0 0 0 255 0 255 255 255 0 0 188 255 255 255 255 183 255 78 0
    0 171 255 255 0 255 255 127 0 0 255 255 255 255 0 0 0 255 255 255
    150 0 0 255 0 0 0 255 21 93 255 214 255 0 244 255 139 255 255 0 138
    255 255 82 0 255 255 255 0 63 136 255 50 0 255 255 255 174 102 103 0
    207 255 68 50 255 255 0 0 0 0 255 255 0 255 170 255 0 26 64 0 255
    255 255 255 0 255 0 255 0 255 0 255 0 0 255 54 255 255 0 62 255 255
    0 255 255 255 222 72 0 0 0 0 21 255 255 243 255 0 255 0 255 61 255
    167 0 0 255 255 229 255 0 0 255 255 113 255 0 0 0 252 37 255 0 100 0
    255 174 255 116 255 0 255 0 255 0 255 255 255 0 0 0 0 0 141 255 178
    249 0 0 0 255 255 255 255 90 0 0 176 0 255 0 223 0 237 220 0 0 0 255
    0 5 81 255 122 0 123 129 255 0 255 0 128 154 255 255 0 0 91 215 62
    107 0 0 126 0 0 112 0 255 0 255 255 0 255 255 255 255 0 0 0 0 255
    255 255 189 0 255 255 39 0 0 0 255 255 255 13 0 255 0 255 0 255 0
    255 0 0 0 255 255 0 0 255 255 0 0 111 162 255 148 126 255 255 0 0 0
    255 49 255 0 255 0 255 0 119 255 0 0 3 0 0 0 0 0 255 218 0 0 58 255
    48 0 255 0 0 0 255 255 255 255 0 113 0 0 255 233 255 255 255 0 0 0
    29 255 255 255 0 255 248 255 0 0 0 0 255 0 255 0 232 0 0 0 255 55
    255 111 0 0 136 0 0 0 255 0 255 0 255 255 212 0 0 148 0 255 0 29 0
    205 255 255 0 120 255 255 0 0 0 255 0 255 185 255 255 0 4 255 255
    255 0 29 172 11 205 255 255 7 0 75 0 143 0 255 255 0 255 19 255 34
    206 0 0 0 255 0 255 0 214 255 255 139 0 255 0 0 135 255 192 0 0 134
    255 0 255 0 255 0 255 0 255 234 255 56 0 255 255 223 251 0 255 0 255
    143 239 255 0 0 0 226 46 255 255 255 0 0 0 255 255 255 255 0 255 0 0
    255 255 0 92 255 255 255 225 0 30 255 0 255 226 0 0 104 255 135 0 0
    0 255 255 164 0 255 255 0 255 0 174 0 239 255 11 0 0 150 255 24 0 0
    0 0 0 0 0 255 255 255 0 0 255 255 0 95 0 0 0 0 0 255 0 255 255 0 0 0
    255 255 255 14 255 255 0 0 255 94 255 0 0 0 255 255 255 0 255 0 255
    143 0 0 0 255 248 21 255 0 255 0 55 230 255 255 255 9 0 255 0 0 0
    252 0 50 0 0 255 104 255 255 0 0 0 84 1 255 0 0 0 0 0 0 0 155 0 255
    255 255 0 71 0 31 3 255 0 255 0 255 0 255 255 0 37 153 0 255 0 0 255
    0 255 0 101 0 255 0 0 255 255 255 185 0 0 0 255 0 255 255 255 255
    255 255 0 57 0 3 103 255 255 255 255 0 255 58 68 0 255 255 255 230 0
    0 0 0 255 173 255 0 0 134 255 0 255 0 255 255 255 255 84 255 255 0 0
    0 255 255 255 0 3 0 255 0 252 0 255 0 0 43 255 0 0 74 255 0 0 0 0
    114 255 31 113 0 255 0 0 255 0 255 255 0 0 115 255 0 255 255 255 0
    255 255 0 103 255 247 255 255 255 255 0 0 0 255 0 255 0 0 0 255 237
    0 0 0 0 255 255 255 255 0 0 0 0 0 255 168 52 43 0 0 82 148 255 255 0
    89 0 0 255 255 255 255 255 0 255 160 255 0 0 255 255 0 70 0 0 255
    255 0 0 0 255 0 0 255 2 255 255 255 255 233 0 0 0 255 255 255 255
    161 0 237 68 0 0 0 255 255 255 0 0 255 0 0 167 0 255 0 255 255 173 0
    255 0 255 0 241 255 0 255 0 0 255 0 0 0 145 255 0 0 0 255 0 255 0
    255 255 0 0 255 255 255 0 0 255 255 255 0 212 255 255 0 255 162 255
    0 255 255 85 0 0 255 6 255 255 255 255 137 0 255 0 0 255 255 0 255
    255 255 0 0 255 0 255 255 0 0 255 255 255 255 0 0 199 255 255 0 255
    0 255 0 255 0 102 0 0 0 255 255 255 0 0 0 0 90 255 140 0 0 0 255 255
    255 0 0 214 255 0 213 0 255 0 0 255 0 255 0 255 255 92 0 255 255 28
    0 133 255 0 0 127 0 255 255 0 2 1 135 0 249 255 255 3 0 71 255 44 0
    0 0 255 255 255 24 255 0 255 0 236 0 255 3 0 255 255 255 0 172 0 255
    255 255 255 255 255 255 0 255 78 0 255 0 255 26 0 0 0 255 255 223
    176 255 0 255 0 144 255 255 0 0 0 0 0 255 0 0 20 255 255 177 255 255
    255 255 255 255 255 0 255 0 255 0 255 24 93 14 0 0 151 171 255 0 0
    74 212 0 166 0 0 126 0 91 0 255 0 196 255 0 0 103 109 255 0 255 195
    0 255 0 255 255 255 255 0 205 255 0 255 0 255 0 255 255 0 15 0 255
    255 255 227 0 255 0 255 0 0 255 255 0 255 222 255 255 255 255 0 0
    226 0 255 86 141 0 33 0 76 0 255 117 0 0 255 255 0 255 0 255 147 255
    0 5 255 255 255 0 102 156 0 0 255 255 0 94 176 255 0 0 217 255 255
    255 0 255 255 255 43 168 178 0 0 0 0 255 255 255 0 0 255 0 255 0 255
    255 0 0 133 255 255 189 0 95 255 255 0 0 0 255 0 255 0 255 25 255 0
    255 0 255 0 255 255 255 99 255 142 255 255 147 255 255 102 0 42 0
    255 0 255 255 0 0 255 0 0 0 255 255 255 0 0 0 91 0 182 255 255 255 0
    0 2 255 255 255 0 255 0 0 0 255 255 233 255 0 255 0 0 0 96 0 255 0
    255 255 255 255 255 0 133 0 0 0 255 0 0 0 255 255 255 0 179 0 255 0
    216 0 255 57 255 0 214 255 255 0 0 0 255 0 255 66 0 235 106 121 255
    255 0 0 255 255 255 0 255 255 255 255 255 82 0 255 255 255 255 255 0
    255 0 255 0 0 255 0 255 249 0 0 255 255 255 0 255 0 255 0 255 0 255
    255 0 255 0 255 255 158 140 0 66 255 255 0 0 255 255 160 255 0 255 0
    0 73 255 0 157 61 0 0 255 0 255 0 255 0 0 0 113 255 133 135 255 4
    255 255 0 255 0 255 0 255 255 0 0 255 255 30 0 255 255 255 21 0 0
    242 0 0 0 0 0 0 0 110 0 255 255 255 107 255 217 255 138 0 255 196 0
    255 255 255 0 255 22 255 0 172 0 0 255 255 43 255 0 107 255 255 255
    0 0 255 0 255 0 0 0 0 255 0 0 255 0 255 0 21 0 20 54 177 127 0 0 255
    255 17 255 45 255 200 255 0 39 0 255 255 0 0 38 15 0 255 57 255 255
    255 255 0 0 0 255 0 255 255 255 0 0 100 255 0 0 0 81 0 195 0 0 255 0
    1 255 255 0 0 255 0 255 183 255 124 255 133 255 0 12 153 203 255 0
    255 0 0 0 99 255 0 255 0 255 0 108 250 84 0 255 0 0 41 0 255 255 255
    255 0 0 255 178 255 0 255 24 255 254 255 0 141 0 0 255 0 255 255 0
    255 0 255 0 0 0 255 255 111 255 0 255 0 223 104 0 0 0 0 0 255 0 0 0
    255 0 255 0 255 0 255 140 255 255 0 255 255 0 255 0 255 0 0 0 255
    187 255 255 255 0 255 8 0 33 255 255 0 86 255 202 0 185 27 0 0 255
    178 181 255 0 198 0 255 0 0 0 255 0 137 255 255 255 255 0 0 0 255 13
    213 255 255 255 0 255 137 207 0 155 255 255 0 0 0 255 255 255 255
    255 255 255 0 255 124 255 0 162 13 49 255 0 0 255 255 255 0 0 255 0
    255 46 255 255 255 255 0 0 3 255 255 255 0 102 0 4 255 0 255 255 255
    0 255 0 0 65 255 255 159 255 0 0 0 255 0 0 60 255 255 0 0 255 0 255
    0 14 255 225 255 255 0 255 0 170 62 255 92 0 0 255 255 255 0 0 0 255
    0 0 76 255 58 0 255 132 255 0 124 0 255 0 158 0 255 0 145 255 124
    255 0 0 217 0 255 255 255 255 0 0 0 173 255 255 255 233 219 0 255
    255 255 255 0 195 0 0 0 255 13 255 0 0 0 255 255 0 99 0 255 0 0 0 0
    192 255 254 0 0 11 255 0 130 0 0 0 0 255 255 255 0 80 0 255 255 0 46
    0 255 0 0 0 255 0 136 0 0 255 0 255 255 0 255 0 44 134 0 0 255 200
    11 202 255 0 255 48 13 255 0 0 0 7 82 0 0 255 255 0 0 0 255 0 0 0 0
    255 255 0 0 201 0 255 0 255 0 0 0 255 0 255 0 0 0 255 0 0 0 255 0
    255 250 0 255 0 125 0 0 0 56 0 0 255 255 0 255 0 85 60 252 33 0 88 0
    207 158 0 116 212 255 245 0 0 224 255 121 251 0 199 103 255 255 102
    0 255 0 0 0 0 0 255 255 255 0 0 0 255 25 255 114 255 255 0 0 229 0
    255 0 0 238 45 255 0 255 0 241 0 0 219 0 255 0 27 0 255 0 255 0 255
    0 0 149 0 0 255 0 255 255 255 255 255 255 0 0 0 255 255 0 0 0 255
    101 255 0 255 0 255 255 0 0 255 179 0 255 0 0 13 0 92 0 255 0 255
    255 255 41 0 0 103 0 0 255 0 255 255 0 0 0 255 87 40 34 0 255 0 255
    62 0 255 0 194 255 0 0 158 255 0 0 0 255 255 0 255 0 255 0 0 0 255
    211 255 0 0 0 0 255 0 182 0 0 255 215 255 0 255 101 238 255 255 60 0
    0 0 0 255 0 255 0 26 255 192 255 0 8 255 0 255 255 255 103 0 178 0 0
    0 171 255 255 0 0 255 255 0 162 0 255 255 49 0 255 240 0 77 255 255
    0 0 0 0 255 255 0 0 42 255 255 255 0 0 0 0 23 255 255 0 255 0 112 0
    0 255 255 59 255 0 0 139 30 255 0 153 255 255 255 0 0 0 255 255 255
    255 45 149 134 0 255 165 62 211 0 0 255 255 255 0 0 247 0 162 0 255
    0 104 0 255 0 255 0 255 206 141 0 0 0 255 0 255 255 255 0 0 0 255
    255 0 0 73 255 0 143 0 255 255 0 255 147 255 172 0 75 255 255 0 0
    255 81 0 0 255 0 10 255 0 0 255 255 0 147 255 42 255 255 255 255 0
    255 255 255 255 0 0 0 255 255 255 0 255 255 255 255 0 255 159 0 255
    8 255 255 0 0 0 255 0 0 255 255 255 255 75 0 38 0 200 255 0 255 0
    255 184 255 255 0 0 0 255 0 255 255 115 255 0 0 255 255 255 0 255 91
    80 255 79 0 255 255 0 0 0 0 255 0 96 255 255 0 0 0 255 255 255 255 0
    255 0 24 0 170 255 0 0 0 0 68 0 255 255 0 192 255 255 255 0 255 0
    255 255 255 0 255 255 0 0 0 255 0 144 0 255 255 0 151 0 32 255 255
    255 0 0 14 0 131 13 255 0 255 0 227 255 255 0 0 30 0 0 255 255 0 0 0
    255 255 255 255 255 0 255 0 0 0 255 255 0 0 0 223 0 255 255 255 0 0
    0 132 0 54 255 255 224 255 0 255 78 255 156 0 185 0 255 0 0 0 255 83
    255 255 255 0 255 0 165 0 255 159 0 255 255 255 0 0 0 0 0 0 255 14
    255 0 255 0 255 255 255 227 0 0 178 255 255 0 0 0 0 255 212 255 0
    255 95 255 255 0 0 255 255 27 162 255 0 253 0 9 255 0 255 0 0 0 0
    255 113 255 246 148 255 0 0 171 255 255 0 218 0 0 100 107 255 60 255
    0 255 166 52 255 255 0 255 0 61 0 234 0 255 0 255 0 255 0 255 110
    127 0 255 81 0 223 255 255 255 0 92 146 255 68 81 137 255 222 0 0 0
    255 0 0 0 255 255 255 0 104 191 0 255 255 0 127 0 255 0 0 30 255 34
    255 151 0 0 0 0 0 255 0 255 255 255 129 0 0 0 255 255 255 255 109
    130 243 0 255 255 255 0 255 0 0 0 62 255 255 255 42 0 163 255 0 0
    255 255 0 55 60 255 0 13 0 255 0 255 1 255 255 60 0 0 255 255 255 0
    25 165 255 0 255 0 255 0 0 0 0 255 0 255 139 255 0 255 0 255 0 146
    255 0 0 0 0 255 255 0 0 255 0 40 100 219 255 255 255 0 0 0 255 255 0
    78 0 0 0 255 255 255 0 0 83 0 0 255 0 255 0 255 255 0 0 255 255 255
    108 0 255 0 255 0 68 255 255 0 255 0 0 255 24 45 0 255 255 255 166 0
    0 255 165 0 0 255 255 144 0 255 255 255 0 0 255 255 0 196 55 129 255
    0 255 0 255 170 255 0 43 138 255 0 0 255 18 255 0 255 0 255 0 0 147
    255 0 255 255 255 0 255 0 0 1 0 130 255 255 255 0 255 255 133 0 255
    0 0 0 255 255 255 172 0 246 0 255 118 255 32 255 255 111 206 255 0
    255 0 0 255 0 255 0 255 52 255 255 255 0 0 255 0 255 255 255 255 147
    255 0 222 0 0 0 0 151 255 0 255 0 0 0 255 0 0 0 255 0 70 0 0 0 255
    255 253 255 255 0 0 0 255 183 255 255 255 0 0 255 255 255 0 255 0
    255 0 255 255 255 0 0 255 255 255 238 255 0 0 0 255 0 255 0 0 255 0
    255 0 39 0 0 221 255 255 202 0 0 115 16 0 0 0 255 255 255 145 255 52
    255 0 0 0 255 255 0 255 255 179 0 149 255 255 47 0 252 0 0 0 255 255
    255 0 255 255 0 0 255 0 255 145 255 65 255 0 255 255 0 255 183 0 0 0
    230 255 0 0 0 255 255 0 142 255 255 255 0 0 220 255 0 255 255 255 0
    0 0 0 255 255 0 0 0 80 0 0 0 255 255 255 186 0 0 0 255 0 0 59 255 35
    255 0 255 0 114 0 0 234 255 255 0 100 0 255 255 0 183 233 0 0 0 255
    0 255 126 255 0 255 0 0 107 255 255 0 255 0 0 46 0 255 111 255 0 255
    0 0 0 0 0 255 255 0 255 0 0 0 255 255 255 255 151 0 255 140 100 0
    104 0 255 255 0 255 0 0 0 255 255 255 255 80 0 255 0 0 203 255 0 0
    24 255 0 0 255 255 8 255 0 255 137 255 157 255 57 255 255 0 0 0 0 40
    255 0 255 0 255 12 0 0 69 0 0 209 255 255 255 0 255 0 255 255 0 0 0
    98 255 255 0 4 0 255 231 0 255 0 0 0 255 10 0 255 255 255 255 0 0 0
    0 255 0 255 99 255 255 255 0 38 0 255 0 0 0 255 255 255 141 0 255
    255 255 255 255 0 0 0 255 255 255 0 0 255 255 255 255 0 0 0 255 0
    255 0 255 134 0 255 0 0 0 233 255 0 0 255 255 0 255 255 255 255 0
    255 255 0 255 0 255 0 168 0 0 255 236 0 234 0 255 255 255 0 255 0
    255 229 255 0 0 0 255 35 255 0 0 0 255 255 0 120 0 51 0 255 255 0 0
    0 255 255 255 0 0 0 222 0 0 32 163 0 255 188 176 0 89 255 255 0 255
    0 255 0 0 0 0 255 84 0 0 98 255 0 51 255 0 157 0 0 0 255 0 0 0 255
    255 0 0 0 255 0 255 0 174 0 156 0 255 54 227 255 14 0 33 30 255 255
    255 0 255 255 255 255 128 0 255 0 237 18 255 202 0 0 0 0 255 255 3
    33 0 118 0 67 6 255 255 0 0 255 0 255 209 255 255 255 0 181 120 84
    255 0 0 0 255 255 255 190 255 0 255 0 191 0 0 255 99 255 0 255 255
    255 0 0 0 106 122 0 0 255 255 255 255 0 0 0 255 0 91 52 255 56 82 0
    28 0 255 0 146 172 255 255 255 255 255 0 0 93 255 255 0 0 255 255
    255 0 255 0 255 119 240 120 0 255 0 255 255 0 255 0 255 0 255 255 12
    255 0 0 255 255 0 17 0 255 146 0 255 255 0 0 193 255 0 255 0 0 0 255
    255 255 0 255 255 255 150 171 0 156 0 255 255 255 0 0 0 255 255 255
    224 0 169 255 0 255 31 0 0 255 255 0 255 0 255 83 0 0 202 0 0 255
    255 255 255 0 0 0 0 0 184 74 255 255 94 0 0 67 255 0 0 0 95 131 255
    255 255 255 255 90 0 0 0 87 255 255 255 0 255 0 0 0 0 159 255 255 0
    215 182 255 255 255 0 0 0 255 0 255 255 255 128 182 147 0 253 255
    255 0 255 48 255 89 0 0 255 0 0 0 255 255 0 0 255 255 255 255 255
    255 0 18 0 255 0 255 0 0 30 255 255 0 0 0 47 255 0 255 30 0 0 0 0 0
    0 255 0 49 0 255 255 0 255 0 178 0 8 0 255 255 0 145 255 255 0 255 0
    0 198 255 255 255 239 0 0 255 255 255 236 255 0 0 0 255 255 0 0 87
    255 255 255 150 0 0 255 255 255 0 1 149 255 0 255 0 255 62 255 0 117
    71 132 255 255 255 175 70 0 0 0 0 255 0 0 0 0 255 255 85 0 255 0 255
    0 16 3 255 255 0 0 0 255 83 255 0 200 0 255 255 255 0 0 0 255 255
    255 255 255 0 255 15 28 255 88 255 0 0 255 255 0 218 255 37 169 255
    112 137 57 0 255 0 204 0 255 0 191 255 36 0 255 9 255 255 255 255
    255 0 0 0 0 0 0 0 0 255 255 40 0 0 0 0 255 255 118 0 0 255 0 0 203
    50 0 0 255 209 255 12 0 255 255 255 40 255 255 255 0 209 0 0 0 198
    255 0 0 0 255 255 135 255 0 52 0 188 115 255 0 65 0 0 166 255 213 33
    145 0 0 255 255 255 255 0 0 172 0 255 0 21 0 49 255 0 0 0 0 255 255
    0 0 110 225 255 0 255 255 0 255 18 255 255 255 35 161 0 0 0 0 255 0
    0 255 255 0 255 76 255 0 156 255 0 255 83 0 255 255 255 92 0 0 0 255
    0 0 192 255 255 255 160 255 0 255 0 0 0 255 255 81 0 250 255 255 56
    255 0 12 255 255 0 0 0 255 0 255 255 240 255 255 0 255 0 87 255 255
    212 0 0 255 255 255 0 0 255 255 255 255 221 4 0 31 69 255 0 0 0 0 0
    255 255 255 0 0 103 30 255 0 237 0 0 255 0 116 255 81 255 177 0 255
    255 255 0 255 255 42 0 255 0 0 255 33 35 0 255 0 0 255 164 255 0 88
    255 255 255 0 255 255 255 0 0 255 0 255 255 255 14 41 255 0 0 160 0
    255 0 255 255 0 0 53 255 255 255 0 0 216 255 255 0 0 234 7 255 0 0
    255 0 255 0 0 204 255 255 0 0 134 15 255 255 255 95 0 255 23 255 0
    255 255 0 0 0 255 0 0 0 255 129 219 0 255 0 38 0 0 255 255 255 0 255
    6 52 255 255 0 0 0 31 255 255 255 255 0 255 5 255 223 0 255 0 0 0
    255 255 255 0 255 255 255 0 255 0 13 0 255 0 251 0 0 255 255 255 32
    0 164 0 0 0 0 0 255 255 255 0 0 255 255 255 255 0 0 0 255 255 125
    255 220 0 0 41 255 255 0 0 0 141 194 0 225 99 255 0 255 255 255 33 0
    0 255 0 255 255 255 0 255 0 255 0 0 173 81 255 0 255 0 195 0 255 0
    171 0 255 135 255 0 255 0 255 224 179 0 78 0 255 0 255 255 90 0 69
    255 215 76 255 255 0 0 0 255 0 65 39 255 0 255 189 104 0 0 255 255
    255 32 81 0 0 134 255 255 73 255 0 0 237 255 255 0 99 255 255 255 40
    255 91 0 255 255 255 255 255 0 0 0 255 0 255 0 0 0 255 228 255 0 0
    46 0 255 0 255 0 255 143 255 0 255 0 0 0 255 208 255 255 0 0 0 255
    255 255 132 0 0 62 86 0 0 255 59 255 59 133 0 0 255 255 91 0 0 255
    255 255 0 255 0 0 0 255 127 69 173 255 0 255 255 141 0 0 0 255 255 0
    0 125 133 255 255 52 191 0 0 0 0 255 0 255 255 80 0 0 255 0 255 0
    255 97 255 0 225 111 255 103 255 0 255 255 255 0 99 96 2 0 255 255 0
    0 95 0 255 39 255 0 0 255 129 0 0 255 255 255 0 0 0 0 255 0 255 255
    0 255 0 0 255 0 255 255 255 26 0 0 0 255 255 0 255 0 99 255 109 255
    0 255 106 255 0 83 255 0 0 0 255 0 255 255 69 0 0 255 255 30 101 0
    255 255 255 0 0 0 255 255 255 0 2 255 0 0 0 0 7 255 10 255 255 0 0
    255 93 0 0 132 0 255 195 255 0 255 0 255 0 0 0 255 0 0 255 255 0 255
    0 95 0 255 48 255 255 255 0 0 0 97 40 255 0 255 4 255 0 0 255 255
    137 150 0 255 197 255 0 255 0 255 0 255 0 255 0 255 115 0 0 255 255
    255 0 5 0 255 255 255 0 255 255 255 255 0 255 0 0 0 49 0 255 0 255
    255 255 60 0 255 84 0 10 255 255 71 21 227 255 13 0 0 255 27 255 255
    255 23 255 255 0 255 234 0 0 255 255 255 242 0 156 255 255 0 0 255
    255 0 0 255 0 0 0 255 0 255 255 55 255 255 204 0 0 255 66 255 255
    255 0 255 121 255 0 0 0 255 255 0 0 255 255 255 0 120 96 255 0 0 0 0
    255 255 0 85 0 255 255 94 216 255 231 0 255 0 255 255 255 0 9 0 255
    0 255 255 0 0 251 255 0 0 255 0 255 0 255 255 255 0 0 255 122 0 0
    255 255 255 255 0 0 255 0 255 39 0 0 205 255 0 149 0 0 0 255 255 0 0
    74 255 0 0 255 38 255 0 255 0 26 0 255 19 127 255 255 255 84 0 214 0
    255 0 0 255 167 0 219 0 255 63 188 112 43 255 202 255 0 0 255 0 255
    255 0 0 255 0 116 0 255 216 0 0 0 0 255 0 0 4 255 222 0 255 0 11 191
    198 0 255 0 0 255 0 255 0 255 140 255 45 0 0 234 0 255 252 0 0 0 0
    90 255 37 255 0 255 124 0 0 119 255 255 255 255 99 0 0 255 0 0 0 154
    255 0 0 0 255 255 0 147 255 69 0 0 0 255 255 255 255 0 255 0 255 0 0
    255 255 0 0 0 255 255 0 0 255 0 0 0 255 0 255 28 255 89 255 255 255
    255 0 255 0 255 0 0 0 28 133 255 255 255 0 0 0 0 255 0 255 255 120 0
    0 217 0 255 255 0 255 255 0 161 213 0 247 159 8 0 0 255 15 255 65 0
    0 60 255 149 0 0 255 86 218 255 255 85 0 255 255 128 0 255 0 2 255
    255 0 255 240 0 0 255 255 0 255 38 255 34 0 0 109 80 255 255 0 0 255
    0 29 29 255 172 255 0 255 192 191 255 0 105 0 130 0 255 0 0 0 255
    255 217 0 0 255 64 0 255 0 69 255 0 0 255 255 255 0 0 255 0 61 20
    211 120 0 0 0 255 255 255 0 0 0 255 255 174 0 50 0 245 0 33 255 0
    137 0 255 255 0 0 255 185 255 255 0 0 0 255 255 23 0 0 255 255 255 0
    255 0 255 97 255 0 255 255 207 255 166 0 0 0 59 0 0 62 255 0 236 255
    255 255 198 255 0 219 0 0 255 74 255 255 255 255 115 0 255 0 1 255 0
    255 72 255 38 255 255 0 96 197 0 0 0 255 0 87 0 0 255 238 0 95 118
    255 0 0 238 255 0 54 255 235 255 0 255 0 0 0 38 255 140 64 255 0 0 0
    112 255 0 0 255 255 0 255 214 0 0 255 107 172 0 0 0 255 255 176 0
    255 0 0 0 0 187 0 255 255 255 0 255 85 255 0 255 0 0 209 255 0 255 0
    255 84 45 255 255 255 0 89 0 255 255 255 38 0 0 115 255 152 0 22 0
    181 255 255 255 53 0 255 0 255 0 255 0 0 0 255 255 0 0 255 255 255 0
    115 0 255 255 0 82 255 0 185 0 255 255 255 255 0 255 255 255 255 183
    255 0 255 255 255 255 255 0 0 0 0 0 255 0 255 0 119 255 0 0 0 255 0
    255 0 255 208 116 0 255 0 0 0 255 56 0 0 255 255 255 41 0 0 16 0 255
    0 0 0 255 0 0 0 255 144 255 0 50 122 255 0 255 0 0 39 255 255 255
    228 251 0 0 0 0 255 58 0 73 0 255 0 0 255 255 255 255 0 255 255 0 0
    0 0 255 255 255 0 0 0 255 255 255 0 0 2 255 255 0 118 0 255 255 0
    158 0 255 255 0 0 255 255 0 0 255 255 0 0 0 255 214 0 255 255 255 0
    0 123 255 255 255 0 0 0 255 0 255 255 255 0 0 0 255 0 140 0 105 0
    255 0 19 0 255 120 0 166 0 0 138 255 255 0 255 255 255 94 255 0 255
    95 158 0 0 251 0 0 0 0 68 83 0 0 0 45 255 174 0 0 0 0 255 0 0 0 0
    255 0 59 0 154 255 0 0 0 255 65 255 0 0 0 0 0 0 255 255 255 255 0 0
    71 201 255 0 255 255 255 118 44 255 120 85 2 0 255 255 255 8 255 255
    0 255 255 255 0 0 0 0 0 0 255 255 255 0 0 0 255 255 1 255 255 164
    255 0 0 255 255 255 0 0 255 255 255 255 211 189 0 255 255 0 255 0
    255 0 255 0 157 85 0 170 255 255 0 0 30 0 0 255 255 0 0 249 255 255
    255 0 0 255 0 136 255 255 0 0 20 255 255 255 0 255 0 255 255 164 223
    97 0 255 0 255 255 0 255 0 255 0 228 0 0 136 98 255 0 255 255 255
    225 0 255 0 0 0 255 255 255 255 0 0 0 0 61 255 255 0 215 0 255 255 0
    133 255 255 0 114 0 255 255 0 0 0 255 255 206 255 0 0 0 8 255 255 0
    0 0 255 255 255 255 0 0 0 141 37 255 0 0 255 255 255 0 0 0 29 39 18
    255 0 157 120 255 0 62 255 217 145 255 255 255 52 0 255 255 0 255
    250 255 0 0 255 0 255 255 0 219 94 236 0 255 0 138 0 221 0 55 255
    237 0 0 255 255 180 255 0 0 183 0 255 255 255 0 255 0 255 0 197 0
    255 255 0 0 255 0 0 255 214 255 161 0 144 0 255 153 255 0 255 69 255
    255 152 0 0 255 255 0 0 65 255 0 0 125 0 255 255 0 0 0 208 255 87
    255 255 75 255 0 0 39 52 255 219 255 255 255 0 0 0 0 255 0 255 0 0 0
    255 255 201 0 0 255 240 0 0 255 255 6 255 103 0 0 0 91 0 0 255 0 0
    200 255 140 0 0 255 255 0 160 48 0 255 255 0 173 255 255 102 0 147
    255 0 19 0 219 255 0 255 0 255 0 255 150 255 0 255 0 0 151 0 255 0
    255 255 249 0 132 0 0 129 206 255 158 255 146 189 255 255 146 0 255
    255 255 255 255 0 0 163 255 255 0 255 0 236 0 143 255 255 255 255
    255 154 255 0 0 232 255 255 255 255 120 0 189 0 223 255 0 0 0 255
    255 255 255 0 255 255 0 183 0 255 0 255 0 255 0 213 168 87 255 0 255
    255 71 0 255 0 255 0 255 0 255 255 255 0 97 255 255 255 0 0 255 255
    168 255 0 0 255 0 255 255 255 0 0 255 118 255 0 45 221 194 202 199 0
    0 0 255 255 0 255 255 255 255 0 94 0 255 0 0 0 22 0 0 0 255 168 122
    0 0 0 0 0 0 0 255 0 0 0 255 0 227 0 0 249 249 170 255 255 255 22 89
    0 0 0 0 255 255 255 0 123 0 105 0 0 255 0 0 193 255 255 0 255 0 255
    0 181 0 255 255 255 255 255 5 0 255 255 255 4 0 0 255 209 255 255
    255 0 0 255 0 255 15 255 0 0 0 0 0 255 100 255 0 0 255 255 0 177 0
    43 0 198 0 0 0 255 255 0 0 0 255 255 255 0 85 0 255 200 188 0 121
    215 255 255 0 255 0 255 255 0 0 212 210 186 0 246 255 255 0 0 255
    255 53 0 0 255 0 255 0 255 0 255 0 185 169 54 0 0 0 255 255 255 57 0
    0 0 255 255 0 237 0 255 255 45 0 255 255 255 255 0 0 121 255 255 255
    255 0 0 0 255 0 239 34 255 0 86 255 0 255 0 255 0 255 0 255 0 255
    255 44 49 0 255 255 0 255 239 255 255 107 0 41 255 0 130 255 255 0 0
    0 0 255 0 0 0 255 255 0 0 73 255 255 50 255 255 255 255 237 66 255 0
    255 0 255 197 255 255 204 0 0 35 255 0 255 0 0 0 0 255 0 255 0 255
    195 255 255 255 255 255 255 153 255 33 255 255 202 255 0 0 0 0 0 255
    0 172 138 255 255 0 0 0 0 255 255 255 0 172 255 0 186 54 255 0 162
    49 0 255 0 255 0 255 255 132 149 255 88 52 255 255 255 0 0 0 255 226
    0 177 0 227 0 255 255 255 61 255 125 0 0 255 0 255 255 255 255 0 200
    255 0 0 255 0 255 255 255 255 0 0 198 255 255 255 0 0 216 255 0 0
    255 255 255 0 0 255 255 30 237 84 0 255 39 255 0 0 0 255 255 21 255
    0 207 255 255 153 0 0 0 255 255 255 0 0 0 255 255 255 185 42 125 215
    120 70 0 255 255 0 68 255 115 255 255 0 255 255 198 0 220 0 0 108
    255 255 0 255 0 0 5 93 71 0 255 0 255 0 255 0 31 43 16 50 255 0 147
    188 255 0 149 255 255 0 255 254 176 255 168 255 0 255 255 0 255 255
    241 212 58 255 255 0 0 254 255 255 0 0 255 255 255 0 0 0 255 0 255
    103 255 255 255 255 0 0 0 255 255 218 230 255 0 179 213 255 255 0
    255 255 0 0 0 255 255 255 255 0 255 241 1 0 255 0 0 0 0 0 0 124 0 0
    0 64 0 255 255 224 0 0 255 255 244 255 0 255 59 255 0 255 255 255 0
    255 255 255 155 0 255 57 134 0 255 255 0 0 101 255 0 167 11 255 255
    114 255 243 255 0 255 0 255 11 0 255 0 0 255 255 255 0 0 0 255 0 0 0
    255 200 255 0 255 235 255 223 0 255 122 255 0 0 255 255 0 0 255 0
    255 0 0 78 255 0 255 0 255 255 255 255 0 0 0 255 255 0 255 255 0 0
    255 0 255 0 0 0 255 255 255 0 255 255 255 0 0 0 255 255 255 0 0 205
    255 60 255 255 255 0 255 0 0 219 0 255 0 255 0 255 0 0 105 0 255 0
    255 217 255 255 0 0 0 255 255 255 255 83 145 0 255 0 0 0 0 255 255 0
    255 0 255 44 255 145 255 49 255 0 0 0 255 0 255 255 255 0 0 0 255
    117 163 0 0 170 255 114 0 0 198 255 211 255 109 0 0 255 75 255 0 255
    66 0 0 89 255 227 255 4 255 255 255 0 0 255 255 0 255 131 255 0 255
    62 0 0 0 255 0 255 0 255 0 255 0 255 0 219 255 74 255 28 0 0 0 0 255
    255 255 0 0 13 255 0 0 255 0 255 0 210 0 255 93 19 255 0 255 0 0 161
    255 89 0 255 0 255 0 220 255 255 0 0 0 255 0 255 0 255 0 255 0 10
    255 0 0 179 30 0 232 67 255 215 231 0 255 255 0 0 0 0 255 255 255
    255 255 70 97 0 255 255 0 255 0 255 0 255 0 255 0 0 61 0 255 0 16 0
    255 255 255 0 0 255 0 255 0 71 255 255 0 202 91 255 255 0 255 0 255
    0 255 0 81 19 0 255 0 255 0 255 0 255 255 255 255 0 0 0 38 255 255 0
    0 0 0 255 118 115 203 0 88 255 255 255 0 0 0 255 94 255 0 255 227
    255 115 0 0 0 78 255 255 255 0 0 0 255 255 255 0 0 0 0 255 53 0 255
    0 255 255 160 0 122 0 255 255 143 175 255 0 0 255 243 173 0 71 6 246
    255 0 0 255 255 0 255 171 255 0 255 216 0 255 0 0 0 184 0 0 0 0 0 0
    66 0 255 255 255 0 10 255 255 255 87 207 0 255 0 255 42 76 0 0 162 0
    0 0 0 255 0 255 219 0 0 255 255 0 0 255 255 84 182 0 0 255 0 148 255
    0 255 255 255 0 8 0 0 0 255 179 0 0 0 209 0 17 255 255 255 0 0 0 195
    0 0 0 124 255 255 0 0 0 255 0 255 255 0 0 0 0 0 0 255 0 31 0 0 0 25
    0 255 255 0 0 255 0 21 0 0 255 112 255 91 222 0 255 27 255 0 0 255
    255 255 0 0 0 0 246 0 255 255 0 255 255 254 32 0 0 0 255 0 59 0 65
    212 255 255 0 35 0 255 255 255 0 255 0 255 0 0 0 255 255 0 255 255 0
    48 122 0 0 0 224 82 255 0 255 167 255 255 0 255 255 156 0 0 255 0
    152 0 255 255 121 0 204 255 0 255 255 255 255 81 0 0 0 255 255 255
    255 0 0 255 0 255 0 82 0 255 255 0 62 0 255 0 0 0 0 182 255 255 255
    0 56 222 255 255 0 168 0 255 255 18 172 0 0 255 0 255 0 255 0 183 0
    0 0 255 255 255 0 255 255 255 81 0 2 75 0 255 0 0 0 255 0 0 255 0 0
    255 0 104 0 0 0 255 255 0 255 255 255 12 0 255 255 255 255 0 0 0 0
    255 255 0 223 228 255 255 0 255 0 210 0 22 255 255 255 255 0 255 0
    138 0 255 0 0 0 255 255 255 0 0 0 255 0 255 0 146 255 255 0 255 255
    255 255 0 255 255 0 0 0 255 207 255 255 0 255 0 242 0 0 0 0 255 0
    255 255 255 224 0 32 0 0 51 194 58 0 174 167 255 0 0 0 228 115 255 0
    255 218 38 133 215 255 0 232 0 0 164 255 140 0 0 0 0 255 122 255 197
    138 0 0 0 157 153 0 255 255 255 0 255 255 37 0 0 0 0 203 0 0 134 255
    255 139 255 54 0 0 0 233 255 198 255 206 255 0 0 166 0 255 138 0 0
    191 29 0 255 255 255 0 0 255 255 0 24 0 255 0 0 255 0 255 0 0 149
    255 0 255 17 0 255 135 255 0 255 0 0 0 196 255 255 0 255 190 255 255
    255 0 50 0 255 255 251 255 0 255 73 255 255 255 255 255 0 0 255 123
    255 0 97 0 80 255 255 0 255 0 0 0 255 255 0 89 0 255 0 255 255 255 0
    0 0 255 146 255 37 0 0 0 255 255 255 0 255 31 194 0 255 255 0 0 0 0
    182 16 124 255 255 0 0 0 255 255 255 255 0 37 70 255 0 0 0 255 0 255
    255 0 0 0 255 255 68 0 0 255 0 255 0 255 0 0 0 0 255 0 255 255 0 0 0
    255 55 234 0 255 0 255 104 255 0 255 255 255 175 0 0 0 0 0 255 255
    255 181 190 255 0 0 0 77 255 8 108 0 255 13 255 0 0 255 0 254 251
    255 255 0 0 0 255 2 255 40 255 0 0 0 255 0 255 118 0 255 175 255 0 0
    255 255 0 0 0 15 49 255 0 0 255 0 0 0 255 255 255 255 255 180 0 0 0
    255 255 255 255 35 0 0 195 42 255 255 0 255 0 255 255 255 0 255 33 0
    0 255 255 255 0 40 0 255 85 0 0 255 93 255 0 0 0 0 242 255 0 255 0
    255 60 255 0 144 255 255 0 144 255 10 0 255 255 0 0 255 96 255 0 19
    255 255 255 0 0 255 255 204 255 0 255 0 255 0 255 0 255 215 255 0
    255 0 155 93 255 255 255 0 255 0 255 0 148 255 68 137 0 255 255 255
    255 0 0 49 255 255 255 0 96 255 0 120 0 255 0 79 0 255 255 255 0 76
    0 80 255 255 128 96 0 255 255 0 255 138 25 0 255 255 255 0 5 0 255
    72 255 255 0 255 0 255 126 255 0 0 168 255 255 255 171 255 255 0 0 0
    0 255 255 255 1 255 0 0 255 255 0 0 0 255 255 0 167 0 0 0 255 255
    255 0 0 0 0 11 208 0 28 0 0 0 255 0 0 58 255 0 0 0 255 255 255 0 255
    255 0 0 255 255 0 92 255 255 255 0 255 178 0 255 255 255 255 0 0 0
    255 177 0 255 0 255 0 202 197 139 0 255 145 0 55 0 82 255 255 96 255
    255 0 62 0 255 136 255 255 201 81 255 255 53 255 0 255 0 0 255 255 0
    91 0 21 0 255 255 255 255 0 255 255 200 0 255 234 255 255 0 0 111 42
    255 255 86 0 121 255 0 255 0 51 255 255 255 199 0 255 15 255 0 102 0
    0 255 38 255 255 0 0 76 255 0 255 0 0 0 255 0 255 0 131 255 255 0
    255 255 0 255 255 0 0 199 235 255 255 21 0 0 255 0 148 0 255 0 85 0
    0 0 0 137 255 255 241 255 255 0 255 65 255 242 0 108 0 47 255 255 0
    255 255 135 0 0 0 255 255 255 255 0 255 0 213 236 255 255 0 101 0 0
    0 255 0 255 0 0 0 255 0 0 226 255 35 94 0 255 255 255 0 0 255 0 206
    10 255 255 255 0 53 255 255 255 255 0 0 0 255 216 153 49 255 255 0
    235 0 255 255 255 0 248 0 214 0 0 255 255 255 144 255 66 6 255 255 0
    0 0 255 255 255 0 255 0 253 255 255 165 255 0 255 255 255 0 0 255 51
    255 255 220 0 255 0 0 0 255 0 255 255 255 255 0 193 255 255 255 0 0
    0 131 255 255 251 0 37 90 235 255 0 0 0 197 255 0 97 255 255 255 255
    255 0 255 0 181 34 76 255 0 238 0 0 0 190 146 255 255 0 255 255 0 0
    255 255 235 255 0 0 0 255 0 255 0 57 255 101 0 0 255 2 255 255 0 0
    188 0 0 0 0 72 255 124 0 7 255 0 0 0 255 255 255 0 226 255 0 17 255
    0 255 0 55 193 255 255 0 0 0 255 255 173 0 255 131 126 0 0 255 0 0
    255 21 0 0 255 255 255 0 255 255 148 0 255 0 0 255 246 212 0 0 0 255
    0 255 0 42 131 255 105 255 255 255 0 255 255 255 0 0 62 87 255 0 255
    0 255 0 116 54 255 255 0 0 23 201 255 0 255 73 220 255 208 0 255 0
    255 0 0 148 89 189 255 0 255 0 255 255 9 255 8 72 230 0 172 255 255
    112 0 255 255 255 0 0 0 0 255 0 255 255 0 0 0 255 0 255 255 255 255
    0 0 255 0 255 146 255 247 0 37 0 0 0 255 255 85 0 255 255 255 0 0
    255 0 255 0 0 0 255 255 0 255 255 255 255 255 255 255 0 0 0 0 255 0
    0 0 104 46 255 171 255 162 0 0 0 156 255 120 0 255 0 0 0 255 59 255
    255 255 109 152 0 255 255 255 255 255 3 255 0 255 0 127 0 161 255 0
    255 0 255 109 255 0 0 255 0 143 255 255 215 235 0 255 255 124 0 107
    255 255 86 0 255 0 255 255 255 0 0 255 255 255 0 0 198 0 255 0 0 0
    255 255 225 0 0 0 182 255 0 255 255 255 255 255 255 0 0 0 255 0 0 0
    255 0 255 142 47 0 0 0 80 0 0 0 46 0 0 249 255 49 0 0 0 0 0 0 255
    255 0 0 0 255 0 255 197 0 182 255 46 231 230 255 89 255 0 255 0 255
    255 255 255 0 151 255 255 0 255 0 255 255 255 0 92 106 255 255 0 0
    22 255 255 221 0 216 255 172 0 0 92 0 0 0 255 255 0 255 3 255 158
    255 0 255 182 0 107 255 211 0 0 255 0 255 255 48 181 0 255 0 182 0 0
    0 0 255 0 255 0 0 0 0 0 255 255 255 255 0 0 0 255 255 0 255 152 21 0
    0 149 255 0 0 255 255 0 0 224 0 255 74 0 255 255 255 0 20 0 0 255
    255 255 41 255 0 38 0 170 255 0 255 255 136 59 0 255 0 255 11 0 255
    255 255 0 0 0 255 0 0 108 255 255 255 255 255 97 163 0 0 255 255 0
    255 210 255 0 0 255 255 255 0 255 0 255 0 255 0 23 0 255 255 248 69
    255 0 255 255 255 0 0 0 0 0 147 255 255 0 0 255 0 255 39 255 0 0 255
    0 0 255 255 255 255 0 255 255 255 0 0 255 255 4 0 255 255 255 0 0 0
    62 255 255 0 0 0 255 255 0 255 0 164 0 0 255 225 255 255 255 0 0 0
    255 205 114 83 0 0 255 255 245 255 255 0 255 255 0 233 214 0 255 155
    255 0 38 0 255 0 0 255 255 215 198 0 0 255 255 255 255 255 0 77 255
    0 211 0 255 0 255 0 255 227 255 0 0 0 255 243 0 255 0 255 0 255 0
    190 0 255 255 255 255 0 255 255 0 0 255 31 0 255 87 0 0 47 253 0 0
    255 0 80 110 0 190 255 255 4 255 0 0 0 255 255 255 255 255 255 255 0
    0 226 0 255 102 191 0 36 0 0 255 0 0 168 255 255 255 47 255 0 255
    255 255 0 0 255 255 133 0 0 0 0 255 255 159 255 255 255 255 255 255
    168 255 0 255 255 31 0 0 255 0 255 154 0 0 199 89 0 139 255 255 255
    0 255 0 255 255 255 44 0 255 0 0 0 255 0 255 147 255 255 255 0 0 255
    0 0 255 0 255 0 131 255 0 0 56 255 77 0 255 255 255 255 255 55 0 0
    255 0 144 255 227 255 0 255 255 161 0 0 255 255 0 255 0 255 0 0 0
    255 95 0 0 255 255 255 255 0 255 0 255 255 255 0 0 0 255 255 255 0 0
    0 255 0 255 255 255 255 255 0 0 74 0 0 255 0 46 255 255 81 0 0 0 57
    98 129 144 0 0 0 0 159 0 109 255 255 255 0 0 0 255 165 255 255 255 0
    0 0 13 129 0 255 70 0 155 0 255 0 0 255 0 0 255 0 255 255 255 234 0
    0 255 237 0 189 255 255 0 6 0 231 2 0 0 0 255 255 0 255 0 255 0 255
    177 164 206 0 221 0 255 191 0 0 255 0 157 255 255 0 0 120 187 0 132
    0 224 0 186 76 98 0 255 255 255 255 255 0 0 0 32 255 255 255 218 0
    255 0 0 0 0 0 71 0 255 255 34 0 0 255 0 109 0 0 0 240 0 255 0 255 0
    255 223 255 0 0 243 0 255 0 76 0 255 224 255 0 19 34 0 255 255 255 0
    0 255 255 255 0 255 0 0 3 0 0 255 255 42 0 255 0 0 0 0 255 37 255 0
    39 0 100 0 0 255 255 226 0 0 255 0 0 255 0 0 0 255 255 0 122 39 255
    255 0 0 0 187 174 255 0 255 0 255 0 255 184 41 255 255 255 255 0 146
    0 125 255 255 0 0 0 255 60 0 0 0 255 255 0 0 255 0 189 0 255 255 255
    205 255 0 218 0 255 255 0 0 0 255 0 255 0 0 0 255 255 0 0 0 206 0
    255 67 255 0 48 0 0 0 255 255 106 255 255 0 255 255 210 0 255 0 255
    19 255 0 255 255 59 0 255 255 255 0 233 255 95 81 0 255 255 255 255
    255 0 255 0 255 120 0 0 0 255 255 255 0 0 0 0 255 255 0 0 255 0 228
    255 255 0 0 255 255 255 255 0 0 0 255 0 115 0 229 0 0 98 255 255 255
    255 0 169 255 255 255 0 254 255 239 0 0 255 255 255 159 0 0 255 255
    236 231 160 0 255 0 180 0 255 0 255 167 0 255 255 0 255 255 0 48 255
    255 255 0 255 0 0 0 0 255 255 255 0 0 91 255 235 0 0 0 255 179 0 255
    0 0 0 33 255 0 255 255 255 93 91 127 62 255 255 255 0 0 255 255 0 0
    41 255 255 255 0 0 61 0 157 255 255 0 225 255 255 145 255 0 255 0 0
    0 255 255 123 0 0 255 143 205 255 0 44 0 0 15 255 255 255 119 77 0
    255 0 255 0 255 255 0 0 0 255 238 53 0 255 0 130 255 0 0 168 255 255
    108 0 215 0 255 0 0 0 0 255 0 255 47 0 255 255 255 0 0 0 255 255 91
    255 0 0 255 0 0 0 0 93 100 255 93 255 0 0 0 255 255 255 0 236 0 212
    205 255 255 0 0 0 0 85 0 255 255 255 0 0 0 33 255 0 255 0 255 255 0
    0 0 0 255 255 0 139 206 255 255 233 255 0 0 0 255 255 0 0 13 255 92
    0 0 255 255 255 0 255 176 0 0 0 0 86 0 0 255 0 255 221 0 0 255 255
    255 232 0 0 255 254 0 0 255 255 0 0 0 209 0 255 255 160 255 0 0 0 0
    0 255 233 48 82 0 255 0 163 255 66 28 0 222 255 12 0 233 0 255 0 0 0
    0 255 255 255 234 255 0 55 0 0 255 135 64 228 0 255 255 255 218 0 0
    139 255 0 18 0 255 0 255 0 255 255 255 0 0 0 255 0 255 0 255 0 0 255
    255 255 0 0 0 169 255 255 255 255 255 114 255 0 0 255 0 0 27 255 255
    0 255 0 0 0 255 202 31 255 0 255 255 255 255 0 50 177 0 0 255 255
    255 0 69 40 255 0 255 0 255 255 86 0 0 0 255 0 0 255 255 255 89 231
    255 255 255 0 0 99 255 255 0 0 0 0 143 255 178 255 2 255 0 255 255 0
    255 36 211 0 0 255 0 135 0 255 255 0 0 55 255 255 103 255 0 255 0
    255 0 167 145 255 67 255 4 255 0 0 0 255 0 97 255 0 0 0 202 255 255
    0 0 19 255 255 19 79 0 129 3 0 255 16 143 0 186 255 255 0 0 255 151
    239 255 57 0 210 0 0 0 0 141 50 255 0 255 28 255 0 73 255 255 24 0 0
    78 255 0 253 0 255 0 255 0 255 255 169 255 255 0 0 255 255 0 0 0 255
    255 0 0 221 255 255 255 0 255 255 6 0 0 0 0 0 0 0 255 0 255 4 255 0
    255 0 0 0 0 239 255 255 255 0 55 81 66 255 86 255 232 0 255 255 0
    255 71 255 0 255 0 255 0 221 14 255 255 255 0 0 85 255 0 255 255 0
    79 255 255 0 255 0 255 235 255 0 255 0 255 67 0 0 255 255 208 0 198
    255 142 0 0 255 255 0 255 0 255 255 0 0 255 255 0 255 157 255 0 39 0
    255 0 255 140 255 0 100 0 255 255 255 0 0 255 255 186 255 0 98 0 167
    255 255 255 0 255 40 255 255 255 255 0 0 255 255 0 255 0 74 0 0 208
    255 255 0 0 0 0 0 58 255 242 255 0 255 0 0 0 0 255 255 0 255 0 0 0
    86 255 255 255 166 0 184 0 0 255 0 63 255 0 255 255 255 255 0 220
    203 0 197 0 255 0 0 255 0 255 0 255 0 0 0 0 255 255 205 202 0 255 0
    255 255 255 0 233 0 255 0 0 255 255 255 255 0 136 193 0 255 0 194
    255 0 0 189 0 0 0 0 255 0 0 0 227 1 0 33 255 255 255 0 255 191 0 0
    19 255 255 255 0 0 0 0 255 255 255 255 255 0 255 255 0 0 0 0 0 0 255
    255 123 255 0 255 0 255 151 255 0 0 214 0 0 0 0 255 255 255 255 255
    0 0 0 200 21 255 0 0 0 255 255 255 255 0 0 255 157 255 0 246 0 255
    255 255 0 71 0 0 255 0 0 215 255 0 0 167 255 255 0 255 0 205 0 255 0
    0 167 255 255 0 0 0 255 0 255 0 0 89 0 0 0 255 255 0 255 255 0 0 255
    255 84 0 255 255 255 0 255 0 255 0 255 0 0 0 255 0 71 0 0 255 70 255
    0 255 61 255 120 255 156 255 6 255 255 81 99 255 0 255 255 0 0 255 0
    255 255 255 255 58 153 255 255 255 255 100 254 0 71 255 224 34 0 255
    0 255 0 0 0 0 255 0 243 0 255 0 255 180 0 255 255 255 0 73 0 255 255
    0 0 78 255 255 255 0 12 255 255 255 255 0 0 0 57 255 0 255 0 255 255
    255 104 255 0 255 255 255 0 255 0 255 0 255 255 0 0 255 255 255 0 0
    255 0 255 255 0 190 255 255 0 107 0 106 0 255 255 0 255 160 255 0
    255 0 255 0 255 0 0 0 255 255 239 0 255 255 255 0 0 0 255 255 0 255
    0 255 255 165 133 0 255 0 215 3 0 0 0 47 180 255 255 194 120 255 255
    49 0 255 255 182 255 0 255 255 0 255 0 255 255 255 224 255 0 241 0 0
    255 0 255 238 255 254 255 15 88 255 0 212 255 170 0 0 0 255 255 255
    171 0 253 255 255 255 255 255 85 0 255 23 0 255 255 255 255 216 118
    255 255 0 255 0 13 214 255 255 137 255 255 255 0 0 0 0 24 255 0 0
    255 0 255 0 255 255 0 0 255 203 255 0 0 0 255 0 255 255 255 0 0 255
    255 255 0 255 188 143 255 255 255 0 255 255 0 0 0 255 255 216 129
    255 255 255 76 127 255 255 0 0 255 217 255 255 0 0 0 0 255 255 255 0
    226 0 255 255 255 255 255 255 0 0 114 0 255 0 255 0 255 0 255 0 255
    255 255 255 241 0 0 0 255 0 0 250 255 0 255 255 0 255 0 255 0 255 0
    220 197 255 230 0 0 0 0 175 0 255 255 173 255 50 255 0 0 88 255 255
    255 0 0 0 255 85 255 255 255 255 255 255 0 126 0 0 0 255 255 255 255
    255 255 0 255 195 0 0 0 0 255 181 32 0 255 255 15 0 255 67 255 0 0
    255 255 255 255 17 255 0 0 0 255 255 147 0 0 0 93 255 120 168 255
    255 0 0 190 5 255 255 255 0 255 255 140 255 0 0 0 255 0 0 0 255 255
    0 242 255 139 0 0 255 202 0 0 0 255 255 58 0 0 0 255 255 255 0 0 255
    255 255 0 0 0 0 255 255 255 0 0 0 0 255 148 228 0 255 0 152 255 31
    82 0 255 0 220 255 255 255 255 255 255 0 255 0 255 0 0 255 0 255 10
    255 153 0 255 0 255 63 255 255 132 241 255 211 255 0 0 255 255 180
    93 13 0 117 1 255 255 242 0 151 255 0 255 0 105 0 255 0 255 255 32 0
    255 255 255 0 0 255 255 255 0 0 0 251 231 255 0 255 255 0 255 65 255
    0 255 255 255 255 0 255 0 0 255 5 0 0 0 255 255 0 158 255 91 255 0
    255 255 255 236 255 0 13 255 255 255 0 0 184 255 255 0 0 0 255 255
    255 255 255 0 0 255 0 0 0 255 0 0 0 255 255 0 0 181 235 255 255 255
    255 0 83 100 0 0 0 255 0 162 0 255 255 98 140 112 255 255 255 0 255
    0 0 0 255 255 0 7 255 255 0 0 0 0 0 0 255 0 255 0 0 0 176 255 0 255
    109 0 181 255 80 0 0 167 255 255 75 0 35 0 0 255 0 103 0 199 255 255
    168 255 255 0 255 0 0 0 255 0 0 121 255 255 255 0 0 0 255 0 0 0 7
    255 255 0 0 0 0 252 0 0 196 255 255 82 255 11 255 207 255 0 255 76 0
    0 0 255 255 0 0 0 79 0 0 0 0 0 255 0 255 0 62 143 255 255 0 0 0 255
    255 0 8 255 255 255 0 0 255 0 104 0 255 4 255 0 255 255 255 0 0 255
    255 0 0 0 255 237 255 13 0 133 35 255 16 255 255 0 121 0 255 255 24
    0 0 103 255 0 163 232 232 0 255 0 255 0 255 103 0 255 255 255 0 255
    0 255 0 0 0 38 0 255 255 255 255 0 88 255 0 0 0 255 255 0 255 0 255
    0 0 0 95 255 255 0 164 23 0 0 255 69 255 0 255 0 255 0 255 0 0 0 255
    136 255 255 255 255 44 0 0 210 255 255 0 0 0 255 0 167 0 255 255 255
    255 0 0 78 57 219 0 13 0 0 0 174 255 214 255 255 0 0 0 255 255 255 0
    0 0 93 255 0 0 255 171 26 255 0 255 144 125 0 0 0 16 0 111 0 255 0
    255 0 255 255 255 255 255 196 0 90 255 2 0 0 98 255 0 255 55 223 255
    255 0 0 255 0 255 0 78 0 0 0 0 255 255 255 46 0 0 0 255 255 255 0
    255 255 12 0 255 0 255 0 255 0 255 255 0 255 0 151 178 164 255 255
    255 0 0 0 255 255 0 0 255 255 9 113 255 0 0 172 255 0 0 0 255 255 0
    0 0 255 0 255 0 255 255 255 137 99 0 0 0 0 255 255 255 255 138 0 0
    117 255 0 255 146 255 255 0 0 0 255 37 49 0 0 255 0 255 0 255 0 255
    0 255 0 0 0 255 0 255 0 214 0 255 0 114 255 0 255 106 255 0 255 0 0
    0 0 0 103 37 0 255 255 105 0 0 0 248 255 158 0 63 255 209 0 0 180 0
    255 255 255 0 255 0 0 0 255 0 255 0 255 0 0 19 255 173 26 0 0 255
    255 255 255 0 0 255 0 54 255 0 129 0 255 255 0 42 0 255 255 0 255 0
    0 190 0 255 255 255 0 255 218 255 255 255 255 0 255 255 0 0 0 0 255
    255 255 255 0 255 0 0 255 127 255 27 255 0 16 255 255 0 255 0 255 0
    255 255 255 255 117 0 255 255 255 0 89 255 0 0 255 0 255 0 255 0 0
    255 255 0 0 0 0 0 0 0 255 255 255 0 0 255 0 0 0 255 255 0 255 0 0
    255 255 0 255 233 255 0 177 255 0 255 0 255 134 255 255 255 255 29 0
    255 0 255 143 255 255 0 255 89 177 153 0 0 255 0 0 255 255 255 0 0
    255 255 255 79 255 255 0 79 255 30 16 0 0 255 0 0 255 0 101 255 255
    122 250 255 0 212 255 255 20 0 58 179 255 125 0 1 59 0 255 255 255 0
    19 0 0 0 0 184 97 255 255 32 30 0 255 170 0 0 0 0 255 255 0 91 0 168
    0 0 174 255 0 255 49 6 151 60 255 255 255 0 0 255 0 9 61 255 255 255
    255 255 225 219 92 153 0 105 255 0 77 255 255 0 0 0 255 255 0 255
    255 214 0 121 0 0 0 0 255 0 0 244 255 0 0 0 20 0 255 0 255 255 72 0
    0 0 255 255 255 255 255 0 0 0 0 0 255 175 194 255 255 0 255 68 255
    167 0 255 51 255 0 66 0 0 255 0 0 0 255 255 255 255 0 201 0 0 61 255
    255 255 40 0 255 255 255 0 255 0 255 0 0 255 0 255 0 255 0 255 255
    255 0 0 255 255 255 0 153 0 0 0 0 255 255 255 0 0 255 255 255 237 0
    0 0 255 0 255 0 255 0 255 196 255 145 0 220 170 58 0 255 255 0 0 255
    255 255 255 255 1 0 0 255 0 255 0 0 255 255 169 255 29 0 0 86 255
    255 0 255 187 18 255 0 200 189 175 0 255 0 222 0 0 0 0 33 0 0 0 207
    255 0 0 211 255 233 0 255 0 255 255 111 0 34 0 118 0 132 67 255 190
    255 0 202 0 0 255 36 0 0 0 0 0 0 255 255 255 60 184 84 255 0 255 0
    255 255 255 0 0 0 255 2 0 0 0 255 255 27 255 255 0 0 0 255 48 0 0
    255 0 219 0 0 0 74 255 255 255 0 255 0 20 0 255 0 255 0 185 0 255 58
    255 0 75 255 255 164 220 255 0 0 0 255 255 0 255 72 100 0 255 255
    204 255 134 0 0 255 255 0 0 0 255 0 255 255 255 122 0 0 255 0 255 0
    255 82 99 0 0 0 0 255 255 255 255 255 185 28 255 0 0 255 0 255 0 255
    0 0 255 0 0 255 0 255 0 71 42 255 178 126 0 0 255 255 0 0 0 255 255
    255 0 223 0 0 0 255 255 255 0 255 0 255 0 0 255 255 255 0 0 255 0
    255 0 255 0 123 0 41 0 0 255 0 255 228 0 20 0 0 220 255 0 255 0 231
    0 143 0 0 255 255 131 146 255 0 0 255 255 255 0 0 99 128 0 0 255 255
    0 0 0 255 0 12 255 255 255 255 0 0 0 255 0 255 255 255 0 255 0 0 166
    0 255 0 210 0 0 255 255 255 0 0 102 255 0 0 0 0 255 255 0 193 255 72
    118 0 0 255 0 0 0 255 193 255 46 0 0 229 255 0 255 255 255 255 255 0
    255 0 255 0 255 137 255 0 0 255 255 255 0 255 255 214 0 0 255 255
    255 255 0 0 0 110 0 239 102 255 108 255 95 0 255 255 255 55 0 0 66 0
    0 255 255 255 0 0 0 255 0 255 0 255 255 255 0 255 0 255 0 255 0 0
    255 255 255 0 0 0 255 255 255 0 0 206 255 255 0 0 0 172 255 0 255 77
    0 0 66 81 255 0 0 196 206 255 180 255 0 0 172 154 255 255 255 255 0
    0 255 255 255 0 255 0 255 85 102 255 87 0 0 255 255 255 160 200 208
    0 9 0 255 160 255 0 255 0 255 0 255 96 255 0 0 0 0 0 25 0 255 191 0
    0 0 255 133 0 0 199 247 255 0 255 255 0 0 255 255 255 0 255 255 0 0
    255 255 255 0 255 0 255 0 0 255 255 211 0 255 0 255 255 0 0 255 255
    255 255 212 0 10 255 103 255 0 255 255 0 255 0 255 0 255 0 67 246
    255 255 255 0 255 246 171 0 255 0 255 0 255 0 0 0 255 0 255 0 255 0
    255 255 255 0 255 0 255 0 0 255 255 0 0 2 255 255 0 0 0 0 255 0 0 0
    0 255 255 184 0 255 0 0 255 0 0 0 231 255 255 208 0 255 255 148 255
    255 0 255 255 141 255 0 0 255 0 255 255 255 0 255 255 0 255 0 255
    255 0 0 0 87 255 0 0 0 255 255 255 255 100 0 0 255 255 0 62 0 255
    255 0 236 0 255 255 255 0 0 255 255 43 255 0 198 0 0 0 210 255 0 255
    79 255 0 0 0 67 255 26 20 0 0 0 0 255 255 251 0 0 255 97 0 0 255 255
    255 255 26 0 142 255 255 255 255 0 255 188 0 143 255 161 255 0 0 0
    255 255 255 0 255 0 255 0 255 0 255 255 255 255 49 255 0 0 0 255 255
    0 255 0 255 0 0 0 121 255 255 255 0 255 0 255 0 255 0 0 6 16 0 179 0
    255 225 255 0 0 0 255 217 255 0 255 255 255 0 166 255 120 0 255 255
    255 0 0 0 0 0 255 0 255 0 109 255 255 255 0 0 0 0 255 255 255 0 185
    50 255 0 255 255 255 0 0 245 0 255 255 255 255 87 255 255 0 0 0 255
    255 255 0 0 0 255 255 0 53 255 255 221 255 93 0 0 255 255 255 0 0 0
    255 255 255 167 0 255 255 255 255 0 0 40 255 71 0 255 255 0 0 255
    255 255 255 255 0 0 0 255 255 254 0 141 53 0 255 121 255 0 255 0 0
    255 255 0 0 0 255 255 0 255 0 0 0 255 255 0 0 255 255 114 0 0 255 0
    0 0 255 255 0 0 255 255 0 255 90 255 0 0 255 0 0 0 255 255 255 255 0
    0 0 255 255 255 147 255 0 0 255 255 255 255 85 0 255 255 255 0 0 0 0
    0 190 255 0 0 255 255 0 0 255 0 22 189 0 0 0 234 255 255 0 255 0 255
    255 5 245 0 255 52 255 255 255 0 0 255 254 255 29 255 242 0 0 0 255
    0 255 0 0 255 255 255 0 202 255 0 255 255 24 61 255 207 0 0 0 255
    255 0 255 255 235 140 0 255 0 255 0 255 168 255 255 255 1 130 255 0
    255 17 255 255 0 0 255 255 255 255 255 255 0 159 0 255 0 207 0 11
    255 65 255 62 255 0 255 255 255 0 0 0 255 255 0 29 255 255 0 4 164 0
    255 0 255 0 0 249 255 255 0 114 0 36 0 122 255 255 0 0 255 101 0 0
    255 255 255 0 0 177 255 255 0 0 255 0 255 0 255 0 255 0 255 41 255 0
    255 255 0 255 158 255 33 0 0 0 255 255 148 255 0 0 0 0 72 255 154 22
    0 255 255 0 0 0 255 253 255 0 235 0 240 164 108 33 74 255 255 0 0 0
    0 163 0 255 255 255 0 0 1 191 255 116 0 255 0 255 182 182 255 0 0
    209 95 255 0 0 0 0 0 0 255 183 255 24 255 164 79 255 255 0 17 0 255
    255 255 0 0 35 255 135 255 255 0 80 0 0 255 255 0 255 0 255 0 0 0
    255 255 255 0 255 241 255 0 255 255 255 0 0 8 255 255 255 0 0 255
    139 0 0 255 181 0 255 0 255 0 255 0 0 150 215 255 0 120 0 255 255
    255 255 255 55 0 163 0 255 255 255 0 255 0 222 0 0 0 142 255 0 0 80
    0 255 255 11 0 255 0 255 255 0 255 0 0 63 0 255 187 255 0 22 255 0
    255 0 255 0 0 0 255 255 255 85 0 0 255 255 0 0 0 0 255 0 166 255 22
    255 0 0 255 255 255 0 0 255 0 255 66 255 0 255 0 255 0 0 0 71 0 0
    218 0 0 255 193 255 245 255 255 0 255 0 0 0 0 255 255 246 0 255 255
    0 0 0 255 255 255 255 255 0 255 0 255 255 255 255 0 0 0 255 0 255
    255 0 255 0 204 255 255 255 29 255 255 255 0 0 0 0 0 255 255 0 0 255
    255 0 22 0 0 0 82 255 0 94 0 255 255 255 0 197 202 255 31 255 0 255
    124 39 255 251 255 159 255 144 255 0 0 22 0 255 255 0 0 0 255 255
    255 117 0 0 255 0 255 161 255 246 255 133 169 0 0 0 255 255 0 0 0
    255 0 135 255 255 0 0 0 158 0 255 255 78 255 0 255 0 170 255 0 162 0
    239 0 255 0 255 0 0 36 255 255 255 0 182 0 198 214 255 255 255 203 0
    0 0 9 255 0 241 0 80 0 0 255 255 0 255 255 255 255 255 104 255 0 19
    0 255 255 255 236 255 255 255 255 255 0 255 0 61 255 0 0 0 255 255
    231 255 0 228 255 255 0 195 0 255 127 255 0 0 255 0 0 255 255 255 0
    255 0 0 0 255 8 255 255 0 0 0 255 255 0 0 0 255 0 104 0 201 0 255 0
    0 0 0 0 90 0 255 0 255 0 0 0 0 255 0 255 0 144 0 169 255 255 205 106
    0 255 255 100 0 0 238 198 0 0 255 255 0 0 0 245 0 255 147 255 0 255
    76 255 0 255 0 86 0 255 255 0 255 0 185 255 255 0 255 255 142 0 122
    255 255 255 0 255 255 255 0 99 0 255 255 255 255 255 255 0 0 255 255
    255 255 0 0 21 0 73 0 0 255 61 255 255 255 38 5 255 0 123 0 255 198
    255 255 255 99 95 255 0 255 0 255 0 255 255 0 0 0 255 255 0 53 0 255
    255 255 255 0 255 0 0 0 0 255 255 0 255 165 0 0 255 0 0 0 255 255
    255 0 174 93 255 255 229 0 0 255 255 0 0 0 0 255 137 0 63 0 255 0
    255 0 255 255 0 0 21 0 0 255 0 255 255 158 183 255 18 0 255 0 255
    255 0 240 0 0 34 255 0 0 0 64 255 255 0 255 0 0 0 195 255 255 255 0
    255 218 0 0 0 255 0 0 0 255 255 37 255 0 0 10 255 0 31 0 255 224 255
    0 0 173 255 0 0 255 0 0 0 0 255 0 0 0 255 255 0 255 27 255 197 20 65
    129 12 0 0 0 0 189 0 255 255 255 0 255 255 0 0 0 110 119 219 0 255
    255 0 0 0 255 255 255 131 0 0 0 0 255 0 255 255 0 0 255 255 0 0 255
    0 255 24 0 255 255 14 255 0 255 0 129 17 255 255 255 0 19 255 0 145
    67 255 255 255 0 255 0 215 0 255 255 255 255 212 255 255 0 148 17 0
    0 221 255 45 255 0 255 0 0 0 255 0 0 0 0 255 252 0 255 0 0 255 19
    255 0 0 183 0 255 255 86 0 0 0 255 255 255 0 255 0 255 0 38 255 0 57
    2 255 0 255 255 240 228 58 0 255 255 255 117 210 255 255 0 0 0 255
    255 93 123 255 239 0 255 255 255 0 0 0 0 255 108 255 0 121 0 0 255
    255 0 0 0 164 20 0 255 202 0 50 0 0 0 53 255 255 0 3 0 255 255 255 0
    106 0 255 255 121 0 0 255 21 60 93 255 255 0 0 255 255 255 255 186 0
    0 255 0 255 0 0 0 0 0 255 255 0 0 0 255 0 0 0 235 255 0 255 255 255
    0 5 255 71 215 0 2 0 255 0 186 60 37 0 162 255 0 192 0 0 0 255 255 0
    0 60 0 97 0 255 0 255 6 0 0 255 255 255 0 94 255 255 0 255 255 0 0 0
    255 0 178 0 0 155 255 0 0 77 255 0 255 0 94 0 255 255 0 0 213 0 255
    255 255 0 0 177 0 127 255 0 255 255 255 0 0 255 255 255 0 255 255
    255 0 0 0 255 0 0 0 255 108 255 255 227 0 0 255 229 0 58 0 0 0 134 0
    255 255 255 255 0 255 236 255 152 0 0 255 255 255 0 0 0 255 255 173
    255 0 255 255 242 0 255 255 108 28 0 0 255 255 255 255 255 58 0 93
    255 0 24 0 255 0 255 0 255 255 255 0 6 0 255 255 255 0 0 0 37 255
    255 255 253 255 0 255 0 255 255 16 0 255 0 255 255 255 0 30 0 255
    255 255 0 0 0 0 228 0 174 123 255 0 0 0 0 0 255 255 255 0 255 0 0 0
    255 0 0 0 255 255 255 255 139 130 255 0 255 0 255 60 0 255 0 255 255
    0 255 0 0 0 0 255 12 182 255 0 255 255 255 132 180 0 255 255 255 63
    70 61 0 129 255 144 0 0 255 224 255 0 53 0 0 0 255 255 0 59 0 255
    255 0 5 42 255 246 0 0 255 17 0 156 255 255 255 159 0 46 255 255 255
    249 0 255 0 255 215 0 0 255 255 75 0 255 255 0 255 0 255 0 255 229
    255 0 0 0 255 103 0 0 10 0 255 0 0 0 255 231 255 0 0 0 0 255 139 255
    255 255 0 202 255 255 0 0 0 0 255 255 255 255 255 0 255 255 255 0 0
    255 255 255 255 255 0 255 0 0 7 255 0 255 0 0 175 255 255 255 104
    255 0 255 0 0 0 112 255 90 255 252 208 80 92 100 232 255 0 0 0 0 255
    0 255 0 255 0 0 0 255 255 179 210 180 0 0 0 255 255 255 246 0 113 0
    0 159 79 211 0 4 0 255 0 255 255 255 0 255 0 255 173 118 255 0 230 0
    0 113 255 255 0 255 255 255 0 0 173 255 158 0 0 51 200 0 16 0 255
    255 180 0 145 255 146 255 60 255 0 46 0 0 255 255 171 0 255 255 255
    0 0 0 255 255 255 255 255 255 0 0 255 51 120 0 18 255 255 0 0 255
    255 0 238 255 0 59 0 255 0 255 59 255 0 77 255 255 115 0 251 255 200
    0 0 196 0 106 232 8 0 255 206 255 0 100 168 81 255 201 0 0 0 87 255
    255 255 73 0 0 0 164 0 165 0 255 251 61 158 255 255 165 0 255 255
    116 0 0 255 0 0 0 0 0 255 0 255 0 0 0 255 255 83 0 0 0 255 0 0 0 255
    0 255 37 156 255 0 0 34 0 0 0 89 255 0 151 147 0 255 177 0 0 52 0
    255 255 255 255 90 0 0 255 116 255 255 255 0 0 0 47 255 255 0 0 0
    192 255 0 255 255 255 255 0 0 0 255 0 255 0 0 0 141 255 255 0 0 150
    255 255 0 0 255 0 0 0 255 0 0 255 255 255 229 0 0 255 255 255 255 0
    255 0 255 255 255 0 72 0 255 0 0 0 255 0 255 0 0 0 0 255 255 255 255
    0 0 234 0 255 0 255 0 0 255 255 56 255 0 0 0 0 255 101 255 0 255 186
    255 25 255 255 0 179 255 255 255 255 255 0 255 0 0 0 255 172 255 0 3
    255 0 0 0 255 25 0 255 238 216 0 255 0 1 234 0 255 255 255 0 255 0 0
    0 255 0 0 0 211 255 255 255 31 156 0 0 0 255 255 0 0 0 255 60 255 0
    0 0 0 255 255 224 0 40 255 57 0 0 0 255 255 255 0 255 255 255 35 255
    146 255 115 248 0 255 0 255 0 255 144 0 255 0 35 0 255 0 0 255 0 97
    255 197 0 0 255 255 60 255 0 255 0 255 247 0 0 255 0 255 0 255 255
    255 0 0 255 255 255 199 0 0 0 0 0 255 181 0 255 0 255 0 0 80 255 255
    27 40 0 168 0 178 255 0 0 0 0 228 209 255 255 161 0 0 255 254 0 0
    255 0 255 0 255 0 255 0 255 0 255 0 0 0 255 0 0 0 255 20 255 0 0 255
    0 245 0 180 255 86 0 232 255 0 0 0 0 255 255 255 0 0 0 255 255 0 0
    255 255 0 255 255 0 0 215 0 255 0 255 0 255 255 255 176 255 255 0
    129 156 0 0 255 255 0 0 255 255 55 0 255 0 204 0 255 0 233 0 255 0 0
    0 255 255 255 0 0 79 227 255 0 255 0 0 1 0 113 255 0 75 255 255 255
    0 236 0 255 154 255 255 241 0 0 0 255 196 0 255 32 0 0 0 0 255 0 148
    0 69 0 0 0 0 0 168 8 0 0 0 255 0 255 0 255 1 173 244 249 0 0 0 0 255
    198 255 255 255 255 0 255 255 0 14 138 255 119 0 169 0 96 255 255 0
    157 81 0 248 0 0 255 50 255 0 255 0 255 255 255 176 0 57 255 0 0 173
    0 255 0 255 0 255 0 0 0 0 160 0 255 0 0 0 0 255 255 0 0 0 255 0 255
    28 0 0 255 255 255 255 37 0 0 255 255 255 255 0 0 0 255 255 255 0
    255 0 0 0 255 232 228 0 255 255 255 181 0 255 255 0 255 0 255 255
    255 255 255 0 255 255 255 255 0 117 0 0 0 0 97 255 38 0 255 255 0
    158 0 255 255 0 0 255 0 255 0 0 0 0 230 255 100 255 255 0 0 70 252 0
    0 120 255 255 176 0 0 79 144 255 255 0 245 0 247 255 0 18 255 233 0
    0 255 255 255 255 0 155 0 255 255 255 0 255 0 255 0 0 92 193 0 0 0
    255 255 0 86 0 255 0 0 0 255 255 255 0 0 0 0 255 231 0 0 255 0 0 0
    255 255 0 106 0 255 0 0 50 255 255 0 255 255 0 133 255 0 255 0 255
    74 255 0 255 0 255 162 255 73 255 0 255 239 255 0 255 255 255 0 202
    252 255 0 95 67 61 255 255 255 39 0 174 255 255 255 122 255 0 0 0
    255 102 255 0 147 160 255 255 255 0 255 0 228 0 255 0 255 255 255 0
    0 0 75 0 255 255 84 255 0 255 72 0 0 255 19 255 0 23 213 171 134 194
    0 0 255 99 0 0 0 0 255 255 255 255 255 255 255 71 255 0 205 255 255
    157 126 0 255 0 0 0 232 255 203 0 255 0 255 0 0 0 255 255 0 255 0 0
    24 237 255 255 0 255 126 232 0 255 0 255 255 255 0 0 0 0 255 0 17 0
    0 255 255 0 158 0 202 0 0 255 242 255 0 209 0 0 0 15 255 255 48 0 0
    218 0 0 0 255 0 255 0 161 255 255 255 255 255 94 0 0 38 255 0 255 0
    255 194 255 0 0 0 255 204 255 0 255 0 0 0 255 255 255 0 0 0 255 112
    0 255 255 255 0 0 255 0 255 0 255 255 6 0 0 0 255 255 255 170 0 0 0
    255 0 255 0 0 0 212 255 255 0 0 255 255 255 140 0 0 145 170 0 255 0
    255 0 255 117 57 255 0 255 246 0 0 255 0 255 255 93 131 255 0 0 0 0
    0 255 0 255 0 255 0 255 0 0 0 0 174 0 255 68 165 153 42 0 0 255 255
    0 177 44 16 126 0 193 255 0 255 0 255 0 213 97 0 0 0 255 0 0 255 71
    0 0 255 255 255 255 124 177 140 0 255 0 99 255 255 203 0 52 0 0 0
    255 0 0 0 255 255 255 0 0 0 106 255 255 144 255 6 0 0 255 0 105 0
    255 0 0 255 0 59 255 255 29 255 0 23 255 255 197 0 0 255 255 0 48
    242 255 0 0 255 255 0 0 255 255 255 255 0 0 0 161 0 255 0 255 255
    255 0 0 0 255 0 255 29 255 0 0 0 255 255 255 0 255 0 255 0 70 255
    255 0 0 130 255 166 199 0 46 188 255 0 0 255 255 255 0 255 255 255 0
    255 0 82 129 255 67 0 255 0 97 0 255 116 255 0 255 239 19 255 0 255
    242 255 0 255 0 181 0 0 255 0 255 0 255 0 0 57 0 255 255 255 255 160
    10 0 215 0 69 255 255 255 81 216 0 115 0 255 255 255 255 0 0 0 63
    255 220 255 0 255 0 115 143 255 243 0 0 0 255 0 70 255 255 56 137
    199 255 28 255 255 0 255 0 0 0 0 255 0 255 0 199 0 255 0 255 255 0
    19 0 255 0 0 0 255 255 255 5 0 114 0 255 6 255 0 66 255 66 250 0 255
    0 255 255 255 255 0 0 0 255 0 137 255 255 40 0 0 0 0 255 255 255 183
    255 0 255 0 255 0 255 41 16 0 0 0 255 0 79 255 0 0 255 77 0 255 0
    255 255 0 255 0 255 0 92 0 5 0 255 13 0 255 0 0 0 255 149 255 0 0 38
    0 255 255 34 0 0 255 0 255 255 255 255 0 255 0 255 0 0 255 255 0 157
    255 255 255 0 0 0 0 255 177 22 21 211 0 255 48 255 0 0 0 0 255 52 0
    0 0 255 255 0 0 255 255 255 34 151 117 146 255 173 0 166 255 255 0 0
    0 176 255 0 255 148 255 114 0 0 0 255 255 255 255 0 224 0 149 0 92
    122 0 125 255 255 255 0 0 34 0 66 19 255 255 255 0 0 170 255 255 255
    0 92 250 0 0 0 0 255 255 255 204 0 7 0 255 255 255 255 0 0 0 31 255
    0 138 180 255 124 255 255 0 255 0 255 0 255 95 0 0 255 255 255 255
    255 154 255 255 0 0 0 255 0 139 0 255 255 40 51 0 255 0 146 255 0
    255 255 82 255 34 255 0 0 0 255 255 255 0 238 0 105 255 255 255 203
    255 255 255 0 149 0 29 0 255 255 0 255 0 255 255 92 0 0 0 0 0 255
    109 255 0 241 255 255 204 0 0 255 166 0 250 255 0 0 249 255 255 0 0
    83 226 255 136 255 0 255 0 255 255 255 0 0 67 173 255 255 0 0 255 0
    56 0 163 255 255 255 182 0 0 186 255 122 255 255 134 0 0 29 36 0 255
    255 0 103 119 99 255 255 255 255 0 130 173 0 81 255 0 0 0 0 255 0 0
    255 0 255 15 255 122 0 255 255 255 19 0 216 0 255 0 255 242 255 255
    255 110 255 0 123 0 255 255 79 52 0 255 0 0 255 156 0 255 0 255 255
    13 0 0 255 255 210 0 0 98 255 255 3 0 255 255 255 255 249 219 0 178
    0 255 255 216 0 23 124 0 0 0 255 0 255 0 255 0 255 0 0 51 0 0 0 0 0
    255 255 0 0 255 12 33 255 255 255 160 0 0 0 0 255 0 0 0 255 255 255
    144 52 0 188 255 255 255 255 255 0 0 0 0 255 255 0 0 160 0 0 0 255
    200 255 87 255 255 255 0 255 178 169 0 0 58 54 255 255 0 0 11 255
    255 255 0 255 255 0 255 255 129 0 255 0 255 107 150 255 172 36 255 0
    255 67 0 63 255 219 0 0 255 255 255 0 144 255 255 255 203 255 0 171
    148 255 0 0 0 255 255 255 0 0 0 255 0 0 0 255 255 152 0 255 255 0
    204 255 255 116 0 0 0 255 255 240 192 0 255 0 255 7 0 0 0 0 255 255
    255 0 123 0 255 0 194 0 0 0 255 0 255 11 178 255 0 255 255 0 255 89
    255 0 255 0 0 255 0 255 0 0 0 0 0 29 0 55 255 255 0 255 255 84 255
    255 4 0 27 0 152 0 255 255 255 255 0 0 191 255 0 255 0 246 77 255 0
    255 255 0 255 0 255 227 0 0 255 0 149 0 252 255 255 0 0 0 0 255 0
    217 255 255 0 0 255 255 0 38 0 255 0 255 0 255 0 255 0 255 0 87 255
    139 255 0 255 0 0 0 255 0 0 0 234 255 151 255 8 255 255 0 137 0 255
    255 0 52 0 173 0 255 0 255 56 255 255 173 0 0 0 255 0 255 0 98 255
    255 255 0 118 0 138 0 255 0 255 255 255 0 0 0 255 0 255 0 255 255 0
    31 0 255 255 234 0 229 0 0 0 131 6 255 0 28 255 0 0 0 255 255 0 0
    255 59 255 255 139 52 255 255 0 0 0 255 0 51 255 255 235 0 0 0 255 0
    255 0 255 0 255 0 255 0 255 255 255 215 0 0 36 255 255 0 255 199 0 0
    0 255 255 0 0 0 225 255 0 0 255 255 255 0 0 0 255 218 255 0 59 255
    255 255 0 0 0 0 0 255 218 255 84 255 255 255 0 0 0 166 255 255 143
    255 255 0 255 255 0 0 255 255 255 0 255 255 0 255 0 255 0 255 255 0
    255 0 255 255 255 94 132 0 0 255 255 255 0 0 255 255 255 231 214 184
    0 129 255 255 255 0 0 0 255 255 0 0 0 255 255 56 0 0 255 177 255 255
    255 0 0 103 255 148 255 0 0 255 255 255 0 0 0 0 69 255 0 255 0 0 0 0
    255 0 255 0 255 255 0 0 217 255 255 209 0 0 0 53 0 255 255 255 148
    254 82 0 37 255 0 255 255 255 255 255 0 80 255 0 164 0 25 103 255 0
    134 0 255 0 255 0 255 0 0 0 0 255 0 0 101 255 0 255 0 255 0 0 0 0
    255 0 234 0 255 0 255 0 255 0 255 15 255 0 243 0 255 0 0 255 218 245
    0 255 255 0 0 0 0 0 255 255 118 180 0 234 133 0 255 114 121 0 255
    255 255 0 24 255 255 0 255 196 191 108 0 193 237 255 255 255 255 255
    0 0 197 0 255 255 0 31 255 0 153 51 0 66 0 255 0 0 255 255 255 0 255
    0 109 0 255 0 0 86 255 0 0 0 255 255 18 0 0 255 255 255 184 0 0 255
    0 255 0 255 0 255 255 255 0 0 0 255 0 255 156 82 0 189 255 255 0 255
    0 255 0 0 0 131 255 105 0 17 205 255 0 0 0 50 0 182 0 0 0 0 0 0 255
    255 0 0 0 255 255 94 11 0 0 236 255 255 0 0 255 255 0 255 0 197 255
    255 69 72 255 0 94 255 93 0 119 255 255 0 0 0 31 255 255 255 175 0
    255 0 0 255 0 255 255 0 0 0 0 196 255 24 0 255 255 0 255 11 255 0
    255 255 255 109 50 0 61 64 0 255 128 255 255 0 255 0 255 0 0 0 255
    255 255 0 171 160 255 0 255 0 0 0 255 255 255 255 243 255 233 0 141
    255 0 0 255 255 0 255 0 170 255 255 0 255 0 8 39 255 0 0 0 0 148 0
    255 0 255 108 0 0 0 0 255 243 115 0 255 255 0 0 0 255 187 0 168 0
    255 255 0 0 244 0 255 255 255 255 0 0 0 52 25 123 0 0 255 255 0 255
    0 78 255 0 255 186 255 0 255 255 0 255 0 255 226 0 128 9 255 0 0 0 0
    0 0 0 229 248 255 163 0 255 255 255 255 91 0 0 74 0 184 0 255 255
    255 255 255 255 103 0 254 255 255 255 0 0 0 255 0 255 0 94 151 0 255
    255 255 0 0 255 186 0 0 0 255 255 255 0 255 255 255 0 0 255 9 255
    255 0 255 0 0 0 255 255 255 255 76 104 0 86 255 43 0 12 255 255 255
    0 255 0 0 255 0 255 136 255 0 255 0 255 130 0 17 255 255 0 0 255 255
    222 255 77 146 0 255 199 0 0 255 0 255 0 255 0 255 244 87 255 196 0
    0 255 0 0 0 0 255 255 184 228 0 255 0 255 0 255 0 99 0 255 0 0 0 0 0
    255 194 255 72 173 0 255 198 255 168 255 0 0 0 0 255 255 0 255 255
    255 255 255 255 0 0 255 0 0 0 0 255 13 255 27 255 0 0 0 177 255 0
    255 255 220 255 0 0 0 0 40 0 255 255 161 0 0 0 224 41 87 255 255 174
    0 0 0 0 255 255 0 111 0 255 255 255 0 255 255 0 255 0 255 0 255 0 0
    0 145 255 255 0 0 255 255 0 216 0 255 255 255 0 0 255 0 255 0 255 0
    0 0 0 0 0 255 7 255 0 255 0 0 0 187 22 234 251 255 2 0 0 0 0 13 0
    255 0 0 56 0 255 255 10 255 0 120 255 255 0 244 255 157 255 255 3 0
    0 0 255 255 0 255 0 255 0 255 0 0 0 255 255 0 0 0 255 51 17 255 255
    0 90 0 0 255 226 255 0 255 255 255 255 255 255 0 126 79 255 0 255
    255 6 255 167 0 255 70 0 255 255 255 11 0 4 255 255 119 0 255 0 160
    0 0 0 0 255 0 255 255 0 0 0 0 255 0 110 255 255 255 99 0 0 255 255
    255 53 0 0 0 0 255 255 255 0 1 255 125 234 255 255 0 255 0 255 0 0
    255 42 0 0 255 255 201 255 0 255 0 255 255 102 251 255 255 0 0 255
    88 0 0 0 255 255 255 97 0 255 255 149 0 0 255 255 255 0 155 255 0 0
    0 0 255 255 255 255 0 196 255 77 255 255 255 255 123 255 255 132 0
    47 0 0 0 255 255 255 150 255 255 0 157 0 255 255 0 0 0 255 0 0 255
    255 255 62 0 255 84 255 255 0 152 255 255 0 0 0 255 255 255 0 0 0
    255 0 255 255 255 0 255 0 0 0 0 0 255 255 255 255 0 0 255 255 0 0 0
    255 92 212 14 0 255 255 255 255 0 228 0 22 0 0 0 0 255 255 255 0 0
    116 255 255 255 255 0 0 0 255 255 255 0 238 0 255 0 255 0 0 255 255
    0 0 83 255 0 255 0 0 0 0 92 0 255 0 255 126 255 0 0 0 113 255 0 255
    187 131 0 0 0 0 255 84 255 0 78 53 45 0 57 92 0 0 255 255 255 0 255
    0 255 0 0 0 183 255 0 0 13 255 255 255 0 153 255 215 255 0 238 0 151
    255 0 207 44 0 0 0 0 0 208 255 228 0 131 0 255 0 255 255 0 0 134 255
    0 0 255 255 72 255 0 0 255 119 0 255 0 0 0 62 255 255 205 0 255 0
    255 0 52 255 255 241 255 244 41 0 23 255 255 10 0 254 179 255 0 0
    255 255 255 0 70 255 255 0 255 0 22 0 255 255 255 255 0 139 0 255
    255 255 0 255 255 255 0 0 219 0 255 0 255 0 255 255 193 0 0 255 0
    253 178 0 255 255 0 255 38 255 255 0 0 0 13 48 0 0 0 255 255 0 255 0
    255 255 255 0 108 255 184 0 0 255 89 126 0 0 0 0 170 255 0 255 0 40
    130 255 255 255 255 0 0 0 50 0 0 0 255 0 255 255 255 0 0 255 255 46
    0 255 0 0 0 215 0 255 0 255 0 144 99 116 255 242 255 0 0 0 0 242 49
    154 0 255 255 255 0 255 255 242 0 0 25 255 0 91 255 133 255 0 255 50
    0 0 13 0 255 255 101 0 255 255 255 255 0 0 255 106 255 51 39 255 0 0
    255 255 75 255 0 137 255 255 255 0 255 255 255 0 255 255 0 0 0 195 0
    255 255 255 0 0 0 0 255 255 213 0 0 61 0 255 213 55 0 229 255 255 0
    231 0 0 0 0 0 125 255 255 255 0 181 220 255 109 0 255 0 0 110 255
    255 0 0 255 255 0 169 0 255 255 0 0 132 90 255 0 255 255 159 0 255 0
    0 0 255 255 0 179 255 3 255 0 0 0 124 255 0 150 255 0 58 255 0 255 0
    255 0 0 255 0 0 0 9 255 255 0 255 255 255 255 230 0 206 0 0 255 255
    255 0 0 41 174 0 255 125 255 0 0 0 0 0 255 255 255 233 0 0 57 255
    255 255 18 255 255 255 0 0 255 255 0 255 0 255 0 255 0 0 0 0 255 0
    255 255 255 0 183 0 255 255 0 0 0 255 0 0 0 0 255 255 255 0 0 255
    176 255 0 1 78 255 255 0 0 255 255 0 212 0 240 255 0 0 0 255 255 113
    255 0 255 136 222 0 0 255 255 255 255 0 245 41 0 255 0 255 174 255 0
    88 0 255 255 255 0 255 163 0 132 255 0 0 37 255 190 0 255 255 255
    152 0 97 0 255 0 255 78 0 255 255 255 0 255 0 0 0 255 0 222 47 255 0
    22 0 80 152 255 255 255 140 0 185 0 0 92 0 255 255 0 0 0 255 255 255
    176 0 255 0 0 26 255 255 255 232 31 255 106 255 0 255 255 110 241 0
    0 0 0 0 0 255 0 255 0 0 0 0 0 218 62 58 0 0 255 0 255 0 0 0 0 255 0
    0 219 255 157 0 143 255 255 113 0 255 0 255 204 255 255 0 0 0 255
    255 255 0 0 0 0 255 0 0 40 255 255 255 0 42 0 255 255 255 255 133
    118 0 0 0 0 255 255 255 255 255 240 255 0 229 255 255 255 0 255 0
    255 255 0 255 243 193 255 255 0 0 77 0 0 0 0 255 255 122 255 87 255
    0 255 0 255 255 255 255 0 136 255 255 156 255 255 255 0 247 255 255
    201 255 0 0 0 0 255 255 67 0 0 255 0 255 255 152 255 255 255 60 0 0
    255 12 138 0 0 0 255 255 0 0 255 0 216 0 255 255 255 0 0 0 0 255 255
    255 0 255 154 0 0 0 255 243 0 0 0 0 0 255 0 255 255 0 255 0 198 0 4
    0 0 0 255 0 6 255 255 255 0 0 255 255 0 255 255 255 0 0 255 255 255
    0 75 20 19 255 255 0 0 0 84 255 0 178 0 138 66 255 255 255 255 87
    255 255 109 255 255 0 0 0 255 255 255 0 38 0 36 230 255 255 255 255
    255 255 0 255 121 255 255 255 0 0 0 255 255 157 0 0 255 38 255 0 174
    255 0 0 255 255 255 17 0 0 255 255 77 0 0 165 255 0 191 0 203 228 0
    255 0 0 133 255 155 255 255 0 0 0 156 255 0 255 255 183 255 255 255
    181 166 255 35 255 0 168 137 0 0 78 0 255 255 0 0 255 255 255 255
    255 0 0 206 99 255 243 255 255 255 255 255 0 0 255 255 5 255 255 0
    255 199 255 0 0 130 255 0 0 0 255 0 255 0 255 0 0 219 255 255 255
    213 0 0 0 255 255 255 0 0 111 255 255 255 0 150 0 255 0 0 0 0 255
    255 0 255 0 78 255 255 255 0 255 0 197 255 0 0 0 255 0 0 0 255 255
    255 0 254 0 255 255 0 0 255 0 42 0 255 255 255 255 56 0 106 255 0
    255 255 0 0 146 0 255 0 160 0 0 203 255 255 0 0 0 0 255 41 255 255 0
    0 0 251 127 255 0 255 0 255 6 0 62 39 0 0 0 255 255 255 0 0 0 255
    110 255 0 0 71 255 255 26 255 0 0 178 0 0 255 255 0 0 0 255 255 153
    255 0 255 139 255 112 0 255 30 0 0 254 44 0 0 255 255 125 0 0 41 0
    170 255 255 255 152 0 255 131 0 0 0 255 0 0 0 255 98 0 0 203 255 24
    65 255 150 208 0 0 0 255 0 255 0 0 0 0 255 255 255 26 255 255 0 0
    255 0 0 255 255 119 0 0 255 214 193 255 0 255 0 158 0 0 217 255 255
    0 249 0 0 255 0 0 255 255 255 171 0 170 217 12 0 37 222 255 78 0 0
    255 255 255 43 45 0 255 255 255 38 0 255 0 0 0 197 255 0 255 202 0
    255 255 255 0 255 0 255 0 255 255 255 0 0 0 255 255 255 255 0 0 175
    255 157 255 0 0 0 255 255 255 255 255 0 26 0 255 181 255 0 0 0 255
    255 0 255 0 255 255 255 0 0 0 0 0 0 255 0 255 0 255 255 255 0 255
    255 0 0 255 255 0 255 25 255 0 255 28 103 255 255 255 136 0 0 0 255
    255 0 0 0 0 255 0 80 203 255 255 0 95 0 247 25 226 255 0 255 0 0 0
    255 0 255 0 0 0 255 255 117 0 189 203 187 233 255 255 255 255 0 255
    0 255 0 0 0 255 255 255 0 168 0 0 116 255 255 255 89 221 0 255 255
    255 0 189 255 0 255 219 255 0 0 255 0 126 0 255 0 255 255 49 255 0
    21 255 255 0 52 255 255 255 0 0 0 0 255 0 0 0 0 7 125 255 255 238
    255 255 255 0 224 240 255 0 0 255 0 255 0 255 181 102 0 0 39 255 0 0
    23 255 255 255 0 255 91 255 0 255 0 255 255 255 0 0 0 0 255 119 100
    0 255 255 255 18 0 255 182 187 255 255 0 94 0 0 255 0 0 0 255 255
    255 255 242 0 0 0 0 162 255 0 255 0 0 255 255 112 0 0 255 255 0 0 0
    255 255 0 4 0 0 255 255 108 255 0 0 139 255 0 0 199 255 121 216 0
    255 255 255 255 0 255 0 255 0 255 0 0 0 0 255 0 255 138 255 255 255
    228 254 0 0 255 92 255 0 255 0 0 0 0 0 255 255 113 127 0 255 51 0
    255 255 242 151 0 189 255 0 255 0 255 255 255 0 0 90 0 255 48 255
    255 136 225 0 255 255 255 0 0 255 255 128 0 0 0 255 255 0 0 0 0 255
    255 0 0 255 255 255 0 0 255 88 255 255 0 255 70 255 0 0 255 255 17
    87 255 255 0 0 55 255 255 0 214 0 4 0 255 0 255 0 0 0 255 255 0 255
    206 255 0 255 0 0 0 0 255 0 230 0 0 0 0 255 255 0 255 0 73 0 0 0 0
    255 255 255 0 255 0 0 0 185 0 255 255 255 0 0 0 0 255 172 16 0 255
    255 255 0 0 0 189 0 255 186 234 0 109 242 255 255 255 0 0 0 0 44 255
    255 147 255 0 255 255 60 0 0 0 255 121 255 0 206 253 255 0 255 0 0
    201 51 255 0 255 0 255 193 255 232 0 255 0 0 0 0 255 0 0 0 194 255
    255 255 0 0 0 255 255 0 255 255 255 255 0 0 0 255 0 255 255 0 0 0 74
    6 233 0 0 0 0 255 255 255 0 255 0 0 192 255 255 255 0 0 0 0 0 255
    255 255 138 0 0 255 255 141 0 91 61 0 0 0 0 255 255 0 0 0 199 103
    255 0 0 255 255 3 255 0 255 255 255 0 255 0 255 135 255 0 255 6 255
    255 90 255 0 0 0 255 255 255 0 255 0 255 0 44 0 107 255 0 0 0 255 0
    255 23 255 0 255 0 255 0 73 0 255 255 0 0 23 255 255 0 0 0 40 255 57
    32 0 255 0 0 255 0 255 255 196 0 0 162 37 255 0 255 209 255 0 0 0 0
    236 0 0 255 255 0 0 61 0 218 255 255 255 0 0 124 0 255 0 255 0 133
    255 71 0 255 0 0 0 255 255 124 255 0 255 255 0 0 255 255 0 5 255 0
    236 255 186 0 0 0 166 0 255 0 255 0 0 0 0 0 0 0 255 255 255 0 0 255
    105 215 81 0 0 189 0 255 255 200 0 0 255 0 255 135 255 2 255 255 2
    34 0 0 0 156 255 42 177 0 0 156 255 0 0 255 183 0 0 49 0 255 255 255
    27 0 44 0 255 255 255 255 255 255 0 255 88 255 0 246 0 255 255 255
    255 0 255 0 88 255 255 0 0 0 248 255 0 130 0 255 0 255 0 255 255 0 0
    255 168 242 255 0 255 0 255 0 255 0 0 87 255 0 255 255 146 255 0 43
    255 255 255 0 0 149 255 0 0 0 255 0 55 0 255 96 0 68 247 122 255 0
    255 255 255 255 255 218 135 255 220 1 0 255 0 255 0 255 0 255 73 255
    255 0 0 167 255 255 0 0 73 255 0 0 255 255 255 0 0 0 255 0 255 0 143
    1 0 255 0 0 81 214 255 95 255 255 255 0 0 255 255 255 255 255 0 0
    120 0 0 169 185 0 255 16 255 255 255 41 0 255 118 0 0 48 255 255 7 0
    169 0 99 0 0 255 0 255 0 185 255 255 241 255 255 0 255 0 255 158 97
    0 255 0 255 255 0 0 255 0 184 255 0 157 204 255 255 255 255 255 0 0
    0 216 255 255 255 161 251 0 0 255 0 190 0 0 255 240 234 0 0 0 153
    255 255 0 255 255 255 29 0 255 0 255 0 255 90 39 255 0 255 0 0 0 0
    195 0 255 0 255 255 0 255 0 236 255 255 0 78 0 0 255 255 255 0 0 0
    255 255 255 174 255 188 255 0 255 0 255 0 255 0 103 142 255 194 237
    255 0 0 0 0 41 255 51 0 255 0 255 0 0 0 255 85 92 0 255 255 0 255
    200 255 65 8 255 255 255 255 0 0 0 0 255 255 177 255 213 255 0 85 0
    118 0 255 179 41 0 0 255 0 255 0 255 0 255 0 77 0 255 142 255 40 0 0
    0 255 255 188 0 255 255 255 255 0 255 255 255 0 0 238 255 0 0 5 75 0
    144 255 0 255 255 0 0 89 255 255 255 0 0 255 0 0 54 0 255 255 0 77
    255 255 255 0 255 0 0 0 255 255 255 0 0 184 255 255 0 0 255 233 255
    0 0 0 0 0 28 255 255 255 0 255 223 0 0 0 255 0 255 71 255 255 255 63
    255 255 109 0 0 255 255 95 0 0 255 255 0 0 255 255 255 0 0 255 13 0
    255 0 255 0 255 0 255 136 0 255 0 255 0 255 255 255 255 0 123 0 255
    0 255 255 255 255 0 0 0 0 231 255 255 80 174 0 255 64 255 255 0 0
    255 185 255 0 255 0 255 0 255 0 255 41 255 0 0 255 0 255 255 45 0
    235 255 255 255 255 200 255 0 255 255 255 0 125 0 255 255 255 0 0
    204 255 20 0 0 192 189 0 0 0 255 0 255 255 146 255 0 0 0 255 0 0 255
    255 161 255 214 0 0 255 0 255 26 255 51 143 255 23 0 255 0 0 0 0 255
    221 255 0 74 255 255 255 255 0 38 138 255 226 0 253 255 0 0 0 255 0
    255 242 255 0 255 255 0 0 0 0 72 255 255 0 255 0 124 0 0 0 255 255
    19 0 0 150 0 255 255 0 255 255 107 255 255 255 0 0 185 255 139 255 0
    76 255 0 255 255 48 0 0 255 255 0 255 114 255 104 0 0 255 255 255 0
    217 255 255 255 0 176 0 255 0 255 34 0 255 255 254 0 255 0 209 0 255
    255 255 255 255 255 255 187 217 3 154 0 187 0 255 0 44 255 212 0 255
    0 0 127 0 255 255 17 255 139 255 0 0 0 255 0 0 0 255 242 255 255 255
    255 255 0 0 182 255 0 0 0 255 255 255 0 255 52 255 0 0 255 255 255
    255 0 0 0 177 0 255 255 0 0 141 255 0 239 255 0 255 0 255 0 0 0 0
    105 255 255 255 221 255 162 255 79 255 207 255 212 181 0 0 255 25 48
    255 181 255 255 255 0 255 0 255 255 255 0 255 0 0 170 0 255 187 0 6
    255 191 255 0 255 255 0 23 0 255 255 50 255 0 0 0 255 255 56 255 0 0
    0 0 0 0 118 255 178 0 163 0 0 0 231 210 255 0 210 63 210 255 51 255
    0 133 255 0 255 0 255 255 0 255 255 255 255 255 255 0 43 0 255 23
    234 0 165 255 0 115 0 0 255 76 255 255 0 0 132 79 255 0 208 255 255
    255 255 0 0 0 0 105 255 0 0 0 255 150 0 0 0 255 31 255 255 0 0 255 0
    157 0 161 0 255 255 57 0 0 26 62 0 255 220 255 0 209 0 0 255 255 16
    0 255 255 216 0 0 255 255 0 84 0 0 89 255 255 60 0 0 0 0 255 0 0 0
    255 255 255 255 0 255 0 0 115 255 0 0 255 51 255 0 255 0 20 0 255
    255 0 0 70 255 255 0 255 0 255 0 255 255 255 0 97 255 0 255 203 32
    255 0 97 51 136 0 255 255 255 255 0 255 0 255 255 255 255 16 0 0 255
    255 112 0 0 0 247 0 255 0 255 255 0 0 0 0 255 255 255 255 95 62 90 0
    0 255 255 255 0 130 0 0 39 255 255 0 0 0 255 255 0 0 0 255 255 255 0
    0 255 0 255 197 255 0 255 0 144 0 255 255 255 255 244 0 0 255 0 255
    0 0 0 255 255 29 255 209 0 0 107 0 0 255 255 0 101 0 255 95 90 0 0
    255 0 0 0 255 189 255 0 255 0 193 0 255 0 19 0 236 0 255 255 254 0
    255 0 0 255 255 255 0 0 3 255 255 197 156 0 195 42 126 126 255 255
    255 0 0 0 255 0 0 88 255 255 255 222 255 37 0 0 255 255 162 52 0 0 0
    11 255 255 0 0 0 255 255 255 255 255 126 0 196 0 0 164 0 255 255 0
    255 255 255 255 0 0 53 255 255 0 94 181 255 0 255 0 255 255 255 39 0
    255 0 255 0 255 0 255 91 255 0 0 124 255 255 0 0 0 167 58 0 0 255
    255 255 242 0 0 0 255 0 255 255 255 255 255 0 0 0 255 0 83 44 255
    255 0 0 0 57 37 255 176 49 255 255 0 255 0 0 248 0 255 0 0 57 255
    255 0 99 159 223 87 0 0 255 255 255 0 0 0 255 255 255 255 255 0 255
    140 255 26 255 255 255 49 255 0 0 226 255 206 0 0 255 0 255 0 0 105
    0 77 0 255 0 0 0 255 255 255 255 49 255 255 255 0 0 0 0 0 0 0 255
    255 219 0 0 255 0 255 22 255 29 255 219 0 0 0 255 255 0 1 0 57 57
    255 0 255 255 193 33 0 0 0 255 255 255 0 177 255 0 255 255 255 0 0 0
    255 0 255 255 201 0 255 255 5 82 0 0 255 255 255 0 66 255 255 128 0
    255 0 0 0 255 255 255 255 255 255 0 255 0 0 51 255 0 255 255 0 30 0
    255 0 0 255 134 35 255 0 255 0 255 0 0 0 255 0 255 208 255 255 255 0
    0 0 12 255 0 255 0 0 255 255 255 255 0 102 0 0 255 255 0 0 22 0 255
    242 255 0 255 0 255 255 255 255 255 224 0 0 255 255 255 0 0 0 255
    255 255 0 255 255 0 31 255 255 255 0 255 100 66 0 0 255 0 0 0 255
    255 255 255 255 0 0 255 232 0 184 0 0 0 255 255 102 255 0 255 0 255
    46 255 0 0 255 255 255 0 0 0 255 255 255 0 255 0 0 0 255 0 255 104
    229 0 255 0 255 255 0 0 90 86 0 104 39 255 0 255 255 153 0 0 255 255
    255 0 49 0 255 255 255 0 255 0 0 237 33 0 231 255 255 0 0 0 214 255
    255 255 0 0 0 255 0 0 255 0 255 255 255 0 0 255 255 0 255 57 255 0
    255 0 176 0 0 255 0 244 0 149 85 255 32 0 107 0 255 255 255 0 255 0
    255 85 255 255 0 0 0 0 130 255 247 255 255 255 192 232 61 255 255
    160 51 255 0 86 231 255 0 255 255 255 0 0 255 0 255 255 255 0 0 0 0
    255 255 0 0 95 0 255 98 255 0 0 0 195 204 0 255 255 255 0 0 129 255
    0 124 0 255 255 0 0 0 255 255 255 0 188 255 255 255 229 0 255 0 255
    255 255 226 255 0 239 0 255 255 255 0 0 0 206 255 166 255 6 0 0 140
    255 0 255 255 255 0 97 255 0 130 0 255 255 255 0 179 48 0 0 255 255
    0 0 118 255 255 255 0 0 255 4 183 153 0 0 255 255 131 255 130 76 15
    0 143 0 133 0 0 0 255 255 255 0 0 0 255 255 255 0 255 255 255 255
    255 0 0 255 255 0 0 0 255 255 124 0 0 0 255 255 0 255 255 136 160
    255 143 0 0 255 0 21 0 0 0 255 0 255 0 0 92 255 255 0 38 0 158 126
    255 255 255 0 0 33 0 174 255 255 0 235 0 255 255 0 255 23 174 0 0
    151 255 255 0 255 255 0 255 108 0 255 0 0 255 166 10 0 255 158 255 0
    0 255 255 98 0 0 0 255 255 255 0 0 255 172 26 255 255 255 255 255 0
    0 37 48 255 255 0 255 0 255 255 0 163 1 0 255 255 255 0 0 255 255 0
    0 0 191 6 255 0 3 255 255 227 255 0 255 0 0 122 0 255 255 0 82 0 255
    0 255 255 255 50 255 94 0 0 0 0 255 82 255 197 255 226 222 0 255 255
    83 255 0 255 255 0 107 255 146 90 0 0 255 255 0 0 0 0 255 255 255 0
    112 0 244 0 255 0 240 0 215 134 0 255 255 255 255 0 255 0 255 0 0
    255 40 0 0 255 0 255 0 0 255 255 255 0 0 0 0 255 255 255 0 102 0 0 0
    255 255 255 255 0 0 255 0 255 0 255 255 0 237 0 0 0 44 0 255 255 0
    255 0 255 255 220 173 0 0 255 175 255 255 0 0 0 255 255 92 0 0 73
    255 108 0 0 211 0 34 0 255 255 255 0 0 255 0 48 0 255 255 255 0 0 0
    0 255 255 0 255 255 255 75 0 0 48 183 0 0 0 255 0 255 255 255 0 255
    255 255 169 0 0 0 255 239 121 255 0 0 0 255 255 255 215 255 0 0 76 0
    255 255 255 0 134 0 87 150 255 255 255 255 11 0 84 0 0 135 255 118 0
    0 0 255 255 255 0 255 0 0 0 0 0 255 255 255 0 0 0 0 0 0 0 255 255
    247 255 0 255 0 0 255 0 0 0 255 255 255 0 10 0 255 255 183 255 10 0
    255 0 255 98 0 0 255 104 255 109 255 0 0 191 171 1 255 0 149 0 93 0
    0 255 0 0 0 255 255 76 0 0 255 36 255 255 255 0 255 255 230 0 96 70
    255 255 255 255 255 172 255 162 138 11 120 255 255 255 0 0 255 255
    79 255 255 0 255 152 0 255 255 0 0 255 255 255 0 8 255 255 192 116
    255 255 44 255 0 39 255 255 0 0 0 41 255 255 255 0 255 0 242 0 255
    255 255 235 0 115 79 255 0 255 255 255 0 71 0 22 255 255 255 0 255 0
    113 0 0 255 0 0 0 0 255 255 255 0 56 117 49 255 28 186 0 255 0 25 0
    0 255 255 255 0 255 0 255 0 255 0 0 0 0 0 0 0 255 0 255 0 49 0 255 0
    39 255 255 255 180 0 0 0 255 255 255 0 0 255 17 0 0 255 255 255 0 0
    255 0 0 0 0 255 255 0 145 0 0 255 255 0 0 89 19 0 255 0 0 0 77 255 0
    0 181 0 255 205 0 0 0 255 0 255 255 255 255 255 0 0 0 255 18 82 0
    255 255 0 255 0 133 0 255 255 255 0 255 0 255 0 0 255 0 0 0 255 149
    0 255 0 0 0 0 255 75 0 0 255 255 255 255 87 1 255 0 255 0 255 0 0 0
    219 255 255 0 255 0 216 0 255 255 236 255 0 255 0 255 198 203 255 0
    66 0 255 255 0 146 0 255 255 0 82 255 255 156 60 255 255 0 1 0 0 0 0
    255 255 255 34 255 0 255 255 255 255 255 0 27 0 0 255 255 0 0 0 0
    255 121 255 0 255 255 0 0 255 91 255 255 255 255 0 255 186 0 0 0 255
    0 255 182 197 173 0 0 0 255 255 255 107 0 184 144 255 0 244 0 255
    255 255 238 0 0 115 18 253 121 2 200 0 148 255 242 255 234 0 255 255
    0 0 255 0 255 0 0 20 255 0 255 89 255 255 0 255 255 255 0 0 255 0
    255 23 255 0 0 0 255 0 255 0 115 0 255 255 255 86 0 0 0 255 0 20 0
    178 99 255 255 0 255 224 25 232 0 0 56 225 4 255 255 0 255 0 255 0
    255 0 255 255 255 255 0 26 63 255 0 0 0 0 255 0 255 96 255 0 152 0 0
    193 255 255 198 255 0 0 0 22 255 70 0 0 0 53 0 255 0 0 0 113 0 83
    186 255 255 0 0 17 0 255 255 255 255 255 234 0 255 0 0 255 255 56 0
    0 255 255 255 0 0 0 0 255 255 255 255 0 0 255 255 0 0 0 59 255 0 255
    0 61 255 0 255 0 238 0 19 54 0 255 67 255 255 232 255 190 0 0 255
    255 255 19 167 0 166 255 255 0 189 0 255 0 0 148 0 133 255 0 255 213
    0 0 0 255 255 0 158 255 255 0 255 0 105 203 0 115 255 255 255 0 255
    0 42 0 0 255 38 255 255 255 0 0 255 0 0 128 255 164 0 0 0 0 255 255
    255 255 0 255 111 255 0 0 0 211 255 250 255 255 255 255 0 0 255 0
    255 0 255 0 0 255 0 0 0 255 132 66 0 0 0 255 255 153 0 255 255 0 0 0
    255 255 255 255 0 0 0 0 255 0 85 122 0 0 255 255 255 0 0 0 255 255 0
    87 255 255 255 146 0 255 0 255 255 255 68 138 203 0 0 0 0 255 255
    255 248 0 107 0 255 0 255 255 255 255 0 0 0 255 0 255 255 255 255
    255 255 0 255 0 96 0 0 41 226 0 255 255 255 57 0 0 255 255 0 255 0
    126 0 255 0 255 0 0 0 255 255 255 0 0 0 168 255 255 0 2 0 255 0 0 0
    0 255 39 255 255 0 0 209 0 0 0 0 0 255 195 0 0 79 24 255 255 0 162 0
    255 0 0 0 255 32 0 0 55 0 255 255 0 0 0 0 97 0 24 0 0 0 0 255 23 255
    0 0 0 255 255 0 255 0 255 131 255 255 255 255 255 28 255 5 255 0 255
    0 255 0 0 0 0 255 0 0 0 0 0 255 255 0 255 255 255 0 255 133 255 0 0
    0 255 255 218 255 0 255 255 0 255 255 255 103 0 120 0 255 18 255 255
    255 0 243 255 255 214 255 255 0 37 0 255 255 255 0 255 0 255 103 0
    210 255 255 255 40 255 255 0 0 0 7 23 18 187 0 73 155 0 255 0 255
    255 255 255 200 10 73 255 0 255 255 0 0 0 255 255 255 255 0 0 0 223
    255 0 255 0 5 255 255 0 255 103 255 59 0 0 0 255 0 36 255 255 0 0
    255 0 0 0 0 72 0 0 0 255 255 255 0 0 0 255 255 255 215 255 0 86 255
    255 255 172 0 255 255 7 255 0 15 0 19 0 255 201 255 0 0 169 255 5 95
    0 255 154 111 214 255 0 0 0 255 255 255 0 255 7 0 255 0 255 243 255
    255 0 0 0 255 16 0 0 255 255 0 124 255 114 212 255 0 0 255 0 255 96
    255 0 255 0 255 0 255 0 194 0 255 0 255 0 104 255 255 0 0 255 195
    255 16 255 0 255 255 255 16 255 255 255 255 0 255 255 0 0 236 255
    255 131 0 255 226 255 0 255 243 255 0 188 0 255 126 0 0 255 161 255
    0 131 0 255 255 0 255 186 255 0 0 0 255 255 0 0 0 222 79 0 0 82 0
    255 0 229 138 255 255 255 0 0 132 255 0 255 127 255 255 255 0 0 0
    244 255 255 0 255 169 109 99 108 255 255 255 168 0 144 0 255 0 0 255
    66 0 0 255 255 255 0 224 51 0 0 215 255 0 0 0 255 255 255 255 0 255
    0 145 0 0 255 0 0 0 255 219 121 255 0 255 255 255 255 255 0 0 255 0
    255 0 255 0 224 0 0 255 0 255 0 255 0 255 255 124 255 97 255 0 255 0
    0 255 0 255 255 255 255 255 255 0 0 255 255 255 255 255 57 0 255 0
    255 255 255 0 255 0 255 0 255 153 50 0 0 255 0 255 183 90 255 255 0
    0 255 0 0 0 0 255 255 255 0 0 0 166 255 116 61 255 255 0 255 194 121
    255 140 0 0 255 70 0 0 255 255 0 0 92 200 255 0 0 0 0 255 234 255
    255 255 245 111 255 255 255 0 0 0 255 255 255 0 0 255 183 255 0 0 0
    255 255 0 255 0 0 0 255 0 0 0 0 0 255 148 110 236 0 0 0 0 0 255 255
    0 207 255 158 0 143 255 229 0 0 147 103 255 0 0 0 33 255 165 0 255 0
    0 0 0 0 255 239 75 0 0 89 191 0 255 0 255 255 255 0 0 187 255 255 98
    0 255 0 255 0 255 0 255 255 255 0 0 255 255 255 68 0 0 71 55 255 255
    255 0 0 0 255 255 0 255 0 255 255 99 0 255 255 0 255 0 255 156 255
    255 0 255 255 255 255 255 255 0 255 150 0 34 255 0 255 0 255 255 210
    255 255 0 0 0 0 255 0 142 207 255 69 0 255 255 255 255 135 83 0 0 0
    255 255 0 0 0 0 0 0 183 0 100 255 255 0 61 0 255 0 244 0 255 255 0 0
    255 118 255 0 0 255 255 255 0 0 0 255 0 255 0 255 0 143 0 255 0 227
    0 255 0 199 35 0 176 255 255 162 0 0 0 255 255 255 0 0 0 255 255 145
    255 255 0 0 27 109 255 0 255 255 255 49 219 0 146 255 255 255 151 0
    0 255 255 0 19 0 0 173 31 0 255 255 0 0 255 0 255 0 0 0 255 0 0 255
    255 255 254 0 0 255 222 0 255 0 106 0 255 0 255 255 255 0 0 209 255
    36 0 0 0 0 255 255 241 107 255 180 75 0 255 0 255 254 0 0 0 0 255
    255 255 255 0 0 0 255 255 255 0 0 0 255 0 255 0 255 0 0 255 255 255
    0 190 95 255 0 0 0 63 163 0 255 0 0 0 0 255 0 255 0 0 0 255 255 0 0
    0 0 0 255 42 255 0 24 0 255 255 255 0 0 0 0 255 233 255 222 0 255 0
    255 0 255 62 255 0 255 0 255 202 188 0 0 255 255 255 0 255 0 0 0 0
    255 255 181 86 0 40 0 0 0 255 255 0 0 0 181 0 255 0 255 21 223 0 0
    255 255 0 0 0 255 75 255 0 0 0 0 255 0 255 0 255 0 0 0 255 178 0 255
    195 0 255 0 255 255 255 0 255 255 255 0 0 255 255 255 0 255 95 0 255
    255 255 255 0 0 255 255 255 234 11 255 0 0 255 255 255 0 255 255 255
    255 255 0 0 0 255 255 0 0 0 0 0 0 27 255 255 0 188 0 0 255 255 255 0
    0 0 255 255 255 0 255 154 0 255 0 0 218 0 87 255 255 2 0 0 0 172 0
    255 0 255 0 0 255 255 0 255 0 255 0 255 255 134 0 255 255 0 0 0 255
    255 0 208 100 255 255 255 0 255 255 255 255 255 255 0 66 255 0 0 255
    0 255 0 0 21 0 255 0 0 0 255 255 255 255 255 0 255 0 255 255 0 255 0
    58 7 255 202 255 255 255 255 244 0 0 114 0 255 255 255 0 255 23 0 0
    255 255 255 0 255 255 255 36 255 0 0 0 255 0 0 0 255 255 0 0 255 239
    80 0 255 0 0 180 115 0 255 3 255 0 4 0 255 255 255 227 255 0 0 255
    255 79 0 255 0 255 0 10 0 255 31 0 0 85 18 255 241 52 0 123 255 255
    0 80 39 27 255 72 255 0 255 255 0 0 0 28 0 0 0 255 255 255 255 0 0 0
    255 220 255 255 255 0 0 24 0 255 255 126 130 113 43 255 255 255 255
    152 255 255 255 255 75 0 141 0 0 0 255 0 0 0 0 0 102 255 255 138 17
    0 255 22 255 255 0 129 74 255 249 76 65 182 255 0 91 0 255 0 255 0
    37 0 205 255 0 255 87 255 0 0 255 255 0 0 255 0 0 0 255 0 255 0 255
    255 255 0 0 0 45 255 0 255 181 0 0 40 255 255 0 153 255 255 0 255
    101 0 0 0 255 129 255 0 0 0 0 250 255 255 255 169 0 255 230 0 12 0
    255 255 255 255 0 234 0 255 128 0 231 0 255 0 216 161 255 129 0 0
    255 95 255 43 0 255 217 255 0 0 255 255 0 255 0 255 255 0 65 0 117
    187 222 0 0 255 0 255 0 0 0 119 0 255 0 255 255 255 0 0 0 0 255 0 0
    0 156 255 0 12 183 244 255 113 0 255 0 7 13 255 0 255 0 0 255 255
    255 0 55 255 255 255 0 0 0 209 102 255 0 0 0 137 255 255 0 255 0 0
    255 255 226 0 0 255 0 0 255 0 243 255 255 255 255 142 255 0 11 0 0
    255 255 255 0 255 0 0 0 0 255 255 218 59 0 0 255 255 255 255 0 255 0
    255 0 255 0 0 0 255 0 255 0 255 255 255 0 0 0 255 255 92 255 0 0 36
    0 212 255 255 255 0 255 0 255 0 0 255 0 166 0 255 85 255 227 255 0 0
    0 0 0 255 255 0 0 255 255 255 255 1 0 0 0 255 255 98 0 0 153 0 255
    242 0 0 255 0 255 255 255 0 0 0 255 255 255 0 255 255 0 255 110 255
    77 0 0 136 228 0 198 255 255 0 0 0 255 0 0 255 92 255 0 255 46 255 0
    255 0 255 0 0 255 0 255 1 36 0 225 255 0 255 255 0 0 255 0 255 0 0
    212 255 255 130 104 255 0 0 0 255 255 0 255 0 53 0 255 255 41 0 0
    255 0 0 255 255 255 210 255 0 0 0 255 14 173 0 255 1 255 36 255 255
    255 17 0 0 159 0 255 0 255 255 255 0 255 46 255 0 255 143 0 0 37 0
    255 0 224 0 255 0 255 0 255 0 255 255 209 0 255 255 0 0 0 255 255
    255 0 0 255 0 0 255 0 111 16 0 0 0 0 0 255 255 46 0 0 255 137 0 0
    255 255 0 0 0 0 54 0 0 13 0 255 0 0 0 44 255 255 255 60 0 0 0 0 0
    255 255 204 0 255 0 201 255 21 255 255 0 0 236 87 255 0 164 0 255
    255 0 255 0 0 0 0 0 0 0 255 255 255 85 0 255 0 0 0 175 255 255 0 132
    255 255 0 0 255 255 255 255 255 255 0 255 255 0 0 255 255 255 49 140
    255 255 224 83 15 200 121 0 0 218 0 0 255 255 37 0 0 255 0 255 255
    83 255 210 255 0 0 255 0 255 196 255 103 0 0 255 202 255 0 210 255 0
    0 0 125 0 255 255 255 0 0 0 255 255 110 0 0 255 255 0 0 255 142 222
    0 255 0 0 0 255 183 104 255 13 0 71 255 215 255 175 96 255 0 181 0
    255 138 0 0 255 0 255 255 0 255 0 222 41 45 0 255 0 255 0 255 255 0
    81 0 0 0 0 22 0 255 0 0 255 255 255 0 103 0 255 255 255 255 0 91 255
    0 157 255 255 243 0 255 255 108 0 0 0 255 0 255 255 255 255 255 0 0
    0 0 255 0 0 0 100 255 0 0 0 255 255 255 0 255 255 0 185 255 0 176 0
    255 255 233 255 142 0 255 87 186 234 255 0 255 0 113 248 255 255 255
    0 0 0 0 255 81 255 255 0 255 120 0 0 158 50 0 0 0 255 0 255 0 255 0
    255 0 210 255 0 0 16 255 255 0 255 12 255 28 0 0 0 255 255 255 0 0 0
    33 0 255 255 255 255 255 0 0 0 255 206 255 255 146 255 255 195 255
    255 255 0 215 0 255 22 255 0 0 255 255 255 55 0 0 255 0 20 60 255
    245 255 0 0 0 255 255 255 0 0 0 3 89 144 255 255 0 0 255 255 17 0
    255 0 0 255 255 208 255 0 0 0 255 0 212 0 255 0 255 0 54 0 0 56 0
    255 127 255 0 0 255 255 255 255 69 0 0 0 255 255 0 125 0 221 255 255
    255 0 255 0 255 255 9 0 44 255 255 255 255 0 0 0 255 255 255 255 0
    255 0 0 0 255 255 0 0 0 255 255 255 80 0 255 0 255 255 0 255 0 255 0
    0 255 56 0 0 0 119 255 141 0 0 255 255 0 255 31 255 0 0 25 123 0 255
    255 255 0 255 0 255 0 255 0 255 0 0 0 179 0 0 0 255 0 255 255 255 0
    6 112 135 255 121 0 81 50 85 255 255 102 7 139 255 0 9 255 255 255
    255 119 255 0 224 0 255 255 255 0 0 0 255 139 255 6 255 0 255 0 78 0
    255 255 255 255 0 0 2 255 0 255 0 33 0 84 255 131 255 0 0 198 40 255
    255 255 0 255 0 245 25 119 0 255 162 255 255 132 0 0 0 255 255 255 0
    35 0 0 203 255 124 255 0 0 255 255 0 255 47 255 0 0 255 0 135 186
    255 0 100 255 255 45 35 0 255 0 255 0 0 0 0 255 255 255 255 0 0 0
    255 255 255 0 255 255 0 0 0 71 255 244 255 0 248 255 0 85 0 0 255
    255 255 255 0 255 255 0 0 255 0 0 81 185 255 0 255 0 255 0 255 0 255
    0 0 255 255 0 0 249 0 255 255 255 255 168 255 0 0 0 0 0 255 0 255
    172 255 0 255 255 255 0 0 0 255 255 0 255 164 255 0 0 186 0 0 0 255
    255 209 0 255 255 255 162 0 255 255 0 0 0 255 255 0 116 255 255 68 0
    178 255 255 58 61 0 255 255 0 90 0 87 255 0 0 0 255 192 15 255 0 0 0
    127 0 255 255 255 255 0 0 0 0 0 0 255 255 255 0 30 0 255 0 252 0 255
    128 141 223 255 255 0 255 255 255 255 255 0 255 255 255 53 255 0 0 0
    255 0 255 255 0 124 0 0 99 255 0 0 255 255 0 0 175 255 0 0 255 0 255
    255 151 255 33 52 0 0 255 0 0 0 255 255 255 255 255 0 118 255 255 0
    32 155 255 0 140 0 0 255 0 255 255 255 192 0 0 0 77 110 0 0 0 255
    208 255 255 0 74 255 255 255 255 224 255 255 115 0 0 255 255 255 71
    255 255 175 0 0 0 0 255 255 255 0 255 255 255 0 255 217 255 0 0 255
    0 0 0 255 125 0 255 5 255 0 0 255 255 0 255 0 255 255 255 0 0 255
    255 0 0 255 255 255 0 0 255 255 127 255 255 255 255 255 0 0 255 244
    0 0 0 255 0 255 0 0 164 255 255 0 255 0 0 0 255 255 50 65 255 223 0
    0 255 255 92 0 0 255 0 255 255 255 0 0 255 255 255 0 0 255 36 255
    226 0 99 255 255 0 255 0 255 228 255 145 255 137 255 2 0 0 0 255 255
    0 255 255 52 52 0 109 255 255 255 255 195 255 255 0 0 255 0 0 0 0
    255 255 255 255 119 0 0 0 83 242 255 255 25 255 255 0 0 149 0 0 255
    255 23 0 255 255 255 0 0 0 0 255 0 255 0 255 0 190 255 255 255 190
    160 0 15 44 255 0 255 254 255 0 0 57 0 255 206 255 255 255 255 255 0
    255 255 255 242 0 0 125 255 0 255 255 255 0 47 255 255 0 255 0 138
    58 227 78 112 0 255 0 135 0 0 217 0 255 255 255 0 51 255 255 51 255
    0 255 0 0 0 255 0 0 0 255 255 0 48 255 255 255 255 0 0 241 255 255
    255 0 0 88 255 0 0 0 255 0 0 255 255 255 255 0 0 0 167 255 255 255
    255 0 255 0 0 0 255 255 255 255 48 0 0 255 255 255 0 255 255 0 255
    255 0 81 0 219 0 124 17 0 255 0 10 0 255 213 111 0 255 34 106 255
    255 255 255 0 0 0 255 0 0 0 0 65 255 255 255 0 255 173 0 0 255 0 255
    192 0 255 83 255 0 255 208 255 0 0 0 255 255 255 0 255 0 255 0 0 255
    255 113 183 255 0 0 255 107 0 68 255 54 255 0 0 0 255 158 255 0 255
    0 255 0 0 255 255 94 0 0 3 241 255 0 255 255 0 0 0 255 0 255 255 0
    255 0 0 0 255 255 255 0 0 255 219 255 255 255 0 161 0 14 0 88 99 165
    255 135 255 0 0 0 255 95 255 255 113 0 0 0 255 255 0 94 255 255 8
    255 0 0 239 0 206 177 7 0 0 255 0 87 255 255 255 0 0 255 152 0 115
    14 255 155 255 255 255 255 255 255 0 0 0 0 255 0 255 0 0 0 9 0 0 255
    255 0 126 6 255 0 255 255 255 255 119 255 255 0 0 0 255 255 255 255
    179 0 0 38 77 0 255 216 255 0 255 0 255 255 117 0 0 255 92 0 0 0 0
    42 0 0 255 255 0 0 0 133 255 244 255 0 188 11 7 234 255 0 255 0 255
    31 255 0 255 0 0 0 0 255 255 0 255 255 255 255 141 0 255 0 255 0 0 0
    0 0 255 0 174 31 255 255 0 0 90 255 255 0 0 255 0 255 255 39 0 255
    255 255 0 255 255 255 0 0 0 24 94 0 177 0 112 255 0 0 255 255 0 0
    255 255 0 154 255 0 0 0 255 255 255 210 0 0 38 18 110 0 0 64 97 147
    141 47 0 78 210 0 255 76 240 0 255 255 255 0 255 0 0 0 185 255 0 255
    255 255 255 255 164 255 0 255 0 35 196 0 255 0 255 255 0 255 0 255
    255 49 255 0 0 0 0 146 167 255 255 0 0 0 255 255 255 0 66 0 0 255 0
    0 244 200 0 255 255 255 219 0 0 255 255 149 105 36 255 0 60 0 255 0
    255 0 93 0 255 0 84 255 255 255 0 0 131 0 42 0 198 255 255 0 0 255 0
    255 0 194 255 255 255 0 159 0 255 0 255 255 0 242 255 255 255 0 45
    255 255 0 255 0 255 0 255 118 255 0 255 0 255 238 0 0 54 0 255 0 34
    0 0 0 255 91 0 0 0 255 255 255 255 0 0 255 3 255 255 255 0 255 65
    255 15 86 253 169 255 255 195 255 0 113 126 255 255 0 255 255 255
    255 255 0 255 0 255 0 0 255 255 255 0 10 255 255 255 255 0 255 255
    255 255 224 0 255 255 255 0 0 132 0 0 255 255 255 255 110 0 255 255
    255 255 0 0 0 0 255 14 255 0 255 66 0 0 87 255 255 0 255 0 0 255 119
    255 255 93 255 0 0 255 255 255 0 31 255 255 0 0 255 148 0 0 255 255
    255 255 255 0 0 0 255 255 255 0 0 255 255 255 0 0 0 135 0 0 118 0
    255 115 255 0 0 0 0 255 0 0 0 255 0 255 28 0 0 255 0 255 255 150 0 0
    0 255 255 255 255 255 0 255 255 255 64 0 0 255 255 255 255 0 46 33
    255 0 255 0 0 180 255 255 0 0 0 255 255 255 0 0 255 255 255 0 12 178
    0 0 218 255 0 0 255 255 0 175 255 255 152 255 255 0 0 255 255 255
    255 0 0 0 103 255 83 0 0 255 255 255 0 0 227 0 255 255 135 0 0 0 0 0
    255 112 238 0 0 171 0 0 0 0 255 0 0 0 61 255 255 255 0 0 0 0 0 255
    255 255 0 255 227 255 0 255 0 255 255 0 0 255 255 0 255 0 255 0 255
    0 255 255 255 255 0 255 0 255 248 0 0 0 255 255 255 0 0 255 124 223
    255 255 0 255 255 255 0 0 0 0 255 255 255 255 255 255 11 43 0 0 255
    126 255 234 255 194 255 0 0 0 255 255 255 0 255 0 255 255 0 0 0 0
    255 0 0 255 255 255 0 103 0 255 255 0 255 0 0 0 0 0 255 0 255 255
    255 255 0 0 0 255 255 255 0 255 229 255 0 255 0 255 226 255 0 0 180
    255 0 255 80 0 255 0 0 0 0 255 255 95 0 0 255 255 0 127 226 255 0
    255 255 0 255 255 255 255 0 0 0 255 110 171 0 0 0 0 255 72 198 0 204
    0 255 0 112 0 255 180 255 255 0 199 0 255 255 255 0 0 0 255 0 29 0
    255 255 0 0 0 255 0 255 0 149 0 255 20 0 7 255 255 255 0 72 255 0 0
    180 255 255 0 18 255 255 255 0 0 255 255 255 0 0 0 77 0 255 185 0
    174 0 192 97 255 60 248 0 255 0 68 255 199 255 0 255 255 17 255 255
    0 67 0 255 0 255 0 255 0 180 0 255 255 255 0 255 0 105 0 56 255 0
    252 0 255 0 255 255 0 0 255 0 255 0 255 0 255 174 255 0 58 141 152
    255 0 255 0 0 0 0 0 0 255 255 255 0 255 13 255 0 255 0 63 255 207 0
    255 0 255 0 0 72 255 255 0 255 143 255 0 255 0 255 255 0 0 120 255 0
    255 148 0 0 255 255 0 124 0 255 0 0 67 0 255 255 121 0 0 0 161 255
    255 0 255 255 0 0 0 0 255 0 255 0 0 0 255 255 255 0 0 231 47 255 145
    255 246 92 0 66 0 255 98 241 223 0 255 255 29 255 255 255 0 0 210
    104 255 0 172 0 0 252 89 0 0 255 0 213 0 95 255 255 218 156 0 255
    255 255 0 255 0 255 0 255 0 0 37 255 187 255 22 0 255 255 0 0 119
    255 0 255 0 255 255 0 255 0 7 0 255 0 0 164 255 255 245 0 178 255 0
    0 255 112 255 44 255 0 255 255 255 255 0 34 0 255 255 215 255 197
    255 83 255 0 255 0 46 255 127 255 0 255 0 5 255 0 255 0 0 57 218 255
    255 255 255 0 0 0 255 0 255 255 255 0 0 163 0 35 255 44 0 94 255 0
    255 0 255 0 0 184 255 0 18 104 255 0 172 0 255 255 0 0 103 0 0 255
    255 255 0 0 71 135 0 24 0 0 213 0 255 102 255 248 0 255 255 0 255
    255 255 0 0 36 196 255 255 255 0 0 255 207 0 0 255 255 0 0 0 151 154
    0 131 255 255 0 0 255 255 255 0 255 255 255 0 0 106 127 255 255 26 0
    0 0 0 244 0 255 0 222 0 255 255 255 11 0 255 255 171 255 0 0 239 255
    198 82 0 255 0 0 0 255 255 0 0 0 255 98 0 255 255 187 0 0 0 255 255
    255 255 255 255 0 185 0 78 0 16 0 255 0 255 255 255 0 0 255 255 255
    0 0 255 255 252 0 0 255 255 255 0 0 255 255 255 101 0 0 0 63 0 0 222
    0 255 255 255 217 0 0 0 0 245 174 0 255 66 255 0 255 0 87 0 255 255
    0 255 16 255 255 0 22 10 255 199 255 0 0 39 255 0 0 65 255 255 0 0
    255 0 66 0 0 0 0 255 0 255 0 255 0 255 255 209 0 93 0 255 255 255 0
    255 255 255 255 255 121 0 188 0 0 255 0 166 255 255 255 0 0 0 255
    165 255 0 255 0 57 255 0 255 255 255 129 0 255 0 31 0 255 255 255
    255 255 0 255 0 255 0 255 0 0 0 0 116 216 255 0 255 220 0 63 0 0 0
    116 83 0 255 255 192 255 0 0 255 57 255 255 61 0 255 0 0 0 0 0 255
    242 255 255 255 210 0 0 163 255 16 34 20 255 0 0 0 255 255 255 0 0 0
    255 0 255 0 255 0 255 0 255 0 255 0 52 56 0 255 19 255 255 255 0 0
    255 255 255 0 255 0 94 0 230 255 0 241 0 38 0 255 255 255 255 0 161
    0 255 248 255 26 0 255 255 0 255 0 0 0 255 0 255 150 255 211 255 0
    255 255 133 0 0 255 255 0 199 255 255 186 0 89 255 255 255 255 24
    254 0 211 83 255 255 0 125 0 46 197 0 255 255 98 0 0 0 255 255 255
    255 0 255 0 255 255 15 0 255 208 255 0 162 255 223 255 255 255 0 90
    0 255 255 0 255 0 72 0 0 255 62 255 0 0 0 0 0 0 0 0 121 71 255 255
    255 255 0 0 0 255 0 255 128 0 255 0 194 255 69 0 127 0 255 212 255 0
    255 255 255 0 255 255 158 0 159 255 255 47 0 255 255 255 255 255 255
    0 0 76 255 0 0 255 0 255 255 0 0 255 255 255 0 0 255 255 255 255 255
    0 0 255 0 127 0 255 0 0 0 255 255 255 0 0 255 16 0 0 255 171 255 0 0
    0 255 0 255 255 255 255 255 0 255 83 0 0 0 99 255 0 209 255 0 110
    103 18 255 0 255 0 255 0 255 0 255 255 0 255 255 255 0 0 255 0 245 0
    255 13 0 0 255 255 117 255 0 0 0 255 0 0 0 0 255 255 255 0 0 0 255
    255 255 0 0 184 255 255 0 200 0 101 174 255 0 0 0 17 0 255 255 0 0 0
    0 255 255 0 255 0 251 255 0 127 0 132 89 164 255 125 67 0 255 255 17
    0 240 255 227 0 255 58 255 0 255 0 255 0 255 10 0 255 255 0 0 27 0
    255 0 119 0 255 75 0 0 0 255 0 138 0 255 0 127 0 239 255 0 209 0 255
    0 255 255 0 0 255 14 255 0 0 255 255 0 18 255 122 0 0 255 0 16 255 0
    0 0 255 255 0 0 69 255 0 0 255 255 255 255 255 115 0 215 203 255 0 0
    255 255 220 255 255 255 0 255 255 255 255 109 0 255 0 255 0 255 0 0
    0 0 255 145 255 255 106 255 0 255 0 255 0 255 255 0 0 255 124 113 82
    37 204 255 255 255 255 0 0 255 121 0 0 255 255 255 0 0 255 255 129
    248 0 255 0 61 11 0 248 255 87 255 194 0 46 255 255 25 0 0 0 255 0
    255 0 155 187 0 135 255 255 83 0 255 128 255 255 255 255 0 0 0 0 255
    0 98 7 0 0 68 136 0 255 169 255 0 0 255 0 255 0 255 255 255 255 0 0
    0 227 0 255 255 0 107 0 255 150 255 255 0 0 255 255 0 0 32 255 38 0
    0 0 255 0 255 0 255 255 255 255 255 0 0 0 0 255 0 255 14 255 20 0 0
    0 0 2 0 255 0 255 137 0 255 51 255 236 255 255 0 0 6 153 98 255 72
    140 247 0 255 194 105 0 0 85 0 255 255 255 0 255 0 137 255 255 255 0
    255 80 255 0 121 255 255 255 0 0 186 255 255 89 0 0 175 0 255 255
    186 0 255 57 123 96 0 0 255 255 0 0 255 255 255 83 255 0 255 0 0 202
    255 255 25 186 255 0 255 255 29 0 2 255 255 183 134 193 118 92 68
    255 234 255 32 167 255 0 0 0 0 0 255 184 255 0 138 255 0 188 0 147
    255 0 0 0 0 255 30 0 0 0 0 255 255 255 97 0 255 0 0 255 171 231 0
    255 0 255 255 255 0 0 0 255 255 235 255 0 255 255 166 0 156 255 255
    255 0 0 0 255 255 255 0 0 255 168 0 0 0 49 0 0 255 0 199 0 0 255 255
    255 255 255 0 0 72 60 255 0 255 0 255 0 255 0 160 149 255 255 109
    220 0 255 255 0 0 255 130 255 0 255 0 255 0 255 0 0 27 0 255 255 255
    0 0 255 76 255 177 255 0 255 255 0 255 0 11 0 255 0 0 178 0 237 0 86
    135 0 255 255 255 123 199 0 0 11 0 255 229 161 0 0 0 255 255 255 11
    0 0 255 190 255 255 196 0 0 255 0 255 0 255 0 227 241 255 0 0 29 0
    255 0 255 0 255 105 255 70 0 0 0 5 255 0 0 255 0 255 0 0 0 17 0 93
    255 180 255 255 165 0 255 245 65 0 0 255 0 0 0 255 255 0 109 0 0 0 0
    98 178 6 126 255 0 145 255 108 0 255 0 255 0 255 255 255 109 33 20
    172 69 255 0 0 255 144 255 172 0 28 0 255 255 255 14 0 0 0 139 0 100
    9 255 0 0 255 255 255 255 0 255 0 255 0 142 0 179 0 0 255 255 255
    255 0 116 255 0 255 0 255 0 0 0 0 255 0 0 0 0 0 255 0 255 0 0 255 0
    0 0 255 255 253 0 0 255 0 0 0 33 255 0 45 0 70 31 0 255 255 255 255
    0 0 0 0 0 0 255 112 0 0 18 255 255 255 0 0 0 255 255 255 0 0 0 255
    255 130 0 255 163 0 255 0 255 206 255 28 0 0 162 255 0 104 255 255
    245 180 0 0 66 211 0 88 0 255 52 102 0 0 255 255 255 255 255 0 0 155
    227 0 0 200 0 255 255 255 0 255 0 255 151 0 0 0 255 0 255 255 255 0
    255 0 255 255 0 255 0 150 0 255 69 255 210 255 255 0 0 255 173 255
    91 0 0 255 255 65 0 255 255 255 0 255 255 255 0 0 255 0 255 0 0 255
    248 255 255 0 0 0 255 255 0 154 0 0 0 255 255 255 255 95 0 0 0 255
    255 255 255 177 204 255 33 255 0 0 227 133 255 0 255 0 104 0 255 0
    255 255 255 0 0 255 0 255 110 255 255 0 0 255 0 255 0 255 0 255 0 0
    0 255 0 218 0 0 0 255 255 255 255 186 255 255 0 0 0 255 255 0 111 0
    255 0 255 0 141 0 255 0 0 1 255 255 255 126 255 230 160 0 0 255 0
    255 0 0 0 255 255 255 255 255 0 77 0 255 216 255 180 255 255 51 255
    67 0 0 255 240 0 255 255 0 0 255 65 0 0 91 255 0 16 0 52 162 255 255
    0 255 53 255 0 255 255 255 0 0 0 142 255 0 0 0 0 255 0 255 255 255
    255 0 108 56 0 0 255 255 255 255 255 255 0 0 0 255 45 0 255 0 255
    255 0 255 0 164 0 255 237 58 0 0 0 0 72 255 255 0 0 205 0 0 0 255
    255 255 175 0 0 255 0 165 255 255 255 0 0 0 0 255 0 255 0 255 0 255
    12 30 255 0 0 150 255 255 0 0 255 77 0 255 255 255 37 0 0 255 255
    132 0 255 171 255 0 0 0 240 255 201 255 0 0 33 53 104 0 154 0 255 77
    162 255 255 0 0 0 255 255 108 255 255 0 255 255 255 255 0 0 201 255
    112 0 0 104 255 171 255 0 239 0 21 0 255 255 255 0 22 0 116 0 225
    255 255 240 255 255 255 0 255 0 255 255 255 115 255 0 255 0 255 255
    0 0 0 255 255 0 255 0 255 255 0 172 123 255 255 255 0 0 255 255 255
    255 255 0 0 255 170 0 255 255 255 255 0 0 0 92 0 255 255 0 0 189 255
    0 0 255 228 15 0 0 0 0 93 0 255 255 57 0 255 255 255 0 255 0 115 169
    155 255 194 255 0 0 255 0 255 0 255 0 24 0 255 212 0 255 255 255 0 0
    15 255 1 0 255 0 0 0 0 255 255 0 0 0 255 83 0 9 0 255 117 153 0 208
    255 57 219 0 11 0 255 0 255 0 0 22 255 6 0 0 255 255 0 0 202 255 102
    255 255 255 255 255 255 255 191 0 0 255 255 116 126 255 255 179 255
    37 255 255 255 0 255 112 255 0 0 0 255 255 255 255 125 0 255 255 255
    255 0 0 255 157 255 0 0 211 255 255 255 0 62 0 90 0 255 255 255 238
    0 255 255 255 0 58 70 0 255 255 255 0 0 0 255 255 0 0 255 255 255
    255 142 255 255 255 66 0 0 70 161 44 0 255 255 0 255 255 255 222 255
    0 255 0 25 0 200 23 0 0 212 0 255 0 255 180 255 0 126 207 0 215 0 0
    235 255 255 255 0 0 0 255 99 255 154 255 255 255 47 0 255 255 0 0 0
    255 122 255 0 255 0 255 0 255 0 255 0 255 0 0 0 98 0 255 255 255 207
    0 0 14 119 255 0 255 0 255 126 0 255 171 0 0 0 255 255 0 0 255 0 255
    255 0 220 0 0 255 255 255 0 0 102 255 0 0 0 0 167 255 0 255 15 0 255
    255 0 0 0 179 255 255 255 0 80 255 255 0 221 135 0 241 255 0 181 168
    255 255 0 0 255 255 255 108 255 255 255 58 0 255 255 255 0 60 0 255
    40 255 0 255 0 255 0 0 0 255 255 0 0 89 0 0 0 255 255 255 32 0 0 255
    255 255 255 122 0 0 255 38 42 147 34 83 0 255 0 0 0 255 255 255 0 36
    0 255 0 255 0 44 115 0 121 255 0 0 0 248 121 0 255 255 255 176 0 255
    247 255 255 0 255 0 255 0 199 0 255 179 0 255 0 255 255 255 0 0 255
    0 255 0 255 128 165 255 51 255 0 255 0 0 0 123 255 0 29 255 255 255
    0 229 0 247 0 255 255 0 255 0 85 110 255 255 255 0 0 0 255 255 0 0
    255 0 255 0 255 0 255 0 0 255 255 32 0 255 102 0 149 137 54 0 0 0
    255 159 255 0 246 0 255 255 17 0 0 255 255 255 0 0 255 255 120 255 0
    255 0 33 0 255 0 0 126 255 255 255 0 255 0 0 0 255 0 255 0 0 0 255
    255 255 0 72 255 255 255 255 16 0 54 0 193 255 255 0 82 0 255 0 255
    0 50 0 173 255 0 83 255 159 0 0 255 255 207 255 30 0 0 34 255 0 0 0
    70 255 255 48 0 151 255 255 0 255 0 0 0 229 0 0 0 255 180 255 0 255
    0 255 0 0 126 0 255 0 0 93 0 255 59 255 0 255 0 255 0 255 0 255 255
    0 0 255 115 0 0 255 100 188 162 0 0 255 0 0 0 255 0 0 255 182 255 0
    255 143 255 0 255 255 255 251 0 255 0 0 0 255 255 255 214 247 255
    255 0 0 255 0 30 0 255 170 0 0 90 255 255 255 197 0 0 206 255 85 224
    0 255 130 0 0 255 255 0 0 255 0 93 255 255 18 255 0 0 0 130 255 38
    161 255 150 0 255 0 255 255 0 0 255 255 255 0 0 0 255 255 0 238 255
    255 197 0 255 0 0 255 255 255 255 199 0 190 62 255 0 26 255 252 0
    255 255 129 255 0 0 0 255 0 232 255 255 255 131 0 255 255 54 0 255 0
    255 0 161 0 0 255 255 0 118 10 0 0 0 14 202 23 0 0 137 255 155 0 133
    255 255 0 61 255 255 0 0 255 0 255 0 255 0 255 0 255 255 255 0 0 255
    240 254 0 134 239 139 0 0 255 255 0 59 0 184 0 0 255 255 255 0 0 0
    255 0 0 255 255 130 0 132 0 255 0 0 255 255 21 0 0 136 231 0 0 0 255
    255 255 0 255 0 0 0 0 142 255 255 0 161 0 0 255 255 0 0 98 255 255 0
    255 255 64 0 0 255 255 87 0 0 168 255 255 0 9 0 78 255 255 255 0 255
    0 255 0 255 0 0 255 0 255 0 255 255 0 0 0 60 0 255 255 0 168 255 174
    255 0 0 0 255 251 148 0 255 154 252 0 255 255 0 255 255 96 255 213 0
    207 129 255 0 0 255 255 112 12 255 255 255 255 0 255 0 255 38 255
    255 255 210 255 255 255 252 0 0 0 0 255 133 0 255 255 106 0 125 0
    255 0 0 255 180 255 0 32 0 0 0 0 0 255 255 239 0 0 0 255 255 0 255 0
    255 0 0 114 255 255 0 75 0 255 255 255 0 176 0 183 0 255 255 255 0
    255 255 0 52 255 255 0 156 255 255 255 0 24 0 255 255 255 255 255
    255 255 255 255 0 255 0 0 255 255 81 43 255 0 0 0 255 255 0 71 0 255
    255 0 0 255 0 0 70 0 255 255 0 237 0 255 255 0 0 0 255 255 0 255 0
    255 0 255 0 0 0 0 255 124 0 0 255 255 255 157 0 0 190 0 0 0 255 255
    0 226 255 255 166 220 0 255 0 0 0 0 0 0 0 0 253 8 255 255 0 255 255
    98 255 59 255 0 0 0 255 255 0 0 255 255 236 0 255 255 255 0 0 0 0
    255 255 134 255 0 255 255 255 0 0 23 68 255 255 0 0 0 255 255 0 255
    0 0 255 14 255 125 255 0 0 0 255 0 79 140 255 106 0 30 255 255 111
    255 0 195 0 0 32 255 255 255 0 0 0 0 255 119 255 0 0 255 0 255 255
    255 255 0 0 0 0 255 255 255 255 107 0 0 255 255 255 255 255 255 255
    0 148 0 179 255 255 255 216 255 255 0 255 0 255 0 0 0 255 255 0 0 0
    120 255 0 255 189 255 0 255 0 255 0 0 255 255 0 255 0 255 0 91 194
    255 0 255 221 62 0 255 118 0 0 0 0 153 255 117 79 255 255 255 29 0
    174 0 255 255 255 255 0 255 0 0 0 255 146 0 50 255 0 255 0 108 255
    255 255 0 255 0 255 126 255 0 0 0 255 0 63 255 172 0 0 0 255 168 31
    0 255 0 255 57 255 0 182 255 255 0 0 255 0 255 0 255 255 255 0 255 0
    255 255 0 255 0 108 0 255 0 255 0 141 0 225 246 0 255 255 0 255 0 0
    0 255 144 255 250 255 26 255 72 0 0 0 255 130 88 0 229 255 120 0 0 0
    255 0 255 255 255 0 255 0 41 0 61 172 0 0 0 255 255 0 255 255 255 0
    192 0 0 208 255 255 0 0 255 255 255 0 0 0 255 255 235 255 255 58 0 0
    0 255 255 0 0 0 255 68 255 0 0 0 0 0 255 255 255 0 255 255 0 0 255
    255 111 255 0 0 117 255 42 255 0 211 0 196 0 0 255 255 255 255 184 0
    255 0 0 0 46 221 255 0 0 0 114 179 255 255 0 255 255 0 0 0 0 185 255
    255 0 240 0 255 244 255 0 255 169 255 17 255 0 16 0 255 255 255 255
    233 255 255 255 0 7 255 18 255 255 255 255 0 0 0 171 255 255 0 255
    121 49 0 255 139 255 0 89 255 0 255 0 255 0 200 255 252 206 0 30 0 0
    255 255 255 255 222 255 255 255 255 21 177 0 255 104 0 99 0 0 0 0
    255 255 255 255 255 255 0 255 0 255 0 255 98 136 255 0 0 166 89 255
    0 23 100 0 255 0 255 0 0 0 255 255 24 0 0 255 255 255 0 255 208 0 0
    255 255 255 0 255 148 255 255 0 0 0 255 98 94 0 0 255 255 0 200 0 0
    255 0 255 0 0 255 76 255 255 255 0 0 89 255 0 0 11 255 0 0 255 255 0
    255 56 255 255 255 255 0 23 0 0 81 255 0 255 0 159 20 255 217 88 0
    255 255 255 0 23 0 255 145 255 0 33 0 0 0 95 114 94 23 255 0 1 255
    255 255 255 255 0 0 0 255 255 255 0 59 126 255 0 0 255 255 89 255
    126 255 0 255 0 74 255 23 255 0 0 0 255 255 0 0 195 33 255 255 0 0 0
    157 0 0 255 255 255 255 255 0 23 0 255 0 0 0 255 255 255 0 88 0 193
    0 0 255 255 0 0 0 0 255 255 122 0 0 255 0 255 0 0 0 249 72 0 27 255
    255 152 0 255 40 255 0 0 0 255 0 255 255 0 0 159 255 255 0 0 0 0 255
    255 0 172 0 255 0 0 0 255 160 255 255 0 51 0 255 255 255 0 0 0 0 255
    255 255 225 255 130 188 29 255 255 0 230 255 0 255 255 255 86 255
    255 255 0 255 255 161 255 0 0 255 0 0 174 218 48 0 255 255 255 0 0 0
    50 189 143 255 255 0 0 0 255 255 255 255 0 128 255 255 78 0 0 255 0
    26 0 255 150 0 81 170 255 0 0 255 156 0 0 0 255 16 0 207 255 154 255
    245 211 0 255 0 255 255 255 0 0 0 244 255 255 255 255 0 0 0 255 0
    255 156 255 167 255 0 255 255 0 220 0 255 0 255 17 255 255 255 0 0
    255 255 255 255 255 0 0 255 255 255 0 0 0 252 0 255 255 0 37 0 0 0
    41 0 0 255 255 255 30 0 0 0 0 255 255 0 255 255 0 0 46 156 132 0 0
    255 255 255 0 0 0 0 255 255 255 0 67 0 142 255 255 255 255 255 0 0 0
    255 0 0 87 41 255 0 255 86 255 0 0 0 0 0 255 0 255 255 255 0 255 255
    255 169 255 50 0 0 0 143 0 68 38 255 0 0 0 0 255 255 255 255 255 0
    255 0 0 255 255 255 0 255 121 255 0 88 55 255 0 0 0 255 255 255 255
    255 0 163 0 0 0 0 255 0 255 255 255 255 255 0 0 0 255 255 0 0 22 255
    0 0 0 255 255 120 255 102 65 255 190 0 0 219 144 190 0 255 255 100 0
    255 26 255 16 0 129 0 255 255 255 255 0 0 0 0 0 5 255 255 47 255 0
    255 0 24 0 255 255 164 255 174 255 144 0 0 255 223 255 0 212 255 0
    255 239 255 0 255 0 0 0 232 255 255 0 51 0 255 0 255 255 0 255 232
    255 0 0 0 255 255 0 0 0 255 255 0 0 255 255 255 0 0 100 0 255 125
    255 255 255 255 0 0 122 255 221 0 240 0 0 0 255</data></your_img>
</opencv_storage>
