<?xml version="1.0"?>
<opencv_storage>
<filter_type>2</filter_type>
<only_luma>0</only_luma>
<r1>1</r1>
<r2>5</r2>
<L2_diff>1.</L2_diff>
<test_img type_id="opencv-matrix">
  <rows>128</rows>
  <cols>256</cols>
  <dt>"3u"</dt>
  <data>
    188 165 233 13 216 79 183 107 224 112 175 12 226 73 21 135 66 98 82
    173 166 110 115 66 0 62 57 239 78 179 166 253 190 218 6 248 71 81
    150 49 83 175 74 202 40 216 58 134 12 90 230 181 72 102 240 122 27 8
    14 97 221 21 139 213 124 241 99 248 221 255 225 182 67 200 7 139 219
    243 148 82 67 46 214 133 117 118 211 168 223 127 165 95 210 227 129
    224 207 30 155 221 155 172 159 155 207 211 6 77 205 138 7 229 173 98
    29 232 174 197 249 44 108 243 27 112 151 96 107 227 246 0 108 226
    150 128 169 5 248 184 211 149 41 189 82 133 219 114 195 10 191 87 59
    238 253 75 177 235 167 72 151 119 244 136 168 186 105 224 143 255
    118 219 63 70 73 221 57 186 89 33 236 23 34 227 155 97 0 178 125 5
    41 35 102 255 24 91 0 222 240 5 208 113 153 91 195 177 244 114 18
    175 29 30 154 79 196 156 146 224 141 238 198 57 86 123 126 86 196 24
    212 44 186 181 248 17 204 152 60 246 44 63 22 89 234 39 232 47 72
    169 122 127 37 56 110 1 241 228 189 210 123 69 166 123 218 107 254
    46 149 53 51 108 24 210 245 188 78 227 173 206 44 248 32 137 172 86
    130 150 77 203 233 193 70 64 167 46 61 21 168 221 219 254 7 40 63 92
    181 94 207 159 20 184 184 111 99 98 75 20 224 188 177 124 119 14 202
    41 154 164 176 21 236 18 250 2 138 127 50 48 106 88 36 127 196 76
    111 166 112 124 143 202 133 52 175 39 108 164 79 215 145 190 193 114
    216 251 188 150 32 121 54 162 12 130 4 200 248 167 184 204 41 92 41
    192 247 7 222 172 115 122 225 149 186 38 24 63 93 252 8 23 129 215 3
    208 163 182 146 179 142 101 48 100 14 121 62 221 153 213 218 136 55
    208 88 152 223 72 60 86 55 216 37 57 241 119 64 175 75 178 160 250
    201 208 160 33 21 158 134 141 171 105 43 246 179 181 225 153 71 84
    217 89 224 129 198 168 163 123 59 169 84 245 233 149 42 152 202 184
    224 243 119 68 130 43 81 199 87 33 98 20 162 238 106 252 169 20 24
    244 190 64 75 155 204 197 111 22 74 248 166 253 177 38 130 90 170
    132 147 209 43 107 171 233 148 157 243 61 48 79 120 171 115 255 53
    114 38 117 121 67 109 220 38 174 189 33 4 237 219 44 153 233 243 33
    16 116 4 135 21 107 235 47 150 12 180 30 18 109 72 107 21 63 54 152
    207 79 183 50 111 104 145 158 98 37 144 217 32 124 248 250 27 188
    142 68 140 166 85 70 89 229 175 189 27 196 171 91 232 119 34 36 199
    127 180 88 101 73 122 161 119 191 8 215 80 242 65 203 243 30 126 99
    25 101 204 115 125 110 182 10 236 85 232 176 75 1 197 145 200 238 51
    134 241 156 241 99 111 222 147 240 127 108 7 59 232 42 203 209 213
    51 221 75 12 41 139 102 120 81 212 213 94 202 196 37 146 226 110 64
    202 77 129 188 152 135 83 113 11 4 231 15 48 100 48 10 204 53 222 83
    224 100 145 28 255 152 36 124 132 131 13 203 103 96 65 222 79 247 21
    61 141 147 118 29 33 178 160 36 207 226 218 125 93 167 184 12 233
    181 221 169 153 62 175 232 122 116 109 32 142 28 251 83 222 23 62 26
    159 215 185 74 196 143 56 251 46 243 128 57 46 73 3 121 92 206 130
    201 28 201 230 210 39 76 22 222 188 217 110 158 134 204 40 155 189
    108 76 149 149 71 2 212 186 107 55 176 49 215 47 209 22 173 6 196 7
    105 118 240 110 208 13 142 54 238 100 168 98 190 26 21 149 206 20
    152 0 211 213 63 21 14 109 175 139 158 198 19 199 7 100 235 228 145
    16 166 31 15 112 144 222 191 227 91 199 170 202 125 62 3 10 114 103
    149 226 169 191 154 143 61 174 121 50 178 221 102 139 56 223 128 105
    51 139 81 171 196 32 224 73 218 125 202 37 255 162 221 56 85 128 23
    56 196 172 155 107 118 51 133 2 235 24 126 254 201 131 214 128 122
    12 152 26 18 97 185 149 127 162 255 246 138 30 69 24 71 93 253 208
    194 17 250 248 36 233 9 136 121 238 215 86 167 100 90 81 72 51 196 3
    10 143 26 179 207 116 119 43 123 176 117 217 45 242 67 194 208 183
    65 225 156 138 56 175 123 46 163 204 201 138 136 91 53 231 232 6 137
    119 80 237 82 252 200 140 157 71 188 167 127 19 53 157 144 205 133
    33 101 15 155 188 251 148 95 23 216 204 234 90 154 113 53 241 247
    232 58 147 43 30 21 15 211 84 216 100 128 26 206 239 108 19 151 249
    98 144 136 124 98 177 81 23 125 245 170 144 217 215 252 91 85 201 9
    66 60 116 92 154 87 147 93 195 120 47 187 241 8 73 166 128 226 34 30
    248 69 180 9 91 229 90 173 116 49 13 143 39 197 74 228 5 252 122 172
    232 188 223 6 52 242 36 175 193 4 146 34 6 251 224 158 38 36 221 237
    126 101 9 31 99 209 72 201 130 64 71 147 182 44 233 225 29 159 1 223
    58 65 205 113 21 196 196 231 140 204 9 45 131 34 176 99 28 167 35
    148 112 171 147 51 89 58 72 95 218 133 77 109 173 24 214 188 202 7
    121 64 138 149 145 164 170 107 255 117 0 187 8 49 207 245 20 194 92
    64 94 229 246 115 106 27 228 194 246 244 12 179 179 239 195 86 194
    120 7 60 147 9 223 55 202 82 205 108 171 64 237 236 128 128 221 252
    177 5 153 14 189 220 241 146 52 145 122 190 61 120 59 129 231 47 139
    115 35 208 32 102 186 28 110 62 124 32 56 170 236 89 207 181 90 76 4
    176 254 172 37 52 11 187 144 232 118 248 66 240 101 33 67 159 19 187
    96 39 59 31 61 254 146 126 43 143 91 145 29 246 67 116 152 132 236 8
    17 150 170 34 198 197 136 193 128 34 43 17 32 68 51 147 238 18 223
    103 219 227 88 26 250 105 53 7 146 116 36 78 77 139 108 77 35 226
    213 43 251 176 127 70 120 8 181 2 214 228 61 183 41 190 51 187 104
    157 87 136 112 216 107 103 44 103 176 6 242 32 232 226 102 107 217
    51 207 178 41 53 178 127 255 238 0 98 184 52 11 133 220 98 36 32 229
    188 206 72 27 37 166 62 23 50 22 67 248 80 166 12 161 46 229 61 141
    85 223 137 6 55 135 162 105 246 187 131 143 118 20 207 132 163 149
    53 41 136 95 220 144 103 112 251 75 216 147 28 50 154 179 32 238 168
    169 57 134 185 60 31 242 179 2 100 53 45 138 202 191 164 231 49 158
    78 43 223 21 239 94 16 250 171 190 96 19 107 90 22 178 50 110 246
    148 241 99 61 89 113 183 206 218 221 110 92 112 221 58 13 87 64 33
    160 133 117 107 71 168 226 167 183 124 155 207 229 200 35 217 88 112
    195 99 222 217 76 50 51 101 161 189 108 148 196 82 86 222 138 31 139
    223 212 70 50 211 142 224 76 88 62 175 150 205 10 41 138 211 198 89
    23 66 85 76 125 81 155 214 107 4 93 226 94 39 200 94 107 12 175 182
    62 59 226 230 52 26 40 215 107 118 99 156 172 32 167 47 107 222 36
    192 101 197 254 85 210 15 120 8 102 238 224 106 34 42 75 172 250 40
    61 130 188 193 213 169 122 196 212 151 193 251 1 101 250 46 42 54 56
    114 73 143 8 101 88 144 120 171 112 250 40 122 55 89 74 102 27 179
    102 114 90 202 28 206 142 134 118 154 102 24 123 83 67 119 33 68 216
    124 222 44 145 178 49 6 184 177 48 11 205 198 234 70 124 252 89 31
    165 208 112 141 80 229 25 118 187 52 137 24 132 180 75 153 127 23 11
    168 197 83 109 63 51 207 25 218 150 110 49 35 80 85 27 216 9 223 223
    163 84 46 198 102 215 190 61 13 208 8 201 7 82 224 73 196 57 39 93
    232 167 190 45 183 87 206 240 108 56 96 62 34 125 171 17 205 177 241
    249 68 186 200 165 19 154 251 194 185 222 217 221 214 66 63 176 145
    92 29 243 42 157 137 196 152 5 62 46 24 250 147 41 131 149 62 210
    229 37 210 69 134 185 24 246 172 239 100 232 188 195 153 166 70 172
    82 37 166 2 162 68 41 161 101 240 150 23 240 84 255 231 135 49 194
    75 37 240 238 231 134 146 197 176 103 113 68 15 251 109 75 108 106
    114 13 174 36 89 223 64 228 134 214 96 83 223 143 15 45 159 80 250
    135 217 222 199 39 201 200 63 108 80 12 46 45 54 3 56 131 217 205
    135 15 35 182 142 127 54 14 175 245 5 70 81 150 23 22 186 78 227 181
    60 83 133 167 234 177 138 102 101 20 65 191 26 155 184 227 199 131
    13 94 143 83 73 249 245 241 146 139 1 245 86 28 153 222 188 134 176
    30 152 104 31 151 199 121 215 39 75 143 7 53 88 53 205 16 161 145
    185 151 247 231 122 143 23 235 107 19 95 171 236 43 135 201 186 132
    134 58 12 246 199 235 203 14 171 239 182 44 0 180 66 47 127 82 147
    27 9 168 189 143 49 151 88 34 210 196 57 86 192 131 157 84 43 181
    247 247 207 63 95 10 124 232 203 105 29 224 113 93 118 179 216 85
    229 24 133 252 86 183 109 161 236 225 56 31 72 89 53 13 193 42 155
    252 68 66 230 105 252 191 79 82 173 60 17 212 54 233 135 201 44 51
    110 240 14 148 89 253 65 124 89 114 7 128 56 148 232 181 83 92 86 66
    113 14 231 205 197 89 191 171 52 130 86 108 136 23 19 193 166 36 95
    224 172 237 247 30 113 134 128 13 168 204 217 230 167 208 22 105 177
    226 137 238 81 109 132 75 253 59 178 111 151 43 167 110 22 107 220
    102 9 9 189 87 33 213 214 220 129 240 3 117 208 20 15 22 91 10 76
    194 246 170 194 200 133 149 171 62 100 145 239 51 58 23 247 144 41
    71 69 81 254 229 227 190 89 114 41 143 55 237 217 179 130 34 156 128
    23 69 215 131 130 177 128 43 254 100 131 150 98 157 225 197 58 154
    191 55 207 3 74 42 55 158 93 244 105 159 98 32 243 7 78 71 185 215
    83 114 183 55 95 119 254 121 42 233 130 202 25 18 235 16 107 86 182
    1 28 171 71 145 88 147 133 161 10 48 188 6 126 35 5 41 97 22 119 105
    78 133 244 205 213 217 145 95 80 193 18 222 4 114 218 92 245 39 245
    224 180 234 92 31 26 249 213 36 99 144 128 203 23 85 241 62 36 39 85
    199 148 211 91 118 197 88 32 85 13 234 216 248 101 149 187 30 86 165
    68 75 36 12 150 154 150 136 103 54 90 250 174 172 92 90 142 106 253
    95 153 58 173 224 179 184 41 197 79 226 250 139 143 160 243 117 184
    70 138 101 81 35 105 138 252 204 41 156 122 149 35 92 12 46 167 236
    173 185 163 51 16 181 66 132 197 167 163 55 175 27 2 24 42 19 207 78
    68 250 29 167 171 48 28 226 39 115 15 0 22 224 254 243 61 62 22 142
    149 88 142 124 143 207 68 152 158 37 238 163 22 239 99 101 84 36 190
    96 183 209 119 2 144 29 161 176 58 135 142 253 226 134 106 40 0 134
    209 221 133 112 50 210 98 186 80 23 145 22 46 187 28 239 209 62 182
    41 18 81 183 240 139 1 100 215 52 1 35 9 120 94 127 97 1 69 230 152
    158 156 120 87 215 38 110 62 165 41 14 53 85 154 205 224 172 193 20
    209 203 235 7 85 140 151 51 220 189 201 135 203 20 121 93 9 96 103
    195 116 172 8 81 154 31 16 19 145 65 84 64 159 249 208 197 89 202 52
    63 65 191 10 166 2 102 171 234 60 72 166 30 34 44 194 74 22 140 189
    236 81 152 124 158 27 132 70 57 151 139 44 198 99 87 108 209 185 235
    143 61 145 143 99 21 66 89 202 94 111 193 103 240 69 250 23 2 160
    127 211 178 105 155 5 49 248 215 145 185 150 233 200 59 195 93 11
    136 122 130 170 234 6 249 16 235 97 85 0 187 38 126 217 77 160 63
    248 182 25 85 43 26 126 201 46 162 38 14 34 45 240 186 108 215 236
    71 94 35 106 191 121 251 179 143 41 213 172 11 27 31 160 3 155 250
    63 235 254 190 18 198 115 234 57 241 194 213 77 172 71 53 94 73 171
    154 215 215 220 153 118 206 253 101 148 188 255 214 181 186 61 119
    222 68 165 162 222 221 89 186 251 228 169 79 243 53 170 6 243 99 144
    17 57 107 142 141 97 117 22 71 121 29 105 218 119 77 55 236 144 244
    50 201 170 77 17 37 241 244 166 179 64 181 127 120 96 13 11 97 98 51
    20 208 12 164 225 227 183 35 252 241 194 45 173 228 216 252 219 4
    219 203 71 154 132 248 62 34 255 129 168 78 117 44 209 99 103 179
    110 95 47 49 216 216 203 247 146 18 172 79 205 4 32 154 43 227 208
    122 214 174 12 185 89 91 222 239 143 23 92 194 153 5 129 113 168 185
    84 169 166 80 132 63 179 89 105 243 65 162 114 248 135 205 66 219
    201 205 60 179 57 198 10 181 227 17 234 234 150 191 123 176 172 105
    163 25 13 57 183 126 3 233 71 137 127 34 137 230 127 29 19 20 81 50
    246 86 54 199 121 136 21 179 105 23 147 225 228 184 76 218 13 190 89
    109 245 211 227 42 19 10 51 179 188 17 40 201 253 53 118 133 191 146
    210 17 125 40 102 199 194 83 177 107 21 162 107 22 68 231 123 35 214
    38 192 44 158 23 153 15 101 64 100 219 136 190 204 22 62 122 229 137
    53 190 154 92 80 96 93 34 76 137 97 1 140 184 238 80 3 46 124 134
    244 65 221 207 177 136 155 16 208 253 52 182 166 233 93 102 230 197
    144 81 12 0 14 19 94 22 157 26 137 129 101 109 249 206 148 57 132
    204 54 93 143 115 141 65 66 251 203 149 178 153 241 192 130 137 240
    203 18 120 170 126 2 43 73 161 90 245 207 152 149 52 142 145 205 248
    189 138 65 204 59 66 254 128 220 120 34 152 59 13 80 161 186 101 74
    63 49 101 114 19 66 165 8 156 72 157 88 30 102 255 79 128 230 199
    107 186 186 5 139 116 144 185 49 158 121 120 39 4 238 214 79 228 83
    179 213 67 110 250 132 177 218 35 228 206 133 123 145 253 28 127 206
    48 168 131 0 33 103 61 155 210 117 230 40 71 188 200 189 115 50 201
    79 181 229 180 118 83 162 207 196 54 19 108 201 153 130 202 114 28
    215 99 235 219 213 74 77 148 12 200 162 70 92 13 124 32 199 72 38
    236 207 4 29 216 94 204 238 69 21 245 15 65 160 88 98 162 197 231
    148 110 147 183 100 102 178 166 85 243 48 69 232 121 148 125 155 8
    34 86 70 53 148 70 197 114 36 82 21 184 186 168 192 245 77 193 14
    131 243 208 150 235 22 225 149 217 137 188 196 14 120 106 78 153 118
    207 22 210 91 169 210 249 108 236 215 218 198 239 178 205 146 76 168
    225 153 186 149 245 223 94 124 125 86 205 146 78 108 213 253 40 170
    197 56 53 184 131 62 133 60 122 69 63 225 135 245 12 200 74 221 26
    226 84 89 212 31 190 251 196 147 136 231 171 21 213 13 4 157 78 207
    240 135 48 17 8 156 142 45 153 117 140 36 218 49 203 19 37 95 78 242
    102 197 39 27 47 19 246 191 92 45 238 3 0 68 162 70 20 93 114 66 234
    13 225 94 41 71 49 26 44 38 138 171 234 186 98 62 123 25 18 244 79
    167 83 50 166 13 23 242 159 58 213 187 195 13 227 43 141 5 83 134
    178 145 165 122 186 54 223 158 154 212 150 165 109 111 17 232 101
    159 43 115 246 162 61 81 81 70 166 220 161 229 102 0 177 241 104 31
    217 171 131 194 151 18 118 37 8 215 149 183 223 38 78 237 235 94 253
    200 224 13 142 191 208 98 241 151 162 87 149 211 61 137 238 24 227 3
    148 227 42 49 83 22 224 230 72 177 125 195 231 4 18 127 84 177 4 169
    160 84 167 233 148 147 137 77 86 244 113 207 46 71 75 232 203 83 243
    12 72 56 32 195 225 248 76 187 186 66 215 9 198 122 157 242 40 86
    230 112 29 119 109 91 246 245 244 188 79 108 226 76 191 223 103 119
    218 252 36 56 7 96 170 92 12 49 245 33 70 141 91 49 186 134 93 10
    192 26 100 26 11 119 142 93 48 106 230 204 115 227 153 24 86 78 247
    160 23 125 249 155 235 54 223 63 26 86 10 148 220 120 9 102 210 119
    206 19 24 85 7 238 124 134 78 102 43 63 105 124 222 127 84 38 230
    155 6 45 123 98 81 163 224 246 49 106 93 140 235 215 44 37 89 144 50
    30 17 180 191 157 160 17 151 49 229 85 16 75 98 138 76 107 25 183
    105 17 98 137 35 63 245 252 132 5 213 175 137 122 60 112 37 171 248
    79 117 95 215 172 128 172 171 45 88 173 133 71 119 107 51 146 36 109
    53 152 186 50 237 228 7 91 65 235 90 187 120 131 204 175 114 2 11 69
    40 213 231 168 90 142 72 184 104 198 210 29 30 227 65 243 201 11 181
    12 50 64 252 12 216 96 78 87 186 229 66 218 37 115 227 114 229 167
    43 116 234 231 101 4 122 155 231 199 54 16 118 215 15 98 5 34 180 90
    194 227 131 202 244 225 237 62 250 24 26 51 140 175 57 169 219 238
    37 240 71 206 216 160 104 185 150 148 122 81 40 20 245 42 50 46 57
    121 105 50 15 209 210 251 122 160 168 136 152 7 222 46 197 69 137 84
    211 154 69 148 81 143 126 137 164 16 21 157 149 184 242 197 229 33
    219 245 18 8 250 71 149 111 186 219 4 5 230 193 35 194 251 119 217
    245 140 118 236 30 85 81 240 97 82 199 190 60 6 142 175 2 199 185 41
    253 153 242 12 137 40 192 120 61 202 115 197 167 138 214 207 83 15
    146 188 196 254 153 208 102 239 161 252 99 161 74 2 96 4 172 135 89
    41 66 232 136 68 10 145 129 223 152 33 18 122 204 243 215 36 52 52
    75 9 156 121 166 206 196 59 239 137 97 146 21 69 237 35 20 142 25 15
    255 8 180 242 186 117 232 103 46 8 188 8 65 8 151 6 30 199 142 178
    226 82 90 71 240 41 89 186 128 169 171 100 64 125 208 21 49 6 244
    174 255 144 35 71 178 254 222 232 177 218 254 183 158 173 231 233
    238 84 127 55 255 181 53 194 11 209 12 99 23 138 96 169 226 58 226
    150 227 40 121 115 245 230 184 231 171 187 206 44 146 245 111 106
    184 107 184 126 208 45 91 110 227 66 89 211 97 13 59 143 81 214 76
    126 18 94 181 102 24 88 94 55 112 218 65 247 90 243 76 151 253 83 8
    174 26 33 201 90 194 129 209 81 68 106 36 110 146 170 151 184 56 172
    159 177 42 4 159 4 126 17 103 15 225 153 71 216 14 175 156 8 233 42
    254 99 148 179 54 130 149 59 248 47 160 46 173 94 158 12 176 83 150
    206 114 224 200 88 113 162 7 155 161 160 5 202 130 81 75 39 59 238
    91 108 1 209 87 183 94 112 148 239 175 53 45 44 233 228 234 219 83
    200 224 165 226 237 238 241 98 133 204 244 172 121 75 85 249 2 183 3
    44 165 73 49 19 174 46 177 241 177 156 103 21 62 15 147 217 255 62
    167 67 23 105 162 173 66 197 63 253 134 142 100 177 255 222 153 169
    104 169 5 182 146 228 202 97 161 241 193 168 123 119 120 101 230 230
    211 191 162 202 145 117 95 87 241 128 96 127 154 88 171 211 244 10
    96 1 108 48 75 17 0 10 147 76 26 131 97 97 131 148 41 65 203 9 186
    114 62 77 51 189 19 160 98 188 100 37 231 3 34 82 199 84 242 62 179
    142 222 32 28 36 248 28 210 250 107 58 117 145 252 79 186 255 143 40
    71 102 219 177 163 254 237 229 63 144 90 67 170 124 202 13 186 5 69
    119 51 186 14 0 171 100 202 96 181 87 249 122 216 116 15 134 87 24
    50 175 66 195 199 254 67 15 114 219 128 28 233 78 193 113 109 19 12
    114 72 88 30 238 185 58 163 241 86 49 133 34 231 36 196 57 244 89 65
    26 230 48 103 7 94 170 0 36 77 206 56 174 36 101 220 69 164 10 135
    98 167 164 126 212 46 59 67 243 173 102 228 110 191 70 25 113 10 89
    226 13 231 213 104 26 91 102 32 12 202 73 218 114 182 99 136 203 190
    46 13 251 82 211 183 61 219 229 135 228 99 8 241 111 101 217 161 107
    178 196 204 143 6 246 61 14 207 231 123 107 46 168 60 191 111 1 245
    72 44 24 227 52 161 95 203 188 13 23 213 185 60 177 131 165 2 146
    167 214 55 9 1 175 224 28 75 153 163 22 238 205 33 164 209 44 123
    207 121 246 188 219 185 30 172 81 131 53 55 93 214 182 73 96 217 118
    164 237 253 207 40 183 109 33 188 29 167 88 182 109 181 168 86 131
    69 102 143 235 68 38 126 42 39 9 227 160 20 43 54 71 195 49 182 80
    59 118 103 8 147 235 140 229 253 91 238 223 148 201 190 134 48 119
    250 223 60 104 90 243 24 95 205 23 80 213 175 236 255 29 33 84 114
    186 42 103 54 72 104 49 40 164 84 187 75 35 139 98 66 195 50 181 34
    87 75 18 20 152 183 234 207 48 165 9 102 238 224 176 167 44 111 105
    65 6 59 141 242 47 246 63 173 155 170 121 137 80 119 224 55 135 128
    232 94 183 131 49 62 152 166 240 161 200 167 138 223 18 32 142 1 217
    226 39 51 32 217 49 121 157 41 101 163 160 163 52 76 172 185 39 56
    171 161 148 41 13 213 220 193 201 161 137 39 151 251 101 9 204 87
    199 38 110 113 14 223 104 175 26 236 203 74 197 77 196 188 138 74
    193 141 17 48 99 8 73 205 27 133 18 106 146 56 233 254 62 224 198
    232 60 201 239 54 148 92 174 103 254 190 78 216 160 69 252 91 86 112
    233 26 123 207 236 161 125 122 218 56 205 160 175 143 110 73 160 233
    225 31 16 74 193 97 225 211 11 106 236 189 144 50 106 102 3 183 79
    187 219 139 240 121 238 193 3 18 40 214 245 231 83 239 187 166 241 8
    65 95 4 229 253 43 173 20 214 127 30 144 151 161 87 70 0 240 211 58
    82 175 77 150 158 112 15 184 71 249 201 129 225 185 63 0 50 18 154
    219 205 215 153 19 130 86 221 202 148 138 25 210 137 76 187 84 43
    188 93 23 179 103 45 114 99 221 149 8 172 48 141 28 100 185 253 89
    217 194 230 61 84 155 8 43 199 109 26 216 3 61 48 159 146 167 198
    156 68 39 220 57 136 24 140 135 234 38 137 122 210 74 111 154 15 87
    201 98 52 65 251 66 35 42 159 147 71 43 20 217 223 227 37 69 149 109
    252 72 166 186 245 10 0 25 104 122 135 119 11 50 212 91 138 173 165
    175 157 114 151 172 249 46 52 70 205 147 216 90 132 252 36 137 200
    54 173 5 153 69 41 245 222 23 175 231 24 120 112 160 200 245 104 113
    231 159 242 220 212 86 35 5 96 32 99 114 141 229 255 201 132 216 99
    94 168 107 255 56 103 69 124 154 57 24 80 43 207 160 84 110 5 166
    111 78 125 184 200 91 137 32 2 0 251 108 98 229 217 98 196 255 3 237
    188 89 40 255 203 196 97 173 129 117 79 162 210 30 108 156 98 148 55
    143 207 42 91 34 235 6 240 52 97 249 50 97 10 227 162 12 32 47 225
    105 43 36 38 221 181 103 187 88 13 193 107 164 108 22 28 136 93 189
    201 241 236 69 252 171 218 76 112 6 224 71 136 110 84 209 124 187 53
    13 175 230 27 90 204 2 45 169 43 87 108 171 234 134 147 87 145 41
    193 2 141 76 58 214 96 83 64 91 34 231 30 197 59 22 114 208 20 110
    185 162 9 43 222 81 148 22 85 10 210 156 221 140 3 83 0 70 18 248
    115 186 72 76 198 225 205 85 197 187 13 162 70 54 214 4 182 158 186
    207 70 76 37 172 198 69 158 132 103 13 211 5 224 132 96 109 237 182
    237 81 12 98 106 39 224 10 121 190 41 222 71 19 157 244 131 168 127
    170 21 250 152 84 114 198 48 255 24 251 188 108 233 134 218 86 237
    95 126 59 85 154 148 185 93 14 25 68 130 111 97 174 129 195 244 32
    129 23 3 175 107 20 234 232 106 129 21 247 162 123 213 98 149 125
    158 183 93 207 67 22 85 17 201 233 129 192 16 149 193 19 141 135 210
    139 50 63 128 231 43 96 87 40 6 242 172 144 130 104 242 14 18 184 43
    136 98 175 208 4 150 209 35 129 251 140 8 206 157 63 218 177 133 127
    142 224 86 225 19 199 214 180 214 20 145 95 8 106 192 246 44 114 41
    65 64 249 224 58 132 197 29 227 194 72 32 23 29 241 96 23 131 162
    151 235 152 181 173 212 212 26 224 80 59 249 137 155 188 173 183 58
    234 169 116 203 93 155 202 201 168 109 45 85 0 126 52 101 93 5 96
    149 196 21 218 195 69 167 5 201 56 251 206 201 100 184 243 194 73 91
    34 226 225 43 168 10 42 0 50 19 169 205 175 218 125 148 154 238 251
    152 73 144 1 223 46 206 44 31 60 147 14 177 43 20 129 7 102 96 30
    128 49 29 216 80 87 61 7 223 35 107 207 49 219 244 107 70 169 134 26
    26 158 162 253 102 64 157 253 73 76 26 87 14 88 109 6 159 229 59 25
    233 249 127 182 12 36 116 239 170 54 103 116 200 173 53 130 52 241
    101 205 247 197 82 172 221 221 192 132 115 252 210 29 63 11 231 202
    123 148 204 47 14 110 112 114 58 188 191 198 210 8 135 218 159 130
    24 30 136 131 130 168 135 237 157 73 1 165 167 210 125 13 254 233
    123 110 45 153 235 238 172 200 166 38 133 191 33 236 152 14 152 101
    33 131 248 129 39 88 14 206 254 115 72 144 145 172 2 11 175 186 111
    242 237 72 77 49 101 196 163 69 176 206 2 106 96 7 226 218 174 97 27
    45 63 68 235 199 71 185 211 201 32 28 66 229 236 141 12 53 110 158
    196 88 102 6 118 65 49 38 68 236 123 252 247 178 250 242 180 19 160
    184 26 104 202 66 237 232 152 99 194 94 36 49 99 132 99 158 160 219
    25 88 68 20 233 22 222 243 27 58 135 216 63 62 225 33 205 104 88 153
    217 246 72 177 21 45 106 176 127 118 170 15 4 72 207 100 246 95 31
    193 98 165 161 252 57 146 169 191 245 230 45 57 27 127 66 228 54 8
    216 72 234 35 64 150 113 54 158 121 30 42 190 94 230 160 8 33 61 233
    8 101 40 61 151 2 203 129 96 197 101 186 110 163 202 179 169 170 240
    223 89 216 85 55 171 118 20 171 205 160 110 170 48 190 218 64 208 92
    45 19 75 7 190 224 108 251 75 202 254 82 182 162 115 42 229 29 182
    11 116 66 50 63 215 199 144 173 151 73 33 120 69 128 58 157 167 175
    92 161 2 12 29 192 122 252 190 61 223 191 106 81 48 10 32 242 132
    136 244 41 149 94 159 151 123 152 39 85 79 116 208 228 125 137 35 7
    97 78 52 209 125 196 37 175 158 124 23 176 147 236 213 90 95 113 199
    145 174 229 24 25 27 145 250 62 101 113 226 81 139 209 159 193 175
    148 227 230 17 64 55 226 8 183 3 80 126 199 66 54 27 238 90 103 189
    222 228 40 105 120 208 103 6 39 129 110 123 80 5 17 55 11 59 26 2 18
    175 246 158 43 187 206 34 124 70 48 160 129 152 105 135 44 70 47 59
    213 148 31 0 213 162 153 105 82 91 130 244 155 66 253 69 50 94 230
    37 226 176 153 115 111 220 198 143 60 12 110 188 115 237 55 153 83 3
    9 43 80 88 164 248 54 198 253 169 76 102 247 207 52 82 197 61 121
    123 246 28 210 16 14 74 174 209 209 4 52 113 234 197 168 252 103 165
    125 245 8 90 58 159 113 29 31 159 152 205 208 144 173 90 95 218 86
    148 203 220 38 127 61 255 180 140 8 177 22 225 141 48 195 106 172 35
    95 12 24 111 94 21 178 217 141 253 20 29 65 218 172 17 150 50 90 83
    171 207 35 247 32 66 158 148 218 215 72 55 5 217 21 51 158 170 158
    231 140 148 153 166 104 0 129 245 55 68 88 245 68 177 110 183 97 122
    134 102 185 241 83 202 138 165 180 117 126 64 60 166 72 100 113 44
    110 74 33 165 139 76 64 95 156 225 114 180 235 3 126 123 210 0 65
    220 201 229 73 217 218 54 204 42 95 214 139 39 170 138 62 146 6 107
    64 220 136 76 50 56 14 134 156 16 207 74 229 241 229 183 239 31 109
    195 103 247 193 235 107 153 27 160 203 166 91 59 74 102 76 18 254 24
    80 88 229 190 11 181 8 122 70 197 44 17 122 109 154 206 137 20 12
    252 86 138 121 18 189 197 210 8 117 33 33 174 105 236 148 57 8 13
    240 101 67 33 57 253 192 255 110 118 191 72 11 115 91 143 108 61 80
    53 162 64 123 101 52 27 96 172 60 179 122 90 9 253 6 223 47 162 20
    191 247 128 93 187 196 219 154 56 23 91 246 195 206 124 102 214 186
    183 253 6 87 122 164 154 135 241 236 15 24 69 215 14 100 118 122 36
    143 131 145 217 134 27 32 209 169 187 218 254 18 146 127 60 237 170
    9 12 145 228 119 24 73 89 110 21 63 236 135 75 103 204 244 195 142
    49 51 177 157 132 33 56 75 93 16 142 93 4 155 180 255 41 100 181 53
    37 11 223 148 229 195 53 220 57 37 147 2 109 27 182 55 135 104 10
    244 53 128 19 70 78 3 9 25 41 137 199 26 181 36 52 199 104 92 190
    108 133 170 239 27 162 110 124 254 78 16 154 84 76 91 76 108 105 39
    8 44 60 238 106 179 144 79 197 71 36 207 229 221 206 237 137 169 29
    134 57 227 10 13 167 220 96 93 95 250 219 60 110 121 88 114 134 116
    128 91 225 100 240 43 175 12 129 210 184 238 158 242 171 158 239 187
    234 93 19 161 135 211 231 74 86 29 71 6 79 136 236 143 111 82 123 49
    70 236 147 252 21 5 92 55 212 40 168 76 69 110 54 168 73 224 21 228
    37 95 172 235 88 177 207 252 52 76 227 250 192 226 76 201 82 108 59
    89 171 68 152 82 195 120 29 1 145 22 239 96 86 200 212 69 143 179
    242 254 10 189 211 204 178 126 16 15 112 159 17 92 0 64 132 52 105
    94 50 75 247 105 62 145 152 18 31 116 36 239 167 237 253 29 129 100
    210 138 92 59 234 153 112 22 93 218 17 54 33 34 202 238 35 199 165
    17 142 65 168 157 22 113 251 252 195 245 217 219 235 59 221 56 245
    205 214 2 16 49 121 108 27 230 101 176 95 177 204 125 242 14 6 108
    83 157 143 39 1 220 160 157 24 231 248 159 162 43 218 56 88 22 100
    223 100 85 86 101 155 71 161 20 59 119 103 86 88 210 172 246 212 223
    137 207 3 58 82 209 44 97 163 241 34 76 197 243 39 58 214 104 36 216
    215 244 5 219 137 127 108 54 190 246 169 4 187 178 151 230 247 26
    150 212 85 160 175 36 161 47 238 244 6 88 235 129 191 37 57 125 234
    126 209 205 55 209 71 115 71 90 213 210 185 25 130 45 193 111 1 112
    21 78 230 146 196 75 249 200 206 60 185 85 140 78 85 69 32 226 73
    250 40 4 113 66 162 45 147 5 224 93 177 141 85 64 195 63 186 74 211
    181 78 201 193 161 199 188 238 12 15 29 41 174 56 106 19 111 213 193
    128 229 248 64 30 57 240 0 228 9 220 76 184 129 112 104 167 106 95
    13 72 153 88 216 201 147 108 60 216 230 166 65 180 177 138 101 34
    126 25 245 228 147 155 203 49 85 14 81 62 104 1 234 214 0 58 181 56
    24 44 234 98 170 155 24 189 64 43 234 69 131 25 254 165 177 209 211
    50 97 230 227 153 184 75 39 0 253 254 83 171 247 231 76 5 159 95 162
    246 231 9 151 190 108 82 146 13 77 246 40 233 29 130 245 52 5 182 36
    2 39 254 104 30 184 26 16 32 0 113 187 107 64 244 28 160 198 140 206
    247 107 195 127 158 65 119 50 73 157 207 200 74 102 214 191 10 118
    223 6 119 173 221 37 167 249 176 51 197 117 70 210 24 7 231 123 183
    225 148 249 207 18 74 159 241 207 33 249 125 133 130 13 8 255 17 228
    250 215 101 110 125 5 48 230 226 140 208 108 4 107 118 97 15 180 131
    57 27 175 250 99 38 28 237 80 125 102 115 249 207 20 97 254 70 108
    173 19 51 85 140 65 45 237 15 71 48 216 250 36 13 8 32 108 250 128
    108 83 71 133 125 142 178 110 208 0 21 10 238 218 170 162 39 111 175
    231 150 55 45 165 88 127 216 206 81 181 136 4 213 90 249 234 94 122
    174 82 239 223 32 197 206 171 224 93 86 8 18 36 104 122 32 26 136
    102 45 151 254 135 58 139 232 243 251 44 19 108 69 126 111 201 205
    243 247 79 179 175 192 93 34 23 18 32 58 238 238 59 137 51 213 172
    30 76 23 212 109 232 83 190 200 80 167 122 66 233 142 216 118 23 248
    135 135 157 205 40 169 93 6 44 152 78 160 26 69 235 192 202 149 195
    81 94 167 90 28 140 155 175 185 226 14 246 44 145 19 12 55 8 87 82
    70 137 210 56 247 33 98 139 109 223 218 63 60 117 240 61 91 160 106
    160 67 188 162 90 67 71 53 81 28 201 4 144 168 103 153 102 72 80 20
    35 173 254 12 31 26 55 150 163 241 123 175 88 12 17 186 234 8 68 208
    71 109 31 8 186 51 235 238 1 104 215 60 118 117 144 37 234 245 26
    200 3 88 42 151 101 67 121 154 28 36 62 238 252 245 19 239 73 64 243
    158 142 70 42 185 46 173 4 28 48 91 8 201 162 151 146 33 127 113 45
    4 236 222 121 211 247 7 25 228 104 65 234 161 47 128 58 160 125 53
    111 146 114 198 42 151 74 212 119 70 37 199 147 152 218 158 57 58
    213 114 73 106 234 23 40 97 148 229 119 70 103 25 26 92 50 108 134
    253 157 166 181 76 28 56 3 77 226 252 25 122 197 118 27 72 79 59 227
    248 204 83 45 255 161 235 186 175 88 143 126 18 177 56 113 219 20
    217 214 216 117 59 15 47 161 100 167 134 216 153 181 231 53 11 82
    230 112 59 70 180 135 36 163 51 226 78 137 143 87 79 143 64 35 77
    225 74 121 93 217 47 222 62 7 111 58 186 160 218 231 54 60 34 145 80
    112 190 234 7 109 76 129 194 147 129 27 8 217 83 249 251 232 216 109
    37 33 30 156 6 239 158 42 40 128 130 90 184 254 212 115 120 240 223
    43 173 209 152 46 204 229 44 71 186 114 2 127 119 135 65 153 135 33
    101 109 236 241 192 254 232 197 64 36 119 113 50 226 86 45 74 175 51
    231 240 219 251 3 90 184 39 14 27 251 218 123 229 59 8 135 2 180 241
    130 94 55 125 85 50 22 106 242 122 172 238 183 40 182 30 9 140 87
    217 129 5 146 164 83 186 86 11 46 149 116 221 7 113 143 13 40 229
    200 111 155 188 117 64 188 154 20 11 248 195 106 217 241 67 187 76
    165 29 187 109 9 97 201 19 146 181 3 170 235 137 122 69 195 244 209
    87 67 226 55 7 96 227 84 208 124 238 222 242 153 22 121 77 213 38
    163 141 252 95 239 209 104 83 213 13 45 90 194 27 105 2 244 20 7 218
    56 153 195 203 147 124 25 98 36 167 240 133 80 110 6 173 21 139 123
    102 53 160 144 1 220 207 6 38 254 176 78 103 172 39 231 58 131 224
    224 120 57 242 246 16 212 72 144 114 69 66 108 162 19 106 238 203
    107 149 131 74 130 172 2 255 9 239 16 171 200 140 154 189 186 154
    149 55 9 164 80 2 145 148 179 146 80 146 101 55 255 241 126 129 33
    46 4 242 15 155 178 225 238 212 81 126 200 67 249 101 25 139 169 73
    111 211 115 71 79 171 9 109 15 36 91 245 26 147 238 165 76 216 135
    15 98 11 144 159 206 201 52 188 64 153 135 152 205 121 209 210 217
    41 165 99 149 174 120 20 143 29 134 39 85 111 182 74 64 238 108 92
    39 74 151 166 228 99 207 100 108 226 98 58 7 123 194 63 139 195 131
    250 35 149 205 194 36 9 63 171 215 171 194 237 4 83 7 202 132 63 239
    237 138 165 77 22 218 132 189 57 159 60 14 131 227 191 30 203 204
    133 91 115 2 51 125 56 217 253 248 140 142 27 19 179 70 27 13 67 105
    176 163 161 125 89 137 15 44 138 122 115 57 81 29 150 233 132 144
    216 19 222 243 87 217 165 22 159 167 107 182 86 79 30 32 207 208 236
    128 212 133 22 168 184 140 211 18 104 23 246 15 187 187 131 95 183 0
    62 23 98 16 91 180 197 91 140 81 192 164 88 147 126 217 128 227 87
    148 8 220 209 151 185 143 27 140 195 12 104 75 214 76 218 194 128 58
    7 138 138 130 91 82 62 165 221 240 67 121 174 41 109 1 197 194 203
    140 125 229 36 20 46 143 123 40 253 28 13 61 168 177 61 214 125 186
    168 237 13 112 57 85 163 180 60 156 6 214 251 66 156 44 150 20 82
    159 118 60 87 131 99 245 82 169 184 230 220 124 212 117 84 249 117
    128 30 63 246 209 112 41 251 130 89 120 0 189 26 221 121 229 214 241
    240 103 82 20 32 239 253 167 21 148 249 175 244 127 22 208 124 181
    13 92 215 92 5 121 51 216 73 71 18 84 102 105 230 110 17 22 99 129
    96 27 33 177 145 56 249 242 219 54 15 238 175 109 81 194 210 164 131
    129 173 165 254 179 238 248 46 93 25 5 55 79 189 113 162 50 130 114
    168 46 212 166 244 69 183 60 125 243 8 120 62 110 38 101 241 172 202
    117 205 58 49 100 254 20 86 118 195 139 37 133 235 143 65 120 83 215
    41 161 82 204 241 83 114 33 236 29 95 107 157 120 204 23 17 40 99 47
    9 29 161 157 230 103 176 129 190 28 135 67 169 154 233 131 210 1 2
    135 141 63 97 111 255 97 254 179 140 58 152 249 163 109 149 85 28
    151 98 246 48 174 43 99 216 225 205 16 77 57 180 122 246 159 113 63
    241 90 211 143 226 136 65 113 149 27 149 239 94 58 252 148 198 102
    226 177 253 209 201 43 251 105 217 51 215 143 181 129 161 56 232 39
    127 122 95 194 104 190 13 216 108 71 64 25 165 93 56 221 57 253 129
    108 102 80 141 225 67 97 239 119 138 116 44 244 236 131 17 141 133
    241 142 76 226 195 130 21 153 123 183 215 61 0 122 25 186 194 13 37
    97 8 82 249 38 88 63 162 62 87 175 72 45 236 45 203 139 124 175 175
    33 106 64 205 24 105 11 174 2 156 7 26 8 4 229 242 99 17 183 228 25
    247 198 213 91 76 69 48 154 218 238 112 183 45 147 242 99 232 249 89
    56 1 57 44 160 20 187 169 145 218 138 56 89 223 56 206 66 168 83 114
    185 64 142 241 11 108 250 6 151 23 131 70 229 163 43 144 86 106 209
    243 165 98 69 137 82 231 229 60 243 243 186 43 185 76 127 173 122
    122 147 69 138 62 100 188 64 232 135 119 163 148 143 24 13 25 29 108
    86 46 215 83 157 6 84 157 105 48 199 173 13 218 231 11 168 137 24 10
    119 230 20 142 242 74 4 171 211 240 123 194 16 130 188 216 170 125
    49 156 225 238 137 172 34 246 153 109 112 27 225 251 27 172 63 143
    122 154 240 174 149 93 18 160 92 173 55 100 179 198 20 215 104 188
    226 30 224 245 224 209 4 135 242 209 231 183 49 227 186 114 127 239
    141 212 110 236 171 152 120 231 85 0 27 205 114 6 144 193 197 71 17
    15 69 112 156 130 78 138 30 33 214 116 135 50 172 27 65 140 201 84
    146 72 241 215 249 137 163 92 243 228 108 218 61 72 109 190 122 252
    6 102 80 15 152 186 231 144 124 191 119 128 177 204 194 31 150 66
    231 230 97 47 127 69 137 145 18 103 112 21 29 1 207 168 240 116 113
    24 180 182 105 191 177 181 200 201 249 89 71 104 51 53 136 202 14
    190 144 122 245 239 254 220 185 175 230 20 236 24 204 83 79 228 244
    9 224 239 142 32 11 179 32 158 148 199 203 169 115 220 230 134 172
    137 57 217 72 241 161 192 97 203 255 25 233 8 80 175 34 177 31 207
    122 2 28 138 75 67 237 206 167 246 172 147 40 77 230 235 52 155 225
    146 183 175 98 114 217 142 70 182 61 108 82 54 166 77 216 106 164
    134 1 243 49 174 24 127 188 102 8 196 86 24 146 203 202 226 96 126
    45 233 154 172 50 169 217 26 190 192 157 243 72 131 126 30 154 29
    171 24 33 210 153 185 158 216 79 130 100 136 192 10 210 157 61 207
    223 141 139 61 240 200 40 26 248 23 11 250 128 212 25 78 175 117 40
    72 69 162 228 64 147 21 163 0 80 63 209 13 104 142 246 138 60 233
    177 159 188 146 170 22 219 83 136 176 115 210 160 126 146 120 39 1
    37 82 228 229 104 10 233 86 196 187 166 178 182 104 59 210 112 120
    186 209 15 64 93 61 74 224 123 140 163 232 74 130 123 233 59 191 3
    132 63 191 7 181 182 38 200 169 82 57 32 143 165 226 62 61 71 81 128
    223 129 183 78 94 210 179 132 25 213 215 218 92 13 173 45 208 95 200
    242 83 34 92 57 76 170 186 164 22 128 121 95 128 33 111 44 236 38 97
    81 54 114 3 31 53 156 129 69 143 157 150 189 178 57 104 56 0 241 8
    221 93 89 63 157 208 216 66 144 31 54 33 240 130 148 191 30 149 180
    195 174 187 225 246 104 4 255 109 241 50 170 175 255 120 82 26 40
    183 28 101 66 9 82 250 49 189 19 26 234 202 187 160 94 255 173 159
    164 12 141 10 100 3 154 140 242 14 43 205 8 47 92 80 195 113 182 227
    244 13 9 168 187 7 157 188 15 255 22 202 176 150 32 205 206 67 212
    246 103 172 31 193 112 80 156 239 230 244 12 214 19 69 43 92 253 152
    165 140 27 142 69 160 109 61 180 209 11 158 9 54 108 245 141 44 153
    12 111 221 230 54 17 21 47 127 59 164 104 9 129 85 115 227 135 237
    112 136 123 136 13 25 125 20 227 120 31 116 217 196 181 112 65 217
    59 204 146 158 165 251 232 51 197 28 203 127 229 220 224 168 61 152
    124 62 12 48 132 210 201 176 74 7 95 209 227 48 45 20 81 152 144 254
    115 12 13 228 29 17 123 99 162 253 180 165 174 104 125 50 39 190 227
    107 84 128 253 13 71 214 210 241 227 222 35 140 227 157 245 4 214
    102 105 120 173 241 91 26 231 67 100 28 249 148 149 121 42 70 67 149
    206 254 255 66 82 191 249 114 247 196 228 216 238 159 98 33 81 156
    152 47 73 61 184 240 64 64 4 162 86 88 49 178 84 241 92 181 240 213
    108 119 51 29 235 150 59 222 213 220 214 161 41 192 182 241 5 149
    122 188 214 164 10 51 207 157 152 179 35 42 109 152 72 127 84 32 120
    79 13 151 75 95 34 250 160 5 33 190 203 83 102 135 16 216 186 219 93
    72 23 6 239 51 219 249 134 132 94 221 38 55 53 146 197 57 108 131
    200 49 212 153 65 172 51 145 127 132 204 152 185 76 73 63 7 128 59
    127 31 99 237 129 26 1 157 200 185 60 243 128 139 175 12 6 1 45 162
    124 143 238 217 166 79 150 209 129 95 219 141 70 32 125 164 31 249
    39 27 232 169 9 123 190 205 130 53 255 86 190 213 42 250 184 153 115
    84 147 153 213 7 200 190 205 109 47 169 161 149 196 73 201 241 57 86
    185 225 195 70 19 216 21 156 254 17 182 100 1 189 239 108 61 22 93
    212 159 173 226 69 210 7 15 244 56 106 15 249 225 203 32 1 215 147 3
    208 106 248 80 45 183 170 7 177 66 25 76 88 85 197 166 179 173 41 94
    192 119 146 148 117 158 151 69 26 29 17 65 194 77 206 197 39 192 247
    211 37 108 102 232 145 6 122 242 139 24 90 160 161 246 89 184 70 225
    1 67 30 171 47 75 203 178 101 204 132 72 251 64 119 2 141 53 225 162
    194 193 152 60 228 23 150 173 165 23 249 206 174 29 207 187 19 1 24
    21 32 137 38 125 92 53 221 157 85 251 70 113 134 18 248 170 1 91 173
    105 45 152 0 46 119 115 108 120 3 127 200 131 64 0 119 77 222 158 73
    155 43 133 16 253 198 153 79 74 182 61 180 76 107 78 193 122 254 10
    151 203 243 80 178 152 19 222 126 5 31 147 149 233 177 255 177 57
    157 44 231 93 246 45 222 91 12 33 13 125 54 234 84 17 188 182 113
    240 214 100 46 135 99 100 162 66 69 159 157 134 176 184 88 129 9 78
    189 210 36 129 55 218 30 137 83 113 92 194 71 93 212 39 128 199 80
    39 9 226 109 5 181 76 11 51 47 201 233 154 172 158 255 177 20 141
    229 16 68 243 13 51 91 92 189 49 103 244 3 64 86 35 64 37 221 81 105
    130 15 5 72 52 67 81 236 41 120 204 215 32 201 180 175 118 190 250
    22 235 182 223 182 73 159 151 106 219 116 210 104 106 136 171 204
    176 39 48 252 107 118 3 132 11 25 208 63 19 70 137 73 231 122 4 218
    35 83 220 141 224 26 201 239 100 61 240 73 51 67 66 175 49 99 211
    177 31 105 160 60 31 232 252 249 250 118 16 244 149 58 152 80 142 74
    241 179 241 64 91 142 162 10 123 251 197 182 212 127 145 201 85 7
    135 170 241 4 126 202 184 108 129 249 83 159 189 145 241 122 101 149
    207 200 36 91 245 49 232 76 107 230 16 173 17 213 39 104 121 250 104
    70 60 244 189 153 16 224 233 245 115 6 207 69 63 46 89 182 170 2 145
    73 239 99 91 252 16 6 95 154 142 113 181 185 135 160 164 131 199 59
    209 203 186 94 235 221 132 202 62 246 179 235 115 116 230 58 132 184
    230 96 120 23 248 131 180 211 67 125 224 228 201 24 254 73 254 215
    235 214 23 36 0 25 84 254 8 2 244 190 158 157 233 8 17 236 33 68 76
    81 113 96 93 76 163 122 150 154 81 49 120 155 206 77 155 190 140 162
    156 205 205 34 68 244 145 73 244 211 165 111 139 63 213 77 195 134
    96 57 196 135 89 239 40 209 223 121 183 162 146 113 0 32 223 237 167
    108 57 226 117 224 6 119 123 168 60 191 253 71 55 255 2 196 180 225
    40 45 215 220 64 60 149 142 163 60 8 242 159 71 38 2 158 49 6 118
    207 167 101 73 86 212 65 116 86 52 6 216 60 220 97 120 37 78 61 176
    116 248 116 31 129 151 25 166 175 232 214 193 41 175 131 26 229 226
    240 132 76 142 56 33 124 57 219 80 119 54 134 85 145 138 255 59 139
    174 47 15 196 251 191 222 90 149 210 213 213 198 34 147 141 21 4 72
    156 125 223 216 214 5 136 53 242 48 138 67 75 134 202 195 123 216
    203 237 124 178 207 74 185 71 63 49 49 19 72 140 5 50 13 187 203 113
    31 24 0 12 148 120 79 231 208 1 203 220 250 196 31 244 230 180 11 82
    18 60 191 252 146 246 176 91 189 238 73 23 70 141 163 177 55 250 212
    218 250 119 224 112 60 223 228 193 123 83 126 146 102 142 130 2 159
    168 83 255 66 44 10 221 75 132 89 93 211 193 117 80 140 0 1 36 88 41
    186 219 36 136 212 34 71 253 225 194 112 221 5 64 191 36 104 128 49
    213 93 155 209 245 175 198 228 203 7 92 54 203 238 105 39 41 114 39
    34 64 178 255 140 3 98 202 98 69 155 70 175 171 68 149 148 72 156
    111 191 141 87 153 105 111 120 47 74 190 83 37 211 121 26 138 162
    185 68 41 74 190 66 85 154 216 108 208 196 200 151 12 233 176 234 66
    210 44 34 173 58 227 60 179 19 72 106 79 50 135 130 6 168 61 178 189
    44 112 118 73 179 9 201 158 58 135 228 4 145 200 120 162 204 129 181
    230 216 50 10 99 26 122 240 114 25 58 13 25 233 91 152 11 85 182 32
    206 86 118 243 245 201 155 82 249 142 145 112 172 64 92 103 152 236
    25 174 71 252 36 177 181 136 78 191 25 7 66 128 192 100 253 59 63
    232 123 157 161 195 84 123 178 238 76 78 11 208 182 116 228 75 59
    104 151 34 244 254 85 255 37 143 139 122 96 110 132 203 45 250 80
    202 2 220 86 38 163 232 39 239 181 194 208 19 200 122 232 171 122 72
    255 168 109 202 185 255 172 53 62 227 121 234 126 188 242 123 197 57
    194 12 253 71 154 35 149 247 127 233 76 145 239 3 164 217 173 16 165
    250 33 85 133 37 9 14 78 229 38 124 19 117 0 240 123 87 92 61 47 218
    112 179 12 89 218 27 7 224 236 190 12 225 158 20 167 45 85 250 157
    98 19 208 42 17 72 239 113 54 144 234 89 227 135 180 116 21 151 168
    15 10 207 89 198 76 39 56 45 96 10 112 135 34 32 221 87 89 122 196
    77 4 43 24 174 30 210 249 230 36 84 56 16 204 105 148 223 158 155
    164 217 174 80 77 93 67 203 23 201 230 217 127 86 140 76 221 4 125
    103 148 143 97 248 75 148 28 136 31 207 199 117 144 119 133 99 3 22
    26 223 74 245 198 128 242 181 47 222 220 81 168 212 141 130 212 130
    129 87 180 209 108 145 127 238 127 19 39 219 128 130 152 103 74 183
    112 248 236 43 244 122 162 176 132 154 137 136 150 56 230 29 60 84
    49 244 98 236 66 149 10 98 241 190 154 124 139 47 68 138 177 95 22
    153 62 122 132 44 219 84 40 178 205 93 116 195 15 32 8 253 181 45
    241 47 5 78 2 177 96 126 251 7 97 31 248 86 50 89 112 18 15 185 133
    226 198 110 92 180 141 135 214 184 88 6 102 209 14 223 85 37 208 207
    29 234 201 252 235 116 20 116 119 164 250 212 219 0 62 113 245 68 45
    147 120 139 138 255 145 38 153 176 187 17 98 13 174 25 245 162 73
    156 77 21 23 32 117 164 164 155 77 250 240 175 14 151 22 216 101 83
    91 148 112 180 55 76 9 145 97 252 88 251 5 74 151 219 211 67 128 24
    35 46 27 125 30 169 70 192 244 35 173 195 29 236 145 202 148 58 230
    72 204 10 129 112 148 101 28 219 133 17 233 86 91 225 21 131 130 76
    173 134 125 234 118 138 192 186 175 180 126 7 155 127 252 254 44 135
    159 49 31 10 153 124 158 54 164 194 215 87 62 21 6 218 15 147 228
    125 2 108 233 219 127 152 117 218 29 166 18 103 82 183 242 9 152 117
    129 49 28 248 149 57 6 49 180 157 198 198 80 240 148 241 173 243 49
    109 173 133 6 15 92 141 105 3 131 35 0 236 90 37 73 238 64 213 77
    222 223 240 83 42 117 23 225 67 243 245 179 249 222 113 196 137 211
    118 123 97 50 168 75 185 41 166 213 177 216 132 96 225 200 185 191
    190 115 232 26 235 114 132 55 236 55 138 109 158 129 240 83 189 47
    160 169 156 186 160 187 98 204 82 45 192 11 86 188 104 36 27 178 123
    161 93 224 168 68 22 139 215 232 85 138 51 64 47 188 55 181 94 90
    198 183 204 190 142 223 108 0 198 53 172 107 67 63 169 217 190 222
    249 213 144 7 186 176 174 6 32 4 71 134 7 108 185 191 177 248 243 17
    95 67 46 114 158 41 166 7 255 208 48 75 33 164 230 78 219 20 132 235
    214 121 161 221 46 201 120 74 79 244 193 135 132 139 182 62 21 1 55
    196 41 136 140 200 24 11 130 38 4 131 192 136 206 45 131 13 64 207
    36 156 98 69 112 99 17 238 191 231 250 65 44 181 72 146 127 126 182
    74 245 181 39 53 238 36 169 214 231 28 1 166 120 120 58 159 47 75 97
    91 136 46 217 212 113 74 143 217 72 180 152 129 92 145 95 14 246 70
    66 232 129 11 130 136 242 12 128 77 106 223 239 175 45 245 1 153 73
    235 146 84 11 52 17 82 61 142 132 164 200 33 199 24 224 207 152 169
    17 202 130 248 66 127 229 31 169 186 103 49 180 222 193 209 127 7
    231 136 144 39 149 92 181 240 81 13 236 208 155 35 185 26 224 188
    189 89 37 249 125 118 212 17 102 215 123 14 245 24 135 88 81 71 68
    62 214 231 6 49 87 96 248 47 168 60 233 25 147 212 109 17 237 131
    204 248 245 132 59 239 244 170 76 94 137 238 35 175 80 235 206 131
    206 77 155 61 236 202 170 172 165 229 246 150 219 252 126 99 48 33 8
    243 146 131 114 174 224 166 244 213 225 69 97 178 110 185 171 143
    241 46 119 228 228 246 111 148 25 216 129 152 34 84 188 33 161 251
    37 94 49 227 32 99 115 238 127 83 7 49 163 50 15 59 7 64 213 188 234
    141 21 155 179 96 108 184 198 71 17 232 110 7 255 235 220 7 242 28
    219 224 123 174 238 27 194 82 29 87 39 101 250 38 157 2 249 91 211 9
    44 198 162 251 161 241 89 53 173 177 151 64 157 47 242 180 147 133
    37 200 120 124 195 74 193 44 99 40 39 70 45 50 233 229 168 170 157
    94 129 120 114 73 197 194 145 30 5 223 183 157 147 107 77 28 15 58
    190 133 205 19 5 183 206 114 255 21 73 98 140 39 114 251 201 210 131
    178 136 207 245 126 4 155 111 132 208 42 104 214 255 4 61 50 5 207
    251 161 125 146 215 175 17 28 233 253 167 11 169 27 80 187 109 16
    184 221 59 199 1 48 75 207 163 150 242 181 146 21 220 174 185 92 78
    96 239 170 2 196 180 220 105 166 28 89 219 222 85 17 75 55 216 56
    169 164 24 42 94 82 90 161 137 221 85 185 203 21 53 75 96 109 46 48
    6 114 170 9 66 174 243 88 185 215 133 145 107 15 112 22 102 172 201
    54 46 75 104 116 162 169 152 38 220 33 80 171 109 217 202 72 14 177
    244 9 67 221 15 109 53 16 84 202 131 128 90 40 200 54 172 223 49 38
    67 184 229 167 89 225 193 202 119 85 111 53 28 98 77 57 246 190 171
    162 221 190 169 75 211 147 146 71 48 140 48 141 215 193 83 143 198
    180 14 130 148 66 50 156 215 72 64 202 177 90 14 143 139 88 81 177
    42 138 89 95 9 89 54 182 31 79 59 32 85 216 60 99 9 194 53 28 74 147
    149 188 1 111 94 64 126 81 188 8 154 84 76 135 175 116 17 216 235
    173 18 243 26 21 88 254 34 41 182 76 217 15 8 119 213 255 59 45 181
    165 31 185 44 203 185 195 167 114 44 210 202 130 248 34 54 83 206 35
    128 137 112 28 61 157 202 154 72 203 79 76 226 100 141 51 235 136 39
    191 166 247 80 77 206 127 38 208 203 60 153 83 190 182 76 238 94 195
    125 83 198 77 174 240 63 29 147 19 203 33 114 173 82 6 40 130 184
    119 97 54 132 213 153 5 41 70 204 85 120 2 162 90 30 163 3 96 127 92
    126 180 5 6 17 19 186 69 64 86 170 221 188 164 95 5 147 9 169 179
    242 52 177 43 213 228 43 98 32 204 254 161 182 45 247 119 59 29 54
    115 212 29 69 59 125 25 33 50 184 247 98 89 107 79 142 42 24 125 72
    60 92 145 97 149 240 103 31 177 254 96 87 181 221 75 48 122 65 250
    117 230 48 244 222 164 128 116 111 32 54 220 200 169 242 124 191 239
    229 22 255 62 221 81 169 126 246 96 191 231 149 79 86 183 129 130
    139 88 78 254 114 48 16 44 229 215 6 78 233 149 215 213 30 233 101
    161 46 129 225 244 38 134 152 188 220 6 167 26 13 205 51 41 146 113
    93 204 8 72 116 169 100 8 139 214 220 154 155 186 240 239 38 131 226
    33 84 111 151 234 47 168 127 160 181 136 20 114 130 190 217 253 179
    218 203 95 87 143 192 195 126 114 66 8 231 53 180 255 124 218 189
    193 85 97 98 217 167 144 70 145 32 93 152 42 244 87 183 13 185 241
    134 158 219 254 147 34 67 160 245 14 79 26 151 12 147 59 6 253 72
    172 170 104 242 66 95 50 217 116 169 29 67 61 14 219 253 206 127 40
    123 245 184 222 114 255 178 242 241 99 207 216 210 153 104 167 240
    207 126 26 230 183 196 97 226 137 24 16 55 144 180 91 253 168 247 61
    129 17 55 57 171 213 193 10 83 253 195 213 24 111 122 238 70 106 241
    15 192 224 2 218 8 217 188 255 22 87 175 1 134 45 239 149 103 224
    142 95 253 108 26 143 103 43 27 22 121 143 246 95 3 49 84 181 232
    176 9 249 105 22 185 114 54 136 59 60 193 233 137 164 114 90 176 123
    127 246 121 89 213 53 73 210 190 199 220 116 241 68 139 245 117 181
    187 83 160 12 104 202 160 241 132 145 100 58 73 83 255 197 41 94 197
    232 183 231 54 15 254 167 130 3 204 190 84 32 57 201 179 160 108 1
    56 170 145 199 38 228 173 69 112 34 230 174 37 94 112 17 27 60 129
    207 168 246 216 24 223 45 109 28 171 93 250 190 251 151 166 24 11
    213 62 171 50 17 116 42 13 71 140 220 39 193 82 26 51 33 101 46 169
    180 221 152 153 222 26 16 177 125 5 153 102 96 255 143 76 107 190
    127 233 161 69 52 84 135 140 4 126 43 47 102 93 176 20 4 232 217 252
    10 150 72 50 154 110 131 154 175 164 144 117 26 177 60 44 162 52 67
    106 242 115 190 50 23 136 224 1 185 70 68 222 11 73 93 183 187 72 34
    182 246 237 75 31 248 188 37 38 2 152 238 244 47 183 150 83 145 29
    207 22 142 238 67 12 252 133 248 26 104 136 110 78 116 251 208 58 56
    46 2 171 247 121 198 94 30 189 136 102 214 186 195 216 226 232 253
    214 218 199 203 168 200 81 96 149 223 190 74 153 110 253 118 118 231
    205 95 39 166 250 23 125 195 139 230 205 186 18 89 249 13 252 40 195
    9 231 17 10 30 136 130 161 74 193 226 98 92 156 111 107 231 214 91
    86 135 115 185 246 120 18 227 228 177 223 203 123 61 214 251 15 39
    29 191 76 58 37 214 235 58 7 117 170 68 143 85 198 103 120 198 156
    153 135 253 9 29 141 5 158 192 206 156 45 180 212 144 230 142 30 113
    232 113 128 195 199 199 218 132 93 153 91 123 104 203 154 148 230
    113 236 240 158 37 253 64 232 71 242 170 242 218 98 16 223 44 219
    213 123 208 174 63 242 252 25 93 20 150 36 157 60 211 171 242 135
    206 140 161 19 209 233 73 248 235 81 199 93 239 40 17 128 7 86 65
    153 178 102 187 176 169 22 116 170 148 139 68 132 63 90 94 11 184 10
    90 172 59 203 247 123 134 168 236 125 14 38 155 49 195 87 85 87 219
    107 93 27 93 52 241 57 178 73 24 160 116 186 112 112 214 79 77 218
    58 236 151 207 22 155 64 2 104 36 56 86 19 201 12 204 46 240 138 33
    173 20 128 123 154 156 25 42 88 84 56 190 188 143 76 97 129 252 76
    160 196 2 193 130 59 45 74 233 17 240 179 148 253 146 70 211 66 183
    15 96 20 93 154 170 88 97 25 1 153 157 186 181 243 46 244 69 101 150
    184 207 149 206 15 158 77 241 154 65 45 167 151 14 8 71 68 51 59 101
    65 177 192 155 239 121 60 147 186 108 94 68 60 56 73 176 92 205 171
    108 74 46 183 3 40 196 165 121 236 129 199 228 25 12 20 119 154 115
    161 12 95 198 147 22 82 5 29 237 121 170 67 81 193 70 71 105 199 18
    114 93 150 206 199 144 70 185 57 110 12 184 134 149 205 10 71 70 78
    59 102 9 47 180 69 83 21 148 21 30 190 12 7 159 211 83 34 64 216 19
    229 106 231 112 248 35 250 32 223 115 50 141 223 64 163 178 0 156 67
    164 33 122 50 161 154 179 156 118 29 98 202 58 147 56 1 64 87 172 28
    134 68 104 62 67 141 90 139 205 227 43 94 13 103 100 213 108 227 74
    121 80 192 97 25 204 7 127 20 38 45 203 144 58 152 159 58 5 14 201
    52 159 154 90 84 177 94 166 157 162 206 121 150 254 236 104 94 74
    190 44 56 211 18 25 95 84 150 168 169 122 49 156 141 133 112 199 240
    89 52 91 154 182 73 50 80 252 213 240 157 167 98 241 100 49 218 213
    242 240 78 173 187 82 49 215 50 239 255 166 125 190 122 157 50 17 42
    57 159 232 78 196 86 123 154 173 19 32 66 238 103 61 2 214 139 72 57
    5 67 191 6 173 3 43 200 92 0 56 250 45 211 18 103 177 219 29 209 0
    202 162 163 19 152 66 217 204 129 196 176 187 68 193 73 203 34 144
    92 156 90 144 218 20 107 212 34 164 224 146 15 228 153 190 178 178
    83 43 127 23 2 50 111 215 111 189 245 191 125 99 21 127 35 209 55
    138 45 228 231 214 145 156 103 87 235 11 173 75 43 92 245 203 22 155
    49 122 111 194 27 53 15 213 21 167 82 42 112 34 158 226 243 52 25 36
    113 88 4 116 225 130 47 149 107 15 88 209 96 242 102 63 89 188 97
    186 36 52 10 227 6 202 40 58 24 80 92 111 48 83 226 58 68 208 207 55
    185 67 126 229 183 83 197 227 156 46 169 245 223 180 229 122 138 6 5
    27 176 148 220 194 230 109 161 27 178 44 94 26 214 206 143 253 8 153
    214 212 43 43 106 172 21 232 208 224 120 186 69 174 231 187 95 195
    63 95 63 86 163 51 69 22 154 204 107 146 175 25 212 7 56 93 69 188
    75 181 33 102 36 230 115 2 216 218 108 208 219 246 106 90 251 100
    166 151 64 5 0 159 241 178 214 21 5 148 20 253 212 28 116 50 166 181
    69 77 130 68 191 174 25 157 227 225 4 93 64 99 192 156 132 99 217 76
    75 31 119 7 145 217 187 1 47 210 101 192 128 203 129 39 27 186 214
    139 108 59 80 155 115 186 75 223 227 239 248 226 131 206 227 235 148
    21 25 230 41 44 126 68 179 218 57 237 82 244 77 32 21 10 192 222 48
    8 229 233 19 19 238 16 135 225 41 183 228 215 125 178 141 135 33 86
    173 237 131 245 165 254 41 5 37 90 205 225 119 202 254 71 222 197
    127 78 94 60 245 129 43 237 45 33 202 164 29 146 201 66 197 137 80
    60 176 95 171 128 126 193 127 147 146 41 153 85 167 94 5 205 154 217
    234 123 89 5 9 45 4 210 124 64 251 163 191 132 236 91 52 13 152 96
    102 131 251 139 144 203 104 63 248 243 254 32 54 168 211 105 246 155
    154 209 151 120 131 18 32 200 47 81 151 35 22 248 239 44 132 153 61
    14 238 163 213 51 175 164 30 154 69 232 54 32 102 154 102 20 249 164
    14 104 113 47 110 159 23 129 93 96 167 39 214 147 223 146 62 127 5
    11 123 231 26 125 176 169 134 116 36 187 130 92 3 138 85 138 95 26
    41 180 250 226 83 250 32 249 71 242 159 90 198 141 255 189 221 126
    106 75 95 8 218 41 255 231 67 84 235 65 181 213 60 26 30 164 124 188
    82 113 41 29 201 141 102 52 29 163 148 109 255 232 213 49 243 214
    121 116 33 239 2 41 145 249 168 254 232 209 144 85 239 170 223 183
    109 149 161 153 7 50 58 141 59 60 82 178 186 131 249 71 215 228 97
    149 66 159 6 144 38 145 242 225 29 113 159 181 218 144 54 138 153
    100 235 5 52 46 199 194 180 106 47 103 41 246 74 189 143 244 69 18
    188 87 15 51 140 108 131 182 253 226 19 124 253 54 206 46 173 249
    230 171 226 3 138 64 12 223 52 112 42 9 220 150 35 154 72 90 194 17
    89 3 178 103 163 57 95 0 137 105 173 82 196 113 169 251 141 180 5
    139 199 10 201 157 223 83 206 222 171 87 97 195 231 153 216 89 127 5
    74 171 30 104 101 10 251 201 181 244 165 196 15 195 133 48 145 225
    10 231 81 123 100 101 190 227 151 130 215 209 21 85 237 209 140 45
    212 14 132 208 236 66 60 105 192 112 131 76 224 236 48 52 184 83 174
    139 15 238 18 236 160 144 241 47 220 80 170 198 178 31 142 212 14 66
    67 65 118 78 188 46 103 3 6 132 116 245 55 71 98 246 173 179 239 93
    65 34 88 28 239 241 198 241 44 70 162 142 150 89 194 34 245 6 119
    106 162 230 86 96 140 83 177 119 141 113 28 205 99 98 202 0 57 120
    55 49 167 254 115 46 174 115 213 78 2 174 240 212 43 223 161 115 220
    58 179 127 92 210 8 89 32 11 43 68 167 102 50 98 68 43 222 160 126
    32 94 24 191 13 63 5 136 158 105 24 45 43 253 148 197 115 85 9 119
    218 16 79 113 165 122 175 201 16 64 196 49 166 159 244 221 24 223
    103 143 170 238 120 195 206 50 235 93 163 51 21 110 205 39 252 119
    214 160 112 1 100 6 157 245 253 98 156 197 188 163 211 148 45 135
    122 211 9 143 116 17 70 33 40 122 189 155 150 91 192 75 20 180 222
    201 38 223 183 252 214 35 150 120 142 219 115 220 221 203 79 119 32
    64 30 158 138 185 141 27 33 18 148 212 145 150 162 25 232 8 103 52
    219 235 107 238 207 177 34 114 94 148 66 17 159 4 202 109 1 113 139
    165 180 176 219 149 221 149 190 76 219 63 27 62 84 209 18 32 224 111
    149 167 147 42 84 253 186 197 111 246 58 234 66 168 169 224 112 54
    19 158 11 108 57 90 13 58 5 147 54 67 88 252 130 249 75 102 137 1 39
    172 86 248 7 75 12 95 115 23 9 167 249 212 228 147 77 199 141 136
    219 220 249 92 89 122 123 72 228 69 51 67 220 119 109 205 234 17 239
    59 171 26 15 171 14 156 26 248 70 127 182 152 114 64 42 157 190 53
    183 90 14 108 26 71 203 148 59 126 158 132 198 131 208 65 85 24 111
    243 192 29 125 13 151 79 180 39 187 12 16 51 36 82 18 164 113 82 219
    198 248 74 92 246 117 138 118 196 56 16 222 221 127 197 61 135 40
    227 48 165 105 171 190 133 25 144 195 124 178 31 54 176 241 106 41
    134 156 112 40 182 202 17 158 25 104 23 104 226 27 155 141 180 239
    101 181 255 75 75 104 112 63 253 156 224 142 31 147 67 105 216 180
    182 5 81 31 78 8 136 245 162 187 22 236 214 141 105 14 16 199 147
    126 149 201 170 162 255 254 9 213 52 77 127 150 240 142 54 74 184
    251 104 62 204 55 177 131 205 57 57 69 159 210 189 38 18 75 31 12
    114 96 64 162 145 43 159 115 181 80 22 224 45 249 190 6 33 61 50 225
    73 211 67 67 142 233 178 108 242 101 123 186 202 205 52 241 41 223
    48 225 69 115 51 63 8 74 240 109 24 122 69 109 82 13 114 217 218 151
    191 186 156 144 183 196 153 210 147 23 89 238 160 224 254 196 57 249
    83 113 197 119 183 50 164 69 220 173 52 111 19 46 247 227 39 183 252
    168 46 35 92 12 204 210 100 249 129 113 165 71 139 190 241 159 210
    53 208 141 41 27 186 88 216 187 97 96 224 32 168 95 16 116 222 53
    219 71 69 142 147 86 160 100 113 146 225 47 172 169 212 253 158 133
    174 183 19 48 132 146 50 198 140 198 189 105 135 246 215 193 58 221
    136 240 58 72 37 176 81 101 233 43 117 3 11 11 38 91 36 13 209 168
    186 219 126 228 192 212 103 226 250 7 40 56 3 163 184 174 108 54 114
    118 43 5 132 121 85 205 152 45 212 223 32 53 113 11 59 107 228 37 15
    130 1 103 86 139 202 73 147 170 216 51 30 255 40 122 203 76 235 170
    108 119 78 176 164 178 145 228 157 17 26 199 121 36 29 39 60 197 23
    191 251 210 229 119 167 166 164 92 219 107 62 138 92 89 225 150 236
    196 14 174 157 159 30 43 224 90 88 143 152 132 136 75 44 12 5 43 253
    113 250 137 143 213 215 140 6 109 2 148 185 138 79 229 179 245 206
    162 171 167 132 34 159 123 251 46 164 95 59 172 58 106 57 71 41 190
    156 247 49 138 209 18 128 128 204 46 185 43 110 155 36 243 30 213 1
    162 209 151 166 119 192 164 192 138 220 178 131 234 72 11 1 194 56
    239 136 101 110 12 197 198 5 210 8 249 160 62 139 107 57 135 134 103
    197 216 220 248 217 155 83 181 25 146 67 238 174 68 32 76 35 109 176
    209 75 232 135 120 50 233 239 225 16 243 188 226 251 9 105 25 126
    164 154 21 70 51 77 73 128 59 5 59 7 195 203 63 9 2 86 74 28 192 57
    160 253 14 134 70 48 11 171 252 171 84 53 137 92 178 236 110 211 49
    27 119 81 159 254 230 25 35 254 157 87 230 166 46 17 245 54 238 237
    97 87 131 89 179 155 132 169 152 180 62 247 252 69 20 62 225 38 161
    140 152 138 230 149 170 33 97 230 161 130 2 26 239 128 163 249 144
    85 73 87 88 60 120 69 37 11 85 164 94 108 26 40 249 168 109 35 186
    107 203 190 166 36 188 243 183 238 99 213 63 181 155 238 221 22 155
    250 216 71 171 99 181 161 165 2 98 235 50 172 68 52 179 74 213 77
    238 155 244 130 67 7 231 240 136 149 79 241 102 228 2 170 201 54 139
    177 153 196 243 157 255 171 94 182 131 151 34 177 151 114 7 46 184
    61 137 212 214 45 37 253 37 32 241 169 239 66 111 153 144 181 215
    170 53 142 221 218 35 82 92 55 84 145 56 208 253 77 196 91 37 62 1
    147 207 160 44 181 119 239 108 255 129 119 213 0 166 84 253 237 28
    129 74 233 130 54 131 185 190 87 108 57 74 243 208 127 197 75 36 147
    64 54 37 194 194 118 222 225 102 200 159 192 41 182 222 76 149 116 6
    104 214 245 139 226 33 95 19 46 136 40 90 135 16 90 88 13 113 143
    120 221 145 50 238 23 249 173 78 205 151 196 213 145 57 33 160 205
    179 137 140 231 34 164 48 119 228 9 71 172 254 48 74 246 162 157 105
    21 85 169 200 87 78 26 1 32 110 81 137 11 111 182 245 70 122 239 166
    67 107 35 247 150 109 59 73 25 203 68 15 25 78 101 173 144 36 30 114
    75 48 230 68 235 88 201 174 68 104 229 125 247 179 130 212 209 245
    145 228 226 169 69 36 80 7 175 247 224 176 134 204 186 107 248 138
    227 66 120 248 32 119 48 27 197 13 200 15 140 103 252 80 37 229 168
    240 51 212 217 65 165 55 126 89 25 79 233 23 145 48 163 46 245 232 6
    113 210 123 224 239 78 186 239 132 11 78 56 56 87 116 255 85 156 167
    229 69 239 163 146 61 68 157 184 64 96 190 120 187 146 110 185 28 95
    43 186 48 147 46 71 182 108 21 56 179 95 177 207 70 154 95 224 113
    90 6 77 51 103 156 10 249 250 66 254 75 61 61 219 232 61 29 243 84
    191 198 158 129 123 45 113 186 143 64 249 227 160 160 176 107 84 15
    118 231 4 219 163 64 155 200 136 138 143 132 191 19 46 74 70 131 252
    27 231 51 202 36 42 233 244 74 234 87 191 216 73 190 190 17 246 177
    47 211 193 66 110 222 96 189 104 134 155 105 165 51 74 208 200 163
    226 200 175 50 100 86 254 243 97 227 26 55 119 50 117 102 220 174
    208 59 246 207 68 149 128 58 167 40 37 104 103 56 0 114 215 209 40
    152 50 200 51 21 38 96 76 34 95 221 19 110 235 221 5 159 27 12 160
    42 1 249 200 75 165 182 185 22 114 102 251 200 226 159 135 206 177
    243 163 143 20 126 122 60 199 13 193 173 116 34 125 216 155 63 64 92
    251 64 47 20 237 175 51 143 165 76 243 139 254 84 157 205 48 229 59
    98 122 215 43 174 137 241 82 88 68 3 66 88 58 165 57 253 209 175 1
    94 97 60 12 5 230 199 219 28 113 219 98 37 81 84 132 69 138 164 246
    63 136 51 163 82 39 97 204 3 148 112 73 48 170 144 130 97 116 126
    180 197 135 109 14 99 174 74 220 238 198 181 92 214 179 56 69 173
    213 83 141 181 81 155 97 96 101 65 221 227 183 8 64 196 26 223 222
    183 36 101 176 52 133 78 42 188 248 109 215 19 246 198 112 28 214
    131 32 19 220 51 127 47 182 86 182 1 7 194 128 105 207 89 114 115
    141 106 114 195 80 13 83 34 30 177 155 249 201 121 62 189 80 30 13
    48 178 128 111 160 35 120 134 173 140 248 230 219 19 21 221 91 112
    95 180 130 189 245 152 49 203 201 67 39 210 216 188 64 144 18 251
    128 48 99 51 114 139 153 64 187 88 207 217 43 134 19 238 237 170 113
    89 37 49 187 2 156 125 40 198 211 64 50 114 141 107 29 1 219 175 45
    234 106 86 196 64 87 156 66 76 125 253 70 189 59 167 131 156 145 252
    224 13 159 59 235 195 159 53 213 96 167 249 45 52 103 219 86 103 96
    220 47 153 166 118 237 29 4 32 143 151 29 64 250 34 1 230 172 150 68
    118 221 115 80 184 59 184 5 94 167 150 184 19 200 73 190 93 208 237
    78 59 178 71 36 56 180 200 117 135 34 127 244 209 38 194 112 125 10
    31 111 228 192 95 114 178 74 51 67 161 213 154 182 69 239 114 206
    101 61 19 238 228 57 60 7 45 94 252 0 51 108 94 110 182 172 9 221
    220 237 251 155 205 120 79 4 200 172 135 208 16 38 132 230 17 190 8
    196 61 24 144 39 129 139 28 18 74 185 44 50 17 254 44 156 148 63 217
    174 102 249 240 116 175 240 131 155 252 121 178 77 164 138 247 201
    143 249 252 231 242 220 110 154 56 186 74 152 66 145 120 130 73 76
    206 251 183 80 11 154 60 31 223 125 235 134 240 152 11 119 118 83
    126 200 173 154 176 252 67 247 181 149 174 56 65 238 8 218 118 155
    114 201 247 87 17 150 100 220 211 66 115 61 163 56 253 168 62 31 127
    154 251 88 45 150 32 242 196 10 182 242 212 188 77 82 105 207 151 10
    1 101 202 49 109 5 124 20 45 195 12 225 117 62 234 109 218 197 84
    114 49 44 15 139 173 27 156 19 26 29 57 17 213 70 230 46 59 187 129
    185 188 210 120 211 106 139 94 172 214 216 194 23 95 127 71 155 234
    90 120 46 51 193 5 2 170 94 141 110 0 132 237 250 67 123 135 142 5
    243 198 38 23 247 49 164 73 225 196 248 9 23 0 163 74 180 92 187 74
    27 158 215 216 225 160 173 51 232 221 164 139 163 98 118 196 239 45
    76 42 8 141 17 177 236 223 53 82 170 219 123 114 161 222 87 109 220
    74 42 113 49 51 198 188 159 240 85 132 156 162 152 93 139 179 144 83
    187 206 13 107 45 67 138 222 215 232 67 177 152 72 104 156 203 75
    115 57 110 55 113 187 82 159 163 134 71 6 243 227 120 140 244 184
    195 195 115 122 111 194 145 85 216 252 241 141 197 204 93 236 26 193
    250 71 234 253 19 99 196 38 92 12 227 53 231 232 225 56 184 185 254
    226 105 88 54 139 133 7 70 202 19 216 94 52 132 182 22 18 21 6 189
    122 56 215 113 205 20 146 122 186 197 151 108 201 132 6 63 195 213
    95 202 61 174 131 183 87 88 200 212 152 25 91 129 36 141 51 163 170
    183 228 104 50 68 14 13 191 138 243 164 22 86 213 217 4 165 254 33
    84 153 251 28 246 147 194 170 70 211 118 192 4 26 41 236 135 84 73
    32 245 204 200 24 255 200 180 134 132 32 148 195 121 206 120 79 88
    200 255 151 239 144 48 181 43 131 40 162 34 170 151 159 26 49 85 78
    230 105 121 225 210 1 66 238 230 186 155 146 43 47 1 169 200 162 9
    225 46 178 110 247 236 205 197 188 204 207 96 27 43 95 102 252 102
    233 238 160 4 59 115 226 81 37 94 106 77 123 162 18 123 34 32 231
    114 238 237 42 46 194 175 174 244 127 232 77 122 224 1 123 20 121
    116 65 75 189 147 60 54 112 231 252 71 99 119 137 70 41 198 181 121
    96 59 57 205 137 172 216 56 90 250 232 247 249 143 48 203 127 255 64
    78 255 114 162 222 190 114 116 37 239 116 146 163 164 19 20 122 2
    146 91 220 70 39 234 89 247 223 62 96 27 94 11 208 186 219 207 51
    183 9 156 116 53 87 33 196 254 239 37 205 124 118 253 140 10 33 44
    150 24 156 174 72 231 79 183 152 84 154 99 147 225 232 85 53 212 23
    182 36 169 88 56 75 179 79 173 103 217 139 149 96 114 242 220 161 25
    88 26 60 215 58 54 12 123 216 16 112 224 148 124 94 247 129 60 238
    21 174 8 84 200 134 217 185 26 211 83 158 4 12 136 113 139 108 122
    122 121 230 14 237 99 184 65 108 132 158 29 211 214 181 235 254 226
    211 233 248 156 35 228 49 51 223 114 1 240 205 187 0 110 127 113 215
    76 162 126 59 178 6 85 173 92 129 104 246 15 235 212 167 243 59 219
    52 137 34 76 164 212 204 76 71 9 108 180 227 67 193 46 62 197 159
    220 214 123 29 47 28 0 166 221 139 15 27 47 35 14 54 160 79 247 222
    185 16 63 38 124 252 171 15 93 97 246 134 157 66 92 170 76 106 224
    84 29 26 199 135 44 167 81 36 139 11 85 70 134 76 54 69 142 156 228
    156 209 196 136 227 200 211 7 71 42 115 17 136 54 233 110 92 156 150
    193 184 18 139 212 158 185 173 172 194 180 142 121 244 34 171 2 202
    17 32 185 230 66 110 181 186 118 76 180 102 78 156 180 146 57 93 74
    254 217 249 62 104 119 174 18 24 133 167 146 198 30 9 150 161 94 50
    84 100 241 172 151 140 190 92 103 142 173 216 254 243 33 194 105 138
    78 164 238 248 175 78 71 136 10 146 172 188 227 100 212 63 206 158
    34 20 191 109 91 15 157 172 138 18 228 212 178 251 108 107 134 64 76
    218 193 54 137 153 239 177 183 84 140 81 176 63 211 65 7 176 69 191
    108 135 89 197 228 236 236 1 123 5 89 158 88 199 187 31 234 67 162
    195 190 233 245 233 212 61 119 144 192 142 157 59 162 28 179 239 116
    41 191 214 20 88 124 204 16 137 21 240 169 161 19 182 144 250 175 29
    130 147 197 16 155 221 138 105 16 39 136 148 79 95 181 247 229 242
    106 93 190 21 172 144 48 16 122 247 65 185 33 231 0 230 239 144 47
    226 114 233 194 76 18 74 72 30 133 174 85 24 117 199 238 253 34 17
    218 199 141 2 193 64 23 93 6 38 236 138 179 97 173 69 176 52 82 191
    37 86 119 254 187 174 155 219 146 193 110 231 63 55 18 199 198 30 1
    83 193 181 182 208 189 95 105 210 42 130 11 106 185 129 41 28 47 4
    38 178 157 133 250 83 118 223 216 207 48 217 92 156 34 155 251 191
    18 223 208 129 46 244 5 232 133 208 221 130 249 203 7 238 242 139 93
    57 15 139 38 50 96 15 154 213 89 123 56 229 235 94 241 45 65 15 63 5
    171 239 232 124 1 225 243 157 221 194 233 75 187 113 11 3 250 2 16
    250 239 162 64 228 230 55 215 124 10 67 247 137 206 227 26 171 55 66
    161 58 166 69 93 224 255 166 72 2 48 12 190 41 107 252 41 162 231
    174 16 129 159 253 99 238 175 131 69 234 93 182 224 223 241 111 93
    129 254 177 88 13 105 186 64 45 134 29 102 113 65 226 67 43 36 250
    27 5 9 43 164 157 137 135 57 249 109 88 62 167 34 12 34 241 9 110
    145 36 198 119 71 97 69 48 76 221 242 227 244 50 148 23 222 16 150 2
    161 234 225 111 143 113 176 116 195 75 126 177 49 49 96 196 14 43
    245 29 217 231 25 226 28 230 31 61 139 229 96 85 217 193 8 47 185
    127 128 120 94 169 140 58 165 73 250 225 201 114 163 206 54 162 95
    26 122 185 34 7 166 153 174 163 120 154 2 145 211 28 24 142 160 38
    162 236 20 237 111 254 166 171 113 214 34 84 103 90 141 166 227 241
    106 132 170 104 23 152 132 56 162 240 38 151 41 126 64 85 198 238
    248 155 206 123 117 65 246 69 105 156 200 226 46 153 1 234 108 68
    137 224 137 237 81 52 73 213 130 192 94 226 74 133 247 154 71 170
    240 30 196 67 255 140 207 63 106 228 25 190 126 199 78 148 29 172
    147 34 40 250 71 120 4 220 236 249 189 166 245 213 128 241 241 109
    194 226 210 25 156 124 73 184 167 226 125 129 158 65 95 255 209 173
    140 131 248 31 201 192 150 2 209 236 232 174 6 194 159 170 163 218
    92 171 167 150 191 245 121 217 3 50 229 188 85 28 236 12 65 200 69
    216 23 228 177 187 188 244 137 91 179 17 79 253 113 57 192 148 4 67
    43 182 168 54 214 198 155 30 128 127 165 227 204 247 243 98 72 67 80
    174 48 81 212 135 62 166 137 141 223 200 163 63 100 122 53 211 109
    224 189 42 178 5 216 184 161 149 228 194 122 37 169 128 95 87 29 150
    107 222 19 59 30 169 176 243 98 21 249 189 105 54 109 222 156 17 94
    192 187 227 144 49 240 248 73 229 210 43 73 131 69 91 212 131 242
    163 225 18 34 90 155 71 252 238 153 16 24 4 227 98 194 172 116 249
    170 45 0 177 56 82 103 218 242 221 64 164 6 109 181 98 193 22 1 72
    254 184 14 45 23 86 114 80 42 173 28 255 76 176 110 169 121 57 151
    102 78 56 54 126 161 67 146 180 1 174 224 180 104 150 106 109 230
    137 82 241 64 174 65 130 195 68 183 72 251 249 12 9 167 96 118 82 99
    43 224 153 136 19 221 152 10 159 223 154 219 24 239 238 146 164 7
    168 15 173 145 92 231 145 63 181 86 19 133 179 119 121 153 59 149 33
    86 136 81 94 208 119 163 52 193 116 94 157 51 151 97 147 57 25 112
    181 188 15 20 108 143 214 19 170 148 224 190 14 81 86 167 173 103 66
    38 67 1 136 234 50 195 99 30 97 201 29 33 50 140 97 116 46 222 113
    85 164 200 139 13 185 185 68 41 61 145 43 42 46 15 230 124 136 7 18
    78 244 174 51 25 120 253 109 178 164 157 73 58 13 80 57 23 228 230
    234 149 139 118 24 123 233 16 98 170 149 241 19 237 64 63 24 106 41
    62 14 252 227 10 145 197 26 107 41 89 177 170 4 203 91 81 54 140 154
    40 217 109 113 122 12 251 175 13 43 166 165 117 124 253 149 65 25
    117 124 132 211 200 229 9 205 13 1 8 32 223 183 124 250 23 27 235
    106 159 203 56 254 173 172 197 112 88 157 152 230 254 152 210 108 30
    37 131 71 80 3 99 30 6 210 46 16 145 247 253 89 232 27 9 47 53 31
    130 81 139 47 206 180 55 217 175 118 229 67 188 15 145 243 14 108
    219 221 183 120 254 152 168 251 203 54 82 51 254 72 101 228 23 110
    117 79 229 221 76 193 60 169 56 7 1 36 223 178 185 120 227 34 56 183
    141 239 157 208 0 162 45 119 164 251 186 245 174 247 139 41 168 242
    91 50 6 84 16 38 107 37 113 123 82 21 34 150 13 184 117 50 162 104
    143 243 30 69 221 217 13 137 240 18 53 174 220 231 92 2 102 175 93
    221 96 226 225 220 92 137 167 135 240 117 127 218 39 79 50 221 172
    192 13 47 91 140 223 8 204 165 8 172 98 32 67 134 32 35 22 195 21 5
    133 85 197 17 130 29 113 234 92 254 13 43 183 36 229 179 169 107 239
    30 40 22 6 177 191 238 165 150 232 234 121 130 119 241 200 95 178
    221 9 166 97 224 206 168 56 242 187 105 198 83 125 79 139 24 141 102
    46 206 74 145 248 235 107 75 11 145 100 141 195 36 221 12 148 71 244
    130 203 114 30 159 12 15 135 100 186 31 89 22 249 229 1 183 10 38
    245 199 113 129 54 91 244 192 229 184 161 72 23 71 73 116 234 82 114
    238 7 131 225 14 251 157 109 184 254 98 147 175 74 243 99 250 252 95
    117 168 255 6 135 170 1 78 23 69 5 119 175 133 58 68 28 121 119 45
    102 37 142 42 77 231 52 210 174 13 187 88 54 31 66 135 185 71 252 46
    16 228 71 199 94 32 129 99 101 154 240 154 147 209 115 80 119 123
    254 127 77 246 252 97 194 158 50 88 88 139 34 102 208 89 107 57 33
    179 39 191 237 248 159 22 131 42 52 83 99 229 167 224 19 98 80 96 49
    116 152 61 248 52 88 202 152 234 176 136 61 127 65 129 17 203 83 77
    13 246 83 91 196 245 157 121 3 89 2 138 32 198 47 146 115 143 48 119
    189 141 110 178 105 46 57 38 166 178 12 108 78 8 128 13 10 139 47 14
    43 172 45 229 143 236 179 177 70 136 240 34 238 177 164 103 6 168
    177 56 59 24 230 120 187 231 218 9 45 53 108 174 238 251 107 96 235
    228 90 191 29 78 105 251 75 179 4 150 200 69 198 104 179 196 108 66
    236 236 247 221 60 86 204 186 191 181 87 129 142 42 219 111 61 146
    99 166 209 80 236 130 181 163 68 125 43 189 125 144 160 135 31 244
    89 194 43 167 17 0 128 108 98 92 81 219 94 95 60 29 10 51 12 218 242
    149 6 152 65 64 62 166 60 171 178 236 57 92 44 60 167 86 244 80 16
    215 128 252 4 86 164 107 228 61 134 193 82 113 171 252 16 26 93 58
    89 218 171 39 56 151 166 46 90 222 60 220 13 109 192 57 24 201 116
    239 71 217 60 121 246 94 20 109 250 206 159 71 249 129 149 34 70 235
    213 164 209 168 26 2 128 119 154 7 235 131 201 114 230 141 23 144
    199 32 181 231 199 187 115 125 190 33 205 134 89 249 120 111 204 65
    198 58 108 65 125 52 125 239 195 111 100 8 238 93 94 124 136 21 184
    15 165 165 150 82 176 128 202 38 94 122 19 79 46 233 212 241 185 88
    126 7 19 37 72 31 176 12 25 174 165 49 136 58 65 31 243 172 203 201
    86 168 242 187 24 28 109 175 113 253 73 236 89 188 210 88 159 245 26
    110 230 57 77 138 41 150 199 190 51 199 17 213 98 23 72 89 156 202
    151 221 7 48 64 174 162 127 175 17 17 246 13 145 87 148 9 40 84 225
    207 154 213 122 193 106 168 226 153 38 121 176 135 243 26 82 193 199
    148 2 219 224 44 19 174 62 27 155 22 246 183 167 74 235 44 39 114
    140 152 32 154 201 80 106 57 72 160 81 138 115 80 145 97 93 240 55
    188 19 73 163 153 45 255 212 63 44 152 15 214 8 27 47 181 97 66 215
    129 170 153 165 78 39 109 163 27 145 62 117 56 81 174 66 132 120 177
    178 136 34 175 101 222 28 242 159 144 209 219 109 13 6 43 250 30 106
    192 232 103 94 135 160 57 141 216 131 25 114 196 121 22 142 205 133
    216 131 120 117 111 241 153 101 42 49 156 228 184 115 249 128 178
    151 118 25 88 90 43 29 110 192 250 123 197 70 145 215 200 143 191 84
    133 18 88 87 106 183 131 49 140 26 220 6 185 9 85 187 195 216 66 215
    111 164 21 56 95 255 134 68 37 44 174 229 55 199 110 75 162 166 160
    246 195 38 187 253 253 158 114 170 167 45 69 42 178 155 189 16 143
    102 105 228 141 34 52 132 42 138 151 73 23 225 226 170 130 182 238
    93 20 129 155 123 172 73 0 118 218 164 177 241 155 61 196 87 250 72
    2 141 178 94 241 222 195 169 151 83 1 18 193 113 41 182 207 210 144
    44 245 137 196 216 172 119 137 239 151 66 46 106 85 122 0 157 75 193
    53 43 76 228 141 75 43 21 111 203 253 158 95 14 110 8 193 135 105 15
    207 164 74 210 135 137 137 58 168 245 179 229 73 76 35 254 251 107
    151 240 182 103 226 165 15 178 11 200 243 40 222 80 66 111 77 80 53
    28 182 180 249 126 239 18 200 106 249 129 21 55 158 161 237 19 176
    227 20 184 161 24 129 224 55 10 178 107 162 81 37 180 180 250 83 231
    253 40 56 68 234 18 161 112 16 135 88 74 41 100 216 77 254 239 94 95
    82 129 131 219 244 88 207 13 25 149 105 210 133 199 83 3 5 156 51 69
    99 3 207 233 123 140 221 48 124 125 250 50 93 148 54 13 144 11 212
    107 229 72 1 156 11 134 40 200 183 92 104 185 105 53 16 117 85 179
    235 103 87 144 254 32 86 89 242 237 153 134 44 112 55 30 47 216 229
    91 214 206 114 82 231 64 64 46 140 128 104 184 12 220 24 13 15 34
    216 153 241 116 1 142 29 61 198 240 183 44 56 189 73 45 1 80 51 69 3
    41 27 96 5 155 195 132 202 24 4 48 145 115 51 192 67 114 242 126 151
    206 134 120 94 196 107 113 156 117 40 243 185 103 112 164 48 255 210
    142 163 35 51 25 195 49 100 250 121 34 149 198 117 51 190 20 127 230
    176 31 165 130 106 123 136 33 5 32 213 164 80 180 116 181 92 66 209
    183 49 40 112 63 208 192 59 232 52 84 154 94 94 201 150 90 211 37
    162 211 120 148 187 7 28 176 127 110 20 87 123 48 143 49 145 208 13
    186 10 53 240 151 209 99 198 69 113 11 31 14 238 156 27 27 124 189 7
    249 38 209 97 148 75 6 139 217 5 192 53 7 171 250 138 253 183 198
    112 5 70 242 38 248 25 34 183 53 68 44 33 120 138 188 60 126 233 156
    188 245 136 84 205 89 206 117 121 101 54 106 20 212 97 210 143 3 193
    4 129 77 30 8 212 18 131 24 246 21 114 175 150 9 66 200 21 88 85 178
    213 30 194 191 165 104 219 42 70 110 152 216 175 138 98 133 248 99
    149 204 228 76 223 30 170 141 244 33 7 62 28 145 212 114 189 195 117
    194 177 23 41 214 191 155 229 74 97 200 224 227 38 81 197 100 20 12
    107 227 240 78 126 2 103 232 13 187 139 227 46 171 91 110 108 46 193
    79 78 181 23 74 106 35 147 139 71 176 96 9 74 113 196 114 21 8 202
    13 80 40 122 111 2 165 107 17 82 41 156 70 73 235 38 210 160 47 242
    37 16 121 10 168 11 238 245 12 76 78 82 124 28 231 195 160 75 95 121
    130 57 80 242 191 227 15 10 169 121 172 136 9 254 33 188 135 84 81
    63 133 5 134 56 152 29 128 122 34 196 170 19 235 64 173 121 209 182
    198 117 195 238 226 93 48 103 101 137 88 174 184 212 130 24 135 103
    184 207 6 16 59 199 68 5 105 42 203 12 18 50 73 62 188 230 14 140
    245 11 122 96 242 83 128 200 101 252 149 235 106 225 191 235 179 109
    52 119 202 195 33 58 47 18 87 166 78 253 94 101 113 152 42 57 102
    198 185 18 67 157 132 109 199 168 164 61 32 35 224 208 31 134 253
    182 52 20 243 4 38 207 141 60 203 126 204 3 238 211 178 81 236 92 50
    20 36 93 52 17 162 89 130 203 25 35 78 107 158 180 31 9 235 107 6
    137 124 17 170 21 251 200 203 143 250 8 118 31 63 13 12 209 96 4 155
    60 108 187 22 47 14 68 183 155 236 192 149 113 125 229 136 10 147
    128 0 90 211 24 34 204 189 86 34 4 204 13 89 167 12 184 6 3 126 137
    171 68 11 91 208 237 103 253 164 47 128 117 102 181 133 184 36 206
    106 208 109 49 175 191 223 39 227 200 221 249 12 67 225 5 83 251 250
    105 232 151 31 122 76 8 216 133 38 143 198 230 119 181 65 89 120 154
    208 181 47 50 248 95 39 61 250 76 89 172 21 249 20 161 11 9 113 178
    53 207 210 44 175 70 114 73 202 193 84 40 231 147 47 2 56 52 3 209 5
    84 56 131 110 18 155 56 82 81 128 198 30 83 231 27 139 158 76 8 235
    167 145 187 213 183 129 170 102 25 119 30 246 81 235 244 79 65 248
    42 38 182 229 54 121 242 110 199 243 99 29 203 216 188 254 14 20 172
    25 151 55 242 2 156 159 3 216 177 240 28 65 255 216 61 65 114 63 58
    37 33 162 33 71 125 189 59 203 189 239 89 9 71 166 208 1 198 100 254
    126 221 21 101 245 253 52 240 161 224 152 25 72 217 100 71 243 196
    129 27 108 10 68 103 151 178 240 163 176 218 195 27 139 95 130 195
    57 24 44 84 129 178 180 66 236 106 117 179 107 2 179 155 21 168 72
    61 116 167 253 201 243 245 163 204 71 82 49 25 143 45 169 220 45 25
    217 225 228 233 68 103 25 139 66 249 120 110 175 79 63 231 208 85
    123 19 93 97 111 243 167 18 200 181 110 124 48 196 238 58 92 73 172
    227 53 87 227 235 157 45 109 204 210 35 73 107 89 254 159 128 175
    197 140 29 95 61 190 66 75 211 50 108 5 20 224 201 64 190 165 184 35
    62 143 228 229 62 75 56 209 95 65 124 100 102 161 101 227 196 0 238
    24 255 149 86 240 235 53 81 233 198 95 234 90 56 193 43 116 210 195
    95 154 24 3 205 33 238 101 207 50 211 254 221 246 174 12 106 205 203
    247 65 167 200 199 141 117 206 119 53 248 244 204 27 221 198 158 21
    36 171 115 98 126 198 134 166 68 233 128 232 137 52 118 216 0 124 28
    178 186 243 248 78 79 37 120 51 4 188 36 124 199 6 10 101 251 139 94
    190 237 67 147 252 199 8 243 216 136 128 201 91 143 197 108 182 51
    243 216 175 184 195 249 182 53 131 63 209 237 226 178 15 243 218 250
    5 109 181 126 151 105 188 187 46 166 57 241 21 74 227 226 81 151 157
    63 165 153 159 254 109 58 242 143 226 23 203 59 187 161 95 60 142 47
    72 134 29 93 179 167 234 7 94 110 93 21 241 241 35 56 151 115 254 46
    216 161 61 45 55 253 184 219 154 17 142 227 216 218 82 46 125 13 176
    209 51 154 198 220 129 55 71 147 181 29 21 194 88 157 172 245 127
    176 115 14 234 14 67 179 47 186 252 88 35 204 69 61 91 95 147 221 49
    180 113 128 71 158 12 164 2 152 186 129 251 141 165 49 44 127 241
    140 54 168 149 1 68 77 220 45 14 176 193 225 90 16 145 200 18 250 14
    0 215 235 54 136 93 225 80 225 80 179 73 38 133 21 103 122 219 38 53
    238 31 97 177 10 23 65 28 217 198 235 77 191 188 232 123 67 240 165
    158 173 112 10 223 185 86 102 172 61 69 89 183 71 31 116 120 192 142
    230 200 250 36 68 152 132 56 77 89 168 248 2 182 221 153 55 138 170
    107 143 140 218 8 27 169 125 100 110 245 136 83 235 189 199 145 246
    168 21 166 37 84 23 79 182 179 156 74 247 149 26 90 44 168 43 69 102
    166 241 239 103 93 247 216 132 253 206 207 116 78 1 64 118 230 115
    121 178 191 193 213 184 172 71 89 69 134 40 197 50 120 16 153 70 27
    158 28 114 253 96 93 219 60 155 18 19 38 11 63 25 212 224 158 254 92
    23 206 47 0 115 162 103 216 250 44 90 234 92 106 74 26 6 30 239 253
    193 23 236 176 181 21 38 253 161 93 253 248 160 126 53 173 162 235
    225 142 44 144 199 135 221 226 238 31 241 69 30 17 85 66 129 45 38 7
    56 127 40 118 110 97 126 220 55 213 67 121 240 159 116 142 137 204
    15 252 26 57 146 140 144 0 159 59 80 43 46 253 221 108 14 33 231 33
    144 182 211 208 164 30 47 150 39 108 141 75 232 35 149 155 222 212
    17 160 89 43 133 47 2 5 23 217 58 190 104 187 196 233 113 166 56 205
    209 170 19 61 190 48 68 70 95 142 127 103 229 193 142 180 76 84 71
    54 202 175 45 194 27 134 28 104 183 4 235 253 92 93 255 163 59 197
    242 56 10 131 78 108 60 69 109 190 130 200 213 68 182 28 139 93 152
    166 19 23 45 55 79 26 233 78 226 235 57 113 53 248 158 27 164 86 9
    105 170 165 3 4 130 68 230 107 4 122 95 19 239 25 136 253 135 186
    242 133 249 29 177 190 251 197 173 11 52 153 9 66 28 84 190 105 107
    195 227 206 104 147 87 79 119 217 164 198 178 255 194 155 10 181 238
    155 88 105 215 59 228 0 5 104 31 180 173 81 140 160 240 29 79 233 36
    171 106 47 36 5 116 250 203 50 92 248 90 229 17 118 127 147 97 26 59
    114 153 138 105 86 69 31 37 243 93 32 163 193 253 114 150 24 77 58
    97 68 241 227 34 78 70 57 33 94 94 116 113 186 191 99 216 54 62 213
    211 27 134 131 46 193 181 15 164 209 170 128 91 147 86 156 117 73
    136 126 28 178 32 169 191 36 191 175 123 217 175 127 111 191 170 85
    178 95 214 128 145 50 66 63 248 159 194 120 112 242 214 214 245 57
    209 34 114 111 54 177 143 191 10 248 128 101 137 48 46 75 166 242
    183 216 244 8 199 105 181 145 112 128 166 177 220 38 8 253 184 225
    193 101 187 133 131 181 13 143 140 103 166 248 6 227 183 182 177 245
    146 223 201 109 127 48 135 190 179 193 192 26 244 237 62 98 247 2
    120 53 169 236 227 225 177 25 221 32 169 47 46 111 158 139 177 198
    184 211 159 67 1 159 19 142 163 44 20 126 50 247 239 39 240 192 136
    27 90 180 190 23 187 37 11 90 35 106 18 92 127 198 177 21 239 128 62
    211 197 13 40 196 180 147 55 47 30 192 205 205 52 163 128 32 102 195
    129 85 82 190 64 139 130 6 58 19 66 186 207 65 154 197 7 192 8 206
    111 146 241 55 58 35 45 244 55 174 232 15 217 66 199 174 170 224 118
    157 13 212 216 194 83 118 94 214 104 4 210 42 223 250 96 137 59 24
    53 205 89 186 46 48 104 241 200 206 186 216 133 32 148 66 86 86 66
    141 19 157 180 251 90 185 116 70 130 86 120 165 159 44 120 126 165
    199 137 13 45 87 213 67 79 162 63 64 72 92 121 217 144 0 115 33 6 32
    9 62 6 67 167 197 128 35 22 242 142 220 194 128 11 235 154 36 221 22
    132 83 158 127 226 51 35 186 17 103 207 18 154 202 164 122 46 12 237
    162 17 70 56 15 213 74 120 175 239 147 208 48 81 47 84 43 177 81 219
    139 59 236 187 3 134 35 214 163 198 46 179 199 58 105 176 9 239 145
    130 112 112 108 191 94 104 229 19 87 224 20 247 168 146 70 74 158 25
    106 248 89 220 245 97 130 81 156 74 242 227 156 187 191 101 47 209
    121 71 34 72 227 75 155 172 115 209 57 167 0 214 239 126 212 198 73
    1 186 133 9 94 137 241 27 117 159 236 102 229 97 204 55 120 24 1 139
    104 44 37 86 208 110 3 242 158 27 182 224 254 109 92 250 109 148 143
    129 107 123 156 167 109 95 207 148 44 249 92 184 196 124 31 170 63
    99 126 25 229 221 202 248 14 250 207 183 174 79 135 166 85 100 42
    179 60 27 220 14 74 178 162 52 49 125 236 151 8 124 192 221 144 167
    198 242 240 155 8 226 131 118 32 244 191 152 134 4 181 185 16 198
    235 194 102 68 211 188 74 201 210 117 50 230 100 14 105 179 133 29
    129 236 102 200 42 245 218 233 156 37 8 151 244 208 6 81 103 207 147
    43 121 153 230 253 225 196 100 63 113 246 167 211 119 164 37 148 155
    144 154 230 245 188 195 21 233 245 161 67 191 184 222 151 181 185
    187 208 155 157 246 94 233 163 35 208 54 238 52 84 49 64 80 123 73
    149 172 111 126 86 4 7 56 242 234 184 194 14 111 247 149 253 26 226
    44 97 186 244 126 241 241 7 155 79 42 75 158 102 73 19 200 181 82
    189 191 83 115 240 40 35 124 89 25 26 117 208 52 26 152 104 199 48 4
    133 14 28 109 255 74 129 139 36 189 156 89 217 26 104 16 243 254 191
    16 120 216 205 28 102 1 135 80 125 11 217 158 157 131 197 93 33 115
    73 33 173 209 113 92 62 125 98 242 81 5 47 202 128 245 222 198 241
    179 53 44 13 118 215 255 37 156 35 33 207 123 249 77 240 150 179 166
    224 179 15 231 168 231 243 254 18 113 133 234 199 201 153 254 225 45
    110 190 155 211 78 69 74 24 184 36 25 23 1 142 4 1 188 2 189 205 108
    121 177 238 249 141 249 61 96 222 100 253 173 233 168 221 9 125 66
    10 13 226 28 113 248 206 177 217 138 250 179 224 222 78 251 139 155
    236 216 249 117 76 220 143 211 61 63 235 46 12 207 207 67 199 61 163
    196 185 121 255 12 82 32 67 57 6 175 231 162 55 93 189 15 190 176
    243 174 106 185 227 176 3 161 86 244 54 219 235 62 240 221 54 218 31
    140 12 25 35 165 233 43 228 87 228 181 94 210 153 20 97 208 224 207
    104 196 54 99 173 38 69 237 227 8 113 127 37 223 204 174 45 21 252
    75 249 250 157 235 172 29 48 145 225 14 42 25 140 39 143 109 248 168
    189 23 157 80 6 133 174 121 20 169 232 24 172 136 100 100 104 105 67
    87 58 85 201 166 158 215 81 172 206 220 50 35 188 61 44 153 98 26 0
    139 199 182 219 122 34 157 7 14 255 141 145 144 124 2 245 246 38 218
    60 174 186 183 145 197 251 50 122 33 22 36 216 3 70 150 70 14 95 71
    211 169 46 113 19 253 161 239 135 118 160 30 3 25 180 27 72 43 37
    232 20 221 197 242 170 219 66 169 109 29 209 33 255 250 129 170 3 95
    176 218 56 2 183 174 61 192 218 56 42 166 82 225 179 185 244 142 121
    85 236 46 40 155 176 5 174 24 63 161 196 191 88 91 121 86 57 145 174
    195 9 177 220 111 179 245 13 190 21 80 22 30 206 212 78 147 194 10
    63 73 31 73 54 98 124 13 14 34 9 99 132 148 12 101 181 55 114 156 34
    97 137 183 237 83 1 187 43 118 207 194 168 213 185 72 118 135 35 198
    117 245 85 103 50 80 54 199 223 83 165 89 214 116 243 220 250 173 73
    47 88 8 241 45 104 113 39 125 60 134 138 249 84 165 115 243 243 236
    27 61 77 138 154 211 17 93 186 227 137 80 166 35 122 13 48 28 130
    166 174 82 221 78 138 202 231 53 119 54 209 146 193 10 203 135 150
    21 245 254 199 43 132 224 162 56 77 103 32 126 128 159 21 176 215 89
    85 248 91 51 189 195 170 94 117 140 174 49 215 153 186 181 164 140
    222 150 170 174 170 33 6 132 89 144 120 41 173 175 117 124 79 212 82
    91 98 171 120 217 55 114 170 158 1 122 63 83 4 143 196 100 45 61 178
    85 169 40 105 78 226 212 133 199 110 0 53 44 167 155 201 165 22 244
    8 178 102 102 236 108 134 51 148 92 192 208 80 213 179 229 232 78
    162 77 213 227 177 214 189 186 193 226 238 223 124 163 154 155 239
    52 238 21 248 211 123 31 19 97 27 157 189 228 208 35 241 114 122 41
    69 236 69 221 57 206 77 212 236 159 99 48 72 116 176 51 250 224 128
    206 213 52 175 167 223 106 241 110 226 169 62 169 177 96 88 2 99 214
    133 44 50 219 197 43 205 147 249 197 250 143 205 97 245 25 54 175
    121 29 73 222 248 188 239 23 59 40 7 62 161 143 145 86 5 42 0 57 166
    5 111 205 72 176 165 96 21 38 147 194 194 12 93 150 245 63 254 171 0
    158 196 177 17 16 145 131 227 176 114 85 8 205 84 160 244 93 110 150
    13 225 42 169 226 251 199 188 216 169 225 70 179 164 183 204 124 209
    166 56 202 186 143 45 205 11 127 59 245 65 40 32 73 33 17 160 24 126
    176 232 82 111 200 58 208 166 179 133 9 174 183 120 227 107 88 205
    94 212 25 33 100 38 101 98 205 99 129 104 40 135 131 165 132 248 150
    188 125 39 253 104 191 212 204 134 162 105 22 67 252 148 79 187 165
    152 203 34 211 62 58 54 175 230 60 164 2 138 61 121 20 212 135 14
    135 167 207 30 198 238 53 146 12 177 12 66 158 1 179 60 93 208 140
    78 188 139 211 31 61 6 189 220 31 166 171 120 43 64 161 215 137 76
    182 175 158 146 136 187 40 240 78 243 194 150 167 151 201 160 135
    177 208 233 0 63 242 234 203 134 143 63 121 158 133 180 56 195 234
    46 110 108 128 152 87 209 131 11 11 254 101 205 31 186 25 175 224
    235 201 102 33 30 7 208 64 0 186 166 235 41 215 74 179 252 31 188
    129 16 153 152 126 25 137 229 157 201 50 230 94 61 44 54 139 242 209
    66 186 127 188 89 191 217 83 70 77 50 129 33 203 98 165 130 106 209
    28 40 23 189 226 109 97 33 138 241 71 173 187 115 140 216 9 112 75
    17 207 137 122 245 224 203 202 124 96 20 239 102 113 71 219 246 207
    149 209 225 194 115 113 52 166 126 235 51 214 8 226 70 23 24 66 221
    129 91 75 174 61 70 162 70 1 126 135 141 88 0 195 43 154 88 166 253
    68 194 24 101 142 214 203 42 243 79 234 62 16 41 95 80 20 92 139 200
    18 107 233 16 201 205 108 121 144 20 178 62 187 245 23 86 78 244 199
    126 77 60 248 73 239 58 232 204 117 133 104 32 22 43 48 166 104 120
    98 40 243 187 40 171 254 180 60 64 61 35 217 60 131 174 105 91 59
    229 219 133 188 200 102 46 80 182 182 151 213 30 83 32 152 36 181
    233 196 188 250 142 25 133 168 195 221 43 219 83 189 224 164 169 65
    244 45 27 118 104 193 141 14 246 88 116 46 125 137 153 17 171 236
    249 42 119 120 111 75 13 123 230 36 211 127 240 187 113 1 137 89 35
    70 247 3 31 43 51 79 150 31 227 137 49 79 243 154 192 53 230 159 10
    108 73 22 250 177 42 37 31 71 161 8 131 84 121 97 11 86 7 119 222 73
    202 175 225 80 134 201 35 170 92 90 189 50 115 231 247 54 66 131 177
    146 17 107 61 211 65 11 61 96 25 97 147 231 34 109 200 132 64 134
    246 93 235 8 15 140 65 80 252 125 16 132 180 190 52 248 58 188 43
    230 3 86 118 90 70 225 210 61 46 232 77 143 216 116 26 169 249 12 87
    98 218 76 173 142 141 252 127 16 206 154 184 108 150 200 197 91 81
    153 163 40 169 163 155 102 28 76 94 88 163 251 129 41 126 24 50 14
    190 225 175 44 248 86 177 110 242 192 236 185 43 84 194 40 202 78 4
    209 5 139 223 15 114 74 105 234 72 123 89 177 135 179 51 130 86 209
    165 182 95 194 218 148 249 48 53 248 114 252 163 25 3 239 198 235
    243 180 205 246 52 35 115 5 111 223 60 182 226 138 98 50 195 234 228
    225 231 132 147 56 45 56 15 154 179 131 65 137 194 65 239 24 99 11
    158 35 25 175 30 80 174 110 154 112 248 44 89 57 122 38 25 120 118
    69 127 74 137 114 85 253 200 49 150 32 206 202 255 80 216 39 183 173
    48 241 67 250 192 109 49 144 177 82 79 180 47 68 118 21 57 84 103
    145 176 55 114 170 37 87 79 149 113 144 48 115 32 44 90 220 177 170
    41 198 25 8 224 41 65 106 50 60 184 175 169 31 209 195 60 148 102
    178 60 17 252 251 53 108 70 93 73 78 254 205 24 155 159 186 13 180
    223 53 60 227 137 57 170 33 69 210 247 225 89 35 159 97 149 211 233
    32 255 56 74 126 53 130 156 209 104 193 249 147 207 74 104 129 41
    144 112 227 205 143 185 25 91 65 220 155 123 224 55 154 158 76 103
    159 13 105 24 173 210 171 90 64 242 109 133 244 29 167 176 227 19
    140 199 90 50 84 111 116 225 105 62 26 204 211 169 160 13 32 49 204
    162 148 79 16 119 154 118 179 136 47 120 59 145 200 146 237 75 16
    166 24 67 169 159 191 206 127 21 226 113 198 199 226 251 65 151 70
    242 83 27 129 232 223 137 249 14 232 67 104 237 212 209 242 28 146
    248 4 242 238 145 82 24 244 122 235 69 162 44 97 133 112 211 185 249
    32 188 237 167 108 147 19 189 240 104 50 127 40 177 246 128 214 183
    85 68 149 218 41 220 113 30 25 46 164 242 14 79 234 165 122 161 118
    7 52 142 254 184 139 111 248 16 103 132 112 139 201 224 102 99 192 9
    161 59 9 232 179 97 127 80 204 111 209 187 27 151 173 197 143 189
    253 231 42 209 25 30 121 170 50 51 91 234 222 224 249 26 97 3 157
    249 143 100 120 95 17 36 214 130 165 64 19 161 179 45 59 252 171 138
    59 0 25 84 160 197 14 177 41 163 237 148 47 97 42 66 255 14 57 252
    34 163 241 227 121 63 122 99 106 204 35 221 51 9 0 218 97 132 141 9
    13 178 253 120 70 113 58 72 118 56 164 145 171 86 84 173 34 170 31
    236 25 106 122 238 239 243 239 224 129 151 199 11 109 244 65 192 180
    248 88 206 109 210 98 198 234 167 40 32 16 232 124 189 189 153 190
    111 61 4 41 184 116 17 157 157 250 223 3 68 78 157 33 15 75 231 75
    31 114 89 138 53 78 220 101 41 117 13 74 253 18 179 8 88 244 104 163
    68 53 175 98 105 131 163 54 0 232 189 204 174 254 30 189 125 231 15
    99 102 60 76 204 122 189 127 131 19 5 102 32 156 218 35 223 166 184
    191 160 105 100 33 133 90 15 219 38 131 183 189 179 238 169 75 154
    76 248 137 89 231 151 188 42 40 24 201 26 170 177 123 171 228 31 89
    11 205 180 54 72 58 125 130 27 209 50 211 208 59 8 3 233 75 113 82
    63 204 15 114 198 130 13 44 157 57 111 95 48 246 250 45 251 142 93
    75 217 39 78 164 43 197 242 243 20 186 164 54 233 150 224 237 11 28
    118 53 236 209 214 56 35 31 126 200 149 238 178 99 150 195 87 232
    151 172 168 214 219 175 204 63 79 29 14 229 128 200 49 100 123 184
    25 96 14 207 198 162 197 54 121 31 46 57 62 11 221 61 98 65 176 241
    12 232 70 221 175 75 212 181 176 28 52 50 201 221 195 92 228 78 145
    219 217 247 63 105 155 187 170 228 158 76 109 174 101 28 134 221 140
    61 56 2 175 80 68 114 41 220 22 71 200 237 237 242 56 97 103 9 19 25
    253 112 1 206 96 231 83 153 66 177 105 57 35 118 216 170 46 111 109
    148 155 33 67 176 29 5 178 213 102 23 254 53 108 186 76 192 78 145 6
    228 235 200 30 127 199 140 218 213 43 193 56 199 147 216 224 187 234
    157 230 191 247 255 217 240 159 113 96 182 1 192 100 83 103 121 73
    33 22 211 8 176 109 44 171 172 5 6 101 34 41 191 241 99 154 180 207
    72 92 140 197 45 214 77 62 32 168 129 149 254 197 95 151 138 149 203
    77 84 120 136 212 88 171 249 91 208 141 196 93 36 158 229 107 111
    186 233 40 201 93 44 206 206 242 35 42 149 45 237 164 48 169 108 226
    52 198 106 160 69 46 47 145 11 166 70 193 8 101 119 240 83 86 32 233
    135 172 65 44 13 255 146 63 238 145 125 219 37 226 142 217 161 34
    252 20 179 230 212 163 181 175 238 253 85 172 175 109 132 180 170
    239 197 112 83 23 77 77 194 174 208 103 13 172 111 254 82 157 196
    115 203 9 110 172 130 5 78 203 90 200 96 15 181 141 142 74 238 24
    211 80 128 146 193 197 94 188 23 241 188 50 172 195 240 95 103 194
    154 211 242 107 155 25 187 30 145 232 8 108 103 5 197 123 79 108 229
    139 176 74 79 215 97 223 243 123 244 92 146 232 230 238 232 103 7
    167 157 159 59 157 60 123 169 52 121 181 131 165 49 27 43 122 41 150
    194 58 209 186 58 174 64 45 244 46 86 141 189 14 116 243 193 38 205
    165 144 220 147 61 205 24 74 254 227 187 165 132 129 222 149 97 41
    250 70 255 201 249 59 18 108 116 243 15 4 238 202 29 6 164 108 38 71
    177 10 206 69 36 181 188 198 121 226 248 116 136 168 204 133 54 63
    17 10 129 190 39 112 106 135 187 163 220 141 137 90 69 212 37 99 0
    166 87 237 77 174 195 100 54 67 39 255 26 6 135 98 128 129 117 184
    66 194 182 227 79 158 96 3 89 42 65 217 236 129 25 87 84 67 254 175
    30 100 26 122 14 104 203 87 69 71 9 185 133 65 10 136 27 204 230 242
    174 8 131 164 75 91 215 183 59 62 180 53 222 100 230 247 23 179 183
    222 55 119 124 8 4 8 121 237 143 137 10 246 1 185 20 248 20 190 48
    34 21 169 230 70 47 105 184 13 212 74 51 137 222 243 106 9 221 9 42
    83 216 202 249 15 131 197 0 181 70 81 36 241 73 207 152 246 208 55
    239 94 241 181 62 99 21 142 45 187 231 254 33 157 74 196 66 129 252
    31 26 117 112 99 192 41 24 128 22 114 196 255 206 22 108 213 220 48
    194 71 219 138 148 219 112 1 251 158 101 163 218 246 157 247 191 217
    186 80 69 181 160 247 218 195 164 148 120 244 243 216 121 96 190 202
    134 156 231 82 251 143 40 232 130 151 109 168 91 248 253 15 118 195
    175 192 228 66 0 249 14 196 214 228 190 250 28 191 188 252 195 78 82
    248 251 233 190 198 110 109 131 69 215 248 63 201 165 101 12 98 28
    149 141 62 140 240 41 99 246 46 198 38 83 38 154 102 130 47 222 154
    213 221 137 253 239 159 196 189 64 2 53 77 62 78 182 201 132 128 129
    253 218 158 216 63 246 187 94 129 130 34 215 127 135 109 49 28 27
    141 122 111 59 209 86 188 73 80 237 255 197 26 235 245 226 126 49
    237 194 0 23 128 113 187 241 235 93 5 243 199 252 197 64 25 52 31 1
    164 138 84 101 253 87 93 166 50 68 50 186 134 158 247 143 180 207
    130 233 60 64 86 190 22 65 106 155 243 187 78 54 210 186 68 209 170
    58 70 95 127 110 50 204 239 13 88 16 202 98 168 108 98 83 87 108 1
    47 36 223 56 165 229 167 244 105 7 31 15 138 31 42 15 15 103 119 99
    95 99 234 2 106 235 106 158 55 249 32 43 206 206 209 165 70 93 176
    59 220 5 252 237 114 240 33 141 56 141 36 38 19 255 173 41 77 42 26
    61 14 79 191 170 154 250 189 230 188 243 206 252 34 102 92 227 46 56
    160 164 112 202 199 163 235 49 75 154 210 237 228 170 194 140 54 193
    107 156 6 222 182 44 113 28 42 130 205 8 208 1 72 165 51 198 60 72
    105 37 217 33 3 212 214 126 228 46 241 61 59 134 169 149 12 11 30
    212 31 91 135 208 94 44 217 191 238 215 252 63 242 92 253 180 157 0
    114 154 139 255 213 12 213 106 40 99 130 8 194 47 225 79 4 79 66 237
    189 143 151 136 9 176 23 80 190 0 172 216 197 72 110 135 145 77 10
    131 178 121 105 44 84 4 15 104 80 212 255 122 69 234 17 130 227 254
    37 104 246 120 11 227 44 116 194 199 143 226 132 19 68 253 180 49
    100 193 172 53 7 222 88 143 230 6 27 151 102 204 84 104 199 6 253
    141 4 52 166 61 236 218 71 229 92 23 84 122 15 223 75 10 61 68 138
    161 32 78 201 180 224 94 153 191 234 27 30 212 235 153 90 54 178 148
    150 127 99 223 229 115 85 122 116 201 34 9 42 205 112 57 229 55 241
    19 174 61 24 225 5 81 245 251 254 80 108 88 66 109 99 74 232 157 31
    132 39 160 135 71 100 174 243 239 26 149 238 171 193 91 16 197 54
    235 87 57 67 182 199 46 77 102 97 9 210 211 173 250 231 41 123 157
    251 110 243 210 162 181 232 113 92 205 194 224 227 61 32 53 180 145
    2 136 121 176 66 189 32 218 132 88 215 92 242 58 166 99 30 126 223
    120 188 60 132 160 72 131 33 240 74 210 115 1 56 193 234 49 249 195
    20 138 253 185 71 15 67 105 227 184 91 74 229 8 5 46 101 44 25 15
    155 16 162 68 25 183 137 167 127 208 228 86 11 39 73 219 86 245 236
    114 5 1 241 164 164 251 123 44 132 144 118 28 168 208 35 146 192 6 9
    196 252 100 237 92 114 174 112 39 168 226 7 214 139 191 140 22 191
    222 83 234 97 127 73 133 222 193 59 213 185 160 48 183 60 130 91 138
    226 193 88 169 10 225 58 29 147 146 1 159 140 217 67 104 93 136 108
    19 107 214 247 198 129 180 196 28 185 75 45 86 161 46 122 216 33 77
    254 121 71 189 205 224 69 105 1 43 169 196 189 211 145 13 194 239
    203 222 214 4 150 143 1 173 113 248 49 7 212 192 154 222 10 181 195
    101 101 249 250 189 220 150 201 20 117 36 149 189 94 27 224 121 9
    216 79 241 42 51 16 166 238 86 194 241 24 63 208 46 130 223 224 13
    144 85 155 159 219 79 13 234 106 207 17 180 83 241 244 137 57 93 239
    150 169 33 53 37 54 237 11 147 48 213 145 47 127 218 139 198 199 179
    87 210 171 159 116 232 204 104 91 237 71 133 183 234 158 252 89 158
    65 223 178 26 172 61 224 185 88 209 211 225 70 119 34 53 8 216 175
    108 230 19 232 92 150 251 193 127 49 170 224 149 205 38 138 146 39
    140 48 220 205 172 203 51 234 147 192 189 180 103 137 43 32 52 198
    115 95 77 254 41 198 111 128 126 132 176 176 22 252 175 81 2 27 29
    68 51 138 73 207 171 46 235 53 218 132 83 251 118 173 146 51 24 140
    144 176 7 158 189 183 222 160 117 216 130 82 157 74 156 11 243 208
    155 169 186 106 243 192 165 10 7 196 99 207 26 147 192 190 179 204
    234 24 176 1 92 71 154 194 184 96 230 244 145 147 100 114 205 167 41
    19 249 150 229 45 243 73 54 6 1 164 6 4 113 236 243 19 124 93 173
    199 164 216 201 12 226 69 167 128 82 213 147 229 214 241 52 143 54
    67 225 195 210 65 243 40 136 129 149 12 201 114 28 23 255 41 43 235
    25 137 23 85 67 17 35 70 37 116 12 199 238 46 133 72 226 56 241 51
    32 153 92 134 208 230 19 240 59 109 132 226 174 206 189 1 215 188
    209 192 1 212 209 102 48 152 104 8 172 60 117 30 37 75 134 29 219 91
    242 137 210 175 131 252 50 5 150 4 97 162 10 222 132 82 135 187 250
    140 255 173 142 182 223 54 83 177 2 206 96 85 81 87 229 19 151 167
    115 191 159 10 200 205 23 89 180 196 7 30 181 105 16 76 40 22 47 202
    110 17 3 153 145 229 253 199 128 230 193 138 63 252 37 227 40 106 23
    50 39 168 20 191 129 188 1 206 241 146 1 205 39 161 246 6 147 169 89
    221 63 30 2 124 111 54 238 249 34 207 236 71 96 228 20 63 132 67 129
    4 241 138 208 228 95 247 141 67 39 21 121 80 61 42 4 54 206 118 139
    131 227 182 119 19 44 155 211 119 226 222 250 101 149 196 206 61 238
    148 168 123 136 119 175 120 234 49 118 52 207 78 137 47 211 158 167
    20 197 150 253 76 204 145 184 25 56 80 116 45 205 245 73 216 237 207
    120 78 65 250 48 94 15 97 200 120 131 92 100 251 46 76 15 195 95 60
    40 204 189 54 115 41 193 193 39 131 245 20 44 78 203 141 77 25 83 26
    160 211 122 133 101 41 138 228 210 182 178 228 184 200 250 86 193
    192 120 228 90 166 25 91 90 218 8 120 58 189 70 97 105 30 157 93 117
    104 17 253 233 182 165 5 124 198 243 254 1 164 69 57 242 19 2 215
    220 38 18 202 89 127 255 106 196 2 21 79 76 233 225 44 106 112 111
    116 27 89 111 42 109 181 92 62 102 157 193 176 174 216 1 144 78 21
    23 229 31 113 251 57 41 126 89 61 128 185 153 253 249 161 187 60 95
    85 42 249 75 225 240 95 114 130 156 241 26 74 166 221 95 100 216 77
    44 162 149 75 83 65 224 165 105 82 190 248 190 36 255 241 83 224 36
    43 64 243 72 121 149 168 129 249 87 232 137 45 38 27 153 131 31 161
    253 3 26 48 117 107 16 160 114 142 162 146 132 48 181 176 226 185
    132 87 200 240 10 25 105 255 160 139 189 97 47 98 115 114 143 213
    210 39 96 194 255 155 237 210 102 252 217 72 47 183 195 222 45 139
    178 70 144 152 227 126 190 29 226 72 81 138 35 39 210 210 124 14 22
    145 9 78 106 175 241 209 60 111 9 209 249 169 188 27 174 212 21 226
    158 59 209 71 11 143 89 79 118 81 42 221 235 56 36 170 18 220 185 39
    149 198 200 170 31 68 212 173 17 112 224 81 37 160 218 178 235 66
    249 24 81 146 226 43 255 177 149 231 112 236 253 239 61 232 124 34
    197 18 109 206 194 117 113 214 118 102 227 243 146 165 126 206 71
    156 104 38 58 97 60 250 67 20 122 98 121 39 192 229 127 251 10 151
    95 249 187 240 124 132 160 17 209 213 118 103 213 10 219 38 186 136
    126 160 178 22 69 47 163 10 234 49 165 21 53 41 168 189 115 127 137
    1 43 81 223 184 148 97 47 56 228 40 72 155 213 148 57 31 196 137 205
    11 23 177 209 215 129 217 199 109 177 245 242 226 70 213 132 43 87
    246 247 57 137 185 143 57 113 203 74 109 202 33 57 242 169 244 253
    248 26 60 3 200 219 18 56 252 244 21 85 23 45 253 112 140 254 126 5
    43 83 107 5 167 67 68 220 153 137 46 116 135 54 71 115 249 47 193
    174 172 178 41 255 87 234 131 89 119 95 159 109 195 180 59 7 187 1
    135 45 233 3 250 152 157 81 196 131 161 251 53 211 164 230 208 132
    43 6 135 104 232 32 9 250 180 176 137 138 227 67 121 119 136 32 50
    179 36 236 220 151 149 19 148 8 180 1 74 86 195 63 42 209 220 245
    248 110 174 102 198 8 45 245 227 81 115 90 77 81 201 29 182 16 247
    245 239 111 201 176 123 11 125 208 53 238 6 39 160 143 155 245 209
    220 214 62 154 246 99 73 31 229 26 163 25 243 115 119 168 154 219 42
    208 233 144 220 146 236 211 219 51 179 148 8 95 116 212 45 58 118 0
    167 3 54 116 40 95 17 28 90 73 3 108 213 114 220 213 249 200 45 158
    245 167 43 95 186 211 86 224 137 14 85 254 158 53 52 249 148 145 73
    37 252 51 64 13 104 252 200 103 89 142 231 177 155 97 163 35 196 31
    202 108 53 35 249 61 172 157 226 47 29 95 64 43 44 82 222 67 111 75
    59 163 232 12 158 168 225 20 140 64 108 176 109 112 228 87 174 24 78
    180 238 80 165 54 46 128 43 58 6 122 148 104 158 161 223 144 97 37
    136 95 112 124 33 25 13 184 161 106 5 225 15 176 139 202 69 164 112
    164 253 146 81 5 92 107 192 164 31 29 213 105 78 83 250 94 166 19
    209 250 136 251 183 168 213 16 38 87 139 9 6 64 210 148 164 43 180
    185 190 167 150 27 226 140 151 98 20 174 197 43 179 194 145 190 54
    43 124 76 82 246 165 172 54 143 22 69 94 0 249 161 176 83 255 8 44
    168 183 204 27 41 195 16 94 167 174 44 2 26 239 153 123 12 56 252
    100 204 142 86 94 103 207 187 78 40 37 95 226 41 91 71 212 150 163
    165 229 219 21 127 102 163 222 0 142 120 57 163 247 132 167 213 185
    205 7 192 235 195 146 44 176 163 139 24 9 172 74 233 200 141 118 35
    26 252 231 193 67 136 87 166 242 250 162 133 90 95 69 18 110 129 82
    179 207 82 16 101 38 157 126 217 210 171 18 84 190 110 195 12 255
    180 190 181 70 43 147 120 81 130 243 197 243 214 195 229 62 72 136
    195 189 104 83 13 142 158 226 98 178 53 9 34 148 244 209 234 59 35
    54 15 193 186 247 62 225 36 37 63 8 8 37 29 156 6 193 108 67 173 191
    193 152 153 112 166 233 112 21 212 255 206 61 182 171 251 224 203
    236 245 234 63 68 78 16 71 114 204 158 117 199 118 59 6 106 142 73
    178 64 180 19 43 138 49 29 86 134 14 8 178 185 253 105 200 39 87 109
    38 240 201 234 197 148 35 20 250 115 245 27 155 23 136 12 161 145
    179 48 127 228 26 51 18 14 229 215 114 55 96 27 250 154 156 45 192
    184 30 198 209 120 32 66 89 92 139 23 24 219 46 2 206 172 75 118 171
    88 152 251 120 49 9 171 105 56 255 156 117 16 123 20 196 1 53 97 207
    39 217 174 114 6 21 129 26 0 236 219 95 99 212 142 248 178 93 8 123
    3 104 101 122 139 202 58 247 127 53 133 91 74 95 227 56 232 11 177
    162 86 137 199 183 103 107 213 17 70 213 110 35 52 145 83 156 159
    236 146 170 235 100 247 85 142 99 238 42 116 192 30 65 64 242 205 85
    179 32 160 219 140 65 40 72 133 52 89 249 132 89 127 71 116 179 223
    227 64 241 3 56 142 78 44 242 230 171 95 179 173 139 167 9 58 116 19
    209 139 171 87 132 178 17 183 188 233 57 34 118 78 113 18 137 70 255
    73 97 17 217 193 145 207 211 10 234 118 52 158 137 2 31 118 170 19
    82 140 109 204 48 50 203 100 219 67 101 36 45 37 213 209 126 247 17
    129 145 213 229 192 199 199 105 238 218 44 107 229 81 144 95 137 191
    151 242 44 239 97 96 119 110 100 10 189 18 100 19 34 176 190 51 156
    198 187 30 171 160 181 3 47 236 28 178 157 69 161 207 245 141 147 96
    6 239 75 230 110 131 135 92 162 65 131 204 204 102 26 48 249 178 78
    201 107 197 53 190 206 44 253 57 30 154 92 123 81 62 213 214 250 2
    253 32 186 145 226 221 45 229 247 117 135 200 140 78 239 101 170 22
    162 61 16 178 199 189 80 109 93 49 48 167 164 45 221 210 196 73 198
    130 225 39 252 157 164 10 117 246 54 59 63 251 145 154 166 21 202
    147 154 187 1 166 229 62 212 17 86 204 242 185 107 68 245 210 209 77
    176 73 107 179 251 121 118 109 1 49 142 242 182 45 230 231 105 249
    170 141 191 192 216 160 246 25 99 27 231 243 108 180 40 165 251 22
    117 36 129 74 99 36 57 65 202 66 234 201 111 59 240 217 205 46 124
    86 5 203 188 86 142 148 251 135 61 22 85 13 209 216 204 129 206 5 54
    42 183 121 235 5 102 79 60 176 34 33 231 148 68 129 27 245 61 31 49
    118 52 37 178 82 28 106 193 25 248 6 172 90 11 237 107 33 152 157
    132 96 16 196 240 54 69 55 194 94 35 176 55 118 93 6 203 195 180 110
    234 68 232 23 33 182 169 210 117 206 93 189 69 225 148 159 12 63 139
    206 19 216 133 169 254 210 192 190 196 26 6 166 78 223 204 7 182 232
    140 173 223 223 217 225 247 117 66 220 132 29 3 121 1 31 156 231 55
    148 174 122 53 166 68 240 20 125 247 164 164 157 243 55 78 46 207
    176 92 212 115 50 215 91 190 209 37 111 201 225 103 254 88 181 158
    208 39 190 175 93 248 233 76 253 100 126 93 210 124 214 196 79 174
    253 36 241 225 162 184 4 240 234 105 141 110 6 162 209 170 105 4 135
    216 188 39 119 31 157 170 65 8 32 154 177 234 226 13 108 207 163 26
    203 33 168 28 125 28 109 54 21 109 212 136 83 143 109 227 32 93 209
    114 11 118 155 58 151 29 197 140 47 170 34 131 120 162 61 121 209
    205 238 76 161 151 236 238 52 147 26 103 148 55 115 207 208 173 101
    26 148 53 139 105 102 93 45 158 250 21 87 235 154 166 207 16 201 178
    166 9 219 9 107 159 130 244 62 61 164 253 152 115 118 123 208 52 178
    73 6 210 75 194 195 104 31 176 231 15 36 115 97 253 49 206 157 218
    118 37 171 188 197 25 53 234 24 180 121 149 148 191 107 92 7 161 170
    93 35 67 72 103 151 165 58 195 173 112 164 186 34 117 227 241 40 61
    138 225 151 25 117 252 107 40 87 148 117 232 45 15 145 125 84 117 7
    54 67 175 25 184 4 92 169 93 124 155 181 94 230 72 144 172 241 44 69
    166 77 117 186 109 229 138 212 123 235 200 198 120 242 73 96 41 189
    243 7 242 184 34 52 195 230 36 114 127 248 57 159 192 212 77 65 25
    37 248 155 127 175 132 166 78 250 140 160 34 182 249 148 158 150 62
    193 179 199 9 114 17 129 13 133 166 83 53 21 81 125 78 90 135 33 7
    69 237 233 9 212 50 202 28 138 10 87 61 135 201 90 114 162 150 47 47
    36 204 222 175 76 174 67 82 153 148 75 146 79 232 215 10 61 17 148
    44 195 27 250 96 0 249 184 106 246 7 143 88 163 15 178 114 138 34
    254 109 187 156 119 50 220 221 246 94 99 73 45 255 181 143 220 11
    242 64 47 111 138 186 4 21 243 245 25 170 127 93 79 178 107 8 118 87
    69 190 27 119 188 29 117 97 147 59 215 253 18 195 32 150 150 240 76
    240 250 80 138 58 188 224 67 205 122 248 151 235 151 119 25 22 40
    159 220 80 60 212 112 122 26 62 169 19 193 25 194 38 245 118 26 245
    71 6 234 146 89 7 185 126 253 202 111 22 144 100 3 163 118 120 55 3
    238 252 221 38 228 115 44 47 153 95 90 147 111 165 229 160 49 108 39
    229 240 123 118 230 138 149 213 176 198 13 158 221 147 205 180 166
    184 221 164 68 84 63 31 226 51 171 242 34 131 171 130 154 53 25 143
    208 39 83 54 158 216 152 30 57 146 77 225 134 102 70 30 36 194 218
    77 196 51 215 103 175 4 40 48 30 12 35 111 48 196 34 31 60 178 207
    220 0 142 255 12 52 109 5 30 132 41 216 145 229 91 24 127 200 170 69
    101 0 21 59 40 197 98 162 248 36 61 8 208 61 47 238 44 32 237 80 95
    3 129 78 139 159 50 32 209 103 2 13 163 228 229 147 144 132 32 231
    232 49 100 73 231 101 111 133 108 140 198 109 249 52 8 194 23 227
    136 108 77 194 251 19 174 217 43 246 182 161 23 200 3 34 247 254 0
    237 147 144 104 204 172 36 255 77 151 219 177 35 100 116 169 202 54
    91 218 25 248 200 157 250 201 176 251 156 83 139 176 163 45 60 110
    244 128 79 98 51 253 234 28 132 249 250 23 118 153 210 97 94 178 221
    110 2 143 161 100 82 148 157 245 110 238 70 218 200 82 57 32 178 86
    35 96 185 187 245 80 26 234 242 248 170 76 237 196 132 179 41 245 2
    180 127 128 24 232 212 145 118 224 149 226 67 195 28 234 155 213 216
    21 222 29 62 81 107 124 203 176 212 135 45 46 73 49 235 225 129 178
    253 204 16 164 195 222 74 31 207 2 40 134 107 112 239 13 166 191 64
    248 180 22 2 196 170 176 228 93 251 50 41 3 142 217 36 29 76 27 149
    128 17 95 88 35 140 146 22 232 252 57 72 158 39 13 82 99 181 193 96
    58 110 164 139 22 89 38 185 33 219 198 211 168 80 44 197 182 50 161
    61 111 29 230 72 250 126 115 216 28 157 212 212 67 114 217 36 123 10
    142 92 68 192 154 107 146 83 226 150 172 72 111 212 191 247 23 106
    111 242 191 55 73 226 114 0 132 210 5 16 209 172 142 143 187 46 96
    215 94 231 14 207 239 228 10 171 63 19 144 140 24 5 112 159 107 219
    142 149 93 242 95 88 54 219 99 220 179 70 169 209 48 74 184 74 35 92
    3 189 127 42 213 139 43 212 77 26 104 11 69 134 238 146 53 154 72
    233 175 248 254 9 88 124 106 155 247 93 152 35 112 212 200 78 172 7
    20 168 107 224 121 31 145 42 222 225 61 153 88 205 172 185 194 241
    106 113 221 215 118 236 8 149 125 215 40 152 207 77 54 109 194 84
    180 133 146 251 119 43 235 22 143 243 59 197 111 79 242 113 87 241
    194 251 16 6 218 83 204 156 239 136 240 252 130 138 55 185 200 84 1
    178 81 82 170 200 125 231 8 27 45 17 56 82 170 100 31 209 226 88 184
    20 250 15 251 179 65 5 154 81 110 31 147 177 220 45 26 112 242 92 24
    150 177 85 40 5 5 144 210 236 33 233 38 252 62 125 114 34 101 255
    173 117 199 121 210 181 136 105 103 177 108 162 162 84 137 55 198
    119 119 168 1 10 145 71 165 57 37 244 132 73 192 59 157 110 45 150
    202 27 33 250 83 102 97 171 20 26 91 229 46 139 193 161 54 69 29 217
    38 34 14 194 187 36 166 21 241 125 228 6 67 110 238 44 133 70 32 7
    18 75 213 32 184 236 179 180 26 41 177 68 134 180 113 46 58 129 215
    72 25 33 180 89 97 196 159 205 226 228 10 116 240 6 244 201 174 94
    206 231 179 100 85 125 46 121 29 252 218 71 223 26 179 22 163 56 242
    16 66 96 125 67 156 33 204 207 78 207 206 181 59 119 242 113 93 214
    102 103 228 112 76 22 226 206 5 123 161 13 121 252 186 225 234 118
    239 135 17 44 210 184 98 239 64 83 190 157 115 233 131 40 2 7 179 12
    95 222 123 139 120 0 135 39 142 245 62 165 132 19 178 241 117 183 58
    156 206 196 104 55 170 234 100 68 132 31 66 88 200 249 147 232 194 2
    46 221 242 17 36 238 4 160 98 241 140 180 165 185 36 129 210 77 234
    117 12 206 40 75 35 222 146 126 24 90 35 222 235 150 245 181 26 29
    223 50 13 41 209 78 74 94 147 218 159 112 220 183 97 197 63 1 70 76
    252 242 31 35 202 165 49 240 187 61 211 51 14 76 16 249 98 219 191
    129 223 236 248 33 167 122 6 104 101 238 185 169 154 103 47 112 97
    191 102 10 57 176 174 161 239 9 22 127 151 19 78 19 29 250 5 136 203
    102 208 87 82 253 192 125 11 61 214 167 250 187 160 143 142 31 64
    218 197 107 238 49 123 141 28 88 51 109 132 165 42 119 101 74 13 43
    227 200 179 108 221 42 82 71 138 56 149 157 186 213 208 187 185 218
    100 122 84 230 45 138 87 125 57 171 72 56 31 146 160 33 190 7 253
    156 128 168 62 20 129 19 88 21 135 92 92 189 25 110 79 191 153 84
    117 56 50 202 119 87 160 224 236 38 114 90 80 188 105 187 234 69 89
    101 24 15 217 21 217 114 128 36 248 22 5 170 173 70 130 166 9 177
    221 131 76 212 205 204 11 25 183 247 250 86 37 20 236 201 212 193
    118 80 3 65 147 232 62 171 168 61 158 231 153 184 109 208 65 6 238
    24 2 72 212 81 92 88 206 10 64 240 56 102 15 181 92 45 227 87 117 25
    162 66 108 20 50 59 141 24 12 149 132 168 17 92 148 64 224 85 255
    168 111 177 238 184 190 14 35 94 153 19 41 160 78 52 31 138 26 168
    243 128 205 12 221 87 181 191 20 38 221 97 177 93 48 209 22 148 148
    197 116 241 86 185 254 37 234 103 238 211 18 185 237 224 7 159 204
    128 21 232 84 238 16 78 34 23 142 128 148 200 144 229 228 140 78 46
    169 198 70 154 86 173 21 46 234 202 165 188 57 212 56 72 149 167 64
    245 86 26 9 113 127 165 135 168 114 98 42 58 92 17 53 247 229 183
    212 203 117 92 128 66 237 101 56 27 37 115 110 205 152 46 88 5 36
    119 20 206 80 83 234 45 78 11 230 49 48 250 19 110 190 139 187 72 75
    139 222 60 153 35 140 166 59 56 235 232 181 2 245 175 138 164 6 132
    98 183 122 146 240 47 219 190 229 213 52 18 42 130 54 89 230 4 117
    90 2 8 148 36 158 216 22 237 130 6 4 155 69 93 147 12 247 155 32 221
    34 124 145 245 253 86 124 45 242 250 227 74 236 26 157 116 102 183
    63 216 215 173 152 121 104 52 205 172 22 72 202 54 251 230 194 18
    158 157 214 79 40 183 105 9 245 76 57 96 169 126 107 60 123 163 20
    47 86 12 227 111 6 100 117 179 88 226 61 66 167 7 161 38 167 59 149
    178 130 121 116 75 174 206 180 129 93 225 250 178 135 10 158 14 148
    249 6 189 135 180 98 238 229 209 49 104 89 103 163 188 98 132 74 155
    35 19 38 29 8 236 22 17 128 106 104 122 232 24 86 111 73 39 202 252
    61 189 4 220 252 104 131 12 117 159 26 26 117 224 161 242 177 68 59
    194 15 7 185 204 220 149 255 141 43 222 153 42 177 16 53 9 125 181
    101 158 172 29 217 79 216 108 226 155 129 226 133 253 130 174 187
    250 136 144 167 55 143 35 12 62 95 204 98 156 38 216 112 224 72 146
    255 0 207 114 234 120 20 94 119 45 122 120 56 236 222 199 232 18 171
    218 21 231 231 219 213 4 163 79 84 170 230 132 228 199 198 252 23 88
    13 81 65 126 94 62 133 16 28 83 227 15 178 62 238 43 142 112 195 198
    232 252 180 197 23 37 182 116 238 160 214 39 53 173 93 42 52 12 81 0
    69 211 195 228 149 135 163 128 46 68 83 215 39 185 174 112 94 75 212
    33 162 117 215 116 172 71 148 230 230 248 35 14 29 104 219 102 148
    161 174 162 109 144 120 106 179 63 36 137 196 222 88 220 87 146 215
    48 82 3 25 103 235 196 205 35 112 84 255 122 161 208 232 245 129 55
    171 106 148 123 92 240 244 86 67 88 255 220 98 44 235 85 171 183 197
    255 202 102 38 162 109 0 253 34 5 133 28 133 104 227 182 240 112 176
    194 88 207 250 210 150 67 110 63 18 220 242 220 218 20 136 98 244 24
    73 161 87 143 25 117 245 253 61 160 6 108 122 132 129 69 108 133 17
    0 82 168 66 128 203 70 241 165 3 154 34 90 70 0 145 86 82 235 102
    173 164 206 37 64 201 33 230 130 40 143 185 98 145 105 99 23 53 103
    32 46 218 159 230 41 81 92 52 134 252 184 79 214 20 162 206 91 132
    92 126 145 138 145 57 138 102 125 148 183 158 86 111 202 55 202 191
    9 199 38 136 92 164 174 189 160 70 13 9 214 140 42 1 84 68 64 60 239
    246 188 102 167 63 30 158 253 144 133 181 41 245 224 29 40 197 181
    230 251 126 41 176 201 61 56 53 59 246 97 107 151 24 45 8 22 216 143
    127 241 168 134 33 127 187 153 233 187 48 71 224 37 253 43 83 241
    177 52 64 167 91 213 117 182 27 35 177 253 84 36 19 230 7 82 122 170
    48 108 84 205 101 127 67 112 247 168 222 117 27 78 176 255 34 97 9
    254 76 12 62 92 168 219 57 54 111 127 255 165 88 97 41 99 252 114
    227 181 177 149 134 220 165 172 21 168 229 136 16 29 143 133 239 178
    132 187 97 32 182 182 85 194 88 55 50 35 183 88 120 102 189 152 44
    202 149 3 176 54 250 5 251 49 182 247 171 228 2 157 196 229 213 30
    163 115 179 239 133 102 190 61 29 162 65 6 50 73 68 217 146 83 88 94
    120 172 98 171 226 17 146 231 126 31 111 133 200 204 21 224 74 8 168
    213 84 139 71 231 82 156 136 44 67 100 62 90 231 49 226 102 107 17
    126 229 253 168 194 12 145 100 194 83 55 189 138 182 208 183 89 242
    48 56 202 150 200 173 115 86 89 94 42 51 190 146 224 37 11 236 228
    177 129 104 169 93 221 200 72 136 204 157 187 89 49 79 182 8 171 3
    210 35 162 10 39 53 108 98 61 221 176 151 148 109 235 59 81 105 23
    77 112 88 174 173 252 136 84 195 157 180 182 208 53 7 9 23 192 115
    147 76 158 56 28 150 55 30 35 16 4 245 39 127 80 34 242 166 130 120
    184 149 126 226 176 105 252 89 177 230 173 126 59 68 211 199 151 80
    0 239 75 175 28 84 139 85 33 20 217 181 39 180 86 76 204 112 254 80
    93 49 202 59 219 111 106 19 68 189 73 212 184 155 162 85 208 60 182
    154 32 139 221 78 221 168 91 148 113 53 191 48 244 80 207 7 56 211
    184 245 166 173 65 85 166 222 217 52 219 160 35 63 79 31 190 47 28
    236 51 221 174 13 134 33 226 228 217 234 10 129 38 212 153 36 155
    130 137 109 151 32 132 228 163 0 37 189 220 163 102 160 126 40 239
    31 250 116 141 94 52 215 64 126 190 246 61 179 179 48 7 58 158 136
    250 29 146 197 197 245 77 78 33 65 40 72 220 55 208 173 130 31 217
    116 173 64 53 225 235 178 249 87 17 56 42 138 122 113 211 82 236 184
    37 164 58 213 97 114 50 242 186 149 216 228 47 158 255 165 184 213
    163 169 142 60 77 117 137 255 225 142 103 212 28 7 120 113 43 5 77
    135 1 52 159 109 88 136 199 32 104 186 122 169 238 233 66 212 165 8
    255 240 166 134 190 208 219 48 16 178 164 219 215 47 156 198 102 242
    128 11 155 101 121 136 16 173 85 123 186 87 141 142 184 228 209 120
    27 80 42 247 5 210 111 88 213 83 127 41 131 222 145 43 184 249 57
    239 127 2 94 162 177 155 223 63 73 206 243 93 107 185 51 174 93 18
    42 115 97 236 142 10 125 4 139 66 34 150 42 153 161 41 158 150 119
    17 109 215 43 55 91 190 200 200 97 194 89 175 70 74 64 32 248 87 128
    224 240 155 86 108 8 211 115 115 155 16 41 101 169 97 32 131 238 255
    183 199 154 223 226 255 126 253 230 179 93 197 50 197 166 253 165
    174 119 29 167 254 201 55 145 196 10 219 166 63 56 198 76 89 18 205
    40 115 43 117 236 132 239 62 205 143 117 221 17 131 174 85 148 106
    112 101 217 171 29 93 162 166 98 1 34 245 116 128 145 162 19 132 157
    136 226 182 140 198 100 246 80 162 132 198 151 233 145 108 149 41
    179 47 6 123 7 35 16 128 153 135 50 28 109 206 63 183 246 37 125 85
    46 205 206 21 114 53 165 52 141 233 82 158 78 187 78 132 244 0 60
    223 139 109 15 9 124 111 165 199 68 127 224 94 155 247 81 121 76 150
    26 227 241 180 130 57 107 65 157 166 226 203 138 75 92 245 115 94
    125 83 79 83 167 82 189 237 39 73 62 240 40 54 220 39 180 104 91 180
    28 230 2 176 203 6 227 110 168 40 34 31 234 241 237 153 250 189 159
    94 58 185 127 254 57 216 166 118 142 60 244 140 250 73 246 222 16 19
    112 225 40 187 229 46 212 43 206 85 69 220 166 107 22 67 227 27 245
    109 160 52 71 27 32 155 34 248 78 43 171 90 214 209 63 229 131 57 58
    238 202 126 15 192 25 118 92 73 236 216 173 161 195 121 229 212 23
    157 210 138 177 12 22 158 162 89 242 209 53 167 75 132 196 201 63
    182 209 35 140 200 154 216 24 213 103 110 27 47 106 250 193 52 18 3
    47 145 112 15 157 62 22 104 116 8 177 58 238 130 170 154 194 47 199
    252 54 94 249 45 48 29 150 175 76 169 139 196 29 231 229 163 140 52
    22 6 89 126 147 0 52 95 109 101 243 218 113 16 224 151 70 88 61 237
    143 47 9 26 251 83 255 179 54 177 119 177 239 184 10 211 31 139 216
    26 167 16 138 219 249 167 246 242 196 246 194 67 20 139 226 144 8
    209 67 32 217 152 243 57 38 147 80 108 236 198 153 162 128 233 11
    207 116 218 240 197 196 50 54 203 34 30 238 3 119 37 97 92 246 33 97
    177 140 113 12 131 229 151 219 43 181 254 192 90 58 137 28 95 158 57
    118 13 238 139 3 217 106 94 224 229 134 217 205 125 217 151 13 188
    136 106 166 170 131 124 134 179 75 254 31 55 26 172 34 113 144 107
    195 147 166 125 96 190 241 0 128 11 137 217 72 95 55 84 214 48 173
    185 223 40 251 224 121 150 140 181 43 176 160 143 73 168 9 115 160 8
    179 231 40 13 66 216 157 202 49 219 204 41 165 151 78 8 96 137 218 9
    54 175 87 188 200 223 6 188 253 169 170 137 27 178 255 3 254 208 1
    140 239 21 71 174 104 181 215 193 58 82 44 11 21 155 198 187 181 225
    187 176 211 180 65 41 130 110 205 152 98 117 194 179 141 84 72 160
    159 184 137 80 238 116 85 122 51 247 57 120 160 116 10 209 128 90
    120 93 109 236 232 65 182 31 254 199 247 149 228 115 71 20 165 222
    36 99 37 191 207 215 143 10 72 7 96 103 93 23 135 193 79 128 113 9
    214 89 41 26 63 143 45 120 201 126 12 178 83 147 133 41 6 11 70 157
    228 110 189 233 170 76 231 37 29 32 46 94 253 236 28 168 199 25 94
    134 131 156 163 102 59 52 116 54 230 196 201 118 63 177 110 36 209
    41 144 84 53 182 144 243 197 53 41 251 12 200 18 191 222 144 154 136
    3 4 251 139 88 224 143 243 64 160 198 36 120 178 170 155 10 231 224
    102 131 204 139 32 22 255 140 245 249 245 32 84 137 74 205 182 76
    167 35 233 106 16 15 98 46 230 25 68 88 167 111 65 37 133 197 108 90
    224 195 125 48 217 9 121 19 241 36 246 100 70 184 23 196 39 184 81
    96 189 206 40 53 40 46 117 49 115 247 209 142 45 231 39 68 102 51
    135 30 32 252 89 50 32 194 126 237 30 153 185 66 78 47 38 6 223 84
    175 118 80 17 131 97 104 218 151 180 208 221 139 165 241 236 141 83
    195 240 3 142 104 254 69 139 54 35 109 103 172 140 57 192 179 88 69
    102 204 8 119 198 135 188 109 246 222 6 223 253 166 113 247 217 61
    141 166 242 179 201 128 144 174 135 98 105 203 33 68 184 99 94 225
    234 168 153 90 41 85 116 18 27 121 108 186 82 112 156 66 87 87 129
    226 122 25 213 228 213 142 216 169 249 12 4 190 25 165 39 11 14 23
    207 85 143 123 68 183 20 254 219 231 59 97 125 186 72 36 219 187 2
    230 38 120 213 144 32 253 50 118 54 236 51 45 154 197 72 188 28 196
    253 123 69 155 57 20 25 73 131 151 101 86 41 249 174 33 206 101 15
    88 131 124 84 35 153 62 21 239 14 53 243 79 233 67 78 179 72 41 48 1
    59 172 112 66 156 126 173 182 95 224 142 195 187 206 223 212 123 57
    88 163 130 85 95 155 171 134 46 137 22 55 165 188 215 178 50 166 103
    228 251 26 13 5 174 21 52 237 29 21 35 83 184 58 177 0 113 5 136 148
    46 198 229 54 1 20 248 229 207 90 232 4 124 221 35 204 229 233 83
    126 79 252 10 144 50 250 241 249 206 106 49 229 171 35 78 219 250 36
    46 22 101 31 74 212 180 122 102 156 208 197 156 29 185 42 121 142
    229 106 127 68 69 100 212 163 27 255 121 80 215 185 238 224 176 131
    36 109 173 42 201 36 139 247 197 189 130 105 87 175 5 42 60 70 193
    171 220 219 57 5 165 109 250 117 178 111 219 76 113 3 250 59 91 113
    111 162 158 171 190 184 64 252 54 221 38 15 153 174 247 83 180 99
    138 78 156 60 175 208 31 53 214 65 201 126 231 77 128 127 97 188 238
    7 41 188 175 113 234 113 105 116 166 85 0 122 211 131 223 57 127 71
    241 1 16 196 114 58 4 17 32 108 242 220 126 232 168 13 206 92 197
    247 32 77 138 116 148 238 94 244 158 99 103 201 50 119 106 90 210 4
    221 60 219 236 218 208 127 159 150 125 27 45 99 221 103 55 191 187
    198 227 236 136 25 50 32 137 231 3 144 223 135 160 244 175 252 88
    166 155 161 122 141 25 166 189 129 114 252 252 9 58 203 95 71 242
    235 74 18 132 70 240 117 62 233 224 210 125 14 156 31 197 0 244 10
    94 56 246 240 179 164 43 155 105 216 28 202 109 194 32 157 50 188 72
    3 40 84 75 154 12 8 132 161 57 34 216 142 0 71 84 106 155 133 68 194
    182 33 153 134 143 46 49 210 0 203 163 186 134 158 186 98 104 230
    142 142 193 115 4 168 16 228 172 71 220 2 209 235 206 108 234 35 124
    200 154 74 214 198 235 94 136 241 28 106 174 240 12 227 244 0 77 17
    183 38 153 236 183 41 196 87 224 88 67 187 100 220 59 144 6 228 196
    154 69 238 54 169 236 12 90 235 6 226 174 118 247 168 240 151 144
    236 157 80 81 176 109 131 99 41 148 183 131 180 154 14 178 178 27
    108 140 77 39 103 56 197 207 88 228 249 49 254 115 51 210 246 54 214
    231 245 43 255 135 57 99 19 8 57 202 8 247 62 185 103 16 15 229 127
    86 234 74 45 205 250 187 52 251 220 179 61 110 220 99 180 129 171 12
    181 241 253 125 212 184 56 0 172 104 10 72 209 155 109 57 255 212
    212 183 25 86 32 39 208 186 249 34 161 191 32 144 64 85 236 141 245
    125 182 118 57 193 193 22 22 198 111 9 136 148 115 189 93 3 147 111
    66 249 164 217 46 78 70 0 17 141 90 211 207 66 138 117 203 182 33
    213 38 176 241 114 81 2 151 236 193 2 49 29 122 157 230 162 202 9 61
    153 56 62 217 77 250 40 237 49 159 2 32 59 150 179 206 141 38 172
    197 52 48 198 40 56 181 221 56 111 211 15 246 115 11 216 130 104 45
    199 208 241 174 208 153 48 174 145 5 55 157 5 129 230 234 243 51 149
    129 21 119 129 215 255 101 239 159 142 96 135 198 37 52 170 9 27 166
    111 160 50 53 157 131 105 76 152 18 62 121 247 164 30 219 215 29 89
    191 133 64 106 100 16 170 98 117 32 160 238 120 177 70 243 218 139
    82 171 244 124 221 35 156 160 39 212 134 12 212 101 167 58 213 173
    60 130 218 217 227 229 59 216 22 99 92 234 245 241 6 102 247 185 101
    114 58 198 156 61 182 11 253 111 143 248 242 168 135 224 102 175 56
    48 231 79 224 161 140 78 69 178 179 151 130 85 28 110 176 65 70 208
    72 87 60 99 80 226 203 58 236 205 102 182 97 97 190 103 36 18 216 76
    187 191 234 74 200 38 218 86 78 210 98 85 231 55 155 50 28 100 84
    221 6 163 249 59 156 62 230 166 169 117 193 81 124 83 126 80 17 223
    3 250 196 152 167 238 109 107 77 141 211 204 209 100 8 150 90 107 95
    41 75 71 225 176 106 120 242 98 19 187 165 159 88 12 114 37 55 152
    178 117 169 248 175 139 139 57 194 221 170 15 129 30 250 106 250 123
    129 112 65 80 67 146 8 145 194 227 53 47 125 34 145 56 13 149 140 24
    133 116 47 208 174 64 115 24 229 85 55 203 109 158 113 105 180 67
    151 104 67 110 163 4 229 166 239 209 198 140 193 207 155 54 78 55
    112 4 200 201 235 242 184 8 196 24 171 16 224 23 244 209 75 111 14
    137 90 205 167 198 232 190 5 229 37 236 200 166 103 206 92 10 195
    213 134 128 107 59 248 182 42 37 164 232 19 121 140 23 37 178 148 83
    107 46 164 138 175 239 190 77 216 106 168 234 178 236 113 34 176 86
    87 250 137 87 166 132 172 254 210 183 198 115 176 147 125 2 166 1
    154 241 108 135 235 56 47 18 111 44 3 38 34 233 65 63 220 189 245
    105 34 2 129 66 185 135 251 89 197 73 84 168 227 3 143 130 50 69 47
    232 108 233 131 79 182 42 39 17 119 135 241 240 76 128 189 127 218
    10 94 98 220 239 99 141 78 232 48 178 180 15 13 36 13 185 172 95 226
    213 119 205 157 196 201 77 80 92 204 82 88 68 205 198 48 45 101 135
    130 103 5 202 34 219 134 231 22 247 71 211 231 32 75 20 215 165 99
    134 157 109 157 244 77 206 126 3 147 233 227 118 40 174 203 174 235
    127 112 167 164 120 50 216 202 147 90 41 211 80 13 133 180 189 205
    204 20 221 183 32 108 100 51 240 75 232 37 184 201 86 178 149 117
    112 144 150 114 120 22 83 49 255 131 149 69 66 121 120 61 42 85 81 8
    138 127 14 168 32 51 234 70 99 7 195 142 119 3 155 253 7 228 51 148
    86 201 68 24 157 146 108 248 126 22 28 245 199 75 180 249 77 209 1
    214 100 113 26 28 233 217 4 234 84 49 13 120 28 14 50 49 147 226 183
    84 195 94 175 197 35 58 163 22 206 164 43 248 75 213 21 199 85 16
    115 78 88 244 200 173 237 119 18 46 167 10 242 180 18 76 89 63 151
    54 205 217 19 184 183 210 99 68 62 207 236 27 148 181 248 253 160
    166 111 68 157 52 116 209 129 224 226 107 163 23 138 246 109 117 68
    42 133 143 251 140 39 211 11 29 2 240 109 252 199 203 196 124 254
    235 63 221 8 252 65 249 65 165 143 221 93 59 57 201 202 76 238 136
    85 98 216 217 84 120 46 64 18 191 68 74 138 85 62 48 36 178 126 2 71
    54 123 253 125 238 177 178 217 199 190 136 111 87 108 50 203 4 247
    110 205 33 91 227 94 95 175 116 205 167 85 197 178 157 214 41 239
    213 135 159 27 13 109 25 115 11 172 38 221 219 26 93 6 76 246 94 219
    92 200 212 141 110 183 41 23 162 244 43 71 65 90 166 1 225 221 105
    216 204 61 233 248 176 114 18 147 112 32 194 139 235 221 78 146 114
    54 66 3 115 215 146 31 203 214 131 117 255 246 201 53 243 19 30 119
    72 185 217 205 159 182 98 9 236 130 57 75 15 85 14 15 172 118 23 225
    120 195 188 192 129 129 197 187 107 136 113 72 227 136 155 172 253
    13 32 194 139 204 77 43 249 220 151 129 199 3 168 141 89 79 170 181
    73 91 155 61 234 195 127 91 164 230 20 30 10 220 24 61 155 40 178
    243 248 188 13 204 37 56 246 245 213 85 79 66 118 38 57 171 240 104
    114 209 240 171 38 102 56 57 43 141 202 165 167 242 146 107 68 85
    114 39 130 158 125 5 20 254 114 227 95 182 254 70 36 148 106 12 59
    10 40 77 217 137 20 56 23 50 85 145 48 162 189 113 151 106 223 189
    176 109 103 194 146 203 228 205 160 190 27 203 107 242 213 90 65 4
    101 94 45 14 172 28 66 48 208 24 191 47 215 102 11 142 239 27 109
    186 184 187 159 107 57 89 229 32 7 235 218 143 224 54 16 6 246 118
    122 142 27 253 52 137 142 62 194 213 221 169 198 241 187 51 31 250
    73 168 178 163 105 246 145 144 109 214 146 18 210 185 172 107 64 81
    76 61 173 233 144 79 247 35 11 123 119 2 73 140 213 95 104 17 243
    147 151 128 192 44 209 133 224 173 108 158 89 48 96 131 244 208 251
    11 222 59 22 37 180 26 70 227 216 95 83 19 124 118 222 177 176 34
    196 85 55 248 222 232 51 53 103 3 106 118 249 108 101 113 236 145 53
    35 158 76 144 14 87 181 74 108 196 31 148 21 156 57 81 58 171 106
    196 18 10 108 142 209 82 3 1 156 252 178 182 136 170 13 166 193 226
    29 46 89 217 96 194 87 71 117 237 252 97 18 52 175 176 228 71 110 71
    210 116 141 172 159 75 166 230 242 51 50 157 222 210 68 166 42 165
    77 169 46 137 121 154 104 73 75 255 160 18 184 124 168 191 84 155 40
    168 182 58 46 153 162 166 93 66 216 222 129 85 150 100 195 231 199
    235 92 1 247 214 134 171 116 69 129 8 82 171 201 112 151 189 142 6
    33 24 109 210 158 155 18 87 205 247 215 192 7 139 38 245 21 27 255
    52 213 55 85 169 215 206 186 218 247 180 102 156 158 183 226 120 68
    127 105 61 25 213 75 217 252 101 19 181 2 180 237 158 180 110 251 13
    102 143 11 0 132 21 145 160 239 24 132 140 0 181 82 217 6 213 124
    140 2 147 121 210 132 59 83 226 234 66 218 88 215 198 117 227 79 90
    145 251 177 126 157 167 127 127 167 13 77 43 164 89 6 29 89 74 67
    176 27 169 109 136 212 224 63 45 223 199 232 176 189 33 37 82 188
    183 143 162 242 48 151 148 180 249 6 95 36 159 57 204 201 108 205
    168 53 94 153 76 81 250 39 120 206 164 147 131 221 148 182 207 134
    227 173 242 188 3 46 81 112 100 214 237 185 233 127 185 76 65 139 89
    162 201 70 191 127 153 112 190 182 11 127 131 50 19 244 46 112 184
    198 225 51 151 46 188 234 10 200 214 226 165 26 214 185 217 21 62 81
    224 50 124 123 160 223 110 174 223 128 238 48 30 223 46 141 164 123
    242 203 180 157 141 147 98 44 150 124 138 91 59 92 139 69 126 62 102
    207 120 100 155 88 160 187 146 80 26 174 150 102 15 244 190 157 4
    181 3 253 155 169 25 86 54 206 22 36 11 30 116 126 88 214 208 75 131
    226 242 50 125 151 215 218 204 42 44 125 113 154 177 244 43 131 218
    48 171 100 32 70 109 215 166 225 225 79 167 53 215 161 157 71 183
    213 174 17 110 142 245 114 51 218 227 33 224 151 79 250 80 174 212
    15 174 212 34 54 33 141 199 139 214 107 253 136 67 229 207 187 114
    73 28 148 95 219 175 242 31 98 181 16 229 69 255 228 26 36 143 197
    35 118 3 3 0 188 2 47 119 113 187 43 162 189 18 148 75 120 87 205
    136 133 251 170 208 99 14 86 136 85 39 163 215 46 136 181 14 122 142
    46 171 14 63 52 255 64 93 222 230 44 50 249 236 24 142 215 120 140
    234 18 50 236 10 20 19 119 106 164 255 138 81 97 31 228 32 50 149
    253 128 55 77 205 97 253 225 127 252 11 197 125 101 131 91 172 180
    56 52 199 133 39 103 245 11 228 54 205 10 219 2 243 53 105 71 247
    251 138 43 110 247 230 1 112 160 0 3 166 204 121 89 57 138 169 200
    17 151 222 249 235 102 226 62 249 102 199 240 121 54 222 80 180 181
    2 161 198 255 22 188 183 13 172 155 91 40 116 252 104 253 126 117
    105 39 92 196 76 66 158 43 203 223 239 150 250 91 43 142 253 5 39
    183 168 71 247 89 211 235 81 56 82 163 144 169 155 101 154 102 119 3
    230 132 197 33 27 170 18 60 121 203 231 181 89 178 197 67 2 250 253
    229 185 214 208 235 230 234 191 231 159 210 156 200 168 4 112 57 207
    190 14 56 99 62 1 153 7 227 229 237 53 170 222 108 157 192 65 126
    240 230 67 68 255 202 116 188 205 57 4 198 79 87 183 230 186 21 99
    174 57 132 198 137 32 96 5 146 127 142 220 245 229 10 147 140 98 134
    186 207 244 102 176 201 251 130 48 152 251 2 230 219 130 220 124 1
    165 40 98 97 94 185 153 157 224 203 65 167 32 136 93 191 167 216 92
    199 114 9 20 132 80 195 208 108 78 174 115 12 187 39 164 23 115 4
    223 98 134 134 168 178 173 154 117 113 171 112 59 63 92 141 255 68
    213 86 155 172 216 105 249 201 143 227 53 75 164 209 39 19 55 112
    235 229 114 248 179 255 12 205 30 9 94 79 105 82 108 140 200 146 231
    172 161 200 50 182 93 63 220 192 250 191 172 21 247 75 136 208 134
    52 129 233 10 139 141 157 104 72 49 174 139 45 77 7 24 104 192 167
    224 235 193 218 214 196 150 56 56 121 206 24 223 117 153 28 141 1
    131 152 134 85 38 180 250 213 112 76 191 199 95 38 24 231 29 4 220
    152 167 253 106 9 203 122 153 134 161 71 146 133 22 18 143 228 236
    254 133 134 95 106 136 76 176 2 75 118 26 69 127 20 216 181 205 168
    161 0 100 57 97 93 118 173 54 63 66 183 206 247 135 77 124 229 139
    217 92 213 232 125 127 77 52 106 170 223 92 244 172 113 242 151 201
    110 184 55 108 140 219 14 125 183 125 224 177 223 9 177 116 143 36
    26 40 221 32 130 165 255 0 17 31 218 177 76 177 175 106 140 168 152
    10 189 87 13 245 84 7 61 117 93 95 133 73 28 215 169 116 190 163 1
    148 189 74 70 55 172 62 175 99 206 190 2 236 115 145 65 45 81 64 249
    55 183 143 109 11 115 180 43 173 25 125 223 133 137 197 47 81 85 89
    202 123 217 189 24 185 180 2 212 52 165 131 29 203 173 106 229 201
    33 244 192 56 51 137 217 165 239 14 36 253 241 207 211 170 176 238
    120 47 137 224 254 129 181 168 137 204 154 175 56 148 117 106 93 227
    250 4 88 28 217 170 93 107 237 224 157 201 90 195 150 72 68 77 24 42
    23 87 244 52 4 67 180 110 36 251 74 154 132 197 66 31 152 154 24 28
    207 62 119 6 198 75 34 118 109 166 163 92 206 32 34 231 98 107 140
    54 109 98 67 172 242 136 106 207 7 222 184 23 103 241 240 159 201 57
    30 180 225 0 23 69 228 236 69 118 38 209 114 24 240 227 104 22 180
    255 3 32 84 194 17 47 93 224 143 6 120 150 234 97 252 73 63 217 56
    216 12 170 123 52 145 228 55 42 35 204 38 46 225 27 3 28 243 28 7 77
    26 13 112 101 156 135 137 255 154 74 146 12 24 249 66 148 19 216 10
    74 228 96 110 58 139 203 176 247 15 26 125 3 26 107 216 101 102 75
    167 58 102 67 142 189 227 170 153 10 129 54 196 132 129 129 196 124
    125 230 63 53 248 153 97 20 77 2 6 226 17 119 214 99 208 2 201 118
    224 7 241 241 12 130 234 200 243 202 59 30 226 211 115 106 217 21
    102 37 109 86 17 240 3 175 48 22 252 59 30 148 244 115 233 114 98
    218 163 61 17 10 103 227 100 246 223 232 253 107 40 20 201 174 108
    248 54 181 217 138 73 194 197 118 178 26 120 44 201 221 254 163 121
    193 79 111 191 219 189 164 148 69 87 99 30 171 125 192 124 109 204
    170 2 162 128 134 135 110 203 115 233 112 87 175 9 67 181 155 22 57
    64 15 166 227 253 97 126 20 152 231 216 190 229 85 80 168 131 75 199
    88 55 28 113 170 177 107 244 245 5 111 8 191 211 243 255 209 198 151
    118 81 44 115 177 0 116 146 75 237 10 168 206 233 170 101 160 253
    189 205 36 135 119 79 117 50 77 61 166 175 97 79 20 5 10 38 177 56
    65 73 4 202 234 165 119 194 80 37 82 38 137 116 231 174 138 153 251
    225 232 228 197 66 38 90 124 19 198 117 210 25 53 118 99 68 242 99
    174 170 230 198 85 102 193 234 97 147 236 61 87 192 192 8 90 172 94
    187 170 110 252 144 100 44 48 234 83 217 64 32 180 61 25 29 1 212
    107 148 72 83 169 191 37 78 119 198 241 217 215 176 66 110 122 60 63
    185 38 115 205 45 77 82 139 23 215 92 162 209 133 145 252 49 49 80
    40 19 98 34 30 187 216 9 43 111 141 112 24 94 165 36 251 214 229 54
    213 188 107 58 98 255 226 247 223 181 101 121 224 159 144 205 239
    117 82 195 85 9 252 217 109 123 199 92 168 27 187 143 30 69 81 225
    157 38 170 216 66 190 181 182 174 111 5 0 134 244 101 215 197 164
    138 212 255 184 125 32 238 198 79 64 6 166 31 1 118 3 72 50 171 180
    71 251 52 102 130 218 233 200 21 113 189 97 199 212 32 3 194 253 81
    85 255 131 28 112 249 82 166 62 253 234 147 212 110 168 170 170 149
    12 3 123 3 178 38 18 166 134 96 218 122 111 75 224 113 29 216 97 191
    118 35 246 5 23 49 244 46 34 188 246 166 36 175 74 90 249 32 106 4
    181 73 187 227 214 199 164 210 244 98 55 78 43 3 190 255 110 198 19
    52 17 176 147 11 233 128 138 143 125 20 212 167 97 219 41 64 194 22
    23 73 58 89 170 144 69 97 79 243 5 84 251 135 23 92 123 242 192 162
    244 162 225 38 226 240 179 222 66 5 129 166 95 48 70 121 249 215 73
    114 199 192 72 217 98 82 49 71 140 101 155 227 245 131 212 222 61
    204 86 145 185 157 119 113 172 198 33 70 217 63 130 191 98 127 48 12
    211 120 251 61 76 81 75 219 225 134 48 143 235 138 20 90 47 197 53
    217 81 21 70 173 115 7 140 104 109 143 173 33 98 75 115 184 131 81
    110 104 224 52 239 103 68 107 47 249 244 243 218 188 132 134 148 103
    111 44 113 45 70 49 93 102 54 226 252 37 97 88 233 165 220 89 0 149
    210 184 202 210 252 169 143 29 84 172 197 119 191 181 179 4 99 29
    116 228 250 176 210 251 48 165 186 235 152 121 46 126 24 182 213 247
    252 168 8 222 184 115 8 172 236 10 172 142 245 121 216 17 176 128 67
    79 51 56 5 112 239 239 89 238 102 151 190 23 196 128 58 155 106 87
    87 87 85 132 212 249 73 71 23 47 0 192 180 12 2 182 249 210 121 33
    244 149 30 63 216 133 177 178 166 4 15 15 247 152 132 7 173 197 184
    141 123 240 134 66 154 12 248 167 237 61 249 6 126 245 227 32 243
    126 156 241 34 233 230 186 75 175 214 210 233 210 223 194 81 134 25
    151 245 166 216 8 110 104 216 33 199 176 124 78 74 227 6 179 49 185
    124 147 14 47 39 183 180 152 49 2 30 226 228 233 40 6 229 93 109 90
    251 98 233 204 169 69 218 29 51 232 194 54 190 162 232 44 132 53 226
    9 112 159 144 20 182 32 116 129 28 219 234 103 113 240 84 107 173 86
    225 18 29 38 250 53 220 172 244 99 245 134 227 100 233 203 76 221
    221 119 7 160 175 86 161 145 180 235 18 141 13 44 104 194 20 2 27
    217 77 222 76 140 169 97 115 84 39 96 234 51 51 134 212 109 231 222
    23 27 210 29 124 87 127 53 85 75 61 26 27 108 82 208 68 138 29 223
    66 32 95 212 28 165 202 205 234 3 153 247 147 233 162 70 251 130 247
    149 128 126 150 59 209 89 185 57 205 224 48 187 246 232 68 89 213
    238 215 124 127 143 199 214 196 208 154 97 223 116 74 191 208 242
    161 109 172 106 233 227 54 183 2 118 16 152 65 189 175 41 178 52 69
    83 132 121 79 148 115 116 84 159 37 188 115 130 174 236 227 153 3
    244 192 116 7 153 222 183 80 132 208 37 73 70 77 223 249 86 213 195
    56 215 200 158 181 57 194 211 107 33 108 135 206 69 211 201 108 172
    67 215 234 36 157 102 28 203 190 93 58 103 101 241 63 129 15 151 206
    106 45 166 131 66 66 121 13 103 177 67 41 68 145 169 71 35 196 140
    39 140 53 116 109 107 100 13 43 255 250 211 164 49 13 217 96 0 162
    121 15 170 147 80 224 127 44 24 2 159 115 237 66 20 241 37 239 29
    193 136 248 136 186 16 30 51 230 67 61 114 93 97 210 222 174 103 137
    140 24 81 91 140 144 91 29 137 245 122 25 70 139 240 204 182 239 48
    54 131 132 34 31 89 169 97 73 99 46 102 165 88 224 115 147 130 188
    84 168 249 102 48 59 82 21 57 58 197 22 13 66 236 201 65 79 13 48
    201 26 249 66 127 145 38 113 31 179 248 108 109 93 86 249 36 182 255
    34 161 112 18 230 53 12 214 239 185 205 58 93 132 82 244 34 254 81
    88 98 130 197 143 94 74 230 90 53 49 78 132 244 4 70 52 161 15 255
    54 139 165 81 204 157 237 190 40 164 174 29 197 88 75 145 47 47 137
    157 149 252 16 230 60 100 198 167 56 138 96 240 5 202 178 159 217
    221 111 217 247 83 109 44 55 2 97 200 149 68 67 86 92 228 32 93 246
    5 227 1 245 73 5 0 242 7 238 152 104 6 242 106 128 237 210 173 36
    184 74 54 164 125 140 221 47 40 21 252 213 179 197 73 251 78 34 228
    54 241 48 13 83 7 181 250 16 16 31 15 67 67 122 1 173 95 240 218 147
    114 101 167 72 101 193 51 137 134 196 30 22 103 155 57 117 137 47 37
    247 108 171 57 229 8 174 200 0 65 132 100 21 211 231 211 57 96 83
    153 190 217 251 238 121 183 123 245 25 29 79 181 34 112 139 252 33
    16 255 1 240 0 56 156 139 111 140 127 142 11 81 253 130 254 67 32 56
    115 183 21 246 3 203 132 198 97 15 17 232 240 232 253 42 65 230 25
    147 81 192 189 142 129 89 93 79 68 140 108 188 10 220 45 8 226 69 16
    155 113 148 53 132 27 168 172 120 49 166 154 130 241 148 99 187 255
    43 114 114 64 51 241 48 127 177 248 59 231 211 17 106 96 97 165 49
    116 118 153 66 197 253 125 169 250 64 31 228 46 61 59 209 176 240
    129 144 171 168 92 107 187 96 15 189 10 113 35 179 6 254 228 236 196
    238 94 208 190 157 255 97 180 50 206 89 170 123 253 120 63 144 165
    54 115 132 20 38 30 145 80 161 67 147 147 96 111 167 161 153 173 87
    8 158 45 248 200 38 227 78 37 128 192 40 112 230 173 182 167 227 252
    191 58 44 41 203 80 174 40 168 179 239 177 119 237 161 195 132 144
    253 167 188 255 251 204 188 237 232 39 104 222 19 11 34 112 20 192
    245 132 69 251 137 76 176 125 121 136 220 151 226 8 13 127 15 253
    210 179 141 197 255 231 38 42 119 221 143 144 71 204 108 57 166 153
    231 234 94 208 0 149 100 4 137 93 156 134 38 41 65 123 167 28 88 118
    27 88 36 255 71 139 229 78 199 71 183 223 182 170 101 92 76 255 183
    24 29 187 55 236 75 228 164 3 76 102 63 164 30 7 70 191 106 247 36
    253 68 219 176 123 95 90 234 4 129 57 109 143 41 97 4 251 172 249
    234 171 8 170 121 154 133 239 47 84 158 230 6 51 147 100 249 203 151
    24 75 195 157 117 102 198 253 105 128 38 203 92 168 23 27 16 193 171
    136 7 91 148 223 113 125 64 206 154 173 165 46 52 225 130 149 7 245
    59 109 125 22 206 25 69 89 111 191 46 53 224 114 189 34 72 145 133
    23 41 166 206 52 80 144 58 173 96 215 253 160 251 41 208 28 52 122
    64 185 19 173 131 186 169 112 100 232 212 127 242 17 12 210 110 49
    237 53 234 43 35 91 67 87 60 220 18 245 247 169 74 133 116 28 21 30
    33 78 161 56 176 182 206 230 42 124 243 160 200 126 174 144 73 6 36
    177 150 87 26 170 88 48 151 94 148 142 53 244 106 176 96 18 236 59
    230 34 7 211 16 215 123 161 212 192 148 108 147 120 37 53 41 140 143
    14 49 202 111 126 167 131 188 115 210 83 251 20 233 195 36 132 69
    109 226 99 167 73 57 179 190 138 173 112 53 197 252 101 199 55 114 9
    123 66 231 110 154 38 44 81 60 142 24 90 2 161 113 144 148 161 149
    30 249 27 156 63 233 233 217 18 58 57 254 135 201 111 157 247 118 12
    184 76 113 242 41 125 118 118 153 136 56 227 55 159 143 5 76 132 14
    21 181 17 211 163 243 246 13 206 247 167 181 63 9 161 166 34 108 134
    199 97 162 4 245 208 122 84 12 93 100 148 205 43 199 115 65 245 16
    123 199 84 198 32 38 43 216 22 26 161 67 11 218 106 126 131 149 200
    212 140 80 123 15 254 73 194 139 74 105 185 236 115 141 178 19 180
    58 136 238 159 192 107 229 226 11 35 248 180 13 14 250 42 137 196
    227 29 33 138 74 127 76 53 111 223 94 51 24 245 28 106 156 123 162
    26 181 123 112 210 27 212 154 155 253 204 200 26 170 93 69 212 0 143
    189 244 237 87 140 220 31 82 35 12 65 195 162 53 124 252 161 26 205
    197 126 37 197 133 184 220 4 129 199 226 139 254 180 120 63 30 160
    221 74 197 129 130 86 80 125 92 233 108 174 166 140 168 245 213 98
    248 220 23 87 143 72 66 162 55 209 75 176 134 212 191 150 198 56 157
    218 37 243 1 178 182 62 52 55 1 204 178 199 1 163 167 83 237 104 123
    239 201 220 215 207 132 52 130 142 147 173 109 129 203 12 199 33 37
    77 48 151 228 131 148 138 4 141 134 192 22 62 40 168 16 243 176 115
    187 77 233 230 19 107 97 247 202 183 206 247 76 236 191 121 194 60
    226 176 211 119 35 192 53 62 45 201 54 220 47 188 86 32 103 32 70
    123 47 33 250 207 44 238 181 4 226 32 184 144 39 24 24 232 173 59 55
    168 224 10 224 22 60 53 52 217 221 252 146 252 20 179 138 218 161
    169 132 147 116 93 83 155 148 141 254 60 236 251 188 160 157 206 7
    55 224 169 182 183 30 115 81 212 195 138 59 225 82 78 221 174 107 56
    134 250 42 69 246 228 63 0 164 214 166 163 8 196 31 156 157 229 182
    254 65 29 249 222 135 135 10 46 47 10 68 217 136 44 207 2 250 10 120
    194 250 128 46 235 44 41 204 213 24 232 200 243 199 16 213 100 95
    154 47 43 105 36 183 127 18 214 243 167 116 93 150 117 229 79 109
    192 249 117 140 189 120 113 252 179 223 215 20 140 100 202 181 94 91
    116 209 54 0 76 106 74 121 115 179 236 76 180 154 143 145 226 0 84
    245 89 151 100 198 234 115 66 11 69 151 100 26 179 193 83 11 128 197
    210 1 164 40 24 58 79 165 201 126 224 203 148 93 145 83 186 217 253
    167 6 243 236 208 158 83 158 12 190 164 0 39 70 106 186 108 147 128
    109 115 162 97 156 80 125 31 170 6 35 6 193 50 81 59 253 17 63 51
    251 227 51 35 148 194 167 229 6 210 91 61 221 231 251 69 110 170 100
    137 251 142 198 16 214 48 13 78 58 44 85 139 4 67 100 191 221 44 238
    36 70 188 162 104 25 77 52 78 229 60 122 222 194 247 131 22 185 52
    115 170 110 5 64 125 170 143 245 49 29 99 113 110 17 88 87 214 79 52
    192 181 209 71 7 165 116 212 188 23 190 18 29 60 228 3 41 91 121 95
    130 123 219 211 48 77 233 216 127 168 55 254 17 106 238 197 241 148
    8 119 106 253 45 215 151 173 79 177 245 1 17 142 241 233 167 159 117
    253 25 192 74 88 165 224 36 207 24 220 137 208 198 228 70 168 142
    177 48 228 184 49 177 163 117 197 181 68 172 37 253 136 82 23 106
    103 254 198 46 195 161 97 146 35 22 184 93 187 57 80 194 79 28 92 85
    238 124 106 48 106 73 209 179 26 2 154 229 52 104 153 233 203 57 188
    86 1 55 47 241 231 90 120 131 60 87 149 190 227 193 210 73 220 56
    227 186 217 191 151 145 199 206 191 130 76 23 157 128 18 125 163 160
    176 223 230 51 107 244 155 119 198 111 70 252 42 162 176 221 218 70
    149 132 217 19 219 94 37 34 52 8 73 92 84 22 239 94 231 244 34 99 56
    5 251 204 100 69 189 253 9 80 156 213 81 202 83 43 207 139 150 41
    119 105 231 241 57 71 112 85 238 230 136 107 251 251 18 220 207 40
    60 131 1 135 123 204 38 111 138 114 199 85 8 243 212 198 138 10 116
    0 40 78 97 237 129 12 79 227 136 106 220 100 210 157 179 1 172 224
    136 47 120 183 53 182 105 241 172 120 140 48 165 105 149 116 179 9
    96 92 53 54 155 251 214 133 165 226 104 165 223 16 35 38 20 118 44
    220 130 194 77 95 150 117 193 110 76 135 92 192 86 131 10 163 158
    167 230 203 17 52 138 110 117 11 112 100 174 101 82 213 83 172 193
    41 141 120 126 38 68 50 192 212 116 79 2 7 213 212 171 230 146 168
    59 53 105 159 34 242 174 206 117 255 107 219 38 225 57 84 109 113
    117 185 51 130 243 124 134 128 65 51 162 173 103 63 201 147 196 110
    26 164 199 172 105 83 18 242 12 12 92 113 111 205 242 135 132 48 44
    185 132 209 205 166 171 227 28 63 213 181 1 244 102 22 1 134 244 100
    108 231 87 137 68 175 103 81 157 78 191 205 238 98 115 196 33 45 218
    251 134 242 152 7 21 3 247 228 88 74 96 153 202 235 50 164 242 149
    157 102 238 109 236 232 9 103 211 136 36 56 48 14 47 202 34 105 148
    76 223 230 225 245 181 253 62 26 114 161 141 24 228 233 120 255 168
    151 23 68 188 72 166 210 105 66 235 208 250 113 251 255 210 196 3 68
    136 222 43 245 57 199 49 80 115 7 195 142 196 215 144 138 25 130 197
    240 64 96 140 139 73 118 239 85 161 100 98 81 14 115 182 73 187 96
    252 158 46 24 196 12 31 151 128 114 213 4 121 120 169 123 12 121 172
    64 185 41 107 27 245 68 144 62 248 10 47 167 50 150 199 232 213 43
    78 79 255 17 39 87 88 174 36 70 52 69 6 105 23 183 210 50 29 32 138
    53 5 47 60 178 2 214 174 218 100 145 235 110 219 222 24 234 73 17
    156 46 110 246 192 8 124 229 26 89 114 4 205 131 219 96 48 77 78 184
    12 55 165 87 209 71 107 47 15 98 99 208 231 76 122 106 24 54 113 243
    186 60 128 65 182 64 86 52 215 91 179 226 143 63 47 76 102 171 115
    71 169 198 199 205 192 220 129 44 186 91 61 16 76 86 205 74 54 57
    216 64 46 143 101 211 132 231 137 147 163 209 101 190 170 89 59 222
    113 6 118 27 220 120 105 156 129 239 160 222 150 37 84 111 157 129
    159 75 83 220 242 12 81 243 114 86 97 78 19 58 60 86 196 81 126 167
    25 176 105 183 18 100 205 57 68 171 2 114 130 69 31 186 193 205 166
    214 147 13 17 51 41 30 62 38 181 50 179 217 94 159 60 197 29 20 61
    65 191 144 144 245 55 215 227 101 243 134 202 67 121 49 180 248 134
    181 175 12 185 13 54 223 58 112 63 68 55 114 154 217 226 21 235 223
    170 192 70 206 82 115 62 94 16 213 62 110 44 88 45 229 60 160 154 58
    149 34 2 131 198 70 244 4 114 215 173 98 12 95 247 142 35 50 16 163
    161 136 69 107 238 169 76 74 69 153 77 86 237 85 85 57 57 141 147 78
    166 108 0 82 1 214 20 55 31 118 86 39 247 108 25 72 147 70 16 229
    115 22 5 74 124 213 78 168 123 140 238 0 34 25 32 167 124 116 62 17
    191 250 16 64 89 110 91 223 89 10 70 179 73 179 59 179 120 121 121
    155 103 93 14 223 189 167 203 159 178 201 162 55 100 146 30 206 226
    221 93 252 232 183 247 122 191 82 157 144 40 133 100 89 99 226 127
    110 47 164 151 186 94 214 34 73 59 212 85 218 215 246 221 97 150 254
    194 131 121 54 227 227 81 114 125 228 3 84 7 231 33 139 21 78 220
    127 204 118 227 70 75 156 4 20 107 4 210 243 119 249 167 143 240 150
    193 42 246 0 77 185 3 76 97 186 175 155 159 56 134 41 62 124 61 21
    95 35 249 102 107 241 98 47 152 168 105 146 126 243 174 127 228 216
    251 46 62 190 163 246 176 4 201 3 227 240 37 121 88 222 43 155 0 120
    213 115 57 155 55 50 211 149 141 82 186 192 23 114 48 15 73 146 144
    106 45 163 233 216 70 55 164 250 57 70 92 136 39 238 214 117 4 138
    82 160 89 84 218 119 132 94 132 178 247 235 109 192 217 43 113 13
    145 195 97 7 50 173 42 190 82 163 27 5 15 133 211 60 149 9 93 120 78
    247 253 156 202 193 120 57 180 150 155 234 183 181 98 3 50 175 170
    49 152 164 1 131 224 219 72 178 73 62 10 191 194 99 86 37 89 37 243
    19 211 207 12 92 250 51 36 45 220 233 76 23 82 118 91 128 178 156 26
    7 190 87 233 13 133 113 177 118 0 93 13 23 143 235 149 103 227 39
    127 156 8 58 180 102 202 74 53 85 50 16 79 107 124 177 72 131 129 12
    13 115 168 77 102 21 102 33 240 177 171 39 38 237 247 92 118 28 55
    213 83 241 89 79 221 180 5 124 64 79 128 244 24 21 173 36 225 241
    235 187 2 55 177 55 42 6 235 228 22 243 231 62 59 93 119 40 20 7 18
    183 124 76 243 223 202 188 31 122 128 163 32 10 243 222 109 183 213
    206 33 247 77 78 153 170 78 199 221 191 161 180 93 132 44 172 48 142
    249 74 171 223 129 148 216 47 91 2 136 252 58 241 3 97 183 35 153
    210 87 1 232 226 40 50 54 254 189 93 100 215 168 50 50 90 103 130
    195 247 88 227 224 127 187 168 158 25 93 110 121 133 12 82 39 134
    231 135 166 196 21 243 255 208 137 162 221 13 175 7 230 194 51 30
    120 11 114 0 235 121 181 78 135 59 128 234 125 211 147 122 212 227
    184 251 246 112 93 61 52 252 248 152 51 173 143 239 196 145 123 135
    123 254 188 187 215 194 113 183 17 84 193 25 98 124 34 159 207 107
    138 50 162 18 91 43 99 252 163 160 26 27 106 223 4 192 204 57 245 39
    227 105 86 248 170 96 239 59 143 184 98 84 84 63 138 166 3 125 100
    63 235 52 129 163 138 253 208 69 181 236 185 63 33 253 11 64 2 139
    70 164 6 173 28 22 208 23 207 247 90 159 237 53 107 2 92 87 229 5 40
    115 186 141 233 153 96 192 95 213 17 1 3 74 36 53 160 151 208 59 112
    28 177 132 188 78 123 102 208 53 52 177 100 94 106 62 113 208 26 89
    46 87 253 217 203 59 86 215 16 61 214 244 20 110 188 193 97 51 70
    212 192 7 90 201 172 30 156 100 72 201 138 61 223 219 138 189 170
    131 2 122 36 86 167 139 199 238 5 180 110 248 247 101 184 144 102 66
    84 71 34 130 104 18 252 132 241 93 192 114 186 253 27 247 1 156 67
    138 83 200 215 215 128 167 102 27 172 134 151 206 217 1 230 137 39
    239 111 202 68 99 45 90 51 188 51 37 55 95 204 133 151 81 106 29 50
    178 156 33 138 147 220 79 149 64 58 139 237 153 92 129 5 146 122 221
    37 96 238 81 192 164 94 186 0 230 27 188 254 208 194 113 96 254 89
    253 42 245 211 186 58 187 26 63 54 86 228 197 122 197 189 204 8 24
    180 235 135 145 214 74 16 184 114 99 93 197 43 84 166 110 91 65 4
    195 213 69 34 236 32 130 223 190 176 32 233 206 200 31 39 129 230
    168 174 135 94 108 251 181 196 97 111 149 234 61 221 136 19 208 20
    101 30 177 172 32 249 181 164 23 115 201 196 190 117 194 209 159 244
    182 45 72 93 72 144 128 11 243 127 254 198 90 93 96 33 21 69 251 123
    226 111 16 124 141 226 192 36 240 4 39 216 136 246 34 99 82 139 199
    161 253 145 252 149 139 232 118 42 10 167 57 24 92 25 125 50 249 106
    211 206 156 41 221 146 196 249 174 105 54 43 19 177 4 63 59 173 61
    108 97 187 7 27 169 97 153 137 124 90 143 139 110 37 138 205 57 110
    70 193 0 18 184 232 226 201 146 111 153 57 24 160 215 62 17 112 24
    181 33 102 106 207 237 67 98 9 160 188 144 118 222 194 18 15 228 8
    179 79 34 109 40 120 213 149 111 108 122 35 61 15 84 131 72 145 151
    157 17 120 44 197 172 29 44 131 66 147 186 219 237 125 173 104 214
    184 223 152 139 247 99 175 176 1 22 170 35 102 231 187 56 245 21 131
    198 237 174 235 104 150 160 173 162 233 147 138 186 85 93 180 156
    225 243 242 227 55 17 34 112 98 190 145 239 69 26 44 239 173 55 45
    157 151 5 205 211 197 85 191 207 129 151 130 220 150 153 228 39 20
    30 18 232 66 62 242 255 244 247 210 208 122 23 95 27 174 45 81 153
    136 248 50 74 219 231 62 26 146 127 247 216 242 225 97 30 226 229 38
    231 142 185 127 178 62 20 216 119 171 178 158 246 212 27 151 21 213
    223 252 111 210 216 202 172 152 97 12 106 192 226 48 218 30 92 175
    161 71 149 112 176 184 51 99 143 196 237 64 156 165 176 195 36 54 76
    21 5 158 137 62 164 53 94 121 140 81 109 124 146 164 243 73 190 153
    191 132 107 210 104 117 160 20 135 16 80 76 123 103 190 222 10 17
    186 62 171 35 81 33 63 78 223 89 223 69 203 71 60 140 253 250 212 96
    133 195 161 137 55 95 143 66 157 198 107 71 104 216 50 177 159 195
    134 220 235 66 224 146 43 166 81 108 133 189 117 233 43 193 168 139
    146 10 68 203 101 239 26 210 145 167 152 38 126 188 48 11 193 135 59
    225 118 236 43 61 232 78 156 187 156 127 8 45 149 48 0 73 245 230 33
    101 236 6 185 132 109 107 13 115 216 116 152 55 82 149 221 145 108 0
    126 200 213 142 28 215 77 168 48 136 41 111 122 239 242 99 18 243
    234 100 38 140 135 111 210 195 180 117 122 201 158 141 125 79 72 39
    238 85 168 176 75 44 120 219 241 140 150 69 206 118 132 236 142 97
    75 135 189 156 248 230 200 188 8 88 49 192 138 230 1 184 43 195 143
    18 172 167 27 180 89 238 63 176 100 29 58 42 186 100 40 230 96 158
    64 191 79 110 149 78 104 208 101 66 26 148 94 77 167 233 192 123 52
    125 4 3 188 134 101 130 232 15 67 166 4 251 79 150 100 124 104 20
    234 58 142 66 65 17 183 221 92 19 92 236 34 148 185 145 47 168 26
    191 99 155 245 62 74 127 93 79 57 28 36 130 64 95 80 131 19 173 236
    36 153 123 48 119 44 107 38 46 127 174 90 28 24 147 7 83 68 229 148
    186 35 38 186 122 75 119 144 199 42 98 62 36 247 112 65 36 31 87 44
    241 198 195 53 45 89 227 103 118 219 147 184 35 44 109 26 196 50 239
    183 129 21 214 39 62 254 201 77 90 42 25 239 157 102 241 249 218 77
    155 94 7 23 50 12 132 123 83 167 130 106 86 35 3 189 208 148 60 2 65
    23 100 90 122 73 17 240 228 100 196 172 55 77 152 79 15 82 225 241
    169 65 105 156 31 23 166 155 60 150 187 159 213 130 32 120 210 193
    45 105 108 5 233 100 239 88 197 105 249 159 197 63 94 233 109 231
    243 180 131 71 38 210 87 138 220 51 102 42 79 111 87 151 225 103 4
    207 175 62 121 229 164 166 202 151 191 52 62 13 126 211 6 41 116 135
    231 102 247 235 193 107 168 130 102 241 144 157 94 98 209 235 39 159
    37 13 148 135 74 231 78 59 131 165 53 243 138 63 218 27 6 10 231 187
    70 9 99 18 255 198 228 210 110 225 121 200 246 48 132 205 140 193 10
    69 241 165 3 228 69 50 147 226 143 163 71 218 42 99 244 222 42 144
    230 34 27 212 75 137 245 185 121 44 211 118 25 112 141 44 0 11 65
    177 163 122 255 243 154 185 103 22 23 183 85 198 229 19 138 81 35
    123 197 18 43 76 4 159 212 143 104 88 165 35 20 67 183 98 232 91 150
    190 85 73 60 85 23 150 114 193 192 67 213 104 240 204 94 249 12 96
    173 187 206 249 175 149 94 217 42 166 227 97 5 47 70 67 16 139 20
    142 121 68 193 120 119 140 149 16 67 162 139 201 233 58 198 197 160
    148 78 93 158 175 180 91 151 48 86 23 249 9 63 212 9 245 57 110 163
    172 14 139 167 55 86 234 44 103 213 127 130 151 77 108 0 148 147 241
    196 195 5 87 207 57 109 152 210 112 243 71 14 44 161 187 150 200 140
    85 202 111 238 43 244 12 55 114 128 186 206 122 72 101 116 18 223
    121 133 223 156 83 30 113 122 62 169 177 253 1 125 97 202 220 49 104
    76 251 147 190 112 79 180 136 247 245 33 215 221 166 203 221 127 38
    125 100 137 210 27 171 82 83 170 90 52 73 251 255 189 107 215 232 43
    29 210 250 37 28 220 196 114 15 208 135 12 170 13 192 45 120 242 197
    39 227 65 101 50 220 247 221 101 214 84 136 33 130 83 148 155 201
    232 152 13 113 9 84 66 209 144 237 238 166 80 9 144 172 165 24 203
    221 172 8 104 196 97 133 210 128 199 34 34 251 161 39 173 214 137 15
    61 5 105 124 72 44 53 234 220 29 144 212 47 191 110 101 119 227 243
    44 91 78 35 183 82 166 170 106 166 193 193 56 223 124 190 4 243 222
    165 211 44 100 25 180 102 5 204 238 243 216 205 12 81 56 78 206 242
    27 47 175 18 137 66 40 37 84 234 34 47 5 215 175 134 7 212 245 50
    244 174 237 134 37 245 103 207 159 140 207 252 132 11 190 143 68 40
    132 198 49 145 219 48 63 205 73 197 13 47 35 249 211 53 21 66 222
    120 41 97 154 123 19 228 230 157 173 106 193 117 157 215 128 215 161
    170 61 216 62 26 254 17 142 72 6 79 119 93 178 0 14 83 7 150 65 159
    134 178 215 153 83 195 223 197 201 198 226 81 177 66 20 73 250 4 140
    225 161 152 200 165 211 182 50 111 155 29 95 251 170 194 35 119 250
    186 69 7 62 32 22 231 135 150 164 155 90 189 243 109 15 47 211 237
    138 252 194 124 245 179 220 3 121 143 125 154 222 40 233 33 84 86 91
    50 95 32 130 9 77 244 207 225 17 188 196 253 221 73 146 153 106 197
    191 205 28 114 215 12 34 2 244 205 220 31 45 235 98 179 240 97 200
    217 241 225 183 71 220 17 14 207 121 171 36 78 163 75 221 112 238
    154 184 6 178 106 36 197 18 129 1 129 75 24 147 145 63 90 178 177
    131 110 137 180 46 193 168 249 133 44 176 204 116 120 237 222 52 234
    228 85 104 129 124 188 131 77 203 110 10 249 238 164 96 250 138 64
    160 63 209 129 249 249 189 228 20 233 64 161 48 132 104 0 8 137 98
    19 64 204 52 86 255 251 152 31 44 243 198 196 182 138 71 54 197 65
    11 251 173 127 253 100 93 244 74 241 198 23 63 6 66 219 94 56 142
    193 203 205 26 83 107 62 72 165 74 92 225 185 20 34 251 111 143 104
    41 245 185 101 213 70 142 85 240 120 3 134 27 141 238 41 234 127 124
    71 196 247 147 67 222 200 38 251 64 198 91 143 204 64 140 212 18 211
    193 167 56 180 188 177 67 0 134 39 104 188 45 2 150 45 145 9 122 162
    83 14 91 137 102 28 20 32 105 198 16 90 249 199 84 172 232 167 66 74
    82 20 190 102 255 118 121 61 44 215 37 20 172 79 33 59 70 70 250 127
    253 185 132 29 16 63 121 212 226 137 175 81 245 217 213 191 242 137
    37 124 113 164 100 122 81 58 184 27 150 103 94 156 106 99 138 134 55
    12 146 132 144 31 110 116 176 58 128 231 152 221 235 3 233 250 205 6
    86 95 56 103 192 53 213 161 169 132 117 100 192 39 106 89 205 133 47
    181 59 123 193 80 183 135 110 37 99 128 37 49 6 165 198 16 218 67
    182 21 194 139 70 72 144 109 153 132 86 52 227 63 142 196 220 13 225
    131 136 23 229 118 37 48 103 71 158 143 12 214 212 90 39 229 79 179
    102 181 106 107 2 84 77 152 160 6 42 223 149 193 68 45 235 38 159 47
    38 55 255 207 198 209 211 98 111 129 210 255 234 166 109 40 78 72
    126 183 95 57 75 131 210 191 112 16 23 22 149 98 213 13 248 72 140
    191 13 230 36 254 210 87 90 33 120 80 158 64 231 83 45 237 239 249
    185 119 135 211 186 136 124 71 108 225 162 150 250 233 111 62 129
    232 115 14 103 216 187 207 96 38 99 217 251 8 200 16 124 75 220 51
    68 215 149 251 14 245 31 210 74 112 109 99 114 253 171 82 162 159 51
    237 41 248 200 195 183 74 237 13 194 218 13 184 190 228 98 95 245
    103 143 5 104 58 152 246 54 205 132 165 141 109 246 145 6 113 50 46
    122 154 178 125 139 132 137 91 169 19 186 129 66 2 58 238 154 254 45
    185 164 174 42 196 3 167 34 185 178 154 231 97 230 73 52 153 184 112
    41 147 234 37 14 88 120 142 129 124 247 122 19 156 183 168 213 164
    114 224 249 116 63 166 116 127 164 227 200 121 121 224 213 210 206
    83 9 222 180 85 235 67 106 248 241 247 91 126 119 86 173 237 92 199
    6 91 247 34 123 67 170 253 98 124 236 165 60 130 112 113 59 120 108
    190 11 152 65 143 68 108 185 193 131 138 195 85 148 170 76 178 68
    144 140 74 192 89 234 82 177 98 103 60 156 220 42 105 131 14 244 83
    17 202 93 137 67 175 102 38 152 160 123 196 217 9 148 102 125 183
    134 164 138 81 116 41 243 203 148 250 37 227 174 21 149 95 197 43 76
    37 94 252 17 228 63 60 153 44 154 156 243 184 88 41 57 84 166 112 58
    133 48 211 94 168 237 105 97 57 82 87 93 54 254 178 60 93 132 26 209
    110 144 248 81 242 164 103 57 65 31 225 169 11 250 138 146 212 43
    145 77 104 157 229 226 65 53 167 112 80 214 37 255 114 47 73 68 23
    197 174 12 75 102 236 31 199 114 140 139 101 91 205 233 175 61 139
    105 93 234 20 145 125 36 175 236 50 243 102 153 248 27 228 252 247
    182 131 206 183 67 235 68 181 37 172 102 59 114 174 119 235 119 18
    203 18 49 252 177 251 12 46 195 67 244 46 117 9 100 13 126 223 227
    14 226 174 82 209 44 171 234 46 119 161 44 32 96 71 247 181 153 29
    22 108 95 238 106 247 164 60 141 30 93 164 64 140 245 197 153 34 247
    211 219 104 166 85 229 174 125 118 157 206 244 112 85 225 0 121 108
    204 160 74 138 144 64 125 222 67 191 102 10 16 207 55 245 56 99 71
    168 97 80 187 198 148 121 116 150 161 166 179 247 240 219 249 177
    214 197 19 36 197 154 135 186 44 81 157 203 47 189 62 25 246 97 160
    27 23 253 42 158 244 253 0 121 123 22 172 148 225 93 6 129 111 51 24
    35 196 12 69 104 4 110 230 236 218 141 164 181 115 187 168 185 174
    46 134 186 189 138 38 238 38 40 93 29 114 227 196 94 237 124 45 93
    182 187 79 237 95 218 217 246 252 68 118 143 129 80 176 96 122 32
    226 72 141 49 45 215 208 145 77 242 126 49 68 169 2 205 198 36 75
    193 173 88 175 63 168 5 40 114 66 211 217 81 18 208 37 203 161 95
    190 130 193 237 8 0 157 184 146 109 171 149 203 139 5 62 43 24 95 49
    119 77 201 138 144 100 251 204 230 253 186 255 146 39 222 95 159 121
    229 204 78 48 23 18 156 22 121 230 152 39 104 150 205 178 71 5 48
    103 63 25 199 91 80 107 27 55 22 187 65 3 227 5 197 27 139 127 254
    164 92 122 102 3 157 193 245 159 52 101 104 10 245 190 32 170 84 234
    130 175 37 124 97 43 146 112 30 116 190 9 184 156 227 24 81 49 58
    217 160 233 105 176 98 41 130 42 120 204 70 201 65 3 151 248 232 175
    85 164 141 111 135 137 149 149 124 106 108 184 190 3 252 6 156 80
    227 105 113 88 55 8 105 149 218 91 148 23 32 163 217 166 221 78 83
    234 196 177 239 128 54 119 146 61 49 171 36 47 68 197 102 218 194 50
    192 223 118 164 170 82 165 166 71 218 190 24 3 103 240 230 29 51 246
    86 110 72 119 39 12 104 17 99 66 8 36 251 251 60 233 22 213 137 255
    52 169 96 235 61 132 206 142 38 173 119 248 169 225 119 243 234 160
    123 16 114 50 189 169 36 231 239 181 128 67 55 72 88 151 48 126 94
    92 28 125 16 71 84 32 125 106 8 81 249 37 159 215 78 254 193 214 106
    169 53 95 83 183 243 169 103 209 42 197 88 49 206 55 29 66 253 14 69
    93 182 25 222 97 181 97 218 180 127 52 195 70 83 128 142 227 131 188
    60 64 137 106 45 40 198 226 250 79 169 95 47 235 248 240 253 17 1
    114 51 89 239 76 202 120 242 90 248 192 127 6 143 219 214 189 122 63
    203 23 200 206 153 14 136 53 68 199 33 77 254 35 6 49 29 116 118 128
    122 214 52 174 25 30 154 177 38 42 190 210 71 158 77 161 239 10 19
    217 44 252 52 173 250 15 235 194 27 133 216 74 202 158 151 78 20 155
    158 192 83 34 77 178 6 200 127 96 115 1 185 229 11 54 170 165 60 120
    5 31 174 207 31 171 159 97 117 198 110 125 104 217 136 74 27 21 166
    143 46 75 146 120 176 47 104 228 90 128 190 231 183 77 183 92 7 188
    249 202 138 149 25 233 134 101 158 65 148 73 119 127 128 205 42 215
    242 165 63 3 79 207 221 212 196 28 109 167 108 129 10 127 182 250
    100 34 57 207 225 226 66 122 86 136 171 58 233 166 37 244 22 83 64
    29 70 174 207 179 95 111 25 38 54 205 206 113 0 249 171 96 184 62 95
    253 32 36 0 200 120 202 140 183 24 249 69 115 189 217 245 206 130
    236 25 70 149 236 40 176 112 85 188 137 201 233 200 103 65 106 73
    134 157 158 152 37 22 72 40 32 159 123 82 7 102 77 87 194 223 47 139
    61 92 205 72 199 8 173 148 213 68 185 240 236 127 114 229 159 88 116
    66 21 175 113 76 4 32 194 161 81 219 19 111 136 0 98 18 163 90 55
    235 28 17 39 224 132 92 32 23 17 2 228 232 51 187 80 86 52 149 239
    242 164 132 142 143 228 217 204 40 4 75 149 218 111 7 100 195 79 247
    15 129 127 126 45 89 103 122 26 186 67 196 49 192 181 78 204 169 205
    222 85 21 58 242 158 27 126 92 216 108 97 40 3 218 190 163 40 14 169
    233 19 116 181 91 117 130 60 156 39 213 137 76 61 182 234 30 104 47
    224 52 84 26 170 75 213 200 197 202 245 188 46 118 63 240 210 77 189
    73 65 55 36 150 11 241 72 183 244 237 93 233 230 178 120 17 231 181
    204 20 204 176 33 151 156 66 15 37 32 253 76 112 223 56 181 151 81
    217 217 117 140 239 152 95 51 184 88 230 172 190 243 103 28 242 244
    189 2 39 228 62 100 159 177 241 44 126 44 120 88 220 187 125 28 127
    189 125 109 234 95 19 173 4 41 156 245 204 197 199 155 39 182 171
    146 146 76 207 84 42 29 222 80 165 51 136 61 165 5 81 239 204 53 159
    37 246 188 75 207 118 16 14 88 128 249 248 6 122 172 25 74 112 214
    124 123 114 232 56 167 175 173 234 165 183 254 142 36 89 37 4 82 145
    116 245 90 152 243 225 240 116 154 163 84 79 109 65 223 184 68 88
    198 141 128 204 227 137 43 189 246 87 50 215 22 150 246 140 183 108
    196 237 195 204 113 209 99 191 144 83 60 57 239 160 176 90 71 83 116
    51 59 70 42 157 131 253 57 31 92 110 242 136 137 204 17 129 231 187
    78 127 123 223 191 238 118 23 164 41 177 138 10 19 35 36 252 147 175
    223 230 40 37 81 23 5 200 67 15 47 33 215 246 48 234 154 151 117 60
    203 229 55 56 32 94 162 63 94 31 34 167 110 160 77 191 189 62 55 43
    234 27 113 79 60 205 180 144 244 118 59 129 212 252 177 61 38 119 55
    83 21 13 108 17 23 248 36 88 231 146 240 35 143 181 135 180 1 89 142
    225 41 8 74 106 30 236 220 92 107 220 100 162 54 0 144 153 73 207
    120 170 231 217 193 176 131 22 255 235 76 25 80 251 218 237 118 137
    246 106 250 8 123 143 252 88 134 252 83 165 207 98 52 59 89 53 133
    11 255 232 37 137 225 156 130 110 228 210 34 236 199 77 48 226 255
    50 236 84 180 103 10 25 107 129 40 56 228 182 62 117 249 117 190 237
    177 175 8 163 12 176 98 85 226 76 252 16 178 37 1 106 24 238 229 92
    191 240 193 202 163 3 196 140 194 66 203 222 204 95 0 53 219 180 79
    66 245 61 88 71 11 205 0 193 196 105 55 60 40 126 117 106 245 252
    156 158 226 206 123 231 224 213 68 95 49 60 255 217 231 146 176 220
    123 78 243 169 243 84 33 9 38 19 194 51 132 254 48 162 125 208 3 253
    63 27 209 95 66 197 143 77 129 134 14 121 133 159 138 181 231 181 57
    66 232 173 125 35 27 209 121 201 47 38 175 186 84 144 140 183 153 5
    2 33 102 1 227 92 173 161 132 178 233 32 90 255 109 20 179 82 28 125
    86 18 243 172 216 99 18 14 238 186 50 35 254 163 124 156 28 126 237
    221 44 63 175 67 49 129 79 109 109 134 194 136 68 125 104 168 169
    127 224 52 210 67 9 168 148 111 139 121 197 44 247 35 32 27 80 80 93
    202 94 237 177 91 186 32 29 162 122 71 124 47 91 84 185 78 193 163
    77 215 82 16 50 0 62 223 58 163 161 62 20 37 49 40 235 70 234 79 190
    53 98 251 177 81 223 99 102 6 165 201 184 195 222 117 2 153 53 238
    26 189 14 18 151 88 25 8 181 154 235 68 67 153 109 64 34 52 223 200
    178 79 185 44 25 234 166 56 23 104 146 194 172 175 145 84 220 98 162
    60 89 3 185 240 170 223 56 57 139 80 252 222 61 42 179 250 196 225
    147 105 168 65 109 178 131 239 97 135 163 9 182 175 223 206 59 13
    211 44 155 64 125 144 39 5 125 78 213 101 150 2 114 229 200 246 29
    99 36 62 82 207 50 235 55 114 153 135 124 48 198 234 182 18 128 98
    174 61 177 46 141 40 29 123 241 95 204 213 128 173 199 238 243 51
    184 13 23 144 162 221 221 93 9 81 248 125 249 209 70 247 18 62 102
    106 53 56 55 88 135 21 29 97 113 98 58 116 255 195 84 46 169 155 145
    75 66 6 103 118 113 137 247 58 163 48 114 197 62 86 144 248 6 219
    182 143 119 63 91 251 109 57 193 140 112 7 83 230 3 164 44 248 220 7
    66 25 123 20 107 133 113 150 221 233 56 88 5 211 239 171 227 39 193
    145 212 62 144 195 216 165 113 207 117 43 95 219 116 103 122 50 236
    105 16 249 23 123 161 245 231 69 23 143 9 81 251 128 40 159 32 110
    208 21 190 82 241 40 215 6 86 110 200 84 158 178 75 80 47 61 33 192
    144 199 99 64 104 65 210 112 219 96 138 206 78 24 41 0 214 78 124 57
    21 176 41 8 6 168 162 85 59 74 185 112 60 126 129 206 118 139 243
    194 168 168 188 54 6 195 251 22 58 65 207 69 11 144 225 51 161 241
    234 159 105 15 141 187 221 103 98 254 213 156 68 91 146 208 109 0
    213 172 97 152 144 156 124 154 11 40 158 212 136 201 45 144 72 83 95
    125 24 39 118 141 148 50 55 144 117 178 80 86 242 101 206 98 150 29
    190 135 163 147 152 202 84 150 204 171 59 84 66 247 191 214 71 216
    10 187 160 11 200 81 205 37 16 32 36 204 0 180 103 122 237 146 158
    244 130 41 9 24 19 21 157 143 130 255 68 10 182 252 194 113 150 163
    23 100 171 117 106 13 178 104 206 175 85 97 93 241 141 41 176 128 40
    96 180 226 244 190 221 130 199 176 100 23 246 20 44 162 177 73 13
    241 206 47 214 197 246 22 77 204 43 130 70 129 239 250 201 199 205
    138 27 176 25 214 240 9 90 81 33 25 10 193 140 28 31 232 250 213 230
    122 225 111 183 184 85 90 131 181 21 159 26 41 225 134 190 20 91 63
    213 206 33 96 87 95 41 80 71 236 29 61 84 157 191 48 47 192 67 84 67
    97 206 128 17 53 224 0 130 120 94 193 0 102 34 175 204 97 77 250 0
    102 224 14 159 236 238 104 1 205 100 208 168 213 55 240 150 144 59
    24 132 57 25 201 66 255 53 187 77 185 18 182 1 174 225 65 153 103
    233 83 146 39 184 128 247 228 203 188 25 188 29 87 1 73 34 32 72 157
    75 199 103 40 168 154 25 2 205 140 85 242 241 25 71 205 158 23 29 73
    56 187 54 194 131 65 56 90 23 84 26 11 29 4 178 238 94 161 114 80
    207 53 123 38 191 30 147 58 204 243 244 236 158 112 218 211 77 120
    191 108 211 139 99 75 250 120 87 171 226 129 212 195 214 162 76 97
    62 121 135 144 172 11 202 77 109 255 226 55 98 31 231 182 193 221
    121 101 148 124 96 83 219 72 197 252 61 167 160 145 77 212 19 6 230
    194 10 76 226 69 73 238 179 97 62 17 233 5 87 38 198 9 191 99 181
    191 37 35 36 64 225 222 2 179 139 155 223 41 78 239 174 184 245 127
    45 122 229 240 164 230 94 76 111 98 220 58 172 157 12 146 21 191 223
    59 44 248 109 201 14 74 40 82 244 182 252 86 249 224 86 214 206 111
    6 226 74 68 8 53 59 124 31 158 3 207 55 72 99 230 78 218 21 59 146
    234 225 234 108 108 195 237 236 3 233 14 85 155 66 47 60 93 12 59
    127 18 34 86 43 111 255 88 78 78 19 153 8 182 136 157 36 207 36 38
    87 117 42 44 226 84 111 114 9 200 158 132 64 123 190 246 170 56 117
    34 96 148 153 62 211 2 107 123 254 252 230 138 189 85 12 139 13 154
    216 235 101 108 18 2 187 133 50 158 166 230 183 202 171 81 163 53
    206 170 159 198 27 213 255 77 168 159 168 85 37 91 79 228 191 110
    132 52 157 152 102 106 84 249 150 174 137 245 42 87 150 14 166 210 4
    199 145 173 165 88 233 205 68 120 80 153 158 8 16 92 204 90 131 143
    225 195 184 184 152 114 129 98 161 252 231 14 69 236 230 206 73 87
    211 109 156 147 156 0 39 6 23 113 74 40 120 158 68 127 38 176 144
    232 31 144 137 174 111 94 66 101 85 24 174 13 80 48 82 147 213 221
    216 250 87 34 137 40 183 47 76 76 217 132 197 158 247 205 122 201 96
    57 50 238 114 56 39 156 140 236 101 127 55 10 86 210 172 243 98 196
    41 119 100 83 253 254 136 229 78 198 22 27 149 117 91 25 4 252 250
    189 97 69 214 120 49 103 76 88 155 121 32 81 252 145 16 37 7 180 201
    54 29 248 41 94 94 223 218 68 202 12 96 184 199 178 45 113 33 164
    175 145 131 119 52 103 180 141 199 48 166 134 248 182 189 217 238 99
    197 168 121 164 18 232 103 58 197 155 186 162 174 99 165 235 147 64
    161 223 44 240 244 72 122 251 33 38 240 89 89 251 27 176 79 38 105
    29 153 194 35 112 88 234 210 109 35 152 67 51 200 254 149 231 169
    120 81 178 237 183 1 195 47 234 111 208 225 69 154 82 214 196 139
    215 250 89 88 137 60 247 201 173 99 117 115 97 80 142 203 232 245
    121 44 180 151 88 240 121 178 141 134 121 25 102 26 141 95 24 131
    134 180 51 193 131 241 238 70 120 5 82 63 230 168 162 14 247 173 172
    23 246 131 255 217 202 110 130 52 242 243 11 69 50 121 71 253 237
    190 235 14 62 16 250 73 44 175 198 181 156 108 17 243 2 14 88 198
    158 98 14 27 38 94 235 179 7 2 49 34 2 89 228 63 85 49 253 197 117
    212 215 95 68 217 96 150 171 153 122 8 43 48 31 201 255 96 166 117
    27 106 203 153 123 229 181 98 39 171 65 105 201 107 18 200 137 158
    239 148 180 142 101 249 51 49 224 18 183 199 45 229 73 110 92 40 65
    162 118 12 190 2 132 106 159 152 15 255 143 181 12 253 243 167 60
    250 103 128 129 237 118 145 184 175 193 147 208 63 220 183 46 38 192
    30 243 43 226 41 170 114 115 112 20 178 77 26 199 95 222 178 149 122
    52 111 135 31 147 211 246 207 255 30 54 43 31 110 133 16 71 107 84
    138 174 255 70 75 3 79 156 103 103 170 101 33 30 145 176 186 48 7
    201 121 34 30 123 121 225 57 237 43 71 159 210 32 56 94 228 224 4
    129 247 168 162 128 160 202 151 71 187 55 103 217 166 68 7 141 251
    178 128 217 168 4 197 0 240 41 255 180 179 23 89 245 228 38 54 246
    181 191 46 239 83 232 66 224 255 174 210 30 65 203 32 160 215 206
    196 10 82 164 221 81 46 116 211 211 50 80 229 130 125 195 175 196
    165 136 40 90 44 30 195 105 243 200 139 250 167 7 136 26 134 85 84
    65 100 130 18 32 201 163 27 159 33 0 252 12 80 240 77 144 74 170 65
    119 179 128 144 49 66 100 28 89 254 178 47 66 130 201 0 123 210 189
    33 227 49 216 174 137 250 81 191 134 127 90 54 34 151 90 10 43 46 15
    198 99 193 17 170 243 149 231 193 0 36 193 21 70 196 127 34 143 58
    55 244 131 231 114 248 234 172 19 242 208 19 38 63 34 54 21 124 83
    201 93 140 232 59 69 44 123 171 20 135 1 76 82 203 129 211 215 243
    148 55 34 199 32 221 181 252 141 119 152 95 63 243 241 170 200 60
    185 127 34 111 186 250 53 144 123 169 156 209 197 47 198 46 135 183
    245 220 107 243 38 199 236 162 65 61 170 172 196 63 83 61 177 245
    148 207 230 224 219 224 246 110 117 194 149 38 22 123 114 10 6 243
    230 109 176 77 156 67 168 10 9 31 114 139 97 86 2 250 226 247 150
    108 206 63 208 130 89 75 206 81 37 126 243 58 219 86 186 169 124 144
    237 113 129 35 66 165 140 159 137 43 19 93 200 111 4 22 183 83 224
    47 12 202 133 150 75 180 189 37 210 236 141 110 38 149 103 16 154 98
    72 162 87 208 195 216 131 22 255 91 255 231 27 130 35 146 197 88 81
    126 3 60 179 162 0 150 112 210 48 199 45 74 79 132 178 234 3 111 131
    147 5 140 100 180 39 65 90 202 179 178 63 78 155 189 222 214 30 110
    12 165 203 226 208 58 133 69 223 43 16 18 95 59 228 12 46 50 197 121
    119 10 238 249 229 156 182 34 91 44 134 96 235 108 115 220 130 3 16
    19 73 208 191 146 145 153 125 245 106 58 72 250 202 187 141 179 21
    101 146 172 22 213 23 65 147 97 24 42 56 221 251 188 255 86 253 161
    92 204 141 116 227 23 75 107 212 241 14 117 105 190 81 165 86 129 46
    23 229 110 79 168 167 174 210 131 157 7 21 6 45 192 59 214 169 201
    159 98 91 41 144 205 100 5 168 124 249 111 152 211 134 77 106 118 21
    234 75 109 229 144 124 6 174 210 61 87 84 204 255 191 87 245 71 105
    146 146 72 83 209 246 137 57 60 100 8 32 169 4 167 129 41 153 250
    163 96 189 213 55 60 228 56 16 1 1 101 35 107 142 79 184 179 141 214
    205 215 118 245 252 26 154 15 29 106 128 230 60 131 81 238 234 205
    56 32 137 130 137 125 71 22 208 11 163 159 243 171 186 199 209 42
    100 81 243 201 149 173 28 13 173 30 192 109 12 33 168 198 236 56 186
    243 118 141 1 236 223 232 38 222 112 70 80 245 125 195 92 77 200 123
    222 6 244 50 204 207 218 148 99 6 133 99 155 93 96 95 123 27 157 143
    25 156 133 165 210 133 0 80 87 219 245 82 30 135 106 225 65 152 62
    161 219 24 233 203 214 57 249 253 176 81 128 158 126 147 50 97 245
    10 185 80 129 60 3 31 108 127 140 160 160 142 106 180 96 78 97 246
    240 21 176 57 145 240 87 46 146 86 23 181 82 130 66 4 223 63 200 20
    250 55 136 4 246 0 165 229 28 65 192 88 121 20 69 213 115 208 116
    163 213 87 73 18 62 112 193 167 162 240 243 28 145 250 32 66 3 89
    242 147 141 245 192 143 157 134 169 209 28 127 183 131 85 239 134 78
    147 152 120 253 46 248 9 202 87 18 123 88 113 11 59 156 179 71 87
    142 12 232 175 244 121 128 151 218 121 206 167 227 9 192 38 165 190
    233 192 70 227 9 214 147 39 147 168 39 248 200 114 75 18 226 176 49
    212 171 237 179 10 91 23 202 242 55 15 179 148 111 193 217 255 171
    195 210 230 163 18 22 77 23 24 4 234 53 78 227 57 243 117 24 164 151
    29 129 133 170 224 197 84 187 167 232 80 113 141 45 227 117 164 190
    18 177 12 35 34 103 69 3 141 38 243 106 195 19 71 77 45 55 30 174 74
    140 135 243 35 123 154 205 216 244 107 231 73 168 111 18 37 176 209
    232 21 236 74 114 34 32 41 195 176 72 59 206 160 16 253 27 11 5 173
    212 164 137 142 56 38 18 100 226 200 125 31 9 155 65 160 24 48 69
    159 69 101 156 171 238 25 179 141 72 13 2 100 212 243 87 65 88 66
    225 82 146 1 122 44 121 67 172 14 123 61 203 58 204 200 146 199 194
    35 154 210 110 8 31 84 89 86 196 184 211 174 137 238 176 96 21 177
    103 72 218 97 118 55 152 129 83 125 82 66 145 138 200 58 8 210 106
    171 164 32 94 170 122 159 226 156 118 199 193 216 145 207 224 101
    112 147 237 73 50 21 167 238 217 158 183 222 116 19 110 236 196 165
    87 207 15 115 8 143 245 138 148 124 115 198 136 100 220 248 49 137
    101 49 210 110 103 94 53 34 122 149 103 104 150 48 12 61 140 26 108
    195 39 26 36 212 114 55 160 52 191 192 120 230 246 161 74 93 54 129
    148 140 120 84 134 98 203 96 196 93 239 207 153 116 181 1 42 24 120
    240 233 100 7 122 24 238 214 22 186 245 181 80 166 101 14 68 137 108
    253 91 178 4 149 72 13 77 165 103 207 94 214 205 129 141 124 50 70
    13 240 181 0 192 177 53 82 25 159 198 184 48 65 40 182 93 70 198 236
    41 208 123 6 42 177 7 250 70 182 111 13 252 140 137 87 29 130 240
    123 109 57 188 75 113 19 146 241 170 141 121 119 225 153 159 35 42
    92 248 102 197 70 57 146 239 10 240 130 143 139 55 184 232 182 77 12
    51 73 128 254 17 234 204 4 155 2 128 119 24 190 206 252 49 78 96 79
    192 225 53 3 169 4 161 209 204 135 203 85 53 22 243 229 231 198 82
    31 82 135 252 213 97 241 191 223 207 143 56 38 185 3 189 34 64 242
    105 187 15 236 65 10 216 15 75 58 80 141 41 126 127 155 124 126 228
    173 152 231 36 255 249 60 9 36 224 153 162 43 9 130 237 150 80 226
    23 161 239 59 127 75 199 202 45 11 91 212 99 29 151 157 65 54 142
    137 42 171 89 73 106 193 107 223 102 147 56 246 78 233 247 109 5 13
    222 19 196 213 147 28 154 45 241 215 137 160 170 56 108 92 221 61
    167 179 234 154 119 92 187 10 97 91 150 127 160 62 125 160 34 146 53
    153 232 236 153 53 22 206 74 64 251 241 2 172 187 231 206 206 254
    207 132 237 86 255 172 171 109 180 253 167 155 76 252 81 69 78 135
    106 183 116 9 231 123 200 215 22 149 195 68 181 250 244 35 60 73 191
    113 106 74 109 179 42 95 111 180 10 67 123 231 203 13 44 148 195 196
    123 192 37 118 153 69 252 123 113 182 253 49 227 233 128 231 98 21
    211 140 177 240 31 53 15 53 114 169 43 248 47 147 189 234 189 171
    139 44 112 146 3 0 91 94 135 22 77 87 47 155 113 231 103 136 172 6
    219 133 69 53 189 182 216 22 198 196 77 247 238 218 3 15 188 41 51
    116 49 201 246 198 227 36 47 161 122 144 232 67 118 103 72 241 19
    201 186 116 34 22 181 152 63 221 49 210 139 62 24 141 90 140 43 187
    168 181 242 105 168 152 147 41 67 74 226 107 233 22 93 16 120 238
    115 103 31 244 37 223 199 114 214 228 239 117 32 190 213 112 153 102
    29 77 106 45 229 70 154 87 97 141 214 139 83 46 224 134 26 97 179 76
    62 107 191 245 78 238 149 94 30 194 131 208 133 217 81 74 87 51 63
    184 4 88 205 213 185 212 181 254 189 183 56 165 191 123 199 169 86
    141 222 226 3 17 39 170 147 152 215 180 170 200 153 9 120 55 207 153
    164 237 98 20 164 135 70 254 218 154 86 138 165 163 125 39 75 90 242
    196 168 5 35 113 222 187 225 217 138 33 208 135 59 78 88 143 143 32
    236 171 143 156 2 30 192 187 141 228 107 139 126 14 93 184 210 85
    114 88 120 92 29 237 46 174 52 245 85 191 171 70 227 23 102 137 212
    152 158 230 179 224 180 216 75 190 165 253 245 81 170 79 214 80 155
    115 126 163 62 22 46 51 201 211 51 250 138 82 5 217 27 192 182 123
    73 214 133 194 202 69 7 71 172 169 157 47 153 198 250 122 145 115
    108 14 89 250 221 224 179 212 95 130 35 64 27 193 113 40 232 67 246
    125 198 149 49 197 218 45 187 6 26 245 233 221 26 160 217 172 226
    230 1 87 91 10 152 139 90 251 181 72 248 121 211 201 25 248 247 52
    66 51 127 0 113 220 101 246 144 168 132 188 145 245 189 148 138 219
    224 226 147 203 225 24 136 206 186 167 184 143 195 118 32 69 38 133
    141 238 68 118 103 227 194 20 215 198 150 94 176 217 211 75 51 13
    127 81 89 62 38 66 15 29 137 62 253 92 110 102 248 200 44 229 142 8
    212 93 235 96 197 50 243 77 2 45 153 204 68 110 120 137 27 167 123
    186 178 172 103 231 105 139 121 229 132 9 81 29 245 17 54 187 18 54
    199 24 213 206 169 117 80 146 16 154 205 73 4 97 110 92 142 201 97
    83 116 154 87 150 28 69 142 115 113 158 246 59 21 83 197 156 51 32
    39 115 176 244 141 141 63 9 38 148 51 75 213 86 160 48 160 89 47 231
    163 190 9 149 72 152 102 73 141 34 36 85 173 112 166 172 15 100 54
    193 126 178 238 99 253 58 184 238 51 32 45 143 212 143 65 71 249 196
    49 115 195 36 126 181 63 149 214 66 85 85 153 10 146 161 184 78 52
    240 230 182 113 216 11 61 180 41 86 100 62 212 252 27 216 148 130
    138 24 52 245 228 217 28 242 92 221 70 10 114 31 203 82 80 130 29 0
    155 77 133 76 154 150 121 203 154 133 23 130 141 241 203 3 14 246 58
    140 53 137 149 104 50 178 237 141 34 14 235 38 92 28 165 95 48 8 204
    214 251 131 178 43 12 16 19 49 42 6 71 7 221 25 21 36 230 20 69 14
    49 35 95 93 174 199 56 159 108 95 205 59 59 236 230 119 108 206 226
    128 72 57 137 159 118 182 54 162 151 50 113 80 225 137 114 67 199
    249 43 34 160 95 176 216 67 172 97 85 125 39 12 58 213 164 77 26 6
    245 123 46 51 159 148 246 216 136 255 221 161 232 43 90 161 221 146
    143 87 200 129 65 202 75 46 224 64 6 90 63 11 90 19 173 38 171 183
    76 111 251 139 156 4 172 105 242 190 162 112 34 218 57 42 239 55 53
    17 58 28 121 181 52 89 155 31 99 218 86 83 190 34 220 156 153 155
    155 47 126 87 3 36 95 173 35 121 57 170 189 92 211 63 188 137 179
    202 228 164 111 156 240 186 204 129 28 1 13 87 202 87 178 81 216 178
    10 200 250 131 245 133 11 187 34 154 135 146 76 165 166 189 88 126
    58 182 243 92 181 204 200 99 138 26 176 159 184 162 221 239 3 167
    183 250 23 201 25 187 226 189 142 255 93 31 15 143 148 191 108 55 60
    202 123 72 36 45 142 206 211 141 40 79 223 3 168 221 181 70 179 234
    235 103 213 20 153 185 242 117 58 80 28 114 109 232 199 200 23 234
    43 96 239 105 154 99 32 235 18 146 104 207 32 67 2 209 187 167 12 88
    192 207 14 143 43 109 141 198 237 169 12 131 162 117 18 46 195 245
    40 82 241 76 78 156 92 58 203 25 223 105 184 173 61 163 9 73 137 161
    249 128 30 182 194 82 253 122 124 230 62 195 240 208 94 67 172 64
    230 244 134 147 169 103 75 71 34 172 174 187 227 146 228 114 55 53
    152 165 37 58 121 36 133 8 232 21 120 60 117 170 132 249 188 53 136
    146 167 26 84 177 202 219 200 88 3 22 131 151 209 149 119 69 93 46
    247 222 18 211 213 16 181 222 158 146 174 1 51 97 93 144 164 13 107
    21 102 41 207 3 213 18 249 87 225 188 31 192 92 118 246 143 181 132
    88 234 20 150 236 238 201 95 115 5 230 210 179 6 72 77 120 137 247
    185 205 175 77 93 11 254 205 63 244 137 121 174 3 26 4 98 43 30 38
    98 207 12 201 6 170 199 236 17 39 253 224 29 39 202 170 82 177 85
    107 235 194 183 13 147 21 121 161 25 27 141 230 36 2 186 18 148 201
    133 240 224 240 194 47 1 50 33 113 215 3 50 182 198 118 13 29 64 198
    220 18 30 187 54 3 219 116 44 121 137 18 240 217 95 198 195 23 16 5
    20 80 44 237 184 180 135 128 108 222 117 31 106 190 213 168 202 103
    148 235 69 10 94 118 231 46 18 65 233 146 122 88 48 146 10 250 150
    236 142 170 208 102 117 106 122 36 237 1 114 178 160 89 229 67 53 1
    9 20 155 137 179 41 49 0 205 39 137 53 148 129 98 133 205 107 75 197
    97 241 109 128 28 219 212 166 172 177 122 93 232 247 155 20 139 104
    180 59 242 8 171 143 57 125 151 158 144 50 176 91 146 175 169 67 133
    182 93 65 55 179 150 207 80 61 29 5 35 185 215 225 240 91 152 187 47
    78 146 58 249 70 110 89 34 77 212 11 210 34 54 210 191 42 187 50 215
    6 177 181 127 74 170 182 113 129 231 10 41 244 10 248 48 93 131 197
    15 59 131 227 154 69 48 115 139 188 82 88 77 103 13 240 48 213 17
    233 29 80 188 223 55 84 124 65 169 98 235 125 30 222 112 49 100 124
    203 199 252 28 155 43 184 46 7 180 79 11 234 184 194 134 136 186 171
    205 128 226 253 155 136 162 115 203 144 132 27 1 63 67 17 148 21 236
    65 11 127 186 12 134 172 151 60 105 193 237 99 0 25 174 100 137 11
    95 202 93 4 133 153 125 81 3 95 61 101 70 185 230 72 12 212 15 221
    239 124 68 215 44 96 44 2 227 107 128 90 204 134 181 169 25 249 46
    248 227 69 227 5 194 120 111 42 126 94 129 113 193 233 192 240 211
    50 127 238 78 20 3 85 219 59 113 249 223 15 231 189 16 81 238 167 85
    55 191 227 119 123 161 112 107 121 48 96 26 114 102 119 200 73 205
    233 192 8 142 225 242 90 231 198 37 149 124 233 111 130 135 153 207
    133 119 234 48 145 60 108 160 19 177 196 174 29 215 102 123 177 111
    209 72 91 254 152 66 120 12 89 203 130 152 105 243 189 216 72 149 72
    31 55 91 118 153 187 228 196 156 42 232 250 74 84 222 240 95 242 204
    196 68 58 176 136 7 216 253 114 248 181 186 30 236 101 52 223 86 187
    86 206 87 154 113 220 13 201 159 150 68 132 245 148 5 141 137 194 96
    43 150 231 121 61 233 135 76 3 60 187 128 31 30 121 102 58 108 215
    197 229 92 233 62 88 221 62 40 51 83 183 215 117 214 233 90 189 161
    11 235 219 114 172 235 8 165 249 52 50 244 19 222 194 213 227 31 248
    176 168 188 44 110 251 134 168 115 51 245 99 123 249 50 111 169 153
    171 252 217 69 140 47 81 114 233 119 191 115 94 190 11 58 188 238
    115 40 28 199 103 130 140 238 43 129 88 72 224 219 80 102 167 221
    119 166 2 232 182 146 180 44 201 32 144 223 182 2 32 109 212 119 225
    119 1 178 35 39 253 113 186 143 64 144 148 2 106 151 182 152 113 119
    70 137 28 16 215 13 65 182 163 81 109 6 75 95 176 54 104 56 110 121
    240 210 190 52 31 229 215 185 236 219 208 93 53 5 128 226 208 66 8
    86 77 38 253 90 13 148 19 204 28 148 115 234 73 28 148 51 123 90 10
    220 156 90 174 55 108 97 158 219 114 67 111 163 197 135 115 71 165
    189 251 87 12 212 16 147 45 149 238 100 55 242 177 17 109 217 7 199
    138 105 95 250 243 95 129 23 20 37 192 234 170 85 143 16 170 90 52
    188 79 61 0 169 156 67 170 6 238 11 18 130 70 25 90 149 13 191 166
    51 242 192 108 173 141 114 129 242 71 76 58 249 107 226 104 192 215
    104 171 101 254 124 187 17 1 86 194 103 32 196 74 104 136 253 65 165
    14 192 57 131 84 195 57 233 80 141 183 99 203 41 171 9 148 164 128
    227 33 223 119 140 101 110 180 149 242 70 207 42 184 55 66 75 125
    187 237 171 69 114 136 43 88 5 57 21 143 51 42 156 1 207 91 184 201
    5 82 53 78 139 174 164 119 68 151 250 67 143 93 10 30 24 140 178 254
    190 59 48 214 156 215 186 191 180 130 197 189 15 49 123 15 59 11 128
    145 35 110 224 45 12 232 16 37 37 123 214 227 189 172 12 34 155 7
    191 178 176 242 144 3 104 220 40 24 56 33 226 191 27 133 227 117 30
    55 20 59 184 90 206 50 106 233 182 149 118 152 195 231 169 218 209
    23 25 196 23 126 170 133 3 175 61 53 240 65 114 106 178 83 167 69 33
    38 238 221 126 152 182 97 83 87 82 220 181 151 42 183 42 62 134 35
    244 72 61 251 136 13 26 250 67 179 89 224 229 19 216 107 122 200 11
    93 240 9 151 31 124 167 8 241 220 162 65 57 57 129 107 188 77 218
    184 43 139 26 78 57 81 177 235 203 68 26 72 111 83 36 116 87 124 235
    235 24 115 81 154 157 81 95 254 96 4 145 143 174 158 166 186 68 133
    233 225 151 33 100 130 222 221 33 56 77 206 50 114 254 138 37 175
    117 38 119 15 56 124 41 39 192 195 111 115 50 200 74 13 192 2 150
    148 252 23 16 139 232 128 1 63 15 199 218 10 54 162 80 201 252 216
    177 81 182 227 23 65 176 203 0 113 136 71 60 152 140 35 17 10 127
    158 126 248 130 102 65 191 234 119 40 222 136 227 0 64 99 177 236
    109 69 236 69 161 80 109 173 190 156 224 31 135 112 82 102 186 22
    223 120 38 4 128 41 42 231 42 107 56 144 166 130 37 99 251 169 177
    227 245 151 150 246 12 44 189 120 35 78 127 69 78 190 226 137 245 33
    10 187 18 223 135 114 116 205 96 15 97 222 215 103 152 200 54 74 170
    115 209 23 41 181 182 92 105 188 97 171 110 235 108 237 44 218 143
    139 115 215 13 76 62 205 126 71 248 59 85 176 97 202 225 32 20 166
    242 10 32 25 131 162 22 34 84 69 143 9 172 6 93 86 68 155 252 166
    108 221 100 159 102 121 19 251 249 93 96 161 66 255 218 221 195 206
    255 184 159 146 19 200 9 214 253 50 157 87 235 77 173 170 40 231 177
    217 185 165 177 149 41 67 168 95 199 163 203 158 64 11 6 103 181 200
    82 187 80 51 76 117 103 133 40 227 221 231 67 153 184 5 252 66 208
    28 246 80 154 75 230 46 209 249 163 253 56 75 237 113 173 63 25 240
    25 122 169 214 195 88 209 25 168 53 167 135 15 67 169 3 50 254 199
    37 253 36 248 210 247 97 229 138 42 249 53 82 187 148 125 157 197
    196 41 201 156 133 237 223 209 209 104 94 175 144 208 44 107 63 183
    230 1 0 121 79 212 8 180 189 207 57 175 225 85 176 25 14 194 99 246
    19 46 76 158 154 203 101 82 164 128 29 122 147 118 41 6 222 75 17 83
    33 130 159 176 45 43 58 228 103 88 81 76 118 37 7 215 203 203 207
    251 42 161 102 209 159 48 219 43 156 168 141 68 27 29 168 62 199 200
    241 9 149 44 210 81 172 13 195 211 72 234 147 0 252 98 114 110 110
    193 82 9 17 65 53 243 5 152 119 156 108 174 136 137 116 45 25 95 89
    25 122 136 127 88 177 93 93 165 191 145 65 109 45 243 72 38 91 121
    233 142 229 20 146 9 65 240 185 100 111 104 115 248 206 18 227 242
    188 183 195 110 105 255 126 70 29 156 251 219 22 204 178 172 30 178
    164 66 178 135 42 216 209 47 145 249 182 106 55 243 182 254 58 115
    56 61 114 59 10 187 168 64 207 143 7 184 209 34 141 71 137 19 222 27
    127 47 84 196 81 1 239 12 217 138 41 120 147 20 67 50 246 165 70 212
    126 11 56 245 52 45 125 242 211 226 245 78 167 195 100 81 82 250 67
    96 7 66 145 101 190 249 71 137 109 25 164 26 5 221 48 223 132 34 114
    243 163 254 184 220 19 212 226 167 87 127 150 181 158 237 85 140 210
    35 56 240 213 153 207 224 197 62 246 44 201 105 96 32 168 139 189
    120 75 215 38 66 148 238 80 179 127 143 254 163 95 133 147 223 208
    40 191 65 33 77 62 226 78 61 35 33 160 238 171 109 34 138 129 159 60
    66 50 172 191 198 4 49 157 243 7 91 207 254 176 220 66 63 171 166 92
    26 103 19 128 197 123 223 106 230 134 69 99 59 45 31 46 129 132 126
    133 95 175 167 228 218 52 51 121 34 110 209 152 5 17 171 117 140 82
    175 92 148 56 84 206 192 60 120 71 220 76 133 5 176 65 96 19 70 33
    212 170 141 106 43 200 8 125 65 18 169 153 252 80 232 81 149 115 106
    173 34 121 243 9 150 241 226 242 249 197 218 13 148 4 234 0 197 199
    196 22 19 235 78 255 128 204 190 213 235 39 157 109 240 50 174 88 33
    48 220 71 208 90 84 27 189 21 73 207 176 108 70 232 28 111 26 87 148
    231 33 249 159 116 196 137 71 147 125 7 102 163 237 102 118 85 214
    248 51 171 69 87 204 168 199 212 186 149 232 4 62 226 24 250 155 88
    123 38 27 111 192 28 35 205 113 47 123 22 69 92 228 111 171 48 98 81
    141 245 61 53 78 100 255 94 197 73 151 236 119 255 9 27 224 35 229
    247 39 104 43 58 146 130 245 104 202 3 108 213 103 23 45 32 216 58
    30 11 168 122 75 250 78 204 129 241 70 61 253 106 8 1 2 235 98 243
    49 93 61 137 20 174 130 106 66 246 109 110 149 28 14 200 42 155 91
    17 51 130 234 187 145 217 228 138 52 72 252 165 218 4 67 183 195 253
    25 22 182 159 217 246 227 69 124 128 164 117 30 30 103 56 163 68 35
    0 190 147 186 167 165 114 80 32 96 144 187 16 29 179 30 215 160 14
    212 130 139 115 235 135 102 23 244 242 113 27 125 248 36 100 231 58
    234 142 150 62 227 209 218 191 148 85 69 233 46 16 69 22 3 89 123 1
    104 14 147 167 56 164 88 183 41 6 64 189 111 93 196 20 71 117 163
    253 165 104 89 215 104 12 134 139 193 163 116 232 134 112 173 251
    129 196 174 73 25 230 158 190 219 52 203 4 80 227 30 168 49 220 114
    248 195 25 186 106 80 52 37 83 44 177 221 105 184 144 161 104 86 201
    55 213 203 139 170 40 49 205 112 104 11 64 64 210 95 228 66 223 231
    245 48 158 24 5 91 65 104 20 213 218 174 95 47 248 169 161 224 243
    247 3 141 214 227 171 81 24 107 59 148 141 52 215 174 57 216 43 36
    189 66 231 117 162 32 110 177 129 101 108 137 195 123 193 199 93 98
    171 130 108 180 83 112 61 50 85 71 57 116 177 157 117 199 19 224 214
    253 157 109 36 81 74 2 154 73 112 22 204 253 247 155 149 35 204 41
    14 223 165 68 109 60 183 112 184 50 235 252 108 142 98 254 20 205
    195 174 108 53 143 90 176 206 77 90 232 74 25 83 96 97 158 141 176 1
    13 15 249 159 205 17 99 222 196 219 84 148 81 107 48 105 85 115 42
    70 229 83 46 72 68 85 166 125 65 97 51 93 175 46 117 227 192 89 19
    147 143 152 72 45 50 108 165 121 33 26 133 245 223 39 99 236 195 135
    65 90 25 77 71 20 139 130 70 230 130 242 27 31 251 17 43 131 166 139
    146 122 63 218 198 34 59 52 136 118 31 27 195 113 47 88 174 12 35
    204 203 148 155 139 208 208 135 170 145 225 159 153 89 174 134 116
    198 38 143 87 220 104 79 147 66 136 179 185 177 63 204 181 240 214
    62 239 172 22 238 186 246 131 101 124 124 56 206 156 202 77 11 95 6
    194 74 130 37 98 152 235 53 211 91 159 203 179 196 242 201 240 179
    14 91 205 6 14 202 43 85 237 237 227 146 185 116 212 89 163 71 104
    43 123 228 255 229 168 66 183 125 219 106 80 206 221 134 68 22 194
    184 72 111 181 35 160 245 0 101 133 19 7 230 116 34 128 192 44 4 240
    203 26 249 124 42 6 204 95 64 191 224 81 190 150 98 138 174 92 77 0
    161 174 224 210 58 26 57 18 80 84 35 60 163 15 88 84 1 195 234 84
    125 50 158 97 107 195 207 212 201 111 174 198 159 15 224 64 76 71
    150 207 87 76 14 164 194 155 202 202 133 148 250 41 103 185 154 180
    207 55 204 116 164 214 162 124 234 143 252 250 93 185 247 12 78 5
    162 247 153 144 38 63 202 22 54 31 229 0 224 171 104 184 183 133 140
    251 192 13 15 14 240 51 22 181 215 231 165 254 59 140 166 32 63 17
    49 80 238 118 192 129 26 19 216 161 202 96 12 67 47 75 145 134 150
    180 85 187 130 34 151 185 150 8 231 213 72 181 58 212 189 179 138 42
    142 136 61 110 67 38 105 110 178 79 75 183 156 38 162 192 190 45 102
    141 65 11 61 22 180 146 217 191 143 251 23 50 120 103 115 101 171 21
    161 126 144 228 33 157 63 5 242 120 3 79 92 60 141 166 46 221 30 103
    118 125 145 150 94 247 60 185 68 61 47 82 246 157 230 33 98 106 84 1
    185 219 109 241 146 59 20 54 255 253 223 242 146 134 43 218 216 216
    48 212 235 47 124 158 92 156 250 119 228 59 149 206 120 255 113 217
    90 27 27 123 46 38 165 8 152 5 234 160 233 32 24 114 93 241 12 55
    152 4 95 20 62 33 71 33 35 94 165 32 243 91 191 108 3 217 125 104 91
    241 7 121 46 104 94 191 99 133 169 164 15 86 36 114 58 40 17 216 188
    118 47 152 32 118 143 118 213 166 188 193 237 56 70 95 65 154 243 54
    212 199 141 164 236 98 70 4 91 57 167 250 92 173 64 191 71 105 69 56
    160 148 91 116 23 219 254 191 110 251 44 178 137 202 61 133 237 149
    59 86 56 92 214 103 116 85 112 57 203 145 172 123 148 62 199 81 85
    122 85 125 157 234 221 181 42 184 146 58 229 114 165 185 31 175 12
    147 13 19 223 122 43 120 224 231 145 217 248 142 6 113 101 181 142
    53 202 123 46 49 117 118 85 64 245 20 162 62 63 73 29 223 225 191
    181 85 69 31 8 171 119 50 129 175 27 53 179 42 163 33 95 220 111 135
    62 190 150 240 212 78 13 22 193 170 122 177 182 168 180 113 96 192
    49 207 163 206 57 27 34 155 51 246 68 243 198 202 227 192 83 136 241
    66 93 219 160 180 9 24 235 151 83 249 217 42 40 51 173 78 81 61 242
    141 200 252 102 20 190 8 165 30 139 163 94 79 94 155 221 183 25 193
    214 122 40 107 131 72 0 29 137 61 52 102 227 214 172 42 224 23 211
    174 247 143 252 127 92 237 218 10 187 53 24 28 83 48 69 225 30 101
    15 246 41 91 137 93 139 65 81 219 187 137 110 33 165 183 70 239 2 88
    206 219 244 246 157 226 155 83 222 235 214 88 234 199 81 2 230 128
    61 240 172 199 25 182 170 97 132 193 222 158 92 42 187 55 88 93 100
    181 24 203 183 84 61 91 134 77 35 46 178 218 207 176 151 0 61 184 80
    142 58 226 252 53 171 179 164 77 245 126 89 205 49 124 45 131 95 88
    254 133 247 187 177 222 176 111 90 252 120 30 144 6 194 236 236 41
    26 131 235 124 230 19 244 144 70 206 247 59 40 120 61 76 147 18 221
    75 196 255 236 184 103 188 247 250 169 146 53 116 45 56 196 4 251 68
    39 237 91 7 154 153 202 61 58 110 89 199 212 77 80 235 49 5 184 135
    28 54 113 26 235 208 216 196 176 66 188 180 198 114 87 133 151 46
    202 196 49 242 96 32 240 255 85 146 98 190 203 148 139 225 154 242
    145 200 196 24 34 5 49 208 163 29 73 98 242 58 81 26 47 14 213 193
    28 240 228 21 65 153 166 86 245 83 0 148 142 223 204 61 56 156 235
    199 21 136 83 218 123 47 236 107 168 102 146 56 112 129 106 63 189
    51 163 59 133 253 99 130 141 52 130 56 40 187 140 148 96 232 131 63
    41 81 177 61 192 137 254 233 160 174 73 181 220 55 177 111 8 135 118
    116 64 180 32 202 137 115 171 87 55 57 25 165 47 78 169 229 87 139
    131 215 167 247 35 187 66 13 67 195 190 56 118 119 79 255 170 38 94
    161 178 115 11 226 2 133 121 199 109 8 224 79 48 152 68 46 19 81 205
    150 244 107 234 210 240 208 47 104 62 75 66 71 232 8 250 100 214 238
    103 217 149 79 1 40 225 62 81 210 175 164 167 58 28 228 63 250 148
    170 122 247 76 193 217 103 38 13 242 101 130 223 152 7 211 187 65
    190 83 233 126 130 250 255 27 185 132 239 38 188 163 92 34 237 197
    245 187 247 162 201 209 150 132 243 68 132 119 34 154 52 178 233 229
    236 159 78 43 80 213 241 242 39 41 159 43 172 30 81 21 162 179 168
    138 64 135 152 225 173 203 120 155 152 122 210 91 32 22 205 253 85
    224 123 4 106 39 160 151 175 165 238 66 23 215 126 200 7 15 179 89
    108 208 243 252 139 148 175 108 51 98 205 80 39 144 241 144 117 175
    34 164 189 0 142 229 100 92 130 199 96 175 8 176 133 169 64 38 85 14
    132 186 65 139 182 94 20 176 216 60 64 231 82 61 241 195 107 152 144
    89 194 140 238 82 120 198 88 104 214 201 43 208 215 122 157 113 61
    232 110 163 24 90 84 243 112 181 134 42 141 93 243 211 225 53 159 43
    78 91 245 77 77 196 99 32 0 112 91 11 64 11 75 125 229 148 11 186
    200 24 227 180 225 152 21 113 170 197 190 11 207 98 99 254 16 161
    108 67 56 191 38 190 9 14 160 249 177 165 73 138 121 200 147 18 222
    53 45 244 111 184 62 105 28 99 223 53 235 132 0 104 2 209 126 213 52
    49 32 38 80 191 28 59 119 9 196 38 237 223 236 40 171 232 195 12 188
    210 101 84 228 225 29 181 195 136 121 106 223 139 65 104 77 205 199
    70 249 27 63 139 42 120 50 55 36 141 206 117 151 254 8 76 9 155 52
    212 157 19 245 202 93 252 146 109 119 126 8 23 177 123 199 0 110 54
    133 43 132 27 20 45 129 242 28 89 21 0 95 126 88 59 83 96 201 171
    102 72 23 236 80 228 151 129 84 222 218 97 250 102 222 10 222 245
    236 84 94 153 130 144 6 237 229 70 219 224 64 96 47 197 34 156 222
    143 132 247 167 208 218 253 70 112 91 154 237 73 98 203 62 87 111 83
    233 245 145 158 76 59 12 49 118 94 225 118 10 81 239 138 90 203 109
    14 171 252 205 199 71 239 212 90 137 211 19 81 178 3 96 244 31 67
    155 84 246 33 160 210 147 209 248 36 137 80 48 114 234 82 153 210 57
    207 94 11 194 208 22 31 15 215 99 100 118 0 232 26 91 58 161 147 129
    226 89 188 92 122 2 99 2 18 180 198 135 100 128 36 232 198 204 89 43
    232 104 137 129 79 139 17 238 164 46 157 99 200 47 101 238 55 37 63
    84 145 198 145 13 218 220 220 142 0 131 215 148 146 115 157 239 58
    155 27 177 172 90 189 227 104 167 136 187 155 149 131 251 105 154
    254 100 184 98 101 19 129 170 90 228 32 145 8 252 20 107 197 188 252
    158 113 102 49 167 253 231 134 234 246 39 96 38 72 116 44 184 9 10
    163 229 48 138 15 232 143 195 138 115 15 116 69 182 226 94 84 130
    222 132 91 178 198 11 249 156 249 217 246 211 38 240 110 50 102 178
    25 150 113 95 0 181 161 124 73 189 221 78 53 35 175 154 133 53 250
    19 63 125 51 36 157 151 82 65 36 123 153 8 225 234 209 29 46 0 190
    37 136 137 186 171 216 95 138 149 3 129 39 215 223 70 47 231 166 140
    197 153 55 187 36 180 130 8 124 45 45 203 208 116 31 157 200 133 80
    35 93 239 113 40 183 16 38 198 183 207 52 2 94 210 146 168 191 70 92
    52 154 153 111 207 132 233 110 114 172 164 70 125 129 186 188 203
    106 160 185 72 21 137 240 143 10 79 25 255 17 157 152 111 39 100 66
    119 106 120 35 47 164 138 175 84 6 223 138 93 129 14 69 96 117 37
    195 91 220 113 65 250 103 75 182 147 63 36 78 141 132 243 207 63 43
    63 206 63 115 89 242 177 32 145 59 85 99 225 225 192 23 230 255 148
    115 118 173 106 3 229 94 94 211 143 116 13 246 130 156 194 212 127
    88 184 244 200 199 254 118 150 83 189 4 35 142 6 188 196 171 110 200
    180 105 80 124 53 148 173 25 91 247 175 106 200 93 211 87 4 228 50
    103 0 246 80 8 87 118 94 144 218 193 237 154 65 34 230 111 200 41
    120 90 236 159 148 117 68 82 117 100 165 154 38 220 224 96 85 207 59
    81 104 202 96 9 16 46 108 170 39 19 18 93 179 211 248 195 0 12 228
    188 34 11 150 67 39 70 180 14 98 233 78 151 215 75 182 218 113 4 22
    143 92 160 121 126 172 153 40 27 238 168 252 174 170 177 26 200 42
    198 69 54 189 99 189 80 134 4 28 61 179 117 29 116 233 23 250 135 75
    84 244 17 63 62 117 26 50 239 144 202 87 207 31 93 39 78 68 3 62 2
    203 232 52 11 57 58 57 218 25 89 165 62 227 158 174 92 28 175 224
    100 216 199 66 102 101 250 222 161 138 218 143 103 117 254 15 194
    191 47 63 31 251 69 31 44 179 191 90 80 141 238 131 251 162 167 6
    115 50 72 218 53 125 21 75 40 96 249 57 50 162 148 102 231 155 13 15
    106 207 36 99 88 1 85 229 200 74 163 201 193 101 231 11 46 186 106
    185 236 44 8 241 147 82 146 245 133 172 142 209 52 186 39 151 88 124
    145 66 20 205 0 73 204 42 208 65 20 106 173 129 238 213 137 219 231
    127 111 148 31 55 142 1 252 232 112 55 216 181 8 76 96 190 148 140
    120 211 201 38 27 146 132 99 151 69 240 105 144 46 246 214 39 128
    202 245 96 205 132 11 211 45 149 71 87 228 164 54 50 206 145 165 224
    168 186 61 112 119 71 200 202 22 103 150 170 212 195 203 70 40 147
    72 199 206 36 61 21 144 192 144 217 139 179 39 114 196 221 42 122
    134 47 94 59 226 115 128 182 3 222 4 124 152 117 194 245 48 204 189
    117 186 197 129 173 85 172 123 65 238 71 165 203 3 223 87 98 66 105
    228 97 75 28 60 94 251 158 172 234 118 215 95 143 228 97 172 227 176
    87 187 16 54 219 81 11 163 19 124 107 64 231 135 246 163 152 183 128
    54 178 96 110 245 146 205 92 182 125 48 13 248 107 74 222 129 93 123
    85 242 172 72 222 119 4 43 28 18 163 62 245 131 250 64 122 98 217
    120 99 205 155 116 132 210 16 183 148 19 161 199 174 159 206 249 162
    255 57 71 131 167 59 1 152 6 107 132 95 34 85 112 170 140 103 77 89
    134 53 204 44 37 2 64 11 226 79 224 187 2 80 46 185 89 184 109 123 6
    86 13 138 147 136 244 255 196 72 106 26 42 232 186 226 130 208 8 15
    179 159 213 26 249 184 187 108 99 28 42 175 82 44 109 110 213 155
    113 138 216 143 51 116 235 124 12 167 44 123 79 49 111 73 142 59 76
    0 23 36 42 253 119 58 141 89 236 207 232 189 66 96 107 149 196 215
    209 180 35 62 196 192 252 4 167 77 233 124 101 180 19 3 233 11 132
    115 230 107 22 61 181 174 56 220 191 170 142 23 219 248 40 250 48
    116 147 26 209 187 22 26 75 150 185 153 144 91 32 132 93 29 46 74
    106 44 43 141 162 196 225 27 152 27 159 66 198 121 84 71 101 245 184
    124 76 36 38 231 118 222 44 207 149 129 248 96 134 114 99 232 112 11
    47 230 178 163 44 97 170 204 16 167 205 10 223 113 11 87 88 150 214
    235 61 139 150 198 19 78 111 58 130 104 202 178 182 166 250 34 85 63
    109 80 10 211 152 115 190 219 8 139 50 187 45 111 204 167 78 15 149
    70 250 90 167 93 149 28 176 56 95 13 107 13 172 231 179 117 53 152
    245 219 79 222 162 208 18 158 18 53 221 146 154 102 225 96 175 56
    204 241 46 60 233 68 131 217 45 45 122 42 248 48 62 113 244 177 150
    239 21 153 144 59 253 104 89 43 208 196 29 109 155 121 127 223 65
    140 246 133 46 114 152 232 43 67 86 53 203 134 122 130 221 138 151
    130 119 171 102 75 232 202 135 99 198 198 251 94 57 135 242 46 127
    192 230 122 206 52 60 158 220 178 165 124 200 145 57 176 21 108 183
    62 100 191 4 254 3 94 160 248 247 83 175 187 96 183 51 5 218 155 143
    10 231 199 146 130 110 224 32 225 150 212 195 203 118 231 21 44 148
    214 255 60 117 192 37 171 0 182 216 56 242 14 208 118 23 47 150 110
    139 181 243 183 202 183 43 47 231 239 223 92 20 188 28 58 58 4 215
    100 5 210 168 137 55 103 212 146 104 238 60 20 33 167 141 84 18 84
    233 65 46 104 12 65 41 55 2 202 190 34 150 73 142 255 242 79 159 143
    159 211 130 76 110 166 89 60 26 185 32 214 167 19 200 252 187 17 40
    173 96 108 145 188 199 12 33 238 128 6 16 185 163 187 142 237 52 182
    181 66 214 81 184 253 101 129 51 229 189 126 241 132 21 176 55 188
    118 221 90 17 182 213 191 87 186 13 194 149 116 8 193 202 133 66 148
    151 84 60 220 60 218 255 151 87 180 184 139 149 46 195 31 9 248 203
    14 205 29 231 85 54 179 89 183 22 12 102 151 122 70 223 91 41 71 208
    9 94 174 213 129 169 92 109 183 85 32 153 120 246 126 70 236 69 75
    86 129 114 107 148 175 165 231 210 159 252 28 176 81 252 120 22 41
    222 3 229 128 77 242 234 196 250 3 210 66 127 50 56 189 89 21 198
    213 109 139 98 36 100 108 228 62 78 97 187 122 152 210 33 1 204 235
    46 170 190 37 82 115 60 139 151 68 189 198 91 28 25 165 119 220 15
    12 44 214 66 196 221 187 245 227 124 37 244 0 129 234 154 170 206
    204 104 65 89 251 109 177 250 244 211 200 247 185 152 245 211 215
    105 118 255 202 174 1 231 101 233 24 88 15 1 25 59 231 201 129 26 17
    19 78 235 115 157 79 165 53 133 122 74 38 194 165 10 127 105 33 100
    244 114 174 221 176 2 106 42 238 13 118 167 102 200 178 88 81 26 249
    93 157 130 218 72 73 103 207 240 87 252 167 6 169 12 19 132 249 59
    175 98 198 202 99 25 35 175 188 171 47 86 85 199 95 218 195 45 82 75
    198 13 168 183 110 94 168 166 12 129 66 30 220 13 17 234 174 137 130
    99 249 36 36 179 186 213 123 171 72 166 250 12 174 195 26 194 150
    246 31 179 26 161 191 22 16 170 226 129 167 26 158 42 77 93 136 163
    57 35 175 214 111 3 18 159 157 225 135 94 111 93 114 117 233 157 149
    178 50 37 36 220 214 242 70 216 116 196 209 202 233 208 112 149 129
    178 54 93 0 39 212 65 115 151 194 144 243 53 78 213 25 111 24 207 2
    151 234 231 214 158 224 169 26 165 193 199 227 42 139 38 191 131 151
    138 43 95 63 155 54 113 65 44 246 34 44 204 130 218 178 32 204 30
    120 237 80 116 131 14 100 165 20 109 141 18 115 224 2 67 37 215 51
    113 131 23 80 131 23 212 59 57 48 72 90 88 52 131 193 216 92 146 197
    76 45 110 38 94 222 28 161 137 73 133 99 52 182 151 219 146 253 176
    214 128 181 216 128 67 53 88 81 160 212 121 202 6 198 61 168 135 54
    208 197 102 214 150 21 148 129 186 127 244 195 192 117 95 81 55 58
    137 208 49 43 81 33 194 53 39 148 73 1 95 62 229 242 214 197 179 134
    42 181 187 179 166 211 89 100 183 206 127 60 29 182 71 82 63 31 8 22
    93 109 177 8 109 143 121 11 59 202 119 97 154 81 136 25 29 236 75 90
    156 209 43 47 114 108 185 214 139 115 250 101 48 16 229 189 229 17
    233 222 118 46 134 206 138 109 104 140 82 197 171 75 87 89 90 233 25
    70 222 155 9 182 58 102 67 131 13 206 246 57 233 222 207 129 224 65
    223 64 18 183 51 147 143 116 39 124 156 102 141 225 192 76 253 86
    246 19 140 24 244 213 21 175 214 126 113 103 188 55 238 30 43 113
    111 144 67 123 177 92 141 114 38 11 117 227 98 112 81 35 110 254 83
    84 224 29 254 21 134 10 97 205 56 218 41 9 184 10 247 69 111 99 246
    48 149 116 61 118 185 252 161 154 8 58 63 139 211 146 212 129 228 15
    10 88 175 222 139 155 196 235 4 213 250 4 112 181 201 98 100 160 111
    8 136 205 202 55 109 217 13 248 219 236 140 91 143 199 137 117 36 73
    134 220 27 91 94 221 69 177 104 140 209 211 73 71 251 72 99 118 192
    22 0 104 111 162 218 36 162 27 134 227 191 167 135 160 65 171 206
    231 136 253 246 178 193 43 162 54 165 152 18 162 86 188 87 35 131
    194 150 149 213 0 159 13 186 125 2 35 121 63 179 130 174 90 70 101
    246 214 96 137 243 194 168 105 183 106 0 75 106 150 199 8 164 215
    199 131 162 94 18 104 100 146 248 228 93 244 217 93 52 2 240 12 181
    147 8 152 70 122 139 255 192 204 99 102 36 164 34 243 238 93 250 140
    229 119 114 237 24 177 230 108 30 226 168 50 163 225 6 105 148 255
    195 99 177 227 194 92 86 235 247 222 200 55 207 41 17 231 25 23 224
    177 24 105 232 98 71 132 29 135 11 67 177 102 28 236 148 58 101 51
    153 127 253 214 133 241 188 62 93 173 253 156 96 79 173 58 220 216
    83 113 215 248 45 145 245 38 213 101 29 192 119 227 185 108 219 243
    206 30 185 55 183 208 79 213 27 14 231 13 106 33 250 84 12 147 66 3
    69 189 210 1 203 96 145 0 218 227 213 185 71 46 171 60 9 124 67 113
    200 45 166 254 101 141 63 168 181 158 244 192 199 107 160 44 95 235
    7 209 221 99 252 89 119 203 144 148 81 192 226 125 97 228 58 247 153
    68 144 20 92 29 143 161 130 147 134 21 62 174 245 187 196 123 28 96
    161 44 122 208 97 101 218 180 190 114 197 58 89 79 56 163 246 88 199
    30 123 146 1 30 244 6 211 25 110 149 19 209 244 51 170 44 255 32 136
    132 117 216 36 36 79 100 117 198 212 28 222 128 31 249 113 38 168
    204 98 103 210 228 160 129 198 117 181 108 38 34 16 181 74 188 154
    240 253 110 166 242 115 166 0 41 217 73 255 35 192 149 177 173 202
    82 1 115 220 100 54 185 157 198 202 166 225 6 248 154 160 4 118 67
    232 179 12 0 176 199 148 49 78 46 101 29 74 97 34 108 5 183 174 66
    189 41 177 118 122 124 60 196 183 14 159 83 138 135 59 108 36 116
    202 155 59 237 162 62 233 200 178 148 63 76 194 88 158 91 198 246 48
    226 33 75 234 168 232 34 171 132 218 224 19 88 198 185 7 39 135 228
    71 96 62 72 65 187 191 72 28 196 244 79 211 61 214 112 100 237 188
    46 45 110 54 156 78 77 33 9 156 151 223 105 182 197 155 18 247 236
    255 85 183 73 119 255 245 222 152 219 43 69 55 224 63 204 111 164
    208 102 72 205 30 121 59 113 2 77 156 17 219 110 46 115 111 204 167
    245 182 105 159 195 124 228 28 140 42 191 179 189 77 100 39 47 211
    203 59 18 89 101 207 148 179 209 224 62 200 44 59 249 156 116 210
    160 117 235 99 111 140 36 180 227 64 242 163 153 84 27 165 225 191
    106 173 88 221 217 222 174 7 238 85 14 211 48 180 207 134 76 191 69
    59 204 116 34 128 98 178 49 236 6 249 75 196 166 172 201 9 94 36 217
    106 88 145 43 50 113 133 45 59 89 138 215 105 216 146 53 250 115 71
    172 71 187 29 75 92 166 30 244 101 122 3 189 23 250 12 158 115 213
    43 188 27 132 210 213 107 168 109 36 176 214 23 190 28 179 151 29
    123 252 106 190 25 183 200 54 144 156 115 194 151 207 159 138 63 166
    62 82 134 255 170 232 133 219 57 57 212 69 129 91 82 238 183 87 16
    233 66 253 178 49 190 244 45 78 11 189 100 78 20 132 143 126 9 229
    159 158 149 203 194 151 106 191 211 77 3 193 139 75 197 25 79 178 75
    72 203 6 88 155 67 0 33 182 245 168 132 111 104 105 109 69 136 118
    197 34 54 104 88 231 251 218 194 80 4 140 103 110 126 199 125 254
    193 42 33 40 53 43 28 217 45 64 196 128 138 244 23 34 173 235 84 243
    189 193 23 17 187 44 83 140 115 79 36 224 148 229 132 73 102 224 191
    252 137 40 171 99 189 6 44 188 85 215 124 129 123 134 138 98 58 210
    64 41 194 60 169 249 37 104 218 62 138 36 3 86 89 240 41 126 236 37
    229 214 47 157 9 114 26 131 29 51 198 185 213 74 199 18 124 76 74 68
    166 167 52 107 72 161 246 224 167 178 174 2 126 47 41 67 6 124 149
    79 92 177 103 129 81 6 116 58 144 16 101 170 233 52 121 137 240 68
    197 160 165 246 188 141 249 90 69 195 0 0 157 151 190 137 125 96 183
    125 243 217 207 47 187 66 29 196 23 30 85 188 157 249 203 179 23 142
    195 35 120 144 153 243 76 89 20 215 244 245 64 203 65 239 67 199 109
    189 69 172 216 179 8 170 193 197 25 43 176 228 220 237 119 162 44
    168 146 64 132 254 35 221 37 13 239 79 107 114 248 123 171 160 50 90
    45 158 109 87 207 196 253 170 30 148 190 28 111 144 235 251 216 78
    63 31 202 48 105 79 241 22 253 151 73 169 18 58 41 168 139 112 168
    225 227 185 96 241 165 24 90 87 182 61 185 19 244 179 152 60 136 185
    186 39 170 198 69 102 178 58 234 180 37 12 212 234 240 124 133 177
    44 66 79 177 72 223 168 40 5 64 154 67 202 24 113 11 6 65 69 58 130
    65 108 234 167 89 15 77 81 0 177 173 155 73 178 18 30 75 1 155 150
    225 156 44 234 115 151 211 139 11 151 55 218 80 193 225 96 141 95
    223 252 209 242 82 188 135 80 202 157 198 86 227 182 148 5 45 211
    139 248 175 25 157 93 250 172 39 52 135 206 190 125 201 159 30 129
    135 243 99 103 142 91 131 228 15 235 189 53 3 209 154 201 92 157 186
    74 43 159 72 179 245 33 112 50 255 208 168 182 247 228 20 19 83 59
    70 37 148 97 157 177 244 79 115 84 129 236 180 157 139 190 42 158 20
    132 126 218 20 119 81 240 101 12 8 102 83 247 0 231 180 209 12 14 60
    239 230 92 22 114 237 252 99 175 229 113 172 201 109 76 55 26 14 33
    27 147 86 196 181 8 248 161 215 209 253 121 137 186 9 117 75 92 135
    107 79 3 238 91 104 111 74 99 104 232 186 45 184 253 13 99 5 117 74
    36 192 149 114 58 58 55 212 149 37 16 153 235 34 159 158 199 200 250
    144 33 61 59 112 153 254 169 218 49 74 149 148 252 171 159 23 241
    149 216 174 117 150 169 11 197 59 39 18 179 177 111 122 146 170 188
    46 180 164 253 169 200 98 56 208 141 2 119 164 162 206 63 117 183
    187 192 170 99 242 218 31 53 190 59 30 23 235 210 142 143 112 33 101
    125 99 134 167 71 169 141 121 9 189 235 154 58 50 102 234 87 31 235
    207 227 232 3 238 135 35 179 208 237 80 196 218 128 7 171 195 88 36
    57 117 126 149 175 156 139 242 89 81 20 31 117 230 90 58 103 160 154
    155 57 155 1 90 222 109 2 37 67 252 126 211 247 71 228 126 25 183
    159 7 247 98 63 210 71 255 236 99 149 228 84 244 26 226 71 89 223
    159 147 10 251 57 12 55 26 246 236 87 125 36 53 8 160 23 54 71 218
    79 149 139 67 117 106 77 184 178 89 124 239 111 248 17 167 123 100
    83 13 137 68 101 73 95 190 24 170 107 115 35 95 127 249 75 33 78 194
    246 120 83 153 67 168 255 21 169 79 58 159 8 149 1 45 111 212 17 102
    131 230 206 220 201 53 113 168 128 240 206 38 34 70 238 93 65 248
    109 40 117 235 97 134 197 252 224 142 225 48 85 37 78 65 39 241 206
    124 47 96 68 71 170 79 118 230 55 189 95 81 153 86 238 235 82 114 92
    57 6 124 201 116 237 236 238 7 44 3 136 12 28 144 15 134 124 82 97
    228 36 114 55 125 158 53 161 41 214 233 86 179 20 95 219 161 20 13
    43 156 126 214 157 244 154 122 143 8 73 209 31 27 63 133 113 158 135
    27 197 3 151 124 54 135 136 36 32 79 186 72 248 197 45 128 83 34 231
    243 224 132 6 64 62 30 72 165 133 83 219 23 47 124 223 197 243 103
    116 86 88 135 109 33 60 126 28 140 88 132 28 207 241 126 209 119 196
    16 108 48 139 17 33 35 0 30 61 81 185 231 13 83 194 234 117 44 157
    58 172 92 198 62 37 233 192 208 82 31 173 54 76 129 124 5 18 177 150
    3 185 217 28 115 60 235 84 119 229 215 173 243 228 205 90 44 28 246
    147 80 15 100 219 57 151 255 23 144 52 61 11 79 73 109 162 106 125
    245 56 228 250 174 83 218 228 51 197 0 122 83 152 195 221 171 0 72
    168 44 140 51 20 49 233 59 123 53 255 42 234 100 4 235 99 80 122 144
    161 223 32 134 41 67 125 128 57 137 5 55 211 144 232 195 211 61 95
    216 144 209 135 165 170 182 154 225 30 112 9 233 123 184 225 66 230
    157 104 87 32 87 155 203 198 196 101 204 34 40 61 89 19 234 123 185
    50 213 146 131 247 161 90 135 56 171 140 249 194 168 190 11 156 173
    113 154 11 184 91 227 86 207 58 226 46 129 29 199 166 210 206 101
    236 78 122 93 146 234 25 98 108 65 77 95 202 183 6 178 38 188 118
    212 14 162 98 1 60 96 255 113 37 219 76 6 159 125 102 44 220 104 210
    86 176 116 247 219 211 243 75 213 71 79 125 242 48 242 220 7 84 117
    63 197 81 14 38 134 192 50 59 178 162 80 70 218 44 82 142 84 90 246
    228 87 217 60 91 28 123 221 186 234 44 160 183 51 19 107 144 246 27
    57 224 110 182 160 149 47 130 84 77 1 0 79 214 222 102 82 47 7 119
    115 231 131 230 38 242 97 212 87 3 91 115 64 63 53 156 195 243 38
    178 109 49 65 130 233 237 61 187 107 206 18 6 86 204 118 172 78 246
    182 76 244 146 213 148 216 86 156 60 240 172 44 3 110 7 118 176 13
    229 161 240 4 2 56 163 252 10 76 81 186 141 130 7 19 67 132 39 19 77
    16 162 142 69 112 40 236 140 98 74 224 139 163 121 76 250 188 179
    199 184 213 200 74 192 18 110 48 230 14 82 91 249 38 136 246 174 235
    56 112 111 111 64 228 19 53 192 54 219 91 12 205 116 9 254 193 226
    248 246 75 142 64 161 101 210 127 223 16 190 148 100 94 199 250 145
    80 35 144 48 116 103 136 97 0 143 249 147 133 224 160 217 99 154 85
    95 40 13 115 141 19 132 223 93 134 252 165 140 129 117 37 255 238 25
    10 223 14 132 105 135 113 149 235 255 178 72 29 220 181 67 59 56 220
    130 125 244 134 134 45 161 122 51 221 190 165 51 222 118 151 95 87
    217 153 209 206 136 42 208 139 242 131 154 246 249 4 50 211 250 59
    74 248 153 197 106 39 104 71 2 158 3 52 133 134 251 133 71 18 4 166
    210 2 160 216 35 95 2 26 73 230 143 18 170 246 220 220 82 96 219 137
    251 55 44 51 112 232 211 141 73 230 89 98 11 161 16 137 177 252 1
    114 11 94 69 101 210 20 87 3 143 76 86 192 122 122 104 69 148 48 251
    43 255 135 83 115 218 39 66 121 111 86 122 192 34 106 27 23 162 119
    33 74 213 153 216 77 33 40 65 73 188 111 172 50 152 83 63 144 56 164
    88 35 143 34 161 222 41 70 32 46 221 209 94 28 100 89 250 176 133 11
    120 181 222 58 126 220 148 96 77 170 45 227 155 141 63 103 41 246
    175 121 94 154 71 125 133 249 160 24 212 144 255 239 37 175 11 81
    125 39 6 138 201 68 221 227 4 142 141 163 102 222 101 209 172 194
    175 188 63 167 136 170 77 226 125 105 162 57 192 187 89 248 245 48
    64 211 157 20 144 104 22 3 23 197 189 24 231 16 73 38 58 245 58 201
    110 69 137 87 56 49 107 234 24 60 227 77 176 131 87 216 37 160 47
    127 64 233 175 117 145 125 40 130 114 136 242 142 106 222 130 226 79
    7 212 107 99 179 51 101 216 100 81 104 24 157 120 0 5 25 135 247 62
    223 163 234 170 220 5 122 3 54 239 233 137 41 76 78 12 67 154 86 190
    109 213 117 215 165 131 137 210 142 115 210 117 95 198 3 201 7 137
    126 155 36 125 149 69 115 228 224 201 110 113 232 190 13 210 199 150
    116 174 92 44 135 149 216 115 63 209 134 7 111 9 7 101 34 195 137
    140 72 154 45 27 31 32 114 242 104 38 221 164 15 79 48 21 0 243 5 31
    173 137 192 100 161 185 107 252 5 251 80 141 48 153 62 105 167 252
    136 13 12 39 54 220 44 57 75 212 16 60 107 233 167 248 55 172 103
    249 202 58 79 112 186 153 100 32 43 127 15 157 228 18 199 51 173 207
    126 32 21 176 12 53 201 228 68 199 19 24 19 166 108 94 247 244 125
    18 205 184 0 91 120 24 224 249 24 152 254 9 118 47 250 120 121 153
    219 129 19 28 5 113 179 85 168 50 44 129 93 0 196 173 142 199 241 65
    92 156 16 104 237 60 180 87 20 228 214 27 23 247 144 6 129 157 223
    130 159 25 194 87 116 133 135 82 18 214 140 46 68 11 191 182 180 178
    177 215 168 233 142 48 220 165 114 59 232 6 217 200 243 197 227 114
    75 174 3 116 50 234 105 240 150 198 130 220 207 229 243 71 246 80 44
    13 25 99 90 41 105 187 199 57 88 186 55 126 127 27 237 206 6 109 139
    13 71 131 190 223 241 1 209 141 8 60 49 41 127 7 161 181 43 77 99
    102 214 156 110 188 42 111 236 110 178 101 73 134 190 81 144 131 244
    5 58 163 34 250 49 39 134 139 85 248 3 100 72 20 104 109 14 63 157
    164 34 203 16 188 203 44 53 100 155 22 186 222 77 38 84 195 222 177
    7 9 14 175 33 231 62 241 54 187 182 66 212 221 195 145 108 48 77 168
    181 126 171 132 22 101 114 170 35 113 160 150 99 250 234 82 58 202
    111 52 188 126 64 140 12 239 164 238 95 47 216 22 52 117 143 22 247
    197 224 169 56 208 255 164 0 154 7 218 99 236 39 191 240 164 77 233
    39 67 63 244 172 176 70 50 214 45 67 84 92 122 196 13 33 77 88 19
    129 133 191 231 248 110 157 3 207 40 211 117 187 13 122 217 98 150
    90 173 77 220 179 146 13 16 70 192 241 55 103 180 151 221 108 237 73
    182 11 223 41 154 38 184 93 115 129 159 184 118 33 121 131 177 44
    190 57 1 24 195 195 121 218 36 48 186 203 137 219 155 130 160 94 66
    228 207 229 54 93 101 215 77 210 37 188 149 133 160 35 166 16 12 102
    46 44 79 178 95 120 116 103 250 73 99 105 16 4 85 76 127 160 6 194
    89 164 153 245 166 76 156 104 134 215 194 34 109 142 96 244 113 19
    98 169 177 129 34 185 106 119 80 154 229 236 239 235 33 249 250 185
    26 87 15 126 19 163 7 47 171 202 71 206 187 22 222 135 28 212 132
    185 85 231 219 115 67 133 222 138 169 213 16 158 47 167 137 130 29
    39 224 154 120 106 154 242 168 15 236 58 144 61 224 28 175 93 36 184
    212 183 183 243 57 253 0 225 207 65 84 161 176 74 223 118 199 140 92
    124 17 52 77 134 238 14 238 218 177 170 224 91 169 241 164 198 203
    48 149 21 123 98 72 244 35 73 28 2 23 0 227 217 135 210 155 155 132
    73 3 193 167 102 240 93 57 145 90 105 45 221 209 115 125 221 247 26
    154 249 104 242 3 26 173 199 136 228 160 247 92 167 194 163 97 75 24
    236 45 147 197 193 25 37 167 174 36 127 238 138 12 14 181 123 20 162
    46 117 206 23 98 87 223 200 93 54 184 191 245 47 229 245 189 139 180
    27 96 117 13 81 70 121 104 92 28 234 205 249 9 16 20 122 118 112 112
    35 80 176 77 81 116 134 69 62 232 128 25 23 132 134 83 121 63 186 42
    27 68 152 217 232 27 93 118 177 49 135 18 168 229 213 38 36 127 122
    146 140 183 120 103 115 63 49 19 11 132 25 53 113 223 96 42 39 75
    126 198 55 91 176 7 211 83 46 251 251 158 155 202 149 89 231 83 132
    11 210 230 85 100 129 69 119 108 154 169 148 208 169 148 121 249 46
    211 23 219 63 151 214 63 171 153 213 143 181 210 193 239 37 196 19
    16 6 26 58 75 86 119 102 175 248 212 67 113 94 235 32 251 127 77 70
    244 58 54 126 200 37 35 13 25 155 151 161 79 7 203 96 41 183 229 60
    24 169 193 95 119 128 234 185 41 91 251 52 176 159 114 33 139 235
    235 161 70 71 242 78 158 126 69 190 98 77 30 212 51 91 188 180 122
    41 223 141 100 5 11 236 228 50 179 56 41 72 175 206 240 79 211 140
    96 234 167 44 173 219 97 228 104 53 167 150 79 167 62 78 66 95 174
    143 89 80 196 184 65 14 249 171 43 159 104 53 80 179 252 5 187 132
    177 201 132 201 22 95 116 212 227 193 37 199 208 178 86 206 74 79
    215 216 71 203 95 183 118 171 25 214 13 137 43 126 194 66 132 229
    223 11 19 245 185 168 199 194 58 68 58 125 53 190 208 35 244 96 48
    192 5 60 41 150 96 187 107 39 35 146 232 225 166 94 112 200 175 33
    233 62 186 122 145 49 156 37 236 210 246 0 58 33 194 41 182 19 164
    18 58 142 80 128 243 140 127 108 189 73 184 36 75 102 112 90 236 158
    3 248 246 192 96 42 104 150 113 207 51 81 74 244 231 75 4 117 124
    199 66 158 180 225 189 170 241 77 119 158 217 119 174 159 166 105 59
    5 77 224 223 152 0 100 130 92 135 163 2 58 7 209 69 169 200 202 137
    13 250 207 42 28 92 164 192 19 129 114 10 243 79 223 150 193 155 146
    95 80 105 194 76 17 190 175 245 57 87 252 23 167 136 220 34 103 80
    209 37 42 63 108 31 172 216 169 118 180 159 57 98 163 196 96 63 67
    220 47 145 113 243 254 135 189 133 179 213 146 248 30 75 30 255 126
    84 169 43 217 138 176 2 229 48 85 238 240 40 51 36 233 243 1 173 91
    40 216 100 65 127 54 70 216 122 32 124 74 130 4 40 233 231 35 135
    233 112 59 27 226 194 95 17 96 86 33 182 212 145 45 84 159 18 246
    220 67 52 146 185 178 11 174 100 91 224 19 66 171 125 144 4 123 167
    102 227 222 54 121 248 39 191 25 2 163 127 121 205 178 123 65 86 254
    62 115 89 61 123 3 244 95 50 140 163 91 127 245 244 32 122 212 159
    207 159 241 100 133 180 43 217 134 141 34 9 227 117 166 46 2 32 208
    37 75 213 60 244 200 81 252 90 230 241 138 238 129 219 7 162 207 89
    171 24 153 2 125 121 177 95 118 10 50 95 255 169 213 81 61 77 39 13
    79 219 197 31 172 114 188 78 40 137 216 234 124 225 177 182 219 173
    101 110 115 10 67 68 166 183 3 253 131 55 54 150 211 19 45 92 122 22
    4 227 185 140 66 132 213 53 176 156 49 177 95 91 12 95 67 62 6 174
    242 216 250 204 161 50 1 128 125 0 5 171 191 54 70 80 84 49 194 112
    167 78 45 82 185 178 160 75 93 195 155 156 147 255 219 207 235 128
    120 23 83 129 245 175 222 178 201 34 114 61 80 27 212 126 175 201 30
    111 143 111 64 228 136 255 154 61 140 131 174 216 254 175 225 46 34
    208 128 77 128 133 89 45 80 177 199 137 7 209 8 234 125 112 130 75
    23 57 78 14 48 47 4 109 247 185 24 11 145 212 97 116 50 20 120 51
    250 182 169 75 203 229 210 255 57 160 110 11 182 243 98 216 249 230
    252 12 227 192 79 48 227 136 42 39 11 91 79 193 168 182 254 114 19
    216 98 109 221 3 156 131 153 116 12 239 7 115 218 144 198 116 140 33
    248 158 214 185 91 125 108 193 68 4 82 56 160 116 39 147 91 212 161
    235 44 37 137 194 108 149 14 77 62 161 147 200 147 123 26 246 223 90
    128 110 39 97 175 71 229 148 44 187 244 5 49 79 40 32 197 153 8 211
    197 51 119 96 107 202 204 63 253 165 39 134 14 131 222 193 1 41 233
    241 194 140 53 105 69 75 218 79 240 140 163 77 232 143 99 196 225 0
    236 161 173 31 95 133 85 220 142 255 3 167 9 77 151 91 133 183 223
    101 126 218 65 217 44 54 221 43 164 184 24 10 76 203 67 111 212 199
    194 65 244 3 244 221 125 125 224 161 161 150 74 244 186 179 194 9 14
    178 198 4 90 103 135 113 192 130 9 112 221 163 70 169 251 209 40 198
    107 157 183 255 78 35 138 36 170 188 55 17 250 250 103 123 233 189
    86 12 145 207 214 242 194 68 79 39 120 239 233 247 3 73 101 123 149
    5 86 205 55 131 216 120 42 146 218 204 202 158 149 164 135 200 156
    212 152 188 126 176 9 173 118 95 134 183 234 151 0 152 176 10 83 239
    254 176 22 43 77 216 234 251 185 224 141 165 5 52 67 207 220 102 131
    91 182 132 9 157 127 133 57 34 159 110 104 15 239 1 45 95 41 124 67
    48 95 223 8 158 69 202 232 201 104 79 139 33 106 212 137 61 84 141
    36 203 200 195 109 117 79 179 53 188 49 247 192 56 166 58 179 218
    101 121 145 80 122 148 143 243 86 219 45 18 194 57 246 167 97 52 83
    0 81 173 64 175 130 199 204 250 177 29 23 176 156 22 38 139 172 52
    97 133 212 236 109 234 212 109 100 212 116 207 229 108 208 215 181
    91 200 117 89 237 28 208 49 243 8 100 122 0 68 121 67 163 222 183
    186 48 234 210 89 10 17 174 233 234 24 244 169 227 243 91 189 211
    220 147 134 101 48 185 231 82 131 78 238 78 158 188 77 200 105 223
    102 170 114 60 126 229 31 76 154 189 158 19 163 181 61 74 179 196
    202 113 220 17 8 244 17 98 181 154 92 165 213 182 22 15 245 42 93 86
    30 42 45 96 32 227 46 250 95 208 205 41 17 63 155 123 89 197 44 3
    153 32 213 176 103 153 169 148 118 19 198 152 120 128 118 59 100 35
    253 151 135 147 216 163 167 212 30 209 32 68 108 211 191 174 60 175
    229 235 248 37 246 242 59 78 21 43 169 124 53 64 77 136 170 192 198
    208 149 218 71 162 37 101 117 13 170 12 44 70 185 75 129 161 123 140
    232 109 118 76 75 144 115 29 33 77 235 75 232 4 179 5 15 168 154 178
    153 51 64 178 240 58 79 98 31 114 205 40 215 138 30 136 76 178 92
    187 165 165 69 47 120 120 18 25 150 73 174 50 207 251 125 229 222 70
    99 96 102 125 117 135 92 98 167 195 100 199 146 55 20 15 46 158 144
    70 113 73 195 58 138 35 68 160 84 125 89 68 123 18 12 26 175 231 42
    166 201 222 152 186 35 36 186 148 0 62 206 76 91 146 65 148 22 185 8
    157 34 248 24 238 135 44 148 141 233 22 30 121 122 153 170 66 57 80
    125 254 174 243 151 157 206 55 198 105 122 17 215 173 135 19 193 217
    98 92 228 106 129 119 236 251 22 63 218 17 73 109 161 227 149 88 216
    255 122 211 28 170 205 95 7 254 200 16 191 150 182 10 130 158 181 56
    49 0 198 111 26 241 219 170 43 246 157 172 121 158 162 182 219 192
    131 170 234 211 1 98 45 114 245 4 107 230 218 44 28 98 204 200 136
    211 79 82 86 146 27 167 197 175 166 211 228 34 3 118 22 107 247 21
    23 243 237 166 6 132 67 186 221 82 11 82 53 58 127 198 223 13 21 239
    51 46 141 173 27 31 198 14 179 101 181 169 153 200 202 68 203 192
    183 85 199 131 102 197 236 86 15 228 121 217 182 154 240 157 44 91
    232 108 233 196 81 197 189 219 74 235 153 190 193 14 77 100 24 132
    10 10 0 237 169 152 112 238 6 10 217 10 21 212 12 138 36 89 52 238
    108 3 63 226 156 151 90 147 114 80 244 20 161 121 153 23 116 225 248
    64 66 48 87 187 94 153 80 24 91 49 66 162 95 56 165 84 150 61 250
    183 224 109 150 191 43 228 229 100 67 181 149 96 68 174 70 144 118
    12 140 24 164 80 60 11 113 82 180 147 185 33 161 77 156 30 24 108
    115 215 114 128 230 4 237 67 168 49 80 209 234 86 140 106 245 102
    167 77 135 26 248 218 64 164 121 26 248 187 91 83 252 164 250 86 195
    103 113 94 199 207 227 80 189 81 206 135 6 1 159 155 187 219 198 37
    162 119 171 50 191 81 118 207 39 182 95 51 24 48 245 105 212 153 230
    60 52 193 106 48 93 33 189 83 205 172 32 230 68 251 192 15 33 191
    153 211 74 20 81 201 190 190 106 179 234 81 233 13 155 134 92 76 54
    172 77 25 210 38 248 1 240 60 236 32 208 19 196 37 8 56 111 205 94
    149 154 183 204 203 37 141 190 16 137 154 194 177 117 194 80 3 240
    96 134 59 234 167 3 169 37 248 98 64 102 100 212 86 164 47 169 74
    135 137 151 69 242 246 185 58 230 67 205 174 178 74 211 243 222 226
    115 183 92 198 85 204 221 3 153 201 244 77 1 222 236 141 188 127 242
    10 156 76 195 77 192 243 66 149 220 56 137 0 243 29 59 197 141 53 54
    88 95 185 200 237 14 86 114 229 131 26 198 209 99 69 186 26 118 217
    228 218 2 50 254 250 190 159 6 46 135 29 47 175 118 44 29 73 149 99
    64 14 92 224 151 149 108 63 40 248 208 105 189 14 122 1 38 78 151 97
    95 91 234 95 104 12 129 67 92 124 113 181 124 42 160 245 112 122 38
    205 249 18 154 116 45 27 146 205 42 152 92 65 116 160 36 70 4 3 105
    3 191 131 69 160 139 149 249 155 43 159 52 173 80 64 113 136 71 80
    241 27 188 22 65 119 79 72 178 167 67 245 2 70 107 185 17 199 151
    210 158 46 230 20 216 25 30 42 85 180 151 249 14 129 108 76 35 56
    160 54 169 195 176 26 140 188 33 122 215 90 145 241 154 157 38 191
    62 86 155 73 142 21 10 245 204 118 13 158 33 249 73 43 214 171 158
    44 168 217 74 222 86 59 181 28 162 32 192 246 132 153 212 3 131 67
    111 244 163 51 104 28 183 92 47 242 206 94 73 251 54 55 19 0 58 86
    17 73 131 110 94 247 46 221 132 143 203 40 236 234 107 88 33 190 179
    199 162 160 105 103 2 127 196 28 178 170 144 178 122 251 92 121 207
    92 16 115 138 205 40 167 215 188 158 3 58 112 60 234 171 124 139 87
    228 139 226 149 224 112 243 24 2 157 161 118 253 234 183 205 166 244
    91 136 250 219 138 175 39 30 63 101 182 62 243 58 6 12 185 127 167 7
    133 139 31 197 27 11 87 27 61 62 126 93 36 29 134 252 239 129 7 33
    68 243 59 168 40 64 46 159 16 181 153 71 190 122 82 230 90 231 224
    110 211 197 191 76 156 167 112 171 159 168 8 237 161 168 236 200 121
    237 238 187 15 21 201 40 37 158 238 199 28 98 34 1 94 83 13 94 158
    50 254 104 153 70 151 71 48 45 173 73 49 154 121 189 207 250 225 30
    176 144 127 145 104 71 50 61 233 156 67 181 83 24 1 203 3 110 166
    110 125 200 163 110 57 204 253 130 143 20 53 41 144 103 61 57 140 91
    216 31 13 96 208 72 194 66 93 199 19 134 207 126 126 75 245 92 240
    28 193 156 214 150 240 198 143 138 102 214 225 10 178 105 51 220 112
    112 61 249 155 8 250 127 134 130 238 232 157 211 222 192 99 182 13
    194 82 7 118 103 87 84 204 168 144 229 85 10 235 100 65 65 181 151
    111 94 44 110 217 196 174 206 128 222 48 189 170 172 224 211 104 172
    216 14 152 17 49 90 6 12 134 34 63 168 210 76 116 87 70 8 21 95 156
    182 13 7 18 97 191 0 182 200 72 100 136 206 249 197 117 0 88 99 24
    171 206 72 62 188 136 159 50 145 255 197 174 248 35 87 243 155 101
    211 247 124 148 170 131 45 232 235 182 133 82 193 154 240 123 147
    166 195 64 210 32 108 15 199 16 102 45 37 46 103 54 97 58 1 102 238
    55 64 0 158 171 159 142 65 20 187 157 67 236 112 0 77 109 56 85 217
    140 217 164 55 47 2 198 232 174 188 26 242 177 29 142 172 241 116 93
    100 233 42 131 246 55 43 98 3 94 16 33 242 1 238 8 89 180 170 110 99
    62 249 248 102 126 138 202 20 124 211 84 172 229 146 198 200 93 36 8
    72 123 119 246 195 231 244 243 204 60 47 29 36 236 32 235 56 34 196
    3 4 27 175 142 8 138 236 211 198 114 243 2 167 172 32 31 196 229 0
    34 255 33 79 54 236 58 247 63 163 172 47 112 9 31 196 115 186 167
    170 37 98 35 144 94 226 237 244 56 41 189 224 199 92 159 64 52 122 2
    158 33 68 209 210 105 242 221 126 41 0 176 245 35 73 13 230 226 185
    169 245 243 125 55 201 96 36 230 166 68 32 206 59 26 213 27 127 35
    223 227 149 213 175 16 71 141 26 107 105 114 83 16 239 80 52 48 6
    120 253 159 41 160 137 205 37 70 140 253 252 67 6 9 105 199 107 151
    255 178 234 107 62 130 250 161 85 38 15 186 206 39 104 132 228 246
    148 131 83 128 205 225 251 255 172 198 12 14 124 171 227 249 227 129
    89 47 178 73 233 71 33 38 85 199 233 13 237 86 28 126 70 247 137 236
    180 104 136 188 10 236 125 39 85 234 123 186 64 202 172 93 38 222
    140 245 45 245 153 231 160 62 4 114 65 208 88 98 93 157 144 214 72
    128 194 127 219 19 254 86 31 134 99 46 161 231 189 170 168 53 153 65
    190 79 166 105 124 65 180 96 229 200 84 32 40 249 33 179 141 87 224
    82 138 54 7 208 122 89 179 86 219 43 92 189 234 157 135 81 145 214
    147 229 143 5 127 184 165 148 237 24 120 89 71 249 204 58 23 177 163
    7 148 240 142 175 147 25 115 190 229 201 205 80 186 26 39 253 193 86
    254 20 254 150 119 116 174 182 237 24 143 29 177 220 179 233 182 3
    152 147 148 162 201 169 227 100 75 141 172 25 120 13 172 138 246 114
    91 157 165 162 10 164 50 183 130 252 152 105 84 142 68 15 103 101
    202 232 174 252 69 40 230 222 2 68 147 108 247 149 177 181 199 236 0
    95 12 59 196 206 212 93 148 122 196 241 193 105 125 82 44 248 188
    161 242 160 44 104 242 251 96 252 167 116 203 50 26 149 228 27 191
    141 62 143 242 190 79 206 148 28 107 222 51 176 184 76 22 113 150 7
    176 214 107 232 98 17 232 36 67 152 73 72 217 207 8 205 14 59 57 15
    100 6 88 153 23 34 72 137 19 120 92 130 161 232 216 83 205 52 120
    222 47 59 223 20 163 5 232 20 183 173 152 234 203 128 115 81 140 135
    196 22 45 127 136 46 62 101 170 148 55 175 48 219 172 254 91 90 61
    230 245 59 178 19 71 136 181 170 87 82 93 67 34 253 111 233 31 31
    245 233 77 126 155 129 254 25 189 193 175 247 160 165 129 131 2 240
    172 248 79 78 150 23 92 183 189 202 146 48 213 159 116 88 164 216
    226 106 42 196 198 108 176 32 156 123 232 211 136 41 249 217 64 231
    192 164 97 33 22 197 6 124 104 16 68 103 163 32 222 156 246 208 140
    91 148 82 247 92 73 139 203 81 174 72 238 65 119 144 141 123 52 211
    157 167 158 23 115 102 118 107 13 5 115 177 119 136 218 167 127 182
    171 154 225 129 78 6 174 186 166 31 97 50 164 61 233 213 117 100 41
    202 112 22 177 199 23 88 50 18 121 85 86 229 126 104 217 170 177 58
    77 101 190 168 242 97 122 247 185 163 216 44 249 197 73 250 255 255
    52 106 187 13 136 159 111 126 162 200 214 42 66 237 115 134 95 120
    16 146 25 9 244 60 38 37 216 195 239 165 68 108 72 202 148 226 87 14
    191 84 162 114 35 221 6 50 195 208 143 94 227 153 217 199 20 136 146
    23 186 85 17 53 70 17 118 38 148 173 250 108 115 234 162 111 127 117
    2 225 93 43 11 28 29 193 73 8 190 133 228 145 219 51 113 20 204 56
    216 11 249 213 111 194 138 12 225 195 107 87 38 49 126 79 149 168 15
    37 62 35 143 162 237 178 106 148 131 142 82 77 33 87 127 124 148 73
    197 207 176 75 79 93 22 150 40 57 204 74 134 135 119 72 205 121 150
    128 191 197 179 14 71 152 174 109 118 128 123 85 254 242 230 112 213
    134 100 232 59 83 248 231 145 254 194 156 38 5 177 134 187 156 69
    100 247 70 246 18 104 142 21 27 193 14 229 66 71 205 105 229 80 240
    219 109 199 159 173 218 52 119 19 52 37 28 182 25 221 40 154 101 169
    216 36 213 110 81 87 255 182 48 169 38 69 25 216 52 123 37 175 215
    232 117 217 188 234 102 86 14 241 239 227 179 236 210 231 190 89 220
    36 82 183 223 173 161 118 142 255 51 172 171 229 215 188 170 28 82
    178 82 197 64 45 43 30 240 124 72 194 130 253 118 251 28 129 19 230
    63 104 110 97 89 76 61 15 85 123 77 173 67 216 106 124 53 84 89 246
    0 25 191 180 221 130 5 12 207 116 123 149 222 237 151 231 10 193 130
    247 207 238 204 77 7 85 80 135 39 210 47 90 3 158 243 6 93 253 208
    157 89 150 197 116 104 211 204 201 131 205 149 79 101 20 65 73 177
    174 117 49 7 117 191 45 154 135 107 152 51 167 230 68 201 41 6 5 63
    222 173 215 102 66 29 104 131 224 17 90 236 141 184 251 245 109 131
    24 220 39 12 36 242 6 205 34 1 143 52 238 175 53 89 236 117 171 77
    96 248 226 82 59 41 220 109 215 211 112 12 6 231 197 242 8 186 156
    186 189 48 116 89 94 7 220 56 23 89 82 134 46 155 119 131 85 226 65
    166 242 33 129 131 63 231 242 126 0 14 241 84 233 74 239 118 217 149
    6 169 242 8 241 177 161 42 86 113 29 125 6 226 123 163 173 166 12 52
    116 231 14 40 64 11 28 220 226 139 10 93 200 135 145 232 234 230 162
    225 119 20 198 52 187 127 189 213 75 67 254 107 254 33 174 146 119
    156 45 232 45 36 208 12 98 125 87 94 14 155 114 92 10 150 94 2 146
    164 211 161 63 27 35 29 148 134 86 16 23 183 25 180 226 233 79 97 51
    10 213 225 225 161 46 126 119 162 201 159 195 200 89 245 113 38 21
    57 235 237 107 68 182 203 104 213 159 214 2 145 232 59 47 107 199
    182 185 126 230 100 217 239 199 44 0 144 207 177 225 102 56 210 40
    34 201 251 111 126 195 145 85 14 2 229 78 232 227 41 9 239 1 95 177
    249 89 41 182 153 195 175 35 202 248 205 104 112 241 146 203 159 58
    77 23 6 137 57 1 12 66 79 235 215 66 199 185 235 204 185 239 215 234
    124 1 98 171 18 89 166 249 144 209 144 22 111 214 57 231 184 46 98
    201 155 67 104 117 99 143 165 118 113 246 33 76 247 22 126 172 51 43
    107 184 0 69 182 86 146 45 163 141 243 72 3 158 151 248 124 86 130
    105 103 195 29 224 179 218 99 136 81 23 219 4 95 189 196 163 24 149
    1 34 42 63 111 128 159 169 21 102 119 175 29 160 203 34 75 149 41 68
    157 182 142 69 93 2 238 50 146 136 140 248 68 250 158 75 179 193 191
    214 209 133 199 231 20 253 56 109 48 76 199 214 83 202 249 31 48 64
    179 219 184 248 164 81 122 235 244 70 230 104 211 238 211 224 59 251
    72 81 205 155 139 59 204 48 250 142 75 201 150 50 22 164 214 5 139
    132 79 30 120 79 59 59 98 12 249 43 83 129 18 61 138 77 205 240 218
    113 48 205 80 67 20 222 185 77 124 90 87 50 203 202 74 111 143 131
    30 6 129 115 46 94 93 121 41 15 101 6 197 242 150 61 186 38 118 100
    108 236 22 145 173 85 82 184 144 97 158 68 50 230 23 35 254 191 204
    245 97 145 200 57 67 103 72 127 43 141 72 130 198 204 111 6 192 28
    159 47 225 69 211 125 56 172 211 246 141 53 170 155 237 202 104 156
    63 3 216 193 88 188 222 135 188 165 42 199 46 152 199 178 230 92 26
    240 177 50 236 236 73 107 56 115 191 230 103 86 219 15 7 207 22 92
    23 52 13 53 178 211 158 160 48 8 82 110 46 132 240 39 153 188 207 20
    171 108 110 238 142 197 153 126 60 164 143 126 140 238 167 131 226
    242 253 228 46 43 34 92 45 48 105 222 164 50 40 42 2 95 48 95 87 221
    0 231 42 184 88 120 165 120 7 229 63 68 65 211 199 249 137 47 174 63
    208 67 30 54 174 152 88 63 224 248 205 19 248 219 215 233 34 240 187
    17 3 139 85 74 220 11 9 43 18 209 41 129 17 140 165 68 118 137 17 33
    153 95 115 121 64 20 50 59 125 97 79 31 186 81 247 58 91 198 102 93
    103 33 76 150 155 211 207 170 75 44 215 215 38 92 161 216 217 47 152
    235 203 188 86 232 43 28 73 169 206 72 162 90 210 63 89 107 188 91
    188 49 170 83 50 228 26 204 98 215 187 72 121 230 171 50 191 198 38
    171 163 179 131 208 168 254 177 214 170 33 250 109 52 166 209 207
    191 37 232 226 118 228 49 191 23 162 95 40 120 230 123 116 222 12
    166 149 126 57 13 187 37 227 223 50 195 78 20 5 114 249 146 136 183
    194 47 4 206 146 163 89 13 180 234 118 168 183 235 166 192 244 227
    18 1 126 171 193 140 209 253 238 169 105 53 107 134 139 74 120 55
    143 206 20 50 221 162 172 147 59 98 173 228 177 117 123 223 54 162
    165 197 247 39 52 218 4 122 240 142 32 222 40 79 239 103 251 25 52
    173 151 165 163 219 229 56 140 141 155 178 210 110 113 206 180 116
    42 81 44 44 71 119 160 247 101 252 179 7 201 174 158 204 162 211 185
    30 221 77 100 219 69 34 54 187 175 131 24 91 201 157 125 175 178 50
    186 83 157 245 219 218 117 107 103 119 79 184 158 70 213 128 180 122
    64 166 197 233 50 125 192 241 22 149 238 3 11 170 209 85 24 255 119
    243 118 155 118 68 116 60 227 8 208 18 49 188 12 130 255 125 147 219
    183 18 90 37 116 192 183 2 72 226 94 11 134 93 145 149 49 53 217 237
    38 226 38 106 124 215 248 140 144 82 129 75 39 226 30 80 139 228 122
    203 28 112 21 173 117 164 102 137 106 75 62 136 224 100 236 45 217
    165 124 141 36 198 240 239 123 114 23 168 213 178 33 223 6 177 228
    188 24 33 62 10 202 227 77 137 52 189 198 68 253 243 223 255 176 237
    14 0 88 168 240 188 101 21 55 32 89 208 127 98 57 229 180 227 159 52
    65 218 225 42 214 149 64 229 246 5 183 71 89 178 77 58 10 114 115
    180 215 6 156 170 24 238 162 166 247 249 201 1 222 97 238 154 57 200
    134 100 163 40 246 32 101 21 237 196 164 133 90 156 169 19 138 159
    213 135 52 199 17 241 180 120 63 52 166 60 57 148 64 253 52 220 174
    202 125 250 93 16 167 180 216 124 165 187 75 251 20 252 49 153 107
    43 11 173 243 109 29 0 64 239 69 129 77 162 29 249 0 224 58 55 230
    35 127 254 215 14 2 247 235 231 132 87 160 23 61 123 125 56 196 149
    123 62 199 49 194 45 114 24 102 39 43 127 222 165 186 65 168 159 98
    28 156 75 173 137 3 218 236 59 70 165 206 3 104 208 82 198 127 125
    29 211 245 88 65 81 20 16 248 122 122 201 159 95 246 206 108 195 27
    176 141 81 238 29 202 54 82 169 31 138 34 177 6 244 149 240 17 44
    121 236 10 34 66 82 99 34 133 191 241 15 161 165 149 55 124 223 250
    212 160 106 164 171 226 206 143 85 253 65 175 116 203 234 152 253 32
    89 225 235 114 201 15 65 130 170 79 141 73 86 34 121 78 196 180 127
    243 22 163 57 142 155 226 219 54 65 216 72 163 102 46 171 241 147 65
    18 125 80 20 153 103 136 98 206 55 190 99 24 98 65 32 102 21 30 80
    149 155 212 246 242 173 212 203 252 117 124 99 141 144 41 243 236 96
    178 29 142 134 83 138 212 83 10 126 179 108 33 114 129 174 157 4 185
    87 16 129 222 221 144 47 155 78 63 8 11 33 36 124 89 234 228 163 103
    79 218 73 202 70 131 64 28 168 212 172 239 138 196 186 99 168 209
    173 21 130 200 235 201 88 220 195 110 210 12 83 79 183 224 74 58 178
    164 200 29 160 61 220 241 178 7 177 229 107 97 59 174 16 142 15 69 5
    103 112 213 93 32 110 67 171 247 173 22 57 47 11 6 190 8 184 124 66
    38 48 71 150 46 220 57 80 25 144 116 211 141 54 58 82 152 239 30 139
    236 228 1 236 194 159 150 112 30 137 68 203 144 192 67 173 246 238
    169 160 220 0 155 196 16 132 83 145 170 47 236 183 90 126 107 125
    248 21 144 114 17 244 198 83 186 14 111 45 20 252 11 218 244 106 238
    187 9 35 42 16 88 89 166 250 0 88 97 107 117 166 228 113 82 163 57
    150 202 203 8 56 105 28 138 255 93 28 143 80 1 36 63 136 231 96 193
    223 38 5 255 170 131 162 72 58 5 102 189 233 13 183 153 139 96 136
    167 108 235 237 71 31 143 95 3 168 223 117 156 8 29 182 127 132 40 8
    231 129 172 80 130 173 187 164 149 36 167 244 210 166 22 42 109 57
    82 210 185 194 14 230 117 225 91 161 216 80 169 136 227 166 129 146
    185 42 253 90 124 22 2 191 188 137 47 108 153 197 149 134 186 161
    211 110 157 169 23 171 195 204 159 22 242 177 83 160 229 241 147 241
    243 200 38 161 178 245 73 17 132 232 250 201 16 15 248 20 195 218 80
    184 94 116 20 74 205 220 170 51 111 15 89 78 70 216 221 6 234 49 129
    100 232 13 152 226 23 78 223 52 116 90 80 199 151 207 239 177 104
    178 21 208 5 144 251 216 222 25 137 213 11 74 103 156 215 213 113
    189 14 73 184 235 2 116 154 187 101 50 248 111 235 26 246 79 102 24
    111 0 144 156 106 25 197 136 145 64 111 25 180 102 160 228 204 177
    241 180 98 213 26 200 141 45 38 84 62 217 217 156 128 72 97 55 191
    53 112 56 16 235 223 16 36 12 81 208 193 126 21 104 214 174 92 84
    182 46 212 222 237 225 242 226 238 51 67 212 188 141 90 123 79 230
    114 165 102 208 156 146 97 220 65 24 253 85 215 44 248 1 115 95 84
    177 196 27 107 117 125 134 29 99 145 109 201 236 143 127 9 244 231
    11 130 6 89 108 45 46 136 62 227 70 81 121 78 246 22 194 167 143 252
    24 223 126 186 131 178 12 117 157 183 157 6 122 43 79 249 3 78 88 68
    43 162 29 222 109 110 186 245 148 43 51 78 180 98 143 223 24 102 230
    36 85 135 45 195 51 126 208 4 207 21 196 4 132 18 180 238 97 232 76
    105 99 35 55 234 166 62 80 124 242 12 86 1 253 155 120 108 30 160
    151 93 238 141 105 43 239 164 86 92 154 223 20 102 215 22 186 159
    164 136 0 126 31 149 28 60 118 135 153 155 92 127 182 83 205 207 232
    230 175 234 20 26 197 141 142 68 73 113 42 163 203 186 233 164 62 81
    140 18 179 104 19 171 103 214 72 110 105 94 0 171 101 41 79 49 167
    95 199 55 47 55 177 201 36 73 235 187 129 101 235 247 127 80 108 96
    35 175 6 111 79 46 27 75 89 83 19 203 21 154 184 107 226 36 228 160
    51 88 64 239 28 5 49 243 238 153 201 190 101 193 204 199 125 39 167
    37 236 181 79 174 45 160 14 44 12 10 159 12 73 28 198 66 155 135 225
    242 10 177 37 124 57 103 236 153 10 84 145 134 29 71 230 104 95 25
    32 65 219 200 42 161 58 194 100 172 185 94 155 75 224 137 102 56 0
    63 196 18 159 194 184 87 204 217 206 223 233 26 147 74 149 245 133
    253 241 47 48 197 94 158 147 144 67 11 92 132 76 39 163 253 188 221
    159 204 176 56 55 120 48 208 209 70 228 244 23 24 159 135 108 157
    170 245 45 158 162 116 74 177 210 228 68 245 26 45 200 164 135 73
    128 16 251 204 117 193 253 111 164 198 74 60 152 188 178 116 25 132
    201 145 207 223 69 203 12 28 152 31 31 194 219 90 10 192 235 116 173
    193 10 7 12 205 69 34 119 208 205 113 185 68 45 192 218 201 58 147
    148 160 92 19 193 233 232 6 99 75 196 232 78 147 226 124 111 182 186
    49 29 120 67 12 14 25 114 105 65 202 123 4 175 173 76 48 248 125 147
    212 127 17 88 198 135 80 153 242 161 199 176 29 227 166 250 137 64
    233 251 104 60 216 151 113 234 174 31 229 238 140 158 93 47 248 114
    21 154 165 209 66 9 182 237 180 56 59 177 195 7 13 14 177 247 92 19
    20 58 154 47 26 220 46 62 166 216 129 21 76 115 1 107 31 2 52 210
    168 248 62 72 189 28 205 233 183 26 178 228 234 103 11 141 84 183
    252 11 83 158 54 57 172 17 105 197 171 72 191 136 7 162 22 154 166
    51 223 241 161 74 247 222 211 74 176 151 168 74 246 195 30 58 238
    152 235 252 48 53 70 104 218 127 98 197 169 33 14 217 15 247 144 177
    165 226 96 38 40 16 58 66 209 117 147 233 185 18 250 220 3 246 9 13
    74 190 140 165 182 237 240 117 34 1 170 55 136 203 208 148 200 4 80
    155 240 165 128 128 201 68 222 177 250 220 91 9 234 172 12 34 113
    142 6 130 55 249 42 68 14 141 173 98 236 110 224 128 192 40 110 31
    12 44 73 88 55 220 82 84 251 157 139 37 39 99 22 208 115 129 57 28
    143 189 100 100 16 103 205 42 228 169 43 89 219 99 5 55 97 248 48 77
    35 15 49 65 230 173 60 113 241 103 112 190 158 20 180 98 52 244 143
    90 130 138 146 13 29 144 25 145 160 42 7 42 73 59 216 115 43 229 23
    157 36 189 121 222 17 91 24 201 236 38 23 255 59 44 10 226 101 34 99
    197 191 57 57 54 139 7 251 60 111 233 130 214 187 195 150 131 245
    159 143 72 50 161 93 149 84 188 169 108 68 135 249 43 233 234 41 202
    143 230 118 205 174 248 9 11 231 15 159 211 168 88 234 131 251 235
    254 37 102 248 231 203 6 131 17 194 215 165 143 46 184 163 216 50 54
    61 53 123 178 187 88 248 4 64 85 28 231 127 229 164 251 237 191 142
    251 132 51 37 207 137 162 204 251 141 168 111 121 189 178 106 243 32
    79 143 79 213 25 30 236 5 233 187 221 249 168 166 105 126 213 38 56
    129 173 137 54 36 48 172 64 120 174 22 11 184 10 154 162 19 75 50
    218 240 196 89 120 229 64 81 53 98 219 84 198 81 98 249 176 77 122 5
    197 23 247 18 45 243 162 2 238 247 222 160 254 59 183 24 54 103 221
    66 226 138 209 9 43 221 89 201 150 177 36 189 32 219 70 91 126 80
    204 155 243 28 161 80 6 156 94 147 31 117 178 219 167 180 204 1 230
    234 255 77 17 224 46 164 96 143 77 114 222 201 79 93 224 44 168 172
    11 199 136 45 22 179 115 247 245 71 88 247 67 233 134 202 190 201
    209 84 243 50 93 235 95 50 101 128 15 69 12 120 246 82 98 114 249
    251 223 172 139 181 99 8 136 162 242 223 247 156 239 91 115 39 3 3
    23 231 212 204 14 185 67 127 13 156 72 10 175 61 203 245 219 248 212
    242 106 41 205 44 148 13 152 227 185 155 14 148 217 71 5 214 53 137
    247 220 197 246 79 71 5 86 79 30 134 106 191 37 209 87 10 164 17 9
    103 161 190 144 201 120 1 233 30 246 151 169 176 85 114 231 79 157
    95 124 198 195 114 244 198 163 134 100 52 172 93 9 183 40 136 185
    165 108 46 61 44 229 88 160 16 23 65 229 139 232 227 232 123 168 89
    252 68 153 195 7 145 159 90 126 72 183 117 191 147 20 185 85 86 24 6
    30 1 187 240 39 187 7 21 194 40 183 143 236 79 13 126 96 104 222 232
    55 79 233 68 22 123 25 147 173 101 213 118 45 251 223 86 191 93 49
    222 132 4 110 51 21 16 254 97 43 16 47 147 177 165 178 244 25 245 86
    114 31 229 158 142 73 125 81 222 23 94 230 73 85 143 161 64 193 239
    81 230 39 132 22 230 13 166 237 222 22 76 209 240 115 230 48 58 224
    219 218 54 140 254 33 28 142 175 105 184 99 171 62 242 73 6 235 122
    6 43 124 223 183 29 41 157 216 141 217 122 37 209 232 174 236 166 53
    165 202 162 86 145 183 91 65 142 102 68 254 59 244 167 110 219 147
    24 127 76 146 86 110 108 98 232 229 239 203 182 28 209 112 196 102
    210 108 148 82 152 53 55 59 213 27 94 106 188 154 71 247 157 64 12
    245 81 213 228 61 148 51 254 205 177 65 81 167 33 71 228 95 168 175
    203 33 191 183 55 110 212 186 2 59 163 140 104 33 220 200 206 121
    125 122 74 104 122 155 40 147 26 58 222 75 143 25 64 242 233 93 38
    92 91 218 17 47 160 180 228 251 98 225 205 233 138 161 149 27 218 3
    0 69 129 61 227 240 119 99 81 167 88 176 133 174 142 49 83 204 204
    146 152 146 127 207 17 65 111 82 89 20 232 130 200 102 198 102 72
    153 168 71 248 122 62 220 100 200 131 140 157 143 211 121 14 200 178
    138 222 87 238 207 33 210 107 129 130 89 58 56 63 68 99 55 73 122 76
    151 210 226 243 129 5 159 163 56 57 150 34 245 116 113 101 90 104
    126 24 252 232 207 23 133 19 253 226 70 129 65 121 189 125 228 141
    166 123 165 102 107 130 186 200 102 51 151 27 226 213 136 197 129 15
    110 79 85 246 151 50 40 200 35 2 43 7 181 30 55 26 128 162 133 68
    116 188 251 113 89 165 180 208 22 248 110 90 61 224 18 154 3 62 41
    240 153 4 189 20 29 196 179 42 33 31 28 159 8 179 170 225 241 185 41
    61 42 180 173 155 180 216 26 131 138 229 28 204 166 205 253 209 237
    194 57 140 46 34 152 44 25 205 117 20 200 25 80 55 104 137 40 79 38
    225 243 138 50 92 181 66 215 153 201 100 39 93 247 74 41 250 4 173
    184 210 184 63 177 12 197 185 47 197 244 74 126 196 134 88 46 21 242
    70 144 23 208 127 42 177 121 8 32 102 139 41 27 90 8 178 93 74 26
    172 218 10 80 245 155 207 220 11 44 85 240 7 197 48 168 225 107 224
    155 187 29 244 7 89 123 53 199 110 177 103 17 5 155 233 194 85 192
    46 3 100 243 33 158 247 65 37 23 247 35 24 109 173 191 20 76 134 225
    213 15 142 143 227 220 200 163 180 148 86 226 207 142 2 234 3 140
    192 169 160 12 84 87 242 237 38 170 39 237 198 6 113 48 20 251 187
    250 230 7 86 214 122 113 40 89 131 6 85 12 127 43 137 53 247 59 100
    235 64 0 206 50 83 37 40 154 214 178 177 84 9 206 64 239 24 165 141
    38 11 192 74 17 36 133 71 165 136 209 232 209 213 252 221 44 207 195
    106 245 1 220 87 195 242 44 190 165 199 210 202 65 61 118 33 73 241
    251 215 60 124 144 23 166 154 229 79 131 10 122 223 88 72 140 184 28
    107 210 91 25 155 125 36 12 78 20 188 191 103 80 43 212 39 166 15 85
    40 17 53 217 72 92 9 77 134 163 102 233 189 89 237 39 90 209 209 104
    79 205 5 24 21 201 181 162 111 139 83 147 209 195 72 134 204 226 221
    153 134 125 203 195 19 198 172 160 43 178 227 251 62 191 47 1 130
    101 87 151 142 201 207 161 240 236 195 105 94 109 65 82 87 157 139
    228 69 138 121 59 229 236 210 15 209 71 225 141 175 225 89 221 188
    220 111 3 187 52 165 173 0 152 50 209 234 249 36 205 198 16 138 75
    78 215 137 15 128 7 24 191 130 44 104 169 47 155 148 132 33 26 169 2
    125 146 101 102 215 137 245 110 235 71 26 225 16 7 69 187 217 168
    166 25 194 192 206 238 22 91 60 193 220 124 146 133 114 69 136 115
    35 200 194 62 224 248 166 95 217 148 192 202 171 43 62 155 181 153 2
    71 188 170 160 137 92 121 109 235 198 10 79 11 83 86 71 93 130 215
    143 236 88 229 103 49 33 233 205 177 38 192 58 26 202 179 95 132 164
    140 105 54 87 103 60 238 171 103 127 149 210 174 43 46 211 122 246
    184 54 37 211 89 79 233 73 85 217 115 168 51 174 41 125 54 119 229
    235 139 232 185 19 166 138 38 113 37 152 26 85 5 155 180 82 14 211
    194 99 42 25 224 13 164 169 143 118 77 148 7 221 145 25 145 26 181
    36 147 191 211 146 63 221 32 80 246 125 186 223 7 187 60 121 191 18
    96 224 126 114 146 5 136 211 149 240 108 27 135 42 22 141 194 49 33
    111 208 95 24 229 125 218 244 223 84 54 250 42 216 66 161 8 70 45
    251 143 131 50 234 190 125 156 138 232 79 154 211 3 195 111 225 93
    169 182 185 69 171 32 133 145 79 148 135 32 203 87 52 72 142 84 127
    114 105 205 162 91 165 84 170 61 244 132 218 76 78 212 203 213 90 45
    201 70 15 249 221 184 106 242 81 39 144 69 77 69 216 134 124 91 167
    208 94 109 49 5 53 106 177 21 50 208 20 245 228 181 170 96 136 31
    199 91 238 34 46 119 90 7 225 0 209 75 90 129 1 0 34 26 192 227 2
    161 251 141 199 141 112 71 155 106 225 134 189 212 115 26 80 43 26
    201 244 99 28 60 187 104 210 15 97 203 7 37 38 53 43 138 192 125 128
    35 19 59 226 139 235 235 200 7 51 228 143 63 255 52 248 184 7 209
    148 134 65 31 189 186 185 216 249 153 74 117 46 229 229 92 178 13
    171 240 124 21 222 181 80 23 225 79 244 5 219 23 106 109 93 198 9 90
    46 149 20 159 51 97 32 202 30 217 170 88 128 127 6 203 174 241 10 40
    117 75 150 154 226 181 172 57 184 96 155 83 52 135 174 159 79 157
    249 177 202 78 223 84 145 19 125 108 200 46 112 54 133 51 229 46 47
    154 101 50 75 217 162 233 203 101 184 108 229 22 22 38 0 2 128 235
    89 232 180 86 6 208 48 163 99 43 233 149 137 172 127 58 195 184 203
    103 208 203 31 111 103 116 230 175 72 178 31 215 87 157 121 243 34
    195 157 91 224 222 23 120 14 217 22 30 203 192 187 113 119 158 6 68
    159 65 29 237 171 78 157 3 47 65 149 227 40 2 28 50 124 126 118 238
    54 111 166 148 14 16 10 193 192 20 50 130 54 155 108 74 232 178 206
    232 241 88 134 22 170 142 181 18 149 10 241 210 241 140 81 121 151
    113 141 58 113 223 65 174 234 242 145 245 57 241 52 41 121 168 131
    152 98 221 7 181 112 218 238 27 208 73 234 102 83 160 248 100 56 207
    239 87 192 155 50 205 71 108 187 63 127 133 166 44 163 172 47 68 242
    38 9 169 206 44 24 108 108 34 226 204 100 75 139 245 42 106 226 169
    243 32 88 240 200 169 185 160 103 220 49 133 95 25 99 29 7 3 57 64
    156 26 158 49 231 127 34 255 231 198 197 192 31 178 230 181 38 70
    246 116 168 153 225 231 137 44 106 78 111 175 241 173 242 12 164 66
    45 75 165 83 116 195 57 137 101 85 128 125 152 84 246 232 204 123
    113 231 170 10 107 230 9 103 147 149 43 65 66 203 163 1 107 210 112
    156 7 174 179 47 103 137 190 140 73 19 47 245 76 106 190 199 23 219
    1 39 3 96 39 50 233 93 59 222 52 86 156 168 151 3 190 121 29 188 121
    10 121 200 177 85 249 37 104 177 214 56 33 24 105 204 249 194 172
    191 11 85 165 69 251 101 236 247 210 117 250 158 22 54 113 112 36
    158 234 101 42 157 55 238 1 231 29 144 35 69 192 233 68 227 156 243
    97 80 108 224 207 244 107 83 111 28 117 162 86 70 200 122 147 174
    185 123 171 21 1 121 92 125 123 154 170 124 72 57 61 126 174 56 39
    237 49 18 176 107 57 96 241 35 216 8 24 14 246 155 94 104 139 255 54
    105 45 59 99 81 142 11 221 27 200 165 248 72 47 219 15 169 219 174
    181 123 50 190 141 235 234 102 91 186 103 38 96 136 80 5 171 114 192
    14 171 240 24 229 212 157 110 136 50 9 176 48 219 162 9 50 159 164
    118 25 181 164 242 155 152 171 104 230 138 40 20 140 133 102 219 205
    159 166 200 125 41 131 6 83 15 129 10 60 95 181 133 3 141 221 246
    188 122 149 111 250 63 245 109 159 157 12 126 21 117 52 10 99 32 186
    81 38 229 13 22 72 49 195 191 192 176 201 239 118 186 111 150 61 173
    9 49 183 215 67 244 83 182 168 84 105 108 100 192 0 62 200 17 43 88
    93 30 231 117 145 180 39 226 145 55 101 138 218 180 110 140 204 176
    29 132 190 208 233 78 29 27 187 111 108 82 116 201 193 232 87 47 243
    75 75 219 236 210 5 246 41 191 134 57 140 225 217 12 19 187 248 27
    213 232 50 198 148 89 146 45 139 32 250 139 219 21 193 8 202 131 160
    19 248 123 111 254 115 27 92 226 116 139 62 150 93 149 108 155 63
    151 149 123 2 242 141 132 57 190 119 8 227 205 206 43 228 236 197 74
    51 157 238 204 29 30 44 168 108 74 59 233 79 13 193 157 1 66 76 130
    121 11 186 99 216 96 213 96 235 60 166 194 248 241 200 231 234 152
    53 76 172 133 148 230 135 135 185 64 134 121 122 72 58 83 133 40 44
    70 243 21 213 242 194 251 168 246 57 105 46 204 33 238 184 248 163
    148 110 147 202 147 26 243 34 133 222 99 23 74 73 147 69 21 5 253
    124 251 58 124 150 89 110 162 16 104 86 217 104 95 17 161 56 119 236
    15 52 6 80 68 225 94 195 147 235 39 240 230 86 74 240 238 121 254 61
    189 80 173 79 29 30 159 85 211 4 67 175 178 33 112 174 236 120 43
    146 241 206 177 144 206 150 6 93 66 162 149 103 72 71 11 34 230 59
    44 96 252 163 129 139 246 133 193 109 88 127 47 239 76 168 48 183
    142 51 161 235 110 108 210 124 18 72 183 99 210 135 128 107 180 194
    235 36 212 88 12 80 52 253 206 70 23 200 108 205 133 195 243 225 70
    81 17 213 140 86 113 176 229 13 247 115 241 149 122 0 138 26 137 59
    0 71 11 145 123 85 161 185 121 190 71 98 14 125 63 97 191 34 151 15
    219 205 165 1 113 1 25 15 71 201 240 22 42 72 91 98 194 0 14 173 0
    214 245 171 33 198 44 27 161 59 62 193 194 177 118 92 107 26 131 237
    93 74 85 124 96 175 75 34 226 98 248 60 158 18 209 214 173 140 95 30
    90 32 5 42 16 39 80 227 123 21 236 37 80 86 58 21 181 103 30 70 65
    209 107 113 157 32 32 219 66 133 125 136 218 27 43 111 78 201 117
    146 165 80 114 203 27 84 72 102 5 216 71 151 11 196 194 21 232 247
    211 164 84 120 88 64 95 87 127 86 242 201 137 102 229 64 233 192 40
    247 254 240 118 218 115 81 6 214 190 248 228 20 175 78 112 115 61
    189 36 234 231 92 146 116 249 134 139 175 216 55 247 176 113 88 163
    44 209 118 255 208 79 194 165 213 233 94 186 150 201 74 128 216 249
    132 143 195 129 96 64 231 213 28 56 99 30 31 2 228 76 190 182 210
    216 85 137 56 72 23 13 126 165 203 14 174 252 167 43 245 26 114 120
    149 88 130 249 156 113 208 192 131 209 107 43 18 132 114 150 0 82 21
    68 84 100 111 167 78 234 215 240 109 175 154 195 141 206 65 35 50
    225 211 253 226 156 219 215 83 162 1 222 199 162 149 121 81 222 12
    76 184 18 80 150 37 111 42 150 149 78 83 208 209 126 238 154 99 16
    207 191 90 84 7 24 142 47 14 114 93 210 48 76 81 42 191 38 114 35
    166 156 123 65 211 172 161 219 191 79 147 73 164 251 147 84 97 45
    205 156 180 149 115 237 37 12 194 200 199 140 164 157 246 37 133 250
    120 14 74 135 38 253 243 174 17 211 248 207 161 128 46 108 116 212
    218 158 112 254 40 230 127 147 154 143 148 147 133 150 68 77 247 197
    186 252 60 212 144 100 220 1 147 63 191 90 31 76 9 144 248 179 109
    84 113 155 150 206 107 243 172 90 192 240 141 196 244 166 211 40 187
    13 123 166 236 255 185 199 53 177 192 247 9 15 199 231 74 21 14 100
    29 173 192 40 239 100 162 45 57 29 182 27 160 205 177 23 25 49 182
    100 25 179 59 200 86 25 104 149 4 169 50 102 31 253 52 158 243 65
    176 97 243 13 155 54 141 116 251 77 78 207 139 197 1 43 114 168 178
    107 230 7 225 89 204 254 225 178 197 24 185 13 90 96 193 187 95 71
    69 17 71 89 193 197 165 85 76 80 5 109 121 83 4 6 0 50 242 20 66 162
    161 206 184 172 157 134 23 166 155 197 26 118 130 147 171 97 202 54
    68 218 204 167 70 114 70 146 130 136 227 134 181 17 132 88 126 130
    90 190 210 174 215 242 136 218 76 19 179 51 120 236 19 121 116 236
    227 18 91 96 77 231 4 111 255 229 6 29 49 214 159 218 166 47 72 164
    229 7 26 179 109 121 187 120 154 117 200 94 126 168 72 207 217 248
    234 20 199 89 210 237 195 69 49 151 92 204 130 239 203 186 100 237
    192 208 98 194 22 196 10 20 156 6 42 64 117 250 5 150 35 161 26 101
    130 196 114 96 217 199 130 212 102 201 82 164 252 159 75 157 229 150
    47 130 101 169 25 16 52 3 156 147 173 20 190 82 92 101 34 251 105 42
    107 126 234 195 244 124 130 67 128 234 114 247 71 201 35 18 245 233
    169 204 98 11 255 176 119 159 242 14 235 37 17 155 39 26 169 187 119
    28 176 135 51 106 38 103 103 19 179 240 67 88 223 153 154 111 193
    235 3 97 211 63 11 183 32 233 31 251 169 179 198 54 115 119 89 221
    161 49 27 65 168 173 133 20 134 55 219 58 77 146 233 160 131 110 185
    110 148 23 66 191 79 53 126 160 47 4 116 115 161 87 89 139 143 169
    244 246 95 250 114 12 185 174 43 136 227 213 223 121 143 44 94 97 6
    15 73 46 63 63 143 240 230 17 113 144 146 250 54 127 192 140 11 225
    252 129 126 96 26 113 116 168 103 235 65 255 106 138 79 208 41 118
    63 157 219 26 68 69 122 39 109 103 87 217 184 106 132 124 249 207
    123 104 223 134 73 213 19 82 58 98 2 152 133 205 241 135 191 104 15
    209 168 220 240 114 181 71 208 122 147 151 222 196 250 242 148 241
    139 141 54 196 238 100 87 42 193 105 73 152 52 234 81 126 118 21 62
    51 134 26 66 21 33 176 129 237 121 241 233 210 38 171 156 64 149 60
    47 215 44 194 152 43 72 164 141 0 97 10 15 36 2 69 2 192 200 247 59
    111 129 195 147 253 222 40 253 140 136 97 57 125 192 143 37 94 141
    117 189 13 111 209 218 174 39 12 46 147 232 212 167 253 27 22 181
    131 190 178 61 187 91 127 2 185 85 76 80 102 227 20 251 224 40 185
    246 81 160 164 64 200 12 157 11 165 84 251 83 248 33 107 49 7 129
    202 73 170 196 115 234 4 223 247 74 222 117 67 110 185 36 140 191
    171 161 32 90 217 162 159 78 254 52 3 113 98 105 94 14 173 26 38 95
    164 246 79 170 111 135 33 130 214 217 39 142 40 248 166 96 101 247
    46 180 212 103 22 75 54 39 237 52 66 182 135 6 103 125 89 186 130
    209 171 141 173 74 110 46 208 88 36 249 146 63 250 81 18 216 226 0
    151 32 88 174 98 164 16 50 137 220 102 113 16 29 145 99 116 12 208
    22 235 147 10 42 69 218 145 224 219 221 218 228 198 65 2 47 15 213
    44 147 12 243 107 58 215 1 225 5 5 66 16 51 160 241 24 101 246 180
    78 64 239 101 161 45 228 147 230 14 7 154 142 49 13 201 78 211 252
    75 21 251 191 16 36 171 115 81 94 188 205 247 112 238 255 247 90 74
    17 199 110 12 17 227 152 16 149 214 5 43 214 56 249 38 81 73 25 93
    162 69 17 19 152 234 191 217 5 102 29 199 237 192 252 235 91 248 227
    201 243 45 47 55 76 154 48 225 113 201 200 101 248 104 184 5 73 92
    255 137 28 242 0 152 185 213 95 136 207 113 82 199 121 26 107 185 97
    12 124 38 135 169 78 49 175 135 44 254 127 99 23 66 178 18 31 27 171
    150 86 93 238 212 7 248 172 89 187 8 225 4 216 108 37 220 41 254 112
    32 108 140 69 16 204 190 14 214 105 191 87 180 96 94 221 156 139 120
    166 164 5 193 112 185 163 130 241 208 216 72 228 80 67 19 220 104
    169 215 249 39 253 240 110 94 193 47 142 36 213 91 23 126 183 192 74
    10 164 37 193 126 122 219 112 210 204 63 57 139 198 209 45 179 125
    178 165 174 178 16 3 153 53 64 189 94 50 220 164 156 97 187 196 219
    70 83 235 86 178 82 188 137 42 143 109 83 98 96 139 17 194 116 188
    142 9 243 68 49 15 226 78 168 14 160 248 109 17 194 67 8 115 61 133
    43 94 143 72 201 211 205 156 110 219 196 213 199 84 172 162 126 231
    200 115 101 254 31 221 112 74 195 229 61 247 103 39 114 83 125 141
    204 209 110 29 99 135 222 203 196 55 244 90 114 7 9 94 196 123 124
    199 120 169 37 159 101 3 252 125 245 20 87 169 158 229 247 68 107 92
    147 197 79 55 181 93 81 99 128 161 152 245 57 57 58 189 65 243 150
    35 131 229 117 80 176 171 28 66 91 231 217 185 130 95 124 222 186 29
    2 239 120 170 25 128 121 75 58 9 191 82 118 46 126 218 146 0 45 100
    75 210 200 184 80 158 196 170 193 107 199 221 91 154 141 234 209 82
    174 231 73 80 184 51 157 155 224 166 71 39 190 246 91 230 233 64 220
    126 226 196 109 178 254 222 15 74 178 116 99 165 137 27 163 91 220
    90 29 199 220 83 73 246 222 23 133 126 61 205 227 71 53 222 247 251
    196 168 94 255 101 230 136 241 135 253 239 226 154 137 220 194 122
    156 202 206 186 47 105 221 183 70 222 10 238 64 197 231 181 152 236
    234 45 112 151 121 206 39 46 103 7 8 205 178 28 72 228 107 128 138
    20 11 199 197 124 222 73 83 19 112 58 114 173 232 16 93 231 226 251
    117 152 158 174 253 97 52 248 41 139 136 210 113 126 237 238 71 11
    36 143 37 33 239 253 158 246 17 240 94 68 51 10 226 221 95 5 160 65
    15 221 222 163 143 180 133 196 250 211 37 248 157 37 140 107 204 69
    74 176 129 3 99 209 34 160 235 247 24 43 139 241 247 156 107 12 24
    71 235 236 73 98 162 8 72 168 15 240 84 221 199 160 7 189 220 82 19
    133 91 130 62 231 16 244 74 242 192 136 125 227 30 50 254 0 142 127
    75 153 10 101 47 36 216 232 9 224 251 127 173 69 124 35 75 81 123
    171 189 90 31 47 211 142 29 10 24 56 2 143 124 156 126 137 14 160
    167 130 126 93 56 102 198 29 16 91 185 165 254 80 68 45 222 252 51
    207 117 30 89 169 125 26 251 179 214 163 8 100 114 250 227 143 255 1
    209 59 90 44 57 59 7 211 137 192 56 0 37 194 6 219 4 237 169 202 161
    149 172 169 31 231 192 237 71 56 20 112 32 102 148 186 27 180 217 59
    177 111 186 182 31 136 18 107 252 40 48 146 178 132 147 243 16 223
    164 53 182 30 215 43 136 149 22 250 246 175 176 55 199 206 0 17 68
    253 248 218 191 46 228 27 205 29 86 178 61 102 98 77 112 42 84 1 147
    116 77 214 20 68 146 108 174 125 198 190 191 198 117 29 222 38 118
    92 151 194 216 10 102 89 138 196 8 156 152 8 0 225 219 62 10 194 239
    227 201 4 210 76 3 159 141 250 40 217 65 226 99 47 92 113 250 242
    177 128 55 139 93 65 29 246 210 193 78 162 240 15 95 221 80 235 84
    114 154 8 172 141 27 119 208 204 136 212 58 159 60 143 145 204 80 55
    64 66 217 194 245 78 127 36 153 139 191 43 235 252 130 126 122 38 46
    169 245 230 98 151 167 93 135 251 43 137 103 147 7 103 149 41 170
    135 87 24 78 18 11 8 110 179 79 193 221 67 95 31 219 48 207 151 225
    167 77 90 214 223 137 106 10 23 46 56 97 182 123 199 47 50 182 178
    34 96 136 19 236 167 43 198 119 198 169 165 187 33 214 255 112 31 19
    227 185 83 142 120 61 144 169 110 40 244 81 241 213 171 198 95 96 58
    164 29 41 149 125 101 9 30 108 17 5 113 120 252 163 102 137 41 43 60
    255 224 254 94 25 29 17 232 106 61 49 108 82 110 204 242 172 130 190
    137 213 199 191 193 21 215 194 198 143 72 214 30 203 25 93 54 63 132
    64 85 49 164 194 32 147 249 211 191 96 68 189 106 231 164 122 234 34
    142 234 90 249 145 223 15 81 187 159 144 188 39 1 12 17 206 235 93
    22 183 185 21 218 89 140 100 253 26 242 149 93 193 168 153 94 47 169
    130 248 186 16 213 194 117 177 140 64 150 211 216 174 94 141 205 78
    166 55 98 21 130 2 160 159 110 208 242 191 219 54 243 219 124 150
    190 7 239 231 113 255 4 9 120 170 178 126 222 35 46 71 204 180 42
    254 155 70 208 212 10 1 14 90 97 94 199 174 21 16 124 118 238 41 184
    145 63 51 224 61 199 218 98 80 136 4 113 57 174 112 150 30 57 102
    249 225 61 89 246 195 53 162 70 213 245 0 143 166 154 4 17 50 147
    130 219 124 194 212 203 126 101 230 14 140 69 234 125 65 190 242 79
    71 178 39 67 192 95 126 238 244 18 86 1 168 147 2 72 160 115 215 230
    200 183 85 16 39 102 125 163 250 39 215 220 213 51 237 121 111 130
    225 109 24 0 205 151 77 244 128 229 70 128 170 31 237 212 11 108 188
    251 213 232 83 192 191 84 217 142 19 21 197 61 151 20 12 195 182 106
    126 223 124 140 34 238 203 62 235 52 168 99 90 13 195 219 186 243
    145 221 56 210 213 24 240 30 74 123 65 79 1 176 114 144 64 82 165
    147 28 213 22 125 148 221 94 216 62 251 29 132 33 68 104 119 44 46
    168 56 147 100 11 177 199 186 116 177 128 32 114 125 82 202 155 180
    78 60 39 1 66 41 48 78 26 110 50 198 21 95 196 210 145 195 205 170
    164 34 188 163 148 102 188 50 252 9 58 20 54 235 87 2 228 77 76 93
    79 247 123 52 106 59 101 188 136 102 233 3 171 80 237 27 246 90 87
    99 246 127 53 119 168 90 114 134 207 218 119 252 16 171 157 25 196
    125 18 135 22 203 110 89 128 204 66 36 155 246 234 233 161 67 218
    251 129 113 34 190 180 31 54 154 6 75 12 218 237 221 130 33 82 56
    180 243 93 252 126 163 211 192 195 157 57 161 175 87 60 10 57 214
    172 116 251 102 140 95 1 106 56 248 81 51 25 238 196 112 119 21 176
    145 101 142 209 198 111 70 98 62 197 233 48 15 64 247 73 30 225 141
    252 176 59 181 121 148 95 97 252 74 172 53 223 21 43 172 132 74 17 1
    142 83 238 151 103 49 154 58 101 66 206 110 108 137 106 127 42 98 85
    10 72 213 48 192 235 114 32 171 42 67 233 229 40 172 93 13 251 23 7
    188 206 14 72 50 196 171 145 191 47 195 27 39 50 90 230 141 0 112 27
    104 246 169 252 198 35 33 23 4 46 222 74 235 44 227 33 102 104 173
    43 132 253 27 102 221 192 248 61 158 101 180 143 51 101 82 174 108 4
    66 135 249 235 232 47 150 244 202 191 80 17 227 169 54 183 60 239
    124 19 65 222 211 196 149 172 30 92 106 88 121 5 133 248 88 239 211
    12 159 199 124 141 50 198 163 252 199 253 140 243 209 20 156 58 239
    134 193 41 151 105 100 110 101 86 104 145 167 10 100 141 38 20 33 42
    32 104 139 190 53 235 112 35 247 233 47 0 2 211 128 135 152 122 78
    250 121 235 71 15 164 254 95 134 34 211 102 248 158 169 86 223 28
    216 189 251 36 134 116 103 224 103 103 241 102 46 168 95 116 52 181
    235 224 132 171 237 88 184 199 52 82 61 56 208 91 167 69 156 90 196
    191 43 62 165 28 248 193 9 180 169 167 51 230 143 239 7 161 199 178
    95 183 25 128 0 143 169 200 135 55 37 22 42 82 188 118 41 253 240
    116 122 148 139 59 144 100 75 121 217 147 3 94 96 195 86 30 59 128
    188 44 170 99 228 120 143 82 174 109 28 182 40 1 104 249 67 37 243
    175 210 223 63 236 53 17 90 29 4 139 79 115 89 127 80 118 85 0 29
    191 69 41 233 141 23 182 95 111 41 5 110 254 164 90 98 229 233 138
    250 35 220 155 72 17 190 201 35 95 247 249 238 84 179 130 11 228 208
    221 103 64 204 183 41 162 84 163 93 145 86 110 190 18 222 69 60 100
    173 179 46 141 13 33 21 196 174 132 182 23 224 125 103 119 96 58 215
    192 90 58 101 149 163 85 171 66 155 111 203 104 249 201 230 163 115
    53 5 249 91 184 28 236 244 24 74 204 138 158 141 11 214 236 231 177
    68 16 132 71 254 168 179 106 217 120 58 145 174 26 228 165 113 239
    224 94 147 26 15 183 195 72 12 76 230 53 31 58 235 199 104 180 143
    80 153 164 214 159 71 88 252 105 237 202 194 97 78 72 47 21 100 230
    205 214 200 184 74 171 198 54 229 159 102 130 247 211 80 46 64 129
    93 1 167 145 76 50 70 49 189 52 35 160 114 90 16 33 41 96 245 234 9
    164 236 147 202 197 188 68 68 183 4 156 80 89 114 39 47 160 252 212
    194 249 161 29 83 63 49 1 134 210 146 49 41 12 72 87 219 214 173 43
    213 125 105 75 36 130 142 55 113 223 225 119 13 61 234 178 238 232
    53 165 77 91 64 221 215 121 250 55 72 8 93 39 37 173 214 131 151 241
    158 197 119 113 164 107 66 92 57 192 156 21 139 189 243 85 149 92
    252 255 172 164 173 11 140 206 6 186 63 81 235 101 50 49 130 182 0
    117 63 104 78 226 180 24 87 74 222 144 180 229 204 74 204 203 156
    156 219 221 172 208 40 8 80 89 194 235 122 252 186 224 82 177 149 77
    192 108 134 216 34 185 202 127 135 55 217 180 243 103 26 255 180 61
    103 217 236 195 145 241 130 195 91 120 53 239 111 39 158 137 162 126
    181 173 177 225 96 152 117 25 18 22 1 211 27 12 178 160 85 54 229 16
    9 68 182 159 238 94 7 64 217 220 113 225 6 138 88 166 107 214 237 94
    9 183 217 188 83 138 142 177 50 44 158 56 186 28 193 93 233 76 84
    208 185 102 74 189 19 206 45 116 204 87 183 22 211 117 250 117 52
    112 77 244 115 86 158 236 194 91 210 20 214 149 229 147 19 141 196
    211 156 227 83 247 14 16 11 11 96 140 236 40 77 15 220 169 10 170 37
    64 21 192 103 63 162 254 180 116 120 205 228 100 14 171 25 174 239
    186 111 196 183 179 76 19 188 170 4 171 201 116 48 179 143 40 92 216
    248 49 61 72 93 181 141 218 12 56 156 86 151 57 170 10 38 109 17 7
    75 129 149 186 176 175 38 155 26 245 178 118 194 133 160 239 251 0
    216 189 151 241 244 64 116 23 64 183 251 37 28 86 49 3 66 114 243
    169 95 146 8 218 14 96 31 135 206 116 63 112 25 20 96 190 44 184 134
    46 124 108 236 149 106 56 210 72 107 90 127 71 189 151 227 57 250 23
    106 251 42 110 19 40 62 147 127 212 110 121 11 22 139 124 138 140
    107 49 40 111 72 68 76 60 149 248 228 210 16 37 55 136 96 171 238 16
    237 247 79 166 144 189 190 23 211 189 120 120 2 172 19 156 74 74 154
    109 191 56 81 130 205 175 103 233 98 24 219 144 243 22 113 53 19 252
    143 108 123 251 154 144 111 193 217 9 11 109 218 70 56 231 245 195
    252 212 130 43 42 131 132 147 0 226 109 35 191 185 189 13 38 87 154
    200 110 76 104 213 79 182 58 205 91 141 46 237 3 104 228 252 69 12
    226 155 129 12 202 83 221 244 162 11 227 130 178 36 175 164 188 160
    194 32 181 109 185 217 90 240 250 173 168 188 7 0 120 131 80 212 93
    11 140 8 242 249 162 47 60 34 222 221 3 56 224 76 200 121 78 62 255
    88 237 202 90 138 220 225 165 98 12 29 33 60 66 230 35 77 33 124 255
    185 7 125 232 223 90 37 133 232 121 237 235 204 162 160 78 200 184
    55 198 121 165 25 208 33 81 252 188 105 77 38 174 231 218 136 25 209
    27 185 59 201 207 46 84 117 245 143 120 243 6 249 114 89 142 32 94
    249 176 182 243 13 13 33 76 50 221 222 123 47 216 95 47 227 48 8 30
    54 70 7 117 26 255 216 22 25 11 3 56 89 249 183 102 165 249 212 243
    3 56 19 142 180 10 153 152 253 210 47 177 243 31 179 2 53 108 249 80
    38 235 63 154 4 143 78 187 92 63 240 89 240 136 41 217 172 43 219 21
    157 58 93 206 213 188 35 183 225 40 244 145 94 147 79 216 211 198
    195 26 70 3 57 233 225 123 172 224 55 212 44 209 134 72 57 221 198
    223 25 63 173 148 204 48 82 102 64 113 117 250 149 33 91 117 84 184
    22 98 165 6 165 204 141 93 189 169 186 184 184 64 42 159 6 65 24 111
    232 51 234 34 1 192 11 225 119 106 208 175 155 72 212 204 128 54 1
    201 210 254 63 130 16 28 164 190 159 135 129 207 137 248 128 83 228
    140 22 206 184 74 115 162 244 242 134 89 35 195 205 118 147 14 238
    122 97 42 81 78 13 57 163 79 214 70 149 41 155 93 29 102 128 129 208
    177 105 74 191 213 168 135 132 7 107 129 65 125 31 175 58 194 41 77
    27 226 213 207 87 213 67 236 122 163 26 8 138 199 100 238 115 249
    235 27 211 223 40 39 181 120 248 53 250 54 45 181 186 229 226 123
    190 144 42 254 188 156 135 138 94 254 164 131 122 246 71 34 184 61
    207 130 239 196 124 210 187 69 178 246 56 7 16 177 13 185 108 19 243
    159 181 155 8 91 150 41 51 39 10 131 69 53 111 65 221 11 255 2 236
    220 99 2 163 182 81 183 226 128 64 159 201 251 190 131 49 124 185 73
    205 111 22 36 125 150 13 121 172 227 123 63 174 139 153 128 103 123
    101 148 224 61 189 173 174 24 89 194 134 153 82 87 66 64 9 175 106
    172 33 127 98 7 208 196 83 73 97 95 187 56 111 139 46 101 203 239 17
    3 155 3 130 27 245 55 152 104 179 177 141 43 32 134 187 7 30 170 77
    254 62 211 179 236 183 110 147 204 158 232 36 110 219 170 169 168
    153 100 103 210 127 57 38 209 66 158 3 238 153 133 102 95 67 211 32
    95 46 26 251 170 86 42 128 38 170 128 88 114 23 118 98 48 143 142 14
    190 239 59 207 217 140 237 99 166 203 27 111 13 5 152 101 158 169
    213 3 200 38 87 247 49 203 86 172 158 142 224 180 12 109 237 183 222
    57 204 37 230 168 88 116 237 190 8 90 181 206 82 235 3 214 5 197 200
    1 237 106 204 217 56 196 99 121 86 71 195 175 246 191 23 182 197 83
    36 132 243 140 223 91 181 99 46 162 44 52 1 129 120 38 82 149 111 4
    183 206 150 167 250 9 43 9 248 168 147 71 126 120 8 196 163 51 88
    235 4 204 159 168 239 59 87 91 138 82 235 56 66 183 165 146 120 190
    199 16 188 177 50 148 130 77 64 82 17 27 48 167 101 74 74 147 175
    246 166 68 44 192 208 11 88 68 223 93 140 218 67 31 240 53 166 57
    227 100 187 107 83 4 26 161 197 122 149 59 157 18 5 205 231 0 208
    222 158 11 34 236 111 58 197 39 83 168 153 161 198 149 22 183 33 74
    60 43 198 222 175 232 28 98 172 230 52 166 52 211 189 182 208 194 15
    135 36 48 89 129 67 131 238 198 62 119 255 180 61 243 65 6 203 99 43
    99 56 215 79 228 231 166 75 98 126 186 190 208 65 163 229 61 230 247
    133 40 153 106 185 113 198 37 106 192 160 211 194 26 104 157 105 50
    96 187 138 102 187 61 100 245 162 131 62 22 188 168 44 78 219 92 213
    14 64 240 241 100 179 128 126 175 83 159 166 60 242 82 186 21 69 66
    185 251 78 39 234 181 56 127 164 216 68 129 207 82 50 88 233 252 72
    78 212 146 133 147 137 207 21 57 137 3 225 3 219 97 58 249 218 116
    199 144 25 35 79 173 70 28 54 199 66 192 85 34 91 199 30 130 49 141
    252 84 244 127 180 177 87 15 254 237 133 26 151 70 167 132 172 118
    182 159 150 11 252 33 132 196 29 145 142 78 153 139 99 192 8 47 180
    225 121 0 194 140 243 63 104 182 38 67 25 30 169 121 48 249 131 8
    184 64 79 167 92 164 169 100 133 51 18 190 28 182 250 93 4 163 108
    73 162 15 103 58 100 174 35 51 2 201 19 207 149 218 150 86 135 153
    229 163 166 200 135 21 32 10 175 41 96 164 129 228 194 111 173 171
    31 143 82 21 148 26 174 169 255 135 45 244 50 154 170 73 95 237 97
    41 147 133 111 54 206 45 81 176 243 247 93 82 14 245 85 166 189 105
    113 235 72 173 33 205 62 199 91 82 240 44 208 148 215 222 111 48 188
    93 195 214 125 187 29 81 218 25 176 182 216 51 47 24 127 99 52 230
    40 183 58 220 230 95 51 1 18 26 65 41 183 11 56 165 98 130 194 114
    227 49 90 90 113 148 246 6 229 62 118 248 31 157 12 200 92 50 210 84
    78 76 81 224 96 198 33 221 117 44 47 94 156 116 67 11 54 231 115 180
    8 13 39 32 162 144 133 255 0 23 50 73 214 142 162 219 73 252 58 47
    51 242 208 74 47 5 45 234 212 81 225 165 250 198 179 3 170 205 89
    115 19 218 119 140 180 108 140 88 33 190 8 108 105 38 219 177 60 83
    4 71 75 203 151 186 26 184 222 241 127 127 60 199 177 189 119 128
    101 204 203 58 225 217 111 189 178 130 3 119 214 51 47 83 225 166
    246 5 206 218 52 248 183 161 40 145 37 191 217 102 68 20 75 168 52
    127 61 220 63 123 150 179 7 73 157 103 46 206 65 78 86 222 25 51 145
    17 11 83 48 121 118 130 190 148 213 140 115 92 34 66 162 220 246 143
    238 237 246 146 123 32 213 228 236 111 171 16 170 195 245 251 180
    151 68 201 137 1 83 222 184 56 39 217 39 205 108 179 34 220 194 44
    67 147 25 229 36 132 215 39 254 149 138 41 99 187 143 87 89 37 186
    46 65 204 134 141 155 3 144 17 218 181 103 245 62 69 14 179 13 234
    144 139 95 84 1 93 27 250 101 120 25 135 137 50 241 139 133 20 176
    104 166 139 63 155 50 38 219 54 240 211 46 81 136 249 11 37 143 206
    40 139 153 36 151 184 245 149 167 105 162 186 212 225 183 114 206 90
    171 63 116 192 191 24 77 36 52 25 54 21 6 197 219 118 43 173 210 2
    157 185 9 78 212 193 136 151 173 76 37 45 207 230 160 57 3 97 67 250
    154 23 197 212 101 183 104 121 161 214 49 5 178 38 77 185 38 234 209
    13 165 118 202 218 72 56 204 239 55 90 160 197 179 1 57 31 79 144
    147 214 215 36 74 156 134 170 33 240 162 1 203 196 181 200 73 113
    191 57 224 112 226 165 243 202 158 11 190 86 89 215 154 146 15 106
    88 38 7 63 83 224 156 80 136 100 108 170 107 116 192 94 45 33 34 20
    143 153 30 26 234 88 75 64 137 19 62 81 231 167 10 243 167 36 250 5
    212 131 185 176 169 240 49 124 85 59 251 198 204 81 28 88 65 188 229
    230 214 189 54 126 152 230 30 1 37 18 46 120 223 58 2 211 30 237 69
    20 99 69 110 12 161 193 41 48 116 186 47 178 4 133 56 220 118 25 108
    190 147 232 168 167 174 205 94 59 137 119 165 203 231 48 250 77 84
    246 2 99 101 201 169 77 156 79 98 121 6 38 84 197 130 25 45 225 246
    165 248 50 137 15 202 39 10 22 11 110 143 83 0 217 60 141 58 29 83
    196 25 125 200 185 178 174 189 137 91 226 237 221 194 228 202 11 67
    92 87 255 184 252 3 106 217 225 198 23 76 218 80 10 231 120 86 27 99
    239 251 20 217 44 74 43 128 237 253 181 114 90 62 235 109 172 242
    175 59 138 26 163 34 223 161 121 223 245 36 209 195 197 90 118 208
    185 210 23 214 239 11 25 113 42 251 4 98 31 82 85 174 172 74 197 106
    183 64 247 32 89 220 65 132 197 182 167 52 136 223 246 60 4 214 157
    207 10 41 8 236 225 199 250 242 222 42 89 134 6 162 80 67 175 75 144
    1 175 105 63 70 69 250 237 207 219 72 46 218 2 144 130 75 117 66 219
    164 108 5 72 55 86 52 90 152 185 194 136 60 17 66 233 247 96 161 139
    216 16 200 227 27 25 227 48 187 162 27 238 109 199 111 96 210 171 53
    145 55 22 189 131 252 21 83 145 221 27 131 215 153 6 53 159 156 204
    66 98 33 28 131 192 245 230 103 124 144 114 89 243 16 159 223 66 196
    78 42 168 167 16 50 113 76 219 144 76 55 124 239 7 221 104 44 16 249
    134 94 188 127 151 217 104 218 62 1 69 100 131 173 58 204 24 29 221
    167 122 212 214 63 79 63 93 175 125 242 120 67 1 145 80 215 209 236
    229 121 195 111 202 61 199 178 82 146 196 89 66 181 206 165 110 66
    118 76 232 111 42 66 26 150 44 147 119 105 89 94 248 197 71 14 93
    158 226 163 154 55 212 40 154 215 156 39 231 171 254 153 207 203 175
    188 221 218 244 159 85 9 144 155 124 11 68 6 132 116 119 25 116 17
    73 195 167 145 216 166 246 104 65 162 142 88 122 104 25 234 79 93 75
    52 30 198 122 145 88 76 129 45 220 248 77 94 250 82 141 96 133 206
    148 99 182 80 9 120 82 89 238 215 31 242 110 123 239 207 252 40 243
    150 204 137 0 238 233 53 228 156 205 169 229 68 24 214 57 123 155 48
    197 96 93 97 35 159 175 193 194 81 110 235 228 78 125 166 87 107 208
    36 19 116 130 93 67 231 91 54 88 121 48 214 30 67 48 110 132 55 237
    91 175 64 18 72 143 196 239 171 159 129 117 157 38 102 147 44 228
    129 77 74 98 19 152 226 122 35 155 166 161 254 136 71 75 192 0 9 254
    240 55 228 223 152 158 243 58 233 127 93 164 128 180 159 255 130 211
    237 201 34 139 245 208 224 249 147 15 206 254 42 30 143 211 4 34 174
    175 114 231 23 64 58 81 218 206 40 161 93 237 0 122 105 172 254 61
    122 114 197 132 114 183 31 35 79 103 252 184 49 2 80 236 172 90 106
    225 244 19 180 196 192 251 98 118 63 61 56 154 129 245 47 83 224 36
    28 196 145 31 39 239 46 33 151 115 135 51 247 151 84 63 229 110 211
    15 123 133 233 193 99 134 91 242 169 197 242 146 19 192 135 231 210
    107 66 17 227 82 116 160 49 214 10 159 233 187 232 48 204 82 83 122
    52 178 231 47 18 20 98 42 228 15 122 36 226 76 31 147 95 174 241 216
    207 76 235 111 106 229 53 159 193 156 112 161 164 100 231 0 111 107
    222 197 32 130 109 183 156 235 89 73 17 9 228 112 107 51 186 146 193
    63 246 121 240 214 13 53 236 245 253 71 95 106 140 94 76 190 207 121
    38 67 24 233 21 187 99 73 5 166 114 179 94 52 20 83 36 229 47 176 64
    4 232 251 109 240 78 71 238 174 41 7 58 0 255 71 194 151 68 178 103
    207 236 11 227 133 172 138 174 96 241 8 155 136 28 147 147 83 194
    150 3 46 190 145 58 138 39 10 7 39 154 113 215 12 175 121 23 28 224
    81 126 179 70 133 246 29 148 23 116 203 38 100 33 34 155 114 173 121
    127 55 86 81 190 111 19 171 222 128 154 17 228 18 102 220 148 241
    120 172 119 32 75 43 43 40 6 171 94 178 86 196 67 161 87 205 180 207
    170 62 67 117 106 197 28 123 195 225 67 166 146 149 84 173 112 59 78
    91 37 126 175 154 154 161 72 36 64 45 59 12 247 220 190 162 199 129
    141 223 195 56 129 202 166 16 197 154 158 43 92 238 172 8 111 86 223
    41 41 250 224 214 126 90 57 214 194 105 157 177 60 194 134 150 64 67
    97 151 16 50 134 165 70 217 85 193 75 139 29 169 86 123 245 178 255
    145 113 58 23 112 48 215 228 195 146 57 170 7 69 231 205 121 83 133
    228 43 20 239 6 196 40 82 54 183 182 238 211 223 242 177 11 116 116
    68 224 33 177 152 79 182 134 15 145 19 70 173 111 47 11 54 146 145
    31 76 81 93 221 165 103 102 124 206 17 89 166 200 93 177 91 86 123
    185 161 85 154 5 15 4 161 165 176 219 251 73 130 163 184 122 129 247
    45 167 90 207 66 166 70 212 15 46 95 64 41 154 17 254 140 5 209 161
    111 81 35 27 193 169 26 231 158 51 128 47 151 43 245 18 213 13 168
    189 55 29 183 55 71 44 230 45 178 95 157 177 63 235 119 245 155 252
    101 143 109 194 217 74 140 13 147 30 94 40 5 78 208 244 151 39 175
    80 116 90 182 214 52 13 228 216 153 113 5 26 205 59 30 30 119 84 253
    70 172 16 13 236 89 40 32 69 42 25 170 45 99 126 190 180 197 79 246
    232 239 151 56 131 91 168 176 208 111 21 166 141 164 146 118 91 216
    29 15 237 15 54 251 11 238 64 74 89 32 231 50 202 247 113 212 204 77
    89 59 64 240 201 109 206 87 25 187 245 231 26 178 64 175 122 127 188
    194 6 58 161 185 116 105 13 110 60 33 220 131 97 190 239 255 43 217
    185 7 32 188 2 62 92 173 57 206 128 90 17 98 235 248 39 152 16 178
    192 175 119 138 223 71 144 158 254 70 149 59 102 8 142 48 140 35 173
    237 87 37 12 204 100 174 205 9 3 198 243 124 120 147 87 211 215 66
    38 35 147 236 49 179 130 219 178 16 223 148 162 116 214 116 254 40
    182 179 227 130 198 14 239 220 128 36 180 5 158 55 229 180 18 51 224
    122 249 204 90 49 234 234 62 43 38 218 191 180 69 224 36 234 42 14
    109 32 144 126 32 128 187 78 24 87 122 152 169 209 182 63 18 209 171
    20 116 2 199 97 89 133 80 214 167 160 110 234 110 237 94 17 218 7
    238 68 156 223 211 237 241 184 251 163 47 144 73 162 99 68 55 108
    111 103 87 243 13 77 171 179 92 246 168 189 231 162 189 46 164 86 43
    192 248 22 226 163 161 94 24 119 149 143 22 244 144 83 144 99 180 62
    22 177 5 135 246 179 236 154 204 27 80 179 126 164 80 9 240 39 167
    197 45 205 17 186 12 74 200 252 153 217 216 225 203 73 102 104 120
    97 127 78 189 39 112 245 133 122 97 33 63 164 236 236 14 122 162 88
    142 23 190 202 16 46 110 32 169 86 168 122 227 129 32 15 179 78 78
    127 172 136 54 22 123 60 195 178 56 66 211 155 251 163 253 1 59 182
    50 68 90 36 231 72 234 60 94 160 113 215 132 169 168 29 211 22 140
    202 113 57 252 56 92 206 73 35 92 23 150 11 82 186 193 128 64 66 9
    72 124 228 150 47 44 175 159 214 155 209 244 12 21 247 227 187 35 38
    48 178 132 99 113 149 227 178 48 186 254 158 220 153 60 183 41 57 48
    47 117 42 196 248 17 78 162 140 79 65 242 225 16 40 137 165 236 97
    228 184 211 242 99 228 214 27 7 112 141 56 46 39 145 251 184 147 111
    75 203 131 213 98 173 107 106 206 54 108 54 175 119 80 109 157 168
    68 148 43 82 135 88 72 16 108 58 247 125 21 42 158 151 253 116 197
    67 59 44 62 119 115 156 197 255 197 86 39 197 214 86 153 20 96 19
    107 136 148 135 70 149 173 9 229 92 53 145 4 190 191 12 117 158 196
    213 196 87 29 198 63 161 157 94 90 36 34 30 31 91 74 223 124 21 254
    11 205 28 71 252 253 131 254 20 226 89 226 198 115 171 147 112 54
    177 59 219 24 188 81 255 29 189 110 243 61 0 47 239 4 39 0 152 125
    211 4 97 134 98 34 95 214 93 128 112 18 74 56 205 184 16 94 224 48
    39 109 72 6 198 205 8 21 187 83 189 179 243 82 49 20 188 32 26 93
    167 195 134 255 174 150 78 97 91 255 242 205 131 100 255 97 248 251
    203 3 211 108 120 169 1 102 101 100 169 254 253 216 54 100 89 120 68
    149 244 16 76 134 183 79 82 198 63 211 78 252 170 117 151 27 76 44
    236 63 232 173 208 117 211 33 124 23 166 63 26 25 227 191 67 178 178
    236 14 99 123 218 201 0 26 22 180 99 166 168 190 42 201 237 51 24
    176 77 230 108 95 101 210 6 199 196 102 5 101 39 179 47 244 125 83
    180 60 165 69 226 171 48 64 62 110 134 212 190 83 99 185 133 153 28
    33 125 142 253 173 116 207 224 34 71 173 70 99 144 165 16 196 73 52
    98 183 48 242 37 120 164 144 200 41 217 148 163 30 31 96 223 118 132
    204 60 212 59 221 56 117 128 232 26 249 169 177 34 204 212 10 54 198
    231 143 108 116 127 98 242 121 32 245 181 53 127 244 7 64 252 59 51
    251 109 91 78 193 40 142 213 229 51 203 156 7 46 115 33 55 46 17 141
    6 240 131 239 206 68 63 203 179 120 9 207 217 141 48 161 213 229 235
    251 11 76 210 148 152 32 159 118 239 160 138 1 247 60 127 65 68 148
    211 13 94 145 217 248 184 107 65 191 211 191 206 120 176 210 165 2
    83 126 106 9 46 84 1 14 6 147 14 96 135 209 123 111 115 75 60 242 18
    249 240 44 89 20 16 152 116 200 250 141 7 235 81 207 27 253 125 239
    26 5 125 78 223 154 126 195 201 213 211 9 172 34 253 95 194 132 39
    214 152 51 181 158 31 27 27 8 48 226 19 27 245 169 235 240 14 90 123
    209 100 226 182 133 140 225 112 84 134 58 192 150 46 94 0 195 30 4
    241 17 241 102 124 184 168 37 96 47 70 162 143 191 52 72 136 244 176
    129 205 31 247 178 158 14 42 120 8 99 185 75 80 117 8 58 251 220 208
    49 252 66 169 121 151 189 214 1 131 229 215 131 87 28 54 9 224 139
    85 10 22 202 125 241 105 213 127 41 65 152 138 53 204 50 136 72 73
    101 22 213 163 22 88 231 111 96 241 98 114 79 96 89 142 133 124 25
    202 143 32 235 198 172 77 242 1 21 149 185 69 115 40 245 135 143 25
    34 190 179 117 63 243 179 238 107 34 189 64 117 39 129 179 129 10
    224 65 126 220 160 114 184 176 112 66 185 70 46 89 220 236 28 65 255
    61 89 123 186 45 91 221 1 182 161 208 105 162 153 72 238 67 246 185
    135 128 220 13 161 215 222 237 109 186 39 142 3 54 35 74 126 244 217
    63 152 190 246 74 33 46 171 190 166 40 87 64 16 211 222 193 88 204
    167 109 190 224 59 114 25 246 87 103 160 146 136 68 73 103 160 247 4
    138 161 25 125 164 203 63 66 154 46 234 184 159 148 79 177 134 241 6
    2 101 64 151 175 106 205 161 12 173 4 30 248 117 245 205 23 122 89
    93 68 115 23 91 17 152 191 56 87 201 206 139 209 42 97 121 48 112 92
    218 57 33 131 216 34 245 190 99 140 93 148 211 134 123 38 170 57 195
    107 138 48 20 187 252 17 5 40 54 9 149 200 67 16 123 51 209 150 23
    69 31 174 153 153 217 191 247 146 102 82 56 144 170 15 175 15 31 160
    149 102 137 183 154 93 250 127 54 195 218 188 233 188 109 208 28 44
    209 128 190 119 60 177 119 175 87 83 25 86 111 76 200 156 157 195 48
    64 32 55 57 49 150 169 172 219 98 63 249 149 151 8 99 157 169 82 200
    104 47 126 0 56 192 28 254 91 135 183 153 38 64 83 104 63 14 121 115
    116 102 232 65 204 185 56 121 233 154 46 69 243 31 158 6 204 127 107
    240 100 180 61 16 45 99 235 172 251 18 95 216 180 167 129 179 134
    214 8 158 13 64 90 224 164 56 157 93 100 235 199 77 165 211 81 130
    197 1 19 245 71 202 71 178 250 115 39 55 93 230 203 208 8 215 107 0
    111 184 207 45 90 180 41 10 7 108 242 68 47 216 210 216 209 137 67 0
    93 38 160 85 222 244 59 208 95 195 179 247 61 3 226 23 184 49 75 42
    48 246 154 78 232 126 21 62 26 66 60 4 68 213 132 40 41 13 129 83
    145 21 131 71 122 156 30 148 149 252 19 151 62 209 194 177 122 235
    73 105 47 31 90 130 225 18 63 140 155 84 138 250 31 19 68 202 36 199
    162 233 239 186 94 185 179 68 94 75 29 147 14 106 11 242 174 92 144
    22 253 229 3 255 236 66 60 63 163 204 154 213 126 16 158 182 229 56
    178 48 121 31 104 92 139 187 60 6 75 212 182 227 248 172 190 133 111
    41 48 164 145 96 234 69 45 40 102 57 9 86 102 126 158 4 37 159 154
    183 175 53 43 254 22 6 143 19 213 137 211 216 251 38 243 156 69 52
    154 187 4 36 106 67 82 202 250 32 76 33 151 193 113 207 118 243 193
    36 102 181 237 115 202 133 46 12 248 83 175 132 117 69 42 242 100
    169 248 190 72 51 169 25 253 5 89 135 33 87 240 96 92 235 115 167
    166 154 48 200 204 254 239 30 50 127 61 27 210 117 229 179 24 34 159
    76 36 114 193 218 61 131 219 155 49 72 120 50 95 3 208 79 198 227
    191 156 17 190 179 127 47 180 181 85 154 245 45 249 113 101 201 117
    13 226 137 220 233 31 57 155 87 136 197 143 108 190 95 109 136 41 96
    84 169 12 89 222 36 230 200 70 155 59 82 207 212 106 12 254 119 39 3
    45 123 126 6 239 58 181 21 77 221 251 253 24 93 107 117 144 204 100
    58 169 194 88 140 43 17 246 166 101 9 238 23 186 36 177 198 52 227
    25 149 18 202 88 224 220 217 160 212 254 38 58 25 210 56 12 240 12 3
    152 158 99 9 217 67 150 46 67 102 157 225 88 2 92 238 133 119 240
    146 83 65 124 228 13 252 7 4 196 209 140 187 91 185 195 75 250 73
    151 33 207 239 130 127 250 75 94 74 162 16 61 189 232 15 205 81 106
    90 195 224 169 110 1 147 56 148 101 25 158 59 159 142 149 31 201 250
    239 108 10 59 115 157 138 160 110 87 219 64 12 253 32 11 61 18 254
    85 242 3 200 60 234 41 72 117 179 241 141 184 186 156 203 110 190 65
    77 134 57 186 163 200 226 105 172 181 37 211 220 134 188 144 142 40
    105 172 149 248 22 126 176 228 226 250 31 120 226 204 166 154 55 32
    218 91 130 104 123 188 128 104 76 23 136 205 171 227 93 105 65 192
    25 227 246 176 134 130 13 57 117 232 149 14 106 138 222 78 222 59
    115 242 9 78 196 32 129 49 43 9 160 26 90 86 98 7 21 206 51 219 135
    67 12 175 119 78 97 207 206 78 45 252 60 91 10 29 102 25 254 171 39
    169 2 40 51 111 230 166 254 140 90 142 236 74 106 248 41 41 63 105
    114 241 93 83 151 195 39 215 43 175 49 131 46 68 231 234 121 17 241
    114 145 173 189 31 99 217 172 53 248 98 246 118 149 130 250 188 90
    221 79 48 199 236 31 38 142 137 162 17 136 167 117 26 100 246 243
    147 100 211 20 188 223 230 164 219 98 0 253 232 10 12 36 206 41 31
    117 134 227 8 157 182 229 226 209 118 217 195 97 46 231 80 46 124
    193 175 235 160 90 30 23 31 9 40 214 107 121 35 54 184 238 87 46 125
    64 136 4 182 132 246 1 222 174 34 102 169 251 131 129 13 19 28 35
    228 178 65 0 219 12 231 114 31 231 35 41 250 75 213 213 106 157 33
    225 245 183 161 7 112 61 16 78 86 68 91 250 18 253 218 127 56 64 160
    88 181 247 219 248 1 220 222 108 106 177 90 125 60 198 207 186 7 216
    25 8 184 174 109 246 245 5 253 81 40 64 114 203 82 100 159 250 45
    175 124 83 33 182 184 33 250 85 186 218 180 83 192 19 204 140 72 243
    7 153 163 232 164 52 53 183 234 144 99 113 28 15 45 250 217 242 114
    120 253 255 103 22 8 5 31 164 144 150 218 122 160 65 90 129 110 157
    105 146 32 39 131 91 101 120 27 122 135 121 58 54 232 204 233 225 41
    204 13 159 10 67 167 93 26 60 40 33 91 160 7 48 130 164 219 145 225
    250 195 61 163 180 124 118 136 61 188 114 213 36 132 158 164 147 21
    35 239 115 3 134 63 139 206 195 119 84 96 84 32 228 150 91 109 127
    207 99 210 251 5 113 132 56 126 188 114 194 69 36 62 161 194 101 254
    213 99 31 100 84 215 241 236 116 24 123 134 80 196 148 37 35 39 211
    81 178 124 112 136 124 133 196 67 28 236 30 35 253 53 31 209 207 153
    106 192 248 18 96 234 93 143 181 244 83 171 178 8 123 68 245 237 28
    123 196 47 218 40 237 43 157 17 8 218 16 7 92 59 6 68 177 248 176
    211 68 11 156 162 6 152 119 37 118 176 159 141 207 168 217 42 31 105
    15 117 227 143 111 152 200 81 97 219 161 91 119 168 86 112 116 22
    173 252 132 128 237 33 66 79 124 161 167 25 166 243 94 254 25 117
    169 134 201 53 185 202 23 86 21 2 3 224 94 145 147 24 24 105 87 182
    150 109 203 33 185 29 15 246 134 36 98 30 241 208 138 223 180 245
    254 106 22 9 12 119 6 89 39 66 14 239 225 248 16 64 222 188 24 48
    189 136 195 58 11 78 171 214 191 70 144 183 69 187 42 56 193 55 19
    88 52 30 70 198 216 182 159 0 169 177 95 201 71 44 163 80 86 192 62
    177 155 207 48 36 101 186 54 53 20 150 43 24 104 202 67 79 135 85
    244 246 179 216 180 67 132 136 100 64 201 86 220 30 193 116 19 188
    198 74 85 176 99 232 90 204 131 166 198 230 172 212 142 126 50 104
    240 3 24 28 183 174 144 63 190 208 126 209 223 135 19 230 47 69 86
    205 71 196 204 207 119 138 126 42 148 63 72 189 128 211 9 132 153
    158 57 185 94 147 70 68 39 202 126 253 17 65 239 184 197 181 130 48
    40 218 54 184 150 160 100 7 247 7 149 187 215 36 219 58 92 103 158
    26 252 123 223 20 65 87 129 250 184 54 8 83 117 158 174 21 186 243
    104 7 34 251 38 32 34 119 49 25 165 134 140 125 198 57 152 82 83 12
    195 153 160 127 231 47 173 226 224 98 230 225 120 99 44 28 145 105
    202 217 217 44 188 86 208 174 74 61 112 9 209 31 209 52 208 34 15 69
    216 118 117 209 154 239 171 93 22 146 99 24 135 248 161 19 188 105
    79 112 143 154 75 81 2 20 211 103 221 236 78 218 32 232 191 211 151
    244 213 111 235 73 113 98 12 186 74 237 10 8 72 243 208 83 125 236
    194 186 104 192 27 73 98 207 48 101 86 252 29 20 108 116 11 45 213
    87 142 138 89 13 160 150 50 36 173 206 139 24 33 242 15 158 104 188
    46 253 178 41 142 173 236 109 255 105 190 64 221 64 199 178 57 126 9
    87 67 68 147 7 232 82 10 72 93 127 231 252 91 199 10 29 192 220 39
    122 132 129 86 159 19 248 103 227 36 75 47 38 75 226 72 2 35 29 216
    195 104 216 137 79 61 134 148 41 185 16 219 125 232 95 223 31 221
    216 243 116 216 56 175 115 199 239 100 246 183 182 210 226 152 178
    219 134 141 12 2 74 195 61 104 224 233 33 182 118 103 250 45 252 159
    114 24 124 170 242 243 126 181 161 139 44 77 18 164 91 66 202 161 75
    35 15 165 148 97 150 65 142 148 23 187 117 163 234 203 170 204 152
    251 159 136 177 190 107 37 224 181 255 10 122 95 188 55 36 90 248
    191 209 186 119 207 223 62 131 147 107 13 129 206 116 146 155 125 46
    187 130 68 142 233 157 85 142 165 222 181 201 142 176 213 98 7 241
    43 70 35 155 125 52 211 137 143 249 191 168 187 199 217 76 152 224
    103 43 193 142 215 173 120 151 54 106 72 48 209 113 19 234 142 96 7
    83 38 123 143 78 246 53 24 253 156 176 136 35 62 89 117 203 230 173
    207 124 7 204 66 145 34 197 67 248 157 134 28 232 212 24 142 66 130
    15 104 234 217 3 152 103 203 234 34 227 37 151 147 52 94 71 148 7
    194 34 130 118 35 231 157 121 233 249 21 13 237 242 198 176 212 171
    186 68 247 50 86 52 163 93 130 118 51 40 43 49 162 237 179 91 234
    233 120 196 26 164 177 8 99 63 82 90 236 0 133 223 206 87 55 92 37
    73 144 5 206 156 115 53 145 241 62 248 178 190 100 40 128 186 54 216
    40 98 238 168 89 219 199 130 150 191 89 60 34 124 84 5 93 226 49 152
    189 248 138 14 212 208 183 49 19 95 54 217 131 113 199 128 162 140
    143 210 50 61 189 197 250 236 139 51 31 57 98 97 41 137 138 18 201
    122 250 35 254 82 182 70 110 7 157 228 235 246 165 80 119 64 126 158
    229 72 90 119 200 244 195 245 210 235 69 210 163 27 238 167 96 234 1
    37 23 135 46 128 189 48 155 170 74 206 184 64 77 95 37 43 64 227 220
    166 229 45 25 7 2 167 229 200 123 114 238 184 212 65 171 134 105 87
    166 195 30 69 187 181 122 227 38 85 30 123 189 56 14 43 248 44 102
    180 207 25 42 10 150 181 128 62 40 103 5 65 84 169 142 0 179 110 199
    123 90 227 48 156 184 136 2 157 228 135 182 153 184 207 11 129 56 40
    33 143 63 159 196 12 245 36 144 76 43 212 152 56 147 131 216 120 201
    13 102 115 89 240 247 138 151 62 112 29 132 112 130 196 205 119 163
    203 33 250 184 253 91 80 140 189 140 89 253 142 45 128 201 240 44 63
    44 2 162 78 123 71 66 31 51 198 192 229 164 105 10 211 188 47 106 3
    229 232 133 222 164 94 246 165 16 241 93 196 37 94 196 115 16 157
    154 55 241 55 250 141 33 239 162 193 252 167 163 237 130 205 36 197
    6 175 88 88 166 159 204 96 11 56 65 89 229 163 203 133 209 61 62 126
    208 164 131 48 43 110 124 87 130 121 23 125 69 57 188 34 148 162 200
    142 5 135 208 174 78 237 12 21 204 186 253 113 47 236 195 63 86 109
    24 88 12 30 60 89 123 74 89 22 59 207 23 58 20 242 66 183 222 163
    124 55 143 123 149 115 121 156 158 120 237 85 145 54 138 135 50 136
    130 247 67 28 130 157 111 192 131 68 172 124 158 28 18 252 43 249
    141 109 97 82 236 28 127 100 50 45 29 35 34 32 96 152 224 92 153 26
    124 26 203 199 217 36 124 23 105 149 62 248 111 133 214 121 132 59 6
    7 90 91 228 170 108 38 53 174 6 205 58 22 239 243 253 136 6 108 160
    52 10 122 92 2 225 18 77 198 175 235 248 44 207 165 58 77 16 206 246
    51 144 44 40 250 22 99 161 248 177 60 158 196 207 185 79 56 228 72
    147 8 81 50 168 81 87 24 71 30 32 193 200 65 10 74 195 216 85 135
    131 37 247 3 151 204 162 97 152 202 123 106 248 148 68 130 156 3 148
    236 174 41 228 252 62 226 67 212 201 118 162 61 218 176 149 253 106
    220 167 188 104 103 201 44 227 149 100 140 239 214 47 88 155 6 242
    230 41 97 171 187 232 75 79 28 248 44 136 233 176 125 49 53 76 183
    79 136 125 170 72 22 206 249 182 137 182 85 14 67 106 22 10 23 165
    91 44 66 142 221 30 57 216 236 255 128 195 211 34 195 242 140 85 153
    169 37 161 239 132 171 35 63 1 49 148 64 103 125 54 25 243 71 152
    241 35 208 5 137 2 2 156 164 39 105 60 182 139 20 63 195 170 51 85
    108 154 54 122 82 242 12 215 132 85 232 240 73 45 43 254 18 185 198
    102 136 243 59 207 68 17 167 89 129 92 229 4 145 139 106 246 157 238
    144 169 227 67 135 107 75 211 212 195 149 235 192 3 166 124 53 208
    162 226 200 81 203 222 66 97 143 16 9 116 128 207 67 3 42 30 234 218
    155 235 79 54 149 38 170 254 190 255 230 202 49 91 162 56 3 136 108
    173 83 199 126 86 206 246 161 133 206 137 87 123 178 9 254 166 182
    142 21 14 160 103 193 243 65 75 169 222 210 202 21 148 233 68 226
    103 61 147 109 204 3 67 248 20 207 139 150 255 54 53 57 56 122 22
    243 177 37 102 187 227 226 217 124 5 1 215 150 234 246 23 155 101
    197 71 89 11 99 100 64 220 193 129 180 40 216 158 78 33 79 174 32 51
    51 197 108 48 173 190 163 21 76 182 170 222 90 127 218 72 69 74 219
    182 6 75 234 87 228 246 245 1 66 142 114 41 11 216 161 223 119 238
    196 77 73 126 14 2 107 50 200 198 225 229 164 65 205 38 121 160 174
    202 215 130 72 78 62 156 226 88 78 181 113 234 143 200 241 165 232
    86 138 194 14 110 6 221 11 230 231 128 35 50 15 210 41 16 153 208 45
    56 4 213 200 134 62 41 175 112 89 132 192 220 33 45 224 73 72 175
    101 125 72 39 29 99 39 239 165 9 25 53 173 142 57 225 206 224 124
    246 143 248 233 168 117 4 122 182 74 231 20 101 213 9 108 84 162 8
    118 57 26 141 174 69 168 35 129 90 43 182 191 67 4 66 72 157 5 159 8
    119 199 22 149 142 255 171 8 16 225 16 223 224 191 10 41 59 180 14
    211 181 110 151 152 240 210 239 232 236 136 249 212 179 158 168 5
    113 228 136 178 215 95 252 158 117 181 245 89 8 48 188 34 95 70 33
    11 254 100 147 200 150 41 29 203 144 21 163 132 171 18 28 211 4 176
    4 219 210 227 243 91 155 225 177 61 90 202 129 76 56 244 198 188 69
    196 5 117 71 212 42 169 154 79 183 162 165 10 227 169 159 24 97 132
    31 118 47 116 44 113 136 126 199 46 151 159 240 74 171 120 163 182
    125 128 205 252 170 241 149 192 125 219 75 160 103 219 91 111 86 148
    57 65 152 156 195 13 11 212 218 55 152 113 154 178 208 9 136 30 70
    169 125 100 136 7 52 27 25 129 220 42 154 217 17 10 237 71 79 50 89
    63 0 245 32 39 50 170 118 206 139 153 179 108 98 212 207 236 211 24
    199 60 192 137 241 199 15 142 228 88 211 216 113 27 128 125 108 51
    175 124 226 243 1 97 255 133 234 248 59 194 205 202 32 59 12 100 130
    58 225 244 18 46 111 97 140 149 13 129 40 208 76 23 181 182 124 20
    164 80 170 108 5 118 16 232 68 113 227 186 209 32 117 226 42 183 237
    100 222 239 13 126 169 127 207 201 43 14 77 189 125 42 197 25 207
    132 118 133 189 159 235 91 215 48 233 158 177 18 11 9 24 110 81 78
    69 140 110 237 175 112 125 175 200 245 200 134 189 234 74 225 21 80
    235 36 210 155 204 88 250 101 187 132 108 221 99 70 122 210 209 252
    19 147 223 68 22 245 114 181 1 185 120 110 244 231 117 47 52 185 122
    83 29 81 60 218 11 241 207 56 72 35 172 111 122 187 45 148 130 233
    153 56 71 99 255 177 194 115 186 36 119 6 102 163 226 253 98 217 105
    156 29 207 131 112 73 147 14 6 118 136 153 67 57 149 174 238 91 88
    27 9 107 222 21 188 7 208 7 59 227 150 221 3 40 221 28 27 195 186 62
    105 116 97 244 86 156 126 214 168 72 140 13 40 146 235 56 183 110
    180 23 187 101 24 114 34 244 76 44 6 146 108 240 208 138 37 75 81
    145 122 6 244 249 201 42 250 118 225 176 42 150 213 186 208 82 70 53
    113 216 34 221 142 120 136 12 90 34 86 85 189 116 243 84 223 56 235
    156 148 87 112 113 120 97 216 101 16 34 174 82 179 90 172 214 212
    237 8 20 157 101 170 243 122 75 4 151 103 136 170 62 160 182 51 81
    154 186 201 89 19 12 175 239 228 121 64 198 104 219 48 117 182 86
    153 247 5 30 244 16 185 245 121 60 242 211 193 71 232 252 187 149
    216 34 211 206 161 20 20 31 5 209 241 206 37 63 165 255 128 70 168
    14 190 162 61 247 205 122 80 169 123 0 214 124 20 121 0 141 53 176
    209 85 8 192 27 175 209 250 136 231 196 220 149 223 235 114 252 196
    109 232 242 26 236 144 55 135 150 234 108 41 61 123 2 75 120 44 240
    119 180 30 217 10 158 44 245 197 139 221 59 161 146 239 46 96 111
    188 194 233 46 146 16 181 179 7 46 231 187 104 104 209 135 61 199 92
    113 155 221 99 242 193 139 172 53 146 219 84 26 82 123 52 133 251 64
    116 98 184 109 156 116 214 112 75 172 66 148 83 109 28 15 235 170
    149 116 238 213 109 53 207 64 165 54 8 55 69 185 231 220 241 128 11
    227 97 106 214 90 95 7 142 121 173 59 221 220 224 235 42 236 115 216
    49 181 237 251 247 235 79 165 36 101 117 171 159 58 221 124 106 245
    180 137 174 207 36 234 89 205 27 147 79 19 116 35 198 169 24 29 185
    109 185 102 5 237 106 13 221 66 174 111 192 251 15 90 93 141 135 19
    75 69 47 104 202 220 9 34 245 84 130 143 14 12 63 99 113 173 187 84
    1 32 116 106 7 110 83 59 10 220 194 215 118 249 177 216 50 146 176
    207 64 29 223 161 238 94 45 151 42 248 5 253 65 82 35 134 78 200 139
    17 82 107 49 27 112 169 160 22 6 138 187 80 171 244 30 139 198 90 50
    148 50 141 180 240 157 83 171 248 120 125 20 141 14 218 253 128 184
    182 126 247 205 38 250 95 243 211 57 145 198 89 24 247 121 14 57 134
    72 33 55 6 206 166 230 2 67 32 61 242 23 85 42 245 232 105 31 22 195
    145 4 193 129 3 253 42 11 62 40 22 185 109 245 131 206 76 8 95 202
    24 175 226 26 168 74 183 209 95 36 114 76 70 166 68 231 162 17 87
    154 197 26 90 218 234 202 4 100 185 197 251 53 173 172 208 186 37
    235 217 73 90 231 181 147 131 60 86 132 38 209 62 224 134 44 4 214
    15 240 207 151 139 54 47 195 228 233 91 137 224 95 108 21 24 108 162
    220 198 203 211 92 199 129 193 83 55 48 188 44 229 89 192 252 69 116
    3 101 230 37 45 178 141 200 249 240 67 55 203 161 153 182 121 83 30
    58 115 132 253 216 33 214 231 190 47 115 103 153 47 137 70 153 58
    188 33 35 210 16 4 130 113 63 105 92 2 79 136 226 48 179 251 74 153
    179 156 184 132 149 240 130 32 103 185 133 245 227 248 203 213 94
    216 42 81 177 86 205 219 119 112 208 26 51 194 16 114 157 223 78 60
    132 237 205 105 134 170 220 82 240 43 36 192 238 208 209 30 25 209
    226 12 240 185 194 2 190 254 17 184 137 192 166 233 197 130 46 105
    165 175 113 1 69 197 247 124 99 225 88 24 75 15 46 43 145 187 199 2
    133 182 228 35 33 190 241 158 70 164 229 150 231 7 219 138 14 120
    201 108 211 171 100 203 54 107 204 250 6 245 247 80 110 5 31 29 3 2
    230 86 71 128 189 218 241 205 191 129 241 251 142 56 82 250 36 119
    87 2 70 53 23 15 150 118 1 127 4 220 118 20 136 1 223 67 159 221 157
    24 213 252 208 214 99 70 58 222 85 174 43 66 211 40 138 144 122 228
    70 199 59 188 79 41 47 48 171 174 202 135 242 145 69 130 19 66 100
    220 165 148 120 138 100 79 132 76 39 223 193 23 153 235 170 227 14
    17 122 71 236 7 149 158 111 134 70 172 9 209 214 55 151 159 128 17
    223 142 12 49 189 193 151 7 219 247 236 240 133 68 93 59 212 83 128
    1 149 79 43 234 48 107 151 212 56 176 65 160 137 221 165 21 59 243
    68 213 28 92 68 23 51 7 254 241 12 253 209 244 147 136 173 149 70 58
    45 230 167 132 172 51 40 146 87 8 133 25 229 26 144 84 163 205 33
    151 153 155 245 206 249 105 249 37 249 155 177 4 118 104 91 157 59
    239 142 136 223 172 53 60 121 69 64 51 179 105 138 102 240 77 8 37
    129 85 246 185 233 112 88 173 127 50 202 46 44 175 198 34 128 82 180
    26 12 207 43 54 25 7 161 188 74 204 183 207 94 76 79 222 43 210 48
    254 46 180 87 7 193 15 235 17 132 8 228 121 50 136 15 252 121 190
    199 68 1 177 170 250 83 213 15 151 178 218 157 224 243 30 8 166 25
    184 230 127 49 214 92 95 133 126 139 74 111 236 148 50 18 193 218
    144 247 75 176 101 143 69 132 172 231 251 221 236 179 6 58 134 74 46
    154 162 151 223 75 144 151 192 68 230 255 37 64 206 137 183 63 30
    190 92 47 125 155 80 206 52 252 247 196 80 34 21 209 173 72 201 7 23
    252 74 106 218 169 160 127 77 230 174 129 119 4 155 116 247 188 210
    95 60 242 42 119 86 139 10 93 178 207 4 196 134 51 137 107 117 7 88
    126 218 19 101 144 72 164 202 71 200 238 47 229 154 193 12 70 204 76
    131 94 195 151 245 65 228 239 235 41 226 202 14 10 129 68 78 35 29
    98 12 131 106 156 204 71 239 139 165 155 254 226 5 87 112 1 116 48
    100 158 9 240 151 60 57 34 146 131 152 146 186 133 244 166 248 50 50
    188 0 30 154 48 138 102 30 152 47 181 238 205 128 94 120 13 240 109
    113 28 194 12 18 149 255 114 246 252 110 128 104 21 55 240 30 96 145
    48 102 50 44 190 170 69 106 235 233 93 87 216 209 3 91 245 86 45 65
    2 97 243 42 177 159 183 218 102 24 35 124 125 112 0 17 47 120 168 20
    127 129 28 33 215 125 122 75 172 223 119 177 248 154 179 62 135 7 18
    247 219 4 164 126 222 133 196 169 188 84 226 29 18 110 128 80 13 235
    253 114 227 142 20 110 140 210 110 193 137 137 243 68 109 155 253 43
    27 57 179 229 13 63 99 168 204 252 51 240 158 154 72 246 202 250 112
    184 211 58 239 59 91 3 224 111 154 234 143 53 173 110 187 23 43 232
    162 113 52 38 190 81 255 141 49 239 99 155 222 202 40 150 25 16 93
    55 163 254 159 230 72 216 133 169 22 100 58 59 232 13 202 122 78 126
    204 84 191 61 25 129 243 95 25 90 119 35 22 215 179 75 60 80 2 226
    64 77 75 225 59 248 186 201 213 62 74 72 218 230 60 27 160 37 103
    227 105 22 94 34 233 181 178 210 67 222 254 244 85 227 182 136 36 81
    141 72 137 29 85 216 205 255 208 160 66 74 81 120 9 182 20 245 215
    33 24 142 168 54 153 107 66 170 65 49 220 61 253 143 191 77 184 23
    106 225 229 232 253 54 61 63 237 89 195 166 15 32 14 6 75 151 90 192
    206 24 96 117 82 5 146 36 75 19 195 22 43 69 0 223 46 242 105 148 36
    186 92 198 130 147 98 218 246 250 61 164 65 129 200 72 116 229 20
    173 128 24 136 93 218 25 1 67 238 80 99 242 136 219 184 155 237 101
    162 67 171 69 23 182 141 235 132 43 44 92 143 90 117 40 70 115 45 33
    255 70 208 52 167 161 132 60 253 189 1 107 137 187 124 238 58 125
    224 211 230 52 188 255 131 242 222 103 158 199 184 212 40 153 5 89
    182 32 146 227 76 32 121 25 169 143 154 69 142 157 226 168 174 8 57
    213 136 250 44 185 63 109 224 214 223 13 22 205 231 101 121 204 59
    117 223 145 1 161 221 228 8 69 159 202 94 41 210 28 34 110 211 104
    70 46 42 2 3 168 107 254 41 31 4 213 72 92 4 68 109 47 36 156 11 18
    137 157 175 172 115 217 254 54 33 218 205 70 240 200 216 58 189 156
    229 89 40 203 40 50 176 25 45 210 32 1 166 169 139 38 155 229 1 21
    175 192 99 92 220 61 217 54 140 1 36 218 19 60 165 168 126 150 229
    128 7 111 182 142 110 95 199 183 246 85 39 222 56 35 136 13 23 37 37
    239 193 147 147 42 33 155 77 248 55 84 110 4 151 56 50 201 89 149 77
    129 126 184 202 201 184 27 169 59 223 150 73 144 67 186 243 122 180
    51 245 88 5 47 25 221 10 86 169 32 173 94 192 117 107 187 95 2 203
    54 188 86 248 248 204 82 164 112 109 89 18 228 124 185 90 8 58 114
    244 11 132 217 24 84 152 79 42 88 78 201 99 246 172 216 111 166 156
    167 106 162 233 111 197 151 142 3 212 39 68 230 198 142 175 138 44
    48 23 33 228 78 217 67 21 233 49 26 249 138 12 73 241 142 233 56 100
    5 140 119 224 59 90 60 174 53 187 112 91 190 106 205 61 230 126 187
    135 218 51 238 21 26 147 160 111 90 253 210 237 184 229 156 215 141
    105 222 199 19 8 74 52 14 157 129 210 209 54 243 193 165 166 67 99
    112 244 196 160 221 249 10 122 25 213 87 52 243 215 86 34 204 116
    118 172 211 21 76 11 67 232 147 75 219 124 10 66 50 145 224 205 9
    133 68 78 236 51 251 202 61 13 222 197 7 184 163 184 75 0 41 88 238
    85 56 186 199 241 125 26 237 21 249 185 185 19 57 174 182 169 185
    167 170 113 158 22 161 146 160 115 37 21 136 192 189 81 185 161 215
    200 15 236 193 143 5 165 80 254 55 214 153 30 63 187 255 165 174 72
    148 155 88 248 176 127 135 231 121 97 207 78 88 49 23 92 100 95 17
    66 11 171 122 255 172 31 182 106 113 216 110 252 51 2 82 221 155 177
    100 67 254 31 97 70 213 181 6 128 113 253 62 244 190 204 109 57 240
    248 18 20 246 31 195 25 52 187 252 183 250 211 11 119 126 89 96 70
    62 40 210 139 14 80 70 247 87 192 188 164 235 127 243 250 177 132
    143 186 216 168 212 220 122 90 171 95 26 104 217 74 217 206 235 42
    201 36 48 70 223 59 49 75 89 152 4 2 175 174 233 217 85 115 180 104
    91 182 225 108 51 13 68 248 81 219 229 20 191 73 121 22 148 151 134
    10 196 55 23 57 177 247 233 216 188 192 216 151 202 152 156 33 177
    169 41 188 120 26 103 209 31 100 66 135 61 161 0 108 11 178 141 191
    145 143 211 40 31 97 56 239 38 215 250 59 254 242 83 3 73 146 235
    174 50 24 247 169 79 205 239 63 23 7 6 239 138 79 163 239 54 127 226
    174 16 101 182 242 66 219 187 12 69 225 187 245 66 159 200 149 28
    153 245 126 178 63 241 78 214 174 249 248 249 215 148 235 221 65 12
    19 161 143 200 173 123 118 120 188 136 132 80 235 166 34 161 104 186
    208 187 161 247 22 74 230 164 104 101 49 251 77 26 165 62 149 218 39
    80 43 157 128 234 63 57 29 137 23 66 47 170 152 188 6 253 110 17 162
    203 139 101 129 112 251 36 255 217 139 184 34 222 97 28 83 0 13 66
    128 242 148 51 17 236 37 139 50 220 249 219 206 32 39 95 244 118 57
    81 193 120 144 103 87 34 154 232 255 149 35 209 37 98 181 193 108
    102 243 127 224 113 137 176 95 140 155 142 38 21 238 247 235 132 30
    80 45 26 217 60 8 212 94 172 163 194 172 144 203 46 72 235 248 131
    42 211 206 62 226 78 13 151 151 100 140 162 7 158 5 64 40 34 174 245
    205 24 240 85 255 196 168 213 82 46 221 114 60 235 235 170 22 26 86
    92 237 100 156 72 113 222 0 25 196 223 70 204 8 146 200 108 142 9 94
    70 118 134 205 112 59 104 77 142 200 235 60 186 227 198 197 37 83
    175 25 132 51 67 221 148 100 137 30 93 242 55 74 178 23 105 99 57 86
    11 19 129 213 54 241 185 236 235 53 223 162 50 187 245 128 33 54 60
    48 0 220 117 242 234 221 116 95 18 95 22 36 96 134 162 65 81 251 238
    158 186 214 26 49 7 47 251 237 228 179 86 249 88 117 214 80 130 88
    51 42 207 128 157 135 202 69 212 152 230 0 128 111 245 117 38 120 20
    247 136 92 0 101 85 55 221 138 32 100 230 80 4 249 64 108 38 127 69
    209 150 104 54 144 25 60 107 132 122 110 109 50 155 42 110 42 133 26
    211 23 255 178 96 25 210 2 219 142 56 72 239 128 21 4 150 34 141 2
    163 51 195 132 151 104 46 76 82 116 41 114 107 19 168 215 59 144 28
    74 233 171 137 104 135 215 16 161 34 225 153 5 148 35 161 173 234 20
    232 63 111 103 28 189 111 158 101 153 176 116 240 134 182 11 149 14
    136 49 254 233 250 134 177 111 212 35 144 78 241 4 248 108 253 122
    23 39 221 228 104 97 174 212 229 238 1 85 129 123 14 130 213 161 129
    93 216 236 46 114 74 132 65 127 14 132 167 251 14 141 117 39 15 132
    158 58 110 155 55 197 234 175 49 62 178 16 205 94 169 5 149 201 234
    180 135 249 72 214 83 51 2 119 213 218 39 89 160 132 1 139 139 189
    45 254 15 12 23 114 204 132 188 212 118 167 142 243 243 121 170 2 14
    61 205 94 172 155 168 171 12 229 11 52 46 110 116 70 192 128 242 166
    37 132 213 64 112 187 112 25 5 136 82 118 92 193 185 243 114 97 105
    131 198 48 51 58 233 25 5 98 119 30 255 29 237 107 21 251 40 113 252
    91 134 207 241 195 145 65 224 101 4 104 207 12 71 21 26 145 137 98
    36 210 132 6 243 203 221 148 70 57 168 53 124 8 78 159 124 137 224
    208 229 92 239 141 51 109 46 155 205 3 59 213 65 211 180 68 61 91
    135 96 30 87 53 236 54 8 195 184 3 93 35 222 140 122 65 217 55 48
    208 110 8 97 253 206 32 1 217 30 175 33 130 47 68 218 22 30 177 166
    26 200 159 140 61 186 170 88 245 120 17 242 78 209 187 168 44 52 54
    54 252 199 190 46 179 50 96 38 195 152 190 194 64 18 185 245 187 82
    226 101 152 173 34 243 50 10 177 67 184 135 239 249 210 185 195 76
    82 102 141 205 21 83 182 158 67 62 191 70 96 68 241 140 128 148 24
    231 35 237 143 156 174 212 9 234 131 202 69 112 29 11 59 1 238 14
    157 34 18 32 172 84 53 239 30 85 65 141 221 209 208 178 209 237 173
    3 10 175 152 19 1 28 175 150 195 62 235 137 34 207 145 72 97 72 232
    167 104 143 78 113 77 107 241 123 26 33 192 161 83 233 228 107 43 99
    115 45 202 249 16 222 240 232 11 146 114 87 243 249 139 51 0 97 186
    100 135 39 199 19 20 63 247 173 188 6 39 98 153 143 23 94 20 227 72
    183 23 186 211 245 185 39 161 64 182 18 145 197 65 60 93 251 204 242
    133 107 136 239 20 84 22 86 47 124 150 248 22 249 242 82 94 146 74
    193 220 252 21 201 132 14 57 113 82 180 82 178 28 16 240 48 31 187
    107 131 212 249 167 15 233 165 201 236 132 48 143 214 28 235 116 119
    87 218 112 173 38 4 24 226 223 32 21 156 28 197 169 62 134 164 26 83
    53 58 104 22 41 40 54 42 79 241 118 71 166 228 86 221 43 12 248 153
    50 22 157 109 90 159 84 131 21 89 95 172 211 24 178 94 177 157 162
    189 109 150 184 237 103 132 25 0 37 175 17 35 8 229 159 39 231 218
    202 160 147 151 217 135 238 24 55 197 61 113 25 57 100 56 10 199 245
    168 47 178 183 135 129 17 126 92 94 33 12 40 112 175 51 225 45 213
    66 156 142 143 129 219 246 244 12 41 124 144 162 10 57 80 140 30 81
    75 216 116 58 194 33 84 169 123 2 197 157 184 23 32 194 28 0 179 173
    18 253 43 229 15 67 116 86 60 199 101 61 94 5 160 61 123 92 255 231
    57 117 196 246 105 114 1 143 122 126 111 244 72 238 246 132 87 175
    139 0 114 161 156 249 230 216 34 126 127 245 228 137 117 177 115 218
    22 32 168 207 193 237 57 42 86 54 18 81 71 244 213 13 66 183 233 123
    58 96 168 79 64 72 57 144 249 104 44 222 156 152 118 115 171 82 124
    229 96 214 223 122 54 194 206 252 104 188 159 103 228 120 216 228
    211 75 205 171 41 238 46 9 12 148 159 124 74 41 88 172 203 77 145
    175 49 212 55 162 227 97 140 71 237 219 129 177 80 244 211 35 207 59
    148 169 201 150 154 85 224 53 66 152 252 174 142 34 60 33 232 74 88
    72 50 33 189 71 60 20 175 210 204 249 254 79 42 108 17 160 84 72 107
    153 71 210 13 67 153 150 26 19 7 11 244 143 25 160 11 145 104 251 28
    83 34 55 154 159 42 245 78 177 191 187 255 21 254 150 137 169 63 80
    155 34 47 196 1 214 47 222 15 252 29 142 162 0 204 140 223 232 228 5
    0 211 104 160 53 117 104 192 84 87 0 181 248 186 9 204 101 91 60 174
    103 147 106 65 211 51 121 124 147 16 35 36 238 186 168 237 246 65
    126 60 42 3 113 162 4 168 162 190 224 207 213 47 76 133 186 110 121
    146 236 16 153 159 9 213 163 197 40 154 195 211 184 35 193 89 151
    121 253 9 194 120 30 245 156 196 81 13 104 56 80 148 206 238 116 127
    207 109 111 23 132 45 91 11 6 147 95 222 40 52 20 175 138 39 113 20
    160 213 114 163 79 230 75 113 135 67 248 154 229 108 230 227 105 176
    190 61 120 38 130 38 103 237 93 201 55 185 42 138 38 91 25 139 225
    218 146 1 37 145 163 54 60 162 38 245 87 134 255 197 233 4 18 210
    186 220 241 217 186 5 74 89 239 107 57 137 165 117 98 255 57 2 4 94
    58 191 177 244 199 15 86 230 110 90 184 222 223 121 154 174 217 188
    4 109 27 45 239 113 88 201 37 157 18 207 122 251 217 144 177 78 151
    208 55 143 93 11 81 23 217 240 83 175 115 156 110 227 76 80 36 59
    189 254 183 153 253 220 143 42 105 199 103 91 14 77 72 168 160 151
    180 103 203 129 64 215 97 51 60 88 173 78 211 39 124 36 209 143 120
    241 105 192 35 14 131 180 205 92 201 216 202 142 63 116 55 113 162
    196 23 12 100 21 160 107 236 134 220 75 249 67 60 123 13 94 123 90
    221 152 228 114 28 90 44 242 226 63 226 88 186 210 255 138 56 89 115
    190 15 99 148 199 21 146 122 207 131 254 251 141 17 183 179 82 43 0
    175 201 63 54 174 144 183 243 220 42 140 225 54 237 134 156 98 200 2
    214 99 49 129 71 120 230 9 160 253 68 98 81 128 192 248 219 128 94
    148 120 205 162 38 45 184 57 216 209 224 4 213 112 15 62 210 199 98
    134 81 87 254 75 10 180 243 202 248 27 76 116 151 86 160 224 183 77
    175 207 100 192 194 41 175 111 3 244 76 11 227 8 105 148 144 122 92
    141 127 249 92 130 36 115 115 3 108 196 79 124 130 34 0 174 21 173
    227 191 153 24 186 35 235 51 131 92 161 8 174 235 169 155 119 243
    247 98 0 175 18 138 42 139 96 15 48 247 208 100 102 141 122 35 224
    93 85 197 157 204 42 245 108 68 203 82 210 154 184 59 139 172 12 147
    242 29 87 253 156 113 34 243 141 227 86 220 27 252 220 184 31 5 112
    182 87 10 64 112 130 189 210 170 72 130 92 43 89 98 93 237 58 157
    161 248 89 207 144 253 192 164 216 23 27 193 79 55 51 195 143 197 22
    78 74 247 196 190 23 172 66 118 188 169 206 193 55 52 168 213 106
    128 60 66 199 219 75 21 177 141 40 73 187 190 150 245 217 42 156 66
    91 111 57 176 68 82 75 232 215 200 96 253 127 121 158 233 94 91 34
    77 193 73 90 187 89 230 87 165 160 69 24 17 0 176 149 208 9 159 124
    105 98 89 218 245 95 60 129 96 38 127 46 145 28 193 235 30 225 92
    144 147 216 174 233 136 7 192 254 141 33 125 179 158 241 152 55 233
    51 89 133 81 16 208 104 254 100 174 139 123 175 3 54 153 243 185 103
    199 160 127 85 166 15 184 111 185 157 0 136 231 172 225 1 150 91 105
    49 160 172 69 136 4 235 196 239 64 247 180 190 100 138 241 47 191
    155 126 239 132 207 171 219 216 26 176 223 188 105 111 135 58 210
    107 94 131 27 30 210 214 144 157 226 181 155 149 137 212 212 90 192
    43 76 113 233 160 57 254 15 60 175 246 0 236 73 173 190 14 94 94 72
    146 44 104 192 10 138 105 123 164 209 139 5 218 104 145 56 41 57 65
    116 216 245 152 195 214 26 240 251 213 106 24 90 224 134 254 140 28
    219 151 120 240 222 71 4 170 125 6 200 244 85 214 243 63 136 160 178
    207 178 234 138 176 199 121 102 153 159 0 68 10 192 196 199 118 207
    90 24 90 205 136 49 68 212 133 167 107 97 21 153 142 79 74 131 104
    163 15 150 54 25 44 135 90 4 120 134 16 146 111 111 102 116 45 116
    13 171 243 254 102 130 134 81 74 184 3 18 220 78 174 125 2 57 234
    234 253 250 143 50 162 182 191 103 120 200 3 68 238 165 207 24 191 6
    206 236 231 109 184 181 223 216 47 37 223 94 213 11 248 128 246 126
    174 147 2 82 132 75 38 150 149 204 181 113 125 227 124 1 206 127 225
    220 188 2 95 218 25 244 57 232 125 80 146 153 117 32 204 92 247 71
    61 122 58 14 255 208 90 158 70 243 235 210 207 194 20 196 108 118
    159 245 232 13 191 197 13 143 30 182 128 169 120 122 143 209 93 217
    221 179 168 86 211 50 81 206 135 120 201 179 79 169 197 40 252 218
    250 232 71 150 9 72 200 7 227 42 160 197 243 104 64 38 233 42 139 98
    108 166 118 23 41 124 33 193 25 117 42 219 54 128 96 191 201 73 43
    125 216 123 69 59 255 75 36 99 247 145 9 222 142 238 190 243 52 123
    248 119 107 61 131 101 25 51 140 241 11 240 211 212 225 65 12 235
    211 152 181 232 3 164 12 57 227 27 82 68 240 62 45 104 7 187 107 208
    174 163 71 1 32 167 6 99 241 158 1 147 67 95 221 83 221 153 135 202
    215 177 130 160 45 154 47 160 77 199 52 207 13 87 107 192 187 220
    252 211 126 145 217 69 255 219 86 137 121 69 245 99 91 168 103 151
    227 31 123 247 11 240 210 155 93 47 195 83 95 190 238 23 9 0 141 117
    201 176 241 239 15 86 67 130 39 182 71 191 220 174 40 78 180 189 214
    170 173 200 214 18 121 18 60 108 71 64 137 75 83 246 165 9 131 98
    106 222 81 172 216 3 211 47 183 168 252 81 78 159 134 228 98 115 144
    16 178 103 252 180 176 236 211 178 118 163 160 95 61 153 240 18 68
    223 102 243 164 201 117 46 45 57 248 200 15 63 239 174 207 125 78 42
    187 12 76 41 222 83 240 120 178 6 128 133 33 220 171 68 238 112 107
    202 104 241 7 18 55 218 140 179 241 243 232 136 239 162 219 157 243
    92 43 64 117 118 132 39 29 197 0 130 198 5 183 32 44 187 44 200 2
    187 174 237 217 249 191 146 152 204 1 148 255 21 231 161 221 220 207
    177 114 11 235 99 92 237 22 186 46 74 56 13 96 249 168 206 148 171
    123 214 229 204 1 150 147 121 166 162 182 123 40 160 199 194 239 72
    139 112 248 227 87 122 41 156 194 139 104 100 184 84 78 70 39 155
    120 132 18 111 124 11 240 239 179 215 10 147 4 154 143 85 172 121
    190 53 93 145 202 166 43 121 33 236 224 229 124 70 185 127 225 132
    237 250 20 80 228 206 9 23 35 104 40 201 30 207 205 26 210 164 149
    110 222 169 65 74 243 213 31 148 240 83 202 111 199 155 16 84 33 186
    68 63 207 239 77 36 202 169 19 88 110 61 88 167 177 203 174 172 225
    82 111 146 240 86 57 202 182 79 236 133 173 29 242 79 242 37 96 40
    183 105 130 214 48 10 42 67 94 105 104 179 223 210 22 162 227 11 75
    195 121 126 146 24 68 202 201 177 188 50 170 185 186 48 240 90 33
    175 10 82 201 205 114 191 224 110 22 140 108 147 135 40 89 241 186
    114 86 56 215 138 142 247 156 67 205 116 114 90 157 164 167 99 113
    107 141 171 177 249 132 173 43 174 171 196 108 55 232 63 72 241 203
    78 96 13 247 80 42 186 219 74 184 228 108 180 145 124 147 250 213 26
    148 161 59 87 145 123 66 181 157 68 168 255 82 174 131 185 253 212
    166 121 239 168 10 123 202 195 135 126 197 142 11 200 186 156 215
    189 207 199 202 79 108 188 57 245 142 83 19 52 41 212 207 143 115
    194 192 29 206 2 124 130 94 224 121 107 99 143 49 26 204 144 248 201
    52 11 79 95 156 90 18 48 70 10 146 194 160 39 133 153 106 19 148 250
    176 193 63 25 17 31 178 193 194 205 163 168 113 147 138 61 76 230
    197 98 183 222 43 236 41 164 168 167 133 62 46 199 151 194 75 135
    231 28 133 129 133 90 108 241 15 254 144 241 87 120 183 121 168 158
    93 132 98 10 99 161 198 197 91 153 154 51 75 147 134 114 129 77 183
    157 39 164 239 133 187 30 97 174 30 213 147 152 78 48 172 76 234 10
    143 156 249 181 190 24 18 189 234 79 127 57 182 245 206 140 26 141
    166 136 116 236 3 49 20 71 167 131 198 114 121 226 176 179 133 94
    145 207 163 249 53 28 3 2 11 26 39 131 77 200 65 81 153 244 40 255
    164 145 163 134 39 247 135 127 153 94 98 57 198 30 128 67 201 70 71
    201 78 83 20 210 7 78 99 228 64 118 126 26 227 30 228 231 203 15 105
    226 179 135 9 229 189 92 116 74 204 167 5 177 64 155 131 77 238 31
    151 204 18 249 252 37 250 191 6 210 1 167 221 99 238 115 39 123 68 5
    201 137 81 55 12 194 10 87 106 232 14 38 114 11 244 118 255 101 235
    107 32 120 190 212 189 212 107 240 238 151 75 88 240 246 106 139 82
    141 91 106 175 95 154 77 107 112 60 54 227 136 107 27 161 28 152 116
    248 87 57 127 246 145 90 124 41 227 228 152 102 66 119 148 134 161
    179 166 88 108 109 26 157 142 123 228 62 213 61 255 96 147 179 73 75
    251 36 143 104 8 141 171 251 208 41 154 6 85 147 109 158 82 155 147
    48 48 40 164 61 118 39 223 118 201 118 202 50 252 251 148 174 100 2
    137 195 56 82 46 191 222 2 0 155 175 44 34 141 149 207 252 215 30
    200 173 42 11 207 1 0 147 66 59 120 195 51 62 103 53 156 6 48 119
    107 211 155 46 131 172 193 55 79 229 182 156 112 239 84 6 40 166 113
    28 223 206 173 185 165 117 64 132 117 193 172 151 145 254 153 47 69
    238 57 26 159 245 139 22 112 178 3 149 124 115 147 191 67 241 111
    157 229 156 239 113 32 29 15 42 74 217 54 22 25 41 43 102 145 232 69
    25 160 68 109 28 136 137 176 89 174 219 29 122 44 25 234 71 32 41 32
    159 17 146 197 11 251 213 177 225 123 188 225 114 45 23 214 45 89
    111 205 80 89 132 111 101 41 156 203 46 128 26 204 25 126 94 25 163
    205 135 142 152 227 138 177 181 133 15 114 107 186 5 97 168 240 64
    248 25 241 7 39 35 119 111 22 253 139 227 90 104 216 10 45 214 156
    215 77 25 139 106 128 22 64 151 246 130 5 162 177 200 17 147 210 190
    250 23 230 78 226 219 211 223 52 109 111 5 198 8 110 102 13 52 176
    139 182 4 138 99 240 217 117 67 106 173 120 184 94 163 71 126 187 80
    254 153 13 35 161 221 224 228 96 198 26 139 86 98 85 121 241 122 107
    204 161 194 181 187 236 153 55 67 30 214 204 87 249 120 94 167 135
    49 228 100 119 26 151 202 209 24 66 134 93 86 17 38 226 156 39 12
    125 191 191 123 80 52 23 64 177 96 211 81 25 147 91 114 82 114 246
    155 123 52 233 102 138 250 233 221 111 141 200 226 122 16 10 152 223
    66 180 238 248 62 55 25 46 25 4 0 39 137 171 112 238 105 90 69 247
    63 83 187 89 199 6 204 102 60 233 147 180 227 106 108 42 19 246 138
    122 98 126 103 166 209 203 221 6 114 63 72 76 36 33 18 255 40 24 91
    75 207 33 23 213 15 71 254 103 120 191 189 56 86 247 212 91 126 201
    39 87 119 165 136 201 90 155 32 12 104 38 238 67 71 79 130 255 221
    20 24 236 89 200 42 187 244 7 255 69 143 117 149 102 34 73 94 136
    174 49 207 28 155 85 93 142 81 35 213 252 35 95 248 255 216 84 72 83
    193 213 2 83 193 173 7 58 109 185 124 71 236 51 173 120 51 210 62 94
    154 154 80 145 145 201 57 112 125 3 206 90 202 62 252 151 25 161 230
    247 173 244 215 79 124 67 6 97 233 144 72 63 142 219 76 72 69 117 56
    97 70 159 165 155 216 14 145 129 181 24 127 166 70 145 180 145 92 24
    234 182 34 136 127 88 77 137 94 232 130 153 142 90 64 99 66 71 87 49
    138 57 116 135 253 97 153 69 161 204 127 193 227 19 61 146 105 71
    148 221 249 197 14 216 30 137 72 238 46 196 193 251 170 184 210 130
    198 0 157 175 25 33 5 19 78 138 114 193 187 62 153 133 80 160 218
    206 75 188 198 21 16 95 160 123 94 209 20 211 14 128 203 89 40 217
    154 20 112 83 242 55 211 174 70 2 90 8 140 16 39 43 14 13 122 133
    226 115 27 90 38 54 240 24 93 183 13 89 218 1 132 24 250 182 224 252
    135 199 213 22 170 78 244 103 97 145 241 171 85 154 85 70 32 126 174
    211 9 165 171 13 95 97 3 12 31 53 108 210 4 80 12 55 167 153 117 70
    94 36 126 8 185 36 115 100 201 71 118 189 159 243 64 232 40 128 154
    228 104 231 168 216 173 136 92 88 82 131 36 73 145 92 19 17 42 44 42
    174 175 243 158 187 96 44 103 245 133 76 193 29 132 34 216 132 94 5
    33 65 177 213 81 51 112 233 140 244 97 106 27 48 56 186 57 142 154
    165 205 117 185 112 204 249 243 110 87 57 165 53 91 181 161 205 132
    158 221 142 49 207 216 242 73 28 49 84 224 127 80 225 207 10 93 184
    241 62 63 58 28 113 230 99 43 240 29 51 157 252 128 182 240 61 239
    118 113 96 86 153 78 174 207 11 14 158 104 208 21 180 27 26 79 27
    253 46 118 235 52 17 136 169 186 146 24 190 1 116 223 221 197 202 44
    81 231 130 204 19 227 239 44 42 171 45 150 10 114 227 129 139 191 19
    90 33 188 1 113 142 139 74 177 241 6 105 22 139 149 4 87 172 227 242
    182 97 101 62 15 230 17 236 85 115 221 134 236 42 23 135 159 221 92
    239 193 9 118 88 177 63 254 96 163 48 231 150 41 65 2 139 254 186
    181 160 97 34 184 41 214 178 51 224 30 116 76 59 225 187 175 94 9 25
    101 22 61 37 170 53 46 135 198 60 129 47 100 46 93 29 247 113 65 167
    225 130 227 71 1 240 15 154 161 246 100 124 81 123 86 38 15 192 160
    58 42 147 107 101 240 59 77 176 166 122 155 99 195 117 81 174 59 75
    77 147 223 212 171 249 153 231 192 45 19 127 220 139 71 132 204 149
    63 220 61 206 227 46 91 199 62 156 141 70 105 198 135 201 155 2 74
    49 165 121 120 27 65 118 38 161 168 68 222 87 238 207 216 164 128 61
    168 89 144 193 181 82 75 110 85 254 43 222 166 21 242 10 166 171 31
    7 69 33 21 159 135 109 148 113 63 88 164 44 9 185 48 122 142 248 246
    9 16 20 52 23 12 177 100 133 178 192 218 110 218 239 56 74 233 9 32
    141 47 7 102 87 235 111 46 180 15 187 173 134 36 181 138 177 122 165
    237 137 17 250 118 223 208 182 73 69 28 43 118 140 36 20 94 46 151
    246 135 142 128 165 203 73 124 248 171 231 214 54 227 27 7 220 102
    164 26 82 223 59 21 157 75 183 122 108 237 160 117 13 254 173 88 159
    249 78 79 115 192 189 111 110 34 11 208 168 95 45 228 36 1 218 137
    132 107 21 182 62 146 147 64 75 134 37 85 231 50 122 201 75 193 223
    193 66 210 82 23 231 128 202 90 30 96 57 115 1 3 214 191 217 157 128
    102 69 232 126 136 235 187 40 205 58 245 116 47 181 68 159 101 199
    187 90 254 215 190 173 102 10 122 38 105 192 95 186 24 224 76 134 0
    241 76 20 248 35 112 93 242 223 1 50 11 27 215 148 47 130 15 128 141
    127 217 33 252 61 180 230 7 245 217 56 238 2 182 118 77 96 241 133
    144 65 188 81 35 63 8 35 213 156 156 79 17 41 40 191 239 155 213 223
    244 192 212 250 193 64 8 200 220 96 24 220 190 98 134 190 103 114
    159 155 118 169 146 101 226 63 54 74 98 31 240 235 198 13 153 4 130
    37 211 118 222 37 52 123 240 76 138 207 142 215 176 125 104 179 119
    177 7 170 136 153 48 64 232 36 159 122 151 34 212 104 65 71 187 99
    207 97 133 56 201 253 175 196 75 218 74 33 48 185 135 94 166 141 3
    97 219 157 111 49 47 82 96 119 90 193 12 219 4 58 46 182 89 104 164
    249 137 98 87 235 122 233 80 230 198 57 176 210 238 60 75 72 37 78
    97 70 245 37 59 186 114 235 135 25 212 177 1 165 178 236 195 85 122
    148 0 110 118 4 162 146 37 155 195 53 94 161 239 82 232 117 8 227
    113 0 114 56 141 32 151 186 212 54 237 140 49 187 148 208 237 244
    234 187 229 242 123 220 189 48 91 224 125 169 186 243 86 218 40 92
    200 246 138 93 9 97 115 57 207 13 245 208 181 150 144 19 152 4 26
    231 22 224 43 139 30 176 227 188 229 113 87 92 171 89 252 2 67 53 41
    199 189 49 151 189 43 68 200 246 107 180 157 60 250 137 146 88 207
    218 98 128 20 125 79 245 191 44 229 246 24 91 36 62 52 252 248 22 69
    145 80 220 45 64 149 113 140 130 93 96 80 243 187 27 227 227 145 130
    143 161 149 156 196 69 33 196 145 63 91 42 81 90 5 204 150 188 36
    229 153 19 31 167 92 66 166 116 226 167 219 240 40 231 60 12 112 237
    45 148 8 158 11 135 245 114 58 248 196 237 252 113 112 43 198 151 14
    66 163 47 29 141 139 99 187 173 90 219 220 240 70 236 18 165 196 228
    231 162 17 240 213 214 95 239 89 74 10 137 202 111 46 193 119 98 165
    56 28 175 39 106 25 233 22 237 114 128 33 27 161 0 242 245 118 117
    160 107 236 142 58 104 35 241 0 236 142 125 249 57 175 42 26 208 241
    238 0 189 1 182 171 33 221 50 158 49 60 34 227 218 190 20 254 31 42
    133 246 128 164 129 124 243 247 59 106 237 19 196 60 81 212 180 25
    59 157 7 226 110 128 140 184 238 229 104 145 176 211 139 23 177 244
    164 35 130 75 118 245 129 217 96 253 66 194 171 198 37 172 199 226
    195 157 33 9 66 40 57 242 55 236 229 113 236 215 192 177 179 163 143
    182 100 114 86 11 120 126 65 151 42 230 253 166 202 33 240 156 243
    191 23 161 9 245 36 183 120 242 161 19 4 7 57 2 128 145 246 208 176
    250 141 84 89 117 112 49 252 122 171 214 83 113 55 71 162 204 149 84
    79 252 233 204 233 119 45 111 98 51 50 238 49 123 194 184 50 95 71
    29 163 52 18 79 123 123 146 25 222 154 107 125 60 35 134 200 95 224
    64 250 110 25 34 223 112 88 233 171 186 12 65 16 224 11 241 194 96
    33 229 208 253 53 133 184 107 164 233 228 166 137 249 28 211 151 207
    47 54 113 216 6 198 63 227 82 82 111 231 166 249 186 165 42 24 32
    232 158 90 165 189 72 53 123 152 169 17 10 47 136 40 173 95 25 148
    133 154 222 227 107 184 203 106 207 166 147 219 49 93 199 169 203
    254 207 246 244 160 64 20 9 65 39 180 4 165 137 4 132 160 223 146
    165 200 177 156 204 166 145 166 183 110 88 25 5 112 212 88 5 65 109
    33 92 68 200 188 102 93 80 229 134 216 108 140 53 233 84 139 241 209
    183 139 34 40 202 52 0 99 69 149 13 199 47 58 61 251 202 228 123 24
    134 147 168 207 214 170 90 131 24 40 164 85 145 52 51 113 9 92 15
    244 171 181 45 69 10 137 202 170 101 161 115 171 158 219 103 159 79
    38 33 38 18 33 33 223 185 206 124 63 189 245 183 174 236 80 75 198
    36 230 189 18 13 249 144 110 113 92 89 86 34 33 68 145 71 100 147
    112 214 87 224 103 84 217 143 43 197 6 17 149 124 150 1 21 67 60 83
    40 235 0 106 148 164 136 110 211 204 50 112 17 87 78 66 255 247 182
    52 61 156 26 33 13 255 150 83 56 247 212 36 196 73 195 51 207 27 27
    182 161 35 243 42 90 1 125 33 124 8 52 85 223 172 77 202 178 126 99
    214 205 31 221 59 44 253 71 21 27 241 152 211 67 222 126 251 175 37
    150 74 172 82 98 188 8 171 119 162 122 171 118 45 194 8 133 171 125
    149 105 105 118 134 5 123 49 69 121 190 32 119 217 76 208 171 36 35
    199 216 149 160 214 166 188 123 93 51 70 196 141 93 123 4 122 201 6
    62 125 171 140 213 186 248 184 69 161 203 68 118 189 171 170 145 85
    186 71 127 12 142 8 118 223 48 165 251 22 169 176 55 54 115 186 94
    239 79 33 174 122 160 227 62 196 213 212 210 119 59 51 67 173 186
    186 38 249 118 57 131 129 108 22 254 51 73 213 195 236 55 149 131 98
    143 111 249 161 162 133 155 37 115 157 176 12 198 152 142 23 163 198
    174 133 146 196 153 176 220 141 150 174 47 79 34 191 219 88 212 105
    167 185 229 255 205 191 125 180 100 173 174 113 125 244 130 56 211
    65 170 138 46 6 213 19 28 77 127 195 45 30 234 10 107 79 119 185 64
    252 73 160 140 27 10 167 14 148 239 113 88 89 10 187 231 210 24 250
    123 232 192 194 251 158 59 134 215 96 111 81 4 236 224 223 226 211 2
    254 110 0 196 241 134 48 54 223 107 116 77 88 225 176 212 141 203
    209 181 159 126 220 185 95 177 5 105 139 74 109 176 74 47 37 142 65
    6 9 237 126 153 155 203 231 39 77 220 200 10 188 208 175 14 93 28 80
    25 203 7 58 25 234 174 200 24 187 201 135 103 186 190 94 115 41 143
    160 169 81 204 153 26 253 216 113 232 244 228 106 179 174 37 43 242
    80 189 15 169 239 23 89 178 3 120 126 123 58 81 9 217 109 178 205
    185 52 227 82 33 99 66 19 89 67 109 26 76 33 228 38 83 21 30 169 175
    143 143 10 83 78 60 118 218 216 79 169 249 120 72 126 244 74 19 151
    106 195 62 169 242 184 155 59 175 132 71 36 99 121 249 123 10 75 59
    60 87 44 4 232 252 186 32 25 150 63 152 168 199 107 209 132 16 103
    82 30 245 249 206 106 108 216 113 47 159 44 75 43 62 68 84 244 229
    47 236 38 81 143 8 106 191 93 111 86 109 18 110 242 235 40 17 126
    232 34 106 52 179 235 252 232 52 58 232 132 190 22 79 148 96 62 134
    138 159 230 206 185 152 45 129 80 230 32 196 204 22 78 13 15 55 66
    178 9 229 120 179 242 181 94 133 132 63 167 186 82 77 233 250 26 248
    49 50 104 226 155 122 33 230 233 186 106 31 38 210 243 22 250 19 156
    213 58 88 154 228 170 247 143 83 137 138 234 112 9 141 123 61 246 40
    20 9 110 165 201 198 115 199 185 13 72 212 116 159 15 130 175 115
    172 138 120 136 169 153 216 34 103 236 207 44 171 134 174 63 51 233
    110 242 9 172 209 101 89 172 6 9 33 123 140 243 98 69 250 36 231 0
    230 41 35 249 9 186 13 117 250 127 73 83 167 245 100 205 207 0 206
    157 94 190 121 86 52 109 136 247 221 185 54 1 195 45 112 251 156 131
    62 96 78 102 141 102 42 141 156 202 56 33 125 69 218 199 253 75 96
    137 59 190 53 40 196 140 102 216 185 80 171 199 140 159 72 244 19
    198 156 69 175 236 72 108 60 8 243 120 120 251 114 69 68 157 142 197
    110 6 120 181 44 221 209 101 177 220 135 224 54 150 242 121 52 246
    149 180 109 237 30 121 137 106 247 101 212 23 8 15 211 216 148 87 34
    161 42 206 227 82 70 118 55 94 150 230 130 92 137 18 144 166 188 107
    56 218 49 185 166 156 151 223 204 118 240 109 137 196 91 254 37 212
    233 236 211 121 239 177 245 137 33 216 92 47 128 97 28 111 140 250
    61 125 228 238 130 144 84 142 14 107 214 170 106 194 61 10 182 154
    88 118 156 202 2 80 143 97 157 163 129 160 167 24 148 33 6 224 15 10
    142 218 74 154 94 82 37 92 130 73 16 243 180 29 105 43 73 187 151
    243 74 32 106 42 231 46 15 65 213 121 181 229 169 242 181 185 39 132
    74 236 57 125 179 13 1 161 153 224 210 242 203 211 223 34 89 48 19
    158 58 198 42 216 250 230 227 141 244 169 94 134 69 233 15 152 158
    197 28 218 229 226 226 234 217 76 120 108 253 223 151 199 230 252
    255 39 145 95 243 92 34 179 239 226 194 237 35 239 229 181 39 139
    162 174 37 78 38 101 208 16 43 128 99 63 117 174 86 55 190 37 29 51
    43 160 39 212 48 199 162 224 221 66 238 11 144 99 98 1 167 88 90 38
    185 179 64 10 46 149 191 3 203 213 111 140 11 97 163 4 101 40 205
    110 245 14 253 119 14 131 104 254 187 100 144 159 104 125 81 251 233
    129 1 140 223 89 88 177 25 224 217 197 100 236 76 6 42 246 227 202 3
    240 139 95 46 156 196 150 182 28 13 72 31 77 155 213 32 139 99 175
    209 37 180 100 75 41 44 10 220 17 206 172 102 19 246 255 217 158 201
    102 218 226 234 67 201 239 57 228 177 117 81 78 194 174 145 219 240
    39 246 39 120 222 10 234 106 116 189 126 224 4 118 112 47 187 133
    182 28 170 59 222 243 55 0 111 242 251 242 111 167 31 30 51 180 237
    18 164 226 187 135 203 60 179 174 60 128 23 69 239 26 175 33 20 90
    18 116 255 57 35 77 165 101 29 97 36 1 221 79 174 125 27 28 48 18
    241 133 68 221 132 138 107 164 96 160 209 207 3 72 70 70 120 129 219
    86 239 242 81 168 97 17 49 233 106 65 187 247 68 210 211 194 243 64
    141 21 177 243 92 152 239 36 84 107 59 164 34 238 80 82 118 173 224
    172 16 49 184 243 214 144 191 250 129 50 127 193 128 134 102 24 23
    227 39 111 222 32 179 6 124 76 33 27 92 33 228 232 96 219 194 193 78
    92 233 202 123 131 230 46 40 3 227 65 207 131 105 17 128 110 237 179
    100 88 100 27 254 175 48 47 216 23 8 38 43 80 116 233 123 4 2 161
    104 57 119 54 49 72 149 184 240 192 159 97 117 171 232 69 144 224
    218 157 7 43 159 214 192 130 167 231 98 177 122 209 86 118 37 25 112
    155 134 178 246 230 80 224 97 194 34 224 57 5 236 217 204 106 157 35
    108 170 249 255 50 189 197 63 133 248 106 237 208 125 219 226 13 196
    164 26 44 125 112 117 128 30 119 158 96 190 212 52 235 49 57 201 102
    1 154 30 68 187 201 171 192 97 181 204 4 8 185 216 175 66 210 164
    251 48 58 131 234 122 208 118 174 40 132 178 36 67 238 26 103 198 61
    68 31 17 154 67 4 102 113 185 207 133 107 85 144 12 183 20 195 125
    71 131 217 199 128 181 176 124 5 202 99 161 192 226 42 237 51 189 29
    67 247 97 221 252 56 198 102 34 102 121 168 19 157 68 253 188 205
    120 32 97 235 36 179 99 198 211 74 72 40 19 58 159 81 215 238 85 136
    217 27 204 236 190 2 90 197 61 242 245 38 139 29 172 22 179 208 34
    133 189 185 26 132 162 9 125 205 242 159 148 48 14 216 122 243 221
    220 231 238 92 98 246 93 11 49 249 47 180 30 134 82 109 23 238 51
    239 109 53 198 182 58 198 47 112 131 113 9 133 79 39 75 29 216 44
    150 234 88 87 197 162 151 2 160 78 13 249 64 124 208 59 75 41 116
    123 191 101 247 201 207 239 186 25 172 23 213 155 254 231 193 10 149
    78 233 38 114 51 154 119 12 191 180 140 134 25 224 124 58 193 11 43
    116 254 140 112 68 216 50 20 102 51 127 249 209 181 136 121 200 237
    6 198 156 41 76 36 195 178 124 252 182 41 48 31 167 84 164 96 218 68
    127 14 90 30 246 71 37 223 142 179 65 69 195 75 86 181 134 42 209 68
    5 251 111 138 125 104 105 151 44 46 136 2 118 108 212 82 213 107 188
    101 182 224 204 8 77 226 88 146 133 69 120 104 234 125 58 25 129 202
    222 172 44 181 57 207 153 185 199 70 220 161 45 174 237 104 39 173
    172 21 88 20 14 106 15 121 23 237 201 109 68 16 161 118 129 187 199
    54 84 157 24 241 69 175 152 60 112 18 133 77 48 243 166 193 121 43
    141 196 81 44 228 235 15 123 149 146 238 14 222 61 2 186 41 21 32
    122 12 233 230 206 28 16 134 209 186 97 254 230 236 127 174 109 220
    227 92 191 229 46 63 3 148 194 134 171 4 217 20 22 45 11 14 219 170
    128 91 106 171 156 150 184 253 57 176 17 34 183 145 231 183 102 8
    120 1 72 164 95 13 15 232 104 177 113 212 127 48 172 141 254 191 190
    228 22 157 150 140 74 18 221 146 134 12 64 243 44 214 188 184 184
    168 233 126 156 108 204 201 36 90 114 69 0 114 223 193 85 109 40 77
    192 155 199 161 55 154 25 34 190 184 13 20 80 240 205 190 58 149 28
    207 144 1 32 199 89 184 33 211 231 237 154 160 151 145 163 80 161
    239 151 31 200 11 108 60 145 208 161 233 10 218 64 186 165 253 222
    149 176 168 4 15 116 200 15 248 231 235 62 142 16 66 21 170 172 241
    64 41 192 169 65 120 144 2 119 5 193 44 177 210 108 7 6 192 175 220
    254 20 205 174 146 242 163 51 35 228 165 54 175 14 101 136 207 124
    175 194 242 152 83 59 222 196 193 117 93 55 221 68 151 255 32 103
    157 187 17 59 193 139 227 209 129 230 181 199 159 75 134 162 138 27
    72 174 147 200 7 198 151 176 12 44 188 221 250 29 149 144 135 11 246
    183 242 233 126 128 87 161 95 206 250 181 36 132 112 135 116 28 211
    226 161 129 34 100 143 0 14 252 101 139 14 79 114 122 192 208 168
    136 150 117 79 117 128 250 2 20 218 78 63 6 170 57 5 101 6 223 101
    222 118 27 170 41 198 117 247 82 82 71 87 228 74 196 159 249 204 95
    201 100 4 55 46 245 130 187 204 62 154 19 66 163 88 52 245 45 217
    130 202 94 79 243 122 156 90 181 65 109 4 190 150 22 72 173 77 58
    186 60 171 203 205 252 123 135 197 119 142 209 134 133 190 28 101
    240 67 68 78 34 89 13 15 57 36 65 235 174 29 45 146 238 205 48 234
    180 251 220 208 35 181 93 210 100 103 220 186 212 147 50 166 249 138
    132 131 174 222 92 113 237 243 24 52 177 55 143 188 131 178 53 31 67
    16 56 137 215 74 59 17 9 91 59 210 28 190 114 90 57 207 193 156 160
    176 113 161 86 87 33 85 231 199 203 162 197 132 170 118 123 23 90
    182 76 14 241 88 111 96 122 135 235 60 163 55 33 91 36 118 0 60 188
    71 239 208 30 207 137 179 97 58 120 33 207 191 62 209 45 77 6 77 247
    3 19 211 195 217 192 37 204 153 106 89 254 17 116 85 189 86 181 13
    112 20 1 109 85 45 205 65 142 173 42 212 105 192 137 80 209 255 94
    74 159 52 44 95 47 253 82 19 131 116 2 12 74 100 33 18 3 227 241 8
    129 221 142 187 241 20 169 22 183 219 227 154 208 194 224 154 248 34
    129 255 164 91 201 92 233 93 110 227 84 208 241 190 103 218 57 122
    57 230 58 102 84 88 226 27 91 78 206 30 157 109 203 135 186 123 216
    40 13 117 194 118 114 110 171 100 165 47 160 75 147 171 232 217 147
    116 243 103 132 193 19 33 56 49 229 210 80 232 215 91 204 66 120 141
    176 102 203 113 233 154 39 105 169 96 36 178 25 137 92 238 124 95
    136 186 165 88 233 226 40 183 4 225 57 253 57 149 223 55 108 164 6
    140 107 158 154 86 69 172 107 89 184 164 201 178 42 10 146 22 1 64
    88 57 143 243 84 44 126 129 78 69 237 14 36 42 214 114 182 30 255
    155 16 125 253 14 131 216 121 123 116 101 67 48 8 111 38 194 218 171
    53 180 165 82 121 2 219 166 14 225 110 90 100 175 156 253 51 84 64
    225 147 152 142 195 73 230 45 151 104 201 114 201 239 251 144 37 162
    88 65 212 154 221 31 116 19 18 171 98 48 173 244 77 168 123 6 41 182
    33 3 150 94 35 187 213 34 233 150 13 85 119 173 2 145 23 5 243 253
    179 151 189 251 249 115 97 218 188 210 12 238 41 106 7 18 1 94 70 81
    175 180 212 142 169 6 16 36 62 10 76 129 197 212 40 45 90 44 189 63
    40 70 123 235 189 64 153 32 201 88 226 116 229 187 64 202 224 28 228
    117 243 138 84 177 54 147 40 171 32 113 195 150 16 123 59 245 163
    168 12 240 24 247 160 155 74 162 135 75 22 109 47 158 173 221 177
    246 77 172 164 42 248 229 60 71 161 249 177 86 158 165 48 226 86 115
    230 203 71 229 27 163 26 38 244 34 25 244 214 246 126 96 215 48 201
    217 25 241 58 250 14 234 225 241 108 157 111 236 34 169 95 174 197
    108 201 66 140 71 129 198 63 154 239 59 98 199 1 190 104 164 105 87
    41 105 141 50 176 242 11 151 27 13 167 239 136 237 181 234 213 10
    212 162 1 39 126 66 182 164 39 145 170 125 131 25 30 255 83 2 36 68
    16 132 31 136 26 26 81 195 94 79 169 30 123 97 215 1 57 252 28 160
    96 0 124 194 42 221 224 63 195 41 62 78 236 177 130 133 62 207 220
    118 153 189 126 154 17 234 47 96 76 192 99 241 185 34 61 81 115 77
    108 126 155 214 66 152 165 139 87 62 179 182 173 19 240 154 241 140
    186 5 128 164 88 27 170 16 34 218 100 9 33 150 210 12 15 167 131 227
    206 129 223 125 77 155 63 184 117 136 141 21 244 208 194 50 229 247
    92 51 243 137 19 0 100 36 184 27 98 10 243 31 31 142 129 213 112 229
    161 145 137 165 167 17 206 87 128 135 127 223 200 41 7 186 237 219
    98 234 119 62 161 206 181 67 7 248 52 2 98 73 94 165 254 159 81 237
    48 195 237 229 196 5 183 92 54 73 148 144 155 0 77 172 103 106 150
    92 56 63 116 103 26 196 141 39 228 241 23 53 18 192 241 226 119 206
    162 66 2 121 143 131 240 183 130 151 206 143 224 187 5 110 0 181 116
    75 251 221 62 10 16 123 61 200 26 111 221 107 212 136 48 34 35 141
    148 143 23 136 38 211 186 171 6 119 70 63 51 122 201 121 30 109 9
    100 64 51 12 238 58 167 13 2 3 185 80 154 70 31 110 176 135 179 67
    146 237 149 97 134 108 79 243 7 119 173 27 21 139 120 40 135 115 128
    223 84 132 41 197 70 110 51 139 108 106 18 6 143 54 112 179 144 198
    143 98 131 148 216 126 253 37 181 137 32 139 8 91 232 100 140 158 41
    122 224 105 62 228 216 83 248 145 170 200 156 123 115 74 28 21 75
    223 16 246 46 92 240 210 117 169 248 94 161 241 150 183 99 27 14 86
    30 10 137 40 120 248 24 117 229 231 230 199 24 205 154 117 191 122
    29 240 189 189 170 118 113 131 102 92 39 159 183 132 213 124 235 125
    8 254 150 141 233 82 54 170 33 173 211 80 212 75 102 60 93 5 223 66
    162 58 62 128 71 140 209 177 128 249 67 197 65 70 19 17 74 147 53 32
    77 69 210 249 86 92 50 216 227 107 24 231 90 81 48 191 114 220 151
    60 31 216 162 129 149 140 83 124 106 247 1 153 253 96 103 200 62 107
    46 89 90 239 224 165 85 52 250 228 184 228 200 141 11 44 159 161 75
    178 114 230 75 47 157 128 8 6 91 250 145 114 147 179 195 183 133 165
    93 228 105 252 152 104 216 186 224 242 19 239 158 5 4 136 220 215 12
    56 166 21 4 235 113 92 188 28 80 117 208 18 39 28 16 212 191 200 91
    75 189 209 220 172 153 219 82 36 97 119 112 96 248 111 167 190 82 28
    100 94 163 58 236 135 245 173 140 91 24 11 222 165 127 170 165 172
    133 242 128 109 237 36 249 82 76 32 134 175 39 142 228 156 185 7 181
    241 225 26 186 41 85 72 108 25 78 81 149 43 154 136 31 29 99 85 56
    77 58 97 211 212 184 235 2 119 187 213 238 215 107 246 104 0 140 215
    30 185 45 198 66 213 85 204 119 236 161 159 106 0 52 26 211 101 19
    135 148 112 120 87 116 222 165 149 18 226 223 112 235 135 183 160
    243 5 5 201 129 203 37 70 207 121 218 42 172 202 154 239 16 177 78
    226 192 98 213 64 243 95 58 54 193 125 14 245 213 134 71 76 132 90
    253 23 228 194 90 90 57 41 73 142 81 243 113 142 38 239 116 132 89
    178 136 153 44 118 168 120 136 18 254 37 238 99 144 129 121 123 178
    50 49 147 35 25 17 40 136 159 188 211 95 79 98 96 151 254 60 38 70
    113 118 97 44 13 189 113 78 103 209 201 85 129 158 71 2 193 212 7 22
    153 228 73 57 136 35 78 95 29 192 208 166 167 3 1 250 138 65 80 120
    230 207 223 127 198 154 105 250 175 24 181 1 164 242 131 167 140 194
    0 42 206 10 41 18 244 56 53 246 31 215 194 168 187 233 46 216 241
    251 227 230 5 4 72 121 178 30 127 75 126 212 63 143 38 222 226 235
    118 173 8 249 231 151 51 250 139 85 25 213 20 7 231 198 84 81 84 9
    242 183 75 29 154 195 177 42 46 205 228 216 140 149 1 44 116 86 172
    148 210 170 98 69 226 165 195 231 111 164 177 188 216 68 151 241 115
    8 171 215 224 41 134 247 118 89 178 172 244 98 161 251 230 194 21
    159 233 52 213 91 208 164 101 97 97 40 242 132 37 172 100 29 151 138
    135 202 207 156 141 211 13 161 130 234 28 227 186 180 252 79 109 60
    197 95 121 32 118 200 218 216 209 21 153 216 24 81 35 82 139 97 175
    228 117 29 110 186 178 235 62 83 183 224 49 187 43 29 156 127 17 112
    124 230 181 200 32 168 109 116 242 218 206 22 91 50 53 165 99 50 16
    169 167 177 175 204 186 18 155 20 203 139 143 88 53 75 155 27 21 108
    18 82 147 158 116 96 187 53 164 155 240 69 191 83 13 41 130 138 187
    169 94 194 176 85 171 166 203 61 160 23 150 42 188 98 76 193 164 129
    186 172 162 88 57 98 164 142 225 106 98 222 148 192 222 142 147 41
    63 85 101 163 67 239 190 188 89 225 235 157 69 236 74 199 37 134 106
    88 223 121 102 66 22 22 192 148 212 21 217 23 127 192 86 49 194 214
    53 248 126 171 189 125 62 10 110 119 225 64 115 71 255 183 198 191
    209 36 245 235 129 65 55 70 82 90 12 24 109 39 174 165 25 157 49 53
    32 138 129 197 58 1 239 0 93 223 155 179 0 117 66 92 58 11 3 199 168
    23 51 64 46 30 121 151 32 92 250 252 228 207 42 242 162 119 126 2
    243 193 231 76 122 174 70 198 112 141 213 126 128 103 223 152 164
    211 62 81 203 246 230 1 218 31 52 23 44 196 216 24 97 235 168 201
    201 217 150 48 118 207 33 80 131 231 180 193 106 76 138 181 224 48
    225 204 11 118 221 205 117 191 174 42 18 61 74 124 178 51 86 49 120
    140 176 228 17 158 151 54 170 103 255 255 51 48 215 44 79 106 215 52
    22 69 115 59 77 249 223 105 77 231 193 235 152 0 164 28 240 5 169
    212 100 3 188 189 134 51 124 162 49 243 189 150 65 0 23 71 50 124 43
    70 93 18 248 211 203 46 185 23 198 34 214 131 209 50 139 107 141 229
    93 129 153 248 108 219 130 223 126 153 157 230 41 213 67 163 77 245
    205 168 93 127 45 210 66 66 156 225 120 58 200 71 157 237 189 186
    210 189 141 149 96 219 181 131 97 9 151 6 5 170 30 113 0 134 145 252
    3 243 50 140 116 42 160 216 186 150 44 193 157 157 222 227 219 229
    155 154 47 192 215 233 176 253 61 251 157 225 153 154 89 202 135 29
    185 172 96 68 24 38 188 228 129 90 75 148 188 83 127 10 240 176 108
    241 227 171 233 139 108 146 147 243 94 127 164 197 17 153 3 170 255
    216 44 235 231 171 73 155 66 185 65 136 81 148 9 219 133 134 203 190
    249 51 27 240 241 186 116 161 89 78 255 212 196 137 189 41 202 62
    118 131 37 133 22 41 59 156 244 107 186 232 85 146 147 183 208 206
    243 121 57 238 180 35 194 187 122 171 178 121 197 112 99 242 221 206
    252 250 31 229 78 125 237 253 179 197 29 7 17 227 231 207 68 12 244
    43 32 229 158 198 50 161 79 194 220 189 91 62 134 191 146 127 221
    157 62 234 163 97 151 202 84 130 239 70 128 99 226 155 164 249 155
    100 209 21 40 38 80 176 255 53 227 26 220 5 124 231 56 19 83 172 240
    222 238 182 27 171 182 137 149 211 87 250 207 241 118 173 194 249
    243 121 13 62 227 47 97 255 84 19 90 124 99 159 79 202 222 143 178
    75 241 178 109 62 4 234 50 167 167 106 2 236 112 120 146 208 152 203
    184 210 89 69 157 214 181 82 52 73 252 184 175 154 42 126 103 236
    238 179 43 148 114 220 26 109 215 184 9 230 198 102 146 237 47 246
    66 223 86 113 195 161 180 213 32 243 129 88 22 198 52 90 156 12 232
    83 224 71 206 149 136 1 88 161 169 148 196 7 42 94 55 61 10 72 114
    177 235 121 37 198 189 73 132 144 95 86 87 203 156 12 85 141 237 198
    197 104 21 207 7 169 188 191 39 83 69 156 224 145 100 226 210 44 1
    58 219 113 152 11 181 163 32 205 94 241 94 79 167 48 25 14 108 28
    221 88 1 197 224 166 93 73 98 58 91 229 235 17 103 210 235 190 50 3
    78 72 173 47 186 240 6 62 102 1 95 183 228 148 128 75 149 109 135
    226 233 40 141 209 57 253 87 107 171 145 152 140 44 163 119 103 198
    0 241 158 71 30 198 205 82 119 12 125 230 63 90 73 6 123 25 199 185
    183 45 255 179 179 110 213 242 182 81 190 90 210 118 77 124 78 177
    166 213 78 233 207 121 125 169 184 242 48 137 164 40 106 233 169 101
    66 145 102 246 215 248 1 92 175 60 40 207 251 188 83 119 163 184 1
    126 55 234 75 98 48 73 68 152 123 77 26 61 107 114 234 91 90 117 253
    76 157 68 144 112 250 254 118 117 73 69 238 247 150 76 249 10 137 54
    177 239 36 86 94 19 148 79 74 56 241 134 225 247 145 101 227 201 201
    229 55 58 80 252 72 236 2 92 145 68 225 147 225 93 57 149 220 133 81
    165 99 212 203 157 144 125 197 201 149 31 186 64 31 34 208 98 167
    167 184 5 7 58 247 11 88 70 94 40 31 62 37 164 44 189 64 73 145 32
    176 178 50 51 49 218 249 51 77 67 216 2 250 81 211 24 73 23 61 16
    224 0 110 205 159 220 129 215 154 137 186 189 19 24 97 106 90 249
    194 192 227 241 89 226 251 215 215 201 214 174 56 133 204 169 56 58
    213 107 68 26 72 228 63 150 70 140 247 154 187 165 215 175 17 249
    206 202 80 192 26 100 206 43 197 217 169 19 105 122 207 13 121 204
    89 177 182 49 192 62 231 58 128 254 193 91 124 11 158 117 161 13 28
    3 208 5 11 189 111 156 225 150 208 133 241 226 144 149 174 68 126
    178 42 93 89 213 77 102 241 46 203 43 212 195 154 177 179 79 106 133
    127 61 64 4 243 137 235 173 133 165 120 64 21 36 27 105 205 94 179
    17 78 76 10 97 224 74 69 46 191 141 227 101 243 251 147 17 58 124
    209 181 143 254 138 240 210 51 96 3 19 114 188 111 237 213 108 187
    94 59 168 18 53 131 105 43 52 55 255 51 230 58 54 218 98 92 235 255
    166 18 164 131 233 75 164 246 121 156 196 17 30 35 36 99 4 215 154
    158 108 128 82 61 251 13 68 33 62 184 76 114 149 86 195 169 103 160
    158 65 166 93 50 206 76 197 170 163 219 241 159 100 8 25 98 20 231
    238 14 6 77 190 149 169 118 45 68 251 107 118 187 82 53 68 27 122
    238 63 182 193 82 47 210 205 237 19 137 35 116 2 249 172 81 140 174
    42 189 220 191 210 200 95 194 1 103 34 56 91 84 233 140 134 182 144
    221 227 224 219 225 4 159 70 241 129 176 65 153 207 239 137 181 136
    0 175 143 206 48 141 219 55 174 106 75 29 55 250 47 86 99 91 148 227
    105 172 19 252 47 105 248 118 57 194 99 21 73 188 102 225 212 133
    136 171 42 140 213 168 63 114 56 2 30 129 156 179 153 224 148 98 15
    7 127 152 241 181 250 184 130 31 87 0 153 46 245 24 19 121 148 122
    224 198 127 128 0 148 228 214 209 97 197 178 237 73 91 171 193 4 214
    117 234 175 220 39 1 223 128 83 48 194 44 25 238 170 161 229 43 79
    102 54 228 49 223 178 211 179 223 168 179 33 169 113 149 16 115 47
    16 66 203 52 93 252 111 154 19 205 12 189 134 21 62 203 48 223 12
    198 162 191 182 232 84 164 42 156 238 143 141 73 103 163 50 49 192
    144 215 198 74 36 91 240 23 25 160 1 121 174 177 87 16 27 196 76 76
    22 26 84 37 63 201 198 0 223 240 74 154 227 105 181 81 88 185 132
    229 69 63 192 118 180 143 134 68 148 221 71 231 158 54 94 253 252 30
    246 181 246 170 78 255 151 75 45 120 166 197 188 15 91 141 50 134
    146 123 75 203 124 132 164 31 68 99 146 154 120 98 134 18 173 86 192
    194 99 15 146 251 130 111 223 189 65 106 203 39 2 193 39 14 120 57
    70 131 236 170 57 187 245 121 186 204 198 187 75 45 250 62 212 218
    213 184 23 124 56 99 6 174 23 61 188 103 234 142 100 210 199 29 96
    91 93 161 67 165 124 1 138 194 190 114 189 21 22 210 45 38 13 160
    135 78 19 31 106 164 140 100 253 207 75 149 171 27 41 207 149 158 41
    5 227 238 129 115 188 182 83 121 109 80 54 165 210 110 179 77 102 16
    193 194 143 38 85 105 84 15 73 205 87 167 152 209 165 201 39 118 54
    119 99 67 245 86 218 49 155 47 204 97 80 169 223 215 83 146 188 118
    210 239 182 203 76 168 181 155 32 160 109 37 60 42 19 218 236 81 36
    151 55 7 166 143 236 40 96 114 164 69 245 228 246 157 200 61 3 154
    124 12 107 210 19 183 223 101 150 77 66 192 174 252 75 241 167 254
    240 72 92 227 250 104 209 251 24 122 198 179 151 68 17 7 147 220 176
    203 44 241 60 17 186 52 255 252 145 75 217 205 108 230 186 24 138 61
    154 90 45 244 195 28 98 203 3 238 185 203 207 220 68 28 60 61 148 96
    35 78 166 102 136 27 251 210 165 49 119 67 137 63 13 151 225 162 57
    162 9 156 22 64 22 148 192 250 96 16 90 68 156 105 162 122 145 160
    219 248 98 12 71 26 180 195 0 110 174 150 125 58 33 39 171 233 203
    111 168 34 91 136 92 139 183 69 89 18 238 163 159 52 231 119 254 195
    121 178 47 141 84 207 183 215 137 191 240 112 228 240 95 47 102 197
    136 137 73 212 184 213 242 18 166 78 70 76 158 52 99 104 44 39 18
    190 125 127 233 26 213 247 127 137 179 234 90 75 196 103 179 201 140
    149 113 244 44 185 80 170 29 207 161 253 70 173 181 48 82 100 72 147
    158 176 9 15 39 153 98 107 211 44 66 218 106 116 250 245 73 176 137
    160 109 166 11 141 7 202 80 44 239 206 199 1 20 191 158 246 27 52
    190 109 163 83 96 193 28 188 163 181 162 95 141 144 32 250 130 122
    156 228 228 137 8 122 138 192 116 190 73 96 81 31 202 64 17 212 79
    60 207 180 35 33 129 97 190 91 206 125 6 76 217 185 144 89 92 74 166
    181 230 220 190 42 56 165 161 87 177 151 112 1 167 170 152 186 189
    173 115 28 118 249 41 103 101 124 189 18 218 31 103 219 231 192 42
    140 35 24 224 23 254 153 159 248 176 62 114 123 132 175 28 223 194
    36 48 88 252 125 49 228 107 217 47 132 176 81 144 177 106 86 185 217
    124 36 238 205 102 213 14 17 155 120 230 130 9 63 84 36 140 159 209
    185 82 251 145 89 61 156 67 241 109 74 238 115 151 75 223 128 126
    229 136 181 245 234 18 15 208 125 238 193 58 105 198 82 221 152 198
    199 108 36 135 161 119 11 171 234 174 97 9 7 201 232 133 100 131 167
    138 190 120 209 233 146 205 22 113 174 79 14 38 79 126 219 158 133
    197 195 216 7 30 207 58 169 52 160 98 106 158 61 181 188 204 100 244
    22 69 33 185 141 94 108 86 63 74 5 217 41 165 58 39 202 42 179 101
    128 80 76 160 227 100 59 248 165 88 164 1 213 69 5 56 71 183 56 195
    100 152 227 167 240 231 189 176 247 236 250 142 115 130 157 227 30
    14 141 218 93 25 19 124 147 183 95 101 4 62 57 7 197 203 129 240 167
    98 91 155 233 185 10 97 68 93 78 255 240 91 247 120 200 136 218 121
    141 68 244 35 240 20 234 202 206 42 43 61 112 88 180 242 33 187 31
    184 61 224 20 103 181 173 23 19 82 135 154 98 178 169 15 108 56 148
    168 217 61 96 121 212 169 141 9 215 231 20 201 122 205 165 79 76 63
    244 190 164 52 245 106 181 95 119 142 202 194 239 7 26 165 142 49
    203 188 131 242 37 86 43 185 148 87 72 244 137 124 173 37 129 105
    137 218 244 102 115 192 25 156 73 175 145 54 4 173 208 234 237 242
    245 135 16 112 148 176 22 126 234 228 67 244 144 162 8 76 152 74 130
    189 246 226 18 175 64 36 209 6 192 207 181 186 185 168 77 193 117
    126 221 7 235 71 204 40 61 53 64 250 27 171 171 244 62 74 49 40 22
    195 39 228 118 212 98 195 166 241 78 80 56 193 218 175 200 144 236
    145 220 117 250 58 134 252 1 216 221 235 230 98 82 22 22 31 202 198
    148 15 250 249 138 222 251 109 187 51 68 25 109 145 87 170 254 193
    154 194 2 18 136 61 214 148 123 33 25 160 183 69 135 238 180 122 135
    172 35 130 88 155 83 149 179 225 49 35 212 1 22 46 210 23 222 68 56
    223 65 13 144 148 117 111 53 150 86 239 11 222 152 144 216 17 163
    248 26 31 165 246 159 206 251 69 102 151 11 237 49 160 247 19 36 33
    140 84 66 12 131 153 224 175 22 243 67 117 227 33 160 168 114 248
    239 51 237 171 6 12 23 179 111 38 191 84 241 24 80 230 121 85 67 230
    179 192 204 40 115 254 219 121 88 222 219 3 56 2 102 155 47 178 93
    84 53 111 211 127 98 127 30 202 11 90 134 117 136 92 198 32 19 118
    247 244 224 60 201 218 205 98 19 71 38 66 147 2 120 168 155 104 1 72
    66 0 5 229 30 186 92 39 65 108 16 33 228 240 171 102 156 173 11 201
    125 25 140 155 184 109 12 98 137 173 8 122 162 19 62 235 201 9 57
    109 40 127 152 87 86 188 227 217 245 8 214 146 92 170 104 225 192
    239 255 226 127 210 139 178 6 123 62 189 163 201 161 81 35 76 236
    255 25 116 114 84 229 123 177 81 65 47 23 123 216 37 101 174 138 242
    26 245 105 2 236 7 133 126 172 209 173 248 19 232 227 162 216 95 121
    245 93 100 235 250 81 63 239 141 101 246 21 17 19 153 162 45 116 213
    202 205 125 3 69 142 50 237 93 250 91 175 169 115 80 6 159 101 130
    52 128 245 164 138 217 105 205 210 137 47 206 118 255 6 146 151 183
    11 95 152 128 56 66 114 176 130 177 141 28 156 149 70 51 249 129 177
    89 222 113 50 140 247 119 157 104 156 201 71 81 137 167 155 18 198
    49 103 45 138 233 12 208 145 179 206 115 146 28 243 231 84 126 198
    251 133 93 52 240 212 183 23 114 178 94 30 39 4 195 63 114 128 69
    211 34 208 69 107 153 235 116 37 74 144 90 72 100 203 222 47 247 67
    33 59 8 220 201 92 55 142 72 207 224 89 88 201 145 191 86 239 94 0
    103 69 50 170 99 154 130 243 80 40 54 144 9 84 135 235 134 239 215
    122 17 152 111 244 94 30 121 15 4 43 164 231 94 100 9 14 92 170 240
    209 145 206 136 95 37 69 126 188 47 50 107 106 209 33 242 52 85 87
    42 230 38 245 175 102 141 71 57 18 7 53 47 116 188 199 190 177 71 1
    160 112 251 85 148 11 254 80 7 143 51 245 87 116 150 205 129 217 13
    14 79 10 195 45 164 217 172 85 24 51 167 204 117 240 70 205 99 73 2
    191 175 179 228 22 100 52 182 207 29 241 47 110 21 147 172 15 212
    151 163 78 77 250 121 34 198 129 196 1 146 87 5 241 118 175 183 121
    0 87 202 49 70 123 148 16 19 59 251 103 30 154 105 57 116 191 240
    118 8 219 169 116 11 83 165 88 141 238 104 238 239 243 2 135 125 163
    116 225 39 4 119 192 212 15 123 51 14 142 188 153 21 237 170 163 80
    28 156 195 46 39 114 25 82 252 157 21 25 116 154 145 167 154 11 74
    85 77 141 197 164 119 37 4 134 229 168 183 246 27 91 205 147 81 2 37
    179 36 243 153 232 16 161 158 2 11 54 250 118 131 175 235 95 19 94
    177 112 225 23 0 234 43 172 227 114 93 98 248 113 230 207 9 62 126
    232 230 159 189 172 24 14 76 31 86 77 214 1 215 180 202 104 196 68
    139 70 69 205 226 206 224 21 161 106 117 107 127 160 168 229 185 188
    28 30 14 35 86 210 24 20 145 212 119 151 79 102 14 29 25 35 115 252
    223 46 102 90 182 29 205 145 163 234 243 251 8 2 196 94 30 218 187
    180 10 120 247 205 215 73 207 168 69 195 74 253 140 235 28 88 7 124
    75 45 171 98 20 153 238 82 245 248 30 238 170 37 51 52 144 45 79 173
    229 240 196 76 158 149 68 241 180 189 221 30 49 51 72 238 51 103 155
    105 137 178 152 237 109 166 33 99 182 104 230 85 248 157 105 234 15
    142 139 115 76 181 100 220 162 70 203 59 2 138 215 25 170 228 67 125
    96 224 249 52 112 173 160 100 186 69 72 115 193 57 36 46 121 115 9
    110 113 210 139 195 44 82 91 98 165 24 204 190 147 151 124 169 168
    186 173 59 162 236 170 215 254 247 236 235 168 229 205 195 101 235
    250 110 217 50 144 226 51 118 81 196 99 33 37 134 95 29 25 119 23 18
    205 33 156 107 40 207 41 144 92 117 240 239 86 92 55 234 13 56 181
    128 50 215 19 98 165 42 28 99 190 250 77 121 2 25 225 9 27 127 38
    166 206 98 186 13 96 87 78 31 166 127 201 18 133 211 113 0 182 140
    49 1 52 66 146 38 0 254 68 189 12 41 83 186 187 241 156 225 158 116
    80 219 65 143 231 75 41 250 28 145 187 190 145 113 235 196 48 113
    193 225 4 212 24 186 192 31 221 198 255 158 160 204 18 71 91 5 109 1
    233 53 165 245 171 45 6 122 152 200 48 251 232 208 54 193 146 85 155
    219 82 191 115 224 73 10 165 225 131 86 11 189 254 202 242 209 168
    242 207 211 47 163 229 243 7 114 10 211 58 3 189 12 243 237 141 95
    16 135 183 161 8 158 255 99 226 25 227 2 132 204 119 159 60 193 13
    198 164 74 171 86 156 179 248 158 22 190 155 10 144 57 42 86 52 112
    162 102 133 187 22 36 147 136 169 148 245 35 156 133 28 50 117 91 11
    33 105 219 50 185 71 92 184 189 125 47 243 229 11 197 153 134 62 121
    230 189 57 1 172 244 221 97 94 80 206 127 46 190 44 253 222 186 140
    10 222 46 231 215 106 160 4 121 246 172 170 127 248 85 114 83 163 55
    139 93 18 162 252 103 13 82 175 111 234 183 157 87 251 43 44 201 174
    68 119 64 26 147 30 222 215 77 254 33 92 205 86 243 188 95 105 221
    201 200 95 1 48 122 143 16 126 119 0 181 1 125 75 200 239 137 14 111
    128 137 244 49 43 116 235 198 99 110 37 66 78 242 104 226 201 68 36
    223 0 37 9 63 228 212 12 243 99 244 16 246 74 113 57 35 3 101 225 22
    162 121 195 244 128 106 186 28 161 161 81 89 116 71 44 233 192 216
    133 135 211 88 105 71 151 73 207 78 128 1 247 230 202 225 38 54 124
    105 132 71 25 38 254 73 107 35 42 10 66 74 109 88 49 195 21 248 244
    87 36 242 244 77 13 121 92 145 133 89 56 30 117 129 130 101 218 95
    66 192 80 156 190 86 178 242 4 204 217 114 248 95 188 182 92 21 224
    73 158 37 219 157 151 241 160 131 87 55 243 182 248 79 244 153 238
    241 232 29 116 73 133 239 204 204 41 119 151 81 77 192 175 148 73 57
    77 0 235 138 81 65 204 48 8 238 225 246 187 88 42 135 2 200 100 149
    192 19 217 122 219 164 60 44 163 215 36 95 28 41 215 26 222 174 116
    219 212 195 215 228 76 2 36 199 79 42 233 194 55 101 5 123 236 92
    229 209 49 149 68 219 148 241 248 16 5 103 50 151 14 83 127 168 62
    236 39 101 103 69 146 58 216 67 254 24 84 98 31 121 63 213 40 137 76
    22 5 30 170 199 135 197 27 231 118 41 80 234 53 97 80 139 157 247
    253 173 251 191 104 145 126 173 211 63 240 251 95 169 59 133 34 122
    132 241 162 180 248 41 175 215 163 31 69 109 147 93 51 130 173 133
    84 204 107 31 212 166 135 20 233 181 116 207 10 181 39 205 152 94 50
    101 118 189 229 188 203 226 105 139 22 178 249 147 143 143 58 2 206
    112 125 39 101 90 97 98 95 227 232 186 76 74 206 184 219 46 190 156
    203 31 167 14 196 203 198 70 65 73 2 184 61 27 12 86 25 110 116 137
    162 0 184 8 209 127 151 28 111 58 60 169 128 13 254 235 230 70 193
    109 226 66 106 47 138 108 16 194 173 73 142 130 6 190 207 149 34 233
    173 66 127 153 151 188 103 24 50 13 254 87 159 99 255 117 142 71 245
    64 142 85 159 2 92 244 62 149 179 32 36 114 242 112 213 114 46 66 65
    177 42 148 209 113 99 35 181 80 3 225 126 63 51 105 249 33 195 119
    140 80 13 30 188 249 65 57 71 204 143 114 23 135 156 90 128 215 27 8
    114 253 202 117 53 247 219 240 30 247 117 25 248 251 30 103 247 84
    95 93 67 99 93 24 131 66 17 193 175 194 66 149 53 206 46 210 216 46
    91 247 8 191 166 127 212 34 57 43 196 124 168 54 46 185 250 8 70 199
    186 166 77 247 74 161 133 169 49 96 158 157 162 34 213 47 120 116
    110 89 50 70 69 77 144 57 225 219 145 45 109 165 235 123 202 50 49
    114 20 17 113 36 69 86 173 40 42 156 115 213 155 85 176 81 94 34 32
    106 154 190 228 102 70 104 116 249 122 55 224 159 239 225 34 189 28
    12 150 157 185 236 215 0 218 42 82 155 78 93 63 148 222 221 94 104 2
    156 229 252 188 156 0 102 210 224 35 224 167 215 239 199 220 66 55
    67 226 138 9 85 52 0 225 97 210 106 32 149 163 150 43 117 133 63 174
    249 46 39 185 14 207 241 210 83 78 130 248 148 96 4 172 3 70 127 0
    11 186 151 6 197 240 15 96 208 52 155 9 117 186 211 65 165 67 124
    183 165 220 115 246 138 61 99 69 0 9 160 218 226 171 4 232 130 71 70
    239 128 10 98 240 35 61 107 203 170 107 140 71 245 51 55 13 28 134
    236 67 32 209 206 76 167 126 177 179 185 230 125 230 30 255 235 94
    215 154 197 176 88 81 142 17 117 104 23 169 48 139 32 198 62 139 225
    183 235 255 10 124 183 230 138 110 196 38 248 143 28 62 29 108 106
    76 169 124 85 19 23 62 61 128 46 236 207 83 161 24 34 218 174 102
    192 13 112 87 146 153 132 133 109 169 73 14 81 73 178 214 243 21 27
    230 115 180 138 21 114 188 163 42 188 38 55 225 176 100 191 241 25
    48 31 151 37 209 101 239 46 28 130 156 20 205 114 213 166 138 123 43
    252 172 71 55 99 168 224 188 120 252 220 207 43 172 244 172 15 231
    73 48 128 173 166 131 181 211 238 122 25 85 104 26 103 203 88 1 91
    99 21 84 249 108 245 42 197 22 139 241 71 119 96 213 129 170 152 176
    225 212 143 172 219 242 143 99 240 61 197 33 150 85 68 183 119 202
    109 22 71 129 150 34 156 107 24 60 192 229 127 135 1 195 94 133 129
    116 193 83 222 66 176 58 140 156 152 74 84 138 221 77 90 51 40 106
    42 181 21 208 89 140 47 50 211 115 209 228 82 156 144 9 122 97 43 18
    126 114 176 178 14 185 203 133 3 210 62 202 73 217 38 74 1 167 161
    224 200 231 12 163 72 158 47 0 156 230 230 189 56 131 197 150 225
    124 100 136 216 143 203 117 233 68 255 124 30 42 48 185 27 125 195
    194 90 215 61 218 43 210 181 92 244 200 151 35 191 77 151 68 66 193
    126 125 170 161 113 173 154 236 124 170 177 210 119 10 211 233 10
    182 227 102 237 81 127 115 116 236 192 228 233 8 134 139 36 253 216
    15 1 52 135 59 205 140 1 112 176 126 175 113 253 62 198 104 200 117
    155 200 39 240 112 22 126 188 105 49 12 14 203 90 53 219 59 87 198
    63 50 48 146 165 241 38 127 138 34 86 228 66 237 251 229 146 197 65
    153 133 45 236 89 18 224 44 121 182 198 8 2 26 159 123 37 119 70 186
    158 179 207 40 0 129 23 227 232 90 97 220 171 68 68 61 247 176 2 47
    173 188 188 240 10 133 127 152 192 130 86 156 195 166 18 81 14 113
    207 234 13 249 226 21 236 218 19 103 208 29 189 73 248 91 15 62 163
    246 179 134 64 234 179 177 212 151 253 172 60 53 29 61 195 200 62
    144 5 174 87 117 240 68 212 180 238 127 205 15 71 114 108 209 100
    233 57 21 82 179 53 84 196 18 53 180 42 103 57 96 153 78 57 183 69
    172 152 62 211 75 61 107 235 245 87 50 53 107 92 144 109 92 238 75
    181 9 222 7 165 22 154 49 137 189 2 249 101 240 55 86 145 194 121
    242 171 54 74 60 240 65 65 21 237 53 147 5 107 61 138 23 206 196 227
    43 172 25 135 225 103 9 24 42 100 235 158 227 55 147 170 79 90 85
    219 114 238 27 250 204 100 12 133 153 208 51 94 38 68 93 198 194 224
    178 193 74 69 1 190 149 146 227 98 196 159 126 1 236 251 219 151 187
    36 139 161 61 118 235 227 180 0 150 195 178 44 114 15 56 83 54 239
    143 86 16 36 30 138 69 119 0 193 123 189 14 112 33 53 71 152 212 220
    28 244 47 76 93 254 78 142 100 56 56 22 209 162 156 230 57 38 16 52
    184 96 17 199 85 120 217 190 78 178 252 67 249 14 23 139 243 130 229
    130 123 221 72 7 201 247 178 158 41 205 87 34 21 119</data></test_img>
<my_img type_id="opencv-matrix">
  <rows>128</rows>
  <cols>256</cols>
  <dt>"3u"</dt>
  <data>
    185 188 255 0 236 71 208 93 255 98 166 0 255 37 0 150 22 103 45 194
    211 87 92 43 0 1 5 255 54 210 193 255 233 255 0 255 19 49 157 0 51
    192 41 255 0 255 14 142 0 85 255 223 50 99 255 110 0 0 0 75 255 0
    162 255 113 255 99 255 255 255 255 205 53 223 0 163 255 255 148 59
    28 0 244 139 132 121 255 197 255 136 205 77 242 255 103 255 255 0
    178 255 185 192 181 163 243 255 0 34 255 134 0 255 214 62 0 255 188
    210 255 0 79 255 0 107 176 91 73 255 255 0 93 255 146 122 202 0 255
    221 252 176 0 240 49 141 255 122 240 0 255 75 14 255 255 50 208 255
    185 67 174 121 255 155 216 238 78 255 158 255 110 255 32 42 46 255
    23 218 61 0 255 0 0 255 153 86 0 200 116 0 2 0 70 255 0 77 0 255 255
    0 231 135 189 56 255 208 255 106 0 202 0 0 171 53 241 157 171 255
    134 255 252 29 66 122 112 53 227 0 248 0 213 221 255 0 255 169 25
    255 0 55 0 72 255 0 255 23 43 203 106 120 0 30 113 0 255 255 193 255
    131 46 183 129 244 85 255 0 169 0 0 86 0 219 255 225 41 255 203 237
    0 255 0 115 181 57 141 160 57 234 255 233 28 24 175 0 51 0 186 255
    255 255 0 0 37 64 186 53 255 164 0 219 199 97 86 68 49 0 255 222 185
    127 130 0 231 0 179 197 205 0 255 0 255 0 118 132 0 0 87 81 0 140
    223 39 102 195 110 130 152 230 123 7 203 0 92 181 58 252 145 253 255
    118 255 255 236 176 0 109 0 164 0 129 0 255 255 173 222 236 8 72 0
    247 255 0 255 228 93 128 255 159 219 3 0 54 65 255 0 0 156 255 0 255
    196 226 166 223 163 100 18 79 0 118 27 255 198 255 255 158 25 253 89
    158 255 28 16 57 11 255 0 11 255 110 35 201 43 204 164 255 237 255
    172 0 0 161 106 151 201 75 3 255 205 218 255 178 29 47 255 87 255
    129 249 174 173 109 20 193 58 255 255 136 11 171 233 197 255 255 106
    20 129 0 31 199 47 0 83 0 194 255 56 255 195 0 0 255 204 19 64 158
    237 228 102 0 49 255 184 255 223 0 155 72 189 143 185 255 8 121 203
    255 153 177 255 41 0 28 120 187 87 255 4 106 0 112 108 23 89 255 0
    197 231 0 0 255 255 15 168 255 255 0 0 119 0 160 0 73 255 13 160 0
    216 0 0 112 33 93 0 37 5 172 236 28 213 9 91 93 169 169 88 0 180 255
    0 117 255 255 0 211 167 37 139 176 70 55 62 255 208 232 0 252 206 74
    255 101 0 0 236 107 219 77 83 56 109 177 111 238 0 255 69 255 32 255
    255 0 132 68 0 80 234 91 135 96 209 0 255 55 255 182 43 0 212 164
    241 255 10 135 255 175 255 70 143 255 136 255 134 118 0 13 255 1 244
    255 255 0 255 64 0 8 161 66 136 56 255 255 80 249 255 0 144 255 91
    39 255 53 145 231 146 142 44 105 0 0 255 0 0 84 8 0 235 36 255 67
    255 108 140 0 255 157 0 106 146 142 0 227 109 72 30 255 52 255 0 0
    142 155 95 0 0 199 200 0 243 255 255 128 65 221 206 0 255 221 255
    204 166 30 206 255 112 113 97 0 157 0 255 45 255 0 31 0 189 255 210
    48 250 164 24 255 0 255 126 15 31 46 0 124 72 227 151 233 0 238 255
    231 13 40 0 255 226 253 114 185 142 255 0 163 252 96 42 166 162 31 0
    255 218 90 18 208 21 255 0 248 0 184 0 216 0 78 119 255 98 246 0 150
    16 255 96 179 88 224 0 0 158 241 0 170 0 248 255 25 0 0 96 201 134
    192 233 0 243 0 84 255 255 154 0 178 0 0 105 156 255 226 255 90 253
    183 244 113 24 0 0 107 73 157 255 189 245 172 144 23 191 112 0 201
    255 83 128 12 255 123 64 10 153 43 196 228 0 255 38 255 128 238 0
    255 197 255 13 63 136 0 24 223 207 168 112 109 5 129 0 255 0 122 255
    238 154 249 146 130 0 172 0 0 91 220 152 136 201 255 255 144 0 54 0
    36 66 255 243 231 0 255 255 0 255 0 161 106 255 255 62 199 73 68 75
    25 0 230 0 0 155 0 206 250 119 133 0 138 220 86 255 14 255 57 222
    249 210 29 255 173 154 8 209 129 0 193 245 225 147 135 89 8 255 255
    0 141 123 67 255 49 255 245 146 199 24 227 184 122 0 5 187 150 249
    145 0 92 0 166 223 255 177 83 0 255 233 255 71 169 115 13 255 255
    255 13 142 0 0 0 0 255 40 255 98 138 0 236 255 81 0 169 255 73 149
    145 118 89 189 46 0 101 255 196 154 255 255 255 68 55 247 0 22 19
    114 60 153 82 143 86 232 110 4 219 255 0 51 182 126 255 0 0 255 30
    214 0 87 255 74 188 117 0 0 134 0 221 32 255 0 255 138 203 255 222
    255 0 16 255 0 189 231 0 168 0 0 255 255 179 5 1 255 255 122 90 0 0
    78 242 30 245 124 37 45 164 217 0 255 255 0 174 0 255 18 16 255 106
    0 234 235 255 149 255 0 1 141 0 207 95 0 206 0 175 123 191 156 6 71
    28 31 85 255 153 47 126 199 0 255 230 245 0 107 32 130 155 156 181
    197 101 255 105 0 217 0 2 248 255 0 223 86 22 63 255 255 92 98 0 255
    237 255 255 0 189 208 255 220 58 241 112 0 21 138 0 251 17 236 50
    224 103 181 34 255 255 133 118 251 255 184 0 164 0 204 255 255 156
    10 164 108 198 4 109 20 119 255 0 144 116 0 255 0 90 228 0 102 17
    128 0 5 200 255 73 247 220 77 56 0 203 255 184 0 0 0 214 136 255 118
    255 48 255 79 0 30 170 0 221 69 0 33 0 38 255 153 142 15 140 66 152
    0 255 40 93 176 142 255 0 0 153 178 0 227 246 140 228 132 0 0 0 0 45
    0 149 255 0 255 88 255 255 68 0 255 100 1 0 163 103 0 45 64 139 87
    67 0 255 255 2 255 228 134 30 113 0 207 0 255 255 26 224 0 226 20
    217 79 177 79 134 96 255 89 88 0 69 196 0 255 0 255 255 80 100 244 4
    253 188 0 8 190 124 255 255 0 70 212 23 0 113 255 84 0 18 255 218
    247 43 0 0 182 41 0 1 0 51 255 55 205 0 196 15 255 40 154 72 255 137
    0 25 138 176 102 255 237 140 158 127 0 243 129 166 162 24 0 126 79
    255 159 97 118 255 62 255 163 0 15 165 209 0 255 200 190 22 148 227
    5 0 255 201 0 84 19 11 135 243 220 187 255 0 178 63 3 255 0 255 83 0
    255 196 224 86 0 95 74 0 220 11 104 255 151 255 88 21 81 110 218 236
    255 255 110 79 106 255 21 0 80 50 0 173 138 112 94 58 179 255 188
    211 112 184 250 255 245 0 255 76 98 251 80 255 255 56 5 14 97 179
    219 106 166 251 62 66 255 153 0 141 255 255 34 11 255 151 255 68 53
    41 196 162 254 0 0 140 246 246 54 0 42 58 44 122 48 181 255 96 0 83
    255 63 0 235 74 90 0 190 209 10 27 255 255 17 0 4 254 83 105 81 165
    186 0 203 0 100 255 0 242 85 237 255 54 245 0 130 0 81 255 255 73 0
    5 22 188 255 0 22 146 205 227 255 186 119 244 255 145 238 255 0 73
    255 0 4 11 7 100 36 136 0 74 50 140 125 197 114 255 0 102 10 52 41
    79 0 205 113 102 73 255 0 221 168 129 98 175 97 0 121 63 24 126 0 24
    253 118 252 0 160 215 14 0 198 214 0 0 248 233 255 51 125 255 75 0
    196 251 109 147 62 255 0 114 225 14 153 0 153 199 46 170 112 0 0 176
    237 58 88 50 21 241 0 255 135 96 14 0 63 48 0 255 0 255 255 171 68 2
    234 79 252 249 12 0 255 0 244 0 70 255 35 232 27 6 94 255 194 223 12
    224 76 248 255 89 17 72 30 0 117 188 0 235 196 255 255 35 206 232
    175 0 160 255 239 218 255 255 255 255 19 29 182 137 56 0 255 2 151
    136 219 148 0 22 0 0 255 140 0 143 166 22 248 255 0 255 20 143 207 0
    255 200 255 97 255 234 225 167 198 21 198 53 0 181 0 189 27 0 179 70
    255 172 0 255 62 255 255 127 16 232 62 0 255 255 255 146 171 244 187
    81 122 22 0 255 91 48 86 88 114 0 201 0 60 255 32 255 148 255 94 47
    255 147 0 2 180 58 255 153 255 255 252 0 255 243 17 100 63 0 0 1 9 0
    41 138 255 255 158 0 4 218 152 129 34 0 218 255 0 50 58 169 0 0 232
    48 255 205 29 80 137 205 255 201 138 77 85 0 25 238 0 175 227 255
    226 136 0 58 169 53 52 255 255 255 152 130 0 255 45 0 154 255 228
    128 211 0 147 93 0 147 236 118 255 0 31 140 0 2 39 1 228 0 167 156
    214 152 255 255 105 146 0 255 80 0 56 184 255 0 130 238 201 120 147
    9 0 255 228 255 249 0 194 255 203 0 0 218 16 0 116 55 165 0 0 202
    213 149 4 172 68 0 255 232 27 62 221 117 180 60 13 209 255 255 255
    19 106 0 108 255 248 74 0 255 85 78 124 199 255 51 255 0 152 255 57
    241 104 177 255 255 8 0 37 73 0 0 251 0 165 255 39 33 255 89 255 239
    35 71 202 10 0 255 5 255 140 228 9 10 99 255 0 155 60 255 38 105 78
    98 0 148 32 152 255 223 43 80 61 31 102 0 255 255 237 64 242 201 3
    127 60 93 138 0 0 215 180 0 62 255 183 255 255 0 90 142 134 0 203
    249 249 255 186 234 0 88 203 255 128 255 60 94 133 69 255 12 216 115
    169 17 173 109 0 93 255 89 0 0 250 67 0 255 255 255 139 255 0 113
    249 0 0 0 74 0 49 233 255 204 240 249 148 173 201 38 95 139 255 9 14
    0 255 152 0 48 42 63 255 255 255 218 75 130 0 157 25 255 255 220 138
    0 170 137 0 43 255 127 126 206 138 5 255 89 135 174 83 169 255 251
    13 183 224 14 248 0 40 0 18 179 67 255 86 182 85 0 255 0 49 45 210
    255 51 121 219 15 84 105 255 124 0 255 130 237 0 0 255 0 88 42 217 0
    0 185 29 151 73 155 123 185 0 0 222 0 125 0 0 0 60 0 102 102 53 145
    255 255 255 255 172 74 62 234 0 255 0 110 255 76 255 0 255 255 199
    255 77 0 0 255 255 0 88 157 120 245 0 52 255 13 0 0 61 239 162 255
    82 107 222 48 0 68 0 255 255 255 91 152 224 0 60 189 28 42 0 0 160
    148 159 154 88 22 69 255 202 198 73 68 162 71 255 91 177 18 195 255
    203 219 6 238 53 255 255 153 153 175 255 117 207 29 142 78 35 0 82
    133 255 232 0 174 114 151 0 61 0 0 186 255 188 223 192 5 0 219 27
    128 239 190 187 23 184 0 0 0 0 0 250 51 53 255 0 195 204 0 0 255 0
    99 0 0 0 255 255 255 18 42 0 110 162 66 148 118 150 254 23 166 182 0
    255 197 0 255 85 78 83 0 228 80 208 255 114 0 141 0 181 191 35 148
    136 255 255 122 102 7 0 132 246 245 141 105 0 255 71 213 67 0 153 0
    0 220 0 255 251 11 228 0 0 61 201 255 151 0 85 255 0 0 0 0 106 62
    120 91 0 43 255 151 172 177 101 57 255 0 95 31 175 0 0 7 62 157 242
    255 200 236 0 247 248 255 0 39 146 143 2 250 234 226 131 243 0 101
    63 0 57 79 224 92 206 0 37 173 0 0 0 143 8 62 31 168 255 246 249 73
    233 28 15 16 219 0 179 0 66 188 255 11 25 196 0 0 0 241 34 0 143 245
    255 54 170 115 170 0 134 50 12 165 149 0 238 87 56 101 255 233 255
    167 23 144 149 71 0 23 63 251 71 108 245 100 255 23 255 0 0 191 118
    255 199 81 190 0 18 255 255 164 235 165 255 233 16 251 68 0 164 131
    137 225 255 0 255 0 255 100 44 0 244 0 126 255 56 187 27 255 207 0
    81 4 0 122 232 0 176 0 0 0 0 255 217 88 255 255 45 74 0 106 215 105
    255 211 154 0 255 201 0 0 0 177 0 166 255 27 255 255 213 0 227 115
    255 0 255 240 244 48 193 34 0 53 32 188 161 244 255 255 184 96 252
    255 66 153 215 255 254 204 222 16 113 255 39 181 184 255 255 51 219
    255 255 194 68 255 27 195 0 255 73 143 0 12 99 143 152 71 106 0 34
    120 0 93 255 117 51 29 255 142 255 9 232 185 36 0 0 255 255 174 228
    21 200 136 103 71 0 0 46 80 0 0 255 0 180 255 255 212 0 255 255 242
    24 215 255 254 255 255 0 255 255 50 167 141 255 22 0 255 138 184 61
    121 9 247 76 87 200 101 90 11 5 255 255 252 255 165 0 221 56 233 0 0
    173 0 255 255 125 255 202 0 235 66 71 255 255 154 0 74 235 164 0 128
    108 199 210 46 201 173 39 131 17 211 60 84 255 30 173 105 255 120
    250 42 249 255 243 17 206 12 233 0 211 255 0 255 255 179 240 124 227
    186 88 192 0 0 28 214 137 0 255 46 151 129 0 160 255 140 0 0 0 54 0
    255 64 10 247 105 134 0 210 100 0 170 255 255 211 50 255 0 255 74 88
    255 255 255 0 0 0 6 206 224 0 0 243 255 13 130 150 219 170 255 0 124
    1 74 233 232 59 215 103 0 194 100 0 36 255 104 0 255 0 232 0 171 0
    157 0 80 31 84 255 138 233 255 0 33 109 255 151 0 228 173 75 52 78
    65 0 33 138 77 0 153 198 255 55 0 18 117 137 255 26 255 243 197 142
    168 0 247 255 11 223 188 255 73 97 255 232 154 56 0 0 0 0 62 0 170 0
    148 153 94 104 255 244 172 17 144 241 0 73 158 101 139 36 30 255 250
    167 209 163 255 244 134 148 255 255 0 93 182 122 0 0 45 176 75 255
    255 161 172 16 162 149 237 255 240 145 35 255 16 40 255 119 255 120
    0 158 17 0 55 188 229 74 46 37 2 82 107 0 22 197 0 175 36 176 71 0
    101 255 55 121 255 240 86 212 224 0 138 116 156 208 0 180 97 99 0 0
    255 255 37 255 71 187 255 32 98 255 129 214 255 0 255 255 137 118
    153 255 0 148 255 0 199 132 0 0 75 29 176 251 121 255 7 48 255 219
    230 106 15 254 55 195 255 220 119 78 204 231 224 6 0 106 244 150 127
    255 95 0 255 92 255 255 255 35 61 170 0 241 182 25 78 0 110 0 235 29
    0 255 240 0 0 255 92 255 255 27 0 255 0 19 182 66 89 173 254 255 164
    113 156 210 89 79 218 192 61 255 14 42 255 118 166 134 197 0 0 75 40
    2 163 21 228 101 0 63 0 209 226 199 239 255 55 227 0 132 255 239 168
    255 0 255 149 255 150 209 230 0 124 72 51 158 92 223 0 249 74 186
    255 255 122 255 255 255 241 255 213 238 168 50 196 255 158 218 169
    255 253 69 124 113 51 241 162 54 98 255 255 0 189 235 0 21 210 123
    19 134 15 132 29 27 255 134 255 0 247 52 255 0 255 56 67 255 0 236
    255 216 163 142 255 204 0 255 0 0 182 55 247 255 138 6 0 0 166 137 0
    168 119 143 0 255 0 245 0 0 73 40 255 72 247 0 0 13 0 255 244 67 5
    255 0 0 45 178 43 0 85 108 38 255 0 255 80 6 35 11 0 1 0 150 200 255
    249 80 25 147 0 0 255 37 180 62 0 193 0 0 255 171 8 254 251 232 0
    255 4 134 0 44 133 202 157 193 126 231 5 255 181 146 255 163 172 105
    94 0 255 95 168 5 95 255 174 17 30 65 45 183 255 175 255 96 0 195
    255 82 0 255 190 119 218 162 0 95 0 0 255 142 210 255 0 44 255 255
    58 255 255 255 0 162 241 247 78 255 166 184 74 157 255 18 143 255 0
    255 0 151 255 0 15 66 0 255 255 54 227 121 220 255 0 0 122 54 201 0
    178 175 67 200 255 159 149 146 47 73 255 97 248 0 50 46 255 245 41
    255 0 48 12 0 237 255 255 50 224 225 29 255 0 234 120 159 255 0 53
    255 93 0 130 108 75 255 255 255 229 62 106 255 38 222 255 83 127 255
    255 0 23 0 72 185 64 0 5 255 0 48 169 85 8 212 139 84 0 232 0 90 0 0
    116 151 70 9 96 255 251 90 255 187 0 49 53 255 174 0 137 255 158 255
    0 255 13 0 56 0 152 255 108 0 78 254 97 249 0 0 64 0 255 123 129 57
    84 0 35 75 125 255 142 84 2 255 176 0 6 138 89 71 192 255 255 12 109
    79 157 255 255 7 0 78 136 6 0 0 203 222 176 187 0 181 0 255 60 0 59
    93 144 50 80 0 219 89 0 76 154 0 38 255 255 143 0 255 197 127 122 25
    114 0 204 255 55 111 87 255 195 125 206 212 0 59 206 127 41 123 95 9
    169 0 92 12 175 228 0 255 255 0 76 39 255 73 222 134 137 235 193 110
    0 0 47 0 254 255 191 77 173 51 209 94 233 255 0 0 255 15 255 228 0
    212 0 1 44 255 0 255 92 52 93 230 255 48 255 0 113 255 96 255 201 2
    130 255 255 98 0 130 174 255 243 23 0 112 255 0 70 0 0 221 55 230
    255 139 255 255 255 255 20 255 0 0 9 136 195 7 186 255 255 0 255 47
    235 255 176 99 224 166 153 121 55 0 0 255 2 4 10 9 107 92 0 0 246
    255 255 123 190 198 141 157 0 255 3 233 36 141 56 255 156 35 175 54
    144 120 128 196 0 0 179 152 199 255 249 255 0 255 255 0 0 255 42 169
    90 213 255 0 0 255 226 0 252 255 111 255 255 139 113 255 0 69 64 255
    73 49 254 212 35 0 141 214 0 242 235 12 255 177 255 0 147 2 213 120
    28 245 120 246 188 134 255 242 67 0 155 227 234 255 174 255 100 255
    189 255 90 174 54 0 63 0 179 150 78 0 32 255 126 41 0 139 125 255
    161 0 0 116 250 255 255 0 0 1 30 0 167 120 180 254 250 34 255 146 76
    152 0 37 255 0 0 169 0 0 255 0 224 255 234 125 255 105 3 0 221 0 24
    0 157 0 0 255 147 212 255 69 69 29 255 0 62 224 134 185 194 96 14
    119 240 0 0 0 255 180 255 157 0 43 211 255 255 255 210 255 255 211
    182 218 255 255 255 69 129 12 255 207 23 238 0 255 0 83 0 132 77 191
    255 11 255 163 255 0 120 119 255 255 223 255 196 220 255 0 151 255
    112 102 228 95 224 112 255 3 68 98 255 24 43 255 92 0 32 150 44 255
    52 127 0 64 210 83 0 59 83 0 85 255 28 255 81 255 59 159 255 57 0
    203 0 0 248 77 235 134 255 51 32 89 0 107 157 193 176 230 20 186 183
    211 0 0 176 0 111 0 87 0 255 168 32 255 0 207 166 0 255 0 255 95 148
    234 4 128 178 4 255 11 169 9 200 77 172 0 201 58 183 255 92 255 235
    58 109 179 0 167 182 174 0 239 123 58 50 0 32 255 66 93 0 228 79 197
    71 111 164 255 210 13 0 1 255 255 255 255 64 251 255 193 255 255 255
    255 93 150 246 255 185 104 39 56 255 0 222 0 0 172 33 4 0 205 5 201
    255 193 173 87 0 28 0 144 255 255 28 195 38 0 79 198 195 46 244 28
    255 144 165 97 221 255 255 169 193 94 187 0 211 153 255 240 91 182
    255 232 189 129 128 110 86 255 255 255 246 160 254 162 115 84 62 255
    111 68 124 163 76 176 255 255 0 91 0 80 0 34 0 0 0 150 41 0 133 74
    64 130 174 0 47 255 0 203 104 15 37 13 227 0 188 91 230 88 0 255 0 0
    68 235 59 255 49 207 148 255 0 0 16 255 0 255 255 103 25 108 171 255
    50 216 255 140 0 32 89 255 197 172 255 255 255 23 161 67 31 200 95
    242 0 209 0 31 110 0 223 0 0 202 82 237 80 212 61 255 130 255 118 0
    146 60 0 5 217 60 225 250 255 60 0 107 255 125 0 255 57 232 112 107
    0 0 114 53 68 0 255 233 15 175 255 51 14 148 0 255 0 231 26 255 88
    14 0 255 16 85 0 73 201 0 0 61 241 6 206 4 98 255 30 190 0 146 84
    182 184 120 255 22 26 30 255 204 89 255 112 220 34 0 112 0 69 255 0
    255 255 91 0 65 103 0 0 255 44 255 107 202 108 135 245 223 4 0 255
    61 253 221 26 255 255 151 255 91 0 255 101 90 255 190 110 203 224
    255 147 0 255 34 0 250 255 125 99 29 190 18 235 113 0 255 59 0 0 255
    26 191 80 241 243 0 0 255 204 14 206 142 192 0 153 177 255 15 0 0
    187 255 0 53 179 184 0 255 253 0 177 255 0 117 241 120 255 216 255
    220 0 184 52 112 21 0 67 248 207 37 86 255 110 177 255 255 255 0 220
    100 0 225 0 185 75 209 111 211 192 64 147 50 80 157 255 47 0 124 6 0
    0 255 183 0 5 22 25 217 0 186 52 21 108 92 0 159 255 143 255 255 76
    255 255 159 237 233 153 0 89 255 255 14 106 69 255 0 74 245 0 64 255
    186 255 255 0 0 80 95 213 0 82 29 27 91 13 0 189 58 242 33 0 167 70
    34 225 7 211 0 51 41 0 0 158 200 255 255 3 197 0 84 255 255 207 200
    0 97 89 20 0 13 148 255 4 255 37 206 171 196 119 148 60 124 255 21
    135 117 255 72 195 144 0 16 166 183 255 176 255 189 147 255 0 0 168
    0 255 255 0 25 0 255 4 115 184 0 109 185 196 197 24 55 200 211 0 20
    184 171 166 0 0 255 255 238 238 174 152 0 160 255 71 0 252 51 223 0
    99 107 0 255 86 196 0 255 255 39 233 40 224 238 127 53 218 131 0 0
    70 0 28 233 0 116 0 91 163 5 255 255 28 255 231 255 7 244 255 11 163
    72 216 86 255 221 41 255 175 32 255 80 70 105 255 0 127 255 255 181
    116 123 255 7 246 186 193 151 116 52 171 255 255 0 0 60 222 81 255
    255 0 113 255 212 150 0 107 78 0 234 45 228 255 158 255 122 255 232
    0 0 0 249 255 255 83 255 238 189 255 0 33 94 0 255 255 8 210 0 255
    136 0 160 160 163 71 32 0 255 255 25 68 217 44 144 181 100 0 211 46
    255 252 135 255 204 33 0 19 0 173 255 249 255 172 0 151 58 255 243
    157 161 0 255 149 24 215 62 0 236 74 0 208 101 0 90 78 255 152 0 194
    6 153 0 54 239 255 62 255 234 255 11 57 169 0 0 238 89 0 255 0 16 11
    181 158 182 234 197 46 0 255 13 141 0 147 119 255 0 134 130 244 37
    87 182 0 55 236 76 0 20 255 36 0 16 172 157 29 1 0 255 255 255 0 67
    176 101 255 41 185 237 255 0 0 0 88 100 127 112 0 0 255 70 135 220
    185 193 181 104 163 205 255 16 19 41 248 162 255 73 147 255 0 134
    229 7 190 0 177 46 0 255 255 0 205 255 0 114 105 174 247 255 105 120
    255 185 255 255 255 73 0 0 75 0 83 107 142 255 255 249 132 255 81 80
    194 87 255 31 86 45 121 183 8 0 52 0 255 176 58 114 0 202 96 55 140
    228 232 70 153 0 0 0 255 102 79 255 255 81 244 255 0 255 230 70 0
    255 255 225 76 209 139 108 58 178 245 0 90 171 67 172 10 158 255 0
    71 0 255 0 255 12 76 255 11 101 0 255 176 0 0 11 255 92 2 10 0 255
    202 67 241 65 0 240 102 179 107 0 0 144 78 228 253 255 255 67 255
    213 255 61 91 0 255 36 136 135 61 250 127 226 30 0 212 255 0 67 255
    0 0 203 0 61 96 200 255 130 166 70 165 0 222 0 161 38 13 255 72 54
    47 66 0 255 0 243 34 0 110 237 0 108 204 191 0 3 255 49 151 0 70 0
    255 181 255 140 0 51 0 38 0 255 110 214 58 68 229 255 255 55 237 224
    0 184 34 3 255 0 226 170 211 255 48 62 0 196 236 45 165 151 79 0 255
    0 255 167 84 103 255 215 255 55 0 92 90 0 255 0 133 223 0 255 61 0
    178 255 131 191 134 195 0 255 168 47 112 220 8 255 0 255 239 80 255
    148 252 60 255 64 120 32 49 151 148 218 66 0 0 39 136 87 78 207 124
    235 255 0 129 0 0 217 86 0 255 255 92 142 0 255 179 111 255 79 162
    132 183 203 62 255 28 0 70 0 236 255 119 235 0 157 231 0 140 131 248
    149 6 24 121 255 0 64 73 0 0 255 194 147 126 85 255 0 0 216 0 153 87
    207 244 0 164 255 0 125 255 145 0 250 177 19 255 208 156 118 160 255
    63 255 0 232 255 212 255 0 162 64 0 98 225 255 0 106 0 26 23 255 255
    16 144 244 0 255 214 32 0 0 0 255 72 0 142 190 166 255 171 229 193
    255 255 0 255 54 6 255 131 157 223 206 227 24 255 200 107 255 76 176
    251 226 213 107 0 77 0 120 14 82 69 0 81 161 244 0 255 239 40 197 0
    233 19 255 255 226 87 221 255 240 41 80 0 255 255 0 185 0 0 0 1 0
    187 244 183 255 132 183 170 255 255 149 54 144 0 255 0 234 17 0 29
    149 0 189 0 0 127 0 78 84 0 135 5 0 255 53 59 30 0 255 0 83 255 0
    255 255 96 44 180 138 0 0 166 164 255 81 21 181 255 31 52 0 37 0 70
    91 0 173 255 15 0 255 255 125 223 0 0 115 255 192 16 87 112 238 189
    11 133 16 255 96 232 255 240 70 200 255 255 239 142 113 255 228 0 43
    0 255 246 107 172 255 3 0 98 100 95 35 232 232 232 255 0 145 255 172
    129 0 0 143 127 136 191 139 255 185 58 0 186 195 246 136 0 255 255
    124 119 9 179 255 255 195 239 200 8 140 229 0 255 156 0 174 93 0 115
    255 121 0 80 0 239 255 111 36 149 162 194 0 0 211 217 109 255 255 51
    45 0 90 235 171 45 203 239 0 99 76 0 255 248 195 71 0 0 17 11 255
    240 48 222 255 244 0 5 32 255 255 145 0 27 105 172 236 79 79 0 105 8
    0 0 36 255 121 255 255 209 255 255 219 0 177 217 0 107 255 17 255
    255 169 101 226 74 0 4 73 134 69 165 188 255 0 66 19 0 255 0 255 255
    0 28 129 255 25 22 255 0 225 101 75 174 255 255 37 202 0 0 83 199
    114 108 185 0 0 49 242 71 255 88 0 225 97 193 185 255 28 181 218 229
    255 255 2 8 0 120 3 255 20 0 255 42 255 0 36 176 87 24 170 129 0 2
    228 77 255 172 0 0 22 255 0 86 0 7 176 0 244 143 92 246 91 228 91
    173 247 217 201 213 255 255 69 255 75 0 199 112 0 176 255 194 97 210
    11 236 255 18 255 84 0 0 54 0 221 255 100 255 54 253 255 76 204 205
    102 0 255 0 215 0 118 54 0 17 255 246 156 200 167 43 0 115 39 138 32
    178 198 202 78 188 0 0 0 226 109 255 248 26 255 242 83 59 20 0 0 255
    128 136 255 0 171 95 174 151 121 178 0 84 65 104 255 255 126 151 0 0
    105 50 5 252 118 244 0 190 173 124 0 221 168 255 255 74 80 111 255
    140 198 255 0 0 0 150 255 31 95 106 255 55 158 255 175 239 198 155
    255 255 0 40 9 255 0 194 0 59 122 217 48 0 0 255 36 90 199 255 255 0
    87 126 241 100 0 0 149 81 109 48 0 0 11 0 13 0 0 0 199 255 179 0 225
    255 0 134 49 7 175 138 164 98 125 0 40 6 20 244 160 0 0 255 185 164
    90 49 87 120 255 166 28 255 37 0 88 255 0 255 210 172 111 100 255
    229 147 25 0 109 215 106 255 2 162 58 0 0 4 68 50 188 255 12 227 255
    198 43 92 255 255 7 66 235 33 118 122 255 0 255 0 0 58 175 255 245 0
    20 95 255 248 194 255 94 190 127 255 0 57 26 161 83 0 0 174 167 239
    254 146 192 66 82 255 47 158 250 253 0 140 13 255 209 136 0 209 0
    255 153 0 242 102 192 0 81 0 0 99 80 0 221 255 129 255 0 0 42 255
    197 0 177 0 56 69 184 255 0 255 0 39 182 159 255 255 51 17 0 255 0 7
    188 184 185 255 142 173 167 189 104 0 124 255 7 14 80 255 34 202 99
    211 82 112 139 71 220 255 58 248 155 192 208 109 138 40 25 181 49 92
    101 1 107 52 0 181 151 42 47 64 191 255 90 222 255 0 107 136 255 0
    35 255 231 255 37 255 255 11 255 2 65 246 142 0 191 143 28 150 0 105
    24 255 141 38 12 27 0 141 149 0 255 50 255 255 255 230 255 0 119 233
    99 255 233 255 101 184 0 171 253 190 58 20 42 94 30 0 255 0 63 72
    255 214 0 203 0 110 29 221 9 0 120 92 166 235 139 0 0 255 48 137 120
    0 220 223 252 0 116 0 0 185 85 255 154 36 0 0 255 70 29 0 25 255 228
    255 113 104 227 30 0 101 82 151 89 27 56 7 170 9 105 109 15 0 90 193
    7 201 128 47 0 255 0 255 14 196 0 208 255 143 76 221 227 255 178 30
    0 76 255 225 255 120 92 255 201 213 255 0 82 130 169 162 151 255 255
    0 0 35 255 0 75 122 110 0 159 129 136 255 135 0 0 245 174 221 255
    255 0 157 128 29 255 180 0 0 152 255 104 0 59 47 86 0 4 255 143 49
    95 254 255 211 162 21 10 209 168 118 0 14 38 75 0 143 78 0 179 201
    255 0 93 221 17 0 0 255 158 255 252 15 255 10 0 144 0 83 0 219 24
    155 98 0 255 15 113 0 20 31 0 0 0 6 137 236 0 223 0 3 232 71 93 223
    112 143 206 255 0 187 99 116 255 59 0 160 55 43 69 52 78 91 0 0 0 20
    255 92 219 154 39 231 49 0 255 255 255 247 255 138 174 0 122 9 255 0
    0 190 255 66 91 68 255 255 13 106 127 55 95 133 116 121 80 255 71
    255 12 212 0 133 255 215 255 177 255 216 180 255 232 255 77 0 189
    125 255 255 47 56 0 47 0 51 143 255 146 95 64 123 18 46 255 143 255
    0 0 92 0 252 0 168 38 43 97 11 195 41 255 0 255 0 71 205 255 75 182
    253 255 12 64 255 255 233 255 64 250 68 86 32 58 202 39 172 46 232
    122 0 0 179 0 255 89 62 252 255 48 171 212 255 255 0 245 255 233 202
    116 0 0 101 181 0 62 0 32 122 0 81 82 0 59 255 93 29 146 166 0 0 113
    3 255 168 255 255 0 151 94 248 160 66 9 255 152 105 0 59 255 0 10 0
    0 236 255 0 255 200 0 150 33 192 176 0 128 255 255 233 255 255 255
    255 34 255 25 255 255 255 0 0 0 128 83 0 255 88 209 92 214 241 121
    255 0 0 90 43 195 126 0 0 255 185 163 0 255 255 181 168 0 255 17 73
    0 85 255 93 62 61 89 155 28 193 0 19 122 90 73 78 254 196 255 255
    255 153 247 0 15 45 255 0 80 194 255 0 49 246 255 0 5 255 95 0 255
    255 255 0 255 130 114 95 3 223 255 189 0 231 214 146 255 255 0 178
    255 54 177 212 0 188 0 255 255 0 84 255 126 233 15 31 119 255 123
    254 251 7 255 38 113 37 78 255 253 211 0 136 0 230 104 0 103 0 48
    255 156 243 64 255 239 255 22 201 60 143 38 55 31 0 255 34 255 3 0
    98 33 179 0 151 0 255 67 184 150 59 30 216 21 220 32 255 231 47 243
    235 198 215 207 255 0 0 0 0 182 13 91 0 103 255 229 136 255 255 44 0
    24 255 0 255 0 255 54 212 146 97 102 193 86 83 0 45 167 67 255 245
    179 106 14 255 255 184 33 202 189 142 66 0 137 0 255 255 141 159 248
    0 34 0 48 30 79 0 255 255 0 12 217 19 0 5 255 74 202 184 0 242 24 0
    255 47 129 0 255 206 189 255 255 1 79 255 255 150 206 60 0 0 255 255
    69 189 255 255 51 0 205 80 170 255 255 0 161 236 84 48 166 0 46 255
    0 255 0 119 255 0 0 224 0 0 0 255 87 0 213 0 0 0 0 97 214 95 26 255
    0 174 255 139 255 255 110 234 130 157 40 129 0 39 166 245 247 43 84
    255 232 0 120 255 0 102 200 255 0 183 255 202 3 242 119 8 255 0 0
    255 124 218 255 157 255 252 0 56 159 255 247 0 255 129 128 134 0 0
    255 0 255 255 255 94 103 132 0 2 255 255 143 255 109 0 91 119 61 0
    198 142 15 0 194 255 84 0 0 255 47 113 100 104 255 248 0 82 255 25
    88 198 0 7 37 150 26 0 255 0 40 10 255 255 0 0 0 0 101 255 120 106
    55 35 140 115 150 210 90 234 0 0 0 255 255 180 202 0 92 204 255 149
    21 0 183 86 112 254 255 41 210 142 0 255 76 255 255 82 140 203 55
    255 255 0 246 254 197 255 71 72 0 0 0 76 126 0 0 135 94 4 169 255
    145 51 161 255 255 255 5 0 107 36 125 111 230 254 255 255 68 205 211
    212 61 0 0 0 0 0 255 255 15 157 12 252 181 0 58 0 255 99 255 70 217
    255 42 191 119 33 255 152 255 117 0 255 135 139 181 243 0 182 67 0 2
    155 52 186 0 43 255 225 241 181 249 49 78 190 57 0 146 157 200 206
    255 0 255 0 141 0 0 8 0 47 56 26 129 248 5 255 0 102 153 90 255 255
    9 28 102 255 26 61 188 113 177 30 229 194 49 31 39 6 61 0 243 0 144
    184 85 166 85 53 54 0 0 188 255 0 0 0 25 148 183 255 96 205 84 0 0
    221 255 0 51 252 38 92 0 0 220 0 255 255 0 109 255 1 113 115 153 0
    255 255 0 251 0 59 0 161 98 26 119 178 0 0 38 255 255 255 0 255 65
    25 255 163 164 57 5 209 0 198 0 0 8 61 0 231 182 162 159 0 133 109 0
    0 255 255 107 255 255 0 0 255 85 19 255 183 1 137 33 178 111 0 107
    145 115 227 1 181 44 255 114 18 0 240 148 156 255 173 25 36 255 122
    34 80 255 0 0 77 156 255 120 36 100 0 0 70 7 99 133 255 179 201 215
    26 0 28 0 26 255 255 0 135 237 118 0 56 46 20 255 255 255 54 0 255
    194 255 223 202 69 169 134 0 211 14 98 255 0 255 255 255 117 29 0 9
    175 96 177 148 255 172 200 255 17 0 74 255 108 13 39 207 126 0 205
    12 255 69 145 150 58 64 151 27 0 59 255 28 112 103 255 0 255 15 0 99
    7 218 180 255 255 10 15 0 150 60 86 228 255 0 102 61 118 225 146 141
    0 0 255 69 255 255 255 255 87 0 0 0 179 0 255 184 0 0 137 155 63 221
    255 255 108 133 255 255 0 194 255 173 0 251 255 0 35 231 110 0 130
    119 124 27 177 135 0 95 102 255 255 233 255 255 220 41 0 122 94 0
    255 54 0 41 195 7 255 255 255 255 0 71 218 0 0 0 255 252 102 255 11
    0 140 0 213 255 128 86 8 134 54 0 0 113 255 124 208 255 218 4 221 0
    0 162 48 255 141 0 186 191 45 217 76 0 0 165 103 255 0 101 153 0 0
    255 246 75 168 246 115 7 222 173 0 0 255 224 77 255 255 35 214 50
    181 0 215 95 0 87 244 0 167 225 0 191 255 147 127 36 252 255 255 72
    37 255 18 0 83 255 61 240 133 255 255 255 182 0 119 59 250 0 178 176
    255 87 255 255 89 61 255 0 0 69 208 0 84 0 255 0 0 255 14 163 239
    240 157 133 0 76 0 179 255 115 52 105 0 204 0 146 118 77 19 182 166
    0 255 255 0 0 255 207 41 89 199 0 255 19 120 255 255 122 23 255 255
    0 255 44 158 109 20 36 85 164 0 91 255 252 87 158 145 35 129 194 0
    255 0 255 0 189 249 132 174 218 227 150 150 14 0 175 59 0 155 159
    204 152 46 181 102 27 255 255 122 127 0 0 0 255 0 177 215 255 255
    255 55 125 234 26 255 82 0 141 191 40 99 245 114 21 46 185 0 89 0 0
    70 255 0 153 255 176 59 255 130 0 70 0 159 169 254 235 7 227 31 171
    144 169 246 116 244 246 253 1 186 82 163 180 98 0 148 0 128 0 49 110
    216 26 34 255 86 79 0 36 168 191 255 84 255 82 97 255 86 26 0 124
    255 23 147 238 137 255 0 165 255 235 0 0 36 195 255 201 244 255 0 67
    0 255 133 20 255 255 136 196 55 0 255 136 209 27 184 43 0 125 255
    227 0 246 255 141 60 108 0 14 135 19 255 255 255 147 170 0 0 205 36
    0 0 36 94 211 185 176 126 85 148 0 0 141 119 101 14 58 0 157 255 118
    145 255 0 255 255 58 255 185 0 174 180 92 199 56 72 0 0 245 253 255
    122 255 135 0 196 195 135 255 0 99 0 255 0 223 216 121 83 212 0 10 0
    87 0 58 214 232 65 131 67 225 174 68 164 126 255 121 255 82 164 0
    255 253 150 226 163 0 153 227 0 90 36 255 32 255 250 132 25 0 152
    122 113 74 64 30 173 255 255 26 118 196 0 87 0 243 231 239 145 123
    255 0 0 0 158 117 0 255 0 0 28 189 202 34 255 151 220 196 255 0 126
    30 53 185 195 27 189 0 255 255 8 180 3 168 0 44 167 101 26 71 139 90
    255 63 203 220 255 255 132 255 125 62 255 105 122 0 21 255 255 112 0
    255 129 61 110 0 217 0 255 133 255 255 255 255 88 54 0 0 255 255 204
    0 165 255 196 255 156 0 255 134 201 0 76 255 70 0 109 6 250 32 31 0
    58 112 80 255 114 0 0 73 123 74 0 0 209 172 7 255 255 255 21 0 255
    200 101 57 222 252 183 136 136 214 195 255 201 255 255 0 77 0 0 20
    47 226 109 172 12 126 124 183 6 255 196 255 51 230 15 115 255 0 110
    18 104 0 87 255 212 231 131 255 38 4 90 255 0 66 106 218 169 0 139
    255 142 20 121 51 252 0 183 54 241 255 69 98 0 255 0 73 108 156 126
    236 0 0 0 80 3 0 0 172 179 255 117 216 137 236 0 133 46 174 181 255
    144 255 0 0 143 151 9 75 123 255 73 255 232 157 18 178 255 166 89
    167 54 0 144 91 255 0 208 20 90 255 255 246 0 57 18 218 131 255 200
    108 36 255 75 245 155 255 143 13 93 150 0 150 255 73 25 255 145 224
    89 255 205 255 255 243 3 255 100 255 9 244 168 203 147 187 2 255 2
    116 120 90 226 98 241 0 255 113 42 36 0 194 70 29 255 3 255 150 90
    111 60 147 255 29 82 255 96 152 116 0 255 255 146 0 146 134 255 145
    41 255 229 112 0 170 114 206 255 12 0 131 0 205 240 0 0 87 0 67 255
    0 67 29 182 27 53 200 40 8 255 0 243 142 109 198 190 0 87 24 232 0
    82 0 197 0 142 0 0 0 0 255 255 81 0 235 255 0 255 235 251 71 55 33 5
    152 255 255 92 227 9 170 255 92 255 255 66 6 0 13 4 173 0 231 183
    156 255 162 13 77 255 23 245 25 201 57 94 218 15 158 255 0 107 255 0
    146 0 144 19 255 174 0 171 71 90 240 255 166 65 44 134 26 255 255 12
    255 255 194 4 218 25 116 190 112 105 149 13 150 3 76 222 18 255 141
    111 176 136 147 0 0 0 0 105 45 1 255 58 169 0 69 179 96 0 252 207 0
    255 255 0 197 154 0 0 117 255 0 146 255 34 0 194 255 255 121 242 0
    116 220 250 197 113 10 175 255 255 157 208 0 255 164 98 109 0 255
    255 0 214 45 153 125 156 255 179 170 76 0 184 66 199 17 65 201 239 0
    255 75 215 255 0 255 255 255 255 0 145 255 237 255 209 0 255 222 96
    133 255 145 255 101 255 211 147 107 255 66 0 0 255 126 0 166 240 235
    45 0 0 43 101 165 129 67 138 0 0 255 113 130 18 202 0 15 145 235 64
    155 55 255 255 255 154 190 84 255 255 92 255 48 35 109 215 106 255 0
    99 61 0 166 210 255 150 118 239 117 132 211 244 251 0 176 50 255 255
    72 0 133 41 134 154 0 78 91 0 0 0 247 188 255 114 110 0 208 214 85
    224 219 217 236 243 255 54 54 91 0 6 134 237 0 223 165 123 255 255
    255 255 214 223 255 0 255 0 245 59 37 255 255 0 255 255 161 0 0 213
    0 173 157 230 255 199 113 255 255 133 192 144 27 255 47 255 178 235
    84 255 255 0 255 0 42 213 0 192 0 233 127 0 0 135 36 28 255 255 179
    255 211 150 0 35 255 255 10 174 255 158 205 206 92 113 255 152 45
    207 23 104 58 24 202 55 255 107 188 141 0 255 3 199 0 122 225 83 0
    252 69 0 166 248 242 255 92 139 6 255 160 202 10 206 255 0 229 241
    166 255 27 139 115 0 166 0 178 0 0 255 176 206 185 255 54 128 77 146
    228 0 255 191 22 248 255 152 142 9 255 254 0 0 255 0 0 255 122 255 0
    52 220 104 0 60 44 191 255 33 160 0 171 0 50 26 255 0 98 161 255 142
    19 255 204 173 220 169 193 0 255 72 139 196 103 255 189 130 155 107
    0 0 0 54 255 255 88 0 255 62 234 226 170 206 220 82 45 255 107 112
    230 246 0 23 78 19 46 255 113 138 194 255 48 142 120 255 23 207 0
    137 41 225 0 207 213 0 246 183 57 33 0 152 178 255 37 31 48 53 115
    255 122 221 51 81 255 206 146 0 255 255 255 71 0 212 12 255 76 232
    255 63 0 76 26 49 189 226 188 0 149 103 70 132 0 95 2 255 0 66 52 0
    101 0 0 13 185 120 43 170 182 151 224 208 13 99 0 0 255 0 255 97 65
    42 170 255 255 36 154 0 6 0 255 121 154 238 0 145 215 229 198 214
    255 255 78 0 255 76 255 7 186 192 255 114 49 0 0 210 0 64 43 0 48
    255 0 213 0 0 255 237 240 174 83 255 192 176 197 0 143 0 61 0 175
    135 255 0 0 255 0 2 81 65 240 118 212 255 255 0 0 199 216 0 185 202
    0 255 0 234 208 156 0 255 255 12 255 255 85 198 0 233 115 46 187 255
    255 255 0 255 0 53 0 65 255 156 180 168 0 150 48 176 106 23 211 246
    0 184 0 16 106 255 131 1 174 0 96 255 255 19 0 0 1 119 0 176 99 0
    147 47 102 255 128 255 110 141 122 126 0 0 129 0 255 118 0 117 255
    221 224 114 40 255 18 241 171 171 177 255 255 9 242 0 255 137 255
    255 255 205 21 168 118 13 0 0 141 255 221 207 69 0 70 242 255 0 1 0
    39 160 132 255 119 0 0 255 0 0 121 86 176 255 214 190 192 89 123 0 0
    225 255 97 47 109 255 0 38 255 228 255 255 255 0 168 255 160 255 0
    255 104 88 113 204 255 75 0 255 48 82 0 255 160 146 121 1 40 39 159
    233 255 255 43 63 233 255 111 255 246 255 255 255 190 79 0 58 176
    151 0 57 28 207 255 40 30 0 188 57 57 10 202 67 255 71 214 255 255
    95 120 22 0 255 156 2 255 253 247 255 183 3 234 198 255 0 166 137
    185 255 197 0 6 255 156 150 213 0 0 95 155 31 110 42 0 119 42 0 166
    58 74 0 255 191 0 0 232 238 47 100 153 0 255 219 255 74 54 0 0 255 0
    255 255 149 140 97 255 0 11 0 145 243 13 96 135 247 0 255 167 21 196
    24 168 127 131 252 158 202 62 52 33 0 118 3 125 0 67 255 143 0 0 176
    249 219 35 255 133 130 212 0 0 0 0 186 134 153 255 255 197 60 170
    255 111 76 255 147 18 0 125 167 0 255 0 0 255 181 0 119 212 249 109
    0 255 45 222 255 0 255 219 163 118 74 152 161 255 0 225 233 233 112
    0 198 182 182 247 50 253 255 8 58 224 255 236 34 0 255 0 174 255 0
    210 103 0 215 255 72 23 0 79 255 179 218 255 44 255 0 0 255 9 99 0
    255 255 239 0 0 255 149 0 247 86 255 58 0 219 187 0 199 29 0 59 62
    65 249 184 222 220 0 74 247 117 153 166 126 174 173 41 0 0 0 28 219
    39 244 255 0 223 255 255 0 93 87 255 170 0 126 255 127 0 72 177 169
    255 85 194 37 255 0 26 0 189 3 13 246 196 82 255 134 34 255 39 97 0
    144 14 255 187 219 228 167 27 255 0 154 217 177 0 255 255 190 0 255
    218 0 0 0 0 0 132 0 122 81 9 255 192 75 255 50 119 156 0 255 191 0
    68 199 91 8 167 0 9 121 96 92 125 0 124 230 125 17 0 117 35 255 169
    33 150 6 133 0 255 240 175 46 47 218 15 217 50 88 71 217 116 255 0
    158 255 255 53 208 171 0 255 127 0 0 169 174 255 199 255 193 32 186
    4 255 89 255 0 255 77 0 0 0 111 16 255 57 0 245 227 113 255 255 89
    10 149 88 73 179 34 34 179 188 134 200 229 72 140 0 59 226 255 0 141
    22 255 0 134 77 92 82 241 33 74 255 0 126 250 50 0 0 255 87 0 214 45
    0 14 0 235 255 171 207 179 255 227 0 163 255 0 20 255 0 0 84 71 222
    3 87 255 0 29 57 0 26 0 255 58 74 139 0 0 34 11 14 45 255 0 102 247
    251 0 249 201 202 94 219 255 0 255 203 255 217 27 186 155 82 255 115
    241 90 90 139 201 253 207 0 26 255 84 116 0 147 0 0 255 35 0 58 151
    14 255 125 0 255 0 53 255 157 255 0 238 255 70 19 255 36 5 24 31 196
    1 66 255 200 0 85 180 26 0 255 255 255 255 125 0 255 176 9 166 59
    161 44 255 202 255 56 68 163 203 0 114 255 236 200 255 140 142 255
    63 0 138 190 255 0 129 249 209 97 142 255 61 173 233 151 255 114 93
    166 229 255 0 80 255 0 255 29 97 255 0 186 0 255 0 90 120 255 91 39
    18 255 218 162 0 255 255 255 112 0 255 24 7 7 38 215 185 0 161 54
    255 73 55 255 0 0 78 167 152 106 211 212 127 185 183 154 236 14 254
    247 213 80 255 255 128 244 34 255 201 255 104 103 255 29 123 212 255
    83 98 0 255 126 200 255 25 138 247 255 241 0 255 50 255 251 255 255
    0 5 0 0 56 255 0 0 255 225 167 190 255 0 0 255 0 29 53 46 102 69 70
    48 190 115 149 171 40 10 111 166 246 50 178 231 149 183 166 245 255
    0 23 255 149 54 255 255 186 101 149 30 248 48 232 141 94 12 240 133
    83 255 0 248 255 112 207 168 157 119 0 0 255 255 193 98 35 255 100
    255 0 112 127 172 0 226 255 21 21 255 0 230 205 255 0 0 255 255 20
    24 169 127 183 15 0 255 153 35 0 0 177 14 0 107 255 193 105 42 66
    243 27 109 72 23 0 255 24 255 78 100 0 43 36 208 97 255 118 0 119
    164 0 185 199 255 255 228 0 224 138 0 255 255 255 143 48 158 9 0 115
    31 255 38 105 29 137 72 145 163 255 23 149 214 3 0 242 255 228 255
    89 197 255 246 255 247 0 145 159 0 0 46 169 123 255 255 253 0 145 13
    255 0 131 49 39 120 255 233 119 255 244 255 131 210 249 27 208 34 34
    0 0 0 29 133 0 0 0 224 242 85 0 0 0 0 154 116 38 255 249 0 252 255
    255 232 0 255 255 195 0 64 0 7 218 255 153 255 234 62 232 255 41 0
    29 157 170 206 23 255 255 255 255 113 255 117 18 255 255 228 121 59
    125 158 63 136 135 0 184 193 56 255 44 2 0 255 46 143 82 92 255 243
    119 53 138 0 0 0 69 0 230 255 0 158 255 0 44 255 255 219 90 255 0 21
    217 0 85 125 7 255 78 161 255 255 208 232 255 246 0 83 15 240 255 93
    0 0 100 0 0 37 187 255 154 0 76 255 67 35 174 34 205 195 24 174 157
    51 167 98 239 152 44 161 96 90 127 0 44 242 50 0 255 130 0 153 186
    205 40 0 50 225 35 55 187 255 103 255 234 248 180 0 255 204 255 30
    255 0 0 196 12 255 26 201 0 40 83 49 14 145 123 0 185 17 194 225 0
    111 115 44 214 0 223 180 8 145 255 0 155 246 105 198 255 118 213 255
    255 13 0 92 0 117 255 110 0 34 0 0 255 48 177 0 65 236 0 249 89 123
    255 255 253 175 89 255 151 164 108 187 30 72 72 170 255 0 210 58 255
    0 196 224 140 41 231 0 0 26 127 217 84 255 40 33 255 126 168 192 251
    71 123 212 255 68 58 0 255 215 95 255 65 37 103 168 0 255 255 49 255
    0 140 147 121 81 81 155 251 1 255 70 248 0 255 65 0 202 255 0 255
    213 224 255 0 238 110 255 197 129 13 255 188 87 245 217 255 196 6 13
    255 94 255 130 225 255 108 225 29 212 0 255 35 173 0 151 255 139 255
    45 165 255 0 190 255 205 0 184 255 0 47 133 0 0 0 69 255 0 116 0 107
    0 255 106 66 94 25 1 255 102 215 0 50 255 0 0 255 255 214 0 255 169
    0 201 0 62 255 173 58 0 251 0 0 38 255 95 12 177 255 57 255 137 216
    117 0 178 198 0 0 255 52 240 34 0 21 0 76 0 96 135 0 0 255 71 57 113
    241 36 0 0 0 207 0 255 255 255 0 70 25 0 251 92 147 255 170 185 182
    255 195 40 44 51 23 253 0 231 255 255 128 84 151 32 255 0 111 85 152
    148 86 255 37 155 0 147 0 249 239 92 160 112 130 68 0 0 0 255 41 255
    242 104 255 210 0 255 255 50 185 255 130 134 255 127 121 51 206 254
    97 159 131 255 124 0 0 255 126 114 152 78 43 215 87 255 255 0 255
    129 182 204 128 176 117 149 161 5 255 0 18 66 21 255 85 255 16 187 0
    81 255 216 172 125 159 6 41 129 199 72 0 166 9 110 129 0 255 67 0
    202 255 70 104 238 0 0 0 255 201 0 255 0 0 68 0 216 82 111 255 0 71
    0 255 59 0 74 92 0 0 215 133 255 224 90 71 210 146 129 250 220 56 0
    78 249 0 255 52 0 254 247 0 255 246 255 255 119 0 108 130 192 255
    245 255 0 28 105 255 33 4 176 104 129 140 255 158 0 183 210 205 0 84
    0 198 0 255 195 22 175 44 0 0 0 100 176 197 179 65 255 255 193 0 165
    0 255 86 64 70 157 95 202 11 27 0 166 90 255 72 255 0 51 171 255 255
    28 142 0 0 0 0 128 0 208 44 227 255 0 214 252 0 255 159 255 168 35
    255 35 239 0 122 96 143 77 0 255 136 0 255 62 63 255 0 129 128 33
    196 123 119 255 108 162 238 214 196 211 131 0 182 120 255 255 0 143
    172 3 0 0 153 133 179 32 189 217 255 60 28 0 0 255 0 142 255 125 0
    112 255 255 145 156 107 255 0 191 0 87 66 224 255 0 165 115 129 0 0
    255 140 21 0 10 219 169 242 245 56 255 168 255 201 255 4 82 203 136
    0 0 71 146 85 0 150 0 0 255 65 0 59 255 39 255 72 255 255 255 56 5
    115 0 255 30 255 255 198 255 255 101 230 142 253 105 119 75 0 166 40
    204 0 173 255 203 255 135 89 255 245 219 227 234 103 255 0 255 113
    129 11 255 30 138 96 167 146 255 64 217 3 188 193 161 225 192 213 75
    252 58 0 231 0 51 227 87 0 0 217 125 183 76 255 201 45 0 160 255 255
    60 149 26 17 0 214 19 201 76 82 255 216 255 243 147 255 95 0 244 1
    185 99 14 28 192 255 219 255 255 255 167 0 234 202 185 0 0 0 21 149
    0 95 226 230 199 255 255 0 71 33 0 97 163 0 194 0 255 250 0 67 0 180
    255 35 255 0 142 255 255 115 185 255 1 238 126 59 40 255 247 133 134
    161 207 18 0 0 0 243 0 119 162 232 0 0 135 0 0 137 204 133 245 0 144
    0 27 246 0 178 67 17 102 89 0 255 240 255 255 42 3 219 39 166 134
    133 227 44 255 224 0 30 255 0 193 255 255 0 0 186 116 111 11 185 0
    44 76 71 153 0 255 255 103 57 163 255 39 221 155 120 77 171 64 0 255
    43 35 255 125 0 125 128 255 0 139 59 79 255 255 191 2 255 0 159 44
    255 153 48 0 0 0 48 19 137 133 176 241 0 238 0 255 248 169 208 0 241
    156 255 33 133 255 0 203 226 87 27 204 255 227 255 132 0 255 138 156
    0 171 74 188 255 56 0 255 255 141 0 242 0 255 230 224 87 0 255 119
    110 255 0 86 255 113 0 255 0 130 45 35 49 35 14 249 255 0 24 67 78
    255 0 188 38 255 0 155 255 109 0 255 147 237 255 255 145 16 255 255
    184 63 83 142 255 0 200 47 255 251 125 255 66 175 18 255 239 181 206
    196 255 255 158 255 255 124 82 7 0 0 255 151 128 117 208 255 175 255
    255 255 42 66 218 94 223 189 154 255 0 132 255 255 255 114 167 0 255
    118 166 0 55 223 0 179 255 0 75 3 255 0 76 119 255 123 55 0 0 161 0
    0 21 0 20 255 208 255 153 0 172 199 45 84 216 228 20 0 255 100 0 255
    255 249 0 255 0 254 255 116 204 255 0 204 71 0 65 0 89 255 0 196 0
    255 74 245 0 14 255 177 255 184 255 76 14 207 193 158 38 175 2 255
    205 150 143 0 255 109 108 249 43 226 0 88 0 0 67 0 8 255 255 201 205
    181 96 126 112 109 52 218 236 159 0 0 255 199 167 160 88 42 0 0 9
    203 125 249 0 0 215 249 90 255 0 37 75 153 0 98 255 252 255 145 219
    136 245 255 122 0 180 91 125 252 3 81 255 255 0 25 9 0 251 255 173
    140 155 255 204 0 0 255 255 192 0 189 0 39 216 96 0 230 255 8 239 0
    6 57 240 177 157 255 211 168 0 255 211 213 75 55 55 255 181 0 251
    231 255 117 202 0 84 255 255 65 0 41 21 255 0 199 192 0 19 73 58 74
    168 145 255 63 208 252 0 12 55 60 91 0 0 0 98 189 0 25 209 255 68
    218 255 139 145 100 0 90 0 82 181 242 2 0 57 81 103 170 202 157 0
    255 0 76 200 90 255 237 54 0 211 255 0 40 255 0 77 14 0 53 228 129
    131 60 0 247 6 193 255 0 7 39 197 255 183 73 255 238 244 117 69 100
    3 0 92 63 6 255 228 187 195 255 223 206 44 255 153 155 37 9 145 0
    152 255 228 66 150 247 222 0 150 159 28 17 174 255 43 50 255 219 65
    0 167 167 62 63 220 0 140 76 69 0 71 10 205 0 43 27 0 50 254 11 66 0
    212 5 0 38 155 157 202 0 98 72 21 115 46 223 0 150 59 50 109 210 112
    0 255 255 174 0 255 0 0 77 255 0 0 216 36 255 0 0 117 249 255 24 0
    221 172 0 219 0 255 226 223 199 120 5 255 238 125 255 2 13 72 251 0
    114 146 107 0 17 167 242 172 41 255 42 52 255 68 134 0 255 126 0 224
    180 255 60 51 255 160 0 255 252 30 183 46 239 210 50 255 61 242 138
    66 255 45 197 255 9 0 154 0 253 0 95 189 56 0 0 126 199 104 98 22
    126 254 177 0 3 43 234 57 123 0 184 73 0 191 0 67 128 68 126 193 0 0
    0 0 207 32 38 66 173 255 198 177 66 0 163 0 178 206 255 6 201 4 255
    255 0 103 0 252 255 202 221 7 255 105 12 0 9 115 251 0 46 22 120 0 0
    4 231 255 80 83 110 37 136 0 0 121 30 12 73 161 72 150 255 94 0 210
    255 74 63 214 255 46 0 128 40 255 105 255 1 255 255 177 119 104 98 0
    27 255 224 196 255 127 235 255 255 0 255 22 255 60 178 133 255 74
    216 255 164 51 78 209 141 126 146 68 50 255 109 19 0 0 255 255 0 68
    255 153 255 255 0 255 93 188 33 123 255 255 0 141 181 196 255 0 196
    0 0 243 4 0 162 82 80 225 0 39 95 192 90 0 151 255 255 173 196 221
    255 255 0 133 255 0 59 101 163 255 8 199 129 155 220 143 0 105 151
    222 255 255 207 255 255 67 78 167 230 236 139 122 17 0 255 4 205 255
    114 255 221 227 70 92 94 255 195 134 32 157 0 73 167 0 255 78 219 0
    228 255 130 170 255 255 154 0 24 179 255 0 46 0 154 0 160 14 0 255
    33 200 186 87 255 29 72 12 255 114 184 0 27 39 0 255 255 235 143 1
    138 255 210 255 109 255 201 255 255 93 255 255 249 177 94 181 255
    251 113 0 255 229 238 67 255 150 0 0 1 164 193 66 255 190 255 18 108
    0 19 0 175 255 225 0 78 255 242 255 0 105 131 255 35 108 255 0 245
    255 0 255 0 246 219 255 0 66 214 0 128 0 255 163 86 255 154 76 255
    92 0 151 67 3 0 0 119 141 255 81 0 7 70 195 255 203 0 255 119 0 222
    114 10 137 28 11 233 255 142 174 109 73 204 121 122 255 108 58 253 3
    53 255 218 236 255 115 255 40 152 255 103 199 214 58 178 0 103 241
    173 255 130 156 95 30 34 35 255 240 0 72 242 255 215 255 13 0 255
    182 135 0 231 218 66 0 4 236 204 162 112 0 12 187 163 240 0 255 202
    52 109 0 255 185 0 82 108 0 0 26 138 244 196 255 255 0 255 0 101 0
    188 100 255 231 255 161 196 0 0 255 22 191 4 0 118 0 0 47 140 255 0
    236 51 0 0 0 85 6 188 211 255 167 172 255 0 0 211 118 0 168 100 54
    255 163 38 120 245 114 255 185 28 10 59 137 153 0 123 2 0 84 73 208
    0 0 255 255 255 0 182 64 6 181 109 137 178 201 176 155 122 0 201 15
    0 191 29 25 93 255 101 218 20 0 130 255 0 230 53 23 255 0 55 77 210
    225 43 0 224 255 255 48 0 255 206 0 6 0 159 255 255 1 216 146 52 157
    0 255 0 140 255 28 0 255 141 255 0 94 153 114 78 103 255 255 28 25
    21 0 203 255 109 255 81 0 238 145 75 255 221 247 255 255 255 255 255
    255 239 243 191 245 46 77 155 255 227 47 158 100 255 98 97 255 253
    78 0 194 255 0 129 250 110 255 250 222 0 86 255 0 255 7 233 0 255 0
    0 0 135 123 195 53 218 255 82 74 183 103 83 255 255 65 69 149 95 210
    255 126 0 255 255 204 255 255 128 18 255 255 0 0 0 211 41 12 0 248
    255 13 0 104 197 27 137 61 231 88 99 239 154 158 131 255 0 0 172 0
    185 225 248 190 10 236 255 139 255 158 0 117 255 94 132 242 247 229
    255 142 83 156 57 119 98 244 176 170 255 128 255 255 160 2 255 28
    255 43 255 205 255 255 86 0 255 7 255 255 125 255 203 26 255 255 0
    60 0 164 0 170 36 244 204 255 143 252 170 176 0 248 255 31 255 255
    51 255 93 255 4 0 153 0 59 15 161 230 103 214 213 207 0 115 188 162
    152 47 147 22 72 79 0 208 0 69 199 2 239 255 130 139 202 255 120 0 0
    152 0 218 77 60 50 255 100 62 0 94 0 255 27 201 39 0 175 83 218 98
    97 255 39 52 255 19 255 163 239 0 178 17 0 96 0 13 63 0 234 0 241 0
    255 141 0 215 0 131 122 159 143 0 0 55 65 15 212 242 168 57 81 159
    255 32 183 238 0 250 114 17 11 38 255 0 255 209 163 255 136 43 254
    28 209 0 70 0 59 172 186 38 75 0 0 161 183 210 218 255 1 255 48 79
    164 212 240 175 250 0 172 54 255 170 22 0 198 158 0 0 40 27 1 20 84
    29 206 229 164 255 120 7 167 204 86 81 23 31 15 50 198 59 241 190 93
    36 0 214 0 0 249 170 126 255 129 227 255 0 0 0 113 163 94 173 0 82
    249 133 0 45 0 0 255 108 174 35 52 238 30 34 93 217 0 94 71 161 242
    240 149 36 205 25 110 0 216 130 150 246 0 49 39 45 21 92 0 3 218 30
    50 0 159 0 0 243 0 0 173 255 76 0 38 255 0 254 94 255 114 255 4 255
    0 255 94 0 152 255 12 194 200 0 175 22 177 0 102 17 182 169 213 185
    126 0 89 250 12 158 4 0 24 55 181 0 135 24 83 10 22 151 77 134 247
    255 0 73 0 78 76 246 78 255 61 121 61 233 68 0 255 0 129 0 0 0 251
    155 3 170 167 12 0 0 240 19 178 157 63 70 187 78 184 167 189 255 117
    164 255 255 92 72 53 222 0 0 252 0 0 79 57 153 183 186 114 9 167 164
    139 104 226 255 53 3 78 166 185 46 10 60 255 255 255 165 196 74 255
    81 0 255 249 255 255 62 195 217 56 7 255 21 255 255 179 135 229 112
    163 0 0 12 6 182 255 44 243 68 118 175 202 0 0 26 255 72 29 0 251
    149 34 24 0 37 219 0 194 0 0 251 63 0 23 255 2 255 0 91 217 255 0
    255 0 231 203 163 0 191 40 255 255 134 244 203 234 51 220 57 243 0
    153 92 164 68 159 255 0 104 254 0 179 255 163 0 255 179 205 201 215
    57 0 118 0 0 25 93 255 112 218 255 221 128 72 0 132 0 255 4 136 12
    255 255 255 159 170 110 58 255 0 193 58 0 63 255 235 0 180 11 112 88
    234 0 0 0 255 0 191 54 0 124 0 171 255 255 18 0 0 91 68 0 111 255
    120 3 157 106 0 78 244 78 255 95 21 82 210 77 214 0 20 0 255 0 233 4
    23 0 49 75 97 2 50 255 14 30 255 250 4 224 41 130 255 228 56 231 255
    173 1 193 255 255 221 255 113 143 0 0 0 189 160 255 228 255 110 161
    0 204 0 89 0 255 249 134 255 0 169 248 255 0 0 104 187 0 255 253 255
    113 222 45 192 255 223 66 233 35 78 21 53 170 0 41 0 175 239 87 174
    202 0 255 0 7 88 41 207 33 198 0 74 0 255 127 0 255 255 96 255 255
    255 90 79 255 74 193 167 45 0 0 172 255 190 255 0 0 178 0 255 252 0
    129 10 185 204 14 68 122 21 226 213 0 174 255 255 0 63 40 72 220 179
    129 80 255 62 26 0 116 0 132 255 214 0 24 255 73 239 112 236 144 0 0
    232 255 123 105 33 58 167 98 212 49 255 255 255 255 255 157 244 255
    255 164 0 0 255 0 0 146 17 222 255 34 255 50 255 51 0 0 0 250 255 24
    0 255 255 0 0 255 0 141 255 0 201 255 255 113 196 155 140 0 69 206
    255 136 255 183 255 0 0 0 57 234 255 114 248 255 50 255 230 139 41
    80 39 255 117 0 255 0 0 241 168 0 140 248 27 216 159 51 22 194 71
    188 131 120 231 119 152 151 0 156 67 185 81 0 255 174 255 255 122 76
    0 0 0 0 255 117 19 255 206 210 143 255 84 0 0 159 54 92 118 255 149
    126 255 110 33 255 255 255 0 23 202 251 94 255 184 174 255 165 116
    144 0 0 235 0 47 190 0 0 255 255 0 137 177 13 0 255 197 252 0 208
    200 0 159 30 255 8 0 81 168 71 0 255 174 0 98 116 3 100 177 0 127 65
    71 190 0 255 158 255 153 10 140 0 0 119 255 0 103 206 178 140 108 0
    223 143 71 0 146 47 133 83 0 1 207 255 255 76 255 0 255 40 255 181
    74 232 153 255 210 255 122 73 42 64 0 255 0 255 255 22 74 255 19 194
    255 30 0 0 175 114 204 49 109 0 0 239 154 84 10 0 196 159 105 255
    255 255 18 255 255 101 89 0 255 0 0 166 255 196 255 255 253 172 48
    255 195 255 224 102 158 167 177 0 16 12 133 17 27 51 225 232 135 255
    41 255 255 73 142 33 166 0 161 0 140 255 255 0 102 180 206 253 148
    21 140 155 75 255 0 11 6 237 217 205 90 23 82 0 255 49 221 154 255
    24 0 242 61 0 17 150 103 120 198 255 255 0 139 255 0 255 14 180 255
    255 184 255 0 152 21 0 255 0 88 0 0 255 150 0 179 41 59 234 0 55 0
    204 86 173 19 81 0 125 88 190 50 236 97 185 255 147 215 0 155 231 0
    237 168 255 59 248 255 189 74 80 250 255 158 255 78 139 0 24 201 0
    96 81 0 255 246 217 255 206 247 0 230 143 0 151 255 0 255 56 131 89
    86 240 255 160 132 255 255 0 66 255 255 138 3 255 0 135 255 255 32
    23 100 234 102 147 48 255 255 7 12 229 36 206 146 0 255 0 255 172
    159 255 13 255 63 196 236 214 0 151 255 0 32 34 31 106 54 214 0 97 0
    0 140 93 255 21 36 93 255 183 218 255 68 25 0 63 0 255 255 221 255 1
    31 185 155 150 79 231 0 255 0 107 89 186 255 62 96 145 68 209 106
    144 110 0 255 73 72 253 0 12 127 9 0 178 255 129 13 226 108 255 57 0
    198 255 255 0 255 186 108 255 20 222 132 74 255 0 69 0 0 4 34 185 82
    1 104 35 5 255 178 107 0 66 0 222 0 18 0 125 157 82 0 0 0 255 139
    227 109 51 0 97 255 0 54 117 192 110 187 255 0 19 241 0 190 182 255
    255 0 255 95 141 187 255 100 232 255 9 255 59 181 7 0 100 233 0 255
    111 255 178 103 0 90 0 169 255 255 74 189 242 216 171 255 165 0 133
    108 253 0 150 116 0 38 0 0 108 223 176 169 59 250 44 0 208 255 248 0
    255 231 255 255 0 172 111 146 255 96 255 255 228 66 101 0 51 0 175
    145 191 148 0 0 0 150 255 127 176 169 0 255 0 81 10 255 255 96 255
    255 202 0 101 71 143 28 0 173 0 231 95 0 111 136 183 214 202 255 164
    255 162 235 35 255 35 0 2 61 255 0 0 255 95 161 179 158 0 68 255 222
    229 120 255 23 255 47 168 189 255 106 5 0 159 0 94 23 70 0 8 0 158
    19 24 79 255 141 255 51 101 165 0 0 195 63 255 0 40 0 65 125 0 0 192
    255 250 255 162 50 251 148 138 255 255 255 46 73 134 108 39 255 31
    20 35 255 132 69 255 255 0 255 27 190 0 0 180 0 165 0 255 36 102 227
    162 96 43 0 185 227 1 212 75 0 104 0 27 251 167 15 138 199 137 251
    147 248 43 55 0 96 255 216 0 131 0 167 65 201 0 204 0 0 0 0 57 0 174
    119 47 255 251 255 40 89 255 97 143 98 237 20 0 255 255 126 245 50
    140 0 255 13 164 95 196 216 141 0 157 226 123 200 0 3 201 255 88 0
    141 189 106 0 218 250 0 169 0 92 0 91 255 0 177 148 216 255 81 219
    255 37 35 98 106 9 255 181 255 157 0 168 28 89 255 207 207 0 52 0 47
    0 128 255 195 227 0 255 255 138 97 0 0 244 163 131 168 255 199 186
    255 255 0 255 9 53 120 150 255 137 8 40 203 255 81 10 253 22 193 132
    250 18 37 45 171 245 215 1 0 54 0 0 105 74 42 203 164 0 184 108 220
    75 0 255 7 255 222 0 0 7 0 255 9 255 31 20 161 255 185 92 255 77 124
    217 237 239 8 255 0 255 0 255 38 99 11 27 0 42 255 85 0 120 41 101
    63 0 97 255 255 160 233 230 176 164 221 231 155 255 164 0 66 255 169
    255 255 234 15 255 66 106 241 112 209 12 195 37 255 213 0 125 0 0
    255 255 0 200 255 190 0 0 86 0 233 255 74 255 142 90 187 48 150 218
    255 170 255 0 241 150 0 0 221 58 255 231 75 93 255 0 195 86 0 117
    255 2 255 37 26 153 160 53 184 86 106 151 255 11 202 189 240 255 179
    117 202 216 0 0 141 152 10 227 138 238 242 88 162 255 255 235 15 255
    136 255 19 38 0 209 57 87 255 0 101 0 0 0 0 77 0 0 255 192 229 255
    139 255 244 255 93 255 255 0 4 39 0 168 221 186 94 27 115 101 0 0
    147 117 54 255 176 0 255 255 0 15 113 0 1 97 255 0 0 137 0 75 52 130
    251 40 172 184 255 13 0 255 0 123 255 42 255 185 107 116 43 211 188
    212 152 255 184 0 0 240 107 0 0 0 3 229 0 227 255 254 255 117 195
    196 178 65 255 70 20 142 69 75 255 159 255 245 0 195 184 167 0 4 255
    67 75 170 168 128 139 39 0 0 0 7 255 92 255 169 170 255 255 146 0
    126 0 138 227 134 53 255 218 255 255 195 186 213 126 0 175 115 255 0
    179 93 25 189 29 98 26 34 0 207 194 255 0 147 255 0 123 136 225 0
    219 0 107 160 0 255 0 255 0 166 254 180 192 116 245 178 234 160 255
    201 143 255 43 0 0 222 14 255 152 82 103 0 230 232 0 255 0 255 170
    21 152 102 12 145 127 85 230 255 255 255 255 191 64 220 0 154 34 255
    191 13 0 58 0 81 213 255 37 255 144 113 17 255 255 255 0 255 209 255
    255 0 107 0 108 182 163 0 30 0 32 37 112 6 0 12 0 248 232 7 0 0 65
    51 0 242 25 167 255 0 135 37 9 0 184 255 173 58 11 155 70 205 255 91
    255 0 0 122 42 168 255 255 0 0 255 160 52 255 199 0 0 255 14 255 255
    73 70 138 65 188 162 140 185 155 225 16 255 255 33 0 21 255 0 173
    155 154 153 255 167 195 0 85 255 162 136 0 0 255 127 173 255 172 66
    52 79 67 16 109 41 0 0 61 180 66 97 0 0 255 195 86 5 217 81 229 218
    182 0 225 255 218 255 92 255 21 212 169 255 255 0 183 255 238 52 198
    79 213 164 183 0 74 255 21 177 41 19 203 37 255 47 255 191 255 155
    38 0 255 255 135 156 56 255 94 255 0 195 235 2 153 205 171 244 255
    188 255 208 91 221 148 164 0 194 164 115 0 10 226 14 137 255 255 0 0
    255 0 0 255 190 255 26 121 166 145 217 255 191 17 139 255 255 0 51
    72 0 57 171 14 255 255 39 218 77 0 28 0 152 255 174 0 212 140 255 86
    255 136 111 255 0 188 60 255 255 0 146 61 255 145 8 140 209 229 74
    98 31 47 255 255 115 254 61 0 148 15 17 0 243 242 109 255 255 79 227
    194 242 0 224 255 33 153 108 0 94 255 255 151 255 0 82 0 0 124 0 72
    139 0 62 56 0 106 159 102 255 142 0 255 0 255 197 35 253 162 222 255
    154 3 0 166 241 210 146 149 255 0 195 22 109 255 0 46 198 255 16 47
    255 192 171 97 0 66 186 241 35 52 0 0 0 84 37 122 0 99 203 255 24
    105 255 173 32 87 0 255 144 80 31 34 0 244 19 0 0 55 76 193 140 0 0
    115 47 8 255 41 255 61 244 216 25 104 255 112 255 212 134 255 255
    255 164 255 255 175 21 0 60 0 195 255 255 219 138 255 227 105 255
    135 255 29 112 255 0 118 0 0 241 0 232 0 143 101 255 38 0 255 192
    255 7 255 255 9 178 8 122 63 0 53 255 0 154 0 184 0 255 255 0 115
    255 114 255 255 49 216 255 128 0 47 28 3 50 118 255 70 169 199 255
    32 255 185 148 26 30 172 204 24 86 225 107 209 143 95 206 0 79 0 216
    0 154 6 33 222 85 0 23 220 54 204 244 43 179 83 255 92 65 0 36 0 82
    175 0 255 255 27 255 54 24 30 255 255 5 0 255 60 206 238 168 132 122
    17 99 220 152 30 255 255 167 193 212 108 61 0 115 255 0 255 193 17
    169 239 151 145 150 137 213 0 0 60 36 125 255 0 255 8 244 8 0 255
    255 36 255 61 235 255 34 238 226 0 255 211 0 255 229 26 102 255 62
    207 71 134 148 78 198 9 42 252 236 175 255 236 196 8 89 59 255 255
    82 255 0 12 98 4 123 94 255 207 255 20 255 255 30 187 128 8 186 0 0
    80 106 15 0 113 255 247 0 178 0 235 0 0 0 72 33 0 77 255 0 95 255
    255 0 180 0 0 201 0 0 255 250 46 186 231 213 0 110 100 255 249 255
    202 155 255 215 255 186 151 0 129 119 16 229 0 215 206 104 0 128 255
    174 28 43 69 255 36 0 0 255 202 0 165 174 49 255 133 255 59 171 247
    0 255 23 71 111 255 1 204 146 255 48 61 30 0 27 51 35 198 21 255 248
    205 0 70 73 35 0 0 255 230 255 0 101 255 76 0 67 60 115 45 147 193
    255 36 141 12 181 37 0 71 237 0 161 96 33 1 179 159 111 66 109 120
    199 255 133 92 0 82 209 55 255 255 255 220 77 255 211 9 41 195 255
    59 149 213 55 169 78 88 92 27 255 255 203 0 24 254 0 255 255 202 0
    90 207 0 137 59 0 222 255 105 255 0 255 240 93 0 243 148 0 0 255 0
    115 18 188 51 210 0 0 241 117 89 251 59 101 115 137 101 112 235 61 0
    44 0 0 216 184 255 252 127 34 223 58 0 0 0 192 120 104 187 0 103 134
    218 152 255 255 255 0 0 255 72 78 73 216 132 208 255 170 0 253 243
    27 0 251 255 212 34 167 0 255 138 0 87 17 89 142 168 34 220 72 252
    255 11 146 0 255 255 182 93 63 0 9 205 0 169 135 0 240 253 32 0 95
    154 88 0 0 255 197 0 255 89 67 243 36 55 178 53 39 135 255 38 220 29
    196 141 183 150 255 255 0 190 31 255 220 173 11 255 88 181 255 0 0
    93 255 56 69 73 255 0 175 180 104 255 0 0 0 147 157 0 29 255 0 0 255
    195 173 36 115 255 90 61 209 19 208 0 89 180 157 224 0 245 52 224 87
    255 255 33 15 202 37 0 17 203 217 109 154 0 124 255 249 0 225 110
    131 0 0 98 255 210 72 112 203 49 6 21 184 255 184 206 50 255 98 247
    92 26 0 255 255 0 31 0 0 57 255 0 5 90 60 89 198 206 0 255 255 255
    255 168 236 107 33 0 239 188 120 254 0 0 129 255 0 227 0 238 28 0
    166 0 133 159 0 0 46 201 6 6 0 255 0 162 142 32 255 193 73 255 255
    120 201 255 128 158 255 107 196 52 179 130 255 240 149 255 255 255
    255 255 109 173 16 224 47 148 31 143 110 127 58 43 255 255 207 55 0
    164 14 0 255 131 255 128 255 180 0 124 101 24 128 221 192 184 208
    255 32 255 219 149 213 7 44 255 0 255 111 172 108 228 255 57 0 170
    78 255 255 21 109 42 180 5 255 182 24 0 115 150 255 42 0 170 0 255
    247 0 230 255 252 234 55 58 93 250 162 0 0 81 243 0 85 0 117 0 0 235
    0 255 121 21 255 90 255 239 47 102 5 0 0 139 191 0 183 0 0 0 9 0 251
    20 255 6 23 220 121 216 230 247 106 255 93 160 93 192 255 255 233 0
    90 128 30 181 255 57 124 2 5 226 0 0 195 55 144 105 0 117 255 255 39
    128 167 155 0 255 246 0 0 255 16 194 43 255 246 255 0 0 0 187 41 199
    73 220 46 0 198 255 255 255 193 220 12 255 255 177 157 194 88 111
    235 255 0 49 0 0 156 0 203 255 255 26 46 196 255 109 105 180 255 60
    78 255 26 0 98 3 1 231 218 162 255 62 133 167 179 167 61 137 200 151
    62 227 238 0 93 0 17 139 255 250 255 37 218 173 56 85 176 248 49 109
    20 100 9 111 223 53 178 187 152 49 0 255 255 118 152 255 225 239 238
    110 121 100 227 167 60 255 255 255 159 238 253 70 255 0 254 255 34
    255 255 0 93 230 0 58 0 255 4 255 255 255 24 229 223 255 255 88 70
    16 155 140 0 50 238 0 255 71 1 143 217 0 0 0 0 228 98 19 255 93 255
    0 176 127 207 251 162 95 243 134 0 28 230 251 79 255 26 183 130 218
    68 67 247 255 161 0 85 132 0 137 18 192 187 206 255 86 10 37 0 0 226
    130 255 190 0 64 255 255 0 180 255 0 58 177 255 0 255 169 242 185 57
    248 107 236 0 0 13 255 134 106 50 0 255 244 237 0 255 244 222 142
    125 6 168 217 116 245 130 71 68 255 255 152 255 155 0 208 14 133 0
    166 0 195 159 179 0 23 46 42 255 71 92 255 239 0 57 255 255 199 175
    158 0 0 0 174 222 157 0 255 7 192 114 255 255 246 240 238 241 252 95
    0 14 76 74 255 92 255 255 186 0 16 119 255 61 0 86 110 49 118 194 0
    116 0 0 255 101 255 255 0 3 248 187 214 255 117 255 37 110 255 0 99
    0 106 99 26 48 197 157 20 20 92 255 255 39 76 129 144 38 0 247 195
    115 84 21 30 239 128 207 255 26 80 255 255 255 255 159 4 232 113 255
    29 51 255 93 178 255 228 112 97 0 255 109 149 185 190 0 0 128 0 150
    72 255 35 0 255 63 255 255 24 79 0 85 0 255 208 255 255 0 214 0 164
    92 22 64 0 225 255 255 0 249 120 107 255 129 0 0 0 166 0 174 213 36
    255 51 217 163 55 187 88 146 255 255 63 33 255 0 215 0 183 75 0 53
    201 56 200 102 255 144 174 106 113 255 255 186 0 72 0 0 254 12 15 0
    122 255 0 110 255 163 123 69 255 133 0 255 0 201 0 48 247 130 255
    209 0 255 49 165 0 0 147 94 153 101 115 115 122 255 0 255 80 216 33
    98 131 159 0 255 255 208 255 255 255 255 255 255 158 0 255 0 0 255
    118 0 255 245 214 0 125 136 95 255 55 180 129 29 210 0 62 202 69 125
    92 255 0 255 255 193 255 15 255 13 133 0 43 182 253 216 45 39 0 91
    200 255 12 225 0 23 232 172 255 255 118 0 5 0 0 161 255 126 0 0 9 0
    0 20 170 61 255 255 210 0 36 0 91 255 190 0 63 90 255 118 176 19 66
    204 28 84 255 55 0 0 236 142 0 191 50 0 144 0 60 36 133 44 18 53 141
    166 255 175 255 242 143 255 234 237 0 33 0 98 0 129 21 255 85 63 174
    141 231 221 0 152 255 175 218 211 200 227 239 137 106 255 0 195 0
    250 0 0 221 255 43 98 226 223 110 58 213 91 54 161 207 144 8 82 56
    255 255 255 21 91 121 201 0 0 151 194 142 232 0 0 164 168 66 9 73 84
    255 194 166 163 236 80 92 161 196 255 255 255 0 243 101 146 73 168
    255 255 206 51 50 150 0 159 202 212 255 98 255 24 255 198 0 0 213 99
    65 0 177 218 149 0 255 251 199 255 98 97 163 13 31 255 237 34 154
    166 255 203 211 78 144 61 197 22 255 35 0 208 25 201 98 141 64 240
    255 255 255 0 137 0 37 184 47 238 217 0 255 31 173 225 218 255 255
    255 255 21 118 144 211 145 167 23 182 0 199 255 105 0 221 253 0 53
    124 240 0 149 0 255 203 177 0 216 168 255 213 0 129 169 239 0 175
    255 153 98 0 0 142 164 62 88 235 255 255 255 104 77 220 0 188 137 20
    0 124 255 34 210 0 255 0 255 255 151 17 255 106 255 234 31 0 30 45 0
    120 202 68 0 128 232 255 255 0 0 255 245 132 0 234 26 0 99 0 0 255
    146 216 83 187 34 216 2 48 231 0 68 105 255 231 200 179 255 166 227
    96 255 29 18 0 220 238 0 0 75 228 198 212 255 245 79 82 254 8 127 0
    95 222 116 0 0 0 0 0 212 170 139 255 77 117 255 255 255 0 255 83 176
    0 154 255 236 0 255 255 124 0 255 0 255 151 255 255 130 255 254 0
    255 255 163 81 13 0 132 0 27 66 0 176 249 62 134 27 255 255 55 255
    19 17 0 46 0 185 255 255 126 0 255 255 190 255 244 255 24 206 119 0
    0 255 0 0 255 255 184 33 255 255 2 251 120 0 35 255 124 255 255 0
    203 21 36 176 5 204 45 73 255 255 172 41 0 6 0 230 2 122 255 0 183
    255 198 0 120 201 255 76 255 222 126 41 255 84 217 255 255 255 92 82
    132 255 207 56 0 91 198 21 0 124 0 100 79 9 255 42 0 0 255 0 0 0 0
    178 177 157 135 17 255 94 58 19 169 0 0 0 255 0 88 159 0 248 121 25
    88 16 1 45 255 255 255 255 16 172 0 255 0 159 0 187 255 255 119 158
    112 205 113 241 53 126 223 0 6 85 244 0 5 255 0 255 255 0 255 0 255
    0 3 158 255 67 45 255 228 0 7 217 121 121 118 63 205 143 27 188 27
    255 255 238 116 199 253 9 183 82 0 118 231 0 0 210 169 202 176 135
    177 0 153 255 0 0 154 182 0 182 255 0 255 115 255 199 189 125 255 0
    67 82 68 156 176 255 255 106 140 201 91 0 162 139 0 178 255 0 168 0
    123 26 63 241 255 255 182 253 140 102 37 255 28 90 184 248 255 6 182
    0 255 104 27 160 255 127 255 62 0 37 255 123 220 81 255 41 116 255
    166 16 188 255 0 232 23 255 135 255 39 111 255 0 234 116 246 62 158
    0 188 170 0 6 255 36 130 0 255 255 255 235 202 255 254 143 255 255
    100 213 255 253 0 167 122 17 209 183 255 105 119 175 16 71 255 255
    194 145 135 255 0 225 241 168 0 254 255 255 195 0 234 181 194 190
    255 83 187 185 164 231 255 121 255 0 7 255 213 57 0 255 0 12 249 51
    255 0 255 218 223 234 255 146 77 220 0 58 255 100 11 226 159 0 37 0
    207 203 8 255 255 166 0 136 118 165 255 238 255 255 88 50 28 44 202
    0 39 254 123 18 199 141 150 255 223 192 26 74 146 8 255 96 255 214 0
    219 0 255 235 183 177 255 233 114 0 186 113 82 61 0 156 84 255 0 42
    0 193 194 255 86 0 255 238 93 21 84 255 166 0 87 228 211 255 156 5
    255 255 29 255 255 0 43 153 34 78 255 143 255 197 255 0 0 84 178 41
    255 255 151 0 0 0 255 73 236 207 106 255 200 0 0 224 21 39 105 255
    255 255 50 204 0 107 193 76 232 0 0 36 255 210 0 6 0 47 91 37 1 187
    0 255 53 196 101 202 117 14 154 84 36 25 12 133 169 7 166 196 0 202
    255 193 95 155 89 95 255 122 54 255 15 213 26 109 231 24 216 29 255
    255 0 0 194 83 98 58 99 0 255 173 128 0 255 175 0 197 255 177 255 0
    255 255 151 190 0 191 0 201 165 79 255 162 20 229 61 0 143 201 103
    147 182 22 164 0 44 144 47 64 250 112 173 32 221 103 61 170 4 158 76
    163 4 0 109 211 201 0 0 82 153 244 0 209 153 255 229 0 66 70 179 180
    94 46 0 36 0 142 255 0 229 114 0 91 249 0 0 10 139 81 103 10 255 114
    47 190 255 143 0 228 220 34 0 14 152 0 0 0 0 255 108 145 0 0 53 255
    202 20 0 124 255 90 206 203 176 45 12 0 58 13 0 255 255 255 171 153
    125 0 129 255 0 102 190 155 255 0 255 32 11 0 91 1 2 0 255 255 0 167
    255 0 107 0 80 206 195 0 234 68 73 0 144 188 0 251 111 103 113 0 255
    219 0 6 205 189 105 105 255 150 26 0 132 118 131 255 255 255 0 250 0
    0 0 0 255 200 111 255 0 0 255 77 173 250 20 255 190 194 241 97 82
    190 170 255 255 161 254 106 0 0 136 23 38 0 85 0 0 251 0 0 153 255
    255 64 255 0 0 13 0 0 134 65 138 0 253 218 0 255 189 112 255 26 227
    0 146 255 0 103 255 255 221 118 255 172 169 255 253 15 48 20 255 32
    75 255 0 101 115 35 255 255 52 232 18 211 9 0 0 0 255 192 199 131
    255 0 25 218 150 255 162 244 0 167 6 106 189 255 227 255 220 255 162
    0 191 255 72 5 0 73 0 0 109 0 118 110 62 0 0 174 0 228 124 4 206 92
    158 255 0 47 255 255 0 131 255 0 9 199 255 255 71 0 91 191 77 255 89
    255 255 255 86 143 215 145 255 102 122 255 0 56 12 255 189 225 0 5
    72 147 255 0 250 197 0 210 83 0 41 129 0 0 0 242 0 0 136 74 210 0
    148 0 102 255 56 255 0 0 231 0 255 214 181 86 255 0 0 0 0 205 215
    255 194 165 255 255 128 141 123 255 253 72 215 255 0 184 93 255 255
    192 20 255 216 110 236 59 124 57 129 0 135 77 0 249 29 144 255 255
    79 38 0 145 58 138 223 0 255 0 170 53 255 132 241 113 0 185 0 0 141
    71 225 0 73 0 255 255 0 233 0 0 255 226 97 142 9 80 255 224 255 220
    175 42 0 16 36 99 255 44 94 255 0 130 255 0 255 176 100 207 255 75
    152 197 60 255 92 255 255 99 124 196 255 0 140 212 0 46 0 30 0 113
    200 129 35 39 0 120 103 4 95 0 160 0 38 255 0 255 203 0 218 73 22 0
    40 151 200 25 255 11 0 255 30 234 63 0 135 81 92 155 255 187 149 247
    121 56 106 129 255 140 63 255 255 61 221 193 0 53 73 139 0 82 240 61
    94 1 0 217 0 228 255 255 179 0 132 0 2 40 92 255 195 255 0 77 51 66
    7 102 154 7 255 20 77 251 166 255 193 152 41 123 39 127 0 238 72 27
    0 255 54 62 246 255 172 123 0 51 0 129 0 226 8 139 97 157 0 103 239
    142 107 215 103 0 20 0 183 204 0 117 60 0 130 0 0 142 0 0 4 207 9
    255 135 255 216 200 44 159 255 0 255 210 194 99 0 203 216 0 26 0 255
    131 208 255 255 0 4 24 86 192 255 255 90 97 255 255 68 228 0 43 83
    255 41 215 0 163 245 20 241 92 192 234 111 38 255 255 255 255 22 61
    222 224 214 196 77 133 143 0 255 98 10 152 80 196 255 58 255 132 215
    186 27 120 15 225 130 148 188 147 0 255 89 243 0 193 0 0 130 96 74
    80 72 255 70 80 11 0 0 15 0 255 255 134 0 163 18 23 24 177 36 193
    208 255 21 77 0 19 181 50 255 65 0 247 126 255 0 67 177 85 255 31
    136 252 63 100 197 255 0 0 94 27 59 255 194 1 15 166 218 0 85 255 23
    255 0 91 234 3 0 237 102 255 56 255 15 112 255 76 0 114 255 255 176
    20 255 133 148 0 45 255 255 191 232 195 0 0 132 119 144 0 255 138
    248 122 255 155 0 159 251 0 202 255 248 229 109 130 227 0 246 147 34
    255 119 101 255 18 240 12 86 8 121 6 110 255 231 101 91 0 255 79 50
    128 162 0 219 0 171 200 178 51 200 149 230 0 90 119 0 63 10 255 255
    255 219 86 124 0 0 0 20 0 195 0 0 211 178 11 125 36 28 0 255 182 241
    255 72 179 255 206 0 0 104 182 102 255 36 255 87 202 255 60 170 255
    0 89 255 8 47 131 6 150 238 217 2 239 0 251 72 0 50 69 199 226 170
    255 0 0 23 179 175 114 214 0 0 255 0 134 63 146 0 0 60 251 247 165
    252 118 224 88 184 255 174 0 125 205 142 255 0 51 230 244 170 0 255
    255 0 0 222 35 0 173 0 255 207 169 40 255 15 0 112 132 172 0 152 248
    42 106 7 41 159 36 131 93 40 169 67 69 255 8 209 0 35 197 166 0 255
    255 7 9 177 0 255 0 0 1 202 88 33 255 141 198 164 193 63 0 109 176 0
    172 13 106 27 40 196 29 138 114 190 212 113 2 210 76 255 0 255 200
    140 251 255 99 0 0 0 255 0 79 234 255 99 70 139 184 15 148 255 128 0
    102 247 126 0 160 255 128 255 150 106 129 104 255 166 91 1 6 175 255
    210 133 255 147 203 159 110 0 64 72 0 0 98 222 255 108 243 49 166
    255 224 158 231 64 141 0 53 69 93 209 120 19 137 0 254 0 217 0 61
    233 245 255 37 255 105 167 0 22 59 255 133 21 0 0 202 255 6 233 94
    43 181 174 166 255 246 0 232 255 255 190 108 195 203 0 25 8 199 155
    238 0 160 108 85 255 154 0 0 141 0 129 167 32 0 255 255 176 143 230
    255 66 0 124 155 98 188 49 0 108 255 177 174 255 175 18 239 51 255
    40 0 155 208 64 255 255 233 197 171 60 0 0 230 122 0 210 249 255 151
    10 255 153 235 255 203 147 141 255 182 27 4 96 50 119 0 168 57 225
    16 4 49 255 150 39 0 0 109 240 255 188 81 0 91 0 226 129 92 0 255
    196 28 255 147 124 149 38 199 255 197 255 55 51 0 255 255 78 164 255
    212 85 255 178 0 200 0 247 255 0 255 52 27 91 30 47 7 0 210 221 255
    131 255 0 234 103 255 135 0 32 181 166 255 0 207 255 0 235 197 0 127
    255 0 0 204 87 172 63 0 213 227 255 56 255 255 0 2 50 255 0 171 119
    0 138 51 50 0 89 255 42 255 255 73 71 66 143 126 255 255 61 255 0 0
    171 77 255 133 229 64 0 0 178 0 22 90 0 255 255 124 152 255 22 103
    151 255 0 74 179 13 0 169 0 255 87 255 37 0 181 0 141 0 243 231 63
    96 212 68 7 0 125 54 211 255 98 65 149 255 0 63 76 255 255 158 151 0
    87 15 0 0 255 255 56 255 254 90 53 255 12 39 0 147 134 87 218 0 255
    0 0 0 0 255 151 255 114 0 163 0 25 230 255 211 10 16 217 48 7 0 46 5
    28 0 0 0 81 0 166 233 131 253 0 0 4 146 103 10 231 29 111 255 135
    159 255 146 107 76 231 84 95 171 110 0 255 208 85 124 197 7 255 254
    151 186 0 3 0 226 0 75 255 120 0 169 249 106 9 244 0 114 255 208 0
    185 143 84 117 139 0 0 0 255 177 36 210 111 206 67 33 255 217 5 0
    133 43 242 221 28 255 22 68 170 81 74 224 159 72 255 0 193 255 106
    158 233 0 0 206 117 95 0 70 121 0 156 0 144 235 0 224 0 7 255 162
    255 84 227 28 99 0 0 0 255 180 0 0 143 207 0 255 0 252 98 150 60 0
    150 255 0 216 21 0 215 255 164 255 216 243 108 0 75 255 0 255 0 0
    223 0 33 6 0 112 145 232 34 130 255 159 237 255 146 86 255 72 245
    101 134 83 0 93 0 249 74 255 140 0 233 0 116 53 0 0 255 0 120 0 255
    0 107 216 157 0 18 243 0 73 42 211 255 0 244 237 182 96 255 1 41 111
    159 255 208 150 58 140 255 71 149 255 255 41 255 0 195 135 255 0 0
    16 0 136 247 90 227 239 116 243 197 0 0 255 217 148 255 53 90 243
    255 255 0 56 240 85 0 0 83 255 255 42 128 0 96 255 0 223 145 255 0
    186 68 79 100 0 221 45 34 203 0 24 81 0 158 136 36 203 72 0 49 103
    217 105 0 0 245 0 46 0 120 98 0 209 70 0 68 0 181 36 21 255 0 253
    188 0 255 0 0 106 0 191 0 255 255 0 58 39 52 120 0 255 235 173 33 73
    120 124 13 57 255 221 255 0 0 204 102 199 157 0 255 0 221 140 42 64
    43 135 0 137 10 167 0 130 128 0 224 183 0 255 39 208 126 255 236 227
    117 239 255 255 69 0 83 99 142 73 210 201 255 133 0 147 81 195 250 0
    0 16 233 32 0 90 0 230 0 0 15 40 18 223 255 0 136 255 0 115 78 255
    50 138 255 64 255 174 255 112 255 226 255 204 91 8 117 236 210 0 28
    12 0 69 174 46 255 80 61 112 177 0 37 81 223 243 0 41 198 134 80 242
    184 162 37 0 0 255 255 0 136 255 209 0 0 255 0 0 255 150 12 227 149
    255 0 255 255 177 64 255 63 0 0 0 71 0 0 193 55 127 255 0 0 48 91
    184 207 0 0 255 92 0 155 126 0 195 0 255 255 245 182 255 0 110 0 34
    0 0 255 85 0 185 15 91 230 0 7 0 24 235 186 255 246 178 104 121 255
    120 0 147 124 0 58 255 0 0 246 219 52 0 0 242 0 57 175 0 223 0 0 124
    138 195 29 0 77 240 255 83 255 193 14 122 113 93 198 144 220 0 254
    98 255 96 22 193 236 255 6 255 241 255 255 0 37 255 0 59 255 255 86
    255 161 0 124 27 0 255 144 0 155 254 255 114 210 38 74 105 157 249
    228 0 9 255 79 0 17 255 27 58 203 0 255 0 164 0 0 115 199 1 255 255
    0 205 55 112 35 246 247 57 1 255 134 0 0 13 0 0 255 0 59 23 144 101
    0 183 38 54 58 137 236 0 74 255 0 140 195 43 0 255 193 142 220 255
    216 118 202 82 0 102 0 255 44 255 255 42 22 255 0 0 202 255 29 127
    255 92 209 255 81 0 240 255 214 255 0 0 192 0 146 7 255 0 170 207 0
    255 214 255 0 26 255 255 24 24 109 17 8 0 0 169 0 51 141 224 35 244
    232 255 66 0 44 189 244 0 231 104 255 130 255 0 91 255 255 7 255 190
    255 177 0 44 255 79 41 255 235 119 0 110 0 28 89 156 213 255 191 215
    255 226 0 158 75 116 225 0 0 0 64 126 200 218 31 255 91 111 225 77 0
    206 155 0 194 38 17 127 193 255 247 255 255 178 249 36 44 0 0 149 0
    171 255 5 0 255 255 255 255 47 96 0 134 40 255 117 106 210 64 35 255
    251 65 128 0 86 71 76 255 185 0 243 198 95 132 0 233 255 9 76 33 179
    255 5 68 255 255 170 15 105 244 232 0 50 111 62 255 179 126 208 223
    152 0 74 54 242 24 65 255 12 113 0 0 255 244 32 244 191 214 11 43
    154 255 255 40 68 24 251 89 18 140 90 75 193 91 255 235 0 255 0 255
    166 57 255 255 13 74 255 239 67 255 75 0 238 5 118 255 225 72 162 0
    0 235 0 255 84 254 30 255 255 255 255 205 0 90 237 242 255 24 208
    241 229 160 108 255 112 11 255 255 242 0 255 238 164 0 0 208 90 64
    136 227 136 195 23 255 116 255 147 0 100 248 0 114 0 204 204 255 255
    46 57 0 114 13 0 241 0 113 255 0 0 80 255 160 65 230 255 39 155 255
    237 0 255 255 134 119 255 70 154 220 104 202 8 255 255 200 225 224
    255 196 0 134 29 255 255 255 224 0 255 255 255 0 103 219 108 184 85
    221 223 20 173 22 255 0 39 255 255 52 173 168 48 197 166 179 255 107
    27 255 156 255 0 231 42 225 178 73 19 136 0 16 145 0 73 189 183 255
    0 72 119 78 0 255 255 0 30 166 111 255 0 255 179 36 14 14 255 209
    255 166 0 154 255 255 255 51 5 119 0 202 242 7 183 225 255 136 15 41
    157 211 0 0 217 64 176 196 255 125 201 114 0 255 0 35 223 0 212 255
    61 0 254 38 24 85 81 152 255 0 207 126 128 49 171 0 186 0 154 229
    139 255 155 196 0 0 126 255 135 15 190 156 0 5 35 255 0 0 202 216
    254 73 0 173 224 0 255 0 0 255 255 16 159 89 255 61 255 62 215 31 0
    158 0 69 115 255 0 28 255 0 89 188 0 0 22 0 255 231 255 71 228 236
    255 109 42 255 177 156 219 101 0 255 212 46 89 204 28 24 70 215 40 0
    107 131 247 155 255 252 255 6 37 154 139 7 43 57 200 255 0 218 255
    172 17 148 202 98 144 172 255 0 0 200 125 89 90 255 149 43 255 245
    247 165 255 186 0 197 0 61 0 42 229 207 168 51 255 165 0 55 0 180 0
    33 95 179 255 255 87 83 255 255 154 255 255 254 100 70 0 19 124 255
    95 122 236 234 245 255 220 210 46 75 42 122 2 231 21 104 0 173 41 0
    175 0 105 255 73 85 255 17 179 0 0 0 0 18 0 252 255 174 255 79 0 252
    0 0 110 188 91 255 255 0 78 255 55 61 46 0 0 0 255 255 232 0 255 195
    214 0 0 255 193 64 255 255 182 116 29 217 180 255 255 154 10 166 245
    142 255 255 255 0 255 52 0 0 60 34 126 0 0 0 19 125 0 118 126 70 129
    255 14 255 38 114 255 170 113 153 144 227 0 255 0 16 164 147 149 0
    165 9 50 0 0 255 255 98 0 0 255 0 145 214 255 244 185 0 0 158 0 93
    128 55 255 0 179 159 255 255 0 183 82 0 129 0 0 0 0 255 11 240 114
    213 243 255 124 207 16 255 255 188 0 23 230 10 25 45 85 181 122 95
    255 230 148 240 51 62 50 23 237 182 0 234 0 128 0 103 221 0 255 255
    70 76 255 195 6 231 255 12 0 129 34 83 25 23 92 228 117 246 255 33
    213 0 145 67 152 187 0 0 0 4 23 0 255 29 255 255 20 105 18 255 169 0
    182 59 0 73 175 182 0 0 134 19 255 99 0 118 59 0 255 0 138 255 130
    234 255 140 255 0 225 240 255 231 200 0 1 183 0 21 0 41 220 98 86
    240 255 238 67 159 64 50 116 255 196 246 206 255 238 173 0 208 255
    157 65 108 255 7 255 0 0 88 0 232 210 58 163 177 255 0 41 255 1 191
    91 9 0 0 101 255 254 32 99 255 76 255 0 123 124 166 87 0 27 125 173
    152 84 58 46 0 0 255 80 0 186 236 255 124 169 0 54 31 74 30 255 255
    0 55 44 15 0 65 75 119 99 226 216 70 255 29 22 255 253 0 134 140 0
    203 215 0 189 244 181 118 59 153 58 176 109 26 142 125 0 196 0 182
    225 0 241 206 121 255 189 132 108 233 192 57 208 86 239 115 142 24
    31 34 255 157 231 138 96 255 255 255 255 23 255 0 97 109 21 200 156
    231 0 255 123 75 141 0 0 46 191 255 213 255 255 0 240 74 182 158 98
    122 183 194 255 0 0 255 210 255 233 98 221 119 133 213 0 141 159 80
    180 255 0 255 232 208 211 255 168 255 255 107 128 10 148 222 208 242
    241 0 255 255 11 84 255 0 113 32 190 255 255 255 204 0 255 0 183 2 0
    111 167 153 195 249 208 254 183 29 0 178 0 137 172 0 0 127 0 255 255
    0 255 239 147 0 61 213 220 0 211 0 0 48 0 101 0 72 127 219 218 0 255
    130 10 254 229 0 0 232 200 132 32 10 0 223 248 251 0 187 131 0 108
    232 128 53 73 231 23 145 144 0 44 0 28 227 244 11 195 225 0 235 0
    252 110 142 255 9 3 0 0 255 0 196 255 0 255 24 233 217 182 255 118
    181 0 249 255 225 66 114 73 254 94 0 255 0 255 255 76 147 32 0 32
    224 50 219 0 8 107 255 232 255 222 255 157 0 163 35 32 39 46 133 0
    172 205 255 76 205 103 37 138 62 102 180 158 13 132 133 176 248 139
    0 0 55 255 22 36 191 33 30 60 94 117 255 154 0 118 0 0 0 0 21 0 37
    194 243 118 0 0 255 148 255 255 132 0 255 170 0 255 0 140 62 177 140
    255 10 0 226 0 83 244 0 164 228 209 126 0 0 255 181 0 36 15 0 240 57
    114 213 255 157 253 21 42 19 59 0 201 63 243 150 16 255 221 0 141 0
    255 189 243 15 217 254 10 102 201 0 255 164 123 124 95 97 240 65 84
    255 0 73 255 0 255 192 150 26 34 180 0 102 255 56 255 255 71 130 58
    170 30 255 255 160 226 229 83 4 247 108 43 0 36 255 24 173 215 111
    255 6 195 0 255 255 113 255 242 46 0 227 140 0 60 150 255 0 126 196
    255 97 255 95 255 20 125 0 0 155 101 0 0 68 255 96 0 255 191 0 226
    255 255 99 81 255 99 153 156 123 105 119 172 180 100 73 255 154 0
    255 78 194 255 117 0 193 20 69 120 0 255 255 247 255 0 255 252 205
    232 44 134 200 45 68 0 202 7 0 255 0 48 206 185 31 0 123 255 157 0
    129 218 255 163 211 244 255 255 183 0 255 141 127 0 255 236 159 148
    0 210 228 0 229 255 245 83 35 255 230 39 255 255 90 6 255 86 0 92
    204 138 0 130 255 89 236 7 255 255 255 187 7 0 159 255 243 0 58 88
    237 148 0 131 174 255 255 255 230 101 28 106 255 185 235 110 181 0
    151 169 139 178 255 255 240 224 0 255 255 177 28 233 205 255 166 211
    229 204 242 169 184 255 75 255 160 0 252 0 255 7 52 4 33 44 123 49
    153 205 104 121 56 0 0 8 255 255 210 244 0 117 255 153 255 0 255 0
    71 222 255 108 255 255 0 160 50 0 35 149 79 27 0 240 189 48 215 235
    38 101 255 0 0 125 61 0 0 115 255 0 0 186 88 239 0 0 124 0 0 110 255
    38 149 164 0 229 177 66 255 0 99 0 255 255 233 0 107 255 248 0 90 0
    116 69 127 0 255 183 155 148 247 57 0 132 47 0 200 241 112 58 35 127
    69 255 61 0 4 238 122 255 255 241 255 191 9 0 0 101 242 255 0 187 0
    0 255 112 255 61 255 165 206 184 255 212 0 255 195 255 255 255 0 96
    145 255 243 248 177 255 255 14 106 230 164 255 40 49 48 0 219 0 0 0
    0 164 0 0 223 0 208 253 98 137 213 255 255 139 255 21 78 255 83 255
    201 255 195 255 0 121 18 0 0 255 0 90 255 244 206 251 148 255 203
    255 255 47 255 137 159 255 255 255 122 30 255 143 246 12 37 255 0 0
    251 255 18 235 41 173 240 210 120 255 0 51 0 36 1 0 203 255 177 20
    86 251 0 222 198 255 208 98 214 255 201 0 171 76 255 4 255 255 6 255
    255 0 255 0 143 0 0 0 183 255 0 255 75 255 205 67 255 166 0 85 255
    255 225 98 243 0 89 211 0 34 255 255 0 112 137 0 255 226 208 7 0 255
    48 255 255 168 255 191 0 4 151 255 0 0 0 132 5 144 105 255 194 235 0
    182 70 0 134 204 118 0 203 255 0 203 124 90 87 66 90 15 62 13 57 231
    171 185 255 76 193 249 255 1 0 231 19 0 166 61 0 0 137 250 199 255
    120 0 187 0 0 255 140 153 159 127 0 255 255 0 255 36 223 224 227 171
    221 255 9 108 0 0 0 255 0 21 169 29 0 79 24 244 171 6 121 0 255 188
    255 149 119 180 0 0 0 221 0 40 0 0 255 0 255 249 255 206 255 39 199
    84 0 255 0 255 255 129 227 0 61 209 255 22 0 227 216 7 230 255 10 0
    198 73 255 227 223 255 163 106 52 255 0 0 195 198 0 227 0 25 192 237
    239 74 58 131 59 17 153 207 241 0 202 255 107 198 255 0 188 0 57 0 0
    255 255 47 166 230 0 35 40 0 49 11 75 120 0 0 0 0 79 143 171 0 81
    224 5 102 184 0 82 151 205 255 65 0 226 0 116 247 228 194 255 233 45
    110 128 0 213 95 255 54 78 35 49 0 240 255 43 191 66 255 120 255 255
    255 202 49 6 50 0 255 0 89 107 0 128 6 132 149 255 51 199 132 255
    255 255 0 46 57 134 183 252 0 81 216 255 152 62 198 6 130 0 0 0 131
    193 204 76 255 60 125 255 255 10 118 28 236 156 222 0 239 151 162 0
    255 255 235 0 144 255 168 11 50 79 0 119 127 182 0 209 255 71 56 255
    91 0 215 255 178 77 116 146 197 4 255 162 220 224 185 158 255 176
    200 196 186 0 0 132 61 148 127 0 200 193 107 117 45 255 50 66 106
    185 119 255 10 117 202 165 0 119 16 48 0 148 226 85 0 29 205 58 187
    0 104 47 255 249 120 250 93 0 14 5 188 158 251 171 0 255 0 205 86 75
    255 98 122 4 163 61 220 255 60 255 197 255 255 62 186 37 255 255 173
    255 226 215 230 255 255 255 107 171 170 158 255 15 255 0 255 246 93
    0 0 77 0 170 203 255 255 0 255 117 106 6 37 255 22 255 16 255 55 250
    255 168 88 7 27 107 189 14 255 255 127 249 255 23 200 195 255 92 255
    101 255 199 21 193 198 66 52 0 67 235 134 0 0 255 234 0 255 170 255
    241 255 145 235 66 255 0 6 199 121 0 47 255 255 225 255 0 23 3 0 21
    167 157 144 55 0 0 0 15 193 0 103 255 24 217 190 89 0 0 163 241 220
    0 83 181 255 36 255 220 0 181 237 203 0 0 161 120 255 201 115 81 0
    255 62 162 255 68 96 159 0 255 0 189 255 255 242 215 255 181 255 40
    210 177 215 232 104 255 183 9 240 227 123 7 252 0 118 6 255 21 0 0
    44 0 0 166 0 108 194 255 66 112 255 16 255 189 212 151 0 212 214 115
    255 105 81 248 72 255 0 0 88 0 91 74 233 87 140 92 0 132 126 173 121
    255 169 205 136 0 255 74 223 253 226 120 175 89 0 20 255 153 40 227
    190 152 228 0 237 26 4 7 196 255 9 182 0 125 39 87 0 255 127 0 138
    182 255 0 229 255 5 144 0 202 0 27 154 0 212 14 59 255 151 61 224
    137 255 0 28 0 231 255 0 198 201 118 0 29 174 255 133 47 232 196 188
    148 147 223 0 255 27 255 239 155 202 158 233 188 152 192 251 255 0
    21 255 255 245 129 160 30 101 179 136 200 9 236 255 0 106 97 131 165
    47 250 129 0 0 255 97 237 0 232 0 197 255 255 255 94 0 0 0 254 18 0
    228 200 255 0 255 42 197 255 0 226 134 0 166 150 134 0 141 255 161
    249 0 255 83 11 0 16 140 255 252 35 216 154 221 59 229 255 43 50 32
    1 117 0 255 91 169 134 81 241 0 0 0 220 255 75 90 0 137 255 34 192
    215 111 146 255 0 101 57 0 252 132 134 255 255 255 244 136 91 0 255
    83 102 50 255 255 253 188 255 255 233 111 115 10 170 129 255 9 255 0
    255 44 0 0 23 255 123 75 53 204 26 30 182 33 0 123 127 160 40 0 243
    2 172 71 196 255 31 227 0 102 135 255 252 0 255 54 255 44 0 0 86 47
    0 77 143 241 0 96 255 0 239 255 97 122 157 0 198 31 225 255 0 64 51
    255 231 128 53 28 255 57 255 35 255 248 109 148 92 0 0 0 0 182 80
    126 100 0 255 228 0 208 255 213 14 40 24 0 255 10 137 202 99 89 25
    255 255 132 215 253 83 8 60 224 211 163 255 0 50 0 158 0 193 255 231
    209 255 178 0 139 189 227 255 0 255 70 217 255 180 188 10 255 5 0
    132 72 210 144 0 255 71 106 0 122 159 183 0 198 255 255 0 118 131
    111 51 0 135 255 6 255 148 255 238 97 0 141 75 0 38 255 0 0 7 2 66
    143 0 255 151 1 59 255 173 215 17 255 185 0 125 31 0 255 204 0 0 0
    26 176 0 130 60 108 70 0 52 0 115 255 38 255 209 255 68 134 251 0
    188 61 75 226 0 116 255 255 26 47 134 207 146 0 98 14 250 23 0 30 81
    0 52 162 255 0 92 247 146 34 135 255 64 255 0 0 148 12 30 255 128 0
    117 220 219 12 255 21 204 0 255 0 44 124 59 22 255 255 18 1 255 30
    128 255 94 0 193 255 0 59 87 241 48 183 140 140 255 108 0 255 154
    218 84 131 250 220 53 52 163 170 0 166 165 156 62 0 54 48 42 164 255
    101 0 120 0 0 0 198 255 188 0 255 72 191 131 255 225 255 222 0 54
    249 0 255 43 0 255 0 130 255 0 120 42 88 255 30 123 67 185 131 188 0
    149 48 246 186 214 86 229 255 141 255 0 0 255 86 255 175 0 0 255 215
    255 255 200 253 255 0 0 126 0 96 255 20 213 255 145 89 28 254 255
    255 255 255 139 157 8 1 29 0 158 205 125 36 155 227 37 255 0 95 0
    176 0 0 206 0 62 196 113 173 110 255 5 66 16 121 0 0 104 106 34 129
    56 144 109 66 255 231 11 172 0 240 244 255 51 255 0 211 194 5 255 26
    255 232 82 6 155 206 41 43 210 0 25 103 0 16 44 82 154 192 13 103
    200 0 62 41 152 102 133 0 100 0 0 85 255 203 199 0 254 0 0 255 0 36
    112 17 35 219 218 209 0 255 230 13 158 79 226 26 0 255 255 0 90 31
    74 36 24 255 241 0 171 178 212 0 219 255 4 23 255 127 0 184 0 37 246
    255 255 66 0 173 78 133 243 255 0 255 1 35 105 12 120 154 250 100
    220 255 170 231 41 87 112 5 148 87 255 238 144 215 0 67 40 255 165
    123 255 12 178 180 54 77 162 0 113 0 189 255 198 78 35 255 89 137
    255 0 184 219 255 0 150 235 58 14 59 104 100 255 88 33 0 255 246 170
    185 0 0 0 233 175 146 41 0 104 159 113 191 126 0 111 14 164 228 144
    255 23 0 199 0 20 186 179 222 255 109 0 255 114 253 238 255 255 32
    159 31 255 56 0 135 255 255 143 255 0 255 48 92 255 249 247 255 0
    169 255 0 255 255 163 61 0 255 117 255 41 173 0 82 136 100 247 225
    255 0 233 255 175 90 172 0 200 255 79 3 139 0 205 255 127 244 230 85
    29 174 255 0 255 112 0 0 0 172 255 0 47 255 196 108 172 145 0 3 174
    255 209 156 100 255 0 85 138 114 144 243 255 80 93 234 0 177 18 0
    255 204 76 144 58 255 91 249 215 0 180 200 246 168 216 255 255 0 255
    0 0 124 184 9 5 97 255 255 255 255 0 89 0 169 255 131 83 135 73 0 0
    255 118 186 21 0 185 208 8 24 255 196 131 35 0 0 52 175 217 0 207 0
    177 255 149 0 86 0 40 255 0 23 255 0 190 255 255 125 34 143 90 93
    252 0 255 14 0 0 255 61 117 171 0 0 209 255 119 29 114 15 45 114 9
    187 146 195 57 53 215 1 183 0 255 0 82 143 255 255 255 255 255 125
    153 251 0 97 255 33 228 219 255 51 244 106 255 94 227 255 165 0 0 0
    255 105 243 216 137 236 91 23 0 0 218 99 0 175 178 255 255 0 37 54
    176 0 0 60 255 38 0 108 87 153 29 47 255 84 0 128 0 48 255 0 222 0
    53 255 80 181 37 16 220 75 74 122 190 13 0 255 245 237 203 255 0 212
    141 255 0 67 104 10 62 246 125 229 122 131 0 0 76 0 171 250 0 255
    200 228 228 168 102 71 0 141 53 0 255 0 131 229 219 203 255 195 38
    173 46 255 155 68 255 161 214 0 0 0 231 0 187 226 111 183 255 0 65 0
    240 194 7 50 14 127 129 0 255 6 241 255 27 0 0 255 28 85 55 31 248 0
    103 231 115 0 0 169 9 100 63 0 255 255 0 255 149 63 45 254 0 45 172
    0 221 255 255 0 214 195 0 255 156 251 255 0 0 106 10 255 216 246 1 0
    0 119 227 150 255 193 76 164 233 70 255 154 210 183 255 255 204 246
    20 62 0 0 255 123 228 17 65 119 193 0 79 0 246 227 180 246 3 119 0 0
    26 7 0 255 0 73 25 199 255 0 255 37 255 201 41 255 198 199 0 1 0 224
    255 210 61 255 40 139 253 255 255 7 103 189 205 186 255 174 40 88
    201 92 0 147 255 149 36 13 0 189 40 44 96 0 255 0 58 255 255 255 255
    13 92 103 0 0 0 255 87 0 255 76 255 57 170 37 193 90 7 0 102 255 187
    4 112 93 163 175 0 38 194 0 0 199 255 69 0 255 13 87 209 38 209 66
    153 0 255 255 226 0 135 248 129 255 255 0 232 9 253 166 255 255 229
    255 178 255 222 255 255 255 255 196 105 81 226 0 220 92 42 94 104 43
    0 0 255 0 207 108 0 216 191 0 0 95 0 0 233 255 70 162 238 255 35 63
    147 224 0 251 47 30 0 191 143 138 255 242 76 161 141 144 248 51 50
    95 132 254 46 196 255 53 248 141 233 76 0 171 255 95 100 204 255 0
    241 87 0 238 254 255 0 0 168 0 255 171 0 207 101 255 17 219 100 156
    40 0 6 139 0 182 28 232 0 69 121 255 41 82 0 255 141 187 49 0 0 255
    141 34 255 147 133 255 0 255 140 255 176 0 255 0 206 255 250 194 224
    194 255 255 50 196 211 91 133 224 182 255 238 94 44 0 33 34 224 176
    254 102 0 201 92 255 59 167 228 119 244 0 90 207 122 0 51 250 83 238
    84 0 219 136 142 39 255 0 246 59 136 167 209 240 80 229 0 255 221 12
    197 222 255 68 90 235 140 255 255 100 167 0 216 0 141 255 0 96 90 0
    232 115 59 87 255 145 205 49 68 255 62 255 255 130 255 84 175 255
    255 255 255 86 0 205 157 141 24 175 18 117 190 5 132 210 115 192 0 0
    12 127 0 176 240 10 255 212 6 207 27 0 255 0 41 154 224 0 89 255 240
    0 255 199 148 255 148 20 255 0 47 255 255 227 191 156 142 254 182 75
    0 255 43 255 239 255 30 0 111 106 255 0 0 255 248 0 0 183 103 0 38
    216 0 255 31 0 220 223 246 113 255 255 115 135 190 228 124 7 26 0 0
    121 232 0 106 108 135 219 180 255 147 146 77 30 255 0 96 0 166 73
    255 50 199 241 97 25 31 0 255 0 0 157 60 132 132 121 230 38 226 218
    255 48 183 91 0 77 0 25 255 255 129 0 93 49 21 255 203 0 97 0 119 0
    69 245 49 25 41 0 209 131 21 0 150 0 249 255 255 209 0 121 172 29 64
    255 221 16 26 218 8 255 80 255 255 0 211 221 255 22 108 131 0 0 0
    112 255 162 143 0 255 0 215 0 255 0 240 20 0 0 182 255 47 0 115 212
    0 255 66 0 134 255 255 84 0 255 0 0 52 255 244 255 0 147 234 0 198
    45 48 0 255 57 253 182 255 255 21 255 83 255 210 22 88 0 148 8 210
    255 255 0 188 37 225 42 114 255 0 0 118 94 82 218 0 0 123 0 113 224
    255 254 0 99 255 254 1 218 52 255 144 150 255 88 0 255 150 80 206
    255 255 184 255 237 255 214 51 41 218 175 255 255 219 199 171 118
    255 255 255 114 101 221 236 125 159 255 56 255 141 0 255 122 170 113
    181 79 255 255 0 101 229 196 221 255 34 0 255 0 215 253 255 226 255
    0 216 212 255 236 46 79 255 255 255 216 239 105 94 137 30 255 255 13
    251 169 70 0 75 0 144 153 9 128 255 0 83 255 0 231 0 45 0 152 83 127
    7 255 182 255 255 140 255 255 179 234 216 31 0 13 45 23 45 200 240
    131 152 128 255 255 185 255 4 255 212 53 136 121 0 246 104 113 92 11
    0 0 135 114 87 17 255 49 222 56 53 255 255 231 0 255 255 255 131 9
    255 233 0 0 161 89 214 255 255 88 0 255 235 255 225 23 0 22 0 0 181
    133 74 83 255 69 54 186 6 9 4 223 137 174 255 151 223 255 116 255 25
    9 58 211 0 25 76 172 255 211 52 18 255 220 22 238 206 23 36 77 128
    109 4 255 255 0 72 0 240 82 182 111 88 48 59 92 0 0 0 255 11 199 255
    166 255 86 0 0 0 133 0 0 0 0 98 118 99 67 95 255 0 95 255 93 178 12
    255 0 0 255 255 244 177 42 79 200 11 255 0 255 255 99 255 0 147 17
    125 0 0 0 255 192 0 45 0 0 0 0 46 217 176 157 255 218 255 230 255
    253 255 0 83 70 255 0 1 187 196 95 234 228 172 255 16 44 174 246 255
    255 188 233 152 20 211 111 174 0 255 218 0 124 0 0 153 254 0 255 0
    40 198 5 232 16 42 85 0 255 0 0 255 255 109 255 0 255 32 8 131 173
    151 0 0 0 252 0 72 139 249 65 0 255 222 255 255 255 47 255 59 255
    196 164 0 108 183 117 255 255 0 255 94 0 92 134 0 215 2 255 50 0 53
    26 255 224 135 174 150 0 229 0 48 244 0 183 255 221 35 109 125 148
    41 0 133 194 96 89 4 39 0 0 83 48 255 255 102 28 255 0 110 255 255 0
    85 255 100 0 255 0 105 244 233 141 255 142 0 47 255 200 14 78 223
    203 3 0 255 53 126 255 0 0 170 79 248 64 95 244 0 255 146 0 2 192 13
    255 255 34 255 72 0 73 108 0 253 39 0 23 9 133 181 0 58 248 216 255
    89 179 227 255 0 0 255 255 174 77 25 225 152 162 137 84 255 255 91
    70 112 94 243 0 0 0 247 100 25 255 6 255 0 199 20 0 255 0 57 255 255
    255 56 115 73 14 108 80 40 255 170 0 149 0 167 137 35 77 189 255 255
    0 172 255 181 243 80 0 244 0 255 72 19 19 222 226 0 43 105 85 0 255
    255 186 255 255 3 108 184 255 94 255 255 177 234 255 110 86 255 230
    255 255 15 0 3 207 165 0 143 134 184 29 219 0 255 127 65 255 78 255
    10 184 115 0 119 255 127 218 18 131 184 34 136 0 255 30 247 113 0 17
    222 255 1 255 236 0 144 255 216 51 0 36 101 255 237 68 32 255 0 0 4
    83 0 0 0 178 0 176 57 0 237 150 212 129 244 255 72 0 0 38 255 73 255
    255 113 0 0 255 183 165 255 125 0 134 134 132 0 196 255 0 157 234 0
    0 252 255 93 255 85 106 223 115 0 207 255 0 255 149 222 144 0 236
    255 65 255 82 131 45 127 255 222 33 255 222 172 3 213 16 125 72 124
    255 229 72 217 0 255 15 0 163 141 0 163 159 255 31 92 49 130 111 0
    98 255 255 252 125 218 236 0 208 37 0 54 165 0 118 255 0 53 255 121
    52 227 244 255 23 81 0 0 190 232 204 246 175 0 226 255 226 255 255 0
    148 166 0 168 118 255 0 0 255 199 165 255 0 223 238 69 86 255 255
    235 255 153 238 0 100 0 144 207 55 0 255 107 0 255 33 255 0 1 0 165
    255 44 212 255 0 39 255 0 130 255 255 0 154 54 165 170 255 36 0 255
    90 248 0 231 69 255 255 161 24 69 255 153 176 0 37 0 1 255 0 155 4
    254 165 0 141 255 131 211 240 203 55 253 185 150 105 255 242 84 70
    255 28 133 211 255 175 255 72 192 29 255 217 0 208 22 255 235 73 251
    255 255 35 111 0 22 0 255 199 111 255 0 255 96 148 255 235 139 0 215
    255 158 255 0 139 160 0 135 17 255 249 201 254 16 255 165 224 221
    203 89 136 0 0 0 230 128 66 57 255 0 248 108 119 139 124 194 209 0
    255 195 50 0 0 0 6 11 155 35 255 190 0 255 19 255 131 50 255 96 188
    179 11 0 138 151 199 0 186 245 210 255 195 120 255 137 50 192 61 170
    0 255 248 173 206 236 109 255 223 209 0 0 235 74 247 0 164 218 243
    219 242 255 0 203 0 64 20 170 231 224 89 255 255 159 161 72 97 235
    184 0 0 255 161 255 0 255 38 4 0 0 168 0 0 90 255 255 0 121 82 190
    234 158 255 241 0 255 44 179 117 48 255 161 255 255 255 34 166 2 33
    255 235 255 57 255 10 130 133 161 0 232 121 0 0 255 1 0 255 0 136 0
    60 22 0 0 28 0 121 0 214 255 0 144 43 255 4 255 7 0 180 75 131 248
    255 0 255 13 117 127 255 190 246 231 0 255 227 254 229 0 255 255 95
    0 167 87 0 183 29 89 0 3 62 131 0 255 69 255 150 252 223 115 255 22
    0 168 0 77 179 0 255 127 69 126 220 255 138 255 192 142 213 255 12
    53 198 0 237 57 54 65 51 255 0 153 183 97 224 175 0 233 255 0 63 201
    239 0 0 204 73 0 41 0 0 0 229 101 0 0 181 162 255 255 250 133 255
    239 127 46 255 0 255 6 76 0 0 0 189 0 209 146 217 0 242 255 142 0
    255 0 169 255 0 173 210 45 255 33 0 0 115 100 8 255 255 0 255 255 23
    70 255 0 25 126 30 128 0 255 130 250 255 67 255 150 41 0 0 102 37 13
    0 0 10 239 131 173 147 255 213 119 0 0 165 247 123 255 255 255 89
    166 246 246 14 255 166 191 112 146 126 188 113 255 0 118 6 255 53
    119 3 255 171 177 0 228 172 255 40 252 170 210 0 4 47 120 0 237 255
    40 255 255 247 127 49 32 255 6 77 0 75 229 105 149 55 74 255 0 33 0
    218 83 26 0 253 217 23 115 0 243 239 0 149 255 0 4 65 237 145 39 0
    65 0 185 245 92 147 99 0 148 255 244 218 222 255 222 240 255 66 241
    226 138 255 64 200 0 62 83 255 0 127 26 227 37 78 108 0 168 75 143
    102 0 255 255 209 212 0 148 234 255 255 0 185 25 24 255 0 0 255 255
    0 0 255 60 114 255 87 235 0 0 56 38 255 255 0 108 112 103 103 0 61
    107 0 100 218 66 23 92 174 239 193 214 255 0 135 69 0 0 255 0 105
    255 10 0 117 68 13 130 242 166 255 255 164 231 10 64 48 0 255 35 255
    255 74 104 107 164 255 0 29 193 255 64 73 255 46 0 176 146 41 37 21
    255 189 86 49 226 255 226 0 255 255 54 255 0 0 9 255 39 110 165 196
    115 255 70 255 133 17 0 0 177 121 0 182 255 0 0 6 91 95 0 146 107
    135 150 159 137 0 204 191 255 218 129 30 229 255 0 0 81 255 159 123
    212 66 9 61 105 98 130 255 246 0 90 234 255 170 255 255 93 255 255
    41 4 214 226 255 0 151 223 38 152 159 255 122 241 0 255 38 43 172 0
    0 250 248 108 0 0 140 0 47 101 192 255 245 27 116 0 251 255 165 220
    0 200 255 0 255 177 15 255 34 0 151 64 40 109 39 0 249 255 18 0 195
    0 255 218 0 174 242 244 200 0 34 250 189 0 97 255 65 0 192 255 210
    255 64 255 0 57 164 255 5 255 196 183 255 99 255 255 255 26 255 100
    0 235 0 86 255 230 110 98 255 114 87 255 255 155 214 121 255 41 150
    90 1 20 82 12 255 38 0 116 79 125 0 224 255 119 255 0 159 97 255 220
    255 130 145 185 0 250 255 106 98 255 0 255 0 232 169 133 199 197 0
    33 10 180 0 255 12 183 0 27 0 169 227 103 106 153 0 0 74 255 206 163
    103 0 30 255 0 52 167 244 173 20 0 248 147 240 0 0 204 255 255 119
    255 255 82 208 255 255 255 42 255 140 0 55 255 255 15 121 213 139 5
    110 237 17 95 247 0 27 255 197 255 255 255 0 5 0 238 254 0 10 255
    255 0 64 0 7 255 109 140 255 118 0 0 61 101 0 196 42 9 255 176 135
    20 109 143 1 31 108 255 0 243 207 212 209 8 255 69 255 126 76 115 73
    184 90 219 212 15 0 214 0 120 5 255 0 255 182 160 59 239 121 198 255
    6 255 207 255 255 138 0 0 134 71 255 0 0 255 202 201 155 158 255 51
    124 121 151 0 18 226 0 255 255 153 154 0 162 0 207 0 20 69 228 34 0
    255 255 255 255 99 197 70 236 0 0 255 255 53 101 71 48 44 236 0 208
    0 255 255 255 117 250 203 111 0 140 247 0 255 0 0 191 163 166 255
    255 255 255 36 180 255 94 43 0 255 0 158 0 255 105 102 200 157 255 0
    255 255 154 255 178 255 255 255 0 219 170 0 77 108 255 0 34 116 0
    194 0 0 110 0 78 0 0 74 48 0 89 255 89 255 255 255 244 9 178 255 199
    0 91 238 245 51 255 162 0 71 255 162 21 27 255 161 157 43 0 255 0 23
    0 86 255 247 91 76 158 255 188 179 78 177 0 222 0 227 94 0 0 255 16
    192 155 255 1 0 80 21 0 0 46 255 20 115 36 21 199 255 0 177 179 255
    0 142 40 77 206 112 101 255 65 180 0 52 212 255 51 195 14 5 120 0 37
    0 110 167 96 177 177 255 151 99 4 142 76 104 132 0 0 0 204 187 86 0
    255 0 195 153 234 63 199 107 187 255 142 71 0 61 95 205 182 0 0 255
    99 52 58 255 77 186 0 255 255 154 255 226 200 255 0 1 54 157 0 0 39
    255 153 183 23 228 237 228 192 168 0 255 149 160 89 0 208 243 0 214
    227 168 228 0 1 144 31 64 255 187 185 9 155 0 44 82 0 255 190 187 55
    255 0 0 199 197 250 0 0 245 0 76 184 197 9 0 0 255 148 110 0 15 255
    79 245 140 66 87 73 229 216 38 4 0 66 255 0 60 40 255 162 181 180
    255 255 0 122 88 165 249 0 149 116 5 183 255 132 194 252 214 255 0
    212 255 232 138 0 212 174 137 0 0 204 30 255 214 144 104 0 0 255 255
    226 43 134 70 183 255 255 172 118 81 73 14 0 116 110 46 192 238 61 0
    80 0 165 107 255 239 179 0 54 220 93 223 0 255 213 183 202 30 0 150
    109 38 131 255 226 255 255 225 255 39 37 132 224 214 80 63 0 148 174
    255 70 195 26 0 0 150 255 245 255 13 0 25 0 239 217 255 29 255 3 0
    24 0 0 0 0 162 0 227 98 24 219 239 223 165 175 94 173 255 106 0 252
    255 255 39 218 200 255 255 244 255 255 255 32 27 35 0 39 99 255 157
    97 246 122 20 0 97 136 48 203 12 213 0 0 149 0 0 62 121 0 0 202 208
    255 89 228 0 50 99 0 255 230 255 231 158 8 0 255 99 255 0 162 0 116
    0 173 169 210 0 132 255 0 18 0 0 255 250 97 43 77 0 255 157 177 4
    234 223 0 247 250 127 0 44 77 54 152 0 0 255 5 0 248 209 28 118 214
    63 166 255 101 15 0 208 83 20 255 178 119 0 111 0 223 0 0 98 250 0
    251 219 92 0 0 145 0 0 255 255 85 99 255 174 255 203 79 0 107 0 82
    86 128 146 225 46 255 127 4 129 70 46 80 255 25 255 0 196 194 55 146
    224 213 70 82 255 0 36 255 80 0 10 144 64 167 161 255 141 182 255 78
    255 69 138 95 255 0 92 241 0 23 18 255 248 50 213 0 167 255 135 32 0
    44 144 0 61 255 107 77 151 36 119 224 255 255 39 255 0 11 163 69 0
    255 255 203 88 214 210 143 194 0 29 112 0 255 147 182 61 134 208 0
    200 220 255 30 0 122 38 88 0 137 32 255 51 68 0 255 228 155 255 255
    0 255 112 9 173 129 0 0 112 198 0 71 145 92 241 15 8 245 91 255 34
    93 11 1 0 255 226 133 255 0 126 174 246 255 231 255 248 105 255 255
    0 93 255 52 145 71 145 205 162 255 0 255 70 81 94 103 85 0 220 0 80
    0 0 205 240 8 177 248 226 0 200 184 208 0 15 255 0 207 172 48 175
    238 255 138 171 78 0 255 47 255 110 136 140 83 191 30 130 247 247
    101 0 0 255 202 39 255 102 241 6 228 255 0 255 15 0 184 66 115 60 34
    242 255 255 0 255 0 211 167 255 255 0 255 255 114 120 253 159 62 255
    105 181 0 192 28 0 216 230 216 55 107 75 9 0 183 184 0 254 255 235
    37 223 151 255 0 255 165 171 0 108 255 17 6 26 255 142 166 213 0 251
    157 148 237 0 176 255 19 255 0 61 223 255 226 95 33 255 250 251 46
    197 56 86 193 255 99 105 118 0 0 164 255 212 6 255 255 94 255 187
    162 219 222 255 183 255 0 111 0 255 255 95 231 0 189 255 0 112 9 124
    57 73 0 11 54 252 43 255 255 112 33 255 255 237 0 114 69 0 235 229
    53 142 167 255 127 25 0 56 0 250 255 250 136 255 0 6 6 201 106 255 0
    81 58 21 213 0 0 255 160 48 136 0 255 20 0 18 98 0 0 212 67 0 103
    236 0 255 0 199 61 0 255 92 0 169 167 139 91 0 244 255 7 51 7 255 63
    0 213 14 125 66 0 254 227 214 111 255 27 255 0 0 229 190 239 123 252
    87 231 35 255 152 167 0 20 141 234 0 255 146 184 255 248 228 213 234
    0 0 202 25 255 255 0 212 255 138 195 255 255 255 255 255 116 24 255
    117 0 0 118 0 0 188 255 1 151 196 104 9 180 29 255 0 96 255 181 159
    183 255 3 51 8 236 221 64 253 112 0 255 64 215 251 3 111 255 255 73
    255 84 209 173 254 0 228 197 50 255 255 26 255 84 115 67 248 112 242
    228 40 194 255 0 255 255 190 227 0 255 255 73 146 106 0 167 238 196
    99 0 137 255 202 0 108 0 180 192 35 0 0 158 196 255 255 0 100 255
    176 0 240 0 187 0 117 0 87 30 0 93 255 129 70 156 99 255 0 72 252 72
    0 125 166 34 156 0 255 143 0 220 0 121 121 177 15 121 255 244 255 55
    183 176 255 255 2 168 0 82 166 5 124 247 234 209 73 0 165 8 125 103
    83 68 12 160 255 0 47 255 167 173 255 0 233 206 179 0 255 0 93 173
    129 255 38 19 193 255 170 114 115 132 254 0 196 39 0 255 45 231 230
    95 4 203 255 0 0 123 91 255 9 255 172 252 128 0 181 207 241 0 17 255
    0 214 121 155 175 222 96 103 0 181 185 65 0 34 49 88 171 171 19 249
    210 93 198 230 0 116 255 255 0 13 151 255 148 0 124 255 106 0 73 179
    94 255 15 0 154 124 49 99 0 9 26 204 0 197 0 61 194 78 103 180 201
    80 255 56 147 180 255 0 31 186 40 116 202 89 255 144 255 118 255 250
    218 109 255 39 72 0 211 255 0 255 216 0 0 238 255 0 105 138 255 25
    178 235 246 54 28 0 0 255 155 131 205 140 201 47 255 160 178 0 230
    255 163 182 182 24 226 213 230 0 107 0 138 0 124 192 61 18 0 49 124
    12 78 140 0 0 37 255 255 0 255 33 231 0 134 0 56 19 130 245 86 101
    164 155 2 0 0 245 255 198 53 208 49 52 170 149 59 152 67 255 251 0
    36 0 153 2 235 0 255 80 0 255 213 89 255 0 152 87 158 0 197 114 139
    3 255 98 209 181 104 15 247 255 255 61 78 59 0 255 218 141 255 0 255
    29 0 99 126 224 0 0 255 255 0 215 134 58 63 214 79 0 119 54 34 220 0
    118 227 0 119 88 160 32 255 255 0 226 0 164 170 255 47 255 255 54
    153 29 224 255 33 254 115 255 164 255 188 104 0 0 2 178 255 55 24
    255 115 121 0 32 184 0 233 0 218 0 255 113 0 255 20 0 255 143 73 0
    219 131 255 254 114 0 143 89 0 164 115 125 20 0 255 255 255 0 255
    114 0 0 175 79 53 168 117 173 255 192 1 94 0 255 255 114 115 255 169
    148 255 216 235 0 191 255 157 255 209 195 230 255 174 38 59 32 0 255
    0 196 255 0 128 183 133 162 0 0 148 234 0 43 0 181 254 159 0 30 157
    52 255 115 82 36 0 0 229 255 41 239 2 255 103 196 0 0 0 0 0 0 99 3
    241 0 0 32 203 248 255 0 153 255 0 3 107 0 0 126 0 255 146 255 81 0
    142 254 168 22 74 0 0 9 0 255 62 195 255 0 22 0 255 25 0 255 0 0 255
    59 75 0 142 57 128 185 28 0 255 94 0 0 185 255 255 164 163 162 0 255
    255 15 86 45 255 81 90 146 103 158 229 76 255 17 0 243 0 255 153 96
    60 240 255 0 209 255 0 255 225 178 0 249 0 0 255 255 0 255 169 145
    82 233 194 0 255 48 146 255 209 0 90 94 184 240 0 77 255 0 255 229
    171 255 235 203 255 174 62 134 189 186 8 24 109 255 109 48 98 0 255
    255 0 129 255 255 0 106 178 247 71 70 199 255 93 0 141 190 75 46 164
    180 255 98 255 31 255 234 51 21 0 195 61 0 74 219 206 255 76 0 255
    255 255 191 66 255 229 134 200 0 255 0 196 112 113 0 255 255 146 110
    255 162 255 26 229 0 255 161 240 255 0 255 0 5 50 91 131 246 202 243
    157 4 19 51 0 255 255 128 207 255 255 0 208 255 255 49 0 255 0 0 152
    94 112 255 0 201 245 24 255 215 0 0 244 191 199 255 68 255 16 0 0
    130 255 0 0 43 0 150 122 0 65 65 0 156 152 0 255 255 20 38 170 0 0
    64 58 196 219 83 32 87 177 133 0 75 0 215 0 255 226 255 192 51 7 234
    199 9 160 28 118 0 255 55 255 108 132 255 0 174 255 255 37 115 255 0
    117 0 148 78 21 232 177 98 162 63 255 147 204 72 102 250 232 255 0
    105 83 255 247 18 22 255 111 0 145 255 0 0 255 185 146 170 226 0 79
    255 87 255 0 255 255 255 0 208 27 0 158 144 0 0 115 183 101 255 164
    161 76 255 91 69 15 255 80 255 210 44 195 255 12 32 213 50 0 68 0
    222 112 10 255 143 0 255 34 0 82 0 41 133 255 158 5 166 60 255 199
    255 255 0 82 125 72 154 255 74 158 0 101 254 228 29 205 0 0 180 86
    255 89 0 161 0 255 255 12 165 52 249 215 204 233 255 109 96 255 253
    112 255 0 154 134 255 0 169 255 42 14 96 247 55 209 131 148 255 112
    5 255 0 153 255 14 237 97 45 255 102 75 255 227 255 0 0 255 49 242
    186 255 152 255 255 153 153 24 215 255 32 0 215 47 51 216 246 132
    255 0 0 0 0 4 50 185 107 0 255 255 63 217 0 255 0 255 234 15 0 169
    44 116 0 159 201 255 4 0 122 255 78 0 171 197 42 0 0 0 128 250 255 0
    255 0 255 0 118 105 0 106 255 171 110 236 119 255 198 143 80 95 197
    83 180 177 75 142 14 255 116 96 204 0 0 152 25 187 17 0 255 147 33
    218 40 181 85 1 159 246 0 0 255 61 69 82 211 0 0 80 255 9 132 228
    170 29 30 0 255 0 1 0 245 217 0 192 0 255 122 255 0 29 127 255 0 122
    41 0 0 0 35 255 0 230 255 213 214 0 1 215 16 138 200 93 29 17 126
    255 29 0 0 195 52 89 250 163 244 255 255 0 114 255 0 255 242 191 86
    241 255 218 75 65 130 0 101 0 255 255 55 255 0 204 0 174 22 255 0 29
    79 97 41 160 0 255 255 49 250 233 215 4 101 255 99 73 255 86 74 255
    107 32 0 255 234 0 102 174 0 111 255 229 255 255 114 255 125 0 0 235
    209 69 255 33 61 229 194 100 255 135 0 0 0 201 0 84 255 124 158 104
    0 163 0 152 255 22 189 150 0 211 255 99 213 22 178 243 245 96 9 209
    255 77 23 134 0 21 60 248 255 141 255 255 0 1 255 255 0 0 255 0 184
    84 255 156 188 197 237 0 140 255 28 255 122 0 239 15 41 0 255 149
    112 0 81 0 255 255 153 255 216 0 0 255 7 0 0 255 52 29 81 154 255
    177 103 255 225 87 237 31 0 41 41 255 255 0 0 239 184 0 255 210 3
    255 0 0 35 0 255 70 255 238 131 255 255 255 0 180 110 0 81 81 255
    220 182 174 98 1 98 80 208 73 0 27 215 173 174 255 0 0 117 138 0 55
    0 0 255 0 139 238 63 255 68 40 255 222 124 0 7 251 181 255 202 173
    154 154 0 18 255 248 94 255 0 113 141 0 59 2 108 137 179 0 96 80 47
    0 0 255 241 189 99 255 0 50 30 135 0 156 163 210 255 255 201 217 255
    75 94 64 255 1 134 65 115 0 202 21 0 0 154 167 0 240 0 255 170 117
    200 16 0 143 0 64 0 154 51 73 238 0 112 58 230 174 64 121 27 10 249
    123 73 176 255 255 0 119 63 64 234 91 225 255 34 57 97 0 0 255 0 255
    120 121 0 255 0 0 194 192 35 137 201 0 199 255 124 42 252 241 230 0
    0 216 255 255 66 0 0 255 234 239 226 116 52 0 45 150 255 28 188 202
    32 176 255 183 203 88 255 23 0 255 0 0 57 250 53 72 66 255 0 20 255
    6 79 0 225 78 0 255 61 121 0 186 43 72 0 10 16 141 0 0 167 145 183 0
    93 152 16 255 59 255 197 104 231 255 211 236 0 0 72 158 0 0 189 66
    11 0 159 0 196 255 140 255 0 255 72 204 255 0 0 255 74 202 61 0 255
    0 156 172 231 107 255 80 214 255 0 255 69 255 255 0 232 255 255 0
    183 255 130 0 255 75 255 0 56 0 0 165 116 153 251 163 255 255 138 55
    0 203 228 13 153 59 200 0 0 255 220 171 220 16 255 8 33 168 164 35
    255 52 0 0 106 129 173 126 198 108 75 0 21 72 0 0 255 255 220 255
    255 118 67 120 26 255 74 5 0 0 98 96 236 149 0 62 0 0 118 0 255 55
    52 255 0 54 0 255 0 0 255 0 104 234 145 232 51 46 150 255 28 173 0
    139 205 19 31 255 255 226 0 255 203 139 185 0 140 85 224 106 159 255
    16 255 223 255 250 16 0 0 131 9 60 255 0 113 88 0 0 157 0 194 255 0
    255 133 0 0 152 32 74 160 0 255 162 0 255 0 127 142 255 255 64 125 7
    255 255 255 45 255 0 163 103 81 215 23 255 255 196 181 132 94 6 245
    202 0 50 255 24 255 255 255 0 178 199 255 47 0 226 86 0 255 66 15 82
    191 143 73 20 120 180 0 7 72 0 255 92 0 102 103 203 49 255 27 26 195
    0 192 2 198 22 163 216 145 125 126 50 188 232 213 143 83 255 255 211
    162 0 171 0 148 255 0 215 152 223 80 255 255 250 0 105 73 71 192 217
    77 147 41 161 0 0 0 0 0 255 0 0 134 94 90 97 255 0 47 90 47 0 237
    255 18 229 0 252 255 78 137 0 101 169 0 0 103 255 175 255 208 31 7
    237 0 0 241 244 255 176 255 158 3 255 153 0 200 0 15 0 108 221 59
    171 213 0 250 74 255 84 255 162 126 255 142 255 151 192 220 255 141
    167 204 0 145 0 0 19 81 242 88 181 0 255 124 255 28 177 255 0 255
    114 255 119 0 69 111 0 114 130 13 255 255 244 255 0 207 255 0 255
    255 255 255 0 197 45 48 211 255 149 255 241 236 255 0 72 0 50 30 130
    66 9 152 0 0 80 255 0 204 33 255 26 156 103 240 228 255 255 205 251
    0 0 214 108 255 176 255 0 4 209 55 0 21 0 48 0 27 249 235 255 153
    143 173 119 20 21 46 255 0 207 194 95 77 41 255 0 167 95 242 117 190
    54 166 255 255 255 0 0 0 72 255 76 152 188 204 175 87 155 104 72 199
    28 0 127 233 255 67 255 71 145 255 0 54 0 0 83 255 227 235 0 95 60
    255 115 167 255 255 255 114 0 191 93 165 118 65 255 255 64 38 64 255
    255 72 5 255 53 203 220 229 255 247 97 0 194 96 0 255 0 0 131 0 124
    99 255 208 255 103 199 236 67 255 255 248 156 36 102 26 0 255 255
    255 255 0 145 63 255 0 33 179 60 159 0 120 255 255 27 191 0 106 120
    126 133 25 92 140 0 0 64 190 36 135 255 47 255 175 0 183 0 68 33 0
    180 66 48 255 80 201 180 246 0 25 251 0 255 138 0 161 222 98 140 109
    84 0 5 87 0 3 255 163 255 0 59 90 12 121 255 218 54 255 0 183 254 64
    127 64 102 159 145 153 17 154 72 98 168 203 187 65 97 255 7 246 234
    0 237 0 158 69 169 227 201 173 48 0 0 255 144 0 0 52 53 30 13 255
    255 211 97 199 36 0 166 255 149 132 223 0 255 255 0 0 253 214 255
    255 129 0 205 249 11 37 19 17 255 83 89 175 0 5 0 0 255 147 128 255
    202 133 0 139 225 179 255 241 14 59 255 0 255 0 50 255 203 6 30 180
    67 247 106 205 0 0 210 255 57 0 0 255 0 70 124 178 36 90 65 255 83
    136 51 93 255 193 255 109 0 38 190 255 0 81 0 255 40 0 18 64 171 255
    16 0 102 109 255 170 58 93 0 78 255 112 255 202 217 160 133 255 196
    191 0 185 255 136 0 0 158 132 255 196 141 218 76 0 213 226 54 230 74
    12 0 0 211 54 100 71 225 170 0 255 171 0 204 13 255 0 255 15 217 255
    194 255 0 176 236 255 255 0 200 114 193 255 133 102 208 23 0 168 29
    0 4 46 30 255 160 69 72 85 124 204 90 207 255 0 160 255 119 0 102
    152 243 242 0 255 67 0 197 255 66 146 48 255 61 176 138 0 28 86 22
    83 255 14 255 81 113 0 117 255 255 183 254 0 147 80 216 42 25 217
    148 224 242 198 50 255 0 18 233 149 229 183 92 62 58 72 0 12 218 151
    255 0 0 255 255 200 124 98 206 77 255 255 34 143 255 171 212 77 6 56
    217 0 201 0 248 0 188 0 0 14 106 91 13 255 220 182 161 113 255 22 58
    105 0 50 106 67 183 197 255 146 70 245 178 210 212 246 17 0 0 0 227
    95 165 49 167 38 0 145 5 0 0 0 0 255 0 126 63 0 255 180 126 120 207
    174 123 255 210 78 255 73 205 255 191 140 27 29 255 214 148 65 0 255
    33 197 0 49 140 52 3 0 255 202 0 226 73 48 239 101 255 57 53 17 243
    23 255 104 92 0 29 222 20 254 223 175 187 58 255 15 214 174 0 150
    255 51 250 185 86 162 93 20 220 0 255 51 227 0 11 247 221 255 182
    202 51 59 195 255 255 18 255 194 0 20 55 0 227 0 0 255 2 255 204 0
    159 0 255 255 255 255 0 138 0 254 165 0 177 131 138 111 176 0 117
    255 199 0 0 231 255 180 77 191 103 0 255 0 255 116 152 78 20 255 22
    113 234 255 21 209 197 17 0 6 172 145 255 0 168 242 232 255 24 70 0
    25 0 41 255 0 235 209 129 0 255 124 193 23 25 255 255 208 255 64 0 7
    0 164 109 94 255 45 255 213 0 175 20 236 82 100 0 255 218 149 255
    255 0 175 255 167 197 255 183 187 152 14 39 100 138 255 255 141 81
    255 0 0 112 99 0 0 44 126 0 18 188 99 73 134 254 0 80 225 115 184
    255 255 24 255 187 0 255 255 177 136 230 255 255 3 0 195 186 255 255
    5 198 239 72 255 123 0 177 72 104 152 0 216 60 119 236 57 163 159
    211 255 255 121 0 51 0 255 0 246 112 54 255 57 123 0 126 255 152 0
    220 255 0 255 116 0 83 195 192 159 255 28 58 249 255 67 98 211 0 197
    88 0 0 115 68 255 146 0 139 0 151 33 0 165 0 169 200 0 184 175 127 0
    96 255 0 12 78 210 239 237 93 242 67 205 13 58 23 0 255 76 110 255
    255 152 72 95 0 255 103 90 171 0 0 70 205 74 0 140 255 255 208 255
    179 255 255 255 121 255 255 198 84 237 9 248 181 255 182 201 114 0
    192 255 238 22 150 242 0 255 199 29 10 229 63 56 0 255 0 124 14 105
    255 159 255 33 255 154 103 255 0 159 208 62 164 95 104 75 255 202 0
    64 178 189 90 0 0 255 100 125 157 193 0 138 186 135 255 203 148 242
    93 255 60 181 149 243 159 255 183 114 169 1 227 0 0 124 0 0 0 119
    172 128 7 0 97 242 23 210 255 0 123 75 0 250 238 0 105 1 190 18 144
    255 54 176 62 229 38 131 255 0 17 255 127 86 0 0 125 98 182 246 20
    122 255 75 160 255 48 115 39 162 0 255 255 205 130 7 92 31 181 187
    255 236 149 43 72 255 95 68 133 45 42 75 191 48 231 255 0 47 15 255
    0 10 255 0 226 82 68 217 0 255 0 190 249 0 255 79 194 0 0 0 255 255
    255 174 255 220 179 80 28 201 134 255 27 255 195 124 139 33 255 160
    255 43 255 255 0 0 106 255 0 226 255 0 255 0 249 69 31 255 183 109 0
    53 255 0 255 121 170 7 41 0 0 163 0 255 54 0 201 69 255 255 26 255
    145 37 34 255 255 128 0 241 0 98 89 43 255 255 207 180 255 107 255
    255 0 167 255 119 194 0 0 164 178 48 255 255 1 191 45 123 216 236 10
    207 255 0 147 241 155 250 0 246 86 97 0 0 95 255 217 16 0 0 2 146 97
    0 164 23 0 105 113 0 194 16 255 127 198 190 245 5 244 255 20 69 255
    6 1 0 187 208 47 207 175 243 0 255 255 172 152 13 0 0 65 113 140 0 9
    99 97 80 255 255 84 0 255 162 50 79 18 255 131 0 0 0 255 61 255 211
    17 215 110 192 255 211 0 255 0 145 255 0 200 0 140 255 255 193 255
    255 221 255 254 36 0 152 255 143 0 255 20 0 255 149 255 9 0 178 44
    84 255 225 177 190 149 255 0 255 115 255 255 215 243 1 0 255 0 0 255
    0 110 0 81 68 255 0 83 196 139 107 0 127 255 159 255 4 221 255 238
    68 10 149 0 70 165 18 106 0 255 130 0 255 105 70 255 255 149 255 252
    121 255 162 0 224 145 97 182 184 138 113 158 200 44 255 0 14 0 194 0
    86 162 95 220 158 198 128 81 223 255 0 130 0 134 255 27 80 0 48 255
    0 209 234 255 0 255 255 106 168 164 219 0 200 174 149 36 179 0 117
    180 0 201 255 0 0 8 255 167 207 9 255 247 0 193 162 50 0 67 140 254
    0 18 218 67 221 251 255 0 219 255 193 181 138 0 207 255 0 255 255 0
    153 255 0 39 201 89 200 255 223 0 29 0 0 0 158 242 209 196 255 212
    190 255 211 38 2 109 98 242 157 85 124 229 206 168 64 35 193 167 228
    145 57 255 106 54 128 20 255 14 108 182 97 0 233 123 64 127 57 97
    255 255 31 206 0 255 254 255 163 255 114 54 0 173 255 0 82 0 226 243
    255 148 0 53 0 68 92 70 0 146 220 44 135 101 0 255 63 0 0 21 148 0
    92 249 125 0 195 53 137 123 0 0 0 17 176 255 110 231 255 186 48 255
    0 0 0 3 76 255 255 0 188 250 0 91 132 141 172 174 87 5 30 109 15 255
    237 239 137 23 214 96 0 255 0 154 68 11 215 158 255 247 9 0 255 0
    223 0 227 255 133 204 156 0 0 255 145 71 255 158 255 14 160 255 0 92
    203 198 163 0 255 255 79 133 235 145 0 0 255 146 255 255 255 0 65
    161 35 239 202 62 183 0 255 88 0 0 77 4 255 0 39 78 175 93 42 0 150
    243 102 84 255 245 108 17 255 0 115 0 255 0 255 97 32 215 0 232 0
    209 47 75 233 229 0 17 0 0 130 0 106 255 255 141 0 255 0 19 98 0 155
    0 0 255 93 14 0 237 132 255 0 188 209 36 45 0 0 0 255 69 186 110 62
    0 131 94 81 255 180 207 242 255 161 186 255 255 147 62 245 255 0 158
    96 255 54 139 35 0 86 76 208 142 10 231 205 65 30 88 248 0 112 236
    140 215 94 255 255 0 255 255 190 112 255 255 12 147 188 255 208 254
    129 147 196 131 79 84 243 0 8 231 84 70 255 255 185 157 85 0 49 100
    0 0 104 97 203 41 111 153 39 67 49 126 255 123 0 255 255 246 155 255
    200 255 0 0 236 0 165 0 0 0 0 245 50 147 127 50 221 0 255 255 255 27
    76 129 207 26 0 255 210 0 255 0 102 255 142 0 255 18 114 7 255 27 0
    192 234 38 233 0 218 255 125 25 174 19 0 0 30 134 162 84 77 0 255
    206 0 255 98 0 91 137 107 56 0 170 32 0 255 0 12 255 56 255 22 55
    214 15 0 0 0 23 175 99 37 158 115 196 210 78 255 137 235 222 234 255
    255 132 23 53 178 127 69 61 156 199 131 0 148 0 0 201 203 255 212 22
    201 71 255 255 0 0 0 212 0 13 255 0 0 0 74 220 7 213 0 91 0 158 169
    0 248 255 32 0 0 255 255 242 75 255 0 124 255 0 237 255 255 63 110
    65 255 0 149 36 255 255 255 255 111 2 255 200 0 60 255 255 0 0 0 77
    0 25 255 213 116 84 174 255 225 167 0 222 0 117 148 255 97 120 48 36
    79 251 188 0 255 121 51 255 222 255 255 224 134 0 109 183 0 255 0
    137 255 239 228 133 97 60 203 0 0 34 43 216 183 255 255 14 0 195 85
    255 129 210 104 255 53 95 0 255 0 70 113 103 177 200 191 243 224 20
    255 5 255 0 0 178 203 255 56 211 91 139 59 167 25 209 250 0 30 254
    34 242 110 255 47 127 134 62 218 255 0 0 239 188 100 255 109 90 102
    190 64 0 136 255 133 255 29 133 44 255 0 0 228 84 0 0 0 0 84 255 255
    121 255 208 0 255 64 229 255 0 49 137 117 154 255 82 255 176 81 87
    232 0 114 58 84 251 0 255 29 252 255 255 244 133 160 153 129 0 0 79
    255 73 23 235 230 228 255 255 146 0 1 0 133 255 0 165 255 129 184
    255 202 255 70 181 171 165 114 136 0 168 214 107 88 255 255 0 29 251
    69 37 255 255 26 0 130 46 255 117 42 255 255 255 110 0 184 0 220 0
    255 0 79 24 255 255 203 169 0 157 80 255 0 231 102 217 0 168 6 209
    32 0 0 61 33 154 0 0 130 188 7 0 255 142 0 41 76 102 185 143 29 237
    211 0 158 133 153 2 21 255 0 240 196 228 140 176 225 67 87 255 148
    147 239 97 0 195 0 255 189 27 255 0 248 255 238 100 255 1 115 240
    160 40 247 239 255 62 157 255 0 89 222 255 0 255 255 0 46 0 202 0
    147 255 220 2 246 62 255 64 32 229 63 255 35 148 0 255 241 165 48
    255 12 182 255 0 85 255 0 255 203 100 255 206 255 169 158 255 194 51
    49 202 87 110 79 0 137 193 139 194 171 0 196 203 0 69 142 46 0 84 28
    219 237 59 255 255 17 255 111 0 255 255 13 255 255 255 12 255 148 15
    80 0 0 8 253 0 255 16 229 101 0 0 255 114 43 255 49 0 255 255 211 15
    255 255 209 37 90 255 76 195 146 195 0 220 255 255 114 255 233 11 0
    206 97 0 44 255 169 106 20 255 255 251 194 0 88 0 2 255 213 255 0
    174 238 0 161 34 78 255 151 255 108 235 112 1 235 224 0 0 238 94 0
    159 156 93 229 68 0 175 103 51 255 177 255 2 41 41 0 0 138 75 255
    253 30 142 100 244 206 0 255 0 189 255 100 47 0 149 255 203 0 12 0
    109 171 255 176 237 0 22 170 3 20 248 60 255 0 255 4 159 0 0 11 156
    202 249 144 0 197 220 4 7 234 0 0 213 255 13 91 255 0 255 91 0 255
    135 88 1 249 255 255 189 255 172 0 188 145 0 0 197 0 123 255 255 255
    0 173 136 0 106 107 255 255 76 255 194 149 80 141 235 0 0 199 0 0
    177 104 163 24 11 177 126 87 50 167 0 32 117 255 187 0 255 255 0 75
    227 139 24 101 83 0 192 74 116 0 162 255 131 211 57 255 255 148 63
    202 255 127 255 2 193 165 0 255 116 0 253 84 186 6 250 204 16 127
    255 255 255 255 21 255 0 93 83 255 255 255 0 83 255 208 86 121 21
    234 152 25 195 0 255 111 150 255 255 200 137 255 100 197 16 0 255 34
    255 177 143 71 27 219 224 148 144 61 0 98 211 14 31 255 29 56 20 71
    57 255 249 22 255 239 87 225 64 85 223 82 0 0 255 59 203 231 255 53
    234 3 255 61 29 255 83 58 255 12 180 0 0 68 49 255 0 193 255 11 177
    28 255 202 180 110 237 48 112 46 116 51 0 255 0 255 254 173 196 255
    98 98 55 157 255 248 255 76 0 161 53 63 71 0 48 40 255 212 97 123
    255 84 0 207 166 184 66 0 138 0 0 174 208 106 212 255 201 155 168 10
    209 255 194 0 126 0 255 86 255 123 124 120 20 43 36 169 0 153 236
    255 14 6 136 0 154 21 0 163 154 0 144 121 0 248 204 14 112 0 255 53
    6 255 85 172 103 98 219 35 164 83 29 106 177 0 255 192 255 255 255
    143 240 255 174 6 39 16 110 0 230 247 255 255 225 0 225 0 192 0 255
    0 255 255 44 90 0 142 72 235 205 231 255 240 0 255 0 255 224 189 100
    220 97 0 217 255 125 129 101 16 255 217 0 0 188 255 0 114 153 0 0
    206 155 50 78 0 176 137 194 255 224 46 255 92 185 255 200 255 94 0
    222 45 38 255 139 56 193 129 202 255 245 213 239 107 193 147 114 0
    163 0 179 255 92 140 255 16 7 0 88 0 0 0 0 255 11 24 255 215 255 89
    0 0 116 13 205 129 255 74 228 31 50 179 255 0 153 114 10 38 5 255 89
    255 155 51 203 0 0 0 109 141 255 255 59 139 230 128 255 0 89 91 255
    255 90 147 66 255 1 189 205 0 0 0 0 219 201 64 255 255 127 244 174
    235 244 49 50 71 231 63 67 29 236 222 0 4 84 122 126 84 0 244 0 239
    142 255 0 255 59 255 255 0 38 0 255 173 83 149 174 95 181 255 34 250
    144 0 161 255 255 109 3 213 247 201 255 128 116 178 189 124 0 255
    255 171 46 0 255 49 0 145 199 216 253 236 0 255 203 0 99 69 5 255 30
    255 0 203 234 58 198 156 122 86 138 165 83 92 0 48 0 255 125 135 47
    30 119 122 23 0 83 42 0 148 115 0 198 0 0 255 44 83 0 245 144 115 0
    173 255 0 255 14 144 61 238 33 0 180 153 91 255 125 0 0 255 246 34
    209 255 63 255 0 255 85 103 0 0 255 246 0 255 72 1 0 108 0 0 0 14
    149 255 217 83 228 94 203 240 0 27 178 0 255 175 4 255 44 255 0 223
    64 0 98 50 64 255 235 194 255 126 0 0 189 0 255 214 0 43 76 33 152 1
    254 255 0 231 224 254 87 32 17 255 255 0 179 202 255 255 173 193 89
    29 190 0 96 252 122 255 255 105 190 0 135 255 80 112 44 0 136 152
    255 145 0 255 0 0 0 255 104 255 248 251 255 120 255 255 28 255 0 255
    24 255 30 167 153 255 65 18 13 239 228 16 255 146 68 92 255 255 52
    113 7 27 0 220 33 25 148 63 34 0 0 194 112 0 31 19 121 255 139 255
    215 218 255 245 217 144 107 74 72 13 246 0 255 103 255 0 76 255 71
    84 207 107 255 190 55 255 210 172 255 5 255 255 128 187 0 0 85 0 98
    0 214 0 255 255 0 77 0 52 255 96 255 69 253 255 130 115 224 0 0 184
    255 0 36 35 76 170 0 255 255 84 255 250 21 255 255 183 103 0 158 92
    0 239 154 255 255 40 164 108 0 26 0 103 255 153 0 245 255 114 123
    255 255 224 1 255 0 0 108 35 214 253 255 185 230 102 0 255 125 15 38
    0 57 0 0 193 86 0 255 121 228 219 231 151 117 227 229 85 137 107 35
    255 146 168 190 255 0 0 239 144 236 60 4 255 255 158 142 255 0 183
    150 56 60 181 225 43 86 176 6 255 236 135 70 200 255 0 0 0 255 0 20
    177 0 204 255 255 221 0 255 0 8 255 255 255 51 37 35 93 0 9 185 255
    95 128 253 255 198 0 86 19 13 3 162 244 181 200 255 154 104 41 57
    110 0 137 162 123 0 0 255 106 255 83 206 255 30 0 161 84 0 10 0 0 41
    247 146 0 34 0 0 62 153 0 190 216 109 179 100 255 222 190 118 98 236
    162 241 255 224 189 234 0 255 96 255 255 67 29 0 86 68 0 0 197 0 22
    27 249 0 223 21 254 97 0 153 255 0 100 238 232 231 171 99 16 39 255
    0 0 255 255 131 255 16 0 0 255 93 138 154 0 255 0 128 165 31 219 255
    255 179 240 255 207 4 0 255 44 170 217 189 76 255 165 149 76 255 163
    0 255 212 187 83 12 51 48 11 192 255 138 48 255 0 0 125 99 0 18 133
    247 52 76 0 255 151 143 135 231 0 250 136 255 193 98 159 58 9 63 124
    255 255 255 0 255 14 0 0 204 0 25 255 255 76 56 0 117 98 255 201 189
    0 236 57 13 255 255 255 4 0 98 0 85 109 255 92 90 119 255 175 10 0
    182 40 150 0 75 216 39 106 244 0 160 0 169 23 54 22 195 79 235 0 0
    101 135 254 45 0 0 161 255 197 204 157 200 0 187 231 255 0 0 72 255
    44 225 68 36 113 255 255 72 0 1 179 187 255 39 105 23 252 110 142
    193 192 34 191 255 255 18 18 169 255 251 30 176 1 169 43 194 8 132
    127 167 83 42 44 255 171 0 232 134 197 232 65 176 0 194 217 0 25 182
    171 188 84 29 251 255 124 45 182 84 228 255 236 255 69 0 255 247 139
    182 102 38 120 0 62 192 237 115 151 210 160 0 0 0 78 230 184 165 0
    72 240 255 255 206 0 151 0 255 0 0 255 18 251 16 66 200 252 247 241
    255 255 221 92 193 188 214 255 126 23 122 86 10 0 255 57 255 255 71
    0 215 0 199 255 188 199 113 255 0 79 169 0 0 150 0 153 191 255 0 136
    137 0 209 48 255 0 250 150 155 0 156 126 240 143 29 57 255 255 16
    255 80 255 247 99 255 50 63 156 255 201 117 193 206 109 119 177 0 42
    0 175 68 0 0 64 36 25 191 0 198 95 142 255 255 26 0 255 253 255 196
    226 0 0 62 218 212 141 171 255 0 162 157 207 255 0 84 0 162 23 244
    236 90 248 178 10 80 172 32 41 255 0 115 245 183 159 151 255 172 223
    255 159 255 183 255 213 0 0 77 87 70 255 255 206 255 121 209 53 13
    146 52 183 230 32 240 138 167 96 245 194 0 135 135 0 0 255 0 100 215
    238 255 0 162 0 227 255 0 249 255 255 196 0 255 208 255 0 15 72 255
    11 120 135 176 255 109 208 255 128 255 9 0 255 0 148 203 130 255 255
    234 174 157 165 84 0 155 130 124 86 12 64 153 24 122 22 89 249 122
    87 161 96 174 206 172 56 0 205 168 91 0 255 220 153 0 208 0 255 161
    184 0 39 14 244 0 0 0 0 112 113 60 255 255 60 135 255 255 1 121 166
    252 246 237 0 0 134 90 148 208 255 0 119 255 0 187 67 0 44 94 255
    182 255 255 49 204 23 248 189 184 30 195 255 200 0 96 143 255 124 0
    255 255 0 255 177 34 255 49 193 252 0 214 237 0 11 0 161 234 150 255
    98 255 163 39 255 255 215 107 36 0 153 84 255 200 255 0 81 233 0 255
    32 255 255 0 0 154 234 0 102 0 0 0 230 0 5 107 99 211 0 179 229 0
    147 56 113 55 242 138 138 255 185 248 84 0 81 121 60 0 183 255 0 159
    235 0 127 154 4 181 0 13 7 255 19 56 255 255 0 13 255 255 0 171 255
    104 150 255 0 0 255 0 0 0 134 91 172 255 151 61 84 0 255 0 0 176 255
    126 8 54 249 65 255 255 131 255 0 241 122 71 138 55 205 220 18 0 244
    143 0 104 255 0 255 28 244 0 255 0 255 31 85 34 255 255 145 6 102
    255 255 0 99 186 0 0 181 230 114 69 20 153 176 233 0 177 255 255 255
    72 255 29 255 99 214 255 117 17 255 44 221 204 0 182 220 255 0 223
    220 0 201 161 64 0 124 255 78 255 116 117 99 0 63 227 14 37 173 0
    247 255 255 154 255 66 0 138 255 0 0 223 177 34 255 60 240 255 30 0
    52 171 141 192 165 77 175 86 102 0 255 133 238 0 0 196 0 24 125 238
    255 231 64 200 235 26 0 255 255 255 217 255 255 255 255 255 243 255
    173 255 148 226 195 0 104 21 249 223 0 18 75 17 0 165 0 255 255 255
    24 214 255 93 175 238 30 126 255 255 33 38 255 245 102 233 255 3 0
    243 57 68 221 255 214 0 76 203 7 125 221 114 0 77 0 155 120 143 255
    255 255 0 155 145 71 152 218 240 255 82 193 243 255 131 0 164 255 0
    255 255 124 255 124 0 175 0 83 83 65 221 168 162 255 251 18 183 0
    146 85 224 196 255 75 235 108 0 0 146 47 215 255 102 41 202 110 0
    203 0 161 0 103 0 255 86 134 148 186 204 200 172 112 85 174 106 0 17
    77 148 255 41 255 67 173 197 253 97 255 248 156 255 2 43 176 242 0 0
    2 100 255 255 107 255 226 255 0 239 0 0 69 44 86 45 105 161 239 149
    255 202 178 246 0 203 86 31 255 229 255 240 202 0 255 37 136 255 144
    18 135 255 0 128 150 165 84 40 5 190 149 0 45 0 0 89 234 204 255 255
    244 255 255 242 147 17 12 122 238 0 255 127 162 0 151 0 118 151 134
    68 0 217 255 255 107 42 232 233 59 0 0 255 0 0 255 150 181 255 90 0
    252 124 166 139 176 42 141 144 0 0 159 255 255 255 141 145 72 87 132
    39 213 0 39 118 0 34 143 0 255 222 223 188 171 0 92 16 82 66 103 191
    12 34 41 216 225 255 160 41 133 255 147 255 73 255 255 120 123 54 21
    72 185 255 60 255 218 118 255 171 234 96 211 20 78 137 255 0 132 227
    121 255 213 255 0 201 120 135 0 0 2 255 0 114 194 255 0 0 0 252 204
    28 216 204 102 147 186 178 0 238 63 0 255 67 0 32 109 80 70 132 62 0
    255 198 101 215 193 0 163 230 39 40 24 207 31 201 89 246 234 0 255
    116 158 36 1 68 35 255 9 204 149 103 0 110 217 0 192 0 105 255 141
    131 244 0 66 69 66 233 122 255 243 0 223 204 0 251 6 172 132 0 253
    211 77 255 255 0 255 234 18 22 139 238 174 255 0 0 255 255 249 252
    196 203 255 117 0 128 255 255 109 215 182 133 255 170 201 28 155 127
    91 71 255 255 0 72 0 255 188 73 106 255 255 169 235 84 213 145 43 22
    21 0 0 0 50 255 0 0 34 199 96 0 255 47 175 139 244 37 0 165 185 0 0
    255 13 109 0 232 55 0 107 114 183 186 67 255 0 0 255 70 98 154 16 95
    87 26 199 255 135 109 251 0 255 214 0 88 255 255 172 239 26 0 209
    255 0 0 28 255 255 29 120 0 255 116 0 255 255 99 0 221 255 0 0 57
    231 0 0 64 255 149 0 132 178 255 87 255 43 33 255 18 255 0 205 135 2
    144 255 18 0 0 255 0 0 255 0 0 0 255 0 0 38 0 0 92 82 188 145 138
    255 172 31 170 0 0 255 27 148 0 255 0 34 255 90 102 31 152 248 181
    255 0 0 140 0 0 104 255 86 73 54 192 23 80 36 153 216 255 197 174 0
    132 1 229 123 120 122 236 123 125 255 19 30 255 153 65 0 47 0 0 255
    0 120 252 79 254 0 239 128 255 0 255 255 0 142 255 223 255 254 26 0
    255 255 79 102 255 0 72 0 95 69 0 255 0 198 0 0 255 20 0 146 255 116
    255 122 79 255 179 3 0 0 85 255 94 255 255 255 255 97 0 0 243 199 84
    255 27 201 255 138 63 244 232 100 196 0 111 0 235 255 255 164 112
    245 51 85 220 255 211 173 159 32 59 94 0 185 123 242 117 92 255 191
    0 189 129 153 148 109 255 113 255 112 64 220 0 25 209 162 0 15 33 0
    189 255 255 89 121 0 172 255 244 222 255 72 37 191 125 35 217 67 9 0
    87 192 198 71 255 255 0 98 0 224 246 255 255 255 234 163 102 33 0 96
    188 0 93 137 46 255 0 203 255 255 209 90 170 255 218 247 0 145 108
    51 121 0 57 19 169 199 78 47 0 0 0 0 187 0 29 42 0 250 255 182 95
    232 52 0 55 0 124 99 255 208 147 186 255 255 255 255 236 41 0 73 125
    0 214 115 246 0 6 128 56 44 255 90 214 181 255 255 58 75 230 255 74
    160 255 8 61 225 228 0 72 199 80 214 191 89 255 141 93 0 0 255 45
    255 31 0 216 0 0 0 0 250 92 158 49 72 183 220 0 58 115 248 255 255
    255 199 38 93 120 13 31 219 0 111 250 0 48 59 141 0 255 94 191 255
    143 172 255 0 4 51 0 0 76 0 0 217 255 0 0 99 131 96 0 86 173 0 255
    255 255 17 254 223 101 11 82 255 255 255 255 223 94 143 255 169 158
    255 255 122 52 236 79 0 255 255 84 127 255 81 201 0 218 158 0 36 46
    255 171 0 207 255 30 231 211 206 202 105 0 0 123 255 82 255 253 195
    149 252 255 217 130 0 255 230 32 30 0 181 0 0 101 0 43 0 195 198 20
    255 20 95 133 255 255 247 0 125 213 61 221 255 0 0 221 255 46 61 255
    146 0 100 255 58 185 19 255 255 158 255 106 205 217 165 152 0 0 121
    0 213 0 0 204 129 76 255 124 109 48 255 104 0 255 75 243 114 0 255 0
    0 10 255 5 0 222 255 187 0 205 36 80 255 0 91 0 233 39 220 255 255
    252 179 255 255 82 15 58 0 0 226 255 100 233 0 9 0 197 165 0 255 129
    126 151 129 0 255 194 84 255 0 21 228 0 0 62 10 62 196 155 38 84 67
    255 0 50 255 124 0 68 120 255 211 170 255 179 255 0 255 255 186 255
    14 0 137 177 63 9 31 113 255 255 46 105 246 224 27 255 95 58 3 29
    145 87 165 255 255 123 255 255 16 247 71 130 229 170 97 111 193 225
    0 45 253 23 118 220 83 136 1 0 255 97 255 23 38 79 46 255 255 172 0
    151 255 135 0 83 0 241 4 255 73 0 35 209 121 0 162 99 86 155 194 0
    94 44 108 205 128 69 109 90 255 13 255 93 53 96 6 255 255 255 255
    230 143 153 166 76 93 0 103 0 25 16 79 112 5 255 255 0 89 75 255 179
    255 79 0 174 243 221 247 255 255 203 150 0 65 202 241 118 224 221
    196 0 97 0 105 255 255 195 255 255 16 180 213 255 161 100 6 128 0
    210 255 255 255 184 0 255 215 102 0 197 255 0 196 165 255 128 255 0
    208 133 10 52 15 17 0 89 255 255 70 255 89 170 225 0 231 137 2 177
    83 66 68 66 64 136 255 255 35 35 0 0 0 206 201 0 0 210 255 255 115 0
    255 157 0 31 255 139 188 194 193 0 0 0 255 162 115 0 199 229 216 154
    114 255 133 26 171 0 255 192 255 20 255 0 87 255 255 0 255 126 171
    255 0 255 255 221 36 211 255 243 255 255 255 230 57 132 0 162 255
    181 255 0 104 100 243 0 232 208 125 50 50 255 0 199 10 205 106 146 0
    0 0 195 171 149 10 0 0 255 255 255 0 0 255 64 78 66 255 65 255 255
    187 48 255 0 15 255 227 26 223 178 255 5 120 39 255 0 99 186 145 0
    219 0 110 136 0 255 255 96 109 255 64 81 190 54 255 0 0 0 255 8 249
    215 255 80 255 138 252 83 255 245 25 255 255 102 0 150 207 47 175
    150 201 255 0 141 0 0 72 204 0 0 0 255 43 240 57 137 188 77 107 67 0
    72 255 3 4 146 255 94 255 255 0 0 255 0 107 54 124 10 53 41 30 0 0
    91 47 240 66 132 0 255 30 0 75 255 0 204 246 237 255 0 175 255 136
    255 185 38 255 134 255 157 133 145 133 23 243 52 221 0 253 255 0 232
    255 255 32 85 255 255 255 110 124 159 231 255 225 233 170 79 255 103
    58 238 235 255 169 93 223 77 255 255 7 217 0 97 0 147 43 228 201 0
    210 17 29 57 115 113 58 150 112 104 66 172 0 222 115 125 206 255 255
    174 0 255 221 115 0 162 255 225 48 148 255 0 35 44 40 255 255 52 255
    255 19 255 236 177 217 25 217 242 81 0 86 150 237 23 255 247 87 205
    12 255 255 0 186 103 0 238 232 73 11 111 86 255 39 126 0 162 250 85
    17 203 124 33 43 129 0 81 211 32 0 34 157 202 45 0 249 145 0 162 12
    108 98 76 87 0 11 255 255 254 192 8 0 255 71 0 176 125 0 197 166 44
    255 109 0 0 0 174 92 255 47 0 255 0 255 0 233 171 255 145 228 0 0 12
    255 7 0 110 76 70 253 255 205 84 145 162 0 52 66 157 161 72 0 135
    255 121 0 56 157 255 234 219 255 0 13 141 128 0 0 71 190 87 40 85 16
    93 191 79 255 111 170 147 218 66 211 255 86 8 24 62 0 0 7 233 0 0 30
    255 244 17 62 0 20 234 0 255 38 108 168 0 98 0 202 255 101 114 63 64
    255 0 225 255 0 194 101 0 255 5 0 255 255 211 247 13 100 126 55 255
    0 255 62 75 76 124 230 162 67 43 255 73 0 0 51 122 255 0 32 19 177 0
    255 3 142 200 41 240 172 255 234 0 180 206 0 239 62 35 156 14 0 156
    166 163 255 0 255 22 68 247 182 3 143 80 255 0 249 215 172 255 255
    118 255 255 54 92 0 20 0 62 247 156 17 29 80 62 255 0 62 255 0 255 0
    255 48 0 0 255 0 255 172 98 0 255 104 118 255 255 193 0 230 37 22
    199 113 146 255 0 15 0 255 255 198 238 53 255 43 0 255 0 255 19 0 89
    0 205 255 0 0 0 0 13 41 112 0 200 83 255 255 160 135 84 201 37 102
    239 6 132 129 233 0 0 98 171 10 101 141 0 0 255 95 186 38 255 0 193
    232 0 28 149 83 0 255 255 255 16 84 73 167 228 247 255 255 139 224
    127 255 0 0 63 196 0 84 144 255 0 0 255 0 255 0 4 190 127 94 142 122
    154 0 63 255 140 255 45 0 16 102 196 0 255 0 245 131 228 82 0 0 255
    255 255 255 0 22 255 0 158 57 228 215 139 144 68 69 45 44 134 105
    210 0 255 8 0 255 29 0 167 117 141 21 119 0 189 195 103 0 192 171
    117 255 151 80 225 255 0 99 111 11 6 255 0 118 224 255 7 255 255 0
    111 57 73 187 0 103 120 155 30 238 255 114 191 255 21 0 255 5 4 19
    240 211 255 144 163 187 204 66 88 226 68 0 214 0 75 0 210 0 255 255
    255 225 255 74 255 216 162 255 71 202 0 253 61 200 125 255 122 31
    148 191 3 95 141 0 0 0 144 52 181 44 151 166 88 101 198 189 150 198
    62 0 188 0 255 231 0 255 42 0 127 210 0 102 255 216 215 190 255 255
    196 36 0 0 228 50 175 0 188 192 255 193 103 255 177 226 141 152 255
    191 211 255 255 251 211 255 255 0 100 255 0 0 0 100 0 217 255 135 35
    255 146 50 200 137 130 158 255 147 255 0 0 141 0 255 255 214 157 255
    255 255 8 0 123 255 166 153 42 245 94 7 201 164 255 255 80 255 0 139
    93 0 144 69 148 137 0 0 16 129 177 0 72 117 0 60 0 255 36 119 255 47
    231 32 213 255 203 205 81 77 41 255 219 0 0 214 14 255 40 255 180 0
    66 71 14 186 0 0 50 213 95 255 3 255 47 255 223 127 72 73 255 0 127
    14 100 150 0 87 0 255 200 255 255 191 0 195 134 168 136 255 24 46
    167 255 0 21 176 78 255 254 158 0 54 243 174 132 87 246 255 91 143
    12 244 74 181 0 0 0 195 181 139 0 55 156 255 95 135 27 240 175 171
    190 4 0 255 143 153 0 255 19 92 136 0 239 0 49 60 101 240 1 18 255
    99 237 0 44 161 142 0 0 190 255 0 62 162 12 215 81 255 255 189 255 0
    255 0 16 120 11 208 0 193 139 215 200 103 103 255 255 128 255 0 0
    255 76 15 255 17 255 0 0 68 37 41 38 255 0 255 255 166 50 133 103 0
    0 0 0 36 185 7 208 212 240 255 0 124 255 186 252 117 192 150 50 0 0
    193 166 71 0 208 79 0 177 70 161 153 14 255 95 217 86 0 255 4 255 0
    0 255 0 255 132 184 255 243 167 92 158 127 0 5 0 155 138 0 10 255
    121 119 178 141 214 122 246 85 255 0 255 229 0 143 28 102 255 78 191
    61 24 214 224 150 196 117 8 245 255 75 225 28 103 0 123 26 255 99
    155 3 0 57 17 138 0 73 0 172 117 146 157 194 160 0 255 0 171 36 255
    255 255 0 28 10 255 130 225 118 168 255 114 0 229 51 88 255 0 132
    116 112 166 138 27 255 24 164 152 0 46 132 0 0 220 0 252 176 255 255
    0 255 255 194 219 28 0 175 161 0 94 136 245 98 174 0 255 249 116 71
    0 88 79 163 249 13 242 102 23 255 0 138 236 62 245 0 0 9 255 0 0 197
    33 0 255 94 127 152 171 230 255 136 62 142 0 255 34 241 147 41 104
    203 255 98 142 213 0 232 33 147 255 175 237 90 255 255 0 0 255 232 0
    0 255 0 142 234 255 0 0 151 36 129 35 0 98 255 77 0 0 255 0 104 166
    119 182 0 213 121 95 249 0 254 163 164 255 244 255 0 187 66 24 255 0
    153 243 255 255 63 149 255 0 41 0 0 28 220 183 0 112 255 173 0 233
    246 125 0 235 134 214 255 0 131 255 255 158 255 224 116 29 0 169 255
    34 241 135 143 45 53 117 62 255 103 210 208 142 194 255 255 65 255
    255 0 63 149 23 25 183 15 255 57 200 156 255 230 170 253 10 182 255
    0 255 0 195 222 6 23 17 0 231 200 234 0 177 187 48 255 81 113 255
    225 255 255 239 144 10 122 152 144 184 97 127 238 0 210 0 0 53 0 174
    255 128 160 144 0 134 123 222 0 5 8 204 0 255 206 108 232 42 255 255
    0 92 80 255 250 192 255 255 37 255 234 110 238 17 255 199 255 106 0
    231 2 21 0 232 6 255 0 207 56 0 87 0 46 120 0 0 255 255 0 255 225 0
    255 0 208 160 4 0 0 255 190 16 20 194 255 0 253 0 15 0 0 255 255 255
    169 255 0 222 140 252 174 165 130 143 96 71 56 165 156 143 255 18
    255 255 217 167 159 255 0 9 255 180 198 234 0 87 71 255 223 147 8
    255 69 49 255 207 96 8 140 255 0 32 255 255 43 0 209 254 182 192 0
    238 0 175 177 255 225 255 53 0 255 255 127 129 0 0 9 0 20 255 140 6
    254 0 255 0 113 228 255 121 0 255 0 0 247 255 0 255 250 255 239 0
    255 92 60 159 0 0 81 0 211 113 0 255 255 183 116 68 169 99 255 62 87
    223 255 117 138 236 128 97 255 198 255 255 0 162 84 254 218 76 77
    120 255 16 0 45 106 39 124 97 220 255 48 217 178 141 165 255 0 58
    255 59 164 105 235 255 102 27 0 35 153 66 0 211 231 61 0 115 230 255
    0 191 0 0 27 35 193 235 115 255 254 146 63 166 62 221 255 255 194 0
    255 255 245 176 46 185 0 193 185 0 0 40 95 199 106 158 124 103 119
    182 94 170 53 124 0 192 0 0 0 235 13 42 31 255 0 27 15 255 255 2 1
    169 222 186 255 0 255 79 13 255 255 255 38 85 221 78 141 255 173 224
    0 255 0 0 65 8 0 61 148 0 46 95 229 255 0 255 0 18 216 167 97 0 62
    10 44 255 20 118 255 225 255 130 0 228 0 95 192 95 0 20 120 189 144
    255 0 0 91 91 84 0 68 70 255 58 17 232 199 255 50 0 202 104 255 221
    0 226 0 0 15 255 0 0 72 108 82 127 130 255 255 17 47 255 255 132 182
    17 255 0 96 255 220 255 164 0 123 107 255 18 255 184 202 47 188 255
    0 0 153 255 255 196 192 126 255 0 226 69 45 180 255 0 251 0 255 152
    240 255 255 58 201 153 214 0 255 223 8 207 200 104 241 213 52 190 0
    255 126 69 0 96 82 255 250 10 240 166 66 175 0 0 208 73 216 19 34
    230 45 0 74 66 255 117 99 26 101 43 251 211 0 0 163 255 7 89 167 255
    235 7 238 64 0 22 2 255 255 52 93 147 26 58 164 230 255 251 255 43
    255 42 255 219 255 224 167 170 237 255 232 133 61 0 166 127 0 131
    194 193 180 255 255 9 115 255 165 109 252 106 33 255 3 180 202 255
    255 43 166 139 255 0 255 68 0 0 0 0 31 76 55 0 255 76 255 255 0 106
    26 0 255 238 85 45 236 255 0 74 186 255 55 255 64 0 244 151 169 0
    126 98 255 255 10 38 116 47 255 255 147 114 255 255 0 255 255 0 29
    119 0 136 99 253 0 89 141 94 245 53 0 255 255 237 141 0 102 0 0 36
    53 255 135 0 58 255 133 106 255 82 252 176 205 0 192 255 135 0 114
    209 13 223 88 255 188 106 159 6 203 96 156 116 206 0 68 70 0 20 172
    255 255 145 191 255 94 170 255 0 0 0 0 105 0 255 125 238 58 92 167
    110 243 88 56 141 62 224 58 133 0 192 184 180 255 240 0 20 139 93 92
    0 100 71 206 75 58 255 36 201 235 0 144 91 110 0 37 9 218 243 96 65
    0 0 255 244 198 255 153 204 24 0 107 178 0 255 212 237 113 255 85
    255 0 255 24 47 100 97 109 221 0 132 255 112 123 135 9 0 168 188 83
    22 226 147 236 96 0 187 231 184 91 55 0 255 0 0 71 110 107 228 255
    130 136 19 11 224 135 255 255 192 212 255 0 22 255 200 0 255 90 0 0
    124 255 75 92 255 65 114 37 199 68 67 181 45 221 254 255 72 100 236
    0 0 255 255 107 255 174 0 0 0 255 255 53 56 77 166 226 255 14 183
    255 164 171 88 255 92 255 255 0 82 255 133 0 21 6 0 0 254 0 95 177
    47 255 255 255 255 215 255 26 0 99 178 127 0 255 255 117 255 200 179
    0 37 220 21 174 255 91 39 255 249 255 106 255 255 255 248 0 44 144
    255 0 255 23 251 0 48 129 0 246 154 230 252 149 150 0 117 215 255 21
    62 149 159 19 121 255 33 176 83 59 60 0 104 219 38 212 85 255 178 13
    0 226 0 0 164 101 105 255 0 117 126 190 123 0 112 197 18 200 0 93 0
    255 46 153 31 255 0 0 191 16 157 219 255 255 7 57 51 255 0 0 63 54
    195 0 33 1 25 0 104 0 210 242 0 0 0 137 2 0 0 31 203 0 255 201 255
    95 155 255 94 255 255 0 255 18 0 180 0 96 255 215 0 124 255 0 89 110
    0 254 132 255 84 0 53 40 228 0 24 191 73 255 40 95 22 0 79 70 255
    255 34 110 99 0 19 107 255 226 20 117 49 214 40 55 10 255 65 198 255
    163 31 0 54 64 184 112 19 214 249 245 252 234 255 145 11 214 86 9 0
    53 60 243 48 5 10 255 17 0 164 99 255 134 255 148 161 187 253 79 215
    189 63 11 255 100 0 107 0 255 109 96 170 136 255 180 255 169 0 74 99
    174 111 179 62 54 255 255 0 39 255 89 60 79 41 0 22 19 45 244 46 130
    196 0 208 105 210 0 79 255 0 32 202 0 116 124 22 0 212 247 241 190
    255 166 0 0 6 0 0 15 0 214 8 214 255 76 179 18 236 0 0 35 6 233 140
    166 255 24 255 255 88 255 119 250 37 124 14 203 255 142 224 210 0
    227 0 6 255 0 93 8 28 18 103 170 255 255 0 255 255 193 223 46 248 54
    94 38 62 0 251 14 97 15 57 8 255 15 177 173 17 168 0 0 141 221 39
    255 0 114 255 195 83 0 82 255 122 0 17 0 172 169 129 47 96 255 188
    51 33 38 167 42 61 255 54 60 32 0 155 161 26 192 96 0 65 0 253 0 23
    0 131 77 0 255 104 0 47 166 30 0 255 106 0 0 46 127 251 58 206 120
    145 255 0 0 0 0 181 113 117 37 0 237 255 0 42 84 93 64 255 84 0 50
    206 48 231 13 210 127 121 117 173 97 73 0 255 242 176 255 187 209
    245 175 9 85 150 0 246 255 255 82 255 255 218 255 135 225 38 165 161
    0 153 87 42 92 255 129 99 3 196 167 220 71 255 0 37 27 251 64 255
    255 255 255 99 170 255 222 131 127 3 255 255 63 107 125 255 0 57 0
    255 0 161 0 52 255 113 249 121 255 46 37 167 0 0 90 0 255 255 109
    255 195 160 255 174 220 0 255 0 35 218 0 62 92 208 191 172 179 17
    151 0 9 122 11 0 76 0 255 87 94 255 95 3 164 191 85 159 119 255 210
    124 255 255 255 0 21 245 170 255 197 0 255 0 255 255 0 118 69 255 0
    169 0 118 255 113 14 192 5 0 255 154 133 76 225 232 0 108 0 0 40 143
    135 105 0 168 255 255 41 2 183 255 0 26 68 134 0 255 255 96 0 144 49
    152 65 49 255 120 121 82 140 215 255 255 89 244 255 0 130 0 145 235
    74 0 17 201 0 220 56 183 0 0 0 134 252 18 146 0 74 110 62 255 255
    188 250 217 116 21 200 167 163 255 226 199 71 0 3 202 191 0 168 212
    0 124 255 255 15 198 54 13 0 208 207 81 65 0 55 0 255 0 254 250 0 70
    255 15 0 0 255 255 27 0 59 105 63 129 204 176 0 0 223 59 255 0 137
    116 187 93 0 64 0 0 149 255 156 83 255 0 117 172 0 30 203 90 238 35
    18 71 6 0 61 91 136 203 11 127 131 0 0 120 175 47 82 0 96 0 255 210
    206 4 0 255 255 60 126 0 8 247 53 255 59 52 255 191 0 137 13 36 110
    255 0 0 208 1 255 255 255 243 0 2 196 3 0 0 255 255 0 255 255 29 15
    63 109 0 0 0 0 205 123 36 255 255 246 227 0 123 136 194 0 0 255 251
    104 207 255 250 0 255 67 52 159 200 51 243 255 212 181 218 89 136 0
    198 1 132 255 41 186 255 110 168 255 0 74 0 141 255 10 255 0 90 210
    0 161 239 78 0 255 255 0 17 22 255 219 70 91 255 207 10 0 85 89 129
    238 255 72 255 255 133 226 191 173 0 83 112 109 131 0 63 0 123 255
    130 200 238 0 255 255 245 141 186 255 0 210 0 255 233 0 0 103 0 104
    0 255 125 209 67 154 29 128 255 112 255 163 115 255 255 230 255 255
    100 94 23 0 255 255 158 14 217 147 255 228 157 125 138 120 255 226
    226 255 218 105 218 0 47 230 0 77 142 0 187 243 91 146 0 192 0 72 11
    78 255 195 171 0 0 95 255 0 229 249 11 255 0 255 99 55 255 170 80
    255 18 156 207 79 65 63 12 132 187 0 124 69 18 255 8 141 197 144 255
    248 39 214 255 222 24 0 255 0 25 0 132 25 193 0 183 0 0 255 0 249
    255 65 180 255 22 101 0 67 48 255 0 0 122 212 143 255 179 86 214 84
    251 0 0 0 32 0 0 186 179 238 13 122 0 200 128 208 63 107 93 254 7 4
    213 80 79 97 20 99 255 0 87 14 68 255 255 246 8 87 255 0 16 255 255
    0 102 216 230 92 0 33 255 211 0 83 242 187 0 169 80 31 232 145 13
    255 255 151 215 186 126 0 117 0 50 211 133 238 255 0 228 94 255 255
    81 238 154 102 26 59 38 0 140 82 0 255 131 255 75 239 116 222 255 0
    255 0 155 42 119 57 247 255 255 122 201 95 0 201 135 162 255 255 0
    255 147 0 255 100 252 37 86 8 69 13 216 0 0 16 78 254 133 164 54 101
    0 0 201 159 0 140 156 253 63 151 22 32 139 255 163 77 112 0 148 97
    255 0 70 255 53 228 178 77 216 0 255 0 223 255 240 243 106 88 255 83
    255 9 255 255 217 15 206 0 13 18 54 255 222 117 249 205 248 0 0 214
    255 122 163 255 31 0 222 117 85 70 244 5 50 170 88 75 22 0 229 255
    24 0 255 0 117 255 221 216 0 255 246 228 0 4 142 255 193 210 141 83
    103 255 200 227 79 116 168 255 30 255 134 0 251 0 90 0 218 201 0 255
    209 188 0 102 246 222 239 128 235 255 169 255 217 0 46 66 35 162 142
    0 255 138 255 235 62 71 70 0 0 37 255 114 255 101 0 119 139 255 203
    0 255 0 0 255 117 255 0 84 59 142 220 161 255 146 255 180 140 255
    111 0 0 182 0 0 66 0 101 13 255 98 255 255 177 11 255 169 229 255
    215 102 16 0 0 200 0 14 23 186 30 75 68 240 0 0 201 88 146 157 138
    52 158 154 84 0 139 220 26 92 24 244 0 0 225 255 255 255 155 99 184
    8 0 186 255 7 0 100 0 204 0 91 112 231 255 42 69 0 183 234 141 107
    255 234 0 0 255 0 211 47 0 97 0 121 255 161 106 87 109 0 24 0 39 128
    50 133 160 177 0 101 0 224 190 0 0 134 37 189 215 255 255 131 214
    104 252 224 255 150 147 255 76 213 212 0 0 202 0 79 255 206 24 255 0
    147 247 255 211 255 90 170 192 200 178 255 159 143 227 66 85 211 182
    255 255 255 255 6 0 1 97 88 215 133 255 56 0 15 255 178 0 14 165 162
    0 245 255 223 63 234 255 130 165 142 255 144 158 255 0 0 0 0 255 30
    34 255 255 255 255 243 255 135 0 86 0 190 5 44 163 140 255 8 43 255
    255 28 0 165 130 255 255 255 255 92 0 255 255 0 255 157 211 120 212
    16 0 255 124 182 215 168 255 245 0 173 0 255 255 255 130 255 255 237
    210 170 100 0 97 233 255 0 255 0 63 222 188 44 173 106 193 226 21 96
    150 239 255 34 189 189 187 240 0 7 50 0 0 165 149 17 181 20 61 120
    143 57 88 148 153 170 255 46 219 180 225 159 89 255 83 117 175 0 140
    0 65 48 121 92 212 255 0 0 227 9 171 0 59 0 12 48 253 56 255 27 240
    41 18 142 255 255 255 85 143 240 186 137 4 90 158 13 160 241 111 29
    96 255 0 217 171 237 147 255 255 34 255 149 0 192 74 82 146 225 106
    255 3 238 190 134 166 0 44 226 73 255 0 255 169 184 166 0 121 203 0
    0 238 140 16 255 109 255 0 25 255 56 168 230 173 130 0 0 164 0 0 40
    255 255 0 100 255 0 218 140 97 120 0 102 255 88 150 25 41 156 255
    146 91 0 126 234 255 135 0 255 51 180 0 115 0 98 103 255 255 84 0
    255 255 81 0 163 135 100 249 244 220 121 130 248 175 134 130 61 37 0
    255 64 193 220 60 17 96 255 255 138 172 48 255 111 129 255 159 78 31
    159 238 158 255 255 234 226 0 57 14 207 139 255 0 215 0 236 157 0
    207 183 0 213 75 255 29 210 88 0 28 0 235 90 0 255 82 177 29 234 47
    85 169 58 89 254 79 34 0 161 75 44 192 255 226 98 22 128 0 0 230 134
    83 131 255 0 32 198 0 255 54 159 96 129 97 0 255 14 156 42 40 0 201
    255 73 0 78 255 0 167 236 146 0 197 0 225 92 165 255 24 43 112 60 35
    0 0 0 116 36 63 44 141 0 191 255 0 167 128 0 122 0 96 0 0 138 191 62
    0 0 148 0 55 43 255 156 216 0 0 238 99 22 104 145 222 0 103 26 0 255
    88 39 0 0 81 0 255 254 229 19 5 73 255 104 108 255 166 216 0 18 101
    0 248 0 255 231 116 0 255 0 14 255 243 32 87 0 0 255 165 85 255 255
    255 48 169 72 0 0 10 0 131 124 62 195 139 86 60 0 0 212 238 151 26 0
    35 0 63 56 113 53 0 255 255 83 241 205 22 36 167 42 0 57 255 255 191
    35 102 194 0 0 187 163 23 156 215 186 255 132 0 115 244 224 0 96 94
    0 255 78 255 60 232 101 255 155 243 29 59 255 97 255 255 193 142 39
    0 243 49 127 254 6 77 0 54 94 56 163 255 83 0 255 202 23 128 255 184
    186 253 159 232 14 43 0 109 255 0 0 134 150 255 100 255 255 237 103
    182 152 94 255 158 181 71 84 255 255 0 168 0 0 178 129 48 255 59 32
    142 178 12 255 136 15 255 0 0 0 255 222 10 0 101 0 255 244 255 249
    115 255 99 242 255 3 141 240 132 233 0 31 255 190 0 255 42 10 166
    255 152 176 50 255 1 70 255 255 0 171 255 0 0 255 33 144 255 213 129
    12 251 116 0 93 143 0 0 0 20 203 194 118 255 255 166 215 106 0 0 229
    55 217 255 0 156 67 0 117 243 0 0 71 0 171 255 139 85 71 172 7 0 32
    228 88 255 74 158 218 67 44 10 77 0 157 102 255 231 32 255 76 255
    242 66 255 0 67 203 231 250 255 217 174 85 255 0 175 255 55 0 4 19
    27 0 145 0 158 116 41 236 96 110 136 143 0 34 177 131 254 255 20 248
    233 171 159 55 81 172 212 211 78 153 0 53 0 255 0 25 255 0 255 13 76
    196 197 0 142 201 11 58 255 0 65 255 129 126 168 58 98 0 166 159 255
    230 227 0 86 242 25 93 176 245 107 255 38 0 0 182 218 145 249 159 81
    239 122 255 3 255 0 7 116 110 211 243 120 24 85 107 0 255 118 128
    255 174 52 0 120 120 26 193 210 255 0 137 80 237 255 0 89 53 255 148
    222 116 61 224 137 255 255 0 255 255 193 236 255 130 0 122 91 133
    255 0 187 41 44 192 69 10 40 255 255 226 94 255 255 0 0 255 255 0 0
    255 242 106 0 255 135 0 199 0 231 6 105 255 231 0 255 46 91 7 255
    255 255 107 255 50 138 0 127 77 141 171 240 255 157 0 113 0 43 17
    255 158 255 255 184 69 0 145 201 176 0 251 255 190 0 84 252 68 136
    252 137 255 0 0 255 180 0 201 255 139 0 23 0 77 116 31 0 4 255 255 0
    163 255 0 241 97 91 117 255 255 0 73 51 0 199 51 209 184 84 188 233
    216 14 255 122 235 0 255 255 176 255 16 79 0 213 84 0 255 255 255
    255 252 0 67 18 47 255 255 0 0 199 0 136 35 0 0 34 255 0 0 0 255 181
    140 0 251 255 8 255 197 255 137 0 255 80 241 201 147 233 255 143 0
    225 163 31 0 130 238 4 155 255 10 33 255 42 234 0 12 0 255 255 17 0
    31 255 114 0 72 174 132 0 255 255 159 189 92 235 109 187 255 128 255
    187 188 16 255 14 0 255 0 151 52 0 49 125 71 200 0 0 72 0 152 34 187
    132 206 255 181 51 251 255 243 244 250 255 59 203 26 0 34 255 0 131
    255 181 170 236 193 255 212 21 91 186 0 69 255 186 246 0 108 255 206
    33 0 19 0 0 255 126 164 186 183 62 198 255 101 0 12 255 255 147 255
    226 141 255 194 255 0 111 182 102 183 255 0 255 0 46 61 85 0 57 0
    137 0 56 255 228 255 0 230 253 255 255 49 159 167 86 229 232 238 0
    103 254 0 0 0 255 251 255 0 5 255 59 203 255 89 254 255 255 255 218
    34 255 0 0 255 112 187 0 52 171 42 255 97 255 180 222 0 213 95 0 232
    0 132 0 121 41 0 178 158 25 78 219 193 134 92 142 213 7 226 190 255
    124 0 210 243 108 112 255 255 0 255 255 73 74 124 122 214 117 42 242
    80 0 255 255 184 77 255 139 17 172 35 255 141 255 255 229 255 0 255
    37 166 0 124 86 0 0 133 86 0 27 255 23 64 255 255 181 0 14 255 223
    231 244 139 43 22 229 33 0 255 215 117 255 107 89 255 47 255 227 0
    41 0 25 255 62 27 173 226 255 237 0 67 101 25 42 202 37 62 255 216 0
    0 255 97 148 96 0 255 206 87 255 25 160 55 255 119 0 149 0 146 255 0
    255 145 123 46 237 255 172 39 255 241 2 255 37 255 77 141 255 10 153
    255 0 255 235 206 9 207 211 194 32 0 129 0 70 209 0 0 168 12 157 0
    131 191 61 0 55 132 92 0 0 0 90 241 0 70 255 249 58 206 255 185 23
    62 64 0 235 81 255 109 100 43 0 255 0 0 188 41 0 12 36 36 255 133
    255 214 123 0 0 38 130 247 255 149 203 55 255 255 255 237 255 147 1
    119 115 179 76 121 40 1 219 0 158 101 69 173 97 80 122 149 18 0 156
    124 140 0 109 112 194 22 125 255 151 255 255 0 255 255 235 0 44 77 0
    94 224 3 255 180 193 129 111 81 230 0 86 60 248 129 0 220 5 126 227
    35 210 136 97 0 79 110 0 11 0 187 236 0 255 54 209 0 224 148 23 47
    133 94 173 135 60 12 255 26 138 253 255 0 255 150 137 0 255 122 0 15
    86 31 180 151 0 255 255 61 0 255 57 197 78 195 88 100 0 56 45 157
    185 0 0 255 167 226 30 4 255 0 170 20 0 22 255 252 244 254 255 98 92
    144 255 255 255 190 101 0 56 27 104 203 52 27 68 137 245 222 98 0 0
    0 159 74 249 0 255 39 136 238 0 255 0 255 250 49 83 0 114 57 156 32
    255 43 10 255 255 255 230 115 160 239 203 144 117 38 113 255 184 151
    255 255 114 25 128 255 108 0 96 251 194 247 84 0 66 255 255 0 231 0
    105 49 255 19 44 255 158 255 0 255 0 251 54 103 91 71 98 255 202 47
    179 170 18 255 0 255 240 228 216 37 255 0 229 255 0 200 227 255 76
    75 255 74 143 0 88 12 158 255 3 255 134 201 162 82 255 159 0 101 13
    0 115 181 205 146 157 132 141 73 178 0 215 119 43 0 15 255 166 255 6
    225 182 195 0 220 0 204 0 210 205 159 255 85 255 52 12 170 208 113 0
    147 255 0 0 81 113 145 137 126 255 113 0 187 212 191 255 199 107 255
    255 114 26 200 104 138 202 255 241 125 140 255 255 247 255 81 0 255
    213 41 255 40 90 255 255 255 65 151 125 65 197 255 76 242 0 66 255 0
    126 31 216 255 87 129 255 182 26 141 105 98 26 109 101 218 0 175 34
    152 44 89 216 239 122 122 255 52 164 200 38 202 43 156 149 67 234 57
    255 45 191 82 87 22 178 255 0 99 151 0 255 35 0 254 69 136 35 200 84
    0 176 173 131 229 243 0 168 87 133 223 128 199 139 41 135 0 255 255
    160 255 0 255 196 0 159 63 239 0 43 4 66 255 0 255 34 27 156 4 174
    183 255 209 69 0 10 53 185 83 11 141 0 253 78 163 255 102 81 13 49
    69 60 20 255 204 25 90 140 0 255 96 163 255 44 255 186 82 11 28 0
    255 198 0 255 151 153 254 5 161 45 112 172 255 255 34 13 204 103 54
    255 0 255 103 0 56 24 0 224 192 0 43 79 255 0 225 110 149 141 87 71
    240 255 207 3 135 104 49 255 0 145 124 0 210 255 11 255 75 171 255 0
    255 255 255 234 129 255 226 0 255 45 198 0 195 76 7 122 201 95 255
    104 0 255 0 17 255 202 255 0 32 228 26 255 0 110 0 60 0 109 255 255
    0 255 220 52 255 14 208 255 0 109 166 0 0 63 56 255 210 189 0 0 119
    68 255 103 255 188 32 167 0 65 183 15 158 255 224 167 0 255 255 255
    92 203 55 255 208 111 124 177 255 255 85 69 255 0 108 118 245 180 36
    150 166 21 136 255 30 214 94 0 0 244 18 255 34 78 40 177 85 61 222
    230 151 120 111 166 185 188 204 255 255 255 255 209 255 254 0 1 244
    165 139 213 4 62 192 235 6 255 33 0 255 89 198 0 0 255 0 170 255 255
    0 115 138 0 177 157 255 69 0 142 79 6 0 0 238 0 15 95 0 91 255 255
    255 156 205 221 92 243 182 220 213 0 147 213 211 153 0 255 0 0 75 0
    104 255 248 79 255 131 0 71 229 204 31 255 95 255 255 255 255 42 116
    154 116 45 201 88 98 0 255 38 142 0 0 255 236 163 50 255 129 2 45
    191 0 233 248 0 29 241 195 45 213 23 189 0 0 125 18 245 255 56 0 255
    0 227 196 83 218 140 218 255 0 0 176 216 152 98 207 171 229 128 0 28
    0 0 74 12 105 52 242 158 142 97 255 255 255 255 226 255 162 0 255 91
    178 112 255 246 44 1 0 0 169 0 102 255 170 0 88 162 255 210 27 0 6
    84 9 0 231 64 39 96 0 21 0 237 29 0 255 0 241 0 150 133 255 179 55
    118 94 0 179 230 255 190 13 88 96 0 255 227 0 214 57 255 124 206 0
    122 80 0 168 105 0 116 218 0 204 165 255 0 52 10 20 255 187 255 83
    217 84 0 139 0 108 242 15 240 52 0 170 255 255 189 71 184 139 98 138
    144 166 147 110 87 81 222 197 0 255 0 159 63 255 95 99 69 25 0 90
    152 252 51 172 0 0 188 255 186 255 53 78 255 217 203 255 117 13 122
    131 20 0 183 0 0 36 243 99 255 236 27 218 255 105 174 188 56 204 188
    45 255 227 0 0 91 255 255 0 20 255 72 97 34 122 0 0 100 0 72 36 0 0
    255 255 10 255 0 255 159 255 11 193 83 255 11 127 236 133 0 203 120
    255 209 255 114 255 255 165 109 0 109 0 205 186 0 255 255 218 138 35
    16 26 70 172 0 119 72 69 0 111 0 33 45 0 125 101 0 68 255 0 192 255
    55 255 220 249 100 186 16 79 59 207 255 187 97 255 0 240 61 5 255 18
    0 36 255 0 29 88 225 0 255 110 231 80 255 222 121 17 219 34 59 135
    134 255 112 219 17 15 140 105 0 0 253 255 255 57 190 87 7 255 255
    255 255 0 0 107 0 51 255 51 234 123 255 74 255 241 137 0 158 255 255
    214 123 39 248 0 231 250 172 0 141 17 14 224 0 30 255 0 0 0 0 92 111
    136 122 250 12 217 0 0 171 185 0 0 231 255 27 187 58 161 255 0 0 255
    0 255 16 208 255 0 255 236 0 141 255 47 216 177 161 54 0 174 167 203
    78 0 48 208 0 231 125 76 119 0 221 255 0 23 199 176 14 120 0 0 201
    252 0 188 176 74 121 237 104 126 88 255 143 41 0 0 165 163 9 43 159
    113 208 0 96 255 67 140 232 255 215 40 210 93 0 217 255 238 130 149
    0 255 131 103 161 17 181 20 113 141 124 245 0 243 255 176 33 0 66
    255 246 255 239 0 96 176 91 128 0 129 203 255 87 0 16 247 255 255 37
    141 68 138 213 15 255 188 0 255 0 51 24 0 59 177 252 200 52 111 0 0
    29 245 232 114 0 255 203 70 223 31 80 255 0 0 0 244 128 240 175 204
    0 255 37 114 249 255 255 255 144 255 0 26 155 255 0 189 122 55 225
    152 240 255 252 94 25 104 48 126 170 176 172 0 0 60 0 0 174 114 45 0
    89 51 67 222 255 0 148 23 73 233 38 241 0 178 165 255 35 204 255 255
    129 116 255 178 60 113 38 0 191 106 49 0 0 242 173 43 255 0 115 158
    0 91 0 183 68 3 255 0 0 11 255 131 51 0 0 0 0 255 255 0 212 69 69 11
    174 255 255 184 166 145 161 255 253 254 12 0 31 158 248 109 0 100
    214 51 255 0 130 112 126 11 46 100 115 0 228 28 225 8 236 212 61 255
    193 253 255 71 0 3 255 170 0 119 80 255 80 82 12 0 253 207 166 0 0
    201 255 0 98 210 57 112 117 27 181 0 255 161 48 25 214 255 0 76 0
    255 2 39 0 200 35 255 255 240 252 255 221 8 140 33 255 243 54 236 33
    33 13 0 170 0 255 37 201 255 255 95 255 255 221 113 0 255 199 242 0
    247 208 0 158 169 41 0 0 0 255 38 119 255 17 217 170 46 255 255 116
    156 255 174 69 7 222 78 255 194 231 255 89 0 255 255 238 0 0 255 20
    91 187 211 255 10 114 9 118 49 255 223 105 0 131 225 106 95 255 78 0
    201 0 0 165 255 255 239 255 172 0 219 186 159 168 39 255 67 0 0 255
    50 172 9 129 36 176 0 52 255 233 15 183 8 255 210 35 244 113 0 0 73
    114 255 255 0 117 189 0 20 100 250 106 104 123 255 13 197 198 189
    255 183 215 255 143 0 63 0 0 48 133 115 255 78 167 255 255 255 103
    172 175 43 57 94 21 255 194 28 63 240 156 133 236 255 142 0 225 255
    38 7 255 0 150 255 138 212 117 224 255 244 253 109 255 76 229 164 56
    29 26 255 167 203 72 46 65 100 0 37 45 0 182 132 255 27 0 99 97 255
    136 135 255 0 128 255 227 74 125 139 255 227 255 122 0 192 0 192 126
    0 0 0 0 255 162 209 255 255 0 0 58 0 0 213 6 0 18 0 255 255 5 255
    170 166 133 9 240 255 1 26 0 71 165 17 86 0 0 190 103 171 46 217 225
    29 17 0 255 0 95 66 10 245 200 151 255 128 35 141 255 255 201 35 0
    110 18 41 0 0 100 0 0 255 0 65 255 165 255 0 176 205 131 215 0 56
    147 255 0 0 51 91 0 255 255 76 89 255 85 178 7 0 148 145 46 246 133
    207 255 252 213 211 129 0 255 255 48 0 81 255 255 255 102 140 255 91
    255 0 127 164 255 65 147 255 82 169 240 100 0 6 76 3 126 0 255 255 0
    151 255 180 130 98 255 255 0 255 242 40 6 255 255 24 255 55 214 81 0
    0 70 123 0 3 255 214 5 122 255 101 230 255 218 190 0 187 0 193 59 66
    255 51 255 0 197 3 0 102 0 255 255 71 242 255 223 238 183 0 229 146
    216 40 255 255 244 91 0 13 255 204 44 33 255 27 65 26 0 252 0 226
    250 61 20 31 0 129 116 86 255 255 168 180 255 255 114 255 255 247 37
    99 0 16 255 255 255 184 202 255 146 40 255 206 255 61 0 0 0 0 214 0
    141 255 12 192 124 245 0 255 32 0 253 72 17 238 150 37 117 154 0 126
    140 177 145 199 255 225 19 40 255 198 112 4 0 254 106 238 15 0 202
    223 61 133 158 214 145 0 0 0 101 0 255 83 198 192 122 215 255 0 73
    255 93 0 205 73 0 122 80 0 255 194 255 94 0 0 255 225 0 0 255 164 95
    184 0 116 255 255 0 23 207 15 0 134 44 86 88 128 231 141 50 133 86
    203 189 120 255 0 255 40 0 186 169 111 141 145 233 0 255 0 0 0 53 45
    69 242 70 255 208 55 216 0 0 179 108 27 118 13 67 61 225 44 243 199
    39 255 62 0 18 0 45 255 13 175 201 29 0 0 0 0 255 33 255 56 229 23
    86 255 201 70 255 93 97 0 181 255 220 231 255 96 0 187 8 255 0 212 0
    0 166 44 0 0 219 158 255 46 37 159 102 20 0 17 255 240 201 58 223 19
    0 255 176 4 0 101 151 212 181 212 146 63 255 60 165 27 60 0 219 255
    180 255 7 22 148 44 255 255 25 0 226 255 205 255 161 86 200 29 94
    210 132 255 64 152 186 0 218 206 255 255 12 0 255 0 180 31 107 180 0
    0 124 33 255 86 158 0 122 255 246 255 0 83 16 10 49 255 7 255 33 108
    165 154 126 3 244 255 199 0 136 81 195 29 199 5 140 0 0 128 255 79
    251 255 130 203 242 255 255 5 224 0 0 151 174 255 255 78 0 80 255
    124 255 255 60 255 0 21 95 75 26 19 2 54 139 0 0 88 102 92 19 96 255
    230 46 25 206 168 153 43 8 0 89 111 100 142 255 36 189 0 121 239 31
    49 175 255 0 255 212 158 146 22 71 255 108 9 225 145 98 0 50 255 0
    187 0 255 255 0 28 0 102 0 81 138 99 150 255 255 13 77 0 255 255 195
    255 0 223 154 246 16 147 241 255 169 95 255 125 0 71 255 101 89 119
    0 255 84 0 255 0 118 192 255 255 41 0 150 0 34 255 110 0 171 0 100
    235 0 221 60 255 1 255 0 69 99 235 72 164 211 42 52 13 45 0 222 158
    232 80 40 95 26 255 95 255 91 133 255 51 0 0 0 255 33 124 15 0 190 0
    0 0 189 191 58 13 48 208 94 12 127 120 242 105 160 255 247 193 198
    222 10 0 228 255 0 2 31 235 19 0 161 255 23 181 255 255 179 99 0 149
    211 255 96 81 255 255 173 30 89 160 245 103 0 255 204 75 150 170 158
    110 178 0 0 184 255 144 244 0 161 52 53 76 134 0 0 124 126 163 16 17
    166 105 217 54 78 255 97 255 82 167 0 226 153 168 146 177 250 54 158
    239 182 33 56 39 255 213 252 48 255 0 221 170 0 254 35 240 0 0 0 0
    226 0 203 88 129 255 138 170 255 120 0 0 0 0 0 172 130 123 255 39 0
    219 255 243 96 157 224 0 57 204 99 67 0 223 85 247 210 63 91 61 255
    161 0 187 142 0 88 205 255 255 228 255 127 255 203 60 0 255 0 0 162
    207 48 0 255 254 0 255 233 255 0 36 255 0 132 36 130 255 255 255 235
    255 147 0 209 0 255 255 0 67 49 0 0 0 216 153 0 0 255 255 255 255
    124 255 109 223 214 54 71 137 204 0 180 0 11 255 142 235 0 70 35 248
    243 0 60 75 73 0 47 41 255 0 18 60 166 213 0 0 224 54 54 34 86 247
    125 0 2 255 0 132 103 75 211 0 105 0 185 255 66 49 255 0 109 255 0
    172 255 255 88 0 255 86 238 197 255 13 255 162 149 18 0 141 17 0 242
    52 255 19 213 46 221 0 217 0 198 255 35 169 83 255 69 138 0 218 110
    255 255 244 234 0 209 0 60 0 32 0 0 47 170 43 239 99 0 187 175 0 0
    255 139 31 255 255 0 42 220 184 0 0 31 19 211 11 232 130 12 23 53 0
    47 0 0 0 0 208 255 67 195 113 62 245 15 124 0 216 0 145 32 255 255
    255 255 205 105 255 255 34 120 223 87 245 150 75 44 255 119 58 214
    255 134 255 235 250 172 53 79 24 121 135 161 205 0 255 59 78 255 255
    28 99 3 255 216 228 255 117 102 177 111 83 68 255 27 233 255 24 200
    188 146 41 255 0 0 255 220 0 58 255 43 29 255 216 86 10 0 255 0 51 0
    239 0 239 95 194 220 0 0 0 21 255 255 0 217 132 172 255 0 67 255 163
    202 255 129 0 125 255 255 188 255 79 46 92 57 255 12 192 187 0 150 0
    198 255 17 1 255 81 232 0 59 0 36 255 209 255 63 255 255 57 255 255
    99 0 255 56 19 0 0 16 112 0 169 0 255 19 36 92 255 47 255 0 12 168
    255 255 255 90 104 241 255 255 0 255 0 58 169 21 16 19 56 0 13 124 0
    0 71 0 85 255 51 46 50 0 154 0 211 150 155 0 253 0 0 66 97 0 0 255
    52 94 130 0 235 174 125 43 142 235 255 200 25 101 6 68 162 164 21
    255 0 110 118 255 255 255 149 227 48 0 153 0 158 255 255 91 103 0 0
    224 128 14 191 207 255 210 241 211 61 182 23 254 211 177 255 0 255
    255 36 197 189 177 55 0 70 41 255 212 110 145 13 163 172 83 84 60
    255 163 201 140 255 0 54 165 0 183 249 0 239 159 192 191 47 255 254
    31 110 42 167 169 0 0 63 238 50 126 165 255 238 211 217 168 110 127
    98 155 255 255 0 44 255 255 237 41 67 255 106 157 158 168 0 0 0 0 93
    49 0 109 161 41 117 0 218 164 255 0 148 149 203 96 73 41 85 51 0 190
    0 60 16 74 181 255 255 255 255 74 0 143 0 206 0 36 51 255 136 230
    186 255 248 114 250 99 14 0 255 104 19 0 179 156 255 78 128 26 0 54
    240 213 255 75 229 0 110 85 46 255 255 144 255 59 251 0 0 156 95 73
    0 0 255 255 228 69 56 255 105 9 83 42 66 179 115 0 56 255 157 0 0 0
    206 231 7 0 255 0 74 77 255 252 33 255 0 88 231 233 223 10 116 0 192
    201 152 143 122 13 81 203 159 238 8 199 139 255 237 220 255 255 64
    220 209 114 189 0 255 77 21 243 154 220 166 212 79 171 255 146 12
    190 255 0 255 255 33 133 255 0 0 255 34 59 255 0 201 58 0 90 0 146
    220 1 104 61 255 246 75 2 178 20 0 248 255 172 255 194 126 50 199
    255 196 0 239 0 255 96 242 255 31 163 70 255 235 145 255 255 53 69
    154 19 255 239 193 83 106 120 84 64 145 232 255 255 120 0 225 164 57
    255 123 203 163 133 117 0 91 0 143 61 0 133 131 190 35 240 131 255
    255 37 112 0 57 18 255 206 169 0 255 198 202 0 255 137 255 255 255
    128 128 14 255 255 0 41 13 111 37 255 255 226 255 0 26 0 255 44 0
    198 236 220 182 87 0 255 0 0 53 236 171 72 0 0 0 65 255 196 0 0 1 0
    0 43 255 28 38 12 255 235 101 255 255 71 54 255 86 167 198 167 126 0
    0 2 0 230 255 84 196 125 0 100 255 170 115 255 221 79 0 200 9 85 244
    71 0 255 139 188 255 160 233 144 76 255 12 0 255 0 205 234 11 255 52
    106 62 0 38 175 104 0 225 0 147 88 167 180 0 255 155 199 0 255 255
    187 36 255 97 116 135 255 118 143 228 198 230 175 255 32 255 220 0 0
    224 0 255 0 255 0 184 115 107 111 0 214 48 0 237 74 255 207 167 121
    0 104 128 0 161 255 255 255 255 0 33 1 0 88 127 0 49 92 66 153 187
    255 36 44 0 56 169 78 86 188 82 0 0 146 204 219 0 0 235 115 0 0 117
    125 255 6 255 2 39 173 247 0 17 70 255 255 0 143 255 197 196 124 191
    254 160 40 229 20 86 255 197 52 0 156 255 194 129 255 186 0 234 0
    255 0 255 215 212 0 56 255 255 0 25 255 219 217 0 255 60 255 17 255
    255 188 255 0 35 253 0 186 255 235 243 0 54 172 255 42 0 111 246 255
    0 65 255 140 118 250 212 215 194 146 0 64 0 0 253 88 255 255 143 255
    202 0 147 0 136 50 45 26 78 138 0 0 228 187 0 194 0 0 255 0 49 255
    56 144 49 206 36 117 220 117 141 17 37 96 0 60 255 214 0 12 145 246
    0 109 255 206 0 255 9 255 205 152 255 60 237 136 112 75 6 0 161 55 0
    15 0 0 237 88 226 0 202 255 152 255 231 0 2 238 0 31 226 119 0 143
    26 3 255 146 255 107 255 255 190 0 255 255 0 0 30 0 2 0 131 48 249
    79 137 255 24 47 0 127 179 0 132 0 32 65 254 138 255 255 255 171 13
    0 232 0 255 216 255 155 103 185 68 4 255 255 188 235 13 217 132 0 97
    211 255 0 152 130 198 160 245 222 0 238 0 143 217 255 255 94 255 0
    233 255 169 28 30 197 172 211 43 73 11 210 255 152 255 255 255 255
    255 255 102 108 228 170 0 0 112 118 0 0 255 255 93 222 56 172 46 186
    0 0 0 99 135 81 68 0 255 255 255 166 118 255 32 255 134 55 57 249 49
    0 126 255 22 255 73 237 198 123 172 255 99 130 0 36 188 120 169 141
    0 0 71 209 82 0 0 209 51 255 3 0 239 128 155 38 225 238 0 251 255
    137 85 0 151 79 0 167 77 62 198 50 255 234 255 151 0 255 80 255 255
    0 146 0 165 234 30 59 142 0 14 211 186 0 161 107 255 11 233 24 32 62
    133 210 255 0 96 148 157 0 147 89 192 0 34 68 239 194 198 47 42 179
    222 255 254 0 102 0 195 223 255 245 26 127 30 255 0 0 0 63 2 255 0 0
    5 221 117 107 0 255 255 255 182 216 0 60 0 125 89 255 96 104 255 121
    0 0 0 32 230 209 176 172 153 131 255 86 22 39 255 254 211 158 212 0
    84 166 185 0 255 0 14 153 63 0 0 3 255 255 207 255 76 255 181 58 254
    140 107 255 0 54 94 255 255 0 107 106 223 65 169 60 135 0 0 255 92
    45 208 189 208 255 123 159 0 0 0 3 226 32 255 201 242 191 94 77 0
    124 241 58 0 199 114 255 111 154 255 128 43 110 128 0 255 59 85 255
    169 114 0 200 239 30 69 77 255 255 228 50 255 36 83 164 169 56 60
    255 255 135 34 32 77 0 0 192 0 191 145 0 175 255 201 80 236 255 17
    18 255 0 0 0 0 77 0 98 152 69 225 210 153 255 255 255 117 255 255 0
    168 0 0 105 127 255 40 137 67 255 255 255 18 0 146 121 131 118 26 0
    248 0 169 186 255 203 205 237 255 1 91 60 255 233 162 216 0 0 203 0
    224 114 0 0 200 239 255 10 222 255 122 141 0 255 255 255 0 255 112
    43 55 255 112 236 84 60 226 140 255 0 255 27 255 255 255 157 94 0
    135 76 167 63 78 70 138 0 179 158 0 179 131 175 255 123 0 70 75 254
    255 46 0 134 82 255 33 166 35 188 255 0 255 244 255 29 255 255 206
    47 135 189 114 175 12 85 255 0 216 56 131 24 0 0 80 125 154 184 177
    155 91 213 97 50 80 255 255 0 227 16 154 255 71 4 147 71 0 211 50
    139 28 0 255 24 247 0 255 18 130 0 255 0 179 255 0 35 232 59 134 0
    36 255 110 252 120 166 255 68 48 0 18 106 218 176 173 255 255 0 131
    255 0 28 0 75 255 150 154 255 230 171 177 134 200 248 0 119 211 124
    70 255 134 47 167 166 118 255 0 255 0 235 71 0 121 66 91 0 13 163
    226 29 92 180 0 255 210 255 130 123 177 255 120 247 188 255 0 223 0
    202 220 255 226 32 255 0 252 171 0 181 204 12 255 237 132 62 0 255
    206 0 255 194 255 218 0 78 0 229 255 17 0 218 168 103 236 255 255
    202 255 255 255 184 0 0 42 0 0 0 255 4 38 255 20 255 109 0 191 156 0
    145 139 186 255 224 75 212 192 255 35 111 158 0 255 103 189 226 0
    206 0 0 0 83 29 0 138 2 255 82 245 0 41 51 0 22 0 179 36 145 132 255
    0 112 179 239 255 255 106 255 34 181 110 0 0 191 248 255 0 255 32 93
    0 0 2 232 198 43 15 255 166 0 255 0 0 0 190 246 175 140 152 6 0 0 66
    255 224 126 0 0 163 11 158 0 0 29 157 39 91 158 189 255 0 209 154 28
    0 0 81 255 255 66 42 72 34 255 59 146 0 118 0 98 60 205 0 135 20 252
    35 244 241 157 240 245 0 166 255 96 0 0 68 63 63 240 215 255 201 139
    255 199 75 0 197 90 33 255 73 115 10 160 139 31 138 60 10 154 137
    232 14 0 240 80 188 176 0 77 179 112 177 255 163 111 246 234 255 141
    248 255 73 104 164 255 37 2 0 176 255 255 172 220 255 104 0 103 255
    244 174 63 255 0 107 0 149 255 150 160 109 125 247 132 83 255 255 9
    153 89 14 248 87 82 85 15 0 125 179 76 82 164 5 0 38 150 0 100 224 0
    0 0 255 98 3 188 15 233 224 107 255 255 190 39 79 28 118 149 145 107
    44 124 65 229 79 239 70 255 247 159 102 208 0 0 0 118 255 255 67 0
    116 0 255 255 0 230 255 200 50 172 81 0 33 131 116 255 68 219 0 150
    45 0 60 197 89 255 82 255 255 110 148 112 9 28 0 255 201 0 230 191 2
    74 0 179 225 206 16 32 0 209 67 36 241 255 0 255 136 0 0 200 0 255
    25 216 111 0 255 142 134 78 0 135 255 149 89 35 223 42 102 0 153 255
    215 157 134 133 255 152 174 0 0 76 255 77 236 61 6 158 255 0 255 134
    149 150 22 215 255 209 52 0 6 46 128 255 0 255 255 0 180 0 133 111 0
    227 255 255 10 82 97 45 238 255 2 0 195 0 183 255 244 154 250 77 26
    0 255 255 255 232 80 0 59 137 255 252 84 255 232 255 251 166 22 0
    210 0 227 0 48 255 101 207 0 255 31 0 255 0 34 27 56 153 0 126 122
    166 132 104 255 192 166 255 0 255 255 26 0 0 255 130 175 6 0 135 255
    166 55 255 0 173 255 27 126 39 247 249 8 0 62 255 74 0 168 192 20 15
    162 143 0 192 64 42 98 221 91 255 88 152 42 255 50 255 255 104 0 0
    255 0 227 255 143 0 180 7 255 255 140 185 197 29 102 80 255 39 181
    200 255 173 116 80 212 0 74 83 139 117 179 29 122 166 0 163 30 161
    255 255 186 0 0 255 43 18 255 255 0 208 232 255 255 245 255 254 149
    255 89 255 212 210 95 213 255 186 171 57 255 55 43 51 151 81 228 121
    0 255 121 223 255 0 157 250 47 194 255 255 0 9 47 215 104 90 42 102
    216 0 62 100 215 0 33 137 255 253 0 9 164 228 233 100 228 0 112 172
    34 255 128 101 213 255 6 255 255 122 255 84 0 255 157 207 255 0 14 0
    0 109 158 0 255 0 172 237 255 233 204 150 0 104 138 0 0 55 71 133 0
    50 68 3 181 107 255 88 139 210 0 255 137 31 19 229 214 255 0 255 249
    49 255 255 255 0 0 218 0 4 125 1 252 255 235 255 0 14 199 108 146
    255 36 117 97 49 255 0 231 217 98 1 0 222 151 22 255 0 245 155 18 0
    154 67 149 0 222 189 207 255 86 187 174 155 1 36 58 255 76 255 0 70
    0 95 255 106 83 0 255 0 255 255 107 254 255 255 122 0 236 251 90 160
    78 0 46 78 9 255 36 178 87 69 174 255 146 71 0 255 140 0 65 222 37
    29 97 230 255 42 255 163 74 0 211 126 246 115 255 60 37 70 0 7 209 0
    54 245 247 222 255 214 255 226 214 7 205 227 96 228 199 73 134 255
    255 0 0 0 188 168 158 255 206 176 239 174 0 95 12 235 155 174 255 81
    0 192 138 35 255 255 166 59 146 188 192 113 0 52 78 255 228 190 0 6
    120 255 225 255 255 158 0 255 154 12 59 91 158 144 0 255 188 143 163
    0 0 224 201 153 255 92 139 131 0 62 203 255 38 106 71 101 61 0 255 3
    199 3 255 52 210 204 27 255 0 76 141 252 175 167 255 211 252 214 255
    49 235 184 255 255 58 184 49 255 48 164 113 124 172 22 0 0 6 254 254
    4 255 144 39 0 255 0 212 203 127 41 255 135 227 245 46 0 31 205 176
    163 28 176 250 255 112 133 113 107 0 86 255 255 255 217 255 94 134 0
    31 0 232 106 0 255 44 255 128 229 183 9 240 255 0 234 0 0 255 255
    255 0 176 255 178 255 255 0 61 69 0 172 139 58 255 213 47 255 109
    255 249 0 255 255 0 39 11 120 0 92 255 84 255 182 200 154 237 148
    255 231 160 152 255 255 255 177 239 255 0 123 252 220 185 222 150
    245 113 0 30 2 121 144 255 38 126 90 255 228 0 255 229 169 90 202
    255 255 44 6 0 113 49 71 14 0 33 0 0 130 18 255 73 115 98 255 255 0
    255 146 0 253 81 255 91 226 24 255 65 0 0 172 255 35 104 132 140 0
    200 110 212 219 198 91 255 92 149 117 255 129 0 51 0 255 0 3 230 0
    18 240 0 255 246 207 104 56 174 0 164 248 41 0 83 120 68 150 243 87
    62 115 173 59 173 0 35 148 121 106 166 255 33 0 62 229 168 11 0 0
    109 194 255 144 158 35 0 0 165 10 34 247 57 156 1 186 81 0 255 190
    228 0 164 55 166 79 48 151 0 0 68 199 90 203 186 0 88 8 244 130 202
    255 81 255 25 214 255 0 0 0 147 245 150 28 54 255 230 7 113 247 0
    123 223 12 175 255 30 48 59 186 0 136 186 228 55 25 255 255 201 103
    255 0 22 220 0 68 86 21 255 255 0 255 168 111 153 0 13 255 255 255 0
    255 67 255 51 0 127 0 251 49 47 147 0 0 165 58 152 43 179 167 108
    244 163 142 0 128 145 255 235 0 0 255 14 138 0 150 174 74 6 213 255
    152 0 0 255 0 47 0 183 73 6 0 240 255 255 133 206 4 0 0 0 0 0 0 31 0
    255 0 0 0 255 0 11 0 3 0 79 62 195 249 22 177 99 87 249 12 18 255
    255 126 102 249 255 130 41 29 151 155 106 220 14 187 156 18 100 50
    255 143 104 36 229 255 0 0 185 89 192 255 32 202 80 63 110 0 0 6 254
    188 49 0 0 255 120 0 0 186 176 255 255 148 255 255 191 255 6 65 183
    255 147 143 68 255 122 34 253 47 4 255 35 0 82 15 0 72 0 196 0 204
    225 46 97 255 155 165 0 226 104 255 237 187 97 0 255 8 0 255 15 23 0
    20 0 116 209 13 74 175 0 89 255 38 69 237 0 255 161 167 184 155 0
    113 58 0 0 57 190 0 113 18 208 227 68 255 37 239 146 215 247 255 198
    110 179 255 199 229 128 0 0 0 63 213 62 197 49 255 214 0 254 255 101
    255 142 0 233 0 154 146 149 52 197 196 207 82 135 17 233 255 69 234
    255 243 96 142 0 210 168 192 180 255 255 0 190 202 255 0 239 0 214
    255 225 143 255 79 0 0 145 142 208 99 23 31 241 116 46 0 0 147 238
    244 156 0 62 255 0 186 255 196 45 191 255 255 89 255 0 172 214 255
    92 6 64 0 90 111 255 237 232 0 255 0 63 255 93 170 79 0 255 0 132 98
    253 0 57 0 237 221 193 0 76 243 235 0 157 9 120 151 224 255 199 0
    138 190 109 0 0 224 255 0 63 255 35 43 169 62 17 236 0 255 78 210
    205 0 173 0 39 132 172 255 130 0 212 230 49 255 102 121 255 27 238
    255 246 70 20 198 19 255 255 130 151 188 77 30 23 0 200 194 216 255
    161 255 107 8 18 162 184 0 26 111 0 116 0 255 0 96 38 98 198 135 255
    223 9 131 133 200 0 58 213 223 254 255 59 0 0 114 143 245 157 123 61
    87 0 255 255 0 255 255 0 227 255 185 154 220 0 6 89 78 142 184 0 91
    0 73 0 240 0 248 0 255 59 255 232 0 237 68 91 255 144 216 130 69 255
    0 156 255 255 225 100 121 0 255 236 190 0 46 60 104 147 255 225 233
    214 55 85 0 255 238 31 255 130 114 209 0 0 0 63 0 0 0 97 241 0 247 0
    185 245 255 0 0 255 255 0 0 255 188 49 218 74 108 255 242 217 0 161
    0 110 182 0 0 145 255 0 0 231 0 148 248 139 255 255 255 229 0 0 10 0
    110 255 0 13 210 232 117 0 0 35 233 255 0 0 227 10 0 255 107 0 136
    150 0 255 255 77 247 217 0 0 0 0 39 0 255 220 207 158 148 96 255 116
    0 108 232 252 195 255 91 158 255 40 0 87 108 255 8 0 27 255 140 113
    69 22 155 0 255 168 255 155 210 251 88 95 94 115 0 255 0 104 211 169
    47 255 33 0 0 0 0 143 144 184 0 8 0 255 0 141 19 166 134 79 145 236
    96 55 238 82 255 104 119 0 255 255 189 184 219 125 71 255 255 167 0
    146 87 206 32 255 0 192 162 5 136 163 185 161 6 204 87 157 214 208
    36 136 228 70 41 30 203 162 245 49 25 0 0 0 226 255 255 255 80 155
    226 0 60 157 28 255 31 88 60 0 55 255 0 255 8 0 255 216 0 229 7 255
    0 210 232 114 56 198 229 107 111 255 0 0 255 0 255 10 59 138 245 0
    13 133 255 167 42 0 108 137 198 49 65 52 89 0 255 12 245 0 255 0 24
    214 255 5 54 138 21 192 84 255 115 0 255 97 0 86 140 254 237 255 0
    174 0 206 0 0 203 41 0 255 210 228 146 138 234 197 252 143 255 255
    176 153 198 116 244 151 122 0 0 31 33 0 163 0 255 26 0 147 218 0 141
    200 168 36 77 217 255 82 0 0 198 75 156 0 58 252 55 0 150 148 118 54
    0 94 22 61 41 219 255 38 0 255 0 255 255 111 39 255 3 87 0 0 255 105
    132 75 255 138 228 207 0 255 0 255 255 36 255 0 233 126 88 0 124 76
    129 99 246 255 241 255 255 13 130 255 41 0 0 55 255 6 111 255 255 0
    255 248 0 46 255 198 64 12 228 255 115 123 197 110 90 100 5 71 0 94
    76 125 233 36 244 255 225 0 156 255 255 45 255 250 0 175 119 255 108
    138 151 166 248 119 106 255 0 140 25 87 183 0 179 240 203 0 255 93
    102 211 97 255 43 71 255 164 31 126 0 76 231 141 174 96 255 232 255
    39 160 17 0 14 51 110 163 210 255 243 164 7 255 255 42 52 255 255 73
    255 250 229 22 15 218 153 0 255 255 104 255 213 223 0 255 92 9 255
    50 207 77 244 73 159 120 255 0 240 194 160 25 116 255 152 0 148 126
    223 77 0 173 255 117 23 255 142 45 0 29 208 121 0 0 133 85 20 111
    255 233 255 85 255 40 62 255 36 0 6 52 224 255 115 255 255 85 241
    173 0 255 255 95 194 255 0 177 255 7 3 255 0 255 222 255 255 0 255
    207 186 226 0 105 255 123 209 105 0 255 50 113 255 0 102 197 157 172
    255 246 28 144 0 45 97 255 107 226 96 61 223 0 5 211 255 111 0 0 239
    94 110 144 255 0 133 84 25 255 255 57 70 215 252 111 205 0 255 218
    157 194 6 241 0 138 255 188 0 0 109 255 94 255 117 0 208 0 0 255 97
    206 147 34 157 159 0 117 176 210 188 120 119 43 164 0 0 255 0 26 225
    174 56 102 0 41 76 202 6 91 30 104 109 255 242 216 21 0 255 255 207
    255 255 231 74 20 0 126 255 233 10 0 70 36 0 255 45 0 155 0 241 0
    153 99 255 26 0 161 6 119 62 0 255 152 59 189 16 105 82 157 255 107
    39 126 176 236 152 122 45 179 221 255 57 0 255 0 146 0 154 255 91 23
    255 206 0 105 255 0 235 159 96 92 255 255 78 139 0 0 7 213 255 200
    62 153 0 184 52 7 218 46 24 0 198 180 20 194 0 255 0 0 126 41 0 62
    162 0 231 192 9 255 235 106 210 169 102 131 255 31 40 20 255 108 255
    93 242 255 100 211 100 255 119 227 0 0 71 232 77 0 246 50 83 158 255
    33 184 0 242 24 122 68 234 17 255 63 155 234 84 252 0 200 0 149 193
    119 255 0 255 118 162 90 102 219 162 255 43 244 0 210 24 28 48 102
    233 255 199 36 127 131 3 59 0 24 0 140 4 1 165 0 249 59 220 255 0 56
    27 35 153 199 177 111 34 160 255 16 153 71 0 0 0 153 201 255 248 20
    13 255 167 255 242 234 222 145 241 233 0 11 126 0 8 0 132 152 0 107
    255 5 0 255 0 0 0 106 255 255 218 198 0 0 173 0 235 205 207 255 158
    0 115 255 0 0 30 0 255 230 0 139 255 109 0 19 0 13 199 69 255 12 86
    255 213 177 116 171 255 255 196 255 248 0 0 230 0 112 187 121 0 208
    3 6 255 33 101 92 200 67 164 37 0 0 255 255 117 169 223 87 63 69 59
    255 219 164 17 210 0 26 135 0 255 30 9 255 147 0 0 255 21 211 58 255
    255 0 255 94 107 255 0 90 255 0 168 0 123 198 0 255 255 185 37 0 18
    130 87 215 47 255 222 0 148 0 48 9 51 206 255 248 23 0 58 95 53 0
    126 79 112 255 255 0 96 54 173 173 45 69 255 71 0 163 159 191 160
    186 227 27 141 255 255 165 0 115 134 255 255 0 23 61 255 11 114 255
    131 0 218 104 0 108 0 0 125 0 0 235 255 100 114 18 239 43 0 222 0
    159 154 255 0 0 156 255 129 0 29 0 226 255 0 16 199 61 246 255 255
    217 54 202 255 0 25 191 248 0 95 151 23 14 149 138 0 0 0 134 177 93
    255 131 100 25 220 255 103 0 255 129 255 0 23 82 187 255 87 38 255
    41 153 61 95 188 204 176 255 0 139 111 52 98 208 0 255 114 0 0 126 0
    0 255 0 91 13 143 169 116 0 78 255 204 209 255 255 162 153 255 0 0
    231 106 0 57 129 20 42 230 255 126 255 0 0 226 0 255 131 99 121 239
    90 0 85 255 255 89 159 246 15 31 198 101 255 0 0 232 199 62 90 209
    94 184 102 255 109 255 0 255 167 128 116 255 0 45 25 251 128 33 255
    25 89 211 85 241 255 0 0 196 255 0 0 0 129 171 0 0 52 37 133 0 200 0
    64 85 24 170 255 187 106 255 74 185 89 126 0 255 255 61 83 195 36
    255 255 255 247 255 255 201 180 161 0 240 0 237 255 0 157 71 255 36
    181 188 0 255 205 255 227 177 196 160 0 23 179 70 243 173 232 161 23
    0 0 81 226 229 46 228 50 0 60 98 82 138 0 255 255 255 27 179 216 0
    255 34 235 0 255 50 159 54 255 6 255 255 173 255 19 42 255 91 208 25
    0 255 0 130 194 255 240 84 255 0 190 17 191 138 0 45 197 0 12 255
    236 0 255 7 255 255 255 81 255 144 0 255 8 41 227 156 123 170 238
    240 0 243 171 123 255 255 255 255 83 78 192 143 248 4 93 17 186 255
    0 0 121 39 255 0 189 235 251 14 196 255 50 221 0 0 233 79 255 0 9 56
    163 176 255 93 67 189 124 0 112 158 117 0 0 255 36 0 70 0 117 168
    199 11 0 27 255 83 64 72 47 124 0 0 255 248 219 248 255 0 201 105
    244 174 0 255 0 164 194 146 48 0 0 211 28 237 252 255 0 170 6 243 65
    198 0 239 255 18 255 175 0 255 89 108 98 99 236 48 0 0 30 16 255 0
    177 129 167 111 200 150 143 115 0 0 73 65 0 113 150 128 73 216 101
    73 202 233 171 42 104 0 255 32 0 77 121 255 138 255 0 177 0 19 255
    208 79 100 106 98 255 247 0 255 255 229 210 255 111 90 255 127 48 0
    186 255 255 0 251 205 203 0 192 199 14 206 152 0 255 255 4 146 255
    226 72 16 255 211 255 29 102 16 17 111 33 0 226 188 13 248 157 0 228
    255 0 150 43 149 0 255 0 129 16 57 246 54 0 255 0 255 154 0 137 149
    0 47 14 255 175 31 255 130 0 8 255 21 11 139 255 251 255 255 68 192
    249 106 53 55 255 37 86 0 39 180 104 223 255 52 141 89 0 185 0 0 255
    0 255 137 0 125 255 189 255 215 255 0 255 255 166 60 120 149 200 183
    255 54 139 255 0 12 255 252 177 244 255 231 29 255 0 225 91 84 0 191
    148 215 108 35 255 0 28 177 255 53 223 139 143 255 202 69 146 170
    255 255 0 229 24 0 35 20 255 36 13 0 0 163 255 196 106 0 151 119 173
    28 31 18 195 224 240 0 0 188 255 0 71 255 255 193 255 36 28 178 185
    80 0 104 0 121 240 120 255 89 255 136 32 97 31 0 0 0 138 119 125 142
    78 210 188 255 255 2 9 129 0 77 250 167 0 0 181 116 138 55 215 70
    154 33 56 252 235 25 129 57 255 63 129 0 187 23 68 0 25 0 255 178
    160 105 0 246 0 117 23 0 196 194 255 48 255 59 160 106 72 203 0 110
    255 0 155 255 255 255 255 248 249 0 151 0 255 0 232 228 221 0 0 255
    41 255 118 245 212 255 255 0 176 98 255 0 195 86 0 2 255 39 246 55
    42 0 220 0 35 239 197 94 25 255 0 84 0 69 158 255 0 255 179 108 223
    147 56 149 129 0 75 186 255 89 114 73 247 255 3 193 44 60 248 195
    247 255 216 148 255 0 11 255 0 255 164 55 130 0 0 89 235 0 0 249 93
    0 115 0 23 65 255 104 191 16 85 49 146 255 9 29 56 78 255 73 255 36
    163 255 101 255 0 0 255 0 255 255 0 106 0 35 151 127 255 99 241 0 89
    255 88 0 0 0 255 9 0 0 201 126 38 255 84 241 116 255 45 19 255 89 0
    0 0 255 84 255 5 74 23 138 0 195 136 99 34 255 93 79 162 0 0 234 0
    153 68 0 14 131 255 217 161 255 255 152 0 48 255 162 255 0 24 200
    210 255 0 0 202 178 249 255 255 41 132 124 169 102 0 0 83 8 180 44 0
    0 218 142 225 202 178 113 57 0 62 137 211 0 0 223 0 255 164 0 255
    125 151 92 255 138 84 0 255 255 94 0 126 255 0 109 255 19 255 143
    170 33 255 255 255 240 170 82 40 255 8 0 39 0 0 67 115 0 94 0 152
    190 39 178 67 212 12 0 43 216 89 66 234 0 40 110 177 255 178 77 68
    255 66 0 142 141 231 171 114 255 131 104 207 255 139 224 206 52 0
    255 158 208 255 9 255 0 55 255 0 185 17 255 84 255 241 0 245 98 52 1
    0 53 0 217 255 88 233 156 178 90 72 253 28 255 238 147 210 0 9 240
    94 90 0 19 23 240 90 255 41 255 255 255 0 178 0 0 63 34 93 0 255 255
    196 87 0 255 206 188 255 255 255 0 152 255 255 208 72 0 99 17 151
    152 2 255 192 15 255 0 8 231 24 255 117 175 0 105 218 125 89 97 149
    240 115 226 255 65 85 221 120 98 212 50 91 14 10 62 42 29 102 215
    166 112 255 0 255 255 255 171 105 0 62 43 0 155 54 112 0 252 255 255
    178 171 0 247 0 0 255 179 35 103 27 213 107 231 8 255 255 93 159 99
    255 0 255 240 198 105 32 154 89 203 248 57 65 255 45 0 58 91 74 140
    142 206 0 0 0 255 166 237 0 87 255 223 255 72 164 71 105 4 83 62 107
    0 26 255 52 4 39 42 63 187 127 33 91 22 83 206 10 138 255 233 83 0
    166 152 146 67 19 7 93 183 103 0 0 140 255 255 9 108 255 250 135 36
    77 0 35 41 0 150 152 48 255 143 255 0 4 255 0 7 143 175 146 168 127
    20 255 227 0 16 6 120 110 0 0 221 98 0 56 191 0 0 254 246 141 175
    156 240 230 147 190 150 255 176 169 64 198 131 93 238 0 150 53 255
    77 51 158 18 143 195 212 207 45 251 219 255 255 35 255 187 0 255 225
    255 131 85 125 109 17 237 169 237 40 0 77 0 226 55 112 0 79 163 255
    0 255 68 176 253 219 240 255 255 255 203 0 61 255 0 0 247 0 49 255
    255 255 175 217 105 255 76 179 52 95 10 127 255 255 255 187 28 228
    116 255 110 41 255 255 150 45 0 233 202 27 117 227 0 177 255 0 86
    142 0 0 255 102 0 133 238 8 0 255 255 0 255 140 0 0 255 81 19 237
    255 64 229 185 86 124 203 72 53 0 195 204 255 255 20 0 12 0 44 40 0
    10 164 0 59 57 0 237 255 62 125 0 159 78 79 240 229 255 251 108 193
    239 170 0 255 8 45 46 153 246 49 47 0 188 225 156 240 247 131 167
    255 6 86 220 152 205 243 15 252 104 177 250 176 140 255 130 255 255
    75 234 255 0 72 0 179 255 153 165 0 13 246 0 0 0 255 0 255 196 81
    220 221 143 145 255 213 0 0 0 255 0 0 220 255 255 194 255 12 143 179
    0 31 0 21 73 255 112 225 139 0 0 255 170 236 78 0 48 7 32 152 142
    160 225 64 227 131 0 162 224 169 0 255 255 33 227 27 255 223 198 150
    0 142 149 11 102 42 0 86 107 207 45 51 231 161 0 183 229 231 4 82
    163 28 0 47 0 220 176 255 231 150 255 0 13 137 86 113 79 207 0 193
    130 147 255 0 185 17 0 255 85 0 44 76 17 130 176 0 255 0 76 122 110
    158 147 71 255 9 206 15 15 0 59 255 158 255 0 68 103 59 0 206 255 90
    255 155 24 0 8 255 255 255 255 161 165 3 255 255 255 0 255 255 0 116
    194 60 161 255 108 255 32 159 255 119 255 99 255 72 0 0 126 0 0 174
    0 164 0 255 177 255 0 0 105 69 255 0 19 172 0 72 0 9 0 24 0 0 84 178
    0 255 63 250 110 0 255 132 71 88 255 0 107 2 84 85 223 81 127 181
    173 0 57 0 90 19 0 0 240 221 97 0 160 0 99 154 108 255 213 231 219
    255 10 31 88 21 174 255 12 255 255 156 182 255 72 47 0 83 22 181 255
    77 196 43 229 35 79 65 11 174 166 62 109 0 255 255 217 119 255 9 203
    143 251 32 125 255 147 9 75 27 64 255 82 106 85 112 15 244 150 179
    123 155 22 234 56 61 128 67 117 180 255 255 220 8 223 152 15 255 108
    198 217 0 204 0 164 0 0 255 126 0 119 255 255 155 255 255 154 0 101
    92 211 143 12 236 123 10 8 115 123 45 32 255 0 175 41 26 40 0 255
    255 228 213 62 55 0 0 204 117 0 144 220 0 18 209 0 187 0 80 255 102
    128 48 248 171 255 255 52 0 0 225 188 129 199 209 188 214 105 92 232
    14 255 172 233 38 0 0 176 0 255 47 255 243 243 255 225 58 151 255 40
    77 254 164 215 0 0 255 147 36 255 255 0 2 0 190 63 51 38 255 152 234
    255 72 0 241 0 179 0 136 185 76 49 87 169 255 232 0 235 255 134 0
    102 146 26 0 0 131 39 19 101 255 255 197 8 255 0 255 199 255 179 255
    150 70 255 255 0 212 16 0 0 59 2 46 255 0 90 0 255 0 59 142 54 157
    43 53 255 214 130 117 0 199 200 21 255 0 72 244 255 255 255 154 255
    181 53 255 255 255 52 255 237 45 0 255 120 8 255 188 221 0 204 194
    72 138 218 255 175 76 0 224 1 44 64 86 215 0 232 217 52 22 57 124 55
    0 1 213 255 246 190 165 0 16 219 54 141 25 255 255 11 192 222 179 41
    255 132 59 250 5 116 0 134 71 65 255 131 255 224 200 255 192 96 65
    255 92 0 161 0 241 255 255 9 0 149 255 123 255 0 255 170 35 255 255
    20 0 127 5 37 162 0 255 60 230 255 255 239 88 239 255 255 204 167 10
    110 0 0 223 0 255 34 0 255 63 0 159 171 255 22 29 110 68 230 255 48
    54 255 9 0 216 137 0 9 123 0 255 255 255 247 215 39 229 213 220 104
    73 131 176 0 225 233 7 255 82 0 255 255 50 145 74 217 243 146 155
    255 166 255 158 236 223 0 0 0 0 240 173 0 42 68 255 3 44 0 2 0 255
    235 0 255 255 0 43 176 184 47 255 45 0 158 138 255 235 25 50 147 255
    243 0 131 62 252 109 16 255 101 185 88 150 25 94 131 94 19 222 5 184
    33 139 255 75 138 154 0 120 0 1 203 145 166 87 255 148 34 0 73 194
    22 239 134 255 255 183 225 53 220 255 8 213 116 0 135 101 100 36 207
    0 252 150 99 202 56 11 7 0 190 3 27 194 255 71 143 145 255 205 255 0
    213 40 0 35 223 232 14 127 132 51 255 200 0 76 191 219 96 0 255 0
    143 121 242 100 0 255 63 4 175 41 10 0 70 252 171 255 105 255 255
    255 255 6 101 15 48 10 26 255 0 255 92 253 255 76 255 159 55 0 0 255
    6 52 255 187 189 191 22 0 255 17 255 167 188 134 255 48 221 253 86 0
    0 255 76 124 255 143 0 255 230 30 239 61 255 121 124 255 255 0 223
    145 255 0 216 203 61 0 255 246 255 229 255 188 246 255 160 133 255
    21 130 109 0 177 7 205 255 255 255 186 64 0 67 255 255 255 0 11 162
    0 181 0 68 0 170 213 188 148 58 164 174 255 204 253 145 171 168 123
    250 61 0 0 254 255 43 255 119 0 99 0 174 162 194 172 255 36 0 255
    121 223 0 0 210 60 88 250 255 255 140 182 209 87 6 76 241 56 0 164
    255 147 116 221 0 184 224 0 158 255 93 85 141 237 87 210 0 202 125
    178 36 0 57 0 141 213 26 132 220 72 0 187 255 8 25 255 63 7 255 229
    79 179 162 67 223 155 255 61 117 255 64 86 255 255 0 243 255 104 175
    112 28 255 95 171 0 78 71 255 89 212 157 0 162 73 255 255 255 8 188
    7 28 84 255 43 49 248 91 0 0 100 47 0 34 0 37 119 255 163 0 222 252
    0 255 211 255 179 0 121 196 244 233 0 255 82 83 255 0 173 96 27 32
    212 0 229 0 0 187 255 215 183 65 144 111 243 160 0 255 4 0 255 89
    219 21 99 0 78 255 0 255 124 0 101 0 244 98 239 16 0 0 0 48 207 0 26
    96 0 230 0 255 255 255 10 189 255 223 0 222 255 86 57 255 255 0 230
    225 137 124 95 255 143 50 94 35 255 227 41 255 0 34 163 0 123 22 20
    0 154 255 120 188 255 0 56 0 165 7 255 183 0 255 255 87 255 163 100
    107 140 0 0 207 121 234 0 114 40 127 0 137 0 0 7 128 255 0 76 0 0 92
    107 68 28 61 76 239 186 100 47 0 255 47 255 177 129 63 255 255 69
    255 99 255 0 255 255 255 57 72 163 122 156 0 255 255 22 255 255 20
    58 0 218 0 169 255 139 135 255 202 235 252 255 38 98 69 160 255 28
    77 235 14 61 94 56 255 255 142 178 40 32 0 0 96 53 255 111 0 58 255
    140 49 255 97 0 202 255 251 230 45 255 255 50 147 254 0 51 202 0 66
    255 0 26 157 64 255 0 189 255 124 255 255 0 145 46 0 102 255 62 160
    255 15 255 80 0 234 241 0 0 0 255 64 79 116 0 255 0 62 16 180 164
    124 255 76 205 72 112 0 86 0 0 198 245 126 87 148 0 255 245 249 69 0
    255 88 138 130 60 157 0 255 171 0 177 76 254 0 86 255 13 0 42 48 147
    252 155 0 255 251 255 168 0 145 255 138 154 113 161 255 26 158 0 207
    200 50 220 255 86 186 148 224 172 160 123 255 86 170 255 82 209 70
    98 0 118 175 57 255 0 149 0 255 0 70 238 199 255 164 110 85 7 166
    255 255 123 255 255 0 77 0 11 92 0 215 0 0 195 255 21 150 0 255 160
    229 146 106 0 110 36 197 255 80 68 133 255 135 55 210 247 0 255 189
    255 255 255 255 0 255 95 0 98 204 0 176 111 77 0 202 202 127 46 224
    255 43 9 0 200 175 131 34 255 0 27 122 0 0 163 159 59 25 0 129 164 0
    255 255 237 0 0 0 212 0 132 148 228 198 255 77 144 178 0 126 0 255
    255 26 9 255 182 140 255 171 28 226 0 215 131 0 133 0 0 240 252 114
    5 168 248 143 55 2 73 255 89 0 211 0 0 225 213 254 23 0 76 255 147
    188 212 34 75 11 167 165 110 250 125 255 95 101 198 202 29 125 133
    218 229 246 96 184 213 35 0 130 255 140 0 44 0 255 0 168 166 94 0 75
    39 108 79 116 0 1 171 128 197 47 0 255 128 65 129 0 37 82 102 0 217
    81 255 107 29 255 86 37 219 164 36 0 52 149 116 255 255 27 7 31 240
    34 106 72 255 209 0 159 41 58 90 255 255 231 0 255 255 160 106 123
    209 88 0 255 53 70 255 155 121 0 255 131 162 238 255 139 76 230 255
    242 255 255 129 162 44 220 0 0 149 0 237 233 206 118 240 207 91 53
    128 0 152 213 0 65 255 206 97 254 71 255 65 0 255 15 85 0 255 41 0
    78 115 83 152 247 231 255 170 29 0 255 98 218 0 110 67 255 176 157
    103 43 63 105 68 196 173 0 255 255 62 62 255 17 44 83 237 76 0 0 0
    81 186 0 0 0 84 191 243 255 250 0 0 255 217 0 0 170 41 0 29 217 0 75
    255 48 161 255 55 205 252 90 0 0 141 72 162 121 131 198 176 0 0 255
    183 255 208 216 214 0 253 5 237 43 9 243 81 218 65 145 0 0 22 191
    122 0 126 255 0 255 169 39 61 255 0 11 26 114 0 4 255 141 242 69 255
    0 63 0 35 32 0 25 0 239 255 0 0 31 18 14 255 0 85 179 17 255 165 185
    93 0 190 255 63 255 250 37 79 94 255 255 185 128 255 173 75 112 255
    0 220 224 0 25 0 255 29 0 9 206 229 76 37 173 255 128 255 186 183 0
    125 0 33 255 4 111 0 41 0 74 255 28 16 208 176 89 255 170 0 0 95 243
    0 96 84 0 54 255 245 52 190 255 235 90 255 0 16 245 98 216 255 4 0
    255 172 64 151 255 153 183 152 244 14 208 7 156 60 108 167 31 0 248
    0 34 227 0 253 35 0 84 196 116 255 242 147 255 255 118 106 139 0 7
    141 0 255 255 101 3 255 203 0 43 84 224 142 135 122 240 243 0 0 154
    117 73 165 51 255 105 153 0 255 255 0 135 255 255 59 254 139 0 251 0
    154 38 57 255 179 22 12 248 166 172 255 187 202 24 109 99 24 225 245
    0 83 164 193 255 205 251 38 0 176 27 232 242 0 26 0 149 230 148 255
    157 221 0 100 249 255 0 121 132 18 78 11 255 91 129 200 0 255 0 120
    175 104 244 255 0 255 215 104 225 231 131 212 44 206 123 17 255 37
    198 255 0 255 54 85 33 84 255 62 57 0 15 84 255 183 196 255 123 255
    68 160 255 77 206 255 190 79 225 0 6 251 45 0 166 0 127 72 26 255
    124 255 185 156 223 117 2 207 66 95 255 137 242 64 209 131 0 0 255
    102 21 255 116 72 114 60 255 186 38 255 121 0 0 0 0 168 25 255 124
    255 37 116 96 255 111 94 249 152 100 141 250 0 209 159 0 194 239 207
    177 248 255 184 255 32 45 124 175 3 0 179 0 91 126 74 0 53 96 198
    124 95 56 70 134 8 232 0 0 0 23 0 255 31 255 209 0 48 3 223 73 204
    109 131 0 46 0 153 163 155 255 255 231 49 107 0 0 255 222 255 125
    245 0 0 202 185 255 0 255 225 198 98 79 0 0 208 46 0 99 100 255 175
    103 133 255 155 7 98 255 120 0 203 0 119 55 0 106 37 144 9 28 0 0 0
    0 255 108 25 161 61 255 255 255 234 33 85 102 156 237 255 255 214 0
    48 228 223 255 0 193 42 255 123 77 226 0 0 255 0 111 104 255 89 0 22
    215 213 15 255 228 199 160 0 255 255 0 255 9 105 174 0 252 215 0 0
    35 163 213 160 152 74 0 136 78 0 0 40 81 0 1 144 155 235 252 0 170 0
    172 33 229 122 74 39 85 255 200 113 39 0 0 255 124 255 0 254 171 132
    255 82 150 121 87 255 106 0 10 255 219 185 0 80 194 255 0 186 252 0
    255 91 0 70 66 164 255 255 25 149 158 241 0 43 103 12 124 103 251
    219 219 188 255 0 52 23 87 51 0 255 170 105 237 255 0 156 0 219 0 88
    244 191 36 0 188 42 255 85 195 79 149 0 188 12 64 0 92 0 187 255 209
    119 10 182 255 249 66 255 181 241 0 168 0 0 255 148 159 89 255 77
    205 3 244 255 0 28 255 31 122 255 0 4 102 0 255 0 21 120 255 210 157
    255 0 175 153 18 255 98 54 0 255 243 0 103 181 107 125 255 32 153
    255 145 13 113 163 255 0 38 69 2 235 137 118 138 255 152 160 127 114
    190 92 42 255 242 137 102 233 246 255 90 15 153 255 1 146 244 255
    111 253 33 14 181 255 196 198 133 253 148 15 198 0 93 217 4 95 221 0
    255 0 91 189 255 255 64 219 224 60 223 12 0 255 177 151 0 255 242
    160 131 94 255 0 255 193 255 236 242 99 255 0 0 145 255 255 0 110
    234 0 204 0 215 255 4 255 0 236 106 0 0 144 88 154 202 255 208 241
    245 4 3 255 255 255 86 0 233 0 16 14 0 255 73 0 255 181 148 27 94
    255 163 87 255 48 0 0 197 140 55 0 58 255 26 0 93 0 31 7 20 0 255
    219 2 170 56 154 255 255 73 202 161 189 255 141 44 98 194 61 15 0
    206 0 255 194 0 253 255 217 0 0 194 68 92 145 224 231 0 0 255 115 0
    0 215 184 206 158 255 0 215 194 8 255 60 199 255 79 124 3 255 208
    107 255 116 0 207 15 219 115 255 71 0 209 255 217 63 214 0 213 164
    120 0 230 255 135 21 172 176 39 27 255 22 248 255 162 63 212 188 139
    160 0 249 0 0 255 241 0 255 0 255 63 5 199 69 227 0 0 95 159 115 19
    255 71 0 48 236 0 84 208 255 137 198 72 104 223 70 0 176 104 255 127
    19 255 40 34 71 122 113 79 163 204 192 255 255 179 255 0 208 56 255
    124 0 0 255 0 255 143 46 255 255 236 255 0 253 28 116 14 16 234 53 0
    246 255 91 136 94 0 77 83 255 17 39 98 211 121 168 255 0 0 236 255 0
    186 229 0 45 104 29 130 175 33 200 244 67 0 0 170 95 255 0 0 0 255
    24 240 255 219 255 255 120 0 255 0 139 255 169 194 254 238 91 15 55
    255 92 206 255 255 255 247 255 227 176 255 253 255 90 124 255 250
    204 0 255 86 255 0 79 0 0 0 25 255 222 129 0 0 0 44 255 95 187 60
    179 15 126 126 47 0 230 178 0 120 94 0 78 255 92 190 255 206 0 97 0
    255 0 107 207 91 235 195 93 43 0 255 93 154 141 255 41 53 97 255 255
    50 255 190 0 190 0 0 135 255 21 209 78 239 238 83 0 0 192 205 191 9
    58 65 230 77 255 231 8 60 50 230 0 185 219 97 66 195 197 0 147 25 0
    255 0 0 255 189 144 138 84 255 0 0 205 226 255 111 212 34 178 255 0
    206 241 0 224 156 255 0 214 0 149 230 0 0 200 255 126 182 0 184 1 32
    69 143 171 6 0 193 255 93 0 0 178 163 255 130 95 99 81 103 115 255
    164 169 210 12 0 0 255 255 255 50 255 114 231 255 220 255 255 99 162
    136 192 5 89 0 0 255 11 114 173 225 162 255 6 54 255 0 94 0 246 0
    159 255 255 255 184 255 218 0 202 243 227 255 2 139 0 216 138 165
    149 0 87 21 171 3 90 29 0 255 0 0 254 117 255 213 0 249 0 100 255 27
    89 132 0 75 174 0 100 167 0 111 255 0 32 0 249 3 99 138 0 73 136 0
    255 2 22 5 26 71 70 12 124 236 255 73 163 248 35 0 99 0 70 255 0 178
    148 30 141 97 12 189 173 255 152 255 220 251 145 208 248 120 14 7 75
    45 178 251 113 243 0 243 15 183 142 9 255 228 78 255 157 0 163 146
    208 141 255 243 233 123 90 54 27 4 137 255 0 2 63 0 223 6 0 157 37 0
    76 18 255 255 255 238 220 148 7 204 224 201 194 255 75 85 211 254
    141 23 0 217 21 27 8 0 0 0 62 97 213 0 87 157 120 0 14 255 106 88
    172 48 161 0 0 255 33 62 191 253 0 11 112 88 222 255 133 113 255 95
    19 0 255 231 255 0 255 255 118 0 147 249 139 110 108 162 60 235 206
    48 65 63 84 255 0 42 255 154 0 207 6 59 26 124 0 255 255 11 255 255
    246 126 255 23 255 18 0 231 0 134 139 96 0 118 169 84 159 255 228 58
    255 67 255 0 146 0 255 255 0 199 255 133 111 91 242 14 255 0 0 113
    107 164 33 136 212 47 162 121 0 0 115 255 83 116 68 0 105 255 61 68
    255 0 255 0 131 0 85 255 0 255 1 0 197 0 255 45 100 85 255 7 148 113
    36 109 216 255 168 178 0 0 37 149 232 168 254 123 255 0 0 77 182 255
    141 167 244 255 0 248 255 0 86 229 231 64 79 181 84 0 143 247 242 18
    98 255 0 255 255 255 158 63 159 237 136 126 0 33 137 255 0 73 68 255
    48 194 83 157 247 255 29 40 255 40 67 113 214 0 0 93 99 158 253 0
    175 0 144 255 227 189 145 181 41 190 255 255 135 255 255 211 233 0
    193 7 191 174 0 175 65 212 72 0 133 232 164 153 254 0 175 0 227 133
    0 0 109 21 192 127 199 81 41 100 255 255 77 151 255 219 189 87 214
    95 0 36 95 155 232 0 191 255 240 145 195 76 0 90 92 137 255 255 67
    255 255 86 17 0 255 0 188 159 0 159 38 115 140 255 246 218 80 94 0
    203 0 255 255 75 255 147 255 107 108 255 0 204 255 87 0 255 200 0
    179 255 0 99 152 255 240 84 228 255 236 81 67 255 255 255 232 24 254
    0 0 255 0 0 255 203 0 85 255 74 32 141 0 130 0 38 207 93 0 255 171 2
    91 19 177 109 255 255 125 255 236 51 84 214 255 154 77 73 212 7 255
    255 68 113 255 255 7 151 255 0 255 93 0 229 114 255 219 112 255 255
    246 0 223 28 215 246 48 255 0 0 255 0 77 0 255 52 0 170 17 0 34 236
    255 0 242 88 160 0 255 255 250 237 39 0 184 29 0 128 18 96 246 9 183
    255 85 150 29 200 222 178 255 226 234 105 169 0 84 255 0 255 255 75
    255 74 115 255 149 171 72 238 255 121 94 255 17 255 170 36 166 0 68
    0 131 185 114 148 145 0 37 201 255 204 236 123 0 81 189 0 122 255 72
    91 255 210 224 93 243 23 67 61 7 181 255 61 220 0 114 166 0 0 255 0
    238 0 103 166 0 255 255 11 192 0 255 0 140 131 111 255 0 0 52 91 117
    223 255 0 255 126 0 255 104 1 194 251 93 102 255 255 175 142 250 114
    207 79 0 0 0 219 49 228 176 255 255 86 195 255 100 203 0 2 255 43
    255 0 231 159 210 190 249 65 0 93 255 70 0 231 174 242 250 194 255 0
    255 168 169 0 106 15 255 198 0 0 196 237 142 15 69 0 96 0 45 84 0
    100 0 226 189 41 248 0 199 108 120 131 22 240 208 0 188 63 143 133
    10 96 0 105 243 181 16 255 194 22 255 239 192 156 26 53 220 64 187
    63 237 255 0 255 0 30 255 181 255 0 200 133 255 255 0 65 227 217 0 0
    148 255 34 62 33 38 22 212 236 50 0 254 255 58 255 21 255 127 79 255
    233 0 3 103 5 141 45 43 0 0 179 157 255 97 195 247 162 0 255 255 255
    75 230 45 113 255 255 255 158 255 3 31 24 255 17 249 114 181 255 81
    40 255 0 94 16 106 0 51 180 0 255 97 0 142 100 251 202 255 219 94
    182 222 136 255 0 157 0 231 205 202 61 96 0 0 255 251 13 0 84 90 248
    159 207 255 255 31 255 9 4 255 172 115 255 177 105 255 81 94 143 0
    210 255 18 255 171 151 60 0 187 255 216 95 205 54 255 255 255 200 0
    255 47 0 255 0 209 253 125 49 235 18 30 226 101 0 127 91 202 17 255
    0 255 51 255 197 200 247 0 76 0 255 77 73 185 0 13 116 128 10 43 75
    163 255 86 255 167 13 255 104 32 209 55 204 0 30 70 180 0 255 81 105
    0 226 0 255 0 160 130 255 0 217 0 122 255 255 84 208 117 0 201 255 0
    232 0 194 201 0 110 255 90 214 0 216 237 0 139 170 114 220 157 254
    184 133 18 185 12 33 143 255 199 255 129 255 13 14 255 42 116 65 67
    255 203 62 0 255 38 255 215 5 224 255 4 43 0 222 81 38 0 114 155 126
    0 255 184 171 147 244 239 171 82 229 255 29 0 227 140 47 223 0 49
    216 41 54 245 0 67 159 35 0 0 203 255 189 127 114 93 88 88 40 126
    111 243 0 30 104 68 255 255 255 237 50 0 156 86 86 142 240 113 255
    243 0 0 0 4 0 0 255 0 27 240 112 144 255 0 0 221 255 64 255 223 234
    0 0 230 0 56 147 117 62 0 255 166 255 158 51 89 255 219 255 145 7
    174 73 232 0 0 231 35 255 122 119 137 134 147 81 31 255 24 4 223 20
    190 255 0 99 255 16 148 0 0 56 49 255 0 119 255 0 255 255 0 177 0
    101 0 125 0 0 230 210 245 52 245 0 125 54 41 31 163 189 4 91 48 184
    255 255 192 218 224 0 120 0 0 36 0 135 163 61 94 210 81 133 72 0 107
    19 139 0 103 196 255 36 123 158 255 30 235 196 190 255 221 142 255
    76 22 243 0 0 176 159 210 138 140 89 213 143 255 255 255 0 237 26 0
    230 0 0 74 223 170 255 252 208 0 140 252 0 117 177 156 255 59 75 0
    255 255 255 46 245 37 255 29 226 114 211 27 191 255 196 0 194 229
    233 0 0 205 255 255 255 121 183 4 177 163 22 138 255 0 255 0 0 255
    49 93 124 255 124 190 174 5 59 0 183 114 57 249 237 255 197 0 170
    220 0 110 160 255 255 255 58 27 0 247 7 90 62 255 0 255 173 41 185 0
    11 0 188 145 93 195 255 255 222 83 255 188 0 70 63 196 31 217 0 255
    209 162 28 151 226 212 0 183 245 35 86 203 20 255 212 3 0 255 255
    255 122 144 211 0 34 67 209 36 255 189 0 0 31 152 23 232 0 99 0 0 28
    26 20 132 27 87 255 196 60 0 49 58 0 213 210 164 47 186 0 0 35 0 173
    148 255 180 0 255 91 158 249 145 0 158 18 255 55 223 255 80 168 92
    255 255 255 255 63 236 160 52 239 191 252 73 255 236 149 0 20 255
    143 255 210 0 180 75 255 213 0 21 145 236 231 116 252 186 0 142 137
    255 85 97 146 63 128 255 0 255 231 15 0 249 187 226 70 178 225 54 0
    182 30 206 255 0 115 12 255 255 176 229 255 255 0 0 57 0 24 0 165 76
    174 221 255 60 115 72 137 255 217 184 163 202 10 179 0 134 134 252 0
    119 39 255 75 0 0 75 45 255 0 255 210 246 0 0 21 255 255 66 0 118
    255 255 92 217 255 110 204 255 98 51 32 0 0 0 0 146 55 248 216 0 255
    188 255 253 255 131 148 230 0 103 48 75 136 89 63 0 255 69 80 101 38
    78 93 255 233 0 207 255 0 81 0 122 49 0 235 149 104 23 10 10 249 151
    0 0 171 255 0 168 185 236 229 255 152 0 29 8 87 157 255 177 250 1 48
    161 155 255 202 170 0 255 158 252 190 123 159 179 0 229 12 0 0 194
    210 91 122 168 204 227 18 229 173 255 214 252 95 15 248 156 0 118
    183 189 245 41 128 217 227 241 204 103 255 255 0 25 215 42 0 0 255
    249 134 149 112 0 88 123 75 134 194 17 210 140 120 0 224 255 185 10
    13 89 255 74 1 255 243 255 255 0 255 136 0 204 255 255 52 217 255
    130 0 189 237 49 0 23 108 119 156 199 180 138 255 58 57 0 0 102 255
    64 30 101 180 160 139 21 174 0 45 255 76 0 0 22 255 128 255 255 53
    255 138 0 208 154 0 255 69 22 255 36 255 255 83 182 255 56 255 0 255
    43 66 255 177 150 0 255 25 0 19 0 255 255 60 111 0 9 0 161 0 0 46
    255 55 155 150 23 109 90 39 210 214 78 108 255 109 255 0 199 126 89
    61 0 149 22 82 47 93 221 0 206 92 93 0 60 124 255 39 0 70 228 255
    120 63 171 24 192 255 0 207 58 34 167 0 158 0 0 105 250 0 86 148 255
    236 255 253 9 119 203 116 255 255 0 0 44 255 52 34 255 100 0 106 255
    92 135 244 255 255 152 255 1 57 0 55 49 0 255 246 123 0 79 45 8 204
    35 104 255 0 229 80 52 171 41 255 255 57 89 80 29 0 137 255 109 255
    255 255 0 5 0 140 0 0 156 0 140 145 62 93 255 0 108 12 123 168 4 205
    0 255 255 72 220 0 79 251 171 0 0 0 179 121 255 187 255 154 140 159
    0 49 242 0 0 31 135 95 152 130 0 224 0 170 125 0 144 123 0 0 69 232
    44 255 245 0 144 80 0 255 255 255 140 0 36 34 0 28 199 124 42 255 0
    0 139 255 209 255 100 119 76 65 126 108 0 14 131 0 125 73 135 0 253
    255 124 254 102 223 0 79 9 143 0 0 0 0 0 25 39 221 255 0 52 250 255
    90 18 164 15 196 69 247 29 0 255 225 249 42 0 212 13 31 118 118 0 0
    204 161 0 228 255 0 105 26 255 61 123 255 255 205 255 255 255 79 0 0
    255 152 53 0 95 255 7 170 255 0 154 0 10 0 42 40 92 168 98 143 255 8
    255 255 205 68 255 255 10 219 0 132 62 156 250 250 203 0 48 170 0
    153 8 0 6 255 22 122 20 255 0 255 102 0 255 90 54 121 150 183 255 0
    148 0 32 134 115 20 128 0 16 255 153 255 241 255 24 81 255 142 241
    147 190 210 197 166 255 0 102 0 255 104 208 255 47 255 178 102 72 0
    66 182 254 247 251 104 253 0 0 34 74 0 255 139 232 16 255 166 134
    255 187 67 138 25 184 167 255 214 196 239 0 182 190 111 173 0 209 88
    255 76 239 15 255 7 131 0 251 185 255 241 93 255 54 124 80 159 255 0
    73 109 37 55 58 252 190 0 224 0 214 122 255 0 163 82 0 13 64 255 98
    0 255 40 0 178 112 81 0 255 97 248 71 222 119 255 255 255 255 50 255
    34 63 137 255 0 255 255 0 52 106 16 237 44 0 0 140 237 0 0 228 191
    48 43 255 0 46 162 62 67 255 255 59 255 29 69 0 128 255 227 255 7
    183 244 0 0 101 137 255 0 22 255 102 212 184 164 0 139 57 29 0 0 52
    255 255 73 76 1 0 117 101 255 145 255 0 255 69 247 80 0 68 116 20 21
    15 169 234 255 0 201 108 0 39 112 255 255 22 228 84 242 0 0 44 229
    84 197 45 255 219 28 255 178 248 157 255 56 168 25 255 172 0 0 97 0
    109 204 0 255 167 255 0 0 27 186 255 0 58 57 212 146 113 0 0 34 138
    0 0 70 0 171 151 44 109 0 255 155 78 38 255 155 194 120 50 255 205
    205 255 212 255 247 23 248 0 76 20 255 0 58 59 255 0 148 255 199 255
    29 118 115 77 33 255 0 14 226 10 255 66 0 253 95 0 255 231 255 255
    255 66 138 41 193 82 242 133 255 0 223 161 75 71 237 255 165 49 0
    147 7 84 74 155 78 0 157 255 154 154 255 193 255 83 164 64 58 0 0 90
    144 0 125 255 91 142 255 181 145 135 118 0 255 255 0 0 255 0 110 102
    143 100 148 255 255 225 54 0 255 216 13 23 21 255 123 117 255 127
    140 0 185 110 4 255 234 179 5 255 112 156 84 80 255 165 247 255 148
    3 254 154 255 154 157 255 255 0 5 255 255 41 48 255 171 230 95 2 78
    32 0 174 0 16 146 124 255 129 44 0 0 192 255 0 171 255 0 93 0 0 41
    255 152 0 205 255 255 255 59 86 255 120 255 18 0 17 93 255 255 134
    54 255 72 69 0 163 0 121 200 255 0 111 0 80 13 81 255 0 61 0 140 42
    49 230 109 125 76 35 161 14 255 0 255 160 35 116 255 0 42 135 106 51
    118 217 0 106 0 0 185 122 0 59 255 179 255 50 0 8 36 42 218 111 201
    20 181 67 20 163 7 183 69 0 160 0 160 255 0 53 0 0 255 233 78 0 69
    71 255 193 141 0 114 223 255 11 134 255 160 87 43 192 0 255 171 145
    39 94 0 255 198 104 97 176 51 126 116 255 179 0 255 163 255 255 0
    206 0 48 133 0 0 148 233 33 255 255 0 135 154 186 75 255 95 255 194
    225 215 214 38 171 158 178 36 255 123 79 186 21 228 227 63 255 255
    36 18 255 192 0 145 97 0 0 0 227 207 0 255 0 52 0 9 255 16 234 110
    28 144 52 13 6 92 255 0 23 255 35 206 136 65 255 0 186 19 115 38 255
    200 109 162 130 0 139 91 129 255 146 102 255 129 255 43 0 255 78 72
    223 7 85 255 78 62 107 0 173 118 0 0 0 129 255 45 255 196 255 196
    255 0 126 0 3 255 255 132 0 59 64 0 20 189 72 224 115 255 124 255
    193 138 164 255 165 110 255 112 86 233 0 255 0 123 126 174 0 134 171
    48 108 255 255 245 102 96 255 215 0 255 241 140 104 179 87 6 146 156
    255 108 22 255 130 0 96 0 0 83 0 241 144 144 45 158 6 0 0 0 115 255
    104 0 255 189 0 34 16 0 0 255 0 0 214 135 223 81 193 225 111 255 0
    255 59 143 16 161 54 82 183 255 138 0 0 0 0 255 0 19 57 252 0 18 104
    255 187 255 31 207 95 255 244 18 74 101 219 155 77 0 0 117 0 167 255
    0 244 0 194 238 106 0 0 203 0 0 241 255 13 243 0 0 0 200 90 48 255
    255 121 0 255 208 0 81 116 0 255 255 0 162 255 0 105 0 255 125 108
    171 255 124 0 0 0 106 199 74 192 11 0 146 63 0 249 217 160 230 255
    38 67 172 0 88 255 24 214 66 0 255 255 0 0 255 151 0 136 179 255 149
    178 0 245 57 86 151 131 58 0 255 130 11 37 0 231 209 200 220 223 253
    189 255 152 10 255 181 96 32 255 0 255 242 255 247 255 109 38 174 0
    101 0 255 91 255 173 235 125 255 255 255 255 25 255 56 0 0 0 70 51 0
    93 208 240 21 58 245 7 108 131 0 255 242 0 99 161 0 38 138 222 255
    255 0 245 168 0 32 18 0 129 0 175 207 1 53 91 84 255 159 96 234 0 98
    255 84 211 89 24 164 226 45 163 131 255 0 17 183 0 255 7 0 155 140
    55 255 0 86 39 0 84 83 0 11 167 174 0 255 0 216 250 4 2 88 178 0 205
    255 35 0 70 218 251 211 0 0 0 193 0 255 20 255 16 222 218 34 255 255
    217 170 111 22 49 187 207 136 180 145 0 67 93 187 0 99 192 154 85
    255 255 60 17 248 85 0 212 113 33 150 0 255 183 255 77 0 255 0 7 123
    160 0 255 238 255 203 10 242 255 166 0 172 0 255 82 255 0 223 255
    171 52 255 1 36 24 255 192 199 38 15 255 6 35 63 70 134 224 0 0 49
    49 0 142 150 232 255 255 129 165 0 255 0 229 121 221 0 121 255 80
    171 89 205 56 255 220 160 0 0 32 212 255 0 82 218 170 255 89 255 69
    205 0 255 5 153 0 221 74 92 127 162 223 118 0 121 156 190 0 226 16 0
    0 237 235 102 255 0 4 218 243 162 255 171 132 182 79 41 255 255 255
    6 63 103 240 56 251 0 237 156 133 180 0 182 0 0 99 0 0 48 219 83 122
    125 97 255 43 89 113 0 0 61 38 128 168 0 241 79 170 174 255 195 51
    173 106 135 245 223 0 108 151 60 255 93 0 90 191 212 106 0 228 85
    116 78 153 255 255 255 255 0 255 255 207 0 63 0 114 0 188 0 0 205
    251 37 255 226 0 255 140 0 250 140 221 53 255 255 109 40 143 255 149
    185 252 0 172 5 183 151 133 0 0 255 179 110 112 177 255 182 0 255 31
    137 30 255 0 191 83 0 215 255 207 221 255 38 255 0 255 250 25 75 173
    203 56 255 105 246 149 58 141 0 0 56 119 255 0 255 255 201 199 255
    81 186 255 178 255 241 0 168 0 129 87 40 255 0 39 0 0 0 0 255 255
    131 255 174 168 131 40 0 246 188 78 255 79 12 166 76 87 3 255 245
    114 128 255 255 0 175 255 84 255 0 0 195 235 151 255 181 255 86 195
    243 172 77 53 0 255 9 146 244 234 0 0 202 209 0 118 255 155 0 0 228
    123 0 192 3 104 253 0 91 73 255 232 79 26 212 233 255 12 255 255 215
    155 217 0 62 107 0 35 36 97 101 79 0 255 240 255 0 0 0 116 113 107
    111 0 46 209 32 54 126 146 53 35 255 134 0 0 146 138 57 125 33 211 0
    0 31 159 255 255 0 79 107 193 13 154 0 183 255 255 0 0 152 113 160
    138 222 116 96 111 41 10 0 0 125 0 15 96 255 74 0 7 50 109 239 13 85
    198 0 254 66 0 255 255 168 184 255 155 72 255 62 133 0 248 255 42 76
    151 30 104 111 159 172 169 244 191 161 119 255 0 228 0 255 5 145 255
    24 191 182 254 151 228 253 229 255 0 232 0 0 0 0 6 27 74 123 98 195
    255 255 39 98 95 255 0 255 144 37 43 255 18 0 135 237 0 0 0 0 164
    153 186 45 0 255 87 0 216 255 14 0 192 243 84 105 129 255 231 0 80
    255 16 186 175 123 0 138 255 255 190 34 41 255 46 180 128 43 229 82
    54 0 244 5 82 208 222 125 0 255 159 70 0 0 255 255 0 189 17 0 22 195
    243 255 41 255 132 64 255 175 0 199 255 67 255 77 6 193 148 42 199 9
    56 40 53 207 164 68 40 245 216 27 0 255 194 0 185 100 36 62 224 255
    0 242 150 200 255 130 247 0 76 130 255 255 236 9 248 253 209 49 251
    55 39 255 255 22 233 97 209 119 202 0 255 0 124 0 132 234 17 137 255
    255 0 0 255 224 172 255 231 13 52 19 117 24 209 255 0 255 74 0 207 0
    28 0 149 74 200 100 0 0 168 255 255 172 86 111 243 217 0 255 28 209
    122 156 30 185 0 255 247 255 0 3 0 227 0 206 0 169 0 16 148 51 134
    255 149 134 99 218 33 209 0 35 89 95 45 255 173 0 255 255 231 77 0
    98 148 77 248 13 66 49 255 255 26 0 116 123 229 28 163 224 255 214
    183 255 60 111 181 255 114 199 153 192 100 20 0 46 255 255 172 0 109
    146 46 131 180 0 7 0 251 39 194 251 251 168 0 255 255 0 0 73 176 222
    0 137 108 0 255 71 255 183 237 177 149 86 38 94 241 43 0 228 197 255
    13 76 255 0 168 153 255 0 81 69 241 0 0 31 110 0 200 255 197 111 211
    190 9 80 182 229 91 34 36 255 8 141 110 255 255 134 235 134 219 248
    143 255 0 37 0 255 120 55 198 0 255 155 199 0 255 25 43 255 255 0 22
    0 255 255 0 222 77 1 255 70 30 131 0 35 255 119 0 107 51 130 0 0 255
    255 0 138 255 116 18 0 255 211 63 0 91 59 0 198 246 165 0 54 195 0
    255 255 22 21 163 222 202 0 211 92 65 255 0 34 188 108 160 0 129 192
    87 255 255 10 129 255 0 228 0 0 196 109 110 255 194 135 25 64 255 17
    96 70 34 100 0 255 68 0 145 193 83 126 255 255 0 140 255 173 242 178
    255 90 135 220 0 255 132 149 4 0 255 107 183 0 0 0 252 0 40 255 22
    255 242 72 255 66 255 255 142 255 127 255 0 188 246 64 184 0 175 0
    118 131 199 89 119 0 16 97 255 191 255 47 30 50 0 0 31 255 253 0 206
    121 221 55 0 137 255 255 120 255 216 198 255 193 81 105 113 0 46 27
    200 233 0 255 153 18 9 148 251 0 3 73 127 0 0 255 204 160 38 143 255
    0 216 182 16 209 82 65 0 70 52 18 0 223 255 255 255 255 193 3 0 129
    110 0 0 187 217 3 38 62 53 0 240 109 175 69 8 57 204 194 166 37 70
    223 163 168 162 255 255 247 255 136 120 0 50 135 255 206 255 223 245
    0 121 22 54 0 255 132 206 251 0 101 140 109 50 255 148 255 173 42
    169 134 210 255 255 209 255 0 0 255 122 41 129 145 74 0 45 205 232
    151 0 255 0 255 131 100 147 33 0 20 42 0 5 17 0 81 255 230 0 0 163
    245 68 96 6 0 108 0 255 219 194 52 255 255 253 255 25 168 108 0 211
    255 77 255 255 255 255 0 255 246 29 0 255 131 0 0 0 75 33 213 190
    193 255 109 0 255 92 87 255 0 174 121 163 96 0 255 0 110 255 155 231
    130 163 2 255 174 255 236 76 151 92 230 44 0 52 9 168 111 5 153 68
    255 190 255 21 0 145 250 86 151 0 48 19 177 141 241 177 116 0 255
    255 52 119 97 0 81 195 30 255 166 7 236 255 0 0 63 0 0 218 167 0 238
    242 8 116 81 93 246 255 31 255 196 0 127 0 119 255 231 0 0 255 255
    205 143 25 89 23 46 248 36 255 140 174 48 255 160 73 242 255 0 255
    181 196 0 87 146 59 255 167 255 0 223 0 40 184 78 140 218 255 81 135
    255 23 255 0 35 255 0 196 229 0 0 49 245 43 110 255 255 218 35 255 0
    255 255 104 138 255 174 185 174 60 255 227 190 240 0 0 185 240 0 67
    109 126 95 232 128 0 121 255 192 49 181 255 247 0 253 104 171 218
    255 52 0 144 0 187 210 5 0 255 255 83 112 255 239 63 0 170 255 247
    255 232 23 72 2 100 255 255 255 0 59 90 117 156 0 64 255 0 132 255
    118 0 158 255 235 251 170 179 182 123 255 181 247 169 216 126 202 0
    192 125 66 147 223 255 159 0 169 216 0 65 255 255 193 0 4 51 253 255
    255 237 255 150 188 0 1 37 248 243 75 142 64 218 146 0 172 126 115
    15 0 173 115 91 0 255 0 0 79 0 98 38 0 89 255 0 183 36 249 255 235
    96 40 152 0 88 255 126 15 69 160 0 240 249 227 122 120 55 202 10 229
    15 255 222 25 213 25 210 255 92 115 158 57 129 155 161 255 67 255 5
    0 255 3 255 201 81 8 76 0 36 191 30 210 139 245 231 255 220 0 0 212
    159 0 0 128 198 8 69 154 245 255 102 255 255 93 95 255 109 253 255
    103 255 255 207 81 255 95 74 255 0 255 14 255 0 81 131 0 49 113 27
    186 255 220 228 0 255 255 58 0 0 198 255 255 0 255 186 255 255 75
    232 255 251 156 150 100 0 225 255 37 140 44 255 48 172 225 47 242
    102 255 83 182 130 8 114 255 0 46 167 220 181 0 198 241 7 50 219 240
    233 103 255 0 0 255 0 73 212 178 78 177 255 213 0 0 255 0 59 69 0 0
    0 76 0 255 10 255 71 249 255 0 0 32 175 114 50 239 0 0 178 0 255 192
    90 170 183 155 116 0 246 167 101 139 112 18 92 0 255 165 156 167 255
    191 185 255 0 249 0 37 107 226 238 193 26 216 255 255 255 0 255 255
    18 78 0 0 185 108 0 27 58 145 209 228 245 255 182 255 34 184 0 98 96
    0 196 0 0 41 215 43 133 172 122 148 255 107 116 56 40 157 76 0 0 41
    255 44 255 0 203 0 0 192 162 188 178 14 28 216 255 25 43 104 0 101
    249 0 255 151 0 158 65 216 82 212 181 190 38 0 109 118 0 0 141 48
    195 0 255 255 116 255 255 36 90 78 72 108 92 147 65 72 198 240 88
    230 159 14 0 0 0 165 157 35 117 48 239 22 152 0 41 176 54 130 74 33
    125 0 0 0 205 255 2 219 254 255 169 231 4 0 215 171 0 12 255 46 67
    163 35 161 0 213 0 175 2 255 0 255 150 10 157 159 255 0 0 134 109
    158 181 29 31 48 142 255 191 255 173 191 251 8 224 90 104 0 255 210
    125 0 239 255 68 66 255 88 119 108 255 255 0 12 255 0 38 82 183 255
    158 50 255 255 110 251 0 190 253 66 0 255 233 0 219 166 215 0 117
    166 197 12 10 0 245 105 0 255 255 196 16 255 182 195 124 189 195 207
    255 241 137 194 255 247 0 95 0 108 255 0 82 255 255 14 0 88 246 248
    127 255 53 39 67 163 0 197 250 188 182 255 255 0 0 105 0 68 255 0 0
    255 255 185 0 148 30 190 255 48 0 76 20 6 118 229 255 0 0 255 19 1
    135 202 0 0 226 0 190 88 221 177 172 255 241 28 253 214 191 53 237
    124 79 218 255 57 0 255 119 255 224 157 255 182 0 66 255 89 255 255
    63 253 227 255 33 255 170 217 248 0 67 89 0 141 0 0 0 255 204 154
    117 255 0 0 255 0 0 253 0 144 0 45 21 255 103 0 28 255 157 156 53
    173 96 41 255 0 168 110 168 0 120 255 255 39 39 2 77 221 57 166 63 0
    72 8 27 188 58 29 176 60 179 18 255 219 255 103 188 228 0 255 255 89
    35 207 161 72 28 183 31 157 105 0 159 0 171 43 0 0 108 46 199 157
    201 0 166 27 174 0 0 107 97 255 86 131 255 0 255 28 189 15 34 255
    255 49 146 106 255 83 178 44 143 0 255 255 24 187 119 0 255 224 59
    76 255 174 255 57 223 98 111 84 240 255 255 75 227 36 236 138 0 0
    175 156 216 255 216 0 186 113 181 5 237 60 123 252 0 210 74 8 0 10
    255 94 252 174 255 22 0 250 93 0 68 0 222 46 248 207 0 255 25 255
    222 0 0 231 153 249 38 0 55 241 219 241 98 213 255 61 255 0 164 144
    66 59 3 199 52 0 252 14 255 0 255 32 255 0 246 0 228 0 0 12 90 234
    73 182 177 212 250 236 0 149 214 0 144 150 225 190 91 241 48 0 255
    70 134 10 255 185 0 205 0 255 76 33 98 86 255 51 179 36 181 55 142
    149 169 47 255 255 220 21 255 51 245 215 215 36 255 255 255 255 107
    221 87 246 43 254 255 0 162 221 255 48 0 255 255 153 198 131 255 0
    171 50 236 48 237 255 16 179 255 26 134 0 255 0 15 240 130 12 13 81
    81 200 246 255 0 73 121 255 143 0 230 255 67 35 224 0 97 255 255 255
    0 35 255 255 228 174 0 7 148 0 0 200 107 4 0 57 143 87 44 0 77 255
    159 166 98 26 0 255 239 81 224 0 125 0 0 62 166 76 76 85 255 74 98 0
    129 23 72 123 93 210 132 0 169 255 107 128 0 255 255 0 179 110 0 0
    162 254 0 168 92 31 97 165 0 38 0 0 84 0 233 121 36 202 152 175 255
    154 0 178 0 198 47 18 119 139 29 54 255 0 229 0 28 120 49 48 213 166
    29 255 0 23 101 199 0 243 173 255 186 0 255 0 255 0 0 10 65 208 180
    255 0 140 97 40 0 12 179 9 193 245 192 0 146 226 0 121 255 68 167
    255 170 167 0 225 30 44 166 30 160 0 0 255 241 93 0 164 0 255 43 0
    255 196 179 0 192 255 15 255 57 11 213 0 186 0 238 255 129 173 255 0
    133 57 86 255 184 0 77 0 231 77 1 255 253 89 47 255 7 9 0 0 10 53 0
    52 145 100 80 255 12 255 134 171 255 2 255 255 92 71 0 233 224 233
    181 189 94 97 0 133 236 0 209 208 157 217 125 255 66 97 255 67 0 94
    140 251 0 175 255 216 159 0 33 95 0 255 191 127 143 50 255 139 255
    171 255 98 255 0 0 182 188 107 255 255 213 250 194 255 73 145 255
    255 142 195 0 0 33 87 206 9 255 22 0 0 210 129 188 0 140 146 0 235 0
    0 56 0 14 20 123 76 0 0 135 255 255 115 0 4 53 255 15 178 6 29 0 179
    0 201 176 36 222 119 59 255 77 255 255 98 252 231 224 48 175 191 99
    175 188 186 0 255 190 182 255 255 103 255 255 210 0 0 240 0 0 173
    255 245 0 85 0 0 78 53 0 75 187 0 255 105 153 32 164 34 0 0 187 27 5
    165 116 229 222 255 255 0 206 168 113 137 83 40 0 22 255 166 30 215
    62 0 0 255 0 99 208 95 136 239 189 114 17 242 255 139 144 0 22 0 143
    86 14 19 144 54 255 0 0 94 243 37 227 21 68 247 0 136 224 134 119 49
    255 82 255 0 250 176 255 182 255 252 160 151 88 255 255 0 218 80 4
    255 101 103 25 255 174 0 255 114 148 144 255 255 182 249 255 237 77
    214 0 216 46 0 100 75 68 62 248 178 145 255 75 0 255 84 23 22 209
    159 92 84 3 91 255 212 194 242 129 255 12 215 202 181 255 252 87 195
    255 0 160 0 0 64 0 0 146 0 17 181 251 55 97 53 33 0 0 84 153 190 0 0
    0 69 219 0 212 223 41 96 142 245 255 213 115 0 47 80 0 186 255 48 26
    217 140 169 13 165 255 221 209 255 0 83 255 176 81 255 255 127 166
    198 157 0 255 255 203 125 59 226 166 255 123 157 199 229 25 255 0 82
    0 228 0 88 0 0 0 82 9 83 18 0 85 255 9 24 0 172 179 177 155 32 0 228
    177 30 255 90 0 51 110 13 81 255 148 255 178 13 9 0 225 255 194 231
    0 255 201 0 141 185 255 106 71 89 255 0 125 255 5 0 70 0 81 0 0 255
    0 255 0 54 218 184 121 78 33 255 255 81 132 147 250 0 112 255 75 195
    255 153 232 230 78 0 0 42 108 112 255 242 255 255 255 234 4 0 0 0
    255 0 255 20 0 232 0 0 0 183 148 0 144 255 255 232 104 255 0 184 209
    0 0 228 255 0 0 255 0 39 20 255 19 255 15 173 197 0 109 0 0 245 108
    186 182 200 0 81 1 160 72 255 255 255 32 13 241 255 238 74 182 41 19
    115 0 177 0 34 255 254 106 255 255 144 4 0 207 255 0 50 0 255 255
    210 196 255 255 131 19 255 87 0 255 178 33 0 254 20 0 255 0 129 0
    255 255 148 255 225 0 30 159 0 82 82 105 63 0 255 52 15 12 0 113 255
    176 0 171 148 255 0 58 161 255 255 27 0 0 88 231 102 160 255 212 255
    110 36 139 255 174 52 1 0 199 252 0 95 154 255 255 166 138 71 133
    255 255 255 255 180 247 0 0 126 179 255 255 255 152 83 7 209 39 255
    39 0 6 52 248 255 0 255 56 0 128 40 255 148 255 227 89 168 213 0 255
    121 0 72 255 113 213 43 247 212 56 0 255 146 255 0 255 174 255 170
    20 0 84 30 240 58 89 77 166 143 255 47 138 239 129 255 0 255 73 0
    151 83 0 192 255 217 198 204 12 186 32 226 61 187 92 119 50 210 78
    255 247 80 0 16 255 0 207 166 68 255 58 153 15 0 255 111 68 210 62
    255 5 64 233 255 172 146 57 165 255 154 255 168 0 121 212 159 141
    255 0 136 55 16 255 245 14 0 199 182 0 170 255 138 206 152 0 120 237
    255 251 246 53 222 0 0 255 209 66 255 0 255 178 112 123 200 219 255
    0 163 0 212 255 194 255 212 0 163 156 163 194 249 202 255 81 42 146
    190 0 106 0 186 141 255 122 70 164 180 181 0 197 8 212 131 255 176
    89 58 141 47 0 96 85 244 255 199 255 45 0 255 255 0 24 168 93 255
    170 208 194 222 255 0 80 0 7 228 249 255 74 181 118 233 255 226 77
    129 52 0 255 208 184 255 178 2 102 255 255 86 255 186 113 242 20 0
    164 255 0 223 140 32 141 255 225 44 241 170 0 100 255 0 187 230 31 0
    112 153 0 203 255 78 255 91 0 255 0 24 178 39 26 255 248 0 255 0 10
    9 0 95 0 57 175 0 0 50 128 0 117 73 141 184 255 255 78 250 14 116
    255 5 5 255 0 156 0 255 0 218 205 153 255 236 139 123 54 146 143 221
    0 0 124 140 0 15 95 215 144 23 206 11 255 194 255 72 72 20 255 255
    18 207 0 43 116 197 181 55 45 91 25 0 255 92 255 5 0 255 255 34 134
    174 120 255 0 238 232 193 255 177 188 135 142 0 255 187 255 50 39
    165 0 76 213 211 251 156 0 255 177 104 53 167 255 255 101 2 240 228
    95 186 0 171 113 255 255 148 0 255 255 17 255 223 189 79 0 0 220 0
    123 79 0 22 67 182 0 255 183 255 252 155 92 148 44 255 74 43 169 235
    49 195 35 255 31 101 151 150 116 10 255 155 183 188 0 102 76 108 89
    0 0 91 204 108 125 255 182 138 224 201 163 255 123 57 0 196 217 173
    0 73 19 201 7 255 255 111 93 19 248 106 0 209 242 0 73 5 0 111 50 73
    255 129 106 255 196 190 25 37 97 223 169 255 81 121 255 202 171 255
    2 255 231 50 255 255 255 10 92 217 0 120 178 101 128 190 229 255 0
    32 255 105 133 69 113 0 152 0 0 255 17 0 0 255 231 255 185 47 108 48
    236 134 255 42 0 221 42 177 103 0 255 0 0 220 245 131 90 255 171 255
    247 0 131 159 0 212 54 0 11 41 0 111 0 151 177 255 105 105 255 193
    101 124 104 0 255 58 0 0 0 0 221 41 0 226 128 255 145 255 30 86 0
    245 11 253 0 255 255 94 244 167 0 255 245 97 78 0 10 133 42 146 196
    0 0 38 0 153 185 255 216 108 164 130 163 56 35 0 47 125 129 175 55
    253 255 200 51 62 76 0 174 0 30 250 38 137 145 118 43 250 115 181
    137 214 248 206 0 50 174 176 101 107 135 128 66 255 255 255 102 255
    153 84 255 33 51 255 255 143 255 234 178 15 0 193 129 207 183 39 88
    255 48 255 0 93 154 0 0 225 0 255 33 44 249 79 255 51 255 255 85 245
    185 208 255 5 121 0 13 0 0 200 0 255 3 178 92 191 255 0 255 117 54
    61 255 213 4 203 0 30 0 249 12 111 0 206 255 255 114 255 224 255 111
    61 0 255 255 255 221 255 255 255 210 51 255 0 60 210 255 186 183 102
    138 255 5 191 206 255 255 204 199 0 61 198 46 235 14 9 0 0 255 108
    40 245 142 255 130 255 3 136 0 255 20 82 107 83 61 60 41 0 63 136 51
    201 39 255 111 130 18 67 60 255 0 0 230 196 255 138 0 0 240 129 122
    167 255 255 167 255 0 227 142 255 255 255 238 34 0 60 54 112 0 254 0
    61 0 172 255 0 63 255 248 167 75 166 239 95 82 255 248 250 133 255
    154 45 86 0 33 44 186 203 104 14 0 105 218 0 171 149 95 168 9 208
    255 27 251 0 0 0 23 255 186 255 105 47 0 83 125 255 0 79 255 150 215
    255 255 97 130 0 255 0 0 0 255 0 243 0 0 145 2 255 198 2 79 255 118
    205 55 63 255 254 53 18 0 255 82 253 250 106 0 0 255 219 255 0 222
    167 217 237 0 114 75 69 0 255 7 0 63 47 135 0 175 138 131 52 255 40
    190 255 0 142 150 23 255 255 125 0 0 255 53 255 52 255 125 255 155 0
    193 255 0 255 204 176 0 37 99 0 107 0 255 124 170 197 184 0 6 96 255
    0 0 42 0 0 255 255 143 0 86 245 117 162 255 255 255 192 255 120 0
    235 13 227 126 232 255 40 44 255 100 255 0 207 138 124 170 0 255 10
    0 255 0 63 132 62 53 0 177 101 59 0 156 84 0 155 198 251 179 25 0 0
    0 162 128 52 0 0 223 0 210 255 255 51 77 20 0 255 255 255 186 0 153
    114 166 245 167 227 255 63 255 107 0 0 0 255 255 94 41 221 248 83
    246 170 255 0 152 255 0 0 97 231 210 208 134 255 84 255 255 236 0 0
    160 249 200 255 89 17 255 0 0 244 255 115 120 238 148 66 0 0 255 50
    255 255 0 0 255 0 74 194 255 64 0 239 157 219 226 0 251 255 251 83
    105 255 129 243 172 7 40 0 0 124 5 0 0 37 38 255 255 28 235 228 255
    247 216 255 253 255 110 0 84 192 0 67 186 255 160 242 176 0 102 255
    7 255 232 6 75 241 163 33 92 118 102 144 198 129 106 255 0 34 255 0
    109 194 28 0 82 234 0 37 223 68 148 16 174 130 255 39 0 180 165 255
    106 61 129 73 93 222 0 255 211 255 96 129 41 0 255 0 80 227 229 171
    0 166 0 0 0 29 113 103 186 184 0 75 123 211 0 179 239 0 48 174 0 31
    170 198 148 47 86 0 255 3 141 145 142 255 28 255 167 48 220 227 217
    255 255 135 255 255 0 255 17 103 6 37 240 255 49 243 255 0 21 51 197
    255 211 255 198 58 127 255 255 39 255 99 249 255 255 255 19 255 40
    55 248 170 130 20 235 14 255 148 36 240 174 14 0 183 254 0 144 140
    43 0 117 54 20 30 99 0 255 0 37 135 0 43 149 64 255 255 255 96 8 245
    57 27 0 255 211 60 133 74 71 0 251 255 43 95 178 133 0 0 138 100 0
    82 62 124 0 0 99 0 228 255 155 24 231 0 102 81 94 255 0 175 207 63
    66 218 152 87 168 34 10 255 0 0 255 225 245 255 85 163 238 17 19 84
    45 124 0 157 49 124 233 247 93 0 209 0 175 0 255 20 252 142 12 204
    255 255 143 8 197 161 255 234 77 190 21 0 255 231 67 224 255 136 231
    189 0 250 2 178 235 189 255 62 0 255 209 0 255 255 42 99 29 109 209
    255 85 42 255 0 0 255 0 61 0 9 0 0 212 242 160 173 0 0 46 93 0 126
    255 0 143 230 251 0 205 98 93 255 143 240 168 120 24 163 163 127 141
    255 208 144 255 255 255 255 5 10 0 75 0 17 86 255 196 2 7 5 0 84 13
    72 75 255 0 255 9 210 68 103 192 116 0 255 35 23 46 255 240 255 155
    19 195 24 235 25 0 14 189 174 71 29 255 255 252 0 255 255 252 255 0
    255 222 0 0 152 65 12 255 0 0 0 0 248 0 130 0 152 180 17 119 141 0 0
    175 77 100 109 33 0 9 16 117 81 53 0 211 57 255 27 73 249 86 63 88 0
    59 169 176 246 242 198 47 0 255 255 0 80 185 255 255 0 171 255 237
    206 63 255 11 0 46 192 244 38 173 82 243 35 64 92 213 69 198 1 194
    40 0 255 0 247 63 255 233 28 109 255 202 0 232 226 0 182 196 214 133
    255 192 255 195 255 202 0 255 96 1 182 241 255 229 0 255 255 100 255
    1 221 0 176 82 0 107 255 108 119 255 0 171 147 129 23 0 226 0 255
    255 10 229 61 0 0 97 255 140 129 231 241 0 0 255 135 187 74 0 211
    255 103 193 215 255 216 223 255 255 0 0 135 200 234 170 255 255 255
    187 105 19 97 131 139 49 104 7 158 243 0 5 255 180 195 174 12 87 202
    255 215 114 123 255 20 169 187 241 255 0 13 255 0 103 255 162 0 255
    0 53 255 84 255 0 6 211 164 186 173 255 255 34 161 155 168 201 255
    117 124 252 192 106 0 26 1 0 29 108 185 255 78 255 185 0 255 198 174
    237 160 255 204 0 255 51 53 255 31 0 1 210 194 120 0 73 249 172 109
    214 210 0 221 61 168 255 255 255 116 90 78 111 38 220 187 35 255 127
    208 116 39 180 237 255 3 125 241 255 0 163 255 0 0 182 255 56 0 255
    109 255 121 164 102 35 110 15 255 0 243 0 0 225 0 121 255 106 160
    255 195 0 74 0 102 238 212 0 49 255 79 0 121 69 145 141 1 0 255 255
    0 255 0 87 115 255 255 136 164 49 131 38 0 255 0 64 143 255 133 226
    0 122 0 202 127 177 81 161 81 52 39 133 255 92 255 5 255 187 109 158
    0 219 255 255 121 94 0 156 252 190 0 255 0 189 255 213 0 0 23 0 229
    255 56 151 17 221 236 29 255 255 255 255 198 255 0 0 73 195 255 213
    87 0 5 0 55 240 126 89 30 255 206 255 166 24 23 255 255 0 255 172 28
    255 255 0 219 38 67 200 36 21 0 98 119 210 255 0 184 207 0 255 192
    199 255 255 249 0 255 73 255 173 10 253 136 88 172 0 255 0 83 0 255
    231 191 144 67 183 197 0 130 168 255 139 12 248 0 255 217 96 32 15
    186 15 25 156 37 255 14 255 211 255 120 255 88 0 189 219 255 117 208
    231 54 255 0 255 17 158 97 0 0 192 255 86 0 0 19 255 51 116 66 196 0
    255 0 255 22 18 255 0 139 255 255 0 0 255 255 255 128 81 175 0 7 123
    121 6 240 158 109 35 233 10 226 0 83 0 72 0 0 132 255 196 220 44 192
    165 72 0 161 39 197 144 0 255 255 20 34 195 241 0 89 255 34 235 130
    110 0 233 255 52 30 63 0 0 255 123 111 248 183 76 255 250 96 250 0
    208 156 39 255 0 244 2 50 192 0 138 0 198 0 255 166 255 0 0 108 255
    0 0 36 50 73 0 131 217 255 0 165 186 147 6 123 255 255 255 175 97
    187 175 255 255 139 70 255 25 188 112 235 255 160 255 0 67 255 255
    105 253 0 30 140 170 56 146 39 69 0 126 64 248 194 135 255 0 193 41
    162 188 255 255 24 34 255 34 180 103 18 193 255 155 34 0 135 38 0
    173 87 134 87 234 17 236 75 0 79 6 0 82 0 0 38 164 171 251 255 255
    220 255 251 255 118 123 76 162 155 0 255 255 74 225 0 158 145 43 134
    255 67 0 127 200 108 0 114 141 190 177 0 218 76 0 138 255 255 142 22
    174 48 26 0 0 0 0 121 66 255 255 199 98 53 255 48 241 31 138 44 0
    191 250 188 255 142 240 224 88 163 255 209 0 143 245 255 239 77 255
    237 101 238 0 65 35 206 255 27 31 198 177 230 0 176 8 254 255 206 0
    214 255 83 72 17 195 0 132 0 32 0 71 101 247 73 0 121 52 192 255 193
    0 11 0 0 0 225 0 196 129 34 0 0 30 154 0 255 14 47 0 148 105 250 148
    1 35 44 170 255 0 140 255 255 0 255 229 164 163 91 0 161 31 248 169
    232 40 201 255 255 204 178 255 0 168 233 0 136 63 160 195 0 255 200
    39 128 91 125 255 0 168 131 0 255 230 40 211 0 108 0 0 255 0 255 255
    92 255 210 0 0 0 0 68 59 192 255 0 75 84 112 110 173 255 105 60 197
    28 161 255 241 0 36 106 0 149 255 57 0 162 58 0 0 44 147 255 79 226
    255 0 0 255 191 128 177 37 11 0 75 215 255 0 221 162 147 77 133 195
    95 255 255 35 0 158 66 0 193 254 94 182 0 0 207 115 134 0 0 255 125
    192 54 137 214 193 182 169 0 206 255 241 193 0 0 100 0 51 255 218
    220 0 255 112 255 67 192 255 40 204 163 255 185 125 173 207 0 255 64
    110 0 0 225 207 129 5 83 165 235 152 138 216 190 255 88 173 189 0
    212 229 250 186 0 255 205 34 187 255 255 169 255 255 255 0 171 203
    255 39 0 134 255 255 221 0 0 255 0 249 255 28 220 73 101 0 36 247
    255 202 4 103 0 53 40 51 255 255 0 255 3 130 90 255 0 157 255 0 59
    255 0 102 55 38 237 162 241 255 192 87 200 0 255 0 138 255 253 255 0
    156 255 0 54 98 164 255 243 101 224 0 32 219 255 0 106 176 222 91 5
    255 98 255 0 255 59 79 0 88 0 152 177 85 0 237 151 149 23 92 0 194
    91 171 255 255 208 255 217 96 255 0 234 140 0 0 45 19 255 255 185
    132 49 91 14 227 0 109 25 0 255 246 0 0 0 43 242 215 118 0 85 252
    205 56 63 216 0 255 255 255 255 255 255 255 12 30 255 210 127 93 117
    54 255 119 179 90 255 181 140 88 255 30 0 255 64 255 8 255 0 93 87
    58 213 228 0 96 94 132 128 0 88 168 92 237 255 147 162 0 255 255 0
    132 0 67 87 5 8 147 27 255 45 77 117 48 255 0 247 192 129 255 0 255
    132 206 139 201 0 110 175 207 173 0 134 0 39 255 0 28 69 21 0 168 0
    255 111 113 204 255 168 0 20 44 205 72 154 255 0 81 255 0 47 145 0
    227 0 134 240 0 245 0 218 0 133 0 201 255 73 255 46 99 98 0 11 255
    195 43 43 129 255 0 73 0 255 160 115 94 0 178 149 70 255 172 83 2
    255 193 45 80 165 255 0 86 255 0 221 173 195 146 0 122 0 160 0 18
    112 130 171 175 67 119 214 58 247 255 255 255 212 255 0 0 233 137
    131 23 25 109 0 178 243 213 255 187 28 58 145 0 200 89 0 193 93 255
    37 117 128 71 0 195 94 0 61 18 188 74 245 32 6 16 210 255 0 51 255
    231 130 92 255 255 124 65 99 76 0 211 0 103 44 0 0 22 50 54 0 253 0
    173 212 99 255 0 255 184 6 50 14 255 0 0 26 255 255 179 255 254 93
    241 249 243 128 0 199 0 255 201 65 222 0 191 0 0 0 0 161 0 57 0 248
    43 175 145 255 255 0 205 0 135 28 89 255 164 0 68 154 132 0 46 255
    69 73 0 0 23 255 223 0 182 16 236 81 181 210 85 178 48 255 130 85 17
    0 12 229 0 173 240 198 77 255 255 247 255 255 0 150 47 161 255 134
    255 255 7 0 240 66 153 132 153 28 0 81 125 51 0 183 255 227 255 184
    242 192 17 19 115 12 255 255 27 255 255 0 0 180 135 115 171 199 255
    0 178 198 100 48 198 255 255 47 255 0 2 241 163 137 46 137 0 255 255
    103 237 255 95 181 236 46 18 171 225 189 117 0 119 253 131 251 255
    35 247 0 0 174 0 0 214 255 75 0 235 255 90 204 234 0 0 0 239 22 0
    119 255 255 110 240 46 11 220 255 238 29 146 152 186 86 0 233 255
    255 0 89 62 240 255 58 169 255 141 110 206 232 1 0 131 44 0 0 0 108
    86 10 246 126 0 211 224 41 8 255 121 156 255 131 0 70 218 133 56 165
    255 178 238 216 0 255 187 255 141 22 255 255 77 18 255 155 97 255
    207 0 255 255 144 183 67 0 255 102 0 167 179 255 23 0 217 255 210 29
    23 195 219 0 0 0 185 255 71 0 0 24 166 0 0 255 2 16 192 255 129 0 55
    97 0 67 0 0 12 224 175 255 22 41 220 0 244 255 219 0 207 255 255 91
    0 158 50 200 255 0 62 164 15 13 190 0 102 236 196 45 231 148 0 178 0
    171 178 0 255 255 198 42 255 255 249 36 221 175 176 42 255 236 0 28
    255 167 255 255 0 30 21 85 255 127 79 247 204 0 0 255 0 255 157 201
    188 255 81 0 0 0 1 21 251 102 163 255 218 0 255 255 0 255 0 0 58 203
    150 194 214 255 255 127 0 0 188 21 119 251 249 156 237 0 60 182 255
    173 130 133 246 34 255 199 255 255 75 0 255 197 0 0 110 151 0 101 12
    255 0 20 0 142 204 93 255 112 255 121 219 6 73 0 0 0 49 73 3 255 68
    51 255 171 130 0 0 73 0 253 95 117 34 0 140 236 71 90 0 86 250 0 255
    185 0 51 255 89 0 22 90 255 0 42 0 0 9 18 255 201 6 125 255 88 98
    252 174 0 220 86 0 255 157 53 160 131 167 0 0 154 0 141 181 0 0 0 41
    13 255 106 2 255 0 190 0 217 112 255 0 78 0 237 255 0 0 255 22 5 0
    255 102 0 83 255 197 17 23 10 144 0 255 30 116 255 131 255 218 248
    173 137 255 181 151 44 8 175 71 147 56 221 193 106 27 140 255 0 255
    255 0 244 159 255 128 250 197 255 0 0 255 0 166 255 191 73 255 144
    255 255 255 15 87 255 255 234 0 154 0 210 255 175 151 10 215 175 255
    3 8 42 0 115 209 223 63 255 0 36 62 0 255 135 255 188 255 255 228
    138 255 137 9 0 254 144 189 255 255 173 195 98 131 232 197 79 255 0
    56 143 45 255 0 0 255 0 255 224 255 255 193 193 87 106 255 0 2 113
    189 121 13 0 11 202 25 101 196 0 0 219 0 158 185 0 65 12 255 255 237
    74 127 255 25 50 26 103 255 62 251 62 75 255 199 58 117 0 236 0 255
    0 0 255 188 0 255 255 255 184 255 18 212 0 0 102 255 17 255 145 255
    0 0 255 41 237 168 194 0 213 0 253 24 59 137 72 240 174 255 0 199 67
    0 168 73 161 0 127 222 255 204 218 255 0 255 255 255 54 0 255 0 191
    93 163 73 105 255 242 50 81 255 0 193 223 0 220 138 3 0 212 104 255
    255 29 63 255 22 255 148 236 222 223 255 47 255 5 65 255 58 0 77 126
    0 12 0 108 255 66 90 116 255 255 255 214 141 212 63 0 126 185 255
    255 255 166 255 60 101 3 0 0 0 255 252 236 0 210 30 123 0 186 44 0
    216 27 247 255 255 255 255 255 95 0 255 0 157 0 176 255 217 191 0
    147 255 23 0 255 11 153 255 255 252 255 43 47 0 71 27 0 131 91 227 0
    254 65 0 183 0 0 75 181 231 137 252 116 0 255 0 255 166 194 203 49
    103 255 42 164 87 122 250 231 116 255 236 183 142 75 7 199 74 0 215
    0 147 234 170 129 2 20 7 255 73 171 0 0 49 255 145 255 255 255 125
    186 69 255 26 156 254 0 160 178 67 146 40 220 110 234 157 0 221 66
    58 0 0 0 0 229 255 0 233 0 0 234 0 209 145 255 45 0 127 62 76 255
    255 9 36 255 15 0 117 0 151 193 69 255 127 0 255 255 62 236 72 12
    255 121 0 105 20 0 0 255 72 0 0 0 156 207 180 217 255 0 255 70 95 0
    255 182 142 37 110 65 255 0 74 255 32 59 174 201 35 229 255 45 255 0
    114 0 255 0 187 255 255 0 47 247 255 94 255 0 9 255 255 255 0 139
    255 0 0 154 192 85 215 85 187 12 255 45 0 255 113 0 0 115 255 204 0
    0 177 255 145 251 133 0 255 255 208 255 204 11 179 254 171 47 152
    228 86 26 161 83 28 255 44 255 188 107 255 152 0 125 36 168 51 99
    114 87 255 255 255 239 217 0 255 102 242 93 255 109 156 49 154 18 0
    16 240 0 78 99 237 176 37 255 171 15 0 255 35 254 255 16 172 0 255
    255 201 29 48 196 0 27 255 76 199 218 233 0 233 214 9 95 248 223 0
    10 175 158 67 0 255 235 250 124 119 125 66 71 121 162 0 165 0 0 255
    36 146 0 25 255 255 75 0 65 65 247 0 9 180 194 255 255 95 255 255
    255 147 187 156 0 255 0 0 37 125 20 255 255 123 88 63 204 58 190 131
    198 163 24 56 255 255 144 185 161 127 255 0 18 90 80 50 0 255 134
    239 94 235 94 40 185 196 44 255 110 38 255 89 252 132 149 182 154
    245 131 0 245 211 148 255 76 255 246 0 255 93 138 114 65 31 4 18 38
    78 3 50 109 61 165 241 255 255 128 0 191 164 12 21 164 0 255 103 112
    84 64 106 120 0 255 255 245 0 144 0 255 255 30 134 42 111 227 119
    255 151 200 117 174 102 94 132 218 238 86 21 168 0 255 255 133 235
    124 0 116 18 66 255 164 10 0 241 0 0 0 0 202 0 5 0 128 192 145 51
    117 214 255 94 67 191 218 255 0 255 121 62 22 255 0 138 0 22 0 255
    159 0 241 0 0 245 204 0 0 0 0 171 0 210 204 255 255 214 0 37 0 204
    211 149 206 255 0 125 152 255 0 255 205 243 255 251 255 232 22 149 4
    0 172 0 0 248 102 0 230 0 68 18 79 130 11 57 0 255 255 149 6 88 203
    34 255 166 249 95 0 72 255 33 0 255 0 208 208 255 219 37 222 0 238
    227 0 239 255 61 120 238 131 70 0 0 255 29 158 0 252 119 0 206 124 0
    0 68 146 0 0 75 0 207 71 23 0 192 255 0 75 255 166 255 255 0 0 72
    255 0 229 10 199 255 100 255 184 228 0 255 0 62 121 26 238 105 195
    88 0 0 174 255 229 69 244 8 0 79 255 0 162 255 38 0 0 255 0 0 96 184
    227 0 51 116 255 252 0 157 158 255 255 231 185 230 162 59 255 244
    124 0 255 0 146 218 188 185 0 72 48 255 255 0 191 0 255 244 0 114 0
    0 255 195 255 255 0 73 255 116 110 0 82 135 0 53 0 120 0 135 0 255
    35 81 255 16 0 255 0 53 0 0 176 255 207 225 75 0 243 21 255 0 170
    162 0 0 227 35 0 0 118 24 177 131 254 255 255 255 255 255 0 255 231
    94 255 0 255 63 225 255 1 235 189 236 255 245 22 13 123 0 40 255 255
    255 22 134 152 0 194 175 255 48 159 0 114 255 72 19 155 211 0 87 255
    71 0 162 113 0 0 45 0 210 212 95 49 7 255 0 192 0 59 16 0 15 255 42
    73 0 45 152 178 98 255 233 62 255 3 52 255 251 79 44 242 0 0 0 247
    199 162 102 144 57 132 242 229 31 141 251 255 255 175 148 116 254
    243 0 238 218 176 9 206 255 255 10 241 26 0 113 86 71 156 157 255
    255 190 255 255 244 94 83 108 39 46 79 173 152 255 39 162 125 24 255
    255 252 0 255 46 255 145 198 255 79 255 238 255 100 0 220 0 188 177
    0 173 0 250 255 255 0 247 245 0 135 49 48 255 143 0 132 0 0 217 125
    0 96 201 0 163 177 125 0 0 181 0 121 157 86 105 247 154 255 87 255
    41 0 255 0 0 45 220 255 182 205 0 229 229 255 255 0 86 29 230 255
    105 155 156 95 22 141 102 0 254 250 25 255 255 191 72 255 148 220
    249 189 5 34 151 206 160 0 43 226 184 178 148 77 134 90 255 223 0 47
    0 40 49 33 51 133 255 142 255 52 255 88 4 0 255 255 180 0 234 20 0
    241 216 76 146 179 137 90 4 53 77 21 255 199 102 118 150 255 183 0
    13 252 106 255 203 12 0 255 48 48 255 52 60 248 102 192 6 191 0 111
    16 118 255 255 157 255 233 0 191 138 0 99 0 161 0 52 0 164 225 73 0
    255 241 73 0 0 255 0 182 198 157 121 53 177 0 255 172 0 148 0 214 0
    156 254 249 158 41 255 0 62 255 114 232 255 0 233 32 100 255 0 79
    255 106 103 161 0 141 255 150 255 95 0 143 7 0 133 240 0 0 101 243
    66 0 255 130 255 255 255 71 13 255 10 234 46 169 0 41 0 255 162 140
    9 255 213 121 189 137 255 58 173 255 0 230 95 255 91 171 217 200 27
    203 0 142 164 50 167 147 0 237 70 0 40 144 49 111 105 91 248 186 66
    169 74 201 9 255 144 255 73 43 255 243 255 63 0 255 25 0 255 255 213
    98 255 48 0 174 20 34 32 252 145 122 79 187 255 60 95 7 0 0 75 199 0
    7 255 0 255 255 210 204 90 135 0 232 66 255 0 0 135 67 0 255 0 231
    44 64 121 0 0 0 0 224 255 0 205 255 144 251 170 110 50 175 95 255
    151 209 255 99 0 67 0 0 231 255 79 0 29 206 87 243 0 84 248 0 0 0 3
    0 138 224 104 128 0 0 22 255 152 255 255 254 0 15 255 143 21 255 2
    255 239 0 255 149 133 36 0 217 224 222 255 255 169 67 125 0 255 255
    73 224 0 202 255 112 0 255 224 42 0 255 49 255 0 255 0 99 104 54 238
    0 57 13 146 0 174 10 67 0 255 0 255 182 53 148 124 0 241 207 255 0 0
    119 30 164 177 255 223 194 16 214 76 160 63 1 139 190 174 36 200 255
    197 253 69 255 55 145 0 129 104 223 8 97 26 131 0 255 0 0 152 88 0
    34 255 168 255 245 93 226 102 255 0 0 0 0 0 126 255 76 255 231 62 0
    254 5 181 100 0 255 151 137 212 130 5 230 222 234 83 246 238 0 117
    100 106 255 200 46 212 0 251 71 169 117 255 0 234 200 65 255 255 0
    111 0 255 0 0 247 229 228 102 107 182 0 22 177 25 0 255 193 34 180 0
    0 20 132 255 0 0 0 0 107 116 109 255 5 103 188 146 0 0 0 212 213 0
    18 137 1 164 93 59 255 201 255 255 255 65 149 0 182 143 213 0 158 0
    255 252 255 147 54 115 136 106 135 13 111 255 28 197 255 255 175 255
    27 255 10 0 143 189 148 154 92 255 0 227 125 255 255 0 239 38 255
    103 50 175 255 82 0 252 255 53 240 178 0 245 19 92 228 3 111 152 185
    0 196 193 0 45 255 0 0 185 246 0 0 109 120 0 255 255 87 36 162 255 0
    111 255 179 255 0 74 255 236 174 244 183 92 255 4 133 82 0 81 0 0 0
    4 28 160 0 170 6 255 133 0 255 255 244 243 233 0 196 255 211 0 30
    255 100 196 175 255 255 137 5 99 50 88 215 255 209 255 0 193 36 2 52
    189 47 127 238 25 157 79 53 126 107 162 67 255 255 255 119 109 255
    187 0 105 255 0 73 155 152 0 42 29 250 192 0 105 255 97 170 0 190
    215 14 92 136 219 133 40 0 0 255 53 85 233 241 0 255 0 0 0 83 0 0
    255 63 17 255 15 59 182 193 162 0 224 109 0 214 121 0 106 241 193 40
    255 0 73 194 254 5 0 0 83 237 255 201 187 247 0 60 193 14 255 84 255
    255 245 119 255 178 0 0 100 95 0 165 255 59 2 175 8 255 0 255 0 156
    0 12 246 255 26 255 171 255 97 47 109 255 234 255 92 54 104 0 98 188
    66 28 239 137 152 195 223 99 181 0 0 124 76 121 135 188 187 132 64 8
    21 118 197 12 4 255 7 0 208 118 7 94 255 0 249 0 0 0 255 188 65 104
    162 255 6 102 0 14 92 51 140 0 255 0 238 176 255 43 5 255 0 187 255
    193 220 115 21 224 132 255 255 67 92 220 82 0 72 147 52 0 198 110
    224 0 206 255 0 255 255 174 91 125 14 0 204 4 251 170 0 6 163 190
    106 0 216 189 255 163 171 197 96 255 131 0 0 137 135 74 255 255 189
    179 255 117 0 140 0 29 0 126 0 17 67 203 150 0 148 255 255 202 145
    174 115 255 26 255 108 190 173 0 137 0 108 10 0 90 0 238 38 0 255 0
    0 47 4 228 226 221 207 255 255 118 230 97 148 33 214 0 0 234 241 39
    255 67 214 203 62 86 111 74 240 0 9 242 0 0 77 76 0 255 127 150 218
    0 255 154 23 98 130 255 211 112 149 246 206 0 156 233 255 255 56 0 0
    207 96 93 62 122 246 225 255 54 9 255 46 43 255 255 237 0 255 0 220
    158 27 131 255 255 0 0 231 255 0 255 255 0 240 150 75 158 0 149 0
    255 131 255 0 226 0 231 145 182 0 255 125 106 255 104 0 85 255 112
    146 22 175 87 156 91 185 27 158 166 128 0 255 149 126 13 227 117 0
    255 246 255 2 255 255 248 51 5 177 255 234 1 0 2 192 94 27 40 255 70
    0 229 167 0 23 41 134 117 0 205 87 252 69 247 77 255 38 200 229 255
    255 238 255 255 173 10 46 186 132 163 255 134 143 217 37 131 116 111
    32 0 51 121 0 0 38 255 0 255 255 241 255 189 255 15 86 5 235 0 255
    219 255 206 147 125 145 246 149 0 255 0 128 255 80 0 58 40 149 40 0
    0 255 115 255 19 133 179 55 115 173 0 86 70 255 93 71 0 201 0 106
    255 0 9 0 57 27 255 90 244 168 255 0 255 255 66 37 255 255 113 255
    26 212 35 184 47 0 0 147 37 240 0 14 202 204 0 90 200 255 114 1 151
    255 253 210 157 251 154 0 67 28 177 148 82 61 52 0 0 255 7 1 78 255
    173 126 155 255 138 238 99 76 121 0 255 44 173 10 219 159 5 186 255
    105 90 255 138 0 41 215 76 252 154 135 126 190 253 255 0 255 54 0 57
    3 255 251 41 0 255 92 242 151 224 255 255 42 53 0 244 138 57 102 218
    255 0 255 116 255 177 111 0 140 0 129 15 0 27 0 151 124 77 185 204
    133 226 18 83 0 110 27 59 216 0 162 0 255 251 171 0 102 0 0 0 28 224
    255 0 0 40 80 60 230 0 0 200 0 252 255 199 0 233 0 0 188 23 2 222
    229 204 105 71 112 0 126 255 69 40 64 130 66 207 63 0 255 81 255 28
    180 0 255 255 189 156 68 0 72 0 0 0 0 0 46 255 123 0 255 0 58 76 13
    0 199 93 0 29 25 255 91 87 180 0 0 255 19 137 128 138 255 0 13 111
    40 234 109 170 200 46 105 248 0 49 45 72 0 251 44 152 0 232 246 0
    255 255 255 190 53 118 52 12 71 59 111 63 255 243 150 87 255 32 255
    225 0 255 255 255 106 250 123 42 0 255 198 255 255 0 209 42 99 93 27
    230 0 255 255 57 152 117 255 139 147 205 255 22 255 214 93 61 172 0
    235 102 255 248 33 255 172 255 255 58 217 170 242 47 120 255 255 129
    130 225 134 56 22 255 254 0 43 73 0 0 0 255 54 219 222 255 255 65
    155 0 44 0 0 132 185 246 0 203 255 185 8 255 0 115 126 156 74 108
    255 193 97 255 242 130 253 116 0 0 136 90 158 0 53 0 30 63 68 101
    190 53 255 255 255 107 206 166 230 142 236 42 0 2 255 255 255 255
    168 255 255 30 204 0 255 242 171 169 116 64 255 0 33 220 0 31 157 0
    98 0 163 143 46 66 255 237 133 255 174 83 0 239 223 61 49 0 0 138 0
    0 102 76 255 0 61 62 0 222 0 94 0 191 154 113 48 255 209 172 255 232
    67 162 47 192 255 152 75 83 0 255 174 216 164 98 255 0 0 237 246 251
    145 184 187 255 0 128 255 121 0 62 153 0 255 255 212 0 255 255 245
    175 133 11 101 108 255 255 174 133 255 0 255 130 156 181 153 162 166
    134 166 62 46 255 250 222 255 28 255 152 86 255 0 172 15 216 65 0 66
    0 147 255 208 116 66 100 175 164 255 94 255 202 62 251 255 142 245
    255 185 255 2 219 0 104 190 255 255 230 239 29 218 225 255 0 0 233
    255 32 0 0 95 0 207 233 0 255 80 171 16 16 0 205 0 176 245 191 0 0 0
    213 68 0 210 16 250 69 0 105 161 0 181 13 84 0 255 14 178 255 44 205
    90 255 0 156 14 146 104 255 39 59 255 142 224 0 6 101 202 200 89 255
    0 255 71 254 255 255 216 225 0 227 0 72 72 208 206 67 36 49 0 46 64
    228 230 191 62 51 60 0 93 116 31 0 0 0 7 255 0 38 202 165 250 219
    193 186 134 0 171 174 222 0 112 140 154 194 79 255 23 32 255 237 183
    34 109 31 174 128 150 255 134 215 0 140 69 116 132 61 238 255 196
    255 255 138 255 49 0 211 1 119 255 0 133 97 255 255 0 79 71 46 255 0
    91 255 255 0 0 16 255 170 248 207 8 47 178 255 0 0 225 88 117 222
    104 175 113 232 75 129 196 37 255 255 255 255 0 245 71 232 255 227
    45 0 167 74 245 136 255 245 234 95 255 236 254 87 223 0 235 0 0 174
    0 0 6 119 255 0 155 0 193 0 73 137 244 116 74 255 240 130 254 109
    242 51 171 255 175 43 172 255 159 0 143 89 171 0 0 17 0 161 170 189
    0 232 67 61 89 0 255 84 0 98 140 255 212 255 134 132 26 148 255 103
    255 31 241 0 0 255 255 183 255 88 0 255 221 105 188 255 0 255 0 0
    182 0 0 195 223 131 0 209 152 5 80 0 80 86 0 191 255 28 65 255 185
    174 111 230 255 0 69 255 18 0 221 0 255 0 255 191 197 255 4 114 117
    63 255 185 0 0 28 173 183 125 0 134 17 255 24 41 154 255 182 148 103
    211 96 170 0 34 230 39 3 124 193 0 0 112 100 176 71 69 151 162 196
    255 255 66 255 118 0 215 216 0 148 255 255 255 141 157 0 81 86 0 0
    45 0 33 39 143 255 255 0 118 162 153 255 5 122 237 139 0 255 255 123
    129 85 0 88 99 181 91 255 46 255 104 130 63 255 0 112 36 187 255 0
    42 28 100 0 86 84 60 255 204 106 135 108 255 255 94 89 255 124 42
    255 0 35 16 47 0 170 128 252 255 129 222 86 0 255 182 253 255 108
    206 37 255 120 142 182 255 231 255 255 161 255 132 145 6 221 255 87
    47 0 243 77 36 173 0 255 40 117 99 0 11 5 131 0 27 0 0 196 145 255
    123 255 255 252 0 187 191 17 169 20 24 255 0 243 163 5 44 175 152 0
    74 0 0 0 0 43 0 211 255 255 23 118 143 241 166 255 255 0 255 157 149
    86 7 129 213 151 0 75 137 111 216 0 113 255 245 202 0 0 8 155 255
    247 181 255 0 0 206 128 223 211 40 209 67 120 0 210 38 43 71 90 255
    0 255 255 0 207 255 63 176 178 29 224 0 171 0 177 73 255 62 255 0 92
    18 0 129 254 30 180 231 120 255 0 255 255 28 255 106 21 111 212 0
    140 211 187 207 0 74 255 176 166 58 255 21 0 101 70 97 60 0 204 0 0
    101 192 255 50 200 121 138 0 120 255 255 0 172 0 255 188 79 109 255
    0 205 255 70 0 49 12 0 255 15 19 215 130 0 94 134 69 232 147 255 207
    142 222 43 98 12 255 70 1 255 144 29 255 68 0 255 255 0 162 0 70 197
    64 196 0 13 149 255 78 100 0 0 158 83 87 0 255 0 255 154 0 0 35 255
    153 255 255 255 255 255 232 10 0 0 0 250 0 156 0 255 109 15 255 0
    255 0 0 28 0 0 168 255 0 102 255 223 47 40 255 100 164 18 255 162
    255 0 0 155 135 5 0 253 41 239 255 39 0 255 226 0 0 189 120 39 88
    223 255 255 111 255 255 255 71 32 0 225 95 0 0 255 160 0 162 255 0 0
    255 16 255 0 48 58 0 86 172 31 0 0 158 255 194 255 0 97 0 227 255
    215 255 255 78 255 255 241 255 0 4 0 46 156 0 255 95 243 247 95 255
    95 222 0 57 77 255 141 0 255 0 155 228 251 80 144 255 97 43 252 117
    0 90 227 75 0 117 0 137 188 39 13 221 152 0 255 133 77 0 27 203 0 0
    0 201 177 50 69 255 250 0 255 191 67 226 0 255 0 242 112 0 255 0 255
    117 0 106 153 31 0 255 231 0 255 102 216 61 225 77 65 255 168 136
    119 178 183 0 233 94 214 181 126 255 255 255 43 255 59 16 0 255 84
    182 255 255 0 255 255 85 77 237 4 141 0 255 68 0 123 208 225 25 0
    187 0 246 126 126 255 100 241 255 10 18 139 235 255 0 222 149 196
    179 188 217 0 0 175 2 21 222 75 22 255 188 182 83 206 233 255 26 75
    255 72 192 57 226 140 0 147 93 41 76 65 136 0 217 112 229 137 0 255
    41 0 0 255 45 189 0 177 255 94 0 242 28 0 109 30 130 11 82 172 44
    246 255 245 196 112 255 255 255 245 79 199 177 133 255 239 118 101
    255 0 255 114 44 234 255 34 255 90 0 108 60 124 142 242 255 87 1 91
    143 255 248 225 29 255 63 109 0 0 64 241 110 131 235 111 197 0 189
    80 0 255 119 255 0 73 203 174 255 255 50 112 70 159 241 27 8 213 66
    53 84 134 161 166 255 16 36 35 222 18 255 166 0 147 255 128 57 195
    207 0 34 92 255 255 230 139 84 123 255 226 0 0 255 107 192 0 127 115
    49 6 0 224 62 124 7 119 255 151 0 3 97 33 255 253 225 53 195 231 195
    247 77 234 255 66 155 164 255 253 65 199 255 47 45 220 26 162 148
    255 183 29 5 235 255 51 255 255 33 255 109 255 242 84 209 255 255 0
    48 201 102 67 194 136 0 167 49 255 57 0 249 255 38 47 255 255 0 132
    121 1 222 255 35 4 255 255 255 233 188 72 255 88 255 152 255 130 255
    255 255 175 139 255 254 123 169 249 255 223 13 97 255 212 34 254 0
    255 25 244 255 212 183 255 255 16 121 150 117 246 0 0 102 0 0 255
    201 0 47 255 82 124 153 0 0 243 218 112 255 36 49 0 104 17 96 201
    255 0 64 255 255 255 119 167 162 181 255 61 19 255 0 129 133 243 116
    121 255 255 45 0 0 150 0 0 255 255 169 255 0 255 66 41 10 0 255 255
    63 0 186 22 0 255 255 166 173 215 149 222 255 255 0 255 184 0 136
    105 254 28 38 222 123 0 104 241 0 163 255 255 0 10 161 255 255 167
    124 0 0 37 255 255 35 74 189 0 35 190 0 255 62 255 255 194 0 233 255
    54 0 133 76 135 11 255 0 255 47 255 241 129 131 255 0 5 255 0 148
    136 33 160 0 78 6 0 255 255 0 255 255 134 197 37 131 0 42 64 109 187
    225 86 0 12 255 139 0 0 0 18 0 133 132 159 131 156 0 173 205 129 123
    79 8 84 239 0 0 79 219 169 255 69 36 0 255 255 0 255 121 0 64 189
    129 0 255 186 254 187 0 103 101 255 255 146 255 0 255 0 71 0 0 43 0
    255 145 214 34 0 0 212 0 255 0 255 221 247 190 149 206 203 0 255 220
    255 41 25 0 86 0 85 160 211 0 208 255 5 190 116 226 212 0 147 0 88
    255 0 0 171 202 114 161 255 0 255 178 7 223 0 255 0 139 168 0 255
    255 207 213 0 226 231 0 0 32 255 255 255 237 8 255 0 255 0 53 219 15
    98 83 28 90 0 60 0 149 108 33 255 0 27 177 100 218 119 240 232 224
    255 97 0 255 0 114 85 158 223 255 0 90 66 136 221 0 171 186 0 0 255
    255 23 0 236 255 255 236 0 255 46 0 174 146 255 0 255 40 255 75 11
    96 95 255 255 197 150 24 119 95 21 0 255 252 237 58 196 255 0 95 255
    52 255 55 125 163 0 196 155 0 123 247 233 143 255 30 181 31 149 136
    226 38 13 23 41 255 237 255 59 130 0 149 149 223 0 255 255 117 127
    131 0 0 181 255 255 77 153 206 60 132 255 0 134 97 159 0 93 167 0
    193 153 54 0 42 0 0 0 98 217 41 225 255 33 77 0 255 0 253 154 255
    208 49 71 255 255 143 108 0 0 8 17 79 206 124 239 15 0 233 202 0 93
    140 0 255 170 0 253 102 236 191 176 221 0 243 255 90 0 0 255 198 47
    171 121 6 150 199 82 0 255 66 255 255 200 242 106 91 21 192 0 0 180
    119 83 0 0 98 0 0 99 126 255 183 95 141 0 16 20 255 255 255 78 0 0 0
    255 89 13 9 96 52 96 243 255 209 139 231 157 255 236 218 231 0 255
    230 246 165 45 255 0 240 0 52 20 20 132 25 55 0 188 251 0 161 255
    243 231 95 35 220 94 255 180 107 255 0 167 255 54 255 155 255 0 61
    223 161 152 218 2 0 0 0 230 255 81 0 230 228 0 255 87 144 97 255 0
    255 168 76 231 187 180 73 0 194 142 255 222 0 255 246 105 199 146 49
    153 255 255 204 64 164 245 34 190 0 76 0 103 0 199 187 97 255 255
    225 255 2 255 255 103 157 255 0 255 255 89 255 0 0 116 192 194 107
    255 0 0 43 255 198 0 255 186 26 241 249 0 0 0 68 68 49 217 200 0 0
    122 92 255 0 201 158 5 3 255 4 217 255 84 48 132 0 90 14 185 88 162
    0 7 95 255 255 28 77 255 240 11 176 53 255 255 0 146 163 174 0 0 20
    151 113 255 135 228 255 255 129 107 255 0 159 48 255 136 26 215 255
    47 38 209 0 28 237 84 103 255 255 0 60 0 179 152 0 37 177 100 255
    255 236 203 60 0 0 90 95 171 255 0 255 255 252 11 255 126 85 117 255
    93 0 0 255 147 33 255 123 255 37 154 199 0 255 253 0 112 202 255 255
    255 61 249 227 43 255 162 0 0 231 6 165 0 0 242 230 82 124 255 107
    145 0 255 251 40 255 10 179 78 68 0 235 255 211 255 173 255 8 255
    255 0 255 0 36 135 37 35 0 206 99 155 40 60 196 168 0 255 0 120 184
    255 72 255 35 255 0 134 0 27 69 127 0 0 191 11 142 83 0 195 255 233
    100 220 143 0 104 131 50 243 174 218 60 25 0 0 29 0 0 56 0 89 25 236
    0 80 240 255 168 220 242 218 182 0 228 188 159 111 226 12 255 0 18 0
    0 255 70 0 255 43 51 80 55 255 107 5 108 27 77 231 122 89 255 0 195
    52 255 0 255 85 46 84 255 133 28 116 193 72 125 131 255 255 104 255
    0 202 194 0 223 120 0 137 0 254 91 68 132 250 31 0 181 255 255 255
    193 41 255 255 123 111 0 214 207 0 3 157 0 44 0 255 255 249 122 0 59
    16 207 255 71 255 136 190 255 229 232 192 19 171 204 49 24 0 12 254
    198 116 255 87 139 76 0 85 0 255 56 22 0 255 237 92 113 0 200 146 82
    148 241 239 97 39 101 14 229 255 4 0 27 255 23 0 255 151 255 197 35
    227 112 168 78 62 255 35 188 10 255 0 0 190 120 39 0 0 129 58 255
    160 77 18 179 22 61 34 255 109 88 146 102 117 0 74 62 0 44 255 4 229
    255 97 0 199 23 32 255 255 0 203 75 0 255 0 0 218 255 0 60 17 233
    193 162 248 0 240 0 0 24 44 255 132 0 123 0 88 255 188 255 245 0 0 0
    0 0 255 40 255 7 255 0 64 96 199 0 124 255 0 81 255 210 255 23 175
    88 217 155 0 86 57 190 94 0 36 121 255 255 255 14 172 255 241 231 50
    0 255 176 10 221 28 255 135 0 33 255 255 240 154 217 0 76 110 51 128
    0 144 255 60 255 255 0 177 232 127 148 15 234 191 255 253 255 152
    255 251 0 172 15 255 123 221 1 155 99 57 98 92 63 75 150 194 0 71
    145 0 0 0 0 0 74 150 225 19 255 132 0 255 255 8 0 0 251 136 134 183
    128 47 255 118 255 57 0 200 255 89 131 0 255 81 255 199 197 71 255 0
    251 231 255 0 143 112 82 255 86 93 255 76 0 186 73 113 17 216 255
    255 129 207 255 54 226 238 5 53 12 10 238 58 183 37 165 81 239 224 0
    38 186 0 255 224 0 199 208 190 6 255 144 255 0 158 255 189 73 212 0
    127 0 150 180 233 131 0 0 0 0 57 225 110 1 255 255 104 134 155 163 5
    154 88 39 122 255 166 0 78 87 236 60 0 31 118 210 8 193 80 255 118
    158 80 203 90 0 201 0 0 66 255 27 0 255 211 254 255 50 255 0 0 64 0
    0 132 29 119 57 114 54 112 50 0 0 220 26 0 255 166 0 186 78 100 0 0
    108 255 195 85 92 255 255 135 255 0 255 187 44 0 211 245 0 76 255
    255 255 60 216 141 0 255 241 255 83 21 248 203 0 181 50 177 74 142
    69 107 204 0 255 29 28 77 179 206 0 127 0 0 0 248 185 114 228 0 255
    152 72 122 93 5 250 232 63 23 91 154 177 65 201 45 166 109 247 103
    255 229 255 192 111 14 0 255 58 209 0 255 255 0 51 243 145 170 154 0
    255 255 255 198 17 0 137 29 255 187 199 94 254 121 0 153 207 0 255
    175 117 255 255 90 159 0 0 209 211 28 0 37 255 19 0 30 255 220 80
    228 160 64 181 176 255 173 42 81 255 91 255 240 250 64 35 63 1 0 89
    255 245 255 232 219 62 186 238 2 255 197 101 119 255 255 36 9 27 119
    81 0 185 152 51 13 27 23 214 9 0 184 101 64 0 0 0 54 255 255 0 204
    255 173 240 245 226 26 37 221 0 160 46 59 100 0 9 187 255 255 227
    255 187 0 55 38 0 0 151 255 144 10 0 0 36 59 255 255 200 2 255 125
    83 54 0 134 165 5 113 255 255 104 0 41 255 205 255 255 22 192 54 68
    48 255 255 114 255 17 42 0 73 0 0 205 255 127 176 255 176 251 124 91
    190 75 34 61 10 211 171 0 143 235 255 55 176 78 255 255 202 210 207
    0 146 250 0 230 17 48 255 77 20 13 121 202 0 109 35 90 37 255 224 0
    75 46 255 165 202 255 248 53 247 244 170 179 255 255 171 252 0 0 60
    41 223 255 110 255 223 255 60 205 159 54 235 96 137 255 0 226 224
    118 148 14 255 214 255 92 0 255 204 22 95 255 255 231 151 255 147
    217 74 107 11 255 99 0 184 160 185 117 231 194 216 255 69 146 101 0
    0 0 0 255 0 0 199 188 47 0 255 0 0 48 198 165 255 67 0 41 255 255 97
    255 0 141 88 189 104 246 255 84 0 211 255 216 64 157 143 206 2 6 167
    26 220 0 237 90 255 66 64 243 215 74 45 232 0 242 0 118 247 73 217 0
    255 107 255 120 16 105 60 255 105 79 169 255 220 77 255 0 254 155
    255 163 0 163 253 255 182 255 52 255 0 0 0 0 65 150 255 2 51 0 255
    182 0 179 0 32 0 226 88 25 174 255 219 98 118 253 255 74 0 198 0 218
    255 230 114 231 219 221 53 0 227 192 0 198 255 103 12 209 155 0 80
    255 255 0 47 49 65 213 141 255 0 27 193 62 157 19 189 0 0 112 0 0 48
    131 171 207 206 192 0 178 0 255 193 112 239 131 172 255 255 0 255
    234 156 255 255 23 107 0 22 202 255 0 0 73 6 0 43 96 255 191 87 160
    0 255 0 73 0 135 255 101 35 97 0 0 85 220 0 214 144 20 124 84 255
    160 92 27 255 34 93 71 132 52 229 170 255 23 255 0 87 255 0 85 0 0
    19 138 115 249 102 114 0 0 151 117 124 152 89 0 0 98 38 24 55 19 167
    255 255 247 0 0 18 128 69 191 255 0 255 255 44 201 143 245 207 0 255
    219 104 115 0 184 0 171 33 63 164 75 235 6 41 151 255 187 80 255 80
    0 255 137 255 0 113 15 0 255 156 106 122 255 172 178 91 218 255 0 0
    101 255 37 41 255 255 238 255 249 157 0 0 132 120 156 0 255 115 0
    217 224 224 0 0 76 156 216 104 42 87 255 64 191 22 255 61 130 6 255
    0 75 255 255 28 0 255 169 96 0 247 53 255 255 172 0 255 137 218 0
    214 189 202 180 233 0 208 79 232 255 63 255 255 173 184 224 0 0 121
    117 43 255 63 0 139 0 255 255 185 9 18 0 255 255 0 15 255 65 230 102
    49 37 255 78 255 244 93 143 255 255 174 76 0 0 0 16 2 255 0 54 0 113
    255 213 0 133 255 255 77 0 149 255 116 255 255 253 174 179 40 249
    207 8 235 113 178 0 250 0 37 255 213 76 49 0 183 255 255 131 0 255 0
    215 15 219 252 6 66 111 255 145 121 255 0 255 109 52 156 0 75 255
    214 200 255 0 0 0 51 0 255 255 114 0 255 72 0 255 0 0 0 2 49 0 89 0
    255 245 0 0 0 0 1 45 255 212 95 202 255 251 255 0 19 0 132 195 0 167
    171 255 255 1 236 255 0 217 0 12 96 255 54 0 255 20 169 0 151 54 220
    88 32 255 81 255 155 0 255 202 0 255 0 174 22 56 255 252 238 0 231
    255 0 255 149 69 161 50 255 255 230 242 0 47 0 8 255 255 117 205 255
    24 255 0 248 145 53 22 255 241 255 0 36 187 156 250 10 61 98 44 102
    113 255 163 0 93 121 61 218 0 90 191 0 194 255 153 78 233 205 230
    210 209 31 0 173 0 19 0 98 255 0 255 0 0 230 0 255 113 95 255 199
    177 45 255 248 139 8 0 253 250 255 32 146 0 0 187 216 180 139 138
    255 124 255 132 44 255 140 0 248 217 41 124 186 255 255 148 87 0 225
    237 102 141 0 255 105 74 0 42 54 0 13 182 43 252 46 152 0 176 65 0
    112 111 138 255 202 99 47 239 255 177 139 142 0 98 114 29 122 0 188
    10 207 0 57 0 255 255 238 75 255 44 255 125 175 0 0 147 214 82 255
    115 255 255 0 255 255 0 8 215 110 255 12 255 30 0 218 215 255 255
    128 238 150 5 255 212 168 151 150 84 255 199 141 132 255 54 0 226 27
    243 129 255 251 101 255 233 23 214 255 6 0 0 189 0 221 93 0 255 172
    206 202 0 90 170 0 23 0 0 138 22 19 101 29 255 0 255 0 255 255 83 0
    183 206 49 217 255 137 41 184 255 255 230 129 2 132 212 50 248 102 0
    0 115 159 0 112 204 255 125 34 213 132 172 133 85 135 93 151 255 29
    214 207 214 0 67 246 141 162 61 51 33 33 0 185 109 190 0 138 91 0
    249 226 73 54 75 84 213 12 122 156 6 80 236 255 0 0 172 0 115 0 255
    7 155 90 197 207 145 0 0 108 209 0 0 185 52 255 17 255 209 255 221
    102 164 245 167 255 0 107 255 197 199 214 185 80 104 249 121 16 1
    255 49 175 0 255 188 112 107 73 44 255 0 90 6 0 255 185 56 6 137 0
    194 118 61 118 0 107 71 0 144 148 0 228 255 31 255 255 149 255 67
    183 244 0 108 0 0 167 83 168 202 246 0 250 0 66 255 0 241 79 193 186
    154 255 216 0 112 255 213 255 34 249 0 255 203 57 108 255 229 0 75
    233 224 44 255 0 255 0 232 247 0 255 89 248 255 0 252 77 100 85 23
    226 203 255 230 0 220 222 54 0 120 255 144 255 84 214 85 0 191 0 20
    0 135 106 0 61 143 87 0 210 255 151 183 255 0 1 0 255 162 143 59 126
    121 0 234 187 0 74 255 0 243 173 194 255 38 68 73 135 68 255 14 30
    233 173 163 125 226 243 0 221 231 1 143 154 39 13 54 0 0 12 196 81
    36 62 150 196 255 192 34 0 240 250 0 66 29 255 61 123 255 19 0 255
    16 169 11 255 83 193 87 68 0 0 181 224 103 169 19 157 0 0 250 255 0
    238 255 182 0 0 255 87 16 244 0 65 199 171 188 239 150 0 203 0 40 19
    5 240 251 194 255 0 73 189 255 11 193 12 255 230 200 254 230 0 148 0
    0 67 118 18 129 255 221 30 104 255 195 9 255 41 0 245 71 0 77 31 255
    40 255 255 190 54 84 130 215 209 244 49 199 255 38 255 255 141 0 162
    103 214 98 251 0 90 231 164 249 231 0 104 179 83 0 82 210 135 83 225
    37 64 255 189 120 25 0 233 186 0 45 250 74 241 0 37 255 255 93 222
    127 129 189 35 185 191 30 255 56 216 0 45 41 212 255 48 0 255 219 28
    133 190 255 27 138 255 38 18 61 255 255 35 62 255 154 134 170 134
    255 0 18 132 0 255 0 255 86 21 255 255 114 241 159 0 0 40 185 49 0
    28 242 23 208 64 0 62 244 0 137 20 147 255 54 255 125 198 211 65 0
    255 255 127 0 178 59 188 131 209 116 211 195 173 0 255 0 136 252 0
    167 158 51 170 136 78 249 0 1 218 255 119 0 238 140 255 24 88 209 0
    41 0 0 181 93 0 255 137 0 217 29 46 210 69 173 202 89 128 0 0 240 0
    201 255 76 0 195 102 34 184 0 95 27 85 189 0 0 0 242 0 244 169 255
    162 77 139 170 255 175 186 252 133 0 0 0 192 0 62 178 137 255 232
    102 205 210 0 142 44 0 157 0 206 170 255 152 0 255 5 169 201 49 70
    255 67 0 156 132 93 0 255 4 52 194 255 255 73 60 0 255 67 161 231 78
    115 255 41 203 0 252 24 233 77 57 255 0 255 166 240 255 93 16 231 75
    221 251 126 244 0 60 255 0 191 203 255 0 5 0 115 83 15 255 0 219 22
    255 255 65 15 0 0 0 16 0 221 0 7 202 89 123 233 93 255 11 71 65 100
    173 255 0 255 22 119 255 0 183 0 243 82 0 255 58 46 60 69 255 71 255
    0 255 113 0 11 63 155 107 45 0 12 255 102 201 0 0 6 0 195 149 123
    255 0 0 27 25 255 158 199 255 39 255 28 1 6 255 237 42 5 0 0 255 250
    55 255 182 255 237 223 0 192 252 71 102 0 255 121 146 216 87 162 71
    0 238 0 95 110 0 255 213 21 65 0 40 52 237 163 229 0 221 255 255 131
    136 37 242 219 222 103 135 73 244 240 0 255 255 93 203 220 124 0 123
    251 0 4 62 255 193 255 0 255 255 23 255 219 190 4 161 0 219 255 87
    36 0 67 197 7 127 28 255 28 113 179 200 0 62 186 87 0 255 35 53 69
    255 0 2 158 0 0 53 0 116 101 135 226 159 255 151 98 74 0 29 178 255
    255 165 255 255 255 165 135 0 255 255 255 113 199 0 204 232 255 255
    226 176 30 240 152 0 59 255 226 0 2 255 0 239 102 224 0 255 252 0 29
    164 0 255 0 140 255 0 255 156 155 1 69 243 117 58 72 0 213 0 29 248
    123 151 154 0 152 0 255 205 78 255 42 20 0 224 0 255 153 132 83 53 0
    66 0 255 80 122 0 134 151 0 255 144 147 0 206 101 175 142 32 176 2 0
    255 8 255 255 9 64 142 255 0 0 166 252 0 135 172 0 166 230 255 158
    205 102 179 230 255 255 224 121 237 80 194 16 102 239 218 0 41 0 4 0
    20 0 0 231 255 84 0 208 255 0 173 232 0 40 255 216 141 151 202 54 0
    0 251 255 156 33 0 76 21 255 171 0 251 255 98 207 98 139 170 239 4 0
    198 0 42 220 0 255 252 0 183 107 250 255 30 24 230 255 13 67 183 239
    191 0 17 0 46 147 134 255 255 0 51 164 137 194 0 255 183 0 243 234
    201 241 46 100 220 29 255 112 255 183 255 252 160 0 239 77 56 255
    179 153 0 86 62 0 0 30 54 255 164 59 159 74 117 200 77 112 241 54 9
    0 0 0 151 179 0 0 255 63 27 34 136 0 24 42 255 205 0 255 196 0 255 0
    255 130 220 203 174 255 4 119 87 11 255 230 236 52 0 80 29 223 255
    255 255 222 38 113 153 255 0 0 0 0 0 116 255 6 0 255 0 255 47 0 82
    38 98 0 171 220 11 0 120 215 0 208 0 117 10 255 108 0 120 217 157
    255 182 189 215 238 72 13 142 123 181 243 255 9 255 42 44 255 0 99
    96 218 186 46 176 46 75 111 0 0 34 225 130 0 8 255 255 189 255 21
    156 0 237 0 0 0 0 99 153 66 0 255 29 153 37 0 60 246 0 126 252 214
    207 186 253 151 89 255 255 255 231 255 245 0 48 75 61 255 214 255 0
    90 255 255 241 0 54 255 44 0 255 110 67 0 81 255 255 0 255 0 58 4
    125 255 255 201 120 63 16 255 89 189 255 198 28 141 0 173 0 255 185
    113 255 255 0 247 243 240 72 112 255 226 255 0 255 255 0 0 104 0 255
    0 83 0 59 73 188 198 47 231 89 204 22 255 0 62 255 33 134 232 215
    198 12 145 255 255 16 0 249 159 234 0 0 0 255 255 234 255 255 255 0
    75 132 0 186 33 29 201 48 164 0 188 93 11 41 39 255 255 243 255 47 0
    255 0 150 124 45 102 19 255 181 81 0 50 3 68 20 74 175 200 217 136
    41 0 28 255 255 89 186 153 255 0 239 255 0 0 255 0 227 193 0 255 110
    250 98 84 255 203 10 164 26 0 209 129 255 0 51 182 255 0 144 255 158
    0 13 172 161 240 24 101 0 0 137 219 255 255 119 126 168 126 63 255 0
    179 255 41 233 62 0 197 187 0 11 122 47 255 135 34 15 126 255 0 255
    108 14 0 255 130 72 243 132 173 255 93 255 40 0 48 89 128 186 31 255
    0 0 255 209 136 254 255 35 61 29 100 201 119 255 130 36 0 161 45 254
    247 255 255 115 248 118 230 30 236 209 53 153 239 68 33 193 251 181
    92 35 114 41 255 96 0 32 0 163 1 150 131 87 72 84 255 228 45 0 70
    173 255 181 162 23 255 0 161 255 158 5 255 203 255 171 255 255 211
    234 255 255 255 187 62 0 144 155 123 0 40 0 126 104 104 0 112 0 20
    243 184 165 255 191 255 97 22 187 152 57 118 101 0 255 34 72 56 6 0
    236 117 151 64 44 123 0 255 255 32 79 255 63 159 83 137 249 165 84
    206 39 0 106 59 54 255 255 0 255 115 132 255 255 255 0 255 159 234
    143 0 255 255 16 255 172 251 195 255 57 0 255 24 108 177 0 240 76 78
    103 0 177 196 224 241 51 132 255 255 59 122 193 58 81 249 0 0 111
    152 62 22 255 77 9 78 115 0 255 0 33 12 104 144 2 255 79 200 29 0 51
    143 222 255 210 173 140 121 174 0 106 156 0 255 124 38 53 71 0 161
    255 121 0 172 190 173 255 139 20 42 252 0 0 255 255 2 255 255 149
    192 255 18 255 126 63 189 122 203 183 255 149 249 255 240 0 170 255
    250 255 255 178 0 242 255 0 0 161 249 0 0 191 190 108 255 0 39 17 35
    255 237 0 185 62 255 0 115 93 193 255 23 110 105 230 125 102 224 0 0
    43 69 255 215 0 0 47 255 190 83 91 255 255 0 220 237 217 255 98 117
    45 28 28 155 145 255 0 68 255 0 0 229 159 0 0 255 4 0 161 131 142 0
    255 169 48 57 255 89 253 0 113 134 255 229 87 143 93 255 193 226 255
    139 0 239 120 255 235 93 48 0 255 48 111 167 16 255 0 196 255 205
    255 0 254 72 54 121 7 187 255 5 0 0 86 0 255 0 109 0 255 30 0 162 70
    212 255 255 255 66 255 111 94 255 21 172 237 181 108 189 189 78 255
    0 96 90 255 234 0 161 98 219 160 255 81 50 0 0 255 97 81 15 212 154
    238 32 255 105 255 255 0 43 255 255 255 35 85 96 133 78 38 210 245
    103 0 44 0 255 0 217 93 46 0 189 123 191 82 10 0 47 0 255 0 206 46 0
    255 255 86 255 71 49 255 196 0 0 22 0 255 31 227 180 29 225 87 255
    255 0 255 147 190 169 198 100 255 0 175 153 0 147 157 67 216 176 0 0
    240 144 12 158 0 0 0 0 158 102 255 0 207 131 0 0 255 62 115 216 40
    147 255 0 166 0 99 244 0 80 0 0 174 105 186 121 125 16 75 52 232 111
    0 206 255 125 173 0 255 0 90 255 153 255 116 202 121 0 32 1 0 0 0
    180 77 187 58 228 40 182 60 255 223 245 190 20 42 98 90 229 0 100
    236 255 39 203 163 169 55 193 106 1 58 69 0 119 195 170 149 174 33 0
    19 2 21 0 255 255 211 193 252 131 145 255 246 14 118 255 199 0 237
    175 172 12 65 255 197 0 107 62 255 0 0 255 255 251 142 69 27 255 239
    88 190 192 26 223 128 167 25 27 91 174 0 8 145 185 52 255 64 223 50
    139 0 186 71 136 255 205 255 147 119 19 0 114 1 255 255 230 158 9
    219 0 34 255 254 119 56 156 255 0 0 255 0 235 0 49 30 215 228 255
    255 255 255 213 0 125 115 30 255 0 215 167 49 216 144 0 165 0 28 202
    103 9 0 19 141 155 0 60 68 90 255 178 103 100 128 255 0 81 212 235
    59 220 84 60 132 218 169 45 166 0 0 0 177 205 184 255 255 42 127 195
    206 106 131 255 7 177 66 255 43 179 42 255 0 0 76 23 0 153 0 255 156
    0 255 172 105 56 0 0 229 190 0 255 171 9 128 21 145 14 255 0 255 0
    172 242 0 0 219 27 37 14 255 2 203 78 177 202 33 255 109 255 178 255
    86 159 102 220 255 33 153 0 145 0 56 0 0 50 234 255 161 0 211 61 97
    63 199 255 3 0 255 255 163 104 0 0 245 13 0 0 117 64 255 29 195 0 0
    255 61 0 0 38 0 0 188 0 91 136 209 221 245 60 255 255 255 171 16 137
    61 184 191 255 111 0 189 165 180 156 129 59 255 0 0 255 0 21 255 0
    255 34 44 74 0 255 0 255 255 100 255 245 44 82 14 22 255 226 83 255
    70 0 235 255 255 0 211 51 208 120 128 225 245 0 24 202 217 99 85 0
    107 23 0 255 138 83 227 255 255 0 255 227 0 0 215 0 0 72 206 1 236
    148 74 0 85 255 255 0 178 0 205 222 195 120 145 255 45 141 190 255
    28 151 29 68 0 139 0 150 0 208 255 67 0 0 236 74 183 255 0 0 242 255
    116 130 180 50 249 255 16 0 0 146 255 0 202 134 253 209 0 255 169
    175 100 255 109 255 0 215 220 255 140 242 0 255 255 116 0 204 0 167
    11 255 210 0 21 255 107 255 255 81 22 255 255 39 4 7 255 220 204 53
    255 0 255 0 0 109 0 149 135 0 139 231 33 0 80 110 168 198 255 219 53
    0 245 190 0 107 0 235 73 63 154 54 255 186 184 114 255 92 255 61 0
    255 0 255 48 155 255 252 255 255 203 255 183 9 138 42 181 77 42 8 95
    110 62 50 255 0 54 209 187 71 255 195 237 255 179 214 10 179 70 0
    231 255 0 255 196 176 74 0 116 157 156 0 255 170 45 161 92 216 16 0
    216 0 153 255 202 255 163 255 0 41 218 99 175 50 0 255 0 191 241 0
    244 0 212 0 44 242 255 171 255 255 255 235 55 102 73 120 77 113 60
    235 0 112 255 126 126 105 0 40 173 255 255 0 127 191 65 147 0 245
    252 0 24 98 0 207 74 202 121 255 143 0 0 200 47 27 142 188 135 7 0
    125 6 232 215 1 43 255 172 255 188 255 0 17 213 0 44 64 0 255 41 255
    21 73 205 108 255 131 205 196 0 252 0 145 255 100 19 255 22 68 251
    35 0 57 0 167 0 57 229 206 132 31 32 0 31 110 255 166 4 2 215 169
    255 163 255 255 0 0 255 255 215 0 4 0 189 142 82 118 156 255 210 0
    226 255 165 255 172 18 210 0 3 0 0 114 0 246 255 0 50 183 128 46 16
    255 255 0 5 144 181 255 88 255 217 255 255 86 255 255 0 0 93 155 17
    8 0 152 255 205 162 102 61 249 125 255 84 200 100 96 255 6 91 20 210
    115 52 113 180 179 37 171 8 45 121 60 42 0 90 23 255 125 0 0 175 166
    255 99 239 31 13 4 18 121 99 165 232 255 241 77 0 252 255 54 162 0
    60 0 81 126 151 151 30 177 215 0 255 72 0 161 0 227 231 0 127 182
    229 253 232 77 0 245 20 192 171 53 83 0 0 0 0 69 36 255 125 0 255 0
    255 0 22 255 255 137 255 0 255 70 255 255 106 203 181 92 18 204 39
    255 0 235 75 255 3 214 103 255 41 0 17 255 0 0 0 157 136 255 0 92
    140 88 0 80 255 70 134 99 0 37 8 245 212 0 89 255 0 0 101 41 0 220
    250 0 0 246 59 219 215 255 66 0 0 218 0 0 80 201 237 150 255 201 172
    60 77 79 255 255 252 150 93 255 88 255 255 239 0 251 101 104 179 0
    88 79 80 193 255 255 255 5 87 75 125 21 159 255 0 53 144 226 39 68
    237 19 255 42 255 179 108 149 0 38 0 255 21 255 215 229 133 255 0
    110 0 179 35 0 0 255 230 30 195 203 255 0 75 120 255 223 0 0 0 209
    81 195 208 234 0 243 255 2 0 201 56 255 88 87 111 242 0 229 234 83 0
    79 0 213 0 255 129 42 220 35 184 30 255 182 0 45 29 103 134 255 254
    65 102 225 115 152 0 0 122 160 255 209 121 255 255 0 31 203 48 66
    163 191 0 225 60 3 102 218 6 255 7 121 194 159 250 0 255 162 189 0 0
    76 255 95 133 255 31 244 33 255 26 104 141 255 0 255 193 212 0 240
    255 0 13 255 255 133 99 120 128 73 255 101 0 255 219 0 117 255 0 0
    255 23 0 255 93 58 50 235 0 145 255 255 6 231 174 0 0 109 0 10 0 0
    140 0 255 126 255 255 41 31 231 200 103 0 255 255 146 15 189 255 255
    255 255 0 39 255 153 155 0 186 103 255 182 142 0 255 29 123 33 24
    146 246 0 89 162 255 255 216 103 40 230 252 218 255 131 206 248 181
    0 53 144 99 0 0 66 0 0 0 141 0 89 131 255 142 100 106 57 30 255 0
    255 255 0 60 0 0 158 102 240 255 136 0 255 63 252 0 255 121 255 0 0
    122 33 255 155 128 230 214 255 254 0 204 0 255 67 232 134 0 255 168
    0 201 173 0 0 0 0 0 255 0 0 255 189 255 255 0 71 135 240 81 255 228
    138 153 255 95 67 146 0 230 166 0 85 0 243 0 0 255 0 255 87 121 225
    181 0 77 12 37 162 148 220 0 61 143 255 199 115 255 0 255 208 155 0
    0 108 0 73 207 38 55 112 0 29 255 255 255 3 255 37 181 130 161 220
    255 0 136 255 255 118 67 0 12 0 255 128 82 0 0 253 136 255 86 255
    143 0 41 164 152 15 253 0 132 36 48 87 0 255 205 0 60 255 99 75 255
    77 90 57 81 63 152 138 119 0 251 147 0 255 242 189 61 255 0 0 170
    207 47 127 0 255 138 150 0 0 227 215 131 45 255 223 255 84 0 227 15
    110 0 112 218 126 0 255 30 109 255 172 112 223 212 95 20 237 44 0 70
    255 255 0 38 255 27 62 110 228 0 72 255 0 203 197 255 89 183 177 53
    255 45 255 220 124 140 255 0 189 255 255 255 102 215 0 136 0 11 0 41
    122 255 253 38 174 233 255 37 0 9 189 223 180 0 76 33 0 255 255 223
    85 255 207 93 233 255 27 115 0 255 61 84 178 143 149 24 45 69 177
    255 0 164 184 0 123 184 235 23 27 180 9 255 217 182 166 63 194 115
    255 0 0 87 28 151 202 87 242 181 0 203 0 0 255 104 255 255 0 115 75
    57 29 87 0 64 0 170 223 15 76 240 255 149 249 0 70 126 0 91 65 255
    28 0 145 255 0 255 229 105 160 72 180 231 140 126 0 210 31 217 102
    140 7 0 232 255 0 0 3 29 0 146 252 24 0 136 0 255 166 0 35 0 205 181
    165 255 226 255 170 88 77 35 155 180 0 203 0 0 168 163 106 155 219
    175 83 255 138 11 251 255 222 255 233 95 255 0 0 248 122 235 117 35
    199 109 191 63 62 0 54 107 38 241 177 182 241 0 18 0 7 3 13 159 195
    196 255 79 36 255 156 163 0 89 182 185 41 246 84 0 130 0 0 218 0 255
    56 125 223 155 0 29 61 86 23 0 115 104 95 84 255 39 231 226 19 123
    255 174 5 32 255 0 173 0 255 123 90 255 67 212 7 0 17 76 255 193 255
    0 70 255 210 190 118 222 151 252 0 179 0 26 63 255 188 20 176 77 77
    255 255 72 207 255 58 128 252 0 0 255 59 255 24 216 255 100 3 21 70
    255 240 230 0 255 97 0 116 207 251 0 63 214 4 0 0 90 255 22 25 255
    255 255 255 155 32 0 70 0 170 63 255 255 43 255 92 241 186 255 41 0
    255 0 198 1 50 0 0 255 163 62 255 136 0 31 0 20 33 0 41 255 133 2 0
    0 129 55 147 0 131 40 98 188 0 155 160 255 0 174 32 251 255 197 121
    255 48 81 3 0 51 132 255 0 30 159 156 55 122 255 0 0 37 236 0 233
    197 255 255 227 79 214 217 36 70 43 0 143 0 109 0 255 195 63 165 0
    255 255 0 255 255 25 39 44 181 232 175 255 130 0 163 215 255 16 215
    6 107 0 94 55 123 218 12 0 51 255 196 255 255 197 217 131 94 0 0 182
    133 73 255 31 3 0 64 25 0 55 72 120 172 0 0 165 168 211 194 20 0 255
    0 0 165 0 255 158 255 255 255 0 255 176 33 0 175 216 0 0 89 38 41
    237 255 0 61 0 154 225 110 245 122 255 238 0 75 208 255 102 231 136
    0 0 255 46 172 138 95 28 0 255 77 187 255 238 37 19 196 0 255 0 67
    153 0 50 255 79 79 255 121 169 182 171 12 237 253 255 255 0 5 138 11
    0 252 116 255 209 0 0 182 51 0 107 239 255 21 145 255 182 2 26 115 9
    52 0 255 39 236 255 245 183 0 238 196 125 5 215 223 46 164 255 0 255
    106 90 231 110 0 255 154 255 255 0 20 163 56 143 246 165 97 222 82
    109 138 0 75 44 193 0 69 255 0 255 255 44 180 28 64 234 255 100 0
    255 112 0 0 0 127 118 0 255 27 220 0 49 255 255 255 0 83 108 100 142
    231 99 21 185 224 66 151 2 0 255 205 74 0 255 0 220 0 199 233 0 255
    0 165 0 247 82 255 255 255 176 255 255 0 32 0 251 5 0 255 0 0 154
    183 82 0 255 39 161 21 49 85 145 255 59 0 71 255 123 104 255 164 74
    40 113 255 0 255 0 0 245 253 153 212 66 226 224 49 255 50 163 0 247
    255 113 132 255 54 70 30 186 0 0 225 255 0 242 60 98 76 224 255 189
    101 0 155 0 150 94 0 167 39 161 137 190 2 239 255 255 100 0 29 104
    172 138 165 111 59 255 29 0 255 0 0 22 0 255 47 255 0 235 25 255 4
    36 104 213 255 137 231 235 170 238 112 215 33 49 130 14 230 178 245
    255 84 221 215 0 255 255 136 227 166 160 0 101 193 163 255 0 137 205
    255 255 255 0 132 255 254 187 177 10 0 255 53 123 98 121 218 111 87
    57 0 144 247 207 255 72 110 33 242 0 255 255 200 143 151 0 4 108 255
    150 0 85 145 255 37 255 42 110 255 0 54 247 0 126 0 0 0 174 0 86 58
    99 0 0 250 10 255 157 34 0 194 127 44 87 255 255 57 12 255 10 83 0 0
    103 0 255 199 0 204 0 0 22 106 255 181 255 155 75 170 255 35 92 255
    0 0 50 87 111 255 73 47 169 217 0 255 2 202 19 133 8 22 255 255 106
    0 255 94 152 184 222 0 66 252 183 0 255 88 255 107 174 150 255 213
    50 255 53 0 234 255 0 0 149 141 178 0 132 195 106 0 88 255 255 159
    98 255 0 241 255 255 196 255 102 0 255 255 0 0 0 247 0 0 102 152 255
    0 189 231 255 255 255 111 255 241 72 14 255 49 1 151 236 208 255 195
    68 0 0 0 0 0 255 111 127 0 38 216 255 73 0 101 56 147 0 198 148 255
    0 255 209 0 91 195 255 122 110 0 0 0 0 255 214 25 0 255 0 255 89 0
    255 0 0 255 43 255 255 86 208 0 255 255 205 197 0 117 7 0 50 69 39
    83 255 0 255 255 114 30 40 192 63 219 255 255 255 0 255 255 76 108
    207 82 130 32 240 255 202 0 255 0 0 224 212 88 255 255 0 255 60 0 21
    90 255 47 61 196 255 0 208 129 44 0 206 189 0 255 56 220 255 186 60
    230 0 249 139 38 255 0 175 167 255 192 5 42 210 255 134 76 103 0 0 0
    255 255 255 120 121 255 255 78 0 0 0 0 175 143 166 255 111 188 25 73
    139 78 164 81 156 0 0 140 59 83 123 0 101 132 114 13 15 255 227 255
    255 0 250 0 151 0 20 186 63 0 17 1 0 60 176 0 6 134 175 255 163 255
    255 247 35 187 208 118 110 132 29 214 101 255 0 138 183 169 173 0 0
    255 86 0 148 26 127 248 236 100 50 84 53 0 255 156 57 97 121 248 65
    255 255 0 101 137 18 126 225 105 233 44 0 33 198 242 72 255 255 74 0
    96 57 254 255 255 121 0 127 135 33 237 157 0 0 0 252 51 203 139 119
    157 119 145 229 35 0 255 0 1 255 13 0 255 255 165 78 237 255 0 75
    255 76 144 224 255 55 190 216 0 118 34 255 255 0 118 255 1 255 0 255
    0 176 0 0 255 0 0 59 8 0 40 219 255 207 255 41 0 196 163 0 171 111 0
    119 199 187 155 244 193 255 0 0 104 0 123 255 136 108 178 239 48 74
    255 186 57 133 186 61 108 122 0 208 255 113 130 255 0 46 54 120 177
    185 0 197 255 77 255 0 120 195 120 255 1 210 238 0 60 0 0 0 255 53
    151 158 0 0 101 48 219 166 91 247 0 227 0 0 255 129 0 92 0 255 243
    149 255 215 255 255 84 0 0 0 94 0 51 0 40 0 255 255 255 0 37 255 216
    0 7 219 131 230 16 0 53 192 247 239 22 153 205 31 229 4 12 230 0 0
    43 10 0 27 233 255 196 189 0 196 203 74 252 34 0 174 44 67 225 37
    205 152 255 10 0 104 209 7 21 0 152 0 0 83 246 25 48 150 61 255 255
    212 255 220 27 120 136 77 31 255 56 255 0 236 120 0 201 248 45 47
    206 94 255 68 250 141 185 252 255 188 255 144 140 19 70 255 0 0 0
    214 194 162 26 224 251 122 254 255 134 0 255 0 23 75 251 36 224 254
    255 121 139 120 0 156 24 38 216 116 255 0 128 170 174 21 217 85 151
    29 42 0 235 124 255 0 45 255 209 236 201 144 22 0 255 12 208 186 169
    102 0 255 0 153 247 255 0 255 13 61 99 171 0 255 116 255 0 28 87 124
    255 217 33 0 64 114 163 207 0 228 255 89 0 0 255 0 0 0 115 3 0 201
    134 137 133 226 28 180 75 72 0 223 182 179 126 255 8 201 255 255 92
    255 255 117 93 0 0 154 105 221 255 255 2 218 62 252 201 33 20 107 0
    246 0 232 12 239 0 0 27 249 119 104 245 163 255 191 68 0 160 80 0
    128 255 158 0 231 92 61 88 141 167 26 38 0 0 255 76 255 255 50 255 0
    255 242 255 165 255 255 101 255 38 107 86 0 206 28 255 0 0 45 255
    255 74 143 255 244 220 88 230 0 23 78 253 3 82 84 255 0 0 98 97 0 1
    255 80 136 152 86 0 180 187 0 0 210 244 128 0 0 255 0 177 111 218 3
    255 233 2 144 213 255 95 255 109 219 47 255 34 242 198 9 133 0 47 24
    30 142 0 255 50 0 32 94 141 255 255 74 248 0 0 227 255 0 124 171 116
    87 189 0 255 98 255 0 46 20 0 46 255 46 0 0 0 255 227 96 255 144 62
    24 129 173 0 207 0 255 135 255 105 255 0 255 255 255 114 255 11 201
    121 230 255 100 255 214 213 255 255 179 216 255 136 148 0 0 36 207
    32 88 255 255 0 224 118 101 255 0 255 185 88 0 121 181 255 255 107
    235 181 145 0 42 0 202 65 17 237 164 41 0 0 204 163 68 177 27 160
    164 0 233 114 181 255 248 204 248 169 255 173 136 207 232 88 0 255
    208 255 0 107 95 194 18 0 67 255 220 255 230 112 255 255 33 126 153
    108 0 137 255 108 149 181 115 0 231 129 16 147 255 175 55 163 185
    255 230 255 155 197 255 90 0 255 0 18 0 166 123 0 255 140 132 255
    233 195 199 244 255 34 157 255 83 0 239 140 255 195 106 164 13 89 26
    0 255 105 0 255 152 74 0 46 0 129 152 41 255 3 0 255 158 198 138 0
    32 59 118 255 255 201 255 122 0 255 33 145 0 231 33 255 188 142 0
    255 255 0 129 45 131 0 78 255 254 0 173 104 241 255 0 255 0 154 156
    10 71 26 159 0 231 0 155 103 0 255 169 113 255 255 0 0 255 255 240
    213 255 217 208 34 255 4 55 26 165 77 121 102 8 2 0 8 199 255 212 82
    255 255 122 230 0 192 205 0 88 37 39 68 255 0 137 255 249 61 21 90 0
    47 150 0 245 152 118 22 163 255 23 255 210 242 86 0 149 201 3 255 0
    79 255 185 62 255 241 120 163 226 54 3 0 108 59 0 81 255 12 170 230
    255 154 0 255 249 194 3 0 86 7 255 129 103 253 123 178 143 140 255 1
    27 239 246 255 255 168 33 0 26 85 62 0 139 143 0 234 125 255 0 255
    70 210 32 92 0 168 255 255 255 186 54 118 27 120 176 255 44 80 111
    250 255 240 255 255 255 29 255 176 0 255 168 78 255 0 10 0 116 1 140
    214 1 169 192 43 241 203 22 51 63 0 3 33 255 255 175 255 0 0 0 0 185
    255 230 130 119 255 213 251 24 203 149 71 72 174 215 0 43 209 195
    130 255 1 77 0 114 213 4 0 0 255 0 75 217 246 0 2 0 147 201 115 11 0
    90 0 13 37 183 131 0 211 105 232 106 70 255 2 158 223 153 0 189 255
    140 220 170 218 237 0 123 11 0 0 142 19 183 226 0 255 0 171 54 0 255
    163 34 162 141 255 126 243 0 108 119 87 255 255 152 168 19 112 0 131
    102 135 227 255 105 195 255 0 255 218 255 63 50 167 229 159 57 255
    171 13 133 240 255 0 25 6 0 176 34 130 41 37 0 10 247 230 255 194 98
    0 255 221 0 106 0 255 255 140 255 203 66 255 186 0 255 81 221 0 79
    242 99 0 192 172 0 255 10 255 148 0 255 168 222 255 169 185 255 124
    248 0 219 0 201 63 57 184 157 235 69 0 21 27 47 255 183 243 133 255
    39 28 118 242 174 136 6 0 97 119 54 119 116 0 131 34 18 245 0 167
    180 229 160 0 137 255 202 34 255 0 0 245 212 255 122 15 255 236 19
    63 96 0 66 0 0 30 68 106 59 84 0 27 253 0 33 0 255 44 210 255 199
    131 7 173 122 157 114 118 174 167 125 255 69 152 10 143 143 0 146
    144 255 50 0 151 172 93 227 153 28 193 127 161 0 0 255 0 255 146 109
    86 42 255 0 115 100 8 0 0 0 0 0 85 155 255 84 170 0 121 0 244 247
    255 0 119 0 91 165 24 255 91 134 255 97 134 32 0 0 68 58 255 180 103
    0 26 186 0 253 27 0 255 255 255 154 0 93 179 8 0 125 67 0 255 0 41
    237 212 255 255 6 250 171 9 48 0 250 255 1 180 0 0 255 0 77 170 255
    209 18 182 223 241 244 54 19 255 30 152 0 31 0 184 44 61 0 54 0 0
    212 251 36 0 60 225 255 53 150 127 0 255 0 167 248 175 78 178 244
    104 95 255 157 17 132 181 0 140 255 208 0 255 255 18 255 53 255 243
    113 193 33 255 201 158 255 77 255 196 208 91 87 242 0 255 163 75 150
    255 255 0 69 188 0 255 255 0 92 195 216 255 56 41 0 255 0 134 255
    190 119 15 6 50 208 32 141 114 177 38 0 244 255 209 131 236 60 0 32
    82 0 0 0 181 63 0 37 153 255 0 22 255 255 255 128 251 255 0 246 255
    143 63 183 201 0 188 255 134 200 0 23 0 16 133 34 89 116 7 0 255 33
    168 255 0 247 0 142 0 0 164 171 0 87 13 202 157 0 15 231 176 9 63
    106 161 13 118 58 255 0 255 145 43 255 255 40 2 7 255 0 208 255 81
    151 255 9 244 35 0 183 71 117 54 255 0 139 165 98 255 166 255 154
    195 255 20 165 99 29 255 255 233 156 255 220 0 201 127 4 255 182 255
    255 50 255 255 32 63 161 0 0 112 111 242 35 0 0 0 255 255 159 255 41
    1 177 0 189 255 228 255 255 244 1 74 189 0 0 128 91 197 47 238 143
    51 255 255 186 157 246 159 66 119 205 0 255 175 207 150 0 0 186 70
    232 255 36 55 200 255 255 255 0 189 255 1 255 90 18 167 94 255 0 42
    255 0 251 152 152 255 0 0 1 20 113 0 255 198 0 111 214 255 255 255
    134 0 0 255 164 255 255 0 164 95 235 27 60 0 71 99 34 255 232 126
    212 0 255 176 57 0 47 209 0 0 11 242 91 0 201 206 197 0 55 214 178
    255 49 122 255 54 31 37 255 220 0 57 255 62 255 255 255 0 14 148 99
    0 0 255 183 255 114 255 239 50 26 124 0 0 86 9 234 249 255 255 174
    43 255 0 113 177 195 230 255 123 45 55 10 158 255 58 49 210 111 255
    154 243 255 182 255 65 152 220 0 105 0 255 0 250 255 107 0 16 0 255
    0 0 164 255 0 14 0 255 238 139 32 4 195 109 53 102 209 255 0 0 255
    34 21 204 71 101 41 0 0 88 0 255 192 0 0 15 217 128 10 255 255 255
    134 255 166 255 255 207 136 0 129 217 40 255 0 98 255 0 101 49 176 0
    116 33 0 146 207 48 174 0 132 80 0 206 225 26 0 43 52 157 0 174 0 99
    243 0 160 135 255 205 0 0 255 0 255 255 219 0 3 19 201 0 248 211 115
    160 171 255 255 255 255 255 147 255 255 196 160 188 0 105 255 141
    213 255 82 255 186 104 221 255 56 0 0 219 0 61 37 0 0 255 74 155 245
    167 1 0 250 159 0 191 153 181 0 0 245 0 203 0 255 252 255 255 84 165
    255 218 22 66 250 133 43 31 255 247 216 63 248 0 110 42 255 0 201
    183 57 209 190 202 0 255 207 181 0 79 141 0 106 3 82 1 114 128 120
    244 7 154 188 255 62 191 119 183 207 132 147 252 255 200 255 173 244
    119 255 71 153 104 255 68 100 81 158 14 41 157 162 242 0 0 255 255
    16 178 113 174 218 255 0 134 0 20 195 124 88 131 0 14 0 0 121 255 0
    176 255 0 0 255 36 32 5 75 18 0 255 0 0 26 188 116 252 158 164 206
    91 94 255 234 255 240 0 255 24 214 141 255 245 0 160 255 65 255 255
    104 0 113 129 90 5 215 127 255 255 0 84 255 123 255 255 33 222 254
    243 0 28 0 78 148 7 255 255 0 14 126 66 135 171 0 126 0 255 44 0 215
    193 122 0 168 41 192 84 0 108 0 255 38 84 255 225 252 0 131 255 0
    235 255 71 255 255 0 127 196 105 255 234 5 0 20 232 111 0 253 0 237
    144 108 133 210 178 255 85 255 6 255 181 196 0 0 0 0 97 48 37 39 148
    100 255 212 109 129 194 233 255 235 132 216 255 34 255 0 33 255 0
    252 175 253 66 255 82 217 128 87 255 96 40 128 252 255 255 0 157 255
    19 0 255 107 209 0 220 132 93 255 255 119 1 16 219 111 50 0 42 36
    255 0 255 255 0 56 0 194 91 122 226 0 162 106 255 156 12 55 93 255
    210 209 123 210 0 111 0 95 181 255 255 91 255 108 170 0 247 141 97
    35 156 0 0 104 117 171 26 27 165 198 255 69 62 0 0 92 247 0 223 0
    255 0 3 255 147 255 0 0 255 0 0 215 227 15 81 118 76 255 78 178 116
    255 192 38 154 0 0 170 255 15 210 116 210 0 230 98 0 108 0 255 35 0
    0 161 105 255 255 155 0 45 35 152 117 0 255 255 246 1 255 114 255
    190 0 172 255 211 252 69 46 0 107 255 0 255 141 114 138 0 68 0 59 73
    226 111 255 73 255 13 255 179 150 68 105 109 119 75 242 100 0 0 224
    42 201 90 208 255 251 255 0 0 188 74 195 255 105 44 0 168 79 134 207
    7 189 219 5 70 178 211 228 72 0 0 219 255 255 118 35 240 97 248 3
    116 215 67 165 255 0 0 255 0 212 255 130 22 255 255 225 33 255 255
    201 161 255 0 248 248 167 0 0 0 0 244 255 252 0 31 196 255 107 30
    193 0 241 178 20 255 228 119 45 185 118 0 254 127 0 125 0 159 11 197
    255 38 0 237 0 204 255 255 140 255 239 255 176 255 255 115 255 238
    92 255 255 0 255 157 2 130 161 255 93 0 27 114 0 35 109 0 255 119
    188 3 255 0 193 15 255 237 139 255 39 179 161 255 3 72 105 226 232
    255 6 169 0 212 208 0 0 255 208 74 102 255 127 32 243 74 90 185 255
    87 255 225 152 200 0 147 255 38 0 73 123 5 126 255 32 112 93 228 107
    171 115 255 110 49 200 46 155 62 127 0 0 255 196 165 126 255 255 104
    19 255 28 167 11 0 14 32 221 255 255 255 115 0 255 70 97 255 70 73 0
    137 115 184 32 255 255 255 255 0 255 101 255 20 199 255 255 255 255
    58 188 0 93 103 193 177 3 255 118 81 255 199 132 210 253 0 255 82
    243 0 153 49 0 103 0 233 197 0 0 217 90 227 89 0 255 86 0 255 32 214
    94 233 255 0 60 78 139 121 0 35 48 14 95 250 255 0 0 255 41 114 163
    0 0 37 104 103 202 227 72 0 0 116 81 0 102 64 24 0 255 253 255 124
    255 227 255 22 160 200 255 35 0 255 168 255 75 12 157 0 255 0 255 33
    41 5 131 35 238 146 0 65 89 0 0 80 205 188 0 0 169 224 38 211 255 0
    144 248 72 23 153 14 153 212 255 181 62 202 255 122 118 0 155 0 255
    255 127 216 238 126 255 255 1 255 80 255 255 19 158 245 83 0 255 130
    0 13 164 16 0 27 0 240 192 255 0 45 0 17 255 0 81 1 255 255 86 0 0
    239 155 0 232 128 0 255 0 0 29 0 0 226 96 255 127 246 56 0 75 248 0
    200 255 0 204 51 215 248 69 0 108 56 49 191 46 255 173 0 76 169 255
    0 64 255 255 229 0 96 210 227 255 3 211 208 246 220 0 255 255 42 52
    255 222 139 124 30 55 114 0 245 23 255 130 0 0 246 0 255 241 149 148
    2 20 226 249 255 63 140 255 70 80 0 0 92 169 255 224 255 255 73 224
    130 215 56 7 6 214 0 255 70 229 255 23 113 0 76 255 0 0 208 148 224
    255 255 38 15 244 179 148 227 107 62 0 27 102 133 255 255 0 255 255
    227 7 109 102 157 0 127 34 151 23 206 0 0 255 0 0 130 94 15 83 68 0
    38 148 255 0 199 255 54 169 219 177 221 140 155 255 134 0 89 235 143
    255 255 255 255 255 83 255 0 50 212 44 244 255 121 104 253 0 6 235 0
    100 171 255 62 21 130 255 241 101 150 206 254 52 255 0 0 229 255 254
    255 0 0 255 255 0 255 206 250 0 229 255 0 212 155 225 182 255 241
    115 3 88 181 191 97 0 47 228 255 125 72 255 55 0 39 0 0 6 126 228
    250 0 136 225 255 0 0 215 255 192 40 199 255 152 255 0 255 136 0 117
    248 101 245 192 86 253 16 97 247 255 0 255 255 34 88 0 0 0 0 0 255
    71 30 142 220 255 255 255 232 144 255 255 152 18 55 255 0 100 58 0
    24 9 0 0 154 115 0 129 0 255 108 0 150 0 255 41 166 255 184 0 255
    255 253 255 101 38 7 255 57 193 0 44 255 0 158 140 105 255 41 238 31
    196 59 0 0 0 197 207 242 159 255 155 23 137 0 35 83 255 174 162 135
    153 66 50 141 44 0 255 224 0 181 255 169 255 0 0 131 23 255 0 160
    175 88 139 32 192 0 255 255 0 173 166 128 0 254 162 0 13 220 224 160
    0 255 255 255 255 134 36 75 2 255 54 125 0 174 37 0 255 0 83 168 239
    8 215 25 185 133 254 205 0 21 255 35 252 0 62 33 0 7 0 255 255 0 255
    255 255 154 145 209 161 53 26 0 255 194 120 217 7 0 155 71 0 126 0
    255 0 156 82 170 248 0 177 176 178 255 245 255 118 255 0 255 176 196
    0 112 98 57 157 34 255 131 130 255 195 6 11 123 32 10 1 226 96 138
    85 255 49 0 16 140 71 255 228 255 122 88 209 125 12 254 17 0 199 246
    0 120 65 216 0 0 255 0 17 0 0 187 218 42 255 225 233 88 33 59 255 0
    242 4 255 1 200 53 0 206 0 255 0 134 0 255 121 0 129 0 255 94 207
    255 8 0 192 180 255 46 255 0 156 206 255 161 255 255 0 0 192 0 206
    255 121 17 255 86 84 134 127 156 43 91 255 160 0 0 248 255 172 255
    48 203 94 150 50 132 201 255 255 255 255 207 0 29 141 35 1 170 179
    170 255 62 156 195 234 29 255 255 0 35 255 135 223 27 0 255 77 0 143
    167 69 250 19 255 255 229 54 1 0 255 185 16 246 0 0 255 45 87 255
    193 175 130 61 255 180 126 116 0 184 101 255 230 253 89 27 255 2 105
    70 147 0 58 214 241 0 237 150 5 151 90 108 0 61 122 255 0 90 161 28
    203 247 28 255 255 1 255 174 226 0 45 234 47 131 85 241 178 255 52
    255 255 255 0 255 255 0 0 146 43 33 0 0 78 0 138 87 168 255 57 255
    157 195 170 255 255 0 66 121 0 108 0 88 172 0 255 158 21 26 0 139
    130 161 171 220 150 255 191 255 5 17 236 0 0 158 0 139 78 0 201 4
    215 255 242 149 89 99 0 255 98 91 0 224 0 0 147 255 118 255 255 108
    128 94 0 0 255 0 54 157 0 61 0 0 212 205 52 74 255 255 50 68 255 249
    0 66 255 48 0 35 0 88 255 0 205 173 204 255 81 0 0 107 103 98 0 0 0
    106 185 0 120 142 0 0 252 128 118 46 181 255 110 203 255 164 188 19
    149 0 0 255 241 0 192 117 255 138 226 209 203 54 255 0 0 92 127 68 0
    255 255 96 255 148 0 88 144 250 96 241 142 143 255 36 89 170 255 0 0
    12 200 255 0 30 95 193 243 255 16 255 185 163 53 255 254 255 101 237
    255 12 255 34 61 0 255 88 144 255 149 19 202 89 228 0 0 255 156 106
    14 0 223 56 255 135 18 255 94 166 255 244 1 155 0 0 76 4 181 255 181
    255 61 255 145 182 0 80 27 7 255 0 232 123 50 135 226 58 243 19 0
    127 255 82 0 62 127 0 0 255 200 44 35 42 0 255 12 39 56 255 36 255
    214 255 255 30 55 44 255 255 0 0 213 0 70 255 83 0 80 0 255 223 206
    255 52 255 255 255 57 255 218 127 0 55 139 19 149 0 53 255 248 255
    251 182 44 47 53 110 0 202 0 255 255 0 0 162 190 9 161 101 24 194 21
    11 255 30 255 158 215 65 225 0 99 255 255 255 255 24 33 24 255 72
    237 197 0 0 0 0 46 155 64 231 255 0 90 121 50 0 132 0 44 0 221 0 0
    35 0 255 6 255 103 148 0 204 74 225 130 171 100 255 255 255 22 177
    24 117 244 24 116 255 0 195 137 0 126 48 255 0 0 19 255 49 72 255
    124 255 206 179 255 91 186 19 205 28 0 228 126 255 135 5 0 68 155 69
    112 0 33 109 0 0 255 28 236 0 178 183 119 21 255 222 0 86 147 219 96
    255 28 129 255 249 255 23 236 255 120 255 255 93 181 241 224 255 0
    180 0 69 210 0 159 255 27 0 111 0 195 154 167 46 145 171 255 167 202
    0 26 249 131 255 0 223 28 96 255 254 255 0 0 250 255 77 120 250 18
    94 255 165 0 163 255 255 0 46 175 239 71 0 255 0 0 87 255 85 37 6 0
    0 0 179 93 255 18 0 0 255 47 59 0 38 93 0 0 170 0 0 150 190 221 198
    104 255 255 10 0 255 251 35 255 255 255 33 228 168 255 59 0 255 0 4
    201 0 0 255 0 0 199 172 151 0 162 255 0 0 193 235 48 77 255 10 255 1
    147 0 0 255 0 15 187 193 124 160 255 126 0 113 190 151 106 78 252
    214 255 63 0 255 4 0 143 0 0 0 0 255 237 152 176 0 0 159 43 255 8 61
    114 0 171 24 7 244 58 163 64 140 141 223 247 255 215 0 205 24 255
    180 51 166 34 228 255 136 208 1 255 61 0 3 0 255 0 58 216 0 214 76
    230 114 78 242 66 0 244 13 224 63 255 255 249 49 193 106 112 77 0
    255 102 212 68 0 17 105 255 0 134 255 0 56 175 38 0 58 55 228 79 255
    213 255 115 192 174 190 96 194 255 99 227 167 140 0 255 1 38 255 245
    154 200 151 0 3 0 0 255 48 255 27 0 255 3 0 255 155 0 63 255 152 255
    34 92 0 150 112 255 19 75 43 202 20 228 111 76 232 116 240 29 255
    131 213 161 255 4 255 0 0 156 179 91 83 255 255 255 238 255 197 255
    159 88 255 235 0 0 40 12 0 154 142 255 253 40 255 224 191 194 21 91
    115 255 247 163 255 255 0 101 0 255 62 0 255 248 38 2 228 110 105
    185 249 0 34 0 38 255 174 38 255 141 0 12 19 160 255 254 0 139 48 47
    255 0 255 243 21 0 255 240 0 222 183 199 46 0 0 40 255 56 25 221 239
    255 124 0 255 0 255 210 206 0 16 213 200 195 210 173 176 107 140 0
    191 142 151 110 0 0 130 226 224 59 222 189 249 247 0 255 234 140 0
    194 57 255 11 251 166 0 37 218 255 187 192 50 169 159 67 255 205 108
    143 255 126 74 249 42 62 12 0 52 70 52 0 30 0 195 121 255 196 0 217
    108 92 255 77 255 0 0 74 255 169 215 70 50 255 0 104 32 255 206 0
    126 129 255 29 255 240 253 120 20 255 255 0 0 255 0 219 0 31 232 255
    214 255 255 0 113 110 53 55 32 22 0 235 149 0 56 45 255 47 231 233
    189 255 114 255 255 187 137 171 220 255 183 255 255 118 60 196 74 0
    101 255 45 255 255 255 0 241 0 2 20 255 22 0 26 69 159 0 0 190 192
    255 255 63 128 217 95 81 185 255 95 0 0 35 255 39 255 255 0 250 50
    132 0 143 162 117 0 230 0 0 19 214 255 255 255 222 247 255 161 243
    177 169 0 212 186 0 247 110 0 90 255 0 84 35 136 31 165 0 100 0 204
    166 241 147 140 255 0 0 83 7 255 0 255 255 21 255 255 60 0 45 167
    255 212 21 0 255 201 44 252 255 22 0 0 0 255 140 30 195 255 17 112
    255 186 0 72 222 255 15 255 233 0 45 255 225 255 39 192 237 158 0
    183 255 111 210 27 255 58 255 219 255 255 255 255 150 255 255 33 0 0
    177 136 228 197 127 109 109 210 147 129 36 255 173 0 169 103 212 255
    207 186 255 0 31 255 172 82 91 0 255 44 0 194 19 147 255 0 58 8 165
    123 255 30 4 0 136 0 27 6 184 183 223 0 255 110 0 186 237 129 99 129
    109 255 0 255 255 138 223 0 255 64 0 49 0 0 33 129 255 158 16 0 255
    0 143 16 255 255 255 241 0 0 73 255 116 14 57 240 102 154 89 61 0
    184 255 255 166 0 255 0 81 217 253 92 102 255 138 255 111 155 226 58
    146 168 151 3 0 255 255 255 132 0 60 1 0 255 19 0 255 71 203 184 223
    204 148 254 0 42 255 255 133 0 255 255 14 255 45 0 162 173 76 153
    186 0 161 0 28 0 0 202 255 255 0 255 61 255 232 174 255 57 0 255 103
    16 255 255 180 0 0 62 57 255 90 170 42 97 255 0 0 242 255 30 250 0
    161 252 85 151 0 73 32 96 136 243 105 17 84 59 135 247 255 27 238
    255 235 248 0 68 211 0 128 13 17 255 155 85 159 0 78 255 7 55 206 0
    97 73 0 49 0 0 132 255 2 255 213 255 255 5 255 183 0 226 255 114 0
    14 24 6 0 255 118 255 255 255 115 74 0 63 0 0 73 129 186 43 68 255
    255 166 226 255 0 2 0 0 255 255 255 211 76 255 62 114 255 60 118 82
    14 0 244 131 157 148 255 43 252 167 255 0 116 110 255 115 0 127 0
    255 141 59 0 107 53 0 255 161 0 92 255 57 0 255 39 103 3 135 36 255
    162 87 20 159 0 28 110 126 123 102 101 12 166 0 111 0 127 0 255 0
    255 224 70 0 255 0 255 160 0 48 255 122 0 0 148 0 124 0 211 12 218
    140 167 81 14 47 38 106 0 101 111 0 179 255 3 139 0 61 255 178 176
    69 128 255 0 181 0 255 170 0 154 0 173 201 255 0 255 38 95 67 0 225
    84 188 94 166 207 108 255 149 216 0 151 0 134 12 255 255 255 164 206
    96 255 0 150 63 255 0 255 97 255 129 0 0 255 255 94 80 201 251 255
    255 0 48 127 119 0 121 255 169 138 64 255 255 0 100 54 116 34 126 0
    134 191 255 0 151 106 0 0 124 173 17 94 178 0 234 255 197 0 27 211 0
    225 85 182 0 164 254 255 210 146 255 33 238 50 17 0 93 248 254 0 75
    184 127 0 132 145 216 0 255 0 0 0 110 252 128 237 255 108 202 165
    255 255 101 205 0 0 19 253 72 194 185 188 191 0 255 0 14 0 77 125 28
    239 113 255 191 0 158 255 12 109 213 92 0 0 130 52 108 76 239 207
    255 109 91 77 127 233 0 11 0 255 0 0 86 103 0 255 0 255 110 0 255 0
    83 255 72 142 250 255 237 167 30 255 77 0 88 255 0 30 0 0 136 132 79
    0 255 157 0 255 255 250 164 35 0 185 13 101 0 52 193 121 156 255 255
    255 68 255 137 13 114 0 162 255 0 12 255 23 255 218 41 25 77 137 64
    0 56 0 255 25 0 237 222 0 73 0 255 140 119 13 255 13 0 248 112 0 77
    255 255 0 0 255 0 190 0 124 5 32 255 0 0 211 191 0 228 170 153 36
    228 211 48 255 120 0 255 56 248 203 178 0 18 18 2 255 240 209 0 207
    20 52 0 232 162 219 239 35 0 202 255 223 59 255 97 176 202 0 255 12
    0 210 16 218 133 255 255 255 224 232 56 54 83 148 234 0 46 223 165
    33 34 226 46 62 24 255 140 122 163 0 255 0 255 155 158 211 252 0 255
    126 236 37 85 0 0 8 0 255 0 177 0 0 0 194 30 7 255 0 69 28 141 255
    255 255 203 255 255 206 0 0 197 152 0 0 0 192 161 228 34 255 147 0
    255 148 12 89 52 255 182 89 144 57 122 47 89 255 99 0 0 225 171 47
    255 255 94 0 96 107 0 244 255 0 255 255 255 0 155 117 68 255 255 154
    11 0 83 212 79 140 0 233 0 0 50 255 203 220 0 9 81 158 143 0 65 0
    255 38 218 0 217 255 255 211 0 180 17 209 0 146 232 17 21 72 255 244
    255 157 93 151 255 0 50 0 49 0 117 178 255 0 255 255 35 88 150 55
    234 255 255 0 251 149 0 22 101 50 192 46 204 0 0 255 0 0 217 96 130
    250 255 200 0 255 201 227 255 134 5 171 255 0 255 124 122 77 255 86
    187 0 0 0 255 255 0 0 170 0 243 200 15 151 193 0 62 3 17 88 0 0 0 17
    0 58 255 113 37 206 255 57 255 5 0 255 175 5 0 170 95 65 177 46 143
    0 73 72 187 255 0 203 77 208 178 181 229 86 159 208 255 83 140 0 0 0
    183 0 0 0 255 171 0 255 255 244 192 173 182 253 150 255 0 14 218 12
    115 0 1 93 5 0 236 255 194 9 211 218 127 134 0 124 64 77 0 0 0 106
    189 5 255 1 255 34 160 153 174 137 255 255 255 0 14 122 133 185 0 17
    59 139 0 56 48 255 122 18 251 0 49 198 136 0 238 182 214 0 0 245 0 0
    221 196 0 255 0 255 0 33 109 56 11 224 66 33 64 0 167 32 114 75 255
    255 24 122 229 255 77 90 0 152 104 111 107 255 46 255 255 137 63 191
    149 0 96 172 177 255 255 255 0 140 147 255 255 153 122 212 110 252 0
    0 192 255 217 255 30 0 45 4 0 51 39 255 251 0 32 214 255 119 4 79
    169 29 14 57 17 147 255 93 0 255 167 151 120 119 186 61 123 255 79
    244 255 120 13 231 244 255 90 232 170 78 255 114 255 255 250 62 254
    189 0 255 2 0 0 140 166 105 44 0 70 209 246 46 170 194 0 254 0 191
    255 78 154 31 255 255 123 200 51 255 235 0 253 17 135 195 225 175
    160 55 255 9 32 163 255 179 145 9 30 0 255 40 54 47 0 0 229 37 23 0
    203 252 243 255 255 59 3 99 0 183 62 47 103 160 35 241 0 41 167 157
    0 0 0 0 255 130 0 180 0 158 86 255 0 73 0 0 173 170 0 255 49 201 236
    214 255 0 255 162 148 201 29 50 174 0 0 236 0 248 0 255 0 255 0 152
    174 0 249 152 255 255 255 0 0 255 84 159 20 121 75 210 74 69 0 210
    255 221 0 242 88 75 21 195 100 134 91 39 248 10 116 121 138 0 0 0
    255 218 178 255 255 27 123 30 1 0 98 191 0 194 192 221 255 255 255
    10 44 146 217 104 100 146 255 0 165 182 0 248 196 239 0 185 251 245
    208 0 229 82 166 116 255 0 230 129 0 255 161 249 53 0 97 21 38 173
    254 255 112 141 248 89 109 0 128 0 62 0 0 146 61 255 0 3 0 189 141 0
    133 0 185 255 83 173 55 255 35 106 138 33 255 163 255 91 255 255 76
    199 227 13 121 0 126 0 86 255 77 234 14 205 0 122 0 73 0 136 255 255
    149 0 0 142 178 7 22 169 0 255 68 133 255 227 255 0 0 255 210 255
    255 255 227 0 37 56 255 86 5 136 195 85 74 255 6 0 0 65 13 227 188
    255 238 0 81 255 95 70 216 255 255 120 169 223 255 229 0 121 0 0 255
    74 68 243 0 172 0 253 127 255 255 165 203 41 172 255 0 155 68 0 83 0
    255 255 77 199 120 187 95 255 32 62 0 19 227 255 209 164 255 255 160
    0 91 226 89 60 0 46 23 177 183 153 216 101 247 124 20 255 72 6 17 62
    191 42 247 3 134 0 255 156 115 255 97 222 0 0 128 195 255 59 252 255
    245 149 17 118 3 98 165 233 0 0 77 0 174 103 255 159 255 53 255 33 7
    121 0 74 121 79 255 159 255 108 0 81 0 255 255 16 255 70 225 255 255
    140 26 64 108 216 0 77 160 223 0 164 121 245 137 255 255 154 0 213
    220 53 1 0 188 239 23 10 207 154 206 255 255 0 168 255 9 255 163 175
    83 236 0 255 102 0 157 34 120 255 0 183 255 29 79 78 128 222 255 255
    150 89 177 121 255 187 0 2 227 25 255 255 255 0 255 117 0 30 255 237
    70 147 68 61 255 56 0 218 255 233 255 0 56 113 166 52 169 255 212 44
    216 255 74 223 241 0 201 107 0 255 23 0 255 0 94 158 126 126 72 138
    131 255 70 129 0 107 123 0 108 236 40 131 143 0 0 199 0 208 255 235
    176 0 238 0 255 0 132 69 179 0 205 255 208 188 111 255 255 67 0 223
    0 130 0 138 69 0 5 255 255 86 93 164 129 0 255 69 76 250 190 253 0
    255 102 37 251 81 253 189 221 21 145 211 0 154 255 0 57 255 156 102
    0 255 157 255 82 255 0 255 255 224 0 0 94 198 45 0 46 102 135 234
    246 192 39 129 77 0 55 79 83 255 24 179 174 255 73 255 168 255 217
    198 255 0 0 231 45 21 30 232 153 234 0 60 49 255 242 215 0 188 32
    110 230 182 248 230 14 16 182 247 85 136 34 26 219 255 50 0 207 145
    0 38 227 242 145 255 255 0 159 32 72 75 12 198 28 65 55 255 255 235
    84 255 136 116 172 255 63 77 0 45 240 34 59 225 73 255 73 182 184 16
    0 0 0 198 164 243 0 163 128 95 81 62 255 255 64 9 130 52 0 116 0 142
    0 223 255 0 255 80 160 175 255 189 255 143 0 230 255 143 0 131 219
    168 255 158 32 255 16 65 150 51 0 255 97 255 94 200 151 108 218 0 6
    184 255 227 96 233 184 132 72 188 0 207 97 236 188 0 153 255 185 255
    0 169 79 95 0 179 205 28 138 0 255 231 255 29 255 218 218 79 144 255
    0 248 167 121 255 146 255 195 255 255 0 203 255 236 90 95 131 8 255
    79 53 153 0 0 255 255 148 187 255 221 179 164 147 255 244 70 251 0
    39 110 255 168 15 255 0 9 196 255 0 255 46 206 235 0 70 68 25 151 0
    94 227 0 144 100 126 183 255 143 0 255 94 131 12 0 17 12 106 255 255
    159 237 255 0 255 255 253 101 0 78 255 135 255 156 0 255 157 114 255
    255 55 0 195 133 0 236 255 66 255 255 39 147 190 223 227 206 255 135
    198 255 119 73 181 163 0 27 0 223 235 231 96 255 87 0 74 246 137 0
    28 255 125 183 95 81 0 163 152 38 57 128 75 170 0 150 4 0 0 132 75 0
    122 137 0 145 104 95 84 101 14 106 0 193 255 255 92 120 156 46 32
    226 0 0 255 43 183 119 0 25 255 255 255 255 148 2 173 212 212 66 103
    245 0 40 255 174 248 0 234 0 234 255 255 115 216 224 255 255 2 0 255
    96 247 0 255 127 255 117 192 157 0 65 128 46 0 151 169 231 220 118
    135 255 125 0 247 137 255 255 225 0 72 255 0 255 32 255 135 53 167
    165 119 0 252 68 255 42 13 125 33 0 255 255 57 178 58 255 255 236
    255 218 0 248 91 116 177 255 255 0 238 230 0 144 0 223 131 192 118
    127 159 255 89 255 255 216 190 57 255 6 47 255 120 112 252 208 46
    190 238 0 255 255 255 255 35 178 0 46 235 0 255 10 173 253 255 94 34
    0 255 0 150 89 98 186 101 0 0 108 0 233 0 101 0 255 25 130 87 216
    247 55 7 100 255 134 26 12 255 30 0 93 255 151 0 255 151 255 228 255
    0 121 255 95 91 10 127 87 0 3 150 255 0 255 255 255 255 44 0 255 255
    155 207 255 0 197 0 16 255 0 56 43 255 27 4 111 0 223 93 255 200 187
    49 0 0 193 0 71 255 182 0 175 39 76 255 61 255 184 134 251 255 213
    134 172 0 168 21 160 50 233 4 235 0 66 109 233 211 255 255 255 127
    164 255 33 255 255 51 136 120 22 255 84 56 193 87 153 255 0 133 255
    0 255 255 173 74 13 255 67 74 223 255 0 0 0 165 109 255 222 255 255
    0 71 24 120 0 200 46 213 255 207 5 42 221 235 253 203 214 240 255 0
    128 0 8 93 40 44 156 44 52 255 180 0 157 90 105 255 66 208 255 0 255
    10 219 203 255 71 59 179 155 255 67 123 153 0 213 85 255 215 210 255
    255 197 111 180 186 76 27 158 255 0 42 255 87 255 172 252 118 8 9 15
    255 246 0 24 255 204 240 133 49 0 229 0 50 17 255 64 255 128 200 0
    141 139 0 255 202 35 255 108 100 238 88 255 0 0 15 255 139 207 255
    255 255 139 255 185 255 175 255 62 5 42 101 98 129 0 0 236 0 133 255
    0 227 0 0 207 0 225 0 217 200 255 255 255 237 174 164 249 0 155 255
    0 255 193 255 255 248 220 112 0 255 76 72 255 0 216 0 46 9 0 82 255
    186 234 173 203 128 244 255 251 0 154 154 100 175 162 204 117 0 166
    225 232 255 39 150 115 255 255 66 135 0 162 233 149 94 87 206 66 62
    42 0 174 118 124 0 100 124 0 255 255 215 255 0 163 0 176 145 63 208
    115 237 30 75 152 255 172 12 139 0 255 255 255 119 54 243 134 255
    118 255 255 0 43 255 235 0 0 0 88 0 249 0 254 247 0 255 184 158 85
    255 196 21 53 255 255 0 171 255 47 245 100 251 157 0 60 0 228 37 19
    255 255 54 0 251 201 0 52 111 22 58 186 216 248 206 212 255 55 119
    143 255 62 6 255 205 49 255 150 191 0 255 45 255 0 76 5 212 80 121
    255 0 0 0 34 87 90 90 201 255 255 0 173 255 0 39 229 107 113 167 0
    42 244 226 214 225 0 200 204 217 12 255 57 0 212 0 58 255 246 119
    225 255 100 0 145 96 161 130 0 71 255 212 119 63 22 255 122 150 255
    170 41 255 116 93 71 159 190 190 87 117 111 151 187 213 255 135 210
    2 196 193 227 77 14 255 23 38 255 233 54 74 0 255 53 0 217 255 45
    228 255 88 222 165 120 153 255 255 0 164 165 13 79 156 134 32 195
    182 30 180 255 61 189 138 217 255 255 177 102 255 199 0 117 250 209
    131 127 241 152 0 240 213 176 255 217 255 224 253 48 106 233 35 255
    135 53 0 0 0 232 246 161 107 233 254 0 255 0 125 133 69 255 110 108
    63 154 22 0 254 162 255 244 22 0 35 72 173 49 0 5 37 0 154 238 179
    10 123 174 96 0 169 255 199 220 36 0 0 0 213 223 218 255 190 177 108
    168 142 33 49 255 227 72 218 255 0 255 3 177 185 172 152 25 0 250
    167 223 37 149 255 0 140 133 135 73 109 255 0 255 160 255 64 109 222
    111 179 173 55 132 79 0 96 170 229 238 58 175 172 6 51 153 136 115
    140 43 213 182 1 190 255 132 245 0 79 204 0 255 158 161 42 12 191 44
    255 0 164 189 255 224 225 0 0 228 255 45 150 15 210 255 252 152 0
    155 190 130 102 255 0 11 0 31 185 97 235 115 110 255 208 215 132 86
    163 251 180 255 13 0 0 0 0 0 0 119 31 245 42 35 192 255 0 255 179
    146 193 148 0 255 147 121 165 82 73 12 231 0 127 43 238 31 37 240 57
    47 0 255 0 48 94 255 18 118 105 0 255 0 255 255 236 0 87 255 197 147
    0 255 233 78 106 25 255 176 0 223 23 159 141 22 255 0 152 240 0 255
    255 0 255 233 0 255 0 201 255 76 255 113 0 129 52 0 230 139 73 9 0
    250 0 53 95 255 0 0 102 0 255 108 255 95 255 81 0 127 225 249 243
    255 102 255 255 161 55 69 255 255 95 153 69 167 68 85 204 84 164 50
    98 117 13 22 255 133 108 0 179 0 152 107 255 79 7 126 255 133 63 128
    0 255 255 163 104 32 109 168 126 164 202 196 53 95 100 0 188 148 114
    255 27 242 27 255 89 150 225 30 51 255 0 148 93 0 164 182 255 248 0
    180 0 58 173 103 172 61 172 161 9 10 0 187 23 112 0 255 107 233 117
    250 18 255 255 153 205 88 0 131 234 18 59 0 217 255 0 0 172 202 0 0
    157 156 253 255 255 0 250 207 0 0 233 0 0 163 40 9 106 241 0 34 80 0
    171 0 2 128 93 255 179 4 145 194 250 16 54 255 211 165 101 255 56 0
    0 200 97 0 255 252 193 221 183 104 2 126 95 206 198 157 147 255 160
    0 28 255 18 0 180 255 130 0 102 206 0 159 138 97 160 227 34 255 110
    163 255 175 255 114 0 0 0 0 36 255 17 0 0 0 0 94 142 255 42 0 188 35
    88 0 148 135 206 77 196 255 0 126 0 0 255 38 0 0 0 183 0 154 254 0
    255 244 195 255 104 222 255 109 0 0 255 0 60 99 240 60 60 123 100 96
    0 172 242 0 135 0 252 0 107 79 0 196 234 143 161 181 255 138 207 219
    121 0 101 87 189 0 81 206 255 45 255 0 255 0 0 0 103 106 0 255 155
    255 57 73 255 0 17 255 168 255 43 0 146 88 122 0 8 163 255 124 0 188
    200 240 0 171 255 215 255 0 255 54 255 255 245 255 9 103 91 0 242 0
    96 107 0 0 196 126 185 0 143 82 255 255 104 45 98 176 102 222 48 172
    39 125 224 42 255 175 0 0 191 255 255 255 92 241 0 137 64 87 65 106
    255 115 103 255 193 240 212 232 255 163 28 35 0 255 243 46 255 127
    70 196 131 0 255 76 111 0 169 242 255 0 32 150 57 46 0 0 255 169 0 0
    140 220 206 122 62 8 0 33 188 68 255 42 0 168 64 102 62 89 255 169
    87 3 255 79 127 255 255 255 112 142 232 255 105 0 0 165 255 32 193
    255 255 23 0 0 0 0 0 0 0 146 190 103 255 98 61 46 255 12 63 218 55
    248 0 246 109 8 255 175 214 255 99 100 0 0 255 111 131 90 112 87 189
    238 245 255 0 114 20 23 51 0 0 0 255 0 0 61 43 253 0 0 255 0 36 255
    68 102 229 215 28 62 255 255 64 125 239 2 58 125 196 126 233 79 183
    0 0 94 0 255 36 32 61 121 255 255 0 0 255 65 230 0 223 255 0 255 40
    148 101 147 81 0 48 63 142 201 6 243 0 175 62 60 161 56 0 255 255 4
    100 255 255 255 73 63 50 242 255 0 51 237 198 0 30 80 222 123 41 255
    2 193 117 0 255 31 69 161 171 69 146 161 236 1 106 120 0 244 63 231
    2 255 177 0 190 255 255 200 255 255 47 120 46 0 67 255 149 35 10 149
    255 37 52 39 102 27 66 42 188 182 172 255 0 158 134 214 0 129 205 25
    156 211 164 76 0 255 219 0 152 126 57 58 134 77 255 137 159 148 73
    21 80 13 30 50 0 130 24 109 134 255 85 163 38 178 235 123 237 255 0
    5 166 92 19 175 254 255 230 0 255 0 128 31 255 10 212 252 255 188
    224 255 129 255 0 181 206 0 0 0 0 59 148 111 238 211 11 183 139 53
    183 255 243 44 221 223 0 0 59 169 118 59 244 0 255 0 123 254 59 0
    255 163 0 101 71 255 10 254 203 30 0 62 0 149 0 0 4 0 0 132 132 255
    125 0 72 0 8 255 0 66 221 0 77 255 0 132 0 255 223 255 255 129 242
    255 0 197 48 255 87 80 154 255 195 48 161 74 22 0 109 204 250 0 198
    205 0 72 81 0 0 0 13 92 255 0 55 0 13 192 177 118 38 77 1 114 0 213
    0 109 89 234 44 112 230 193 255 37 255 0 124 178 255 91 255 182 255
    208 123 76 80 65 123 0 34 155 58 0 0 7 2 3 208 212 255 173 227 87 2
    84 255 128 57 226 0 145 0 242 130 54 0 0 19 189 255 70 13 110 255
    159 255 87 93 0 8 17 207 19 144 165 169 253 117 220 111 252 255 255
    101 49 6 182 0 63 209 173 245 134 169 255 135 8 243 244 255 45 0 0
    52 255 108 46 255 251 0 71 204 255 13 28 37 0 105 255 72 0 255 0 0
    193 255 108 235 255 19 255 118 116 94 61 173 43 185 253 0 0 172 94
    235 0 222 0 0 57 0 255 0 94 255 9 0 154 181 210 158 0 227 0 100 255
    255 211 238 2 64 255 137 251 0 255 255 0 2 190 0 182 0 94 255 111
    155 224 0 58 0 226 0 103 158 138 57 207 255 0 98 0 135 158 0 67 201
    255 255 204 78 102 26 0 255 0 255 65 111 255 136 255 0 0 143 160 255
    61 255 245 0 120 82 195 39 255 84 184 6 255 159 0 34 0 135 255 212
    211 186 59 0 214 0 255 201 0 255 0 99 39 16 255 207 190 57 0 0 68 0
    4 0 183 25 0 135 215 17 113 0 92 0 51 0 255 113 25 207 255 116 255
    45 0 255 0 169 188 255 97 110 53 120 60 0 0 231 165 34 0 159 99 71
    255 18 39 203 197 114 164 93 235 99 44 192 2 57 37 161 255 255 215
    255 161 255 241 1 0 141 249 140 51 131 237 168 42 255 36 243 255 0
    86 240 17 173 145 15 96 220 125 235 154 0 47 0 165 112 87 0 35 109 0
    187 178 32 255 52 255 250 255 185 132 28 193 93 146 207 210 50 43 95
    49 255 0 255 185 0 255 0 191 202 0 0 43 0 0 162 136 101 155 111 49
    66 184 1 0 200 18 110 154 255 255 0 0 0 0 0 0 191 86 123 210 235 255
    96 255 255 9 38 255 0 0 144 0 0 60 68 255 85 10 219 0 198 217 119 0
    223 145 208 124 162 255 155 0 255 131 255 255 213 60 29 0 0 92 132 0
    0 85 0 148 255 133 145 117 185 255 35 123 255 203 255 255 17 255 0 0
    255 85 177 0 48 255 13 0 180 40 218 123 112 255 182 124 0 255 211 49
    193 255 61 51 111 229 221 93 108 0 0 255 180 71 0 255 0 0 255 137
    136 80 0 210 18 141 175 16 38 134 0 61 255 0 108 255 45 214 255 238
    28 255 73 0 255 116 236 60 0 80 22 97 0 0 255 213 255 172 145 98 38
    255 134 121 255 216 0 255 11 255 103 0 220 26 184 97 236 228 67 255
    255 225 200 86 0 119 0 101 237 82 223 0 255 50 133 0 255 36 0 255 0
    106 67 255 255 0 16 0 0 250 151 0 133 0 126 142 108 255 0 255 23 207
    255 0 255 241 27 255 0 226 130 24 88 255 135 165 26 220 49 0 33 0 0
    255 167 167 61 0 2 0 234 255 177 255 255 255 243 255 255 238 12 0
    236 255 73 0 255 220 75 126 234 78 100 177 170 115 201 159 75 255 25
    13 55 86 0 255 255 224 0 171 0 146 0 246 130 255 0 10 142 255 52 150
    253 138 255 212 116 102 187 120 218 0 200 145 164 0 20 255 0 171 118
    145 0 255 102 12 44 218 74 240 90 146 24 241 255 204 248 42 255 49 0
    9 229 136 74 200 158 0 88 255 181 108 6 20 57 85 110 89 218 0 255 0
    11 2 211 75 84 188 255 122 77 73 255 119 255 53 255 255 14 210 255
    255 27 58 38 0 55 65 17 255 0 25 243 104 255 153 0 255 199 0 199 213
    255 247 63 120 160 0 103 107 0 168 152 0 177 233 21 66 200 255 50
    255 124 0 255 96 0 99 16 154 0 163 225 255 9 255 154 0 221 155 237
    255 255 255 225 255 255 116 255 236 0 56 255 121 191 215 255 54 255
    8 59 247 255 137 72 0 80 99 9 245 0 255 254 209 170 142 0 164 0 0
    255 0 255 4 149 1 206 255 219 255 118 79 89 194 68 255 0 46 19 0 255
    216 0 180 224 1 41 251 255 84 213 190 24 255 158 156 65 250 255 70
    147 0 120 62 255 234 6 255 255 0 68 0 30 2 255 255 0 58 171 54 255 5
    21 163 102 146 124 83 76 44 255 228 0 255 255 141 150 162 168 156
    161 237 54 0 230 148 23 50 0 53 64 0 237 178 219 0 255 175 0 0 201
    54 30 197 98 255 184 255 255 0 255 37 0 109 255 0 135 0 162 0 131
    255 93 20 255 230 255 255 108 96 0 215 149 0 23 186 0 0 138 137 68
    222 204 70 255 255 255 28 255 0 181 233 255 255 170 0 255 255 248 81
    255 87 51 0 134 253 97 0 249 115 79 208 2 0 220 0 80 0 255 0 255 96
    114 0 0 189 0 255 255 109 119 186 99 255 143 22 88 0 255 0 255 160
    117 255 21 204 0 0 245 255 255 0 233 0 216 191 0 255 4 177 15 8 0
    255 255 209 0 255 0 0 132 255 138 179 132 119 255 255 14 91 255 0
    228 8 52 255 189 0 13 172 0 255 83 142 155 202 255 255 97 168 201
    255 167 0 218 255 188 0 147 48 106 255 135 255 91 255 43 237 206 231
    18 207 242 255 227 174 0 0 30 0 0 255 33 255 255 95 255 254 221 204
    215 192 144 213 90 95 56 0 107 120 24 170 3 255 255 201 245 0 255
    179 255 227 0 171 0 255 0 206 130 255 171 0 0 0 18 0 125 169 255 255
    213 255 142 57 68 110 104 12 255 110 188 255 50 111 8 36 183 227 166
    67 58 255 255 252 255 107 0 103 91 0 18 255 18 129 236 220 8 86 47 0
    189 29 0 55 105 135 160 0 255 170 93 144 33 0 146 239 77 255 25 255
    109 0 0 255 98 56 255 207 227 0 17 0 255 0 255 250 60 0 255 238 255
    10 143 228 87 192 255 255 173 139 255 0 255 161 249 12 0 112 255 0
    219 23 255 73 60 118 255 196 255 226 193 0 0 0 255 173 46 192 221 37
    13 104 171 186 0 0 15 132 0 210 67 0 164 140 170 255 255 92 223 247
    99 255 183 153 255 10 76 253 189 253 255 255 255 255 169 25 0 0 15 0
    200 0 172 157 0 139 172 255 160 201 241 196 181 246 204 156 172 214
    94 55 0 0 90 255 65 0 39 96 0 72 40 245 221 96 76 56 255 120 255 93
    140 24 255 75 147 255 255 209 126 0 0 234 0 0 74 40 151 0 239 9 8 35
    255 228 255 133 0 146 155 197 252 255 196 86 151 0 0 193 53 161 2 6
    106 0 46 0 255 192 202 16 41 0 159 223 193 93 171 122 201 167 255 98
    176 38 0 0 0 0 0 0 255 200 252 134 23 239 255 208 194 255 42 73 255
    0 255 222 0 0 255 154 112 114 67 78 59 0 0 37 160 41 86 175 104 255
    81 255 110 67 255 135 0 243 0 0 147 113 170 0 0 29 22 40 0 255 0 98
    151 194 154 104 255 250 0 106 0 67 47 39 255 255 228 24 22 175 0 0 0
    255 154 59 21 255 255 0 247 49 213 11 254 0 0 231 171 0 255 0 59 0
    102 0 108 0 7 60 255 185 52 248 190 129 90 255 248 0 255 17 0 255 48
    0 0 255 162 245 39 255 120 255 200 0 161 41 197 39 77 224 0 187 110
    186 119 192 118 0 228 0 124 192 110 176 80 100 115 130 0 107 0 24
    116 217 0 108 255 30 245 207 0 0 241 255 150 188 255 202 212 135 66
    9 49 229 141 94 126 0 122 234 0 36 129 201 153 255 221 255 213 51
    187 238 52 99 217 206 199 137 79 225 26 131 0 146 0 107 255 13 186
    255 0 194 208 23 17 111 219 59 255 61 0 219 118 171 255 32 255 255
    248 251 117 32 17 39 195 228 216 0 255 103 10 149 119 88 0 255 12 40
    255 244 255 8 174 139 78 144 94 255 169 173 143 166 0 99 173 195 0
    217 173 140 0 168 235 194 121 156 238 170 199 255 145 157 191 10 50
    0 221 251 61 255 90 204 230 255 255 240 230 134 218 70 194 191 107
    127 255 144 7 255 46 187 148 0 0 255 0 0 48 133 235 0 0 255 0 110 47
    115 238 18 255 51 175 136 0 0 178 0 135 255 101 79 79 0 209 255 255
    0 255 125 255 218 243 255 183 37 129 249 64 107 48 0 255 255 255 255
    255 0 255 102 0 234 255 151 3 0 255 92 96 61 62 255 200 255 143 255
    255 204 175 148 255 211 75 201 0 95 147 17 99 209 39 3 0 136 27 0 0
    255 132 161 181 255 255 0 44 255 255 0 229 255 185 0 73 0 42 0 219 0
    20 0 255 213 235 0 231 240 131 107 227 210 92 103 0 155 175 196 77
    255 160 0 255 255 114 255 255 255 80 203 218 0 0 255 35 228 0 179
    255 0 68 219 0 93 131 122 17 60 0 255 101 206 254 219 13 255 55 0 68
    11 0 49 26 95 0 39 0 255 0 58 0 0 189 186 152 159 0 57 56 27 86 255
    255 39 200 255 104 43 119 255 44 0 159 94 227 23 199 255 222 180 33
    222 139 37 0 83 117 255 118 0 57 19 7 63 12 0 255 255 220 0 0 178 27
    168 201 255 92 245 131 0 99 65 0 255 255 243 102 93 255 80 0 180 0
    19 0 24 41 42 255 255 0 255 0 51 152 0 101 215 64 97 64 100 0 86 255
    255 4 0 136 255 0 107 23 209 255 255 255 13 8 255 140 213 0 46 164
    76 14 134 157 174 255 248 221 164 9 140 33 255 0 213 255 0 42 0 0 0
    36 201 0 255 111 203 255 198 77 155 129 16 185 231 53 46 255 255 0
    255 18 1 94 255 162 116 0 255 255 206 85 0 0 241 255 0 255 0 172 255
    9 59 178 255 189 255 166 69 139 150 255 116 0 161 108 12 255 0 0 0
    97 184 222 222 98 225 235 0 21 252 104 161 0 128 196 94 201 126 116
    143 179 163 255 1 97 255 255 0 199 144 218 22 20 255 104 255 0 205
    255 76 67 199 0 0 0 118 154 255 93 53 255 0 255 0 255 0 0 255 0 212
    0 113 255 115 50 48 190 255 62 255 255 0 255 175 60 222 112 62 12
    102 140 255 255 219 26 0 246 0 92 255 185 132 29 97 47 83 146 77 5
    155 163 255 12 0 140 48 255 246 255 59 89 157 13 229 11 0 247 139 75
    255 216 50 205 248 142 174 39 255 0 235 181 49 198 255 38 112 24 0
    255 117 122 255 101 48 42 160 146 235 104 0 118 213 0 255 255 89 216
    255 155 255 2 164 255 107 14 255 160 200 104 255 0 108 134 102 255
    74 255 0 0 0 243 237 163 49 0 190 0 242 255 37 26 115 25 73 148 255
    112 74 153 0 146 173 222 68 17 255 0 221 181 179 168 255 250 103 255
    92 145 223 89 255 0 255 255 255 255 122 255 219 255 155 0 255 78 0
    119 69 0 78 149 255 27 123 255 255 143 163 63 152 0 90 255 196 78
    233 43 0 214 166 54 115 171 239 0 70 146 86 180 174 141 179 175 0
    155 0 0 255 0 0 152 255 52 165 72 72 0 70 150 57 0 255 210 0 111 0
    45 224 146 255 48 0 94 0 255 10 0 44 253 113 216 255 214 255 217 225
    17 132 54 255 3 115 218 0 0 197 164 255 255 255 240 255 255 0 75 6 0
    160 8 237 0 254 255 255 255 137 255 201 55 135 48 255 0 141 166 237
    0 255 255 255 255 255 246 45 123 96 255 255 157 255 255 255 255 0
    145 71 255 62 0 211 255 255 243 255 0 255 255 210 0 143 167 196 0 44
    0 96 251 0 0 144 67 38 109 206 71 0 234 0 0 0 10 161 0 255 7 229 199
    255 255 47 255 0 162 62 68 0 176 63 74 0 199 207 12 0 6 145 214 0
    241 255 108 145 0 77 177 0 93 0 243 113 255 0 255 114 0 145 79 255
    222 83 161 167 117 126 37 255 255 123 0 143 255 73 77 203 0 255 255
    236 73 255 77 0 0 255 255 244 0 255 152 66 9 176 236 138 219 0 0 49
    0 18 163 255 0 157 83 193 255 0 201 81 42 0 0 0 255 0 242 200 73 0
    255 255 255 184 229 79 255 255 255 28 244 255 0 255 210 95 42 62 225
    211 136 255 255 0 255 0 125 255 0 255 83 95 225 123 255 0 110 125 1
    221 135 218 0 194 26 253 255 29 0 124 255 255 255 111 184 0 0 6 205
    255 0 189 255 220 137 255 36 194 209 21 129 0 34 255 0 179 0 0 73 0
    115 255 23 0 50 192 92 0 97 0 0 255 50 189 132 0 0 0 0 255 152 56
    255 140 137 113 193 83 167 255 246 0 39 33 38 115 119 255 72 255 255
    40 195 94 0 0 255 74 10 213 255 37 255 255 216 255 10 157 0 194 255
    60 165 255 0 54 87 24 184 0 255 62 54 123 176 255 179 0 25 227 255
    255 147 242 255 128 3 120 220 110 128 81 0 0 255 0 96 255 0 216 0
    120 48 0 0 74 0 255 255 68 255 227 230 58 59 255 255 99 133 255 0 0
    0 255 18 235 142 89 0 125 95 255 196 88 74 78 0 255 200 0 0 255 0 0
    1 0 37 98 255 107 0 0 172 90 2 116 30 5 34 184 219 255 234 169 94
    129 195 255 48 125 255 255 161 0 14 164 255 225 100 206 255 75 210
    131 234 61 112 0 0 96 177 154 207 255 255 60 255 81 214 0 255 17 0
    255 255 253 100 199 12 106 202 255 255 7 222 255 24 138 255 99 255
    255 142 255 255 0 209 211 0 0 118 100 108 124 0 105 194 82 222 255 8
    255 1 8 251 79 0 169 0 19 217 242 193 251 78 199 255 0 0 220 255 199
    33 255 189 255 27 15 149 255 111 255 115 196 0 131 219 0 37 255 0 84
    238 26 34 0 0 167 33 0 105 112 220 249 141 100 57 150 0 209 0 233
    129 36 149 255 222 132 215 196 125 0 240 91 169 245 255 0 255 11 222
    0 36 255 80 255 255 5 250 78 0 79 107 185 0 184 42 255 216 255 123 0
    83 255 0 200 95 228 247 24 35 0 0 15 162 56 255 255 54 151 255 0 243
    255 215 0 74 232 6 255 255 0 151 0 188 0 199 255 0 140 234 201 0 129
    176 0 117 243 255 174 148 26 0 255 131 255 255 255 255 255 67 77 255
    78 0 8 255 0 196 0 112 59 100 0 255 4 255 114 3 249 219 26 238 9 106
    118 100 0 115 58 0 30 0 255 0 164 255 56 86 228 173 190 0 168 69 0
    255 45 111 255 39 46 0 136 117 226 109 255 242 255 255 213 0 209 0
    255 185 255 255 226 0 158 61 255 0 104 3 173 128 0 239 221 152 154 0
    255 123 18 213 0 7 86 255 155 94 56 255 0 0 111 4 118 255 239 192
    158 108 250 255 0 238 186 0 42 0 241 194 113 255 203 0 3 0 185 44
    164 92 255 35 121 0 48 0 255 52 0 255 148 207 25 36 223 17 56 208
    112 0 255 26 0 255 101 127 120 89 99 153 0 0 147 0 100 93 255 55 252
    122 229 94 222 255 255 0 48 255 63 141 112 57 127 65 255 123 15 0
    136 222 255 186 0 233 4 236 178 204 230 41 255 183 4 186 255 102 0
    210 200 0 68 0 0 68 0 111 0 255 209 110 38 0 177 121 116 209 237 0
    70 170 0 255 21 200 160 0 126 0 131 65 4 255 194 222 126 0 154 240
    75 0 255 255 0 125 185 171 255 0 255 18 0 214 0 0 0 122 0 255 255
    249 0 0 155 255 228 90 255 255 255 128 208 101 254 255 66 228 255 11
    29 0 160 213 131 219 0 238 0 0 0 0 0 251 182 110 57 102 192 159 153
    219 255 19 197 0 0 223 133 255 223 75 0 106 0 36 166 88 0 0 255 92
    188 99 255 114 6 217 157 255 230 210 255 0 175 166 143 42 0 255 145
    149 0 39 255 0 255 229 225 218 194 255 126 181 98 250 252 0 75 115
    32 0 107 255 235 52 120 0 58 233 160 237 186 14 190 0 0 232 223 0 0
    66 255 245 224 38 174 0 250 160 0 0 234 76 205 0 252 255 255 172 186
    168 150 200 47 173 255 149 0 240 0 96 12 163 242 184 255 0 255 21
    214 175 255 255 149 212 201 0 0 114 247 0 255 255 255 23 152 0 41 0
    174 187 255 27 0 226 192 22 117 142 0 97 0 232 0 193 255 81 0 0 237
    189 255 255 0 255 195 138 255 181 27 0 255 177 3 203 0 79 146 246
    129 209 245 255 165 55 21 255 233 203 124 55 14 255 29 156 255 0 68
    167 224 0 21 219 143 255 236 138 255 192 244 193 34 133 170 140 0 33
    187 159 233 0 255 154 201 0 0 216 255 255 0 166 148 124 0 255 202
    255 255 128 152 62 177 94 228 255 204 0 138 100 126 109 0 255 255
    174 135 0 81 166 0 0 255 78 129 0 67 113 120 227 255 190 142 187 117
    73 109 127 255 0 0 255 58 5 0 207 1 0 103 0 255 93 250 114 0 196 4
    240 100 255 71 65 43 66 255 35 237 177 255 238 63 238 82 0 33 6 255
    122 218 252 16 164 0 38 202 35 23 255 1 255 120 247 90 46 255 128
    162 71 209 35 81 0 228 158 0 49 200 38 19 228 25 194 253 255 255 131
    151 246 131 146 251 143 129 209 0 67 255 33 29 36 0 66 0 0 6 0 27
    255 195 0 0 154 255 238 0 255 207 255 255 253 0 212 54 249 88 73 255
    199 255 165 9 197 255 139 128 133 205 255 85 103 255 255 0 10 211 0
    148 216 119 212 11 0 33 0 5 136 251 27 8 0 0 64 23 245 0 208 106 74
    8 255 227 147 186 202 82 171 58 51 0 52 255 249 235 179 237 111 177
    113 110 0 71 212 29 0 255 60 91 62 113 163 255 19 186 10 0 56 0 119
    0 25 232 30 255 255 0 255 140 205 67 13 129 0 255 231 7 255 0 25 0
    35 255 0 0 255 253 255 220 15 237 166 112 70 255 0 100 55 247 61 211
    0 102 0 0 100 62 0 252 17 164 198 7 255 95 225 172 49 255 255 70 26
    193 12 0 80 2 255 63 0 137 109 0 0 40 79 0 0 0 255 255 0 126 255 132
    207 255 0 201 0 214 255 255 194 247 241 255 168 255 0 133 255 175 73
    241 65 255 58 107 255 56 249 255 216 99 247 36 97 9 255 0 76 55 57
    255 0 61 39 241 0 164 106 231 139 215 113 255 4 0 115 231 108 96 100
    187 74 175 8 188 53 154 211 255 255 179 121 255 91 122 228 0 0 0 5
    255 234 66 255 248 70 245 39 123 145 193 116 233 106 255 166 0 100
    192 61 0 203 0 157 54 255 145 54 140 230 166 59 255 255 0 231 0 255
    8 255 27 151 255 1 91 182 0 143 92 171 163 65 37 183 107 56 222 193
    239 208 8 0 144 0 0 33 83 15 147 255 47 0 141 133 45 35 255 0 0 7
    255 125 209 0 255 207 0 146 255 0 137 255 116 122 115 96 40 0 0 109
    0 227 255 190 10 212 166 49 118 0 255 192 0 255 84 60 66 177 160 255
    16 60 12 255 164 151 168 228 44 255 0 133 105 241 103 255 255 255
    154 0 184 70 17 243 162 255 0 116 0 0 214 72 0 215 255 48 192 129 0
    0 208 0 0 163 60 0 230 255 0 255 187 0 64 115 190 0 153 0 0 255 255
    216 182 230 255 255 110 78 255 250 255 0 255 0 88 0 0 0 87 51 54 208
    216 255 169 190 0 0 0 28 0 35 122 230 255 0 15 70 0 221 31 0 40 112
    255 209 31 176 0 242 66 255 115 255 233 10 255 255 0 255 117 255 132
    45 215 0 146 0 202 0 96 231 151 0 112 17 255 176 189 0 255 0 255 183
    159 24 172 142 27 0 90 0 171 203 255 212 255 36 200 210 0 255 255 13
    36 168 255 210 58 185 172 10 255 74 104 255 235 37 255 0 176 0 0 255
    0 0 255 255 255 132 93 255 0 255 255 0 255 21 255 0 255 255 255 93
    166 98 255 0 184 76 186 233 88 244 39 127 53 124 226 34 150 255 6 78
    244 0 222 71 204 77 54 0 74 154 8 202 255 0 147 0 0 185 255 149 255
    206 255 255 0 255 177 0 0 121 14 210 174 0 154 188 124 151 0 0 255
    43 0 0 34 0 130 0 140 0 0 61 241 69 56 202 0 112 76 255 0 7 255 0
    183 79 0 142 217 0 255 255 27 248 0 29 63 255 192 146 142 36 255 255
    109 185 220 126 177 0 255 16 65 57 219 63 255 208 0 35 48 99 48 88
    111 180 255 22 157 179 137 73 12 191 214 189 0 255 166 255 167 207 0
    128 181 52 0 200 0 0 255 93 0 0 164 255 0 0 195 126 255 246 123 255
    124 38 183 20 207 104 145 143 0 255 247 221 1 255 255 80 0 255 129 0
    0 66 0 199 0 83 0 255 0 0 148 139 251 87 255 184 154 128 184 182 0
    251 67 121 140 114 255 246 0 0 205 255 255 76 255 120 31 184 238 213
    19 0 255 0 0 87 43 65 170 255 157 64 255 10 236 255 255 242 0 213 72
    3 35 150 131 151 0 48 185 84 94 148 71 1 11 118 63 0 249 146 0 255
    255 0 16 0 223 255 255 112 255 174 20 0 110 146 124 255 220 140 175
    255 151 255 218 0 99 0 221 102 45 255 255 38 0 0 110 4 231 0 92 255
    108 255 128 33 0 0 160 150 140 0 138 0 255 214 189 0 109 40 21 0 121
    251 109 0 108 0 82 41 1 0 255 15 187 0 0 0 219 55 154 37 0 105 198
    157 211 50 163 255 158 89 134 90 51 255 0 113 199 0 0 142 111 0 131
    98 136 255 56 139 0 222 48 90 0 134 85 84 0 0 148 13 95 207 150 245
    150 97 131 172 253 120 255 0 195 158 0 143 0 66 255 74 137 179 0 105
    255 102 17 255 255 54 255 168 189 249 179 116 100 47 0 0 49 255 0
    255 9 76 255 255 107 191 255 82 185 255 170 208 59 0 0 50 0 0 144 0
    105 255 0 102 255 255 255 245 0 234 160 108 224 127 0 255 210 230
    192 119 109 121 95 77 0 180 227 133 255 116 255 138 0 255 153 132
    255 55 12 207 0 202 250 57 255 48 72 23 70 0 255 33 181 16 26 142 35
    148 255 189 147 255 35 255 37 23 0 0 26 155 15 0 70 16 255 255 71 83
    22 255 255 95 0 255 70 51 17 228 99 255 170 20 0 255 172 115 184 146
    51 118 82 255 0 155 255 61 93 219 12 96 0 68 73 255 255 193 58 22
    255 255 214 255 238 175 0 0 182 165 20 212 114 255 47 0 172 127 0 0
    79 255 130 106 163 193 234 200 147 193 81 255 86 255 173 90 255 217
    255 255 0 255 188 0 0 147 255 242 0 11 203 0 0 255 84 68 243 0 54
    107 255 0 0 0 0 255 238 240 89 64 239 252 255 204 171 255 53 0 90
    123 120 92 255 100 182 237 64 0 76 100 181 25 255 152 255 207 136 80
    0 0 255 177 124 193 190 210 129 255 115 99 255 0 255 59 30 0 121 223
    0 147 255 154 210 0 193 255 255 0 212 0 38 31 98 0 42 44 171 0 167
    143 0 0 76 52 0 27 21 59 255 243 222 255 0 113 227 245 255 255 90
    255 94 0 146 255 0 198 9 229 28 254 75 241 129 255 181 173 91 0 0 0
    241 67 0 153 159 86 130 65 112 255 189 154 0 255 255 89 255 154 206
    155 255 0 0 235 113 233 0 36 235 112 255 0 214 233 160 255 0 208 66
    255 226 88 255 18 255 71 7 20 217 116 0 255 255 139 27 40 134 64 255
    0 255 240 72 68 10 2 45 134 48 255 106 158 0 255 121 125 82 199 127
    158 10 114 189 108 136 0 255 0 255 79 148 139 114 115 214 0 0 164 0
    0 0 0 138 169 227 255 88 59 91 77 168 255 31 11 19 103 105 74 0 0
    210 96 63 79 252 247 51 137 187 31 0 216 255 0 0 173 255 35 4 145 0
    48 81 0 232 255 173 198 0 0 255 128 17 59 128 255 237 255 132 241
    187 86 255 212 0 213 0 171 255 147 191 151 240 0 0 255 0 0 0 255 21
    8 255 0 255 219 182 230 255 12 255 255 255 255 255 0 0 40 116 197 0
    141 41 112 238 26 158 0 255 255 255 131 194 0 255 255 157 14 255 152
    39 0 253 0 0 255 216 37 60 66 0 255 199 24 0 161 227 197 0 1 255 255
    255 149 156 0 12 108 47 181 147 255 195 90 51 255 184 214 255 111
    192 205 219 255 30 159 255 117 0 183 254 255 0 132 255 101 68 188
    193 255 69 175 255 255 236 0 184 255 0 244 84 255 179 73 97 83 0 255
    123 0 212 79 0 187 140 133 254 254 171 141 253 0 182 128 255 0 255
    224 204 255 74 90 23 234 69 109 9 123 234 255 255 245 0 157 255 0 45
    0 69 153 73 210 255 123 0 98 218 217 255 42 69 224 255 0 226 0 0 176
    125 0 120 129 255 224 244 0 214 97 115 255 253 245 0 71 7 8 161 92
    20 0 192 200 196 189 255 206 0 180 0 234 159 148 65 16 39 167 0 0 77
    0 48 144 171 97 81 221 16 182 190 255 30 222 49 0 0 119 144 224 190
    72 246 211 65 196 192 242 24 169 0 164 0 224 86 50 255 181 126 227
    204 186 73 34 94 173 144 255 87 97 255 173 227 255 146 159 0 23 55
    94 176 18 255 236 209 79 255 255 174 35 255 42 231 0 140 92 48 255
    101 78 30 0 0 217 142 243 0 255 0 119 225 49 0 226 255 4 255 126 195
    219 130 19 0 103 99 255 41 105 50 255 210 225 240 255 0 255 255 127
    42 7 34 42 67 0 0 92 0 197 174 0 187 8 18 0 133 145 247 19 0 255 0
    74 255 169 220 0 119 38 61 31 0 0 246 186 0 22 24 0 0 117 171 0 75
    255 255 255 255 0 255 173 113 134 0 255 226 255 65 138 204 37 232
    104 143 255 126 130 107 255 154 168 255 41 63 243 255 255 0 247 0 0
    0 0 240 255 0 86 255 197 243 230 255 178 0 119 248 0 45 133 255 196
    222 111 54 132 216 255 0 255 255 0 113 255 249 105 215 205 7 0 27 27
    118 196 0 66 24 118 146 205 255 0 182 165 15 194 83 255 255 8 0 255
    6 51 99 255 7 0 38 107 18 43 255 255 98 79 255 224 255 154 0 184 0
    255 0 181 255 80 0 212 222 125 3 138 200 1 255 237 145 35 0 0 21 0
    104 0 36 63 0 255 247 232 16 212 0 232 0 251 151 235 0 144 90 135
    255 59 127 167 255 86 255 146 255 119 150 180 255 0 255 33 187 55
    255 255 170 83 113 0 252 24 20 165 255 98 9 241 28 158 255 219 201
    255 217 156 173 75 255 207 129 70 0 162 0 0 174 0 96 0 140 141 255 0
    255 0 132 118 0 185 255 213 173 0 250 172 150 255 255 255 255 170
    163 11 227 255 255 208 255 49 255 166 255 179 168 82 247 133 0 203
    182 69 28 0 0 216 255 145 65 39 171 200 52 126 0 255 222 85 255 255
    187 255 152 111 161 167 255 78 133 190 230 0 180 0 176 255 255 0 255
    255 193 54 184 35 219 27 120 55 157 0 255 152 133 244 225 255 8 0
    255 255 219 107 179 81 51 255 255 227 141 227 3 237 15 112 131 0 142
    0 3 28 170 255 92 231 255 63 181 155 199 254 254 255 112 27 255 212
    0 229 228 118 206 199 104 222 104 90 255 255 243 255 255 0 255 54
    131 255 255 214 218 0 0 0 255 255 255 54 0 255 0 0 255 170 235 12
    185 48 210 255 230 64 31 143 216 155 130 255 186 30 255 170 64 162
    253 58 127 255 36 127 99 255 185 167 255 165 83 243 0 0 0 33 203 255
    9 255 0 255 0 96 255 0 0 58 180 255 255 255 216 0 195 206 142 177
    247 69 255 241 255 123 209 230 255 255 126 0 32 255 0 60 255 59 0 76
    114 75 176 44 255 255 147 213 36 255 189 88 31 0 255 2 176 198 74 0
    255 113 99 162 255 165 240 207 243 81 39 171 254 215 55 14 44 255
    204 212 162 0 137 70 255 255 197 8 166 108 255 0 75 255 213 0 255
    249 81 178 255 0 255 24 255 77 105 222 172 214 255 0 255 137 61 0
    231 2 61 172 0 255 69 255 50 242 169 132 0 76 194 179 171 243 0 0 67
    6 14 0 39 103 197 255 137 2 249 226 40 118 150 91 57 53 255 154 0 82
    145 255 242 212 98 0 250 0 199 208 204 3 52 40 179 255 152 93 255
    255 1 0 17 255 98 166 0 228 174 0 252 82 255 84 37 193 0 0 0 84 0
    255 69 0 249 255 188 80 51 109 15 49 255 255 0 103 255 255 232 17 0
    55 43 193 0 218 255 0 33 101 0 78 225 255 162 140 58 168 95 128 255
    255 0 142 255 14 255 67 97 201 153 169 140 0 190 88 102 233 0 255
    170 30 0 229 230 62 115 0 115 255 7 65 25 0 108 0 233 218 203 0 255
    210 209 102 246 255 212 61 231 68 238 118 49 132 62 204 190 255 50
    255 255 115 148 190 208 255 0 146 206 0 101 255 189 84 49 147 101
    255 255 255 0 76 211 31 2 253 255 227 67 115 200 214 0 120 22 255 37
    84 15 46 37 147 119 41 0 29 107 101 255 76 75 125 255 46 163 51 163
    104 255 255 110 120 53 33 255 255 149 59 255 0 141 5 198 255 0 59 81
    0 140 37 30 22 255 135 255 255 162 100 255 247 240 255 36 20 50 255
    21 255 0 64 166 34 255 145 255 71 14 157 255 143 51 186 85 253 246
    187 163 139 230 232 159 0 207 43 0 0 255 87 185 203 230 0 0 22 255 0
    57 55 73 0 0 29 0 177 0 230 24 38 170 0 190 206 17 25 7 255 255 9 60
    50 255 0 255 66 232 0 30 0 13 0 255 0 89 252 180 255 142 255 169 124
    217 211 0 0 87 88 69 255 223 228 255 255 63 255 255 255 255 243 255
    208 0 126 241 187 15 3 255 73 46 0 19 255 22 155 39 146 255 152 222
    170 255 199 0 255 244 221 52 231 0 60 255 0 212 255 163 0 90 110 243
    0 118 253 53 210 205 0 233 33 255 29 124 255 220 63 133 0 169 100
    192 0 0 0 239 0 0 224 83 173 255 173 255 125 255 255 144 177 209 16
    128 206 0 61 67 255 55 81 255 0 253 0 255 230 153 225 218 46 86 127
    108 37 12 0 255 140 255 224 139 174 111 22 0 0 0 78 251 72 207 0 49
    48 0 75 255 61 38 3 228 148 255 83 255 255 150 0 22 115 255 214 145
    255 139 255 255 0 78 0 0 90 232 105 255 255 111 240 57 23 201 0 4
    119 69 0 0 3 255 12 255 36 3 255 75 78 255 255 194 0 185 133 255 47
    190 255 115 168 239 0 0 0 0 80 0 255 163 174 93 138 56 18 255 0 40 0
    4 210 37 93 180 62 238 191 88 171 179 23 190 84 6 250 59 217 215 203
    255 255 180 89 0 0 82 0 255 255 0 0 47 226 152 165 117 0 25 255 92
    95 213 55 12 42 0 110 255 18 219 243 50 19 252 255 255 0 151 0 109 0
    255 197 25 142 211 0 218 255 215 255 226 84 231 0 70 0 8 63 62 255
    130 133 220 150 255 255 255 255 255 0 191 39 255 135 214 46 163 255
    255 131 214 150 0 200 138 236 0 150 255 6 205 93 45 0 0 255 0 50 95
    48 152 255 95 192 0 255 2 78 255 92 24 215 72 0 41 212 77 255 254
    140 143 200 3 138 255 181 3 103 9 0 0 134 174 201 159 255 157 69 0 0
    134 154 255 211 255 229 130 0 72 0 153 0 255 0 0 133 153 113 255 225
    141 127 0 175 255 255 255 85 233 226 255 63 73 191 215 0 255 125 255
    206 255 0 0 255 125 28 0 237 9 0 255 190 165 255 0 51 81 11 255 0
    255 215 252 221 253 211 228 0 188 107 138 0 111 1 0 35 243 0 78 255
    103 172 0 255 0 211 140 0 30 247 4 255 0 233 209 220 232 255 72 205
    0 174 255 142 153 49 74 179 9 13 254 150 253 255 56 0 72 255 0 0 205
    0 120 195 184 74 0 0 234 54 41 0 0 53 0 25 252 246 0 255 255 37 162
    255 86 222 51 59 225 117 255 28 30 224 102 209 152 135 29 170 255 27
    255 188 20 69 255 255 0 255 202 255 199 44 255 158 34 4 113 163 237
    224 0 67 152 0 135 163 111 46 254 116 130 178 0 34 81 156 160 106 86
    139 0 209 72 223 246 100 0 175 255 133 117 255 224 34 85 255 0 0 245
    0 0 129 17 26 135 255 194 13 254 255 122 223 255 247 232 45 4 255 28
    255 255 255 224 0 118 32 57 0 200 0 29 232 75 255 162 79 255 224 0
    86 67 77 174 20 177 129 0 144 232 220 107 220 0 0 255 0 0 0 162 130
    43 0 0 105 177 155 94 255 255 47 146 213 0 0 250 152 153 3 0 255 255
    122 111 228 220 41 116 86 50 2 187 248 84 207 55 84 0 228 216 150 2
    63 96 55 0 39 250 56 207 182 254 193 253 0 118 19 136 84 38 255 61
    255 9 159 3 255 95 57 202 255 255 42 169 250 104 255 255 235 255 47
    193 205 172 0 175 101 0 30 0 0 255 255 51 0 171 21 0 193 140 255 0
    69 126 179 43 255 255 255 183 245 26 0 158 114 0 84 255 0 213 255 75
    166 42 20 220 190 255 51 255 175 255 255 18 89 255 255 65 253 255 0
    127 232 204 157 10 0 0 145 244 209 234 0 255 13 0 241 2 255 255 148
    39 255 239 79 255 218 0 134 31 168 66 0 255 232 0 100 248 0 255 220
    255 246 255 48 0 23 16 148 81 0 50 181 101 134 0 255 255 175 7 103
    22 134 1 0 151 255 170 10 182 0 154 0 41 0 140 229 255 62 0 62 33
    169 82 173 134 166 190 255 255 75 0 55 0 212 234 0 122 203 153 117
    30 0 0 186 255 250 92 180 0 65 149 66 144 203 42 48 0 255 181 165 8
    255 116 255 234 110 202 0 132 46 254 220 255 153 242 255 81 255 255
    58 0 81 222 137 142 36 255 210 255 255 0 188 59 35 41 175 0 67 88 0
    4 0 227 126 119 255 0 252 255 120 142 190 255 71 39 253 80 203 236
    139 159 108 255 0 195 76 189 0 250 175 255 38 193 215 0 56 89 50 138
    162 204 0 0 0 169 81 105 249 0 27 255 89 106 255 255 39 195 157 168
    84 176 0 124 0 244 56 0 255 233 229 0 0 229 163 255 0 19 240 87 185
    62 73 236 0 230 172 215 204 70 162 150 0 255 138 126 169 255 255 142
    0 123 134 214 90 222 37 62 51 0 232 31 0 255 48 14 233 216 0 0 127
    86 217 58 255 136 0 61 255 195 165 64 78 59 191 224 255 255 225 0 15
    176 187 47 198 176 100 0 197 200 168 219 230 186 122 0 96 255 0 81
    84 103 210 0 255 0 91 255 255 230 0 147 0 0 255 0 255 156 160 255
    201 29 110 124 126 189 0 255 221 0 6 57 255 105 0 255 85 255 2 139
    201 47 149 201 107 62 223 255 120 0 255 234 75 255 0 0 177 94 255
    130 0 37 53 0 147 185 250 239 58 255 168 68 29 161 26 255 85 40 255
    105 163 36 255 116 120 255 123 219 255 255 0 0 255 114 255 238 26 99
    232 67 254 166 244 241 91 0 146 179 125 0 207 255 196 80 0 0 244 255
    135 77 155 191 156 237 124 255 255 158 255 0 103 212 43 0 0 56 108
    255 188 154 255 228 255 0 0 243 1 199 8 180 85 101 183 34 217 244
    247 90 255 0 31 0 220 140 66 99 52 41 42 0 255 0 174 9 0 242 0 197
    73 132 57 38 188 255 69 15 255 184 57 192 0 243 25 0 22 42 204 4 243
    76 154 255 188 255 255 225 219 255 255 255 157 115 116 164 255 0 0
    146 255 61 0 0 111 158 204 85 87 0 31 9 0 234 246 124 255 197 99 95
    175 255 210 0 84 34 89 36 255 255 75 255 119 238 135 255 138 142 40
    255 0 255 0 255 255 239 0 0 43 111 73 213 255 0 216 0 212 29 255 0
    69 204 190 0 0 59 152 163 67 207 198 0 104 37 147 184 255 31 83 113
    255 197 155 0 255 255 0 248 121 238 200 55 36 26 255 222 183 38 255
    103 209 64 128 161 204 233 255 0 0 189 154 2 248 215 130 255 0 65 0
    204 146 64 50 255 131 109 196 0 140 106 145 255 255 99 105 231 0 181
    44 209 158 20 0 221 255 255 255 255 255 153 0 107 168 204 0 126 255
    255 36 255 165 185 0 43 182 47 139 230 255 255 0 221 20 0 250 0 236
    251 202 229 220 205 54 226 104 138 255 0 255 29 243 0 22 2 10 255 0
    183 219 255 23 18 3 0 0 203 0 255 103 247 93 222 179 255 35 58 8 230
    254 190 237 167 255 143 255 114 255 17 139 255 0 255 255 255 255 66
    46 0 0 0 226 235 143 0 255 255 126 255 255 100 211 6 21 0 84 146 67
    194 255 227 158 220 0 0 128 20 248 147 137 0 0 199 215 31 148 255
    219 113 143 208 0 126 79 167 62 143 208 255 0 0 255 0 0 0 252 0 255
    59 2 255 40 0 152 150 89 99 31 155 65 255 0 255 176 156 255 0 179
    255 0 0 200 255 182 245 255 38 87 172 0 255 3 175 255 0 0 0 149 60
    29 0 135 153 255 187 0 255 12 82 255 0 184 181 98 255 255 0 255 189
    0 0 0 203 82 0 228 50 255 0 49 255 107 54 40 255 197 216 250 0 115
    255 255 128 66 255 255 0 20 0 87 156 0 208 68 59 22 96 254 111 84
    129 0 240 0 71 130 90 144 62 229 0 0 122 255 255 255 30 248 255 228
    79 0 49 0 20 158 0 117 183 171 81 0 44 20 0 0 255 0 219 72 0 32 97 0
    0 255 255 198 87 192 210 0 250 122 0 138 168 215 80 0 96 138 193 0
    117 206 0 6 255 255 0 17 102 0 120 156 74 70 227 255 255 255 0 255
    149 76 194 83 255 241 255 255 255 124 255 146 193 0 108 27 217 172
    221 187 53 0 44 255 255 0 105 116 58 255 120 207 44 24 12 0 126 255
    0 84 212 142 255 0 255 94 0 255 0 147 130 195 255 205 255 0 255 255
    186 255 69 135 255 70 89 255 255 65 33 255 144 88 255 0 0 0 170 181
    0 111 255 235 232 143 0 51 153 0 255 69 255 66 190 192 94 45 0 159
    63 132 10 108 255 175 144 255 84 236 255 129 9 247 116 255 0 151 171
    210 0 71 170 104 5 39 102 217 116 189 154 0 152 179 35 10 255 143
    198 63 255 111 2 142 255 112 174 98 169 244 28 59 133 193 151 0 248
    8 75 0 119 255 0 255 164 200 252 124 178 0 255 255 59 131 236 255
    152 85 17 255 255 213 0 109 205 67 0 0 0 236 24 105 136 36 255 0 255
    59 80 176 255 110 0 38 159 60 51 96 253 255 3 255 25 0 35 0 255 238
    77 21 170 40 243 255 66 88 252 162 229 70 255 97 0 90 48 0 188 91
    155 143 255 50 0 15 137 0 62 136 255 118 255 255 127 0 163 98 255 63
    0 102 0 0 0 174 255 41 82 0 0 77 194 255 250 163 251 145 88 0 41 120
    205 0 20 91 90 246 0 255 20 54 59 0 255 0 255 217 81 155 44 2 0 0 15
    4 120 220 222 232 215 45 0 173 97 255 63 162 0 255 53 0 161 1 255 76
    97 166 247 111 255 0 0 60 0 231 0 171 255 200 73 0 7 194 237 127 255
    45 240 88 56 0 227 187 192 255 0 98 20 215 248 0 255 17 99 0 157 192
    0 255 161 185 49 57 255 115 0 241 127 225 0 148 71 0 255 112 209 218
    122 0 46 242 14 14 121 166 0 0 14 255 78 0 177 96 24 98 213 255 119
    0 255 182 105 0 64 198 65 158 255 109 255 255 255 0 153 144 176 105
    255 0 0 110 222 255 0 135 26 0 141 228 177 0 255 198 193 66 0 171
    234 0 0 105 0 45 255 167 0 0 123 170 133 175 177 0 29 85 43 148 237
    175 121 0 0 137 255 181 204 255 0 70 247 129 51 0 1 202 0 255 170
    255 0 161 168 0 0 0 255 104 123 185 255 67 0 72 192 69 255 0 0 255 0
    187 255 116 62 71 255 80 255 253 0 20 144 255 255 173 236 193 0 0 35
    0 30 55 255 0 255 222 230 90 235 16 128 40 17 255 255 235 255 0 171
    89 97 80 138 190 186 255 211 210 0 0 0 0 59 255 0 0 170 250 109 164
    61 80 0 0 0 0 88 255 255 7 84 93 204 0 255 173 177 255 255 255 0 0
    242 76 0 255 241 204 0 133 255 243 255 49 255 192 32 251 61 255 154
    255 0 57 0 124 51 0 204 102 0 172 255 61 255 255 0 255 198 0 12 0
    151 0 38 188 255 255 222 44 193 164 27 255 188 208 249 0 16 0 18 255
    0 81 169 81 153 189 151 255 96 184 0 86 198 87 255 62 255 166 94 255
    0 128 152 112 49 209 92 255 162 43 245 17 0 134 255 0 194 255 38 129
    67 255 255 9 105 197 168 83 221 41 30 106 232 9 0 0 107 92 0 112 110
    253 144 236 2 56 74 66 189 0 254 224 169 154 136 206 183 217 202 23
    192 255 194 255 255 255 255 255 202 255 255 249 85 255 255 92 255 0
    146 255 1 111 64 235 90 0 0 133 75 0 0 113 0 0 255 0 169 104 0 255 0
    135 91 103 255 255 59 60 32 255 0 8 211 109 17 250 0 85 179 0 0 74
    242 255 32 130 0 0 255 0 0 136 0 186 246 100 214 0 86 65 57 0 190
    122 242 0 116 255 90 0 231 142 2 0 10 21 158 0 0 255 21 200 0 0 66
    220 227 255 180 255 178 117 61 244 26 166 255 30 5 255 0 154 209 225
    154 81 255 238 21 87 223 255 0 251 0 216 213 0 255 233 255 169 173
    255 0 30 80 0 75 0 255 17 160 255 204 5 0 123 161 233 2 255 255 255
    13 238 168 52 170 255 67 203 112 255 49 0 203 255 119 73 0 225 255
    231 255 255 183 255 249 255 7 164 255 255 0 107 0 249 12 0 235 0 255
    255 149 70 0 145 207 174 0 201 255 75 255 0 255 0 127 250 118 170 17
    231 0 240 186 37 214 69 177 209 255 189 0 242 186 0 146 9 0 55 10
    116 188 95 129 223 0 0 151 140 200 169 255 0 170 144 0 7 96 65 0 0
    110 255 3 222 45 60 218 226 124 6 255 255 0 226 161 143 20 112 255
    206 20 0 190 255 255 63 86 58 248 117 7 217 0 255 255 223 160 0 255
    0 255 255 100 184 0 126 255 194 189 114 255 68 101 64 179 0 149 94 0
    197 255 86 0 80 230 102 255 234 182 74 255 3 0 249 196 25 125 33 0
    175 0 255 255 36 255 0 73 255 47 255 216 75 109 255 254 235 85 0 5
    110 150 0 109 113 0 219 0 118 62 244 255 129 0 109 123 140 255 5 12
    101 255 231 75 117 0 43 52 255 76 255 255 37 0 255 0 0 0 18 255 255
    0 255 104 255 0 255 44 105 13 0 0 76 255 0 176 125 246 255 121 107
    213 0 189 156 51 71 100 43 0 255 238 252 138 147 255 62 90 60 150 35
    252 51 121 0 255 255 241 255 0 32 116 81 148 27 0 0 255 49 104 0 0 0
    32 53 93 61 4 238 0 255 255 62 0 255 255 28 0 133 62 151 137 70 11 0
    120 135 136 68 255 96 25 234 65 157 215 62 206 255 0 253 255 99 255
    68 231 214 70 0 255 33 171 0 255 164 154 255 174 151 61 25 255 210
    255 48 255 164 255 255 255 0 119 48 119 255 247 245 0 99 161 32 36
    223 181 157 32 5 64 0 255 140 36 5 245 23 0 255 255 255 218 61 0 140
    0 236 73 160 223 0 255 101 255 174 24 0 160 255 0 71 0 0 247 0 255
    188 112 255 254 251 255 255 52 0 0 242 61 0 255 231 15 108 0 134 255
    61 255 255 12 174 50 255 178 255 255 0 0 78 11 172 0 76 146 184 29
    255 0 91 87 46 164 29 242 34 255 0 74 77 0 118 25 255 0 153 49 0 0 0
    199 238 133 247 0 255 123 0 64 255 13 77 64 157 177 255 255 186 255
    223 87 136 128 189 247 26 255 255 82 173 17 137 0 98 122 255 178 222
    255 0 194 255 178 0 25 99 142 65 0 128 193 129 53 253 98 0 244 186
    144 0 255 226 101 247 0 209 0 245 166 53 19 84 115 231 255 224 250
    255 85 158 0 198 255 143 151 158 17 0 250 91 124 0 79 64 75 90 81
    255 255 240 58 67 241 219 255 0 239 180 240 0 194 0 232 244 237 46
    31 30 0 207 18 0 0 65 0 93 109 143 167 0 204 0 255 125 154 0 105 18
    20 201 123 0 255 255 255 58 230 110 255 31 92 8 147 91 0 226 174 50
    151 129 0 214 249 166 0 255 207 28 126 188 144 219 93 0 0 0 255 60
    180 88 255 154 139 59 255 12 146 78 175 0 84 255 27 177 221 0 0 100
    255 95 255 121 18 19 39 230 0 147 255 112 84 0 208 53 0 255 119 38 3
    92 255 0 212 124 153 51 0 0 190 255 42 7 50 253 143 104 0 141 171 57
    110 255 0 0 100 255 238 89 5 255 255 255 0 255 109 0 255 255 0 95
    255 65 52 56 29 73 65 0 144 20 0 228 212 226 15 177 22 250 0 255 255
    0 73 255 0 230 183 123 255 0 25 6 208 117 185 14 0 205 255 0 40 239
    223 172 47 255 48 167 126 194 4 82 157 184 176 0 255 0 109 110 100
    67 9 40 14 61 148 19 255 255 151 12 108 184 255 103 255 12 14 113 0
    0 105 0 44 62 203 0 0 201 110 255 172 74 211 59 61 0 0 89 165 238
    255 111 54 92 103 255 118 26 255 165 255 255 0 234 0 0 165 175 209
    255 255 0 255 9 45 171 61 83 21 157 255 255 71 91 0 179 255 255 242
    170 0 82 237 255 0 255 197 255 255 232 255 26 9 43 255 146 0 48 17 0
    255 73 255 85 0 181 176 146 6 111 153 17 190 255 0 0 228 0 246 255
    255 72 47 148 255 167 86 0 212 0 33 134 0 0 229 176 0 242 255 0 67
    255 22 172 0 112 214 235 32 189 37 136 215 196 255 109 255 138 20 73
    37 0 0 187 255 255 200 0 255 156 36 29 255 117 0 97 255 0 29 90 255
    194 94 169 41 255 5 26 0 0 130 255 30 0 252 236 31 195 146 225 200
    235 255 153 255 0 255 255 55 255 173 215 224 67 44 154 0 108 86 0
    179 0 159 0 239 36 135 255 197 255 255 0 125 226 255 128 107 236 0
    255 161 0 27 0 106 98 62 194 98 63 0 0 34 8 125 0 255 255 60 184 0 0
    255 194 88 232 0 121 57 171 190 135 123 113 214 26 0 71 36 209 255
    255 0 0 255 98 224 146 0 124 212 168 2 229 0 19 255 209 71 226 255 0
    0 0 171 0 234 68 255 0 0 127 173 0 252 112 255 188 128 115 4 255 202
    25 22 82 195 255 230 100 255 255 250 0 205 255 152 0 255 16 0 139
    183 195 134 186 248 255 117 0 70 71 0 81 218 66 0 80 95 0 45 255 88
    255 0 255 0 121 255 22 129 80 244 124 182 185 192 255 254 148 191
    255 255 133 95 255 19 248 0 169 63 18 204 118 249 92 0 69 126 151 0
    176 116 0 45 243 255 141 139 0 249 94 147 127 104 220 61 255 13 214
    31 140 182 183 35 69 144 255 53 60 17 0 104 0 209 0 228 73 142 18 2
    255 98 249 255 39 199 179 0 137 73 4 0 113 86 226 197 0 209 251 125
    0 255 32 226 47 242 0 39 0 170 181 255 243 255 0 160 40 133 4 0 178
    255 255 238 13 143 241 161 255 108 82 147 245 144 242 118 255 23 255
    109 0 0 0 232 0 117 255 213 73 255 30 248 24 250 206 75 255 239 182
    0 228 59 157 26 23 206 128 126 193 186 110 186 161 255 124 201 198
    255 125 0 255 255 0 239 255 75 255 67 142 129 96 255 226 255 255 0
    135 170 0 255 255 0 0 0 130 0 226 122 0 91 187 129 191 104 255 31
    212 119 236 106 176 239 0 255 119 0 126 239 101 34 0 0 255 89 0 255
    26 53 237 30 12 8 158 183 255 0 130 148 0 47 255 51 255 255 255 153
    253 48 145 130 0 255 59 0 255 20 126 212 228 0 0 0 186 115 0 138 58
    221 198 200 255 0 0 165 0 255 255 68 74 255 211 28 53 40 255 209 0
    23 213 201 236 255 0 140 126 184 229 130 72 185 204 167 0 44 0 102
    223 255 0 255 255 0 255 255 0 84 255 0 196 18 255 86 0 3 205 255 195
    140 36 255 209 211 255 165 255 194 28 11 0 22 226 221 24 155 0 203
    60 125 255 16 255 213 255 129 255 0 40 104 90 241 88 255 32 0 33 210
    0 47 255 0 0 206 0 90 0 49 167 43 8 197 37 183 155 9 255 34 21 98
    255 255 43 32 12 88 73 156 88 72 255 41 205 0 255 0 185 0 159 0 147
    244 0 255 80 255 28 47 172 239 101 255 201 32 42 14 255 35 38 0 255
    21 160 0 83 37 131 0 255 244 255 2 195 0 146 255 72 0 0 7 97 255 174
    255 15 151 205 79 73 83 255 118 255 0 255 255 76 0 147 170 248 4 54
    0 42 67 250 249 252 187 226 32 43 0 211 156 171 255 87 254 155 119 0
    255 255 254 148 221 0 138 185 48 92 255 255 201 0 167 227 186 0 112
    0 18 52 5 255 164 65 0 0 0 143 57 117 0 213 134 214 0 104 0 6 54 175
    255 255 0 255 8 42 91 255 10 160 86 9 24 0 238 186 163 255 37 0 0 4
    218 55 0 253 39 121 255 246 64 210 255 34 255 0 0 144 255 135 255
    131 116 255 70 0 240 255 205 192 0 241 55 0 0 129</data></my_img>
<your_img type_id="opencv-matrix">
  <rows>128</rows>
  <cols>256</cols>
  <dt>"3u"</dt>
  <data>
    185 188 255 0 236 71 208 93 255 98 166 0 255 37 0 150 22 103 45 194
    211 87 92 43 0 1 5 255 54 210 193 255 233 255 0 255 19 49 157 0 51
    192 41 255 0 255 14 142 0 85 255 223 50 99 255 110 0 0 0 75 255 0
    162 255 113 255 99 255 255 255 255 205 53 223 0 163 255 255 148 59
    28 0 244 139 132 121 255 197 255 136 205 77 242 255 103 255 255 0
    178 255 185 192 181 163 243 255 0 34 255 134 0 255 214 62 0 255 188
    210 255 0 79 255 0 107 176 91 73 255 255 0 93 255 146 122 202 0 255
    221 252 176 0 240 49 141 255 122 240 0 255 75 14 255 255 50 208 255
    185 67 174 121 255 155 216 238 78 255 158 255 110 255 32 42 46 255
    23 218 61 0 255 0 0 255 153 86 0 200 116 0 2 0 70 255 0 77 0 255 255
    0 231 135 189 56 255 208 255 106 0 202 0 0 171 53 241 157 171 255
    134 255 252 29 66 122 112 53 227 0 248 0 213 221 255 0 255 169 25
    255 0 55 0 72 255 0 255 23 43 203 106 120 0 30 113 0 255 255 193 255
    131 46 183 129 244 85 255 0 169 0 0 86 0 219 255 225 41 255 203 237
    0 255 0 115 181 57 141 160 57 234 255 233 28 24 175 0 51 0 186 255
    255 255 0 0 37 64 186 53 255 164 0 219 199 97 86 68 49 0 255 222 185
    127 130 0 231 0 179 197 205 0 255 0 255 0 118 132 0 0 87 81 0 140
    223 39 102 195 110 130 152 230 123 7 203 0 92 181 58 252 145 253 255
    118 255 255 236 176 0 109 0 164 0 129 0 255 255 173 222 236 8 72 0
    247 255 0 255 228 93 128 255 159 219 3 0 54 65 255 0 0 156 255 0 255
    196 226 166 223 163 100 18 79 0 118 27 255 198 255 255 158 25 253 89
    158 255 28 16 57 11 255 0 11 255 110 35 201 43 204 164 255 237 255
    172 0 0 161 106 151 201 75 3 255 205 218 255 178 29 47 255 87 255
    129 249 174 173 109 20 193 58 255 255 136 11 171 233 197 255 255 106
    20 129 0 31 199 47 0 83 0 194 255 56 255 195 0 0 255 204 19 64 158
    237 228 102 0 49 255 184 255 223 0 155 72 189 143 185 255 8 121 203
    255 153 177 255 41 0 28 120 187 87 255 4 106 0 112 108 23 89 255 0
    197 231 0 0 255 255 15 168 255 255 0 0 119 0 160 0 73 255 13 160 0
    216 0 0 112 33 93 0 37 5 172 236 28 213 9 91 93 169 169 88 0 180 255
    0 117 255 255 0 211 167 37 139 176 70 55 62 255 208 232 0 252 206 74
    255 101 0 0 236 107 219 77 83 56 109 177 111 238 0 255 69 255 32 255
    255 0 132 68 0 80 234 91 135 96 209 0 255 55 255 182 43 0 212 164
    241 255 10 135 255 175 255 70 143 255 136 255 134 118 0 13 255 1 244
    255 255 0 255 64 0 8 161 66 136 56 255 255 80 249 255 0 144 255 91
    39 255 53 145 231 146 142 44 105 0 0 255 0 0 84 8 0 235 36 255 67
    255 108 140 0 255 157 0 106 146 142 0 227 109 72 30 255 52 255 0 0
    142 155 95 0 0 199 200 0 243 255 255 128 65 221 206 0 255 221 255
    204 166 30 206 255 112 113 97 0 157 0 255 45 255 0 31 0 189 255 210
    48 250 164 24 255 0 255 126 15 31 46 0 124 72 227 151 233 0 238 255
    231 13 40 0 255 226 253 114 185 142 255 0 163 252 96 42 166 162 31 0
    255 218 90 18 208 21 255 0 248 0 184 0 216 0 78 119 255 98 246 0 150
    16 255 96 179 88 224 0 0 158 241 0 170 0 248 255 25 0 0 96 201 134
    192 233 0 243 0 84 255 255 154 0 178 0 0 105 156 255 226 255 90 253
    183 244 113 24 0 0 107 73 157 255 189 245 172 144 23 191 112 0 201
    255 83 128 12 255 123 64 10 153 43 196 228 0 255 38 255 128 238 0
    255 197 255 13 63 136 0 24 223 207 168 112 109 5 129 0 255 0 122 255
    238 154 249 146 130 0 172 0 0 91 220 152 136 201 255 255 144 0 54 0
    36 66 255 243 231 0 255 255 0 255 0 161 106 255 255 62 199 73 68 75
    25 0 230 0 0 155 0 206 250 119 133 0 138 220 86 255 14 255 57 222
    249 210 29 255 173 154 8 209 129 0 193 245 225 147 135 89 8 255 255
    0 141 123 67 255 49 255 245 146 199 24 227 184 122 0 5 187 150 249
    145 0 92 0 166 223 255 177 83 0 255 233 255 71 169 115 13 255 255
    255 13 142 0 0 0 0 255 40 255 98 138 0 236 255 81 0 169 255 73 149
    145 118 89 189 46 0 101 255 196 154 255 255 255 68 55 247 0 22 19
    114 60 153 82 143 86 232 110 4 219 255 0 51 182 126 255 0 0 255 30
    214 0 87 255 74 188 117 0 0 134 0 221 32 255 0 255 138 203 255 222
    255 0 16 255 0 189 231 0 168 0 0 255 255 179 5 1 255 255 122 90 0 0
    78 242 30 245 124 37 45 164 217 0 255 255 0 174 0 255 18 16 255 106
    0 234 235 255 149 255 0 1 141 0 207 95 0 206 0 175 123 191 156 6 71
    28 31 85 255 153 47 126 199 0 255 230 245 0 107 32 130 155 156 181
    197 101 255 105 0 217 0 2 248 255 0 223 86 22 63 255 255 92 98 0 255
    237 255 255 0 189 208 255 220 58 241 112 0 21 138 0 251 17 236 50
    224 103 181 34 255 255 133 118 251 255 184 0 164 0 204 255 255 156
    10 164 108 198 4 109 20 119 255 0 144 116 0 255 0 90 228 0 102 17
    128 0 5 200 255 73 247 220 77 56 0 203 255 184 0 0 0 214 136 255 118
    255 48 255 79 0 30 170 0 221 69 0 33 0 38 255 153 142 15 140 66 152
    0 255 40 93 176 142 255 0 0 153 178 0 227 246 140 228 132 0 0 0 0 45
    0 149 255 0 255 88 255 255 68 0 255 100 1 0 163 103 0 45 64 139 87
    67 0 255 255 2 255 228 134 30 113 0 207 0 255 255 26 224 0 226 20
    217 79 177 79 134 96 255 89 88 0 69 196 0 255 0 255 255 80 100 244 4
    253 188 0 8 190 124 255 255 0 70 212 23 0 113 255 84 0 18 255 218
    247 43 0 0 182 41 0 1 0 51 255 55 205 0 196 15 255 40 154 72 255 137
    0 25 138 176 102 255 237 140 158 127 0 243 129 166 162 24 0 126 79
    255 159 97 118 255 62 255 163 0 15 165 209 0 255 200 190 22 148 227
    5 0 255 201 0 84 19 11 135 243 220 187 255 0 178 63 3 255 0 255 83 0
    255 196 224 86 0 95 74 0 220 11 104 255 151 255 88 21 81 110 218 236
    255 255 110 79 106 255 21 0 80 50 0 173 138 112 94 58 179 255 188
    211 112 184 250 255 245 0 255 76 98 251 80 255 255 56 5 14 97 179
    219 106 166 251 62 66 255 153 0 141 255 255 34 11 255 151 255 68 53
    41 196 162 254 0 0 140 246 246 54 0 42 58 44 122 48 181 255 96 0 83
    255 63 0 235 74 90 0 190 209 10 27 255 255 17 0 4 254 83 105 81 165
    186 0 203 0 100 255 0 242 85 237 255 54 245 0 130 0 81 255 255 73 0
    5 22 188 255 0 22 146 205 227 255 186 119 244 255 145 238 255 0 73
    255 0 4 11 7 100 36 136 0 74 50 140 125 197 114 255 0 102 10 52 41
    79 0 205 113 102 73 255 0 221 168 129 98 175 97 0 121 63 24 126 0 24
    253 118 252 0 160 215 14 0 198 214 0 0 248 233 255 51 125 255 75 0
    196 251 109 147 62 255 0 114 225 14 153 0 153 199 46 170 112 0 0 176
    237 58 88 50 21 241 0 255 135 96 14 0 63 48 0 255 0 255 255 171 68 2
    234 79 252 249 12 0 255 0 244 0 70 255 35 232 27 6 94 255 194 223 12
    224 76 248 255 89 17 72 30 0 117 188 0 235 196 255 255 35 206 232
    175 0 160 255 239 218 255 255 255 255 19 29 182 137 56 0 255 2 151
    136 219 148 0 22 0 0 255 140 0 143 166 22 248 255 0 255 20 143 207 0
    255 200 255 97 255 234 225 167 198 21 198 53 0 181 0 189 27 0 179 70
    255 172 0 255 62 255 255 127 16 232 62 0 255 255 255 146 171 244 187
    81 122 22 0 255 91 48 86 88 114 0 201 0 60 255 32 255 148 255 94 47
    255 147 0 2 180 58 255 153 255 255 252 0 255 243 17 100 63 0 0 1 9 0
    41 138 255 255 158 0 4 218 152 129 34 0 218 255 0 50 58 169 0 0 232
    48 255 205 29 80 137 205 255 201 138 77 85 0 25 238 0 175 227 255
    226 136 0 58 169 53 52 255 255 255 152 130 0 255 45 0 154 255 228
    128 211 0 147 93 0 147 236 118 255 0 31 140 0 2 39 1 228 0 167 156
    214 152 255 255 105 146 0 255 80 0 56 184 255 0 130 238 201 120 147
    9 0 255 228 255 249 0 194 255 203 0 0 218 16 0 116 55 165 0 0 202
    213 149 4 172 68 0 255 232 27 62 221 117 180 60 13 209 255 255 255
    19 106 0 108 255 248 74 0 255 85 78 124 199 255 51 255 0 152 255 57
    241 104 177 255 255 8 0 37 73 0 0 251 0 165 255 39 33 255 89 255 239
    35 71 202 10 0 255 5 255 140 228 9 10 99 255 0 155 60 255 38 105 78
    98 0 148 32 152 255 223 43 80 61 31 102 0 255 255 237 64 242 201 3
    127 60 93 138 0 0 215 180 0 62 255 183 255 255 0 90 142 134 0 203
    249 249 255 186 234 0 88 203 255 128 255 60 94 133 69 255 12 216 115
    169 17 173 109 0 93 255 89 0 0 250 67 0 255 255 255 139 255 0 113
    249 0 0 0 74 0 49 233 255 204 240 249 148 173 201 38 95 139 255 9 14
    0 255 152 0 48 42 63 255 255 255 218 75 130 0 157 25 255 255 220 138
    0 170 137 0 43 255 127 126 206 138 5 255 89 135 174 83 169 255 251
    13 183 224 14 248 0 40 0 18 179 67 255 86 182 85 0 255 0 49 45 210
    255 51 121 219 15 84 105 255 124 0 255 130 237 0 0 255 0 88 42 217 0
    0 185 29 151 73 155 123 185 0 0 222 0 125 0 0 0 60 0 102 102 53 145
    255 255 255 255 172 74 62 234 0 255 0 110 255 76 255 0 255 255 199
    255 77 0 0 255 255 0 88 157 120 245 0 52 255 13 0 0 61 239 162 255
    82 107 222 48 0 68 0 255 255 255 91 152 224 0 60 189 28 42 0 0 160
    148 159 154 88 22 69 255 202 198 73 68 162 71 255 91 177 18 195 255
    203 219 6 238 53 255 255 153 153 175 255 117 207 29 142 78 35 0 82
    133 255 232 0 174 114 151 0 61 0 0 186 255 188 223 192 5 0 219 27
    128 239 190 187 23 184 0 0 0 0 0 250 51 53 255 0 195 204 0 0 255 0
    99 0 0 0 255 255 255 18 42 0 110 162 66 148 118 150 254 23 166 182 0
    255 197 0 255 85 78 83 0 228 80 208 255 114 0 141 0 181 191 35 148
    136 255 255 122 102 7 0 132 246 245 141 105 0 255 71 213 67 0 153 0
    0 220 0 255 251 11 228 0 0 61 201 255 151 0 85 255 0 0 0 0 106 62
    120 91 0 43 255 151 172 177 101 57 255 0 95 31 175 0 0 7 62 157 242
    255 200 236 0 247 248 255 0 39 146 143 2 250 234 226 131 243 0 101
    63 0 57 79 224 92 206 0 37 173 0 0 0 143 8 62 31 168 255 246 249 73
    233 28 15 16 219 0 179 0 66 188 255 11 25 196 0 0 0 241 34 0 143 245
    255 54 170 115 170 0 134 50 12 165 149 0 238 87 56 101 255 233 255
    167 23 144 149 71 0 23 63 251 71 108 245 100 255 23 255 0 0 191 118
    255 199 81 190 0 18 255 255 164 235 165 255 233 16 251 68 0 164 131
    137 225 255 0 255 0 255 100 44 0 244 0 126 255 56 187 27 255 207 0
    81 4 0 122 232 0 176 0 0 0 0 255 217 88 255 255 45 74 0 106 215 105
    255 211 154 0 255 201 0 0 0 177 0 166 255 27 255 255 213 0 227 115
    255 0 255 240 244 48 193 34 0 53 32 188 161 244 255 255 184 96 252
    255 66 153 215 255 254 204 222 16 113 255 39 181 184 255 255 51 219
    255 255 194 68 255 27 195 0 255 73 143 0 12 99 143 152 71 106 0 34
    120 0 93 255 117 51 29 255 142 255 9 232 185 36 0 0 255 255 174 228
    21 200 136 103 71 0 0 46 80 0 0 255 0 180 255 255 212 0 255 255 242
    24 215 255 254 255 255 0 255 255 50 167 141 255 22 0 255 138 184 61
    121 9 247 76 87 200 101 90 11 5 255 255 252 255 165 0 221 56 233 0 0
    173 0 255 255 125 255 202 0 235 66 71 255 255 154 0 74 235 164 0 128
    108 199 210 46 201 173 39 131 17 211 60 84 255 30 173 105 255 120
    250 42 249 255 243 17 206 12 233 0 211 255 0 255 255 179 240 124 227
    186 88 192 0 0 28 214 137 0 255 46 151 129 0 160 255 140 0 0 0 54 0
    255 64 10 247 105 134 0 210 100 0 170 255 255 211 50 255 0 255 74 88
    255 255 255 0 0 0 6 206 224 0 0 243 255 13 130 150 219 170 255 0 124
    1 74 233 232 59 215 103 0 194 100 0 36 255 104 0 255 0 232 0 171 0
    157 0 80 31 84 255 138 233 255 0 33 109 255 151 0 228 173 75 52 78
    65 0 33 138 77 0 153 198 255 55 0 18 117 137 255 26 255 243 197 142
    168 0 247 255 11 223 188 255 73 97 255 232 154 56 0 0 0 0 62 0 170 0
    148 153 94 104 255 244 172 17 144 241 0 73 158 101 139 36 30 255 250
    167 209 163 255 244 134 148 255 255 0 93 182 122 0 0 45 176 75 255
    255 161 172 16 162 149 237 255 240 145 35 255 16 40 255 119 255 120
    0 158 17 0 55 188 229 74 46 37 2 82 107 0 22 197 0 175 36 176 71 0
    101 255 55 121 255 240 86 212 224 0 138 116 156 208 0 180 97 99 0 0
    255 255 37 255 71 187 255 32 98 255 129 214 255 0 255 255 137 118
    153 255 0 148 255 0 199 132 0 0 75 29 176 251 121 255 7 48 255 219
    230 106 15 254 55 195 255 220 119 78 204 231 224 6 0 106 244 150 127
    255 95 0 255 92 255 255 255 35 61 170 0 241 182 25 78 0 110 0 235 29
    0 255 240 0 0 255 92 255 255 27 0 255 0 19 182 66 89 173 254 255 164
    113 156 210 89 79 218 192 61 255 14 42 255 118 166 134 197 0 0 75 40
    2 163 21 228 101 0 63 0 209 226 199 239 255 55 227 0 132 255 239 168
    255 0 255 149 255 150 209 230 0 124 72 51 158 92 223 0 249 74 186
    255 255 122 255 255 255 241 255 213 238 168 50 196 255 158 218 169
    255 253 69 124 113 51 241 162 54 98 255 255 0 189 235 0 21 210 123
    19 134 15 132 29 27 255 134 255 0 247 52 255 0 255 56 67 255 0 236
    255 216 163 142 255 204 0 255 0 0 182 55 247 255 138 6 0 0 166 137 0
    168 119 143 0 255 0 245 0 0 73 40 255 72 247 0 0 13 0 255 244 67 5
    255 0 0 45 178 43 0 85 108 38 255 0 255 80 6 35 11 0 1 0 150 200 255
    249 80 25 147 0 0 255 37 180 62 0 193 0 0 255 171 8 254 251 232 0
    255 4 134 0 44 133 202 157 193 126 231 5 255 181 146 255 163 172 105
    94 0 255 95 168 5 95 255 174 17 30 65 45 183 255 175 255 96 0 195
    255 82 0 255 190 119 218 162 0 95 0 0 255 142 210 255 0 44 255 255
    58 255 255 255 0 162 241 247 78 255 166 184 74 157 255 18 143 255 0
    255 0 151 255 0 15 66 0 255 255 54 227 121 220 255 0 0 122 54 201 0
    178 175 67 200 255 159 149 146 47 73 255 97 248 0 50 46 255 245 41
    255 0 48 12 0 237 255 255 50 224 225 29 255 0 234 120 159 255 0 53
    255 93 0 130 108 75 255 255 255 229 62 106 255 38 222 255 83 127 255
    255 0 23 0 72 185 64 0 5 255 0 48 169 85 8 212 139 84 0 232 0 90 0 0
    116 151 70 9 96 255 251 90 255 187 0 49 53 255 174 0 137 255 158 255
    0 255 13 0 56 0 152 255 108 0 78 254 97 249 0 0 64 0 255 123 129 57
    84 0 35 75 125 255 142 84 2 255 176 0 6 138 89 71 192 255 255 12 109
    79 157 255 255 7 0 78 136 6 0 0 203 222 176 187 0 181 0 255 60 0 59
    93 144 50 80 0 219 89 0 76 154 0 38 255 255 143 0 255 197 127 122 25
    114 0 204 255 55 111 87 255 195 125 206 212 0 59 206 127 41 123 95 9
    169 0 92 12 175 228 0 255 255 0 76 39 255 73 222 134 137 235 193 110
    0 0 47 0 254 255 191 77 173 51 209 94 233 255 0 0 255 15 255 228 0
    212 0 1 44 255 0 255 92 52 93 230 255 48 255 0 113 255 96 255 201 2
    130 255 255 98 0 130 174 255 243 23 0 112 255 0 70 0 0 221 55 230
    255 139 255 255 255 255 20 255 0 0 9 136 195 7 186 255 255 0 255 47
    235 255 176 99 224 166 153 121 55 0 0 255 2 4 10 9 107 92 0 0 246
    255 255 123 190 198 141 157 0 255 3 233 36 141 56 255 156 35 175 54
    144 120 128 196 0 0 179 152 199 255 249 255 0 255 255 0 0 255 42 169
    90 213 255 0 0 255 226 0 252 255 111 255 255 139 113 255 0 69 64 255
    73 49 254 212 35 0 141 214 0 242 235 12 255 177 255 0 147 2 213 120
    28 245 120 246 188 134 255 242 67 0 155 227 234 255 174 255 100 255
    189 255 90 174 54 0 63 0 179 150 78 0 32 255 126 41 0 139 125 255
    161 0 0 116 250 255 255 0 0 1 30 0 167 120 180 254 250 34 255 146 76
    152 0 37 255 0 0 169 0 0 255 0 224 255 234 125 255 105 3 0 221 0 24
    0 157 0 0 255 147 212 255 69 69 29 255 0 62 224 134 185 194 96 14
    119 240 0 0 0 255 180 255 157 0 43 211 255 255 255 210 255 255 211
    182 218 255 255 255 69 129 12 255 207 23 238 0 255 0 83 0 132 77 191
    255 11 255 163 255 0 120 119 255 255 223 255 196 220 255 0 151 255
    112 102 228 95 224 112 255 3 68 98 255 24 43 255 92 0 32 150 44 255
    52 127 0 64 210 83 0 59 83 0 85 255 28 255 81 255 59 159 255 57 0
    203 0 0 248 77 235 134 255 51 32 89 0 107 157 193 176 230 20 186 183
    211 0 0 176 0 111 0 87 0 255 168 32 255 0 207 166 0 255 0 255 95 148
    234 4 128 178 4 255 11 169 9 200 77 172 0 201 58 183 255 92 255 235
    58 109 179 0 167 182 174 0 239 123 58 50 0 32 255 66 93 0 228 79 197
    71 111 164 255 210 13 0 1 255 255 255 255 64 251 255 193 255 255 255
    255 93 150 246 255 185 104 39 56 255 0 222 0 0 172 33 4 0 205 5 201
    255 193 173 87 0 28 0 144 255 255 28 195 38 0 79 198 195 46 244 28
    255 144 165 97 221 255 255 169 193 94 187 0 211 153 255 240 91 182
    255 232 189 129 128 110 86 255 255 255 246 160 254 162 115 84 62 255
    111 68 124 163 76 176 255 255 0 91 0 80 0 34 0 0 0 150 41 0 133 74
    64 130 174 0 47 255 0 203 104 15 37 13 227 0 188 91 230 88 0 255 0 0
    68 235 59 255 49 207 148 255 0 0 16 255 0 255 255 103 25 108 171 255
    50 216 255 140 0 32 89 255 197 172 255 255 255 23 161 67 31 200 95
    242 0 209 0 31 110 0 223 0 0 202 82 237 80 212 61 255 130 255 118 0
    146 60 0 5 217 60 225 250 255 60 0 107 255 125 0 255 57 232 112 107
    0 0 114 53 68 0 255 233 15 175 255 51 14 148 0 255 0 231 26 255 88
    14 0 255 16 85 0 73 201 0 0 61 241 6 206 4 98 255 30 190 0 146 84
    182 184 120 255 22 26 30 255 204 89 255 112 220 34 0 112 0 69 255 0
    255 255 91 0 65 103 0 0 255 44 255 107 202 108 135 245 223 4 0 255
    61 253 221 26 255 255 151 255 91 0 255 101 90 255 190 110 203 224
    255 147 0 255 34 0 250 255 125 99 29 190 18 235 113 0 255 59 0 0 255
    26 191 80 241 243 0 0 255 204 14 206 142 192 0 153 177 255 15 0 0
    187 255 0 53 179 184 0 255 253 0 177 255 0 117 241 120 255 216 255
    220 0 184 52 112 21 0 67 248 207 37 86 255 110 177 255 255 255 0 220
    100 0 225 0 185 75 209 111 211 192 64 147 50 80 157 255 47 0 124 6 0
    0 255 183 0 5 22 25 217 0 186 52 21 108 92 0 159 255 143 255 255 76
    255 255 159 237 233 153 0 89 255 255 14 106 69 255 0 74 245 0 64 255
    186 255 255 0 0 80 95 213 0 82 29 27 91 13 0 189 58 242 33 0 167 70
    34 225 7 211 0 51 41 0 0 158 200 255 255 3 197 0 84 255 255 207 200
    0 97 89 20 0 13 148 255 4 255 37 206 171 196 119 148 60 124 255 21
    135 117 255 72 195 144 0 16 166 183 255 176 255 189 147 255 0 0 168
    0 255 255 0 25 0 255 4 115 184 0 109 185 196 197 24 55 200 211 0 20
    184 171 166 0 0 255 255 238 238 174 152 0 160 255 71 0 252 51 223 0
    99 107 0 255 86 196 0 255 255 39 233 40 224 238 127 53 218 131 0 0
    70 0 28 233 0 116 0 91 163 5 255 255 28 255 231 255 7 244 255 11 163
    72 216 86 255 221 41 255 175 32 255 80 70 105 255 0 127 255 255 181
    116 123 255 7 246 186 193 151 116 52 171 255 255 0 0 60 222 81 255
    255 0 113 255 212 150 0 107 78 0 234 45 228 255 158 255 122 255 232
    0 0 0 249 255 255 83 255 238 189 255 0 33 94 0 255 255 8 210 0 255
    136 0 160 160 163 71 32 0 255 255 25 68 217 44 144 181 100 0 211 46
    255 252 135 255 204 33 0 19 0 173 255 249 255 172 0 151 58 255 243
    157 161 0 255 149 24 215 62 0 236 74 0 208 101 0 90 78 255 152 0 194
    6 153 0 54 239 255 62 255 234 255 11 57 169 0 0 238 89 0 255 0 16 11
    181 158 182 234 197 46 0 255 13 141 0 147 119 255 0 134 130 244 37
    87 182 0 55 236 76 0 20 255 36 0 16 172 157 29 1 0 255 255 255 0 67
    176 101 255 41 185 237 255 0 0 0 88 100 127 112 0 0 255 70 135 220
    185 193 181 104 163 205 255 16 19 41 248 162 255 73 147 255 0 134
    229 7 190 0 177 46 0 255 255 0 205 255 0 114 105 174 247 255 105 120
    255 185 255 255 255 73 0 0 75 0 83 107 142 255 255 249 132 255 81 80
    194 87 255 31 86 45 121 183 8 0 52 0 255 176 58 114 0 202 96 55 140
    228 232 70 153 0 0 0 255 102 79 255 255 81 244 255 0 255 230 70 0
    255 255 225 76 209 139 108 58 178 245 0 90 171 67 172 10 158 255 0
    71 0 255 0 255 12 76 255 11 101 0 255 176 0 0 11 255 92 2 10 0 255
    202 67 241 65 0 240 102 179 107 0 0 144 78 228 253 255 255 67 255
    213 255 61 91 0 255 36 136 135 61 250 127 226 30 0 212 255 0 67 255
    0 0 203 0 61 96 200 255 130 166 70 165 0 222 0 161 38 13 255 72 54
    47 66 0 255 0 243 34 0 110 237 0 108 204 191 0 3 255 49 151 0 70 0
    255 181 255 140 0 51 0 38 0 255 110 214 58 68 229 255 255 55 237 224
    0 184 34 3 255 0 226 170 211 255 48 62 0 196 236 45 165 151 79 0 255
    0 255 167 84 103 255 215 255 55 0 92 90 0 255 0 133 223 0 255 61 0
    178 255 131 191 134 195 0 255 168 47 112 220 8 255 0 255 239 80 255
    148 252 60 255 64 120 32 49 151 148 218 66 0 0 39 136 87 78 207 124
    235 255 0 129 0 0 217 86 0 255 255 92 142 0 255 179 111 255 79 162
    132 183 203 62 255 28 0 70 0 236 255 119 235 0 157 231 0 140 131 248
    149 6 24 121 255 0 64 73 0 0 255 194 147 126 85 255 0 0 216 0 153 87
    207 244 0 164 255 0 125 255 145 0 250 177 19 255 208 156 118 160 255
    63 255 0 232 255 212 255 0 162 64 0 98 225 255 0 106 0 26 23 255 255
    16 144 244 0 255 214 32 0 0 0 255 72 0 142 190 166 255 171 229 193
    255 255 0 255 54 6 255 131 157 223 206 227 24 255 200 107 255 76 176
    251 226 213 107 0 77 0 120 14 82 69 0 81 161 244 0 255 239 40 197 0
    233 19 255 255 226 87 221 255 240 41 80 0 255 255 0 185 0 0 0 1 0
    187 244 183 255 132 183 170 255 255 149 54 144 0 255 0 234 17 0 29
    149 0 189 0 0 127 0 78 84 0 135 5 0 255 53 59 30 0 255 0 83 255 0
    255 255 96 44 180 138 0 0 166 164 255 81 21 181 255 31 52 0 37 0 70
    91 0 173 255 15 0 255 255 125 223 0 0 115 255 192 16 87 112 238 189
    11 133 16 255 96 232 255 240 70 200 255 255 239 142 113 255 228 0 43
    0 255 246 107 172 255 3 0 98 100 95 35 232 232 232 255 0 145 255 172
    129 0 0 143 127 136 191 139 255 185 58 0 186 195 246 136 0 255 255
    124 119 9 179 255 255 195 239 200 8 140 229 0 255 156 0 174 93 0 115
    255 121 0 80 0 239 255 111 36 149 162 194 0 0 211 217 109 255 255 51
    45 0 90 235 171 45 203 239 0 99 76 0 255 248 195 71 0 0 17 11 255
    240 48 222 255 244 0 5 32 255 255 145 0 27 105 172 236 79 79 0 105 8
    0 0 36 255 121 255 255 209 255 255 219 0 177 217 0 107 255 17 255
    255 169 101 226 74 0 4 73 134 69 165 188 255 0 66 19 0 255 0 255 255
    0 28 129 255 25 22 255 0 225 101 75 174 255 255 37 202 0 0 83 199
    114 108 185 0 0 49 242 71 255 88 0 225 97 193 185 255 28 181 218 229
    255 255 2 8 0 120 3 255 20 0 255 42 255 0 36 176 87 24 170 129 0 2
    228 77 255 172 0 0 22 255 0 86 0 7 176 0 244 143 92 246 91 228 91
    173 247 217 201 213 255 255 69 255 75 0 199 112 0 176 255 194 97 210
    11 236 255 18 255 84 0 0 54 0 221 255 100 255 54 253 255 76 204 205
    102 0 255 0 215 0 118 54 0 17 255 246 156 200 167 43 0 115 39 138 32
    178 198 202 78 188 0 0 0 226 109 255 248 26 255 242 83 59 20 0 0 255
    128 136 255 0 171 95 174 151 121 178 0 84 65 104 255 255 126 151 0 0
    105 50 5 252 118 244 0 190 173 124 0 221 168 255 255 74 80 111 255
    140 198 255 0 0 0 150 255 31 95 106 255 55 158 255 175 239 198 155
    255 255 0 40 9 255 0 194 0 59 122 217 48 0 0 255 36 90 199 255 255 0
    87 126 241 100 0 0 149 81 109 48 0 0 11 0 13 0 0 0 199 255 179 0 225
    255 0 134 49 7 175 138 164 98 125 0 40 6 20 244 160 0 0 255 185 164
    90 49 87 120 255 166 28 255 37 0 88 255 0 255 210 172 111 100 255
    229 147 25 0 109 215 106 255 2 162 58 0 0 4 68 50 188 255 12 227 255
    198 43 92 255 255 7 66 235 33 118 122 255 0 255 0 0 58 175 255 245 0
    20 95 255 248 194 255 94 190 127 255 0 57 26 161 83 0 0 174 167 239
    254 146 192 66 82 255 47 158 250 253 0 140 13 255 209 136 0 209 0
    255 153 0 242 102 192 0 81 0 0 99 80 0 221 255 129 255 0 0 42 255
    197 0 177 0 56 69 184 255 0 255 0 39 182 159 255 255 51 17 0 255 0 7
    188 184 185 255 142 173 167 189 104 0 124 255 7 14 80 255 34 202 99
    211 82 112 139 71 220 255 58 248 155 192 208 109 138 40 25 181 49 92
    101 1 107 52 0 181 151 42 47 64 191 255 90 222 255 0 107 136 255 0
    35 255 231 255 37 255 255 11 255 2 65 246 142 0 191 143 28 150 0 105
    24 255 141 38 12 27 0 141 149 0 255 50 255 255 255 230 255 0 119 233
    99 255 233 255 101 184 0 171 253 190 58 20 42 94 30 0 255 0 63 72
    255 214 0 203 0 110 29 221 9 0 120 92 166 235 139 0 0 255 48 137 120
    0 220 223 252 0 116 0 0 185 85 255 154 36 0 0 255 70 29 0 25 255 228
    255 113 104 227 30 0 101 82 151 89 27 56 7 170 9 105 109 15 0 90 193
    7 201 128 47 0 255 0 255 14 196 0 208 255 143 76 221 227 255 178 30
    0 76 255 225 255 120 92 255 201 213 255 0 82 130 169 162 151 255 255
    0 0 35 255 0 75 122 110 0 159 129 136 255 135 0 0 245 174 221 255
    255 0 157 128 29 255 180 0 0 152 255 104 0 59 47 86 0 4 255 143 49
    95 254 255 211 162 21 10 209 168 118 0 14 38 75 0 143 78 0 179 201
    255 0 93 221 17 0 0 255 158 255 252 15 255 10 0 144 0 83 0 219 24
    155 98 0 255 15 113 0 20 31 0 0 0 6 137 236 0 223 0 3 232 71 93 223
    112 143 206 255 0 187 99 116 255 59 0 160 55 43 69 52 78 91 0 0 0 20
    255 92 219 154 39 231 49 0 255 255 255 247 255 138 174 0 122 9 255 0
    0 190 255 66 91 68 255 255 13 106 127 55 95 133 116 121 80 255 71
    255 12 212 0 133 255 215 255 177 255 216 180 255 232 255 77 0 189
    125 255 255 47 56 0 47 0 51 143 255 146 95 64 123 18 46 255 143 255
    0 0 92 0 252 0 168 38 43 97 11 195 41 255 0 255 0 71 205 255 75 182
    253 255 12 64 255 255 233 255 64 250 68 86 32 58 202 39 172 46 232
    122 0 0 179 0 255 89 62 252 255 48 171 212 255 255 0 245 255 233 202
    116 0 0 101 181 0 62 0 32 122 0 81 82 0 59 255 93 29 146 166 0 0 113
    3 255 168 255 255 0 151 94 248 160 66 9 255 152 105 0 59 255 0 10 0
    0 236 255 0 255 200 0 150 33 192 176 0 128 255 255 233 255 255 255
    255 34 255 25 255 255 255 0 0 0 128 83 0 255 88 209 92 214 241 121
    255 0 0 90 43 195 126 0 0 255 185 163 0 255 255 181 168 0 255 17 73
    0 85 255 93 62 61 89 155 28 193 0 19 122 90 73 78 254 196 255 255
    255 153 247 0 15 45 255 0 80 194 255 0 49 246 255 0 5 255 95 0 255
    255 255 0 255 130 114 95 3 223 255 189 0 231 214 146 255 255 0 178
    255 54 177 212 0 188 0 255 255 0 84 255 126 233 15 31 119 255 123
    254 251 7 255 38 113 37 78 255 253 211 0 136 0 230 104 0 103 0 48
    255 156 243 64 255 239 255 22 201 60 143 38 55 31 0 255 34 255 3 0
    98 33 179 0 151 0 255 67 184 150 59 30 216 21 220 32 255 231 47 243
    235 198 215 207 255 0 0 0 0 182 13 91 0 103 255 229 136 255 255 44 0
    24 255 0 255 0 255 54 212 146 97 102 193 86 83 0 45 167 67 255 245
    179 106 14 255 255 184 33 202 189 142 66 0 137 0 255 255 141 159 248
    0 34 0 48 30 79 0 255 255 0 12 217 19 0 5 255 74 202 184 0 242 24 0
    255 47 129 0 255 206 189 255 255 1 79 255 255 150 206 60 0 0 255 255
    69 189 255 255 51 0 205 80 170 255 255 0 161 236 84 48 166 0 46 255
    0 255 0 119 255 0 0 224 0 0 0 255 87 0 213 0 0 0 0 97 214 95 26 255
    0 174 255 139 255 255 110 234 130 157 40 129 0 39 166 245 247 43 84
    255 232 0 120 255 0 102 200 255 0 183 255 202 3 242 119 8 255 0 0
    255 124 218 255 157 255 252 0 56 159 255 247 0 255 129 128 134 0 0
    255 0 255 255 255 94 103 132 0 2 255 255 143 255 109 0 91 119 61 0
    198 142 15 0 194 255 84 0 0 255 47 113 100 104 255 248 0 82 255 25
    88 198 0 7 37 150 26 0 255 0 40 10 255 255 0 0 0 0 101 255 120 106
    55 35 140 115 150 210 90 234 0 0 0 255 255 180 202 0 92 204 255 149
    21 0 183 86 112 254 255 41 210 142 0 255 76 255 255 82 140 203 55
    255 255 0 246 254 197 255 71 72 0 0 0 76 126 0 0 135 94 4 169 255
    145 51 161 255 255 255 5 0 107 36 125 111 230 254 255 255 68 205 211
    212 61 0 0 0 0 0 255 255 15 157 12 252 181 0 58 0 255 99 255 70 217
    255 42 191 119 33 255 152 255 117 0 255 135 139 181 243 0 182 67 0 2
    155 52 186 0 43 255 225 241 181 249 49 78 190 57 0 146 157 200 206
    255 0 255 0 141 0 0 8 0 47 56 26 129 248 5 255 0 102 153 90 255 255
    9 28 102 255 26 61 188 113 177 30 229 194 49 31 39 6 61 0 243 0 144
    184 85 166 85 53 54 0 0 188 255 0 0 0 25 148 183 255 96 205 84 0 0
    221 255 0 51 252 38 92 0 0 220 0 255 255 0 109 255 1 113 115 153 0
    255 255 0 251 0 59 0 161 98 26 119 178 0 0 38 255 255 255 0 255 65
    25 255 163 164 57 5 209 0 198 0 0 8 61 0 231 182 162 159 0 133 109 0
    0 255 255 107 255 255 0 0 255 85 19 255 183 1 137 33 178 111 0 107
    145 115 227 1 181 44 255 114 18 0 240 148 156 255 173 25 36 255 122
    34 80 255 0 0 77 156 255 120 36 100 0 0 70 7 99 133 255 179 201 215
    26 0 28 0 26 255 255 0 135 237 118 0 56 46 20 255 255 255 54 0 255
    194 255 223 202 69 169 134 0 211 14 98 255 0 255 255 255 117 29 0 9
    175 96 177 148 255 172 200 255 17 0 74 255 108 13 39 207 126 0 205
    12 255 69 145 150 58 64 151 27 0 59 255 28 112 103 255 0 255 15 0 99
    7 218 180 255 255 10 15 0 150 60 86 228 255 0 102 61 118 225 146 141
    0 0 255 69 255 255 255 255 87 0 0 0 179 0 255 184 0 0 137 155 63 221
    255 255 108 133 255 255 0 194 255 173 0 251 255 0 35 231 110 0 130
    119 124 27 177 135 0 95 102 255 255 233 255 255 220 41 0 122 94 0
    255 54 0 41 195 7 255 255 255 255 0 71 218 0 0 0 255 252 102 255 11
    0 140 0 213 255 128 86 8 134 54 0 0 113 255 124 208 255 218 4 221 0
    0 162 48 255 141 0 186 191 45 217 76 0 0 165 103 255 0 101 153 0 0
    255 246 75 168 246 115 7 222 173 0 0 255 224 77 255 255 35 214 50
    181 0 215 95 0 87 244 0 167 225 0 191 255 147 127 36 252 255 255 72
    37 255 18 0 83 255 61 240 133 255 255 255 182 0 119 59 250 0 178 176
    255 87 255 255 89 61 255 0 0 69 208 0 84 0 255 0 0 255 14 163 239
    240 157 133 0 76 0 179 255 115 52 105 0 204 0 146 118 77 19 182 166
    0 255 255 0 0 255 207 41 89 199 0 255 19 120 255 255 122 23 255 255
    0 255 44 158 109 20 36 85 164 0 91 255 252 87 158 145 35 129 194 0
    255 0 255 0 189 249 132 174 218 227 150 150 14 0 175 59 0 155 159
    204 152 46 181 102 27 255 255 122 127 0 0 0 255 0 177 215 255 255
    255 55 125 234 26 255 82 0 141 191 40 99 245 114 21 46 185 0 89 0 0
    70 255 0 153 255 176 59 255 130 0 70 0 159 169 254 235 7 227 31 171
    144 169 246 116 244 246 253 1 186 82 163 180 98 0 148 0 128 0 49 110
    216 26 34 255 86 79 0 36 168 191 255 84 255 82 97 255 86 26 0 124
    255 23 147 238 137 255 0 165 255 235 0 0 36 195 255 201 244 255 0 67
    0 255 133 20 255 255 136 196 55 0 255 136 209 27 184 43 0 125 255
    227 0 246 255 141 60 108 0 14 135 19 255 255 255 147 170 0 0 205 36
    0 0 36 94 211 185 176 126 85 148 0 0 141 119 101 14 58 0 157 255 118
    145 255 0 255 255 58 255 185 0 174 180 92 199 56 72 0 0 245 253 255
    122 255 135 0 196 195 135 255 0 99 0 255 0 223 216 121 83 212 0 10 0
    87 0 58 214 232 65 131 67 225 174 68 164 126 255 121 255 82 164 0
    255 253 150 226 163 0 153 227 0 90 36 255 32 255 250 132 25 0 152
    122 113 74 64 30 173 255 255 26 118 196 0 87 0 243 231 239 145 123
    255 0 0 0 158 117 0 255 0 0 28 189 202 34 255 151 220 196 255 0 126
    30 53 185 195 27 189 0 255 255 8 180 3 168 0 44 167 101 26 71 139 90
    255 63 203 220 255 255 132 255 125 62 255 105 122 0 21 255 255 112 0
    255 129 61 110 0 217 0 255 133 255 255 255 255 88 54 0 0 255 255 204
    0 165 255 196 255 156 0 255 134 201 0 76 255 70 0 109 6 250 32 31 0
    58 112 80 255 114 0 0 73 123 74 0 0 209 172 7 255 255 255 21 0 255
    200 101 57 222 252 183 136 136 214 195 255 201 255 255 0 77 0 0 20
    47 226 109 172 12 126 124 183 6 255 196 255 51 230 15 115 255 0 110
    18 104 0 87 255 212 231 131 255 38 4 90 255 0 66 106 218 169 0 139
    255 142 20 121 51 252 0 183 54 241 255 69 98 0 255 0 73 108 156 126
    236 0 0 0 80 3 0 0 172 179 255 117 216 137 236 0 133 46 174 181 255
    144 255 0 0 143 151 9 75 123 255 73 255 232 157 18 178 255 166 89
    167 54 0 144 91 255 0 208 20 90 255 255 246 0 57 18 218 131 255 200
    108 36 255 75 245 155 255 143 13 93 150 0 150 255 73 25 255 145 224
    89 255 205 255 255 243 3 255 100 255 9 244 168 203 147 187 2 255 2
    116 120 90 226 98 241 0 255 113 42 36 0 194 70 29 255 3 255 150 90
    111 60 147 255 29 82 255 96 152 116 0 255 255 146 0 146 134 255 145
    41 255 229 112 0 170 114 206 255 12 0 131 0 205 240 0 0 87 0 67 255
    0 67 29 182 27 53 200 40 8 255 0 243 142 109 198 190 0 87 24 232 0
    82 0 197 0 142 0 0 0 0 255 255 81 0 235 255 0 255 235 251 71 55 33 5
    152 255 255 92 227 9 170 255 92 255 255 66 6 0 13 4 173 0 231 183
    156 255 162 13 77 255 23 245 25 201 57 94 218 15 158 255 0 107 255 0
    146 0 144 19 255 174 0 171 71 90 240 255 166 65 44 134 26 255 255 12
    255 255 194 4 218 25 116 190 112 105 149 13 150 3 76 222 18 255 141
    111 176 136 147 0 0 0 0 105 45 1 255 58 169 0 69 179 96 0 252 207 0
    255 255 0 197 154 0 0 117 255 0 146 255 34 0 194 255 255 121 242 0
    116 220 250 197 113 10 175 255 255 157 208 0 255 164 98 109 0 255
    255 0 214 45 153 125 156 255 179 170 76 0 184 66 199 17 65 201 239 0
    255 75 215 255 0 255 255 255 255 0 145 255 237 255 209 0 255 222 96
    133 255 145 255 101 255 211 147 107 255 66 0 0 255 126 0 166 240 235
    45 0 0 43 101 165 129 67 138 0 0 255 113 130 18 202 0 15 145 235 64
    155 55 255 255 255 154 190 84 255 255 92 255 48 35 109 215 106 255 0
    99 61 0 166 210 255 150 118 239 117 132 211 244 251 0 176 50 255 255
    72 0 133 41 134 154 0 78 91 0 0 0 247 188 255 114 110 0 208 214 85
    224 219 217 236 243 255 54 54 91 0 6 134 237 0 223 165 123 255 255
    255 255 214 223 255 0 255 0 245 59 37 255 255 0 255 255 161 0 0 213
    0 173 157 230 255 199 113 255 255 133 192 144 27 255 47 255 178 235
    84 255 255 0 255 0 42 213 0 192 0 233 127 0 0 135 36 28 255 255 179
    255 211 150 0 35 255 255 10 174 255 158 205 206 92 113 255 152 45
    207 23 104 58 24 202 55 255 107 188 141 0 255 3 199 0 122 225 83 0
    252 69 0 166 248 242 255 92 139 6 255 160 202 10 206 255 0 229 241
    166 255 27 139 115 0 166 0 178 0 0 255 176 206 185 255 54 128 77 146
    228 0 255 191 22 248 255 152 142 9 255 254 0 0 255 0 0 255 122 255 0
    52 220 104 0 60 44 191 255 33 160 0 171 0 50 26 255 0 98 161 255 142
    19 255 204 173 220 169 193 0 255 72 139 196 103 255 189 130 155 107
    0 0 0 54 255 255 88 0 255 62 234 226 170 206 220 82 45 255 107 112
    230 246 0 23 78 19 46 255 113 138 194 255 48 142 120 255 23 207 0
    137 41 225 0 207 213 0 246 183 57 33 0 152 178 255 37 31 48 53 115
    255 122 221 51 81 255 206 146 0 255 255 255 71 0 212 12 255 76 232
    255 63 0 76 26 49 189 226 188 0 149 103 70 132 0 95 2 255 0 66 52 0
    101 0 0 13 185 120 43 170 182 151 224 208 13 99 0 0 255 0 255 97 65
    42 170 255 255 36 154 0 6 0 255 121 154 238 0 145 215 229 198 214
    255 255 78 0 255 76 255 7 186 192 255 114 49 0 0 210 0 64 43 0 48
    255 0 213 0 0 255 237 240 174 83 255 192 176 197 0 143 0 61 0 175
    135 255 0 0 255 0 2 81 65 240 118 212 255 255 0 0 199 216 0 185 202
    0 255 0 234 208 156 0 255 255 12 255 255 85 198 0 233 115 46 187 255
    255 255 0 255 0 53 0 65 255 156 180 168 0 150 48 176 106 23 211 246
    0 184 0 16 106 255 131 1 174 0 96 255 255 19 0 0 1 119 0 176 99 0
    147 47 102 255 128 255 110 141 122 126 0 0 129 0 255 118 0 117 255
    221 224 114 40 255 18 241 171 171 177 255 255 9 242 0 255 137 255
    255 255 205 21 168 118 13 0 0 141 255 221 207 69 0 70 242 255 0 1 0
    39 160 132 255 119 0 0 255 0 0 121 86 176 255 214 190 192 89 123 0 0
    225 255 97 47 109 255 0 38 255 228 255 255 255 0 168 255 160 255 0
    255 104 88 113 204 255 75 0 255 48 82 0 255 160 146 121 1 40 39 159
    233 255 255 43 63 233 255 111 255 246 255 255 255 190 79 0 58 176
    151 0 57 28 207 255 40 30 0 188 57 57 10 202 67 255 71 214 255 255
    95 120 22 0 255 156 2 255 253 247 255 183 3 234 198 255 0 166 137
    185 255 197 0 6 255 156 150 213 0 0 95 155 31 110 42 0 119 42 0 166
    58 74 0 255 191 0 0 232 238 47 100 153 0 255 219 255 74 54 0 0 255 0
    255 255 149 140 97 255 0 11 0 145 243 13 96 135 247 0 255 167 21 196
    24 168 127 131 252 158 202 62 52 33 0 118 3 125 0 67 255 143 0 0 176
    249 219 35 255 133 130 212 0 0 0 0 186 134 153 255 255 197 60 170
    255 111 76 255 147 18 0 125 167 0 255 0 0 255 181 0 119 212 249 109
    0 255 45 222 255 0 255 219 163 118 74 152 161 255 0 225 233 233 112
    0 198 182 182 247 50 253 255 8 58 224 255 236 34 0 255 0 174 255 0
    210 103 0 215 255 72 23 0 79 255 179 218 255 44 255 0 0 255 9 99 0
    255 255 239 0 0 255 149 0 247 86 255 58 0 219 187 0 199 29 0 59 62
    65 249 184 222 220 0 74 247 117 153 166 126 174 173 41 0 0 0 28 219
    39 244 255 0 223 255 255 0 93 87 255 170 0 126 255 127 0 72 177 169
    255 85 194 37 255 0 26 0 189 3 13 246 196 82 255 134 34 255 39 97 0
    144 14 255 187 219 228 167 27 255 0 154 217 177 0 255 255 190 0 255
    218 0 0 0 0 0 132 0 122 81 9 255 192 75 255 50 119 156 0 255 191 0
    68 199 91 8 167 0 9 121 96 92 125 0 124 230 125 17 0 117 35 255 169
    33 150 6 133 0 255 240 175 46 47 218 15 217 50 88 71 217 116 255 0
    158 255 255 53 208 171 0 255 127 0 0 169 174 255 199 255 193 32 186
    4 255 89 255 0 255 77 0 0 0 111 16 255 57 0 245 227 113 255 255 89
    10 149 88 73 179 34 34 179 188 134 200 229 72 140 0 59 226 255 0 141
    22 255 0 134 77 92 82 241 33 74 255 0 126 250 50 0 0 255 87 0 214 45
    0 14 0 235 255 171 207 179 255 227 0 163 255 0 20 255 0 0 84 71 222
    3 87 255 0 29 57 0 26 0 255 58 74 139 0 0 34 11 14 45 255 0 102 247
    251 0 249 201 202 94 219 255 0 255 203 255 217 27 186 155 82 255 115
    241 90 90 139 201 253 207 0 26 255 84 116 0 147 0 0 255 35 0 58 151
    14 255 125 0 255 0 53 255 157 255 0 238 255 70 19 255 36 5 24 31 196
    1 66 255 200 0 85 180 26 0 255 255 255 255 125 0 255 176 9 166 59
    161 44 255 202 255 56 68 163 203 0 114 255 236 200 255 140 142 255
    63 0 138 190 255 0 129 249 209 97 142 255 61 173 233 151 255 114 93
    166 229 255 0 80 255 0 255 29 97 255 0 186 0 255 0 90 120 255 91 39
    18 255 218 162 0 255 255 255 112 0 255 24 7 7 38 215 185 0 161 54
    255 73 55 255 0 0 78 167 152 106 211 212 127 185 183 154 236 14 254
    247 213 80 255 255 128 244 34 255 201 255 104 103 255 29 123 212 255
    83 98 0 255 126 200 255 25 138 247 255 241 0 255 50 255 251 255 255
    0 5 0 0 56 255 0 0 255 225 167 190 255 0 0 255 0 29 53 46 102 69 70
    48 190 115 149 171 40 10 111 166 246 50 178 231 149 183 166 245 255
    0 23 255 149 54 255 255 186 101 149 30 248 48 232 141 94 12 240 133
    83 255 0 248 255 112 207 168 157 119 0 0 255 255 193 98 35 255 100
    255 0 112 127 172 0 226 255 21 21 255 0 230 205 255 0 0 255 255 20
    24 169 127 183 15 0 255 153 35 0 0 177 14 0 107 255 193 105 42 66
    243 27 109 72 23 0 255 24 255 78 100 0 43 36 208 97 255 118 0 119
    164 0 185 199 255 255 228 0 224 138 0 255 255 255 143 48 158 9 0 115
    31 255 38 105 29 137 72 145 163 255 23 149 214 3 0 242 255 228 255
    89 197 255 246 255 247 0 145 159 0 0 46 169 123 255 255 253 0 145 13
    255 0 131 49 39 120 255 233 119 255 244 255 131 210 249 27 208 34 34
    0 0 0 29 133 0 0 0 224 242 85 0 0 0 0 154 116 38 255 249 0 252 255
    255 232 0 255 255 195 0 64 0 7 218 255 153 255 234 62 232 255 41 0
    29 157 170 206 23 255 255 255 255 113 255 117 18 255 255 228 121 59
    125 158 63 136 135 0 184 193 56 255 44 2 0 255 46 143 82 92 255 243
    119 53 138 0 0 0 69 0 230 255 0 158 255 0 44 255 255 219 90 255 0 21
    217 0 85 125 7 255 78 161 255 255 208 232 255 246 0 83 15 240 255 93
    0 0 100 0 0 37 187 255 154 0 76 255 67 35 174 34 205 195 24 174 157
    51 167 98 239 152 44 161 96 90 127 0 44 242 50 0 255 130 0 153 186
    205 40 0 50 225 35 55 187 255 103 255 234 248 180 0 255 204 255 30
    255 0 0 196 12 255 26 201 0 40 83 49 14 145 123 0 185 17 194 225 0
    111 115 44 214 0 223 180 8 145 255 0 155 246 105 198 255 118 213 255
    255 13 0 92 0 117 255 110 0 34 0 0 255 48 177 0 65 236 0 249 89 123
    255 255 253 175 89 255 151 164 108 187 30 72 72 170 255 0 210 58 255
    0 196 224 140 41 231 0 0 26 127 217 84 255 40 33 255 126 168 192 251
    71 123 212 255 68 58 0 255 215 95 255 65 37 103 168 0 255 255 49 255
    0 140 147 121 81 81 155 251 1 255 70 248 0 255 65 0 202 255 0 255
    213 224 255 0 238 110 255 197 129 13 255 188 87 245 217 255 196 6 13
    255 94 255 130 225 255 108 225 29 212 0 255 35 173 0 151 255 139 255
    45 165 255 0 190 255 205 0 184 255 0 47 133 0 0 0 69 255 0 116 0 107
    0 255 106 66 94 25 1 255 102 215 0 50 255 0 0 255 255 214 0 255 169
    0 201 0 62 255 173 58 0 251 0 0 38 255 95 12 177 255 57 255 137 216
    117 0 178 198 0 0 255 52 240 34 0 21 0 76 0 96 135 0 0 255 71 57 113
    241 36 0 0 0 207 0 255 255 255 0 70 25 0 251 92 147 255 170 185 182
    255 195 40 44 51 23 253 0 231 255 255 128 84 151 32 255 0 111 85 152
    148 86 255 37 155 0 147 0 249 239 92 160 112 130 68 0 0 0 255 41 255
    242 104 255 210 0 255 255 50 185 255 130 134 255 127 121 51 206 254
    97 159 131 255 124 0 0 255 126 114 152 78 43 215 87 255 255 0 255
    129 182 204 128 176 117 149 161 5 255 0 18 66 21 255 85 255 16 187 0
    81 255 216 172 125 159 6 41 129 199 72 0 166 9 110 129 0 255 67 0
    202 255 70 104 238 0 0 0 255 201 0 255 0 0 68 0 216 82 111 255 0 71
    0 255 59 0 74 92 0 0 215 133 255 224 90 71 210 146 129 250 220 56 0
    78 249 0 255 52 0 254 247 0 255 246 255 255 119 0 108 130 192 255
    245 255 0 28 105 255 33 4 176 104 129 140 255 158 0 183 210 205 0 84
    0 198 0 255 195 22 175 44 0 0 0 100 176 197 179 65 255 255 193 0 165
    0 255 86 64 70 157 95 202 11 27 0 166 90 255 72 255 0 51 171 255 255
    28 142 0 0 0 0 128 0 208 44 227 255 0 214 252 0 255 159 255 168 35
    255 35 239 0 122 96 143 77 0 255 136 0 255 62 63 255 0 129 128 33
    196 123 119 255 108 162 238 214 196 211 131 0 182 120 255 255 0 143
    172 3 0 0 153 133 179 32 189 217 255 60 28 0 0 255 0 142 255 125 0
    112 255 255 145 156 107 255 0 191 0 87 66 224 255 0 165 115 129 0 0
    255 140 21 0 10 219 169 242 245 56 255 168 255 201 255 4 82 203 136
    0 0 71 146 85 0 150 0 0 255 65 0 59 255 39 255 72 255 255 255 56 5
    115 0 255 30 255 255 198 255 255 101 230 142 253 105 119 75 0 166 40
    204 0 173 255 203 255 135 89 255 245 219 227 234 103 255 0 255 113
    129 11 255 30 138 96 167 146 255 64 217 3 188 193 161 225 192 213 75
    252 58 0 231 0 51 227 87 0 0 217 125 183 76 255 201 45 0 160 255 255
    60 149 26 17 0 214 19 201 76 82 255 216 255 243 147 255 95 0 244 1
    185 99 14 28 192 255 219 255 255 255 167 0 234 202 185 0 0 0 21 149
    0 95 226 230 199 255 255 0 71 33 0 97 163 0 194 0 255 250 0 67 0 180
    255 35 255 0 142 255 255 115 185 255 1 238 126 59 40 255 247 133 134
    161 207 18 0 0 0 243 0 119 162 232 0 0 135 0 0 137 204 133 245 0 144
    0 27 246 0 178 67 17 102 89 0 255 240 255 255 42 3 219 39 166 134
    133 227 44 255 224 0 30 255 0 193 255 255 0 0 186 116 111 11 185 0
    44 76 71 153 0 255 255 103 57 163 255 39 221 155 120 77 171 64 0 255
    43 35 255 125 0 125 128 255 0 139 59 79 255 255 191 2 255 0 159 44
    255 153 48 0 0 0 48 19 137 133 176 241 0 238 0 255 248 169 208 0 241
    156 255 33 133 255 0 203 226 87 27 204 255 227 255 132 0 255 138 156
    0 171 74 188 255 56 0 255 255 141 0 242 0 255 230 224 87 0 255 119
    110 255 0 86 255 113 0 255 0 130 45 35 49 35 14 249 255 0 24 67 78
    255 0 188 38 255 0 155 255 109 0 255 147 237 255 255 145 16 255 255
    184 63 83 142 255 0 200 47 255 251 125 255 66 175 18 255 239 181 206
    196 255 255 158 255 255 124 82 7 0 0 255 151 128 117 208 255 175 255
    255 255 42 66 218 94 223 189 154 255 0 132 255 255 255 114 167 0 255
    118 166 0 55 223 0 179 255 0 75 3 255 0 76 119 255 123 55 0 0 161 0
    0 21 0 20 255 208 255 153 0 172 199 45 84 216 228 20 0 255 100 0 255
    255 249 0 255 0 254 255 116 204 255 0 204 71 0 65 0 89 255 0 196 0
    255 74 245 0 14 255 177 255 184 255 76 14 207 193 158 38 175 2 255
    205 150 143 0 255 109 108 249 43 226 0 88 0 0 67 0 8 255 255 201 205
    181 96 126 112 109 52 218 236 159 0 0 255 199 167 160 88 42 0 0 9
    203 125 249 0 0 215 249 90 255 0 37 75 153 0 98 255 252 255 145 219
    136 245 255 122 0 180 91 125 252 3 81 255 255 0 25 9 0 251 255 173
    140 155 255 204 0 0 255 255 192 0 189 0 39 216 96 0 230 255 8 239 0
    6 57 240 177 157 255 211 168 0 255 211 213 75 55 55 255 181 0 251
    231 255 117 202 0 84 255 255 65 0 41 21 255 0 199 192 0 19 73 58 74
    168 145 255 63 208 252 0 12 55 60 91 0 0 0 98 189 0 25 209 255 68
    218 255 139 145 100 0 90 0 82 181 242 2 0 57 81 103 170 202 157 0
    255 0 76 200 90 255 237 54 0 211 255 0 40 255 0 77 14 0 53 228 129
    131 60 0 247 6 193 255 0 7 39 197 255 183 73 255 238 244 117 69 100
    3 0 92 63 6 255 228 187 195 255 223 206 44 255 153 155 37 9 145 0
    152 255 228 66 150 247 222 0 150 159 28 17 174 255 43 50 255 219 65
    0 167 167 62 63 220 0 140 76 69 0 71 10 205 0 43 27 0 50 254 11 66 0
    212 5 0 38 155 157 202 0 98 72 21 115 46 223 0 150 59 50 109 210 112
    0 255 255 174 0 255 0 0 77 255 0 0 216 36 255 0 0 117 249 255 24 0
    221 172 0 219 0 255 226 223 199 120 5 255 238 125 255 2 13 72 251 0
    114 146 107 0 17 167 242 172 41 255 42 52 255 68 134 0 255 126 0 224
    180 255 60 51 255 160 0 255 252 30 183 46 239 210 50 255 61 242 138
    66 255 45 197 255 9 0 154 0 253 0 95 189 56 0 0 126 199 104 98 22
    126 254 177 0 3 43 234 57 123 0 184 73 0 191 0 67 128 68 126 193 0 0
    0 0 207 32 38 66 173 255 198 177 66 0 163 0 178 206 255 6 201 4 255
    255 0 103 0 252 255 202 221 7 255 105 12 0 9 115 251 0 46 22 120 0 0
    4 231 255 80 83 110 37 136 0 0 121 30 12 73 161 72 150 255 94 0 210
    255 74 63 214 255 46 0 128 40 255 105 255 1 255 255 177 119 104 98 0
    27 255 224 196 255 127 235 255 255 0 255 22 255 60 178 133 255 74
    216 255 164 51 78 209 141 126 146 68 50 255 109 19 0 0 255 255 0 68
    255 153 255 255 0 255 93 188 33 123 255 255 0 141 181 196 255 0 196
    0 0 243 4 0 162 82 80 225 0 39 95 192 90 0 151 255 255 173 196 221
    255 255 0 133 255 0 59 101 163 255 8 199 129 155 220 143 0 105 151
    222 255 255 207 255 255 67 78 167 230 236 139 122 17 0 255 4 205 255
    114 255 221 227 70 92 94 255 195 134 32 157 0 73 167 0 255 78 219 0
    228 255 130 170 255 255 154 0 24 179 255 0 46 0 154 0 160 14 0 255
    33 200 186 87 255 29 72 12 255 114 184 0 27 39 0 255 255 235 143 1
    138 255 210 255 109 255 201 255 255 93 255 255 249 177 94 181 255
    251 113 0 255 229 238 67 255 150 0 0 1 164 193 66 255 190 255 18 108
    0 19 0 175 255 225 0 78 255 242 255 0 105 131 255 35 108 255 0 245
    255 0 255 0 246 219 255 0 66 214 0 128 0 255 163 86 255 154 76 255
    92 0 151 67 3 0 0 119 141 255 81 0 7 70 195 255 203 0 255 119 0 222
    114 10 137 28 11 233 255 142 174 109 73 204 121 122 255 108 58 253 3
    53 255 218 236 255 115 255 40 152 255 103 199 214 58 178 0 103 241
    173 255 130 156 95 30 34 35 255 240 0 72 242 255 215 255 13 0 255
    182 135 0 231 218 66 0 4 236 204 162 112 0 12 187 163 240 0 255 202
    52 109 0 255 185 0 82 108 0 0 26 138 244 196 255 255 0 255 0 101 0
    188 100 255 231 255 161 196 0 0 255 22 191 4 0 118 0 0 47 140 255 0
    236 51 0 0 0 85 6 188 211 255 167 172 255 0 0 211 118 0 168 100 54
    255 163 38 120 245 114 255 185 28 10 59 137 153 0 123 2 0 84 73 208
    0 0 255 255 255 0 182 64 6 181 109 137 178 201 176 155 122 0 201 15
    0 191 29 25 93 255 101 218 20 0 130 255 0 230 53 23 255 0 55 77 210
    225 43 0 224 255 255 48 0 255 206 0 6 0 159 255 255 1 216 146 52 157
    0 255 0 140 255 28 0 255 141 255 0 94 153 114 78 103 255 255 28 25
    21 0 203 255 109 255 81 0 238 145 75 255 221 247 255 255 255 255 255
    255 239 243 191 245 46 77 155 255 227 47 158 100 255 98 97 255 253
    78 0 194 255 0 129 250 110 255 250 222 0 86 255 0 255 7 233 0 255 0
    0 0 135 123 195 53 218 255 82 74 183 103 83 255 255 65 69 149 95 210
    255 126 0 255 255 204 255 255 128 18 255 255 0 0 0 211 41 12 0 248
    255 13 0 104 197 27 137 61 231 88 99 239 154 158 131 255 0 0 172 0
    185 225 248 190 10 236 255 139 255 158 0 117 255 94 132 242 247 229
    255 142 83 156 57 119 98 244 176 170 255 128 255 255 160 2 255 28
    255 43 255 205 255 255 86 0 255 7 255 255 125 255 203 26 255 255 0
    60 0 164 0 170 36 244 204 255 143 252 170 176 0 248 255 31 255 255
    51 255 93 255 4 0 153 0 59 15 161 230 103 214 213 207 0 115 188 162
    152 47 147 22 72 79 0 208 0 69 199 2 239 255 130 139 202 255 120 0 0
    152 0 218 77 60 50 255 100 62 0 94 0 255 27 201 39 0 175 83 218 98
    97 255 39 52 255 19 255 163 239 0 178 17 0 96 0 13 63 0 234 0 241 0
    255 141 0 215 0 131 122 159 143 0 0 55 65 15 212 242 168 57 81 159
    255 32 183 238 0 250 114 17 11 38 255 0 255 209 163 255 136 43 254
    28 209 0 70 0 59 172 186 38 75 0 0 161 183 210 218 255 1 255 48 79
    164 212 240 175 250 0 172 54 255 170 22 0 198 158 0 0 40 27 1 20 84
    29 206 229 164 255 120 7 167 204 86 81 23 31 15 50 198 59 241 190 93
    36 0 214 0 0 249 170 126 255 129 227 255 0 0 0 113 163 94 173 0 82
    249 133 0 45 0 0 255 108 174 35 52 238 30 34 93 217 0 94 71 161 242
    240 149 36 205 25 110 0 216 130 150 246 0 49 39 45 21 92 0 3 218 30
    50 0 159 0 0 243 0 0 173 255 76 0 38 255 0 254 94 255 114 255 4 255
    0 255 94 0 152 255 12 194 200 0 175 22 177 0 102 17 182 169 213 185
    126 0 89 250 12 158 4 0 24 55 181 0 135 24 83 10 22 151 77 134 247
    255 0 73 0 78 76 246 78 255 61 121 61 233 68 0 255 0 129 0 0 0 251
    155 3 170 167 12 0 0 240 19 178 157 63 70 187 78 184 167 189 255 117
    164 255 255 92 72 53 222 0 0 252 0 0 79 57 153 183 186 114 9 167 164
    139 104 226 255 53 3 78 166 185 46 10 60 255 255 255 165 196 74 255
    81 0 255 249 255 255 62 195 217 56 7 255 21 255 255 179 135 229 112
    163 0 0 12 6 182 255 44 243 68 118 175 202 0 0 26 255 72 29 0 251
    149 34 24 0 37 219 0 194 0 0 251 63 0 23 255 2 255 0 91 217 255 0
    255 0 231 203 163 0 191 40 255 255 134 244 203 234 51 220 57 243 0
    153 92 164 68 159 255 0 104 254 0 179 255 163 0 255 179 205 201 215
    57 0 118 0 0 25 93 255 112 218 255 221 128 72 0 132 0 255 4 136 12
    255 255 255 159 170 110 58 255 0 193 58 0 63 255 235 0 180 11 112 88
    234 0 0 0 255 0 191 54 0 124 0 171 255 255 18 0 0 91 68 0 111 255
    120 3 157 106 0 78 244 78 255 95 21 82 210 77 214 0 20 0 255 0 233 4
    23 0 49 75 97 2 50 255 14 30 255 250 4 224 41 130 255 228 56 231 255
    173 1 193 255 255 221 255 113 143 0 0 0 189 160 255 228 255 110 161
    0 204 0 89 0 255 249 134 255 0 169 248 255 0 0 104 187 0 255 253 255
    113 222 45 192 255 223 66 233 35 78 21 53 170 0 41 0 175 239 87 174
    202 0 255 0 7 88 41 207 33 198 0 74 0 255 127 0 255 255 96 255 255
    255 90 79 255 74 193 167 45 0 0 172 255 190 255 0 0 178 0 255 252 0
    129 10 185 204 14 68 122 21 226 213 0 174 255 255 0 63 40 72 220 179
    129 80 255 62 26 0 116 0 132 255 214 0 24 255 73 239 112 236 144 0 0
    232 255 123 105 33 58 167 98 212 49 255 255 255 255 255 157 244 255
    255 164 0 0 255 0 0 146 17 222 255 34 255 50 255 51 0 0 0 250 255 24
    0 255 255 0 0 255 0 141 255 0 201 255 255 113 196 155 140 0 69 206
    255 136 255 183 255 0 0 0 57 234 255 114 248 255 50 255 230 139 41
    80 39 255 117 0 255 0 0 241 168 0 140 248 27 216 159 51 22 194 71
    188 131 120 231 119 152 151 0 156 67 185 81 0 255 174 255 255 122 76
    0 0 0 0 255 117 19 255 206 210 143 255 84 0 0 159 54 92 118 255 149
    126 255 110 33 255 255 255 0 23 202 251 94 255 184 174 255 165 116
    144 0 0 235 0 47 190 0 0 255 255 0 137 177 13 0 255 197 252 0 208
    200 0 159 30 255 8 0 81 168 71 0 255 174 0 98 116 3 100 177 0 127 65
    71 190 0 255 158 255 153 10 140 0 0 119 255 0 103 206 178 140 108 0
    223 143 71 0 146 47 133 83 0 1 207 255 255 76 255 0 255 40 255 181
    74 232 153 255 210 255 122 73 42 64 0 255 0 255 255 22 74 255 19 194
    255 30 0 0 175 114 204 49 109 0 0 239 154 84 10 0 196 159 105 255
    255 255 18 255 255 101 89 0 255 0 0 166 255 196 255 255 253 172 48
    255 195 255 224 102 158 167 177 0 16 12 133 17 27 51 225 232 135 255
    41 255 255 73 142 33 166 0 161 0 140 255 255 0 102 180 206 253 148
    21 140 155 75 255 0 11 6 237 217 205 90 23 82 0 255 49 221 154 255
    24 0 242 61 0 17 150 103 120 198 255 255 0 139 255 0 255 14 180 255
    255 184 255 0 152 21 0 255 0 88 0 0 255 150 0 179 41 59 234 0 55 0
    204 86 173 19 81 0 125 88 190 50 236 97 185 255 147 215 0 155 231 0
    237 168 255 59 248 255 189 74 80 250 255 158 255 78 139 0 24 201 0
    96 81 0 255 246 217 255 206 247 0 230 143 0 151 255 0 255 56 131 89
    86 240 255 160 132 255 255 0 66 255 255 138 3 255 0 135 255 255 32
    23 100 234 102 147 48 255 255 7 12 229 36 206 146 0 255 0 255 172
    159 255 13 255 63 196 236 214 0 151 255 0 32 34 31 106 54 214 0 97 0
    0 140 93 255 21 36 93 255 183 218 255 68 25 0 63 0 255 255 221 255 1
    31 185 155 150 79 231 0 255 0 107 89 186 255 62 96 145 68 209 106
    144 110 0 255 73 72 253 0 12 127 9 0 178 255 129 13 226 108 255 57 0
    198 255 255 0 255 186 108 255 20 222 132 74 255 0 69 0 0 4 34 185 82
    1 104 35 5 255 178 107 0 66 0 222 0 18 0 125 157 82 0 0 0 255 139
    227 109 51 0 97 255 0 54 117 192 110 187 255 0 19 241 0 190 182 255
    255 0 255 95 141 187 255 100 232 255 9 255 59 181 7 0 100 233 0 255
    111 255 178 103 0 90 0 169 255 255 74 189 242 216 171 255 165 0 133
    108 253 0 150 116 0 38 0 0 108 223 176 169 59 250 44 0 208 255 248 0
    255 231 255 255 0 172 111 146 255 96 255 255 228 66 101 0 51 0 175
    145 191 148 0 0 0 150 255 127 176 169 0 255 0 81 10 255 255 96 255
    255 202 0 101 71 143 28 0 173 0 231 95 0 111 136 183 214 202 255 164
    255 162 235 35 255 35 0 2 61 255 0 0 255 95 161 179 158 0 68 255 222
    229 120 255 23 255 47 168 189 255 106 5 0 159 0 94 23 70 0 8 0 158
    19 24 79 255 141 255 51 101 165 0 0 195 63 255 0 40 0 65 125 0 0 192
    255 250 255 162 50 251 148 138 255 255 255 46 73 134 108 39 255 31
    20 35 255 132 69 255 255 0 255 27 190 0 0 180 0 165 0 255 36 102 227
    162 96 43 0 185 227 1 212 75 0 104 0 27 251 167 15 138 199 137 251
    147 248 43 55 0 96 255 216 0 131 0 167 65 201 0 204 0 0 0 0 57 0 174
    119 47 255 251 255 40 89 255 97 143 98 237 20 0 255 255 126 245 50
    140 0 255 13 164 95 196 216 141 0 157 226 123 200 0 3 201 255 88 0
    141 189 106 0 218 250 0 169 0 92 0 91 255 0 177 148 216 255 81 219
    255 37 35 98 106 9 255 181 255 157 0 168 28 89 255 207 207 0 52 0 47
    0 128 255 195 227 0 255 255 138 97 0 0 244 163 131 168 255 199 186
    255 255 0 255 9 53 120 150 255 137 8 40 203 255 81 10 253 22 193 132
    250 18 37 45 171 245 215 1 0 54 0 0 105 74 42 203 164 0 184 108 220
    75 0 255 7 255 222 0 0 7 0 255 9 255 31 20 161 255 185 92 255 77 124
    217 237 239 8 255 0 255 0 255 38 99 11 27 0 42 255 85 0 120 41 101
    63 0 97 255 255 160 233 230 176 164 221 231 155 255 164 0 66 255 169
    255 255 234 15 255 66 106 241 112 209 12 195 37 255 213 0 125 0 0
    255 255 0 200 255 190 0 0 86 0 233 255 74 255 142 90 187 48 150 218
    255 170 255 0 241 150 0 0 221 58 255 231 75 93 255 0 195 86 0 117
    255 2 255 37 26 153 160 53 184 86 106 151 255 11 202 189 240 255 179
    117 202 216 0 0 141 152 10 227 138 238 242 88 162 255 255 235 15 255
    136 255 19 38 0 209 57 87 255 0 101 0 0 0 0 77 0 0 255 192 229 255
    139 255 244 255 93 255 255 0 4 39 0 168 221 186 94 27 115 101 0 0
    147 117 54 255 176 0 255 255 0 15 113 0 1 97 255 0 0 137 0 75 52 130
    251 40 172 184 255 13 0 255 0 123 255 42 255 185 107 116 43 211 188
    212 152 255 184 0 0 240 107 0 0 0 3 229 0 227 255 254 255 117 195
    196 178 65 255 70 20 142 69 75 255 159 255 245 0 195 184 167 0 4 255
    67 75 170 168 128 139 39 0 0 0 7 255 92 255 169 170 255 255 146 0
    126 0 138 227 134 53 255 218 255 255 195 186 213 126 0 175 115 255 0
    179 93 25 189 29 98 26 34 0 207 194 255 0 147 255 0 123 136 225 0
    219 0 107 160 0 255 0 255 0 166 254 180 192 116 245 178 234 160 255
    201 143 255 43 0 0 222 14 255 152 82 103 0 230 232 0 255 0 255 170
    21 152 102 12 145 127 85 230 255 255 255 255 191 64 220 0 154 34 255
    191 13 0 58 0 81 213 255 37 255 144 113 17 255 255 255 0 255 209 255
    255 0 107 0 108 182 163 0 30 0 32 37 112 6 0 12 0 248 232 7 0 0 65
    51 0 242 25 167 255 0 135 37 9 0 184 255 173 58 11 155 70 205 255 91
    255 0 0 122 42 168 255 255 0 0 255 160 52 255 199 0 0 255 14 255 255
    73 70 138 65 188 162 140 185 155 225 16 255 255 33 0 21 255 0 173
    155 154 153 255 167 195 0 85 255 162 136 0 0 255 127 173 255 172 66
    52 79 67 16 109 41 0 0 61 180 66 97 0 0 255 195 86 5 217 81 229 218
    182 0 225 255 218 255 92 255 21 212 169 255 255 0 183 255 238 52 198
    79 213 164 183 0 74 255 21 177 41 19 203 37 255 47 255 191 255 155
    38 0 255 255 135 156 56 255 94 255 0 195 235 2 153 205 171 244 255
    188 255 208 91 221 148 164 0 194 164 115 0 10 226 14 137 255 255 0 0
    255 0 0 255 190 255 26 121 166 145 217 255 191 17 139 255 255 0 51
    72 0 57 171 14 255 255 39 218 77 0 28 0 152 255 174 0 212 140 255 86
    255 136 111 255 0 188 60 255 255 0 146 61 255 145 8 140 209 229 74
    98 31 47 255 255 115 254 61 0 148 15 17 0 243 242 109 255 255 79 227
    194 242 0 224 255 33 153 108 0 94 255 255 151 255 0 82 0 0 124 0 72
    139 0 62 56 0 106 159 102 255 142 0 255 0 255 197 35 253 162 222 255
    154 3 0 166 241 210 146 149 255 0 195 22 109 255 0 46 198 255 16 47
    255 192 171 97 0 66 186 241 35 52 0 0 0 84 37 122 0 99 203 255 24
    105 255 173 32 87 0 255 144 80 31 34 0 244 19 0 0 55 76 193 140 0 0
    115 47 8 255 41 255 61 244 216 25 104 255 112 255 212 134 255 255
    255 164 255 255 175 21 0 60 0 195 255 255 219 138 255 227 105 255
    135 255 29 112 255 0 118 0 0 241 0 232 0 143 101 255 38 0 255 192
    255 7 255 255 9 178 8 122 63 0 53 255 0 154 0 184 0 255 255 0 115
    255 114 255 255 49 216 255 128 0 47 28 3 50 118 255 70 169 199 255
    32 255 185 148 26 30 172 204 24 86 225 107 209 143 95 206 0 79 0 216
    0 154 6 33 222 85 0 23 220 54 204 244 43 179 83 255 92 65 0 36 0 82
    175 0 255 255 27 255 54 24 30 255 255 5 0 255 60 206 238 168 132 122
    17 99 220 152 30 255 255 167 193 212 108 61 0 115 255 0 255 193 17
    169 239 151 145 150 137 213 0 0 60 36 125 255 0 255 8 244 8 0 255
    255 36 255 61 235 255 34 238 226 0 255 211 0 255 229 26 102 255 62
    207 71 134 148 78 198 9 42 252 236 175 255 236 196 8 89 59 255 255
    82 255 0 12 98 4 123 94 255 207 255 20 255 255 30 187 128 8 186 0 0
    80 106 15 0 113 255 247 0 178 0 235 0 0 0 72 33 0 77 255 0 95 255
    255 0 180 0 0 201 0 0 255 250 46 186 231 213 0 110 100 255 249 255
    202 155 255 215 255 186 151 0 129 119 16 229 0 215 206 104 0 128 255
    174 28 43 69 255 36 0 0 255 202 0 165 174 49 255 133 255 59 171 247
    0 255 23 71 111 255 1 204 146 255 48 61 30 0 27 51 35 198 21 255 248
    205 0 70 73 35 0 0 255 230 255 0 101 255 76 0 67 60 115 45 147 193
    255 36 141 12 181 37 0 71 237 0 161 96 33 1 179 159 111 66 109 120
    199 255 133 92 0 82 209 55 255 255 255 220 77 255 211 9 41 195 255
    59 149 213 55 169 78 88 92 27 255 255 203 0 24 254 0 255 255 202 0
    90 207 0 137 59 0 222 255 105 255 0 255 240 93 0 243 148 0 0 255 0
    115 18 188 51 210 0 0 241 117 89 251 59 101 115 137 101 112 235 61 0
    44 0 0 216 184 255 252 127 34 223 58 0 0 0 192 120 104 187 0 103 134
    218 152 255 255 255 0 0 255 72 78 73 216 132 208 255 170 0 253 243
    27 0 251 255 212 34 167 0 255 138 0 87 17 89 142 168 34 220 72 252
    255 11 146 0 255 255 182 93 63 0 9 205 0 169 135 0 240 253 32 0 95
    154 88 0 0 255 197 0 255 89 67 243 36 55 178 53 39 135 255 38 220 29
    196 141 183 150 255 255 0 190 31 255 220 173 11 255 88 181 255 0 0
    93 255 56 69 73 255 0 175 180 104 255 0 0 0 147 157 0 29 255 0 0 255
    195 173 36 115 255 90 61 209 19 208 0 89 180 157 224 0 245 52 224 87
    255 255 33 15 202 37 0 17 203 217 109 154 0 124 255 249 0 225 110
    131 0 0 98 255 210 72 112 203 49 6 21 184 255 184 206 50 255 98 247
    92 26 0 255 255 0 31 0 0 57 255 0 5 90 60 89 198 206 0 255 255 255
    255 168 236 107 33 0 239 188 120 254 0 0 129 255 0 227 0 238 28 0
    166 0 133 159 0 0 46 201 6 6 0 255 0 162 142 32 255 193 73 255 255
    120 201 255 128 158 255 107 196 52 179 130 255 240 149 255 255 255
    255 255 109 173 16 224 47 148 31 143 110 127 58 43 255 255 207 55 0
    164 14 0 255 131 255 128 255 180 0 124 101 24 128 221 192 184 208
    255 32 255 219 149 213 7 44 255 0 255 111 172 108 228 255 57 0 170
    78 255 255 21 109 42 180 5 255 182 24 0 115 150 255 42 0 170 0 255
    247 0 230 255 252 234 55 58 93 250 162 0 0 81 243 0 85 0 117 0 0 235
    0 255 121 21 255 90 255 239 47 102 5 0 0 139 191 0 183 0 0 0 9 0 251
    20 255 6 23 220 121 216 230 247 106 255 93 160 93 192 255 255 233 0
    90 128 30 181 255 57 124 2 5 226 0 0 195 55 144 105 0 117 255 255 39
    128 167 155 0 255 246 0 0 255 16 194 43 255 246 255 0 0 0 187 41 199
    73 220 46 0 198 255 255 255 193 220 12 255 255 177 157 194 88 111
    235 255 0 49 0 0 156 0 203 255 255 26 46 196 255 109 105 180 255 60
    78 255 26 0 98 3 1 231 218 162 255 62 133 167 179 167 61 137 200 151
    62 227 238 0 93 0 17 139 255 250 255 37 218 173 56 85 176 248 49 109
    20 100 9 111 223 53 178 187 152 49 0 255 255 118 152 255 225 239 238
    110 121 100 227 167 60 255 255 255 159 238 253 70 255 0 254 255 34
    255 255 0 93 230 0 58 0 255 4 255 255 255 24 229 223 255 255 88 70
    16 155 140 0 50 238 0 255 71 1 143 217 0 0 0 0 228 98 19 255 93 255
    0 176 127 207 251 162 95 243 134 0 28 230 251 79 255 26 183 130 218
    68 67 247 255 161 0 85 132 0 137 18 192 187 206 255 86 10 37 0 0 226
    130 255 190 0 64 255 255 0 180 255 0 58 177 255 0 255 169 242 185 57
    248 107 236 0 0 13 255 134 106 50 0 255 244 237 0 255 244 222 142
    125 6 168 217 116 245 130 71 68 255 255 152 255 155 0 208 14 133 0
    166 0 195 159 179 0 23 46 42 255 71 92 255 239 0 57 255 255 199 175
    158 0 0 0 174 222 157 0 255 7 192 114 255 255 246 240 238 241 252 95
    0 14 76 74 255 92 255 255 186 0 16 119 255 61 0 86 110 49 118 194 0
    116 0 0 255 101 255 255 0 3 248 187 214 255 117 255 37 110 255 0 99
    0 106 99 26 48 197 157 20 20 92 255 255 39 76 129 144 38 0 247 195
    115 84 21 30 239 128 207 255 26 80 255 255 255 255 159 4 232 113 255
    29 51 255 93 178 255 228 112 97 0 255 109 149 185 190 0 0 128 0 150
    72 255 35 0 255 63 255 255 24 79 0 85 0 255 208 255 255 0 214 0 164
    92 22 64 0 225 255 255 0 249 120 107 255 129 0 0 0 166 0 174 213 36
    255 51 217 163 55 187 88 146 255 255 63 33 255 0 215 0 183 75 0 53
    201 56 200 102 255 144 174 106 113 255 255 186 0 72 0 0 254 12 15 0
    122 255 0 110 255 163 123 69 255 133 0 255 0 201 0 48 247 130 255
    209 0 255 49 165 0 0 147 94 153 101 115 115 122 255 0 255 80 216 33
    98 131 159 0 255 255 208 255 255 255 255 255 255 158 0 255 0 0 255
    118 0 255 245 214 0 125 136 95 255 55 180 129 29 210 0 62 202 69 125
    92 255 0 255 255 193 255 15 255 13 133 0 43 182 253 216 45 39 0 91
    200 255 12 225 0 23 232 172 255 255 118 0 5 0 0 161 255 126 0 0 9 0
    0 20 170 61 255 255 210 0 36 0 91 255 190 0 63 90 255 118 176 19 66
    204 28 84 255 55 0 0 236 142 0 191 50 0 144 0 60 36 133 44 18 53 141
    166 255 175 255 242 143 255 234 237 0 33 0 98 0 129 21 255 85 63 174
    141 231 221 0 152 255 175 218 211 200 227 239 137 106 255 0 195 0
    250 0 0 221 255 43 98 226 223 110 58 213 91 54 161 207 144 8 82 56
    255 255 255 21 91 121 201 0 0 151 194 142 232 0 0 164 168 66 9 73 84
    255 194 166 163 236 80 92 161 196 255 255 255 0 243 101 146 73 168
    255 255 206 51 50 150 0 159 202 212 255 98 255 24 255 198 0 0 213 99
    65 0 177 218 149 0 255 251 199 255 98 97 163 13 31 255 237 34 154
    166 255 203 211 78 144 61 197 22 255 35 0 208 25 201 98 141 64 240
    255 255 255 0 137 0 37 184 47 238 217 0 255 31 173 225 218 255 255
    255 255 21 118 144 211 145 167 23 182 0 199 255 105 0 221 253 0 53
    124 240 0 149 0 255 203 177 0 216 168 255 213 0 129 169 239 0 175
    255 153 98 0 0 142 164 62 88 235 255 255 255 104 77 220 0 188 137 20
    0 124 255 34 210 0 255 0 255 255 151 17 255 106 255 234 31 0 30 45 0
    120 202 68 0 128 232 255 255 0 0 255 245 132 0 234 26 0 99 0 0 255
    146 216 83 187 34 216 2 48 231 0 68 105 255 231 200 179 255 166 227
    96 255 29 18 0 220 238 0 0 75 228 198 212 255 245 79 82 254 8 127 0
    95 222 116 0 0 0 0 0 212 170 139 255 77 117 255 255 255 0 255 83 176
    0 154 255 236 0 255 255 124 0 255 0 255 151 255 255 130 255 254 0
    255 255 163 81 13 0 132 0 27 66 0 176 249 62 134 27 255 255 55 255
    19 17 0 46 0 185 255 255 126 0 255 255 190 255 244 255 24 206 119 0
    0 255 0 0 255 255 184 33 255 255 2 251 120 0 35 255 124 255 255 0
    203 21 36 176 5 204 45 73 255 255 172 41 0 6 0 230 2 122 255 0 183
    255 198 0 120 201 255 76 255 222 126 41 255 84 217 255 255 255 92 82
    132 255 207 56 0 91 198 21 0 124 0 100 79 9 255 42 0 0 255 0 0 0 0
    178 177 157 135 17 255 94 58 19 169 0 0 0 255 0 88 159 0 248 121 25
    88 16 1 45 255 255 255 255 16 172 0 255 0 159 0 187 255 255 119 158
    112 205 113 241 53 126 223 0 6 85 244 0 5 255 0 255 255 0 255 0 255
    0 3 158 255 67 45 255 228 0 7 217 121 121 118 63 205 143 27 188 27
    255 255 238 116 199 253 9 183 82 0 118 231 0 0 210 169 202 176 135
    177 0 153 255 0 0 154 182 0 182 255 0 255 115 255 199 189 125 255 0
    67 82 68 156 176 255 255 106 140 201 91 0 162 139 0 178 255 0 168 0
    123 26 63 241 255 255 182 253 140 102 37 255 28 90 184 248 255 6 182
    0 255 104 27 160 255 127 255 62 0 37 255 123 220 81 255 41 116 255
    166 16 188 255 0 232 23 255 135 255 39 111 255 0 234 116 246 62 158
    0 188 170 0 6 255 36 130 0 255 255 255 235 202 255 254 143 255 255
    100 213 255 253 0 167 122 17 209 183 255 105 119 175 16 71 255 255
    194 145 135 255 0 225 241 168 0 254 255 255 195 0 234 181 194 190
    255 83 187 185 164 231 255 121 255 0 7 255 213 57 0 255 0 12 249 51
    255 0 255 218 223 234 255 146 77 220 0 58 255 100 11 226 159 0 37 0
    207 203 8 255 255 166 0 136 118 165 255 238 255 255 88 50 28 44 202
    0 39 254 123 18 199 141 150 255 223 192 26 74 146 8 255 96 255 214 0
    219 0 255 235 183 177 255 233 114 0 186 113 82 61 0 156 84 255 0 42
    0 193 194 255 86 0 255 238 93 21 84 255 166 0 87 228 211 255 156 5
    255 255 29 255 255 0 43 153 34 78 255 143 255 197 255 0 0 84 178 41
    255 255 151 0 0 0 255 73 236 207 106 255 200 0 0 224 21 39 105 255
    255 255 50 204 0 107 193 76 232 0 0 36 255 210 0 6 0 47 91 37 1 187
    0 255 53 196 101 202 117 14 154 84 36 25 12 133 169 7 166 196 0 202
    255 193 95 155 89 95 255 122 54 255 15 213 26 109 231 24 216 29 255
    255 0 0 194 83 98 58 99 0 255 173 128 0 255 175 0 197 255 177 255 0
    255 255 151 190 0 191 0 201 165 79 255 162 20 229 61 0 143 201 103
    147 182 22 164 0 44 144 47 64 250 112 173 32 221 103 61 170 4 158 76
    163 4 0 109 211 201 0 0 82 153 244 0 209 153 255 229 0 66 70 179 180
    94 46 0 36 0 142 255 0 229 114 0 91 249 0 0 10 139 81 103 10 255 114
    47 190 255 143 0 228 220 34 0 14 152 0 0 0 0 255 108 145 0 0 53 255
    202 20 0 124 255 90 206 203 176 45 12 0 58 13 0 255 255 255 171 153
    125 0 129 255 0 102 190 155 255 0 255 32 11 0 91 1 2 0 255 255 0 167
    255 0 107 0 80 206 195 0 234 68 73 0 144 188 0 251 111 103 113 0 255
    219 0 6 205 189 105 105 255 150 26 0 132 118 131 255 255 255 0 250 0
    0 0 0 255 200 111 255 0 0 255 77 173 250 20 255 190 194 241 97 82
    190 170 255 255 161 254 106 0 0 136 23 38 0 85 0 0 251 0 0 153 255
    255 64 255 0 0 13 0 0 134 65 138 0 253 218 0 255 189 112 255 26 227
    0 146 255 0 103 255 255 221 118 255 172 169 255 253 15 48 20 255 32
    75 255 0 101 115 35 255 255 52 232 18 211 9 0 0 0 255 192 199 131
    255 0 25 218 150 255 162 244 0 167 6 106 189 255 227 255 220 255 162
    0 191 255 72 5 0 73 0 0 109 0 118 110 62 0 0 174 0 228 124 4 206 92
    158 255 0 47 255 255 0 131 255 0 9 199 255 255 71 0 91 191 77 255 89
    255 255 255 86 143 215 145 255 102 122 255 0 56 12 255 189 225 0 5
    72 147 255 0 250 197 0 210 83 0 41 129 0 0 0 242 0 0 136 74 210 0
    148 0 102 255 56 255 0 0 231 0 255 214 181 86 255 0 0 0 0 205 215
    255 194 165 255 255 128 141 123 255 253 72 215 255 0 184 93 255 255
    192 20 255 216 110 236 59 124 57 129 0 135 77 0 249 29 144 255 255
    79 38 0 145 58 138 223 0 255 0 170 53 255 132 241 113 0 185 0 0 141
    71 225 0 73 0 255 255 0 233 0 0 255 226 97 142 9 80 255 224 255 220
    175 42 0 16 36 99 255 44 94 255 0 130 255 0 255 176 100 207 255 75
    152 197 60 255 92 255 255 99 124 196 255 0 140 212 0 46 0 30 0 113
    200 129 35 39 0 120 103 4 95 0 160 0 38 255 0 255 203 0 218 73 22 0
    40 151 200 25 255 11 0 255 30 234 63 0 135 81 92 155 255 187 149 247
    121 56 106 129 255 140 63 255 255 61 221 193 0 53 73 139 0 82 240 61
    94 1 0 217 0 228 255 255 179 0 132 0 2 40 92 255 195 255 0 77 51 66
    7 102 154 7 255 20 77 251 166 255 193 152 41 123 39 127 0 238 72 27
    0 255 54 62 246 255 172 123 0 51 0 129 0 226 8 139 97 157 0 103 239
    142 107 215 103 0 20 0 183 204 0 117 60 0 130 0 0 142 0 0 4 207 9
    255 135 255 216 200 44 159 255 0 255 210 194 99 0 203 216 0 26 0 255
    131 208 255 255 0 4 24 86 192 255 255 90 97 255 255 68 228 0 43 83
    255 41 215 0 163 245 20 241 92 192 234 111 38 255 255 255 255 22 61
    222 224 214 196 77 133 143 0 255 98 10 152 80 196 255 58 255 132 215
    186 27 120 15 225 130 148 188 147 0 255 89 243 0 193 0 0 130 96 74
    80 72 255 70 80 11 0 0 15 0 255 255 134 0 163 18 23 24 177 36 193
    208 255 21 77 0 19 181 50 255 65 0 247 126 255 0 67 177 85 255 31
    136 252 63 100 197 255 0 0 94 27 59 255 194 1 15 166 218 0 85 255 23
    255 0 91 234 3 0 237 102 255 56 255 15 112 255 76 0 114 255 255 176
    20 255 133 148 0 45 255 255 191 232 195 0 0 132 119 144 0 255 138
    248 122 255 155 0 159 251 0 202 255 248 229 109 130 227 0 246 147 34
    255 119 101 255 18 240 12 86 8 121 6 110 255 231 101 91 0 255 79 50
    128 162 0 219 0 171 200 178 51 200 149 230 0 90 119 0 63 10 255 255
    255 219 86 124 0 0 0 20 0 195 0 0 211 178 11 125 36 28 0 255 182 241
    255 72 179 255 206 0 0 104 182 102 255 36 255 87 202 255 60 170 255
    0 89 255 8 47 131 6 150 238 217 2 239 0 251 72 0 50 69 199 226 170
    255 0 0 23 179 175 114 214 0 0 255 0 134 63 146 0 0 60 251 247 165
    252 118 224 88 184 255 174 0 125 205 142 255 0 51 230 244 170 0 255
    255 0 0 222 35 0 173 0 255 207 169 40 255 15 0 112 132 172 0 152 248
    42 106 7 41 159 36 131 93 40 169 67 69 255 8 209 0 35 197 166 0 255
    255 7 9 177 0 255 0 0 1 202 88 33 255 141 198 164 193 63 0 109 176 0
    172 13 106 27 40 196 29 138 114 190 212 113 2 210 76 255 0 255 200
    140 251 255 99 0 0 0 255 0 79 234 255 99 70 139 184 15 148 255 128 0
    102 247 126 0 160 255 128 255 150 106 129 104 255 166 91 1 6 175 255
    210 133 255 147 203 159 110 0 64 72 0 0 98 222 255 108 243 49 166
    255 224 158 231 64 141 0 53 69 93 209 120 19 137 0 254 0 217 0 61
    233 245 255 37 255 105 167 0 22 59 255 133 21 0 0 202 255 6 233 94
    43 181 174 166 255 246 0 232 255 255 190 108 195 203 0 25 8 199 155
    238 0 160 108 85 255 154 0 0 141 0 129 167 32 0 255 255 176 143 230
    255 66 0 124 155 98 188 49 0 108 255 177 174 255 175 18 239 51 255
    40 0 155 208 64 255 255 233 197 171 60 0 0 230 122 0 210 249 255 151
    10 255 153 235 255 203 147 141 255 182 27 4 96 50 119 0 168 57 225
    16 4 49 255 150 39 0 0 109 240 255 188 81 0 91 0 226 129 92 0 255
    196 28 255 147 124 149 38 199 255 197 255 55 51 0 255 255 78 164 255
    212 85 255 178 0 200 0 247 255 0 255 52 27 91 30 47 7 0 210 221 255
    131 255 0 234 103 255 135 0 32 181 166 255 0 207 255 0 235 197 0 127
    255 0 0 204 87 172 63 0 213 227 255 56 255 255 0 2 50 255 0 171 119
    0 138 51 50 0 89 255 42 255 255 73 71 66 143 126 255 255 61 255 0 0
    171 77 255 133 229 64 0 0 178 0 22 90 0 255 255 124 152 255 22 103
    151 255 0 74 179 13 0 169 0 255 87 255 37 0 181 0 141 0 243 231 63
    96 212 68 7 0 125 54 211 255 98 65 149 255 0 63 76 255 255 158 151 0
    87 15 0 0 255 255 56 255 254 90 53 255 12 39 0 147 134 87 218 0 255
    0 0 0 0 255 151 255 114 0 163 0 25 230 255 211 10 16 217 48 7 0 46 5
    28 0 0 0 81 0 166 233 131 253 0 0 4 146 103 10 231 29 111 255 135
    159 255 146 107 76 231 84 95 171 110 0 255 208 85 124 197 7 255 254
    151 186 0 3 0 226 0 75 255 120 0 169 249 106 9 244 0 114 255 208 0
    185 143 84 117 139 0 0 0 255 177 36 210 111 206 67 33 255 217 5 0
    133 43 242 221 28 255 22 68 170 81 74 224 159 72 255 0 193 255 106
    158 233 0 0 206 117 95 0 70 121 0 156 0 144 235 0 224 0 7 255 162
    255 84 227 28 99 0 0 0 255 180 0 0 143 207 0 255 0 252 98 150 60 0
    150 255 0 216 21 0 215 255 164 255 216 243 108 0 75 255 0 255 0 0
    223 0 33 6 0 112 145 232 34 130 255 159 237 255 146 86 255 72 245
    101 134 83 0 93 0 249 74 255 140 0 233 0 116 53 0 0 255 0 120 0 255
    0 107 216 157 0 18 243 0 73 42 211 255 0 244 237 182 96 255 1 41 111
    159 255 208 150 58 140 255 71 149 255 255 41 255 0 195 135 255 0 0
    16 0 136 247 90 227 239 116 243 197 0 0 255 217 148 255 53 90 243
    255 255 0 56 240 85 0 0 83 255 255 42 128 0 96 255 0 223 145 255 0
    186 68 79 100 0 221 45 34 203 0 24 81 0 158 136 36 203 72 0 49 103
    217 105 0 0 245 0 46 0 120 98 0 209 70 0 68 0 181 36 21 255 0 253
    188 0 255 0 0 106 0 191 0 255 255 0 58 39 52 120 0 255 235 173 33 73
    120 124 13 57 255 221 255 0 0 204 102 199 157 0 255 0 221 140 42 64
    43 135 0 137 10 167 0 130 128 0 224 183 0 255 39 208 126 255 236 227
    117 239 255 255 69 0 83 99 142 73 210 201 255 133 0 147 81 195 250 0
    0 16 233 32 0 90 0 230 0 0 15 40 18 223 255 0 136 255 0 115 78 255
    50 138 255 64 255 174 255 112 255 226 255 204 91 8 117 236 210 0 28
    12 0 69 174 46 255 80 61 112 177 0 37 81 223 243 0 41 198 134 80 242
    184 162 37 0 0 255 255 0 136 255 209 0 0 255 0 0 255 150 12 227 149
    255 0 255 255 177 64 255 63 0 0 0 71 0 0 193 55 127 255 0 0 48 91
    184 207 0 0 255 92 0 155 126 0 195 0 255 255 245 182 255 0 110 0 34
    0 0 255 85 0 185 15 91 230 0 7 0 24 235 186 255 246 178 104 121 255
    120 0 147 124 0 58 255 0 0 246 219 52 0 0 242 0 57 175 0 223 0 0 124
    138 195 29 0 77 240 255 83 255 193 14 122 113 93 198 144 220 0 254
    98 255 96 22 193 236 255 6 255 241 255 255 0 37 255 0 59 255 255 86
    255 161 0 124 27 0 255 144 0 155 254 255 114 210 38 74 105 157 249
    228 0 9 255 79 0 17 255 27 58 203 0 255 0 164 0 0 115 199 1 255 255
    0 205 55 112 35 246 247 57 1 255 134 0 0 13 0 0 255 0 59 23 144 101
    0 183 38 54 58 137 236 0 74 255 0 140 195 43 0 255 193 142 220 255
    216 118 202 82 0 102 0 255 44 255 255 42 22 255 0 0 202 255 29 127
    255 92 209 255 81 0 240 255 214 255 0 0 192 0 146 7 255 0 170 207 0
    255 214 255 0 26 255 255 24 24 109 17 8 0 0 169 0 51 141 224 35 244
    232 255 66 0 44 189 244 0 231 104 255 130 255 0 91 255 255 7 255 190
    255 177 0 44 255 79 41 255 235 119 0 110 0 28 89 156 213 255 191 215
    255 226 0 158 75 116 225 0 0 0 64 126 200 218 31 255 91 111 225 77 0
    206 155 0 194 38 17 127 193 255 247 255 255 178 249 36 44 0 0 149 0
    171 255 5 0 255 255 255 255 47 96 0 134 40 255 117 106 210 64 35 255
    251 65 128 0 86 71 76 255 185 0 243 198 95 132 0 233 255 9 76 33 179
    255 5 68 255 255 170 15 105 244 232 0 50 111 62 255 179 126 208 223
    152 0 74 54 242 24 65 255 12 113 0 0 255 244 32 244 191 214 11 43
    154 255 255 40 68 24 251 89 18 140 90 75 193 91 255 235 0 255 0 255
    166 57 255 255 13 74 255 239 67 255 75 0 238 5 118 255 225 72 162 0
    0 235 0 255 84 254 30 255 255 255 255 205 0 90 237 242 255 24 208
    241 229 160 108 255 112 11 255 255 242 0 255 238 164 0 0 208 90 64
    136 227 136 195 23 255 116 255 147 0 100 248 0 114 0 204 204 255 255
    46 57 0 114 13 0 241 0 113 255 0 0 80 255 160 65 230 255 39 155 255
    237 0 255 255 134 119 255 70 154 220 104 202 8 255 255 200 225 224
    255 196 0 134 29 255 255 255 224 0 255 255 255 0 103 219 108 184 85
    221 223 20 173 22 255 0 39 255 255 52 173 168 48 197 166 179 255 107
    27 255 156 255 0 231 42 225 178 73 19 136 0 16 145 0 73 189 183 255
    0 72 119 78 0 255 255 0 30 166 111 255 0 255 179 36 14 14 255 209
    255 166 0 154 255 255 255 51 5 119 0 202 242 7 183 225 255 136 15 41
    157 211 0 0 217 64 176 196 255 125 201 114 0 255 0 35 223 0 212 255
    61 0 254 38 24 85 81 152 255 0 207 126 128 49 171 0 186 0 154 229
    139 255 155 196 0 0 126 255 135 15 190 156 0 5 35 255 0 0 202 216
    254 73 0 173 224 0 255 0 0 255 255 16 159 89 255 61 255 62 215 31 0
    158 0 69 115 255 0 28 255 0 89 188 0 0 22 0 255 231 255 71 228 236
    255 109 42 255 177 156 219 101 0 255 212 46 89 204 28 24 70 215 40 0
    107 131 247 155 255 252 255 6 37 154 139 7 43 57 200 255 0 218 255
    172 17 148 202 98 144 172 255 0 0 200 125 89 90 255 149 43 255 245
    247 165 255 186 0 197 0 61 0 42 229 207 168 51 255 165 0 55 0 180 0
    33 95 179 255 255 87 83 255 255 154 255 255 254 100 70 0 19 124 255
    95 122 236 234 245 255 220 210 46 75 42 122 2 231 21 104 0 173 41 0
    175 0 105 255 73 85 255 17 179 0 0 0 0 18 0 252 255 174 255 79 0 252
    0 0 110 188 91 255 255 0 78 255 55 61 46 0 0 0 255 255 232 0 255 195
    214 0 0 255 193 64 255 255 182 116 29 217 180 255 255 154 10 166 245
    142 255 255 255 0 255 52 0 0 60 34 126 0 0 0 19 125 0 118 126 70 129
    255 14 255 38 114 255 170 113 153 144 227 0 255 0 16 164 147 149 0
    165 9 50 0 0 255 255 98 0 0 255 0 145 214 255 244 185 0 0 158 0 93
    128 55 255 0 179 159 255 255 0 183 82 0 129 0 0 0 0 255 11 240 114
    213 243 255 124 207 16 255 255 188 0 23 230 10 25 45 85 181 122 95
    255 230 148 240 51 62 50 23 237 182 0 234 0 128 0 103 221 0 255 255
    70 76 255 195 6 231 255 12 0 129 34 83 25 23 92 228 117 246 255 33
    213 0 145 67 152 187 0 0 0 4 23 0 255 29 255 255 20 105 18 255 169 0
    182 59 0 73 175 182 0 0 134 19 255 99 0 118 59 0 255 0 138 255 130
    234 255 140 255 0 225 240 255 231 200 0 1 183 0 21 0 41 220 98 86
    240 255 238 67 159 64 50 116 255 196 246 206 255 238 173 0 208 255
    157 65 108 255 7 255 0 0 88 0 232 210 58 163 177 255 0 41 255 1 191
    91 9 0 0 101 255 254 32 99 255 76 255 0 123 124 166 87 0 27 125 173
    152 84 58 46 0 0 255 80 0 186 236 255 124 169 0 54 31 74 30 255 255
    0 55 44 15 0 65 75 119 99 226 216 70 255 29 22 255 253 0 134 140 0
    203 215 0 189 244 181 118 59 153 58 176 109 26 142 125 0 196 0 182
    225 0 241 206 121 255 189 132 108 233 192 57 208 86 239 115 142 24
    31 34 255 157 231 138 96 255 255 255 255 23 255 0 97 109 21 200 156
    231 0 255 123 75 141 0 0 46 191 255 213 255 255 0 240 74 182 158 98
    122 183 194 255 0 0 255 210 255 233 98 221 119 133 213 0 141 159 80
    180 255 0 255 232 208 211 255 168 255 255 107 128 10 148 222 208 242
    241 0 255 255 11 84 255 0 113 32 190 255 255 255 204 0 255 0 183 2 0
    111 167 153 195 249 208 254 183 29 0 178 0 137 172 0 0 127 0 255 255
    0 255 239 147 0 61 213 220 0 211 0 0 48 0 101 0 72 127 219 218 0 255
    130 10 254 229 0 0 232 200 132 32 10 0 223 248 251 0 187 131 0 108
    232 128 53 73 231 23 145 144 0 44 0 28 227 244 11 195 225 0 235 0
    252 110 142 255 9 3 0 0 255 0 196 255 0 255 24 233 217 182 255 118
    181 0 249 255 225 66 114 73 254 94 0 255 0 255 255 76 147 32 0 32
    224 50 219 0 8 107 255 232 255 222 255 157 0 163 35 32 39 46 133 0
    172 205 255 76 205 103 37 138 62 102 180 158 13 132 133 176 248 139
    0 0 55 255 22 36 191 33 30 60 94 117 255 154 0 118 0 0 0 0 21 0 37
    194 243 118 0 0 255 148 255 255 132 0 255 170 0 255 0 140 62 177 140
    255 10 0 226 0 83 244 0 164 228 209 126 0 0 255 181 0 36 15 0 240 57
    114 213 255 157 253 21 42 19 59 0 201 63 243 150 16 255 221 0 141 0
    255 189 243 15 217 254 10 102 201 0 255 164 123 124 95 97 240 65 84
    255 0 73 255 0 255 192 150 26 34 180 0 102 255 56 255 255 71 130 58
    170 30 255 255 160 226 229 83 4 247 108 43 0 36 255 24 173 215 111
    255 6 195 0 255 255 113 255 242 46 0 227 140 0 60 150 255 0 126 196
    255 97 255 95 255 20 125 0 0 155 101 0 0 68 255 96 0 255 191 0 226
    255 255 99 81 255 99 153 156 123 105 119 172 180 100 73 255 154 0
    255 78 194 255 117 0 193 20 69 120 0 255 255 247 255 0 255 252 205
    232 44 134 200 45 68 0 202 7 0 255 0 48 206 185 31 0 123 255 157 0
    129 218 255 163 211 244 255 255 183 0 255 141 127 0 255 236 159 148
    0 210 228 0 229 255 245 83 35 255 230 39 255 255 90 6 255 86 0 92
    204 138 0 130 255 89 236 7 255 255 255 187 7 0 159 255 243 0 58 88
    237 148 0 131 174 255 255 255 230 101 28 106 255 185 235 110 181 0
    151 169 139 178 255 255 240 224 0 255 255 177 28 233 205 255 166 211
    229 204 242 169 184 255 75 255 160 0 252 0 255 7 52 4 33 44 123 49
    153 205 104 121 56 0 0 8 255 255 210 244 0 117 255 153 255 0 255 0
    71 222 255 108 255 255 0 160 50 0 35 149 79 27 0 240 189 48 215 235
    38 101 255 0 0 125 61 0 0 115 255 0 0 186 88 239 0 0 124 0 0 110 255
    38 149 164 0 229 177 66 255 0 99 0 255 255 233 0 107 255 248 0 90 0
    116 69 127 0 255 183 155 148 247 57 0 132 47 0 200 241 112 58 35 127
    69 255 61 0 4 238 122 255 255 241 255 191 9 0 0 101 242 255 0 187 0
    0 255 112 255 61 255 165 206 184 255 212 0 255 195 255 255 255 0 96
    145 255 243 248 177 255 255 14 106 230 164 255 40 49 48 0 219 0 0 0
    0 164 0 0 223 0 208 253 98 137 213 255 255 139 255 21 78 255 83 255
    201 255 195 255 0 121 18 0 0 255 0 90 255 244 206 251 148 255 203
    255 255 47 255 137 159 255 255 255 122 30 255 143 246 12 37 255 0 0
    251 255 18 235 41 173 240 210 120 255 0 51 0 36 1 0 203 255 177 20
    86 251 0 222 198 255 208 98 214 255 201 0 171 76 255 4 255 255 6 255
    255 0 255 0 143 0 0 0 183 255 0 255 75 255 205 67 255 166 0 85 255
    255 225 98 243 0 89 211 0 34 255 255 0 112 137 0 255 226 208 7 0 255
    48 255 255 168 255 191 0 4 151 255 0 0 0 132 5 144 105 255 194 235 0
    182 70 0 134 204 118 0 203 255 0 203 124 90 87 66 90 15 62 13 57 231
    171 185 255 76 193 249 255 1 0 231 19 0 166 61 0 0 137 250 199 255
    120 0 187 0 0 255 140 153 159 127 0 255 255 0 255 36 223 224 227 171
    221 255 9 108 0 0 0 255 0 21 169 29 0 79 24 244 171 6 121 0 255 188
    255 149 119 180 0 0 0 221 0 40 0 0 255 0 255 249 255 206 255 39 199
    84 0 255 0 255 255 129 227 0 61 209 255 22 0 227 216 7 230 255 10 0
    198 73 255 227 223 255 163 106 52 255 0 0 195 198 0 227 0 25 192 237
    239 74 58 131 59 17 153 207 241 0 202 255 107 198 255 0 188 0 57 0 0
    255 255 47 166 230 0 35 40 0 49 11 75 120 0 0 0 0 79 143 171 0 81
    224 5 102 184 0 82 151 205 255 65 0 226 0 116 247 228 194 255 233 45
    110 128 0 213 95 255 54 78 35 49 0 240 255 43 191 66 255 120 255 255
    255 202 49 6 50 0 255 0 89 107 0 128 6 132 149 255 51 199 132 255
    255 255 0 46 57 134 183 252 0 81 216 255 152 62 198 6 130 0 0 0 131
    193 204 76 255 60 125 255 255 10 118 28 236 156 222 0 239 151 162 0
    255 255 235 0 144 255 168 11 50 79 0 119 127 182 0 209 255 71 56 255
    91 0 215 255 178 77 116 146 197 4 255 162 220 224 185 158 255 176
    200 196 186 0 0 132 61 148 127 0 200 193 107 117 45 255 50 66 106
    185 119 255 10 117 202 165 0 119 16 48 0 148 226 85 0 29 205 58 187
    0 104 47 255 249 120 250 93 0 14 5 188 158 251 171 0 255 0 205 86 75
    255 98 122 4 163 61 220 255 60 255 197 255 255 62 186 37 255 255 173
    255 226 215 230 255 255 255 107 171 170 158 255 15 255 0 255 246 93
    0 0 77 0 170 203 255 255 0 255 117 106 6 37 255 22 255 16 255 55 250
    255 168 88 7 27 107 189 14 255 255 127 249 255 23 200 195 255 92 255
    101 255 199 21 193 198 66 52 0 67 235 134 0 0 255 234 0 255 170 255
    241 255 145 235 66 255 0 6 199 121 0 47 255 255 225 255 0 23 3 0 21
    167 157 144 55 0 0 0 15 193 0 103 255 24 217 190 89 0 0 163 241 220
    0 83 181 255 36 255 220 0 181 237 203 0 0 161 120 255 201 115 81 0
    255 62 162 255 68 96 159 0 255 0 189 255 255 242 215 255 181 255 40
    210 177 215 232 104 255 183 9 240 227 123 7 252 0 118 6 255 21 0 0
    44 0 0 166 0 108 194 255 66 112 255 16 255 189 212 151 0 212 214 115
    255 105 81 248 72 255 0 0 88 0 91 74 233 87 140 92 0 132 126 173 121
    255 169 205 136 0 255 74 223 253 226 120 175 89 0 20 255 153 40 227
    190 152 228 0 237 26 4 7 196 255 9 182 0 125 39 87 0 255 127 0 138
    182 255 0 229 255 5 144 0 202 0 27 154 0 212 14 59 255 151 61 224
    137 255 0 28 0 231 255 0 198 201 118 0 29 174 255 133 47 232 196 188
    148 147 223 0 255 27 255 239 155 202 158 233 188 152 192 251 255 0
    21 255 255 245 129 160 30 101 179 136 200 9 236 255 0 106 97 131 165
    47 250 129 0 0 255 97 237 0 232 0 197 255 255 255 94 0 0 0 254 18 0
    228 200 255 0 255 42 197 255 0 226 134 0 166 150 134 0 141 255 161
    249 0 255 83 11 0 16 140 255 252 35 216 154 221 59 229 255 43 50 32
    1 117 0 255 91 169 134 81 241 0 0 0 220 255 75 90 0 137 255 34 192
    215 111 146 255 0 101 57 0 252 132 134 255 255 255 244 136 91 0 255
    83 102 50 255 255 253 188 255 255 233 111 115 10 170 129 255 9 255 0
    255 44 0 0 23 255 123 75 53 204 26 30 182 33 0 123 127 160 40 0 243
    2 172 71 196 255 31 227 0 102 135 255 252 0 255 54 255 44 0 0 86 47
    0 77 143 241 0 96 255 0 239 255 97 122 157 0 198 31 225 255 0 64 51
    255 231 128 53 28 255 57 255 35 255 248 109 148 92 0 0 0 0 182 80
    126 100 0 255 228 0 208 255 213 14 40 24 0 255 10 137 202 99 89 25
    255 255 132 215 253 83 8 60 224 211 163 255 0 50 0 158 0 193 255 231
    209 255 178 0 139 189 227 255 0 255 70 217 255 180 188 10 255 5 0
    132 72 210 144 0 255 71 106 0 122 159 183 0 198 255 255 0 118 131
    111 51 0 135 255 6 255 148 255 238 97 0 141 75 0 38 255 0 0 7 2 66
    143 0 255 151 1 59 255 173 215 17 255 185 0 125 31 0 255 204 0 0 0
    26 176 0 130 60 108 70 0 52 0 115 255 38 255 209 255 68 134 251 0
    188 61 75 226 0 116 255 255 26 47 134 207 146 0 98 14 250 23 0 30 81
    0 52 162 255 0 92 247 146 34 135 255 64 255 0 0 148 12 30 255 128 0
    117 220 219 12 255 21 204 0 255 0 44 124 59 22 255 255 18 1 255 30
    128 255 94 0 193 255 0 59 87 241 48 183 140 140 255 108 0 255 154
    218 84 131 250 220 53 52 163 170 0 166 165 156 62 0 54 48 42 164 255
    101 0 120 0 0 0 198 255 188 0 255 72 191 131 255 225 255 222 0 54
    249 0 255 43 0 255 0 130 255 0 120 42 88 255 30 123 67 185 131 188 0
    149 48 246 186 214 86 229 255 141 255 0 0 255 86 255 175 0 0 255 215
    255 255 200 253 255 0 0 126 0 96 255 20 213 255 145 89 28 254 255
    255 255 255 139 157 8 1 29 0 158 205 125 36 155 227 37 255 0 95 0
    176 0 0 206 0 62 196 113 173 110 255 5 66 16 121 0 0 104 106 34 129
    56 144 109 66 255 231 11 172 0 240 244 255 51 255 0 211 194 5 255 26
    255 232 82 6 155 206 41 43 210 0 25 103 0 16 44 82 154 192 13 103
    200 0 62 41 152 102 133 0 100 0 0 85 255 203 199 0 254 0 0 255 0 36
    112 17 35 219 218 209 0 255 230 13 158 79 226 26 0 255 255 0 90 31
    74 36 24 255 241 0 171 178 212 0 219 255 4 23 255 127 0 184 0 37 246
    255 255 66 0 173 78 133 243 255 0 255 1 35 105 12 120 154 250 100
    220 255 170 231 41 87 112 5 148 87 255 238 144 215 0 67 40 255 165
    123 255 12 178 180 54 77 162 0 113 0 189 255 198 78 35 255 89 137
    255 0 184 219 255 0 150 235 58 14 59 104 100 255 88 33 0 255 246 170
    185 0 0 0 233 175 146 41 0 104 159 113 191 126 0 111 14 164 228 144
    255 23 0 199 0 20 186 179 222 255 109 0 255 114 253 238 255 255 32
    159 31 255 56 0 135 255 255 143 255 0 255 48 92 255 249 247 255 0
    169 255 0 255 255 163 61 0 255 117 255 41 173 0 82 136 100 247 225
    255 0 233 255 175 90 172 0 200 255 79 3 139 0 205 255 127 244 230 85
    29 174 255 0 255 112 0 0 0 172 255 0 47 255 196 108 172 145 0 3 174
    255 209 156 100 255 0 85 138 114 144 243 255 80 93 234 0 177 18 0
    255 204 76 144 58 255 91 249 215 0 180 200 246 168 216 255 255 0 255
    0 0 124 184 9 5 97 255 255 255 255 0 89 0 169 255 131 83 135 73 0 0
    255 118 186 21 0 185 208 8 24 255 196 131 35 0 0 52 175 217 0 207 0
    177 255 149 0 86 0 40 255 0 23 255 0 190 255 255 125 34 143 90 93
    252 0 255 14 0 0 255 61 117 171 0 0 209 255 119 29 114 15 45 114 9
    187 146 195 57 53 215 1 183 0 255 0 82 143 255 255 255 255 255 125
    153 251 0 97 255 33 228 219 255 51 244 106 255 94 227 255 165 0 0 0
    255 105 243 216 137 236 91 23 0 0 218 99 0 175 178 255 255 0 37 54
    176 0 0 60 255 38 0 108 87 153 29 47 255 84 0 128 0 48 255 0 222 0
    53 255 80 181 37 16 220 75 74 122 190 13 0 255 245 237 203 255 0 212
    141 255 0 67 104 10 62 246 125 229 122 131 0 0 76 0 171 250 0 255
    200 228 228 168 102 71 0 141 53 0 255 0 131 229 219 203 255 195 38
    173 46 255 155 68 255 161 214 0 0 0 231 0 187 226 111 183 255 0 65 0
    240 194 7 50 14 127 129 0 255 6 241 255 27 0 0 255 28 85 55 31 248 0
    103 231 115 0 0 169 9 100 63 0 255 255 0 255 149 63 45 254 0 45 172
    0 221 255 255 0 214 195 0 255 156 251 255 0 0 106 10 255 216 246 1 0
    0 119 227 150 255 193 76 164 233 70 255 154 210 183 255 255 204 246
    20 62 0 0 255 123 228 17 65 119 193 0 79 0 246 227 180 246 3 119 0 0
    26 7 0 255 0 73 25 199 255 0 255 37 255 201 41 255 198 199 0 1 0 224
    255 210 61 255 40 139 253 255 255 7 103 189 205 186 255 174 40 88
    201 92 0 147 255 149 36 13 0 189 40 44 96 0 255 0 58 255 255 255 255
    13 92 103 0 0 0 255 87 0 255 76 255 57 170 37 193 90 7 0 102 255 187
    4 112 93 163 175 0 38 194 0 0 199 255 69 0 255 13 87 209 38 209 66
    153 0 255 255 226 0 135 248 129 255 255 0 232 9 253 166 255 255 229
    255 178 255 222 255 255 255 255 196 105 81 226 0 220 92 42 94 104 43
    0 0 255 0 207 108 0 216 191 0 0 95 0 0 233 255 70 162 238 255 35 63
    147 224 0 251 47 30 0 191 143 138 255 242 76 161 141 144 248 51 50
    95 132 254 46 196 255 53 248 141 233 76 0 171 255 95 100 204 255 0
    241 87 0 238 254 255 0 0 168 0 255 171 0 207 101 255 17 219 100 156
    40 0 6 139 0 182 28 232 0 69 121 255 41 82 0 255 141 187 49 0 0 255
    141 34 255 147 133 255 0 255 140 255 176 0 255 0 206 255 250 194 224
    194 255 255 50 196 211 91 133 224 182 255 238 94 44 0 33 34 224 176
    254 102 0 201 92 255 59 167 228 119 244 0 90 207 122 0 51 250 83 238
    84 0 219 136 142 39 255 0 246 59 136 167 209 240 80 229 0 255 221 12
    197 222 255 68 90 235 140 255 255 100 167 0 216 0 141 255 0 96 90 0
    232 115 59 87 255 145 205 49 68 255 62 255 255 130 255 84 175 255
    255 255 255 86 0 205 157 141 24 175 18 117 190 5 132 210 115 192 0 0
    12 127 0 176 240 10 255 212 6 207 27 0 255 0 41 154 224 0 89 255 240
    0 255 199 148 255 148 20 255 0 47 255 255 227 191 156 142 254 182 75
    0 255 43 255 239 255 30 0 111 106 255 0 0 255 248 0 0 183 103 0 38
    216 0 255 31 0 220 223 246 113 255 255 115 135 190 228 124 7 26 0 0
    121 232 0 106 108 135 219 180 255 147 146 77 30 255 0 96 0 166 73
    255 50 199 241 97 25 31 0 255 0 0 157 60 132 132 121 230 38 226 218
    255 48 183 91 0 77 0 25 255 255 129 0 93 49 21 255 203 0 97 0 119 0
    69 245 49 25 41 0 209 131 21 0 150 0 249 255 255 209 0 121 172 29 64
    255 221 16 26 218 8 255 80 255 255 0 211 221 255 22 108 131 0 0 0
    112 255 162 143 0 255 0 215 0 255 0 240 20 0 0 182 255 47 0 115 212
    0 255 66 0 134 255 255 84 0 255 0 0 52 255 244 255 0 147 234 0 198
    45 48 0 255 57 253 182 255 255 21 255 83 255 210 22 88 0 148 8 210
    255 255 0 188 37 225 42 114 255 0 0 118 94 82 218 0 0 123 0 113 224
    255 254 0 99 255 254 1 218 52 255 144 150 255 88 0 255 150 80 206
    255 255 184 255 237 255 214 51 41 218 175 255 255 219 199 171 118
    255 255 255 114 101 221 236 125 159 255 56 255 141 0 255 122 170 113
    181 79 255 255 0 101 229 196 221 255 34 0 255 0 215 253 255 226 255
    0 216 212 255 236 46 79 255 255 255 216 239 105 94 137 30 255 255 13
    251 169 70 0 75 0 144 153 9 128 255 0 83 255 0 231 0 45 0 152 83 127
    7 255 182 255 255 140 255 255 179 234 216 31 0 13 45 23 45 200 240
    131 152 128 255 255 185 255 4 255 212 53 136 121 0 246 104 113 92 11
    0 0 135 114 87 17 255 49 222 56 53 255 255 231 0 255 255 255 131 9
    255 233 0 0 161 89 214 255 255 88 0 255 235 255 225 23 0 22 0 0 181
    133 74 83 255 69 54 186 6 9 4 223 137 174 255 151 223 255 116 255 25
    9 58 211 0 25 76 172 255 211 52 18 255 220 22 238 206 23 36 77 128
    109 4 255 255 0 72 0 240 82 182 111 88 48 59 92 0 0 0 255 11 199 255
    166 255 86 0 0 0 133 0 0 0 0 98 118 99 67 95 255 0 95 255 93 178 12
    255 0 0 255 255 244 177 42 79 200 11 255 0 255 255 99 255 0 147 17
    125 0 0 0 255 192 0 45 0 0 0 0 46 217 176 157 255 218 255 230 255
    253 255 0 83 70 255 0 1 187 196 95 234 228 172 255 16 44 174 246 255
    255 188 233 152 20 211 111 174 0 255 218 0 124 0 0 153 254 0 255 0
    40 198 5 232 16 42 85 0 255 0 0 255 255 109 255 0 255 32 8 131 173
    151 0 0 0 252 0 72 139 249 65 0 255 222 255 255 255 47 255 59 255
    196 164 0 108 183 117 255 255 0 255 94 0 92 134 0 215 2 255 50 0 53
    26 255 224 135 174 150 0 229 0 48 244 0 183 255 221 35 109 125 148
    41 0 133 194 96 89 4 39 0 0 83 48 255 255 102 28 255 0 110 255 255 0
    85 255 100 0 255 0 105 244 233 141 255 142 0 47 255 200 14 78 223
    203 3 0 255 53 126 255 0 0 170 79 248 64 95 244 0 255 146 0 2 192 13
    255 255 34 255 72 0 73 108 0 253 39 0 23 9 133 181 0 58 248 216 255
    89 179 227 255 0 0 255 255 174 77 25 225 152 162 137 84 255 255 91
    70 112 94 243 0 0 0 247 100 25 255 6 255 0 199 20 0 255 0 57 255 255
    255 56 115 73 14 108 80 40 255 170 0 149 0 167 137 35 77 189 255 255
    0 172 255 181 243 80 0 244 0 255 72 19 19 222 226 0 43 105 85 0 255
    255 186 255 255 3 108 184 255 94 255 255 177 234 255 110 86 255 230
    255 255 15 0 3 207 165 0 143 134 184 29 219 0 255 127 65 255 78 255
    10 184 115 0 119 255 127 218 18 131 184 34 136 0 255 30 247 113 0 17
    222 255 1 255 236 0 144 255 216 51 0 36 101 255 237 68 32 255 0 0 4
    83 0 0 0 178 0 176 57 0 237 150 212 129 244 255 72 0 0 38 255 73 255
    255 113 0 0 255 183 165 255 125 0 134 134 132 0 196 255 0 157 234 0
    0 252 255 93 255 85 106 223 115 0 207 255 0 255 149 222 144 0 236
    255 65 255 82 131 45 127 255 222 33 255 222 172 3 213 16 125 72 124
    255 229 72 217 0 255 15 0 163 141 0 163 159 255 31 92 49 130 111 0
    98 255 255 252 125 218 236 0 208 37 0 54 165 0 118 255 0 53 255 121
    52 227 244 255 23 81 0 0 190 232 204 246 175 0 226 255 226 255 255 0
    148 166 0 168 118 255 0 0 255 199 165 255 0 223 238 69 86 255 255
    235 255 153 238 0 100 0 144 207 55 0 255 107 0 255 33 255 0 1 0 165
    255 44 212 255 0 39 255 0 130 255 255 0 154 54 165 170 255 36 0 255
    90 248 0 231 69 255 255 161 24 69 255 153 176 0 37 0 1 255 0 155 4
    254 165 0 141 255 131 211 240 203 55 253 185 150 105 255 242 84 70
    255 28 133 211 255 175 255 72 192 29 255 217 0 208 22 255 235 73 251
    255 255 35 111 0 22 0 255 199 111 255 0 255 96 148 255 235 139 0 215
    255 158 255 0 139 160 0 135 17 255 249 201 254 16 255 165 224 221
    203 89 136 0 0 0 230 128 66 57 255 0 248 108 119 139 124 194 209 0
    255 195 50 0 0 0 6 11 155 35 255 190 0 255 19 255 131 50 255 96 188
    179 11 0 138 151 199 0 186 245 210 255 195 120 255 137 50 192 61 170
    0 255 248 173 206 236 109 255 223 209 0 0 235 74 247 0 164 218 243
    219 242 255 0 203 0 64 20 170 231 224 89 255 255 159 161 72 97 235
    184 0 0 255 161 255 0 255 38 4 0 0 168 0 0 90 255 255 0 121 82 190
    234 158 255 241 0 255 44 179 117 48 255 161 255 255 255 34 166 2 33
    255 235 255 57 255 10 130 133 161 0 232 121 0 0 255 1 0 255 0 136 0
    60 22 0 0 28 0 121 0 214 255 0 144 43 255 4 255 7 0 180 75 131 248
    255 0 255 13 117 127 255 190 246 231 0 255 227 254 229 0 255 255 95
    0 167 87 0 183 29 89 0 3 62 131 0 255 69 255 150 252 223 115 255 22
    0 168 0 77 179 0 255 127 69 126 220 255 138 255 192 142 213 255 12
    53 198 0 237 57 54 65 51 255 0 153 183 97 224 175 0 233 255 0 63 201
    239 0 0 204 73 0 41 0 0 0 229 101 0 0 181 162 255 255 250 133 255
    239 127 46 255 0 255 6 76 0 0 0 189 0 209 146 217 0 242 255 142 0
    255 0 169 255 0 173 210 45 255 33 0 0 115 100 8 255 255 0 255 255 23
    70 255 0 25 126 30 128 0 255 130 250 255 67 255 150 41 0 0 102 37 13
    0 0 10 239 131 173 147 255 213 119 0 0 165 247 123 255 255 255 89
    166 246 246 14 255 166 191 112 146 126 188 113 255 0 118 6 255 53
    119 3 255 171 177 0 228 172 255 40 252 170 210 0 4 47 120 0 237 255
    40 255 255 247 127 49 32 255 6 77 0 75 229 105 149 55 74 255 0 33 0
    218 83 26 0 253 217 23 115 0 243 239 0 149 255 0 4 65 237 145 39 0
    65 0 185 245 92 147 99 0 148 255 244 218 222 255 222 240 255 66 241
    226 138 255 64 200 0 62 83 255 0 127 26 227 37 78 108 0 168 75 143
    102 0 255 255 209 212 0 148 234 255 255 0 185 25 24 255 0 0 255 255
    0 0 255 60 114 255 87 235 0 0 56 38 255 255 0 108 112 103 103 0 61
    107 0 100 218 66 23 92 174 239 193 214 255 0 135 69 0 0 255 0 105
    255 10 0 117 68 13 130 242 166 255 255 164 231 10 64 48 0 255 35 255
    255 74 104 107 164 255 0 29 193 255 64 73 255 46 0 176 146 41 37 21
    255 189 86 49 226 255 226 0 255 255 54 255 0 0 9 255 39 110 165 196
    115 255 70 255 133 17 0 0 177 121 0 182 255 0 0 6 91 95 0 146 107
    135 150 159 137 0 204 191 255 218 129 30 229 255 0 0 81 255 159 123
    212 66 9 61 105 98 130 255 246 0 90 234 255 170 255 255 93 255 255
    41 4 214 226 255 0 151 223 38 152 159 255 122 241 0 255 38 43 172 0
    0 250 248 108 0 0 140 0 47 101 192 255 245 27 116 0 251 255 165 220
    0 200 255 0 255 177 15 255 34 0 151 64 40 109 39 0 249 255 18 0 195
    0 255 218 0 174 242 244 200 0 34 250 189 0 97 255 65 0 192 255 210
    255 64 255 0 57 164 255 5 255 196 183 255 99 255 255 255 26 255 100
    0 235 0 86 255 230 110 98 255 114 87 255 255 155 214 121 255 41 150
    90 1 20 82 12 255 38 0 116 79 125 0 224 255 119 255 0 159 97 255 220
    255 130 145 185 0 250 255 106 98 255 0 255 0 232 169 133 199 197 0
    33 10 180 0 255 12 183 0 27 0 169 227 103 106 153 0 0 74 255 206 163
    103 0 30 255 0 52 167 244 173 20 0 248 147 240 0 0 204 255 255 119
    255 255 82 208 255 255 255 42 255 140 0 55 255 255 15 121 213 139 5
    110 237 17 95 247 0 27 255 197 255 255 255 0 5 0 238 254 0 10 255
    255 0 64 0 7 255 109 140 255 118 0 0 61 101 0 196 42 9 255 176 135
    20 109 143 1 31 108 255 0 243 207 212 209 8 255 69 255 126 76 115 73
    184 90 219 212 15 0 214 0 120 5 255 0 255 182 160 59 239 121 198 255
    6 255 207 255 255 138 0 0 134 71 255 0 0 255 202 201 155 158 255 51
    124 121 151 0 18 226 0 255 255 153 154 0 162 0 207 0 20 69 228 34 0
    255 255 255 255 99 197 70 236 0 0 255 255 53 101 71 48 44 236 0 208
    0 255 255 255 117 250 203 111 0 140 247 0 255 0 0 191 163 166 255
    255 255 255 36 180 255 94 43 0 255 0 158 0 255 105 102 200 157 255 0
    255 255 154 255 178 255 255 255 0 219 170 0 77 108 255 0 34 116 0
    194 0 0 110 0 78 0 0 74 48 0 89 255 89 255 255 255 244 9 178 255 199
    0 91 238 245 51 255 162 0 71 255 162 21 27 255 161 157 43 0 255 0 23
    0 86 255 247 91 76 158 255 188 179 78 177 0 222 0 227 94 0 0 255 16
    192 155 255 1 0 80 21 0 0 46 255 20 115 36 21 199 255 0 177 179 255
    0 142 40 77 206 112 101 255 65 180 0 52 212 255 51 195 14 5 120 0 37
    0 110 167 96 177 177 255 151 99 4 142 76 104 132 0 0 0 204 187 86 0
    255 0 195 153 234 63 199 107 187 255 142 71 0 61 95 205 182 0 0 255
    99 52 58 255 77 186 0 255 255 154 255 226 200 255 0 1 54 157 0 0 39
    255 153 183 23 228 237 228 192 168 0 255 149 160 89 0 208 243 0 214
    227 168 228 0 1 144 31 64 255 187 185 9 155 0 44 82 0 255 190 187 55
    255 0 0 199 197 250 0 0 245 0 76 184 197 9 0 0 255 148 110 0 15 255
    79 245 140 66 87 73 229 216 38 4 0 66 255 0 60 40 255 162 181 180
    255 255 0 122 88 165 249 0 149 116 5 183 255 132 194 252 214 255 0
    212 255 232 138 0 212 174 137 0 0 204 30 255 214 144 104 0 0 255 255
    226 43 134 70 183 255 255 172 118 81 73 14 0 116 110 46 192 238 61 0
    80 0 165 107 255 239 179 0 54 220 93 223 0 255 213 183 202 30 0 150
    109 38 131 255 226 255 255 225 255 39 37 132 224 214 80 63 0 148 174
    255 70 195 26 0 0 150 255 245 255 13 0 25 0 239 217 255 29 255 3 0
    24 0 0 0 0 162 0 227 98 24 219 239 223 165 175 94 173 255 106 0 252
    255 255 39 218 200 255 255 244 255 255 255 32 27 35 0 39 99 255 157
    97 246 122 20 0 97 136 48 203 12 213 0 0 149 0 0 62 121 0 0 202 208
    255 89 228 0 50 99 0 255 230 255 231 158 8 0 255 99 255 0 162 0 116
    0 173 169 210 0 132 255 0 18 0 0 255 250 97 43 77 0 255 157 177 4
    234 223 0 247 250 127 0 44 77 54 152 0 0 255 5 0 248 209 28 118 214
    63 166 255 101 15 0 208 83 20 255 178 119 0 111 0 223 0 0 98 250 0
    251 219 92 0 0 145 0 0 255 255 85 99 255 174 255 203 79 0 107 0 82
    86 128 146 225 46 255 127 4 129 70 46 80 255 25 255 0 196 194 55 146
    224 213 70 82 255 0 36 255 80 0 10 144 64 167 161 255 141 182 255 78
    255 69 138 95 255 0 92 241 0 23 18 255 248 50 213 0 167 255 135 32 0
    44 144 0 61 255 107 77 151 36 119 224 255 255 39 255 0 11 163 69 0
    255 255 203 88 214 210 143 194 0 29 112 0 255 147 182 61 134 208 0
    200 220 255 30 0 122 38 88 0 137 32 255 51 68 0 255 228 155 255 255
    0 255 112 9 173 129 0 0 112 198 0 71 145 92 241 15 8 245 91 255 34
    93 11 1 0 255 226 133 255 0 126 174 246 255 231 255 248 105 255 255
    0 93 255 52 145 71 145 205 162 255 0 255 70 81 94 103 85 0 220 0 80
    0 0 205 240 8 177 248 226 0 200 184 208 0 15 255 0 207 172 48 175
    238 255 138 171 78 0 255 47 255 110 136 140 83 191 30 130 247 247
    101 0 0 255 202 39 255 102 241 6 228 255 0 255 15 0 184 66 115 60 34
    242 255 255 0 255 0 211 167 255 255 0 255 255 114 120 253 159 62 255
    105 181 0 192 28 0 216 230 216 55 107 75 9 0 183 184 0 254 255 235
    37 223 151 255 0 255 165 171 0 108 255 17 6 26 255 142 166 213 0 251
    157 148 237 0 176 255 19 255 0 61 223 255 226 95 33 255 250 251 46
    197 56 86 193 255 99 105 118 0 0 164 255 212 6 255 255 94 255 187
    162 219 222 255 183 255 0 111 0 255 255 95 231 0 189 255 0 112 9 124
    57 73 0 11 54 252 43 255 255 112 33 255 255 237 0 114 69 0 235 229
    53 142 167 255 127 25 0 56 0 250 255 250 136 255 0 6 6 201 106 255 0
    81 58 21 213 0 0 255 160 48 136 0 255 20 0 18 98 0 0 212 67 0 103
    236 0 255 0 199 61 0 255 92 0 169 167 139 91 0 244 255 7 51 7 255 63
    0 213 14 125 66 0 254 227 214 111 255 27 255 0 0 229 190 239 123 252
    87 231 35 255 152 167 0 20 141 234 0 255 146 184 255 248 228 213 234
    0 0 202 25 255 255 0 212 255 138 195 255 255 255 255 255 116 24 255
    117 0 0 118 0 0 188 255 1 151 196 104 9 180 29 255 0 96 255 181 159
    183 255 3 51 8 236 221 64 253 112 0 255 64 215 251 3 111 255 255 73
    255 84 209 173 254 0 228 197 50 255 255 26 255 84 115 67 248 112 242
    228 40 194 255 0 255 255 190 227 0 255 255 73 146 106 0 167 238 196
    99 0 137 255 202 0 108 0 180 192 35 0 0 158 196 255 255 0 100 255
    176 0 240 0 187 0 117 0 87 30 0 93 255 129 70 156 99 255 0 72 252 72
    0 125 166 34 156 0 255 143 0 220 0 121 121 177 15 121 255 244 255 55
    183 176 255 255 2 168 0 82 166 5 124 247 234 209 73 0 165 8 125 103
    83 68 12 160 255 0 47 255 167 173 255 0 233 206 179 0 255 0 93 173
    129 255 38 19 193 255 170 114 115 132 254 0 196 39 0 255 45 231 230
    95 4 203 255 0 0 123 91 255 9 255 172 252 128 0 181 207 241 0 17 255
    0 214 121 155 175 222 96 103 0 181 185 65 0 34 49 88 171 171 19 249
    210 93 198 230 0 116 255 255 0 13 151 255 148 0 124 255 106 0 73 179
    94 255 15 0 154 124 49 99 0 9 26 204 0 197 0 61 194 78 103 180 201
    80 255 56 147 180 255 0 31 186 40 116 202 89 255 144 255 118 255 250
    218 109 255 39 72 0 211 255 0 255 216 0 0 238 255 0 105 138 255 25
    178 235 246 54 28 0 0 255 155 131 205 140 201 47 255 160 178 0 230
    255 163 182 182 24 226 213 230 0 107 0 138 0 124 192 61 18 0 49 124
    12 78 140 0 0 37 255 255 0 255 33 231 0 134 0 56 19 130 245 86 101
    164 155 2 0 0 245 255 198 53 208 49 52 170 149 59 152 67 255 251 0
    36 0 153 2 235 0 255 80 0 255 213 89 255 0 152 87 158 0 197 114 139
    3 255 98 209 181 104 15 247 255 255 61 78 59 0 255 218 141 255 0 255
    29 0 99 126 224 0 0 255 255 0 215 134 58 63 214 79 0 119 54 34 220 0
    118 227 0 119 88 160 32 255 255 0 226 0 164 170 255 47 255 255 54
    153 29 224 255 33 254 115 255 164 255 188 104 0 0 2 178 255 55 24
    255 115 121 0 32 184 0 233 0 218 0 255 113 0 255 20 0 255 143 73 0
    219 131 255 254 114 0 143 89 0 164 115 125 20 0 255 255 255 0 255
    114 0 0 175 79 53 168 117 173 255 192 1 94 0 255 255 114 115 255 169
    148 255 216 235 0 191 255 157 255 209 195 230 255 174 38 59 32 0 255
    0 196 255 0 128 183 133 162 0 0 148 234 0 43 0 181 254 159 0 30 157
    52 255 115 82 36 0 0 229 255 41 239 2 255 103 196 0 0 0 0 0 0 99 3
    241 0 0 32 203 248 255 0 153 255 0 3 107 0 0 126 0 255 146 255 81 0
    142 254 168 22 74 0 0 9 0 255 62 195 255 0 22 0 255 25 0 255 0 0 255
    59 75 0 142 57 128 185 28 0 255 94 0 0 185 255 255 164 163 162 0 255
    255 15 86 45 255 81 90 146 103 158 229 76 255 17 0 243 0 255 153 96
    60 240 255 0 209 255 0 255 225 178 0 249 0 0 255 255 0 255 169 145
    82 233 194 0 255 48 146 255 209 0 90 94 184 240 0 77 255 0 255 229
    171 255 235 203 255 174 62 134 189 186 8 24 109 255 109 48 98 0 255
    255 0 129 255 255 0 106 178 247 71 70 199 255 93 0 141 190 75 46 164
    180 255 98 255 31 255 234 51 21 0 195 61 0 74 219 206 255 76 0 255
    255 255 191 66 255 229 134 200 0 255 0 196 112 113 0 255 255 146 110
    255 162 255 26 229 0 255 161 240 255 0 255 0 5 50 91 131 246 202 243
    157 4 19 51 0 255 255 128 207 255 255 0 208 255 255 49 0 255 0 0 152
    94 112 255 0 201 245 24 255 215 0 0 244 191 199 255 68 255 16 0 0
    130 255 0 0 43 0 150 122 0 65 65 0 156 152 0 255 255 20 38 170 0 0
    64 58 196 219 83 32 87 177 133 0 75 0 215 0 255 226 255 192 51 7 234
    199 9 160 28 118 0 255 55 255 108 132 255 0 174 255 255 37 115 255 0
    117 0 148 78 21 232 177 98 162 63 255 147 204 72 102 250 232 255 0
    105 83 255 247 18 22 255 111 0 145 255 0 0 255 185 146 170 226 0 79
    255 87 255 0 255 255 255 0 208 27 0 158 144 0 0 115 183 101 255 164
    161 76 255 91 69 15 255 80 255 210 44 195 255 12 32 213 50 0 68 0
    222 112 10 255 143 0 255 34 0 82 0 41 133 255 158 5 166 60 255 199
    255 255 0 82 125 72 154 255 74 158 0 101 254 228 29 205 0 0 180 86
    255 89 0 161 0 255 255 12 165 52 249 215 204 233 255 109 96 255 253
    112 255 0 154 134 255 0 169 255 42 14 96 247 55 209 131 148 255 112
    5 255 0 153 255 14 237 97 45 255 102 75 255 227 255 0 0 255 49 242
    186 255 152 255 255 153 153 24 215 255 32 0 215 47 51 216 246 132
    255 0 0 0 0 4 50 185 107 0 255 255 63 217 0 255 0 255 234 15 0 169
    44 116 0 159 201 255 4 0 122 255 78 0 171 197 42 0 0 0 128 250 255 0
    255 0 255 0 118 105 0 106 255 171 110 236 119 255 198 143 80 95 197
    83 180 177 75 142 14 255 116 96 204 0 0 152 25 187 17 0 255 147 33
    218 40 181 85 1 159 246 0 0 255 61 69 82 211 0 0 80 255 9 132 228
    170 29 30 0 255 0 1 0 245 217 0 192 0 255 122 255 0 29 127 255 0 122
    41 0 0 0 35 255 0 230 255 213 214 0 1 215 16 138 200 93 29 17 126
    255 29 0 0 195 52 89 250 163 244 255 255 0 114 255 0 255 242 191 86
    241 255 218 75 65 130 0 101 0 255 255 55 255 0 204 0 174 22 255 0 29
    79 97 41 160 0 255 255 49 250 233 215 4 101 255 99 73 255 86 74 255
    107 32 0 255 234 0 102 174 0 111 255 229 255 255 114 255 125 0 0 235
    209 69 255 33 61 229 194 100 255 135 0 0 0 201 0 84 255 124 158 104
    0 163 0 152 255 22 189 150 0 211 255 99 213 22 178 243 245 96 9 209
    255 77 23 134 0 21 60 248 255 141 255 255 0 1 255 255 0 0 255 0 184
    84 255 156 188 197 237 0 140 255 28 255 122 0 239 15 41 0 255 149
    112 0 81 0 255 255 153 255 216 0 0 255 7 0 0 255 52 29 81 154 255
    177 103 255 225 87 237 31 0 41 41 255 255 0 0 239 184 0 255 210 3
    255 0 0 35 0 255 70 255 238 131 255 255 255 0 180 110 0 81 81 255
    220 182 174 98 1 98 80 208 73 0 27 215 173 174 255 0 0 117 138 0 55
    0 0 255 0 139 238 63 255 68 40 255 222 124 0 7 251 181 255 202 173
    154 154 0 18 255 248 94 255 0 113 141 0 59 2 108 137 179 0 96 80 47
    0 0 255 241 189 99 255 0 50 30 135 0 156 163 210 255 255 201 217 255
    75 94 64 255 1 134 65 115 0 202 21 0 0 154 167 0 240 0 255 170 117
    200 16 0 143 0 64 0 154 51 73 238 0 112 58 230 174 64 121 27 10 249
    123 73 176 255 255 0 119 63 64 234 91 225 255 34 57 97 0 0 255 0 255
    120 121 0 255 0 0 194 192 35 137 201 0 199 255 124 42 252 241 230 0
    0 216 255 255 66 0 0 255 234 239 226 116 52 0 45 150 255 28 188 202
    32 176 255 183 203 88 255 23 0 255 0 0 57 250 53 72 66 255 0 20 255
    6 79 0 225 78 0 255 61 121 0 186 43 72 0 10 16 141 0 0 167 145 183 0
    93 152 16 255 59 255 197 104 231 255 211 236 0 0 72 158 0 0 189 66
    11 0 159 0 196 255 140 255 0 255 72 204 255 0 0 255 74 202 61 0 255
    0 156 172 231 107 255 80 214 255 0 255 69 255 255 0 232 255 255 0
    183 255 130 0 255 75 255 0 56 0 0 165 116 153 251 163 255 255 138 55
    0 203 228 13 153 59 200 0 0 255 220 171 220 16 255 8 33 168 164 35
    255 52 0 0 106 129 173 126 198 108 75 0 21 72 0 0 255 255 220 255
    255 118 67 120 26 255 74 5 0 0 98 96 236 149 0 62 0 0 118 0 255 55
    52 255 0 54 0 255 0 0 255 0 104 234 145 232 51 46 150 255 28 173 0
    139 205 19 31 255 255 226 0 255 203 139 185 0 140 85 224 106 159 255
    16 255 223 255 250 16 0 0 131 9 60 255 0 113 88 0 0 157 0 194 255 0
    255 133 0 0 152 32 74 160 0 255 162 0 255 0 127 142 255 255 64 125 7
    255 255 255 45 255 0 163 103 81 215 23 255 255 196 181 132 94 6 245
    202 0 50 255 24 255 255 255 0 178 199 255 47 0 226 86 0 255 66 15 82
    191 143 73 20 120 180 0 7 72 0 255 92 0 102 103 203 49 255 27 26 195
    0 192 2 198 22 163 216 145 125 126 50 188 232 213 143 83 255 255 211
    162 0 171 0 148 255 0 215 152 223 80 255 255 250 0 105 73 71 192 217
    77 147 41 161 0 0 0 0 0 255 0 0 134 94 90 97 255 0 47 90 47 0 237
    255 18 229 0 252 255 78 137 0 101 169 0 0 103 255 175 255 208 31 7
    237 0 0 241 244 255 176 255 158 3 255 153 0 200 0 15 0 108 221 59
    171 213 0 250 74 255 84 255 162 126 255 142 255 151 192 220 255 141
    167 204 0 145 0 0 19 81 242 88 181 0 255 124 255 28 177 255 0 255
    114 255 119 0 69 111 0 114 130 13 255 255 244 255 0 207 255 0 255
    255 255 255 0 197 45 48 211 255 149 255 241 236 255 0 72 0 50 30 130
    66 9 152 0 0 80 255 0 204 33 255 26 156 103 240 228 255 255 205 251
    0 0 214 108 255 176 255 0 4 209 55 0 21 0 48 0 27 249 235 255 153
    143 173 119 20 21 46 255 0 207 194 95 77 41 255 0 167 95 242 117 190
    54 166 255 255 255 0 0 0 72 255 76 152 188 204 175 87 155 104 72 199
    28 0 127 233 255 67 255 71 145 255 0 54 0 0 83 255 227 235 0 95 60
    255 115 167 255 255 255 114 0 191 93 165 118 65 255 255 64 38 64 255
    255 72 5 255 53 203 220 229 255 247 97 0 194 96 0 255 0 0 131 0 124
    99 255 208 255 103 199 236 67 255 255 248 156 36 102 26 0 255 255
    255 255 0 145 63 255 0 33 179 60 159 0 120 255 255 27 191 0 106 120
    126 133 25 92 140 0 0 64 190 36 135 255 47 255 175 0 183 0 68 33 0
    180 66 48 255 80 201 180 246 0 25 251 0 255 138 0 161 222 98 140 109
    84 0 5 87 0 3 255 163 255 0 59 90 12 121 255 218 54 255 0 183 254 64
    127 64 102 159 145 153 17 154 72 98 168 203 187 65 97 255 7 246 234
    0 237 0 158 69 169 227 201 173 48 0 0 255 144 0 0 52 53 30 13 255
    255 211 97 199 36 0 166 255 149 132 223 0 255 255 0 0 253 214 255
    255 129 0 205 249 11 37 19 17 255 83 89 175 0 5 0 0 255 147 128 255
    202 133 0 139 225 179 255 241 14 59 255 0 255 0 50 255 203 6 30 180
    67 247 106 205 0 0 210 255 57 0 0 255 0 70 124 178 36 90 65 255 83
    136 51 93 255 193 255 109 0 38 190 255 0 81 0 255 40 0 18 64 171 255
    16 0 102 109 255 170 58 93 0 78 255 112 255 202 217 160 133 255 196
    191 0 185 255 136 0 0 158 132 255 196 141 218 76 0 213 226 54 230 74
    12 0 0 211 54 100 71 225 170 0 255 171 0 204 13 255 0 255 15 217 255
    194 255 0 176 236 255 255 0 200 114 193 255 133 102 208 23 0 168 29
    0 4 46 30 255 160 69 72 85 124 204 90 207 255 0 160 255 119 0 102
    152 243 242 0 255 67 0 197 255 66 146 48 255 61 176 138 0 28 86 22
    83 255 14 255 81 113 0 117 255 255 183 254 0 147 80 216 42 25 217
    148 224 242 198 50 255 0 18 233 149 229 183 92 62 58 72 0 12 218 151
    255 0 0 255 255 200 124 98 206 77 255 255 34 143 255 171 212 77 6 56
    217 0 201 0 248 0 188 0 0 14 106 91 13 255 220 182 161 113 255 22 58
    105 0 50 106 67 183 197 255 146 70 245 178 210 212 246 17 0 0 0 227
    95 165 49 167 38 0 145 5 0 0 0 0 255 0 126 63 0 255 180 126 120 207
    174 123 255 210 78 255 73 205 255 191 140 27 29 255 214 148 65 0 255
    33 197 0 49 140 52 3 0 255 202 0 226 73 48 239 101 255 57 53 17 243
    23 255 104 92 0 29 222 20 254 223 175 187 58 255 15 214 174 0 150
    255 51 250 185 86 162 93 20 220 0 255 51 227 0 11 247 221 255 182
    202 51 59 195 255 255 18 255 194 0 20 55 0 227 0 0 255 2 255 204 0
    159 0 255 255 255 255 0 138 0 254 165 0 177 131 138 111 176 0 117
    255 199 0 0 231 255 180 77 191 103 0 255 0 255 116 152 78 20 255 22
    113 234 255 21 209 197 17 0 6 172 145 255 0 168 242 232 255 24 70 0
    25 0 41 255 0 235 209 129 0 255 124 193 23 25 255 255 208 255 64 0 7
    0 164 109 94 255 45 255 213 0 175 20 236 82 100 0 255 218 149 255
    255 0 175 255 167 197 255 183 187 152 14 39 100 138 255 255 141 81
    255 0 0 112 99 0 0 44 126 0 18 188 99 73 134 254 0 80 225 115 184
    255 255 24 255 187 0 255 255 177 136 230 255 255 3 0 195 186 255 255
    5 198 239 72 255 123 0 177 72 104 152 0 216 60 119 236 57 163 159
    211 255 255 121 0 51 0 255 0 246 112 54 255 57 123 0 126 255 152 0
    220 255 0 255 116 0 83 195 192 159 255 28 58 249 255 67 98 211 0 197
    88 0 0 115 68 255 146 0 139 0 151 33 0 165 0 169 200 0 184 175 127 0
    96 255 0 12 78 210 239 237 93 242 67 205 13 58 23 0 255 76 110 255
    255 152 72 95 0 255 103 90 171 0 0 70 205 74 0 140 255 255 208 255
    179 255 255 255 121 255 255 198 84 237 9 248 181 255 182 201 114 0
    192 255 238 22 150 242 0 255 199 29 10 229 63 56 0 255 0 124 14 105
    255 159 255 33 255 154 103 255 0 159 208 62 164 95 104 75 255 202 0
    64 178 189 90 0 0 255 100 125 157 193 0 138 186 135 255 203 148 242
    93 255 60 181 149 243 159 255 183 114 169 1 227 0 0 124 0 0 0 119
    172 128 7 0 97 242 23 210 255 0 123 75 0 250 238 0 105 1 190 18 144
    255 54 176 62 229 38 131 255 0 17 255 127 86 0 0 125 98 182 246 20
    122 255 75 160 255 48 115 39 162 0 255 255 205 130 7 92 31 181 187
    255 236 149 43 72 255 95 68 133 45 42 75 191 48 231 255 0 47 15 255
    0 10 255 0 226 82 68 217 0 255 0 190 249 0 255 79 194 0 0 0 255 255
    255 174 255 220 179 80 28 201 134 255 27 255 195 124 139 33 255 160
    255 43 255 255 0 0 106 255 0 226 255 0 255 0 249 69 31 255 183 109 0
    53 255 0 255 121 170 7 41 0 0 163 0 255 54 0 201 69 255 255 26 255
    145 37 34 255 255 128 0 241 0 98 89 43 255 255 207 180 255 107 255
    255 0 167 255 119 194 0 0 164 178 48 255 255 1 191 45 123 216 236 10
    207 255 0 147 241 155 250 0 246 86 97 0 0 95 255 217 16 0 0 2 146 97
    0 164 23 0 105 113 0 194 16 255 127 198 190 245 5 244 255 20 69 255
    6 1 0 187 208 47 207 175 243 0 255 255 172 152 13 0 0 65 113 140 0 9
    99 97 80 255 255 84 0 255 162 50 79 18 255 131 0 0 0 255 61 255 211
    17 215 110 192 255 211 0 255 0 145 255 0 200 0 140 255 255 193 255
    255 221 255 254 36 0 152 255 143 0 255 20 0 255 149 255 9 0 178 44
    84 255 225 177 190 149 255 0 255 115 255 255 215 243 1 0 255 0 0 255
    0 110 0 81 68 255 0 83 196 139 107 0 127 255 159 255 4 221 255 238
    68 10 149 0 70 165 18 106 0 255 130 0 255 105 70 255 255 149 255 252
    121 255 162 0 224 145 97 182 184 138 113 158 200 44 255 0 14 0 194 0
    86 162 95 220 158 198 128 81 223 255 0 130 0 134 255 27 80 0 48 255
    0 209 234 255 0 255 255 106 168 164 219 0 200 174 149 36 179 0 117
    180 0 201 255 0 0 8 255 167 207 9 255 247 0 193 162 50 0 67 140 254
    0 18 218 67 221 251 255 0 219 255 193 181 138 0 207 255 0 255 255 0
    153 255 0 39 201 89 200 255 223 0 29 0 0 0 158 242 209 196 255 212
    190 255 211 38 2 109 98 242 157 85 124 229 206 168 64 35 193 167 228
    145 57 255 106 54 128 20 255 14 108 182 97 0 233 123 64 127 57 97
    255 255 31 206 0 255 254 255 163 255 114 54 0 173 255 0 82 0 226 243
    255 148 0 53 0 68 92 70 0 146 220 44 135 101 0 255 63 0 0 21 148 0
    92 249 125 0 195 53 137 123 0 0 0 17 176 255 110 231 255 186 48 255
    0 0 0 3 76 255 255 0 188 250 0 91 132 141 172 174 87 5 30 109 15 255
    237 239 137 23 214 96 0 255 0 154 68 11 215 158 255 247 9 0 255 0
    223 0 227 255 133 204 156 0 0 255 145 71 255 158 255 14 160 255 0 92
    203 198 163 0 255 255 79 133 235 145 0 0 255 146 255 255 255 0 65
    161 35 239 202 62 183 0 255 88 0 0 77 4 255 0 39 78 175 93 42 0 150
    243 102 84 255 245 108 17 255 0 115 0 255 0 255 97 32 215 0 232 0
    209 47 75 233 229 0 17 0 0 130 0 106 255 255 141 0 255 0 19 98 0 155
    0 0 255 93 14 0 237 132 255 0 188 209 36 45 0 0 0 255 69 186 110 62
    0 131 94 81 255 180 207 242 255 161 186 255 255 147 62 245 255 0 158
    96 255 54 139 35 0 86 76 208 142 10 231 205 65 30 88 248 0 112 236
    140 215 94 255 255 0 255 255 190 112 255 255 12 147 188 255 208 254
    129 147 196 131 79 84 243 0 8 231 84 70 255 255 185 157 85 0 49 100
    0 0 104 97 203 41 111 153 39 67 49 126 255 123 0 255 255 246 155 255
    200 255 0 0 236 0 165 0 0 0 0 245 50 147 127 50 221 0 255 255 255 27
    76 129 207 26 0 255 210 0 255 0 102 255 142 0 255 18 114 7 255 27 0
    192 234 38 233 0 218 255 125 25 174 19 0 0 30 134 162 84 77 0 255
    206 0 255 98 0 91 137 107 56 0 170 32 0 255 0 12 255 56 255 22 55
    214 15 0 0 0 23 175 99 37 158 115 196 210 78 255 137 235 222 234 255
    255 132 23 53 178 127 69 61 156 199 131 0 148 0 0 201 203 255 212 22
    201 71 255 255 0 0 0 212 0 13 255 0 0 0 74 220 7 213 0 91 0 158 169
    0 248 255 32 0 0 255 255 242 75 255 0 124 255 0 237 255 255 63 110
    65 255 0 149 36 255 255 255 255 111 2 255 200 0 60 255 255 0 0 0 77
    0 25 255 213 116 84 174 255 225 167 0 222 0 117 148 255 97 120 48 36
    79 251 188 0 255 121 51 255 222 255 255 224 134 0 109 183 0 255 0
    137 255 239 228 133 97 60 203 0 0 34 43 216 183 255 255 14 0 195 85
    255 129 210 104 255 53 95 0 255 0 70 113 103 177 200 191 243 224 20
    255 5 255 0 0 178 203 255 56 211 91 139 59 167 25 209 250 0 30 254
    34 242 110 255 47 127 134 62 218 255 0 0 239 188 100 255 109 90 102
    190 64 0 136 255 133 255 29 133 44 255 0 0 228 84 0 0 0 0 84 255 255
    121 255 208 0 255 64 229 255 0 49 137 117 154 255 82 255 176 81 87
    232 0 114 58 84 251 0 255 29 252 255 255 244 133 160 153 129 0 0 79
    255 73 23 235 230 228 255 255 146 0 1 0 133 255 0 165 255 129 184
    255 202 255 70 181 171 165 114 136 0 168 214 107 88 255 255 0 29 251
    69 37 255 255 26 0 130 46 255 117 42 255 255 255 110 0 184 0 220 0
    255 0 79 24 255 255 203 169 0 157 80 255 0 231 102 217 0 168 6 209
    32 0 0 61 33 154 0 0 130 188 7 0 255 142 0 41 76 102 185 143 29 237
    211 0 158 133 153 2 21 255 0 240 196 228 140 176 225 67 87 255 148
    147 239 97 0 195 0 255 189 27 255 0 248 255 238 100 255 1 115 240
    160 40 247 239 255 62 157 255 0 89 222 255 0 255 255 0 46 0 202 0
    147 255 220 2 246 62 255 64 32 229 63 255 35 148 0 255 241 165 48
    255 12 182 255 0 85 255 0 255 203 100 255 206 255 169 158 255 194 51
    49 202 87 110 79 0 137 193 139 194 171 0 196 203 0 69 142 46 0 84 28
    219 237 59 255 255 17 255 111 0 255 255 13 255 255 255 12 255 148 15
    80 0 0 8 253 0 255 16 229 101 0 0 255 114 43 255 49 0 255 255 211 15
    255 255 209 37 90 255 76 195 146 195 0 220 255 255 114 255 233 11 0
    206 97 0 44 255 169 106 20 255 255 251 194 0 88 0 2 255 213 255 0
    174 238 0 161 34 78 255 151 255 108 235 112 1 235 224 0 0 238 94 0
    159 156 93 229 68 0 175 103 51 255 177 255 2 41 41 0 0 138 75 255
    253 30 142 100 244 206 0 255 0 189 255 100 47 0 149 255 203 0 12 0
    109 171 255 176 237 0 22 170 3 20 248 60 255 0 255 4 159 0 0 11 156
    202 249 144 0 197 220 4 7 234 0 0 213 255 13 91 255 0 255 91 0 255
    135 88 1 249 255 255 189 255 172 0 188 145 0 0 197 0 123 255 255 255
    0 173 136 0 106 107 255 255 76 255 194 149 80 141 235 0 0 199 0 0
    177 104 163 24 11 177 126 87 50 167 0 32 117 255 187 0 255 255 0 75
    227 139 24 101 83 0 192 74 116 0 162 255 131 211 57 255 255 148 63
    202 255 127 255 2 193 165 0 255 116 0 253 84 186 6 250 204 16 127
    255 255 255 255 21 255 0 93 83 255 255 255 0 83 255 208 86 121 21
    234 152 25 195 0 255 111 150 255 255 200 137 255 100 197 16 0 255 34
    255 177 143 71 27 219 224 148 144 61 0 98 211 14 31 255 29 56 20 71
    57 255 249 22 255 239 87 225 64 85 223 82 0 0 255 59 203 231 255 53
    234 3 255 61 29 255 83 58 255 12 180 0 0 68 49 255 0 193 255 11 177
    28 255 202 180 110 237 48 112 46 116 51 0 255 0 255 254 173 196 255
    98 98 55 157 255 248 255 76 0 161 53 63 71 0 48 40 255 212 97 123
    255 84 0 207 166 184 66 0 138 0 0 174 208 106 212 255 201 155 168 10
    209 255 194 0 126 0 255 86 255 123 124 120 20 43 36 169 0 153 236
    255 14 6 136 0 154 21 0 163 154 0 144 121 0 248 204 14 112 0 255 53
    6 255 85 172 103 98 219 35 164 83 29 106 177 0 255 192 255 255 255
    143 240 255 174 6 39 16 110 0 230 247 255 255 225 0 225 0 192 0 255
    0 255 255 44 90 0 142 72 235 205 231 255 240 0 255 0 255 224 189 100
    220 97 0 217 255 125 129 101 16 255 217 0 0 188 255 0 114 153 0 0
    206 155 50 78 0 176 137 194 255 224 46 255 92 185 255 200 255 94 0
    222 45 38 255 139 56 193 129 202 255 245 213 239 107 193 147 114 0
    163 0 179 255 92 140 255 16 7 0 88 0 0 0 0 255 11 24 255 215 255 89
    0 0 116 13 205 129 255 74 228 31 50 179 255 0 153 114 10 38 5 255 89
    255 155 51 203 0 0 0 109 141 255 255 59 139 230 128 255 0 89 91 255
    255 90 147 66 255 1 189 205 0 0 0 0 219 201 64 255 255 127 244 174
    235 244 49 50 71 231 63 67 29 236 222 0 4 84 122 126 84 0 244 0 239
    142 255 0 255 59 255 255 0 38 0 255 173 83 149 174 95 181 255 34 250
    144 0 161 255 255 109 3 213 247 201 255 128 116 178 189 124 0 255
    255 171 46 0 255 49 0 145 199 216 253 236 0 255 203 0 99 69 5 255 30
    255 0 203 234 58 198 156 122 86 138 165 83 92 0 48 0 255 125 135 47
    30 119 122 23 0 83 42 0 148 115 0 198 0 0 255 44 83 0 245 144 115 0
    173 255 0 255 14 144 61 238 33 0 180 153 91 255 125 0 0 255 246 34
    209 255 63 255 0 255 85 103 0 0 255 246 0 255 72 1 0 108 0 0 0 14
    149 255 217 83 228 94 203 240 0 27 178 0 255 175 4 255 44 255 0 223
    64 0 98 50 64 255 235 194 255 126 0 0 189 0 255 214 0 43 76 33 152 1
    254 255 0 231 224 254 87 32 17 255 255 0 179 202 255 255 173 193 89
    29 190 0 96 252 122 255 255 105 190 0 135 255 80 112 44 0 136 152
    255 145 0 255 0 0 0 255 104 255 248 251 255 120 255 255 28 255 0 255
    24 255 30 167 153 255 65 18 13 239 228 16 255 146 68 92 255 255 52
    113 7 27 0 220 33 25 148 63 34 0 0 194 112 0 31 19 121 255 139 255
    215 218 255 245 217 144 107 74 72 13 246 0 255 103 255 0 76 255 71
    84 207 107 255 190 55 255 210 172 255 5 255 255 128 187 0 0 85 0 98
    0 214 0 255 255 0 77 0 52 255 96 255 69 253 255 130 115 224 0 0 184
    255 0 36 35 76 170 0 255 255 84 255 250 21 255 255 183 103 0 158 92
    0 239 154 255 255 40 164 108 0 26 0 103 255 153 0 245 255 114 123
    255 255 224 1 255 0 0 108 35 214 253 255 185 230 102 0 255 125 15 38
    0 57 0 0 193 86 0 255 121 228 219 231 151 117 227 229 85 137 107 35
    255 146 168 190 255 0 0 239 144 236 60 4 255 255 158 142 255 0 183
    150 56 60 181 225 43 86 176 6 255 236 135 70 200 255 0 0 0 255 0 20
    177 0 204 255 255 221 0 255 0 8 255 255 255 51 37 35 93 0 9 185 255
    95 128 253 255 198 0 86 19 13 3 162 244 181 200 255 154 104 41 57
    110 0 137 162 123 0 0 255 106 255 83 206 255 30 0 161 84 0 10 0 0 41
    247 146 0 34 0 0 62 153 0 190 216 109 179 100 255 222 190 118 98 236
    162 241 255 224 189 234 0 255 96 255 255 67 29 0 86 68 0 0 197 0 22
    27 249 0 223 21 254 97 0 153 255 0 100 238 232 231 171 99 16 39 255
    0 0 255 255 131 255 16 0 0 255 93 138 154 0 255 0 128 165 31 219 255
    255 179 240 255 207 4 0 255 44 170 217 189 76 255 165 149 76 255 163
    0 255 212 187 83 12 51 48 11 192 255 138 48 255 0 0 125 99 0 18 133
    247 52 76 0 255 151 143 135 231 0 250 136 255 193 98 159 58 9 63 124
    255 255 255 0 255 14 0 0 204 0 25 255 255 76 56 0 117 98 255 201 189
    0 236 57 13 255 255 255 4 0 98 0 85 109 255 92 90 119 255 175 10 0
    182 40 150 0 75 216 39 106 244 0 160 0 169 23 54 22 195 79 235 0 0
    101 135 254 45 0 0 161 255 197 204 157 200 0 187 231 255 0 0 72 255
    44 225 68 36 113 255 255 72 0 1 179 187 255 39 105 23 252 110 142
    193 192 34 191 255 255 18 18 169 255 251 30 176 1 169 43 194 8 132
    127 167 83 42 44 255 171 0 232 134 197 232 65 176 0 194 217 0 25 182
    171 188 84 29 251 255 124 45 182 84 228 255 236 255 69 0 255 247 139
    182 102 38 120 0 62 192 237 115 151 210 160 0 0 0 78 230 184 165 0
    72 240 255 255 206 0 151 0 255 0 0 255 18 251 16 66 200 252 247 241
    255 255 221 92 193 188 214 255 126 23 122 86 10 0 255 57 255 255 71
    0 215 0 199 255 188 199 113 255 0 79 169 0 0 150 0 153 191 255 0 136
    137 0 209 48 255 0 250 150 155 0 156 126 240 143 29 57 255 255 16
    255 80 255 247 99 255 50 63 156 255 201 117 193 206 109 119 177 0 42
    0 175 68 0 0 64 36 25 191 0 198 95 142 255 255 26 0 255 253 255 196
    226 0 0 62 218 212 141 171 255 0 162 157 207 255 0 84 0 162 23 244
    236 90 248 178 10 80 172 32 41 255 0 115 245 183 159 151 255 172 223
    255 159 255 183 255 213 0 0 77 87 70 255 255 206 255 121 209 53 13
    146 52 183 230 32 240 138 167 96 245 194 0 135 135 0 0 255 0 100 215
    238 255 0 162 0 227 255 0 249 255 255 196 0 255 208 255 0 15 72 255
    11 120 135 176 255 109 208 255 128 255 9 0 255 0 148 203 130 255 255
    234 174 157 165 84 0 155 130 124 86 12 64 153 24 122 22 89 249 122
    87 161 96 174 206 172 56 0 205 168 91 0 255 220 153 0 208 0 255 161
    184 0 39 14 244 0 0 0 0 112 113 60 255 255 60 135 255 255 1 121 166
    252 246 237 0 0 134 90 148 208 255 0 119 255 0 187 67 0 44 94 255
    182 255 255 49 204 23 248 189 184 30 195 255 200 0 96 143 255 124 0
    255 255 0 255 177 34 255 49 193 252 0 214 237 0 11 0 161 234 150 255
    98 255 163 39 255 255 215 107 36 0 153 84 255 200 255 0 81 233 0 255
    32 255 255 0 0 154 234 0 102 0 0 0 230 0 5 107 99 211 0 179 229 0
    147 56 113 55 242 138 138 255 185 248 84 0 81 121 60 0 183 255 0 159
    235 0 127 154 4 181 0 13 7 255 19 56 255 255 0 13 255 255 0 171 255
    104 150 255 0 0 255 0 0 0 134 91 172 255 151 61 84 0 255 0 0 176 255
    126 8 54 249 65 255 255 131 255 0 241 122 71 138 55 205 220 18 0 244
    143 0 104 255 0 255 28 244 0 255 0 255 31 85 34 255 255 145 6 102
    255 255 0 99 186 0 0 181 230 114 69 20 153 176 233 0 177 255 255 255
    72 255 29 255 99 214 255 117 17 255 44 221 204 0 182 220 255 0 223
    220 0 201 161 64 0 124 255 78 255 116 117 99 0 63 227 14 37 173 0
    247 255 255 154 255 66 0 138 255 0 0 223 177 34 255 60 240 255 30 0
    52 171 141 192 165 77 175 86 102 0 255 133 238 0 0 196 0 24 125 238
    255 231 64 200 235 26 0 255 255 255 217 255 255 255 255 255 243 255
    173 255 148 226 195 0 104 21 249 223 0 18 75 17 0 165 0 255 255 255
    24 214 255 93 175 238 30 126 255 255 33 38 255 245 102 233 255 3 0
    243 57 68 221 255 214 0 76 203 7 125 221 114 0 77 0 155 120 143 255
    255 255 0 155 145 71 152 218 240 255 82 193 243 255 131 0 164 255 0
    255 255 124 255 124 0 175 0 83 83 65 221 168 162 255 251 18 183 0
    146 85 224 196 255 75 235 108 0 0 146 47 215 255 102 41 202 110 0
    203 0 161 0 103 0 255 86 134 148 186 204 200 172 112 85 174 106 0 17
    77 148 255 41 255 67 173 197 253 97 255 248 156 255 2 43 176 242 0 0
    2 100 255 255 107 255 226 255 0 239 0 0 69 44 86 45 105 161 239 149
    255 202 178 246 0 203 86 31 255 229 255 240 202 0 255 37 136 255 144
    18 135 255 0 128 150 165 84 40 5 190 149 0 45 0 0 89 234 204 255 255
    244 255 255 242 147 17 12 122 238 0 255 127 162 0 151 0 118 151 134
    68 0 217 255 255 107 42 232 233 59 0 0 255 0 0 255 150 181 255 90 0
    252 124 166 139 176 42 141 144 0 0 159 255 255 255 141 145 72 87 132
    39 213 0 39 118 0 34 143 0 255 222 223 188 171 0 92 16 82 66 103 191
    12 34 41 216 225 255 160 41 133 255 147 255 73 255 255 120 123 54 21
    72 185 255 60 255 218 118 255 171 234 96 211 20 78 137 255 0 132 227
    121 255 213 255 0 201 120 135 0 0 2 255 0 114 194 255 0 0 0 252 204
    28 216 204 102 147 186 178 0 238 63 0 255 67 0 32 109 80 70 132 62 0
    255 198 101 215 193 0 163 230 39 40 24 207 31 201 89 246 234 0 255
    116 158 36 1 68 35 255 9 204 149 103 0 110 217 0 192 0 105 255 141
    131 244 0 66 69 66 233 122 255 243 0 223 204 0 251 6 172 132 0 253
    211 77 255 255 0 255 234 18 22 139 238 174 255 0 0 255 255 249 252
    196 203 255 117 0 128 255 255 109 215 182 133 255 170 201 28 155 127
    91 71 255 255 0 72 0 255 188 73 106 255 255 169 235 84 213 145 43 22
    21 0 0 0 50 255 0 0 34 199 96 0 255 47 175 139 244 37 0 165 185 0 0
    255 13 109 0 232 55 0 107 114 183 186 67 255 0 0 255 70 98 154 16 95
    87 26 199 255 135 109 251 0 255 214 0 88 255 255 172 239 26 0 209
    255 0 0 28 255 255 29 120 0 255 116 0 255 255 99 0 221 255 0 0 57
    231 0 0 64 255 149 0 132 178 255 87 255 43 33 255 18 255 0 205 135 2
    144 255 18 0 0 255 0 0 255 0 0 0 255 0 0 38 0 0 92 82 188 145 138
    255 172 31 170 0 0 255 27 148 0 255 0 34 255 90 102 31 152 248 181
    255 0 0 140 0 0 104 255 86 73 54 192 23 80 36 153 216 255 197 174 0
    132 1 229 123 120 122 236 123 125 255 19 30 255 153 65 0 47 0 0 255
    0 120 252 79 254 0 239 128 255 0 255 255 0 142 255 223 255 254 26 0
    255 255 79 102 255 0 72 0 95 69 0 255 0 198 0 0 255 20 0 146 255 116
    255 122 79 255 179 3 0 0 85 255 94 255 255 255 255 97 0 0 243 199 84
    255 27 201 255 138 63 244 232 100 196 0 111 0 235 255 255 164 112
    245 51 85 220 255 211 173 159 32 59 94 0 185 123 242 117 92 255 191
    0 189 129 153 148 109 255 113 255 112 64 220 0 25 209 162 0 15 33 0
    189 255 255 89 121 0 172 255 244 222 255 72 37 191 125 35 217 67 9 0
    87 192 198 71 255 255 0 98 0 224 246 255 255 255 234 163 102 33 0 96
    188 0 93 137 46 255 0 203 255 255 209 90 170 255 218 247 0 145 108
    51 121 0 57 19 169 199 78 47 0 0 0 0 187 0 29 42 0 250 255 182 95
    232 52 0 55 0 124 99 255 208 147 186 255 255 255 255 236 41 0 73 125
    0 214 115 246 0 6 128 56 44 255 90 214 181 255 255 58 75 230 255 74
    160 255 8 61 225 228 0 72 199 80 214 191 89 255 141 93 0 0 255 45
    255 31 0 216 0 0 0 0 250 92 158 49 72 183 220 0 58 115 248 255 255
    255 199 38 93 120 13 31 219 0 111 250 0 48 59 141 0 255 94 191 255
    143 172 255 0 4 51 0 0 76 0 0 217 255 0 0 99 131 96 0 86 173 0 255
    255 255 17 254 223 101 11 82 255 255 255 255 223 94 143 255 169 158
    255 255 122 52 236 79 0 255 255 84 127 255 81 201 0 218 158 0 36 46
    255 171 0 207 255 30 231 211 206 202 105 0 0 123 255 82 255 253 195
    149 252 255 217 130 0 255 230 32 30 0 181 0 0 101 0 43 0 195 198 20
    255 20 95 133 255 255 247 0 125 213 61 221 255 0 0 221 255 46 61 255
    146 0 100 255 58 185 19 255 255 158 255 106 205 217 165 152 0 0 121
    0 213 0 0 204 129 76 255 124 109 48 255 104 0 255 75 243 114 0 255 0
    0 10 255 5 0 222 255 187 0 205 36 80 255 0 91 0 233 39 220 255 255
    252 179 255 255 82 15 58 0 0 226 255 100 233 0 9 0 197 165 0 255 129
    126 151 129 0 255 194 84 255 0 21 228 0 0 62 10 62 196 155 38 84 67
    255 0 50 255 124 0 68 120 255 211 170 255 179 255 0 255 255 186 255
    14 0 137 177 63 9 31 113 255 255 46 105 246 224 27 255 95 58 3 29
    145 87 165 255 255 123 255 255 16 247 71 130 229 170 97 111 193 225
    0 45 253 23 118 220 83 136 1 0 255 97 255 23 38 79 46 255 255 172 0
    151 255 135 0 83 0 241 4 255 73 0 35 209 121 0 162 99 86 155 194 0
    94 44 108 205 128 69 109 90 255 13 255 93 53 96 6 255 255 255 255
    230 143 153 166 76 93 0 103 0 25 16 79 112 5 255 255 0 89 75 255 179
    255 79 0 174 243 221 247 255 255 203 150 0 65 202 241 118 224 221
    196 0 97 0 105 255 255 195 255 255 16 180 213 255 161 100 6 128 0
    210 255 255 255 184 0 255 215 102 0 197 255 0 196 165 255 128 255 0
    208 133 10 52 15 17 0 89 255 255 70 255 89 170 225 0 231 137 2 177
    83 66 68 66 64 136 255 255 35 35 0 0 0 206 201 0 0 210 255 255 115 0
    255 157 0 31 255 139 188 194 193 0 0 0 255 162 115 0 199 229 216 154
    114 255 133 26 171 0 255 192 255 20 255 0 87 255 255 0 255 126 171
    255 0 255 255 221 36 211 255 243 255 255 255 230 57 132 0 162 255
    181 255 0 104 100 243 0 232 208 125 50 50 255 0 199 10 205 106 146 0
    0 0 195 171 149 10 0 0 255 255 255 0 0 255 64 78 66 255 65 255 255
    187 48 255 0 15 255 227 26 223 178 255 5 120 39 255 0 99 186 145 0
    219 0 110 136 0 255 255 96 109 255 64 81 190 54 255 0 0 0 255 8 249
    215 255 80 255 138 252 83 255 245 25 255 255 102 0 150 207 47 175
    150 201 255 0 141 0 0 72 204 0 0 0 255 43 240 57 137 188 77 107 67 0
    72 255 3 4 146 255 94 255 255 0 0 255 0 107 54 124 10 53 41 30 0 0
    91 47 240 66 132 0 255 30 0 75 255 0 204 246 237 255 0 175 255 136
    255 185 38 255 134 255 157 133 145 133 23 243 52 221 0 253 255 0 232
    255 255 32 85 255 255 255 110 124 159 231 255 225 233 170 79 255 103
    58 238 235 255 169 93 223 77 255 255 7 217 0 97 0 147 43 228 201 0
    210 17 29 57 115 113 58 150 112 104 66 172 0 222 115 125 206 255 255
    174 0 255 221 115 0 162 255 225 48 148 255 0 35 44 40 255 255 52 255
    255 19 255 236 177 217 25 217 242 81 0 86 150 237 23 255 247 87 205
    12 255 255 0 186 103 0 238 232 73 11 111 86 255 39 126 0 162 250 85
    17 203 124 33 43 129 0 81 211 32 0 34 157 202 45 0 249 145 0 162 12
    108 98 76 87 0 11 255 255 254 192 8 0 255 71 0 176 125 0 197 166 44
    255 109 0 0 0 174 92 255 47 0 255 0 255 0 233 171 255 145 228 0 0 12
    255 7 0 110 76 70 253 255 205 84 145 162 0 52 66 157 161 72 0 135
    255 121 0 56 157 255 234 219 255 0 13 141 128 0 0 71 190 87 40 85 16
    93 191 79 255 111 170 147 218 66 211 255 86 8 24 62 0 0 7 233 0 0 30
    255 244 17 62 0 20 234 0 255 38 108 168 0 98 0 202 255 101 114 63 64
    255 0 225 255 0 194 101 0 255 5 0 255 255 211 247 13 100 126 55 255
    0 255 62 75 76 124 230 162 67 43 255 73 0 0 51 122 255 0 32 19 177 0
    255 3 142 200 41 240 172 255 234 0 180 206 0 239 62 35 156 14 0 156
    166 163 255 0 255 22 68 247 182 3 143 80 255 0 249 215 172 255 255
    118 255 255 54 92 0 20 0 62 247 156 17 29 80 62 255 0 62 255 0 255 0
    255 48 0 0 255 0 255 172 98 0 255 104 118 255 255 193 0 230 37 22
    199 113 146 255 0 15 0 255 255 198 238 53 255 43 0 255 0 255 19 0 89
    0 205 255 0 0 0 0 13 41 112 0 200 83 255 255 160 135 84 201 37 102
    239 6 132 129 233 0 0 98 171 10 101 141 0 0 255 95 186 38 255 0 193
    232 0 28 149 83 0 255 255 255 16 84 73 167 228 247 255 255 139 224
    127 255 0 0 63 196 0 84 144 255 0 0 255 0 255 0 4 190 127 94 142 122
    154 0 63 255 140 255 45 0 16 102 196 0 255 0 245 131 228 82 0 0 255
    255 255 255 0 22 255 0 158 57 228 215 139 144 68 69 45 44 134 105
    210 0 255 8 0 255 29 0 167 117 141 21 119 0 189 195 103 0 192 171
    117 255 151 80 225 255 0 99 111 11 6 255 0 118 224 255 7 255 255 0
    111 57 73 187 0 103 120 155 30 238 255 114 191 255 21 0 255 5 4 19
    240 211 255 144 163 187 204 66 88 226 68 0 214 0 75 0 210 0 255 255
    255 225 255 74 255 216 162 255 71 202 0 253 61 200 125 255 122 31
    148 191 3 95 141 0 0 0 144 52 181 44 151 166 88 101 198 189 150 198
    62 0 188 0 255 231 0 255 42 0 127 210 0 102 255 216 215 190 255 255
    196 36 0 0 228 50 175 0 188 192 255 193 103 255 177 226 141 152 255
    191 211 255 255 251 211 255 255 0 100 255 0 0 0 100 0 217 255 135 35
    255 146 50 200 137 130 158 255 147 255 0 0 141 0 255 255 214 157 255
    255 255 8 0 123 255 166 153 42 245 94 7 201 164 255 255 80 255 0 139
    93 0 144 69 148 137 0 0 16 129 177 0 72 117 0 60 0 255 36 119 255 47
    231 32 213 255 203 205 81 77 41 255 219 0 0 214 14 255 40 255 180 0
    66 71 14 186 0 0 50 213 95 255 3 255 47 255 223 127 72 73 255 0 127
    14 100 150 0 87 0 255 200 255 255 191 0 195 134 168 136 255 24 46
    167 255 0 21 176 78 255 254 158 0 54 243 174 132 87 246 255 91 143
    12 244 74 181 0 0 0 195 181 139 0 55 156 255 95 135 27 240 175 171
    190 4 0 255 143 153 0 255 19 92 136 0 239 0 49 60 101 240 1 18 255
    99 237 0 44 161 142 0 0 190 255 0 62 162 12 215 81 255 255 189 255 0
    255 0 16 120 11 208 0 193 139 215 200 103 103 255 255 128 255 0 0
    255 76 15 255 17 255 0 0 68 37 41 38 255 0 255 255 166 50 133 103 0
    0 0 0 36 185 7 208 212 240 255 0 124 255 186 252 117 192 150 50 0 0
    193 166 71 0 208 79 0 177 70 161 153 14 255 95 217 86 0 255 4 255 0
    0 255 0 255 132 184 255 243 167 92 158 127 0 5 0 155 138 0 10 255
    121 119 178 141 214 122 246 85 255 0 255 229 0 143 28 102 255 78 191
    61 24 214 224 150 196 117 8 245 255 75 225 28 103 0 123 26 255 99
    155 3 0 57 17 138 0 73 0 172 117 146 157 194 160 0 255 0 171 36 255
    255 255 0 28 10 255 130 225 118 168 255 114 0 229 51 88 255 0 132
    116 112 166 138 27 255 24 164 152 0 46 132 0 0 220 0 252 176 255 255
    0 255 255 194 219 28 0 175 161 0 94 136 245 98 174 0 255 249 116 71
    0 88 79 163 249 13 242 102 23 255 0 138 236 62 245 0 0 9 255 0 0 197
    33 0 255 94 127 152 171 230 255 136 62 142 0 255 34 241 147 41 104
    203 255 98 142 213 0 232 33 147 255 175 237 90 255 255 0 0 255 232 0
    0 255 0 142 234 255 0 0 151 36 129 35 0 98 255 77 0 0 255 0 104 166
    119 182 0 213 121 95 249 0 254 163 164 255 244 255 0 187 66 24 255 0
    153 243 255 255 63 149 255 0 41 0 0 28 220 183 0 112 255 173 0 233
    246 125 0 235 134 214 255 0 131 255 255 158 255 224 116 29 0 169 255
    34 241 135 143 45 53 117 62 255 103 210 208 142 194 255 255 65 255
    255 0 63 149 23 25 183 15 255 57 200 156 255 230 170 253 10 182 255
    0 255 0 195 222 6 23 17 0 231 200 234 0 177 187 48 255 81 113 255
    225 255 255 239 144 10 122 152 144 184 97 127 238 0 210 0 0 53 0 174
    255 128 160 144 0 134 123 222 0 5 8 204 0 255 206 108 232 42 255 255
    0 92 80 255 250 192 255 255 37 255 234 110 238 17 255 199 255 106 0
    231 2 21 0 232 6 255 0 207 56 0 87 0 46 120 0 0 255 255 0 255 225 0
    255 0 208 160 4 0 0 255 190 16 20 194 255 0 253 0 15 0 0 255 255 255
    169 255 0 222 140 252 174 165 130 143 96 71 56 165 156 143 255 18
    255 255 217 167 159 255 0 9 255 180 198 234 0 87 71 255 223 147 8
    255 69 49 255 207 96 8 140 255 0 32 255 255 43 0 209 254 182 192 0
    238 0 175 177 255 225 255 53 0 255 255 127 129 0 0 9 0 20 255 140 6
    254 0 255 0 113 228 255 121 0 255 0 0 247 255 0 255 250 255 239 0
    255 92 60 159 0 0 81 0 211 113 0 255 255 183 116 68 169 99 255 62 87
    223 255 117 138 236 128 97 255 198 255 255 0 162 84 254 218 76 77
    120 255 16 0 45 106 39 124 97 220 255 48 217 178 141 165 255 0 58
    255 59 164 105 235 255 102 27 0 35 153 66 0 211 231 61 0 115 230 255
    0 191 0 0 27 35 193 235 115 255 254 146 63 166 62 221 255 255 194 0
    255 255 245 176 46 185 0 193 185 0 0 40 95 199 106 158 124 103 119
    182 94 170 53 124 0 192 0 0 0 235 13 42 31 255 0 27 15 255 255 2 1
    169 222 186 255 0 255 79 13 255 255 255 38 85 221 78 141 255 173 224
    0 255 0 0 65 8 0 61 148 0 46 95 229 255 0 255 0 18 216 167 97 0 62
    10 44 255 20 118 255 225 255 130 0 228 0 95 192 95 0 20 120 189 144
    255 0 0 91 91 84 0 68 70 255 58 17 232 199 255 50 0 202 104 255 221
    0 226 0 0 15 255 0 0 72 108 82 127 130 255 255 17 47 255 255 132 182
    17 255 0 96 255 220 255 164 0 123 107 255 18 255 184 202 47 188 255
    0 0 153 255 255 196 192 126 255 0 226 69 45 180 255 0 251 0 255 152
    240 255 255 58 201 153 214 0 255 223 8 207 200 104 241 213 52 190 0
    255 126 69 0 96 82 255 250 10 240 166 66 175 0 0 208 73 216 19 34
    230 45 0 74 66 255 117 99 26 101 43 251 211 0 0 163 255 7 89 167 255
    235 7 238 64 0 22 2 255 255 52 93 147 26 58 164 230 255 251 255 43
    255 42 255 219 255 224 167 170 237 255 232 133 61 0 166 127 0 131
    194 193 180 255 255 9 115 255 165 109 252 106 33 255 3 180 202 255
    255 43 166 139 255 0 255 68 0 0 0 0 31 76 55 0 255 76 255 255 0 106
    26 0 255 238 85 45 236 255 0 74 186 255 55 255 64 0 244 151 169 0
    126 98 255 255 10 38 116 47 255 255 147 114 255 255 0 255 255 0 29
    119 0 136 99 253 0 89 141 94 245 53 0 255 255 237 141 0 102 0 0 36
    53 255 135 0 58 255 133 106 255 82 252 176 205 0 192 255 135 0 114
    209 13 223 88 255 188 106 159 6 203 96 156 116 206 0 68 70 0 20 172
    255 255 145 191 255 94 170 255 0 0 0 0 105 0 255 125 238 58 92 167
    110 243 88 56 141 62 224 58 133 0 192 184 180 255 240 0 20 139 93 92
    0 100 71 206 75 58 255 36 201 235 0 144 91 110 0 37 9 218 243 96 65
    0 0 255 244 198 255 153 204 24 0 107 178 0 255 212 237 113 255 85
    255 0 255 24 47 100 97 109 221 0 132 255 112 123 135 9 0 168 188 83
    22 226 147 236 96 0 187 231 184 91 55 0 255 0 0 71 110 107 228 255
    130 136 19 11 224 135 255 255 192 212 255 0 22 255 200 0 255 90 0 0
    124 255 75 92 255 65 114 37 199 68 67 181 45 221 254 255 72 100 236
    0 0 255 255 107 255 174 0 0 0 255 255 53 56 77 166 226 255 14 183
    255 164 171 88 255 92 255 255 0 82 255 133 0 21 6 0 0 254 0 95 177
    47 255 255 255 255 215 255 26 0 99 178 127 0 255 255 117 255 200 179
    0 37 220 21 174 255 91 39 255 249 255 106 255 255 255 248 0 44 144
    255 0 255 23 251 0 48 129 0 246 154 230 252 149 150 0 117 215 255 21
    62 149 159 19 121 255 33 176 83 59 60 0 104 219 38 212 85 255 178 13
    0 226 0 0 164 101 105 255 0 117 126 190 123 0 112 197 18 200 0 93 0
    255 46 153 31 255 0 0 191 16 157 219 255 255 7 57 51 255 0 0 63 54
    195 0 33 1 25 0 104 0 210 242 0 0 0 137 2 0 0 31 203 0 255 201 255
    95 155 255 94 255 255 0 255 18 0 180 0 96 255 215 0 124 255 0 89 110
    0 254 132 255 84 0 53 40 228 0 24 191 73 255 40 95 22 0 79 70 255
    255 34 110 99 0 19 107 255 226 20 117 49 214 40 55 10 255 65 198 255
    163 31 0 54 64 184 112 19 214 249 245 252 234 255 145 11 214 86 9 0
    53 60 243 48 5 10 255 17 0 164 99 255 134 255 148 161 187 253 79 215
    189 63 11 255 100 0 107 0 255 109 96 170 136 255 180 255 169 0 74 99
    174 111 179 62 54 255 255 0 39 255 89 60 79 41 0 22 19 45 244 46 130
    196 0 208 105 210 0 79 255 0 32 202 0 116 124 22 0 212 247 241 190
    255 166 0 0 6 0 0 15 0 214 8 214 255 76 179 18 236 0 0 35 6 233 140
    166 255 24 255 255 88 255 119 250 37 124 14 203 255 142 224 210 0
    227 0 6 255 0 93 8 28 18 103 170 255 255 0 255 255 193 223 46 248 54
    94 38 62 0 251 14 97 15 57 8 255 15 177 173 17 168 0 0 141 221 39
    255 0 114 255 195 83 0 82 255 122 0 17 0 172 169 129 47 96 255 188
    51 33 38 167 42 61 255 54 60 32 0 155 161 26 192 96 0 65 0 253 0 23
    0 131 77 0 255 104 0 47 166 30 0 255 106 0 0 46 127 251 58 206 120
    145 255 0 0 0 0 181 113 117 37 0 237 255 0 42 84 93 64 255 84 0 50
    206 48 231 13 210 127 121 117 173 97 73 0 255 242 176 255 187 209
    245 175 9 85 150 0 246 255 255 82 255 255 218 255 135 225 38 165 161
    0 153 87 42 92 255 129 99 3 196 167 220 71 255 0 37 27 251 64 255
    255 255 255 99 170 255 222 131 127 3 255 255 63 107 125 255 0 57 0
    255 0 161 0 52 255 113 249 121 255 46 37 167 0 0 90 0 255 255 109
    255 195 160 255 174 220 0 255 0 35 218 0 62 92 208 191 172 179 17
    151 0 9 122 11 0 76 0 255 87 94 255 95 3 164 191 85 159 119 255 210
    124 255 255 255 0 21 245 170 255 197 0 255 0 255 255 0 118 69 255 0
    169 0 118 255 113 14 192 5 0 255 154 133 76 225 232 0 108 0 0 40 143
    135 105 0 168 255 255 41 2 183 255 0 26 68 134 0 255 255 96 0 144 49
    152 65 49 255 120 121 82 140 215 255 255 89 244 255 0 130 0 145 235
    74 0 17 201 0 220 56 183 0 0 0 134 252 18 146 0 74 110 62 255 255
    188 250 217 116 21 200 167 163 255 226 199 71 0 3 202 191 0 168 212
    0 124 255 255 15 198 54 13 0 208 207 81 65 0 55 0 255 0 254 250 0 70
    255 15 0 0 255 255 27 0 59 105 63 129 204 176 0 0 223 59 255 0 137
    116 187 93 0 64 0 0 149 255 156 83 255 0 117 172 0 30 203 90 238 35
    18 71 6 0 61 91 136 203 11 127 131 0 0 120 175 47 82 0 96 0 255 210
    206 4 0 255 255 60 126 0 8 247 53 255 59 52 255 191 0 137 13 36 110
    255 0 0 208 1 255 255 255 243 0 2 196 3 0 0 255 255 0 255 255 29 15
    63 109 0 0 0 0 205 123 36 255 255 246 227 0 123 136 194 0 0 255 251
    104 207 255 250 0 255 67 52 159 200 51 243 255 212 181 218 89 136 0
    198 1 132 255 41 186 255 110 168 255 0 74 0 141 255 10 255 0 90 210
    0 161 239 78 0 255 255 0 17 22 255 219 70 91 255 207 10 0 85 89 129
    238 255 72 255 255 133 226 191 173 0 83 112 109 131 0 63 0 123 255
    130 200 238 0 255 255 245 141 186 255 0 210 0 255 233 0 0 103 0 104
    0 255 125 209 67 154 29 128 255 112 255 163 115 255 255 230 255 255
    100 94 23 0 255 255 158 14 217 147 255 228 157 125 138 120 255 226
    226 255 218 105 218 0 47 230 0 77 142 0 187 243 91 146 0 192 0 72 11
    78 255 195 171 0 0 95 255 0 229 249 11 255 0 255 99 55 255 170 80
    255 18 156 207 79 65 63 12 132 187 0 124 69 18 255 8 141 197 144 255
    248 39 214 255 222 24 0 255 0 25 0 132 25 193 0 183 0 0 255 0 249
    255 65 180 255 22 101 0 67 48 255 0 0 122 212 143 255 179 86 214 84
    251 0 0 0 32 0 0 186 179 238 13 122 0 200 128 208 63 107 93 254 7 4
    213 80 79 97 20 99 255 0 87 14 68 255 255 246 8 87 255 0 16 255 255
    0 102 216 230 92 0 33 255 211 0 83 242 187 0 169 80 31 232 145 13
    255 255 151 215 186 126 0 117 0 50 211 133 238 255 0 228 94 255 255
    81 238 154 102 26 59 38 0 140 82 0 255 131 255 75 239 116 222 255 0
    255 0 155 42 119 57 247 255 255 122 201 95 0 201 135 162 255 255 0
    255 147 0 255 100 252 37 86 8 69 13 216 0 0 16 78 254 133 164 54 101
    0 0 201 159 0 140 156 253 63 151 22 32 139 255 163 77 112 0 148 97
    255 0 70 255 53 228 178 77 216 0 255 0 223 255 240 243 106 88 255 83
    255 9 255 255 217 15 206 0 13 18 54 255 222 117 249 205 248 0 0 214
    255 122 163 255 31 0 222 117 85 70 244 5 50 170 88 75 22 0 229 255
    24 0 255 0 117 255 221 216 0 255 246 228 0 4 142 255 193 210 141 83
    103 255 200 227 79 116 168 255 30 255 134 0 251 0 90 0 218 201 0 255
    209 188 0 102 246 222 239 128 235 255 169 255 217 0 46 66 35 162 142
    0 255 138 255 235 62 71 70 0 0 37 255 114 255 101 0 119 139 255 203
    0 255 0 0 255 117 255 0 84 59 142 220 161 255 146 255 180 140 255
    111 0 0 182 0 0 66 0 101 13 255 98 255 255 177 11 255 169 229 255
    215 102 16 0 0 200 0 14 23 186 30 75 68 240 0 0 201 88 146 157 138
    52 158 154 84 0 139 220 26 92 24 244 0 0 225 255 255 255 155 99 184
    8 0 186 255 7 0 100 0 204 0 91 112 231 255 42 69 0 183 234 141 107
    255 234 0 0 255 0 211 47 0 97 0 121 255 161 106 87 109 0 24 0 39 128
    50 133 160 177 0 101 0 224 190 0 0 134 37 189 215 255 255 131 214
    104 252 224 255 150 147 255 76 213 212 0 0 202 0 79 255 206 24 255 0
    147 247 255 211 255 90 170 192 200 178 255 159 143 227 66 85 211 182
    255 255 255 255 6 0 1 97 88 215 133 255 56 0 15 255 178 0 14 165 162
    0 245 255 223 63 234 255 130 165 142 255 144 158 255 0 0 0 0 255 30
    34 255 255 255 255 243 255 135 0 86 0 190 5 44 163 140 255 8 43 255
    255 28 0 165 130 255 255 255 255 92 0 255 255 0 255 157 211 120 212
    16 0 255 124 182 215 168 255 245 0 173 0 255 255 255 130 255 255 237
    210 170 100 0 97 233 255 0 255 0 63 222 188 44 173 106 193 226 21 96
    150 239 255 34 189 189 187 240 0 7 50 0 0 165 149 17 181 20 61 120
    143 57 88 148 153 170 255 46 219 180 225 159 89 255 83 117 175 0 140
    0 65 48 121 92 212 255 0 0 227 9 171 0 59 0 12 48 253 56 255 27 240
    41 18 142 255 255 255 85 143 240 186 137 4 90 158 13 160 241 111 29
    96 255 0 217 171 237 147 255 255 34 255 149 0 192 74 82 146 225 106
    255 3 238 190 134 166 0 44 226 73 255 0 255 169 184 166 0 121 203 0
    0 238 140 16 255 109 255 0 25 255 56 168 230 173 130 0 0 164 0 0 40
    255 255 0 100 255 0 218 140 97 120 0 102 255 88 150 25 41 156 255
    146 91 0 126 234 255 135 0 255 51 180 0 115 0 98 103 255 255 84 0
    255 255 81 0 163 135 100 249 244 220 121 130 248 175 134 130 61 37 0
    255 64 193 220 60 17 96 255 255 138 172 48 255 111 129 255 159 78 31
    159 238 158 255 255 234 226 0 57 14 207 139 255 0 215 0 236 157 0
    207 183 0 213 75 255 29 210 88 0 28 0 235 90 0 255 82 177 29 234 47
    85 169 58 89 254 79 34 0 161 75 44 192 255 226 98 22 128 0 0 230 134
    83 131 255 0 32 198 0 255 54 159 96 129 97 0 255 14 156 42 40 0 201
    255 73 0 78 255 0 167 236 146 0 197 0 225 92 165 255 24 43 112 60 35
    0 0 0 116 36 63 44 141 0 191 255 0 167 128 0 122 0 96 0 0 138 191 62
    0 0 148 0 55 43 255 156 216 0 0 238 99 22 104 145 222 0 103 26 0 255
    88 39 0 0 81 0 255 254 229 19 5 73 255 104 108 255 166 216 0 18 101
    0 248 0 255 231 116 0 255 0 14 255 243 32 87 0 0 255 165 85 255 255
    255 48 169 72 0 0 10 0 131 124 62 195 139 86 60 0 0 212 238 151 26 0
    35 0 63 56 113 53 0 255 255 83 241 205 22 36 167 42 0 57 255 255 191
    35 102 194 0 0 187 163 23 156 215 186 255 132 0 115 244 224 0 96 94
    0 255 78 255 60 232 101 255 155 243 29 59 255 97 255 255 193 142 39
    0 243 49 127 254 6 77 0 54 94 56 163 255 83 0 255 202 23 128 255 184
    186 253 159 232 14 43 0 109 255 0 0 134 150 255 100 255 255 237 103
    182 152 94 255 158 181 71 84 255 255 0 168 0 0 178 129 48 255 59 32
    142 178 12 255 136 15 255 0 0 0 255 222 10 0 101 0 255 244 255 249
    115 255 99 242 255 3 141 240 132 233 0 31 255 190 0 255 42 10 166
    255 152 176 50 255 1 70 255 255 0 171 255 0 0 255 33 144 255 213 129
    12 251 116 0 93 143 0 0 0 20 203 194 118 255 255 166 215 106 0 0 229
    55 217 255 0 156 67 0 117 243 0 0 71 0 171 255 139 85 71 172 7 0 32
    228 88 255 74 158 218 67 44 10 77 0 157 102 255 231 32 255 76 255
    242 66 255 0 67 203 231 250 255 217 174 85 255 0 175 255 55 0 4 19
    27 0 145 0 158 116 41 236 96 110 136 143 0 34 177 131 254 255 20 248
    233 171 159 55 81 172 212 211 78 153 0 53 0 255 0 25 255 0 255 13 76
    196 197 0 142 201 11 58 255 0 65 255 129 126 168 58 98 0 166 159 255
    230 227 0 86 242 25 93 176 245 107 255 38 0 0 182 218 145 249 159 81
    239 122 255 3 255 0 7 116 110 211 243 120 24 85 107 0 255 118 128
    255 174 52 0 120 120 26 193 210 255 0 137 80 237 255 0 89 53 255 148
    222 116 61 224 137 255 255 0 255 255 193 236 255 130 0 122 91 133
    255 0 187 41 44 192 69 10 40 255 255 226 94 255 255 0 0 255 255 0 0
    255 242 106 0 255 135 0 199 0 231 6 105 255 231 0 255 46 91 7 255
    255 255 107 255 50 138 0 127 77 141 171 240 255 157 0 113 0 43 17
    255 158 255 255 184 69 0 145 201 176 0 251 255 190 0 84 252 68 136
    252 137 255 0 0 255 180 0 201 255 139 0 23 0 77 116 31 0 4 255 255 0
    163 255 0 241 97 91 117 255 255 0 73 51 0 199 51 209 184 84 188 233
    216 14 255 122 235 0 255 255 176 255 16 79 0 213 84 0 255 255 255
    255 252 0 67 18 47 255 255 0 0 199 0 136 35 0 0 34 255 0 0 0 255 181
    140 0 251 255 8 255 197 255 137 0 255 80 241 201 147 233 255 143 0
    225 163 31 0 130 238 4 155 255 10 33 255 42 234 0 12 0 255 255 17 0
    31 255 114 0 72 174 132 0 255 255 159 189 92 235 109 187 255 128 255
    187 188 16 255 14 0 255 0 151 52 0 49 125 71 200 0 0 72 0 152 34 187
    132 206 255 181 51 251 255 243 244 250 255 59 203 26 0 34 255 0 131
    255 181 170 236 193 255 212 21 91 186 0 69 255 186 246 0 108 255 206
    33 0 19 0 0 255 126 164 186 183 62 198 255 101 0 12 255 255 147 255
    226 141 255 194 255 0 111 182 102 183 255 0 255 0 46 61 85 0 57 0
    137 0 56 255 228 255 0 230 253 255 255 49 159 167 86 229 232 238 0
    103 254 0 0 0 255 251 255 0 5 255 59 203 255 89 254 255 255 255 218
    34 255 0 0 255 112 187 0 52 171 42 255 97 255 180 222 0 213 95 0 232
    0 132 0 121 41 0 178 158 25 78 219 193 134 92 142 213 7 226 190 255
    124 0 210 243 108 112 255 255 0 255 255 73 74 124 122 214 117 42 242
    80 0 255 255 184 77 255 139 17 172 35 255 141 255 255 229 255 0 255
    37 166 0 124 86 0 0 133 86 0 27 255 23 64 255 255 181 0 14 255 223
    231 244 139 43 22 229 33 0 255 215 117 255 107 89 255 47 255 227 0
    41 0 25 255 62 27 173 226 255 237 0 67 101 25 42 202 37 62 255 216 0
    0 255 97 148 96 0 255 206 87 255 25 160 55 255 119 0 149 0 146 255 0
    255 145 123 46 237 255 172 39 255 241 2 255 37 255 77 141 255 10 153
    255 0 255 235 206 9 207 211 194 32 0 129 0 70 209 0 0 168 12 157 0
    131 191 61 0 55 132 92 0 0 0 90 241 0 70 255 249 58 206 255 185 23
    62 64 0 235 81 255 109 100 43 0 255 0 0 188 41 0 12 36 36 255 133
    255 214 123 0 0 38 130 247 255 149 203 55 255 255 255 237 255 147 1
    119 115 179 76 121 40 1 219 0 158 101 69 173 97 80 122 149 18 0 156
    124 140 0 109 112 194 22 125 255 151 255 255 0 255 255 235 0 44 77 0
    94 224 3 255 180 193 129 111 81 230 0 86 60 248 129 0 220 5 126 227
    35 210 136 97 0 79 110 0 11 0 187 236 0 255 54 209 0 224 148 23 47
    133 94 173 135 60 12 255 26 138 253 255 0 255 150 137 0 255 122 0 15
    86 31 180 151 0 255 255 61 0 255 57 197 78 195 88 100 0 56 45 157
    185 0 0 255 167 226 30 4 255 0 170 20 0 22 255 252 244 254 255 98 92
    144 255 255 255 190 101 0 56 27 104 203 52 27 68 137 245 222 98 0 0
    0 159 74 249 0 255 39 136 238 0 255 0 255 250 49 83 0 114 57 156 32
    255 43 10 255 255 255 230 115 160 239 203 144 117 38 113 255 184 151
    255 255 114 25 128 255 108 0 96 251 194 247 84 0 66 255 255 0 231 0
    105 49 255 19 44 255 158 255 0 255 0 251 54 103 91 71 98 255 202 47
    179 170 18 255 0 255 240 228 216 37 255 0 229 255 0 200 227 255 76
    75 255 74 143 0 88 12 158 255 3 255 134 201 162 82 255 159 0 101 13
    0 115 181 205 146 157 132 141 73 178 0 215 119 43 0 15 255 166 255 6
    225 182 195 0 220 0 204 0 210 205 159 255 85 255 52 12 170 208 113 0
    147 255 0 0 81 113 145 137 126 255 113 0 187 212 191 255 199 107 255
    255 114 26 200 104 138 202 255 241 125 140 255 255 247 255 81 0 255
    213 41 255 40 90 255 255 255 65 151 125 65 197 255 76 242 0 66 255 0
    126 31 216 255 87 129 255 182 26 141 105 98 26 109 101 218 0 175 34
    152 44 89 216 239 122 122 255 52 164 200 38 202 43 156 149 67 234 57
    255 45 191 82 87 22 178 255 0 99 151 0 255 35 0 254 69 136 35 200 84
    0 176 173 131 229 243 0 168 87 133 223 128 199 139 41 135 0 255 255
    160 255 0 255 196 0 159 63 239 0 43 4 66 255 0 255 34 27 156 4 174
    183 255 209 69 0 10 53 185 83 11 141 0 253 78 163 255 102 81 13 49
    69 60 20 255 204 25 90 140 0 255 96 163 255 44 255 186 82 11 28 0
    255 198 0 255 151 153 254 5 161 45 112 172 255 255 34 13 204 103 54
    255 0 255 103 0 56 24 0 224 192 0 43 79 255 0 225 110 149 141 87 71
    240 255 207 3 135 104 49 255 0 145 124 0 210 255 11 255 75 171 255 0
    255 255 255 234 129 255 226 0 255 45 198 0 195 76 7 122 201 95 255
    104 0 255 0 17 255 202 255 0 32 228 26 255 0 110 0 60 0 109 255 255
    0 255 220 52 255 14 208 255 0 109 166 0 0 63 56 255 210 189 0 0 119
    68 255 103 255 188 32 167 0 65 183 15 158 255 224 167 0 255 255 255
    92 203 55 255 208 111 124 177 255 255 85 69 255 0 108 118 245 180 36
    150 166 21 136 255 30 214 94 0 0 244 18 255 34 78 40 177 85 61 222
    230 151 120 111 166 185 188 204 255 255 255 255 209 255 254 0 1 244
    165 139 213 4 62 192 235 6 255 33 0 255 89 198 0 0 255 0 170 255 255
    0 115 138 0 177 157 255 69 0 142 79 6 0 0 238 0 15 95 0 91 255 255
    255 156 205 221 92 243 182 220 213 0 147 213 211 153 0 255 0 0 75 0
    104 255 248 79 255 131 0 71 229 204 31 255 95 255 255 255 255 42 116
    154 116 45 201 88 98 0 255 38 142 0 0 255 236 163 50 255 129 2 45
    191 0 233 248 0 29 241 195 45 213 23 189 0 0 125 18 245 255 56 0 255
    0 227 196 83 218 140 218 255 0 0 176 216 152 98 207 171 229 128 0 28
    0 0 74 12 105 52 242 158 142 97 255 255 255 255 226 255 162 0 255 91
    178 112 255 246 44 1 0 0 169 0 102 255 170 0 88 162 255 210 27 0 6
    84 9 0 231 64 39 96 0 21 0 237 29 0 255 0 241 0 150 133 255 179 55
    118 94 0 179 230 255 190 13 88 96 0 255 227 0 214 57 255 124 206 0
    122 80 0 168 105 0 116 218 0 204 165 255 0 52 10 20 255 187 255 83
    217 84 0 139 0 108 242 15 240 52 0 170 255 255 189 71 184 139 98 138
    144 166 147 110 87 81 222 197 0 255 0 159 63 255 95 99 69 25 0 90
    152 252 51 172 0 0 188 255 186 255 53 78 255 217 203 255 117 13 122
    131 20 0 183 0 0 36 243 99 255 236 27 218 255 105 174 188 56 204 188
    45 255 227 0 0 91 255 255 0 20 255 72 97 34 122 0 0 100 0 72 36 0 0
    255 255 10 255 0 255 159 255 11 193 83 255 11 127 236 133 0 203 120
    255 209 255 114 255 255 165 109 0 109 0 205 186 0 255 255 218 138 35
    16 26 70 172 0 119 72 69 0 111 0 33 45 0 125 101 0 68 255 0 192 255
    55 255 220 249 100 186 16 79 59 207 255 187 97 255 0 240 61 5 255 18
    0 36 255 0 29 88 225 0 255 110 231 80 255 222 121 17 219 34 59 135
    134 255 112 219 17 15 140 105 0 0 253 255 255 57 190 87 7 255 255
    255 255 0 0 107 0 51 255 51 234 123 255 74 255 241 137 0 158 255 255
    214 123 39 248 0 231 250 172 0 141 17 14 224 0 30 255 0 0 0 0 92 111
    136 122 250 12 217 0 0 171 185 0 0 231 255 27 187 58 161 255 0 0 255
    0 255 16 208 255 0 255 236 0 141 255 47 216 177 161 54 0 174 167 203
    78 0 48 208 0 231 125 76 119 0 221 255 0 23 199 176 14 120 0 0 201
    252 0 188 176 74 121 237 104 126 88 255 143 41 0 0 165 163 9 43 159
    113 208 0 96 255 67 140 232 255 215 40 210 93 0 217 255 238 130 149
    0 255 131 103 161 17 181 20 113 141 124 245 0 243 255 176 33 0 66
    255 246 255 239 0 96 176 91 128 0 129 203 255 87 0 16 247 255 255 37
    141 68 138 213 15 255 188 0 255 0 51 24 0 59 177 252 200 52 111 0 0
    29 245 232 114 0 255 203 70 223 31 80 255 0 0 0 244 128 240 175 204
    0 255 37 114 249 255 255 255 144 255 0 26 155 255 0 189 122 55 225
    152 240 255 252 94 25 104 48 126 170 176 172 0 0 60 0 0 174 114 45 0
    89 51 67 222 255 0 148 23 73 233 38 241 0 178 165 255 35 204 255 255
    129 116 255 178 60 113 38 0 191 106 49 0 0 242 173 43 255 0 115 158
    0 91 0 183 68 3 255 0 0 11 255 131 51 0 0 0 0 255 255 0 212 69 69 11
    174 255 255 184 166 145 161 255 253 254 12 0 31 158 248 109 0 100
    214 51 255 0 130 112 126 11 46 100 115 0 228 28 225 8 236 212 61 255
    193 253 255 71 0 3 255 170 0 119 80 255 80 82 12 0 253 207 166 0 0
    201 255 0 98 210 57 112 117 27 181 0 255 161 48 25 214 255 0 76 0
    255 2 39 0 200 35 255 255 240 252 255 221 8 140 33 255 243 54 236 33
    33 13 0 170 0 255 37 201 255 255 95 255 255 221 113 0 255 199 242 0
    247 208 0 158 169 41 0 0 0 255 38 119 255 17 217 170 46 255 255 116
    156 255 174 69 7 222 78 255 194 231 255 89 0 255 255 238 0 0 255 20
    91 187 211 255 10 114 9 118 49 255 223 105 0 131 225 106 95 255 78 0
    201 0 0 165 255 255 239 255 172 0 219 186 159 168 39 255 67 0 0 255
    50 172 9 129 36 176 0 52 255 233 15 183 8 255 210 35 244 113 0 0 73
    114 255 255 0 117 189 0 20 100 250 106 104 123 255 13 197 198 189
    255 183 215 255 143 0 63 0 0 48 133 115 255 78 167 255 255 255 103
    172 175 43 57 94 21 255 194 28 63 240 156 133 236 255 142 0 225 255
    38 7 255 0 150 255 138 212 117 224 255 244 253 109 255 76 229 164 56
    29 26 255 167 203 72 46 65 100 0 37 45 0 182 132 255 27 0 99 97 255
    136 135 255 0 128 255 227 74 125 139 255 227 255 122 0 192 0 192 126
    0 0 0 0 255 162 209 255 255 0 0 58 0 0 213 6 0 18 0 255 255 5 255
    170 166 133 9 240 255 1 26 0 71 165 17 86 0 0 190 103 171 46 217 225
    29 17 0 255 0 95 66 10 245 200 151 255 128 35 141 255 255 201 35 0
    110 18 41 0 0 100 0 0 255 0 65 255 165 255 0 176 205 131 215 0 56
    147 255 0 0 51 91 0 255 255 76 89 255 85 178 7 0 148 145 46 246 133
    207 255 252 213 211 129 0 255 255 48 0 81 255 255 255 102 140 255 91
    255 0 127 164 255 65 147 255 82 169 240 100 0 6 76 3 126 0 255 255 0
    151 255 180 130 98 255 255 0 255 242 40 6 255 255 24 255 55 214 81 0
    0 70 123 0 3 255 214 5 122 255 101 230 255 218 190 0 187 0 193 59 66
    255 51 255 0 197 3 0 102 0 255 255 71 242 255 223 238 183 0 229 146
    216 40 255 255 244 91 0 13 255 204 44 33 255 27 65 26 0 252 0 226
    250 61 20 31 0 129 116 86 255 255 168 180 255 255 114 255 255 247 37
    99 0 16 255 255 255 184 202 255 146 40 255 206 255 61 0 0 0 0 214 0
    141 255 12 192 124 245 0 255 32 0 253 72 17 238 150 37 117 154 0 126
    140 177 145 199 255 225 19 40 255 198 112 4 0 254 106 238 15 0 202
    223 61 133 158 214 145 0 0 0 101 0 255 83 198 192 122 215 255 0 73
    255 93 0 205 73 0 122 80 0 255 194 255 94 0 0 255 225 0 0 255 164 95
    184 0 116 255 255 0 23 207 15 0 134 44 86 88 128 231 141 50 133 86
    203 189 120 255 0 255 40 0 186 169 111 141 145 233 0 255 0 0 0 53 45
    69 242 70 255 208 55 216 0 0 179 108 27 118 13 67 61 225 44 243 199
    39 255 62 0 18 0 45 255 13 175 201 29 0 0 0 0 255 33 255 56 229 23
    86 255 201 70 255 93 97 0 181 255 220 231 255 96 0 187 8 255 0 212 0
    0 166 44 0 0 219 158 255 46 37 159 102 20 0 17 255 240 201 58 223 19
    0 255 176 4 0 101 151 212 181 212 146 63 255 60 165 27 60 0 219 255
    180 255 7 22 148 44 255 255 25 0 226 255 205 255 161 86 200 29 94
    210 132 255 64 152 186 0 218 206 255 255 12 0 255 0 180 31 107 180 0
    0 124 33 255 86 158 0 122 255 246 255 0 83 16 10 49 255 7 255 33 108
    165 154 126 3 244 255 199 0 136 81 195 29 199 5 140 0 0 128 255 79
    251 255 130 203 242 255 255 5 224 0 0 151 174 255 255 78 0 80 255
    124 255 255 60 255 0 21 95 75 26 19 2 54 139 0 0 88 102 92 19 96 255
    230 46 25 206 168 153 43 8 0 89 111 100 142 255 36 189 0 121 239 31
    49 175 255 0 255 212 158 146 22 71 255 108 9 225 145 98 0 50 255 0
    187 0 255 255 0 28 0 102 0 81 138 99 150 255 255 13 77 0 255 255 195
    255 0 223 154 246 16 147 241 255 169 95 255 125 0 71 255 101 89 119
    0 255 84 0 255 0 118 192 255 255 41 0 150 0 34 255 110 0 171 0 100
    235 0 221 60 255 1 255 0 69 99 235 72 164 211 42 52 13 45 0 222 158
    232 80 40 95 26 255 95 255 91 133 255 51 0 0 0 255 33 124 15 0 190 0
    0 0 189 191 58 13 48 208 94 12 127 120 242 105 160 255 247 193 198
    222 10 0 228 255 0 2 31 235 19 0 161 255 23 181 255 255 179 99 0 149
    211 255 96 81 255 255 173 30 89 160 245 103 0 255 204 75 150 170 158
    110 178 0 0 184 255 144 244 0 161 52 53 76 134 0 0 124 126 163 16 17
    166 105 217 54 78 255 97 255 82 167 0 226 153 168 146 177 250 54 158
    239 182 33 56 39 255 213 252 48 255 0 221 170 0 254 35 240 0 0 0 0
    226 0 203 88 129 255 138 170 255 120 0 0 0 0 0 172 130 123 255 39 0
    219 255 243 96 157 224 0 57 204 99 67 0 223 85 247 210 63 91 61 255
    161 0 187 142 0 88 205 255 255 228 255 127 255 203 60 0 255 0 0 162
    207 48 0 255 254 0 255 233 255 0 36 255 0 132 36 130 255 255 255 235
    255 147 0 209 0 255 255 0 67 49 0 0 0 216 153 0 0 255 255 255 255
    124 255 109 223 214 54 71 137 204 0 180 0 11 255 142 235 0 70 35 248
    243 0 60 75 73 0 47 41 255 0 18 60 166 213 0 0 224 54 54 34 86 247
    125 0 2 255 0 132 103 75 211 0 105 0 185 255 66 49 255 0 109 255 0
    172 255 255 88 0 255 86 238 197 255 13 255 162 149 18 0 141 17 0 242
    52 255 19 213 46 221 0 217 0 198 255 35 169 83 255 69 138 0 218 110
    255 255 244 234 0 209 0 60 0 32 0 0 47 170 43 239 99 0 187 175 0 0
    255 139 31 255 255 0 42 220 184 0 0 31 19 211 11 232 130 12 23 53 0
    47 0 0 0 0 208 255 67 195 113 62 245 15 124 0 216 0 145 32 255 255
    255 255 205 105 255 255 34 120 223 87 245 150 75 44 255 119 58 214
    255 134 255 235 250 172 53 79 24 121 135 161 205 0 255 59 78 255 255
    28 99 3 255 216 228 255 117 102 177 111 83 68 255 27 233 255 24 200
    188 146 41 255 0 0 255 220 0 58 255 43 29 255 216 86 10 0 255 0 51 0
    239 0 239 95 194 220 0 0 0 21 255 255 0 217 132 172 255 0 67 255 163
    202 255 129 0 125 255 255 188 255 79 46 92 57 255 12 192 187 0 150 0
    198 255 17 1 255 81 232 0 59 0 36 255 209 255 63 255 255 57 255 255
    99 0 255 56 19 0 0 16 112 0 169 0 255 19 36 92 255 47 255 0 12 168
    255 255 255 90 104 241 255 255 0 255 0 58 169 21 16 19 56 0 13 124 0
    0 71 0 85 255 51 46 50 0 154 0 211 150 155 0 253 0 0 66 97 0 0 255
    52 94 130 0 235 174 125 43 142 235 255 200 25 101 6 68 162 164 21
    255 0 110 118 255 255 255 149 227 48 0 153 0 158 255 255 91 103 0 0
    224 128 14 191 207 255 210 241 211 61 182 23 254 211 177 255 0 255
    255 36 197 189 177 55 0 70 41 255 212 110 145 13 163 172 83 84 60
    255 163 201 140 255 0 54 165 0 183 249 0 239 159 192 191 47 255 254
    31 110 42 167 169 0 0 63 238 50 126 165 255 238 211 217 168 110 127
    98 155 255 255 0 44 255 255 237 41 67 255 106 157 158 168 0 0 0 0 93
    49 0 109 161 41 117 0 218 164 255 0 148 149 203 96 73 41 85 51 0 190
    0 60 16 74 181 255 255 255 255 74 0 143 0 206 0 36 51 255 136 230
    186 255 248 114 250 99 14 0 255 104 19 0 179 156 255 78 128 26 0 54
    240 213 255 75 229 0 110 85 46 255 255 144 255 59 251 0 0 156 95 73
    0 0 255 255 228 69 56 255 105 9 83 42 66 179 115 0 56 255 157 0 0 0
    206 231 7 0 255 0 74 77 255 252 33 255 0 88 231 233 223 10 116 0 192
    201 152 143 122 13 81 203 159 238 8 199 139 255 237 220 255 255 64
    220 209 114 189 0 255 77 21 243 154 220 166 212 79 171 255 146 12
    190 255 0 255 255 33 133 255 0 0 255 34 59 255 0 201 58 0 90 0 146
    220 1 104 61 255 246 75 2 178 20 0 248 255 172 255 194 126 50 199
    255 196 0 239 0 255 96 242 255 31 163 70 255 235 145 255 255 53 69
    154 19 255 239 193 83 106 120 84 64 145 232 255 255 120 0 225 164 57
    255 123 203 163 133 117 0 91 0 143 61 0 133 131 190 35 240 131 255
    255 37 112 0 57 18 255 206 169 0 255 198 202 0 255 137 255 255 255
    128 128 14 255 255 0 41 13 111 37 255 255 226 255 0 26 0 255 44 0
    198 236 220 182 87 0 255 0 0 53 236 171 72 0 0 0 65 255 196 0 0 1 0
    0 43 255 28 38 12 255 235 101 255 255 71 54 255 86 167 198 167 126 0
    0 2 0 230 255 84 196 125 0 100 255 170 115 255 221 79 0 200 9 85 244
    71 0 255 139 188 255 160 233 144 76 255 12 0 255 0 205 234 11 255 52
    106 62 0 38 175 104 0 225 0 147 88 167 180 0 255 155 199 0 255 255
    187 36 255 97 116 135 255 118 143 228 198 230 175 255 32 255 220 0 0
    224 0 255 0 255 0 184 115 107 111 0 214 48 0 237 74 255 207 167 121
    0 104 128 0 161 255 255 255 255 0 33 1 0 88 127 0 49 92 66 153 187
    255 36 44 0 56 169 78 86 188 82 0 0 146 204 219 0 0 235 115 0 0 117
    125 255 6 255 2 39 173 247 0 17 70 255 255 0 143 255 197 196 124 191
    254 160 40 229 20 86 255 197 52 0 156 255 194 129 255 186 0 234 0
    255 0 255 215 212 0 56 255 255 0 25 255 219 217 0 255 60 255 17 255
    255 188 255 0 35 253 0 186 255 235 243 0 54 172 255 42 0 111 246 255
    0 65 255 140 118 250 212 215 194 146 0 64 0 0 253 88 255 255 143 255
    202 0 147 0 136 50 45 26 78 138 0 0 228 187 0 194 0 0 255 0 49 255
    56 144 49 206 36 117 220 117 141 17 37 96 0 60 255 214 0 12 145 246
    0 109 255 206 0 255 9 255 205 152 255 60 237 136 112 75 6 0 161 55 0
    15 0 0 237 88 226 0 202 255 152 255 231 0 2 238 0 31 226 119 0 143
    26 3 255 146 255 107 255 255 190 0 255 255 0 0 30 0 2 0 131 48 249
    79 137 255 24 47 0 127 179 0 132 0 32 65 254 138 255 255 255 171 13
    0 232 0 255 216 255 155 103 185 68 4 255 255 188 235 13 217 132 0 97
    211 255 0 152 130 198 160 245 222 0 238 0 143 217 255 255 94 255 0
    233 255 169 28 30 197 172 211 43 73 11 210 255 152 255 255 255 255
    255 255 102 108 228 170 0 0 112 118 0 0 255 255 93 222 56 172 46 186
    0 0 0 99 135 81 68 0 255 255 255 166 118 255 32 255 134 55 57 249 49
    0 126 255 22 255 73 237 198 123 172 255 99 130 0 36 188 120 169 141
    0 0 71 209 82 0 0 209 51 255 3 0 239 128 155 38 225 238 0 251 255
    137 85 0 151 79 0 167 77 62 198 50 255 234 255 151 0 255 80 255 255
    0 146 0 165 234 30 59 142 0 14 211 186 0 161 107 255 11 233 24 32 62
    133 210 255 0 96 148 157 0 147 89 192 0 34 68 239 194 198 47 42 179
    222 255 254 0 102 0 195 223 255 245 26 127 30 255 0 0 0 63 2 255 0 0
    5 221 117 107 0 255 255 255 182 216 0 60 0 125 89 255 96 104 255 121
    0 0 0 32 230 209 176 172 153 131 255 86 22 39 255 254 211 158 212 0
    84 166 185 0 255 0 14 153 63 0 0 3 255 255 207 255 76 255 181 58 254
    140 107 255 0 54 94 255 255 0 107 106 223 65 169 60 135 0 0 255 92
    45 208 189 208 255 123 159 0 0 0 3 226 32 255 201 242 191 94 77 0
    124 241 58 0 199 114 255 111 154 255 128 43 110 128 0 255 59 85 255
    169 114 0 200 239 30 69 77 255 255 228 50 255 36 83 164 169 56 60
    255 255 135 34 32 77 0 0 192 0 191 145 0 175 255 201 80 236 255 17
    18 255 0 0 0 0 77 0 98 152 69 225 210 153 255 255 255 117 255 255 0
    168 0 0 105 127 255 40 137 67 255 255 255 18 0 146 121 131 118 26 0
    248 0 169 186 255 203 205 237 255 1 91 60 255 233 162 216 0 0 203 0
    224 114 0 0 200 239 255 10 222 255 122 141 0 255 255 255 0 255 112
    43 55 255 112 236 84 60 226 140 255 0 255 27 255 255 255 157 94 0
    135 76 167 63 78 70 138 0 179 158 0 179 131 175 255 123 0 70 75 254
    255 46 0 134 82 255 33 166 35 188 255 0 255 244 255 29 255 255 206
    47 135 189 114 175 12 85 255 0 216 56 131 24 0 0 80 125 154 184 177
    155 91 213 97 50 80 255 255 0 227 16 154 255 71 4 147 71 0 211 50
    139 28 0 255 24 247 0 255 18 130 0 255 0 179 255 0 35 232 59 134 0
    36 255 110 252 120 166 255 68 48 0 18 106 218 176 173 255 255 0 131
    255 0 28 0 75 255 150 154 255 230 171 177 134 200 248 0 119 211 124
    70 255 134 47 167 166 118 255 0 255 0 235 71 0 121 66 91 0 13 163
    226 29 92 180 0 255 210 255 130 123 177 255 120 247 188 255 0 223 0
    202 220 255 226 32 255 0 252 171 0 181 204 12 255 237 132 62 0 255
    206 0 255 194 255 218 0 78 0 229 255 17 0 218 168 103 236 255 255
    202 255 255 255 184 0 0 42 0 0 0 255 4 38 255 20 255 109 0 191 156 0
    145 139 186 255 224 75 212 192 255 35 111 158 0 255 103 189 226 0
    206 0 0 0 83 29 0 138 2 255 82 245 0 41 51 0 22 0 179 36 145 132 255
    0 112 179 239 255 255 106 255 34 181 110 0 0 191 248 255 0 255 32 93
    0 0 2 232 198 43 15 255 166 0 255 0 0 0 190 246 175 140 152 6 0 0 66
    255 224 126 0 0 163 11 158 0 0 29 157 39 91 158 189 255 0 209 154 28
    0 0 81 255 255 66 42 72 34 255 59 146 0 118 0 98 60 205 0 135 20 252
    35 244 241 157 240 245 0 166 255 96 0 0 68 63 63 240 215 255 201 139
    255 199 75 0 197 90 33 255 73 115 10 160 139 31 138 60 10 154 137
    232 14 0 240 80 188 176 0 77 179 112 177 255 163 111 246 234 255 141
    248 255 73 104 164 255 37 2 0 176 255 255 172 220 255 104 0 103 255
    244 174 63 255 0 107 0 149 255 150 160 109 125 247 132 83 255 255 9
    153 89 14 248 87 82 85 15 0 125 179 76 82 164 5 0 38 150 0 100 224 0
    0 0 255 98 3 188 15 233 224 107 255 255 190 39 79 28 118 149 145 107
    44 124 65 229 79 239 70 255 247 159 102 208 0 0 0 118 255 255 67 0
    116 0 255 255 0 230 255 200 50 172 81 0 33 131 116 255 68 219 0 150
    45 0 60 197 89 255 82 255 255 110 148 112 9 28 0 255 201 0 230 191 2
    74 0 179 225 206 16 32 0 209 67 36 241 255 0 255 136 0 0 200 0 255
    25 216 111 0 255 142 134 78 0 135 255 149 89 35 223 42 102 0 153 255
    215 157 134 133 255 152 174 0 0 76 255 77 236 61 6 158 255 0 255 134
    149 150 22 215 255 209 52 0 6 46 128 255 0 255 255 0 180 0 133 111 0
    227 255 255 10 82 97 45 238 255 2 0 195 0 183 255 244 154 250 77 26
    0 255 255 255 232 80 0 59 137 255 252 84 255 232 255 251 166 22 0
    210 0 227 0 48 255 101 207 0 255 31 0 255 0 34 27 56 153 0 126 122
    166 132 104 255 192 166 255 0 255 255 26 0 0 255 130 175 6 0 135 255
    166 55 255 0 173 255 27 126 39 247 249 8 0 62 255 74 0 168 192 20 15
    162 143 0 192 64 42 98 221 91 255 88 152 42 255 50 255 255 104 0 0
    255 0 227 255 143 0 180 7 255 255 140 185 197 29 102 80 255 39 181
    200 255 173 116 80 212 0 74 83 139 117 179 29 122 166 0 163 30 161
    255 255 186 0 0 255 43 18 255 255 0 208 232 255 255 245 255 254 149
    255 89 255 212 210 95 213 255 186 171 57 255 55 43 51 151 81 228 121
    0 255 121 223 255 0 157 250 47 194 255 255 0 9 47 215 104 90 42 102
    216 0 62 100 215 0 33 137 255 253 0 9 164 228 233 100 228 0 112 172
    34 255 128 101 213 255 6 255 255 122 255 84 0 255 157 207 255 0 14 0
    0 109 158 0 255 0 172 237 255 233 204 150 0 104 138 0 0 55 71 133 0
    50 68 3 181 107 255 88 139 210 0 255 137 31 19 229 214 255 0 255 249
    49 255 255 255 0 0 218 0 4 125 1 252 255 235 255 0 14 199 108 146
    255 36 117 97 49 255 0 231 217 98 1 0 222 151 22 255 0 245 155 18 0
    154 67 149 0 222 189 207 255 86 187 174 155 1 36 58 255 76 255 0 70
    0 95 255 106 83 0 255 0 255 255 107 254 255 255 122 0 236 251 90 160
    78 0 46 78 9 255 36 178 87 69 174 255 146 71 0 255 140 0 65 222 37
    29 97 230 255 42 255 163 74 0 211 126 246 115 255 60 37 70 0 7 209 0
    54 245 247 222 255 214 255 226 214 7 205 227 96 228 199 73 134 255
    255 0 0 0 188 168 158 255 206 176 239 174 0 95 12 235 155 174 255 81
    0 192 138 35 255 255 166 59 146 188 192 113 0 52 78 255 228 190 0 6
    120 255 225 255 255 158 0 255 154 12 59 91 158 144 0 255 188 143 163
    0 0 224 201 153 255 92 139 131 0 62 203 255 38 106 71 101 61 0 255 3
    199 3 255 52 210 204 27 255 0 76 141 252 175 167 255 211 252 214 255
    49 235 184 255 255 58 184 49 255 48 164 113 124 172 22 0 0 6 254 254
    4 255 144 39 0 255 0 212 203 127 41 255 135 227 245 46 0 31 205 176
    163 28 176 250 255 112 133 113 107 0 86 255 255 255 217 255 94 134 0
    31 0 232 106 0 255 44 255 128 229 183 9 240 255 0 234 0 0 255 255
    255 0 176 255 178 255 255 0 61 69 0 172 139 58 255 213 47 255 109
    255 249 0 255 255 0 39 11 120 0 92 255 84 255 182 200 154 237 148
    255 231 160 152 255 255 255 177 239 255 0 123 252 220 185 222 150
    245 113 0 30 2 121 144 255 38 126 90 255 228 0 255 229 169 90 202
    255 255 44 6 0 113 49 71 14 0 33 0 0 130 18 255 73 115 98 255 255 0
    255 146 0 253 81 255 91 226 24 255 65 0 0 172 255 35 104 132 140 0
    200 110 212 219 198 91 255 92 149 117 255 129 0 51 0 255 0 3 230 0
    18 240 0 255 246 207 104 56 174 0 164 248 41 0 83 120 68 150 243 87
    62 115 173 59 173 0 35 148 121 106 166 255 33 0 62 229 168 11 0 0
    109 194 255 144 158 35 0 0 165 10 34 247 57 156 1 186 81 0 255 190
    228 0 164 55 166 79 48 151 0 0 68 199 90 203 186 0 88 8 244 130 202
    255 81 255 25 214 255 0 0 0 147 245 150 28 54 255 230 7 113 247 0
    123 223 12 175 255 30 48 59 186 0 136 186 228 55 25 255 255 201 103
    255 0 22 220 0 68 86 21 255 255 0 255 168 111 153 0 13 255 255 255 0
    255 67 255 51 0 127 0 251 49 47 147 0 0 165 58 152 43 179 167 108
    244 163 142 0 128 145 255 235 0 0 255 14 138 0 150 174 74 6 213 255
    152 0 0 255 0 47 0 183 73 6 0 240 255 255 133 206 4 0 0 0 0 0 0 31 0
    255 0 0 0 255 0 11 0 3 0 79 62 195 249 22 177 99 87 249 12 18 255
    255 126 102 249 255 130 41 29 151 155 106 220 14 187 156 18 100 50
    255 143 104 36 229 255 0 0 185 89 192 255 32 202 80 63 110 0 0 6 254
    188 49 0 0 255 120 0 0 186 176 255 255 148 255 255 191 255 6 65 183
    255 147 143 68 255 122 34 253 47 4 255 35 0 82 15 0 72 0 196 0 204
    225 46 97 255 155 165 0 226 104 255 237 187 97 0 255 8 0 255 15 23 0
    20 0 116 209 13 74 175 0 89 255 38 69 237 0 255 161 167 184 155 0
    113 58 0 0 57 190 0 113 18 208 227 68 255 37 239 146 215 247 255 198
    110 179 255 199 229 128 0 0 0 63 213 62 197 49 255 214 0 254 255 101
    255 142 0 233 0 154 146 149 52 197 196 207 82 135 17 233 255 69 234
    255 243 96 142 0 210 168 192 180 255 255 0 190 202 255 0 239 0 214
    255 225 143 255 79 0 0 145 142 208 99 23 31 241 116 46 0 0 147 238
    244 156 0 62 255 0 186 255 196 45 191 255 255 89 255 0 172 214 255
    92 6 64 0 90 111 255 237 232 0 255 0 63 255 93 170 79 0 255 0 132 98
    253 0 57 0 237 221 193 0 76 243 235 0 157 9 120 151 224 255 199 0
    138 190 109 0 0 224 255 0 63 255 35 43 169 62 17 236 0 255 78 210
    205 0 173 0 39 132 172 255 130 0 212 230 49 255 102 121 255 27 238
    255 246 70 20 198 19 255 255 130 151 188 77 30 23 0 200 194 216 255
    161 255 107 8 18 162 184 0 26 111 0 116 0 255 0 96 38 98 198 135 255
    223 9 131 133 200 0 58 213 223 254 255 59 0 0 114 143 245 157 123 61
    87 0 255 255 0 255 255 0 227 255 185 154 220 0 6 89 78 142 184 0 91
    0 73 0 240 0 248 0 255 59 255 232 0 237 68 91 255 144 216 130 69 255
    0 156 255 255 225 100 121 0 255 236 190 0 46 60 104 147 255 225 233
    214 55 85 0 255 238 31 255 130 114 209 0 0 0 63 0 0 0 97 241 0 247 0
    185 245 255 0 0 255 255 0 0 255 188 49 218 74 108 255 242 217 0 161
    0 110 182 0 0 145 255 0 0 231 0 148 248 139 255 255 255 229 0 0 10 0
    110 255 0 13 210 232 117 0 0 35 233 255 0 0 227 10 0 255 107 0 136
    150 0 255 255 77 247 217 0 0 0 0 39 0 255 220 207 158 148 96 255 116
    0 108 232 252 195 255 91 158 255 40 0 87 108 255 8 0 27 255 140 113
    69 22 155 0 255 168 255 155 210 251 88 95 94 115 0 255 0 104 211 169
    47 255 33 0 0 0 0 143 144 184 0 8 0 255 0 141 19 166 134 79 145 236
    96 55 238 82 255 104 119 0 255 255 189 184 219 125 71 255 255 167 0
    146 87 206 32 255 0 192 162 5 136 163 185 161 6 204 87 157 214 208
    36 136 228 70 41 30 203 162 245 49 25 0 0 0 226 255 255 255 80 155
    226 0 60 157 28 255 31 88 60 0 55 255 0 255 8 0 255 216 0 229 7 255
    0 210 232 114 56 198 229 107 111 255 0 0 255 0 255 10 59 138 245 0
    13 133 255 167 42 0 108 137 198 49 65 52 89 0 255 12 245 0 255 0 24
    214 255 5 54 138 21 192 84 255 115 0 255 97 0 86 140 254 237 255 0
    174 0 206 0 0 203 41 0 255 210 228 146 138 234 197 252 143 255 255
    176 153 198 116 244 151 122 0 0 31 33 0 163 0 255 26 0 147 218 0 141
    200 168 36 77 217 255 82 0 0 198 75 156 0 58 252 55 0 150 148 118 54
    0 94 22 61 41 219 255 38 0 255 0 255 255 111 39 255 3 87 0 0 255 105
    132 75 255 138 228 207 0 255 0 255 255 36 255 0 233 126 88 0 124 76
    129 99 246 255 241 255 255 13 130 255 41 0 0 55 255 6 111 255 255 0
    255 248 0 46 255 198 64 12 228 255 115 123 197 110 90 100 5 71 0 94
    76 125 233 36 244 255 225 0 156 255 255 45 255 250 0 175 119 255 108
    138 151 166 248 119 106 255 0 140 25 87 183 0 179 240 203 0 255 93
    102 211 97 255 43 71 255 164 31 126 0 76 231 141 174 96 255 232 255
    39 160 17 0 14 51 110 163 210 255 243 164 7 255 255 42 52 255 255 73
    255 250 229 22 15 218 153 0 255 255 104 255 213 223 0 255 92 9 255
    50 207 77 244 73 159 120 255 0 240 194 160 25 116 255 152 0 148 126
    223 77 0 173 255 117 23 255 142 45 0 29 208 121 0 0 133 85 20 111
    255 233 255 85 255 40 62 255 36 0 6 52 224 255 115 255 255 85 241
    173 0 255 255 95 194 255 0 177 255 7 3 255 0 255 222 255 255 0 255
    207 186 226 0 105 255 123 209 105 0 255 50 113 255 0 102 197 157 172
    255 246 28 144 0 45 97 255 107 226 96 61 223 0 5 211 255 111 0 0 239
    94 110 144 255 0 133 84 25 255 255 57 70 215 252 111 205 0 255 218
    157 194 6 241 0 138 255 188 0 0 109 255 94 255 117 0 208 0 0 255 97
    206 147 34 157 159 0 117 176 210 188 120 119 43 164 0 0 255 0 26 225
    174 56 102 0 41 76 202 6 91 30 104 109 255 242 216 21 0 255 255 207
    255 255 231 74 20 0 126 255 233 10 0 70 36 0 255 45 0 155 0 241 0
    153 99 255 26 0 161 6 119 62 0 255 152 59 189 16 105 82 157 255 107
    39 126 176 236 152 122 45 179 221 255 57 0 255 0 146 0 154 255 91 23
    255 206 0 105 255 0 235 159 96 92 255 255 78 139 0 0 7 213 255 200
    62 153 0 184 52 7 218 46 24 0 198 180 20 194 0 255 0 0 126 41 0 62
    162 0 231 192 9 255 235 106 210 169 102 131 255 31 40 20 255 108 255
    93 242 255 100 211 100 255 119 227 0 0 71 232 77 0 246 50 83 158 255
    33 184 0 242 24 122 68 234 17 255 63 155 234 84 252 0 200 0 149 193
    119 255 0 255 118 162 90 102 219 162 255 43 244 0 210 24 28 48 102
    233 255 199 36 127 131 3 59 0 24 0 140 4 1 165 0 249 59 220 255 0 56
    27 35 153 199 177 111 34 160 255 16 153 71 0 0 0 153 201 255 248 20
    13 255 167 255 242 234 222 145 241 233 0 11 126 0 8 0 132 152 0 107
    255 5 0 255 0 0 0 106 255 255 218 198 0 0 173 0 235 205 207 255 158
    0 115 255 0 0 30 0 255 230 0 139 255 109 0 19 0 13 199 69 255 12 86
    255 213 177 116 171 255 255 196 255 248 0 0 230 0 112 187 121 0 208
    3 6 255 33 101 92 200 67 164 37 0 0 255 255 117 169 223 87 63 69 59
    255 219 164 17 210 0 26 135 0 255 30 9 255 147 0 0 255 21 211 58 255
    255 0 255 94 107 255 0 90 255 0 168 0 123 198 0 255 255 185 37 0 18
    130 87 215 47 255 222 0 148 0 48 9 51 206 255 248 23 0 58 95 53 0
    126 79 112 255 255 0 96 54 173 173 45 69 255 71 0 163 159 191 160
    186 227 27 141 255 255 165 0 115 134 255 255 0 23 61 255 11 114 255
    131 0 218 104 0 108 0 0 125 0 0 235 255 100 114 18 239 43 0 222 0
    159 154 255 0 0 156 255 129 0 29 0 226 255 0 16 199 61 246 255 255
    217 54 202 255 0 25 191 248 0 95 151 23 14 149 138 0 0 0 134 177 93
    255 131 100 25 220 255 103 0 255 129 255 0 23 82 187 255 87 38 255
    41 153 61 95 188 204 176 255 0 139 111 52 98 208 0 255 114 0 0 126 0
    0 255 0 91 13 143 169 116 0 78 255 204 209 255 255 162 153 255 0 0
    231 106 0 57 129 20 42 230 255 126 255 0 0 226 0 255 131 99 121 239
    90 0 85 255 255 89 159 246 15 31 198 101 255 0 0 232 199 62 90 209
    94 184 102 255 109 255 0 255 167 128 116 255 0 45 25 251 128 33 255
    25 89 211 85 241 255 0 0 196 255 0 0 0 129 171 0 0 52 37 133 0 200 0
    64 85 24 170 255 187 106 255 74 185 89 126 0 255 255 61 83 195 36
    255 255 255 247 255 255 201 180 161 0 240 0 237 255 0 157 71 255 36
    181 188 0 255 205 255 227 177 196 160 0 23 179 70 243 173 232 161 23
    0 0 81 226 229 46 228 50 0 60 98 82 138 0 255 255 255 27 179 216 0
    255 34 235 0 255 50 159 54 255 6 255 255 173 255 19 42 255 91 208 25
    0 255 0 130 194 255 240 84 255 0 190 17 191 138 0 45 197 0 12 255
    236 0 255 7 255 255 255 81 255 144 0 255 8 41 227 156 123 170 238
    240 0 243 171 123 255 255 255 255 83 78 192 143 248 4 93 17 186 255
    0 0 121 39 255 0 189 235 251 14 196 255 50 221 0 0 233 79 255 0 9 56
    163 176 255 93 67 189 124 0 112 158 117 0 0 255 36 0 70 0 117 168
    199 11 0 27 255 83 64 72 47 124 0 0 255 248 219 248 255 0 201 105
    244 174 0 255 0 164 194 146 48 0 0 211 28 237 252 255 0 170 6 243 65
    198 0 239 255 18 255 175 0 255 89 108 98 99 236 48 0 0 30 16 255 0
    177 129 167 111 200 150 143 115 0 0 73 65 0 113 150 128 73 216 101
    73 202 233 171 42 104 0 255 32 0 77 121 255 138 255 0 177 0 19 255
    208 79 100 106 98 255 247 0 255 255 229 210 255 111 90 255 127 48 0
    186 255 255 0 251 205 203 0 192 199 14 206 152 0 255 255 4 146 255
    226 72 16 255 211 255 29 102 16 17 111 33 0 226 188 13 248 157 0 228
    255 0 150 43 149 0 255 0 129 16 57 246 54 0 255 0 255 154 0 137 149
    0 47 14 255 175 31 255 130 0 8 255 21 11 139 255 251 255 255 68 192
    249 106 53 55 255 37 86 0 39 180 104 223 255 52 141 89 0 185 0 0 255
    0 255 137 0 125 255 189 255 215 255 0 255 255 166 60 120 149 200 183
    255 54 139 255 0 12 255 252 177 244 255 231 29 255 0 225 91 84 0 191
    148 215 108 35 255 0 28 177 255 53 223 139 143 255 202 69 146 170
    255 255 0 229 24 0 35 20 255 36 13 0 0 163 255 196 106 0 151 119 173
    28 31 18 195 224 240 0 0 188 255 0 71 255 255 193 255 36 28 178 185
    80 0 104 0 121 240 120 255 89 255 136 32 97 31 0 0 0 138 119 125 142
    78 210 188 255 255 2 9 129 0 77 250 167 0 0 181 116 138 55 215 70
    154 33 56 252 235 25 129 57 255 63 129 0 187 23 68 0 25 0 255 178
    160 105 0 246 0 117 23 0 196 194 255 48 255 59 160 106 72 203 0 110
    255 0 155 255 255 255 255 248 249 0 151 0 255 0 232 228 221 0 0 255
    41 255 118 245 212 255 255 0 176 98 255 0 195 86 0 2 255 39 246 55
    42 0 220 0 35 239 197 94 25 255 0 84 0 69 158 255 0 255 179 108 223
    147 56 149 129 0 75 186 255 89 114 73 247 255 3 193 44 60 248 195
    247 255 216 148 255 0 11 255 0 255 164 55 130 0 0 89 235 0 0 249 93
    0 115 0 23 65 255 104 191 16 85 49 146 255 9 29 56 78 255 73 255 36
    163 255 101 255 0 0 255 0 255 255 0 106 0 35 151 127 255 99 241 0 89
    255 88 0 0 0 255 9 0 0 201 126 38 255 84 241 116 255 45 19 255 89 0
    0 0 255 84 255 5 74 23 138 0 195 136 99 34 255 93 79 162 0 0 234 0
    153 68 0 14 131 255 217 161 255 255 152 0 48 255 162 255 0 24 200
    210 255 0 0 202 178 249 255 255 41 132 124 169 102 0 0 83 8 180 44 0
    0 218 142 225 202 178 113 57 0 62 137 211 0 0 223 0 255 164 0 255
    125 151 92 255 138 84 0 255 255 94 0 126 255 0 109 255 19 255 143
    170 33 255 255 255 240 170 82 40 255 8 0 39 0 0 67 115 0 94 0 152
    190 39 178 67 212 12 0 43 216 89 66 234 0 40 110 177 255 178 77 68
    255 66 0 142 141 231 171 114 255 131 104 207 255 139 224 206 52 0
    255 158 208 255 9 255 0 55 255 0 185 17 255 84 255 241 0 245 98 52 1
    0 53 0 217 255 88 233 156 178 90 72 253 28 255 238 147 210 0 9 240
    94 90 0 19 23 240 90 255 41 255 255 255 0 178 0 0 63 34 93 0 255 255
    196 87 0 255 206 188 255 255 255 0 152 255 255 208 72 0 99 17 151
    152 2 255 192 15 255 0 8 231 24 255 117 175 0 105 218 125 89 97 149
    240 115 226 255 65 85 221 120 98 212 50 91 14 10 62 42 29 102 215
    166 112 255 0 255 255 255 171 105 0 62 43 0 155 54 112 0 252 255 255
    178 171 0 247 0 0 255 179 35 103 27 213 107 231 8 255 255 93 159 99
    255 0 255 240 198 105 32 154 89 203 248 57 65 255 45 0 58 91 74 140
    142 206 0 0 0 255 166 237 0 87 255 223 255 72 164 71 105 4 83 62 107
    0 26 255 52 4 39 42 63 187 127 33 91 22 83 206 10 138 255 233 83 0
    166 152 146 67 19 7 93 183 103 0 0 140 255 255 9 108 255 250 135 36
    77 0 35 41 0 150 152 48 255 143 255 0 4 255 0 7 143 175 146 168 127
    20 255 227 0 16 6 120 110 0 0 221 98 0 56 191 0 0 254 246 141 175
    156 240 230 147 190 150 255 176 169 64 198 131 93 238 0 150 53 255
    77 51 158 18 143 195 212 207 45 251 219 255 255 35 255 187 0 255 225
    255 131 85 125 109 17 237 169 237 40 0 77 0 226 55 112 0 79 163 255
    0 255 68 176 253 219 240 255 255 255 203 0 61 255 0 0 247 0 49 255
    255 255 175 217 105 255 76 179 52 95 10 127 255 255 255 187 28 228
    116 255 110 41 255 255 150 45 0 233 202 27 117 227 0 177 255 0 86
    142 0 0 255 102 0 133 238 8 0 255 255 0 255 140 0 0 255 81 19 237
    255 64 229 185 86 124 203 72 53 0 195 204 255 255 20 0 12 0 44 40 0
    10 164 0 59 57 0 237 255 62 125 0 159 78 79 240 229 255 251 108 193
    239 170 0 255 8 45 46 153 246 49 47 0 188 225 156 240 247 131 167
    255 6 86 220 152 205 243 15 252 104 177 250 176 140 255 130 255 255
    75 234 255 0 72 0 179 255 153 165 0 13 246 0 0 0 255 0 255 196 81
    220 221 143 145 255 213 0 0 0 255 0 0 220 255 255 194 255 12 143 179
    0 31 0 21 73 255 112 225 139 0 0 255 170 236 78 0 48 7 32 152 142
    160 225 64 227 131 0 162 224 169 0 255 255 33 227 27 255 223 198 150
    0 142 149 11 102 42 0 86 107 207 45 51 231 161 0 183 229 231 4 82
    163 28 0 47 0 220 176 255 231 150 255 0 13 137 86 113 79 207 0 193
    130 147 255 0 185 17 0 255 85 0 44 76 17 130 176 0 255 0 76 122 110
    158 147 71 255 9 206 15 15 0 59 255 158 255 0 68 103 59 0 206 255 90
    255 155 24 0 8 255 255 255 255 161 165 3 255 255 255 0 255 255 0 116
    194 60 161 255 108 255 32 159 255 119 255 99 255 72 0 0 126 0 0 174
    0 164 0 255 177 255 0 0 105 69 255 0 19 172 0 72 0 9 0 24 0 0 84 178
    0 255 63 250 110 0 255 132 71 88 255 0 107 2 84 85 223 81 127 181
    173 0 57 0 90 19 0 0 240 221 97 0 160 0 99 154 108 255 213 231 219
    255 10 31 88 21 174 255 12 255 255 156 182 255 72 47 0 83 22 181 255
    77 196 43 229 35 79 65 11 174 166 62 109 0 255 255 217 119 255 9 203
    143 251 32 125 255 147 9 75 27 64 255 82 106 85 112 15 244 150 179
    123 155 22 234 56 61 128 67 117 180 255 255 220 8 223 152 15 255 108
    198 217 0 204 0 164 0 0 255 126 0 119 255 255 155 255 255 154 0 101
    92 211 143 12 236 123 10 8 115 123 45 32 255 0 175 41 26 40 0 255
    255 228 213 62 55 0 0 204 117 0 144 220 0 18 209 0 187 0 80 255 102
    128 48 248 171 255 255 52 0 0 225 188 129 199 209 188 214 105 92 232
    14 255 172 233 38 0 0 176 0 255 47 255 243 243 255 225 58 151 255 40
    77 254 164 215 0 0 255 147 36 255 255 0 2 0 190 63 51 38 255 152 234
    255 72 0 241 0 179 0 136 185 76 49 87 169 255 232 0 235 255 134 0
    102 146 26 0 0 131 39 19 101 255 255 197 8 255 0 255 199 255 179 255
    150 70 255 255 0 212 16 0 0 59 2 46 255 0 90 0 255 0 59 142 54 157
    43 53 255 214 130 117 0 199 200 21 255 0 72 244 255 255 255 154 255
    181 53 255 255 255 52 255 237 45 0 255 120 8 255 188 221 0 204 194
    72 138 218 255 175 76 0 224 1 44 64 86 215 0 232 217 52 22 57 124 55
    0 1 213 255 246 190 165 0 16 219 54 141 25 255 255 11 192 222 179 41
    255 132 59 250 5 116 0 134 71 65 255 131 255 224 200 255 192 96 65
    255 92 0 161 0 241 255 255 9 0 149 255 123 255 0 255 170 35 255 255
    20 0 127 5 37 162 0 255 60 230 255 255 239 88 239 255 255 204 167 10
    110 0 0 223 0 255 34 0 255 63 0 159 171 255 22 29 110 68 230 255 48
    54 255 9 0 216 137 0 9 123 0 255 255 255 247 215 39 229 213 220 104
    73 131 176 0 225 233 7 255 82 0 255 255 50 145 74 217 243 146 155
    255 166 255 158 236 223 0 0 0 0 240 173 0 42 68 255 3 44 0 2 0 255
    235 0 255 255 0 43 176 184 47 255 45 0 158 138 255 235 25 50 147 255
    243 0 131 62 252 109 16 255 101 185 88 150 25 94 131 94 19 222 5 184
    33 139 255 75 138 154 0 120 0 1 203 145 166 87 255 148 34 0 73 194
    22 239 134 255 255 183 225 53 220 255 8 213 116 0 135 101 100 36 207
    0 252 150 99 202 56 11 7 0 190 3 27 194 255 71 143 145 255 205 255 0
    213 40 0 35 223 232 14 127 132 51 255 200 0 76 191 219 96 0 255 0
    143 121 242 100 0 255 63 4 175 41 10 0 70 252 171 255 105 255 255
    255 255 6 101 15 48 10 26 255 0 255 92 253 255 76 255 159 55 0 0 255
    6 52 255 187 189 191 22 0 255 17 255 167 188 134 255 48 221 253 86 0
    0 255 76 124 255 143 0 255 230 30 239 61 255 121 124 255 255 0 223
    145 255 0 216 203 61 0 255 246 255 229 255 188 246 255 160 133 255
    21 130 109 0 177 7 205 255 255 255 186 64 0 67 255 255 255 0 11 162
    0 181 0 68 0 170 213 188 148 58 164 174 255 204 253 145 171 168 123
    250 61 0 0 254 255 43 255 119 0 99 0 174 162 194 172 255 36 0 255
    121 223 0 0 210 60 88 250 255 255 140 182 209 87 6 76 241 56 0 164
    255 147 116 221 0 184 224 0 158 255 93 85 141 237 87 210 0 202 125
    178 36 0 57 0 141 213 26 132 220 72 0 187 255 8 25 255 63 7 255 229
    79 179 162 67 223 155 255 61 117 255 64 86 255 255 0 243 255 104 175
    112 28 255 95 171 0 78 71 255 89 212 157 0 162 73 255 255 255 8 188
    7 28 84 255 43 49 248 91 0 0 100 47 0 34 0 37 119 255 163 0 222 252
    0 255 211 255 179 0 121 196 244 233 0 255 82 83 255 0 173 96 27 32
    212 0 229 0 0 187 255 215 183 65 144 111 243 160 0 255 4 0 255 89
    219 21 99 0 78 255 0 255 124 0 101 0 244 98 239 16 0 0 0 48 207 0 26
    96 0 230 0 255 255 255 10 189 255 223 0 222 255 86 57 255 255 0 230
    225 137 124 95 255 143 50 94 35 255 227 41 255 0 34 163 0 123 22 20
    0 154 255 120 188 255 0 56 0 165 7 255 183 0 255 255 87 255 163 100
    107 140 0 0 207 121 234 0 114 40 127 0 137 0 0 7 128 255 0 76 0 0 92
    107 68 28 61 76 239 186 100 47 0 255 47 255 177 129 63 255 255 69
    255 99 255 0 255 255 255 57 72 163 122 156 0 255 255 22 255 255 20
    58 0 218 0 169 255 139 135 255 202 235 252 255 38 98 69 160 255 28
    77 235 14 61 94 56 255 255 142 178 40 32 0 0 96 53 255 111 0 58 255
    140 49 255 97 0 202 255 251 230 45 255 255 50 147 254 0 51 202 0 66
    255 0 26 157 64 255 0 189 255 124 255 255 0 145 46 0 102 255 62 160
    255 15 255 80 0 234 241 0 0 0 255 64 79 116 0 255 0 62 16 180 164
    124 255 76 205 72 112 0 86 0 0 198 245 126 87 148 0 255 245 249 69 0
    255 88 138 130 60 157 0 255 171 0 177 76 254 0 86 255 13 0 42 48 147
    252 155 0 255 251 255 168 0 145 255 138 154 113 161 255 26 158 0 207
    200 50 220 255 86 186 148 224 172 160 123 255 86 170 255 82 209 70
    98 0 118 175 57 255 0 149 0 255 0 70 238 199 255 164 110 85 7 166
    255 255 123 255 255 0 77 0 11 92 0 215 0 0 195 255 21 150 0 255 160
    229 146 106 0 110 36 197 255 80 68 133 255 135 55 210 247 0 255 189
    255 255 255 255 0 255 95 0 98 204 0 176 111 77 0 202 202 127 46 224
    255 43 9 0 200 175 131 34 255 0 27 122 0 0 163 159 59 25 0 129 164 0
    255 255 237 0 0 0 212 0 132 148 228 198 255 77 144 178 0 126 0 255
    255 26 9 255 182 140 255 171 28 226 0 215 131 0 133 0 0 240 252 114
    5 168 248 143 55 2 73 255 89 0 211 0 0 225 213 254 23 0 76 255 147
    188 212 34 75 11 167 165 110 250 125 255 95 101 198 202 29 125 133
    218 229 246 96 184 213 35 0 130 255 140 0 44 0 255 0 168 166 94 0 75
    39 108 79 116 0 1 171 128 197 47 0 255 128 65 129 0 37 82 102 0 217
    81 255 107 29 255 86 37 219 164 36 0 52 149 116 255 255 27 7 31 240
    34 106 72 255 209 0 159 41 58 90 255 255 231 0 255 255 160 106 123
    209 88 0 255 53 70 255 155 121 0 255 131 162 238 255 139 76 230 255
    242 255 255 129 162 44 220 0 0 149 0 237 233 206 118 240 207 91 53
    128 0 152 213 0 65 255 206 97 254 71 255 65 0 255 15 85 0 255 41 0
    78 115 83 152 247 231 255 170 29 0 255 98 218 0 110 67 255 176 157
    103 43 63 105 68 196 173 0 255 255 62 62 255 17 44 83 237 76 0 0 0
    81 186 0 0 0 84 191 243 255 250 0 0 255 217 0 0 170 41 0 29 217 0 75
    255 48 161 255 55 205 252 90 0 0 141 72 162 121 131 198 176 0 0 255
    183 255 208 216 214 0 253 5 237 43 9 243 81 218 65 145 0 0 22 191
    122 0 126 255 0 255 169 39 61 255 0 11 26 114 0 4 255 141 242 69 255
    0 63 0 35 32 0 25 0 239 255 0 0 31 18 14 255 0 85 179 17 255 165 185
    93 0 190 255 63 255 250 37 79 94 255 255 185 128 255 173 75 112 255
    0 220 224 0 25 0 255 29 0 9 206 229 76 37 173 255 128 255 186 183 0
    125 0 33 255 4 111 0 41 0 74 255 28 16 208 176 89 255 170 0 0 95 243
    0 96 84 0 54 255 245 52 190 255 235 90 255 0 16 245 98 216 255 4 0
    255 172 64 151 255 153 183 152 244 14 208 7 156 60 108 167 31 0 248
    0 34 227 0 253 35 0 84 196 116 255 242 147 255 255 118 106 139 0 7
    141 0 255 255 101 3 255 203 0 43 84 224 142 135 122 240 243 0 0 154
    117 73 165 51 255 105 153 0 255 255 0 135 255 255 59 254 139 0 251 0
    154 38 57 255 179 22 12 248 166 172 255 187 202 24 109 99 24 225 245
    0 83 164 193 255 205 251 38 0 176 27 232 242 0 26 0 149 230 148 255
    157 221 0 100 249 255 0 121 132 18 78 11 255 91 129 200 0 255 0 120
    175 104 244 255 0 255 215 104 225 231 131 212 44 206 123 17 255 37
    198 255 0 255 54 85 33 84 255 62 57 0 15 84 255 183 196 255 123 255
    68 160 255 77 206 255 190 79 225 0 6 251 45 0 166 0 127 72 26 255
    124 255 185 156 223 117 2 207 66 95 255 137 242 64 209 131 0 0 255
    102 21 255 116 72 114 60 255 186 38 255 121 0 0 0 0 168 25 255 124
    255 37 116 96 255 111 94 249 152 100 141 250 0 209 159 0 194 239 207
    177 248 255 184 255 32 45 124 175 3 0 179 0 91 126 74 0 53 96 198
    124 95 56 70 134 8 232 0 0 0 23 0 255 31 255 209 0 48 3 223 73 204
    109 131 0 46 0 153 163 155 255 255 231 49 107 0 0 255 222 255 125
    245 0 0 202 185 255 0 255 225 198 98 79 0 0 208 46 0 99 100 255 175
    103 133 255 155 7 98 255 120 0 203 0 119 55 0 106 37 144 9 28 0 0 0
    0 255 108 25 161 61 255 255 255 234 33 85 102 156 237 255 255 214 0
    48 228 223 255 0 193 42 255 123 77 226 0 0 255 0 111 104 255 89 0 22
    215 213 15 255 228 199 160 0 255 255 0 255 9 105 174 0 252 215 0 0
    35 163 213 160 152 74 0 136 78 0 0 40 81 0 1 144 155 235 252 0 170 0
    172 33 229 122 74 39 85 255 200 113 39 0 0 255 124 255 0 254 171 132
    255 82 150 121 87 255 106 0 10 255 219 185 0 80 194 255 0 186 252 0
    255 91 0 70 66 164 255 255 25 149 158 241 0 43 103 12 124 103 251
    219 219 188 255 0 52 23 87 51 0 255 170 105 237 255 0 156 0 219 0 88
    244 191 36 0 188 42 255 85 195 79 149 0 188 12 64 0 92 0 187 255 209
    119 10 182 255 249 66 255 181 241 0 168 0 0 255 148 159 89 255 77
    205 3 244 255 0 28 255 31 122 255 0 4 102 0 255 0 21 120 255 210 157
    255 0 175 153 18 255 98 54 0 255 243 0 103 181 107 125 255 32 153
    255 145 13 113 163 255 0 38 69 2 235 137 118 138 255 152 160 127 114
    190 92 42 255 242 137 102 233 246 255 90 15 153 255 1 146 244 255
    111 253 33 14 181 255 196 198 133 253 148 15 198 0 93 217 4 95 221 0
    255 0 91 189 255 255 64 219 224 60 223 12 0 255 177 151 0 255 242
    160 131 94 255 0 255 193 255 236 242 99 255 0 0 145 255 255 0 110
    234 0 204 0 215 255 4 255 0 236 106 0 0 144 88 154 202 255 208 241
    245 4 3 255 255 255 86 0 233 0 16 14 0 255 73 0 255 181 148 27 94
    255 163 87 255 48 0 0 197 140 55 0 58 255 26 0 93 0 31 7 20 0 255
    219 2 170 56 154 255 255 73 202 161 189 255 141 44 98 194 61 15 0
    206 0 255 194 0 253 255 217 0 0 194 68 92 145 224 231 0 0 255 115 0
    0 215 184 206 158 255 0 215 194 8 255 60 199 255 79 124 3 255 208
    107 255 116 0 207 15 219 115 255 71 0 209 255 217 63 214 0 213 164
    120 0 230 255 135 21 172 176 39 27 255 22 248 255 162 63 212 188 139
    160 0 249 0 0 255 241 0 255 0 255 63 5 199 69 227 0 0 95 159 115 19
    255 71 0 48 236 0 84 208 255 137 198 72 104 223 70 0 176 104 255 127
    19 255 40 34 71 122 113 79 163 204 192 255 255 179 255 0 208 56 255
    124 0 0 255 0 255 143 46 255 255 236 255 0 253 28 116 14 16 234 53 0
    246 255 91 136 94 0 77 83 255 17 39 98 211 121 168 255 0 0 236 255 0
    186 229 0 45 104 29 130 175 33 200 244 67 0 0 170 95 255 0 0 0 255
    24 240 255 219 255 255 120 0 255 0 139 255 169 194 254 238 91 15 55
    255 92 206 255 255 255 247 255 227 176 255 253 255 90 124 255 250
    204 0 255 86 255 0 79 0 0 0 25 255 222 129 0 0 0 44 255 95 187 60
    179 15 126 126 47 0 230 178 0 120 94 0 78 255 92 190 255 206 0 97 0
    255 0 107 207 91 235 195 93 43 0 255 93 154 141 255 41 53 97 255 255
    50 255 190 0 190 0 0 135 255 21 209 78 239 238 83 0 0 192 205 191 9
    58 65 230 77 255 231 8 60 50 230 0 185 219 97 66 195 197 0 147 25 0
    255 0 0 255 189 144 138 84 255 0 0 205 226 255 111 212 34 178 255 0
    206 241 0 224 156 255 0 214 0 149 230 0 0 200 255 126 182 0 184 1 32
    69 143 171 6 0 193 255 93 0 0 178 163 255 130 95 99 81 103 115 255
    164 169 210 12 0 0 255 255 255 50 255 114 231 255 220 255 255 99 162
    136 192 5 89 0 0 255 11 114 173 225 162 255 6 54 255 0 94 0 246 0
    159 255 255 255 184 255 218 0 202 243 227 255 2 139 0 216 138 165
    149 0 87 21 171 3 90 29 0 255 0 0 254 117 255 213 0 249 0 100 255 27
    89 132 0 75 174 0 100 167 0 111 255 0 32 0 249 3 99 138 0 73 136 0
    255 2 22 5 26 71 70 12 124 236 255 73 163 248 35 0 99 0 70 255 0 178
    148 30 141 97 12 189 173 255 152 255 220 251 145 208 248 120 14 7 75
    45 178 251 113 243 0 243 15 183 142 9 255 228 78 255 157 0 163 146
    208 141 255 243 233 123 90 54 27 4 137 255 0 2 63 0 223 6 0 157 37 0
    76 18 255 255 255 238 220 148 7 204 224 201 194 255 75 85 211 254
    141 23 0 217 21 27 8 0 0 0 62 97 213 0 87 157 120 0 14 255 106 88
    172 48 161 0 0 255 33 62 191 253 0 11 112 88 222 255 133 113 255 95
    19 0 255 231 255 0 255 255 118 0 147 249 139 110 108 162 60 235 206
    48 65 63 84 255 0 42 255 154 0 207 6 59 26 124 0 255 255 11 255 255
    246 126 255 23 255 18 0 231 0 134 139 96 0 118 169 84 159 255 228 58
    255 67 255 0 146 0 255 255 0 199 255 133 111 91 242 14 255 0 0 113
    107 164 33 136 212 47 162 121 0 0 115 255 83 116 68 0 105 255 61 68
    255 0 255 0 131 0 85 255 0 255 1 0 197 0 255 45 100 85 255 7 148 113
    36 109 216 255 168 178 0 0 37 149 232 168 254 123 255 0 0 77 182 255
    141 167 244 255 0 248 255 0 86 229 231 64 79 181 84 0 143 247 242 18
    98 255 0 255 255 255 158 63 159 237 136 126 0 33 137 255 0 73 68 255
    48 194 83 157 247 255 29 40 255 40 67 113 214 0 0 93 99 158 253 0
    175 0 144 255 227 189 145 181 41 190 255 255 135 255 255 211 233 0
    193 7 191 174 0 175 65 212 72 0 133 232 164 153 254 0 175 0 227 133
    0 0 109 21 192 127 199 81 41 100 255 255 77 151 255 219 189 87 214
    95 0 36 95 155 232 0 191 255 240 145 195 76 0 90 92 137 255 255 67
    255 255 86 17 0 255 0 188 159 0 159 38 115 140 255 246 218 80 94 0
    203 0 255 255 75 255 147 255 107 108 255 0 204 255 87 0 255 200 0
    179 255 0 99 152 255 240 84 228 255 236 81 67 255 255 255 232 24 254
    0 0 255 0 0 255 203 0 85 255 74 32 141 0 130 0 38 207 93 0 255 171 2
    91 19 177 109 255 255 125 255 236 51 84 214 255 154 77 73 212 7 255
    255 68 113 255 255 7 151 255 0 255 93 0 229 114 255 219 112 255 255
    246 0 223 28 215 246 48 255 0 0 255 0 77 0 255 52 0 170 17 0 34 236
    255 0 242 88 160 0 255 255 250 237 39 0 184 29 0 128 18 96 246 9 183
    255 85 150 29 200 222 178 255 226 234 105 169 0 84 255 0 255 255 75
    255 74 115 255 149 171 72 238 255 121 94 255 17 255 170 36 166 0 68
    0 131 185 114 148 145 0 37 201 255 204 236 123 0 81 189 0 122 255 72
    91 255 210 224 93 243 23 67 61 7 181 255 61 220 0 114 166 0 0 255 0
    238 0 103 166 0 255 255 11 192 0 255 0 140 131 111 255 0 0 52 91 117
    223 255 0 255 126 0 255 104 1 194 251 93 102 255 255 175 142 250 114
    207 79 0 0 0 219 49 228 176 255 255 86 195 255 100 203 0 2 255 43
    255 0 231 159 210 190 249 65 0 93 255 70 0 231 174 242 250 194 255 0
    255 168 169 0 106 15 255 198 0 0 196 237 142 15 69 0 96 0 45 84 0
    100 0 226 189 41 248 0 199 108 120 131 22 240 208 0 188 63 143 133
    10 96 0 105 243 181 16 255 194 22 255 239 192 156 26 53 220 64 187
    63 237 255 0 255 0 30 255 181 255 0 200 133 255 255 0 65 227 217 0 0
    148 255 34 62 33 38 22 212 236 50 0 254 255 58 255 21 255 127 79 255
    233 0 3 103 5 141 45 43 0 0 179 157 255 97 195 247 162 0 255 255 255
    75 230 45 113 255 255 255 158 255 3 31 24 255 17 249 114 181 255 81
    40 255 0 94 16 106 0 51 180 0 255 97 0 142 100 251 202 255 219 94
    182 222 136 255 0 157 0 231 205 202 61 96 0 0 255 251 13 0 84 90 248
    159 207 255 255 31 255 9 4 255 172 115 255 177 105 255 81 94 143 0
    210 255 18 255 171 151 60 0 187 255 216 95 205 54 255 255 255 200 0
    255 47 0 255 0 209 253 125 49 235 18 30 226 101 0 127 91 202 17 255
    0 255 51 255 197 200 247 0 76 0 255 77 73 185 0 13 116 128 10 43 75
    163 255 86 255 167 13 255 104 32 209 55 204 0 30 70 180 0 255 81 105
    0 226 0 255 0 160 130 255 0 217 0 122 255 255 84 208 117 0 201 255 0
    232 0 194 201 0 110 255 90 214 0 216 237 0 139 170 114 220 157 254
    184 133 18 185 12 33 143 255 199 255 129 255 13 14 255 42 116 65 67
    255 203 62 0 255 38 255 215 5 224 255 4 43 0 222 81 38 0 114 155 126
    0 255 184 171 147 244 239 171 82 229 255 29 0 227 140 47 223 0 49
    216 41 54 245 0 67 159 35 0 0 203 255 189 127 114 93 88 88 40 126
    111 243 0 30 104 68 255 255 255 237 50 0 156 86 86 142 240 113 255
    243 0 0 0 4 0 0 255 0 27 240 112 144 255 0 0 221 255 64 255 223 234
    0 0 230 0 56 147 117 62 0 255 166 255 158 51 89 255 219 255 145 7
    174 73 232 0 0 231 35 255 122 119 137 134 147 81 31 255 24 4 223 20
    190 255 0 99 255 16 148 0 0 56 49 255 0 119 255 0 255 255 0 177 0
    101 0 125 0 0 230 210 245 52 245 0 125 54 41 31 163 189 4 91 48 184
    255 255 192 218 224 0 120 0 0 36 0 135 163 61 94 210 81 133 72 0 107
    19 139 0 103 196 255 36 123 158 255 30 235 196 190 255 221 142 255
    76 22 243 0 0 176 159 210 138 140 89 213 143 255 255 255 0 237 26 0
    230 0 0 74 223 170 255 252 208 0 140 252 0 117 177 156 255 59 75 0
    255 255 255 46 245 37 255 29 226 114 211 27 191 255 196 0 194 229
    233 0 0 205 255 255 255 121 183 4 177 163 22 138 255 0 255 0 0 255
    49 93 124 255 124 190 174 5 59 0 183 114 57 249 237 255 197 0 170
    220 0 110 160 255 255 255 58 27 0 247 7 90 62 255 0 255 173 41 185 0
    11 0 188 145 93 195 255 255 222 83 255 188 0 70 63 196 31 217 0 255
    209 162 28 151 226 212 0 183 245 35 86 203 20 255 212 3 0 255 255
    255 122 144 211 0 34 67 209 36 255 189 0 0 31 152 23 232 0 99 0 0 28
    26 20 132 27 87 255 196 60 0 49 58 0 213 210 164 47 186 0 0 35 0 173
    148 255 180 0 255 91 158 249 145 0 158 18 255 55 223 255 80 168 92
    255 255 255 255 63 236 160 52 239 191 252 73 255 236 149 0 20 255
    143 255 210 0 180 75 255 213 0 21 145 236 231 116 252 186 0 142 137
    255 85 97 146 63 128 255 0 255 231 15 0 249 187 226 70 178 225 54 0
    182 30 206 255 0 115 12 255 255 176 229 255 255 0 0 57 0 24 0 165 76
    174 221 255 60 115 72 137 255 217 184 163 202 10 179 0 134 134 252 0
    119 39 255 75 0 0 75 45 255 0 255 210 246 0 0 21 255 255 66 0 118
    255 255 92 217 255 110 204 255 98 51 32 0 0 0 0 146 55 248 216 0 255
    188 255 253 255 131 148 230 0 103 48 75 136 89 63 0 255 69 80 101 38
    78 93 255 233 0 207 255 0 81 0 122 49 0 235 149 104 23 10 10 249 151
    0 0 171 255 0 168 185 236 229 255 152 0 29 8 87 157 255 177 250 1 48
    161 155 255 202 170 0 255 158 252 190 123 159 179 0 229 12 0 0 194
    210 91 122 168 204 227 18 229 173 255 214 252 95 15 248 156 0 118
    183 189 245 41 128 217 227 241 204 103 255 255 0 25 215 42 0 0 255
    249 134 149 112 0 88 123 75 134 194 17 210 140 120 0 224 255 185 10
    13 89 255 74 1 255 243 255 255 0 255 136 0 204 255 255 52 217 255
    130 0 189 237 49 0 23 108 119 156 199 180 138 255 58 57 0 0 102 255
    64 30 101 180 160 139 21 174 0 45 255 76 0 0 22 255 128 255 255 53
    255 138 0 208 154 0 255 69 22 255 36 255 255 83 182 255 56 255 0 255
    43 66 255 177 150 0 255 25 0 19 0 255 255 60 111 0 9 0 161 0 0 46
    255 55 155 150 23 109 90 39 210 214 78 108 255 109 255 0 199 126 89
    61 0 149 22 82 47 93 221 0 206 92 93 0 60 124 255 39 0 70 228 255
    120 63 171 24 192 255 0 207 58 34 167 0 158 0 0 105 250 0 86 148 255
    236 255 253 9 119 203 116 255 255 0 0 44 255 52 34 255 100 0 106 255
    92 135 244 255 255 152 255 1 57 0 55 49 0 255 246 123 0 79 45 8 204
    35 104 255 0 229 80 52 171 41 255 255 57 89 80 29 0 137 255 109 255
    255 255 0 5 0 140 0 0 156 0 140 145 62 93 255 0 108 12 123 168 4 205
    0 255 255 72 220 0 79 251 171 0 0 0 179 121 255 187 255 154 140 159
    0 49 242 0 0 31 135 95 152 130 0 224 0 170 125 0 144 123 0 0 69 232
    44 255 245 0 144 80 0 255 255 255 140 0 36 34 0 28 199 124 42 255 0
    0 139 255 209 255 100 119 76 65 126 108 0 14 131 0 125 73 135 0 253
    255 124 254 102 223 0 79 9 143 0 0 0 0 0 25 39 221 255 0 52 250 255
    90 18 164 15 196 69 247 29 0 255 225 249 42 0 212 13 31 118 118 0 0
    204 161 0 228 255 0 105 26 255 61 123 255 255 205 255 255 255 79 0 0
    255 152 53 0 95 255 7 170 255 0 154 0 10 0 42 40 92 168 98 143 255 8
    255 255 205 68 255 255 10 219 0 132 62 156 250 250 203 0 48 170 0
    153 8 0 6 255 22 122 20 255 0 255 102 0 255 90 54 121 150 183 255 0
    148 0 32 134 115 20 128 0 16 255 153 255 241 255 24 81 255 142 241
    147 190 210 197 166 255 0 102 0 255 104 208 255 47 255 178 102 72 0
    66 182 254 247 251 104 253 0 0 34 74 0 255 139 232 16 255 166 134
    255 187 67 138 25 184 167 255 214 196 239 0 182 190 111 173 0 209 88
    255 76 239 15 255 7 131 0 251 185 255 241 93 255 54 124 80 159 255 0
    73 109 37 55 58 252 190 0 224 0 214 122 255 0 163 82 0 13 64 255 98
    0 255 40 0 178 112 81 0 255 97 248 71 222 119 255 255 255 255 50 255
    34 63 137 255 0 255 255 0 52 106 16 237 44 0 0 140 237 0 0 228 191
    48 43 255 0 46 162 62 67 255 255 59 255 29 69 0 128 255 227 255 7
    183 244 0 0 101 137 255 0 22 255 102 212 184 164 0 139 57 29 0 0 52
    255 255 73 76 1 0 117 101 255 145 255 0 255 69 247 80 0 68 116 20 21
    15 169 234 255 0 201 108 0 39 112 255 255 22 228 84 242 0 0 44 229
    84 197 45 255 219 28 255 178 248 157 255 56 168 25 255 172 0 0 97 0
    109 204 0 255 167 255 0 0 27 186 255 0 58 57 212 146 113 0 0 34 138
    0 0 70 0 171 151 44 109 0 255 155 78 38 255 155 194 120 50 255 205
    205 255 212 255 247 23 248 0 76 20 255 0 58 59 255 0 148 255 199 255
    29 118 115 77 33 255 0 14 226 10 255 66 0 253 95 0 255 231 255 255
    255 66 138 41 193 82 242 133 255 0 223 161 75 71 237 255 165 49 0
    147 7 84 74 155 78 0 157 255 154 154 255 193 255 83 164 64 58 0 0 90
    144 0 125 255 91 142 255 181 145 135 118 0 255 255 0 0 255 0 110 102
    143 100 148 255 255 225 54 0 255 216 13 23 21 255 123 117 255 127
    140 0 185 110 4 255 234 179 5 255 112 156 84 80 255 165 247 255 148
    3 254 154 255 154 157 255 255 0 5 255 255 41 48 255 171 230 95 2 78
    32 0 174 0 16 146 124 255 129 44 0 0 192 255 0 171 255 0 93 0 0 41
    255 152 0 205 255 255 255 59 86 255 120 255 18 0 17 93 255 255 134
    54 255 72 69 0 163 0 121 200 255 0 111 0 80 13 81 255 0 61 0 140 42
    49 230 109 125 76 35 161 14 255 0 255 160 35 116 255 0 42 135 106 51
    118 217 0 106 0 0 185 122 0 59 255 179 255 50 0 8 36 42 218 111 201
    20 181 67 20 163 7 183 69 0 160 0 160 255 0 53 0 0 255 233 78 0 69
    71 255 193 141 0 114 223 255 11 134 255 160 87 43 192 0 255 171 145
    39 94 0 255 198 104 97 176 51 126 116 255 179 0 255 163 255 255 0
    206 0 48 133 0 0 148 233 33 255 255 0 135 154 186 75 255 95 255 194
    225 215 214 38 171 158 178 36 255 123 79 186 21 228 227 63 255 255
    36 18 255 192 0 145 97 0 0 0 227 207 0 255 0 52 0 9 255 16 234 110
    28 144 52 13 6 92 255 0 23 255 35 206 136 65 255 0 186 19 115 38 255
    200 109 162 130 0 139 91 129 255 146 102 255 129 255 43 0 255 78 72
    223 7 85 255 78 62 107 0 173 118 0 0 0 129 255 45 255 196 255 196
    255 0 126 0 3 255 255 132 0 59 64 0 20 189 72 224 115 255 124 255
    193 138 164 255 165 110 255 112 86 233 0 255 0 123 126 174 0 134 171
    48 108 255 255 245 102 96 255 215 0 255 241 140 104 179 87 6 146 156
    255 108 22 255 130 0 96 0 0 83 0 241 144 144 45 158 6 0 0 0 115 255
    104 0 255 189 0 34 16 0 0 255 0 0 214 135 223 81 193 225 111 255 0
    255 59 143 16 161 54 82 183 255 138 0 0 0 0 255 0 19 57 252 0 18 104
    255 187 255 31 207 95 255 244 18 74 101 219 155 77 0 0 117 0 167 255
    0 244 0 194 238 106 0 0 203 0 0 241 255 13 243 0 0 0 200 90 48 255
    255 121 0 255 208 0 81 116 0 255 255 0 162 255 0 105 0 255 125 108
    171 255 124 0 0 0 106 199 74 192 11 0 146 63 0 249 217 160 230 255
    38 67 172 0 88 255 24 214 66 0 255 255 0 0 255 151 0 136 179 255 149
    178 0 245 57 86 151 131 58 0 255 130 11 37 0 231 209 200 220 223 253
    189 255 152 10 255 181 96 32 255 0 255 242 255 247 255 109 38 174 0
    101 0 255 91 255 173 235 125 255 255 255 255 25 255 56 0 0 0 70 51 0
    93 208 240 21 58 245 7 108 131 0 255 242 0 99 161 0 38 138 222 255
    255 0 245 168 0 32 18 0 129 0 175 207 1 53 91 84 255 159 96 234 0 98
    255 84 211 89 24 164 226 45 163 131 255 0 17 183 0 255 7 0 155 140
    55 255 0 86 39 0 84 83 0 11 167 174 0 255 0 216 250 4 2 88 178 0 205
    255 35 0 70 218 251 211 0 0 0 193 0 255 20 255 16 222 218 34 255 255
    217 170 111 22 49 187 207 136 180 145 0 67 93 187 0 99 192 154 85
    255 255 60 17 248 85 0 212 113 33 150 0 255 183 255 77 0 255 0 7 123
    160 0 255 238 255 203 10 242 255 166 0 172 0 255 82 255 0 223 255
    171 52 255 1 36 24 255 192 199 38 15 255 6 35 63 70 134 224 0 0 49
    49 0 142 150 232 255 255 129 165 0 255 0 229 121 221 0 121 255 80
    171 89 205 56 255 220 160 0 0 32 212 255 0 82 218 170 255 89 255 69
    205 0 255 5 153 0 221 74 92 127 162 223 118 0 121 156 190 0 226 16 0
    0 237 235 102 255 0 4 218 243 162 255 171 132 182 79 41 255 255 255
    6 63 103 240 56 251 0 237 156 133 180 0 182 0 0 99 0 0 48 219 83 122
    125 97 255 43 89 113 0 0 61 38 128 168 0 241 79 170 174 255 195 51
    173 106 135 245 223 0 108 151 60 255 93 0 90 191 212 106 0 228 85
    116 78 153 255 255 255 255 0 255 255 207 0 63 0 114 0 188 0 0 205
    251 37 255 226 0 255 140 0 250 140 221 53 255 255 109 40 143 255 149
    185 252 0 172 5 183 151 133 0 0 255 179 110 112 177 255 182 0 255 31
    137 30 255 0 191 83 0 215 255 207 221 255 38 255 0 255 250 25 75 173
    203 56 255 105 246 149 58 141 0 0 56 119 255 0 255 255 201 199 255
    81 186 255 178 255 241 0 168 0 129 87 40 255 0 39 0 0 0 0 255 255
    131 255 174 168 131 40 0 246 188 78 255 79 12 166 76 87 3 255 245
    114 128 255 255 0 175 255 84 255 0 0 195 235 151 255 181 255 86 195
    243 172 77 53 0 255 9 146 244 234 0 0 202 209 0 118 255 155 0 0 228
    123 0 192 3 104 253 0 91 73 255 232 79 26 212 233 255 12 255 255 215
    155 217 0 62 107 0 35 36 97 101 79 0 255 240 255 0 0 0 116 113 107
    111 0 46 209 32 54 126 146 53 35 255 134 0 0 146 138 57 125 33 211 0
    0 31 159 255 255 0 79 107 193 13 154 0 183 255 255 0 0 152 113 160
    138 222 116 96 111 41 10 0 0 125 0 15 96 255 74 0 7 50 109 239 13 85
    198 0 254 66 0 255 255 168 184 255 155 72 255 62 133 0 248 255 42 76
    151 30 104 111 159 172 169 244 191 161 119 255 0 228 0 255 5 145 255
    24 191 182 254 151 228 253 229 255 0 232 0 0 0 0 6 27 74 123 98 195
    255 255 39 98 95 255 0 255 144 37 43 255 18 0 135 237 0 0 0 0 164
    153 186 45 0 255 87 0 216 255 14 0 192 243 84 105 129 255 231 0 80
    255 16 186 175 123 0 138 255 255 190 34 41 255 46 180 128 43 229 82
    54 0 244 5 82 208 222 125 0 255 159 70 0 0 255 255 0 189 17 0 22 195
    243 255 41 255 132 64 255 175 0 199 255 67 255 77 6 193 148 42 199 9
    56 40 53 207 164 68 40 245 216 27 0 255 194 0 185 100 36 62 224 255
    0 242 150 200 255 130 247 0 76 130 255 255 236 9 248 253 209 49 251
    55 39 255 255 22 233 97 209 119 202 0 255 0 124 0 132 234 17 137 255
    255 0 0 255 224 172 255 231 13 52 19 117 24 209 255 0 255 74 0 207 0
    28 0 149 74 200 100 0 0 168 255 255 172 86 111 243 217 0 255 28 209
    122 156 30 185 0 255 247 255 0 3 0 227 0 206 0 169 0 16 148 51 134
    255 149 134 99 218 33 209 0 35 89 95 45 255 173 0 255 255 231 77 0
    98 148 77 248 13 66 49 255 255 26 0 116 123 229 28 163 224 255 214
    183 255 60 111 181 255 114 199 153 192 100 20 0 46 255 255 172 0 109
    146 46 131 180 0 7 0 251 39 194 251 251 168 0 255 255 0 0 73 176 222
    0 137 108 0 255 71 255 183 237 177 149 86 38 94 241 43 0 228 197 255
    13 76 255 0 168 153 255 0 81 69 241 0 0 31 110 0 200 255 197 111 211
    190 9 80 182 229 91 34 36 255 8 141 110 255 255 134 235 134 219 248
    143 255 0 37 0 255 120 55 198 0 255 155 199 0 255 25 43 255 255 0 22
    0 255 255 0 222 77 1 255 70 30 131 0 35 255 119 0 107 51 130 0 0 255
    255 0 138 255 116 18 0 255 211 63 0 91 59 0 198 246 165 0 54 195 0
    255 255 22 21 163 222 202 0 211 92 65 255 0 34 188 108 160 0 129 192
    87 255 255 10 129 255 0 228 0 0 196 109 110 255 194 135 25 64 255 17
    96 70 34 100 0 255 68 0 145 193 83 126 255 255 0 140 255 173 242 178
    255 90 135 220 0 255 132 149 4 0 255 107 183 0 0 0 252 0 40 255 22
    255 242 72 255 66 255 255 142 255 127 255 0 188 246 64 184 0 175 0
    118 131 199 89 119 0 16 97 255 191 255 47 30 50 0 0 31 255 253 0 206
    121 221 55 0 137 255 255 120 255 216 198 255 193 81 105 113 0 46 27
    200 233 0 255 153 18 9 148 251 0 3 73 127 0 0 255 204 160 38 143 255
    0 216 182 16 209 82 65 0 70 52 18 0 223 255 255 255 255 193 3 0 129
    110 0 0 187 217 3 38 62 53 0 240 109 175 69 8 57 204 194 166 37 70
    223 163 168 162 255 255 247 255 136 120 0 50 135 255 206 255 223 245
    0 121 22 54 0 255 132 206 251 0 101 140 109 50 255 148 255 173 42
    169 134 210 255 255 209 255 0 0 255 122 41 129 145 74 0 45 205 232
    151 0 255 0 255 131 100 147 33 0 20 42 0 5 17 0 81 255 230 0 0 163
    245 68 96 6 0 108 0 255 219 194 52 255 255 253 255 25 168 108 0 211
    255 77 255 255 255 255 0 255 246 29 0 255 131 0 0 0 75 33 213 190
    193 255 109 0 255 92 87 255 0 174 121 163 96 0 255 0 110 255 155 231
    130 163 2 255 174 255 236 76 151 92 230 44 0 52 9 168 111 5 153 68
    255 190 255 21 0 145 250 86 151 0 48 19 177 141 241 177 116 0 255
    255 52 119 97 0 81 195 30 255 166 7 236 255 0 0 63 0 0 218 167 0 238
    242 8 116 81 93 246 255 31 255 196 0 127 0 119 255 231 0 0 255 255
    205 143 25 89 23 46 248 36 255 140 174 48 255 160 73 242 255 0 255
    181 196 0 87 146 59 255 167 255 0 223 0 40 184 78 140 218 255 81 135
    255 23 255 0 35 255 0 196 229 0 0 49 245 43 110 255 255 218 35 255 0
    255 255 104 138 255 174 185 174 60 255 227 190 240 0 0 185 240 0 67
    109 126 95 232 128 0 121 255 192 49 181 255 247 0 253 104 171 218
    255 52 0 144 0 187 210 5 0 255 255 83 112 255 239 63 0 170 255 247
    255 232 23 72 2 100 255 255 255 0 59 90 117 156 0 64 255 0 132 255
    118 0 158 255 235 251 170 179 182 123 255 181 247 169 216 126 202 0
    192 125 66 147 223 255 159 0 169 216 0 65 255 255 193 0 4 51 253 255
    255 237 255 150 188 0 1 37 248 243 75 142 64 218 146 0 172 126 115
    15 0 173 115 91 0 255 0 0 79 0 98 38 0 89 255 0 183 36 249 255 235
    96 40 152 0 88 255 126 15 69 160 0 240 249 227 122 120 55 202 10 229
    15 255 222 25 213 25 210 255 92 115 158 57 129 155 161 255 67 255 5
    0 255 3 255 201 81 8 76 0 36 191 30 210 139 245 231 255 220 0 0 212
    159 0 0 128 198 8 69 154 245 255 102 255 255 93 95 255 109 253 255
    103 255 255 207 81 255 95 74 255 0 255 14 255 0 81 131 0 49 113 27
    186 255 220 228 0 255 255 58 0 0 198 255 255 0 255 186 255 255 75
    232 255 251 156 150 100 0 225 255 37 140 44 255 48 172 225 47 242
    102 255 83 182 130 8 114 255 0 46 167 220 181 0 198 241 7 50 219 240
    233 103 255 0 0 255 0 73 212 178 78 177 255 213 0 0 255 0 59 69 0 0
    0 76 0 255 10 255 71 249 255 0 0 32 175 114 50 239 0 0 178 0 255 192
    90 170 183 155 116 0 246 167 101 139 112 18 92 0 255 165 156 167 255
    191 185 255 0 249 0 37 107 226 238 193 26 216 255 255 255 0 255 255
    18 78 0 0 185 108 0 27 58 145 209 228 245 255 182 255 34 184 0 98 96
    0 196 0 0 41 215 43 133 172 122 148 255 107 116 56 40 157 76 0 0 41
    255 44 255 0 203 0 0 192 162 188 178 14 28 216 255 25 43 104 0 101
    249 0 255 151 0 158 65 216 82 212 181 190 38 0 109 118 0 0 141 48
    195 0 255 255 116 255 255 36 90 78 72 108 92 147 65 72 198 240 88
    230 159 14 0 0 0 165 157 35 117 48 239 22 152 0 41 176 54 130 74 33
    125 0 0 0 205 255 2 219 254 255 169 231 4 0 215 171 0 12 255 46 67
    163 35 161 0 213 0 175 2 255 0 255 150 10 157 159 255 0 0 134 109
    158 181 29 31 48 142 255 191 255 173 191 251 8 224 90 104 0 255 210
    125 0 239 255 68 66 255 88 119 108 255 255 0 12 255 0 38 82 183 255
    158 50 255 255 110 251 0 190 253 66 0 255 233 0 219 166 215 0 117
    166 197 12 10 0 245 105 0 255 255 196 16 255 182 195 124 189 195 207
    255 241 137 194 255 247 0 95 0 108 255 0 82 255 255 14 0 88 246 248
    127 255 53 39 67 163 0 197 250 188 182 255 255 0 0 105 0 68 255 0 0
    255 255 185 0 148 30 190 255 48 0 76 20 6 118 229 255 0 0 255 19 1
    135 202 0 0 226 0 190 88 221 177 172 255 241 28 253 214 191 53 237
    124 79 218 255 57 0 255 119 255 224 157 255 182 0 66 255 89 255 255
    63 253 227 255 33 255 170 217 248 0 67 89 0 141 0 0 0 255 204 154
    117 255 0 0 255 0 0 253 0 144 0 45 21 255 103 0 28 255 157 156 53
    173 96 41 255 0 168 110 168 0 120 255 255 39 39 2 77 221 57 166 63 0
    72 8 27 188 58 29 176 60 179 18 255 219 255 103 188 228 0 255 255 89
    35 207 161 72 28 183 31 157 105 0 159 0 171 43 0 0 108 46 199 157
    201 0 166 27 174 0 0 107 97 255 86 131 255 0 255 28 189 15 34 255
    255 49 146 106 255 83 178 44 143 0 255 255 24 187 119 0 255 224 59
    76 255 174 255 57 223 98 111 84 240 255 255 75 227 36 236 138 0 0
    175 156 216 255 216 0 186 113 181 5 237 60 123 252 0 210 74 8 0 10
    255 94 252 174 255 22 0 250 93 0 68 0 222 46 248 207 0 255 25 255
    222 0 0 231 153 249 38 0 55 241 219 241 98 213 255 61 255 0 164 144
    66 59 3 199 52 0 252 14 255 0 255 32 255 0 246 0 228 0 0 12 90 234
    73 182 177 212 250 236 0 149 214 0 144 150 225 190 91 241 48 0 255
    70 134 10 255 185 0 205 0 255 76 33 98 86 255 51 179 36 181 55 142
    149 169 47 255 255 220 21 255 51 245 215 215 36 255 255 255 255 107
    221 87 246 43 254 255 0 162 221 255 48 0 255 255 153 198 131 255 0
    171 50 236 48 237 255 16 179 255 26 134 0 255 0 15 240 130 12 13 81
    81 200 246 255 0 73 121 255 143 0 230 255 67 35 224 0 97 255 255 255
    0 35 255 255 228 174 0 7 148 0 0 200 107 4 0 57 143 87 44 0 77 255
    159 166 98 26 0 255 239 81 224 0 125 0 0 62 166 76 76 85 255 74 98 0
    129 23 72 123 93 210 132 0 169 255 107 128 0 255 255 0 179 110 0 0
    162 254 0 168 92 31 97 165 0 38 0 0 84 0 233 121 36 202 152 175 255
    154 0 178 0 198 47 18 119 139 29 54 255 0 229 0 28 120 49 48 213 166
    29 255 0 23 101 199 0 243 173 255 186 0 255 0 255 0 0 10 65 208 180
    255 0 140 97 40 0 12 179 9 193 245 192 0 146 226 0 121 255 68 167
    255 170 167 0 225 30 44 166 30 160 0 0 255 241 93 0 164 0 255 43 0
    255 196 179 0 192 255 15 255 57 11 213 0 186 0 238 255 129 173 255 0
    133 57 86 255 184 0 77 0 231 77 1 255 253 89 47 255 7 9 0 0 10 53 0
    52 145 100 80 255 12 255 134 171 255 2 255 255 92 71 0 233 224 233
    181 189 94 97 0 133 236 0 209 208 157 217 125 255 66 97 255 67 0 94
    140 251 0 175 255 216 159 0 33 95 0 255 191 127 143 50 255 139 255
    171 255 98 255 0 0 182 188 107 255 255 213 250 194 255 73 145 255
    255 142 195 0 0 33 87 206 9 255 22 0 0 210 129 188 0 140 146 0 235 0
    0 56 0 14 20 123 76 0 0 135 255 255 115 0 4 53 255 15 178 6 29 0 179
    0 201 176 36 222 119 59 255 77 255 255 98 252 231 224 48 175 191 99
    175 188 186 0 255 190 182 255 255 103 255 255 210 0 0 240 0 0 173
    255 245 0 85 0 0 78 53 0 75 187 0 255 105 153 32 164 34 0 0 187 27 5
    165 116 229 222 255 255 0 206 168 113 137 83 40 0 22 255 166 30 215
    62 0 0 255 0 99 208 95 136 239 189 114 17 242 255 139 144 0 22 0 143
    86 14 19 144 54 255 0 0 94 243 37 227 21 68 247 0 136 224 134 119 49
    255 82 255 0 250 176 255 182 255 252 160 151 88 255 255 0 218 80 4
    255 101 103 25 255 174 0 255 114 148 144 255 255 182 249 255 237 77
    214 0 216 46 0 100 75 68 62 248 178 145 255 75 0 255 84 23 22 209
    159 92 84 3 91 255 212 194 242 129 255 12 215 202 181 255 252 87 195
    255 0 160 0 0 64 0 0 146 0 17 181 251 55 97 53 33 0 0 84 153 190 0 0
    0 69 219 0 212 223 41 96 142 245 255 213 115 0 47 80 0 186 255 48 26
    217 140 169 13 165 255 221 209 255 0 83 255 176 81 255 255 127 166
    198 157 0 255 255 203 125 59 226 166 255 123 157 199 229 25 255 0 82
    0 228 0 88 0 0 0 82 9 83 18 0 85 255 9 24 0 172 179 177 155 32 0 228
    177 30 255 90 0 51 110 13 81 255 148 255 178 13 9 0 225 255 194 231
    0 255 201 0 141 185 255 106 71 89 255 0 125 255 5 0 70 0 81 0 0 255
    0 255 0 54 218 184 121 78 33 255 255 81 132 147 250 0 112 255 75 195
    255 153 232 230 78 0 0 42 108 112 255 242 255 255 255 234 4 0 0 0
    255 0 255 20 0 232 0 0 0 183 148 0 144 255 255 232 104 255 0 184 209
    0 0 228 255 0 0 255 0 39 20 255 19 255 15 173 197 0 109 0 0 245 108
    186 182 200 0 81 1 160 72 255 255 255 32 13 241 255 238 74 182 41 19
    115 0 177 0 34 255 254 106 255 255 144 4 0 207 255 0 50 0 255 255
    210 196 255 255 131 19 255 87 0 255 178 33 0 254 20 0 255 0 129 0
    255 255 148 255 225 0 30 159 0 82 82 105 63 0 255 52 15 12 0 113 255
    176 0 171 148 255 0 58 161 255 255 27 0 0 88 231 102 160 255 212 255
    110 36 139 255 174 52 1 0 199 252 0 95 154 255 255 166 138 71 133
    255 255 255 255 180 247 0 0 126 179 255 255 255 152 83 7 209 39 255
    39 0 6 52 248 255 0 255 56 0 128 40 255 148 255 227 89 168 213 0 255
    121 0 72 255 113 213 43 247 212 56 0 255 146 255 0 255 174 255 170
    20 0 84 30 240 58 89 77 166 143 255 47 138 239 129 255 0 255 73 0
    151 83 0 192 255 217 198 204 12 186 32 226 61 187 92 119 50 210 78
    255 247 80 0 16 255 0 207 166 68 255 58 153 15 0 255 111 68 210 62
    255 5 64 233 255 172 146 57 165 255 154 255 168 0 121 212 159 141
    255 0 136 55 16 255 245 14 0 199 182 0 170 255 138 206 152 0 120 237
    255 251 246 53 222 0 0 255 209 66 255 0 255 178 112 123 200 219 255
    0 163 0 212 255 194 255 212 0 163 156 163 194 249 202 255 81 42 146
    190 0 106 0 186 141 255 122 70 164 180 181 0 197 8 212 131 255 176
    89 58 141 47 0 96 85 244 255 199 255 45 0 255 255 0 24 168 93 255
    170 208 194 222 255 0 80 0 7 228 249 255 74 181 118 233 255 226 77
    129 52 0 255 208 184 255 178 2 102 255 255 86 255 186 113 242 20 0
    164 255 0 223 140 32 141 255 225 44 241 170 0 100 255 0 187 230 31 0
    112 153 0 203 255 78 255 91 0 255 0 24 178 39 26 255 248 0 255 0 10
    9 0 95 0 57 175 0 0 50 128 0 117 73 141 184 255 255 78 250 14 116
    255 5 5 255 0 156 0 255 0 218 205 153 255 236 139 123 54 146 143 221
    0 0 124 140 0 15 95 215 144 23 206 11 255 194 255 72 72 20 255 255
    18 207 0 43 116 197 181 55 45 91 25 0 255 92 255 5 0 255 255 34 134
    174 120 255 0 238 232 193 255 177 188 135 142 0 255 187 255 50 39
    165 0 76 213 211 251 156 0 255 177 104 53 167 255 255 101 2 240 228
    95 186 0 171 113 255 255 148 0 255 255 17 255 223 189 79 0 0 220 0
    123 79 0 22 67 182 0 255 183 255 252 155 92 148 44 255 74 43 169 235
    49 195 35 255 31 101 151 150 116 10 255 155 183 188 0 102 76 108 89
    0 0 91 204 108 125 255 182 138 224 201 163 255 123 57 0 196 217 173
    0 73 19 201 7 255 255 111 93 19 248 106 0 209 242 0 73 5 0 111 50 73
    255 129 106 255 196 190 25 37 97 223 169 255 81 121 255 202 171 255
    2 255 231 50 255 255 255 10 92 217 0 120 178 101 128 190 229 255 0
    32 255 105 133 69 113 0 152 0 0 255 17 0 0 255 231 255 185 47 108 48
    236 134 255 42 0 221 42 177 103 0 255 0 0 220 245 131 90 255 171 255
    247 0 131 159 0 212 54 0 11 41 0 111 0 151 177 255 105 105 255 193
    101 124 104 0 255 58 0 0 0 0 221 41 0 226 128 255 145 255 30 86 0
    245 11 253 0 255 255 94 244 167 0 255 245 97 78 0 10 133 42 146 196
    0 0 38 0 153 185 255 216 108 164 130 163 56 35 0 47 125 129 175 55
    253 255 200 51 62 76 0 174 0 30 250 38 137 145 118 43 250 115 181
    137 214 248 206 0 50 174 176 101 107 135 128 66 255 255 255 102 255
    153 84 255 33 51 255 255 143 255 234 178 15 0 193 129 207 183 39 88
    255 48 255 0 93 154 0 0 225 0 255 33 44 249 79 255 51 255 255 85 245
    185 208 255 5 121 0 13 0 0 200 0 255 3 178 92 191 255 0 255 117 54
    61 255 213 4 203 0 30 0 249 12 111 0 206 255 255 114 255 224 255 111
    61 0 255 255 255 221 255 255 255 210 51 255 0 60 210 255 186 183 102
    138 255 5 191 206 255 255 204 199 0 61 198 46 235 14 9 0 0 255 108
    40 245 142 255 130 255 3 136 0 255 20 82 107 83 61 60 41 0 63 136 51
    201 39 255 111 130 18 67 60 255 0 0 230 196 255 138 0 0 240 129 122
    167 255 255 167 255 0 227 142 255 255 255 238 34 0 60 54 112 0 254 0
    61 0 172 255 0 63 255 248 167 75 166 239 95 82 255 248 250 133 255
    154 45 86 0 33 44 186 203 104 14 0 105 218 0 171 149 95 168 9 208
    255 27 251 0 0 0 23 255 186 255 105 47 0 83 125 255 0 79 255 150 215
    255 255 97 130 0 255 0 0 0 255 0 243 0 0 145 2 255 198 2 79 255 118
    205 55 63 255 254 53 18 0 255 82 253 250 106 0 0 255 219 255 0 222
    167 217 237 0 114 75 69 0 255 7 0 63 47 135 0 175 138 131 52 255 40
    190 255 0 142 150 23 255 255 125 0 0 255 53 255 52 255 125 255 155 0
    193 255 0 255 204 176 0 37 99 0 107 0 255 124 170 197 184 0 6 96 255
    0 0 42 0 0 255 255 143 0 86 245 117 162 255 255 255 192 255 120 0
    235 13 227 126 232 255 40 44 255 100 255 0 207 138 124 170 0 255 10
    0 255 0 63 132 62 53 0 177 101 59 0 156 84 0 155 198 251 179 25 0 0
    0 162 128 52 0 0 223 0 210 255 255 51 77 20 0 255 255 255 186 0 153
    114 166 245 167 227 255 63 255 107 0 0 0 255 255 94 41 221 248 83
    246 170 255 0 152 255 0 0 97 231 210 208 134 255 84 255 255 236 0 0
    160 249 200 255 89 17 255 0 0 244 255 115 120 238 148 66 0 0 255 50
    255 255 0 0 255 0 74 194 255 64 0 239 157 219 226 0 251 255 251 83
    105 255 129 243 172 7 40 0 0 124 5 0 0 37 38 255 255 28 235 228 255
    247 216 255 253 255 110 0 84 192 0 67 186 255 160 242 176 0 102 255
    7 255 232 6 75 241 163 33 92 118 102 144 198 129 106 255 0 34 255 0
    109 194 28 0 82 234 0 37 223 68 148 16 174 130 255 39 0 180 165 255
    106 61 129 73 93 222 0 255 211 255 96 129 41 0 255 0 80 227 229 171
    0 166 0 0 0 29 113 103 186 184 0 75 123 211 0 179 239 0 48 174 0 31
    170 198 148 47 86 0 255 3 141 145 142 255 28 255 167 48 220 227 217
    255 255 135 255 255 0 255 17 103 6 37 240 255 49 243 255 0 21 51 197
    255 211 255 198 58 127 255 255 39 255 99 249 255 255 255 19 255 40
    55 248 170 130 20 235 14 255 148 36 240 174 14 0 183 254 0 144 140
    43 0 117 54 20 30 99 0 255 0 37 135 0 43 149 64 255 255 255 96 8 245
    57 27 0 255 211 60 133 74 71 0 251 255 43 95 178 133 0 0 138 100 0
    82 62 124 0 0 99 0 228 255 155 24 231 0 102 81 94 255 0 175 207 63
    66 218 152 87 168 34 10 255 0 0 255 225 245 255 85 163 238 17 19 84
    45 124 0 157 49 124 233 247 93 0 209 0 175 0 255 20 252 142 12 204
    255 255 143 8 197 161 255 234 77 190 21 0 255 231 67 224 255 136 231
    189 0 250 2 178 235 189 255 62 0 255 209 0 255 255 42 99 29 109 209
    255 85 42 255 0 0 255 0 61 0 9 0 0 212 242 160 173 0 0 46 93 0 126
    255 0 143 230 251 0 205 98 93 255 143 240 168 120 24 163 163 127 141
    255 208 144 255 255 255 255 5 10 0 75 0 17 86 255 196 2 7 5 0 84 13
    72 75 255 0 255 9 210 68 103 192 116 0 255 35 23 46 255 240 255 155
    19 195 24 235 25 0 14 189 174 71 29 255 255 252 0 255 255 252 255 0
    255 222 0 0 152 65 12 255 0 0 0 0 248 0 130 0 152 180 17 119 141 0 0
    175 77 100 109 33 0 9 16 117 81 53 0 211 57 255 27 73 249 86 63 88 0
    59 169 176 246 242 198 47 0 255 255 0 80 185 255 255 0 171 255 237
    206 63 255 11 0 46 192 244 38 173 82 243 35 64 92 213 69 198 1 194
    40 0 255 0 247 63 255 233 28 109 255 202 0 232 226 0 182 196 214 133
    255 192 255 195 255 202 0 255 96 1 182 241 255 229 0 255 255 100 255
    1 221 0 176 82 0 107 255 108 119 255 0 171 147 129 23 0 226 0 255
    255 10 229 61 0 0 97 255 140 129 231 241 0 0 255 135 187 74 0 211
    255 103 193 215 255 216 223 255 255 0 0 135 200 234 170 255 255 255
    187 105 19 97 131 139 49 104 7 158 243 0 5 255 180 195 174 12 87 202
    255 215 114 123 255 20 169 187 241 255 0 13 255 0 103 255 162 0 255
    0 53 255 84 255 0 6 211 164 186 173 255 255 34 161 155 168 201 255
    117 124 252 192 106 0 26 1 0 29 108 185 255 78 255 185 0 255 198 174
    237 160 255 204 0 255 51 53 255 31 0 1 210 194 120 0 73 249 172 109
    214 210 0 221 61 168 255 255 255 116 90 78 111 38 220 187 35 255 127
    208 116 39 180 237 255 3 125 241 255 0 163 255 0 0 182 255 56 0 255
    109 255 121 164 102 35 110 15 255 0 243 0 0 225 0 121 255 106 160
    255 195 0 74 0 102 238 212 0 49 255 79 0 121 69 145 141 1 0 255 255
    0 255 0 87 115 255 255 136 164 49 131 38 0 255 0 64 143 255 133 226
    0 122 0 202 127 177 81 161 81 52 39 133 255 92 255 5 255 187 109 158
    0 219 255 255 121 94 0 156 252 190 0 255 0 189 255 213 0 0 23 0 229
    255 56 151 17 221 236 29 255 255 255 255 198 255 0 0 73 195 255 213
    87 0 5 0 55 240 126 89 30 255 206 255 166 24 23 255 255 0 255 172 28
    255 255 0 219 38 67 200 36 21 0 98 119 210 255 0 184 207 0 255 192
    199 255 255 249 0 255 73 255 173 10 253 136 88 172 0 255 0 83 0 255
    231 191 144 67 183 197 0 130 168 255 139 12 248 0 255 217 96 32 15
    186 15 25 156 37 255 14 255 211 255 120 255 88 0 189 219 255 117 208
    231 54 255 0 255 17 158 97 0 0 192 255 86 0 0 19 255 51 116 66 196 0
    255 0 255 22 18 255 0 139 255 255 0 0 255 255 255 128 81 175 0 7 123
    121 6 240 158 109 35 233 10 226 0 83 0 72 0 0 132 255 196 220 44 192
    165 72 0 161 39 197 144 0 255 255 20 34 195 241 0 89 255 34 235 130
    110 0 233 255 52 30 63 0 0 255 123 111 248 183 76 255 250 96 250 0
    208 156 39 255 0 244 2 50 192 0 138 0 198 0 255 166 255 0 0 108 255
    0 0 36 50 73 0 131 217 255 0 165 186 147 6 123 255 255 255 175 97
    187 175 255 255 139 70 255 25 188 112 235 255 160 255 0 67 255 255
    105 253 0 30 140 170 56 146 39 69 0 126 64 248 194 135 255 0 193 41
    162 188 255 255 24 34 255 34 180 103 18 193 255 155 34 0 135 38 0
    173 87 134 87 234 17 236 75 0 79 6 0 82 0 0 38 164 171 251 255 255
    220 255 251 255 118 123 76 162 155 0 255 255 74 225 0 158 145 43 134
    255 67 0 127 200 108 0 114 141 190 177 0 218 76 0 138 255 255 142 22
    174 48 26 0 0 0 0 121 66 255 255 199 98 53 255 48 241 31 138 44 0
    191 250 188 255 142 240 224 88 163 255 209 0 143 245 255 239 77 255
    237 101 238 0 65 35 206 255 27 31 198 177 230 0 176 8 254 255 206 0
    214 255 83 72 17 195 0 132 0 32 0 71 101 247 73 0 121 52 192 255 193
    0 11 0 0 0 225 0 196 129 34 0 0 30 154 0 255 14 47 0 148 105 250 148
    1 35 44 170 255 0 140 255 255 0 255 229 164 163 91 0 161 31 248 169
    232 40 201 255 255 204 178 255 0 168 233 0 136 63 160 195 0 255 200
    39 128 91 125 255 0 168 131 0 255 230 40 211 0 108 0 0 255 0 255 255
    92 255 210 0 0 0 0 68 59 192 255 0 75 84 112 110 173 255 105 60 197
    28 161 255 241 0 36 106 0 149 255 57 0 162 58 0 0 44 147 255 79 226
    255 0 0 255 191 128 177 37 11 0 75 215 255 0 221 162 147 77 133 195
    95 255 255 35 0 158 66 0 193 254 94 182 0 0 207 115 134 0 0 255 125
    192 54 137 214 193 182 169 0 206 255 241 193 0 0 100 0 51 255 218
    220 0 255 112 255 67 192 255 40 204 163 255 185 125 173 207 0 255 64
    110 0 0 225 207 129 5 83 165 235 152 138 216 190 255 88 173 189 0
    212 229 250 186 0 255 205 34 187 255 255 169 255 255 255 0 171 203
    255 39 0 134 255 255 221 0 0 255 0 249 255 28 220 73 101 0 36 247
    255 202 4 103 0 53 40 51 255 255 0 255 3 130 90 255 0 157 255 0 59
    255 0 102 55 38 237 162 241 255 192 87 200 0 255 0 138 255 253 255 0
    156 255 0 54 98 164 255 243 101 224 0 32 219 255 0 106 176 222 91 5
    255 98 255 0 255 59 79 0 88 0 152 177 85 0 237 151 149 23 92 0 194
    91 171 255 255 208 255 217 96 255 0 234 140 0 0 45 19 255 255 185
    132 49 91 14 227 0 109 25 0 255 246 0 0 0 43 242 215 118 0 85 252
    205 56 63 216 0 255 255 255 255 255 255 255 12 30 255 210 127 93 117
    54 255 119 179 90 255 181 140 88 255 30 0 255 64 255 8 255 0 93 87
    58 213 228 0 96 94 132 128 0 88 168 92 237 255 147 162 0 255 255 0
    132 0 67 87 5 8 147 27 255 45 77 117 48 255 0 247 192 129 255 0 255
    132 206 139 201 0 110 175 207 173 0 134 0 39 255 0 28 69 21 0 168 0
    255 111 113 204 255 168 0 20 44 205 72 154 255 0 81 255 0 47 145 0
    227 0 134 240 0 245 0 218 0 133 0 201 255 73 255 46 99 98 0 11 255
    195 43 43 129 255 0 73 0 255 160 115 94 0 178 149 70 255 172 83 2
    255 193 45 80 165 255 0 86 255 0 221 173 195 146 0 122 0 160 0 18
    112 130 171 175 67 119 214 58 247 255 255 255 212 255 0 0 233 137
    131 23 25 109 0 178 243 213 255 187 28 58 145 0 200 89 0 193 93 255
    37 117 128 71 0 195 94 0 61 18 188 74 245 32 6 16 210 255 0 51 255
    231 130 92 255 255 124 65 99 76 0 211 0 103 44 0 0 22 50 54 0 253 0
    173 212 99 255 0 255 184 6 50 14 255 0 0 26 255 255 179 255 254 93
    241 249 243 128 0 199 0 255 201 65 222 0 191 0 0 0 0 161 0 57 0 248
    43 175 145 255 255 0 205 0 135 28 89 255 164 0 68 154 132 0 46 255
    69 73 0 0 23 255 223 0 182 16 236 81 181 210 85 178 48 255 130 85 17
    0 12 229 0 173 240 198 77 255 255 247 255 255 0 150 47 161 255 134
    255 255 7 0 240 66 153 132 153 28 0 81 125 51 0 183 255 227 255 184
    242 192 17 19 115 12 255 255 27 255 255 0 0 180 135 115 171 199 255
    0 178 198 100 48 198 255 255 47 255 0 2 241 163 137 46 137 0 255 255
    103 237 255 95 181 236 46 18 171 225 189 117 0 119 253 131 251 255
    35 247 0 0 174 0 0 214 255 75 0 235 255 90 204 234 0 0 0 239 22 0
    119 255 255 110 240 46 11 220 255 238 29 146 152 186 86 0 233 255
    255 0 89 62 240 255 58 169 255 141 110 206 232 1 0 131 44 0 0 0 108
    86 10 246 126 0 211 224 41 8 255 121 156 255 131 0 70 218 133 56 165
    255 178 238 216 0 255 187 255 141 22 255 255 77 18 255 155 97 255
    207 0 255 255 144 183 67 0 255 102 0 167 179 255 23 0 217 255 210 29
    23 195 219 0 0 0 185 255 71 0 0 24 166 0 0 255 2 16 192 255 129 0 55
    97 0 67 0 0 12 224 175 255 22 41 220 0 244 255 219 0 207 255 255 91
    0 158 50 200 255 0 62 164 15 13 190 0 102 236 196 45 231 148 0 178 0
    171 178 0 255 255 198 42 255 255 249 36 221 175 176 42 255 236 0 28
    255 167 255 255 0 30 21 85 255 127 79 247 204 0 0 255 0 255 157 201
    188 255 81 0 0 0 1 21 251 102 163 255 218 0 255 255 0 255 0 0 58 203
    150 194 214 255 255 127 0 0 188 21 119 251 249 156 237 0 60 182 255
    173 130 133 246 34 255 199 255 255 75 0 255 197 0 0 110 151 0 101 12
    255 0 20 0 142 204 93 255 112 255 121 219 6 73 0 0 0 49 73 3 255 68
    51 255 171 130 0 0 73 0 253 95 117 34 0 140 236 71 90 0 86 250 0 255
    185 0 51 255 89 0 22 90 255 0 42 0 0 9 18 255 201 6 125 255 88 98
    252 174 0 220 86 0 255 157 53 160 131 167 0 0 154 0 141 181 0 0 0 41
    13 255 106 2 255 0 190 0 217 112 255 0 78 0 237 255 0 0 255 22 5 0
    255 102 0 83 255 197 17 23 10 144 0 255 30 116 255 131 255 218 248
    173 137 255 181 151 44 8 175 71 147 56 221 193 106 27 140 255 0 255
    255 0 244 159 255 128 250 197 255 0 0 255 0 166 255 191 73 255 144
    255 255 255 15 87 255 255 234 0 154 0 210 255 175 151 10 215 175 255
    3 8 42 0 115 209 223 63 255 0 36 62 0 255 135 255 188 255 255 228
    138 255 137 9 0 254 144 189 255 255 173 195 98 131 232 197 79 255 0
    56 143 45 255 0 0 255 0 255 224 255 255 193 193 87 106 255 0 2 113
    189 121 13 0 11 202 25 101 196 0 0 219 0 158 185 0 65 12 255 255 237
    74 127 255 25 50 26 103 255 62 251 62 75 255 199 58 117 0 236 0 255
    0 0 255 188 0 255 255 255 184 255 18 212 0 0 102 255 17 255 145 255
    0 0 255 41 237 168 194 0 213 0 253 24 59 137 72 240 174 255 0 199 67
    0 168 73 161 0 127 222 255 204 218 255 0 255 255 255 54 0 255 0 191
    93 163 73 105 255 242 50 81 255 0 193 223 0 220 138 3 0 212 104 255
    255 29 63 255 22 255 148 236 222 223 255 47 255 5 65 255 58 0 77 126
    0 12 0 108 255 66 90 116 255 255 255 214 141 212 63 0 126 185 255
    255 255 166 255 60 101 3 0 0 0 255 252 236 0 210 30 123 0 186 44 0
    216 27 247 255 255 255 255 255 95 0 255 0 157 0 176 255 217 191 0
    147 255 23 0 255 11 153 255 255 252 255 43 47 0 71 27 0 131 91 227 0
    254 65 0 183 0 0 75 181 231 137 252 116 0 255 0 255 166 194 203 49
    103 255 42 164 87 122 250 231 116 255 236 183 142 75 7 199 74 0 215
    0 147 234 170 129 2 20 7 255 73 171 0 0 49 255 145 255 255 255 125
    186 69 255 26 156 254 0 160 178 67 146 40 220 110 234 157 0 221 66
    58 0 0 0 0 229 255 0 233 0 0 234 0 209 145 255 45 0 127 62 76 255
    255 9 36 255 15 0 117 0 151 193 69 255 127 0 255 255 62 236 72 12
    255 121 0 105 20 0 0 255 72 0 0 0 156 207 180 217 255 0 255 70 95 0
    255 182 142 37 110 65 255 0 74 255 32 59 174 201 35 229 255 45 255 0
    114 0 255 0 187 255 255 0 47 247 255 94 255 0 9 255 255 255 0 139
    255 0 0 154 192 85 215 85 187 12 255 45 0 255 113 0 0 115 255 204 0
    0 177 255 145 251 133 0 255 255 208 255 204 11 179 254 171 47 152
    228 86 26 161 83 28 255 44 255 188 107 255 152 0 125 36 168 51 99
    114 87 255 255 255 239 217 0 255 102 242 93 255 109 156 49 154 18 0
    16 240 0 78 99 237 176 37 255 171 15 0 255 35 254 255 16 172 0 255
    255 201 29 48 196 0 27 255 76 199 218 233 0 233 214 9 95 248 223 0
    10 175 158 67 0 255 235 250 124 119 125 66 71 121 162 0 165 0 0 255
    36 146 0 25 255 255 75 0 65 65 247 0 9 180 194 255 255 95 255 255
    255 147 187 156 0 255 0 0 37 125 20 255 255 123 88 63 204 58 190 131
    198 163 24 56 255 255 144 185 161 127 255 0 18 90 80 50 0 255 134
    239 94 235 94 40 185 196 44 255 110 38 255 89 252 132 149 182 154
    245 131 0 245 211 148 255 76 255 246 0 255 93 138 114 65 31 4 18 38
    78 3 50 109 61 165 241 255 255 128 0 191 164 12 21 164 0 255 103 112
    84 64 106 120 0 255 255 245 0 144 0 255 255 30 134 42 111 227 119
    255 151 200 117 174 102 94 132 218 238 86 21 168 0 255 255 133 235
    124 0 116 18 66 255 164 10 0 241 0 0 0 0 202 0 5 0 128 192 145 51
    117 214 255 94 67 191 218 255 0 255 121 62 22 255 0 138 0 22 0 255
    159 0 241 0 0 245 204 0 0 0 0 171 0 210 204 255 255 214 0 37 0 204
    211 149 206 255 0 125 152 255 0 255 205 243 255 251 255 232 22 149 4
    0 172 0 0 248 102 0 230 0 68 18 79 130 11 57 0 255 255 149 6 88 203
    34 255 166 249 95 0 72 255 33 0 255 0 208 208 255 219 37 222 0 238
    227 0 239 255 61 120 238 131 70 0 0 255 29 158 0 252 119 0 206 124 0
    0 68 146 0 0 75 0 207 71 23 0 192 255 0 75 255 166 255 255 0 0 72
    255 0 229 10 199 255 100 255 184 228 0 255 0 62 121 26 238 105 195
    88 0 0 174 255 229 69 244 8 0 79 255 0 162 255 38 0 0 255 0 0 96 184
    227 0 51 116 255 252 0 157 158 255 255 231 185 230 162 59 255 244
    124 0 255 0 146 218 188 185 0 72 48 255 255 0 191 0 255 244 0 114 0
    0 255 195 255 255 0 73 255 116 110 0 82 135 0 53 0 120 0 135 0 255
    35 81 255 16 0 255 0 53 0 0 176 255 207 225 75 0 243 21 255 0 170
    162 0 0 227 35 0 0 118 24 177 131 254 255 255 255 255 255 0 255 231
    94 255 0 255 63 225 255 1 235 189 236 255 245 22 13 123 0 40 255 255
    255 22 134 152 0 194 175 255 48 159 0 114 255 72 19 155 211 0 87 255
    71 0 162 113 0 0 45 0 210 212 95 49 7 255 0 192 0 59 16 0 15 255 42
    73 0 45 152 178 98 255 233 62 255 3 52 255 251 79 44 242 0 0 0 247
    199 162 102 144 57 132 242 229 31 141 251 255 255 175 148 116 254
    243 0 238 218 176 9 206 255 255 10 241 26 0 113 86 71 156 157 255
    255 190 255 255 244 94 83 108 39 46 79 173 152 255 39 162 125 24 255
    255 252 0 255 46 255 145 198 255 79 255 238 255 100 0 220 0 188 177
    0 173 0 250 255 255 0 247 245 0 135 49 48 255 143 0 132 0 0 217 125
    0 96 201 0 163 177 125 0 0 181 0 121 157 86 105 247 154 255 87 255
    41 0 255 0 0 45 220 255 182 205 0 229 229 255 255 0 86 29 230 255
    105 155 156 95 22 141 102 0 254 250 25 255 255 191 72 255 148 220
    249 189 5 34 151 206 160 0 43 226 184 178 148 77 134 90 255 223 0 47
    0 40 49 33 51 133 255 142 255 52 255 88 4 0 255 255 180 0 234 20 0
    241 216 76 146 179 137 90 4 53 77 21 255 199 102 118 150 255 183 0
    13 252 106 255 203 12 0 255 48 48 255 52 60 248 102 192 6 191 0 111
    16 118 255 255 157 255 233 0 191 138 0 99 0 161 0 52 0 164 225 73 0
    255 241 73 0 0 255 0 182 198 157 121 53 177 0 255 172 0 148 0 214 0
    156 254 249 158 41 255 0 62 255 114 232 255 0 233 32 100 255 0 79
    255 106 103 161 0 141 255 150 255 95 0 143 7 0 133 240 0 0 101 243
    66 0 255 130 255 255 255 71 13 255 10 234 46 169 0 41 0 255 162 140
    9 255 213 121 189 137 255 58 173 255 0 230 95 255 91 171 217 200 27
    203 0 142 164 50 167 147 0 237 70 0 40 144 49 111 105 91 248 186 66
    169 74 201 9 255 144 255 73 43 255 243 255 63 0 255 25 0 255 255 213
    98 255 48 0 174 20 34 32 252 145 122 79 187 255 60 95 7 0 0 75 199 0
    7 255 0 255 255 210 204 90 135 0 232 66 255 0 0 135 67 0 255 0 231
    44 64 121 0 0 0 0 224 255 0 205 255 144 251 170 110 50 175 95 255
    151 209 255 99 0 67 0 0 231 255 79 0 29 206 87 243 0 84 248 0 0 0 3
    0 138 224 104 128 0 0 22 255 152 255 255 254 0 15 255 143 21 255 2
    255 239 0 255 149 133 36 0 217 224 222 255 255 169 67 125 0 255 255
    73 224 0 202 255 112 0 255 224 42 0 255 49 255 0 255 0 99 104 54 238
    0 57 13 146 0 174 10 67 0 255 0 255 182 53 148 124 0 241 207 255 0 0
    119 30 164 177 255 223 194 16 214 76 160 63 1 139 190 174 36 200 255
    197 253 69 255 55 145 0 129 104 223 8 97 26 131 0 255 0 0 152 88 0
    34 255 168 255 245 93 226 102 255 0 0 0 0 0 126 255 76 255 231 62 0
    254 5 181 100 0 255 151 137 212 130 5 230 222 234 83 246 238 0 117
    100 106 255 200 46 212 0 251 71 169 117 255 0 234 200 65 255 255 0
    111 0 255 0 0 247 229 228 102 107 182 0 22 177 25 0 255 193 34 180 0
    0 20 132 255 0 0 0 0 107 116 109 255 5 103 188 146 0 0 0 212 213 0
    18 137 1 164 93 59 255 201 255 255 255 65 149 0 182 143 213 0 158 0
    255 252 255 147 54 115 136 106 135 13 111 255 28 197 255 255 175 255
    27 255 10 0 143 189 148 154 92 255 0 227 125 255 255 0 239 38 255
    103 50 175 255 82 0 252 255 53 240 178 0 245 19 92 228 3 111 152 185
    0 196 193 0 45 255 0 0 185 246 0 0 109 120 0 255 255 87 36 162 255 0
    111 255 179 255 0 74 255 236 174 244 183 92 255 4 133 82 0 81 0 0 0
    4 28 160 0 170 6 255 133 0 255 255 244 243 233 0 196 255 211 0 30
    255 100 196 175 255 255 137 5 99 50 88 215 255 209 255 0 193 36 2 52
    189 47 127 238 25 157 79 53 126 107 162 67 255 255 255 119 109 255
    187 0 105 255 0 73 155 152 0 42 29 250 192 0 105 255 97 170 0 190
    215 14 92 136 219 133 40 0 0 255 53 85 233 241 0 255 0 0 0 83 0 0
    255 63 17 255 15 59 182 193 162 0 224 109 0 214 121 0 106 241 193 40
    255 0 73 194 254 5 0 0 83 237 255 201 187 247 0 60 193 14 255 84 255
    255 245 119 255 178 0 0 100 95 0 165 255 59 2 175 8 255 0 255 0 156
    0 12 246 255 26 255 171 255 97 47 109 255 234 255 92 54 104 0 98 188
    66 28 239 137 152 195 223 99 181 0 0 124 76 121 135 188 187 132 64 8
    21 118 197 12 4 255 7 0 208 118 7 94 255 0 249 0 0 0 255 188 65 104
    162 255 6 102 0 14 92 51 140 0 255 0 238 176 255 43 5 255 0 187 255
    193 220 115 21 224 132 255 255 67 92 220 82 0 72 147 52 0 198 110
    224 0 206 255 0 255 255 174 91 125 14 0 204 4 251 170 0 6 163 190
    106 0 216 189 255 163 171 197 96 255 131 0 0 137 135 74 255 255 189
    179 255 117 0 140 0 29 0 126 0 17 67 203 150 0 148 255 255 202 145
    174 115 255 26 255 108 190 173 0 137 0 108 10 0 90 0 238 38 0 255 0
    0 47 4 228 226 221 207 255 255 118 230 97 148 33 214 0 0 234 241 39
    255 67 214 203 62 86 111 74 240 0 9 242 0 0 77 76 0 255 127 150 218
    0 255 154 23 98 130 255 211 112 149 246 206 0 156 233 255 255 56 0 0
    207 96 93 62 122 246 225 255 54 9 255 46 43 255 255 237 0 255 0 220
    158 27 131 255 255 0 0 231 255 0 255 255 0 240 150 75 158 0 149 0
    255 131 255 0 226 0 231 145 182 0 255 125 106 255 104 0 85 255 112
    146 22 175 87 156 91 185 27 158 166 128 0 255 149 126 13 227 117 0
    255 246 255 2 255 255 248 51 5 177 255 234 1 0 2 192 94 27 40 255 70
    0 229 167 0 23 41 134 117 0 205 87 252 69 247 77 255 38 200 229 255
    255 238 255 255 173 10 46 186 132 163 255 134 143 217 37 131 116 111
    32 0 51 121 0 0 38 255 0 255 255 241 255 189 255 15 86 5 235 0 255
    219 255 206 147 125 145 246 149 0 255 0 128 255 80 0 58 40 149 40 0
    0 255 115 255 19 133 179 55 115 173 0 86 70 255 93 71 0 201 0 106
    255 0 9 0 57 27 255 90 244 168 255 0 255 255 66 37 255 255 113 255
    26 212 35 184 47 0 0 147 37 240 0 14 202 204 0 90 200 255 114 1 151
    255 253 210 157 251 154 0 67 28 177 148 82 61 52 0 0 255 7 1 78 255
    173 126 155 255 138 238 99 76 121 0 255 44 173 10 219 159 5 186 255
    105 90 255 138 0 41 215 76 252 154 135 126 190 253 255 0 255 54 0 57
    3 255 251 41 0 255 92 242 151 224 255 255 42 53 0 244 138 57 102 218
    255 0 255 116 255 177 111 0 140 0 129 15 0 27 0 151 124 77 185 204
    133 226 18 83 0 110 27 59 216 0 162 0 255 251 171 0 102 0 0 0 28 224
    255 0 0 40 80 60 230 0 0 200 0 252 255 199 0 233 0 0 188 23 2 222
    229 204 105 71 112 0 126 255 69 40 64 130 66 207 63 0 255 81 255 28
    180 0 255 255 189 156 68 0 72 0 0 0 0 0 46 255 123 0 255 0 58 76 13
    0 199 93 0 29 25 255 91 87 180 0 0 255 19 137 128 138 255 0 13 111
    40 234 109 170 200 46 105 248 0 49 45 72 0 251 44 152 0 232 246 0
    255 255 255 190 53 118 52 12 71 59 111 63 255 243 150 87 255 32 255
    225 0 255 255 255 106 250 123 42 0 255 198 255 255 0 209 42 99 93 27
    230 0 255 255 57 152 117 255 139 147 205 255 22 255 214 93 61 172 0
    235 102 255 248 33 255 172 255 255 58 217 170 242 47 120 255 255 129
    130 225 134 56 22 255 254 0 43 73 0 0 0 255 54 219 222 255 255 65
    155 0 44 0 0 132 185 246 0 203 255 185 8 255 0 115 126 156 74 108
    255 193 97 255 242 130 253 116 0 0 136 90 158 0 53 0 30 63 68 101
    190 53 255 255 255 107 206 166 230 142 236 42 0 2 255 255 255 255
    168 255 255 30 204 0 255 242 171 169 116 64 255 0 33 220 0 31 157 0
    98 0 163 143 46 66 255 237 133 255 174 83 0 239 223 61 49 0 0 138 0
    0 102 76 255 0 61 62 0 222 0 94 0 191 154 113 48 255 209 172 255 232
    67 162 47 192 255 152 75 83 0 255 174 216 164 98 255 0 0 237 246 251
    145 184 187 255 0 128 255 121 0 62 153 0 255 255 212 0 255 255 245
    175 133 11 101 108 255 255 174 133 255 0 255 130 156 181 153 162 166
    134 166 62 46 255 250 222 255 28 255 152 86 255 0 172 15 216 65 0 66
    0 147 255 208 116 66 100 175 164 255 94 255 202 62 251 255 142 245
    255 185 255 2 219 0 104 190 255 255 230 239 29 218 225 255 0 0 233
    255 32 0 0 95 0 207 233 0 255 80 171 16 16 0 205 0 176 245 191 0 0 0
    213 68 0 210 16 250 69 0 105 161 0 181 13 84 0 255 14 178 255 44 205
    90 255 0 156 14 146 104 255 39 59 255 142 224 0 6 101 202 200 89 255
    0 255 71 254 255 255 216 225 0 227 0 72 72 208 206 67 36 49 0 46 64
    228 230 191 62 51 60 0 93 116 31 0 0 0 7 255 0 38 202 165 250 219
    193 186 134 0 171 174 222 0 112 140 154 194 79 255 23 32 255 237 183
    34 109 31 174 128 150 255 134 215 0 140 69 116 132 61 238 255 196
    255 255 138 255 49 0 211 1 119 255 0 133 97 255 255 0 79 71 46 255 0
    91 255 255 0 0 16 255 170 248 207 8 47 178 255 0 0 225 88 117 222
    104 175 113 232 75 129 196 37 255 255 255 255 0 245 71 232 255 227
    45 0 167 74 245 136 255 245 234 95 255 236 254 87 223 0 235 0 0 174
    0 0 6 119 255 0 155 0 193 0 73 137 244 116 74 255 240 130 254 109
    242 51 171 255 175 43 172 255 159 0 143 89 171 0 0 17 0 161 170 189
    0 232 67 61 89 0 255 84 0 98 140 255 212 255 134 132 26 148 255 103
    255 31 241 0 0 255 255 183 255 88 0 255 221 105 188 255 0 255 0 0
    182 0 0 195 223 131 0 209 152 5 80 0 80 86 0 191 255 28 65 255 185
    174 111 230 255 0 69 255 18 0 221 0 255 0 255 191 197 255 4 114 117
    63 255 185 0 0 28 173 183 125 0 134 17 255 24 41 154 255 182 148 103
    211 96 170 0 34 230 39 3 124 193 0 0 112 100 176 71 69 151 162 196
    255 255 66 255 118 0 215 216 0 148 255 255 255 141 157 0 81 86 0 0
    45 0 33 39 143 255 255 0 118 162 153 255 5 122 237 139 0 255 255 123
    129 85 0 88 99 181 91 255 46 255 104 130 63 255 0 112 36 187 255 0
    42 28 100 0 86 84 60 255 204 106 135 108 255 255 94 89 255 124 42
    255 0 35 16 47 0 170 128 252 255 129 222 86 0 255 182 253 255 108
    206 37 255 120 142 182 255 231 255 255 161 255 132 145 6 221 255 87
    47 0 243 77 36 173 0 255 40 117 99 0 11 5 131 0 27 0 0 196 145 255
    123 255 255 252 0 187 191 17 169 20 24 255 0 243 163 5 44 175 152 0
    74 0 0 0 0 43 0 211 255 255 23 118 143 241 166 255 255 0 255 157 149
    86 7 129 213 151 0 75 137 111 216 0 113 255 245 202 0 0 8 155 255
    247 181 255 0 0 206 128 223 211 40 209 67 120 0 210 38 43 71 90 255
    0 255 255 0 207 255 63 176 178 29 224 0 171 0 177 73 255 62 255 0 92
    18 0 129 254 30 180 231 120 255 0 255 255 28 255 106 21 111 212 0
    140 211 187 207 0 74 255 176 166 58 255 21 0 101 70 97 60 0 204 0 0
    101 192 255 50 200 121 138 0 120 255 255 0 172 0 255 188 79 109 255
    0 205 255 70 0 49 12 0 255 15 19 215 130 0 94 134 69 232 147 255 207
    142 222 43 98 12 255 70 1 255 144 29 255 68 0 255 255 0 162 0 70 197
    64 196 0 13 149 255 78 100 0 0 158 83 87 0 255 0 255 154 0 0 35 255
    153 255 255 255 255 255 232 10 0 0 0 250 0 156 0 255 109 15 255 0
    255 0 0 28 0 0 168 255 0 102 255 223 47 40 255 100 164 18 255 162
    255 0 0 155 135 5 0 253 41 239 255 39 0 255 226 0 0 189 120 39 88
    223 255 255 111 255 255 255 71 32 0 225 95 0 0 255 160 0 162 255 0 0
    255 16 255 0 48 58 0 86 172 31 0 0 158 255 194 255 0 97 0 227 255
    215 255 255 78 255 255 241 255 0 4 0 46 156 0 255 95 243 247 95 255
    95 222 0 57 77 255 141 0 255 0 155 228 251 80 144 255 97 43 252 117
    0 90 227 75 0 117 0 137 188 39 13 221 152 0 255 133 77 0 27 203 0 0
    0 201 177 50 69 255 250 0 255 191 67 226 0 255 0 242 112 0 255 0 255
    117 0 106 153 31 0 255 231 0 255 102 216 61 225 77 65 255 168 136
    119 178 183 0 233 94 214 181 126 255 255 255 43 255 59 16 0 255 84
    182 255 255 0 255 255 85 77 237 4 141 0 255 68 0 123 208 225 25 0
    187 0 246 126 126 255 100 241 255 10 18 139 235 255 0 222 149 196
    179 188 217 0 0 175 2 21 222 75 22 255 188 182 83 206 233 255 26 75
    255 72 192 57 226 140 0 147 93 41 76 65 136 0 217 112 229 137 0 255
    41 0 0 255 45 189 0 177 255 94 0 242 28 0 109 30 130 11 82 172 44
    246 255 245 196 112 255 255 255 245 79 199 177 133 255 239 118 101
    255 0 255 114 44 234 255 34 255 90 0 108 60 124 142 242 255 87 1 91
    143 255 248 225 29 255 63 109 0 0 64 241 110 131 235 111 197 0 189
    80 0 255 119 255 0 73 203 174 255 255 50 112 70 159 241 27 8 213 66
    53 84 134 161 166 255 16 36 35 222 18 255 166 0 147 255 128 57 195
    207 0 34 92 255 255 230 139 84 123 255 226 0 0 255 107 192 0 127 115
    49 6 0 224 62 124 7 119 255 151 0 3 97 33 255 253 225 53 195 231 195
    247 77 234 255 66 155 164 255 253 65 199 255 47 45 220 26 162 148
    255 183 29 5 235 255 51 255 255 33 255 109 255 242 84 209 255 255 0
    48 201 102 67 194 136 0 167 49 255 57 0 249 255 38 47 255 255 0 132
    121 1 222 255 35 4 255 255 255 233 188 72 255 88 255 152 255 130 255
    255 255 175 139 255 254 123 169 249 255 223 13 97 255 212 34 254 0
    255 25 244 255 212 183 255 255 16 121 150 117 246 0 0 102 0 0 255
    201 0 47 255 82 124 153 0 0 243 218 112 255 36 49 0 104 17 96 201
    255 0 64 255 255 255 119 167 162 181 255 61 19 255 0 129 133 243 116
    121 255 255 45 0 0 150 0 0 255 255 169 255 0 255 66 41 10 0 255 255
    63 0 186 22 0 255 255 166 173 215 149 222 255 255 0 255 184 0 136
    105 254 28 38 222 123 0 104 241 0 163 255 255 0 10 161 255 255 167
    124 0 0 37 255 255 35 74 189 0 35 190 0 255 62 255 255 194 0 233 255
    54 0 133 76 135 11 255 0 255 47 255 241 129 131 255 0 5 255 0 148
    136 33 160 0 78 6 0 255 255 0 255 255 134 197 37 131 0 42 64 109 187
    225 86 0 12 255 139 0 0 0 18 0 133 132 159 131 156 0 173 205 129 123
    79 8 84 239 0 0 79 219 169 255 69 36 0 255 255 0 255 121 0 64 189
    129 0 255 186 254 187 0 103 101 255 255 146 255 0 255 0 71 0 0 43 0
    255 145 214 34 0 0 212 0 255 0 255 221 247 190 149 206 203 0 255 220
    255 41 25 0 86 0 85 160 211 0 208 255 5 190 116 226 212 0 147 0 88
    255 0 0 171 202 114 161 255 0 255 178 7 223 0 255 0 139 168 0 255
    255 207 213 0 226 231 0 0 32 255 255 255 237 8 255 0 255 0 53 219 15
    98 83 28 90 0 60 0 149 108 33 255 0 27 177 100 218 119 240 232 224
    255 97 0 255 0 114 85 158 223 255 0 90 66 136 221 0 171 186 0 0 255
    255 23 0 236 255 255 236 0 255 46 0 174 146 255 0 255 40 255 75 11
    96 95 255 255 197 150 24 119 95 21 0 255 252 237 58 196 255 0 95 255
    52 255 55 125 163 0 196 155 0 123 247 233 143 255 30 181 31 149 136
    226 38 13 23 41 255 237 255 59 130 0 149 149 223 0 255 255 117 127
    131 0 0 181 255 255 77 153 206 60 132 255 0 134 97 159 0 93 167 0
    193 153 54 0 42 0 0 0 98 217 41 225 255 33 77 0 255 0 253 154 255
    208 49 71 255 255 143 108 0 0 8 17 79 206 124 239 15 0 233 202 0 93
    140 0 255 170 0 253 102 236 191 176 221 0 243 255 90 0 0 255 198 47
    171 121 6 150 199 82 0 255 66 255 255 200 242 106 91 21 192 0 0 180
    119 83 0 0 98 0 0 99 126 255 183 95 141 0 16 20 255 255 255 78 0 0 0
    255 89 13 9 96 52 96 243 255 209 139 231 157 255 236 218 231 0 255
    230 246 165 45 255 0 240 0 52 20 20 132 25 55 0 188 251 0 161 255
    243 231 95 35 220 94 255 180 107 255 0 167 255 54 255 155 255 0 61
    223 161 152 218 2 0 0 0 230 255 81 0 230 228 0 255 87 144 97 255 0
    255 168 76 231 187 180 73 0 194 142 255 222 0 255 246 105 199 146 49
    153 255 255 204 64 164 245 34 190 0 76 0 103 0 199 187 97 255 255
    225 255 2 255 255 103 157 255 0 255 255 89 255 0 0 116 192 194 107
    255 0 0 43 255 198 0 255 186 26 241 249 0 0 0 68 68 49 217 200 0 0
    122 92 255 0 201 158 5 3 255 4 217 255 84 48 132 0 90 14 185 88 162
    0 7 95 255 255 28 77 255 240 11 176 53 255 255 0 146 163 174 0 0 20
    151 113 255 135 228 255 255 129 107 255 0 159 48 255 136 26 215 255
    47 38 209 0 28 237 84 103 255 255 0 60 0 179 152 0 37 177 100 255
    255 236 203 60 0 0 90 95 171 255 0 255 255 252 11 255 126 85 117 255
    93 0 0 255 147 33 255 123 255 37 154 199 0 255 253 0 112 202 255 255
    255 61 249 227 43 255 162 0 0 231 6 165 0 0 242 230 82 124 255 107
    145 0 255 251 40 255 10 179 78 68 0 235 255 211 255 173 255 8 255
    255 0 255 0 36 135 37 35 0 206 99 155 40 60 196 168 0 255 0 120 184
    255 72 255 35 255 0 134 0 27 69 127 0 0 191 11 142 83 0 195 255 233
    100 220 143 0 104 131 50 243 174 218 60 25 0 0 29 0 0 56 0 89 25 236
    0 80 240 255 168 220 242 218 182 0 228 188 159 111 226 12 255 0 18 0
    0 255 70 0 255 43 51 80 55 255 107 5 108 27 77 231 122 89 255 0 195
    52 255 0 255 85 46 84 255 133 28 116 193 72 125 131 255 255 104 255
    0 202 194 0 223 120 0 137 0 254 91 68 132 250 31 0 181 255 255 255
    193 41 255 255 123 111 0 214 207 0 3 157 0 44 0 255 255 249 122 0 59
    16 207 255 71 255 136 190 255 229 232 192 19 171 204 49 24 0 12 254
    198 116 255 87 139 76 0 85 0 255 56 22 0 255 237 92 113 0 200 146 82
    148 241 239 97 39 101 14 229 255 4 0 27 255 23 0 255 151 255 197 35
    227 112 168 78 62 255 35 188 10 255 0 0 190 120 39 0 0 129 58 255
    160 77 18 179 22 61 34 255 109 88 146 102 117 0 74 62 0 44 255 4 229
    255 97 0 199 23 32 255 255 0 203 75 0 255 0 0 218 255 0 60 17 233
    193 162 248 0 240 0 0 24 44 255 132 0 123 0 88 255 188 255 245 0 0 0
    0 0 255 40 255 7 255 0 64 96 199 0 124 255 0 81 255 210 255 23 175
    88 217 155 0 86 57 190 94 0 36 121 255 255 255 14 172 255 241 231 50
    0 255 176 10 221 28 255 135 0 33 255 255 240 154 217 0 76 110 51 128
    0 144 255 60 255 255 0 177 232 127 148 15 234 191 255 253 255 152
    255 251 0 172 15 255 123 221 1 155 99 57 98 92 63 75 150 194 0 71
    145 0 0 0 0 0 74 150 225 19 255 132 0 255 255 8 0 0 251 136 134 183
    128 47 255 118 255 57 0 200 255 89 131 0 255 81 255 199 197 71 255 0
    251 231 255 0 143 112 82 255 86 93 255 76 0 186 73 113 17 216 255
    255 129 207 255 54 226 238 5 53 12 10 238 58 183 37 165 81 239 224 0
    38 186 0 255 224 0 199 208 190 6 255 144 255 0 158 255 189 73 212 0
    127 0 150 180 233 131 0 0 0 0 57 225 110 1 255 255 104 134 155 163 5
    154 88 39 122 255 166 0 78 87 236 60 0 31 118 210 8 193 80 255 118
    158 80 203 90 0 201 0 0 66 255 27 0 255 211 254 255 50 255 0 0 64 0
    0 132 29 119 57 114 54 112 50 0 0 220 26 0 255 166 0 186 78 100 0 0
    108 255 195 85 92 255 255 135 255 0 255 187 44 0 211 245 0 76 255
    255 255 60 216 141 0 255 241 255 83 21 248 203 0 181 50 177 74 142
    69 107 204 0 255 29 28 77 179 206 0 127 0 0 0 248 185 114 228 0 255
    152 72 122 93 5 250 232 63 23 91 154 177 65 201 45 166 109 247 103
    255 229 255 192 111 14 0 255 58 209 0 255 255 0 51 243 145 170 154 0
    255 255 255 198 17 0 137 29 255 187 199 94 254 121 0 153 207 0 255
    175 117 255 255 90 159 0 0 209 211 28 0 37 255 19 0 30 255 220 80
    228 160 64 181 176 255 173 42 81 255 91 255 240 250 64 35 63 1 0 89
    255 245 255 232 219 62 186 238 2 255 197 101 119 255 255 36 9 27 119
    81 0 185 152 51 13 27 23 214 9 0 184 101 64 0 0 0 54 255 255 0 204
    255 173 240 245 226 26 37 221 0 160 46 59 100 0 9 187 255 255 227
    255 187 0 55 38 0 0 151 255 144 10 0 0 36 59 255 255 200 2 255 125
    83 54 0 134 165 5 113 255 255 104 0 41 255 205 255 255 22 192 54 68
    48 255 255 114 255 17 42 0 73 0 0 205 255 127 176 255 176 251 124 91
    190 75 34 61 10 211 171 0 143 235 255 55 176 78 255 255 202 210 207
    0 146 250 0 230 17 48 255 77 20 13 121 202 0 109 35 90 37 255 224 0
    75 46 255 165 202 255 248 53 247 244 170 179 255 255 171 252 0 0 60
    41 223 255 110 255 223 255 60 205 159 54 235 96 137 255 0 226 224
    118 148 14 255 214 255 92 0 255 204 22 95 255 255 231 151 255 147
    217 74 107 11 255 99 0 184 160 185 117 231 194 216 255 69 146 101 0
    0 0 0 255 0 0 199 188 47 0 255 0 0 48 198 165 255 67 0 41 255 255 97
    255 0 141 88 189 104 246 255 84 0 211 255 216 64 157 143 206 2 6 167
    26 220 0 237 90 255 66 64 243 215 74 45 232 0 242 0 118 247 73 217 0
    255 107 255 120 16 105 60 255 105 79 169 255 220 77 255 0 254 155
    255 163 0 163 253 255 182 255 52 255 0 0 0 0 65 150 255 2 51 0 255
    182 0 179 0 32 0 226 88 25 174 255 219 98 118 253 255 74 0 198 0 218
    255 230 114 231 219 221 53 0 227 192 0 198 255 103 12 209 155 0 80
    255 255 0 47 49 65 213 141 255 0 27 193 62 157 19 189 0 0 112 0 0 48
    131 171 207 206 192 0 178 0 255 193 112 239 131 172 255 255 0 255
    234 156 255 255 23 107 0 22 202 255 0 0 73 6 0 43 96 255 191 87 160
    0 255 0 73 0 135 255 101 35 97 0 0 85 220 0 214 144 20 124 84 255
    160 92 27 255 34 93 71 132 52 229 170 255 23 255 0 87 255 0 85 0 0
    19 138 115 249 102 114 0 0 151 117 124 152 89 0 0 98 38 24 55 19 167
    255 255 247 0 0 18 128 69 191 255 0 255 255 44 201 143 245 207 0 255
    219 104 115 0 184 0 171 33 63 164 75 235 6 41 151 255 187 80 255 80
    0 255 137 255 0 113 15 0 255 156 106 122 255 172 178 91 218 255 0 0
    101 255 37 41 255 255 238 255 249 157 0 0 132 120 156 0 255 115 0
    217 224 224 0 0 76 156 216 104 42 87 255 64 191 22 255 61 130 6 255
    0 75 255 255 28 0 255 169 96 0 247 53 255 255 172 0 255 137 218 0
    214 189 202 180 233 0 208 79 232 255 63 255 255 173 184 224 0 0 121
    117 43 255 63 0 139 0 255 255 185 9 18 0 255 255 0 15 255 65 230 102
    49 37 255 78 255 244 93 143 255 255 174 76 0 0 0 16 2 255 0 54 0 113
    255 213 0 133 255 255 77 0 149 255 116 255 255 253 174 179 40 249
    207 8 235 113 178 0 250 0 37 255 213 76 49 0 183 255 255 131 0 255 0
    215 15 219 252 6 66 111 255 145 121 255 0 255 109 52 156 0 75 255
    214 200 255 0 0 0 51 0 255 255 114 0 255 72 0 255 0 0 0 2 49 0 89 0
    255 245 0 0 0 0 1 45 255 212 95 202 255 251 255 0 19 0 132 195 0 167
    171 255 255 1 236 255 0 217 0 12 96 255 54 0 255 20 169 0 151 54 220
    88 32 255 81 255 155 0 255 202 0 255 0 174 22 56 255 252 238 0 231
    255 0 255 149 69 161 50 255 255 230 242 0 47 0 8 255 255 117 205 255
    24 255 0 248 145 53 22 255 241 255 0 36 187 156 250 10 61 98 44 102
    113 255 163 0 93 121 61 218 0 90 191 0 194 255 153 78 233 205 230
    210 209 31 0 173 0 19 0 98 255 0 255 0 0 230 0 255 113 95 255 199
    177 45 255 248 139 8 0 253 250 255 32 146 0 0 187 216 180 139 138
    255 124 255 132 44 255 140 0 248 217 41 124 186 255 255 148 87 0 225
    237 102 141 0 255 105 74 0 42 54 0 13 182 43 252 46 152 0 176 65 0
    112 111 138 255 202 99 47 239 255 177 139 142 0 98 114 29 122 0 188
    10 207 0 57 0 255 255 238 75 255 44 255 125 175 0 0 147 214 82 255
    115 255 255 0 255 255 0 8 215 110 255 12 255 30 0 218 215 255 255
    128 238 150 5 255 212 168 151 150 84 255 199 141 132 255 54 0 226 27
    243 129 255 251 101 255 233 23 214 255 6 0 0 189 0 221 93 0 255 172
    206 202 0 90 170 0 23 0 0 138 22 19 101 29 255 0 255 0 255 255 83 0
    183 206 49 217 255 137 41 184 255 255 230 129 2 132 212 50 248 102 0
    0 115 159 0 112 204 255 125 34 213 132 172 133 85 135 93 151 255 29
    214 207 214 0 67 246 141 162 61 51 33 33 0 185 109 190 0 138 91 0
    249 226 73 54 75 84 213 12 122 156 6 80 236 255 0 0 172 0 115 0 255
    7 155 90 197 207 145 0 0 108 209 0 0 185 52 255 17 255 209 255 221
    102 164 245 167 255 0 107 255 197 199 214 185 80 104 249 121 16 1
    255 49 175 0 255 188 112 107 73 44 255 0 90 6 0 255 185 56 6 137 0
    194 118 61 118 0 107 71 0 144 148 0 228 255 31 255 255 149 255 67
    183 244 0 108 0 0 167 83 168 202 246 0 250 0 66 255 0 241 79 193 186
    154 255 216 0 112 255 213 255 34 249 0 255 203 57 108 255 229 0 75
    233 224 44 255 0 255 0 232 247 0 255 89 248 255 0 252 77 100 85 23
    226 203 255 230 0 220 222 54 0 120 255 144 255 84 214 85 0 191 0 20
    0 135 106 0 61 143 87 0 210 255 151 183 255 0 1 0 255 162 143 59 126
    121 0 234 187 0 74 255 0 243 173 194 255 38 68 73 135 68 255 14 30
    233 173 163 125 226 243 0 221 231 1 143 154 39 13 54 0 0 12 196 81
    36 62 150 196 255 192 34 0 240 250 0 66 29 255 61 123 255 19 0 255
    16 169 11 255 83 193 87 68 0 0 181 224 103 169 19 157 0 0 250 255 0
    238 255 182 0 0 255 87 16 244 0 65 199 171 188 239 150 0 203 0 40 19
    5 240 251 194 255 0 73 189 255 11 193 12 255 230 200 254 230 0 148 0
    0 67 118 18 129 255 221 30 104 255 195 9 255 41 0 245 71 0 77 31 255
    40 255 255 190 54 84 130 215 209 244 49 199 255 38 255 255 141 0 162
    103 214 98 251 0 90 231 164 249 231 0 104 179 83 0 82 210 135 83 225
    37 64 255 189 120 25 0 233 186 0 45 250 74 241 0 37 255 255 93 222
    127 129 189 35 185 191 30 255 56 216 0 45 41 212 255 48 0 255 219 28
    133 190 255 27 138 255 38 18 61 255 255 35 62 255 154 134 170 134
    255 0 18 132 0 255 0 255 86 21 255 255 114 241 159 0 0 40 185 49 0
    28 242 23 208 64 0 62 244 0 137 20 147 255 54 255 125 198 211 65 0
    255 255 127 0 178 59 188 131 209 116 211 195 173 0 255 0 136 252 0
    167 158 51 170 136 78 249 0 1 218 255 119 0 238 140 255 24 88 209 0
    41 0 0 181 93 0 255 137 0 217 29 46 210 69 173 202 89 128 0 0 240 0
    201 255 76 0 195 102 34 184 0 95 27 85 189 0 0 0 242 0 244 169 255
    162 77 139 170 255 175 186 252 133 0 0 0 192 0 62 178 137 255 232
    102 205 210 0 142 44 0 157 0 206 170 255 152 0 255 5 169 201 49 70
    255 67 0 156 132 93 0 255 4 52 194 255 255 73 60 0 255 67 161 231 78
    115 255 41 203 0 252 24 233 77 57 255 0 255 166 240 255 93 16 231 75
    221 251 126 244 0 60 255 0 191 203 255 0 5 0 115 83 15 255 0 219 22
    255 255 65 15 0 0 0 16 0 221 0 7 202 89 123 233 93 255 11 71 65 100
    173 255 0 255 22 119 255 0 183 0 243 82 0 255 58 46 60 69 255 71 255
    0 255 113 0 11 63 155 107 45 0 12 255 102 201 0 0 6 0 195 149 123
    255 0 0 27 25 255 158 199 255 39 255 28 1 6 255 237 42 5 0 0 255 250
    55 255 182 255 237 223 0 192 252 71 102 0 255 121 146 216 87 162 71
    0 238 0 95 110 0 255 213 21 65 0 40 52 237 163 229 0 221 255 255 131
    136 37 242 219 222 103 135 73 244 240 0 255 255 93 203 220 124 0 123
    251 0 4 62 255 193 255 0 255 255 23 255 219 190 4 161 0 219 255 87
    36 0 67 197 7 127 28 255 28 113 179 200 0 62 186 87 0 255 35 53 69
    255 0 2 158 0 0 53 0 116 101 135 226 159 255 151 98 74 0 29 178 255
    255 165 255 255 255 165 135 0 255 255 255 113 199 0 204 232 255 255
    226 176 30 240 152 0 59 255 226 0 2 255 0 239 102 224 0 255 252 0 29
    164 0 255 0 140 255 0 255 156 155 1 69 243 117 58 72 0 213 0 29 248
    123 151 154 0 152 0 255 205 78 255 42 20 0 224 0 255 153 132 83 53 0
    66 0 255 80 122 0 134 151 0 255 144 147 0 206 101 175 142 32 176 2 0
    255 8 255 255 9 64 142 255 0 0 166 252 0 135 172 0 166 230 255 158
    205 102 179 230 255 255 224 121 237 80 194 16 102 239 218 0 41 0 4 0
    20 0 0 231 255 84 0 208 255 0 173 232 0 40 255 216 141 151 202 54 0
    0 251 255 156 33 0 76 21 255 171 0 251 255 98 207 98 139 170 239 4 0
    198 0 42 220 0 255 252 0 183 107 250 255 30 24 230 255 13 67 183 239
    191 0 17 0 46 147 134 255 255 0 51 164 137 194 0 255 183 0 243 234
    201 241 46 100 220 29 255 112 255 183 255 252 160 0 239 77 56 255
    179 153 0 86 62 0 0 30 54 255 164 59 159 74 117 200 77 112 241 54 9
    0 0 0 151 179 0 0 255 63 27 34 136 0 24 42 255 205 0 255 196 0 255 0
    255 130 220 203 174 255 4 119 87 11 255 230 236 52 0 80 29 223 255
    255 255 222 38 113 153 255 0 0 0 0 0 116 255 6 0 255 0 255 47 0 82
    38 98 0 171 220 11 0 120 215 0 208 0 117 10 255 108 0 120 217 157
    255 182 189 215 238 72 13 142 123 181 243 255 9 255 42 44 255 0 99
    96 218 186 46 176 46 75 111 0 0 34 225 130 0 8 255 255 189 255 21
    156 0 237 0 0 0 0 99 153 66 0 255 29 153 37 0 60 246 0 126 252 214
    207 186 253 151 89 255 255 255 231 255 245 0 48 75 61 255 214 255 0
    90 255 255 241 0 54 255 44 0 255 110 67 0 81 255 255 0 255 0 58 4
    125 255 255 201 120 63 16 255 89 189 255 198 28 141 0 173 0 255 185
    113 255 255 0 247 243 240 72 112 255 226 255 0 255 255 0 0 104 0 255
    0 83 0 59 73 188 198 47 231 89 204 22 255 0 62 255 33 134 232 215
    198 12 145 255 255 16 0 249 159 234 0 0 0 255 255 234 255 255 255 0
    75 132 0 186 33 29 201 48 164 0 188 93 11 41 39 255 255 243 255 47 0
    255 0 150 124 45 102 19 255 181 81 0 50 3 68 20 74 175 200 217 136
    41 0 28 255 255 89 186 153 255 0 239 255 0 0 255 0 227 193 0 255 110
    250 98 84 255 203 10 164 26 0 209 129 255 0 51 182 255 0 144 255 158
    0 13 172 161 240 24 101 0 0 137 219 255 255 119 126 168 126 63 255 0
    179 255 41 233 62 0 197 187 0 11 122 47 255 135 34 15 126 255 0 255
    108 14 0 255 130 72 243 132 173 255 93 255 40 0 48 89 128 186 31 255
    0 0 255 209 136 254 255 35 61 29 100 201 119 255 130 36 0 161 45 254
    247 255 255 115 248 118 230 30 236 209 53 153 239 68 33 193 251 181
    92 35 114 41 255 96 0 32 0 163 1 150 131 87 72 84 255 228 45 0 70
    173 255 181 162 23 255 0 161 255 158 5 255 203 255 171 255 255 211
    234 255 255 255 187 62 0 144 155 123 0 40 0 126 104 104 0 112 0 20
    243 184 165 255 191 255 97 22 187 152 57 118 101 0 255 34 72 56 6 0
    236 117 151 64 44 123 0 255 255 32 79 255 63 159 83 137 249 165 84
    206 39 0 106 59 54 255 255 0 255 115 132 255 255 255 0 255 159 234
    143 0 255 255 16 255 172 251 195 255 57 0 255 24 108 177 0 240 76 78
    103 0 177 196 224 241 51 132 255 255 59 122 193 58 81 249 0 0 111
    152 62 22 255 77 9 78 115 0 255 0 33 12 104 144 2 255 79 200 29 0 51
    143 222 255 210 173 140 121 174 0 106 156 0 255 124 38 53 71 0 161
    255 121 0 172 190 173 255 139 20 42 252 0 0 255 255 2 255 255 149
    192 255 18 255 126 63 189 122 203 183 255 149 249 255 240 0 170 255
    250 255 255 178 0 242 255 0 0 161 249 0 0 191 190 108 255 0 39 17 35
    255 237 0 185 62 255 0 115 93 193 255 23 110 105 230 125 102 224 0 0
    43 69 255 215 0 0 47 255 190 83 91 255 255 0 220 237 217 255 98 117
    45 28 28 155 145 255 0 68 255 0 0 229 159 0 0 255 4 0 161 131 142 0
    255 169 48 57 255 89 253 0 113 134 255 229 87 143 93 255 193 226 255
    139 0 239 120 255 235 93 48 0 255 48 111 167 16 255 0 196 255 205
    255 0 254 72 54 121 7 187 255 5 0 0 86 0 255 0 109 0 255 30 0 162 70
    212 255 255 255 66 255 111 94 255 21 172 237 181 108 189 189 78 255
    0 96 90 255 234 0 161 98 219 160 255 81 50 0 0 255 97 81 15 212 154
    238 32 255 105 255 255 0 43 255 255 255 35 85 96 133 78 38 210 245
    103 0 44 0 255 0 217 93 46 0 189 123 191 82 10 0 47 0 255 0 206 46 0
    255 255 86 255 71 49 255 196 0 0 22 0 255 31 227 180 29 225 87 255
    255 0 255 147 190 169 198 100 255 0 175 153 0 147 157 67 216 176 0 0
    240 144 12 158 0 0 0 0 158 102 255 0 207 131 0 0 255 62 115 216 40
    147 255 0 166 0 99 244 0 80 0 0 174 105 186 121 125 16 75 52 232 111
    0 206 255 125 173 0 255 0 90 255 153 255 116 202 121 0 32 1 0 0 0
    180 77 187 58 228 40 182 60 255 223 245 190 20 42 98 90 229 0 100
    236 255 39 203 163 169 55 193 106 1 58 69 0 119 195 170 149 174 33 0
    19 2 21 0 255 255 211 193 252 131 145 255 246 14 118 255 199 0 237
    175 172 12 65 255 197 0 107 62 255 0 0 255 255 251 142 69 27 255 239
    88 190 192 26 223 128 167 25 27 91 174 0 8 145 185 52 255 64 223 50
    139 0 186 71 136 255 205 255 147 119 19 0 114 1 255 255 230 158 9
    219 0 34 255 254 119 56 156 255 0 0 255 0 235 0 49 30 215 228 255
    255 255 255 213 0 125 115 30 255 0 215 167 49 216 144 0 165 0 28 202
    103 9 0 19 141 155 0 60 68 90 255 178 103 100 128 255 0 81 212 235
    59 220 84 60 132 218 169 45 166 0 0 0 177 205 184 255 255 42 127 195
    206 106 131 255 7 177 66 255 43 179 42 255 0 0 76 23 0 153 0 255 156
    0 255 172 105 56 0 0 229 190 0 255 171 9 128 21 145 14 255 0 255 0
    172 242 0 0 219 27 37 14 255 2 203 78 177 202 33 255 109 255 178 255
    86 159 102 220 255 33 153 0 145 0 56 0 0 50 234 255 161 0 211 61 97
    63 199 255 3 0 255 255 163 104 0 0 245 13 0 0 117 64 255 29 195 0 0
    255 61 0 0 38 0 0 188 0 91 136 209 221 245 60 255 255 255 171 16 137
    61 184 191 255 111 0 189 165 180 156 129 59 255 0 0 255 0 21 255 0
    255 34 44 74 0 255 0 255 255 100 255 245 44 82 14 22 255 226 83 255
    70 0 235 255 255 0 211 51 208 120 128 225 245 0 24 202 217 99 85 0
    107 23 0 255 138 83 227 255 255 0 255 227 0 0 215 0 0 72 206 1 236
    148 74 0 85 255 255 0 178 0 205 222 195 120 145 255 45 141 190 255
    28 151 29 68 0 139 0 150 0 208 255 67 0 0 236 74 183 255 0 0 242 255
    116 130 180 50 249 255 16 0 0 146 255 0 202 134 253 209 0 255 169
    175 100 255 109 255 0 215 220 255 140 242 0 255 255 116 0 204 0 167
    11 255 210 0 21 255 107 255 255 81 22 255 255 39 4 7 255 220 204 53
    255 0 255 0 0 109 0 149 135 0 139 231 33 0 80 110 168 198 255 219 53
    0 245 190 0 107 0 235 73 63 154 54 255 186 184 114 255 92 255 61 0
    255 0 255 48 155 255 252 255 255 203 255 183 9 138 42 181 77 42 8 95
    110 62 50 255 0 54 209 187 71 255 195 237 255 179 214 10 179 70 0
    231 255 0 255 196 176 74 0 116 157 156 0 255 170 45 161 92 216 16 0
    216 0 153 255 202 255 163 255 0 41 218 99 175 50 0 255 0 191 241 0
    244 0 212 0 44 242 255 171 255 255 255 235 55 102 73 120 77 113 60
    235 0 112 255 126 126 105 0 40 173 255 255 0 127 191 65 147 0 245
    252 0 24 98 0 207 74 202 121 255 143 0 0 200 47 27 142 188 135 7 0
    125 6 232 215 1 43 255 172 255 188 255 0 17 213 0 44 64 0 255 41 255
    21 73 205 108 255 131 205 196 0 252 0 145 255 100 19 255 22 68 251
    35 0 57 0 167 0 57 229 206 132 31 32 0 31 110 255 166 4 2 215 169
    255 163 255 255 0 0 255 255 215 0 4 0 189 142 82 118 156 255 210 0
    226 255 165 255 172 18 210 0 3 0 0 114 0 246 255 0 50 183 128 46 16
    255 255 0 5 144 181 255 88 255 217 255 255 86 255 255 0 0 93 155 17
    8 0 152 255 205 162 102 61 249 125 255 84 200 100 96 255 6 91 20 210
    115 52 113 180 179 37 171 8 45 121 60 42 0 90 23 255 125 0 0 175 166
    255 99 239 31 13 4 18 121 99 165 232 255 241 77 0 252 255 54 162 0
    60 0 81 126 151 151 30 177 215 0 255 72 0 161 0 227 231 0 127 182
    229 253 232 77 0 245 20 192 171 53 83 0 0 0 0 69 36 255 125 0 255 0
    255 0 22 255 255 137 255 0 255 70 255 255 106 203 181 92 18 204 39
    255 0 235 75 255 3 214 103 255 41 0 17 255 0 0 0 157 136 255 0 92
    140 88 0 80 255 70 134 99 0 37 8 245 212 0 89 255 0 0 101 41 0 220
    250 0 0 246 59 219 215 255 66 0 0 218 0 0 80 201 237 150 255 201 172
    60 77 79 255 255 252 150 93 255 88 255 255 239 0 251 101 104 179 0
    88 79 80 193 255 255 255 5 87 75 125 21 159 255 0 53 144 226 39 68
    237 19 255 42 255 179 108 149 0 38 0 255 21 255 215 229 133 255 0
    110 0 179 35 0 0 255 230 30 195 203 255 0 75 120 255 223 0 0 0 209
    81 195 208 234 0 243 255 2 0 201 56 255 88 87 111 242 0 229 234 83 0
    79 0 213 0 255 129 42 220 35 184 30 255 182 0 45 29 103 134 255 254
    65 102 225 115 152 0 0 122 160 255 209 121 255 255 0 31 203 48 66
    163 191 0 225 60 3 102 218 6 255 7 121 194 159 250 0 255 162 189 0 0
    76 255 95 133 255 31 244 33 255 26 104 141 255 0 255 193 212 0 240
    255 0 13 255 255 133 99 120 128 73 255 101 0 255 219 0 117 255 0 0
    255 23 0 255 93 58 50 235 0 145 255 255 6 231 174 0 0 109 0 10 0 0
    140 0 255 126 255 255 41 31 231 200 103 0 255 255 146 15 189 255 255
    255 255 0 39 255 153 155 0 186 103 255 182 142 0 255 29 123 33 24
    146 246 0 89 162 255 255 216 103 40 230 252 218 255 131 206 248 181
    0 53 144 99 0 0 66 0 0 0 141 0 89 131 255 142 100 106 57 30 255 0
    255 255 0 60 0 0 158 102 240 255 136 0 255 63 252 0 255 121 255 0 0
    122 33 255 155 128 230 214 255 254 0 204 0 255 67 232 134 0 255 168
    0 201 173 0 0 0 0 0 255 0 0 255 189 255 255 0 71 135 240 81 255 228
    138 153 255 95 67 146 0 230 166 0 85 0 243 0 0 255 0 255 87 121 225
    181 0 77 12 37 162 148 220 0 61 143 255 199 115 255 0 255 208 155 0
    0 108 0 73 207 38 55 112 0 29 255 255 255 3 255 37 181 130 161 220
    255 0 136 255 255 118 67 0 12 0 255 128 82 0 0 253 136 255 86 255
    143 0 41 164 152 15 253 0 132 36 48 87 0 255 205 0 60 255 99 75 255
    77 90 57 81 63 152 138 119 0 251 147 0 255 242 189 61 255 0 0 170
    207 47 127 0 255 138 150 0 0 227 215 131 45 255 223 255 84 0 227 15
    110 0 112 218 126 0 255 30 109 255 172 112 223 212 95 20 237 44 0 70
    255 255 0 38 255 27 62 110 228 0 72 255 0 203 197 255 89 183 177 53
    255 45 255 220 124 140 255 0 189 255 255 255 102 215 0 136 0 11 0 41
    122 255 253 38 174 233 255 37 0 9 189 223 180 0 76 33 0 255 255 223
    85 255 207 93 233 255 27 115 0 255 61 84 178 143 149 24 45 69 177
    255 0 164 184 0 123 184 235 23 27 180 9 255 217 182 166 63 194 115
    255 0 0 87 28 151 202 87 242 181 0 203 0 0 255 104 255 255 0 115 75
    57 29 87 0 64 0 170 223 15 76 240 255 149 249 0 70 126 0 91 65 255
    28 0 145 255 0 255 229 105 160 72 180 231 140 126 0 210 31 217 102
    140 7 0 232 255 0 0 3 29 0 146 252 24 0 136 0 255 166 0 35 0 205 181
    165 255 226 255 170 88 77 35 155 180 0 203 0 0 168 163 106 155 219
    175 83 255 138 11 251 255 222 255 233 95 255 0 0 248 122 235 117 35
    199 109 191 63 62 0 54 107 38 241 177 182 241 0 18 0 7 3 13 159 195
    196 255 79 36 255 156 163 0 89 182 185 41 246 84 0 130 0 0 218 0 255
    56 125 223 155 0 29 61 86 23 0 115 104 95 84 255 39 231 226 19 123
    255 174 5 32 255 0 173 0 255 123 90 255 67 212 7 0 17 76 255 193 255
    0 70 255 210 190 118 222 151 252 0 179 0 26 63 255 188 20 176 77 77
    255 255 72 207 255 58 128 252 0 0 255 59 255 24 216 255 100 3 21 70
    255 240 230 0 255 97 0 116 207 251 0 63 214 4 0 0 90 255 22 25 255
    255 255 255 155 32 0 70 0 170 63 255 255 43 255 92 241 186 255 41 0
    255 0 198 1 50 0 0 255 163 62 255 136 0 31 0 20 33 0 41 255 133 2 0
    0 129 55 147 0 131 40 98 188 0 155 160 255 0 174 32 251 255 197 121
    255 48 81 3 0 51 132 255 0 30 159 156 55 122 255 0 0 37 236 0 233
    197 255 255 227 79 214 217 36 70 43 0 143 0 109 0 255 195 63 165 0
    255 255 0 255 255 25 39 44 181 232 175 255 130 0 163 215 255 16 215
    6 107 0 94 55 123 218 12 0 51 255 196 255 255 197 217 131 94 0 0 182
    133 73 255 31 3 0 64 25 0 55 72 120 172 0 0 165 168 211 194 20 0 255
    0 0 165 0 255 158 255 255 255 0 255 176 33 0 175 216 0 0 89 38 41
    237 255 0 61 0 154 225 110 245 122 255 238 0 75 208 255 102 231 136
    0 0 255 46 172 138 95 28 0 255 77 187 255 238 37 19 196 0 255 0 67
    153 0 50 255 79 79 255 121 169 182 171 12 237 253 255 255 0 5 138 11
    0 252 116 255 209 0 0 182 51 0 107 239 255 21 145 255 182 2 26 115 9
    52 0 255 39 236 255 245 183 0 238 196 125 5 215 223 46 164 255 0 255
    106 90 231 110 0 255 154 255 255 0 20 163 56 143 246 165 97 222 82
    109 138 0 75 44 193 0 69 255 0 255 255 44 180 28 64 234 255 100 0
    255 112 0 0 0 127 118 0 255 27 220 0 49 255 255 255 0 83 108 100 142
    231 99 21 185 224 66 151 2 0 255 205 74 0 255 0 220 0 199 233 0 255
    0 165 0 247 82 255 255 255 176 255 255 0 32 0 251 5 0 255 0 0 154
    183 82 0 255 39 161 21 49 85 145 255 59 0 71 255 123 104 255 164 74
    40 113 255 0 255 0 0 245 253 153 212 66 226 224 49 255 50 163 0 247
    255 113 132 255 54 70 30 186 0 0 225 255 0 242 60 98 76 224 255 189
    101 0 155 0 150 94 0 167 39 161 137 190 2 239 255 255 100 0 29 104
    172 138 165 111 59 255 29 0 255 0 0 22 0 255 47 255 0 235 25 255 4
    36 104 213 255 137 231 235 170 238 112 215 33 49 130 14 230 178 245
    255 84 221 215 0 255 255 136 227 166 160 0 101 193 163 255 0 137 205
    255 255 255 0 132 255 254 187 177 10 0 255 53 123 98 121 218 111 87
    57 0 144 247 207 255 72 110 33 242 0 255 255 200 143 151 0 4 108 255
    150 0 85 145 255 37 255 42 110 255 0 54 247 0 126 0 0 0 174 0 86 58
    99 0 0 250 10 255 157 34 0 194 127 44 87 255 255 57 12 255 10 83 0 0
    103 0 255 199 0 204 0 0 22 106 255 181 255 155 75 170 255 35 92 255
    0 0 50 87 111 255 73 47 169 217 0 255 2 202 19 133 8 22 255 255 106
    0 255 94 152 184 222 0 66 252 183 0 255 88 255 107 174 150 255 213
    50 255 53 0 234 255 0 0 149 141 178 0 132 195 106 0 88 255 255 159
    98 255 0 241 255 255 196 255 102 0 255 255 0 0 0 247 0 0 102 152 255
    0 189 231 255 255 255 111 255 241 72 14 255 49 1 151 236 208 255 195
    68 0 0 0 0 0 255 111 127 0 38 216 255 73 0 101 56 147 0 198 148 255
    0 255 209 0 91 195 255 122 110 0 0 0 0 255 214 25 0 255 0 255 89 0
    255 0 0 255 43 255 255 86 208 0 255 255 205 197 0 117 7 0 50 69 39
    83 255 0 255 255 114 30 40 192 63 219 255 255 255 0 255 255 76 108
    207 82 130 32 240 255 202 0 255 0 0 224 212 88 255 255 0 255 60 0 21
    90 255 47 61 196 255 0 208 129 44 0 206 189 0 255 56 220 255 186 60
    230 0 249 139 38 255 0 175 167 255 192 5 42 210 255 134 76 103 0 0 0
    255 255 255 120 121 255 255 78 0 0 0 0 175 143 166 255 111 188 25 73
    139 78 164 81 156 0 0 140 59 83 123 0 101 132 114 13 15 255 227 255
    255 0 250 0 151 0 20 186 63 0 17 1 0 60 176 0 6 134 175 255 163 255
    255 247 35 187 208 118 110 132 29 214 101 255 0 138 183 169 173 0 0
    255 86 0 148 26 127 248 236 100 50 84 53 0 255 156 57 97 121 248 65
    255 255 0 101 137 18 126 225 105 233 44 0 33 198 242 72 255 255 74 0
    96 57 254 255 255 121 0 127 135 33 237 157 0 0 0 252 51 203 139 119
    157 119 145 229 35 0 255 0 1 255 13 0 255 255 165 78 237 255 0 75
    255 76 144 224 255 55 190 216 0 118 34 255 255 0 118 255 1 255 0 255
    0 176 0 0 255 0 0 59 8 0 40 219 255 207 255 41 0 196 163 0 171 111 0
    119 199 187 155 244 193 255 0 0 104 0 123 255 136 108 178 239 48 74
    255 186 57 133 186 61 108 122 0 208 255 113 130 255 0 46 54 120 177
    185 0 197 255 77 255 0 120 195 120 255 1 210 238 0 60 0 0 0 255 53
    151 158 0 0 101 48 219 166 91 247 0 227 0 0 255 129 0 92 0 255 243
    149 255 215 255 255 84 0 0 0 94 0 51 0 40 0 255 255 255 0 37 255 216
    0 7 219 131 230 16 0 53 192 247 239 22 153 205 31 229 4 12 230 0 0
    43 10 0 27 233 255 196 189 0 196 203 74 252 34 0 174 44 67 225 37
    205 152 255 10 0 104 209 7 21 0 152 0 0 83 246 25 48 150 61 255 255
    212 255 220 27 120 136 77 31 255 56 255 0 236 120 0 201 248 45 47
    206 94 255 68 250 141 185 252 255 188 255 144 140 19 70 255 0 0 0
    214 194 162 26 224 251 122 254 255 134 0 255 0 23 75 251 36 224 254
    255 121 139 120 0 156 24 38 216 116 255 0 128 170 174 21 217 85 151
    29 42 0 235 124 255 0 45 255 209 236 201 144 22 0 255 12 208 186 169
    102 0 255 0 153 247 255 0 255 13 61 99 171 0 255 116 255 0 28 87 124
    255 217 33 0 64 114 163 207 0 228 255 89 0 0 255 0 0 0 115 3 0 201
    134 137 133 226 28 180 75 72 0 223 182 179 126 255 8 201 255 255 92
    255 255 117 93 0 0 154 105 221 255 255 2 218 62 252 201 33 20 107 0
    246 0 232 12 239 0 0 27 249 119 104 245 163 255 191 68 0 160 80 0
    128 255 158 0 231 92 61 88 141 167 26 38 0 0 255 76 255 255 50 255 0
    255 242 255 165 255 255 101 255 38 107 86 0 206 28 255 0 0 45 255
    255 74 143 255 244 220 88 230 0 23 78 253 3 82 84 255 0 0 98 97 0 1
    255 80 136 152 86 0 180 187 0 0 210 244 128 0 0 255 0 177 111 218 3
    255 233 2 144 213 255 95 255 109 219 47 255 34 242 198 9 133 0 47 24
    30 142 0 255 50 0 32 94 141 255 255 74 248 0 0 227 255 0 124 171 116
    87 189 0 255 98 255 0 46 20 0 46 255 46 0 0 0 255 227 96 255 144 62
    24 129 173 0 207 0 255 135 255 105 255 0 255 255 255 114 255 11 201
    121 230 255 100 255 214 213 255 255 179 216 255 136 148 0 0 36 207
    32 88 255 255 0 224 118 101 255 0 255 185 88 0 121 181 255 255 107
    235 181 145 0 42 0 202 65 17 237 164 41 0 0 204 163 68 177 27 160
    164 0 233 114 181 255 248 204 248 169 255 173 136 207 232 88 0 255
    208 255 0 107 95 194 18 0 67 255 220 255 230 112 255 255 33 126 153
    108 0 137 255 108 149 181 115 0 231 129 16 147 255 175 55 163 185
    255 230 255 155 197 255 90 0 255 0 18 0 166 123 0 255 140 132 255
    233 195 199 244 255 34 157 255 83 0 239 140 255 195 106 164 13 89 26
    0 255 105 0 255 152 74 0 46 0 129 152 41 255 3 0 255 158 198 138 0
    32 59 118 255 255 201 255 122 0 255 33 145 0 231 33 255 188 142 0
    255 255 0 129 45 131 0 78 255 254 0 173 104 241 255 0 255 0 154 156
    10 71 26 159 0 231 0 155 103 0 255 169 113 255 255 0 0 255 255 240
    213 255 217 208 34 255 4 55 26 165 77 121 102 8 2 0 8 199 255 212 82
    255 255 122 230 0 192 205 0 88 37 39 68 255 0 137 255 249 61 21 90 0
    47 150 0 245 152 118 22 163 255 23 255 210 242 86 0 149 201 3 255 0
    79 255 185 62 255 241 120 163 226 54 3 0 108 59 0 81 255 12 170 230
    255 154 0 255 249 194 3 0 86 7 255 129 103 253 123 178 143 140 255 1
    27 239 246 255 255 168 33 0 26 85 62 0 139 143 0 234 125 255 0 255
    70 210 32 92 0 168 255 255 255 186 54 118 27 120 176 255 44 80 111
    250 255 240 255 255 255 29 255 176 0 255 168 78 255 0 10 0 116 1 140
    214 1 169 192 43 241 203 22 51 63 0 3 33 255 255 175 255 0 0 0 0 185
    255 230 130 119 255 213 251 24 203 149 71 72 174 215 0 43 209 195
    130 255 1 77 0 114 213 4 0 0 255 0 75 217 246 0 2 0 147 201 115 11 0
    90 0 13 37 183 131 0 211 105 232 106 70 255 2 158 223 153 0 189 255
    140 220 170 218 237 0 123 11 0 0 142 19 183 226 0 255 0 171 54 0 255
    163 34 162 141 255 126 243 0 108 119 87 255 255 152 168 19 112 0 131
    102 135 227 255 105 195 255 0 255 218 255 63 50 167 229 159 57 255
    171 13 133 240 255 0 25 6 0 176 34 130 41 37 0 10 247 230 255 194 98
    0 255 221 0 106 0 255 255 140 255 203 66 255 186 0 255 81 221 0 79
    242 99 0 192 172 0 255 10 255 148 0 255 168 222 255 169 185 255 124
    248 0 219 0 201 63 57 184 157 235 69 0 21 27 47 255 183 243 133 255
    39 28 118 242 174 136 6 0 97 119 54 119 116 0 131 34 18 245 0 167
    180 229 160 0 137 255 202 34 255 0 0 245 212 255 122 15 255 236 19
    63 96 0 66 0 0 30 68 106 59 84 0 27 253 0 33 0 255 44 210 255 199
    131 7 173 122 157 114 118 174 167 125 255 69 152 10 143 143 0 146
    144 255 50 0 151 172 93 227 153 28 193 127 161 0 0 255 0 255 146 109
    86 42 255 0 115 100 8 0 0 0 0 0 85 155 255 84 170 0 121 0 244 247
    255 0 119 0 91 165 24 255 91 134 255 97 134 32 0 0 68 58 255 180 103
    0 26 186 0 253 27 0 255 255 255 154 0 93 179 8 0 125 67 0 255 0 41
    237 212 255 255 6 250 171 9 48 0 250 255 1 180 0 0 255 0 77 170 255
    209 18 182 223 241 244 54 19 255 30 152 0 31 0 184 44 61 0 54 0 0
    212 251 36 0 60 225 255 53 150 127 0 255 0 167 248 175 78 178 244
    104 95 255 157 17 132 181 0 140 255 208 0 255 255 18 255 53 255 243
    113 193 33 255 201 158 255 77 255 196 208 91 87 242 0 255 163 75 150
    255 255 0 69 188 0 255 255 0 92 195 216 255 56 41 0 255 0 134 255
    190 119 15 6 50 208 32 141 114 177 38 0 244 255 209 131 236 60 0 32
    82 0 0 0 181 63 0 37 153 255 0 22 255 255 255 128 251 255 0 246 255
    143 63 183 201 0 188 255 134 200 0 23 0 16 133 34 89 116 7 0 255 33
    168 255 0 247 0 142 0 0 164 171 0 87 13 202 157 0 15 231 176 9 63
    106 161 13 118 58 255 0 255 145 43 255 255 40 2 7 255 0 208 255 81
    151 255 9 244 35 0 183 71 117 54 255 0 139 165 98 255 166 255 154
    195 255 20 165 99 29 255 255 233 156 255 220 0 201 127 4 255 182 255
    255 50 255 255 32 63 161 0 0 112 111 242 35 0 0 0 255 255 159 255 41
    1 177 0 189 255 228 255 255 244 1 74 189 0 0 128 91 197 47 238 143
    51 255 255 186 157 246 159 66 119 205 0 255 175 207 150 0 0 186 70
    232 255 36 55 200 255 255 255 0 189 255 1 255 90 18 167 94 255 0 42
    255 0 251 152 152 255 0 0 1 20 113 0 255 198 0 111 214 255 255 255
    134 0 0 255 164 255 255 0 164 95 235 27 60 0 71 99 34 255 232 126
    212 0 255 176 57 0 47 209 0 0 11 242 91 0 201 206 197 0 55 214 178
    255 49 122 255 54 31 37 255 220 0 57 255 62 255 255 255 0 14 148 99
    0 0 255 183 255 114 255 239 50 26 124 0 0 86 9 234 249 255 255 174
    43 255 0 113 177 195 230 255 123 45 55 10 158 255 58 49 210 111 255
    154 243 255 182 255 65 152 220 0 105 0 255 0 250 255 107 0 16 0 255
    0 0 164 255 0 14 0 255 238 139 32 4 195 109 53 102 209 255 0 0 255
    34 21 204 71 101 41 0 0 88 0 255 192 0 0 15 217 128 10 255 255 255
    134 255 166 255 255 207 136 0 129 217 40 255 0 98 255 0 101 49 176 0
    116 33 0 146 207 48 174 0 132 80 0 206 225 26 0 43 52 157 0 174 0 99
    243 0 160 135 255 205 0 0 255 0 255 255 219 0 3 19 201 0 248 211 115
    160 171 255 255 255 255 255 147 255 255 196 160 188 0 105 255 141
    213 255 82 255 186 104 221 255 56 0 0 219 0 61 37 0 0 255 74 155 245
    167 1 0 250 159 0 191 153 181 0 0 245 0 203 0 255 252 255 255 84 165
    255 218 22 66 250 133 43 31 255 247 216 63 248 0 110 42 255 0 201
    183 57 209 190 202 0 255 207 181 0 79 141 0 106 3 82 1 114 128 120
    244 7 154 188 255 62 191 119 183 207 132 147 252 255 200 255 173 244
    119 255 71 153 104 255 68 100 81 158 14 41 157 162 242 0 0 255 255
    16 178 113 174 218 255 0 134 0 20 195 124 88 131 0 14 0 0 121 255 0
    176 255 0 0 255 36 32 5 75 18 0 255 0 0 26 188 116 252 158 164 206
    91 94 255 234 255 240 0 255 24 214 141 255 245 0 160 255 65 255 255
    104 0 113 129 90 5 215 127 255 255 0 84 255 123 255 255 33 222 254
    243 0 28 0 78 148 7 255 255 0 14 126 66 135 171 0 126 0 255 44 0 215
    193 122 0 168 41 192 84 0 108 0 255 38 84 255 225 252 0 131 255 0
    235 255 71 255 255 0 127 196 105 255 234 5 0 20 232 111 0 253 0 237
    144 108 133 210 178 255 85 255 6 255 181 196 0 0 0 0 97 48 37 39 148
    100 255 212 109 129 194 233 255 235 132 216 255 34 255 0 33 255 0
    252 175 253 66 255 82 217 128 87 255 96 40 128 252 255 255 0 157 255
    19 0 255 107 209 0 220 132 93 255 255 119 1 16 219 111 50 0 42 36
    255 0 255 255 0 56 0 194 91 122 226 0 162 106 255 156 12 55 93 255
    210 209 123 210 0 111 0 95 181 255 255 91 255 108 170 0 247 141 97
    35 156 0 0 104 117 171 26 27 165 198 255 69 62 0 0 92 247 0 223 0
    255 0 3 255 147 255 0 0 255 0 0 215 227 15 81 118 76 255 78 178 116
    255 192 38 154 0 0 170 255 15 210 116 210 0 230 98 0 108 0 255 35 0
    0 161 105 255 255 155 0 45 35 152 117 0 255 255 246 1 255 114 255
    190 0 172 255 211 252 69 46 0 107 255 0 255 141 114 138 0 68 0 59 73
    226 111 255 73 255 13 255 179 150 68 105 109 119 75 242 100 0 0 224
    42 201 90 208 255 251 255 0 0 188 74 195 255 105 44 0 168 79 134 207
    7 189 219 5 70 178 211 228 72 0 0 219 255 255 118 35 240 97 248 3
    116 215 67 165 255 0 0 255 0 212 255 130 22 255 255 225 33 255 255
    201 161 255 0 248 248 167 0 0 0 0 244 255 252 0 31 196 255 107 30
    193 0 241 178 20 255 228 119 45 185 118 0 254 127 0 125 0 159 11 197
    255 38 0 237 0 204 255 255 140 255 239 255 176 255 255 115 255 238
    92 255 255 0 255 157 2 130 161 255 93 0 27 114 0 35 109 0 255 119
    188 3 255 0 193 15 255 237 139 255 39 179 161 255 3 72 105 226 232
    255 6 169 0 212 208 0 0 255 208 74 102 255 127 32 243 74 90 185 255
    87 255 225 152 200 0 147 255 38 0 73 123 5 126 255 32 112 93 228 107
    171 115 255 110 49 200 46 155 62 127 0 0 255 196 165 126 255 255 104
    19 255 28 167 11 0 14 32 221 255 255 255 115 0 255 70 97 255 70 73 0
    137 115 184 32 255 255 255 255 0 255 101 255 20 199 255 255 255 255
    58 188 0 93 103 193 177 3 255 118 81 255 199 132 210 253 0 255 82
    243 0 153 49 0 103 0 233 197 0 0 217 90 227 89 0 255 86 0 255 32 214
    94 233 255 0 60 78 139 121 0 35 48 14 95 250 255 0 0 255 41 114 163
    0 0 37 104 103 202 227 72 0 0 116 81 0 102 64 24 0 255 253 255 124
    255 227 255 22 160 200 255 35 0 255 168 255 75 12 157 0 255 0 255 33
    41 5 131 35 238 146 0 65 89 0 0 80 205 188 0 0 169 224 38 211 255 0
    144 248 72 23 153 14 153 212 255 181 62 202 255 122 118 0 155 0 255
    255 127 216 238 126 255 255 1 255 80 255 255 19 158 245 83 0 255 130
    0 13 164 16 0 27 0 240 192 255 0 45 0 17 255 0 81 1 255 255 86 0 0
    239 155 0 232 128 0 255 0 0 29 0 0 226 96 255 127 246 56 0 75 248 0
    200 255 0 204 51 215 248 69 0 108 56 49 191 46 255 173 0 76 169 255
    0 64 255 255 229 0 96 210 227 255 3 211 208 246 220 0 255 255 42 52
    255 222 139 124 30 55 114 0 245 23 255 130 0 0 246 0 255 241 149 148
    2 20 226 249 255 63 140 255 70 80 0 0 92 169 255 224 255 255 73 224
    130 215 56 7 6 214 0 255 70 229 255 23 113 0 76 255 0 0 208 148 224
    255 255 38 15 244 179 148 227 107 62 0 27 102 133 255 255 0 255 255
    227 7 109 102 157 0 127 34 151 23 206 0 0 255 0 0 130 94 15 83 68 0
    38 148 255 0 199 255 54 169 219 177 221 140 155 255 134 0 89 235 143
    255 255 255 255 255 83 255 0 50 212 44 244 255 121 104 253 0 6 235 0
    100 171 255 62 21 130 255 241 101 150 206 254 52 255 0 0 229 255 254
    255 0 0 255 255 0 255 206 250 0 229 255 0 212 155 225 182 255 241
    115 3 88 181 191 97 0 47 228 255 125 72 255 55 0 39 0 0 6 126 228
    250 0 136 225 255 0 0 215 255 192 40 199 255 152 255 0 255 136 0 117
    248 101 245 192 86 253 16 97 247 255 0 255 255 34 88 0 0 0 0 0 255
    71 30 142 220 255 255 255 232 144 255 255 152 18 55 255 0 100 58 0
    24 9 0 0 154 115 0 129 0 255 108 0 150 0 255 41 166 255 184 0 255
    255 253 255 101 38 7 255 57 193 0 44 255 0 158 140 105 255 41 238 31
    196 59 0 0 0 197 207 242 159 255 155 23 137 0 35 83 255 174 162 135
    153 66 50 141 44 0 255 224 0 181 255 169 255 0 0 131 23 255 0 160
    175 88 139 32 192 0 255 255 0 173 166 128 0 254 162 0 13 220 224 160
    0 255 255 255 255 134 36 75 2 255 54 125 0 174 37 0 255 0 83 168 239
    8 215 25 185 133 254 205 0 21 255 35 252 0 62 33 0 7 0 255 255 0 255
    255 255 154 145 209 161 53 26 0 255 194 120 217 7 0 155 71 0 126 0
    255 0 156 82 170 248 0 177 176 178 255 245 255 118 255 0 255 176 196
    0 112 98 57 157 34 255 131 130 255 195 6 11 123 32 10 1 226 96 138
    85 255 49 0 16 140 71 255 228 255 122 88 209 125 12 254 17 0 199 246
    0 120 65 216 0 0 255 0 17 0 0 187 218 42 255 225 233 88 33 59 255 0
    242 4 255 1 200 53 0 206 0 255 0 134 0 255 121 0 129 0 255 94 207
    255 8 0 192 180 255 46 255 0 156 206 255 161 255 255 0 0 192 0 206
    255 121 17 255 86 84 134 127 156 43 91 255 160 0 0 248 255 172 255
    48 203 94 150 50 132 201 255 255 255 255 207 0 29 141 35 1 170 179
    170 255 62 156 195 234 29 255 255 0 35 255 135 223 27 0 255 77 0 143
    167 69 250 19 255 255 229 54 1 0 255 185 16 246 0 0 255 45 87 255
    193 175 130 61 255 180 126 116 0 184 101 255 230 253 89 27 255 2 105
    70 147 0 58 214 241 0 237 150 5 151 90 108 0 61 122 255 0 90 161 28
    203 247 28 255 255 1 255 174 226 0 45 234 47 131 85 241 178 255 52
    255 255 255 0 255 255 0 0 146 43 33 0 0 78 0 138 87 168 255 57 255
    157 195 170 255 255 0 66 121 0 108 0 88 172 0 255 158 21 26 0 139
    130 161 171 220 150 255 191 255 5 17 236 0 0 158 0 139 78 0 201 4
    215 255 242 149 89 99 0 255 98 91 0 224 0 0 147 255 118 255 255 108
    128 94 0 0 255 0 54 157 0 61 0 0 212 205 52 74 255 255 50 68 255 249
    0 66 255 48 0 35 0 88 255 0 205 173 204 255 81 0 0 107 103 98 0 0 0
    106 185 0 120 142 0 0 252 128 118 46 181 255 110 203 255 164 188 19
    149 0 0 255 241 0 192 117 255 138 226 209 203 54 255 0 0 92 127 68 0
    255 255 96 255 148 0 88 144 250 96 241 142 143 255 36 89 170 255 0 0
    12 200 255 0 30 95 193 243 255 16 255 185 163 53 255 254 255 101 237
    255 12 255 34 61 0 255 88 144 255 149 19 202 89 228 0 0 255 156 106
    14 0 223 56 255 135 18 255 94 166 255 244 1 155 0 0 76 4 181 255 181
    255 61 255 145 182 0 80 27 7 255 0 232 123 50 135 226 58 243 19 0
    127 255 82 0 62 127 0 0 255 200 44 35 42 0 255 12 39 56 255 36 255
    214 255 255 30 55 44 255 255 0 0 213 0 70 255 83 0 80 0 255 223 206
    255 52 255 255 255 57 255 218 127 0 55 139 19 149 0 53 255 248 255
    251 182 44 47 53 110 0 202 0 255 255 0 0 162 190 9 161 101 24 194 21
    11 255 30 255 158 215 65 225 0 99 255 255 255 255 24 33 24 255 72
    237 197 0 0 0 0 46 155 64 231 255 0 90 121 50 0 132 0 44 0 221 0 0
    35 0 255 6 255 103 148 0 204 74 225 130 171 100 255 255 255 22 177
    24 117 244 24 116 255 0 195 137 0 126 48 255 0 0 19 255 49 72 255
    124 255 206 179 255 91 186 19 205 28 0 228 126 255 135 5 0 68 155 69
    112 0 33 109 0 0 255 28 236 0 178 183 119 21 255 222 0 86 147 219 96
    255 28 129 255 249 255 23 236 255 120 255 255 93 181 241 224 255 0
    180 0 69 210 0 159 255 27 0 111 0 195 154 167 46 145 171 255 167 202
    0 26 249 131 255 0 223 28 96 255 254 255 0 0 250 255 77 120 250 18
    94 255 165 0 163 255 255 0 46 175 239 71 0 255 0 0 87 255 85 37 6 0
    0 0 179 93 255 18 0 0 255 47 59 0 38 93 0 0 170 0 0 150 190 221 198
    104 255 255 10 0 255 251 35 255 255 255 33 228 168 255 59 0 255 0 4
    201 0 0 255 0 0 199 172 151 0 162 255 0 0 193 235 48 77 255 10 255 1
    147 0 0 255 0 15 187 193 124 160 255 126 0 113 190 151 106 78 252
    214 255 63 0 255 4 0 143 0 0 0 0 255 237 152 176 0 0 159 43 255 8 61
    114 0 171 24 7 244 58 163 64 140 141 223 247 255 215 0 205 24 255
    180 51 166 34 228 255 136 208 1 255 61 0 3 0 255 0 58 216 0 214 76
    230 114 78 242 66 0 244 13 224 63 255 255 249 49 193 106 112 77 0
    255 102 212 68 0 17 105 255 0 134 255 0 56 175 38 0 58 55 228 79 255
    213 255 115 192 174 190 96 194 255 99 227 167 140 0 255 1 38 255 245
    154 200 151 0 3 0 0 255 48 255 27 0 255 3 0 255 155 0 63 255 152 255
    34 92 0 150 112 255 19 75 43 202 20 228 111 76 232 116 240 29 255
    131 213 161 255 4 255 0 0 156 179 91 83 255 255 255 238 255 197 255
    159 88 255 235 0 0 40 12 0 154 142 255 253 40 255 224 191 194 21 91
    115 255 247 163 255 255 0 101 0 255 62 0 255 248 38 2 228 110 105
    185 249 0 34 0 38 255 174 38 255 141 0 12 19 160 255 254 0 139 48 47
    255 0 255 243 21 0 255 240 0 222 183 199 46 0 0 40 255 56 25 221 239
    255 124 0 255 0 255 210 206 0 16 213 200 195 210 173 176 107 140 0
    191 142 151 110 0 0 130 226 224 59 222 189 249 247 0 255 234 140 0
    194 57 255 11 251 166 0 37 218 255 187 192 50 169 159 67 255 205 108
    143 255 126 74 249 42 62 12 0 52 70 52 0 30 0 195 121 255 196 0 217
    108 92 255 77 255 0 0 74 255 169 215 70 50 255 0 104 32 255 206 0
    126 129 255 29 255 240 253 120 20 255 255 0 0 255 0 219 0 31 232 255
    214 255 255 0 113 110 53 55 32 22 0 235 149 0 56 45 255 47 231 233
    189 255 114 255 255 187 137 171 220 255 183 255 255 118 60 196 74 0
    101 255 45 255 255 255 0 241 0 2 20 255 22 0 26 69 159 0 0 190 192
    255 255 63 128 217 95 81 185 255 95 0 0 35 255 39 255 255 0 250 50
    132 0 143 162 117 0 230 0 0 19 214 255 255 255 222 247 255 161 243
    177 169 0 212 186 0 247 110 0 90 255 0 84 35 136 31 165 0 100 0 204
    166 241 147 140 255 0 0 83 7 255 0 255 255 21 255 255 60 0 45 167
    255 212 21 0 255 201 44 252 255 22 0 0 0 255 140 30 195 255 17 112
    255 186 0 72 222 255 15 255 233 0 45 255 225 255 39 192 237 158 0
    183 255 111 210 27 255 58 255 219 255 255 255 255 150 255 255 33 0 0
    177 136 228 197 127 109 109 210 147 129 36 255 173 0 169 103 212 255
    207 186 255 0 31 255 172 82 91 0 255 44 0 194 19 147 255 0 58 8 165
    123 255 30 4 0 136 0 27 6 184 183 223 0 255 110 0 186 237 129 99 129
    109 255 0 255 255 138 223 0 255 64 0 49 0 0 33 129 255 158 16 0 255
    0 143 16 255 255 255 241 0 0 73 255 116 14 57 240 102 154 89 61 0
    184 255 255 166 0 255 0 81 217 253 92 102 255 138 255 111 155 226 58
    146 168 151 3 0 255 255 255 132 0 60 1 0 255 19 0 255 71 203 184 223
    204 148 254 0 42 255 255 133 0 255 255 14 255 45 0 162 173 76 153
    186 0 161 0 28 0 0 202 255 255 0 255 61 255 232 174 255 57 0 255 103
    16 255 255 180 0 0 62 57 255 90 170 42 97 255 0 0 242 255 30 250 0
    161 252 85 151 0 73 32 96 136 243 105 17 84 59 135 247 255 27 238
    255 235 248 0 68 211 0 128 13 17 255 155 85 159 0 78 255 7 55 206 0
    97 73 0 49 0 0 132 255 2 255 213 255 255 5 255 183 0 226 255 114 0
    14 24 6 0 255 118 255 255 255 115 74 0 63 0 0 73 129 186 43 68 255
    255 166 226 255 0 2 0 0 255 255 255 211 76 255 62 114 255 60 118 82
    14 0 244 131 157 148 255 43 252 167 255 0 116 110 255 115 0 127 0
    255 141 59 0 107 53 0 255 161 0 92 255 57 0 255 39 103 3 135 36 255
    162 87 20 159 0 28 110 126 123 102 101 12 166 0 111 0 127 0 255 0
    255 224 70 0 255 0 255 160 0 48 255 122 0 0 148 0 124 0 211 12 218
    140 167 81 14 47 38 106 0 101 111 0 179 255 3 139 0 61 255 178 176
    69 128 255 0 181 0 255 170 0 154 0 173 201 255 0 255 38 95 67 0 225
    84 188 94 166 207 108 255 149 216 0 151 0 134 12 255 255 255 164 206
    96 255 0 150 63 255 0 255 97 255 129 0 0 255 255 94 80 201 251 255
    255 0 48 127 119 0 121 255 169 138 64 255 255 0 100 54 116 34 126 0
    134 191 255 0 151 106 0 0 124 173 17 94 178 0 234 255 197 0 27 211 0
    225 85 182 0 164 254 255 210 146 255 33 238 50 17 0 93 248 254 0 75
    184 127 0 132 145 216 0 255 0 0 0 110 252 128 237 255 108 202 165
    255 255 101 205 0 0 19 253 72 194 185 188 191 0 255 0 14 0 77 125 28
    239 113 255 191 0 158 255 12 109 213 92 0 0 130 52 108 76 239 207
    255 109 91 77 127 233 0 11 0 255 0 0 86 103 0 255 0 255 110 0 255 0
    83 255 72 142 250 255 237 167 30 255 77 0 88 255 0 30 0 0 136 132 79
    0 255 157 0 255 255 250 164 35 0 185 13 101 0 52 193 121 156 255 255
    255 68 255 137 13 114 0 162 255 0 12 255 23 255 218 41 25 77 137 64
    0 56 0 255 25 0 237 222 0 73 0 255 140 119 13 255 13 0 248 112 0 77
    255 255 0 0 255 0 190 0 124 5 32 255 0 0 211 191 0 228 170 153 36
    228 211 48 255 120 0 255 56 248 203 178 0 18 18 2 255 240 209 0 207
    20 52 0 232 162 219 239 35 0 202 255 223 59 255 97 176 202 0 255 12
    0 210 16 218 133 255 255 255 224 232 56 54 83 148 234 0 46 223 165
    33 34 226 46 62 24 255 140 122 163 0 255 0 255 155 158 211 252 0 255
    126 236 37 85 0 0 8 0 255 0 177 0 0 0 194 30 7 255 0 69 28 141 255
    255 255 203 255 255 206 0 0 197 152 0 0 0 192 161 228 34 255 147 0
    255 148 12 89 52 255 182 89 144 57 122 47 89 255 99 0 0 225 171 47
    255 255 94 0 96 107 0 244 255 0 255 255 255 0 155 117 68 255 255 154
    11 0 83 212 79 140 0 233 0 0 50 255 203 220 0 9 81 158 143 0 65 0
    255 38 218 0 217 255 255 211 0 180 17 209 0 146 232 17 21 72 255 244
    255 157 93 151 255 0 50 0 49 0 117 178 255 0 255 255 35 88 150 55
    234 255 255 0 251 149 0 22 101 50 192 46 204 0 0 255 0 0 217 96 130
    250 255 200 0 255 201 227 255 134 5 171 255 0 255 124 122 77 255 86
    187 0 0 0 255 255 0 0 170 0 243 200 15 151 193 0 62 3 17 88 0 0 0 17
    0 58 255 113 37 206 255 57 255 5 0 255 175 5 0 170 95 65 177 46 143
    0 73 72 187 255 0 203 77 208 178 181 229 86 159 208 255 83 140 0 0 0
    183 0 0 0 255 171 0 255 255 244 192 173 182 253 150 255 0 14 218 12
    115 0 1 93 5 0 236 255 194 9 211 218 127 134 0 124 64 77 0 0 0 106
    189 5 255 1 255 34 160 153 174 137 255 255 255 0 14 122 133 185 0 17
    59 139 0 56 48 255 122 18 251 0 49 198 136 0 238 182 214 0 0 245 0 0
    221 196 0 255 0 255 0 33 109 56 11 224 66 33 64 0 167 32 114 75 255
    255 24 122 229 255 77 90 0 152 104 111 107 255 46 255 255 137 63 191
    149 0 96 172 177 255 255 255 0 140 147 255 255 153 122 212 110 252 0
    0 192 255 217 255 30 0 45 4 0 51 39 255 251 0 32 214 255 119 4 79
    169 29 14 57 17 147 255 93 0 255 167 151 120 119 186 61 123 255 79
    244 255 120 13 231 244 255 90 232 170 78 255 114 255 255 250 62 254
    189 0 255 2 0 0 140 166 105 44 0 70 209 246 46 170 194 0 254 0 191
    255 78 154 31 255 255 123 200 51 255 235 0 253 17 135 195 225 175
    160 55 255 9 32 163 255 179 145 9 30 0 255 40 54 47 0 0 229 37 23 0
    203 252 243 255 255 59 3 99 0 183 62 47 103 160 35 241 0 41 167 157
    0 0 0 0 255 130 0 180 0 158 86 255 0 73 0 0 173 170 0 255 49 201 236
    214 255 0 255 162 148 201 29 50 174 0 0 236 0 248 0 255 0 255 0 152
    174 0 249 152 255 255 255 0 0 255 84 159 20 121 75 210 74 69 0 210
    255 221 0 242 88 75 21 195 100 134 91 39 248 10 116 121 138 0 0 0
    255 218 178 255 255 27 123 30 1 0 98 191 0 194 192 221 255 255 255
    10 44 146 217 104 100 146 255 0 165 182 0 248 196 239 0 185 251 245
    208 0 229 82 166 116 255 0 230 129 0 255 161 249 53 0 97 21 38 173
    254 255 112 141 248 89 109 0 128 0 62 0 0 146 61 255 0 3 0 189 141 0
    133 0 185 255 83 173 55 255 35 106 138 33 255 163 255 91 255 255 76
    199 227 13 121 0 126 0 86 255 77 234 14 205 0 122 0 73 0 136 255 255
    149 0 0 142 178 7 22 169 0 255 68 133 255 227 255 0 0 255 210 255
    255 255 227 0 37 56 255 86 5 136 195 85 74 255 6 0 0 65 13 227 188
    255 238 0 81 255 95 70 216 255 255 120 169 223 255 229 0 121 0 0 255
    74 68 243 0 172 0 253 127 255 255 165 203 41 172 255 0 155 68 0 83 0
    255 255 77 199 120 187 95 255 32 62 0 19 227 255 209 164 255 255 160
    0 91 226 89 60 0 46 23 177 183 153 216 101 247 124 20 255 72 6 17 62
    191 42 247 3 134 0 255 156 115 255 97 222 0 0 128 195 255 59 252 255
    245 149 17 118 3 98 165 233 0 0 77 0 174 103 255 159 255 53 255 33 7
    121 0 74 121 79 255 159 255 108 0 81 0 255 255 16 255 70 225 255 255
    140 26 64 108 216 0 77 160 223 0 164 121 245 137 255 255 154 0 213
    220 53 1 0 188 239 23 10 207 154 206 255 255 0 168 255 9 255 163 175
    83 236 0 255 102 0 157 34 120 255 0 183 255 29 79 78 128 222 255 255
    150 89 177 121 255 187 0 2 227 25 255 255 255 0 255 117 0 30 255 237
    70 147 68 61 255 56 0 218 255 233 255 0 56 113 166 52 169 255 212 44
    216 255 74 223 241 0 201 107 0 255 23 0 255 0 94 158 126 126 72 138
    131 255 70 129 0 107 123 0 108 236 40 131 143 0 0 199 0 208 255 235
    176 0 238 0 255 0 132 69 179 0 205 255 208 188 111 255 255 67 0 223
    0 130 0 138 69 0 5 255 255 86 93 164 129 0 255 69 76 250 190 253 0
    255 102 37 251 81 253 189 221 21 145 211 0 154 255 0 57 255 156 102
    0 255 157 255 82 255 0 255 255 224 0 0 94 198 45 0 46 102 135 234
    246 192 39 129 77 0 55 79 83 255 24 179 174 255 73 255 168 255 217
    198 255 0 0 231 45 21 30 232 153 234 0 60 49 255 242 215 0 188 32
    110 230 182 248 230 14 16 182 247 85 136 34 26 219 255 50 0 207 145
    0 38 227 242 145 255 255 0 159 32 72 75 12 198 28 65 55 255 255 235
    84 255 136 116 172 255 63 77 0 45 240 34 59 225 73 255 73 182 184 16
    0 0 0 198 164 243 0 163 128 95 81 62 255 255 64 9 130 52 0 116 0 142
    0 223 255 0 255 80 160 175 255 189 255 143 0 230 255 143 0 131 219
    168 255 158 32 255 16 65 150 51 0 255 97 255 94 200 151 108 218 0 6
    184 255 227 96 233 184 132 72 188 0 207 97 236 188 0 153 255 185 255
    0 169 79 95 0 179 205 28 138 0 255 231 255 29 255 218 218 79 144 255
    0 248 167 121 255 146 255 195 255 255 0 203 255 236 90 95 131 8 255
    79 53 153 0 0 255 255 148 187 255 221 179 164 147 255 244 70 251 0
    39 110 255 168 15 255 0 9 196 255 0 255 46 206 235 0 70 68 25 151 0
    94 227 0 144 100 126 183 255 143 0 255 94 131 12 0 17 12 106 255 255
    159 237 255 0 255 255 253 101 0 78 255 135 255 156 0 255 157 114 255
    255 55 0 195 133 0 236 255 66 255 255 39 147 190 223 227 206 255 135
    198 255 119 73 181 163 0 27 0 223 235 231 96 255 87 0 74 246 137 0
    28 255 125 183 95 81 0 163 152 38 57 128 75 170 0 150 4 0 0 132 75 0
    122 137 0 145 104 95 84 101 14 106 0 193 255 255 92 120 156 46 32
    226 0 0 255 43 183 119 0 25 255 255 255 255 148 2 173 212 212 66 103
    245 0 40 255 174 248 0 234 0 234 255 255 115 216 224 255 255 2 0 255
    96 247 0 255 127 255 117 192 157 0 65 128 46 0 151 169 231 220 118
    135 255 125 0 247 137 255 255 225 0 72 255 0 255 32 255 135 53 167
    165 119 0 252 68 255 42 13 125 33 0 255 255 57 178 58 255 255 236
    255 218 0 248 91 116 177 255 255 0 238 230 0 144 0 223 131 192 118
    127 159 255 89 255 255 216 190 57 255 6 47 255 120 112 252 208 46
    190 238 0 255 255 255 255 35 178 0 46 235 0 255 10 173 253 255 94 34
    0 255 0 150 89 98 186 101 0 0 108 0 233 0 101 0 255 25 130 87 216
    247 55 7 100 255 134 26 12 255 30 0 93 255 151 0 255 151 255 228 255
    0 121 255 95 91 10 127 87 0 3 150 255 0 255 255 255 255 44 0 255 255
    155 207 255 0 197 0 16 255 0 56 43 255 27 4 111 0 223 93 255 200 187
    49 0 0 193 0 71 255 182 0 175 39 76 255 61 255 184 134 251 255 213
    134 172 0 168 21 160 50 233 4 235 0 66 109 233 211 255 255 255 127
    164 255 33 255 255 51 136 120 22 255 84 56 193 87 153 255 0 133 255
    0 255 255 173 74 13 255 67 74 223 255 0 0 0 165 109 255 222 255 255
    0 71 24 120 0 200 46 213 255 207 5 42 221 235 253 203 214 240 255 0
    128 0 8 93 40 44 156 44 52 255 180 0 157 90 105 255 66 208 255 0 255
    10 219 203 255 71 59 179 155 255 67 123 153 0 213 85 255 215 210 255
    255 197 111 180 186 76 27 158 255 0 42 255 87 255 172 252 118 8 9 15
    255 246 0 24 255 204 240 133 49 0 229 0 50 17 255 64 255 128 200 0
    141 139 0 255 202 35 255 108 100 238 88 255 0 0 15 255 139 207 255
    255 255 139 255 185 255 175 255 62 5 42 101 98 129 0 0 236 0 133 255
    0 227 0 0 207 0 225 0 217 200 255 255 255 237 174 164 249 0 155 255
    0 255 193 255 255 248 220 112 0 255 76 72 255 0 216 0 46 9 0 82 255
    186 234 173 203 128 244 255 251 0 154 154 100 175 162 204 117 0 166
    225 232 255 39 150 115 255 255 66 135 0 162 233 149 94 87 206 66 62
    42 0 174 118 124 0 100 124 0 255 255 215 255 0 163 0 176 145 63 208
    115 237 30 75 152 255 172 12 139 0 255 255 255 119 54 243 134 255
    118 255 255 0 43 255 235 0 0 0 88 0 249 0 254 247 0 255 184 158 85
    255 196 21 53 255 255 0 171 255 47 245 100 251 157 0 60 0 228 37 19
    255 255 54 0 251 201 0 52 111 22 58 186 216 248 206 212 255 55 119
    143 255 62 6 255 205 49 255 150 191 0 255 45 255 0 76 5 212 80 121
    255 0 0 0 34 87 90 90 201 255 255 0 173 255 0 39 229 107 113 167 0
    42 244 226 214 225 0 200 204 217 12 255 57 0 212 0 58 255 246 119
    225 255 100 0 145 96 161 130 0 71 255 212 119 63 22 255 122 150 255
    170 41 255 116 93 71 159 190 190 87 117 111 151 187 213 255 135 210
    2 196 193 227 77 14 255 23 38 255 233 54 74 0 255 53 0 217 255 45
    228 255 88 222 165 120 153 255 255 0 164 165 13 79 156 134 32 195
    182 30 180 255 61 189 138 217 255 255 177 102 255 199 0 117 250 209
    131 127 241 152 0 240 213 176 255 217 255 224 253 48 106 233 35 255
    135 53 0 0 0 232 246 161 107 233 254 0 255 0 125 133 69 255 110 108
    63 154 22 0 254 162 255 244 22 0 35 72 173 49 0 5 37 0 154 238 179
    10 123 174 96 0 169 255 199 220 36 0 0 0 213 223 218 255 190 177 108
    168 142 33 49 255 227 72 218 255 0 255 3 177 185 172 152 25 0 250
    167 223 37 149 255 0 140 133 135 73 109 255 0 255 160 255 64 109 222
    111 179 173 55 132 79 0 96 170 229 238 58 175 172 6 51 153 136 115
    140 43 213 182 1 190 255 132 245 0 79 204 0 255 158 161 42 12 191 44
    255 0 164 189 255 224 225 0 0 228 255 45 150 15 210 255 252 152 0
    155 190 130 102 255 0 11 0 31 185 97 235 115 110 255 208 215 132 86
    163 251 180 255 13 0 0 0 0 0 0 119 31 245 42 35 192 255 0 255 179
    146 193 148 0 255 147 121 165 82 73 12 231 0 127 43 238 31 37 240 57
    47 0 255 0 48 94 255 18 118 105 0 255 0 255 255 236 0 87 255 197 147
    0 255 233 78 106 25 255 176 0 223 23 159 141 22 255 0 152 240 0 255
    255 0 255 233 0 255 0 201 255 76 255 113 0 129 52 0 230 139 73 9 0
    250 0 53 95 255 0 0 102 0 255 108 255 95 255 81 0 127 225 249 243
    255 102 255 255 161 55 69 255 255 95 153 69 167 68 85 204 84 164 50
    98 117 13 22 255 133 108 0 179 0 152 107 255 79 7 126 255 133 63 128
    0 255 255 163 104 32 109 168 126 164 202 196 53 95 100 0 188 148 114
    255 27 242 27 255 89 150 225 30 51 255 0 148 93 0 164 182 255 248 0
    180 0 58 173 103 172 61 172 161 9 10 0 187 23 112 0 255 107 233 117
    250 18 255 255 153 205 88 0 131 234 18 59 0 217 255 0 0 172 202 0 0
    157 156 253 255 255 0 250 207 0 0 233 0 0 163 40 9 106 241 0 34 80 0
    171 0 2 128 93 255 179 4 145 194 250 16 54 255 211 165 101 255 56 0
    0 200 97 0 255 252 193 221 183 104 2 126 95 206 198 157 147 255 160
    0 28 255 18 0 180 255 130 0 102 206 0 159 138 97 160 227 34 255 110
    163 255 175 255 114 0 0 0 0 36 255 17 0 0 0 0 94 142 255 42 0 188 35
    88 0 148 135 206 77 196 255 0 126 0 0 255 38 0 0 0 183 0 154 254 0
    255 244 195 255 104 222 255 109 0 0 255 0 60 99 240 60 60 123 100 96
    0 172 242 0 135 0 252 0 107 79 0 196 234 143 161 181 255 138 207 219
    121 0 101 87 189 0 81 206 255 45 255 0 255 0 0 0 103 106 0 255 155
    255 57 73 255 0 17 255 168 255 43 0 146 88 122 0 8 163 255 124 0 188
    200 240 0 171 255 215 255 0 255 54 255 255 245 255 9 103 91 0 242 0
    96 107 0 0 196 126 185 0 143 82 255 255 104 45 98 176 102 222 48 172
    39 125 224 42 255 175 0 0 191 255 255 255 92 241 0 137 64 87 65 106
    255 115 103 255 193 240 212 232 255 163 28 35 0 255 243 46 255 127
    70 196 131 0 255 76 111 0 169 242 255 0 32 150 57 46 0 0 255 169 0 0
    140 220 206 122 62 8 0 33 188 68 255 42 0 168 64 102 62 89 255 169
    87 3 255 79 127 255 255 255 112 142 232 255 105 0 0 165 255 32 193
    255 255 23 0 0 0 0 0 0 0 146 190 103 255 98 61 46 255 12 63 218 55
    248 0 246 109 8 255 175 214 255 99 100 0 0 255 111 131 90 112 87 189
    238 245 255 0 114 20 23 51 0 0 0 255 0 0 61 43 253 0 0 255 0 36 255
    68 102 229 215 28 62 255 255 64 125 239 2 58 125 196 126 233 79 183
    0 0 94 0 255 36 32 61 121 255 255 0 0 255 65 230 0 223 255 0 255 40
    148 101 147 81 0 48 63 142 201 6 243 0 175 62 60 161 56 0 255 255 4
    100 255 255 255 73 63 50 242 255 0 51 237 198 0 30 80 222 123 41 255
    2 193 117 0 255 31 69 161 171 69 146 161 236 1 106 120 0 244 63 231
    2 255 177 0 190 255 255 200 255 255 47 120 46 0 67 255 149 35 10 149
    255 37 52 39 102 27 66 42 188 182 172 255 0 158 134 214 0 129 205 25
    156 211 164 76 0 255 219 0 152 126 57 58 134 77 255 137 159 148 73
    21 80 13 30 50 0 130 24 109 134 255 85 163 38 178 235 123 237 255 0
    5 166 92 19 175 254 255 230 0 255 0 128 31 255 10 212 252 255 188
    224 255 129 255 0 181 206 0 0 0 0 59 148 111 238 211 11 183 139 53
    183 255 243 44 221 223 0 0 59 169 118 59 244 0 255 0 123 254 59 0
    255 163 0 101 71 255 10 254 203 30 0 62 0 149 0 0 4 0 0 132 132 255
    125 0 72 0 8 255 0 66 221 0 77 255 0 132 0 255 223 255 255 129 242
    255 0 197 48 255 87 80 154 255 195 48 161 74 22 0 109 204 250 0 198
    205 0 72 81 0 0 0 13 92 255 0 55 0 13 192 177 118 38 77 1 114 0 213
    0 109 89 234 44 112 230 193 255 37 255 0 124 178 255 91 255 182 255
    208 123 76 80 65 123 0 34 155 58 0 0 7 2 3 208 212 255 173 227 87 2
    84 255 128 57 226 0 145 0 242 130 54 0 0 19 189 255 70 13 110 255
    159 255 87 93 0 8 17 207 19 144 165 169 253 117 220 111 252 255 255
    101 49 6 182 0 63 209 173 245 134 169 255 135 8 243 244 255 45 0 0
    52 255 108 46 255 251 0 71 204 255 13 28 37 0 105 255 72 0 255 0 0
    193 255 108 235 255 19 255 118 116 94 61 173 43 185 253 0 0 172 94
    235 0 222 0 0 57 0 255 0 94 255 9 0 154 181 210 158 0 227 0 100 255
    255 211 238 2 64 255 137 251 0 255 255 0 2 190 0 182 0 94 255 111
    155 224 0 58 0 226 0 103 158 138 57 207 255 0 98 0 135 158 0 67 201
    255 255 204 78 102 26 0 255 0 255 65 111 255 136 255 0 0 143 160 255
    61 255 245 0 120 82 195 39 255 84 184 6 255 159 0 34 0 135 255 212
    211 186 59 0 214 0 255 201 0 255 0 99 39 16 255 207 190 57 0 0 68 0
    4 0 183 25 0 135 215 17 113 0 92 0 51 0 255 113 25 207 255 116 255
    45 0 255 0 169 188 255 97 110 53 120 60 0 0 231 165 34 0 159 99 71
    255 18 39 203 197 114 164 93 235 99 44 192 2 57 37 161 255 255 215
    255 161 255 241 1 0 141 249 140 51 131 237 168 42 255 36 243 255 0
    86 240 17 173 145 15 96 220 125 235 154 0 47 0 165 112 87 0 35 109 0
    187 178 32 255 52 255 250 255 185 132 28 193 93 146 207 210 50 43 95
    49 255 0 255 185 0 255 0 191 202 0 0 43 0 0 162 136 101 155 111 49
    66 184 1 0 200 18 110 154 255 255 0 0 0 0 0 0 191 86 123 210 235 255
    96 255 255 9 38 255 0 0 144 0 0 60 68 255 85 10 219 0 198 217 119 0
    223 145 208 124 162 255 155 0 255 131 255 255 213 60 29 0 0 92 132 0
    0 85 0 148 255 133 145 117 185 255 35 123 255 203 255 255 17 255 0 0
    255 85 177 0 48 255 13 0 180 40 218 123 112 255 182 124 0 255 211 49
    193 255 61 51 111 229 221 93 108 0 0 255 180 71 0 255 0 0 255 137
    136 80 0 210 18 141 175 16 38 134 0 61 255 0 108 255 45 214 255 238
    28 255 73 0 255 116 236 60 0 80 22 97 0 0 255 213 255 172 145 98 38
    255 134 121 255 216 0 255 11 255 103 0 220 26 184 97 236 228 67 255
    255 225 200 86 0 119 0 101 237 82 223 0 255 50 133 0 255 36 0 255 0
    106 67 255 255 0 16 0 0 250 151 0 133 0 126 142 108 255 0 255 23 207
    255 0 255 241 27 255 0 226 130 24 88 255 135 165 26 220 49 0 33 0 0
    255 167 167 61 0 2 0 234 255 177 255 255 255 243 255 255 238 12 0
    236 255 73 0 255 220 75 126 234 78 100 177 170 115 201 159 75 255 25
    13 55 86 0 255 255 224 0 171 0 146 0 246 130 255 0 10 142 255 52 150
    253 138 255 212 116 102 187 120 218 0 200 145 164 0 20 255 0 171 118
    145 0 255 102 12 44 218 74 240 90 146 24 241 255 204 248 42 255 49 0
    9 229 136 74 200 158 0 88 255 181 108 6 20 57 85 110 89 218 0 255 0
    11 2 211 75 84 188 255 122 77 73 255 119 255 53 255 255 14 210 255
    255 27 58 38 0 55 65 17 255 0 25 243 104 255 153 0 255 199 0 199 213
    255 247 63 120 160 0 103 107 0 168 152 0 177 233 21 66 200 255 50
    255 124 0 255 96 0 99 16 154 0 163 225 255 9 255 154 0 221 155 237
    255 255 255 225 255 255 116 255 236 0 56 255 121 191 215 255 54 255
    8 59 247 255 137 72 0 80 99 9 245 0 255 254 209 170 142 0 164 0 0
    255 0 255 4 149 1 206 255 219 255 118 79 89 194 68 255 0 46 19 0 255
    216 0 180 224 1 41 251 255 84 213 190 24 255 158 156 65 250 255 70
    147 0 120 62 255 234 6 255 255 0 68 0 30 2 255 255 0 58 171 54 255 5
    21 163 102 146 124 83 76 44 255 228 0 255 255 141 150 162 168 156
    161 237 54 0 230 148 23 50 0 53 64 0 237 178 219 0 255 175 0 0 201
    54 30 197 98 255 184 255 255 0 255 37 0 109 255 0 135 0 162 0 131
    255 93 20 255 230 255 255 108 96 0 215 149 0 23 186 0 0 138 137 68
    222 204 70 255 255 255 28 255 0 181 233 255 255 170 0 255 255 248 81
    255 87 51 0 134 253 97 0 249 115 79 208 2 0 220 0 80 0 255 0 255 96
    114 0 0 189 0 255 255 109 119 186 99 255 143 22 88 0 255 0 255 160
    117 255 21 204 0 0 245 255 255 0 233 0 216 191 0 255 4 177 15 8 0
    255 255 209 0 255 0 0 132 255 138 179 132 119 255 255 14 91 255 0
    228 8 52 255 189 0 13 172 0 255 83 142 155 202 255 255 97 168 201
    255 167 0 218 255 188 0 147 48 106 255 135 255 91 255 43 237 206 231
    18 207 242 255 227 174 0 0 30 0 0 255 33 255 255 95 255 254 221 204
    215 192 144 213 90 95 56 0 107 120 24 170 3 255 255 201 245 0 255
    179 255 227 0 171 0 255 0 206 130 255 171 0 0 0 18 0 125 169 255 255
    213 255 142 57 68 110 104 12 255 110 188 255 50 111 8 36 183 227 166
    67 58 255 255 252 255 107 0 103 91 0 18 255 18 129 236 220 8 86 47 0
    189 29 0 55 105 135 160 0 255 170 93 144 33 0 146 239 77 255 25 255
    109 0 0 255 98 56 255 207 227 0 17 0 255 0 255 250 60 0 255 238 255
    10 143 228 87 192 255 255 173 139 255 0 255 161 249 12 0 112 255 0
    219 23 255 73 60 118 255 196 255 226 193 0 0 0 255 173 46 192 221 37
    13 104 171 186 0 0 15 132 0 210 67 0 164 140 170 255 255 92 223 247
    99 255 183 153 255 10 76 253 189 253 255 255 255 255 169 25 0 0 15 0
    200 0 172 157 0 139 172 255 160 201 241 196 181 246 204 156 172 214
    94 55 0 0 90 255 65 0 39 96 0 72 40 245 221 96 76 56 255 120 255 93
    140 24 255 75 147 255 255 209 126 0 0 234 0 0 74 40 151 0 239 9 8 35
    255 228 255 133 0 146 155 197 252 255 196 86 151 0 0 193 53 161 2 6
    106 0 46 0 255 192 202 16 41 0 159 223 193 93 171 122 201 167 255 98
    176 38 0 0 0 0 0 0 255 200 252 134 23 239 255 208 194 255 42 73 255
    0 255 222 0 0 255 154 112 114 67 78 59 0 0 37 160 41 86 175 104 255
    81 255 110 67 255 135 0 243 0 0 147 113 170 0 0 29 22 40 0 255 0 98
    151 194 154 104 255 250 0 106 0 67 47 39 255 255 228 24 22 175 0 0 0
    255 154 59 21 255 255 0 247 49 213 11 254 0 0 231 171 0 255 0 59 0
    102 0 108 0 7 60 255 185 52 248 190 129 90 255 248 0 255 17 0 255 48
    0 0 255 162 245 39 255 120 255 200 0 161 41 197 39 77 224 0 187 110
    186 119 192 118 0 228 0 124 192 110 176 80 100 115 130 0 107 0 24
    116 217 0 108 255 30 245 207 0 0 241 255 150 188 255 202 212 135 66
    9 49 229 141 94 126 0 122 234 0 36 129 201 153 255 221 255 213 51
    187 238 52 99 217 206 199 137 79 225 26 131 0 146 0 107 255 13 186
    255 0 194 208 23 17 111 219 59 255 61 0 219 118 171 255 32 255 255
    248 251 117 32 17 39 195 228 216 0 255 103 10 149 119 88 0 255 12 40
    255 244 255 8 174 139 78 144 94 255 169 173 143 166 0 99 173 195 0
    217 173 140 0 168 235 194 121 156 238 170 199 255 145 157 191 10 50
    0 221 251 61 255 90 204 230 255 255 240 230 134 218 70 194 191 107
    127 255 144 7 255 46 187 148 0 0 255 0 0 48 133 235 0 0 255 0 110 47
    115 238 18 255 51 175 136 0 0 178 0 135 255 101 79 79 0 209 255 255
    0 255 125 255 218 243 255 183 37 129 249 64 107 48 0 255 255 255 255
    255 0 255 102 0 234 255 151 3 0 255 92 96 61 62 255 200 255 143 255
    255 204 175 148 255 211 75 201 0 95 147 17 99 209 39 3 0 136 27 0 0
    255 132 161 181 255 255 0 44 255 255 0 229 255 185 0 73 0 42 0 219 0
    20 0 255 213 235 0 231 240 131 107 227 210 92 103 0 155 175 196 77
    255 160 0 255 255 114 255 255 255 80 203 218 0 0 255 35 228 0 179
    255 0 68 219 0 93 131 122 17 60 0 255 101 206 254 219 13 255 55 0 68
    11 0 49 26 95 0 39 0 255 0 58 0 0 189 186 152 159 0 57 56 27 86 255
    255 39 200 255 104 43 119 255 44 0 159 94 227 23 199 255 222 180 33
    222 139 37 0 83 117 255 118 0 57 19 7 63 12 0 255 255 220 0 0 178 27
    168 201 255 92 245 131 0 99 65 0 255 255 243 102 93 255 80 0 180 0
    19 0 24 41 42 255 255 0 255 0 51 152 0 101 215 64 97 64 100 0 86 255
    255 4 0 136 255 0 107 23 209 255 255 255 13 8 255 140 213 0 46 164
    76 14 134 157 174 255 248 221 164 9 140 33 255 0 213 255 0 42 0 0 0
    36 201 0 255 111 203 255 198 77 155 129 16 185 231 53 46 255 255 0
    255 18 1 94 255 162 116 0 255 255 206 85 0 0 241 255 0 255 0 172 255
    9 59 178 255 189 255 166 69 139 150 255 116 0 161 108 12 255 0 0 0
    97 184 222 222 98 225 235 0 21 252 104 161 0 128 196 94 201 126 116
    143 179 163 255 1 97 255 255 0 199 144 218 22 20 255 104 255 0 205
    255 76 67 199 0 0 0 118 154 255 93 53 255 0 255 0 255 0 0 255 0 212
    0 113 255 115 50 48 190 255 62 255 255 0 255 175 60 222 112 62 12
    102 140 255 255 219 26 0 246 0 92 255 185 132 29 97 47 83 146 77 5
    155 163 255 12 0 140 48 255 246 255 59 89 157 13 229 11 0 247 139 75
    255 216 50 205 248 142 174 39 255 0 235 181 49 198 255 38 112 24 0
    255 117 122 255 101 48 42 160 146 235 104 0 118 213 0 255 255 89 216
    255 155 255 2 164 255 107 14 255 160 200 104 255 0 108 134 102 255
    74 255 0 0 0 243 237 163 49 0 190 0 242 255 37 26 115 25 73 148 255
    112 74 153 0 146 173 222 68 17 255 0 221 181 179 168 255 250 103 255
    92 145 223 89 255 0 255 255 255 255 122 255 219 255 155 0 255 78 0
    119 69 0 78 149 255 27 123 255 255 143 163 63 152 0 90 255 196 78
    233 43 0 214 166 54 115 171 239 0 70 146 86 180 174 141 179 175 0
    155 0 0 255 0 0 152 255 52 165 72 72 0 70 150 57 0 255 210 0 111 0
    45 224 146 255 48 0 94 0 255 10 0 44 253 113 216 255 214 255 217 225
    17 132 54 255 3 115 218 0 0 197 164 255 255 255 240 255 255 0 75 6 0
    160 8 237 0 254 255 255 255 137 255 201 55 135 48 255 0 141 166 237
    0 255 255 255 255 255 246 45 123 96 255 255 157 255 255 255 255 0
    145 71 255 62 0 211 255 255 243 255 0 255 255 210 0 143 167 196 0 44
    0 96 251 0 0 144 67 38 109 206 71 0 234 0 0 0 10 161 0 255 7 229 199
    255 255 47 255 0 162 62 68 0 176 63 74 0 199 207 12 0 6 145 214 0
    241 255 108 145 0 77 177 0 93 0 243 113 255 0 255 114 0 145 79 255
    222 83 161 167 117 126 37 255 255 123 0 143 255 73 77 203 0 255 255
    236 73 255 77 0 0 255 255 244 0 255 152 66 9 176 236 138 219 0 0 49
    0 18 163 255 0 157 83 193 255 0 201 81 42 0 0 0 255 0 242 200 73 0
    255 255 255 184 229 79 255 255 255 28 244 255 0 255 210 95 42 62 225
    211 136 255 255 0 255 0 125 255 0 255 83 95 225 123 255 0 110 125 1
    221 135 218 0 194 26 253 255 29 0 124 255 255 255 111 184 0 0 6 205
    255 0 189 255 220 137 255 36 194 209 21 129 0 34 255 0 179 0 0 73 0
    115 255 23 0 50 192 92 0 97 0 0 255 50 189 132 0 0 0 0 255 152 56
    255 140 137 113 193 83 167 255 246 0 39 33 38 115 119 255 72 255 255
    40 195 94 0 0 255 74 10 213 255 37 255 255 216 255 10 157 0 194 255
    60 165 255 0 54 87 24 184 0 255 62 54 123 176 255 179 0 25 227 255
    255 147 242 255 128 3 120 220 110 128 81 0 0 255 0 96 255 0 216 0
    120 48 0 0 74 0 255 255 68 255 227 230 58 59 255 255 99 133 255 0 0
    0 255 18 235 142 89 0 125 95 255 196 88 74 78 0 255 200 0 0 255 0 0
    1 0 37 98 255 107 0 0 172 90 2 116 30 5 34 184 219 255 234 169 94
    129 195 255 48 125 255 255 161 0 14 164 255 225 100 206 255 75 210
    131 234 61 112 0 0 96 177 154 207 255 255 60 255 81 214 0 255 17 0
    255 255 253 100 199 12 106 202 255 255 7 222 255 24 138 255 99 255
    255 142 255 255 0 209 211 0 0 118 100 108 124 0 105 194 82 222 255 8
    255 1 8 251 79 0 169 0 19 217 242 193 251 78 199 255 0 0 220 255 199
    33 255 189 255 27 15 149 255 111 255 115 196 0 131 219 0 37 255 0 84
    238 26 34 0 0 167 33 0 105 112 220 249 141 100 57 150 0 209 0 233
    129 36 149 255 222 132 215 196 125 0 240 91 169 245 255 0 255 11 222
    0 36 255 80 255 255 5 250 78 0 79 107 185 0 184 42 255 216 255 123 0
    83 255 0 200 95 228 247 24 35 0 0 15 162 56 255 255 54 151 255 0 243
    255 215 0 74 232 6 255 255 0 151 0 188 0 199 255 0 140 234 201 0 129
    176 0 117 243 255 174 148 26 0 255 131 255 255 255 255 255 67 77 255
    78 0 8 255 0 196 0 112 59 100 0 255 4 255 114 3 249 219 26 238 9 106
    118 100 0 115 58 0 30 0 255 0 164 255 56 86 228 173 190 0 168 69 0
    255 45 111 255 39 46 0 136 117 226 109 255 242 255 255 213 0 209 0
    255 185 255 255 226 0 158 61 255 0 104 3 173 128 0 239 221 152 154 0
    255 123 18 213 0 7 86 255 155 94 56 255 0 0 111 4 118 255 239 192
    158 108 250 255 0 238 186 0 42 0 241 194 113 255 203 0 3 0 185 44
    164 92 255 35 121 0 48 0 255 52 0 255 148 207 25 36 223 17 56 208
    112 0 255 26 0 255 101 127 120 89 99 153 0 0 147 0 100 93 255 55 252
    122 229 94 222 255 255 0 48 255 63 141 112 57 127 65 255 123 15 0
    136 222 255 186 0 233 4 236 178 204 230 41 255 183 4 186 255 102 0
    210 200 0 68 0 0 68 0 111 0 255 209 110 38 0 177 121 116 209 237 0
    70 170 0 255 21 200 160 0 126 0 131 65 4 255 194 222 126 0 154 240
    75 0 255 255 0 125 185 171 255 0 255 18 0 214 0 0 0 122 0 255 255
    249 0 0 155 255 228 90 255 255 255 128 208 101 254 255 66 228 255 11
    29 0 160 213 131 219 0 238 0 0 0 0 0 251 182 110 57 102 192 159 153
    219 255 19 197 0 0 223 133 255 223 75 0 106 0 36 166 88 0 0 255 92
    188 99 255 114 6 217 157 255 230 210 255 0 175 166 143 42 0 255 145
    149 0 39 255 0 255 229 225 218 194 255 126 181 98 250 252 0 75 115
    32 0 107 255 235 52 120 0 58 233 160 237 186 14 190 0 0 232 223 0 0
    66 255 245 224 38 174 0 250 160 0 0 234 76 205 0 252 255 255 172 186
    168 150 200 47 173 255 149 0 240 0 96 12 163 242 184 255 0 255 21
    214 175 255 255 149 212 201 0 0 114 247 0 255 255 255 23 152 0 41 0
    174 187 255 27 0 226 192 22 117 142 0 97 0 232 0 193 255 81 0 0 237
    189 255 255 0 255 195 138 255 181 27 0 255 177 3 203 0 79 146 246
    129 209 245 255 165 55 21 255 233 203 124 55 14 255 29 156 255 0 68
    167 224 0 21 219 143 255 236 138 255 192 244 193 34 133 170 140 0 33
    187 159 233 0 255 154 201 0 0 216 255 255 0 166 148 124 0 255 202
    255 255 128 152 62 177 94 228 255 204 0 138 100 126 109 0 255 255
    174 135 0 81 166 0 0 255 78 129 0 67 113 120 227 255 190 142 187 117
    73 109 127 255 0 0 255 58 5 0 207 1 0 103 0 255 93 250 114 0 196 4
    240 100 255 71 65 43 66 255 35 237 177 255 238 63 238 82 0 33 6 255
    122 218 252 16 164 0 38 202 35 23 255 1 255 120 247 90 46 255 128
    162 71 209 35 81 0 228 158 0 49 200 38 19 228 25 194 253 255 255 131
    151 246 131 146 251 143 129 209 0 67 255 33 29 36 0 66 0 0 6 0 27
    255 195 0 0 154 255 238 0 255 207 255 255 253 0 212 54 249 88 73 255
    199 255 165 9 197 255 139 128 133 205 255 85 103 255 255 0 10 211 0
    148 216 119 212 11 0 33 0 5 136 251 27 8 0 0 64 23 245 0 208 106 74
    8 255 227 147 186 202 82 171 58 51 0 52 255 249 235 179 237 111 177
    113 110 0 71 212 29 0 255 60 91 62 113 163 255 19 186 10 0 56 0 119
    0 25 232 30 255 255 0 255 140 205 67 13 129 0 255 231 7 255 0 25 0
    35 255 0 0 255 253 255 220 15 237 166 112 70 255 0 100 55 247 61 211
    0 102 0 0 100 62 0 252 17 164 198 7 255 95 225 172 49 255 255 70 26
    193 12 0 80 2 255 63 0 137 109 0 0 40 79 0 0 0 255 255 0 126 255 132
    207 255 0 201 0 214 255 255 194 247 241 255 168 255 0 133 255 175 73
    241 65 255 58 107 255 56 249 255 216 99 247 36 97 9 255 0 76 55 57
    255 0 61 39 241 0 164 106 231 139 215 113 255 4 0 115 231 108 96 100
    187 74 175 8 188 53 154 211 255 255 179 121 255 91 122 228 0 0 0 5
    255 234 66 255 248 70 245 39 123 145 193 116 233 106 255 166 0 100
    192 61 0 203 0 157 54 255 145 54 140 230 166 59 255 255 0 231 0 255
    8 255 27 151 255 1 91 182 0 143 92 171 163 65 37 183 107 56 222 193
    239 208 8 0 144 0 0 33 83 15 147 255 47 0 141 133 45 35 255 0 0 7
    255 125 209 0 255 207 0 146 255 0 137 255 116 122 115 96 40 0 0 109
    0 227 255 190 10 212 166 49 118 0 255 192 0 255 84 60 66 177 160 255
    16 60 12 255 164 151 168 228 44 255 0 133 105 241 103 255 255 255
    154 0 184 70 17 243 162 255 0 116 0 0 214 72 0 215 255 48 192 129 0
    0 208 0 0 163 60 0 230 255 0 255 187 0 64 115 190 0 153 0 0 255 255
    216 182 230 255 255 110 78 255 250 255 0 255 0 88 0 0 0 87 51 54 208
    216 255 169 190 0 0 0 28 0 35 122 230 255 0 15 70 0 221 31 0 40 112
    255 209 31 176 0 242 66 255 115 255 233 10 255 255 0 255 117 255 132
    45 215 0 146 0 202 0 96 231 151 0 112 17 255 176 189 0 255 0 255 183
    159 24 172 142 27 0 90 0 171 203 255 212 255 36 200 210 0 255 255 13
    36 168 255 210 58 185 172 10 255 74 104 255 235 37 255 0 176 0 0 255
    0 0 255 255 255 132 93 255 0 255 255 0 255 21 255 0 255 255 255 93
    166 98 255 0 184 76 186 233 88 244 39 127 53 124 226 34 150 255 6 78
    244 0 222 71 204 77 54 0 74 154 8 202 255 0 147 0 0 185 255 149 255
    206 255 255 0 255 177 0 0 121 14 210 174 0 154 188 124 151 0 0 255
    43 0 0 34 0 130 0 140 0 0 61 241 69 56 202 0 112 76 255 0 7 255 0
    183 79 0 142 217 0 255 255 27 248 0 29 63 255 192 146 142 36 255 255
    109 185 220 126 177 0 255 16 65 57 219 63 255 208 0 35 48 99 48 88
    111 180 255 22 157 179 137 73 12 191 214 189 0 255 166 255 167 207 0
    128 181 52 0 200 0 0 255 93 0 0 164 255 0 0 195 126 255 246 123 255
    124 38 183 20 207 104 145 143 0 255 247 221 1 255 255 80 0 255 129 0
    0 66 0 199 0 83 0 255 0 0 148 139 251 87 255 184 154 128 184 182 0
    251 67 121 140 114 255 246 0 0 205 255 255 76 255 120 31 184 238 213
    19 0 255 0 0 87 43 65 170 255 157 64 255 10 236 255 255 242 0 213 72
    3 35 150 131 151 0 48 185 84 94 148 71 1 11 118 63 0 249 146 0 255
    255 0 16 0 223 255 255 112 255 174 20 0 110 146 124 255 220 140 175
    255 151 255 218 0 99 0 221 102 45 255 255 38 0 0 110 4 231 0 92 255
    108 255 128 33 0 0 160 150 140 0 138 0 255 214 189 0 109 40 21 0 121
    251 109 0 108 0 82 41 1 0 255 15 187 0 0 0 219 55 154 37 0 105 198
    157 211 50 163 255 158 89 134 90 51 255 0 113 199 0 0 142 111 0 131
    98 136 255 56 139 0 222 48 90 0 134 85 84 0 0 148 13 95 207 150 245
    150 97 131 172 253 120 255 0 195 158 0 143 0 66 255 74 137 179 0 105
    255 102 17 255 255 54 255 168 189 249 179 116 100 47 0 0 49 255 0
    255 9 76 255 255 107 191 255 82 185 255 170 208 59 0 0 50 0 0 144 0
    105 255 0 102 255 255 255 245 0 234 160 108 224 127 0 255 210 230
    192 119 109 121 95 77 0 180 227 133 255 116 255 138 0 255 153 132
    255 55 12 207 0 202 250 57 255 48 72 23 70 0 255 33 181 16 26 142 35
    148 255 189 147 255 35 255 37 23 0 0 26 155 15 0 70 16 255 255 71 83
    22 255 255 95 0 255 70 51 17 228 99 255 170 20 0 255 172 115 184 146
    51 118 82 255 0 155 255 61 93 219 12 96 0 68 73 255 255 193 58 22
    255 255 214 255 238 175 0 0 182 165 20 212 114 255 47 0 172 127 0 0
    79 255 130 106 163 193 234 200 147 193 81 255 86 255 173 90 255 217
    255 255 0 255 188 0 0 147 255 242 0 11 203 0 0 255 84 68 243 0 54
    107 255 0 0 0 0 255 238 240 89 64 239 252 255 204 171 255 53 0 90
    123 120 92 255 100 182 237 64 0 76 100 181 25 255 152 255 207 136 80
    0 0 255 177 124 193 190 210 129 255 115 99 255 0 255 59 30 0 121 223
    0 147 255 154 210 0 193 255 255 0 212 0 38 31 98 0 42 44 171 0 167
    143 0 0 76 52 0 27 21 59 255 243 222 255 0 113 227 245 255 255 90
    255 94 0 146 255 0 198 9 229 28 254 75 241 129 255 181 173 91 0 0 0
    241 67 0 153 159 86 130 65 112 255 189 154 0 255 255 89 255 154 206
    155 255 0 0 235 113 233 0 36 235 112 255 0 214 233 160 255 0 208 66
    255 226 88 255 18 255 71 7 20 217 116 0 255 255 139 27 40 134 64 255
    0 255 240 72 68 10 2 45 134 48 255 106 158 0 255 121 125 82 199 127
    158 10 114 189 108 136 0 255 0 255 79 148 139 114 115 214 0 0 164 0
    0 0 0 138 169 227 255 88 59 91 77 168 255 31 11 19 103 105 74 0 0
    210 96 63 79 252 247 51 137 187 31 0 216 255 0 0 173 255 35 4 145 0
    48 81 0 232 255 173 198 0 0 255 128 17 59 128 255 237 255 132 241
    187 86 255 212 0 213 0 171 255 147 191 151 240 0 0 255 0 0 0 255 21
    8 255 0 255 219 182 230 255 12 255 255 255 255 255 0 0 40 116 197 0
    141 41 112 238 26 158 0 255 255 255 131 194 0 255 255 157 14 255 152
    39 0 253 0 0 255 216 37 60 66 0 255 199 24 0 161 227 197 0 1 255 255
    255 149 156 0 12 108 47 181 147 255 195 90 51 255 184 214 255 111
    192 205 219 255 30 159 255 117 0 183 254 255 0 132 255 101 68 188
    193 255 69 175 255 255 236 0 184 255 0 244 84 255 179 73 97 83 0 255
    123 0 212 79 0 187 140 133 254 254 171 141 253 0 182 128 255 0 255
    224 204 255 74 90 23 234 69 109 9 123 234 255 255 245 0 157 255 0 45
    0 69 153 73 210 255 123 0 98 218 217 255 42 69 224 255 0 226 0 0 176
    125 0 120 129 255 224 244 0 214 97 115 255 253 245 0 71 7 8 161 92
    20 0 192 200 196 189 255 206 0 180 0 234 159 148 65 16 39 167 0 0 77
    0 48 144 171 97 81 221 16 182 190 255 30 222 49 0 0 119 144 224 190
    72 246 211 65 196 192 242 24 169 0 164 0 224 86 50 255 181 126 227
    204 186 73 34 94 173 144 255 87 97 255 173 227 255 146 159 0 23 55
    94 176 18 255 236 209 79 255 255 174 35 255 42 231 0 140 92 48 255
    101 78 30 0 0 217 142 243 0 255 0 119 225 49 0 226 255 4 255 126 195
    219 130 19 0 103 99 255 41 105 50 255 210 225 240 255 0 255 255 127
    42 7 34 42 67 0 0 92 0 197 174 0 187 8 18 0 133 145 247 19 0 255 0
    74 255 169 220 0 119 38 61 31 0 0 246 186 0 22 24 0 0 117 171 0 75
    255 255 255 255 0 255 173 113 134 0 255 226 255 65 138 204 37 232
    104 143 255 126 130 107 255 154 168 255 41 63 243 255 255 0 247 0 0
    0 0 240 255 0 86 255 197 243 230 255 178 0 119 248 0 45 133 255 196
    222 111 54 132 216 255 0 255 255 0 113 255 249 105 215 205 7 0 27 27
    118 196 0 66 24 118 146 205 255 0 182 165 15 194 83 255 255 8 0 255
    6 51 99 255 7 0 38 107 18 43 255 255 98 79 255 224 255 154 0 184 0
    255 0 181 255 80 0 212 222 125 3 138 200 1 255 237 145 35 0 0 21 0
    104 0 36 63 0 255 247 232 16 212 0 232 0 251 151 235 0 144 90 135
    255 59 127 167 255 86 255 146 255 119 150 180 255 0 255 33 187 55
    255 255 170 83 113 0 252 24 20 165 255 98 9 241 28 158 255 219 201
    255 217 156 173 75 255 207 129 70 0 162 0 0 174 0 96 0 140 141 255 0
    255 0 132 118 0 185 255 213 173 0 250 172 150 255 255 255 255 170
    163 11 227 255 255 208 255 49 255 166 255 179 168 82 247 133 0 203
    182 69 28 0 0 216 255 145 65 39 171 200 52 126 0 255 222 85 255 255
    187 255 152 111 161 167 255 78 133 190 230 0 180 0 176 255 255 0 255
    255 193 54 184 35 219 27 120 55 157 0 255 152 133 244 225 255 8 0
    255 255 219 107 179 81 51 255 255 227 141 227 3 237 15 112 131 0 142
    0 3 28 170 255 92 231 255 63 181 155 199 254 254 255 112 27 255 212
    0 229 228 118 206 199 104 222 104 90 255 255 243 255 255 0 255 54
    131 255 255 214 218 0 0 0 255 255 255 54 0 255 0 0 255 170 235 12
    185 48 210 255 230 64 31 143 216 155 130 255 186 30 255 170 64 162
    253 58 127 255 36 127 99 255 185 167 255 165 83 243 0 0 0 33 203 255
    9 255 0 255 0 96 255 0 0 58 180 255 255 255 216 0 195 206 142 177
    247 69 255 241 255 123 209 230 255 255 126 0 32 255 0 60 255 59 0 76
    114 75 176 44 255 255 147 213 36 255 189 88 31 0 255 2 176 198 74 0
    255 113 99 162 255 165 240 207 243 81 39 171 254 215 55 14 44 255
    204 212 162 0 137 70 255 255 197 8 166 108 255 0 75 255 213 0 255
    249 81 178 255 0 255 24 255 77 105 222 172 214 255 0 255 137 61 0
    231 2 61 172 0 255 69 255 50 242 169 132 0 76 194 179 171 243 0 0 67
    6 14 0 39 103 197 255 137 2 249 226 40 118 150 91 57 53 255 154 0 82
    145 255 242 212 98 0 250 0 199 208 204 3 52 40 179 255 152 93 255
    255 1 0 17 255 98 166 0 228 174 0 252 82 255 84 37 193 0 0 0 84 0
    255 69 0 249 255 188 80 51 109 15 49 255 255 0 103 255 255 232 17 0
    55 43 193 0 218 255 0 33 101 0 78 225 255 162 140 58 168 95 128 255
    255 0 142 255 14 255 67 97 201 153 169 140 0 190 88 102 233 0 255
    170 30 0 229 230 62 115 0 115 255 7 65 25 0 108 0 233 218 203 0 255
    210 209 102 246 255 212 61 231 68 238 118 49 132 62 204 190 255 50
    255 255 115 148 190 208 255 0 146 206 0 101 255 189 84 49 147 101
    255 255 255 0 76 211 31 2 253 255 227 67 115 200 214 0 120 22 255 37
    84 15 46 37 147 119 41 0 29 107 101 255 76 75 125 255 46 163 51 163
    104 255 255 110 120 53 33 255 255 149 59 255 0 141 5 198 255 0 59 81
    0 140 37 30 22 255 135 255 255 162 100 255 247 240 255 36 20 50 255
    21 255 0 64 166 34 255 145 255 71 14 157 255 143 51 186 85 253 246
    187 163 139 230 232 159 0 207 43 0 0 255 87 185 203 230 0 0 22 255 0
    57 55 73 0 0 29 0 177 0 230 24 38 170 0 190 206 17 25 7 255 255 9 60
    50 255 0 255 66 232 0 30 0 13 0 255 0 89 252 180 255 142 255 169 124
    217 211 0 0 87 88 69 255 223 228 255 255 63 255 255 255 255 243 255
    208 0 126 241 187 15 3 255 73 46 0 19 255 22 155 39 146 255 152 222
    170 255 199 0 255 244 221 52 231 0 60 255 0 212 255 163 0 90 110 243
    0 118 253 53 210 205 0 233 33 255 29 124 255 220 63 133 0 169 100
    192 0 0 0 239 0 0 224 83 173 255 173 255 125 255 255 144 177 209 16
    128 206 0 61 67 255 55 81 255 0 253 0 255 230 153 225 218 46 86 127
    108 37 12 0 255 140 255 224 139 174 111 22 0 0 0 78 251 72 207 0 49
    48 0 75 255 61 38 3 228 148 255 83 255 255 150 0 22 115 255 214 145
    255 139 255 255 0 78 0 0 90 232 105 255 255 111 240 57 23 201 0 4
    119 69 0 0 3 255 12 255 36 3 255 75 78 255 255 194 0 185 133 255 47
    190 255 115 168 239 0 0 0 0 80 0 255 163 174 93 138 56 18 255 0 40 0
    4 210 37 93 180 62 238 191 88 171 179 23 190 84 6 250 59 217 215 203
    255 255 180 89 0 0 82 0 255 255 0 0 47 226 152 165 117 0 25 255 92
    95 213 55 12 42 0 110 255 18 219 243 50 19 252 255 255 0 151 0 109 0
    255 197 25 142 211 0 218 255 215 255 226 84 231 0 70 0 8 63 62 255
    130 133 220 150 255 255 255 255 255 0 191 39 255 135 214 46 163 255
    255 131 214 150 0 200 138 236 0 150 255 6 205 93 45 0 0 255 0 50 95
    48 152 255 95 192 0 255 2 78 255 92 24 215 72 0 41 212 77 255 254
    140 143 200 3 138 255 181 3 103 9 0 0 134 174 201 159 255 157 69 0 0
    134 154 255 211 255 229 130 0 72 0 153 0 255 0 0 133 153 113 255 225
    141 127 0 175 255 255 255 85 233 226 255 63 73 191 215 0 255 125 255
    206 255 0 0 255 125 28 0 237 9 0 255 190 165 255 0 51 81 11 255 0
    255 215 252 221 253 211 228 0 188 107 138 0 111 1 0 35 243 0 78 255
    103 172 0 255 0 211 140 0 30 247 4 255 0 233 209 220 232 255 72 205
    0 174 255 142 153 49 74 179 9 13 254 150 253 255 56 0 72 255 0 0 205
    0 120 195 184 75 0 0 234 54 41 0 0 53 0 25 252 246 0 255 255 37 162
    255 86 222 51 59 225 117 255 28 30 224 102 209 152 135 29 170 255 27
    255 188 20 69 255 255 0 255 202 255 199 44 255 158 34 4 113 163 237
    224 0 67 152 0 135 163 111 46 254 116 130 178 0 34 81 156 160 106 86
    139 0 209 72 223 246 100 0 175 255 133 117 255 224 34 85 255 0 0 245
    0 0 129 17 26 135 255 194 13 254 255 122 223 255 247 232 45 4 255 28
    255 255 255 224 0 118 32 57 0 200 0 29 232 75 255 162 79 255 224 0
    86 67 77 174 20 177 129 0 144 232 220 107 220 0 0 255 0 0 0 162 130
    43 0 0 105 177 155 94 255 255 47 146 213 0 0 250 152 153 3 0 255 255
    122 111 228 220 41 116 86 50 2 187 248 84 207 55 84 0 228 216 150 2
    63 96 55 0 39 250 56 207 182 254 193 253 0 118 19 136 84 38 255 61
    255 9 159 3 255 95 57 202 255 255 42 169 250 104 255 255 235 255 47
    193 205 172 0 175 101 0 30 0 0 255 255 51 0 171 21 0 193 140 255 0
    69 126 179 43 255 255 255 183 245 26 0 158 114 0 84 255 0 213 255 75
    166 42 20 220 190 255 51 255 175 255 255 18 89 255 255 65 253 255 0
    127 232 204 157 10 0 0 145 244 209 234 0 255 13 0 241 2 255 255 148
    39 255 239 79 255 218 0 134 31 168 66 0 255 232 0 100 248 0 255 220
    255 246 255 48 0 23 16 148 81 0 50 181 101 134 0 255 255 175 7 103
    22 134 1 0 151 255 170 10 182 0 154 0 41 0 140 229 255 62 0 62 33
    169 82 173 134 166 190 255 255 75 0 55 0 212 234 0 122 203 153 117
    30 0 0 186 255 250 92 180 0 65 149 66 144 203 42 48 0 255 181 165 8
    255 116 255 234 110 202 0 132 46 254 220 255 153 242 255 81 255 255
    58 0 81 222 137 142 36 255 210 255 255 0 188 59 35 41 175 0 67 88 0
    4 0 227 126 119 255 0 252 255 120 142 190 255 71 39 253 80 203 236
    139 159 108 255 0 195 76 189 0 250 175 255 38 193 215 0 56 89 50 138
    162 204 0 0 0 169 81 105 249 0 27 255 89 106 255 255 39 195 157 168
    84 176 0 124 0 244 56 0 255 233 229 0 0 229 163 255 0 19 240 87 185
    62 73 236 0 230 172 215 204 70 162 150 0 255 138 126 169 255 255 142
    0 123 134 214 90 222 37 62 51 0 232 31 0 255 48 14 233 216 0 0 127
    86 217 58 255 136 0 61 255 195 165 64 78 59 191 224 255 255 225 0 15
    176 187 47 198 176 100 0 197 200 168 219 230 186 122 0 96 255 0 81
    84 103 210 0 255 0 91 255 255 230 0 147 0 0 255 0 255 156 160 255
    201 29 110 124 126 189 0 255 221 0 6 57 255 105 0 255 85 255 2 139
    201 47 149 201 107 62 223 255 120 0 255 234 75 255 0 0 177 94 255
    130 0 37 53 0 147 185 250 239 58 255 168 68 29 161 26 255 85 40 255
    105 163 36 255 116 120 255 123 219 255 255 0 0 255 114 255 238 26 99
    232 67 254 166 244 241 91 0 146 179 125 0 207 255 196 80 0 0 244 255
    135 77 155 191 156 237 124 255 255 158 255 0 103 212 43 0 0 56 108
    255 188 154 255 228 255 0 0 243 1 199 8 180 85 101 183 34 217 244
    247 90 255 0 31 0 220 140 66 99 52 41 42 0 255 0 174 9 0 242 0 197
    73 132 57 38 188 255 69 15 255 184 57 192 0 243 25 0 22 42 204 4 243
    76 154 255 188 255 255 225 219 255 255 255 157 115 116 164 255 0 0
    146 255 61 0 0 111 158 204 85 87 0 31 9 0 234 246 124 255 197 99 95
    175 255 210 0 84 34 89 36 255 255 75 255 119 238 135 255 138 142 40
    255 0 255 0 255 255 239 0 0 43 111 73 213 255 0 216 0 212 29 255 0
    69 204 190 0 0 59 152 163 67 207 198 0 104 37 147 184 255 31 83 113
    255 197 155 0 255 255 0 248 121 238 200 55 36 26 255 222 183 38 255
    103 209 64 128 161 204 233 255 0 0 189 154 2 248 215 130 255 0 65 0
    204 146 64 50 255 131 109 196 0 140 106 145 255 255 99 105 231 0 181
    44 209 158 20 0 221 255 255 255 255 255 153 0 107 168 204 0 126 255
    255 36 255 165 185 0 43 182 47 139 230 255 255 0 221 20 0 250 0 236
    251 202 229 220 205 54 226 104 138 255 0 255 29 243 0 22 2 10 255 0
    183 219 255 23 18 3 0 0 203 0 255 103 247 93 222 179 255 35 58 8 230
    254 190 237 167 255 143 255 114 255 17 139 255 0 255 255 255 255 66
    46 0 0 0 226 235 143 0 255 255 126 255 255 100 211 6 21 0 84 146 67
    194 255 227 158 220 0 0 128 20 248 147 137 0 0 199 215 31 148 255
    219 113 143 208 0 126 79 167 62 143 208 255 0 0 255 0 0 0 252 0 255
    59 2 255 40 0 152 150 89 99 31 155 65 255 0 255 176 156 255 0 179
    255 0 0 200 255 182 245 255 38 87 172 0 255 3 175 255 0 0 0 149 60
    29 0 135 153 255 187 0 255 12 82 255 0 184 181 98 255 255 0 255 189
    0 0 0 203 82 0 228 50 255 0 49 255 107 54 40 255 197 216 250 0 115
    255 255 128 66 255 255 0 20 0 87 156 0 208 68 59 22 96 254 111 84
    129 0 240 0 71 130 90 144 62 229 0 0 122 255 255 255 30 248 255 228
    79 0 49 0 20 158 0 117 183 171 81 0 44 20 0 0 255 0 219 72 0 32 97 0
    0 255 255 198 87 192 210 0 250 122 0 138 168 215 80 0 96 138 193 0
    117 206 0 6 255 255 0 17 102 0 120 156 74 70 227 255 255 255 0 255
    149 76 194 83 255 241 255 255 255 124 255 146 193 0 108 27 217 172
    221 187 53 0 44 255 255 0 105 116 58 255 120 207 44 24 12 0 126 255
    0 84 212 142 255 0 255 94 0 255 0 147 130 195 255 205 255 0 255 255
    186 255 69 135 255 70 89 255 255 65 33 255 144 88 255 0 0 0 170 181
    0 111 255 235 232 143 0 51 153 0 255 69 255 66 190 192 94 45 0 159
    63 132 10 108 255 175 144 255 84 236 255 129 9 247 116 255 0 151 171
    210 0 71 170 104 5 39 102 217 116 189 154 0 152 179 35 10 255 143
    198 63 255 111 2 142 255 112 174 98 169 244 28 59 133 193 151 0 248
    8 75 0 119 255 0 255 164 200 252 124 178 0 255 255 59 131 236 255
    152 85 17 255 255 213 0 109 205 67 0 0 0 236 24 105 136 36 255 0 255
    59 80 176 255 110 0 38 159 60 51 96 253 255 3 255 25 0 35 0 255 238
    77 21 170 40 243 255 66 88 252 162 229 70 255 97 0 90 48 0 188 91
    155 143 255 50 0 15 137 0 62 136 255 118 255 255 127 0 163 98 255 63
    0 102 0 0 0 174 255 41 82 0 0 77 194 255 250 163 251 145 88 0 41 120
    205 0 20 91 90 246 0 255 20 54 59 0 255 0 255 217 81 155 44 2 0 0 15
    4 120 220 222 232 215 45 0 173 97 255 63 162 0 255 53 0 161 1 255 76
    97 166 247 111 255 0 0 60 0 231 0 171 255 200 73 0 7 194 237 127 255
    45 240 88 56 0 227 187 192 255 0 98 20 215 248 0 255 17 99 0 157 192
    0 255 161 185 49 57 255 115 0 241 127 225 0 148 71 0 255 112 209 218
    122 0 46 242 14 14 121 166 0 0 14 255 78 0 177 96 24 98 213 255 119
    0 255 182 105 0 64 198 65 158 255 109 255 255 255 0 153 144 176 105
    255 0 0 110 222 255 0 135 26 0 141 228 177 0 255 198 193 66 0 171
    234 0 0 105 0 45 255 167 0 0 123 170 133 175 177 0 29 85 43 148 237
    175 121 0 0 137 255 181 204 255 0 70 247 129 51 0 1 202 0 255 170
    255 0 161 168 0 0 0 255 104 123 185 255 67 0 72 192 69 255 0 0 255 0
    187 255 116 62 71 255 80 255 253 0 20 144 255 255 173 236 193 0 0 35
    0 30 55 255 0 255 222 230 90 235 16 128 40 17 255 255 235 255 0 171
    89 97 80 138 190 186 255 211 210 0 0 0 0 59 255 0 0 170 250 109 164
    61 80 0 0 0 0 88 255 255 7 84 93 204 0 255 173 177 255 255 255 0 0
    242 76 0 255 241 204 0 133 255 243 255 49 255 192 32 251 61 255 154
    255 0 57 0 124 51 0 204 102 0 172 255 61 255 255 0 255 198 0 12 0
    151 0 38 188 255 255 222 44 193 164 27 255 188 208 249 0 16 0 18 255
    0 81 169 81 153 189 151 255 96 184 0 86 198 87 255 62 255 166 94 255
    0 128 152 112 49 209 92 255 162 43 245 17 0 134 255 0 194 255 38 129
    67 255 255 9 105 197 168 83 221 41 30 106 232 9 0 0 107 92 0 112 110
    253 144 236 2 56 74 66 189 0 254 224 169 154 136 206 183 217 202 23
    192 255 194 255 255 255 255 255 202 255 255 249 85 255 255 92 255 0
    146 255 1 111 64 235 90 0 0 133 75 0 0 113 0 0 255 0 169 104 0 255 0
    135 91 103 255 255 59 60 32 255 0 8 211 109 17 250 0 85 179 0 0 74
    242 255 32 130 0 0 255 0 0 136 0 186 246 100 214 0 86 65 57 0 190
    122 242 0 116 255 90 0 231 142 2 0 10 21 158 0 0 255 21 200 0 0 66
    220 227 255 180 255 178 117 61 244 26 166 255 30 5 255 0 154 209 225
    154 81 255 238 21 87 223 255 0 251 0 216 213 0 255 233 255 169 173
    255 0 30 80 0 75 0 255 17 160 255 204 5 0 123 161 233 2 255 255 255
    13 238 168 52 170 255 67 203 112 255 49 0 203 255 119 73 0 225 255
    231 255 255 183 255 249 255 7 164 255 255 0 107 0 249 12 0 235 0 255
    255 149 70 0 145 207 174 0 201 255 75 255 0 255 0 127 250 118 170 17
    231 0 240 186 37 214 69 177 209 255 189 0 242 186 0 146 9 0 55 10
    116 188 95 129 223 0 0 151 140 200 169 255 0 170 144 0 7 96 65 0 0
    110 255 3 222 45 60 218 226 124 6 255 255 0 226 161 143 20 112 255
    206 20 0 190 255 255 63 86 58 248 117 7 217 0 255 255 223 160 0 255
    0 255 255 100 184 0 126 255 194 189 114 255 68 101 64 179 0 149 94 0
    197 255 86 0 80 230 102 255 234 182 74 255 3 0 249 196 25 125 33 0
    175 0 255 255 36 255 0 73 255 47 255 216 75 109 255 254 235 85 0 5
    110 150 0 109 113 0 219 0 118 62 244 255 129 0 109 123 140 255 5 12
    101 255 231 75 117 0 43 52 255 76 255 255 37 0 255 0 0 0 18 255 255
    0 255 104 255 0 255 44 105 13 0 0 76 255 0 176 125 246 255 121 107
    213 0 189 156 51 71 100 43 0 255 238 252 138 147 255 62 90 60 150 35
    252 51 121 0 255 255 241 255 0 32 116 81 148 27 0 0 255 49 104 0 0 0
    32 53 93 61 4 238 0 255 255 62 0 255 255 28 0 133 62 151 137 70 11 0
    120 135 136 68 255 96 25 234 65 157 215 62 206 255 0 253 255 99 255
    68 231 214 70 0 255 33 171 0 255 164 154 255 174 151 61 25 255 210
    255 48 255 164 255 255 255 0 119 48 119 255 247 245 0 99 161 32 36
    223 181 157 32 5 64 0 255 140 36 5 245 23 0 255 255 255 218 61 0 140
    0 236 73 160 223 0 255 101 255 174 24 0 160 255 0 71 0 0 247 0 255
    188 112 255 254 251 255 255 52 0 0 242 61 0 255 231 15 108 0 134 255
    61 255 255 12 174 50 255 178 255 255 0 0 78 11 172 0 76 146 184 29
    255 0 91 87 46 164 29 242 34 255 0 74 77 0 118 25 255 0 153 49 0 0 0
    199 238 133 247 0 255 123 0 64 255 13 77 64 157 177 255 255 186 255
    223 87 136 128 189 247 26 255 255 82 173 17 137 0 98 122 255 178 222
    255 0 194 255 178 0 25 99 142 65 0 128 193 129 53 253 98 0 244 186
    144 0 255 226 101 247 0 209 0 245 166 53 19 84 115 231 255 224 250
    255 85 158 0 198 255 143 151 158 17 0 250 91 124 0 79 64 75 90 81
    255 255 240 58 67 241 219 255 0 239 180 240 0 194 0 232 244 237 46
    31 30 0 207 18 0 0 65 0 93 109 143 167 0 204 0 255 125 154 0 105 18
    20 201 123 0 255 255 255 58 230 110 255 31 92 8 147 91 0 226 174 50
    151 129 0 214 249 166 0 255 207 28 126 188 144 219 93 0 0 0 255 60
    180 88 255 154 139 59 255 12 146 78 175 0 84 255 27 177 221 0 0 100
    255 95 255 121 18 19 39 230 0 147 255 112 84 0 208 53 0 255 119 38 3
    92 255 0 212 124 153 51 0 0 190 255 42 7 50 253 143 104 0 141 171 57
    110 255 0 0 100 255 238 89 5 255 255 255 0 255 109 0 255 255 0 95
    255 65 52 56 29 73 65 0 144 20 0 228 212 226 15 177 22 250 0 255 255
    0 73 255 0 230 183 123 255 0 25 6 208 117 185 14 0 205 255 0 40 239
    223 172 47 255 48 167 126 194 4 82 157 184 176 0 255 0 109 110 100
    67 9 40 14 61 148 19 255 255 151 12 108 184 255 103 255 12 14 113 0
    0 105 0 44 62 203 0 0 201 110 255 172 74 211 59 61 0 0 89 165 238
    255 111 54 92 103 255 118 26 255 165 255 255 0 234 0 0 165 175 209
    255 255 0 255 9 45 171 61 83 21 157 255 255 71 91 0 179 255 255 242
    170 0 82 237 255 0 255 197 255 255 232 255 26 9 43 255 146 0 48 17 0
    255 73 255 85 0 181 176 146 6 111 153 17 190 255 0 0 228 0 246 255
    255 72 47 148 255 167 86 0 212 0 33 134 0 0 229 176 0 242 255 0 67
    255 22 172 0 112 214 235 32 189 37 136 215 196 255 109 255 138 20 73
    37 0 0 187 255 255 200 0 255 156 36 29 255 117 0 97 255 0 29 90 255
    194 94 169 41 255 5 26 0 0 130 255 30 0 252 236 31 195 146 225 200
    235 255 153 255 0 255 255 55 255 173 215 224 67 44 154 0 108 86 0
    179 0 159 0 239 36 135 255 197 255 255 0 125 226 255 128 107 236 0
    255 161 0 27 0 106 98 62 194 98 63 0 0 34 8 125 0 255 255 60 184 0 0
    255 194 88 232 0 121 57 171 190 135 123 113 214 26 0 71 36 209 255
    255 0 0 255 98 224 146 0 124 212 168 2 229 0 19 255 209 71 226 255 0
    0 0 171 0 234 68 255 0 0 127 173 0 252 112 255 188 128 115 4 255 202
    25 22 82 195 255 230 100 255 255 250 0 205 255 152 0 255 16 0 139
    183 195 134 186 248 255 117 0 70 71 0 81 218 66 0 80 95 0 45 255 88
    255 0 255 0 121 255 22 129 80 244 124 182 185 192 255 254 148 191
    255 255 133 95 255 19 248 0 169 63 18 204 118 249 92 0 69 126 151 0
    176 116 0 45 243 255 141 139 0 249 94 147 127 104 220 61 255 13 214
    31 140 182 183 35 69 144 255 53 60 17 0 104 0 209 0 228 73 142 18 2
    255 98 249 255 39 199 179 0 137 73 4 0 113 86 226 197 0 209 251 125
    0 255 32 226 47 242 0 39 0 170 181 255 243 255 0 160 40 133 4 0 178
    255 255 238 13 143 241 161 255 108 82 147 245 144 242 118 255 23 255
    109 0 0 0 232 0 117 255 213 73 255 30 248 24 250 206 75 255 239 182
    0 228 59 157 26 23 206 128 126 193 186 110 186 161 255 124 201 198
    255 125 0 255 255 0 239 255 75 255 67 142 129 96 255 226 255 255 0
    135 170 0 255 255 0 0 0 130 0 226 122 0 91 187 129 191 104 255 31
    212 119 236 106 176 239 0 255 119 0 126 239 101 34 0 0 255 89 0 255
    26 53 237 30 12 8 158 183 255 0 130 148 0 47 255 51 255 255 255 153
    253 48 145 130 0 255 59 0 255 20 126 212 228 0 0 0 186 115 0 138 58
    221 198 200 255 0 0 165 0 255 255 68 74 255 211 28 53 40 255 209 0
    23 213 201 236 255 0 140 126 184 229 130 72 185 204 167 0 44 0 102
    223 255 0 255 255 0 255 255 0 84 255 0 196 18 255 86 0 3 205 255 195
    140 36 255 209 211 255 165 255 194 28 11 0 22 226 221 24 155 0 203
    60 125 255 16 255 213 255 129 255 0 40 104 90 241 88 255 32 0 33 210
    0 47 255 0 0 206 0 90 0 49 167 43 8 197 37 183 155 9 255 34 21 98
    255 255 43 32 12 88 73 156 88 72 255 41 205 0 255 0 185 0 159 0 147
    244 0 255 80 255 28 47 172 239 101 255 201 32 42 14 255 35 38 0 255
    21 160 0 83 37 131 0 255 244 255 2 195 0 146 255 72 0 0 7 97 255 174
    255 15 151 205 79 73 83 255 118 255 0 255 255 76 0 147 170 248 4 54
    0 42 67 250 249 252 187 226 32 43 0 211 156 171 255 87 254 155 119 0
    255 255 254 148 221 0 138 185 48 92 255 255 201 0 167 227 186 0 112
    0 18 52 5 255 164 65 0 0 0 143 57 117 0 213 134 214 0 104 0 6 54 175
    255 255 0 255 8 42 91 255 10 160 86 9 24 0 238 186 163 255 37 0 0 4
    218 55 0 253 39 121 255 246 64 210 255 34 255 0 0 144 255 135 255
    131 116 255 70 0 240 255 205 192 0 241 55 0 0 129</data></your_img>
</opencv_storage>
