<?xml version="1.0"?>
<opencv_storage>
<filter_type>0</filter_type>
<only_luma>0</only_luma>
<r1>1</r1>
<r2>2</r2>
<L2_diff>1.0587582349148458e+03</L2_diff>
<test_img type_id="opencv-matrix">
  <rows>128</rows>
  <cols>256</cols>
  <dt>u</dt>
  <data>
    195 20 220 6 149 137 227 245 191 229 105 211 221 37 110 182 13 225
    87 239 223 177 145 0 244 148 115 19 236 117 183 125 124 168 181 147
    221 99 173 21 180 235 3 33 213 39 159 68 101 230 13 128 63 59 10 46
    158 217 253 217 229 233 153 121 145 150 53 128 44 43 236 182 94 92
    19 54 98 10 254 21 255 114 126 204 11 167 125 77 16 233 131 40 90 52
    93 190 110 171 82 180 152 169 49 124 30 36 203 185 188 223 183 60 52
    61 35 94 132 169 184 248 137 29 138 19 61 156 184 26 140 84 151 13
    152 230 248 149 87 193 123 41 15 116 113 232 99 126 59 52 37 175 247
    239 187 183 41 77 196 218 102 109 196 220 173 13 57 38 125 99 44 90
    246 245 8 105 204 17 115 192 21 70 111 107 213 251 60 140 41 155 94
    201 211 183 199 226 189 73 22 128 89 153 207 184 243 182 133 241 162
    253 252 69 232 228 10 215 27 19 233 245 174 252 170 105 205 214 173
    237 192 121 198 93 82 67 145 71 70 213 210 84 99 216 86 106 45 252
    176 55 229 182 160 172 87 242 93 245 233 139 50 125 234 85 91 132
    142 208 200 203 117 80 202 1 222 98 108 57 25 38 214 142 164 95 239
    52 70 251 52 151 198 226 204 62 177 49 14 225 81 108 58 55 221 7 88
    186 79 11 108 143 117 105 188 103 154 139 3 193 173 55 158 216 138
    77 116 172 17 78 140 77 31 254 21 159 94 9 246 148 207 105 162 239
    86 106 167 77 138 21 52 42 166 158 160 18 127 76 103 219 98 80 239
    113 60 111 79 140 48 152 94 33 119 51 108 94 69 238 197 154 181 48
    107 109 123 247 166 164 179 42 154 121 135 104 64 232 159 191 20 242
    44 224 66 140 29 208 225 12 6 220 115 171 102 220 148 130 249 190
    104 94 100 75 217 231 54 119 205 223 80 115 62 186 194 230 190 38
    182 166 10 197 160 108 63 77 154 57 239 5 190 95 109 102 100 111 207
    241 50 87 29 87 118 145 168 143 1 79 90 61 4 88 162 70 167 169 219
    78 17 248 199 211 148 150 101 107 61 70 253 182 206 86 54 225 54 185
    213 109 180 133 167 175 139 18 14 87 35 66 67 186 121 78 60 204 104
    34 26 137 240 141 248 115 46 159 156 153 85 130 116 190 127 185 212
    126 147 98 252 158 220 45 37 245 180 187 127 247 114 168 152 143 122
    176 41 121 18 132 37 4 205 129 118 17 202 183 75 16 142 108 173 230
    135 138 128 106 91 189 129 157 151 123 247 123 51 232 91 215 149 60
    38 249 178 88 109 150 113 8 251 94 114 52 192 231 39 215 242 21 74
    17 5 96 147 250 96 188 226 81 250 75 81 48 188 146 124 133 165 39
    187 206 228 22 177 142 89 143 89 89 112 231 52 41 218 60 198 220 174
    34 226 154 241 89 39 111 149 33 210 191 163 147 166 200 210 220 185
    56 217 227 232 161 21 235 158 228 127 1 75 50 65 187 117 60 232 144
    199 33 212 102 142 34 215 177 65 58 109 153 194 219 62 54 64 105 246
    6 217 47 174 171 197 56 118 22 85 167 136 15 26 127 191 15 194 63 24
    50 237 236 157 5 95 205 177 97 69 36 49 43 51 137 169 212 238 97 29
    52 52 194 207 221 75 16 141 95 1 212 92 202 129 251 131 78 141 190
    101 188 2 69 128 125 153 174 225 35 243 82 176 86 14 186 143 135 213
    245 18 142 96 198 174 60 136 107 240 80 250 33 74 148 106 244 11 81
    171 18 223 47 193 129 155 177 10 169 43 40 18 24 196 105 191 36 90
    122 244 115 76 29 166 130 133 21 247 157 0 140 101 91 196 241 73 228
    161 62 63 59 4 222 175 4 81 40 42 238 85 110 183 3 228 253 179 122
    95 181 237 196 110 146 202 191 175 76 147 44 190 102 117 213 52 57
    77 65 9 238 237 172 9 194 226 79 103 95 205 239 180 2 187 89 196 11
    48 198 3 164 172 110 3 47 24 27 79 165 47 78 16 37 129 203 189 38 34
    207 204 25 43 178 9 69 185 98 225 11 236 226 116 102 235 105 235 183
    105 158 87 85 204 99 223 157 2 205 71 16 207 71 171 99 168 113 48
    101 214 3 215 200 136 228 171 162 164 139 81 148 8 173 74 47 10 147
    160 158 176 169 116 88 52 134 80 110 89 69 158 47 251 114 224 196 91
    172 45 31 88 27 191 50 182 16 238 251 66 188 194 133 209 225 243 192
    54 106 255 101 137 17 115 240 143 90 230 79 234 216 96 238 120 231
    187 34 225 74 139 35 181 145 115 200 163 109 223 219 130 232 158 163
    86 62 84 213 2 38 58 47 187 176 84 110 181 62 120 227 205 206 122
    148 89 42 205 163 123 206 70 241 176 241 185 101 172 214 2 198 248
    56 26 172 244 232 25 226 193 121 9 53 16 122 52 134 109 68 159 70 87
    228 165 74 52 87 173 207 240 180 173 67 219 57 53 162 197 252 249
    145 152 200 74 10 206 239 116 125 194 6 251 188 51 162 209 136 109 8
    185 115 233 112 252 66 146 107 21 47 32 205 82 73 242 203 23 139 233
    235 116 138 87 208 4 237 70 85 110 50 114 192 90 85 186 249 236 106
    13 188 95 201 29 107 89 42 198 0 84 115 228 181 95 39 242 53 6 160
    114 41 215 131 38 88 170 153 151 56 241 225 169 172 122 230 50 186
    64 130 147 132 86 64 113 251 33 127 7 68 195 178 103 195 240 127 35
    228 170 166 105 93 148 33 165 18 97 6 113 148 43 89 213 29 26 92 88
    213 113 184 101 120 235 83 254 180 120 130 248 47 152 178 52 5 12 97
    12 247 118 197 3 247 62 130 29 243 52 225 79 245 133 176 194 48 237
    115 123 104 10 220 66 33 127 237 123 99 114 101 49 106 131 188 175 7
    162 43 251 245 43 128 1 114 236 220 188 41 220 147 113 23 61 38 59
    130 164 234 215 141 99 34 210 38 48 235 106 175 235 237 149 185 49
    47 205 25 24 253 73 36 34 84 177 169 194 24 5 252 94 203 17 125 105
    162 220 212 225 39 140 204 197 3 175 199 244 192 32 7 130 226 148
    143 210 157 80 228 209 40 24 234 56 12 144 221 61 128 35 129 99 1
    216 67 204 180 144 235 183 1 144 137 10 89 193 168 182 233 215 123
    60 154 63 205 204 14 253 41 113 231 215 139 69 73 118 138 35 84 139
    142 6 178 220 149 45 139 43 93 130 190 235 227 170 247 56 62 99 58
    219 245 226 40 216 228 116 63 72 118 222 103 210 106 175 47 184 156
    144 209 73 5 199 27 86 107 0 221 52 33 160 160 157 136 51 149 217
    242 61 20 58 69 107 75 154 40 221 186 167 187 95 74 147 109 156 152
    221 72 200 27 82 163 96 36 212 254 13 135 90 144 138 233 18 113 89
    238 254 111 30 12 175 67 35 197 130 206 94 146 151 80 185 226 233
    160 128 48 126 13 115 208 57 223 192 51 65 213 5 141 70 32 225 104
    81 230 64 114 104 97 61 27 91 47 116 244 143 63 169 100 160 221 110
    123 107 106 6 158 234 127 110 247 242 212 155 41 74 55 238 170 161
    10 63 64 154 197 242 30 175 64 25 39 251 12 20 220 206 183 124 217
    178 194 15 91 217 28 157 211 50 220 255 175 110 137 168 63 171 89
    120 182 235 169 48 162 65 73 99 81 223 76 123 47 153 147 88 203 40
    35 60 235 3 0 250 157 251 169 158 166 117 2 229 115 191 77 67 171 9
    115 21 82 125 148 157 45 92 62 240 170 222 246 95 58 86 142 156 218
    182 60 238 164 25 140 144 167 58 197 233 195 98 167 42 106 55 105
    126 131 223 252 28 153 158 34 80 243 130 114 224 167 119 159 252 100
    195 63 157 204 86 162 183 200 252 152 136 228 243 5 39 73 186 30 61
    175 239 11 251 129 240 125 43 75 1 30 130 189 211 77 211 91 165 156
    11 148 93 93 174 3 132 132 93 52 240 12 244 181 5 225 96 94 46 51
    122 15 36 2 104 96 12 56 194 114 111 117 179 95 211 19 6 1 50 235
    161 9 13 170 147 80 237 233 17 187 129 202 159 179 111 120 180 82 84
    231 31 223 92 212 147 171 221 6 232 25 30 109 124 44 242 13 144 222
    253 174 182 112 242 85 228 12 138 211 2 210 212 5 97 23 39 243 221 9
    24 92 248 236 237 85 202 64 69 72 64 106 204 143 68 226 231 22 134
    196 188 171 91 206 143 248 212 164 89 233 189 71 115 169 102 131 10
    213 104 54 165 45 93 71 173 158 168 26 132 9 186 41 175 94 72 228
    250 237 248 228 157 155 165 211 132 163 82 145 139 69 47 141 101 130
    222 29 146 231 225 174 86 117 69 187 241 252 214 6 161 188 31 213
    225 151 112 3 201 117 44 212 6 66 22 51 93 129 160 119 214 58 185
    221 117 42 168 137 238 62 202 10 18 126 75 52 157 123 152 189 18 160
    27 22 84 224 67 24 180 123 131 220 112 52 205 94 225 85 177 76 196
    161 112 9 42 230 143 230 184 174 30 5 197 120 160 47 125 228 106 128
    203 131 123 219 67 0 71 234 153 235 50 105 87 41 239 226 221 162 192
    52 85 180 244 150 233 151 94 115 107 121 42 195 65 83 210 5 31 220
    169 194 224 199 8 132 26 47 136 122 227 23 248 186 106 252 156 126
    171 124 35 43 211 109 117 57 112 242 208 64 229 196 50 183 77 183 85
    85 30 123 213 224 218 147 21 6 78 143 177 1 242 43 115 149 161 187
    176 162 5 43 2 105 101 27 183 252 199 58 110 170 36 54 18 125 105 5
    199 197 107 109 253 54 234 108 85 124 200 222 93 151 114 150 155 66
    239 96 24 206 35 110 216 29 1 124 131 167 139 73 71 253 184 122 223
    217 246 184 19 88 200 204 28 185 236 65 242 216 77 147 138 181 107
    239 179 88 55 237 253 79 175 207 52 81 19 150 3 138 89 122 153 108
    35 216 11 114 173 140 248 138 45 28 71 49 248 177 130 122 140 242
    190 143 111 143 130 60 232 25 71 58 142 49 145 32 176 40 75 102 54
    95 144 178 152 189 241 239 200 66 83 113 205 140 249 183 9 127 138
    93 87 191 39 228 188 114 170 1 193 46 138 52 72 255 150 248 111 176
    73 224 248 165 124 38 132 79 148 166 129 111 89 115 3 42 229 33 198
    0 203 160 241 254 210 234 83 161 16 150 253 241 44 74 81 143 30 126
    89 212 122 195 160 139 30 23 209 184 31 209 227 91 144 121 158 226
    211 226 190 230 173 23 219 234 189 225 11 50 25 78 4 22 243 158 13
    39 186 205 38 102 181 212 183 245 111 48 10 196 178 190 184 250 57
    178 222 88 109 14 199 158 25 117 91 169 93 100 250 158 25 107 181
    121 84 200 209 22 196 49 92 39 46 158 53 102 236 6 193 93 49 201 104
    6 101 4 223 27 30 84 123 72 24 214 193 100 209 16 143 27 64 53 59
    100 169 63 97 5 137 4 52 149 9 179 183 204 68 207 79 97 129 10 134
    82 30 181 104 251 66 246 137 66 17 212 168 113 236 251 79 163 45 205
    215 92 172 86 55 201 130 242 9 145 129 45 73 228 135 54 217 238 174
    192 42 101 123 97 158 94 32 215 65 121 68 163 100 127 44 123 99 104
    239 220 225 247 134 70 78 83 191 193 174 161 70 227 137 236 251 70
    74 235 107 252 126 111 64 116 18 33 107 234 139 117 34 154 133 43 84
    209 45 174 80 221 157 147 146 24 88 112 15 231 4 128 136 252 45 183
    226 231 16 82 167 92 149 112 18 230 87 13 198 132 2 255 104 54 28
    121 246 236 5 191 29 181 217 214 12 84 235 248 158 6 254 217 206 247
    190 98 79 104 96 20 89 19 77 167 34 157 39 102 195 96 234 140 28 220
    159 63 7 95 231 33 118 9 53 53 185 137 165 91 7 122 217 232 226 135
    71 91 165 10 194 124 0 31 209 184 84 20 35 49 71 160 31 144 28 222
    86 69 231 211 239 161 101 238 102 67 229 204 25 144 76 247 245 32
    143 185 174 111 112 253 188 64 87 33 65 232 120 15 160 253 221 156
    252 189 33 115 220 196 235 4 125 246 31 96 132 150 26 227 254 176
    241 110 35 33 159 71 59 112 58 209 70 23 168 209 200 101 175 134 214
    17 189 174 59 184 141 39 183 112 191 129 205 65 117 69 130 110 75 86
    141 97 7 240 130 199 100 40 66 166 215 126 72 166 33 91 4 168 86 185
    199 69 183 81 145 133 215 184 250 17 255 54 181 239 174 25 137 19
    104 50 142 146 61 215 149 241 231 9 56 0 224 177 34 208 56 234 122
    82 144 243 253 110 175 178 135 75 57 39 25 90 241 187 107 103 117 55
    145 195 41 99 51 46 185 212 22 138 207 18 124 247 51 24 248 84 126
    36 151 143 75 136 107 108 7 77 155 143 183 187 182 208 139 27 6 215
    254 135 125 252 75 178 131 192 63 24 101 240 18 143 131 54 19 2 3
    144 207 95 117 233 140 93 58 42 125 78 76 192 53 103 11 151 71 16
    224 199 255 137 253 208 50 142 216 245 226 64 106 146 252 151 66 165
    126 147 95 74 123 235 8 218 251 196 205 90 121 99 106 148 82 128 116
    251 42 137 70 116 231 184 249 54 63 173 220 113 79 169 110 169 70 35
    167 10 137 154 178 47 199 145 200 184 226 123 111 158 229 74 17 109
    176 182 161 210 225 244 10 163 13 100 192 162 130 235 130 151 80 38
    1 15 28 199 120 136 76 111 40 56 96 136 169 92 63 135 113 244 36 211
    24 30 239 172 133 137 162 174 25 69 245 4 195 16 205 237 213 229 73
    164 5 227 200 204 151 17 47 5 125 101 98 202 131 47 225 11 242 242
    169 233 126 42 170 30 127 225 172 104 222 92 242 149 41 224 132 229
    56 135 95 205 214 125 95 92 81 17 54 152 78 97 81 239 3 8 155 231
    254 144 246 200 112 108 205 210 67 43 102 159 198 204 160 22 117 3
    197 224 69 194 196 63 124 200 193 21 35 47 116 126 177 125 122 117
    23 57 147 214 65 224 104 23 23 166 228 112 3 199 133 19 246 99 102
    206 224 119 32 165 162 154 230 73 85 7 205 174 118 218 108 139 203
    17 72 71 75 44 219 55 123 51 69 196 66 187 11 119 105 121 113 243
    115 48 170 112 55 146 193 119 142 191 228 57 41 146 22 225 220 127
    162 109 210 171 52 145 121 125 127 45 81 172 22 186 177 211 147 21
    107 194 166 71 252 133 244 222 241 249 220 163 164 12 205 173 80 143
    40 177 18 54 59 8 15 59 114 162 185 129 249 157 101 126 247 106 34
    210 151 111 16 154 73 32 186 233 154 143 30 91 133 88 70 202 21 15
    18 20 36 241 218 150 58 206 32 219 28 240 151 193 185 62 44 93 31 30
    62 35 233 24 14 50 52 251 178 99 255 248 120 126 238 105 115 104 54
    175 175 210 138 101 50 255 222 177 128 238 43 207 233 226 238 114 28
    211 81 55 43 244 45 81 187 33 114 229 142 64 62 221 19 208 214 8 50
    144 19 222 207 65 103 50 129 143 198 119 180 0 224 240 64 166 119 9
    127 227 75 119 32 65 96 15 119 249 128 77 96 209 180 162 36 112 208
    25 175 193 37 180 193 142 121 238 39 101 36 27 254 214 99 182 95 154
    222 206 29 166 163 224 126 146 95 209 6 155 58 26 172 205 191 113
    120 209 202 244 35 144 195 57 232 65 95 48 44 12 81 234 184 191 155
    76 147 45 186 138 112 122 92 84 3 206 12 55 32 175 182 6 70 64 30 55
    241 55 198 129 114 86 34 43 162 158 171 42 54 202 190 44 135 154 81
    196 109 38 143 52 253 80 166 52 172 177 11 153 121 156 140 12 239 32
    49 44 97 9 164 104 225 105 194 247 185 247 97 72 126 231 104 213 4
    153 209 53 203 253 74 127 145 202 56 74 58 39 173 169 49 91 46 182
    43 68 172 152 233 78 86 180 153 223 70 35 110 42 196 182 255 150 89
    35 12 205 224 232 120 49 79 64 190 198 148 113 183 225 201 47 60 214
    89 50 45 250 118 188 226 171 75 185 96 9 205 115 146 173 241 210 11
    139 201 74 169 10 232 136 213 136 76 181 183 103 21 55 174 218 201
    235 217 52 176 219 55 233 94 215 179 121 119 159 153 63 161 154 248
    224 46 223 205 48 207 11 212 219 214 8 30 54 7 244 108 12 42 188 211
    168 169 55 108 132 78 115 14 20 213 74 195 207 86 66 111 121 74 123
    162 49 132 72 254 66 200 146 151 220 142 0 222 91 98 100 190 249 138
    161 117 95 28 245 52 155 119 254 80 89 45 177 92 77 194 230 210 102
    245 252 60 152 204 101 53 132 237 164 72 17 42 143 37 115 250 124
    237 1 63 117 202 75 185 124 159 37 244 79 124 88 41 77 78 185 225 52
    203 143 127 208 115 226 211 183 216 132 85 11 19 128 33 39 222 0 129
    115 32 7 244 210 133 57 43 205 195 80 58 135 90 61 116 100 108 45
    140 172 31 5 8 34 119 181 62 96 192 77 233 19 246 221 194 127 12 191
    75 92 224 131 175 5 45 2 123 230 231 236 59 185 145 209 77 93 147 45
    100 123 2 30 49 137 158 139 171 36 104 27 157 182 184 141 227 133 12
    27 15 12 143 74 214 25 44 213 22 206 173 85 54 16 158 101 173 26 209
    184 172 58 153 160 133 35 57 75 224 6 111 58 83 223 16 50 213 216 28
    17 48 149 242 183 166 146 147 70 223 120 180 108 102 101 28 21 140
    39 214 251 218 107 149 23 245 85 103 99 243 177 112 110 166 164 105
    120 85 37 191 78 104 124 150 251 187 191 241 175 48 226 147 167 45
    40 173 144 26 186 224 186 133 228 112 189 21 86 187 216 69 193 122
    40 10 97 175 71 126 153 23 88 210 94 205 172 201 150 203 70 26 92 76
    250 148 104 166 109 161 68 21 178 249 76 82 116 87 255 242 52 57 38
    114 153 223 12 157 246 49 81 202 37 113 83 129 25 123 79 198 39 85
    69 124 14 130 138 39 46 110 168 37 44 16 218 110 121 35 30 104 241
    223 42 23 122 236 140 117 57 176 113 143 120 141 155 153 224 149 106
    195 129 52 52 81 16 148 150 253 192 166 210 97 25 109 223 71 52 56
    238 165 130 139 136 21 88 149 46 139 133 121 28 137 46 197 205 164
    146 6 146 158 30 221 252 87 210 246 137 77 174 153 215 228 218 36
    221 253 251 68 115 143 36 218 31 70 25 161 145 40 69 46 36 8 75 157
    160 177 206 54 116 114 171 97 173 34 167 221 156 135 57 202 145 107
    5 124 110 20 152 165 209 75 45 87 114 29 26 173 198 179 255 223 167
    192 24 88 68 72 200 13 119 233 238 251 70 147 68 5 42 166 41 188 58
    120 84 14 72 16 136 182 157 219 57 143 1 77 212 204 112 232 52 144
    118 198 36 146 152 88 16 161 201 13 6 56 3 252 55 64 163 189 181 75
    32 148 210 14 250 247 204 192 209 8 205 16 108 120 208 80 184 65 149
    25 106 176 228 114 111 207 12 32 247 4 115 56 39 15 71 79 122 19 249
    76 154 104 41 156 245 253 155 85 130 114 7 26 156 15 149 86 237 152
    125 23 143 119 84 11 187 117 129 38 76 140 151 189 198 209 55 79 74
    133 225 213 126 131 98 91 74 75 28 230 223 158 12 126 162 212 243
    205 27 100 218 20 186 142 154 215 14 60 58 149 66 223 4 130 210 155
    122 104 252 53 207 197 99 53 77 170 175 21 216 77 113 124 9 30 183
    42 202 58 168 16 148 98 112 6 148 46 22 105 109 133 139 139 126 223
    198 59 128 43 134 213 147 168 135 40 130 71 185 190 115 133 47 202
    37 102 182 62 164 101 203 187 130 158 108 30 64 1 164 217 142 142 36
    89 81 64 141 22 192 82 196 35 75 231 201 196 62 21 121 122 78 32 8
    165 206 12 197 144 48 230 96 50 200 74 0 35 37 156 0 211 128 91 116
    225 11 233 10 31 238 230 225 74 193 80 205 203 208 44 92 124 186 140
    191 205 121 131 69 103 203 111 218 68 91 200 221 184 63 173 78 182
    167 193 215 233 63 129 51 179 160 83 66 164 118 104 20 83 126 163
    132 199 72 116 250 178 6 72 242 247 194 19 90 152 230 229 86 134 60
    233 163 209 106 194 162 155 135 72 235 88 225 63 98 174 90 116 35
    213 10 181 161 132 74 15 121 195 97 181 119 103 4 70 62 174 91 222
    211 98 30 89 160 84 244 204 241 174 16 168 208 121 92 80 186 248 225
    3 31 33 183 61 71 39 91 109 205 173 17 52 204 114 101 166 213 100 13
    206 222 201 74 4 94 187 110 156 76 47 20 31 64 62 122 224 79 110 188
    122 81 221 35 49 226 230 240 47 17 84 247 249 41 26 216 191 156 94
    11 43 215 223 116 54 129 143 199 218 182 50 216 53 225 219 255 84
    244 95 156 140 99 4 176 70 180 194 73 89 242 59 5 146 196 125 134 65
    130 239 184 242 92 36 97 32 8 65 222 210 248 193 50 16 246 0 130 11
    71 90 178 85 38 198 130 92 252 110 48 22 198 97 137 98 193 205 107
    239 47 41 212 4 81 128 243 206 36 16 192 80 179 175 73 15 35 36 46
    11 160 29 55 35 240 127 211 5 67 236 242 34 220 120 254 96 198 200
    181 50 247 242 134 222 128 171 48 37 172 7 131 82 58 44 122 140 221
    133 41 30 228 212 255 205 121 46 174 92 158 115 80 106 234 77 156 33
    19 204 234 5 177 15 92 201 174 252 245 209 141 51 104 214 14 212 78
    191 20 187 113 132 159 198 57 75 172 55 161 177 116 73 26 229 219
    227 58 61 209 200 121 67 21 225 57 218 111 153 231 229 13 6 81 169
    22 141 165 230 42 111 161 180 74 18 75 103 49 114 96 240 17 182 38
    166 4 163 51 165 87 142 41 11 241 33 71 113 218 139 9 204 185 185
    243 177 254 144 186 230 170 15 110 148 71 56 239 198 117 7 132 121
    236 137 190 188 242 164 177 21 250 88 79 74 171 158 17 193 38 152 48
    87 57 131 79 47 80 213 109 112 30 3 89 10 88 246 22 21 94 114 218
    157 32 73 88 238 222 239 172 11 115 195 70 84 241 135 248 52 198 237
    79 108 21 189 42 171 188 193 253 127 65 14 21 149 47 54 114 237 128
    154 140 223 117 248 254 6 85 131 157 53 120 188 164 178 107 162 215
    132 105 139 204 225 231 214 143 115 197 201 136 169 253 5 234 116
    153 144 30 71 154 121 35 216 33 134 70 139 112 226 86 130 141 246
    148 113 173 153 65 206 52 86 181 68 216 24 58 46 40 47 169 229 207 9
    132 237 64 50 153 39 99 111 125 14 146 217 188 138 21 16 127 124 189
    12 227 211 101 129 8 200 34 136 178 151 41 60 246 41 27 184 19 246
    42 144 77 220 11 232 189 178 104 1 126 4 190 128 99 173 136 175 201
    3 153 198 93 191 31 63 202 216 182 174 130 248 230 207 174 95 138 50
    208 65 213 97 108 146 250 45 78 77 220 185 88 79 72 55 114 145 101
    154 128 129 224 191 160 46 18 197 47 178 46 238 184 139 102 125 113
    211 73 23 133 89 16 112 53 55 146 169 43 61 198 133 191 166 106 61
    66 139 96 55 31 125 108 240 76 29 244 96 228 41 182 239 223 76 113
    92 220 16 124 72 182 98 38 111 4 96 192 16 59 1 106 249 36 96 97 66
    45 32 180 186 138 109 236 182 30 95 155 237 61 166 158 135 176 110
    232 141 110 168 181 174 160 108 233 159 182 91 235 232 166 176 132
    154 92 197 54 132 40 23 241 159 98 43 109 110 120 192 65 192 77 6
    157 248 5 83 244 78 32 218 246 200 89 34 111 74 72 168 103 81 60 130
    6 182 94 221 82 28 220 95 125 97 101 28 147 29 97 195 30 63 241 250
    78 134 173 110 165 64 65 254 19 215 122 86 202 234 51 46 239 179 101
    173 112 48 45 23 204 169 52 117 251 9 102 113 153 126 69 242 160 10
    74 36 185 153 79 149 200 66 70 205 21 9 148 240 56 94 133 0 126 80
    184 241 56 51 215 151 9 16 101 236 172 45 155 142 148 188 73 87 99
    61 132 63 120 186 233 246 69 134 93 105 97 125 254 26 165 25 121 177
    250 7 110 5 18 64 1 150 156 102 133 145 128 176 190 55 136 168 81
    232 202 181 227 22 33 217 48 66 75 129 49 247 230 195 147 134 13 195
    214 91 183 29 133 190 124 184 200 220 24 74 115 126 120 74 41 216
    194 79 144 119 130 169 214 220 29 77 223 190 155 220 212 183 142 36
    221 170 195 17 252 114 142 164 100 229 69 1 4 96 159 7 19 83 147 112
    237 223 242 63 139 254 146 140 222 208 101 224 209 55 179 34 96 51
    159 183 90 87 92 131 128 232 152 56 43 144 196 14 113 103 229 240 41
    209 23 27 118 232 129 95 148 126 72 151 229 172 209 212 239 255 27
    93 195 61 66 201 119 0 192 239 164 10 33 198 220 51 65 235 175 43
    223 10 35 204 206 230 208 101 45 44 17 230 38 182 143 122 131 105
    129 223 91 89 242 28 22 100 39 216 67 92 186 186 228 49 14 203 99
    228 7 72 64 60 230 190 143 149 228 151 119 115 19 100 141 148 253
    179 222 243 24 160 158 153 116 169 127 234 23 47 8 48 50 120 150 204
    43 218 61 97 76 147 194 214 41 36 144 224 67 240 245 241 255 136 197
    113 217 32 21 127 210 187 65 222 99 123 29 62 251 208 193 240 159 43
    100 45 128 144 96 48 121 108 43 247 48 142 85 139 68 98 211 244 92
    132 27 229 134 37 80 55 222 171 201 17 38 231 156 64 126 127 30 247
    116 180 40 33 38 164 142 193 37 192 142 14 115 236 174 162 101 154
    176 166 253 211 55 67 103 122 16 28 34 87 130 160 209 118 94 41 191
    121 184 118 209 95 104 32 111 172 176 32 98 204 83 176 255 32 33 167
    203 189 203 40 181 100 97 97 219 103 218 191 193 53 5 10 31 210 135
    84 114 185 232 154 34 214 212 113 46 82 181 249 167 94 145 23 93 195
    134 40 57 66 142 245 83 55 126 70 103 223 222 131 244 72 206 93 209
    196 49 68 229 147 116 43 62 111 59 71 50 4 189 94 231 182 98 137 65
    11 78 177 43 57 159 93 98 94 216 160 157 3 219 121 10 74 144 12 239
    25 229 168 110 84 250 39 36 153 71 89 69 79 165 227 53 63 171 130
    157 121 237 22 16 183 167 63 192 17 132 251 189 45 0 130 98 24 27
    115 122 54 171 103 150 14 102 74 224 27 18 171 199 0 194 211 106 227
    189 234 143 63 203 14 113 220 87 61 187 222 213 37 54 82 254 98 38
    166 180 231 2 18 168 252 33 218 181 28 216 168 149 13 157 103 35 81
    201 27 67 129 84 52 131 221 184 139 97 34 222 144 237 137 85 133 70
    26 124 95 252 249 135 129 199 21 152 166 133 155 241 243 43 23 220
    181 44 254 177 127 175 47 109 175 69 150 153 211 160 195 52 38 124
    178 71 215 31 128 99 84 12 193 210 38 185 119 172 120 32 0 54 61 92
    86 13 195 175 107 234 98 61 25 3 74 169 41 208 196 114 79 154 112 46
    148 168 206 76 242 102 184 244 85 211 12 239 26 92 116 147 98 68 95
    132 188 205 69 86 63 206 234 158 82 103 24 32 69 144 49 40 54 232
    212 52 158 235 97 2 246 163 14 53 226 252 211 103 203 152 36 104 63
    139 40 223 198 10 237 22 241 133 141 223 14 190 221 250 157 74 99
    187 223 142 163 31 237 103 59 99 40 254 131 35 64 132 131 26 240 147
    120 147 29 144 177 101 44 43 207 193 94 229 58 82 117 254 18 59 20
    154 173 237 208 199 146 239 15 69 172 177 246 2 114 254 164 32 110
    190 197 37 6 230 23 127 253 56 254 196 196 175 121 155 163 183 252 1
    189 150 196 126 62 74 105 44 223 181 2 68 186 86 98 169 110 200 26
    111 11 147 225 57 44 116 31 194 18 105 28 46 22 154 106 209 122 119
    225 207 73 248 27 178 129 210 168 97 91 78 118 140 207 250 4 12 115
    60 86 46 87 162 179 124 27 0 36 191 197 87 4 11 155 208 241 70 106 6
    242 209 46 17 209 84 203 231 183 191 214 23 7 161 86 81 18 240 126
    45 124 102 26 177 64 49 76 165 203 25 131 182 87 64 88 117 66 90 185
    132 6 153 45 117 162 184 35 47 32 12 75 121 36 32 53 236 139 233 251
    3 6 212 106 153 4 161 129 79 50 80 22 81 153 187 73 69 135 48 182
    233 245 175 75 146 213 251 237 131 1 193 247 14 156 35 127 92 212
    111 164 185 217 107 137 22 25 101 127 124 254 82 20 80 96 181 31 242
    33 186 168 168 120 179 123 135 198 161 81 47 116 69 219 141 165 94
    219 251 145 12 86 88 198 112 34 62 67 53 88 165 97 189 200 209 15 77
    73 6 156 56 201 225 55 27 61 183 219 43 101 159 217 248 126 254 134
    29 42 27 3 254 211 99 152 155 151 102 205 241 77 142 189 254 124 48
    221 200 230 141 238 103 25 128 147 206 91 129 60 63 222 72 26 164 87
    248 40 207 241 112 46 244 56 152 175 139 127 13 75 255 173 85 220
    224 17 43 224 162 225 97 165 248 176 83 160 87 151 28 14 118 84 134
    189 183 31 162 128 89 17 107 134 221 0 136 161 202 128 97 184 176
    229 246 230 247 36 148 57 70 85 214 202 71 44 105 211 153 11 102 96
    139 218 33 26 19 4 134 234 229 197 211 126 154 47 148 72 233 248 20
    134 195 90 204 152 200 120 23 191 36 221 3 152 30 157 213 115 42 31
    230 111 59 20 180 40 107 62 227 201 215 88 209 239 228 190 55 60 69
    208 169 171 163 187 140 179 84 96 163 43 39 10 107 165 238 141 5 77
    120 60 21 70 89 56 111 95 101 139 255 22 211 224 73 59 17 162 14 181
    148 39 236 78 110 201 134 53 74 185 195 165 231 174 106 167 209 208
    101 63 160 200 130 87 32 11 140 155 165 44 130 77 221 187 202 201
    231 25 30 231 249 180 184 150 164 191 152 242 125 41 152 39 251 0 0
    157 195 80 139 174 78 113 232 17 25 197 89 178 223 250 62 121 189 41
    78 137 210 192 71 106 254 117 50 79 126 169 43 28 73 215 14 15 177
    233 29 34 243 174 179 239 112 59 143 112 207 13 150 210 118 55 75
    156 98 78 162 243 136 134 84 26 114 104 13 127 197 145 128 99 84 83
    20 206 161 237 45 43 190 66 38 173 162 68 239 53 99 68 169 30 27 26
    185 152 210 7 180 62 33 166 213 2 110 46 132 210 232 6 240 86 3 42
    72 119 131 218 27 36 185 163 127 80 188 220 215 38 129 232 30 191 6
    180 136 192 4 158 196 57 175 210 121 200 166 174 81 138 31 172 252
    138 4 23 49 14 218 162 148 154 98 188 49 214 248 133 207 123 74 91
    167 30 165 224 28 138 237 76 85 206 107 212 85 24 133 102 234 218
    131 156 33 93 207 13 93 227 2 54 58 38 81 83 33 24 154 111 134 242
    67 44 181 52 164 236 220 214 67 58 157 35 91 104 132 64 120 102 117
    178 83 167 78 21 113 141 66 130 28 178 196 46 227 130 196 87 233 6
    130 183 54 122 51 52 204 14 131 7 58 67 170 112 194 224 52 1 49 164
    250 43 33 227 131 134 11 85 193 73 245 165 150 189 17 200 224 32 219
    69 46 162 104 81 153 179 221 97 85 180 181 72 186 235 167 51 207 42
    0 110 193 47 152 159 155 230 147 57 131 229 220 244 48 41 117 152 78
    203 195 211 195 90 78 41 174 16 128 245 252 18 84 240 126 11 181 160
    251 32 147 23 171 136 28 179 245 213 232 104 72 24 209 208 248 83 2
    36 116 115 22 3 98 138 253 185 100 209 135 81 80 133 63 209 240 231
    200 90 27 56 132 156 79 189 138 141 135 201 216 228 145 135 225 175
    199 11 214 200 166 114 113 247 68 194 95 83 95 14 141 232 186 181 75
    132 222 65 132 60 137 134 143 72 31 88 8 101 239 111 101 42 216 229
    9 88 61 70 138 61 138 184 242 150 69 196 123 24 153 220 23 137 11
    191 162 46 11 199 226 242 152 60 195 0 137 250 254 156 101 23 77 29
    35 219 39 39 87 8 84 227 164 70 227 219 28 224 255 153 135 51 200 19
    238 58 78 61 35 47 153 201 108 87 70 218 146 126 160 161 38 152 207
    202 32 35 8 18 50 18 114 67 246 100 72 187 102 72 208 185 15 199 216
    36 222 91 83 126 29 145 37 251 131 234 56 159 26 102 177 204 206 154
    54 132 206 63 48 183 154 202 118 148 146 145 135 122 165 252 124 9
    60 89 2 48 134 30 145 231 212 44 1 172 38 168 27 117 191 253 64 29
    120 144 59 50 209 64 24 233 53 127 40 24 2 173 218 34 160 190 93 136
    38 203 141 159 250 53 176 99 48 168 0 29 25 133 140 167 74 175 60
    248 58 20 216 159 12 121 65 233 20 70 83 115 102 167 119 54 252 53
    88 216 135 246 39 46 250 219 233 134 72 106 124 52 169 243 129 148
    124 101 202 239 82 148 173 76 24 243 216 247 1 235 190 241 207 26
    237 3 66 232 254 227 107 67 211 151 29 104 191 189 44 137 26 185 23
    200 233 151 237 63 171 144 102 61 12 199 6 144 156 250 187 22 79 88
    80 237 235 187 198 176 79 208 100 143 110 251 91 13 98 135 242 18 53
    154 230 213 60 41 15 230 59 44 186 238 252 49 253 59 222 222 187 150
    157 177 84 173 149 249 204 229 200 85 70 170 241 41 251 148 179 34
    117 98 18 200 131 167 60 161 108 141 102 164 205 248 160 30 218 12
    96 228 1 85 18 136 122 77 75 40 69 168 224 118 223 46 231 237 255 35
    80 182 76 226 128 231 24 2 11 228 113 138 163 206 96 60 223 183 14
    20 19 39 28 252 63 25 86 213 198 11 27 212 234 66 54 67 67 211 67
    145 204 94 3 14 133 68 220 90 72 216 107 125 140 44 174 236 13 105
    27 170 23 119 104 150 57 56 192 129 126 174 33 7 228 225 159 204 254
    99 160 80 67 175 222 158 38 25 38 170 136 189 159 251 224 8 0 164 4
    6 144 142 54 108 248 61 137 238 21 249 74 77 233 221 187 142 193 138
    114 217 247 100 10 114 97 68 25 109 71 125 227 66 113 215 153 156
    163 14 255 89 133 106 152 64 246 246 37 221 76 109 42 167 28 50 20
    76 23 71 41 223 216 18 138 190 204 130 61 146 235 239 244 8 155 12
    254 82 56 239 160 199 6 169 14 120 208 65 255 133 236 239 7 25 162
    24 28 57 100 127 195 48 199 1 228 242 40 125 218 16 93 97 80 159 43
    154 5 109 106 247 232 159 12 20 150 83 89 180 162 119 43 140 14 131
    183 88 94 89 56 199 29 150 236 246 165 254 157 237 158 22 179 211
    171 224 11 14 145 208 183 227 171 52 36 212 15 164 175 196 151 207
    182 80 38 91 79 246 205 86 248 219 32 136 145 132 142 188 130 202
    133 22 134 239 96 27 14 93 59 102 8 188 76 132 158 66 209 64 101 204
    28 106 14 208 224 171 177 182 149 209 73 238 186 41 195 119 167 18
    155 130 79 7 129 229 216 102 245 175 15 95 17 52 175 208 194 87 88
    140 222 217 126 248 185 177 239 248 163 230 150 80 213 226 152 28 17
    95 66 182 24 122 69 194 224 121 147 113 73 203 103 50 39 41 197 72
    128 184 23 48 138 185 87 187 145 128 198 197 120 119 211 78 154 87
    199 65 74 90 0 180 66 139 237 82 197 223 236 253 36 148 175 191 182
    13 62 174 253 120 101 55 217 210 250 238 22 44 117 166 76 99 200 225
    233 254 88 1 246 23 87 198 250 157 131 164 36 85 23 36 124 124 58
    226 7 91 240 89 200 239 176 128 241 210 18 141 8 182 105 168 223 94
    75 138 57 13 211 144 47 209 125 69 157 169 208 237 160 110 196 20
    235 56 113 230 185 137 103 135 97 170 75 80 19 255 4 207 123 126 96
    128 58 155 179 101 53 194 206 77 254 65 216 132 11 94 237 106 249 81
    43 70 157 235 91 74 90 66 99 203 39 219 202 32 234 40 128 54 14 186
    54 146 206 84 98 110 82 50 30 83 67 68 220 41 244 104 23 214 15 53
    36 199 216 143 59 46 203 136 56 62 211 254 229 201 190 185 202 46
    254 135 74 195 218 131 98 40 39 3 221 12 32 164 156 174 171 19 240
    213 198 224 99 91 163 229 2 34 14 100 167 54 225 140 168 46 14 53
    111 217 141 82 141 75 100 82 254 85 227 128 171 37 138 124 203 190 7
    180 153 159 207 27 93 123 15 142 25 206 42 24 65 228 72 249 20 129
    140 40 72 29 16 1 32 36 254 97 254 168 205 0 95 74 235 149 88 19 28
    47 99 216 156 70 190 153 218 191 246 232 57 50 145 129 239 185 7 172
    217 109 170 124 14 74 92 174 34 71 148 194 60 129 191 11 6 19 233 46
    27 126 84 129 253 197 51 24 224 114 67 70 168 66 167 48 161 79 202 0
    217 115 127 4 182 160 242 49 113 62 199 168 34 141 44 171 37 120 90
    57 91 139 23 73 102 122 210 160 14 34 137 227 34 119 236 120 24 253
    81 73 83 47 63 144 248 134 75 102 227 26 14 55 200 84 2 132 161 243
    123 225 16 185 176 42 97 83 16 232 19 138 38 7 80 4 157 114 35 54
    108 201 134 35 235 96 60 233 56 9 31 26 43 66 187 108 91 191 208 179
    205 254 252 104 82 250 60 235 235 146 44 53 177 239 128 4 201 40 218
    177 134 88 32 22 61 168 240 164 169 249 237 22 158 21 97 181 119 41
    69 25 167 153 232 231 125 215 27 179 177 130 17 196 208 223 119 189
    229 176 141 20 145 130 7 177 218 134 102 127 86 174 120 171 132 239
    214 16 21 197 200 62 67 53 142 0 61 8 134 68 49 208 248 161 99 228
    188 130 114 89 33 225 196 240 185 162 156 64 235 61 13 70 93 9 243
    254 249 128 238 155 61 230 178 63 89 62 63 4 49 239 64 109 133 156
    54 186 40 129 86 43 172 134 190 98 229 78 224 119 127 169 97 15 248
    182 220 144 223 120 83 89 82 165 91 24 102 38 80 218 29 194 179 224
    131 127 237 251 85 107 185 210 194 132 247 165 182 2 24 156 215 93
    183 253 82 184 186 201 100 94 201 216 118 49 153 53 122 81 95 164 30
    10 59 185 38 9 255 61 122 28 121 208 96 181 226 104 203 39 200 49 2
    167 223 49 37 134 22 170 145 143 57 102 246 157 99 178 103 96 165 16
    148 69 19 201 79 72 57 222 5 213 160 235 80 197 98 130 58 203 87 61
    42 86 187 10 219 216 117 253 71 77 196 9 233 101 207 13 14 172 82
    148 167 120 154 184 237 27 159 251 146 24 90 134 66 220 243 134 136
    172 58 58 233 252 88 175 53 62 22 113 208 140 1 86 157 124 93 138 51
    97 225 164 63 88 30 115 224 248 179 154 62 63 8 83 169 25 14 165 5
    232 148 63 97 134 212 162 205 193 203 211 123 12 65 249 161 226 4
    236 209 216 40 203 57 119 191 115 235 146 158 228 147 194 21 129 138
    172 247 156 46 38 137 140 159 20 168 20 82 244 242 113 137 50 47 12
    233 135 153 80 99 39 182 187 126 131 222 173 134 205 147 249 164 117
    213 244 111 255 53 226 141 80 160 9 196 254 120 165 222 111 209 220
    68 104 137 214 255 239 141 227 200 56 38 175 70 104 85 53 233 137
    187 63 197 111 183 223 26 2 172 68 252 59 223 192 199 110 134 2 112
    76 24 220 192 39 133 80 173 214 64 65 48 56 53 90 11 186 229 173 219
    105 26 106 152 110 126 57 9 246 0 2 217 206 38 239 213 108 218 122
    198 110 242 76 115 234 42 76 60 138 66 247 126 9 175 210 222 199 73
    65 116 100 28 33 146 108 208 157 208 103 42 12 166 122 6 133 50 20
    85 190 211 86 111 63 97 137 107 7 216 113 182 228 219 253 128 200 56
    251 227 53 109 19 69 26 149 28 75 81 205 40 33 179 161 195 90 195 70
    97 134 133 42 43 136 172 154 43 212 54 23 228 90 195 144 235 149 102
    136 79 212 49 25 86 255 194 140 11 190 244 38 59 111 66 32 182 230
    231 160 177 189 89 45 188 90 116 60 189 105 224 251 77 232 202 247
    28 158 245 220 239 236 234 150 111 85 227 107 17 55 149 65 29 171
    237 177 146 176 48 80 203 167 167 134 253 20 40 89 201 106 133 192
    138 206 109 115 39 90 208 55 74 143 136 40 24 224 20 142 9 93 176 44
    140 132 220 25 74 60 169 179 145 0 55 22 57 135 69 109 232 27 148
    188 113 56 162 172 218 19 215 140 231 249 33 103 172 82 100 251 18
    50 58 250 188 89 216 253 250 138 17 189 37 141 28 133 139 161 37 137
    176 174 58 211 176 76 39 244 67 53 86 232 9 132 54 90 13 174 180 178
    188 249 11 159 142 189 154 26 245 76 134 177 147 62 25 65 6 90 130
    200 64 105 130 116 92 201 251 164 185 160 83 239 21 151 239 21 177
    75 8 241 185 240 108 205 215 169 155 134 226 45 224 79 191 81 166
    141 251 1 146 77 186 86 153 172 32 248 133 221 198 89 111 45 199 181
    155 148 185 45 105 181 34 248 108 203 176 166 127 198 197 129 6 105
    98 16 104 38 199 216 92 28 29 191 172 73 245 165 75 234 185 209 222
    222 65 8 137 151 196 127 169 193 0 15 54 1 105 189 181 96 104 172 92
    101 177 245 170 87 244 235 138 218 136 230 187 8 161 74 226 80 61 94
    202 9 169 132 203 59 124 1 86 113 147 249 110 103 49 250 237 53 4
    215 104 145 245 214 134 55 236 181 177 27 32 191 55 105 239 218 209
    206 233 8 182 10 218 245 115 130 23 232 163 171 18 153 81 251 71 57
    65 33 95 248 224 89 30 220 118 202 234 100 78 114 245 181 1 18 217
    25 146 235 34 11 145 89 117 114 198 40 180 103 169 47 134 0 143 108
    211 192 251 169 240 138 153 68 228 54 160 100 212 11 30 136 208 145
    127 154 163 241 141 68 202 79 236 134 110 183 70 61 242 9 155 244 66
    167 224 160 255 208 229 47 133 62 143 209 191 94 243 253 89 56 93 45
    103 67 152 222 26 1 90 30 230 183 49 75 242 213 23 89 238 185 35 18
    228 115 67 46 214 204 38 91 32 143 65 118 127 31 45 138 127 34 223
    19 9 99 77 28 95 110 206 50 165 6 146 29 211 160 37 76 14 170 67 159
    16 93 177 22 162 206 75 123 233 40 190 1 162 171 38 220 110 0 113
    188 64 135 34 144 161 41 35 251 146 6 221 42 216 246 162 39 200 231
    139 186 97 21 193 84 237 17 148 234 70 99 58 192 74 121 95 56 205
    131 64 99 208 223 154 17 21 65 9 137 144 14 197 91 247 38 167 100
    193 169 95 202 92 30 124 6 225 139 121 157 65 82 128 146 225 22 134
    39 187 125 133 141 194 233 46 102 251 131 53 34 86 248 252 13 159 69
    65 238 115 188 42 196 44 15 227 223 176 148 202 167 17 69 213 213
    121 17 239 237 216 6 59 19 64 79 214 105 25 202 106 150 111 97 28
    135 151 109 247 84 139 159 57 196 91 184 140 48 53 205 119 149 20
    219 40 50 226 91 46 157 133 252 153 206 108 32 210 51 172 92 171 171
    227 134 28 154 58 145 156 205 148 229 254 22 140 201 139 31 128 163
    39 154 218 29 222 180 76 10 91 20 134 192 161 216 125 147 124 72 1
    112 188 55 159 100 54 219 166 196 54 154 39 217 156 61 43 206 62 222
    123 226 130 152 247 72 123 78 68 237 181 142 11 110 179 125 67 33
    169 147 2 40 218 189 12 190 172 31 93 105 76 39 130 68 85 58 40 180
    236 50 123 141 83 213 72 2 161 207 246 177 193 126 197 120 68 192
    205 237 198 8 61 129 160 29 27 134 197 40 55 129 243 63 114 195 141
    230 75 115 48 155 89 237 129 179 33 13 65 121 164 150 207 197 11 89
    78 105 250 207 5 187 12 199 75 82 187 90 63 214 158 165 98 170 139
    254 138 111 17 115 76 13 157 86 213 74 144 115 92 226 251 102 78 209
    20 179 41 218 208 129 197 226 69 236 168 130 202 101 218 70 230 22
    79 117 192 244 64 226 135 121 49 162 228 230 141 3 144 71 57 83 153
    212 203 134 152 145 136 241 51 78 194 214 22 226 153 24 133 191 28
    60 155 20 198 136 235 122 36 102 205 111 108 133 148 70 248 163 100
    19 204 170 208 139 21 220 53 227 184 123 246 188 140 108 21 66 22
    243 129 235 218 30 148 214 24 182 189 85 75 4 209 150 49 47 109 194
    219 158 210 120 92 207 23 40 16 162 236 98 224 130 187 232 64 120
    253 47 120 185 214 94 32 21 46 209 116 178 207 140 67 68 132 231 21
    166 153 110 17 17 231 212 40 121 15 195 83 195 193 249 226 3 175 230
    91 25 38 136 162 216 98 82 241 186 135 53 122 168 203 93 250 128 10
    70 98 60 196 20 117 198 13 195 100 62 55 53 3 192 10 105 190 90 4
    159 183 113 225 175 165 205 4 236 33 202 223 49 0 192 230 24 47 165
    160 165 65 85 222 222 43 26 67 67 53 56 113 132 245 89 109 99 31 188
    200 39 188 227 162 226 96 233 70 42 34 40 107 93 56 225 17 16 148
    100 42 146 148 118 142 74 50 32 149 29 187 16 225 119 163 194 247 26
    87 90 79 32 92 222 152 144 35 35 239 187 86 205 194 235 244 121 108
    25 154 54 17 57 177 17 87 155 31 242 35 199 223 65 77 226 39 241 122
    182 230 96 27 168 116 3 25 129 45 36 224 147 52 3 2 113 114 252 130
    234 197 224 97 206 54 236 162 245 201 7 34 211 206 175 0 249 165 198
    114 158 66 227 94 63 144 210 123 162 166 134 39 202 204 163 7 191 88
    162 224 29 231 18 117 246 34 21 180 114 204 105 145 49 35 225 6 68
    210 120 3 209 80 112 129 239 226 112 220 87 37 129 34 78 11 169 152
    90 66 161 207 32 245 36 145 138 148 116 18 27 233 180 152 200 13 193
    132 59 243 43 144 134 53 8 37 117 47 205 38 197 56 18 7 45 200 197
    72 249 159 17 54 121 41 102 202 244 223 60 11 39 49 77 60 207 193
    132 32 7 85 141 16 71 176 168 33 84 91 72 198 149 205 116 180 207
    215 2 232 205 80 128 124 136 162 177 215 85 19 254 86 239 29 123 146
    63 69 143 143 109 155 236 163 35 144 98 74 149 247 41 5 125 49 47
    252 13 53 192 100 160 66 197 222 236 159 139 195 125 196 102 117 210
    177 98 132 67 200 37 251 98 31 201 28 75 233 166 131 247 20 28 222
    168 161 167 121 182 123 202 243 8 187 130 11 78 235 207 180 220 217
    121 251 169 199 124 94 238 118 137 192 251 245 142 222 85 132 47 102
    230 163 196 30 105 174 193 199 44 136 176 117 159 108 23 194 26 227
    44 217 24 173 48 167 2 77 88 6 109 85 217 234 11 154 128 220 134 246
    9 205 107 161 134 45 199 26 216 255 228 178 234 27 2 220 141 184 240
    164 47 65 209 96 172 194 228 230 209 206 110 98 96 175 164 239 116
    177 84 148 170 170 221 127 199 46 85 247 31 47 98 97 45 151 135 86
    63 137 68 251 193 128 42 116 146 70 155 148 214 39 239 24 110 136
    132 35 100 185 47 223 109 25 156 206 241 163 46 34 101 251 225 247
    119 134 12 234 178 145 38 76 217 156 157 17 147 67 15 191 74 137 252
    119 6 19 113 139 205 106 154 31 54 132 0 91 205 118 21 185 107 243
    121 180 39 130 181 120 43 254 7 103 34 72 61 199 97 56 145 143 212
    105 141 93 46 89 215 77 80 110 240 46 161 35 57 193 123 49 38 143 34
    178 68 109 11 141 192 38 45 94 187 193 197 53 100 241 252 195 13 254
    251 244 108 132 87 224 31 183 197 191 211 120 183 229 125 86 200 202
    244 85 203 164 18 1 223 93 196 201 91 59 228 244 223 178 235 90 31
    246 187 173 172 114 81 107 158 25 84 49 211 147 36 57 215 14 91 89
    182 78 158 218 118 203 15 200 101 18 86 34 86 157 85 193 165 73 166
    210 186 126 15 60 7 33 168 130 23 225 77 66 209 233 114 224 9 210
    163 119 249 148 125 72 205 111 207 186 70 64 21 230 92 202 16 139 26
    10 171 184 252 37 215 142 42 91 47 244 165 152 244 131 226 27 251 19
    243 28 43 48 8 80 14 41 154 233 47 196 243 181 235 5 124 18 158 79
    104 124 148 239 171 236 181 114 109 138 9 164 174 51 247 48 181 42
    136 105 234 67 220 209 217 47 202 45 170 33 79 196 119 67 89 106 174
    235 57 77 68 77 90 97 26 140 7 232 192 28 71 4 217 34 38 159 124 58
    132 198 142 150 160 2 140 11 242 145 219 207 235 199 196 109 3 221
    100 7 175 154 151 1 160 66 250 80 6 189 117 88 177 49 179 159 58 90
    142 145 73 23 151 187 154 21 5 194 84 55 92 194 133 156 208 250 174
    1 226 145 204 140 132 6 168 116 75 87 26 140 185 18 94 61 122 123 77
    34 204 84 79 28 237 193 91 104 225 22 91 252 155 162 249 19 68 5 126
    114 88 72 16 116 216 73 75 81 110 237 51 39 208 224 191 233 20 59
    163 78 56 205 208 254 3 70 142 192 227 67 120 164 51 241 137 70 252
    95 180 124 190 76 149 163 10 23 50 140 195 231 244 210 128 179 33
    108 103 255 204 58 11 59 251 157 12 182 95 188 156 63 74 101 226 44
    143 41 233 40 202 91 229 177 91 181 214 19 190 131 108 68 160 136 46
    50 13 71 97 214 186 78 35 67 249 82 124 166 168 92 83 121 242 63 224
    40 171 225 177 243 160 78 240 167 235 155 123 195 117 89 207 25 170
    227 12 75 81 229 104 186 235 89 125 8 67 42 68 76 220 24 186 173 208
    247 250 72 55 106 74 12 55 157 73 244 28 139 32 7 5 16 217 37 186
    217 208 59 216 21 213 3 230 132 238 103 17 131 7 213 80 126 242 87
    92 229 149 154 169 58 122 232 124 34 244 22 177 69 211 204 72 92 5
    105 143 213 60 105 239 214 254 30 232 207 240 149 252 99 245 3 134
    197 170 89 4 61 223 250 56 145 64 92 74 181 188 130 39 23 38 188 42
    43 209 13 60 106 166 115 251 103 191 49 106 250 154 37 57 132 56 231
    128 167 213 201 115 11 215 154 108 223 217 50 35 40 164 111 25 194
    219 209 114 235 14 151 193 34 49 216 189 217 86 138 200 185 192 124
    164 253 189 101 19 236 215 54 147 208 16 136 203 191 172 194 195 249
    209 199 62 184 142 29 92 16 218 129 163 203 37 170 29 100 66 198 136
    222 112 203 86 177 48 220 107 230 236 39 37 18 55 94 105 102 253 111
    174 72 180 165 177 86 145 16 204 131 114 72 33 240 181 60 45 4 88 17
    165 217 255 144 220 222 149 19 127 138 201 61 81 143 173 138 213 118
    13 130 133 124 96 102 241 138 196 74 101 114 254 249 214 112 137 113
    131 143 23 157 45 134 193 230 91 93 219 15 112 115 213 116 239 65
    235 19 229 181 204 244 107 128 2 105 121 82 122 65 96 112 71 198 20
    58 94 70 239 77 86 155 3 45 144 107 243 252 104 135 49 40 7 244 46
    193 48 44 231 176 145 155 67 106 205 230 7 184 118 25 15 10 87 217
    238 129 172 64 139 63 80 153 198 93 161 143 90 239 246 123 163 10
    163 248 247 92 206 193 68 169 231 121 123 207 45 157 244 70 130 136
    156 109 254 36 180 157 23 116 36 104 20 254 231 156 129 194 58 36
    249 19 106 145 161 247 70 249 255 179 42 164 193 29 194 50 239 208
    199 246 145 52 164 13 183 205 187 95 195 65 39 83 40 158 201 225 25
    68 132 198 40 141 154 188 226 68 249 95 147 130 226 191 242 48 150
    254 236 112 108 60 23 54 220 172 91 5 198 187 5 136 211 10 195 146
    46 65 162 190 15 159 46 90 105 102 226 242 141 25 189 77 102 253 126
    247 89 200 112 62 245 139 201 131 146 238 214 28 223 168 97 228 224
    48 247 98 187 176 37 90 198 48 206 30 24 79 15 25 217 190 246 186
    143 104 37 1 134 182 99 123 45 121 145 29 218 72 69 75 37 102 51 246
    48 14 155 194 185 222 25 125 107 163 97 168 181 204 167 174 141 69
    139 18 175 11 103 244 169 164 151 223 212 32 49 139 158 136 155 188
    234 126 196 185 187 210 60 225 122 230 7 10 5 224 224 52 76 210 95
    10 201 139 12 10 44 150 18 103 28 134 95 213 5 152 111 203 43 62 74
    42 30 137 204 22 8 90 104 244 76 102 248 228 107 254 248 186 254 165
    123 186 0 56 215 184 97 37 230 239 131 59 143 61 199 86 123 65 126
    88 11 160 172 225 43 186 39 243 130 2 248 47 71 16 113 66 204 58 179
    73 68 43 95 137 60 221 166 248 210 13 13 85 201 247 167 38 92 29 83
    124 237 3 186 126 64 27 171 234 27 101 220 133 89 65 234 98 115 159
    33 67 183 32 50 165 220 61 190 108 136 245 175 202 32 104 190 140
    211 22 33 134 108 203 134 151 93 250 147 61 126 216 108 233 179 200
    177 200 207 77 247 69 233 2 79 207 104 30 102 90 135 71 95 10 214 79
    68 250 28 191 67 49 17 112 33 58 137 199 153 111 162 143 65 223 165
    221 49 200 24 66 195 86 97 189 57 44 112 140 127 245 39 175 189 36
    240 69 206 154 243 101 203 170 229 28 74 105 215 4 12 96 93 51 90 69
    112 101 105 176 41 212 40 96 14 237 204 36 84 9 95 243 152 123 173
    17 132 239 250 93 108 215 13 153 92 139 143 83 231 83 143 198 174 91
    236 237 42 226 13 147 171 245 14 92 22 150 69 13 38 168 113 6 36 246
    175 114 195 60 43 0 189 164 99 5 244 115 70 97 186 192 221 249 144
    203 75 128 145 84 107 221 39 146 253 235 133 151 188 221 123 110 137
    158 201 123 98 134 9 245 234 29 127 187 119 143 188 117 115 49 243
    208 109 57 24 59 217 185 153 49 239 70 149 144 101 102 45 141 85 120
    110 169 78 130 171 212 90 57 150 231 59 218 108 63 110 54 189 79 9
    210 3 124 126 186 233 7 80 107 132 31 95 131 8 97 115 244 19 144 100
    75 181 70 94 159 143 216 173 182 240 140 69 203 159 246 109 182 128
    212 233 36 142 127 183 218 59 143 60 153 165 84 94 163 99 185 158 29
    73 92 173 175 247 238 37 114 173 75 9 226 192 222 228 18 140 236 133
    235 228 198 123 230 34 255 63 149 162 23 9 45 251 133 23 152 92 66
    44 86 4 158 132 131 172 238 213 130 80 224 132 179 154 87 127 152
    120 38 213 160 227 7 157 1 208 103 2 63 9 4 254 113 227 145 204 162
    99 201 207 181 133 163 58 138 195 33 144 217 239 194 183 249 174 137
    90 37 121 132 193 220 214 236 201 107 184 35 54 187 4 219 187 178
    130 231 143 28 161 142 118 90 7 80 27 143 158 21 118 248 200 214 160
    75 240 165 127 179 73 213 142 255 117 170 22 27 54 141 106 21 77 16
    84 53 80 240 77 71 60 247 96 196 233 4 79 104 114 219 193 77 3 9 164
    215 126 144 8 71 114 172 84 134 5 181 238 34 15 75 210 147 53 161
    206 59 185 29 205 209 98 175 7 71 68 103 176 163 238 92 112 43 19 23
    161 51 58 219 3 144 60 213 68 115 98 237 145 68 239 100 101 231 189
    182 77 225 162 191 154 203 165 52 128 191 241 48 105 161 13 186 11
    57 65 42 33 193 187 69 243 243 29 253 196 167 238 44 71 10 227 42
    106 46 227 244 143 94 127 177 50 182 52 235 146 202 241 132 44 173
    203 224 229 238 171 74 204 220 113 228 153 144 114 51 70 175 146 251
    233 163 160 177 82 230 244 17 63 79 16 51 205 38 51 231 139 60 248
    37 13 235 131 233 240 22 18 184 226 82 21 55 183 188 255 109 0 112
    107 32 79 91 45 203 145 57 246 153 226 145 150 163 193 191 54 10 53
    127 108 89 66 8 97 35 27 24 241 54 159 36 177 154 38 21 125 204 102
    110 108 246 93 144 83 80 154 169 240 1 131 5 200 95 101 127 16 93
    144 133 165 146 26 238 204 117 223 3 176 48 97 21 124 102 177 234 50
    103 207 50 176 85 230 233 139 233 183 253 156 237 133 12 194 152 139
    215 145 213 105 251 99 5 109 151 18 70 129 66 86 206 106 216 200 4
    159 25 182 149 36 62 202 159 245 211 247 47 92 131 228 210 121 171
    225 61 206 20 105 231 163 106 218 151 232 75 73 108 222 223 144 148
    35 106 223 100 94 208 115 237 127 230 13 201 46 27 50 226 75 25 193
    57 26 138 32 171 98 208 20 169 211 238 117 133 166 244 217 163 128
    11 101 54 8 170 200 166 93 23 79 234 65 145 190 54 73 114 211 111
    165 220 129 48 117 244 113 174 11 156 209 145 199 239 102 121 240
    124 31 228 245 120 85 203 155 117 159 248 238 174 7 63 168 232 156
    252 77 27 145 202 188 101 35 76 223 103 108 151 111 112 29 184 56
    212 200 89 149 13 60 88 145 239 84 178 188 116 53 146 81 179 109 233
    248 80 88 177 180 35 39 36 209 120 155 97 95 105 73 70 198 162 165
    119 18 115 77 221 112 138 250 205 134 139 124 87 177 251 137 130 147
    152 30 51 7 205 245 70 99 3 47 66 110 27 82 198 192 138 16 16 1 81
    222 235 189 141 213 38 209 101 100 248 13 76 99 51 242 194 91 168
    114 30 92 171 5 219 175 226 167 40 248 64 173 168 85 38 89 251 38
    249 202 181 204 6 94 172 157 204 202 20 139 121 213 86 154 28 182
    151 227 249 70 232 21 136 99 127 58 181 236 45 224 120 34 154 85 7
    192 69 136 183 184 183 168 15 76 202 228 3 135 157 14 25 15 247 124
    49 123 208 105 175 10 6 4 108 66 11 14 157 53 155 227 174 49 13 65
    252 241 66 75 99 203 74 192 225 183 235 173 158 67 40 230 153 40 66
    236 110 191 31 229 79 155 113 203 253 26 32 128 1 83 60 237 167 116
    242 121 143 81 187 233 112 143 77 162 232 64 183 4 230 147 189 99
    201 106 198 111 94 64 59 121 49 194 186 249 192 243 2 178 50 135 203
    6 175 141 40 91 134 15 8 171 188 72 177 198 136 179 43 254 69 140 71
    131 180 110 126 31 81 192 89 61 181 29 90 5 51 75 11 242 4 73 67 193
    108 69 144 84 72 131 120 137 73 172 50 90 223 190 224 193 250 29 240
    212 252 147 128 121 91 146 193 209 144 141 96 175 49 173 91 82 170
    172 174 108 216 176 75 73 189 144 228 80 175 55 125 138 152 77 239
    95 70 104 14 41 233 184 36 3 140 115 24 180 218 1 36 144 36 168 105
    225 211 15 201 118 86 98 124 140 32 74 61 141 121 141 42 254 66 170
    28 244 110 84 172 107 187 12 44 29 42 107 19 223 25 83 211 100 223
    245 220 44 58 135 93 31 48 224 185 7 7 177 47 249 47 154 137 141 120
    25 53 41 173 191 180 50 113 8 184 204 50 175 110 231 158 38 230 43
    171 35 59 41 183 89 193 20 53 198 67 25 152 175 119 101 103 141 124
    206 214 108 74 50 225 203 228 159 255 134 235 14 162 31 54 134 215
    190 174 243 72 67 175 217 247 23 227 130 45 36 4 240 127 56 38 248
    225 194 87 81 238 23 204 251 39 34 173 133 88 122 189 80 217 161 255
    74 221 201 69 36 89 144 231 117 61 165 241 8 210 144 175 0 53 45 55
    8 214 130 88 33 233 90 175 18 136 168 174 194 195 173 149 113 46 154
    209 185 232 239 70 64 229 38 213 111 174 182 13 117 50 155 114 209
    149 170 78 147 102 43 208 74 150 210 220 121 19 108 134 147 60 170
    228 53 50 154 150 28 254 56 20 242 107 109 15 121 5 47 255 49 212
    176 198 130 249 122 204 6 133 245 162 81 71 204 162 127 78 132 254
    77 98 165 18 20 207 59 111 237 167 107 225 157 177 85 199 131 194 67
    149 99 161 103 144 185 48 145 231 240 151 18 243 228 188 25 116 182
    191 223 196 89 141 64 38 109 113 255 52 224 150 194 129 255 25 119
    166 53 68 74 123 247 193 190 75 179 145 205 53 37 119 224 37 255 109
    31 167 70 189 63 237 174 74 249 240 160 178 128 168 44 5 40 57 160
    157 202 62 57 244 171 208 20 106 20 53 107 32 24 61 129 144 72 141 4
    8 181 87 169 35 41 209 217 214 9 232 16 244 178 192 243 180 82 44
    133 29 223 97 254 174 215 97 74 112 131 186 88 44 166 206 184 70 41
    52 253 16 162 111 187 103 190 129 213 2 211 206 220 15 146 54 72 83
    138 109 60 27 63 57 113 100 252 225 121 238 5 214 145 145 95 106 242
    127 64 55 37 129 180 109 164 132 173 236 96 161 208 71 131 32 177 24
    148 210 94 164 107 42 129 97 26 152 44 122 158 68 131 1 195 59 5 60
    251 72 197 252 52 217 230 130 18 77 237 43 147 4 113 98 204 201 244
    63 76 162 67 210 113 180 32 45 161 84 195 20 154 108 189 80 26 42
    110 102 19 50 71 117 68 99 38 59 15 47 89 231 20 121 187 220 209 36
    105 43 254 135 211 184 66 37 117 183 225 169 116 70 176 142 134 86
    106 25 18 76 245 194 134 61 19 187 183 32 147 112 220 1 216 85 12
    142 118 229 163 179 194 183 236 183 179 116 64 145 107 164 13 108 74
    53 77 42 85 171 157 184 79 213 90 218 73 86 129 97 83 169 32 155 98
    38 188 34 234 114 189 22 17 218 27 64 104 64 167 126 248 150 51 120
    61 48 63 135 213 54 178 35 237 54 188 169 11 72 136 169 159 109 124
    90 33 197 199 77 29 104 231 29 91 17 221 170 238 114 189 180 157 254
    26 209 4 241 107 11 91 227 45 43 6 120 47 149 123 39 158 178 121 8
    98 147 255 143 23 166 80 179 71 160 173 228 228 62 31 251 95 115 103
    28 123 177 141 125 5 192 251 163 146 201 18 86 30 210 161 74 94 82
    109 151 235 207 160 206 117 102 92 168 129 50 101 166 43 15 126 171
    226 116 186 119 228 139 102 34 88 233 80 193 128 1 106 165 192 206
    174 142 9 250 111 174 220 235 164 232 219 245 242 177 162 170 15 115
    35 190 6 40 10 161 251 77 187 153 97 211 103 101 231 72 191 174 148
    222 216 231 21 129 108 188 130 169 38 79 186 169 197 104 157 156 226
    201 187 66 167 141 229 112 33 143 142 19 175 175 132 131 36 124 39
    74 34 224 241 22 255 131 102 207 125 196 13 89 56 174 103 9 97 217
    143 236 183 197 172 94 167 107 164 88 53 154 245 173 29 192 58 103
    67 184 106 200 31 149 4 190 131 210 210 174 56 95 37 202 163 229 151
    177 3 67 224 220 170 230 160 108 51 178 130 193 18 116 232 197 92 5
    12 92 207 250 24 112 217 72 43 164 246 183 247 184 88 230 141 58 44
    206 164 204 112 8 199 79 213 247 11 112 87 158 22 164 199 42 46 212
    54 43 112 18 0 213 34 217 153 140 156 112 229 42 179 148 62 198 36
    236 152 27 142 219 100 244 158 119 141 63 60 254 168 157 160 234 79
    113 31 202 29 171 2 92 214 103 106 152 97 46 51 81 136 36 155 236 64
    181 101 73 155 181 65 179 17 189 29 138 29 0 74 146 11 58 1 250 88
    110 15 188 176 110 93 170 83 230 33 61 96 202 6 59 223 1 111 247 68
    129 45 79 131 38 113 80 45 218 84 149 8 117 196 60 83 215 181 118
    121 223 185 149 255 18 147 100 30 126 9 20 174 232 13 239 15 137 198
    157 230 209 67 27 169 138 107 91 46 57 218 26 245 214 155 107 14 50
    140 208 196 251 160 166 84 21 30 99 67 135 173 194 7 225 176 71 84
    206 111 25 139 165 89 167 170 212 100 178 208 84 76 158 249 153 245
    191 234 114 235 47 2 112 94 158 226 26 247 99 216 37 61 158 247 36
    30 197 147 97 180 85 59 171 26 69 97 120 227 161 247 40 82 37 224
    144 210 52 24 30 145 73 138 133 111 217 183 97 76 115 20 118 168 49
    217 227 248 244 136 79 100 76 16 120 178 6 234 247 106 157 246 185
    33 61 0 0 108 26 26 207 127 7 209 79 26 249 37 157 153 11 157 157
    111 81 169 142 50 69 67 56 180 99 8 56 99 154 189 142 50 81 207 2
    102 135 56 62 192 68 101 111 166 26 33 171 26 236 120 71 47 184 95
    126 248 53 215 20 144 8 219 12 239 170 131 228 129 121 135 125 112
    196 158 7 253 78 117 3 52 158 199 15 194 201 32 34 17 49 89 169 99
    180 188 199 221 170 182 183 24 103 73 183 125 193 202 220 186 99 62
    112 6 234 225 19 160 177 165 248 63 151 209 147 129 90 76 5 84 16 18
    137 204 102 212 192 66 88 44 29 9 123 24 173 13 120 10 86 176 74 227
    51 10 109 130 33 193 41 10 119 59 234 136 243 78 73 226 181 222 246
    138 35 190 190 231 161 134 89 10 21 175 232 0 72 64 0 125 9 254 119
    141 11 153 91 163 201 128 167 168 218 241 56 101 191 199 242 81 238
    228 227 168 64 119 120 240 178 255 88 247 39 17 90 90 211 54 155 76
    251 92 206 65 192 7 19 180 209 194 205 140 5 117 110 42 9 179 86 140
    80 252 251 242 49 136 49 16 92 139 73 177 252 3 28 217 136 192 145
    23 16 3 39 61 33 87 128 209 131 25 33 117 40 220 141 90 189 34 27
    197 154 75 209 45 154 153 114 68 125 167 52 39 94 217 246 118 13 143
    218 207 218 52 107 227 75 144 213 82 127 206 33 218 89 148 193 193
    58 249 91 251 147 171 34 164 15 227 160 102 213 229 242 65 149 158
    78 205 194 115 4 11 251 138 197 90 78 137 234 86 106 95 122 202 127
    114 12 187 215 68 93 24 191 52 143 243 135 79 159 255 214 89 98 222
    128 228 32 28 69 196 204 228 8 46 40 96 91 233 53 61 61 10 253 47
    101 95 54 147 179 204 103 71 189 87 5 69 219 192 228 183 145 125 87
    134 238 29 252 37 114 58 68 107 48 3 40 138 200 87 160 143 50 190
    102 126 4 169 37 117 152 250 99 22 67 15 210 230 165 231 78 255 56
    129 25 54 201 91 83 254 61 107 173 174 52 129 225 85 45 104 245 100
    165 49 58 103 209 123 250 250 131 152 51 0 206 106 156 89 146 222 77
    214 84 223 240 8 248 180 66 165 198 136 74 18 102 116 201 162 231
    185 184 202 86 15 208 128 87 1 206 88 75 38 227 59 72 14 65 153 250
    71 219 162 230 117 137 164 174 77 125 7 127 58 79 13 243 163 59 157
    206 108 112 2 97 159 162 129 206 64 57 39 158 213 179 172 55 159 141
    18 41 119 28 156 223 76 70 56 140 120 188 236 2 227 0 163 211 214
    225 104 112 53 228 82 164 38 217 137 103 136 42 15 58 168 110 233
    189 245 91 142 228 175 127 147 172 96 42 215 153 130 102 196 76 153
    207 124 178 80 140 64 214 0 134 141 9 180 208 28 228 94 58 101 211
    49 7 221 177 39 163 119 118 178 157 215 127 72 58 23 18 26 167 34 68
    49 144 234 112 174 5 14 85 228 179 15 34 196 215 196 222 247 222 100
    237 75 20 249 70 152 75 61 165 90 154 219 71 194 32 167 135 243 213
    158 51 214 210 73 3 175 165 35 18 134 122 184 207 135 161 39 125 186
    169 170 136 235 240 112 196 121 117 240 207 232 110 23 252 124 123
    138 189 148 229 34 109 209 73 94 89 97 137 126 0 20 89 154 17 51 235
    224 172 20 203 92 22 221 92 185 195 218 133 57 92 208 144 116 183
    161 167 44 187 60 40 23 127 35 97 188 167 54 59 199 177 118 56 160
    130 199 220 134 241 111 35 74 50 216 194 32 205 119 106 141 18 211
    180 229 171 92 64 209 133 204 46 101 195 149 144 4 105 166 171 60
    136 77 83 112 60 238 137 169 104 5 53 36 99 7 41 164 41 231 238 35
    93 71 1 5 68 22 97 123 10 165 253 188 149 234 213 61 61 76 2 238 51
    28 140 70 126 251 186 47 4 192 250 100 69 1 82 57 124 166 152 125
    110 23 114 64 188 110 97 113 13 131 99 186 159 155 182 9 196 30 48 8
    29 78 110 105 242 232 151 31 15 166 207 36 220 69 168 65 206 20 109
    24 137 191 171 17 205 46 46 14 169 220 124 151 202 57 141 71 253 215
    121 228 77 206 238 143 159 113 157 51 133 232 202 112 251 209 160 34
    161 195 161 205 174 69 44 213 172 162 230 239 150 138 246 6 5 64 198
    240 209 254 123 178 30 115 77 3 152 105 1 38 204 192 127 71 80 51
    155 105 255 103 237 138 184 44 167 66 27 74 211 8 78 202 48 179 63
    240 228 63 198 97 30 221 136 254 174 128 13 184 40 237 239 154 192
    98 104 165 59 230 194 183 166 227 144 253 147 101 190 119 8 246 199
    171 229 204 10 202 244 206 151 252 216 238 238 164 1 120 204 211 7
    97 148 120 201 4 109 141 3 132 128 9 76 242 243 255 40 181 37 160 87
    62 147 35 34 67 145 143 184 56 128 96 131 164 113 27 244 49 224 198
    124 50 188 61 89 91 62 126 149 150 135 250 127 43 158 25 33 50 50
    218 67 74 79 86 242 118 228 10 77 106 44 208 172 243 90 26 42 155
    251 148 71 240 185 23 165 121 32 79 39 144 236 132 248 195 80 59 250
    164 222 135 111 13 138 107 131 199 168 240 181 209 68 21 253 71 179
    78 52 150 186 75 86 36 125 192 21 47 138 116 73 218 110 166 142 122
    184 63 174 76 240 46 147 198 166 111 82 4 0 79 207 22 31 4 215 132
    149 160 189 120 30 21 254 105 29 6 143 29 32 215 222 118 206 166 111
    223 70 125 213 247 62 115 174 186 51 169 247 29 202 141 175 178 88
    255 117 144 32 81 73 10 139 159 50 68 11 143 219 50 212 196 187 2
    144 246 240 185 145 229 217 162 193 131 72 75 143 49 51 254 49 32 92
    189 221 189 155 96 192 3 133 137 34 49 148 25 230 249 130 219 242
    153 41 162 178 213 147 147 16 163 120 147 30 80 209 153 225 28 140
    74 108 255 43 193 132 239 92 83 40 219 15 191 183 179 13 152 70 117
    88 120 8 147 123 40 64 84 91 194 2 199 39 204 92 37 122 1 40 31 213
    98 99 97 166 179 187 5 93 155 24 52 20 74 125 230 127 93 251 65 186
    53 189 178 58 224 236 207 6 190 144 197 48 179 62 14 4 179 35 38 176
    206 107 71 214 41 112 253 191 131 123 39 164 107 138 184 181 14 174
    64 206 91 251 127 39 226 188 154 212 27 138 2 183 93 97 81 20 218
    138 47 3 186 152 231 241 181 189 248 203 154 169 51 27 236 166 76
    189 194 145 0 216 97 216 178 46 179 255 254 5 177 7 46 91 178 67 37
    191 1 166 219 81 189 76 97 175 236 35 94 196 90 90 183 52 116 39 172
    33 148 19 166 44 101 28 34 74 14 28 119 22 33 233 213 175 120 209
    106 4 51 90 56 242 233 209 234 223 14 223 146 217 80 13 148 153 135
    156 154 218 5 198 184 54 116 147 2 255 1 43 188 211 44 180 131 142
    154 196 248 67 27 28 216 247 7 93 222 149 145 16 185 117 125 62 166
    71 5 54 148 1 93 213 99 201 12 69 212 20 165 234 60 72 162 196 236
    11 148 58 53 161 38 216 183 183 178 158 114 227 170 159 206 101 148
    85 54 185 177 243 92 17 216 118 8 196 27 133 72 126 27 97 12 162 180
    193 35 166 215 74 190 249 31 216 100 172 41 157 83 229 123 95 78 87
    90 20 163 61 20 36 13 0 122 99 40 146 248 206 30 255 137 78 1 158 34
    16 136 176 220 42 36 5 1 70 80 135 115 110 112 139 105 14 159 6 183
    156 215 143 208 157 123 223 166 23 136 106 63 53 7 69 20 169 174 5
    216 105 17 3 106 70 71 44 38 95 19 82 94 108 215 23 94 172 11 72 228
    173 93 230 161 28 225 42 236 43 224 157 241 172 102 116 53 54 75 225
    232 230 209 2 63 98 15 182 230 61 213 71 97 88 106 1 6 84 220 43 146
    249 242 105 74 131 119 31 114 92 100 216 57 68 61 146 50 131 164 59
    179 5 71 58 166 149 221 198 7 70 228 81 182 87 144 62 207 57 194 120
    200 161 141 210 84 184 106 4 82 6 77 250 190 111 234 146 85 111 217
    232 26 181 238 122 118 108 142 192 91 142 193 17 44 103 187 118 33
    243 67 49 74 52 239 115 52 175 140 198 103 99 120 23 48 42 7 120 225
    165 42 110 219 38 148 10 94 205 137 215 221 131 49 90 225 122 83 8
    157 28 157 40 240 195 233 130 120 185 89 99 173 134 181 247 242 174
    22 253 108 155 77 22 50 122 35 183 63 208 146 119 107 54 93 107 79
    86 248 189 71 206 161 162 254 32 200 48 126 136 202 24 2 3 2 33 189
    59 198 214 143 139 93 248 84 248 21 145 150 77 104 151 247 62 175 52
    14 131 205 45 14 89 62 71 205 82 188 139 47 141 233 134 116 186 202
    100 249 204 101 27 61 166 66 123 154 124 120 178 37 130 81 226 217
    77 175 232 43 245 209 29 66 165 59 59 75 194 101 25 158 10 2 10 67
    98 178 243 70 52 41 161 26 67 94 212 37 127 79 15 207 44 81 71 191
    154 73 203 111 52 225 201 1 157 133 46 92 172 242 219 146 68 227 39
    125 176 156 151 172 70 208 49 232 155 208 20 14 233 214 202 248 194
    38 7 210 240 163 68 99 240 37 207 15 125 94 22 240 186 158 129 111
    48 63 9 164 174 53 189 116 191 245 9 32 49 170 161 13 212 45 66 134
    54 195 178 138 187 220 244 104 17 117 113 203 92 88 170 127 161 80
    191 128 51 11 19 79 254 95 121 26 13 1 13 245 156 52 201 141 29 168
    57 89 120 206 228 200 65 107 214 186 149 185 168 87 198 217 52 101
    244 59 3 33 169 245 127 13 64 66 154 79 50 164 124 30 228 229 220
    137 112 114 52 96 199 233 141 57 195 183 54 206 71 81 0 144 9 179
    226 79 225 111 242 28 237 198 146 176 128 115 14 81 36 236 244 216
    54 55 89 124 20 7 131 20 85 58 92 15 92 41 248 10 190 87 57 194 205
    6 145 117 66 47 22 174 87 249 99 100 253 250 141 226 223 89 56 255
    113 99 135 196 21 94 11 241 129 157 146 13 60 188 32 223 66 243 255
    223 78 252 174 96 90 111 209 242 103 156 37 111 96 244 195 19 134
    160 144 28 216 208 222 111 150 222 82 74 74 65 182 118 171 217 166
    39 181 149 228 190 86 76 209 48 126 242 248 170 68 11 217 223 250 60
    93 249 177 191 208 214 103 1 168 180 52 77 195 247 160 156 119 67
    245 137 224 95 215 182 214 32 101 140 250 244 157 173 199 250 146
    223 34 195 13 186 239 131 43 101 189 250 244 123 11 23 39 195 147 43
    89 137 47 189 192 183 33 245 113 82 21 141 142 71 59 113 62 76 190
    13 35 107 250 97 96 121 39 254 17 184 29 111 73 239 251 143 120 225
    23 20 51 237 71 77 17 25 147 176 12 94 144 182 67 137 48 102 226 84
    128 35 72 9 141 58 92 81 62 255 241 225 80 112 80 152 91 180 93 13
    21 224 128 224 197 245 209 37 88 56 110 217 212 254 108 96 27 141
    210 211 12 107 241 241 237 61 48 149 249 217 197 59 79 123 248 69 16
    214 203 237 76 151 136 143 128 165 36 48 183 211 30 83 31 118 204
    187 13 12 230 209 232 17 245 110 142 63 34 15 34 72 117 117 46 228
    132 176 250 102 167 114 207 37 15 106 102 22 86 69 95 65 249 185 107
    219 161 9 204 118 217 83 23 183 250 68 240 121 145 78 33 137 202 24
    157 128 64 78 105 21 239 214 215 77 87 35 33 4 217 100 219 63 119
    251 249 99 10 49 56 252 49 181 145 183 211 233 102 136 166 86 97 197
    25 13 111 1 60 89 245 48 235 159 63 226 241 237 162 163 133 38 22 72
    27 75 44 83 182 174 82 74 242 181 60 128 206 49 92 251 219 44 233
    198 188 254 24 23 35 203 163 34 59 103 247 173 205 25 178 41 51 8 21
    27 243 230 249 197 22 19 35 184 174 93 37 132 40 133 17 237 162 150
    42 14 90 52 172 237 103 157 219 0 17 167 69 97 135 16 88 82 228 105
    97 125 114 2 183 208 131 152 187 112 69 150 240 45 57 51 207 21 200
    124 122 250 220 87 104 177 133 48 22 250 159 86 101 206 109 74 25
    140 246 85 189 241 34 174 8 169 184 57 119 170 105 172 44 220 78 12
    144 171 62 112 22 213 42 99 232 85 86 157 101 31 218 204 72 225 22
    133 40 172 97 3 237 79 75 134 97 59 116 165 180 10 154 128 43 152
    229 58 182 164 26 174 207 209 163 44 144 42 79 235 118 26 71 243 91
    159 59 183 206 136 66 130 252 34 226 189 36 135 177 24 105 73 48 120
    67 145 15 63 29 31 210 151 21 32 135 45 104 133 19 217 2 155 24 200
    25 125 230 60 156 239 145 70 145 13 207 131 0 116 115 75 23 192 47
    164 224 236 249 183 27 202 180 192 53 1 69 8 232 101 19 97 106 152
    71 39 49 198 245 200 97 198 100 73 4 29 102 99 136 122 93 170 1 234
    228 21 168 68 227 148 15 213 0 111 160 39 127 47 205 182 78 51 16 92
    70 52 239 189 10 154 15 243 96 164 210 215 217 215 30 67 13 217 93
    180 43 1 228 153 210 63 216 207 251 175 9 121 66 229 192 185 69 213
    206 170 31 224 169 176 204 103 146 109 61 65 96 188 91 25 65 37 82
    18 106 189 51 183 136 129 31 137 106 35 114 220 109 217 53 172 240
    204 199 124 226 159 29 186 206 24 155 123 58 106 211 45 73 111 121
    88 132 187 46 178 19 235 158 99 213 235 147 71 179 51 0 194 140 67
    118 14 168 2 82 72 179 56 153 255 185 202 23 223 190 46 182 253 249
    150 73 198 255 127 144 137 10 0 46 137 43 234 171 93 28 78 225 241
    125 157 187 71 147 165 140 31 60 212 66 12 144 142 11 204 106 8 233
    17 8 10 79 89 190 171 77 87 36 222 207 28 172 117 139 98 56 158 56
    121 160 86 189 48 91 31 210 230 236 231 253 84 154 8 132 21 15 232
    204 134 188 25 77 58 186 150 242 15 186 241 18 240 38 84 117 112 50
    199 71 50 219 159 49 155 164 235 104 240 132 32 20 107 67 124 249
    192 127 198 31 233 100 86 99 1 54 141 246 124 201 249 223 75 171 70
    253 61 34 167 225 179 25 99 237 151 2 174 46 6 71 40 239 160 57 200
    98 125 92 101 96 51 97 71 49 212 148 103 56 19 38 143 114 59 37 176
    210 188 79 227 25 69 160 73 118 229 143 240 121 22 203 26 127 162
    173 62 20 214 219 183 45 211 19 126 96 36 206 217 251 247 0 168 9 98
    234 241 209 216 50 146 104 64 219 29 46 49 214 27 179 128 168 178 29
    164 101 83 101 25 210 184 53 42 193 224 224 112 34 233 32 208 17 14
    69 152 33 138 37 95 210 193 169 197 16 181 135 221 162 167 239 240
    213 131 224 30 232 87 207 186 249 75 33 251 46 97 28 79 191 5 137
    126 50 43 75 173 49 24 166 98 77 159 242 41 124 84 177 162 26 174
    202 1 113 237 104 25 166 195 119 122 40 199 212 39 243 151 238 16 51
    230 129 225 117 11 17 42 201 94 145 64 108 92 151 241 203 48 216 149
    45 220 139 9 52 138 253 205 112 92 103 132 88 139 25 44 166 99 239
    164 210 192 128 133 117 125 55 133 179 238 239 98 185 73 234 77 202
    90 33 98 28 236 173 14 56 169 38 111 102 99 247 61 110 77 253 200
    113 144 255 168 132 126 141 53 92 105 209 117 178 6 127 215 34 35
    155 18 114 239 251 30 222 85 137 18 159 240 63 37 93 133 167 127 225
    86 32 211 152 76 5 150 189 96 247 206 237 37 16 56 236 6 82 37 160
    15 83 184 148 48 218 78 171 60 121 124 241 100 190 161 45 105 124
    186 249 0 116 124 97 7 6 227 109 254 164 116 184 36 207 109 101 79
    175 31 250 4 228 212 20 141 20 7 20 218 185 31 64 234 97 46 198 204
    237 113 180 232 46 203 0 71 153 38 149 134 121 6 66 236 227 219 93
    21 202 213 170 11 70 175 199 230 101 77 31 58 42 171 204 35 207 164
    226 147 30 160 62 166 209 8 40 189 1 0 158 35 157 1 217 45 205 168
    70 86 182 114 242 0 103 173 72 170 46 182 41 55 139 121 135 83 134
    145 254 109 162 109 50 175 129 199 229 173 111 233 195 97 110 179
    223 55 121 139 0 200 55 201 234 198 197 45 119 31 92 172 186 45 112
    142 25 163 250 9 253 250 35 54 109 235 103 237 51 156 109 50 123 71
    116 26 156 7 91 240 48 210 138 176 162 120 152 183 105 142 171 109
    132 85 166 22 196 188 102 139 50 234 53 151 8 135 40 91 245 9 103
    201 159 247 144 218 33 217 218 84 104 204 149 45 24 57 199 21 117
    234 248 93 85 203 77 14 16 56 183 97 72 72 165 5 4 91 226 11 10 158
    127 75 221 67 22 237 88 112 182 243 97 177 34 222 206 133 39 163 92
    128 100 253 16 71 107 24 189 16 84 99 19 183 242 177 18 136 70 166
    161 119 93 94 203 110 198 222 84 190 15 184 161 79 235 85 193 50 24
    158 212 217 98 81 145 20 148 252 127 202 87 248 10 4 236 120 62 144
    16 158 51 49 242 152 244 211 80 191 247 33 124 216 226 132 74 211 8
    114 216 135 32 14 106 159 138 62 54 59 217 5 218 248 81 91 153 234
    193 183 141 90 129 119 150 107 246 67 166 28 8 49 165 220 38 44 42
    109 255 20 9 22 88 81 22 252 137 118 90 212 43 166 138 31 238 85 46
    52 153 133 50 201 207 49 228 176 199 193 56 181 158 99 169 42 249
    216 193 111 108 109 32 27 90 128 136 147 254 242 107 109 238 123 194
    112 152 140 51 23 123 153 34 30 171 62 121 146 137 142 70 205 144 69
    161 167 124 149 178 79 198 135 218 184 84 156 13 66 27 16 234 99 103
    156 17 202 225 109 104 90 208 101 228 176 63 247 38 34 188 20 45 243
    170 183 41 74 230 204 77 214 222 185 203 249 56 139 72 40 6 78 175
    21 139 158 143 206 139 36 40 93 70 117 54 152 14 155 10 8 114 234
    108 182 98 130 197 104 83 172 39 48 177 27 55 111 63 227 29 31 224
    41 102 38 74 235 123 110 116 73 71 249 180 33 224 44 44 181 208 10
    228 84 143 131 246 89 6 96 4 19 39 40 5 56 251 152 196 234 164 232
    238 54 208 23 81 141 139 105 213 114 32 109 101 46 113 208 100 83 10
    150 88 47 100 10 208 8 96 158 170 104 108 8 21 20 32 76 39 3 91 178
    82 33 49 2 168 87 240 101 200 135 193 65 80 184 35 246 186 230 31
    137 213 125 238 151 189 36 94 254 192 46 186 13 171 66 68 1 26 127
    215 143 227 117 50 109 173 196 232 61 160 129 157 215 3 195 176 119
    222 191 36 191 101 56 85 105 207 48 89 132 113 152 113 154 217 211
    137 114 220 122 122 182 13 194 129 73 68 113 67 23 4 160 115 4 123
    228 240 58 255 154 90 220 98 160 99 11 135 127 182 54 146 133 182
    235 82 5 197 78 181 25 130 232 47 94 243 92 181 117 246 85 42 95 211
    84 148 0 193 124 206 6 113 89 94 202 183 233 174 229 77 104 125 45
    83 43 233 103 191 138 102 120 3 229 109 237 87 65 89 126 39 114 103
    182 171 74 78 123 74 108 229 208 50 57 159 175 34 140 54 189 221 90
    254 146 3 181 241 70 155 8 185 64 87 255 126 160 79 229 224 190 202
    70 138 255 57 3 150 73 178 101 239 221 118 90 215 253 230 8 166 156
    210 196 174 74 74 136 134 248 118 189 151 62 229 229 59 1 12 9 76
    222 101 83 158 241 107 4 219 223 104 193 229 25 217 95 112 14 103
    166 248 236 29 197 105 51 52 120 74 105 232 255 11 16 146 237 160
    100 198 86 166 32 106 198 92 38 197 247 25 4 149 60 131 42 211 40 51
    174 172 218 239 51 64 192 47 226 117 122 83 207 17 75 191 183 12 182
    187 225 90 144 222 135 102 46 144 241 41 130 110 240 124 109 253 202
    38 209 231 233 114 162 33 214 155 235 2 172 139 191 4 204 240 167 68
    64 8 125 135 169 195 102 239 199 171 167 121 58 127 26 142 1 244 122
    193 201 197 53 169 87 121 172 135 179 95 40 200 121 163 51 231 206
    217 27 53 145 113 54 226 16 164 58 130 142 89 9 127 76 119 58 172 44
    144 79 205 78 238 179 139 185 98 121 6 106 76 235 60 40 44 27 228 15
    57 14 68 76 213 130 152 19 90 75 237 146 95 88 143 79 242 114 161
    224 30 164 118 60 41 9 80 139 46 30 100 152 67 255 254 47 115 154
    240 201 25 107 248 135 239 239 24 184 211 30 110 237 9 139 171 140
    43 97 236 170 2 112 205 48 130 118 148 128 6 1 242 184 81 5 3 93 67
    196 115 71 127 136 26 30 57 73 93 84 162 15 46 185 219 132 133 38
    173 90 15 177 57 84 152 232 88 12 63 156 128 172 113 167 236 0 42
    139 21 226 114 42 228 25 9 152 158 252 163 221 79 110 105 225 233
    153 37 24 30 17 234 238 222 172 143 55 73 131 198 61 44 77 94 107
    167 162 66 131 7 224 183 28 6 131 211 163 159 173 65 92 146 188 179
    97 193 75 86 132 63 232 231 133 72 205 180 153 173 173 4 179 149 229
    248 183 122 114 197 245 153 82 104 3 141 134 255 243 132 176 4 17
    200 229 137 183 141 19 248 219 12 83 238 160 143 172 175 88 243 195
    215 1 52 197 1 122 171 74 234 92 91 248 107 186 126 222 193 169 53
    44 102 32 255 16 191 164 119 71 53 169 222 178 194 180 122 89 126 19
    228 11 217 131 57 221 22 246 42 152 83 157 200 68 21 138 169 247 53
    228 227 210 95 249 91 207 117 119 233 221 1 91 48 123 18 15 133 183
    108 229 233 60 144 17 102 156 1 11 73 162 173 107 4 219 45 13 194
    248 227 109 34 109 160 168 237 119 102 214 178 128 57 191 75 55 186
    160 188 55 140 71 235 18 40 120 92 43 24 198 68 216 222 85 63 53 43
    97 8 150 13 247 30 223 190 241 111 166 177 41 251 48 11 188 227 102
    148 10 210 52 204 189 125 168 87 220 187 189 100 200 88 52 255 119
    143 73 49 69 134 29 237 217 100 218 192 140 43 222 236 133 41 252 61
    178 238 84 229 54 202 137 55 248 215 65 102 250 147 250 16 192 144
    178 142 22 219 170 80 60 98 48 254 214 135 222 62 197 223 96 55 96
    17 196 198 202 92 180 18 223 229 98 193 57 147 198 120 17 124 63 177
    225 177 194 238 44 89 165 8 83 58 77 193 170 178 97 53 238 101 49 65
    19 226 174 127 221 44 39 232 19 64 21 214 168 72 104 162 176 102 29
    29 194 79 169 228 142 212 110 21 241 218 53 111 229 108 221 153 82
    133 245 179 182 133 136 206 78 3 87 195 20 176 38 112 248 69 243 201
    44 227 88 220 127 144 252 70 40 109 172 222 41 251 160 66 237 214
    111 58 247 126 107 69 253 74 192 7 49 24 23 122 225 24 213 38 36 150
    181 122 249 214 171 252 85 252 29 233 157 194 176 25 38 22 220 58
    117 40 109 197 245 155 199 114 1 120 217 37 167 221 115 131 240 72
    11 106 120 116 46 116 38 37 56 209 177 234 146 71 169 207 240 160
    206 131 181 129 190 242 210 222 245 234 166 146 216 115 192 73 222
    17 175 158 202 63 230 163 172 127 64 110 150 35 40 234 17 46 40 40
    155 60 162 204 27 45 220 244 219 9 32 190 42 0 103 83 161 92 202 137
    16 80 57 184 119 120 193 21 150 220 18 75 151 111 13 232 70 157 163
    73 235 175 118 139 75 124 232 146 131 94 216 106 147 242 178 145 226
    98 149 102 58 177 250 153 130 120 20 39 8 247 181 158 54 64 129 66
    154 247 18 76 194 231 225 173 138 73 246 105 197 35 163 211 138 104
    112 103 17 229 1 186 158 7 38 59 130 74 176 168 179 171 12 67 209
    122 134 209 142 127 51 35 174 13 119 9 169 109 229 120 208 80 35 48
    151 201 13 98 128 102 86 60 158 35 153 93 19 34 38 239 36 53 27 60
    82 39 97 186 162 124 119 49 111 200 119 116 158 193 121 234 224 138
    116 101 254 14 194 24 100 213 68 38 196 33 212 152 31 70 176 85 64
    18 213 97 246 113 57 9 147 56 185 77 217 253 59 7 239 130 72 119 208
    114 76 123 245 179 62 150 79 93 230 54 250 35 56 75 23 216 221 229
    170 88 213 131 128 8 93 8 103 39 67 229 99 145 81 111 66 201 23 114
    144 247 242 138 150 166 77 62 60 75 28 76 240 202 97 202 170 254 42
    116 153 137 64 74 53 245 8 97 250 250 56 57 14 48 231 150 215 168
    140 231 57 17 8 216 252 79 138 228 23 226 214 10 215 77 27 79 128 9
    151 32 187 232 200 81 73 203 120 113 100 13 155 51 119 79 225 147
    190 27 220 240 15 114 124 250 207 31 58 108 29 223 105 3 32 9 129
    124 196 35 193 5 107 6 88 16 150 40 213 239 15 234 200 41 37 211 159
    94 205 137 133 119 126 235 182 44 133 226 31 244 164 142 239 159 35
    84 156 202 97 126 89 150 39 15 183 81 37 153 103 16 202 220 157 139
    23 42 43 150 166 9 3 186 250 145 82 50 211 97 148 182 114 222 89 47
    95 186 163 121 164 205 195 36 78 47 125 25 172 204 7 192 54 24 128
    155 152 238 222 155 19 178 44 219 11 221 111 170 187 116 24 205 232
    113 100 255 130 164 243 96 243 61 201 101 84 109 162 209 50 233 255
    170 240 179 196 67 107 24 39 37 31 171 4 126 220 190 3 3 69 66 76 35
    174 165 130 8 107 96 57 83 32 209 28 219 248 187 147 123 35 107 248
    75 161 111 149 198 154 22 76 70 194 95 46 172 101 225 192 109 188
    107 133 215 159 240 145 17 203 128 224 47 191 67 146 27 0 218 87 134
    74 9 121 249 171 89 206 8 251 167 188 207 220 181 163 153 30 97 79
    250 19 8 7 5 51 138 205 65 126 45 230 125 215 233 102 112 210 111
    114 126 140 27 100 147 224 98 162 90 24 246 161 58 192 165 74 20 114
    36 31 172 62 217 10 64 251 63 154 223 180 238 163 135 122 186 215
    168 212 219 24 157 87 93 226 220 64 69 176 3 22 112 156 48 193 143
    114 78 109 214 179 229 15 239 215 45 111 59 82 135 205 200 247 106
    44 74 1 134 155 112 74 4 18 197 139 84 197 213 66 78 182 222 190 172
    236 52 67 250 197 2 175 17 83 93 18 216 214 169 97 251 224 174 175
    131 145 79 98 18 66 251 253 72 247 32 40 233 203 236 225 75 241 91
    115 37 196 113 244 116 154 68 24 29 161 255 201 8 250 245 148 114
    132 38 253 213 110 58 97 11 178 11 249 203 227 76 23 163 101 142 77
    251 66 147 26 80 213 161 235 136 130 69 226 241 207 40 124 131 175
    188 33 164 203 225 218 235 132 165 252 179 1 244 18 60 49 60 226 95
    51 137 109 190 18 253 221 84 62 28 161 153 12 37 197 163 233 51 245
    245 221 170 205 139 107 148 1 18 104 8 92 6 51 137 230 185 62 208
    199 155 252 120 221 94 5 82 132 215 154 45 28 250 105 226 159 228
    249 172 45 37 220 139 167 196 201 254 210 40 167 175 239 90 17 244
    249 103 254 209 131 153 25 81 177 27 61 140 78 105 76 179 42 51 229
    143 211 168 241 54 226 219 48 25 27 179 214 34 214 1 185 183 46 114
    98 158 46 247 122 157 233 7 77 178 190 135 30 4 6 141 88 28 216 108
    119 226 207 149 102 44 136 171 125 169 221 170 196 89 77 217 128 88
    169 3 17 178 15 60 126 125 53 184 133 180 222 13 50 234 222 161 1
    170 7 167 101 14 66 232 36 103 249 162 118 115 182 243 244 26 219
    107 146 129 92 224 118 124 61 69 178 169 35 70 114 44 247 253 193
    188 233 37 173 87 229 64 206 37 52 138 135 98 72 173 50 203 43 80 65
    77 161 42 46 110 234 83 211 232 108 198 34 147 151 227 113 136 154
    103 77 56 79 183 76 85 72 163 236 218 69 169 210 81 206 190 246 253
    134 116 119 43 13 74 250 87 155 103 195 53 108 61 40 167 121 198 9 9
    205 234 1 212 46 40 23 111 192 181 89 140 26 74 196 82 118 155 210
    24 185 90 165 76 67 66 36 148 217 169 218 79 231 91 72 66 69 134 166
    69 45 112 175 65 194 89 217 223 213 191 163 18 93 217 17 116 251 179
    183 23 172 32 26 219 117 160 251 106 106 19 36 38 230 0 191 79 109
    95 101 40 252 168 4 41 221 66 184 68 90 191 55 165 56 204 246 140 50
    140 156 20 16 205 84 209 240 244 137 3 226 92 42 15 111 140 159 200
    155 52 144 175 250 59 171 124 35 49 167 179 215 52 10 37 166 168 244
    91 132 215 139 169 81 63 118 246 243 63 115 12 72 12 8 34 242 13 219
    66 127 90 129 82 62 105 34 205 215 211 78 152 46 140 213 159 87 87
    145 118 150 129 219 55 28 58 148 184 66 147 81 43 194 146 93 29 18
    130 40 141 67 246 201 188 51 185 126 133 76 90 49 235 54 188 0 160
    184 71 44 14 154 73 231 46 224 213 35 161 29 167 183 246 123 91 50
    125 87 36 220 247 217 216 119 131 191 5 76 1 228 189 174 100 175 142
    160 30 191 117 38 80 12 150 189 32 2 155 27 115 194 152 67 97 17 60
    20 232 233 124 133 130 14 13 233 14 231 142 42 250 202 95 59 60 149
    7 170 133 136 89 166 105 54 231 52 191 167 57 56 138 128 109 1 214
    41 120 239 97 211 235 111 136 120 11 119 108 120 15 236 220 14 49
    234 98 24 183 203 230 92 204 150 122 99 14 94 101 97 73 122 62 23
    152 82 36 64 197 73 78 55 118 34 68 173 188 131 168 30 135 193 207
    144 57 155 232 133 219 57 145 38 250 113 203 145 121 94 242 192 156
    171 40 73 232 153 114 172 159 62 8 245 57 167 228 218 183 59 61 70
    26 207 200 58 28 219 113 95 226 121 19 7 9 23 17 26 245 255 166 10
    45 193 19 110 239 93 225 28 236 124 176 88 218 158 73 49 71 113 245
    2 217 103 169 224 194 122 12 19 201 142 143 145 55 29 195 33 29 134
    155 203 131 212 208 82 21 10 5 248 31 83 146 198 43 135 255 196 9
    212 100 47 101 21 47 125 129 78 237 98 200 143 196 101 137 88 110
    127 98 14 243 138 13 233 190 97 3 255 133 30 175 68 96 11 170 185
    252 56 69 18 138 97 204 85 179 194 97 38 249 16 93 243 63 42 178 9
    245 109 203 160 24 10 42 100 186 143 96 131 36 18 66 105 59 180 218
    127 220 236 212 122 122 219 9 10 37 112 101 222 95 185 43 101 90 80
    111 90 255 89 173 236 46 91 6 206 52 227 86 103 162 39 215 180 203
    244 206 89 60 70 18 32 42 172 186 17 150 156 78 15 113 90 187 233 95
    45 242 93 219 225 9 104 116 98 185 250 2 10 192 123 19 214 254 114
    147 99 107 153 84 21 100 222 134 86 154 152 144 56 31 152 119 50 131
    3 251 230 112 38 87 14 233 44 209 24 86 214 200 175 241 105 246 175
    123 108 93 95 39 22 129 95 128 16 175 62 45 216 84 146 19 246 197
    142 167 98 120 166 220 143 102 168 49 138 53 102 171 102 228 207 69
    80 210 193 202 142 213 73 101 109 57 8 101 127 0 147 60 180 29 41
    192 31 45 33 82 114 41 183 230 26 46 225 202 127 107 192 105 135 176
    19 204 173 177 206 53 145 114 65 32 121 27 185 111 76 65 233 12 92
    237 103 211 63 3 3 9 196 131 225 37 8 24 189 6 29 225 97 50 142 220
    140 86 52 211 152 226 215 63 95 161 70 203 13 253 115 61 220 170 181
    228 14 85 231 151 65 91 40 193 162 106 42 39 100 188 17 216 204 209
    34 175 109 196 56 97 211 235 213 88 29 224 193 1 154 51 134 160 132
    210 204 15 70 6 143 29 49 166 143 225 159 80 154 215 210 165 16 211
    177 144 135 190 78 125 123 190 74 144 60 81 93 12 23 131 191 59 88
    122 211 251 172 33 43 52 181 13 60 149 125 59 199 247 172 202 67 6
    61 202 160 230 212 182 147 19 254 254 73 33 247 33 254 205 194 197
    32 23 183 241 64 246 189 175 121 150 203 215 5 54 87 19 142 179 201
    111 211 51 4 49 18 179 136 31 232 41 141 201 96 151 100 165 15 178
    138 96 249 39 90 98 180 30 224 32 254 127 76 66 138 123 223 219 219
    183 193 90 75 208 198 177 211 70 200 22 187 251 135 217 4 207 197 70
    164 58 182 231 3 221 200 24 106 179 191 209 68 185 253 66 201 45 176
    255 175 230 3 92 119 171 95 95 175 71 143 140 98 197 222 110 233 54
    116 134 8 131 160 216 31 22 75 10 117 252 46 188 118 101 61 8 139
    181 40 15 5 93 254 178 242 193 214 38 105 229 132 105 221 58 105 214
    102 162 149 12 219 209 170 242 146 246 236 98 235 168 219 137 162
    135 170 238 91 224 169 27 64 64 59 12 91 173 188 78 28 100 170 231
    236 3 157 0 194 216 96 54 66 192 241 219 110 81 196 137 33 96 131
    188 201 207 5 81 61 203 217 250 115 56 175 112 6 199 58 105 163 189
    2 15 89 112 153 158 171 45 230 116 162 211 135 19 113 216 95 192 106
    146 49 99 212 49 49 126 178 131 141 247 38 226 161 184 169 234 47 56
    244 15 64 228 99 80 52 52 100 0 213 210 218 74 180 198 224 198 21
    228 129 64 146 6 77 250 148 133 8 221 239 11 34 32 90 224 25 186 227
    129 20 204 146 1 92 122 136 235 7 245 208 56 132 207 10 0 239 165 64
    87 11 100 141 198 215 100 135 10 237 55 188 158 87 155 131 98 78 90
    141 218 8 148 43 92 34 237 217 117 30 115 246 133 30 101 207 96 43
    120 126 112 33 53 223 229 88 53 121 196 196 67 238 203 44 131 69 103
    230 115 6 152 30 98 209 40 218 83 237 89 227 134 237 68 75 59 130
    253 184 125 80 198 192 255 223 5 211 81 54 139 102 63 99 2 122 3 126
    106 136 13 155 241 227 144 6 226 154 121 112 216 111 161 127 235 141
    200 157 162 106 80 201 53 43 64 189 11 239 121 242 75 157 110 211 81
    79 189 81 144 238 7 49 173 163 68 128 201 30 25 157 237 47 188 161
    10 194 140 19 180 204 213 63 54 206 196 255 185 220 159 102 96 38 39
    86 159 230 130 86 90 193 248 28 157 150 135 109 222 192 69 251 81
    219 39 187 97 174 247 29 120 70 120 139 42 133 138 170 118 126 125
    55 174 253 56 199 168 130 245 5 106 156 166 213 112 106 220 250 142
    198 131 138 244 79 36 191 230 111 180 21 83 210 70 179 114 124 147
    163 253 241 201 42 5 172 90 8 224 225 201 186 240 90 118 252 34 48
    252 55 57 50 166 115 148 44 59 148 19 157 30 117 214 130 91 9 95 134
    104 181 153 244 127 164 13 230 39 2 152 179 61 88 116 251 91 195 213
    77 243 202 33 228 118 65 21 160 202 105 104 194 120 122 239 76 20
    122 196 189 31 140 105 26 62 201 245 20 92 160 75 142 36 35 239 120
    106 202 198 67 210 129 102 123 111 164 156 26 17 53 176 20 206 251
    100 148 210 82 20 117 102 4 103 208 131 75 92 81 91 2 35 38 230 214
    145 18 163 178 98 247 159 228 14 197 66 73 4 176 245 154 212 62 177
    136 53 209 168 78 112 56 24 180 5 137 156 22 129 87 249 169 12 140
    64 167 91 191 117 58 209 155 46 179 34 116 51 15 17 52 11 176 182 55
    127 140 105 0 4 96 188 166 101 166 223 221 210 84 160 148 70 31 230
    245 220 105 111 171 167 7 226 227 209 66 33 160 93 211 141 228 127
    23 114 125 11 4 110 179 205 255 54 174 106 70 132 76 226 40 108 209
    50 21 218 75 50 204 25 191 128 92 213 106 24 108 235 43 99 166 128 3
    131 185 82 232 81 103 155 163 29 6 63 67 195 130 157 55 17 57 235
    108 158 41 95 241 122 145 80 242 225 208 125 134 75 56 10 51 71 99
    11 247 145 223 205 117 55 2 191 163 248 246 22 137 48 35 57 226 208
    32 151 156 203 21 39 254 125 136 194 167 240 118 153 109 96 115 187
    8 36 112 216 163 175 14 38 155 31 126 29 139 211 50 1 127 128 153
    135 221 170 26 81 89 107 255 34 241 134 10 22 206 146 215 189 227 13
    67 142 148 43 242 135 198 30 176 153 36 9 86 3 5 243 201 27 132 153
    85 216 7 144 36 80 192 210 161 80 8 191 201 229 126 73 234 15 136
    239 104 62 83 219 161 198 65 198 21 248 175 220 33 159 59 209 77 23
    254 49 201 64 200 85 76 202 209 164 50 135 80 77 82 169 143 126 231
    122 62 230 94 164 139 169 47 79 108 2 7 135 212 163 147 129 151 155
    59 92 18 149 79 183 200 93 160 104 186 125 130 160 15 26 243 65 152
    249 233 35 134 93 5 207 128 7 46 32 3 64 243 175 41 56 51 185 139 67
    110 63 23 222 57 25 2 24 81 138 58 4 104 180 253 102 25 6 95 76 6 47
    24 215 18 31 170 109 108 220 171 248 156 85 224 117 32 188 102 126
    255 59 242 104 100 199 253 12 62 28 102 253 15 37 196 114 27 233 104
    242 160 250 45 255 171 81 41 88 131 11 187 36 131 247 124 215 130
    159 116 179 249 235 49 30 97 236 128 116 91 149 153 169 88 196 32 95
    137 122 84 153 109 16 166 228 18 153 89 94 241 109 217 78 65 167 207
    11 15 212 63 49 73 44 165 94 11 253 76 96 152 149 89 210 70 13 36 74
    20 117 191 182 50 151 146 165 48 247 182 126 122 57 28 170 71 12 59
    95 54 102 124 0 97 168 5 244 155 184 173 32 248 13 244 247 235 213
    167 224 178 14 143 235 103 160 237 109 153 2 22 86 96 176 29 38 253
    166 120 179 204 143 131 0 221 211 252 150 131 81 177 231 253 39 26
    41 31 140 108 136 74 250 233 249 31 84 111 11 242 209 218 45 197 119
    97 143 171 50 18 201 41 8 109 143 244 150 124 65 194 100 95 206 207
    222 239 238 2 68 153 61 101 247 122 65 97 115 16 18 12 91 161 173 71
    155 251 71 219 211 184 195 191 136 216 175 230 183 35 8 199 111 162
    221 221 240 111 203 162 28 212 113 235 148 128 58 40 93 211 190 26
    40 219 22 26 161 131 108 164 80 1 16 217 244 210 67 29 184 217 195
    123 144 156 129 131 158 45 16 194 157 1 174 159 98 128 62 193 253 4
    13 219 101 110 23 165 186 56 225 89 217 184 153 97 161 147 12 79 243
    28 217 158 47 220 33 255 195 111 19 97 245 191 95 175 46 28 103 212
    42 18 79 85 125 110 107 223 241 96 105 225 82 97 145 186 65 105 20
    192 198 71 106 249 8 181 229 11 126 225 207 138 110 2 222 105 154 99
    74 173 246 186 251 162 114 104 183 177 147 98 168 160 208 96 53 187
    54 31 129 227 117 42 241 133 153 82 63 38 71 48 244 8 44 40 197 150
    11 92 191 173 49 45 251 170 100 29 213 15 166 123 26 202 135 102 14
    112 195 232 106 185 214 50 215 50 228 56 136 187 200 116 187 18 0 78
    142 108 131 72 227 137 178 58 109 113 122 115 123 19 100 151 126 137
    177 0 254 135 235 39 20 179 248 44 238 200 153 135 97 243 227 242
    190 146 99 4 67 45 238 197 250 57 141 230 204 175 101 211 21 168 186
    87 239 137 116 30 11 92 200 16 132 73 169 143 31 44 205 27 171 71 4
    221 171 146 236 175 170 186 93 242 1 198 71 1 180 238 165 107 2 200
    84 127 205 252 137 83 228 207 19 234 21 167 73 40 166 204 165 103 15
    132 137 126 189 61 164 139 28 13 130 188 88 6 116 137 18 241 112 195
    148 207 91 152 185 37 206 167 219 174 233 90 192 198 93 190 146 231
    238 244 247 124 106 26 137 124 201 44 215 139 92 34 244 226 8 255 17
    99 123 193 96 51 160 22 241 145 95 54 93 178 107 141 145 250 203 93
    171 53 176 54 231 13 173 127 137 30 4 82 205 110 126 131 85 231 196
    51 165 242 148 240 8 219 117 192 26 131 146 168 170 0 116 108 235
    112 23 150 84 133 149 200 129 144 158 105 153 11 85 188 217 97 225
    183 128 194 172 90 101 247 198 233 246 136 58 37 174 29 125 254 73
    95 73 85 217 43 118 214 214 211 173 104 227 156 87 145 92 58 119 120
    94 184 206 217 39 226 82 87 68 27 129 185 236 70 0 23 44 10 103 201
    100 96 23 238 8 32 26 179 142 241 65 162 76 1 157 134 250 127 174
    136 189 27 94 3 47 16 117 246 43 207 169 108 131 38 83 124 164 146
    192 206 70 124 38 251 43 172 71 223 180 210 129 106 215 142 94 112
    172 220 31 203 214 143 224 156 143 137 8 115 226 15 217 197 177 197
    201 243 66 112 191 107 16 189 137 186 44 181 234 252 239 182 242 143
    116 145 76 254 43 80 96 66 208 230 241 47 44 49 67 249 101 38 246
    160 140 94 8 183 131 37 110 227 148 141 137 79 55 200 22 97 237 9
    251 116 98 38 30 14 123 142 147 9 223 213 210 181 193 232 27 86 244
    254 233 23 50 173 72 222 198 180 79 240 101 19 77 90 168 136 102 220
    65 85 195 251 108 94 82 40 72 5 115 62 40 212 90 31 37 165 254 139
    116 131 82 140 87 88 92 165 86 198 64 185 163 104 191 8 30 190 178
    184 7 159 94 56 228 206 5 105 15 224 1 90 18 47 65 79 11 231 117 170
    187 12 132 17 23 61 102 175 129 138 67 197 60 197 8 139 117 46 172
    59 151 251 78 56 93 204 103 42 149 103 147 101 191 184 154 247 96 7
    254 98 151 155 129 219 219 18 99 164 25 86 234 92 57 182 2 72 64 46
    180 70 142 3 129 24 12 28 236 141 36 201 200 120 150 166 28 71 219
    238 148 159 127 98 10 9 190 192 127 62 229 77 13 96 72 214 154 37
    181 226 198 49 79 41 115 34 233 40 47 196 201 203 104 209 252 243
    155 81 17 91 135 117 250 106 211 31 196 21 31 246 161 86 186 252 61
    179 17 39 240 174 23 136 124 119 134 44 203 66 242 200 255 102 109
    204 6 21 184 110 6 190 8 70 189 124 171 28 183 197 92 126 72 184 235
    219 16 52 186 83 61 7 155 108 9 253 14 99 136 112 248 16 116 9 192
    142 64 27 41 155 36 50 82 52 243 30 236 161 137 195 186 219 21 116
    165 66 55 253 152 84 27 242 15 81 188 13 238 99 43 194 123 198 58
    146 104 110 156 45 97 173 51 192 227 30 43 77 231 164 223 236 105
    167 47 101 135 115 36 50 84 240 113 166 145 153 175 69 234 169 85
    133 21 127 55 26 23 22 199 155 207 2 103 228 190 152 28 146 219 201
    109 72 23 117 238 171 124 194 125 77 121 32 93 76 16 20 30 128 139
    24 236 92 213 146 40 29 38 213 228 168 254 139 254 119 16 50 94 71
    79 114 86 125 96 240 58 66 64 75 109 2 126 47 88 33 168 15 44 42 44
    68 116 106 11 206 160 174 68 75 230 197 100 65 45 217 14 83 146 179
    13 70 225 108 115 250 56 226 234 114 246 82 78 49 6 95 30 97 244 29
    57 236 161 255 9 110 192 17 240 239 44 224 50 255 209 191 45 88 149
    202 222 198 4 176 56 117 44 126 29 114 137 226 113 251 252 167 109
    195 154 153 23 117 88 44 187 109 89 158 169 70 243 24 44 245 248 194
    177 113 143 242 30 88 50 34 116 16 164 120 132 189 122 182 36 66 142
    144 205 151 242 128 4 208 206 89 205 156 140 10 42 253 170 79 58 246
    37 68 107 107 59 109 107 57 71 152 31 59 62 177 70 0 151 37 229 64
    27 106 234 174 247 163 195 255 203 82 116 241 221 151 137 106 225
    222 161 192 252 99 50 88 30 222 114 100 142 238 74 103 218 97 136
    169 4 75 251 5 26 147 53 100 216 184 45 11 229 118 153 60 151 67 43
    220 73 181 192 121 39 189 25 114 172 77 209 51 112 188 47 35 45 68
    140 231 170 5 10 203 200 45 244 195 81 29 90 222 106 137 207 245 189
    182 243 52 173 36 17 80 64 139 198 147 57 159 255 31 40 49 227 16 25
    242 193 124 10 102 186 188 234 160 46 186 224 20 166 78 36 182 58 36
    238 102 219 29 54 232 19 11 94 228 209 179 207 76 99 127 137 232 229
    125 123 205 38 65 92 125 85 192 104 50 163 203 243 160 248 242 68
    199 57 109 195 25 170 113 34 111 131 225 30 107 179 90 108 243 127
    52 60 139 170 103 245 151 46 151 135 144 103 14 112 108 195 136 114
    113 25 40 129 178 138 71 183 111 20 123 226 53 105 193 178 198 234
    231 222 104 94 235 168 207 196 115 114 209 147 96 216 151 22 91 20
    147 105 71 174 235 64 136 227 115 191 66 223 240 72 150 234 164 154
    163 147 206 34 9 219 60 18 174 198 12 0 5 133 214 119 212 132 25 56
    76 169 190 147 161 157 5 1 96 180 17 136 59 221 15 142 10 77 164 204
    146 107 110 183 240 127 73 141 185 50 73 159 234 181 2 196 234 242
    128 195 222 35 163 182 93 148 117 218 47 6 246 76 4 106 105 7 120 20
    187 79 51 41 241 198 180 78 56 225 65 145 217 17 198 31 17 103 230
    255 253 88 218 12 110 225 90 231 54 13 67 69 93 185 93 19 187 79 101
    249 110 5 151 197 243 165 233 246 92 174 181 254 97 223 153 45 244
    78 67 49 113 204 109 238 133 22 238 189 130 183 242 199 247 29 158
    125 130 84 113 119 158 218 233 179 35 1 99 199 78 172 98 241 166 44
    8 79 19 76 131 246 149 206 220 212 50 236 58 210 197 44 93 94 88 17
    76 96 63 86 215 13 61 68 166 111 72 74 81 153 7 118 227 224 141 7
    237 39 212 219 244 134 96 20 119 150 45 139 6 116 3 116 15 122 113
    194 183 163 211 124 139 61 43 7 104 23 190 70 25 204 5 208 204 78
    232 20 152 23 121 117 136 237 136 141 106 68 151 33 180 91 179 222
    135 12 87 33 104 151 108 172 133 183 183 221 76 126 20 94 190 50 89
    37 55 155 24 220 180 253 188 187 153 218 56 16 229 70 118 88 251 107
    31 140 208 196 137 176 172 66 143 163 149 75 230 125 241 218 127 138
    4 6 15 174 77 239 51 125 223 198 78 30 193 81 70 24 79 166 63 88 251
    45 200 156 184 95 242 87 166 163 204 144 226 41 106 54 190 33 96 249
    44 29 84 125 138 7 56 44 215 45 153 105 153 41 128 23 239 84 37 86
    68 184 232 82 115 253 158 200 88 89 236 105 181 55 252 136 196 92
    167 87 176 172 123 94 215 164 236 216 173 201 133 49 155 189 37 184
    131 55 247 202 83 252 238 203 97 179 40 168 240 135 150 49 57 48 148
    189 37 8 141 252 248 31 154 248 253 79 81 99 246 211 113 11 137 198
    67 81 33 215 60 1 189 241 126 203 61 199 39 161 136 188 242 146 118
    101 34 94 214 33 30 209 136 181 53 209 104 167 141 40 20 151 189 26
    130 231 19 18 112 154 58 106 138 26 27 99 133 122 75 249 234 3 42 76
    218 125 124 209 29 200 9 198 187 128 12 167 48 219 84 242 73 153 225
    90 211 108 12 39 107 230 159 220 196 21 141 246 147 45 27 66 239 89
    242 165 192 162 42 30 119 121 198 88 122 137 67 130 159 205 233 143
    104 51 25 42 121 91 3 86 4 52 27 140 223 32 146 254 255 144 41 27 65
    223 79 208 190 217 202 9 242 239 227 67 26 229 190 82 210 160 73 225
    34 233 252 153 102 93 222 251 165 58 59 54 23 225 214 64 69 126 176
    130 183 213 148 133 119 116 58 37 254 211 36 130 137 90 7 179 33 107
    55 84 17 102 82 187 170 25 138 22 68 243 205 255 57 42 182 118 137
    139 135 169 3 76 22 140 60 106 102 89 170 163 177 229 88 124 194 248
    144 217 19 166 47 48 147 37 189 104 255 103 210 18 110 216 193 31 27
    124 151 25 182 240 89 102 132 223 52 109 19 64 61 251 136 28 191 22
    168 64 153 132 9 68 100 49 0 111 6 171 177 178 18 172 49 2 61 11 50
    193 38 177 112 196 109 238 154 100 154 70 146 219 10 80 121 22 187
    16 19 2 101 14 7 208 165 154 181 63 155 49 59 104 53 149 107 145 4
    122 5 190 111 138 102 254 102 176 31 233 191 169 64 140 86 234 60 44
    250 199 43 204 226 116 119 121 81 238 120 106 201 110 155 128 172
    146 160 132 12 170 8 124 98 173 169 43 174 198 18 102 105 60 186 222
    174 109 117 177 81 35 206 189 248 102 186 246 15 159 48 8 170 174 91
    187 221 177 231 121 226 158 231 239 80 62 82 113 219 39 163 249 0
    251 145 61 87 172 216 146 77 10 58 116 24 113 153 171 42 180 87 144
    89 106 214 58 112 70 96 39 238 88 158 211 117 135 84 25 143 85 176
    40 106 205 186 118 41 234 70 69 128 93 140 236 24 1 82 203 146 223
    234 17 155 250 185 193 95 179 178 98 51 225 149 222 235 18 52 219 86
    237 6 219 78 64 200 200 104 158 71 128 81 29 90 51 224 156 47 6 50
    196 114 116 9 168 168 172 181 14 181 122 40 181 187 109 215 83 57
    172 138 110 251 57 89 221 137 10 223 254 28 163 37 92 203 96 151 98
    219 143 168 55 184 94 183 74 144 238 11 154 106 37 157 31 200 39 19
    124 246 245 1 234 220 4 13 54 226 27 115 90 167 123 79 13 219 81 187
    207 13 47 198 231 68 196 147 167 173 87 41 190 22 248 152 56 138 85
    187 115 68 233 61 235 101 139 150 217 42 186 194 193 232 58 239 50
    75 163 28 124 147 191 29 245 254 205 198 25 169 200 160 146 14 43
    119 26 59 41 240 212 148 108 130 152 52 219 254 75 81 200 105 108
    163 219 57 50 102 239 112 180 109 72 204 163 198 16 202 127 138 174
    241 177 206 147 209 137 115 160 152 10 147 228 244 217 214 65 105
    234 96 137 151 51 31 128 251 79 140 145 7 36 108 69 152 20 5 187 79
    137 227 217 163 36 201 136 173 215 109 224 171 13 234 110 121 164 36
    183 122 107 94 112 248 56 223 59 132 108 191 91 113 91 252 106 36
    110 255 22 124 47 45 16 77 243 241 0 99 15 45 34 121 130 253 116 241
    0 71 16 117 202 228 60 65 248 206 21 136 141 34 47 46 6 179 221 164
    44 105 39 56 125 183 233 144 49 151 77 129 63 38 21 72 12 10 130 237
    156 94 209 239 182 206 120 164 17 170 0 60 71 249 119 139 231 177
    190 50 254 9 87 209 211 234 250 140 84 236 137 135 15 179 41 179 232
    247 255 59 26 41 179 196 97 124 121 127 203 162 117 72 163 29 31 134
    14 24 14 191 205 180 91 231 177 76 56 80 36 146 196 31 152 8 216 102
    45 105 249 11 9 66 56 201 64 164 143 161 41 125 1 11 147 230 55 35
    158 5 51 47 236 49 51 39 122 84 39 107 228 199 61 133 224 156 187
    145 37 152 83 91 248 21 135 187 251 91 93 145 225 244 213 72 28 3
    100 94 39 65 161 135 170 226 159 212 233 100 66 30 74 149 36 55 178
    66 183 215 233 136 58 91 68 102 193 109 253 149 77 119 2 59 186 21
    161 199 70 199 176 217 167 85 199 121 75 21 27 135 19 24 215 27 78
    250 102 28 19 53 3 51 142 54 222 206 124 200 48 50 105 70 142 18 191
    10 76 251 220 180 31 248 239 7 2 138 87 227 146 153 250 169 228 141
    144 164 28 146 117 196 202 81 145 216 95 218 134 55 126 171 26 233
    35 208 54 229 62 56 74 41 57 7 46 22 244 114 168 209 111 238 150 20
    67 86 186 44 182 151 23 5 214 229 192 35 27 218 4 227 2 175 217 181
    99 133 209 38 85 103 121 246 30 126 67 127 129 42 205 26 16 113 155
    76 169 254 184 135 5 219 149 133 238 78 101 109 8 95 151 241 7 9 183
    134 13 133 163 246 106 229 172 183 177 110 186 29 197 190 194 169 79
    154 176 216 126 69 162 232 179 45 89 211 63 207 203 70 114 46 143
    106 197 222 66 171 38 250 146 158 1 167 231 13 228 142 166 203 20
    156 91 117 251 155 87 145 244 246 80 139 109 221 166 115 81 187 17
    169 122 237 54 119 0 127 244 42 178 176 68 239 197 58 121 254 86 68
    247 8 148 96 4 17 78 196 162 136 68 73 248 55 190 171 67 160 39 146
    23 248 141 7 115 41 224 21 177 126 105 45 178 248 226 76 55 254 225
    150 172 29 59 108 250 246 108 150 238 100 62 100 145 201 232 3 148
    54 239 160 217 216 169 157 122 249 244 8 162 128 245 67 195 53 227
    56 240 42 142 123 97 175 98 22 44 174 92 162 144 246 130 193 249 77
    89 255 173 31 146 166 15 225 37 95 173 100 187 233 234 22 24 84 54
    204 10 208 197 4 59 48 171 87 95 131 124 171 122 106 15 139 4 108 24
    111 230 33 143 196 157 111 8 155 61 103 188 159 144 46 162 47 205
    146 173 36 117 235 48 117 176 172 83 236 89 55 1 8 202 39 134 132
    232 212 25 145 228 207 242 77 167 62 178 135 212 141 224 185 86 204
    96 228 237 204 54 168 98 250 44 167 234 106 210 29 114 162 67 43 89
    168 111 95 58 58 82 184 192 128 140 224 115 147 68 125 171 241 191
    244 220 4 131 100 162 208 121 215 42 156 198 47 24 180 111 155 149
    140 62 5 233 207 52 236 182 30 228 141 230 58 161 134 197 94 69 116
    132 105 100 11 5 41 246 142 136 161 193 194 239 196 33 136 209 235
    38 28 236 116 40 43 35 130 44 214 73 127 135 172 187 89 43 254 180
    205 183 149 245 146 127 227 0 158 74 76 198 22 160 148 173 162 196
    107 183 36 74 113 211 96 162 210 226 65 146 175 19 110 16 94 124 206
    35 48 234 57 251 5 156 92 122 130 86 205 200 90 170 31 241 137 25
    252 136 117 91 66 194 88 245 150 158 133 255 206 239 96 236 106 190
    0 68 194 221 248 98 137 62 42 224 182 4 134 147 207 254 56 233 180
    92 195 242 33 49 240 26 24 12 234 234 16 28 217 3 210 46 18 104 79
    81 58 18 46 28 21 51 248 229 183 185 241 252 174 104 77 55 14 46 156
    96 103 229 251 70 115 3 150 201 45 53 84 105 1 184 104 31 7 59 162
    95 115 60 88 230 152 172 220 195 83 9 36 150 134 188 94 62 57 69 45
    217 77 247 11 123 58 17 167 181 99 41 200 152 242 185 86 39 234 149
    1 218 214 26 197 219 81 82 37 141 177 230 86 129 115 144 9 111 102
    83 245 122 59 118 156 110 10 138 150 139 57 56 252 190 0 163 251 148
    108 254 16 248 176 93 26 16 128 155 32 82 123 26 134 37 62 134 99 79
    152 108 114 212 48 24 219 210 108 245 188 56 37 207 86 28 167 128
    159 182 133 184 143 93 187 96 203 45 160 125 25 193 185 36 92 125
    231 123 148 132 198 121 32 89 153 255 166 82 107 174 114 68 221 111
    105 234 77 225 35 208 2 195 202 238 177 175 169 116 28 221 176 201
    48 188 111 65 161 48 137 87 105 155 61 168 214 64 59 177 41 161 50
    190 143 111 65 15 193 204 83 155 158 205 190 227 61 198 121 239 163
    144 71 48 7 243 16 248 174 123 47 4 95 246 14 119 213 101 76 29 188
    82 60 139 33 51 7 93 38 172 49 127 199 109 19 181 249 219 134 221
    232 138 52 216 13 164 174 137 166 222 30 179 167 42 172 15 28 129 3
    38 217 137 39 204 30 28 30 141 108 141 103 233 118 102 40 32 101 190
    147 74 151 152 112 222 141 242 226 88 24 40 17 93 38 182 70 185 141
    121 205 146 11 167 101 103 139 46 162 171 69 166 206 236 24 202 201
    147 123 0 148 176 107 169 140 247 97 24 147 21 77 6 25 162 44 221 72
    60 177 8 101 51 110 77 83 234 118 42 27 46 198 2 192 244 100 105 2
    124 136 102 204 131 251 163 91 165 108 30 146 232 153 172 102 84 98
    12 240 147 244 190 32 234 213 254 160 188 241 4 75 146 225 15 17 32
    163 135 10 72 91 205 18 75 106 64 103 43 192 79 212 114 26 35 121 97
    242 136 14 234 250 107 154 69 143 238 71 21 31 115 192 38 64 112 77
    97 96 42 195 132 49 228 253 116 91 205 246 225 91 35 230 103 166 156
    45 197 145 252 246 24 237 242 53 220 95 151 149 239 131 112 77 83 67
    75 26 180 230 126 102 242 10 248 83 212 83 222 184 105 87 179 133
    139 44 235 129 248 85 69 37 250 65 248 42 136 167 224 63 242 70 179
    131 191 206 239 156 66 57 9 71 152 238 237 246 40 160 218 228 200 92
    197 149 78 109 187 159 113 182 5 192 57 242 122 174 169 149 181 234
    3 130 193 153 151 67 45 161 244 144 42 76 129 199 15 24 104 198 95
    101 134 54 101 170 58 213 81 105 234 255 41 17 151 215 82 250 202
    192 105 55 249 225 35 36 245 73 205 83 75 88 245 87 132 19 115 4 25
    68 210 175 236 232 3 45 244 151 205 225 141 58 126 68 170 228 60 89
    237 234 15 65 73 234 84 113 134 233 249 226 240 67 242 56 234 196
    230 253 155 250 248 133 213 39 255 78 51 76 180 105 239 112 170 79
    107 172 166 191 89 244 197 84 171 225 249 240 231 179 81 143 92 25
    74 41 110 52 82 45 19 152 152 46 76 37 101 213 222 53 67 110 64 199
    5 109 226 241 243 241 115 112 104 170 116 24 126 10 25 47 45 54 194
    66 78 112 72 209 38 57 49 164 18 236 81 30 180 133 36 5 158 179 212
    183 172 197 163 184 47 207 110 131 17 164 16 52 126 223 187 207 25
    120 67 7 22 204 172 239 158 163 33 192 32 60 227 191 93 226 80 229 9
    116 169 195 67 38 20 81 109 2 207 5 167 215 120 199 16 252 216 101
    114 125 82 45 113 104 141 93 198 233 171 174 231 218 144 0 96 172
    138 90 174 83 64 150 240 80 126 62 102 126 255 70 168 57 144 187 90
    79 31 79 109 16 241 159 114 183 81 104 145 98 73 221 216 234 211 36
    152 150 214 69 216 19 189 41 39 123 240 37 109 101 23 186 107 121
    192 3 48 221 66 210 81 151 153 4 61 18 88 20 141 59 247 115 184 53
    29 119 149 121 166 219 33 41 178 172 4 7 252 144 168 44 2 98 121 195
    74 245 112 205 84 48 9 128 47 171 240 153 115 119 83 58 28 103 8 241
    234 39 167 98 88 223 72 235 104 29 138 245 98 56 133 225 76 178 58
    18 160 64 163 196 121 198 107 201 148 98 108 90 128 93 25 216 39 138
    85 154 242 142 235 180 12 64 178 92 233 34 32 160 224 25 252 87 109
    106 65 231 103 81 219 114 176 164 165 253 36 102 217 109 215 46 209
    85 89 199 183 120 136 25 100 99 92 132 80 21 106 84 90 11 109 145
    237 234 167 38 90 121 193 103 97 201 30 18 26 127 144 136 176 84 196
    191 101 42 41 70 126 100 209 169 68 231 21 171 60 58 179 149 246 14
    49 67 12 105 104 40 8 232 207 175 103 79 1 70 252 223 151 58 44 206
    115 136 191 180 230 178 122 229 59 60 218 239 150 218 221 156 181 89
    179 239 28 67 91 188 222 139 217 50 4 93 223 79 221 132 253 116 156
    208 31 180 116 10 193 62 35 176 204 187 71 246 147 251 110 222 154
    37 159 219 24 157 90 104 127 248 42 220 209 112 57 204 165 95 206 65
    226 193 177 136 187 48 90 251 193 68 241 92 47 238 63 198 198 56 77
    247 231 206 241 14 180 116 30 187 194 30 28 61 133 15 48 122 142 105
    222 64 174 217 240 139 226 80 80 252 29 136 188 73 222 207 207 85
    117 222 163 54 72 128 111 235 200 33 171 215 155 249 69 143 85 224
    138 14 199 229 7 94 230 17 62 28 231 147 33 174 144 59 190 18 137
    168 194 29 31 126 171 180 229 219 245 142 57 4 50 78 16 200 62 50 71
    209 149 69 121 228 250 32 65 21 105 5 96 47 77 44 75 29 53 66 245
    227 209 40 162 127 217 116 155 18 78 45 110 77 179 35 16 106 243 133
    146 222 20 26 45 33 182 206 153 95 79 93 232 133 44 222 78 242 25
    244 173 197 91 154 80 51 80 175 237 16 89 147 135 106 90 159 152 34
    214 190 9 46 173 161 100 249 214 14 172 54 59 147 246 148 44 201 26
    197 168 160 31 193 75 255 215 206 16 111 229 210 30 253 109 148 209
    248 18 124 221 216 84 114 88 9 226 53 163 230 247 127 228 91 61 188
    217 153 34 14 108 250 201 185 62 145 4 172 153 81 196 254 90 95 175
    210 112 203 236 170 106 81 202 156 159 227 56 188 135 50 107 254 153
    229 120 82 188 250 224 168 109 9 254 189 219 72 40 55 181 173 225
    137 231 118 5 246 46 190 191 73 130 109 237 83 9 144 33 67 86 229
    156 21 32 90 20 134 100 61 123 94 24 252 46 215 74 233 217 56 235
    134 155 103 205 83 54 68 17 223 114 72 155 206 20 224 114 59 28 19
    106 12 113 148 18 143 213 84 250 209 11 28 190 197 115 217 152 152
    242 24 30 189 194 106 90 46 81 45 243 179 197 41 232 221 14 243 51
    65 255 194 167 218 110 179 241 174 19 53 239 217 186 226 48 38 221
    122 178 52 21 20 232 141 39 219 25 199 253 154 247 6 148 61 241 3
    143 59 106 0 34 78 50 77 84 55 243 162 55 126 109 180 164 41 163 89
    109 203 204 103 110 91 106 63 236 52 61 16 128 17 110 49 157 127 80
    221 75 145 16 118 252 117 231 68 90 88 44 207 110 139 221 110 243 61
    139 170 250 118 180 148 6 114 246 181 111 107 102 217 215 235 80 194
    201 103 23 7 106 74 242 82 48 84 52 247 173 27 217 108 212 226 121
    141 162 30 52 69 204 243 240 222 62 10 1 198 37 0 115 144 58 89 169
    190 151 22 120 161 198 138 121 79 164 78 184 174 128 234 9 161 34
    120 0 127 62 82 1 65 13 23 69 213 167 77 217 143 93 90 109 90 253
    159 152 178 81 106 200 206 206 141 16 228 92 142 179 141 70 165 221
    254 167 142 53 177 199 250 128 124 181 131 213 232 235 234 140 228
    100 140 247 197 149 66 51 193 85 13 100 217 46 227 84 138 112 106 76
    134 221 244 217 3 130 79 211 76 107 122 186 60 237 227 116 143 60 62
    236 184 105 100 44 145 18 45 186 247 16 172 232 192 241 154 202 75
    254 106 53 164 52 114 119 192 90 250 220 207 1 244 59 26 94 117 132
    3 245 130 34 104 58 13 178 255 232 41 83 174 157 39 128 0 164 253 1
    21 132 154 2 227 124 54 182 218 254 207 214 102 41 6 108 42 191 168
    106 14 109 155 144 135 142 30 143 29 38 195 207 24 190 72 153 67 51
    187 239 249 85 68 220 51 92 170 80 80 16 117 246 147 149 202 183 179
    30 237 171 218 46 105 18 32 106 152 195 165 249 184 196 110 164 11
    61 197 221 224 168 120 61 57 53 51 118 77 59 56 248 229 247 178 19
    67 45 234 196 110 238 61 95 244 119 165 167 153 159 65 203 194 53
    129 114 249 5 174 96 231 12 108 50 10 92 207 19 253 158 12 126 189
    213 114 25 70 224 226 146 230 96 127 147 232 226 124 60 88 128 192
    206 99 1 119 149 143 4 10 228 10 198 72 0 127 197 5 113 213 101 33
    72 202 236 179 144 170 148 65 119 74 174 53 215 47 124 90 50 38 81
    209 221 137 253 188 149 74 149 62 227 241 155 151 18 91 47 230 15 33
    132 186 132 246 217 235 219 219 50 192 64 212 156 84 92 230 85 234
    138 116 33 130 89 40 147 70 244 159 113 78 35 164 199 2 162 113 244
    232 138 45 14 139 192 161 6 177 231 187 231 207 214 237 58 110 218 4
    141 185 17 224 236 148 218 225 4 188 125 121 152 144 158 94 6 81 84
    79 240 133 219 208 78 94 92 208 159 57 206 107 233 207 132 246 97
    179 120 72 66 56 2 142 24 152 92 118 236 136 12 166 35 159 75 26 86
    2 33 248 78 30 219 113 109 195 22 37 151 63 178 94 43 29 174 179 200
    228 125 139 110 113 217 221 224 119 178 194 249 226 149 246 25 66
    181 104 36 130 233 154 142 134 216 166 4 189 168 131 87 0 119 107
    248 184 220 20 225 5 101 89 94 59 210 13 208 171 253 217 184 59 241
    114 100 53 48 141 152 233 153 155 37 145 170 222 208 155 201 207 218
    228 61 197 118 0 16 239 217 114 28 179 89 25 192 98 8 81 229 71 89
    206 5 142 57 110 165 16 128 35 214 129 238 68 188 174 157 83 124 166
    215 161 69 234 103 33 169 209 147 153 12 124 214 154 94 182 58 186
    135 152 25 130 112 39 204 0 197 220 242 173 115 199 29 228 108 155
    70 147 4 43 166 203 19 24 237 59 24 176 186 33 203 174 104 83 131
    137 89 138 122 24 204 23 138 33 159 151 137 73 57 126 169 141 107
    121 197 163 249 100 95 214 78 23 221 243 70 145 185 34 17 79 34 155
    128 7 198 98 14 113 146 223 194 32 171 31 162 134 229 66 110 135 155
    144 22 191 99 240 70 114 111 217 101 175 225 111 50 182 89 122 177
    201 194 43 212 135 207 154 137 211 61 69 230 158 14 250 233 48 196
    153 95 24 103 148 221 210 240 70 7 82 63 115 66 198 181 57 54 37 197
    182 59 184 87 17 148 64 109 201 141 7 123 115 225 136 192 77 15 35
    207 149 166 240 188 104 97 90 145 194 239 2 17 107 239 134 74 192
    201 175 187 121 77 104 62 11 150 208 196 75 156 101 43 194 232 184
    218 200 75 15 111 107 151 56 123 83 156 203 9 135 137 82 119 156 64
    33 62 204 90 98 195 199 8 104 223 134 245 229 163 197 130 140 105
    140 165 121 27 145 220 147 225 154 86 102 216 88 8 34 98 61 20 15 30
    207 165 150 115 8 148 24 57 187 111 67 90 217 160 58 121 59 225 108
    141 116 109 110 172 59 161 84 73 57 201 98 20 158 11 208 3 78 77 69
    154 249 171 126 109 90 88 84 99 166 20 202 215 66 78 13 217 203 198
    71 163 253 230 29 137 76 211 23 122 37 144 79 32 61 64 90 207 26 45
    182 6 173 150 7 201 225 238 165 124 101 120 44 142 107 95 6 178 194
    99 89 24 117 44 114 174 161 155 14 88 241 35 138 4 216 142 254 62 2
    15 190 82 121 143 206 153 12 1 145 186 203 222 43 212 206 223 190
    113 194 112 114 179 94 128 30 98 126 169 250 245 190 48 126 176 119
    29 17 175 52 30 127 168 132 55 53 54 227 20 109 223 183 147 196 41
    170 136 127 33 71 219 43 27 131 221 119 228 216 134 238 204 233 124
    43 140 183 204 17 135 22 154 210 89 208 54 53 178 249 214 144 222
    221 93 225 128 163 141 80 57 159 205 2 164 107 191 85 87 132 46 192
    244 123 142 171 136 217 232 104 212 153 12 20 232 138 226 72 241 80
    26 119 237 222 80 126 57 88 48 29 245 27 134 62 58 230 165 163 138
    210 106 161 143 211 62 188 72 4 253 218 12 124 205 234 154 209 78
    158 152 241 185 82 162 197 156 113 35 252 163 243 91 99 178 81 109
    66 12 181 4 202 54 16 145 36 208 24 32 152 173 253 126 25 140 146 39
    180 85 51 101 32 185 209 107 15 101 203 65 64 157 69 9 233 56 21 59
    40 16 43 70 198 73 17 88 33 139 249 91 21 192 18 163 152 36 95 149
    184 192 104 128 215 214 191 196 141 207 1 131 246 49 211 59 206 70
    38 29 145 214 149 39 244 192 199 223 148 218 218 255 111 177 128 164
    237 56 17 92 118 71 136 123 157 231 70 198 176 94 196 185 104 139
    223 191 252 228 96 180 35 119 106 184 211 183 194 72 52 148 115 124
    46 140 46 174 245 11 8 86 54 111 35 107 245 82 27 229 121 215 85 174
    115 104 160 30 206 224 3 0 143 108 123 128 83 77 2 255 124 127 2 198
    249 77 51 42 115 201 114 165 251 125 156 254 54 39 10 64 43 15 192
    90 241 233 12 115 123 221 72 223 31 55 85 255 21 4 204 94 249 13 81
    234 144 243 197 131 194 189 148 6 58 212 183 233 62 113 232 168 172
    90 197 77 249 14 229 239 56 82 110 38 223 42 132 142 97 77 227 103
    251 219 223 130 229 148 83 94 198 164 28 253 9 85 9 175 242 56 233
    12 217 48 108 207 8 245 9 59 129 213 65 254 180 125 34 32 110 64 208
    221 254 108 72 189 102 38 149 32 160 249 83 238 194 46 201 86 69 54
    203 137 20 48 16 127 172 151 196 243 111 149 224 250 244 145 67 225
    159 190 104 44 98 43 97 9 116 15 193 185 25 235 40 33 82 223 203 229
    218 72 169 86 238 140 69 214 15 255 210 214 31 50 90 25 86 138 218
    12 236 80 200 119 252 81 169 187 223 94 125 144 103 112 113 55 175
    115 92 6 24 209 45 54 56 150 185 144 251 82 169 216 253 237 208 17
    195 208 142 249 122 96 147 83 178 23 23 34 5 58 234 216 5 3 224 77
    246 170 126 20 203 26 30 119 166 85 94 159 238 50 43 12 36 224 126
    225 21 138 75 244 106 66 47 239 2 65 131 147 149 81 179 92 43 124 68
    242 180 37 43 131 230 105 126 97 224 91 176 16 43 209 21 213 138 199
    129 244 211 14 212 86 20 113 11 97 236 20 76 191 31 50 63 9 54 4 252
    227 203 142 186 191 58 172 139 75 175 91 65 67 72 69 85 72 188 132
    15 219 109 103 88 159 105 119 179 73 179 93 140 253 89 253 60 238
    225 18 33 107 102 210 252 125 220 58 58 176 96 126 89 125 71 27 226
    69 184 65 104 35 75 17 137 99 243 113 213 240 123 218 185 198 228
    129 143 120 46 127 167 204 150 161 244 21 118 65 106 80 216 156 203
    188 28 129 190 68 47 222 86 248 99 109 139 195 143 51 238 82 133 205
    14 81 217 192 52 160 147 220 164 164 134 60 69 123 47 169 190 235 50
    97 250 146 249 52 71 209 93 79 18 134 112 221 59 188 162 229 139 1
    103 56 171 82 130 241 88 28 214 11 7 48 45 103 1 239 137 38 154 11
    29 6 104 44 228 168 208 154 155 137 162 88 233 201 213 236 178 101
    185 171 202 142 9 196 120 209 211 212 53 99 233 196 117 68 232 130
    75 197 73 223 13 34 148 244 44 28 174 168 200 45 178 103 54 145 116
    156 109 215 141 161 37 59 100 93 140 7 142 107 144 168 123 246 127
    126 192 214 11 225 181 236 109 178 22 111 155 237 64 132 120 183 74
    83 3 56 166 12 119 90 169 199 181 181 38 226 160 151 240 158 76 75
    182 107 142 194 17 118 6 200 83 84 194 146 152 45 152 204 58 40 76
    222 9 21 52 255 16 31 243 216 141 11 236 154 93 56 196 151 217 49
    148 92 21 136 163 252 101 236 244 74 194 68 212 158 220 137 79 111
    227 108 148 194 14 167 181 31 214 231 212 229 42 164 98 204 138 208
    139 22 198 173 67 187 227 98 111 38 80 148 12 135 52 39 206 72 13 68
    248 25 99 108 208 163 239 116 154 173 0 119 236 112 116 67 154 204
    177 135 41 13 97 218 15 54 142 136 180 0 235 253 58 55 43 221 3 30
    140 23 210 245 73 60 223 97 119 250 95 163 218 75 205 201 250 178
    109 191 215 132 182 229 214 0 11 65 214 123 44 47 11 92 93 20 152
    159 177 98 245 127 207 37 18 65 150 237 90 225 32 251 113 254 248 17
    249 171 116 7 115 172 196 4 176 20 231 29 46 148 246 35 70 215 64
    231 224 65 226 8 184 69 176 238 31 68 190 238 120 131 221 154 222
    249 137 56 118 140 211 180 127 200 114 247 12 168 159 28 174 171 33
    199 245 191 72 184 53 43 120 171 58 74 38 216 8 51 192 90 68 179 208
    255 128 246 54 9 254 165 10 63 208 60 13 135 240 188 90 25 203 116
    162 150 26 63 14 52 106 50 110 212 234 166 93 52 72 93 202 212 209
    45 122 121 167 87 69 139 249 113 128 17 150 103 108 38 167 209 45 75
    106 77 57 45 154 4 42 243 155 113 44 61 237 74 157 156 235 199 195
    53 16 216 169 66 71 154 67 41 172 134 107 193 198 123 159 15 125 118
    98 74 21 86 148 75 157 73 98 32 69 1 60 197 185 247 55 48 135 47 198
    116 175 56 26 221 211 203 63 179 37 181 165 19 243 145 115 243 91 17
    207 153 145 27 70 111 241 212 59 75 108 252 229 94 86 55 34 173 52
    183 236 72 10 72 200 129 86 14 220 54 165 249 39 147 182 82 232 177
    184 198 140 4 81 8 38 114 20 39 12 179 91 94 51 30 172 251 131 25
    116 150 24 182 176 233 110 30 32 25 153 199 180 86 21 77 68 187 54
    187 185 94 10 187 137 158 27 142 7 136 122 172 161 246 234 234 242
    77 110 91 21 107 207 188 217 204 87 161 77 155 36 154 123 217 228
    153 229 176 201 197 124 69 224 174 93 7 242 136 203 208 196 131 155
    8 48 209 188 145 32 133 110 185 191 147 255 75 93 157 240 229 15 133
    214 35 52 7 129 129 151 20 96 61 187 66 117 100 164 50 236 20 198
    222 149 224 3 69 5 114 178 166 106 59 56 175 0 117 232 135 47 110 61
    169 247 82 94 135 251 44 171 26 195 183 30 250 162 4 29 225 171 132
    86 10 103 41 16 5 215 210 3 117 113 74 129 60 224 72 30 152 23 180
    41 209 204 238 113 121 157 104 212 252 125 62 40 81 80 39 172 41 247
    141 80 175 56 40 62 96 93 172 196 155 32 190 141 4 228 229 252 94
    188 151 78 250 8 37 32 255 123 167 69 53 75 107 40 91 238 220 47 116
    115 101 70 83 63 146 243 73 72 228 83 107 10 8 253 215 180 6 136 92
    166 121 166 15 65 162 32 23 105 159 49 123 67 44 218 9 235 54 151 5
    144 209 135 231 51 191 52 169 0 24 18 88 171 238 17 252 116 201 123
    129 172 131 185 213 111 163 14 156 59 242 87 81 156 25 246 139 222
    170 201 95 49 151 79 95 33 240 133 138 55 216 163 161 83 196 224 176
    142 131 223 41 123 151 18 174 116 97 46 149 50 199 216 199 125 252
    119 169 132 176 226 1 217 35 240 177 254 99 121 221 149 211 119 240
    62 82 240 251 233 207 162 253 98 107 105 181 111 158 183 45 126 40
    173 0 72 130 195 48 234 216 100 83 84 112 178 130 127 55 243 113 65
    129 244 176 61 4 8 173 58 111 143 170 73 98 174 88 227 64 46 116 78
    54 194 162 60 220 113 212 182 63 54 69 172 198 142 122 145 247 217
    199 173 103 200 244 139 151 75 237 226 108 34 97 11 163 45 189 246 5
    188 47 250 106 163 18 72 211 144 158 223 5 40 4 96 7 122 183 229 54
    70 48 26 89 63 22 39 130 36 170 9 11 238 168 62 104 197 187 12 123
    24 8 174 45 148 102 40 203 31 37 247 89 31 225 164 6 205 122 94 203
    61 114 18 82 70 239 30 81 178 155 141 35 191 248 53 54 229 144 200
    94 44 237 202 248 28 12 99 139 11 125 179 203 118 154 61 83 185 251
    181 43 58 170 179 144 209 50 130 96 68 176 125 164 67 53 101 166 241
    122 140 70 75 63 178 111 229 8 79 203 86 61 50 246 20 143 255 56 208
    243 249 146 173 165 130 30 83 232 69 163 178 74 150 27 99 231 227
    162 227 191 127 115 32 101 4 169 67 174 39 160 13 211 83 8 13 94 101
    225 208 247 154 198 97 32 165 6 213 19 111 206 229 193 222 68 91 218
    56 45 219 145 215 231 146 169 146 164 190 82 14 49 117 137 231 128
    59 163 144 238 80 105 75 17 37 61 179 40 184 8 134 220 70 54 91 255
    122 163 159 64 149 39 26 165 122 209 169 228 107 148 196 247 93 78
    37 191 165 207 233 53 126 99 101 49 122 119 185 227 53 76 95 101 142
    135 16 198 11 161 80 111 113 153 51 145 85 93 27 71 215 116 226 56
    15 211 228 25 131 130 105 48 233 215 240 208 58 189 48 86 136 223
    247 194 247 225 44 143 159 191 252 147 141 231 241 64 152 16 51 57
    233 218 203 143 223 73 109 66 148 54 40 157 240 175 131 191 241 141
    164 204 90 188 87 193 176 62 220 203 187 96 165 203 26 239 146 164
    53 7 21 13 136 222 61 98 136 229 160 83 31 210 200 24 133 197 211
    175 194 212 107 79 16 6 188 195 255 140 164 166 212 187 131 157 214
    253 140 83 173 74 20 42 175 23 68 199 115 173 176 162 72 141 130 134
    67 205 55 224 166 180 123 68 207 211 248 161 7 31 251 119 92 19 153
    212 222 80 116 216 88 241 155 52 37 188 250 210 250 192 172 140 91
    91 125 199 112 242 8 113 231 157 29 203 209 39 174 116 0 93 153 241
    146 60 26 19 2 56 169 38 155 27 73 190 233 133 42 205 115 70 79 218
    14 56 152 180 195 116 196 26 64 38 241 87 81 48 235 52 150 153 21
    182 4 243 119 198 179 12 56 130 183 15 156 11 160 236 123 114 95 45
    251 171 186 232 192 123 145 238 20 140 120 234 195 54 37 135 178 98
    253 240 114 52 236 163 167 69 65 1 225 182 138 213 208 178 186 246 9
    173 180 38 250 49 114 158 213 62 216 251 34 175 207 222 216 213 108
    2 105 63 43 231 252 29 103 22 89 194 206 33 146 115 220 104 240 164
    4 91 39 200 182 214 169 239 102 116 140 243 128 221 1 50 141 133 103
    27 229 238 225 192 102 246 35 165 162 179 213 137 196 100 210 203
    151 226 20 133 37 136 64 23 149 207 83 183 150 0 196 22 129 157 146
    214 166 141 117 229 40 228 75 232 124 19 141 48 107 192 210 64 143
    149 14 58 239 91 117 125 69 133 64 169 44 165 178 173 46 225 206 200
    248 167 235 123 110 154 235 81 244 139 41 89 207 89 59 173 98 226
    115 176 116 33 45 3 160 30 91 218 254 147 219 80 125 88 15 98 146
    136 253 240 35 241 188 224 75 60 240 1 250 10 23 83 12 81 140 13 235
    179 89 173 119 49 13 114 21 198 7 171 28 225 171 53 17 128 130 188
    205 95 218 4 30 30 212 133 153 135 5 192 32 23 21 188 66 46 217 235
    239 84 0 60 215 136 97 204 249 170 210 226 92 16 209 101 210 118 22
    214 228 151 61 29 94 224 219 6 74 6 216 175 2 145 187 171 92 64 106
    136 171 81 54 8 244 6 18 153 49 73 103 17 78 44 213 174 26 67 136
    204 8 122 53 12 251 129 150 182 232 248 192 134 168 116 242 149 80
    213 153 150 208 70 152 239 228 132 143 190 172 52 114 110 128 202
    242 201 220 100 101 8 165 57 240 63 91 93 108 117 64 99 187 221 8
    174 81 255 91 83 122 250 6 203 254 185 254 197 213 133 67 216 201 99
    207 150 201 150 222 47 231 222 182 88 101 134 156 0 53 110 248 206 5
    150 245 159 42 181 138 196 75 214 237 49 155 105 53 16 128 213 124
    159 184 152 168 27 112 139 149 183 131 239 37 236 5 88 94 112 235
    151 243 69 36 8 16 103 150 138 119 94 144 120 30 186 216 151 219 148
    188 16 240 14 19 242 118 58 208 16 108 81 134 204 154 212 157 168 18
    159 156 231 188 210 146 214 151 2 24 6 50 220 44 65 187 180 30 139
    223 248 79 48 44 39 39 158 47 251 90 196 154 19 159 204 180 19 26 68
    85 38 92 190 44 126 97 27 45 89 6 43 147 28 92 199 86 196 139 2 214
    133 223 136 241 3 159 11 7 200 197 231 184 113 18 151 77 150 187 37
    41 236 229 43 248 37 253 155 8 255 43 192 189 234 147 159 158 118
    107 6 183 138 178 170 253 225 224 39 61 229 247 224 20 70 4 80 229
    82 88 64 216 191 116 55 95 133 77 5 191 199 194 63 203 19 0 6 9 194
    113 8 222 158 131 208 231 89 102 60 252 250 207 162 126 93 197 232
    59 44 193 26 128 96 228 171 189 7 175 225 145 49 7 39 140 115 251
    211 91 73 206 186 97 35 98 21 228 252 136 43 155 106 254 221 152 151
    134 157 180 34 143 153 244 90 16 221 200 152 196 76 121 228 89 54
    209 45 22 159 165 39 185 189 213 59 112 55 177 13 235 90 242 111 203
    127 188 45 245 254 75 54 116 163 53 197 58 79 129 64 27 81 51 245
    149 217 144 200 225 139 62 171 208 117 102 7 71 8 207 13 252 222 239
    114 39 37 2 78 9 94 129 60 13 140 71 140 217 205 211 111 7 1 80 175
    19 159 175 62 64 121 14 149 19 36 254 126 110 175 24 23 235 8 6 170
    35 220 233 233 68 20 193 76 246 142 241 105 116 196 176 86 117 198
    40 222 236 180 50 245 116 215 116 45 36 28 52 73 120 119 219 251 23
    174 74 163 20 170 33 86 252 39 91 59 55 244 143 220 71 208 40 228 28
    169 126 145 45 119 124 69 11 201 28</data></test_img>
<my_img type_id="opencv-matrix">
  <rows>128</rows>
  <cols>256</cols>
  <dt>u</dt>
  <data>
    255 0 255 0 255 100 255 255 82 255 0 255 255 0 103 255 0 255 0 255
    255 244 176 0 255 227 255 0 255 0 255 0 30 255 181 225 255 0 255 0
    255 255 0 0 255 0 255 0 50 255 0 255 0 0 0 0 255 255 255 255 255 255
    252 2 86 244 0 255 0 0 255 174 24 54 0 0 146 0 255 0 255 0 5 255 0
    255 167 102 0 255 162 0 153 37 0 255 47 255 0 255 113 255 0 253 0 0
    255 140 255 255 255 0 0 0 0 0 146 255 159 255 104 0 255 0 0 255 255
    0 191 0 255 0 253 255 255 157 0 255 220 0 0 241 180 255 0 208 0 0 0
    255 255 255 255 255 0 0 255 255 0 101 255 255 255 0 0 0 255 131 0 0
    255 255 0 211 255 0 207 255 0 0 189 24 255 255 0 255 0 255 0 255 255
    161 146 255 255 0 0 196 0 83 255 211 255 255 66 255 114 255 255 0
    255 255 0 255 0 0 255 255 197 255 255 0 255 255 0 255 222 55 255 0
    26 0 255 0 0 255 255 0 0 255 0 241 0 255 255 0 255 255 241 255 0 255
    0 255 255 98 0 206 255 0 0 137 58 255 255 255 70 0 255 0 255 0 120 0
    0 0 255 0 255 0 255 0 0 255 0 245 255 255 255 0 255 0 0 255 0 251 0
    0 255 0 0 255 0 0 112 30 189 0 255 8 255 255 0 255 213 0 43 255 193
    0 95 255 0 45 255 0 0 255 0 255 170 0 255 183 255 83 19 255 0 0 255
    0 255 0 176 0 255 174 255 0 222 0 0 255 28 0 255 0 0 159 0 255 0 227
    0 0 151 0 254 89 0 255 255 0 255 0 23 226 0 255 184 255 255 0 226
    143 255 197 0 255 0 255 0 255 0 255 0 255 0 255 255 0 0 255 126 228
    0 255 76 69 255 255 0 0 112 0 255 255 0 255 255 255 0 255 0 255 243
    255 255 0 255 255 0 255 255 142 0 55 206 0 255 0 255 0 136 78 0 0
    255 255 0 156 0 145 75 223 255 255 0 0 20 0 0 0 223 0 255 195 255 0
    0 255 134 251 0 152 49 216 0 0 255 0 255 33 0 255 0 255 255 0 255 0
    186 255 255 0 0 92 0 0 0 255 0 0 0 255 0 0 0 88 255 90 255 21 0 255
    255 250 0 43 0 255 7 255 255 190 39 0 255 113 255 0 0 255 133 255 0
    255 0 194 242 113 83 255 0 255 0 255 0 0 255 178 255 0 255 255 12 0
    255 84 255 255 0 165 208 68 0 255 100 71 229 0 255 39 0 255 0 255
    255 31 0 255 255 0 201 255 130 0 255 0 38 0 255 255 0 255 255 0 0 0
    0 210 76 255 0 255 255 0 255 0 107 0 255 67 44 93 255 0 255 255 255
    0 255 154 0 255 0 0 0 255 0 0 255 0 255 255 255 0 255 234 255 0 0
    185 255 0 255 188 255 126 255 193 255 255 255 0 255 255 255 234 0
    255 0 255 142 0 0 0 0 255 133 0 255 0 255 0 255 0 255 0 255 255 0 0
    0 255 248 255 0 0 0 104 255 0 255 0 242 255 255 0 255 0 128 255 217
    0 0 184 255 0 255 0 0 0 255 255 255 0 172 255 255 122 0 0 0 0 0 45
    252 255 255 41 0 22 0 255 129 255 0 0 255 0 0 255 0 255 0 255 0 0
    161 255 0 255 0 59 149 79 111 198 255 0 255 0 255 69 0 255 119 169
    255 255 0 243 0 255 255 0 255 0 255 0 255 0 0 189 0 255 0 0 255 0
    255 0 255 67 197 255 0 255 0 0 0 0 255 0 255 0 104 18 255 0 0 0 255
    29 255 0 255 255 0 255 0 0 255 255 0 255 255 0 127 0 0 255 255 0 164
    0 0 255 0 58 255 0 255 255 166 104 0 255 255 255 0 235 255 255 255 0
    255 0 255 5 0 255 0 0 0 185 0 255 255 255 0 255 255 0 0 30 255 255
    255 0 255 0 255 0 0 255 0 255 146 0 0 35 0 0 0 255 0 8 0 0 125 255
    255 0 0 255 255 0 0 255 0 0 255 0 255 0 255 255 36 116 255 5 255 255
    0 255 0 0 255 0 255 255 0 255 0 0 255 0 255 0 255 74 0 0 255 0 255
    255 0 255 227 174 175 255 0 255 0 255 0 9 0 255 109 255 255 255 59
    95 0 74 0 210 66 0 255 0 255 41 255 255 0 255 0 0 0 0 255 0 255 0
    255 255 0 255 255 84 255 255 255 255 0 0 255 0 255 0 205 255 255 0
    255 0 255 255 0 255 0 255 255 0 255 0 139 0 255 136 0 255 255 0 255
    255 0 255 28 254 0 8 0 255 0 0 63 0 255 255 0 195 255 0 113 255 255
    255 0 255 49 0 255 235 0 255 0 255 95 255 255 0 164 255 0 255 255 0
    0 215 255 255 0 255 255 0 0 131 0 255 0 34 95 32 255 0 0 255 244 19
    0 0 249 166 255 240 255 0 255 0 0 255 229 255 255 245 93 255 0 0 255
    255 34 32 255 0 255 243 0 150 255 128 151 0 255 50 255 0 255 0 255
    150 0 170 0 255 0 0 255 255 0 255 255 255 118 233 0 255 0 255 0 0
    166 0 231 255 0 110 255 255 255 0 0 255 0 255 0 53 145 0 255 0 64 0
    255 255 123 0 255 0 0 255 132 0 255 139 0 99 255 255 159 0 255 255
    18 255 0 255 0 255 0 174 99 182 0 0 58 255 0 255 0 0 255 255 0 255
    255 51 0 255 216 255 20 7 255 0 255 0 176 0 255 255 0 83 255 0 0 110
    0 255 0 255 0 0 255 0 255 229 0 63 255 0 184 255 0 0 0 86 0 255 0
    255 0 255 0 83 0 255 0 255 0 255 248 255 255 0 255 0 82 198 0 255 0
    0 79 255 67 183 171 0 0 89 111 255 255 0 255 0 255 255 0 255 0 0 255
    255 255 0 255 212 181 0 58 0 0 123 102 255 255 0 208 0 255 0 0 255 0
    175 255 255 0 255 0 0 255 0 0 255 0 0 0 75 255 49 255 0 0 255 0 255
    0 255 45 198 255 255 255 0 82 237 255 0 255 255 255 255 0 0 46 255
    67 214 255 244 0 255 255 0 0 255 0 0 189 255 0 255 0 255 221 0 255 0
    255 255 23 255 255 0 255 255 0 0 255 88 255 255 255 253 0 255 0 255
    255 0 255 0 36 255 255 75 0 0 255 255 0 34 49 255 0 255 255 157 0
    255 0 179 123 255 255 255 17 255 0 0 0 0 255 255 255 0 255 255 41 0
    0 0 255 0 255 0 255 0 255 87 98 255 25 0 255 0 0 191 0 255 0 0 254
    117 132 227 0 216 255 255 0 0 0 2 255 0 203 0 255 255 134 255 58 0
    255 92 154 111 255 0 255 0 0 255 118 0 255 255 0 255 27 113 102 255
    0 199 0 255 255 0 0 0 255 0 0 255 17 255 0 255 255 0 255 255 255 255
    126 0 235 0 234 255 0 255 255 0 0 255 0 255 0 0 255 0 0 255 0 3 10
    159 0 0 184 0 197 255 255 0 255 0 43 255 0 255 66 255 0 255 255 103
    0 255 255 255 255 0 0 0 255 186 255 0 205 0 120 255 255 0 255 0 0 0
    255 0 0 255 170 255 0 255 255 255 0 114 255 0 234 255 0 255 255 88 0
    93 255 0 255 0 0 255 255 95 0 255 0 0 178 0 255 0 255 0 190 255 0
    255 0 0 0 255 0 0 255 154 255 174 201 94 0 0 255 0 255 0 0 255 0 255
    0 0 41 250 255 0 134 0 255 255 255 255 0 0 0 202 255 255 255 0 255
    255 0 116 212 173 0 255 255 255 0 255 0 181 0 50 255 192 255 255 0
    255 179 0 0 255 0 18 255 146 0 255 255 16 255 0 255 255 0 255 241
    216 255 76 222 255 255 0 0 96 255 0 0 255 255 0 255 0 255 70 0 181 0
    0 163 255 255 0 255 0 255 255 0 255 0 0 255 0 255 63 37 0 255 0 255
    199 0 255 60 82 0 0 255 0 0 0 89 0 0 0 255 0 6 0 255 0 255 0 0 0 0
    255 255 0 0 255 255 0 255 255 0 255 0 255 255 255 126 165 255 0 0
    255 0 255 0 255 27 255 255 0 255 0 0 176 255 0 255 0 167 255 255 27
    255 0 255 0 255 0 255 255 0 255 255 0 194 0 0 255 255 0 0 133 255
    255 255 0 255 0 26 0 125 66 255 255 0 255 255 0 87 255 255 255 0 255
    0 255 255 140 0 255 255 0 36 255 26 255 0 255 37 0 255 0 106 0 255
    255 255 0 255 0 255 0 255 0 0 255 255 255 255 255 27 254 169 255 31
    255 62 255 156 0 0 255 0 200 255 0 171 255 255 255 0 49 0 255 255
    255 255 0 255 255 0 255 255 71 170 0 255 51 0 255 0 0 0 0 0 0 255 0
    255 0 255 255 0 0 255 0 255 0 255 0 0 255 0 0 255 119 194 255 0 255
    0 0 0 255 0 0 255 179 107 255 0 0 255 0 255 0 255 0 255 255 11 0 0
    255 0 255 255 255 0 0 255 36 255 0 25 255 0 227 255 62 0 255 0 0 0
    255 2 255 0 255 121 0 255 255 255 230 255 0 79 255 255 145 255 255 0
    213 8 0 0 255 0 0 255 0 0 255 255 255 255 255 0 255 0 0 209 0 255 0
    255 255 0 255 224 0 157 255 0 0 255 0 84 0 0 255 255 0 255 255 0 255
    0 255 0 220 0 139 255 255 255 255 0 0 164 115 255 0 255 0 24 185 222
    255 151 255 0 0 0 138 0 0 255 255 255 0 163 255 0 0 0 196 2 0 255
    255 0 0 255 0 255 30 0 155 255 255 0 255 51 255 230 0 255 0 0 255 0
    255 255 0 0 255 255 253 82 0 0 255 195 0 255 255 255 255 0 23 255
    255 0 255 255 0 255 255 0 140 128 255 0 255 255 0 0 255 255 0 255
    255 0 0 0 255 0 255 0 185 255 0 0 255 0 84 255 0 255 73 0 0 0 0 255
    255 53 0 89 255 234 255 178 120 237 0 255 0 0 0 255 0 255 0 255 0
    134 142 0 33 248 211 181 255 255 255 255 0 0 0 255 0 255 255 0 175
    136 0 0 255 0 255 255 0 255 0 255 0 255 0 0 255 60 255 46 255 0 255
    255 175 255 0 255 31 172 118 102 1 0 210 0 0 255 0 255 0 255 10 255
    255 255 255 0 255 0 245 255 255 0 0 0 255 0 149 0 255 0 255 237 227
    0 0 255 255 0 255 255 0 255 79 15 255 255 255 147 255 246 0 255 255
    230 255 0 0 0 172 0 0 255 255 0 0 255 255 0 46 219 255 0 255 119 0 0
    255 255 255 244 255 0 255 255 29 75 0 255 255 0 177 0 255 0 0 255
    255 0 122 255 107 0 255 255 0 255 0 137 0 0 255 0 0 255 0 255 58 0
    255 39 0 178 0 255 0 0 0 255 0 0 255 222 0 255 0 252 0 109 0 0 4 255
    0 116 0 255 0 0 255 0 255 173 255 0 255 0 0 50 0 255 0 0 255 0 255 0
    255 30 0 0 255 255 0 255 255 0 255 0 255 255 22 255 0 0 255 0 255 0
    255 76 0 0 255 122 0 255 255 178 255 0 226 155 103 255 130 0 255 0
    255 0 229 0 103 0 193 2 0 255 255 255 255 71 0 224 0 255 255 230 255
    0 255 0 255 255 0 0 255 0 255 14 0 0 225 0 0 91 255 0 11 0 255 187 0
    0 255 0 255 0 255 255 182 255 0 0 255 0 255 0 136 0 255 0 255 255
    255 0 0 255 0 255 147 0 255 0 0 255 166 0 255 0 0 0 9 255 255 0 255
    0 255 255 255 0 0 255 255 255 0 255 255 255 255 255 28 0 80 170 0 24
    0 180 255 0 255 0 0 255 0 255 1 0 255 255 0 0 0 255 0 255 0 0 0 255
    226 255 0 0 176 255 255 255 200 0 0 255 0 255 154 0 0 255 255 0 0 0
    0 50 255 0 255 0 255 0 0 255 233 255 255 0 255 0 0 255 255 0 255 0
    255 255 0 168 255 255 94 50 255 255 0 127 0 0 255 0 0 231 255 255 0
    255 255 0 0 255 255 255 0 74 255 0 0 132 255 0 255 255 135 255 0 0 0
    226 0 16 171 0 255 0 0 211 255 255 0 255 0 255 0 255 255 0 255 255 0
    255 0 255 0 255 0 252 0 255 195 51 0 255 124 0 255 0 255 181 0 1 255
    255 0 0 255 0 174 0 255 0 255 255 0 255 0 161 0 255 221 255 0 255 0
    255 255 255 0 255 0 246 0 244 255 0 255 0 255 255 0 100 0 255 255 0
    255 0 255 0 0 138 255 255 0 255 99 255 0 0 0 0 0 255 255 15 162 255
    0 255 255 0 32 105 0 255 255 0 196 255 0 238 255 0 0 255 0 255 0 143
    37 0 255 0 206 0 0 255 85 255 255 255 255 178 0 0 255 255 13 22 255
    0 255 28 255 0 0 17 255 0 255 204 0 0 0 0 255 255 0 0 255 255 0 0 0
    247 0 0 255 0 255 0 255 0 0 255 114 255 18 255 255 0 213 255 255 255
    0 111 252 255 30 0 255 206 157 47 0 0 255 0 255 255 165 255 0 80 0 0
    250 0 132 0 255 0 255 0 0 255 255 255 0 0 255 255 0 0 255 0 255 0 0
    255 0 255 255 255 0 255 28 165 185 255 0 0 168 255 0 0 228 255 191
    255 255 255 255 0 255 0 153 255 255 0 255 20 232 0 0 0 0 0 255 26
    209 0 255 0 0 140 255 255 0 0 116 26 255 0 255 0 0 255 255 255 204
    255 255 0 0 255 0 255 0 255 255 255 255 0 255 0 255 255 255 255 0 0
    0 255 213 31 255 86 0 255 0 255 255 0 255 184 0 255 0 171 255 255 0
    255 0 255 42 0 255 0 255 0 223 0 255 255 15 0 42 146 0 0 255 0 98 0
    255 0 0 255 255 255 0 255 255 78 0 255 255 0 0 79 255 255 255 255 0
    255 0 255 255 0 255 255 0 48 248 255 0 69 0 57 187 255 0 165 185 0 0
    221 255 0 255 47 0 0 255 255 147 0 255 119 0 255 0 29 255 255 83 0
    255 255 32 255 0 255 0 255 255 0 255 0 38 255 0 164 40 0 0 255 0 255
    0 0 255 0 255 0 255 0 248 0 255 232 0 255 0 0 201 255 85 147 255 255
    0 0 255 0 255 255 0 255 0 255 255 0 255 45 200 255 0 0 255 0 255 207
    255 255 0 0 255 195 0 255 0 255 255 255 255 255 161 255 0 255 255 0
    255 0 255 0 0 209 0 0 0 79 255 255 28 255 255 124 255 255 0 0 255
    164 30 0 255 0 0 255 255 227 183 0 0 241 0 0 255 0 0 0 0 0 255 255
    255 0 255 0 255 0 255 66 255 255 0 0 85 0 0 0 0 255 0 0 41 0 255 154
    0 255 255 0 0 255 0 120 255 0 255 173 255 59 100 0 255 235 255 124
    255 0 255 255 255 255 0 0 255 0 0 0 255 0 0 255 0 0 255 255 0 0 255
    0 255 255 0 0 255 0 255 255 0 255 0 80 0 255 0 255 0 255 255 0 220
    130 0 96 255 0 255 0 87 123 0 0 255 146 0 0 255 175 255 0 0 255 0
    255 255 0 255 255 185 50 255 0 163 0 0 255 255 0 255 0 255 255 255 0
    255 134 255 31 170 0 255 0 255 0 0 255 255 218 53 4 255 255 255 0
    212 255 0 255 0 111 0 0 0 0 255 255 255 196 0 255 0 255 158 167 183
    38 0 0 255 0 0 0 255 255 0 106 0 0 0 255 0 255 4 141 0 0 0 255 255
    255 0 0 255 255 0 77 255 0 255 23 0 255 0 255 0 255 0 255 255 0 255
    166 234 207 0 255 0 0 0 255 0 255 0 255 0 255 255 255 255 0 0 8 255
    0 255 0 255 255 0 255 255 0 255 255 255 0 0 0 0 255 255 0 0 0 255 0
    0 222 255 255 0 0 255 255 255 0 0 235 0 255 203 255 139 30 0 0 255
    255 255 59 0 151 0 255 255 191 10 255 255 255 0 0 255 0 0 0 255 0
    255 255 202 0 255 231 0 255 131 112 255 255 255 0 206 255 0 255 0
    255 211 255 146 0 255 215 62 0 0 255 255 221 255 255 0 161 255 0 255
    0 255 255 30 27 188 255 0 255 197 255 255 0 255 255 0 255 0 255 255
    255 0 0 19 0 255 0 0 0 255 255 255 255 0 0 161 0 124 0 0 255 0 255
    255 0 0 51 196 0 46 255 0 255 0 255 0 255 40 122 255 243 0 255 0 78
    0 145 255 52 255 173 129 0 255 0 197 0 255 0 235 0 255 0 0 255 255
    255 0 255 255 0 149 255 92 0 236 255 255 0 0 0 255 0 93 255 22 255 0
    0 202 255 0 255 0 255 0 255 0 230 84 0 202 0 255 255 0 255 171 160
    255 0 255 255 255 255 255 148 0 0 255 0 0 255 0 226 0 0 0 255 255
    162 0 0 255 255 0 0 255 28 0 109 9 133 0 251 255 0 0 0 0 178 255 0 0
    255 0 255 0 255 255 255 99 0 255 0 0 255 189 255 0 0 0 188 255 255
    255 0 255 190 255 0 131 255 0 63 255 0 0 0 226 255 6 255 0 254 0 237
    129 255 0 255 104 0 0 0 0 255 0 255 0 0 255 0 255 255 152 0 0 255 13
    255 0 255 255 255 0 255 221 112 0 0 0 255 0 255 0 0 255 0 0 255 255
    0 0 0 156 255 255 255 84 255 0 255 0 255 0 0 253 0 0 255 0 255 255
    255 0 212 0 255 0 151 0 255 255 26 14 92 255 0 135 177 0 255 0 56
    185 93 255 255 255 255 255 0 255 0 255 0 0 255 218 0 255 255 255 0
    255 0 255 0 0 255 255 0 255 255 0 0 120 255 0 148 223 0 0 255 0 255
    92 255 0 255 0 0 0 0 255 255 0 255 0 255 0 0 255 255 0 0 108 0 255
    255 0 0 0 251 225 255 0 255 255 0 0 255 0 242 0 255 0 144 0 255 0
    147 0 255 0 255 255 0 0 121 255 0 35 0 255 0 255 0 0 0 255 255 0 0
    139 255 49 71 0 255 0 255 86 209 255 136 255 255 16 255 255 0 0 0 0
    254 60 255 107 148 255 0 0 102 255 0 0 0 255 166 52 221 255 0 57 255
    0 214 238 240 0 255 0 255 255 255 255 0 255 255 0 255 255 0 255 255
    46 20 255 255 255 255 255 0 255 255 255 0 136 255 0 255 0 0 0 239
    255 0 0 0 0 0 0 249 255 255 255 0 221 0 255 0 255 0 255 255 26 255 0
    255 64 0 0 181 152 0 255 240 255 0 0 32 255 0 0 255 255 206 255 255
    117 255 0 0 0 0 255 0 51 255 255 255 0 255 0 0 0 255 0 255 0 255 0 0
    139 0 255 255 158 255 0 255 0 0 255 255 0 255 0 187 0 255 0 255 235
    0 0 255 255 0 0 121 0 255 0 0 255 255 255 0 0 225 255 0 255 255 255
    255 255 0 255 0 85 0 255 0 255 0 255 0 187 255 255 40 0 255 0 0 255
    0 255 0 0 0 9 81 189 0 255 0 255 44 0 142 255 255 255 0 219 100 0 0
    255 0 255 0 255 255 181 0 255 84 79 0 255 0 239 0 0 255 230 255 255
    255 0 0 0 120 255 255 69 104 0 0 0 0 0 255 255 255 0 104 81 228 255
    255 0 37 255 0 255 51 255 255 0 30 0 255 0 255 0 178 255 131 201 0
    255 0 255 255 0 0 3 255 255 0 255 0 18 224 0 0 255 0 255 0 255 0 255
    0 156 0 249 0 0 30 236 150 166 130 3 255 255 0 222 0 255 255 63 210
    151 0 255 0 255 255 0 255 0 255 0 0 255 0 255 0 255 255 45 255 0 0 0
    0 255 255 130 255 0 105 153 0 179 0 255 0 255 0 0 255 255 255 0 0
    251 142 0 0 0 255 255 0 255 116 0 255 0 0 255 145 0 32 0 255 0 255
    151 0 11 255 0 255 0 0 255 255 255 0 255 0 255 255 255 0 10 201 255
    61 255 255 22 255 0 0 255 44 255 0 0 255 255 255 0 255 0 255 44 255
    255 255 0 255 0 255 135 68 0 255 0 218 0 0 238 255 0 255 0 165 255
    255 0 0 255 255 255 0 0 203 255 255 0 59 0 255 122 255 0 255 147 255
    219 0 255 0 255 0 91 255 0 255 0 255 0 255 242 33 0 0 56 255 0 255
    223 47 0 0 0 255 0 255 255 0 0 0 232 0 255 232 255 255 0 182 255 0 0
    41 207 255 255 0 84 0 255 0 78 0 72 0 255 255 0 0 255 71 0 89 255
    110 0 255 255 255 0 0 117 255 102 255 0 0 0 0 55 0 125 255 0 135 255
    255 0 255 0 0 255 255 255 0 0 0 255 255 0 0 255 185 190 248 0 0 255
    255 0 0 255 178 255 255 224 0 255 0 255 255 255 0 255 0 255 255 16 0
    255 0 255 255 0 0 255 0 0 255 255 47 255 0 115 255 255 255 0 0 255 2
    0 0 255 255 255 255 0 0 255 0 255 0 139 0 255 0 0 255 0 0 255 0 18 0
    255 0 210 0 249 255 0 255 0 0 255 0 134 138 255 255 0 0 255 0 255
    255 0 0 0 0 0 0 255 0 0 0 255 0 255 0 0 255 255 0 255 0 255 0 255
    255 255 0 255 255 0 255 0 255 0 0 255 0 255 0 0 0 162 199 255 25 0 0
    255 197 255 255 18 0 255 0 255 96 0 76 255 0 255 0 0 255 255 0 255 0
    102 255 192 255 255 255 225 0 33 255 0 255 0 255 0 255 28 42 65 255
    0 0 255 0 255 204 55 0 0 255 255 255 0 0 255 238 158 46 0 255 0 255
    102 152 255 255 0 0 87 255 0 255 254 255 0 77 255 255 0 0 87 196 0
    175 0 255 0 255 0 255 0 255 0 255 0 255 0 0 255 0 66 81 255 193 0
    255 255 228 255 60 255 199 226 255 255 0 248 255 0 0 255 255 233 0
    255 0 255 0 225 255 255 57 255 0 255 0 0 0 255 255 0 255 0 255 0 180
    0 255 21 0 0 255 20 217 0 0 217 0 0 255 0 0 83 97 255 255 0 0 0 255
    255 255 255 0 174 255 0 0 255 0 255 0 255 255 0 255 0 255 0 255 255
    253 255 46 0 0 0 255 0 0 6 255 58 249 70 255 0 255 255 0 21 236 255
    0 18 255 239 255 0 202 255 244 0 0 248 255 255 255 40 0 255 255 89
    255 255 0 255 0 255 255 0 0 255 217 0 255 0 255 0 255 0 255 1 175 0
    255 37 5 255 255 0 255 0 1 255 0 255 0 0 0 6 0 115 255 255 0 221 255
    0 0 255 0 174 217 155 0 255 255 255 180 0 0 255 0 255 0 255 255 0
    247 0 255 0 216 255 134 0 0 255 0 0 255 0 255 0 255 0 255 0 255 235
    126 168 0 255 0 255 57 0 251 90 255 255 0 255 255 0 255 0 0 255 255
    255 255 6 255 255 255 255 0 255 0 255 0 255 86 71 117 255 0 186 0
    255 255 0 0 0 0 0 34 0 255 154 40 255 255 70 0 0 255 0 255 0 255 243
    216 0 182 51 255 0 0 255 77 0 157 0 0 255 255 0 0 255 0 255 255 190
    0 0 255 181 16 0 229 0 255 0 0 255 0 255 0 255 255 255 0 51 0 255 0
    255 0 255 60 0 255 0 16 255 0 55 0 129 255 0 0 106 0 0 0 255 255 162
    0 255 255 0 0 120 255 0 255 230 0 255 0 255 231 80 255 255 255 255 0
    255 106 208 0 255 255 79 103 0 192 0 255 0 141 0 0 255 255 0 0 80 0
    178 255 0 255 24 0 255 255 0 0 255 0 0 255 255 179 22 0 251 7 0 227
    85 61 0 255 0 255 0 255 0 0 255 0 199 157 53 0 255 0 0 255 0 0 255
    255 0 4 213 23 255 0 0 255 0 255 47 0 255 255 0 0 255 255 0 255 255
    0 0 0 255 255 0 0 255 0 69 62 255 76 0 255 255 0 12 0 255 255 0 90
    255 0 0 255 0 0 168 255 0 69 141 0 249 0 255 255 0 0 255 255 0 0 21
    255 208 0 255 92 33 255 0 139 119 0 255 0 129 255 255 255 0 255 22
    59 0 0 255 0 255 0 255 96 255 0 99 0 0 63 0 255 255 71 75 188 238
    228 255 0 255 255 0 255 206 103 255 0 0 255 0 0 0 255 0 255 255 111
    255 255 0 255 255 0 255 0 131 255 106 255 242 255 0 104 0 126 161 81
    0 255 255 0 255 193 226 5 255 255 0 34 255 255 43 255 255 255 113 0
    255 103 255 0 255 0 98 255 0 255 0 0 0 27 255 0 0 54 177 0 255 255
    255 0 21 255 20 60 255 255 0 255 255 0 255 0 199 0 255 255 0 29 144
    76 0 255 112 0 0 255 255 0 197 0 255 255 0 255 0 0 228 255 80 33 255
    95 0 118 255 0 255 255 255 255 0 0 255 0 0 255 204 0 255 255 255 0 0
    255 255 0 0 255 255 0 255 0 0 255 188 255 255 10 0 0 0 255 0 255 255
    202 165 25 255 255 0 9 255 0 0 176 0 255 0 20 255 255 255 0 0 255 0
    255 0 81 0 0 255 255 176 255 255 255 0 189 0 15 151 255 255 116 255
    255 0 255 140 219 50 255 0 255 0 0 0 99 0 154 139 255 0 255 0 0 0
    255 255 255 0 0 255 255 0 255 255 255 255 209 255 13 255 0 0 131 255
    255 0 255 0 205 0 0 255 255 112 255 172 0 255 0 216 208 0 0 255 47 0
    255 0 255 0 116 0 102 255 255 0 133 0 255 0 0 135 0 255 203 255 0 0
    255 224 0 211 255 0 255 0 255 0 0 0 255 0 255 0 255 255 0 0 255 25
    255 0 250 219 216 255 255 0 21 81 152 0 60 0 7 212 95 255 0 0 0 255
    0 255 0 255 0 132 0 90 255 255 0 87 255 0 231 255 0 0 255 255 255
    255 0 255 0 60 155 255 0 255 218 255 0 0 0 0 255 191 51 150 255 255
    255 0 255 255 16 0 0 255 255 129 0 255 0 26 255 0 0 0 109 127 255 0
    0 255 0 0 255 255 0 255 0 255 0 255 255 0 0 255 136 255 0 0 255 0 87
    0 0 255 0 255 255 147 176 0 0 82 255 0 0 255 0 137 0 255 136 255 0
    255 118 0 0 255 0 255 0 255 255 89 0 255 0 0 255 0 0 11 0 255 255 0
    0 255 48 255 33 255 0 0 255 255 0 255 0 184 255 255 0 0 255 252 0 0
    108 145 0 255 0 124 0 166 0 255 0 0 255 255 0 255 255 0 255 255 255
    165 0 255 0 140 255 0 0 255 255 255 0 0 0 255 0 0 255 243 255 0 0
    176 255 0 255 255 0 255 255 255 0 255 0 0 150 255 0 0 255 0 0 152
    255 255 223 125 0 255 53 255 139 0 255 0 0 255 0 255 255 0 35 255 0
    113 255 41 255 255 255 0 0 255 255 0 255 155 0 255 0 120 255 0 255
    149 255 128 255 0 0 228 255 0 255 0 255 17 122 0 255 255 0 255 0 231
    250 0 0 0 0 0 0 0 255 255 109 255 0 0 0 0 0 255 0 255 255 0 0 255
    202 0 74 255 255 0 255 0 255 255 0 255 0 255 0 82 241 255 43 0 17
    108 255 255 0 0 0 255 255 189 0 0 0 0 120 255 0 0 0 255 255 0 255
    255 44 0 255 255 0 0 255 255 255 0 255 248 0 59 0 184 0 255 255 0
    255 0 255 9 197 255 0 255 255 255 205 0 0 255 255 154 255 0 255 84
    10 145 0 255 214 0 98 255 146 0 255 4 166 255 0 164 255 237 0 0 255
    255 0 255 0 0 1 255 0 67 0 241 255 255 255 255 204 255 0 0 187 69
    255 0 178 255 255 0 0 255 255 0 0 255 0 255 255 0 255 244 255 124 0
    255 255 255 255 0 255 85 255 1 0 0 189 0 255 255 0 0 255 31 0 255 0
    255 0 231 0 255 255 0 0 139 0 255 0 255 0 0 0 142 0 255 0 0 255 255
    0 255 0 255 0 255 255 0 0 52 0 0 255 255 0 0 103 0 9 0 0 255 254 255
    0 0 0 255 255 69 0 0 255 255 255 0 255 0 255 255 0 0 255 0 255 255
    223 255 255 0 0 231 54 92 0 255 186 0 230 81 0 255 0 0 43 255 255 0
    24 255 0 24 71 53 0 0 255 19 0 255 0 83 255 255 0 16 0 0 83 204 0 0
    0 255 0 255 255 0 0 255 0 255 0 255 255 0 0 34 0 48 211 255 33 0 131
    0 255 255 255 175 0 255 255 255 255 25 0 255 255 0 255 0 255 0 255 0
    255 187 255 0 255 0 0 91 187 187 255 0 0 74 84 255 0 255 0 255 131
    255 0 255 19 193 255 234 0 0 255 0 255 0 255 0 255 255 180 0 138 0
    255 0 0 0 0 0 0 255 29 255 255 255 0 130 124 0 255 0 255 255 0 0 64
    255 255 0 0 237 255 255 0 255 24 0 0 0 0 255 255 0 153 151 255 0 255
    255 0 31 255 255 0 0 255 157 255 0 255 0 0 243 39 255 0 255 0 0 255
    0 0 255 0 255 0 255 255 140 0 255 0 252 255 0 180 0 0 255 255 0 255
    255 0 0 255 231 255 0 238 255 255 0 208 0 255 0 0 187 0 255 255 255
    0 255 49 146 0 255 0 255 0 255 215 255 72 0 255 114 255 255 255 255
    0 255 19 0 0 255 255 0 11 0 255 255 0 25 34 246 255 0 0 0 0 75 255
    255 255 255 140 255 0 255 0 255 255 0 255 255 0 255 255 255 92 0 255
    0 255 0 255 0 255 255 255 0 0 255 16 0 0 255 0 215 0 255 255 255 0
    255 255 255 255 0 0 0 255 255 255 16 252 113 255 36 15 255 0 0 0 147
    125 255 249 0 29 255 0 0 0 104 0 90 0 0 152 255 0 255 255 0 0 0 255
    0 255 255 0 255 0 48 255 141 0 0 255 193 202 255 211 0 108 255 255
    15 0 255 255 66 112 0 0 208 255 255 0 255 0 255 170 255 255 255 0 0
    255 255 236 235 98 0 255 0 255 255 0 255 0 255 0 0 255 255 0 169 255
    0 0 255 0 0 255 0 255 255 255 0 0 255 0 0 177 255 255 0 0 255 0 0
    161 0 255 0 0 0 255 0 0 172 255 0 0 255 249 255 255 0 0 252 0 255 0
    255 255 11 0 0 212 0 0 255 255 0 55 184 0 205 157 0 33 255 158 39 65
    71 253 0 255 13 255 0 0 255 0 0 255 212 0 255 0 0 13 255 0 0 0 255 0
    255 0 255 0 0 255 255 0 255 0 255 255 255 0 255 0 0 0 0 57 29 255 0
    0 255 46 132 0 245 255 255 0 43 255 0 255 0 255 170 255 0 205 255 0
    255 255 0 255 183 255 0 255 0 255 255 39 0 0 0 0 255 22 183 255 4
    255 0 255 255 0 255 21 0 46 255 0 255 255 0 149 255 0 0 255 0 255
    107 0 255 26 255 255 0 255 0 7 255 0 0 255 0 0 173 0 0 216 0 0 255 0
    31 255 0 0 255 0 47 255 255 255 0 0 255 0 117 58 255 0 255 35 1 255
    0 255 44 0 0 186 0 255 0 255 255 0 255 0 255 0 255 0 201 255 0 246 0
    0 255 0 255 0 0 0 255 0 255 255 0 0 0 255 255 0 0 255 130 255 0 0
    255 0 255 202 103 255 0 255 255 0 255 0 0 255 148 0 255 255 255 0 0
    255 255 0 238 255 255 0 255 0 0 196 255 0 255 255 146 255 226 0 147
    255 255 255 0 0 133 230 0 255 255 255 255 0 148 0 255 0 154 255 255
    0 0 255 132 0 255 67 255 0 255 0 255 255 0 255 255 246 255 73 14 0
    255 255 255 110 0 0 249 59 0 0 84 120 255 255 0 255 194 0 101 255 0
    255 255 255 255 0 0 13 236 222 0 255 235 198 0 255 255 255 31 2 255
    255 255 0 255 255 255 47 49 255 0 255 65 54 205 0 39 255 255 255 0
    99 255 0 71 0 255 32 245 0 0 255 0 31 255 0 0 0 255 255 0 7 33 23
    235 0 167 185 255 98 0 255 0 0 191 255 0 255 0 255 255 0 0 255 255
    255 137 0 255 0 174 255 255 2 0 0 187 0 0 255 0 0 165 0 0 255 164 0
    255 255 0 255 255 193 255 0 255 0 255 0 0 13 0 0 62 255 0 0 0 255
    251 99 160 255 0 255 255 255 0 0 0 0 0 0 255 0 255 41 22 255 0 0 255
    255 0 255 255 0 255 0 21 255 0 255 0 255 123 255 0 255 0 51 255 255
    255 162 0 210 255 0 0 255 0 255 160 184 168 171 128 0 255 255 201 0
    0 16 0 0 255 0 124 255 255 0 0 255 0 255 0 255 255 255 0 0 148 255 0
    0 255 9 0 255 0 255 0 0 0 255 255 0 111 255 0 229 0 255 0 152 255 0
    255 130 0 255 0 0 0 212 90 255 0 255 0 255 0 0 255 133 0 93 0 255 0
    111 31 59 0 255 198 0 255 0 0 255 0 255 0 0 255 255 255 159 0 78 255
    0 234 255 22 166 255 0 255 255 0 83 255 0 0 255 255 255 0 255 255
    255 255 0 255 0 0 255 255 255 0 0 255 255 0 216 255 255 0 255 0 255
    0 255 255 40 255 0 255 143 255 0 0 255 0 255 119 255 255 0 0 91 0
    255 255 200 255 255 0 255 0 255 0 255 48 0 98 0 255 0 0 148 255 255
    0 0 0 255 0 0 248 255 255 0 255 0 255 255 255 255 160 184 0 255 0
    255 255 255 255 0 20 255 255 0 255 45 255 0 195 235 0 255 97 255 0
    255 180 156 0 255 208 255 255 0 255 0 174 255 0 0 0 127 214 0 0 0 0
    182 255 0 255 0 255 255 255 0 0 255 0 255 33 255 0 0 0 255 0 245 255
    255 1 0 255 255 0 0 3 0 0 255 0 0 0 255 255 0 0 255 255 0 0 57 0 255
    0 139 255 107 0 0 156 0 255 0 0 255 142 0 166 0 163 255 0 177 0 255
    0 255 31 255 0 0 255 22 188 255 0 0 255 255 109 255 255 0 255 51 0
    255 255 255 0 0 0 255 107 186 35 255 255 0 0 255 0 0 255 180 0 158
    255 0 191 255 0 255 0 0 255 255 252 141 255 0 0 255 255 0 0 150 0 8
    0 255 0 0 255 0 32 255 0 116 255 0 255 0 255 21 255 0 255 255 0 255
    0 225 0 255 0 0 0 0 0 0 0 255 255 0 255 255 255 28 0 192 255 255 255
    0 255 0 255 0 0 255 64 255 0 255 0 223 255 0 255 0 255 255 0 0 255 0
    0 72 0 157 255 0 255 0 255 255 0 0 255 0 0 0 0 255 0 255 0 225 0 255
    255 255 0 0 255 0 4 255 255 160 0 255 0 57 255 0 0 245 0 255 0 27
    255 255 204 255 75 255 255 0 255 255 192 255 0 0 176 255 167 255 255
    0 0 255 0 255 237 255 125 255 255 0 0 26 0 255 255 0 255 255 0 255
    255 55 228 255 135 255 41 0 148 255 0 0 0 139 0 86 0 255 0 222 255 0
    255 0 0 255 0 231 0 255 255 196 255 255 255 255 0 255 255 0 255 0
    255 0 224 33 0 0 186 255 255 0 255 255 0 149 0 0 255 255 255 0 0 255
    255 255 0 255 170 191 255 255 139 255 255 0 255 255 255 0 0 231 0
    255 0 128 0 255 255 0 203 0 0 255 7 0 0 0 255 0 60 255 0 0 248 255 0
    255 255 0 255 255 0 223 255 0 255 0 255 0 0 106 0 255 0 34 255 0 255
    255 255 255 0 255 255 255 236 0 0 197 255 116 174 0 255 195 255 255
    0 22 22 255 0 0 255 255 255 255 0 0 255 0 0 255 255 0 255 255 0 233
    0 0 255 237 0 255 0 136 255 0 255 255 104 196 255 255 0 255 0 255 86
    255 255 0 0 255 0 0 255 255 0 255 18 0 255 255 255 255 53 0 255 0
    255 0 8 255 209 89 0 53 0 255 0 113 0 255 0 255 180 255 58 205 0 189
    255 61 0 255 255 0 255 0 255 106 0 0 255 0 255 0 0 0 0 255 39 0 0 0
    70 255 0 255 255 0 255 0 255 0 0 255 0 255 255 0 204 6 73 0 0 247 3
    0 255 0 255 0 0 255 0 0 0 255 255 0 0 0 255 255 0 0 255 255 255 255
    227 125 255 0 255 68 0 255 255 52 0 0 0 0 255 0 0 255 115 255 255 0
    255 255 255 255 0 0 42 255 0 0 0 202 255 0 255 4 255 0 0 0 0 255 101
    0 255 0 255 0 255 0 255 0 255 0 255 0 255 255 0 255 83 108 255 0 0
    255 0 255 0 255 0 0 0 255 0 255 0 206 134 0 0 0 0 0 0 0 255 0 255 0
    255 0 201 0 255 82 0 0 19 0 0 255 233 0 255 68 255 176 255 255 0 16
    216 0 255 255 0 255 255 0 255 255 0 78 91 255 0 0 171 255 0 0 255 0
    0 0 255 0 0 203 0 42 255 255 0 0 255 97 0 0 255 0 255 0 255 0 255 0
    255 0 229 0 255 255 255 0 240 0 255 248 0 255 0 255 0 111 84 0 0 255
    0 0 75 141 255 255 0 0 35 255 0 76 255 7 0 255 0 0 0 0 0 255 255 31
    0 0 255 0 0 0 255 0 0 255 74 255 0 255 0 255 255 0 0 179 0 255 0 255
    0 0 255 0 255 167 0 0 205 255 173 0 255 0 0 255 0 0 0 0 48 0 255 0 0
    233 255 84 230 255 255 0 0 255 0 255 255 255 0 0 185 255 146 0 255 0
    255 255 0 0 0 0 0 255 255 10 255 255 255 0 255 0 0 255 46 0 119 0
    255 15 255 255 0 255 0 255 255 255 0 255 255 255 0 255 255 207 255 0
    255 253 0 255 255 89 183 208 0 255 150 255 155 255 255 0 0 255 255 0
    140 0 255 0 251 0 255 0 0 255 255 255 0 255 142 6 60 68 0 255 255
    255 206 173 255 0 255 0 0 0 255 0 255 255 255 0 255 76 0 255 255 0
    168 0 0 0 0 255 0 14 181 255 0 255 0 255 0 0 255 132 255 0 255 0 255
    140 24 255 52 0 255 245 255 56 255 10 0 31 0 255 0 0 155 0 0 255 0
    255 118 255 74 0 255 255 0 34 255 255 255 0 255 109 255 0 0 154 255
    0 255 255 0 255 224 255 0 0 255 255 45 0 255 0 202 52 0 255 0 0 0
    255 0 0 255 0 248 0 222 255 0 255 255 0 255 0 255 0 0 255 255 0 0
    255 0 255 158 255 0 0 255 255 0 255 172 0 255 0 255 0 0 255 0 8 0
    255 0 255 0 255 0 255 39 168 0 255 0 0 0 139 255 0 255 255 0 255 0 0
    255 0 255 0 255 0 0 255 0 230 164 135 255 255 255 0 255 255 175 0 14
    255 0 255 255 69 131 255 0 0 255 255 0 255 0 0 0 106 255 255 0 116
    255 165 0 255 0 42 255 179 0 0 0 0 255 255 255 199 0 140 0 13 255 0
    0 255 0 255 255 0 0 0 255 63 255 255 255 255 255 0 0 255 5 255 0 255
    255 255 0 255 0 156 248 0 255 32 0 255 207 255 0 255 240 224 255 255
    0 0 211 93 255 0 255 0 0 255 255 0 200 0 0 0 255 194 255 0 184 0 255
    255 0 0 255 255 0 255 31 255 238 0 255 255 0 255 0 255 178 0 255 0
    255 255 0 24 255 0 255 255 0 159 0 255 255 255 122 255 255 0 0 255 0
    107 22 0 255 26 255 0 255 69 255 255 0 0 255 0 255 0 255 191 255 0
    255 0 220 0 0 255 255 0 238 0 117 255 0 106 0 0 0 121 0 255 255 230
    255 100 0 222 165 0 203 0 0 255 0 0 255 255 0 255 255 0 255 0 255 0
    255 0 95 255 0 0 0 173 0 255 173 0 255 255 255 239 0 0 167 132 0 0
    255 79 255 226 255 29 0 0 255 226 0 174 0 0 0 255 255 63 165 0 198
    84 73 0 255 0 255 255 176 255 0 255 0 255 255 0 186 0 218 0 255 0
    172 0 255 0 0 255 196 255 0 255 0 0 172 224 0 0 255 255 238 0 255 0
    0 255 0 255 0 255 30 0 96 0 255 0 0 40 255 222 255 0 255 255 0 0 199
    0 0 255 255 255 0 205 255 0 0 255 117 164 0 255 0 255 255 0 255 255
    255 0 160 255 255 255 255 255 167 93 0 255 0 0 0 255 0 0 177 255 255
    85 255 0 0 255 224 83 77 255 0 0 34 255 142 55 255 65 255 105 128 0
    0 255 0 57 81 173 0 0 255 0 255 0 0 255 0 255 71 255 0 0 0 255 142
    176 0 8 0 0 121 0 88 255 0 255 255 244 0 255 30 255 0 255 109 255
    255 0 29 255 0 0 255 0 10 0 255 255 0 255 255 255 169 0 255 0 255 0
    255 174 255 0 255 143 255 0 255 253 127 0 255 0 0 0 255 0 217 0 200
    0 255 255 255 163 255 0 255 145 255 218 0 255 0 211 255 194 23 0 14
    0 0 133 255 0 255 255 0 0 255 255 174 255 239 0 255 0 255 255 0 255
    0 0 255 242 255 0 255 255 255 120 11 255 0 255 0 255 0 255 64 255 0
    255 0 255 0 255 255 0 255 0 255 255 0 250 0 255 255 209 128 255 0
    200 255 0 255 0 255 255 255 92 255 255 120 0 255 118 0 126 0 255 255
    0 0 0 255 255 0 255 182 0 255 143 243 255 255 0 0 220 255 255 0 255
    255 0 0 0 0 243 255 255 0 0 255 0 0 255 255 70 0 255 255 0 255 3 255
    255 0 255 0 255 0 0 23 255 0 255 169 255 0 255 0 88 84 30 255 25 142
    0 255 255 0 0 255 15 199 255 255 184 0 255 255 255 0 0 255 0 4 255
    255 255 255 255 0 255 0 255 255 3 255 0 255 130 255 0 255 0 255 0 0
    0 0 0 255 255 54 0 255 0 255 255 69 53 0 255 255 0 0 255 0 226 255 0
    0 255 0 226 25 255 0 255 0 255 0 231 0 255 0 255 255 255 17 255 0
    255 0 255 0 255 0 255 0 0 199 255 42 125 255 84 255 122 0 255 0 255
    110 207 255 0 0 255 0 255 255 0 92 255 0 255 255 255 0 255 0 34 255
    248 0 255 255 0 0 100 0 40 0 62 255 0 0 56 0 255 255 0 0 255 255 0 0
    255 255 0 0 255 0 0 0 255 255 0 255 0 255 0 195 142 0 0 118 255 0
    255 0 0 26 0 0 97 0 255 0 255 0 255 0 255 255 0 223 0 255 0 255 0 0
    255 0 255 255 0 0 255 0 255 0 255 255 0 255 237 0 247 255 0 255 0
    255 255 0 0 255 173 0 255 0 255 255 226 0 255 255 0 255 0 0 255 0
    255 0 89 255 0 106 0 255 0 255 15 0 255 8 0 57 255 255 152 0 0 0 0
    232 235 0 255 0 255 0 255 0 255 216 0 255 0 0 255 0 255 134 122 255
    0 0 222 165 255 0 255 0 255 0 220 0 255 255 0 69 255 0 0 0 0 255 255
    0 255 0 0 255 0 255 0 255 0 0 255 255 255 222 255 255 0 0 255 255 0
    0 255 255 255 0 48 0 0 0 255 0 0 255 0 255 0 62 0 255 155 65 255 0
    91 242 0 255 0 255 191 0 0 255 0 255 0 255 0 0 255 0 0 255 35 255 0
    255 0 0 255 0 255 0 255 115 255 251 0 255 0 255 133 255 0 255 255 0
    255 255 189 0 0 255 0 255 255 0 255 255 0 0 172 0 82 255 255 255 0
    197 255 140 0 78 255 0 255 62 0 255 78 255 0 255 0 255 255 0 0 255 0
    255 0 255 62 234 255 0 255 0 0 255 255 255 0 58 255 179 0 0 255 255
    0 0 255 255 0 255 255 0 0 144 83 0 255 0 182 0 0 255 255 0 103 255 0
    255 0 0 255 255 255 133 255 0 255 255 0 255 156 255 255 0 88 255 255
    0 0 255 255 0 0 21 255 0 49 255 123 255 0 255 0 255 0 255 0 255 0 0
    0 71 255 0 255 255 0 255 72 0 255 255 0 255 0 255 0 0 255 0 0 255
    157 255 0 255 0 255 34 209 0 252 168 0 255 0 255 0 210 44 0 255 255
    0 3 255 0 255 0 255 255 76 255 255 0 255 113 0 255 0 255 0 255 0 10
    255 255 255 0 255 56 193 0 255 255 255 255 0 255 0 0 86 92 255 255 0
    196 18 0 255 0 0 255 255 0 255 255 0 137 255 0 0 255 0 255 0 255 81
    0 0 255 0 0 142 255 0 255 255 235 0 255 197 255 90 0 255 0 255 255 0
    255 157 168 1 0 52 0 255 0 255 255 0 255 255 0 255 255 0 0 0 255 222
    0 0 51 255 255 0 255 0 0 255 0 0 0 255 255 0 255 0 226 255 0 113 255
    0 211 255 255 0 0 0 0 255 0 217 255 255 0 0 255 255 0 255 255 0 0 0
    255 255 0 255 0 255 0 255 255 255 255 0 255 255 0 0 0 255 149 255 0
    0 255 248 87 0 255 130 255 0 255 255 0 0 147 0 255 0 123 255 0 255 0
    74 39 0 0 255 0 0 255 84 0 250 255 0 255 228 157 255 0 255 0 255 255
    0 0 255 255 0 0 255 255 255 0 0 255 255 0 0 0 0 0 0 58 0 255 0 108
    35 0 255 255 0 255 255 0 255 0 255 0 0 0 0 236 60 0 255 0 0 255 0 0
    255 164 72 242 0 0 0 255 0 255 0 255 0 255 142 255 0 204 0 0 0 0 255
    55 255 0 0 255 188 0 255 246 255 255 0 92 0 255 0 0 0 255 0 0 219 0
    255 0 255 255 0 0 255 0 255 0 255 255 0 0 255 0 0 0 255 0 0 255 151
    0 0 0 0 0 255 0 255 142 255 0 255 0 255 98 255 255 0 0 255 255 255 0
    255 167 255 0 255 0 255 0 0 1 255 0 255 255 210 0 255 255 255 0 255
    0 151 255 0 255 0 0 255 0 0 255 0 255 21 255 0 0 255 0 0 255 85 0
    255 0 44 0 255 255 50 255 0 0 255 0 0 0 255 102 0 0 255 255 0 255 0
    255 177 176 28 0 0 255 130 199 255 0 255 158 0 255 0 255 255 0 0 0
    255 0 255 0 255 0 0 0 0 255 255 0 255 255 0 0 219 0 54 254 255 255 0
    0 0 0 0 0 255 255 142 0 0 0 255 0 0 255 255 0 36 180 0 255 118 255 0
    255 255 255 0 255 255 0 242 137 242 170 76 255 0 0 255 0 255 0 195
    255 0 0 171 203 110 102 255 255 0 255 111 0 255 255 0 0 255 0 0 255
    0 0 255 0 255 0 255 255 255 251 39 255 0 255 1 0 255 255 0 252 0 255
    0 255 0 0 255 0 0 255 255 61 255 0 0 255 158 6 236 0 255 0 152 255 0
    255 255 0 0 255 255 255 255 255 0 255 123 255 124 0 255 16 0 255 255
    255 0 255 0 255 0 12 255 0 255 0 0 255 255 255 0 122 255 22 255 185
    0 255 0 255 0 255 0 255 0 255 0 2 12 0 105 0 255 255 0 200 147 255 0
    255 0 255 0 167 194 0 255 0 255 255 255 158 255 0 0 255 166 185 255
    241 0 0 255 0 255 255 255 255 191 255 31 146 0 255 167 255 58 255 0
    108 255 239 255 0 255 0 0 255 0 0 72 0 0 255 255 0 0 255 0 255 155
    255 0 255 255 14 255 123 255 0 255 0 219 151 255 0 0 255 0 255 113 0
    255 255 255 255 0 0 0 255 255 255 0 255 0 255 169 255 0 0 255 166
    255 0 255 0 0 255 0 80 255 212 0 0 192 19 255 0 255 0 0 255 0 144
    255 141 0 255 0 255 66 255 0 239 255 228 0 255 0 68 0 202 0 255 41 0
    255 255 255 61 105 67 0 0 255 0 0 0 255 0 255 0 0 255 124 0 0 255 0
    255 27 255 0 255 255 0 0 0 255 255 255 0 0 255 255 255 0 255 255 255
    72 223 0 255 0 255 196 117 255 0 219 255 0 0 255 255 255 0 255 255 0
    0 255 0 255 255 26 0 255 255 255 255 255 0 0 255 255 255 172 178 0 0
    255 0 71 0 255 255 0 0 255 0 255 0 255 0 255 255 0 255 0 255 0 0 53
    0 210 255 0 255 255 0 140 255 255 104 0 0 0 0 255 75 0 255 0 0 255
    255 0 255 0 255 109 0 255 137 245 0 255 0 255 204 0 0 0 255 0 255 0
    255 0 0 255 93 255 0 255 168 0 152 0 255 140 170 255 0 255 0 255 0
    255 0 0 0 0 255 0 0 255 255 0 255 255 192 255 0 255 0 255 0 41 138
    82 255 155 255 162 0 91 255 0 255 253 0 255 0 255 0 216 60 255 0 255
    255 255 0 255 0 255 0 0 255 115 0 37 7 255 255 0 80 0 101 188 142 0
    255 0 255 255 0 0 0 255 0 0 255 255 0 255 255 192 148 255 0 255 0
    255 155 255 255 255 255 255 177 0 255 0 0 255 119 239 0 255 0 255 0
    0 255 55 0 255 0 255 255 0 0 156 225 0 0 49 255 255 0 0 255 0 0 119
    255 141 43 255 255 169 0 255 36 255 71 74 0 222 153 0 167 0 255 255
    0 191 0 112 107 0 0 255 0 0 0 255 255 0 8 255 0 58 255 0 255 255 0 0
    0 224 196 0 193 0 9 255 0 6 0 58 255 0 0 255 255 255 255 0 0 255 0 0
    255 255 255 0 0 255 255 255 0 87 255 0 255 104 0 255 0 255 0 255 0
    143 255 0 0 0 130 210 255 255 255 0 255 0 0 44 255 255 0 0 0 255 89
    0 255 0 255 255 0 67 0 255 0 223 0 255 0 255 0 255 255 0 255 255 0
    255 139 139 0 255 48 0 0 0 222 21 255 255 0 0 0 255 0 21 137 224 9 0
    126 255 0 255 0 255 255 55 255 255 0 255 255 255 0 0 255 0 0 255 0
    255 255 0 154 0 255 0 218 255 0 255 0 62 0 100 0 255 0 255 255 255
    255 255 0 0 130 0 0 0 255 0 255 0 255 0 0 0 0 255 0 255 255 255 0
    255 0 255 0 255 0 255 15 0 255 0 255 0 0 255 0 0 255 112 95 255 0 84
    255 42 0 255 0 255 0 255 255 0 76 0 48 215 255 0 0 255 255 255 0 255
    247 255 92 255 0 255 0 255 255 255 228 0 7 255 255 0 255 0 174 0 255
    255 77 0 0 0 255 0 0 255 0 0 255 255 0 255 0 255 0 147 255 36 0 0
    255 0 255 0 255 255 255 16 0 255 255 0 255 255 0 0 0 255 42 0 255
    255 255 0 255 0 255 255 0 0 255 255 255 0 149 255 206 255 212 199
    255 157 0 0 255 255 0 255 255 0 1 255 255 255 255 242 255 255 255 0
    255 255 0 209 0 255 79 186 255 0 255 0 219 0 255 0 255 0 255 0 255 0
    255 0 255 255 0 0 0 0 91 0 0 255 0 227 0 255 156 255 0 255 0 255 115
    97 83 0 255 202 0 0 0 0 0 254 255 255 0 255 255 185 0 63 0 255 0 0 0
    255 90 255 107 0 255 120 255 0 0 255 53 255 0 0 0 255 255 255 24 255
    255 127 214 0 255 0 189 255 255 0 0 255 0 199 0 255 40 255 0 255 0
    255 238 255 255 98 255 0 0 109 0 196 0 104 1 0 255 0 0 53 0 255 0 0
    255 0 0 254 0 255 255 0 194 0 0 0 255 0 255 0 0 255 171 0 229 0 0
    255 255 0 255 204 0 31 0 0 255 255 0 255 0 255 0 0 255 255 0 255 173
    0 255 255 0 255 0 255 255 255 0 255 255 0 159 255 192 222 255 0 21
    255 0 0 0 255 0 255 0 255 194 0 255 0 255 0 255 255 189 0 255 0 0
    255 0 0 255 241 255 0 255 255 255 0 175 255 0 255 0 255 255 255 255
    141 0 255 0 255 255 253 0 255 0 0 0 0 129 255 255 0 141 255 255 0
    135 111 255 255 0 255 0 207 76 255 139 255 0 191 255 255 0 41 0 0 0
    255 255 108 0 255 255 0 255 255 0 255 255 0 0 255 255 0 255 0 123
    110 0 255 255 255 0 255 0 0 255 0 255 0 255 23 0 255 0 255 47 103
    255 255 0 255 255 0 255 255 0 255 0 255 255 0 70 255 0 255 0 0 0 0 0
    255 255 255 255 255 148 0 0 243 255 0 255 0 77 197 0 255 0 0 184 0
    155 0 255 0 0 255 255 255 255 0 253 0 255 0 255 255 255 120 255 20 0
    255 0 255 0 0 255 182 152 171 255 255 0 0 143 255 0 255 255 255 0
    255 150 255 255 0 255 53 255 0 0 0 255 255 0 0 255 0 0 255 255 0 0 0
    255 0 243 0 110 0 255 0 255 0 255 0 0 0 0 0 190 255 0 0 118 103 255
    0 110 255 255 0 255 255 255 255 255 52 255 0 0 255 239 0 0 255 255
    78 0 202 0 255 0 158 0 255 0 0 255 180 255 0 255 0 255 43 0 255 0 0
    0 221 0 255 0 255 0 0 0 137 255 0 255 45 255 255 0 0 0 255 255 179 0
    14 0 0 135 255 0 255 87 0 0 255 255 0 0 255 166 53 0 255 0 77 255 0
    0 255 0 0 255 255 0 255 0 162 255 255 255 0 201 255 90 255 0 0 255 6
    255 99 31 0 255 235 0 60 255 0 255 118 255 166 196 255 0 255 0 255 0
    0 255 0 0 0 1 255 0 13 0 255 0 0 255 0 255 0 0 0 139 0 0 255 255 148
    0 210 127 0 255 63 255 0 255 0 0 255 18 19 255 0 0 0 69 0 255 0 255
    255 0 255 0 255 72 255 0 255 197 255 0 18 139 255 0 0 80 0 0 0 0 255
    0 0 255 0 255 0 148 0 255 255 0 88 0 0 255 179 177 255 0 171 255 255
    0 0 255 0 255 57 249 242 0 255 0 255 255 255 0 255 255 0 255 0 240
    215 255 0 250 0 255 0 0 0 209 114 0 0 255 255 0 255 0 0 0 255 115
    183 0 255 0 0 102 255 234 255 255 0 255 0 86 190 0 0 255 0 113 255
    255 163 35 255 255 37 118 147 255 255 159 14 255 0 255 255 0 255 255
    93 200 255 0 147 0 255 255 188 0 0 0 255 255 255 0 255 0 168 255 65
    167 0 255 0 37 229 255 0 234 255 255 0 0 255 255 0 255 0 36 178 0
    255 0 0 255 0 143 0 206 255 0 0 140 255 0 119 255 0 0 97 255 0 138
    66 0 255 0 0 255 0 255 189 66 255 132 0 255 0 255 0 255 0 255 255 0
    171 191 255 255 0 255 0 233 255 0 123 255 0 255 255 0 78 0 249 177
    255 255 0 127 255 0 0 255 255 255 255 0 222 255 87 255 255 255 0 255
    0 255 0 255 195 0 0 0 255 216 0 255 0 0 0 133 0 255 255 80 252 255
    255 125 0 255 70 203 219 0 255 255 255 0 255 255 255 0 255 0 255 145
    0 52 0 0 255 0 255 0 255 255 19 255 255 255 0 255 0 127 255 0 155
    255 255 119 255 255 67 23 36 0 255 33 255 255 255 255 255 17 255 0 0
    255 0 255 255 255 0 255 198 0 214 162 250 207 0 0 0 171 255 0 153
    255 255 255 250 0 255 255 0 255 0 255 0 255 21 255 0 0 0 255 244 0
    135 0 0 69 0 255 0 54 0 255 0 255 255 0 0 220 47 255 222 0 0 0 174
    255 0 205 0 119 88 255 0 246 0 255 255 0 0 0 255 255 0 245 255 0 255
    0 255 255 0 255 0 45 0 0 255 153 255 0 100 0 0 0 255 0 0 255 0 242 0
    255 0 255 0 255 163 0 255 0 0 255 219 255 0 255 91 245 232 255 219 0
    70 255 255 0 6 239 0 255 0 29 11 0 0 255 255 0 255 255 0 255 255 18
    255 0 53 0 255 0 255 0 255 255 21 171 123 255 0 255 0 255 49 255 255
    0 0 255 255 255 255 255 81 0 255 255 0 255 232 123 255 0 0 255 0 255
    255 53 255 255 0 255 255 0 0 44 0 0 255 0 0 255 9 0 255 0 0 255 22
    255 255 0 0 255 255 0 0 0 242 218 255 0 0 203 167 0 72 0 0 255 133 0
    255 68 255 73 237 162 230 255 0 0 0 188 31 3 0 0 255 0 0 0 255 0 255
    0 255 255 0 0 255 255 0 35 0 255 0 181 0 0 249 238 255 0 255 0 255 0
    0 12 0 5 255 177 255 255 0 255 255 72 255 0 255 0 229 0 255 0 255
    255 0 238 255 0 255 0 255 255 13 255 56 255 64 255 255 0 255 204 2
    255 201 255 0 255 132 0 174 255 0 0 136 16 0 255 0 255 255 0 255 0
    255 175 0 0 255 250 255 255 255 0 0 255 255 255 8 255 255 0 255 0 0
    255 255 0 255 69 255 0 0 0 255 255 0 250 0 0 255 124 0 255 0 255 0
    255 0 255 0 0 0 255 0 0 255 0 0 142 0 255 0 255 0 255 255 255 0 232
    255 255 255 69 255 0 86 0 0 255 255 50 0 0 0 255 0 223 255 0 0 0 255
    0 223 255 34 0 100 255 0 255 0 255 255 0 223 255 0 0 255 87 0 255
    255 131 0 255 134 0 255 255 255 255 0 0 255 255 3 255 0 0 255 255
    255 11 0 0 255 0 0 255 228 249 0 255 0 255 255 0 255 0 0 32 37 255 0
    255 255 108 0 255 12 255 0 255 255 0 0 255 255 0 0 0 255 129 250 0
    125 210 34 0 255 248 255 0 0 246 0 255 0 148 255 255 122 255 1 0 255
    255 204 201 178 255 0 0 0 255 255 0 9 0 0 0 255 0 0 255 255 120 0 0
    0 0 255 255 198 0 255 0 255 0 0 255 0 82 66 0 255 255 0 233 123 0 80
    255 0 255 255 255 255 0 255 0 255 255 0 0 0 255 0 255 255 255 255 0
    46 255 18 255 255 0 101 0 255 0 255 0 255 202 255 255 0 255 0 255 0
    255 0 255 255 0 255 84 0 255 0 0 255 0 255 255 255 255 255 0 34 255
    255 0 195 255 0 0 0 255 255 0 36 255 115 255 0 0 0 255 0 0 0 255 0
    255 255 255 0 0 0 255 255 40 0 0 255 0 240 255 255 255 218 255 0 0
    255 255 0 0 255 0 255 0 255 0 209 0 255 255 0 0 255 0 1 0 255 54 0
    255 0 10 0 212 255 0 255 0 211 255 0 255 0 255 61 255 0 255 0 255 25
    99 20 0 228 0 255 237 255 154 255 0 255 0 254 255 0 255 255 0 95 255
    0 0 255 247 0 255 255 0 255 0 255 0 207 0 132 255 0 143 0 0 255 0 0
    255 0 246 0 0 71 0 255 0 70 0 255 55 0 142 0 0 143 31 255 0 255 0 0
    255 165 255 255 255 0 255 255 255 0 221 253 122 255 255 255 0 106 0
    255 0 255 0 0 198 255 255 0 255 239 0 0 255 19 255 0 255 0 63 210 65
    0 255 0 0 154 0 0 255 255 0 0 121 33 0 255 255 0 0 255 0 252 0 255
    255 0 255 22 108 0 0 240 0 42 0 255 0 255 0 255 0 255 0 255 0 19 255
    0 255 0 0 0 0 187 0 255 0 0 255 0 255 255 255 0 0 255 0 0 0 255 255
    0 0 255 0 255 0 255 255 210 127 0 0 0 255 255 255 0 187 0 255 255 0
    255 0 255 151 0 255 0 255 0 142 0 255 0 255 0 0 255 0 0 255 200 0 0
    0 255 73 255 255 129 95 0 255 244 255 134 255 0 255 0 255 0 0 132
    255 255 193 255 0 0 255 255 255 0 255 98 0 26 0 255 76 0 0 255 247
    237 0 0 255 0 255 255 0 0 255 59 0 103 255 0 255 130 255 0 255 255 0
    0 126 219 255 0 0 251 255 0 255 0 255 0 37 0 0 0 255 127 212 0 255 0
    255 0 255 255 255 255 255 138 114 112 0 255 255 249 255 255 0 0 255
    0 255 0 196 255 0 237 0 255 0 255 61 255 0 249 239 0 255 0 86 255
    255 151 0 82 243 255 0 255 255 0 0 255 255 0 255 0 0 255 42 122 0
    255 0 0 255 0 255 118 255 0 255 43 255 0 177 255 255 0 0 255 68 164
    0 198 255 0 132 255 0 0 255 0 137 255 255 0 255 120 255 0 255 87 255
    0 255 141 255 14 182 255 0 176 255 255 238 0 255 255 255 0 96 255
    255 255 255 0 255 0 0 0 12 255 0 255 187 255 67 255 0 79 255 0 0 0 0
    255 255 255 0 228 98 255 0 0 0 255 0 255 0 0 255 0 255 0 255 255 0
    255 255 207 255 76 255 0 0 0 0 255 0 255 0 0 255 140 255 0 159 0 0
    218 0 0 0 0 255 0 255 0 0 255 0 255 0 0 255 174 255 0 255 0 255 197
    255 255 255 0 0 104 0 255 0 255 241 255 0 0 29 72 255 103 0 180 255
    255 0 0 0 255 0 255 0 255 0 255 0 255 0 255 255 255 0 255 0 99 0 255
    129 140 0 16 0 91 0 255 255 0 255 0 255 0 110 0 0 255 0 29 0 0 26
    252 126 255 22 247 255 0 255 255 0 255 0 255 0 181 255 0 198 190 0
    255 0 0 255 0 98 255 0 197 0 255 0 0 0 255 0 255 255 0 255 255 132 0
    0 255 0 255 0 113 0 255 255 255 0 0 255 0 255 0 255 0 0 255 0 255 0
    255 0 255 0 0 0 80 0 0 0 0 77 0 80 0 0 0 0 54 255 0 255 255 255 255
    0 255 0 255 0 255 255 0 0 0 146 255 234 169 0 255 118 149 59 9 0 0 0
    255 255 70 0 0 255 255 0 115 0 255 0 255 33 0 255 50 255 147 255 255
    255 255 109 255 126 0 186 0 255 0 17 36 0 106 0 65 255 255 255 0 255
    0 255 0 0 124 0 0 255 0 255 0 0 255 0 255 0 255 0 0 255 0 0 219 0
    255 0 255 63 0 161 84 0 0 0 255 0 255 0 255 0 255 255 0 0 173 255
    255 0 255 0 0 255 255 0 0 98 255 0 132 0 255 208 255 0 215 242 0 255
    0 255 0 255 93 0 0 255 0 47 0 255 0 255 255 0 234 228 255 0 131 126
    255 80 0 255 0 255 0 255 255 255 255 0 0 255 0 99 97 0 140 255 236
    211 0 255 255 0 172 255 0 221 0 255 255 0 102 0 0 109 255 255 161
    255 243 70 0 255 16 0 131 255 0 0 255 255 255 89 255 0 255 86 32 0 0
    255 0 255 255 0 222 209 255 255 255 255 0 255 0 181 255 255 255 255
    255 255 255 255 255 255 0 255 0 255 0 78 0 255 255 0 255 132 0 255 0
    90 255 0 255 129 194 255 255 255 0 255 24 255 0 255 0 0 255 255 255
    72 133 103 255 255 255 0 255 38 255 0 0 255 134 0 255 217 169 231 0
    228 0 23 0 255 255 0 255 0 0 255 195 255 0 115 0 255 87 0 18 255 153
    255 255 255 255 0 255 0 255 0 0 111 255 255 0 255 0 109 0 255 29 255
    0 255 0 255 0 255 173 255 0 148 0 255 255 255 42 255 0 47 255 255 0
    255 255 99 0 255 90 255 0 143 255 255 0 0 0 68 255 255 0 141 255 0 0
    255 255 98 255 255 0 255 255 0 0 255 208 255 120 0 255 0 255 255 0
    255 0 255 0 255 255 0 0 255 0 0 241 0 0 255 0 255 0 144 255 0 255 0
    255 255 0 255 0 255 255 0 187 255 0 255 255 199 255 0 0 255 166 233
    250 255 0 192 0 255 0 255 0 0 255 3 124 255 37 65 0 0 255 0 125 255
    0 255 0 49 255 255 0 255 0 255 0 255 0 0 0 255 0 8 0 255 0 200 0 255
    232 0 0 255 0 255 0 0 24 255 0 0 255 0 4 255 0 255 0 0 255 0 199 121
    0 255 0 251 0 0 255 0 0 255 255 16 153 255 242 0 255 0 255 68 0 255
    0 0 255 255 0 255 0 81 255 187 255 255 0 0 255 255 183 212 30 0 255
    0 255 255 255 71 0 0 255 255 255 255 255 255 126 0 0 88 0 187 255
    255 0 255 227 0 80 255 20 0 255 162 0 255 178 255 0 136 255 0 0 85
    255 0 255 213 255 0 255 0 0 163 0 255 255 0 255 0 255 0 0 255 255 0
    0 255 255 0 245 0 0 255 0 0 8 0 255 0 255 0 171 0 255 0 255 0 0 0
    255 0 255 0 0 255 255 0 0 194 0 0 255 0 255 255 255 255 18 112 182 0
    0 255 255 0 255 255 0 0 255 255 0 111 0 0 196 0 0 255 255 0 255 0 0
    255 0 255 255 0 255 255 170 0 245 203 0 0 14 0 255 0 0 0 249 255 238
    214 0 0 255 0 169 255 0 0 255 0 223 13 255 0 0 255 0 255 69 0 0 255
    0 212 255 0 255 0 255 0 255 0 255 99 0 255 0 80 95 1 35 255 255 0
    255 0 179 0 0 50 255 0 255 255 0 0 0 55 171 188 0 255 255 255 255
    153 255 255 0 178 0 255 0 255 155 255 255 54 45 175 0 255 242 0 255
    162 130 255 0 228 255 60 113 186 88 0 96 0 0 255 255 28 255 255 0
    170 28 0 0 121 0 255 0 255 0 44 255 0 255 0 0 206 255 0 255 0 0 175
    0 255 0 255 0 0 255 131 255 255 94 0 255 255 255 87 88 0 0 0 197 255
    0 180 0 0 255 0 255 2 255 0 255 0 46 255 11 255 53 255 255 0 145 255
    255 255 0 255 255 255 128 0 200 0 255 206 255 0 255 0 0 212 0 255 0
    178 0 255 0 255 0 255 0 0 255 255 86 255 140 0 147 75 67 0 255 39
    135 0 255 255 255 0 255 0 0 74 237 0 255 255 0 0 255 105 255 55 0 0
    0 0 17 0 149 198 255 29 0 0 255 0 255 159 0 255 0 0 255 229 0 255 0
    255 232 155 0 122 255 0 0 6 255 255 169 0 255 255 255 255 0 0 255 0
    25 255 0 255 255 0 255 0 143 255 255 0 255 0 255 186 255 0 255 0 255
    168 0 255 255 255 0 255 255 0 255 255 224 0 0 255 0 255 0 0 0 255 0
    0 48 83 255 0 210 0 255 255 0 172 0 255 0 0 255 255 0 144 255 255 70
    0 255 34 255 0 0 0 255 255 255 0 0 0 0 0 255 0 28 87 0 255 0 63 235
    0 255 255 255 0 0 255 182 0 0 255 146 255 255 213 106 0 194 255 0
    255 0 72 0 0 181 0 0 0 0 255 0 255 255 0 255 0 255 0 255 0 104 249
    255 0 0 236 0 255 255 160 255 0 255 0 189 0 0 255 0 0 255 0 0 188
    255 0 14 255 0 0 0 255 0 255 0 0 135 255 0 255 255 0 255 0 0 255 0
    255 0 121 255 0 255 0 255 255 0 255 255 0 197 255 136 0 0 255 0 255
    177 255 153 255 255 0 0 255 12 0 0 255 92 46 0 255 0 127 0 0 53 255
    0 255 45 255 0 207 255 255 0 255 0 175 0 80 0 255 144 0 255 255 0
    255 0 212 108 96 0 255 0 0 0 187 255 255 255 0 255 171 0 0 154 0 251
    255 0 0 0 255 0 255 255 0 255 0 255 255 255 255 0 149 0 255 0 255 0
    255 155 0 255 0 0 0 255 0 255 240 255 0 244 255 255 189 0 255 124 0
    255 79 76 0 255 0 238 255 0 255 2 255 0 255 0 255 215 0 255 255 0
    255 0 0 0 255 0 0 255 255 0 255 244 36 255 91 255 218 2 31 0 0 0 255
    0 53 0 225 255 0 255 0 0 0 255 255 0 0 255 255 255 255 255 255 0 255
    0 0 255 0 255 0 0 255 0 238 255 0 255 0 255 0 255 255 255 0 255 255
    0 0 255 255 0 0 206 106 255 255 147 255 0 167 255 86 132 73 255 255
    33 255 124 0 255 189 255 114 0 255 7 26 125 255 65 255 0 0 255 0 148
    28 0 230 174 0 0 0 255 0 0 255 255 255 0 255 209 0 255 0 255 255 255
    0 0 0 255 158 0 255 200 250 0 255 0 0 0 255 0 5 255 239 0 0 255 144
    57 0 223 0 255 255 101 255 102 0 26 0 255 255 0 255 0 0 255 0 255 82
    255 90 0 0 255 0 255 0 0 255 127 225 0 205 255 255 0 192 81 80 119 0
    255 50 187 255 0 137 0 94 0 0 255 0 255 255 0 67 127 0 0 97 0 54 255
    0 196 255 255 0 255 255 0 0 16 0 255 0 0 255 0 0 255 255 0 0 255 255
    0 13 0 0 0 0 255 255 116 255 0 103 0 255 145 162 199 0 255 100 211
    92 255 255 0 255 0 6 0 0 47 61 0 255 255 75 0 0 255 255 0 255 0 255
    0 255 0 141 0 255 255 179 0 255 0 0 0 188 255 143 144 255 0 255 0
    255 255 0 255 0 255 255 29 220 0 234 0 91 255 255 0 255 255 255 0
    255 255 76 255 255 0 0 255 211 62 255 255 207 38 255 0 0 0 255 255
    255 255 0 255 0 178 33 0 255 99 0 0 255 255 125 0 138 0 235 0 255 0
    255 0 255 0 255 0 0 31 255 0 19 255 0 255 0 255 255 0 255 0 0 255 0
    255 81 224 0 255 0 255 255 173 255 0 0 255 0 255 255 255 255 255 0
    255 6 0 255 255 0 255 255 162 255 255 0 255 255 255 37 255 255 255
    255 255 0 39 255 255 0 82 255 22 255 0 70 255 0 255 255 0 3 255 255
    255 0 255 0 255 145 0 255 0 14 0 255 38 255 0 255 3 255 255 242 0
    255 0 255 255 80 0 255 0 0 242 0 255 254 130 125 255 36 0 255 0 0 0
    0 255 0 60 41 0 255 0 255 0 0 231 0 255 237 255 0 0 0 179 255 90 0
    255 255 0 255 220 0 255 0 231 255 27 255 255 0 0 255 186 255 137 36
    0 212 13 0 255 21 255 141 255 0 0 255 0 255 0 0 255 255 0 12 0 98
    255 0 0 136 107 0 255 0 141 0 0 255 0 255 0 255 0 255 255 104 22 0 0
    0 0 255 0 0 0 255 0 26 46 255 0 0 0 255 58 0 0 255 0 0 255 255 0 255
    255 0 255 0 143 255 255 0 0 255 255 0 255 255 0 255 59 255 255 0 255
    0 255 0 107 41 0 215 191 0 0 0 139 255 0 255 255 255 0 127 255 255
    255 75 255 255 83 255 88 0 0 255 0 0 255 0 0 19 255 255 255 88 31
    255 0 255 228 0 0 255 0 255 255 0 255 255 14 0 255 184 255 225 255 0
    255 166 255 0 0 255 255 255 0 255 0 0 255 0 255 0 255 78 0 0 255 0
    255 202 255 0 255 0 231 0 255 0 255 114 0 0 124 0 255 0 255 0 255 0
    0 255 0 0 0 255 0 47 0 231 255 255 0 146 255 0 0 0 17 0 255 0 0 255
    0 255 0 255 255 0 255 255 255 0 255 0 255 0 255 0 0 0 255 0 0 255
    255 0 0 255 0 0 255 66 40 145 0 255 186 245 255 255 0 255 0 255 0
    255 244 0 255 255 180 255 0 255 0 255 0 30 0 0 255 130 0 0 255 210
    255 255 255 255 255 255 255 231 0 0 255 247 0 255 255 255 0 255 0
    255 255 0 255 255 255 0 255 0 100 0 255 0 0 255 0 255 255 0 255 0 0
    255 255 0 12 255 0 61 255 0 71 0 255 0 255 0 255 0 25 0 0 134 0 0
    255 0 0 255 255 255 2 255 0 0 37 0 0 255 255 255 255 255 0 255 0 255
    0 0 255 255 112 255 255 255 0 255 255 0 183 255 0 255 0 0 255 255 0
    255 90 157 207 187 255 0 0 0 255 255 0 52 255 0 223 0 255 9 214 0
    255 0 0 0 255 0 59 255 0 255 0 0 255 0 255 255 0 5 255 156 255 0 255
    0 0 255 0 255 229 233 255 255 0 255 222 255 255 0 125 0 0 255 237
    255 21 0 255 62 0 255 0 248 47 255 0 255 0 255 255 255 0 255 255 0
    255 255 0 255 0 255 0 255 0 255 0 0 0 0 56 0 255 96 0 0 0 0 242 18 0
    109 255 255 0 255 142 43 0 255 0 0 143 181 255 0 0 0 0 0 0 255 102
    132 155 233 156 0 255 0 255 146 255 24 255 68 167 255 248 0 216 0 0
    0 0 63 0 255 255 0 255 37 0 0 58 0 53 0 0 61 0 117 0 0 255 0 0 255 0
    3 255 255 0 255 255 0 255 0 255 0 255 0 255 255 0 0 0 0 0 255 255
    255 255 0 0 199 0 255 255 0 255 0 245 111 144 0 0 0 255 0 255 255
    255 0 46 245 255 0 7 0 0 255 0 0 0 199 0 255 255 0 255 0 5 0 255 0
    255 255 0 0 255 0 255 0 227 0 255 0 255 15 255 113 0 255 0 255 0 0
    145 0 0 255 234 0 255 226 0 0 255 255 0 255 255 231 27 0 153 255 0
    255 255 0 0 0 255 109 0 255 0 84 89 0 255 0 0 255 99 255 0 60 169 0
    0 0 0 23 255 255 0 0 255 0 255 0 0 255 177 255 255 201 0 31 255 0
    178 0 255 0 255 0 255 255 255 0 113 255 0 4 255 39 235 255 255 255 0
    255 0 255 0 0 0 255 0 255 0 255 255 193 81 0 29 0 52 0 255 255 0 255
    137 95 255 0 255 0 255 170 255 0 0 0 0 0 255 0 255 255 0 232 0 255 0
    255 0 105 255 0 45 56 255 0 255 0 0 139 255 0 0 228 0 0 255 0 255
    255 0 255 255 108 146 255 255 0 255 255 222 0 0 255 0 108 168 113 67
    255 0 255 0 255 255 0 215 255 0 255 255 0 0 247 0 103 0 255 172 0
    255 0 0 0 0 28 255 255 36 5 0 255 0 0 0 255 0 255 0 0 255 0 79 0 255
    255 0 255 139 0 255 255 0 255 231 0 48 161 255 255 255 0 255 0 154
    255 244 183 255 0 255 0 255 0 255 0 0 255 255 255 255 255 0 0 255
    255 255 0 0 255 0 255 0 158 0 0 255 255 255 16 107 0 0 0 255 255 0
    255 100 106 255 0 0 0 219 255 0 255 0 0 203 0 255 255 27 255 255 255
    0 0 227 0 255 88 0 255 0 149 0 255 154 0 0 0 0 255 0 255 0 0 0 0 255
    175 0 255 214 0 255 0 0 109 255 255 255 0 127 255 255 123 255 255 0
    255 255 0 35 255 0 0 0 255 255 247 0 104 0 255 43 0 255 117 0 255
    255 255 45 106 67 0 125 255 255 254 0 255 255 0 255 0 160 0 255 0
    255 255 0 255 0 255 0 255 255 255 255 90 4 0 96 0 255 255 255 0 0 0
    210 0 0 255 0 0 0 255 0 0 0 255 0 255 0 0 255 255 0 255 214 0 0 0
    255 0 255 0 0 255 255 72 255 255 59 0 255 0 63 255 255 0 249 0 255 0
    123 85 0 0 255 0 255 0 255 255 255 0 255 255 0 67 0 255 255 0 255 0
    255 58 255 255 0 248 255 255 0 255 175 255 0 188 255 0 0 0 0 255 0
    200 255 255 0 255 50 255 255 0 0 255 0 82 255 255 255 0 0 255 255
    255 0 0 255 103 255 255 255 0 0 255 255 0 26 255 255 174 255 38 0
    255 0 255 0 255 225 255 0 96 255 255 255 254 225 149 255 0 255 0 255
    0 255 255 7 0 147 255 255 255 205 0 0 0 255 255 0 0 255 0 255 255
    255 0 255 0 180 0 203 255 0 30 255 0 0 255 0 0 40 255 0 0 255 0 255
    0 255 0 255 0 255 255 114 41 255 0 0 0 255 0 86 0 0 255 255 0 0 182
    255 0 255 0 0 255 0 161 0 104 0 255 0 115 154 0 255 255 255 0 196 0
    255 0 255 0 0 0 255 0 255 255 255 255 0 0 0 23 255 255 255 0 251 0
    255 255 255 0 17 255 255 255 0 0 255 255 255 255 0 0 0 255 0 0 255
    255 255 0 255 28 29 147 215 0 0 255 255 0 143 0 0 255 255 0 0 255
    255 255 0 255 0 255 0 4 0 0 0 221 167 0 255 91 253 255 0 255 0 255 0
    0 41 144 0 0 0 15 0 255 187 0 255 255 0 255 53 255 0 0 255 255 0 255
    22 255 0 0 124 255 0 172 255 0 0 142 0 255 255 255 0 25 0 0 0 255 0
    255 0 0 255 255 24 0 57 0 255 0 255 240 255 255 255 0 192 163 0 0
    255 0 0 146 0 0 0 255 0 255 199 0 255 255 255 0 153 172 0 0 0 0 0 0
    165 255 255 0 0 255 255 0 47 255 0 78 255 255 0 255 230 246 255 0 0
    0 255 252 0 30 0 255 82 255 0 255 0 0 0 26 0 255 255 255 255 0 0 0
    255 255 0 0 255 0 255 0 255 255 255 0 0 221 0 255 255 0 164 255 0 0
    255 0 43 255 0 52 0 255 0 0 95 112 0 255 255 136 200 255 0 0 4 255 0
    0 0 255 0 255 0 0 255 255 0 133 255 139 0 0 255 136 0 0 255 166 0 0
    83 255 0 255 255 0 255 0 222 255 0 52 255 0 255 0 255 93 0 148 255 0
    255 0 255 0 0 255 0 0 255 0 0 255 255 0 255 0 255 0 255 46 0 255 0
    30 128 0 0 71 255 255 0 255 255 0 255 255 0 255 255 0 229 255 255
    219 0 181 0 0 255 51 0 0 255 0 255 0 255 255 37 0 215 255 0 255 255
    0 255 255 0 66 0 0 255 0 255 0 159 0 0 255 69 0 0 255 0 255 255 0
    255 0 255 0 255 0 12 255 0 212 255 252 0 255 0 255 238 0 255 0 30 0
    255 0 82 255 255 255 255 0 255 255 255 13 0 0 0 255 155 0 121 35 170
    0 11 0 204 255 255 0 255 0 0 0 0 255 4 77 188 65 255 0 255 255 0 255
    0 255 255 0 255 0 0 255 0 255 0 255 255 0 67 0 101 0 0 255 210 0 255
    0 255 0 255 255 244 255 255 0 193 0 255 0 255 0 0 255 205 255 0 255
    243 255 255 0 221 0 255 255 255 0 255 255 255 0 255 200 255 255 0
    255 0 0 0 44 255 84 0 81 0 78 0 79 255 0 255 140 255 0 255 0 0 255
    255 0 255 0 255 255 255 255 0 255 103 0 255 255 0 255 192 0 0 255 0
    0 130 216 0 65 255 0 255 0 255 255 0 255 255 255 0 255 0 0 255 132 0
    255 0 255 0 0 0 255 0 193 255 255 255 0 255 255 0 255 255 255 193 0
    230 255 29 250 67 0 0 0 173 0 255 238 106 0 16 255 255 0 255 255 0
    255 255 255 0 0 255 0 0 255 255 0 255 248 0 255 0 0 0 35 0 255 255 0
    0 0 255 255 0 255 0 231 200 0 255 0 136 255 0 255 0 110 0 255 255
    255 200 255 0 255 0 255 0 0 255 255 206 255 0 132 0 255 255 255 0
    255 255 0 255 0 0 36 115 0 255 0 0 255 255 0 255 255 255 0 255 10 0
    0 167 0 0 255 255 0 255 0 255 0 0 96 0 0 223 255 23 255 255 255 0
    255 0 255 0 0 255 255 255 0 89 255 99 0 255 0 0 0 0 255 255 0 255 0
    143 47 190 135 0 137 0 0 255 105 0 0 0 0 255 27 23 0 255 255 255 0
    255 0 8 255 0 174 255 0 255 255 0 255 0 169 167 255 45 0 255 255 255
    0 255 0 255 36 0 255 255 255 255 0 255 0 0 255 255 187 255 0 255 65
    0 255 0 0 0 255 0 255 0 212 204 0 255 0 126 190 0 255 255 0 0 255
    255 255 18 0 255 0 255 0 0 0 255 0 255 0 0 255 232 145 255 0 255 83
    255 255 255 255 255 255 0 255 0 255 0 255 14 255 0 0 255 0 235 0 0
    255 0 255 255 0 0 106 255 0 0 255 66 0 255 255 0 243 0 255 255 0 231
    255 0 0 255 0 0 255 255 17 162 0 255 255 0 255 243 255 0 0 255 0 255
    154 0 0 0 255 0 229 0 0 67 183 255 255 0 255 255 0 255 255 0 0 204
    255 255 0 0 99 255 0 223 0 0 255 0 255 86 255 255 203 141 74 255 0
    97 255 255 255 0 255 0 255 0 255 0 0 68 0 255 255 0 0 255 0 255 110
    0 255 0 255 0 255 255 57 58 255 255 190 175 116 0 113 0 255 51 255 0
    216 255 0 0 255 0 157 255 255 0 255 0 255 0 255 255 0 0 183 0 255 90
    255 0 0 255 255 0 0 255 255 0 255 255 255 0 0 0 255 0 139 0 255 0 0
    255 255 0 255 0 255 0 255 85 255 0 255 117 0 98 43 250 255 0 255 136
    0 0 0 255 0 255 255 0 255 0 255 188 0 0 255 0 255 0 255 255 0 255 0
    0 0 255 255 0 0 255 0 0 255 202 255 0 255 255 0 255 0 0 255 0 148 52
    143 0 0 255 255 255 0 0 255 194 255 0 0 255 255 255 45 0 0 125 0 255
    255 0 255 98 255 255 0 255 0 255 255 0 0 255 0 0 255 0 255 0 255 0
    255 255 0 0 255 0 255 0 0 255 0 255 0 255 0 0 255 182 24 0 131 245
    255 0 255 0 0 255 144 255 255 255 1 255 255 0 0 105 255 0 218 230 0
    255 0 255 255 255 255 0 156 0 79 248 255 0 90 255 0 109 255 0 255
    255 0 7 0 255 0 255 0 255 134 0 255 0 255 0 255 0 0 255 0 255 0 255
    249 2 151 255 0 155 255 159 203 0 255 0 255 255 0 123 0 255 0 255 0
    239 0 61 255 0 0 255 104 255 179 255 0 255 255 0 0 255 255 0 0 0 255
    0 0 255 255 0 0 255 114 0 0 55 255 0 0 0 255 0 0 0 255 0 0 255 78 0
    255 0 0 255 40 107 255 255 0 255 0 255 255 255 0 255 0 77 0 255 0 41
    223 0 255 0 22 179 0 255 255 255 0 255 0 255 255 96 12 32 255 0 255
    255 0 255 0 255 255 0 255 0 255 0 0 255 255 255 0 112 255 0 33 255 0
    255 0 255 0 0 255 31 0 255 0 255 12 0 255 0 255 255 0 232 255 0 133
    255 255 53 0 255 0 43 255 255 0 0 87 255 152 0 0 0 255 0 255 255 0
    213 241 255 255 255 255 0 255 241 255 0 255 0 255 0 0 0 255 255 0 0
    0 0 255 0 0 0 62 14 0 255 0 78 0 255 0 255 200 0 255 0 0 0 255 255 0
    255 255 0 255 255 255 255 0 255 30 0 255 0 255 207 255 0 109 120 0 0
    169 148 113 200 255 255 57 0 255 0 255 0 139 255 0 0 221 255 0 0 255
    0 94 255 0 193 0 255 255 0 255 255 228 195 255 0 255 90 255 255 0
    208 0 14 0 0 255 0 58 255 0 255 255 32 0 63 255 0 255 255 0 255 0 0
    255 0 0 255 255 255 0 2 255 255 0 255 255 247 243 255 0 255 0 0 0 91
    255 0 255 129 134 255 73 0 0 88 0 255 0 255 0 255 0 0 37 255 37 255
    50 0 255 0 32 255 0 0 255 0 0 255 0 255 0 0 255 0 255 0 0 255 1 86
    150 0 0 255 152 0 255 0 0 255 255 0 255 0 255 0 255 29 0 121 0 0 0 0
    0 0 255 158 200 255 96 255 255 0 255 0 0 100 145 0 255 55 0 81 144 0
    131 255 0 0 0 255 0 0 0 0 255 0 149 255 255 0 186 0 0 0 0 198 0 0 4
    255 0 0 0 0 255 167 255 0 255 26 255 0 0 255 0 255 243 255 0 0 255 0
    255 60 255 0 0 255 255 0 255 0 255 4 0 0 0 197 255 32 255 167 0 240
    255 185 255 0 255 168 255 255 0 255 255 0 255 248 0 255 0 0 58 0 255
    0 124 255 0 246 123 255 255 255 198 0 255 0 112 255 0 255 179 0 0 48
    0 0 0 255 38 0 255 255 255 0 255 205 0 255 0 255 255 0 177 40 255 0
    96 37 143 255 0 0 255 0 255 0 104 255 0 0 255 0 255 0 255 0 0 0 255
    0 255 0 255 130 255 0 78 190 0 255 224 255 43 255 0 167 255 0 184 0
    255 0 255 255 0 217 0 255 0 255 0 0 32 145 0 255 36 255 255 0 70 196
    66 179 255 255 0 24 255 255 0 255 0 255 255 0 255 255 0 255 255 0
    247 0 255 0 0 255 0 255 0 255 255 255 255 0 255 255 0 0 224 0 255 0
    255 255 46 0 255 255 255 0 255 106 255 255 255 0 38 125 15 255 100
    255 180 0 255 255 0 0 0 0 0 255 86 147 203 255 177 0 255 255 0 255
    255 0 255 8 255 0 22 255 255 255 0 255 151 0 0 96 0 0 255 255 0 0
    182 255 122 0 255 0 255 0 0 255 0 0 255 255 0 0 255 0 212 0 255 0 0
    255 78 255 255 0 0 255 0 255 0 138 0 255 0 0 255 255 0 255 178 255 0
    145 255 138 172 0 122 255 0 223 0 255 142 0 255 255 0 255 255 255 0
    255 0 255 65 255 0 255 0 255 0 255 255 75 0 0 0 255 66 235 255 0 255
    255 158 79 50 0 232 0 255 0 255 0 255 255 255 0 255 0 0 255 255 255
    0 0 255 59 255 0 255 255 255 0 0 197 40 0 255 0 255 0 110 255 159 0
    255 0 99 0 255 0 255 0 255 0 255 231 49 255 92 255 0 234 0 255 0 0 0
    0 255 0 0 0 0 0 255 56 255 0 0 0 255 121 181 0 255 0 255 7 199 255 0
    255 219 0 0 0 0 151 0 0 85 89 0 255 255 0 0 93 255 255 0 49 255 0
    255 255 0 255 255 0 0 255 0 223 255 227 0 0 255 255 0 0 255 0 255 55
    191 155 0 0 255 188 0 0 0 0 0 255 22 0 136 255 0 0 0 0 0 0 255 0 0
    255 255 145 255 0 255 0 0 255 0 0 241 255 0 0 0 255 176 198 0 207
    255 0 0 255 0 255 160 0 255 0 0 255 4 255 0 255 0 6 56 255 255 184 0
    0 4 0 255 255 255 240 252 0 0 211 255 0 0 0 0 0 255 225 0 209 0 255
    255 0 0 145 255 158 143 255 0 0 80 255 255 0 255 0 203 115 0 255 255
    255 0 255 255 183 246 255 0 255 31 255 255 255 0 129 255 255 177 0
    44 0 255 41 255 255 0 255 0 0 255 255 0 255 216 0 255 255 0 0 255
    230 181 255 255 0 255 255 255 0 0 255 0 124 255 0 255 72 0 255 0 255
    0 255 203 255 0 0 214 0 255 0 255 255 214 127 0 255 255 255 255 255
    0 0 255 0 255 0 255 6 0 255 0 255 0 255 0 96 255 0 0 255 255 255 0
    255 255 255 0 255 0 255 0 154 255 255 0 78 0 190 0 0 119 255 0 255
    255 0 255 0 114 255 0 0 23 255 255 0 0 255 0 0 255 255 255 0 0 137
    243 223 255 70 52 255 255 38 0 255 0 0 255 255 255 0 255 0 255 0 0
    166 38 0 0 255 0 255 255 0 0 0 0 35 0 255 0 255 0 255 255 255 0 255
    255 0 255 0 0 255 255 0 255 0 255 0 255 189 58 255 0 255 51 255 0
    255 0 0 255 0 186 0 0 0 255 0 255 255 0 255 255 186 0 255 255 107 0
    255 0 255 255 0 255 0 255 93 0 255 255 0 0 255 33 255 0 255 255 255
    196 0 255 144 0 0 129 0 255 255 0 255 0 255 255 70 0 12 0 255 255
    255 0 255 0 255 255 0 255 0 156 255 102 0 255 0 243 255 212 255 255
    0 0 255 0 203 0 0 255 255 255 37 0 255 0 0 0 0 255 140 67 255 0 0
    255 0 0 0 255 255 0 24 234 255 151 0 0 255 0 248 255 73 255 227 0
    255 255 0 0 255 0 255 255 0 125 255 255 232 25 139 255 0 0 0 255 0
    255 0 170 255 0 255 255 0 255 0 255 29 92 255 0 0 98 255 255 0 255
    255 0 255 255 89 0 255 150 151 0 255 0 255 0 39 0 0 86 255 0 255 0 0
    103 255 0 255 255 145 255 0 255 0 255 104 255 255 0 0 0 255 0 255 0
    89 255 255 245 255 51 0 206 255 0 255 255 0 210 255 0 0 202 0 173 0
    200 0 0 0 255 9 255 255 0 255 255 255 96 255 108 255 112 255 255 176
    255 255 255 185 0 255 16 255 0 255 0 255 0 255 0 255 110 255 155 0 0
    255 0 0 255 0 0 0 0 255 0 255 255 0 0 255 255 255 0 0 255 0 0 190 0
    255 0 255 255 0 0 0 255 63 105 255 0 97 255 0 0 255 255 0 255 0 255
    255 0 255 67 0 255 0 89 255 168 255 0 255 0 0 255 109 2 255 0 255
    182 0 255 255 141 88 193 0 0 0 255 231 250 14 0 217 0 29 255 0 0 255
    255 255 255 244 0 255 0 255 0 255 255 74 185 96 142 0 255 0 255 255
    0 0 0 251 0 255 238 255 255 0 0 255 0 21 255 163 213 0 0 255 0 255 0
    255 0 255 0 255 0 0 0 255 255 0 198 255 34 0 0 255 0 255 88 0 0 0
    255 0 67 0 0 0 0 0 255 240 218 251 0 0 255 0 218 255 255 0 255 255 0
    0 0 255 0 255 0 0 255 0 0 255 0 255 255 0 0 255 0 0 0 255 0 255 0 0
    0 255 0 255 0 255 255 0 0 255 59 0 103 255 188 0 0 255 245 0 255 0 0
    255 0 255 0 0 100 0 255 255 255 255 0 255 42 65 0 254 0 177 0 0 255
    0 255 0 237 0 255 0 210 177 255 255 0 181 255 0 10 0 120 0 0 255 255
    0 255 21 255 0 125 255 255 0 0 0 255 0 0 255 255 0 0 0 0 255 255 255
    137 59 255 0 0 0 255 255 0 133 255 0 255 255 0 255 0 0 86 170 0 255
    0 255 255 255 0 0 255 56 0 255 0 255 0 255 0 255 216 255 0 255 255 0
    134 25 255 255 0 19 251 0 255 0 0 0 0 104 100 255 0 255 0 194 0 232
    0 255 0 255 255 0 255 255 0 0 255 160 0 255 0 234 134 0 255 255 0 41
    255 0 255 173 201 255 255 0 51 89 255 0 252 0 255 0 0 255 9 0 255 81
    0 255 255 58 255 0 51 0 167 255 0 0 255 255 255 117 0 255 0 255 255
    37 255 0 0 0 255 255 0 88 255 255 0 0 0 255 0 255 255 0 255 0 0 231
    127 122 255 255 198 0 255 0 255 0 255 9 255 255 62 0 255 255 0 33
    255 0 81 255 0 255 0 255 60 0 7 186 255 0 255 255 255 255 169 255 0
    171 0 0 0 0 255 0 62 255 255 0 0 0 135 0 0 255 255 255 0 255 0 6 0 0
    255 0 255 255 213 113 235 0 108 255 0 172 3 215 255 205 0 213 0 255
    0 0 255 0 255 255 0 255 0 255 255 255 255 11 0 255 0 255 0 255 0 255
    0 0 255 0 128 192 0 0 255 69 0 255 0 255 217 210 255 255 142 255 255
    0 165 0 255 0 0 0 0 0 147 255 0 78 0 255 0 255 255 0 0 255 155 247
    18 255 0 62 180 255 0 255 103 0 255 141 0 255 255 0 0 197 0 0 255 0
    255 0 0 255 0 194 255 209 255 132 244 102 218 255 255 255 255 0 255
    0 0 255 255 0 0 255 0 0 231 255 0 255 255 0 85 31 255 255 255 0 255
    255 0 255 0 0 231 255 255 255 0 0 176 0 255 230 206 0 0 0 255 118 0
    255 255 0 0 255 255 140 228 255 0 0 255 231 0 255 0 234 162 0 255
    255 171 0 255 255 113 255 103 255 0 60 0 0 255 255 0 255 0 0 255 255
    255 255 0 255 0 64 0 255 0 255 0 255 0 0 0 163 255 255 0 255 255 255
    183 255 0 255 255 0 0 180 0 255 0 255 255 255 0 0 255 0 255 0 255 0
    231 0 0 255 93 255 150 255 0 255 255 255 0 192 0 255 255 0 255 255
    255 255 255 82 160 255 255 0 255 0 0 0 0 255 12 0 255 0 255 0 255
    255 0 79 0 255 255 0 0 255 33 255 0 255 255 255 90 255 0 19 255 0 0
    255 0 255 0 70 255 255 255 0 255 255 185 255 0 255 0 0 16 76 255 135
    0 0 255 0 255 24 255 255 255 0 0 255 0 255 255 197 255 255 0 255 255
    255 0 0 255 255 0 255 255 46 169 0 0 255 0 0 255 0 171 0 255 0 0 255
    76 255 149 255 0 255 255 0 0 0 255 255 0 255 0 255 255 0 131 19 255
    0 255 40 206 255 0 0 255 255 209 0 0 0 255 32 0 255 0 106 255 255
    255 78 0 255 255 0 77 255 209 255 0 0 255 53 0 255 0 0 255 0 0 221
    240 0 255 0 255 255 0 0 255 255 255 0 255 0 255 0 0 0 255 0 0 255
    255 0 118 255 255 255 0 255 0 255 134 0 255 3 34 0 0 189 228 0 0 179
    0 255 255 195 255 255 0 255 0 255 0 255 0 0 194 245 112 0 255 0 255
    0 0 0 0 255 0 0 68 255 0 255 255 0 255 0 202 164 255 0 174 159 0 0 0
    0 255 76 0 65 255 255 255 0 255 255 0 255 255 255 255 0 27 255 0 0 0
    255 0 160 0 255 0 6 0 0 255 0 255 0 0 255 255 0 255 0 0 0 88 244 255
    0 255 0 0 255 0 0 229 255 0 255 0 255 89 0 0 0 11 255 87 255 0 255
    108 0 0 0 150 255 0 0 69 255 0 255 0 255 255 255 255 255 0 58 255 0
    134 255 199 255 0 255 0 0 255 44 255 255 0 180 0 0 0 255 0 255 0 252
    0 6 0 255 255 0 0 255 0 255 0 122 255 0 255 0 255 255 148 0 241 255
    0 0 255 0 255 255 255 126 0 255 0 0 0 131 40 255 255 255 0 184 189
    255 0 255 161 0 0 255 255 255 0 0 0 255 87 255 0 0 255 94 163 0 0
    221 255 255 0 192 0 212 0 0 0 255 0 255 0 255 0 206 176 0 77 0 255
    255 255 0 255 0 133 255 101 126 0 255 75 168 0 255 0 0 6 212 255 0
    255 0 0 255 111 33 0 0 218 0 252 0 255 255 255 0 255 132 198 0 111 0
    255 0 255 0 255 255 0 0 0 255 0 255 0 255 255 0 255 0 255 245 255 84
    0 0 170 0 0 255 255 255 255 41 192 255 0 110 0 255 255 153 0 255 255
    255 0 255 0 0 245 0 145 255 0 0 255 0 105 255 114 0 82 0 92 0 255
    255 6 0 255 0 0 255 0 255 168 0 255 255 3 0 0 255 0 255 255 255 0
    255 177 0 255 0 255 157 0 0 161 0 216 0 255 0 2 255 0 255 255 0 255
    201 0 255 0 255 0 255 255 0 0 255 142 0 255 255 255 0 255 143 118 0
    0 255 213 20 62 255 55 0 255 150 0 0 255 0 9 0 174 0 18 255 189 122
    251 0 199 255 255 132 0 194 255 93 255 0 255 0 255 0 255 52 200 0
    255 255 255 255 0 0 255 255 64 255 255 0 0 255 0 255 255 255 255 0 0
    6 0 255 255 0 0 255 17 0 255 36 0 0 0 0 0 0 255 255 231 0 0 255 0
    184 255 0 255 0 255 0 255 0 255 182 0 0 0 0 255 0 255 0 255 255 255
    209 0 0 255 246 77 255 0 0 255 0 0 251 248 255 49 255 255 0 0 0 0
    255 0 163 255 255 0 32 255 255 0 255 34 0 68 0 0 134 246 0 255 0 255
    0 255 0 227 0 90 171 255 0 255 21 0 255 255 0 0 255 113 0 255 0 255
    0 255 118 255 0 79 0 255 0 255 0 255 255 143 0 255 0 0 255 0 0 255 0
    255 0 255 255 0 0 0 98 255 64 29 172 0 0 33 3 0 255 255 105 255 255
    255 178 92 255 0 0 0 177 0 255 0 255 0 205 36 0 139 0 255 0 255 255
    0 235 0 255 0 255 0 0 255 0 255 189 255 255 255 0 0 16 0 0 0 255 255
    0 255 255 0 0 192 17 255 255 0 0 255 0 255 255 0 179 40 0 255 255 0
    0 255 175 0 255 255 0 255 36 13 197 0 0 0 255 120 2 255 248 196 0 0
    255 203 0 255 0 255 255 76 0 255 0 255 0 255 0 141 255 255 255 255 0
    255 255 173 98 30 255 0 0 255 66 255 0 255 0 0 255 0 255 0 255 255
    26 255 0 62 255 255 180 0 255 0 255 0 0 255 0 255 255 0 0 255 154
    255 190 255 0 171 30 0 0 56 129 0 255 0 255 0 0 255 0 0 0 0 177 0
    255 255 0 0 255 255 123 0 255 0 116 255 0 255 150 101 255 0 217 184
    0 0 255 0 255 51 0 0 255 0 0 255 0 255 0 0 0 0 255 0 255 0 0 0 255 0
    0 255 0 0 255 255 255 0 0 255 163 255 255 0 3 255 0 255 0 255 0 0
    255 160 162 255 0 0 255 255 0 74 0 255 173 0 0 0 0 255 0 255 255 255
    0 255 0 255 0 0 255 255 255 0 0 255 255 0 255 0 194 255 0 255 255 0
    255 0 255 0 0 255 78 255 226 0 255 255 255 221 0 255 255 249 130 255
    0 141 0 255 0 137 0 0 86 0 0 75 255 0 0 197 255 255 255 0 0 0 255 0
    0 255 86 0 255 255 0 255 0 0 0 255 199 255 255 240 255 0 255 255 0 0
    255 0 255 213 255 255 0 0 255 255 0 255 255 255 0 255 255 255 0 59
    255 0 255 255 255 0 255 0 0 0 0 255 203 0 255 0 219 255 0 89 0 255 0
    255 39 29 255 0 121 0 255 0 255 0 255 0 0 0 255 31 255 255 255 157
    255 126 0 255 255 255 255 0 255 0 255 255 0 255 0 255 255 0 230 0
    255 255 0 255 255 0 230 255 253 255 0 255 255 0 255 0 242 255 175
    255 0 140 69 255 0 0 255 0 255 255 117 255 255 0 255 0 255 255 0 255
    186 255 0 0 132 0 0 255 0 255 119 2 0 0 193 255 0 0 0 0 255 255 255
    255 255 0 60 255 15 0 255 0 0 255 0 255 255 0 255 255 255 255 0 255
    255 0 255 177 255 0 100 0 255 255 0 255 255 0 0 0 0 0 0 176 255 0 0
    216 175 255 255 0 255 0 255 255 0 0 0 255 255 255 0 0 255 122 0 184
    199 245 255 255 0 57 0 255 255 255 31 0 255 247 0 255 0 91 255 255 0
    0 52 0 214 120 233 0 255 0 255 255 255 0 0 255 0 255 0 255 0 0 255 0
    0 148 187 62 0 255 0 255 25 252 189 255 0 0 255 0 0 255 49 57 0 0
    180 0 255 255 255 0 255 255 255 255 0 255 0 0 255 0 0 255 7 202 0
    255 255 0 0 0 0 255 0 255 255 255 0 255 255 0 75 112 0 255 0 255 255
    0 150 255 0 0 255 251 0 98 0 0 20 255 255 0 255 0 255 0 255 136 75
    255 54 238 0 22 89 255 0 255 0 222 0 255 255 0 0 0 255 255 0 58 255
    0 0 255 167 145 0 0 255 255 0 0 38 255 255 0 255 255 0 255 0 102 255
    0 0 255 0 130 255 0 255 0 255 0 255 51 255 0 0 0 0 255 255 96 0 255
    166 255 255 0 255 0 0 255 0 0 96 0 255 0 232 0 255 0 51 255 255 142
    0 255 215 13 50 255 0 255 105 255 98 255 233 255 222 0 255 0 0 0 255
    0 255 0 255 0 255 0 255 0 0 255 0 52 255 0 0 255 164 0 255 255 0 0
    126 255 0 255 255 0 255 39 0 255 255 255 0 0 255 255 255 255 255 255
    0 190 0 0 82 255 255 107 0 0 255 255 0 255 246 255 43 255 255 0 255
    0 255 0 255 0 209 255 0 215 0 156 255 0 215 140 255 16 60 235 0 255
    255 0 255 172 0 255 0 27 254 255 255 125 0 255 255 75 255 0 6 255 5
    0 255 255 0 255 0 0 255 0 255 241 76 198 187 255 255 255 0 0 255 0 0
    255 255 255 240 255 0 67 255 0 0 255 0 107 0 255 0 255 0 0 255 0 255
    0 159 255 96 46 0 160 195 0 223 98 255 37 255 0 255 0 0 255 255 0 0
    0 255 0 255 255 0 255 255 0 255 182 0 0 255 255 118 0 255 0 224 255
    0 0 49 255 255 0 209 117 0 0 255 255 0 185 255 0 252 0 0 255 0 0 255
    255 0 255 229 118 173 77 255 255 0 0 0 255 0 255 255 0 0 255 164 0
    103 122 0 0 255 198 0 0 0 129 0 0 0 255 255 255 0 255 255 51 255 0
    255 0 255 0 0 0 255 255 196 255 0 255 240 0 255 255 0 0 0 0 255 0
    255 194 0 255 0 255 255 0 255 0 255 0 255 0 0 255 241 0 255 0 203 36
    0 0 0 0 255 255 0 28 255 93 0 0 97 255 206 0 24 255 255 255 0 255
    197 0 0 255 255 255 48 102 232 255 0 255 255 255 0 0 255 0 255 0 255
    46 0 212 158 0 0 95 255 255 255 0 255 0 0 235 0 255 0 0 255 0 0 255
    0 0 255 0 255 154 0 255 0 0 129 255 0 0 255 222 0 242 255 0 255 0 0
    255 255 0 0 179 0 255 177 255 33 0 0 255 0 255 0 0 255 0 255 0 255
    255 255 0 124 0 0 0 0 62 255 0 255 182 255 255 0 0 0 255 103 255 255
    0 255 0 0 0 255 255 0 255 191 255 0 0 255 179 108 224 88 255 0 255
    154 15 0 255 0 0 51 255 154 255 0 0 255 0 255 0 255 255 0 0 255 96
    229 129 255 255 0 0 148 0 255 0 255 131 0 0 255 196 255 188 255 0 32
    255 255 0 255 0 255 0 255 255 0 0 170 0 0 255 255 0 92 255 0 255 0
    255 0 0 255 255 255 121 0 255 255 255 213 0 255 0 165 255 100 0 42
    255 64 255 0 255 0 255 0 255 0 79 0 255 0 0 255 0 255 0 255 29 0 255
    255 255 0 255 159 181 0 255 134 0 255 0 0 255 0 216 0 255 0 0 37 0 0
    255 255 248 255 0 136 220 0 100 0 255 0 255 255 0 255 0 255 253 164
    255 0 0 255 0 254 255 255 0 255 0 0 255 93 0 0 0 0 0 255 255 0 0 0
    255 184 1 211 0 0 255 0 0 0 0 46 255 0 0 162 233 255 132 0 0 142 0 0
    0 0 255 0 0 255 101 0 255 0 255 81 0 255 0 0 255 0 85 255 0 255 49
    58 255 255 0 21 0 0 255 0 0 255 0 0 255 0 255 56 255 0 255 255 0 0 0
    255 0 255 0 105 255 0 255 0 239 132 255 255 255 0 0 0 255 121 173 0
    255 182 255 0 255 0 0 255 171 0 255 126 0 218 255 0 255 81 0 255 6
    255 0 0 255 255 0 0 255 0 1 30 0 255 148 0 255 0 143 254 226 0 255 0
    0 0 0 0 255 255 255 0 255 255 255 0 255 255 10 17 47 0 255 0 0 0 82
    0 207 255 0 108 255 0 255 13 148 255 0 255 0 255 255 255 255 241 255
    255 0 116 255 0 255 255 0 255 0 0 0 35 255 0 0 255 217 64 201 255
    214 255 0 255 255 255 7 204 0 255 255 255 0 0 0 0 255 0 255 0 255
    255 255 0 0 28 0 255 255 255 0 255 0 152 255 232 0 0 255 0 0 182 127
    255 44 205 0 255 1 108 255 251 255 255 255 0 0 255 0 0 255 255 0 113
    202 0 18 0 0 255 255 0 120 255 0 255 255 177 255 255 127 255 147 255
    255 0 0 255 0 77 255 255 255 0 255 255 0 255 0 255 202 162 7 0 0 255
    255 0 0 255 0 0 255 163 0 255 0 0 0 255 255 255 0 0 255 255 255 0
    255 255 142 0 202 0 0 255 255 0 255 22 0 255 0 255 255 0 0 255 0 233
    0 255 255 0 255 0 255 255 142 1 255 255 0 109 255 0 255 255 0 255 0
    255 255 0 0 0 255 255 0 255 0 0 0 255 0 0 4 0 188 39 0 255 255 0 0
    255 0 41 123 255 0 250 0 255 255 0 0 255 0 255 255 0 255 255 255 255
    148 0 255 0 255 208 0 212 255 119 255 0 88 0 216 201 195 0 127 233
    255 0 0 255 0 0 73 255 188 0 255 0 178 114 0 0 0 0 255 0 0 0 255 190
    0 0 255 255 0 0 255 134 239 0 255 0 255 115 0 255 0 23 0 255 255 255
    0 255 255 0 255 0 255 0 193 181 255 0 255 0 0 102 207 0 200 0 255 0
    255 0 0 84 42 0 29 0 89 255 54 125 255 0 255 31 255 0 0 255 255 0
    255 255 193 87 0 255 255 255 131 180 209 0 67 0 255 255 255 0 255
    255 255 255 0 255 0 230 255 0 255 94 108 0 0 82 255 0 192 11 255 255
    0 0 255 0 255 0 0 255 255 68 255 135 255 255 0 255 0 255 0 0 255 255
    251 100 0 255 0 239 255 255 158 0 255 255 0 255 0 255 0 0 255 255
    255 164 0 255 0 0 255 0 255 113 0 0 15 255 13 0 253 145 0 255 0 255
    80 255 0 150 255 0 255 128 255 126 255 0 255 255 0 255 158 255 255
    255 255 4 52 0 250 2 255 0 255 159 0 0 255 255 0 255 0 144 175 255 0
    0 255 0 255 246 92 0 36 255 0 255 0 255 255 0 255 0 255 0 255 0 255
    206 255 0 0 0 255 0 193 162 0 255 255 0 255 255 85 255 0 255 0 255 0
    239 255 255 255 0 255 82 255 0 0 255 0 252 0 255 159 100 255 0 255 0
    0 241 255 0 255 255 0 255 157 113 2 255 132 255 255 199 23 0 255 0
    206 255 0 0 6 0 255 0 146 255 255 255 255 0 255 255 0 255 0 0 80 173
    17 255 255 255 0 255 0 11 12 0 34 255 255 0 0 11 27 0 0 255 0 197 0
    255 0 0 0 255 173 255 0 255 0 0 255 14 255 101 255 137 255 0 37 0
    128 0 116 255 0 255 255 0 196 0 0 174 255 160 255 255 0 113 0 255 0
    255 0 255 246 255 97 0 255 51 69 202 110 255 0 255 255 33 255 255
    184 116 0 201 255 0 255 255 223 255 255 255 0 250 255 0 0 255 90 255
    0 143 255 255 255 131 255 88 0 255 0 255 0 66 70 0 255 255 255 0 0 0
    0 255 0 0 255 252 185 79 0 255 17 0 0 255 0 92 255 0 0 255 0 0 255 0
    255 139 0 0 0 0 183 65 255 0 255 198 218 190 255 255 0 22 255 255
    255 0 0 255 0 255 247 255 0 255 45 0 0 12 255 141 0 255 0 0 255 255
    0 119 0 0 8 0 206 0 0 255 19 0 0 148 255 41 154 71 0 255 0 237 0 255
    0 255 0 255 255 0 255 0 0 255 221 255 0 255 0 0 255 255 0 87 0 255 0
    179 0 8 0 0 0 255 0 202 255 0 255 0 0 53 0 255 153 177 0 255 0 255 0
    255 133 0 255 0 106 255 0 0 133 255 0 0 255 51 255 0 255 255 189 255
    0 0 255 0 255 255 98 255 255 0 0 255 0 52 255 20 0 255 0 0 0 0 255 0
    252 0 255 0 0 0 255 113 0 255 255 0 255 255 0 0 255 255 88 255 75
    178 0 0 255 255 255 0 255 0 0 33 0 255 255 0 186 255 255 0 83 0 255
    0 255 0 0 255 255 255 0 253 255 255 0 0 0 39 147 8 255 0 255 0 255 0
    0 255 104 0 255 255 0 255 0 0 255 255 0 118 16 52 255 0 255 0 255 78
    255 0 46 255 0 0 255 149 0 255 0 0 255 55 255 0 255 255 0 255 0 255
    255 255 0 0 255 12 0 0 255 108 0 255 0 10 128 0 255 0 255 0 255 255
    0 0 0 255 0 0 77 0 255 0 255 241 15 255 255 255 0 93 255 0 0 255 127
    0 0 255 0 0 255 0 255 0 0 255 52 255 0 255 42 223 255 0 19 255 0 255
    255 0 0 0 255 87 255 255 0 255 0 194 255 84 0 0 0 255 0 255 113 236
    255 0 255 255 0 199 0 255 0 0 0 0 255 226 255 0 130 255 241 255 0
    132 255 255 0 0 0 212 255 191 0 255 107 65 199 0 133 0 0 0 0 255 255
    0 255 0 255 255 0 0 0 255 255 244 255 0 255 255 0 0 137 109 0 69 74
    213 0 255 0 0 0 0 60 0 190 0 60 0 255 0 0 0 0 0 120 167 0 255 255
    255 0 24 255 187 0 7 0 255 0 33 1 255 0 0 255 0 0 255 0 255 255 0
    255 0 0 15 0 101 0 169 255 0 0 255 0 255 0 0 255 0 255 255 0 255 0
    255 255 255 0 10 148 255 255 255 0 255 0 39 0 255 0 185 144 255 0
    255 255 239 0 255 209 255 0 255 99 0 255 0 102 255 255 0 255 0 0 255
    255 148 255 132 112 255 0 208 0 0 255 0 255 99 172 255 20 255 0 0 31
    255 255 0 255 1 0 255 255 0 255 134 255 0 0 255 255 0 0 255 0 32 100
    179 16 38 141 0 0 255 0 0 0 255 0 0 255 0 255 0 0 28 255 62 255 0
    255 255 255 0 104 255 255 255 255 0 255 255 127 182 255 99 0 115 0
    255 80 0 160 255 5 105 255 0 71 255 0 0 255 0 0 255 0 0 255 255 0 0
    255 0 255 0 255 0 0 255 0 255 255 120 0 255 0 127 255 0 255 0 133
    255 0 0 0 0 71 255 254 0 0 255 255 0 255 255 54 0 0 255 35 250 255
    255 255 255 255 0 255 0 0 74 0 138 255 194 0 255 255 0 0 0 255 0 0
    255 255 255 0 0 255 255 255 231 0 255 255 0 255 0 0 255 0 0 255 0
    255 0 0 255 0 0 0 255 255 134 255 0 255 51 0 255 255 0 42 255 0 0 0
    127 0 255 10 0 122 178 255 98 255 255 0 255 0 81 255 0 255 102 0 204
    134 255 0 24 255 0 0 255 0 0 0 111 255 0 255 255 0 253 36 225 94 0
    255 0 255 117 160 255 0 0 110 255 191 0 255 29 0 66 255 0 0 255 123
    255 255 255 255 70 0 255 142 255 255 0 0 255 178 0 255 238 0 167 0
    255 193 0 255 255 0 255 255 0 255 0 255 255 0 228 255 205 92 204 0
    255 0 0 255 0 0 233 255 0 0 0 209 255 0 255 20 0 0 0 255 229 49 255
    255 0 0 6 255 0 255 0 255 0 214 0 0 204 255 166 0 20 255 255 23 0
    206 255 0 58 255 255 255 0 255 255 255 0 255 255 0 255 255 0 200 0
    255 0 0 255 0 0 12 255 0 147 0 255 0 0 0 255 255 255 0 0 255 0 209
    255 0 255 0 0 164 255 255 255 0 255 0 48 255 0 255 0 0 193 131 0 255
    0 0 255 0 0 255 0 0 214 255 255 160 255 255 0 255 255 255 0 255 255
    0 255 0 109 0 0 255 0 255 77 0 255 255 0 227 255 211 255 0 255 81 80
    0 0 19 255 255 255 195 0 0 0 255 0 255 0 255 255 0 0 155 0 0 0 255
    36 255 255 255 0 255 0 255 255 0 0 13 24 0 0 127 0 0 255 0 3 0 255 5
    0 111 105 255 0 217 255 255 237 0 255 0 255 255 255 0 0 0 76 255 0
    255 0 255 0 157 0 187 0 255 255 38 255 208 255 0 0 0 255 0 255 53 0
    255 0 255 255 0 255 0 255 0 226 0 0 255 54 255 94 0 255 0 255 0 255
    255 249 0 164 0 76 192 108 255 161 255 96 255 0 255 0 220 255 0 182
    0 0 255 0 255 255 255 255 255 0 255 0 0 255 0 255 0 255 82 0 214 255
    255 244 245 225 0 125 185 181 0 255 0 255 255 159 255 0 0 0 255 0
    255 0 90 255 255 0 0 255 0 0 0 0 255 0 0 255 0 255 255 255 0 255 0
    140 30 255 0 255 0 73 0 255 0 0 255 0 0 114 164 255 0 0 0 255 0 255
    84 255 0 185 0 255 0 0 114 0 155 255 0 0 255 86 255 51 0 255 0 255 0
    255 23 255 0 255 0 255 119 0 0 255 202 255 255 198 255 122 0 255 255
    0 255 255 0 255 255 0 255 255 255 7 255 0 236 255 0 255 0 0 0 255
    255 0 0 201 255 255 0 255 255 255 0 137 0 255 255 100 0 221 255 0 8
    0 255 58 0 255 255 0 255 0 255 0 255 0 255 255 255 124 154 0 0 255 0
    0 255 255 255 0 255 0 255 237 0 0 255 255 0 180 255 0 0 209 255 0 0
    255 0 0 255 105 255 0 255 255 0 0 0 255 61 0 255 0 255 0 255 255 255
    0 255 0 255 0 255 0 146 255 0 255 15 0 0 0 255 192 255 255 0 255 255
    14 0 0 0 255 0 255 254 255 255 0 0 0 71 255 0 5 154 0 116 255 255
    255 91 79 0 0 0 57 0 0 183 0 163 0 54 255 0 255 255 255 191 0 0 0
    255 0 255 255 255 255 0 255 255 255 0 0 255 166 0 255 196 0 255 0
    255 255 244 0 69 255 255 255 0 0 2 0 255 255 0 0 255 255 70 255 255
    113 204 65 139 13 0 255 255 0 255 238 0 0 255 0 255 0 32 0 221 0 255
    255 0 255 0 0 255 218 255 0 0 255 0 127 129 94 255 0 165 0 231 0 90
    0 0 255 0 70 255 0 0 255 255 0 255 0 255 0 0 255 0 255 0 255 0 255 0
    0 255 255 0 0 215 255 0 255 255 0 0 221 255 0 63 0 123 0 255 107 0
    255 0 255 0 255 129 0 0 50 0 0 255 0 255 255 255 0 255 0 0 0 0 0 255
    0 255 0 255 0 255 194 31 255 0 199 255 0 169 255 0 255 0 0 0 98 0 0
    255 226 175 255 0 255 0 0 206 0 255 3 255 0 255 0 255 75 255 0 255 0
    255 0 255 248 129 0 134 0 255 0 0 255 255 0 255 255 90 0 155 0 255
    146 0 255 0 238 86 255 44 255 172 0 255 0 255 0 255 255 0 255 255 0
    110 255 0 255 255 118 197 0 233 0 0 255 255 255 0 255 255 0 255 0 0
    255 218 0 255 255 129 255 0 255 65 255 255 8 0 0 0 255 0 196 255 0
    255 156 3 0 205 255 199 0 0 0 221 0 38 218 255 0 255 0 255 0 0 255 0
    190 0 255 0 255 0 255 255 0 255 38 0 255 45 255 0 65 255 255 0 0 255
    0 0 178 22 35 255 0 0 75 255 73 255 255 0 217 255 255 255 0 255 255
    0 0 255 56 255 255 0 0 255 0 255 0 255 0 0 255 255 0 255 0 255 20 0
    0 0 255 255 0 0 0 255 0 255 0 255 255 255 255 0 255 255 0 255 255 54
    255 0 0 255 255 0 255 0 0 255 255 0 255 255 0 255 0 0 255 0 255 0
    255 207 255 0 255 0 255 0 193 255 0 255 114 0 255 0 255 0 0 130 255
    255 0 255 255 0 0 0 255 0 245 0 255 0 8 0 255 0 255 255 0 0 255 255
    0 255 227 255 255 0 0 255 0 255 103 0 255 0 255 0 0 255 0 255 0 255
    31 255 0 255 255 192 255 0 255 0 0 255 0 95 255 255 0 255 255 102
    255 0 255 255 172 255 0 0 117 0 0 0 255 255 142 199 185 246 0 255
    255 0 0 255 0 0 173 255 0 0 0 255 0 255 0 0 255 125 255 0 255 0 152
    210 255 177 255 111 255 23 0 149 255 0 255 255 255 255 255 0 0 255 0
    240 117 0 0 81 255 0 243 255 0 0 193 0 255 0 0 255 0 77 255 255 255
    0 255 0 255 255 0 255 255 0 255 108 0 237 0 255 140 0 0 45 255 0 255
    0 234 0 255 0 47 0 255 228 0 192 255 0 255 0 0 0 0 255 255 0 186 0
    111 0 255 4 255 0 255 0 0 0 179 255 255 0 0 255 255 0 134 224 0 0 0
    0 255 255 255 0 224 0 0 37 255 255 255 0 255 0 121 15 0 0 0 0 0 235
    255 255 0 255 255 67 255 25 255 0 255 0 190 0 255 0 255 255 93 255 0
    255 0 0 255 255 255 255 60 29 255 16 155 0 255 0 255 255 255 255 0 0
    0 255 255 0 255 0 133 255 239 111 0 255 0 0 255 0 0 0 255 199 255 0
    255 255 0 0 0 0 255 255 0 255 0 255 0 0 0 255 0 0 0 0 255 0 255 153
    255 0 255 0 0 156 255 0 0 255 0 0 0 255 0 0 0 255 50 0 105 255 255 0
    97 255 10 255 139 0 255 0 0 255 0 127 105 255 0 0 81 255 255 255 0 0
    0 95 0 0 0 255 124 174 255 203 255 255 0 18 0 112 255 0 12 255 0 255
    255 255 255 0 0 0 0 255 0 255 118 0 255 0 0 255 0 255 255 0 255 110
    255 255 0 255 91 98 0 0 255 0 0 255 0 0 255 36 0 0 0 0 0 255 0 255
    255 26 255 0 0 155 0 255 0 255 0 0 255 255 207 0 255 255 0 0 213 0
    255 0 6 255 0 255 255 206 255 0 255 0 255 255 0 149 255 0 255 67 0
    255 255 0 255 0 255 0 255 0 0 0 0 0 0 0 0 255 0 255 255 54 255 255 0
    0 0 255 0 255 255 0 0 255 255 255 0 0 255 0 255 0 255 255 255 44 72
    255 0 48 0 0 255 0 255 0 47 222 0 255 0 0 129 255 0 208 255 255 255
    0 255 206 51 255 0 179 88 0 68 255 255 0 0 255 255 0 255 86 255 0
    255 174 255 255 0 255 0 255 255 255 255 0 249 255 255 112 0 255 255
    223 0 84 255 0 255 255 0 98 0 255 54 255 255 0 255 0 255 24 255 0
    255 255 0 255 167 210 255 0 255 21 0 255 0 0 78 255 255 0 255 0 255
    212 0 0 255 0 255 0 255 0 255 0 102 255 0 255 255 0 255 255 0 7 255
    0 0 255 0 186 85 0 0 43 255 192 255 0 0 255 0 255 220 0 255 0 255 0
    255 214 0 255 0 255 0 255 55 217 0 255 255 255 0 0 255 255 58 255 0
    0 0 255 255 0 240 255 0 34 0 130 255 255 0 255 0 255 44 255 255 143
    255 0 255 255 0 255 0 255 0 255 0 255 0 255 0 255 0 18 255 0 0 0 255
    0 255 136 255 63 255 255 0 0 255 255 0 255 255 0 255 0 0 255 32 255
    255 255 0 0 0 0 255 0 255 255 0 148 0 255 0 157 124 39 255 10 78 0
    255 0 202 0 0 255 0 255 255 107 255 0 255 5 129 255 153 112 0 255 0
    255 0 255 0 0 255 0 194 255 255 0 255 96 0 0 0 255 0 84 0 255 255 0
    255 255 255 255 0 255 0 255 1 255 0 255 255 0 255 0 255 255 255 0
    255 0 255 0 255 255 0 255 0 10 187 0 0 187 255 0 14 0 0 0 255 255
    121 0 255 0 255 0 211 221 255 202 255 255 0 255 0 208 255 0 255 0
    255 255 0 0 255 0 255 255 255 0 0 255 255 0 255 255 0 255 0 255 0
    244 245 255 0 21 255 223 0 83 0 0 0 255 255 24 54 255 255 255 255 0
    14 255 255 0 0 255 251 0 0 0 255 0 255 0 252 242 132 255 0 0 255 255
    255 101 0 255 20 0 255 0 255 0 0 255 0 255 220 132 138 255 0 255 0
    54 0 255 74 149 255 255 0 170 255 0 255 0 90 57 255 0 0 255 0 255 0
    255 0 176 0 0 255 222 0 255 0 255 255 0 255 58 0 60 0 255 0 255 0 72
    182 255 255 255 0 255 0 255 0 0 255 255 255 0 255 0 0 255 255 0 237
    255 255 255 0 255 255 0 255 255 0 0 255 0 0 0 255 255 0 0 255 0 255
    0 0 183 0 216 0 0 0 0 0 0 255 255 255 217 255 255 255 0 7 66 0 0 255
    0 0 255 255 0 118 0 255 255 0 0 6 128 0 255 0 0 0 0 255 0 86 0 0 255
    255 245 255 255 0 0 0 255 207 255 132 0 0 0 0 255 0 255 0 255 0 0
    249 255 0 0 255 0 255 193 0 0 255 255 0 255 255 0 255 255 0 22 0 255
    255 255 0 255 0 255 0 45 106 0 255 0 0 0 255 168 0 255 220 212 0 0
    255 205 0 255 255 167 0 255 0 255 255 0 0 0 255 255 0 164 255 0 255
    0 0 255 128 0 203 85 0 255 0 0 255 255 0 255 255 0 0 255 0 0 255 86
    255 226 0 255 174 0 255 0 255 0 255 39 0 255 255 0 74 0 255 213 255
    152 255 236 0 193 210 255 255 0 183 255 218 0 255 79 0 255 0 255 0
    255 0 255 204 255 113 255 255 0 0 255 154 255 0 255 25 0 255 0 252 0
    219 255 0 247 255 0 0 255 0 255 0 255 189 0 0 0 255 255 0 255 69 255
    255 255 0 255 0 255 0 10 94 0 0 255 0 255 255 178 0 0 100 255 0 160
    255 39 0 0 255 0 0 138 0 0 0 255 0 255 0 152 255 0 0 255 255 255 43
    255 255 105 0 255 0 225 255 72 255 255 0 255 255 0 255 0 0 255 0 0
    255 183 0 255 0 0 0 255 109 228 0 255 69 0 0 0 43 255 112 0 188 255
    0 255 0 255 255 148 0 0 0 41 0 255 0 251 174 135 255 244 0 255 125
    42 233 0 255 255 0 255 213 255 0 255 255 67 203 0 255 255 0 255 0
    255 22 0 255 0 25 0 0 248 0 255 0 0 255 0 255 0 255 51 163 255 184 0
    0 0 255 0 255 255 0 194 0 131 255 0 255 0 255 206 0 255 0 0 244 255
    0 255 0 0 0 0 255 0 255 255 0 255 196 255 13 255 255 0 0 85 255 0 0
    0 255 67 0 0 0 255 0 76 0 0 112 0 255 0 255 0 0 0 31 0 255 168 0 255
    255 0 255 0 255 255 0 0 0 152 255 0 28 163 0 0 74 0 255 175 0 255
    255 0 0 255 255 255 0 0 255 0 255 238 0 255 168 255 255 0 255 255 0
    255 0 230 255 255 0 211 0 186 52 0 0 255 255 39 0 255 0 255 0 255 0
    255 255 51 0 255 134 255 0 255 0 255 0 0 0 255 0 255 0 83 223 255 0
    255 0 255 195 212 242 255 77 22 0 0 75 244 255 255 255 0 255 255 255
    255 0 255 152 0 0 255 203 0 255 0 255 0 255 0 255 159 161 82 255 0
    255 255 186 255 101 0 255 255 203 0 0 160 255 0 0 69 255 28 0 89 0 0
    255 0 255 0 0 255 255 0 0 106 255 0 255 240 255 109 0 255 255 0 0
    255 0 255 0 0 0 255 0 255 0 255 0 0 0 255 255 255 255 0 0 255 203
    255 255 232 0 255 0 255 255 0 39 255 255 0 32 0 255 0 192 211 255
    255 255 255 0 255 0 255 131 255 255 0 255 255 85 255 0 255 0 0 0 255
    0 255 12 255 0 162 255 163 255 0 255 255 0 255 255 255 255 255 255 0
    255 0 0 125 0 255 0 0 0 0 255 255 0 183 0 85 255 255 0 0 28 0 255 0
    0 255 255 255 255 0 157 178 184 244 0 255 0 0 0 0 0 255 0 0 255 0
    255 0 0 0 255 0 255 0 0 255 192 0 0 255 255 255 255 67 255 186 255 0
    255 0 255 0 255 0 0 0 255 121 255 0 255 0 0 0 255 175 255 74 255 0
    255 0 0 255 255 0 255 0 255 0 130 255 255 0 0 0 0 68 0 255 0 255 255
    67 255 0 255 255 0 255 6 162 0 234 34 160 0 237 255 255 255 255 255
    247 0 255 233 0 0 255 22 0 177 255 0 233 0 183 0 255 0 255 0 188 255
    0 0 0 0 191 0 255 7 0 255 0 13 239 0 0 255 255 255 255 0 152 251 255
    0 255 0 255 0 0 255 255 0 166 18 0 255 32 199 255 0 0 255 0 255 0
    202 255 0 69 0 6 0 255 0 255 0 255 0 0 0 47 0 193 255 0 0 237 255 0
    0 255 0 217 0 0 77 0 255 0 255 0 255 0 0 0 255 0 149 255 13 0 139 0
    0 0 67 0 255 255 0 255 77 0 255 0 255 0 0 160 255 0 0 6 255 0 255 0
    0 255 0 255 255 0 255 14 255 52 0 37 0 231 0 0 255 0 255 0 184 255
    43 255 255 0 50 255 0 255 0 0 255 255 0 255 0 238 152 0 255 0 60 255
    0 196 255 205 255 0 0 255 0 255 0 255 0 95 255 255 0 255 0 255 0 13
    255 104 0 3 0 132 0 251 182 255 255 255 0 123 67 255 0 0 255 0 0 0
    255 220 163 255 28 255 255 0 0 0 0 255 0 255 255 0 255 0 255 0 0 255
    21 255 0 0 7 0 58 187 0 0 255 255 231 0 11 0 0 255 255 255 0 0 255 0
    157 255 255 255 192 0 255 0 0 255 255 0 255 255 0 255 0 250 255 0 0
    0 245 255 19 255 0 0 9 255 0 255 0 255 0 110 255 0 255 255 0 255 0 0
    255 255 255 0 255 73 255 0 255 224 0 255 255 0 255 0 97 38 255 0 255
    255 159 0 255 255 0 255 0 255 255 151 91 255 0 59 255 255 0 255 0 0
    255 0 255 255 0 0 255 255 217 255 0 255 58 0 255 255 0 0 0 198 0 0
    188 157 0 255 0 255 255 255 0 255 0 0 255 0 199 255 0 255 255 255 0
    0 255 255 0 37 255 0 255 255 0 255 255 206 255 0 255 0 255 255 0 255
    255 0 0 255 0 0 0 255 255 0 255 255 0 255 0 166 255 255 0 0 0 255
    255 255 255 255 255 0 0 61 0 0 255 0 0 0 255 185 0 113 255 255 0 0 0
    255 0 0 0 37 0 131 0 0 0 255 255 255 0 255 0 255 7 210 0 0 0 217 0
    255 0 0 118 255 0 121 255 0 0 0 0 255 255 197 209 0 0 255 65 0 255 0
    255 0 255 173 255 0 255 0 0 0 255 255 0 117 255 147 70 0 213 255 0
    255 255 0 0 255 225 0 255 255 0 255 0 0 255 255 210 0 255 0 255 255
    255 0 255 0 255 255 255 0 0 255 255 0 255 0 255 255 255 0 55 255 255
    0 86 68 0 255 0 193 255 255 0 255 0 0 255 255 77 0 0 139 255 204 255
    0 255 0 255 93 0 255 255 0 0 204 255 0 255 255 44 95 0 255 255 255
    255 0 255 0 0 0 255 251 255 58 72 255 255 255 255 151 0 255 255 255
    0 0 0 255 241 255 71 255 0 0 255 0 255 255 0 255 0 255 0 0 255 0 65
    0 255 163 0 0 40 0 211 127 0 122 0 0 255 0 255 0 255 255 0 255 24
    215 0 255 0 0 45 0 255 0 0 250 255 0 255 0 0 0 0 41 0 113 255 0 178
    255 0 255 255 0 0 255 255 0 255 41 117 255 0 0 255 255 93 145 0 18 0
    255 255 255 0 255 255 0 255 0 0 255 255 229 255 0 255 255 255 0 0
    255 255 255 255 0 0 255 6 255 0 0 0 255 255 0 255 0 255 255 0 255 0
    255 0 255 0 255 0 255 0 0 173 0 101 0 0 255 249 0 255 0 182 255 0
    255 0 0 255 255 187 20 0 255 0 255 0 191 0 255 0 134 0 255 0 0 255 0
    255 0 169 255 0 255 0 76 3 0 255 44 210 255 0 255 0 169 255 255 35
    255 255 0 4 255 208 121 66 0 255 255 255 0 255 255 0 0 0 255 0 255 0
    0 0 0 255 255 0 255 0 255 255 0 176 188 0 0 0 255 255 255 255 0 0 0
    255 0 0 190 246 0 0 255 255 41 0 0 237 255 249 162 0 242 0 199 255
    132 255 0 255 0 255 0 255 0 70 0 38 0 0 18 255 255 0 255 207 162 104
    173 0 255 43 241 255 0 0 255 255 255 255 0 255 0 106 255 246 0 234
    255 255 255 255 0 235 255 255 151 133 255 99 255 255 255 255 22 255
    0 142 255 255 255 0 0 255 32 0 0 255 0 255 0 240 3 162 0 255 255 255
    255 0 255 0 255 0 102 0 255 0 255 255 0 255 0 0 255 254 204 207 0
    216 0 0 255 255 0 244 255 200 255 88 255 0 255 0 0 255 0 15 0 255 0
    255 255 255 0 255 0 0 49 122 255 0 255 152 0 255 0 0 255 255 255 0
    23 255 255 0 255 0 226 255 0 0 35 255 0 255 0 0 255 255 255 216 255
    0 0 0 253 0 255 255 0 0 128 255 255 101 255 0 195 0 0 255 255 0 255
    0 255 0 0 255 255 255 0 0 255 0 0 255 4 54 0 78 255 181 198 255 56
    255 0 255 255 255 0 255 0 0 101 0 255 210 255 255 255 0 255 0 0 255
    255 255 255 144 0 0 0 0 255 0 0 0 255 255 255 255 0 0 0 255 255 0
    255 0 0 255 141 248 250 165 255 0 255 255 0 224 11 255 0 255 0 255 0
    151 0 0 0 255 0 255 255 0 138 255 255 0 0 0 255 255 0 255 0 198 255
    255 255 0 0 0 255 255 255 0 0 166 101 224 0 0 255 0 255 0 0 59 255 0
    170 255 119 0 0 255 255 217 96 255 255 0 255 0 255 0 255 0 138 238 0
    0 0 255 255 0 255 255 122 0 255 0 255 255 44 255 0 81 0 255 0 0 41
    255 118 255 255 255 255 255 0 255 0 255 227 8 0 255 0 255 135 0 0 93
    166 0 255 0 255 255 30 36 0 255 255 0 255 0 255 255 0 0 0 232 255
    255 0 255 255 196 255 255 255 255 0 0 255 0 255 255 0 255 255 63 255
    255 0 255 30 0 255 255 222 0 0 35 0 7 255 98 255 255 0 255 0 255 255
    0 255 0 255 255 0 255 0 255 28 0 12 0 0 255 0 255 0 0 255 139 0 255
    0 255 0 0 255 0 0 255 0 0 255 10 0 255 0 0 255 0 255 0 0 0 255 214
    255 255 0 230 144 158 255 255 255 0 255 255 255 255 14 255 0 0 255 2
    0 179 255 60 204 63 255 255 0 255 255 0 158 0 255 0 255 208 255 0
    255 0 185 0 0 0 255 0 255 190 255 255 181 0 255 0 0 0 0 81 0 255 130
    255 0 222 215 255 255 39 255 255 255 255 0 255 0 0 0 255 255 255 0
    255 0 0 255 5 0 0 255 0 0 255 0 255 0 242 255 0 255 0 255 0 255 0
    254 254 30 0 59 220 255 255 0 255 0 0 255 255 106 229 0 207 255 174
    0 255 0 255 20 255 0 255 255 0 255 0 255 255 255 250 8 255 0 255 0
    255 0 255 0 0 246 255 0 0 255 0 0 255 255 0 255 255 48 0 223 146 153
    94 214 0 255 0 255 0 255 223 134 77 0 135 255 39 17 0 255 255 255 0
    0 255 0 0 255 255 0 255 255 0 0 188 0 255 255 0 255 9 0 255 0 255
    255 0 255 0 255 93 255 0 45 189 255 255 0 255 0 255 0 247 34 255 0
    255 255 137 0 255 0 0 255 255 255 0 255 0 255 173 27 255 0 0 255 255
    0 255 255 0 255 255 187 0 0 0 255 255 255 0 0 0 0 6 0 255 255 0 12 0
    255 255 0 255 0 0 255 0 0 255 255 0 199 68 255 0 255 26 0 0 255 56
    255 255 163 39 0 0 147 199 255 0 0 94 255 255 0 255 255 135 255 0 0
    0 0 0 199 255 255 0 182 61 0 255 255 255 255 255 0 0 227 0 255 0 62
    0 255 255 0 255 238 0 255 255 0 0 0 255 0 85 255 255 0 29 255 0 255
    255 129 255 0 200 0 43 255 255 0 131 255 65 255 255 0 0 255 0 0 0
    203 0 0 0 0 255 130 255 162 0 255 0 0 255 166 0 0 255 255 0 255 0
    255 0 255 182 0 0 255 0 255 0 0 0 255 104 0 255 0 255 0 34 0 0 223
    255 143 118 83 114 197 0 72 255 0 255 255 0 0 0 255 234 255 0 144
    255 255 0 255 0 255 0 255 0 255 3 0 96 54 0 255 0 0 255 0 255 255 0
    255 255 255 255 129 0 255 0 255 25 153 0 255 255 0 129 0 254 0 75
    255 170 231 0 0 255 0 255 0 255 0 255 0 0 0 255 26 0 85 255 255 0 0
    255 255 215 255 0 255 255 255 255 0 255 9 0 255 0 255 0 45 63 255
    255 255 255 0 255 255 13 0 0 255 0 0 78 198 108 0 25 0 255 0 0 255
    230 76 255 0 255 0 255 0 0 255 0 0 0 255 0 255 255 28 255 255 255
    112 0 49 255 255 0 255 0 202 255 0 255 0 15 255 255 255 105 255 255
    0 255 0 255 198 118 0 128 255 0 255 0 255 0 0 77 0 255 255 41 132
    255 65 255 255 0 255 160 0 0 255 0 255 0 255 0 0 145 255 255 40 255
    0 25 90 0 255 0 173 0 0 255 95 255 254 255 0 255 20 255 0 255 0 0
    255 255 0 38 255 255 0 255 0 255 250 255 255 0 255 255 255 0 0 255
    24 255 0 0 255 0 195 0 0 255 0 255 0 0 255 0 255 0 0 135 214 255 0 0
    54 255 0 255 0 0 46 0 255 255 247 0 159 255 0 0 255 0 0 255 0 0 1 0
    0 0 0 255 0 0 162 0 255 255 0 0 255 0 255 255 0 0 49 255 255 0 0 248
    255 255 255 0 255 0 255 255 0 255 0 255 0 0 0 255 255 255 0 255 72
    255 255 0 255 255 255 0 255 116 62 255 0 0 13 255 0 146 52 155 255 0
    255 233 0 255 255 0 255 255 125 255 255 0 255 0 255 5 255 255 248
    255 67 0 228 131 255 0 239 0 255 255 0 0 0 0 95 0 34 255 0 0 255 0
    255 0 255 97 68 255 0 255 255 0 0 255 57 11 135 0 37 0 255 0 255 0
    255 255 0 40 0 0 255 76 255 255 0 83 255 0 0 0 0 0 0 255 0 255 255 0
    61 0 255 0 255 0 9 0 255 0 0 255 0 255 0 3 255 0 255 255 190 255 229
    255 0 0 255 180 255 0 195 255 255 255 0 255 0 255 0 255 255 0 116
    209 0 255 0 142 92 0 0 255 0 255 255 255 32 255 159 27 13 255 255 0
    255 0 221 0 255 255 0 255 0 255 0 0 255 0 255 0 0 104 255 0 255 255
    208 0 0 255 0 255 255 255 0 0 255 0 0 255 0 255 255 0 255 255 0 255
    37 97 0 255 255 0 0 0 44 255 133 255 255 0 89 255 255 255 73 0 255
    89 255 41 0 39 0 116 0 134 0 255 255 0 255 0 0 0 255 255 253 255 0
    255 0 255 165 0 255 0 255 255 255 0 0 187 0 0 0 255 0 255 0 255 0
    255 0 164 117 255 0 41 166 0 173 221 0 255 46 127 0 0 255 0 0 0 140
    255 109 255 0 255 255 255 255 255 0 255 255 219 255 99 0 255 0 255 0
    0 101 0 0 255 255 0 0 255 0 255 255 255 0 255 0 0 0 199 0 0 250 255
    0 30 0 0 255 0 255 0 255 0 255 60 94 0 255 0 0 255 117 255 0 255 0 0
    255 0 255 255 0 0 185 255 11 231 0 255 0 255 0 0 255 0 255 80 255 0
    255 255 0 255 0 0 255 0 0 255 0 0 255 0 0 124 0 0 0 255 255 255 61
    255 255 0 255 59 0 255 0 0 0 0 0 218 0 255 221 0 255 0 220 0 255 0
    69 255 0 255 0 255 255 0 255 0 255 255 0 0 255 7 255 255 0 255 0 0
    255 0 191 0 255 0 0 255 0 255 0 2 0 106 0 255 0 255 0 255 255 0 255
    119 255 255 0 22 24 0 166 210 255 78 27 255 0 225 27 74 0 255 117
    255 255 0 0 255 0 0 255 0 255 0 48 0 255 120 0 255 0 255 255 0 0 255
    255 0 255 21 255 119 255 2 0 0 255 0 255 255 255 0 0 255 20 255 0 0
    255 0 156 0 255 166 255 0 255 157 255 45 0 149 0 255 0 71 255 0 0
    255 0 0 0 0 255 0 255 135 0 255 0 0 0 0 0 255 210 255 198 56 0 245
    25 255 255 255 255 255 10 255 217 255 255 0 255 0 255 255 255 0 34
    255 255 65 0 255 0 14 255 0 255 0 0 34 255 0 0 255 52 255 0 255 132
    0 255 107 255 0 255 83 255 0 0 103 0 236 0 255 0 58 255 0 255 53 0
    255 255 0 255 146 255 0 255 0 229 162 255 0 49 0 255 0 0 0 0 255 0
    255 0 246 255 255 255 0 255 115 52 255 181 0 0 255 1 112 255 0 255 0
    255 0 0 255 122 255 0 255 255 0 0 3 255 0 0 0 255 0 0 255 255 255 0
    255 255 0 0 255 65 255 0 255 222 0 255 0 255 0 255 255 0 255 0 255
    90 255 153 0 105 255 0 180 255 0 255 255 0 255 255 255 255 0 255 52
    255 0 255 255 0 255 255 0 255 255 0 81 0 0 255 0 255 1 0 255 0 0 0
    255 0 0 0 255 255 255 0 255 255 0 38 255 36 0 0 152 255 255 247 0 0
    51 255 0 0 255 123 255 0 255 255 0 0 0 255 0 0 255 0 255 255 0 0 255
    0 156 255 0 255 255 0 255 255 255 255 0 255 255 0 165 255 255 0 0 0
    255 0 0 7 0 113 0 0 255 255 255 0 255 0 255 0 0 0 99 255 0 255 0 255
    0 255 255 0 255 207 255 0 131 255 255 0 255 0 255 0 0 142 255 0 0
    255 0 255 255 0 255 0 255 0 255 255 0 0 255 255 0 6 255 0 255 255
    244 0 255 124 255 153 30 255 0 255 0 255 255 0 255 255 0 255 255 235
    0 255 0 0 190 255 0 0 0 255 0 0 255 0 0 255 255 255 0 255 0 0 255
    255 0 0 255 31 0 0 255 255 153 0 255 0 110 199 0 189 0 0 95 0 77 255
    255 255 47 0 65 0 255 255 255 0 13 176 255 31 0 169 255 31 233 0 254
    0 248 0 255 255 0 27 58 0 0 0 255 0 0 255 234 48 0 0 255 0 255 66
    255 255 255 0 0 255 255 0 0 255 0 0 255 191 0 255 255 109 255 0 38
    41 141 0 0 68 214 0 255 0 201 0 112 0 20 255 180 255 0 0 255 0 255 0
    255 0 0 255 255 255 0 255 0 255 255 0 255 255 0 255 0 0 255 95 255 0
    0 39 255 255 0 0 0 255 255 0 59 118 0 255 0 255 255 14 0 0 255 248 0
    0 255 0 162 255 0 255 255 0 255 159 255 213 255 0 255 0 0 255 0 0 0
    255 0 35 0 0 255 255 116 0 254 255 0 255 255 255 5 0 0 0 164 255 255
    0 0 0 0 255 0 255 255 120 0 255 0 139 0 255 0 210 0 255 88 255 255
    234 255 0 209 140 0 0 255 236 255 255 0 255 0 255 0 255 137 255 255
    146 255 159 255 255 231 0 255 137 73 0 255 50 255 255 255 200 255 0
    0 255 230 220 0 255 0 255 245 0 255 0 100 231 255 255 0 223 255 0 0
    0 183 173 255 0 41 0 255 0 190 50 255 0 255 0 255 255 51 255 0 118 0
    20 255 255 73 16 0 255 0 219 255 105 0 113 0 255 255 0 0 44 255 0
    255 0 255 255 0 255 255 0 0 255 255 158 38 0 193 0 0 0 255 255 0 255
    255 0 169 0 255 0 0 255 0 255 0 255 216 255 9 165 255 0 255 255 0 0
    0 0 0 0 255 0 255 89 0 255 0 0 14 0 0 255 255 255 0 255 255 0 255
    242 255 0 255 232 0 255 0 83 0 255 0 255 0 1 179 255 0 26 255 255 0
    194 184 60 0 0 0 238 255 0 0 255 0 255 0 0 255 255 255 0 255 0 255
    90 255 0 0 255 0 0 133 255 0 203 0 0 255 0 255 0 255 0 185 255 23
    255 0 255 0 255 0 0 0 0 190 255 0 255 21 255 152 53 255 0 229 255 0
    255 0 255 0 255 0 0 255 0 255 16 255 176 255 0 0 246 0 169 0 255 0
    183 0 255 139 255 0 255 255 255 121 0 255 0 218 255 0 255 0 122 0
    255 0 255 255 255 0 255 0 205 6 130 255 0 255 0 255 153 255 0 0 255
    90 255 0 255 0 0 255 255 255 255 139 255 0 100 221 255 110 157 255 0
    255 0 255 0 65 255 255 0 255 255 0 0 0 148 255 0 143 0 255 86 0 0
    255 156 0 0 0 255 0 173 231 255 0 74 255 0 255 0 0 234 32 0 255 255
    0 255 0 255 255 0 27 0 255 183 155 39 40 255 255 255 255 0 255 255
    51 255 0 255 255 0 0 187 0 255 0 255 255 0 255 0 255 0 255 0 0 255
    46 253 255 0 0 0 255 0 255 148 255 0 66 0 0 104 79 0 0 255 0 255 0 0
    255 246 0 90 255 255 0 255 0 0 255 0 255 0 0 255 0 0 255 0 0 255 255
    0 255 97 0 255 0 137 0 214 0 255 0 86 255 233 168 0 255 255 0 0 255
    68 255 45 0 255 223 255 0 0 64 180 0 118 255 255 0 255 0 0 255 255
    255 0 0 255 255 143 255 0 255 99 0 255 175 255 0 0 93 165 255 0 253
    0 0 0 255 0 255 0 0 255 0 122 0 255 0 126 255 0 255 255 255 0 124 70
    190 0 0 255 0 255 252 18 255 0 0 255 255 95 255 239 50 71 0 24 0 255
    0 255 0 255 0 255 0 0 0 144 0 255 255 255 46 255 0 0 255 0 255 0 0
    255 255 243 255 0 0 255 0 0 255 87 255 255 0 135 255 255 255 0 0 0
    47 128 255 136 0 255 0 255 0 194 149 0 0 0 255 0 255 0 187 255 0 0 0
    255 0 255 255 0 255 0 0 255 0 255 73 255 20 162 118 255 25 115 0 255
    232 255 255 0 255 0 0 0 100 255 255 255 0 59 0 252 255 255 0 255 0
    255 0 137 45 255 0 255 0 93 0 0 255 0 255 0 0 255 255 0 50 0 221 0
    255 255 255 255 0 255 0 0 202 255 255 209 255 255 0 255 76 255 255
    90 152 255 255 0 255 0 118 0 255 255 255 41 255 0 248 0 255 0 0 255
    255 245 0 141 255 255 230 255 0 255 0 255 255 0 255 255 255 0 176
    255 0 255 8 234 0 0 0 0 236 255 0 102 233 255 162 0 0 255 255 0 207
    255 255 222 158 255 0 0 0 0 255 153 255 2 195 255 255 142 0 111 255
    255 38 50 255 0 0 0 255 0 0 255 64 115 243 168 0 255 107 255 0 255 0
    255 216 255 255 0 255 255 255 255 0 0 255 0 70 0 202 255 255 0 0 255
    0 255 136 0 0 255 255 255 255 181 255 255 0 5 61 255 0 255 0 0 255
    255 0 255 255 0 255 60 0 2 68 255 224 0 0 0 0 0 255 0 255 0 0 200
    255 255 0 255 0 0 0 255 0 0 255 255 255 0 255 0 30 0 255 0 156 0 255
    0 255 162 0 255 0 255 0 255 255 0 0 180 255 0 255 0 255 255 244 0
    255 0 255 119 255 255 255 0 40 255 0 255 0 255 255 0 0 79 219 0 255
    255 0 0 255 79 255 0 0 0 255 255 65 255 183 255 185 255 0 255 255 0
    255 0 130 168 255 0 255 255 0 255 161 255 255 255 53 0 248 84 0 255
    255 0 198 0 0 255 255 0 255 0 255 0 255 201 0 102 0 255 141 255 0
    255 49 0 42 255 0 255 0 0 158 67 151 0 255 255 255 255 0 255 0 255
    113 223 255 93 255 0 255 255 219 255 0 255 0 255 0 0 255 255 0 255
    255 0 255 0 255 233 85 255 46 202 0 255 0 255 0 255 90 0 255 0 6 255
    255 0 154 255 0 0 255 0 68 168 0 255 0 255 0 255 255 248 0 255 255
    116 255 62 255 113 183 221 255 0 255 59 0 0 255 61 0 255 0 255 34
    255 103 0 155 0 255 0 0 255 255 100 255 0 255 137 0 172 255 131 255
    255 0 255 186 255 0 0 255 0 255 0 0 0 0 139 246 0 255 255 0 255 155
    0 0 255 0 255 0 255 0 255 255 0 0 248 191 255 255 0 255 0 0 0 255
    150 114 33 0 255 0 0 0 255 0 0 255 255 255 0 0 0 255 115 0 255 255
    218 255 255 0 0 255 7 255 106 0 255 255 255 0 0 0 255 255 0 0 0 255
    255 0 255 210 255 104 0 0 110 238 0 129 0 255 0 0 255 0 0 91 0 38 0
    255 255 0 0 255 255 0 255 0 0 255 22 92 255 255 255 255 0 155 0 255
    145 0 255 15 0 255 0 255 255 255 74 202 255 0 0 67 61 131 255 255
    255 255 0 0 0 255 0 255 0 139 0 197 255 0 0 255 255 0 255 0 255 0 0
    0 255 0 255 255 0 255 255 255 130 0 255 255 0 255 255 255 54 255 0
    255 255 255 0 18 144 255 0 0 0 255 255 0 255 255 91 0 255 112 255 0
    255 255 0 252 37 0 0 33 255 0 255 255 98 254 0 139 185 204 181 29
    255 0 255 0 179 0 162 255 0 255 0 0 0 0 248 255 233 0 0 50 59 0 255
    255 0 255 219 255 0 255 0 0 255 149 0 255 0 157 0 147 255 91 255 167
    255 0 252 175 255 255 255 64 255 255 0 0 0 0 255 0 53 255 255 0 215
    255 255 81 0 30 0 0 255 0 255 0 255 236 0 255 255 255 0 0 0 56 0 3
    255 0 255 13 0 0 253 0 0 255 0 137 255 0 255 210 0 255 146 255 0 255
    0 255 0 0 255 255 255 255 60 0 255 0 235 255 0 0 255 255 0 255 0 255
    221 0 255 0 255 255 255 255 255 229 110 9 0 255 22 255 41 255 255
    255 0 0 255 255 255 0 111 0 0 255 0 140 0 255 255 200 0 153 142 0 0
    255 255 255 0 255 0 0 0 0 255 30 0 255 115 0 255 255 0 132 0 255 255
    255 44 244 0 238 255 0 0 255 0 255 0 255 255 255 0 255 255 161 0 0 0
    236 33 255 255 0 0 255 255 0 0 196 0 255 255 193 0 255 0 255 249 0
    255 115 255 255 0 255 0 255 0 0 255 255 255 255 0 75 255 0 0 255 0 0
    255 255 0 255 255 255 0 241 0 255 0 255 0 255 0 255 0 255 0 255 255
    0 0 6 255 0 255 0 0 255 45 0 127 0 255 65 255 136 255 255 0 0 255
    255 0 157 0 78 0 255 0 255 255 255 35 0 0 0 12 0 152 191 0 0 255 0
    177 255 255 255 29 0 0 0 255 0 151 229 44 6 255 0 255 0 0 255 29 45
    255 0 0 255 0 0 255 0 255 255 255 0 0 255 0 255 0 255 0 0 255 255 0
    0 255 0 255 255 231 0 255 0 255 255 0 0 0 0 0 50 0 255 255 0 255 0
    255 0 255 0 0 255 0 0 0 0 255 0 255 0 255 0 255 0 238 114 255 0 255
    0 35 0 255 0</data></my_img>
<your_img type_id="opencv-matrix">
  <rows>128</rows>
  <cols>256</cols>
  <dt>u</dt>
  <data>
    255 0 255 0 255 45 255 255 81 255 0 255 255 0 0 255 0 255 0 255 255
    233 220 0 255 255 255 0 255 0 255 0 0 255 236 235 255 0 255 0 255
    255 0 0 255 0 255 58 0 255 0 255 0 16 0 0 255 255 255 255 255 255
    135 153 222 208 0 255 0 0 255 72 154 29 0 135 0 0 255 0 255 0 140
    255 0 255 105 202 0 255 50 0 38 41 0 255 0 225 0 255 0 255 0 255 0 0
    255 230 255 255 255 0 0 30 0 0 3 221 141 255 194 0 255 0 0 207 255 0
    255 0 255 0 255 255 255 28 53 255 255 0 0 172 159 255 0 255 105 0 0
    249 255 255 217 255 0 0 255 255 0 97 217 255 255 0 0 0 255 96 0 0
    255 255 0 237 255 0 255 255 0 2 252 57 255 255 0 255 0 255 0 255 255
    255 172 255 255 0 0 255 0 179 255 184 255 255 62 255 255 255 255 0
    255 255 0 255 0 0 255 255 77 255 255 0 255 255 0 255 190 43 255 0
    142 0 161 0 0 255 255 0 0 255 80 225 0 255 255 0 255 255 255 205 0
    255 0 255 255 0 0 206 255 0 0 137 58 255 255 255 70 0 255 0 255 0
    120 0 0 0 255 0 255 0 255 0 0 255 0 245 255 255 255 0 255 0 0 255 0
    251 0 0 255 0 0 255 0 0 112 30 189 0 255 8 255 255 0 255 213 0 43
    255 193 0 95 255 0 45 255 0 0 255 0 255 170 0 255 183 255 83 19 255
    0 0 255 0 255 0 176 0 255 174 255 0 222 0 0 255 28 0 255 0 0 159 0
    255 0 227 0 0 151 0 254 89 0 255 255 0 255 0 23 226 0 255 184 255
    255 0 226 143 255 197 0 255 0 255 0 255 0 255 0 255 0 255 255 0 0
    255 126 228 0 255 76 69 255 255 0 0 112 0 255 255 0 255 255 255 0
    255 0 255 243 255 255 0 255 255 0 255 255 142 0 55 206 0 255 0 255 0
    136 78 0 0 255 255 0 156 0 145 75 223 255 255 0 0 20 0 0 0 223 0 255
    195 255 0 0 255 134 251 0 152 49 216 0 0 255 0 255 33 0 255 0 255
    255 0 255 0 186 255 255 0 0 92 0 0 0 255 0 0 0 255 0 0 0 88 255 0
    255 21 0 255 255 250 0 43 0 255 7 255 255 190 39 0 255 113 255 0 0
    255 133 255 0 255 0 194 242 113 83 255 0 255 0 255 0 0 255 178 255 0
    255 255 12 0 255 84 255 255 0 165 208 68 0 255 100 71 229 0 255 39 0
    255 0 255 255 31 0 255 255 0 201 255 130 0 255 0 38 0 255 255 0 255
    255 0 0 0 0 210 76 255 0 255 255 0 255 0 107 0 255 67 44 93 255 0
    255 255 255 0 255 154 0 255 0 0 0 255 0 0 255 0 255 255 255 0 255
    234 255 0 0 185 255 0 255 188 255 126 255 193 255 255 255 0 255 255
    255 234 0 255 0 255 142 0 0 0 0 255 133 0 255 0 255 0 255 0 255 0
    255 255 0 0 0 255 248 255 0 0 0 104 255 0 255 0 242 255 255 0 255 0
    128 255 217 0 0 184 255 0 255 0 0 0 255 255 255 0 172 255 255 122 0
    0 0 0 0 45 252 255 255 41 0 22 0 255 129 255 0 0 255 0 0 255 0 255 0
    255 0 0 161 255 0 255 0 59 149 79 111 198 255 0 255 0 255 69 0 255
    58 169 255 255 0 243 0 255 255 0 255 0 255 0 255 0 0 189 0 255 0 0
    255 0 255 0 255 67 197 255 0 255 0 0 0 0 255 0 255 0 104 18 255 0 0
    0 255 29 255 0 255 255 0 255 0 0 255 255 0 255 255 0 127 0 0 255 255
    0 164 0 0 255 0 58 255 0 255 255 166 104 0 255 255 255 0 235 255 255
    255 0 255 0 255 5 0 255 0 0 0 185 0 255 255 255 0 255 255 0 0 30 255
    255 255 0 255 0 255 0 0 255 0 255 146 0 0 35 0 0 0 255 0 8 0 0 125
    255 255 0 0 255 255 0 0 255 0 0 255 0 255 0 255 255 36 116 255 5 255
    255 0 255 0 0 255 0 255 255 0 255 0 0 255 0 255 0 255 74 0 0 255 0
    255 255 0 255 227 174 175 255 0 255 0 255 0 9 0 255 109 255 255 255
    59 95 0 74 0 210 66 0 255 0 255 41 255 255 0 255 0 0 0 0 255 0 255 0
    255 255 0 255 255 84 255 255 255 255 0 0 255 0 255 0 205 255 255 0
    255 0 255 255 0 255 0 255 255 0 255 0 255 0 255 136 0 255 255 0 255
    255 0 255 28 254 0 8 0 255 0 0 63 0 255 255 0 195 255 0 113 255 255
    255 0 255 49 0 255 235 0 255 0 255 95 255 255 0 164 255 0 255 255 0
    0 215 255 255 0 255 255 0 0 131 0 255 0 34 95 32 255 0 0 255 244 19
    0 0 249 166 255 240 255 0 255 0 0 255 229 255 255 245 93 255 0 0 255
    255 34 32 255 0 255 243 0 150 255 128 151 0 255 50 255 0 255 0 255
    150 0 170 0 255 0 0 255 255 0 255 255 255 118 233 0 255 0 255 0 0
    166 0 231 255 0 110 255 255 255 0 0 255 0 255 0 53 145 0 255 0 64 0
    255 255 123 0 255 0 0 255 132 0 255 139 0 99 255 255 159 0 255 255
    18 255 0 255 0 255 0 174 99 182 0 0 58 255 0 255 0 0 255 255 0 255
    255 51 0 255 216 255 20 7 255 0 255 0 176 0 255 255 0 83 255 0 0 110
    0 255 0 255 0 0 255 0 255 229 0 63 255 0 184 255 0 0 0 86 0 255 0
    255 0 255 0 83 0 255 0 255 0 255 139 255 255 0 255 0 82 198 0 255 0
    0 79 255 67 183 171 0 0 89 111 255 255 0 255 0 255 255 0 255 0 0 255
    255 255 0 255 212 181 0 58 0 0 123 102 255 255 0 208 0 255 0 0 255 0
    175 255 255 0 255 0 0 255 0 0 255 0 0 0 75 255 49 255 0 0 255 0 255
    0 255 45 198 255 255 255 0 82 237 255 0 255 255 255 255 0 0 46 255
    67 214 255 244 0 255 255 0 0 255 0 0 189 255 0 255 0 255 221 0 255 0
    255 255 23 255 255 0 255 255 0 0 255 88 255 255 255 253 0 255 0 255
    255 0 255 0 36 255 255 75 0 0 255 255 0 34 49 255 0 255 255 157 0
    255 0 179 123 255 255 255 17 255 0 0 0 0 255 255 255 0 255 255 41 0
    0 0 255 0 255 0 255 0 255 87 98 255 25 0 255 0 0 191 0 255 0 0 254
    117 132 227 0 216 255 255 0 0 0 2 255 0 203 0 255 255 134 255 58 0
    255 92 154 111 255 0 255 0 0 255 118 0 255 255 0 255 27 113 102 255
    0 199 0 255 255 0 0 0 255 0 0 255 17 255 0 255 255 0 255 255 255 255
    126 0 235 0 234 255 0 255 255 0 0 255 0 255 0 0 255 0 0 255 0 3 10
    159 0 0 184 0 197 255 255 0 255 0 43 255 0 255 66 255 0 255 255 103
    0 255 255 255 255 0 0 0 255 186 255 0 205 0 120 255 255 0 255 0 0 0
    255 0 0 255 170 255 0 255 255 255 0 114 255 0 234 255 0 255 255 88 0
    93 255 0 255 0 0 255 255 95 0 255 0 0 178 0 255 0 255 0 190 255 0
    255 0 0 0 255 0 0 255 154 255 174 201 94 0 0 255 0 255 0 0 255 0 255
    0 0 41 250 255 0 134 0 255 255 255 255 0 0 0 202 255 255 255 0 255
    255 0 116 212 173 0 255 255 255 0 255 0 181 0 50 255 192 255 255 0
    255 179 0 0 255 0 18 255 146 0 255 255 16 255 0 255 255 0 255 241
    216 255 76 222 255 255 0 0 96 255 0 0 255 255 0 255 0 255 70 0 181 0
    0 163 255 255 0 255 0 255 255 0 255 0 0 255 0 255 63 37 0 255 0 255
    199 0 255 60 82 0 0 255 0 0 0 89 0 0 0 255 0 6 0 255 0 255 0 0 0 0
    255 255 0 0 255 255 0 255 255 0 255 0 255 255 255 126 165 255 0 0
    255 0 255 0 255 27 255 255 0 255 0 0 176 255 0 255 0 167 255 255 27
    255 0 255 0 255 0 255 255 0 255 255 0 194 0 0 255 255 0 0 133 255
    255 255 0 255 0 26 0 125 66 255 255 0 255 255 0 87 255 255 255 0 255
    0 255 255 140 0 255 255 0 36 255 26 255 0 255 37 0 255 0 106 0 255
    255 255 0 255 0 255 0 255 0 0 255 255 255 255 255 27 254 169 255 31
    255 62 255 156 0 0 255 0 200 255 0 171 255 255 255 0 49 0 255 255
    255 255 0 255 255 0 255 255 71 170 0 255 51 0 255 0 0 0 0 0 0 255 0
    255 0 255 255 0 0 255 0 255 0 255 0 0 255 0 0 255 119 194 255 0 255
    0 0 0 255 0 0 255 179 107 255 0 0 255 0 255 0 255 0 255 255 11 0 0
    255 0 255 255 255 0 0 255 36 255 0 25 255 0 227 255 62 0 255 0 0 0
    255 2 255 0 255 121 0 255 255 255 230 255 0 79 255 255 145 255 255 0
    213 8 0 0 255 0 0 255 0 0 255 255 255 255 255 0 255 0 0 209 0 255 0
    255 255 0 255 224 0 157 255 0 0 255 0 84 0 0 255 255 0 255 255 0 255
    0 255 0 220 0 139 255 255 255 255 0 0 164 115 255 0 255 0 24 185 222
    255 151 255 0 0 0 138 0 0 255 255 255 0 163 255 0 0 0 196 2 0 255
    255 0 0 255 0 255 30 0 155 255 255 0 255 51 255 230 0 255 0 0 255 0
    255 255 0 0 255 255 253 82 0 0 255 195 0 255 255 255 255 0 23 255
    255 0 255 255 0 255 255 0 140 128 255 0 255 255 0 0 255 255 0 255
    255 0 0 0 255 0 255 0 185 255 0 0 255 0 84 255 0 255 73 0 0 0 0 255
    255 53 0 89 255 234 255 178 120 237 0 255 0 0 0 255 0 255 0 255 0
    134 142 0 33 248 211 181 255 255 255 255 0 0 0 255 0 255 255 0 175
    136 0 0 255 0 255 255 0 255 0 255 0 255 0 0 255 60 255 46 255 0 255
    255 0 255 0 255 31 172 118 102 1 0 210 0 0 255 0 255 0 255 10 255
    255 255 255 0 255 0 245 255 255 0 0 0 255 0 149 0 255 0 255 237 227
    0 0 255 255 0 255 255 0 255 79 15 255 255 255 147 255 246 0 255 255
    230 255 0 0 0 172 0 0 255 255 0 0 255 255 0 46 219 255 0 255 119 0 0
    255 255 255 244 255 0 255 255 29 75 0 255 255 0 177 0 255 0 0 255
    255 0 122 255 107 0 255 255 0 255 0 137 0 0 255 0 0 255 0 255 58 0
    255 39 0 178 0 255 0 0 0 255 0 0 255 222 0 255 0 252 0 109 0 0 4 255
    0 116 0 255 0 0 255 0 255 173 255 0 255 0 0 50 0 255 0 0 255 0 255 0
    255 30 0 0 255 255 0 255 255 0 255 0 255 255 22 255 0 0 255 0 255 0
    255 76 0 0 255 122 0 255 255 178 255 0 226 155 103 255 130 0 255 0
    255 0 229 0 103 0 193 2 0 255 255 255 255 71 0 224 0 255 255 230 255
    0 255 0 255 255 0 0 255 0 255 14 0 0 225 0 0 91 255 0 0 0 255 187 0
    0 255 0 255 0 255 255 182 255 0 0 255 0 255 0 136 0 255 0 255 255
    255 0 0 255 0 255 147 0 255 0 0 255 166 0 255 0 0 0 9 255 255 0 255
    0 255 255 255 0 0 255 255 255 0 255 255 255 255 255 28 0 80 170 0 24
    0 180 255 0 255 0 0 255 0 255 1 0 255 255 0 0 0 255 0 255 0 0 0 255
    226 255 0 0 176 255 255 255 200 0 0 255 0 255 154 0 0 255 255 0 0 0
    0 50 255 0 255 0 255 0 0 255 233 255 255 0 255 0 0 255 255 0 255 0
    255 255 0 168 255 255 94 50 255 255 0 127 0 0 255 0 0 231 255 255 0
    255 255 0 0 255 255 255 0 74 255 0 0 132 255 0 255 255 135 255 0 0 0
    226 0 16 171 0 255 0 0 211 255 255 0 255 0 255 0 255 255 0 255 255 0
    255 0 255 0 255 0 252 0 255 195 51 0 255 124 0 255 0 255 181 0 1 255
    255 0 0 255 0 174 0 255 0 255 255 0 255 0 161 0 255 221 255 0 255 0
    255 255 255 0 255 0 246 0 244 255 0 255 0 255 255 0 100 0 255 255 0
    255 0 255 0 0 138 255 255 0 255 99 255 0 0 0 0 0 255 255 15 162 255
    0 255 255 0 32 105 0 255 255 0 196 255 0 238 255 0 0 255 0 255 0 143
    37 0 255 0 206 0 0 255 85 255 255 255 255 178 0 0 255 255 13 22 255
    0 255 28 255 0 0 17 255 0 255 204 0 0 0 0 255 255 0 0 255 255 0 0 0
    247 0 0 255 0 255 0 255 0 0 255 114 255 18 255 255 0 213 255 255 255
    0 111 252 255 30 0 255 206 157 47 0 0 255 0 255 255 165 255 0 80 0 0
    250 0 132 0 255 0 255 0 0 255 255 255 0 0 255 255 0 0 255 0 255 0 0
    255 0 255 255 255 0 255 28 165 185 255 0 0 168 255 0 0 228 255 191
    255 255 255 255 0 255 0 153 255 255 0 255 20 232 0 0 0 0 0 255 26
    209 0 255 0 0 140 255 255 0 0 116 26 255 0 255 0 0 255 255 255 204
    255 255 0 0 255 0 255 0 255 255 255 255 0 255 0 255 255 255 255 0 0
    0 255 213 31 255 86 0 255 0 255 255 0 255 184 0 255 0 171 255 255 0
    255 0 255 42 0 255 0 255 0 223 0 255 255 15 0 42 146 0 0 255 0 98 0
    255 0 0 255 255 255 0 255 255 78 0 255 255 0 0 79 255 255 255 255 0
    255 0 255 255 0 255 255 0 48 248 255 0 69 0 57 187 255 0 165 185 0 0
    221 255 0 255 47 0 0 255 255 147 0 255 119 0 255 0 29 255 255 83 0
    255 255 32 255 0 255 0 255 255 0 255 0 38 255 0 164 40 0 0 255 0 255
    0 0 255 0 255 0 255 0 248 0 255 232 0 255 0 0 201 255 85 147 255 255
    0 0 255 0 255 255 0 255 0 255 255 0 255 45 200 255 0 0 255 0 255 207
    255 255 0 0 255 195 0 255 0 255 255 255 255 255 161 255 0 255 255 0
    255 0 255 0 0 209 0 0 0 79 255 255 28 255 255 124 255 255 0 0 255
    164 30 0 255 0 0 255 255 227 183 0 0 241 0 0 255 0 0 0 0 0 255 255
    255 0 255 0 255 0 255 66 255 255 0 0 85 0 0 0 0 255 0 0 41 0 255 154
    0 255 255 0 0 255 0 120 255 0 255 173 255 59 100 0 255 235 255 124
    255 0 255 255 255 255 0 0 255 0 0 0 255 0 0 255 0 0 255 255 0 0 255
    0 255 255 0 0 255 0 255 255 0 255 0 80 0 255 0 255 0 255 255 0 220
    130 0 96 255 0 255 0 87 123 0 0 255 146 0 0 255 175 255 0 0 255 0
    255 255 0 255 255 185 50 255 0 163 0 0 255 255 0 255 0 255 255 255 0
    255 134 255 31 170 0 255 0 255 0 0 255 255 218 53 4 255 255 255 0
    212 255 0 255 0 111 0 0 0 0 255 255 255 196 0 255 0 255 158 167 183
    38 0 0 255 0 0 0 255 255 0 106 0 0 0 255 0 255 4 141 0 0 0 255 255
    255 0 0 255 255 0 77 255 0 255 23 0 255 0 255 0 255 0 255 255 0 255
    166 234 207 0 255 0 0 0 255 0 255 0 255 0 255 255 255 255 0 0 8 255
    0 255 0 255 255 0 255 255 0 255 255 255 0 0 0 0 255 255 0 0 0 255 0
    0 222 255 255 0 0 255 255 255 0 0 235 0 255 203 255 139 0 0 0 255
    255 255 59 0 151 0 255 255 191 10 255 255 255 0 0 255 0 0 0 255 0
    255 255 202 0 255 231 0 255 131 112 255 255 255 0 206 255 0 255 0
    255 211 255 146 0 255 215 62 0 0 255 255 221 255 255 0 161 255 0 255
    0 255 255 30 27 188 255 0 255 197 255 255 0 255 255 0 255 0 255 255
    255 0 0 19 0 255 0 0 0 255 255 255 255 0 0 161 0 124 0 0 255 0 255
    255 0 0 51 196 0 46 255 0 255 0 255 0 255 40 122 255 243 0 255 0 78
    0 145 255 52 255 173 129 0 255 0 197 0 255 0 235 0 255 0 0 255 255
    255 0 255 255 0 149 255 92 0 236 255 255 0 0 0 255 0 93 255 22 255 0
    0 202 255 0 255 0 255 0 255 0 230 84 0 202 0 255 255 0 255 171 160
    255 0 255 255 255 255 255 148 0 0 255 0 0 255 0 226 0 0 0 255 255
    162 0 0 255 255 0 0 255 28 0 109 9 133 0 251 255 0 0 0 0 178 255 0 0
    255 0 255 0 255 255 255 99 0 255 0 0 255 189 255 0 0 0 10 255 255
    255 0 255 190 255 0 131 255 0 63 255 0 0 0 226 255 6 255 0 254 0 237
    129 255 0 255 104 0 0 0 0 255 0 255 0 0 255 0 255 255 152 0 0 255 13
    255 0 255 255 255 0 255 221 112 0 0 0 255 0 255 0 0 255 0 0 255 255
    0 0 0 156 255 255 255 84 255 0 255 0 255 0 0 253 0 0 255 0 255 255
    255 0 212 0 255 0 151 0 255 255 26 14 92 255 0 135 177 0 255 0 56
    185 93 255 255 255 255 255 0 255 0 255 0 0 255 218 0 255 255 255 0
    255 0 255 0 0 255 255 0 255 255 0 0 120 255 0 148 223 0 0 255 0 255
    92 255 0 255 0 0 0 0 255 255 0 255 0 255 0 0 255 255 0 0 108 0 255
    255 0 0 0 251 225 255 0 255 255 0 0 255 0 242 0 255 0 144 0 255 0
    147 0 255 0 255 255 0 0 121 255 0 35 0 255 0 255 0 0 0 255 255 0 0
    139 255 49 71 0 255 0 255 86 209 255 136 255 255 16 255 255 0 0 0 0
    254 60 255 107 148 255 0 0 102 255 0 0 0 255 166 52 221 255 0 57 255
    0 214 238 240 0 255 0 255 255 255 255 0 255 255 0 255 255 0 255 255
    46 20 255 255 255 255 255 0 255 255 255 0 136 255 0 255 0 0 0 239
    255 0 0 0 0 0 0 249 255 255 255 0 221 0 255 0 255 0 255 255 26 255 0
    255 64 0 0 181 152 0 255 240 255 0 0 32 255 0 0 255 255 206 255 255
    117 255 0 0 0 0 255 0 51 255 255 255 0 255 0 0 0 255 0 255 0 255 0 0
    139 0 255 255 158 255 0 255 0 0 255 255 0 255 0 187 0 255 0 255 235
    0 0 255 255 0 0 121 0 255 0 0 255 255 255 0 0 225 255 0 255 255 255
    255 255 0 255 0 85 0 255 0 255 0 255 0 187 255 255 40 0 255 0 0 255
    0 255 0 0 0 9 81 189 0 255 0 255 44 0 142 255 255 255 0 219 100 0 0
    255 0 255 0 255 255 181 0 255 84 79 0 255 0 239 0 0 255 230 255 255
    255 0 0 0 120 255 255 69 104 0 0 0 0 0 255 255 255 0 104 81 228 255
    255 0 37 255 0 255 51 209 255 0 30 0 255 0 255 0 178 255 131 201 0
    255 0 255 255 0 0 3 255 255 0 255 0 18 224 0 0 255 0 255 0 255 0 255
    0 156 0 249 0 0 30 236 150 166 130 3 255 255 0 222 0 255 255 63 210
    151 0 255 0 255 255 0 255 0 255 0 0 255 0 255 0 255 255 45 255 0 0 0
    0 255 255 130 255 0 105 153 0 179 0 255 0 255 0 0 255 255 255 0 0
    251 142 0 0 0 255 255 0 255 116 0 255 0 0 255 145 0 32 0 255 0 255
    151 0 11 255 0 255 0 0 255 255 255 0 255 0 255 255 255 0 10 201 255
    61 255 255 22 255 0 0 255 44 255 0 0 255 255 255 0 255 0 255 44 255
    255 255 0 255 0 255 135 68 0 255 0 218 0 0 238 255 0 255 0 165 255
    255 0 0 255 255 255 0 0 203 255 255 0 59 0 255 122 255 0 255 147 255
    219 0 255 0 255 0 91 255 0 255 0 255 0 255 242 33 0 0 56 255 0 255
    223 47 0 0 0 255 0 255 255 0 0 0 232 0 255 232 255 255 0 182 255 0 0
    41 207 255 255 0 84 0 255 0 78 0 72 0 255 255 0 0 255 71 0 89 255
    110 0 255 255 255 0 0 117 255 102 255 0 0 0 0 55 0 125 255 0 135 255
    255 0 255 0 0 255 255 255 0 0 0 255 255 0 0 255 185 190 248 0 0 255
    255 0 0 255 178 255 255 224 0 255 0 255 255 255 0 255 0 255 255 16 0
    255 0 255 255 0 0 255 0 0 255 255 47 255 0 115 255 255 255 0 0 255 2
    0 0 255 255 255 255 0 0 255 0 255 0 139 0 255 0 0 255 0 0 255 0 18 0
    255 0 210 0 249 255 0 255 0 0 255 0 134 138 255 255 0 0 255 0 255
    255 0 0 0 0 0 0 255 0 0 0 255 0 255 0 0 255 255 0 255 0 255 0 255
    255 255 0 255 255 0 255 0 255 0 0 255 0 255 0 0 0 162 199 255 25 0 0
    255 197 255 255 18 0 255 0 255 96 0 76 255 0 255 0 0 255 255 0 255 0
    102 255 192 255 255 255 225 0 33 255 0 255 0 255 0 255 28 42 65 255
    0 0 255 0 255 204 55 0 0 255 255 255 0 0 255 238 0 44 0 255 0 255
    102 152 255 255 0 0 87 255 0 255 254 255 0 77 255 255 0 0 87 196 0
    175 0 255 0 255 0 255 0 255 0 255 0 255 0 0 255 0 66 81 255 193 0
    255 255 228 255 60 255 199 226 255 255 0 248 255 0 0 255 255 233 0
    255 0 255 0 225 255 255 57 255 0 255 0 0 0 255 255 0 255 0 255 0 180
    0 255 21 0 0 255 20 217 0 0 217 0 0 255 0 0 83 97 255 255 0 0 0 255
    255 255 255 0 174 255 0 0 255 0 255 0 255 255 0 255 0 255 0 255 255
    253 255 46 0 0 0 255 0 0 6 255 58 249 70 255 0 255 255 0 21 236 255
    0 18 255 239 255 0 202 255 244 0 0 248 255 255 255 40 0 255 255 89
    255 255 0 255 0 255 255 0 0 255 217 0 255 0 255 0 255 0 255 1 175 0
    255 37 5 255 255 0 255 0 1 255 0 255 0 0 0 6 0 115 255 255 0 221 255
    0 0 255 0 174 217 155 0 255 255 255 180 0 0 255 0 255 0 255 255 0
    247 0 255 0 216 255 134 0 0 255 0 0 255 0 255 0 255 0 255 0 255 235
    126 168 0 255 0 255 57 0 251 90 255 255 0 255 255 0 255 0 0 255 255
    255 255 6 255 255 255 255 0 255 0 255 0 255 86 71 117 255 0 186 0
    255 255 0 0 0 0 0 34 0 255 154 40 255 255 70 0 0 255 0 255 0 255 243
    216 0 182 51 255 0 0 255 77 0 157 0 0 255 255 0 0 255 0 255 255 190
    0 0 255 181 16 0 229 0 255 0 0 255 0 255 0 255 255 255 0 51 0 255 0
    255 0 255 60 0 255 0 16 255 0 55 0 129 255 0 0 106 0 0 0 255 255 162
    0 255 255 0 0 120 255 0 255 230 0 255 0 255 231 80 255 255 255 255 0
    255 106 208 0 255 255 79 103 0 192 0 255 0 141 0 0 255 255 0 0 80 0
    178 255 0 255 24 0 255 255 0 0 255 0 0 255 255 179 22 0 251 7 0 227
    85 61 0 255 0 255 0 255 0 0 255 0 199 157 53 0 255 0 0 255 0 0 255
    255 0 4 213 23 255 0 0 255 0 255 47 0 255 255 0 0 255 255 0 255 255
    0 0 0 255 255 0 0 255 0 69 62 255 76 0 255 255 0 12 0 255 255 0 90
    255 0 0 255 0 0 168 255 0 69 141 0 249 0 255 255 0 0 255 255 0 0 21
    255 208 0 255 92 33 255 0 139 119 0 255 0 129 255 255 255 0 255 22
    59 0 0 255 0 255 0 255 96 255 0 99 0 0 63 0 255 255 71 75 188 238
    228 255 0 255 255 0 255 206 103 255 0 0 255 0 0 0 255 0 255 255 111
    255 255 0 255 255 0 255 0 131 255 106 255 242 255 0 104 0 126 161 81
    0 255 255 0 255 193 226 5 255 255 0 34 255 255 43 255 255 255 113 0
    255 103 255 0 255 0 98 255 0 255 0 0 0 27 255 0 0 54 177 0 255 255
    255 0 21 255 20 60 255 255 0 255 255 0 255 0 199 0 255 255 0 29 144
    76 0 255 112 0 0 255 255 0 197 0 255 255 0 255 0 0 228 255 80 33 255
    95 0 118 255 0 255 255 255 255 0 0 255 0 0 255 204 0 255 255 255 0 0
    255 255 0 0 255 255 0 255 0 0 255 188 255 255 10 0 0 0 255 0 255 255
    202 165 25 255 255 0 9 255 0 0 176 0 255 0 20 255 255 255 0 0 255 0
    255 0 81 0 0 255 255 176 255 255 255 0 189 0 15 151 255 255 116 255
    255 0 255 140 219 50 255 0 255 0 0 0 99 0 154 139 255 0 255 0 0 0
    255 255 255 0 0 255 255 0 255 255 255 255 209 255 13 255 0 0 131 255
    255 0 255 0 205 0 0 255 255 112 255 172 0 255 0 216 208 0 0 255 47 0
    255 0 255 0 116 0 102 255 255 0 133 0 255 0 0 135 0 255 203 255 0 0
    255 224 0 211 255 0 255 0 255 0 0 0 255 0 255 0 255 255 0 0 255 25
    255 0 250 219 216 255 255 0 21 81 152 0 60 0 7 212 95 255 0 0 0 255
    0 255 0 255 0 132 0 90 255 255 0 87 255 0 231 255 0 0 255 255 255
    255 0 255 0 60 155 255 0 255 218 255 0 0 0 0 255 191 51 150 255 255
    255 0 255 255 16 0 0 255 255 129 0 255 0 26 255 0 0 0 109 127 255 0
    0 255 0 0 255 255 0 255 0 255 0 255 255 0 0 255 136 255 0 0 255 0 87
    0 0 255 0 255 255 147 176 0 0 82 255 0 0 255 0 137 0 255 136 255 0
    255 118 0 0 255 0 255 0 255 255 89 0 255 0 0 255 0 0 11 0 255 255 0
    0 255 48 255 33 255 0 0 255 255 0 255 0 184 255 255 0 0 255 252 0 0
    108 145 0 255 0 124 0 166 0 255 0 0 255 255 0 255 255 0 255 255 255
    165 0 255 0 140 255 0 0 255 255 255 0 0 0 255 0 0 255 243 255 0 0
    176 255 0 255 255 0 255 255 255 0 255 0 0 150 255 0 0 255 0 0 152
    255 255 223 125 0 255 53 255 139 0 255 0 0 255 0 255 255 0 35 255 0
    113 255 41 255 255 255 0 0 255 255 0 255 155 0 255 0 120 255 0 255
    149 255 128 255 0 0 228 255 0 255 0 255 17 122 0 255 255 0 255 0 231
    250 0 0 0 0 0 0 0 255 255 109 255 0 0 0 0 0 255 0 255 255 0 0 255
    202 0 74 255 255 0 255 0 255 255 0 255 0 255 0 82 241 255 43 0 17
    108 255 255 0 0 0 255 255 189 0 0 0 0 120 255 0 0 0 255 255 0 255
    255 44 0 255 255 0 0 255 255 255 0 255 248 0 59 0 184 0 255 255 0
    255 0 255 9 197 255 0 255 255 255 205 0 0 255 255 154 255 0 255 84
    10 145 0 255 214 0 98 255 146 0 255 4 166 255 0 164 255 237 0 0 255
    255 0 255 0 0 1 255 0 67 0 241 255 255 255 255 204 255 0 0 187 69
    255 0 178 255 255 0 0 255 255 0 0 255 0 255 255 0 255 244 255 124 0
    255 255 255 255 0 255 85 255 1 0 0 189 0 255 255 0 0 255 31 0 255 0
    255 0 231 0 255 255 0 0 139 0 255 0 255 0 0 0 142 0 255 0 0 255 255
    0 255 0 255 0 255 255 0 0 52 0 0 255 255 0 0 103 0 9 0 0 255 254 255
    0 0 0 255 255 69 0 0 255 255 255 0 255 0 255 255 0 0 255 0 255 255
    223 255 255 0 0 231 54 92 0 255 186 0 230 81 0 255 0 0 43 255 255 0
    24 255 0 24 71 53 0 0 255 19 0 255 0 83 255 255 0 16 0 0 83 204 0 0
    0 255 0 255 255 0 0 255 0 255 0 255 244 0 0 34 0 48 211 255 33 0 131
    0 255 255 255 175 0 255 255 255 255 25 0 255 255 0 255 0 255 0 255 0
    255 187 255 0 255 0 0 91 187 187 255 0 0 74 84 255 0 255 0 255 131
    255 0 255 19 193 255 234 0 0 255 0 255 0 255 0 255 255 180 0 138 0
    255 0 0 0 0 0 0 255 29 255 255 255 0 130 124 0 255 0 255 255 0 0 64
    255 255 0 0 237 255 255 0 255 24 0 0 0 0 255 255 0 153 151 255 0 255
    255 0 31 255 255 0 0 255 157 255 0 255 0 0 243 39 255 0 255 0 0 255
    0 0 255 0 255 0 255 255 140 0 255 0 252 255 0 180 0 0 255 255 0 255
    255 0 0 255 231 255 0 238 255 255 0 208 0 255 0 0 187 0 255 255 255
    0 255 49 146 0 255 0 255 0 255 215 255 72 0 255 114 255 255 255 255
    0 255 19 0 0 255 255 0 11 0 255 255 0 25 34 246 255 0 0 0 0 75 255
    255 255 255 140 255 0 255 0 255 255 0 255 255 0 255 255 255 92 0 255
    0 255 0 255 0 255 255 255 0 0 255 16 0 0 255 0 215 0 255 255 255 0
    255 255 255 255 0 0 0 255 255 255 16 252 113 255 36 15 255 0 0 0 147
    125 255 249 0 29 255 0 0 0 104 0 90 0 0 152 255 0 255 255 0 0 0 255
    0 255 255 0 255 0 48 255 141 0 0 255 193 202 255 211 0 108 255 255
    15 0 255 255 66 112 0 0 208 255 255 0 255 0 255 170 255 255 255 0 0
    255 255 236 235 98 0 255 0 255 255 0 255 0 255 0 0 255 255 0 169 255
    0 0 255 0 0 255 0 255 255 255 0 0 255 0 0 177 255 255 0 0 255 0 0
    161 0 255 0 0 0 255 0 0 172 255 0 0 255 249 255 255 0 0 252 0 255 0
    255 255 11 0 0 212 0 0 255 255 0 55 184 0 205 157 0 33 255 158 39 65
    71 253 0 255 13 255 0 0 255 0 0 255 212 0 255 0 0 13 255 0 0 0 255 0
    255 0 255 0 0 255 255 0 255 0 255 255 255 0 255 0 0 0 0 57 29 255 0
    0 255 46 132 0 245 255 255 0 43 255 0 255 0 255 170 255 0 205 255 0
    255 255 0 255 183 255 0 255 0 255 255 39 0 0 0 0 255 22 183 255 4
    255 0 255 255 0 255 21 0 46 255 0 255 255 0 149 255 0 0 255 0 255
    107 0 255 26 255 255 0 255 0 7 255 0 0 255 0 0 173 0 0 216 0 0 255 0
    31 255 0 0 255 0 47 255 255 255 0 0 255 0 117 58 255 0 255 35 1 255
    0 255 44 0 0 186 0 255 0 255 255 0 255 0 255 0 255 0 201 255 0 246 0
    0 255 0 255 0 0 0 255 0 255 255 0 0 0 255 255 0 0 255 130 255 0 0
    255 0 255 202 103 255 0 255 255 0 255 0 0 255 148 0 255 255 255 0 0
    255 255 0 238 255 255 0 255 0 0 196 255 0 255 255 146 255 226 0 147
    255 255 255 0 0 133 230 0 255 255 255 255 0 148 0 255 0 154 255 255
    0 0 255 132 0 255 67 255 0 255 0 255 255 0 255 255 246 255 73 14 0
    255 255 255 110 0 0 249 59 0 0 84 120 255 255 0 255 194 0 101 255 0
    255 255 255 255 0 0 13 236 222 0 255 235 198 0 255 255 255 31 2 255
    221 255 0 255 255 255 47 49 255 0 255 65 54 205 0 39 255 255 255 0
    99 255 0 71 0 255 32 245 0 0 255 0 31 255 0 0 0 255 255 0 7 33 23
    235 0 167 185 255 98 0 255 0 0 191 255 0 255 0 255 255 0 0 255 255
    255 137 0 255 0 174 255 255 2 0 0 187 0 0 255 0 0 165 0 0 255 164 0
    255 255 0 255 255 193 255 0 255 0 255 0 0 13 0 0 62 255 0 0 0 255
    251 99 160 255 0 255 255 255 0 0 0 0 0 0 255 0 255 41 22 255 0 0 255
    255 0 255 255 0 255 0 21 255 0 255 0 255 123 255 0 255 0 51 255 255
    255 162 0 210 255 0 0 255 0 255 160 184 168 171 128 0 255 255 201 0
    0 16 0 0 255 0 124 255 255 0 0 255 0 255 0 255 255 255 0 0 148 255 0
    0 255 9 0 255 0 255 0 0 0 255 255 0 111 255 0 229 0 255 0 152 255 0
    255 130 0 255 0 0 0 212 90 255 0 255 0 255 0 0 255 133 0 93 0 255 0
    111 31 59 0 255 198 0 255 0 0 255 0 255 0 0 255 255 255 159 0 78 255
    0 234 255 22 166 255 0 255 255 0 83 255 0 0 255 255 255 0 255 255
    255 255 0 255 0 0 255 255 255 0 0 255 255 0 216 255 255 0 255 0 255
    0 255 255 40 255 0 255 143 255 0 0 255 0 255 119 255 255 0 0 91 0
    255 255 200 255 255 0 255 0 255 0 255 48 0 98 0 255 0 0 148 255 255
    0 0 0 255 0 0 248 255 255 0 255 0 255 255 255 255 160 184 0 255 0
    255 255 255 255 0 20 255 255 0 255 45 255 0 195 235 0 255 97 255 0
    255 180 156 0 255 208 255 255 0 255 0 174 255 0 0 0 127 214 0 0 0 0
    182 255 0 255 0 255 255 255 0 0 255 0 255 33 255 0 0 0 255 0 245 255
    255 1 0 255 255 0 0 3 0 0 255 0 0 0 255 255 0 0 255 255 0 0 57 0 255
    0 139 255 107 0 0 156 0 255 0 0 255 142 0 166 0 163 255 0 177 0 255
    0 255 31 255 0 0 255 22 188 255 0 0 255 255 109 255 255 0 255 51 0
    255 255 255 0 0 0 255 107 186 35 255 255 0 0 255 0 0 255 180 0 158
    255 0 191 255 0 255 0 0 255 255 252 141 255 0 0 255 255 0 0 150 0 8
    0 255 0 0 255 0 32 255 0 116 255 0 255 0 255 21 255 0 255 255 0 255
    0 225 0 255 0 0 0 0 0 0 0 255 255 0 255 255 255 28 0 192 255 255 255
    0 255 0 255 0 0 255 64 255 0 255 0 223 255 0 255 0 255 255 0 0 255 0
    0 72 0 157 255 0 255 0 255 255 0 0 255 0 0 0 0 255 0 255 0 225 0 255
    255 255 0 0 255 0 4 255 255 160 0 255 0 57 255 0 0 245 0 255 0 27
    255 255 204 255 75 255 255 0 255 255 192 255 0 0 176 255 167 255 255
    0 0 255 0 255 237 255 125 255 255 0 0 26 0 255 255 0 255 255 0 255
    255 55 228 255 135 255 41 0 148 255 0 0 0 139 0 86 0 255 0 222 255 0
    255 0 0 255 0 231 0 255 255 196 255 255 255 255 0 255 255 0 255 0
    255 0 224 33 0 0 186 255 255 0 255 255 0 149 0 0 255 255 255 0 0 255
    255 255 0 255 170 191 255 255 139 255 255 0 255 255 255 0 0 231 0
    255 0 128 0 255 255 0 203 0 0 255 7 0 0 0 255 0 60 255 0 0 248 255 0
    255 255 0 255 255 0 223 255 0 255 0 255 0 0 106 0 255 0 34 255 0 255
    255 255 255 0 255 255 255 236 0 0 197 255 116 174 0 255 195 255 255
    0 22 22 255 0 0 255 255 255 255 0 0 255 0 0 255 255 0 255 255 0 233
    0 0 255 237 0 255 0 136 255 0 255 255 104 196 255 255 0 255 0 255 86
    255 255 0 0 255 0 0 255 255 0 255 18 0 255 255 255 255 53 0 255 0
    255 0 8 255 209 89 0 53 0 255 0 113 0 255 0 255 180 255 58 205 0 189
    255 61 0 255 255 0 255 0 255 106 0 0 255 0 255 0 0 0 0 255 39 0 0 0
    70 255 0 255 255 0 255 0 255 0 0 255 0 255 255 0 204 6 73 0 0 247 3
    0 255 0 255 0 0 255 0 0 0 255 255 0 0 0 255 255 0 0 255 255 255 255
    227 125 255 0 255 68 0 255 255 52 0 0 0 0 255 0 0 255 115 255 255 0
    255 255 255 255 0 0 42 255 0 0 0 202 255 0 255 4 255 0 0 0 0 255 101
    0 255 0 255 0 255 0 255 0 255 0 255 0 255 255 0 255 83 108 255 0 0
    255 0 255 0 255 0 0 0 255 0 255 0 206 134 0 0 0 0 0 0 0 255 0 255 0
    255 0 201 0 255 82 0 0 19 0 0 255 233 0 255 68 255 176 255 255 0 16
    216 0 255 255 0 255 255 0 255 255 0 78 91 255 0 0 171 255 0 0 255 0
    0 0 255 0 0 203 0 42 255 255 0 0 255 97 0 0 255 0 255 0 255 0 255 0
    255 0 229 0 255 255 255 0 240 0 255 248 0 255 0 255 0 111 84 0 0 255
    0 0 75 141 255 255 0 0 35 255 0 76 255 7 0 255 0 0 0 0 0 255 255 31
    0 0 255 0 0 0 255 0 0 255 74 255 0 255 0 255 255 0 0 179 0 255 0 255
    0 0 255 0 255 167 0 0 205 255 173 0 255 0 0 255 0 0 0 0 48 0 255 0 0
    233 255 84 230 255 255 0 0 255 0 255 255 255 0 0 185 255 146 0 255 0
    255 255 0 154 0 0 0 255 255 10 255 255 255 0 255 0 0 255 46 0 119 0
    255 15 255 255 0 255 0 255 255 255 0 255 255 255 0 255 255 207 255 0
    255 253 0 255 255 89 183 208 0 255 150 255 155 255 255 0 0 255 255 0
    140 0 255 0 251 0 255 0 0 255 255 255 0 255 142 6 60 68 0 255 255
    255 206 173 255 0 255 0 0 0 255 0 255 255 255 0 255 76 0 255 255 0
    168 0 0 0 0 255 0 14 181 255 0 255 0 255 0 0 255 132 255 0 255 0 255
    140 24 255 52 0 255 245 255 56 255 10 0 31 0 255 0 0 155 0 0 255 0
    255 118 255 74 0 255 255 0 34 255 255 255 0 255 109 255 0 0 154 255
    0 255 255 0 255 224 255 0 0 255 255 45 0 255 0 202 52 0 255 0 0 0
    255 0 0 255 0 248 0 222 255 0 255 255 0 255 0 255 0 0 255 255 0 0
    255 0 255 158 255 0 0 255 255 0 255 172 0 255 0 255 0 0 255 0 8 0
    255 0 255 0 255 0 255 39 168 0 255 0 0 0 139 255 0 255 255 0 255 0 0
    255 0 255 0 255 0 0 255 0 230 164 135 255 255 255 0 255 255 175 0 14
    255 0 255 255 69 131 255 0 0 255 255 0 255 0 0 0 106 255 255 0 116
    255 165 0 255 0 42 255 179 0 0 0 0 255 255 255 199 0 140 0 13 255 0
    0 255 0 255 255 0 0 0 255 63 255 255 255 255 255 0 0 255 5 255 0 255
    255 255 0 255 0 156 248 0 255 32 0 255 207 255 0 255 240 224 255 255
    0 0 211 93 255 0 255 0 0 255 255 0 200 0 0 0 255 194 255 0 184 0 255
    255 0 0 255 255 0 255 31 255 238 0 255 255 0 255 0 255 178 0 255 0
    255 255 0 24 255 0 255 255 0 159 0 255 255 255 122 255 255 0 0 255 0
    107 22 0 255 26 255 0 255 69 255 255 0 0 255 0 255 0 255 191 255 0
    255 0 220 0 0 255 255 0 238 0 117 255 0 106 0 0 0 121 0 255 255 230
    255 100 0 222 165 0 203 0 0 255 0 0 255 255 0 255 255 0 255 0 255 0
    255 0 95 255 0 0 0 173 0 255 173 0 255 255 255 239 0 0 167 132 0 0
    255 79 255 226 255 29 0 0 255 226 0 174 0 0 0 255 255 63 165 0 198
    84 73 0 255 0 255 255 176 255 0 255 0 255 255 0 186 0 218 0 255 0
    172 0 255 0 0 255 196 255 0 255 0 0 172 224 0 0 255 255 238 0 255 0
    0 255 0 255 0 255 30 0 96 0 255 0 0 40 255 222 255 0 255 255 0 0 199
    0 0 255 255 255 0 205 255 0 0 255 117 164 0 255 0 255 255 0 255 255
    255 0 160 255 255 255 255 255 167 93 0 255 0 0 0 255 0 0 177 255 255
    85 255 0 0 255 224 83 77 255 0 0 34 255 142 55 255 65 255 105 128 0
    0 255 0 57 81 173 0 0 255 0 255 0 0 255 0 255 71 255 0 0 0 255 142
    176 0 8 0 0 121 0 88 255 0 255 255 244 0 255 30 255 0 255 109 255
    255 0 29 255 0 0 255 0 10 0 255 255 0 255 255 255 169 0 255 0 255 0
    255 174 255 0 255 143 255 0 255 253 127 0 255 0 0 0 255 0 217 0 200
    0 255 255 255 163 255 0 255 145 255 218 0 255 0 211 255 194 0 0 14 0
    0 133 255 0 255 255 0 0 255 255 174 255 239 0 255 0 255 255 0 255 0
    0 255 242 255 0 255 255 255 120 11 255 0 255 0 255 0 255 64 255 0
    255 0 255 0 255 255 0 255 0 255 255 0 250 0 255 255 209 128 255 0
    200 255 0 255 0 255 255 255 92 255 255 120 0 255 118 0 126 0 255 255
    0 0 0 255 255 0 255 182 0 255 143 243 255 255 0 0 220 255 255 0 255
    255 0 0 0 0 243 255 255 0 0 255 0 0 255 255 70 0 255 255 0 255 3 255
    255 0 255 0 255 0 0 23 255 0 255 169 255 0 255 0 88 84 30 255 25 142
    0 255 255 0 0 255 15 199 255 255 184 0 255 255 255 0 0 255 0 4 255
    255 255 255 255 0 255 0 255 255 3 255 0 255 130 255 0 255 0 255 0 0
    0 0 0 255 255 54 0 255 0 255 255 69 53 0 255 255 0 0 255 0 226 255 0
    0 255 0 226 25 255 0 255 0 255 0 231 0 255 0 255 255 255 17 255 0
    255 0 255 0 255 0 255 0 0 199 255 42 125 255 84 255 122 0 255 0 255
    110 207 255 0 0 255 0 255 255 0 92 255 0 255 255 255 0 255 0 34 255
    248 0 255 255 0 0 100 0 40 0 62 255 0 0 56 0 255 255 0 0 255 255 0 0
    255 255 0 0 255 0 0 0 255 255 0 255 0 255 0 195 142 0 0 118 255 0
    255 0 0 26 0 0 97 0 255 0 255 0 255 0 255 255 0 223 0 255 0 255 0 0
    255 0 255 255 0 0 255 0 255 0 255 255 0 255 237 0 247 255 0 255 0
    255 255 0 0 255 173 0 255 0 255 255 226 0 255 255 0 255 0 0 255 0
    255 0 89 255 0 106 0 255 0 255 15 0 255 8 0 57 255 255 152 0 0 0 0
    232 235 0 255 0 255 0 255 0 255 216 0 255 0 0 255 0 255 134 122 255
    0 0 222 165 255 0 255 0 255 0 220 0 255 255 0 69 255 0 0 0 0 255 255
    0 255 0 0 255 0 255 0 255 0 0 255 255 255 222 255 255 0 0 255 255 0
    0 255 255 255 0 48 0 0 0 255 0 0 255 0 255 0 62 0 255 155 65 255 0
    91 242 0 255 0 255 191 0 0 255 0 255 0 255 0 0 255 0 0 255 35 255 0
    255 0 0 255 0 255 0 255 115 255 251 0 255 0 255 133 255 0 255 255 0
    255 255 189 0 0 255 0 255 255 0 255 255 0 0 172 0 82 255 255 255 0
    197 255 140 0 78 255 0 255 62 0 255 78 255 0 255 0 255 255 0 0 255 0
    255 0 255 62 234 255 0 255 0 0 255 255 255 0 58 255 179 0 0 255 255
    0 0 255 255 0 255 255 0 0 144 83 0 255 0 182 0 0 255 255 0 103 255 0
    255 0 0 255 255 255 133 255 0 255 255 0 255 156 255 255 0 88 255 255
    0 0 255 255 0 0 21 255 0 49 255 123 255 0 255 0 255 0 255 0 255 0 0
    0 71 255 0 255 255 0 255 72 0 255 255 0 255 0 255 0 0 255 0 0 255
    157 255 0 255 0 255 34 209 0 252 168 0 255 0 255 0 210 44 0 255 255
    0 3 255 0 255 0 255 255 76 255 255 0 255 113 0 255 0 255 0 255 0 10
    255 255 255 0 255 56 193 0 255 255 255 255 0 255 0 0 86 92 255 255 0
    196 18 0 255 0 58 255 255 0 255 255 0 137 255 0 0 255 0 255 0 255 81
    0 0 255 0 0 142 255 0 255 255 235 0 255 197 255 90 0 255 0 255 255 0
    255 157 168 1 0 52 0 255 0 255 255 0 255 255 0 255 255 0 0 0 255 222
    0 0 51 255 255 0 255 0 0 255 0 0 0 255 255 0 255 0 226 255 0 113 255
    0 211 255 255 0 0 0 0 255 0 217 255 255 0 0 255 255 0 255 255 0 0 0
    255 255 0 255 0 255 0 255 255 255 255 0 255 255 0 0 0 255 149 255 0
    0 255 248 87 0 255 130 255 0 255 255 0 0 147 0 255 0 123 255 0 255 0
    74 39 0 0 255 0 0 255 84 0 250 255 0 255 228 157 255 0 255 0 255 255
    0 0 255 255 0 0 255 255 255 0 0 255 255 0 0 0 0 0 0 58 0 255 0 108
    35 0 255 255 0 255 255 0 255 0 255 0 0 0 0 236 60 0 255 0 0 255 0 0
    255 164 72 242 0 0 0 255 0 255 0 255 0 255 142 255 0 204 0 0 0 0 255
    55 255 0 0 255 188 0 255 246 255 255 0 92 0 255 0 0 0 255 0 0 219 0
    255 0 255 255 0 0 255 0 255 0 255 255 0 0 255 0 0 0 255 0 0 255 151
    0 0 0 0 0 255 0 255 142 255 0 255 0 255 98 255 255 0 0 255 255 255 0
    255 167 255 0 255 0 255 0 0 1 255 0 255 255 210 0 255 255 255 0 255
    0 151 255 0 255 0 0 255 0 0 255 0 255 21 255 0 0 255 0 0 255 85 0
    255 0 44 0 255 255 50 255 0 0 255 0 0 0 255 102 0 0 255 255 0 255 0
    255 177 176 28 0 0 255 130 199 255 0 255 158 0 255 0 255 255 0 0 0
    255 0 255 0 255 0 0 0 0 255 255 0 255 255 0 0 219 0 54 254 255 255 0
    0 0 0 0 0 255 255 142 0 0 0 255 0 0 255 255 0 36 180 0 255 118 255 0
    255 255 255 0 255 255 0 242 137 242 170 76 255 0 0 255 0 255 0 195
    255 0 0 171 203 110 102 255 255 0 255 111 0 255 255 0 0 255 0 0 255
    0 0 255 0 255 0 255 255 255 251 39 255 0 255 1 0 255 255 0 252 0 255
    0 255 0 0 255 0 0 255 255 61 255 0 0 255 158 6 236 0 255 0 152 255 0
    255 255 0 0 255 255 255 255 255 0 255 123 255 124 0 255 16 0 255 255
    255 0 255 0 255 0 12 255 0 255 0 0 255 255 255 0 122 255 22 255 185
    0 255 0 255 0 255 0 255 0 255 0 2 12 0 105 0 255 255 0 200 147 255 0
    255 0 255 0 167 194 0 255 0 255 255 255 158 255 0 0 255 166 185 255
    241 0 0 255 0 255 255 255 255 191 255 31 146 0 255 167 255 58 255 0
    108 255 239 255 0 255 0 0 255 0 0 72 0 0 255 255 0 0 255 0 255 155
    255 0 255 255 14 255 123 255 0 255 0 219 151 255 0 0 255 0 255 113 0
    255 255 255 255 0 0 0 255 255 255 0 255 0 255 169 255 0 0 255 166
    255 0 255 0 0 255 0 80 255 212 0 0 192 19 255 0 255 0 0 255 0 144
    255 141 0 255 0 255 66 255 0 239 255 228 0 255 0 68 0 202 0 255 41 0
    255 255 255 61 105 67 0 0 255 0 0 0 255 0 255 0 0 255 124 0 0 255 0
    255 0 255 0 255 255 0 0 0 255 255 255 0 0 255 255 255 0 255 255 255
    72 223 0 255 0 255 196 117 255 0 219 255 0 0 255 255 255 0 255 255 0
    0 255 0 255 255 26 0 255 255 255 255 255 0 0 255 255 255 172 178 0 0
    255 0 71 0 255 255 0 0 255 0 255 0 255 0 255 255 0 255 0 255 0 0 53
    0 210 255 0 255 255 0 140 255 255 104 0 0 0 0 255 75 0 255 0 0 255
    255 0 255 0 255 109 0 255 137 245 0 255 0 255 204 0 0 0 255 0 255 0
    255 0 0 255 93 255 0 255 168 0 152 0 255 140 170 255 0 255 0 255 0
    255 0 0 0 0 255 0 0 255 255 0 255 255 192 255 0 255 0 255 0 41 138
    82 255 155 255 162 0 91 255 0 255 253 0 255 0 255 0 216 60 255 0 255
    255 255 0 255 0 255 0 0 255 115 0 37 7 255 255 0 80 0 101 188 142 0
    255 0 255 255 0 0 0 255 0 0 255 255 0 255 255 192 148 255 0 255 0
    255 155 255 255 255 255 255 177 0 255 0 0 255 119 239 0 255 0 255 0
    0 255 55 0 255 0 255 255 0 0 156 225 0 0 49 255 255 0 0 255 0 0 119
    255 141 43 255 255 169 0 255 36 255 71 74 0 222 153 0 167 0 255 255
    0 191 0 112 107 0 0 255 0 0 0 255 255 0 8 255 0 58 255 0 255 255 0 0
    0 224 196 0 193 0 9 255 0 6 0 58 255 0 0 255 255 255 255 0 0 255 0 0
    255 255 255 0 0 255 255 255 0 87 255 0 255 104 0 255 0 255 0 255 0
    143 255 0 0 0 130 210 255 255 255 0 255 0 0 44 255 255 0 0 0 255 89
    0 255 0 255 255 0 67 0 255 0 223 0 255 0 255 0 255 255 0 255 255 0
    255 139 139 0 255 48 0 0 0 222 21 255 255 0 0 0 255 0 21 137 224 9 0
    126 255 0 255 0 255 255 55 255 255 0 255 255 255 0 0 255 0 0 255 0
    255 255 0 154 0 255 0 218 255 0 255 0 62 0 100 0 255 0 255 255 255
    255 255 0 0 130 0 0 0 255 0 255 0 255 0 0 0 0 255 0 255 255 255 0
    255 0 255 0 255 0 255 15 0 255 0 255 0 0 255 0 0 255 112 95 255 0 84
    255 42 0 255 0 255 0 255 255 0 76 0 48 215 255 0 0 255 255 255 0 255
    247 255 92 255 0 255 0 255 255 255 228 0 7 255 255 0 255 0 174 0 255
    255 77 0 0 0 255 0 0 255 0 0 255 255 0 255 0 255 0 147 255 36 0 0
    255 0 255 0 255 255 255 16 0 255 255 0 255 255 0 0 0 255 42 0 255
    255 255 0 255 0 255 255 0 0 255 255 255 0 149 255 206 255 212 199
    255 157 0 0 255 255 0 255 255 0 1 255 255 255 255 242 255 255 255 0
    255 255 0 209 0 255 79 186 255 0 255 0 219 0 255 0 255 0 255 0 255 0
    255 0 255 255 0 0 0 0 91 0 0 255 0 227 0 255 156 255 0 255 0 255 115
    97 83 0 255 202 0 0 0 0 0 254 255 255 0 255 255 185 0 63 0 255 0 0 0
    255 90 255 107 0 255 120 255 0 0 255 53 255 0 0 0 255 255 255 24 255
    255 127 214 0 255 0 189 255 255 0 0 255 0 199 0 255 40 255 0 255 0
    255 238 255 255 98 255 0 0 130 0 196 0 104 1 0 255 0 0 53 0 255 0 0
    255 0 0 254 0 255 255 0 194 0 0 0 255 0 255 0 0 255 171 0 229 0 0
    255 255 0 255 204 0 31 0 0 255 255 0 255 0 255 0 0 255 255 0 255 173
    0 255 255 0 255 0 255 255 255 0 255 255 0 159 255 192 222 255 0 21
    255 0 0 0 255 0 255 0 255 194 0 255 0 255 0 255 255 189 0 255 0 0
    255 0 0 255 241 255 0 255 255 255 0 175 255 0 255 0 255 255 255 255
    141 0 255 0 255 255 253 0 255 0 0 0 0 129 255 255 0 141 255 255 0
    135 111 255 255 0 255 0 207 76 255 139 255 0 191 255 255 0 41 0 0 0
    255 255 108 0 255 255 0 255 255 0 255 255 0 0 255 255 0 255 0 123
    110 0 255 255 255 0 255 0 0 255 0 255 0 255 23 0 255 0 255 47 103
    255 255 0 255 255 0 255 255 0 255 0 255 255 0 70 255 0 255 0 0 0 0 0
    255 255 255 255 255 148 0 0 243 255 0 255 0 77 197 0 255 0 0 184 0
    155 0 255 0 0 255 255 255 255 0 253 0 255 0 255 255 255 120 255 20 0
    255 0 255 0 0 255 182 152 171 255 255 0 0 143 255 0 255 255 255 0
    255 150 255 255 0 255 53 255 0 0 0 255 255 0 0 255 0 0 255 255 0 0 0
    255 0 243 0 110 0 255 0 255 0 255 0 0 0 0 0 190 255 0 0 118 103 255
    0 110 255 255 0 255 255 255 255 255 52 255 0 0 255 239 0 0 255 255
    78 0 202 0 255 0 158 0 255 0 0 255 180 255 0 255 0 255 43 0 255 0 0
    0 221 0 255 0 255 0 0 0 137 255 0 255 45 255 255 0 0 0 255 255 179 0
    14 0 0 135 255 0 255 87 0 0 255 255 0 0 255 166 53 0 255 0 77 255 0
    0 255 0 0 255 255 0 255 0 162 255 255 255 0 201 255 90 255 0 0 255 6
    255 99 31 0 255 235 0 60 255 0 255 118 255 166 196 255 0 255 0 255 0
    0 255 0 0 0 1 255 0 13 0 255 0 0 255 0 255 0 0 0 139 0 0 255 255 148
    0 210 127 0 255 63 255 0 255 0 0 255 18 19 255 0 0 0 69 47 255 0 255
    255 0 255 0 255 72 255 0 255 197 255 0 18 139 255 0 0 80 0 0 0 0 255
    0 0 255 0 255 0 148 0 255 255 0 88 0 0 255 179 177 255 0 171 255 255
    0 0 255 0 255 57 249 242 0 255 0 255 255 255 0 255 255 0 255 0 240
    215 255 0 250 0 255 0 0 0 209 114 0 0 255 255 0 255 0 0 0 255 115
    183 0 255 0 0 102 255 234 255 255 0 255 0 86 190 0 0 255 0 113 255
    255 163 35 255 255 37 118 147 255 255 159 14 255 0 255 255 0 255 255
    93 200 255 0 147 0 255 255 188 0 0 0 255 255 255 0 255 0 168 255 65
    167 0 255 0 37 229 255 0 234 255 255 0 0 255 255 0 255 0 36 178 0
    255 0 0 255 0 143 0 206 255 0 0 140 255 0 119 255 0 0 97 255 0 138
    66 0 255 0 0 255 0 255 189 66 255 132 0 255 0 255 0 255 0 255 255 0
    171 191 255 255 0 255 0 233 255 0 123 255 0 255 255 0 78 0 249 177
    255 255 0 127 255 0 0 255 255 255 255 0 222 255 87 255 255 255 0 255
    0 255 0 255 195 0 0 0 255 216 0 255 0 0 0 133 0 255 255 80 252 255
    255 125 0 255 70 203 219 0 255 255 255 0 255 255 255 0 255 0 255 145
    0 52 0 0 255 0 255 0 255 255 19 255 255 255 0 255 0 127 255 0 155
    255 255 119 255 255 67 23 36 0 255 33 255 255 255 255 255 17 255 0 0
    255 0 255 255 255 0 255 198 0 214 162 250 207 0 0 0 171 255 0 153
    255 255 255 250 0 255 255 0 255 0 255 0 255 21 255 0 0 0 255 244 0
    135 0 0 69 0 255 0 54 0 255 0 255 255 0 0 220 47 255 222 0 0 0 174
    255 0 205 0 119 88 255 0 246 0 255 255 0 0 0 255 255 0 245 255 0 255
    0 255 255 0 255 0 45 0 0 255 153 255 0 100 0 0 0 255 0 0 255 0 242 0
    255 0 255 0 255 163 0 255 0 0 255 219 255 0 255 91 245 232 255 219 0
    70 255 255 0 6 239 0 255 0 29 11 0 0 255 255 0 255 255 0 255 255 18
    255 0 53 0 255 0 255 0 255 255 21 171 123 255 0 255 0 255 44 255 255
    0 0 255 255 255 255 255 81 0 255 255 0 255 232 123 255 0 0 255 0 255
    255 53 255 255 0 255 255 0 0 44 0 0 255 0 0 255 9 0 255 0 0 255 22
    255 255 0 0 255 255 0 0 0 242 218 255 0 0 203 167 0 72 0 0 255 133 0
    255 68 255 73 237 162 230 255 0 0 0 188 31 3 0 0 255 0 0 0 255 0 255
    0 255 255 0 0 255 255 0 35 0 255 0 181 0 0 249 238 255 0 255 0 255 0
    0 12 0 5 255 177 255 255 0 255 255 72 255 0 255 0 229 0 255 0 255
    255 0 238 255 0 255 0 255 255 13 255 56 255 64 255 255 0 255 204 2
    255 201 255 0 255 132 0 174 255 0 0 136 16 0 255 0 255 255 0 255 0
    255 175 0 0 255 250 255 255 255 0 0 255 255 255 8 255 255 0 255 0 0
    255 255 0 255 69 255 0 0 0 255 255 0 250 0 0 255 124 0 255 0 255 0
    255 0 255 0 0 0 255 0 0 255 0 0 142 0 255 0 255 0 255 255 255 0 232
    255 255 255 69 255 0 86 0 0 255 255 50 0 0 0 255 0 223 255 0 0 0 255
    0 223 255 34 0 100 255 0 255 0 255 255 0 223 255 0 0 255 87 0 255
    255 131 0 255 134 0 255 255 255 255 0 0 255 255 3 255 0 0 255 255
    255 11 0 0 255 0 0 255 228 249 0 255 0 255 255 0 255 0 0 32 37 255 0
    255 255 108 0 255 12 255 0 255 255 0 0 255 255 0 0 0 255 129 250 0
    125 210 34 0 255 248 255 0 0 246 0 255 0 148 255 255 122 255 1 0 255
    255 204 201 178 255 0 0 0 255 255 0 9 0 0 0 255 0 0 255 255 120 0 0
    0 0 255 255 198 0 255 0 255 0 0 255 0 82 66 0 255 255 0 233 123 0 80
    255 0 255 255 255 255 0 255 0 255 255 0 0 0 255 0 255 255 255 255 0
    46 255 18 255 255 0 101 0 255 0 255 0 255 202 255 255 0 255 0 255 0
    255 0 255 255 0 255 84 0 255 0 0 255 0 255 255 255 255 255 0 34 255
    255 0 195 255 0 0 0 255 255 0 36 255 115 255 0 0 0 255 0 0 0 255 0
    255 255 255 0 0 0 255 255 0 0 0 255 0 240 255 255 255 218 255 0 0
    255 255 0 0 255 0 255 0 255 0 209 0 255 255 0 0 255 0 1 0 255 54 0
    255 0 10 0 212 255 0 255 0 211 255 0 255 0 255 61 255 0 255 0 255 25
    99 20 0 228 0 255 237 255 154 255 0 255 0 254 255 0 255 255 0 95 255
    0 0 255 247 0 255 255 0 255 0 255 0 207 0 132 255 0 143 0 0 255 0 0
    255 0 246 0 0 71 0 255 0 70 0 255 55 0 142 0 0 143 31 255 0 255 0 0
    255 165 255 255 255 0 255 255 255 0 221 253 122 255 255 255 0 106 0
    255 0 255 0 0 198 255 255 0 255 239 0 0 255 19 255 0 255 0 63 210 65
    0 255 0 0 154 0 0 255 255 0 0 121 33 0 255 255 0 0 255 0 252 0 255
    255 0 255 22 108 0 0 240 0 42 0 255 0 255 0 255 0 255 0 255 0 19 255
    0 255 0 0 0 0 187 0 255 0 0 255 0 255 255 255 0 0 255 0 0 0 255 255
    0 0 255 0 255 0 255 255 210 127 0 0 0 255 255 255 0 187 0 255 255 0
    255 0 255 151 0 255 0 255 0 142 0 255 0 255 0 0 255 0 0 255 200 0 0
    0 255 73 255 255 129 95 0 255 244 255 134 255 0 255 0 255 0 0 132
    255 255 193 255 0 0 255 255 255 0 255 98 0 26 0 255 76 0 0 255 247
    237 0 0 255 0 255 255 0 0 255 59 0 103 255 0 255 130 255 0 255 255 0
    0 126 219 255 0 0 251 255 0 255 0 255 0 37 0 0 0 255 127 212 0 255 0
    255 0 255 255 255 255 255 138 114 112 0 255 255 249 255 255 0 0 255
    0 255 0 196 255 0 237 0 255 0 255 61 255 0 249 239 0 255 0 86 255
    255 151 0 82 243 255 0 255 255 0 0 255 255 0 255 0 0 255 42 122 0
    255 0 0 255 0 255 118 255 0 255 43 255 0 177 255 255 0 0 255 68 164
    0 198 255 0 132 255 0 0 255 0 137 255 255 0 255 120 255 0 255 87 255
    0 255 141 255 14 182 255 0 176 255 255 238 0 255 255 255 0 96 255
    255 255 255 0 255 0 0 0 12 255 0 255 187 255 67 255 0 79 255 0 0 43
    0 255 255 255 0 228 98 255 0 0 0 255 0 255 0 0 255 0 255 0 255 255 0
    255 255 207 255 76 255 0 0 0 0 255 0 255 0 0 255 140 255 0 159 0 0
    218 0 0 0 0 255 0 255 0 0 255 0 255 0 0 255 174 255 0 255 0 255 197
    255 255 255 0 0 104 0 255 0 255 241 255 0 0 29 72 255 103 0 180 255
    255 0 0 0 255 0 255 0 255 0 255 0 255 0 255 255 255 0 255 0 99 0 255
    129 140 0 16 0 91 0 255 255 0 255 0 255 0 110 0 0 255 0 29 0 0 26
    252 126 255 22 247 255 0 255 255 0 255 0 255 0 181 255 0 198 190 0
    255 0 0 255 0 98 255 0 197 0 255 0 0 0 255 0 255 255 0 255 255 132 0
    0 255 0 255 0 113 0 255 255 255 0 0 255 0 255 0 255 0 0 255 0 255 0
    255 0 255 0 0 0 80 0 0 0 0 77 0 80 0 0 0 0 54 255 0 255 255 255 255
    0 255 0 255 0 255 255 0 0 0 146 255 234 169 0 255 118 149 59 9 0 0 0
    255 255 70 0 0 255 255 0 115 0 255 0 255 33 0 255 50 255 147 255 255
    255 255 109 255 126 0 186 0 255 0 17 36 0 106 0 65 255 255 255 0 255
    0 255 0 0 124 0 0 255 0 255 0 0 255 0 255 0 255 0 0 255 0 0 219 0
    255 0 255 63 0 161 84 0 0 0 255 0 255 0 255 0 255 255 0 0 173 255
    255 0 255 0 0 255 255 0 0 98 255 0 132 0 255 208 255 0 215 242 0 255
    0 255 0 255 93 0 0 255 0 47 0 255 0 255 255 0 234 228 255 0 131 126
    255 80 0 255 0 255 0 255 255 255 255 0 0 255 0 99 97 0 140 255 236
    211 0 255 255 0 172 255 0 221 0 255 255 0 102 0 0 109 255 255 161
    255 243 70 0 255 16 0 131 255 0 0 255 255 255 89 255 0 255 86 32 0 0
    255 0 255 255 0 222 209 255 255 255 255 0 255 0 181 255 255 255 255
    255 255 255 255 255 255 0 255 0 255 0 78 0 255 255 0 255 132 0 255 0
    90 255 0 255 129 194 255 255 255 0 255 24 255 0 255 0 0 255 255 255
    72 133 103 255 255 255 0 255 0 255 0 0 255 134 0 255 217 169 231 0
    228 0 23 0 255 255 0 255 0 0 255 195 255 0 115 0 255 87 0 18 255 153
    255 255 255 255 0 255 0 255 0 0 111 255 255 0 255 0 109 0 255 29 255
    0 255 0 255 0 255 173 255 0 148 0 255 255 255 42 255 0 47 255 255 0
    255 255 99 0 255 90 255 0 143 255 255 0 0 0 68 255 255 0 141 255 0 0
    255 255 98 255 255 0 255 255 0 0 255 208 255 120 0 255 0 255 255 0
    255 0 255 0 255 255 0 0 255 0 0 241 0 0 255 0 255 0 144 255 0 255 0
    255 255 0 255 0 255 255 0 187 255 0 255 255 199 255 0 0 255 166 233
    250 255 0 192 0 255 0 255 0 0 255 3 124 255 37 65 0 0 255 0 125 255
    0 255 0 49 255 255 0 255 0 255 0 255 0 0 0 255 0 8 0 255 0 200 0 255
    232 0 0 255 0 255 0 0 24 255 0 0 255 0 4 255 0 255 0 0 255 0 199 121
    0 255 0 251 0 0 255 0 0 255 255 16 153 255 242 0 255 0 255 68 0 255
    0 0 255 255 0 255 0 81 255 187 255 255 0 0 255 255 183 212 30 0 255
    0 255 255 255 71 0 0 255 255 255 255 255 255 126 0 0 88 0 187 255
    255 0 255 227 0 80 255 20 0 255 162 0 255 178 255 0 136 255 0 0 85
    255 0 255 213 255 0 255 0 0 163 0 255 255 0 255 0 255 0 0 255 255 0
    0 255 255 0 245 0 0 255 0 0 8 0 255 0 255 0 171 0 255 0 255 0 0 0
    255 0 255 0 0 255 255 0 0 194 0 0 255 0 255 255 255 255 18 112 182 0
    0 255 255 0 255 255 0 0 255 255 0 111 0 0 196 0 0 255 255 0 255 0 0
    255 0 255 255 0 255 255 170 0 245 203 0 0 14 0 255 0 0 0 249 255 238
    214 0 0 255 0 169 255 0 0 255 0 223 13 255 0 0 255 0 255 69 0 0 255
    0 212 255 0 255 0 255 0 255 0 255 99 0 255 0 80 95 1 35 255 255 0
    255 0 179 0 0 50 255 0 255 255 0 0 0 55 171 188 0 255 255 255 255
    153 255 255 0 178 0 255 0 255 155 255 255 54 45 175 0 255 240 0 255
    162 130 255 0 228 255 60 113 186 88 0 96 0 0 255 255 28 255 255 0
    170 28 0 0 121 0 255 0 255 0 44 255 0 255 0 0 206 255 0 255 0 0 175
    0 255 0 255 0 0 255 131 255 255 94 0 255 255 255 87 88 0 0 0 197 255
    0 180 0 0 255 0 255 2 255 0 255 0 46 255 11 255 53 255 255 0 145 255
    255 255 0 255 255 255 128 0 200 0 255 206 255 0 255 0 0 212 0 255 0
    178 0 255 0 255 0 255 0 0 255 255 86 255 140 0 147 75 67 0 255 39
    135 0 255 255 255 0 255 0 0 74 237 0 255 255 0 0 255 105 255 55 0 0
    0 0 17 0 149 198 255 29 0 0 255 0 255 159 0 255 0 0 255 229 0 255 0
    255 232 155 0 122 255 0 0 6 255 255 169 0 255 255 255 255 0 0 255 0
    25 255 0 255 255 0 255 0 143 255 255 0 255 0 255 186 255 0 255 0 255
    168 0 255 255 255 0 255 255 0 255 255 224 0 0 255 0 255 0 0 0 255 0
    0 48 83 255 0 210 0 255 255 0 172 0 255 0 0 255 255 0 144 255 255 70
    0 255 34 255 0 0 0 255 255 255 0 0 0 0 0 255 0 28 87 0 255 0 63 235
    0 255 255 255 0 0 255 182 0 0 255 146 255 255 213 106 0 194 255 0
    255 0 72 0 0 181 0 0 0 0 255 0 255 255 0 255 0 255 0 255 0 104 249
    255 0 0 236 0 255 255 160 255 0 255 0 189 0 0 255 0 0 255 0 0 188
    255 0 14 255 0 0 0 255 0 255 0 0 135 255 0 255 255 0 255 0 0 255 0
    255 0 121 255 0 255 0 255 255 0 255 255 0 197 255 136 0 0 255 0 255
    177 255 153 255 255 0 0 255 12 0 0 255 92 46 0 255 0 127 0 0 53 255
    0 255 45 255 0 207 255 255 0 255 0 175 0 80 0 255 144 0 255 255 0
    255 0 212 108 96 0 255 0 0 0 187 255 255 255 0 255 171 0 0 154 0 251
    255 0 0 0 255 0 255 255 0 255 0 255 255 255 255 0 149 0 255 0 255 0
    255 155 0 255 0 0 0 255 0 255 240 255 0 244 255 255 189 0 255 124 0
    255 79 76 0 255 0 238 255 0 255 2 255 0 255 0 255 215 0 255 255 0
    255 0 0 0 255 0 0 255 255 0 255 244 36 255 91 255 218 2 31 0 0 0 255
    0 53 0 225 255 0 255 0 0 0 255 255 0 0 255 255 255 255 255 255 0 255
    0 0 255 0 255 0 0 255 0 238 255 0 255 0 255 0 255 255 255 0 255 255
    0 0 255 255 0 0 206 106 255 255 147 255 0 167 255 86 132 73 255 255
    33 255 124 0 255 189 255 114 0 255 7 26 125 255 65 255 0 0 255 0 148
    28 0 230 174 0 0 0 255 0 0 255 255 255 0 255 209 0 255 0 255 255 255
    0 0 0 255 158 0 255 200 250 0 255 0 0 0 255 0 5 255 239 0 0 255 144
    57 0 223 0 255 255 101 255 102 0 26 0 255 255 0 255 0 0 255 0 255 82
    255 90 0 0 255 0 255 0 0 255 127 225 0 205 255 255 0 192 81 80 119 0
    255 50 187 255 0 137 0 94 0 0 255 0 255 255 0 67 127 0 0 97 0 54 255
    0 196 255 255 0 255 255 0 0 16 0 255 0 0 255 0 0 255 255 0 0 255 255
    0 86 0 0 0 0 255 255 116 255 0 103 0 255 145 162 199 0 255 100 211
    92 255 255 0 255 0 6 0 0 47 61 0 255 255 75 0 0 255 255 0 255 0 255
    0 255 0 141 0 255 255 179 0 255 0 0 0 188 255 143 144 255 0 255 0
    255 255 0 255 0 255 255 29 220 0 234 0 91 255 255 0 255 255 255 0
    255 255 76 255 255 0 0 255 211 62 255 255 207 38 255 0 0 0 255 255
    255 255 0 255 0 178 33 0 255 99 0 0 255 255 125 0 138 0 235 0 255 0
    255 0 255 0 255 0 0 31 255 0 19 255 0 255 0 255 255 0 255 0 0 255 0
    255 81 224 0 255 0 255 255 173 255 0 0 255 0 255 255 255 255 255 0
    255 6 0 255 255 0 255 255 162 255 255 0 255 255 255 37 255 255 255
    255 255 0 39 255 255 0 82 255 22 255 0 70 255 0 255 255 0 3 255 255
    255 0 255 0 255 145 0 255 0 14 0 255 38 255 0 255 3 255 255 242 0
    255 0 255 255 80 0 255 0 0 242 0 255 254 130 125 255 36 0 255 0 0 0
    0 255 0 62 29 0 255 0 255 0 0 231 0 255 237 255 0 0 0 179 255 90 0
    255 255 0 255 220 0 255 0 231 255 27 255 255 0 0 255 186 255 137 36
    0 212 13 0 255 21 255 141 255 0 0 255 0 255 0 0 255 255 0 12 0 98
    255 0 0 136 107 0 255 0 141 0 0 255 0 255 0 255 0 255 255 104 22 0 0
    0 0 255 0 0 0 255 0 26 46 255 0 0 0 255 58 0 0 255 0 0 255 255 0 255
    255 0 255 0 143 255 255 0 0 255 255 0 255 255 0 255 59 255 255 0 255
    0 255 0 107 41 0 215 191 0 0 0 139 255 0 255 255 255 0 127 255 255
    255 75 255 255 83 255 88 0 0 255 0 0 255 0 0 19 255 255 255 88 31
    255 0 255 228 0 0 255 0 255 255 0 255 255 14 0 255 184 255 225 255 0
    255 166 255 0 0 255 255 255 0 255 0 0 255 0 255 0 255 78 0 0 255 0
    255 202 255 0 255 0 231 0 255 0 255 114 0 0 124 0 255 0 255 0 255 0
    0 255 0 0 0 255 0 47 0 231 255 255 0 146 255 0 0 0 76 0 255 0 0 255
    0 255 0 255 255 0 255 255 255 0 255 0 255 0 255 0 0 0 255 0 0 255
    255 0 0 255 0 0 255 66 40 145 0 255 186 245 255 255 0 255 0 255 0
    255 244 0 255 255 180 255 0 255 0 255 0 30 0 0 255 130 0 0 255 210
    255 255 255 255 255 255 255 231 0 0 255 247 0 255 255 255 0 255 0
    255 255 0 255 255 255 0 255 0 100 0 255 0 0 255 0 255 255 0 255 0 0
    255 255 0 12 255 0 61 255 0 71 0 255 0 255 0 255 0 25 0 0 134 0 0
    255 0 0 255 255 255 2 255 0 0 37 0 0 255 255 255 255 255 0 255 0 255
    0 0 255 255 112 255 255 255 0 255 255 0 183 255 0 255 0 0 255 255 0
    255 90 157 207 187 255 0 0 0 255 255 0 52 255 0 223 0 255 9 214 0
    255 0 0 0 255 0 59 255 0 255 0 0 255 0 255 255 0 5 255 156 255 0 255
    0 0 255 0 255 229 233 255 255 0 255 222 255 255 0 125 0 0 255 237
    255 21 0 255 62 0 255 0 248 47 255 0 255 0 255 255 255 0 255 255 0
    255 255 0 255 0 255 0 255 0 255 0 0 0 0 56 0 255 96 0 0 0 0 242 18 0
    109 255 255 0 255 142 43 0 255 0 0 143 181 255 0 0 0 0 0 0 255 102
    132 155 233 156 0 255 0 255 146 255 24 255 68 167 255 248 0 216 0 0
    0 0 63 0 255 255 0 255 37 0 0 58 0 53 0 0 61 0 117 0 0 255 0 0 255 0
    3 255 255 0 255 255 0 255 0 255 0 255 0 255 255 0 0 0 0 0 255 255
    255 255 0 0 199 0 255 255 0 255 0 245 111 144 0 0 0 255 0 255 255
    255 0 46 245 255 0 7 0 0 255 0 0 0 199 0 255 255 0 255 0 5 0 255 0
    255 255 0 0 255 0 255 0 227 0 255 0 255 15 255 113 0 255 0 255 0 0
    145 0 0 255 234 0 255 226 0 0 255 255 0 255 255 231 27 0 153 255 0
    255 255 0 0 0 255 109 0 255 0 84 89 0 255 0 0 255 99 255 0 60 169 0
    0 0 0 23 255 255 0 0 255 0 255 0 0 255 177 255 255 201 0 31 255 0
    178 0 255 0 255 0 255 255 255 0 113 255 0 4 255 39 235 255 255 255 0
    255 0 255 0 0 0 255 0 255 0 255 255 193 81 0 29 0 52 0 255 255 0 255
    137 95 255 0 255 0 255 170 255 0 0 0 0 0 255 0 255 255 0 232 0 255 0
    255 0 105 255 0 45 56 255 0 255 0 0 139 255 0 0 228 0 0 255 0 255
    255 0 255 255 108 146 255 255 0 255 255 222 0 0 255 0 108 168 113 67
    255 0 255 0 255 255 0 215 255 0 255 255 0 0 247 0 103 0 255 172 0
    255 0 0 0 0 28 255 255 36 5 0 255 0 0 0 255 0 255 0 0 255 0 79 0 255
    255 0 255 139 0 255 255 0 255 231 0 48 161 255 255 255 0 255 0 154
    255 244 183 255 0 255 0 255 0 255 0 0 255 255 255 255 255 0 0 255
    255 255 0 0 255 0 255 0 158 0 0 255 255 255 16 107 0 0 0 255 255 0
    255 100 106 255 0 0 0 219 255 0 255 0 0 203 0 255 255 27 255 255 255
    0 0 227 0 255 88 0 255 0 149 0 255 154 0 0 0 0 255 0 255 0 0 0 0 255
    175 0 255 214 0 255 0 0 109 255 255 255 0 127 255 255 123 255 255 0
    255 255 0 35 255 0 0 0 255 255 247 0 104 0 255 43 0 255 117 0 255
    255 255 45 106 67 0 125 255 255 254 0 255 255 0 255 0 160 0 255 0
    255 255 0 255 0 255 0 255 255 255 255 90 4 0 96 0 255 255 255 0 0 0
    210 0 0 255 0 0 0 255 0 0 0 255 0 255 0 0 255 255 0 255 214 0 0 0
    255 0 255 0 0 255 255 72 255 255 59 0 255 0 63 255 255 0 249 0 255 0
    123 85 0 0 255 0 255 0 255 255 255 0 255 255 0 67 0 255 255 0 255 0
    255 58 255 255 0 248 255 255 0 255 175 255 0 188 255 0 0 0 0 255 0
    200 255 255 0 255 50 255 255 0 0 255 0 82 255 255 255 0 0 255 255
    255 0 0 255 103 255 255 255 0 0 255 255 0 26 255 255 174 255 38 0
    255 0 255 0 255 225 255 0 96 255 255 255 254 225 149 255 0 255 0 255
    0 255 255 7 0 147 255 255 255 205 0 0 0 255 255 0 0 255 0 255 255
    255 0 255 0 180 0 203 255 0 30 255 0 0 255 0 0 40 255 0 0 255 0 255
    0 255 0 255 0 255 255 114 41 255 0 0 0 255 0 86 0 0 255 255 0 0 182
    255 0 255 0 0 255 0 161 0 104 0 255 0 115 154 0 255 255 255 0 196 0
    255 0 255 0 0 0 255 0 255 255 255 255 0 0 0 23 255 255 255 0 251 0
    255 255 255 0 17 255 255 255 0 0 255 255 255 255 0 0 0 255 0 0 255
    255 255 0 255 28 29 147 215 0 0 255 255 0 143 0 0 255 255 0 0 255
    255 255 0 255 0 255 0 4 0 0 0 221 167 0 255 91 253 255 0 255 0 255 0
    0 41 144 0 0 0 15 0 255 187 0 255 255 0 255 53 255 0 0 255 255 0 255
    22 255 0 0 124 255 0 172 255 0 0 142 0 255 255 255 0 25 0 0 0 255 0
    255 0 0 255 255 24 0 57 0 255 0 255 240 255 255 255 0 192 163 0 0
    255 0 0 146 0 0 0 255 0 255 199 0 255 255 255 0 153 172 0 0 0 0 0 0
    165 255 255 0 0 255 255 0 179 255 0 78 255 255 0 255 230 246 255 0 0
    0 255 252 0 30 0 255 82 255 0 255 0 0 0 26 0 255 255 255 255 0 0 0
    255 255 0 0 255 0 255 0 255 255 255 0 0 221 0 255 255 0 164 255 0 0
    255 0 43 255 0 52 0 255 0 0 95 112 0 255 255 136 200 255 0 0 4 255 0
    0 0 255 0 255 0 0 255 255 0 133 255 139 0 0 255 136 0 0 255 166 0 0
    83 255 0 255 255 0 255 0 222 255 0 52 255 0 255 0 255 93 0 148 255 0
    255 0 255 0 0 255 0 0 255 0 0 255 255 0 255 0 255 0 255 46 0 255 0
    30 128 0 0 71 255 255 0 255 255 0 255 255 0 255 255 0 229 255 255
    219 0 181 0 0 255 51 0 0 255 0 255 0 255 255 37 0 215 255 0 255 255
    0 255 255 0 66 0 0 255 0 255 0 159 0 0 255 69 0 0 255 0 255 255 0
    255 0 255 0 255 0 12 255 0 212 255 252 0 255 0 255 238 0 255 0 30 0
    255 0 82 255 255 255 255 0 255 255 255 13 0 0 0 255 155 0 121 35 255
    0 11 0 204 255 255 0 255 0 0 0 0 255 4 77 188 65 255 0 255 255 0 255
    0 255 255 0 255 0 0 255 0 255 0 255 255 0 67 0 101 0 0 255 210 0 255
    0 255 0 255 255 244 255 255 0 193 0 255 0 255 0 0 255 205 255 0 255
    243 255 255 0 221 0 255 255 255 0 255 255 255 0 255 200 255 255 0
    255 0 0 0 44 255 84 0 81 0 78 0 79 255 0 255 140 255 0 255 0 0 255
    255 0 255 0 255 255 255 255 0 255 103 0 255 255 0 255 192 0 0 255 0
    0 130 216 0 65 255 0 255 0 255 255 0 255 255 255 0 255 0 0 255 132 0
    255 0 255 0 0 0 255 0 193 255 255 255 0 255 255 0 255 255 255 193 0
    230 255 29 250 67 0 0 0 173 0 255 238 106 0 16 255 255 0 255 255 0
    255 255 255 0 0 255 0 0 255 255 0 255 248 0 255 0 0 0 35 0 255 255 0
    0 0 255 255 0 255 0 231 200 0 255 0 136 255 0 255 0 110 0 255 255
    255 200 255 0 255 0 255 0 0 255 255 206 255 0 132 0 255 178 255 0
    255 255 0 255 0 0 36 115 0 255 0 0 255 255 0 255 255 255 0 255 10 0
    0 167 0 0 255 255 0 255 0 255 0 0 96 0 0 223 255 23 255 255 255 0
    255 0 255 0 0 255 255 255 0 89 255 99 0 255 0 0 0 0 255 255 0 255 0
    143 47 190 135 0 137 0 0 255 105 0 0 0 0 255 27 23 0 255 255 255 0
    255 0 8 255 0 174 255 0 255 255 0 255 0 169 167 255 45 0 255 255 255
    0 255 0 255 36 0 255 255 255 255 0 255 0 0 255 255 187 255 0 255 65
    0 255 0 0 0 255 0 255 0 212 204 0 255 0 126 190 0 255 255 0 0 255
    255 255 18 0 255 0 255 0 0 0 255 0 255 0 0 255 232 145 255 0 255 83
    255 255 255 255 255 255 0 255 0 255 0 255 14 255 0 0 255 0 235 0 0
    255 0 255 255 0 0 106 255 0 0 255 66 0 255 255 0 243 0 255 255 0 231
    255 0 0 255 0 0 255 255 17 162 0 255 255 0 255 243 255 0 0 255 0 255
    154 0 0 0 255 0 229 0 0 67 183 255 255 0 255 255 0 255 255 0 0 204
    255 255 0 0 99 255 0 223 0 0 255 0 255 86 255 255 203 141 74 255 0
    97 255 255 255 0 255 0 255 0 255 0 0 68 0 255 255 0 0 255 0 255 110
    0 255 0 255 0 255 255 57 58 255 255 190 175 116 0 113 0 255 51 255 0
    216 255 0 0 255 0 157 255 255 0 255 0 255 0 255 255 0 0 183 0 255 90
    255 0 0 255 255 0 0 255 255 0 255 255 255 0 0 0 255 0 139 0 255 0 0
    255 255 0 255 0 255 0 255 85 255 0 255 117 0 98 43 250 255 0 255 136
    0 0 0 255 0 255 255 0 255 0 255 188 0 0 255 0 255 0 255 255 0 255 0
    0 0 255 255 0 0 255 0 0 255 202 255 0 255 255 0 255 0 0 255 0 148 52
    143 0 0 255 255 255 0 0 255 194 255 0 0 255 255 255 45 0 0 125 0 255
    255 0 255 98 255 255 0 255 0 255 255 0 0 255 0 0 255 0 255 0 255 0
    255 255 0 0 255 0 255 0 0 255 0 255 0 255 0 0 255 182 24 0 131 245
    255 0 255 0 0 255 0 255 255 255 1 255 255 0 0 105 255 0 218 230 0
    255 0 255 255 255 255 0 156 0 79 248 255 0 90 255 0 109 255 0 255
    255 0 7 0 255 0 255 0 255 134 0 255 0 255 0 255 0 0 255 0 255 0 255
    249 2 151 255 0 155 255 159 203 0 255 0 255 255 0 123 0 255 0 255 0
    239 0 61 255 0 0 255 104 255 179 255 0 255 255 0 0 255 255 0 0 0 255
    0 0 255 255 0 0 255 114 0 0 55 255 0 0 0 255 0 0 0 255 0 0 255 78 0
    255 0 0 255 40 107 255 255 0 255 0 255 255 255 0 255 0 77 0 255 0 41
    223 0 255 0 22 179 0 255 255 255 0 255 0 255 255 96 12 32 255 0 255
    255 0 255 0 255 255 0 255 0 255 0 0 255 255 255 0 112 255 0 33 255 0
    255 0 255 0 0 255 31 0 255 0 255 12 0 255 0 255 255 0 232 255 0 133
    255 255 53 0 255 0 43 255 255 0 0 87 255 152 0 0 0 255 0 255 255 0
    213 241 255 255 255 255 0 255 241 255 0 255 0 255 0 0 0 255 255 0 0
    0 0 255 0 0 0 62 14 0 255 0 78 0 255 0 255 200 0 255 0 0 0 255 255 0
    255 255 0 255 255 255 255 0 255 30 0 255 0 255 207 255 0 109 120 0 0
    169 148 113 200 255 255 57 0 255 0 255 0 139 255 0 0 221 255 0 0 255
    0 94 255 0 193 0 255 255 0 255 255 228 195 255 0 255 90 255 255 0
    208 0 14 0 0 255 0 58 255 0 255 255 32 0 63 255 0 255 255 0 255 0 0
    255 0 0 255 255 255 0 2 255 255 0 255 255 247 243 255 0 255 0 0 0 91
    255 0 255 129 134 255 73 0 0 88 0 255 0 255 0 255 0 0 37 255 37 255
    50 0 255 0 32 255 0 0 255 0 0 255 0 255 0 0 255 0 255 0 0 255 1 86
    150 0 0 255 152 0 255 0 0 255 255 0 255 0 255 0 255 29 0 121 0 0 0 0
    0 0 255 158 200 255 96 255 255 0 255 0 0 100 145 0 255 55 0 81 144 0
    131 255 0 0 0 255 0 0 0 0 255 0 149 255 255 0 186 0 0 0 0 198 0 0 4
    255 0 0 0 0 255 41 255 0 255 26 255 0 0 255 0 255 243 255 0 0 255 0
    255 60 255 0 0 255 255 0 255 0 255 4 0 0 0 197 255 32 255 167 0 240
    255 185 255 0 255 168 255 255 0 255 255 0 255 248 0 255 0 0 58 0 255
    0 124 255 0 246 123 255 255 255 198 0 255 0 112 255 0 255 179 0 0 48
    0 0 0 255 38 0 255 255 255 0 255 205 0 255 0 255 255 0 177 40 255 0
    96 37 143 255 0 0 255 0 255 0 104 255 0 0 255 0 255 0 255 0 0 0 255
    0 255 0 255 130 255 0 78 190 0 255 224 255 43 255 0 167 255 0 184 0
    255 0 255 255 0 217 0 255 0 255 0 0 32 145 0 255 36 255 255 0 70 196
    66 179 255 255 0 24 255 255 0 255 0 255 255 0 255 255 0 255 255 0
    247 0 255 0 0 255 0 255 0 255 255 255 255 0 255 255 0 0 224 0 255 0
    255 255 46 0 255 255 255 0 255 106 255 255 255 0 38 125 15 255 100
    255 180 0 255 255 0 0 0 0 0 255 86 147 203 255 177 0 255 255 0 255
    255 0 255 8 255 0 0 255 255 255 0 255 151 0 0 96 0 0 255 255 0 0 182
    255 122 0 255 0 255 0 0 255 0 0 255 255 0 0 255 0 212 0 255 0 0 255
    78 255 255 0 0 255 0 255 0 138 0 255 0 0 255 255 0 255 178 255 0 145
    255 138 172 0 122 255 0 223 0 255 142 0 255 255 0 255 255 255 0 255
    0 255 65 255 0 255 0 255 0 255 255 75 0 0 0 255 66 235 255 0 255 255
    158 79 50 0 232 0 255 0 255 0 255 255 255 0 255 0 0 255 255 255 0 0
    255 59 255 0 255 255 255 0 0 197 40 0 255 0 255 0 110 255 159 0 255
    0 99 0 255 0 255 0 255 0 255 231 49 255 92 255 0 234 0 255 0 0 0 0
    255 0 0 0 0 0 255 56 255 0 0 0 255 121 181 0 255 0 255 7 199 255 0
    255 219 0 0 0 0 151 0 0 85 89 0 255 255 0 0 93 255 255 0 49 255 0
    255 255 0 255 255 0 0 255 0 223 255 227 0 0 255 255 0 0 255 0 255 55
    191 155 0 0 255 188 0 0 0 0 0 255 22 0 136 255 0 0 0 0 0 0 255 0 0
    255 255 145 255 0 255 0 0 255 0 0 241 255 0 0 0 255 176 198 0 207
    255 0 0 255 0 255 160 0 255 0 0 255 4 255 0 255 0 6 56 255 255 184 0
    0 4 0 255 255 255 240 252 0 0 211 255 0 0 0 0 0 255 225 0 209 0 255
    255 0 0 145 255 158 143 255 0 0 80 255 255 0 255 0 203 115 0 255 255
    255 0 255 255 183 246 255 0 255 31 255 255 255 0 129 255 255 177 0
    44 0 255 41 255 255 0 255 0 0 255 255 0 255 216 0 255 255 0 0 255
    230 181 255 255 0 255 255 255 0 0 255 0 124 255 0 255 72 0 255 0 255
    0 255 203 255 0 0 214 0 255 0 255 255 214 127 0 255 255 255 255 255
    0 0 255 0 255 0 255 6 0 255 0 255 0 255 0 96 255 0 0 255 255 255 0
    255 255 255 0 255 0 255 0 154 255 255 0 78 0 190 0 0 119 255 0 255
    255 0 255 0 114 255 0 0 23 255 255 0 0 255 0 0 255 255 255 0 0 137
    243 223 255 70 52 255 255 38 0 255 0 0 255 241 255 0 255 0 255 0 0
    166 38 0 0 255 0 255 255 0 0 0 0 35 0 255 0 255 0 255 255 255 0 255
    255 0 255 0 0 255 255 0 255 0 255 0 255 189 58 255 0 255 51 255 0
    255 0 0 255 0 186 0 0 0 255 0 255 255 0 255 255 186 0 255 255 107 0
    255 0 255 255 0 255 0 255 93 0 255 255 0 0 255 33 255 0 255 255 255
    196 0 255 144 0 0 129 0 255 255 0 255 0 255 255 70 0 12 0 255 255
    255 0 255 0 255 255 0 255 0 156 255 102 0 255 0 243 255 212 255 255
    0 0 255 0 203 0 0 255 255 255 37 0 255 0 0 0 0 255 140 67 255 0 0
    255 0 0 0 255 255 0 24 234 255 151 0 0 255 0 248 255 73 255 227 0
    255 255 0 0 255 0 255 255 0 125 255 255 232 25 139 255 0 0 0 255 0
    255 0 170 255 0 255 255 0 255 0 255 29 92 255 0 0 98 255 255 0 255
    255 0 255 255 89 0 255 150 151 0 255 0 255 0 39 0 0 86 255 0 255 0 0
    103 255 0 255 255 145 255 0 255 0 255 59 217 255 0 0 0 255 0 255 0
    89 255 255 245 255 51 0 206 255 0 255 255 0 210 255 0 0 202 0 173 0
    200 0 0 0 255 9 255 255 0 255 255 255 96 255 108 255 112 255 255 176
    255 255 255 185 0 255 16 255 0 255 0 255 0 255 0 255 110 255 155 0 0
    255 0 0 255 0 0 0 0 255 0 255 255 0 0 255 255 255 0 0 255 0 0 190 0
    255 0 255 255 0 0 0 255 63 105 255 0 97 255 0 0 255 255 0 255 0 255
    255 0 255 67 0 255 0 89 255 168 255 0 255 0 0 255 109 2 255 0 255
    182 0 255 255 141 88 193 0 0 0 255 231 250 14 0 217 0 29 255 0 0 255
    255 255 255 244 0 255 0 255 0 255 255 74 185 96 142 0 255 0 255 255
    0 0 0 251 0 255 238 255 255 0 0 255 0 21 255 163 213 0 0 255 0 255 0
    255 0 255 0 255 0 0 0 255 255 0 198 255 34 0 0 255 0 255 88 0 0 0
    255 0 67 0 0 0 0 0 255 240 218 251 0 0 255 0 218 255 255 0 255 255 0
    0 0 255 0 255 0 123 255 0 0 255 0 255 255 0 0 255 0 0 0 255 0 255 0
    0 0 255 0 255 0 255 255 0 0 255 59 0 103 255 188 0 0 255 245 0 255 0
    0 255 0 255 0 0 100 0 255 255 255 255 0 255 42 65 0 254 0 177 0 0
    255 0 255 0 237 0 255 0 210 177 255 255 0 181 255 0 10 0 120 0 0 255
    255 0 255 21 255 0 125 255 255 0 0 0 255 0 0 255 255 0 0 0 0 255 255
    255 137 59 255 0 0 0 255 255 0 133 255 0 255 255 0 255 0 0 86 170 0
    255 0 255 255 255 0 0 255 56 0 255 0 255 0 255 0 255 216 255 0 255
    255 0 134 25 255 255 0 19 251 0 255 0 0 0 0 104 100 255 0 255 0 194
    0 232 0 255 0 255 255 0 255 255 0 0 255 160 0 255 0 234 134 0 255
    255 0 41 255 0 255 173 201 255 255 0 51 89 255 0 252 0 255 0 0 255 9
    0 255 81 0 255 255 58 255 0 51 0 167 255 0 0 255 255 255 117 0 255 0
    255 255 37 255 0 0 0 255 255 0 88 255 255 0 0 0 255 0 255 255 0 255
    0 0 231 127 122 255 255 198 0 255 0 255 0 255 9 255 255 62 0 255 255
    0 33 255 0 81 255 0 255 0 255 60 0 7 186 255 0 255 255 255 255 169
    255 0 171 0 0 0 0 255 0 62 255 255 0 0 0 135 0 0 255 255 255 0 255 0
    6 0 0 255 0 255 255 213 113 235 0 108 255 0 172 3 215 255 205 0 213
    0 255 0 0 255 0 255 255 0 255 0 255 255 255 255 11 0 255 0 255 0 255
    0 255 0 0 255 0 128 192 0 0 255 69 0 255 0 255 217 210 255 255 142
    255 255 0 165 0 255 0 0 0 0 0 147 255 0 78 0 255 0 255 255 0 0 255
    155 247 18 255 0 62 180 255 0 255 103 0 255 141 0 255 255 0 0 197 0
    0 255 0 255 0 0 255 0 194 255 209 255 132 244 102 218 255 255 255
    255 0 255 0 0 255 255 0 0 255 0 0 231 255 0 255 255 0 85 31 255 255
    255 0 255 255 0 255 0 0 231 255 255 255 0 0 176 0 255 230 206 0 0 0
    255 118 0 255 255 0 0 255 255 140 228 255 0 0 255 185 0 255 0 234
    162 0 255 255 171 0 255 255 113 255 103 255 0 60 0 0 255 255 0 255 0
    0 255 255 255 255 0 255 0 64 0 255 0 255 0 255 0 0 0 163 255 255 0
    255 255 255 183 255 0 255 255 0 0 180 0 255 0 255 255 255 0 0 255 0
    255 0 255 0 231 0 0 255 93 255 150 255 0 255 255 255 0 192 0 255 255
    0 255 255 255 255 255 82 160 255 255 0 255 0 0 0 0 255 12 0 255 0
    255 0 255 255 0 79 0 255 255 0 0 255 33 255 0 255 255 255 90 255 0
    19 255 0 0 255 0 255 0 70 255 255 255 0 255 255 185 255 0 255 0 0 16
    76 255 135 0 0 255 0 255 24 255 255 255 0 0 255 0 255 255 197 255
    255 0 255 255 255 0 0 255 255 0 255 255 46 169 0 0 255 0 0 255 0 171
    0 255 0 0 255 76 255 149 255 0 255 255 0 0 0 255 255 0 255 0 255 255
    0 131 19 255 0 255 40 206 255 0 0 255 255 209 0 0 0 255 32 0 255 0
    106 255 255 255 78 0 255 255 0 77 255 209 255 0 0 255 0 0 255 0 0
    255 0 0 221 240 0 255 0 255 255 0 0 255 255 255 0 255 0 255 0 0 0
    255 0 0 255 255 0 118 255 255 255 0 255 0 255 134 0 255 3 34 0 0 189
    228 0 0 179 0 255 255 195 255 255 0 255 0 255 0 255 0 0 194 245 112
    0 255 0 255 0 0 0 0 255 0 0 68 255 0 255 255 0 255 0 202 164 255 0
    174 159 0 0 0 0 255 76 0 65 255 255 255 0 255 255 0 255 255 255 255
    0 27 255 0 0 0 255 0 160 0 255 0 6 0 0 255 0 255 0 0 255 255 0 255 0
    0 0 88 244 255 0 255 0 0 255 0 0 229 255 0 255 0 255 89 0 0 0 11 255
    87 255 0 255 108 0 0 0 150 255 0 0 69 255 0 255 0 255 255 255 255
    255 0 58 255 0 134 255 199 255 0 255 0 0 255 44 255 255 0 180 0 0 0
    255 0 255 0 252 0 6 0 255 255 0 0 255 0 255 0 122 255 0 255 0 255
    255 148 0 241 255 0 0 255 0 255 255 255 126 0 255 0 0 0 131 40 255
    255 255 0 184 189 255 0 255 220 0 0 255 255 255 0 0 0 255 87 255 0 0
    255 94 163 0 0 221 255 255 0 192 0 212 0 0 0 255 0 255 0 255 0 206
    176 0 77 0 255 255 255 0 255 0 133 255 101 126 0 255 75 168 0 255 0
    0 6 212 255 0 255 0 0 255 111 33 0 0 218 0 252 0 255 255 255 0 255
    132 198 0 111 0 255 0 255 0 255 255 0 0 0 255 0 255 0 255 255 0 255
    0 255 245 255 84 0 0 170 0 0 255 255 255 255 41 192 255 0 110 0 255
    255 153 0 255 255 255 0 255 0 0 245 0 145 255 0 0 255 0 105 255 114
    0 82 0 92 0 255 255 6 0 255 0 0 255 0 255 168 0 255 255 3 0 0 255 0
    255 255 255 0 255 177 0 255 0 255 157 0 0 161 0 216 0 255 0 2 255 0
    255 255 0 255 201 0 255 0 255 0 255 255 0 0 255 142 0 255 255 255 0
    255 143 118 0 0 255 213 20 62 255 55 0 255 150 0 0 255 0 9 0 174 0
    18 255 189 122 251 0 199 255 255 132 0 194 255 93 255 0 255 0 255 0
    255 52 200 0 255 255 255 255 0 0 255 255 64 255 255 0 0 255 0 255
    255 255 255 0 0 6 0 255 255 0 0 255 17 0 255 36 0 0 0 0 0 0 255 255
    231 0 0 255 0 184 255 0 255 0 255 0 255 0 255 182 0 0 0 0 255 0 255
    0 255 255 255 209 0 0 255 246 77 255 0 0 255 0 0 251 248 255 49 255
    255 0 0 0 0 255 0 163 255 255 0 32 255 255 0 255 34 0 68 0 0 134 246
    0 255 0 255 0 255 0 227 0 90 171 255 0 255 21 0 255 255 0 0 255 113
    0 255 0 255 0 255 118 255 0 79 0 255 0 255 0 255 255 143 0 255 0 0
    255 0 0 255 0 255 0 255 255 0 0 0 98 255 64 29 172 0 0 33 3 0 255
    255 105 255 255 255 178 92 255 0 0 0 177 0 255 0 255 0 205 36 0 139
    0 255 0 255 255 0 235 0 255 0 255 0 0 255 0 255 189 255 255 255 0 0
    16 0 0 0 255 255 0 255 255 0 0 192 17 255 255 0 0 255 0 255 255 0
    179 40 0 255 255 0 0 255 175 0 255 255 0 255 36 13 255 77 0 0 255
    120 2 255 248 196 0 0 255 203 0 255 0 255 255 76 0 255 0 255 0 255 0
    141 255 255 255 255 0 255 255 173 98 30 255 0 0 255 66 255 0 255 0 0
    255 0 255 0 255 255 26 255 0 62 255 255 180 0 255 0 255 0 0 255 0
    255 255 0 0 255 154 255 190 255 0 171 30 0 0 56 129 0 255 0 255 0 0
    255 0 0 0 0 177 0 255 255 0 0 255 255 123 0 255 0 116 255 0 255 150
    101 255 0 217 184 0 0 255 0 255 51 0 0 255 0 0 255 0 255 0 0 0 0 255
    0 255 0 0 0 255 0 0 255 0 0 255 255 255 0 0 255 163 255 255 0 3 255
    0 255 0 255 0 0 255 160 162 255 0 0 255 255 0 74 0 255 173 0 0 0 0
    255 0 255 255 255 0 255 0 255 0 0 255 255 255 0 0 255 255 0 255 0
    194 255 0 255 255 0 255 0 255 0 0 255 78 255 226 0 255 255 255 221 0
    255 255 249 130 255 0 141 0 255 0 137 0 0 86 0 0 75 255 0 0 197 255
    255 255 0 0 0 255 0 0 255 21 0 255 255 0 255 0 0 0 255 199 255 255
    240 255 0 255 255 0 0 255 0 255 213 255 255 0 0 255 255 0 255 255
    255 0 255 255 255 0 59 255 0 255 255 255 0 255 0 0 0 0 255 203 0 255
    0 219 255 0 89 0 255 0 255 39 29 255 0 121 0 255 0 255 0 255 0 0 0
    255 31 255 255 255 157 255 126 0 255 255 255 255 0 255 0 255 255 0
    255 0 255 255 0 230 0 255 255 0 255 255 0 230 255 253 255 0 255 255
    0 255 0 242 255 175 255 0 140 69 255 0 0 255 0 255 255 117 255 255 0
    255 0 255 255 0 255 186 255 0 0 132 0 0 255 0 255 119 2 0 0 193 255
    0 0 0 0 255 255 255 255 255 0 60 255 15 0 255 0 0 255 0 255 255 0
    255 255 255 255 0 255 255 0 255 177 255 0 100 0 255 255 0 255 255 0
    0 0 0 0 0 176 255 0 0 216 175 255 255 0 255 0 255 255 0 0 0 255 255
    255 0 0 255 122 0 184 199 245 255 255 0 57 0 255 255 255 31 0 255
    247 0 255 0 91 255 255 0 0 52 0 161 204 233 0 255 0 255 255 255 0 0
    255 0 255 0 255 0 0 255 0 0 148 187 62 0 255 0 255 25 252 189 255 0
    0 255 0 0 255 49 57 0 0 180 0 255 255 255 0 255 255 255 255 0 255 0
    0 255 0 0 255 7 202 0 255 255 0 0 0 0 255 0 255 255 255 0 255 255 0
    75 112 0 255 0 255 255 0 150 255 0 0 255 251 0 98 0 0 20 255 255 0
    255 0 255 0 255 136 75 255 54 238 0 22 89 255 0 255 0 222 0 255 255
    0 0 0 255 255 0 58 255 0 0 255 167 145 0 0 255 255 0 0 38 255 255 0
    255 255 0 255 0 102 255 0 0 255 0 130 255 0 255 0 255 0 255 51 255 0
    0 0 0 255 255 96 0 255 166 255 255 0 255 0 0 255 0 0 96 0 255 0 232
    0 255 0 51 255 255 142 0 255 215 13 50 255 0 255 105 255 98 255 233
    255 222 0 255 0 0 0 255 0 255 0 255 0 255 0 255 0 0 255 0 52 255 0 0
    255 164 0 255 255 0 0 126 255 0 255 255 0 255 39 0 255 255 255 0 0
    255 255 255 118 255 255 0 190 0 0 82 255 255 107 0 0 255 255 0 255
    246 255 43 255 255 0 255 0 255 0 255 0 209 255 0 215 0 156 255 0 215
    140 255 16 60 235 0 255 255 0 255 172 0 255 0 27 254 255 255 125 0
    255 255 75 255 0 6 255 5 0 255 255 0 255 0 0 255 0 255 241 76 198
    187 255 255 255 0 0 255 0 0 255 255 255 240 255 0 67 255 0 0 255 0
    107 0 255 0 255 0 0 255 0 255 0 159 255 96 46 0 160 195 0 223 98 255
    37 255 0 255 0 0 255 255 0 0 0 255 0 255 255 0 255 255 0 255 182 0 0
    255 255 118 0 255 0 224 255 0 0 49 255 255 0 209 117 0 0 255 255 0
    185 255 0 252 0 0 255 0 0 255 255 0 255 229 118 173 77 255 255 0 0 0
    255 0 255 255 0 0 255 164 0 103 122 0 0 255 198 0 0 0 129 0 0 0 255
    255 255 0 255 255 51 255 0 255 0 255 0 0 0 255 255 196 255 0 255 240
    0 255 255 0 0 0 0 255 0 255 194 0 255 0 255 255 0 255 0 255 0 255 0
    0 255 241 0 255 0 203 36 0 0 0 0 255 255 0 28 255 93 0 0 97 255 206
    0 24 255 255 255 0 255 197 0 0 255 255 255 48 102 232 255 0 255 255
    255 0 0 255 0 255 0 255 46 0 212 158 0 0 95 255 255 255 0 255 0 0
    235 0 255 0 0 255 0 0 255 0 0 255 0 255 154 0 255 0 0 129 255 0 0
    255 222 0 242 255 0 255 0 0 255 255 0 0 179 0 255 177 255 33 0 0 255
    0 255 0 0 255 0 255 0 255 255 255 0 124 0 0 0 0 62 255 0 255 182 255
    255 0 0 0 255 103 255 255 0 255 0 0 0 255 255 0 255 191 255 0 0 255
    179 108 224 88 255 0 255 154 15 0 255 0 0 51 255 154 255 0 0 255 0
    255 0 255 255 0 0 255 96 229 129 255 255 0 0 148 0 255 0 255 131 0 0
    255 196 255 188 255 0 32 255 255 0 255 0 255 0 255 255 0 0 170 0 0
    255 255 0 92 255 0 255 0 255 0 0 255 255 255 121 0 255 255 255 213 0
    255 0 165 255 100 0 42 255 64 255 0 255 0 255 0 255 0 255 0 255 0 0
    255 0 255 0 255 29 0 255 255 255 0 255 159 181 0 255 134 0 255 0 0
    255 0 216 0 255 0 0 37 0 0 255 255 248 255 0 136 220 0 100 0 255 0
    255 255 0 255 0 255 253 164 255 0 0 255 0 254 255 255 0 255 0 0 255
    93 0 0 0 0 0 255 255 0 0 0 255 184 1 211 0 0 255 0 0 0 0 46 255 0 0
    162 233 255 132 0 0 142 0 0 0 0 255 0 0 255 101 0 255 0 255 81 0 255
    0 0 255 0 85 255 0 255 49 58 255 255 0 21 0 0 255 0 0 255 0 0 255 0
    255 56 255 0 255 255 0 0 0 255 0 255 0 105 255 0 255 0 239 132 255
    255 255 0 0 0 255 121 173 0 255 182 255 0 255 0 0 255 171 0 255 126
    0 218 255 0 255 81 0 255 6 255 0 0 255 255 0 0 255 0 1 30 0 255 148
    0 255 0 143 254 226 0 255 0 0 0 0 0 255 255 255 0 255 255 255 0 255
    255 10 17 47 0 255 0 0 0 82 0 207 255 0 108 255 0 255 13 148 255 0
    255 0 255 255 255 255 241 255 255 0 116 255 0 255 255 0 255 0 0 0 35
    255 0 0 255 217 64 201 255 214 255 0 255 255 255 7 204 0 255 255 255
    0 0 0 0 255 0 255 0 255 255 255 0 0 28 0 255 255 255 0 255 0 152 255
    232 0 0 255 0 0 182 127 255 44 205 0 255 1 108 255 251 255 255 255 0
    0 255 0 0 255 255 0 113 202 0 18 0 0 255 255 0 120 255 0 255 255 177
    255 255 127 255 147 255 255 0 0 255 0 77 255 255 255 0 255 255 0 255
    0 255 202 162 7 0 0 255 255 0 0 255 0 0 255 163 0 255 0 0 0 255 255
    255 0 0 255 255 255 0 255 255 142 0 202 0 0 255 255 0 255 22 0 255 0
    255 255 0 0 255 0 233 0 255 255 0 255 0 255 255 142 1 255 255 0 109
    255 0 255 255 0 255 0 255 255 0 0 0 255 255 0 255 0 0 0 255 0 0 4 0
    188 39 0 255 255 0 0 255 0 41 123 255 0 250 0 255 255 0 0 255 0 255
    255 0 255 255 255 255 148 0 255 0 255 208 0 212 255 119 255 0 88 0
    216 231 150 0 127 233 255 0 0 255 0 0 73 255 188 0 255 0 178 114 0 0
    0 0 255 0 0 0 255 190 0 0 255 255 0 0 255 134 239 0 255 0 255 115 0
    255 0 23 0 255 255 255 0 255 255 0 255 0 255 0 193 181 255 0 255 0 0
    102 207 0 200 0 255 0 255 0 0 84 42 0 29 0 89 255 54 125 255 0 255
    31 255 0 0 255 255 0 255 255 193 87 0 255 255 255 131 180 209 0 67 0
    255 255 255 0 255 255 255 255 0 255 0 230 255 0 255 94 108 0 0 82
    255 0 192 11 255 255 0 0 255 0 255 0 0 255 255 68 255 135 255 255 0
    255 0 255 0 0 255 255 251 100 0 255 0 239 255 255 158 0 255 255 0
    255 0 255 0 0 255 255 255 164 0 255 0 0 255 0 255 113 0 0 15 255 13
    0 253 145 0 255 0 255 80 255 0 150 255 0 255 128 255 126 255 0 255
    255 0 255 158 255 255 255 255 4 52 0 250 2 255 0 255 159 0 0 255 255
    0 255 0 144 175 255 0 0 255 0 255 246 92 0 36 255 0 255 0 255 255 0
    255 0 255 0 255 0 255 206 255 0 0 0 255 0 193 162 0 255 255 0 255
    255 85 255 0 255 0 255 0 239 255 255 255 0 255 82 255 0 0 255 0 252
    0 255 159 100 255 0 255 0 0 241 255 0 255 255 0 255 157 113 2 255
    132 255 255 199 23 0 255 0 206 255 0 0 6 0 255 0 146 255 255 255 255
    0 255 255 0 255 0 0 80 173 17 255 255 255 0 255 0 11 12 0 34 255 255
    0 0 11 27 0 0 255 0 197 0 255 0 0 0 255 173 255 0 255 0 0 255 14 255
    101 255 137 255 0 37 0 128 0 116 255 0 255 255 0 196 0 0 174 255 160
    255 255 0 113 0 255 0 255 0 255 246 255 97 0 255 51 69 202 110 255 0
    255 255 33 255 255 184 116 0 201 255 0 255 255 223 255 255 255 0 250
    255 0 0 255 90 255 0 143 255 255 255 131 255 88 0 255 0 255 0 66 70
    0 255 255 255 0 0 0 0 255 0 0 255 252 185 79 0 255 17 0 0 255 0 92
    255 0 0 255 0 0 255 0 255 139 0 0 0 0 183 65 255 0 255 198 218 190
    255 255 0 22 255 255 255 0 0 255 0 255 247 255 0 255 45 0 0 12 255
    141 0 255 0 0 255 255 0 119 0 0 8 0 206 0 0 255 19 0 0 148 255 41
    154 71 0 255 0 237 0 255 0 255 0 255 255 0 255 0 0 255 221 255 0 255
    0 0 255 255 0 87 0 255 0 179 0 8 0 0 0 255 0 202 255 0 255 0 0 53 0
    255 153 177 0 255 0 255 0 255 133 0 255 0 106 255 0 0 133 255 0 0
    255 51 255 0 255 255 189 255 0 0 255 0 255 255 98 255 255 0 0 255 0
    52 255 20 0 255 0 0 0 0 255 0 252 0 255 0 0 0 255 113 0 255 255 0
    255 255 0 0 255 255 88 255 75 178 0 0 255 255 255 0 255 0 0 33 0 255
    255 0 186 255 255 0 83 0 255 0 255 0 0 255 255 255 0 253 255 255 0 0
    0 39 147 8 255 0 255 0 255 0 0 255 104 0 255 255 0 255 0 0 255 255 0
    118 16 52 255 0 255 0 255 78 255 0 46 255 0 0 255 149 0 255 0 0 255
    55 255 0 255 255 0 255 0 255 255 255 0 0 255 12 0 0 255 108 0 255 0
    10 128 0 255 0 255 0 255 255 0 0 0 255 0 0 77 0 255 0 255 241 15 255
    255 255 0 93 255 0 0 255 127 0 0 255 0 0 255 0 255 0 0 255 52 255 0
    255 42 223 255 0 19 255 0 255 255 0 0 0 255 87 255 255 0 255 0 194
    255 84 0 0 0 255 0 255 113 236 255 0 255 255 0 199 0 255 0 0 0 0 255
    226 255 0 130 255 241 255 0 132 255 255 0 0 0 212 255 191 0 255 107
    65 199 0 133 0 0 0 0 255 255 0 255 0 255 255 0 0 0 255 255 244 255 0
    255 255 0 0 137 109 0 69 74 213 0 255 0 0 0 0 60 0 190 0 60 0 255 0
    0 0 0 0 120 167 0 255 255 255 0 24 255 187 0 7 0 255 0 33 1 255 0 0
    255 0 0 255 0 255 255 0 255 0 0 15 0 101 0 169 255 0 0 255 0 255 0 0
    255 0 255 255 0 255 0 255 255 255 0 10 148 255 255 255 0 255 0 39 0
    255 0 185 144 255 0 255 255 239 0 255 209 255 0 255 99 0 255 0 102
    255 255 0 255 0 0 255 255 148 255 132 112 255 0 208 0 0 255 0 255 99
    172 255 20 255 0 0 31 255 255 0 255 1 0 255 255 0 255 134 255 0 0
    255 255 0 0 255 0 32 100 179 16 38 141 0 0 255 0 0 0 255 0 0 255 0
    255 0 0 28 255 62 255 0 255 255 255 0 104 255 255 255 255 0 255 255
    127 182 255 99 0 115 0 255 80 0 160 255 5 105 255 0 71 255 0 0 255 0
    0 255 0 0 255 255 0 0 255 0 255 0 255 0 0 255 0 255 255 120 0 255 0
    127 255 0 255 0 133 255 0 0 0 0 71 255 254 0 0 255 255 0 255 255 54
    0 0 255 35 250 255 255 255 255 255 0 255 0 0 74 0 138 255 194 0 255
    255 0 0 0 255 0 0 255 255 255 0 0 255 255 255 231 0 255 255 0 255 0
    0 255 0 0 255 0 255 0 0 255 0 0 0 255 255 134 255 0 255 51 0 255 255
    0 42 255 0 0 0 127 0 255 10 0 122 178 255 98 255 255 0 255 0 81 255
    0 255 102 0 204 134 255 0 24 255 0 0 255 0 0 0 220 255 0 255 255 0
    253 36 225 94 0 255 0 255 117 160 255 0 0 110 255 191 0 255 29 0 66
    255 0 0 255 123 255 255 255 255 70 0 255 142 255 255 0 0 255 178 0
    255 238 0 167 0 255 193 0 255 255 0 255 255 0 255 0 255 255 0 228
    255 205 92 204 0 255 0 0 255 0 0 233 255 0 0 0 209 255 0 255 20 0 0
    0 255 229 49 255 255 0 0 6 255 0 255 0 255 0 214 0 0 204 255 166 0
    20 255 255 23 0 206 255 0 58 255 255 255 0 255 255 255 0 255 255 0
    255 255 0 200 0 255 0 0 255 0 0 12 255 0 147 0 255 0 0 0 255 255 255
    0 0 255 0 209 255 0 255 0 0 164 255 255 255 0 255 0 48 255 0 255 0 0
    193 131 0 255 0 0 255 0 0 255 0 0 214 255 255 160 255 255 0 255 255
    255 0 255 255 0 255 0 109 0 0 255 0 255 77 0 255 255 0 227 255 211
    255 0 255 81 80 0 0 19 255 255 255 195 0 0 0 255 0 255 0 255 255 0 0
    155 0 0 0 255 36 255 255 255 0 255 0 255 255 0 0 13 24 0 0 127 0 0
    255 0 3 0 255 5 0 111 105 255 0 217 255 255 237 0 255 0 255 255 255
    0 0 0 76 255 0 255 0 255 0 157 0 187 0 255 255 38 255 208 255 0 0 0
    255 0 255 53 0 255 0 255 255 0 255 0 255 0 226 0 0 255 54 255 94 0
    255 0 255 0 255 255 249 0 164 0 76 192 108 255 161 255 96 255 0 255
    0 220 255 0 182 0 0 255 0 255 255 255 255 255 0 255 0 0 255 0 255 0
    255 82 0 214 255 255 244 245 225 0 125 185 181 0 255 0 255 255 159
    255 0 0 0 255 0 255 0 90 255 255 0 0 255 0 0 0 0 255 0 0 255 0 255
    255 255 0 255 0 140 30 255 0 255 0 73 0 255 0 0 255 0 0 114 164 255
    0 0 0 255 0 255 84 255 0 185 0 255 0 0 114 0 155 255 0 0 255 86 255
    51 0 255 0 255 0 255 23 255 0 255 0 255 119 0 0 255 202 255 255 198
    255 122 0 255 255 0 255 255 0 255 255 0 255 255 255 7 255 0 236 255
    0 255 0 0 0 255 255 0 0 237 255 255 0 255 255 255 0 137 0 255 255
    100 0 221 255 0 8 0 255 58 0 255 255 0 255 0 255 0 255 0 255 255 255
    124 154 0 0 255 0 0 255 255 255 0 255 0 255 237 0 0 255 255 0 180
    255 0 0 209 255 0 0 255 0 0 255 105 255 0 255 255 0 0 0 255 61 0 255
    0 255 0 255 255 255 0 255 0 255 0 255 0 146 255 0 255 15 0 0 0 255
    192 255 255 0 255 255 14 0 0 0 255 0 255 254 255 255 0 0 0 71 255 0
    5 154 0 116 255 255 255 91 79 0 0 0 57 0 0 183 0 163 0 54 255 0 255
    255 255 191 0 0 0 255 0 255 255 255 255 0 255 255 255 0 0 255 166 0
    255 196 0 255 0 255 255 244 0 69 255 255 255 0 0 2 0 255 255 0 0 255
    255 70 255 255 113 204 65 139 13 0 255 255 0 255 238 0 0 255 0 255 0
    32 0 221 0 255 255 0 255 0 0 255 218 255 0 0 255 0 127 129 94 255 0
    165 0 231 0 90 0 0 255 0 70 255 0 0 255 255 0 255 0 255 0 0 255 0
    255 0 255 0 255 0 0 255 255 0 0 215 255 0 255 255 0 0 221 255 0 63 0
    123 0 255 107 0 255 0 255 0 255 129 0 0 50 0 0 255 0 255 255 255 0
    255 0 0 0 0 0 255 0 255 0 255 0 255 194 31 255 0 199 255 0 169 255 0
    255 0 0 0 98 0 0 255 226 175 255 0 255 0 0 206 0 255 3 255 0 255 0
    255 75 255 0 255 0 255 0 255 248 129 0 134 0 255 0 0 255 255 0 255
    255 90 0 155 0 255 146 0 255 0 238 86 255 44 255 172 0 255 0 255 0
    255 255 0 255 255 0 110 255 0 255 255 118 197 0 233 0 0 255 255 255
    0 255 255 0 255 0 0 255 218 0 255 255 129 255 0 255 65 255 255 8 0 0
    0 255 0 196 255 0 255 156 3 0 205 255 199 0 0 0 221 0 38 218 255 0
    255 0 255 0 0 255 0 190 0 255 0 255 0 255 255 0 255 38 0 255 45 255
    0 65 255 255 0 0 255 0 0 178 22 35 255 0 0 75 255 73 255 255 0 217
    255 255 255 0 255 255 0 0 255 56 255 255 0 0 255 0 255 0 255 0 0 255
    255 0 255 0 255 20 0 0 0 255 255 0 0 0 255 0 255 0 255 255 255 255 0
    255 255 0 255 255 54 255 0 0 255 255 0 255 0 0 255 255 0 255 255 0
    255 0 0 255 0 255 0 255 207 255 0 255 0 255 0 193 255 0 255 114 0
    255 0 255 0 0 130 255 255 0 255 255 0 0 0 255 0 245 0 255 0 8 0 255
    0 255 255 0 0 255 255 0 255 227 255 255 0 0 255 0 255 103 0 255 0
    255 0 0 255 0 255 0 255 31 255 0 255 255 192 255 0 255 0 0 255 0 95
    255 255 0 255 255 102 255 0 255 255 172 255 0 0 117 0 0 0 255 255
    142 199 185 246 0 255 255 0 0 255 0 0 173 255 0 0 0 255 0 255 0 0
    255 125 255 0 255 0 152 210 255 177 255 111 255 23 0 149 255 0 255
    255 255 255 255 0 0 255 0 240 117 0 0 81 255 0 243 255 0 0 193 0 255
    0 0 255 0 77 255 255 255 0 255 0 255 255 0 255 255 0 255 108 0 237 0
    255 140 0 0 45 255 0 255 0 234 0 255 0 47 0 255 220 0 192 255 0 255
    0 0 0 0 255 255 0 186 0 111 0 255 4 255 0 255 0 0 0 179 255 255 0 0
    255 255 0 134 224 0 0 0 0 255 255 255 0 224 0 0 37 255 255 255 0 255
    0 121 15 0 0 0 0 0 235 255 255 0 255 255 67 255 25 255 0 255 0 190 0
    255 0 255 255 93 255 0 255 0 0 255 255 255 255 60 29 255 16 155 0
    255 0 255 255 255 255 0 0 0 255 255 0 255 0 133 255 239 111 0 255 0
    0 255 0 0 0 255 199 255 0 255 255 0 0 0 0 255 255 0 255 0 255 0 0 0
    255 0 0 0 0 255 0 255 153 255 0 255 0 0 156 255 0 0 255 0 0 0 255 0
    0 0 255 50 0 105 255 255 0 97 255 10 255 139 0 255 0 0 255 0 127 105
    255 0 0 81 255 255 255 0 0 0 95 0 0 0 255 124 174 255 203 255 255 0
    18 0 112 255 0 12 255 0 255 255 255 255 0 0 0 0 255 0 255 118 0 255
    0 0 255 0 255 255 0 255 110 255 255 0 255 91 98 0 0 255 0 0 255 0 0
    255 36 0 0 0 0 0 255 0 255 255 26 255 0 0 155 0 255 0 255 0 0 255
    255 207 0 255 255 0 0 213 0 255 0 6 255 0 255 255 206 255 0 255 0
    255 255 0 149 255 0 255 67 0 255 255 0 255 0 255 0 255 0 0 0 0 0 0 0
    0 255 0 255 255 54 255 255 0 0 0 255 0 255 255 0 0 255 255 255 0 0
    255 0 255 0 255 255 255 44 72 255 0 48 0 0 255 0 255 0 47 222 0 255
    0 0 129 255 0 208 255 255 255 0 255 206 51 255 0 179 88 0 68 255 255
    0 0 255 255 0 255 86 255 0 255 174 255 255 0 255 0 255 255 255 255 0
    249 255 255 112 0 255 255 223 0 84 255 0 255 255 0 98 0 255 54 255
    255 0 255 0 255 24 255 0 255 255 0 255 167 210 255 0 255 21 0 255 0
    0 78 255 255 0 255 0 255 212 0 0 255 0 255 0 255 0 255 0 102 255 0
    255 255 0 255 255 0 7 255 0 0 255 0 186 85 0 0 43 255 192 255 0 0
    255 0 255 220 0 255 0 255 0 255 214 0 255 0 255 0 255 55 217 0 255
    255 255 0 0 255 255 58 255 0 0 0 255 255 0 240 255 0 34 0 130 255
    255 0 255 0 255 44 255 255 143 255 0 255 255 0 255 0 255 0 255 0 255
    0 255 0 255 0 18 255 0 0 0 255 0 255 136 255 63 255 255 0 0 255 255
    0 255 255 0 255 0 0 255 32 255 255 255 0 0 0 0 255 0 255 255 0 148 0
    255 0 157 124 39 255 10 78 0 255 0 202 0 0 255 0 255 255 107 255 0
    255 5 129 255 153 112 0 255 0 255 0 255 0 0 255 0 194 255 255 0 255
    96 0 0 0 255 0 84 0 255 255 0 255 255 255 255 0 255 0 255 1 255 0
    255 255 0 255 0 255 255 255 0 255 0 255 0 255 255 0 255 0 10 187 0 0
    187 255 0 14 0 0 0 255 255 121 0 255 0 255 0 211 221 255 202 255 255
    0 255 0 208 255 0 255 0 255 255 0 0 255 0 255 255 255 0 0 255 255 0
    255 255 0 255 0 255 0 244 245 255 0 21 255 223 0 83 0 0 0 255 255 24
    54 255 255 255 255 0 14 255 255 0 0 255 251 0 0 0 255 0 255 0 252
    242 132 255 0 0 255 255 255 101 0 255 20 0 255 0 255 0 0 255 0 255
    220 132 138 255 0 255 0 54 0 255 74 149 255 255 0 170 255 0 255 0 90
    57 255 0 0 255 0 255 0 255 0 176 0 0 255 222 0 255 0 255 255 0 255
    58 0 60 0 255 0 255 0 72 182 255 255 255 0 255 0 255 0 0 255 255 255
    0 255 0 0 255 255 0 237 255 255 255 0 255 255 0 255 255 0 0 255 0 0
    0 255 255 0 0 255 0 255 0 0 183 0 216 0 0 0 0 0 0 255 255 255 217
    255 255 255 0 7 66 0 0 255 0 0 255 255 0 118 0 255 255 0 0 6 128 0
    255 0 0 0 0 255 0 86 0 0 255 255 245 255 255 0 0 0 255 207 255 132 0
    0 0 0 255 0 255 0 255 0 0 249 255 0 0 255 0 255 193 0 0 255 255 0
    255 255 0 255 255 0 22 0 255 255 255 0 255 0 255 0 45 106 0 255 0 0
    0 255 168 0 255 220 212 0 0 255 205 0 255 255 167 0 255 0 255 255 0
    0 0 255 255 0 164 255 0 255 0 0 255 128 0 203 85 0 255 0 0 255 255 0
    255 255 0 0 255 0 0 255 86 255 226 0 255 174 0 255 0 255 0 255 39 0
    255 255 0 74 0 255 213 255 152 255 236 0 193 210 255 255 0 183 255
    218 0 255 79 0 255 0 255 0 255 0 255 204 255 113 255 255 0 0 255 154
    255 0 255 25 0 255 0 252 0 219 255 0 247 255 0 0 255 0 255 0 255 189
    0 0 0 255 255 0 255 69 255 255 255 0 255 0 255 0 10 94 0 0 255 0 255
    255 178 0 0 100 255 0 160 255 39 0 0 255 0 0 138 0 0 0 255 0 255 0
    152 255 0 0 255 255 255 43 255 255 105 0 255 0 225 255 72 255 255 0
    255 255 0 255 0 0 255 0 0 255 183 0 255 0 0 0 255 109 228 0 255 69 0
    0 0 43 255 112 0 188 255 0 255 0 255 255 148 0 0 0 41 0 255 0 251
    174 135 255 244 0 255 125 42 233 0 255 255 0 255 213 255 0 255 255
    67 203 0 255 255 0 255 0 255 22 0 255 0 25 0 0 248 0 255 0 0 255 0
    255 0 255 51 123 255 184 0 0 0 255 0 255 255 0 194 0 131 255 0 255 0
    255 206 0 255 0 0 244 255 0 255 0 0 0 0 255 0 255 255 0 255 196 255
    13 255 255 0 0 85 255 0 0 0 255 67 0 0 0 255 0 76 0 0 112 0 255 0
    255 0 0 0 31 0 255 168 0 255 255 0 255 0 255 255 0 0 0 152 255 0 28
    163 0 0 74 0 255 175 0 255 255 0 0 255 255 255 0 0 255 0 255 238 0
    255 168 255 255 0 255 255 0 255 0 230 255 255 0 211 0 186 52 0 0 255
    255 39 0 255 0 255 0 255 0 255 255 51 0 255 134 255 0 255 0 255 0 0
    0 255 0 255 0 83 223 255 0 255 0 255 195 212 242 255 77 22 0 0 75
    244 255 255 255 0 255 255 255 255 0 255 152 0 0 255 203 0 255 0 255
    0 255 0 255 159 161 82 255 0 255 255 186 255 101 0 255 255 203 0 0
    160 255 0 0 69 255 28 0 89 0 0 255 0 255 0 0 255 255 0 0 106 255 0
    255 240 255 109 0 255 255 0 0 255 0 255 0 0 0 255 0 255 0 255 0 0 0
    255 255 255 255 0 0 255 203 255 255 232 0 255 0 255 255 0 39 255 255
    0 32 0 255 0 192 211 255 255 255 255 0 255 0 255 131 255 255 0 255
    255 85 255 0 255 0 0 0 255 0 255 12 255 0 162 255 163 255 0 255 255
    0 255 255 255 255 255 255 0 255 0 0 125 0 255 0 0 0 0 255 255 0 183
    0 85 255 255 0 0 28 0 255 0 0 255 255 255 255 0 157 178 184 244 0
    255 0 0 0 0 0 255 0 0 255 0 255 0 0 0 255 0 255 0 0 255 192 0 0 255
    255 255 255 67 255 186 255 0 255 0 255 0 255 0 0 0 255 121 255 0 255
    0 0 0 255 175 255 74 255 0 255 0 0 255 255 0 255 0 255 0 130 255 255
    0 0 0 0 68 0 255 0 255 255 67 255 0 255 255 0 255 6 162 0 234 34 160
    0 237 255 255 255 255 255 247 0 255 233 0 0 255 22 0 177 255 0 233 0
    183 0 255 0 255 0 188 255 0 0 0 0 191 0 255 7 0 255 0 13 239 0 0 255
    255 255 255 0 152 251 255 0 255 0 255 0 0 255 255 0 166 18 0 255 32
    199 255 0 0 255 0 255 0 202 255 0 69 0 6 0 255 0 255 0 255 0 0 0 47
    0 193 255 0 0 237 255 0 0 255 0 217 0 0 77 0 255 0 255 0 255 0 0 0
    255 0 149 255 13 0 139 0 0 0 67 0 255 255 0 255 77 0 255 0 255 0 0
    160 255 0 0 6 255 0 255 0 0 255 0 255 255 0 255 14 255 52 0 37 0 231
    0 0 255 0 255 0 184 255 43 255 255 0 50 255 0 255 0 0 255 255 0 255
    0 238 152 0 255 0 60 255 0 196 255 205 255 0 0 255 0 255 0 255 0 95
    255 255 0 255 0 255 0 13 255 104 0 3 0 132 0 251 182 255 255 255 0
    123 67 255 0 0 255 0 0 0 255 220 163 255 28 255 255 0 0 0 0 255 0
    255 255 0 255 0 255 0 0 255 21 255 0 0 7 0 58 187 0 0 255 255 231 0
    11 0 0 255 255 255 0 0 255 0 157 255 255 255 192 0 255 0 0 255 255 0
    255 255 0 255 0 250 255 0 0 0 245 255 19 255 0 0 9 255 0 255 0 255 0
    108 255 0 255 255 0 255 0 0 255 255 255 0 255 73 255 0 255 224 0 255
    255 0 255 0 97 38 255 0 255 255 159 0 255 255 0 255 0 255 255 151 91
    255 0 59 255 255 0 255 0 0 255 0 255 255 0 0 255 255 217 255 0 255
    58 0 255 255 0 0 0 198 0 0 188 157 0 255 0 255 255 255 0 255 0 0 255
    0 199 255 0 255 255 255 0 0 255 255 0 37 255 0 255 255 0 255 255 206
    255 0 255 0 255 255 0 255 255 0 0 255 0 0 0 255 255 0 255 255 0 255
    0 166 255 255 0 0 0 255 255 255 255 255 255 0 0 61 0 0 255 0 0 0 255
    185 0 113 255 255 0 0 0 255 0 0 0 37 0 131 0 0 0 255 255 255 0 255 0
    255 7 210 0 0 0 217 0 255 0 0 118 255 0 121 255 0 0 0 0 255 255 197
    209 0 0 255 65 0 255 0 255 0 255 173 255 0 255 0 0 0 255 255 0 117
    255 147 70 0 213 255 0 255 255 0 0 255 225 0 255 255 0 255 0 0 255
    255 210 0 255 0 255 255 255 0 255 0 255 255 255 0 0 255 255 0 255 0
    255 255 255 0 55 255 255 0 86 68 0 255 0 193 255 255 0 255 0 0 255
    255 77 0 0 139 255 204 255 0 255 0 255 93 0 255 255 0 0 204 255 0
    255 255 44 95 0 255 255 255 255 0 255 0 0 0 255 251 255 58 72 255
    255 255 255 151 0 255 255 255 0 0 0 255 241 255 71 255 0 0 255 0 255
    255 0 255 0 255 0 0 255 0 65 0 255 163 0 0 40 0 211 127 0 122 0 0
    255 0 255 0 255 255 0 255 24 215 0 255 0 0 45 0 255 0 0 250 255 0
    255 0 0 0 0 41 0 113 255 0 178 255 0 255 255 0 0 255 255 0 255 41
    117 255 0 0 255 255 93 145 0 18 0 255 255 255 0 255 255 0 255 0 0
    255 255 229 255 0 255 255 255 0 0 255 255 255 255 0 0 255 6 255 0 0
    0 255 255 0 255 0 255 255 0 255 0 255 0 255 0 255 0 255 0 0 173 0
    101 0 0 255 249 0 255 0 182 255 0 255 0 0 255 255 187 20 0 255 0 255
    0 191 0 255 0 134 0 255 0 0 255 0 255 0 169 255 0 255 0 76 3 0 255
    44 210 255 0 255 0 169 255 255 35 255 255 0 4 255 208 121 66 0 255
    255 255 0 255 255 0 0 0 255 0 255 0 0 0 0 255 255 0 255 0 255 255 0
    176 188 0 0 0 255 255 255 255 0 0 0 255 0 0 190 246 0 0 255 255 41 0
    0 237 255 249 162 0 242 0 199 255 132 255 0 255 0 255 0 255 0 70 0
    38 0 0 18 255 255 0 255 207 162 104 173 0 255 43 241 255 0 0 255 255
    255 255 0 255 0 106 255 246 0 234 255 255 255 255 0 235 255 255 151
    133 255 99 255 255 255 255 22 255 0 142 255 255 255 0 0 255 32 0 0
    255 0 255 0 240 3 162 0 255 255 255 255 0 255 0 255 0 102 0 255 0
    255 255 0 255 0 0 255 254 204 207 0 216 0 0 255 255 0 244 255 200
    255 88 255 0 255 0 0 255 0 15 0 255 0 255 255 255 0 255 0 0 49 122
    255 0 255 152 0 255 0 0 255 255 255 0 23 255 255 0 255 0 226 255 0 0
    35 255 0 255 0 0 255 255 255 216 255 0 0 0 255 0 255 255 0 0 128 255
    255 101 255 0 195 0 0 255 255 0 255 0 255 0 0 255 255 255 0 0 255 0
    0 255 4 54 0 78 255 181 198 255 56 255 0 255 255 255 0 255 0 0 101 0
    255 210 255 255 255 0 255 0 0 255 255 255 255 144 0 0 0 0 255 0 0 0
    255 255 255 255 0 0 0 255 255 0 255 0 0 255 141 248 250 165 255 0
    255 255 0 224 11 255 0 255 0 255 0 151 0 0 0 255 0 255 255 0 138 255
    255 0 0 0 255 255 0 255 0 198 255 255 255 0 0 0 255 255 255 0 0 166
    101 224 0 0 255 0 255 0 0 59 255 0 170 255 119 0 0 255 255 217 96
    255 255 0 255 0 255 0 255 0 138 238 0 0 0 255 255 0 255 255 122 0
    255 0 255 255 44 255 0 81 0 255 0 0 41 255 118 255 255 255 255 255 0
    255 0 255 227 8 0 255 0 255 135 0 0 93 166 0 255 0 255 255 30 36 0
    255 255 0 255 0 255 255 0 0 0 232 255 255 0 255 255 196 255 255 255
    255 0 0 255 0 255 255 0 255 255 63 255 255 0 255 30 0 255 255 222 0
    0 35 0 7 255 98 255 255 0 255 0 255 255 0 255 0 255 255 0 255 0 255
    28 0 12 0 0 255 0 255 0 0 255 139 0 255 0 255 0 0 255 0 0 255 0 0
    255 10 0 255 0 0 255 0 255 0 0 0 255 214 255 255 0 230 144 158 255
    255 255 0 255 255 255 255 14 255 0 0 255 2 0 179 255 60 204 63 255
    255 0 255 255 0 158 0 255 0 255 208 255 0 255 0 185 0 0 0 255 0 255
    190 255 255 181 0 255 0 0 0 0 81 0 255 130 255 0 222 215 255 255 39
    255 255 255 255 0 255 0 0 0 255 255 255 0 255 0 0 255 5 0 0 255 0 0
    255 0 255 0 242 255 0 255 0 255 0 255 0 254 254 30 0 59 220 255 255
    0 255 0 0 255 255 106 229 0 207 255 174 0 255 0 255 20 255 0 255 255
    0 255 0 255 255 255 250 8 255 0 255 0 255 0 255 0 0 246 255 0 0 255
    0 0 255 255 0 255 255 48 0 223 146 153 94 214 0 255 0 255 0 255 223
    134 77 0 135 255 39 17 0 255 130 255 0 0 255 0 0 255 255 0 255 255 0
    0 188 0 255 255 0 255 9 0 255 0 255 255 0 255 0 255 93 255 0 45 189
    255 255 0 255 0 255 0 247 34 255 0 255 255 137 0 255 0 0 255 255 255
    0 255 0 255 173 27 255 0 0 255 255 0 255 255 0 255 255 187 0 0 0 255
    255 255 0 0 0 0 6 0 255 255 0 12 0 255 255 0 255 0 0 255 0 0 255 255
    0 199 68 255 0 255 26 0 0 255 56 255 255 163 39 0 0 147 199 255 0 0
    94 255 255 0 255 255 135 255 0 0 0 0 0 199 255 255 0 182 61 0 255
    255 255 255 255 0 0 227 0 255 0 62 0 255 255 0 255 238 0 255 255 0 0
    0 255 0 85 255 255 0 29 255 0 255 255 129 255 0 200 0 43 255 255 0
    131 255 65 255 255 0 0 255 0 0 0 203 0 0 0 0 255 130 255 162 0 255 0
    0 255 166 0 0 255 255 0 255 0 255 0 255 182 0 0 255 0 255 0 0 0 255
    104 0 255 0 255 0 34 0 0 223 255 143 118 83 114 197 0 72 255 0 255
    255 0 0 0 255 234 255 0 144 255 255 0 255 0 255 0 255 0 255 3 0 96
    54 0 255 0 0 255 0 255 255 0 255 255 255 255 129 0 255 0 255 25 153
    0 255 255 0 129 0 254 0 75 255 170 231 0 0 255 0 255 0 255 0 255 0 0
    0 255 26 0 85 255 255 0 0 255 255 215 255 0 255 255 255 255 0 255 9
    0 255 0 255 0 45 63 255 255 255 255 0 255 255 13 0 0 255 0 0 78 198
    108 0 25 0 255 0 0 255 230 76 255 0 255 0 255 0 0 255 0 0 0 255 0
    255 255 28 255 255 255 112 0 49 255 255 0 255 0 202 255 0 255 0 15
    255 255 255 105 255 255 0 255 0 255 198 118 0 128 255 0 255 0 255 0
    0 77 0 255 255 41 132 255 65 255 255 0 255 160 0 0 255 0 255 0 255 0
    0 145 255 255 40 255 0 25 90 0 255 0 173 0 0 255 95 255 254 255 0
    255 20 255 0 255 0 0 255 255 0 38 255 255 0 255 0 255 250 255 255 0
    255 255 255 0 0 255 24 255 0 0 255 0 195 0 0 255 0 255 0 0 255 0 255
    0 0 135 214 255 0 0 54 255 0 255 0 0 46 0 255 255 247 0 159 255 0 0
    255 0 0 255 0 0 1 0 0 0 0 255 0 0 162 0 255 255 0 0 255 0 255 255 0
    0 49 255 255 0 0 248 255 255 255 0 255 0 255 255 0 255 0 255 0 0 0
    255 255 255 0 255 72 255 255 0 255 255 255 0 255 116 62 255 0 0 13
    255 0 146 52 155 255 0 255 233 0 255 255 0 255 255 125 255 255 0 255
    0 255 5 255 255 248 255 67 0 228 131 255 0 239 0 255 255 0 0 0 0 95
    0 34 255 0 0 255 0 255 0 255 97 68 255 0 255 255 0 0 255 57 11 135 0
    37 0 255 0 255 0 255 255 0 40 0 0 255 76 255 255 0 83 255 0 0 0 0 0
    0 255 0 255 255 0 61 0 255 0 255 0 9 0 255 0 0 255 0 255 0 3 255 0
    255 255 190 255 229 255 0 0 255 180 255 0 195 255 255 255 0 255 0
    255 0 255 255 0 116 209 0 255 0 142 92 0 0 255 0 255 255 255 32 255
    159 27 13 255 255 0 255 0 221 0 255 255 0 255 0 255 0 0 255 0 255 0
    0 104 255 0 255 255 208 0 0 255 0 255 255 255 0 0 255 0 0 255 0 255
    255 0 255 255 0 255 37 97 0 255 255 0 0 0 44 255 133 255 255 0 89
    255 255 255 73 0 255 89 255 41 0 39 0 116 0 134 0 255 255 0 255 0 0
    0 255 255 253 255 0 255 0 255 165 0 255 0 255 255 255 0 0 187 0 0 0
    255 0 255 0 255 0 255 0 164 117 255 0 41 166 0 173 221 0 255 46 127
    0 0 255 0 0 0 140 255 109 255 0 255 255 255 255 255 0 255 255 219
    255 99 0 255 0 255 0 0 101 0 0 255 255 0 0 255 0 255 255 255 0 255 0
    0 0 199 0 0 250 255 0 30 0 0 255 0 255 0 255 0 255 60 94 0 255 0 0
    255 117 255 0 255 0 0 255 0 255 255 0 0 185 255 11 231 0 255 0 255 0
    0 255 0 255 80 255 0 255 255 0 255 0 0 255 0 0 255 0 0 255 0 0 124 0
    0 0 255 255 255 61 255 255 0 255 59 0 255 0 0 0 0 0 218 0 255 221 0
    255 0 208 0 255 0 69 255 0 255 0 255 255 0 255 0 255 255 0 0 255 7
    255 255 0 255 0 0 255 0 191 0 255 0 0 255 0 255 0 2 0 106 0 255 0
    255 0 255 255 0 255 119 255 255 0 22 24 0 166 210 255 78 27 255 0
    225 27 74 0 255 117 255 255 0 0 255 0 0 255 0 255 0 48 0 255 120 0
    255 0 255 255 0 0 255 255 0 255 21 255 119 255 2 0 0 255 0 255 255
    255 0 0 255 20 255 0 0 255 0 156 0 255 166 255 0 255 157 255 45 0
    149 0 255 0 71 255 0 0 255 0 0 0 0 255 0 255 135 0 255 0 0 0 0 0 255
    210 255 198 56 0 245 25 255 255 255 255 255 10 255 217 255 255 0 255
    0 255 255 255 0 34 255 255 65 0 255 0 14 255 0 255 0 0 34 255 0 0
    255 52 255 0 255 132 0 255 107 255 0 255 83 255 0 0 103 0 236 0 255
    0 58 255 0 255 53 0 255 255 0 255 146 255 0 255 0 229 162 255 0 49 0
    255 0 0 0 0 255 0 255 0 246 255 255 255 0 255 115 52 255 181 0 0 255
    1 112 255 0 255 0 255 0 0 255 122 255 0 255 255 0 0 3 255 0 0 0 255
    0 0 255 255 255 0 255 255 0 0 255 65 255 0 255 222 0 255 0 255 0 255
    255 0 255 0 255 90 255 153 0 105 255 0 180 255 0 255 255 0 255 255
    255 255 0 255 52 255 0 255 255 0 255 255 0 255 255 0 81 0 0 255 0
    255 1 0 255 0 0 0 255 0 0 0 255 255 255 0 255 255 0 38 255 36 0 0
    152 255 255 247 0 0 51 255 0 0 255 123 255 0 255 255 0 0 0 255 0 0
    255 0 255 255 0 0 255 0 156 255 0 255 255 0 255 255 255 255 0 255
    255 0 165 255 255 0 0 0 255 0 0 7 0 113 0 0 255 255 255 0 255 0 255
    0 0 0 99 255 0 255 0 255 0 255 255 0 255 207 255 0 131 255 255 0 255
    0 255 0 0 142 255 0 0 255 0 255 255 0 255 0 255 0 255 255 0 0 255
    255 0 6 255 0 255 255 244 0 255 124 255 153 30 255 0 255 0 255 255 0
    255 255 0 255 255 235 0 255 0 0 190 255 0 0 0 255 0 0 255 0 0 255
    255 255 0 255 0 0 255 255 0 0 255 31 0 0 255 255 153 0 255 0 110 199
    0 189 0 0 95 0 77 255 255 255 47 0 65 0 255 255 255 0 13 176 255 31
    0 169 255 31 233 0 254 0 248 0 255 255 0 27 58 0 0 0 255 0 0 255 234
    48 0 0 255 0 255 66 255 255 255 0 0 255 255 0 0 255 0 0 255 191 0
    255 255 109 255 0 38 41 141 0 0 68 214 0 255 0 201 0 112 0 20 255
    180 255 0 0 255 0 255 0 255 0 0 255 255 255 0 255 0 255 255 0 255
    255 0 255 0 0 255 95 255 0 0 39 255 255 0 0 0 255 255 0 59 118 0 255
    0 255 255 14 0 0 255 248 0 0 255 0 162 255 0 255 255 0 255 159 255
    213 255 0 255 0 0 255 0 0 0 255 0 35 0 0 255 255 116 0 254 255 0 255
    255 255 5 0 0 0 164 255 255 0 0 0 0 255 0 255 255 120 0 255 0 139 0
    255 0 210 0 255 88 255 255 234 255 0 209 140 0 0 255 236 255 255 0
    255 0 255 0 255 137 255 255 0 255 159 255 255 231 0 255 137 73 0 255
    50 255 255 255 200 255 0 0 255 230 220 0 255 0 255 245 0 255 0 100
    231 255 255 0 223 255 0 0 0 183 173 255 0 41 0 255 0 190 50 255 0
    255 0 255 255 51 255 0 118 0 20 255 255 73 16 0 255 0 219 255 105 0
    113 0 255 255 0 0 44 255 0 255 0 255 255 0 255 255 0 0 255 255 158
    38 0 193 0 0 0 255 255 0 255 255 0 169 0 255 0 0 255 0 255 0 255 216
    255 9 165 255 0 255 255 0 0 0 0 0 0 255 0 255 89 0 255 0 0 14 0 0
    255 255 255 0 255 255 0 255 242 255 0 255 232 0 255 0 83 0 255 0 255
    0 1 179 255 0 26 255 255 0 194 184 60 0 0 0 238 255 0 0 255 0 255 0
    0 255 255 255 0 255 0 255 90 255 0 0 255 0 0 133 255 0 203 0 0 255 0
    255 0 255 0 185 255 23 255 0 255 0 255 0 0 0 0 190 255 0 255 21 255
    152 53 255 0 229 255 0 255 0 255 0 255 0 0 255 0 255 16 255 176 255
    0 0 246 0 203 0 255 0 183 0 255 139 255 0 255 255 255 121 0 255 0
    218 255 0 255 0 122 0 255 0 255 255 255 0 255 0 205 6 130 255 0 255
    0 255 153 255 0 0 255 90 255 0 255 0 0 255 255 255 255 139 255 0 100
    221 255 110 157 255 0 255 0 255 0 65 255 255 0 255 255 0 0 0 148 255
    0 143 0 255 86 0 0 255 156 0 0 0 255 0 173 231 255 0 74 255 0 255 0
    0 234 32 0 255 255 0 255 0 255 255 0 27 0 255 183 155 39 40 255 255
    255 255 0 255 255 51 255 0 255 255 0 0 187 0 255 0 255 255 0 255 0
    255 0 255 0 0 255 46 253 255 0 0 0 255 0 255 148 255 0 66 0 0 104 79
    0 0 255 0 255 0 0 255 246 0 90 255 255 0 255 0 0 255 0 255 0 0 255 0
    0 255 0 0 255 255 0 255 97 0 255 0 137 0 214 0 255 0 86 255 233 168
    0 255 255 0 0 255 68 255 45 0 255 223 255 0 0 64 180 0 118 255 255 0
    255 0 0 255 255 255 0 0 255 255 143 255 0 255 99 0 255 175 255 0 0
    93 165 255 0 253 0 0 0 255 0 255 0 0 255 0 122 0 255 0 126 255 0 255
    255 255 0 124 70 190 0 0 255 0 255 252 18 255 0 0 255 255 95 255 239
    50 71 0 24 0 255 0 255 0 255 0 255 0 0 0 144 0 255 255 255 46 255 0
    0 255 0 255 0 0 255 255 243 255 0 0 255 0 0 255 87 255 255 0 135 255
    255 255 0 0 0 47 128 255 136 0 255 0 255 0 194 149 0 0 0 255 0 255 0
    187 255 0 0 0 255 0 255 255 0 255 0 0 255 0 255 73 255 20 162 118
    255 25 115 0 255 232 255 255 0 255 0 0 0 100 255 255 255 0 59 0 252
    255 255 0 255 0 255 0 137 45 255 0 255 0 93 0 0 255 0 255 0 0 255
    255 0 50 0 221 0 255 255 255 255 0 255 0 0 202 255 255 209 255 255 0
    255 76 255 255 90 152 255 255 0 255 0 118 0 255 255 255 41 255 0 248
    0 255 0 0 255 255 245 0 141 255 255 230 255 0 255 0 255 255 0 255
    255 255 0 176 255 0 255 8 234 0 0 0 0 236 255 0 102 188 255 162 0 0
    255 255 0 207 255 255 222 158 255 0 0 0 0 255 153 255 2 195 255 255
    142 0 111 255 255 38 50 255 0 0 0 255 0 0 255 64 115 243 168 0 255
    107 255 0 255 0 255 216 255 255 0 255 255 255 255 0 0 255 0 70 0 202
    255 255 0 0 255 0 255 136 0 0 255 255 255 255 181 255 255 0 5 61 255
    0 255 0 0 255 255 0 255 255 0 255 60 0 2 68 255 224 0 0 0 0 0 255 0
    255 0 0 200 255 255 0 255 0 0 0 255 0 0 255 255 255 0 255 0 30 0 255
    0 156 0 255 0 255 162 0 255 0 255 0 255 255 0 0 180 255 0 255 0 255
    255 244 0 255 0 255 119 255 255 255 0 40 255 0 255 0 255 255 0 0 79
    219 0 255 255 0 0 255 79 255 0 0 0 255 255 65 255 183 255 185 255 0
    255 255 0 255 0 130 168 255 0 255 255 0 255 161 255 255 255 53 0 248
    84 0 255 255 0 198 0 0 255 255 0 255 0 255 0 255 201 0 102 0 255 141
    255 0 255 49 0 42 255 0 255 0 0 158 67 151 0 255 255 255 255 0 255 0
    255 113 223 255 93 255 0 255 255 219 255 0 255 0 255 0 0 255 255 0
    255 255 0 255 0 255 233 85 255 46 202 0 255 0 255 0 255 90 0 255 0 6
    255 255 0 154 255 0 0 255 0 68 168 0 255 0 255 0 255 255 248 0 255
    255 116 255 62 255 113 183 221 255 0 255 59 0 0 255 61 0 255 0 255
    34 255 103 0 155 0 255 0 0 255 255 100 255 0 255 137 0 172 255 131
    255 255 0 255 186 255 0 0 255 0 255 0 0 0 0 139 246 0 255 255 0 255
    155 0 0 255 0 255 0 255 0 255 255 0 0 248 191 255 255 0 255 0 0 0
    255 150 114 33 0 255 0 0 0 255 0 0 255 255 255 0 0 0 255 115 0 255
    255 218 255 255 0 0 255 7 255 106 0 255 255 255 0 0 0 255 255 0 0 0
    255 255 0 255 210 255 104 0 0 110 238 0 129 0 255 0 0 255 0 0 91 0
    38 0 255 255 0 0 255 255 0 255 0 0 255 22 92 255 255 255 255 0 155 0
    255 145 0 255 15 0 255 0 255 255 255 74 202 255 35 0 67 61 131 255
    255 255 255 0 0 0 255 0 255 0 139 0 197 255 0 0 255 255 0 255 0 255
    0 0 0 255 0 255 255 0 255 255 255 130 0 255 255 0 255 255 255 54 255
    0 255 255 255 0 18 144 255 0 0 0 255 255 0 255 255 91 0 255 112 255
    0 255 255 0 252 37 0 0 33 255 0 255 255 98 254 0 139 185 204 181 29
    255 0 255 0 179 0 162 255 0 255 0 0 0 0 248 255 233 0 0 50 59 0 255
    255 0 255 219 255 0 255 0 0 255 149 0 255 0 157 0 147 255 91 255 167
    255 0 252 175 255 255 255 64 255 255 0 0 0 0 255 0 53 255 255 0 215
    255 255 81 0 30 0 0 255 0 255 0 255 236 0 255 255 255 0 0 0 56 0 3
    255 0 255 13 0 0 253 0 0 255 0 137 255 0 255 210 0 255 146 255 0 255
    0 255 0 0 255 255 255 255 60 0 255 0 235 255 0 0 255 255 0 255 0 255
    221 0 255 0 255 255 255 255 255 229 110 9 0 255 22 255 41 255 255
    255 0 0 255 255 255 0 111 0 0 255 0 140 0 255 255 106 0 31 89 0 0
    255 255 255 0 255 0 0 0 0 255 147 0 255 239 0 236 255 0 199 0 255
    255 255 0 255 0 152 255 0 0 255 0 255 0 255 240 255 0 241 255 7 0 0
    0 182 8 255 255 0 68 255 255 0 0 255 0 255 255 255 0 255 0 255 255 0
    255 52 255 255 0 255 0 255 0 0 255 255 255 255 0 3 255 0 0 255 0 0
    255 255 0 227 245 255 0 255 0 255 0 255 0 255 0 255 4 255 0 255 255
    0 0 0 255 0 255 0 0 255 48 0 255 0 255 15 255 0 207 255 72 0 255 255
    0 10 0 48 0 255 0 255 255 255 0 0 14 0 19 0 54 45 0 0 255 0 255 255
    255 255 0 0 0 0 255 0 193 255 33 85 255 0 255 0 0 255 14 55 255 0 0
    255 0 0 255 0 255 255 255 0 0 255 0 255 0 255 162 0 255 255 0 0 255
    0 255 255 255 0 255 0 255 238 0 0 0 0 119 0 0 255 255 0 255 0 253 0
    255 0 0 255 0 0 0 0 255 0 255 0 255 0 255 0 243 255 255 0 255 0 46 0
    255 0</data></your_img>
</opencv_storage>
