<?xml version="1.0"?>
<opencv_storage>
<filter_type>0</filter_type>
<only_luma>0</only_luma>
<r1>1</r1>
<r2>2</r2>
<L2_diff>1.2930576166590567e+03</L2_diff>
<test_img type_id="opencv-matrix">
  <rows>128</rows>
  <cols>256</cols>
  <dt>u</dt>
  <data>
    133 130 128 79 160 219 216 249 18 162 223 248 125 60 31 121 53 248
    181 187 55 113 151 150 0 116 66 77 53 135 124 213 176 72 29 104 24
    102 150 150 215 106 57 208 146 77 127 123 228 171 209 94 41 202 135
    110 103 89 133 168 11 61 80 90 13 140 221 223 84 151 151 210 21 115
    51 80 51 157 229 125 43 144 21 28 46 223 66 12 162 89 121 238 187
    247 40 73 66 153 172 185 244 79 50 238 78 169 251 131 9 127 123 155
    92 235 38 80 52 232 243 208 159 186 216 78 5 205 99 164 211 107 223
    156 3 50 195 23 63 101 211 56 36 76 245 1 127 193 253 195 216 201
    228 113 40 197 52 151 119 2 152 3 33 173 205 98 122 172 151 252 82
    161 117 135 86 125 26 224 254 165 6 171 143 220 70 3 50 180 25 253
    83 213 43 159 12 0 18 8 127 132 6 132 143 185 146 88 159 141 181 229
    88 23 225 102 46 179 58 238 155 81 171 13 63 251 104 237 247 134 5
    201 185 70 106 98 27 111 246 83 204 26 172 115 187 117 181 156 94 72
    206 220 1 197 35 221 85 151 242 193 134 48 92 208 146 191 106 71 2
    216 59 113 144 78 158 238 106 196 206 205 133 27 131 237 250 197 17
    96 148 59 25 111 29 145 155 127 10 214 16 95 159 135 162 17 124 162
    28 79 12 30 146 87 135 36 255 62 56 222 59 59 188 26 37 164 68 105
    126 176 48 255 141 46 62 177 49 179 151 252 226 18 40 197 121 163
    109 189 40 209 118 254 49 193 15 212 56 155 36 90 67 125 224 237 222
    149 28 46 75 20 97 179 253 231 207 95 212 92 11 2 65 190 108 14 14
    21 205 105 50 39 150 61 192 188 236 244 63 85 54 205 83 173 25 247
    150 80 116 107 175 54 61 66 26 25 206 167 174 188 99 223 192 221 103
    237 64 216 175 219 186 153 118 179 6 174 227 185 198 114 178 160 68
    165 87 12 238 105 230 135 190 35 129 23 82 188 104 59 180 253 227
    177 57 177 236 38 238 224 79 143 74 194 107 141 228 18 135 61 91 81
    212 178 230 116 208 128 59 121 93 231 175 99 247 169 202 104 163 63
    25 244 111 204 83 67 162 207 90 205 11 156 255 109 94 43 44 251 76
    231 75 11 6 104 174 74 91 182 120 209 35 195 12 46 197 246 179 116
    177 150 152 230 104 146 246 2 207 218 116 31 191 50 255 206 91 214
    25 106 153 10 7 212 10 226 233 59 107 4 158 231 228 245 79 32 174 52
    237 114 47 207 202 222 180 132 14 22 216 109 58 90 26 89 78 124 182
    122 105 156 204 218 231 225 80 89 140 140 138 248 197 25 212 214 25
    243 190 138 64 212 241 30 172 96 210 124 210 57 240 195 234 45 119
    177 19 133 0 192 53 241 63 135 101 246 1 113 173 29 95 42 168 241 89
    195 28 11 102 203 232 195 155 1 161 150 45 8 8 113 54 254 157 178
    188 148 96 96 152 203 195 132 20 41 63 159 143 227 4 162 136 206 206
    90 165 131 135 182 140 199 221 30 247 104 73 101 123 28 45 147 189
    223 67 190 3 249 103 100 45 192 153 9 108 126 195 25 241 6 106 97
    246 59 30 21 29 79 95 244 212 210 238 11 235 14 1 2 208 198 54 220
    156 185 39 56 94 43 68 49 252 110 5 60 177 6 236 17 253 213 145 81
    98 73 23 104 147 61 129 96 213 149 249 179 28 82 177 33 75 98 24 231
    37 247 23 110 18 206 182 27 158 124 5 88 131 236 41 101 62 2 178 155
    255 185 45 235 44 224 114 67 36 77 16 190 240 235 187 215 165 225
    243 97 184 22 152 84 178 142 254 84 30 177 246 162 239 42 239 188
    172 111 202 149 67 90 162 245 145 162 253 16 23 134 167 39 97 12 137
    173 65 26 119 241 100 229 20 148 17 205 73 27 82 126 247 25 149 229
    40 90 37 199 58 71 204 7 216 180 233 197 186 107 200 228 137 139 46
    228 139 60 89 214 86 181 96 77 230 220 236 43 100 107 80 200 47 52
    224 100 40 184 192 198 81 214 104 190 226 154 164 241 233 39 150 222
    35 245 246 55 25 176 231 195 225 164 146 4 49 104 213 44 128 54 31
    104 204 119 69 184 186 150 54 144 180 189 226 184 70 156 92 131 214
    155 144 234 92 22 246 62 229 158 92 36 135 192 121 108 16 117 177
    158 16 145 84 139 24 15 58 242 46 75 31 104 107 242 129 38 255 241
    31 119 174 124 237 188 45 154 212 234 19 69 53 164 69 38 48 79 64
    113 229 152 15 109 76 223 233 48 30 58 243 87 248 139 202 11 223 198
    91 209 182 36 206 175 88 144 14 186 191 230 134 86 220 13 238 17 206
    186 180 159 254 3 98 187 38 2 192 223 247 32 100 11 140 55 107 104
    116 33 43 225 31 227 108 122 88 101 16 171 159 201 52 173 154 154 11
    122 86 158 25 37 52 231 190 24 20 37 164 52 80 63 171 32 206 117 232
    199 41 64 3 98 69 14 226 89 146 168 95 168 238 74 4 213 71 83 253
    158 212 156 35 66 207 226 98 237 93 201 166 28 135 103 120 42 122
    235 190 150 30 137 186 4 152 60 224 178 129 6 47 226 31 169 142 68
    151 39 240 90 94 30 85 181 78 180 98 225 144 144 158 152 200 194 24
    54 237 89 130 243 249 139 166 217 32 85 12 127 10 239 85 129 11 156
    117 71 47 159 16 210 151 5 18 156 119 186 186 132 225 103 8 40 187
    211 148 217 126 164 136 119 214 51 243 224 149 192 31 92 234 113 133
    119 41 131 47 88 9 217 145 68 57 210 91 139 230 133 103 42 38 162
    144 251 20 209 211 162 199 77 255 13 113 130 235 208 1 150 6 220 47
    32 27 209 229 74 111 241 178 137 112 137 77 207 146 32 69 237 32 45
    64 61 156 218 234 54 77 52 128 31 212 238 111 123 175 79 115 96 128
    201 21 248 226 245 205 17 95 137 82 187 124 9 254 35 180 169 193 208
    169 63 100 82 108 36 143 41 112 180 38 225 246 81 39 211 9 148 26
    202 30 163 66 31 80 195 12 246 163 220 7 59 232 240 87 123 148 92
    239 21 133 149 46 12 70 150 164 54 194 21 149 159 204 216 247 98 121
    76 121 75 8 99 15 69 114 40 14 14 229 171 55 173 12 120 162 126 180
    38 178 153 77 222 5 71 206 25 48 237 82 241 108 12 205 118 195 86
    104 136 19 219 209 98 62 194 222 217 134 84 231 228 131 221 248 214
    124 23 152 236 216 47 0 199 38 82 24 196 222 91 11 217 26 142 194 72
    199 89 108 15 119 244 122 167 64 90 149 151 96 219 228 133 148 233
    100 75 108 55 136 85 128 91 113 145 77 54 65 92 208 185 136 84 120
    182 216 192 11 235 136 208 34 32 245 82 102 173 150 171 136 57 125
    197 193 75 0 179 126 206 79 119 162 102 143 20 43 131 219 231 89 195
    209 245 67 28 122 228 149 22 144 240 164 94 150 226 207 68 28 20 112
    131 97 10 198 207 179 9 20 185 42 230 16 143 146 120 122 39 47 247
    18 142 13 64 46 101 153 20 140 187 141 212 52 43 126 248 211 186 140
    79 72 166 163 218 53 94 142 204 3 217 13 103 142 52 144 119 14 230
    213 82 52 180 181 149 149 223 232 38 7 115 103 130 59 110 250 85 165
    160 98 251 31 250 244 169 92 140 178 233 240 118 180 124 179 74 186
    80 223 215 36 117 39 33 21 73 9 19 215 104 241 201 216 242 87 102
    137 226 84 201 216 94 225 139 172 81 223 248 45 171 71 86 30 13 104
    191 4 232 47 85 133 205 48 141 181 246 184 33 205 222 22 112 146 131
    52 198 136 130 142 74 96 164 183 165 30 16 170 57 183 42 245 172 236
    118 12 148 216 61 70 38 253 173 97 176 227 40 122 184 177 174 124 21
    245 74 224 54 205 199 224 192 12 244 181 110 246 175 121 26 164 175
    178 32 15 185 239 147 92 58 84 174 24 184 244 109 165 59 181 37 141
    111 96 127 122 202 43 117 215 12 142 2 168 20 12 235 242 4 72 178 94
    174 53 92 41 19 139 2 104 112 89 170 213 247 5 170 32 224 174 237
    149 2 65 182 238 251 176 35 79 252 164 22 130 178 17 114 221 174 172
    64 12 175 94 221 98 199 15 54 89 57 129 14 110 84 141 19 68 157 78
    208 202 49 149 48 45 204 202 82 129 240 16 175 197 61 179 219 148 90
    34 155 186 207 214 215 124 188 238 101 114 219 8 162 60 44 28 149
    204 161 25 88 113 108 94 92 140 148 221 156 126 73 32 89 11 24 206
    181 13 138 123 182 218 22 182 40 65 15 142 130 61 54 236 233 160 167
    208 107 108 44 48 10 171 84 48 254 130 160 151 38 85 77 122 139 15
    86 6 68 143 45 121 88 213 15 130 81 129 73 106 14 235 239 92 8 31
    201 56 5 189 242 187 184 54 224 201 191 251 116 5 192 227 176 51 72
    211 134 126 249 65 209 5 137 207 168 21 3 63 53 241 22 133 48 130 82
    3 174 211 112 20 130 79 79 25 209 189 168 61 127 86 249 240 57 58 60
    99 155 135 146 160 172 39 138 215 68 198 198 215 121 63 47 200 49 67
    105 191 122 233 70 242 208 170 178 65 125 203 41 29 191 163 203 184
    40 248 143 104 204 49 162 71 65 50 49 204 104 246 208 155 217 15 14
    15 228 140 45 188 139 6 249 145 237 186 241 251 90 87 155 120 143
    198 79 108 25 104 12 239 221 213 236 97 3 7 39 11 120 29 239 135 102
    32 21 83 247 2 70 183 96 172 59 143 193 15 87 201 160 134 226 235
    212 83 135 181 180 28 158 82 198 198 154 127 106 246 193 225 40 39
    178 163 89 204 221 135 149 132 84 53 238 78 254 64 43 52 190 18 223
    30 54 7 79 88 27 233 25 55 167 248 111 7 10 10 16 198 180 146 46 32
    84 235 233 126 80 195 5 212 195 153 131 142 69 127 49 2 45 110 84
    238 20 51 27 173 126 136 217 32 18 69 39 183 44 135 135 230 38 176 0
    0 249 242 11 77 139 115 181 164 142 235 176 252 218 173 171 113 2 14
    160 194 185 199 99 80 123 150 100 213 241 2 89 186 128 152 218 179
    217 211 183 203 150 125 234 20 36 112 48 125 222 164 102 44 169 54
    204 137 193 235 194 177 14 204 231 212 172 58 202 104 207 19 96 43
    60 174 248 166 245 210 235 219 39 61 0 174 1 97 132 141 168 125 169
    56 221 40 202 247 254 72 8 57 31 70 88 101 7 224 127 153 34 17 161
    190 53 180 34 120 14 197 241 134 36 122 151 71 2 82 222 209 96 114
    80 144 25 238 130 176 104 162 73 227 58 27 113 189 166 26 160 227
    252 182 29 229 31 16 172 117 110 34 195 0 201 180 29 249 133 4 71
    110 4 18 211 171 173 90 34 16 161 118 154 121 212 43 45 181 66 113
    206 42 63 145 203 0 140 160 34 177 148 208 169 114 92 201 124 134
    206 87 147 159 218 71 210 228 146 92 100 187 149 113 138 55 178 174
    183 182 139 135 101 207 142 59 198 17 20 243 213 91 35 171 132 150 7
    57 8 142 241 185 14 29 162 152 133 152 83 18 74 59 253 255 78 116
    205 70 214 104 111 95 252 106 55 49 190 48 25 43 190 64 81 171 131
    20 195 69 28 152 235 196 246 6 145 159 32 101 218 22 107 84 63 215
    187 231 156 106 241 3 126 215 195 192 35 254 208 95 229 233 251 189
    164 225 143 155 124 81 120 215 6 10 148 182 36 159 20 122 47 194 65
    121 79 247 156 242 75 240 203 7 0 134 157 225 253 186 136 188 190
    155 178 52 40 179 201 59 200 138 27 96 35 247 240 136 197 170 203
    159 99 50 69 100 62 31 130 150 14 15 168 84 16 83 200 34 82 51 250
    22 109 100 135 218 111 37 59 74 124 168 3 88 98 54 204 184 255 91
    121 216 100 203 69 194 164 200 232 83 199 249 110 73 229 255 68 90
    163 62 56 78 43 173 17 120 118 63 23 24 43 247 235 80 51 197 190 252
    207 13 188 227 217 250 183 129 61 72 111 7 219 194 21 176 204 242 78
    110 54 14 239 225 108 59 23 128 57 157 142 23 17 104 156 119 47 161
    97 83 106 155 179 169 146 73 15 86 29 89 138 117 118 208 116 113 117
    231 50 170 40 139 79 17 41 92 207 19 175 204 157 109 207 116 152 72
    157 159 93 124 229 157 106 182 185 55 46 135 255 43 198 198 157 147
    152 197 108 173 111 229 54 70 158 51 92 159 28 175 136 233 112 114
    123 205 255 4 26 80 179 70 246 58 58 6 176 166 44 218 187 134 142 85
    45 219 65 153 116 56 95 79 91 207 182 197 98 48 177 231 46 215 121
    42 233 54 248 43 250 204 117 25 14 8 8 89 245 38 144 57 203 23 83 67
    106 85 57 126 175 126 164 16 134 107 226 114 225 126 138 98 30 194
    64 9 75 192 137 156 127 138 44 102 180 186 89 236 176 89 21 164 67 3
    6 34 61 89 25 252 47 83 129 213 13 103 64 79 133 51 155 195 137 117
    145 123 33 91 136 118 193 212 131 57 60 100 221 0 37 18 243 168 93
    180 116 233 99 81 7 95 162 83 130 92 189 136 115 228 67 151 156 178
    229 78 162 135 30 144 104 0 5 13 186 126 179 214 237 242 106 57 66
    48 165 202 114 59 9 212 64 156 233 175 100 76 234 119 210 133 227
    161 66 27 154 34 215 21 202 52 30 219 205 255 123 0 90 201 178 88 7
    234 119 88 165 2 236 137 229 251 162 124 242 46 225 64 206 43 94 20
    11 150 58 205 235 98 197 84 89 80 207 107 173 195 70 178 82 19 142
    124 38 41 20 173 90 199 213 247 76 250 109 65 149 161 31 63 173 172
    214 13 127 235 242 226 108 180 59 216 239 85 194 107 120 41 83 220
    115 248 79 161 94 75 40 156 114 181 71 231 203 223 115 114 212 250
    77 227 224 95 52 146 222 49 171 107 1 189 97 76 34 70 144 171 7 124
    49 251 23 204 252 230 104 0 12 62 90 83 54 202 222 12 172 215 4 13
    107 244 102 33 87 215 127 249 111 16 18 150 238 48 82 94 185 155 58
    164 88 154 128 250 64 128 159 95 149 94 126 237 79 130 232 32 177
    221 55 179 26 128 98 193 220 141 147 9 192 236 74 52 242 207 4 81
    121 61 222 213 179 234 203 243 249 163 43 91 152 155 206 238 204 181
    14 29 239 69 168 23 81 154 156 217 121 57 171 152 242 160 182 93 85
    140 249 232 111 122 207 214 211 36 176 43 4 56 90 27 21 49 137 200
    222 53 8 106 144 131 63 101 218 8 158 203 196 63 109 209 229 204 156
    196 160 64 205 96 101 251 10 206 131 175 95 95 18 44 167 155 45 254
    124 95 207 209 48 205 5 250 148 107 216 204 182 246 237 125 214 101
    34 191 164 113 129 158 120 130 181 208 244 37 200 77 86 91 238 241
    121 250 56 182 118 99 120 237 198 213 232 79 150 88 197 123 43 208
    94 145 242 149 207 178 176 73 158 38 102 80 99 8 68 125 133 122 58
    122 134 36 222 219 154 41 78 194 32 210 63 19 246 105 12 225 82 221
    170 13 249 26 173 93 120 65 185 130 168 218 236 118 38 88 235 75 155
    9 245 238 188 26 13 231 101 75 214 179 117 232 111 43 236 115 115 52
    194 245 137 3 149 116 8 27 56 179 131 95 170 138 114 30 159 100 142
    168 130 235 32 143 206 38 206 218 171 130 140 236 167 30 72 56 52
    120 39 79 64 155 102 134 72 166 141 111 117 4 227 80 172 67 143 208
    50 28 136 34 116 221 196 38 180 234 92 166 2 23 73 182 172 224 145
    157 132 59 173 44 171 180 16 219 64 17 237 77 98 217 28 204 7 88 224
    219 237 161 117 144 207 192 193 104 202 78 40 140 226 212 86 137 76
    119 63 205 179 44 127 16 150 69 86 2 216 2 49 244 251 203 111 115 23
    250 208 5 174 140 122 78 192 171 166 169 77 28 72 165 10 90 57 139
    127 42 204 22 42 206 171 220 223 185 225 145 21 147 144 153 223 168
    40 0 48 234 175 230 137 35 103 44 194 231 47 245 144 252 75 62 201
    171 214 102 83 122 177 67 70 77 99 45 26 200 161 66 223 78 29 197 38
    139 35 186 92 84 178 209 39 101 187 190 66 182 97 99 122 104 127 46
    211 134 198 92 204 205 232 40 84 57 217 63 196 97 255 34 90 220 238
    77 157 122 161 246 135 50 239 164 53 174 68 24 178 220 8 89 2 0 8
    191 128 103 37 213 225 151 59 252 184 244 31 13 146 230 194 76 184
    172 111 153 54 184 223 57 70 65 14 1 163 173 37 166 132 227 193 179
    234 146 40 127 206 145 76 46 141 38 97 88 131 172 76 71 144 101 166
    33 51 150 90 109 89 30 206 204 148 111 187 207 35 251 126 53 244 91
    34 177 196 53 211 105 184 10 12 151 49 99 132 216 178 227 15 27 100
    151 112 126 222 173 203 182 244 5 112 60 207 42 252 54 206 53 244
    245 216 170 92 15 208 174 89 169 97 215 48 224 185 188 74 66 161 189
    212 0 40 124 140 48 241 157 38 136 11 124 249 197 156 56 115 233 63
    63 195 123 249 65 248 209 237 168 128 33 127 189 73 6 60 115 231 141
    127 178 119 142 115 112 144 89 252 24 149 249 249 135 90 5 46 215
    107 216 223 56 240 177 110 132 31 178 89 124 16 249 111 233 92 153
    54 175 189 215 114 181 44 203 85 89 45 34 180 250 65 248 244 203 247
    105 174 182 86 121 91 183 156 49 207 102 22 72 121 43 175 127 185 10
    86 235 216 69 218 206 11 226 230 209 213 192 186 141 83 139 212 89
    215 140 11 239 109 202 239 21 5 112 71 231 203 9 157 39 129 91 39 56
    128 102 21 13 14 137 109 57 44 189 105 241 169 188 205 183 71 239
    175 205 71 159 29 111 114 11 175 141 8 190 17 231 74 44 139 240 190
    191 216 173 163 89 162 197 183 142 179 32 102 142 227 221 20 13 197
    165 146 161 216 28 0 182 159 186 254 28 152 243 188 73 162 62 27 66
    86 102 168 191 80 4 108 91 218 178 109 161 165 145 192 70 40 189 253
    135 107 237 131 1 123 34 44 173 219 23 204 122 208 65 5 104 248 32
    236 65 251 10 224 165 91 145 177 58 128 251 100 132 56 224 158 86
    230 5 21 193 206 136 179 67 162 46 217 8 60 40 9 1 100 92 67 164 137
    104 249 20 251 253 43 86 145 203 11 30 223 250 109 160 113 231 83
    174 147 1 41 74 11 91 111 53 189 229 45 126 168 43 247 130 59 97 61
    172 23 125 132 11 213 227 59 103 144 120 8 166 3 250 127 82 59 62
    109 198 234 166 218 199 19 249 23 225 145 97 188 133 240 215 12 104
    254 218 193 45 135 252 170 26 213 50 238 67 90 154 61 185 168 104 30
    125 234 153 162 218 106 241 201 117 216 19 89 159 147 26 136 64 137
    162 74 180 142 40 16 222 30 113 23 38 89 168 97 75 145 34 194 128
    242 177 187 93 135 124 143 246 28 28 225 230 109 250 165 12 54 45 10
    199 115 146 111 50 204 85 78 81 208 208 89 102 249 156 74 237 182
    198 37 92 87 46 55 82 217 221 215 149 193 101 90 117 140 213 174 30
    177 28 170 110 175 137 13 193 78 64 39 156 114 151 205 101 210 176
    19 200 229 125 140 196 125 23 140 151 117 6 234 182 110 188 99 39
    233 230 53 188 109 127 240 227 7 243 1 147 22 159 209 242 165 2 174
    145 22 27 228 101 155 53 17 185 217 61 90 158 61 212 78 57 197 130
    185 165 223 216 222 116 41 117 40 198 192 64 79 97 158 9 139 34 13
    89 101 234 103 192 23 253 233 144 250 22 65 113 152 34 122 252 7 59
    97 73 133 216 45 187 178 64 105 114 103 31 114 61 221 89 229 121 233
    190 174 229 193 237 50 182 88 20 40 41 201 70 197 13 89 131 116 31
    237 17 154 225 87 3 199 132 245 227 62 27 39 82 169 84 96 246 102
    227 193 189 5 167 135 25 158 69 33 31 60 142 220 95 4 179 146 72 79
    240 230 219 175 5 197 215 138 17 52 98 220 87 3 203 100 68 122 87 98
    217 178 44 4 127 255 172 13 214 109 221 91 188 6 13 157 199 56 118
    77 67 174 215 23 175 108 107 108 244 195 105 37 51 237 23 95 83 182
    126 227 180 241 24 134 218 33 89 154 175 254 65 134 71 48 207 142
    174 132 109 223 205 139 228 213 238 39 26 149 185 246 114 35 8 112 4
    88 85 158 215 155 254 37 236 28 169 45 140 116 182 17 197 211 237
    186 90 152 215 76 131 111 193 195 126 230 110 23 73 151 77 84 128 96
    57 86 68 79 207 159 158 83 25 31 206 196 45 65 81 150 191 91 76 172
    192 97 59 112 212 179 115 14 3 83 17 93 100 17 136 185 151 45 230 95
    2 238 177 246 253 204 122 81 174 76 142 37 32 108 11 61 21 192 141
    141 254 205 46 49 166 164 67 80 150 37 220 207 15 225 225 30 151 83
    29 67 118 32 148 238 196 237 117 40 219 167 36 122 145 130 121 144
    140 237 93 178 192 231 21 236 190 117 177 102 168 192 40 146 7 214 5
    5 124 188 115 117 144 54 204 223 35 5 105 22 16 251 184 129 30 72
    252 248 24 189 235 150 54 183 175 201 178 199 90 205 181 204 39 121
    80 200 101 159 26 81 157 215 200 74 122 2 131 13 0 92 158 69 222 218
    221 166 179 12 115 128 44 245 68 172 7 218 228 215 102 174 7 6 11
    106 51 193 154 84 146 52 36 129 174 97 183 189 152 39 253 106 23 244
    147 202 242 41 149 226 178 182 11 16 245 147 162 105 166 216 107 208
    177 79 72 96 247 164 79 152 229 218 14 254 71 250 72 245 197 135 121
    35 2 235 150 145 61 120 171 244 130 137 99 26 106 86 81 58 15 84 69
    201 224 81 117 28 28 210 139 100 75 188 51 240 199 180 203 195 215
    156 196 154 104 23 28 179 67 236 210 244 127 179 199 219 118 19 225
    241 171 69 123 108 128 200 100 160 204 156 43 254 14 93 20 157 130
    59 179 111 2 56 84 218 12 64 194 61 235 201 6 191 236 60 18 171 102
    133 151 19 173 174 127 166 219 92 28 137 155 60 94 246 8 188 56 168
    135 187 206 119 121 37 242 49 159 49 232 124 109 95 210 26 203 190
    17 244 133 101 113 27 209 5 25 173 9 179 69 113 28 147 7 208 130 36
    235 207 239 139 6 196 2 43 207 241 22 85 78 211 14 102 221 182 0 155
    119 61 25 208 240 125 89 226 163 181 14 187 246 222 108 117 143 104
    104 148 205 237 146 225 104 117 16 79 220 254 97 243 248 141 50 140
    219 165 235 34 197 219 48 255 222 178 61 236 82 91 173 34 16 139 90
    51 44 37 225 223 149 229 203 199 217 33 132 88 92 60 102 220 37 219
    207 117 88 123 178 151 119 97 146 255 191 74 204 110 199 222 184 185
    83 0 202 197 103 48 138 8 146 98 67 55 232 75 246 241 131 165 168 86
    223 162 119 40 21 111 146 73 179 96 22 86 26 19 170 127 129 203 232
    248 201 52 86 72 149 241 157 208 40 123 104 76 44 241 217 60 77 146
    179 236 209 176 140 132 168 76 215 118 194 19 239 4 205 202 246 229
    228 6 77 241 17 118 200 167 166 141 170 131 27 120 254 103 48 245
    181 174 21 104 149 108 183 183 172 163 193 145 31 23 87 45 208 145
    80 185 127 186 176 243 188 85 251 125 200 152 140 67 118 252 245 213
    89 108 200 46 92 237 28 7 251 151 237 45 158 201 184 66 164 132 155
    235 2 35 110 29 255 34 206 47 94 246 224 86 204 129 141 67 156 103
    44 66 203 47 179 162 212 197 155 81 159 149 136 26 196 113 118 4 123
    32 150 243 227 174 5 189 131 93 237 114 17 159 248 234 33 49 219 95
    121 182 137 117 89 255 172 85 156 231 98 192 46 46 231 53 240 10 197
    41 220 138 66 58 215 186 241 118 213 84 26 156 211 79 152 243 75 224
    30 15 252 161 158 78 148 111 132 118 40 188 251 249 24 118 94 158
    224 168 173 249 171 241 201 17 156 159 139 221 202 153 209 30 149 61
    53 162 79 181 114 138 153 95 85 136 105 78 54 156 119 33 125 162 104
    157 152 216 35 210 254 148 53 56 222 205 254 112 241 183 180 227 68
    52 19 242 106 202 129 123 39 113 45 111 86 209 229 2 44 252 231 60
    49 56 56 201 219 245 11 33 172 148 144 86 159 23 132 161 78 232 93
    144 236 49 83 76 58 239 160 156 161 68 22 180 61 161 234 24 5 13 42
    42 199 232 17 13 12 58 148 169 111 126 221 231 166 114 78 0 46 168
    24 65 74 110 158 7 17 238 44 164 113 61 100 223 156 70 176 179 181
    129 53 137 95 82 10 255 157 195 176 198 35 129 129 81 61 4 73 180
    227 100 138 185 176 25 28 47 115 19 68 59 133 30 42 3 184 63 166 253
    87 59 124 36 43 210 45 80 219 56 7 94 115 39 234 234 185 74 226 50
    243 118 16 255 65 112 201 51 128 160 157 123 91 188 241 122 167 219
    140 67 12 201 195 105 14 173 218 51 105 7 121 36 160 147 183 247 82
    235 0 35 58 20 111 2 1 199 96 89 233 94 88 222 71 178 42 70 124 21
    178 191 52 135 210 8 213 95 50 34 134 63 0 199 178 145 182 113 138
    10 65 23 117 204 216 197 200 255 224 80 198 88 199 157 47 8 70 56
    239 173 119 108 69 255 82 17 156 115 31 217 131 137 32 73 218 66 60
    2 8 139 196 78 197 116 148 14 57 166 209 219 133 246 162 215 219 150
    151 201 230 216 66 152 108 47 148 192 178 19 91 179 221 215 185 61
    132 137 12 45 228 188 2 143 163 217 242 44 91 153 113 173 139 146
    185 197 12 121 81 221 152 25 175 80 224 129 194 64 218 77 48 4 65
    207 112 111 119 16 157 247 76 138 218 42 94 66 214 200 2 68 185 66
    204 184 200 175 66 27 54 216 0 144 91 174 94 147 237 121 41 251 122
    160 0 2 66 209 169 243 248 204 189 161 118 193 254 84 117 27 166 95
    144 40 82 101 27 223 21 147 196 213 7 166 19 193 214 141 253 150 187
    35 166 230 133 186 190 199 237 198 249 45 42 166 180 177 155 22 60
    142 59 212 142 47 5 137 25 4 88 109 85 199 11 14 65 255 126 234 249
    254 73 28 250 87 42 147 237 205 161 17 215 39 253 22 136 208 77 243
    25 173 113 192 68 14 120 55 198 160 142 181 143 227 66 214 172 80
    221 116 133 132 241 112 6 242 188 181 190 181 249 247 176 157 7 187
    83 135 14 127 60 18 177 255 43 115 241 142 215 249 127 236 176 51 36
    9 230 157 13 121 129 114 15 179 47 134 4 147 214 183 69 185 87 185
    11 79 83 76 52 55 66 2 163 222 190 241 3 112 219 245 74 76 13 218
    133 13 165 13 188 213 218 91 87 83 179 253 215 163 183 101 106 21
    118 141 104 234 157 136 152 203 150 96 188 138 130 245 13 31 174 180
    3 126 21 143 243 127 132 128 54 56 53 178 99 66 187 44 93 143 41 21
    86 12 84 113 168 61 189 91 10 220 121 30 47 129 70 128 199 209 212
    182 229 54 205 85 70 36 229 193 156 136 104 64 163 167 83 107 90 204
    170 242 5 103 236 105 19 129 159 172 179 161 137 255 17 205 90 15 11
    48 213 157 96 229 128 37 209 176 106 91 154 226 88 244 237 101 166
    55 47 62 48 32 15 149 118 245 38 84 46 200 7 163 187 47 164 133 55
    22 252 59 127 72 145 21 186 1 34 32 152 20 175 25 105 124 94 38 19
    111 140 120 92 184 82 231 100 172 16 250 90 209 62 100 94 13 14 221
    185 140 15 205 39 99 234 181 2 203 242 180 49 207 227 139 85 13 141
    180 56 184 60 193 170 51 122 76 206 109 249 96 194 69 16 31 218 100
    100 250 29 179 177 186 104 119 39 34 138 65 90 112 254 157 243 60 23
    167 18 246 124 132 28 117 128 32 124 67 172 100 123 20 220 103 133
    44 105 190 96 23 197 77 109 18 2 187 126 15 114 135 161 164 204 251
    196 185 159 248 234 165 124 6 153 68 182 234 228 52 151 199 4 237 18
    13 211 180 237 201 145 59 209 196 116 173 180 126 223 15 138 160 58
    67 71 20 186 141 187 176 198 133 146 147 143 63 144 212 84 68 130
    209 150 134 79 142 42 86 59 138 166 226 249 198 9 194 78 133 100 103
    71 227 213 3 167 80 251 247 209 226 210 132 20 140 219 247 203 99
    120 239 140 117 154 16 107 167 41 215 125 169 205 110 143 150 252
    122 66 218 186 124 44 50 53 63 101 223 66 124 24 248 38 198 225 133
    222 149 97 14 253 146 58 192 165 173 86 123 159 238 140 164 122 81
    132 38 70 162 68 137 33 33 3 204 124 136 42 210 162 212 202 36 83 50
    210 239 97 170 198 149 12 45 20 124 92 241 102 237 51 70 82 19 253
    248 31 39 157 13 137 85 88 232 49 239 113 14 103 101 81 214 94 190
    191 163 217 180 17 69 111 71 210 227 156 248 33 151 46 40 200 53 120
    176 59 135 173 132 66 63 184 100 158 243 143 49 195 11 99 0 57 152
    119 78 37 9 241 254 178 243 37 144 194 251 191 174 196 80 98 130 102
    52 196 134 221 4 119 87 209 24 154 62 1 192 221 241 56 171 221 168
    85 13 50 159 18 242 199 214 134 82 58 83 10 236 113 189 227 49 230
    139 219 0 219 98 168 93 113 115 136 67 218 133 154 163 14 113 239
    135 137 8 43 233 99 238 131 21 239 4 208 80 17 193 182 109 230 164
    89 63 112 152 67 243 176 203 149 229 75 188 212 113 240 81 55 148 45
    73 75 71 23 141 10 16 230 253 196 250 119 14 10 85 27 131 114 0 114
    92 72 11 209 189 16 157 228 33 111 213 172 154 221 31 121 16 197 112
    110 1 191 1 97 108 112 70 219 54 222 223 118 47 24 154 11 48 109 54
    250 182 250 105 60 20 219 132 77 29 235 106 236 12 76 104 212 2 186
    177 221 151 171 87 232 153 41 236 83 171 64 69 241 144 55 45 24 168
    175 167 132 223 158 68 25 119 188 162 39 56 29 7 61 37 67 203 185 28
    239 48 118 10 21 112 54 204 91 150 200 254 136 93 103 116 231 166
    190 64 27 207 183 141 181 65 179 252 195 183 97 62 38 208 234 79 176
    239 130 51 57 176 157 111 147 134 73 31 114 128 83 154 5 20 84 124
    225 209 232 185 249 113 49 99 68 82 144 247 156 248 95 250 20 38 89
    35 27 48 236 140 143 111 192 248 212 91 129 167 242 149 244 123 13
    60 135 102 234 1 232 36 67 246 207 181 216 108 162 44 133 67 230 71
    225 120 30 124 174 154 7 159 106 149 75 64 98 146 8 205 12 194 104
    135 181 74 233 244 56 237 218 6 185 144 144 124 144 250 201 161 151
    93 4 16 238 198 105 61 60 1 42 226 216 237 111 189 119 131 210 82
    229 125 12 255 38 235 215 238 48 34 12 122 55 53 30 71 121 82 165 76
    58 227 23 182 127 112 103 191 105 188 96 226 150 144 22 16 197 107
    59 27 139 60 20 120 253 108 209 44 248 110 8 28 38 56 188 21 232 255
    153 95 47 111 38 25 161 96 197 25 48 127 22 46 7 31 222 101 218 31
    23 120 165 243 166 11 116 118 205 70 40 27 174 202 68 26 206 242 56
    44 124 75 74 42 47 5 126 64 155 210 128 56 10 56 41 65 250 215 136
    45 104 46 148 72 149 223 123 123 82 224 89 94 14 13 47 141 122 90
    211 215 156 64 45 39 65 10 111 223 108 19 74 79 235 106 166 254 230
    114 145 146 8 180 167 6 31 82 69 185 118 78 140 79 230 185 133 176
    76 211 218 120 66 230 35 163 225 109 226 80 205 121 232 89 120 106
    17 74 173 9 146 107 215 125 216 238 83 43 88 181 212 167 60 39 28
    219 75 90 201 220 162 14 183 50 197 242 198 37 139 143 80 49 48 114
    127 52 214 70 197 31 167 252 171 121 252 109 84 87 255 124 213 182
    18 233 29 211 16 39 7 77 115 246 11 176 229 25 197 217 190 191 200
    156 67 212 236 212 109 127 220 163 139 71 49 110 136 186 178 62 97
    231 112 163 187 55 143 49 120 86 168 207 24 204 154 237 119 191 63
    104 98 74 58 6 85 95 64 108 34 155 86 243 102 95 183 133 185 82 32
    89 129 134 114 16 157 133 169 86 251 243 224 250 124 71 242 81 158
    201 231 143 192 249 94 63 136 46 23 54 38 28 210 132 49 165 229 98
    70 213 181 75 138 91 181 242 9 215 220 29 143 170 91 32 206 75 176
    84 90 112 70 211 25 243 120 166 227 182 195 30 138 81 170 110 161
    196 250 14 2 87 197 86 18 208 95 28 32 191 199 33 96 175 26 181 32
    216 62 174 198 130 135 251 251 179 143 226 38 167 229 210 219 136
    169 218 150 187 243 188 193 182 4 241 88 173 149 229 226 11 66 172
    105 181 108 0 131 83 72 18 199 86 197 36 140 240 247 244 82 208 209
    105 5 178 124 231 148 88 143 81 123 207 192 171 114 187 32 204 88
    184 95 217 13 124 161 229 190 108 69 93 45 5 51 47 70 244 131 203
    144 185 157 21 121 40 182 198 171 133 129 119 151 4 135 15 128 163
    24 175 174 135 191 169 253 207 144 80 33 138 245 17 150 100 65 236
    11 64 200 166 93 154 101 68 123 72 72 173 207 194 114 249 32 151 203
    64 184 55 42 102 195 154 79 134 130 166 4 105 142 38 207 82 160 237
    200 202 157 86 107 106 59 245 247 215 204 186 60 60 28 223 61 64 78
    74 0 178 67 233 60 40 137 96 175 28 226 184 234 145 154 158 25 4 86
    68 187 214 229 194 225 243 77 193 197 115 185 107 236 21 242 253 175
    115 121 247 228 151 205 152 155 9 220 170 233 81 161 221 168 197 0
    145 91 216 186 49 83 75 249 37 15 92 132 5 153 77 73 187 221 201 223
    255 76 188 206 4 151 229 184 17 13 212 212 254 71 209 179 26 41 232
    138 212 236 187 48 249 136 204 194 65 195 126 209 237 35 91 246 167
    186 237 24 17 42 118 142 162 176 61 45 70 75 187 145 136 249 133 161
    180 221 132 212 57 13 219 58 235 228 199 73 171 153 61 102 46 12 118
    145 96 65 201 71 224 13 211 69 98 232 88 8 57 185 42 25 117 121 107
    86 65 156 93 68 21 193 225 158 173 70 243 160 212 179 122 244 226
    136 149 61 209 37 120 200 101 105 120 77 180 52 183 33 189 127 245
    205 145 232 49 164 129 251 74 50 37 183 40 114 0 142 74 79 155 65
    135 78 164 92 176 249 160 131 57 237 254 176 166 216 93 152 129 113
    239 10 246 245 190 128 185 104 184 194 77 129 19 102 44 176 137 174
    69 17 82 110 197 245 29 205 77 154 172 87 211 157 68 132 30 174 168
    71 31 160 145 113 31 101 186 117 26 34 37 7 101 27 51 170 226 222 95
    6 202 193 153 193 222 35 215 108 36 36 165 18 53 179 212 197 239 23
    188 127 210 101 66 230 24 8 132 166 255 238 122 173 183 21 116 203
    11 170 49 31 191 186 178 178 123 254 115 52 213 229 127 93 176 180
    40 55 44 44 114 55 30 213 219 5 131 66 39 246 240 171 44 24 179 130
    255 246 231 150 4 31 19 233 230 214 15 148 232 146 87 125 109 118
    231 57 158 166 53 252 66 45 144 226 195 182 242 162 152 81 217 247
    194 113 118 171 253 92 180 95 146 171 137 29 51 150 118 106 130 69
    233 127 244 58 57 167 194 80 30 8 120 6 81 124 134 9 18 16 137 119
    234 58 60 26 175 43 163 244 225 57 198 9 232 234 185 45 179 88 173
    71 0 30 119 62 81 217 194 40 181 172 40 33 81 152 114 6 80 227 119
    165 96 109 135 74 122 130 171 211 226 236 115 44 83 54 3 154 115 135
    170 51 126 2 177 73 24 209 252 51 108 44 26 201 27 74 49 187 84 124
    61 135 159 112 173 189 27 240 153 189 56 206 113 230 6 201 213 186
    43 123 8 33 81 206 184 62 90 199 248 72 33 39 200 138 221 92 213 178
    124 90 54 248 127 118 12 201 5 219 66 206 214 87 128 106 201 6 169
    128 187 178 247 46 64 230 147 64 198 84 29 143 43 38 71 218 99 248
    230 161 204 245 27 129 18 85 89 149 166 86 4 62 169 25 91 205 154
    234 53 133 189 209 221 192 117 127 118 135 245 221 188 142 157 192
    221 23 219 139 51 185 244 226 34 213 89 4 197 190 97 40 246 188 74
    47 24 52 177 183 174 109 213 243 239 184 179 79 114 200 205 148 172
    193 229 117 28 71 127 78 222 95 176 91 64 85 183 189 63 165 202 162
    143 101 75 36 133 227 69 183 45 89 164 40 69 248 179 96 65 168 110
    120 192 255 40 61 82 66 138 163 182 41 137 216 166 113 221 178 107
    32 110 57 249 116 158 36 116 196 100 238 2 27 247 35 107 121 195 115
    18 105 204 201 55 24 78 170 79 52 163 219 166 106 49 190 75 217 2
    110 253 116 8 64 166 104 131 18 172 84 140 89 153 181 129 76 46 97
    200 101 61 47 235 59 55 193 42 101 248 124 7 139 134 65 193 182 237
    14 175 86 255 179 39 11 10 178 248 113 217 11 216 43 63 134 241 211
    17 194 94 234 37 156 117 212 112 60 91 240 199 54 134 217 195 254
    121 146 222 61 54 83 42 184 183 17 30 150 108 16 166 212 219 180 252
    194 153 72 234 207 206 23 246 139 120 9 34 216 117 213 62 183 188 18
    98 38 125 173 9 219 4 161 115 59 88 114 44 94 225 59 67 123 238 185
    121 224 137 244 193 160 69 9 137 8 132 190 206 15 42 91 131 92 50 0
    13 152 98 128 153 205 10 40 53 128 20 11 101 226 64 104 122 129 175
    195 98 232 11 246 39 115 53 21 196 9 208 140 146 53 180 79 214 244
    59 245 112 162 250 161 48 118 250 167 149 22 96 158 240 186 11 226
    43 106 100 120 29 28 195 44 70 102 96 171 77 41 243 31 28 54 155 176
    78 106 220 123 252 103 44 120 253 181 18 13 10 185 231 20 91 117 191
    179 236 110 135 45 144 148 145 193 6 247 185 23 222 237 249 45 236
    43 100 35 242 123 143 186 88 59 105 217 254 138 160 191 107 110 91
    169 121 170 109 135 183 245 54 131 173 35 136 164 21 7 238 241 137 5
    193 53 99 176 255 189 135 121 176 209 147 178 91 216 6 180 39 15 128
    193 115 225 8 70 140 63 121 202 39 145 173 83 65 88 218 168 62 114
    204 9 250 196 41 67 139 219 212 121 131 108 141 3 81 69 222 230 118
    234 221 131 198 71 65 219 127 1 232 200 97 179 130 204 15 5 43 104
    165 64 165 65 60 205 18 158 8 144 134 83 234 18 54 24 26 69 2 132 3
    34 176 81 176 95 200 20 198 167 91 168 200 97 87 51 8 164 180 63 104
    221 62 168 17 163 114 92 182 128 223 45 15 91 241 143 6 60 209 18
    136 30 114 199 59 36 251 65 32 43 191 134 174 176 0 14 192 191 214
    93 63 224 94 244 94 101 237 206 204 186 147 210 165 102 223 187 58
    18 58 162 93 20 198 45 88 47 208 27 159 26 124 171 17 24 62 97 86 51
    53 218 147 126 100 105 252 91 166 92 248 126 73 29 149 247 216 105
    61 190 73 108 146 106 26 15 10 224 46 225 249 242 147 205 106 243 97
    28 119 186 101 91 139 56 228 47 118 36 158 11 20 1 194 19 132 218 46
    123 150 106 250 167 187 15 94 105 44 29 171 39 223 93 248 236 109
    126 89 150 254 94 1 22 151 220 23 102 198 201 188 221 204 216 33 134
    174 38 99 37 11 205 184 100 196 146 121 168 188 126 105 248 158 36
    197 115 3 61 162 198 229 48 239 219 210 209 57 184 133 148 90 118
    246 220 89 190 145 209 68 83 122 114 0 161 239 239 14 35 162 24 80
    85 1 195 132 112 158 184 146 4 73 201 30 215 147 92 113 148 137 141
    2 164 92 21 127 129 201 126 232 52 235 219 38 99 176 204 179 224 215
    64 164 142 222 126 76 46 24 63 1 55 148 80 64 149 125 53 111 29 131
    176 133 250 176 147 67 241 176 95 0 90 235 0 74 159 202 143 90 16
    158 221 81 86 21 138 164 177 13 50 179 56 126 93 209 24 114 3 83 56
    38 48 178 174 10 241 140 155 120 40 150 63 15 10 227 89 88 103 28
    143 212 68 229 152 192 159 133 125 192 115 131 120 180 76 222 128 35
    202 129 181 60 177 209 107 83 205 129 187 65 244 115 221 238 217 207
    71 33 183 182 55 88 13 183 36 93 90 254 247 207 234 94 133 41 8 240
    43 8 38 244 197 73 253 209 108 92 168 19 66 190 134 10 39 236 36 90
    17 114 146 188 101 30 110 225 112 206 197 109 34 223 185 240 118 171
    93 140 164 255 112 32 222 231 191 72 175 104 65 77 212 175 166 225
    173 88 152 54 105 183 162 81 159 223 16 45 132 17 110 168 96 60 66
    128 247 208 227 30 15 155 222 127 9 52 78 227 208 210 99 33 184 182
    8 38 230 67 169 50 218 116 90 26 140 99 127 37 32 47 123 243 138 232
    69 227 141 18 186 191 233 63 136 119 10 85 76 136 20 199 61 233 173
    52 126 226 13 143 13 24 57 245 174 214 115 182 4 180 41 63 57 249 39
    118 81 209 55 221 37 123 163 167 138 247 161 193 198 234 147 112 79
    151 16 236 122 161 197 212 193 2 27 143 236 225 241 124 230 176 170
    47 182 29 215 176 237 179 231 230 100 220 112 42 144 234 40 74 83
    177 230 26 60 6 237 150 78 151 133 81 206 15 72 55 10 226 172 201
    210 49 60 66 191 146 221 83 42 79 163 91 198 191 167 56 17 245 77
    112 165 174 240 134 124 245 114 152 119 29 203 117 187 72 114 66 104
    23 214 74 90 76 113 122 212 183 171 219 127 61 180 16 74 66 24 90 73
    243 253 246 228 138 85 201 163 196 172 239 220 111 36 60 84 41 61 0
    226 73 93 111 2 152 16 140 177 168 234 167 113 203 200 209 139 140
    40 4 23 181 146 225 163 71 116 104 43 207 25 112 27 59 255 100 120
    130 45 198 212 195 179 20 139 202 25 165 99 240 157 0 77 138 152 202
    253 85 253 136 199 34 223 87 107 167 250 148 199 214 19 241 71 14 70
    74 253 236 129 51 177 90 2 244 101 156 171 108 200 221 168 221 152
    41 246 179 25 225 13 141 121 125 65 44 199 16 164 175 144 3 201 98
    52 65 253 162 43 217 178 25 58 207 154 226 154 37 97 0 136 26 250
    225 203 213 221 211 154 24 111 48 176 224 51 230 201 116 50 8 88 140
    212 41 42 108 46 166 22 187 138 232 91 239 84 183 230 131 198 242
    176 197 36 56 110 53 159 123 148 38 101 82 140 149 43 172 156 95 227
    81 77 234 51 111 68 121 254 251 110 220 103 100 227 16 188 217 208
    235 26 173 0 192 146 135 10 113 216 243 244 3 25 63 164 145 3 105
    206 247 1 112 164 205 111 20 73 24 222 240 124 140 217 17 54 60 234
    111 166 103 8 39 193 222 201 132 30 37 96 48 4 126 66 197 125 150 57
    125 163 121 126 9 198 148 134 152 94 65 185 118 236 11 142 1 17 152
    93 0 198 129 39 27 57 102 207 22 44 8 254 146 156 230 7 180 100 211
    107 133 231 40 38 125 246 107 137 255 10 78 4 123 168 80 155 84 209
    191 228 110 65 186 151 201 142 120 124 198 79 134 234 225 75 134 4
    219 40 98 164 221 129 234 155 246 84 44 116 114 60 82 126 157 40 76
    125 204 62 208 233 135 37 32 56 208 77 185 134 27 132 241 200 40 121
    207 108 183 236 168 207 172 242 176 98 242 14 117 106 69 6 156 234
    42 176 187 74 224 92 76 110 131 148 126 250 141 191 146 155 112 168
    106 130 62 147 186 225 76 88 244 194 218 121 73 81 156 11 177 128
    171 22 159 200 72 100 219 20 138 141 157 216 153 152 19 253 170 100
    124 14 52 82 9 23 197 105 255 41 137 12 179 95 235 76 72 241 104 8
    52 85 183 84 218 46 16 149 242 182 140 30 126 81 89 162 153 202 162
    29 182 206 202 205 231 127 99 195 204 192 193 37 244 48 205 54 152
    81 155 14 15 81 43 44 129 12 229 2 80 70 92 231 185 74 74 137 142 35
    174 147 85 68 161 241 192 205 217 133 221 87 163 1 87 9 139 116 89
    167 10 232 211 128 12 7 193 103 63 25 37 140 238 8 84 117 26 7 53 95
    189 202 253 154 37 244 38 140 68 21 87 13 251 144 68 214 255 100 115
    197 45 9 25 9 99 112 18 163 112 46 94 25 224 93 85 245 186 207 92
    203 32 125 162 18 1 135 208 32 116 175 171 47 84 217 236 238 241 24
    50 247 171 199 153 138 206 170 3 157 241 160 75 172 135 234 194 165
    116 75 156 0 212 172 146 9 20 76 84 1 2 43 235 200 9 114 153 81 158
    128 36 18 250 250 44 217 93 86 238 229 218 175 49 82 202 254 143 194
    70 142 146 252 68 76 164 26 68 202 145 45 72 245 123 233 67 241 154
    87 17 59 65 129 105 172 134 156 97 137 29 213 130 25 240 29 226 166
    229 10 54 237 39 91 130 82 38 187 247 190 202 183 105 113 9 146 25
    244 74 174 170 130 23 163 252 156 76 247 78 190 222 169 167 12 77 27
    107 235 185 102 246 249 27 155 42 113 233 23 175 43 161 85 42 115
    113 11 192 19 87 172 105 194 98 79 86 58 0 130 182 221 182 34 249
    115 188 112 241 145 38 44 193 96 147 115 126 182 123 116 162 62 125
    205 160 200 239 64 63 236 151 106 243 245 196 84 251 37 249 208 85
    88 100 86 70 109 164 13 109 240 174 38 220 53 221 249 133 59 31 213
    121 236 67 215 134 14 140 229 80 125 207 84 120 89 217 194 245 231
    220 64 29 156 146 32 77 96 34 186 236 161 30 251 250 250 99 213 81
    86 0 231 117 99 65 172 164 167 208 181 125 247 96 147 249 40 145 241
    92 82 181 110 119 59 211 192 227 104 227 141 14 66 75 239 3 110 133
    206 52 157 138 141 87 165 69 250 143 110 83 55 185 14 230 28 69 164
    219 37 193 31 28 204 95 7 150 198 91 207 4 101 114 205 87 190 152
    200 228 196 53 206 126 128 223 239 171 228 100 68 246 248 15 135 108
    136 195 74 149 2 242 62 6 168 158 79 165 234 176 221 16 99 119 247
    61 86 227 141 120 227 54 182 18 168 59 28 17 209 115 169 22 134 239
    110 115 230 241 233 64 251 113 57 201 212 57 10 135 175 183 16 153
    158 49 180 176 114 34 138 112 58 191 31 102 43 149 152 240 64 127 66
    40 163 27 222 131 149 128 132 231 68 118 113 197 101 154 104 114 211
    228 28 130 209 50 125 104 73 4 38 247 80 142 110 134 63 133 180 118
    139 244 113 199 220 147 86 37 179 161 27 53 252 167 222 25 214 238
    44 200 229 48 222 97 209 143 14 98 19 236 133 177 149 244 73 153 39
    222 73 203 247 91 10 138 175 1 227 20 226 244 113 18 104 12 6 18 121
    170 131 234 52 198 82 81 78 120 23 58 228 47 127 210 179 41 238 73
    31 47 154 116 210 218 144 22 232 254 7 161 108 151 221 242 108 76
    242 173 102 141 27 217 241 195 137 103 43 77 255 212 117 189 204 22
    143 181 154 215 84 97 142 140 166 139 242 177 48 98 161 117 177 108
    165 87 66 41 31 15 126 23 104 16 105 147 210 203 210 67 251 115 174
    82 95 153 52 166 252 51 236 235 170 151 132 27 103 231 113 65 58 34
    248 111 201 80 170 48 100 253 239 201 232 156 42 29 184 86 66 191
    246 11 177 211 239 56 140 183 100 148 151 189 148 193 231 28 48 149
    47 124 159 15 101 147 125 241 138 47 233 43 130 171 161 49 130 190
    54 197 54 159 238 225 110 247 107 88 170 79 16 132 30 87 6 24 116
    129 98 100 200 1 193 86 76 178 202 152 193 207 178 47 66 242 252 175
    76 5 16 110 253 54 9 23 138 194 157 129 215 152 177 184 211 9 165 71
    119 194 69 37 128 60 176 215 249 171 236 155 38 37 47 249 166 7 195
    130 122 221 16 43 195 36 34 100 252 216 76 59 153 204 7 240 8 74 149
    47 76 249 48 120 214 136 42 202 106 78 203 201 97 81 101 65 219 155
    251 126 160 31 105 5 72 76 217 32 106 0 244 219 56 166 161 221 186
    252 170 40 209 70 27 239 206 77 82 240 221 84 221 212 60 4 229 203
    96 125 196 128 24 94 129 164 145 48 55 89 76 7 37 223 29 59 124 203
    164 165 60 122 248 159 27 163 94 44 130 34 139 59 139 73 204 186 34
    40 94 71 29 223 180 184 203 208 176 110 10 157 184 112 255 178 189
    140 34 92 177 93 221 93 103 100 200 37 148 113 6 209 250 39 60 32 63
    61 7 87 119 3 187 108 110 183 82 8 190 203 172 109 178 160 94 87 72
    170 255 103 147 204 71 235 218 67 241 25 100 196 119 23 13 126 100
    137 80 201 160 238 30 44 13 16 21 44 92 139 3 148 97 87 107 189 237
    1 99 241 154 157 158 128 162 100 30 64 205 21 178 114 200 114 3 141
    33 191 246 69 227 123 106 177 208 251 198 196 251 91 98 199 216 37 0
    93 227 169 36 2 140 151 45 84 230 27 235 216 148 11 52 100 150 40 72
    22 167 210 152 116 56 59 35 92 249 226 31 125 105 26 165 164 60 130
    214 248 65 0 43 121 195 144 19 86 83 185 59 235 152 154 229 159 44
    236 68 57 217 66 232 61 99 122 220 31 188 101 86 196 125 39 225 92
    168 49 56 65 41 6 207 153 196 174 205 140 19 67 1 130 35 22 52 3 244
    207 70 29 9 188 86 23 143 172 181 142 30 216 166 234 65 96 221 121
    190 160 105 234 75 99 56 22 85 64 95 167 252 130 16 162 91 73 158
    181 53 46 26 33 90 156 13 210 135 120 62 66 90 28 247 251 71 213 0
    210 135 144 81 191 86 168 241 40 118 56 58 132 255 20 218 10 36 147
    157 117 157 159 112 168 244 184 208 243 9 101 16 197 55 255 91 139
    77 234 235 218 205 142 233 144 189 154 22 140 67 70 194 239 71 61 24
    57 104 107 157 95 123 8 165 2 150 18 183 135 182 67 209 254 171 251
    192 94 91 199 11 227 130 100 213 255 240 211 93 12 60 41 198 100 137
    197 113 227 12 158 69 152 210 88 89 64 91 211 45 240 123 239 81 132
    192 200 252 218 218 58 18 55 236 181 121 179 6 171 150 174 219 88
    138 170 219 89 246 216 168 115 164 168 44 220 226 55 122 175 94 92
    130 164 198 206 27 76 241 170 77 12 4 169 64 87 161 111 205 237 176
    221 108 129 146 158 229 28 84 42 186 224 149 188 85 172 148 250 221
    125 62 192 28 116 126 177 199 128 39 67 11 112 111 11 227 134 130 6
    66 215 54 224 227 253 240 230 162 88 226 115 239 192 238 174 188 237
    32 157 174 152 31 42 255 14 120 152 241 60 23 68 121 163 162 176 211
    140 96 128 247 99 113 21 128 190 92 14 11 25 150 99 91 162 46 207 71
    153 146 157 175 235 97 34 93 234 213 86 90 126 55 4 203 120 98 60
    159 6 155 214 210 23 77 57 203 117 2 42 38 250 43 116 116 64 139 19
    161 190 144 74 143 114 242 215 185 117 69 51 106 123 44 223 29 204
    68 44 250 137 44 129 143 173 140 148 47 54 17 240 15 91 62 118 48
    121 35 149 46 251 185 80 160 228 87 4 149 246 128 186 156 121 70 51
    220 48 7 4 150 244 9 72 133 134 203 46 117 43 143 193 19 178 145 36
    245 236 237 187 21 51 175 37 161 35 1 218 120 181 252 213 210 147
    251 209 250 199 45 30 30 51 69 20 216 107 30 79 212 204 180 184 217
    11 43 55 219 67 199 162 248 179 106 123 111 71 165 61 176 164 19 231
    153 223 139 226 191 37 170 15 36 239 238 150 232 248 220 20 236 71
    88 216 204 78 146 254 16 15 47 92 116 139 118 248 94 184 127 151 16
    234 91 175 70 146 244 17 242 62 101 193 74 107 67 180 154 198 223
    239 72 66 63 167 20 156 110 247 67 134 200 219 195 146 46 4 16 210
    176 7 226 139 34 228 208 15 133 169 101 2 186 85 152 7 111 91 51 128
    207 243 11 238 229 17 3 240 43 199 59 182 160 207 174 208 104 4 54
    138 244 104 197 233 144 2 95 51 82 233 212 195 241 149 138 9 154 205
    155 19 18 52 191 214 206 200 12 168 159 232 23 77 231 145 251 43 22
    72 219 251 32 236 129 219 123 99 126 225 114 170 137 39 43 4 3 5 250
    241 166 49 124 75 123 65 141 236 171 32 79 108 100 209 49 108 238 82
    143 78 67 84 40 224 158 127 212 74 114 168 231 106 84 13 207 239 212
    228 148 127 236 225 6 41 230 235 110 248 105 252 241 158 9 111 208
    144 235 152 109 232 16 161 173 76 168 51 101 40 253 44 161 119 117
    163 32 82 25 100 73 218 33 136 94 18 197 57 34 146 241 144 248 18 86
    51 199 142 72 194 49 161 205 194 63 164 211 0 150 55 49 17 97 105 34
    179 102 144 163 69 215 198 10 0 123 155 193 165 25 23 0 196 94 43
    211 56 230 169 55 92 243 56 149 247 116 244 19 38 53 69 242 172 135
    245 49 247 216 81 213 213 56 85 217 44 179 149 149 212 98 183 70 145
    231 155 241 228 72 230 115 19 224 149 79 222 226 146 14 107 156 71
    145 190 100 192 146 199 193 28 138 125 62 87 138 29 214 67 35 169 89
    189 235 92 78 219 89 64 113 28 159 37 224 202 108 182 3 1 80 68 0
    195 39 116 25 9 53 41 155 77 97 4 221 141 234 53 116 90 168 213 138
    247 98 74 27 8 190 151 254 12 86 217 62 102 10 154 68 37 245 21 220
    247 24 74 133 174 66 193 30 201 173 104 106 232 90 149 61 88 6 69
    176 21 55 134 159 37 201 164 179 141 175 5 177 107 128 3 151 33 188
    202 46 251 228 59 17 13 255 8 133 189 71 229 25 37 140 55 238 98 79
    149 55 108 203 166 73 95 30 169 70 81 190 38 242 138 22 145 3 250
    188 41 102 176 127 177 214 189 199 177 86 210 0 228 50 254 238 248
    32 132 10 1 160 178 198 144 61 76 57 117 85 231 31 36 161 112 76 119
    56 131 49 11 67 95 37 148 64 94 164 161 75 81 71 162 56 111 109 49
    70 69 110 124 136 7 65 141 178 133 149 189 230 7 83 26 165 11 190
    156 183 55 15 109 214 220 43 187 69 33 137 88 214 209 180 58 151 184
    186 129 99 79 196 52 212 100 136 233 233 41 169 65 177 178 157 230
    140 144 126 175 154 168 237 222 22 52 144 245 236 248 93 85 43 125
    35 125 250 176 39 101 43 245 220 131 7 180 29 249 43 113 95 205 196
    129 165 97 59 45 9 104 134 24 15 69 143 109 239 198 198 77 225 29
    193 207 131 0 228 105 246 51 206 32 47 66 95 134 156 164 177 7 163
    79 74 36 135 36 70 176 191 155 71 235 77 139 247 232 136 216 164 152
    79 139 142 161 121 123 231 211 67 181 59 3 46 181 103 136 87 130 146
    152 53 250 207 125 107 250 224 214 108 202 246 39 79 211 222 64 97
    199 157 99 109 57 11 48 198 232 17 82 183 110 8 105 206 195 195 51 3
    125 234 223 1 130 112 75 122 17 13 68 149 136 114 124 75 119 243 93
    147 110 199 78 146 73 213 44 97 10 27 19 229 163 106 229 11 227 109
    115 51 60 69 103 164 27 120 119 183 36 226 46 180 35 235 13 100 176
    192 208 190 204 216 1 123 212 213 38 56 89 149 169 172 231 198 187
    130 60 35 137 27 210 219 133 102 189 119 158 104 240 211 108 81 216
    130 185 81 9 59 246 176 96 188 233 176 255 213 52 84 106 53 33 22 8
    29 178 219 202 224 156 112 215 215 207 231 86 111 179 65 73 90 5 140
    73 218 204 185 205 156 41 114 196 219 226 111 247 245 201 125 169
    153 74 64 63 39 232 94 141 21 24 107 96 196 1 193 252 164 124 244 47
    102 217 53 237 115 168 199 149 30 244 68 210 112 164 185 149 46 153
    78 103 181 175 209 65 198 148 220 162 4 208 179 86 146 175 97 155 3
    251 183 209 90 18 172 155 24 174 85 31 74 82 137 10 193 151 200 146
    32 52 60 169 105 20 185 70 227 160 18 184 140 224 99 41 32 137 176
    210 95 188 239 102 129 72 230 234 88 115 153 110 57 201 10 48 133
    241 131 52 95 54 223 137 120 175 12 81 161 162 148 6 193 248 233 8
    54 249 54 10 30 124 116 85 19 60 214 7 181 178 36 171 5 117 175 58
    143 110 76 111 213 31 215 221 74 55 15 117 126 27 79 151 132 134 62
    198 203 102 172 121 83 45 175 32 83 2 201 10 232 251 222 65 244 244
    173 150 236 64 114 16 159 161 195 255 149 142 56 131 123 9 9 102 158
    55 137 119 14 75 178 222 112 223 89 34 30 231 110 109 9 51 103 59
    224 1 26 236 145 97 120 247 56 138 17 152 18 243 228 236 192 25 214
    159 247 180 74 70 31 147 174 14 26 131 129 150 46 238 100 120 230
    210 81 123 35 197 26 161 133 9 123 136 22 161 113 181 41 201 126 128
    208 183 200 245 233 65 183 113 167 251 83 46 120 25 248 109 17 59
    255 238 239 116 162 117 212 108 36 162 13 190 192 5 161 226 116 189
    15 66 104 93 49 134 7 121 180 81 211 123 180 14 131 127 23 143 45 32
    186 4 109 218 139 55 16 42 87 158 33 17 121 244 190 19 5 39 100 16
    169 85 97 228 99 200 105 108 40 244 115 58 170 83 236 94 81 208 26
    153 24 232 150 113 147 59 6 190 170 125 155 84 103 189 198 196 194
    207 102 65 25 100 235 31 217 94 122 96 185 143 208 197 140 151 207
    85 142 21 254 76 165 27 107 117 164 24 36 242 248 55 41 205 30 4 24
    229 232 125 220 22 152 160 141 195 4 81 54 68 61 85 17 57 160 109
    204 66 43 20 24 220 7 255 24 200 226 125 192 219 115 19 219 178 212
    30 122 187 59 180 77 48 193 148 13 40 243 174 100 147 111 225 58 78
    158 195 185 100 81 39 166 69 90 194 77 128 112 154 226 92 109 113
    142 64 146 26 83 119 157 121 13 5 125 132 231 225 247 209 240 18 94
    240 115 173 171 185 251 229 43 165 234 85 120 226 163 69 174 214 211
    103 118 174 165 162 225 95 169 16 127 136 201 84 249 166 17 239 90
    11 194 203 26 139 242 226 152 235 64 218 46 36 32 184 113 34 54 234
    155 197 202 185 90 24 154 88 186 49 192 239 14 23 110 115 197 221 38
    58 200 19 178 40 183 42 55 75 225 6 44 56 216 88 176 42 171 143 223
    48 169 37 197 137 180 128 63 203 84 188 37 17 57 175 17 193 151 176
    27 201 176 58 193 8 145 249 146 197 117 46 109 121 241 92 157 125 68
    170 37 144 4 127 220 114 35 176 127 111 29 118 25 108 83 34 238 166
    192 222 211 223 239 249 138 32 220 219 242 230 130 91 53 75 46 77
    107 231 172 29 74 96 108 236 27 58 117 164 120 61 245 27 116 23 92
    238 63 70 83 45 15 87 16 50 171 24 243 102 104 81 170 242 156 99 143
    132 192 76 212 47 146 250 196 91 206 193 231 10 196 199 175 167 168
    208 237 154 55 237 238 192 191 71 215 45 180 229 63 118 64 124 19
    104 127 200 58 160 99 151 2 194 141 209 98 89 220 66 187 154 127 141
    253 96 173 92 236 71 193 42 179 251 79 23 198 225 248 89 69 165 93
    57 120 133 204 79 8 139 195 133 208 105 193 28 175 31 96 247 16 103
    245 69 173 149 67 111 15 206 239 44 67 223 163 39 163 17 206 240 80
    74 108 126 21 24 43 132 95 69 194 147 199 235 245 128 243 243 10 129
    80 171 159 52 18 49 79 243 80 150 135 215 71 197 13 68 36 225 77 33
    61 232 245 244 137 90 185 9 158 100 130 252 65 0 81 38 202 252 30
    207 229 242 213 29 151 89 126 78 102 139 172 94 60 186 221 214 121
    18 65 116 213 131 210 72 53 88 91 123 195 232 86 120 69 137 4 247 32
    9 240 123 233 73 81 217 246 54 72 77 74 214 89 155 206 20 136 134
    217 248 179 38 43 199 31 20 4 87 96 228 180 182 233 138 99 159 138 2
    31 81 31 93 183 19 176 192 119 239 214 26 160 168 35 28 131 83 1 125
    34 111 223 245 234 185 74 197 232 21 212 249 226 208 42 170 229 223
    84 126 172 234 68 88 97 47 71 244 60 251 145 8 68 118 129 170 72 117
    214 188 52 15 203 145 123 55 186 13 233 139 96 233 252 93 135 167
    109 112 245 7 111 41 88 31 187 72 128 19 68 83 141 139 58 167 93 139
    178 108 237 135 235 80 66 215 126 179 134 35 233 71 108 135 225 51
    212 182 125 119 11 116 24 217 181 40 105 154 126 7 234 225 249 31
    200 209 250 49 136 135 38 114 153 62 218 166 234 51 20 249 10 66 64
    163 4 177 11 28 27 34 52 172 68 11 17 139 37 225 190 82 91 12 124
    211 166 19 66 190 204 127 28 111 223 0 60 40 132 100 78 113 85 16
    111 129 210 129 114 204 110 236 222 36 86 83 119 43 135 153 206 205
    47 144 208 169 7 233 11 21 250 230 249 50 150 115 4 190 214 60 56 24
    241 126 166 178 143 162 99 42 166 45 48 102 226 254 125 212 112 84
    51 19 130 72 71 175 240 149 111 68 248 31 96 227 224 50 131 110 87 8
    106 111 186 110 241 27 139 143 16 81 236 42 118 168 182 14 231 197
    241 36 221 167 23 123 36 99 13 128 119 48 22 235 134 150 17 117 152
    103 215 30 97 218 103 177 22 90 73 235 154 143 38 182 93 123 25 114
    181 61 57 116 254 87 73 163 192 228 26 230 246 170 26 77 218 214 212
    148 135 159 209 121 94 122 109 109 238 93 220 63 30 220 157 206 26
    126 153 151 9 17 133 72 240 96 2 199 174 118 247 82 72 129 93 118
    200 42 210 169 219 231 192 162 107 101 197 208 58 132 22 185 220 131
    188 116 214 222 250 188 167 253 214 253 62 80 216 249 66 60 228 46
    53 75 189 206 193 37 254 78 246 173 128 105 74 177 112 78 230 82 123
    92 208 198 138 208 143 146 44 151 4 26 214 135 151 44 1 244 87 46 44
    193 72 2 172 61 80 144 164 248 134 122 186 153 186 151 193 6 84 146
    21 61 134 106 167 35 238 0 242 100 124 22 245 116 90 68 172 99 220
    220 185 246 195 68 119 94 196 61 126 147 43 36 168 3 165 219 41 72
    71 46 186 234 197 174 158 156 39 126 226 57 122 131 27 69 28 16 19
    26 248 56 225 189 18 14 37 226 198 181 114 200 249 143 204 151 153
    172 82 114 133 170 212 180 249 125 215 139 54 2 196 179 71 90 104 53
    179 96 200 30 203 80 16 25 212 101 176 241 66 249 190 47 35 253 118
    233 78 64 116 132 224 192 255 102 230 146 37 229 158 242 193 213 96
    183 125 253 54 26 188 116 195 117 150 6 119 35 155 197 78 203 114
    191 7 83 236 54 139 143 182 121 69 230 27 139 196 171 37 50 106 250
    6 51 54 175 211 49 40 31 204 110 171 23 47 223 245 58 132 212 110
    238 174 34 44 146 48 12 43 199 226 252 243 122 72 75 20 21 104 151
    218 105 36 3 32 194 211 3 249 2 68 211 96 127 203 132 25 76 179 7
    212 168 91 22 27 46 130 69 208 146 61 165 183 126 197 40 116 72 253
    14 170 27 255 228 245 230 8 39 190 154 4 4 117 207 161 58 42 206 60
    71 30 145 75 241 106 208 136 177 171 21 4 188 239 120 199 149 18 169
    178 254 228 227 8 167 50 55 146 226 136 118 86 12 108 248 100 178 25
    73 142 210 127 130 248 33 64 47 155 95 56 192 6 129 35 44 23 145 40
    191 180 226 39 79 134 24 229 103 75 4 43 205 66 213 139 193 178 83
    33 213 214 125 40 251 24 187 149 142 249 0 169 183 252 175 133 135
    110 134 100 31 29 219 102 66 63 238 84 129 186 192 88 207 0 194 47
    135 195 229 244 70 156 31 128 112 101 96 109 29 159 204 127 112 229
    185 201 80 37 123 55 47 110 139 60 193 131 108 36 4 217 101 2 151 42
    53 230 31 81 8 83 157 169 143 83 228 244 91 248 230 153 111 184 239
    136 80 253 62 142 196 247 229 69 150 183 248 12 133 68 104 114 69 68
    225 139 254 175 31 168 156 246 114 185 109 73 72 39 51 79 224 218 28
    146 8 87 178 7 250 159 71 253 241 153 166 45 1 80 245 133 213 53 9
    238 4 74 127 245 169 76 104 206 155 114 95 233 215 144 89 43 51 13
    186 35 31 189 245 41 155 117 2 97 249 251 104 255 202 137 228 43 163
    113 153 168 19 189 157 246 208 32 115 53 133 151 133 30 255 29 96 48
    110 194 180 150 185 57 59 98 94 57 78 188 43 74 161 40 91 238 42 149
    209 207 165 101 88 119 237 68 228 125 167 135 160 51 45 48 232 188
    166 148 214 208 96 181 231 63 91 203 84 135 2 109 81 133 77 175 15
    249 57 132 162 8 68 18 7 227 21 150 114 1 22 12 214 129 3 88 218 35
    187 26 53 229 43 194 50 92 81 105 235 137 109 112 67 41 147 191 173
    121 55 225 15 167 145 131 62 213 97 246 1 252 32 127 3 3 233 163 140
    181 72 164 36 140 114 117 187 130 214 222 177 120 216 110 143 37 199
    14 170 235 251 200 192 135 36 3 141 93 18 107 57 89 164 233 203 212
    199 67 51 225 158 213 137 227 146 222 65 173 152 5 57 80 203 181 206
    119 107 181 32 81 131 97 242 146 77 62 22 175 248 102 104 236 64 212
    182 220 103 183 56 116 6 195 132 57 212 168 200 213 34 111 19 23 248
    207 105 131 15 146 247 145 239 140 71 106 58 232 168 150 133 33 189
    241 4 173 45 63 178 97 24 128 63 139 205 38 169 35 153 201 23 122
    253 188 31 239 68 127 251 173 15 57 168 39 20 191 10 214 204 251 176
    16 135 34 13 127 55 36 70 98 251 221 123 163 43 5 192 113 116 78 157
    63 205 27 86 110 85 129 64 73 33 169 114 101 203 254 9 44 61 167 65
    84 182 181 244 24 224 241 82 245 168 80 26 71 51 55 117 123 29 250
    108 105 55 27 214 95 13 2 168 235 163 64 125 163 222 170 133 135 93
    88 120 183 124 118 45 15 11 152 6 39 70 254 122 52 191 13 53 38 92
    139 72 159 191 224 106 215 240 91 141 176 189 71 8 129 138 140 200
    168 216 211 68 233 60 225 112 192 192 111 123 155 237 157 230 9 12
    230 45 158 11 125 79 52 199 196 142 207 181 153 95 185 33 179 253 42
    112 69 16 139 249 112 189 121 204 230 55 144 33 146 177 34 109 85
    107 128 241 25 178 69 68 253 211 239 148 251 138 208 21 207 180 22
    108 124 138 231 28 104 31 238 72 98 232 17 134 17 183 103 144 15 69
    10 199 82 186 212 209 162 56 142 129 91 229 204 186 138 1 186 159 69
    44 247 241 193 39 165 97 221 140 245 89 145 35 36 154 91 157 21 143
    137 131 144 105 119 124 250 163 122 4 146 149 108 157 120 56 91 103
    53 200 150 14 54 71 149 226 207 88 206 120 119 60 17 195 51 49 125
    231 70 164 160 181 195 21 130 85 143 218 156 152 195 7 194 66 253
    115 143 9 251 221 116 189 43 19 115 106 199 128 53 192 216 210 22 19
    184 48 249 111 114 229 93 13 75 45 9 41 124 11 75 1 219 115 174 45
    166 60 196 235 82 224 68 2 118 244 62 66 192 119 60 106 113 81 41 65
    103 195 239 111 76 160 119 53 147 163 233 216 39 93 104 176 102 196
    10 199 40 230 137 192 122 44 64 254 39 46 112 156 196 1 97 152 127
    70 104 94 127 146 90 248 112 58 254 42 170 212 236 208 115 250 4 239
    158 106 242 23 126 69 93 227 33 54 191 52 134 135 0 40 35 105 142 33
    67 15 160 80 127 198 46 214 83 227 6 164 232 82 77 59 112 62 60 254
    169 87 145 81 69 23 180 165 241 150 28 255 97 150 123 67 191 63 61
    95 170 201 124 97 80 137 13 190 233 83 218 81 251 141 157 183 125 98
    52 130 60 72 243 94 5 3 119 47 199 61 31 211 89 106 28 126 176 28
    222 26 175 239 95 251 174 220 142 137 217 22 129 113 163 68 172 183
    46 224 115 5 190 232 166 115 57 44 146 108 131 25 253 78 239 36 70
    143 229 157 111 164 106 39 182 212 47 96 230 194 35 16 8 182 164 153
    42 216 114 78 245 74 104 241 151 90 109 217 146 189 143 69 126 163
    178 55 219 149 170 209 114 100 133 103 184 45 109 148 95 204 156 233
    74 61 120 166 215 192 37 168 196 96 99 137 208 200 151 31 122 146 0
    95 225 195 83 73 149 189 132 202 143 84 70 133 66 87 6 131 93 16 121
    124 106 48 0 76 241 251 132 29 196 10 162 86 223 90 90 175 136 55
    143 131 107 182 148 154 30 210 66 152 74 38 38 37 203 139 40 228 200
    30 160 202 123 81 160 6 108 9 136 59 44 21 246 230 90 94 91 63 240
    17 44 23 199 182 40 26 246 134 183 157 208 82 68 194 12 132 210 124
    170 22 160 36 169 120 229 19 32 57 187 17 79 213 146 58 92 165 220
    41 8 201 1 1 0 16 96 28 148 154 234 50 230 91 225 60 42 106 81 38
    174 199 155 6 129 114 72 89 95 232 67 173 1 27 121 149 228 32 112
    241 178 201 39 84 209 30 124 169 232 104 206 253 7 6 20 242 227 190
    244 108 74 148 253 179 50 124 30 176 165 104 16 90 102 9 128 32 62 2
    19 64 156 37 98 151 187 19 231 125 117 166 121 221 66 199 1 123 116
    254 34 78 151 250 152 11 62 110 208 219 80 90 71 109 65 207 142 107
    222 105 177 208 52 247 205 72 253 78 208 126 55 123 139 81 254 71
    155 53 41 90 125 59 76 20 214 232 44 89 154 186 36 138 32 110 248 11
    129 118 32 42 126 37 115 96 2 18 219 190 12 232 138 232 169 47 49 65
    140 92 113 229 247 139 227 114 247 157 75 20 176 146 60 160 93 18 22
    92 162 9 60 90 45 53 60 102 198 251 125 76 158 11 39 222 172 138 19
    253 134 195 36 9 75 13 112 118 238 102 215 235 145 239 163 218 160
    127 110 65 67 207 16 134 195 64 191 229 103 107 130 73 182 48 196 99
    177 212 146 88 251 132 74 110 64 111 255 87 85 152 179 3 0 16 45 195
    51 134 137 0 23 242 21 96 245 181 168 25 171 231 108 187 101 248 206
    51 175 171 191 190 114 182 47 141 188 31 114 6 116 31 232 218 218 61
    7 117 204 202 32 156 242 205 100 193 98 14 137 63 247 255 145 177
    228 5 22 233 127 206 112 158 67 58 139 139 184 178 25 35 225 144 183
    17 212 65 155 111 169 197 223 10 194 29 255 190 86 168 194 107 220
    68 20 243 67 6 15 208 90 250 54 78 198 167 222 230 13 192 38 133 38
    100 220 234 149 29 207 93 240 110 242 69 76 4 103 164 41 188 55 53
    184 181 116 71 198 108 184 24 36 147 73 35 187 115 155 2 155 217 16
    253 110 174 123 30 39 86 194 119 188 207 16 238 245 187 99 128 13 82
    187 21 207 163 191 143 20 76 217 166 62 243 57 49 38 76 98 227 110
    255 95 162 57 11 25 192 30 175 205 200 134 68 107 69 47 121 99 161
    121 3 162 99 10 65 243 58 44 7 187 113 101 139 18 98 235 216 197 148
    185 153 140 187 156 12 188 79 44 119 123 198 15 150 14 193 52 106
    195 100 174 48 182 191 193 114 121 222 179 21 134 151 30 207 106 92
    208 26 150 133 207 214 9 183 174 238 239 218 32 119 253 84 56 172 38
    124 217 248 78 194 220 215 28 15 70 32 43 186 203 3 12 195 212 134
    108 143 95 47 177 221 133 60 179 105 117 86 29 5 52 110 223 144 252
    25 26 148 162 201 145 242 56 123 39 249 61 195 50 126 220 39 27 165
    12 15 254 92 164 106 205 213 123 187 204 66 97 211 24 227 163 164 92
    182 27 191 158 59 230 206 150 152 64 147 81 60 20 97 217 183 215 124
    114 189 16 33 241 95 8 76 218 89 205 105 239 192 37 34 217 23 128 88
    226 224 189 53 177 47 210 36 74 144 83 33 16 253 250 243 220 70 236
    126 231 102 93 209 235 171 94 226 217 234 9 54 230 218 31 209 215
    123 230 95 51 159 152 109 201 247 18 64 9 102 78 243 217 180 222 228
    190 44 250 181 248 163 197 203 0 186 160 174 81 47 207 133 119 29
    170 31 62 3 21 16 21 190 9 188 90 226 166 75 205 164 139 24 160 29
    255 101 195 99 153 6 143 180 119 107 136 149 23 123 67 2 110 226 230
    82 6 81 217 209 122 174 176 77 236 122 228 71 200 118 224 85 239 31
    163 105 222 98 208 236 158 229 113 161 217 148 197 209 104 11 61 16
    10 3 207 151 191 36 120 123 20 110 30 239 182 254 104 10 191 4 69
    233 20 87 161 10 156 193 26 127 69 210 157 31 3 74 183 86 227 196 45
    130 56 130 225 120 140 80 47 184 225 173 171 101 184 62 237 209 55
    24 101 4 130 6 107 77 30 141 243 247 195 246 138 244 47 98 73 221
    177 46 138 164 179 39 153 169 227 96 241 166 161 238 56 66 35 193 3
    238 43 161 170 111 201 126 97 145 45 161 150 185 209 36 68 79 44 35
    77 174 210 7 79 56 177 102 208 200 185 246 3 100 175 202 211 34 133
    50 181 13 36 52 30 4 62 227 126 153 245 33 22 17 82 0 35 130 40 101
    61 51 213 140 142 225 63 9 35 34 60 171 44 11 34 73 213 26 135 11
    209 129 253 235 221 161 183 182 19 206 255 248 109 136 139 118 45
    242 125 179 31 99 154 91 65 80 12 99 255 131 87 178 14 57 68 179 243
    148 29 170 232 68 101 211 115 48 169 197 243 207 163 71 137 240 74
    122 213 206 33 241 23 84 80 51 224 162 37 245 213 130 87 104 53 164
    39 99 184 133 70 90 97 85 230 84 156 132 109 182 85 170 71 143 80
    202 125 67 52 190 199 28 23 28 154 206 114 158 115 248 132 185 48
    161 57 209 14 156 76 84 211 36 173 173 227 31 173 135 87 196 95 169
    98 159 165 195 32 214 119 126 26 161 21 184 222 192 46 222 71 235
    141 251 19 244 116 59 234 166 145 249 95 8 123 16 206 245 110 66 208
    136 17 159 65 185 51 106 238 190 232 79 148 230 123 20 240 127 235
    34 42 233 153 127 11 35 97 180 140 81 202 95 27 23 207 91 231 14 143
    224 227 67 58 228 98 160 38 233 58 30 247 80 88 194 180 60 220 16 99
    168 213 224 101 100 45 209 161 161 122 32 165 87 194 58 197 18 150
    252 40 188 148 150 101 190 90 105 21 222 12 122 91 202 183 35 21 200
    46 227 230 211 1 175 55 203 235 92 149 79 10 197 169 41 244 246 118
    194 79 201 152 232 212 207 213 250 226 180 114 226 210 179 73 155 69
    109 176 29 29 205 182 181 228 125 99 121 229 43 228 194 89 182 244
    244 140 214 247 8 28 61 164 139 102 135 162 42 160 106 57 46 233 11
    50 105 104 163 185 73 157 33 12 8 164 30 154 166 17 93 8 142 186 195
    14 201 110 216 197 116 83 20 119 168 198 119 44 123 231 81 37 239
    166 27 108 45 136 164 171 26 71 255 216 212 184 79 136 239 59 48 214
    190 191 15 209 55 186 57 81 168 144 136 101 151 167 98 111 236 96 72
    105 241 51 102 0 218 105 123 48 36 140 202 219 19 245 250 117 97 143
    99 53 156 112 157 73 38 101 220 204 204 100 118 55 115 15 119 40 188
    128 181 10 68 23 97 145 45 176 232 221 110 86 69 39 21 71 100 5 207
    202 167 249 181 115 39 26 107 225 236 10 26 225 30 67 233 7 64 48
    188 242 252 144 110 41 206 134 201 25 190 76 224 213 149 22 52 36 27
    192 213 68 194 94 100 235 233 214 14 135 170 4 75 131 189 189 137
    124 40 175 149 106 115 149 49 96 63 181 99 133 168 75 197 196 73 139
    168 219 210 133 57 128 152 26 175 116 87 75 223 141 101 28 107 40
    197 156 152 94 51 20 67 74 4 199 182 147 246 176 25 150 136 175 55
    56 35 129 20 63 222 113 222 74 57 200 134 69 62 229 82 157 116 183
    145 241 223 72 190 231 191 15 191 132 138 50 72 219 5 77 13 29 194
    45 45 232 180 227 95 217 76 194 62 221 64 178 21 45 196 74 19 219 30
    230 158 118 26 134 5 155 240 152 128 212 158 133 142 193 48 132 48
    109 70 184 133 202 249 77 152 50 128 6 197 12 152 211 197 123 169 19
    88 181 38 106 168 43 93 17 213 116 205 154 66 126 118 169 53 210 207
    9 27 117 200 119 162 197 70 54 114 56 55 132 83 74 172 13 170 59 28
    92 85 93 69 240 179 172 10 223 110 168 63 168 132 175 250 11 21 59
    78 30 46 63 176 93 2 140 6 11 231 45 190 181 136 50 184 195 228 205
    113 192 232 29 248 207 250 200 247 233 65 99 152 101 187 252 54 46
    68 248 107 206 230 180 198 246 235 183 125 152 204 169 43 109 19 18
    114 35 55 98 252 195 113 99 191 215 125 155 202 31 201 61 5 197 164
    74 100 196 197 50 50 114 170 243 132 244 91 42 255 12 236 47 219 176
    19 140 198 35 135 242 25 186 172 225 183 231 12 140 63 7 253 158 75
    211 255 103 186 190 85 64 38 246 186 48 62 78 59 214 189 55 22 206
    167 195 173 67 184 198 100 141 172 2 178 231 186 65 109 181 76 80 35
    148 184 74 17 132 250 246 128 11 128 199 35 202 114 19 52 223 185
    142 160 216 59 213 111 189 227 82 106 25 63 68 197 33 194 82 63 135
    77 184 247 51 22 207 12 74 120 113 100 81 26 149 36 122 37 86 106 27
    37 91 4 179 172 171 27 14 88 196 100 205 3 0 52 157 149 162 242 239
    114 69 118 39 127 67 54 183 156 24 190 238 182 56 255 182 24 222 51
    5 124 131 70 220 198 159 41 96 174 169 190 209 6 13 35 156 173 119
    70 119 104 49 4 140 124 242 134 115 232 39 86 7 224 156 235 156 115
    8 28 225 39 232 212 182 178 11 252 61 251 208 119 230 36 191 95 40
    129 134 1 100 100 228 248 183 69 213 161 229 95 174 45 148 251 46 70
    68 76 216 94 22 43 188 66 170 54 102 166 129 176 174 107 134 0 48
    204 223 187 121 227 6 163 74 0 51 241 5 171 103 133 87 190 79 37 51
    138 127 236 113 156 40 30 45 236 58 191 249 111 244 21 1 25 145 226
    41 153 223 42 47 128 194 105 211 104 79 150 51 77 31 47 60 226 98
    235 16 8 208 105 48 148 112 245 209 20 32 126 97 120 190 218 165 133
    43 70 144 181 27 34 244 80 199 126 111 207 54 117 219 129 157 213 87
    226 237 207 153 246 96 232 58 188 111 68 236 64 197 69 138 253 64
    222 209 162 52 41 194 44 250 87 52 247 199 74 254 231 132 203 138
    133 238 200 147 186 70 105 139 244 239 139 79 228 60 127 45 147 207
    195 36 165 123 55 210 241 110 61 20 45 85 118 29 47 65 67 139 222
    166 248 33 63 1 236 35 115 180 37 35 173 11 100 231 113 150 20 84
    221 201 44 157 248 28 188 140 18 88 255 55 130 123 239 147 230 83
    105 239 204 217 157 26 202 182 193 54 7 196 198 210 52 149 100 84
    100 174 209 21 218 209 19 13 128 8 188 22 59 69 208 190 155 78 121
    70 50 5 81 227 56 129 209 49 26 122 94 224 7 30 158 185 156 245 21
    107 232 14 58 242 212 22 248 188 184 24 149 59 119 63 233 8 87 176
    183 172 186 178 107 126 30 160 149 105 186 125 189 238 12 239 46 34
    67 169 189 215 248 115 128 118 204 150 26 233 197 143 120 146 129 70
    213 115 167 179 96 224 31 228 172 151 218 34 47 206 188 181 12 159
    121 132 251 193 113 169 16 68 177 1 24 1 127 130 39 120 238 188 82
    31 236 113 97 187 185 159 80 200 15 148 38 61 168 73 180 8 38 92 43
    43 147 26 31 250 97 148 135 232 243 94 24 242 143 153 245 136 58 218
    238 144 116 202 206 112 202 10 118 31 141 204 226 165 46 169 43 61
    242 46 80 25 194 220 40 56 149 151 65 91 118 8 79 202 230 25 228 52
    230 156 181 58 172 36 169 38 31 108 12 203 81 164 106 133 132 13 139
    32 51 235 132 192 229 172 65 85 252 190 120 217 123 165 67 163 171
    217 202 61 205 150 128 179 179 250 181 173 43 8 45 241 136 64 243 40
    157 116 204 54 91 15 110 39 10 109 197 62 155 130 147 120 142 215 72
    74 5 23 19 35 174 202 233 138 93 98 88 105 65 176 21 31 86 186 40 88
    120 62 245 122 84 33 194 153 184 207 96 31 188 103 126 157 137 79
    191 206 225 137 171 242 231 235 224 127 177 207 46 187 69 30 182 122
    213 143 80 57 240 204 46 153 182 13 185 59 108 47 221 41 38 173 120
    177 13 25 159 46 154 218 50 199 121 195 161 155 19 4 219 182 32 192
    185 214 214 83 191 49 68 37 200 176 52 107 52 138 199 245 186 24 255
    142 87 14 163 112 116 188 253 206 32 18 144 99 86 36 60 217 228 229
    28 96 243 51 204 51 127 203 17 140 148 181 223 168 124 63 53 179 34
    247 231 250 67 194 199 240 46 87 185 81 77 84 195 203 177 218 109 37
    123 171 3 1 46 244 5 245 54 34 247 135 234 167 198 138 180 32 33 197
    70 178 207 117 213 239 112 90 183 29 210 4 69 187 111 97 14 190 112
    246 39 52 213 237 185 91 18 74 59 142 88 175 86 127 207 136 198 111
    140 230 21 211 26 39 219 127 105 16 198 90 97 53 232 97 140 242 155
    18 52 207 72 184 147 226 208 202 174 220 168 144 41 124 110 151 232
    27 179 118 30 86 186 23 53 222 17 177 136 144 174 241 121 100 227
    239 51 171 224 42 24 24 40 1 171 124 94 228 85 32 27 205 177 54 239
    170 67 166 242 227 153 119 5 54 242 88 41 189 143 187 243 232 27 133
    173 194 219 111 203 128 133 92 225 31 115 4 53 127 234 219 1 24 182
    240 14 242 229 135 189 223 116 70 10 61 98 158 40 235 57 39 37 10
    162 38 175 134 101 169 124 122 148 179 214 8 243 87 8 104 183 150
    181 95 166 127 75 186 52 203 249 15 88 80 202 79 242 28 31 112 241
    118 86 70 125 191 104 89 153 255 28 124 217 195 84 133 61 100 206
    223 141 162 33 211 253 59 231 178 80 11 59 17 92 175 218 119 192 228
    180 152 144 182 0 171 210 222 37 246 100 242 38 46 80 198 143 82 98
    215 191 77 68 9 247 122 153 193 92 201 81 126 98 16 113 249 228 11
    93 234 26 238 58 226 26 134 11 76 180 101 22 121 51 147 62 21 224 38
    87 30 248 5 42 137 136 20 103 113 128 17 114 157 33 31 177 255 57
    119 193 181 228 152 163 113 85 145 224 228 168 43 23 83 42 229 19
    145 200 54 79 194 214 173 46 1 25 102 35 237 83 43 42 77 154 204 200
    73 56 129 177 93 91 127 60 162 170 82 221 149 171 191 197 22 53 33
    65 193 57 0 131 86 48 255 161 11 205 219 183 186 150 173 233 31 70
    34 60 90 192 175 198 37 105 182 122 231 222 143 206 63 34 170 206
    183 56 179 27 38 249 95 105 64 232 79 118 63 227 222 19 228 241 209
    95 151 118 31 105 247 34 43 26 242 100 238 252 16 204 71 115 239 186
    237 241 74 211 46 91 21 19 90 69 79 206 124 237 145 10 90 27 30 50
    149 219 38 143 29 198 179 48 204 10 151 208 249 134 129 6 14 137 206
    145 178 219 210 225 245 153 100 107 168 241 190 47 4 117 101 85 185
    234 127 108 151 36 27 3 190 155 149 80 192 159 215 103 94 96 152 15
    171 182 12 181 145 189 87 168 203 159 252 79 75 109 221 111 216 206
    239 218 21 209 253 221 234 207 62 116 9 119 182 134 51 195 25 71 84
    119 173 177 58 181 138 8 75 140 18 111 239 248 183 185 199 158 250
    156 13 94 66 156 187 91 99 26 52 226 230 198 142 187 225 50 115 40
    44 193 108 84 2 45 1 172 163 202 207 129 205 173 99 218 171 129 111
    239 17 213 91 222 90 52 90 2 141 222 138 227 85 48 120 246 30 161
    244 52 237 90 64 81 8 77 90 59 171 144 19 65 125 244 88 151 5 245
    227 209 124 39 167 17 130 76 217 247 75 144 47 140 104 132 117 249
    201 45 84 14 141 33 93 11 32 239 52 93 17 192 111 0 103 111 53 82
    194 140 240 18 116 164 74 167 106 1 109 81 139 199 29 1 33 79 127
    161 91 250 198 252 4 74 151 51 115 201 163 145 99 173 161 52 172 201
    245 180 214 12 245 146 57 44 174 169 210 140 112 164 141 116 19 175
    62 212 253 66 218 118 6 188 130 110 211 136 140 104 81 244 125 237
    190 229 183 249 250 69 22 95 50 101 156 174 3 105 193 0 49 1 58 60
    137 140 132 140 20 147 164 71 232 173 125 139 195 174 186 222 251
    134 33 86 55 86 67 140 124 113 7 88 51 89 181 230 209 54 126 213 117
    197 72 251 84 23 6 180 177 28 155 116 169 11 73 192 174 242 6 202
    117 36 103 151 137 108 212 225 160 160 205 248 9 218 131 159 209 205
    243 137 140 23 60 101 57 103 174 34 254 90 237 205 65 82 153 107 196
    70 124 124 179 187 203 158 74 197 79 15 76 2 156 73 166 140 136 116
    148 12 245 15 185 220 220 76 228 129 252 2 210 60 189 229 84 241 124
    146 166 30 169 172 177 179 92 14 6 14 26 193 174 58 216 239 127 162
    54 185 207 81 207 74 155 8 72 118 69 164 212 8 133 43 131 75 20 81
    63 67 111 171 249 185 122 156 147 202 59 53 165 101 151 13 0 226 114
    35 252 219 16 123 196 29 31 185 134 195 76 238 88 112 26 160 239 201
    55 71 158 145 87 48 20 120 173 235 25 58 3 102 43 87 73 164 57 107
    20 70 71 245 153 220 200 43 76 144 168 210 11 116 140 183 50 62 89
    127 242 70 213 236 239 87 208 27 45 29 159 185 250 66 139 169 255
    101 221 217 181 124 65 231 166 74 152 55 225 207 235 31 24 110 226
    198 179 237 71 204 79 27 165 115 23 225 139 100 186 68 80 34 165 4
    253 220 13 63 143 152 196 81 121 77 3 137 136 132 40 57 47 229 42
    201 79 136 76 152 125 61 56 98 176 151 108 99 72 202 117 20 243 143
    245 65 91 197 230 114 244 30 177 180 246 147 91 251 22 61 142 164
    250 216 86 187 156 177 101 28 36 201 182 250 122 83 82 246 152 151
    164 35 93 114 82 136 201 180 229 148 171 106 139 95 243 176 42 30 26
    154 140 0 157 230 188 158 59 17 187 25 156 202 107 88 199 213 231 56
    201 159 113 154 4 167 224 58 169 98 29 189 118 107 252 248 148 31
    216 208 84 166 133 211 219 15 188 11 105 40 125 11 73 70 188 142 62
    17 164 113 16 98 191 187 171 24 137 104 105 251 9 138 46 31 211 60
    54 219 123 199 205 7 226 45 6 246 188 120 43 66 126 82 58 42 47 114
    90 209 112 151 52 242 61 175 49 92 188 90 151 243 0 53 171 217 98 2
    102 173 132 190 25 146 167 62 80 20 242 36 35 148 193 203 233 251 73
    82 19 237 59 79 211 167 126 84 79 211 155 73 134 108 46 253 195 61
    35 164 31 124 195 26 56 158 110 215 228 214 61 123 191 17 137 77 137
    250 186 230 69 192 23 253 173 117 1 27 200 44 145 33 159 49 101 83
    78 96 210 194 72 155 134 139 64 243 242 52 9 51 156 105 70 241 101 2
    121 246 236 26 122 197 172 146 68 30 64 110 57 43 45 251 250 36 107
    141 237 18 148 50 41 52 144 6 242 220 240 196 2 138 197 172 149 67
    142 201 248 103 230 132 37 177 176 228 72 87 99 52 97 12 30 143 15
    52 162 108 87 97 241 218 198 122 211 139 35 106 199 25 114 44 10 174
    82 99 163 52 24 138 189 199 186 253 193 136 246 233 41 191 14 16 69
    21 120 250 185 198 119 92 72 167 240 0 148 78 122 94 108 171 127 180
    253 86 121 151 50 156 172 6 176 125 86 118 64 215 196 134 83 63 111
    206 88 161 242 149 6 56 182 108 66 175 170 225 192 207 26 77 151 151
    120 92 150 97 67 32 42 138 244 254 61 231 154 86 11 166 184 64 18 63
    29 200 9 84 185 84 17 165 1 35 118 137 61 106 119 67 140 56 15 147
    224 188 86 109 43 41 41 218 76 86 35 164 97 167 2 196 150 236 222
    118 126 90 48 33 247 166 41 199 13 26 42 98 142 181 12 224 31 25 216
    71 230 193 12 112 76 167 192 28 76 7 149 216 146 109 58 159 60 189
    155 9 121 159 111 230 23 70 32 171 1 211 123 145 22 68 160 28 7 37
    21 183 191 127 160 84 93 171 54 137 160 24 91 22 204 197 131 174 228
    102 133 41 119 14 87 17 56 25 139 87 85 69 200 187 217 1 114 133 147
    127 170 175 55 81 147 26 168 27 11 241 198 87 62 94 131 113 217 29
    244 210 4 116 142 163 194 204 250 179 77 133 83 247 183 130 74 10
    134 6 85 154 47 206 204 93 201 207 245 184 72 122 97 126 39 140 44
    45 222 71 23 190 226 255 35 89 184 3 80 8 108 63 73 197 186 208 6 76
    14 228 17 232 215 191 15 245 130 110 193 8 156 134 236 52 36 36 45
    210 125 146 235 162 80 213 108 103 10 210 106 189 213 28 39 122 93
    225 198 13 115 231 66 119 22 151 199 242 173 192 73 157 42 229 100
    152 76 150 108 166 194 188 216 174 73 204 150 170 177 119 104 162
    236 114 89 80 182 43 129 64 138 163 167 216 122 220 77 120 68 214
    107 19 243 225 119 133 29 19 178 168 40 37 233 193 42 51 232 68 8 29
    59 128 174 59 83 6 20 163 127 43 135 77 27 151 126 167 115 124 52 34
    212 112 230 76 254 180 249 99 175 147 211 93 77 26 100 189 113 0 4
    136 204 149 202 39 1 76 241 230 103 118 166 40 97 101 150 193 47 204
    94 203 243 199 244 29 78 249 229 54 148 115 163 27 33 33 189 80 44
    62 31 133 151 167 98 131 81 43 234 79 160 30 61 78 194 181 25 136
    142 180 231 56 155 146 204 86 1 57 3 244 252 72 150 26 67 216 187 42
    152 135 61 138 51 162 175 249 248 228 48 133 163 209 156 167 190 145
    119 49 242 150 83 188 52 144 41 116 176 89 207 47 190 151 189 16 213
    28 53 143 116 79 224 162 239 223 231 147 133 205 106 180 106 182 206
    84 82 65 168 131 153 131 64 11 153 231 187 125 177 127 119 213 40
    154 136 235 65 28 204 133 158 228 75 249 137 228 0 235 242 39 224
    109 252 50 165 34 55 205 187 83 153 230 211 207 99 215 77 89 207 111
    59 74 115 240 25 69 39 211 72 151 147 145 27 20 191 138 64 64 13 248
    173 184 168 38 58 95 31 189 166 43 208 73 159 30 66 168 72 160 33
    253 215 209 45 185 224 151 80 213 243 203 147 147 251 212 76 83 217
    26 62 24 240 5 253 26 12 54 192 244 237 140 136 235 154 246 126 53
    68 202 159 244 126 112 18 52 212 124 114 214 241 157 105 241 122 96
    119 108 41 10 25 63 104 193 45 199 122 167 92 15 114 93 142 150 113
    76 166 109 56 225 220 113 150 180 213 244 114 59 131 100 181 14 151
    171 215 150 153 118 52 220 162 20 215 221 82 205 200 176 242 4 140
    93 43 20 94 32 31 57 197 158 108 95 207 174 131 221 138 187 56 125
    215 27 130 130 124 50 48 5 83 72 122 226 4 230 51 92 238 17 149 2
    146 216 188 18 194 248 143 129 26 83 188 246 141 218 135 152 208 152
    201 206 74 200 17 185 138 240 226 221 101 208 79 3 169 252 186 246
    104 93 208 219 75 26 29 214 188 79 235 147 208 6 236 85 129 73 123
    94 247 174 78 192 191 46 36 163 184 135 250 160 126 231 192 112 85
    84 43 165 172 245 143 187 250 251 31 181 192 108 25 90 140 84 240
    204 239 97 232 183 171 208 127 117 228 239 27 185 247 116 233 99 136
    252 163 243 186 91 107 53 133 179 179 73 37 173 249 152 23 104 73 67
    66 182 31 126 131 106 54 60 71 197 219 253 164 201 188 118 208 14
    226 26 221 77 227 16 4 40 114 235 14 126 75 33 126 57 117 248 127 89
    27 96 160 176 221 83 221 16 137 214 189 166 150 242 114 129 234 172
    232 38 132 167 18 59 251 160 185 196 135 13 143 119 3 70 207 216 174
    20 217 54 130 147 138 144 193 233 162 174 117 205 107 221 172 85 206
    231 242 30 60 101 232 19 168 34 1 206 134 98 24 215 200 198 203 171
    121 253 161 255 232 163 184 224 96 88 149 60 234 22 141 184 242 16
    181 83 197 159 36 153 14 143 222 159 149 102 247 168 6 209 7 120 221
    253 118 154 124 172 154 18 209 53 12 179 133 95 195 127 154 83 237
    146 15 185 100 195 210 81 171 54 220 92 125 179 43 53 246 172 237
    151 208 99 69 237 242 51 211 189 4 150 250 53 229 2 221 134 211 202
    115 127 156 4 170 150 98 61 104 96 108 78 7 177 162 174 173 7 150 97
    218 12 192 249 160 79 192 190 149 223 221 92 21 227 197 132 242 236
    196 74 129 107 161 83 248 94 33 102 233 178 40 213 211 181 39 51 11
    232 126 80 35 116 1 45 136 241 163 28 151 148 235 224 78 28 153 216
    251 45 59 13 180 209 230 177 66 104 61 62 91 64 121 114 191 154 95
    151 238 182 150 110 76 72 253 193 14 154 203 92 247 212 22 146 229
    13 5 148 100 100 151 141 224 35 226 55 10 191 34 0 107 61 227 90 218
    120 23 51 25 171 111 88 152 189 57 40 98 67 189 36 69 109 147 76 195
    101 159 224 96 42 211 167 117 208 20 127 132 130 246 74 99 198 209
    187 248 102 248 120 41 167 175 22 73 250 230 32 203 201 198 1 247 74
    170 98 190 118 38 114 31 132 219 253 222 172 253 200 229 29 144 132
    153 61 115 223 176 2 134 44 91 34 69 146 93 97 142 58 132 245 240
    244 43 17 160 68 149 96 255 99 101 115 138 9 11 185 219 136 251 247
    25 140 21 127 101 55 165 238 34 144 247 43 250 235 49 196 84 156 93
    101 18 136 9 192 102 15 184 126 113 212 119 117 167 174 134 40 67
    147 207 223 162 43 216 80 168 219 55 71 79 251 221 126 45 29 92 114
    236 255 250 87 101 208 191 138 173 35 65 15 134 120 118 175 186 104
    1 51 15 60 122 41 31 36 39 101 133 21 89 42 244 60 159 160 175 134
    231 99 54 248 243 184 54 155 175 88 40 22 134 149 115 105 166 59 205
    130 147 155 49 94 163 33 30 13 187 186 163 180 97 12 89 136 220 85
    78 118 64 117 159 175 185 130 11 212 255 155 213 201 119 92 12 183
    108 138 63 187 167 120 24 69 179 54 74 88 161 44 27 71 179 194 142
    146 108 194 223 133 170 242 159 201 216 34 191 164 226 195 157 240
    91 1 74 45 59 168 35 202 90 75 227 105 119 87 47 136 140 216 163 213
    137 46 168 35 27 108 115 105 82 107 137 166 33 212 78 229 128 104
    186 62 157 185 142 31 131 20 210 111 67 138 250 174 114 131 45 20
    191 65 88 214 206 132 113 202 97 108 87 221 179 215 130 220 33 37 55
    138 194 144 119 170 151 82 108 251 129 168 162 246 249 168 18 237
    105 137 132 54 27 192 12 209 225 214 76 188 231 132 48 182 242 149
    188 20 161 142 148 196 251 168 176 70 150 65 165 144 98 54 72 71 254
    237 59 148 244 32 2 222 46 104 158 138 34 228 20 183 221 214 211 213
    155 109 74 240 15 99 202 27 12 69 235 43 254 71 203 107 179 212 224
    196 118 38 158 203 40 176 1 163 132 249 123 228 73 202 227 195 121
    206 167 27 137 8 35 191 94 185 51 240 129 219 47 202 69 11 110 77 87
    140 179 246 90 231 199 46 25 221 167 48 101 139 147 159 68 43 181
    159 189 110 73 109 171 119 19 158 79 0 25 57 246 143 211 26 39 29
    216 209 109 208 83 212 221 156 48 99 81 92 216 44 119 149 69 252 172
    143 74 255 59 0 111 190 154 68 129 139 59 235 36 59 140 198 53 41 81
    78 176 29 175 174 17 61 148 165 25 219 251 243 172 212 72 177 87 56
    3 250 239 75 61 212 110 106 4 41 14 161 54 222 155 35 163 40 125 70
    197 111 63 50 34 64 137 28 168 140 65 26 130 125 248 216 160 45 178
    126 237 26 97 231 82 175 99 74 179 235 62 234 37 107 203 44 227 114
    163 131 14 109 29 179 254 155 107 70 27 45 186 126 230 226 165 120
    134 139 183 254 138 216 24 137 68 180 172 231 149 90 35 152 149 212
    188 32 34 216 200 137 103 160 138 77 34 200 103 106 213 117 2 198
    231 219 67 110 98 85 141 50 56 70 149 255 61 213 201 110 5 208 51
    235 77 4 34 174 69 96 5 128 154 131 71 70 33 154 186 117 145 118 42
    237 113 160 91 199 122 211 106 18 223 144 76 4 255 241 192 135 207
    77 11 133 133 158 29 195 211 132 52 111 149 202 140 124 113 242 88
    238 127 102 209 79 237 76 51 65 247 70 122 54 5 34 59 104 28 53 134
    92 237 254 190 26 136 136 23 150 159 147 31 106 85 55 255 72 40 230
    49 233 54 198 149 18 146 180 236 158 197 53 7 177 91 241 170 97 232
    111 19 37 187 223 214 159 215 16 227 177 218 137 74 202 135 180 94
    131 108 142 230 186 60 154 13 162 92 219 46 97 13 115 114 163 36 250
    102 235 66 9 29 18 81 238 58 11 74 63 246 105 155 245 49 172 245 82
    212 11 106 5 166 251 85 210 34 25 199 58 165 129 212 53 136 77 10 65
    7 209 13 143 20 245 42 102 5 29 25 213 182 250 129 104 216 68 119 42
    188 3 200 94 209 231 179 65 172 28 5 4 252 47 84 16 111 70 194 36
    219 70 250 125 209 195 183 112 34 31 128 154 219 75 183 155 4 7 54
    96 254 241 206 215 60 215 120 112 49 134 254 8 173 26 246 178 223
    189 57 91 90 97 26 84 245 33 74 250 232 115 224 118 8 9 101 170 211
    81 175 38 199 220 166 127 39 0 98 198 217 87 69 243 125 104 117 232
    42 213 168 54 177 221 200 115 29 51 36 111 31 120 152 115 162 68 208
    125 240 167 163 184 202 72 103 206 73 56 241 77 163 151 78 174 105
    240 103 184 198 74 230 240 141 215 117 97 209 176 67 238 175 5 247
    213 246 119 246 183 175 25 11 37 224 254 210 73 178 129 218 87 89
    149 21 145 225 174 177 81 233 172 161 117 217 55 190 178 71 217 127
    243 214 121 210 225 131 169 32 111 79 24 13 115 85 168 29 126 154
    158 189 153 45 181 239 7 140 61 150 197 11 186 209 158 119 253 114
    127 239 106 206 180 124 142 210 55 47 65 44 123 72 133 162 181 128
    107 13 246 97 29 187 241 108 149 36 239 63 185 51 205 188 64 16 139
    235 37 236 140 177 137 146 87 72 125 47 250 36 97 241 12 64 171 118
    148 4 123 41 226 177 18 37 150 202 92 140 32 54 213 172 164 34 63 14
    45 30 210 6 94 69 196 152 64 77 61 7 26 187 40 148 189 138 93 204
    250 166 125 244 64 108 46 50 197 61 131 122 103 254 39 198 142 62 24
    15 129 42 61 172 114 197 53 222 80 179 136 39 154 13 218 224 169 77
    3 203 109 77 203 227 216 164 146 239 154 82 135 191 123 41 114 60 58
    180 127 153 238 7 147 38 180 17 59 118 210 73 219 86 161 151 113 63
    95 32 236 4 26 193 164 190 99 144 72 227 59 188 231 25 248 189 195
    247 22 60 67 121 234 211 137 198 207 237 130 90 27 5 140 249 171 227
    219 166 160 116 180 46 121 195 84 241 47 207 248 180 108 35 110 184
    44 254 17 211 125 78 171 19 51 25 124 57 204 135 55 235 40 166 161
    236 199 254 129 73 17 25 11 133 233 175 151 103 150 171 78 56 174 78
    204 141 42 132 212 175 255 111 64 205 81 102 22 50 237 144 105 11 69
    106 16 184 124 237 200 147 10 181 177 189 19 46 185 238 62 69 173
    102 252 46 76 6 74 145 186 200 151 167 202 116 55 97 137 55 143 78
    192 241 14 53 240 226 128 164 198 74 79 209 240 20 67 173 77 69 192
    39 213 94 70 54 39 46 99 42 181 126 243 90 150 133 40 103 183 161 90
    59 113 226 37 214 87 10 106 111 239 197 54 255 141 120 138 208 120
    125 54 236 58 22 104 55 156 146 254 247 173 155 194 140 96 1 221 153
    233 142 73 89 89 226 174 103 145 160 217 240 22 112 210 241 36 89
    137 162 85 36 50 49 92 151 138 54 42 63 75 73 122 121 151 102 212
    247 253 241 237 206 106 107 118 175 46 239 233 141 225 75 26 25 248
    188 91 84 97 250 8 159 16 13 218 150 234 197 185 136 209 207 169 37
    130 195 4 69 195 189 78 187 227 134 96 162 138 182 110 123 163 54 86
    220 51 252 77 196 97 166 202 33 63 42 125 88 150 178 127 106 210 37
    198 35 214 195 81 44 154 56 72 254 255 242 149 37 241 7 42 64 67 20
    120 83 122 78 60 213 60 61 171 119 180 208 233 229 202 71 47 151 143
    91 69 106 66 29 234 155 117 43 193 42 217 88 86 0 168 27 152 166 3
    200 78 227 202 147 182 26 251 125 107 145 62 121 151 130 45 218 19
    33 3 0 220 191 40 149 105 155 240 236 178 21 251 212 98 112 196 23 9
    67 200 75 195 72 2 182 40 5 180 23 7 243 93 64 190 118 92 134 224 16
    181 136 132 32 4 6 244 146 201 57 96 150 149 197 18 149 168 202 161
    158 67 251 151 243 32 189 107 161 77 79 112 111 48 55 137 129 115 28
    148 160 214 149 179 114 126 218 86 185 165 162 31 24 48 49 119 191
    142 26 226 68 154 211 182 243 8 234 170 190 148 177 123 207 83 244
    209 188 251 215 79 227 54 166 131 199 238 1 35 200 230 12 40 38 230
    234 58 185 25 94 190 200 177 72 153 137 149 105 82 197 50 79 38 109
    219 31 198 192 238 18 204 142 126 113 204 114 186 54 91 20 240 139
    210 40 183 174 36 8 82 171 158 239 162 244 134 89 11 63 27 188 68
    159 247 100 53 125 104 124 92 69 116 206 187 80 165 177 251 57 230
    172 108 119 115 226 239 69 239 42 13 22 205 206 192 80 95 146 86 73
    189 59 172 179 219 114 117 178 82 132 33 126 106 216 182 144 95 37
    59 201 88 41 121 130 12 197 131 35 209 4 211 244 56 117 250 244 127
    71 78 115 238 49 133 84 111 95 229 24 47 157 36 3 94 175 236 150 43
    115 62 168 51 201 233 74 5 189 163 228 159 88 94 229 18 47 205 38
    131 253 17 193 57 241 154 240 239 178 150 161 60 23 56 17 74 28 163
    209 221 82 56 251 71 159 235 223 25 114 226 203 228 211 66 174 11 77
    95 113 144 38 53 143 147 150 93 145 149 173 238 223 245 14 21 169 25
    255 12 159 16 230 69 224 123 37 223 130 165 70 246 162 77 37 116 84
    25 42 240 154 94 189 181 211 127 197 181 205 10 79 7 196 8 251 202
    102 133 132 17 200 26 179 87 111 27 143 24 73 56 143 234 37 37 36 54
    246 148 86 247 111 95 7 82 163 197 91 2 95 53 172 111 171 79 8 34
    247 183 129 58 10 47 255 33 42 219 90 127 41 110 155 220 139 181 66
    9 191 10 242 83 85 51 152 151 197 35 30 19 135 143 126 159 189 190
    53 89 70 163 9 232 64 154 64 31 208 144 239 10 140 106 218 83 241 22
    203 160 210 114 109 64 157 64 72 37 58 56 236 162 16 218 101 225 65
    226 59 249 13 116 103 101 218 72 206 16 162 122 54 238 43 112 183
    141 11 197 31 163 16 191 146 87 112 209 189 78 118 86 228 218 173
    100 192 189 100 60 73 3 50 101 212 231 192 12 236 139 125 232 53 196
    117 189 117 89 248 115 237 188 207 165 231 85 245 86 81 253 112 210
    102 107 162 13 155 52 12 98 88 183 47 180 85 75 128 59 99 167 202
    128 112 215 181 185 58 240 222 148 145 244 247 9 216 117 79 127 61
    207 127 253 89 47 154 231 195 217 14 129 8 161 94 40 219 185 22 10
    118 158 205 58 39 86 34 41 98 51 71 23 167 90 168 46 212 220 77 27
    149 65 219 18 121 95 18 29 131 152 179 6 96 157 108 67 73 234 57 100
    31 76 54 241 51 226 96 144 106 226 183 23 249 112 213 253 126 183 77
    145 23 132 38 233 255 81 38 87 154 219 12 81 153 213 213 178 60 9 52
    197 19 255 201 230 201 140 112 14 244 14 27 84 52 141 227 219 182
    169 217 7 248 229 38 100 179 177 24 212 23 165 218 89 45 200 183 198
    66 72 204 7 155 150 221 198 88 167 154 181 205 120 65 22 113 200 211
    50 42 119 45 196 153 165 123 115 128 65 194 10 136 111 103 25 188
    204 18 59 172 49 207 46 137 75 234 6 146 61 120 92 54 141 36 186 30
    199 254 209 250 224 215 127 154 71 152 211 140 35 130 114 43 113 120
    249 113 121 23 67 51 228 154 255 95 253 232 179 200 249 83 123 53 91
    142 49 109 242 119 62 210 204 80 68 189 224 158 254 29 15 224 11 116
    195 164 227 232 125 21 33 6 158 95 51 76 129 103 207 117 202 144 196
    137 199 221 159 41 182 39 148 84 103 28 76 215 172 104 82 239 65 165
    205 106 207 174 2 62 27 139 55 106 13 212 189 64 7 107 158 30 118
    208 20 211 31 211 40 6 241 169 142 208 94 233 146 161 24 80 92 104
    173 188 42 89 113 138 104 110 53 150 229 157 160 249 41 174 89 34
    170 16 3 140 184 198 181 146 64 142 0 182 128 186 12 227 90 99 156
    96 41 60 218 191 182 160 144 199 81 148 161 80 167 163 31 92 42 120
    207 49 155 101 62 201 202 58 45 87 136 176 92 208 31 228 228 129 165
    72 215 140 5 140 17 248 9 213 163 79 73 57 142 141 92 230 230 165
    218 103 3 32 175 31 210 240 170 35 146 29 54 82 221 11 17 253 102
    181 92 205 147 180 70 73 189 143 233 211 16 88 71 88 85 92 70 3 88
    115 250 188 119 130 56 226 33 136 51 203 26 214 37 49 48 167 184 50
    157 234 86 56 41 82 242 213 17 55 246 55 169 114 144 59 49 54 215 85
    149 191 46 156 125 216 210 254 103 193 43 116 56 189 244 204 66 51
    43 232 103 93 128 26 34 209 158 82 168 59 37 38 53 156 252 161 200
    28 79 242 248 74 133 129 200 120 51 57 90 66 137 26 82 108 163 217
    134 123 47 229 149 217 165 89 214 221 136 101 164 73 187 35 70 7 157
    52 253 162 210 132 237 90 138 12 96 37 177 119 188 184 40 109 115 42
    93 13 181 155 53 209 74 164 207 157 220 196 186 95 231 254 152 34
    187 236 58 100 71 88 107 63 98 206 255 223 76 167 107 164 131 51 210
    178 74 172 207 122 180 65 91 223 142 196 92 6 17 77 44 231 94 7 227
    158 170 203 5 193 30 249 229 48 147 189 225 241 150 37 185 253 163
    13 61 253 128 192 207 185 53 222 160 238 145 113 113 67 214 111 111
    211 99 185 170 113 110 213 193 202 225 104 103 101 177 22 150 127 50
    159 135 118 59 139 227 44 194 252 48 158 210 113 238 110 81 72 105
    151 6 156 149 80 199 229 123 201 234 209 208 106 45 155 77 9 212 52
    178 143 78 136 149 240 171 180 23 224 153 157 44 243 135 198 165 154
    1 101 72 181 253 55 25 125 174 11 177 50 164 38 144 91 231 254 22
    230 90 155 28 189 32 31 119 189 243 32 243 215 66 146 196 176 224 60
    228 171 51 51 255 160 162 99 1 163 4 161 146 248 20 139 12 136 4 195
    61 181 156 0 190 88 85 15 205 231 0 130 233 206 254 31 45 65 96 235
    73 183 16 44 189 234 190 230 26 93 122 223 171 198 240 5 114 195 6
    189 119 113 169 142 199 206 21 5 150 129 33 215 130 116 68 149 22
    141 86 186 82 75 26 89 69 163 7 84 155 152 210 152 156 27 223 112
    225 66 250 47 28 181 118 130 8 57 23 225 114 159 113 13 128 139 109
    254 160 89 195 174 199 126 99 100 73 109 91 10 254 189 37 193 76 200
    127 255 8 154 115 11 165 41 208 198 139 66 242 102 234 60 50 126 13
    13 239 108 180 115 245 251 165 174 67 6 106 204 29 50 105 24 96 127
    217 213 161 13 13 231 240 113 198 52 46 30 238 55 110 71 120 117 197
    218 160 116 240 85 71 227 3 224 45 142 218 74 142 48 211 223 6 18
    143 53 214 8 21 132 192 246 214 251 85 248 38 49 177 44 176 102 24
    30 99 203 80 141 254 81 91 214 129 176 209 118 223 82 15 243 69 8
    191 75 200 8 87 162 36 129 119 50 35 122 228 116 104 146 181 19 213
    55 168 53 118 84 177 78 218 45 169 243 107 94 76 182 127 74 28 120
    192 36 242 175 25 213 100 3 61 34 30 116 243 114 184 184 255 103 15
    174 44 25 179 20 153 5 89 140 114 3 94 149 20 54 40 2 11 232 63 226
    140 206 7 82 132 35 8 137 232 78 21 109 124 157 82 48 187 193 108 33
    229 225 11 97 81 4 151 242 119 8 156 198 216 182 229 97 224 1 111
    168 73 121 30 87 38 54 100 100 47 231 175 36 203 36 49 67 95 110 174
    122 113 75 8 178 185 0 70 169 58 176 46 193 174 10 101 204 190 196
    58 251 181 167 87 203 82 175 113 104 233 210 154 101 84 86 59 220 2
    0 231 141 131 201 20 166 223 114 149 143 75 252 48 85 138 48 44 143
    208 207 17 163 105 208 21 113 228 96 107 122 236 22 111 116 222 126
    254 60 67 65 139 134 191 26 80 78 1 32 242 40 246 160 5 96 10 30 182
    1 219 68 78 240 34 59 61 195 66 200 167 180 119 1 145 230 212 88 179
    104 150 4 29 142 142 218 89 156 28 192 200 189 107 23 164 10 29 195
    213 2 82 111 66 237 235 215 146 205 40 107 36 130 103 207 13 17 37
    112 75 82 93 74 245 228 172 83 7 130 179 25 255 254 40 133 11 214
    227 239 15 77 130 80 209 236 52 240 7 61 39 231 164 214 201 233 156
    13 103 194 37 71 99 206 51 14 3 139 49 142 76 75 52 226 214 136 192
    192 175 197 116 212 89 164 253 93 234 144 99 58 35 36 169 125 216
    219 208 86 175 22 48 253 203 99 231 237 176 173 27 243 136 233 66 88
    112 185 35 119 57 59 66 240 192 118 12 62 31 138 164 96 83 210 163
    169 237 163 224 130 244 194 254 143 64 0 78 254 195 54 135 180 112
    20 13 176 139 204 9 38 143 1 105 239 221 69 200 4 155 50 99 212 223
    29 58 73 80 23 168 133 178 71 71 189 156 145 236 139 81 239 124 160
    147 126 12 122 106 143 61 195 13 235 77 224 31 48 120 18 223 227 113
    236 13 37 92 117 194 89 105 211 141 218 95 120 45 120 248 242 163
    194 251 51 239 128 212 29 246 57 99 205 89 165 193 21 129 219 147
    108 75 113 129 125 247 140 157 232 207 127 40 118 105 68 133 36 153
    196 20 247 44 254 231 107 223 61 200 10 200 29 68 134 51 41 218 180
    140 144 52 124 9 233 199 15 95 66 150 118 196 230 55 42 207 188 167
    97 187 8 115 214 69 85 150 137 109 141 200 38 23 97 197 253 67 147
    134 144 108 181 199 203 233 1 176 2 215 26 144 33 155 93 134 239 128
    130 35 163 105 18 160 32 97 30 105 11 164 216 92 170 30 139 212 202
    204 41 176 15 132 165 239 106 18 14 17 133 100 37 60 25 55 154 116
    211 239 206 50 174 59 211 224 181 171 107 233 216 0 43 53 149 170
    131 12 203 27 86 238 108 61 52 39 138 152 125 96 235 163 223 182 48
    216 134 253 116 240 4 114 59 168 147 223 146 103 233 210 130 232 231
    69 115 176 125 94 218 85 60 100 240 208 213 235 43 62 106 50 242 149
    119 231 84 217 25 209 132 34 47 230 243 53 113 97 149 188 76 36 165
    201 21 55 16 3 163 46 164 13 232 82 136 107 236 98 181 31 175 209
    177 194 146 111 217 159 234 73 94 246 147 153 220 145 221 48 23 36
    33 50 162 12 76 31 215 168 85 222 117 41 230 194 58 230 106 2 121
    166 122 4 1 116 74 205 57 216 91 88 89 114 78 45 187 188 222 204 233
    230 163 233 1 161 180 212 117 78 33 163 73 246 178 181 42 130 99 64
    145 175 193 103 41 70 149 223 124 235 170 214 11 31 18 104 171 50
    150 46 122 110 118 108 214 136 140 150 125 176 63 160 69 167 125 252
    86 152 248 17 2 116 161 152 201 148 22 244 3 190 228 45 62 229 217
    215 139 227 236 88 163 44 197 141 128 72 79 4 157 114 28 53 140 16
    64 100 12 127 219 150 12 125 223 11 237 131 84 220 253 63 40 101 185
    196 60 49 66 68 18 112 40 64 25 93 138 107 81 93 198 20 2 163 13 93
    85 115 53 10 151 160 215 37 187 249 149 180 148 84 38 207 122 138
    190 201 70 3 229 157 211 188 18 29 220 236 202 218 96 174 219 139
    202 177 206 40 253 129 41 127 197 65 185 65 8 115 118 184 11 84 208
    81 97 245 56 204 32 44 83 171 252 215 57 125 87 226 239 47 81 135
    190 24 3 222 48 153 170 136 127 132 1 90 56 101 20 66 189 93 0 248 5
    223 218 61 10 104 132 185 60 71 217 249 124 48 179 36 252 50 140 187
    28 31 204 90 139 76 195 249 237 247 123 30 25 96 62 175 117 16 80
    243 207 180 56 134 221 235 5 31 173 216 252 37 182 200 83 76 239 146
    132 59 236 58 213 146 54 188 232 139 120 40 141 167 107 23 94 223
    241 134 138 42 172 237 129 193 254 135 145 20 1 82 110 88 142 170 54
    88 89 88 202 116 72 171 131 27 97 121 90 86 196 158 6 78 234 6 161
    225 194 126 54 197 49 214 175 195 107 240 255 145 168 144 16 62 240
    181 130 187 153 85 182 97 240 144 181 82 249 77 245 251 208 181 55
    109 129 144 0 2 35 139 143 61 69 3 248 17 160 28 161 126 103 180 41
    93 100 79 137 108 250 61 4 27 117 254 231 139 27 252 116 63 199 172
    96 114 87 191 25 101 209 23 83 181 249 186 237 237 101 253 179 37
    161 43 154 46 166 170 19 74 184 192 205 123 0 20 174 92 58 194 150
    84 86 154 37 241 87 71 88 147 117 145 74 165 105 238 214 253 79 21
    184 12 37 115 6 108 80 73 56 241 12 204 253 35 170 221 176 78 178 45
    94 216 168 113 118 218 182 55 189 224 225 100 146 205 69 231 8 74
    251 111 28 223 174 101 250 180 151 13 71 85 10 79 176 30 9 231 155
    215 46 231 104 103 100 60 230 224 175 66 60 243 1 2 76 153 146 17
    220 195 168 188 249 24 132 6 252 120 10 107 17 195 135 39 219 215
    184 236 58 110 236 39 114 106 176 51 222 43 211 6 52 68 248 251 34 9
    125 9 250 102 31 221 14 46 198 88 148 98 108 215 131 13 221 76 161
    134 255 136 132 178 51 143 118 123 99 233 171 254 136 211 14 61 61
    116 207 227 147 156 70 14 137 87 101 170 239 86 94 41 255 47 91 171
    102 31 254 244 54 112 86 8 217 27 162 155 174 206 150 223 224 240
    142 17 150 125 173 22 46 188 72 67 237 210 236 182 124 3 100 124 58
    206 39 54 97 44 52 235 81 55 150 117 253 67 70 168 238 33 83 4 142
    25 30 222 140 132 50 47 144 121 19 119 185 15 250 198 217 129 216 3
    58 129 6 206 211 43 59 145 188 159 248 134 140 57 149 103 157 169
    107 13 174 140 225 98 204 103 12 82 3 238 182 139 119 202 125 253 74
    188 250 46 14 153 162 200 213 236 138 31 58 209 253 87 23 255 175 99
    23 136 130 88 229 99 14 22 38 212 96 48 85 98 144 112 98 126 127 245
    42 148 32 92 109 83 248 70 116 200 31 71 235 211 32 11 181 142 9 53
    192 32 229 69 158 235 75 153 83 148 190 168 124 101 226 199 183 82
    61 25 130 208 63 24 17 19 152 248 189 36 3 198 115 102 232 6 119 140
    3 131 195 90 113 93 64 213 143 57 121 7 115 180 250 172 250 206 31
    141 49 119 140 151 217 92 125 147 36 37 42 226 67 86 228 180 119 27
    21 92 100 21 37 124 85 193 159 173 50 22 79 244 186 244 87 175 191
    152 194 51 6 116 181 143 31 47 160 88 220 49 119 148 243 37 5 160
    144 175 165 140 144 39 250 224 227 144 229 75 203 124 6 40 38 144 17
    186 117 133 152 127 133 139 203 219 97 59 94 246 18 112 167 122 187
    160 55 126 136 43 74 158 138 111 152 206 13 197 139 193 0 141 51 123
    43 213 57 46 160 102 191 192 223 90 93 250 204 238 147 1 214 165 28
    156 182 239 113 78 53 39 83 5 174 211 133 167 77 110 18 249 208 53
    198 58 224 16 69 162 102 218 87 108 27 16 89 97 42 1 106 198 210 171
    83 22 46 190 204 179 122 205 131 166 242 17 253 232 93 51 218 115
    111 210 52 134 157 54 26 109 233 63 236 112 171 2 21 162 107 15 112
    50 164 119 216 94 111 36 254 236 51 137 78 101 132 246 125 101 151
    215 249 153 249 248 181 90 162 45 251 252 101 45 74 135 214 204 160
    241 238 29 90 219 200 207 249 66 217 18 10 240 39 62 8 98 32 180 185
    0 107 171 217 138 168 39 212 113 232 195 156 134 186 20 92 70 181
    239 235 39 8 252 175 102 9 99 5 254 138 66 77 124 238 20 10 194 220
    122 152 169 107 176 197 175 86 250 188 7 235 17 206 247 49 145 80
    119 218 155 167 244 40 252 42 94 113 68 72 8 180 84 106 240 82 250
    60 195 111 6 128 40 96 151 33 242 40 23 192 218 37 222 25 50 200 60
    38 77 196 46 205 178 203 196 37 2 231 59 236 115 203 202 82 106 241
    250 6 44 97 136 186 11 164 128 151 74 247 13 102 20 105 77 129 67
    163 139 155 124 75 119 166 139 176 51 237 80 111 236 252 163 23 253
    26 61 161 103 156 2 193 149 15 74 110 166 140 192 219 121 190 182
    227 97 45 172 125 97 179 246 125 190 110 190 233 163 251 43 145 241
    56 207 101 45 250 50 37 78 33 138 182 87 15 139 114 70 65 201 255 33
    178 103 33 2 5 25 46 22 178 204 197 179 29 251 50 105 168 39 145 101
    19 244 92 2 45 166 47 229 254 134 125 224 75 104 220 118 114 68 23
    13 183 181 177 61 63 166 241 46 25 74 15 118 168 72 237 39 200 217
    49 102 10 155 26 196 43 133 142 45 74 41 208 16 153 147 124 45 181
    192 230 142 79 120 48 194 215 44 111 2 1 239 230 35 200 6 14 129 17
    55 52 5 157 68 170 231 87 68 222 228 100 159 43 223 90 227 227 141 0
    52 98 167 57 238 137 217 134 237 218 80 30 149 85 233 110 136 204 70
    22 141 22 226 192 176 130 218 49 251 242 109 215 120 149 95 19 122
    25 249 145 149 145 100 144 70 196 114 65 97 234 161 153 126 13 77
    131 66 38 55 228 104 44 132 23 253 226 59 147 135 146 47 244 221 102
    133 85 194 7 43 67 37 188 90 111 137 249 138 214 6 51 160 172 44 17
    131 224 91 159 252 245 77 250 153 134 184 48 76 237 162 141 159 123
    20 191 251 56 21 96 135 114 237 220 222 7 246 200 134 227 133 212 38
    207 17 165 17 29 62 238 149 213 235 146 111 32 129 191 31 9 96 124
    127 218 156 255 140 122 124 234 160 43 148 12 82 58 107 106 204 164
    30 118 6 142 83 12 31 205 52 1 33 255 247 5 118 45 164 229 26 34 210
    251 76 75 123 140 36 64 213 70 11 167 56 109 115 231 52 53 131 112
    201 80 240 122 54 218 50 195 18 167 224 196 32 21 26 220 141 148 250
    160 139 24 95 45 73 82 132 218 149 205 243 216 162 241 151 133 107
    253 160 51 87 141 43 205 125 232 213 29 230 105 251 248 100 177 78
    240 176 206 185 74 15 223 135 12 116 4 185 189 231 194 165 122 68 40
    172 91 182 209 246 103 243 12 109 199 156 83 226 242 160 157 243 119
    233 108 96 155 41 16 139 85 243 94 113 103 119 148 230 250 140 66 4
    46 27 61 168 101 96 89 120 102 173 196 119 236 153 139 173 239 118
    50 185 241 71 18 53 179 192 110 4 184 153 92 8 214 140 164 59 76 9
    170 247 248 237 198 145 90 63 254 95 103 22 241 102 26 199 131 233
    223 223 93 168 92 118 144 227 181 212 82 165 82 153 181 10 156 224
    225 112 117 173 117 51 107 202 238 249 21 7 215 197 94 156 171 234
    253 192 39 211 98 187 2 25 67 3 115 226 126 224 126 32 254 251 94
    128 50 7 46 242 27 107 94 244 11 46 153 125 247 6 119 14 139 72 236
    16 17 122 132 153 162 110 249 204 146 81 67 54 144 9 223 112 53 182
    119 184 227 160 162 28 53 183 80 53 8 74 208 213 72 97 111 18 130 93
    7 75 221 99 81 204 14 20 241 104 93 162 191 153 253 213 236 143 208
    233 91 140 100 164 195 156 85 227 238 164 94 24 46 181 127 144 75
    150 1 70 199 94 195 137 216 135 36 78 161 54 181 97 28 34 154 154
    105 231 217 136 227 61 195 221 157 46 33 210 237 149 1 114 224 174
    33 90 125 56 159 3 116 126 58 13 215 240 62 165 105 126 85 101 213
    110 78 121 6 157 155 18 214 120 233 209 248 213 142 155 105 106 233
    3 184 166 244 233 58 194 26 11 126 243 76 167 246 232 241 81 39 52
    80 7 113 194 92 58 129 205 183 127 207 57 254 212 207 253 19 224 13
    252 106 72 255 184 36 172 123 105 244 193 167 226 137 220 228 59 55
    59 187 177 73 31 212 109 13 215 178 105 130 29 218 56 80 217 107 43
    98 205 17 153 176 38 88 130 112 184 38 200 249 47 204 44 93 60 229
    126 176 56 160 185 219 196 139 36 183 142 124 200 99 203 135 138 86
    137 188 164 103 121 249 250 50 2 202 143 13 62 107 170 250 191 209
    137 51 68 55 147 232 180 186 213 175 198 26 97 185 58 52 98 220 209
    112 18 84 48 239 125 123 59 150 193 52 201 66 238 132 112 240 193
    175 34 111 6 10 250 226 7 213 227 66 84 116 27 201 153 77 152 186 58
    151 160 67 28 21 249 218 71 248 92 116 60 172 117 53 195 206 206 139
    28 184 221 109 96 251 82 255 44 240 157 87 112 1 120 50 207 16 197
    144 137 117 20 185 35 83 90 85 222 109 196 84 118 199 143 178 45 180
    253 75 115 240 208 176 223 116 35 147 120 254 235 235 142 32 215 232
    105 56 183 193 169 221 153 231 72 121 43 141 3 252 231 204 236 18 39
    45 184 121 159 238 154 241 93 94 126 145 101 144 154 200 191 36 210
    137 253 179 243 123 132 146 8 255 114 140 173 173 42 6 117 221 153
    156 181 196 108 124 14 131 184 68 3 182 253 82 18 8 173 80 146 155
    201 205 80 35 51 8 16 148 229 16 152 138 29 105 104 200 138 243 66
    177 114 166 24 50 112 86 71 143 17 249 90 37 99 227 254 241 253 139
    122 7 131 38 218 36 201 187 231 54 26 134 223 212 51 97 59 39 68 196
    226 160 156 51 137 77 70 220 184 133 126 201 209 6 138 202 203 140
    218 50 220 221 88 147 114 14 185 9 65 57 193 126 214 13 29 197 105
    222 16 34 234 62 167 13 239 185 123 130 185 22 203 72 71 153 199 175
    237 53 34 213 222 164 248 21 202 52 200 116 76 126 64 191 142 48 79
    143 194 164 70 117 140 168 47 237 213 50 56 62 23 65 70 234 11 73
    233 218 104 44 63 73 237 38 132 204 41 130 145 139 244 153 110 63
    110 228 62 10 51 80 96 189 185 81 67 211 226 237 102 85 76 55 127
    107 202 104 223 243 90 17 52 206 91 75 97 146 244 161 75 211 27 47
    148 73 78 222 139 186 157 158 250 236 20 153 169 2 204 45 140 162 8
    163 248 118 15 130 90 73 189 52 228 218 7 254 243 38 53 231 192 0 71
    138 195 4 133 235 80 158 29 62 151 76 116 59 150 117 142 169 173 252
    154 48 83 195 195 64 248 231 189 228 35 166 245 244 80 162 69 57 75
    231 183 137 119 173 159 74 64 13 39 40 182 110 195 54 23 123 44 109
    110 150 26 63 185 137 38 190 233 77 124 174 145 144 183 127 60 88
    246 174 250 25 92 108 142 169 212 23 77 151 230 222 209 154 147 204
    183 114 56 124 153 229 251 247 14 148 189 74 230 159 148 43 252 89
    184 159 46 189 70 247 32 81 32 189 151 76 76 201 156 133 40 55 242
    77 216 151 51 139 162 104 122 77 250 46 25 148 58 72 206 144 68 81
    224 243 105 41 88 178 97 234 201 228 153 59 87 88 60 192 247 239 185
    23 115 243 66 229 229 251 17 65 245 5 202 50 50 131 150 42 23 191 43
    201 130 182 144 62 202 151 77 5 132 186 28 126 89 208 224 212 5 157
    140 57 183 144 224 234 33 228 147 33 157 96 226 128 133 18 103 147
    92 95 230 129 237 166 116 80 150 130 102 107 103 9 112 151 78 25 130
    190 80 47 234 29 92 253 222 152 162 191 86 203 201 1 155 42 131 47
    100 137 122 58 215 222 153 137 70 9 206 56 182 144 75 131 198 178
    201 125 80 68 15 56 157 37 174 225 193 218 88 185 36 196 104 66 230
    141 137 244 120 108 63 187 155 114 22 182 47 57 235 220 212 61 113
    227 8 249 187 26 18 215 43 162 142 20 61 193 108 87 138 103 236 50
    45 106 3 233 240 44 166 86 56 146 227 22 36 206 61 118 234 25 48 54
    203 167 37 59 214 18 221 6 15 158 240 238 228 214 222 214 173 211
    158 59 231 63 0 64 61 116 98 84 28 56 223 79 147 74 35 178 238 199
    216 170 36 37 25 242 136 174 224 215 36 183 129 240 75 48 23 82 81
    26 67 160 106 36 86 119 38 26 241 58 33 183 154 61 194 19 36 127 228
    237 135 243 28 229 180 250 55 194 182 45 156 44 229 124 231 111 236
    199 244 163 120 9 120 80 8 129 223 195 40 88 161 228 87 238 45 131
    245 221 20 176 132 100 38 105 111 201 154 59 215 5 58 176 176 20 60
    68 253 182 140 40 28 22 177 98 174 12 174 14 250 197 57 240 143 168
    147 176 135 85 24 236 55 80 122 33 85 111 71 134 21 0 58 189 51 147
    173 177 141 131 192 105 144 207 99 56 91 122 39 200 2 160 239 144
    194 211 210 102 161 81 106 37 24 38 13 6 168 7 111 22 11 129 130 120
    217 104 118 172 57 71 111 1 169 60 40 125 138 225 2 26 122 37 169
    203 7 224 88 224 254 190 82 209 157 85 39 23 129 12 68 18 158 54 177
    41 25 174 163 187 160 119 77 217 199 146 158 152 203 138 166 2 49 85
    34 230 97 69 234 181 204 118 4 158 54 134 185 114 109 147 171 42 81
    11 202 83 183 139 148 210 63 180 30 167 213 114 156 150 37 251 254
    158 117 248 60 9 33 85 112 7 144 112 99 175 157 191 16 137 128 245
    119 190 198 64 10 196 197 120 224 24 208 95 14 22 253 203 236 151
    197 49 201 226 91 36 233 84 5 172 122 112 164 136 226 84 193 114 31
    217 127 151 106 44 222 65 141 23 218 174 177 252 50 207 11 228 211
    32 239 219 24 201 25 106 172 63 244 175 236 64 97 6 21 252 155 32 30
    195 238 255 96 104 201 136 138 223 9 227 253 20 112 231 179 112 235
    128 114 130 66 26 115 47 29 198 99 66 65 53 169 52 179 79 148 209
    152 75 187 194 185 77 48 175 227 60 78 155 211 85 89 224 144 50 53
    109 140 193 159 161 203 70 113 195 69 13 125 33 196 84 133 132 62
    139 178 153 158 100 150 225 118 13 182 96 94 181 28 169 238 190 44
    197 124 46 37 50 26 240 37 166 153 222 91 160 48 193 112 107 42 208
    109 115 27 53 80 76 101 122 63 169 167 111 171 105 49 88 24 83 38
    163 149 59 15 58 222 120 131 200 154 180 207 179 8 159 75 189 243 10
    202 52 102 135 125 3 189 136 142 3 203 230 87 4 217 122 23 161 94
    242 9 215 199 115 118 144 53 92 230 137 69 158 201 13 16 44 201 210
    230 163 52 109 185 108 113 145 53 211 230 238 147 163 198 119 148 0
    220 15 120 88 99 171 134 234 0 50 177 168 231 123 174 78 85 153 41
    118 187 95 35 20 204 156 1 161 52 69 110 51 157 61 255 170 53 174 78
    214 185 231 77 169 67 225 255 203 197 25 198 231 207 149 1 159 120
    51 177 25 185 82 140 12 163 204 233 109 228 18 141 5 53 158 130 182
    60 183 181 240 91 22 181 149 232 179 136 114 52 62 46 238 68 84 185
    77 113 92 135 56 186 23 55 17 0 252 234 55 52 122 83 35 158 94 138
    82 196 105 34 55 77 105 133 173 68 225 88 22 161 77 150 54 9 238 46
    106 169 230 8 205 211 30 27 86 53 49 187 158 235 2 226 94 83 163 182
    21 102 235 186 111 141 242 125 121 198 190 195 40 180 29 246 130 201
    125 237 33 220 126 97 86 5 129 232 140 128 207 248 86 184 187 26 55
    21 15 66 68 146 64 4 122 250 224 65 255 145 204 107 118 147 22 136
    23 67 123 14 245 20 99 138 128 143 79 71 57 91 76 100 105 86 112 98
    17 201 231 166 26 161 115 122 105 55 17 247 255 26 175 32 118 133
    158 154 128 146 137 159 30 19 119 18 172 31 34 36 176 173 208 24 239
    217 171 12 141 61 223 53 211 140 130 57 166 179 185 255 72 236 88 11
    123 74 140 178 250 109 142 193 132 23 194 145 161 222 218 37 58 19
    156 109 114 149 131 179 228 66 71 135 131 180 214 219 202 61 157 117
    166 245 237 32 139 61 50 5 180 213 230 142 6 234 254 213 89 119 130
    226 181 3 171 179 109 157 78 68 114 117 0 22 188 190 186 162 190 11
    168 184 27 35 170 196 57 84 238 248 48 217 157 148 108 144 92 189
    246 30 41 236 142 230 190 198 6 59 146 200 116 197 189 121 75 229
    208 222 3 242 87 8 219 38 213 164 224 120 86 158 157 166 22 255 196
    50 127 107 83 226 50 185 80 199 45 108 140 223 36 46 172 1 63 28 53
    186 46 174 31 205 68 38 124 101 140 69 75 11 91 65 179 172 210 117
    159 89 113 58 241 64 120 166 189 3 203 173 74 243 80 241 181 210 252
    242 9 102 233 95 179 141 107 193 98 156 14 202 101 23 186 178 53 40
    28 80 173 152 1 239 161 250 92 108 13 199 241 189 28 181 179 232 232
    39 36 0 196 252 151 112 69 187 14 65 134 29 41 152 114 90 22 43 10
    32 117 153 46 113 53 6 7 172 252 231 120 188 35 234 68 252 197 121
    157 190 18 42 90 28 43 91 16 125 152 142 248 104 170 41 137 9 143 38
    25 193 100 11 85 83 39 75 150 141 186 9 87 62 213 246 59 54 72 196
    170 161 171 7 227 156 101 227 175 20 241 184 204 57 254 239 226 124
    211 60 59 251 229 189 221 145 164 145 19 250 94 10 229 154 83 162
    151 47 148 172 83 112 195 167 148 197 217 213 152 210 4 52 171 236
    104 200 1 237 37 128 170 233 184 185 38 87 176 112 52 56 10 143 115
    9 53 44 203 40 188 130 61 108 243 187 200 119 39 180 73 96 87 61 77
    213 79 72 133 241 9 4 116 28 164 142 131 154 224 109 64 255 21 159
    247 130 222 243 225 85 100 176 196 78 252 183 201 191 153 175 109 51
    13 238 210 149 130 81 94 203 143 228 123 251 111 244 160 72 137 195
    255 183 219 134 192 53 27 74 254 151 223 39 92 223 225 197 73 200
    129 82 95 221 96 43 153 138 199 249 12 41 28 106 121 101 36 181 121
    79 86 190 16 2 138 70 126 2 179 218 44 252 93 182 203 110 24 251 231
    8 154 222 130 133 204 47 187 211 120 152 119 141 248 31 124 89 142
    10 109 38 175 186 15 43 195 29 35 98 255 120 160 206 102 168 250 78
    161 164 98 14 171 18 186 125 1 251 132 44 142 148 109 97 168 144 216
    120 34 230 56 48 131 219 197 234 183 75 158 203 81 136 41 249 62 106
    185 148 24 14 52 170 7 71 156 15 150 13 88 243 42 204 190 69 157 197
    183 92 219 137 222 173 22 16 207 72 112 197 83 217 21 165 202 63 200
    136 171 166 73 203 172 127 13 157 243 47 92 43 66 207 61 37 126 169
    218 118 82 114 53 30 49 111 187 222 128 140 172 33 3 183 143 118 184
    205 199 71 183 197 156 101 97 211 57 206 55 205 104 202 239 93 248
    255 60 189 31 118 126 148 103 141 193 133 6 162 150 55 153 69 185
    157 131 147 181 93 39 245 82 175 93 195 131 101 94 95 153 193 161
    219 113 202 81 91 189 176 69 81 245 214 34 15 97 199 151 157 117 204
    148 241 9 74 126 60 128 86 11 14 53 51 14 115 23 245 4 252 130 182
    52 203 58 155 4 33 169 223 136 58 227 186 114 26 222 44 97 133 47 76
    109 254 208 80 163 253 65 121 138 106 37 227 64 123 53 181 203 13
    197 243 152 184 181 118 26 63 71 131 125 244 178 216 85 106 154 109
    11 11 53 84 216 105 85 151 196 230 20 143 194 6 11 233 161 246 136
    130 181 71 85 156 51 205 47 146 237 15 95 177 93 199 244 193 19 195
    139 16 39 31 168 215 76 202 65 243 243 142 161 43 197 133 72 176 209
    184 90 220 204 242 100 79 150 210 184 89 161 175 143 106 125 98 40
    66 156 196 194 239 9 131 47 114 129 165 62 181 217 166 236 111 88 0
    237 218 156 3 149 246 114 69 231 25 5 54 15 233 104 128 213 56 77
    173 151 4 239 114 1 75 83 253 197 82 245 247 219 212 185 186 10 15
    235 162 145 182 135 92 28 66 146 28 39 203 229 107 157 199 215 246
    58 215 227 182 61 254 197 87 182 134 106 89 22 47 41 124 43 175 240
    3 119 28 32 119 25 69 94 95 138 248 18 219 108 3 76 27 106 133 79
    194 185 153 65 247 54 178 246 207 212 157 156 161 23 161 253 225 220
    236 148 114 127 253 179 86 102 168 109 215 101 219 149 103 105 51
    117 166 152 111 191 150 251 228 116 67 88 202 17 235 32 225 3 93 151
    155 9 109 238 66 231 229 146 245 56 220 101 3 16 95 15 230 88 107
    152 214 80 20 55 221 165 133 202 64 67 41 183 107 254 193 109 88 164
    233 68 28 143 197 39 118 210 198 142 64 22 195 184 140 148 109 173
    131 174 88 8 22 147 93 33 249 58 11 8 39 130 224 131 135 9 128 208
    160 185 202 72 167 201 67 182 102 223 80 4 136 248 101 236 77 183
    191 152 82 65 144 180 13 207 50 238 36 146 89 47 165 212 219 58 98
    156 87 170 178 138 23 46 233 77 139 30 23 94 155 33 121 21 188 242
    28 119 4 217 22 202 130 143 78 118 30 13 135 5 77 131 116 46 23 27
    163 204 189 83 142 49 239 9 229 115 168 246 168 67 99 46 183 223 146
    136 17 40 69 165 94 61 209 11 114 170 77 43 248 94 118 39 172 147 95
    26 30 186 111 27 244 253 75 62 241 78 212 203 59 83 138 50 226 53
    196 224 13 5 33 12 243 244 102 238 52 136 79 220 228 50 194 40 169
    193 3 237 118 36 39 62 214 97 129 191 92 227 210 35 77 55 130 193 5
    27 41 65 173 12 239 170 66 90 0 21 209 243 234 192 208 227 67 242
    198 182 3 3 221 118 123 67 199 115 25 189 105 203 45 194 174 7 170
    201 62 8 187 209 185 242 78 96 97 36 219 9 158 66 228 106 40 112 30
    241 159 113 15 242 162 29 125 85 217 179 241 222 12 81 75 251 109 40
    110 91 135 234 113 170 235 184 7 142 90 169 237 87 129 17 167 190
    154 147 78 170 216 95 237 69 167 144 164 2 216 128 70 99 23 164 76
    28 121 47 97 200 127 230 95 107 99 225 114 203 77 148 34 39 85 60
    240 194 163 106 149 219 89 50 57 63 129 128 138 7 90 248 40 176 1
    140 26 15 221 41 64 242 163 142 186 186 110 191 121 93 161 250 237
    28 221 35 124 41 48 146 40 168 55 206 40 228 206 67 241 91 33 86 151
    1 236 157 127 25 132 111 173 215 105 88 28 233 64 122 72 92 79 180
    232 153 14 168 191 65 8 133 43 48 184 60 223 114 104 157 49 49 67 18
    204 7 89 222 57 207 103 186 181 112 213 123 123 30 58 42 109 48 105
    64 109 205 155 221 249 6 208 76 207 94 255 56 193 76 17 35 72 35 32
    34 254 169 159 83 54 115 147 9 111 195 177 96 240 197 31 47 219 177
    157 180 91 22 136 36 137 141 128 101 162 99 229 93 88 53 201 55 188
    149 50 185 30 73 62 251 82 81 174 168 144 111 18 103 144 174 223 191
    29 227 161 216 132 73 90 199 210 98 131 125 196 229 87 57 72 33 60
    32 55 126 139 171 168 110 13 28 135 230 2 236 161 43 176 245 161 54
    61 83 246 228 98 68 205 252 169 227 155 227 42 178 221 224 155 147
    156 233 52 39 102 2 240 42 124 129 108 11 216 38 119 143 255 253 232
    136 106 124 51 136 129 118 249 13 238 29 101 170 229 85 165 189 190
    15 68 249 176 55 104 182 79 228 162 147 64 152 250 42 225 13 149 157
    148 245 60 88 223 61 149 109 193 142 51 150 153 236 250 81 17 140
    154 64 86 109 226 137 19 62 240 105 186 67 198 63 130 138 112 107 39
    139 203 251 246 36 140 251 234 26 122 98 193 151 177 84 195 60 157
    172 25 204 193 186 80 180 9 87 202 246 229 187 161 181 136 5 167 168
    104 118 67 250 197 103 144 100 211 142 239 25 55 248 8 151 127 117 6
    213 14 202 103 86 96 79 54 155 118 42 59 237 234 85 72 127 157 231
    174 172 104 90 119 245 73 242 171 101 197 24 105 189 15 230 193 93
    185 127 232 130 22 150 235 7 116 4 154 40 248 55 247 165 156 89 180
    67 92 106 7 50 251 53 183 96 5 191 80 66 254 211 10 9 128 38 56 6
    136 187 89 119 213 218 134 73 63 102 12 172 22 52 212 252 133 39 175
    184 176 38 7 122 183 251 164 64 153 190 39 4 112 114 153 230 103 80
    215 6 220 184 119 249 30 148 240 175 58 35 249 93 7 110 61 138 17
    160 204 94 218 144 33 56 157 170 231 93 111 203 24 141 245 140 4 13
    86 53 206 213 17 249 119 149 203 1 133 206 144 206 201 42 254 189
    119 212 63 190 38 150 46 103 159 128 185 135 13 49 44 29 69 65 130
    104 96 68 153 120 119 219 101 52 67 238 20 47 144 221 65 172 206 70
    89 103 137 227 154 51 230 241 249 4 126 56 244 99 178 76 56 85 115
    43 151 202 157 207 165 203 205 110 219 7 186 168 89 204 165 10 37
    101 5 174 84 131 193 168 234 237 196 199 70 9 238 213 246 171 212 66
    240 106 204 75 40 144 53 21 202 229 47 14 238 59 3 101 46 75 161 143
    186 222 165 110 91 114 170 2 243 189 146 188 64 44 147 70 148 83 121
    70 44 140 235 225 206 121 147 77 53 140 163 116 96 12 225 241 242
    236 78 247 102 191 210 216 160 157 43 210 106 225 74 176 226 22 253
    204 212 123 78 30 10 194 231 40 100 251 240 198 189 34 232 219 47 40
    238 193 177 19 168 237 122 243 203 84 38 92 155 48 90 222 72 202 210
    7 30 44 204 49 9 119 1 218 153 64 152 72 254 22 252 167 14 152 164
    11 217 40 147 185 202 216 60 121 120 24 225 1 149 83 90 218 165 105
    87 97 30 129 157 70 176 109 220 223 9 106 209 191 118 151 123 35 20
    234 114 126 167 100 87 126 124 37 14 195 188 92 20 235 153 83 18 190
    197 93 168 49 186 169 162 176 192 245 234 242 73 42 192 127 185 165
    98 89 232 206 89 32 119 127 75 0 181 2 230 250 62 80 220 194 182 14
    50 146 115 162 100 189 159 130 210 64 159 249 133 213 162 56 193 219
    185 132 95 253 168 82 175 140 171 119 219 88 84 123 91 251 152 233
    26 66 43 196 137 173 44 187 237 60 204 193 199 168 94 217 8 100 222
    37 53 134 32 172 91 142 239 208 41 225 183 164 75 116 244 118 8 119
    181 20 39 3 113 122 129 32 80 31 70 244 45 164 14 253 217 58 3 120 7
    15 174 152 130 35 182 53 138 21 229 201 100 244 82 171 65 34 36 142
    253 65 202 146 243 157 132 210 251 108 104 87 230 235 34 146 19 247
    243 104 102 3 119 53 251 231 214 40 18 169 184 38 31 222 160 31 108
    36 92 73 57 220 238 52 145 18 169 33 68 77 204 239 69 112 60 100 152
    92 75 171 90 196 91 64 8 229 197 40 3 224 173 122 119 183 178 56 233
    0 46 57 192 79 120 46 211 22 61 47 22 140 51 171 71 219 104 150 102
    89 98 209 103 194 94 152 214 139 69 3 245 190 54 83 107 99 115 197
    213 230 250 197 106 15 245 168 25 173 154 153 149 170 249 69 0 41 87
    48 196 202 29 243 134 31 176 249 12 28 205 90 243 45 240 86 69 243 0
    86 243 98 102 196 170 13 119 89 173 23 57 84 232 79 183 32 162 0 212
    230 129 91 30 56 32 254 39 75 20 155 33 39 226 36 22 89 120 21 177
    52 85 193 35 105 21 5 45 14 150 253 216 244 88 9 52 64 57 59 188 27
    237 169 138 233 174 129 89 67 227 130 239 154 148 72 37 12 118 117
    48 183 203 88 34 41 132 70 71 23 139 66 109 219 73 42 200 241 23 15
    235 206 169 66 35 229 30 232 101 126 19 144 83 102 150 254 57 167
    149 61 220 79 107 157 63 108 239 168 34 135 94 116 120 50 35 239 225
    195 68 16 220 248 179 78 146 113 47 26 134 187 5 14 16 151 28 211 31
    29 18 8 67 24 81 81 105 103 221 113 5 87 85 139 233 2 162 34 79 100
    232 247 44 254 228 230 253 116 119 176 203 106 18 217 238 23 25 53
    68 144 77 13 143 99 11 24 148 159 9 109 85 116 211 183 118 188 230
    86 118 91 49 3 150 63 155 92 216 24 170 160 17 212 53 197 191 107 24
    201 113 12 221 151 154 162 66 181 56 166 165 160 59 149 77 45 63 229
    10 67 166 177 131 115 47 74 181 57 8 65 90 150 30 140 154 191 140
    188 103 93 94 170 56 132 254 160 206 107 16 38 14 77 37 138 192 193
    156 125 197 40 67 187 144 188 173 163 24 123 188 49 176 236 151 254
    191 54 2 162 162 55 37 167 150 20 240 41 148 64 86 126 8 184 110 183
    249 30 249 127 56 46 221 223 2 124 100 99 228 80 117 11 57 73 91 249
    228 99 5 83 198 63 193 186 243 214 113 217 20 210 120 135 39 16 190
    233 46 77 163 230 165 205 53 154 161 37 227 39 105 9 150 54 227 229
    4 87 6 161 227 250 206 230 5 153 30 81 121 146 107 96 225 61 73 240
    117 131 169 69 128 212 66 225 4 68 215 51 156 184 34 189 4 234 104
    145 182 39 253 110 227 146 10 223 147 63 181 70 238 204 32 192 216
    34 171 115 93 61 160 64 65 202 10 32 108 69 77 105 52 221 131 211 9
    174 154 119 236 100 171 214 39 171 200 148 133 245 202 32 242 66 226
    152 239 239 20 130 4 216 172 85 18 122 106 183 166 98 224 36 231 156
    160 255 19 247 142 161 41 227 177 198 164 58 141 201 29 61 59 140
    172 82 136 72 193 218 155 13 61 52 132 225 235 251 146 239 144 161
    174 180 135 181 14 194 170 53 53 104 49 35 217 70 80 172 51 67 16
    144 11 200 68 131 68 126 116 40 41 93 104 19 62 93 108 234 220 134
    94 37 72 94 79 55 46 90 132 242 15 229 255 158 87 3 113 253 201 10
    77 79 243 98 105 57 149 27 21 14 211 1 213 15 155 154 155 230 93 64
    93 114 234 81 11 86 176 88 155 4 78 204 29 232 249 198 213 114 199
    103 169 56 145 138 20 123 207 160 4 137 254 180 169 182 218 180 255
    226 72 0 181 35 195 198 5 18 64 92 180 228 113 105 242 115 165 43
    213 142 27 15 63 10 14 232 116 51 170 26 176 237 30 199 236 212 75
    213 31 217 120 111 169 190 38 92 206 121 238 164 239 197 121 141 212
    4 14 124 187 43 199 93 109 82 2 19 235 137 186 223 244 56 227 139
    153 176 230 146 48 211 155 40 143 170 5 224 59 249 191 153 152 130
    163 149 27 237 99 12 179 39 89 51 19 165 230 180 1 225 80 124 179
    103 215 40 247 103 30 75 235 93 200 182 112 154 210 173 97 181 194
    110 122 168 45 227 62 207 93 153 194 141 93 49 196 105 240 130 27
    200 101 45 86 148 250 7 211 228 86 52 178 66 140 101 66 148 212 65
    254 85 90 150 84 210 32 72 252 112 23 55 149 133 145 107 91 48 111
    231 99 176 191 128 156 49 125 89 244 215 80 187 5 60 127 112 195 249
    13 236 152 71 54 108 168</data></test_img>
<my_img type_id="opencv-matrix">
  <rows>128</rows>
  <cols>256</cols>
  <dt>u</dt>
  <data>
    193 186 185 0 126 255 255 255 0 119 255 255 87 0 0 128 0 255 60 255
    0 83 163 149 0 118 17 1 0 255 109 255 255 0 0 255 0 0 255 121 255 0
    0 255 95 0 255 0 255 193 255 128 0 255 16 70 32 0 244 255 0 23 169 0
    0 255 255 255 0 251 21 255 0 156 0 0 0 223 255 99 0 255 0 0 0 255 0
    0 255 0 137 255 255 255 0 0 0 255 255 172 255 0 0 255 0 255 255 255
    0 255 61 94 0 255 0 0 0 255 255 255 117 255 255 100 0 255 36 255 255
    35 255 255 0 0 255 0 7 0 255 0 0 0 255 0 255 255 255 255 255 255 255
    255 0 255 0 217 240 0 255 0 0 255 255 0 72 168 0 255 0 217 110 201 0
    134 0 255 255 255 0 255 30 255 0 0 0 255 0 255 0 255 0 255 0 0 0 0
    120 100 0 123 0 255 167 0 255 82 255 255 0 0 255 0 0 255 0 255 34 0
    255 0 0 255 0 255 255 42 0 255 255 0 0 154 0 28 255 0 255 0 255 0
    255 0 255 255 171 0 255 255 0 255 0 255 0 143 255 255 255 0 0 255 80
    255 0 0 0 255 0 68 207 0 255 255 0 255 255 255 255 0 0 255 255 255 0
    207 255 0 0 82 0 255 255 255 0 255 0 0 255 22 255 0 188 255 0 1 0 0
    255 28 255 0 255 0 0 255 0 0 255 0 0 255 0 82 70 255 0 255 175 0 0
    255 0 255 69 255 255 0 0 255 84 255 9 255 0 255 0 255 0 255 0 255 0
    255 0 164 0 53 255 255 255 200 0 0 0 0 158 241 255 255 255 0 255 0 0
    0 0 255 176 0 0 0 255 23 0 0 255 0 255 255 255 255 0 90 0 255 0 255
    0 255 170 20 212 0 255 0 0 0 0 0 255 55 255 255 0 255 255 255 0 255
    0 255 182 255 201 119 11 255 0 255 255 176 255 0 115 255 0 255 0 0
    255 0 255 0 255 0 255 0 53 255 216 0 255 255 255 255 0 255 255 0 255
    255 0 255 0 255 83 255 255 0 255 0 17 0 255 255 255 127 255 0 0 0 0
    255 255 0 255 255 255 8 255 0 0 255 0 255 0 0 96 255 0 255 0 255 255
    0 170 0 0 255 0 255 0 0 0 210 255 0 0 255 79 255 0 255 0 0 255 255
    193 0 255 101 169 255 0 117 255 0 255 255 136 0 255 0 255 255 0 255
    0 158 255 0 0 255 0 255 255 0 183 0 255 255 255 255 0 0 255 0 255
    140 0 255 255 255 119 255 0 0 255 55 0 41 0 0 0 69 255 0 0 255 255
    255 255 255 0 16 213 86 128 255 255 0 255 255 0 255 255 19 0 255 255
    0 255 0 255 0 255 0 255 255 255 0 72 255 0 235 0 255 0 255 0 255 0
    255 0 149 255 0 110 0 255 255 0 255 0 0 0 255 255 255 255 0 255 255
    0 0 0 239 0 255 97 255 255 200 0 53 91 255 233 218 0 0 0 123 0 255 0
    255 0 255 255 0 255 172 255 255 0 255 255 0 255 0 0 25 255 0 0 246
    255 255 0 255 0 255 14 8 0 255 170 0 34 0 255 0 255 0 0 0 255 0 0 0
    0 22 0 255 255 255 255 0 255 0 0 0 255 255 0 255 251 255 0 0 0 0 0 0
    255 111 0 0 255 0 255 0 255 226 255 0 255 0 0 203 255 0 255 0 255 0
    255 255 0 0 255 0 123 151 0 255 0 255 0 255 0 255 255 0 255 255 0 0
    139 255 0 214 0 0 255 225 255 255 0 255 0 255 74 0 0 255 0 255 255
    255 60 255 31 255 255 0 255 0 255 0 255 193 255 0 0 175 255 0 255 0
    255 255 186 0 255 213 0 0 255 255 50 132 255 0 0 31 241 0 255 0 196
    255 0 0 0 255 0 255 0 255 0 255 66 0 0 255 255 0 135 255 0 148 0 255
    0 0 255 0 255 160 255 218 255 0 255 255 119 29 0 255 68 15 0 255 0
    255 11 0 255 255 255 0 0 156 0 255 0 0 255 222 0 255 255 255 0 255 0
    255 255 194 179 255 255 0 255 255 0 255 255 0 0 255 255 119 255 255
    160 0 0 0 255 0 155 0 0 96 255 94 0 255 255 234 0 107 255 255 255
    216 0 255 0 152 255 252 104 255 0 0 255 0 255 255 0 0 255 255 150
    160 0 29 184 255 0 255 0 255 0 0 0 255 0 0 0 66 103 255 255 0 255
    255 0 70 255 10 255 255 0 255 255 255 0 0 0 255 0 0 0 145 0 163 255
    237 0 115 0 255 255 0 0 0 255 0 255 0 255 0 255 255 0 255 255 0 255
    255 0 145 0 255 255 255 20 0 255 0 255 0 255 255 229 56 255 0 109
    255 0 0 255 255 255 0 0 0 245 0 129 76 183 0 0 255 0 255 0 83 0 151
    0 255 151 255 0 255 233 255 0 88 0 255 0 11 0 255 255 0 0 0 255 0
    154 7 255 0 255 0 255 255 0 12 0 151 64 0 255 0 85 255 0 255 255 0 0
    255 0 30 255 124 255 177 0 0 255 255 0 255 0 255 255 0 255 0 255 0
    223 255 106 139 0 253 255 0 255 0 255 255 59 0 0 255 0 255 186 0 255
    0 255 0 78 0 0 255 0 255 0 255 86 144 255 128 255 255 0 0 255 0 38
    255 255 15 98 255 0 254 0 255 0 255 0 200 0 255 154 0 0 255 0 255
    255 0 0 255 0 255 255 212 255 0 0 0 255 255 28 255 32 231 153 0 255
    0 255 255 137 255 0 95 255 0 255 201 0 255 0 50 0 255 49 0 0 255 0
    58 255 0 159 0 0 255 43 255 0 255 255 191 255 0 255 0 0 75 255 255 0
    255 0 255 0 0 0 255 255 0 0 255 200 2 0 42 0 255 163 0 0 255 0 0 0 0
    217 255 255 0 13 18 239 0 255 255 0 119 255 0 255 50 109 255 0 255
    255 255 255 0 167 157 0 255 255 0 255 0 255 255 255 255 255 0 144 0
    244 0 255 0 188 255 0 255 255 0 0 255 0 255 0 255 0 255 0 0 0 255 0
    255 0 255 0 0 255 255 0 143 67 0 255 0 255 255 0 0 0 218 255 0 255 0
    255 36 255 255 255 0 155 0 121 0 0 255 0 39 155 0 0 0 255 255 0 255
    0 255 255 209 255 0 255 255 0 255 0 0 255 0 0 255 0 255 0 0 255 0
    255 0 155 161 0 255 255 54 0 255 255 255 85 0 255 255 0 255 255 235
    167 0 255 255 255 0 0 255 0 0 0 255 255 0 0 255 0 255 255 0 255 0 67
    0 0 255 0 255 0 0 140 232 0 255 255 0 63 255 0 0 139 0 255 0 106 80
    0 255 0 0 0 0 255 172 254 0 96 254 255 255 0 255 0 255 0 0 255 0 0
    255 103 255 169 0 92 255 255 0 0 255 183 255 0 23 255 46 255 0 0 202
    255 255 0 255 255 255 0 0 0 255 255 0 255 255 255 3 233 255 255 49 0
    0 192 245 0 0 255 255 255 0 0 255 0 255 0 123 3 0 70 0 0 255 0 255 0
    74 0 157 243 0 128 255 125 255 0 0 133 255 255 255 234 0 0 255 75
    255 0 45 255 255 0 255 0 148 255 0 255 38 0 255 255 0 0 255 147 114
    107 255 255 0 0 255 0 132 0 14 255 0 178 255 0 255 0 255 255 249 0
    183 192 255 255 7 255 54 255 0 255 0 255 255 0 255 0 0 0 191 0 0 255
    0 255 213 255 255 0 175 86 255 0 255 255 0 255 53 255 0 255 255 0
    255 31 100 0 0 206 255 0 255 0 123 59 255 0 116 255 255 255 0 255
    255 0 255 255 243 0 255 199 103 178 27 0 85 255 255 0 0 255 0 255 0
    255 0 255 0 0 231 255 0 150 0 255 206 0 251 255 0 152 255 255 255
    255 0 255 0 255 0 255 255 255 255 0 255 255 0 255 142 182 0 255 195
    255 0 0 255 255 63 44 0 0 255 0 255 255 1 255 0 255 0 255 27 41 177
    0 255 0 0 255 0 255 0 255 0 0 255 255 0 0 255 0 255 0 94 0 0 255 0
    255 156 0 214 255 255 0 255 0 255 255 255 255 0 75 255 255 255 226 0
    0 255 255 0 255 255 0 186 255 255 255 0 0 255 0 255 0 255 0 0 74 0
    255 0 181 0 255 0 0 214 0 255 255 0 255 0 0 255 255 0 0 255 0 255
    255 0 255 255 16 134 0 255 255 255 255 255 0 255 255 0 0 255 0 255 0
    0 0 215 255 145 0 30 62 103 0 0 49 255 255 40 202 1 0 148 0 0 255
    255 0 212 0 114 255 0 255 0 115 0 255 192 0 0 255 255 0 255 255 0 96
    0 108 0 255 172 0 255 86 241 255 0 0 0 220 255 0 158 0 0 244 0 255 0
    255 0 255 0 245 0 63 0 255 255 0 0 0 255 0 0 255 255 81 255 0 255
    255 255 255 255 0 255 255 255 0 0 255 112 0 255 0 255 0 234 255 255
    0 0 40 0 255 0 255 0 255 44 0 255 255 62 0 255 0 131 0 255 150 226 0
    247 0 255 255 0 0 0 3 255 175 176 177 255 0 140 255 0 255 255 255
    121 0 0 255 0 0 0 255 0 255 0 255 255 255 255 0 90 255 0 0 255 113
    255 255 0 255 192 44 255 0 255 0 33 15 0 255 0 255 255 199 255 0 0 0
    255 255 0 255 200 0 255 210 255 168 255 255 0 55 255 16 99 255 39
    204 0 255 0 255 255 255 255 0 0 0 104 0 226 0 255 43 30 0 0 0 255 0
    0 255 0 255 0 95 255 0 0 255 105 0 255 255 255 60 48 255 255 0 255 0
    255 255 255 244 0 255 229 255 0 0 255 255 0 255 255 251 255 40 0 0
    255 0 255 0 0 0 255 0 255 0 0 0 77 0 0 255 0 0 219 255 109 0 0 0 0
    255 156 255 0 0 0 255 255 140 0 255 0 255 255 161 214 182 0 245 0 0
    12 49 0 255 0 0 0 255 255 249 255 0 0 0 0 255 0 255 0 255 0 255 0 0
    255 255 0 68 226 0 255 255 0 255 0 255 255 220 211 255 0 0 255 255
    255 255 37 28 108 255 0 255 255 0 0 255 78 230 255 170 255 255 255
    255 110 0 255 0 0 255 0 24 255 121 0 0 255 0 255 0 166 255 186 255 0
    255 255 255 255 0 255 0 255 0 62 0 0 255 255 12 255 255 255 255 0 0
    0 255 0 8 15 255 255 83 255 0 255 0 255 255 255 0 0 179 0 37 0 211 0
    255 92 255 0 0 121 255 0 255 0 255 0 255 255 95 0 255 255 0 0 0 255
    255 0 214 0 255 0 255 0 255 0 255 0 255 0 0 43 255 255 0 255 255 255
    255 0 255 0 0 255 0 73 0 255 0 255 255 0 255 55 0 0 204 0 0 255 135
    248 0 0 0 255 0 255 0 255 0 0 255 0 0 255 0 0 198 255 0 143 255 0
    255 84 255 255 92 57 255 149 255 255 0 255 247 255 0 255 255 176 54
    0 255 253 0 255 0 255 157 255 255 166 178 0 255 255 0 255 0 0 255
    255 0 0 255 255 255 0 45 0 255 255 255 0 0 255 99 176 144 167 0 214
    0 255 255 0 201 255 0 255 0 7 0 255 0 0 0 255 0 0 0 255 0 0 255 255
    0 255 0 0 86 255 255 255 0 255 255 0 0 255 0 88 0 0 255 227 255 255
    0 255 0 67 255 211 255 0 255 255 0 255 255 255 255 216 255 60 78 25
    0 0 255 0 0 255 255 0 255 0 255 0 255 0 45 0 255 114 255 0 255 255 0
    0 255 9 255 255 255 0 255 255 255 255 0 0 255 255 0 255 216 0 198 0
    255 255 0 255 144 255 255 138 0 0 121 0 0 180 255 0 0 255 18 0 0 255
    0 173 0 255 0 139 0 195 255 66 0 50 0 145 255 0 78 35 0 255 0 255 0
    0 255 0 255 0 255 92 255 255 0 255 255 12 0 255 255 0 0 255 0 0 218
    0 255 0 255 158 113 0 0 0 255 255 0 0 255 255 255 255 0 255 255 255
    255 252 59 0 0 196 0 255 255 0 255 255 255 0 190 0 0 255 255 0 0 0
    255 0 255 255 0 0 10 255 126 0 255 0 39 39 72 255 255 219 0 0 103 0
    60 255 160 0 255 30 255 0 255 0 255 0 255 42 0 0 0 255 0 255 255 139
    0 255 124 84 0 255 245 0 126 255 255 0 255 255 0 0 255 255 0 255 255
    0 132 0 255 0 255 0 255 0 0 255 0 105 255 0 255 78 255 63 251 80 233
    255 0 0 0 255 0 255 0 0 0 255 213 0 255 255 25 129 0 0 255 0 186 96
    0 126 0 2 255 255 255 51 0 255 255 0 255 105 0 255 0 255 0 255 244
    105 0 0 0 0 0 255 0 255 0 255 0 127 0 255 0 0 186 255 51 255 0 255 1
    255 0 255 32 84 0 0 255 0 0 68 255 83 255 37 255 0 49 255 255 0 255
    255 178 0 255 0 0 0 0 66 155 0 255 0 54 43 255 0 71 0 0 243 0 233
    255 15 0 226 255 0 0 255 41 240 255 153 0 45 0 255 0 0 0 255 255 0
    255 0 255 56 50 0 0 255 29 166 0 255 0 0 255 0 217 91 255 255 0 255
    152 0 106 94 0 0 0 255 0 255 255 255 255 18 0 0 0 255 255 0 0 0 255
    0 255 255 155 0 0 255 0 255 106 255 255 0 0 255 0 255 0 255 0 0 255
    255 255 137 0 145 255 176 228 0 255 0 0 255 0 255 0 255 255 182 28
    255 0 255 0 255 0 230 0 0 255 0 255 255 0 255 0 49 0 255 0 255 255 0
    255 0 0 255 61 0 0 0 255 0 255 255 255 0 255 0 0 153 255 0 0 210 255
    255 0 114 255 255 255 0 255 0 255 255 0 255 0 163 0 0 255 0 255 0
    255 145 0 0 255 0 255 0 255 135 255 0 180 255 255 0 255 255 36 0 255
    255 0 255 255 0 255 9 82 0 0 255 255 0 255 0 255 0 255 255 255 90 0
    0 173 57 0 0 255 255 0 255 255 0 0 151 255 0 0 11 255 0 255 96 0 0
    174 255 0 7 0 255 87 0 255 0 255 0 255 0 0 255 47 255 0 255 255 0 42
    255 0 255 255 0 255 0 255 0 255 255 0 255 0 255 255 0 0 255 255 0 0
    166 0 255 255 255 255 255 255 255 190 0 48 255 116 255 255 255 255 0
    0 255 0 255 0 0 255 167 255 149 0 255 107 255 83 255 0 126 187 255
    255 0 0 255 255 255 0 255 0 0 0 197 0 0 49 0 255 255 0 0 0 255 255 0
    0 255 0 255 255 255 0 0 255 255 255 111 255 152 0 255 0 0 255 0 255
    1 255 67 196 0 0 255 255 0 255 133 0 255 255 0 255 0 255 93 147 255
    255 255 255 255 0 255 0 0 255 255 0 255 255 106 49 255 255 255 0 255
    0 0 0 255 255 0 255 0 255 0 19 0 255 255 255 255 0 255 0 255 179 0
    255 0 2 255 0 255 24 255 0 255 0 0 0 247 0 0 255 255 196 0 255 255 0
    255 255 190 0 92 255 0 255 44 0 255 0 0 255 0 255 255 0 255 0 255 0
    255 0 255 239 109 255 255 211 0 0 255 0 255 0 255 255 255 0 0 255 0
    0 255 255 0 255 61 0 255 20 41 0 255 255 210 0 255 109 0 0 0 255 141
    0 255 82 255 0 255 0 255 123 0 255 0 255 255 0 255 255 81 0 219 255
    255 0 0 0 0 210 0 48 0 255 141 239 0 235 29 0 32 0 255 0 255 0 196
    255 0 0 255 0 73 255 255 0 242 255 0 255 0 0 0 255 254 255 0 90 85 0
    255 0 255 255 0 255 0 0 255 0 0 255 0 255 0 68 255 255 255 255 0 0
    255 255 255 0 255 0 0 112 255 255 0 245 0 200 0 255 255 0 228 0 255
    12 0 0 255 0 0 255 255 255 100 67 0 255 255 0 255 12 136 0 255 214
    64 255 114 0 0 255 0 68 0 245 255 0 255 0 0 255 228 255 255 173 255
    106 0 255 54 90 255 172 0 0 0 255 188 255 163 0 162 0 255 255 0 255
    0 255 0 0 255 255 255 0 0 207 255 0 27 0 208 0 0 255 77 0 255 0 0
    255 0 255 0 255 0 0 255 255 0 0 255 255 0 255 0 0 202 117 255 0 255
    0 255 0 255 255 255 0 0 0 255 0 255 0 255 0 0 255 255 0 255 17 151
    255 0 0 255 241 0 255 0 0 255 255 0 199 0 0 0 255 93 73 0 255 255
    231 0 255 185 255 0 0 255 255 255 0 255 255 0 255 0 255 255 0 48 19
    0 0 255 255 0 255 151 255 255 116 255 255 0 126 255 137 0 0 255 0
    194 67 165 255 0 0 255 0 255 0 0 255 0 0 0 0 255 255 130 72 255 255
    0 255 131 0 255 18 0 255 255 0 255 0 255 0 0 255 0 0 69 255 0 255 0
    0 0 255 81 94 255 162 255 224 255 0 255 0 255 0 255 0 255 0 255 255
    255 255 186 0 255 235 0 255 0 255 0 255 255 255 0 0 172 236 255 0 0
    255 208 0 255 255 0 255 0 153 255 255 255 0 0 255 0 0 255 0 255 0
    255 255 255 114 193 0 186 255 0 0 0 241 255 255 113 255 128 139 110
    0 255 0 255 0 7 255 255 128 0 0 0 255 0 255 255 0 255 238 0 255 0
    255 64 255 0 255 0 255 0 181 0 255 200 255 0 255 0 255 0 39 0 0 255
    255 0 255 255 216 255 0 255 255 0 115 0 255 234 0 255 0 0 0 115 0
    255 0 255 0 0 255 255 0 255 255 0 255 255 255 255 255 255 0 0 255
    255 0 255 255 0 255 0 233 255 0 0 129 0 255 255 0 255 0 255 0 0 37
    255 137 0 3 0 255 177 0 0 255 0 255 166 198 255 255 0 255 255 255 0
    255 0 255 123 0 255 255 0 255 0 255 0 0 255 255 205 255 255 32 240 0
    255 255 255 0 255 0 0 240 255 255 0 0 255 169 131 255 255 0 0 255
    113 103 255 0 255 255 255 0 255 0 0 0 0 0 213 255 0 0 64 57 255 255
    0 255 100 0 255 0 0 255 255 0 0 255 115 0 255 0 0 214 255 0 255 0
    255 89 0 0 255 0 255 0 255 0 255 255 0 30 255 0 107 255 0 214 0 255
    230 0 255 0 0 255 255 255 255 0 255 0 255 0 0 0 0 0 71 90 0 255 212
    0 255 0 255 255 0 0 123 255 0 0 255 255 0 255 0 255 0 255 255 0 0
    160 0 0 199 0 255 255 0 0 249 0 255 141 0 49 0 255 0 184 255 0 255
    255 0 0 205 156 0 255 0 255 109 10 0 32 0 255 255 185 255 255 0 255
    0 255 255 0 255 148 255 255 0 0 255 255 255 0 76 255 252 0 255 0 255
    0 19 248 0 255 250 255 0 167 255 54 140 255 0 255 255 0 255 0 4 255
    255 0 255 0 255 255 0 255 255 0 0 255 0 89 0 0 0 255 0 0 255 0 255
    95 255 228 255 0 255 43 149 255 0 0 255 255 0 255 145 0 38 0 0 255 0
    255 251 0 255 0 148 0 255 255 0 0 255 254 0 255 208 255 0 203 108 0
    0 42 255 255 255 145 255 0 0 140 156 255 255 0 255 0 255 0 255 255 0
    255 0 0 0 255 0 0 255 0 255 255 0 255 255 48 3 255 163 0 255 255 92
    0 255 255 0 255 7 0 255 255 0 255 0 0 255 255 0 255 0 255 0 255 255
    255 255 0 255 255 0 0 255 41 255 0 0 255 255 0 78 255 0 255 0 0 255
    0 255 125 255 255 255 206 0 63 0 255 255 0 54 15 255 0 255 0 0 237 0
    255 0 255 0 255 255 43 255 0 36 249 255 0 55 255 0 58 59 0 241 255 0
    255 255 0 255 91 51 0 255 0 255 0 255 0 255 255 255 255 255 255 0
    255 0 0 0 0 255 0 255 0 76 255 45 0 255 0 255 255 0 0 255 0 255 255
    0 0 0 0 255 0 0 255 0 255 231 255 0 255 202 0 255 121 0 0 0 144 255
    0 0 255 255 0 0 255 255 255 255 0 255 255 184 0 0 0 255 11 0 255 0 0
    129 0 0 255 205 0 0 0 255 255 0 255 0 255 0 255 0 0 154 255 0 254 0
    0 255 255 0 255 115 0 0 255 255 22 0 0 255 0 0 0 255 65 255 103 255
    0 114 255 0 217 223 255 255 0 255 0 0 255 122 255 241 0 255 255 18
    255 255 255 0 0 103 163 255 149 0 0 226 0 218 0 109 255 91 255 0 255
    0 255 0 255 53 255 0 255 255 255 255 0 179 255 0 154 0 255 255 0 255
    255 0 0 255 36 78 104 0 0 78 0 33 255 255 255 0 0 0 255 255 0 0 0
    255 255 0 0 255 255 0 0 0 255 249 145 0 0 138 0 91 94 0 197 226 255
    0 255 0 0 255 168 255 255 255 41 0 255 0 255 0 0 119 0 8 0 255 255 0
    255 255 0 0 255 255 0 0 255 0 255 255 0 255 255 0 255 0 0 0 242 0
    255 255 255 255 140 0 255 255 0 64 122 47 76 255 137 255 0 190 255
    255 0 255 235 0 255 41 255 255 0 255 0 255 0 0 176 255 0 255 167 0
    255 255 0 0 166 0 0 255 255 120 0 0 255 255 0 255 255 153 0 255 169
    255 34 255 0 255 255 255 0 232 0 255 0 255 0 114 255 255 255 0 255 0
    255 0 0 154 255 0 255 255 255 48 255 0 255 127 0 255 0 255 0 255 255
    255 0 255 0 0 0 60 0 255 180 0 255 0 0 128 235 0 255 168 255 0 255 0
    0 255 181 255 255 0 255 255 255 255 0 0 255 0 194 0 52 255 0 255 255
    13 0 0 255 255 0 22 255 255 0 255 0 255 0 255 255 0 118 0 0 255 98
    141 0 99 255 255 10 173 161 0 73 76 0 13 0 250 0 255 255 0 255 0 0
    255 86 0 0 255 0 255 217 246 255 255 255 200 255 255 73 0 0 255 0
    255 139 255 124 255 255 255 0 0 255 255 255 0 252 11 83 255 52 255
    255 105 0 255 0 94 0 255 53 0 255 255 0 153 0 255 0 0 255 0 255 255
    0 255 255 0 0 255 0 44 255 0 199 255 211 117 255 0 0 254 255 0 0 255
    0 255 0 255 99 255 255 121 73 0 255 0 255 0 255 31 14 0 255 0 255
    255 0 255 167 2 87 0 255 0 0 255 0 255 0 213 0 255 0 255 194 0 255
    255 255 119 0 255 0 0 255 255 0 91 0 255 0 0 255 255 0 255 116 92 0
    255 255 138 0 255 7 255 0 255 255 255 0 57 255 2 4 146 255 255 0 255
    0 48 0 0 255 255 0 255 255 209 0 220 255 8 255 0 255 255 0 255 255
    255 0 255 0 0 255 0 0 171 36 0 0 0 255 255 0 255 201 221 255 0 147 0
    0 0 0 255 0 255 255 0 34 0 255 0 245 0 0 255 255 0 255 0 255 255 255
    255 0 0 255 255 77 0 255 0 255 0 0 0 255 0 255 255 0 255 255 0 255
    255 169 0 0 0 255 0 255 0 0 131 0 0 255 235 233 255 255 255 255 0 75
    0 81 255 183 255 0 82 97 107 0 255 255 0 0 131 129 255 255 225 255
    17 255 0 255 0 255 0 255 0 255 132 255 255 255 0 0 255 0 126 255 208
    255 0 255 255 0 152 255 0 0 255 135 255 0 0 255 4 255 255 255 186
    255 94 0 0 0 0 255 220 0 255 0 255 214 255 255 0 255 0 255 217 255 0
    0 255 255 255 0 15 255 0 90 255 0 0 255 55 255 0 255 255 255 0 255
    38 255 255 0 0 123 0 255 0 255 0 110 255 255 0 255 0 233 0 255 0 0 0
    255 0 255 234 255 251 24 0 255 148 186 0 255 56 153 0 255 0 238 255
    255 255 0 255 110 0 255 116 0 255 255 255 0 0 255 0 255 255 49 142 0
    255 253 0 65 255 0 255 0 0 255 0 255 0 255 0 255 82 0 0 255 255 255
    0 255 0 0 123 255 0 255 255 0 255 0 0 255 104 200 0 164 0 150 0 0
    255 255 255 0 255 90 225 255 255 69 255 210 255 255 0 255 189 60 255
    255 77 255 0 255 55 0 255 0 255 0 255 255 0 0 255 0 0 0 255 109 0
    112 255 0 255 38 255 0 255 255 222 0 0 255 255 255 0 255 175 192 255
    0 0 0 255 0 255 74 112 0 255 0 255 0 255 255 0 0 255 255 0 0 0 0 255
    255 255 0 0 255 58 70 0 255 0 144 220 0 255 0 131 255 0 0 0 0 255
    255 255 255 0 0 255 0 188 255 0 0 0 0 0 255 255 0 0 0 0 255 161 0 0
    255 255 255 159 103 0 0 255 0 0 0 144 255 0 0 255 0 255 120 0 102
    255 255 0 219 255 255 226 0 249 0 153 0 255 192 255 146 255 0 231 32
    0 0 0 0 187 255 0 155 255 255 0 0 0 255 0 17 0 255 0 0 0 255 0 135
    255 0 0 255 0 0 255 0 60 255 0 0 126 223 0 255 255 255 0 255 0 255 0
    0 255 0 100 255 0 45 255 116 0 0 255 255 0 16 255 0 54 0 255 255 60
    0 255 255 0 255 0 168 0 255 177 255 255 0 255 0 0 0 0 255 0 0 255 0
    0 255 0 0 255 0 255 0 0 229 0 255 255 0 255 255 0 255 0 17 0 255 0 0
    255 255 174 255 7 255 0 30 0 167 255 255 255 175 255 255 0 255 0 255
    241 0 0 0 0 255 77 0 0 0 255 36 0 255 59 0 255 85 154 0 0 255 0 0 0
    0 3 255 0 255 170 255 0 0 198 255 255 13 255 158 255 255 210 58 255
    255 255 0 255 94 0 255 255 255 0 31 255 255 255 255 0 255 255 0 0
    255 255 0 255 123 255 255 0 58 255 0 255 178 197 182 255 0 235 0 255
    255 0 255 0 255 0 255 0 255 0 0 0 0 255 12 0 255 0 172 255 0 141 255
    0 24 0 255 255 0 0 255 0 255 255 255 255 0 0 0 255 0 255 0 255 0 255
    255 189 0 255 10 255 0 0 7 255 10 255 255 148 255 255 0 255 255 0
    200 0 255 0 255 0 0 190 0 255 0 240 224 255 0 255 0 255 255 0 255 87
    255 0 255 255 141 214 234 255 255 237 255 0 0 178 234 255 255 0 0
    255 0 255 242 0 0 255 0 0 198 75 69 255 0 0 0 255 102 255 255 255 0
    0 255 0 0 145 255 255 207 0 255 0 255 0 54 255 0 255 0 255 0 255 29
    0 255 0 255 236 91 255 150 255 0 255 250 0 255 0 103 0 255 125 0 255
    255 255 255 255 255 255 255 255 0 255 9 255 0 255 75 0 254 255 0 205
    255 8 255 255 82 255 227 0 0 0 255 255 0 201 7 138 0 255 0 255 0 117
    255 252 0 255 0 255 0 220 0 0 0 26 0 0 127 255 255 255 0 0 255 255 0
    0 0 255 147 0 255 0 255 255 255 0 0 0 255 255 255 255 255 0 147 0
    251 216 0 255 107 172 42 255 199 0 255 0 0 255 0 0 255 255 0 255 0
    175 255 142 40 55 80 0 0 255 0 0 255 0 67 255 0 0 255 0 24 13 255 0
    255 0 0 255 162 0 0 255 0 0 255 255 255 118 255 0 255 0 0 0 255 255
    135 191 97 0 255 255 55 1 0 255 0 255 0 0 255 0 0 223 170 145 162
    255 0 255 0 255 0 0 0 0 255 255 0 255 0 0 255 255 63 0 240 255 0 255
    255 0 255 0 0 0 0 0 0 255 65 255 0 0 0 255 0 255 255 0 255 175 0 0
    255 0 64 0 157 0 255 0 0 0 255 0 255 0 222 255 29 0 0 72 205 106 0
    255 0 255 0 255 0 255 0 255 0 96 255 0 0 255 172 255 0 255 0 0 255
    255 0 255 255 255 0 255 255 0 128 0 220 255 0 255 0 251 255 0 255 30
    255 0 255 0 255 0 0 0 255 0 65 255 0 255 255 255 0 87 14 0 255 0 11
    0 255 38 255 0 0 255 0 255 0 87 0 218 255 0 255 0 255 92 149 0 255
    22 236 0 13 255 0 0 255 0 255 0 0 255 146 0 226 120 160 1 255 255
    160 255 134 255 255 255 79 0 255 0 255 255 255 0 218 255 0 255 0 0
    255 215 255 255 255 0 255 255 107 255 255 0 255 0 255 255 43 0 34 0
    255 154 255 228 255 112 19 166 108 0 127 255 0 23 0 255 97 142 1 255
    0 27 0 255 255 255 255 255 0 255 0 255 37 135 0 255 255 0 255 0 255
    255 255 255 255 139 0 101 255 255 255 0 0 255 0 119 255 0 219 255 0
    255 52 255 255 124 177 70 255 0 0 255 255 221 0 0 31 0 0 255 0 255 0
    255 0 255 255 113 255 192 0 0 255 255 0 255 88 255 0 245 149 255 182
    255 113 0 230 0 0 218 0 255 0 0 0 255 109 255 0 255 124 255 255 0 95
    0 255 255 0 255 255 255 0 0 0 255 0 255 0 255 0 0 33 0 255 255 0 0
    255 0 140 0 0 255 0 255 121 0 50 0 0 255 12 255 237 59 255 255 0 176
    216 0 255 255 0 255 0 255 0 0 255 0 193 255 0 176 255 135 0 0 255 0
    93 255 13 0 255 0 196 0 0 255 0 0 0 0 255 255 229 255 0 255 238 255
    196 181 255 0 0 91 0 0 255 216 255 0 239 0 255 0 255 0 0 255 255 255
    0 255 255 234 31 0 0 255 0 255 255 255 131 165 0 152 0 255 0 255 255
    0 255 0 255 0 255 0 255 0 0 0 255 0 255 0 90 255 0 134 255 0 255 0 0
    255 0 255 255 0 255 0 255 0 0 255 221 0 255 255 0 0 61 255 0 255 255
    255 82 255 0 255 255 0 255 0 0 255 0 72 5 0 0 255 0 0 255 255 74 255
    255 0 0 66 0 255 255 0 255 0 0 0 255 255 0 212 255 0 0 255 255 108
    255 0 255 0 255 46 255 0 255 0 206 96 139 0 255 0 255 255 229 0 0
    255 0 0 214 0 255 0 255 0 0 0 255 207 0 0 255 0 255 0 0 79 255 0 255
    127 255 98 255 0 255 255 0 255 0 255 0 0 255 255 0 0 0 255 255 255
    145 255 255 0 0 91 250 255 0 0 0 0 0 0 0 255 255 0 255 0 255 0 0 255
    0 255 0 255 255 255 193 121 75 141 255 102 255 0 0 255 255 255 255 0
    209 255 255 255 0 0 0 255 255 0 245 255 87 0 0 255 255 108 255 255 0
    0 0 224 0 255 0 0 57 239 255 173 255 184 255 17 0 104 0 0 111 255
    122 255 0 255 0 0 255 0 0 0 255 54 97 92 141 255 255 0 92 155 255 46
    255 13 0 0 70 0 255 0 255 0 0 255 255 255 255 0 255 0 255 0 255 0
    255 27 0 180 255 255 0 255 73 255 22 0 138 255 0 255 0 255 0 152 255
    0 255 255 0 255 255 0 255 206 255 139 122 255 167 169 138 0 0 0 255
    255 155 0 0 0 0 255 255 255 0 255 243 130 255 0 255 0 0 255 0 255
    255 255 0 0 0 255 0 0 0 0 231 0 228 0 0 255 0 255 181 0 23 255 0 255
    0 255 0 255 0 0 255 61 0 0 255 0 0 78 255 0 255 0 255 43 0 0 0 0 255
    0 255 255 246 0 0 255 0 0 255 0 255 0 0 255 0 0 0 0 255 0 255 0 0
    106 255 255 255 0 226 0 255 0 0 0 255 255 0 0 255 255 0 0 91 0 68 0
    0 0 255 0 130 255 209 0 0 0 0 0 255 255 82 0 241 0 255 0 40 255 3 59
    0 255 45 0 0 0 0 220 111 56 255 255 248 0 0 0 0 0 95 255 0 0 5 0 255
    2 255 255 255 0 213 154 0 255 255 0 0 101 0 255 0 0 149 0 255 88 54
    255 0 255 255 31 0 255 0 255 255 0 255 0 255 0 255 0 49 0 0 61 255 0
    213 0 255 123 255 255 32 0 0 255 255 255 0 0 0 255 0 0 255 255 255 0
    255 0 255 255 255 0 255 52 0 0 0 64 255 0 255 0 255 0 255 255 255 0
    255 0 50 0 255 146 255 255 0 255 0 255 0 0 0 160 0 255 0 187 255 0
    255 255 255 255 255 255 0 255 255 255 0 89 255 211 150 0 0 103 224
    255 255 0 0 255 5 54 255 0 255 0 175 0 255 255 0 255 237 255 0 255 0
    66 32 0 0 0 102 215 0 255 0 246 0 255 0 0 255 167 255 59 0 177 214
    63 198 0 255 222 255 0 255 255 255 255 0 0 255 0 255 255 255 158 255
    255 0 0 255 0 0 0 0 0 255 255 0 255 255 41 0 255 255 0 255 12 255
    255 0 255 255 0 255 255 0 0 255 0 255 0 0 24 0 255 0 255 0 255 255
    195 255 0 148 0 255 74 255 255 255 0 0 0 255 0 0 255 0 0 0 255 255 0
    0 255 0 255 0 255 0 255 255 0 100 255 255 255 0 255 0 255 255 179
    255 0 255 255 131 255 255 163 231 255 0 255 0 255 87 255 255 0 0 255
    0 255 109 0 110 0 0 0 255 0 255 0 222 255 255 255 0 255 255 0 0 255
    0 255 63 0 127 0 0 255 255 255 106 255 0 255 0 255 0 255 0 148 255
    255 216 76 0 63 0 0 0 0 0 255 0 255 255 255 255 0 255 0 255 255 209
    255 40 5 255 0 255 0 237 255 0 222 255 0 252 116 255 255 248 0 0 17
    255 0 255 0 0 255 0 0 255 255 0 255 0 0 246 0 0 255 255 255 0 255 0
    255 255 0 255 0 0 91 255 186 0 83 170 255 0 70 133 0 255 0 115 255
    255 255 124 0 22 149 0 255 255 128 250 255 0 0 0 255 0 0 0 24 0 255
    0 255 0 0 255 58 255 0 255 255 255 162 243 226 0 0 63 0 255 255 255
    133 255 255 0 255 255 130 255 0 255 0 255 255 255 0 191 255 255 0
    255 123 255 0 255 163 255 0 255 255 64 255 0 255 0 255 255 0 0 0 255
    0 0 70 255 0 255 0 61 255 255 132 223 255 0 224 255 0 176 255 255 0
    0 255 189 255 0 255 255 0 0 255 0 255 255 234 0 255 23 255 255 0 255
    128 255 255 0 43 255 255 208 255 0 0 0 191 160 0 164 0 0 18 0 255
    164 0 255 9 196 198 255 59 255 0 0 255 0 255 255 255 0 255 255 0 164
    0 0 0 159 10 0 255 0 255 0 255 0 0 255 0 0 0 255 0 0 255 49 12 0 0
    255 0 0 0 255 255 97 255 0 255 163 255 255 0 255 255 152 255 0 255 0
    112 255 40 213 7 31 255 0 255 0 255 91 255 255 31 255 0 255 0 255 0
    77 0 255 0 129 0 255 0 0 255 0 255 0 255 110 255 255 255 66 0 255
    255 186 114 255 0 220 48 0 255 0 255 255 255 51 255 0 229 255 0 255
    0 255 0 255 0 255 6 0 161 0 255 255 0 255 0 243 255 0 255 255 0 186
    0 203 248 0 0 255 146 0 0 0 255 0 0 0 0 0 255 0 0 255 255 255 0 0
    255 255 9 219 255 0 255 0 0 0 255 0 0 255 255 250 255 0 255 16 255
    10 0 255 0 0 130 94 255 255 0 255 255 0 205 255 0 255 0 0 255 255
    201 255 0 255 13 0 255 255 74 0 255 255 0 0 0 0 255 0 0 255 255 0
    255 0 0 255 255 255 0 0 255 0 255 255 255 249 0 0 0 255 255 255 0
    193 255 5 0 0 211 24 255 0 135 201 0 255 0 0 255 255 255 255 255 88
    247 0 255 255 147 56 0 255 255 0 255 0 235 194 214 0 0 255 100 118
    188 0 255 0 255 0 0 237 255 0 0 0 231 0 78 125 178 0 0 0 255 98 255
    0 46 0 255 0 255 255 255 0 255 0 255 255 255 0 255 0 255 0 0 0 255 0
    0 255 255 0 255 255 0 0 0 255 132 0 0 255 41 255 0 42 131 0 45 26
    255 255 255 255 1 0 0 0 0 255 0 67 255 0 255 0 255 0 0 255 255 0 255
    5 0 255 0 31 0 255 0 232 0 187 208 0 255 255 0 255 107 255 0 255 0
    255 0 255 244 255 0 255 0 4 0 255 255 0 0 255 255 0 0 0 255 0 255 0
    255 255 100 193 0 255 0 61 0 255 0 255 0 255 255 0 255 0 255 0 255
    64 240 1 255 0 0 255 103 0 255 0 0 255 0 0 0 255 0 255 255 107 182
    255 0 255 0 66 0 228 255 193 0 0 255 0 0 255 83 255 0 0 175 255 255
    255 0 97 64 0 255 255 255 255 255 235 255 0 255 218 0 255 255 255 0
    255 0 0 255 255 133 0 255 255 0 0 0 0 255 255 255 0 255 255 255 237
    255 0 0 255 255 228 255 255 255 255 0 0 255 0 255 0 255 0 0 0 255
    255 0 255 255 255 136 255 0 0 122 255 0 255 0 0 255 0 0 255 126 32 0
    255 0 74 238 255 0 0 0 0 255 181 255 0 255 255 255 88 255 255 61 0
    184 0 255 99 255 0 206 255 0 255 0 0 255 0 0 126 255 112 0 0 255 255
    0 0 0 255 79 0 238 255 99 154 0 255 0 255 0 0 255 21 0 79 255 0 255
    0 255 0 255 0 192 255 86 0 0 0 255 0 0 0 255 0 0 255 0 0 255 9 0 255
    255 0 255 143 255 0 255 0 255 255 0 0 0 255 255 0 255 0 255 0 0 0
    255 255 0 255 0 255 0 240 0 255 32 0 0 255 255 0 72 255 136 255 102
    12 255 0 0 147 0 255 255 0 0 255 25 0 255 255 255 0 255 255 255 0
    255 255 255 0 255 37 149 0 0 255 0 255 0 255 255 0 0 0 200 255 0 255
    0 255 124 0 0 182 0 113 255 0 84 0 255 196 28 255 0 255 255 255 53 0
    255 0 255 255 255 0 0 4 98 150 0 0 0 255 0 213 231 255 0 0 0 255 0 0
    178 255 0 93 41 161 193 255 0 255 0 255 0 175 0 0 255 0 255 255 255
    0 255 0 255 255 0 255 0 66 255 235 0 110 255 125 150 0 197 169 255
    255 0 255 0 140 0 69 0 0 255 0 0 125 39 255 0 0 255 0 0 0 255 255 0
    178 255 82 255 0 0 164 255 255 0 0 0 255 255 0 139 146 244 158 255 0
    223 0 255 205 233 255 0 255 255 0 255 255 255 0 255 0 255 0 255 0 28
    255 2 0 0 255 255 201 117 255 78 68 0 255 0 255 115 208 243 255 0
    245 255 0 174 255 0 0 255 255 179 0 255 0 0 255 255 255 131 121 86
    255 83 222 0 255 0 255 0 0 255 255 0 255 0 46 235 0 0 255 0 151 255
    0 0 36 255 255 0 82 255 0 255 255 0 0 2 255 255 0 115 160 163 0 124
    0 255 255 2 255 255 0 255 0 0 255 94 0 255 255 0 255 169 255 0 0 0
    170 255 0 255 0 0 255 0 255 0 255 242 0 255 0 0 0 0 124 0 255 0 0
    255 0 255 0 255 0 255 255 105 233 255 49 7 0 0 255 255 0 0 255 0 255
    0 255 14 0 255 0 255 0 0 0 255 255 0 1 255 0 255 0 131 255 0 0 255 0
    0 0 255 0 134 255 0 0 255 255 255 76 0 255 0 255 0 0 255 255 255 238
    229 255 255 0 255 255 0 0 0 255 0 0 255 0 79 0 255 0 255 0 0 255 0 0
    0 1 144 63 0 255 145 255 0 0 255 0 255 0 255 196 0 0 132 255 255 0 0
    255 0 0 87 237 0 0 0 255 0 255 255 255 0 255 0 255 0 0 156 255 6 0
    219 0 255 0 255 0 255 0 0 0 255 0 194 255 0 165 76 0 255 255 255 0
    11 168 0 0 255 0 255 0 255 255 0 48 144 161 255 66 0 0 162 255 0 202
    255 255 209 255 255 255 0 255 255 0 93 0 0 255 171 0 255 124 110 255
    252 6 0 255 144 0 255 197 0 6 252 157 255 0 255 255 255 255 0 255 23
    255 0 0 255 255 0 255 255 255 0 25 188 255 0 254 255 255 0 0 255 0
    30 252 0 255 72 38 255 255 255 0 0 255 0 255 185 0 75 252 82 255 0
    255 0 0 255 234 255 0 255 0 255 255 0 0 255 255 162 255 255 0 255
    255 255 165 0 0 0 169 0 0 255 32 0 255 221 0 198 0 173 255 0 255 127
    255 0 255 255 51 0 83 255 0 0 220 255 255 0 0 182 255 0 0 0 205 48
    255 0 0 255 0 152 0 255 0 243 0 146 105 0 0 255 255 0 255 66 248 255
    0 255 0 0 0 255 0 0 208 0 255 255 0 255 255 255 140 0 0 255 2 255 0
    255 0 255 235 0 255 201 255 0 255 255 0 0 255 107 255 0 255 0 255
    255 255 255 0 0 255 255 0 255 0 255 0 95 0 255 255 255 255 0 249 0 0
    255 0 0 0 255 255 0 255 255 0 1 255 0 0 255 164 0 0 255 0 255 0 193
    153 255 42 0 6 255 0 255 255 77 0 255 94 255 0 209 0 211 221 255 63
    0 255 255 255 0 255 166 81 0 255 246 240 255 99 0 255 0 0 255 255 0
    255 255 0 0 255 0 0 255 53 0 0 120 255 215 255 0 0 255 255 194 0 0 0
    255 255 255 0 0 255 255 0 0 255 0 255 0 255 0 0 0 158 0 255 0 0 0 92
    255 0 255 0 255 255 0 255 255 255 0 181 49 0 66 0 255 0 255 0 255
    255 0 72 255 0 255 0 0 0 255 210 255 0 255 0 255 0 0 0 255 0 60 0
    255 0 255 0 255 255 214 12 255 101 255 255 255 58 95 0 255 0 255 0
    251 255 255 255 0 0 203 255 255 255 91 255 116 255 0 255 0 255 255
    255 60 255 255 0 255 109 0 255 255 0 0 0 200 255 0 0 0 255 13 0 125
    255 0 255 0 0 10 0 255 225 255 255 0 0 0 255 108 255 0 0 0 255 0 255
    255 255 0 0 255 0 125 222 195 255 0 0 255 14 255 255 0 255 52 255 0
    19 0 0 0 255 0 0 13 255 0 255 255 255 255 155 0 255 0 69 20 0 83 0
    255 255 255 255 208 0 255 67 255 255 255 255 0 0 0 177 0 0 0 255 0
    40 159 0 255 0 218 255 83 255 255 0 255 255 255 90 255 0 0 0 255 50
    255 255 0 216 255 0 255 0 255 0 0 255 0 104 255 0 255 255 127 255 0
    255 255 0 255 0 255 255 0 0 255 65 234 255 0 255 6 255 0 255 0 0 44
    255 0 255 255 0 255 0 0 0 0 255 255 114 0 255 1 0 255 4 177 254 0
    255 255 230 255 255 0 255 255 0 255 0 232 255 183 0 0 255 0 255 255
    255 0 255 0 0 0 255 255 0 255 255 0 0 255 82 255 192 0 225 0 255 0
    255 218 255 255 255 255 255 0 8 0 202 255 0 255 255 224 0 0 0 95 255
    0 0 86 0 255 0 255 101 255 0 255 0 255 255 0 186 255 242 255 0 0 224
    0 255 82 255 0 13 0 159 255 0 255 181 0 255 0 0 255 0 175 0 0 255
    255 0 255 95 0 255 0 255 255 255 255 0 255 0 255 0 255 0 215 255 255
    255 0 0 36 255 240 0 54 255 255 0 87 214 255 0 0 218 0 255 255 0 0
    255 0 0 0 255 0 255 0 0 0 255 255 255 214 0 3 253 97 0 255 0 255 255
    255 0 159 194 0 192 0 255 63 135 149 0 0 255 4 255 0 255 0 0 255 110
    0 255 114 5 0 13 98 255 0 0 0 255 110 185 255 0 255 0 255 26 0 255 0
    0 255 255 0 76 255 0 38 0 255 194 5 248 0 255 255 255 0 0 255 135
    216 218 205 35 255 0 96 255 255 0 255 0 255 0 36 255 255 0 255 0 255
    0 0 0 183 0 0 255 255 0 0 248 255 0 255 255 146 0 0 0 255 0 255 0 0
    150 255 255 0 130 255 0 104 255 255 255 255 255 255 0 255 0 96 123 0
    0 255 255 0 255 255 0 255 0 0 93 255 255 0 255 65 255 240 255 0 255
    1 127 0 255 81 255 0 0 255 228 255 0 0 0 255 0 255 0 255 0 255 255 0
    0 255 0 255 9 210 255 249 255 0 255 255 79 255 0 0 67 0 0 255 0 255
    0 255 0 255 6 255 0 0 255 82 0 15 0 255 0 255 0 0 133 255 255 255 0
    255 43 65 160 122 255 255 0 255 255 107 255 255 0 78 255 255 160 255
    0 255 0 255 0 218 0 255 0 0 96 0 0 230 0 255 0 17 36 60 255 255 0 0
    252 255 0 255 188 47 0 255 255 255 255 255 0 255 0 255 0 108 0 255
    150 22 255 0 255 255 48 0 0 255 136 0 0 0 113 255 0 16 255 0 0 0 0
    150 255 255 255 0 255 0 231 10 0 110 0 255 227 0 255 255 0 0 255 0 0
    0 0 16 255 0 255 11 0 234 0 255 13 0 255 152 255 0 255 0 255 255 0 0
    195 255 0 140 255 255 0 0 255 255 255 255 0 0 255 132 255 88 0 255
    255 0 202 255 149 0 255 0 255 187 236 0 0 255 0 255 255 248 0 0 18 0
    0 0 0 255 255 0 156 217 0 255 189 0 0 255 255 0 255 48 0 255 255 255
    255 0 0 255 255 111 255 0 255 0 255 0 0 255 0 0 255 231 0 0 255 0
    255 0 255 255 0 0 0 0 255 20 255 105 255 0 248 0 255 52 0 255 0 255
    231 255 0 0 255 0 65 99 84 0 255 255 255 255 255 0 255 0 255 0 255 0
    255 255 181 0 248 255 106 0 255 0 255 255 96 255 0 85 0 0 255 255 0
    255 255 0 255 0 13 255 0 255 0 255 0 0 164 119 0 255 0 0 255 0 255 0
    29 98 0 0 205 151 255 255 0 255 0 255 58 255 255 0 0 255 0 182 25
    193 255 0 124 255 0 124 255 3 255 255 0 0 255 230 0 255 255 255 0
    255 0 255 255 0 124 105 184 0 0 255 0 0 255 255 0 255 0 255 255 97 0
    0 255 0 255 0 255 0 0 172 255 0 0 255 0 252 0 255 255 255 255 255 0
    0 255 218 0 0 79 0 175 255 255 0 255 255 255 0 255 0 66 0 255 2 147
    0 255 176 98 255 255 0 255 0 255 255 0 240 255 70 0 255 70 255 0 255
    255 255 0 255 173 0 0 12 255 0 157 144 255 0 255 0 143 0 252 0 255
    12 43 0 0 255 0 255 0 8 201 255 0 255 0 0 255 11 0 207 255 0 255 0
    134 108 255 0 255 167 255 255 255 0 255 180 12 255 255 133 255 0 0
    255 255 0 105 27 76 255 0 255 0 255 0 0 255 255 0 255 255 165 255 0
    54 52 255 0 0 255 144 122 255 0 255 0 255 0 0 0 255 0 241 0 255 255
    0 122 255 255 255 0 255 0 0 255 255 0 0 229 255 255 0 255 185 0 255
    255 234 0 255 255 0 255 0 13 0 254 23 255 0 93 0 0 255 0 255 0 255
    74 0 255 0 0 81 255 0 255 36 0 255 255 0 238 255 0 128 26 0 0 0 255
    0 255 0 245 0 145 255 60 254 255 0 255 255 204 177 0 195 255 0 0 255
    46 255 0 255 255 0 255 255 0 255 0 255 178 0 203 0 255 0 168 11 255
    0 255 0 255 0 255 255 0 0 255 255 0 255 0 255 255 183 0 7 0 0 0 92
    230 77 255 0 255 0 102 0 1 0 0 255 0 254 255 255 0 255 0 0 0 255 0
    255 255 163 0 255 255 0 255 0 255 255 255 0 0 255 233 0 255 0 255
    255 160 203 65 0 0 255 230 0 255 255 0 87 255 146 255 0 164 37 185
    255 48 255 255 0 35 255 0 255 97 255 0 0 0 0 0 255 0 255 0 0 240 255
    255 255 0 255 0 255 0 48 255 0 255 255 0 255 255 209 255 255 0 0 255
    3 0 0 0 255 0 255 0 255 0 0 255 255 255 255 255 0 0 255 0 0 255 255
    0 255 255 255 0 0 255 243 255 180 255 255 255 255 0 0 255 0 197 255
    0 95 115 34 255 181 0 255 0 255 255 255 0 101 255 0 255 0 255 255
    255 0 255 0 0 255 0 0 255 0 0 0 0 188 255 123 82 255 0 255 0 33 255
    255 144 255 255 219 0 0 255 255 191 0 0 0 144 255 0 0 0 43 255 40
    134 255 0 255 141 255 0 255 0 15 255 0 0 255 0 221 255 255 0 255 255
    0 0 0 255 255 0 255 44 39 255 0 0 255 0 0 185 255 255 0 8 255 255 0
    255 0 0 255 0 0 255 0 54 255 252 0 255 0 0 255 255 0 0 140 0 255 0
    255 53 255 0 255 0 112 0 255 0 161 0 255 255 0 255 174 255 0 255 255
    0 255 6 0 255 255 0 0 255 255 0 255 255 0 0 255 255 0 41 255 69 0 79
    207 255 255 0 0 205 166 0 0 255 0 90 245 255 255 255 0 0 255 255 0
    255 0 0 255 0 255 0 121 0 255 223 0 0 171 183 0 255 255 255 255 255
    255 91 0 255 255 0 255 147 255 243 0 0 255 0 255 0 194 0 255 0 166 0
    0 255 255 0 0 0 0 0 0 0 33 0 255 38 154 255 0 0 255 255 255 0 255
    255 0 67 0 184 255 0 90 255 0 255 255 0 255 0 78 255 192 0 0 220 16
    231 0 255 166 255 0 0 0 0 0 0 13 255 0 255 0 0 0 255 255 0 22 255 0
    255 246 180 255 131 0 0 255 0 255 0 255 39 0 255 0 255 255 0 255 0
    18 255 255 255 217 255 255 0 0 255 255 0 0 49 255 245 0 0 255 229 0
    0 255 0 255 255 255 0 0 0 255 0 127 0 255 255 255 119 0 0 0 0 255
    255 0 183 113 0 255 255 0 60 255 255 0 0 0 157 255 205 0 205 0 255 0
    255 127 255 255 255 0 255 0 0 255 0 255 0 0 14 255 0 255 0 0 255 79
    0 255 0 255 0 0 36 0 0 255 0 236 216 255 190 0 35 0 255 0 0 120 0
    255 255 0 0 0 255 0 0 255 199 255 116 0 255 46 255 0 72 255 20 255
    240 0 255 0 87 33 0 136 0 33 255 255 160 0 255 0 0 255 255 0 0 0 0
    16 255 0 255 0 211 0 57 28 0 255 255 0 255 0 255 255 255 0 255 0 255
    255 0 132 0 0 130 255 0 255 0 0 255 255 107 212 255 63 254 255 255
    255 255 0 222 0 255 0 255 0 255 0 255 255 255 255 71 255 78 255 131
    0 255 0 0 255 255 0 0 0 0 153 64 255 0 246 0 255 0 255 0 255 53 255
    0 255 255 98 255 255 0 0 255 0 255 242 0 255 255 255 255 0 0 0 0 255
    0 0 255 0 255 0 255 0 255 255 0 250 134 0 255 0 255 0 255 0 125 255
    255 255 255 255 0 0 0 255 102 0 255 0 255 195 255 255 0 255 150 255
    0 255 255 239 0 72 175 0 255 255 0 155 255 115 130 95 200 255 255 0
    0 255 189 0 0 0 255 0 77 176 0 255 255 96 255 0 219 192 158 255 0
    106 0 255 255 138 255 0 255 0 255 255 0 0 255 0 111 116 255 255 255
    0 66 0 153 216 0 255 110 255 0 0 255 0 255 255 255 255 255 255 0 255
    0 255 177 255 193 212 255 0 255 255 255 0 0 255 0 195 0 255 0 0 0
    255 255 255 227 255 103 0 0 255 0 255 0 255 255 0 0 0 0 255 0 0 255
    0 255 0 255 0 255 213 255 47 0 0 255 255 0 191 100 0 0 255 0 155 0
    255 0 187 255 255 0 185 0 255 0 0 0 0 255 0 201 100 0 255 0 195 255
    193 0 255 106 255 204 255 251 135 0 61 144 0 255 0 255 0 0 255 255 0
    178 0 255 148 227 0 0 0 255 0 0 0 154 0 197 0 239 0 255 255 39 255
    255 0 0 192 255 0 255 255 156 0 0 255 0 0 0 255 255 0 0 98 13 255 0
    237 0 187 255 0 255 255 0 255 255 255 255 0 0 255 0 255 0 0 255 0
    219 255 255 255 0 255 128 255 228 0 0 0 0 0 0 255 0 0 0 255 255 98
    255 255 0 44 0 255 0 255 133 255 141 20 95 228 0 255 0 255 255 0 255
    0 255 63 255 255 0 255 0 0 255 255 0 255 255 255 0 255 0 51 255 255
    0 137 255 0 0 0 186 249 67 47 255 0 255 0 184 0 255 0 255 0 59 255 0
    255 0 124 255 0 186 0 255 82 255 255 255 0 0 0 255 0 255 0 255 0 91
    255 255 255 143 0 0 0 255 255 0 255 255 0 255 255 0 255 221 193 0
    255 0 252 0 255 29 0 129 227 255 0 255 255 0 0 255 0 255 0 255 156
    255 99 255 38 0 0 150 255 0 255 255 228 0 255 0 0 255 236 240 255 73
    255 0 201 255 207 0 0 0 255 255 255 255 0 255 255 255 0 0 255 105
    255 0 0 0 255 255 0 255 0 255 119 38 90 255 2 203 255 0 0 0 0 0 255
    255 255 0 255 0 255 0 255 255 122 0 28 110 9 255 0 7 255 0 255 0 0
    166 0 255 255 0 255 0 77 190 255 7 225 0 255 255 231 255 205 0 255
    255 0 0 255 255 0 255 0 255 255 255 0 228 255 244 255 255 0 255 0
    183 255 0 255 0 133 0 255 0 255 47 0 255 0 135 0 162 0 255 0 255 55
    0 255 0 0 0 255 153 255 0 198 0 255 100 0 255 0 255 255 255 0 76 255
    0 255 0 147 0 156 124 0 255 8 131 255 0 255 255 0 0 208 172 255 255
    0 0 0 255 63 0 255 0 255 255 0 0 255 0 255 255 0 255 0 0 0 0 255 225
    0 255 0 255 255 0 255 255 0 138 255 0 255 119 124 255 0 255 0 255
    255 0 255 255 0 255 138 0 255 0 0 255 255 255 0 0 255 0 209 255 0
    255 29 215 255 0 255 222 0 0 220 0 255 0 0 255 0 220 255 0 0 255 0 0
    83 0 255 0 255 255 0 255 0 0 255 0 0 255 0 255 0 0 0 0 255 0 90 0
    255 0 255 0 255 22 255 255 0 255 17 137 0 0 255 108 255 0 0 255 0
    156 0 255 0 0 255 0 255 255 0 0 255 255 0 255 0 255 255 78 80 255 0
    255 0 123 0 0 255 0 0 255 170 0 255 0 255 72 255 0 255 28 179 0 255
    0 255 255 0 255 255 0 0 0 255 0 213 255 0 255 0 0 255 0 255 0 0 255
    0 124 255 180 0 226 0 255 0 0 255 0 255 255 0 255 0 255 225 0 37 255
    0 255 255 255 255 255 0 255 0 255 0 255 255 255 0 255 0 0 255 255
    255 163 0 25 0 255 0 255 0 0 255 124 0 255 0 255 0 0 29 99 0 255 0 0
    255 255 0 100 0 255 0 27 183 0 0 50 0 167 179 0 28 39 208 49 20 149
    255 0 42 0 255 0 255 106 255 0 0 0 255 255 0 255 18 0 255 0 255 255
    255 0 168 255 255 13 0 0 255 0 255 0 120 255 255 0 255 0 255 236 63
    255 0 255 192 255 255 227 255 255 0 0 115 255 255 255 0 37 0 138 0
    72 255 255 0 255 0 255 255 239 0 255 0 255 0 255 0 255 206 0 254 0 0
    0 0 0 251 0 0 50 255 0 255 255 255 0 255 0 255 255 245 0 255 0 255 0
    255 0 60 0 27 77 217 145 255 0 255 0 37 0 255 0 31 255 255 255 0 255
    0 172 255 255 0 255 255 168 0 255 87 255 96 105 255 255 0 255 0 0 0
    255 157 255 0 255 241 255 0 255 255 123 0 255 255 255 0 255 255 0 0
    255 255 0 174 255 255 0 100 86 0 0 255 255 0 0 255 216 0 63 255 163
    255 0 0 101 255 255 0 255 172 0 149 0 0 0 255 255 30 78 0 52 255 0
    255 81 255 0 255 0 255 0 255 0 20 0 255 255 52 255 0 255 0 143 0 0
    102 84 255 0 255 71 255 0 255 0 255 0 255 0 231 255 255 255 255 255
    255 0 255 255 255 0 0 0 221 255 255 255 255 255 159 0 0 255 0 255
    255 0 0 255 0 255 0 255 255 8 0 255 0 255 19 0 0 255 255 0 255 255
    98 255 255 0 0 0 0 0 0 0 0 255 255 213 255 145 0 255 255 255 255 0 0
    255 0 0 255 0 255 0 255 194 255 199 255 0 24 255 230 255 0 255 255
    255 72 255 255 0 39 0 0 255 0 255 0 0 109 25 255 0 255 255 83 98 255
    0 18 255 0 255 34 191 255 224 0 255 0 255 0 255 255 255 0 214 0 55
    255 225 255 0 255 31 255 132 0 255 255 0 115 255 0 255 0 255 196 255
    3 0 255 209 0 255 29 0 62 0 255 0 255 156 255 125 0 0 0 255 67 0 255
    0 255 255 0 255 0 255 105 0 0 255 255 255 0 255 255 13 255 0 255 255
    0 198 255 0 0 255 0 0 224 255 125 0 186 0 255 112 93 255 0 0 255 176
    255 0 255 255 255 0 0 255 0 0 0 255 0 0 0 0 255 0 255 255 0 255 0
    208 255 0 242 69 0 33 255 0 255 255 0 152 0 192 129 0 0 223 0 255 0
    255 254 158 255 56 70 0 255 0 0 0 255 0 255 255 255 0 255 255 255 84
    255 0 255 0 247 234 255 255 175 255 0 247 255 0 0 47 219 0 143 0 0
    112 255 255 0 255 44 0 0 255 0 176 0 0 255 0 255 0 0 255 170 0 133
    255 0 255 0 255 0 255 255 255 255 0 255 10 255 199 0 0 0 216 255 0 0
    255 217 255 0 255 35 124 255 255 0 178 0 255 0 255 237 0 111 255 0
    255 0 255 0 255 0 72 255 37 255 255 255 0 255 0 255 255 0 0 123 0
    255 199 0 0 255 255 255 0 255 0 255 106 0 255 0 255 255 0 255 255 0
    255 0 1 244 97 0 255 0 174 255 0 255 0 255 0 255 224 0 255 0 0 255 0
    195 255 85 0 0 8 3 255 0 0 66 255 255 0 0 12 171 0 255 0 0 255 0 255
    0 255 0 255 0 0 255 0 255 0 0 255 0 255 0 255 240 69 219 0 0 255 255
    0 255 144 67 255 255 255 255 255 0 70 0 0 255 0 255 0 208 0 255 85
    255 255 104 201 255 0 255 0 255 0 255 0 74 0 255 0 0 255 255 0 0 255
    0 0 0 255 255 80 255 0 255 179 21 255 0 74 0 0 0 47 0 34 255 0 255 0
    0 0 0 255 0 255 0 255 255 107 255 255 255 0 255 213 255 0 200 255 0
    255 0 0 255 255 0 0 255 255 7 38 0 255 0 0 230 255 255 0 73 0 255 0
    0 255 0 55 0 60 255 0 94 122 179 0 255 0 77 81 255 93 0 0 200 0 255
    255 255 167 255 0 0 255 0 255 255 188 255 255 0 251 255 0 0 255 127
    0 175 255 255 50 0 111 158 255 255 0 255 0 255 160 255 0 255 255 0
    255 0 0 255 255 0 206 255 255 122 255 0 255 0 0 0 255 255 0 0 255 97
    255 254 255 0 0 255 0 255 0 255 255 0 0 255 0 255 255 0 0 255 0 255
    0 255 0 0 0 255 0 0 0 255 0 255 0 255 0 255 0 255 0 255 182 255 89 0
    255 0 255 0 0 0 255 0 255 81 255 0 255 255 0 255 0 163 255 56 255 0
    0 63 161 255 0 207 255 0 255 0 255 0 82 255 0 0 255 76 198 0 255 0
    255 55 0 255 160 213 255 255 255 255 255 255 0 255 255 255 255 0 74
    0 37 0 18 14 255 255 0 102 75 0 255 0 0 0 226 0 0 255 0 255 0 188
    255 0 0 0 0 0 47 0 0 255 0 255 52 184 0 255 255 186 0 172 0 255 0
    255 0 255 255 255 0 255 255 255 0 255 255 194 255 225 255 255 255 0
    255 255 169 255 0 255 0 255 255 0 203 0 255 0 206 247 255 0 255 0
    255 0 255 0 255 26 0 255 0 255 255 0 0 255 0 255 0 255 0 255 0 176
    255 0 0 255 255 255 0 0 255 0 25 96 133 255 80 0 243 255 0 255 0 255
    0 255 0 0 255 0 0 255 0 255 255 0 254 0 255 255 0 0 255 139 0 255 0
    255 255 0 0 0 222 0 0 0 255 0 0 255 253 213 255 255 63 255 255 0 255
    0 255 255 0 0 9 0 255 0 255 23 255 0 255 0 126 0 255 12 0 0 255 255
    255 255 0 255 0 255 24 147 255 0 0 108 0 255 255 0 255 255 255 255 0
    255 0 228 0 140 235 255 0 0 255 255 255 228 0 0 155 255 31 255 0 0
    109 0 0 255 255 0 53 0 0 0 255 0 0 255 0 255 0 58 255 255 0 66 0 0
    255 0 206 255 0 255 217 255 255 255 0 0 255 0 0 0 13 51 255 255 255
    255 96 0 255 247 0 0 210 0 0 255 0 255 255 0 255 255 0 208 255 0 0
    209 49 0 255 0 246 255 255 255 255 0 255 255 0 255 255 255 255 0 255
    255 255 0 97 255 255 0 1 255 0 0 255 0 255 255 0 109 22 194 255 0 0
    255 255 0 0 255 135 137 0 255 0 255 179 0 255 255 0 144 255 42 0 255
    0 255 0 57 0 255 0 210 0 21 0 194 241 0 255 0 255 248 31 255 0 255 0
    0 255 0 255 255 0 255 0 0 202 255 0 255 255 0 255 0 176 0 255 255 0
    100 255 207 0 255 255 255 0 255 152 255 0 231 73 0 119 255 0 255 104
    255 0 0 255 0 0 0 255 0 255 0 0 0 0 0 255 0 0 0 255 0 255 212 0 75 0
    193 255 255 0 0 255 255 59 0 0 255 0 0 0 255 50 47 255 0 0 87 186
    255 0 0 255 0 255 255 0 0 18 179 0 255 88 255 255 0 80 255 255 0 255
    0 0 255 255 255 0 185 255 0 255 255 0 0 0 255 0 255 255 0 255 0 0
    255 0 0 130 255 255 0 255 134 23 13 0 211 0 0 207 255 163 129 0 255
    0 0 255 255 0 255 14 0 0 75 106 255 0 255 0 255 255 0 0 255 0 139
    255 255 0 255 135 255 0 255 199 0 197 0 104 0 171 202 0 0 255 0 255
    0 230 255 0 255 0 21 255 0 255 0 89 0 255 0 255 0 255 0 251 0 68 255
    0 0 83 255 0 0 224 255 255 0 255 255 255 0 0 255 255 255 92 82 190
    255 6 0 85 131 0 255 0 255 0 0 255 0 255 0 201 207 217 0 0 229 0 255
    20 0 255 202 0 255 0 69 134 167 0 255 0 255 212 255 255 255 235 0 0
    255 255 0 255 0 255 255 110 255 0 255 255 255 255 255 255 255 255 0
    0 255 255 0 0 255 0 0 0 255 255 255 0 255 0 255 255 235 255 0 255 0
    26 255 0 169 0 255 255 0 255 255 255 0 255 0 0 255 255 255 0 0 255 0
    0 0 255 0 0 255 0 0 255 40 255 0 58 255 21 173 0 255 0 34 255 0 0
    137 0 255 0 255 0 255 3 255 0 255 0 0 0 255 0 255 255 255 255 255 0
    8 0 255 0 132 228 0 0 255 0 255 255 0 0 0 0 255 255 255 40 136 255 0
    182 255 0 189 255 0 147 0 0 0 0 255 0 255 255 0 0 0 255 255 205 0
    255 255 16 255 251 177 255 36 223 219 252 255 0 255 0 255 226 0 0
    255 255 0 0 250 0 255 0 255 0 255 0 0 0 255 0 255 255 0 255 255 0 0
    255 0 255 0 0 172 0 255 104 255 0 255 114 0 255 0 255 145 255 0 255
    0 255 0 0 255 0 255 0 241 0 255 0 255 255 0 255 0 255 0 0 255 0 255
    255 182 171 0 255 0 255 240 255 0 0 0 255 0 0 0 255 255 0 0 0 255 0
    255 0 0 255 255 0 0 255 0 255 255 0 0 255 0 0 0 255 255 255 255 0 0
    0 0 0 0 199 255 0 0 0 0 255 255 0 255 0 0 255 0 130 255 46 0 0 255 0
    255 255 0 0 0 28 255 0 255 202 0 255 255 244 255 0 143 0 255 0 255 0
    255 255 255 255 0 8 255 255 0 0 205 255 184 0 0 255 0 163 0 255 0
    255 0 255 0 251 255 0 0 255 255 75 255 255 0 255 255 255 255 255 0
    255 0 0 255 255 217 212 0 0 0 255 0 255 0 0 144 255 0 101 255 0 172
    0 255 196 0 255 0 250 0 60 0 199 0 255 244 255 0 0 255 0 255 0 0 0 0
    255 0 255 0 255 255 0 0 255 255 190 0 255 0 255 62 201 255 0 255 252
    255 255 125 255 0 198 119 0 0 255 178 0 0 255 0 93 255 255 0 255 0
    255 0 237 255 255 255 0 255 0 255 81 131 0 175 0 253 255 0 72 255
    255 255 65 0 229 0 0 0 255 0 255 115 86 0 0 255 93 0 255 0 0 255 0
    199 0 0 106 255 196 0 255 255 0 255 255 0 0 199 255 179 0 255 0 227
    255 255 255 0 255 240 255 0 255 0 88 0 0 0 255 0 255 255 0 255 63
    255 0 255 81 0 0 0 27 0 255 255 0 255 0 0 255 0 255 120 0 255 255 31
    255 0 0 0 255 0 255 0 0 255 0 0 64 255 252 0 190 255 255 42 0 255
    255 255 57 0 0 0 255 0 0 255 255 0 243 218 0 171 255 255 0 255 255
    56 255 0 255 117 233 255 0 255 32 255 255 0 213 0 0 255 255 0 255 0
    0 0 175 255 255 238 255 0 0 98 38 0 0 255 0 0 255 0 75 255 0 255 246
    255 255 54 133 242 255 0 255 0 192 246 255 0 16 0 255 255 255 244
    255 255 0 255 255 0 97 255 0 208 0 255 0 255 0 255 0 255 0 27 255 0
    113 0 0 255 0 255 255 0 0 0 255 255 0 40 255 0 255 0 0 255 0 255 0 0
    0 0 255 97 145 73 0 0 255 255 255 66 0 255 0 192 120 195 0 255 0 255
    0 255 0 255 0 0 255 191 112 255 0 255 0 255 252 0 255 28 255 255 170
    0 255 0 255 0 255 0 179 255 255 218 149 154 0 0 255 0 0 55 0 30 255
    255 123 255 255 0 0 255 188 255 0 255 0 255 0 255 255 0 0 0 255 255
    255 13 129 255 0 0 255 0 255 239 0 76 0 255 255 0 0 255 0 255 255
    255 0 255 0 255 0 255 255 0 255 0 255 255 0 58 0 0 255 255 0 255 0
    154 255 211 255 255 0 130 0 255 94 170 255 0 255 255 0 255 0 0 255
    54 0 255 0 12 255 0 255 0 224 255 0 36 255 255 0 255 0 196 255 255 0
    0 255 0 0 255 0 255 255 255 255 0 255 0 0 255 0 0 71 0 255 255 52
    255 0 0 255 0 73 0 255 0 255 0 53 255 0 183 0 50 0 255 23 0 255 255
    0 0 0 255 0 0 255 152 255 0 255 255 0 255 132 82 0 217 103 0 255 120
    0 255 0 134 0 0 255 0 0 0 255 255 234 0 255 199 255 255 238 220 0 15
    219 255 137 206 0 0 0 255 0 0 0 255 157 0 255 0 51 0 163 219 0 255
    255 255 0 255 255 0 255 255 255 0 0 235 71 0 255 163 255 255 0 255 0
    255 0 255 255 0 0 93 255 119 255 0 0 255 0 255 0 255 0 0 255 255 14
    255 255 174 0 255 0 128 255 0 172 0 0 255 255 38 255 0 255 255 0 255
    0 255 255 0 130 0 193 96 255 0 255 0 0 255 255 255 53 255 48 255 0
    255 255 0 35 255 0 255 0 171 0 255 0 103 255 0 255 0 255 75 255 0 0
    0 255 0 255 255 255 255 0 255 160 0 255 255 255 255 0 255 255 1 0
    255 255 255 0 255 0 255 28 255 0 255 0 0 255 0 255 0 255 235 159 246
    181 144 30 255 133 164 0 255 255 0 255 85 0 165 50 0 255 173 0 0 87
    255 255 255 0 255 0 255 0 0 255 0 0 50 255 0 255 140 255 255 0 37 65
    129 255 173 201 255 0 255 0 255 0 168 0 255 255 0 255 0 0 255 0 255
    206 0 255 255 255 0 0 255 0 255 0 0 255 13 0 11 0 0 0 255 0 56 0 255
    0 255 0 255 0 255 255 0 255 0 0 136 255 0 0 255 85 0 93 182 0 0 0 0
    255 255 0 0 255 189 0 255 202 255 255 0 33 0 255 0 255 0 255 0 255
    86 255 213 0 0 255 0 0 22 255 255 0 0 206 229 0 0 87 26 246 0 255 0
    0 255 0 255 255 255 255 0 255 0 255 255 0 255 0 255 56 0 255 0 0 255
    0 195 98 0 0 0 255 211 0 0 0 255 0 0 255 0 255 0 255 0 255 255 50 0
    0 161 40 0 255 255 0 255 0 69 0 255 203 255 158 0 255 0 255 67 0 255
    0 24 0 163 255 105 67 0 255 0 255 255 0 255 0 255 199 240 255 3 196
    0 255 0 0 255 0 0 0 255 0 255 0 0 255 0 244 0 255 255 0 255 0 255
    255 0 255 225 255 0 255 255 0 183 0 255 0 194 255 0 255 97 0 255 255
    255 115 36 0 191 0 83 0 255 0 255 0 0 140 255 255 0 255 58 0 255 255
    0 0 255 255 0 0 0 255 188 255 0 255 0 0 255 0 0 255 109 0 123 255
    115 255 255 0 238 220 255 0 255 245 65 255 7 118 225 29 255 0 128
    205 0 255 48 255 0 0 0 255 255 255 0 255 255 0 20 102 210 255 255 0
    255 255 0 28 255 255 0 0 255 255 13 255 255 0 61 189 0 160 0 255 222
    0 255 255 131 0 0 120 255 255 241 0 255 0 255 0 255 0 0 255 83 0 112
    54 0 255 42 185 0 255 0 255 0 0 0 0 255 133 0 255 255 0 255 255 255
    0 255 0 255 0 255 89 0 0 255 255 61 0 81 0 255 0 0 0 255 255 0 0 255
    0 255 68 255 0 0 255 0 208 255 0 255 0 255 0 255 0 255 0 0 0 255 0 0
    255 202 0 78 235 255 0 0 255 0 0 0 0 226 0 255 255 255 0 255 0 255 0
    0 255 39 0 255 255 236 0 255 218 0 19 0 255 0 255 0 0 80 5 255 0 0
    255 255 255 0 73 255 0 255 234 255 0 255 255 0 0 0 255 255 215 255 0
    0 142 255 255 0 255 0 255 255 0 0 255 207 0 255 0 0 0 0 71 255 0 0
    139 255 0 255 55 0 255 0 255 0 255 0 84 0 255 0 107 46 255 235 0 0
    24 255 255 0 0 0 255 0 255 197 0 255 0 218 255 0 255 255 0 255 0 255
    99 0 91 243 0 255 0 255 0 0 69 255 0 0 0 255 255 0 5 179 255 0 255 0
    29 255 0 255 151 0 1 243 0 181 255 0 0 255 215 0 255 0 255 255 0 0 0
    255 0 92 255 255 0 255 0 255 227 0 0 255 179 0 255 229 0 0 0 255 0 0
    255 0 0 0 0 255 255 95 0 255 0 0 255 224 94 0 255 0 255 0 0 255 0
    131 0 255 28 255 255 58 255 0 255 255 164 159 0 0 255 0 255 255 0
    255 255 0 130 255 0 255 0 255 0 255 255 215 0 255 144 106 18 46 129
    255 0 0 255 255 0 0 0 0 255 0 255 255 0 0 255 0 0 255 255 255 0 255
    255 18 255 0 255 255 0 255 221 113 255 30 255 0 145 255 0 246 0 199
    0 255 255 255 0 0 182 255 255 0 121 255 255 0 255 0 0 255 0 255 255
    0 255 255 0 0 255 16 255 0 255 0 0 255 187 255 255 0 0 255 64 255 0
    255 0 255 0 255 255 255 0 255 0 255 255 0 255 255 0 255 0 0 255 0 0
    0 255 0 255 0 0 255 16 255 255 0 255 0 255 0 0 255 255 255 0 255 0
    255 0 255 0 166 0 30 255 0 255 0 0 255 255 53 0 255 14 255 0 0 255 0
    0 255 143 255 0 255 255 0 255 28 255 255 0 0 0 255 78 238 255 0 255
    255 243 0 243 0 0 255 0 255 217 255 126 0 0 255 255 0 255 0 0 0 82 0
    255 0 255 0 255 0 0 0 255 0 255 255 255 18 0 114 19 0 243 101 255 43
    0 255 41 0 0 255 0 0 0 255 209 165 255 0 0 255 255 255 0 255 255 25
    255 255 0 255 35 0 115 0 255 0 255 0 255 0 65 255 0 255 0 255 255
    255 14 0 255 255 0 144 255 0 255 34 0 255 0 195 212 255 255 0 255
    109 255 255 255 0 41 255 0 0 255 0 63 255 255 0 255 255 255 0 0 75 0
    0 255 255 0 0 255 255 35 133 80 5 0 255 255 0 0 255 0 146 192 0 0 0
    0 255 0 255 0 0 255 255 255 74 255 0 180 0 255 0 255 0 129 255 0 0
    255 0 0 255 0 255 0 255 255 0 255 255 0 11 255 0 255 255 174 0 255 0
    255 180 0 255 255 255 192 0 255 0 0 0 180 255 221 255 85 0 255 0 0
    255 0 0 0 255 0 255 0 255 255 0 0 255 0 255 0 255 255 255 0 255 0
    255 0 97 136 0 0 0 255 255 255 255 0 255 0 255 0 0 255 255 255 0 255
    255 255 0 0 255 255 0 255 255 0 255 0 0 255 255 116 255 255 0 0 0
    210 0 255 255 44 255 255 255 0 255 168 255 255 255 255 0 255 184 255
    0 0 255 39 0 0 255 0 70 0 0 0 0 255 0 255 0 255 219 0 255 190 197 0
    255 0 255 0 255 0 255 0 255 255 188 0 0 255 0 255 0 0 28 255 255 0 0
    0 255 255 34 255 255 0 255 0 255 0 255 0 255 0 255 0 216 0 255 0 240
    255 182 255 84 187 255 0 255 255 10 0 153 0 0 0 255 39 255 0 255 110
    0 223 0 255 197 255 27 0 255 0 0 255 0 0 255 0 255 255 0 211 0 255
    255 0 0 0 255 0 255 255 0 127 0 143 255 0 193 0 0 255 255 255 162 0
    255 0 255 255 0 0 252 0 255 0 255 0 0 33 255 255 255 255 0 255 0 0 0
    255 255 0 255 255 255 0 230 216 255 0 255 80 255 255 0 38 0 255 0
    255 0 255 216 0 255 171 0 255 0 255 25 215 255 0 0 56 0 0 0 255 255
    0 109 0 246 0 255 255 16 255 0 0 255 255 255 0 255 0 255 0 18 0 0 0
    0 255 0 103 255 0 0 0 196 0 0 167 0 255 0 0 255 44 0 255 0 0 0 0 0
    255 0 0 0 0 255 0 255 0 255 0 255 255 255 185 255 255 0 255 255 255
    85 39 197 126 0 255 28 255 0 105 197 0 0 100 0 0 255 0 0 255 0 0 0
    255 255 93 0 255 255 0 47 255 0 0 255 255 255 239 187 0 99 255 0 158
    255 255 0 255 0 0 0 0 255 255 0 255 255 0 0 16 0 255 0 18 255 156 0
    255 199 0 255 0 172 171 0 255 0 255 0 255 0 255 157 0 0 255 255 0 0
    0 255 255 0 255 0 255 82 255 0 255 0 255 0 255 0 0 255 0 255 255 255
    0 255 255 0 255 0 255 0 255 164 255 0 255 0 86 0 255 0 255 255 255 0
    255 0 255 0 255 0 255 28 0 255 255 132 255 0 0 255 0 255 255 38 0
    255 157 0 255 0 255 0 78 255 188 255 0 255 255 122 0 255 0 255 0 0
    255 200 171 0 0 162 255 255 0 255 4 0 0 255 0 255 0 48 255 255 0 0
    255 0 255 0 255 0 0 255 0 15 255 255 0 255 0 175 255 203 255 92 104
    0 255 255 204 135 0 255 0 255 0 255 0 255 255 0 255 129 181 99 255
    85 255 0 255 0 255 0 255 190 0 0 255 0 255 255 255 0 255 0 255 255 0
    255 0 0 255 255 0 255 255 0 255 0 255 0 255 255 255 255 255 255 171
    0 255 255 255 0 255 0 2 255 0 0 255 253 181 255 30 0 0 255 0 255 255
    0 255 255 255 15 255 255 0 0 0 232 244 93 255 255 0 255 0 0 0 255 0
    0 152 0 255 255 0 255 0 0 0 255 0 255 255 0 182 0 135 255 255 0 255
    0 255 255 129 135 0 230 255 255 12 0 36 255 0 0 255 132 0 117 0 199
    255 255 0 0 255 255 255 255 0 63 255 0 0 255 255 255 0 255 0 255 0 2
    255 236 130 0 103 255 0 28 255 0 0 61 255 0 255 0 255 0 48 0 0 73
    255 255 0 255 255 170 0 165 0 0 255 0 252 0 0 0 255 255 255 19 2 0
    216 0 255 0 255 75 255 0 129 0 122 255 0 255 255 255 0 0 84 0 0 0
    254 0 255 255 255 255 255 92 0 0 203 255 255 0 0 255 0 0 255 0 50 0
    255 255 255 12 142 0 255 0 255 0 255 0 255 255 112 0 0 0 0 255 255 0
    255 0 0 255 255 255 0 143 255 0 0 210 252 255 0 25 0 255 181 87 80
    255 0 106 0 255 0 221 179 0 255 255 0 26 107 255 255 253 0 160 255 0
    255 175 35 0 255 255 81 0 116 0 255 88 255 0 0 0 0 163 0 255 255 27
    255 255 0 255 255 255 0 0 0 197 0 0 255 57 255 0 0 255 41 0 0 255 0
    255 169 255 107 255 255 0 255 255 255 0 255 0 146 0 0 255 0 0 0 0
    255 0 0 255 136 255 0 255 0 255 0 255 0 255 0 0 255 0 0 255 0 255
    195 20 0 255 0 248 255 36 0 255 255 0 218 255 0 255 0 255 0 255 0
    255 255 0 255 0 255 0 255 0 255 255 255 70 255 0 104 255 0 0 255 0
    118 0 255 0 255 255 0 155 0 255 0 255 255 0 0 53 255 178 255 255 0 0
    30 0 0 255 23 53 255 0 255 0 0 102 0 0 0 255 207 255 0 255 0 255 0
    255 66 158 255 0 0 0 0 0 0 0 255 207 0 255 0 0 255 0 255 255 255 0
    255 187 255 255 0 255 255 0 255 255 255 255 255 255 0 0 255 0 255
    255 0 0 0 255 0 255 255 111 255 255 255 255 121 122 255 255 0 106 0
    0 255 0 0 0 255 255 29 0 255 255 17 161 255 0 255 0 0 255 255 0 89
    255 255 0 0 148 255 255 0 255 0 0 255 0 255 0 255 255 0 255 255 0
    202 255 0 255 204 255 255 255 0 255 0 0 255 255 0 255 255 0 255 201
    0 0 0 255 255 0 0 156 0 255 255 2 0 255 191 255 255 0 255 255 71 255
    255 0 255 255 219 0 196 255 0 47 0 188 255 0 0 255 255 255 244 0 182
    255 0 255 253 0 0 255 255 0 234 255 0 255 0 255 255 0 246 0 0 0 255
    0 255 0 0 255 0 255 255 0 0 255 0 0 175 188 0 34 0 255 0 255 0 76
    160 0 0 208 0 255 255 233 0 0 0 255 0 255 0 0 0 255 251 226 255 255
    68 0 171 0 230 96 0 255 255 0 255 255 255 0 255 255 0 255 0 0 255
    255 0 255 255 255 0 40 255 255 255 255 0 0 0 252 255 255 0 255 62 0
    0 255 34 255 0 0 255 0 0 0 255 0 255 142 0 0 0 255 0 255 229 185 255
    0 255 0 255 255 0 255 0 255 2 0 148 178 0 81 29 255 255 255 0 255 90
    255 0 255 0 255 255 0 52 0 0 255 0 0 0 255 0 255 0 0 255 124 255 255
    31 198 0 0 255 255 178 0 255 0 255 0 0 0 255 0 255 0 202 0 255 0 0 0
    255 58 255 158 255 0 0 0 255 0 255 255 0 255 0 0 0 255 255 0 255 255
    0 0 255 255 0 255 0 0 255 0 0 0 0 0 255 0 255 0 0 255 0 0 255 0 255
    255 0 0 79 0 0 255 255 69 234 0 37 255 255 0 0 255 0 255 245 0 255 0
    61 255 36 255 255 0 255 255 255 199 255 0 255 0 255 89 0 255 0 255 0
    194 255 0 255 255 255 0 0 255 0 255 65 0 255 255 0 255 255 118 255 0
    46 255 255 213 255 0 0 40 255 255 57 0 255 0 255 0 255 255 255 0 255
    0 0 255 255 20 71 0 0 37 255 0 0 0 0 156 255 255 255 0 0 0 255 0 95
    255 0 0 255 0 0 255 149 255 0 0 255 255 0 255 255 0 255 255 0 0 255
    0 215 0 255 0 255 0 0 255 255 255 224 0 255 68 255 0 0 255 255 255 0
    243 0 0 0 255 255 0 255 255 0 0 255 0 255 0 43 0 255 255 255 0 217 0
    0 0 0 255 0 36 255 0 0 255 105 255 0 0 155 255 30 255 0 103 255 0 0
    255 255 0 255 255 255 0 255 0 251 0 255 0 0 255 255 255 156 255 0 87
    0 255 255 0 255 0 185 255 0 255 0 0 0 188 255 240 255 90 75 85 255
    255 0 255 143 96 30 255 239 0 255 88 255 255 0 255 0 255 235 91 255
    0 0 255 255 255 0 255 12 66 255 202 104 255 0 0 255 0 0 0 161 244 0
    187 255 255 0 0 255 29 0 255 192 174 0 255 0 255 0 0 255 0 255 0 0
    121 7 0 255 0 0 255 0 92 0 255 255 0 0 255 0 88 255 27 0 255 255 46
    0 255 255 10 255 0 255 0 92 196 255 255 0 255 0 0 255 0 191 0 255
    255 0 0 255 255 0 0 255 0 0 255 255 0 255 0 255 54 255 0 255 0 255 0
    0 150 0 255 0 255 0 31 154 0 255 0 0 255 0 255 255 255 0 0 255 249
    49 255 0 91 0 255 255 255 255 0 255 46 27 251 207 255 184 255 0 0 0
    255 131 0 255 0 255 195 255 0 230 0 56 0 0 18 255 0 255 136 255 0
    172 255 0 42 0 0 0 0 255 255 255 28 0 37 37 147 0 255 0 0 0 255 0 0
    130 0 255 0 25 0 255 140 255 255 0 0 255 0 223 255 248 0 255 255 255
    132 255 255 255 255 255 30 255 255 0 255 0 0 255 43 255 184 133 0
    255 255 0 159 255 0 255 0 48 0 255 0 0 255 0 255 0 0 255 0 84 255 0
    255 0 255 190 160 0 0 255 255 0 255 255 255 255 0 255 0 0 0 255 255
    0 255 0 118 255 255 255 0 255 41 27 0 255 121 92 255 255 255 0 0 255
    112 189 0 0 255 255 255 0 35 255 0 255 0 105 255 0 199 95 255 255
    100 79 0 0 255 0 255 255 255 0 255 255 255 0 0 255 0 107 0 241 255
    193 255 61 0 255 255 0 0 0 255 0 255 0 0 255 0 255 174 255 54 255 0
    0 255 0 255 255 0 255 255 1 0 255 0 255 0 0 255 0 0 0 255 0 255 0 0
    255 255 255 78 0 0 0 255 0 255 0 29 255 0 255 0 255 255 0 255 0 0
    255 233 138 0 255 96 209 0 255 54 248 255 190 0 0 255 0 255 6 255
    255 255 250 255 229 255 0 154 0 130 255 0 255 233 0 0 255 0 0 255 0
    255 160 154 26 255 134 118 255 255 0 136 255 0 0 0 0 0 255 203 0 255
    0 0 0 255 255 0 255 255 0 165 255 255 153 255 0 0 255 0 0 255 0 255
    255 255 0 255 148 255 255 0 255 90 174 0 255 0 255 0 0 127 255 255 0
    0 255 255 0 255 255 190 255 255 49 0 0 0 30 255 0 255 0 0 0 0 255 0
    255 34 0 147 0 105 89 240 255 0 255 0 0 98 255 0 255 0 212 255 0 255
    0 255 255 0 76 0 255 0 255 0 0 0 255 44 0 0 0 255 106 35 255 255 0 0
    255 255 0 255 0 0 255 255 125 255 0 255 255 0 255 255 0 0 0 0 46 255
    255 0 255 255 255 234 0 255 0 255 255 255 0 255 0 255 0 0 0 255 219
    0 0 255 255 0 0 0 255 0 243 255 37 255 0 193 128 0 0 255 255 0 43
    255 0 255 0 255 0 255 0 0 255 171 0 49 0 177 0 0 255 0 143 0 255 0 0
    255 220 0 123 0 178 0 163 255 0 0 255 255 0 0 243 81 255 26 255 0 0
    252 255 255 234 0 0 165 0 255 0 54 255 0 0 255 255 249 0 0 0 103 0
    255 0 47 0 2 247 255 255 0 0 85 255 0 79 168 0 255 154 0 255 97 221
    255 255 0 0 0 0 255 3 0 180 34 0 255 255 0 255 255 210 255 111 255
    255 0 0 0 0 69 255 255 255 0 60 255 0 255 255 0 255 0 0 170 255 255
    0 255 0 0 255 0 60 0 255 0 255 0 255 255 0 255 255 255 0 255 2 0 4
    255 0 0 0 255 0 255 255 0 255 0 46 255 204 255 255 0 255 0 145 0 0
    123 0 0 255 0 255 255 0 173 0 0 0 189 255 0 255 0 255 255 0 255 0
    161 255 255 0 255 0 0 216 255 142 255 255 255 255 255 53 0 0 87 255
    255 0 0 82 0 0 149 255 0 120 255 0 0 0 255 109 112 0 255 251 255 0
    99 0 255 0 255 255 0 255 255 255 0 255 255 107 255 0 0 44 255 21 255
    255 255 255 0 255 255 255 255 255 0 199 0 231 255 49 0 255 0 22 159
    146 255 255 0 255 218 0 79 233 0 0 255 255 255 135 255 150 255 255 0
    156 0 167 255 0 255 0 0 255 255 255 134 255 255 0 152 0 0 255 152 57
    0 0 0 255 121 255 255 10 255 255 0 255 241 238 0 255 0 255 0 255 0 0
    9 0 255 255 29 255 0 0 232 255 0 255 255 0 255 0 0 10 0 21 0 0 255
    255 0 0 6 255 0 255 0 255 255 255 0 0 255 0 255 0 255 255 0 255 0
    255 118 176 103 255 255 0 108 0 255 0 72 0 0 255 0 220 0 255 177 0
    85 247 0 0 255 158 255 0 251 255 0 255 60 0 115 0 92 255 0 0 0 14
    246 255 0 255 213 255 0 0 255 0 41 255 255 121 0 255 255 0 255 255
    255 193 255 0 255 134 0 0 255 253 255 88 0 255 195 75 0 255 0 255
    255 0 255 232 0 255 194 17 255 25 255 0 0 255 0 255 218 255 120 255
    255 0 0 117 0 141 255 255 0 77 255 0 0 0 0 0 237 243 0 255 0 255 242
    0 255 201 0 0 255 156 216 221 255 105 0 171 0 0 0 255 255 129 0 113
    0 0 255 255 255 0 60 255 77 255 0 255 0 0 0 255 255 0 128 0 255 0 0
    255 53 255 0 255 255 0 0 185 244 0 255 255 255 194 255 255 0 255 151
    255 255 255 255 0 225 0 0 13 0 46 255 0 255 0 255 255 0 0 242 104
    255 0 39 0 255 75 255 255 0 255 0 0 33 0 255 0 255 255 255 18 255 0
    255 0 255 255 255 0 255 0 255 0 255 0 255 255 0 255 0 255 255 0 255
    194 255 255 137 0 0 0 0 255 255 0 255 255 0 255 0 223 255 0 255 0
    255 0 0 179 0 255 255 0 150 0 252 0 0 0 0 53 0 166 255 255 24 255
    255 255 0 0 255 0 255 0 0 255 33 0 255 255 0 116 255 0 0 255 102 255
    0 255 0 255 0 255 255 255 0 0 255 255 0 0 0 72 255 255 0 43 0 255 0
    0 0 255 0 255 0 41 0 255 172 255 255 0 0 96 251 255 0 185 255 255 0
    0 0 0 255 0 255 255 255 135 255 0 0 0 255 230 255 0 216 255 255 0
    255 255 176 0 0 255 201 0 255 0 255 255 255 0 0 103 255 255 254 255
    0 255 0 0 255 113 0 255 255 0 255 25 236 0 255 0 255 255 0 25 236
    212 255 0 255 0 0 255 239 141 0 0 0 255 0 255 0 233 0 255 122 0 0 0
    255 238 0 98 0 255 172 0 255 0 255 0 0 255 255 0 255 0 255 255 255
    28 0 255 0 0 239 85 255 255 0 255 203 255 89 0 0 255 204 255 0 178 0
    255 102 255 255 0 0 173 0 141 255 103 255 0 255 7 186 0 255 255 0 0
    0 255 255 0 255 255 255 255 0 0 255 0 255 255 0 0 255 255 255 0 255
    241 0 255 0 255 255 0 255 173 0 255 149 0 255 255 188 0 255 255 0
    158 36 255 255 0 255 0 255 0 255 0 0 0 255 139 0 0 255 33 0 88 255
    255 255 0 255 0 0 255 0 255 0 0 255 0 0 255 0 255 255 0 255 0 0 255
    255 142 0 0 255 0 0 0 0 157 0 255 58 255 0 255 0 255 0 0 255 0 213
    255 0 0 255 255 0 0 0 255 191 255 0 255 255 0 0 0 255 0 0 95 255 255
    255 255 0 79 0 255 0 0 255 255 236 38 0 255 255 0 194 0 0 255 255 0
    0 255 0 208 255 0 0 255 10 255 255 255 0 182 255 0 255 0 0 255 255
    255 0 255 0 255 255 1 0 0 255 0 255 0 255 0 255 26 0 0 255 255 0 255
    110 255 0 255 255 0 0 0 239 176 0 255 0 0 88 255 255 0 255 255 252
    181 0 0 0 214 0 0 0 255 255 0 16 27 255 0 255 0 0 0 255 0 255 255
    255 255 0 209 255 255 216 0 216 255 255 0 255 255 0 255 135 255 0 33
    54 0 215 0 0 255 0 0 255 177 0 0 255 255 251 0 255 201 0 16 255 0 88
    0 0 255 0 0 218 0 0 255 255 255 255 255 255 0 255 255 0 255 0 0 136
    0 52 255 88 255 0 68 0 255 255 0 255 0 223 171 0 255 156 79 255 0
    255 255 0 255 255 0 255 101 0 236 0 255 255 69 16 0 226 255 0 202
    255 210 0 0 255 75 0 255 162 255 255 255 0 0 214 248 0 0 255 2 0 0 0
    255 255 255 0 255 255 0 0 255 255 85 0 1 0 255 0 0 255 0 0 255 0 0
    255 198 0 31 220 0 255 0 0 235 255 255 14 0 0 0 0 255 0 33 0 255 9
    255 0 255 0 255 255 0 64 43 0 0 255 172 0 255 0 0 0 0 139 255 0 255
    0 0 255 0 255 255 0 255 0 255 255 0 214 0 214 255 255 92 0 255 0 255
    255 0 255 171 0 255 0 0 0 255 0 255 0 255 0 0 255 0 0 0 0 255 255
    222 255 0 0 255 0 255 255 0 63 0 255 255 0 85 255 0 159 0 255 0 112
    0 0 0 255 0 0 0 255 255 255 0 108 255 230 191 255 255 0 118 255 0
    255 0 0 255 255 0 0 7 255 68 255 0 255 255 0 182 155 199 255 255 255
    250 0 250 0 255 141 171 0 0 255 0 0 255 0 255 255 0 255 255 255 255
    0 136 0 255 0 255 0 0 255 0 0 255 255 255 0 0 255 0 0 0 210 0 0 255
    255 255 0 137 0 255 0 255 255 255 0 255 236 28 255 0 255 0 255 0 0 0
    0 255 12 39 255 221 0 255 75 255 0 255 0 241 255 0 0 161 0 255 255 0
    194 255 0 153 0 215 255 255 210 255 0 255 0 255 0 250 0 255 0 255
    255 255 242 255 0 255 255 255 255 13 10 154 255 0 55 0 255 0 181 0
    182 255 215 255 101 255 0 78 0 255 142 0 255 255 0 198 0 0 255 255 0
    0 255 255 0 0 255 0 0 7 0 255 255 0 138 0 0 255 255 0 185 5 0 255 0
    213 181 170 0 0 255 0 255 0 255 246 255 17 255 255 255 0 0 0 113 255
    91 0 0 195 255 80 255 0 0 0 255 255 0 0 255 0 207 192 157 255 0 255
    0 255 255 198 255 0 0 255 255 0 255 74 255 0 5 0 255 0 0 193 0 149
    115 255 17 255 0 0 255 0 227 0 43 0 255 255 0 250 13 248 255 0 255 0
    255 0 0 153 0 255 255 0 255 0 0 255 255 0 96 255 0 255 0 255 255 255
    255 255 0 225 255 255 0 60 255 106 79 0 255 255 0 255 0 255 0 105
    255 0 255 0 255 0 255 0 255 0 0 255 16 45 255 0 255 255 255 87 125
    255 0 255 0 190 255 0 18 0 255 19 175 43 0 0 255 255 255 0 209 105
    39 255 0 255 100 255 0 0 255 18 148 255 0 255 79 255 0 255 255 0 255
    0 255 0 255 0 0 255 223 0 255 255 191 255 0 255 0 0 255 65 0 0 0 255
    0 0 0 255 0 77 189 255 0 0 255 121 0 116 0 255 253 255 145 0 0 238 0
    255 255 0 255 0 255 0 22 255 0 255 0 255 255 255 0 255 255 193 0 255
    255 255 0 152 255 255 0 0 255 0 12 0 255 0 255 0 0 0 255 255 255 0 0
    255 0 255 142 0 0 255 20 255 0 255 0 0 255 61 71 255 255 110 0 255 0
    153 196 0 0 0 0 0 0 255 0 255 0 255 97 0 242 0 166 86 127 0 255 108
    0 255 255 0 255 255 196 255 57 0 219 0 255 0 255 255 255 80 255 255
    0 255 188 0 255 255 0 255 255 222 255 0 255 0 0 0 37 0 0 0 255 251 0
    0 255 255 69 255 29 255 0 0 255 0 238 81 255 0 0 0 0 0 0 255 0 255 0
    83 255 0 255 0 46 255 255 0 255 255 169 118 0 0 255 255 0 255 0 184
    255 59 255 255 0 255 0 255 0 255 255 255 0 255 132 0 255 255 172 255
    0 0 255 255 40 0 0 255 255 0 255 199 255 0 255 0 255 26 147 0 255
    255 0 255 255 0 0 255 255 0 255 163 0 255 255 41 0 89 0 197 255 255
    0 255 255 255 0 255 255 163 0 0 255 0 255 255 255 0 255 226 80 255 0
    0 255 255 0 255 255 0 255 0 93 255 78 255 130 0 115 0 61 255 255 0 0
    255 255 255 0 220 92 0 0 255 0 255 255 59 0 0 0 255 255 255 76 166
    255 113 255 0 255 0 255 0 255 0 0 0 122 255 0 175 0 0 255 0 100 255
    166 217 0 116 233 152 255 0 255 0 213 255 255 255 0 255 72 67 255
    193 255 0 213 255 0 0 255 0 255 255 184 0 178 255 0 0 255 255 255 0
    255 0 60 255 0 48 255 255 178 244 0 255 0 255 255 0 255 255 255 0 0
    0 255 0 255 0 0 255 132 103 0 255 255 255 255 255 0 255 3 255 255
    129 202 255 0 0 255 0 255 0 175 255 255 0 255 0 255 113 0 255 0 255
    255 80 153 0 255 255 0 255 0 0 255 255 0 143 0 255 210 0 255 0 0 255
    46 0 255 0 255 0 255 113 0 255 0 255 255 0 245 0 255 92 0 255 0 0
    255 184 255 21 255 17 0 255 255 0 255 255 0 196 255 0 255 0 255 0
    255 255 0 76 255 0 255 35 164 0 78 59 255 49 0 255 117 255 255 0 255
    0 255 0 255 255 110 0 255 255 0 255 255 76 0 255 255 0 255 255 255 0
    110 0 255 0 255 0 0 0 255 255 0 255 255 255 0 44 0 255 130 59 0 172
    0 0 229 255 255 0 249 255 255 255 0 0 161 255 255 0 0 0 255 255 255
    255 0 237 0 0 0 0 255 7 255 220 0 255 255 255 206 5 0 0 255 255 0
    255 255 0 255 255 0 255 255 0 0 255 0 41 255 181 255 0 255 0 0 255 0
    0 72 0 255 0 255 60 0 0 0 255 167 0 255 255 0 0 10 0 255 0 0 174 244
    0 255 73 255 255 0 0 255 146 0 255 0 179 112 0 255 0 0 255 255 90
    255 0 255 11 0 255 255 0 0 255 255 0 255 255 255 0 255 0 255 0 255
    44 0 120 0 255 255 255 255 24 255 255 255 0 255 179 255 0 201 255
    255 0 243 0 66 0 0 255 76 45 245 0 80 255 255 255 0 0 255 0 255 0
    255 0 0 53 245 0 0 255 255 0 255 255 0 255 0 255 39 0 117 255 0 67
    255 0 255 255 0 255 0 255 0 130 0 255 0 255 9 0 255 134 65 255 0 73
    255 132 65 0 0 89 255 255 135 0 255 0 196 255 0 0 0 255 255 192 0 0
    0 94 255 255 255 0 111 255 154 113 255 0 218 0 251 130 226 227 255
    105 0 0 0 0 203 0 0 0 0 206 188 0 119 0 255 0 141 186 148 0 255 0 0
    255 255 255 0 229 255 0 0 0 129 65 48 0 255 0 255 0 255 219 0 139
    255 0 47 0 255 255 255 252 64 0 99 28 255 81 0 255 0 31 255 255 255
    162 0 255 255 0 255 255 176 19 0 255 0 255 0 255 241 232 0 0 255 0
    62 0 255 0 0 0 255 255 0 255 44 255 255 0 234 255 23 255 255 0 255
    117 255 255 0 255 54 0 80 0 0 255 0 255 0 0 255 0 2 127 0 255 99 255
    255 255 255 0 255 0 0 148 0 99 0 113 251 255 0 255 0 255 0 0 255 0
    255 255 255 0 255 0 255 145 0 0 255 156 218 255 0 0 255 0 0 255 255
    186 0 255 0 60 0 255 174 255 53 255 0 0 0 255 255 44 0 220 96 63 0
    255 0 255 215 255 255 255 0 255 0 21 255 0 0 255 0 255 255 255 0 255
    255 232 0 255 255 0 255 0 255 255 48 236 255 116 255 0 255 0 255 174
    62 0 0 0 255 255 0 0 255 0 0 255 0 89 226 255 0 255 0 255 255 255
    255 255 255 75 0 255 0 60 255 0 0 0 255 0 255 0 255 0 255 255 255
    135 52 0 255 255 0 255 0 255 37 255 0 255 0 255 255 255 0 255 255 0
    255 0 0 255 0 255 0 255 0 255 0 255 0 0 255 52 0 173 255 255 0 255
    255 0 0 255 255 0 66 197 255 202 0 0 255 127 255 0 0 108 255 109 0
    255 0 0 0 0 255 0 255 0 0 0 255 255 0 255 0 255 255 255 0 110 0 0
    255 0 175 255 0 255 247 154 0 255 0 0 0 255 255 0 255 138 0 255 0 0
    160 255 0 0 62 0 255 0 255 255 0 0 249 255 0 255 255 255 5 255 0 255
    0 0 0 255 255 0 0 255 0 111 0 0 0 255 0 255 255 0 255 0 255 0 255 72
    0 0 0 0 255 0 255 255 75 0 224 0 255 255 255 0 255 0 255 0 17 255 0
    255 16 0 255 255 0 255 0 0 255 0 255 0 255 161 0 255 0 255 255 200
    115 0 0 0 255 0 255 255 255 202 236 100 175 255 0 255 0 255 0 255
    202 255 0 140 0 123 156 255 255 0 0 255 255 152 0 255 131 0 0 255 0
    0 255 146 0 255 255 255 0 255 0 0 148 0 0 0 192 255 0 255 255 0 0
    255 0 255 0 0 0 255 0 196 0 255 144 46 0 30 0 255 255 0 255 134 0
    255 0 127 0 255 0 255 183 0 255 111 0 0 255 255 186 10 255 0 0 255
    175 255 0 255 255 111 0 91 126 255 255 45 0 255 0 255 16 59 255 0
    255 0 0 0 255 0 108 0 0 0 0 54 0 0 255 0 255 255 255 0 158 255 0 165
    248 228 0 0 102 0 255 0 0 255 0 255 0 255 255 0 255 255 255 255 255
    0 0 255 0 255 255 0 255 102 0 0 214 255 255 25 255 0 255 235 255 0 0
    255 55 255 0 175 102 214 255 255 0 255 0 255 0 255 0 235 0 112 98
    255 0 255 0 255 0 0 0 0 0 255 0 0 0 0 255 0 0 255 0 255 255 0 255 0
    126 0 255 255 0 255 0 0 255 0 255 0 255 0 255 0 0 30 0 255 0 255 0
    255 0 0 0 0 0 255 156 255 117 0 255 0 255 0 255 0 255 0 255 255 214
    0 255 0 0 0 255 0 207 0 255 0 255 0 255 0 255 0 255 255 255 0 0 0
    255 188 255 0 255 255 0 0 0 0 255 255 255 255 0 255 190 255 0 0 255
    0 255 0 255 255 255 255 0 0 0 159 0 0 255 0 0 255 255 0 255 0 0 0 0
    255 255 0 255 0 255 255 255 224 15 0 0 255 255 0 0 255 47 31 61 255
    0 255 236 0 255 255 255 135 0 0 0 196 0 206 39 37 255 0 255 20 255
    214 255 255 255 0 0 255 0 0 255 0 255 255 0 255 7 255 0 255 255 0
    255 255 169 255 215 0 255 255 0 255 255 0 255 255 255 0 255 5 255 0
    0 0 255 255 255 0 255 0 255 0 0 255 0 255 255 126 246 0 255 116 242
    0 255 0 255 255 0 255 0 255 255 0 255 255 112 255 0 150 0 0 0 255 35
    255 0 158 255 255 255 255 0 255 255 0 255 0 11 255 0 255 255 255 0
    255 0 0 255 0 255 255 0 169 255 0 0 0 0 255 0 10 255 217 221 85 0
    255 103 0 255 255 0 246 0 255 0 255 0 255 246 0 0 255 255 0 255 203
    255 149 255 151 0 255 0 255 0 62 255 0 0 255 0 255 0 173 0 255 255 0
    0 214 255 0 152 0 0 255 203 255 0 0 0 0 0 255 0 216 0 255 177 0 48 0
    0 0 255 0 255 255 255 0 255 255 120 32 255 0 95 0 0 255 0 255 49 0
    255 0 255 255 0 0 0 255 0 0 255 0 255 0 255 0 255 255 0 255 0 255
    255 236 0 0 255 0 0 255 255 255 255 0 255 255 0 245 255 84 0 157 0 0
    255 208 185 255 0 255 0 255 0 0 207 255 0 255 0 246 229 235 0 65 0
    255 0 0 255 49 255 0 0 0 255 0 255 255 0 255 88 255 255 0 0 0 69 255
    255 56 255 255 255 166 113 0 0 54 255 64 255 255 154 192 0 255 0 56
    255 0 255 0 255 255 147 0 0 66 255 0 255 0 255 58 0 255 0 34 0 255 0
    255 205 0 255 0 255 217 255 158 255 5 0 0 0 0 255 255 57 255 0 142
    255 0 0 255 0 255 255 0 255 255 182 255 88 0 255 0 232 0 0 255 209
    50 0 0 174 0 255 0 255 255 255 0 255 255 255 0 0 255 255 0 0 255 0
    255 0 145 0 39 255 255 255 237 255 255 55 0 0 255 0 181 0 255 255 0
    0 255 255 41 242 255 46 64 255 255 0 8 255 0 0 255 0 255 159 0 0 0 0
    22 0 255 0 255 0 207 159 0 2 255 255 0 8 142 255 0 255 0 0 175 14
    255 255 0 255 137 117 244 255 0 83 0 255 0 0 140 0 255 0 255 255 255
    47 255 82 0 0 255 0 255 4 0 122 0 255 255 100 211 249 255 255 0 15
    245 255 0 120 128 255 82 0 0 0 10 255 255 0 0 0 2 110 0 255 255 0
    255 255 255 255 255 255 10 0 0 255 0 255 255 0 255 0 0 0 255 224 0 0
    0 255 0 255 0 0 255 11 255 105 255 0 255 255 231 0 120 255 0 0 255
    255 0 253 255 233 36 255 83 255 30 0 255 0 0 255 0 255 0 255 0 255
    255 0 0 0 124 0 102 185 186 112 255 0 255 0 255 255 0 0 255 0 0 255
    255 255 15 0 255 0 0 0 0 0 255 0 181 26 0 255 0 0 255 61 255 255 255
    255 255 0 0 255 255 40 0 0 0 0 255 40 239 0 255 0 255 0 47 0 255 0
    255 255 0 255 0 255 255 110 255 0 255 0 0 255 0 209 252 31 0 255 0
    65 0 0 255 255 0 183 17 255 255 255 182 0 255 255 16 125 255 0 0 0
    255 0 255 0 0 255 0 0 255 0 0 255 0 0 255 109 0 15 255 0 255 0 255 0
    0 0 255 0 255 0 158 242 140 255 0 235 85 255 212 255 0 255 91 255 0
    255 0 255 16 0 210 10 0 0 255 119 0 0 255 115 255 0 255 99 66 255 0
    255 255 255 0 0 0 0 164 255 180 0 255 0 255 255 219 255 0 255 173
    196 198 255 0 255 0 255 215 255 255 255 0 255 0 255 174 255 255 0 0
    255 255 0 0 0 255 255 0 255 0 0 255 255 255 0 255 182 255 0 4 255 0
    62 0 0 255 0 255 255 255 0 255 124 255 0 255 0 255 0 84 0 255 40 255
    0 255 255 0 0 0 255 103 255 79 255 73 127 0 211 0 255 0 196 255 73 0
    255 119 205 0 0 4 255 255 0 255 14 255 0 255 251 0 0 0 255 255 0 255
    0 0 0 255 255 255 14 0 255 0 0 255 0 255 208 255 0 115 255 0 161 0
    50 88 255 188 86 0 0 0 255 27 0 255 255 0 255 216 0 255 0 255 255 0
    29 255 255 99 0 0 0 255 0 255 0 156 0 255 0 0 255 0 0 0 255 255 255
    0 255 0 255 0 255 255 0 0 255 88 255 155 0 0 255 0 0 255 0 19 255 0
    255 0 255 1 255 255 255 47 255 0 0 84 0 59 0 255 255 255 0 0 255 0
    255 255 255 0 88 255 255 255 255 0 255 0 77 0 61 255 0 0 225 255 255
    0 232 180 175 255 255 255 0 0 255 0 255 0 54 0 255 0 255 104 0 255 0
    163 0 255 118 0 0 188 99 0 0 255 255 52 251 90 255 177 255 115 255 0
    154 0 255 0 255 255 32 255 206 0 255 0 255 0 255 0 255 0 35 0 112
    255 0 0 0 0 255 198 0 255 51 199 0 0 255 255 185 0 192 0 255 0 255 0
    0 0 255 255 66 28 0 0 255 0 0 255 0 255 0 17 66 255 187 255 0 0 255
    0 255 0 21 0 255 255 255 0 0 0 243 0 85 255 255 255 0 116 0 255 0
    255 0 234 0 0 255 47 255 0 255 0 255 0 255 0 255 40 255 67 255 0 255
    0 152 0 0 0 255 255 0 255 0 255 0 255 0 255 0 255 114 0 255 0 255 0
    255 87 0 255 0 172 255 255 0 255 0 255 0 255 149 0 78 255 255 0 145
    33 255 255 85 0 255 255 0 17 201 0 72 0 255 255 255 0 255 0 0 255 0
    255 0 255 144 0 255 0 255 220 255 0 255 0 255 0 0 255 0 255 0 0 255
    0 255 0 0 255 29 255 0 255 23 0 244 0 0 237 255 109 0 255 124 187 0
    255 255 255 0 255 255 0 255 96 0 255 0 255 0 255 0 0 227 255 255 255
    0 255 0 255 0 0 255 255 0 0 141 183 255 0 0 178 0 0 0 0 14 0 255 0
    255 0 255 255 0 0 255 0 255 0 255 95 0 0 255 255 255 0 20 255 0 19
    51 255 0 73 0 199 0 255 0 255 0 255 48 255 231 0 255 0 255 255 0 255
    0 177 0 255 0 255 255 0 0 0 255 255 0 46 31 255 255 255 0 0 0 255 0
    255 158 255 255 72 121 0 255 0 0 0 0 50 255 255 255 254 255 0 255
    255 0 135 255 255 0 255 0 255 255 0 0 255 255 255 0 0 255 0 154 0
    255 255 0 153 217 255 255 64 0 0 27 255 255 0 0 255 0 255 120 81 127
    0 174 0 255 0 255 0 123 0 255 255 0 0 255 0 255 0 83 0 255 0 255 0
    167 156 0 255 0 255 0 255 255 255 255 255 255 0 255 0 246 255 149 0
    123 226 0 181 0 255 0 255 0 138 0 255 8 255 0 255 255 255 255 255 0
    139 0 60 255 0 114 255 49 0 255 255 0 0 255 255 0 255 0 0 255 0 0
    255 50 255 255 199 0 0 0 255 88 0 0 255 0 255 0 255 99 255 200 255
    255 255 0 255 0 255 0 45 0 0 255 207 158 0 255 0 255 255 0 255 255 0
    43 0 255 0 96 0 255 255 0 0 135 255 0 0 255 0 255 0 255 0 0 255 255
    76 255 0 255 0 255 0 98 0 137 251 255 0 0 38 76 0 158 0 255 255 255
    81 255 0 255 82 0 255 0 0 255 255 255 117 18 0 255 0 255 17 255 0
    255 0 0 255 0 0 0 255 255 255 255 89 255 0 138 255 0 255 247 0 255 0
    0 255 0 255 255 0 255 255 0 0 64 0 255 0 255 0 255 255 0 197 0 255
    137 0 232 0 255 0 255 160 0 118 0 255 234 0 255 255 32 255 0 0 0 255
    0 255 255 255 0 255 0 0 0 255 0 0 255 0 255 0 255 112 255 0 0 255 98
    255 255 0 0 0 0 0 0 80 0 41 0 255 255 161 255 0 255 0 255 0 255 0
    255 0 0 0 240 240 0 203 255 0 0 0 0 255 255 0 0 255 0 255 0 255 0 0
    0 255 0 110 255 0 255 237 255 255 255 0 255 0 124 0 255 255 255 0 13
    0 255 0 0 255 0 0 255 255 0 255 0 0 0 0 255 255 54 255 0 0 255 255 0
    152 0 255 133 0 0 0 0 255 0 245 0 255 255 255 83 0 255 255 255 255 0
    255 255 148 0 255 0 255 0 67 0 255 0 255 83 255 0 255 0 255 0 242 0
    255 0 255 255 0 187 249 0 10 0 255 255 0 255 0 255 255 229 255 255
    255 0 255 255 255 0 255 255 0 69 87 0 255 0 0 255 255 255 0 255 0
    255 255 0 255 255 0 255 255 33 255 0 0 255 0 255 75 0 0 0 0 255 164
    0 255 58 255 255 0 255 0 255 255 0 88 255 255 255 255 0 255 255 255
    0 0 255 16 255 255 235 0 255 114 255 255 255 45 0 255 0 0 255 0 255
    255 143 0 255 255 255 255 0 38 0 255 0 255 188 0 255 59 0 0 255 255
    0 255 255 0 255 255 0 255 0 0 0 48 255 0 255 220 0 255 255 28 255
    255 218 255 111 0 255 64 0 255 0 255 104 0 255 0 255 55 255 0 255
    192 255 0 255 64 255 235 202 0 0 0 78 255 0 0 255 255 0 255 0 255 0
    255 0 255 255 0 255 0 255 0 255 0 0 255 255 255 0 255 255 0 255 255
    56 255 0 255 255 0 0 255 210 255 120 0 255 0 255 0 255 0 255 0 255 0
    255 0 255 255 0 255 0 31 0 255 255 0 255 255 255 255 0 0 49 0 255 0
    255 0 0 255 255 43 255 0 34 135 255 162 255 255 0 228 255 0 255 0 0
    255 92 255 255 0 0 255 202 0 255 254 200 0 255 0 255 0 255 0 0 0 26
    0 255 0 14 221 184 255 0 255 0 255 43 255 0 255 0 0 255 46 255 0 0 0
    255 0 242 150 0 255 178 84 255 128 0 255 56 255 55 0 255 0 61 78 0
    255 255 0 255 0 255 0 255 0 240 207 0 255 0 255 255 219 0 255 0 255
    0 0 187 0 0 255 0 255 0 255 255 96 255 21 0 126 255 0 0 0 0 4 0 255
    255 146 0 0 255 255 0 255 0 4 0 255 0 17 0 255 0 255 255 237 0 255 0
    0 255 0 255 0 188 255 0 185 0 255 255 0 0 255 0 255 0 0 217 175 255
    255 255 0 255 0 0 255 0 255 231 0 0 64 255 0 85 255 0 0 255 46 255
    255 0 255 53 0 255 0 0 255 0 255 0 0 255 0 238 0 0 0 255 255 78 67
    151 255 0 255 0 255 0 198 0 255 0 255 0 255 255 0 80 0 255 255 88 0
    67 255 0 255 174 0 255 232 0 0 0 0 0 255 0 255 33 255 0 0 255 0 0
    255 0 255 0 179 241 255 0 35 255 0 0 0 0 0 255 0 255 136 255 0 141
    255 0 0 162 255 0 0 99 114 255 0 0 255 255 43 0 255 255 0 255 0 0
    185 255 60 0 255 255 255 116 255 0 255 0 224 244 0 255 0 0 0 0 159
    21 0 255 255 0 255 0 34 0 150 212 255 0 139 0 0 255 255 0 9 255 0
    255 0 255 222 0 0 255 64 255 0 255 255 255 0 255 0 255 0 0 255 255
    255 0 27 77 0 255 0 0 255 80 0 255 0 255 255 135 255 48 0 255 0 114
    255 5 0 255 255 255 0 255 0 255 0 61 255 0 122 0 255 0 255 0 255 0
    255 0 0 0 255 98 255 0 0 255 0 0 255 0 255 255 0 100 0 0 255 0 255 0
    0 255 0 0 0 255 0 255 113 255 46 0 73 255 255 0 255 0 255 0 0 255 21
    255 0 255 0 255 255 255 41 0 255 0 0 255 255 0 0 255 0 255 255 255
    113 255 0 160 0 161 0 255 0 0 0 255 85 0 66 0 255 255 255 0 0 255
    255 0 255 255 0 255 0 255 231 255 0 24 242 0 255 255 0 255 0 0 0 255
    131 255 255 255 255 0 255 255 0 0 11 255 0 0 0 255 0 245 0 168 0 255
    255 91 255 255 144 255 0 255 0 123 255 0 255 255 0 0 0 0 255 31 255
    255 255 0 255 0 0 255 255 0 255 255 255 255 0 255 139 255 0 93 0 255
    0 255 0 0 0 255 250 105 0 0 0 255 255 0 0 255 157 36 255 255 255 0
    255 145 255 0 0 0 0 255 255 0 255 255 0 0 0 255 68 255 0 0 255 0 0
    255 255 0 255 0 255 0 0 255 255 0 0 12 0 0 255 61 255 0 0 255 255 65
    255 25 0 255 0 255 151 255 0 134 0 255 0 255 0 255 0 255 0 16 224 0
    255 255 0 255 0 0 255 38 255 88 0 255 54 255 13 56 0 16 255 255 206
    120 255 0 255 13 255 0 255 0 0 255 0 255 255 0 17 255 166 0 0 0 159
    37 255 240 199 255 255 117 0 228 89 0 255 0 255 255 0 255 0 255 255
    0 255 0 255 0 255 0 0 255 0 0 255 225 90 255 0 242 0 255 255 0 124 0
    255 29 244 255 0 0 255 255 178 0 255 0 165 255 0 0 255 67 0 0 255 0
    0 0 255 255 0 158 114 255 181 255 255 255 255 0 255 0 255 0 255 0
    255 0 72 255 6 255 0 255 0 0 255 0 236 0 255 0 255 255 0 255 0 255
    255 255 255 0 255 0 75 64 255 0 0 0 0 255 174 0 62 0 0 255 145 255
    255 255 0 255 0 255 255 255 255 0 255 255 0 0 0 155 195 195 0 255 0
    125 255 0 0 46 0 253 255 255 0 255 154 255 255 0 255 119 255 0 255 0
    144 0 255 209 255 139 0 255 255 0 255 255 0 48 255 136 0 255 0 0 0
    255 255 255 255 0 0 81 0 255 249 0 255 0 255 0 255 0 0 0 255 255 0 0
    0 183 255 0 0 255 255 0 18 0 0 255 0 255 0 255 0 193 0 255 0 255 0
    255 255 255 255 255 0 255 208 255 0 0 255 114 29 255 56 255 0 0 0 0
    0 255 0 190 0 255 255 0 255 255 0 255 255 0 255 0 0 255 255 162 0 0
    255 0 255 0 255 0 0 35 232 0 0 255 255 255 117 255 255 163 255 0 255
    235 255 136 17 0 255 0 255 255 255 0 205 211 0 176 212 255 44 0 0
    255 255 0 255 122 255 0 0 0 0 255 0 255 0 255 55 205 0 255 148 227
    128 0 255 0 255 0 255 59 255 0 194 255 0 0 171 211 218 255 255 0 255
    0 255 255 0 0 255 255 255 50 255 255 0 255 0 255 242 168 92 4 0 255
    20 0 0 255 0 0 5 0 0 255 141 0 246 255 0 255 0 0 255 255 0 0 0 255
    255 0 0 0 27 0 155 0 0 0 11 255 0 71 0 255 0 0 255 0 196 0 197 0 0
    191 98 255 0 255 255 101 255 214 32 0 255 201 251 254 255 0 0 255 31
    255 255 0 0 255 255 255 255 38 245 255 217 255 66 255 0 255 17 0 0
    255 0 255 0 0 255 109 255 0 81 255 0 0 255 0 255 0 0 0 255 255 255 0
    133 0 255 255 0 0 184 255 0 0 255 0 164 126 82 255 255 0 255 0 255 0
    0 255 35 0 255 0 255 255 0 0 0 89 255 0 0 255 255 154 0 255 0 255 0
    183 255 0 0 255 0 255 0 255 255 205 255 147 0 0 131 0 255 126 0 37
    255 255 255 0 182 255 255 0 0 255 249 255 0 255 255 0 0 255 58 225 0
    255 0 255 206 0 255 255 102 131 0 131 255 0 0 0 255 255 8 255 0 255
    255 0 115 255 0 255 0 0 144 105 0 75 255 0 10 55 0 255 193 0 172 206
    0 73 182 0 0 255 255 0 0 255 0 255 255 255 53 0 255 0 255 241 255 0
    255 255 0 255 255 0 0 255 171 27 178 104 0 255 0 255 0 255 0 255 0
    255 255 255 255 0 98 15 255 0 0 0 255 255 0 166 0 255 0 255 0 255
    198 0 255 0 0 5 0 200 0 255 0 0 0 0 255 255 255 0 255 0 0 255 255 0
    0 0 255 0 0 255 0 0 255 255 255 255 255 0 255 255 0 255 0 255 0 255
    255 0 79 255 255 255 0 0 0 255 137 0 255 201 0 0 255 0 255 0 4 0 255
    45 255 51 218 0 255 255 255 0 0 255 0 0 255 0 255 0 0 0 255 0 255
    255 0 255 255 255 0 255 0 0 255 255 29 0 255 255 0 255 255 255 0 59
    255 0 255 0 0 255 0 0 255 255 0 255 225 255 0 47 13 0 0 255 0 0 255
    228 255 0 255 0 162 57 0 255 255 255 0 0 255 0 0 0 255 255 0 255 255
    102 255 255 0 255 0 255 62 0 255 0 255 111 0 255 255 132 255 0 68
    255 0 89 0 255 0 255 0 255 0 0 0 255 255 0 0 255 0 255 0 0 255 0 0
    255 0 255 0 0 255 255 0 255 0 255 2 255 46 0 255 0 230 58 130 0 255
    189 255 0 255 0 41 0 21 255 255 61 255 0 0 148 0 74 255 255 0 243 0
    255 0 9 255 80 0 255 255 0 148 0 0 255 0 255 194 215 255 178 255 226
    255 255 0 255 0 255 0 0 255 0 0 255 245 255 255 183 0 204 255 0 255
    0 0 0 0 0 255 8 0 255 1 255 0 0 255 255 0 226 0 255 0 0 255 252 204
    0 0 255 126 0 147 255 0 255 239 255 0 255 0 0 230 0 255 255 0 0 84
    255 215 255 57 255 0 255 0 242 255 74 0 255 0 255 0 255 77 0 152 0
    255 255 0 0 255 0 255 0 255 255 0 0 255 234 255 255 255 207 0 0 255
    255 0 0 255 169 0 0 255 255 0 255 76 0 27 0 255 0 0 150 8 255 25 0
    166 0 255 0 255 0 59 116 0 255 0 0 255 0 0 255 255 0 0 255 255 0 0
    255 0 255 0 255 255 0 255 0 181 255 255 0 22 255 255 204 0 0 0 128
    255 0 0 0 0 255 255 255 0 0 255 63 0 255 0 0 238 0 255 255 0 37 71 0
    255 46 0 196 0 56 150 255 151 255 255 0 152 0 90 255 89 255 0 140
    255 0 0 0 255 0 82 255 255 55 0 0 119 107 0 0 255 0 255 92 255 0 0 0
    255 255 255 0 255 255 154 255 0 0 150 255 69 0 0 255 0 255 0 155 15
    255 0 0 255 0 255 180 141 255 0 255 255 255 55 255 0 255 0 0 7 0 255
    0 255 194 144 156 77 234 105 255 255 66 0 0 255 0 177 255 0 255 255
    0 206 224 0 0 255 5 202 255 255 0 255 0 255 0 255 0 255 0 255 0 0
    255 0 255 255 255 0 0 255 210 255 106 0 255 255 0 255 86 255 27 2 0
    0 168 0 241 255 118 255 0 136 0 255 255 0 255 0 255 0 0 221 0 255 60
    229 0 0 0 253 0 0 255 255 255 255 0 0 0 255 255 255 0 255 197 137
    255 0 255 255 0 0 255 0 0 255 0 207 255 0 0 0 255 0 255 71 255 0 0
    255 101 0 255 0 255 0 255 0 0 0 255 255 0 255 17 62 204 255 83 6 90
    248 255 0 255 255 255 0 255 0 255 255 113 0 0 131 255 255 37 255 255
    0 6 255 239 255 255 0 255 0 0 255 0 83 0 133 0 255 255 0 255 255 255
    7 255 0 255 0 255 255 255 81 255 0 255 0 255 255 255 0 0 255 255 0 0
    192 0 255 0 0 0 134 255 0 0 255 255 189 255 255 0 255 255 255 0 255
    255 0 255 0 255 255 0 255 0 5 255 18 107 255 0 255 0 48 138 0 255 0
    255 0 0 255 0 255 0 255 39 0 255 0 186 255 0 255 0 0 255 255 0 255 0
    0 255 0 0 0 255 0 255 169 255 255 0 0 255 0 255 0 255 255 0 0 255
    255 0 0 0 0 255 0 255 83 255 0 255 0 136 0 255 0 255 0 209 107 232
    88 0 197 255 0 255 0 255 0 8 255 255 255 0 255 0 0 255 44 255 0 255
    255 0 3 83 255 35 255 255 0 198 237 255 0 0 255 66 88 62 255 0 255 0
    255 255 0 255 0 188 255 0 255 0 0 255 0 0 184 0 180 255 185 0 255 32
    35 0 255 255 0 255 0 0 0 0 0 0 0 255 255 255 255 0 255 0 0 255 0 189
    136 0 255 101 0 0 255 0 255 255 20 0 255 0 0 255 18 0 85 0 0 255 58
    255 0 35 255 255 0 0 120 0 160 255 0 255 0 255 255 0 245 0 255 0 255
    0 255 255 0 0 0 255 0 255 255 201 0 255 255 255 111 0 255 0 255 255
    0 141 0 0 255 255 0 255 0 0 232 0 50 0 0 255 0 255 255 0 0 255 255 0
    255 0 255 0 255 255 197 0 0 0 255 0 255 0 255 0 255 255 0 0 255 0
    255 136 8 255 0 0 212 0 255 255 255 16 255 0 255 255 0 255 0 255 2 0
    255 0 255 0 180 116 0 255 0 255 0 0 101 255 143 207 210 0 0 255 0 0
    0 255 88 0 255 0 255 255 0 255 162 255 0 255 255 0 255 0 255 0 0 0 0
    255 0 61 193 255 71 255 0 0 255 255 0 0 240 255 0 69 255 255 0 255
    37 40 255 0 0 255 123 5 246 223 0 210 255 0 0 48 0 0 255 255 255 0
    255 255 0 255 0 255 0 255 0 255 0 0 0 255 149 255 255 234 255 0 195
    255 0 0 136 0 0 255 0 255 0 0 33 255 211 0 254 0 255 0 202 57 255
    206 0 255 0 255 0 0 0 255 0 0 0 255 255 0 235 0 255 255 0 0 255 255
    0 0 255 68 0 0 255 0 0 255 0 99 0 255 0 0 255 10 255 0 255 110 0 255
    0 255 0 201 255 255 0 0 0 255 219 30 255 255 175 0 255 0 139 184 156
    255 168 255 255 255 255 255 46 227 0 255 115 0 0 255 0 255 0 255 255
    0 255 0 255 255 0 255 0 255 173 255 255 13 0 255 57 0 255 0 255 255
    255 255 148 149 0 0 255 0 255 255 255 0 255 0 8 255 240 0 255 255 31
    80 255 0 255 0 0 255 0 0 255 0 255 0 235 0 255 237 255 255 255 0 0
    114 0 0 255 9 54 0 252 0 225 255 0 255 178 148 255 255 55 0 255 255
    0 0 0 203 255 119 0 255 212 224 0 255 220 255 0 0 0 98 255 255 255
    255 255 0 0 255 0 183 0 255 0 0 255 0 255 255 255 0 180 148 0 162
    255 133 255 0 255 0 255 255 0 255 255 255 0 0 176 0 0 195 255 255
    255 0 0 255 255 0 144 32 255 255 255 0 255 0 255 0 0 151 0 223 255 0
    255 168 0 255 255 41 255 0 0 0 255 0 107 0 255 0 0 205 14 255 0 185
    0 255 0 255 0 0 45 180 255 255 0 255 255 111 19 0 0 255 0 255 0 0
    255 0 255 255 202 246 0 0 255 88 4 0 0 255 255 0 0 255 0 255 197 0 0
    255 0 0 255 0 0 255 0 0 255 237 0 255 255 255 0 255 255 0 103 0 255
    255 243 0 255 255 255 0 0 0 255 120 255 0 255 0 0 255 0 255 0 255
    230 0 0 255 0 255 2 0 0 255 151 75 255 255 0 255 0 255 255 252 0 0
    255 255 255 0 147 255 255 0 0 255 0 255 0 159 89 0 0 255 255 0 255
    88 50 0 0 255 21 0 205 0 255 184 0 255 0 255 238 255 255 0 255 99 19
    255 0 255 255 255 255 0 255 0 0 19 255 0 255 255 255 255 0 0 0 0 0 0
    255 87 8 96 255 255 0 255 0 255 255 255 255 0 255 0 255 0 0 255 254
    0 255 0 0 255 198 45 255 0 255 255 0 0 0 255 255 0 0 255 0 0 255 255
    0 132 0 255 0 0 255 191 0 167 255 0 200 255 0 0 255 0 255 0 255 255
    0 255 0 196 0 255 0 255 0 163 255 255 255 178 0 255 219 0 255 0 255
    0 226 0 202 163 71 0 0 255 255 0 0 255 170 0 0 0 78 255 255 255 174
    0 0 0 255 255 255 133 255 232 255 0 119 255 0 0 0 255 255 51 0 255 0
    255 0 198 0 255 255 0 255 0 255 88 0 255 255 255 0 35 0 0 255 255 0
    255 255 0 0 255 0 255 98 0 255 255 0 255 242 0 0 0 255 255 0 255 0
    187 0 255 0 0 255 255 255 118 0 255 255 0 0 255 0 255 0 255 255 0
    158 0 255 0 255 0 255 208 255 255 0 255 0 155 0 0 255 0 255 0 0 255
    85 255 0 255 255 0 0 255 255 138 255 0 0 255 42 255 255 255 92 0 255
    255 0 0 255 255 112 255 19 255 0 145 0 255 0 255 255 234 255 0 0 0
    255 0 234 255 207 255 0 0 60 255 0 255 17 255 255 0 255 33 255 255
    255 0 58 255 0 255 0 67 255 255 0 0 0 255 129 16 255 255 0 255 0 96
    255 0 0 255 255 28 0 0 255 0 255 190 255 255 0 0 0 0 0 77 255 0 255
    255 0 0 0 255 0 255 0 255 0 255 0 0 202 0 0 255 0 255 0 0 0 255 255
    255 255 58 175 0 255 0 255 0 255 255 255 0 0 62 255 255 0 183 0 0 0
    255 255 69 226 0 255 0 0 255 223 0 0 255 255 0 255 255 255 133 255 0
    255 255 0 255 24 0 255 0 10 0 255 0 255 0 0 255 0 255 0 0 255 0 255
    0 255 255 102 0 255 0 255 0 70 255 255 145 255 0 0 255 255 123 255 0
    255 0 255 26 0 202 0 255 125 0 97 39 255 244 0 144 235 255 0 255 255
    0 0 0 0 0 0 255 0 0 255 255 0 0 0 0 255 0 160 255 0 55 0 0 255 106 0
    0 0 255 0 0 0 0 0 238 255 0 0 255 255 255 0 0 0 0 188 0 255 0 255
    255 0 0 0 255 0 112 42 200 255 131 0 255 0 0 255 0 0 255 53 255 184
    36 255 255 0 255 200 0 255 0 211 255 0 197 255 178 0 221 127 55 255
    0 255 255 0 255 255 0 0 255 255 0 128 39 255 0 253 255 0 255 0 0 255
    0 150 0 255 148 255 255 9 255 136 0 68 255 255 0 255 255 255 255 0
    255 255 255 0 255 0 0 0 255 255 150 82 255 64 0 0 0 0 0 255 0 255 0
    0 179 0 255 30 255 0 0 255 138 0 255 255 0 125 226 208 179 255 255 0
    0 255 154 255 0 0 250 250 183 255 0 0 255 255 255 255 121 36 255 255
    116 0 236 88 255 255 255 0 173 255 0 255 255 83 0 255 0 193 142 0
    255 0 255 0 58 0 255 60 0 0 255 255 140 0 0 255 0 255 255 0 255 255
    0 127 0 255 0 0 255 0 0 255 155 0 0 255 255 0 0 90 255 27 255 255
    255 255 0 0 39 0 255 255 255 185 0 144 255 0 255 255 255 0 0 255 0
    255 0 0 216 255 0 0 255 0 255 44 255 21 0 255 255 0 0 98 255 0 255 0
    255 255 255 0 239 255 0 255 0 255 255 0 255 202 0 255 0 255 0 255 0
    82 181 0 0 255 20 255 255 0 69 255 168 12 0 11 0 255 255 0 0 72 255
    0 0 255 0 0 255 255 0 128 255 0 255 255 0 255 0 255 0 202 255 193 0
    255 255 198 156 11 0 255 0 255 255 0 82 255 220 255 57 0 0 0 0 255 0
    255 255 255 255 0 255 0 255 33 0 255 226 223 255 41 255 0 255 255
    210 0 255 0 0 255 255 255 0 0 255 0 255 255 0 0 255 0 255 223 0 0
    255 7 0 162 0 255 0 0 104 0 255 255 0 255 0 0 255 255 0 0 255 0 0
    255 0 0 0 255 230 0 0 255 0 255 0 0 255 255 255 255 201 255 255 174
    255 255 0 255 0 0 0 0 174 141 92 0 0 255 0 255 0 0 255 255 254 255
    255 0 0 0 255 0 216 255 255 0 255 0 255 0 0 0 0 0 0 0 255 148 0 58
    88 0 0 255 0 0 255 255 0 255 0 0 186 255 255 0 255 0 255 18 255 0
    255 255 0 255 0 255 62 255 0 255 255 255 153 236 0 196 0 0 88 255
    255 0 31 200 255 0 255 0 114 255 255 0 255 108 0 0 130 0 255 179 0
    255 0 0 255 255 0 0 0 255 255 255 17 0 0 255 82 255 0 255 0 255 255
    0 255 0 175 220 180 75 43 0 255 0 69 131 0 67 132 0 255 0 0 0 255 0
    255 255 255 46 126 255 0 62 255 0 0 10 218 0 255 0 255 255 2 255 255
    255 0 255 0 164 0 0 0 0 0 255 0 255 0 0 195 255 58 255 95 0 255 0 0
    255 0 255 0 0 255 172 255 0 0 223 0 255 255 0 255 0 255 255 255 0
    255 255 0 0 0 255 0 101 0 255 0 255 0 0 255 255 255 255 189 0 255
    255 238 177 255 255 146 255 0 0 0 0 255 0 0 255 93 255 255 0 255 0
    247 255 0 32 191 255 0 121 0 255 0 255 176 0 255 0 255 0 255 255 0
    238 255 0 255 255 232 0 255 0 0 0 0 255 0 255 42 0 255 255 255 0 255
    0 255 0 255 255 7 0 255 255 0 255 0 255 0 0 0 255 65 255 0 255 0 255
    255 0 0 255 56 0 255 0 0 255 47 255 0 255 49 0 255 53 255 89 0 255 0
    255 0 255 234 235 255 0 255 0 255 255 0 255 255 0 255 0 0 255 0 255
    96 255 0 208 0 0 255 117 0 0 255 255 255 0 0 255 50 11 255 0 255 255
    0 122 255 255 0 255 240 86 255 50 0 255 0 0 255 0 0 0 0 255 0 255 0
    172 255 255 0 255 238 255 0 0 255 255 0 0 219 255 0 0 255 255 0 0
    255 255 255 190 255 255 0 151 255 0 0 255 0 255 0 255 221 0 229 255
    255 255 0 137 255 255 0 255 61 0 255 0 150 255 255 0 255 242 0 0 0 0
    255 0 255 226 255 0 255 0 255 49 96 0 255 0 199 0 0 0 13 0 255 0 255
    188 90 255 187 0 11 0 198 0 255 87 0 0 0 255 27 0 255 255 255 255
    255 0 255 0 255 255 0 255 0 195 13 255 0 255 117 255 0 255 255 0 0
    255 0 0 255 0 255 0 255 255 89 141 255 0 0 255 137 0 255 255 0 0 0
    255 255 255 255 0 255 253 0 255 255 0 255 255 255 0 255 255 0 255 0
    255 0 255 0 83 255 65 255 0 0 255 79 255 0 255 0 27 255 0 86 255 100
    0 0 255 138 0 255 0 0 208 0 255 0 255 91 0 255 0 255 213 255 0 255 0
    255 255 253 255 0 255 255 255 151 0 255 123 0 255 0 255 0 134 0 255
    236 255 0 255 0 255 0 0 255 190 255 0 246 241 255 0 0 255 191 255
    255 13 0 0 0 0 255 0 12 255 0 52 152 255 0 255 0 0 0 0 255 255 0 0
    112 0 0 255 0 153 0 255 125 0 23 0 139 65 255 0 255 0 0 255 0 255 0
    0 255 0 103 218 255 0 255 255 0 0 150 0 0 255 99 255 0 255 0 0 242
    255 0 40 255 217 0 255 255 46 84 255 255 255 0 255 0 255 0 255 40
    255 0 255 162 221 192 0 199 255 250 73 255 255 0 255 255 0 0 0 0 174
    0 255 0 0 187 255 255 0 255 77 255 0 11 255 0 255 0 0 255 0 255 0 0
    127 108 255 0 0 0 63 0 73 149 0 225 90 0 255 255 255 0 255 54 80 12
    0 0 255 255 0 255 0 201 0 24 148 149 86 82 248 0 0 255 0 255 0 0 0
    255 255 255 0 255 255 255 0 255 0 255 0 255 140 241 0 255 227 255
    255 0 255 0 0 255 0 255 11 255 0 37 255 73 0 255 251 179 255 255 0
    15 0 255 0 0 189 8 255 255 0 0 255 255 177 255 255 255 0 255 0 209
    255 255 0 255 1 0 0 255 255 255 97 0 255 255 255 0 0 25 255 255 0
    255 255 0 255 0 0 82 234 0 0 255 139 255 190 255 0 229 255 0 0 255
    255 0 0 255 255 0 255 167 255 110 255 0 255 255 0 0 255 70 255 255
    255 0 0 129 255 76 255 255 205 0 255 255 255 0 255 0 0 255 0 255 14
    255 198 0 255 237 255 0 255 255 0 0 13 0 255 0 255 0 255 0 48 162
    255 0 0 255 0 151 0 0 255 0 255 0 255 0 0 255 0 255 0 0 0 142 0 255
    240 255 36 255 0 0 0 255 0 13 239 255 0 255 214 0 255 0 255 115 255
    255 255 0 0 255 0 255 255 0 255 0 255 0 255 71 0 255 255 0 0 0 38
    255 255 0 255 0 255 0 255 0 255 255 255 0 255 146 255 255 0 0 0 255
    255 255 123 0 255 0 0 255 0 0 255 61 251 0 0 0 0 177 255 0 177 0 0 0
    255 255 255 0 255 0 255 0 255 255 0 223 255 0 0 95 0 0 255 0 255 162
    15 255 0 255 0 255 0 255 0 0 255 0 0 0 152 0 0 255 110 255 0 39 0
    255 255 0 0 0 255 255 133 255 0 255 213 0 255 255 0 255 77 255 0 255
    255 255 0 255 0 0 255 255 227 255 181 255 255 0 255 33 0 255 255 0
    255 255 0 255 255 0 69 255 106 0 255 255 255 0 255 0 0 255 255 0 255
    0 255 0 147 212 255 94 255 0 0 255 121 0 53 0 255 0 0 34 0 255 0 255
    109 0 133 255 255 255 16 0 255 0 10 46 0 0 255 0 69 177 255 0 0 255
    0 255 170 145 13 255 118 0 255 0 252 255 0 255 255 255 0 0 212 255 0
    255 255 255 255 176 255 0 0 0 255 255 107 187 0 0 255 0 255 0 255 0
    255 223 0 218 195 255 184 255 0 255 0 0 0 255 36 255 0 0 255 255 255
    0 255 237 63 62 255 0 0 255 0 255 255 0 52 0 255 74 10 0 255 223 0
    133 255 0 0 255 0 255 0 255 255 0 255 0 255 255 0 0 255 255 0 174
    255 0 99 255 0 255 255 0 146 0 68 255 0 255 30 255 0 255 0 255 255 0
    0 255 0 0 0 255 0 255 255 10 255 255 0 255 242 0 0 255 0 255 255 0
    255 253 0 230 188 45 0 232 99 255 51 0 255 0 0 0 255 192 255 171 0
    201 255 0 255 0 255 0 79 255 209 0 0 0 255 0 0 255 0 255 0 0 255 0
    255 255 0 81 255 255 0 255 0 255 235 0 0 255 0 0 255 0 255 0 255 255
    0 255 0 255 255 0 255 255 255 0 190 255 0 255 0 0 255 0 0 255 187
    255 0 0 205 0 0 0 5 255 255 52 0 255 0 0 255 255 205 255 255 255 0
    255 255 181 0 0 255 0 255 0 255 0 171 255 0 255 255 0 255 0 64 153
    255 0 72 255 233 0 255 255 0 255 0 255 63 0 88 255 0 0 255 0 255 0
    255 43 0 0 7 103 255 255 255 0 255 0 22 255 224 0 0 255 255 0 0 151
    255 209 255 0 255 78 255 0 191 255 0 255 57 0 0 0 0 0 101 0 255 0
    255 0 255 0 255 0 255 0 0 166 255 227 0 255 255 25 0 255 0 0 255 0 0
    0 255 255 0 117 255 0 202 130 195 0 255 0 245 0 255 255 0 255 255 75
    255 255 22 0 0 0 255 0 255 186 255 0 53 255 252 0 0 23 0 255 0 0 163
    255 255 0 160 255 0 0 255 128 255 0 0 255 0 0 255 0 255 0 169 255 0
    59 255 0 255 255 255 0 255 144 0 0 0 255 255 0 255 0 255 255 16 255
    0 255 248 0 255 255 255 0 255 255 255 0 0 255 255 255 0 140 255 81 0
    125 42 0 0 255 255 56 255 0 255 0 105 240 255 0 255 255 209 255 81
    130 0 255 255 160 0 255 255 0 0 255 0 0 109 0 255 0 113 255 0 0 255
    255 0 255 0 0 58 0 255 194 0 255 255 255 255 255 255 0 0 255 212 57
    255 255 112 0 0 255 0 0 255 255 0 255 255 255 255 0 255 255 255 0
    255 255 0 255 172 106 29 0 0 0 236 0 255 255 0 255 0 0 255 0 0 8 0
    204 255 0 255 255 0 0 0 180 153 0 255 255 255 0 255 0 119 255 129
    255 222 255 255 0 131 255 255 232 255 118 158 0 255 255 0 0 255 0
    255 0 255 255 0 101 0 108 179 227 0 255 0 255 255 166 0 0 255 0 255
    0 255 0 0 156 255 0 235 255 0 255 255 0 255 0 255 0 0 0 255 0 255 0
    67 255 255 0 0 0 255 74 247 255 0 62 0 255 0 255 255 0 0 206 255 0 0
    217 255 0 6 255 211 98 0 0 255 205 193 255 178 215 0 255 0 0 0 198 0
    0 255 0 0 0 0 138 255 115 180 0 68 255 93 229 255 0 255 255 0 255 0
    255 0 0 208 255 0 255 0 255 252 255 0 0 146 255 0 255 0 255 0 255
    176 0 227 255 255 0 0 251 0 247 255 255 0 0 255 0 255 0 0 155 235 0
    255 0 255 255 0 255 0 255 0 255 0 255 0 49 0 0 255 0 61 255 0 0 0 0
    255 255 255 0 255 0 255 0 255 0 0 255 91 0 76 0 255 255 244 167 0 0
    11 255 0 0 255 0 181 255 18 0 255 0 211 0 255 255 34 0 0 255 95 0
    255 255 0 0 255 0 255 255 0 0 119 0 255 0 255 255 0 0 0 0 255 255 0
    255 0 255 0 255 255 0 255 0 255 255 0 255 0 0 0 0 255 0 82 255 0 255
    255 0 0 0 86 255 0 0 0 0 255 0 255 255 0 255 0 0 255 255 252 203 217
    255 0 255 255 255 0 0 255 62 83 0 255 224 0 255 0 255 0 255 255 0
    255 255 0 0 255 255 157 255 0 184 124 0 255 0 255 0 255 47 0 217 0
    255 127 75 0 255 255 0 255 0 255 99 255 255 0 44 0 255 125 0 0 0 84
    255 0 65 255 255 0 255 0 255 255 0 255 0 255 255 255 227 0 90 255 0
    255 0 255 79 255 0 255 219 0 0 0 255 0 0 196 0 0 255 65 255 0 0 0
    255 0 255 0 255 0 44 63 0 255 255 255 186 16 255 29 0 0 0 200 35 255
    0 66 255 0 255 0 255 0 0 255 0 0 255 103 0 223 255 0 255 0 119 129
    255 255 0 255 0 255 0 0 255 0 255 0 255 0 255 255 0 255 109 0 0 255
    0 255 178 182 0 102 22 255 255 38 57 0 255 0 84 52 185 0 255 255 249
    0 255 255 0 0 255 0 0 255 0 255 195 0 137 0 0 94 0 255 0 0 255 0 255
    0 255 255 0 255 57 255 0 0 0 124 0 92 0 0 255 136 255 255 0 255 0
    255 0 255 0 255 0 0 0 51 25 0 0 255 89 208 0 0 0 255 0 245 255 255 0
    255 255 0 0 255 83 89 255 136 0 255 0 164 67 232 117 255 0 255 0 45
    0 255 0 255 255 0 255 0 74 0 255 0 0 255 255 191 144 0 255 164 255
    255 255 0 255 194 255 116 0 0 255 255 8 46 11 255 255 0 0 183 0 0 0
    0 255 141 255 255 173 0 0 250 255 0 255 155 0 255 255 255 0 0 0 255
    255 38 0 255 255 69 255 217 255 0 146 255 255 152 9 247 255 0 0 255
    0 255 0 0 213 17 0 255 0 255 143 255 255 255 179 0 255 0 142 255 0
    255 0 255 0 0 255 255 0 231 255 255 0 0 255 255 0 0 255 0 255 128
    255 0 192 255 0 255 0 255 255 165 255 0 0 255 0 255 0 255 253 0 199
    214 255 255 0 0 186 255 0 216 0 255 255 0 0 255 0 255 0 255 0 139
    164 206 199 0 167 255 255 255 0 244 255 255 0 255 54 255 151 255 0
    255 0 201 255 0 255 118 255 0 255 0 97 255 255 255 255 171 196 174 0
    208 255 0 255 0 255 255 0 159 59 255 124 255 0 0 255 0 255 0 132 0
    255 0 255 0 0 0 0 0 255 122 0 0 255 255 0 4 255 89 255 255 255 0 67
    95 255 0 255 255 0 255 0 0 255 0 255 255 12 255 0 255 127 0 255 255
    0 255 0 255 0 255 0 255 0 159 0 255 0 144 92 0 0 255 0 255 0 0 255 0
    0 255 255 0 0 255 0 25 0 255 255 0 0 255 255 0 0 0 67 0 255 0 0 255
    255 176 0 207 119 255 0 0 0 255 255 46 0 179 255 0 0 255 23 116 255
    0 0 255 0 255 255 0 255 0 255 255 255 0 0 255 0 0 128 0 255 0 255
    255 0 255 132 0 0 230 255 255 68 44 255 0 165 255 148 0 0 0 0 255
    255 0 255 0 255 255 0 255 255 91 255 255 0 255 240 0 255 0 255 0 255
    0 194 255 0 255 255 0 0 0 0 108 27 227 0 0 0 255 30 0 255 104 0 0
    255 0 0 20 255 0 162 255 0 0 0 89 255 123 0 255 255 255 0 255 0 255
    0 255 0 35 167 64 0 51 255 153 255 59 255 255 0 255 0 255 153 0 255
    255 0 0 255 0 255 0 0 255 206 255 255 255 255 33 0 255 255 255 178
    255 0 255 0 255 0 0 255 0 0 255 255 0 0 255 0 0 24 0 0 212 74 169
    255 255 0 208 0 255 0 255 255 89 255 0 0 147 0 255 0 115 0 0 250 255
    255 255 44 176 98 0 255 255 149 0 0 255 255 255 255 0 255 0 179 255
    255 255 255 0 255 0 255 0 255 255 0 255 255 255 22 125 0 0 255 255 0
    40 255 255 255 255 0 255 255 0 0 255 255 255 0 255 255 0 255 255 0 0
    83 255 0 0 255 0 248 255 0 0 0 255 0 0 255 0 255 255 0 255 0 255 0
    255 255 0 255 255 0 255 0 195 134 255 255 0 185 255 0 255 0 255 0 41
    255 255 0 0 255 0 28 255 0 255 0 255 255 0 100 255 255 18 255 255 0
    0 255 0 167 255 57 114 219 255 0 0 255 255 95 0 255 225 0 0 255 255
    0 255 0 255 86 255 255 226 255 255 255 0 0 255 10 255 255 0 0 255
    255 0 0 109 195 0 0 255 0 255 255 0 0 255 122 255 0 0 255 69 255 0
    255 68 226 255 0 255 255 119 255 105 0 255 255 208 168 0 255 94 0
    255 99 152 60 255 0 0 255 0 255 94 255 0 0 0 255 39 255 0 255 255 0
    255 255 255 236 0 255 0 104 255 0 0 255 0 255 32 255 255 255 0 255
    255 255 0 57 255 54 0 255 255 0 0 0 103 123 255 0 0 0 0 255 0 255 0
    255 255 0 0 250 0 0 255 190 255 0 255 0 224 0 255 255 0 255 0 155 0
    14 0 0 255 0 255 22 255 0 145 255 255 0 65 0 255 255 0 255 0 255 255
    4 141 0 255 0 255 255 255 0 0 255 255 0 0 255 255 0 252 0 0 0 0 255
    255 0 255 0 255 0 8 59 255 255 0 4 0 138 255 201 0 255 0 255 0 0 0
    255 255 0 0 255 129 246 0 255 255 0 255 0 0 0 255 0 99 0 255 0 0 0 0
    255 0 255 0 255 69 205 6 140 29 255 0 255 0 103 255 210 0 0 255 255
    0 0 0 0 0 255 255 255 255 255 0 0 255 255 0 255 255 218 250 128 255
    0 0 0 3 0 255 255 0 255 148 0 255 255 0 0 255 0 255 0 255 0 0 255 0
    0 255 0 0 255 255 0 255 0 255 0 0 0 255 0 255 0 255 0 255 255 116 0
    0 0 0 255 0 105 0 255 0 0 255 0 0 10 199 0 255 0 0 255 0 172 0 0 0 0
    68 255 255 255 0 0 110 0 0 0 255 0 255 255 9 255 247 196 34 0 255 0
    255 0 220 0 0 0 188 255 0 255 255 64 0 0 191 32 0 0 255 0 0 255 0 0
    255 255 0 0 255 255 77 0 0 255 0 255 0 165 0 255 0 0 118 255 0 253
    255 0 255 0 36 255 0 146 255 255 0 255 0 0 246 0 0 255 255 255 0 0
    255 255 255 0 180 174 0 0 63 255 0 0 0 255 0 255 0 0 0 0 224 0 0 0
    94 0 255 0 0 71 92 8 255 0 255 0 0 0 255 255 0 255 255 255 255 0 60
    255 255 228 0 255 255 0 0 0 0 223 116 0 255 63 0 0 255 255 0 101 122
    107 255 255 0 255 255 0 255 0 0 0 255 0 255 42 255 0 255 255 0 255 0
    255 255 35 0 255 247 0 255 0 255 249 0 255 0 204 255 255 0 255 0 0 0
    255 0 0 255 255 0 98 0 0 255 0 0 56 0 255 0 214 52 255 77 255 0 43 0
    219 0 20 255 123 255 0 0 0 0 0 0 255 255 255 255 148 255 0 0 255 209
    255 255 255 0 198 255 0 255 255 0 255 255 0 0 255 255 0 0 255 106 0
    255 0 255 0 72 255 0 255 0 160 255 0 255 160 0 0 255 255 0 255 166
    47 255 0 255 0 0 124 3 255 255 219 0 0 255 0 255 58 255 255 6 255 0
    255 143 255 0 0 255 255 0 0 255 255 0 255 0 255 255 0 255 0 93 0 255
    0 255 255 0 238 0 153 255 255 255 255 0 255 0 176 51 255 51 0 255 0
    0 255 18 0 255 0 86 255 0 255 0 0 255 0 255 255 0 255 0 255 0 255
    255 0 255 0 255 181 0 255 255 0 255 0 255 255 0 255 255 0 255 0 0 0
    255 0 0 255 0 0 109 18 1 255 0 255 212 255 0 255 80 0 255 0 84 255 0
    255 255 255 74 255 255 0 255 0 255 0 255 255 0 255 0 255 255 0 0 237
    0 255 216 0 255 0 255 58 0 255 0 255 145 255 0 255 235 255 151 0 255
    255 0 50 0 230 255 0 226 0 255 255 196 0 0 0 235 255 255 255 91 255
    0 186 230 255 102 255 0 255 255 0 0 180 0 0 255 6 0 255 0 28 0 255 0
    255 0 255 0 145 9 0 0 116 255 0 4 168 0 255 255 255 0 0 0 148 69 0 0
    0 119 255 0 255 255 255 93 0 0 255 255 0 191 0 255 0 58 0 255 0 0 0
    255 0 255 0 255 255 119 255 0 0 0 8 255 0 0 0 255 62 255 0 0 255 0
    255 255 172 255 4 255 44 255 0 255 255 0 158 255 255 0 255 255 166
    106 58 255 140 255 255 27 0 255 0 255 255 0 0 0 0 255 255 0 0 255 0
    255 0 255 255 0 0 0 0 0 255 83 0 255 0 255 255 0 255 255 255 0 255 0
    255 0 130 255 255 0 0 255 0 255 188 255 255 0 136 255 0 0 255 255 0
    255 0 187 69 0 0 255 0 181 255 255 0 255 0 203 167 255 88 0 255 117
    0 99 255 0 255 0 255 255 97 255 56 255 255 0 255 64 0 255 0 0 0 0
    204 255 186 0 255 0 148 255 0 255 0 255 147 0 0 255 0 255 255 0 255
    255 255 0 255 255 195 47 255 0 255 0 255 0 169 255 207 0 0 255 0 255
    146 0 255 207 0 180 242 255 0 255 255 0 0 255 0 255 0 0 243 255 0
    255 0 0 255 0 255 0 0 255 0 0 0 226 87 255 200 20 0 160 255 0 255
    255 0 255 0 255 0 255 255 0 255 0 0 148 0 255 255 0 255 211 50 0 75
    255</data></my_img>
<your_img type_id="opencv-matrix">
  <rows>128</rows>
  <cols>256</cols>
  <dt>u</dt>
  <data>
    137 255 247 0 210 255 255 255 0 137 255 255 29 0 0 45 0 255 58 255 0
    255 230 125 0 120 103 74 0 255 222 255 255 0 0 213 0 0 255 195 255 0
    0 255 197 0 255 102 255 255 255 46 0 255 0 188 204 0 255 255 0 162
    175 29 0 255 255 255 0 10 112 255 0 149 0 0 0 1 255 255 0 255 0 0 0
    255 15 0 255 0 180 255 255 255 0 0 32 255 255 255 255 0 0 255 0 255
    255 255 0 145 0 98 0 255 0 126 0 255 255 255 185 255 255 127 0 255
    26 255 255 0 255 178 0 0 255 0 83 0 255 0 0 0 255 0 209 255 255 255
    255 255 255 247 0 255 0 208 244 0 255 0 0 153 255 0 0 149 0 255 0
    248 255 124 0 143 0 255 255 245 0 255 150 255 0 0 0 255 0 255 0 255
    0 255 0 0 0 0 41 173 0 157 0 255 0 0 255 79 255 255 0 0 255 203 0
    255 0 255 32 0 255 0 0 255 0 255 255 0 0 255 160 0 0 149 0 156 255 0
    255 0 255 82 255 0 255 95 220 0 228 255 0 255 0 255 0 0 255 255 255
    0 0 255 80 255 0 0 0 255 0 68 207 0 255 255 0 255 255 255 255 0 0
    255 255 255 0 207 255 0 0 82 0 255 255 255 0 255 0 0 255 22 255 0
    188 255 0 1 0 0 255 28 255 0 255 0 0 255 0 0 255 0 0 255 0 82 70 255
    0 255 175 0 0 255 0 255 69 255 255 0 0 255 84 255 9 255 0 255 0 255
    0 255 0 255 0 255 0 164 0 53 255 255 255 200 0 0 0 0 158 241 255 255
    255 0 255 0 0 0 0 255 176 0 0 0 255 23 0 0 255 0 255 255 255 255 0
    90 0 255 0 255 0 255 170 20 212 0 255 0 0 0 0 0 255 55 255 255 0 255
    255 255 0 255 0 255 182 255 201 119 11 255 0 255 255 176 255 0 115
    255 0 255 0 0 255 0 255 0 255 0 255 0 53 255 216 0 255 255 255 255 0
    255 255 0 255 255 0 255 0 255 83 255 255 0 255 0 17 0 255 255 255
    127 255 0 0 0 0 255 255 0 255 255 255 8 255 0 0 255 0 255 0 0 96 255
    0 255 0 255 255 0 170 0 0 255 0 255 0 0 0 210 255 0 0 255 79 255 0
    255 0 0 255 255 193 0 255 101 169 255 0 117 255 0 255 255 136 0 255
    0 255 255 0 255 0 158 255 0 0 255 0 255 255 0 183 0 255 255 255 255
    0 0 255 0 255 140 0 255 255 255 119 255 0 0 255 55 0 41 0 0 0 69 255
    0 0 255 255 255 255 255 0 16 213 86 128 255 255 0 255 255 0 255 255
    19 0 255 255 0 255 0 255 0 255 0 255 255 255 0 72 255 0 235 0 255 0
    255 0 255 0 255 0 149 255 0 110 0 255 255 0 255 0 0 0 255 255 255
    255 0 255 255 0 0 0 239 0 255 97 255 255 200 0 53 91 255 233 218 0 0
    0 123 0 255 0 255 0 255 255 0 255 172 255 255 0 255 255 0 255 0 0 25
    255 0 0 246 255 255 0 255 0 255 14 8 0 255 170 0 34 0 255 0 255 0 0
    0 255 0 0 0 0 22 0 255 255 255 255 0 255 0 0 0 255 255 0 255 251 255
    0 0 0 0 0 0 255 111 0 0 255 0 255 0 255 226 255 0 255 0 0 203 255 0
    255 0 255 0 255 255 0 0 255 0 123 151 0 255 0 255 0 255 0 255 255 0
    255 255 0 0 139 255 0 214 0 0 255 225 255 255 0 255 0 255 74 0 0 255
    0 255 255 255 60 255 31 255 255 0 255 0 255 0 255 193 255 0 0 175
    255 0 255 0 255 255 186 0 255 213 0 0 255 255 50 132 255 0 0 31 241
    0 255 0 196 255 0 0 0 255 0 255 0 255 0 255 66 0 0 255 255 0 135 255
    0 148 0 255 0 0 255 0 255 160 255 218 255 0 255 255 119 29 0 255 68
    15 0 255 0 255 11 0 255 255 255 0 0 156 0 255 0 0 255 222 0 255 255
    255 0 255 0 255 255 194 179 255 255 0 255 255 0 255 255 0 0 255 255
    119 255 255 160 0 0 0 255 0 155 0 0 96 255 94 0 255 255 234 0 107
    255 255 255 216 0 255 0 152 255 252 104 255 0 0 255 0 255 255 0 0
    255 255 150 160 0 29 184 255 0 255 0 255 0 0 0 255 0 0 0 66 103 255
    255 0 255 255 0 70 255 10 255 255 0 255 255 255 0 0 0 255 0 0 0 145
    0 163 255 237 0 128 0 255 255 0 0 0 255 0 255 0 255 0 255 255 0 255
    255 0 255 255 0 145 0 255 255 255 20 0 255 0 255 0 255 255 229 56
    255 0 109 255 0 0 255 255 255 0 0 0 245 0 129 76 183 0 0 255 0 255 0
    83 0 151 0 255 151 255 0 255 233 255 0 88 0 255 0 11 0 255 255 0 0 0
    255 0 154 7 255 0 255 0 255 255 0 12 0 151 64 0 255 0 85 255 0 255
    255 0 0 255 0 30 255 124 255 177 0 0 255 255 0 255 0 255 255 0 255 0
    255 0 223 255 106 139 0 253 255 0 255 0 255 255 59 0 0 255 0 255 186
    0 255 0 255 0 78 0 0 255 0 255 0 255 86 144 255 128 255 255 0 0 255
    0 38 255 255 15 98 255 0 254 0 255 0 255 0 200 0 255 154 0 0 255 0
    255 255 0 0 255 0 255 255 212 255 0 0 0 255 255 28 255 32 231 153 0
    255 0 255 255 137 255 0 95 255 0 255 201 0 255 0 50 0 255 49 0 0 255
    0 58 255 0 159 0 0 255 43 255 0 255 255 191 255 0 255 0 0 75 255 255
    0 255 0 255 0 0 0 255 255 0 0 255 200 2 0 42 0 255 163 0 0 255 0 0 0
    0 217 255 255 0 13 18 239 0 255 255 0 119 255 0 255 50 109 255 0 255
    255 255 255 0 167 157 0 255 255 0 255 0 255 255 255 255 255 0 144 0
    244 0 255 0 188 255 0 255 255 0 0 255 0 255 0 255 0 255 0 0 0 255 0
    255 0 255 0 0 255 255 0 143 67 0 255 0 255 255 0 0 0 218 255 0 255 0
    255 36 255 255 255 0 155 0 121 0 0 255 0 39 155 0 0 0 255 255 0 255
    0 255 255 209 255 0 255 255 0 255 0 0 255 0 0 255 0 255 0 0 255 0
    255 0 155 161 0 255 255 54 0 255 255 255 85 0 255 255 0 255 255 235
    167 0 255 255 255 0 0 255 0 0 0 255 255 0 0 255 0 255 255 0 255 0 67
    0 0 255 0 255 0 0 140 232 0 255 255 0 63 255 0 0 139 0 255 0 106 80
    0 255 0 0 0 0 255 172 254 0 96 254 255 255 0 255 0 255 0 0 255 0 0
    255 103 255 169 0 92 255 255 0 0 255 36 255 0 23 255 46 255 0 0 202
    255 255 0 255 255 255 0 0 0 255 255 0 255 255 255 3 233 255 255 49 0
    0 192 245 0 0 255 255 255 0 0 255 0 255 0 123 3 0 70 0 0 255 0 255 0
    74 0 157 243 0 128 255 125 255 0 0 133 255 255 255 234 0 0 255 75
    255 0 45 255 255 0 255 0 148 255 0 255 38 0 255 255 0 0 255 147 114
    107 255 255 0 0 255 0 132 0 14 255 0 178 255 0 255 0 255 255 249 0
    183 192 255 255 7 255 54 255 0 255 0 255 255 0 255 0 0 0 191 0 0 255
    0 255 213 255 255 0 175 86 255 0 255 255 0 255 53 255 0 255 255 0
    255 31 100 0 0 206 255 0 255 0 123 59 255 0 116 255 255 255 0 255
    255 0 255 255 243 0 255 199 103 178 27 0 85 255 255 0 0 255 0 255 0
    255 0 255 0 0 231 255 0 150 0 255 206 0 251 255 0 152 255 255 255
    255 0 255 0 255 0 255 255 255 255 0 255 255 0 255 142 182 0 255 195
    255 0 0 255 255 63 44 0 0 255 0 255 255 1 255 0 255 0 255 27 41 177
    0 255 0 0 255 0 255 0 255 0 0 255 255 0 0 255 0 255 0 94 0 0 255 0
    255 156 0 214 255 255 0 255 0 255 255 255 255 0 75 255 255 255 226 0
    0 255 255 0 255 255 0 186 255 255 255 0 0 255 0 255 0 255 0 0 74 0
    255 0 181 0 255 0 0 214 0 255 255 0 255 0 0 255 255 0 0 255 0 255
    255 0 255 255 16 134 0 255 255 255 255 255 0 255 255 0 0 255 0 255 0
    0 0 215 255 145 0 30 62 103 0 0 49 255 255 40 202 1 0 148 0 0 255
    255 0 212 0 114 255 0 255 0 115 0 255 192 0 0 255 255 0 255 255 0 96
    0 108 0 255 172 0 255 86 241 255 0 0 0 220 255 0 158 0 0 244 0 255 0
    255 0 255 0 245 0 63 0 255 255 0 0 0 255 0 0 255 255 81 255 0 255
    255 255 255 255 0 255 255 255 0 0 255 112 0 255 0 255 0 234 255 255
    0 0 40 0 255 0 255 0 255 44 0 255 255 62 0 255 0 131 0 255 150 226 0
    247 0 255 255 0 0 0 3 255 77 176 177 255 0 140 255 0 255 255 255 121
    0 0 255 0 0 0 255 0 255 0 255 255 255 255 0 90 255 0 0 255 113 255
    255 0 255 192 44 255 0 255 0 33 15 0 255 0 255 255 199 255 0 0 0 255
    255 0 255 200 0 255 210 255 168 255 255 0 55 255 16 99 255 39 204 0
    255 0 255 255 255 255 0 0 0 104 0 226 0 255 43 30 0 0 0 255 0 0 255
    0 255 0 95 255 0 0 255 105 0 255 255 255 60 48 255 255 0 255 0 255
    255 255 244 0 255 229 255 0 0 255 255 0 255 255 251 255 40 0 0 255 0
    255 0 0 0 255 0 255 0 0 0 77 0 0 255 0 0 219 255 109 0 0 0 0 255 156
    255 0 0 0 255 255 140 0 255 0 255 255 161 214 182 0 245 0 0 12 49 0
    255 0 0 0 255 255 249 255 0 0 0 0 255 0 255 0 255 0 255 0 0 255 255
    0 68 226 0 255 255 0 255 0 255 255 220 211 255 0 0 255 255 255 255
    37 28 108 255 0 255 255 0 0 255 78 230 255 170 255 255 255 255 110 0
    255 0 0 255 0 43 255 121 0 0 255 0 255 0 166 255 186 255 0 255 255
    255 255 0 255 0 255 0 62 0 0 255 255 12 255 255 255 255 0 0 0 255 0
    8 15 255 255 83 255 0 255 0 255 255 255 0 0 179 0 37 0 211 0 255 92
    255 0 0 121 255 0 255 0 255 0 255 255 95 0 255 255 0 0 0 255 255 0
    214 0 255 0 255 0 255 0 255 0 255 0 0 43 255 255 0 255 255 255 255 0
    255 0 0 255 0 73 0 255 0 255 255 0 255 55 0 0 204 0 0 255 135 248 0
    0 0 255 0 255 0 255 0 0 255 0 0 255 0 0 198 255 0 143 255 0 255 84
    255 255 92 57 255 149 255 255 0 255 247 255 0 255 255 176 54 0 255
    253 0 255 0 255 157 255 255 166 178 0 255 255 0 255 0 0 255 255 0 0
    255 255 255 0 45 0 255 255 255 0 0 255 99 176 144 167 0 214 0 255
    255 0 201 255 0 255 0 7 0 255 0 0 0 255 0 0 0 255 0 0 255 255 0 255
    0 0 86 255 255 255 0 255 255 0 0 255 0 88 0 0 255 227 255 255 0 255
    0 67 255 211 255 0 255 255 0 255 255 255 255 216 255 60 78 25 0 0
    255 0 0 255 255 0 255 0 255 0 255 0 45 0 255 114 255 0 255 255 0 0
    255 9 255 255 255 0 255 255 255 255 0 0 255 255 0 255 216 0 198 0
    255 255 0 255 144 255 255 138 0 0 121 0 0 180 255 0 0 255 18 0 0 255
    0 173 0 255 0 139 0 195 255 66 0 50 0 145 255 0 78 35 0 255 0 255 0
    0 255 0 255 0 255 92 255 255 0 255 255 12 0 255 255 0 0 255 0 0 218
    0 255 0 255 158 113 0 0 0 255 255 0 0 255 255 255 255 0 255 255 255
    255 252 59 0 0 196 0 255 255 0 255 255 255 0 190 0 0 255 255 0 0 0
    255 0 255 255 0 0 10 255 126 0 255 0 39 39 72 255 255 219 0 0 103 0
    60 255 160 0 255 30 255 0 255 0 255 0 255 42 0 0 0 255 0 255 255 139
    0 255 124 84 0 255 245 0 126 255 255 0 255 255 0 0 255 255 0 255 255
    0 132 0 255 0 255 0 255 0 0 255 0 105 255 0 255 78 255 0 148 80 233
    255 0 0 0 255 0 255 0 0 0 255 213 0 255 255 25 129 0 0 255 0 186 96
    0 126 0 2 255 255 255 51 0 255 255 0 255 105 0 255 0 255 0 255 244
    105 0 0 0 0 0 255 0 255 0 255 0 127 0 255 0 0 186 255 51 255 0 255 1
    255 0 255 32 84 0 0 255 0 0 68 255 83 255 37 255 0 49 255 255 0 255
    255 178 0 255 0 0 0 0 66 155 0 255 0 54 43 255 0 71 0 0 243 0 233
    255 15 0 226 255 0 0 255 41 240 255 153 0 45 0 255 0 0 0 255 255 0
    255 0 255 56 50 0 0 255 29 166 0 255 0 0 255 0 217 91 255 255 0 255
    152 0 106 94 0 0 0 255 0 255 255 255 255 18 0 0 0 255 255 0 0 0 255
    0 255 255 155 0 0 255 0 255 106 255 255 0 0 255 0 255 0 255 0 0 255
    255 255 137 0 145 255 176 228 0 255 0 0 255 0 255 0 255 255 182 28
    255 0 255 0 255 0 230 0 0 255 0 255 255 0 255 0 49 0 255 0 255 255 0
    255 0 0 255 61 0 0 0 255 0 255 255 255 0 255 0 0 153 255 0 0 210 255
    255 0 114 255 255 255 0 255 0 255 255 0 255 0 163 0 0 255 0 255 0
    255 145 0 0 255 0 255 0 255 135 255 0 180 255 255 0 255 255 36 0 255
    255 0 255 255 0 255 9 82 0 0 255 255 0 255 0 255 0 255 255 255 90 0
    0 173 57 0 0 255 255 0 255 255 0 0 151 255 0 0 11 255 0 255 96 0 0
    174 255 0 7 0 255 87 0 255 0 255 0 255 0 0 255 47 255 0 255 255 0 42
    255 0 255 255 0 255 0 255 0 255 255 0 255 0 255 255 0 0 255 255 0 0
    166 0 255 255 255 255 255 255 255 190 0 48 255 116 255 255 255 255 0
    0 255 0 255 0 0 255 167 255 149 0 255 107 255 83 255 0 126 187 255
    255 0 0 255 255 255 0 255 0 0 0 197 0 0 49 0 255 255 0 0 0 255 255 0
    0 255 0 255 255 255 0 0 255 255 255 111 255 152 0 255 0 0 255 0 255
    1 255 67 196 0 0 255 255 0 255 133 0 255 255 0 255 0 255 93 147 255
    255 255 255 255 0 255 0 0 255 255 0 255 255 106 49 255 255 255 0 255
    0 0 0 255 255 0 255 0 255 0 19 0 255 255 255 255 0 255 0 255 179 0
    255 0 2 255 0 255 24 255 0 255 0 0 0 247 0 0 255 255 196 0 255 255 0
    255 255 190 0 92 255 0 255 44 0 255 0 0 255 0 255 255 0 255 0 255 0
    255 0 255 239 109 255 255 211 0 0 255 0 255 0 255 255 255 0 0 255 0
    0 255 255 0 255 61 0 255 20 41 0 255 255 210 0 255 109 0 0 0 255 141
    0 255 82 255 0 255 0 255 123 0 255 0 255 255 0 255 255 81 0 219 255
    255 0 0 0 0 210 0 48 0 255 141 239 0 235 29 0 32 0 255 0 255 0 196
    255 0 0 255 0 73 255 255 0 242 255 0 255 0 0 0 255 254 255 0 90 85 0
    255 0 255 255 0 255 0 0 255 0 0 255 0 255 0 68 255 255 255 255 0 0
    255 255 255 0 255 0 0 112 255 255 0 245 0 200 0 255 255 0 228 0 255
    12 0 0 255 0 0 255 255 255 100 67 0 255 255 0 255 12 136 0 255 209
    64 255 114 0 0 255 0 68 0 245 255 0 255 0 0 255 228 255 255 173 255
    106 0 255 54 90 255 172 0 0 0 255 188 255 163 0 162 0 255 255 0 255
    0 255 0 0 255 255 255 0 0 207 255 0 27 0 208 0 0 255 77 0 255 0 0
    255 0 255 0 255 0 0 255 255 0 0 255 255 0 255 0 0 202 117 255 0 255
    0 255 0 255 255 255 0 0 0 255 0 255 0 255 0 0 255 255 0 255 17 151
    255 0 0 255 241 0 255 0 0 255 255 0 199 0 0 0 255 93 73 0 255 255
    231 0 255 185 255 0 0 255 255 255 0 255 255 0 255 0 255 255 0 48 19
    0 0 255 255 0 255 151 255 255 116 255 255 0 126 255 137 0 0 255 0
    194 67 165 255 0 0 255 0 255 0 0 255 0 0 0 0 255 255 130 72 255 255
    0 255 131 0 255 18 0 255 255 0 255 0 255 0 0 255 0 0 69 255 0 255 0
    0 0 255 81 94 255 162 255 224 255 0 255 0 255 0 255 0 255 0 255 255
    255 255 186 0 255 235 0 255 0 255 0 255 255 255 0 0 255 228 255 0 0
    255 208 0 255 255 0 255 0 153 255 255 255 0 0 255 0 0 255 0 255 0
    255 255 255 114 193 0 186 255 0 0 0 241 255 255 113 255 128 139 110
    0 255 0 255 0 7 255 255 128 0 0 0 255 0 255 255 0 255 238 0 255 0
    255 64 255 0 255 0 255 0 181 0 255 200 255 0 255 0 255 0 39 0 0 255
    255 0 255 255 216 255 0 255 255 0 115 0 255 234 0 255 0 0 0 115 0
    255 0 255 0 0 255 255 0 255 255 0 255 255 255 255 255 255 0 0 255
    255 0 255 255 0 255 0 233 255 0 0 129 0 255 255 0 255 0 255 0 0 37
    255 137 0 3 0 255 177 0 0 255 0 255 166 198 255 255 0 255 255 255 0
    255 0 255 123 0 255 255 0 255 0 255 0 0 255 255 205 255 255 32 240 0
    255 255 255 0 255 0 0 240 255 255 0 0 255 169 131 255 255 0 0 255
    113 103 255 0 255 255 255 0 255 0 0 0 0 0 213 255 0 0 64 57 255 255
    0 255 100 0 255 0 0 255 255 0 0 255 115 0 255 0 0 214 255 0 255 0
    255 89 0 0 255 0 255 0 255 0 255 255 0 30 255 0 107 255 0 214 0 255
    230 0 255 0 0 255 255 255 255 0 255 0 255 0 0 0 0 0 71 90 0 255 212
    0 255 0 255 255 0 0 123 255 0 0 255 255 0 255 0 255 0 255 255 0 0
    160 0 0 199 0 255 255 0 0 249 0 255 141 0 49 0 255 0 184 255 0 255
    255 0 0 205 156 0 255 0 255 109 10 0 32 0 255 255 185 255 255 0 255
    0 255 255 0 255 148 255 255 0 0 255 255 255 0 76 255 252 0 255 0 255
    0 19 248 0 255 250 255 0 167 255 54 140 255 0 255 255 0 255 0 4 255
    255 0 255 0 255 255 0 255 255 0 0 255 0 89 0 0 0 255 0 0 255 0 255
    95 255 228 255 0 255 43 149 255 0 0 255 255 0 255 145 0 38 0 0 255 0
    255 251 0 255 0 148 0 255 255 0 0 255 254 0 255 208 255 0 203 108 0
    0 42 255 255 255 145 255 0 0 140 156 255 255 0 255 0 255 0 255 255 0
    255 0 0 0 255 0 0 255 0 255 255 0 255 255 48 0 255 163 0 255 255 92
    0 255 255 0 255 7 0 255 255 0 255 0 0 255 255 0 255 0 255 0 255 255
    255 255 0 255 255 0 0 255 41 255 0 0 255 255 0 78 255 0 255 0 0 255
    0 255 125 255 255 255 206 0 63 0 255 255 0 54 15 255 0 255 0 0 237 0
    255 0 255 0 255 255 43 255 0 36 249 255 0 55 255 0 58 59 0 241 255 0
    255 255 0 255 91 51 0 255 0 255 0 255 0 255 255 255 255 255 255 0
    255 0 0 0 0 255 0 255 0 76 255 45 0 255 0 255 255 0 0 255 0 255 255
    0 0 0 0 255 0 0 255 0 255 231 255 0 255 202 0 255 121 0 0 0 144 255
    0 0 255 255 0 0 255 255 255 255 0 255 255 184 0 0 0 255 11 0 255 0 0
    129 0 0 255 205 0 0 0 255 255 0 255 0 255 0 255 0 0 154 255 0 254 0
    0 255 255 0 255 115 0 0 255 255 22 0 0 255 0 0 0 255 65 255 103 255
    0 114 255 0 217 223 255 255 0 255 0 0 255 122 255 241 0 255 255 18
    255 255 255 0 0 103 163 255 155 0 0 226 0 218 0 109 255 91 255 0 255
    0 255 0 255 53 255 0 255 255 255 255 0 179 255 0 154 0 255 255 0 255
    255 0 0 255 36 78 104 0 0 78 0 33 255 255 255 0 0 0 255 255 0 0 0
    255 255 0 0 255 255 0 0 0 255 249 145 0 0 138 0 91 94 0 197 226 255
    0 255 0 0 255 168 255 255 255 41 0 255 0 255 0 0 119 0 8 0 255 255 0
    255 255 0 0 255 255 0 0 255 0 255 255 0 255 255 0 255 0 0 0 242 0
    255 255 255 255 140 0 255 255 0 64 122 47 76 255 137 255 0 190 255
    255 0 255 235 0 255 41 255 255 0 255 0 255 0 0 176 255 0 255 167 0
    255 255 0 0 166 0 0 255 255 120 0 0 255 255 0 255 255 153 0 255 169
    255 34 255 0 255 255 255 0 232 0 255 0 255 0 114 255 255 255 0 255 0
    255 0 0 154 255 0 255 255 255 48 255 0 255 127 0 255 0 255 0 255 255
    255 0 255 0 0 0 60 0 255 180 0 255 0 0 128 235 0 255 168 255 0 255 0
    0 255 181 255 255 0 163 255 255 255 0 0 255 0 194 0 52 255 0 255 255
    13 0 0 255 255 0 22 255 255 0 255 0 255 0 255 255 0 118 0 0 255 98
    141 0 99 255 255 10 173 161 0 73 76 0 13 0 250 0 255 255 0 255 0 0
    255 86 0 0 255 0 255 217 246 255 255 255 200 255 255 73 0 0 255 0
    255 139 255 124 255 255 255 0 0 255 255 255 0 252 11 83 255 52 255
    255 105 0 255 0 94 0 255 53 0 255 255 0 153 0 255 0 0 255 0 255 255
    0 255 255 0 0 255 0 44 255 0 199 255 211 117 255 0 0 254 255 0 0 255
    0 255 0 255 99 255 255 121 73 0 255 0 255 0 255 31 14 0 255 0 255
    255 0 255 167 2 87 0 255 0 0 255 0 255 0 213 0 255 0 255 194 0 255
    255 255 119 0 255 0 0 255 255 0 91 0 255 0 0 255 255 0 255 116 92 0
    255 255 138 0 255 7 255 0 255 255 255 0 57 255 2 4 146 255 255 0 255
    0 48 0 0 255 255 0 255 255 209 0 220 255 8 255 0 255 255 0 255 255
    255 0 255 0 0 255 0 0 171 36 0 0 0 255 255 0 255 201 221 255 0 147 0
    0 0 0 255 0 255 255 0 34 0 255 0 245 0 0 255 255 0 255 0 255 255 255
    255 0 0 255 255 77 0 255 0 255 0 0 0 255 0 255 255 0 255 255 0 255
    255 169 0 0 0 255 0 255 0 0 131 0 0 255 235 233 255 255 255 255 0 75
    0 81 255 183 255 0 82 97 107 0 255 255 0 0 131 129 255 255 225 255
    17 255 0 255 0 255 0 255 0 255 132 255 255 255 0 0 255 0 126 255 208
    255 0 255 255 0 152 255 0 0 255 135 255 0 0 255 4 255 255 255 186
    255 94 0 0 0 0 255 220 0 255 0 255 214 255 255 0 255 0 255 217 255 0
    0 255 255 255 0 15 255 0 90 255 0 0 255 55 255 0 255 255 255 0 255
    38 255 255 0 0 123 0 255 0 255 0 110 255 255 0 255 0 233 0 255 0 0 0
    255 0 255 234 255 251 24 0 255 148 186 0 255 56 153 0 255 0 238 255
    255 255 0 255 110 0 255 116 0 255 255 255 0 0 255 0 255 255 49 142 0
    255 253 0 65 255 0 255 0 0 255 0 255 0 255 0 255 82 0 0 255 255 255
    0 255 0 0 123 255 0 255 255 0 255 0 0 255 104 200 0 164 0 150 0 0
    255 255 255 0 255 90 225 255 255 69 255 210 255 255 0 255 189 60 255
    255 77 255 0 255 55 0 255 0 255 0 255 255 0 0 255 0 0 0 255 109 0
    112 255 0 255 38 255 0 255 255 222 0 0 255 255 255 0 255 175 192 255
    0 0 0 255 0 255 74 112 0 255 0 255 0 255 255 0 0 255 255 0 0 0 0 255
    255 255 0 0 255 58 70 0 255 0 144 220 0 255 0 131 255 0 0 0 0 255
    255 255 255 0 0 255 0 188 255 0 0 0 0 0 255 255 0 0 0 0 255 161 0 0
    255 255 255 159 103 0 0 255 0 0 0 144 255 0 0 255 0 255 120 0 102
    255 255 0 219 255 255 226 0 249 0 153 0 255 192 255 146 255 0 231 32
    0 0 0 0 187 255 0 155 255 255 0 0 0 255 0 17 0 255 0 0 0 255 0 135
    255 0 0 255 0 0 255 0 60 255 0 0 126 223 0 255 255 255 0 255 0 255 0
    0 255 0 100 255 0 45 255 116 0 0 255 255 0 16 255 0 54 0 255 255 60
    0 255 255 0 255 0 168 0 255 177 255 255 0 255 0 0 0 0 255 0 0 255 0
    0 255 0 0 255 0 255 0 0 229 0 255 255 0 255 255 0 255 0 17 0 255 0 0
    255 255 174 255 7 255 0 30 0 167 255 255 255 175 255 255 0 255 0 255
    241 0 0 0 0 255 77 0 0 0 255 36 0 255 59 0 255 85 154 0 0 255 0 0 0
    0 3 255 0 255 170 255 0 0 198 255 255 13 255 158 255 255 210 58 255
    255 255 0 255 94 0 255 255 255 0 31 255 255 255 255 0 255 255 0 0
    255 255 0 255 123 255 255 0 58 255 0 255 178 197 182 255 0 235 0 255
    255 0 255 0 255 0 255 0 255 0 0 0 0 255 12 0 255 0 172 255 0 141 255
    0 24 0 255 255 0 0 255 0 255 255 255 255 0 0 0 255 0 255 0 255 0 255
    255 189 0 255 10 255 0 0 7 255 10 255 255 148 255 255 0 255 255 0
    200 0 255 0 255 0 0 190 0 255 0 240 224 255 0 255 0 255 255 0 255 87
    255 0 255 255 141 214 234 255 255 237 255 0 0 178 234 255 255 0 0
    255 0 255 242 0 0 255 0 0 198 75 69 255 0 0 0 255 102 255 255 255 0
    0 255 0 0 145 255 255 207 0 255 0 255 0 54 255 0 255 0 255 0 255 29
    0 255 0 255 236 91 255 150 255 0 255 250 0 255 0 103 0 255 125 0 255
    255 255 255 255 255 255 255 255 0 255 9 255 0 255 75 0 254 255 0 205
    255 8 255 255 82 255 227 0 0 0 255 255 0 201 7 138 0 255 0 255 0 117
    255 252 0 255 0 255 0 220 0 0 0 26 0 0 127 255 255 255 0 0 255 255 0
    0 0 255 147 0 255 0 255 255 255 0 0 0 255 255 255 255 255 0 147 0
    251 216 0 255 107 172 42 255 199 0 255 0 0 255 0 0 255 255 0 255 0
    175 255 142 40 55 80 0 0 255 0 0 255 0 67 255 0 0 255 0 24 13 255 0
    255 0 0 255 162 0 0 255 0 0 255 255 255 118 255 0 255 0 0 0 255 255
    135 191 97 0 255 255 55 1 0 255 0 255 0 0 255 0 0 223 170 145 162
    255 0 255 0 255 0 0 0 0 255 255 0 255 0 0 255 255 63 0 240 255 0 255
    255 0 255 0 0 0 0 0 0 255 65 255 0 0 0 255 0 255 255 0 255 175 0 0
    255 0 64 0 157 0 255 0 0 0 255 0 255 0 222 255 29 0 0 72 205 106 0
    255 0 255 0 255 0 255 0 255 0 96 255 0 0 255 172 255 0 255 0 0 255
    255 0 255 255 255 0 255 255 0 128 0 220 255 0 255 0 251 255 0 255 30
    255 0 255 0 255 0 0 0 255 0 65 255 0 255 255 255 0 87 14 0 255 0 11
    0 255 38 255 0 0 255 0 255 0 87 0 218 255 0 255 0 255 92 149 0 255
    22 236 0 13 255 0 0 255 0 255 0 0 255 146 0 226 120 160 1 255 255
    160 255 134 255 255 255 79 0 255 0 255 255 255 0 218 255 0 255 0 0
    255 215 255 255 255 0 255 255 107 255 255 0 255 0 255 255 43 0 34 0
    255 154 255 228 255 112 19 166 108 0 127 255 0 23 0 255 97 142 1 255
    0 27 0 255 255 255 255 12 0 255 0 255 37 135 0 255 255 0 255 0 255
    255 255 255 255 139 0 101 255 255 255 0 0 255 0 119 255 0 219 255 0
    255 52 255 255 124 177 70 255 0 0 255 255 221 0 0 31 0 0 255 0 255 0
    255 0 255 255 113 255 192 0 0 255 255 0 255 88 255 0 245 149 255 182
    255 113 0 230 0 0 218 0 255 0 0 0 255 109 255 0 255 124 255 255 0 95
    0 255 255 0 255 255 255 0 0 0 255 0 255 0 255 0 0 33 0 255 255 0 0
    255 0 140 0 0 255 0 255 121 0 50 0 0 255 12 255 237 59 255 255 0 176
    216 0 255 255 0 255 0 255 0 0 255 0 193 255 0 176 255 135 0 0 255 0
    93 255 13 0 255 0 196 0 0 255 0 0 0 0 255 255 229 255 0 255 238 255
    196 181 255 0 0 91 0 0 255 216 255 0 239 0 255 0 255 0 0 255 255 255
    0 255 255 234 31 0 0 255 0 255 255 255 131 165 0 152 0 255 0 255 255
    0 255 0 255 0 255 0 255 0 0 0 255 0 255 0 90 255 0 134 255 0 255 0 0
    255 0 255 255 0 255 0 255 0 0 255 221 0 255 255 0 0 61 255 0 255 255
    255 82 255 0 255 255 0 255 0 0 255 0 72 5 0 0 255 0 0 255 255 74 255
    255 0 0 66 0 255 255 0 255 0 0 0 255 255 0 212 255 0 0 255 255 108
    255 0 255 0 255 46 255 0 255 0 206 96 139 0 255 0 255 255 229 0 0
    255 0 0 214 0 255 0 255 0 0 0 255 207 0 0 255 0 255 0 0 79 255 0 255
    127 255 98 255 0 255 255 0 255 0 255 0 0 255 255 0 0 0 255 255 255
    145 255 255 0 0 91 250 255 0 0 0 0 0 0 0 255 255 0 255 0 255 0 0 255
    0 255 0 255 255 255 193 121 75 141 255 102 255 0 0 255 255 255 255 0
    209 255 255 255 0 0 0 255 255 0 245 255 87 0 0 255 255 108 255 255 0
    0 0 224 0 255 0 0 57 239 255 173 255 184 255 17 0 104 0 0 111 255
    122 255 0 255 0 0 255 0 0 0 255 54 97 92 141 255 255 0 92 155 255 46
    255 13 0 0 70 0 255 0 255 0 0 255 255 255 255 0 255 0 254 0 255 0
    255 27 0 180 255 255 0 255 73 255 22 0 138 255 0 255 0 255 0 152 255
    0 255 255 0 255 255 0 255 206 255 139 122 255 167 169 138 0 0 0 255
    255 155 0 0 0 0 255 255 255 0 255 243 130 255 0 255 0 0 255 0 255
    255 255 0 0 0 255 0 0 0 0 231 0 228 0 0 255 0 255 181 0 23 255 0 255
    0 255 0 255 0 0 255 61 0 0 255 0 0 78 255 0 255 0 255 43 0 0 0 0 255
    0 255 255 246 0 0 255 0 0 255 0 255 0 0 255 0 0 0 0 255 0 255 0 0
    106 255 255 255 0 226 0 255 0 0 0 255 255 0 0 255 255 0 0 91 0 68 0
    0 0 255 0 130 255 209 0 0 0 0 0 255 255 82 0 241 0 255 0 40 255 3 59
    0 255 45 0 0 0 0 220 111 56 255 255 248 0 0 0 0 0 95 255 0 0 5 0 255
    2 255 255 255 0 213 154 0 255 255 0 0 101 0 255 0 0 149 0 255 88 54
    255 0 255 255 31 0 255 0 255 255 0 255 0 255 0 255 0 49 0 0 61 255 0
    255 0 255 123 255 255 32 0 0 255 255 255 0 0 0 255 0 0 255 255 255 0
    255 0 255 255 255 0 255 52 0 0 0 64 255 0 255 0 255 0 255 255 255 0
    255 0 50 0 255 146 255 255 0 255 0 255 0 0 0 160 0 255 0 187 255 0
    255 255 255 255 255 255 0 255 255 255 0 89 255 211 150 0 0 103 224
    255 255 0 0 255 5 54 255 0 255 0 175 0 255 255 0 255 237 255 0 255 0
    66 32 0 0 0 102 215 0 255 0 246 0 255 0 0 255 167 255 59 0 177 214
    63 198 0 255 222 255 0 255 255 255 255 0 0 255 0 255 255 255 158 255
    255 0 0 255 0 0 0 0 0 255 255 0 255 255 41 0 255 255 0 255 12 255
    255 0 255 255 0 255 255 0 0 255 0 255 0 0 24 0 255 0 255 0 255 255
    195 255 0 148 0 255 74 255 255 255 0 0 0 255 0 0 255 0 0 0 255 255 0
    0 255 0 255 0 255 0 255 255 0 100 255 255 255 0 255 0 255 255 179
    255 0 255 255 131 255 255 163 231 255 0 255 0 255 87 255 255 0 0 255
    0 255 109 0 110 0 0 0 255 0 255 0 222 255 255 255 0 255 255 0 0 255
    0 255 63 0 127 0 0 255 255 255 106 255 0 255 0 255 0 255 0 148 255
    255 216 76 0 63 0 0 0 0 0 255 0 255 255 255 255 0 255 0 255 255 209
    255 40 5 255 0 255 0 237 255 0 222 255 0 252 116 255 255 248 0 0 17
    255 0 255 0 0 255 0 0 255 255 0 255 0 0 246 0 0 255 255 255 0 255 0
    255 255 0 255 0 0 91 255 186 0 83 170 255 0 70 133 0 255 0 115 255
    255 255 124 0 22 149 0 255 255 128 250 255 0 0 0 255 0 0 0 24 0 255
    0 255 0 0 255 58 255 0 255 255 255 162 243 226 0 0 63 0 255 255 255
    133 255 255 0 255 255 130 255 0 255 0 255 255 255 0 191 255 255 0
    255 123 255 0 255 163 255 0 255 255 64 255 0 255 0 255 255 0 0 0 255
    0 0 70 255 0 255 0 61 255 255 132 223 255 0 224 255 0 176 255 255 0
    0 255 189 255 0 255 255 0 0 255 0 255 255 234 0 255 23 255 255 0 255
    38 253 255 0 43 255 255 208 255 0 0 0 191 160 0 164 0 0 18 0 255 164
    0 255 9 196 198 255 59 255 0 0 255 0 255 255 255 0 255 255 0 164 0 0
    0 159 10 0 255 0 255 0 255 0 0 255 0 0 0 255 0 0 255 49 12 0 0 255 0
    0 0 255 255 97 255 0 255 163 255 255 0 255 255 152 255 0 255 0 112
    255 40 213 7 31 255 0 255 0 255 91 255 255 31 255 0 255 0 255 0 77 0
    255 0 129 0 255 0 0 255 0 255 0 255 110 255 255 255 66 0 255 255 186
    114 255 0 220 48 0 255 0 255 255 255 51 255 0 229 255 0 255 0 255 0
    255 0 255 6 0 161 0 255 255 0 255 0 243 255 0 255 255 0 186 0 203
    248 0 0 255 146 0 0 0 255 0 0 0 0 0 255 0 0 255 255 255 0 0 255 255
    9 219 255 0 255 0 0 0 255 0 0 255 255 250 255 0 255 16 255 10 0 255
    0 0 130 94 255 255 0 255 255 0 205 255 0 255 0 0 255 255 201 255 0
    255 13 0 255 255 74 0 255 255 0 0 0 0 255 0 0 255 255 0 255 0 0 255
    255 255 0 0 255 0 255 255 255 249 0 0 0 255 255 255 0 193 255 5 0 0
    211 24 255 0 135 201 0 255 0 0 255 255 255 255 255 88 247 0 255 255
    147 56 0 255 255 0 255 0 235 194 214 0 0 255 100 118 188 0 255 0 255
    0 0 237 255 0 0 0 231 0 78 125 178 0 0 0 255 98 255 0 46 0 255 0 255
    255 255 0 255 0 255 255 255 0 255 0 255 0 0 0 255 0 0 255 255 0 255
    255 0 0 0 255 132 0 0 255 41 255 0 42 131 0 45 26 255 255 255 255 1
    0 0 0 0 255 0 67 255 0 255 0 255 0 0 255 255 0 255 5 0 255 0 31 0
    255 0 232 0 187 208 0 255 255 0 255 107 255 0 255 0 255 0 255 244
    255 0 255 0 4 0 255 255 0 0 255 255 0 0 0 255 0 255 0 255 255 100
    193 0 255 0 61 0 255 0 255 0 255 255 0 255 0 255 0 255 64 240 1 255
    0 0 255 103 0 255 0 0 255 0 0 0 255 0 255 255 107 182 255 0 255 0 66
    0 228 255 193 0 0 255 0 0 255 83 255 0 0 175 255 255 255 0 97 64 0
    255 255 255 255 255 235 255 0 255 218 0 255 255 255 0 255 0 0 255
    255 133 0 255 255 0 0 0 0 255 255 255 0 255 255 255 237 255 0 0 255
    255 228 255 255 255 255 0 0 255 0 255 0 255 0 0 0 255 255 0 255 255
    255 136 255 0 0 122 255 0 255 0 0 255 0 0 255 126 32 0 255 0 74 238
    255 0 0 0 0 255 181 255 0 255 255 255 88 255 255 61 0 184 0 255 99
    255 0 206 255 0 255 0 0 255 0 0 126 255 112 0 0 255 255 0 0 0 255 79
    0 238 255 99 154 0 255 0 255 0 0 255 21 0 79 255 0 255 0 255 0 255 0
    192 255 86 0 0 0 255 0 0 0 255 0 0 255 0 0 255 9 0 255 255 0 255 143
    255 0 255 0 255 255 0 0 0 255 255 0 255 0 255 0 0 0 255 255 0 255 0
    255 0 240 0 255 32 0 0 255 255 0 72 255 136 255 102 12 255 0 0 147 0
    255 255 0 0 255 25 0 255 255 255 0 255 255 255 0 255 255 255 0 255
    37 35 0 0 255 0 255 0 255 255 0 0 0 200 255 0 255 0 255 124 0 0 182
    0 113 255 0 84 0 255 196 28 255 0 255 255 255 53 0 255 0 255 255 255
    0 0 4 98 150 0 0 0 255 0 213 231 255 0 0 0 255 0 0 178 255 0 93 41
    161 193 255 0 255 0 255 0 175 0 0 255 0 255 255 255 0 255 0 255 255
    0 255 0 66 255 235 0 110 255 125 150 0 197 169 255 255 0 255 0 140 0
    69 0 0 255 0 0 125 39 255 0 0 255 0 0 0 255 255 0 178 255 82 255 0 0
    164 255 255 0 0 0 255 255 0 139 146 244 158 255 0 223 0 255 205 233
    255 0 255 255 0 255 255 255 0 255 0 255 0 255 0 28 255 2 0 0 255 255
    201 117 255 78 68 0 255 0 255 115 208 243 255 0 245 255 0 174 255 0
    0 255 255 179 0 255 0 0 255 255 255 131 121 86 255 83 222 0 255 0
    255 0 0 255 255 0 255 0 46 235 0 0 255 0 151 255 0 0 36 255 255 0 82
    255 0 255 255 0 0 2 255 255 0 115 160 163 0 124 0 255 255 0 255 255
    0 255 0 0 255 94 0 255 255 0 255 169 255 0 0 0 170 255 0 255 0 0 255
    0 255 0 255 242 0 255 0 0 0 0 124 0 255 0 0 255 0 255 0 255 0 255
    255 105 233 255 49 7 0 0 255 255 0 0 255 0 255 0 255 14 0 255 0 255
    0 0 0 255 255 0 1 255 0 255 0 131 255 0 0 255 0 0 0 255 0 134 255 0
    0 255 255 255 76 0 255 0 255 0 0 255 255 255 238 229 255 255 0 255
    255 0 0 0 255 0 0 255 0 79 0 255 0 255 0 0 255 0 0 0 1 144 63 0 255
    145 255 0 0 255 0 255 0 255 196 0 0 132 255 255 0 0 255 0 0 87 237 0
    0 0 255 0 255 255 255 0 255 0 255 0 0 156 255 6 0 219 0 255 0 255 0
    255 0 0 0 255 0 194 255 0 165 76 0 255 255 255 0 11 168 0 0 255 0
    255 0 255 255 0 48 144 161 255 66 0 0 162 255 0 202 255 255 209 255
    255 255 0 255 255 0 93 0 0 255 171 0 255 124 110 255 252 6 0 255 144
    0 255 197 0 6 252 157 255 0 255 255 255 255 0 255 23 255 0 0 255 255
    0 255 255 255 0 25 188 255 0 254 255 255 0 0 255 0 30 252 0 255 72
    38 255 255 255 0 0 255 0 255 185 0 75 252 82 255 0 255 0 0 255 234
    255 0 255 0 255 255 0 0 255 255 162 255 255 0 255 255 255 165 0 0 0
    169 0 0 255 32 0 255 221 0 198 0 173 255 0 255 127 255 0 255 255 51
    0 83 255 0 0 220 255 255 0 0 182 255 0 0 0 205 48 255 0 0 255 0 152
    0 255 0 243 0 146 105 0 0 255 255 0 255 66 248 255 0 255 0 0 0 255 0
    0 208 0 255 255 0 255 255 255 140 0 0 255 2 255 0 255 0 255 235 0
    255 201 255 0 255 255 0 0 255 107 255 0 255 0 255 255 255 255 0 0
    255 255 0 255 0 255 0 95 0 255 255 255 255 0 249 0 0 255 0 0 0 255
    255 0 255 255 0 1 255 0 0 255 164 0 0 255 0 255 0 193 153 255 42 0 6
    255 0 255 255 77 0 255 94 255 0 209 0 211 221 255 63 0 255 255 255 0
    255 166 81 0 255 82 155 255 99 0 255 0 0 255 255 0 255 255 0 0 255 0
    0 255 53 0 0 120 255 215 255 0 0 255 255 194 0 0 0 255 255 255 0 0
    255 255 0 0 255 0 255 0 255 0 0 0 158 0 255 0 0 0 92 255 0 255 0 255
    255 0 255 255 255 0 181 49 0 66 0 255 0 255 0 255 255 0 72 255 0 255
    0 0 0 255 210 255 0 255 0 255 0 0 0 255 0 60 0 255 0 255 0 255 255
    214 12 255 101 255 255 255 58 95 0 255 0 255 0 251 255 255 255 0 0
    203 255 255 255 91 255 116 255 0 255 0 255 255 255 60 255 255 0 255
    109 0 255 255 0 0 0 200 255 0 0 0 255 13 0 125 255 0 255 0 0 10 0
    255 225 255 255 0 0 0 255 108 255 0 0 0 255 0 255 255 255 0 0 255 0
    125 222 195 255 0 0 255 14 255 255 0 255 52 255 0 19 0 0 0 255 0 0
    13 255 0 255 255 255 255 155 0 255 0 69 20 0 83 0 255 255 255 255
    208 0 255 67 255 255 255 255 0 0 0 177 0 0 0 255 0 40 159 0 255 0
    255 220 83 255 255 0 255 255 255 90 255 0 0 0 255 50 255 255 0 216
    255 0 255 0 255 0 0 255 0 104 255 0 255 255 127 255 0 255 255 0 255
    0 255 255 0 0 255 65 234 255 0 255 6 255 0 255 0 0 44 255 0 255 255
    0 255 0 0 0 0 255 255 114 0 255 1 0 255 4 177 254 0 255 255 230 255
    255 0 255 255 0 255 0 232 255 183 0 0 255 0 255 255 255 0 255 0 0 0
    255 255 0 255 255 0 0 255 82 255 192 0 225 0 255 0 255 218 255 255
    255 255 255 0 8 0 202 255 0 255 255 224 0 0 0 95 255 0 0 86 0 255 0
    255 101 255 0 255 0 255 255 0 186 255 242 255 0 0 224 0 255 82 255 0
    13 0 159 255 0 255 181 0 255 0 0 255 0 175 0 0 255 255 0 255 95 0
    255 0 255 255 255 255 0 255 0 255 0 255 0 215 255 255 255 0 0 36 255
    240 0 54 255 255 0 87 214 255 0 0 218 0 255 255 0 0 255 0 0 0 255 0
    255 0 0 0 255 255 255 214 0 3 253 97 0 255 0 255 255 255 0 255 165 0
    192 0 255 63 135 149 0 0 255 4 255 0 255 0 0 255 110 0 255 114 5 0
    13 98 255 0 0 0 255 110 185 255 0 255 0 255 26 0 255 0 0 255 255 0
    76 255 0 38 0 255 194 5 248 0 255 255 255 0 0 255 135 216 218 205 35
    255 0 96 255 255 0 255 0 255 0 36 255 255 0 255 0 255 0 0 0 183 0 0
    255 255 0 0 248 255 0 255 255 146 0 0 0 255 0 255 0 0 150 255 255 0
    130 255 0 104 255 255 255 255 255 255 0 255 0 96 123 0 0 255 255 0
    255 255 0 255 0 0 93 255 255 0 255 65 255 240 255 0 255 1 127 0 255
    81 255 0 0 255 228 255 0 0 0 255 0 255 0 255 0 255 255 0 0 255 0 255
    9 210 255 249 255 0 255 255 79 255 0 0 67 0 0 255 0 255 0 255 0 255
    6 255 0 0 255 82 0 15 0 255 0 255 0 0 133 255 255 255 0 255 43 65
    160 122 255 255 0 255 255 107 255 255 0 78 255 255 160 255 0 255 0
    255 0 218 0 255 0 0 96 0 0 230 0 255 0 17 36 153 255 255 0 0 252 255
    0 255 188 47 0 255 255 255 255 255 0 255 0 255 0 108 0 255 150 22
    255 0 255 255 48 0 0 255 136 0 0 0 113 255 0 16 255 0 0 0 0 150 255
    255 255 0 255 0 231 10 0 110 0 255 227 0 255 255 0 0 255 0 0 0 0 16
    255 0 255 11 0 234 0 255 13 0 255 152 255 0 255 0 255 255 0 0 195
    255 0 140 255 255 0 0 255 255 255 255 0 0 255 132 255 88 0 255 255 0
    202 255 149 0 255 0 255 187 236 0 0 255 0 255 255 248 0 0 18 0 0 0 0
    255 255 0 156 217 0 255 189 0 0 255 255 0 255 48 0 255 255 255 255 0
    0 255 255 111 255 0 255 0 255 0 0 255 0 0 255 231 0 0 255 0 255 0
    255 255 0 0 0 0 255 20 255 105 255 0 248 0 255 52 0 255 0 255 231
    255 0 0 255 0 65 99 84 0 255 255 255 255 255 0 255 0 255 0 255 0 255
    255 181 0 248 255 106 0 255 0 255 255 96 255 0 85 0 0 255 255 0 255
    255 0 255 0 13 255 0 255 0 255 0 0 108 119 0 255 0 0 255 0 255 0 29
    98 0 0 205 151 255 255 0 255 0 255 58 255 255 0 0 255 0 182 25 193
    255 0 124 255 0 124 255 3 255 255 0 0 255 230 0 255 255 255 0 255 0
    255 255 0 124 105 184 0 0 255 0 0 255 255 0 255 0 255 255 97 0 0 255
    0 255 0 255 0 0 172 255 0 0 255 0 252 0 255 255 255 255 255 0 0 255
    218 0 0 79 0 175 255 255 0 255 255 255 0 255 0 66 0 255 2 147 0 255
    176 98 255 255 0 255 0 255 255 0 240 255 70 0 255 70 255 0 255 255
    255 0 255 173 0 0 12 255 0 157 144 255 0 255 0 143 0 252 0 255 12 43
    0 0 255 0 255 0 8 201 255 0 255 0 0 255 11 0 207 255 0 255 0 134 108
    255 0 255 167 255 255 255 0 255 180 12 255 255 133 255 0 0 255 255 0
    105 27 76 255 0 255 0 255 0 0 255 255 0 255 255 165 255 0 54 52 255
    0 0 255 144 122 255 0 255 0 255 0 0 0 255 0 241 0 255 255 0 122 255
    255 255 0 255 0 0 255 255 0 0 229 255 255 0 255 185 0 255 255 234 0
    255 255 0 255 0 13 0 254 23 255 0 93 0 0 255 0 255 0 255 74 0 255 0
    0 81 255 0 255 36 0 255 255 0 238 255 0 128 26 0 0 0 255 0 255 0 245
    0 145 255 60 254 255 0 255 255 204 177 0 195 255 0 0 255 46 255 0
    255 255 0 255 255 0 255 0 255 178 0 203 0 255 0 168 11 255 0 255 0
    255 0 255 255 0 0 255 255 0 255 0 255 255 183 0 7 0 0 0 92 230 77
    255 0 255 0 102 0 1 0 0 255 0 254 255 255 0 255 0 0 0 255 0 255 255
    163 0 255 255 0 255 0 255 255 255 0 0 255 233 0 255 0 255 255 160
    203 65 0 0 255 230 0 255 255 0 87 255 146 255 0 164 37 185 255 48
    255 255 0 35 255 0 255 97 255 0 0 0 0 0 255 0 255 0 0 240 255 255
    255 0 255 0 255 0 48 255 0 255 255 0 255 255 209 255 255 0 0 255 3 0
    0 0 255 0 255 0 255 0 0 255 255 255 255 255 0 0 255 0 0 255 255 0
    255 255 255 0 0 255 134 255 180 255 255 255 255 0 0 255 0 197 255 0
    95 115 34 255 181 0 255 0 255 255 255 0 101 255 0 255 0 255 255 255
    0 255 0 0 255 0 0 255 0 0 0 0 188 255 123 82 255 0 255 0 33 255 255
    144 255 255 219 0 0 255 255 191 0 0 0 144 255 0 0 0 43 255 40 134
    255 0 255 141 255 0 255 0 15 255 0 0 255 0 221 255 255 0 255 255 0 0
    0 255 255 0 255 44 39 255 0 0 255 0 0 185 255 255 0 8 255 255 0 255
    0 0 255 0 0 255 0 54 255 252 0 255 0 0 255 255 0 0 140 0 255 0 255
    53 255 0 255 0 112 0 255 0 161 0 255 255 0 255 174 255 0 255 255 0
    255 6 0 255 255 0 0 255 255 0 255 255 0 0 255 255 0 41 255 69 0 79
    207 255 255 0 0 205 166 0 0 255 0 90 245 255 255 255 0 0 255 255 0
    255 0 0 255 0 255 0 121 0 255 223 0 0 171 183 0 255 255 255 255 255
    255 91 0 255 255 0 255 147 255 243 0 0 255 0 255 0 194 0 255 0 166 0
    0 255 255 0 1 0 0 0 0 0 33 0 255 38 154 255 0 0 255 255 255 0 255
    255 0 67 0 184 255 0 90 255 0 255 255 0 255 0 78 255 192 0 0 220 16
    231 0 255 166 255 0 0 0 0 0 0 13 255 0 255 0 0 0 255 255 0 22 255 0
    255 246 180 255 131 0 0 255 0 255 0 255 39 0 255 0 255 255 0 255 0
    18 255 255 255 217 255 255 0 0 255 255 0 0 49 255 245 0 0 255 229 0
    0 255 0 255 255 255 0 0 0 255 0 127 0 255 255 255 119 0 0 0 0 255
    255 0 183 113 0 255 255 0 60 255 255 0 0 0 157 255 205 0 205 0 255 0
    255 127 255 255 255 0 255 0 0 255 0 255 0 0 14 255 0 255 0 0 255 79
    0 255 0 255 0 0 36 0 0 255 0 236 216 255 190 0 35 0 255 0 0 120 0
    255 255 0 0 0 255 0 0 255 199 255 116 0 255 46 255 0 72 255 20 255
    240 0 255 0 87 33 0 136 0 33 255 255 160 0 255 0 0 255 255 0 0 0 0
    16 255 0 255 0 211 0 57 28 0 255 255 0 255 0 255 236 255 0 255 0 255
    255 0 132 0 0 130 255 0 255 0 0 255 255 107 212 255 63 254 255 255
    255 255 0 222 0 255 0 255 0 255 0 255 255 255 255 71 255 78 255 131
    0 255 0 0 255 255 0 0 0 0 153 64 255 0 246 0 255 0 255 0 255 53 255
    0 255 255 98 255 255 0 0 255 0 255 242 0 255 255 255 255 0 0 0 0 255
    0 0 255 0 255 0 255 0 255 255 0 250 134 0 255 0 255 0 255 0 125 255
    255 255 255 255 0 0 0 255 102 0 255 0 255 195 255 255 0 255 150 255
    0 255 255 239 0 72 175 0 255 255 0 155 255 115 130 95 200 255 255 0
    0 255 189 0 0 0 255 0 77 176 0 255 255 96 255 0 219 192 158 255 0
    106 0 255 255 138 255 0 255 0 255 255 0 0 255 0 111 116 255 255 255
    0 66 0 153 216 0 255 110 255 0 0 255 0 255 255 255 255 255 255 0 255
    0 255 177 255 193 212 255 0 255 255 255 0 0 255 0 195 0 255 0 0 0
    255 255 255 227 255 103 0 0 255 0 255 0 255 255 0 0 0 0 255 0 0 255
    0 255 0 255 0 255 213 255 47 0 0 255 255 0 191 100 0 0 255 0 155 0
    255 0 187 255 255 0 185 0 255 0 0 0 0 255 0 201 100 0 255 0 195 255
    193 0 255 106 255 204 255 251 135 0 61 144 0 255 0 255 0 0 255 255 0
    178 0 255 148 227 0 0 0 255 0 0 0 154 0 197 0 239 0 255 255 39 255
    255 0 0 192 255 0 255 255 156 0 0 255 0 0 0 255 255 0 0 98 13 255 0
    237 0 187 255 0 255 255 0 255 255 255 255 0 0 255 0 255 0 0 255 0
    219 255 255 255 0 255 128 255 228 0 0 0 0 0 0 255 0 0 0 255 255 98
    255 255 0 44 0 255 0 255 133 255 141 20 95 228 0 255 0 255 255 0 255
    0 255 63 255 255 0 255 0 0 255 255 0 255 255 255 0 255 0 51 255 255
    0 137 255 0 0 0 186 249 67 47 255 0 255 0 184 0 255 0 255 0 59 255 0
    255 0 124 255 0 186 0 255 82 255 255 255 0 0 0 255 0 255 0 255 0 91
    255 255 255 143 0 0 0 255 255 0 255 255 0 255 255 0 255 221 193 0
    255 0 252 0 255 29 0 129 227 255 0 255 255 0 0 255 0 255 0 255 156
    255 99 255 38 0 0 150 255 0 255 255 228 0 255 0 0 255 236 240 255 73
    255 0 201 255 207 0 0 0 255 255 255 255 0 255 255 255 0 0 255 105
    255 0 0 0 255 255 0 255 0 255 119 38 90 255 2 203 255 0 0 0 0 0 255
    255 255 0 255 0 255 0 255 255 122 0 28 110 9 255 0 7 255 0 255 0 0
    166 0 255 255 0 255 0 77 190 255 7 225 0 255 255 231 255 205 0 255
    255 0 0 255 255 0 255 0 255 255 255 0 228 255 244 255 255 0 255 0
    183 255 0 255 0 133 0 255 0 255 47 0 255 0 135 0 162 0 255 0 255 55
    0 255 0 0 0 255 153 255 0 198 0 255 100 0 255 0 255 255 255 0 76 255
    0 255 0 147 0 156 124 0 255 8 131 255 0 255 255 0 0 208 172 255 255
    0 0 0 255 63 0 255 0 255 255 0 0 255 0 255 255 0 255 0 0 0 0 255 225
    0 255 0 255 255 0 255 255 0 138 255 0 255 148 0 255 0 255 0 255 255
    0 255 255 0 255 138 0 255 0 0 255 255 255 0 0 255 0 209 255 0 255 29
    215 255 0 255 222 0 0 220 0 255 0 0 255 0 220 255 0 0 255 0 0 83 0
    255 0 255 255 0 255 0 0 255 0 0 255 0 255 0 0 0 0 255 0 90 0 255 0
    255 0 255 22 255 255 0 255 17 137 0 0 255 108 255 0 0 255 0 156 0
    255 0 0 255 0 255 255 0 0 255 255 0 255 0 255 255 78 80 255 0 255 0
    123 0 0 255 0 0 255 170 0 255 0 255 72 255 0 255 28 179 0 255 0 255
    255 0 255 255 0 0 0 255 0 213 255 0 255 0 0 255 0 255 0 0 255 0 124
    255 180 0 226 0 255 0 0 255 0 255 255 0 255 0 255 225 0 37 255 0 255
    255 255 255 255 0 255 0 255 0 255 255 255 0 255 0 0 255 255 255 163
    0 25 0 255 0 255 0 0 255 124 0 255 0 255 0 0 29 99 0 255 0 0 255 255
    0 100 0 255 0 27 183 0 0 50 0 167 179 0 28 39 208 49 20 149 255 0 42
    0 255 0 255 106 255 0 0 0 255 255 0 255 18 0 255 0 255 255 255 0 168
    255 255 13 0 0 255 0 255 0 120 255 255 0 255 0 255 236 63 255 0 255
    192 255 255 227 255 255 0 0 115 255 255 255 0 37 0 138 0 72 255 255
    0 255 0 255 255 239 0 255 0 255 0 255 0 255 206 0 254 0 0 0 0 0 251
    0 0 50 255 0 255 255 255 0 255 0 255 255 245 0 255 0 255 0 255 0 60
    0 27 77 217 145 255 0 255 0 37 0 255 0 31 255 255 255 0 255 0 172
    255 255 0 255 255 168 0 255 87 255 96 105 255 255 0 255 0 0 0 255
    157 255 0 255 241 255 0 255 255 123 0 255 255 255 0 255 255 0 0 255
    255 0 174 255 255 0 100 86 0 0 255 255 0 0 255 216 0 63 255 163 255
    0 0 101 255 255 0 255 172 0 149 0 0 0 255 255 30 78 0 52 255 0 255
    81 255 0 255 0 255 0 255 0 20 0 255 255 52 255 0 255 0 143 0 0 102
    84 255 0 255 71 255 0 255 0 255 0 255 0 231 255 255 255 255 255 255
    0 255 255 255 0 0 0 221 255 255 255 255 255 159 0 0 255 0 255 255 0
    0 255 0 255 0 255 255 8 0 255 0 255 19 0 0 255 255 0 255 255 98 255
    255 0 0 0 0 0 0 0 0 255 255 213 255 145 0 255 255 255 255 0 0 255 0
    0 255 0 255 0 255 194 255 199 255 0 24 255 230 255 0 255 255 255 72
    255 255 0 39 0 0 255 0 255 0 0 109 25 255 0 255 255 83 98 255 0 18
    255 0 255 34 191 255 224 0 255 0 255 0 255 255 255 0 214 0 55 255
    225 255 0 255 31 255 132 0 255 255 0 115 255 0 255 0 255 196 255 3 0
    255 209 0 255 29 0 62 0 255 0 255 156 255 125 0 0 0 255 67 0 255 0
    255 255 0 255 0 255 105 0 0 255 255 255 0 255 255 13 255 0 255 255 0
    198 255 0 0 255 0 0 224 255 125 0 186 0 255 112 93 255 0 0 255 176
    255 0 255 255 255 0 0 255 0 0 0 255 0 0 0 0 255 0 255 255 0 255 0
    208 255 0 242 69 0 33 255 0 255 255 0 152 0 192 129 0 0 223 0 255 0
    255 254 11 255 56 70 0 255 0 0 0 255 0 255 255 255 0 255 255 255 84
    255 0 255 0 247 234 255 255 175 255 0 247 255 0 0 47 219 0 143 0 0
    112 255 255 0 255 44 0 0 255 0 176 0 0 255 0 255 0 0 255 170 0 133
    255 0 255 0 255 0 255 255 255 255 0 255 10 255 199 0 0 0 216 255 0 0
    255 217 255 0 255 35 124 255 255 0 178 0 255 0 255 237 0 111 255 0
    255 0 255 0 255 0 72 255 37 255 255 255 0 255 0 255 255 0 0 123 0
    255 199 0 0 255 255 255 0 255 0 255 106 0 255 0 255 255 0 255 255 0
    255 0 1 244 97 0 255 0 174 255 0 255 0 255 0 255 224 0 255 0 0 255 0
    195 255 85 0 0 8 3 255 0 0 66 255 255 0 0 12 171 0 255 0 0 255 0 255
    0 255 0 255 0 0 255 0 255 0 0 255 0 255 0 255 240 69 219 0 0 255 255
    0 255 144 67 255 255 255 255 255 0 70 0 0 255 0 255 0 208 0 255 85
    255 255 104 201 255 0 255 0 255 0 255 0 74 0 255 0 0 255 255 0 0 255
    0 0 0 255 255 80 255 0 255 179 21 255 0 74 0 0 0 47 0 34 255 0 255 0
    0 0 0 255 0 255 0 255 255 107 255 255 255 0 255 213 255 0 200 255 0
    255 0 0 255 255 0 0 255 255 7 38 0 255 0 0 230 255 255 0 73 0 255 0
    0 255 0 55 0 60 255 0 94 122 179 0 255 0 77 81 255 93 0 0 200 0 255
    255 255 167 255 0 0 255 0 255 255 188 255 255 0 251 255 0 0 255 127
    0 175 255 255 50 0 111 158 255 255 0 255 0 255 160 255 0 255 255 0
    255 0 0 255 255 0 206 255 255 122 255 0 255 0 0 0 255 255 0 0 255 97
    255 254 255 0 0 255 0 255 0 255 255 0 0 255 0 255 255 0 0 255 0 255
    0 255 0 0 0 255 0 0 0 255 0 255 0 255 0 255 0 255 0 255 182 255 89 0
    255 0 255 0 0 0 255 0 255 81 255 0 255 255 0 255 0 163 255 56 255 0
    0 63 161 255 0 207 255 0 255 0 255 0 82 255 0 0 255 76 198 0 255 0
    255 55 0 255 160 213 255 255 255 255 255 255 0 255 255 255 255 0 74
    0 37 0 18 14 255 255 0 102 75 0 255 0 0 0 226 0 0 255 0 255 0 188
    255 0 0 0 0 0 47 0 0 255 0 255 52 184 0 255 255 186 0 172 0 255 0
    255 0 255 255 255 0 255 255 255 0 255 255 194 255 225 255 255 255 0
    255 255 169 255 0 255 0 255 255 0 203 0 255 0 206 247 255 0 255 0
    255 0 255 0 255 26 0 255 0 255 255 0 0 255 0 255 0 255 0 255 0 176
    255 0 0 255 255 255 0 0 255 0 25 96 133 255 80 0 243 255 0 255 0 255
    0 255 0 0 255 0 0 255 0 255 255 0 254 0 255 255 0 0 255 139 0 255 0
    255 255 0 0 0 222 0 0 0 255 0 0 255 253 213 255 255 63 255 255 0 255
    0 255 255 0 0 9 0 255 0 255 23 255 0 255 0 126 0 255 12 0 0 255 255
    255 255 0 255 0 255 24 147 255 0 0 108 0 255 255 0 255 255 255 255 0
    255 0 228 0 140 235 255 0 0 255 255 255 228 0 0 155 255 31 255 0 0
    109 0 0 255 255 0 53 0 65 0 255 0 0 255 0 255 0 58 255 255 0 66 0 0
    255 0 206 255 0 255 217 255 255 255 0 0 255 0 0 0 13 51 255 255 255
    255 96 0 255 247 0 0 210 0 0 255 0 255 255 0 255 255 0 208 255 0 0
    209 49 0 255 0 246 255 255 255 255 0 255 255 0 255 255 255 255 0 255
    255 255 0 97 255 255 0 1 255 0 0 255 0 255 255 0 109 22 194 255 0 0
    255 255 0 0 255 135 137 0 255 0 255 179 0 255 255 0 144 255 42 0 255
    0 255 0 57 0 255 0 210 0 21 0 194 241 0 255 0 255 248 31 255 0 255 0
    0 255 0 255 255 0 255 0 0 202 255 0 255 255 0 255 0 176 0 255 255 0
    100 255 207 0 255 255 255 0 255 152 255 0 231 73 0 119 255 0 255 104
    255 0 0 255 0 0 0 255 0 255 0 0 0 0 0 255 0 0 0 255 0 255 212 0 75 0
    193 255 255 0 0 255 255 59 0 0 255 0 0 0 255 50 47 255 0 0 87 186
    255 0 0 255 0 255 255 0 0 18 179 0 255 88 255 255 0 80 255 255 0 255
    0 0 255 255 255 0 185 255 0 255 255 0 0 0 255 0 255 255 0 255 0 0
    255 0 0 130 255 255 0 255 134 23 13 0 211 0 0 207 255 163 129 0 255
    0 0 255 255 0 255 14 0 0 75 106 255 0 255 0 255 255 0 0 255 0 139
    255 255 0 255 135 255 0 255 199 0 197 0 104 0 171 202 0 0 255 0 255
    0 230 255 0 255 0 21 255 0 255 0 89 0 255 0 255 0 255 0 251 0 68 255
    0 0 83 255 0 0 224 255 255 0 255 255 255 0 0 255 255 255 92 82 190
    255 6 0 85 131 0 255 0 255 0 0 255 0 255 0 201 207 217 0 0 229 0 255
    20 0 255 202 0 255 0 69 134 167 0 255 0 255 212 255 255 255 235 0 0
    255 255 0 255 0 255 255 110 255 0 255 255 255 255 255 255 255 255 0
    0 255 255 0 0 255 0 0 0 255 255 255 0 255 0 255 255 235 255 0 255 0
    26 255 0 169 0 255 255 0 255 255 255 0 255 0 0 255 255 255 0 0 255 0
    0 0 255 0 0 255 0 0 255 40 255 0 58 255 21 173 0 255 0 0 255 0 0 137
    0 255 0 255 0 255 3 255 0 255 0 0 0 255 0 255 255 255 255 255 0 8 0
    255 0 132 228 0 0 255 0 255 255 0 0 0 0 255 255 255 40 136 255 0 182
    255 0 189 255 0 147 0 0 0 0 255 0 255 255 0 0 0 255 255 205 0 255
    255 16 255 251 177 255 36 223 219 252 255 0 255 0 255 226 0 0 255
    255 0 0 250 0 255 0 255 0 255 0 0 0 255 0 255 255 0 255 255 0 0 255
    0 255 0 0 172 0 255 104 255 0 255 114 0 255 0 255 145 255 0 255 0
    255 0 0 255 0 255 0 241 0 255 0 255 255 0 255 0 255 0 0 255 0 255
    255 182 171 0 255 0 255 240 255 0 0 0 255 0 0 0 255 255 0 0 0 255 0
    255 0 0 255 255 0 0 255 0 255 255 0 0 255 0 0 0 255 255 255 255 0 0
    0 0 0 0 199 255 0 0 0 0 255 255 0 255 0 0 255 0 130 255 46 0 0 255 0
    255 255 0 0 0 28 255 0 255 202 0 255 255 244 255 0 143 0 255 0 255 0
    255 255 255 255 0 84 255 255 0 0 205 255 184 0 0 255 0 163 0 255 0
    255 0 255 0 251 255 0 0 255 255 75 255 255 0 255 255 255 255 255 0
    255 0 0 255 255 217 212 0 0 0 255 0 255 0 0 144 255 0 101 255 0 172
    0 255 196 0 255 0 250 0 60 0 199 0 255 244 255 0 0 255 0 255 0 0 0 0
    255 0 255 0 255 255 0 0 255 255 190 0 255 0 255 62 201 255 0 255 252
    255 255 125 255 0 198 119 0 0 255 178 0 0 255 0 93 255 255 0 255 0
    255 0 237 255 255 255 0 255 0 255 81 131 0 175 0 253 255 0 72 255
    255 255 65 0 229 0 0 0 255 0 255 115 86 0 0 255 93 0 255 0 0 255 0
    199 0 0 106 255 196 0 255 255 0 255 255 0 0 199 255 179 0 255 0 227
    255 255 255 0 255 240 255 0 255 0 88 0 0 0 255 0 255 255 0 255 63
    255 0 255 81 0 0 0 27 0 255 255 0 255 0 0 255 0 255 120 0 255 255 31
    255 0 0 0 255 0 255 0 0 255 0 0 64 255 252 0 190 255 255 42 0 255
    255 255 103 0 0 0 255 0 0 255 255 0 243 218 0 171 255 255 0 255 255
    56 255 0 255 117 233 255 0 255 32 255 255 0 213 0 0 255 255 0 255 0
    0 0 175 255 255 238 255 0 0 98 38 0 0 255 0 0 255 0 75 255 0 255 246
    255 255 54 133 242 255 0 255 0 192 246 255 0 16 0 255 255 255 244
    255 255 0 255 255 0 97 255 0 208 0 255 0 255 0 255 0 255 0 27 255 0
    113 0 0 255 0 255 255 0 0 0 255 255 0 40 255 0 255 0 0 255 0 255 0 0
    0 0 255 97 145 73 0 0 255 255 255 66 0 255 0 192 120 195 0 255 0 255
    0 255 0 255 0 0 255 191 112 255 0 255 0 255 252 0 255 28 255 255 170
    0 255 0 255 0 255 0 179 255 255 218 149 154 0 0 255 0 0 55 0 30 255
    255 123 255 255 0 0 255 188 255 0 255 0 255 0 255 255 0 0 0 255 255
    255 13 129 255 0 0 255 0 255 239 0 76 0 255 255 0 0 255 0 255 255
    255 0 255 0 255 0 255 255 0 255 0 255 255 0 58 0 0 255 255 0 255 0
    90 255 211 255 255 0 130 0 255 94 170 255 0 255 255 0 255 0 0 255 54
    0 255 0 12 255 0 255 0 224 255 0 36 255 255 0 255 0 196 255 255 0 0
    255 0 0 255 0 255 255 255 255 0 255 0 0 255 0 0 71 0 255 255 52 255
    0 0 255 0 73 0 255 0 255 0 53 255 0 183 0 50 0 255 23 0 255 255 0 0
    0 255 0 0 255 152 255 0 255 255 0 255 132 82 0 217 103 0 255 120 0
    255 0 134 0 0 255 0 0 0 255 255 234 0 255 199 255 255 238 220 0 15
    219 255 137 206 0 0 0 255 0 0 0 255 157 0 255 0 51 0 163 219 0 255
    255 255 0 255 255 0 255 255 255 0 0 235 71 0 255 163 255 255 0 255 0
    255 0 255 255 0 0 93 255 119 255 0 0 255 0 255 0 255 0 0 255 255 14
    255 255 174 0 255 0 128 255 0 172 0 0 255 255 38 255 0 255 255 0 255
    0 255 255 0 130 0 193 96 255 0 255 0 0 255 255 255 53 255 48 255 0
    255 255 0 35 255 0 255 0 171 0 255 0 103 255 0 255 0 255 12 255 0 0
    0 255 0 255 255 255 255 0 255 160 0 255 255 255 255 0 255 255 1 0
    255 255 255 0 255 0 255 28 255 0 255 0 0 255 0 255 0 255 235 159 246
    181 144 30 255 133 164 0 255 255 0 255 85 0 165 50 0 255 173 0 0 87
    255 255 255 0 255 0 255 0 0 255 0 0 50 255 0 255 140 255 255 0 37 65
    129 255 173 201 255 0 255 0 255 0 168 0 255 255 0 255 0 0 255 0 255
    206 0 255 255 255 0 0 255 0 255 0 0 255 13 0 11 0 0 0 255 0 56 0 255
    0 255 0 255 0 255 255 0 255 0 0 136 255 0 0 255 85 0 93 182 0 0 0 0
    255 255 0 0 255 189 0 255 202 255 255 0 33 0 255 0 255 0 255 0 255
    86 255 213 0 0 255 0 0 22 255 255 0 0 206 229 0 0 87 26 246 0 255 0
    0 255 0 255 255 255 255 0 255 0 255 255 0 255 0 255 56 0 255 0 0 255
    0 195 98 0 0 0 255 211 0 0 0 255 0 0 255 0 255 0 255 0 255 255 50 0
    0 161 40 0 255 255 0 255 0 128 0 255 203 255 158 0 255 0 255 67 0
    255 0 24 0 163 255 105 67 0 255 0 255 255 0 255 0 255 199 240 255 3
    196 0 255 0 0 255 0 0 0 255 0 255 0 0 255 0 244 0 255 255 0 255 0
    255 255 0 255 225 255 0 255 255 0 183 0 255 0 194 255 0 255 97 0 255
    255 255 115 36 0 191 0 83 0 255 0 255 0 0 140 255 255 0 255 58 0 255
    255 0 0 255 255 0 0 0 255 188 255 0 255 0 0 255 0 0 255 109 0 123
    255 115 255 255 0 238 220 255 0 255 245 65 255 7 118 225 29 255 0
    128 205 0 255 48 255 0 0 0 255 255 255 0 255 255 0 20 102 210 255
    255 0 255 255 0 28 255 255 0 0 255 255 13 255 255 0 61 189 0 160 0
    255 222 0 255 255 131 0 0 120 255 255 241 0 255 0 255 0 255 0 0 255
    83 0 112 54 0 255 42 185 0 255 0 255 0 0 0 0 255 133 0 255 255 0 255
    255 255 0 255 0 255 0 255 89 0 0 255 255 61 0 81 0 255 0 0 0 255 255
    0 0 255 0 255 68 255 0 0 255 0 208 255 0 255 0 255 0 255 0 255 0 0 0
    255 0 0 255 202 0 78 235 255 0 0 255 0 0 0 0 226 0 255 255 255 0 255
    0 255 0 0 255 39 0 255 255 236 0 255 218 0 19 0 255 0 255 0 0 80 5
    255 0 0 255 255 255 0 73 255 0 255 234 255 0 255 255 0 0 0 255 255
    215 255 0 0 142 255 255 0 255 0 255 255 0 0 255 207 0 255 0 0 0 0 71
    255 0 0 139 255 0 255 55 0 255 0 255 0 255 0 84 0 255 0 107 46 255
    235 0 0 24 255 255 0 0 0 255 0 255 197 0 255 0 218 255 0 255 255 0
    255 0 255 99 0 91 243 0 255 0 255 0 0 69 255 0 0 0 255 255 0 5 179
    255 0 255 0 29 255 0 255 151 0 1 243 0 181 255 0 0 255 215 0 255 0
    255 255 0 0 0 255 0 92 255 255 0 255 0 255 227 0 0 255 179 0 255 229
    0 0 0 255 0 0 255 0 0 0 0 255 255 95 0 255 0 0 255 224 94 0 255 0
    255 0 0 255 0 131 0 255 28 255 255 58 255 0 255 255 164 159 0 0 255
    0 255 255 0 255 255 0 130 255 0 255 0 255 0 255 255 215 0 255 144
    106 18 46 129 255 0 0 255 255 0 0 0 0 255 0 255 255 0 0 255 0 0 255
    255 255 0 255 255 18 255 0 255 255 0 255 221 113 255 30 255 0 145
    255 0 246 0 199 0 255 255 255 0 0 182 255 255 0 121 255 255 0 255 0
    0 255 0 255 255 0 255 255 0 0 255 16 255 0 255 0 0 255 187 255 255 0
    0 255 64 255 0 255 0 255 0 255 255 255 0 255 0 255 255 0 255 255 0
    255 0 0 255 0 0 0 255 0 255 0 0 255 16 255 255 0 255 0 255 0 0 255
    255 255 0 255 0 255 0 255 0 166 0 30 255 0 255 0 0 255 255 53 0 255
    14 255 0 0 255 0 0 255 143 255 0 255 255 0 255 28 255 255 0 0 0 255
    78 238 255 0 255 255 243 0 243 0 0 255 0 255 217 255 126 0 0 255 255
    0 255 0 0 0 82 0 255 0 255 0 255 0 0 0 255 0 255 255 255 18 0 114 19
    0 243 101 255 43 0 255 41 0 0 255 0 0 0 255 209 165 255 0 0 255 255
    255 0 255 255 25 255 255 0 255 35 0 115 0 255 0 255 0 255 0 65 255 0
    255 0 255 255 255 14 0 255 255 0 144 255 0 255 34 0 255 0 195 212
    255 255 0 255 109 255 255 255 0 41 255 0 0 255 0 63 255 255 0 255
    255 255 0 0 75 0 0 255 255 0 0 255 255 35 133 80 5 0 255 255 0 0 255
    0 146 192 0 0 0 0 255 0 255 0 0 255 255 255 74 255 0 180 0 255 0 255
    0 129 255 0 0 255 0 0 255 0 255 0 255 255 0 255 255 0 11 255 0 255
    255 174 0 255 0 255 180 0 255 255 255 192 0 255 0 0 0 180 255 221
    255 85 0 255 0 0 255 0 0 0 255 0 255 0 255 255 0 0 255 0 255 0 255
    255 255 0 255 0 255 0 97 136 0 0 0 255 255 255 255 0 255 0 255 0 0
    255 255 255 0 255 255 255 0 0 255 255 0 255 255 0 255 0 0 255 255
    116 255 255 0 0 0 210 0 255 255 44 255 255 255 0 255 168 255 255 255
    255 0 255 184 255 0 0 255 39 0 0 255 0 70 0 0 0 0 255 0 255 0 255
    219 0 255 190 197 0 255 0 255 0 255 0 255 0 255 255 188 0 0 255 0
    255 0 0 28 255 255 0 0 0 255 255 34 255 255 0 255 0 255 0 255 0 255
    0 255 0 216 0 255 0 240 255 182 255 84 187 255 0 255 255 10 0 153 0
    0 0 255 39 255 0 255 110 0 223 0 255 197 255 27 0 255 0 0 255 0 0
    255 0 255 255 0 211 0 255 255 0 0 0 255 0 255 255 0 127 0 143 255 0
    193 0 0 255 255 255 162 0 255 0 255 255 0 0 252 0 255 0 255 0 0 33
    255 255 255 255 0 255 0 0 0 255 255 0 255 255 255 0 230 216 255 0
    255 80 255 255 0 38 0 255 0 255 0 255 216 0 255 171 0 255 0 255 25
    215 255 0 0 56 0 0 0 255 255 0 109 0 246 0 255 255 16 255 0 0 255
    255 255 0 255 0 255 0 18 0 0 0 0 255 0 103 255 0 0 0 196 0 0 167 0
    255 0 0 255 44 0 255 0 0 0 0 0 255 0 0 0 0 255 0 255 0 255 0 255 255
    255 134 255 255 0 255 255 255 85 39 197 126 0 255 28 255 0 105 197 0
    0 100 0 0 255 0 0 255 0 0 0 255 255 93 0 255 255 0 47 255 0 0 255
    255 255 239 187 0 99 255 0 158 255 255 0 255 0 0 0 0 255 255 0 255
    255 0 0 16 0 255 0 18 255 156 0 255 199 0 255 0 172 171 0 255 0 255
    0 255 0 255 157 0 0 255 255 0 0 0 255 255 0 255 0 255 82 255 0 255 0
    255 0 255 0 0 255 0 255 255 255 0 255 255 0 255 0 255 0 255 164 255
    0 255 0 86 0 255 0 255 255 255 0 255 0 255 0 255 0 255 28 0 255 255
    132 255 0 0 255 0 255 255 38 0 255 157 0 255 0 255 0 78 255 188 255
    0 255 255 122 0 255 0 255 0 0 255 200 171 0 0 162 255 255 0 255 4 0
    0 255 0 255 0 48 255 255 0 0 255 0 255 0 255 0 0 255 0 15 255 255 0
    255 0 175 255 203 255 92 104 0 255 255 204 135 0 255 0 255 0 255 0
    255 255 0 255 129 181 99 255 85 255 0 255 0 255 0 255 190 0 0 255 0
    255 255 255 0 255 0 255 255 0 255 0 0 255 255 0 255 255 0 255 0 255
    0 255 255 255 255 255 255 171 0 255 255 255 0 255 0 2 255 0 0 255
    253 181 255 30 0 0 255 0 255 255 0 255 255 255 15 255 255 0 0 0 232
    244 93 255 255 0 255 0 0 0 255 0 0 152 0 255 255 0 255 0 0 0 255 0
    255 255 0 182 0 135 255 255 0 255 0 255 255 129 135 0 230 255 255 12
    0 36 255 0 0 255 132 0 117 0 199 255 255 0 0 255 255 255 255 0 63
    255 0 0 255 255 255 0 255 0 255 0 2 255 236 130 0 103 255 0 28 255 0
    0 61 255 0 255 0 255 0 48 0 0 73 255 255 0 255 255 170 0 165 0 0 255
    0 252 0 0 0 255 255 255 19 2 0 216 0 255 0 255 75 255 0 129 0 122
    255 0 255 255 255 0 0 84 0 0 0 254 0 255 255 255 255 255 92 0 0 203
    255 255 0 0 255 0 0 255 0 50 0 255 255 255 12 142 0 255 0 255 0 255
    0 255 255 112 0 0 0 0 255 255 0 255 0 0 255 255 255 0 41 255 0 0 210
    252 255 0 25 0 255 181 87 80 255 0 106 0 255 0 221 179 0 255 255 0
    26 107 255 255 253 0 160 255 0 255 175 35 0 255 255 81 0 116 0 255
    88 255 0 0 0 0 163 0 255 255 27 255 255 0 255 255 255 0 0 0 197 0 0
    255 57 255 0 0 255 41 0 0 255 0 255 169 255 107 255 255 0 255 255
    255 0 255 0 146 0 0 255 0 0 0 0 255 0 0 255 136 255 0 255 0 255 0
    255 0 255 0 0 255 0 0 255 0 255 195 20 0 255 0 248 255 36 0 255 255
    0 218 255 0 255 0 255 0 255 0 255 255 0 255 0 255 0 255 0 255 255
    255 70 255 0 104 255 0 0 255 0 118 0 255 0 255 255 0 155 0 255 0 255
    255 0 0 53 255 178 255 255 0 0 30 0 0 255 23 53 255 0 255 0 0 102 0
    0 0 255 207 255 0 255 0 255 0 255 66 158 255 0 0 0 0 0 0 0 255 207 0
    255 0 0 255 0 255 255 255 0 255 187 255 255 0 255 255 0 255 255 255
    255 255 255 0 0 255 0 255 255 0 0 0 255 0 255 255 111 255 255 255
    255 121 122 255 255 0 106 0 0 255 0 0 0 255 255 29 0 255 255 17 161
    255 0 255 0 0 255 255 0 89 255 255 0 0 148 255 255 0 255 0 0 255 0
    255 0 255 255 0 255 255 0 202 255 0 255 204 255 255 255 0 255 0 0
    255 255 0 255 255 0 255 201 0 0 0 255 255 0 0 156 0 255 255 2 0 255
    191 255 255 0 255 255 71 255 255 0 255 255 219 0 196 255 0 47 0 188
    255 0 0 255 255 255 244 0 182 255 0 255 253 0 0 255 255 0 234 255 0
    255 0 255 255 0 246 0 0 0 255 0 255 0 0 255 0 255 255 0 0 255 0 0
    175 188 0 34 0 255 0 255 0 76 160 0 0 208 0 255 255 233 0 0 0 255 0
    255 0 0 0 255 251 226 255 255 68 0 171 0 230 96 0 255 255 0 255 255
    255 0 255 255 0 255 0 0 255 255 0 255 255 255 0 40 255 255 255 255 0
    0 0 252 255 255 0 255 62 0 0 255 34 255 0 0 255 0 0 0 255 0 255 142
    0 0 0 255 0 255 229 185 255 0 255 0 255 255 0 255 0 255 2 0 148 178
    0 81 29 255 255 255 0 255 90 255 0 255 0 255 255 0 52 0 0 255 0 0 0
    255 0 255 0 0 255 124 255 255 31 198 0 0 255 255 178 0 255 0 255 0 0
    0 255 0 255 0 202 0 255 0 0 0 255 58 255 158 255 0 0 0 255 0 255 255
    0 255 0 0 0 255 255 0 255 255 0 0 255 255 0 255 0 0 255 0 0 0 0 0
    255 0 255 0 0 255 0 0 255 0 255 255 0 0 79 0 0 255 255 69 234 0 37
    255 255 0 0 255 0 255 245 0 255 0 61 255 36 255 255 0 255 255 255
    199 255 0 255 0 255 89 0 255 0 255 0 194 255 0 255 255 255 0 0 255 0
    255 65 0 255 255 0 255 255 118 255 0 46 255 255 213 255 0 0 40 255
    255 57 0 255 0 255 0 255 255 255 0 255 0 0 255 255 20 71 0 0 37 255
    0 0 0 0 156 255 255 255 0 0 0 255 0 95 255 0 0 255 0 0 255 149 255 0
    0 255 255 0 255 255 0 255 255 0 0 255 0 215 0 255 0 255 0 0 255 167
    255 224 0 255 68 255 0 0 255 255 255 0 243 0 0 0 255 255 0 255 255 0
    0 255 0 255 0 43 0 255 255 255 0 217 0 0 0 0 255 0 36 255 0 0 255
    105 255 0 0 155 255 30 255 0 103 255 0 0 255 255 0 255 255 255 0 255
    0 251 0 255 0 0 255 255 255 156 255 0 87 0 255 255 0 255 0 185 255 0
    255 0 0 0 188 255 240 255 90 75 85 255 255 0 255 143 96 30 255 239 0
    255 88 255 255 0 255 0 255 235 91 255 0 0 255 255 255 0 255 12 66
    255 202 104 255 0 0 255 0 0 0 161 244 0 187 255 255 0 0 255 29 0 255
    192 174 0 255 0 255 0 0 255 0 255 0 0 121 7 0 255 0 0 255 0 92 0 255
    255 0 0 255 0 88 255 27 0 255 255 46 0 255 255 10 255 0 255 0 92 196
    255 255 0 255 0 0 255 0 191 0 255 255 0 0 255 255 0 0 255 0 0 255
    255 0 255 0 255 54 255 0 255 0 255 0 0 150 0 255 0 255 0 31 154 0
    255 0 0 255 0 255 255 255 0 0 255 249 49 255 0 237 0 255 255 255 255
    0 255 46 27 251 207 255 184 255 0 0 0 255 131 0 255 0 255 195 255 0
    230 0 56 0 0 18 255 0 255 136 255 0 172 255 0 42 0 0 0 0 255 255 255
    28 0 37 37 147 0 255 0 0 0 255 0 0 130 0 255 0 25 0 255 140 255 255
    0 0 255 0 223 255 248 0 255 255 255 132 255 255 255 255 255 30 255
    255 0 255 0 0 255 43 255 184 133 0 255 255 0 159 255 0 255 0 48 0
    255 0 0 255 0 255 0 0 255 0 84 255 0 255 0 255 190 160 0 0 255 255 0
    255 255 255 255 0 255 0 0 0 255 255 0 255 0 118 255 255 255 0 255 41
    27 0 255 121 92 255 255 255 0 0 255 112 189 0 0 255 255 255 0 35 255
    0 255 0 105 255 0 199 95 255 255 100 79 0 0 255 0 255 255 255 0 255
    255 255 0 0 255 0 107 0 241 255 193 255 61 0 255 255 0 0 0 255 0 255
    0 0 255 0 255 174 255 54 255 0 0 255 0 255 255 0 255 255 1 0 255 0
    255 0 0 255 0 0 0 255 0 255 0 0 255 255 255 78 0 0 0 255 0 255 0 29
    255 0 255 0 255 255 0 255 0 0 255 233 138 0 255 96 209 0 255 54 248
    255 190 0 0 255 0 255 6 255 255 255 250 255 229 255 0 154 0 130 255
    0 255 233 0 0 255 0 0 255 0 255 160 154 26 255 134 118 255 255 0 136
    255 0 0 0 0 0 255 203 0 255 0 0 0 255 255 0 255 255 0 165 255 255
    153 255 0 0 255 0 0 255 0 255 255 255 0 255 148 255 255 0 255 90 174
    0 255 0 255 0 0 127 255 255 0 0 255 255 0 255 255 190 255 255 49 0 0
    0 30 255 0 255 0 0 0 0 255 0 255 34 0 147 0 105 89 240 255 0 255 0 0
    98 255 0 255 0 212 255 0 255 0 255 255 0 76 0 255 0 255 0 0 0 255 44
    0 0 0 255 106 35 255 255 0 0 255 255 0 255 0 0 255 255 125 255 0 255
    255 0 255 255 0 0 0 0 46 255 255 0 255 255 255 234 0 255 0 255 255
    255 0 255 0 255 0 0 0 255 219 0 0 255 255 0 0 0 255 0 243 255 37 255
    0 193 128 0 131 255 255 0 43 255 0 255 0 255 0 255 0 0 255 171 0 49
    0 177 0 0 255 0 143 0 255 0 0 255 220 0 123 0 178 0 163 255 0 0 255
    255 0 0 243 81 255 26 255 0 0 252 255 255 234 0 0 165 0 255 0 54 255
    0 0 255 255 249 0 0 0 103 0 255 0 47 0 2 247 255 255 0 0 85 255 0 79
    168 0 255 154 0 255 97 221 255 255 0 0 0 0 255 3 0 180 34 0 255 255
    0 255 255 210 255 111 255 255 0 0 0 0 69 255 255 255 0 60 255 0 255
    255 0 255 0 0 170 255 255 0 255 0 0 255 0 60 0 255 0 255 0 255 255 0
    255 255 255 0 255 2 0 4 255 0 0 0 255 0 255 255 0 255 0 46 255 204
    255 255 0 255 0 145 0 0 123 0 0 255 0 255 255 0 173 0 0 0 189 255 0
    255 0 255 255 0 255 0 161 255 255 0 255 0 0 216 255 142 255 255 255
    255 255 53 0 0 87 255 255 0 0 82 0 0 149 255 0 120 255 0 0 0 255 109
    112 0 255 251 255 0 99 0 255 0 255 255 0 255 255 255 0 255 255 107
    255 0 0 44 255 21 255 255 255 255 0 255 255 255 255 255 0 199 0 231
    255 49 0 255 0 22 159 146 255 255 0 255 218 0 79 233 0 0 255 255 255
    135 255 150 255 255 0 156 0 167 255 0 255 0 0 255 255 255 134 255
    255 0 152 0 0 255 152 57 0 0 0 255 121 255 255 10 255 255 0 255 241
    238 0 255 0 255 0 255 0 0 9 0 255 255 29 255 0 0 232 255 0 255 255 0
    255 0 0 10 0 21 0 0 255 255 0 0 6 255 0 255 0 255 255 255 0 0 255 0
    255 0 255 255 0 255 0 255 118 176 103 255 255 0 108 0 255 0 72 0 0
    255 0 220 0 255 177 0 85 247 0 0 255 158 255 0 251 255 0 255 60 0
    115 0 92 255 0 0 0 14 246 255 0 255 213 255 0 0 255 0 41 255 255 121
    0 255 255 0 255 255 255 193 255 0 255 134 0 0 255 253 255 88 0 255
    195 75 0 255 0 255 255 0 255 232 0 255 194 17 255 25 255 0 0 255 0
    255 218 255 120 255 255 0 0 117 0 141 255 255 0 77 255 0 0 0 0 0 237
    243 0 255 0 255 242 0 255 201 0 0 255 156 216 221 255 105 0 171 0 0
    0 255 255 129 0 113 0 0 255 255 255 0 60 255 77 255 0 255 0 0 0 255
    255 0 128 0 255 0 0 255 53 255 0 255 255 0 0 185 244 0 255 255 255
    194 255 255 0 255 151 255 255 255 255 0 225 0 0 13 0 46 255 0 255 0
    255 255 0 0 242 104 255 0 39 0 255 75 255 255 0 255 0 0 33 0 255 0
    255 255 255 18 255 0 255 0 255 255 255 0 255 0 255 0 255 0 255 255 0
    255 0 255 255 0 255 194 255 255 137 0 0 0 0 255 255 0 255 255 0 255
    0 223 255 0 255 0 255 0 0 179 0 255 255 0 150 0 252 0 0 0 0 53 0 166
    255 255 24 255 255 255 0 0 255 0 255 0 0 255 33 0 255 255 0 116 255
    0 0 255 102 255 0 255 0 255 0 255 255 255 0 0 255 255 0 0 0 72 255
    255 0 43 0 255 0 0 0 255 0 255 0 41 0 255 172 255 255 0 0 96 251 255
    0 185 255 255 0 0 0 0 255 0 255 255 255 0 255 0 0 0 255 230 255 0
    216 255 255 0 255 255 176 0 0 255 201 0 255 0 255 255 255 0 0 103
    255 255 254 255 0 255 0 0 255 113 0 255 255 0 255 25 236 0 255 0 255
    255 0 25 236 212 255 0 255 0 0 255 239 141 0 0 0 255 0 255 0 233 0
    255 122 0 0 0 255 238 0 98 0 255 172 0 255 0 255 0 0 255 255 0 255 0
    255 255 255 28 0 255 0 0 239 85 255 255 0 255 203 255 89 0 0 255 204
    255 0 178 0 255 102 255 255 0 0 173 0 141 255 103 255 0 255 7 186 0
    255 255 0 0 0 255 255 0 255 255 255 255 0 0 255 0 255 255 0 0 255
    255 255 0 255 241 0 255 0 255 255 0 255 173 0 255 149 0 255 255 188
    0 255 255 0 158 36 255 255 0 255 0 255 0 255 0 0 0 255 139 0 0 255
    33 0 88 255 255 255 0 255 0 0 255 0 255 0 0 255 0 0 255 0 255 255 0
    255 0 0 255 255 142 0 0 255 0 0 0 0 157 0 255 58 255 0 255 0 255 0 0
    255 0 213 255 0 0 255 255 0 0 0 255 191 255 0 255 255 0 0 0 255 0 0
    95 255 255 255 255 0 79 0 255 0 0 255 255 236 38 0 255 255 0 194 0 0
    255 255 0 0 255 0 208 255 0 0 255 10 255 255 255 0 182 255 0 255 0 0
    255 255 255 0 255 0 255 255 1 0 0 255 0 255 0 255 0 255 26 0 0 255
    255 0 255 110 255 0 255 255 0 0 0 239 176 0 255 0 0 88 255 255 0 255
    255 252 181 0 0 0 214 0 0 0 255 255 0 16 27 255 0 255 0 0 0 255 0
    255 255 255 255 0 209 255 255 216 0 216 255 255 0 255 255 0 255 135
    255 0 33 54 0 215 0 0 255 0 0 255 177 0 0 255 255 251 0 255 201 0 16
    255 0 88 0 0 255 0 0 218 0 0 255 255 255 255 255 255 0 255 255 0 255
    0 0 136 0 52 255 88 255 0 68 0 255 255 0 255 0 223 171 0 255 156 79
    255 0 255 255 0 255 255 0 255 101 0 236 0 255 255 69 16 0 226 255 0
    202 255 210 0 0 255 75 0 255 162 255 255 255 0 0 214 248 0 0 255 2 0
    0 0 255 255 255 0 255 255 0 0 255 255 85 0 1 0 255 0 0 255 0 0 255 0
    0 255 198 0 31 220 0 255 0 0 235 255 255 14 0 0 0 0 255 0 33 0 255 9
    255 0 255 0 255 255 0 64 43 0 0 255 172 0 255 0 0 0 0 139 255 0 255
    0 0 255 0 255 255 0 255 0 255 255 0 214 0 214 255 255 92 0 255 0 255
    255 0 255 171 0 255 0 0 0 255 0 255 0 255 0 0 255 0 0 0 0 255 255
    222 255 0 0 255 0 255 255 0 63 0 255 255 0 85 255 0 159 0 255 0 112
    0 0 0 255 0 0 0 255 255 255 0 108 255 230 191 255 255 0 118 255 0
    255 0 0 255 255 0 0 7 255 68 255 0 255 255 0 182 155 199 255 255 255
    250 0 250 0 255 141 171 0 0 255 0 0 255 0 255 255 0 255 255 255 255
    0 136 0 255 0 255 0 0 255 0 0 255 255 255 0 0 255 0 0 0 210 0 0 255
    255 255 0 137 0 255 0 255 255 255 0 255 236 28 255 0 255 0 255 0 0 0
    0 255 12 39 255 221 0 255 75 255 0 255 0 241 255 0 0 161 0 255 255 0
    194 255 0 153 0 215 255 255 210 255 0 255 0 255 0 250 0 255 0 255
    255 255 242 255 0 255 255 255 255 13 10 154 255 0 55 0 255 0 181 0
    182 255 215 255 101 255 0 78 0 255 142 0 255 255 0 198 0 0 255 255 0
    0 255 255 0 0 255 0 0 7 0 255 255 0 138 0 0 255 255 0 185 5 0 255 0
    213 181 170 0 0 255 0 255 0 255 246 255 17 255 255 255 0 0 0 113 255
    91 0 0 195 255 80 255 0 0 0 255 255 0 0 255 0 207 192 157 255 0 255
    0 255 255 198 255 0 0 255 255 0 255 74 255 0 5 0 255 0 0 193 0 149
    115 255 17 255 0 0 255 0 227 0 43 0 255 255 0 250 13 248 255 0 255 0
    255 0 0 153 0 255 255 0 255 0 0 255 255 0 96 255 0 255 0 255 255 255
    255 255 0 225 255 255 0 60 255 106 79 0 255 255 0 255 0 255 0 105
    255 0 255 0 255 0 255 0 255 0 0 255 16 45 255 0 255 255 255 87 125
    255 0 255 0 190 255 0 18 0 255 0 196 43 0 0 255 255 255 0 209 105 39
    255 0 255 100 255 0 0 255 18 148 255 0 255 79 255 0 255 255 0 255 0
    255 0 255 0 0 255 223 0 255 255 191 255 0 255 0 0 255 65 0 0 0 255 0
    0 0 255 0 77 189 255 0 0 255 121 0 116 0 255 253 255 145 0 0 238 0
    255 255 0 255 0 255 0 22 255 0 255 0 255 255 255 0 255 255 193 0 255
    255 255 0 152 255 255 0 0 255 0 12 0 255 0 255 0 0 0 255 255 255 0 0
    255 0 255 142 0 0 255 20 255 0 255 0 0 255 61 71 255 255 110 0 255 0
    153 196 0 0 0 0 0 0 255 0 255 0 255 97 0 242 0 166 86 127 0 255 108
    0 255 255 0 255 255 196 255 57 0 219 0 255 0 255 255 255 80 255 255
    0 255 188 0 255 255 0 255 255 222 255 0 255 0 0 0 37 0 0 0 255 251 0
    0 255 255 69 255 29 255 0 0 255 0 238 81 255 0 0 0 0 0 0 255 0 255 0
    83 255 0 255 0 46 255 255 0 255 255 169 118 0 0 255 255 0 255 0 184
    255 4 255 255 0 255 0 255 0 255 255 255 0 255 132 0 255 255 172 255
    0 0 255 255 40 0 0 255 255 0 255 199 255 0 255 0 255 26 147 0 255
    255 0 255 255 0 0 255 255 0 255 163 0 255 255 41 0 89 0 197 255 255
    0 255 255 255 0 255 255 163 0 0 255 0 255 255 255 0 255 226 80 255 0
    0 255 255 0 255 255 0 255 0 93 255 78 255 130 0 115 0 61 255 255 0 0
    255 255 255 0 220 92 0 0 255 0 255 255 59 0 0 0 255 255 255 76 166
    255 113 255 0 255 0 255 0 255 0 0 0 122 255 0 175 0 0 255 0 100 255
    166 217 0 116 233 152 255 0 255 0 213 255 255 255 0 255 72 67 255
    193 255 0 213 255 0 0 255 0 255 255 184 0 178 255 0 0 255 255 255 0
    255 0 60 255 0 48 255 255 178 244 0 255 0 255 255 0 255 255 255 0 0
    0 255 0 255 0 0 255 132 103 0 255 255 255 255 255 0 255 3 255 255
    129 202 255 0 0 255 0 255 0 175 255 255 0 255 0 255 113 0 255 0 255
    255 80 153 0 255 255 0 255 0 0 255 255 0 143 0 255 210 0 255 0 0 255
    46 0 255 0 255 0 255 113 0 255 0 255 255 0 245 0 255 92 0 255 0 0
    255 184 255 21 255 17 0 255 255 0 255 255 0 196 255 0 255 0 255 0
    255 255 0 76 255 0 255 35 164 0 78 59 255 49 0 255 117 255 255 0 255
    0 255 0 255 255 110 0 255 255 0 255 255 76 0 255 255 0 255 255 255 0
    110 0 255 0 255 0 0 0 255 255 0 255 255 255 0 44 0 255 130 59 0 172
    0 0 229 255 255 0 249 255 255 255 0 0 161 255 255 0 0 0 255 255 255
    255 0 237 0 0 0 0 255 7 255 220 0 255 255 255 206 5 0 0 255 255 0
    255 255 0 255 255 0 255 255 0 0 255 0 41 255 181 255 0 255 0 0 255 0
    0 72 0 255 0 255 60 0 0 0 255 167 0 255 255 0 0 10 0 255 0 0 174 244
    0 255 73 255 255 0 0 255 146 0 255 0 179 112 0 255 0 0 255 255 90
    255 0 255 11 0 255 255 0 0 255 255 0 255 255 255 0 255 0 255 0 255
    44 0 120 0 255 255 255 255 24 255 255 255 0 255 179 255 0 201 255
    255 0 243 0 66 0 0 255 76 45 245 0 80 255 255 255 0 0 255 0 255 0
    255 0 0 53 245 0 0 255 255 0 255 255 0 255 0 255 39 0 117 255 0 67
    255 0 255 255 0 255 0 255 0 130 0 255 0 255 9 0 255 134 65 255 0 73
    255 132 65 0 0 89 255 255 135 0 255 0 196 255 0 0 0 255 255 192 0 0
    0 94 255 255 255 0 111 255 154 113 255 0 218 0 251 130 226 227 255
    105 0 0 0 0 203 0 0 0 0 206 188 0 119 0 255 0 141 186 148 0 255 0 0
    255 255 255 0 229 255 0 0 0 129 65 48 0 255 0 255 0 255 219 0 139
    255 0 47 0 255 255 255 252 64 0 99 28 255 81 0 255 0 31 255 255 255
    162 0 255 255 0 255 255 176 19 0 255 0 255 0 255 241 232 0 0 255 0
    62 0 255 0 0 0 255 255 0 255 44 255 255 0 234 255 23 255 255 0 255
    117 255 255 0 255 54 0 80 0 0 255 0 255 0 0 255 0 2 127 0 255 99 255
    255 255 255 0 255 0 0 148 0 99 0 113 251 255 0 255 0 255 0 0 255 0
    255 255 255 0 255 0 255 145 0 0 255 156 218 255 0 0 255 0 0 255 255
    186 0 255 0 60 0 255 174 255 53 255 0 0 0 255 255 44 0 220 96 63 0
    255 0 255 215 255 255 255 0 255 0 21 255 0 0 255 0 255 255 255 0 255
    255 232 0 255 255 0 255 0 255 255 48 236 255 116 255 0 255 0 255 174
    62 0 0 0 255 255 0 0 255 0 0 255 0 89 226 255 0 255 0 255 255 255
    255 255 255 75 0 255 0 60 255 0 0 0 255 0 255 0 255 0 255 255 255
    135 52 0 255 255 0 255 0 255 37 255 0 255 0 255 255 255 0 255 255 0
    255 0 0 255 0 255 0 255 0 255 0 255 0 0 255 52 0 173 255 255 0 255
    255 0 0 255 255 0 66 197 255 202 0 0 255 127 255 0 0 108 255 109 0
    255 0 0 0 0 255 0 255 0 0 0 255 255 0 255 0 255 255 255 0 110 0 0
    255 0 175 255 0 255 247 154 0 255 0 0 0 255 255 0 255 138 0 255 0 0
    160 255 0 0 62 0 255 0 255 255 0 0 249 255 0 255 255 255 5 255 0 255
    0 0 0 255 255 0 0 255 0 111 0 0 0 255 0 255 255 0 255 0 255 0 255 72
    0 0 0 0 255 0 255 255 75 0 224 0 255 255 255 0 255 0 255 0 17 255 0
    255 16 0 255 255 0 255 0 0 255 0 255 0 255 161 0 255 0 255 255 200
    115 0 0 0 255 0 255 255 255 202 236 100 175 255 0 255 0 255 0 255
    202 255 0 140 0 123 156 255 255 0 0 255 255 152 0 255 131 0 0 255 0
    0 255 146 0 255 255 255 0 255 0 0 148 0 0 0 192 255 0 255 255 0 0
    255 0 255 0 0 0 255 0 196 0 255 144 46 0 30 0 255 255 0 255 134 0
    255 0 127 0 255 0 255 183 0 255 111 0 0 255 255 186 10 255 0 0 255
    175 255 0 255 255 111 0 91 126 255 255 45 0 255 0 255 16 59 255 0
    255 0 0 0 255 0 108 0 0 0 0 54 0 0 255 0 255 255 255 0 158 255 0 165
    248 228 0 0 102 0 255 0 0 255 0 255 0 255 255 0 255 172 255 255 255
    0 0 255 0 255 255 0 255 102 0 0 214 255 255 25 255 0 255 235 255 0 0
    255 55 255 0 175 102 214 255 255 0 255 0 255 0 255 0 235 0 112 98
    255 0 255 0 255 0 0 0 0 0 255 0 0 0 0 255 0 0 255 0 255 255 0 255 0
    126 0 255 255 0 255 0 0 255 0 255 0 255 0 255 0 0 30 0 255 0 255 0
    255 0 0 0 0 0 255 156 255 117 0 255 0 255 0 255 0 255 0 255 255 214
    0 255 0 0 0 255 0 207 0 255 0 255 0 255 0 255 0 255 255 255 0 0 0
    255 188 255 0 255 255 0 0 0 0 255 255 255 255 0 255 190 255 0 0 255
    0 255 0 255 255 255 255 0 0 0 159 0 0 255 0 0 255 255 0 255 0 0 0 0
    255 255 0 255 0 255 255 255 224 15 0 0 255 255 0 0 255 47 31 61 255
    0 255 236 0 255 255 255 135 0 0 0 196 0 206 39 37 255 0 255 20 255
    214 255 255 255 0 0 255 0 0 255 0 255 255 0 255 7 255 0 255 255 0
    255 255 169 255 215 0 255 255 0 255 255 0 255 255 255 0 255 5 255 0
    0 0 255 255 255 0 255 0 255 0 0 255 0 255 255 126 246 0 255 116 242
    0 255 0 255 255 0 255 0 255 255 0 255 255 112 255 0 150 0 0 0 255 35
    255 0 158 255 255 255 255 0 255 255 0 255 0 11 255 0 255 255 255 0
    255 0 0 255 0 255 255 0 169 255 0 0 0 0 255 0 10 255 217 221 85 0
    255 103 0 255 255 0 246 0 255 0 255 0 255 246 0 0 255 255 0 255 203
    255 149 255 151 0 255 0 255 0 62 255 0 0 255 0 255 0 173 0 255 255 0
    0 214 255 0 152 0 0 255 203 255 0 0 0 0 0 255 0 216 0 255 177 0 48 0
    0 0 255 0 255 255 255 0 255 255 120 32 255 0 95 0 0 255 0 255 49 0
    255 0 255 255 0 0 0 255 0 0 255 0 255 0 255 0 255 255 0 255 0 255
    255 236 0 0 255 0 0 255 255 255 255 0 255 255 0 245 255 84 0 157 0 0
    255 208 185 255 0 255 0 255 0 0 207 255 0 255 0 246 229 235 0 65 0
    255 0 0 255 49 255 0 160 0 255 0 255 255 0 255 88 255 255 0 0 0 69
    255 255 56 255 255 255 166 113 0 0 54 255 64 255 255 154 192 0 255 0
    56 255 0 255 0 255 255 147 0 0 66 255 0 255 0 255 58 0 255 0 34 0
    255 0 255 205 0 255 0 255 217 255 158 255 5 0 0 0 0 255 255 57 255 0
    142 255 0 0 255 0 255 255 0 255 255 182 255 88 0 255 0 232 0 0 255
    209 50 0 0 174 0 255 0 255 255 255 0 255 255 255 0 0 255 255 0 0 255
    0 255 0 145 0 39 255 255 255 237 255 255 55 0 0 255 0 181 0 255 255
    0 0 255 255 41 242 255 46 64 255 255 0 8 255 0 0 255 0 255 159 0 0 0
    0 22 0 255 0 255 0 207 159 0 2 255 255 0 8 142 255 0 255 0 0 175 14
    255 255 0 255 137 117 244 255 0 83 0 255 0 0 140 0 255 0 255 255 255
    47 255 82 0 0 255 0 255 4 0 122 0 255 255 100 211 249 255 255 0 15
    245 255 0 120 128 255 82 0 0 0 10 255 255 0 0 0 2 110 0 255 255 0
    255 255 255 255 255 255 10 0 0 255 0 255 255 0 255 0 0 0 255 224 0 0
    0 255 0 255 0 0 255 11 255 105 255 0 255 255 231 0 120 255 0 0 255
    255 0 253 255 233 36 255 83 255 30 0 255 0 0 255 0 255 0 255 0 255
    255 0 0 0 124 0 102 185 186 112 255 0 255 0 255 255 0 0 255 0 0 255
    255 255 15 0 255 0 0 0 0 0 255 0 181 26 0 255 0 0 255 61 255 255 255
    255 255 0 0 255 255 40 0 0 0 0 255 40 239 0 255 0 255 0 47 0 255 0
    255 255 0 255 0 255 255 110 255 0 255 0 0 255 0 209 252 31 0 255 0
    65 0 0 255 255 0 183 17 255 255 255 182 0 255 255 16 125 255 0 0 0
    255 0 255 0 0 255 0 0 255 0 0 255 0 0 255 109 0 15 255 0 255 0 255 0
    0 0 255 0 255 0 158 242 140 255 0 235 85 255 212 255 0 255 91 255 0
    255 0 255 16 0 210 10 0 0 255 119 0 0 255 115 255 0 255 99 66 255 0
    255 255 255 0 0 0 0 164 255 180 0 255 0 255 255 219 255 0 255 173
    196 198 255 0 255 0 255 215 255 255 255 0 255 0 255 174 255 255 0 0
    255 255 0 0 0 255 255 0 255 0 0 255 255 255 0 255 182 255 0 4 255 0
    62 0 0 255 0 255 255 255 0 255 124 255 0 255 0 255 0 84 0 255 40 255
    0 255 255 0 0 0 255 103 255 79 255 73 127 0 211 0 255 0 196 255 73 0
    255 119 205 0 0 4 255 255 0 255 14 255 0 255 251 0 0 0 255 255 0 255
    0 0 0 255 255 255 14 0 255 0 0 255 0 255 208 255 0 115 255 0 161 0
    50 88 255 188 86 0 0 0 255 27 0 255 255 0 255 216 0 255 0 255 255 0
    29 255 255 99 0 0 0 255 0 255 0 156 0 255 0 0 255 0 0 0 255 255 255
    0 255 0 255 0 255 255 0 0 255 88 255 155 0 0 255 0 0 255 0 19 255 0
    255 0 255 1 255 255 255 47 255 0 0 84 0 59 0 255 255 255 0 0 255 0
    255 255 255 0 88 255 255 255 255 0 255 0 77 0 61 255 0 0 225 255 255
    0 232 180 175 255 255 255 0 0 255 0 255 0 255 0 255 0 255 104 0 255
    0 163 0 255 118 0 0 188 99 0 0 255 255 52 251 90 255 177 255 115 255
    0 154 0 255 0 255 255 32 255 206 0 255 0 255 0 255 0 255 0 35 0 112
    255 0 0 0 0 255 198 0 255 51 199 0 0 255 255 185 0 192 0 255 0 255 0
    0 0 255 255 66 28 0 0 255 0 0 255 0 255 0 17 66 255 187 255 0 0 255
    0 255 0 21 0 255 255 255 0 0 0 243 0 85 255 255 255 0 116 0 255 0
    255 0 234 0 0 255 47 255 0 255 0 255 0 255 0 255 40 255 67 255 0 255
    0 152 0 0 0 255 255 0 255 0 255 0 255 0 255 0 255 114 0 255 0 255 0
    255 87 0 255 0 172 255 255 0 255 0 255 0 255 149 0 78 255 255 0 145
    33 255 255 85 0 255 255 0 17 201 0 72 0 255 255 255 0 255 0 0 255 0
    255 0 255 144 0 255 0 255 220 255 0 255 0 255 0 0 255 0 255 0 0 255
    0 255 0 0 255 29 255 0 255 23 0 244 0 0 237 255 109 0 255 124 187 0
    255 255 255 0 255 255 0 255 96 0 255 0 255 0 255 0 0 227 255 255 255
    0 255 0 255 0 0 255 255 0 0 141 183 255 0 0 178 0 0 0 0 14 0 255 0
    255 0 255 255 0 0 255 0 255 0 255 95 0 0 255 255 255 0 20 255 0 19
    51 255 0 73 0 199 0 255 0 255 0 255 48 255 231 0 255 0 255 255 0 255
    0 177 0 255 0 255 255 0 0 0 255 255 0 46 31 255 255 255 0 0 0 255 0
    255 158 255 255 72 121 0 255 0 0 0 0 50 255 255 255 254 255 0 255
    255 0 135 255 255 0 255 0 255 255 0 0 255 255 255 0 0 255 0 154 0
    255 255 0 153 217 255 255 64 0 0 27 255 255 0 0 255 0 255 120 81 127
    0 174 0 255 0 255 0 123 0 255 255 0 0 255 0 255 0 83 0 255 0 255 0
    167 156 0 255 0 255 0 255 255 255 255 255 255 0 255 0 246 255 149 0
    123 226 0 181 0 255 0 255 0 138 0 255 8 255 0 255 255 255 255 255 0
    139 0 60 255 0 114 255 49 0 255 255 0 0 255 255 0 255 0 0 255 0 0
    255 0 255 255 199 0 0 0 255 88 0 0 255 0 255 0 255 99 255 200 255
    255 255 0 255 0 255 0 45 0 0 255 207 158 0 255 0 255 255 0 255 255 0
    43 0 255 0 96 0 255 255 0 0 135 255 0 0 255 0 255 0 255 0 0 255 255
    76 255 0 255 0 255 0 98 0 137 251 255 0 0 38 76 0 158 0 255 255 255
    81 255 0 255 82 0 255 0 0 255 255 255 117 18 0 255 0 255 17 255 0
    255 0 0 255 0 0 0 255 255 255 255 89 255 0 138 255 0 255 247 0 255 0
    0 255 0 255 255 0 255 255 0 0 64 0 255 0 255 0 255 255 0 197 0 255
    137 0 232 0 255 0 255 160 0 118 0 255 234 0 255 255 32 255 0 0 0 255
    0 255 255 255 0 255 0 0 0 255 0 0 255 0 255 0 255 112 255 0 0 255 98
    255 255 0 0 0 0 0 0 80 0 41 0 255 255 161 255 0 255 0 255 0 255 0
    255 0 0 0 240 240 0 203 255 0 0 0 0 255 255 0 0 255 0 255 0 255 0 0
    0 255 0 110 255 0 255 237 255 255 255 0 255 0 124 0 255 255 255 0 13
    0 255 0 0 255 0 0 255 255 0 255 0 0 0 0 255 255 54 255 0 0 255 255 0
    152 0 255 133 0 0 0 0 255 0 245 0 255 255 255 83 0 255 255 255 255 0
    255 255 148 0 255 0 255 0 67 0 255 0 255 83 255 0 255 0 255 0 242 0
    255 0 255 255 0 187 249 0 10 0 255 255 0 255 0 255 255 229 255 255
    255 0 255 255 255 0 255 255 0 69 87 0 255 0 0 255 255 255 0 255 0
    255 255 0 255 255 0 255 255 33 255 0 0 255 0 255 75 0 0 0 0 255 164
    0 255 58 255 255 0 255 0 255 255 0 88 255 255 255 255 0 255 255 255
    0 0 255 16 255 255 235 0 255 114 255 255 255 45 0 255 0 0 255 0 255
    255 143 0 255 255 255 255 0 38 0 255 0 255 188 0 255 59 0 0 255 255
    0 255 255 0 255 255 0 255 0 0 0 48 255 0 255 220 0 255 255 28 255
    255 218 255 111 0 255 64 0 255 0 255 104 0 255 0 255 55 255 0 255
    192 255 0 255 64 255 235 202 0 0 0 78 255 0 0 255 255 0 255 0 255 0
    255 0 255 255 0 255 0 255 0 255 0 0 255 255 255 0 255 255 0 255 255
    56 255 0 255 255 0 0 255 210 255 120 0 255 0 255 0 255 0 255 0 255 0
    255 0 255 255 0 255 0 31 0 255 255 0 255 255 255 255 0 0 49 0 255 0
    255 0 0 255 255 43 255 0 34 135 255 162 255 255 0 228 255 0 255 0 0
    255 92 255 255 0 0 255 202 0 255 254 200 0 255 0 255 0 255 0 0 0 26
    0 255 0 14 221 184 255 0 255 0 255 43 255 0 255 0 0 255 46 255 0 0 0
    255 0 242 150 0 255 178 84 255 128 0 255 56 255 55 0 255 0 61 78 0
    255 255 0 255 0 255 0 255 0 240 207 0 255 0 255 255 219 0 255 0 255
    0 0 187 0 0 255 0 255 0 255 255 96 255 21 0 126 255 0 0 0 0 4 0 255
    255 146 0 0 255 255 0 255 0 4 0 255 0 17 0 255 0 255 255 237 0 255 0
    0 255 0 255 0 188 255 0 185 0 255 255 0 0 255 0 255 0 0 217 175 255
    255 255 0 255 0 0 255 0 255 231 0 0 64 255 0 85 255 0 0 255 46 255
    255 0 255 53 0 255 0 0 255 0 255 0 0 255 0 238 0 0 0 255 255 78 67
    151 255 0 255 0 255 0 198 0 255 0 255 0 255 255 0 80 0 255 255 88 0
    67 255 0 255 174 0 255 232 0 0 0 0 0 255 0 255 33 255 0 0 255 0 0
    255 0 255 0 179 241 255 0 35 255 0 0 0 0 0 255 0 255 136 255 0 141
    255 0 0 162 255 0 0 99 114 255 0 0 255 255 43 0 255 255 0 255 0 0
    185 255 60 0 255 255 255 116 255 0 255 0 224 244 0 255 0 0 0 0 159
    21 0 255 255 0 255 0 34 0 150 212 255 0 139 0 0 255 255 0 9 255 0
    255 0 255 222 0 0 255 64 255 0 255 255 255 0 255 0 255 0 0 255 255
    255 0 27 77 0 255 0 0 255 80 0 255 0 255 255 135 255 48 0 255 0 114
    255 5 0 255 255 255 0 255 0 255 0 61 255 0 122 0 255 0 255 0 255 0
    255 0 0 0 255 98 255 0 0 255 0 0 255 0 255 255 0 100 0 0 255 0 255 0
    0 255 0 0 0 255 0 255 113 255 46 0 73 255 255 0 255 0 255 0 0 255 21
    255 0 255 0 255 255 255 41 0 255 0 0 255 255 0 0 255 0 255 255 255
    113 255 0 160 0 161 0 255 0 0 0 255 85 0 66 0 255 255 255 0 0 255
    255 0 255 255 0 255 0 255 231 255 0 24 242 0 255 255 0 255 0 0 0 255
    131 255 255 255 255 0 255 255 0 0 11 255 0 0 0 255 0 245 0 168 0 255
    255 91 255 255 144 255 0 255 0 123 255 0 255 255 0 0 0 0 255 31 255
    255 255 0 255 0 0 255 255 0 255 255 255 255 0 255 139 255 0 93 0 255
    0 255 0 0 0 255 250 105 0 0 0 255 255 0 0 255 157 36 255 255 255 0
    255 145 255 0 0 0 0 255 255 0 255 255 0 0 0 255 68 255 0 0 255 0 0
    255 255 0 255 0 255 0 0 255 255 0 0 12 0 0 255 61 255 0 0 255 255 65
    255 25 0 255 0 255 151 255 0 134 0 255 0 255 0 255 0 255 0 16 224 0
    255 255 0 255 0 0 255 38 255 184 0 255 54 255 13 56 0 16 255 255 206
    120 255 0 255 13 255 0 255 0 0 255 0 255 255 0 17 255 166 0 0 0 159
    37 255 240 199 255 255 117 0 228 89 0 255 0 255 255 0 255 0 255 255
    0 255 0 255 0 255 0 0 255 0 0 255 225 90 255 0 242 0 255 255 0 124 0
    255 29 244 255 0 0 255 255 178 0 255 0 165 255 0 0 255 67 0 0 255 0
    0 0 255 255 0 158 114 255 181 255 255 255 255 0 255 0 255 0 255 0
    255 0 72 255 6 255 0 255 0 0 255 0 236 0 255 0 255 255 0 255 0 255
    255 255 255 0 255 0 75 64 255 0 0 0 0 255 174 0 62 0 0 255 145 255
    255 255 0 255 0 255 255 255 255 0 255 255 0 0 0 155 195 195 0 255 0
    125 255 0 0 46 0 253 255 255 0 255 154 255 255 0 255 119 255 0 255 0
    144 0 255 209 255 139 0 255 255 0 255 255 0 48 255 136 0 255 0 0 0
    255 255 255 255 0 0 81 0 255 249 0 255 0 255 0 255 0 0 0 255 255 0 0
    0 183 255 0 0 255 255 0 18 0 0 255 0 255 0 255 0 193 0 255 0 255 0
    255 255 255 255 255 0 255 208 255 0 0 255 114 29 255 56 255 0 0 0 0
    0 255 0 190 0 255 255 0 255 255 0 255 255 0 255 0 0 255 255 162 0 0
    255 0 255 0 255 0 0 35 232 0 0 255 255 255 117 255 255 163 255 0 255
    235 255 136 17 0 255 0 255 255 255 0 205 211 0 176 212 255 44 0 0
    255 255 0 255 122 255 0 0 0 0 255 0 255 0 255 55 205 0 255 148 227
    128 0 255 0 255 0 255 59 255 0 194 255 0 0 171 211 218 255 255 0 255
    0 255 255 0 0 255 255 255 50 255 255 0 255 0 255 242 168 92 4 0 255
    20 0 0 255 0 0 5 0 0 255 141 0 246 255 0 255 0 0 255 255 0 0 0 255
    255 0 0 0 27 0 155 0 0 0 11 255 0 71 0 255 0 0 255 0 196 0 197 0 0
    191 98 255 0 255 255 101 255 214 32 0 255 201 251 254 255 0 0 255 31
    255 255 0 0 255 255 255 255 38 245 255 217 255 66 255 0 255 17 0 0
    255 0 255 0 0 255 109 255 0 81 255 0 0 255 0 255 0 0 0 255 255 255 0
    133 0 255 255 0 0 184 255 0 0 255 0 164 126 82 255 255 0 255 0 255 0
    0 255 35 0 255 0 255 255 0 0 0 89 255 0 0 255 255 154 0 255 0 255 0
    183 255 0 0 255 0 255 0 255 255 205 255 147 0 0 131 0 255 126 0 37
    255 255 255 0 182 255 255 0 0 255 249 255 0 255 255 0 0 255 58 225 0
    255 0 255 206 0 255 255 102 131 0 131 255 0 0 0 255 255 8 255 0 255
    255 0 115 255 0 255 0 0 144 105 0 75 255 0 10 55 0 255 193 0 172 206
    0 73 182 0 0 255 255 0 0 255 0 255 255 255 53 0 255 0 255 241 255 0
    255 255 0 255 255 0 0 255 171 27 178 104 0 255 0 255 0 255 0 255 0
    255 255 255 255 0 98 15 255 0 0 0 255 255 0 166 0 255 0 255 0 255
    198 0 255 0 0 5 0 200 0 255 0 0 0 0 255 255 255 0 255 0 0 255 255 0
    0 0 255 0 0 255 0 0 255 255 255 255 255 0 255 255 0 255 0 255 0 255
    255 0 79 255 255 255 0 0 0 255 137 0 255 201 0 0 255 0 255 0 4 0 255
    45 255 51 218 0 255 255 255 0 0 255 0 0 255 0 255 0 0 0 255 0 255
    255 0 255 255 255 0 255 0 0 255 255 29 0 255 255 0 255 255 255 0 59
    255 0 255 0 0 255 0 0 255 255 0 255 225 255 0 47 13 0 0 255 0 0 255
    228 255 0 255 0 162 57 0 255 255 255 0 0 255 0 0 0 255 255 0 255 255
    102 255 255 0 255 0 255 62 0 255 0 255 111 0 255 255 132 255 0 68
    255 0 89 0 255 0 255 0 255 0 0 0 255 255 0 0 255 0 255 0 0 255 0 0
    255 0 255 0 0 255 255 0 255 0 255 2 255 46 0 255 0 230 58 130 0 255
    189 255 0 255 0 41 0 21 255 255 61 255 0 0 148 0 74 255 255 0 243 0
    255 0 9 255 80 0 255 255 0 148 0 0 255 0 255 194 215 255 178 255 226
    255 255 0 255 0 255 0 0 255 0 0 255 245 255 255 183 0 204 255 0 255
    0 0 0 0 0 255 8 0 255 1 255 0 0 255 255 0 226 0 255 0 0 255 252 204
    0 0 255 126 0 147 255 0 255 239 255 0 255 0 0 230 0 255 255 0 0 84
    255 215 255 57 255 0 255 0 242 255 74 0 255 0 255 0 255 77 0 152 0
    255 255 0 0 255 0 255 0 255 255 0 0 255 234 255 255 255 207 0 0 255
    255 0 0 255 169 0 0 255 255 0 255 76 0 27 0 255 0 0 150 8 255 25 0
    166 0 255 0 255 0 59 116 0 255 0 0 255 0 0 255 255 0 0 255 255 0 0
    255 0 255 0 255 255 0 255 0 181 255 255 0 22 255 255 204 0 0 0 128
    255 0 0 0 0 255 255 255 0 0 255 63 0 255 0 0 238 0 255 255 0 37 71 0
    255 46 0 196 0 56 150 255 151 255 255 0 152 0 90 255 89 255 0 140
    255 0 0 0 255 0 82 255 255 55 0 0 119 107 0 0 255 0 255 92 255 0 0 0
    255 255 255 0 255 255 154 255 0 0 150 255 69 0 0 255 0 255 0 155 15
    255 0 0 255 0 255 180 141 255 0 255 255 255 55 255 0 255 0 0 7 0 255
    0 255 69 144 156 77 234 105 255 255 66 0 0 255 0 177 255 0 255 255 0
    206 224 0 0 255 5 202 255 255 0 255 0 255 0 255 0 255 0 255 0 0 255
    0 255 255 255 0 0 255 210 255 106 0 255 255 0 255 86 255 27 2 0 0
    168 0 241 255 118 255 0 136 0 255 255 0 255 0 255 0 0 221 0 255 60
    229 0 0 0 253 0 0 255 255 255 255 0 0 0 255 255 255 0 255 197 137
    255 0 255 255 0 0 255 0 0 255 0 207 255 0 0 0 255 0 255 71 255 0 0
    255 101 0 255 0 255 0 255 0 0 0 255 255 0 255 17 62 204 255 83 6 90
    248 255 0 255 255 255 0 255 0 255 255 113 0 0 131 255 255 37 255 255
    0 6 255 239 255 255 0 255 0 0 255 0 83 0 133 0 255 255 0 255 255 255
    7 255 0 255 0 255 255 255 81 255 0 255 0 255 255 255 0 0 255 255 0 0
    192 0 255 0 0 0 134 255 0 0 255 255 189 255 255 0 255 255 255 0 255
    255 0 255 0 255 255 0 255 0 5 255 18 107 255 0 255 0 48 138 0 255 0
    255 0 0 255 0 255 0 255 39 0 255 0 186 255 0 255 0 0 255 255 0 255 0
    0 255 0 0 0 255 0 255 169 255 255 0 0 255 0 255 0 255 255 0 0 255
    255 0 0 0 0 255 0 255 83 255 0 255 0 136 0 255 0 255 0 209 107 232
    88 0 197 255 0 255 0 255 0 8 255 255 255 0 255 0 0 255 44 255 0 255
    255 0 3 83 255 35 255 255 0 198 237 255 0 0 255 66 88 62 255 0 255 0
    255 255 0 255 0 188 255 0 255 0 0 255 0 0 184 0 180 255 185 0 255 32
    35 0 255 255 0 255 0 0 0 0 0 0 0 255 255 255 255 0 255 0 0 255 0 189
    136 0 255 101 0 0 255 0 255 255 20 0 255 0 0 255 18 0 85 0 0 255 58
    255 0 35 255 255 0 0 120 0 160 255 0 255 0 255 255 0 245 0 255 0 255
    0 255 255 0 0 0 255 0 255 255 201 0 255 255 255 111 0 255 0 255 255
    0 141 0 0 255 255 0 255 0 0 232 0 50 0 0 255 0 255 255 0 0 255 255 0
    255 0 255 0 255 255 197 0 22 0 255 0 255 0 255 0 255 255 0 0 255 0
    255 136 8 255 0 0 212 0 255 255 255 16 255 0 255 255 0 255 0 255 2 0
    255 0 255 0 180 116 0 255 0 255 0 0 101 255 143 207 210 0 0 255 0 0
    0 255 88 0 255 0 255 255 0 255 162 255 0 255 255 0 255 0 255 0 0 0 0
    255 0 61 193 255 71 255 0 0 255 255 0 0 240 255 0 69 255 255 0 255
    37 40 255 0 0 255 123 5 246 223 0 210 255 0 0 48 0 0 255 255 255 0
    255 255 0 255 0 255 0 255 0 255 0 0 0 255 149 255 255 234 255 0 195
    255 0 0 136 0 0 255 0 255 0 0 33 255 211 0 254 0 255 0 202 57 255
    206 0 255 0 255 0 0 0 255 0 0 0 255 255 0 235 0 255 255 0 0 255 255
    0 0 255 68 0 0 255 0 0 255 0 99 0 255 0 0 255 10 255 0 255 110 0 255
    0 255 0 201 255 255 0 0 0 255 219 30 255 255 175 0 255 0 139 184 156
    255 168 255 255 255 255 255 46 227 0 255 115 0 0 255 0 255 0 255 255
    0 255 0 255 255 0 255 0 255 173 255 255 13 0 255 57 0 255 0 255 255
    255 255 148 149 0 0 255 0 255 255 255 0 255 0 8 255 240 0 255 255 31
    80 255 0 255 0 0 255 0 0 255 0 255 0 235 0 255 237 255 255 255 0 0
    114 0 0 255 9 54 0 252 0 225 255 0 255 178 148 255 255 55 0 255 255
    0 0 0 203 255 119 0 255 212 224 0 255 220 255 0 0 0 98 255 255 255
    255 255 0 0 255 0 183 0 255 0 0 255 0 255 255 255 0 180 148 0 162
    255 133 255 0 255 0 255 255 0 255 255 255 0 0 176 0 0 195 255 255
    255 0 0 255 255 0 144 32 255 255 255 0 255 0 255 0 0 151 0 223 255 0
    255 168 0 255 255 41 255 0 0 0 255 0 107 0 255 0 0 205 14 255 0 185
    0 255 0 255 0 0 45 180 255 255 0 255 255 111 19 0 0 255 0 255 0 0
    255 0 255 255 202 246 0 0 255 88 4 0 0 255 255 0 0 255 0 255 197 0 0
    255 0 0 255 0 0 255 0 0 255 237 0 255 255 255 0 255 255 0 103 0 255
    255 243 0 255 255 255 0 0 0 255 120 255 0 255 0 0 255 0 255 0 255
    230 0 0 255 0 255 2 0 0 255 151 75 255 255 0 255 0 255 255 252 0 0
    255 255 255 0 147 255 255 0 0 255 0 255 0 159 89 0 0 255 255 0 255
    88 50 0 0 255 21 0 205 0 255 184 0 255 0 255 238 255 255 0 255 99 19
    255 0 255 255 255 255 0 255 0 0 19 255 0 255 255 255 255 0 0 0 0 0 0
    255 87 8 96 255 255 0 255 0 255 255 255 255 0 255 0 255 0 0 255 254
    0 255 0 0 255 198 45 255 0 255 255 0 0 0 255 255 0 0 255 0 0 255 255
    0 132 0 255 0 0 255 191 0 167 255 0 200 255 0 0 255 0 255 0 255 255
    0 255 0 196 0 255 0 255 0 163 255 255 255 178 0 255 219 0 255 0 255
    0 226 0 202 163 71 0 0 255 255 0 0 255 170 0 0 0 78 255 255 255 174
    0 0 0 255 255 255 133 255 232 255 0 119 255 0 0 0 255 255 51 0 255 0
    255 0 198 0 255 255 0 255 0 255 88 0 255 255 255 0 222 0 0 255 255 0
    255 255 0 0 255 0 255 98 0 255 255 0 255 242 0 0 0 255 255 0 255 0
    187 0 255 0 0 255 255 255 118 0 255 255 0 0 255 0 255 0 255 255 0
    158 0 255 0 255 0 255 208 255 255 0 255 0 155 0 0 255 0 255 0 0 255
    85 255 0 255 255 0 0 255 255 138 255 0 0 255 42 255 255 255 92 0 255
    255 0 0 255 255 112 255 19 255 0 145 0 255 0 255 255 234 255 0 0 0
    255 0 234 255 207 255 0 0 60 255 0 255 17 255 255 0 255 33 255 255
    255 0 58 255 0 255 0 67 255 255 0 0 0 255 129 16 255 255 0 255 0 96
    255 0 0 255 255 28 0 0 255 0 255 190 255 255 0 0 0 0 0 77 255 0 255
    255 0 0 0 255 0 255 0 255 0 255 0 0 202 0 0 255 0 255 0 0 0 255 255
    255 255 58 175 0 255 0 255 0 255 255 255 0 0 62 255 255 0 183 0 0 0
    255 255 69 226 0 255 0 0 255 223 0 0 255 255 0 255 255 255 133 255 0
    255 255 0 255 24 0 255 0 10 0 255 0 255 0 0 255 0 255 0 0 255 0 255
    0 255 255 102 0 255 0 255 0 70 255 255 145 255 0 0 255 255 123 255 0
    255 0 255 26 0 202 0 255 125 0 97 39 255 244 0 144 235 255 0 255 255
    0 0 0 0 0 0 255 0 0 255 255 0 0 0 0 255 0 160 255 0 55 0 0 255 106 0
    0 0 255 0 0 0 0 0 238 255 0 0 255 255 255 0 0 0 0 188 0 255 0 255
    255 0 0 0 255 0 112 42 200 255 131 0 255 0 0 255 0 0 255 53 255 184
    36 255 255 0 255 200 0 255 0 211 255 0 197 255 178 0 221 127 55 255
    0 255 255 0 255 255 0 0 255 255 0 128 39 255 0 253 255 0 255 0 0 255
    0 150 0 255 148 255 255 9 255 136 0 68 255 255 0 255 255 255 255 0
    255 255 255 0 255 0 0 0 255 255 150 82 255 64 0 0 0 0 0 255 0 255 0
    0 179 0 255 30 255 0 0 255 138 0 255 255 0 125 226 208 179 255 255 0
    0 255 154 255 0 0 250 250 183 255 0 0 255 255 255 255 121 36 255 255
    116 0 236 90 255 255 255 0 173 255 0 255 255 83 0 255 0 193 142 0
    255 0 255 0 58 0 255 60 0 0 255 255 140 0 0 255 0 255 255 0 255 255
    0 127 0 255 0 0 255 0 0 255 155 0 0 255 255 0 0 90 255 27 255 255
    255 255 0 0 39 0 255 255 255 185 0 144 255 0 255 255 255 0 0 255 0
    255 0 0 216 255 0 0 255 0 255 44 255 21 0 255 255 0 0 98 255 0 255 0
    255 255 255 0 239 255 0 255 0 255 255 0 255 202 0 255 0 255 0 255 0
    82 181 0 0 255 20 255 255 0 69 255 168 12 0 11 0 255 255 0 0 72 255
    0 0 255 0 0 255 255 0 128 255 0 255 255 0 255 0 255 0 202 255 193 0
    255 255 198 156 11 0 255 0 255 255 0 82 255 220 255 57 0 0 0 0 255 0
    255 255 255 255 0 255 0 255 33 0 255 226 223 255 41 255 0 255 255
    210 0 255 0 0 255 255 255 0 0 255 0 255 255 0 0 255 0 255 223 0 0
    255 7 0 162 0 255 0 0 104 0 255 255 0 255 0 0 255 255 0 0 255 0 0
    255 0 0 0 255 230 0 0 255 0 255 0 0 255 255 255 255 201 255 255 174
    255 255 0 255 0 0 0 0 174 141 92 0 0 255 0 255 0 0 255 255 254 255
    255 0 0 0 255 0 216 255 255 0 255 0 255 0 0 0 0 0 0 0 255 148 0 58
    88 0 0 255 0 0 255 255 0 255 0 0 186 255 255 0 255 0 255 18 255 0
    255 255 0 255 0 255 62 255 0 255 255 255 153 236 0 196 0 0 88 255
    255 0 31 200 255 0 255 0 114 255 255 0 255 108 0 0 130 0 255 179 0
    255 0 0 255 255 0 0 0 255 255 255 17 0 0 255 82 255 0 255 0 255 255
    0 255 0 175 220 180 75 43 0 255 0 69 131 0 67 132 0 255 0 0 0 255 0
    255 255 255 46 126 255 0 62 255 0 0 10 218 0 255 0 255 255 2 255 255
    255 0 255 0 164 0 0 0 0 0 255 0 255 0 0 195 255 58 255 95 0 255 0 0
    255 0 255 0 0 255 172 255 0 0 223 0 255 255 0 255 0 255 255 255 0
    255 255 0 0 0 255 0 101 0 255 0 255 0 0 255 191 255 255 189 0 255
    255 238 177 255 255 146 255 0 0 0 0 255 0 0 255 93 255 255 0 255 0
    247 255 0 32 191 255 0 121 0 255 0 255 176 0 255 0 255 0 255 255 0
    238 255 0 255 255 232 0 255 0 0 0 0 255 0 255 42 0 255 255 255 0 255
    0 255 0 255 255 7 0 255 255 0 255 0 255 0 0 0 255 65 255 0 255 0 255
    255 0 0 255 56 0 255 0 0 255 47 255 0 255 49 0 255 53 255 89 0 255 0
    255 0 255 234 235 255 0 255 0 255 255 0 255 255 0 255 0 0 255 0 255
    96 255 0 208 0 0 255 117 0 0 255 255 255 0 0 255 50 11 255 0 255 255
    0 122 255 255 0 255 240 86 255 50 0 255 0 0 255 0 0 0 0 255 0 255 0
    172 255 255 0 255 238 255 0 0 255 255 0 0 219 255 0 0 255 255 0 0
    255 255 255 190 255 255 0 151 255 0 0 255 0 255 0 255 221 0 229 255
    255 255 0 137 255 255 0 255 61 0 255 0 150 255 255 0 255 242 0 0 0 0
    255 0 255 226 255 0 255 0 255 49 96 0 255 0 199 0 0 0 13 0 255 0 255
    188 90 255 187 0 11 0 198 0 255 87 0 0 0 255 27 0 255 255 255 255
    255 0 255 0 255 255 0 255 0 195 13 255 0 255 117 255 0 255 255 0 0
    255 0 0 255 0 255 0 255 255 89 141 255 0 0 255 137 0 255 255 0 0 0
    255 255 255 255 0 255 253 0 255 255 0 255 255 255 0 255 255 0 255 0
    255 0 255 0 83 255 65 255 0 0 255 79 255 0 255 0 27 255 0 86 255 100
    0 0 255 138 0 255 0 0 208 0 255 0 255 91 0 255 0 255 213 255 0 255 0
    255 255 253 255 0 255 255 255 151 0 255 123 0 255 0 255 0 134 0 255
    236 255 0 255 0 255 0 0 255 190 255 0 246 241 255 0 0 255 191 255
    255 13 0 0 0 0 255 0 12 255 0 52 152 255 0 255 0 0 0 0 255 255 0 0
    112 0 0 255 0 153 0 255 125 0 23 0 139 65 255 0 255 0 0 255 0 255 0
    0 255 0 103 218 255 0 255 255 0 0 150 0 0 255 99 255 0 255 0 0 242
    255 0 40 255 217 0 255 255 46 84 255 255 255 0 255 0 255 0 255 40
    255 0 255 162 221 192 0 199 255 250 73 255 255 0 255 255 0 0 0 0 174
    0 255 0 0 187 255 255 0 255 77 255 0 11 255 0 255 0 0 255 0 255 0 0
    127 108 255 0 0 0 63 0 73 149 0 225 90 0 255 255 255 0 255 54 80 12
    0 0 255 255 0 255 0 201 0 24 148 149 86 82 248 0 0 255 0 255 0 0 0
    255 255 255 0 255 255 255 0 255 0 255 0 255 140 241 0 255 227 255
    255 0 255 0 0 255 0 255 11 255 0 37 255 73 0 255 251 179 255 255 0
    15 0 255 0 0 189 8 255 255 0 0 255 255 177 255 255 255 0 255 0 209
    255 255 0 255 1 0 0 255 255 255 97 0 255 255 255 0 0 25 255 255 0
    255 255 0 255 0 0 82 234 0 0 255 139 255 190 255 0 229 255 0 0 255
    255 0 0 255 255 0 255 167 255 110 255 0 255 255 0 0 255 70 255 255
    255 0 0 129 255 76 255 255 205 0 255 255 255 0 255 0 0 255 0 255 14
    255 198 0 255 237 255 0 255 255 0 0 13 0 255 0 255 0 255 0 48 162
    255 0 0 255 0 151 0 0 255 0 255 0 255 0 0 255 0 255 0 0 0 142 0 255
    240 255 36 255 0 0 0 255 0 13 239 255 0 255 214 0 255 0 255 115 255
    255 255 0 0 255 0 255 255 0 255 0 255 0 255 71 0 255 255 0 0 0 38
    255 255 0 255 0 255 0 255 0 255 255 255 0 255 146 255 255 0 0 0 255
    255 255 123 0 255 0 0 255 0 0 255 61 251 0 0 0 0 177 255 0 177 0 0 0
    255 255 255 0 255 0 255 0 255 255 0 223 255 0 0 95 0 0 255 0 255 162
    15 255 0 255 0 255 0 255 0 0 255 0 0 0 152 0 0 255 110 255 0 39 0
    255 255 0 0 0 255 255 133 255 0 255 213 0 255 255 0 255 77 255 0 255
    255 255 0 255 0 0 255 255 227 255 181 255 255 0 255 33 0 255 255 0
    255 255 0 255 255 0 69 255 106 0 255 255 255 0 255 0 0 255 255 0 255
    0 255 0 147 212 255 94 255 0 0 255 121 0 53 0 255 0 0 34 0 255 0 255
    109 0 199 255 255 255 16 0 255 0 10 46 0 0 255 0 69 177 255 0 0 255
    0 255 170 145 13 255 118 0 255 0 252 255 0 255 255 255 0 0 212 255 0
    255 255 255 255 176 255 0 0 0 255 255 107 187 0 0 255 0 255 0 255 0
    255 223 0 218 195 255 184 255 0 255 0 0 0 255 36 255 0 0 255 255 255
    0 255 237 63 62 255 0 0 255 0 255 255 0 52 0 255 74 10 0 255 223 0
    133 255 0 0 255 0 255 0 255 255 0 255 0 255 255 0 0 255 255 0 174
    255 0 99 255 0 255 255 0 146 0 68 255 0 255 30 255 0 255 0 255 255 0
    0 255 0 0 0 255 0 255 255 10 255 255 0 255 242 0 0 255 0 255 255 0
    255 253 0 230 188 45 0 232 99 255 51 0 255 0 0 0 255 192 255 171 0
    201 255 0 255 0 255 0 79 255 209 0 0 0 255 0 0 255 0 255 0 0 255 0
    255 255 0 81 255 255 0 255 0 255 235 0 0 255 0 0 255 0 255 0 255 255
    0 255 0 255 255 0 255 255 255 0 190 255 0 255 0 0 255 0 0 255 255
    255 0 0 205 0 0 0 5 255 255 52 0 255 0 0 255 255 205 255 255 255 0
    255 255 181 0 0 255 0 255 0 255 0 171 255 0 255 255 0 255 0 64 153
    255 0 72 255 233 0 255 255 0 255 0 255 63 0 88 255 0 0 255 0 255 0
    255 43 0 0 7 103 255 255 255 0 255 0 22 255 224 0 0 255 255 0 0 151
    255 209 255 0 255 78 255 0 191 255 0 255 57 0 0 0 0 0 101 0 255 0
    255 0 255 0 255 0 255 0 0 166 255 227 0 255 255 25 0 255 0 0 255 0 0
    0 255 255 0 117 255 0 202 130 195 0 255 0 245 0 255 255 0 255 255 75
    255 255 22 0 0 0 255 0 255 186 255 0 53 255 252 0 0 23 0 255 0 0 163
    255 255 0 160 255 0 0 255 128 255 0 0 255 0 0 255 0 255 0 169 255 0
    59 255 0 255 255 255 0 255 144 0 0 0 255 255 0 255 0 255 255 16 255
    0 255 248 0 255 255 255 0 255 255 255 0 0 255 255 255 0 140 255 81 0
    125 42 0 0 255 255 56 255 0 255 0 105 240 255 0 255 255 209 255 81
    130 0 255 255 160 0 255 255 0 0 255 0 0 109 0 255 0 113 255 0 0 255
    255 0 255 0 0 58 0 255 194 0 255 255 255 255 255 255 0 0 255 212 57
    255 255 112 0 0 255 0 0 255 255 0 255 255 255 255 0 255 255 255 0
    255 255 0 255 172 106 29 0 0 0 236 0 255 255 0 255 0 0 255 0 0 8 0
    204 255 0 255 255 0 0 0 180 153 0 255 255 255 0 255 0 119 255 129
    255 222 255 255 0 131 255 255 232 255 118 158 0 255 255 0 0 255 0
    255 0 255 255 0 101 0 108 179 227 0 255 0 255 255 166 0 0 255 0 255
    0 255 0 0 156 255 0 235 255 0 255 255 0 255 0 255 0 0 0 255 0 255 0
    67 255 255 0 0 0 255 74 247 255 0 62 0 255 0 255 255 0 0 206 255 0 0
    217 255 0 6 255 211 98 0 0 255 205 193 255 178 215 0 255 0 0 0 198 0
    0 255 0 0 0 0 138 255 115 180 0 68 255 93 229 255 0 255 255 0 255 0
    255 0 0 208 255 0 255 0 255 252 255 0 0 146 255 0 255 0 255 0 255
    176 0 227 255 255 0 0 251 0 247 255 255 0 0 255 0 255 0 0 155 235 0
    255 0 255 255 0 255 0 255 0 255 0 255 0 49 0 0 255 0 61 255 0 0 0 0
    255 255 255 0 255 0 255 0 255 0 0 255 91 0 76 0 255 255 244 167 0 0
    11 255 0 0 255 0 181 255 18 0 255 0 211 0 255 255 34 0 0 255 95 0
    255 255 0 0 255 0 255 255 0 0 119 0 255 0 255 255 0 0 0 0 255 255 0
    255 0 255 0 255 255 0 255 0 255 255 0 255 0 0 0 0 255 0 82 255 0 255
    255 0 0 0 86 255 0 0 0 0 255 0 255 255 0 255 0 0 255 255 252 203 217
    255 0 255 255 255 0 0 255 62 83 0 255 224 0 255 0 255 0 255 255 0
    255 255 0 0 255 255 157 255 0 184 124 0 255 0 255 0 255 47 0 217 0
    255 127 75 0 255 255 0 255 0 255 99 255 255 0 44 0 255 125 0 0 0 84
    255 0 65 255 255 0 255 0 255 255 0 255 0 255 255 255 227 0 90 255 0
    255 0 255 79 255 0 255 210 0 0 0 255 0 0 196 0 0 255 65 255 0 0 0
    255 0 255 0 255 0 44 63 0 255 255 255 186 16 255 29 0 0 0 200 35 255
    0 66 255 0 255 0 255 0 0 255 0 0 255 103 0 223 255 0 255 0 119 129
    255 255 0 255 0 255 0 0 255 0 255 0 255 0 255 255 0 255 109 0 0 255
    0 255 178 182 0 102 22 255 255 38 57 0 255 0 84 52 185 0 255 255 249
    0 255 255 0 0 255 0 0 255 0 255 195 0 137 0 0 94 0 255 0 0 255 0 255
    0 255 255 0 255 57 255 0 0 0 124 0 92 0 0 255 136 255 255 0 255 0
    255 0 255 0 255 0 0 0 51 25 0 0 255 89 208 0 0 0 255 0 245 255 255 0
    255 255 0 0 255 83 89 255 136 0 255 0 164 67 232 117 255 0 255 0 45
    0 255 0 255 255 0 255 0 74 0 255 0 0 255 255 191 144 0 255 164 255
    255 255 0 255 194 255 116 0 0 255 255 8 46 11 255 255 0 0 183 0 0 0
    0 255 141 255 255 173 0 0 250 255 0 255 155 0 255 255 255 0 0 0 255
    255 38 0 255 255 69 255 217 255 0 146 255 255 152 9 247 255 0 0 255
    0 255 0 0 213 17 0 255 0 255 143 255 255 255 179 0 255 0 142 255 0
    255 0 255 0 0 255 255 0 231 255 255 0 0 255 255 0 0 255 0 255 128
    255 0 192 255 0 255 0 255 255 165 255 0 0 255 0 255 0 255 253 0 199
    214 255 255 0 0 186 255 0 216 0 255 255 0 0 255 0 255 0 255 0 139
    164 206 199 0 167 255 255 255 0 244 255 255 0 255 54 255 151 255 0
    255 0 201 255 0 255 118 255 0 255 0 97 255 255 255 255 171 196 174 0
    208 255 0 255 0 255 255 0 159 59 255 124 255 0 0 255 0 255 0 132 0
    255 0 255 0 0 0 0 0 255 122 0 0 255 255 0 4 255 89 255 255 255 0 67
    95 255 0 255 255 0 255 0 0 255 0 255 255 12 255 0 255 127 0 255 255
    0 255 0 255 0 255 0 255 0 159 0 255 0 144 92 0 0 255 0 255 0 0 255 0
    0 255 255 0 0 255 0 25 0 255 255 0 0 255 255 0 0 0 67 0 255 0 0 255
    255 176 0 207 119 255 0 0 0 255 255 46 0 179 255 0 0 255 23 116 255
    0 0 255 0 255 255 0 255 0 255 255 255 0 0 255 0 0 128 0 255 0 255
    255 0 255 132 0 0 230 255 255 68 44 255 0 165 255 148 0 0 0 0 255
    255 0 255 0 255 255 0 255 255 91 255 255 0 255 240 0 255 0 255 0 255
    0 194 255 0 255 255 0 0 0 0 108 27 227 0 0 0 255 30 0 255 104 0 0
    255 0 0 20 255 0 162 255 0 0 0 89 255 123 0 255 255 255 0 255 0 255
    0 255 0 35 167 64 0 51 255 153 255 59 255 255 0 255 0 255 153 0 255
    255 0 0 255 0 255 0 0 255 206 255 255 255 255 33 0 255 255 255 178
    255 0 255 0 255 0 0 255 0 0 255 255 0 0 255 0 0 24 0 0 212 74 169
    255 255 0 208 0 255 0 255 255 89 255 0 0 147 0 255 0 115 0 0 250 255
    255 255 44 176 98 0 255 255 149 0 0 255 255 255 255 0 255 0 179 255
    255 255 255 0 255 0 255 0 255 255 0 255 255 255 22 125 0 0 255 255 0
    40 255 255 255 255 0 255 255 0 0 255 255 255 0 255 255 0 255 255 0 0
    83 255 0 0 255 0 248 255 0 0 0 255 0 0 255 0 255 255 0 255 0 255 0
    255 255 0 255 255 0 255 0 195 134 255 255 0 185 255 0 255 0 255 0 41
    255 255 0 0 255 0 28 255 0 255 0 255 255 0 100 255 255 18 255 255 0
    0 255 0 167 255 57 114 219 255 0 0 255 255 95 0 255 225 0 0 255 255
    0 255 0 255 86 255 255 226 255 255 255 0 0 255 10 255 255 0 0 255
    255 0 0 109 195 0 0 255 0 255 255 0 0 255 122 255 0 0 255 69 255 0
    255 68 226 255 0 255 255 119 255 105 0 255 255 208 168 0 255 94 0
    255 99 152 60 255 0 0 255 0 255 94 255 0 0 0 255 39 255 0 255 255 0
    255 255 255 236 0 255 0 104 255 0 0 255 0 255 32 255 255 255 0 255
    255 255 0 57 255 54 0 255 255 0 0 0 103 123 255 0 0 0 0 255 0 255 0
    255 255 0 0 250 0 0 255 190 255 0 255 0 224 0 255 255 0 255 0 255 0
    14 0 0 255 0 255 22 255 0 145 255 255 0 65 0 255 255 0 255 0 255 255
    4 141 0 255 0 255 255 255 0 0 255 255 0 0 255 255 0 252 0 0 0 0 255
    255 0 255 0 255 0 8 59 255 255 0 4 0 138 255 201 0 255 0 255 0 0 0
    255 255 0 0 255 129 246 0 255 255 0 255 0 0 0 255 0 99 0 255 0 0 0 0
    255 0 255 0 255 69 205 6 140 29 255 0 255 0 103 255 210 0 0 255 255
    0 0 0 0 0 255 255 255 255 255 0 0 255 255 0 255 255 218 250 128 255
    0 0 0 3 0 255 255 0 255 148 0 255 255 0 0 255 0 255 0 255 0 0 255 0
    0 255 0 0 255 255 0 255 0 255 0 0 0 255 0 255 0 255 0 255 255 116 0
    0 0 0 255 0 105 0 255 0 0 255 0 0 10 199 0 255 0 0 255 0 172 0 0 0 0
    68 255 255 255 0 0 110 0 0 0 255 0 255 255 9 255 247 196 34 0 255 0
    255 0 220 0 0 0 188 255 0 255 255 64 0 0 191 32 0 0 255 0 0 255 0 0
    255 255 0 0 255 255 77 0 0 255 0 255 0 165 0 255 0 0 118 255 0 253
    255 0 255 0 36 255 0 146 255 255 0 255 0 0 246 0 0 255 255 255 0 0
    255 255 255 0 180 174 0 0 63 255 0 0 0 255 0 255 0 0 0 0 224 0 0 0
    94 0 255 0 0 71 92 8 255 0 255 0 0 0 255 255 0 255 255 255 255 0 60
    255 255 228 0 255 255 0 0 0 0 223 116 0 255 63 0 0 255 255 0 101 122
    107 255 255 0 255 255 0 255 0 0 0 255 0 255 42 255 0 255 255 0 255 0
    255 255 35 0 255 247 0 255 0 255 249 0 255 0 204 255 255 0 255 0 0 0
    255 0 0 255 255 0 98 0 0 255 0 0 56 0 255 0 214 52 255 77 255 0 43 0
    219 0 20 255 123 255 0 0 0 0 0 0 255 255 255 255 148 255 0 0 255 209
    255 255 255 0 198 255 0 255 255 0 255 255 0 0 255 255 0 0 255 106 0
    255 0 255 0 72 255 0 255 0 160 255 0 255 160 0 0 255 255 0 255 166
    47 255 0 255 0 0 124 3 255 255 219 0 0 255 0 255 58 255 255 6 255 0
    255 143 255 0 0 255 255 0 0 255 255 0 255 0 255 255 0 255 0 93 0 255
    0 255 255 0 238 0 153 255 255 255 255 0 255 0 176 51 255 51 0 255 0
    0 255 18 0 255 0 86 255 0 255 0 0 255 0 255 255 0 255 0 255 0 255
    255 0 255 0 255 181 0 255 255 0 255 0 255 255 0 255 255 0 255 0 0 0
    255 0 0 255 0 0 109 18 1 255 0 255 212 255 0 255 80 0 255 0 84 255 0
    255 255 255 74 255 255 0 255 0 255 0 255 255 0 255 0 255 255 0 0 237
    0 255 216 0 255 0 255 58 0 255 0 255 145 255 0 255 235 255 151 0 255
    255 0 50 0 230 255 0 226 0 255 255 196 0 0 0 235 255 255 255 91 255
    0 186 230 255 102 255 0 255 255 0 0 180 0 0 255 6 0 255 0 28 0 255 0
    255 0 255 0 145 9 0 0 116 255 0 4 168 0 255 255 255 0 0 0 148 69 0 0
    0 119 255 0 255 255 255 93 0 0 255 255 0 191 0 255 0 58 0 255 0 0 0
    255 0 255 0 210 255 5 255 0 0 61 0 255 0 0 0 255 77 255 0 90 255 0
    255 255 118 255 0 255 73 232 0 255 255 0 255 255 131 0 253 255 155
    29 23 255 0 255 255 74 0 255 0 255 255 0 0 64 0 255 255 0 32 255 0
    255 0 255 255 0 0 0 0 0 255 255 0 255 0 253 255 0 255 255 255 0 255
    0 255 0 126 68 255 0 0 255 93 255 113 255 255 0 244 255 0 0 255 255
    0 255 0 255 0 0 0 255 0 255 255 255 0 255 0 255 155 255 156 0 255
    120 0 21 255 0 255 0 255 255 162 255 0 192 255 0 255 34 0 255 0 0 75
    0 255 255 159 0 255 0 39 255 0 255 0 255 122 0 0 255 0 255 255 0 255
    255 255 0 178 255 208 210 255 0 255 0 255 0 0 255 96 0 0 255 0 255 0
    0 255 154 0 139 255 255 0 255 255 48 0 255 0 255 0 0 200 255 0 255 1
    133 255 0 255 0 0 255 0 0 0 255 255 255 111 142 0 184 255 0 106 255
    0 93 0 255 70 255 245 0 255 0 10 0 42 255 255 0 255 255 121 0 255
    198</data></your_img>
</opencv_storage>
