<?xml version="1.0"?>
<opencv_storage>
<filter_type>2</filter_type>
<only_luma>0</only_luma>
<r1>1</r1>
<r2>5</r2>
<L2_diff>1.</L2_diff>
<test_img type_id="opencv-matrix">
  <rows>128</rows>
  <cols>256</cols>
  <dt>"3u"</dt>
  <data>
    221 49 221 175 70 182 220 154 131 4 224 188 236 254 231 156 202 1
    225 235 164 200 88 243 196 163 39 252 5 117 23 71 39 87 235 113 42
    208 110 245 14 145 162 201 109 51 228 238 203 146 39 152 84 117 237
    238 23 20 222 252 110 224 203 227 61 14 9 126 26 14 197 226 204 149
    196 50 219 201 182 90 177 150 83 65 138 223 16 198 55 64 106 53 123
    42 150 2 212 97 92 252 99 235 30 11 1 118 81 46 252 179 216 92 32
    222 255 5 220 248 205 50 17 40 62 7 23 65 95 215 207 113 147 147 231
    25 144 35 168 184 153 212 224 149 62 20 183 9 177 174 147 202 86 9
    78 133 78 217 67 195 222 65 38 105 109 128 243 233 41 68 247 230 114
    86 249 5 177 48 50 62 85 96 36 80 231 167 231 123 77 249 138 212 155
    156 240 117 254 80 54 40 122 175 81 4 39 156 17 72 74 98 220 217 96
    92 183 226 124 44 198 82 43 117 79 205 145 174 67 141 39 180 237 229
    241 169 137 142 99 11 95 247 133 98 179 170 81 155 183 16 203 111
    179 254 11 225 104 146 108 240 209 71 175 2 187 86 50 241 13 44 33
    102 58 60 108 42 158 52 212 232 144 131 168 84 229 12 173 59 159 69
    50 151 96 160 226 188 15 135 29 15 204 99 61 126 236 34 218 233 215
    91 133 48 98 244 103 60 100 166 188 210 154 213 230 60 41 213 223 50
    230 225 82 244 63 52 136 49 56 49 244 107 124 202 98 51 98 39 93 147
    45 221 208 154 216 197 170 102 255 237 118 147 94 196 254 189 140
    191 5 228 230 120 254 156 45 178 105 248 61 193 88 157 27 10 25 15
    249 198 28 131 133 15 253 125 193 97 194 241 151 205 16 30 247 151
    194 118 149 45 79 175 222 81 141 122 35 41 208 79 222 99 126 28 161
    43 150 238 41 118 253 52 32 6 12 202 152 70 25 64 255 54 159 170 94
    30 102 11 36 6 82 30 94 233 125 85 137 111 179 163 124 123 194 70 98
    35 156 27 177 52 132 95 76 154 223 101 128 36 187 104 234 195 182
    212 18 95 12 73 196 101 243 70 16 216 238 23 143 252 159 61 239 120
    81 13 55 101 134 141 129 114 215 189 234 152 174 106 136 47 162 185
    176 1 163 210 166 53 88 226 185 91 77 196 121 159 130 59 145 145 232
    11 83 9 197 235 25 182 70 39 182 9 247 205 29 253 71 110 4 107 143
    79 190 197 233 50 43 214 130 107 120 17 227 89 244 116 105 71 28 40
    143 17 249 60 62 80 155 180 80 126 123 40 244 12 127 155 243 133 70
    236 118 201 36 118 35 83 129 160 75 172 97 24 100 194 139 99 73 236
    226 189 18 128 188 106 233 207 116 189 218 67 207 220 248 6 180 97
    218 163 225 60 95 76 146 132 134 98 170 207 130 56 74 144 203 245 30
    248 194 187 35 91 77 201 90 118 244 210 184 53 172 218 157 79 89 104
    39 204 246 32 0 106 96 37 67 99 185 244 125 113 92 186 87 246 146
    250 48 247 33 59 160 161 183 185 243 187 100 68 27 49 131 253 97 225
    20 35 185 45 174 214 70 62 8 89 242 100 207 157 65 143 7 252 107 184
    184 150 82 79 67 81 161 19 164 187 34 91 108 227 80 30 205 220 15
    103 245 196 218 52 63 83 242 222 140 162 106 35 0 114 172 23 106 134
    42 205 44 41 175 80 197 158 139 108 231 12 147 116 47 248 214 201
    159 48 252 16 161 157 130 243 6 239 38 217 73 124 145 24 0 146 73 89
    182 185 40 246 49 4 200 183 19 132 50 246 32 199 240 193 224 12 7
    160 240 102 114 225 126 73 133 124 4 63 65 105 84 246 166 50 27 96
    133 240 94 123 35 249 165 238 118 201 19 49 34 97 36 93 90 67 241
    187 153 189 240 193 78 213 160 67 255 187 8 161 88 130 96 56 2 117
    253 117 233 203 79 146 121 210 186 235 129 139 89 6 28 176 200 17
    188 6 254 202 55 201 9 4 184 122 147 130 22 110 106 153 141 2 196 12
    179 183 28 26 164 113 151 201 136 37 139 97 169 175 231 94 241 42 41
    159 81 210 141 136 120 212 37 2 42 232 151 196 156 125 34 65 113 18
    244 169 201 245 162 71 136 219 175 170 60 198 179 184 83 146 247 74
    251 179 202 200 124 126 252 246 195 250 0 78 215 246 129 250 190 12
    22 94 114 231 119 89 160 200 122 157 149 5 132 88 81 199 177 211 78
    236 202 223 200 8 202 187 64 174 133 57 97 198 117 137 191 1 248 235
    205 6 25 179 205 29 14 40 191 56 51 161 77 172 202 64 243 10 209 131
    90 200 7 86 144 199 193 92 234 82 155 127 10 108 170 126 78 39 164
    156 167 40 163 80 153 250 22 160 181 251 167 85 109 186 175 51 148
    96 216 197 159 10 88 190 143 129 135 224 46 200 42 79 133 121 34 80
    71 58 215 130 251 248 31 197 216 176 46 253 196 56 134 118 106 239
    241 86 5 184 14 3 78 6 72 69 31 109 105 175 216 45 33 197 244 226 71
    186 95 45 200 12 85 70 98 208 123 180 89 216 189 106 164 128 0 187 2
    202 162 111 43 116 79 172 160 130 221 31 1 157 162 180 108 255 54
    171 55 0 171 31 93 243 83 89 45 248 252 14 188 138 141 107 209 229
    250 66 1 141 103 19 85 137 197 185 232 90 143 220 149 161 254 224
    126 107 251 51 42 79 148 160 194 196 38 254 227 36 16 227 87 182 54
    15 244 160 63 196 134 106 135 80 189 54 196 72 15 90 111 151 13 107
    110 242 189 147 194 174 13 219 85 113 32 90 187 202 110 33 243 250
    36 138 22 98 182 252 130 94 110 96 192 56 233 153 134 67 209 136 38
    128 131 72 84 77 184 141 215 217 23 125 126 73 131 137 56 173 220
    195 228 167 188 99 203 1 86 201 150 7 186 153 167 121 90 227 32 157
    191 43 83 116 151 86 138 25 192 38 218 134 79 26 134 67 123 77 159 3
    107 57 239 57 216 215 100 147 88 14 191 87 96 199 152 166 156 185
    200 252 73 213 143 238 218 154 49 27 212 194 206 113 6 98 246 211
    226 160 94 237 108 217 18 51 50 180 147 80 251 71 73 62 228 234 154
    242 196 194 101 77 48 141 201 25 139 210 86 125 200 157 6 10 162 166
    9 1 176 12 104 193 19 42 74 107 118 173 100 93 33 210 23 253 60 160
    224 33 175 52 239 180 115 186 162 50 101 73 55 226 52 27 128 80 65
    190 175 156 144 154 127 45 205 197 34 65 191 226 107 111 214 136 17
    39 173 52 80 183 191 158 246 225 37 39 202 253 87 179 66 108 65 83
    121 102 147 207 233 201 229 220 243 46 176 175 26 28 12 203 211 84
    27 98 0 235 177 115 219 242 246 134 193 46 166 33 203 28 242 144 35
    243 45 41 235 119 253 170 245 69 10 6 69 93 143 106 85 198 129 108
    46 227 4 251 216 63 150 147 213 233 33 200 62 154 73 97 184 104 218
    10 93 163 166 70 7 158 24 138 223 205 78 218 72 82 124 56 26 116 23
    28 45 3 253 35 223 51 109 187 249 71 26 124 92 77 227 166 204 201
    199 13 106 75 225 183 33 229 105 155 237 126 45 19 106 173 228 194
    183 150 173 123 209 113 23 18 189 14 76 184 105 219 185 102 101 125
    170 76 251 112 159 4 230 159 8 23 118 203 65 106 139 163 160 16 213
    48 196 19 184 3 23 17 108 65 201 206 24 217 79 178 215 237 128 77 88
    240 213 95 143 130 29 43 37 98 196 30 222 103 138 78 251 197 10 85
    223 83 234 169 14 2 239 63 51 146 88 163 137 205 139 66 249 65 15
    149 253 199 234 109 55 87 81 246 48 86 7 61 173 183 73 221 171 75
    170 45 94 74 149 193 141 137 1 213 46 117 172 23 214 152 237 210 122
    168 1 35 230 40 200 116 38 209 46 250 138 175 78 154 80 134 134 74
    62 158 132 18 122 238 230 75 221 141 57 55 218 131 25 181 121 226 47
    201 204 50 216 3 252 19 99 165 191 160 87 213 47 19 248 111 169 163
    142 94 142 203 7 70 199 117 169 195 250 114 12 53 67 200 53 28 151
    237 121 74 13 195 40 235 125 52 113 211 216 26 133 240 242 153 198
    134 68 25 21 77 207 12 6 198 147 19 225 12 64 129 144 132 214 7 222
    234 106 224 234 199 60 1 205 113 228 73 29 233 148 213 46 236 193
    171 230 39 88 50 245 228 7 87 101 142 246 84 92 209 242 225 21 165
    122 178 206 190 231 57 52 31 156 19 79 43 29 106 82 87 88 176 99 167
    76 97 108 17 24 54 226 203 155 179 142 18 1 149 226 9 85 11 183 183
    64 67 9 34 153 48 69 40 147 119 39 163 109 132 2 159 237 244 88 252
    174 7 182 186 150 63 155 24 85 16 160 170 165 255 88 5 171 26 103 7
    79 182 155 102 40 99 52 166 48 152 188 74 32 105 52 111 2 176 12 196
    214 244 227 60 214 39 93 215 51 57 193 200 211 134 15 221 223 193 88
    252 170 150 175 194 236 23 170 58 181 129 195 81 205 93 58 73 104
    149 74 75 139 233 9 175 33 66 34 193 177 73 197 178 32 86 12 157 90
    32 5 199 190 231 38 128 5 198 227 229 217 22 250 31 77 99 239 172 15
    217 181 123 153 1 111 194 221 6 146 154 184 105 74 7 147 5 246 233
    74 245 2 22 89 118 15 241 88 91 158 210 38 68 237 27 110 234 54 58
    131 118 244 222 65 231 17 138 195 50 84 10 120 236 203 226 148 196
    245 51 201 158 248 174 223 226 247 248 104 70 248 28 43 193 242 41
    50 221 219 209 13 136 28 65 22 76 110 114 223 61 73 104 213 214 161
    22 161 137 242 19 254 5 68 127 167 91 211 227 77 146 53 116 243 167
    139 183 93 52 229 90 182 191 19 221 104 107 215 27 44 73 237 105 142
    116 100 163 206 144 169 224 228 23 195 42 213 255 211 184 5 243 25
    171 181 144 116 17 20 39 250 92 104 129 187 109 115 161 31 191 115
    152 97 64 159 100 103 231 210 231 130 15 166 185 214 151 71 26 19
    135 52 24 159 124 114 1 91 60 68 31 4 209 205 159 131 142 44 68 19
    46 14 122 36 49 40 65 192 204 202 132 52 81 137 63 170 159 85 114
    174 188 137 204 198 234 9 175 139 209 63 9 7 227 120 237 141 176 53
    182 15 85 90 210 83 64 206 77 65 52 87 213 182 63 15 46 186 44 231
    126 143 218 195 185 230 53 108 203 199 199 207 146 81 245 155 205
    161 139 66 189 221 181 153 60 127 229 63 96 106 253 67 53 109 159 19
    202 23 111 229 130 89 71 138 57 51 225 211 254 102 185 182 239 223
    10 12 110 6 8 2 146 78 140 95 177 206 195 197 133 26 203 36 32 32
    178 25 41 127 239 238 127 190 137 15 134 186 0 177 176 100 52 248 57
    135 240 231 175 137 103 131 194 126 69 119 71 208 230 41 209 114 177
    98 242 72 102 92 136 198 118 237 229 80 124 42 95 148 196 98 28 124
    162 149 106 145 2 185 63 33 134 66 138 245 1 98 88 94 128 243 179
    225 49 254 46 176 104 23 16 239 9 72 31 189 121 19 30 214 96 175 224
    184 218 32 219 20 59 7 49 135 32 139 116 65 159 199 83 96 254 100 18
    145 48 47 177 15 93 37 169 203 5 245 40 183 206 202 19 232 89 157
    130 226 153 51 231 45 47 205 73 250 122 136 79 132 135 250 157 165
    63 205 148 127 28 110 74 178 231 222 24 116 252 73 233 118 209 46 82
    162 64 24 15 144 224 128 31 12 177 243 227 234 52 125 117 208 19 253
    148 167 152 170 130 163 154 69 253 200 177 87 68 187 109 255 10 142
    122 180 160 246 222 13 214 235 120 36 132 102 10 151 125 57 231 41
    48 15 126 222 174 135 62 214 155 204 124 88 197 142 230 9 219 145
    129 220 110 49 246 206 201 150 161 218 100 93 200 163 84 254 143 145
    109 19 121 244 99 114 56 76 16 148 223 201 209 134 215 146 184 170
    191 126 164 249 46 228 254 59 165 222 153 147 111 73 229 33 254 102
    205 39 154 195 58 134 188 8 111 113 57 53 37 39 230 197 15 170 216
    105 181 103 211 13 22 38 140 143 179 55 6 139 233 181 8 126 96 168
    215 77 225 88 97 90 23 173 7 80 236 86 138 80 192 233 179 246 232 86
    198 10 58 125 174 49 112 33 247 118 217 244 82 34 182 88 177 88 0
    182 78 82 229 223 118 199 120 239 101 4 2 79 139 135 218 178 192 144
    198 206 199 227 107 42 221 105 201 255 65 159 84 48 158 207 237 189
    249 39 84 185 219 66 51 143 176 183 119 186 168 90 227 211 28 168 26
    247 215 27 106 66 106 61 113 178 235 160 169 208 147 12 186 174 26
    85 166 16 149 224 61 196 163 166 20 69 20 20 169 87 5 161 71 99 43
    185 77 97 180 213 127 117 47 88 74 92 199 141 131 8 52 94 111 58 12
    87 213 240 189 101 157 45 98 94 139 177 197 91 75 43 29 190 20 239
    84 93 115 103 13 108 28 231 85 159 105 152 102 218 197 58 76 9 22
    242 248 249 38 29 198 245 249 228 195 37 206 3 207 186 175 239 223
    254 188 214 167 199 64 35 5 164 18 40 49 211 146 29 230 45 83 135 38
    76 71 172 197 193 207 93 169 122 151 48 189 163 233 188 73 67 20 78
    14 249 247 224 236 26 41 213 140 62 64 83 34 47 219 235 240 214 226
    211 56 241 193 73 53 75 28 76 4 148 193 11 108 149 151 232 203 10
    175 37 248 92 132 91 205 112 178 8 13 146 201 11 16 192 252 250 70
    225 131 91 24 222 225 198 8 96 229 16 177 71 222 114 149 65 171 158
    105 245 27 88 42 98 179 247 89 250 190 57 140 78 96 224 85 132 150
    46 235 228 141 201 113 43 20 234 18 195 216 221 79 20 83 210 59 67
    171 182 203 0 42 221 224 172 10 109 107 212 220 196 119 4 216 110
    239 221 89 254 180 206 163 65 140 184 71 30 108 74 70 53 93 166 119
    81 163 191 142 176 126 154 204 121 1 196 244 161 45 105 183 165 135
    186 246 125 105 52 177 165 64 220 45 24 252 11 100 130 218 85 1 243
    48 221 87 209 98 170 109 2 184 129 75 42 45 16 192 8 94 167 216 89
    254 29 206 147 34 135 72 68 74 179 201 119 17 202 163 191 84 134 226
    121 123 218 77 133 214 185 254 178 190 113 191 12 99 1 204 67 26 245
    58 214 202 11 59 238 184 188 81 138 78 183 120 155 127 193 237 243
    100 28 34 182 60 129 118 23 181 100 253 92 130 138 35 215 248 46 30
    134 216 112 255 136 65 99 212 169 184 100 134 174 79 228 42 120 64
    224 165 168 184 208 122 96 127 194 85 132 181 147 96 152 202 156 195
    126 179 135 191 114 16 105 239 212 156 63 49 177 43 119 102 141 249
    221 126 205 23 61 49 120 168 16 123 212 92 20 37 50 56 52 2 61 112 8
    176 134 27 226 220 36 168 39 82 43 57 160 162 28 159 157 89 210 134
    71 90 205 92 131 36 37 140 3 0 205 20 217 215 166 135 252 23 144 60
    124 155 118 161 248 156 1 203 247 234 94 11 166 134 55 6 222 56 30
    181 46 103 213 215 100 241 48 153 225 70 43 2 243 31 6 208 165 174
    127 197 97 18 219 179 206 210 13 252 88 168 42 80 146 104 216 66 77
    184 143 198 109 44 168 137 252 71 31 177 134 68 144 96 49 168 222
    232 40 48 112 109 98 181 170 36 110 195 13 112 53 160 189 126 33 213
    16 122 48 43 26 45 182 199 231 120 214 179 207 252 164 65 145 57 139
    203 146 104 10 173 122 209 39 186 147 74 99 16 126 109 105 128 241
    63 92 219 27 160 41 239 144 96 231 211 127 0 189 236 109 191 80 75
    215 87 147 196 218 114 171 215 235 51 98 236 18 102 226 117 158 156
    248 155 96 187 121 73 255 231 22 166 221 203 157 191 69 190 114 102
    39 109 219 196 184 222 185 147 22 43 145 116 131 212 255 42 174 116
    115 66 67 84 38 175 197 128 2 143 132 182 56 192 216 2 246 197 146
    45 68 140 150 148 46 63 13 151 54 228 91 178 3 8 156 140 208 167 227
    98 175 246 83 59 176 86 163 102 119 122 191 59 136 115 167 48 48 101
    160 16 212 199 99 67 54 74 120 213 81 33 9 176 62 3 46 226 12 137 3
    40 112 146 107 35 126 93 50 172 245 91 122 104 39 196 157 6 36 38
    238 183 208 226 83 145 214 139 137 33 244 119 10 199 210 152 93 216
    252 154 114 114 161 192 61 224 233 37 130 114 169 238 136 179 168 28
    70 218 235 49 67 31 164 203 108 249 101 54 173 236 125 86 135 103
    197 30 1 168 215 32 209 205 122 28 178 233 171 216 147 251 130 0 68
    221 176 207 205 244 180 214 59 154 150 253 13 78 64 18 23 195 205 87
    102 84 215 92 149 208 75 208 125 91 82 123 48 239 88 16 124 57 95
    220 196 102 81 196 8 160 218 37 218 207 196 230 254 150 108 155 253
    236 235 40 3 199 215 214 151 158 207 223 232 209 239 39 97 119 171
    142 155 99 118 97 24 68 163 204 69 195 32 130 2 37 55 109 167 45 37
    33 51 212 28 26 49 60 225 235 173 177 116 178 192 113 148 79 98 237
    22 47 88 174 251 92 67 182 146 75 108 222 222 204 32 75 149 214 211
    240 108 97 199 195 101 107 147 67 34 225 254 169 202 124 234 205 122
    255 249 195 6 78 68 44 18 20 92 230 57 224 182 38 115 10 68 129 177
    160 138 124 202 165 119 250 219 185 68 3 130 224 85 140 78 110 86
    228 246 105 80 149 19 138 20 47 243 156 170 187 133 168 208 132 212
    195 8 232 68 168 9 134 74 208 48 34 34 76 165 170 89 224 107 100 237
    144 90 183 254 174 73 211 138 50 220 145 202 9 255 198 120 238 230
    12 236 15 190 127 15 204 43 21 52 134 48 255 174 5 31 55 121 180 176
    19 49 139 236 241 217 113 56 185 31 107 59 55 13 183 252 58 70 106
    107 226 19 165 184 146 185 234 73 6 89 234 118 94 125 188 69 151 183
    74 251 182 110 179 111 145 79 75 67 74 170 182 57 138 227 116 190
    139 225 164 170 151 200 44 15 220 53 245 51 207 82 67 75 181 178 250
    20 250 212 109 96 179 14 133 235 165 18 113 11 140 192 158 127 201 8
    54 110 210 118 186 144 166 124 201 219 120 137 69 138 14 99 138 52
    84 226 61 8 160 101 144 134 236 213 78 35 67 211 95 165 234 70 43
    140 92 10 17 250 43 157 60 144 167 49 57 91 128 244 102 58 120 11
    137 156 122 13 244 103 41 58 144 137 239 74 5 147 100 34 102 72 174
    139 119 56 66 157 182 165 40 117 242 241 244 251 80 108 76 253 67
    216 226 142 89 28 156 100 22 169 133 9 170 65 150 93 5 38 85 165 253
    38 3 241 161 201 201 242 19 222 48 5 169 158 230 19 198 45 253 190
    227 178 157 133 103 84 104 219 210 251 161 249 134 113 39 162 160
    252 125 72 171 26 60 86 118 43 10 27 153 232 221 82 11 205 125 157
    109 193 69 59 200 146 18 21 75 84 47 26 217 129 86 206 233 82 99 201
    1 61 95 46 183 218 216 98 160 14 14 1 189 255 110 115 107 245 196
    119 230 19 223 85 138 46 39 201 201 141 194 121 102 8 245 93 83 101
    254 196 7 178 168 197 63 226 47 76 233 144 138 243 137 4 172 196 13
    178 90 246 82 82 80 218 81 201 11 56 36 14 243 149 4 197 43 107 174
    212 74 10 228 136 234 165 86 143 48 200 224 36 98 208 1 173 88 237
    136 209 175 229 142 115 134 45 169 159 157 164 63 29 163 145 155 246
    208 158 223 166 230 104 122 131 109 254 196 187 222 58 104 56 69 123
    141 197 50 112 224 210 157 177 7 212 163 74 29 220 90 231 186 0 48
    184 93 67 71 0 105 180 84 240 1 194 47 67 162 135 48 183 4 217 93
    126 93 101 55 52 218 32 202 250 139 46 226 110 5 123 60 220 216 78
    177 135 179 187 35 91 129 235 157 125 237 68 94 63 221 110 121 246
    30 207 115 52 207 91 3 205 134 208 112 161 80 251 211 214 90 4 181
    83 65 134 57 88 176 119 85 4 57 79 125 130 226 1 195 73 229 44 128
    48 76 125 64 162 196 118 181 235 173 21 151 25 169 231 109 63 175 26
    73 206 215 228 191 170 11 251 240 65 103 60 200 217 9 248 120 214
    101 18 12 190 249 17 107 70 11 191 179 132 111 224 228 161 251 173
    187 25 47 172 95 43 134 22 216 177 92 31 48 8 101 44 27 114 86 112 6
    196 50 57 130 137 51 88 153 252 165 94 254 204 89 154 23 120 18 160
    76 204 127 208 199 229 236 18 205 92 69 120 58 21 102 6 196 59 25
    152 209 155 137 78 29 4 143 172 84 33 121 115 56 15 160 149 245 47
    229 44 151 185 226 24 33 201 82 198 128 107 68 82 241 0 16 225 56
    227 18 254 27 195 162 63 30 69 213 143 219 187 38 104 164 63 136 250
    55 56 74 104 65 125 30 215 156 192 193 97 41 167 12 22 178 73 6 251
    136 110 238 228 93 40 243 12 245 52 254 110 134 148 66 17 9 94 165
    52 76 237 198 238 32 229 74 122 118 40 244 7 82 12 208 118 144 176
    200 152 185 140 197 250 196 73 210 158 157 37 39 129 202 57 185 34
    238 70 137 98 76 216 8 22 150 57 63 130 25 72 5 27 182 251 138 141
    181 5 195 162 224 231 159 15 62 233 223 32 115 221 90 101 68 45 94
    32 194 47 52 21 33 35 163 210 153 240 163 2 165 194 91 186 228 225 5
    133 37 8 105 164 48 67 90 100 56 165 192 123 80 102 131 159 119 51
    100 49 208 209 200 58 192 238 16 71 235 172 62 77 33 162 16 188 28
    240 95 240 1 227 220 106 64 182 193 86 29 80 108 142 236 123 122 150
    149 76 229 231 58 135 41 126 153 67 16 85 2 71 197 241 121 93 37 120
    153 107 213 71 53 81 27 126 158 52 44 23 90 216 62 125 85 209 189
    182 212 240 188 224 123 134 228 45 141 128 34 69 200 75 67 114 149
    216 49 38 0 145 44 216 219 104 218 129 159 124 154 80 199 23 71 21
    180 128 27 67 203 198 198 98 87 135 172 143 28 244 69 75 63 19 89
    188 71 133 107 219 52 151 219 113 126 129 159 200 125 180 185 225 50
    150 92 231 212 254 228 24 20 235 4 126 162 235 41 37 6 210 212 16 51
    86 12 153 86 109 176 110 28 96 192 89 65 231 232 24 182 193 142 66
    23 190 110 226 111 24 10 252 86 58 188 38 6 185 123 237 14 124 108
    157 28 235 242 23 224 21 245 116 143 188 97 210 86 13 88 100 120 141
    20 205 129 29 110 34 172 33 196 239 184 7 102 65 213 211 193 17 54
    174 83 95 228 218 37 86 37 100 173 27 36 57 37 243 204 250 63 239
    140 243 120 90 188 223 93 198 12 4 48 148 14 219 192 186 157 45 100
    232 13 145 73 216 65 72 133 17 215 199 225 203 249 103 0 206 194 143
    53 200 25 10 49 161 225 133 30 185 0 169 165 143 211 1 87 247 77 184
    83 181 224 129 87 88 12 179 154 240 255 71 231 62 145 221 242 142
    170 91 218 188 90 254 110 155 29 9 251 125 252 148 49 237 48 168 187
    180 43 229 49 107 183 31 106 56 232 226 100 188 186 91 125 45 203
    228 212 186 61 37 221 194 178 139 57 25 215 198 9 203 166 231 165 5
    17 253 205 247 22 148 146 27 148 51 181 116 251 18 47 206 131 62 31
    135 219 193 146 110 20 253 159 114 121 43 68 108 157 220 103 241 232
    45 255 99 188 230 232 140 77 174 143 219 92 25 156 41 192 31 117 48
    149 3 116 40 38 57 147 218 39 85 110 128 173 38 203 63 23 25 2 167
    10 121 78 8 211 250 72 199 6 121 212 43 71 23 212 58 67 13 67 254 30
    117 72 65 227 22 17 107 106 9 176 147 240 108 109 65 244 43 174 189
    78 72 75 52 223 174 8 59 132 242 141 237 137 140 15 244 31 205 7 192
    154 126 237 243 240 154 89 113 214 85 5 162 92 251 251 65 190 174
    205 158 119 191 90 15 252 18 222 177 153 232 235 174 212 109 76 50
    87 31 65 150 16 93 217 60 36 29 31 104 152 178 89 96 27 174 241 11
    107 254 216 75 241 102 199 48 160 54 117 27 235 65 97 7 145 205 191
    225 79 38 212 19 196 192 116 161 166 193 145 216 107 215 255 231 110
    158 164 125 179 4 190 255 151 253 32 131 39 180 131 137 10 140 145
    234 134 249 166 30 119 165 117 224 83 212 151 97 83 240 32 9 14 188
    73 3 0 238 230 132 152 138 63 20 191 208 92 57 50 150 253 156 53 82
    235 208 182 61 67 85 124 125 223 159 41 27 116 0 4 2 41 237 55 55
    206 126 241 223 235 119 182 29 23 246 126 189 120 161 153 116 164
    160 187 171 191 101 225 29 178 31 176 13 141 211 234 254 217 204 244
    121 211 134 97 7 30 54 35 13 164 5 216 137 148 1 184 60 188 178 227
    208 165 249 40 142 113 221 79 120 87 62 107 22 31 61 96 109 171 209
    195 165 227 161 224 222 77 218 252 242 87 26 96 111 28 202 250 50 90
    102 217 66 192 96 168 64 4 48 17 180 85 140 236 157 186 150 10 53
    134 19 158 11 97 249 34 103 25 68 241 239 17 191 236 10 214 44 255
    96 242 143 144 219 53 109 237 181 9 44 119 249 245 64 81 19 18 128
    127 115 26 118 171 216 36 200 196 117 214 125 13 166 60 119 14 110
    207 11 119 253 187 198 225 202 25 42 123 66 141 68 251 146 82 251
    125 160 79 86 210 212 165 180 170 8 40 83 130 117 237 59 127 60 89
    87 107 90 63 17 138 252 121 105 63 224 28 50 239 105 162 189 17 242
    184 1 159 82 233 88 229 78 221 18 205 175 186 234 50 53 5 75 3 99
    179 92 245 165 200 140 127 246 51 161 147 250 32 158 176 227 175 156
    233 14 147 69 148 224 202 145 85 178 169 14 54 121 227 250 77 164 68
    247 120 174 117 46 105 241 96 114 14 139 9 67 133 20 130 134 48 20
    193 180 205 171 152 180 2 202 33 167 243 71 15 238 41 230 74 244 41
    152 223 196 131 216 143 63 183 120 127 11 227 146 85 249 160 219 40
    238 16 23 176 24 149 163 174 35 13 182 176 159 194 39 27 27 53 78 8
    227 193 145 229 197 45 151 252 52 4 180 78 76 69 101 14 203 249 198
    179 141 238 73 39 3 30 44 27 156 174 42 144 137 157 238 85 200 45
    194 170 100 145 214 26 27 190 205 83 23 96 57 225 29 182 83 59 121
    173 60 116 180 90 195 35 252 182 184 20 160 180 172 136 253 0 17 168
    61 7 216 254 139 245 57 2 51 185 141 140 253 167 221 73 140 127 46
    146 85 36 57 252 224 135 244 201 150 189 206 216 204 78 37 39 99 238
    95 203 135 110 66 195 127 208 198 17 237 245 254 168 11 67 160 97
    203 181 197 149 22 8 167 18 146 112 77 49 220 73 147 21 199 48 68 74
    235 227 107 35 242 58 52 34 129 45 189 156 58 187 230 147 138 209
    174 220 196 177 62 10 12 189 109 26 19 76 72 168 28 44 140 194 175
    65 156 108 84 99 8 28 123 214 147 118 151 211 43 217 238 60 175 59
    20 166 146 122 6 195 192 248 161 90 73 136 228 33 193 231 123 77 235
    120 211 18 41 210 253 56 17 151 136 228 196 121 52 156 7 118 252 25
    149 212 179 16 88 238 25 244 23 176 9 136 156 85 216 153 178 189 221
    96 165 233 2 61 66 187 1 56 62 196 227 27 236 47 91 189 43 177 55 47
    205 197 228 90 157 165 170 120 55 80 125 230 67 152 118 241 85 83
    131 139 109 205 108 0 72 241 205 196 194 198 123 117 35 6 73 13 212
    197 195 158 86 190 52 5 155 168 201 90 112 233 69 51 118 68 155 84
    203 186 76 180 49 42 60 169 129 146 144 105 49 204 40 178 66 30 252
    218 90 87 142 28 152 173 215 172 163 134 167 60 123 7 85 217 237 42
    77 153 130 131 176 207 246 31 103 65 204 205 83 102 157 6 124 236
    181 126 68 79 125 166 138 1 40 211 109 11 145 106 73 163 171 117 216
    129 39 71 98 3 5 181 221 235 158 12 45 91 88 198 62 11 6 255 57 31
    46 225 68 67 52 128 95 92 38 128 86 184 235 22 221 89 237 54 22 1
    163 58 147 21 119 29 152 30 8 36 139 162 32 112 1 228 71 203 233 171
    245 62 81 204 138 66 133 227 107 67 7 66 117 113 81 127 55 16 225
    251 91 83 15 161 24 216 122 215 197 114 116 246 161 6 94 144 122 90
    217 136 46 140 127 102 225 181 55 232 161 14 71 187 8 77 61 62 109
    79 194 141 12 13 124 14 19 125 79 233 131 254 49 24 27 96 220 179 71
    158 225 37 177 169 232 36 109 6 1 202 46 239 35 154 108 36 27 27 103
    42 50 186 121 126 253 253 46 111 37 0 247 151 19 94 160 193 117 238
    174 182 20 220 154 139 131 7 59 145 112 138 211 200 93 221 49 197
    127 68 47 81 248 235 207 21 22 4 34 227 15 126 121 109 201 234 112
    172 57 180 212 80 45 43 64 163 247 40 169 183 108 180 138 146 150 41
    222 21 121 73 199 222 37 76 46 39 218 128 100 220 213 227 101 133 36
    52 57 220 205 177 157 239 203 42 236 134 175 69 23 178 156 151 194
    37 58 228 81 214 162 52 89 137 125 26 137 144 246 204 140 204 237
    190 117 189 153 40 29 74 54 187 54 25 74 203 177 208 121 210 56 184
    39 237 195 249 172 1 155 93 78 58 59 149 7 200 211 255 16 217 15 119
    126 44 148 170 42 76 117 109 51 255 200 182 253 108 60 126 73 18 5
    232 36 189 165 184 33 172 120 155 190 195 116 196 4 133 199 166 133
    128 185 6 174 8 104 26 142 255 194 252 197 55 255 213 9 218 31 149
    250 57 75 84 133 185 125 103 124 109 32 123 139 166 122 207 27 41
    205 164 216 60 192 213 129 118 1 138 252 171 232 229 101 194 112 238
    194 250 97 121 229 23 195 46 241 118 236 116 170 107 227 237 74 249
    188 221 48 146 174 173 170 62 48 156 106 79 96 134 37 129 4 81 17
    237 135 10 58 66 188 23 115 77 115 65 41 192 197 179 83 68 152 192
    156 217 31 79 68 6 141 208 234 252 100 102 153 160 146 197 116 160
    199 140 161 23 252 78 82 110 31 228 176 202 169 243 188 233 138 108
    192 166 93 135 28 54 166 243 12 47 147 191 13 211 42 135 108 74 67
    25 130 160 15 118 130 252 43 48 23 130 216 106 250 131 35 97 104 8
    143 153 60 1 161 127 24 214 112 66 34 56 223 166 52 26 57 216 230
    177 250 251 18 192 221 51 57 183 183 112 239 220 90 244 166 240 27 3
    105 31 246 226 79 171 157 129 227 222 239 149 197 83 30 222 167 244
    116 110 18 132 171 95 58 197 80 108 110 250 120 141 36 99 173 233
    131 5 41 253 59 180 146 230 174 71 113 53 180 76 142 248 6 148 87 49
    184 127 43 250 58 52 56 118 123 141 66 87 248 207 56 145 226 27 75
    103 118 123 40 110 17 203 135 11 217 255 214 210 19 81 236 154 18 0
    183 152 86 65 214 198 139 231 227 151 96 151 119 117 232 109 32 170
    149 243 197 109 23 173 146 197 13 154 198 187 184 14 31 100 242 158
    70 129 23 172 222 74 69 10 69 40 44 86 64 237 60 60 183 33 113 160
    72 6 232 210 98 105 203 222 155 2 86 9 102 67 143 68 74 182 208 131
    246 127 87 171 143 245 67 213 94 21 246 56 202 211 208 132 48 227 1
    248 209 159 137 84 170 77 28 67 10 8 244 175 142 55 46 42 118 14 220
    107 31 106 33 88 26 35 34 207 41 199 66 138 33 235 147 189 38 223
    230 246 2 166 128 95 151 12 36 53 84 41 12 194 232 45 169 7 42 87
    160 129 182 111 188 60 40 44 13 138 167 199 84 85 243 82 125 142 200
    120 133 44 35 192 80 94 114 93 62 69 242 80 22 157 29 79 224 98 208
    209 210 195 56 106 113 175 21 134 46 216 129 171 247 112 4 47 97 47
    245 72 130 78 93 121 138 237 190 91 92 22 248 5 49 33 242 37 240 14
    36 199 203 90 11 11 81 74 159 147 48 246 154 42 46 11 57 60 233 228
    47 227 68 56 34 173 23 37 35 148 207 92 68 113 250 102 39 203 81 249
    184 33 55 137 147 113 62 44 16 171 152 192 34 81 245 83 32 231 22
    200 179 215 144 222 240 96 39 244 21 6 234 246 224 245 107 233 194
    19 221 79 165 45 95 76 228 136 107 43 24 162 78 34 208 137 196 13
    199 125 109 22 249 172 61 1 50 172 83 197 45 30 94 226 128 127 197 1
    249 180 8 174 136 32 82 237 25 100 5 114 132 230 52 74 145 129 67
    100 180 193 98 168 243 101 74 49 151 81 107 212 10 220 179 88 5 6
    145 169 240 94 61 94 127 255 154 235 126 225 127 104 186 6 173 251
    156 243 119 251 142 199 86 61 90 45 92 148 236 212 196 5 60 157 249
    237 72 116 234 170 160 31 157 156 184 142 123 79 21 185 43 218 60
    186 134 159 206 218 156 29 86 58 34 212 98 210 198 77 213 204 243
    112 38 61 147 189 156 59 72 162 232 59 25 201 94 55 157 184 183 192
    177 117 230 79 135 190 244 103 234 176 241 173 41 61 64 225 194 115
    237 17 200 140 54 206 83 80 45 157 211 35 58 158 4 208 119 123 98 44
    139 210 152 69 114 95 163 116 243 23 214 236 72 14 136 201 83 114 56
    166 135 68 69 160 57 185 157 82 170 16 60 161 218 164 189 160 209
    218 40 252 184 227 133 147 198 16 25 201 92 117 63 12 208 60 131 201
    44 82 181 34 227 65 25 22 134 155 252 225 211 213 106 175 127 158
    238 12 67 60 249 123 227 160 17 3 139 54 253 231 208 184 42 19 7 102
    74 33 62 211 171 8 115 139 241 245 197 133 18 198 96 77 110 152 135
    34 238 102 89 39 177 247 89 34 218 121 4 181 229 185 65 27 31 250 88
    194 4 46 67 176 139 169 221 204 187 25 91 197 91 200 48 52 65 35 41
    29 213 177 216 227 224 99 238 234 127 221 1 207 69 224 204 60 209
    129 115 108 94 108 27 141 208 85 71 66 114 75 254 83 200 140 111 224
    249 252 119 158 99 207 110 234 197 220 143 141 145 51 207 57 181 129
    254 20 98 26 180 185 60 174 182 105 17 119 92 123 79 95 90 191 233
    100 116 224 179 249 119 14 59 79 245 170 83 184 197 64 129 69 54 104
    82 46 142 96 53 230 179 252 73 34 186 205 230 106 139 33 153 96 226
    31 211 78 97 232 221 223 32 162 215 3 150 28 21 73 121 248 132 97
    227 11 238 223 6 54 83 1 247 123 196 47 250 76 175 164 176 219 117
    137 76 62 146 34 250 8 206 97 123 67 145 6 11 4 226 144 23 195 119
    189 124 87 71 142 156 77 221 132 114 179 4 137 128 97 121 69 1 202
    208 42 62 17 228 91 15 132 90 65 247 166 103 239 35 233 198 13 62 85
    178 165 142 105 140 135 29 211 237 194 98 12 131 37 73 10 13 222 156
    223 211 27 44 173 119 4 64 236 116 205 112 5 3 102 128 170 4 197 122
    88 138 216 78 240 177 170 148 48 15 0 104 198 83 218 226 178 166 128
    29 154 5 71 57 148 181 114 97 216 79 170 113 69 231 46 146 238 217
    120 9 112 47 83 218 230 149 87 232 223 113 180 121 94 16 69 120 122
    238 45 245 37 46 171 171 160 80 100 8 127 92 241 156 0 252 150 75
    184 133 138 243 182 92 180 134 245 127 218 15 227 210 239 117 187
    158 40 55 63 12 91 135 145 217 72 192 76 74 236 52 14 122 32 21 38
    49 60 47 228 78 50 28 155 66 99 6 197 66 31 74 30 136 183 72 57 142
    17 168 99 102 58 217 252 231 55 207 113 224 143 192 19 239 42 166 19
    191 137 16 51 140 21 249 100 188 165 8 100 148 122 156 139 42 43 241
    226 232 21 213 247 6 102 245 21 199 24 216 157 127 23 74 178 53 117
    76 7 11 255 62 183 157 23 224 247 153 9 56 241 229 1 236 156 91 165
    56 159 46 35 185 145 134 118 142 28 65 226 175 189 119 14 14 47 128
    173 167 85 11 99 11 139 77 131 131 48 141 93 178 47 215 152 227 163
    95 183 40 126 48 247 206 115 88 230 211 94 163 51 80 6 89 207 43 60
    174 198 235 143 185 99 54 124 102 123 199 48 8 182 16 179 209 135 81
    48 229 167 200 252 70 16 250 208 142 174 106 164 179 185 67 253 244
    136 242 207 19 7 20 244 141 17 216 54 184 12 157 137 149 140 132 178
    7 84 168 177 37 153 231 43 1 89 167 123 97 24 199 149 8 51 252 71
    223 11 204 55 16 216 62 80 237 28 14 82 20 136 224 173 5 10 227 203
    139 228 149 187 227 27 40 247 186 135 30 165 197 72 32 200 147 124 0
    174 155 138 111 206 44 233 213 31 79 75 138 193 238 153 214 57 41
    242 40 109 233 135 108 161 0 28 254 218 210 51 74 83 150 160 250 247
    139 201 146 193 156 210 89 133 90 175 14 162 61 176 216 218 144 211
    199 108 89 14 71 235 176 126 182 212 72 26 150 115 191 84 4 150 148
    52 8 220 251 160 140 166 226 200 226 126 210 183 170 169 181 129 122
    205 204 116 4 79 68 2 205 244 120 68 62 147 10 76 212 219 2 158 241
    164 8 10 53 137 168 100 222 182 106 65 2 48 33 69 205 57 202 136 109
    205 188 160 240 243 73 245 7 11 40 82 175 131 105 30 41 244 199 61
    231 35 208 168 169 188 197 239 233 40 249 158 74 161 103 66 88 167
    202 166 225 102 174 145 77 166 181 13 244 75 160 218 164 177 249 165
    3 200 208 118 222 245 48 35 200 33 216 83 169 206 217 13 244 144 82
    170 177 115 194 174 140 32 15 156 2 15 25 62 181 167 155 86 205 50
    178 109 73 127 10 159 91 254 248 186 249 172 181 242 190 142 147 59
    153 37 21 128 159 85 202 224 99 8 89 157 146 72 17 102 157 129 64
    144 45 203 65 245 0 140 25 42 231 238 247 231 57 214 190 172 107 8
    69 93 129 90 204 184 68 100 44 215 29 240 113 210 111 224 25 72 103
    45 49 98 181 134 190 20 37 54 76 91 219 33 35 73 21 115 228 70 143
    194 132 14 184 195 92 150 244 1 172 55 34 136 84 30 23 226 76 134 80
    32 130 3 7 239 127 107 245 248 142 74 51 6 102 56 51 238 59 223 236
    211 178 34 22 224 125 34 152 23 163 157 87 47 89 106 96 133 16 44
    180 16 250 85 90 45 65 183 127 29 155 9 213 199 108 88 201 210 66 20
    107 61 86 143 169 135 25 204 198 176 11 126 102 190 118 136 224 106
    153 101 55 159 199 29 191 68 109 53 89 78 188 103 162 143 93 147 179
    93 169 157 44 2 206 173 42 54 154 54 175 246 216 113 98 57 227 203
    61 131 149 83 197 82 81 63 247 243 183 115 87 130 183 55 199 151 50
    240 193 116 172 74 243 174 78 56 238 92 241 94 237 213 137 177 105
    86 129 214 242 119 120 13 251 173 167 225 220 230 169 174 179 104
    224 81 6 39 174 208 144 131 196 57 5 53 90 235 91 174 70 48 43 170
    206 44 169 179 70 99 165 172 71 82 76 160 112 163 176 117 225 82 28
    60 31 130 167 28 186 100 200 45 161 59 87 94 229 14 124 60 173 1 114
    52 30 32 84 95 36 73 242 107 26 225 12 38 66 74 161 117 137 82 40 83
    125 148 70 81 239 202 148 107 255 217 235 133 202 232 151 134 237
    217 136 124 58 167 118 133 61 95 87 233 55 77 173 240 47 180 112 150
    102 177 9 63 122 206 247 63 101 62 174 145 179 101 210 131 173 16
    222 127 14 4 135 17 210 91 72 241 35 239 2 130 120 183 46 226 95 155
    97 203 114 17 156 208 172 174 30 1 188 46 94 79 139 135 26 39 150
    240 159 25 211 201 30 133 149 196 6 71 106 22 11 158 185 2 16 239
    207 133 118 4 39 251 35 96 12 209 116 70 210 119 150 92 185 128 55
    255 38 67 66 174 148 71 101 188 142 94 10 45 179 94 155 80 146 30
    107 29 221 32 26 215 253 205 164 204 93 117 242 83 234 223 48 203
    251 231 125 242 91 201 111 45 22 18 199 161 3 194 62 61 55 165 24
    237 60 175 199 246 47 161 63 2 54 5 177 211 201 72 102 84 92 122 227
    72 238 87 176 95 3 228 36 105 183 151 37 193 202 119 34 25 215 9 174
    53 167 36 227 50 167 231 50 213 157 70 4 255 141 147 218 228 160 147
    151 86 133 13 79 50 3 62 4 9 34 159 171 89 239 180 90 1 108 244 72
    135 88 133 67 71 131 105 12 121 123 214 161 171 231 240 234 159 120
    158 50 156 217 174 216 251 224 117 243 120 228 127 112 214 206 247
    63 176 150 108 248 250 217 219 133 147 230 78 5 205 250 58 96 217
    210 227 230 46 30 40 152 114 215 116 82 110 10 124 112 170 141 232
    205 201 74 200 243 250 235 225 225 209 74 1 96 193 137 117 252 122
    10 117 140 207 246 117 120 97 218 50 32 133 37 31 23 185 34 174 37
    47 204 45 170 231 44 219 71 239 150 204 10 147 112 219 124 124 29
    193 227 52 154 137 110 59 155 169 183 81 141 93 138 86 160 86 134
    208 104 186 10 190 182 69 79 252 218 141 33 179 43 29 124 6 169 160
    106 195 233 120 44 38 149 130 85 231 170 65 134 186 174 108 205 237
    156 199 191 190 238 2 173 195 169 43 111 142 184 29 145 194 242 71
    144 210 58 39 176 230 238 222 130 197 229 131 152 159 135 101 217 67
    83 112 189 23 89 227 14 126 24 178 108 240 156 223 67 251 98 228 168
    32 93 201 176 174 20 136 85 246 240 144 73 57 141 83 220 201 47 62
    43 118 23 7 13 240 127 82 128 227 231 100 243 192 137 234 252 34 166
    180 102 87 120 237 166 136 199 209 163 233 196 178 2 103 149 84 9
    210 132 11 162 92 166 138 241 201 91 135 187 148 112 121 228 143 49
    141 173 236 115 109 249 30 140 122 225 231 221 58 176 39 140 156 228
    40 56 206 104 78 236 77 71 191 30 65 8 37 53 149 95 115 131 125 99
    172 209 185 138 112 238 37 225 228 252 198 42 85 139 2 150 212 172
    97 163 235 87 74 161 218 99 43 246 97 41 93 196 111 29 58 200 81 242
    98 208 113 170 171 67 33 207 128 59 213 232 223 85 178 251 231 207
    213 215 121 137 172 3 65 188 250 187 153 139 39 158 198 16 120 193
    227 177 68 135 131 243 242 67 175 54 18 244 208 254 208 210 1 120
    146 48 226 188 206 214 235 177 214 241 35 75 83 186 31 86 112 205
    149 45 1 102 96 24 143 199 169 121 142 132 162 36 184 176 136 236
    196 145 124 250 255 121 215 153 188 19 64 87 19 79 149 192 98 29 178
    117 174 95 48 96 161 183 215 4 25 29 86 34 212 250 118 10 242 180 29
    167 197 129 214 5 243 104 25 152 65 82 10 6 78 160 179 3 156 235 15
    165 6 118 183 185 65 57 89 175 223 21 183 29 249 241 134 10 120 119
    240 121 97 104 85 114 224 187 209 156 30 3 216 230 117 187 24 250 14
    253 26 175 253 46 226 15 107 45 18 105 130 51 2 7 51 233 226 34 37
    179 100 239 177 195 37 91 219 235 218 178 176 14 11 49 110 0 221 251
    56 105 109 40 110 57 251 252 203 200 75 226 66 92 227 44 76 147 62
    45 170 131 163 2 61 181 3 153 49 186 205 29 153 179 122 151 130 220
    204 229 220 66 41 250 135 12 115 45 251 155 37 20 215 221 161 11 142
    59 143 0 202 237 217 172 12 77 185 60 84 145 154 69 4 181 203 220
    232 150 112 22 249 159 245 35 79 43 127 16 107 24 7 38 208 156 12
    245 60 218 50 175 41 159 198 68 80 183 74 12 205 138 48 63 188 31
    241 9 51 157 59 207 235 233 79 71 79 20 95 178 243 106 41 137 146
    108 191 198 145 201 102 119 215 153 96 61 40 75 246 88 29 47 12 51
    248 173 25 187 19 37 208 126 250 255 147 175 247 183 68 193 249 141
    223 87 160 67 84 198 204 215 7 79 242 14 73 154 3 86 211 177 67 127
    222 84 191 164 213 65 86 219 91 22 1 24 106 239 198 216 90 87 184 24
    69 156 87 194 63 125 206 221 151 63 118 27 220 213 117 146 236 200
    19 38 14 136 147 195 202 82 191 225 169 178 218 155 57 147 34 52 108
    63 114 114 133 165 31 21 7 234 244 18 149 188 70 232 35 241 189 64
    83 254 134 28 163 17 213 142 0 144 235 84 199 102 101 100 25 51 7
    136 86 193 140 69 66 119 86 142 107 194 46 140 14 251 94 153 161 58
    46 153 53 138 211 214 129 155 75 34 25 21 40 161 127 58 34 86 156 33
    125 163 130 32 205 127 174 62 29 224 54 25 34 137 187 176 178 232 44
    53 83 92 237 208 74 96 247 71 146 13 182 166 180 116 19 247 121 207
    217 230 40 236 28 118 119 219 40 138 61 219 73 239 126 241 167 122
    15 245 255 34 81 112 102 167 24 86 79 101 183 84 161 181 69 5 87 255
    187 38 140 116 156 90 20 104 50 127 62 205 1 203 220 81 11 174 103
    73 25 55 114 194 126 111 26 210 161 223 161 58 31 44 76 110 24 252
    113 224 24 59 206 141 9 150 118 239 54 61 97 100 72 114 248 206 224
    92 245 106 172 46 84 180 116 132 98 29 58 60 124 230 49 127 233 42 0
    87 223 157 72 57 251 27 34 136 198 176 120 196 230 57 208 45 242 197
    165 30 131 97 1 161 135 166 184 215 93 234 246 52 219 105 90 36 218
    35 185 202 96 75 255 169 120 158 84 175 77 1 248 118 46 55 41 34 30
    168 162 221 252 141 224 31 123 115 158 253 242 129 7 225 111 245 9
    18 33 129 213 86 124 235 227 197 18 124 176 70 122 154 51 187 189
    175 83 189 39 76 70 207 156 1 99 133 91 208 224 205 21 69 25 235 163
    149 131 20 119 146 25 79 238 74 209 97 20 83 109 15 184 243 44 18
    139 103 63 97 160 216 89 134 200 214 245 171 193 9 42 231 162 192
    169 78 142 34 40 240 94 48 40 68 239 149 74 20 116 23 206 82 252 13
    88 40 81 39 41 130 253 38 222 75 116 117 60 14 83 113 230 128 105
    158 14 128 118 243 170 216 53 3 12 73 209 224 219 115 125 84 204 160
    155 85 196 159 101 11 217 255 0 67 171 46 111 58 179 130 114 172 43
    129 187 207 48 78 21 185 132 178 82 255 191 124 58 118 135 17 31 239
    65 211 220 229 172 177 50 61 165 75 235 54 184 6 101 212 158 245 20
    122 182 39 166 47 113 119 5 170 53 32 107 204 230 37 142 83 162 209
    9 38 90 59 88 32 187 13 111 82 7 86 8 211 203 15 65 187 246 114 63
    209 93 4 15 6 146 105 18 1 249 161 89 154 241 184 116 198 24 121 16
    117 154 57 211 190 171 191 241 241 73 125 177 124 160 57 247 249 138
    241 59 6 195 49 27 128 198 247 86 178 49 80 43 223 87 125 179 88 21
    194 77 217 187 139 70 0 135 232 136 168 27 179 194 136 53 204 241
    129 103 243 19 179 160 193 67 226 60 27 142 94 33 238 66 85 58 36
    132 36 105 203 31 244 215 154 39 191 184 112 17 24 228 65 235 101
    181 153 30 36 58 36 3 205 172 110 110 118 230 164 62 248 49 177 169
    195 29 6 240 71 63 74 157 248 72 153 30 29 161 195 70 98 148 193 70
    109 187 174 88 4 134 190 5 9 3 64 24 74 151 117 48 247 138 211 96
    229 220 199 64 22 24 123 100 25 27 91 3 122 218 160 161 188 205 12
    124 27 150 15 42 129 108 152 60 144 163 114 36 177 189 237 188 173
    240 139 155 30 101 82 187 241 161 138 183 30 186 255 207 45 158 84
    148 118 209 63 211 13 132 95 90 219 80 217 91 243 193 73 6 214 208
    192 64 213 236 13 211 33 114 87 128 204 247 85 175 180 15 216 47 19
    235 213 83 163 175 85 112 44 227 173 248 105 182 103 234 44 194 148
    208 163 28 9 249 198 232 206 254 16 39 82 2 160 63 88 240 53 133 173
    46 104 179 102 246 222 225 63 107 18 45 106 121 186 41 2 189 7 123
    187 34 90 104 232 161 70 26 67 51 168 84 3 216 92 249 235 128 254 7
    195 153 112 15 60 242 153 236 251 145 109 146 227 124 240 17 231 16
    140 229 33 104 64 36 240 90 128 201 32 188 101 134 227 245 255 166
    37 57 71 111 63 218 237 109 102 112 26 112 121 121 51 126 125 232
    120 95 13 137 197 69 108 38 127 204 151 231 15 129 134 64 165 61 111
    180 137 126 92 83 64 93 59 145 24 163 247 228 17 31 124 165 47 97 20
    114 128 48 107 105 76 98 17 240 29 44 159 80 131 56 54 144 55 7 100
    184 7 201 19 125 55 30 11 125 39 150 241 95 232 173 91 97 24 78 247
    42 163 64 45 39 129 198 138 1 243 45 236 177 138 150 74 1 220 25 160
    77 73 170 165 112 85 51 144 98 162 65 163 4 173 79 52 199 79 81 237
    58 54 186 83 95 20 166 182 118 168 239 184 224 83 170 93 121 220 140
    222 34 154 94 255 172 187 122 69 29 185 85 244 6 140 114 155 47 85 9
    145 208 245 156 91 14 254 5 210 191 19 196 243 77 113 246 8 179 130
    198 13 223 73 10 233 129 215 52 88 74 249 33 196 202 98 122 43 161
    115 227 196 238 26 98 61 117 47 190 69 141 86 25 135 68 107 202 59 1
    124 33 102 230 32 125 166 221 244 63 48 181 120 6 154 176 157 67 192
    253 160 75 140 170 60 234 42 125 29 126 104 230 8 181 93 3 87 113 17
    139 35 175 47 93 66 181 15 157 7 223 80 27 127 134 111 154 125 121
    28 101 94 125 76 13 220 82 192 127 206 221 151 238 17 70 73 174 55
    130 130 194 124 126 255 13 92 124 7 87 107 105 153 19 42 76 124 5 26
    176 166 201 130 180 84 226 181 187 166 184 88 109 31 22 192 139 58
    224 184 161 8 224 185 181 152 252 176 121 4 182 57 76 126 62 162 108
    241 242 109 183 232 194 229 89 111 67 81 198 121 102 190 163 198 159
    39 55 54 206 216 58 251 250 252 104 177 120 198 19 237 59 203 23 172
    40 157 240 253 224 68 230 11 116 73 1 109 135 191 138 64 235 236 105
    129 214 134 45 57 2 175 20 211 6 223 108 119 134 85 170 67 73 51 131
    211 204 255 137 152 196 90 159 179 111 204 122 110 249 194 90 83 188
    57 91 249 206 133 252 170 229 1 28 197 221 153 253 124 158 105 239
    168 254 217 72 182 131 128 121 164 191 99 114 162 125 48 138 200 130
    69 112 234 164 131 185 96 18 96 218 173 78 97 232 175 29 144 125 231
    163 132 90 211 111 44 108 175 223 174 173 243 62 76 102 106 216 139
    9 119 163 112 201 104 62 40 249 17 167 163 42 107 199 203 122 204 67
    194 126 207 90 22 218 156 45 218 133 240 195 8 199 9 248 249 99 83
    241 231 21 185 111 194 185 144 6 146 62 146 76 208 187 52 104 90 104
    33 121 192 196 219 233 172 74 98 0 225 60 210 233 119 180 127 99 210
    161 205 217 243 225 198 170 31 239 39 107 29 72 68 39 17 64 154 47
    133 242 15 229 162 31 77 210 207 12 61 161 18 86 54 99 132 99 49 30
    75 35 27 5 44 180 113 38 144 155 229 116 5 111 216 73 160 165 249 48
    162 76 201 126 41 157 219 199 109 101 100 156 223 89 198 62 46 187 9
    230 245 203 245 156 74 25 215 151 176 149 153 158 13 226 112 128 172
    233 210 126 45 205 123 34 25 36 61 202 140 140 240 198 185 239 80
    198 139 50 79 3 78 61 40 154 200 25 175 62 190 128 132 215 189 167
    129 164 22 94 111 193 232 132 172 182 115 177 206 10 96 195 35 31
    180 170 14 43 38 162 20 219 30 230 157 106 22 211 252 191 228 29 79
    239 227 204 238 230 224 175 124 154 88 3 243 104 69 52 64 188 87 33
    121 73 170 193 149 233 44 216 211 169 141 95 54 68 195 136 117 113
    244 80 157 180 214 121 133 158 95 163 35 202 234 172 171 131 97 210
    45 138 125 164 179 91 108 94 98 38 65 48 220 191 17 210 122 162 210
    151 68 188 202 90 161 75 175 186 176 24 194 1 129 17 121 105 103 9
    243 56 148 153 193 180 187 198 153 80 168 98 41 93 28 192 69 250 228
    125 63 129 0 161 247 103 150 204 68 239 253 161 137 1 147 15 78 38
    35 43 189 237 123 83 212 27 31 243 98 204 26 17 128 55 246 47 54 221
    42 208 5 236 4 164 147 56 143 6 14 112 179 151 35 41 38 123 196 136
    30 44 139 153 188 135 129 65 188 216 181 194 14 223 180 163 150 128
    149 136 202 200 58 186 23 156 26 160 237 12 167 241 245 147 26 108
    177 48 226 43 157 221 13 12 242 91 111 161 55 152 38 123 20 17 116
    22 98 72 123 206 159 185 178 147 141 75 31 97 116 48 93 164 255 29
    27 32 108 194 204 198 95 148 229 138 91 30 129 129 134 44 222 36 133
    181 116 158 68 226 60 250 134 110 69 122 57 20 23 150 176 94 81 114
    54 72 167 77 23 214 154 61 16 138 205 139 246 212 24 168 6 47 111
    107 175 213 2 55 81 85 254 196 38 6 53 185 239 24 212 207 254 159 87
    130 173 103 86 51 190 28 112 5 252 3 9 230 97 144 46 153 220 215 151
    92 47 140 23 42 36 173 124 33 74 235 128 42 66 225 181 59 175 188
    172 51 234 6 175 2 110 229 52 96 27 185 118 63 141 188 40 119 153
    158 191 164 194 84 5 61 29 194 124 221 41 18 64 254 9 68 101 188 19
    41 8 242 117 179 145 214 1 23 150 38 194 143 19 254 186 151 132 243
    163 183 2 71 50 244 96 216 254 22 99 191 14 160 24 86 64 12 229 143
    236 102 236 137 31 206 166 78 116 52 154 219 176 249 31 203 152 147
    18 20 71 209 46 79 24 153 178 142 212 56 223 221 191 141 62 228 72
    149 106 220 211 201 241 45 93 79 41 53 110 172 190 217 233 116 192
    112 78 77 56 37 74 139 160 61 9 209 112 153 163 110 56 4 255 163 229
    179 169 187 60 61 149 177 251 117 65 142 142 56 40 188 252 194 85
    236 82 159 58 56 162 136 66 212 57 160 168 69 11 186 208 31 24 32 91
    170 215 157 186 41 210 196 111 145 46 4 160 239 60 61 56 98 122 241
    2 176 237 105 196 255 1 57 164 70 241 55 186 59 98 247 183 217 244
    191 227 176 175 251 76 108 70 240 239 35 102 217 137 139 179 70 104
    53 129 19 199 190 218 227 218 104 53 76 80 186 60 124 84 211 2 250
    199 84 251 181 234 232 3 229 134 32 72 39 111 149 115 28 203 92 182
    67 37 37 142 196 105 48 175 227 27 222 1 5 39 53 102 152 22 53 0 92
    118 84 188 160 174 233 69 142 38 169 201 69 28 66 155 176 149 12 50
    153 101 63 191 114 184 243 101 119 15 92 201 192 248 185 240 9 2 249
    76 58 83 42 111 76 247 192 171 4 148 172 60 169 202 132 15 240 122
    252 199 98 25 132 67 109 255 5 170 122 209 78 171 118 69 252 141 54
    30 224 40 106 155 105 141 96 76 243 115 1 110 203 242 194 22 44 162
    35 26 181 215 1 108 14 106 97 117 192 21 0 84 160 136 125 28 215 23
    146 153 171 189 118 192 35 23 253 89 202 31 21 184 103 210 23 54 60
    24 39 149 246 158 30 61 105 37 216 57 71 221 4 1 150 208 83 96 208
    30 215 210 21 176 234 223 45 154 226 250 184 56 175 208 95 3 89 18
    132 73 134 202 109 177 243 224 223 81 89 13 152 54 43 24 102 191 38
    100 219 196 17 231 64 183 213 224 248 85 9 103 202 248 170 228 85
    100 132 90 224 9 162 162 140 173 12 202 212 41 197 190 177 237 250
    33 195 248 69 13 200 160 223 212 39 178 0 42 171 99 242 86 176 24
    211 121 183 94 107 76 37 34 254 142 48 148 87 102 208 242 51 96 212
    26 92 125 130 45 111 219 59 81 127 45 165 6 178 253 18 172 63 104 25
    246 120 112 172 198 35 89 104 78 159 66 209 2 148 151 25 194 232 146
    197 42 75 79 216 182 106 23 12 32 237 186 235 17 81 154 229 147 49
    39 245 20 33 135 53 76 178 184 202 250 131 198 12 95 244 229 179 92
    194 64 44 132 123 200 104 128 144 254 15 136 78 239 6 34 59 178 243
    250 0 236 245 48 184 111 57 11 71 225 52 148 122 173 138 128 90 225
    62 23 110 199 102 91 19 0 192 11 152 140 214 122 206 46 141 169 145
    192 109 196 88 89 219 157 253 122 65 249 124 57 117 4 137 89 8 185
    157 36 253 57 130 12 29 247 71 90 50 31 164 79 251 159 83 9 58 7 34
    136 111 8 113 122 96 237 0 158 27 55 49 105 94 157 24 117 221 56 245
    71 113 134 129 44 176 83 163 167 53 212 54 249 48 132 207 35 92 140
    180 159 147 245 178 220 238 227 0 70 159 244 195 145 82 61 68 248
    203 7 233 42 45 99 210 78 66 166 65 154 236 88 137 144 29 136 106
    218 254 95 24 222 127 66 98 157 224 80 45 98 61 241 201 219 221 56
    101 131 15 189 118 50 107 199 219 113 19 177 248 92 16 94 71 56 86
    205 65 204 209 89 183 123 76 167 102 21 247 45 97 204 66 15 28 61 23
    222 109 180 58 226 24 180 65 96 178 51 127 152 212 86 27 172 169 92
    178 157 7 19 73 79 241 72 219 106 129 120 247 177 1 124 162 174 135
    8 32 209 243 47 30 25 139 168 80 167 7 205 228 244 32 72 50 235 235
    122 53 79 107 160 135 146 16 17 122 155 24 134 101 136 168 68 127
    109 56 198 33 168 97 205 239 18 44 226 179 159 5 217 174 40 90 55
    218 15 134 108 135 248 176 97 155 168 123 155 41 40 233 233 133 183
    128 126 249 99 142 156 33 55 44 123 191 158 251 9 103 101 170 66 152
    5 230 69 229 147 51 144 3 122 88 21 223 152 54 135 241 52 212 32 65
    163 48 91 192 55 221 163 230 31 225 3 212 17 162 126 22 187 40 102 1
    45 39 147 211 229 62 84 105 246 244 34 209 5 101 198 174 3 135 217
    11 108 231 237 96 33 120 219 104 134 236 36 222 47 162 145 95 255 72
    100 86 228 53 147 131 185 209 121 136 144 236 250 196 146 187 16 247
    212 164 34 119 177 206 217 236 53 149 134 68 137 248 173 174 135 8
    19 62 111 83 167 83 76 254 79 70 86 34 74 52 153 128 133 189 182 244
    77 24 221 50 64 89 73 253 33 4 116 106 202 177 221 247 160 207 90 66
    239 31 147 190 126 19 66 251 202 51 238 242 61 93 177 253 40 36 146
    117 175 132 139 183 80 139 214 192 1 252 237 250 102 209 254 140 194
    77 93 46 240 107 129 218 182 136 155 154 15 52 159 248 29 202 247 52
    238 229 17 171 145 46 141 243 254 150 24 176 0 51 9 136 116 106 216
    22 213 156 21 172 139 206 16 27 65 94 156 177 60 205 204 172 216 173
    93 65 131 130 156 119 223 177 53 120 239 107 192 183 94 108 164 35
    173 125 166 103 254 235 61 23 190 101 179 98 69 49 166 107 151 214
    60 209 44 110 233 50 134 16 116 202 27 53 69 221 242 20 53 102 137
    60 76 243 63 19 55 253 253 53 7 225 11 0 248 234 144 245 159 154 154
    181 128 184 23 229 24 114 225 54 36 113 253 133 166 84 187 43 76 51
    214 77 254 178 80 74 113 255 91 132 108 65 64 92 134 55 189 173 29
    20 76 201 179 82 93 252 19 255 224 119 117 52 212 211 108 241 157 11
    54 56 134 95 90 246 136 211 244 26 102 103 186 120 150 85 130 41 155
    210 44 219 25 181 151 9 211 110 166 168 186 68 150 170 212 154 195
    131 214 215 27 234 118 78 254 214 31 163 85 64 251 243 137 158 203
    124 229 251 145 70 235 141 124 132 110 81 3 49 176 47 42 77 138 70
    238 191 210 24 96 251 109 136 38 65 52 209 217 144 226 189 98 255 34
    177 94 96 97 245 55 225 249 176 102 40 87 46 32 234 190 240 195 109
    207 6 140 65 254 79 124 85 86 59 220 104 132 43 156 128 103 15 25
    102 94 145 255 188 66 150 86 112 106 197 1 129 121 102 111 107 81
    116 219 51 106 99 171 100 228 79 131 143 86 64 193 77 151 131 194
    117 221 255 11 200 137 13 255 245 144 170 230 12 173 87 244 28 192
    250 136 215 196 235 165 53 170 18 230 248 160 125 16 46 62 75 246 8
    1 76 165 89 2 44 201 33 17 210 76 57 224 7 47 61 83 138 146 187 29
    54 249 172 195 187 176 64 74 255 60 164 78 209 12 195 232 24 231 68
    113 103 229 173 18 173 150 177 164 3 224 228 218 128 186 3 184 5 181
    8 91 250 45 4 3 126 115 190 148 168 8 9 245 219 162 72 130 246 121
    83 87 168 133 77 131 10 174 189 20 191 70 128 45 196 131 124 231 92
    122 45 171 112 76 54 99 84 189 60 213 19 12 120 41 153 117 208 58 67
    83 124 58 152 171 147 251 209 103 63 162 16 58 4 212 146 13 228 81 4
    149 174 248 27 146 215 21 150 217 183 69 231 191 107 195 6 50 224
    146 66 11 21 77 9 133 216 105 66 38 222 157 176 250 90 212 174 38
    230 68 50 132 177 148 184 132 44 176 118 32 137 146 75 166 201 184
    208 159 189 85 86 200 150 53 4 3 172 87 18 1 214 195 223 88 56 113
    45 132 90 219 133 47 132 31 97 74 251 183 140 70 3 194 138 227 69
    135 153 119 210 186 240 9 77 218 78 89 20 249 22 86 55 247 190 65
    103 127 20 221 241 21 44 242 104 167 230 54 220 109 46 53 198 104
    173 102 41 207 150 222 127 92 169 26 224 239 124 44 90 170 159 47
    218 129 103 226 66 216 22 50 111 77 80 206 214 123 248 227 243 120
    83 145 206 220 230 253 251 34 7 166 192 242 201 248 96 193 3 47 221
    234 206 209 20 235 226 72 101 81 38 159 184 28 130 47 10 206 204 23
    157 185 53 180 87 67 152 173 38 241 38 51 90 154 119 223 128 57 29
    89 106 241 147 199 131 204 163 113 155 98 66 198 115 156 17 69 14
    252 190 42 42 108 91 97 91 17 48 160 128 138 100 164 157 35 83 254
    165 53 18 145 204 106 175 183 139 159 8 120 31 103 93 163 84 23 142
    93 94 84 169 86 111 118 24 12 68 12 28 240 22 120 77 42 137 210 183
    98 30 186 85 162 142 100 111 187 191 21 154 82 205 8 49 232 243 87
    222 26 234 102 168 246 116 143 4 224 24 173 99 32 179 237 248 129
    189 22 27 94 50 79 102 85 14 249 46 47 124 102 104 47 238 36 251 191
    156 91 162 115 242 188 83 179 228 225 6 195 238 132 161 108 70 48
    104 184 73 83 78 153 153 19 14 49 63 197 113 251 227 217 203 147 57
    197 234 21 167 210 201 245 214 171 178 90 47 216 112 43 93 42 135
    105 163 177 172 19 127 11 227 146 40 187 165 121 102 25 34 53 36 28
    56 201 245 53 117 143 124 8 221 80 118 90 139 100 130 80 225 178 231
    79 109 64 171 4 123 233 233 40 43 190 57 176 65 202 13 211 38 156
    163 252 118 105 202 45 226 205 183 73 134 221 209 188 111 201 83 36
    162 218 150 163 36 90 137 155 158 22 142 116 17 66 31 86 143 119 129
    158 153 147 255 137 251 153 107 94 19 215 86 223 235 93 205 255 78
    249 191 6 137 48 41 99 185 133 163 125 190 56 201 165 208 54 101 203
    192 143 26 180 50 71 29 116 109 113 161 127 91 178 151 93 139 40 15
    218 192 119 60 94 222 154 96 92 5 208 173 127 188 132 11 151 8 226
    219 160 43 123 112 67 254 71 152 181 3 180 177 4 151 173 99 204 213
    124 188 140 22 107 65 58 160 34 219 197 160 6 209 54 68 105 247 90
    185 121 67 56 72 128 114 207 26 39 92 234 184 222 72 99 106 40 133 1
    63 191 49 144 248 52 225 248 251 222 35 165 211 145 190 75 249 238
    230 146 50 255 41 92 31 101 22 163 108 113 251 75 201 69 105 92 1
    219 62 128 77 206 1 136 64 123 41 220 106 253 235 124 236 150 204 6
    31 181 146 159 101 241 254 152 62 31 232 107 52 14 197 79 43 64 160
    153 203 200 2 185 246 160 176 244 99 237 23 125 238 64 97 100 141
    186 200 139 45 226 5 248 244 77 82 191 10 132 235 204 46 33 64 253
    242 250 94 50 91 56 228 217 133 224 242 251 63 62 86 176 53 119 67
    139 209 92 198 224 32 74 31 84 241 22 187 122 120 60 16 148 111 102
    144 168 49 81 38 186 229 190 105 45 12 58 210 49 254 151 166 83 42
    40 27 89 62 233 11 223 124 117 84 30 5 79 138 186 135 89 154 45 7
    225 195 253 161 80 158 254 169 0 17 241 45 203 106 214 216 127 149
    46 128 18 92 40 170 149 108 233 213 198 23 200 85 32 152 43 52 182
    101 151 168 100 129 160 172 235 34 103 43 208 121 195 123 32 219 4
    18 62 242 209 249 221 154 156 177 158 193 165 166 115 90 119 254 82
    216 138 100 165 202 4 66 19 32 168 134 198 150 170 211 70 172 70 170
    170 119 221 253 204 10 226 87 156 183 98 23 47 61 121 187 12 253 163
    226 26 101 3 225 49 252 103 7 191 205 216 226 58 120 56 101 178 82
    243 108 123 213 113 134 242 153 236 96 74 42 180 29 192 121 151 75
    76 229 13 155 111 206 56 197 223 215 185 151 249 136 222 178 73 63
    18 140 130 146 154 127 17 91 132 72 0 120 79 97 217 220 212 86 238
    159 124 165 56 255 124 232 207 84 214 26 9 5 143 55 164 244 197 137
    249 72 147 57 189 6 218 231 152 74 119 87 209 80 190 8 160 51 240
    160 194 108 51 234 246 208 223 88 59 26 51 166 51 171 215 51 71 17
    89 152 193 229 231 159 34 158 35 3 214 145 249 90 136 188 218 71 52
    65 36 227 76 89 27 150 238 61 145 230 155 30 193 139 254 237 27 180
    42 54 40 255 191 2 130 55 139 26 147 30 144 123 11 123 94 151 81 69
    205 218 44 10 139 7 9 114 94 5 88 127 81 139 58 212 74 145 149 42 94
    142 10 192 180 89 229 215 215 227 43 78 68 175 23 50 108 4 62 107 55
    73 73 19 47 195 180 204 66 146 207 137 87 9 107 92 124 55 215 26 253
    177 255 103 251 237 27 241 99 209 189 85 144 56 143 26 91 3 13 43
    223 164 244 203 209 241 240 87 254 196 35 93 128 28 93 88 172 83 122
    211 109 221 38 30 60 171 11 24 21 2 174 212 224 117 22 140 222 117
    211 248 150 230 81 24 89 122 147 159 108 143 143 175 197 191 100 230
    226 55 210 169 136 58 219 125 226 147 88 126 44 183 79 255 168 67 76
    251 102 13 17 173 132 18 163 106 74 36 215 80 55 106 14 97 134 218
    144 23 58 90 66 229 185 29 156 24 168 191 111 188 76 201 176 149 9
    43 47 23 199 124 219 5 11 68 72 175 150 253 133 55 95 82 48 94 212
    129 246 224 104 48 88 204 135 157 232 153 237 99 98 74 167 2 15 185
    81 107 215 191 5 225 77 97 100 233 82 221 180 83 118 99 40 0 233 116
    64 187 116 214 56 187 23 11 72 39 18 191 80 29 96 241 144 250 15 9
    15 90 6 156 194 10 142 71 191 58 192 230 133 122 158 28 175 147 16
    70 154 14 148 33 69 136 69 157 68 192 244 137 159 27 40 211 18 212
    39 28 6 98 194 237 95 180 71 128 125 246 125 15 229 49 102 142 185
    94 170 67 205 128 230 152 224 27 225 168 103 223 247 22 195 114 48
    39 237 180 136 128 132 91 162 39 204 225 219 55 234 206 139 142 154
    106 59 116 4 116 172 122 4 107 76 89 114 42 80 183 122 226 49 98 136
    19 81 190 250 254 104 183 68 78 200 174 22 0 72 201 137 64 175 118 6
    23 180 197 204 97 129 75 20 32 203 108 147 5 123 91 229 199 162 86 3
    50 186 183 87 66 93 185 191 26 223 155 100 38 208 174 6 230 188 60
    72 60 84 129 162 59 56 113 125 154 137 69 75 226 171 120 91 93 29
    203 194 58 169 224 210 14 10 99 176 91 169 177 6 233 108 223 119 122
    32 173 161 161 146 150 230 231 188 252 230 85 172 96 231 225 162 84
    13 11 81 9 46 53 182 86 13 175 9 137 105 217 91 25 21 105 100 64 218
    123 81 165 239 91 43 225 83 227 95 88 22 188 110 188 222 160 44 30 8
    17 80 205 207 118 241 9 184 23 106 80 142 118 61 75 190 59 44 192
    129 251 140 169 37 37 222 187 97 81 144 223 31 105 40 64 14 66 167
    225 38 7 189 142 239 224 81 26 1 173 106 30 71 251 214 21 100 37 138
    185 175 205 164 212 213 122 247 227 102 121 202 252 19 97 5 186 249
    224 143 153 15 90 73 237 88 185 75 233 136 21 100 40 194 142 239 54
    178 142 121 2 117 21 2 222 173 116 146 28 242 114 179 230 148 7 185
    61 140 126 75 20 58 157 49 253 73 187 177 8 84 77 220 214 209 213
    156 6 106 203 153 207 110 130 43 91 132 6 134 213 125 6 166 254 200
    76 208 166 121 59 252 173 232 53 100 211 15 65 146 175 64 195 141
    194 113 136 12 35 184 136 185 255 2 81 99 196 29 254 173 235 7 251
    164 221 113 108 201 232 242 163 139 251 34 194 37 126 213 74 216 49
    124 27 34 212 217 230 207 141 144 128 129 197 73 58 187 120 173 221
    87 238 1 213 206 228 158 215 210 54 241 139 97 171 100 126 102 136
    200 138 174 151 63 212 249 215 138 76 110 227 10 219 77 225 171 150
    192 92 51 57 90 176 59 126 35 157 37 209 187 192 66 197 179 17 249
    229 113 108 233 207 211 41 223 106 45 215 110 246 138 117 64 113 117
    90 231 229 29 68 162 123 164 236 193 78 40 121 86 166 0 145 114 205
    0 159 217 164 37 17 55 129 207 157 190 7 61 142 183 223 42 185 178
    217 39 176 221 184 27 1 124 232 199 4 47 42 78 214 25 171 145 135
    252 34 211 195 228 128 65 140 132 59 104 37 103 142 148 210 205 161
    126 164 252 166 43 155 100 97 207 200 114 47 216 120 134 143 147 50
    39 199 109 161 113 85 242 189 207 90 219 61 251 99 210 215 176 201
    162 201 0 50 244 199 116 148 103 80 108 187 230 220 161 86 10 233 24
    221 188 57 144 162 196 213 160 75 249 29 211 63 167 255 115 4 53 228
    98 248 0 227 121 119 129 43 105 155 42 63 137 222 202 18 212 150 243
    232 14 15 61 221 186 168 140 103 120 115 14 253 209 209 41 136 123
    173 153 141 9 146 102 83 3 31 2 30 25 99 176 216 38 6 119 101 185
    118 129 35 187 155 227 69 234 155 144 93 14 98 77 230 95 128 30 248
    215 189 138 251 65 139 89 107 232 67 69 3 137 178 40 200 114 221 132
    57 220 184 250 81 18 65 51 255 51 176 23 141 95 114 22 104 210 22 78
    117 203 158 125 58 163 102 6 11 190 56 198 74 177 159 34 165 151 58
    45 228 1 29 184 186 52 213 235 118 173 7 134 101 88 28 25 187 34 30
    12 161 89 250 236 9 245 207 36 120 65 230 198 124 137 138 80 225 161
    248 110 59 124 201 152 62 2 11 9 119 21 183 205 7 195 129 111 181
    159 178 23 20 141 105 18 160 39 149 184 4 60 97 182 168 22 252 17 49
    53 207 52 220 176 41 210 139 203 95 46 84 33 118 102 251 17 37 112
    205 147 135 175 239 186 166 173 202 135 213 117 50 240 244 240 162
    192 6 33 132 30 73 40 54 245 42 92 64 69 220 5 71 228 130 205 85 54
    140 160 46 174 177 252 12 45 78 158 177 24 120 21 10 88 79 109 44
    247 108 99 210 153 171 227 238 101 72 236 158 161 151 188 37 14 111
    188 74 115 203 88 211 92 120 235 89 77 161 84 30 88 116 212 138 66
    18 92 148 71 109 134 91 132 167 217 203 130 122 133 148 201 98 66 71
    215 171 72 12 1 208 77 108 37 244 162 134 255 10 233 156 170 61 171
    127 89 195 135 170 191 140 141 240 22 27 84 115 27 65 113 235 156 4
    21 156 31 133 78 96 60 50 136 130 227 19 231 158 140 210 40 221 19
    145 143 119 81 82 217 34 75 57 50 149 163 102 94 35 243 163 43 158
    214 149 52 241 29 13 11 139 139 100 138 240 165 246 170 128 144 184
    92 105 227 86 52 97 62 23 174 185 20 168 78 186 249 236 12 35 253
    224 22 156 49 212 38 138 227 12 255 176 110 28 199 37 6 142 122 180
    100 28 210 89 121 49 207 78 176 130 26 240 71 102 79 151 202 149 245
    121 13 90 245 219 60 167 223 176 14 226 120 131 6 180 26 191 214 2
    161 103 67 14 94 12 21 27 43 170 145 91 81 95 87 139 73 213 0 129
    153 180 153 24 182 248 151 141 104 23 195 233 45 106 146 159 225 108
    137 118 106 157 149 36 76 159 192 41 112 156 78 22 64 93 158 109 6
    18 161 142 243 148 9 134 197 36 22 139 52 23 139 101 233 231 19 94
    24 13 69 140 229 94 229 2 228 227 8 139 103 254 100 214 196 206 127
    88 232 203 22 116 15 105 168 157 164 187 120 28 159 239 133 115 183
    219 162 106 239 180 99 239 132 170 22 95 150 146 115 57 106 60 83
    175 208 137 105 207 246 221 158 254 84 102 182 26 233 109 71 26 117
    182 137 132 202 19 55 199 207 29 10 36 226 229 11 241 35 26 238 169
    63 196 196 247 30 196 221 189 144 58 39 113 165 210 187 56 156 14 33
    246 83 230 88 85 192 15 165 187 134 30 141 92 181 96 65 57 45 102 62
    3 175 231 139 54 110 250 69 203 69 92 139 102 41 105 57 56 245 91
    112 98 83 224 195 123 15 21 73 145 252 5 181 30 112 117 73 90 154
    222 159 115 202 196 199 166 156 78 189 82 107 56 234 138 238 117 136
    219 85 241 54 117 20 218 70 100 113 128 176 205 232 46 157 191 128
    119 213 87 65 226 220 29 210 132 75 145 76 198 243 29 111 69 206 106
    4 54 69 172 128 237 37 17 2 123 225 111 32 145 127 215 47 46 121 227
    48 235 33 118 113 119 172 248 77 121 74 184 93 42 233 98 197 101 22
    64 98 135 160 109 185 192 227 219 75 186 66 186 191 92 86 106 106 63
    221 28 98 118 94 98 224 0 148 141 188 134 162 90 99 102 2 54 116 44
    241 123 52 75 136 160 101 95 100 84 114 145 86 10 56 230 132 110 100
    18 7 168 100 128 43 30 120 36 230 27 114 113 225 109 54 96 201 239
    255 62 234 165 125 135 202 130 191 163 245 126 40 216 192 198 194 79
    21 196 84 43 39 56 167 95 26 31 221 42 146 242 209 99 213 194 128 98
    152 21 151 79 122 192 45 121 168 196 108 72 42 250 38 127 240 80 213
    144 129 55 255 12 250 144 160 97 95 205 118 210 112 123 28 27 253 85
    128 191 246 128 209 119 148 233 75 121 160 251 231 103 35 71 94 39
    107 198 144 205 134 53 229 166 155 15 248 235 225 235 181 198 62 246
    132 6 148 8 95 22 147 253 197 34 24 91 170 209 195 64 130 222 230
    226 111 179 220 21 125 197 91 192 123 69 235 199 31 208 220 198 195
    137 154 42 131 241 35 253 22 90 90 74 154 134 65 73 74 192 156 203
    192 190 187 219 32 248 203 230 64 90 224 201 91 4 57 187 76 176 17
    91 167 222 31 30 230 246 193 107 45 236 222 231 92 54 156 99 244 17
    157 174 44 14 184 187 81 247 210 72 208 196 217 120 206 135 108 37
    14 219 164 223 75 96 227 25 59 216 114 36 144 241 186 77 118 103 128
    106 179 5 113 226 5 53 242 195 34 144 199 17 27 239 233 4 173 130
    125 185 220 216 198 141 213 16 165 161 48 196 219 43 87 40 4 24 130
    250 179 235 120 8 48 124 216 115 63 167 130 86 220 76 159 136 60 18
    250 78 220 16 18 236 90 140 243 199 159 61 220 157 120 87 117 74 168
    68 5 169 251 194 77 145 0 163 28 135 61 173 14 4 156 141 153 18 26
    21 22 25 47 61 117 248 106 43 34 186 98 200 36 204 78 234 138 39 51
    127 49 67 118 14 5 160 2 201 252 84 61 37 70 22 51 249 144 147 242
    236 46 165 161 210 29 232 72 217 107 7 0 178 11 25 232 68 125 85 17
    241 235 149 81 131 134 55 195 36 90 138 106 231 145 109 118 157 112
    221 22 66 149 173 200 3 137 234 184 16 92 124 78 157 198 182 3 74 97
    177 24 183 102 93 52 154 187 89 209 195 84 187 110 110 124 24 84 90
    75 134 91 158 74 21 143 160 198 82 152 33 176 43 98 2 140 166 158
    111 223 86 94 85 71 246 101 166 44 155 122 164 196 13 252 71 201 213
    230 43 17 21 246 149 143 227 131 215 145 182 195 133 242 85 235 31
    59 169 178 89 212 79 229 132 228 99 251 58 22 32 110 123 80 15 40 65
    193 217 10 63 149 187 80 118 212 17 127 150 164 47 195 58 44 165 88
    242 163 26 38 62 243 244 232 138 184 215 228 111 141 167 88 187 23
    120 118 218 130 219 102 228 22 181 190 123 47 199 96 83 18 88 95 179
    188 204 16 78 133 122 9 188 222 210 46 77 113 212 89 202 19 120 81
    175 239 41 132 19 137 101 52 99 13 208 243 234 36 122 97 162 218 15
    189 220 166 143 160 112 196 157 186 125 231 99 192 52 109 38 235 77
    203 23 6 59 43 135 244 119 16 109 164 100 39 9 220 79 148 165 83 160
    177 162 41 9 238 136 146 146 178 253 33 176 94 254 95 115 242 211 12
    245 33 109 230 144 146 32 244 133 48 214 146 164 84 152 70 238 148
    110 237 23 232 240 132 62 224 16 167 250 7 141 205 201 180 31 90 207
    79 241 196 228 50 160 134 204 177 6 91 199 92 197 8 225 154 212 159
    161 109 19 148 123 20 196 217 19 218 112 23 22 189 150 116 246 5 40
    200 252 66 119 132 231 102 172 169 131 175 212 231 223 138 244 11
    197 26 242 30 9 23 226 79 214 148 246 14 56 96 81 47 216 254 173 77
    251 8 100 119 142 53 122 2 14 122 52 141 118 47 25 107 100 73 78 115
    132 116 231 30 33 253 101 179 20 134 246 211 128 49 94 170 143 188
    221 16 162 25 251 252 22 162 241 75 91 187 218 145 108 101 9 214 249
    188 154 33 25 198 244 175 32 161 232 160 119 92 230 144 61 213 19
    100 181 245 194 178 62 150 57 145 150 249 244 167 195 128 212 148
    171 88 244 56 75 78 61 194 254 223 91 111 0 118 19 205 175 47 97 255
    70 43 43 154 165 36 75 37 163 59 54 246 201 100 117 80 57 43 200 254
    225 96 149 133 125 203 188 194 45 19 94 75 176 67 1 96 195 128 159
    174 164 111 28 118 244 137 250 158 96 138 183 222 141 154 120 85 228
    131 38 115 96 82 128 12 140 42 40 210 175 53 153 226 61 184 154 163
    194 80 10 132 110 146 6 148 39 242 254 107 67 143 190 190 185 57 15
    183 179 161 105 47 123 157 57 152 202 201 101 81 133 129 86 119 56
    65 33 36 30 142 6 6 132 80 162 241 198 8 206 235 40 252 123 198 254
    76 221 101 128 125 102 82 117 2 209 31 64 8 208 84 160 109 235 233
    63 176 53 123 24 61 152 221 142 47 245 71 237 30 204 187 129 51 9
    192 226 35 34 106 72 67 12 216 9 211 34 228 33 25 177 217 143 247
    251 1 188 111 222 203 241 166 22 157 68 175 114 56 187 251 82 40 40
    58 89 252 114 29 236 147 96 40 95 186 156 16 102 147 186 78 135 37
    128 96 112 233 21 164 153 119 69 50 254 177 187 25 84 236 107 165
    219 234 59 212 13 96 120 10 225 95 218 254 131 246 33 2 86 241 7 193
    90 29 223 82 241 112 102 169 209 69 89 207 82 188 48 234 6 228 250
    143 68 109 142 118 0 68 44 5 197 252 253 128 119 56 43 84 237 54 229
    170 40 130 35 191 75 235 72 160 180 235 165 190 237 36 92 153 47 9
    20 7 158 197 157 101 189 251 84 180 246 236 184 86 41 94 69 54 56 39
    79 42 121 211 170 94 145 53 66 46 49 24 201 107 255 124 32 147 149
    254 225 130 211 119 158 15 31 158 95 72 85 140 168 206 7 231 243 103
    166 46 254 204 136 9 160 253 92 246 48 171 85 9 197 85 67 14 59 214
    84 149 123 242 130 146 253 50 247 193 177 246 181 94 47 150 40 251
    61 197 18 91 7 205 146 102 52 115 15 92 118 56 107 175 161 153 85
    223 60 145 123 68 164 25 84 44 2 22 248 178 195 20 174 115 58 222 93
    136 249 100 14 241 221 239 31 145 64 119 38 14 224 71 25 83 55 51
    161 195 37 86 56 46 106 70 83 96 87 195 99 40 95 204 65 224 31 94 38
    175 37 239 253 184 212 47 90 201 3 168 148 150 139 242 197 98 8 134
    193 82 52 140 36 46 132 141 177 32 211 103 228 208 173 192 179 145
    92 107 172 1 219 251 46 215 163 249 191 183 41 149 209 146 197 39 37
    232 146 31 175 159 47 43 24 12 76 13 15 149 110 81 41 150 140 53 184
    2 158 112 248 182 110 160 198 2 82 201 76 168 147 174 185 66 199 185
    36 107 103 157 244 35 124 22 172 236 111 180 204 150 7 73 152 226
    201 52 37 17 189 108 16 160 79 160 212 133 100 91 245 10 79 92 80 47
    62 143 231 54 237 34 148 47 64 239 219 138 50 98 0 137 160 216 224
    162 108 69 82 222 0 160 149 211 130 255 78 88 194 151 16 158 181 88
    182 53 82 172 63 99 203 99 100 140 238 168 182 229 253 166 44 71 91
    49 87 27 218 255 231 91 93 137 42 144 35 214 202 83 174 205 37 221
    147 145 23 193 218 233 215 185 11 21 195 57 2 66 174 60 210 163 214
    40 130 114 66 149 102 202 120 204 2 174 212 226 251 54 95 164 120
    105 182 201 249 118 214 63 212 152 68 177 3 134 219 173 161 189 9 62
    102 97 237 123 22 12 51 168 147 160 65 17 22 56 241 156 62 140 66
    152 213 254 71 218 118 126 109 0 165 93 228 158 17 165 39 105 13 152
    165 33 219 104 112 195 159 137 118 49 16 39 128 105 65 203 3 251 187
    88 13 169 64 156 68 181 37 164 201 180 211 17 61 247 210 101 132 192
    38 145 250 38 48 75 245 174 59 227 68 216 49 164 190 211 170 165 184
    176 137 83 114 145 166 224 218 214 208 188 81 175 189 12 191 60 61
    46 233 37 62 132 232 91 68 108 62 66 139 136 42 152 77 246 232 230
    158 71 219 228 112 193 15 77 66 246 232 18 170 124 77 169 217 249
    104 4 208 169 76 29 181 219 32 25 199 25 52 54 108 4 88 124 251 212
    73 208 218 112 152 186 151 207 57 253 237 97 164 82 142 46 44 115
    215 112 208 234 237 222 95 68 182 109 251 22 30 121 87 179 56 152
    236 201 109 191 204 197 16 212 168 95 251 203 89 118 204 69 236 16
    118 233 48 72 235 212 164 144 79 116 157 184 223 150 213 205 142 96
    151 127 230 144 204 160 35 216 90 88 74 247 172 73 208 40 71 165 193
    213 49 204 135 216 96 114 156 128 192 194 240 125 143 66 175 112 57
    82 231 144 110 240 33 255 239 230 227 94 79 127 110 43 154 204 1 166
    87 88 53 226 69 241 162 29 235 203 1 63 122 8 128 27 33 218 102 25
    166 31 41 133 239 91 84 205 161 211 202 77 140 23 127 77 127 207 245
    227 7 135 63 90 248 141 122 247 11 87 60 151 221 167 181 65 81 236
    13 203 232 205 149 48 250 134 122 5 231 26 159 47 14 112 199 207 47
    183 191 143 218 251 97 39 197 117 68 36 7 117 227 221 61 148 8 89
    146 171 215 53 222 132 10 129 201 77 163 18 20 233 14 59 137 167 182
    224 169 151 232 149 201 221 59 178 2 214 240 250 158 66 127 55 216
    37 245 201 195 8 47 119 189 62 14 172 142 157 231 54 101 120 196 179
    209 187 84 174 177 0 179 242 40 186 222 0 46 62 226 165 73 51 12 215
    240 122 34 22 66 174 124 196 185 54 247 203 188 29 226 255 26 219 98
    167 118 5 32 216 243 14 184 29 71 23 90 62 13 8 208 229 89 14 231 60
    97 105 84 90 29 139 250 77 240 201 80 155 247 184 237 204 62 119 54
    83 100 171 56 127 5 188 203 64 101 173 68 234 75 62 109 120 112 249
    252 210 50 180 175 105 122 175 115 168 117 106 227 22 52 47 50 5 252
    237 52 176 238 166 39 16 10 119 139 70 29 238 155 187 16 23 184 150
    64 153 249 246 116 100 235 116 247 187 21 161 32 217 179 173 2 204
    18 97 225 250 143 220 154 14 38 95 209 55 234 12 125 110 111 165 151
    192 93 227 91 212 185 112 41 155 65 139 170 217 247 35 249 71 187 8
    128 29 78 213 48 62 109 213 50 123 249 49 167 210 167 254 153 222
    147 168 221 126 116 187 226 104 120 83 235 195 168 72 182 216 33 74
    140 84 96 231 106 150 204 0 68 122 157 186 7 119 241 39 171 30 38
    184 221 34 42 74 247 89 22 144 124 55 94 249 61 115 96 128 203 27 41
    182 248 207 204 254 51 245 25 71 113 205 120 135 217 121 236 77 163
    63 33 54 192 230 149 213 69 224 212 77 193 139 36 53 77 151 113 221
    242 63 110 155 166 244 83 184 178 10 119 70 238 57 86 142 55 18 172
    253 141 193 83 193 163 151 207 32 71 247 85 132 116 88 70 44 111 92
    212 147 119 165 74 88 165 207 138 224 68 24 242 186 215 80 81 159
    207 30 162 141 12 122 174 241 1 136 79 28 182 144 79 55 100 23 80
    246 18 92 107 111 93 34 21 230 90 230 11 34 5 63 207 173 115 90 182
    106 201 207 242 2 163 236 200 69 142 59 85 148 59 42 250 60 92 195
    118 60 169 167 245 184 121 237 167 110 40 216 135 159 192 253 11 33
    13 67 140 250 16 114 167 63 7 143 140 194 155 68 64 45 120 245 215
    101 121 117 198 82 126 189 135 208 254 43 245 137 5 20 80 225 133 98
    225 15 119 165 31 185 179 193 232 135 177 72 145 24 108 108 35 4 230
    211 182 66 86 144 179 72 112 135 176 93 132 142 85 8 13 211 202 182
    217 55 210 35 144 216 119 89 82 170 154 197 26 158 216 56 134 253
    158 213 178 165 90 63 83 57 147 141 148 214 199 55 81 75 127 45 204
    171 31 56 220 46 255 131 135 124 167 181 136 246 235 202 113 116 45
    73 209 20 100 84 119 202 90 222 23 199 246 56 103 174 233 198 169
    208 40 14 4 35 196 40 210 245 234 252 41 234 115 212 104 62 110 109
    160 141 13 210 44 77 202 182 132 43 68 201 107 252 58 128 250 28 108
    91 108 180 76 47 68 47 0 226 157 41 227 149 102 122 194 228 48 103
    97 165 207 162 90 227 0 184 208 39 252 72 199 105 221 91 162 111 77
    77 212 63 37 185 99 162 69 3 127 142 107 160 173 242 187 248 84 76
    83 82 219 32 165 135 217 13 226 181 107 3 32 170 151 137 71 54 232
    231 34 146 245 132 198 59 91 240 44 185 86 178 16 37 231 155 89 206
    60 198 148 0 66 217 86 63 117 71 55 119 234 218 1 52 23 29 236 194
    140 180 144 143 42 49 242 92 179 228 6 159 46 203 228 234 145 199 10
    210 172 172 15 216 246 181 101 106 85 236 101 102 202 250 119 82 137
    1 174 105 188 176 19 212 137 87 220 234 116 252 211 114 107 84 52
    219 86 120 95 170 210 237 254 84 48 44 210 131 226 75 136 31 91 155
    29 13 207 26 53 120 242 6 26 105 255 16 211 197 193 131 125 246 122
    60 47 79 167 42 72 93 95 157 50 33 225 228 171 251 138 52 202 185
    200 65 58 6 90 205 24 106 253 205 145 123 247 46 128 102 227 50 200
    225 144 84 194 14 138 214 172 228 216 168 253 79 70 47 28 227 172
    116 45 133 80 156 116 250 220 13 214 89 157 153 187 197 254 82 124
    130 102 42 52 105 118 217 17 6 57 182 217 93 162 244 226 241 189 89
    88 182 205 89 58 98 59 134 71 201 169 232 121 21 28 146 130 184 203
    243 81 221 252 51 92 176 207 172 86 77 94 202 44 68 85 95 35 36 195
    221 70 39 168 73 143 142 7 57 131 1 11 11 37 41 142 46 228 79 71 206
    194 137 239 88 83 144 103 186 13 207 134 151 236 152 75 78 153 90 27
    32 4 84 174 164 19 71 107 133 190 199 11 56 75 61 215 119 3 176 234
    222 211 56 47 36 192 93 233 232 43 158 181 141 9 141 179 59 25 5 48
    187 227 150 228 148 10 140 169 246 107 166 159 234 254 51 30 115 51
    3 80 236 84 156 139 205 126 157 188 194 62 5 154 37 192 30 36 31 8
    248 3 229 9 124 61 99 53 224 169 195 193 99 158 59 62 140 255 214 26
    168 73 6 241 106 197 25 211 73 121 41 101 28 52 50 91 239 22 26 79
    116 137 35 179 197 22 204 61 231 218 248 118 55 229 37 197 122 194 6
    127 106 77 172 94 89 4 239 140 128 242 185 149 142 106 53 248 39 73
    110 180 235 36 227 107 254 213 242 122 83 88 94 216 223 60 126 139
    51 150 42 25 255 107 145 89 175 81 154 112 229 235 137 12 158 38 41
    38 125 83 149 4 47 234 226 181 60 30 112 9 107 62 55 251 182 196 199
    58 92 201 69 57 16 134 60 32 6 54 175 95 121 11 121 185 50 171 186
    117 156 53 168 14 109 104 219 98 66 208 253 14 251 175 142 77 209
    136 239 186 195 153 232 93 109 192 207 18 202 64 107 97 181 144 50
    252 234 171 242 186 86 163 27 25 243 3 178 226 61 30 161 43 184 90
    212 103 3 150 247 234 109 114 27 36 106 166 255 170 183 5 113 82 110
    254 122 67 139 97 54 176 72 108 125 212 220 98 94 222 144 14 29 114
    167 192 214 158 238 130 165 224 58 134 178 42 191 162 255 198 242
    188 84 224 2 227 231 56 195 70 224 140 157 231 75 197 96 233 199 175
    34 160 1 91 157 151 208 49 223 190 170 92 49 26 171 215 176 83 187
    219 202 124 33 240 18 223 90 143 188 146 26 252 68 246 15 231 224 20
    16 162 164 29 228 143 73 73 227 158 95 181 183 102 28 89 197 82 191
    181 170 254 95 163 56 9 80 141 185 118 230 155 134 180 121 47 71 188
    184 191 249 119 137 57 193 105 245 224 218 47 198 231 99 158 10 131
    170 218 200 252 99 4 81 139 236 159 90 183 78 126 143 183 53 74 114
    0 194 218 52 132 196 101 214 42 223 230 4 26 82 39 197 216 33 112 81
    236 194 206 222 27 172 129 144 247 161 83 37 50 63 209 124 225 16 29
    237 202 72 18 25 33 212 129 140 1 248 137 246 216 162 203 132 6 152
    40 50 123 105 160 98 121 110 247 48 139 237 205 96 73 219 152 183 25
    66 156 85 14 202 218 243 39 225 37 191 114 53 158 58 216 50 67 201
    211 75 73 213 229 125 71 129 244 74 169 84 26 142 2 22 11 146 140 83
    60 226 4 78 189 231 118 13 239 48 110 237 77 220 25 131 98 235 100
    212 84 155 55 175 80 232 223 192 18 68 47 117 122 73 162 198 173 218
    105 59 185 215 228 106 27 58 129 52 181 222 209 226 121 226 199 94
    223 28 30 208 247 120 33 69 139 242 175 123 153 197 233 122 23 246
    35 133 103 104 108 106 200 182 16 15 206 218 193 47 15 34 126 76 188
    192 25 220 248 92 251 102 227 251 60 49 162 161 132 202 102 59 77 26
    142 101 121 23 70 54 119 132 18 155 162 136 221 77 52 82 188 220 9
    54 115 89 186 174 169 230 146 131 182 39 247 23 158 210 99 25 189
    177 120 148 206 5 149 103 95 147 188 58 21 130 46 233 183 109 63 172
    210 216 15 108 189 198 45 204 34 246 241 22 29 170 255 191 255 240
    40 106 244 61 188 11 37 186 77 71 84 216 129 138 82 227 139 129 79
    172 221 15 217 223 91 197 23 86 241 154 182 32 195 152 216 209 79 96
    63 149 143 25 167 93 57 166 84 170 87 154 110 222 39 218 150 94 80
    211 140 87 46 192 161 189 8 102 219 37 168 186 226 230 11 45 24 135
    95 211 246 61 144 221 195 110 27 204 219 84 191 149 146 30 28 167
    237 21 16 238 113 32 123 36 183 126 4 101 254 7 151 73 221 231 116
    177 3 14 251 146 40 230 11 219 200 15 216 26 115 185 44 17 87 172
    203 28 180 244 170 165 63 155 135 73 174 15 125 45 3 122 18 215 174
    87 193 166 191 221 214 60 127 29 219 179 49 123 55 72 254 143 70 190
    219 122 250 125 6 246 179 229 161 198 207 102 199 59 76 22 27 8 196
    59 90 33 15 97 187 207 151 67 227 30 103 254 157 203 97 148 218 142
    229 199 61 93 191 124 153 28 99 172 168 142 141 202 89 61 53 42 224
    25 32 82 157 169 80 38 223 197 4 214 178 152 189 19 157 106 204 234
    90 112 254 160 240 91 57 105 30 193 249 6 16 196 219 215 222 133 27
    50 51 109 204 108 214 14 91 198 139 80 118 86 243 57 83 92 22 67 78
    201 50 157 241 76 21 35 190 83 85 155 198 17 127 222 243 98 49 155
    15 7 193 194 163 88 116 28 14 183 202 143 14 82 191 186 101 154 22
    149 196 171 137 28 120 81 156 16 2 6 209 129 229 141 22 98 109 188
    254 206 55 166 194 238 116 202 36 146 211 115 206 9 247 242 127 175
    116 112 64 114 73 168 188 24 218 132 52 125 138 97 16 45 116 14 188
    66 125 115 46 111 251 141 243 18 33 36 1 114 26 207 131 211 102 122
    48 210 225 73 112 177 156 231 38 77 242 22 139 218 63 70 173 179 119
    246 92 44 219 254 118 76 92 176 30 12 90 173 48 40 155 78 215 73 132
    30 237 204 219 25 39 94 192 38 36 24 153 244 242 208 192 184 36 159
    20 145 192 172 93 97 223 229 102 23 201 18 54 173 234 240 136 27 168
    44 17 170 77 49 252 32 74 115 200 47 122 153 156 145 68 49 212 98 53
    251 70 120 64 87 204 175 219 179 27 209 96 51 1 247 179 190 80 140
    158 254 121 250 17 3 46 55 64 229 14 31 37 241 126 153 54 217 111
    100 87 89 129 134 52 91 104 236 114 72 147 235 242 139 18 82 5 16
    215 37 22 217 105 190 241 178 49 64 110 224 24 244 182 88 21 49 21
    99 162 61 1 211 108 30 213 51 221 102 72 90 155 198 65 33 115 49 17
    28 242 91 88 114 114 200 199 206 129 211 65 137 98 227 160 158 6 137
    111 212 121 207 165 144 26 140 125 218 197 248 191 76 216 159 14 33
    95 192 247 210 242 154 129 140 102 226 29 250 87 162 18 99 215 221
    117 65 149 100 96 99 15 241 206 128 49 52 93 74 51 91 202 191 66 253
    213 224 236 239 133 134 53 156 30 146 128 168 24 215 99 234 81 245
    98 150 201 169 245 222 9 119 141 200 139 82 251 101 38 174 108 231
    192 55 214 31 124 3 152 174 227 126 172 181 50 60 250 152 156 198
    135 175 44 97 216 241 113 206 18 84 93 67 161 156 63 191 26 233 90
    171 81 35 141 32 166 51 69 169 6 0 24 5 201 69 145 240 192 247 16
    125 236 57 1 84 202 238 205 27 206 110 143 126 207 95 28 89 176 20
    212 10 38 108 2 94 232 13 197 19 204 226 84 129 149 138 101 100 116
    74 164 32 157 254 28 227 81 230 226 245 209 164 25 92 64 244 156 121
    28 240 165 231 98 94 40 229 227 177 211 154 228 148 36 119 59 103 65
    231 163 201 135 86 239 135 165 75 145 180 194 71 90 55 121 74 30 91
    224 221 111 7 154 50 168 127 93 190 63 179 110 243 200 19 191 46 225
    161 100 66 16 4 60 126 229 69 60 228 124 175 38 191 175 181 54 154
    79 148 211 37 56 135 154 233 144 69 202 141 5 242 196 67 56 114 3
    192 84 176 205 114 16 65 24 134 122 106 95 144 164 9 246 111 228 250
    178 80 28 11 178 104 105 161 101 27 47 80 193 53 208 139 177 57 44
    123 81 6 45 28 151 233 147 0 0 29 152 24 234 144 183 236 46 154 165
    173 239 64 246 57 162 98 239 169 66 105 145 164 200 157 106 37 60 31
    252 228 232 248 249 101 244 97 42 134 161 152 120 127 132 128 117
    167 2 117 98 247 71 163 249 26 16 120 66 126 172 100 31 201 59 26
    236 223 93 13 235 108 199 167 96 98 180 47 64 180 105 119 166 89 216
    20 80 170 196 206 71 87 114 159 39 149 50 125 230 39 223 138 92 129
    39 212 227 50 224 12 252 146 7 112 76 147 163 166 144 56 177 16 11
    159 211 60 76 72 170 18 167 72 76 58 176 0 70 130 149 108 216 12 29
    239 112 193 141 101 121 55 199 203 75 110 125 65 136 194 157 162 93
    235 93 59 210 64 68 69 75 109 251 182 81 139 182 49 181 164 97 251
    48 148 66 165 183 47 125 31 7 13 162 74 125 73 160 176 65 173 208 88
    130 234 108 113 162 148 15 137 49 13 242 82 195 126 134 20 14 99 178
    58 99 168 159 75 111 53 163 67 2 104 176 185 44 177 49 67 186 206 89
    197 32 200 98 193 247 14 128 192 165 174 26 189 238 89 219 65 54 57
    75 207 176 235 54 212 1 120 158 208 250 210 161 188 186 23 188 216
    115 84 55 242 157 166 74 222 68 204 221 144 111 162 243 106 217 1 33
    115 43 126 30 87 34 10 53 86 195 167 214 163 214 176 216 237 22 46
    100 138 131 30 203 179 245 42 44 131 172 182 250 204 243 234 246 9
    117 200 19 225 204 190 191 39 27 61 189 34 117 108 54 226 198 104
    140 12 182 101 23 62 5 124 52 221 129 209 115 137 173 175 203 133
    101 255 193 87 5 124 241 166 77 113 185 154 42 122 229 221 229 248
    148 191 156 135 154 7 254 96 166 71 68 153 227 25 72 52 96 228 80
    200 204 214 204 129 156 62 133 135 206 89 173 216 235 206 156 173
    170 139 23 210 217 23 31 7 218 173 145 47 7 251 121 49 242 106 177
    215 203 46 210 250 163 156 108 17 118 223 39 22 211 228 232 167 26
    166 255 108 246 187 113 210 154 31 94 47 130 19 222 2 47 242 36 233
    126 123 114 137 211 17 82 250 57 59 79 212 136 215 195 172 82 86 89
    20 9 149 149 173 213 226 108 25 170 30 184 236 4 184 138 199 192 182
    29 127 26 46 149 47 140 29 82 144 64 152 58 120 42 251 221 94 17 150
    185 128 79 248 117 142 239 232 230 79 8 21 16 208 180 100 54 147 219
    163 32 187 115 60 74 248 167 201 9 102 105 218 59 30 87 226 150 46
    105 244 38 68 134 219 14 197 245 1 138 137 32 2 136 80 82 53 98 201
    227 125 186 181 153 180 29 222 33 226 224 131 124 94 190 147 69 39
    96 68 60 56 49 236 128 122 189 123 247 114 80 38 211 52 97 166 60 21
    78 164 206 101 94 152 102 247 20 178 201 72 89 86 147 250 201 52 162
    130 179 145 51 125 150 101 22 151 34 239 123 89 180 152 50 200 207
    202 25 174 235 142 131 249 90 142 17 28 224 151 215 12 214 131 127
    91 131 241 20 177 156 71 46 180 184 66 156 90 168 53 233 81 181 224
    17 175 33 250 145 180 26 51 82 177 28 45 121 41 110 32 5 97 221 118
    7 121 216 24 186 83 63 179 101 15 184 96 252 99 209 68 121 157 166
    194 189 212 234 68 62 1 182 176 247 148 173 234 1 105 136 231 219
    192 192 126 108 179 134 252 133 227 35 55 219 86 255 210 33 129 237
    185 229 104 241 167 107 198 165 71 46 148 101 7 136 233 17 223 184
    243 67 25 70 31 183 125 28 7 55 85 23 162 178 245 75 162 244 43 248
    58 8 217 30 21 200 150 73 35 211 88 226 197 18 24 86 169 2 44 254 4
    25 211 165 229 23 97 27 73 13 49 248 124 150 145 193 205 205 18 246
    129 72 122 219 60 221 46 155 150 166 251 149 192 86 166 18 214 143
    188 248 140 34 189 106 113 191 103 97 185 212 102 233 230 121 67 210
    169 29 182 0 165 241 17 69 70 217 113 243 246 10 173 20 75 33 156
    168 34 15 123 228 59 189 135 208 164 254 143 58 206 127 172 77 211
    166 165 250 141 116 59 155 218 157 38 72 29 129 187 95 120 136 91
    100 242 21 183 131 2 247 130 42 90 102 219 135 123 51 134 176 130
    194 41 34 69 150 5 245 158 119 112 175 233 218 34 198 136 12 124 121
    157 232 75 77 205 13 93 44 240 125 96 0 207 220 141 253 250 62 61
    163 173 89 37 181 254 39 2 205 17 211 183 110 64 171 201 153 11 239
    55 143 116 9 119 74 71 224 187 47 9 249 192 198 82 8 89 147 214 48
    156 108 86 102 137 136 32 117 109 96 6 221 216 111 241 221 237 205
    43 166 227 138 228 138 109 202 163 133 200 217 48 127 236 156 240
    181 108 54 128 225 214 8 16 25 224 36 97 133 244 205 123 242 194 137
    222 233 95 97 217 243 104 8 80 120 58 131 111 100 167 224 11 252 242
    64 213 226 132 9 106 180 79 44 69 33 51 173 58 43 208 188 21 137 19
    92 249 227 9 242 244 235 28 243 115 22 34 10 63 144 16 110 133 135
    194 69 151 6 120 144 11 96 11 58 62 13 99 129 184 226 136 230 114 1
    198 121 246 212 230 254 217 107 255 103 52 221 68 144 154 240 224
    120 17 99 161 167 222 72 4 68 54 140 136 241 17 90 205 80 138 45 65
    30 113 22 121 150 70 53 142 207 124 182 76 152 191 60 90 111 11 67
    181 205 144 220 177 181 195 213 40 112 90 13 113 95 10 168 125 88 18
    149 231 115 166 108 239 138 186 123 157 1 49 27 128 32 40 249 36 250
    0 90 40 66 62 69 243 72 35 39 177 71 137 203 104 31 153 76 10 213 23
    117 34 126 14 50 224 39 66 251 223 157 171 102 211 180 72 54 35 86
    65 136 111 198 29 230 146 181 88 98 74 96 194 35 171 170 104 82 161
    243 216 124 67 148 57 3 83 201 35 66 74 138 206 98 81 16 229 179 47
    131 1 120 156 191 205 196 250 253 229 252 40 166 145 65 11 98 7 124
    155 106 126 187 213 247 148 18 62 241 228 96 92 80 131 210 31 127
    206 69 209 73 254 177 35 9 155 48 81 78 206 174 249 155 105 137 254
    134 59 121 44 213 73 143 11 7 182 177 139 136 125 68 205 109 62 39
    173 34 196 140 172 115 179 159 9 229 146 66 91 208 99 24 87 30 109
    60 62 144 14 102 11 72 52 104 59 114 147 15 71 186 128 74 191 109
    164 95 107 77 29 165 246 95 41 218 178 38 97 19 128 114 30 29 229
    226 194 41 160 32 243 201 43 73 252 24 63 5 145 247 24 40 109 43 124
    162 190 246 89 204 232 162 65 44 75 213 209 185 5 225 13 184 89 2
    252 122 22 135 34 193 187 94 67 235 98 73 146 113 50 72 89 229 251
    253 215 30 114 68 212 66 150 163 185 24 66 148 59 148 77 70 225 88
    164 241 173 11 86 26 202 102 198 175 145 2 192 172 17 230 160 196 60
    88 245 164 227 52 37 232 138 95 187 0 152 159 87 145 227 182 65 23
    68 205 24 201 255 187 162 236 182 198 209 59 212 98 76 146 141 224
    97 45 165 133 58 8 160 21 149 219 77 115 138 149 152 19 225 46 144
    178 201 130 34 80 212 186 139 14 122 142 150 66 197 181 27 33 136
    159 109 214 7 222 140 231 192 171 5 193 214 193 109 224 208 157 22
    245 189 127 187 129 166 172 230 8 145 179 110 88 33 194 20 245 178
    123 194 173 240 117 229 205 74 217 33 246 68 96 57 165 181 202 225
    35 95 104 249 146 136 111 71 11 169 244 233 209 151 232 71 165 178
    25 121 148 234 108 191 4 71 211 40 68 59 84 96 62 101 136 243 212 97
    38 154 36 61 169 60 67 169 152 82 247 125 187 13 37 200 234 162 237
    40 254 78 244 8 16 168 73 124 188 164 125 59 93 68 103 12 40 21 12
    144 0 104 134 77 50 111 39 37 198 20 6 204 136 200 6 99 221 213 32
    93 225 232 102 111 20 250 193 199 206 199 60 40 84 216 11 145 94 199
    207 2 69 135 243 22 197 129 76 90 11 101 61 250 231 172 190 97 212
    133 210 213 133 33 239 113 95 161 97 212 28 233 20 58 157 25 206 166
    147 90 234 213 206 88 28 80 57 33 149 81 58 163 98 142 182 121 92 95
    152 242 138 74 127 116 31 245 1 186 209 184 119 209 17 255 244 34 53
    98 132 36 252 83 23 68 176 5 209 156 81 190 180 29 200 19 169 244 39
    145 71 172 242 31 199 213 85 210 191 78 250 235 13 44 51 57 176 169
    16 90 70 109 13 112 16 200 88 157 35 193 110 163 230 11 54 63 146 43
    204 186 252 43 13 167 144 54 174 70 27 241 85 177 33 33 200 235 157
    56 183 101 178 46 84 191 61 87 201 87 91 236 37 148 148 53 104 27
    102 191 223 125 35 169 111 118 139 16 114 208 148 229 232 109 133 80
    111 5 112 105 204 85 224 156 151 222 99 5 234 65 68 124 112 38 248
    45 26 181 159 48 27 232 63 151 156 67 13 21 48 84 185 73 200 233 5
    217 127 68 89 83 218 64 174 124 22 244 91 184 205 184 77 157 107 57
    186 248 48 221 89 29 142 49 14 198 75 44 32 24 13 134 230 176 171
    103 112 187 181 76 27 161 173 75 9 200 29 50 110 60 31 181 204 40 66
    199 68 151 51 184 140 162 120 0 248 19 166 254 6 171 178 86 247 240
    135 88 215 123 90 240 137 152 47 121 147 27 163 78 28 10 186 204 94
    180 82 218 115 80 164 188 10 203 138 241 190 175 84 122 184 154 65
    193 155 135 77 181 217 164 4 83 17 91 37 131 159 47 93 195 92 2 92
    234 61 81 152 46 251 236 163 178 4 107 0 6 47 195 157 72 239 176 7
    111 86 38 245 168 156 178 59 146 237 160 162 132 141 250 182 210 189
    179 91 191 167 139 239 15 63 65 6 34 222 234 110 229 148 130 201 216
    93 152 70 198 151 206 201 116 149 242 52 122 205 131 204 187 81 250
    233 234 212 185 252 112 61 19 181 36 80 37 23 183 134 230 157 236
    232 148 214 138 200 22 131 178 150 124 200 140 64 17 8 174 255 128
    65 178 252 142 245 186 228 161 194 64 47 172 157 56 159 124 28 86
    184 30 86 75 61 70 7 98 123 106 131 78 144 11 164 158 126 227 115 71
    222 207 88 65 56 238 198 98 178 45 11 233 229 202 178 123 31 4 202
    161 159 251 16 245 130 20 253 180 211 52 116 218 105 165 102 144 99
    187 167 150 60 204 104 81 112 249 238 169 131 188 77 63 80 155 246
    121 94 252 196 23 1 79 177 188 49 48 198 112 21 82 106 23 233 62 108
    0 216 91 154 42 47 22 29 54 71 32 152 131 91 75 95 230 43 23 222 12
    66 228 156 158 168 198 30 7 169 253 45 107 97 215 98 36 78 4 245 5
    25 24 183 190 191 113 102 109 165 230 238 162 44 38 56 197 251 72
    200 13 231 36 16 219 88 54 29 183 232 8 62 231 189 180 135 168 189
    128 242 130 18 80 50 79 194 111 87 48 43 189 44 113 42 177 92 29 177
    134 55 181 182 198 73 71 93 206 62 55 223 37 70 152 116 61 214 162
    100 235 87 73 41 187 250 72 166 127 98 222 187 37 213 71 61 70 150
    132 46 155 179 241 29 66 235 38 44 163 70 199 184 238 109 7 189 64
    34 142 146 244 22 218 213 99 60 143 69 130 222 175 175 189 242 92
    213 47 114 97 198 104 130 110 223 104 213 182 14 8 239 237 100 189
    49 248 149 139 133 80 142 182 138 108 201 90 11 173 212 135 69 159
    248 34 56 145 0 17 50 215 223 0 90 128 193 14 105 225 48 47 197 132
    58 254 88 104 223 65 208 190 67 220 172 160 128 130 116 245 20 215
    83 94 214 199 100 87 216 35 90 60 164 51 73 158 169 180 182 77 225
    132 21 120 213 112 245 249 204 91 22 63 97 35 247 69 161 44 98 56
    115 190 143 98 179 250 61 237 254 171 255 181 210 186 16 69 39 65 17
    69 88 239 112 114 133 50 154 142 32 38 68 233 78 141 144 99 255 117
    176 2 242 232 211 202 58 76 134 165 140 234 174 29 103 99 128 198
    197 131 150 194 97 219 206 212 195 18 124 0 97 58 116 84 176 27 117
    149 180 166 125 194 126 147 154 39 149 94 175 107 17 222 127 203 27
    205 122 236 96 182 24 33 40 196 111 160 32 68 41 163 217 8 105 180
    192 163 37 174 183 17 254 86 107 11 175 243 133 126 241 1 156 73 101
    94 216 161 178 26 49 89 66 143 253 23 8 198 9 134 198 103 50 151 214
    71 206 65 202 212 142 134 192 16 250 139 126 9 251 205 215 1 57 14
    16 105 151 29 241 9 70 30 231 151 149 75 154 156 202 20 58 78 171 45
    225 233 96 140 101 104 227 168 172 199 60 155 39 111 177 248 248 189
    12 14 63 203 39 107 17 32 72 173 206 232 79 109 230 136 225 174 120
    197 90 247 119 232 6 70 251 71 81 213 204 232 175 230 58 139 245 194
    83 102 104 229 248 60 33 169 66 58 94 149 65 224 117 48 244 41 43 51
    137 48 243 146 105 92 154 164 209 48 27 36 91 6 254 7 130 184 201
    103 215 139 249 111 239 184 97 247 137 31 188 235 66 34 38 96 160
    121 147 195 5 96 104 247 249 249 23 62 38 110 204 94 146 153 37 234
    100 249 182 70 132 208 65 168 36 245 67 123 178 234 121 239 216 91
    220 41 115 133 129 156 228 133 143 155 155 160 66 255 67 197 180 1
    91 93 93 100 205 97 204 41 64 101 148 182 182 12 60 152 89 216 25 77
    119 188 51 11 109 130 244 101 230 35 173 69 243 117 29 182 213 143
    33 52 74 159 243 113 168 66 225 191 233 203 107 49 88 205 121 62 160
    183 191 131 82 131 117 182 61 48 80 211 27 126 187 235 69 95 166 180
    51 104 234 147 30 178 46 41 7 68 134 31 64 204 53 213 163 154 104
    132 245 251 192 100 88 181 170 106 254 3 40 113 224 42 13 88 62 21
    243 130 67 93 90 190 173 118 17 188 252 53 189 158 222 11 168 126
    242 234 183 132 78 235 106 11 66 99 17 196 66 206 96 202 221 248 234
    199 144 19 14 200 225 148 106 84 154 255 26 225 33 177 168 164 162
    146 127 20 36 145 58 200 200 64 39 36 75 48 248 10 86 222 226 21 119
    23 165 168 85 34 8 146 236 230 12 72 250 82 126 207 133 66 106 214
    240 200 208 119 235 176 216 46 147 183 230 70 149 137 155 192 221 14
    180 36 181 105 241 139 251 164 113 82 194 7 183 116 68 213 214 127
    94 214 199 223 153 127 206 82 102 39 17 143 115 136 78 11 59 216 222
    86 49 36 207 251 213 192 98 165 198 235 7 103 212 101 151 140 127 37
    96 221 65 14 216 158 43 166 158 18 29 193 18 59 91 15 155 63 26 150
    172 155 168 225 221 48 172 133 60 150 213 200 197 250 212 11 127 158
    135 36 227 142 81 244 234 202 186 74 39 236 69 180 250 195 30 67 125
    181 83 158 70 218 77 145 103 228 53 233 217 38 175 125 58 99 106 78
    161 26 174 73 239 199 194 6 124 36 49 154 20 191 25 40 223 251 87
    129 171 242 154 62 95 222 103 59 38 8 36 123 115 88 132 201 228 82
    22 177 31 132 115 150 132 159 245 195 200 111 169 87 154 45 23 243
    234 46 114 51 17 248 234 81 30 158 46 199 0 176 201 23 181 90 23 254
    104 208 153 182 251 229 151 157 50 69 182 87 25 54 1 250 204 18 45
    25 101 179 170 156 253 246 79 56 74 165 210 151 160 123 247 247 242
    91 19 100 13 83 83 102 16 206 157 161 44 75 4 240 179 215 201 197
    186 60 25 46 107 207 10 113 14 88 171 120 224 80 207 162 231 166 131
    228 96 0 106 79 62 66 129 13 153 234 238 45 47 229 205 48 171 243
    199 162 64 49 115 125 188 174 37 47 240 46 246 3 42 211 140 150 58
    246 86 2 187 191 225 18 37 161 64 99 11 249 65 113 215 42 215 65 182
    197 181 8 9 218 49 218 252 62 237 53 191 59 58 78 186 97 173 131 189
    135 50 186 170 245 170 207 155 100 19 19 117 232 47 242 47 214 14
    156 131 235 211 253 162 223 236 82 213 135 190 198 87 174 205 135
    195 61 151 200 170 179 120 241 75 241 139 197 26 38 101 201 162 6
    166 75 12 195 54 126 5 212 224 4 116 132 101 162 36 11 119 151 135
    233 75 47 246 39 96 7 210 241 156 204 110 162 122 169 87 150 23 91
    128 72 209 153 176 188 11 33 31 67 230 88 173 41 160 49 215 155 39
    16 99 173 216 196 213 109 139 30 196 78 57 59 48 130 141 217 49 212
    29 252 5 49 63 229 162 43 35 65 15 85 107 176 182 82 241 27 45 70 71
    192 21 216 23 11 187 55 30 231 203 86 130 160 196 100 187 144 233
    189 43 103 212 229 214 242 239 225 125 234 208 143 151 228 178 16 29
    82 2 234 16 220 44 103 70 249 182 235 224 207 210 131 116 93 83 185
    202 95 198 89 163 129 55 47 183 128 120 117 169 66 78 83 101 200 86
    22 3 84 134 232 63 11 35 178 220 129 180 48 119 205 232 232 215 208
    37 209 158 127 1 90 181 129 27 91 228 204 14 205 147 97 69 96 52 197
    119 201 224 220 23 117 53 42 215 235 55 65 81 152 58 167 160 152 94
    100 236 1 66 178 47 213 186 247 231 149 42 153 93 133 181 15 151 90
    20 78 216 171 56 142 105 75 138 78 139 170 81 93 231 213 130 38 112
    232 43 224 176 172 130 149 148 217 148 56 19 88 92 66 11 255 53 153
    38 27 204 137 30 0 101 99 3 116 255 141 138 37 247 42 148 118 212
    183 151 237 61 16 45 4 185 7 115 148 170 136 14 107 220 69 53 175
    251 100 13 43 96 0 63 136 135 198 250 240 217 186 233 139 190 210
    120 247 20 199 166 216 105 213 102 67 210 38 122 117 84 9 211 18 102
    69 113 118 61 66 158 100 79 60 170 249 32 34 252 86 40 113 6 63 83
    174 52 225 212 192 3 183 63 80 70 72 254 114 193 124 237 186 158 81
    135 63 202 163 255 170 214 85 164 198 24 26 25 101 98 175 154 20 102
    25 5 27 237 99 26 43 146 47 51 45 173 142 31 222 236 64 208 193 34
    95 183 140 116 153 67 126 66 86 252 190 184 164 229 175 188 84 39 48
    123 8 36 188 51 236 166 181 220 112 219 228 196 43 130 99 136 193 43
    189 62 229 131 16 220 40 129 216 133 137 0 166 82 137 225 50 200 178
    17 17 8 106 99 115 119 155 104 220 120 248 98 10 79 6 56 233 42 63
    36 230 195 186 85 31 196 205 187 29 206 164 135 107 26 102 143 227
    166 18 194 16 185 47 80 248 137 144 93 188 97 202 14 197 181 178 95
    231 0 25 123 29 48 249 215 200 203 216 51 77 46 237 148 213 113 101
    185 40 118 209 100 135 67 128 120 74 185 28 23 126 242 214 192 110
    191 151 123 182 254 6 234 183 240 105 79 41 229 51 122 151 25 191 65
    242 236 5 131 181 63 44 104 194 170 246 178 124 90 110 188 52 194 92
    27 191 65 63 210 2 17 111 253 172 198 73 197 147 159 204 182 176 102
    49 178 138 144 55 135 247 253 210 179 168 191 92 233 21 97 118 148
    152 139 161 178 142 172 170 157 164 97 144 221 145 157 166 253 128
    245 250 108 199 77 54 175 134 24 218 45 187 196 226 164 121 162 107
    225 231 165 180 65 30 230 167 227 196 220 165 195 249 112 217 217 26
    212 46 92 64 237 128 235 41 53 237 202 70 36 73 90 30 135 228 81 62
    23 29 59 61 140 203 166 237 226 132 15 188 0 4 17 227 78 193 147 37
    245 107 233 153 188 103 153 85 234 253 159 231 128 55 9 107 246 2
    239 71 14 174 208 175 16 145 169 60 157 139 38 207 220 116 245 173
    120 70 204 98 154 4 116 27 199 22 4 162 103 9 144 102 198 70 184 106
    248 67 192 12 227 128 80 59 246 59 55 31 58 38 103 223 5 41 91 84 10
    199 74 85 51 215 39 61 54 176 9 124 12 129 29 128 139 199 74 68 69
    218 135 213 211 143 235 177 187 177 207 167 112 131 101 113 150 51
    22 43 11 113 177 180 137 216 34 81 111 19 9 86 18 136 221 125 12 95
    34 214 127 32 27 38 87 179 135 209 76 93 4 57 41 96 35 75 30 245 242
    54 26 13 135 197 133 137 6 144 138 139 182 150 241 207 183 13 211
    122 13 213 58 220 64 56 254 215 146 120 254 108 82 237 242 151 204
    124 35 34 113 185 50 248 64 198 155 139 166 22 47 108 227 141 212 89
    64 187 241 240 3 56 183 80 56 47 52 156 196 250 89 117 172 210 50
    143 49 248 148 41 233 85 184 82 73 18 22 137 113 0 29 108 152 10 12
    137 84 15 208 70 135 174 159 228 184 29 159 174 1 158 176 200 139
    240 148 167 154 240 168 193 135 187 12 238 218 36 9 227 105 5 25 144
    227 227 17 55 4 155 108 154 161 145 147 67 238 101 115 25 214 181 6
    134 89 244 236 252 33 166 158 95 42 109 212 229 157 223 146 10 20 37
    184 52 165 21 181 207 19 25 44 131 161 46 131 138 46 72 250 20 215
    252 83 117 8 173 79 165 79 68 197 11 70 86 222 182 2 117 176 54 30 3
    247 204 27 53 69 145 40 143 164 112 62 19 129 145 46 9 249 210 126
    55 178 235 184 98 3 165 253 4 38 49 49 44 177 145 30 173 186 188 242
    18 231 199 29 230 235 251 176 141 48 140 80 128 75 147 146 178 51
    143 146 12 215 134 209 125 14 129 110 116 105 150 173 20 93 92 177
    28 16 219 149 156 217 170 84 150 38 137 159 120 138 55 13 35 251 80
    150 122 126 182 242 34 202 211 239 169 238 43 223 82 59 42 17 143
    216 46 226 22 236 105 215 174 29 47 165 233 101 7 91 91 161 56 215
    81 51 71 132 173 122 67 157 43 108 236 133 248 41 38 136 120 189 158
    41 105 125 7 104 209 150 253 178 190 186 138 9 46 193 246 183 137 23
    235 191 99 126 100 158 197 124 69 201 36 161 10 226 62 94 196 59 152
    236 145 98 175 13 143 251 20 251 135 107 144 105 69 231 236 42 63
    195 9 115 105 30 4 131 39 188 80 89 175 220 143 74 136 159 163 185
    89 167 219 209 27 110 55 63 107 126 228 243 241 170 114 229 119 158
    102 196 60 27 19 129 24 79 127 0 246 214 161 116 193 251 120 91 187
    33 174 185 90 124 145 101 225 83 250 184 90 96 20 7 241 223 148 193
    130 112 151 189 140 210 34 84 20 4 22 233 222 117 242 80 55 127 182
    224 81 42 91 63 64 105 196 118 113 221 143 188 168 7 60 106 112 83
    128 182 170 7 220 48 168 139 94 67 10 173 108 127 3 230 243 135 202
    249 199 159 85 208 244 63 85 76 253 99 34 218 89 59 75 207 49 16 82
    215 30 202 138 98 91 79 196 35 163 36 79 95 100 127 14 99 191 234
    220 15 195 154 120 58 136 101 238 249 137 223 190 233 17 139 250 158
    158 202 106 173 14 24 147 153 52 191 168 5 243 25 65 125 112 220 221
    225 253 0 240 215 105 187 11 113 170 229 43 156 209 17 253 181 223
    182 166 107 168 154 150 102 101 43 109 119 133 13 98 203 77 74 153
    124 235 6 229 203 22 128 71 93 206 221 117 230 208 176 135 21 42 151
    88 51 167 237 33 60 161 102 30 238 32 7 207 130 70 16 160 211 49 167
    158 122 241 240 32 143 221 170 173 142 134 125 10 107 178 74 73 123
    140 107 90 98 144 222 32 94 29 84 42 8 63 166 152 214 133 226 172 99
    213 75 46 39 223 126 53 209 185 190 6 67 60 158 107 44 179 131 40
    172 243 158 163 96 166 14 155 57 31 52 73 255 216 127 129 91 181 166
    53 85 49 158 215 202 148 51 73 7 145 90 237 109 119 84 11 222 82 121
    253 137 184 103 81 140 123 237 97 66 154 114 0 152 219 85 155 192
    125 29 144 116 204 169 145 93 25 255 150 214 131 233 111 32 108 49 1
    187 134 36 49 173 192 180 92 71 251 204 183 198 84 141 107 182 247
    67 58 160 154 136 61 125 47 2 129 25 196 225 229 109 99 232 64 185
    170 69 86 217 104 54 202 98 221 187 73 5 83 40 183 107 109 105 77 99
    17 96 18 195 67 232 88 54 172 21 242 78 161 242 221 221 102 206 172
    121 124 116 209 6 101 9 188 132 249 5 114 21 116 141 193 31 173 39
    155 91 181 209 197 14 33 45 51 96 215 209 229 173 237 188 82 244 95
    186 63 73 158 170 221 83 190 163 141 83 180 96 240 182 214 73 27 152
    248 205 174 171 199 12 3 210 190 78 132 245 204 129 7 254 203 236
    197 82 204 236 152 170 24 96 4 4 248 107 171 100 105 91 96 15 212 42
    147 117 127 207 100 122 39 230 114 78 178 9 199 97 138 242 102 233
    151 222 151 172 125 156 129 106 170 79 181 138 87 201 1 59 219 127
    217 89 223 6 14 119 219 116 54 35 185 82 169 204 116 63 71 47 132 11
    85 42 116 57 27 110 254 248 224 128 224 150 91 202 47 95 6 241 210
    185 218 153 58 82 207 172 161 160 93 238 210 42 249 171 18 155 30
    244 9 251 91 159 141 97 157 55 253 230 26 61 162 24 146 240 91 205
    90 32 113 79 164 251 55 199 82 131 229 136 212 102 29 157 241 60 214
    180 12 247 153 249 48 156 221 101 168 158 233 143 209 18 155 37 8
    131 82 21 65 192 84 225 7 220 84 240 140 50 162 252 123 212 99 145
    109 140 82 176 234 88 87 131 181 151 93 37 132 15 59 212 156 146 6
    247 195 209 37 51 213 34 33 22 160 8 200 201 181 202 251 113 183 168
    112 209 149 129 54 251 3 174 1 235 64 246 179 130 104 47 230 48 121
    197 169 214 55 155 49 10 71 243 168 223 74 138 9 195 171 17 243 223
    115 90 138 125 17 238 217 235 231 252 127 5 135 186 91 159 230 215
    69 103 232 178 90 151 91 240 247 39 191 235 204 82 201 40 239 173
    177 87 223 89 146 160 220 150 99 89 203 129 20 221 42 47 162 128 244
    176 75 224 230 60 44 113 207 47 98 45 193 203 2 120 147 243 104 13
    63 201 216 205 200 41 224 1 60 37 64 44 182 71 125 212 21 72 83 224
    83 234 89 219 90 121 22 67 130 246 169 49 32 73 4 134 24 46 123 19
    174 106 128 127 77 156 251 135 72 219 220 39 194 211 2 50 200 30 102
    63 255 170 155 123 112 235 112 97 40 235 226 97 33 44 35 145 207 140
    123 120 164 143 246 55 213 141 95 55 205 159 68 147 88 204 159 107
    27 245 186 24 250 119 25 38 202 154 229 36 32 69 124 40 251 163 61
    202 3 226 217 102 98 199 196 145 48 58 165 47 217 142 31 33 241 91
    20 13 97 144 199 154 237 28 47 197 29 111 113 56 9 5 192 65 191 138
    101 255 7 149 98 171 122 34 222 61 180 118 58 164 8 194 122 216 58
    249 13 13 50 176 31 65 226 252 86 165 130 25 246 131 110 122 205 42
    160 103 104 83 251 147 8 76 39 164 54 45 104 161 241 92 6 167 75 183
    4 240 38 175 125 152 17 137 190 98 68 113 129 81 136 192 88 93 109
    177 109 104 186 44 62 28 139 204 195 188 252 247 87 49 53 143 102
    208 11 135 71 147 6 124 208 23 164 236 102 114 19 136 252 120 147
    178 25 182 132 107 143 220 236 58 64 26 0 30 65 211 11 229 153 234
    62 151 38 128 241 14 192 25 2 230 219 232 199 48 0 198 203 139 166
    121 213 44 135 247 203 149 0 200 99 152 240 126 128 83 163 42 242 68
    68 219 8 15 59 136 187 27 183 112 27 88 0 182 150 45 8 130 181 47 90
    118 141 250 155 19 181 252 115 201 195 211 208 84 232 236 99 218 105
    70 220 139 175 59 115 133 93 7 70 134 112 237 224 188 176 172 96 205
    81 121 7 31 180 145 76 52 103 57 185 0 64 51 127 195 248 93 61 113
    69 53 88 69 164 64 214 51 140 145 248 236 222 55 183 5 133 130 48
    201 158 112 164 154 98 79 244 43 57 151 81 65 66 130 81 180 108 211
    35 206 57 162 152 62 156 32 159 100 7 247 234 218 243 108 1 95 81 14
    71 79 209 201 95 237 48 44 25 192 202 219 17 131 54 167 175 135 34
    43 234 47 9 152 197 126 77 34 49 174 246 236 16 82 82 30 193 9 173
    156 7 70 110 133 235 221 10 119 199 105 119 160 124 23 251 181 200
    72 3 185 194 125 246 216 120 237 105 98 29 49 229 81 83 30 132 98
    232 150 186 30 17 255 69 158 169 231 90 155 39 103 53 141 107 164 57
    236 225 127 25 44 165 86 228 234 170 208 203 207 164 65 69 221 25
    226 243 61 55 97 175 110 43 171 14 150 214 158 174 187 215 83 108
    212 218 13 144 208 147 98 159 65 77 228 196 167 29 89 144 184 168
    249 236 176 209 65 31 113 201 197 172 215 17 191 101 15 58 208 48 65
    92 241 162 233 139 111 143 232 187 207 129 139 162 247 240 206 124
    158 83 173 25 210 190 4 37 204 238 142 198 80 251 7 144 115 98 187
    207 163 182 92 194 56 34 206 21 33 239 138 249 154 49 43 96 103 223
    192 204 233 54 136 181 51 203 114 198 240 144 166 62 64 209 14 200
    35 204 0 71 31 102 150 251 162 84 217 107 154 242 13 250 54 70 216
    117 77 13 95 199 215 253 20 220 206 129 58 56 68 144 152 41 143 136
    2 55 251 186 111 108 0 114 201 210 149 138 27 154 97 96 189 234 112
    29 251 172 41 11 99 128 215 99 4 112 65 200 48 105 173 242 247 165
    116 175 28 21 218 1 118 25 183 100 114 90 213 83 36 239 7 220 246
    180 241 180 90 94 84 56 79 114 101 235 11 178 59 77 51 197 40 119 11
    97 76 166 153 11 197 5 31 202 24 33 44 51 91 172 109 57 70 88 244
    107 233 251 152 118 131 98 107 234 175 19 137 72 99 132 90 27 188 53
    111 213 115 67 234 203 124 176 129 95 186 71 146 54 26 4 215 230 156
    111 77 146 73 36 109 32 162 227 33 173 226 76 170 242 170 25 228 217
    233 206 252 164 101 28 134 172 111 237 16 15 152 214 24 192 242 74
    249 57 197 35 142 71 20 112 21 161 24 135 125 207 27 54 66 193 23
    137 92 105 96 62 178 166 23 75 225 48 174 198 37 109 229 103 135 131
    240 60 170 83 59 239 210 24 154 203 103 227 72 255 194 104 146 172
    147 239 134 11 6 197 112 166 253 150 64 116 228 49 147 102 12 122
    226 133 181 102 119 220 213 142 193 233 126 53 1 80 92 52 107 180
    170 154 168 209 139 79 48 211 221 27 42 245 72 165 153 156 4 204 96
    227 171 34 133 253 27 142 189 59 47 186 146 89 134 171 222 208 92
    215 221 161 92 107 34 7 113 194 119 191 166 103 153 35 101 171 152
    194 225 45 159 204 174 226 8 140 148 3 65 7 190 167 35 54 178 206 13
    70 44 219 198 149 116 76 73 148 188 146 55 229 208 40 250 61 161 159
    4 147 94 47 162 4 84 21 90 45 224 148 238 63 32 240 254 145 235 181
    176 160 5 27 169 151 21 247 27 108 73 37 225 194 235 139 3 252 25
    181 14 11 229 147 36 220 72 82 179 6 65 0 5 113 249 133 201 103 237
    90 142 154 202 32 177 115 205 146 47 92 31 64 68 40 204 103 124 32
    118 8 64 179 88 134 80 72 189 177 147 244 82 242 35 199 90 208 118
    173 39 19 121 240 182 225 241 93 126 8 183 250 115 164 138 21 194 73
    111 72 88 140 128 9 77 66 49 37 71 64 186 114 131 229 171 63 155 118
    246 200 84 221 97 191 148 166 246 236 81 239 15 188 233 73 228 196
    158 254 52 152 32 244 88 232 214 239 90 33 163 212 70 175 254 177
    116 153 39 50 222 166 10 22 123 38 55 76 155 216 173 3 100 179 155
    31 243 0 162 123 210 171 37 61 210 121 124 37 149 154 242 63 248 134
    70 216 225 8 254 109 145 59 116 130 86 187 235 150 35 122 82 247 63
    10 107 23 195 230 122 204 242 234 188 76 91 116 20 22 87 192 154 218
    177 112 63 21 230 228 153 100 253 154 188 170 107 227 30 57 203 63
    13 114 241 15 137 38 153 229 108 85 15 117 16 81 219 4 113 49 94 229
    203 75 81 10 190 129 221 4 217 218 150 225 142 65 165 62 244 120 130
    231 241 175 170 224 66 202 131 109 242 103 120 206 49 111 167 15 31
    15 209 249 48 168 210 106 158 131 85 121 70 196 181 170 57 159 227
    136 36 158 8 108 161 128 24 221 103 98 21 37 51 40 163 141 238 48
    110 17 48 20 37 111 35 106 248 54 12 31 36 169 176 29 173 12 71 24
    147 227 10 64 230 147 38 55 231 32 104 134 33 165 30 155 201 93 131
    6 96 125 73 113 116 229 75 185 230 16 26 220 161 2 215 89 58 29 121
    27 124 27 109 161 151 40 12 126 211 165 222 129 82 16 251 221 225 49
    60 181 67 36 69 113 222 131 245 173 163 7 15 175 213 63 88 24 37 197
    78 203 107 135 7 219 51 81 37 56 197 107 206 215 67 114 170 213 78
    199 154 26 89 249 130 80 240 175 62 122 79 128 159 30 63 143 213 114
    220 14 240 120 88 250 158 198 178 79 244 141 112 35 198 211 159 133
    169 167 59 23 201 210 85 118 241 129 220 125 131 183 236 21 245 155
    128 241 21 150 227 249 251 94 73 247 225 31 176 130 135 144 96 247
    15 213 157 217 16 236 34 112 15 49 158 77 64 80 149 60 252 89 226 38
    197 157 103 141 157 64 63 105 45 161 55 26 163 8 163 49 87 193 62 30
    23 109 195 127 87 112 207 206 153 252 217 181 221 50 102 145 86 167
    100 128 9 205 205 251 230 201 12 22 173 140 91 66 7 63 239 74 193 73
    202 253 118 215 149 139 6 219 81 178 215 152 187 220 181 144 67 189
    178 9 49 80 253 135 0 163 94 131 162 111 154 91 89 55 118 53 17 223
    192 253 14 12 211 16 71 143 107 195 230 171 101 85 219 62 141 130 36
    201 135 171 144 239 139 20 66 15 226 5 11 197 229 107 30 103 150 61
    88 239 195 106 44 85 151 83 27 151 53 199 37 165 59 42 22 0 122 244
    220 191 42 57 72 75 20 8 81 90 15 168 54 131 75 58 102 126 243 183
    59 248 5 125 215 241 32 34 182 84 245 87 180 14 58 153 127 160 139
    195 197 144 92 190 48 133 180 113 140 146 247 63 233 229 14 92 190
    194 220 229 109 79 246 175 43 8 16 35 81 33 0 231 150 214 210 223
    136 182 35 70 172 100 127 17 121 105 64 157 95 168 12 75 147 166 121
    227 0 51 31 157 79 42 135 157 245 84 114 246 195 2 95 176 102 76 192
    38 71 36 48 41 26 194 245 20 241 120 0 248 9 49 108 46 147 66 229 96
    213 192 228 104 184 253 226 185 222 164 251 32 61 55 122 241 201 177
    33 130 220 220 178 127 118 145 186 32 253 52 105 5 96 192 153 39 17
    230 69 94 47 80 73 243 98 93 219 121 171 206 183 110 70 226 89 98 3
    99 155 132 125 116 120 234 87 65 27 1 154 241 28 213 115 171 136 42
    29 250 153 235 80 234 30 142 118 151 249 143 49 176 45 69 196 69 152
    190 89 233 61 113 52 30 7 133 95 79 182 47 48 172 49 111 23 183 155
    155 242 178 95 14 88 244 99 162 231 215 253 110 39 206 186 7 23 135
    63 122 146 13 225 229 127 205 131 64 109 20 202 246 186 155 45 167
    66 226 23 157 87 240 201 159 61 17 148 91 186 116 105 199 213 154
    214 212 127 244 12 130 28 67 180 24 116 51 255 206 118 157 94 232 86
    67 91 131 21 21 26 48 85 225 183 254 197 217 226 9 200 228 143 131
    110 125 230 223 60 105 40 207 50 10 41 151 253 44 188 129 87 200 151
    147 123 227 158 137 86 9 146 132 19 159 238 200 3 220 17 47 174 171
    93 142 138 243 131 198 213 223 89 241 133 24 254 92 134 55 46 176
    127 43 110 149 72 53 57 216 223 166 118 255 14 183 184 199 60 195 45
    208 103 57 186 193 245 243 177 71 245 165 114 187 111 95 121 29 215
    33 188 208 31 88 237 160 11 94 100 148 119 179 12 5 221 0 21 30 146
    13 112 159 88 201 185 115 215 236 98 197 241 7 150 248 143 55 166
    230 95 93 58 111 172 132 110 204 145 199 207 107 122 141 55 235 240
    175 115 21 26 190 182 67 58 221 218 93 152 222 9 49 108 189 226 29
    66 222 61 71 113 66 151 116 131 222 126 35 208 192 77 142 163 169 53
    182 87 56 206 15 111 242 241 51 200 21 217 216 78 113 126 186 118
    149 59 115 164 35 3 88 113 17 2 188 195 54 251 60 194 26 75 160 11
    136 40 15 217 3 87 2 28 22 253 246 35 145 152 24 159 137 53 133 224
    192 74 230 199 1 207 223 28 119 16 227 88 111 160 133 185 141 43 198
    69 150 157 47 96 208 106 96 135 183 141 136 185 185 58 115 185 229
    15 167 45 240 185 220 216 140 56 220 66 208 223 55 35 248 18 194 208
    225 126 25 66 176 170 222 108 163 203 29 30 163 167 153 33 160 231
    37 2 118 24 3 223 39 215 179 63 66 180 21 156 233 142 146 7 116 92
    176 115 249 82 136 224 114 7 224 144 63 9 107 106 219 159 191 103 6
    250 100 14 100 105 183 88 137 44 125 66 232 93 219 4 188 28 116 34
    46 138 159 118 137 51 102 7 94 235 170 169 156 98 1 189 206 196 27
    244 9 126 43 252 71 191 94 84 34 128 173 190 150 212 130 85 116 154
    35 73 193 206 150 85 57 80 68 202 190 118 183 154 51 96 252 10 8 133
    164 177 221 127 126 23 184 210 9 18 71 192 239 178 77 243 175 223
    128 216 109 237 137 203 109 225 249 33 244 248 34 205 141 145 162 78
    166 226 66 33 235 1 94 13 19 252 127 33 232 146 30 75 183 188 149
    201 12 92 181 201 31 53 29 14 13 179 233 182 158 207 65 59 231 229
    29 157 70 189 98 72 152 84 163 255 153 169 177 125 5 81 19 138 216
    84 52 31 25 191 231 27 31 142 93 19 42 244 77 12 214 52 149 121 214
    98 219 207 76 68 91 14 31 14 62 19 100 130 111 79 77 165 12 67 127
    237 101 21 38 62 25 252 235 41 31 204 32 100 185 243 127 4 199 160
    223 59 28 78 63 47 11 88 161 230 244 183 223 231 192 243 145 23 120
    233 16 58 220 192 85 154 100 95 97 255 140 175 246 144 164 143 159
    218 66 231 182 4 148 67 210 151 166 58 87 68 110 197 41 57 5 173 82
    203 217 79 205 141 24 121 119 147 173 4 233 140 133 86 124 235 149
    112 176 243 86 199 115 177 31 79 21 255 118 45 35 97 48 54 90 221 39
    207 124 188 218 95 59 58 213 160 208 185 81 151 59 21 51 90 247 72
    118 59 175 48 23 165 162 227 117 39 17 226 151 182 118 97 206 30 161
    201 218 0 106 178 3 89 164 31 14 129 151 71 119 128 244 211 166 136
    240 255 26 224 160 66 155 50 137 31 134 67 175 38 57 45 132 214 188
    44 49 253 171 156 129 218 18 148 65 212 232 104 36 91 195 230 233 2
    120 67 191 155 237 90 235 233 240 13 182 182 224 70 102 91 190 255
    180 65 157 45 92 232 216 27 152 74 52 115 48 184 76 111 147 240 192
    71 29 32 173 114 110 37 230 178 96 28 189 50 220 123 119 198 64 174
    232 193 172 114 174 48 206 106 134 241 230 226 116 114 248 211 31 61
    139 194 60 139 65 82 22 179 210 175 178 93 170 11 81 37 49 128 95
    182 152 181 140 54 46 140 250 44 115 21 55 234 89 42 93 78 108 109
    10 158 125 178 74 14 152 139 245 15 195 34 215 60 115 151 79 24 166
    221 249 162 49 250 230 113 45 10 42 50 60 151 141 137 115 156 109
    169 15 207 120 111 171 6 200 51 32 6 146 24 248 53 41 34 16 143 86
    229 67 40 197 68 60 31 39 157 121 114 15 87 105 19 11 92 123 226 51
    180 241 238 34 88 77 106 210 231 45 152 190 131 52 150 43 198 83 60
    87 111 37 191 84 22 110 218 77 243 246 178 60 3 128 201 13 224 143
    249 25 175 220 225 251 173 125 107 31 147 251 160 69 26 150 56 105
    72 28 45 98 219 209 115 99 9 230 198 216 160 74 98 23 233 37 73 28
    162 152 136 135 255 121 168 185 223 67 241 248 46 18 150 118 59 221
    157 165 186 51 60 145 129 227 186 127 39 14 221 196 83 79 145 236
    131 22 174 27 63 226 37 191 210 179 81 238 166 67 197 81 254 254 209
    215 163 136 157 195 144 62 100 233 112 45 61 133 242 252 216 109 19
    185 13 101 174 251 77 159 143 111 48 67 57 166 180 241 54 24 133 174
    26 174 60 121 190 0 85 229 235 78 238 136 138 23 12 116 119 13 82 53
    83 254 58 217 27 185 201 126 253 155 194 126 230 190 34 44 8 81 180
    110 223 216 37 234 105 205 147 154 24 69 27 90 27 112 150 231 143
    140 64 79 206 222 164 14 195 133 38 6 179 250 107 4 111 219 46 14
    124 50 75 57 112 212 186 235 243 164 146 116 119 198 232 39 162 178
    43 36 81 2 91 92 246 179 117 250 250 49 74 64 247 171 159 163 50 8
    222 251 35 218 208 198 99 131 94 19 129 248 168 76 19 243 58 137 184
    131 81 172 67 99 122 112 242 107 193 181 63 55 237 83 243 230 98 84
    220 147 92 26 80 143 196 169 88 191 89 131 82 245 200 209 120 194 69
    55 245 159 228 9 132 66 174 183 52 147 155 216 105 39 235 235 202
    125 80 100 54 64 70 149 150 52 36 126 26 20 107 191 171 37 173 127
    143 186 8 153 21 240 124 71 231 216 74 29 2 138 249 132 244 236 3
    181 20 72 200 199 83 44 39 14 166 81 212 197 138 214 113 203 69 106
    54 52 65 125 124 217 20 172 237 160 229 231 166 190 101 181 155 131
    109 10 247 143 56 253 32 209 199 131 153 9 27 216 185 190 53 250 200
    177 241 135 154 78 11 58 81 109 144 175 140 235 34 77 213 185 39 198
    241 142 162 120 224 84 23 249 230 73 215 24 81 28 35 43 89 36 88 203
    60 136 59 91 234 66 246 1 17 94 141 207 217 76 252 102 176 66 62 130
    65 149 102 119 218 135 5 135 139 141 47 124 162 18 188 61 50 49 216
    34 44 189 163 190 15 120 43 20 229 80 175 101 193 210 11 153 99 226
    16 197 39 122 251 108 59 1 194 24 177 119 65 221 109 50 105 250 234
    83 253 77 194 174 194 76 99 146 142 134 197 155 250 156 166 179 253
    187 202 219 117 18 23 6 156 201 247 224 2 16 241 95 102 37 65 179
    239 48 37 147 242 212 4 98 240 93 200 24 199 110 68 113 172 134 132
    6 178 29 108 179 141 254 212 150 75 162 114 45 76 7 246 69 252 250
    52 120 134 235 252 86 235 27 129 111 61 134 6 36 87 132 78 123 252
    13 151 42 19 152 229 28 241 42 193 232 106 115 123 240 82 67 63 27
    110 122 226 113 160 90 175 211 165 3 181 208 73 61 92 178 172 168
    167 58 203 159 16 240 72 176 71 2 148 70 124 218 20 1 200 88 67 68 5
    72 59 80 47 228 151 226 59 98 139 148 102 231 174 228 234 74 119 228
    210 122 249 11 134 36 120 121 63 229 103 13 103 200 1 156 220 160
    234 238 134 183 203 94 61 113 150 93 251 213 154 39 188 86 82 152 16
    229 109 105 215 157 133 16 35 224 103 215 140 210 94 182 127 84 118
    12 210 109 102 195 0 56 60 193 48 204 125 91 180 184 18 180 49 88 45
    115 30 30 142 227 83 57 69 194 109 91 246 187 252 226 48 113 194 132
    249 5 75 152 151 195 65 39 17 108 12 245 131 57 135 150 170 157 99
    41 223 43 171 50 250 179 170 40 254 19 237 69 4 114 239 140 235 251
    60 77 21 148 77 201 193 27 93 241 246 183 18 255 201 71 119 179 90
    211 59 125 216 12 64 232 91 255 16 186 156 184 6 184 163 19 122 12
    15 225 237 33 123 241 29 72 127 216 185 27 42 111 43 137 213 124 232
    77 196 73 202 136 241 48 54 229 147 242 255 240 42 147 64 93 220 156
    120 110 33 218 240 9 171 122 2 153 28 181 65 209 187 48 223 219 225
    175 128 215 252 137 160 68 69 222 159 169 64 130 226 130 77 86 0 107
    22 253 65 163 241 54 160 229 253 177 32 137 95 219 10 196 60 239 156
    100 96 155 132 92 14 35 117 131 126 39 75 249 144 75 177 20 211 43
    84 105 21 48 58 239 188 158 44 108 203 129 96 147 137 149 209 21 219
    205 164 250 111 43 25 108 72 86 38 32 232 92 104 121 133 114 70 214
    217 17 128 25 167 234 23 242 50 33 129 84 209 190 242 194 203 75 167
    60 241 228 216 28 122 58 34 11 23 185 242 91 71 10 132 84 98 195 196
    5 250 94 81 168 178 110 6 160 26 170 21 14 191 141 52 149 7 224 135
    30 63 80 90 55 189 175 171 251 194 38 219 198 112 44 87 242 201 150
    252 93 28 19 165 24 177 138 222 251 149 226 200 151 98 108 97 172
    125 82 6 152 139 159 17 110 182 192 3 156 150 60 50 179 212 163 152
    61 170 107 66 206 190 17 204 40 221 149 154 184 211 28 241 30 226 47
    129 166 15 130 47 77 46 66 78 142 88 130 209 246 220 43 62 135 233
    221 223 45 55 125 12 53 247 99 238 43 140 168 50 253 248 138 54 192
    99 26 111 2 72 191 76 48 169 140 12 102 122 40 80 91 153 47 196 25
    62 74 69 39 200 79 169 194 250 78 196 156 7 252 127 102 190 138 52
    229 185 66 220 221 60 205 50 90 5 136 66 164 106 203 229 205 212 15
    3 71 140 50 19 2 8 170 156 214 206 216 218 145 88 10 51 15 193 142
    22 174 0 108 82 174 49 45 205 235 67 185 151 206 29 76 184 34 223 82
    27 60 60 156 169 120 154 168 24 27 202 83 18 187 198 252 26 206 201
    132 240 54 27 24 19 86 35 253 252 10 184 59 219 202 236 74 152 177
    128 205 182 169 196 8 84 145 97 64 123 217 47 107 130 133 172 156 1
    98 77 9 114 35 25 248 9 189 195 155 219 165 140 245 29 92 147 139
    106 221 160 33 164 244 87 58 128 36 3 128 54 148 80 107 196 105 227
    159 149 143 21 128 26 32 21 160 248 232 215 254 234 27 203 163 142
    216 112 119 241 176 238 199 46 1 226 148 76 146 123 211 84 233 122
    61 60 172 200 135 106 57 212 166 232 65 64 235 115 49 222 163 42 231
    58 203 159 24 240 233 69 213 26 217 35 136 91 18 146 154 93 88 55
    183 41 50 28 252 180 203 65 130 25 78 30 254 230 181 217 147 105 84
    223 129 24 107 148 125 234 248 14 102 255 22 53 50 68 73 176 145 108
    5 164 245 240 211 91 137 6 207 207 118 74 96 218 72 141 28 49 33 183
    59 78 47 188 229 94 52 191 45 176 149 161 140 92 119 223 125 198 152
    230 93 14 48 224 186 159 238 215 189 59 67 15 98 14 162 53 39 95 207
    76 22 18 129 152 201 31 239 236 34 197 251 216 161 42 50 48 43 142
    122 144 248 182 21 221 119 141 189 219 198 82 201 209 112 215 175 16
    69 180 45 247 33 52 169 153 204 70 149 43 143 158 107 15 197 229 249
    239 191 59 13 118 99 180 85 95 173 97 242 156 123 89 67 219 203 186
    178 97 4 86 204 99 229 61 248 84 43 163 195 197 154 134 184 131 189
    77 239 144 38 128 167 237 193 105 255 244 216 224 211 60 135 104 246
    210 196 155 65 68 44 211 155 11 44 185 196 144 33 20 97 248 23 248
    20 183 97 33 71 137 30 118 24 191 31 29 35 147 150 35 146 63 163 216
    16 160 102 207 49 58 236 127 120 254 232 236 175 221 22 183 88 181
    108 250 167 153 147 100 214 230 31 141 114 170 181 89 134 151 234
    172 196 240 186 234 18 71 83 62 195 244 201 116 19 20 248 9 189 177
    97 29 189 211 186 204 249 70 47 143 7 191 25 86 15 108 115 167 74 72
    123 160 194 183 92 14 9 94 12 47 190 135 253 136 195 104 199 10 130
    7 34 190 207 105 173 105 74 58 2 123 244 13 81 25 35 133 228 155 160
    134 147 58 198 28 95 15 31 29 95 127 112 18 131 3 69 182 83 88 44
    166 36 137 16 121 44 98 174 96 123 216 0 117 58 229 197 177 116 44
    28 132 18 83 58 11 208 53 241 95 76 210 78 208 147 8 37 92 116 30
    240 57 154 189 14 87 6 236 250 42 56 96 249 240 54 35 105 241 234
    129 176 250 133 49 210 159 121 110 48 130 66 78 95 211 226 187 121
    205 222 102 0 20 35 173 174 23 220 163 201 16 120 143 89 44 139 129
    202 252 156 142 56 228 56 171 226 246 141 164 40 141 172 171 84 65
    190 139 232 179 215 34 60 168 154 167 173 42 187 251 25 212 67 169
    196 153 238 53 78 108 40 188 151 228 244 102 143 18 150 249 33 194
    17 70 194 134 234 74 31 215 246 252 116 35 28 152 138 1 169 225 130
    89 169 208 118 94 12 118 185 11 101 190 115 54 123 16 96 161 204 209
    50 223 1 27 207 60 35 240 55 237 5 155 161 33 94 234 134 179 161 99
    166 13 253 77 189 11 161 116 13 1 248 28 162 245 99 85 150 171 218
    124 115 176 157 77 213 29 197 80 23 132 235 92 142 2 68 205 106 45
    178 220 195 121 168 42 216 107 171 134 92 132 236 128 90 40 168 181
    210 109 87 187 244 97 184 71 234 68 204 75 40 144 195 223 234 192
    187 225 124 226 130 111 68 148 28 176 106 126 82 183 240 56 249 134
    16 88 150 219 85 123 192 102 149 180 17 250 107 149 213 201 56 73
    244 218 149 102 92 14 148 126 69 182 116 63 3 147 197 202 246 173
    215 166 24 137 222 208 22 227 103 214 61 173 213 137 227 21 68 142
    154 196 165 179 3 107 92 59 223 104 240 250 22 144 99 214 178 42 93
    153 251 9 218 198 109 175 221 71 132 119 39 14 118 68 239 95 148 11
    150 125 25 59 202 132 180 109 176 161 108 175 97 107 119 145 6 97 44
    236 236 208 202 160 128 229 208 165 131 193 85 89 1 165 55 207 43 7
    220 134 99 31 228 143 34 14 48 251 138 82 62 91 22 87 229 157 117
    224 135 242 117 72 4 51 72 194 42 190 204 54 254 183 69 138 187 83
    134 233 50 93 187 90 120 237 29 66 47 168 132 48 212 27 231 93 160
    152 2 115 105 249 142 105 23 87 103 242 137 240 188 139 238 129 45
    91 224 191 25 58 24 200 191 202 161 109 30 204 195 136 208 116 71
    197 245 138 198 26 164 62 23 29 62 214 116 132 20 17 226 64 83 98
    205 9 134 1 100 168 210 69 250 121 111 131 191 206 193 182 232 121
    251 126 191 123 72 167 146 193 211 135 35 169 70 231 140 233 126 103
    47 251 255 24 92 143 16 181 152 89 248 249 240 39 86 202 254 218 69
    127 24 88 34 181 132 232 187 196 6 64 100 34 215 145 237 108 102 121
    240 109 223 77 18 100 7 118 81 153 238 211 150 178 255 49 24 154 122
    230 54 99 197 198 185 152 221 178 208 241 254 60 207 215 27 169 174
    143 162 62 35 191 184 223 203 253 123 93 28 201 228 143 163 242 64
    17 42 199 4 244 90 54 70 37 9 250 137 24 181 126 113 181 189 175 197
    152 65 212 36 114 138 195 169 123 60 242 229 184 100 190 87 90 177
    166 246 227 230 84 67 31 92 166 31 212 129 11 135 181 13 133 43 235
    29 255 97 10 184 145 171 17 119 90 103 48 223 34 113 120 130 181 184
    64 76 201 49 5 77 55 65 221 70 116 235 21 244 146 241 44 153 159 145
    204 44 142 164 248 78 75 156 188 119 21 137 216 8 248 214 191 157 50
    67 60 137 113 221 157 60 111 181 176 230 40 244 41 194 15 80 155 132
    142 165 0 54 161 172 149 42 185 0 152 51 197 28 10 91 195 85 8 150
    50 25 195 112 33 139 40 15 86 30 219 231 251 120 39 161 208 120 238
    93 99 76 127 187 238 139 246 156 41 64 34 47 143 17 115 48 104 214
    46 108 34 16 82 9 106 240 183 106 146 48 72 48 40 249 4 153 15 23 54
    38 97 104 27 50 57 115 92 91 121 128 201 21 114 254 236 244 237 159
    214 90 212 33 16 109 44 183 248 138 167 205 35 186 241 247 201 8 119
    168 149 163 242 110 205 9 197 103 29 48 134 173 67 171 156 255 97
    143 27 72 37 45 68 178 6 160 38 142 182 193 188 91 162 144 235 25
    238 222 245 252 104 94 133 124 101 186 156 97 102 95 207 155 227 43
    192 240 152 248 110 4 227 68 86 109 184 19 44 130 115 146 167 165
    205 31 182 54 53 223 127 157 221 49 105 21 68 73 130 122 34 94 235
    39 195 95 195 37 45 12 93 167 55 127 9 65 151 209 101 111 163 226 65
    213 143 27 91 233 219 1 53 120 244 205 248 176 225 132 250 164 0 13
    40 170 52 12 147 245 79 132 67 123 26 250 97 242 126 192 121 143 23
    45 63 10 217 32 178 192 171 240 255 192 226 205 2 33 161 43 128 181
    51 219 130 124 4 100 111 129 225 12 193 23 43 121 104 54 219 66 142
    23 178 251 16 192 215 80 165 137 182 79 225 53 92 186 228 175 27 120
    228 131 237 67 149 226 220 74 82 98 202 180 6 18 180 62 59 217 203 4
    223 49 173 121 183 241 45 122 26 31 76 196 192 7 225 104 78 230 99
    197 130 32 221 250 34 50 157 255 74 112 41 0 9 148 32 82 101 114 228
    244 36 108 168 55 48 23 188 184 158 104 25 95 100 36 121 12 77 65
    162 134 230 197 162 183 66 50 12 37 101 164 58 42 248 119 165 196
    182 219 214 154 32 244 214 67 224 100 212 112 100 153 55 160 140 91
    131 207 187 63 90 170 153 112 107 46 213 44 150 239 204 178 162 252
    11 174 8 82 107 56 86 1 169 77 17 63 254 62 152 253 207 16 249 149
    175 252 21 206 111 246 18 214 67 225 51 167 214 21 56 191 9 69 112
    122 73 219 185 161 186 223 193 86 1 195 177 56 13 77 187 62 25 72 74
    167 251 118 196 117 166 24 174 165 168 164 98 31 98 20 137 69 194 6
    202 204 245 76 173 253 15 44 105 252 237 55 213 221 121 56 12 111 51
    123 53 5 172 222 247 7 63 80 44 156 65 152 254 11 154 174 67 244 206
    251 177 234 88 140 228 115 249 11 114 150 196 220 190 149 134 39 244
    110 1 87 2 220 86 200 147 76 86 211 193 150 110 163 184 116 13 5 173
    80 109 254 24 87 241 173 108 148 188 197 71 110 4 118 119 105 10 254
    58 167 235 161 71 243 126 194 105 87 135 244 67 41 137 219 52 46 237
    154 177 37 209 89 251 12 138 184 137 108 71 73 75 166 109 156 0 214
    27 95 153 80 137 188 239 212 105 225 37 115 31 97 250 36 115 253 160
    163 128 21 118 145 115 208 25 66 168 6 250 209 108 154 200 135 110 0
    192 77 203 130 104 120 173 221 3 66 196 158 54 173 229 22 200 21 52
    65 254 92 225 226 16 118 128 53 242 75 159 46 36 63 7 193 55 64 197
    238 198 151 65 108 220 180 133 169 166 125 72 95 46 155 169 33 57
    171 90 4 82 95 109 183 18 89 137 95 236 207 28 230 68 25 65 73 50 44
    49 0 203 67 90 157 235 213 226 100 241 163 1 143 128 84 154 106 140
    204 225 46 141 8 192 132 94 54 248 82 146 96 149 44 142 59 145 6 28
    253 225 206 17 9 248 233 131 20 255 138 117 173 4 234 253 139 215
    129 155 200 191 219 242 188 31 196 0 43 245 179 186 252 99 42 225
    221 235 98 160 9 127 207 130 61 252 249 240 30 216 43 192 70 226 89
    159 60 247 151 53 81 100 214 110 206 186 18 153 222 24 38 45 120 222
    44 66 159 46 25 27 95 41 80 141 142 117 201 213 5 39 79 73 93 142
    185 186 70 91 71 117 141 160 97 40 221 246 83 225 208 174 74 69 28
    102 54 246 161 82 178 43 217 38 76 231 80 1 198 109 251 7 57 143 70
    96 136 47 233 138 171 164 81 106 218 218 167 110 67 69 240 174 191
    159 246 30 94 46 14 151 25 191 164 249 210 69 248 71 116 89 118 99
    29 176 141 80 101 95 58 192 150 253 35 181 1 15 203 112 163 176 162
    71 131 147 39 132 252 195 75 242 156 43 235 158 86 108 102 237 246
    168 42 117 156 188 193 221 154 8 132 145 51 123 108 227 29 121 138
    28 42 89 235 108 23 240 175 1 85 60 0 226 219 21 229 29 126 187 115
    38 10 97 6 147 97 75 134 236 62 10 215 63 0 10 251 33 139 132 148 28
    11 138 55 244 111 153 249 192 54 49 57 71 213 98 175 13 160 69 142
    75 115 227 32 40 47 228 207 243 203 226 215 193 119 32 134 115 122
    108 13 99 235 244 133 97 228 249 212 234 221 217 162 70 250 112 184
    85 58 88 234 238 67 199 171 46 48 223 239 25 62 63 192 96 179 62 96
    217 255 221 224 233 123 88 46 149 175 197 23 145 172 59 27 155 53
    205 42 115 150 76 123 123 190 250 6 26 187 74 189 243 255 112 141 94
    60 193 85 39 51 47 136 188 130 97 68 51 65 177 49 24 170 255 50 242
    241 219 40 225 86 42 211 27 152 62 32 85 175 174 218 141 87 208 181
    243 81 193 163 235 5 90 107 127 239 110 189 97 66 78 173 99 122 75
    14 123 202 178 109 121 34 107 119 81 129 171 54 32 187 113 52 226 93
    178 73 98 58 191 24 47 56 161 128 7 192 150 210 35 61 155 12 247 26
    136 70 245 20 193 90 121 225 85 251 167 30 85 20 82 53 0 253 182 73
    134 153 177 27 225 86 196 162 239 79 126 189 201 13 128 17 175 141
    141 8 122 152 91 138 42 98 220 145 107 17 19 75 241 171 65 205 6 250
    42 123 95 135 226 140 38 40 4 235 224 152 168 3 218 106 176 60 149
    39 27 65 13 25 227 91 185 110 228 106 238 158 95 84 33 2 108 90 109
    94 251 28 226 220 215 131 96 183 146 8 220 12 31 179 169 213 163 83
    255 33 80 154 159 93 35 187 144 251 90 164 108 28 191 184 229 181
    105 93 252 139 250 213 53 117 133 45 31 198 20 99 54 73 51 221 123
    102 175 45 237 5 65 212 96 29 117 169 155 209 98 241 228 138 99 6
    171 24 201 182 51 27 172 168 23 219 10 240 219 241 95 105 86 23 242
    205 9 53 212 30 54 18 185 209 163 205 116 172 176 72 146 54 141 193
    94 190 9 80 43 131 210 137 118 2 37 8 206 201 21 18 177 106 124 99
    197 51 55 203 40 94 33 63 235 240 158 15 8 63 109 66 220 101 194 41
    61 86 138 64 14 159 66 126 26 159 36 165 87 18 203 110 110 186 147
    71 231 250 95 201 172 247 8 200 78 8 188 158 147 180 186 71 121 92
    58 115 91 9 96 81 20 160 128 54 246 43 195 242 108 243 3 76 193 116
    71 242 188 216 38 22 196 97 138 68 192 187 237 53 200 156 155 129 16
    32 57 199 241 71 64 193 155 173 212 85 85 216 252 53 12 155 175 203
    38 2 32 218 179 84 243 2 87 140 212 74 122 149 216 242 249 115 218
    127 200 196 38 39 99 80 208 46 48 173 141 57 32 185 183 85 40 27 116
    44 71 188 0 101 218 75 107 131 42 253 29 221 94 157 217 184 217 76
    233 0 255 128 124 22 45 227 98 206 15 117 152 227 215 69 13 248 94
    235 35 39 144 210 24 88 159 102 202 129 98 91 38 246 67 174 208 93
    208 210 185 22 152 15 242 123 175 8 238 159 118 51 234 111 121 214
    44 134 131 195 254 0 213 244 232 22 206 251 41 149 107 217 237 173
    39 122 89 128 248 85 254 29 179 185 172 107 120 74 178 56 191 77 181
    37 106 168 33 247 169 139 24 242 164 155 52 249 103 57 94 44 41 190
    226 5 145 140 130 153 245 173 217 144 66 5 238 146 181 120 9 145 149
    172 18 239 50 115 200 236 58 31 132 117 204 118 31 116 51 159 84 2
    191 44 7 215 105 42 217 57 103 116 61 54 239 20 220 135 53 53 27 78
    18 107 109 134 41 215 217 165 66 139 41 230 201 15 140 228 6 149 59
    145 106 106 15 17 92 212 172 13 20 8 15 210 83 221 228 110 8 81 167
    129 242 109 96 225 73 18 145 20 73 42 65 250 57 131 206 45 11 67 132
    28 25 70 56 151 129 152 28 63 76 205 122 152 41 189 23 213 177 246 7
    90 114 216 232 148 58 140 40 232 219 88 124 2 50 237 61 22 153 173
    220 162 154 114 249 185 128 35 228 188 91 150 123 11 43 216 137 29
    50 164 178 91 183 153 108 159 166 137 164 174 204 64 27 190 95 15
    174 50 189 207 120 211 183 95 182 99 240 231 61 15 143 60 222 125
    104 105 18 90 29 203 33 206 159 73 89 138 10 36 250 220 53 7 84 114
    8 209 101 234 52 248 165 39 69 122 144 19 84 15 91 184 218 227 32
    163 24 17 210 12 224 51 233 207 247 83 186 30 186 49 38 253 89 252
    74 51 252 244 230 71 155 93 132 187 9 36 61 250 38 140 96 183 64 92
    251 191 249 73 17 26 58 57 186 218 68 222 244 237 138 138 91 100 8
    234 220 0 225 195 107 48 53 227 42 190 20 194 137 116 3 243 195 174
    30 246 96 193 108 80 210 87 82 184 106 233 216 101 202 132 144 176
    203 167 120 137 113 199 198 165 215 105 2 107 169 228 176 17 33 31
    178 126 46 185 69 135 205 242 131 220 228 204 172 127 231 153 238
    241 110 91 126 220 180 40 248 116 1 52 140 195 203 200 66 17 119 150
    215 79 72 222 161 221 132 37 109 2 18 51 45 64 217 74 76 0 231 132
    143 101 108 129 35 245 147 0 128 42 178 246 28 163 116 255 140 225
    191 72 4 50 228 36 6 102 201 37 30 129 146 107 48 27 174 214 160 47
    113 80 125 142 100 114 255 120 204 209 255 19 118 130 169 108 139
    129 129 74 145 238 187 240 218 76 136 138 2 249 34 34 171 215 125
    153 184 226 128 133 119 237 213 174 166 53 239 200 208 210 123 8 180
    40 102 91 3 65 65 128 12 76 15 127 32 149 84 180 215 122 15 239 113
    136 227 132 182 55 72 34 178 226 4 203 245 35 232 44 237 38 35 125
    152 45 76 211 181 153 92 168 187 29 128 91 34 223 200 58 15 162 59
    44 236 71 178 108 0 204 191 174 153 151 201 156 104 41 243 247 16
    220 47 185 115 145 206 85 26 95 50 35 244 32 90 197 172 40 113 46 44
    72 218 244 239 244 76 138 178 20 251 229 173 112 186 34 146 123 114
    166 45 128 221 192 8 135 179 245 155 179 57 188 26 182 29 244 7 172
    129 189 112 167 9 151 65 101 117 14 142 215 51 108 31 164 89 240 165
    105 134 226 123 73 200 148 221 188 44 93 171 181 114 19 179 162 43
    214 188 132 136 194 141 48 157 254 243 215 65 3 183 186 201 26 209
    167 71 77 13 112 27 153 156 244 138 13 161 95 226 42 177 246 147 197
    218 0 83 71 89 153 208 7 83 122 132 51 40 228 123 200 152 121 223
    213 3 49 146 181 166 133 204 103 48 255 152 137 214 92 33 60 117 171
    76 238 250 38 103 185 236 122 181 208 23 231 125 233 98 104 85 192 3
    194 61 13 171 25 176 199 243 60 186 236 242 100 73 110 234 143 4 222
    169 133 93 245 8 248 57 52 189 34 22 45 35 137 116 41 233 127 235
    130 171 66 52 138 50 74 220 42 222 20 159 21 88 175 122 185 42 88 57
    44 116 118 136 253 41 253 145 94 5 184 140 33 246 246 152 55 125 104
    141 138 71 95 155 29 102 121 190 254 249 8 51 105 194 61 197 60 136
    236 87 47 49 245 77 10 2 109 213 137 199 26 250 184 56 227 193 214
    61 159 153 60 77 208 216 222 133 189 188 162 142 13 126 172 141 148
    235 255 100 39 158 231 204 203 48 191 168 105 134 254 247 180 218
    101 141 210 32 86 12 216 44 218 214 51 198 251 24 63 5 97 86 24 169
    140 79 80 67 142 177 83 135 106 81 39 42 25 194 85 22 213 198 112 46
    25 191 95 201 80 226 211 80 184 100 194 13 216 93 52 14 44 236 213
    51 3 125 74 141 155 29 66 49 39 62 48 120 136 193 72 157 228 165 179
    28 37 20 205 227 119 60 189 29 195 116 246 93 69 168 155 187 207 70
    64 34 252 15 195 220 130 211 7 63 249 41 43 80 240 30 81 156 172 175
    239 228 32 171 53 21 253 240 38 144 19 127 139 43 141 186 13 223 201
    187 154 176 62 152 109 131 190 140 171 182 185 175 85 172 117 211
    247 5 144 47 93 27 198 26 66 85 84 170 50 102 120 73 50 51 179 169 2
    42 89 62 109 8 200 213 4 76 91 156 64 59 65 206 25 57 213 116 57 41
    146 18 55 36 249 13 61 224 71 40 47 42 22 179 86 109 206 161 246 87
    44 12 238 155 49 50 34 26 157 32 3 168 72 150 182 253 44 88 228 227
    100 41 224 125 175 236 92 135 204 62 74 122 126 225 166 20 87 189 80
    92 231 209 207 200 7 155 168 255 114 207 253 225 9 212 27 112 53 153
    114 229 179 50 123 192 97 8 248 233 176 216 115 209 140 189 132 177
    237 161 12 85 58 134 148 82 37 248 116 52 250 84 183 129 60 77 106
    67 247 240 146 93 182 154 21 81 232 241 51 67 160 44 77 77 97 148
    208 25 235 53 92 114 61 112 81 38 141 158 126 35 27 26 30 28 139 233
    85 116 1 0 37 1 111 107 129 195 227 63 7 169 109 16 112 198 83 171
    118 93 129 124 190 220 95 218 247 63 154 117 145 244 78 24 23 45 99
    149 168 41 139 168 113 169 192 247 56 221 76 253 152 72 149 63 40
    204 240 73 58 206 219 61 232 16 80 163 222 161 190 124 239 44 11 28
    82 190 152 122 85 234 240 60 182 89 213 5 252 92 233 90 131 54 191
    211 203 94 242 225 182 223 106 87 0 221 148 247 215 207 12 245 232
    198 222 228 93 147 88 184 177 52 70 174 202 245 112 23 163 225 43
    111 88 21 209 213 212 230 225 33 34 126 154 172 165 78 9 152 110 72
    194 99 152 7 26 254 130 253 24 125 37 79 105 214 148 149 34 229 81
    47 137 82 58 105 201 65 204 223 222 218 236 9 64 176 139 193 168 139
    253 253 142 171 240 210 127 32 253 13 254 194 66 67 28 134 22 140
    113 101 219 144 18 43 116 119 2 13 24 45 155 101 76 167 5 96 38 105
    38 30 24 14 161 21 235 129 226 245 213 84 229 232 11 255 158 239 38
    12 100 38 100 135 82 230 38 99 107 64 15 140 60 33 253 64 176 244 82
    67 130 238 50 172 148 159 128 79 253 113 36 37 227 148 220 253 161
    26 19 232 4 217 214 239 112 254 88 157 69 197 2 150 245 143 245 234
    100 50 6 123 178 180 46 94 228 91 206 28 227 83 9 198 208 26 154 0
    77 142 157 119 36 198 183 55 79 233 167 85 209 164 214 199 226 193
    28 36 227 55 129 240 189 196 138 41 94 129 60 181 124 31 207 136 44
    172 135 0 31 68 96 0 153 54 63 10 206 166 153 128 117 244 35 24 186
    124 112 214 69 156 207 217 42 219 119 232 98 219 252 224 147 35 67
    97 138 230 186 198 1 127 187 212 64 157 101 203 250 51 210 190 204
    130 18 126 224 225 140 158 202 152 59 189 183 210 223 83 10 151 196
    175 13 93 226 16 53 161 120 91 116 67 120 77 198 0 8 219 165 73 118
    242 230 171 26 3 62 73 61 120 183 113 252 126 179 90 120 78 104 195
    247 208 231 223 238 28 36 215 103 46 75 230 43 230 218 21 59 121 118
    173 155 5 57 170 194 225 191 228 229 58 156 71 94 98 14 107 225 69
    45 73 10 47 250 239 137 174 98 170 84 149 198 101 145 26 103 138 146
    176 173 171 91 130 53 74 197 13 96 122 219 238 132 112 224 95 32 52
    99 2 148 147 225 165 157 177 158 106 201 64 97 247 55 101 181 86 140
    176 166 169 181 59 82 125 193 208 91 96 26 124 86 22 31 181 53 105
    92 96 110 145 249 107 61 154 128 114 117 30 99 170 239 94 122 66 39
    88 137 117 83 136 132 110 233 147 76 248 137 163 179 217 139 8 193
    224 73 4 41 3 150 12 44 156 84 4 145 142 187 254 115 174 87 13 79 14
    53 187 211 90 252 238 149 229 113 100 94 59 166 183 248 224 252 130
    40 52 255 55 105 234 0 246 24 219 211 148 107 163 118 215 36 217 123
    187 69 175 155 88 16 238 165 90 3 63 104 33 165 207 20 96 17 46 29
    223 28 83 79 43 56 150 124 202 250 23 189 120 73 114 137 178 83 198
    156 109 218 51 96 204 161 88 192 140 67 134 152 111 68 87 219 210
    110 24 68 213 99 48 166 9 205 242 95 68 132 37 115 40 111 100 203
    121 170 105 83 208 27 16 16 140 138 117 132 151 34 51 105 73 105 251
    45 165 237 131 12 26 8 64 2 139 70 43 20 232 24 92 140 218 155 225
    13 156 93 215 220 247 250 118 32 197 163 163 40 169 225 175 35 63
    194 34 209 40 44 150 148 51 166 150 73 54 124 203 0 169 229 161 225
    80 166 127 169 189 35 202 68 125 29 152 99 221 88 208 83 42 245 119
    47 109 104 27 149 165 49 79 229 9 56 125 53 166 42 36 228 71 105 160
    104 64 24 175 172 113 0 109 210 205 24 177 154 171 241 2 6 35 111
    169 22 137 55 10 176 122 230 144 76 47 171 133 153 100 49 60 163 7
    27 239 67 22 126 206 43 43 227 29 42 151 99 20 238 157 170 79 34 188
    20 153 33 130 47 137 222 213 190 77 128 50 211 12 58 152 171 229 31
    38 72 7 195 147 231 119 31 225 60 137 187 207 86 202 119 99 211 69
    136 26 56 0 181 179 161 63 170 107 145 150 36 90 219 138 190 153 75
    225 114 92 209 117 40 184 116 155 57 167 222 185 126 35 36 83 159
    212 98 185 167 99 214 33 139 30 200 60 210 3 166 16 142 70 149 117
    139 158 52 79 1 172 152 143 56 177 136 63 241 8 231 191 80 179 102
    192 226 69 34 150 63 66 142 251 173 83 68 190 67 69 138 254 26 235
    45 22 158 54 241 161 207 53 239 49 2 237 33 216 100 33 229 3 121 91
    15 172 248 76 135 103 165 100 238 53 92 114 59 77 160 87 124 122 139
    2 3 186 77 163 21 45 45 33 83 157 185 210 222 56 176 66 72 16 218
    155 18 181 51 109 111 223 154 217 184 200 170 82 240 232 150 190 213
    211 51 241 217 7 46 169 194 39 34 121 246 14 130 77 101 204 222 198
    110 58 195 93 18 230 35 219 160 74 186 218 190 211 3 200 46 96 229
    74 63 199 110 158 15 230 130 96 41 85 104 35 6 227 175 197 27 7 122
    142 191 14 220 104 127 238 118 101 248 146 208 19 65 252 103 60 233
    243 210 177 110 83 123 127 75 48 151 112 108 237 168 227 196 97 44
    179 78 162 138 245 255 220 31 99 78 88 145 138 84 6 37 74 52 216 239
    171 245 199 172 84 143 122 25 84 147 111 177 38 71 182 206 79 127 12
    143 215 73 157 16 38 142 83 120 39 188 178 222 87 43 6 92 208 160 93
    197 59 123 69 87 125 51 71 130 32 69 21 184 13 79 197 235 236 76 252
    65 146 202 79 152 215 32 95 88 51 112 6 46 104 36 227 163 37 70 45
    32 4 172 236 125 179 23 244 197 151 154 220 215 130 233 132 209 163
    141 207 205 88 52 43 220 89 26 42 56 3 82 119 169 89 116 139 48 62
    132 173 81 60 66 64 21 193 27 24 106 189 59 199 88 63 12 71 182 181
    212 26 250 239 67 155 134 194 255 174 127 173 193 3 13 253 156 111
    179 119 213 243 242 157 233 92 71 237 53 52 57 12 112 107 143 176
    194 243 144 88 66 51 226 27 168 224 200 115 172 199 27 89 149 149
    232 108 144 112 2 177 231 93 172 120 38 49 139 238 142 121 208 130
    179 145 106 28 170 67 105 20 2 169 171 243 109 103 89 130 127 210
    154 162 150 56 27 141 201 118 138 228 245 173 164 245 34 68 158 76
    105 42 26 213 178 141 143 227 235 123 219 132 208 33 255 20 150 71
    16 207 134 41 152 100 178 123 197 150 139 251 230 132 48 57 182 165
    209 119 236 4 133 16 179 56 94 96 227 99 173 159 67 211 182 36 212
    171 43 163 35 230 237 15 179 59 34 200 165 246 235 54 33 41 71 178
    139 142 16 200 193 102 219 160 26 58 207 36 201 178 242 171 96 148
    199 109 50 156 138 162 71 246 147 62 21 154 28 171 6 249 141 62 189
    31 65 23 196 90 253 59 109 48 200 158 190 85 139 91 7 19 85 57 11 25
    45 243 250 215 191 249 51 4 90 52 14 147 224 61 6 83 218 54 230 112
    29 13 93 112 154 179 82 31 23 137 139 4 92 31 128 70 127 26 46 41 37
    185 170 65 100 102 78 38 175 81 242 34 36 77 68 218 176 85 63 238
    218 158 148 54 73 219 234 201 110 73 222 153 164 235 243 94 198 16
    57 124 198 8 133 56 22 244 198 24 247 233 98 128 167 135 39 56 48
    126 153 33 190 176 15 112 112 101 77 33 207 56 123 30 73 126 4 123 0
    21 137 116 9 162 196 50 132 118 144 15 41 188 48 181 252 1 218 1 55
    155 0 174 112 252 96 132 52 216 180 245 169 73 215 157 156 67 192 50
    128 156 27 178 114 111 80 87 195 73 2 14 40 213 69 210 0 123 150 122
    7 133 89 12 228 8 138 21 150 76 234 84 198 13 146 42 112 28 26 171
    33 116 220 112 117 245 143 219 252 87 200 108 0 183 199 85 160 42 15
    8 222 64 162 254 208 18 223 191 103 103 25 219 96 123 99 86 240 205
    175 9 205 158 87 223 133 48 173 81 0 131 214 203 57 30 62 119 200
    128 206 27 131 19 184 214 115 91 240 98 195 136 69 138 163 24 137 58
    118 152 20 204 220 228 144 253 79 128 52 40 141 182 255 240 72 121
    69 249 210 249 8 29 59 254 92 119 195 161 159 116 247 94 135 116 194
    191 227 254 248 129 203 153 28 186 105 232 149 83 33 121 12 219 170
    105 129 121 204 48 43 80 48 64 150 237 202 194 62 252 246 27 226 165
    88 123 202 17 89 247 31 59 174 163 14 212 39 74 6 3 187 170 39 98
    220 211 134 91 185 21 133 89 14 171 225 223 249 47 56 3 150 55 32
    186 104 104 202 187 216 151 93 194 11 11 163 29 194 122 211 81 222
    26 55 61 75 8 134 175 51 222 66 158 234 180 76 203 20 134 3 106 146
    158 13 165 121 81 150 147 140 9 54 202 124 173 95 84 159 37 110 225
    118 137 204 2 96 134 202 51 86 54 55 108 105 102 142 117 49 227 241
    253 165 225 92 73 79 212 191 30 236 252 45 113 255 151 128 48 21 32
    79 125 122 245 178 234 203 114 117 114 147 119 135 175 34 163 179
    130 105 55 175 82 233 39 219 214 227 224 131 255 149 19 85 11 253
    104 87 121 45 42 68 132 235 197 182 245 251 100 197 36 148 233 205
    181 105 176 115 186 99 253 224 215 94 108 242 104 7 255 217 101 132
    128 161 56 68 120 66 142 207 120 193 242 252 98 43 26 104 218 100 52
    194 66 95 165 63 78 22 221 141 166 255 44 85 98 124 10 254 131 112
    57 217 121 29 87 65 230 95 57 137 65 67 74 53 166 82 249 214 135 143
    58 43 221 146 122 64 208 162 227 81 130 129 145 10 129 33 43 205 101
    197 162 242 99 90 129 159 5 148 168 82 77 133 187 75 222 194 250 47
    65 224 57 39 151 179 129 64 144 48 183 77 122 52 237 146 245 239 241
    221 159 74 4 47 19 188 96 187 71 126 199 152 68 127 205 174 48 91 33
    18 93 123 227 53 50 150 15 153 74 235 64 156 113 206 41 97 199 87
    204 211 164 241 30 12 171 66 102 149 19 182 156 125 74 132 21 74 112
    179 4 239 124 130 250 23 77 201 138 244 87 66 120 114 43 60 230 130
    212 210 216 11 223 171 27 17 229 238 233 189 223 238 55 35 160 99 11
    90 118 244 208 146 194 130 14 91 159 232 62 215 174 45 216 91 231 79
    168 206 2 158 98 244 218 42 217 73 103 6 176 134 141 191 79 248 34
    226 127 200 149 184 154 208 237 92 133 130 218 209 193 236 218 3 241
    134 26 215 35 130 68 90 214 147 52 196 54 64 108 8 44 232 156 12 211
    9 233 246 166 27 15 163 223 42 145 195 76 236 63 250 226 172 57 3 74
    10 102 220 208 176 77 77 120 196 82 233 0 124 180 3 247 203 66 87
    160 63 221 186 9 173 61 217 186 215 190 88 30 229 80 94 117 103 52
    192 236 1 79 239 178 178 74 186 215 155 227 123 247 184 183 50 144
    234 160 76 165 99 157 163 236 143 152 233 199 222 90 201 29 75 50
    127 54 9 104 194 118 117 66 227 88 36 148 136 129 26 224 173 139 64
    49 119 134 109 179 230 254 82 236 157 110 105 140 235 243 178 119
    155 79 79 24 179 12 26 210 8 146 141 231 78 14 182 70 240 51 97 32
    101 183 131 103 181 103 82 20 50 71 63 235 143 250 3 178 35 163 93
    147 242 214 251 177 140 46 107 60 136 255 59 144 40 94 56 179 172
    251 82 68 36 84 176 255 17 132 138 4 125 220 156 174 171 67 143 218
    110 247 43 233 169 27 106 100 84 195 138 93 10 197 0 36 244 38 102
    60 136 138 3 246 141 235 191 12 194 18 218 53 239 213 224 9 2 96 141
    183 122 199 184 113 147 96 96 223 116 200 144 153 57 93 85 138 117
    247 83 40 104 220 233 207 13 40 18 180 3 160 3 75 13 150 96 76 111
    249 189 35 4 38 67 17 96 235 247 1 200 164 18 241 154 112 148 239
    127 180 3 147 67 73 134 136 67 195 160 193 116 110 171 53 42 219 184
    174 152 42 91 35 87 201 222 7 199 148 66 109 177 138 189 112 178 107
    140 183 146 147 67 215 153 180 160 253 216 252 131 136 16 228 9 207
    221 194 230 13 26 236 134 157 245 68 116 172 112 38 66 156 130 38 62
    76 12 141 214 4 145 60 208 200 249 123 238 195 85 150 68 94 233 73
    187 73 22 199 166 146 19 250 106 207 98 254 197 249 168 211 92 166
    90 227 7 46 196 205 179 157 167 223 119 97 30 141 50 149 11 96 114
    137 76 235 254 116 85 106 240 51 67 242 225 244 226 34 94 170 220 71
    64 130 119 67 166 102 121 45 45 175 182 13 171 28 13 15 165 158 250
    107 68 111 87 20 203 42 227 69 27 234 26 216 115 245 255 225 130 164
    199 112 72 158 144 227 241 90 241 241 96 50 148 127 217 207 130 155
    27 49 155 131 195 150 127 252 75 58 229 181 16 103 206 181 225 80 62
    121 195 35 98 101 54 50 57 20 33 5 65 246 212 96 65 18 133 186 247
    33 39 147 61 241 81 58 217 91 51 252 231 83 123 193 53 207 172 162
    142 248 139 64 190 79 72 255 160 43 3 222 14 215 235 153 123 219 28
    139 186 184 136 88 207 139 115 129 240 225 95 3 85 160 182 205 25
    219 83 121 211 20 164 21 18 176 10 74 161 38 236 223 33 117 149 211
    116 141 101 180 163 143 100 78 47 177 133 227 15 237 83 5 40 233 70
    101 238 50 242 134 204 204 239 105 30 239 160 104 145 122 222 161
    100 172 59 99 4 3 147 221 60 11 31 128 42 236 47 189 187 67 199 54
    19 59 116 189 150 65 46 128 252 19 205 16 91 200 13 126 226 216 180
    199 20 111 202 134 167 183 113 4 25 61 69 163 152 81 203 108 84 120
    58 211 115 22 253 66 43 75 179 56 161 84 157 245 42 76 122 114 93
    114 190 32 206 64 144 153 95 204 36 107 102 125 195 82 122 133 33
    233 95 68 53 107 117 155 248 134 100 119 149 107 231 151 128 197 22
    179 240 3 18 251 151 94 244 235 71 181 192 58 213 177 233 26 23 141
    74 193 24 118 59 124 190 249 85 228 133 152 42 41 161 55 204 82 116
    228 7 6 182 30 126 50 179 184 112 163 80 30 216 6 6 202 87 108 111
    69 171 188 144 130 235 161 7 108 21 191 91 43 90 186 103 243 250 178
    79 213 252 108 226 78 94 188 219 101 126 151 14 172 226 187 239 23
    190 121 124 120 177 102 233 244 24 225 57 6 156 210 181 50 207 42
    250 69 122 107 113 188 223 13 224 31 165 80 187 12 91 231 4 191 179
    215 102 127 57 178 183 245 200 45 171 50 188 237 226 31 109 93 51
    211 190 136 225 209 70 223 64 238 231 62 161 242 117 160 130 255 14
    204 58 63 253 49 109 44 45 252 168 135 25 135 27 105 87 61 6 187 182
    187 76 126 108 17 189 210 207 13 45 189 5 238 101 138 217 183 180
    245 175 28 196 120 120 180 21 20 118 87 71 76 141 12 32 123 77 4 198
    44 176 122 190 113 24 197 157 247 171 171 150 222 60 252 120 205 215
    33 226 218 4 140 20 99 69 71 48 250 185 231 129 51 241 79 211 112
    203 235 108 118 6 92 206 219 71 193 246 75 190 87 1 146 198 193 103
    42 141 151 76 213 42 118 107 0 211 222 17 38 83 130 51 164 58 237
    192 244 183 64 199 91 33 204 47 198 134 124 237 198 107 15 152 209
    55 77 35 50 152 125 5 176 211 76 207 88 92 128 108 157 100 103 163
    40 220 204 161 177 176 112 23 52 223 48 15 1 205 192 226 43 128 201
    228 114 142 231 234 183 128 11 21 2 72 13 30 191 240 67 12 29 147
    230 36 210 208 237 243 188 223 129 118 136 57 103 246 221 255 170
    230 24 120 244 33 33 190 148 139 238 108 98 220 22 243 228 145 222
    235 18 53 243 251 15 13 46 73 83 77 220 93 138 217 229 146 211 133
    21 52 97 221 247 64 225 231 171 9 98 70 194 34 130 147 77 200 132
    216 197 49 163 64 46 95 16 140 46 155 114 8 56 100 161 238 253 175 8
    174 1 38 16 119 255 96 86 224 208 134 24 133 35 238 210 53 127 141 2
    176 99 78 68 235 169 102 6 120 94 202 174 9 35 45 156 74 44 6 143 92
    190 6 39 90 104 54 165 175 19 121 130 59 15 158 235 165 2 27 186 64
    95 42 26 182 183 181 141 239 21 78 110 217 104 196 248 157 248 149
    28 72 75 223 84 160 37 70 13 247 172 247 57 127 132 56 241 229 147
    233 34 136 208 150 216 147 169 219 251 169 51 93 190 95 136 112 221
    87 125 28 123 223 98 186 202 198 46 199 211 208 39 47 100 99 99 202
    63 205 167 218 128 198 176 189 184 243 51 115 96 229 129 137 53 240
    29 125 113 195 114 113 227 80 51 218 85 54 41 156 185 187 33 148 107
    119 223 214 165 102 227 106 65 129 140 8 75 242 30 218 7 179 167 205
    254 175 5 141 48 123 55 220 83 205 94 104 110 100 20 130 234 36 234
    163 198 229 37 55 136 245 3 202 145 141 13 206 166 117 219 92 174
    240 187 10 180 72 72 62 152 44 165 177 64 248 127 70 19 114 4 2 1 59
    84 139 108 127 79 131 2 215 17 98 226 178 171 19 115 243 153 127 166
    47 137 233 147 202 95 50 3 124 184 39 109 70 192 130 41 117 22 138
    186 18 17 32 183 155 150 44 230 84 59 181 37 52 253 229 103 178 231
    67 212 9 106 207 102 163 246 40 216 232 14 202 70 179 129 93 36 140
    143 129 44 50 86 74 238 29 60 179 223 29 148 117 215 5 6 239 70 249
    107 212 88 211 160 29 173 123 168 106 138 222 182 118 237 175 151 54
    198 18 103 33 157 196 243 205 155 132 149 235 48 68 251 151 70 103
    114 71 109 38 3 214 25 44 23 230 197 110 164 212 34 238 220 222 94
    101 74 125 244 132 90 132 131 165 126 190 101 150 137 142 38 202 29
    90 47 44 233 35 221 18 38 82 182 250 253 205 136 102 83 150 98 165
    33 227 214 95 41 23 186 85 152 169 64 24 86 232 165 67 243 250 2 98
    145 63 144 102 108 182 241 69 250 6 6 29 8 110 72 162 200 106 126 73
    3 221 209 102 27 117 172 191 149 199 95 139 220 241 117 171 110 210
    110 123 245 120 11 173 115 100 54 198 112 91 19 143 193 167 227 211
    60 94 1 28 219 227 187 189 4 218 129 104 136 15 91 139 231 222 95
    160 100 194 237 128 123 217 150 77 131 80 74 136 241 38 132 19 109
    117 177 111 14 152 23 142 47 236 122 20 235 112 126 135 40 113 76
    182 124 237 250 202 205 107 239 57 90 213 82 190 72 108 18 97 131
    113 223 8 27 250 254 246 112 222 237 253 247 42 100 21 234 129 141
    99 177 230 24 90 27 50 72 196 133 212 53 106 112 70 91 218 151 130
    92 16 19 252 4 169 89 221 55 8 74 190 149 65 64 52 158 4 17 24 188
    119 0 235 80 211 236 10 38 213 138 103 180 38 204 10 190 64 165 169
    85 115 184 145 86 120 59 100 219 185 84 100 139 97 70 245 36 124 248
    214 28 175 107 216 172 157 70 33 150 148 237 218 219 117 236 110 169
    168 1 196 225 122 113 241 106 243 100 68 132 55 75 55 69 242 54 11
    97 180 111 92 89 144 221 53 120 40 4 225 207 216 86 197 173 184 9 34
    9 28 188 224 209 107 105 69 143 233 44 85 213 188 147 247 149 88 207
    240 227 128 26 172 223 79 66 130 173 165 63 18 217 221 113 47 179
    194 86 197 72 226 189 194 31 152 1 57 126 25 93 12 189 97 200 9 198
    40 32 17 132 180 60 253 49 126 69 187 178 99 36 172 193 107 97 122
    172 184 230 151 109 104 110 177 180 90 210 126 2 11 166 171 199 98
    55 11 181 43 201 152 187 34 46 232 66 99 105 49 103 149 228 237 59
    255 247 108 83 33 153 7 176 160 246 136 200 144 116 204 40 213 147
    246 154 87 80 200 73 62 6 147 252 23 139 246 153 215 75 1 211 97 17
    151 69 54 177 27 47 12 98 98 188 46 246 100 86 223 91 37 71 120 6
    165 49 104 119 120 222 37 11 158 153 213 135 82 140 113 209 34 192
    153 147 60 131 198 60 106 210 102 31 164 145 104 176 178 126 55 42 6
    196 8 101 246 48 144 140 192 141 20 255 203 70 45 84 254 86 117 215
    54 84 92 149 157 49 101 100 56 20 157 236 254 85 23 152 180 87 31 22
    236 76 236 132 116 28 130 54 160 204 135 83 236 104 171 87 47 154 89
    121 148 245 180 50 37 173 34 59 128 238 150 93 37 13 249 240 215 53
    172 40 166 46 34 161 194 234 170 245 132 52 117 3 175 128 153 48 229
    25 46 121 47 79 76 246 37 239 173 155 56 143 56 249 228 75 87 177
    252 162 138 46 117 76 110 86 150 15 205 93 130 222 195 112 238 215
    166 51 174 36 241 170 5 36 131 183 52 70 12 61 50 85 97 122 154 171
    64 14 217 217 117 114 37 155 18 238 196 224 210 243 162 140 65 42 76
    205 64 120 176 95 154 16 58 90 245 217 96 157 217 217 219 236 87 56
    217 178 45 121 94 8 253 217 14 244 194 242 65 12 212 82 221 149 109
    36 188 63 241 22 150 95 169 35 217 33 190 208 141 38 128 93 216 232
    8 21 127 236 55 44 220 48 75 170 145 28 218 11 98 50 99 244 195 24
    248 73 98 252 61 194 125 106 222 226 199 164 253 232 112 8 154 97
    144 12 199 214 119 144 183 83 229 171 152 231 117 212 249 140 67 202
    75 160 117 189 95 201 45 194 61 119 195 152 218 174 14 187 59 81 250
    199 172 135 26 120 97 211 192 184 55 53 157 58 218 228 105 41 111 13
    32 76 30 74 236 92 134 101 24 153 34 179 76 144 233 175 24 230 86 2
    67 23 222 60 208 148 109 231 220 120 10 197 65 66 181 125 110 168
    197 6 185 214 211 48 168 22 104 234 152 41 133 235 47 72 0 18 5 80
    225 255 40 202 110 187 133 254 122 162 208 28 184 25 210 241 20 105
    96 98 244 63 210 70 29 157 99 143 58 145 118 38 117 27 29 211 81 180
    216 191 153 214 217 240 53 252 47 104 192 3 2 243 241 173 207 150
    142 29 86 102 130 153 251 180 126 8 108 120 145 155 3 82 17 160 194
    206 252 160 55 131 203 122 241 41 87 174 30 101 2 198 179 40 164 68
    37 41 55 86 212 240 187 237 17 45 64 239 48 68 167 159 227 162 184
    27 219 183 226 20 132 154 187 255 35 227 209 132 40 120 163 32 164
    96 126 80 170 163 81 204 128 126 95 210 175 30 72 13 70 121 192 73
    89 246 133 5 220 194 235 36 89 213 15 183 140 73 212 34 222 173 180
    223 163 235 179 151 207 169 50 63 84 139 178 244 179 167 207 129 146
    83 77 250 124 8 38 45 171 43 1 162 186 219 203 90 136 194 206 65 120
    41 210 126 123 158 151 238 194 192 117 151 185 130 64 187 137 57 121
    57 79 22 72 182 228 22 158 60 199 8 230 179 78 117 34 40 194 34 91 1
    58 179 169 240 227 13 135 83 92 80 226 185 153 59 142 255 110 195
    130 147 231 60 146 244 152 233 39 111 139 33 119 112 141 64 159 203
    212 77 241 113 200 183 38 17 173 127 75 13 246 164 135 203 4 2 134
    93 21 109 93 158 239 91 177 219 68 188 221 236 91 221 61 10 37 75 27
    218 18 182 41 115 152 132 248 178 35 226 16 106 55 111 70 232 104 59
    38 93 255 72 77 172 245 144 84 247 246 240 188 8 137 181 241 244 169
    69 213 119 181 225 98 242 102 23 229 12 191 42 37 150 127 168 125
    214 154 224 235 9 39 43 247 224 254 186 143 207 149 173 150 159 164
    8 245 89 99 62 7 225 87 95 1 49 173 26 140 10 107 104 226 239 148
    203 200 81 117 234 156 58 216 44 230 82 220 206 83 204 184 95 33 188
    171 236 141 71 103 73 149 74 232 231 243 194 195 221 160 10 185 160
    20 216 194 74 203 58 243 109 33 17 177 195 163 72 72 184 62 220 202
    172 223 59 14 41 216 225 37 135 211 78 201 233 162 214 83 76 173 239
    217 11 217 97 202 155 225 204 163 177 167 165 18 67 9 184 37 13 94
    87 230 92 83 143 170 81 129 215 153 45 116 193 73 150 205 189 117
    140 181 90 47 228 65 97 173 108 88 79 167 15 94 0 67 128 196 82 18
    34 31 178 85 37 21 34 230 151 232 182 138 205 122 106 139 2 157 156
    246 46 148 133 77 217 91 252 165 228 26 244 48 52 203 0 111 24 165
    225 53 238 251 52 170 155 208 80 231 255 143 6 109 109 205 1 36 141
    135 15 170 227 123 164 188 203 198 27 4 104 82 217 49 18 93 239 8 77
    120 28 114 136 146 63 179 1 39 70 212 251 224 227 170 250 95 133 32
    233 127 144 77 124 92 252 58 83 193 90 19 195 186 238 14 185 106 78
    216 173 173 87 80 32 54 235 50 41 82 231 146 158 136 70 83 134 231
    236 196 40 208 132 105 86 220 125 52 133 167 156 168 237 230 136 111
    83 46 123 92 203 37 79 122 230 53 88 177 100 2 127 148 112 33 120 13
    102 109 47 70 39 110 82 222 83 181 121 183 63 21 228 26 14 135 140
    53 170 77 61 86 198 43 49 20 108 5 52 183 137 156 73 79 72 218 199
    127 63 80 211 11 138 190 179 113 181 114 34 147 224 193 129 18 70 0
    217 43 165 93 193 148 19 139 228 164 152 239 162 4 180 94 83 7 8 77
    172 57 104 174 151 158 102 58 228 189 159 239 99 118 106 246 214 253
    171 190 148 210 127 172 199 73 191 22 247 96 64 116 255 63 219 170
    182 67 204 174 41 187 162 113 23 84 84 207 56 246 170 29 157 77 186
    230 53 182 178 93 94 57 58 212 106 235 115 87 38 36 116 171 231 14
    172 166 244 224 151 37 203 24 153 145 198 233 250 202 193 16 31 219
    72 159 5 111 118 106 5 74 64 186 20 235 154 153 93 80 126 215 234 54
    218 183 114 92 80 150 123 157 58 213 74 201 56 122 94 15 11 196 238
    57 7 62 192 142 92 199 101 47 56 242 35 240 179 115 209 81 100 6 216
    251 48 22 220 34 169 15 53 99 191 206 133 25 18 232 98 7 203 248 201
    46 242 221 56 216 70 128 250 171 99 181 74 202 80 160 50 253 125 169
    211 47 154 178 26 124 205 107 99 126 156 20 94 250 227 189 152 214
    216 85 12 9 1 253 238 79 189 117 50 207 55 0 135 250 200 118 208 28
    43 204 60 172 51 176 218 63 96 38 65 124 247 73 238 187 237 73 48
    114 66 234 9 162 65 186 243 46 155 35 173 129 162 17 53 30 153 44
    130 120 206 204 70 91 232 155 133 93 52 255 29 201 32 171 89 253 170
    234 148 114 128 129 20 118 79 49 126 216 68 148 241 94 60 241 113 80
    41 42 147 14 118 205 38 225 78 213 36 187 189 213 116 118 125 117 53
    54 134 113 39 63 46 119 252 172 233 74 131 133 156 112 47 204 160
    249 66 170 2 36 135 193 65 56 205 67 141 43 111 142 189 210 161 31 9
    73 115 79 145 238 162 127 134 191 89 121 210 190 81 224 198 167 87
    59 126 219 142 42 252 232 3 54 25 124 137 62 138 173 228 146 163 209
    165 205 150 32 27 54 80 214 254 182 77 252 252 36 34 209 218 167 80
    142 168 184 130 9 20 142 221 167 132 70 190 156 66 255 247 145 91
    162 163 244 86 236 30 128 142 149 255 92 173 111 1 83 132 227 255 57
    207 224 244 102 231 21 176 203 230 231 8 157 86 5 38 59 245 249 253
    59 251 252 59 164 169 215 30 65 250 142 116 226 120 68 132 138 125
    17 198 132 90 116 149 180 145 26 188 44 6 156 107 46 146 183 101 206
    74 95 232 47 155 251 72 167 22 190 192 3 72 14 172 104 216 12 154
    231 27 161 164 109 2 81 247 160 21 146 205 55 111 69 200 148 8 154
    26 23 108 246 217 104 236 225 202 189 36 52 12 126 159 126 139 17
    126 119 198 76 180 223 251 72 85 159 24 249 64 43 69 21 72 248 186
    42 247 208 169 231 182 99 170 150 245 37 167 129 99 153 154 245 238
    77 114 134 244 169 86 32 44 5 136 124 51 46 128 124 167 33 47 174
    253 229 174 144 120 156 241 163 129 198 199 36 129 75 75 34 188 121
    141 37 73 228 31 100 32 128 232 72 252 16 153 171 99 103 67 122 215
    108 195 94 250 150 173 92 137 91 149 115 47 171 209 222 251 43 10
    226 112 18 63 150 239 218 89 39 217 71 176 67 232 131 59 221 59 103
    17 32 83 72 167 97 240 184 6 213 98 69 138 77 14 222 236 81 202 60
    195 77 254 61 74 127 241 9 202 75 252 6 123 125 132 55 4 156 190 119
    204 188 153 222 87 145 86 176 63 95 219 65 201 155 231 139 150 163
    158 86 230 104 10 213 2 44 146 77 174 83 207 33 106 94 128 242 78
    230 101 42 235 143 101 56 197 182 145 182 237 172 138 132 206 197
    167 165 249 140 69 24 186 88 38 98 87 200 30 199 194 235 67 163 68
    91 168 90 237 21 237 153 45 13 250 7 229 180 51 110 85 214 16 177
    235 158 83 239 117 61 66 31 177 233 57 54 217 124 129 156 24 83 83
    86 76 184 15 227 94 175 76 65 236 166 33 73 62 62 68 210 179 29 233
    66 110 142 138 70 83 128 114 52 156 205 237 148 224 68 13 180 18 144
    178 173 89 6 184 105 48 168 251 187 54 149 51 244 178 12 76 59 172
    196 125 54 173 141 204 3 81 196 49 235 56 24 123 58 155 12 7 253 111
    41 1 23 44 6 192 8 12 20 6 213 22 157 109 67 48 71 4 205 29 58 229
    239 118 100 95 48 33 5 63 185 205 89 121 5 39 180 141 137 128 8 28
    79 156 42 69 139 213 188 72 25 128 60 86 117 157 150 200 234 91 49
    128 88 168 146 41 57 42 204 128 124 15 165 192 209 59 217 199 80 195
    220 187 217 126 163 8 178 64 4 182 106 227 93 37 71 16 52 28 165 76
    9 42 240 56 245 12 45 116 108 2 71 181 205 68 242 51 246 163 78 238
    250 24 100 148 38 216 46 190 185 217 170 28 186 132 210 181 82 185
    31 121 238 232 102 187 126 220 31 118 102 111 63 248 32 233 52 231
    209 102 211 205 121 88 168 112 252 1 41 70 145 130 161 163 210 69
    133 183 189 234 143 242 209 206 223 175 211 97 95 180 183 199 7 20
    44 162 123 231 219 216 203 118 163 63 49 223 146 105 216 199 209 142
    164 194 2 137 226 156 59 188 18 32 122 120 45 146 34 250 125 64 200
    41 197 72 21 252 157 93 248 252 99 104 253 3 140 154 240 180 128 167
    124 201 237 237 154 251 38 152 197 166 113 6 229 34 245 169 247 157
    172 228 135 63 109 124 64 136 206 99 17 183 42 197 24 132 110 30 19
    164 128 110 174 90 169 246 38 208 168 108 111 246 161 127 144 254 79
    53 152 34 198 165 219 211 56 16 246 244 203 135 27 197 247 213 22 89
    59 90 143 254 171 133 103 20 218 64 171 88 97 45 52 234 15 36 113
    204 254 190 42 8 203 233 73 176 162 17 45 177 52 151 101 75 192 139
    12 125 38 203 229 105 85 191 38 72 164 45 29 162 53 155 29 255 46
    247 108 145 35 75 142 45 231 9 64 193 116 216 90 180 165 51 51 141
    68 125 120 141 234 192 206 91 224 199 115 61 9 117 248 181 63 110
    197 241 97 107 79 165 182 212 242 122 162 143 214 254 183 241 4 174
    175 42 211 112 138 56 146 195 91 20 242 54 249 15 95 171 71 9 115
    208 240 87 188 87 81 77 144 49 166 134 140 145 18 133 121 42 9 85
    199 99 154 10 19 202 12 199 127 110 154 229 223 26 10 171 150 190 80
    26 141 151 161 29 49 47 35 163 245 171 106 44 15 241 39 68 155 141
    139 33 199 10 115 138 70 224 41 117 12 143 217 76 94 206 98 104 133
    51 82 109 208 2 23 250 142 63 47 70 176 156 226 41 58 85 209 152 7
    169 6 62 121 240 137 244 27 255 78 135 144 149 132 178 140 143 170
    16 13 100 189 60 254 74 115 228 243 170 233 65 229 231 145 71 143 77
    166 97 212 101 21 4 31 63 20 61 180 49 202 203 202 73 165 253 163 85
    82 114 168 78 105 63 4 28 188 189 205 91 168 42 216 18 132 173 78
    237 247 230 238 87 233 132 142 215 169 129 147 75 211 219 133 112
    100 203 115 243 85 39 231 164 9 221 60 199 35 224 250 14 142 149 75
    108 55 128 66 226 134 80 187 204 87 105 215 235 181 233 23 127 95 51
    142 246 43 97 11 199 211 58 177 173 46 52 157 245 152 134 18 115 50
    37 91 246 107 58 214 229 243 244 47 202 185 251 70 0 140 229 181 100
    231 240 152 100 31 228 164 133 36 248 214 137 174 113 208 246 105 28
    151 79 3 194 17 49 159 213 163 188 131 47 185 131 92 240 197 18 40
    251 14 14 99 76 13 126 85 254 159 114 130 118 194 194 46 71 146 88
    206 45 108 216 68 23 134 117 97 151 214 221 203 108 194 81 54 145
    190 166 251 37 44 145 226 114 224 224 166 153 150 87 3 80 56 35 234
    221 208 20 35 111 183 4 205 94 241 116 163 217 28 218 216 81 206 149
    193 174 95 219 142 109 21 29 66 52 225 198 60 134 115 196 84 219 11
    67 193 155 116 76 223 206 76 162 223 54 5 70 207 249 175 230 157 50
    82 86 176 73 31 149 136 241 188 226 22 67 220 173 15 79 213 166 11
    81 49 167 14 95 193 213 224 76 227 183 30 226 3 208 185 41 76 8 182
    112 90 13 124 159 244 147 116 26 178 205 120 129 53 91 185 238 39 37
    27 73 218 52 133 46 121 196 46 205 180 7 178 216 64 5 51 92 156 19
    232 113 104 89 114 127 61 189 23 98 113 80 181 40 136 32 31 88 156
    151 189 99 92 57 225 251 181 46 87 142 130 95 67 17 218 180 150 181
    76 233 54 34 130 118 40 76 214 145 148 218 149 130 183 123 57 197 75
    27 193 39 58 151 206 89 156 64 96 244 45 57 57 34 148 99 101 14 127
    8 20 200 242 58 72 189 4 214 48 7 68 191 52 109 201 219 187 162 94
    116 178 57 199 45 233 148 190 232 187 65 195 84 129 35 195 8 144 106
    75 213 110 15 23 65 155 3 198 160 220 137 100 37 4 25 73 0 235 45
    198 115 131 142 155 30 41 225 177 196 200 236 202 183 206 157 115
    107 121 235 118 0 160 153 174 148 207 49 14 35 102 244 239 53 75 108
    251 253 155 11 118 169 24 217 136 62 203 19 137 174 28 85 155 151
    134 41 31 185 144 117 68 227 35 78 23 124 7 46 32 219 182 206 28 149
    100 227 87 250 239 97 147 42 26 97 53 61 162 42 82 71 54 46 235 56
    57 242 129 32 228 109 248 144 29 102 213 198 207 195 138 16 115 169
    229 199 187 157 215 202 79 117 72 9 109 60 86 141 83 1 144 94 174
    175 158 166 26 18 168 7 184 190 137 145 12 82 215 42 110 82 57 79 88
    245 186 69 12 195 169 243 33 164 161 14 73 246 48 93 75 16 79 245
    158 37 55 45 81 231 118 87 172 250 224 246 231 38 223 74 189 237 2
    131 244 23 43 34 63 146 9 196 125 72 145 130 193 251 145 245 7 139
    43 119 23 93 82 107 103 56 112 175 254 101 157 81 13 93 57 226 159
    89 145 210 253 146 214 96 240 134 173 211 10 238 237 114 181 174 19
    146 176 197 82 23 123 5 166 159 181 189 125 8 0 197 161 151 2 156
    188 254 100 32 59 203 1 186 119 157 152 64 238 246 131 71 100 134
    219 102 67 120 129 33 160 189 203 68 148 0 40 69 60 170 235 242 128
    186 221 231 227 59 217 158 207 85 90 188 4 46 177 138 98 126 89 217
    170 209 250 169 47 114 123 190 111 180 96 116 6 186 149 153 218 21
    30 239 253 59 53 31 247 136 106 145 240 42 45 252 136 179 113 239
    149 205 224 53 92 22 37 226 235 145 251 1 117 128 98 201 155 118 61
    236 165 220 178 26 222 118 1 64 197 96 140 123 248 58 116 3 199 202
    46 80 215 84 145 236 95 164 38 232 47 134 219 99 101 85 39 58 152
    200 63 184 215 30 221 178 179 194 36 17 124 83 58 226 35 18 180 32
    30 195 9 36 182 195 238 98 121 104 191 207 90 172 151 112 51 103 46
    113 216 144 116 152 158 42 122 91 40 112 249 241 77 217 170 156 168
    210 77 45 187 127 197 12 15 234 15 163 222 110 54 180 106 249 193 13
    169 22 223 76 72 143 104 159 103 151 193 246 58 130 10 38 11 40 84
    184 228 106 94 102 184 131 225 99 148 29 76 42 134 150 176 30 252
    232 25 129 254 56 227 163 242 132 157 217 252 122 11 49 151 188 12
    146 215 6 38 130 187 233 170 78 164 130 74 86 84 147 19 130 143 201
    22 156 115 88 42 137 191 166 133 127 162 92 184 64 23 81 141 10 12
    176 76 139 226 7 67 22 35 125 93 50 29 223 62 232 217 247 182 147
    240 2 156 158 167 192 136 79 32 132 191 200 78 181 147 184 214 123
    191 69 194 99 5 67 167 176 42 116 107 76 18 142 194 123 63 135 19
    195 217 195 148 244 197 201 30 61 168 189 226 183 64 86 208 133 43
    78 143 183 70 164 43 253 189 195 117 179 53 179 79 198 26 4 124 177
    245 134 34 215 186 26 241 251 187 176 37 169 0 44 38 201 236 28 136
    22 15 46 163 5 210 9 186 70 41 66 52 222 232 160 41 242 31 150 107
    191 5 36 183 249 40 246 239 2 35 85 144 47 6 13 6 139 161 109 223
    247 45 212 142 143 215 130 18 151 162 42 113 21 21 167 69 154 68 150
    75 129 87 215 101 184 151 75 11 90 233 169 165 119 242 250 213 156
    28 128 251 133 136 245 87 189 37 0 200 23 52 104 149 222 151 209 253
    148 185 110 248 173 95 165 135 230 106 241 84 217 233 232 79 79 245
    77 72 220 141 215 44 101 11 137 107 196 108 25 4 6 111 145 10 114 77
    17 206 226 157 237 70 213 89 200 59 48 162 195 136 85 202 37 163 126
    40 67 164 89 80 127 8 200 73 60 46 69 170 88 15 229 47 32 207 166 31
    4 58 239 229 26 63 117 196 11 52 90 154 107 131 221 30 131 29 124
    115 226 11 110 203 163 177 127 205 169 243 16 205 157 117 193 6 176
    129 136 228 9 55 89 40 254 116 152 52 206 54 213 4 64 133 56 228 238
    179 44 149 149 84 53 210 215 42 30 143 201 135 127 224 37 178 189
    195 57 102 27 138 55 69 113 27 90 182 166 182 15 116 202 197 237 15
    154 205 8 96 77 223 50 0 129 206 106 151 245 72 248 1 124 142 9 247
    98 136 230 138 200 166 107 3 104 148 157 21 115 38 117 17 103 251
    180 239 218 118 145 17 86 160 189 72 24 202 156 2 18 227 184 254 19
    94 255 198 194 51 10 13 140 180 32 226 42 78 50 150 19 248 206 25
    244 245 87 18 198 219 159 187 190 232 191 29 65 227 51 109 191 74
    193 86 161 22 91 250 212 224 14 223 121 255 120 30 125 106 154 234
    240 66 134 75 76 27 177 187 19 57 106 115 98 159 231 191 233 154 184
    170 191 14 141 160 2 140 196 32 49 165 0 74 152 235 189 98 193 238
    177 207 181 101 135 5 129 196 145 188 7 25 203 21 118 150 49 12 69
    168 75 19 96 80 213 79 216 85 192 118 174 76 72 178 59 3 116 206 90
    32 47 142 17 147 179 181 156 45 243 189 13 16 186 127 6 68 223 52
    253 217 92 113 46 188 117 70 174 40 159 149 84 97 24 60 190 132 90
    171 245 40 231 167 187 118 83 6 212 118 3 137 74 12 101 85 221 96
    198 164 113 72 103 104 209 129 164 240 38 205 77 212 211 168 20 151
    67 33 229 165 179 161 206 192 200 149 134 68 231 27 94 16 194 196
    195 240 25 238 89 136 232 59 55 212 154 240 163 168 190 1 35 48 24
    30 85 140 221 73 140 60 6 142 131 107 189 195 64 17 240 204 254 99
    156 212 255 112 4 59 146 44 204 170 24 30 95 66 112 138 226 173 157
    76 79 56 68 57 251 120 45 76 76 15 221 180 212 230 31 59 121 239 17
    131 17 177 107 110 198 81 247 127 125 110 22 255 120 238 116 104 238
    156 174 51 129 79 95 31 8 242 84 208 236 165 78 107 48 159 86 218
    123 138 208 27 206 243 177 203 72 25 231 112 152 168 12 134 251 50
    149 76 27 131 77 230 201 15 163 174 8 118 68 91 76 233 162 127 120
    108 202 94 42 17 40 105 53 123 117 223 61 41 64 57 26 87 40 35 232
    201 44 208 248 99 4 6 216 190 187 146 177 186 32 147 195 243 82 95
    115 17 43 65 238 29 43 67 3 17 6 121 181 57 176 107 221 23 26 92 145
    199 15 16 214 243 201 168 201 139 108 18 17 160 112 116 236 138 89 8
    12 161 54 53 81 190 118 126 53 219 197 93 150 103 45 242 47 242 173
    45 13 150 220 25 155 181 35 2 181 33 217 214 157 111 34 2 87 158 124
    198 211 183 148 51 23 166 76 236 136 57 231 56 126 154 228 113 147
    217 220 38 186 1 99 78 109 145 254 27 159 39 5 56 146 148 204 17 7
    33 179 5 111 151 192 120 158 200 237 3 252 104 217 255 58 225 234 11
    116 49 166 225 34 72 184 172 110 214 70 142 89 52 64 240 174 80 159
    218 65 32 56 122 124 221 169 54 48 61 82 235 99 11 178 194 107 170
    234 14 90 185 51 170 33 18 80 130 108 184 78 33 231 205 86 63 241
    225 41 159 191 204 189 185 57 216 240 172 36 89 43 7 13 139 186 130
    78 58 54 22 60 134 161 62 196 122 134 39 173 147 178 223 18 188 252
    225 64 177 244 33 82 119 255 109 69 211 58 5 182 167 165 52 71 55 48
    185 96 33 201 118 207 253 247 85 223 56 248 179 224 252 238 95 142
    135 197 20 115 123 28 124 117 203 75 186 47 132 201 120 169 228 53
    106 250 105 64 112 162 83 4 247 68 66 197 155 117 35 130 223 12 76
    164 183 80 6 133 229 70 209 103 40 98 241 199 232 190 231 116 232
    133 220 172 67 102 219 45 124 86 59 93 165 58 191 43 230 170 41 74
    200 180 189 11 81 34 117 87 134 89 42 172 35 114 15 71 31 166 78 101
    19 9 218 141 56 250 240 225 131 198 131 97 59 206 64 98 197 172 93
    45 113 10 59 187 99 22 37 91 242 182 7 7 136 58 253 15 41 24 208 187
    206 18 17 137 82 126 194 219 166 31 139 215 189 66 161 167 171 215
    162 62 223 71 102 201 242 78 104 96 42 159 117 187 22 97 248 7 133
    169 113 71 117 165 116 86 103 130 157 209 118 85 196 76 203 117 6 16
    189 79 52 15 73 110 238 153 218 250 171 34 149 50 165 93 146 201 77
    119 150 142 186 35 110 121 8 101 41 219 1 206 104 164 227 204 135
    114 213 6 213 240 136 141 113 63 135 31 45 226 223 38 179 16 220 120
    60 99 205 124 111 49 93 78 76 186 24 69 28 90 180 7 99 105 201 155
    134 6 117 216 41 196 35 184 118 123 63 214 174 178 211 79 233 208
    242 84 46 29 6 167 204 48 56 244 91 19 60 137 35 218 12 112 255 59
    141 116 203 38 33 100 230 178 70 96 118 215 164 81 144 96 41 163 129
    93 145 242 227 5 206 73 17 230 104 212 159 107 210 58 20 232 241 253
    148 53 41 46 98 141 1 67 188 197 157 31 157 133 223 73 191 154 178
    107 124 188 117 171 95 1 113 37 157 77 151 46 194 125 222 170 6 12
    63 199 235 162 72 149 109 167 226 108 183 5 48 68 63 134 181 85 50 3
    162 223 213 136 251 239 205 9 5 131 79 193 38 251 130 108 195 101 12
    62 34 36 13 148 247 238 5 238 41 62 255 61 165 247 233 11 119 25 162
    247 189 158 4 244 190 163 54 106 190 196 215 143 150 100 68 241 51
    148 248 123 155 129 136 195 194 130 208 242 95 201 16 250 162 184 94
    196 72 10 118 159 245 160 186 230 69 222 117 190 208 74 72 112 36
    180 162 249 28 203 194 77 57 49 31 108 3 237 175 233 78 104 29 206
    90 135 74 138 138 157 70 128 91 246 190 76 45 252 131 29 26 64 44 35
    54 186 137 143 180 187 201 35 217 231 244 133 206 67 85 90 190 187
    37 66 10 199 110 200 36 147 231 150 7 157 43 75 48 139 124 204 207
    220 101 48 175 245 154 237 137 239 15 98 106 73 97 143 13 148 94 89
    10 143 47 163 170 52 76 254 11 71 108 171 149 209 1 172 156 37 5 254
    30 38 239 241 37 249 202 86 211 158 253 244 33 236 106 120 88 87 47
    15 23 215 13 26 10 235 26 164 62 232 171 114 58 194 235 203 235 241
    202 142 63 54 15 6 2 113 139 10 184 108 132 27 15 25 185 84 36 225
    75 177 2 2 12 223 114 66 170 117 165 138 177 18 61 76 66 204 158 48
    54 139 93 205 223 49 237 243 10 168 147 86 114 156 192 114 19 173 8
    60 24 29 57 34 247 175 154 15 33 50 16 37 220 111 69 19 123 80 13
    102 182 191 153 43 213 9 229 9 191 126 114 227 45 37 22 108 182 22
    224 99 100 124 35 223 177 88 243 77 122 138 190 74 187 161 155 42 67
    186 31 23 20 129 19 20 250 60 6 142 96 237 208 58 77 155 78 12 35
    206 28 234 235 200 99 247 136 153 115 61 56 131 65 147 37 252 172
    220 167 21 43 248 187 165 37 77 229 249 59 116 156 228 37 94 232 35
    254 39 71 36 52 201 146 249 81 226 132 138 193 40 169 232 19 66 48 7
    221 104 186 125 77 23 49 237 27 103 204 13 121 193 130 3 65 200 21
    150 128 127 177 140 107 190 71 21 207 154 52 160 113 222 127 79 79 4
    46 95 205 70 255 103 84 48 25 41 237 107 49 2 45 114 216 129 82 72
    207 121 79 94 40 165 72 51 156 67 1 217 206 10 81 236 206 10 121 157
    226 27 195 19 2 189 185 158 192 15 1 142 183 25 77 111 155 246 177
    79 0 211 100 51 135 96 209 57 96 96 145 245 39 10 164 191 170 29 16
    34 253 67 198 70 196 138 84 100 177 207 212 231 246 77 123 80 223
    189 80 52 184 8 129 84 60 171 108 203 60 209 44 142 171 4 178 69 105
    238 181 232 101 161 186 25 181 58 57 159 78 117 110 61 154 156 70 38
    155 227 201 194 242 182 42 255 252 138 220 174 77 113 209 105 147 38
    131 68 252 115 212 177 254 255 154 8 93 18 1 3 26 248 95 45 59 135 1
    224 179 124 4 129 47 100 190 230 167 97 219 80 179 248 47 175 221
    123 130 79 36 39 68 206 69 139 194 56 47 56 117 89 151 227 233 101
    200 253 14 15 71 18 198 249 35 108 225 176 114 124 114 140 30 31 45
    126 61 128 95 161 114 141 176 93 158 21 35 203 228 45 119 61 18 64
    127 109 69 35 200 236 112 114 158 149 102 75 158 173 185 238 135 238
    100 52 132 130 231 118 87 229 206 93 207 81 124 216 119 231 102 141
    63 25 191 97 185 12 218 127 135 94 192 9 185 202 69 77 234 59 27 39
    153 147 192 200 217 255 44 1 133 45 198 99 148 24 55 150 63 226 212
    249 241 196 250 92 162 251 135 125 205 110 167 180 206 107 145 36
    123 206 63 113 45 144 18 53 77 227 95 193 199 199 15 94 97 136 93
    116 153 106 122 154 33 193 127 68 114 37 153 41 125 69 241 194 240
    182 101 69 124 245 209 77 242 66 242 8 11 222 94 62 93 213 244 116
    54 165 113 22 78 122 8 61 191 151 150 104 164 29 193 237 238 92 201
    136 132 158 237 139 168 45 182 194 188 151 206 146 188 83 212 212
    249 117 77 182 111 74 79 34 55 3 251 138 11 180 218 179 21 222 165
    23 164 50 240 190 132 240 65 198 49 105 58 8 216 6 70 4 231 107 132
    54 138 113 228 176 153 149 168 22 159 29 160 200 99 146 207 41 149
    202 161 152 228 248 223 226 5 108 30 46 51 77 50 218 247 160 23 142
    58 144 139 104 253 34 74 70 101 75 17 132 71 58 217 130 41 48 144
    189 35 147 59 59 216 230 169 47 142 237 128 217 109 150 17 143 67
    200 153 211 5 50 173 119 232 65 136 155 113 181 244 48 247 75 91 65
    149 171 51 5 42 243 106 0 151 21 152 236 241 242 218 166 73 154 61
    87 163 173 214 140 190 24 63 125 243 72 93 250 113 245 27 176 230
    165 153 130 197 29 137 211 191 135 254 243 225 95 146 51 84 191 197
    27 36 135 101 54 42 165 4 160 150 132 35 150 233 78 191 37 95 197
    235 41 215 31 133 143 215 43 19 93 135 91 201 169 120 102 189 40 152
    131 51 242 147 125 208 43 154 160 191 144 237 166 250 162 255 166 8
    133 104 79 183 73 112 164 119 144 238 145 79 40 238 105 52 94 216 61
    172 187 102 12 39 196 227 65 105 86 96 193 170 241 233 10 223 99 243
    201 158 121 151 169 242 163 170 245 40 185 19 3 108 214 113 254 162
    2 238 93 128 8 236 66 119 169 23 87 220 221 163 202 71 59 203 86 108
    177 214 30 61 17 190 216 6 226 1 108 143 241 34 52 204 77 181 239
    191 176 237 113 46 194 22 206 151 216 199 161 87 238 146 247 253 156
    51 10 183 156 16 6 226 106 46 140 20 43 165 176 250 23 248 71 124 92
    200 130 248 185 229 191 47 167 190 216 196 196 192 152 99 216 9 162
    5 78 142 223 238 163 23 108 99 167 172 29 80 125 168 111 64 112 129
    248 142 1 126 207 72 230 114 184 154 72 120 216 188 94 137 185 6 135
    46 161 152 156 109 8 141 225 139 29 114 156 143 97 207 5 209 101 186
    142 245 35 185 52 75 16 214 99 185 12 63 140 80 34 185 150 57 21 48
    245 86 138 69 47 156 243 35 6 131 234 215 101 86 43 81 30 20 86 218
    239 119 60 35 122 143 72 162 119 22 131 7 72 95 118 105 190 106 121
    31 168 110 12 234 6 181 36 13 10 99 224 244 224 140 69 115 166 34
    200 254 171 119 217 31 17 197 235 105 111 212 124 102 62 218 14 125
    150 206 158 201 81 110 71 234 96 102 230 39 214 84 102 189 172 38 41
    80 92 14 142 231 50 218 121 241 103 207 252 144 207 196 151 42 81
    140 147 222 166 96 67 234 213 4 178 165 41 214 104 188 50 180 174
    243 28 150 132 147 237 69 108 6 97 90 165 123 169 133 130 2 175 96
    71 167 105 132 173 120 11 88 9 193 23 171 36 239 43 109 114 163 247
    160 43 16 205 32 60 4 240 211 41 37 150 99 195 76 216 158 24 133 177
    6 252 89 88 132 14 153 193 161 169 192 136 234 24 123 75 202 247 163
    227 133 188 34 65 169 1 189 19 251 50 199 60 144 11 104 47 140 41
    233 169 157 75 153 213 126 157 161 248 136 69 91 215 216 111 6 131
    147 164 126 50 94 244 210 89 206 21 215 122 113 30 162 62 254 170 8
    145 138 119 181 101 72 88 235 205 159 69 174 234 80 47 139 129 64
    184 254 234 180 219 146 132 31 35 224 77 123 116 134 21 48 146 134
    19 144 143 174 224 234 126 181 47 25 48 162 210 12 47 90 47 119 192
    236 185 189 160 225 164 6 194 199 12 68 77 51 239 184 254 2 31 52 8
    220 53 135 2 163 180 52 204 203 179 122 186 228 37 77 105 108 177
    155 218 166 129 98 111 64 55 211 253 110 234 96 157 255 40 167 215
    205 17 192 200 74 78 245 232 17 115 189 173 0 100 252 183 79 116 2
    15 65 39 238 98 160 195 8 166 40 185 77 100 119 77 125 235 243 44
    103 97 122 108 146 16 99 124 37 134 102 24 0 81 155 237 159 134 13
    95 211 10 33 1 195 168 147 64 172 74 29 17 135 119 248 61 113 125
    191 196 83 165 228 79 1 199 20 97 96 113 125 18 53 184 130 128 237
    202 80 81 152 8 147 112 221 132 83 238 177 247 49 211 97 11 104 230
    190 167 34 206 48 223 104 171 167 228 28 117 220 140 222 114 133 145
    223 200 220 39 33 101 76 244 163 119 222 23 166 52 248 60 94 173 13
    58 88 171 213 131 54 89 143 106 175 0 59 93 195 244 247 143 222 54
    188 1 129 217 207 246 46 37 169 133 35 181 164 71 185 144 181 123
    244 126 15 39 70 215 181 154 165 41 117 77 152 230 79 3 21 120 208
    81 39 9 246 184 206 166 21 183 4 83 104 214 232 24 180 183 27 216
    172 131 147 214 27 5 147 70 238 172 112 214 186 177 72 86 123 31 74
    56 64 149 2 24 4 83 39 225 170 60 232 101 216 244 179 66 201 78 177
    22 35 168 138 208 26 125 14 35 179 230 145 188 80 243 245 25 121 121
    63 56 2 59 104 244 34 127 237 134 178 154 208 67 195 92 158 86 13
    233 206 157 218 253 102 116 65 189 222 161 214 31 195 113 35 220 144
    169 61 84 184 39 228 50 56 77 62 144 128 76 109 44 241 142 58 96 156
    170 244 55 53 140 61 71 53 217 237 164 154 62 106 125 198 64 49 52
    12 20 81 80 136 15 124 63 194 161 52 85 183 62 234 170 196 77 16 77
    46 20 175 249 245 115 177 71 205 180 48 64 192 255 202 179 120 81 84
    181 245 194 173 171 101 241 79 233 253 83 207 237 171 85 22 29 18 53
    177 105 114 223 20 68 93 167 197 142 146 148 89 141 182 23 85 180
    196 22 90 162 85 197 109 87 91 13 244 98 143 179 223 4 222 61 83 203
    142 47 137 112 160 193 220 123 158 51 1 73 254 164 0 141 119 233 33
    179 49 173 160 97 187 235 4 184 101 90 11 161 182 235 179 119 199
    118 35 47 181 136 94 5 26 93 208 238 202 153 191 6 192 27 64 204 63
    158 7 160 35 57 16 242 116 197 134 77 134 57 231 7 174 210 110 253
    123 121 73 50 56 108 224 99 105 131 41 195 206 224 33 29 18 252 52
    221 23 215 58 182 181 101 165 236 107 23 12 69 247 29 87 176 6 128
    187 126 236 96 79 114 106 18 142 30 203 233 154 201 141 213 12 23 29
    220 72 198 22 244 116 69 188 184 167 18 117 106 156 112 6 129 41 128
    108 197 49 12 2 107 38 107 76 48 51 92 138 6 73 80 114 10 192 5 210
    29 115 205 206 214 72 87 191 113 214 199 63 123 2 23 189 102 12 250
    74 52 10 7 53 150 78 185 246 253 6 247 38 17 184 221 204 77 184 207
    168 36 126 255 165 96 224 81 216 11 128 144 245 161 34 163 117 229
    102 131 26 39 190 90 118 204 94 99 100 76 206 131 192 24 146 250 67
    180 87 224 124 134 155 229 217 183 37 47 221 157 160 194 66 216 109
    214 84 194 229 191 197 148 187 91 188 22 109 78 30 6 70 81 98 240
    136 30 110 63 61 141 174 60 154 125 245 246 69 149 231 232 83 123 59
    43 242 237 74 84 74 53 108 109 115 40 201 61 20 249 232 250 95 162
    66 205 104 230 21 186 43 152 152 247 68 221 214 125 105 18 203 69 4
    162 235 251 247 225 133 249 12 254 176 93 219 11 20 50 120 208 29 35
    123 94 224 164 174 213 159 191 83 209 148 17 183 143 2 226 91 231
    194 136 216 171 164 169 112 235 169 93 1 10 193 115 44 148 123 245
    178 120 52 232 224 12 148 110 108 116 15 159 232 29 111 226 47 62 62
    135 193 80 159 11 108 147 24 107 39 189 209 162 209 203 202 52 3 73
    16 187 229 138 205 173 13 20 127 2 227 246 116 109 136 39 84 46 157
    140 47 63 16 52 204 186 253 237 81 209 214 53 163 58 14 15 215 194
    141 161 135 68 101 107 105 55 87 157 245 118 209 162 149 215 13 119
    46 200 180 73 141 181 152 148 112 0 89 105 82 15 78 180 73 157 79
    214 168 163 190 68 112 141 230 62 110 138 237 46 99 222 224 143 149
    181 167 100 66 46 246 92 179 184 90 137 90 241 42 169 232 32 91 81
    227 125 108 232 165 32 173 58 4 188 96 0 23 35 95 202 253 17 80 157
    148 208 150 101 198 230 133 151 54 215 182 176 62 134 151 117 69 26
    116 245 134 157 180 61 55 57 248 195 18 193 49 62 8 126 18 93 168
    157 189 201 54 22 249 27 141 100 61 246 37 175 27 206 57 152 179 162
    115 215 198 68 26 40 41 160 70 71 53 125 172 97 46 116 81 242 83 156
    37 125 149 28 84 58 239 40 93 168 74 243 216 109 155 14 9 99 161 225
    170 137 251 94 150 84 178 103 223 129 178 128 168 190 161 113 24 54
    49 37 103 56 240 121 237 234 155 118 48 188 130 204 183 83 182 206
    191 83 217 61 103 242 84 226 144 38 98 92 235 134 169 105 111 27 55
    229 162 99 138 242 36 174 19 81 209 215 42 109 19 101 48 184 151 212
    131 154 251 47 34 80 249 232 126 230 159 90 9 240 78 11 14 51 1 26
    226 173 51 166 164 202 24 78 223 141 220 2 86 34 23 165 46 248 30 43
    159 197 152 236 240 226 85 38 243 65 156 244 78 62 149 195 5 138 82
    45 243 84 125 61 12 121 127 90 101 2 95 122 151 12 64 76 241 57 50
    151 223 99 158 88 178 59 78 229 247 140 225 172 113 151 120 209 93
    236 186 53 15 227 184 112 90 14 211 131 150 98 64 234 179 245 98 31
    248 49 23 65 53 127 178 45 94 13 84 181 130 27 230 28 221 171 116
    130 23 64 110 182 146 185 65 79 128 175 42 79 156 166 228 22 62 202
    133 190 243 12 229 25 12 67 130 231 102 144 20 164 142 153 62 150
    249 117 226 12 4 191 112 230 40 149 192 136 129 147 130 37 214 18
    128 191 230 70 83 25 214 51 249 45 86 186 0 85 176 85 213 241 115 41
    54 219 143 163 244 7 225 111 146 135 133 88 18 117 16 82 37 207 47
    39 168 169 168 38 41 157 138 98 107 245 196 254 169 165 125 139 98
    182 157 125 51 72 19 63 22 110 9 146 243 26 133 254 244 81 9 2 221
    134 234 48 28 68 173 229 97 204 110 12 68 55 245 119 186 222 189 9
    143 226 165 66 217 127 187 19 144 29 204 54 65 94 250 236 155 31 93
    115 168 101 206 89 187 183 150 135 82 173 11 75 189 15 37 13 50 153
    209 24 104 122 123 54 167 49 210 216 145 161 87 246 95 178 215 143
    25 152 170 228 129 46 31 25 213 149 176 81 196 166 158 202 221 154
    35 126 158 96 38 171 194 153 16 216 213 149 209 72 243 205 17 238
    100 21 193 140 231 179 72 53 184 66 192 200 249 98 67 16 87 30 219 7
    40 35 121 218 234 14 202 207 135 133 26 113 214 157 100 26 0 159 79
    134 224 55 49 68 86 50 230 244 251 201 191 139 246 152 218 106 139
    129 191 49 191 9 103 241 84 21 10 229 120 232 103 98 113 247 151 90
    67 100 220 10 198 121 184 147 77 133 142 238 133 69 80 100 178 72 21
    209 221 70 6 27 47 159 201 206 124 42 53 219 171 34 140 124 186 67
    136 19 134 43 16 201 239 92 97 180 67 129 136 220 100 241 185 205 10
    242 19 15 151 100 86 85 30 97 14 214 228 55 65 53 87 73 216 189 50
    224 220 150 172 160 186 163 161 30 12 78 54 203 181 220 245 226 168
    138 142 95 175 194 158 150 53 7 56 21 3 223 19 47 25 103 85 100 31
    154 2 183 235 149 160 126 237 145 140 74 0 70 10 66 205 94 195 15
    230 72 200 87 0 246 230 177 222 94 71 35 166 89 159 15 154 146 244
    61 31 133 75 83 99 117 35 124 163 167 234 171 214 171 124 23 4 92
    178 97 100 187 79 102 188 247 237 48 21 244 147 106 78 77 201 249 36
    231 77 152 120 207 130 199 179 176 144 67 91 63 129 61 123 144 118
    99 200 165 106 174 111 78 242 250 168 125 63 0 67 191 195 47 18 243
    86 138 163 233 36 119 194 165 14 219 23 194 243 102 212 231 169 41
    32 172 75 38 196 2 204 70 215 177 104 92 172 65 109 105 132 98 154
    129 115 215 216 72 16 138 196 158 227 174 165 245 103 83 237 54 65
    107 20 41 254 213 136 18 190 137 113 133 146 1 111 38 181 141 70 194
    199 149 94 60 147 66 251 79 121 6 71 79 255 65 157 173 97 160 75 43
    151 27 52 217 44 220 148 225 84 2 66 129 122 163 230 96 70 132 152
    226 89 169 77 144 208 227 40 108 31 77 209 37 208 100 131 214 249
    127 250 164 182 177 145 215 142 216 47 111 245 227 153 132 38 136 71
    142 125 237 97 10 109 36 102 90 113 3 248 160 207 42 125 219 186 215
    122 167 116 245 214 39 139 235 69 25 135 15 169 204 112 206 86 18 51
    212 63 93 112 165 227 5 186 178 219 212 213 230 46 120 224 236 237
    201 104 18 145 165 53 109 49 157 168 75 194 25 86 186 159 27 111 35
    113 29 216 226 57 66 255 72 177 40 149 240 32 101 232 214 115 100 91
    16 203 189 29 236 15 129 96 38 29 30 86 1 194 97 92 1 118 153 115
    199 146 117 56 148 250 108 3 192 230 84 136 100 175 31 245 20 135
    224 97 82 102 161 50 47 116 247 97 68 155 66 214 1 87 97 149 188 92
    119 171 96 156 165 94 76 82 215 223 212 121 184 63 152 194 141 8 3
    223 252 136 211 81 39 246 130 174 241 225 64 33 158 26 114 31 227 58
    225 23 230 104 237 140 178 37 153 8 133 49 6 207 186 219 117 139 218
    197 26 18 86 189 113 119 159 18 98 160 212 249 252 65 129 118 49 223
    216 236 126 58 194 246 35 192 227 26 76 76 25 64 142 169 69 202 123
    234 100 95 117 75 9 97 119 147 215 168 147 207 212 230 248 153 125
    113 115 60 82 5 120 156 241 184 139 128 163 111 4 161 165 148 28 223
    250 199 88 205 29 108 174 153 39 74 227 238 163 0 46 215 142 101 207
    41 188 185 251 52 241 57 120 104 202 112 202 128 6 220 138 40 37 235
    224 186 115 13 36 37 240 40 33 209 165 136 52 181 43 13 76 168 22
    231 92 145 113 225 155 108 97 127 10 6 145 99 220 5 252 160 167 115
    205 177 128 27 245 63 99 161 32 186 146 223 17 193 21 228 147 157
    127 38 95 141 70 231 169 107 35 73 100 44 225 164 55 212 126 152 90
    133 113 34 79 163 7 212 136 110 75 22 109 207 196 203 134 217 88 203
    113 110 42 107 173 111 93 3 167 231 84 191 1 251 66 28 94 209 119
    120 64 106 47 188 106 205 130 74 139 139 30 114 113 94 158 140 67 60
    46 225 123 128 245 241 173 33 232 4 64 245 75 194 38 108 81 86 238
    156 196 5 128 107 164 196 164 152 22 190 21 91 245 88 203 162 78 214
    246 147 63 214 147 39 15 126 157 8 213 189 248 241 135 125 230 188
    255 253 105 26 95 152 76 70 19 233 232 254 101 15 20 15 172 104 200
    241 103 197 65 99 72 142 183 150 162 177 41 3 165 185 87 120 3 60
    228 42 27 73 143 17 244 4 27 104 104 181 11 45 201 65 40 19 230 203
    40 101 8 167 159 202 3 48 229 228 155 222 190 15 134 86 166 59 243 0
    52 210 82 235 10 48 62 84 114 62 170 189 227 160 139 94 162 244 116
    232 32 225 184 206 243 6 147 218 14 136 177 75 6 72 243 123 3 220 59
    191 182 31 91 35 246 245 13 118 111 197 124 252 183 100 5 174 204 23
    9 232 48 34 131 184 239 40 42 182 28 191 55 185 153 61 159 163 125
    112 77 13 12 131 244 220 165 18 21 29 13 30 231 141 2 209 12 5 247
    247 108 16 60 223 212 26 187 141 86 126 84 183 58 139 194 198 95 29
    126 36 92 144 103 53 52 109 230 236 6 237 208 208 97 118 6 254 155
    60 101 80 154 119 222 82 191 52 205 49 34 245 198 160 49 217 58 172
    140 251 65 3 253 158 82 211 17 199 33 112 197 182 104 179 60 207 252
    191 148 41 194 17 8 78 66 29 63 162 244 205 176 45 45 184 238 212
    118 48 238 185 39 130 145 107 5 243 233 252 180 5 169 104 224 23 92
    48 93 54 114 198 34 71 68 147 223 180 250 89 102 233 108 145 182 182
    222 99 71 9 43 219 56 77 150 165 142 161 11 173 103 212 114 52 87 62
    199 41 183 78 41 129 188 52 154 212 187 194 238 135 151 243 208 134
    228 221 86 208 118 164 11 185 139 203 31 78 53 205 154 203 77 168 52
    245 170 186 135 185 129 194 26 74 13 233 235 199 48 103 102 68 11
    162 149 236 14 185 139 230 224 45 227 9 154 219 77 103 49 169 115
    105 199 143 46 88 240 186 166 3 60 14 97 117 226 46 154 194 233 80
    152 37 192 208 73 189 233 68 81 116 185 44 184 93 252 209 207 140
    192 71 56 6 139 62 190 50 50 66 219 159 253 200 172 244 207 173 192
    137 249 206 242 31 209 36 100 115 16 173 223 12 119 17 36 135 84 147
    238 218 91 164 3 245 176 240 101 105 200 168 247 50 216 201 94 115
    156 244 86 71 151 70 66 44 221 13 58 72 115 43 239 241 38 75 124 80
    8 59 224 110 215 188 154 160 169 50 128 73 193 0 238 61 154 14 92
    228 70 6 50 137 225 9 13 237 65 212 189 56 7 193 93 186 144 49 14 9
    203 151 225 62 241 108 64 190 78 145 238 220 10 92 50 238 86 71 67
    244 17 207 92 84 212 81 192 137 91 250 34 150 114 99 40 174 173 7
    174 230 105 115 57 116 156 210 104 192 0 253 162 114 67 18 202 127
    44 231 155 248 147 113 60 0 61 223 137 174 96 236 244 42 119 35 219
    57 136 79 55 45 251 80 125 178 244 1 212 176 223 7 43 109 48 182 19
    139 83 101 230 205 100 150 121 2 108 185 46 200 202 104 130 39 118
    10 115 53 129 40 228 156 41 38 39 128 175 56 132 217 4 140 108 152
    194 246 76 22 231 142 251 223 163 254 143 16 93 35 105 192 40 241
    186 8 34 98 253 117 85 62 174 183 99 252 62 176 49 108 139 244 25
    213 64 59 181 155 59 249 99 142 139 172 204 77 144 153 1 217 62 58
    84 174 136 136 129 153 232 175 96 25 152 21 193 0 246 146 232 91 86
    28 48 3 133 109 32 93 184 27 113 252 74 182 185 6 62 209 193 149 82
    185 68 98 138 202 192 6 218 47 28 185 200 156 205 30 184 155 98 192
    150 13 57 86 104 179 244 208 159 216 36 5 18 190 247 148 157 90 153
    219 220 35 32 215 18 106 54 157 148 129 47 138 192 239 214 160 46
    218 92 237 44 91 74 11 195 76 42 40 156 60 70 196 103 158 133 5 245
    168 39 101 11 40 137 59 0 73 164 66 148 118 97 83 182 132 181 193 57
    161 14 13 103 38 202 203 220 188 193 106 98 191 92 119 196 125 70
    248 15 29 95 60 210 178 102 195 30 73 99 5 70 84 5 103 22 225 63 168
    170 248 218 94 129 255 180 231 132 123 155 64 220 149 3 205 130 141
    226 164 115 9 95 151 31 36 143 5 81 242 249 16 137 213 203 113 44
    169 183 154 196 67 198 193 152 172 55 97 88 146 59 201 243 192 217
    135 198 11 16 43 205 157 164 28 6 166 169 94 178 94 21 21 41 82 14
    48 193 252 221 110 63 72 131 135 214 175 20 75 21 92 225 7 77 89 99
    191 184 136 1 127 48 33 206 44 214 202 219 156 146 118 35 134 249
    218 70 42 55 106 205 170 18 135 161 176 58 134 154 176 51 227 127
    139 96 5 170 228 74 196 158 136 103 156 15 152 27 147 236 195 61 246
    58 19 233 230 135 252 152 1 152 9 198 6 216 193 102 119 22 161 179
    97 32 233 130 176 78 176 226 66 100 147 101 229 93 152 111 164 41 30
    158 9 73 219 98 73 180 90 244 208 46 23 21 162 163 38 188 139 184 27
    148 63 251 27 74 92 180 97 35 140 20 18 245 236 90 106 97 98 3 11
    221 197 46 82 8 51 105 32 76 191 129 145 213 204 45 175 220 23 133
    219 17 193 112 180 117 103 31 119 41 50 1 73 164 187 12 212 137 252
    54 137 76 175 38 75 59 123 16 46 184 182 177 240 113 170 141 132 70
    29 169 73 255 69 177 203 111 106 45 12 147 64 198 136 189 97 179 90
    164 212 242 147 83 246 7 60 60 152 118 2 40 186 123 198 45 61 14 44
    85 204 194 160 34 142 68 104 104 55 231 27 247 156 41 73 5 141 43
    247 204 222 105 82 236 251 46 141 254 18 65 158 39 113 77 158 41 186
    215 91 133 88 4 37 41 158 49 26 191 104 22 254 5 130 201 127 123 162
    198 184 202 195 199 168 169 241 104 106 187 27 208 145 104 105 15
    143 141 11 91 202 194 84 115 23 118 163 64 20 45 141 132 106 218 140
    124 213 27 151 70 194 191 220 219 9 97 249 89 128 143 175 98 47 248
    25 103 60 97 65 13 13 176 230 62 236 133 37 163 223 140 84 180 204
    124 221 14 3 83 252 64 70 166 28 130 99 24 170 35 85 53 156 146 154
    144 58 189 215 212 70 94 26 12 124 115 28 125 88 1 6 123 183 159 187
    46 134 73 109 111 54 6 255 178 86 150 180 224 98 129 238 153 215 136
    94 224 252 167 202 220 121 38 120 79 193 73 116 23 32 151 159 78 100
    189 75 17 0 36 13 191 205 15 53 120 7 238 229 107 37 44 82 242 92
    126 4 92 84 30 170 120 102 206 70 176 233 47 178 84 172 55 196 100
    192 180 156 237 153 115 176 208 182 254 169 244 65 241 76 21 200 210
    141 218 180 99 237 21 174 2 16 102 74 203 190 123 233 86 64 184 221
    248 117 167 241 34 232 50 82 80 71 118 224 85 100 152 222 89 243 85
    131 75 171 56 81 163 122 69 101 173 213 3 56 215 161 143 59 3 13 109
    49 74 143 201 111 116 24 109 115 49 193 170 131 27 195 94 160 43 21
    122 148 13 247 12 124 128 181 57 208 131 221 60 150 180 198 50 157
    185 136 207 158 8 255 241 235 70 109 12 234 161 49 197 139 193 48
    122 201 56 46 169 158 111 184 163 2 33 79 228 239 69 28 51 29 88 92
    137 157 179 97 12 92 51 29 21 110 76 166 237 103 10 153 11 238 46
    205 224 134 0 251 72 41 70 250 181 29 211 196 39 24 249 238 103 71
    136 34 45 26 5 79 212 254 225 57 119 114 44 11 134 193 106 75 98 52
    210 181 192 9 184 129 81 73 134 83 22 152 82 50 63 56 115 246 150 8
    142 63 12 252 196 196 84 209 191 193 13 54 237 97 117 239 63 48 50
    165 218 64 84 172 132 92 54 22 99 243 126 47 119 244 251 213 11 80
    185 106 11 114 103 255 221 167 87 27 97 121 101 86 143 240 73 143
    145 100 227 63 86 28 104 49 118 120 36 184 203 109 245 112 215 183
    145 178 220 13 60 71 162 255 1 56 24 115 225 19 190 148 136 191 23
    157 228 10 180 196 18 128 176 117 169 21 153 141 163 83 18 58 206
    169 123 97 12 110 129 51 29 224 24 36 133 27 185 120 100 139 155 13
    211 84 168 81 210 246 127 158 100 36 80 42 211 77 131 19 151 192 46
    66 39 243 98 106 52 66 172 74 24 229 74 154 90 152 214 230 146 131
    17 69 105 165 87 41 152 34 53 50 190 70 243 109 111 37 78 9 70 73
    119 190 212 240 62 115 78 28 118 52 109 199 130 176 10 90 237 86 14
    200 183 178 208 175 72 45 76 152 82 82 178 247 188 110 170 232 205
    27 241 79 61 20 61 174 148 191 190 205 211 7 236 251 95 162 175 58
    215 28 83 40 160 242 55 81 62 218 125 171 167 207 84 114 67 19 3 204
    226 33 237 60 44 55 209 33 121 250 106 169 190 160 156 249 239 86 83
    149 43 92 190 238 45 240 118 216 65 79 29 14 58 13 179 45 184 213 17
    134 190 70 241 38 184 182 140 206 41 172 51 217 37 10 251 85 249 138
    117 154 153 52 253 59 74 86 170 2 94 34 104 32 55 94 19 17 155 218
    38 191 178 120 194 130 61 133 112 45 193 144 187 170 226 139 221 247
    68 215 237 93 149 179 161 111 59 77 132 201 65 31 206 158 224 107
    140 86 49 215 82 213 117 209 112 31 244 127 16 142 95 111 169 233
    175 63 212 160 210 40 146 115 90 62 34 33 190 114 171 129 18 86 245
    202 55 133 10 234 108 101 70 11 104 222 128 34 1 229 145 181 142 183
    246 247 138 96 163 132 219 138 33 191 153 58 134 68 177 70 230 242
    57 54 87 170 89 98 242 220 94 236 149 110 19 26 167 93 103 252 133
    133 163 194 1 72 131 127 238 205 246 44 177 213 127 236 138 5 203
    230 91 251 94 121 44 213 28 92 141 104 22 75 192 89 84 69 89 14 17
    179 0 220 88 154 95 116 49 54 107 149 252 126 13 139 136 69 139 151
    114 208 163 42 183 171 4 83 228 186 248 191 133 141 154 222 185 115
    167 220 122 231 174 234 114 19 88 203 136 100 151 29 127 49 114 246
    14 9 141 28 241 105 112 97 241 8 91 237 103 147 207 131 234 140 160
    96 4 185 43 186 143 59 241 243 154 20 46 182 116 116 56 30 80 40 115
    188 134 175 20 110 136 229 103 5 8 219 9 11 85 163 76 234 51 136 199
    94 185 76 56 173 241 77 78 255 155 172 123 143 154 193 76 8 45 116
    231 97 105 90 23 140 123 153 167 215 85 223 4 178 174 90 153 245 56
    161 129 115 202 83 90 127 169 145 166 166 69 21 236 248 68 36 8 187
    169 13 118 50 25 22 218 105 201 99 38 82 225 27 51 187 175 161 207
    55 216 218 59 129 194 10 63 131 79 109 175 148 204 99 214 147 142
    140 90 110 46 179 50 10 240 212 154 20 97 197 88 159 37 81 166 44 38
    238 128 122 76 44 200 59 204 90 114 188 69 40 193 199 179 178 214
    247 209 200 63 217 255 5 235 250 63 110 236 4 47 122 177 188 186 53
    134 159 78 174 197 65 215 124 4 20 90 207 36 197 77 53 47 58 53 85
    148 252 213 246 64 60 92 113 66 245 149 161 250 134 223 6 199 59 37
    186 51 137 53 48 20 62 53 118 133 245 193 10 43 223 225 35 108 232
    35 94 225 138 168 133 52 136 243 230 193 204 151 153 196 189 144 239
    202 75 55 125 7 157 125 133 191 105 199 176 35 188 34 149 70 214 38
    34 61 4 58 118 187 213 8 82 109 36 170 210 56 114 27 229 216 26 79
    184 122 229 203 131 139 105 117 91 231 8 106 27 140 17 31 101 203 85
    9 3 178 253 142 225 137 138 113 253 145 195 115 121 221 117 154 17
    145 73 198 250 170 240 242 29 185 83 147 251 190 147 179 188 28 67
    221 48 107 35 121 212 140 53 37 180 202 49 167 8 158 182 47 158 230
    88 194 170 213 206 247 29 85 1 172 228 68 104 54 60 190 158 237 202
    29 75 209 44 230 150 36 9 153 176 216 159 179 198 70 193 60 123 169
    212 6 112 119 8 154 137 175 180 53 187 45 6 121 153 112 6 187 158
    132 206 46 49 212 152 25 82 228 121 247 70 5 15 135 168 162 213 33
    159 80 143 58 115 249 182 181 132 141 179 223 35 211 111 144 49 29
    143 153 218 46 0 139 108 204 174 204 109 88 64 13 127 159 4 136 150
    245 246 110 33 194 110 26 232 15 32 7 156 46 33 113 38 249 158 223
    145 149 157 196 169 74 135 190 87 157 104 153 187 7 26 44 211 242
    201 109 51 56 124 183 102 189 153 219 251 156 71 38 20 130 57 207 74
    171 151 221 57 84 83 239 55 33 188 91 214 140 206 178 83 57 39 46
    175 180 132 41 225 40 225 28 140 114 60 99 167 227 29 45 194 154 136
    128 237 49 173 10 134 195 9 195 90 226 82 93 201 101 13 84 162 27
    217 149 191 132 138 222 161 121 15 135 18 78 16 1 152 113 58 130 254
    70 166 229 186 220 189 76 206 126 62 204 74 140 151 52 33 54 113 165
    214 181 121 187 169 127 43 20 61 171 116 116 144 105 89 250 70 171
    174 70 219 93 13 56 207 17 65 225 251 146 185 22 55 158 74 213 255
    217 171 125 28 58 154 218 48 178 64 21 178 14 59 7 184 88 103 65 193
    159 163 161 56 48 23 31 192 18 20 233 242 36 111 153 186 47 52 99
    197 116 14 146 39 221 102 64 181 227 197 13 139 124 200 176 12 188
    142 203 217 250 173 184 134 100 153 55 130 4 238 189 184 208 242 184
    155 234 168 117 143 32 209 130 243 87 12 249 27 100 38 12 165 249 92
    14 147 194 143 215 5 19 247 91 118 81 69 123 107 240 109 84 216 113
    35 26 16 99 112 80 191 221 251 148 52 81 153 32 120 42 169 124 178
    169 44 29 244 53 15 21 52 245 203 119 48 163 2 90 244 46 49 166 23 9
    105 200 200 11 112 152 0 46 126 177 246 21 138 160 228 44 139 15 70
    114 149 245 124 53 84 97 85 160 162 149 131 207 167 231 89 92 37 124
    108 243 182 30 232 52 63 243 200 159 206 212 185 11 246 53 50 220 8
    43 189 167 33 240 134 225 108 238 233 176 77 164 157 135 254 158 51
    245 89 187 132 62 17 117 80 6 3 54 57 224 196 198 251 26 206 128 94
    15 1 73 93 130 5 152 6 41 79 133 177 230 217 77 182 39 142 13 86 77
    49 226 14 89 36 76 27 169 165 93 187 28 89 200 31 28 108 222 123 5 2
    53 180 149 39 51 89 138 35 185 8 214 101 111 181 185 63 219 146 124
    223 172 28 89 113 26 167 157 106 147 249 23 223 170 184 3 55 160 107
    187 144 88 78 170 211 208 125 244 52 210 190 165 225 189 160 76 130
    83 206 122 58 58 167 93 115 253 104 79 73 144 59 214 240 60 24 238
    176 240 81 251 252 229 121 35 104 11 109 51 150 137 170 222 163 192
    166 3 196 230 11 201 185 65 123 34 125 107 183 42 58 123 238 70 15
    130 170 171 23 121 110 115 68 79 69 246 206 254 7 62 43 189 91 183
    125 31 121 21 167 215 121 55 37 169 19 56 206 175 20 121 112 118 222
    196 158 245 119 211 209 243 117 231 112 235 100 237 37 22 1 158 52
    184 234 200 225 122 107 236 186 241 235 196 56 8 187 129 156 78 57
    106 70 181 212 69 22 248 164 207 212 140 131 137 139 182 32 16 111
    95 109 97 119 86 34 46 181 121 138 2 34 112 193 30 75 78 192 140 15
    18 18 232 53 167 222 143 203 254 113 24 94 198 116 241 3 150 28 144
    111 238 2 108 115 157 98 27 252 52 200 196 60 214 225 96 18 63 66
    182 77 49 91 16 236 1 81 216 37 91 52 213 121 112 29 71 100 178 43
    222 159 196 67 159 187 130 65 176 19 130 147 38 179 136 168 162 58 3
    232 184 24 25 81 139 178 206 21 238 30 248 175 144 226 94 21 186 121
    102 115 94 229 146 92 117 40 122 94 188 13 251 148 38 249 255 196 53
    134 43 96 164 125 173 180 86 78 251 78 171 31 123 139 248 95 186 207
    160 119 174 149 115 136 227 138 57 225 26 248 35 167 219 65 39 137
    107 126 249 136 179 78 247 30 218 232 248 35 153 165 114 69 185 172
    13 40 187 140 51 215 125 250 75 72 40 89 72 194 228 116 65 136 62
    238 68 3 124 110 54 254 222 218 137 78 114 19 44 68 203 214 116 58
    253 120 177 61 85 58 171 33 18 90 253 118 96 177 206 90 99 243 173
    148 178 130 86 57 16 69 231 219 181 227 71 189 246 97 167 104 31 120
    130 244 202 190 169 254 245 128 58 40 178 71 102 61 216 69 137 47
    209 139 17 157 255 9 73 250 125 228 200 27 95 254 172 11 64 43 115
    23 3 235 75 36 110 183 83 155 176 60 121 72 68 254 35 189 82 159 191
    7 142 162 176 196 11 209 56 150 119 60 128 175 66 158 89 45 156 99
    33 250 1 68 49 126 133 82 6 162 5 161 66 103 96 119 56 226 21 231 32
    113 225 220 47 54 132 134 92 97 224 21 170 196 127 56 164 53 24 201
    57 72 214 129 242 27 85 177 98 105 151 165 115 95 191 144 232 225 67
    47 160 198 120 253 22 25 189 170 15 64 76 62 123 196 2 221 186 136
    197 114 202 172 174 139 92 165 166 166 2 215 140 77 193 223 190 249
    125 4 175 229 60 67 132 204 159 63 169 173 4 190 170 178 160 237 137
    77 120 205 233 133 212 63 80 193 172 33 217 44 23 112 74 93 78 185
    103 119 11 157 95 75 170 111 246 172 119 100 188 130 98 129 56 159
    24 212 34 88 200 186 175 245 242 51 200 154 177 175 181 158 99 149
    177 192 46 109 249 120 196 204 36 88 156 97 43 102 158 157 78 63 239
    148 251 28 222 19 161 216 19 134 182 208 111 68 185 245 226 24 105
    104 200 176 160 182 45 234 27 237 54 112 210 248 145 4 213 236 107
    185 14 42 167 159 69 133 11 127 87 92 201 169 125 222 46 253 147 35
    71 129 195 84 58 174 154 165 104 158 227 171 250 65 85 25 189 82 13
    9 21 48 152 14 193 37 124 162 55 40 25 172 34 87 162 62 15 137 74 66
    46 238 87 233 143 182 37 140 60 100 138 102 179 90 214 216 210 56
    239 122 181 198 68 142 140 241 72 221 238 109 172 117 219 201 102
    187 2 193 20 89 108 74 171 166 196 213 110 7 99 90 218 67 27 7 14 69
    154 12 189 72 17 188 30 128 137 18 166 234 171 51 156 39 73 33 181
    54 172 168 82 62 180 30 214 189 226 80 248 98 181 253 174 116 211
    247 118 98 58 177 143 176 183 251 231 163 129 133 167 2 100 107 220
    84 126 207 82 222 7 96 198 39 172 186 50 134 244 212 17 147 197 12
    59 238 71 95 87 175 215 94 191 196 9 232 23 250 112 166 171 148 204
    229 38 152 247 246 193 185 179 133 105 230 214 87 2 210 253 118 40
    233 204 193 129 237 102 100 80 168 139 224 97 21 152 20 21 61 211
    178 237 239 2 33 153 240 161 189 230 149 8 150 71 162 203 153 37 67
    172 10 68 72 240 251 57 164 106 118 213 156 2 116 120 32 0 238 36
    238 150 6 248 70 164 1 21 134 72 85 162 232 113 185 15 28 251 205
    185 41 46 75 229 111 53 14 208 67 158 226 43 95 95 76 254 198 221
    204 34 77 47 23 240 187 180 228 181 183 72 170 23 227 52 49 164 95
    172 47 116 147 203 30 12 105 192 197 83 149 244 185 220 74 125 192
    98 252 78 57 167 203 118 143 161 62 17 169 80 80 162 50 115 164 8
    167 212 172 85 239 86 119 84 5 119 45 179 117 27 241 8 97 186 148 94
    47 148 109 20 149 118 222 135 62 119 6 241 155 201 96 214 104 194
    157 124 32 168 210 71 158 160 246 29 172 59 71 104 154 47 62 11 178
    61 219 200 184 69 33 75 157 0 81 248 237 146 228 141 218 88 222 160
    255 86 74 220 253 61 76 103 174 210 212 179 147 244 198 32 201 25
    234 126 109 151 93 173 242 70 28 78 64 243 53 138 104 252 171 107
    117 144 242 26 18 41 139 40 196 56 225 11 96 221 76 143 195 229 193
    216 109 84 96 113 106 245 109 223 127 248 58 195 52 170 81 118 206
    206 36 26 123 91 25 123 32 51 253 97 188 106 232 202 23 108 164 145
    254 130 165 236 113 176 220 25 153 134 36 36 57 159 53 250 150 152
    190 12 26 222 255 3 172 134 164 255 100 163 182 100 194 188 212 157
    198 67 182 52 2 99 27 162 251 66 247 108 44 90 135 33 157 13 167 225
    196 171 240 252 64 54 225 243 251 165 206 237 34 28 134 33 251 81 23
    239 8 125 228 208 247 196 24 242 209 72 125 148 187 155 64 142 32
    137 194 149 12 139 114 93 31 156 108 91 65 48 221 96 225 223 243 130
    113 4 104 219 249 140 147 218 130 228 81 87 133 66 132 20 128 252 75
    126 237 145 2 137 109 60 84 84 67 237 87 218 130 169 115 37 9 35 203
    171 132 43 4 192 140 18 17 89 240 114 126 255 0 229 209 0 79 180 131
    134 231 33 28 24 38 141 127 116 148 110 76 132 250 246 35 193 225 32
    187 235 158 245 175 93 70 88 85 27 58 45 140 246 91 164 190 66 63
    116 123 222 107 29 1 83 63 54 127 105 89 29 241 2 38 236 248 50 100
    58 64 49 167 183 32 51 243 43 40 208 60 11 242 20 86 25 107 25 234
    233 116 9 224 172 66 238 200 250 192 171 222 185 200 180 142 150 231
    35 242 2 134 66 48 241 190 184 113 71 13 42 135 53 27 135 5 147 195
    233 3 125 189 76 28 99 43 213 133 68 84 233 90 236 59 55 231 113 39
    145 27 130 255 241 66 173 178 252 30 188 228 117 192 156 28 96 164
    38 79 215 123 114 152 196 3 7 73 199 152 203 241 102 205 210 213 162
    146 61 38 233 136 83 35 26 146 161 61 223 110 119 42 218 89 47 101
    190 7 109 185 67 180 33 194 175 124 83 150 221 67 204 27 32 55 98
    113 4 75 252 20 152 178 204 38 209 92 209 244 143 91 33 252 188 80
    78 189 203 153 10 161 167 64 107 156 108 64 116 227 194 233 182 233
    151 23 218 48 201 97 112 56 71 236 10 162 254 135 0 178 49 62 65 77
    167 247 68 178 183 150 122 167 0 156 250 254 247 81 134 230 23 162
    252 93 139 109 193 105 253 10 68 231 132 214 184 139 4 155 236 122
    131 66 170 218 18 232 207 31 162 27 87 5 159 3 206 192 123 86 193 36
    154 66 59 95 152 141 156 90 226 76 160 137 148 127 122 145 244 149 0
    89 141 232 33 136 90 55 67 151 207 133 48 58 197 216 67 18 199 16 99
    92 136 220 10 230 175 13 196 142 37 177 23 42 47 129 250 200 143 152
    32 53 34 179 90 132 178 224 179 119 3 64 18 121 94 142 72 230 3 146
    109 156 251 43 203 49 189 169 103 22 65 223 124 4 39 212 239 117 68
    115 92 92 211 85 73 12 100 97 139 183 217 143 161 245 33 2 84 99 110
    45 107 202 118 74 37 121 78 125 148 142 58 46 238 217 91 99 183 185
    67 197 79 155 217 65 251 17 75 57 74 225 130 25 243 83 1 245 209 91
    14 63 154 92 22 2 229 177 186 241 246 175 119 69 104 184 171 135 219
    145 250 25 242 85 166 122 119 29 123 205 74 173 108 162 58 136 186
    123 185 63 191 75 248 94 159 73 202 164 111 106 152 44 49 218 58 8
    201 42 251 105 228 115 205 140 42 66 185 191 241 184 178 162 70 93
    186 45 211 34 89 61 40 210 55 4 248 55 201 115 165 54 160 96 250 138
    70 118 131 61 185 167 222 175 244 173 188 179 216 101 59 214 236 203
    39 85 97 209 60 86 20 84 203 180 242 73 1 22 227 54 133 173 85 160
    161 202 103 38 128 224 131 20 179 83 182 49 222 83 111 136 219 16
    159 69 251 250 237 13 55 52 163 194 61 77 156 230 109 231 186 74 196
    181 63 158 194 118 123 181 144 144 242 152 68 224 205 138 145 233
    209 174 73 2 207 122 105 245 117 203 197 35 113 36 46 59 8 152 100
    186 221 98 20 146 199 237 41 184 20 42 56 66 178 152 249 187 40 155
    209 33 162 222 80 6 78 198 234 95 17 209 45 237 167 237 213 67 23
    250 90 139 4 180 181 181 187 55 213 17 182 130 27 182 120 117 180 76
    137 188 153 161 60 40 3 44 87 184 39 148 46 205 237 245 119 247 159
    47 21 243 182 213 88 96 128 113 160 241 43 217 22 200 152 94 196 170
    90 39 176 229 139 219 215 156 195 217 69 40 26 221 5 173 190 84 47
    199 254 78 41 168 185 123 210 204 249 7 170 179 159 57 159 186 73
    241 218 193 14 29 204 11 44 166 163 215 169 41 236 69 71 233 8 217
    96 31 204 7 101 195 64 151 220 93 130 233 85 239 51 85 171 84 240
    137 71 216 213 36 78 225 57 170 113 63 78 46 199 101 120 203 103 51
    240 130 247 218 234 52 55 48 156 141 138 197 152 71 82 116 164 182
    221 250 3 17 115 205 170 185 20 145 236 85 172 214 79 159 185 89 201
    224 120 214 147 140 31 128 57 139 191 4 190 196 151 57 69 229 95 112
    235 236 60 245 91 219 205 134 240 128 19 241 176 166 104 179 217 40
    163 233 30 81 140 44 73 174 203 233 51 0 133 173 103 239 137 141 20
    254 148 57 104 84 64 78 37 28 150 172 81 26 188 219 35 129 209 236
    41 54 209 201 225 144 218 187 210 80 164 63 5 158 132 17 141 11 60
    241 0 202 127 37 75 202 9 130 147 252 110 114 110 101 73 114 144 90
    33 206 41 160 150 43 74 118 204 221 250 242 53 178 123 41 173 165
    105 147 227 121 255 34 101 100 237 159 111 35 228 187 226 225 3 108
    253 192 82 245 115 226 222 148 185 58 121 18 12 158 85 214 86 212 84
    18 117 144 111 230 61 155 202 27 238 201 106 155 76 21 200 186 254
    39 119 32 14 222 192 245 44 143 85 132 95 76 217 11 170 95 186 210
    175 235 153 148 230 155 145 168 172 240 173 162 203 182 168 28 211
    109 253 158 238 108 22 194 144 43 191 57 194 43 246 35 43 58 71 135
    144 72 187 239 214 4 255 168 125 188 247 161 181 152 53 64 76 15 193
    197 239 206 108 4 44 128 219 116 173 134 66 162 38 189 146 62 25 181
    147 42 137 99 162 206 156 128 214 62 108 212 225 246 232 107 123 29
    239 213 12 31 167 165 163 119 241 44 169 159 114 28 80 164 100 158 2
    113 191 38 77 231 68 229 150 221 169 67 150 46 145 11 129 35 55 161
    95 200 216 94 11 230 170 125 149 187 81 160 89 159 67 218 85 132 161
    183 197 151 14 95 175 12 208 62 59 216 70 236 23 93 209 59 55 170
    245 98 255 140 246 67 153 156 223 26 137 245 217 137 123 217 61 235
    162 87 119 78 62 60 137 156 11 95 1 95 31 172 79 225 96 144 110 92
    68 188 67 192 125 165 209 66 81 7 100 59 237 63 119 134 240 193 75
    235 171 52 106 57 59 214 196 210 173 73 187 114 70 167 196 110 150
    114 218 201 39 107 44 75 97 222 130 7 156 215 224 225 162 99 214 252
    234 72 207 24 61 162 15 184 161 224 107 89 131 193 48 40 223 221 176
    74 185 22 144 25 150 67 95 208 56 144 143 5 184 43 57 68 98 81 208
    205 164 90 226 210 34 187 213 187 109 244 148 199 207 66 80 219 190
    96 115 85 190 79 89 168 152 133 242 31 76 52 203 204 110 73 216 50
    50 248 129 9 253 37 171 87 252 149 219 22 174 209 155 45 250 220 40
    74 226 141 205 112 165 227 109 8 31 195 81 30 12 39 116 226 87 225
    253 28 107 10 17 232 44 233 35 252 200 23 113 159 21 126 86 133 96
    21 235 161 195 195 95 0 210 226 114 190 143 239 62 32 69 28 249 205
    187 189 233 77 174 13 66 16 68 141 62 103 116 212 146 236 183 81 143
    18 159 199 164 111 211 184 194 79 94 23 69 187 127 166 54 38 13 235
    95 87 9 157 230 22 119 43 174 197 99 203 26 36 80 231 193 122 184
    222 185 87 123 24 182 212 62 78 235 61 62 27 250 137 21 83 155 28 36
    210 41 127 47 175 127 214 229 4 157 225 15 142 98 101 65 83 66 107
    163 247 24 174 214 132 221 181 193 61 131 110 25 173 220 236 218 238
    224 211 37 16 126 32 41 78 188 163 214 19 46 75 195 126 233 145 66
    157 8 98 74 254 226 89 72 43 123 238 202 176 110 176 100 100 169 203
    171 130 35 182 105 194 126 110 228 178 152 150 47 81 103 64 250 143
    8 141 193 86 253 174 175 61 180 168 236 213 166 170 153 0 235 23 75
    17 140 211 152 66 207 110 0 116 101 235 99 192 70 101 71 94 203 117
    190 193 21 157 95 57 194 188 134 243 122 58 163 57 255 73 42 224 20
    231 233 145 152 59 204 62 207 212 236 230 95 195 98 191 125 250 184
    167 127 48 114 140 8 188 28 63 187 213 255 33 243 32 222 65 168 132
    48 30 161 165 105 150 107 53 19 147 210 13 153 139 148 198 159 9 216
    211 211 239 218 248 175 180 166 157 82 114 197 144 66 181 250 45 237
    185 132 215 86 44 255 68 132 238 68 106 153 165 82 164 29 186 248
    192 119 60 44 62 208 29 134 109 164 217 62 55 80 135 244 217 182 168
    239 211 113 211 191 157 211 154 150 166 80 137 167 218 159 114 224
    64 14 104 65 102 236 249 38 180 173 181 104 160 40 93 158 190 99 67
    155 248 212 135 85 247 243 65 30 123 208 165 84 21 24 182 1 87 167
    173 19 52 2 145 100 125 75 101 255 155 170 110 51 235 248 26 234 150
    139 5 175 52 142 32 136 85 95 200 240 193 214 157 54 91 193 51 231
    146 44 39 254 50 150 229 91 25 21 208 188 136 168 141 154 1 130 69
    194 245 246 27 4 199 212 70 212 124 96 2 216 134 230 196 7 220 156
    72 207 96 224 43 239 196 142 29 80 89 25 135 121 13 225 171 192 83
    201 202 110 25 45 10 110 199 79 109 248 137 45 205 206 165 42 62 74
    15 114 16 16 236 220 111 222 249 205 117 0 84 200 59 83 253 139 236
    11 221 212 89 205 18 227 198 72 119 179 36 218 185 184 177 111 130
    83 113 152 250 91 6 177 135 205 42 198 109 58 10 83 144 247 251 235
    222 211 138 101 205 166 211 191 180 108 176 94 235 99 62 199 137 35
    187 131 149 36 250 187 67 245 83 236 86 92 230 172 12 183 10 197 128
    195 210 42 50 78 105 9 200 43 47 239 30 102 30 37 186 130 0 78 9 173
    87 190 75 12 50 240 197 140 190 35 217 163 72 123 146 195 67 149 0
    255 193 17 226 144 239 8 121 99 57 167 126 248 38 117 26 111 201 126
    168 39 214 210 208 12 254 10 208 154 132 32 80 81 229 48 80 160 159
    57 63 117 85 30 87 217 15 86 191 110 126 95 52 218 57 60 96 194 10
    41 172 172 157 211 139 216 15 132 96 91 198 8 133 190 197 9 237 52
    164 157 68 180 174 80 83 114 35 140 21 201 66 7 131 3 111 120 41 75
    249 110 234 39 174 105 60 8 112 104 193 103 206 244 125 20 245 71
    230 181 166 166 252 73 60 212 142 27 150 145 42 242 69 226 153 42
    229 184 83 158 127 103 112 17 239 118 51 64 2 72 187 70 204 86 233
    22 46 57 121 98 43 190 98 114 0 224 120 123 199 186 68 32 74 236 158
    13 59 107 22 243 150 85 18 195 76 66 116 1 221 10 12 178 8 224 119
    98 174 152 241 194 108 195 201 141 0 183 18 5 211 182 254 1 24 32
    127 255 128 200 55 76 56 191 249 219 163 9 101 197 44 210 25 229 73
    251 135 7 114 201 157 78 68 141 108 33 13 35 215 56 1 213 145 195
    237 49 111 163 39 77 159 1 124 72 36 14 107 130 137 141 204 31 218
    130 232 99 69 115 43 84 84 43 35 174 52 28 108 194 7 102 202 96 107
    144 158 173 70 15 60 170 212 67 215 26 184 247 227 1 66 4 3 140 99 0
    215 160 230 227 174 245 126 244 136 188 201 136 38 125 89 110 177
    226 227 11 222 81 34 68 246 193 41 48 185 211 63 85 9 49 154 132 37
    86 222 234 49 225 176 179 242 73 207 50 168 81 127 118 222 140 42
    231 243 8 174 169 220 199 57 106 189 126 58 114 80 81 209 196 125 16
    20 148 79 126 199 112 73 150 172 186 240 72 48 42 168 19 45 122 109
    245 157 243 168 168 97 14 113 230 158 129 102 222 19 191 121 41 148
    46 253 248 228 67 139 161 169 190 64 177 36 183 128 54 158 175 152
    133 90 38 157 192 231 75 171 109 94 58 172 183 201 186 199 158 214
    89 156 210 227 17 124 182 218 24 220 54 250 166 208 64 59 1 114 181
    124 11 77 225 73 197 234 59 26 92 232 64 24 236 49 121 116 172 25
    163 107 247 195 146 169 76 212 173 75 136 217 7 177 8 58 73 133 119
    204 240 57 116 242 2 125 72 243 155 72 199 39 30 61 236 144 241 228
    209 69 211 225 147 65 178 10 189 254 123 192 234 95 61 75 230 4 187
    177 29 57 195 145 169 160 50 3 94 216 11 131 2 164 94 5 76 26 177
    154 56 110 255 165 23 213 99 57 193 196 239 50 190 62 154 81 189 208
    112 136 177 223 197 186 173 66 26 218 105 113 128 98 137 122 54 249
    239 149 191 12 221 195 242 245 246 222 249 212 62 235 5 16 78 246
    252 172 152 124 221 209 184 137 253 106 150 16 244 41 16 195 156 210
    252 161 45 131 222 202 172 142 147 118 10 225 253 50 203 246 99 176
    36 183 191 33 84 151 56 18 240 121 33 87 243 232 49 237 144 19 84
    161 87 136 76 7 117 93 145 83 79 216 176 217 185 131 9 249 131 232
    239 221 105 159 5 132 64 50 236 30 100 217 110 106 173 162 254 131
    168 190 130 126 23 95 31 197 239 151 86 254 111 143 27 23 59 100 127
    90 251 38 170 181 67 104 63 253 136 204 114 170 229 182 160 24 72 30
    166 156 18 209 204 167 133 215 47 62 14 209 169 114 42 83 58 101 80
    100 247 24 53 108 78 55 202 144 41 142 105 112 245 39 152 118 193
    101 178 19 147 96 209 55 215 81 205 101 19 255 180 2 240 107 27 170
    17 10 128 82 201 166 8 84 8 182 77 180 134 100 227 245 116 172 147
    198 0 196 114 156 59 226 215 122 243 145 38 181 78 58 223 199 2 169
    32 187 210 29 242 57 93 89 33 97 134 90 240 254 150 182 143 93 85 27
    91 113 196 83 198 21 105 101 76 119 123 22 40 246 255 253 54 66 214
    81 212 82 146 159 208 11 71 227 27 41 69 93 233 37 163 133 7 174 209
    182 217 164 205 87 101 192 119 111 56 136 20 48 42 150 90 3 66 231
    145 252 163 36 160 38 4 89 117 81 1 186 114 125 170 128 166 81 153
    248 190 103 47 101 109 156 204 209 146 61 110 203 194 7 126 246 14
    126 239 251 112 118 147 249 229 83 110 96 135 124 32 222 1 212 40 8
    155 35 58 23 164 231 24 87 49 139 111 0 36 20 180 52 222 223 26 136
    227 24 93 16 2 126 27 48 110 239 41 133 190 111 243 21 53 112 156 16
    185 36 213 47 218 163 41 157 12 8 6 239 63 53 180 222 54 120 235 109
    51 76 239 23 236 6 245 12 48 72 137 174 228 245 167 56 37 252 2 55
    232 229 171 105 88 54 16 36 88 216 198 179 6 30 15 140 77 163 2 51 0
    123 5 83 149 253 62 211 113 100 179 172 76 243 129 27 60 113 86 123
    169 83 155 87 73 231 156 67 4 110 125 73 252 149 254 148 184 4 58
    150 199 220 218 71 190 251 147 32 246 31 146 201 129 206 50 175 241
    107 14 11 192 3 130 180 229 26 128 75 104 65 205 162 218 145 30 222
    95 39 30 50 118 227 44 46 144 35 91 164 227 254 134 23 85 186 21 97
    145 192 163 123 20 175 177 97 118 210 118 117 189 44 206 3 244 7 198
    109 21 88 140 55 186 149 41 225 159 125 42 31 154 110 182 114 58 193
    4 142 175 28 108 143 35 145 25 138 63 115 209 114 200 211 43 102 108
    243 43 62 178 7 130 87 163 27 38 69 173 191 37 122 169 109 58 101
    213 115 186 183 24 144 168 131 29 7 97 188 36 99 89 57 14 111 93 203
    198 139 167 47 253 229 135 162 245 238 184 198 177 249 136 11 204
    143 44 23 8 15 189 49 140 150 163 151 204 124 75 12 188 201 117 149
    147 193 205 52 251 133 1 62 101 179 216 86 26 229 210 107 187 111
    115 170 220 174 75 92 47 241 1 173 144 196 105 190 174 21 90 222 233
    190 94 36 76 227 124 154 77 15 192 7 180 156 45 133 30 181 49 207
    185 214 130 116 19 99 152 254 7 209 236 26 64 137 177 209 177 49 223
    185 176 76 214 16 218 76 149 155 15 20 135 250 247 189 152 20 63 212
    39 218 12 185 28 68 72 120 47 194 127 59 35 141 74 129 241 139 205
    190 129 230 212 86 2 66 58 36 94 25 127 116 248 191 9 37 156 96 158
    38 203 183 218 203 111 172 6 148 19 5 241 25 179 169 152 111 66 195
    203 169 183 172 237 215 35 244 195 198 182 200 17 89 189 68 217 208
    168 14 244 134 107 187 17 205 166 139 94 40 191 154 104 24 162 126
    20 172 108 249 78 215 130 248 252 155 112 204 195 212 184 252 136
    110 188 99 175 138 164 172 223 84 215 105 88 179 134 250 152 216 232
    169 191 195 51 47 83 38 125 181 223 109 232 128 217 180 112 173 252
    16 191 146 224 62 60 149 255 130 24 40 111 11 22 225 200 11 123 208
    100 228 217 58 66 106 156 110 57 84 131 30 115 63 253 87 53 187 81
    130 230 237 244 113 223 174 138 5 138 143 109 88 18 178 31 219 237
    242 71 105 86 26 145 36 34 14 28 188 178 82 99 192 82 210 19 109 48
    200 217 217 179 151 130 232 204 16 18 38 5 161 223 28 165 38 39 57
    163 27 20 214 140 49 2 16 3 144 75 26 218 223 231 167 203 194 197
    154 206 80 213 192 76 185 92 15 89 6 250 105 191 75 5 171 35 70 69
    205 54 192 72 159 132 83 132 191 227 57 105 175 110 168 19 108 34
    125 18 128 37 215 72 75 196 85 88 98 33 90 219 68 41 53 233 9 137
    122 135 162 19 36 1 167 170 62 71 221 122 165 204 239 156 115 150 65
    58 194 66 227 213 2 21 156 171 108 182 31 251 95 150 198 61 100 131
    206 50 90 123 100 74 71 67 11 128 199 216 17 250 65 10 171 72 174
    190 35 108 240 108 108 207 186 120 74 192 186 10 131 254 240 26 130
    44 123 212 93 37 36 237 67 92 203 85 116 63 18 129 38 150 254 105 97
    50 134 216 231 90 97 31 159 127 197 216 95 142 160 102 207 76 234
    252 57 0 81 79 36 167 136 167 62 143 191 178 200 111 152 2 224 138
    188 252 142 93 182 248 65 204 84 200 69 93 122 203 240 19 24 211 144
    131 7 188 136 107 79 237 91 161 125 232 20 49 211 109 245 235 153 75
    148 191 13 78 126 140 91 44 24 220 154 17 187 140 21 40 113 49 91
    193 142 110 92 155 176 115 207 80 212 151 207 240 171 228 91 187 3
    203 158 178 189 128 34 246 59 45 219 104 188 243 64 19 171 131 189
    95 59 246 18 41 137 187 82 13 114 216 76 138 164 252 173 223 128 250
    247 151 25 56 247 83 120 183 222 123 91 219 154 175 5 48 100 90 190
    78 0 154 145 253 223 234 153 104 212 63 156 102 41 124 100 233 149
    122 136 163 31 139 186 143 209 32 76 164 115 104 121 242 148 251 193
    39 167 182 107 198 92 123 126 73 207 223 178 4 39 133 191 62 45 187
    32 21 40 201 149 96 30 68 249 7 69 72 31 230 28 245 225 190 212 175
    168 39 48 3 220 38 17 236 24 9 238 141 33 180 163 250 150 137 206
    238 156 7 61 82 153 214 74 183 47 9 80 113 14 107 252 220 250 47 150
    149 22 205 60 193 43 13 40 105 20 228 159 57 20 123 87 252 95 180
    208 145 24 3 252 199 114 176 88 213 214 161 174 63 168 210 244 247
    244 35 32 50 200 84 167 140 242 51 38 2 46 139 135 156 90 196 133 90
    66 138 24 94 188 236 114 120 185 5 141 227 113 236 12 130 178 228
    104 152 128 125 116 186 83 193 96 203 159 170 198 12 253 61 23 30 2
    226 135 143 125 145 97 211 203 50 5 110 169 88 200 67 167 24 100 20
    241 105 69 156 209 90 195 144 85 79 185 156 97 16 55 51 225 121 85
    227 5 204 129 23 64 255 165 6 47 72 189 91 136 115 82 26 80 48 84
    113 133 55 47 121 143 56 241 237 223 65 0 125 235 104 25 32 107 45
    157 7 126 183 41 9 140 11 251 188 9 70 156 247 109 53 169 198 91 240
    52 224 207 176 14 74 179 193 78 119 139 91 217 120 157 42 203 105 15
    222 61 189 203 124 146 229 124 43 115 179 154 103 115 62 233 154 124
    110 7 107 172 148 192 244 252 5 34 167 243 217 255 53 83 212 38 186
    60 158 106 38 155 23 163 128 114 169 229 52 57 141 75 129 92 36 227
    112 4 52 244 207 243 146 27 170 110 198 92 170 64 31 99 146 120 7
    233 98 253 247 121 159 187 195 215 228 65 155 201 78 201 226 210 21
    90 103 206 59 142 138 87 220 153 22 241 88 253 105 122 82 132 142 71
    19 222 159 95 175 205 48 227 78 66 62 66 53 73 148 103 65 18 98 0 6
    38 84 203 51 232 214 167 50 168 233 251 183 167 59 170 12 13 130 58
    124 23 40 15 32 88 230 56 187 104 166 11 96 164 50 244 170 163 119
    158 208 168 154 88 109 43 46 234 34 157 87 158 91 255 164 143 153 63
    35 4 136 15 235 52 51 95 171 142 91 66 96 225 37 32 42 14 156 158
    187 115 21 215 202 73 107 239 126 9 2 129 111 80 237 33 242 251 202
    233 230 185 208 50 117 188 91 38 176 100 136 227 219 92 198 14 176
    201 49 40 93 195 148 3 210 199 57 254 116 4 175 230 173 244 161 32
    100 32 56 150 107 233 248 138 124 16 254 90 253 35 148 131 148 230
    51 185 1 85 54 236 213 215 213 211 108 236 75 83 227 156 100 57 208
    22 61 251 18 2 13 197 8 110 94 160 193 200 74 91 106 170 144 119 88
    179 42 150 98 201 159 55 44 80 219 7 167 182 86 175 51 31 189 36 28
    92 8 82 19 188 118 94 196 26 152 155 158 65 33 184 186 138 112 218
    64 40 95 20 25 111 219 83 69 60 113 197 195 96 7 127 65 198 40 72 61
    123 112 211 100 197 9 116 198 179 92 144 65 202 100 251 91 150 35 22
    141 243 181 188 125 255 117 89 155 79 43 207 53 131 95 237 254 223
    104 160 94 71 105 232 136 116 101 6 70 174 222 202 17 191 133 195
    198 253 5 158 99 118 179 126 82 215 100 253 18 89 64 205 36 223 27
    56 137 164 48 32 156 185 168 74 126 171 249 22 35 93 122 255 212 186
    176 54 117 20 17 205 54 203 103 51 119 36 201 62 241 184 23 176 135
    211 163 69 102 13 47 148 41 235 166 91 125 80 63 72 59 225 60 142
    207 214 14 245 73 163 133 62 104 169 247 243 82 199 104 251 165 211
    238 192 150 212 147 198 78 114 253 72 50 2 221 78 76 5 145 205 254
    57 228 86 69 225 48 196 168 23 68 45 185 210 102 106 106 242 237 42
    191 106 78 113 119 44 250 54 49 199 32 140 211 178 174 216 124 8 202
    247 230 44 207 215 201 197 87 89 211 151 167 164 3 174 210 89 36 21
    238 85 148 21 112 216 24 255 120 207 40 107 42 190 186 61 33 189 21
    133 89 87 248 89 136 215 111 197 218 222 110 24 56 62 158 155 208
    138 183 237 139 176 241 131 10 81 112 159 241 214 34 203 62 225 102
    96 207 210 93 208 231 209 156 50 242 3 52 217 248 48 49 51 87 253
    131 37 192 222 45 84 235 26 144 252 210 53 128 49 116 115 106 39 96
    212 90 174 10 78 134 89 239 19 246 252 159 122 243 209 241 76 92 134
    89 15 67 36 182 179 191 218 130 88 240 90 250 154 187 11 215 21 248
    173 61 165 108 111 229 115 219 200 221 236 203 127 158 11 186 255 66
    192 145 87 141 149 68 1 130 63 33 77 83 130 20 113 201 126 107 30
    230 140 89 27 8 30 22 77 109 202 247 206 157 146 137 156 72 188 104
    70 67 59 107 238 7 31 223 137 79 213 162 253 100 43 253 108 191 233
    59 173 247 60 109 231 218 213 157 57 254 200 238 250 57 63 111 227
    199 247 39 162 99 184 230 104 121 91 237 55 183 217 37 26 208 15 241
    186 119 50 19 4 157 206 212 253 82 100 205 42 238 162 36 48 151 249
    131 222 96 142 133 157 26 162 173 174 192 197 158 165 216 110 80 50
    40 174 196 57 52 166 170 29 127 112 193 165 113 43 21 28 32 213 43
    18 105 41 61 55 98 47 221 201 93 173 165 58 16 254 38 226 8 34 149
    40 134 49 66 61 155 70 17 37 5 254 134 228 47 197 174 160 140 60 65
    201 170 153 59 57 54 198 191 140 200 136 238 247 121 81 235 223 218
    113 230 244 251 40 209 188 142 140 69 110 197 199 29 18 163 170 212
    165 59 9 250 175 25 66 170 159 136 11 3 59 4 132 224 172 232 67 8 42
    22 173 81 244 240 174 76 50 172 67 161 24 134 230 146 203 1 38 191
    101 68 150 209 252 224 136 178 42 181 155 49 90 32 155 25 136 49 211
    83 188 37 180 251 186 134 46 58 136 8 198 143 202 103 236 68 131 157
    128 227 129 229 2 142 75 199 57 250 234 193 126 91 59 255 44 243 192
    60 180 54 232 108 152 181 111 31 54 204 154 199 174 220 202 88 241
    74 165 139 121 162 217 159 7 216 134 35 18 143 138 21 233 249 158 52
    34 110 21 214 232 124 210 227 217 93 56 153 107 231 209 245 62 246
    154 246 93 206 233 38 185 52 246 191 188 188 68 13 70 30 22 102 159
    32 170 218 121 119 98 199 202 105 222 80 0 2 168 165 129 144 193 61
    105 78 212 108 158 121 87 154 123 120 221 66 220 58 46 166 174 123
    140 59 124 13 73 72 69 81 84 190 179 134 204 40 27 75 178 246 169
    156 55 97 173 71 146 130 210 165 71 69 39 186 56 39 153 234 251 82
    114 255 63 195 209 167 207 253 233 184 199 185 248 86 198 173 216
    200 144 216 186 139 254 200 63 69 194 174 57 109 199 201 186 199 133
    195 55 227 231 121 51 40 16 96 86 30 241 194 113 225 119 0 143 91
    182 16 171 32 45 61 184 51 175 153 155 10 115 247 186 34 197 128 149
    0 220 239 203 128 91 108 110 13 239 224 129 137 173 130 230 136 210
    223 116 195 124 40 142 222 12 39 67 127 198 252 125 4 83 2 207 101
    220 89 196 6 45 86 73 210 191 168 211 102 88 145 114 57 200 54 13
    245 8 178 160 33 112 134 185 242 102 144 104 240 199 233 102 24 103
    233 134 249 67 176 138 59 118 70 10 48 136 123 109 186 175 68 26 244
    146 148 111 213 36 39 116 105 94 100 129 90 249 231 66 188 208 28 93
    224 37 254 134 19 19 254 58 52 185 225 43 220 21 113 46 137 119 144
    55 83 179 158 89 23 208 218 158 88 244 149 167 84 226 12 133 186 22
    54 227 42 62 178 19 223 83 171 139 107 16 27 117 160 147 45 68 31
    219 205 15 209 148 133 112 54 249 134 52 174 226 231 160 45 117 101
    22 131 217 47 38 68 253 240 131 235 255 30 178 225 0 245 20 64 46 2
    109 193 23 11 144 13 171 210 36 250 30 66 36 144 23 203 239 238 163
    164 87 223 143 237 231 241 13 201 178 250 78 117 131 235 205 4 205
    106 29 33 178 31 143 144 119 197 195 91 128 45 122 183 249 166 218
    245 218 154 79 42 50 12 13 170 237 103 143 73 18 117 4 37 34 172 53
    178 40 91 237 39 120 38 46 53 219 187 237 202 192 231 101 115 127
    218 162 183 49 241 3 100 180 154 143 243 89 60 184 223 233 50 159
    250 116 247 48 115 253 205 47 168 56 216 125 71 146 14 104 142 203
    164 244 24 191 1 86 85 247 27 61 38 133 15 189 156 30 181 50 11 95
    163 101 70 251 3 99 85 81 29 113 7 108 136 125 10 86 132 116 46 120
    162 16 203 136 33 15 198 91 76 241 91 99 223 104 154 202 136 1 209
    215 73 103 177 38 68 45 30 18 88 129 240 137 185 205 163 139 20 185
    62 43 105 57 91 101 144 81 138 63 231 87 171 237 168 126 38 51 213
    192 76 180 72 220 150 183 66 114 163 39 33 151 215 129 137 209 108
    193 11 43 232 105 7 63 253 230 20 78 176 166 134 79 255 39 192 254
    87 79 216 111 253 248 147 202 63 207 201 237 116 247 249 33 246 231
    151 42 254 194 31 239 126 140 117 213 37 49 208 86 15 245 60 166 4
    142 6 60 223 78 93 85 32 136 59 22 165 56 159 182 145 50 74 147 95
    131 58 13 241 55 76 16 51 88 191 101 63 10 240 36 91 82 130 53 216
    23 39 13 254 245 202 243 186 246 81 169 213 140 204 35 4 51 16 37
    199 143 15 71 133 113 31 25 205 137 196 48 112 87 199 130 26 51 116
    102 95 139 132 50 115 30 206 242 171 146 29 73 214 167 104 246 2 17
    143 253 192 213 154 73 72 250 214 80 119 215 71 234 73 182 206 139
    230 244 183 221 136 97 17 105 155 130 222 106 119 229 58 235 70 0
    245 30 135 97 2 186 207 6 13 22 29 174 117 207 119 24 115 163 138 88
    107 251 166 203 228 109 241 100 89 167 133 255 102 213 185 115 217
    134 171 174 182 221 120 255 135 117 161 65 163 36 183 172 89 33 20
    190 219 231 17 74 90 80 148 192 48 161 215 30 184 56 81 125 86 230
    75 161 198 247 185 31 244 182 56 142 154 132 199 1 59 228 226 149
    141 116 94 237 109 254 206 164 62 94 123 151 153 253 86 129 61 24 4
    229 128 213 247 19 23 131 211 7 114 12 251 183 134 105 67 205 63 179
    211 144 176 126 35 114 166 244 33 105 27 102 120 176 22 91 200 34
    173 101 151 60 195 148 137 169 208 227 165 146 175 152 43 22 23 168
    5 99 30 47 98 201 181 112 118 222 201 96 10 86 64 85 6 193 26 112
    102 75 214 92 238 16 87 74 254 72 139 167 130 212 67 183 226 253 74
    66 74 103 113 179 241 182 222 56 206 162 195 132 21 220 113 175 11
    29 120 228 135 33 195 215 91 114 92 201 135 29 117 187 181 198 122
    108 5 161 246 171 224 5 84 249 245 90 111 84 102 110 152 8 44 138
    160 149 129 53 222 150 73 140 54 135 188 84 165 48 251 85 156 83 102
    162 76 57 25 241 249 247 83 131 183 28 64 194 216 192 254 57 47 69
    13 58 201 7 20 45 153 67 141 92 227 95 6 69 236 75 241 3 98 127 204
    9 73 155 48 196 94 212 106 110 247 79 174 177 99 121 151 186 248 226
    133 81 191 182 249 197 211 227 123 157 82 109 217 72 83 254 169 221
    214 179 15 171 83 89 198 41 129 39 153 95 140 236 131 207 105 107
    201 82 1 252 121 16 177 218 190 29 112 62 144 81 181 1 48 242 155
    254 43 25 56 92 45 186 103 28 160 218 140 251 31 239 247 52 252 16
    184 199 0 107 35 125 4 242 110 172 241 75 66 140 225 86 122 237 239
    91 194 119 123 85 63 229 7 216 238 23 92 67 230 28 233 131 228 247
    51 123 77 88 235 73 155 19 195 176 28 0 7 155 122 148 157 149 146 37
    238 24 52 161 216 81 174 72 198 28 240 64 10 144 182 143 122 46 68
    152 212 111 5 124 254 26 73 107 147 65 17 163 99 203 62 254 185 82
    153 202 18 143 13 191 244 62 192 30 98 66 43 35 6 88 76 126 203 95
    154 16 218 121 129 14 187 185 237 223 210 151 50 153 67 226 131 50
    106 177 178 36 85 49 169 19 93 254 48 210 170 172 59 236 109 254 195
    71 155 100 130 102 188 124 104 228 86 110 85 138 70 88 169 197 42
    136 31 69 77 142 230 214 107 255 3 110 233 234 167 43 22 101 109 150
    164 239 28 137 115 1 9 247 207 130 44 106 71 13 210 4 135 98 197 222
    177 188 181 20 31 50 167 214 190 33 160 124 42 234 54 249 243 95 227
    193 68 160 116 119 147 213 72 209 234 191 115 194 238 93 69 17 238
    252 42 234 11 101 207 164 160 211 245 12 240 220 162 70 230 203 110
    169 108 44 71 185 143 201 214 245 208 255 49 128 90 96 118 186 60
    191 88 114 244 132 0 174 222 214 93 134 234 212 31 35 95 252 118 70
    101 33 175 9 249 19 241 110 236 32 207 187 208 144 123 149 166 64 35
    121 3 112 47 167 73 174 96 206 183 99 67 177 159 108 91 150 249 231
    153 169 159 38 205 4 109 22 139 179 4 245 149 238 145 80 179 41 59
    145 52 44 158 134 44 28 231 58 140 173 74 190 108 100 154 222 86 38
    249 117 194 112 149 140 172 0 150 106 30 31 198 126 249 133 131 177
    172 216 40 119 140 88 218 17 134 172 198 0 168 128 196 50 227 166
    134 99 128 60 228 32 80 243 82 208 160 176 234 183 247 182 220 50
    170 143 130 88 226 195 208 46 96 114 90 10 0 109 201 180 16 113 15
    210 186 127 147 47 221 227 160 80 19 9 237 183 69 135 161 203 249 34
    245 63 77 143 215 228 245 175 206 102 249 26 83 117 211 7 166 247 54
    118 53 168 91 169 61 150 78 63 105 47 105 146 122 67 172 5 57 247
    210 47 47 252 95 136 192 61 55 56 47 106 136 69 0 194 120 88 86 242
    42 41 62 157 89 128 174 234 124 149 213 12 235 242 61 230 133 116
    163 111 215 1 114 246 177 52 85 223 24 249 62 11 91 218 67 48 183
    130 100 15 13 143 80 26 212 203 151 9 222 128 113 182 50 80 52 213
    78 153 71 108 24 159 6 4 247 170 176 135 245 155 180 253 41 149 61
    254 72 119 51 34 212 28 102 78 188 111 121 38 187 102 62 98 81 127
    126 141 12 19 97 158 173 246 81 147 95 203 192 89 216 143 106 179
    159 36 251 52 50 147 21 234 187 127 114 89 197 42 226 63 56 236 151
    170 254 204 3 10 37 166 91 4 216 245 165 97 161 255 239 194 17 51
    139 172 200 85 103 88 75 68 191 237 169 170 16 13 207 45 201 146 146
    56 47 99 96 232 253 12 140 129 150 66 24 100 7 92 60 123 121 150 187
    246 104 168 204 229 115 157 249 63 232 200 199 13 198 56 161 59 220
    189 87 131 86 113 208 34 177 52 128 171 121 14 180 216 171 5 183 134
    217 111 144 233 32 242 238 59 130 150 85 55 161 120 168 118 144 150
    130 166 217 39 212 1 228 53 145 197 109 65 101 4 162 76 170 197 84
    210 106 100 230 158 220 29 225 127 11 200 145 32 59 208 196 4 147 61
    81 210 190 24 201 53 110 56 33 209 144 223 88 171 95 98 41 95 115 26
    50 156 202 40 196 192 69 236 156 180 15 172 104 117 247 66 118 159
    131 155 39 43 201 200 142 200 242 160 137 88 177 218 167 124 244 61
    139 103 236 64 83 252 143 84 216 11 150 187 6 107 153 214 52 78 195
    146 125 236 196 177 124 30 58 242 45 238 245 60 78 252 173 156 227
    91 173 73 184 183 26 8 95 132 209 99 102 204 156 143 101 29 17 189
    26 170 39 160 217 23 18 92 252 237 162 73 5 19 178 236 83 191 242
    233 15 176 108 102 46 196 226 198 186 26 94 177 16 230 165 214 75 65
    98 84 172 106 177 212 204 194 86 29 65 9 45 17 244 207 200 113 57 93
    247 183 30 101 20 112 135 188 173 232 156 20 154 224 128 13 3 112
    199 231 163 186 240 179 160 235 115 214 233 214 131 223 219 229 142
    34 171 187 28 46 228 114 74 226 158 233 41 244 86 97 77 40 116 30
    153 176 118 253 98 34 29 152 44 251 86 145 12 183 221 83 109 10 87
    61 152 28 149 136 48 104 197 132 28 231 66 47 249 247 160 56 93 126
    74 226 96 220 147 13 11 238 15 205 143 39 141 117 113 13 219 56 244
    18 142 39 117 98 15 190 50 133 211 24 166 128 97 180 45 71 124 81 42
    77 95 9 180 211 234 52 221 133 109 99 251 72 191 121 231 162 225 56
    230 37 184 207 84 24 156 174 172 66 155 85 65 146 127 20 117 116 141
    107 148 116 59 252 4 116 31 81 78 33 172 182 144 5 119 196 235 226
    96 67 222 176 226 87 105 77 57 241 58 255 60 175 88 69 168 157 198
    161 25 26 196 240 43 39 200 126 94 191 5 144 236 29 78 124 189 169
    92 153 175 44 80 41 104 41 50 186 16 188 160 196 29 59 128 83 242
    235 173 60 149 179 144 114 171 37 156 51 149 37 216 194 180 34 177
    252 2 154 148 6 13 245 228 132 210 47 74 168 90 201 240 248 52 53
    157 55 168 22 234 96 79 235 45 217 34 131 54 12 155 135 207 150 59
    18 137 184 22 234 42 110 165 33 144 132 102 249 19 117 85 163 224
    252 34 151 99 187 171 72 236 235 24 216 32 215 193 9 137 109 49 26
    60 117 119 217 192 38 43 196 153 85 205 181 7 227 0 137 16 130 217 8
    200 12 150 124 195 190 154 210 31 18 158 100 146 192 9 89 22 7 90
    117 66 71 3 203 255 147 185 29 87 214 25 38 241 39 34 159 39 57 9
    222 47 206 95 176 95 36 91 13 68 164 9 107 125 80 150 66 204 83 142
    9 178 68 189 233 218 195 7 180 17 47 90 78 245 130 124 171 172 160
    199 183 145 223 141 49 139 179 229 251 24 122 170 178 217 241 12 40
    213 192 176 251 74 92 187 34 145 197 73 42 158 229 165 102 20 2 43
    229 194 241 241 219 213 223 233 116 40 245 101 69 48 143 1 170 79 28
    139 62 244 66 174 97 99 57 101 75 103 135 59 125 178 217 37 77 57 4
    233 34 72 250 146 6 193 255 25 146 182 163 202 177 202 35 177 118 35
    216 224 78 141 248 19 148 189 149 22 145 94 243 228 231 107 169 226
    25 0 54 147 228 235 24 188 62 38 15 120 216 47 10 188 169 205 122
    195 52 209 67 43 29 166 232 131 58 29 107 66 121 156 172 229 24 30
    112 179 218 138 164 228 174 197 198 153 66 6 192 243 125 103 72 215
    128 194 250 228 92 139 70 153 80 164 85 142 202 165 53 50 54 205 241
    187 88 77 200 218 115 213 164 0 91 6 113 136 38 72 228 194 61 202
    122 250 218 228 1 223 142 55 30 230 253 34 221 192 42 117 148 160
    146 204 119 239 221 7 112 18 240 30 5 251 178 29 27 248 75 28 196
    223 91 207 166 35 204 173 22 239 176 26 223 163 81 70 50 167 82 199
    255 93 97 153 98 181 49 144 48 73 240 2 156 71 84 24 68 161 57 77 46
    68 241 244 20 103 255 128 247 34 73 122 68 63 65 111 214 229 84 124
    191 125 191 251 27 206 173 85 100 85 67 100 126 152 88 43 1 189 170
    236 86 84 10 235 8 142 174 35 125 216 162 125 61 187 113 99 201 196
    177 131 179 55 241 105 83 56 184 8 141 53 35 64 200 61 61 237 42 191
    178 37 88 199 76 58 52 80 77 107 152 14 94 108 44 209 198 218 237 34
    146 241 117 202 176 247 211 137 63 32 181 147 229 23 180 77 231 135
    221 246 141 88 104 213 47 184 104 2 221 75 212 65 196 120 90 113 220
    121 78 66 180 140 64 123 12 140 135 7 88 41 237 68 97 210 53 220 222
    139 43 107 234 250 246 87 209 3 49 202 12 4 32 152 115 88 214 181 37
    156 101 190 58 20 202 176 50 204 158 240 172 217 232 42 180 110 239
    211 206 33 18 167 52 105 254 56 225 38 110 130 93 26 250 113 221 255
    84 63 209 247 45 214 115 135 122 214 188 83 41 80 177 199 62 168 55
    34 248 195 35 21 156 243 100 67 235 185 10 212 23 160 128 24 174 10
    55 46 5 97 220 95 247 124 44 221 244 160 206 61 27 130 214 36 190
    255 69 205 128 100 29 58 100 16 146 37 252 44 2 21 52 3 238 255 69
    139 180 72 98 17 18 191 78 123 12 241 64 203 166 223 71 119 157 43
    63 19 161 148 163 117 136 7 39 121 16 124 251 223 101 215 56 126 172
    142 146 156 52 104 160 1 227 236 48 181 235 213 245 52 205 126 221
    31 59 127 126 230 250 63 144 130 82 203 105 176 49 185 140 197 42 90
    62 217 26 1 53 57 193 74 143 3 201 17 122 34 233 30 144 169 181 26
    91 208 20 164 219 237 174 253 255 197 210 222 147 159 142 238 160
    112 136 254 58 130 151 83 108 183 96 14 1 103 89 11 24 170 131 99 29
    88 213 244 207 216 11 57 171 209 170 159 179 235 39 196 234 113 151
    29 48 47 197 47 243 113 117 88 54 70 199 128 159 77 1 5 23 116 19 82
    90 238 42 153 132 72 151 189 225 100 247 53 158 115 229 74 169 164
    227 96 12 157 201 87 125 75 132 9 154 86 64 137 98 116 33 199 167
    193 134 208 138 220 89 115 212 40 248 1 172 26 252 243 18 240 18 3
    194 125 155 226 255 10 110 225 184 200 12 245 34 107 1 4 186 100 123
    239 243 58 110 16 22 28 34 23 116 117 138 97 21 56 207 184 105 152
    137 222 236 15 94 212 210 72 181 14 240 194 219 215 57 176 75 242
    169 68 116 35 175 90 164 225 174 161 239 90 99 177 131 109 166 223
    73 28 27 160 108 240 214 67 60 16 53 43 101 219 230 149 114 187 157
    33 204 42 17 114 97 176 5 97 154 70 234 203 209 216 111 126 26 189
    99 202 127 25 8 174 255 215 176 0 252 252 243 66 225 210 12 91 208
    48 89 162 203 79 215 176 249 56 168 20 110 227 93 197 225 128 184
    160 146 222 206 15 36 176 239 111 12 31 171 88 101 196 48 84 112 117
    177 168 52 253 140 239 187 174 206 52 248 9 246 13 65 152 180 152 37
    228 119 75 118 251 24 225 83 73 113 239 19 230 124 119 74 94 184 230
    189 225 190 167 91 164 255 227 28 16 155 1 111 144 69 251 185 46 114
    204 121 249 183 207 47 198 177 165 38 147 148 79 84 176 188 55 47 2
    103 55 167 218 123 71 108 161 55 125 44 193 126 6 59 117 232 232 37
    204 59 6 83 37 62 85 35 7 85 250 203 31 91 165 157 25 144 32 85 239
    132 5 50 225 61 253 167 71 41 179 225 7 254 85 173 171 19 47 45 254
    30 157 31 11 59 114 219 89 153 168 13 175 103 151 133 43 112 82 222
    16 195 185 84 150 183 55 126 82 29 63 74 152 21 97 112 153 38 140
    199 67 141 7 35 179 155 234 182 64 75 101 186 213 65 47 170 66 57
    121 44 211 173 38 74 192 213 200 52 25 110 169 156 228 152 136 39
    222 17 125 118 178 170 195 154 225 0 92 155 45 235 97 107 91 47 128
    30 6 125 216 250 116 239 219 54 248 11 253 114 2 5 190 192 110 148
    91 158 122 36 244 107 92 136 58 101 199 37 88 174 112 51 48 92 29
    226 102 15 126 145 254 121 63 228 38 35 64 25 151 19 201 29 129 139
    19 31 6 129 87 47 54 253 236 94 243 67 96 41 214 182 227 84 226 102
    99 215 212 8 155 110 189 244 129 163 225 57 125 98 30 167 51 27 42
    212 136 153 197 77 27 234 76 202 129 68 153 181 5 42 102 245 136 4
    146 247 25 129 228 238 20 119 19 160 128 230 99 93 20 255 196 156
    203 153 210 206 42 43 174 158 120 40 100 165 193 0 248 0 97 165 219
    185 237 118 88 223 108 25 0 128 155 194 254 195 58 85 122 181 79 22
    18 77 247 221 193 182 135 203 238 78 183 55 123 253 158 210 239 215
    136 117 129 8 233 250 95 227 28 109 94 127 191 94 67 84 173 147 201
    44 185 204 68 245 56 232 208 244 84 27 150 173 94 140 129 219 62 59
    206 239 52 36 21 152 243 175 42 79 155 251 252 225 163 185 24 9 204
    81 3 93 105 74 201 180 36 194 172 73 248 68 255 5 200 51 30 116 196
    36 61 187 44 62 113 82 210 9 221 165 50 182 14 32 8 167 45 216 214
    206 110 19 10 151 156 164 141 236 212 234 11 57 31 242 214 229 180
    29 250 238 102 232 110 157 196 254 11 243 254 43 228 76 181 190 30
    13 151 134 14 248 73 175 127 194 198 145 72 197 54 30 139 49 131 54
    183 58 202 211 132 167 128 106 189 240 170 208 135 127 144 255 72
    116 136 209 201 165 215 73 37 71 48 151 176 71 28 53 43 17 192 185
    162 216 57 157 22 43 7 119 201 40 210 238 103 189 222 206 165 244
    225 131 199 93 165 93 103 43 150 247 203 233 206 143 183 106 138 195
    49 254 41 65 2 99 158 140 223 116 40 75 1 15 4 232 74 198 22 148 47
    190 197 244 211 85 113 237 215 30 231 142 75 239 29 187 248 161 189
    248 66 144 134 222 98 116 126 28 201 230 217 111 190 77 219 65 228
    76 218 255 170 238 59 118 213 228 147 47 5 165 87 40 174 110 155 26
    214 129 208 25 32 254 209 1 84 175 98 234 216 54 24 217 63 79 153
    122 138 171 168 110 82 241 197 234 179 239 138 246 79 121 214 164
    222 237 206 178 190 186 140 59 245 129 221 113 38 230 242 168 241
    118 66 106 130 252 187 59 197 213 6 131 175 111 87 112 76 26 187 182
    36 240 30 4 159 205 33 202 14 131 246 157 66 84 196 20 81 188 172 1
    36 4 165 193 254 213 135 71 117 100 89 200 250 120 127 187 151 156
    145 86 1 109 57 56 16 36 151 134 27 38 79 75 65 172 252 151 17 48
    130 75 43 10 78 177 97 111 115 240 169 93 99 21 239 96 220 240 204
    196 166 25 74 181 99 118 129 155 22 149 0 222 145 64 227 124 31 33
    207 245 0 91 162 91 40 19 230 176 32 48 25 178 221 240 2 54 91 95 90
    74 131 35 45 174 127 1 214 47 219 6 24 176 45 31 223 49 112 127 155
    42 200 201 71 217 4 106 95 209 91 8 105 221 189 202 194 69 252 148
    58 225 44 64 145 129 153 10 186 128 4 96 169 74 2 102 143 104 169 83
    241 220 41 110 195 168 131 166 147 213 56 70 13 247 117 81 144 31
    113 117 128 94 14 233 217 219 125 92 185 33 86 125 246 175 159 18
    247 122 93 146 157 161 12 123 226 211 143 28 27 97 127 72 195 163
    222 64 21 40 81 29 90 110 190 251 168 254 176 238 184 186 219 36 202
    3 137 132 28 65 69 236 193 235 75 169 16 112 191 218 49 8 236 75 55
    227 145 142 139 153 185 120 154 97 22 121 36 15 150 12 80 45 255 148
    151 49 98 51 60 109 168 7 110 81 106 162 135 199 35 23 40 54 71 61
    157 249 1 25 212 159 170 126 65 85 229 187 93 31 193 116 90 225 195
    196 152 154 42 134 147 76 169 193 229 84 129 203 182 213 8 111 233
    104 31 110 68 65 207 103 159 138 219 142 154 98 250 4 154 117 87 4
    21 241 158 35 243 86 209 139 239 41 37 91 45 123 17 80 202 200 198
    35 127 184 196 172 60 192 250 100 83 16 112 0 63 167 9 41 6 145 251
    134 129 127 46 55 169 254 195 254 233 2 61 88 153 43 230 112 243 210
    17 180 12 37 142 172 224 240 114 34 97 118 24 186 192 3 3 246 49 44
    71 103 119 130 125 213 238 162 202 167 42 218 132 98 67 157 154 60
    198 37 225 35 148 213 229 206 169 146 201 8 28 247 207 227 45 238 24
    75 117 148 17 165 126 202 182 104 237 137 134 76 235 11 118 243 130
    160 66 10 221 46 193 134 126 97 1 163 254 11 112 119 197 100 151 160
    24 61 47 234 241 23 27 79 211 225 183 208 181 64 38 139 214 86 117
    73 75 169 195 116 89 122 205 210 205 167 120 119 167 21 121 3 255
    228 13 134 20 184 56 2 231 147 81 52 43 155 98 199 70 172 44 246 116
    177 240 218 167 5 75 156 94 47 134 30 20 148 64 101 128 17 79 220
    131 208 138 223 194 243 238 119 56 95 29 221 136 142 13 34 84 93 137
    60 223 177 38 245 88 63 225 146 29 177 173 156 193 181 216 134 122
    203 46 93 87 116 77 130 21 152 201 78 255 91 54 77 98 2 219 1 51 197
    119 149 234 12 74 25 122 8 106 14 73 130 247 239 187 155 254 236 67
    151 227 27 212 38 177 33 158 226 38 220 106 233 181 152 106 74 241
    70 28 240 95 169 2 134 73 51 210 226 110 254 245 254 117 69 6 32 58
    101 35 20 125 99 219 177 114 128 85 113 161 172 137 54 156 229 168
    64 79 44 171 173 25 233 246 168 54 153 89 83 14 230 226 143 68 214
    25 220 6 26 34 189 80 221 78 160 230 114 194 112 207 134 21 76 223
    155 66 110 10 5 138 190 112 228 184 41 240 30 229 145 81 119 111 147
    246 17 232 63 171 82 133 136 234 255 58 34 218 114 62 86 50 108 178
    25 243 105 191 100 40 82 43 137 72 14 1 118 33 85 76 205 9 84 116
    231 7 139 86 52 219 35 80 98 201 227 164 2 88 155 84 4 181 125 153
    96 14 241 89 109 120 113 218 77 166 11 252 26 73 139 178 127 154 133
    248 33 74 91 26 252 158 89 124 82 160 142 221 97 149 85 44 234 95
    212 101 17 32 247 144 61 199 251 249 88 171 120 206 31 136 11 24 199
    83 240 181 200 90 19 137 128 193 130 158 189 191 92 229 86 127 254
    180 170 223 195 1 167 214 126 59 22 40 198 252 8 174 89 232 179 113
    228 74 140 18 66 137 207 182 212 98 106 47 12 41 210 97 188 11 4 0
    172 249 209 242 22 49 25 193 87 246 216 152 219 123 102 130 185 142
    3 241 225 175 79 160 43 1 55 62 178 144 163 64 177 45 123 15 89 177
    184 50 11 130 182 83 79 208 79 179 93 56 75 251 113 226 128 140 191
    162 24 122 231 221 38 233 251 24 148 253 137 108 78 93 26 122 166 92
    143 230 153 150 175 133 53 5 84 71 229 230 249 104 67 162 147 173
    104 85 205 27 189 141 246 234 104 109 234 154 242 132 232 69 17 61
    70 100 185 133 85 215 118 163 209 253 129 47 65 87 46 173 203 60 158
    149 192 187 35 31 56 217 88 149 233 119 115 4 45 215 11 159 15 197
    16 91 123 89 200 171 16 219 1 182 18 94 78 227 202 127 93 118 63 79
    52 199 15 88 249 253 75 61 168 77 219 213 3 204 97 65 13 136 213 75
    130 69 142 220 195 159 247 246 74 22 82 119 37 134 134 131 103 157
    241 119 247 221 50 35 255 243 235 103 32 35 118 132 228 14 217 229
    64 255 203 245 67 232 80 45 48 119 210 13 83 209 17 239 216 149 121
    51 24 215 174 15 240 54 213 154 215 55 216 148 253 54 24 10 198 77
    207 242 222 144 176 164 247 116 2 89 40 234 208 29 234 8 223 170 237
    155 168 235 226 29 232 5 140 65 195 45 212 6 40 19 137 188 192 116
    58 221 186 72 130 177 87 45 132 61 151 148 61 161 38 122 174 49 247
    11 195 229 35 80 53 209 216 129 125 73 33 13 37 103 101 14 233 213
    175 13 140 66 228 242 66 120 96 208 47 125 13 230 177 29 146 84 130
    163 213 116 133 38 148 173 94 212 181 214 153 37 175 175 133 242 61
    225 176 20 77 242 51 167 190 183 190 235 158 96 103 224 79 1 228 121
    241 79 118 163 243 97 11 190 74 227 162 244 26 148 194 227 238 53
    128 180 197 9 76 84 83 118 67 161 8 65 144 59 238 234 33 122 215 181
    129 125 149 88 187 142 116 208 242 164 171 213 13 143 48 139 52 205
    157 210 105 161 74 167 53 238 105 162 134 133 134 232 230 222 92 100
    102 139 233 97 154 181 116 163 105 35 162 196 252 133 95 111 31 114
    61 34 155 143 41 163 250 141 129 18 60 227 181 145 237 42 177 37 134
    156 36 178 0 230 124 151 143 143 146 126 190 105 85 14 136 237 185
    39 81 42 125 182 101 238 181 144 87 207 29 54 26 210 21 127 38 138
    250 127 142 178 204 45 140 73 24 240 137 167 65 171 118 128 228 239
    82 168 182 79 177 11 9 133 196 151 187 87 173 109 66 179 227 163 168
    155 208 236 168 54 157 153 79 212 67 229 39 46 40 140 150 92 86 5
    175 64 1 60 217 47 78 76 169 219 37 112 183 146 2 22 166 241 159 170
    195 147 228 225 21 96 132 34 156 61 140 98 27 133 42 128 96 230 87
    188 190 12 111 135 24 195 169 37 2 4 81 229 108 182 186 90 193 39
    202 34 80 136 191 161 216 182 158 144 51 69 234 226 33 253 179 113
    196 200 21 43 41 40 252 209 31 50 64 123 104 55 37 205 25 23 254 65
    45 107 241 132 50 20 242 197 159 234 124 66 238 45 177 108 13 79 186
    225 167 171 114 83 72 170 217 123 155 62 254 251 126 234 98 50 161
    148 234 241 74 94 31 231 49 115 125 247 100 16 161 223 30 31 60 222
    52 56 159 127 243 146 65 155 127 142 242 121 133 165 99 64 28 18 227
    22 224 2 52 136 7 97 118 58 141 155 242 60 65 194 5 76 131 215 113
    51 33 123 191 67 252 151 26 41 117 169 134 172 64 206 113 4 140 250
    65 152 0 71 59 195 219 99 107 153 116 91 6 254 12 116 239 215 231 58
    132 46 234 17 48 12 190 206 127 86 82 35 133 202 102 82 235 218 80
    201 139 105 142 249 73 13 206 54 177 128 38 194 178 168 249 209 53
    204 16 112 43 82 73 68 255 219 228 82 6 37 253 43 191 255 16 218 164
    250 57 58 181 172 3 20 173 83 240 68 183 175 186 228 5 133 33 234
    217 157 200 141 43 135 82 18 210 92 145 22 140 82 5 114 228 197 119
    137 75 74 226 177 75 249 84 235 104 1 174 187 133 220 35 156 253 21
    104 202 190 25 62 65 165 110 106 186 232 113 209 194 143 110 24 24
    217 193 209 221 234 31 237 203 93 221 74 12 205 209 42 198 162 10 45
    146 198 156 231 110 172 133 38 217 127 146 18 82 242 235 52 75 178
    29 116 55 165 226 192 25 62 225 143 109 106 2 245 130 35 153 213 143
    170 75 43 79 52 60 68 176 157 1 132 195 112 134 88 216 16 219 154 2
    89 18 127 55 208 203 124 13 164 61 178 167 199 16 61 147 58 206 118
    233 130 25 114 143 107 43 181 211 119 32 77 55 51 55 38 15 210 73 4
    146 241 221 21 6 121 45 150 85 120 66 33 218 206 173 135 80 3 175
    187 198 9 96 215 159 247 65 123 163 134 81 28 44 184 227 35 43 51
    104 133 5 30 62 228 4 21 162 172 211 14 198 85 71 240 204 166 15 243
    146 1 82 33 45 222 112 194 90 198 182 163 191 9 140 208 238 215 255
    89 226 197 66 24 167 112 2 52 83 83 63 146 24 152 142 79 210 199 28
    124 106 218 57 228 208 34 42 50 63 90 156 47 247 32 40 193 248 15 69
    163 57 59 54 255 219 175 95 90 2 74 31 239 243 188 248 238 101 223
    119 86 168 235 169 117 238 181 246 96 237 227 169 249 186 144 33 129
    119 251 39 198 18 85 80 219 207 20 159 193 29 253 223 144 89 39 135
    101 218 208 226 174 44 136 186 131 133 93 93 20 251 103 72 66 66 158
    142 105 197 66 74 105 241 22 144 129 27 27 233 75 221 42 223 109 160
    193 74 134 51 214 183 56 235 194 202 239 222 160 33 158 42 239 175
    189 239 80 10 151 181 253 117 14 115 76 187 139 231 87 52 42 60 207
    98 213 181 116 177 212 178 28 136 206 248 135 120 2 227 54 153 51 53
    78 120 176 232 192 5 52 180 126 11 38 116 3 49 175 210 140 176 42 99
    146 235 178 64 155 146 46 129 83 4 102 137 180 94 90 199 123 40 176
    239 233 13 31 92 102 166 92 168 190 214 102 132 142 78 21 125 28 100
    140 133 212 89 98 190 122 144 65 117 165 61 19 102 232 195 230 226 1
    73 218 115 101 249 8 188 53 243 254 120 160 63 101 58 105 77 68 141
    63 44 18 236 233 60 80 180 196 138 243 172 43 152 67 165 244 83 200
    90 132 10 153 173 232 0 144 197 18 255 104 9 116 88 192 237 28 92
    100 217 24 161 251 254 248 159 215 252 81 14 148 216 4 96 112 170 64
    90 134 112 28 87 45 53 31 63 119 153 84 139 67 224 37 114 2 32 206
    186 208 250 156 65 33 44 118 51 72 206 109 201 141 31 175 10 75 2 18
    67 186 99 104 216 221 224 116 206 167 245 195 131 255 133 244 241 35
    79 230 132 245 106 215 141 84 241 241 3 201 183 254 4 181 68 80 169
    186 172 23 237 20 92 174 192 169 248 64 227 65 176 34 165 86 59 226
    17 136 17 21 186 99 222 105 140 6 117 242 195 12 56 93 143 79 58 72
    207 201 161 213 115 78 88 97 117 42 64 121 246 141 29 182 112 220 43
    64 161 165 31 232 117 28 35 71 157 125 67 149 221 63 213 52 173 76
    40 232 139 144 8 81 113 236 144 149 230 75 124 217 144 86 216 158
    225 84 67 126 87 60 220 109 11 126 201 17 150 187 218 180 110 239 63
    50 209 145 137 219 73 230 236 81 230 218 41 9 18 71 85 137 155 141
    33 78 5 23 100 141 220 174 206 8 58 225 241 246 238 161 92 213 139
    212 70 129 164 159 17 54 193 72 37 148 114 240 132 72 108 71 228 105
    236 75 112 228 141 152 130 15 18 214 80 28 161 173 105 139 132 93 90
    30 77 152 94 140 149 200 249 64 242 217 28 95 96 42 249 48 200 71
    250 14 33 167 62 249 54 117 185 30 220 222 142 5 172 13 179 141 236
    212 255 201 88 32 210 98 208 37 65 24 103 241 46 82 18 97 14 165 232
    147 57 165 126 75 153 126 76 93 105 126 206 226 169 191 67 229 159
    10 75 230 64 77 125 135 90 124 214 161 155 152 0 146 234 193 30 66
    156 203 91 112 25 115 213 94 72 233 244 55 136 55 118 106 57 224 210
    128 77 175 54 98 245 206 204 52 217 31 145 233 203 164 150 128 219
    92 16 96 5 24 35 147 87 130 11 112 58 42 242 189 182 248 182 18 25
    186 79 186 47 211 97 50 209 202 185 1 81 253 250 124 8 162 95 194
    212 131 143 172 251 231 62 203 151 226 69 42 190 130 155 125 124 192
    98 113 93 57 157 150 69 242 41 83 58 192 92 129 118 42 225 186 179
    44 179 160 214 94 142 174 237 211 187 34 179 18 227 102 245 130 213
    248 94 80 12 64 89 241 253 11 37 162 67 135 98 158 20 59 225 24 87
    181 39 150 175 20 55 57 95 33 211 185 112 145 3 94 141 137 36 12 167
    162 124 103 119 86 164 24 237 194 126 119 255 145 141 88 56 180 158
    158 184 196 139 129 50 220 161 95 10 106 103 114 137 125 62 155 201
    100 164 70 231 164 103 113 114 133 43 36 149 200 84 243 204 146 159
    34 73 2 43 188 186 122 26 101 220 250 188 74 30 144 147 62 157 207
    90 82 69 69 39 194 7 193 41 249 39 93 70 230 48 221 252 218 133 98
    135 37 108 119 121 189 127 224 229 135 216 119 201 51 17 142 39 49
    97 30 227 215 42 48 40 229 123 153 225 217 2 60 167 140 147 157 131
    178 114 214 165 150 142 42 146 231 98 136 50 45 157 41 100 175 45
    124 120 23 147 182 130 184 247 160 206 228 236 254 19 112 134 12 82
    86 121 110 181 107 114 247 74 26 203 46 31 194 67 119 196 233 184
    215 134 25 131 202 168 93 40 133 230 197 132 96 42 192 113 34 95 69
    176 173 48 44 126 47 167 14 66 174 193 36 102 235 103 54 174 94 214
    49 118 33 145 234 93 243 249 5 131 37 58 196 179 190 207 79 142 150
    50 137 74 207 137 214 68 177 204 228 97 216 82 104 104 233 167 50
    110 108 148 127 84 251 235 209 52 173 204 42 203 117 86 158 166 251
    99 109 33 253 157 71 0 152 66 146 206 184 212 36 69 156 77 76 83 251
    40 111 63 254 53 188 5 133 186 64 153 9 120 243 200 66 210 193 215
    133 90 253 210 13 40 219 39 45 69 217 142 233 71 246 94 217 195 74
    232 124 170 37 195 214 142 44 38 73 37 225 236 245 77 50 92 189 141
    28 123 244 47 216 44 127 96 107 255 247 106 64 115 94 246 89 252 188
    234 174 198 199 129 149 64 22 172 170 207 92 14 66 5 165 229 38 50
    166 18 8 97 237 5 3 129 217 186 211 160 223 22 9 218 11 17 9 77 45
    182 21 49 78 96 19 8 221 28 203 65 210 92 80 88 154 228 131 14 225
    51 24 90 82 103 116 171 69 128 12 235 195 233 85 19 228 217 172 77
    253 178 223 114 141 131 138 110 101 209 96 73 61 203 206 25 115 125
    215 93 65 24 66 96 103 19 245 156 6 116 196 211 16 34 57 52 76 68
    178 209 59 86 184 194 118 205 105 16 216 114 115 43 222 147 254 234
    37 58 229 62 65 99 108 37 157 166 154 2 112 125 102 37 217 172 153
    121 175 55 132 19 37 213 174 150 122 141 73 222 145 98 186 179 209
    55 163 170 13 17 174 171 195 15 16 117 100 41 49 56 107 213 13 182
    29 65 229 217 183 60 208 249 241 46 242 85 32 158 43 251 147 114 18
    235 212 196 196 222 194 191 237 127 221 74 53 233 102 98 121 184 216
    168 10 15 1 101 193 53 13 98 114 197 190 132 182 223 241 91 176 204
    121 255 176 35 99 77 250 180 185 156 173 243 206 244 105 33 223 191
    205 2 223 166 132 13 78 197 79 239 147 185 184 93 24 161 56 20 111
    187 76 240 39 29 104 203 242 13 246 18 3 91 206 136 132 198 97 133 8
    149 188 68 74 169 79 139 68 240 113 219 39 89 49 42 56 71 205 72 6
    177 65 42 233 31 25 181 27 116 163 133 54 40 139 216 131 227 221 252
    23 249 223 102 188 48 242 43 146 13 85 226 132 126 29 173 203 108 10
    9 186 48 79 120 185 43 122 137 118 193 223 12 56 149 232 121 166 111
    14 186 112 14 207 153 17 238 167 214 28 139 245 246 23 24 111 198
    161 218 203 219 188 142 142 241 87 47 44 166 53 104 175 108 24 132
    85 178 26 71 185 52 5 213 16 18 18 204 100 174 50 182 205 132 235 71
    233 172 175 218 137 211 207 5 178 147 179 51 70 96 146 69 2 153 79 6
    72 199 60 226 17 77 71 40 51 123 40 112 200 148 213 233 131 36 220
    132 70 228 181 25 175 37 114 214 175 184 7 108 101 145 189 255 141
    247 62 85 243 41 227 41 201 183 143 137 153 88 197 14 155 234 4 112
    42 241 98 57 118 41 23 247 201 79 160 87 79 119 48 181 187 53 114 11
    233 58 246 173 176 225 214 70 215 124 173 144 82 186 168 3 207 224
    30 59 134 49 162 30 125 78 203 36 160 29 195 149 141 24 34 188 41
    150 192 188 143 85 30 60 121 242 127 97 86 137 215 103 118 182 61
    227 222 69 181 89 136 161 23 185 80 185 217 53 8 230 87 27 64 85 148
    159 141 0 7 174 85 194 238 214 231 85 39 142 49 52 7 128 207 74 95
    163 243 166 190 168 158 66 60 110 27 46 162 180 17 234 180 177 31
    142 238 168 60 205 59 136 22 38 73 184 26 169 27 176 53 39 148 19
    212 109 196 183 76 165 77 158 204 163 220 53 116 180 172 246 88 253
    78 105 47 80 235 48 114 231 226 146 247 50 220 16 135 177 136 49 92
    162 144 84 96 155 28 129 88 63 213 169 242 47 175 109 0 24 161 233
    254 206 239 190 51 56 122 21 103 130 54 16 219 164 187 170 145 243
    178 5 153 164 109 123 45 94 29 248 241 219 84 73 221 172 71 55 245
    148 37 202 14 176 248 163 77 192 68 59 51 206 1 113 34 14 214 124 63
    110 199 127 32 242 251 191 144 171 66 0 118 255 142 61 82 67 171 226
    175 28 153 82 228 212 241 226 84 212 220 193 236 95 67 95 158 250
    203 189 136 191 37 101 185 172 15 39 50 231 4 178 63 57 200 84 130
    109 23 137 156 130 120 159 251 17 140 158 175 255 213 139 16 157 12
    70 21 66 197 75 46 68 91 29 172 78 186 17 150 69 127 214 199 153 252
    25 125 94 79 35 19 44 154 132 120 179 251 47 160 154 90 33 158 161
    61 147 42 114 34 140 86 221 156 34 166 248 198 83 230 112 88 90 61
    218 244 164 120 41 149 70 46 18 91 133 252 121 90 187 117 118 10 245
    125 233 176 210 3 69 150 32 92 104 155 18 10 76 171 193 238 254 153
    71 10 229 249 97 244 185 58 202 208 247 66 30 245 20 190 84 212 238
    42 111 37 112 98 106 98 206 30 22 218 169 75 232 150 66 189 103 228
    108 81 210 31 117 255 196 26 133 217 34 143 129 102 43 139 182 23
    226 244 238 207 190 172 165 210 230 50 171 168 152 150 61 238 161 70
    156 18 129 172 16 106 31 160 39 21 118 168 243 252 169 214 55 245
    158 106 19 173 188 19 170 127 94 35 96 101 9 27 93 99 126 197 156
    164 119 61 220 24 60 13 73 44 181 59 216 116 0 16 6 100 66 8 187 161
    68 124 188 254 64 98 252 232 209 65 160 216 151 148 19 252 231 21
    116 22 80 146 75 229 153 171 254 197 5 219 79 137 180 57 12 189 251
    56 62 53 218 241 142 9 161 54 100 143 117 61 238 205 160 59 234 47
    22 253 70 232 205 43 134 77 132 69 223 42 154 239 67 75 228 210 200
    134 219 219 126 252 107 51 147 177 17 205 208 32 103 39 215 162 195
    197 207 42 188 226 125 54 159 112 97 229 235 84 84 152 0 99 102 252
    243 71 0 101 62 119 100 31 69 234 60 222 20 239 101 218 178 28 222 0
    36 200 92 65 52 32 185 144 9 111 221 202 24 254 36 38 123 243 85 88
    210 91 198 232 102 239 152 43 206 151 97 116 120 139 125 95 202 54
    58 75 215 133 197 251 231 100 85 185 177 246 89 212 97 179 49 247 16
    64 26 203 67 11 114 73 183 17 64 107 138 32 156 226 207 66 165 84
    179 4 251 11 34 118 193 108 74 231 57 30 4 255 96 151 41 22 180 43
    21 43 125 24 132 21 25 121 43 53 136 177 139 253 228 206 35 145 91
    92 98 68 242 108 178 36 150 15 248 240 129 141 55 161 104 99 79 124
    48 214 120 97 206 157 232 55 253 5 84 232 161 67 19 89 166 211 209
    107 52 46 70 151 106 225 245 51 178 61 142 217 239 78 155 82 70 44
    96 17 98 181 53 228 27 116 53 83 70 131 238 131 143 149 255 210 126
    222 242 234 85 66 37 183 134 234 219 30 133 108 220 120 115 91 59
    161 159 129 47 159 201 249 117 33 179 236 8 185 243 10 98 118 147
    220 75 87 71 193 60 226 229 28 62 2 169 143 87 235 191 177 189 34 58
    231 93 97 149 212 12 87 153 0 204 99 192 44 68 124 228 85 254 155 28
    87 195 238 61 62 122 5 55 96 99 205 165 206 239 110 145 1 14 140 201
    234 105 41 0 38 54 155 137 88 248 130 137 83 42 64 232 65 173 165 58
    47 146 175 216 35 232 211 22 5 87 201 177 15 69 226 38 55 145 163 56
    199 196 201 161 157 31 224 196 1 121 129 217 252 250 2 15 20 138 28
    116 119 187 253 251 90 189 73 210 13 102 157 120 114 132 187 21 183
    154 143 218 2 218 140 130 218 133 62 252 225 78 115 167 110 30 252
    119 223 228 16 223 167 32 102 14 179 116 6 184 84 72 101 221 29 33
    13 176 199 113 37 9 50 182 39 73 238 253 46 134 223 138 139 190 46
    105 39 31 99 66 79 160 131 197 87 70 244 217 128 207 175 81 148 54
    247 17 171 232 101 107 87 39 118 150 108 127 98 240 157 117 155 8
    208 63 76 103 167 169 48 194 17 167 198 83 30 83 220 105 81 9 95 44
    220 86 231 165 44 134 203 156 250 113 139 26 126 30 24 203 236 147
    123 237 67 178 13 221 52 100 64 155 157 6 108 214 29 203 246 117 20
    228 64 240 235 238 12 110 12 144 181 169 174 11 120 85 174 167 152
    215 184 75 130 155 154 97 184 41 153 24 165 186 11 20 18 145 24 48
    40 244 237 151 192 182 50 249 92 134 59 229 133 168 147 27 177 112
    245 92 45 185 119 218 74 108 129 89 67 236 254 181 0 174 155 20 6
    209 218 132 21 103 215 35 143 5 71 234 82 16 223 166 179 40 99 31 66
    57 123 160 141 151 162 17 99 142 71 16 133 10 81 180 82 100 252 28
    112 125 177 139 227 228 28 147 27 66 248 174 208 112 144 210 243 170
    32 2 202 182 95 253 92 110 51 151 63 89 7 10 135 28 237 204 107 236
    61 138 114 14 230 245 52 222 174 22 198 138 2 128 206 2 125 8 162
    238 203 105 24 45 89 177 58 204 107 41 130 181 112 108 122 12 193
    149 74 180 139 44 108 193 155 99 125 176 168 132 32 201 49 82 15 127
    61 118 122 88 239 130 187 124 63 21 147 121 180 186 107 92 216 125
    153 13 147 177 112 117 176 216 111 83 17 199 92 200 98 92 179 122 5
    255 36 150 77 8 72 61 64 30 146 116 250 226 148 188 32 246 39 110
    187 234 124 10 49 121 126 14 28 75 9 207 58 223 90 88 105 106 234
    127 230 171 211 227 62 108 99 91 46 172 237 148 123 117 207 2 182 70
    57 248 15 209 24 146 54 234 54 57 68 63 174 249 50 34 125 204 183 75
    137 45 47 149 249 143 151 72 42 143 138 169 127 162 129 102 87 171
    144 204 96 77 185 197 122 242 39 51 210 30 23 14 186 199 27 181 67
    158 194 53 1 217 234 230 12 182 120 106 210 111 254 35 118 225 27 41
    122 214 56 82 242 190 12 81 6 119 160 213 180 98 94 207 120 207 79
    19 195 74 248 181 183 109 83 129 19 165 46 73 152 163 190 106 165
    122 21 174 35 182 98 137 208 143 183 237 3 179 50 175 147 214 118 79
    107 185 176 239 9 108 255 74 50 64 103 235 124 218 227 164 131 204
    46 87 164 53 13 93 198 112 41 38 243 207 48 111 180 176 33 242 130
    84 197 196 57 42 46 166 200 147 248 178 94 252 57 222 63 85 139 243
    47 228 104 63 238 94 19 166 178 15 135 36 239 85 50 150 233 170 111
    38 216 187 113 8 92 144 131 239 210 124 203 234 22 216 40 237 177 54
    66 112 13 224 69 209 55 184 110 90 91 249 8 194 63 149 222 233 76
    238 18 181 206 59 98 140 156 44 64 112 132 254 71 214 151 243 146 37
    20 182 228 85 118 130 180 32 131 143 213 211 147 59 203 53 71 131
    146 144 80 201 32 153 73 136 3 64 47 59 76 180 127 194 129 220 206
    51 96 95 181 253 80 19 213 183 78 55 129 203 80 66 229 201 59 24 161
    34 19 217 246 136 66 118 216 196 154 48 63 245 0 228 11 233 131 216
    116 189 20 87 133 168 148 61 134 171 38 138 229 199 136 155 18 9 248
    135 47 85 115 125 68 116 221 130 24 161 255 182 178 130 23 101 184
    228 184 85 178 229 251 196 48 38 153 101 151 218 148 214 227 115 7
    104 70 165 13 47 21 129 141 254 125 8 62 244 59 200 79 173 73 53 234
    250 130 131 200 220 104 109 255 106 57 104 250 119 120 13 223 203
    177 56 204 61 186 57 40 149 90 83 152 2 11 246 248 69 171 18 25 58
    95 93 34 123 113 15 43 84 246 20 222 172 186 129 240 108 26 241 247
    7 6 112 246 32 231 220 38 0 242 219 193 77 19 221 84 146 154 9 227
    163 173 95 97 78 86 41 77 122 85 156 43 102 171 2 173 34 99 199 242
    245 113 67 148 153 119 108 46 85 227 233 248 213 82 252 162 103 209
    174 157 107 206 52 178 16 215 32 111 136 222 50 36 187 157 70 5 104
    184 224 159 72 35 205 76 156 129 105 94 120 34 28 205 188 86 131 251
    2 34 214 220 186 156 231 177 88 44 148 28 24 48 28 65 107 199 81 163
    229 152 200 251 112 49 177 127 68 234 194 33 143 184 196 180 143 177
    252 54 185 145 5 200 178 165 107 65 224 58 13 40 18 104 217 106 125
    194 1 115 138 1 168 136 186 155 164 207 248 154 241 203 99 214 192
    146 90 54 146 190 111 19 48 27 179 131 130 176 43 172 113 73 171 126
    196 133 219 97 246 81 95 253 19 58 218 156 159 177 91 45 220 171 128
    145 199 217 156 8 56 36 106 235 23 39 73 112 46 137 235 119 28 209
    116 132 88 221 155 99 1 164 201 99 92 115 35 149 179 33 103 109 43
    207 187 107 8 184 31 228 231 229 216 159 93 134 113 88 146 233 73 31
    6 118 232 14 205 71 138 116 81 248 18 89 214 214 182 213 11 149 67
    147 58 30 58 8 66 139 9 251 88 77 114 188 207 116 119 204 12 1 133
    44 33 8 212 212 66 243 183 114 248 32 226 57 255 204 219 129 241 3
    191 197 85 112 56 134 166 68 82 206 31 201 196 22 200 160 42 76 227
    229 35 221 148 235 6 74 223 247 60 193 69 244 230 111 149 34 106 57
    215 52 215 115 130 184 37 64 11 165 38 224 69 32 63 55 207 225 73 52
    66 180 185 236 189 21 233 142 74 116 148 15 154 88 144 221 59 176
    232 134 96 101 157 158 238 231 204 133 154 217 19 181 227 175 146
    254 155 184 52 140 8 74 117 106 94 198 35 4 113 21 122 71 253 55 226
    195 89 254 15 71 43 1 215 131 130 195 87 130 32 215 223 148 172 18
    53 208 205 243 252 112 181 196 131 157 55 180 83 74 19 246 61 128
    174 115 85 55 11 150 64 185 238 152 233 0 55 115 122 69 36 75 194
    180 8 175 225 211 217 232 193 15 141 27 125 237 229 90 133 23 77 28
    3 154 251 228 210 221 145 40 232 79 53 227 139 49 107 15 220 151 225
    195 239 171 161 114 191 47 146 149 40 187 86 151 168 110 166 211 195
    200 100 47 168 227 205 240 48 59 98 251 62 244 12 201 48 236 252 251
    116 30 254 9 18 118 155 124 156 57 218 132 240 8 7 91 73 118 159 122
    117 52 53 161 215 34 17 151 173 246 96 254 43 139 63 78 236 251 142
    127 243 9 247 49 20 118 254 210 139 9 250 68 17 225 68 49 33 171 204
    173 85 95 18 53 181 230 9 164 122 242 156 142 41 220 254 190 76 207
    122 117 220 172 224 113 22 228 175 113 170 68 235 85 222 247 210 90
    84 185 11 133 117 150 223 14 119 108 186 235 46 138 239 84 242 38
    180 105 32 49 4 36 53 253 137 132 160 93 71 85 199 6 229 120 7 121
    60 16 249 60 31 11 35 71 210 204 108 84 31 198 30 124 17 8 81 219 47
    111 212 211 112 82 137 38 81 199 56 51 187 174 153 159 46 212 67 4
    162 121 202 199 56 42 243 253 35 236 88 90 91 52 170 229 38 192 230
    44 241 243 97 245 183 98 3 35 129 70 75 46 13 151 231 94 62 80 141
    53 118 246 214 232 214 106 173 100 25 212 138 123 26 225 57 79 114
    237 130 135 106 12 210 24 208 221 127 116 114 187 7 46 223 31 209
    203 2 95 2 226 68 138 248 213 183 244 19 59 10 21 241 86 58 166 77
    183 156 255 229 156 38 236 249 203 104 148 149 35 64 162 160 71 217
    205 70 251 229 78 59 88 255 114 217 151 31 104 71 176 223 78 239 186
    89 36 171 244 24 244 234 156 236 48 189 60 55 164 141 203 153 0 121
    166 170 206 255 110 103 65 46 112 32 175 21 145 100 205 58 147 6 160
    6 118 163 253 99 236 174 149 142 172 145 136 129 44 132 67 227 143
    141 48 161 42 130 54 77 22 70 28 109 62 43 127 12 125 18 193 200 231
    89 146 50 29 151 1 61 207 106 173 120 120 222 45 211 133 249 96 113
    179 231 203 250 113 74 144 129 20 61 111 153 136 251 134 232 55 44
    205 131 255 85 34 137 71 94 41 84 150 91 135 201 238 127 59 99 76 16
    203 177 239 60 42 124 225 139 112 98 64 35 68 59 202 135 128 182 188
    26 183 41 32 115 187 213 89 149 43 84 210 195 158 236 44 236 58 150
    8 162 234 75 186 179 121 229 88 12 166 187 70 59 113 179 39 181 137
    232 59 72 10 97 166 158 89 148 136 97 206 172 115 244 26 224 158 189
    117 101 81 28 33 18 22 157 144 85 116 53 100 78 102 58 27 171 193 54
    196 177 2 133 66 234 46 17 233 55 166 231 59 254 29 223 253 32 164
    233 222 109 202 167 105 254 151 210 68 49 223 247 254 155 184 202
    120 233 104 179 170 143 127 13 11 105 90 148 56 70 243 80 151 183 76
    85 28 72 167 196 211 21 7 145 88 50 87 237 110 197 42 46 89 125 62
    100 32 46 150 82 215 136 201 8 254 108 201 140 123 229 11 80 109 133
    0 228 118 181 16 215 51 174 246 177 25 247 26 112 74 91 86 130 70 16
    153 16 217 162 227 38 85 171 93 232 36 183 139 244 84 90 120 104 177
    233 113 39 117 9 176 247 64 188 147 146 206 247 129 31 123 193 189
    151 10 213 14 51 58 150 146 107 13 79 155 61 187 193 38 236 240 151
    49 71 243 195 193 190 110 76 47 72 155 119 116 52 170 78 242 243 118
    161 150 122 210 19 236 2 30 67 113 48 154 165 152 72 166 189 224 253
    143 116 94 150 213 110 37 148 168 111 142 115 117 70 191 98 127 152
    145 242 125 209 171 182 73 161 181 37 192 53 146 208 8 164 80 15 14
    201 206 176 57 46 32 249 73 243 156 112 238 151 194 160 44 231 32
    233 251 92 103 244 10 76 213 112 117 124 51 56 97 173 89 129 197 19
    236 199 112 237 36 90 17 71 241 168 165 113 129 52 7 209 111 143 137
    69 215 67 219 136 27 70 36 97 174 122 226 191 56 70 79 51 1 80 27
    235 108 3 2 153 102 146 247 28 254 255 194 74 225 59 54 128 177 196
    36 248 222 106 99 69 68 22 121 117 127 168 92 8 199 21 243 25 11 164
    255 48 99 147 75 230 166 211 211 149 245 178 75 138 179 10 191 160
    125 55 194 184 115 97 175 174 133 44 0 188 87 83 89 223 77 158 111
    197 34 204 28 70 137 35 228 203 81 160 91 235 156 20 58 82 1 44 220
    194 28 187 153 221 74 173 54 4 184 46 64 123 38 254 240 101 56 81
    145 0 36 136 184 215 17 40 68 43 107 81 135 49 130 76 15 31 106 157
    52 21 10 167 34 184 9 157 249 119 239 198 64 71 79 183 158 198 79 27
    160 12 145 141 220 105 104 213 73 200 111 109 169 11 187 81 122 50
    135 135 182 150 20 127 182 204 76 215 87 202 47 72 232 65 78 49 197
    118 163 110 224 215 155 203 214 206 251 195 156 57 238 4 66 11 6 93
    236 246 156 178 153 204 231 107 233 113 8 26 25 212 91 113 122 148 1
    116 176 1 110 76 251 97 193 225 20 99 84 41 161 215 115 220 7 171
    156 153 245 49 194 74 61 129 40 61 126 70 17 60 192 220 63 171 71
    123 92 240 151 138 210 235 18 234 15 238 2 117 64 99 218 180 28 112
    33 99 244 140 237 51 184 205 246 84 73 45 213 213 191 32 50 250 132
    154 251 14 3 152 175 187 133 140 233 155 71 128 50 139 178 82 62 232
    128 116 51 125 76 238 197 86 238 139 255 172 109 188 207 232 161 232
    144 12 5 61 1 161 20 207 15 173 124 227 191 209 75 1 206 41 173 225
    102 17 226 162 103 193 128 188 135 184 30 38 63 210 147 70 136 198
    140 214 171 6 47 178 167 227 140 65 126 38 109 134 126 242 184 62 20
    57 93 56 122 169 117 233 206 16 209 186 128 28 192 186 1 103 47 79
    45 194 6 115 216 131 55 201 181 181 218 117 77 178 122 1 117 204 250
    108 17 118 23 233 156 33 112 29 108 21 205 202 195 132 107 61 76 124
    48 83 206 156 57 114 147 91 65 53 4 133 232 186 142 62 38 8 240 227
    224 197 138 200 229 82 26 15 96 227 232 197 96 63 76 206 229 54 7
    228 234 165 234 212 80 108 9 113 249 51 105 5 181 112 25 85 103 167
    94 67 100 22 78 137 111 236 165 51 93 206 96 107 126 141 142 180 51
    159 107 120 255 190 104 151 66 38 123 233 245 250 171 171 68 169 120
    51 131 5 97 218 179 130 18 130 177 99 21 163 104 123 20 35 255 35 67
    7 32 140 80 69 116 176 64 94 234 241 134 194 118 242 206 92 110 255
    133 95 4 250 20 83 137 198 30 31 220 160 66 2 138 225 32 175 126 72
    168 193 65 198 112 53 26 219 220 48 129 24 148 160 140 229 99 186
    198 85 215 162 205 216 13 67 24 172 189 137 80 5 228 149 206 254 55
    93 76 160 197 33 168 250 206 43 141 146 28 81 55 156 248 10 136 34
    80 154 18 128 151 78 147 205 131 50 128 26 9 61 33 186 22 158 208
    246 44 248 48 61 177 235 13 246 14 63 150 178 125 73 77 23 9 251 96
    167 148 237 173 160 151 232 102 3 5 194 240 14 41 12 247 74 150 67
    238 59 112 137 13 182 171 86 91 229 149 180 180 244 253 242 248 23
    247 250 63 7 150 109 149 40 136 16 41 174 242 11 210 167 243 244 67
    210 174 147 235 208 41 244 7 247 119 86 106 82 181 68 109 214 227 25
    77 50 70 190 209 222 63 166 199 164 155 55 170 110 253 82 22 157 116
    97 138 180 49 48 248 132 57 151 118 47 111 78 21 167 97 160 129 199
    167 201 250 253 249 110 87 17 14 119 229 250 71 15 68 119 164 120 86
    120 25 153 11 40 175 54 129 102 127 246 23 29 100 76 234 123 218 18
    132 59 30 179 66 178 246 71 248 31 130 178 237 245 66 175 79 132 37
    136 156 251 6 149 44 54 253 20 215 203 46 67 80 154 235 62 26 239
    182 76 212 54 6 2 156 86 2 164 133 59 240 193 31 162 44 151 5 17 34
    212 184 68 189 16 33 94 245 207 234 239 86 53 42 14 108 56 23 57 194
    93 10 198 9 81 196 248 88 185 67 12 127 12 54 121 237 62 23 202 142
    123 27 108 105 76 197 149 98 251 237 20 89 239 220 55 171 126 99 210
    135 240 31 188 220 20 129 120 63 106 173 152 14 55 92 206 31 255 213
    93 156 212 194 4 54 45 55 85 221 145 139 31 250 182 225 132 159 216
    176 208 108 131 170 98 84 228 110 141 187 4 251 88 129 242 205 103
    210 144 219 174 248 20 236 53 170 185 236 121 234 12 44 228 109 131
    136 70 226 116 62 89 8 173 167 155 112 116 249 151 123 214 70 38 202
    59 90 103 233 141 121 122 54 167 48 211 225 126 158 253 115 100 108
    49 136 188 81 239 107 51 127 74 133 211 65 81 34 94 87 207 223 182
    250 75 158 91 116 190 108 95 137 85 74 95 136 75 59 153 85 38 102
    157 93 192 82 2 205 104 36 31 160 28 167 176 200 249 43 176 2 187
    213 198 8 77 255 11 0 99 139 168 24 41 93 229 89 166 224 252 242 244
    108 199 184 101 193 153 114 15 143 213 18 29 183 124 126 144 234 21
    102 164 252 168 42 135 204 167 115 28 119 61 175 68 172 129 125 247
    245 89 251 255 210 31 229 158 61 85 42 13 18 58 182 142 202 127 197
    210 51 250 59 73 239 2 10 213 207 198 91 185 207 67 255 254 250 128
    225 152 237 36 124 18 217 103 180 253 243 208 136 133 164 184 248
    233 40 61 248 36 41 189 19 33 62 225 220 85 83 22 17 100 5 53 253
    189 189 85 169 156 143 198 132 132 237 227 20 131 142 254 201 98 52
    141 99 173 143 196 22 197 244 89 59 16 205 186 69 216 9 23 39 10 37
    123 95 184 79 128 77 80 53 182 224 233 130 147 39 134 95 162 96 171
    64 163 9 144 225 44 114 45 9 196 220 124 130 255 183 98 159 9 18 77
    53 142 72 194 165 155 155 71 58 72 70 219 11 186 99 250 134 230 46
    158 224 110 195 206 207 142 7 138 149 38 247 197 109 160 23 172 11
    221 193 174 60 99 164 128 204 39 7 206 83 140 158 184 67 134 172 62
    0 118 45 208 197 66 47 253 187 96 5 59 146 145 39 78 146 248 0 215
    178 218 225 173 44 142 177 52 111 107 92 254 37 45 146 216 171 149
    238 231 44 53 75 162 39 166 60 3 85 157 153 221 117 146 230 34 133
    166 83 193 82 242 60 219 229 20 190 239 130 179 117 176 217 201 125
    110 156 132 125 133 86 185 184 238 91 37 128 48 234 181 86 180 161
    191 90 55 160 102 38 17 164 128 61 252 232 228 35 60 103 178 158 68
    225 118 219 246 55 98 117 255 210 213 123 194 17 136 237 130 133 2
    173 169 30 15 109 126 213 206 6 138 183 103 68 191 151 151 169 64 52
    241 225 107 163 213 154 145 95 249 100 116 27 135 244 139 131 91 80
    224 82 198 123 203 105 216 58 232 104 89 38 147 9 56 221 53 85 65 56
    184 226 16 157 147 59 43 236 75 108 54 155 166 151 122 79 214 69 204
    59 48 237 184 33 239 133 191 237 170 39 203 248 127 178 168 161 162
    126 33 116 78 12 233 51 229 216 171 46 77 166 72 178 120 78 91 193
    164 254 83 25 179 178 157 190 37 216 224 232 28 184 81 206 233 127
    27 250 99 90 243 97 79 98 91 8 111 100 3 195 75 114 100 53 129 10
    176 115 35 211 117 90 159 247 12 103 190 179 29 90 93 147 91 177 238
    206 214 10 53 192 248 166 151 200 153 103 233 140 167 203 89 61 215
    137 1 142 133 181 196 147 11 45 81 229 218 41 151 166 216 91 28 82
    162 206 83 168 12 134 172 21 100 190 194 208 155 155 220 70 47 94 96
    82 73 29 120 118 173 32 221 80 133 223 186 193 141 103 226 253 250
    146 115 72 5 157 18 216 13 248 239 101 203 63 7 61 185 180 194 237
    107 188 51 130 39 59 199 4 41 192 131 16 201 140 46 159 209 243 189
    165 150 219 128 1 237 163 150 222 70 66 15 228 184 180 76 198 96 119
    81 255 106 50 68 155 156 25 213 127 201 214 46 107 143 54 81 92 167
    88 102 96 20 148 230 74 37 137 172 70 158 149 131 92 213 150 106 166
    111 164 159 136 17 208 132 179 26 47 82 144 183 1 232 224 214 47 182
    193 32 18 96 245 94 138 123 238 205 148 105 34 184 209 96 74 163 38
    137 86 34 193 137 29 253 251 89 56 79 114 222 55 37 36 251 20 138 12
    18 228 83 88 220 189 16 129 90 162 222 178 126 82 201 182 48 234 57
    9 13 0 228 148 51 107 18 161 192 166 27 196 50 125 2 0 43 146 252
    243 148 192 251 212 237 216 83 94 44 191 5 229 254 16 116 50 35 42
    179 247 233 28 213 109 215 33 11 122 88 29 240 24 45 46 187 195 236
    253 108 21 215 138 44 238 246 219 52 132 254 216 160 243 42 165 232
    174 176 214 139 14 205 33 105 164 7 171 187 11 127 241 159 134 94 65
    69 158 16 47 170 159 57 78 67 187 120 127 188 106 122 244 199 100
    239 195 225 4 95 189 34 161 248 13 180 97 7 1 185 190 234 93 23 102
    115 155 195 139 184 117 14 39 253 218 230 221 151 18 215 19 180 180
    238 164 165 238 189 172 13 55 64 101 68 242 129 149 246 9 175 248 31
    109 53 188 37 101 17 215 30 158 104 147 164 225 43 1 92 21 71 250
    111 54 208 166 88 226 50 233 242 225 239 94 119 114 112 102 76 98 1
    76 41 135 27 181 146 75 35 253 122 236 39 66 152 73 129 93 114 182
    17 67 189 156 249 40 111 250 233 12 117 170 9 78 193 196 156 32 61 2
    98 149 47 159 84 129 234 83 74 12 54 197 90 13 115 162 4 132 11 15
    65 98 4 5 22 219 192 24 16 142 137 203 230 177 64 179 51 140 76 98
    154 65 149 7 180 156 107 184 63 51 116 201 24 71 178 37 30 130 183
    236 128 185 108 112 202 33 8 252 216 153 29 107 173 210 52 178 133
    84 251 59 59 8 11 219 61 119 76 59 208 43 133 39 102 232 213 140 125
    81 167 96 37 158 97 41 245 129 205 126 206 162 180 232 146 129 172
    13 231 33 111 115 74 40 143 169 189 110 82 6 62 21 251 28 111 58 105
    139 234 158 32 41 148 40 129 139 171 154 10 234 190 213 150 125 105
    12 67 201 223 78 11 10 25 27 253 247 13 43 66 126 252 78 233 165 174
    230 27 191 234 101 1 55 106 210 95 46 127 47 138 139 82 71 253 200
    52 234 247 80 54 99 244 206 84 249 183 160 153 55 247 240 247 91 169
    134 146 68 162 148 146 140 94 97 145 243 29 246 199 74 119 249 80
    213 54 254 111 154 59 19 212 5 226 76 0 183 231 74 3 37 96 220 102
    160 113 22 194 106 69 240 156 211 128 134 141 85 64 47 63 249 185
    225 115 31 250 72 11 193 31 148 175 43 94 129 247 209 70 80 49 251
    50 247 205 62 9 246 135 83 207 43 147 88 53 40 162 0 255 145 209 78
    16 144 3 22 32 90 56 125 52 204 70 242 166 174 245 241 117 151 237
    43 213 19 71 33 131 48 118 45 178 166 226 115 159 25 53 207 78 192
    124 103 25 108 94 245 2 94 255 79 246 171 194 225 121 11 56 9 144
    186 83 238 25 141 203 34 132 77 199 235 102 225 252 93 87 180 200
    163 89 240 33 8 240 202 255 109 182 161 107 176 53 188 50 10 120 204
    226 88 114 17 90 201 187 124 131 195 68 76 165 25 125 16 71 79 94
    119 200 211 205 124 0 137 233 202 25 166 32 109 171 162 109 192 215
    33 24 4 105 82 138 212 104 55 21 207 41 2 244 123 157 196 68 61 59
    120 142 239 102 77 254 109 50 205 68 104 18 241 1 8 194 216 215 56
    177 90 195 0 2 43 98 148 78 228 178 72 70 236 92 84 14 154 185 118
    241 86 20 53 67 203 218 64 98 178 28 70 172 225 28 235 182 125 183
    199 203 124 144 230 34 150 135 1 251 18 78 64 53 137 164 137 140 105
    227 91 33 189 160 167 13 53 165 145 34 82 184 220 185 118 144 154
    139 100 30 45 203 230 40 128 68 34 143 114 226 253 218 158 145 87
    113 190 246 249 4 228 2 218 18 97 171 145 166 136 18 30 14 160 173
    85 31 17 73 142 35 18 48 98 251 65 123 85 49 134 80 197 60 195 253
    169 126 177 132 177 69 149 172 162 249 3 151 88 189 234 117 172 171
    125 205 136 210 248 241 11 113 223 3 59 161 203 243 77 136 148 30
    161 187 223 177 183 13 147 186 201 22 146 124 130 70 232 100 76 101
    33 135 121 89 8 33 91 25 190 68 17 115 168 184 154 63 236 102 97 242
    201 235 92 84 76 80 81 228 228 110 189 17 9 207 203 250 66 121 113
    89 83 204 196 26 62 39 221 45 38 201 7 35 171 38 235 221 2 219 48
    233 66 20 75 173 251 97 35 156 243 136 22 181 134 66 13 125 130 22
    211 225 42 246 52 103 194 67 150 162 3 136 229 118 163 76 247 102
    157 211 180 223 17 12 98 58 182 156 156 123 132 241 31 126 85 206
    255 14 242 26 2 28 24 42 154 8 101 230 93 171 253 136 246 148 123
    150 11 157 208 40 94 94 131 36 240 60 86 171 63 127 103 173 0 77 231
    202 211 52 247 250 65 249 196 147 164 126 114 52 132 198 25 237 78
    180 30 40 110 226 10 247 187 53 57 80 70 207 110 201 230 115 129 216
    250 177 207 157 169 165 105 74 47 27 208 216 27 2 94 115 123 207 96
    91 157 78 41 169 78 50 67 94 208 7 80 64 221 45 190 61 199 181 234
    148 228 148 79 85 96 60 52 48 148 179 189 67 198 201 5 194 151 255
    171 138 218 6 222 216 24 136 113 187 29 98 69 202 110 113 142 174
    172 68 165 37 49 105 156 145 173 123 90 172 124 79 35 78 154 99 196
    11 240 255 219 102 191 249 10 160 85 54 194 96 225 64 182 52 167 165
    104 215 158 169 92 161 188 112 251 193 228 211 40 75 11 16 193 122
    211 10 86 88 201 113 130 66 176 102 57 25 240 232 194 52 189 195 55
    91 107 158 140 151 208 44 139 73 212 239 233 203 101 99 95 27 189 14
    194 8 189 217 85 54 206 193 143 8 33 219 242 99 186 180 166 191 250
    0 25 255 3 171 185 201 232 57 127 163 119 203 18 90 79 179 63 194
    170 16 158 56 44 51 210 220 170 40 187 88 95 163 1 96 126 102 170
    244 187 22 102 26 47 220 13 48 50 54 219 13 66 199 108 69 99 25 252
    205 134 216 89 244 142 128 247 42 243 121 71 132 144 36 107 99 135
    28 9 81 134 187 4 222 118 9 67 197 84 143 156 28 67 222 128 14 17 88
    56 29 78 114 129 32 136 114 202 33 122 132 48 171 156 215 234 93 153
    35 243 81 250 80 253 143 202 172 51 3 98 235 45 221 44 242 10 70 157
    185 99 7 136 233 59 228 134 39 73 85 130 234 112 6 94 107 203 227 33
    135 216 18 125 129 187 142 94 211 111 30 122 152 166 13 211 0 3 201
    59 102 153 172 155 125 248 35 158 48 204 56 236 161 138 88 138 118
    48 194 159 56 142 133 25 187 227 234 127 210 233 2 33 28 145 66 225
    24 126 158 128 10 120 76 115 79 241 151 202 204 154 128 6 130 75 140
    121 52 107 250 139 186 77 231 134 230 55 155 144 101 155 25 193 61
    77 45 20 238 57 231 35 20 47 146 183 177 118 167 204 131 39 3 33 125
    27 25 234 181 164 98 214 113 183 25 73 49 130 165 57 60 12 194 10
    128 74 250 208 196 14 133 84 69 150 202 14 114 97 247 16 155 207 190
    205 229 230 85 35 158 94 132 11 170 195 232 30 85 120 195 26 28 183
    15 182 31 248 68 122 230 251 210 58 161 223 210 39 255 243 97 84 231
    73 142 103 37 1 208 91 30 214 23 139 253 51 38 193 252 102 189 187
    85 79 138 199 84 240 13 220 94 68 167 66 14 3 127 2 187 19 57 200
    124 191 76 234 118 77 185 214 164 5 112 79 31 82 35 128 250 98 204
    52 150 125 10 34 120 252 22 206 25 220 18 115 241 143 218 243 203
    149 25 96 128 119 90 23 151 191 111 171 246 76 67 110 9 216 44 60 33
    107 111 254 227 73 65 150 128 155 183 43 199 6 131 140 131 234 26
    198 73 139 60 76 77 204 76 35 86 73 226 60 213 66 152 97 155 69 64
    183 6 84 54 171 96 61 203 225 193 139 83 43 94 228 194 55 98 239 18
    249 151 219 128 28 210 252 164 53 172 249 136 169 254 97 64 221 22
    186 81 92 59 238 30 40 104 39 97 169 251 167 136 201 106 175 81 219
    120 33 139 198 146 38 150 224 45 233 61 133 246 147 115 249 72 225
    122 171 25 96 137 90 205 235 247 45 240 252 29 163 154 63 160 227
    136 122 238 81 109 251 230 48 89 73 135 3 207 39 249 232 204 137 125
    203 250 83 80 234 224 245 118 215 133 16 19 209 5 172 205 67 199 227
    135 39 68 227 29 48 13 155 31 100 164 243 13 17 32 89 55 70 79 152
    10 37 54 129 216 210 152 93 162 54 246 97 103 1 96 199 112 169 162
    105 126 77 199 251 246 124 50 113 34 110 253 246 154 99 160 31 161
    28 49 229 124 150 71 20 85 40 194 128 145 209 195 117 84 59 60 219
    12 169 42 71 149 224 150 85 158 87 108 146 250 224 254 144 244 173
    120 86 76 248 162 199 163 104 241 224 62 110 153 142 57 216 3 243
    243 110 19 243 235 51 31 164 124 235 215 212 80 4 43 131 187 250 110
    32 209 66 131 138 235 249 217 52 204 24 80 11 43 28 44 88 202 31 43
    34 37 236 48 219 18 197 120 145 78 83 233 38 246 110 151 93 201 34
    25 252 209 246 167 51 148 60 232 34 53 27 3 167 105 46 137 229 213
    199 25 202 215 231 73 65 133 55 111 59 61 93 219 21 136 176 69 243
    19 105 167 186 5 51 82 161 31 174 250 164 114 144 100 225 166 108
    211 77 93 171 177 52 7 191 144 83 100 85 89 59 234 235 39 18 207 241
    237 29 122 170 90 75 39 194 131 66 35 40 230 101 156 54 160 5 10 168
    148 32 230 7 181 210 245 84 82 30 74 156 176 18 48 253 243 74 249 43
    97 41 11 239 194 132 243 248 227 53 102 105 184 112 27 193 82 172 38
    139 220 214 150 247 225 99 15 136 215 87 176 192 149 44 181 34 220
    231 214 118 204 61 219 16 114 235 231 185 203 216 130 100 3 173 46
    61 57 144 239 77 253 10 125 161 180 164 248 193 236 41 77 64 2 206
    102 7 143 126 135 236 81 171 154 87 158 215 151 194 23 13 38 199 109
    175 232 187 89 45 223 215 97 33 96 212 40 120 222 120 184 223 241
    224 25 87 116 22 65 21 131 95 60 59 28 181 36 39 101 14 206 164 146
    223 109 168 29 158 126 38 235 136 142 28 104 107 173 187 211 144 152
    175 147 185 226 157 133 95 19 150 217 229 135 77 215 210 32 239 128
    58 233 126 215 202 30 116 145 110 159 31 171 249 69 2 67 41 8 94 149
    223 247 229 45 139 255 143 82 232 225 41 161 255 123 39 38 119 239
    135 234 63 18 51 22 161 213 251 6 32 148 153 73 225 218 237 190 141
    144 173 141 242 222 134 139 3 132 109 114 68 133 94 190 195 237 236
    23 161 102 203 178 47 184 116 245 123 175 187 66 235 68 124 117 47
    234 12 132 162 204 143 194 117 217 171 1 120 56 69 30 74 129 177 26
    87 56 127 78 168 105 13 131 209 198 216 90 133 8 223 69 75 67 213 67
    26 255 144 154 238 105 126 85 232 233 91 113 222 124 11 156 190 214
    75 194 149 161 21 107 175 130 105 100 31 64 145 210 159 145 120 150
    137 6 88 43 79 75 152 161 217 127 139 111 109 117 254 152 152 127 87
    75 129 39 135 2 84 217 92 87 202 135 203 47 19 0 228 2 222 90 245
    227 248 253 40 57 73 245 230 178 22 173 69 154 135 78 142 142 200
    248 191 74 15 56 42 172 193 120 129 169 215 225 51 7 210 92 165 216
    138 225 4 184 209 3 117 22 13 68 237 59 177 154 143 133 105 46 26
    132 248 154 83 238 50 8 84 135 219 168 221 35 136 51 21 88 81 56 1
    53 97 223 44 52 39 139 104 136 38 232 22 251 201 208 76 32 134 63
    177 4 230 182 201 75 245 245 194 206 182 135 132 161 89 191 242 13
    13 70 2 87 3 97 231 41 51 178 170 57 32 53 196 174 50 23 1 255 80
    151 202 48 133 11 102 244 131 57 124 223 240 70 84 193 31 67 129 242
    119 31 28 190 77 132 182 62 246 66 152 231 244 22 50 245 119 26 118
    217 18 74 231 227 137 28 252 213 50 150 153 117 109 107 228 50 14 65
    84 204 132 214 62 84 246 163 9 8 123 69 4 6 32 156 25 44 240 25 22
    18 252 141 184 77 104 227 171 138 24 34 158 229 47 119 189 73 157
    224 184 225 191 74 58 246 224 197 18 113 196 202 38 78 183 230 207
    65 92 182 41 83 185 102 156 161 83 142 1 156 196 47 62 189 69 204
    106 169 124 195 168 191 142 255 253 159 154 215 140 167 253 166 236
    220 58 74 143 248 190 73 207 105 193 182 103 114 237 200 211 235 21
    77 61 150 210 176 14 200 22 180 82 4 43 79 73 138 42 233 64 232 223
    155 35 196 106 183 196 179 201 55 230 169 126 253 90 203 89 184 88
    56 29 30 219 221 90 74 251 30 113 233 218 182 69 237 173 213 116 76
    217 136 219 62 207 96 10 138 0 18 189 255 189 239 52 15 74 240 72 32
    13 13 187 88 186 48 220 186 68 2 67 247 86 246 109 182 180 4 127 133
    79 125 251 142 140 140 45 183 17 170 60 134 229 178 243 183 143 141
    58 206 7 118 154 195 154 26 98 251 10 169 178 59 143 192 148 169 104
    174 91 75 209 31 17 182 214 138 123 81 213 217 187 32 191 188 2 47
    97 82 216 127 127 5 196 17 118 139 2 94 12 96 76 91 145 34 62 184
    211 4 3 140 76 153 146 237 141 248 123 218 0 20 10 35 210 249 254 3
    158 104 58 207 122 47 127 129 168 237 77 230 244 134 222 219 9 38 66
    26 234 250 183 132 109 224 68 222 243 2 1 165 216 216 132 207 97 214
    53 184 213 246 28 135 132 199 162 67 173 90 5 20 68 226 111 4 144 71
    5 19 18 248 158 233 175 121 4 41 168 70 216 177 106 56 228 224 157
    191 70 73 244 248 148 82 235 246 164 29 224 211 129 135 110 119 224
    192 236 134 109 206 198 190 145 250 65 61 95 177 40 195 98 192 246
    69 44 40 103 45 226 242 60 113 178 15 244 223 13 136 55 220 106 58
    39 0 206 152 193 18 90 172 127 196 113 186 249 184 209 81 54 229 204
    190 145 67 70 184 243 114 148 48 136 40 191 178 255 3 184 208 107 54
    210 1 22 115 252 51 4 25 140 76 226 244 138 101 39 163 249 49 60 54
    233 206 42 136 79 238 158 183 190 11 218 83 111 93 224 62 208 145
    134 16 46 14 206 78 144 204 224 224 142 206 190 219 9 112 88 158 108
    28 22 130 199 193 251 217 19 40 228 213 192 198 119 174 56 0 52 219
    179 229 20 163 206 216 66 55 206 193 74 139 232 172 38 209 24 98 139
    244 223 93 26 163 166 123 89 160 3 244 83 186 245 20 224 78 180 7
    214 241 254 132 31 201 157 164 174 192 137 122 38 110 88 169 115 201
    58 50 122 240 183 81 210 245 233 225 11 61 32 139 139 57 165 111 83
    174 211 153 215 156 95 153 225 108 119 109 152 221 222 205 39 60 245
    108 175 78 19 117 157 76 232 88 103 102 222 178 206 226 217 79 46 67
    94 111 7 67 106 51 163 55 202 204 87 225 98 254 73 13 1 176 230 134
    211 59 53 208 180 208 244 91 163 226 120 202 95 210 166 175 88 50
    151 241 62 25 93 54 222 64 238 80 18 9 190 135 124 41 215 196 233 71
    152 190 100 23 250 126 200 76 63 7 37 15 132 227 53 4 38 142 66 237
    199 126 1 209 165 33 34 159 125 82 160 84 113 7 61 77 133 65 34 61
    78 61 78 229 153 225 61 24 85 141 172 123 122 87 210 198 253 96 255
    74 79 160 139 103 232 199 157 78 200 109 249 108 183 242 166 199 10
    222 23 201 216 180 221 43 54 130 193 247 213 155 189 8 239 67 87 76
    88 237 248 2 66 190 49 84 234 214 164 75 68 236 199 152 175 241 67
    150 6 159 86 187 56 143 18 85 9 141 142 180 147 8 210 237 77 252 200
    182 2 253 252 114 172 158 119 56 145 68 222 146 169 157 163 63 139
    51 95 213 12 7 146 187 96 249 74 247 20 198 225 187 124 85 37 181
    251 135 57 99 227 101 67 110 37 17 30 186 100 146 213 96 235 153 11
    251 4 196 181 49 62 154 84 76 71 101 106 232 139 69 208 55 164 22
    157 95 160 227 95 36 213 158 221 225 128 121 197 24 202 221 57 23
    199 55 195 165 219 241 176 144 194 76 20 98 102 67 135 14 73 7 143
    165 13 38 117 88 208 16 9 88 10 124 210 234 247 74 5 30 117 127 177
    214 28 201 32 218 78 203 34 161 84 224 178 43 35 218 170 18 157 41 5
    142 184 121 8 243 182 19 103 131 34 138 28 20 161 239 82 64 233 63 8
    154 137 223 192 229 226 215 15 224 186 144 132 208 252 104 50 16 88
    155 201 224 208 241 79 73 49 217 205 163 53 8 47 51 129 202 229 43
    94 8 171 147 97 40 158 50 29 87 220 154 193 93 132 251 16 25 24 164
    84 172 120 89 250 48 39 145 5 166 193 103 113 83 193 48 11 63 62 16
    180 18 204 15 181 169 64 147 133 59 4 237 122 220 180 241 41 148 48
    186 53 179 171 39 151 168 154 25 28 35 222 186 97 93 249 16 195 159
    238 192 3 109 141 26 64 91 130 49 47 229 224 230 119 171 253 27 86
    192 99 139 185 113 149 197 6 34 131 62 159 88 91 22 161 118 150 70
    69 236 13 49 244 38 88 142 210 131 31 204 179 0 236 147 107 82 123
    101 42 218 118 39 24 92 193 67 205 201 87 124 5 65 159 81 102 78 44
    23 190 254 76 116 61 22 192 40 27 216 228 225 162 14 172 208 99 216
    76 21 30 22 102 127 243 46 148 10 84 63 73 41 83 33 72 240 150 148
    42 11 218 46 11 177 66 38 8 0 54 176 9 45 49 171 215 46 109 44 92 0
    76 106 7 93 212 236 114 73 18 116 117 82 212 3 33 236 135 85 231 158
    117 255 79 100 213 172 204 170 74 117 134 20 197 196 114 255 89 53
    246 180 42 239 220 152 236 231 239 163 107 52 95 117 81 109 75 148
    200 226 248 198 165 253 113 36 94 23 24 134 139 183 115 129 223 118
    189 35 20 9 200 112 100 123 231 129 143 51 188 66 88 186 115 25 133
    39 244 27 11 100 59 45 157 155 210 29 42 135 231 43 194 238 145 80
    123 131 89 113 47 6 190 220 22 51 76 151 3 63 52 25 229 230 220 44
    153 110 183 23 166 5 64 84 240 80 246 54 51 219 174 35 72 131 114
    146 255 50 144 50 250 204 30 224 55 230 6 125 1 152 42 86 33 247 238
    175 92 3 149 101 223 196 93 54 240 111 46 64 52 124 226 183 186 214
    233 243 118 65 67 175 137 29 130 51 32 175 44 251 207 4 75 98 232
    183 76 132 54 234 134 55 85 28 109 203 229 108 251 170 241 225 141
    82 238 237 7 208 8 57 242 158 61 131 55 116 188 185 16 0 27 131 113
    190 32 200 215 193 222 79 95 253 163 1 55 53 56 43 152 158 230 206
    10 33 168 181 211 204 112 183 231 115 178 73 45 142 134 227 119 20
    199 200 132 129 156 2 167 173 97 34 133 160 153 164 194 215 37 81
    145 8 70 118 99 41 108 150 40 8 73 62 120 208 183 0 169 184 186 230
    17 209 253 98 196 193 176 208 243 194 16 113 112 126 55 18 26 124 68
    55 53 44 187 112 135 64 11 56 198 246 238 160 178 252 214 115 21 13
    252 229 87 149 103 117 19 153 58 140 84 190 2 169 62 104 93 104 221
    141 28 142 251 85 145 254 61 70 129 0 238 40 21 91 90 255 182 96 156
    212 94 235 234 219 25 174 128 58 226 127 195 241 201 137 112 173 97
    93 150 214 16 32 11 35 28 61 220 223 115 171 27 54 127 244 195 66
    204 221 237 202 224 234 2 96 169 122 218 114 0 191 169 62 7 141 222
    135 82 44 184 24 40 174 68 12 99 207 216 189 58 245 237 63 249 12
    128 198 149 38 74 237 177 83 249 136 87 78 196 187 211 39 51 84 22
    209 103 253 154 20 250 33 39 173 93 65 44 134 42 77 205 48 195 89 78
    124 198 226 21 86 16 28 210 234 0 205 121 40 189 177 190 5 157 12
    242 244 119 93 138 100 50 206 92 165 114 83 42 233 4 50 85 19 158 60
    194 196 18 202 168 218 88 189 247 185 83 21 152 190 149 249 242 157
    164 228 127 158 23 216 240 99 48 122 85 26 38 102 81 8 20 3 146 218
    252 196 225 42 81 183 246 105 37 209 11 75 190 184 51 55 249 184 254
    247 199 74 74 36 152 11 71 69 180 48 219 107 140 125 223 153 81 23
    83 94 81 215 104 155 177 149 195 109 109 87 202 209 222 55 250 247
    82 255 114 14 215 123 224 62 162 246 148 20 222 81 9 72 56 116 157
    180 168 15 187 17 198 213 217 81 204 134 25 237 85 115 179 61 234
    207 114 110 231 187 78 205 108 62 177 232 13 80 187 101 159 121 30
    150 55 227 0 255 139 214 2 18 107 34 145 56 176 238 198 135 209 253
    61 176 224 18 173 77 19 14 23 71 172 203 87 219 135 104 117 137 11
    167 238 27 196 141 236 170 4 114 98 6 213 123 171 230 120 40 50 43
    23 58 211 42 41 115 67 25 109 149 201 74 49 150 251 86 54 158 125
    103 44 83 186 50 240 148 160 133 109 177 31 170 193 187 65 170 9 204
    164 227 72 73 168 50 25 184 97 180 251 109 73 141 251 176 22 210 20
    25 27 58 24 183 103 23 98 18 28 141 199 226 4 235 20 243 178 49 153
    39 209 58 186 96 84 85 218 227 130 45 255 18 159 250 130 108 114 47
    150 171 116 177 126 78 214 196 130 193 208 157 2 46 219 50 248 224
    225 154 223 157 43 53 40 147 211 105 206 162 147 30 157 48 11 81 3
    53 134 170 81 35 18 210 132 240 168 6 27 7 206 115 53 7 230 32 117
    10 29 204 227 163 223 62 28 220 232 243 56 165 19 28 22 22 247 134
    157 90 213 173 140 9 228 51 2 62 159 216 133 244 2 112 66 227 119 91
    133 255 109 57 62 52 138 218 62 204 140 30 151 243 169 203 58 223
    159 5 220 55 87 240 93 135 154 2 49 65 85 45 22 215 31 67 136 185
    203 89 123 78 68 244 105 57 93 196 112 128 141 126 231 66 45 132 59
    92 53 100 100 254 113 231 39 29 157 251 142 245 113 107 204 2 90 54
    119 0 254 166 137 177 23 90 234 83 59 185 208 7 184 219 173 20 5 224
    158 100 213 58 31 108 93 126 246 128 36 237 58 246 95 232 236 32 52
    222 68 13 47 114 88 85 45 163 11 56 40 151 100 195 47 134 147 177
    157 62 178 71 33 11 3 232 140 159 17 56 194 196 211 197 43 170 121
    49 240 104 250 67 79 6 103 1 171 54 211 60 176 106 213 43 88 231 227
    58 69 171 135 200 173 188 158 131 164 90 50 80 44 84 3 73 242 240 70
    200 15 77 78 68 241 31 195 51 195 54 133 17 155 100 144 199 170 215
    222 102 157 160 76 51 107 232 126 165 122 100 234 150 45 6 133 20 42
    20 1 238 76 250 18 113 216 36 9 225 84 90 105 18 73 151 240 234 104
    194 184 60 184 14 209 77 123 192 5 253 157 224 99 237 230 181 194 57
    0 150 192 7 123 201 138 233 130 236 31 144 196 201 43 0 100 74 187 3
    54 10 220 193 181 164 115 129 28 152 190 99 50 218 176 166 205 49 81
    106 101 210 133 8 78 66 139 27 25 129 138 215 34 112 50 19 221 18
    183 154 26 209 114 166 50 226 198 34 44 157 244 0 63 111 227 17 74
    234 85 16 141 134 132 70 240 14 192 197 157 61 185 112 95 36 118 11
    153 133 94 139 184 172 31 35 202 250 117 231 152 75 93 52 120 86 188
    218 35 33 27 27 27 113 153 112 82 218 169 212 24 196 110 149 130 36
    74 252 29 1 234 3 90 141 91 248 178 252 46 24 128 228 50 174 184 238
    77 207 118 234 144 228 63 158 101 196 175 134 80 207 32 2 191 168
    191 204 49 196 207 174 195 250 151 179 112 195 106 17 47 165 119 62
    46 94 2 245 109 215 104 118 221 134 209 180 240 157 140 210 138 187
    249 167 116 12 106 198 167 221 100 214 114 26 41 118 242 234 201 68
    231 214 225 121 238 93 123 6 55 171 231 25 3 19 21 11 4 191 8 68 12
    43 241 246 252 163 254 98 110 162 215 193 31 20 78 223 159 170 110
    162 79 21 250 1 116 207 246 45 124 184 84 173 85 163 189 59 242 61
    146 221 118 130 39 30 84 67 229 182 14 219 231 220 242 90 146 116 47
    114 168 206 14 72 88 73 145 148 40 21 146 143 216 211 204 158 109
    223 77 87 83 160 66 180 160 106 176 255 178 55 77 34 149 57 78 80 13
    43 65 8 156 95 68 4 8 61 10 75 105 197 27 173 198 208 8 22 200 125
    172 29 194 64 247 166 91 0 56 32 187 18 161 202 229 70 204 23 31 138
    62 252 94 43 144 38 116 22 36 243 241 242 8 128 28 218 98 163 46 184
    65 229 160 51 141 224 138 82 43 243 6 251 82 26 239 77 153 160 31 96
    120 94 145 5 61 137 244 75 212 39 9 108 203 61 150 57 144 137 124
    159 189 221 87 246 254 226 89 222 168 53 175 77 155 50 142 150 53
    227 153 198 85 103 234 24 34 41 159 37 194 0 167 44 38 142 10 152
    151 22 9 252 5 38 176 198 210 160 55 9 65 85 183 163 151 163 16 71
    241 236 212 94 123 43 43 24 110 4 187 218 100 132 134 156 215 44 43
    107 80 247 184 202 166 245 121 55 4 44 50 93 155 38 195 245 24 33 18
    20 113 122 187 30 180 3 242 96 172 251 251 199 94 205 129 47 220 255
    140 105 222 148 169 235 17 101 46 226 200 39 155 2 165 216 254 127
    45 57 222 184 221 53 252 78 59 159 86 171 28 236 18 213 243 99 22
    133 80 247 242 170 243 61 224 128 1 24 74 13 25 120 101 137 155 109
    114 110 134 138 60 55 78 110 3 228 130 204 140 38 254 10 176 21 155
    153 4 215 106 218 193 55 67 56 161 101 124 181 156 71 87 99 95 146
    123 17 255 154 36 230 238 180 19 99 126 141 123 115 97 224 160 140
    241 143 233 84 199 125 119 16 140 40 159 232 23 143 81 77 87 68 194
    239 0 120 103 226 196 63 242 75 246 148 231 18 98 111 214 141 112 70
    230 226 235 234 86 73 222 80 26 206 3 95 13 120 171 101 221 237 117
    199 118 10 146 105 58 172 53 62 47 198 88 40 245 80 0 114 4 230 188
    254 195 16 221 233 123 34 33 159 236 249 173 142 87 135 213 149 134
    204 114 142 220 195 217 171 22 54 134 202 172 33 56 22 127 254 238
    64 254 238 141 180 102 42 113 16 74 78 1 86 45 96 123 225 49 184 124
    27 174 126 208 244 143 221 155 8 84 141 92 152 155 33 74 238 175 163
    200 250 210 226 70 26 44 137 90 165 16 141 228 243 194 88 195 192
    213 73 52 199 244 57 240 62 254 153 3 192 136 139 59 23 170 19 244
    191 116 242 128 128 232 78 124 167 99 137 19 69 178 139 171 154 148
    82 131 117 42 241 120 168 107 250 70 213 191 9 81 179 8 208 193 148
    18 32 224 98 123 205 214 109 72 50 1 117 58 24 185 146 137 129 85
    231 34 174 109 65 91 16 82 163 141 72 95 139 187 76 218 91 245 32 95
    147 41 65 211 88 244 11 115 122 2 121 76 237 87 69 4 6 64 49 129 33
    14 77 173 105 3 224 128 204 75 246 224 66 198 145 147 138 73 161 243
    96 68 246 59 240 93 240 83 107 230 236 19 207 4 23 18 80 171 5 102
    114 104 179 231 70 235 98 245 180 110 194 109 59 133 168 6 221 141
    15 202 191 232 79 240 227 13 19 93 250 61 3 61 235 154 223 109 159
    45 164 198 210 23 187 236 166 95 211 166 48 203 168 129 24 147 193
    121 122 166 21 142 1 91 81 138 156 24 102 196 201 89 6 220 204 197
    226 155 162 63 234 235 15 107 202 253 37 83 197 246 40 125 18 55 36
    158 67 201 130 165 15 3 200 19 199 153 47 8 157 159 123 109 252 22
    33 125 63 56 93 225 71 153 60 51 100 141 167 202 33 150 132 147 229
    30 224 183 21 188 27 220 10 29 75 166 147 94 17 54 178 123 175 35
    196 225 236 86 122 115 102 146 102 177 249 69 180 223 108 81 104 144
    234 249 17 126 143 17 248 156 227 157 236 100 167 34 97 205 192 37
    41 71 110 173 157 194 134 203 77 23 87 181 113 161 185 220 147 70 87
    75 55 22 235 77 37 87 94 253 246 190 12 247 68 184 148 216 93 3 95
    33 136 203 235 201 221 217 191 9 243 101 240 11 137 57 18 247 228 17
    65 159 182 179 40 153 17 223 78 221 7 164 12 23 102 81 65 198 234
    147 123 239 196 162 221 251 2 43 17 99 190 134 8 252 163 230 67 189
    128 181 91 69 93 59 206 142 221 76 40 76 36 157 42 28 64 245 36 106
    29 150 89 230 224 41 158 20 86 21 223 37 212 106 31 100 128 165 111
    222 244 48 244 248 99 129 55 108 179 138 251 97 221 52 116 13 207
    120 98 240 25 173 141 200 61 88 187 89 135 241 238 133 147 89 249 49
    87 252 110 86 223 110 202 221 234 124 122 151 43 101 192 141 112 191
    28 17 146 69 45 239 218 67 50 121 149 8 201 246 207 168 93 76 89 128
    49 54 155 18 134 90 138 10 33 83 110 19 28 166 204 227 74 1 247 29
    77 83 66 143 163 188 207 115 207 32 25 187 193 64 234 17 228 213 30
    231 55 229 102 136 91 82 81 175 179 220 176 60 157 8 81 38 241 105
    252 70 134 83 75 18 114 47 14 123 251 112 178 121 221 176 194 47 20
    95 102 60 130 225 0 231 190 53 206 6 120 160 154 44 34 32 58 78 23
    62 81 140 152 255 179 193 93 54 89 219 121 108 59 70 53 196 192 119
    243 29 142 30 86 137 15 98 43 221 130 16 124 153 80 181 177 207 7 54
    149 137 1 102 217 240 83 252 153 18 189 49 147 176 234 207 136 57
    220 237 143 173 240 38 138 81 94 189 210 89 240 197 170 250 111 240
    97 98 23 210 50 94 252 86 75 176 81 104 241 232 44 9 169 67 78 234
    221 198 181 210 21 17 154 114 185 14 31 103 7 191 144 80 19 202 63
    78 151 105 112 42 161 176 67 177 169 145 185 178 242 130 16 251 95
    185 38 136 194 35 10 229 92 165 254 30 87 146 163 95 64 185 114 103
    133 32 157 91 233 116 194 148 183 146 252 216 207 182 228 25 82 153
    252 204 154 173 114 245 2 204 74 159 111 156 82 56 1 240 129 199 180
    188 192 73 178 65 68 252 185 96 101 34 67 232 132 134 147 181 218
    216 126 0 98 166 138 80 80 103 91 166 150 59 80 19 204 18 105 99 233
    33 78 215 160 213 231 16 160 56 212 179 203 220 244 23 149 62 74 77
    62 53 0 145 56 30 206 51 234 240 32 248 46 104 70 154 72 53 249 100
    192 84 169 195 130 251 141 93 140 149 137 34 65 177 97 86 162 229
    217 223 128 165 242 200 174 122 13 67 149 230 166 88 237 73 97 89 1
    45 174 60 45 134 32 28 178 102 19 133 210 81 141 132 242 38 227 231
    198 212 6 109 19 90 36 244 186 122 167 148 236 99 134 227 214 56 31
    163 65 129 127 155 100 210 36 199 168 233 50 66 124 19 206 71 87 109
    75 171 196 84 69 82 105 151 212 104 28 14 122 153 165 72 197 48 135
    227 59 128 17 74 216 32 110 60 160 27 252 143 140 154 129 37 250 14
    232 201 227 26 192 164 152 162 142 3 0 7 158 47 254 84 84 181 3 109
    216 218 91 3 48 170 22 44 201 6 197 225 90 222 137 145 235 66 116
    195 209 22 98 69 56 189 159 119 70 64 122 134 161 242 219 156 170
    119 114 95 128 84 177 185 5 83 169 252 136 241 4 84 40 159 19 87 69
    71 162 57 101 9 82 184 56 231 148 76 201 204 192 108 30 241 115 54
    20 185 157 198 246 195 117 225 142 194 133 163 151 108 180 18 242 2
    196 11 151 144 185 126 138 215 187 158 39 238 137 13 247 168 2 220
    138 23 92 137 216 86 2 75 12 38 8 250 49 247 184 48 130 104 86 174
    234 154 7 17 24 107 217 19 121 12 84 134 168 209 33 29 76 215 0 18
    171 198 62 191 107 41 210 92 19 42 3 121 127 145 20 16 81 211 171
    224 101 124 245 193 220 0 107 209 141 243 188 161 177 141 87 182 237
    19 157 238 156 101 252 64 94 140 238 45 93 111 192 229 22 200 2 17
    252 161 177 41 242 175 23 96 56 221 243 206 163 9 10 114 192 229 234
    101 109 47 220 202 16 204 152 185 60 177 137 211 111 26 169 244 193
    185 70 202 106 74 88 220 192 127 118 132 144 84 244 69 203 149 34 8
    11 95 18 122 51 124 17 243 207 152 163 176 190 36 34 57 14 34 151 53
    166 247 235 178 102 140 206 51 47 211 247 240 184 88 39 243 251 93
    204 181 129 15 227 86 182 124 231 172 159 187 80 155 226 225 129 37
    139 227 167 206 186 192 33 203 246 68 5 99 53 210 100 245 123 84 75
    6 49 76 216 64 187 117 19 108 110 130 48 31 243 62 53 12 218 37 120
    21 83 99 209 217 200 175 213 105 212 252 195 154 26 19 59 213 12 252
    43 166 1 131 234 245 82 66 53 34 247 95 96 159 61 85 213 133 185 190
    219 102 20 204 165 168 106 13 16 177 227 227 112 192 80 20 26 213 31
    190 44 163 192 113 140 77 210 112 245 243 246 223 24 241 175 14 177
    99 50 11 117 108 82 251 224 17 208 196 84 102 224 128 242 199 220 29
    171 177 121 173 67 88 128 84 203 51 219 55 182 200 125 172 214 103
    124 76 124 96 242 157 164 45 119 15 161 29 212 101 209 179 92 83 118
    140 86 54 223 144 147 201 26 50 92 212 168 224 216 58 242 163 159 2
    59 169 65 216 109 186 18 167 5 151 91 15 11 88 57 169 54 57 227 42
    251 145 99 148 189 130 179 139 182 101 250 180 252 216 95 198 3 80
    43 6 168 65 189 86 31 5 28 130 242 1 209 137 165 5 164 158 21 161
    214 97 7 151 174 104 254 192 210 236 177 209 226 180 92 114 41 192
    136 144 228 124 164 248 161 80 253 122 243 82 207 132 134 16 62 166
    254 49 148 224 132 119 214 19 241 226 219 217 166 189 229 239 186
    143 109 134 86 129 68 22 145 187 54 3 111 71 243 0 193 136 143 61
    250 227 232 137 98 224 122 249 88 108 108 241 144 18 183 55 171 57
    225 244 69 135 53 185 185 201 216 254 24 35 155 90 77 196 170 98 61
    43 101 35 191 35 93 157 240 7 202 32 206 80 159 117 36 168 246 198
    101 243 147 219 129 199 178 73 48 96 207 233 167 194 147 199 49 249
    223 129 15 62 181 60 91 91 182 193 195 94 183 244 239 187 164 110
    240 255 59 188 200 202 172 117 87 255 235 200 228 37 124 173 19 6
    115 191 30 207 191 132 110 134 159 30 129 121 4 9 96 193 154 17 12
    63 50 40 178 97 94 53 242 71 64 55 248 10 164 92 148 73 66 55 158
    246 76 160 36 162 216 252 69 129 120 9 231 51 222 149 147 113 200 95
    175 166 65 46 63 21 249 27 253 62 78 218 149 134 205 124 141 187 111
    165 191 219 157 228 166 166 147 182 168 60 194 235 249 148 111 177
    127 167 221 218 98 175 191 48 80 171 170 245 15 101 224 112 150 233
    195 132 167 118 91 44 99 225 76 150 123 173 138 36 55 9 134 121 121
    5 197 68 167 241 110 231 234 233 145 116 20 105 43 28 101 14 75 144
    82 166 171 39 113 165 32 216 32 69 136 102 43 55 131 136 217 46 120
    178 6 170 151 182 61 148 55 29 15 132 146 230 44 9 209 206 232 102
    33 172 103 115 191 127 135 81 95 220 155 125 90 204 191 192 243 224
    120 167 58 74 109 200 185 229 165 46 146 4 52 125 31 231 246 190 224
    104 16 83 74 49 129 31 170 1 222 82 95 195 179 78 4 245 79 4 28 192
    45 143 204 219 38 180 185 63 144 82 106 72 128 151 80 1 42 89 117
    198 191 31 173 196 126 236 125 58 95 96 26 253 110 249 101 14 17 129
    243 230 247 247 145 121 244 72 86 96 180 183 132 235 53 58 241 120
    207 167 92 146 161 61 188 213 71 171 188 213 125 109 87 13 238 79
    200 45 11 41 62 137 222 62 103 84 211 129 16 71 53 150 159 213 100
    243 70 163 86 172 168 101 198 38 187 138 134 168 156 136 134 14 204
    186 229 249 9 29 128 64 134 10 79 225 183 211 43 152 166 165 253 32
    62 205 97 136 20 226 112 216 112 20 3 163 231 14 121 232 165 66 106
    246 156 63 246 215 35 196 143 96 36 57 128 92 39 86 154 128 56 145
    164 10 98 175 19 136 32 207 7 17 164 58 60 44 146 126 231 99 114 180
    208 45 176 33 222 184 196 231 113 22 122 208 148 137 1 58 57 128 217
    225 83 231 91 237 91 194 123 0 25 150 143 195 231 138 70 83 108 71
    245 60 92 131 136 192 186 106 226 254 153 4 152 178 178 204 136 20
    234 81 126 49 13 77 28 181 24 170 24 195 156 47 70 244 107 99 187 67
    20 189 249 40 106 108 122 87 159 78 135 72 53 209 165 222 151 180
    193 236 130 54 120 185 74 173 90 251 8 196 158 235 190 212 184 139
    142 238 187 62 47 226 7 237 116 154 45 189 73 56 233 78 228 114 74
    143 91 33 248 213 156 24 240 56 64 165 198 16 117 229 160 91 8 205
    20 173 164 168 236 91 28 4 169 36 69 3 57 71 116 159 5 158 72 244
    126 59 205 245 97 226 234 152 6 9 243 106 129 20 191 198 247 155 217
    19 109 238 83 88 149 48 142 64 159 178 169 36 62 50 111 74 104 105
    149 121 229 124 95 128 221 72 73 251 201 153 233 170 176 243 188 135
    119 51 171 125 188 175 128 147 243 136 29 96 120 130 243 215 207 233
    179 83 243 141 204 187 167 136 218 24 8 149 151 154 23 198 159 45 98
    193 106 47 179 135 80 214 242 174 167 126 164 127 149 24 39 54 97
    138 122 28 45 51 175 186 252 41 83 87 194 10 136 188 128 161 229 227
    214 71 191 41 126 114 233 116 189 214 226 61 250 147 201 133 143 136
    162 4 78 10 22 174 33 43 137 112 11 231 248 174 129 6 232 7 207 150
    255 68 140 172 233 53 40 145 55 210 20 220 109 96 103 54 44 149 145
    66 159 117 245 112 77 153 193 144 15 134 85 69 190 109 63 218 41 200
    232 98 245 40 58 176 7 88 81 44 113 31 213 76 219 179 68 203 47 52
    163 55 158 25 60 110 106 251 22 32 101 84 27 30 147 144 173 122 223
    108 15 3 241 1 140 95 221 249 126 213 238 131 160 99 50 16 228 205
    206 34 22 10 132 240 172 220 57 98 8 154 40 14 85 124 95 72 2 145
    117 191 5 220 87 215 172 211 104 26 204 55 26 26 11 41 106 157 8 184
    9 15 25 26 42 251 119 211 120 202 117 65 87 232 126 252 218 9 178
    165 130 38 67 228 138 71 47 237 135 187 210 180 249 15 250 98 54 214
    145 103 106 1 206 216 157 248 28 144 19 173 38 238 120 219 221 205 1
    106 2 0 229 108 247 196 60 39 36 5 237 50 90 181 39 240 134 28 55
    191 153 221 10 134 38 143 50 234 176 0 171 63 153 14 93 44 92 41 172
    197 204 83 97 197 224 227 24 88 62 175 159 228 98 191 177 52 87 173
    197 178 238 167 67 145 7 93 131 103 206 217 177 17 139 15 64 6 11 9
    225 144 171 54 14 151 222 35 69 14 146 108 175 193 252 54 155 157 31
    128 41 146 166 97 161 234 92 103 167 248 173 12 173 230 72 35 92 150
    236 250 166 207 62 142 113 161 238 181 16 19 128 32 34 39 188 173
    227 203 93 61 75 10 217 104 69 119 108 115 164 143 3 12 76 176 249
    129 165 179 72 177 246 228 244 149 30 103 144 228 66 0 81 199 111 4
    38 250 161 235 203 217 183 59 72 69 220 147 38 113 6 252 2 29 190
    141 199 140 135 22 128 185 40 67 116 163 172 27 61 83 160 178 235
    239 76 169 96 203 213 189 154 133 204 200 23 228 163 184 87 167 252
    195 32 171 10 134 92 88 133 55 219 141 0 29 115 40 157 159 69 197 52
    123 78 40 28 55 206 93 91 253 87 64 251 21 198 102 202 24 103 109
    177 109 252 81 160 178 237 178 90 177 61 46 71 78 167 44 168 186 30
    170 215 100 7 98 153 249 41 110 105 90 224 140 217 19 101 166 198
    234 162 57 54 220 60 121 240 148 183 254 149 155 101 142 211 156 206
    115 15 106 186 246 40 198 73 204 162 227 156 245 123 151 32 255 244
    72 76 239 0 244 163 36 7 175 208 201 44 114 23 148 181 155 153 86
    189 117 93 2 136 240 171 161 73 29 127 194 185 248 7 75 32 143 161
    45 49 68 75 196 250 107 158 50 74 106 209 190 16 198 148 121 243 10
    98 63 4 161 195 243 105 130 91 234 136 146 58 71 214 254 174 33 73
    23 31 73 210 1 217 116 179 129 196 165 60 86 241 106 55 1 240 94 254
    151 21 130 228 44 49 66 202 13 137 4 23 175 149 130 189 160 157 95
    91 181 117 214 13 167 216 11 34 175 58 195 15 206 223 102 55 10 112
    140 165 243 158 255 62 163 56 202 118 161 122 1 237 224 93 75 109
    154 104 51 106 202 182 87 95 246 90 207 183 40 68 69 109 210 132 38
    70 141 142 130 44 204 199 243 42 106 49 39 234 77 184 96 80 28 236
    15 97 137 166 195 123 141 241 225 144 222 36 244 138 84 12 236 134
    214 226 103 125 151 178 71 184 186 15 162 161 54 161 226 189 194 50
    57 168 252 145 189 214 44 56 1 99 223 6 214 153 187 51 231 223 37
    196 59 160 20 99 106 85 127 45 198 215 43 26 107 158 0 16 32 133 255
    154 15 35 219 176 101 21 29 102 66 249 195 3 248 183 79 153 215 223
    240 90 140 19 141 166 198 196 181 215 210 41 110 150 3 88 85 6 241
    144 251 98 33 27 84 80 231 8 226 174 20 12 4 133 176 122 86 197 8
    182 31 89 203 215 246 9 143 184 121 242 60 27 251 135 229 56 61 42
    188 181 156 175 222 145 160 120 59 216 155 110 204 174 51 106 150 20
    20 50 0 45 165 128 66 156 106 42 151 126 149 195 235 30 22 12 69 86
    80 8 197 121 51 131 65 211 164 223 237 189 91 238 254 30 58 248 180
    84 231 195 100 175 204 69 175 33 103 169 31 144 206 149 194 120 180
    223 252 240 194 192 201 22 193 49 219 50 190 171 101 13 61 31 118 92
    246 158 178 31 182 170 166 24 83 240 13 220 43 12 208 160 14 24 206
    56 192 183 189 2 128 37 206 232 193 110 182 13 170 79 53 49 35 251 5
    226 178 44 175 9 40 87 28 106 184 248 11 87 165 153 212 227 3 246
    188 25 108 35 48 100 1 148 29 248 245 155 202 230 55 237 30 8 98 245
    71 207 98 116 178 71 113 122 25 45 209 28 174 124 127 204 28 239 245
    164 93 78 69 75 157 30 221 190 57 176 26 225 35 101 77 108 189 19 9
    207 78 167 133 245 127 193 225 203 234 240 252 216 6 22 87 10 209
    241 207 34 239 49 25 203 60 113 222 160 125 82 49 17 143 226 149 191
    73 48 85 204 85 193 191 64 29 139 81 97 170 113 232 232 31 70 62 4
    162 147 8 107 58 203 104 200 205 45 192 245 52 53 2 139 197 53 196
    174 143 215 188 78 147 18 103 88 128 2 189 150 143 86 147 238 214 27
    152 179 197 166 184 231 147 133 87 6 100 82 244 63 77 63 42 40 177
    197 24 82 44 11 237 14 23 199 4 240 212 0 80 142 46 19 94 252 88 71
    106 15 206 112 31 119 72 216 126 49 234 62 212 105 7 22 52 146 101
    98 230 116 170 143 174 69 226 123 146 182 235 152 209 119 223 246 50
    183 201 152 135 26 109 110 127 124 231 100 59 3 134 140 234 45 218
    165 157 231 33 95 120 48 92 140 54 179 32 172 13 242 250 80 194 199
    133 5 39 251 190 90 25 220 137 2 99 191 166 35 255 240 89 228 49 100
    9 45 219 136 155 97 90 73 145 247 33 131 215 118 225 237 81 41 214
    129 206 65 244 109 2 218 150 0 122 35 81 93 80 217 123 241 143 34 14
    169 2 108 71 5 113 139 252 251 170 164 183 79 92 56 11 76 38 108 45
    155 67 158 176 87 153 132 17 43 175 40 166 163 67 230 13 91 59 100
    197 31 5 190 73 190 41 114 103 173 114 222 205 79 151 236 69 145 238
    212 197 133 231 16 132 62 189 195 67 246 113 39 122 83 252 220 163
    155 105 23 211 69 184 204 16 110 212 239 208 176 81 225 207 132 82
    80 166 42 5 30 135 176 111 200 121 138 246 91 196 7 83 253 13 181
    168 35 120 66 117 190 101 68 101 135 224 123 243 216 79 23 214 161
    241 13 51 52 75 55 161 75 50 140 193 194 115 183 107 174 72 92 79
    194 132 252 164 102 66 231 1 145 132 205 72 163 193 210 107 136 184
    211 140 122 171 168 242 29 218 124 160 163 55 172 61 123 229 251 54
    242 162 168 108 6 151 121 52 160 125 255 117 199 144 210 134 255 85
    156 141 49 87 219 177 123 222 170 59 15 200 115 253 63 235 112 170
    208 120 170 53 192 191 216 229 64 44 233 48 133 93 219 215 94 21 229
    78 195 36 170 207 55 78 91 41 249 145 185 61 248 175 20 121 165 213
    190 132 217 44 24 221 195 104 106 190 140 170 14 29 208 8 161 31 50
    47 16 74 91 3 220 82 233 86 27 149 141 39 122 9 6 217 195 93 94 181
    97 168 98 97 3 106 183 12 49 253 85 202 171 171 169 251 101 60 78 29
    94 25 79 15 198 99 115 154 178 226 169 20 194 183 225 80 254 228 168
    175 198 220 23 230 23 78 96 6 170 8 191 220 117 244 212 87 96 132
    181 31 245 87 20 88 191 224 217 106 192 40 215 26 46 94 7 176 155
    140 14 145 52 40 201 183 241 176 221 201 247 124 157 83 183 37 4 248
    80 131 221 43 162 126 160 33 6 12 165 165 106 152 46 50 125 217 121
    205 106 102 74 244 79 233 217 251 30 58 18 251 64 85 203 44 108 231
    32 80 45 224 203 153 11 224 110 234 69 151 209 104 184 12 0 27 221
    165 216 217 105 173 44 78 96 50 229 140 251 186 221 212 132 74 94
    196 54 119 103 39 121 129 218 241 235 214 151 45 242 213 103 246 169
    83 143 10 190 57 124 20 212 49 46 39 183 88 28 28 242 175 113 82 63
    225 75 7 200 181 133 103 132 194 208 67 54 207 63 132 40 1 173 103
    42 19 75 125 114 66 55 185 247 110 104 222 69 63 98 93 240 100 245
    229 249 13 61 147 221 128 15 228 40 26 155 68 114 250 43 182 129 28
    39 116 245 181 243 85 191 128 208 42 246 68 73 88 53 106 150 58 16
    124 154 69 50 65 195 182 21 198 163 100 188 67 101 12 122 236 1 210
    25 150 145 96 200 100 136 6 105 58 42 235 211 162 105 162 50 24 16
    144 133 212 200 219 84 255 117 240 156 110 38 17 131 127 216 201 93
    30 163 245 134 220 187 1 211 70 203 186 199 200 239 191 172 249 30
    32 125 21 55 7 206 35 95 22 54 54 65 17 221 180 126 161 223 249 2
    250 148 187 58 13 77 89 178 182 76 112 71 186 12 202 21 219 231 220
    147 9 225 80 128 135 226 200 242 210 45 26 47 4 185 218 152 54 204
    192 35 78 152 4 26 40 189 241 248 77 192 170 155 13 29 100 249 11 31
    76 202 177 51 134 148 252 76 246 167 104 62 111 113 60 217 242 49 16
    139 66 225 40 63 192 113 205 44 55 239 130 110 60 187 154 69 15 185
    97 45 250 40 146 230 165 47 22 249 79 90 124 192 17 63 196 78 57 42
    229 175 23 79 176 102 63 138 179 154 50 253 142 234 233 117 210 202
    81 79 157 239 166 134 110 243 188 45 153 27 42 214 254 157 82 213
    223 55 131 9 161 70 121 180 99 126 229 85 244 100 54 204 173 228 129
    142 242 23 28 113 21 164 26 39 177 192 88 251 141 119 118 45 66 105
    75 142 35 168 250 187 241 99 105 25 181 120 92 134 168 25 122 39 60
    210 83 85 133 121 159 194 127 130 178 88 57 228 107 97 228 217 130
    63 61 83 244 242 60 84 85 203 25 87 69 183 62 20 184 101 196 81 255
    229 235 128 119 26 52 52 99 128 146 120 134 179 91 16 79 156 231 140
    229 138 204 33 225 62 178 250 193 252 108 75 78 66 154 54 232 2 1
    244 97 202 52 152 64 208 207 14 111 182 255 196 243 9 56 17 94 220
    222 241 195 130 193 253 131 77 169 191 150 251 229 230 195 77 12 233
    68 106 114 199 45 18 74 242 5 86 103 238 196 10 124 52 167 90 109
    114 201 72 82 12 218 215 201 93 11 128 244 18 126 3 185 208 119 106
    247 177 79 23 134 231 246 53 69 215 194 119 159 164 43 13 9 83 161
    99 170 67 102 123 83 86 156 21 179 23 148 107 116 243 244 202 141
    120 149 89 39 201 247 84 192 235 239 195 55 138 47 198 96 155 216 41
    5 82 91 99 54 86 24 98 122 81 237 37 57 58 237 221 59 156 150 25 242
    174 6 176 196 168 72 12 225 114 8 167 234 237 9 20 33 84 244 125 247
    160 161 39 1 176 124 108 21 167 156 227 250 76 26 88 60 205 9 155
    121 131 243 207 240 207 121 116 30 84 227 29 167 187 189 72 133 137
    15 74 209 158 14 221 220 106 61 31 145 38 58 59 99 208 41 225 115
    108 4 97 196 247 193 114 87 200 180 181 141 202 58 7 96 144 135 37
    61 130 195 114 32 76 104 96 238 41 173 68 2 150 9 229 225 99 121 196
    19 233 214 8 99 178 186 246 247 162 54 173 219 214 50 55 227 230 239
    128 224 184 12 191 87 45 38 94 138 11 179 154 34 29 183 42 107 10
    205 44 254 192 202 108 206 125 129 98 254 238 230 219 197 101 121 37
    32 83 210 33 55 129 147 65 133 113 16 208 10 0 221 131 231 80 223 25
    119 60 186 143 253 31 8 229 228 23 83 176 243 139 95 165 145 155 61
    12 188 168 157 174 242 1 140 124 68 161 26 150 46 17 234 49 166 108
    170 211 10 141 237 233 120 226 137 51 72 77 87 52 20 51 254 196 97
    67 92 36 10 45 143 101 112 2 187 62 136 65 75 65 247 217 148 196 233
    26 53 105 240 7 115 187 55 158 165 168 170 76 246 143 234 239 164 16
    184 28 105 181 162 46 162 29 51 55 39 250 139 84 42 10 85 252 33 45
    147 64 175 98 3 120 194 24 251 14 113 252 128 44 253 132 255 68 101
    2 212 127 90 197 248 172 118 140 36 51 239 241 132 170 48 242 41 86
    239 8 119 85 157 190 121 109 37 163 251 174 106 186 47 142 207 95
    185 60 110 60 29 181 57 132 119 11 8 96 117 28 65 119 207 237 118
    140 208 241 49 252 28 224 220 180 53 105 190 182 129 92 141 177 132
    53 64 7 64 11 221 212 243 47 196 151 35 176 108 207 208 12 37 246
    192 150 187 97 66 250 144 100 152 57 117 227 245 96 199 5 54 106 37
    101 87 156 109 228 160 10 60 115 13 9 87 51 41 20 216 235 166 171 28
    166 110 159 13 134 231 171 86 238 175 111 180 107 231 3 109 231 74
    243 14 89 8 8 76 178 34 241 103 110 204 94 147 118 220 159 174 254
    145 114 196 100 8 199 161 136 161 32 249 2 198 22 119 249 205 137 17
    58 227 203 85 128 37 30 95 126 185 96 237 119 186 193 191 251 199 38
    122 78 8 146 221 148 77 144 50 124 152 235 21 19 57 184 206 235 60
    51 218 199 232 217 196 208 182 24 218 105 107 189 79 169 190 68 88
    31 12 85 249 250 233 59 250 229 241 32 168 42 2 216 160 33 223 165
    172 197 143 220 96 119 60 29 245 173 8 189 104 91 65 1 218 0 206 72
    163 246 61 233 13 67 131 243 235 108 111 64 166 150 113 253 89 250 7
    245 107 253 203 113 119 173 233 71 96 150 216 147 31 46 249 207 98
    55 145 109 74 243 225 202 171 237 94 71 118 137 112 105 211 162 205
    12 229 21 44 230 61 203 245 81 125 58 105 60 248 7 248 217 157 29 98
    223 55 31 74 224 103 217 30 60 71 170 31 105 60 225 219 67 195 180
    101 162 45 72 171 82 186 245 39 112 82 237 134 206 121 118 252 130
    188 68 186 231 235 100 36 159 65 165 253 168 212 64 34 238 43 20 116
    132 10 144 214 149 189 189 252 118 177 117 15 190 244 89 15 73 225
    232 188 5 250 17 168 213 19 207 154 249 44 40 253 202 252 91 76 73
    152 141 105 236 50 111 93 109 143 120 53 26 157 154 244 80 57 11 102
    255 133 124 219 185 252 99 31 152 100 1 35 132 88 205 7 126 133 174
    129 57 205 3 128 170 60 75 175 233 125 95 11 52 80 191 189 232 144
    80 141 63 178 71 206 86 93 69 55 124 111 0 12 184 48 62 104 240 115
    48 104 52 102 224 59 148 214 30 10 46 212 171 186 44 117 230 142 197
    69 41 223 52 140 165 59 29 211 226 18 198 154 122 186 96 7 175 171 0
    92 37 234 163 169 133 226 69 212 253 19 144 140 165 225 118 6 166 0
    209 33 214 252 136 36 129 122 149 16 210 108 99 181 20 96 186 208
    215 183 64 239 23 143 240 175 123 107 102 77 177 94 114 231 47 136
    179 85 65 153 174 178 206 67 48 130 155 178 18 173 252 232 48 152
    109 133 219 249 224 109 148 168 177 113 180 248 26 108 12 149 199
    169 220 91 56 135 200 12 129 115 252 235 83 211 171 73 143 88 179
    161 24 117 226 70 108 162 214 5 207 10 131 24 131 216 230 216 81 34
    193 6 162 0 21 176 183 113 123 30 13 40 149 220 215 185 18 221 61
    132 105 186 141 162 166 143 179 64 214 90 12 191 189 70 4 39 85 32
    76 103 255 239 58 236 250 79 9 129 40 100 228 103 65 90 160 68 247
    163 232 67 24 66 212 130 77 12 156 247 226 70 171 34 241 165 212 232
    165 48 104 196 155 92 68 169 206 31 22 189 17 11 0 249 18 66 211 166
    196 60 177 218 49 34 110 139 1 34 167 191 53 238 33 252 73 42 86 169
    130 46 46 4 195 125 253 11 168 24 148 94 106 120 74 212 15 149 70
    197 177 84 244 4 2 251 39 189 43 128 237 147 220 51 218 137 111 207
    42 55 155 139 226 207 226 134 122 115 63 155 39 208 245 183 17 31 62
    215 249 119 3 62 98 116 136 82 230 40 151 206 61 43 91 183 32 222
    160 239 130 197 220 237 142 41 94 30 61 78 90 74 144 98 110 89 51
    228 40 172 101 235 77 113 174 126 224 251 216 198 115 210 217 36 211
    33 5 160 250 14 241 26 180 219 231 192 73 99 113 190 96 124 218 43
    132 251 238 136 97 99 156 180 59 208 50 122 240 43 44 130 225 2 71
    241 149 37 125 14 110 159 15 120 28 151 98 149 213 151 154 186 195
    204 8 89 241 95 120 226 99 132 115 208 12 37 175 40 203 155 66 218
    169 85 66 111 91 69 245 159 232 181 175 190 126 9 107 133 40 136 197
    185 183 131 151 104 136 69 9 20 170 252 36 160 8 142 107 128 35 32
    100 235 28 200 123 55 239 236 95 76 31 85 254 32 229 38 139 233 194
    161 211 121 218 248 8 59 111 53 95 170 117 82 242 96 173 226 91 199
    199 130 213 16 27 113 53 242 205 221 203 46 111 175 15 195 123 220
    38 145 20 172 52 218 23 11 72 42 251 97 92 89 163 39 69 165 151 52
    204 50 65 93 189 205 100 46 183 96 113 223 54 176 218 212 37 237 166
    104 81 33 190 166 119 63 186 26 57 249 203 153 226 210 74 138 245 80
    59 193 199 162 5 71 142 159 133 134 26 49 189 6 131 186 57 53 218
    228 39 60 255 88 82 124 192 161 184 220 19 32 146 76 68 29 211 162
    80 245 140 94 108 90 244 176 34 67 199 164 132 77 181 159 250 232 84
    237 67 246 206 59 7 141 243 199 233 132 197 181 3 191 89 171 206 249
    96 0 120 202 63 52 179 90 176 201 11 128 174 0 185 9 159 112 122 35
    41 132 228 132 143 106 135 240 67 190 142 5 58 21 227 14 221 234 189
    212 214 79 17 180 236 136 131 126 124 248 199 207 205 104 26 52 83
    138 127 107 109 252 108 42 60 47 241 236 29 34 152 111 233 220 9 148
    195 190 94 26 83 18 4 21 144 32 62 105 130 27 214 186 160 151 12 52
    223 121 174 236 213 21 76 240 226 217 88 108 171 29 94 15 138 48 76
    93 61 62 156 204 63 238 167 45 93 177 156 41 109 225 222 34 189 14
    15 200 26 55 157 125 101 84 217 53 157 194 202 60 53 48 9 250 4 219
    254 193 217 233 25 219 107 250 247 20 221 131 83 212 93 9 250 54 18
    207 43 11 148 226 135 251 123 74 47 141 13 101 213 61 236 190 133
    239 140 194 24 236 0 157 236 52 231 147 231 25 211 110 105 242 136
    174 5 5 103 146 65 3 114 76 101 80 173 102 187 147 216 243 143 104
    45 46 86 146 220 140 177 101 38 77 116 250 250 227 87 241 4 68 253
    167 2 27 55 8 74 198 253 217 203 199 197 43 207 32 86 216 62 197 112
    135 24 175 185 82 43 231 53 228 0 6 78 158 127 245 170 178 56 124 97
    35 53 93 226 147 22 86 61 187 18 199 129 23 162 132 13 62 54 95 123
    81 238 15 26 223 106 90 195 149 76 3 7 46 147 217 122 131 120 137
    191 196 143 87 172 85 3 253 146 209 127 54 103 134 81 135 150 102 91
    224 121 127 96 46 102 222 103 145 42 25 35 145 231 217 112 172 48
    200 67 85 116 103 24 246 33 173 48 53 185 25 158 104 129 223 58 250
    86 174 237 232 44 15 133 45 55 137 196 121 52 205 106 251 110 171
    103 117 163 243 55 97 96 13 94 190 39 236 190 119 70 142 251 32 210
    59 49 217 178 104 184 206 11 102 28 106 54 18 189 173 1 97 157 25
    109 91 98 92 223 134 220 213 57 170 60 53 228 71 156 117 86 238 163
    204 246 21 201 204 2 120 84 65 17 248 200 118 252 68 81 31 146 63 14
    52 166 109 112 190 182 43 32 233 172 40 159 86 44 254 86 115 205 147
    132 166 68 226 161 45 227 204 8 147 142 233 176 165 20 248 193 123
    173 213 27 230 178 204 77 102 211 197 36 196 68 6 18 92 59 187 16
    186 110 99 220 81 199 179 143 41 1 192 125 135 164 99 182 76 198 174
    103 112 211 20 193 153 142 175 133 161 184 227 39 91 165 141 136 227
    33 142 28 190 35 240 215 70 162 166 68 255 130 227 175 187 39 223 97
    62 210 169 184 177 154 26 15 210 186 125 29 116 5 124 62 221 44 25
    59 156 213 79 106 157 177 108 241 215 80 169 171 156 96 230 69 125
    161 54 95 54 34 33 242 212 183 36 93 64 55 126 94 168 138 94 115 180
    13 74 76 65 76 93 205 141 190 27 32 202 51 158 63 189 247 13 56 25
    199 141 228 24 219 10 47 32 199 176 17 95 81 103 60 246 140 9 112 59
    175 255 76 142 167 234 150 3 56 147 186 145 9 127 123 86 171 165 22
    34 57 20 59 251 192 54 54 252 210 211 41 62 41 116 205 31 38 78 81
    60 225 167 150 246 214 68 171 103 119 115 24 120 151 29 108 60 60
    249 72 48 254 162 151 203 1 62 73 243 4 30 131 211 94 233 161 38 217
    219 207 106 88 236 0 6 228 18 171 104 106 74 235 202 8 139 141 80
    207 180 9 158 197 45 91 66 98 129 254 142 71 182 112 9 17 137 7 35
    163 116 163 132 142 144 146 34 20 192 49 171 67 200 171 179 42 81
    167 73 110 80 125 236 152 1 126 85 47 204 69 155 119 99 40 41 179
    247 229 146 54 55 188 48 126 49 113 37 149 15 212 169 27 40 73 246 9
    126 178 148 125 65 193 128 111 161 212 137 38 84 232 91 134 24 160
    122 124 154 214 229 112 113 141 147 195 140 213 191 103 119 217 46
    40 223 10 210 224 116 255 64 222 186 251 226 232 183 194 130 218 247
    237 70 47 255 151 121 242 60 248 32 28 82 187 46 251 173 238 184 134
    230 176 172 15 214 93 102 64 75 153 38 145 240 26 178 56 136 50 49
    197 44 37 233 32 17 244 135 247 200 29 203 230 120 128 180 148 208
    86 17 90 136 130 163 166 134 202 172 244 100 100 163 169 72 145 20
    82 232 206 52 78 159 12 196 116 231 128 129 207 171 51 252 33 180
    251 34 4 77 45 245 34 14 118 14 240 74 50 144 183 175 7 20 232 14 30
    211 237 180 116 93 197 28 147 179 216 129 250 46 252 148 74 152 116
    149 25 194 33 168 5 53 118 44 149 86 100 250 121 134 47 103 42 63
    114 171 135 76 73 128 232 82 239 158 222 186 231 101 95 89 18 63 49
    243 121 248 104 215 7 108 203 75 39 244 84 207 143 115 213 26 58 115
    69 89 32 91 145 253 128 81 92 225 37 72 131 133 78 92 171 111 230 1
    14 106 199 172 43 67 23 137 86 55 3 49 49 230 160 155 70 49 228 154
    137 102 28 211 42 102 173 196 162 4 86 94 16 130 189 197 199 244 29
    224 232 16 142 27 69 228 130 198 178 12 23 127 25 73 29 49 30 82 206
    238 49 87 211 146 160 91 155 75 136 139 65 35 143 68 78 25 135 52
    243 202 189 88 147 200 162 105 99 132 39 46 26 79 138 248 216 218 37
    6 66 155 71 237 71 200 10 33 153 102 112 109 111 205 194 85 186 239
    126 47 102 62 154 115 213 156 80 131 115 139 81 174 16 135 192 144
    57 159 186 129 115 157 66 48 219 136 151 74 38 133 137 136 54 42 140
    96 195 143 125 49 91 183 28 36 223 62 106 251 95 116 92 140 7 118
    203 219 16 163 108 160 17 21 97 189 110 92 176 51 221 22 89 63 147 1
    213 215 82 230 136 214 165 127 228 65 66 137 238 1 246 142 137 73 7
    71 18 146 17 243 54 80 123 241 249 56 213 23 52 197 206 138 235 69
    63 97 206 73 242 167 249 235 0 90 211 207 109 204 227 228 220 87 79
    185 62 221 44 137 193 93 68 235 250 185 113 48 111 109 7 184 59 94
    231 180 87 66 116 149 156 42 8 23 203 159 29 60 33 92 62 223 162 241
    122 180 74 198 152 215 13 39 224 171 155 239 31 107 139 1 185 78 218
    70 233 15 255 201 127 193 41 110 74 199 151 221 60 33 9 128 124 103
    219 172 210 138 67 173 82 251 159 36 87 220 162 61 104 77 127 8 113
    70 69 152 4 225 254 146 90 38 158 34 24 157 179 177 103 50 62 113 40
    205 150 85 130 198 226 83 12 79 157 22 9 48 3 29 100 89 216 253 114
    111 195 144 127 225 241 14 7 24 73 50 8 171 92 251 7 9 126 175 2 18
    227 140 188 6 129 89 45 211 135 181 169 206 214 132 213 244 238 133
    199 235 63 189 147 209 134 108 25 209 1 19 43 80 83 136 11 58 69 0
    86 252 13 61 187 62 142 52 209 110 10 227 69 247 168 215 115 170 94
    82 13 55 11 255 203 71 205 192 176 82 15 53 137 229 217 147 193 237
    113 114 185 158 67 145 221 114 135 137 60 109 246 169 40 189 255 118
    200 170 204 125 8 58 167 74 203 199 238 23 47 203 240 97 104 91 193
    145 11 79 120 21 244 190 80 6 5 175 221 235 126 142 178 225 70 115
    207 227 8 111 197 40 44 206 135 225 164 109 102 216 206 27 118 198
    48 143 232 166 168 182 184 241 20 185 12 53 180 193 100 212 251 162
    149 129 107 161 154 255 6 187 116 167 140 182 57 125 41 209 175 100
    24 241 70 151 200 243 140 78 91 12 178 228 203 171 76 72 70 140 116
    251 179 163 230 159 119 201 52 21 219 233 80 181 235 54 14 41 201 77
    115 245 111 180 220 49 6 115 187 41 163 247 161 109 18 162 172 236
    223 87 41 190 195 130 251 247 124 167 200 193 90 140 152 114 30 167
    76 238 3 73 33 147 17 70 91 101 130 252 132 134 161 167 31 37 173
    242 32 108 77 61 181 107 10 221 150 98 12 191 71 175 222 169 61 155
    55 100 180 112 241 91 224 177 126 115 235 59 5 161 91 141 52 39 47
    167 65 104 224 82 205 72 51 71 75 9 249 111 159 173 210 228 209 63
    21 152 187 17 214 50 50 64 183 221 122 207 149 244 211 180 28 147
    186 89 39 174 107 171 170 216 41 81 43 247 124 2 70 235 192 54 229
    239 40 119 134 96 210 146 206 192 18 28 33 90 93 234 139 102 216 130
    98 57 149 147 11 45 5 7 215 29 113 147 6 16 173 39 5 9 105 202 168
    195 75 189 116 123 63 92 244 242 84 160 112 48 198 160 171 50 131
    243 147 233 180 251 82 93 181 154 97 240 111 137 174 231 57 94 98
    207 243 43 249 108 54 85 162 159 42 148 65 181 229 208 254 49 190 32
    220 110 215 252 127 196 45 184 48 24 55 61 192 114 235 216 44 67 47
    255 190 112 0 57 218 217 212 43 230 90 124 10 94 140 29 217 99 230
    188 141 29 171 96 3 165 253 135 65 79 51 72 109 159 133 166 152 246
    181 71 176 23 91 188 73 5 146 47 22 82 93 15 82 243 238 97 162 108
    130 155 188 159 240 141 215 203 60 159 69 91 193 182 187 146 62 210
    2 157 109 94 246 148 94 115 56 133 104 105 103 13 66 2 149 181 83 28
    239 66 89 132 205 37 168 204 4 255 249 106 85 19 212 67 71 76 106 43
    239 173 229 156 47 242 38 115 142 252 227 72 76 5 47 42 240 129 69 9
    102 226 238 224 141 235 249 186 163 215 172 93 102 221 145 46 169
    186 65 225 254 123 128 12 18 133 233 154 71 185 34 151 21 70 179 75
    83 235 212 114 138 180 39 110 47 30 175 53 31 24 230 49 81 222 0 26
    118 68 84 184 64 150 5 12 223 228 209 77 75 145 62 156 104 72 141 1
    169 88 160 219 29 18 165 33 115 163 144 136 174 25 201 6 145 57 9
    111 168 209 226 144 142 150 244 35 134 102 56 39 48 172 177 133 63
    163 95 244 182 246 3 62 85 45 83 232 74 214 213 249 39 23 185 193
    101 0 13 146 223 88 95 104 204 119 153 103 232 199 188 229 246 217
    60 81 155 105 252 134 156 33 159 86 189 150 128 212 157 149 211 139
    4 191 211 0 67 154 183 84 24 69 30 47 86 210 245 30 249 118 204 134
    246 190 75 243 84 11 16 157 10 140 155 108 20 197 255 35 190 2 114
    154 54 70 46 255 146 80 4 10 213 158 181 74 80 60 166 159 151 188
    243 37 0 85 109 9 93 214 241 181 135 150 95 131 215 106 154 156 146
    114 167 231 202 77 163 7 182 186 207 40 157 196 131 55 235 188 100
    194 141 167 168 232 132 203 150 223 252 252 176 227 156 199 148 145
    209 245 48 85 121 154 148 198 222 89 238 199 182 125 67 234 44 179
    234 65 190 102 116 241 65 45 245 10 33 116 55 67 181 134 210 168 56
    159 10 194 206 159 122 194 249 61 115 164 244 168 85 50 141 81 51
    171 188 40 13 99 53 102 140 193 23 195 26 186 87 115 214 164 250 39
    220 189 12 206 109 52 212 249 8 144 50 25 250 38 232 173 125 108 25
    114 13 137 89 189 1 67 87 198 24 160 46 171 14 46 249 29 87 196 252
    19 239 32 71 62 122 135 182 166 68 204 239 220 80 97 194 35 127 191
    40 218 231 192 147 146 246 91 197 241 141 39 243 67 179 32 241 237
    111 225 1 65 104 61 78 45 17 137 111 34 239 240 122 217 227 105 47
    254 169 222 142 13 48 236 195 65 252 140 243 2 79 11 211 94 190 169
    235 164 255 8 143 197 50 25 191 230 76 205 22 77 173 171 190 217 19
    201 42 96 55 212 65 4 173 209 109 126 48 235 19 158 239 112 36 188
    59 70 52 93 119 114 42 2 156 53 151 77 68 20 33 213 209 200 26 70
    100 124 208 202 41 214 214 76 224 104 249 69 209 222 239 72 54 120
    211 45 54 3 196 189 85 55 160 125 21 232 151 139 116 128 172 33 192
    153 83 138 107 180 160 178 54 170 132 180 139 113 131 59 207 103 77
    112 116 45 210 159 151 109 60 130 124 219 225 79 68 80 130 24 197 2
    84 72 1 154 153 240 97 131 251 63 87 197 2 2 83 217 224 60 224 196
    51 58 43 54 81 249 168 78 36 90 122 114 242 156 198 36 45 151 4 189
    231 209 96 24 187 199 24 140 232 242 221 116 217 230 141 116 160 226
    139 230 229 13 129 80 27 179 85 48 108 100 82 145 132 173 128 15 240
    159 136 126 34 142 72 178 215 98 222 106 235 111 180 116 1 38 203
    240 3 145 12 187 21 63 207 171 194 18 11 111 41 17 9 211 117 191 194
    28 18 195 21 178 59 93 155 236 135 162 85 25 93 166 220 199 245 177
    104 68 91 240 2 14 47 241 203 63 211 233 99 76 194 24 30 208 60 178
    145 22 64 218 50 0 193 1 6 120 143 4 154 105 50 4 92 203 32 218 236
    101 162 99 174 6 92 58 12 139 157 115 42 172 120 129 215 54 190 55
    248 62 25 1 49 112 108 195 141 15 191 166 123 146 174 143 102 170
    110 245 111 203 166 172 152 217 128 197 219 156 2 255 119 139 45 122
    231 35 73 244 155 27 17 232 87 92 96 142 34 73 236 181 148 155 241
    244 40 66 112 90 128 194 86 231 180 61 206 203 77 89 140 39 99 134
    153 41 56 74 174 31 64 149 161 79 140 68 128 114 160 17 49 223 132
    44 36 119 167 149 139 81 165 248 244 57 82 239 103 87 201 185 253 40
    22 81 251 125 35 159 86 136 129 104 180 94 68 164 106 171 238 238 66
    152 253 31 207 215 185 161 95 18 174 242 19 137 28 246 67 108 33 181
    165 184 81 123 160 63 217 99 242 15 13 10 47 100 14 47 99 59 158 160
    170 50 36 42 64 199 152 104 203 8 163 92 4 192 39 226 162 236 159
    175 158 101 238 187 182 123 204 68 237 177 219 59 11 187 109 240 4
    54 95 189 95 125 189 75 188 194 230 214 187 161 8 248 225 100 75 204
    140 186 217 222 201 12 53 54 94 85 149 87 22 128 139 114 49 221 83
    150 164 23 243 163 123 207 197 172 245 194 55 21 23 197 103 94 178
    221 129 174 241 101 40 100 167 50 136 192 248 126 33 209 194 122 36
    89 187 12 112 135 177 57 195 63 56 201 212 42 202 109 189 248 193 37
    26 215 190 53 83 183 166 42 97 113 243 220 233 1 150 206 83 185 50
    27 239 206 103 121 224 97 69 114 187 18 106 215 103 142 55 162 156
    125 122 118 122 56 14 166 110 98 79 133 192 70 67 82 247 236 130 37
    146 81 79 1 255 196 242 96 2 121 176 47 43 176 49 49 201 70 229 83
    198 207 127 68 48 146 108 93 28 13 3 95 147 166 172 152 243 213 120
    125 106 99 79 68 175 0 78 255 27 134 158 24 175 117 69 100 74 240 41
    93 200 30 2 15 245 61 140 21 184 239 72 185 14 183 186 196 103 25 52
    52 107 106 250 246 206 238 227 135 80 188 114 184 34 192 196 238 89
    121 55 85 102 225 136 196 41 23 64 55 173 6 34 27 88 238 15 170 198
    5 195 207 87 86 125 105 93 99 42 232 238 98 67 104 206 115 152 235
    206 72 138 157 229 135 182 0 117 214 206 127 106 160 127 26 62 71 11
    10 124 245 241 114 133 244 163 162 5 216 40 54 88 121 20 136 182 191
    230 140 88 102 230 190 116 116 222 134 59 224 99 13 11 121 235 254
    105 13 179 131 238 92 56 95 78 188 107 114 200 178 143 101 3 7 237
    183 247 201 49 221 237 145 48 147 189 90 38 224 165 33 213 145 129
    199 77 23 129 66 90 155 119 154 150 101 99 245 140 23 223 235 70 28
    59 214 179 178 50 228 207 130 225 182 246 198 159 240 148 166 16 40
    240 26 212 72 89 234 157 38 242 20 82 190 71 242 78 234 228 143 206
    206 176 73 9 34 29 65 183 86 249 46 123 128 115 32 88 195 4 227 225
    150 218 39 7 187 102 12 167 163 181 43 201 144 129 13 0 44 231 37 95
    148 36 194 227 221 240 106 182 245 87 146 182 204 242 234 103 211 89
    81 252 121 113 156 56 97 130 114 207 30 45 169 167 233 168 154 236
    78 27 73 249 70 164 12 48 159 8 252 242 13 248 230 74 227 9 198 205
    252 119 14 63 196 240 133 125 217 212 184 16 62 17 168 52 147 216
    180 107 45 41 14 12 189 223 254 20 108 136 174 149 207 51 131 158 26
    55 64 199 209 142 237 246 110 242 40 226 164 72 223 211 213 236 123
    59 156 99 77 173 9 0 158 143 240 92 116 24 219 16 209 222 175 33 75
    243 208 177 24 57 95 104 215 245 34 224 133 214 142 115 171 45 158
    60 91 230 250 222 44 111 160 38 26 0 149 91 243 8 231 142 176 87 24
    226 175 175 191 221 62 26 190 105 148 154 221 1 230 157 101 150 253
    64 113 217 9 15 169 242 77 159 125 25 15 220 197 74 176 103 61 56
    173 77 81 62 19 89 83 204 27 5 207 198 231 249 215 2 213 222 182 170
    170 1 126 148 142 59 242 69 158 19 111 48 138 217 162 0 120 118 106
    104 192 243 30 168 220 194 249 234 98 77 72 123 248 14 186 165 36 15
    163 211 207 202 202 141 194 86 133 52 208 249 255 112 78 95 185 148
    195 215 222 240 25 62 90 39 6 157 68 217 211 158 10 160 76 17 115
    172 92 251 20 185 98 145 228 250 25 187 190 155 33 134 64 14 188 85
    138 19 173 22 165 137 106 163 189 119 252 98 42 112 37 174 16 182 41
    242 222 175 216 141 255 22 240 152 137 140 147 12 226 236 33 111 38
    180 190 189 78 29 60 186 231 8 224 3 66 7 163 119 214 204 44 117 203
    80 164 19 185 18 63 75 136 81 71 59 21 131 192 254 73 2 221 57 197
    228 132 249 175 140 64 128 177 177 244 17 181 173 51 3 96 70 38 69
    252 186 112 213 48 245 200 85 85 50 117 182 125 193 37 129 18 156
    254 11 103 156 247 67 132 144 34 186 230 100 161 85 128 117 108 27
    152 164 54 65 17 18 201 137 202 92 67 77 46 165 214 28 40 161 129
    163 143 215 49 9 221 200 13 213 71 223 132 54 45 73 156 12 218 122
    88 189 190 160 215 20 118 90 244 137 117 55 199 137 181 73 204 239
    31 251 161 95 169 19 155 29 189 184 252 11 12 222 136 222 67 27 203
    239 127 170 194 94 32 232 82 225 252 124 197 88 74 113 144 147 234
    86 191 134 134 90 196 228 166 20 82 120 1 221 225 51 203 83 54 47
    175 109 203 83 165 71 54 165 46 109 176 60 122 139 164 167 110 145
    61 236 195 33 72 6 13 222 242 63 102 34 166 174 154 230 231 150 202
    191 126 44 189 160 42 54 150 44 124 107 5 117 136 181 135 105 11 233
    114 120 131 244 166 140 193 90 30 152 233 190 43 132 87 162 99 91 62
    23 64 213 144 8 95 62 106 233 64 154 244 157 94 126 77 155 104 91 51
    203 162 80 140 161 33 221 147 31 111 84 17 106 41 73 68 70 178 195
    231 70 209 7 173 66 54 53 249 45 15 24 66 212 63 139 40 122 38 99
    196 141 158 23 211 40 102 96 188 163 155 208 83 239 36 31 222 223
    181 151 168 22 131 136 226 155 87 237 217 71 179 247 222 92 88 206
    57 125 50 22 197 160 133 53 5 223 101 66 136 89 91 235 30 56 12 142
    112 144 202 9 180 246 19 77 152 231 249 218 169 64 121 187 44 50 173
    172 186 219 202 103 76 13 30 107 232 32 171 24 200 163 96 101 89 161
    64 123 36 113 33 30 77 120 112 75 128 85 21 193 103 121 141 30 205
    12 15 75 65 101 157 156 174 65 22 40 54 28 246 125 185 120 175 128
    218 221 54 74 111 210 95 99 120 172 103 137 146 147 164 135 116 174
    171 55 120 177 64 99 122 112 172 7 2 210 128 58 114 237 45 192 59
    164 103 92 251 78 112 253 40 111 78 70 195 92 168 36 206 108 157 138
    134 23 120 197 1 145 46 72 199 72 161 58 162 200 105 160 52 63 113
    181 124 198 55 107 35 87 102 106 219 132 71 125 81 94 62 206 239 79
    84 84 216 8 5 226 63 111 140 133 181 140 47 202 17 155 81 195 229
    193 102 149 208 140 193 223 12 122 20 79 20 80 238 131 166 71 226
    177 191 134 85 102 96 97 243 239 236 30 6 216 70 169 245 242 197 25
    196 199 33 85 181 190 204 133 215 63 216 0 76 29 203 40 92 60 201
    250 189 205 102 192 102 43 72 242 7 95 71 152 207 82 52 162 159 33
    173 14 16 167 47 114 123 17 163 142 140 175 32 134 183 73 239 62 37
    134 244 236 23 241 143 233 178 221 75 76 75 197 253 50 227 24 167
    160 44 57 118 30 26 231 87 54 72 39 190 74 89 253 8 20 62 8 181 27
    209 247 241 65 107 189 150 181 79 131 107 232 238 171 130 48 225 116
    139 46 70 45 15 170 73 118 118 164 60 169 62 181 182 75 36 181 152
    235 61 190 75 255 150 74 0 17 144 130 85 105 136 71 193 224 150 78
    211 70 172 247 129 252 64 110 221 247 26 124 229 102 53 201 182 110
    148 37 198 66 132 48 14 71 40 110 141 84 139 28 223 31 169 208 243
    134 125 137 182 191 59 82 237 132 150 84 127 22 192 140 70 50 127
    248 34 1 61 157 120 241 40 228 161 222 252 3 143 29 216 144 8 105
    238 13 43 108 91 227 125 67 126 144 32 214 67 9 155 213 114 214 196
    75 56 139 207 25 176 138 51 17 206 237 252 84 189 36 56 72 225 151
    83 253 34 55 103 215 9 2 96 203 127 226 161 27 62 83 98 57 95 229 21
    235 191 40 149 88 0 224 141 23 116 46 17 63 143 242 5 1 55 9 98 205
    252 164 235 124 90 185 47 131 170 65 212 218 178 5 188 249 117 221
    141 34 250 224 37 0 150 116 131 86 47 75 71 56 153 225 81 33 33 251
    170 234 224 36 58 47 229 206 55 75 64 169 87 117 195 12 145 107 140
    226 96 201 36 36 40 30 160 13 175 59 207 194 185 126 116 5 105 124
    254 103 165 171 46 213 211 203 166 218 123 142 253 106 230 218 77 72
    206 158 11 5 61 49 173 155 9 5 182 73 230 0 60 209 44 144 197 176 77
    149 50 52 175 196 20 155 29 73 142 56 199 150 90 232 127 176 169 53
    54 76 116 16 157 136 87 227 242 201 215 129 74 144 137 132 221 114
    75 16 139 8 71 173 147 54 22 15 137 178 45 172 134 53 44 28 12 208
    93 213 25 146 100 139 39 22 124 81 188 227 46 238 221 251 46 234 239
    179 151 75 126 244 106 81 208 244 9 15 204 197 51 126 102 252 76 79
    42 181 24 70 199 136 66 221 121 151 112 20 52 243 79 172 99 190 202
    243 206 214 0 87 178 211 52 18 234 117 26 1 68 200 223 12 211 6 254
    52 77 215 248 112 162 101 81 108 216 167 230 21 213 194 28 5 40 218
    31 178 92 30 105 187 174 185 55 62 149 199 137 242 123 206 144 115
    227 40 248 102 62 71 111 101 240 168 1 251 4 84 210 231 84 150 24
    229 30 131 145 180 124 68 238 133 136 77 104 9 28 155 102 10 131 66
    1 107 167 59 24 251 169 160 224 11 127 71 252 137 122 116 70 159 126
    74 160 215 183 83 135 104 46 182 202 29 164 226 13 89 78 7 112 156
    121 243 192 33 229 144 43 170 90 127 210 31 112 30 163 209 220 76
    144 97 83 2 202 114 245 34 211 243 241 58 95 142 145 105 67 73 72
    180 51 235 3 85 128 147 123 206 180 27 207 121 55 136 84 211 20 99
    162 53 77 210 130 115 180 149 101 167 164 202 43 122 49 50 195 21 68
    149 144 158 188 156 53 204 222 38 188 1 181 222 9 59 179 101 188 71
    2 96 253 80 183 203 20 252 215 60 42 156 99 21 137 164 158 180 108
    51 72 178 135 46 111 217 212 28 113 101 214 167 150 255 94 2 211 62
    56 173 35 171 183 100 21 153 241 163 198 247 120 59 234 227 63 131
    243 78 228 213 200 114 134 250 58 246 69 150 120 83 42 168 147 166
    47 76 20 255 134 112 90 185 183 9 97 175 31 168 82 192 90 252 240
    139 33 91 166 173 51 109 144 10 101 36 208 51 93 2 78 91 40 134 23
    155 95 227 46 68 119 207 136 94 213 109 250 49 139 154 88 135 203
    196 229 109 207 137 72 191 202 59 163 98 63 22 179 26 183 201 192 45
    26 192 118 93 146 166 177 53 47 38 235 148 177 15 150 226 98 188 229
    198 158 187 170 196 39 60 251 177 97 134 98 112 191 54 71 52 94 70
    240 130 117 8 109 156 134 195 75 50 199 208 60 201 74 246 219 186
    246 250 48 108 160 74 180 242 71 7 49 250 84 126 142 57 49 221 180
    195 161 225 121 181 202 190 106 117 172 147 164 49 62 196 185 254 47
    94 139 85 53 227 113 233 180 144 79 190 122 100 189 18 40 78 211 155
    194 162 126 219 147 170 188 32 127 137 91 116 77 92 191 239 191 222
    243 29 185 78 40 60 158 72 151 164 160 225 53 24 129 255 86 238 61
    15 110 228 132 122 83 59 97 3 163 125 249 51 19 249 184 89 245 163
    159 239 23 143 240 32 185 119 194 183 202 106 93 48 210 45 218 173
    91 121 210 15 229 86 34 177 109 196 164 124 106 243 253 48 51 251 1
    47 64 174 71 3 134 29 133 232 242 57 198 166 196 96 47 192 24 231 58
    38 177 202 240 30 19 229 107 210 83 57 123 215 29 246 116 97 91 142
    214 131 119 48 85 174 92 104 51 118 244 88 15 247 2 231 170 76 156
    214 20 207 154 65 139 96 41 148 132 189 198 115 47 56 54 116 33 145
    174 77 5 187 193 170 205 149 115 192 235 21 123 82 51 92 189 153 109
    252 149 164 167 133 98 186 165 218 59 173 70 241 60 69 29 152 118
    221 233 178 176 208 227 209 47 18 105 213 68 141 60 197 177 113 173
    145 249 98 144 245 232 64 117 142 122 238 230 143 157 91 105 87 169
    163 185 87 25 117 229 138 37 205 119 135 22 0 207 121 124 28 230 167
    254 193 163 36 26 76 189 50 108 189 192 61 40 28 144 97 99 147 62
    116 90 206 105 73 171 68 206 49 6 125 226 139 201 91 248 209 210 92
    79 21 121 108 73 153 108 48 66 96 172 189 136 122 40 225 92 85 93 18
    94 224 162 203 112 20 18 74 152 81 164 47 216 210 52 4 90 191 244
    232 101 126 201 10 172 198 129 44 237 36 176 123 224 213 164 204 184
    62 55 215 29 246 35 59 192 162 106 177 167 22 180 113 17 179 239 28
    235 46 14 203 213 21 151 186 209 61 171 51 175 205 247 160 218 100
    100 118 7 41 170 16 124 225 10 200 233 186 76 179 155 122 154 38 96
    117 118 65 122 235 19 102 243 87 88 19 1 251 63 91 119 144 146 30
    219 60 93 13 103 159 183 211 23 177 31 87 106 30 176 82 52 116 54
    215 211 188 11 192 121 3 26 187 214 217 93 43 131 203 1 158 5 68 16
    5 235 115 100 171 9 107 126 190 172 105 191 9 56 71 101 193 111 72
    187 136 18 193 46 219 220 201 130 28 239 134 219 82 27 117 56 250
    217 50 124 229 158 141 143 172 199 197 202 9 14 122 182 231 213 10
    69 65 28 241 255 34 213 74 108 13 108 231 134 75 142 9 92 191 39 173
    121 68 118 99 224 216 201 88 171 75 84 70 205 155 188 245 67 112 68
    189 8 219 222 82 34 208 233 201 107 176 89 199 118 197 219 78 182
    151 76 187 254 188 235 225 51 47 110 69 127 224 47 51 170 208 68 14
    181 242 218 102 171 172 202 208 121 114 131 18 167 77 166 188 238
    137 147 164 110 62 156 180 229 167 232 6 192 50 131 22 20 84 179 33
    241 176 69 209 8 46 35 68 214 56 20 35 249 237 129 191 85 221 101
    164 235 205 50 90 68 79 222 31 138 241 137 240 55 14 169 253 36 4
    228 249 234 169 88 203 241 228 20 174 130 98 217 117 91 119 99 130
    19 160 183 136 74 62 49 165 11 202 204 7 205 192 7 129 39 33 224 27
    32 214 75 49 79 196 172 13 65 228 232 95 133 206 159 0 188 220 215
    218 250 74 170 121 99 233 98 19 123 127 118 207 189 42 255 135 77
    236 47 99 210 223 20 171 73 240 59 166 0 51 33 44 215 55 56 190 12
    106 126 92 253 87 92 241 130 164 150 60 107 235 139 245 15 131 151
    133 19 68 103 134 173 220 148 217 29 215 15 122 185 179 239 191 189
    33 194 26 188 36 68 62 40 212 20 13 2 48 21 195 202 16 146 157 21
    154 21 51 254 167 101 53 69 93 251 254 28 7 166 42 244 191 98 182
    199 65 126 22 151 89 52 93 101 198 169 76 173 153 151 171 100 91 68
    8 121 151 4 198 72 250 140 9 74 25 9 252 189 138 155 79 160 186 164
    115 187 142 45 115 96 27 35 214 202 216 69 29 229 157 237 0 122 163
    21 189 143 252 252 44 110 242 25 254 160 58 118 90 203 55 18 165 209
    157 247 56 143 130 53 234 114 98 3 184 181 194 95 12 119 113 5 121
    160 72 96 21 84 243 147 102 154 142 71 143 213 217 79 240 129 173
    183 194 175 133 13 55 116 12 29 140 170 19 226 90 15 88 36 9 111 193
    75 245 31 244 241 11 36 166 90 18 17 195 59 148 5 142 192 113 56 20
    107 67 42 38 23 179 169 40 96 72 142 182 188 106 154 30 25 233 153
    254 55 241 251 41 86 213 140 173 72 14 225 54 72 206 83 25 68 131
    251 30 234 225 225 191 47 164 209 63 131 236 81 58 116 202 201 79 96
    146 70 146 103 21 92 84 200 64 17 130 216 247 191 195 194 33 161 158
    166 199 233 126 54 94 4 233 38 118 246 196 249 60 161 198 9 52 39 21
    242 228 123 67 178 190 113 104 87 4 111 176 136 221 180 145 24 123
    75 146 109 97 192 255 173 77 225 130 109 161 107 235 150 32 95 162
    206 214 133 90 216 105 114 85 125 188 86 57 162 178 230 149 116 217
    143 47 89 245 158 241 239 33 29 176 156 145 97 241 69 216 74 201 38
    107 156 201 74 58 24 79 47 88 52 65 222 172 105 82 53 117 215 239
    108 218 179 48 147 104 166 189 113 57 88 22 11 28 96 80 111 89 249
    242 63 109 149 195 118 89 52 67 226 79 87 240 96 223 22 1 155 241
    246 196 128 206 144 213 204 106 209 44 92 25 96 115 238 137 169 52
    38 23 106 144 51 225 131 96 101 13 213 36 231 60 243 85 174 57 158
    84 232 117 167 147 157 142 73 157 176 18 216 86 252 254 128 165 184
    60 224 141 250 120 3 20 169 195 5 159 101 81 227 98 110 50 107 63 89
    53 167 71 63 13 144 12 3 155 188 194 66 224 59 165 127 54 37 121 223
    40 3 49 136 225 72 175 165 153 15 120 173 208 155 10 228 228 200 18
    131 175 194 170 143 200 238 32 150 4 171 41 168 169 77 84 54 150 100
    252 48 220 14 91 202 25 75 242 21 17 235 226 5 137 233 59 98 49 99
    19 56 230 47 111 240 138 123 216 51 44 112 88 190 187 243 239 15 96
    164 58 70 21 242 239 238 168 198 66 79 145 86 122 118 54 197 204 2
    234 111 113 151 170 237 2 6 144 106 183 29 233 44 164 214 247 230
    239 193 152 187 157 72 193 136 45 252 46 195 147 91 11 247 28 69 78
    185 45 179 60 147 169 27 110 157 20 178 93 208 148 86 28 43 247 249
    16 29 45 105 235 168 85 39 33 57 126 73 58 183 73 220 26 16 71 171
    225 163 4 40 36 170 4 78 202 248 164 191 11 172 5 126 47 62 77 214
    167 77 214 141 174 129 79 30 163 20 158 241 73 94 169 171 56 225 87
    10 159 8 198 182 5 133 58 234 253 58 50 13 196 212 43 112 69 9 6 158
    254 71 147 14 134 3 87 231 220 62 223 107 235 27 129 4 192 242 70 10
    16 236 67 152 57 175 216 216 136 99 232 46 71 22 81 196 136 17 190
    119 204 112 11 253 13 19 99 37 126 130 209 3 58 15 233 124 183 238
    247 244 147 204 41 243 200 173 120 87 91 213 239 133 114 23 24 249
    250 128 241 194 198 187 98 225 136 33 61 191 182 91 98 247 159 137
    139 78 248 102 177 221 188 141 242 38 133 253 135 42 67 244 217 161
    34 185 180 201 53 153 248 224 237 127 153 188 228 46 243 167 147 103
    161 187 253 15 102 71 136 72 97 255 138 250 141 119 101 161 10 227
    217 129 158 254 71 129 249 70 20 27 31 210 225 18 111 139 247 232
    196 207 55 191 199 103 172 240 194 108 68 30 167 225 219 65 111 45
    77 8 135 4 196 33 126 52 174 12 156 7 219 248 184 134 47 120 188 56
    142 107 12 184 78 190 10 61 128 51 175 161 158 8 116 249 186 50 137
    105 173 21 166 203 126 202 200 130 148 244 163 108 245 175 59 181
    226 89 5 56 23 155 84 0 247 1 68 100 215 163 133 251 211 64 184 124
    40 223 24 112 245 143 14 35 62 56 60 50 7 246 90 73 3 24 34 143 56
    97 125 222 54 236 18 229 56 169 32 141 76 81 162 231 137 38 86 252
    170 21 154 64 204 134 237 21 223 107 65 193 59 252 105 130 171 229
    154 10 145 16 106 252 96 103 132 118 141 105 139 58 23 67 228 55 28
    17 75 120 226 118 163 70 106 140 160 159 221 82 40 213 236 193 204 2
    226 174 197 114 42 72 175 234 27 252 98 213 228 51 149 179 12 237
    237 42 239 231 15 84 35 155 194 52 125 209 185 184 121 28 50 236 220
    167 224 135 227 169 223 131 86 179 15 224 255 150 2 197 61 51 134
    188 132 225 28 182 193 138 163 94 146 32 36 191 251 152 181 63 50 94
    96 62 126 182 70 144 5 168 212 48 52 185 107 226 6 114 250 163 193
    49 235 252 18 205 239 170 161 112 92 70 25 75 140 212 14 147 231 133
    13 178 120 87 195 121 158 2 166 191 22 151 116 218 100 175 61 215
    122 143 175 32 33 214 22 123 34 75 132 109 1 175 243 84 192 127 164
    1 223 87 117 112 150 111 9 111 94 227 124 47 13 222 156 150 224 113
    63 247 187 84 177 201 227 78 121 102 159 152 177 255 33 87 117 165
    196 133 89 56 244 169 232 61 243 172 128 206 87 115 190 7 128 239
    179 102 154 69 168 144 11 4 251 109 59 62 90 145 139 166 194 118 40
    172 42 27 192 42 64 33 74 252 161 188 245 221 88 233 208 11 133 41
    75 196 59 93 46 215 246 223 187 45 150 19 39 175 192 25 93 66 218
    122 177 152 12 186 113 69 59 166 105 174 100 173 69 255 106 250 131
    31 5 123 159 140 117 101 152 103 101 134 88 211 208 151 190 204 222
    116 73 93 219 191 61 166 240 113 246 24 191 62 245 114 37 61 14 230
    14 190 200 209 73 152 223 7 136 151 5 196 233 17 236 227 27 194 146
    16 174 38 118 48 94 19 119 186 247 144 68 87 155 53 139 113 7 245 66
    63 100 64 51 224 58 183 219 137 254 191 31 123 212 181 173 235 184
    84 171 248 66 26 71 246 4 25 80 117 95 98 155 133 11 57 64 254 167
    23 214 247 243 172 40 10 250 126 154 8 65 143 131 142 229 135 224
    178 59 154 224 164 105 165 101 22 147 121 169 59 170 156 135 71 52
    208 146 180 216 83 105 182 31 190 204 108 237 157 9 240 234 26 71
    247 92 75 138 96 213 161 249 219 181 145 94 170 97 252 229 66 33 43
    170 70 67 207 81 103 157 90 92 218 5 23 122 7 47 94 166 215 19 251
    188 127 90 184 69 21 172 181 8 213 178 107 141 26 130 58 143 121 124
    34 246 146 204 38 88 255 205 60 41 203 18 70 47 104 90 243 97 205 86
    231 28 95 171 9 235 233 178 14 60 109 168 5 171 110 215 106 35 4 200
    101 237 217 161 167 221 33 159 191 110 22 65 22 102 5 27 217 87 56
    211 39 69 199 250 52 170 242 116 21 229 71 159 171 27 249 47 235 75
    248 70 217 11 105 80 149 125 232 42 66 51 74 35 13 96 146 201 19 102
    72 216 203 11 114 188 78 167 180 215 113 215 176 188 102 136 52 16
    55 207 224 10 124 68 42 179 29 27 51 93 49 149 91 217 208 92 181 113
    72 154 240 189 89 184 11 157 161 187 214 248 132 212 219 127 9 252
    142 31 203 241 64 193 124 71 154 241 211 130 150 140 238 252 174 54
    119 137 140 37 229 114 246 33 58 125 211 228 91 122 229 219 112 130
    146 119 116 41 247 194 53 4 47 58 123 95 145 146 246 63 75 209 149
    192 87 226 69 221 134 78 108 97 78 96 37 170 118 248 94 187 237 172
    211 37 209 205 41 50 106 74 87 99 56 209 234 211 48 253 49 51 84 103
    45 241 170 159 12 250 55 174 242 138 171 55 221 96 238 205 253 54 36
    95 13 232 162 32 128 187 143 85 132 184 69 49 69 174 136 126 170 59
    126 183 13 208 138 213 92 224 3 131 235 176 161 195 43 252 156 220
    139 142 240 199 179 6 169 104 162 7 33 68 232 154 153 165 241 162 16
    0 89 95 142 161 114 70 102 13 92 195 244 117 49 155 190 131 9 85 231
    246 145 18 228 63 126 9 51 171 193 220 160 16 135 23 42 205 38 20 23
    237 1 15 255 187 246 8 236 137 165 30 135 229 146 208 122 32 113 86
    246 101 66 24 91 28 99 91 14 161 193 31 195 88 233 169 147 81 57 191
    227 40 186 194 250 65 97 74 134 208 170 173 220 153 106 64 211 144
    54 99 115 121 135 68 154 164 196 188 133 49 176 95 19 155 208 158 24
    201 149 206 241 139 135 85 2 236 12 115 24 123 52 213 66 24 32 154
    57 26 160 37 65 82 225 163 230 195 23 228 132 116 52 190 6 25 199 32
    155 53 96 247 249 6 107 87 9 5 10 173 68 1 83 236 241 229 67 44 127
    27 13 240 141 236 82 105 61 231 50 230 178 8 143 19 141 124 251 134
    179 204 167 216 194 68 169 165 254 232 9 156 71 83 164 244 74 242
    104 248 166 216 61 135 34 213 239 68 192 223 77 87 170 101 171 217
    86 197 129 210 60 231 159 27 228 18 145 190 244 167 222 44 66 165
    125 73 112 201 145 60 210 24 108 24 168 104 60 136 168 210 219 71
    133 115 129 236 42 177 36 216 231 32 160 208 77 174 108 197 0 94 232
    4 251 214 223 238 243 200 104 249 64 208 62 7 115 38 152 196 127 158
    35 106 181 96 148 179 113 143 169 240 22 130 11 108 167 112 139 232
    45 226 225 235 43 230 221 179 162 217 255 7 128 166 113 110 228 214
    21 69 230 2 42 82 67 82 91 62 141 42 139 54 204 24 15 64 138 46 70
    70 233 171 209 68 165 53 40 16 53 16 168 124 47 21 139 65 31 174 18
    144 81 193 64 251 45 165 238 113 44 204 234 238 138 99 112 111 101
    223 134 231 37 65 148 113 159 214 154 133 191 157 80 96 43 27 183 75
    153 162 163 121 166 166 88 141 84 88 183 22 57 208 14 112 180 106 40
    167 190 223 205 55 104 194 107 141 17 18 25 0 58 176 73 38 250 159
    101 140 110 203 124 124 153 178 194 71 236 220 10 189 233 70 134 217
    237 52 83 79 39 169 250 183 246 239 185 212 86 227 1 71 225 239 111
    145 245 202 93 61 196 31 122 130 24 24 204 63 62 214 184 23 172 219
    49 111 238 7 59 102 100 46 197 193 170 251 98 128 18 146 237 165 136
    88 178 57 122 72 147 99 190 17 193 22 103 129 142 57 232 62 22 245
    176 227 17 160 27 49 186 161 245 82 33 43 136 103 129 241 144 153 98
    222 50 216 221 5 5 93 58 129 128 238 43 96 120 90 195 237 192 79 104
    182 51 124 186 253 125 202 191 176 65 187 154 245 71 3 218 38 70 75
    108 88 152 212 61 209 183 227 199 252 67 95 207 73 52 221 141 98 232
    234 116 205 100 186 18 44 187 22 168 124 136 66 29 202 236 228 56
    206 16 153 210 200 45 88 85 60 143 150 63 106 90 204 103 141 31 178
    66 139 109 131 61 162 26 97 24 151 61 156 58 7 232 184 61 16 164 130
    5 201 1 87 216 17 185 229 70 128 168 131 112 63 46 142 11 160 146 12
    70 131 51 198 185 90 50 212 192 16 199 14 224 57 70 124 175 99 148
    79 67 95 236 6 126 22 187 84 14 78 186 72 40 175 18 251 41 205 213
    41 4 35 64 121 181 100 153 48 175 21 15 206 242 39 43 239 227 199
    129 20 183 158 40 254 169 197 226 13 174 91 89 144 118 254 58 95 66
    225 185 3 115 13 246 194 229 253 185 127 243 28 221 250 163 232 125
    82 225 112 67 5 15 210 166 88 146 164 139 56 140 114 254 123 35 229
    133 69 236 174 177 66 11 6 21 65 106 34 138 17 89 209 230 129 152
    193 226 35 205 28 25 122 61 245 93 76 179 186 235 57 60 114 131 16
    161 94 62 239 176 98 170 200 115 147 33 108 169 250 56 169 138 114
    155 117 181 240 108 57 201 27 238 101 16 146 50 214 146 204 61 193
    131 122 42 10 68 41 170 156 186 147 50 254 185 85 204 159 32 212 40
    138 103 45 118 254 4 94 127 30 171 181 18 108 231 41 164 239 109 218
    67 89 246 13 84 251 113 131 200 104 219 125 48 103 198 204 17 79 131
    24 173 145 118 112 39 222 79 200 85 120 175 150 174 138 141 117 217
    0 26 151 34 45 189 212 1 132 188 21 159 123 244 2 229 82 144 50 3 95
    234 10 128 52 171 138 241 76 19 150 13 101 73 65 219 212 172 246 196
    69 69 66 211 7 32 91 132 107 119 135 223 214 23 39 170 220 68 43 202
    34 197 117 88 230 210 63 55 42 45 111 227 7 132 184 227 95 225 136
    98 31 173 180 35 89 192 47 70 119 205 198 229 227 174 145 247 186 25
    1 211 81 93 214 31 254 71 2 96 101 150 79 136 100 234 57 82 236 173
    178 174 89 134 13 169 133 4 203 198 19 146 87 223 253 242 91 178 89
    119 102 67 129 81 4 134 243 5 203 47 92 146 253 193 207 206 125 246
    82 207 242 112 223 183 221 179 1 156 44 122 80 206 188 16 128 118 82
    103 206 45 199 38 28 236 97 196 124 155 160 234 165 131 90 104 94
    162 146 53 218 55 216 54 159 205 164 228 190 143 68 129 161 91 190
    221 108 68 216 72 158 192 131 200 220 43 40 134 48 19 29 116 39 114
    118 130 48 117 247 54 21 48 79 173 130 85 40 199 49 61 178 3 186 185
    207 90 215 196 75 201 146 141 13 59 234 59 104 150 120 149 23 215
    145 118 27 32 123 207 47 86 217 57 130 49 149 213 111 19 16 97 164
    25 147 33 190 7 37 192 115 152 193 235 112 224 36 186 233 255 105 40
    158 234 243 248 206 245 84 1 172 51 124 231 68 43 116 107 213 159
    122 133 101 194 55 184 153 126 165 242 73 190 182 140 24 17 253 161
    176 210 218 46 98 143 107 106 233 21 52 39 165 130 11 48 168 19 152
    120 139 200 121 74 141 197 117 120 145 169 234 189 160 157 60 210
    189 98 221 41 86 185 54 112 177 84 146 160 86 142 215 152 137 85 86
    71 107 252 96 133 227 137 233 194 221 38 166 69 23 124 234 94 98 242
    88 120 119 6 94 11 232 60 41 34 221 255 71 16 0 222 69 171 226 115
    94 103 88 4 53 171 239 75 165 230 211 36 169 204 182 70 111 191 150
    173 241 255 206 252 30 55 180 9 221 225 227 167 34 70 11 102 42 56
    188 45 214 159 92 120 200 169 113 87 3 130 8 92 101 0 37 30 152 26
    179 198 22 33 235 238 145 129 19 120 3 19 60 126 228 135 224 51 242
    238 215 166 108 71 179 117 98 13 254 194 172 61 90 138 164 81 202
    215 226 73 255 40 49 182 106 67 45 135 112 92 153 192 30 62 98 151
    249 72 2 252 165 204 98 122 50 106 251 37 222 127 223 190 29 207 164
    143 217 20 195 33 64 245 96 167 196 172 30 132 219 234 141 12 150 75
    97 211 40 141 30 216 129 147 154 139 234 193 102 81 22 126 144 156
    30 164 219 198 14 253 64 192 133 80 174 59 183 35 28 33 36 207 209
    120 189 120 68 213 108 249 9 19 139 165 59 106 225 152 4 175 239 17
    176 155 71 234 88 199 181 185 132 50 8 191 218 25 109 164 96 142 39
    227 65 23 173 212 20 156 6 204 47 44 198 29 153 210 61 250 17 191 97
    215 180 227 141 166 130 134 193 154 5 57 20 142 255 244 35 213 36
    244 173 23 14 17 193 245 7 118 139 28 98 51 32 206 136 19 237 49 194
    150 42 248 40 241 30 100 25 152 246 233 242 95 177 135 255 38 119
    212 14 145 18 133 216 29 76 113 3 162 182 245 151 71 100 110 218 244
    8 236 65 89 188 139 66 190 193 31 117 4 228 115 217 248 55 68 190 57
    52 53 169 216 71 206 249 149 198 20 26 212 16 132 54 221 57 33 209
    134 41 237 142 95 105 24 31 153 254 173 40 24 118 15 222 34 134 160
    30 114 89 216 15 192 171 203 217 133 120 253 152 245 95 112 83 228
    236 37 65 205 242 28 179 8 162 166 200 241 208 211 148 4 120 245 95
    70 72 78 166 136 115 73 187 238 30 73 136 192 198 0 124 47 152 76
    146 138 147 168 201 68 142 120 158 22 24 3 118 168 121 133 165 80
    240 10 56 221 156 142 175 207 16 247 234 15 85 85 14 147 165 196 233
    176 135 201 98 27 191 88 146 81 153 207 152 193 133 63 1 70 207 226
    19 109 3 116 80 144 238 246 132 158 80 91 51 125 99 144 185 82 103
    173 219 231 145 218 52 199 104 213 27 91 224 20 98 88 150 246 96 221
    105 138 196 121 125 194 183 97 114 124 59 76 228 40 67 106 152 69
    120 89 48 223 15 201 129 242 128 193 241 132 137 213 239 56 188 112
    148 190 65 139 223 238 2 145 99 189 104 36 25 110 80 253 78 115 45
    115 127 78 52 249 104 186 87 191 99 224 195 247 16 106 86 71 15 111
    151 190 51 132 187 35 149 199 209 146 220 235 177 116 93 222 172 22
    14 232 202 254 70 143 25 45 11 82 181 174 247 98 64 246 86 76 253
    208 88 150 95 38 148 8 49 129 204 171 221 163 83 23 148 132 158 83
    34 55 129 168 31 146 210 95 156 152 195 205 138 1 248 184 248 219
    198 250 197 141 59 200 191 117 208 136 236 187 217 185 132 109 237
    217 176 69 85 220 181 192 235 14 207 175 239 90 144 255 194 24 27 98
    17 29 51 79 70 64 142 218 28 181 112 122 235 210 68 228 188 158 209
    142 235 24 50 178 203 72 235 169 86 0 25 223 132 70 11 108 242 66
    137 167 87 224 147 242 216 220 103 201 1 122 217 140 118 163 58 92
    208 146 32 90 151 208 171 24 2 106 239 92 250 119 195 85 85 79 173 1
    213 144 136 71 121 86 99 153 80 46 119 45 175 245 254 87 159 252 31
    51 1 35 103 230 106 102 99 169 145 244 255 209 223 220 132 123 222
    209 31 99 32 88 208 90 189 47 55 46 41 70 49 85 79 128 246 138 35
    100 77 47 23 167 29 218 64 27 78 145 12 140 217 105 78 193 131 231
    52 172 189 135 73 204 77 72 222 144 162 106 177 199 30 5 132 35 100
    30 42 133 24 140 114 250 66 135 176 79 96 201 78 141 14 188 218 216
    175 18 190 111 189 255 0 210 125 225 206 10 31 29 176 206 191 55 64
    107 249 211 127 142 7 87 63 202 53 57 9 34 54 43 166 21 248 238 126
    46 209 147 101 11 228 19 167 191 130 44 97 233 155 82 217 79 96 23
    228 135 38 87 1 146 213 181 225 254 143 236 34 227 227 78 51 23 129
    240 161 237 16 187 147 38 102 54 124 18 124 60 102 26 67 57 211 165
    149 109</data></test_img>
<my_img type_id="opencv-matrix">
  <rows>128</rows>
  <cols>256</cols>
  <dt>"3u"</dt>
  <data>
    255 0 255 204 18 209 255 174 139 0 255 208 255 255 255 186 247 0 255
    255 169 255 62 255 240 158 0 255 0 117 0 53 0 54 255 99 3 255 95 255
    0 169 178 254 112 29 255 255 237 167 0 187 67 109 255 255 0 0 255
    255 89 255 255 255 21 0 0 103 0 0 218 255 223 178 252 24 255 255 191
    56 197 155 48 24 135 255 0 232 14 40 85 6 115 0 152 0 255 78 83 255
    55 255 0 0 0 97 60 8 255 207 255 79 0 255 255 0 255 255 240 0 0 0 36
    0 0 32 88 255 255 125 151 168 255 0 180 0 184 241 158 255 255 149 28
    0 226 0 189 192 143 240 75 0 51 132 41 255 50 226 255 28 0 86 90 114
    255 255 0 43 255 255 88 40 255 0 193 24 0 19 39 67 0 33 255 192 255
    132 64 255 130 255 169 173 255 109 255 57 8 0 118 194 34 0 8 140 0
    52 31 88 255 255 65 83 204 255 128 0 250 49 0 99 64 242 138 207 36
    151 14 209 255 255 255 174 145 153 82 0 55 255 149 78 211 196 45 163
    227 0 231 107 193 255 0 255 92 149 109 255 255 20 183 0 236 35 0 255
    0 0 0 90 12 10 109 0 182 2 255 255 151 159 151 71 255 0 214 18 171
    36 13 165 67 176 255 222 0 144 0 0 255 69 17 140 255 0 255 255 255
    93 139 0 68 255 85 9 71 179 239 244 165 254 255 30 5 255 255 29 255
    255 59 255 20 22 123 0 19 0 255 98 123 251 60 7 75 0 58 153 0 255
    243 157 255 251 213 99 255 255 112 143 72 230 255 200 152 236 0 255
    255 75 255 189 2 220 91 255 16 213 55 139 0 0 0 0 255 243 0 155 155
    0 255 133 237 93 228 255 157 255 0 0 255 161 225 128 171 0 43 193
    255 71 122 158 0 0 252 50 255 82 132 0 188 0 153 255 8 102 255 5 0 0
    0 255 177 23 0 44 255 0 176 184 74 0 74 0 0 0 50 0 75 255 118 63 164
    88 209 176 115 150 234 45 90 0 179 0 170 23 158 79 35 186 255 99 142
    0 234 106 255 227 221 255 0 67 0 29 208 91 255 21 0 255 255 0 154
    255 163 16 255 116 17 0 22 77 111 136 135 119 255 217 255 167 194
    116 143 0 167 215 210 0 192 255 188 0 83 255 193 73 59 219 116 173
    130 46 164 146 255 0 46 0 228 255 0 222 31 5 228 0 255 237 0 255 24
    88 0 73 153 53 227 225 255 28 0 255 133 87 111 0 255 59 255 111 99
    41 0 11 136 0 255 9 35 80 159 203 73 112 134 15 255 0 157 164 255
    155 36 255 131 226 0 129 0 51 145 164 30 205 65 0 86 209 141 59 37
    255 255 198 0 118 224 82 255 247 85 232 255 35 216 255 255 0 219 73
    255 174 255 22 87 61 165 146 142 108 182 232 136 20 53 145 254 255 0
    255 244 228 0 51 64 252 52 101 255 244 225 27 185 255 156 37 87 97 0
    245 255 0 0 100 48 0 38 57 234 255 135 124 87 221 83 255 150 255 7
    255 0 14 172 170 215 211 255 223 74 29 0 0 126 255 56 255 0 5 214 0
    213 250 15 31 0 56 255 69 255 187 45 160 0 255 98 225 211 156 44 46
    7 38 175 0 175 236 0 71 114 255 66 0 255 255 0 92 255 246 255 26 29
    65 255 255 146 197 113 2 0 106 202 0 110 122 6 252 7 11 213 59 235
    187 150 77 255 0 153 111 0 255 241 236 168 0 255 0 178 169 116 255 0
    255 0 252 37 122 161 0 0 159 32 76 197 215 1 255 37 0 238 222 0 135
    0 255 0 250 255 224 255 0 0 183 255 82 94 255 127 33 129 100 0 35 38
    83 66 255 178 0 0 61 124 255 76 131 1 255 199 255 113 240 0 0 0 74 0
    76 71 32 255 213 158 241 255 227 67 254 182 28 255 209 0 169 56 143
    50 8 0 107 255 108 255 255 72 150 131 255 227 255 140 154 81 0 0 215
    228 0 235 0 255 249 25 255 0 0 235 95 157 122 0 114 91 182 147 0 235
    0 204 219 0 0 190 106 163 233 126 3 137 75 190 208 255 68 255 0 0
    176 60 255 140 129 113 255 3 0 9 255 160 220 167 122 0 35 106 0 255
    199 235 255 184 37 148 255 196 188 27 227 202 218 45 136 255 49 255
    212 243 235 134 139 255 255 247 255 0 67 255 255 120 255 225 0 0 57
    117 255 111 93 177 235 109 166 163 0 148 54 52 237 187 255 49 255
    248 255 237 0 246 202 28 188 125 20 73 235 111 141 224 0 255 255 255
    0 0 217 240 0 0 1 220 9 0 183 57 178 244 34 255 0 255 129 63 243 0
    72 165 217 244 68 255 64 160 125 0 108 196 137 62 0 170 167 192 0
    189 50 168 255 0 174 215 255 170 64 98 201 190 10 146 73 255 224 184
    0 59 221 152 104 144 255 0 240 6 49 127 113 0 32 43 9 255 127 255
    255 0 243 255 198 0 255 220 8 147 114 110 255 255 73 0 229 0 0 45 0
    33 22 0 90 73 205 255 0 0 243 255 255 34 229 72 2 213 0 58 19 71 255
    126 214 71 255 235 80 194 122 0 220 0 250 181 107 0 109 63 192 175
    120 255 0 0 169 197 217 82 255 10 176 35 0 203 0 82 255 62 76 0 255
    255 0 240 153 159 103 239 255 255 24 0 167 89 0 79 143 235 217 255
    68 164 255 158 174 255 255 126 102 255 14 6 51 159 181 237 230 1 255
    255 0 0 255 77 202 17 0 255 177 31 226 142 101 134 66 216 20 227 39
    0 50 89 164 0 79 106 255 217 158 246 191 0 255 55 107 0 47 215 234
    94 0 255 255 0 143 0 75 208 255 129 67 95 79 227 1 255 180 136 23
    250 153 0 130 121 30 75 52 208 157 255 252 0 120 105 30 125 141 22
    209 251 238 255 181 242 88 238 0 47 231 146 0 224 169 184 120 82 255
    0 165 239 0 60 106 171 63 157 0 227 0 255 140 50 0 158 30 110 61 158
    0 106 19 255 40 255 255 102 153 73 0 214 66 89 231 155 202 170 218
    251 255 43 255 145 255 255 152 19 0 243 234 237 105 0 69 255 241 255
    176 82 255 94 255 0 1 12 189 143 33 255 38 36 43 255 255 175 255 226
    240 84 47 12 138 239 0 148 255 66 129 243 182 0 0 187 179 0 0 216 0
    87 222 0 9 42 75 106 178 79 82 0 240 0 255 14 176 255 0 217 21 255
    223 104 215 179 13 92 45 9 255 0 0 131 47 36 226 206 163 150 152 126
    0 236 250 0 31 218 255 84 94 255 129 0 0 194 0 63 218 232 175 255
    255 0 1 243 255 52 197 32 81 14 52 123 81 158 255 255 250 255 255
    255 0 204 211 0 0 0 248 255 37 0 85 0 255 203 133 255 255 255 149
    227 14 179 0 245 0 255 159 0 255 24 0 255 116 255 186 255 22 0 0 17
    64 137 75 64 214 133 89 0 255 0 255 255 7 166 169 253 255 0 236 30
    189 26 95 225 89 255 0 73 196 180 17 0 202 0 140 255 243 62 253 44
    48 128 11 0 113 0 0 0 0 255 0 255 15 91 228 255 40 0 122 66 42 255
    191 224 241 237 0 88 39 255 211 0 255 85 164 255 118 10 0 99 212 255
    224 229 163 187 134 251 114 0 0 222 0 36 207 87 255 219 93 74 143
    191 37 255 120 181 0 255 181 0 0 102 249 25 95 152 185 186 0 255 14
    227 0 200 0 0 0 98 25 239 251 0 255 72 200 255 255 129 51 73 255 255
    65 142 134 0 0 0 86 224 0 255 96 129 43 255 239 0 77 255 53 255 182
    0 0 255 24 1 160 57 178 147 239 150 23 255 35 0 154 255 238 255 89
    18 56 36 255 0 48 0 6 198 215 48 255 197 39 186 9 84 21 158 228 128
    140 0 255 0 121 195 0 255 178 255 255 104 194 0 0 255 0 234 97 0 255
    0 255 141 181 68 166 35 129 133 21 12 174 123 0 112 255 255 33 255
    156 17 0 255 113 0 229 118 255 0 238 254 9 255 0 255 0 83 197 230
    174 67 255 12 0 255 99 183 179 176 74 152 255 0 43 253 128 192 250
    255 104 0 20 31 223 22 0 161 255 110 30 0 255 0 255 133 0 112 245
    255 0 151 255 255 158 223 147 34 0 0 56 239 0 0 247 148 0 255 0 25
    140 139 146 255 0 255 255 72 255 255 230 26 0 234 92 255 34 0 255
    146 255 17 255 233 194 255 0 75 0 255 255 0 68 83 141 255 65 70 252
    255 255 0 191 138 187 241 240 255 21 19 0 169 0 30 0 0 85 46 61 63
    194 75 193 48 72 99 0 0 12 255 230 167 230 147 0 0 158 255 0 69 0
    214 212 13 50 0 0 170 0 34 0 178 112 0 203 115 123 0 187 255 255 64
    255 228 0 211 229 155 20 161 0 51 0 173 190 177 255 59 0 197 0 92 0
    60 213 175 107 0 102 31 177 0 166 226 33 0 89 8 95 0 209 0 239 255
    255 255 22 255 0 47 255 8 17 216 246 255 138 0 255 255 228 50 255
    204 151 196 227 255 0 197 19 187 131 231 46 231 60 0 29 87 152 44 43
    150 255 0 201 0 29 0 215 212 28 235 213 0 46 0 159 55 0 0 225 221
    255 0 160 0 225 255 255 255 0 255 0 43 76 255 197 0 255 211 131 162
    0 101 232 255 0 173 179 213 103 50 0 181 0 255 255 37 255 0 0 83 96
    0 255 82 73 170 255 0 26 255 0 85 255 18 9 149 116 255 255 45 255 0
    138 217 1 67 0 116 255 226 255 154 229 255 0 242 200 255 208 255 255
    255 255 70 28 255 0 0 216 255 0 4 255 255 242 0 145 0 32 0 24 106 89
    255 29 48 97 255 255 173 0 160 135 255 0 255 0 18 132 195 72 249 255
    29 160 12 104 255 189 127 232 83 9 255 69 214 218 0 255 93 81 255 0
    1 50 255 85 148 116 70 183 246 141 189 255 255 0 251 0 251 255 245
    216 0 255 0 199 191 126 117 0 0 0 255 63 78 130 223 94 110 175 0 210
    94 176 83 27 188 92 88 255 254 255 137 0 199 213 255 156 52 0 0 146
    2 0 179 131 98 0 52 18 34 0 0 255 254 170 153 143 0 40 0 0 0 113 0 8
    1 17 222 232 255 129 3 55 137 8 171 162 39 108 198 216 137 242 242
    255 0 197 126 236 38 0 0 255 117 255 160 194 18 229 0 62 90 253 72
    34 255 66 47 11 58 249 206 32 0 23 228 0 255 130 150 255 215 218 255
    13 93 241 247 242 255 143 69 255 175 248 170 142 24 213 255 212 176
    12 136 255 24 67 94 255 28 5 97 170 0 238 0 80 255 130 56 29 167 13
    0 255 255 255 109 208 218 255 255 0 0 101 0 0 0 157 50 132 91 207
    255 221 255 132 0 243 0 0 0 213 0 0 145 255 255 111 255 155 0 151
    214 0 213 212 68 19 255 31 132 255 255 221 143 103 124 234 133 29
    113 39 247 255 0 255 115 187 94 255 41 79 85 140 234 104 255 255 59
    123 0 73 155 226 75 0 108 182 143 96 147 0 219 8 0 138 13 145 255 0
    88 60 59 144 255 201 255 8 255 20 198 90 0 0 255 0 34 0 213 137 0 0
    255 70 198 255 229 255 0 255 0 37 0 0 136 0 142 117 26 174 242 58 61
    255 82 0 161 0 0 204 0 60 0 189 223 0 255 0 215 255 232 0 255 65 181
    132 255 175 0 255 0 0 253 40 255 109 146 49 135 142 255 187 187 36
    255 152 117 0 105 30 208 255 255 0 126 255 52 255 118 255 15 45 177
    26 0 0 147 255 128 3 0 202 255 255 255 24 124 105 246 0 255 162 186
    174 208 126 196 183 32 255 230 207 66 32 219 97 255 0 166 125 212
    168 255 255 0 254 255 118 0 147 89 0 173 122 0 255 11 0 0 135 255
    204 148 33 255 188 250 130 86 226 153 255 0 255 158 101 255 95 0 255
    255 255 143 191 255 69 80 255 189 55 255 144 150 113 0 111 255 61
    106 18 41 0 157 255 244 245 154 255 155 216 210 232 134 203 255 0
    255 255 38 202 255 156 176 104 52 255 0 255 92 255 0 156 255 16 130
    241 0 92 91 18 1 0 0 255 245 0 199 255 99 189 87 251 0 0 0 128 139
    213 24 0 132 255 207 0 150 89 200 255 30 255 87 70 70 0 209 0 55 255
    48 158 46 249 255 212 255 255 78 232 0 15 117 183 0 88 0 255 108 252
    255 49 0 224 47 199 58 0 210 49 50 255 255 108 244 110 255 72 0 0 45
    131 126 255 203 244 164 245 250 240 255 99 0 255 105 242 255 39 183
    51 0 174 242 255 209 255 22 45 207 255 4 1 169 195 203 115 237 188
    52 255 255 0 191 0 255 255 0 89 45 89 24 107 218 255 190 193 255 166
    0 223 214 0 60 197 0 172 255 25 252 185 179 0 29 0 0 176 54 0 166 40
    84 0 217 60 73 216 250 118 108 0 69 44 60 207 138 131 0 18 58 75 19
    0 56 251 255 219 85 182 0 79 76 133 199 221 55 43 4 0 213 0 255 55
    59 117 61 0 76 0 255 61 174 124 162 79 255 237 4 49 0 0 255 255 255
    0 0 254 255 255 255 240 0 250 0 255 228 198 255 255 255 226 255 194
    233 28 0 0 179 0 0 0 254 152 0 255 0 38 132 0 50 25 199 238 226 233
    79 173 126 174 4 225 183 255 205 58 21 0 60 0 255 255 255 255 0 0
    255 144 9 24 50 0 0 255 255 255 255 255 255 25 255 234 27 1 44 0 52
    0 149 233 0 114 170 145 255 255 0 210 0 255 94 130 71 255 101 203 0
    0 139 242 0 0 237 255 255 40 255 134 79 0 255 255 232 0 85 255 0 202
    41 255 119 163 36 201 168 84 255 0 60 7 64 198 255 65 255 255 15 168
    53 87 255 59 145 185 18 255 255 153 243 126 0 0 255 0 218 255 255 51
    0 66 255 21 35 190 208 247 0 0 255 255 193 0 106 96 244 255 219 115
    0 255 84 255 255 61 255 220 238 188 30 151 211 26 0 93 29 31 8 73
    187 114 60 177 232 154 203 146 158 255 129 0 229 255 179 1 100 225
    188 130 209 255 121 96 19 213 188 26 255 0 0 255 0 82 112 255 58 0
    255 25 255 73 255 90 196 120 0 205 134 30 0 0 0 220 0 64 210 255 59
    255 0 241 160 0 118 52 34 32 198 255 94 0 243 180 217 63 131 255 112
    115 255 55 139 255 220 255 206 228 111 211 0 80 0 225 35 0 255 9 255
    237 0 34 255 205 216 52 138 58 203 118 190 136 228 255 255 69 0 0
    206 2 121 96 0 227 71 255 81 133 164 0 255 255 0 0 160 255 89 255
    159 40 86 255 199 219 89 160 189 35 255 0 103 29 255 193 172 216 254
    120 84 129 237 49 137 219 155 71 173 234 180 239 127 213 136 222 112
    0 98 255 255 166 29 0 196 0 114 112 141 255 255 119 240 0 28 0 118
    213 0 119 255 69 0 0 3 23 0 0 24 107 0 203 158 0 255 255 0 193 1 63
    0 4 175 171 0 171 176 58 255 131 40 68 239 69 129 0 0 159 0 0 255 0
    255 255 174 143 255 0 164 36 108 181 109 174 255 170 0 241 255 255
    73 0 190 127 0 0 255 13 0 206 6 102 255 255 92 255 0 177 255 35 0 0
    255 0 0 254 184 190 104 252 89 0 255 197 251 255 0 255 70 195 0 68
    175 71 255 23 54 218 144 254 114 0 190 148 255 42 0 210 133 28 156
    90 13 184 255 255 0 24 105 90 82 213 209 0 99 245 0 92 24 178 225
    134 0 255 0 124 0 0 0 0 209 234 255 124 255 213 251 255 171 27 150 4
    148 234 161 92 0 217 129 236 0 222 160 56 73 0 153 101 85 137 255 15
    91 255 0 188 0 255 174 70 255 255 133 0 209 255 82 228 52 49 255 61
    155 241 255 104 184 255 255 6 66 255 0 66 255 110 186 172 255 164 90
    225 106 29 255 255 0 195 255 243 183 226 54 228 97 95 0 98 255 237
    208 255 226 138 0 0 161 115 124 255 255 0 202 125 86 16 32 52 0 190
    231 122 0 149 140 207 13 226 255 0 255 228 147 10 26 147 166 140 14
    34 0 165 4 255 69 217 0 0 184 148 255 205 255 80 211 255 44 11 224
    57 176 100 111 115 231 9 130 113 176 9 4 83 175 0 250 242 79 41 30
    45 91 255 45 0 0 181 24 0 8 255 0 135 0 0 97 147 86 0 125 73 7 191
    255 58 137 89 0 221 158 0 0 0 255 197 249 255 55 153 255 149 137 0
    255 100 0 248 255 156 73 255 255 171 110 105 185 216 0 255 255 0 138
    108 205 255 120 212 200 0 17 249 255 0 30 0 186 248 85 255 93 9 197
    255 117 53 133 86 220 0 0 189 255 0 239 248 125 0 205 255 186 251
    164 255 142 0 50 255 206 237 251 255 206 255 30 155 153 255 0 43 32
    0 0 219 254 65 77 67 255 69 156 248 43 255 121 67 77 127 15 255 62 0
    128 26 79 255 236 98 61 244 0 174 255 1 255 252 250 255 255 186 120
    176 255 255 255 0 0 231 255 255 150 186 255 255 255 255 255 0 89 115
    202 139 165 86 111 90 0 33 187 248 33 230 0 128 0 1 18 91 189 0 0 0
    0 255 0 0 34 15 255 255 209 209 112 205 225 99 171 44 72 255 0 0 64
    183 255 37 25 199 160 43 93 255 255 241 0 60 161 240 255 255 97 76
    235 231 71 89 153 38 0 255 255 197 237 129 255 252 121 255 255 227 0
    54 35 0 0 0 71 255 12 255 219 0 125 0 32 129 199 171 149 137 241 187
    128 255 255 222 45 0 150 255 53 146 61 107 82 255 255 91 45 168 0
    137 0 0 255 162 192 211 139 208 248 137 255 224 0 255 18 176 0 108
    44 242 0 0 0 38 191 181 50 255 86 83 255 160 67 213 255 202 29 255
    142 15 244 157 254 0 255 252 100 255 255 0 255 0 209 136 0 237 0 0
    14 137 5 255 193 0 0 8 107 193 194 0 8 139 255 255 255 130 19 229 0
    84 35 28 0 202 255 24 56 105 96 255 0 182 245 151 207 255 49 0 79
    255 90 75 141 219 25 167 230 41 255 215 104 207 100 143 45 42 25 40
    188 215 0 145 255 107 229 153 255 199 192 161 249 0 0 255 17 255 12
    249 73 30 62 201 207 255 0 255 255 103 96 216 0 126 255 180 0 112 0
    159 240 173 133 252 0 18 99 254 113 208 144 189 123 232 255 104 143
    40 150 0 85 152 0 49 255 15 0 178 81 147 139 255 255 57 0 43 255 73
    185 255 42 0 138 92 0 0 255 0 181 50 151 197 13 16 83 126 255 95 24
    110 0 139 169 128 0 255 80 0 32 134 135 255 45 0 152 76 0 91 30 198
    134 101 23 32 167 210 177 7 122 255 255 255 255 55 109 46 255 36 255
    255 152 64 0 185 81 0 192 132 0 188 8 159 66 0 5 57 173 255 0 0 255
    178 246 252 255 0 255 0 0 207 173 255 0 242 16 255 218 255 216 155
    142 106 61 94 255 255 255 177 255 149 102 0 202 173 255 124 26 202 0
    12 68 104 0 0 0 163 255 255 60 0 255 123 180 107 232 47 1 251 153 0
    0 49 52 0 0 255 123 44 250 255 57 61 241 0 19 78 0 204 255 245 63
    181 0 0 0 203 255 90 117 108 255 222 104 255 0 255 62 127 10 0 236
    225 146 230 115 86 0 255 89 56 70 255 233 0 215 197 212 19 255 13 54
    255 143 126 255 142 0 198 238 0 193 65 255 56 41 68 246 41 249 0 31
    0 0 255 144 0 249 0 97 195 250 47 0 255 140 255 183 67 182 1 238 255
    0 78 255 0 200 66 255 149 249 216 255 156 120 152 0 181 181 163 182
    18 0 179 150 172 255 255 187 255 194 255 94 120 146 110 255 228 223
    255 18 93 12 34 115 137 230 4 107 255 255 188 205 0 250 178 47 0 255
    65 255 221 0 2 223 70 17 34 0 99 194 52 255 0 225 1 16 188 124 0 224
    0 239 69 110 53 69 18 2 255 0 222 255 137 0 255 97 0 120 9 255 255
    44 221 130 204 222 0 80 126 255 176 132 255 25 70 27 255 97 99 255 0
    246 103 0 251 53 0 239 119 255 112 167 50 255 254 255 70 0 219 57 20
    134 14 52 193 98 49 0 11 50 113 139 255 0 238 52 255 1 119 12 48 131
    24 175 247 114 222 255 201 0 173 0 190 255 92 19 209 0 44 248 255
    255 238 214 0 255 255 23 86 50 241 255 0 255 115 255 96 0 0 227 255
    0 104 40 0 220 199 140 108 255 255 189 255 203 238 0 6 205 68 0 153
    0 255 200 65 0 2 0 88 0 0 98 45 94 0 237 14 2 128 155 11 65 173 255
    166 79 255 229 46 160 0 110 0 161 49 241 117 238 244 255 255 0 242
    68 24 111 10 0 76 0 222 18 0 153 249 154 134 66 0 0 148 214 51 0 124
    108 10 0 168 165 255 2 255 5 166 211 255 0 0 255 44 220 125 114 29
    43 255 0 0 255 12 255 0 255 0 230 181 9 0 28 255 144 255 240 0 99
    190 16 136 255 19 11 45 93 19 123 0 255 169 236 232 74 0 174 0 0 205
    22 0 255 137 96 255 255 59 0 255 0 255 14 255 104 122 167 26 0 0 62
    190 0 45 255 225 255 0 255 49 130 83 0 255 0 47 0 253 113 154 200
    241 174 231 160 240 255 219 62 255 168 173 0 0 165 247 12 227 0 255
    43 158 85 37 255 0 0 164 5 12 130 0 27 0 0 217 255 160 147 202 0 235
    175 255 255 174 0 22 255 255 0 117 255 67 81 38 0 69 0 225 0 0 0 0 0
    188 255 172 255 196 0 196 237 65 202 255 255 0 135 9 0 92 167 9 31
    88 94 30 196 244 129 58 102 134 190 120 15 92 5 255 255 245 22 236
    255 0 39 255 196 28 44 4 171 0 236 0 255 88 255 0 255 255 91 43 214
    225 52 0 64 104 140 255 124 101 176 157 45 255 255 25 162 0 112 172
    0 0 85 0 31 244 255 126 89 0 139 187 92 255 51 4 69 0 95 193 5 1 0
    75 250 17 140 73 255 230 204 255 255 229 255 129 134 255 0 141 135 0
    35 235 55 40 114 179 255 2 0 0 165 0 255 255 95 255 121 184 142 160
    63 244 0 31 0 206 121 0 33 246 243 244 80 71 152 191 159 0 255 33 54
    22 0 72 206 52 133 106 255 25 156 255 105 121 134 172 221 130 213
    212 255 0 169 89 255 242 255 255 0 0 255 0 107 170 255 9 0 0 240 255
    0 22 70 0 176 53 102 193 102 0 70 242 75 20 255 255 0 207 233 143 32
    0 230 88 255 98 0 0 255 46 0 224 0 0 204 116 255 0 105 111 171 0 255
    255 0 255 0 255 96 152 234 55 239 64 0 63 83 105 137 0 236 124 0 95
    0 211 0 216 255 214 0 95 42 235 251 222 0 20 203 52 61 255 255 0 66
    0 83 185 0 0 32 0 255 252 255 30 255 163 255 133 77 227 255 58 243 0
    0 15 159 0 255 236 210 173 7 102 255 0 150 24 255 13 38 142 0 255
    255 255 237 255 97 0 254 233 130 0 236 0 0 6 177 255 134 0 230 0 187
    167 138 255 0 72 255 45 217 71 197 255 130 62 78 0 215 161 255 255
    34 255 32 141 255 255 141 214 74 255 220 62 255 92 167 0 0 255 111
    255 166 0 255 0 171 224 200 0 255 0 85 198 0 80 0 255 255 78 220 222
    60 117 0 242 255 239 227 22 8 255 215 203 141 26 0 248 230 0 255 185
    255 203 0 0 255 249 255 0 160 157 0 153 14 201 86 255 0 0 255 117 15
    0 144 255 234 154 84 0 255 161 95 120 1 36 88 166 255 74 255 255 2
    255 93 228 255 255 157 40 203 139 255 79 0 166 5 217 0 106 0 140 0
    107 0 1 16 143 255 0 61 124 148 191 0 234 10 0 0 0 170 0 120 70 0
    250 255 35 245 0 118 255 0 31 0 247 15 37 0 29 255 0 117 53 42 255 0
    0 106 93 0 206 154 255 119 115 42 255 0 194 229 41 53 50 10 255 199
    0 22 124 255 139 255 162 136 0 255 0 236 0 219 161 106 255 255 255
    180 63 96 255 48 0 174 68 255 255 14 228 195 239 177 101 236 67 0
    255 0 255 204 159 255 255 198 250 88 49 13 47 0 25 167 0 63 255 0 0
    0 0 98 146 205 81 88 0 203 255 0 119 255 255 62 255 107 232 2 166 37
    95 0 255 13 86 0 167 248 229 255 39 0 255 0 230 233 100 196 184 221
    165 255 97 255 255 255 99 167 184 117 201 0 229 255 148 255 0 131 0
    180 128 119 0 139 166 255 132 255 194 0 109 173 117 255 53 255 176
    72 50 255 0 0 0 208 60 0 0 255 255 123 188 162 31 0 224 242 83 34 11
    173 255 164 26 67 255 255 214 20 50 71 135 133 255 179 0 0 109 0 0 0
    0 255 6 14 250 139 255 255 255 112 217 0 0 255 130 210 113 192 173
    113 195 176 215 212 234 93 255 0 213 0 215 0 154 255 255 255 255 255
    255 128 255 141 84 0 0 27 0 0 176 0 249 151 151 0 219 32 217 225 255
    254 202 255 5 156 121 255 69 115 67 30 109 0 0 25 81 111 191 252 253
    208 255 167 255 255 45 255 255 255 62 0 94 115 0 237 255 1 83 99 255
    37 223 80 203 24 0 8 0 205 73 159 255 177 213 169 0 16 128 0 180 0
    82 255 0 98 0 37 255 255 0 255 255 0 255 0 255 86 255 160 171 255 22
    100 255 207 0 8 122 255 255 30 65 0 0 125 113 100 0 97 209 255 0 242
    255 107 255 126 0 182 19 117 0 105 255 0 140 255 222 230 255 255 0 0
    127 34 153 25 255 180 62 255 138 185 55 77 253 254 185 214 185 0 5
    63 130 111 255 29 121 20 67 64 82 75 18 0 136 255 106 89 7 255 0 0
    255 98 183 208 0 255 198 0 166 74 255 65 255 75 255 0 255 203 227
    255 0 34 0 37 0 84 217 70 255 190 255 148 134 255 15 175 177 255 0
    195 193 255 215 173 255 0 164 36 154 255 239 179 36 197 196 0 13 118
    255 255 55 186 59 255 110 199 113 0 90 255 67 113 0 142 0 39 139 0
    127 139 0 0 240 212 255 185 164 202 0 255 0 169 255 10 0 255 0 255
    49 255 0 160 255 218 116 255 147 21 225 130 125 0 255 155 70 255 179
    255 0 255 0 0 201 0 149 185 214 0 0 218 192 166 218 0 0 0 8 36 0 255
    229 150 255 244 9 161 255 0 0 202 42 35 21 88 0 242 255 240 194 151
    255 44 0 0 0 0 0 173 193 0 170 150 173 255 53 238 4 230 192 83 155
    245 0 0 209 255 53 0 82 16 255 0 199 66 16 118 184 0 118 210 79 241
    0 255 216 213 0 190 222 178 129 255 0 0 186 15 0 255 255 130 255 15
    0 0 219 141 159 255 179 255 43 151 131 0 145 62 0 17 255 255 137 255
    250 151 247 255 255 255 31 0 0 67 255 69 234 129 119 28 220 127 244
    235 0 255 255 255 186 0 32 184 85 249 209 227 160 0 0 191 0 148 116
    40 5 255 44 145 0 236 0 28 56 255 255 84 0 255 30 0 0 132 0 220 188
    0 227 255 160 167 255 202 255 236 208 31 0 0 210 84 0 0 46 10 200 0
    1 157 228 194 28 190 95 62 87 0 0 118 243 166 111 178 255 0 255 255
    25 204 29 0 181 166 123 0 246 223 255 188 88 63 153 255 0 222 255
    120 57 255 113 255 0 0 255 255 19 0 140 142 253 229 103 6 171 0 108
    255 0 153 252 201 0 57 255 0 255 0 201 0 140 177 48 255 167 197 236
    255 77 183 255 0 15 33 215 0 8 7 241 255 0 255 13 65 215 0 206 18 9
    241 237 255 73 181 198 184 113 30 55 119 255 25 177 122 255 64 66
    135 152 86 237 105 0 37 255 252 237 231 254 121 100 0 0 32 0 255 229
    230 171 61 238 0 0 182 178 242 59 90 255 28 2 108 43 169 48 255 206
    35 202 2 0 20 185 132 138 159 99 6 250 0 205 42 0 255 251 64 70 159
    0 171 197 250 202 197 141 176 8 138 0 46 255 255 0 47 177 136 136
    191 241 255 0 99 45 240 250 67 108 181 0 122 255 220 136 53 68 111
    195 162 0 0 255 91 0 163 103 49 202 188 123 255 115 0 19 86 0 0 214
    255 255 183 0 20 73 53 239 32 0 0 255 15 0 6 255 46 29 26 130 85 80
    0 138 58 223 255 0 255 71 255 39 0 0 177 29 145 0 104 0 172 0 0 0
    159 167 0 101 0 255 45 243 255 203 255 31 58 242 149 32 137 255 102
    29 0 36 102 81 46 139 32 0 255 255 73 46 0 188 0 255 117 255 245 114
    111 255 173 0 74 146 127 63 255 153 5 158 139 86 255 221 20 255 181
    0 48 229 0 35 32 41 107 54 242 157 0 0 113 0 0 121 67 255 120 255 18
    0 0 68 247 202 54 174 255 0 195 183 255 0 97 0 0 238 0 255 0 172 109
    0 0 0 85 0 0 206 128 124 255 255 0 129 5 0 255 162 0 77 182 242 115
    255 223 213 0 255 164 127 143 0 23 166 110 136 255 243 71 255 6 242
    132 47 3 58 255 255 240 0 0 0 0 255 0 113 125 90 223 255 110 191 13
    219 255 44 5 5 18 192 255 0 208 222 98 222 149 189 165 0 255 0 105
    45 233 255 0 57 7 0 255 119 113 255 255 255 81 131 13 6 12 255 239
    211 193 255 244 8 255 137 204 37 0 212 149 154 227 0 24 255 53 255
    179 6 67 132 114 0 150 160 255 248 164 255 255 227 115 229 173 0 0
    56 6 223 14 0 63 243 211 236 129 254 15 227 0 255 237 255 201 0 176
    56 44 12 22 168 0 242 255 255 0 255 0 108 133 0 182 188 0 33 107 99
    9 255 237 211 255 93 26 123 52 0 0 255 0 203 180 211 0 203 127 172
    224 229 114 241 0 115 226 184 112 120 215 0 193 0 102 0 154 255 215
    255 248 13 255 250 0 255 0 156 255 12 64 52 130 222 121 78 132 94 0
    115 138 168 132 253 0 4 254 178 255 24 212 255 128 119 0 141 255 177
    255 255 92 245 115 255 244 255 69 126 255 0 218 3 255 95 255 130 190
    92 255 255 35 255 227 255 17 163 210 172 191 34 0 167 87 35 72 137 0
    121 0 54 0 255 136 0 24 23 204 0 98 41 117 41 0 244 226 198 74 39
    173 213 154 255 0 39 27 0 148 246 255 255 97 90 172 164 158 233 100
    168 240 139 188 0 255 37 61 87 0 255 205 242 207 255 245 255 145 95
    239 162 74 155 0 18 210 255 0 4 168 230 0 255 0 133 93 41 39 0 135
    183 0 110 116 255 0 20 0 141 255 71 255 146 0 86 104 0 151 170 18 0
    183 128 0 255 96 30 0 16 255 183 0 0 21 255 255 190 255 255 0 233
    255 7 26 213 209 96 255 255 64 255 183 255 0 0 113 0 255 255 31 200
    164 130 255 255 255 146 251 46 0 255 165 255 88 101 0 116 189 45 16
    225 58 90 103 255 112 152 0 81 177 255 125 0 0 255 31 195 168 255
    187 36 124 0 210 50 151 255 0 147 77 12 214 124 0 255 13 18 0 109
    119 139 33 68 255 255 10 167 255 0 42 86 113 119 0 114 0 242 150 0
    255 255 255 255 0 47 255 165 0 0 214 163 44 18 255 246 141 255 255
    152 86 163 122 101 255 95 0 209 155 255 245 98 0 197 146 229 0 170
    225 221 223 0 0 69 255 166 29 142 0 192 255 30 46 0 37 0 0 64 31 255
    7 23 218 0 98 181 59 0 255 255 88 94 253 255 151 0 79 0 90 38 149 61
    45 235 255 123 255 149 77 208 162 255 28 255 72 0 255 5 237 253 255
    126 0 255 0 255 255 167 148 63 198 60 0 41 0 0 255 197 142 23 15 6
    103 0 255 92 0 102 0 77 0 0 4 239 0 230 36 147 0 255 184 220 3 255
    255 255 0 207 138 80 167 0 0 24 60 5 0 252 255 0 202 0 0 80 164 148
    215 77 207 10 0 6 0 141 187 243 69 73 255 62 106 152 232 117 139 14
    0 229 52 76 101 77 29 14 255 55 0 193 0 43 255 93 255 255 255 243 36
    102 103 208 0 133 6 255 132 198 255 99 0 2 68 0 255 30 129 72 57 138
    138 255 220 75 69 0 255 0 0 0 255 0 255 0 0 247 222 70 0 0 51 44 185
    152 0 255 150 0 0 0 27 16 255 255 0 255 41 4 0 189 0 0 0 153 243 76
    35 116 255 84 0 255 45 255 207 0 23 134 157 100 27 16 0 190 166 223
    0 51 255 43 0 255 0 236 212 255 166 255 255 71 0 255 0 0 255 255 255
    255 105 255 239 0 255 53 180 6 83 54 255 152 90 0 0 189 45 0 255 158
    228 0 236 137 103 0 255 200 24 0 4 189 52 220 0 0 71 255 140 140 248
    0 255 217 0 193 137 0 67 255 0 85 0 92 130 255 0 34 158 113 37 70
    204 237 81 199 255 101 51 10 170 47 104 255 0 255 197 73 0 0 154 192
    255 80 38 75 132 255 161 255 141 255 118 80 224 0 188 255 169 255
    113 255 156 242 64 9 62 0 59 160 255 246 239 0 34 176 255 255 46 122
    255 196 180 0 173 173 192 159 132 54 0 222 0 255 40 228 138 181 253
    255 173 0 55 32 0 250 78 255 252 45 255 245 255 111 0 44 159 216 182
    29 49 172 255 26 0 246 80 5 168 229 209 232 208 110 255 64 123 231
    255 101 255 203 255 198 3 28 32 255 231 92 255 0 247 157 1 255 58 48
    0 165 252 0 24 177 0 230 111 102 97 0 137 255 151 15 103 83 163 114
    255 0 253 255 34 0 143 238 42 107 25 184 136 37 30 188 13 205 153 57
    200 0 31 183 255 185 225 171 255 255 0 255 228 255 136 140 248 0 0
    236 48 90 21 0 255 30 126 255 0 60 212 0 255 35 0 0 140 162 255 255
    255 255 103 197 118 179 255 0 38 30 255 124 255 190 0 0 154 21 255
    255 252 228 0 0 0 98 53 0 17 255 201 0 131 149 255 255 237 141 0 246
    80 53 91 178 143 0 255 92 64 2 204 255 59 0 255 114 0 215 255 220 42
    0 0 255 50 228 0 0 40 215 136 187 255 232 210 0 68 219 62 218 0 6 20
    0 0 0 246 223 239 255 255 73 255 255 120 255 0 255 28 255 255 0 255
    122 83 93 71 106 0 125 240 40 19 29 82 29 255 46 234 162 107 255 255
    255 112 178 97 234 96 255 244 255 152 180 153 3 255 11 206 146 255 0
    88 0 209 225 9 197 227 86 0 109 54 114 56 70 69 229 255 99 127 255
    202 255 107 0 25 52 255 199 59 223 247 21 132 41 15 84 27 0 147 83
    10 255 209 255 35 0 237 238 255 104 143 0 158 75 255 0 255 63 80 255
    255 255 0 183 252 0 164 0 0 44 100 255 120 79 255 0 255 255 0 29 57
    0 255 120 234 4 255 48 195 185 206 255 104 156 39 16 150 0 255 0 241
    100 107 27 146 0 0 0 255 136 0 245 122 224 121 72 58 155 195 47 255
    138 101 222 0 141 123 67 126 26 0 245 253 0 22 0 255 62 0 154 72 26
    255 197 101 255 0 255 255 0 42 71 219 189 159 111 171 148 0 252 255
    237 67 0 137 0 40 0 0 255 155 255 255 0 0 209 131 0 35 255 99 246
    120 0 0 83 137 176 0 252 132 58 161 255 56 255 204 185 177 0 0 0 84
    244 46 255 255 205 195 127 0 174 0 32 37 152 198 106 74 255 56 198
    100 44 255 0 169 255 248 114 0 98 13 58 255 255 193 68 255 255 95
    217 118 72 0 48 106 122 255 0 255 0 0 199 202 166 64 88 0 122 74 255
    176 0 255 158 56 205 137 136 255 221 98 202 141 255 139 255 0 255
    255 255 119 223 182 0 16 29 0 48 140 148 255 46 246 50 31 255 0 0
    111 0 0 0 9 1 0 255 60 0 0 176 30 84 0 226 27 0 49 0 129 221 21 23
    168 0 168 90 87 27 255 255 255 36 250 111 255 154 215 0 255 0 185 0
    203 162 0 20 157 0 255 79 225 195 0 78 161 107 171 161 4 0 255 255
    255 0 255 255 0 80 255 0 242 0 255 175 112 0 38 205 8 104 55 0 0 255
    29 211 185 0 255 255 177 0 5 255 255 0 255 182 60 185 22 182 0 0 226
    134 133 112 151 0 33 255 205 211 106 0 0 5 123 193 186 78 0 90 0 137
    46 141 133 6 141 71 200 9 255 181 255 175 70 203 0 115 0 255 255 108
    70 255 254 70 176 0 54 0 51 255 0 31 214 239 255 158 228 89 7 131 77
    118 241 0 0 221 0 211 255 143 49 14 255 181 230 255 39 0 255 236 158
    207 84 178 214 221 30 255 255 133 255 255 0 0 0 255 143 0 255 20 231
    0 181 148 139 154 134 201 0 73 196 201 0 154 255 0 0 71 195 124 72 0
    243 170 0 16 255 49 255 0 253 8 0 255 8 39 255 0 0 55 0 111 251 200
    0 0 255 241 135 255 159 216 255 0 0 255 219 141 0 181 249 33 0 229
    146 120 0 200 175 141 107 255 0 255 255 0 54 69 146 227 255 165 255
    24 0 255 7 105 255 142 94 184 0 0 255 252 248 10 52 62 155 171 255
    255 151 255 172 225 182 255 66 116 74 174 0 173 38 202 255 255 162
    251 231 105 62 0 29 255 206 128 210 255 47 0 168 104 226 63 0 154
    158 12 0 255 255 172 167 220 255 253 255 132 255 252 181 203 228 129
    122 251 232 106 0 43 46 0 236 255 127 39 31 166 0 33 255 255 0 189
    255 171 0 0 6 147 185 59 255 218 75 35 0 0 0 21 231 18 253 142 86
    255 219 156 255 255 36 255 0 0 11 46 185 123 85 0 0 255 212 21 255 0
    245 191 177 226 222 255 255 0 255 169 20 176 85 14 69 186 221 167
    255 81 201 168 29 189 197 0 255 60 189 255 184 206 255 184 0 238 255
    103 255 255 0 0 245 0 255 64 195 255 255 0 255 173 49 202 205 117
    231 206 157 0 0 186 0 0 0 28 211 187 179 74 255 12 197 85 46 108 0
    183 57 255 255 214 255 228 200 255 231 151 168 24 146 0 0 114 181 52
    243 255 92 0 82 180 140 35 0 83 172 112 36 145 0 255 34 255 0 153 0
    0 255 255 255 255 33 255 243 176 92 0 41 61 140 68 243 218 26 73 10
    240 0 255 124 240 111 255 0 27 85 0 9 84 210 129 220 0 0 13 42 60
    255 0 0 61 0 109 255 38 139 255 130 0 221 237 67 171 255 0 203 13 0
    147 70 0 0 255 54 137 67 0 143 0 0 255 146 90 255 255 148 49 23 0
    106 24 10 255 38 255 255 250 217 0 0 255 114 0 176 0 185 178 61 23
    83 101 67 141 0 12 213 0 255 64 66 17 26 218 129 0 174 0 255 239 88
    66 245 255 21 0 119 36 60 146 196 147 0 233 255 208 0 139 94 215 124
    145 255 95 177 84 18 197 237 0 226 27 81 22 48 52 230 76 185 176 65
    166 213 64 183 183 0 0 255 184 0 20 185 18 196 255 252 111 81 17 255
    242 14 156 155 45 244 59 60 37 255 255 208 108 74 148 197 5 245 168
    10 255 227 113 213 33 255 200 34 17 255 79 255 87 255 255 144 225 97
    72 130 254 255 109 113 0 255 223 193 255 255 255 199 218 196 94 255
    57 0 0 199 255 146 127 245 5 0 12 63 255 82 194 53 0 0 184 255 0 190
    224 39 70 200 184 38 59 32 165 115 170 210 111 255 60 0 18 0 132 175
    0 219 83 252 5 181 39 45 89 255 0 129 36 193 0 124 22 0 0 54 89 0 34
    255 94 0 255 0 0 25 57 186 108 155 52 0 74 137 161 39 62 255 249 162
    115 255 255 255 144 255 255 164 150 255 255 148 139 22 183 103 126
    43 64 68 255 13 56 209 255 13 215 116 143 88 202 0 18 113 243 255 28
    81 36 174 167 198 93 253 136 190 0 255 123 0 0 135 0 255 80 38 255 0
    255 0 128 132 183 12 255 83 165 78 249 109 0 168 255 185 205 0 0 230
    0 67 49 137 145 0 0 169 255 172 0 255 237 0 148 175 237 0 42 85 0 0
    173 218 0 0 255 255 113 131 0 0 255 0 77 0 255 112 25 255 120 159 77
    218 113 17 255 0 36 35 187 165 28 93 212 162 69 0 7 197 71 162 51
    158 0 85 0 255 0 0 255 255 228 174 255 76 99 255 58 255 255 0 244
    255 255 102 255 88 230 100 0 0 0 228 168 0 235 22 17 17 185 0 255 23
    202 240 255 17 186 9 0 6 0 191 254 214 40 89 63 59 115 255 40 255 47
    203 68 0 255 0 95 224 163 0 231 244 123 0 0 253 0 172 9 174 0 255 14
    203 255 0 255 157 15 0 255 149 160 255 255 191 151 170 79 135 0 52 0
    0 23 0 0 0 184 197 65 255 213 83 0 113 255 25 136 68 119 37 51 129
    88 0 110 119 255 186 216 255 255 255 192 102 176 28 184 255 205 255
    255 255 109 255 112 255 130 118 255 239 255 15 201 174 100 255 255
    255 255 131 155 255 53 0 255 255 23 75 255 241 255 255 8 0 0 159 99
    255 98 42 83 0 114 101 183 146 255 255 225 42 232 255 255 255 255
    255 255 40 0 83 219 125 90 255 105 0 108 137 246 255 110 128 80 255
    0 0 133 0 0 0 216 0 177 0 0 255 0 213 255 0 255 46 255 175 233 0 175
    105 255 136 118 0 235 255 0 165 155 110 26 180 188 210 62 146 71 150
    44 171 64 127 253 107 212 0 227 214 29 71 255 255 153 0 202 0 0 120
    0 194 194 94 219 255 127 0 0 166 137 48 255 207 37 128 234 212 93
    244 255 164 248 242 240 255 0 188 231 194 9 85 151 210 0 158 235 255
    48 144 255 20 0 201 255 255 255 149 246 255 123 165 179 133 76 255
    27 59 109 224 0 87 255 0 126 0 211 103 255 194 255 47 255 79 255 209
    0 85 243 208 196 0 144 81 255 255 162 41 48 164 42 255 240 1 24 0
    105 0 0 0 255 131 50 143 255 255 92 255 250 143 255 255 0 203 207 87
    67 106 255 194 127 255 255 197 255 245 222 0 91 168 59 0 249 150 0
    182 84 188 151 255 255 64 150 243 168 98 121 255 162 14 148 197 255
    98 108 255 0 152 145 255 255 250 46 217 0 145 181 255 0 15 255 98 46
    255 57 41 219 0 36 0 0 14 146 66 102 133 124 95 196 255 226 137 110
    255 0 255 255 255 240 0 80 158 0 149 255 221 73 173 255 60 27 195
    255 67 0 255 83 0 52 230 104 0 31 242 46 255 90 246 106 191 201 31 0
    255 115 29 247 255 255 70 225 255 255 255 255 255 112 155 199 0 27
    230 255 222 182 170 0 187 242 0 122 242 255 200 35 151 149 255 255
    45 204 0 0 255 255 255 255 246 0 108 152 5 255 223 255 255 255 213
    255 255 0 43 56 213 0 65 104 241 164 0 0 94 86 0 163 248 193 131 134
    153 198 0 229 228 125 255 248 174 127 255 255 120 255 177 222 0 31
    73 0 46 165 236 81 0 225 113 184 99 22 79 184 212 255 0 0 0 65 0 251
    255 126 0 255 234 0 207 249 139 255 0 255 85 0 170 31 60 0 0 69 172
    222 0 192 255 0 184 0 114 205 200 29 18 67 201 255 0 217 0 255 255
    128 0 117 107 255 124 76 108 54 123 255 218 247 188 0 0 255 255 115
    220 0 255 0 255 0 188 255 0 255 0 109 0 0 91 112 14 0 0 0 255 255 0
    0 226 79 255 198 241 0 81 255 255 255 197 210 0 0 8 97 0 255 255 20
    108 101 0 101 10 255 255 251 236 65 255 34 83 255 0 47 161 6 0 199
    113 183 0 32 226 0 166 18 228 250 0 170 215 106 179 140 255 250 255
    255 43 0 255 119 0 119 0 255 167 0 0 255 255 161 0 142 21 158 0 255
    255 255 216 0 40 220 21 48 152 172 27 0 214 238 255 255 165 126 0
    255 189 255 0 42 0 87 0 87 0 0 0 238 166 0 255 18 255 7 202 0 159
    242 11 48 225 35 0 239 144 0 16 211 0 255 0 0 196 6 246 255 255 30
    28 82 0 70 198 255 92 0 143 161 102 216 248 170 248 91 124 255 161
    78 30 0 44 255 62 0 7 0 0 255 175 0 215 0 11 242 112 255 255 157 209
    255 227 49 233 255 168 255 57 197 39 44 226 231 255 0 52 255 0 28
    190 0 69 249 205 40 133 255 49 206 189 255 13 57 255 38 0 0 0 86 255
    235 255 72 53 225 0 35 166 61 228 8 136 245 255 153 22 114 0 255 255
    104 142 255 213 0 0 0 135 140 219 242 44 231 255 176 190 255 157 9
    154 0 0 93 2 123 100 109 201 0 0 0 255 255 0 167 213 53 255 0 255
    248 15 54 255 133 0 206 0 255 169 0 164 255 56 248 92 89 89 0 15 0
    139 57 222 149 40 52 111 71 138 95 226 1 143 0 255 63 150 189 0 19
    169 9 142 252 255 137 152 37 0 0 0 0 169 112 26 0 71 187 0 119 190
    132 0 247 131 200 21 0 255 3 0 0 145 222 191 206 255 0 19 54 60 255
    246 38 82 255 42 172 0 213 190 190 117 0 255 124 236 255 255 0 255 0
    95 117 255 0 153 14 255 50 255 131 255 198 116 0 255 255 0 63 100
    104 172 0 77 65 91 215 47 168 215 50 0 69 255 222 0 163 100 166 69 0
    99 16 112 42 249 0 235 255 46 0 200 75 46 0 16 120 220 124 114 0 255
    173 255 178 22 0 0 64 91 0 255 114 255 0 33 255 136 0 165 121 255 9
    20 90 84 38 125 255 255 255 62 255 107 188 5 64 219 92 127 86 0 31
    18 124 255 1 116 255 7 0 59 255 172 13 38 255 0 0 142 228 215 108
    252 255 33 255 6 255 228 183 0 125 86 0 184 140 182 223 255 67 255
    255 14 255 100 71 0 255 0 198 247 74 47 255 212 98 169 77 195 35 0
    255 98 0 6 0 0 0 190 184 255 255 158 255 0 131 106 172 255 255 129 0
    255 78 255 0 0 0 112 255 64 119 255 255 247 0 129 203 18 113 168 11
    226 235 204 52 228 0 40 29 253 173 0 92 144 74 250 255 238 0 24 0
    255 173 165 129 0 108 159 0 51 255 35 255 85 0 76 100 0 211 255 0 0
    149 82 23 78 190 255 70 159 249 255 255 197 252 0 0 255 179 213 200
    59 167 0 0 255 84 28 0 35 255 158 35 0 116 0 239 65 255 0 63 0 68 0
    0 141 255 0 255 63 110 105 22 0 49 98 255 122 99 161 0 140 100 255
    208 244 18 0 0 38 252 255 255 137 125 69 255 179 186 69 233 203 90 0
    255 255 0 50 209 0 103 11 212 112 105 196 6 131 226 236 7 58 0 213
    135 205 59 255 249 126 19 114 132 0 0 255 37 255 255 255 190 216 14
    35 200 45 255 6 228 0 83 255 168 255 0 124 228 0 206 1 103 122 0 206
    20 0 90 242 255 0 166 69 180 255 0 0 70 21 73 0 216 0 88 49 0 61 0
    255 255 0 42 220 255 101 24 255 66 0 0 0 140 92 0 0 255 201 53 180
    255 223 105 241 0 125 0 111 178 6 255 240 192 222 255 255 34 122 208
    111 195 15 255 255 131 255 7 0 222 0 0 119 244 255 60 216 12 36 10
    255 53 131 219 62 0 235 51 255 211 139 60 0 137 255 143 180 0 194
    230 135 9 240 255 113 100 255 0 199 174 236 31 255 29 0 156 61 0 255
    27 61 6 0 137 0 98 251 0 255 255 174 0 219 221 119 0 0 255 12 255 96
    204 167 0 0 31 0 0 251 212 103 109 121 255 199 34 255 11 206 192 233
    0 0 255 38 6 67 165 255 19 177 0 0 193 222 35 92 160 231 37 79 229
    200 65 0 139 206 0 0 0 26 0 32 172 98 1 255 144 255 82 255 255 230
    39 0 0 97 91 0 0 82 0 112 255 164 166 255 252 0 123 0 141 0 0 118
    108 162 0 156 188 89 0 205 218 255 230 198 255 131 148 0 61 36 191
    255 156 135 211 0 207 255 245 6 172 74 150 96 245 25 244 0 149 66 52
    255 45 255 74 255 255 39 0 255 255 235 18 255 255 0 255 0 106 59 123
    254 255 59 208 213 0 255 10 0 255 255 46 191 209 79 106 12 255 208
    255 101 216 117 255 16 226 161 240 196 0 0 255 233 255 244 255 0 0
    66 0 166 12 63 255 0 151 216 0 105 203 96 255 255 255 30 107 0 1 91
    103 212 0 0 225 0 99 224 0 56 88 255 167 27 0 33 7 192 56 0 255 67
    255 255 129 255 0 220 162 97 0 30 255 166 255 255 157 103 166 255
    121 255 0 255 0 133 255 0 87 28 0 255 56 138 237 0 240 93 134 255
    255 255 207 0 25 49 105 10 255 255 97 102 114 0 97 107 118 26 122
    138 255 127 86 0 149 233 20 112 0 133 226 146 255 0 119 146 7 189 33
    108 212 129 124 63 57 31 47 28 162 0 174 255 255 0 0 124 189 22 62 0
    116 110 0 100 86 63 96 0 255 0 0 164 52 131 7 15 153 3 0 95 202 0
    240 0 123 17 0 0 148 0 154 255 81 255 204 70 83 0 60 255 0 189 24 1
    8 110 251 139 0 255 0 255 209 143 170 41 0 255 0 172 46 13 195 156
    96 59 19 142 92 160 17 193 0 187 66 0 236 51 51 255 28 0 196 66 47 0
    196 210 110 213 255 215 255 51 204 81 120 255 145 255 0 184 63 255
    183 203 138 21 0 206 68 255 0 137 101 160 0 50 0 160 253 255 177 68
    0 255 0 254 236 0 242 255 38 119 255 0 198 131 228 0 255 51 0 255
    125 250 11 66 55 255 0 211 241 75 111 5 189 117 255 244 255 0 75 35
    107 6 218 44 150 70 0 149 38 87 234 21 0 123 0 81 255 0 125 188 255
    255 17 13 238 115 0 165 208 168 42 235 255 175 52 170 189 12 255 2
    140 0 134 99 255 0 214 66 0 76 95 0 138 0 184 15 49 45 217 0 170 0
    255 53 0 133 145 112 151 121 145 0 91 82 126 48 0 255 68 247 132 255
    255 149 255 0 38 56 197 8 124 126 234 119 119 255 0 70 121 0 63 100
    98 158 0 0 41 120 0 0 212 203 235 151 222 70 255 210 218 201 213 65
    107 0 0 242 156 37 255 227 207 0 255 246 208 174 255 213 109 0 224
    21 45 124 39 192 99 255 255 110 223 255 244 255 79 118 27 58 231 111
    94 241 178 222 185 0 27 14 246 255 24 255 255 255 102 206 125 214 0
    255 28 227 0 204 0 183 255 255 255 41 255 0 106 40 0 102 142 225 148
    19 255 255 87 122 255 131 7 14 0 185 0 250 0 255 107 116 143 66 192
    35 44 14 138 255 242 255 149 160 234 89 173 213 99 246 116 100 255
    228 53 61 225 23 65 255 255 134 255 200 255 0 0 255 255 147 255 131
    168 114 255 190 255 255 31 222 149 109 124 189 222 87 117 194 126 9
    138 240 117 23 114 255 193 132 230 101 0 70 255 195 31 83 255 192 0
    166 127 255 193 135 76 255 98 5 93 196 255 203 196 255 44 52 78 92
    251 145 0 113 174 102 221 92 28 0 255 0 182 183 0 97 234 237 120 248
    41 231 129 255 76 0 255 193 0 255 137 255 227 0 247 0 255 255 78 60
    255 255 0 230 113 234 225 121 0 153 21 155 43 241 236 10 76 74 86 0
    112 243 215 255 255 175 58 75 0 255 4 238 255 98 217 116 66 246 187
    249 255 255 255 250 206 0 255 0 73 0 36 24 0 0 23 185 0 140 255 0
    255 198 0 46 255 249 0 27 180 0 70 10 84 135 86 5 0 33 0 0 0 0 217
    121 0 169 174 255 111 0 122 255 55 168 209 255 12 173 51 230 136 0
    169 255 238 96 111 86 181 255 43 244 34 0 231 0 255 255 247 255 180
    58 0 255 163 197 172 165 172 0 255 117 127 200 255 239 128 0 239 126
    0 0 0 14 246 139 133 255 228 224 255 49 249 144 0 53 0 45 8 0 167
    216 0 195 35 225 135 125 255 216 177 135 173 0 56 110 224 255 133
    211 216 90 218 243 0 92 229 0 0 195 179 0 0 0 175 0 255 0 255 170
    109 0 255 255 214 255 0 50 255 255 242 255 255 255 204 123 180 77 0
    255 88 32 15 19 237 48 0 135 29 179 230 165 255 0 255 255 179 161 70
    6 40 215 145 125 123 255 57 162 234 255 109 140 185 73 185 0 231 255
    198 185 145 83 255 0 150 130 175 225 70 87 82 95 0 24 17 255 226 0
    255 111 183 255 170 57 232 250 88 199 48 194 232 181 0 240 0 117 0
    93 105 86 0 255 13 153 179 242 203 218 250 153 27 198 59 0 82 0 214
    37 255 255 131 27 118 0 165 255 85 166 255 48 255 255 200 135 0 164
    0 29 3 0 0 234 255 121 62 255 0 0 255 70 255 0 0 131 1 255 2 15 255
    0 234 0 255 0 165 158 0 163 0 0 97 196 161 0 3 0 108 230 132 0 0 145
    170 207 149 132 35 229 255 208 237 0 255 215 164 175 139 175 126 250
    224 25 223 0 189 0 165 255 0 189 255 255 171 0 105 194 9 255 0 162
    255 0 0 255 73 105 176 21 178 0 116 0 0 106 0 70 59 129 244 191 232
    210 158 156 39 0 80 123 18 63 186 255 0 0 0 96 229 237 254 96 160
    255 150 67 0 124 114 131 12 255 0 148 202 103 193 18 255 18 255 147
    93 28 112 37 0 0 174 193 65 63 109 16 38 200 41 0 255 170 37 0 171
    250 133 255 255 0 198 0 0 115 76 192 255 0 27 61 41 255 235 0 0 0
    213 255 0 255 255 255 195 63 146 185 91 66 11 220 0 92 0 255 0 0 255
    78 160 14 183 255 255 184 78 14 167 0 0 0 194 123 0 45 255 142 0 39
    255 215 27 219 249 191 18 255 0 209 0 89 255 15 68 0 215 101 13 142
    220 0 121 179 182 246 174 233 65 0 0 0 211 107 255 6 0 35 255 0 36
    81 211 0 0 0 255 109 185 150 255 0 0 171 0 227 151 0 255 226 168 153
    255 204 209 0 46 22 255 73 255 255 0 95 233 0 181 0 72 22 0 255 146
    255 85 255 151 0 251 181 46 106 0 166 253 201 255 0 243 172 159 0 0
    40 247 0 57 0 168 195 162 255 27 255 255 230 147 31 255 52 160 108
    255 255 236 255 0 72 55 0 18 104 199 230 255 255 110 231 109 38 38
    15 0 32 144 175 14 0 255 95 155 179 101 22 0 255 185 255 231 203 226
    16 31 174 200 255 113 28 154 178 10 0 231 255 235 72 255 55 181 28
    14 203 133 31 255 31 165 201 44 0 217 253 0 0 0 76 188 253 178 229
    16 255 230 97 170 17 0 184 255 23 25 6 85 117 255 0 217 255 99 236
    255 0 29 170 26 255 8 234 33 70 255 206 255 255 221 255 194 184 255
    44 89 33 255 255 0 107 255 130 159 180 52 89 11 127 0 235 221 255
    255 255 106 20 52 48 228 22 109 62 255 0 255 255 56 255 225 255 255
    0 255 140 0 35 0 93 151 117 0 251 64 203 43 0 0 150 228 98 1 219 255
    0 255 0 0 0 0 66 151 0 8 0 79 117 51 237 166 214 255 23 176 0 182
    248 43 0 40 166 166 168 0 1 173 71 19 234 106 210 255 79 141 0 78
    251 221 255 222 255 0 0 255 35 14 63 8 103 46 255 234 193 0 170 197
    0 176 239 119 0 255 117 255 241 78 0 139 11 85 255 0 187 114 236 63
    202 117 39 255 151 17 0 255 0 81 156 88 142 72 53 255 105 0 94 246
    255 226 0 4 174 0 0 198 254 0 88 0 118 72 98 246 0 0 69 149 140 114
    0 255 0 148 163 201 223 95 233 0 0 255 57 248 0 0 220 74 255 0 5 33
    0 0 165 255 186 0 23 97 0 255 7 45 255 0 0 163 254 62 76 255 0 255
    255 0 199 255 255 8 164 255 255 214 31 209 255 77 0 79 0 151 36 127
    255 107 217 255 255 255 84 86 0 166 20 0 0 86 221 0 89 255 230 0 255
    38 228 255 255 255 54 0 105 232 255 189 255 68 91 128 62 255 0 161
    184 133 200 0 245 255 0 254 232 215 255 255 0 204 255 46 0 254 186
    255 255 0 210 0 2 191 70 255 55 184 0 255 128 198 66 90 47 0 0 255
    138 0 179 70 86 250 255 9 79 255 0 61 133 137 0 104 255 1 64 129 0
    191 0 190 255 0 201 40 70 0 255 128 88 201 235 0 75 86 46 172 17 255
    0 146 188 0 239 255 156 246 0 56 62 255 203 74 0 0 0 255 212 255 0
    47 185 255 145 23 0 255 0 0 135 15 55 210 231 251 255 139 254 0 69
    255 255 201 68 238 42 0 137 111 240 105 123 172 255 0 151 57 255 0 0
    25 202 255 255 0 255 255 0 224 86 30 0 30 255 10 147 132 203 134 126
    82 255 34 0 97 225 80 76 0 0 232 0 159 159 255 139 251 9 167 185 154
    210 79 237 72 72 255 169 255 123 34 255 125 5 100 0 156 68 0 246 176
    0 255 4 132 0 0 255 31 71 2 0 168 54 255 175 55 0 22 0 0 153 111 0
    112 123 87 255 0 167 0 13 8 92 90 179 0 112 255 14 255 46 102 148
    125 1 196 63 172 191 27 249 6 255 0 127 255 0 71 142 205 176 159 255
    211 255 255 255 0 33 189 255 229 155 53 36 40 255 230 0 255 4 0 70
    255 48 35 196 42 164 255 61 139 161 0 155 98 255 255 72 0 255 129 14
    92 175 255 50 15 108 27 255 246 255 255 2 90 128 0 226 113 1 97 226
    255 108 0 204 255 53 0 74 48 0 72 239 29 243 255 59 206 128 39 191
    75 0 255 0 72 252 17 0 0 25 0 255 106 200 16 255 0 216 22 76 215 0
    107 149 255 55 0 216 198 63 195 183 0 0 29 55 255 30 255 103 129 117
    255 208 0 124 175 179 128 0 0 242 255 0 0 0 133 194 56 198 0 236 255
    255 0 40 32 255 255 119 27 46 112 164 129 157 0 0 121 164 0 137 94
    140 191 38 124 82 2 230 0 209 75 240 255 0 1 255 211 175 0 255 201 0
    68 0 255 0 134 122 146 255 212 92 184 190 112 163 0 0 255 255 132
    215 130 122 255 73 148 178 0 19 0 106 209 151 255 0 77 106 175 33
    171 0 255 39 255 163 6 161 0 143 75 0 255 164 0 154 255 0 250 0 38
    174 0 82 229 34 255 194 255 0 255 0 255 0 187 131 0 225 0 79 0 9 0
    139 242 255 37 83 93 255 255 0 255 0 84 230 190 0 140 255 0 96 255
    255 77 0 129 255 83 131 255 0 255 5 172 141 66 255 39 76 60 255 9
    141 131 215 252 123 147 161 255 255 224 181 226 0 255 255 171 0 112
    213 242 244 255 14 150 160 36 149 255 191 194 123 0 0 23 89 57 195
    74 35 255 37 24 57 0 43 0 162 109 137 228 207 255 57 0 255 0 0 68 46
    255 0 0 113 87 255 195 255 255 161 255 89 21 255 0 140 224 129 0 33
    255 236 0 255 255 22 83 193 255 0 0 169 113 186 138 141 212 53 139
    255 229 0 255 255 255 95 255 255 139 238 55 88 0 255 93 126 255 220
    135 173 178 0 0 184 255 0 255 255 0 255 255 0 212 164 0 151 255 255
    159 0 207 0 2 0 143 123 80 255 0 255 182 0 193 134 252 0 0 49 62 170
    215 27 255 255 192 255 212 82 17 135 148 171 116 255 206 19 118 255
    85 228 214 75 113 161 0 188 133 184 81 255 255 15 0 209 99 178 76 52
    0 184 80 160 250 26 252 0 117 255 15 151 0 106 250 0 26 50 255 255 0
    15 85 153 5 34 255 21 0 16 255 255 7 0 255 0 0 255 255 157 255 202
    165 187 225 148 216 0 255 0 92 255 19 0 116 255 132 174 59 204 0 32
    18 255 36 255 207 55 37 113 255 55 134 113 31 31 76 144 13 204 202 0
    0 45 230 203 54 87 255 0 255 255 120 112 19 255 239 87 255 170 0 12
    0 148 87 55 255 150 255 255 0 83 105 208 109 165 72 128 0 178 234 0
    255 0 221 162 0 255 99 170 195 232 53 156 198 255 157 246 132 255
    255 0 255 136 53 255 255 0 189 62 33 255 255 128 168 255 127 255 255
    171 34 255 158 123 134 102 47 0 7 196 0 0 64 137 35 255 227 255 0 73
    255 87 132 0 32 11 255 255 148 255 216 89 255 0 210 87 66 93 255 18
    255 255 200 79 0 67 6 0 255 232 255 223 105 255 0 137 55 255 55 120
    65 62 19 255 98 133 4 183 134 98 0 0 102 79 147 255 218 44 179 73 97
    92 249 0 122 116 77 95 104 54 106 255 4 90 78 214 74 255 57 112 154
    50 35 221 47 171 128 240 116 255 255 0 252 154 0 255 255 143 198 255
    0 191 65 255 0 224 255 143 255 228 255 191 24 216 0 255 255 177 118
    0 33 19 24 255 0 0 67 194 70 0 0 240 0 0 255 52 12 255 0 0 21 59 143
    141 212 0 22 255 187 220 240 216 21 43 255 21 162 60 250 0 238 255 0
    255 56 100 95 255 208 0 201 166 198 189 0 255 255 255 133 224 0 221
    0 225 0 49 255 0 0 0 117 96 210 155 193 0 0 255 255 167 46 143 255
    102 81 58 187 130 48 146 0 198 212 0 225 32 116 0 227 130 82 255 74
    135 10 179 115 54 20 107 54 209 16 255 0 0 113 0 157 108 254 25 19
    49 109 36 173 201 162 255 255 80 39 185 0 27 0 255 142 0 255 52 0
    171 202 255 0 174 255 0 163 255 231 38 255 234 107 242 0 8 255 155
    31 0 0 55 0 124 255 93 30 0 255 150 194 255 55 255 205 0 255 36 8
    122 195 158 208 143 0 198 123 0 143 158 39 185 243 229 248 174 244
    63 52 240 168 25 0 0 195 60 0 0 247 230 255 63 27 123 4 125 79 249
    138 0 123 0 80 40 255 213 151 55 0 249 135 255 47 150 191 128 255
    218 255 0 55 255 56 69 0 255 0 77 20 255 223 21 101 122 0 249 255 0
    4 255 85 193 255 10 255 106 0 7 226 81 206 85 0 255 162 255 132 73
    193 0 255 255 118 8 52 205 190 0 255 125 83 255 26 255 0 12 104 41
    44 251 255 130 255 255 255 120 77 162 255 255 255 255 255 0 0 188
    243 255 241 255 70 244 0 0 255 255 251 254 0 255 255 47 85 59 0 164
    208 0 113 6 0 242 241 0 160 216 20 201 68 34 174 183 0 255 2 10 69
    169 115 255 126 26 0 57 89 255 165 232 149 255 194 92 185 88 30 229
    92 161 0 44 0 255 218 2 2 93 72 51 72 0 10 176 141 148 66 198 173 0
    63 255 176 22 0 169 247 80 195 207 139 160 0 130 0 88 72 183 61 0
    141 81 77 56 186 60 90 103 0 0 44 0 0 255 0 114 51 0 156 245 218 89
    0 224 59 175 166 95 90 213 223 0 143 59 244 0 0 255 255 63 255 0 255
    81 181 255 95 138 0 255 0 196 92 0 214 255 255 148 217 0 0 52 0 44
    100 72 0 255 0 11 108 88 95 5 255 0 255 233 169 80 176 109 255 218
    63 217 255 255 0 240 255 122 186 97 53 0 95 221 40 56 45 168 162 0 0
    7 20 238 103 255 255 255 255 162 15 235 255 0 197 255 244 255 255
    204 218 70 10 255 88 0 85 0 137 85 164 198 189 0 123 0 255 172 0 239
    187 111 91 0 0 7 0 0 20 255 255 24 107 148 112 0 251 64 106 66 138
    100 135 59 255 203 255 53 80 35 192 0 105 255 255 0 8 242 16 185 38
    224 0 250 0 158 181 255 121 102 238 0 255 249 221 56 142 255 255 213
    96 250 55 0 193 255 153 191 0 66 143 168 175 0 142 111 0 38 0 63 139
    111 129 175 166 145 255 130 255 168 93 81 0 255 58 252 255 69 251
    255 51 255 234 0 149 2 0 74 206 133 187 139 239 14 237 199 248 27 86
    254 225 156 0 215 13 37 0 117 99 106 184 133 70 212 171 82 150 10 0
    255 240 113 40 80 255 153 74 68 0 255 191 127 225 129 0 157 0 255
    255 181 0 136 97 20 255 27 148 216 0 207 210 0 173 195 78 234 255
    117 221 153 0 89 12 26 158 0 255 247 169 0 255 15 48 103 255 70 208
    122 46 26 51 125 102 251 0 20 97 255 220 255 45 87 104 0 138 0 20
    247 0 162 255 14 255 255 255 255 0 187 248 158 230 56 255 255 255
    147 16 255 0 59 0 75 0 191 92 104 255 34 238 35 95 72 0 255 38 111
    46 253 0 137 31 124 0 255 87 255 255 126 255 159 243 0 0 216 163 183
    89 255 255 183 42 0 255 102 0 0 242 43 0 40 172 159 232 255 0 223
    255 173 216 255 93 255 0 143 255 42 96 97 167 212 238 155 7 255 0
    255 255 34 67 228 0 123 255 229 9 0 41 255 255 255 84 29 88 8 255
    255 143 255 255 255 39 22 69 201 11 123 40 157 255 65 229 255 0 48 0
    73 255 0 240 116 112 28 0 173 114 63 142 191 5 60 0 224 255 206 94 9
    0 26 255 6 255 157 178 56 0 0 0 61 19 255 0 255 117 96 59 0 0 40 136
    208 137 68 172 3 0 255 226 255 173 62 189 255 203 0 0 255 16 234 96
    255 255 125 166 0 122 0 67 0 207 165 102 255 255 244 0 255 60 0 169
    0 6 223 79 176 218 70 144 187 194 255 0 103 0 243 110 232 114 0 255
    0 0 40 255 249 255 255 192 175 202 177 233 171 195 114 63 119 255 35
    255 159 77 195 240 0 18 0 0 181 128 238 144 190 255 25 193 39 194
    198 125 255 255 243 0 255 75 161 213 81 0 0 18 112 207 0 255 193 255
    0 81 0 255 0 255 104 0 241 243 254 255 4 131 39 76 200 47 255 98 126
    255 95 157 255 159 255 79 24 5 204 0 217 103 159 50 43 255 0 150 106
    254 10 240 255 255 221 196 255 132 255 189 43 33 0 146 135 140 178
    118 0 62 117 30 0 113 59 65 255 255 255 66 255 167 119 196 20 255
    122 255 251 66 255 0 0 0 143 3 182 255 231 146 255 55 156 16 226 0
    255 255 168 40 113 81 237 47 227 0 184 14 255 193 245 110 16 255 255
    231 255 74 34 0 15 188 0 194 255 11 42 0 78 173 220 255 255 162 0
    193 0 0 251 149 255 75 140 234 255 47 0 42 0 255 44 61 0 157 255 16
    154 255 167 0 240 166 255 255 0 215 0 9 0 255 234 0 146 20 143 0 150
    0 139 114 0 130 60 178 60 13 242 255 0 0 163 0 0 94 68 0 66 122 52
    144 13 255 56 149 171 0 78 160 0 230 209 65 255 255 255 255 1 66 35
    191 0 0 89 0 20 104 8 39 49 0 0 233 223 252 29 163 245 131 64 0 90
    68 98 18 255 0 255 207 255 92 255 255 0 255 80 251 217 54 177 21 133
    0 49 0 0 0 255 186 255 255 255 255 255 72 255 252 0 79 128 0 54 51
    201 66 117 249 105 253 0 0 15 173 0 0 0 0 177 247 255 112 0 153 255
    112 255 255 153 255 52 0 63 112 138 171 117 144 163 204 244 236 82
    255 255 7 253 189 130 18 255 127 255 152 67 131 5 221 36 255 196 17
    46 255 88 0 0 208 127 0 192 98 33 0 255 44 0 97 0 83 139 253 156 0
    24 77 24 255 210 0 187 0 184 214 120 233 52 241 202 161 0 7 25 0 232
    123 255 0 0 46 50 207 156 255 144 16 92 51 0 73 255 114 255 255 89 0
    53 251 146 182 255 174 255 87 70 40 182 0 0 210 43 92 255 201 0 255
    52 85 85 255 49 255 198 42 111 76 0 0 255 102 30 236 93 255 15 223 0
    0 39 0 0 222 65 0 102 255 150 255 0 0 0 67 0 180 229 0 155 34 246 27
    228 255 136 129 190 0 190 145 0 43 154 0 139 0 40 143 31 182 35 225
    255 121 199 0 0 251 0 255 0 0 0 77 234 255 88 221 58 122 122 255 115
    0 255 8 79 158 222 86 185 54 255 132 255 164 255 0 255 192 100 255
    255 0 232 120 11 0 255 221 124 138 131 73 189 2 234 255 255 22 255
    255 142 168 184 66 36 125 0 103 190 135 0 96 53 53 112 3 69 205 125
    255 0 72 140 0 66 217 255 255 100 235 43 52 226 179 0 0 48 243 133
    25 205 118 0 0 225 229 246 81 133 72 0 0 245 91 136 0 136 75 255 255
    175 75 0 0 228 222 59 50 74 226 214 0 255 187 86 0 255 194 0 255 208
    24 41 24 50 129 159 4 22 103 123 165 153 40 56 255 178 100 71 79 0
    241 240 10 197 255 248 0 0 79 200 60 189 216 0 255 109 255 115 123 0
    192 183 183 155 158 255 255 208 255 255 67 234 81 255 255 180 65 0 0
    34 0 0 0 218 52 0 209 0 144 93 255 77 0 0 98 78 13 255 121 33 185
    255 56 22 255 40 255 76 53 0 226 96 217 255 159 0 0 0 0 53 249 236
    115 255 0 206 0 76 49 146 108 16 51 219 5 0 235 123 255 145 197 12 0
    255 210 72 59 152 255 0 85 0 25 0 14 188 255 0 0 222 145 255 255 55
    0 0 195 100 0 13 255 248 0 84 0 137 217 210 241 176 255 255 117 255
    255 85 111 240 255 0 69 0 220 255 255 148 167 0 82 28 255 85 209 52
    255 140 0 101 0 222 152 255 16 212 163 109 0 119 0 0 255 174 92 150
    0 255 113 200 255 169 0 219 28 129 129 49 0 30 175 4 255 32 202 207
    0 67 60 255 255 255 255 185 0 110 255 152 253 110 130 0 82 142 0 153
    250 132 0 194 255 238 45 254 222 128 25 255 204 255 0 95 255 0 34
    164 200 25 226 146 230 113 149 0 0 207 124 216 255 0 58 112 231 0
    255 217 255 0 255 183 255 114 97 255 255 255 180 151 255 0 226 0 148
    255 40 255 11 118 0 0 255 255 255 255 160 181 113 126 252 41 6 229
    102 183 255 62 255 0 255 241 255 186 249 255 17 255 143 74 200 92
    132 84 153 250 133 204 185 29 255 255 253 157 55 120 255 0 255 49
    255 184 155 230 58 11 14 74 200 11 117 0 168 0 255 247 232 36 245
    232 0 255 255 93 111 255 252 255 0 255 92 12 255 94 255 130 114 34
    123 121 60 255 255 0 53 183 110 183 255 240 56 1 117 68 187 0 148
    108 246 0 169 255 162 0 0 18 134 241 168 235 0 26 156 200 255 0 198
    210 255 0 199 255 193 0 0 114 255 225 0 5 0 40 243 0 197 156 131 255
    0 244 241 255 132 26 155 133 19 81 0 101 147 158 255 253 187 133 188
    255 181 0 183 83 74 241 255 98 0 255 111 132 143 166 1 0 233 104 176
    102 62 255 227 242 73 255 29 255 85 250 255 210 236 176 252 0 7 255
    232 99 171 106 71 101 213 255 255 197 78 0 255 0 255 237 18 173 193
    232 255 172 44 255 0 255 22 194 255 108 0 9 255 86 255 0 255 132 101
    147 0 91 166 0 40 119 255 242 0 255 163 255 255 0 0 34 255 204 182
    154 72 120 105 0 255 255 249 0 166 129 188 172 161 0 153 94 49 0 0 0
    0 0 96 200 255 0 0 118 94 223 117 137 0 229 189 255 42 255 167 140
    75 0 75 30 255 83 126 0 255 255 206 145 255 26 157 83 80 255 16 27 0
    138 208 0 245 103 255 152 32 255 227 255 51 0 33 4 255 9 189 0 131
    83 102 0 78 255 0 70 111 237 180 114 6 181 87 0 0 234 3 233 34 214
    196 0 189 173 0 0 255 0 0 231 212 14 255 255 103 203 0 129 82 85 0 0
    228 0 0 0 177 55 255 255 0 255 255 0 119 31 255 228 111 158 149 63
    255 169 255 104 24 132 228 156 23 0 0 0 108 0 203 255 0 244 138 112
    206 175 212 0 0 161 86 0 181 0 166 227 0 33 84 221 195 0 255 0 3 17
    252 9 255 215 0 255 145 242 69 9 58 0 94 81 255 0 0 113 248 152 151
    199 255 236 189 201 248 138 255 108 17 255 255 255 185 229 0 0 112 0
    39 0 3 255 0 72 41 15 255 0 34 255 105 248 63 11 162 172 9 186 196
    255 0 3 51 167 180 0 121 0 0 52 43 100 0 255 99 78 255 178 210 255
    255 90 42 255 176 182 160 217 0 0 98 218 37 104 255 59 253 72 108
    255 75 41 188 46 0 51 93 252 143 32 0 77 150 37 97 139 74 147 190
    252 255 139 126 129 153 240 99 30 27 246 180 42 0 0 241 48 105 0 255
    175 145 255 0 255 189 184 33 193 123 85 233 141 191 222 141 146 255
    0 0 61 91 0 17 90 255 182 0 0 179 0 117 42 70 23 10 117 143 255 0
    255 189 140 255 0 255 0 145 140 117 53 46 255 0 39 26 0 148 192 107
    86 0 255 190 0 184 255 140 0 255 0 0 0 134 150 73 154 255 188 255
    195 131 166 211 68 78 255 61 1 98 34 0 197 199 0 193 68 217 255 255
    0 0 255 255 0 177 11 251 0 151 255 0 255 219 87 0 245 2 0 138 119
    219 80 0 255 76 117 2 252 52 207 140 0 255 30 96 45 176 243 144 255
    121 0 71 255 255 3 189 255 194 0 255 121 145 0 211 0 235 255 0 187
    97 27 0 61 0 0 0 0 199 153 55 74 75 63 145 47 255 0 135 169 199 178
    0 211 255 155 142 107 0 215 255 0 91 159 191 255 106 147 108 96 164
    164 0 45 173 221 0 102 175 53 0 24 70 159 85 0 0 170 151 255 164 0
    139 229 0 0 143 16 0 153 70 255 255 0 78 0 0 23 158 255 85 255 0 255
    255 0 159 93 255 89 255 247 247 144 58 255 245 0 123 0 73 186 166
    170 222 138 0 168 255 133 111 239 255 187 89 255 199 79 255 118 203
    0 74 166 147 103 18 93 24 48 210 254 151 114 253 255 255 188 255 59
    101 225 0 255 88 41 0 98 203 123 141 246 0 4 215 246 0 0 0 255 255 0
    255 0 0 255 178 34 222 242 255 0 222 255 202 149 29 0 105 187 255
    212 11 183 0 0 255 56 255 66 56 250 0 182 220 126 0 136 81 199 64 17
    3 0 99 32 0 210 255 153 9 113 255 31 250 30 71 135 78 0 105 16 16
    255 75 112 93 72 255 222 124 0 0 35 164 255 0 209 0 101 118 33 67
    175 255 173 96 255 245 225 197 152 54 219 70 89 28 255 134 255 113
    144 255 53 255 26 127 0 251 45 81 123 130 193 246 255 8 183 236 126
    113 255 71 22 255 255 0 251 141 62 164 56 247 255 0 115 41 255 97 0
    24 52 199 125 255 6 0 0 122 255 104 0 153 124 255 16 0 137 255 0 255
    0 112 107 101 196 255 34 133 35 217 64 0 255 72 222 72 0 26 62 134
    181 108 219 239 255 255 61 226 49 222 244 69 71 89 88 37 255 0 72
    118 66 90 255 0 161 148 215 135 184 85 59 79 0 10 96 0 255 117 12 54
    135 186 76 88 92 47 95 147 50 0 12 255 128 88 93 0 0 156 79 140 2 0
    104 0 255 0 101 104 255 126 13 82 252 255 255 27 255 204 113 152 233
    132 219 185 255 142 0 255 236 236 249 65 0 229 47 0 0 16 198 81 0 0
    255 0 158 255 245 87 255 237 124 91 168 0 176 35 118 245 2 122 199
    235 97 50 0 255 0 122 255 44 255 176 139 14 255 0 255 160 180 103 68
    245 105 255 100 124 0 0 255 53 107 249 255 114 253 104 157 255 66
    121 165 255 255 80 0 34 63 0 108 225 136 255 135 5 255 179 165 0 255
    255 255 255 211 227 15 255 142 0 143 0 80 0 139 255 211 0 0 65 183
    247 245 46 154 255 255 255 100 217 255 0 131 243 74 232 126 18 255
    246 0 255 255 245 232 141 191 0 139 255 0 255 0 71 77 39 176 132 28
    43 52 234 178 246 230 219 237 255 0 255 244 255 38 68 255 233 64 0
    27 224 33 201 0 68 181 255 0 0 255 255 234 108 27 255 255 255 63 20
    177 74 255 0 165 210 1 0 220 221 37 255 255 40 248 250 255 94 246
    126 81 0 0 255 175 255 28 85 255 0 16 255 94 0 148 255 200 49 109 92
    120 86 230 0 91 255 0 6 255 242 0 149 255 0 0 255 255 0 207 160 118
    222 255 255 238 142 255 0 197 202 0 244 255 0 61 0 0 0 127 255 191
    255 112 0 7 118 254 122 39 197 129 52 255 43 158 156 19 0 255 51 255
    0 0 255 68 139 255 231 180 28 255 177 100 61 109 24 201 24 0 188 255
    215 43 160 0 181 0 134 17 190 0 0 158 142 172 0 0 0 0 0 0 19 101 255
    75 0 0 214 88 231 0 250 54 255 136 0 22 118 0 35 117 0 0 189 0 244
    255 51 22 0 42 0 0 255 137 161 255 255 0 177 178 255 0 255 56 255 85
    0 0 186 0 0 255 24 135 67 0 255 255 151 66 127 125 7 226 0 67 143 76
    255 158 95 121 156 100 255 0 23 168 179 254 0 153 255 208 0 76 122
    38 163 242 211 0 41 91 206 0 199 88 81 0 185 229 57 255 224 66 231
    92 87 123 0 64 77 43 139 61 161 41 0 139 161 227 63 162 0 193 0 84 0
    138 209 162 98 255 55 78 59 33 255 76 191 3 176 124 192 238 0 255 46
    221 252 255 0 0 0 255 139 146 255 149 255 153 226 233 135 255 43 255
    0 10 193 192 72 248 49 255 147 255 77 255 47 0 0 90 104 48 0 0 7 238
    255 0 40 165 207 34 118 255 0 121 170 188 0 241 26 0 195 49 255 188
    0 0 14 255 255 255 136 235 255 255 92 153 193 60 213 0 105 114 255
    127 255 105 255 0 212 247 98 11 245 68 62 0 53 79 189 217 254 0 41
    139 117 0 207 255 255 3 49 124 239 63 255 0 105 61 187 255 0 139 0
    138 76 4 92 0 254 255 255 0 133 69 176 255 0 233 255 184 157 192 104
    245 190 219 128 255 76 239 20 97 12 255 42 235 0 0 26 0 135 255 119
    0 112 177 98 0 0 255 30 151 205 57 178 201 189 0 0 255 145 157 156
    218 255 0 208 68 255 82 98 255 248 0 255 0 79 255 147 155 0 255 134
    0 255 167 173 71 180 45 255 153 98 255 0 255 255 139 26 255 0 188
    255 0 151 245 244 213 0 88 253 62 255 230 255 10 178 135 229 217 0
    78 243 68 227 0 255 175 255 165 176 104 0 163 126 0 244 255 0 247
    122 0 0 234 152 102 255 0 0 255 255 40 116 154 255 68 203 198 131
    211 248 255 255 146 255 0 230 0 255 0 0 0 255 69 247 167 255 0 20
    104 54 2 255 255 191 47 255 0 64 130 152 8 118 0 0 127 0 139 115 3 0
    90 94 35 42 129 136 92 255 0 0 255 76 224 0 136 255 251 115 19 74
    199 152 232 255 0 191 0 255 255 0 184 255 49 68 210 255 154 85 94 0
    254 255 211 178 0 0 230 255 194 0 177 255 171 125 73 255 136 0 255 0
    69 202 255 218 208 24 152 29 153 160 255 255 182 231 138 244 178 215
    57 255 7 36 70 30 223 255 255 75 115 0 108 0 244 203 0 90 255 30 0 0
    176 179 0 49 0 180 29 5 255 239 69 114 71 31 1 244 255 255 93 176
    136 132 241 226 240 0 0 72 36 185 27 0 73 251 115 164 216 189 106 0
    112 255 129 255 179 86 165 219 255 146 187 127 62 255 131 0 125 81
    43 117 0 147 0 0 255 205 8 162 255 30 213 179 179 223 38 0 133 74
    159 0 156 0 255 255 110 47 145 233 217 196 22 0 198 202 172 92 13
    123 167 14 171 240 241 94 51 150 126 65 116 27 26 0 0 0 137 0 0 132
    61 166 255 249 0 255 255 0 255 119 244 255 39 255 89 106 137 77 39
    106 0 245 0 37 0 242 57 183 105 255 255 22 219 7 109 0 15 151 255
    132 7 255 43 255 0 233 224 140 12 0 238 255 0 0 96 44 13 0 255 0 232
    0 255 0 0 218 255 151 255 255 0 235 108 255 232 255 198 0 181 21 189
    119 11 209 255 65 0 0 18 57 255 122 0 255 161 98 0 81 220 164 0 93
    155 217 59 143 0 146 75 96 255 0 174 160 110 43 0 255 202 211 0 70
    255 100 180 255 255 23 243 0 69 102 0 255 65 255 255 103 255 3 0 65
    255 0 227 75 0 255 53 255 98 95 185 248 27 68 248 64 205 0 255 0 255
    255 143 48 106 139 97 0 41 0 0 235 255 255 130 122 34 0 59 255 0 255
    195 0 140 0 208 52 255 44 182 218 255 187 224 255 0 66 161 0 0 0 0
    163 217 166 81 218 255 61 221 255 255 212 68 2 73 21 9 6 0 55 0 119
    255 186 66 145 17 0 9 1 0 229 63 255 129 0 161 164 255 255 117 255
    119 168 0 0 171 70 26 59 154 184 240 0 255 255 94 181 4 255 245 128
    0 180 255 68 255 0 217 75 0 243 50 35 0 18 255 54 167 117 255 124
    169 255 9 255 231 215 255 205 71 0 164 0 255 22 239 0 64 0 221 161
    64 11 107 0 47 119 6 97 202 178 152 78 255 17 156 120 17 192 0 46 16
    0 0 255 185 229 0 200 109 16 255 73 111 255 94 0 255 255 255 0 157
    22 111 0 0 255 33 0 54 22 0 183 228 0 65 10 0 89 44 42 74 64 231 103
    0 83 248 34 255 0 82 0 208 0 255 255 220 255 6 73 247 0 187 180 177
    157 255 254 92 0 134 228 70 0 157 0 0 125 154 192 0 254 95 255 255
    195 241 209 143 69 94 192 0 255 255 5 255 185 255 217 207 8 159 225
    161 238 0 0 255 155 0 200 161 0 0 0 0 44 0 0 177 79 42 0 159 144 10
    200 0 193 100 255 214 88 185 247 0 78 248 38 193 166 207 224 18 244
    217 0 111 87 164 255 0 115 0 193 255 104 209 246 173 0 38 185 255
    219 9 0 0 228 86 0 199 56 178 255 143 87 62 255 0 30 69 44 16 19 146
    255 0 255 0 163 0 18 255 255 137 11 100 0 133 191 255 255 193 120 48
    77 255 0 185 172 246 144 255 62 61 226 163 0 185 214 59 216 12 54
    202 12 85 251 88 101 149 255 208 207 255 255 188 0 49 62 0 68 0 255
    255 255 66 68 137 17 146 0 255 244 35 209 251 0 255 145 141 0 224
    255 255 255 215 0 0 226 18 0 31 202 22 244 178 255 0 124 103 19 136
    76 232 105 255 0 192 245 255 255 9 94 180 105 94 200 249 255 109 255
    24 246 163 33 219 0 155 255 177 174 218 0 37 89 61 255 115 0 0 2 193
    143 160 32 0 0 3 255 169 35 158 33 168 255 255 55 255 129 132 107 0
    192 72 255 186 0 185 0 81 0 168 184 0 255 97 95 245 174 127 105 2 0
    0 129 76 35 254 0 255 238 48 0 191 32 167 27 212 0 183 238 197 255 0
    31 255 243 80 132 236 0 148 255 0 6 21 255 189 5 255 23 255 24 178
    226 255 184 174 234 190 137 65 89 149 205 255 255 255 255 224 55 223
    224 0 229 36 18 16 255 1 24 143 255 72 37 113 24 19 143 137 0 172 66
    255 255 255 174 33 255 255 99 230 0 47 30 255 255 0 214 139 57 189
    255 255 97 0 255 204 56 0 211 255 0 0 227 0 0 19 96 0 73 102 255 250
    27 255 255 71 167 240 171 246 14 255 255 70 175 62 143 4 0 115 255
    88 248 255 255 255 98 35 219 81 255 0 0 123 43 219 17 167 255 245
    112 233 255 238 0 255 199 75 255 246 62 127 255 21 255 0 106 255 9
    34 255 255 181 165 62 105 182 224 255 164 255 255 143 69 179 136 255
    149 248 157 0 255 54 73 39 255 192 37 238 0 41 168 248 255 0 255 143
    251 70 121 160 117 216 211 255 121 154 29 206 104 4 57 255 150 95
    255 0 255 255 255 255 83 47 129 106 0 165 233 0 187 75 77 30 255 41
    255 184 0 255 246 0 30 107 0 112 0 0 255 76 0 198 0 1 146 255 68 61
    255 179 255 220 47 145 0 133 49 128 247 255 255 0 166 35 50 255 130
    112 255 0 67 30 157 255 181 223 22 60 255 0 244 255 248 162 0 255
    135 98 0 255 0 177 0 0 102 228 229 0 218 241 140 245 255 87 0 226
    102 28 0 0 81 255 255 6 170 0 78 153 196 255 24 255 139 0 140 230 37
    183 0 0 255 0 26 153 182 223 255 194 161 255 152 246 255 10 215 0
    255 255 255 165 35 124 22 255 0 255 255 226 0 7 105 202 34 0 208 139
    166 255 30 80 118 245 201 253 231 48 215 228 0 228 255 0 222 255 0 0
    26 255 175 38 24 0 255 255 114 0 0 28 196 110 243 220 14 255 255 238
    0 255 255 0 255 85 181 118 0 0 255 255 0 219 0 30 0 66 30 0 0 255
    255 78 0 255 16 71 115 49 73 0 152 255 57 255 250 63 184 255 218 255
    253 33 111 14 49 78 177 26 112 0 209 241 25 82 187 32 255 27 9 115
    94 101 255 255 255 5 199 212 69 108 202 98 181 103 94 255 0 5 11 0 0
    255 255 14 201 255 198 0 0 0 103 147 32 0 255 176 207 0 0 221 162 28
    156 255 255 100 96 255 113 255 201 0 190 0 255 203 183 0 246 0 68
    255 255 152 255 161 0 0 68 245 13 255 0 128 92 96 188 168 236 82 255
    77 255 233 87 0 167 34 140 179 255 255 0 255 26 215 0 117 0 48 255 5
    21 94 255 0 118 255 1 203 255 177 255 183 255 152 207 255 130 126
    229 255 114 125 61 255 234 194 58 208 255 0 47 162 61 74 255 88 149
    255 0 24 125 180 219 0 113 255 0 201 0 0 217 255 0 0 44 255 53 0 180
    125 0 75 255 11 111 73 116 235 0 0 229 255 234 251 255 0 255 0 24
    111 245 121 138 255 113 255 43 172 24 0 25 221 255 148 255 29 255
    252 27 229 131 0 17 39 165 109 255 255 19 110 167 197 255 33 225 202
    0 116 41 255 12 39 161 26 0 205 255 141 245 76 228 182 156 255 0 43
    255 54 121 111 74 44 3 113 69 255 155 108 189 52 63 208 255 127 255
    36 0 255 212 255 53 58 194 235 0 193 156 0 102 195 255 0 143 68 0
    202 156 51 12 80 0 32 255 0 71 102 102 88 0 0 255 73 255 0 0 0 16
    242 198 92 89 217 81 249 252 255 0 177 255 234 23 142 37 39 142 23 0
    255 27 36 229 125 15 186 217 255 211 121 255 189 98 1 255 154 177
    237 255 0 1 0 34 141 255 0 99 186 28 0 148 147 229 154 38 38 0 109
    255 254 87 102 105 230 67 137 226 133 255 255 0 255 155 0 0 46 255
    113 66 255 0 108 192 0 229 203 222 255 138 188 41 161 0 68 108 0 0
    255 255 198 45 60 158 205 44 90 140 211 48 124 153 67 0 0 255 238
    206 255 18 255 0 157 255 99 68 54 199 159 246 0 175 255 24 159 255
    168 255 204 183 77 43 57 15 165 141 155 255 241 23 55 46 134 0 239
    205 0 19 255 2 255 138 143 131 185 196 145 255 255 254 113 102 0 44
    226 0 85 43 119 242 53 255 0 228 255 14 87 199 255 234 164 255 0 0 0
    0 237 0 249 255 255 255 0 255 97 244 85 13 105 96 168 161 0 255 1 30
    231 208 148 0 41 255 88 255 19 121 255 0 106 76 103 215 42 0 51 2 0
    255 188 0 255 169 94 111 230 255 3 98 86 181 255 180 68 255 0 192
    253 0 255 57 251 100 255 75 168 101 47 36 255 40 0 226 73 178 49 0
    128 141 95 190 206 255 220 255 53 46 57 56 255 0 173 142 255 0 255
    204 87 0 0 187 160 144 28 9 255 255 0 161 255 114 237 10 84 255 0
    213 44 206 0 0 255 173 73 255 17 244 179 0 29 255 47 28 112 35 15
    104 255 255 0 16 0 0 255 235 138 205 141 151 0 8 255 51 211 255 0
    187 14 250 255 255 163 246 0 255 178 203 0 255 255 208 89 95 66 255
    91 88 243 255 111 47 160 0 196 90 226 196 0 255 141 73 255 255 100
    255 255 105 92 55 18 255 52 140 83 200 255 255 255 66 16 11 250 134
    255 60 135 0 73 185 0 0 255 0 4 109 255 0 0 104 255 0 255 245 245
    153 116 255 124 28 7 40 197 0 38 72 76 175 0 0 255 255 190 255 139
    19 228 214 222 22 19 0 47 244 0 80 255 243 127 131 255 0 124 88 255
    21 224 255 140 41 215 0 137 255 198 255 255 188 255 35 42 0 0 255
    205 105 0 153 53 164 111 255 255 0 255 79 177 184 197 239 255 52 115
    132 88 0 7 62 105 255 0 0 10 189 252 82 185 255 255 255 225 80 68
    205 255 58 5 74 6 128 41 225 196 255 121 0 0 165 128 213 250 255 56
    255 255 15 68 209 255 184 67 58 80 245 0 6 69 75 0 0 237 255 30 0
    194 40 147 138 0 6 122 0 0 0 0 0 143 0 255 52 48 255 236 149 255 62
    81 158 96 229 0 255 156 152 255 176 41 62 164 52 0 0 0 45 189 170 0
    50 106 144 216 216 0 23 49 8 253 115 0 209 255 255 253 19 4 2 225 60
    255 255 0 154 212 152 0 145 191 13 0 0 0 207 255 156 255 163 0 150
    185 255 106 174 169 255 255 1 0 107 0 0 41 255 52 159 143 244 111
    169 221 228 13 0 161 0 216 0 0 0 0 255 0 255 0 107 22 78 15 255 205
    246 230 96 194 25 28 157 255 255 0 213 54 0 255 106 230 0 253 50 120
    0 78 0 12 0 59 255 0 0 56 104 156 0 224 230 0 255 38 255 255 255 108
    32 255 0 230 116 226 0 128 86 45 190 79 68 0 255 164 124 255 237 160
    161 99 6 255 0 22 105 201 255 5 255 98 255 255 255 143 64 63 63 255
    255 26 114 120 4 161 0 0 255 88 157 62 187 69 159 95 255 255 130 0
    176 0 0 0 107 57 171 0 16 255 255 196 36 0 112 0 93 27 8 255 203 237
    255 5 68 233 19 9 0 127 0 0 0 5 181 68 116 0 132 222 0 213 205 100
    162 5 197 0 80 107 255 82 25 255 255 0 255 221 153 59 240 154 255
    218 239 166 255 96 107 234 236 0 230 23 101 70 201 168 0 255 255 188
    255 210 58 186 0 0 255 0 184 255 22 0 174 0 213 67 255 94 0 161 255
    255 98 114 0 0 96 171 255 192 204 0 114 65 92 255 118 38 144 72 7
    193 42 99 115 255 255 79 65 255 144 0 0 103 187 225 255 178 255 131
    188 255 15 149 181 2 243 168 255 229 255 237 64 255 0 255 255 0 248
    33 255 127 154 255 46 230 89 255 234 184 0 165 0 70 150 165 255 0
    255 211 174 77 11 0 193 255 192 61 244 255 255 116 0 255 0 255 82
    150 243 155 0 255 53 255 0 255 255 0 0 192 183 0 255 151 34 45 255
    189 74 196 226 89 0 71 238 52 224 228 187 255 70 180 25 0 54 154 211
    108 255 180 126 207 121 0 36 228 209 223 255 120 147 29 223 88 255
    255 255 13 236 255 63 185 0 123 183 255 235 255 98 0 57 142 255 150
    68 224 53 120 132 212 16 28 110 0 218 255 0 152 255 89 255 1 255 255
    0 0 64 0 219 255 0 115 62 255 234 250 255 0 203 135 145 255 172 47 0
    0 15 247 108 255 0 0 255 215 31 0 0 0 241 110 153 0 255 142 255 255
    173 233 121 0 170 0 0 108 108 175 79 115 101 255 10 143 255 255 85
    34 255 163 219 0 24 187 76 0 239 255 255 0 255 0 220 116 10 178 21
    255 2 32 235 255 62 34 255 255 130 32 137 255 33 200 63 0 151 0 0 0
    139 174 49 29 255 0 70 229 255 113 0 255 0 97 255 52 255 0 139 87
    255 96 249 54 164 9 207 64 255 255 208 0 45 0 94 131 33 166 241 188
    255 111 25 209 254 255 72 0 8 104 1 215 255 255 255 111 255 248 60
    255 0 0 252 255 105 0 63 138 255 217 125 172 237 255 112 0 255 0 137
    94 74 100 77 228 220 0 0 255 255 203 0 0 0 113 37 201 236 0 255 255
    81 255 90 255 255 7 16 180 176 134 247 88 44 49 0 150 79 102 0 33 3
    117 144 0 180 178 122 255 42 17 63 215 255 0 12 123 62 216 212 206
    255 165 147 201 0 255 0 163 255 66 0 214 196 109 150 252 0 153 104
    73 151 225 18 0 132 4 255 215 116 17 194 255 255 0 103 232 236 18
    255 0 255 255 0 0 198 255 222 255 255 0 94 255 7 214 0 0 210 60 31
    69 255 132 131 54 255 154 123 58 197 255 0 255 255 52 247 0 58 255
    140 214 0 239 177 255 255 38 93 20 170 152 0 184 75 4 181 54 179 52
    159 99 255 0 255 166 79 54 255 159 63 3 215 169 212 0 83 255 0 195
    228 255 255 0 11 0 127 70 255 255 33 154 255 247 88 0 255 255 70 222
    151 164 0 0 189 255 0 0 255 106 0 133 0 211 129 0 105 255 0 165 47
    255 255 113 218 0 0 255 160 0 255 0 255 240 0 255 0 101 221 0 0 75
    210 241 0 219 255 204 204 41 198 136 40 205 0 133 2 0 126 0 255 194
    80 228 210 230 255 255 17 119 0 255 196 4 119 0 35 255 125 43 238
    254 119 255 117 0 255 204 255 184 234 255 77 222 19 21 0 0 0 218 0
    70 0 0 80 216 249 160 40 255 0 95 255 181 244 85 160 255 134 255 240
    20 69 220 113 157 0 83 182 187 144 146 255 79 30 23 0 255 0 0 51 171
    201 45 0 255 238 0 255 186 174 210 0 193 94 235 255 62 102 255 177
    255 74 20 99 0 224 255 0 0 233 255 255 255 131 0 13 0 93 228 87 255
    0 63 248 140 45 110 69 255 19 47 62 0 36 47 239 0 157 255 35 0 0 222
    60 27 175 253 0 134 255 255 65 0 183 0 0 235 217 183 64 109 0 0 198
    235 131 0 59 229 203 91 169 0 164 223 183 145 0 112 56 148 0 0 0 251
    119 255 134 0 86 89 217 255 244 17 177 234 255 98 244 0 151 249 89
    247 0 255 255 116 211 101 115 33 98 39 187 210 0 255 146 0 141 136
    83 0 0 115 0 212 19 135 123 5 116 255 150 255 0 0 0 0 105 0 246 126
    255 88 121 2 247 255 39 111 212 173 255 0 59 255 0 144 255 37 34 206
    194 105 255 74 3 255 255 113 44 71 200 0 0 66 199 0 4 163 44 255 41
    131 0 255 251 254 0 0 67 219 0 0 0 173 255 255 255 212 221 0 174 0
    147 225 197 83 71 255 255 63 0 250 0 11 215 255 255 140 0 203 6 0
    211 28 0 255 0 43 101 233 0 110 173 167 148 17 0 248 67 13 255 29
    106 30 57 254 198 255 190 0 255 86 0 0 255 210 205 54 154 168 255
    118 255 0 0 9 0 2 255 0 0 0 255 139 142 17 255 102 73 74 53 134 142
    0 82 90 255 118 35 158 255 255 144 0 75 0 0 252 0 0 255 92 222 255
    199 23 24 99 255 0 255 226 55 0 15 0 68 199 29 0 255 92 0 255 12 255
    84 53 90 160 243 31 0 127 0 0 0 255 67 67 124 95 255 235 239 137 243
    22 143 67 255 176 166 0 148 88 249 109 232 182 144 0 152 120 251 245
    255 220 48 255 158 0 0 60 225 255 242 255 178 128 158 105 255 0 255
    53 183 0 65 255 255 107 32 173 65 86 103 0 255 249 118 0 11 55 25 12
    46 254 234 23 255 255 255 255 255 148 118 16 169 0 145 131 164 0 255
    82 255 81 255 84 170 241 182 255 255 0 140 154 248 167 47 255 91 0
    206 99 255 213 33 255 0 133 0 156 206 255 135 198 214 18 30 255 184
    174 238 149 221 6 82 255 255 116 255 0 73 80 27 204 166 47 232 0 255
    68 191 69 0 131 0 197 3 22 201 0 0 0 0 249 41 150 255 227 255 0 125
    255 28 0 56 255 255 234 0 255 101 165 129 248 85 0 68 203 0 242 0 0
    95 0 84 255 0 244 0 248 255 41 140 160 148 68 89 109 26 206 0 165
    255 0 255 59 255 255 255 255 171 0 73 25 255 171 109 0 255 177 255
    81 78 0 255 255 205 255 168 255 170 0 118 22 87 29 255 196 253 167
    79 255 144 193 48 150 220 230 37 58 15 115 46 0 77 255 255 95 0 190
    0 179 134 86 239 26 230 114 255 235 0 253 7 255 169 91 37 0 0 22 133
    255 34 24 255 119 213 0 220 206 212 19 165 71 136 255 4 9 135 166
    255 154 40 255 152 0 255 223 24 31 98 0 222 51 197 251 99 0 32 0 134
    108 89 77 150 190 0 255 106 255 255 211 45 0 0 201 69 95 170 78 0 0
    32 242 0 249 173 191 25 1 104 43 0 1 0 161 255 150 0 0 0 151 0 255
    144 220 255 7 179 176 204 255 31 255 24 189 88 255 206 31 90 162 187
    223 161 92 0 34 0 255 255 255 255 255 77 255 88 0 127 184 158 96 136
    141 121 113 183 0 119 83 255 39 168 255 0 0 106 36 111 196 73 0 243
    3 0 255 255 58 0 255 101 232 187 79 88 183 5 25 196 97 106 179 81
    255 0 70 204 237 240 49 61 99 166 0 164 2 124 255 0 255 144 72 150 0
    255 255 4 255 0 255 150 0 124 31 153 189 182 157 11 206 0 0 175 255
    11 25 52 179 0 173 39 29 14 186 0 46 117 157 100 255 0 0 255 89 232
    151 78 113 0 233 240 35 95 126 15 138 229 152 179 54 255 64 8 252 10
    40 41 42 89 255 222 46 138 216 0 216 180 88 255 0 171 25 186 207 0
    118 0 0 0 181 35 118 59 192 220 36 203 255 63 135 255 92 101 192 162
    0 156 6 0 255 65 213 127 149 0 0 82 200 13 86 187 169 48 86 6 175 41
    0 83 196 222 0 205 23 38 215 231 68 248 0 239 84 233 255 0 144 220
    200 220 0 230 255 55 255 19 10 14 53 242 207 255 0 255 0 104 175 242
    255 255 183 212 229 0 207 255 114 45 10 255 171 188 63 255 42 241
    255 158 109 192 255 85 255 0 0 100 0 117 0 41 0 0 0 56 220 185 255
    182 255 203 255 255 0 0 72 141 130 0 220 198 255 2 0 145 191 225 255
    255 255 255 255 0 129 252 0 255 242 223 232 0 0 35 204 0 118 91 14
    255 220 103 152 0 227 74 0 42 0 108 11 254 114 255 120 134 211 208
    255 154 91 255 232 76 0 125 255 187 60 106 215 167 0 120 255 255 255
    255 174 245 179 155 190 0 255 88 187 58 30 152 255 0 28 11 91 255 63
    247 255 255 237 134 175 32 123 143 246 76 196 255 255 244 171 198
    200 149 0 255 244 0 0 0 255 198 137 0 0 255 105 0 255 97 205 255 255
    11 239 255 169 166 88 0 92 255 0 0 255 255 255 194 0 194 255 93 255
    233 108 255 165 0 65 1 126 0 255 0 0 255 0 255 129 121 119 126 255 0
    29 255 21 1 52 255 119 255 249 187 49 68 50 0 0 137 160 220 255 255
    119 0 203 0 209 255 0 232 151 245 237 204 0 123 0 9 157 0 162 0 59
    145 20 164 24 120 0 255 255 84 0 173 229 126 49 255 109 150 255 255
    255 63 0 0 0 246 217 82 16 157 255 175 0 237 113 16 45 255 212 249 0
    102 104 255 19 0 75 255 154 0 118 255 0 31 153 255 0 237 255 0 135
    137 0 0 134 53 48 13 79 231 255 113 225 188 171 206 0 255 0 255 255
    140 139 62 222 146 22 2 63 13 13 16 0 255 125 124 217 116 255 124 48
    0 239 3 58 185 5 0 39 186 255 76 83 180 92 255 0 191 249 40 66 71
    161 255 248 27 193 134 218 152 5 128 159 76 0 163 0 255 116 60 236
    173 15 238 255 240 0 206 255 162 125 255 75 160 0 0 255 152 255 0
    255 139 116 67 125 255 0 193 181 53 0 226 209 23 174 81 180 22 255
    41 217 255 0 198 0 255 144 200 0 0 59 215 0 0 108 0 98 0 0 94 255
    105 0 117 255 0 201 56 13 199 82 0 216 81 255 79 255 25 84 185 181
    225 240 235 255 44 10 0 227 190 255 168 193 255 0 94 143 255 255 219
    248 136 110 203 128 255 139 255 6 19 255 57 255 255 0 142 255 220
    255 77 255 194 88 246 187 31 0 171 90 0 140 255 0 255 210 255 42 0
    51 0 205 107 0 0 26 50 0 192 201 255 48 176 255 0 255 16 0 255 0 0
    230 152 42 0 246 53 255 225 0 0 63 195 0 0 255 0 0 251 184 255 0 80
    0 28 0 0 255 122 162 161 223 255 255 0 255 145 28 138 255 24 255 16
    183 170 206 255 157 242 70 193 0 255 160 213 255 149 0 230 77 111
    242 86 95 223 255 87 255 255 135 22 254 195 0 207 0 173 255 0 38 48
    255 85 255 255 0 207 0 41 0 170 181 0 0 107 255 20 214 147 247 177
    255 158 13 247 126 180 55 252 181 172 255 141 120 37 158 255 164 0
    56 0 116 218 64 116 155 79 82 255 0 210 141 0 255 120 3 84 87 255
    136 127 25 147 205 123 234 1 0 48 162 0 255 181 114 105 204 255 255
    0 251 134 0 132 117 170 255 22 52 255 0 70 6 255 130 71 0 255 255
    137 255 255 35 43 187 204 69 0 210 255 0 0 255 0 252 230 88 47 199
    244 168 0 255 0 135 113 0 139 14 32 255 211 1 0 255 231 233 46 0 72
    148 255 6 161 92 64 69 147 131 0 94 117 84 0 255 255 114 255 255 255
    245 0 177 255 126 255 145 94 236 179 136 228 255 4 129 255 170 255
    205 93 17 127 255 253 0 0 0 255 0 73 144 255 255 128 255 248 136 255
    255 80 68 255 255 89 0 48 106 14 121 96 86 191 255 0 255 255 20 249
    255 137 0 111 196 35 0 50 0 15 192 12 2 254 220 0 149 0 68 255 255 0
    255 255 255 0 255 99 0 0 0 30 154 0 114 141 140 233 45 166 0 118 161
    0 73 0 12 19 0 86 124 221 255 139 255 113 0 252 114 255 255 255 255
    255 94 255 87 0 255 34 156 169 255 255 107 0 87 150 187 255 13 0 32
    6 127 128 255 0 84 228 48 138 0 16 0 84 0 103 149 35 7 142 249 134
    215 48 163 216 19 74 112 0 29 216 248 156 255 203 219 230 255 0 105
    70 0 113 61 0 187 111 76 0 157 255 112 181 102 255 144 215 139 159 0
    3 0 127 0 0 255 1 255 0 77 0 24 28 20 255 46 0 0 229 40 144 254 91 0
    182 36 0 255 0 109 0 106 0 0 255 0 38 255 255 169 201 102 255 198 51
    10 0 67 30 133 111 227 0 255 157 207 75 85 55 95 233 0 205 207 97 58
    197 255 255 106 49 160 24 0 43 230 0 41 31 145 255 69 72 0 255 204 0
    140 0 125 156 232 255 223 255 255 255 255 0 187 153 12 0 73 0 103
    174 79 141 225 252 255 156 0 24 255 255 67 68 42 129 241 0 130 250
    26 255 44 255 211 0 0 157 0 42 39 246 189 255 191 92 140 255 115 21
    119 0 243 45 145 0 0 224 196 141 145 130 47 239 95 22 6 205 0 237
    141 210 98 209 190 0 255 176 37 78 253 76 0 74 0 100 23 15 132 0 84
    0 42 0 99 18 96 175 0 46 227 124 50 238 93 177 80 83 52 0 187 255 87
    0 255 213 0 84 0 127 99 0 0 255 255 226 0 196 0 255 255 0 41 255 0
    38 0 143 255 0 0 102 0 101 175 217 255 59 247 255 182 32 0 68 246
    243 230 0 255 0 200 51 0 255 110 0 140 0 221 222 72 51 255 86 49 152
    109 12 48 88 255 255 255 255 0 106 40 253 23 141 188 221 0 18 174 6
    143 58 39 255 70 172 255 185 0 66 0 250 76 236 210 145 0 225 194 0
    255 162 238 17 52 255 177 255 22 0 255 124 73 219 0 172 161 75 152
    255 227 31 0 41 255 0 233 255 211 188 255 213 245 255 9 255 96 54
    133 155 255 65 0 183 136 4 0 192 0 154 255 46 122 147 154 154 0 255
    4 148 213 236 146 0 54 255 216 137 0 115 161 170 28 226 213 0 0 154
    161 81 255 0 255 159 255 241 203 0 231 255 217 102 255 255 180 0 255
    214 140 231 148 199 184 255 0 140 204 96 65 0 225 0 255 212 122 236
    207 255 116 255 242 54 255 0 255 48 74 30 206 189 251 255 0 98 105
    255 139 136 112 41 0 196 255 255 248 185 255 35 191 211 0 110 160
    255 91 246 0 25 255 0 23 24 50 73 26 76 145 255 255 83 3 177 0 24
    194 22 28 194 173 49 255 135 230 0 0 255 255 195 255 3 255 45 255 0
    0 205 48 133 224 178 133 28 68 18 94 0 0 0 0 149 0 78 143 31 0 111 0
    0 252 0 0 226 138 242 0 81 255 255 0 81 255 255 101 89 0 255 228 238
    255 240 39 0 60 255 0 143 71 227 251 0 37 155 255 0 238 121 32 71 0
    85 16 255 255 196 223 80 255 126 248 255 122 0 255 101 82 172 70 255
    0 255 0 3 162 0 226 193 169 68 255 255 248 57 0 58 10 0 150 60 16
    186 79 135 213 124 75 79 175 255 152 45 134 117 0 255 0 224 248 219
    136 255 0 255 255 0 8 84 138 0 255 67 0 32 209 0 255 174 51 230 219
    0 255 0 192 255 0 159 35 181 255 0 255 255 51 255 227 52 255 255 0
    12 2 11 203 183 0 75 46 93 0 80 0 227 46 173 0 239 99 175 255 0 3 20
    141 0 228 213 255 4 0 201 152 0 226 36 0 255 57 188 0 0 229 255 174
    7 217 88 171 0 57 215 6 66 240 55 69 255 0 168 156 0 103 0 85 216
    255 120 0 187 103 112 154 0 124 255 154 255 255 85 135 53 94 0 93 98
    243 63 255 190 160 255 76 0 255 23 26 139 88 0 255 4 0 226 195 0 0
    255 38 147 154 43 0 0 18 41 209 40 244 255 0 255 139 35 66 57 255 4
    224 128 0 255 65 205 255 212 56 187 105 9 220 255 0 255 62 0 165 0 0
    232 41 0 0 0 0 129 255 200 205 90 113 231 218 48 0 172 216 36 0 248
    0 0 108 7 0 215 247 0 50 248 34 165 0 215 158 169 112 0 255 0 189
    255 0 220 222 54 255 255 123 62 255 113 62 255 129 149 0 124 142 0
    177 37 0 0 221 255 64 197 62 255 114 29 193 224 0 255 139 255 223
    193 60 108 219 162 20 248 178 149 56 200 255 195 0 44 0 57 0 131 170
    0 72 230 67 0 66 255 24 58 184 5 255 255 190 210 0 112 0 0 10 233
    186 32 255 197 0 109 68 0 255 189 179 214 35 161 255 174 198 136 164
    255 212 255 231 220 90 230 182 155 255 0 28 40 0 0 255 255 107 255
    173 133 243 255 76 172 41 236 158 255 255 123 164 255 4 138 255 119
    248 255 44 255 255 255 255 230 255 104 25 0 200 0 35 0 0 200 138 255
    150 255 255 156 255 134 236 0 125 196 164 118 231 153 29 0 0 188 255
    138 34 215 255 145 255 229 255 180 236 35 6 192 151 10 170 123 0 48
    214 0 52 30 18 32 0 86 104 85 131 54 165 0 180 163 125 255 112 51
    255 238 57 40 14 255 232 67 231 0 0 255 255 237 196 111 0 0 235 164
    182 255 0 255 144 0 255 204 250 18 117 255 86 193 89 145 101 213 183
    176 11 246 105 55 98 255 255 187 139 228 49 34 42 174 255 104 81 255
    234 0 0 44 200 218 0 16 239 97 0 62 84 0 255 30 101 0 255 77 151 0 6
    0 0 22 33 0 167 129 64 35 74 255 0 0 255 0 26 255 187 175 192 246 0
    0 194 255 6 106 77 255 74 0 50 0 255 0 0 0 217 223 212 106 90 112
    180 255 255 175 0 0 20 225 255 36 245 0 255 0 0 255 73 17 0 212 255
    0 35 255 220 218 156 200 237 115 255 127 0 61 7 48 222 91 61 0 2 203
    0 97 0 203 74 0 224 162 14 211 219 221 56 39 75 255 22 6 255 0 36
    180 113 7 255 189 87 255 73 49 5 224 255 21 197 145 68 255 222 0 255
    50 17 27 169 135 4 169 193 255 0 31 255 0 0 191 40 236 200 255 99 0
    246 36 0 148 172 255 0 255 255 88 31 152 39 148 255 223 218 234 255
    72 255 14 92 92 231 100 142 105 255 82 255 200 0 0 255 255 65 222 13
    255 151 142 131 29 155 199 126 91 242 63 0 184 250 142 17 189 255 0
    0 146 0 0 0 253 255 0 63 149 220 0 81 255 0 0 243 134 2 255 72 87
    255 33 255 224 60 255 206 180 125 124 116 255 0 255 54 82 255 251 88
    72 255 1 56 12 194 11 40 183 181 195 215 43 255 143 0 126 255 97 255
    255 242 76 0 40 66 0 255 29 186 0 83 26 97 223 164 81 223 255 8 255
    255 199 255 218 237 233 0 19 0 30 0 27 62 255 85 120 140 0 163 138 0
    0 35 255 50 142 145 90 255 98 214 0 255 255 245 238 20 57 139 194
    155 255 199 0 72 80 131 219 236 135 167 254 96 255 248 255 213 0 119
    0 76 26 95 71 187 0 108 170 205 190 131 242 127 166 166 0 166 63 193
    92 0 255 143 236 0 251 138 255 81 207 0 0 0 213 89 175 0 32 8 174
    255 0 91 195 231 188 0 223 203 0 255 58 90 0 198 255 124 137 255 0
    173 50 101 62 255 186 191 0 1 84 22 134 255 0 0 235 0 137 235 88 0
    180 254 31 255 32 244 255 135 144 231 0 255 172 122 0 255 248 254 0
    14 0 0 84 145 0 255 0 48 0 255 185 161 64 175 177 240 0 0 56 206 0
    255 255 68 151 90 91 255 192 193 236 24 175 0 90 212 255 255 232 0 0
    29 226 0 79 0 0 49 179 235 255 41 106 255 140 255 190 118 241 63 255
    111 255 0 34 255 25 51 255 248 255 206 255 24 143 255 225 47 100 91
    255 255 20 0 185 39 0 81 178 17 255 124 0 255 10 0 27 155 0 255 173
    91 81 176 193 245 0 0 0 61 0 255 0 133 238 251 101 255 157 255 127
    255 222 97 255 152 0 234 255 28 0 0 89 182 112 157 233 0 100 98 255
    255 255 0 34 0 93 236 60 154 176 0 255 88 255 221 25 138 255 24 191
    0 255 37 117 230 255 125 255 255 67 255 0 111 142 108 168 255 119
    163 181 165 197 44 255 39 233 208 0 70 76 88 75 232 90 232 0 27 101
    149 214 202 0 47 164 72 255 0 45 105 201 0 0 100 136 255 80 255 0
    195 32 255 118 0 215 253 146 0 15 49 175 255 98 189 39 255 234 255
    244 90 14 68 232 110 25 178 210 232 128 57 141 99 214 26 0 37 245 0
    115 223 255 31 95 185 204 24 87 255 148 0 213 0 0 0 23 131 0 14 249
    3 255 185 163 91 154 255 255 239 98 72 222 185 89 255 0 0 123 255 5
    0 73 40 0 255 143 36 67 82 209 185 126 0 225 255 0 221 192 255 0 202
    129 255 255 225 141 52 255 85 0 32 81 0 225 30 245 86 255 255 255
    255 242 149 0 0 250 255 159 92 66 192 255 0 255 0 198 192 166 194
    162 126 0 0 143 11 233 239 33 0 0 31 0 255 0 64 255 255 0 119 0 171
    177 62 0 0 148 255 255 0 40 255 37 106 255 140 31 99 255 255 245 255
    118 255 208 255 19 144 225 255 53 168 148 170 237 255 0 225 0 211
    101 255 161 255 185 115 67 223 0 224 114 30 255 255 144 77 255 242
    255 178 121 253 52 83 8 0 150 113 145 44 0 27 255 255 68 26 2 255
    255 255 237 85 178 236 255 0 105 255 62 172 148 119 0 72 255 17 0
    255 185 0 174 189 0 0 238 0 18 76 0 184 16 0 173 209 166 194 255 255
    3 213 135 16 152 255 255 216 255 255 0 104 183 121 0 255 146 44 255
    255 220 209 30 0 255 15 204 255 226 0 38 124 196 52 179 57 243 49
    151 96 255 3 255 255 0 202 132 15 79 98 51 173 0 193 50 255 240 234
    0 118 0 0 143 0 240 0 0 255 255 82 142 200 255 174 5 88 255 60 20 0
    0 0 125 108 66 126 220 255 53 0 215 0 123 107 153 130 180 255 243
    255 85 193 56 167 0 0 255 255 7 101 25 0 255 255 67 0 187 5 224 0
    206 223 0 231 73 0 255 87 255 192 206 255 255 158 189 13 26 205 49 0
    12 0 255 228 0 16 0 80 207 170 166 255 255 53 22 28 175 253 152 199
    129 255 255 255 60 0 88 0 44 55 71 0 239 160 183 13 28 0 255 204 255
    243 238 225 31 0 0 88 227 0 100 0 71 185 117 255 60 255 189 255 195
    129 255 82 0 96 66 9 28 140 0 161 255 255 0 16 255 238 25 205 255
    255 172 29 14 110 107 221 199 0 14 255 0 255 0 0 255 145 154 5 255
    72 0 228 216 255 0 0 190 29 70 0 255 23 95 255 0 255 44 202 235 217
    0 0 255 0 255 255 32 255 3 222 22 15 55 228 85 202 140 235 136 32
    236 199 255 208 240 189 87 0 0 123 255 8 255 0 255 0 155 148 255 255
    255 169 255 255 47 255 142 230 255 51 192 245 136 215 29 146 235 204
    207 123 255 48 255 165 223 0 0 72 231 169 0 191 45 0 213 3 113 0 244
    255 0 104 142 68 175 0 0 114 147 129 255 41 4 255 0 95 0 251 255 172
    253 134 175 125 194 67 148 0 73 142 44 255 164 213 226 0 0 0 21 255
    44 214 0 174 11 255 159 1 0 81 216 255 234 255 116 138 0 228 55 19
    12 5 141 144 255 21 255 0 255 0 22 36 255 177 0 0 27 0 61 89 209 208
    55 255 0 5 31 42 227 0 255 0 0 227 3 0 255 238 71 135 190 245 79 220
    147 255 227 0 82 255 255 255 255 255 255 129 255 255 152 159 255 219
    0 0 71 0 255 0 255 7 94 49 255 211 255 255 255 246 129 111 85 53 208
    228 85 245 65 198 130 23 12 227 124 112 117 194 39 43 63 66 227 73 0
    0 45 139 255 26 0 0 200 255 110 209 3 110 255 255 255 255 255 0 255
    170 102 0 59 203 127 0 65 255 249 0 255 156 61 48 85 4 232 115 235
    255 255 0 112 13 0 247 255 6 34 54 160 23 188 190 159 70 79 255 0 41
    200 9 255 229 255 255 156 19 162 68 155 208 0 187 89 0 59 255 184 23
    153 90 60 153 40 154 205 69 93 255 255 137 0 110 255 0 255 197 206
    137 160 148 255 169 19 0 50 59 16 0 255 15 170 0 0 255 136 0 0 80 98
    0 105 255 166 136 0 255 0 162 126 252 221 158 255 28 0 0 0 210 0 122
    154 192 143 0 106 255 28 0 214 255 79 0 0 80 0 19 145 139 234 255
    255 255 236 255 141 234 251 123 255 0 233 209 255 79 255 99 28 255 0
    121 113 49 0 254 0 86 35 105 117 13 16 181 86 47 16 207 255 0 0 255
    67 0 102 0 26 64 192 11 255 255 232 0 222 24 52 54 41 255 95 240 135
    255 228 165 69 141 36 224 180 255 195 255 66 179 239 0 0 0 76 76 208
    177 0 91 0 0 0 255 82 0 0 166 0 0 5 200 155 0 255 255 30 255 222 0
    77 204 153 101 146 32 103 20 59 255 204 221 188 255 197 219 62 0 0
    113 0 0 220 0 255 172 207 255 104 255 255 237 0 143 87 123 232 0 235
    29 255 127 0 255 0 140 255 125 146 0 195 72 128 255 0 223 213 0 0 0
    87 55 102 133 167 102 255 103 255 83 0 68 0 0 255 0 13 0 255 223 218
    73 0 231 253 213 0 243 182 134 101 0 97 147 255 198 0 238 0 205 0 48
    255 138 162 64 199 90 235 0 246 207 190 90 255 0 0 132 0 13 255 255
    245 240 255 24 42 6 255 158 246 111 83 226 0 100 238 80 150 24 126
    106 9 223 0 0 124 255 247 217 109 219 177 115 205 255 0 255 226 255
    87 39 0 255 0 105 167 0 246 29 255 255 0 140 218 18 6 93 236 196 255
    200 126 63 113 214 1 224 71 0 221 19 8 255 0 0 111 255 198 244 49
    241 167 176 228 220 203 91 24 184 130 156 7 136 255 255 255 223 192
    205 72 255 0 92 110 148 175 147 180 223 129 196 208 164 199 83 160
    255 160 166 212 255 112 255 255 87 244 45 0 209 131 0 255 11 215 243
    255 192 123 169 100 255 255 186 210 44 0 255 181 255 232 255 205 244
    255 122 255 255 0 250 31 70 36 255 124 255 0 11 255 234 43 0 61 58 0
    128 255 37 15 0 0 18 7 158 239 189 255 255 130 0 214 0 0 0 255 46
    229 154 1 255 98 255 178 193 87 164 59 255 255 173 255 109 31 0 94
    255 0 255 41 0 189 250 200 0 162 193 8 184 159 0 255 255 90 255 206
    104 63 253 76 166 0 99 0 237 0 0 201 74 0 166 89 242 46 206 107 255
    43 243 0 255 136 30 22 255 0 8 0 12 0 79 255 0 0 83 60 0 238 65 38 7
    255 0 30 29 196 0 136 0 132 0 126 163 229 42 40 35 255 136 255 255
    150 255 213 221 211 249 202 113 135 77 93 151 0 0 0 0 104 207 201
    155 255 0 50 101 0 0 63 0 119 255 125 0 67 0 255 113 0 0 0 81 195
    127 255 50 80 0 22 0 68 0 56 0 255 255 15 0 0 129 219 133 138 0 156
    149 151 234 166 255 255 211 0 255 124 0 255 4 255 38 7 255 255 135
    124 255 97 53 255 255 155 255 113 0 0 98 216 10 255 40 245 147 142
    189 0 0 96 255 133 255 73 49 230 255 255 0 17 202 37 17 7 16 174 237
    255 79 104 194 255 17 155 7 255 147 0 255 66 208 45 47 0 0 135 92 0
    0 95 148 0 0 148 65 0 248 55 148 185 188 255 200 0 191 197 0 188 204
    243 142 255 179 200 182 255 203 238 156 217 0 255 255 0 0 255 91 0 0
    166 255 255 0 8 0 167 78 167 181 159 146 35 255 87 95 0 255 219 0
    145 85 255 255 255 0 177 190 80 0 124 255 255 167 255 142 0 0 0 222
    21 197 0 204 255 0 0 1 137 177 0 133 149 0 44 255 0 255 255 60 123 0
    201 40 163 44 30 231 0 27 57 255 212 0 114 200 0 0 0 255 223 0 9 49
    161 0 142 199 103 20 0 126 150 0 0 255 255 123 25 216 255 216 89 0
    205 255 0 6 9 15 0 191 170 0 199 209 224 255 0 255 240 0 255 255 255
    197 139 7 135 56 124 44 153 158 208 2 143 157 0 255 150 255 134 0
    133 103 116 100 171 197 0 89 72 202 0 0 255 174 172 255 209 60 152 0
    128 152 125 140 7 0 0 255 38 159 115 114 200 255 0 248 255 255 188
    255 0 255 51 3 7 0 162 252 0 255 0 255 74 255 195 0 7 173 255 74 0
    68 83 180 0 255 58 0 58 114 199 122 14 188 0 88 255 130 255 1 0 136
    118 221 171 0 97 122 0 91 253 156 255 214 221 222 140 0 9 234 255
    207 152 0 255 226 70 128 84 172 232 99 40 237 0 192 0 255 24 63 234
    23 156 255 166 64 203 0 139 255 0 255 148 103 155 87 43 255 255 0 29
    234 0 95 93 0 0 113 0 222 37 64 207 250 148 38 141 174 189 211 83
    190 255 252 0 80 8 31 88 119 255 255 255 198 95 255 104 173 88 233
    13 0 0 125 0 53 140 0 255 255 192 113 221 255 107 75 223 0 191 230
    62 123 167 90 255 62 255 213 53 90 0 0 255 255 150 214 138 124 161
    228 152 248 0 54 0 0 0 255 255 91 255 66 0 121 228 255 41 0 69 18 30
    76 229 119 93 255 167 208 196 0 15 98 102 52 115 220 180 0 255 0 177
    163 76 31 0 187 101 114 0 255 255 135 242 255 254 193 56 252 255 27
    66 52 255 73 0 255 66 0 36 255 2 0 86 255 0 251 135 101 71 48 232 0
    157 2 45 65 82 136 0 97 213 255 255 0 228 171 113 19 142 75 255 255
    135 255 239 255 0 157 255 168 182 229 90 185 0 0 163 147 8 242 177 0
    255 0 21 124 86 255 255 255 255 0 255 255 74 239 0 96 197 255 0 181
    255 0 255 216 255 226 188 89 194 182 145 96 87 0 95 113 132 0 67 239
    51 60 164 125 255 0 255 243 0 152 35 82 249 255 123 255 242 220 149
    0 0 170 52 1 189 255 0 11 200 95 0 255 1 0 255 154 41 0 204 255 2
    210 189 118 255 255 6 161 255 209 209 156 138 129 0 101 212 36 49
    124 152 98 81 83 148 255 0 75 0 50 0 0 11 179 170 255 148 255 204 69
    255 43 0 0 255 112 4 251 217 206 0 25 34 163 78 0 199 146 0 202 255
    186 193 82 183 0 162 13 0 19 34 255 255 117 138 69 214 188 0 58 18
    166 255 250 149 28 50 0 150 66 255 86 114 47 0 255 46 134 255 136
    222 98 42 150 124 255 72 35 156 104 0 150 255 46 159 243 128 0 157
    112 227 185 160 76 0 255 158 254 146 255 118 0 102 0 0 208 123 0 10
    208 236 227 71 47 255 233 211 241 76 147 90 217 255 52 19 183 158
    125 36 129 0 0 144 0 243 255 255 119 74 255 35 217 195 50 70 251 100
    14 242 81 255 215 46 0 52 0 214 85 111 91 53 73 0 82 0 228 24 255 71
    21 173 0 255 53 182 255 255 255 105 247 208 138 115 106 255 0 78 0
    201 131 255 0 107 0 108 154 231 0 192 10 168 76 219 255 241 0 0 14 6
    72 252 255 255 211 255 233 72 255 73 215 42 39 184 212 255 66 228
    197 144 72 213 87 255 185 255 41 0 176 255 251 190 183 244 0 0 245
    215 54 129 255 252 143 0 255 248 255 255 58 255 255 158 184 0 94 0 0
    255 104 191 98 91 75 87 0 254 0 179 124 131 255 82 125 0 255 106 41
    197 0 255 75 132 255 75 255 155 255 176 188 114 160 110 90 191 36
    210 127 65 246 0 30 255 134 255 68 255 0 0 138 255 100 26 0 217 63
    192 246 114 25 24 27 140 0 70 0 86 34 0 92 255 255 255 139 255 152
    56 240 0 75 0 255 249 210 255 183 16 52 255 192 166 177 62 255 255 0
    255 196 0 174 0 255 0 255 70 163 158 87 160 9 255 255 0 56 189 0 156
    255 65 254 59 0 121 31 199 255 5 246 57 129 255 143 255 91 0 173 255
    0 255 217 0 255 172 255 7 163 255 87 192 183 255 136 248 0 169 0 0
    130 46 0 41 219 46 255 0 255 72 255 170 15 188 255 130 239 85 168 90
    154 55 193 255 71 46 133 208 150 59 0 131 0 9 244 156 159 0 255 228
    255 0 12 255 0 0 0 154 0 234 248 208 249 255 115 224 186 92 243 166
    96 21 255 0 194 0 255 28 255 207 129 78 0 255 0 124 238 199 255 10
    171 23 0 57 255 186 255 53 140 0 238 201 0 255 255 103 76 157 122 0
    255 255 255 255 255 143 0 147 231 61 185 255 255 42 84 255 194 56
    157 67 255 255 0 208 255 254 67 246 0 255 202 204 51 255 89 140 189
    255 161 88 70 232 129 0 255 0 12 183 114 255 203 37 255 255 6 0 119
    239 0 74 0 235 248 0 120 165 255 80 0 32 232 255 234 242 0 255 0 16
    0 15 1 190 28 120 255 0 64 52 255 72 255 89 255 67 116 0 28 145 255
    180 7 0 46 0 119 0 1 126 0 204 84 130 140 49 174 255 138 33 255 255
    0 228 255 0 3 228 0 78 13 255 189 170 123 94 255 101 79 0 255 255 72
    0 0 0 153 238 149 112 116 177 170 255 4 255 146 68 19 253 168 34 157
    67 244 175 92 0 255 216 0 255 119 0 6 255 155 255 0 0 41 126 0 255
    180 19 255 0 255 255 87 98 255 219 149 11 35 183 7 255 157 0 0 255
    89 0 0 96 151 242 182 255 0 20 255 0 111 92 35 0 0 242 20 237 153 90
    255 0 154 66 196 121 0 255 11 209 106 15 191 0 240 118 255 20 255 0
    0 0 214 0 23 255 255 48 203 144 0 255 131 85 130 242 0 186 97 83 50
    255 153 0 46 0 177 1 0 105 177 255 75 0 190 54 204 0 255 0 204 141
    165 0 140 226 86 30 112 138 50 155 241 55 68 97 191 98 78 223 9 24 0
    152 255 222 222 255 255 69 0 14 141 87 239 0 129 31 155 0 106 255 0
    176 255 89 98 0 135 255 111 159 201 0 235 141 104 166 255 255 10 25
    0 0 0 36 255 0 255 185 255 21 168 5 130 255 0 227 0 0 255 255 255
    250 24 0 246 240 150 184 126 255 0 170 255 236 171 0 247 94 162 255
    132 125 50 198 0 255 50 20 255 0 0 3 137 223 0 216 102 0 63 0 215
    136 3 0 127 200 0 65 115 165 255 181 0 212 255 107 243 246 255 255
    53 255 255 67 255 104 46 255 129 207 12 106 126 70 0 46 142 109 255
    255 230 219 203 64 236 55 126 0 0 217 162 51 23 85 31 200 0 34 19
    134 237 255 78 33 104 42 16 53 53 176 18 255 4 139 180 255 255 255
    25 225 0 131 131 3 237 173 98 198 172 61 51 255 0 23 167 55 40 33
    125 47 203 99 251 0 255 17 182 170 18 170 0 187 94 0 255 255 255 255
    107 0 78 52 0 37 40 255 220 60 255 1 0 0 213 232 248 0 138 11 168
    198 123 0 0 255 8 0 171 237 108 64 0 36 186 255 255 0 57 62 0 231 0
    202 176 0 50 88 135 255 255 0 113 225 96 95 175 144 0 255 216 236 41
    0 232 213 119 255 255 115 255 95 79 0 0 255 47 36 0 133 87 255 156
    226 0 0 255 19 184 178 255 65 153 1 87 4 146 124 174 17 255 255 119
    0 0 188 72 255 255 206 254 255 255 172 31 41 255 0 255 255 16 17 75
    204 73 0 208 0 166 255 179 194 223 255 63 94 245 255 0 142 255 145
    67 184 37 29 255 238 182 0 80 148 220 197 255 255 208 250 42 4 105
    234 236 174 255 0 219 83 0 5 238 16 15 60 255 166 255 154 109 156
    255 213 247 156 157 168 255 255 227 122 168 52 187 0 238 228 0 0 255
    255 136 230 71 255 0 145 120 48 222 243 185 209 72 239 13 0 251 0 0
    255 142 255 180 5 4 82 75 255 230 248 255 8 161 205 10 249 94 243
    255 143 199 11 37 251 0 226 0 234 0 27 0 73 152 255 190 65 255 93
    166 255 0 255 16 24 254 104 42 0 76 245 255 255 0 255 255 133 6 25
    45 145 161 14 144 145 0 9 255 216 93 104 0 89 241 255 157 129 0 183
    72 63 215 255 106 0 255 201 0 0 88 127 255 65 0 88 22 239 0 101 215
    255 255 191 100 215 0 0 255 0 94 0 216 75 113 87 255 61 0 255 0 255
    255 220 255 214 91 77 55 20 56 96 92 255 0 209 27 42 16 217 0 123 0
    73 47 189 160 0 244 0 0 241 0 0 0 13 56 193 93 17 46 63 255 88 255
    255 168 118 130 82 94 255 196 0 141 49 75 132 58 0 223 0 94 255 110
    27 255 240 128 212 119 76 220 43 147 15 0 0 255 255 166 109 52 144
    29 0 83 0 188 255 0 203 255 47 176 255 206 0 255 255 255 249 255 199
    94 0 148 189 107 255 0 0 174 255 0 249 255 45 255 24 247 0 155 41 0
    114 0 168 0 125 123 244 0 2 47 230 0 148 72 87 75 14 202 183 0 49
    255 6 207 254 0 97 255 90 126 150 255 4 198 65 2 255 255 0 189 255
    79 255 34 255 228 97 170 193 151 255 148 0 0 247 92 197 255 152 34
    115 255 0 158 92 0 125 255 137 221 95 127 255 255 160 218 255 143 10
    0 49 71 2 92 209 203 172 183 255 160 51 18 255 255 0 0 255 38 182
    172 170 0 225 71 255 201 0 142 255 0 151 214 11 3 213 158 76 142 193
    255 250 83 255 255 188 70 101 0 0 97 226 117 217 200 105 194 0 88
    200 147 237 255 0 180 251 195 255 0 154 157 0 40 0 224 199 0 18 189
    252 0 44 3 244 221 151 125 29 54 148 185 176 2 255 255 0 255 28 167
    170 0 170 62 0 179 0 51 0 95 0 255 168 255 49 3 255 255 172 255 214
    204 158 0 0 183 149 0 255 0 114 55 0 255 214 255 151 0 255 0 200 0 0
    255 147 0 255 39 57 213 0 35 0 0 104 255 137 237 99 255 84 150 182
    245 0 214 106 239 173 9 77 0 28 20 0 238 70 119 0 115 0 23 203 60
    152 53 50 227 192 165 255 65 255 4 238 85 243 109 200 1 0 121 255
    214 255 255 72 133 0 223 255 98 186 164 0 234 51 94 46 68 140 129 0
    46 29 23 0 36 32 201 110 126 255 183 39 173 106 255 228 45 255 90
    224 172 174 255 255 56 255 0 212 255 37 255 225 175 255 15 160 0 255
    82 255 255 255 63 0 194 249 40 221 255 220 107 173 9 10 255 194 0 0
    125 0 0 52 154 255 211 0 73 222 146 0 255 0 176 117 248 201 0 12 244
    120 108 0 145 185 255 33 255 152 17 255 255 0 255 94 165 33 107 138
    59 199 255 161 0 126 63 255 24 0 95 0 233 255 130 255 255 255 235 41
    71 103 0 0 67 233 147 255 192 117 39 0 255 255 166 86 255 178 223
    191 102 255 0 26 242 19 0 111 255 0 150 0 177 255 92 64 0 113 0 63
    255 0 120 8 55 255 211 48 68 0 222 137 255 0 255 253 145 255 137 19
    194 17 255 125 119 255 255 203 183 255 20 237 147 89 255 78 109 244
    0 84 172 0 0 0 249 255 0 196 255 88 166 138 50 115 33 226 210 203 16
    173 255 127 0 183 0 100 191 132 0 255 81 70 0 0 9 4 179 135 255 2 87
    0 0 0 0 105 0 74 255 13 0 0 0 187 171 0 176 0 34 0 165 255 0 28 255
    156 0 18 255 0 99 117 0 177 0 181 238 72 142 0 76 131 23 101 129 255
    34 226 255 0 0 255 188 0 246 74 24 0 115 0 116 0 93 178 152 0 0 136
    255 171 255 159 65 0 255 255 255 6 11 207 24 0 26 112 255 135 255
    216 192 0 0 184 255 22 67 0 4 227 60 247 99 151 0 255 10 67 0 34 248
    91 255 255 33 128 202 255 64 255 176 0 72 255 138 53 255 220 10 125
    54 120 183 0 28 160 255 107 255 0 255 122 56 255 164 242 215 43 255
    161 112 0 243 255 158 137 188 197 41 0 243 255 68 101 255 138 255
    135 132 214 255 0 255 163 122 255 0 182 255 255 255 62 41 255 255 0
    214 137 144 149 86 255 0 255 195 255 0 255 0 87 0 0 175 33 12 74 158
    23 255 69 255 4 235 178 96 158 165 31 26 101 0 171 22 0 169 0 194 0
    67 238 2 0 0 88 228 129 65 117 248 255 163 255 255 219 255 0 84 160
    58 185 89 124 0 255 243 255 255 244 0 0 197 123 60 25 0 13 255 38
    242 33 244 255 101 255 164 150 0 255 43 199 255 174 222 255 209 165
    28 230 209 0 13 44 255 138 0 192 84 133 177 106 177 58 69 5 118 33 0
    255 228 255 0 0 255 0 35 161 98 241 255 213 97 55 255 27 144 133 0
    246 154 207 145 255 144 0 29 0 255 0 0 226 255 90 0 90 173 6 65 255
    216 104 13 56 176 58 0 169 19 222 0 184 19 0 0 0 123 255 255 226 0
    26 38 36 0 0 51 64 0 201 7 136 57 16 87 120 255 205 12 255 0 130 252
    255 0 0 214 53 255 32 213 0 0 177 127 169 157 236 241 150 81 226 3
    136 209 108 153 166 255 20 255 255 0 105 234 219 255 255 114 71 255
    198 11 0 0 0 29 0 0 255 162 255 243 255 157 222 4 42 184 86 112 0
    121 78 29 168 72 195 0 44 171 177 116 255 0 7 0 171 52 0 157 179 255
    69 105 255 253 0 82 224 81 38 232 0 34 0 6 1 0 238 255 0 255 126 0
    255 0 3 95 0 156 36 255 99 254 244 255 106 227 255 255 225 255 192
    255 0 34 18 115 255 236 209 0 133 255 255 216 142 110 165 234 0 255
    20 81 0 83 201 158 5 0 255 47 69 17 53 39 255 74 71 255 109 186 244
    221 100 28 255 54 68 0 75 171 123 126 112 111 255 54 23 0 0 161 255
    0 255 90 195 158 0 0 255 162 255 57 255 0 150 114 176 255 128 11 208
    0 31 248 31 168 223 63 255 8 90 31 0 0 138 71 44 217 0 11 190 0 89 0
    221 177 154 255 200 80 0 75 255 102 175 255 255 255 110 0 250 233 0
    0 145 21 103 156 0 255 255 122 247 127 43 100 0 249 255 225 166 0
    177 33 255 0 180 73 255 228 174 33 0 161 51 223 119 86 243 255 165
    255 255 130 255 0 144 0 27 209 0 136 8 255 255 105 176 77 255 55 28
    69 112 0 0 0 4 63 255 220 255 242 255 255 0 245 255 134 119 111 112
    255 254 15 83 0 246 0 0 0 147 255 0 214 138 61 239 153 157 114 255
    155 120 66 0 156 137 0 169 255 222 0 255 0 0 201 186 68 142 165 255
    132 244 255 255 66 255 135 0 255 70 128 18 0 203 116 0 103 156 40 4
    17 254 255 178 123 255 0 211 208 223 22 229 4 251 98 12 220 226 255
    255 195 51 255 183 101 209 109 72 114 0 255 0 219 255 0 65 255 153 0
    85 81 156 124 211 0 0 255 0 0 0 153 0 95 181 80 226 220 124 255 255
    91 245 255 0 151 255 164 28 173 255 69 58 34 105 197 131 87 255 168
    234 255 97 142 170 31 255 255 189 113 0 0 232 209 32 33 255 255 72
    161 255 0 7 96 221 255 0 28 255 32 45 100 47 161 104 149 255 134 0
    255 237 66 146 178 211 8 204 75 6 248 0 84 255 255 14 255 0 255 255
    51 117 122 213 118 158 23 104 182 0 0 61 93 0 0 223 226 8 255 31 247
    0 46 195 0 145 4 0 255 0 35 0 0 0 255 255 0 168 183 0 186 158 8 136
    255 221 46 255 255 0 240 255 0 116 0 255 50 86 193 123 218 147 0 246
    37 153 196 0 79 253 100 69 154 206 154 151 205 225 41 88 228 255 0
    193 24 255 222 255 255 149 10 255 38 240 255 0 0 255 0 234 255 255
    129 0 46 208 179 255 94 181 247 0 0 181 199 167 0 181 255 0 0 114 0
    0 255 0 255 208 18 48 207 0 167 255 128 153 0 112 82 181 102 255 68
    139 255 108 0 255 143 13 0 118 86 255 181 238 76 0 255 66 0 82 76
    206 42 142 18 117 24 255 75 250 0 212 0 117 0 0 160 146 107 144 0 87
    0 66 255 208 171 199 91 0 218 255 225 0 255 0 130 12 255 31 213 64
    61 0 132 213 212 160 255 144 43 121 172 0 34 241 223 153 64 17 61 46
    244 227 110 222 181 0 73 255 0 0 151 198 197 255 140 139 0 209 255 0
    0 38 214 255 204 73 255 201 255 134 255 96 255 140 232 101 255 255 0
    255 255 0 255 150 149 198 54 178 255 23 0 255 0 70 0 0 255 132 0 255
    165 0 35 225 225 118 249 0 47 212 227 0 14 0 0 0 205 255 199 171 255
    39 23 255 255 0 167 43 228 78 49 187 60 200 255 179 195 200 113 0 64
    0 141 255 57 21 0 0 239 255 0 0 160 72 0 0 255 42 0 255 30 168 138
    255 93 255 255 37 33 86 0 0 0 9 0 73 128 104 51 39 188 0 26 126 255
    80 0 0 24 0 255 255 0 0 250 0 80 222 255 141 0 235 185 255 30 0 58
    10 9 0 57 193 255 255 233 255 255 224 255 156 0 119 255 0 15 255 214
    49 143 90 62 62 255 141 186 255 152 192 158 186 255 18 255 214 0 163
    38 246 155 197 19 53 31 104 211 7 11 0 198 56 229 255 46 253 163 0
    120 106 163 191 0 255 150 143 55 132 255 157 93 219 255 74 242 104
    209 0 39 0 255 107 0 1 93 2 7 61 255 0 255 114 222 255 76 30 33 255
    170 255 204 42 188 0 0 9 50 255 53 89 28 203 0 0 192 169 255 124 0 0
    255 162 200 116 86 255 0 181 248 253 0 88 211 0 62 178 0 0 126 185
    29 114 133 255 255 204 150 255 255 0 255 207 22 176 14 152 0 141 35
    185 0 0 0 125 251 231 5 21 255 200 157 131 255 0 168 12 243 255 81 0
    68 204 255 255 0 107 38 200 183 255 74 255 255 255 0 203 197 255 38
    93 84 209 255 190 23 189 6 52 255 255 0 162 35 4 109 0 204 55 114
    161 255 232 46 0 0 186 114 105 0 255 218 66 0 230 2 255 120 109 243
    35 210 255 224 193 113 200 7 255 90 132 255 255 255 118 110 255 255
    0 23 158 203 11 150 21 45 0 237 255 202 202 88 196 0 55 0 0 136 81
    199 174 215 149 20 2 128 255 2 85 0 23 255 58 15 75 40 108 96 0 182
    110 194 50 0 157 158 255 0 248 0 252 19 88 164 55 0 189 255 255 193
    10 255 255 93 0 0 1 0 6 155 167 145 124 171 109 210 0 252 134 105
    193 0 242 12 0 0 152 0 255 1 0 0 0 164 56 255 41 0 233 38 20 0 14
    172 94 121 0 40 99 0 0 87 119 255 17 221 255 255 0 63 64 79 255 255
    3 173 225 128 4 151 4 228 63 29 86 97 0 243 49 0 119 255 47 255 255
    202 26 0 133 232 0 255 163 255 0 198 255 255 255 178 141 101 0 164
    255 174 29 0 172 7 75 36 0 9 75 255 246 113 104 0 255 233 255 179 55
    71 0 255 0 34 0 178 179 124 153 255 107 193 241 255 28 255 255 7 0
    175 107 5 255 173 165 222 1 18 172 122 255 216 135 0 0 255 234 62 56
    146 255 138 0 189 0 33 255 0 234 255 211 42 255 194 19 236 62 255
    255 238 255 181 138 166 225 158 13 57 255 83 0 41 136 255 255 255 89
    0 228 0 66 178 255 42 164 173 98 0 34 30 155 208 255 8 0 123 190 0
    196 13 136 214 0 59 255 255 64 255 137 154 0 0 116 96 0 62 0 51 255
    8 255 0 204 255 139 255 180 251 119 255 221 0 0 0 52 214 81 255 255
    1 255 107 239 142 163 0 18 0 74 0 94 168 255 151 160 28 52 250 255
    170 0 226 157 0 0 204 255 95 0 105 255 0 0 115 0 34 5 118 255 209
    255 255 175 170 115 103 231 255 0 180 205 0 0 45 0 57 58 255 209 107
    255 255 13 58 49 255 188 163 180 4 0 255 255 0 255 255 249 62 143
    111 0 144 255 181 47 0 255 10 143 202 119 60 194 46 96 126 110 255
    90 242 217 28 38 255 40 255 255 71 78 255 163 100 0 57 152 233 182
    81 244 86 138 73 255 255 255 124 255 45 29 255 181 255 0 147 46 207
    228 5 198 168 255 125 0 255 255 234 124 63 93 11 24 40 159 159 0 0
    129 0 0 104 219 186 0 204 116 156 221 0 171 0 255 134 32 255 255 33
    0 0 160 255 131 255 255 0 221 0 55 238 229 67 1 0 0 200 33 255 235
    140 255 97 240 37 75 7 0 32 97 119 255 0 199 255 165 255 255 202 233
    82 223 155 127 102 0 255 160 8 255 0 255 234 115 174 0 0 255 212 230
    8 255 245 187 255 136 172 47 0 21 51 106 150 201 155 255 0 48 255
    216 0 241 255 148 175 117 255 62 0 255 255 26 255 0 55 0 0 0 62 0 51
    232 24 145 27 93 255 10 255 0 0 97 118 255 255 39 255 97 192 33 25
    133 26 165 70 97 255 145 0 153 160 159 0 134 180 0 225 26 0 0 255 0
    5 229 169 243 0 112 7 0 255 59 205 87 247 254 0 179 81 255 0 238 0
    134 255 103 28 0 223 0 207 116 26 255 107 8 81 255 255 44 255 41 220
    199 215 39 65 156 158 150 209 180 255 174 205 215 255 226 230 255 93
    0 0 0 160 212 255 255 0 0 255 68 74 0 31 208 255 0 0 149 255 255 0
    91 255 65 238 0 238 94 18 112 177 134 119 0 213 0 78 228 145 255 255
    167 47 180 95 0 40 0 255 24 255 255 3 134 147 255 255 56 255 0 133
    79 0 142 0 0 79 97 40 108 255 0 154 17 0 174 255 0 255 1 244 255 97
    122 133 255 48 37 22 0 114 101 255 114 181 76 204 251 183 0 195 247
    49 14 65 216 183 182 204 12 245 192 0 255 31 193 37 0 153 29 116 255
    0 0 242 58 35 21 0 38 4 57 3 255 168 255 38 85 166 156 94 255 200
    255 255 70 119 255 235 120 255 0 126 5 107 110 38 255 92 0 89 237 0
    171 255 191 255 255 152 218 233 83 18 82 170 76 255 255 179 0 242 68
    53 168 0 255 97 98 255 169 156 0 0 255 100 249 162 255 80 216 135 55
    121 0 255 86 93 241 0 7 17 228 0 231 149 50 224 209 0 203 8 41 0 119
    0 0 169 255 45 23 24 235 99 76 255 217 255 255 21 121 215 134 255 0
    54 185 158 218 30 0 0 87 0 255 131 10 137 164 196 173 84 0 255 0 190
    9 255 203 167 8 255 0 255 38 0 110 255 131 255 255 25 54 0 161 37
    235 234 0 80 255 255 213 0 255 255 26 125 208 55 255 14 103 255 0 15
    255 75 255 0 213 170 212 0 203 174 0 106 0 0 255 255 0 120 255 0 38
    128 247 203 0 0 125 0 135 255 108 255 64 231 42 247 143 255 12 8 255
    157 255 255 255 0 163 50 57 255 167 125 118 0 255 255 0 203 102 0
    157 0 220 22 252 236 0 255 255 255 214 140 255 255 135 171 34 29 255
    174 196 31 144 255 110 49 62 0 83 0 255 11 177 255 16 198 255 255
    203 0 125 96 255 0 237 23 255 178 70 92 175 117 62 0 0 102 121 108 1
    46 255 158 61 201 0 255 0 44 92 0 11 16 255 207 181 0 85 245 105 56
    165 140 168 255 0 255 238 163 255 107 0 0 71 18 68 0 0 255 60 89 151
    132 109 38 241 255 0 132 0 203 255 0 255 2 0 135 56 249 224 255 251
    253 60 211 30 255 255 255 0 131 18 0 0 0 219 255 58 39 0 140 70 75
    251 228 0 255 96 65 200 211 111 0 178 0 198 0 0 245 131 26 168 0 255
    136 0 41 47 81 27 234 204 206 255 244 0 255 242 115 0 67 255 223 162
    255 94 0 0 195 0 218 151 255 255 153 255 250 171 92 118 83 170 129
    52 0 188 153 176 0 111 217 234 0 167 191 18 0 217 255 166 172 34 195
    106 12 249 209 0 238 0 255 172 147 235 246 0 255 0 255 0 127 199 0
    139 8 38 0 20 49 159 67 135 255 255 255 14 45 124 255 255 255 5 15
    138 0 7 255 79 255 0 149 203 0 255 255 148 21 228 71 0 104 0 27 227
    54 0 195 141 0 83 113 0 47 70 159 0 234 0 23 51 13 0 224 56 202 222
    255 46 235 177 0 255 113 77 230 159 27 255 230 20 255 255 5 248 18
    68 0 142 55 189 97 255 255 255 255 0 0 36 146 0 0 0 0 187 190 255
    255 255 254 150 65 0 13 0 231 119 0 206 0 94 51 204 18 0 254 255 22
    229 182 237 0 68 212 0 255 60 0 30 17 177 189 101 177 189 0 0 244 55
    0 210 239 255 0 255 249 118 255 0 0 0 0 57 0 255 255 0 222 35 255
    254 255 49 176 212 127 251 205 192 239 0 53 159 83 22 107 255 8 91
    134 131 189 166 0 68 40 0 113 0 0 255 0 225 255 167 255 187 134 255
    0 50 156 131 86 255 189 0 173 255 44 9 146 0 0 119 3 146 46 95 229
    83 255 181 163 126 0 123 0 0 0 174 255 255 255 255 255 0 251 183 147
    255 111 137 255 200 255 233 11 0 255 145 64 151 139 254 47 255 132
    17 10 203 231 137 113 16 255 183 255 33 20 255 98 0 255 172 0 255 20
    254 177 0 255 255 30 255 0 255 0 152 86 0 155 160 64 62 6 226 0 15 0
    255 212 243 27 138 0 35 0 255 255 204 255 165 87 65 255 112 0 98 163
    144 255 255 0 98 255 0 7 0 42 38 184 155 118 0 203 255 255 255 90
    165 0 255 255 104 51 77 255 49 143 0 4 0 203 40 59 4 232 255 80 20
    231 0 191 148 168 161 60 122 255 123 229 171 255 74 0 0 255 224 164
    255 255 227 23 32 0 66 0 174 14 0 76 253 43 0 0 120 173 226 0 255
    255 0 242 255 255 181 0 21 5 0 146 115 134 255 215 0 255 110 134 211
    255 233 47 242 255 82 255 196 0 39 208 0 255 0 4 197 147 241 30 162
    11 136 178 94 0 255 255 255 255 228 26 0 93 84 203 49 89 204 55 255
    167 118 73 43 255 249 199 203 88 0 55 229 76 255 31 255 60 0 181 217
    243 163 153 212 118 219 42 255 158 0 130 180 255 219 107 255 255 255
    255 255 48 151 101 255 234 216 179 18 44 2 249 175 0 0 219 223 136 0
    0 93 255 0 255 0 211 82 0 40 130 0 100 0 229 0 0 0 151 166 0 158 11
    185 255 0 174 86 237 5 4 255 123 125 255 255 255 210 255 0 197 69
    203 95 255 192 162 178 91 255 255 0 142 104 194 195 79 156 156 255
    201 224 255 215 255 0 51 44 15 220 255 230 105 0 0 255 0 209 220 75
    0 223 255 199 244 255 42 9 149 0 213 0 57 0 84 107 164 39 69 128 177
    246 201 66 0 0 89 0 0 228 148 255 155 242 88 228 0 121 0 0 232 255
    84 203 88 31 38 0 109 255 0 46 0 0 134 255 194 173 152 164 12 227 0
    68 0 0 0 73 124 102 0 157 0 41 213 59 67 0 189 0 147 0 110 18 74 205
    66 111 255 0 123 37 255 239 196 121 0 0 136 0 62 25 0 255 22 255 73
    58 255 40 254 160 0 1 85 109 0 255 6 176 230 0 98 0 255 255 5 27 88
    255 255 37 0 104 255 255 126 217 255 140 0 254 171 97 98 7 133 22 44
    66 255 255 223 121 248 253 87 0 0 0 205 203 0 255 184 233 0 113 153
    62 9 155 136 255 255 171 148 4 255 38 190 255 255 137 178 0 138 201
    193 46 37 230 131 255 211 255 0 15 185 166 173 189 0 222 255 0 255
    47 194 237 166 255 7 49 106 0 226 145 255 255 85 176 0 162 255 0 250
    0 27 223 119 255 51 0 255 255 255 98 0 0 158 148 0 200 255 139 65
    219 255 119 85 0 122 231 0 88 224 105 15 131 0 93 179 246 255 11 255
    0 0 255 23 0 255 8 255 0 161 191 0 84 255 130 222 163 107 207 0 255
    74 217 0 176 120 0 0 255 0 162 255 88 63 176 201 255 131 88 209 167
    30 255 0 239 51 0 136 255 69 135 0 25 231 79 8 207 255 225 126 184 8
    254 97 195 137 74 128 255 137 78 0 185 206 255 104 64 225 255 77 213
    53 255 14 243 61 0 167 235 255 255 236 243 255 115 255 132 85 40 147
    0 194 80 112 60 202 255 5 255 141 0 63 148 255 44 98 227 82 154 211
    0 255 108 171 255 249 32 38 255 255 147 95 85 0 179 131 30 205 106
    24 0 180 227 245 255 189 255 219 0 141 255 244 0 255 97 255 49 199
    255 144 255 0 44 165 161 226 175 223 0 89 71 25 255 92 255 255 0 171
    71 255 219 0 81 183 255 0 255 245 112 209 255 45 113 128 0 0 114 21
    255 61 149 0 164 147 0 17 252 127 198 98 231 173 91 229 73 73 117
    136 0 91 0 255 255 238 252 200 129 255 255 190 127 228 69 60 0 185 0
    255 21 0 255 144 82 0 255 157 0 0 1 255 136 60 34 79 0 62 255 164
    111 255 151 255 108 45 0 11 34 229 0 221 248 8 255 217 32 155 209 55
    120 255 16 66 240 75 112 255 0 31 0 193 133 0 255 0 255 84 155 161 0
    116 91 255 164 81 0 62 97 255 140 255 219 139 255 128 0 72 255 218 0
    26 0 228 213 236 183 86 0 240 236 122 255 115 37 237 255 158 222 0
    191 16 0 0 21 245 112 146 0 0 255 34 59 86 245 0 124 0 73 209 236 27
    255 113 115 154 219 255 225 223 255 133 255 129 226 110 44 196 143
    217 255 128 0 200 47 255 132 255 153 75 0 255 255 0 60 155 0 212 159
    59 255 255 255 0 57 255 255 255 41 118 0 63 0 196 141 255 214 240 0
    36 112 0 255 154 255 114 84 141 255 102 255 32 0 84 0 116 44 171 255
    255 160 198 255 0 0 162 125 255 0 89 246 241 216 167 255 221 249 255
    255 24 249 255 0 185 182 144 181 23 0 235 220 255 245 255 125 71 0
    247 255 135 193 255 50 0 0 254 0 255 65 1 40 0 0 255 154 0 205 132
    106 209 220 199 238 159 15 255 0 97 151 211 182 120 21 255 255 201
    81 226 70 76 210 200 255 255 255 64 47 0 60 179 0 255 142 0 165 217
    0 131 5 255 0 255 87 0 220 151 186 0 108 78 74 0 255 0 90 126 129
    218 228 42 47 248 22 0 57 21 21 255 38 120 255 0 255 163 255 9 181
    195 161 255 3 156 189 255 43 56 175 210 121 0 155 255 0 255 255 244
    176 10 47 22 138 106 255 184 27 105 216 211 255 0 255 0 229 0 43 168
    124 143 195 0 26 176 211 168 0 230 0 162 25 227 0 0 80 238 52 0 176
    21 0 254 109 0 153 0 0 67 0 255 255 255 118 0 191 255 103 255 65 88
    60 121 210 255 138 255 182 0 38 0 1 142 0 105 9 101 255 0 101 0 0 67
    0 100 255 193 95 159 0 54 0 0 255 0 149 0 0 8 0 63 77 0 0 6 120 63
    66 114 112 254 0 114 255 255 255 255 200 255 55 255 0 0 95 7 212 255
    138 191 255 7 202 255 255 221 0 125 197 141 190 255 103 255 0 217 83
    0 3 141 190 46 208 175 255 89 153 0 34 0 0 37 212 0 182 0 156 208
    243 238 85 208 159 255 0 255 255 255 255 95 91 150 113 93 212 169 82
    81 78 255 156 255 18 215 255 158 255 92 0 255 31 37 104 216 0 0 141
    93 161 190 181 254 0 209 30 0 255 114 173 255 0 83 0 23 34 110 130 0
    83 255 0 226 82 216 0 1 0 73 188 0 136 0 17 166 241 72 99 196 255 19
    254 160 0 64 255 255 0 5 126 255 236 255 232 255 137 255 183 0 0 0
    181 1 0 155 255 47 116 39 118 0 255 90 255 131 207 114 144 0 4 16 0
    255 0 204 242 192 255 255 226 255 255 0 0 203 0 124 215 1 255 133
    105 0 92 90 112 255 0 222 0 0 128 84 0 255 38 156 0 222 255 0 238
    255 65 195 145 197 66 255 29 84 211 255 199 0 134 255 115 255 66 157
    255 255 32 83 89 224 227 0 0 221 27 9 255 247 0 255 1 213 122 207
    255 0 134 0 0 25 231 230 0 255 100 49 255 89 253 127 0 255 255 0 21
    168 255 35 78 0 0 0 139 0 55 99 114 255 255 0 99 199 11 11 0 217 218
    165 99 0 86 70 0 129 0 47 40 188 135 255 242 182 210 31 17 0 0 83
    180 27 0 255 106 183 231 211 255 255 160 0 255 244 39 255 78 255 96
    69 174 5 167 152 63 130 253 227 23 81 199 150 117 89 4 255 3 170 255
    255 202 218 255 0 202 0 41 96 10 56 0 183 62 0 28 255 20 157 255 245
    0 255 152 205 255 0 235 101 255 0 255 42 255 1 199 255 0 11 235 0 30
    121 117 49 255 235 175 230 255 238 76 0 242 206 6 0 51 223 12 0 55
    39 186 255 104 246 126 179 0 204 194 174 188 67 0 88 0 133 35 231 0
    240 246 255 40 198 255 0 0 91 255 255 0 249 255 102 0 0 87 0 122 0 0
    206 255 255 0 22 52 0 155 20 160 255 0 189 192 30 255 245 255 210
    255 75 157 255 98 255 0 112 171 218 255 213 179 145 0 255 102 0 78 0
    249 46 249 178 41 76 253 238 169 106 174 213 106 0 0 189 25 90 255 0
    51 255 196 90 153 225 221 31 92 0 94 105 65 0 255 24 196 255 176 46
    255 137 226 100 56 138 255 39 0 143 255 3 0 255 165 197 0 239 75 255
    0 137 209 117 81 45 36 46 174 98 164 0 255 0 72 168 49 155 225 255
    255 82 255 0 106 0 85 255 0 117 255 182 177 140 0 132 142 100 255 0
    45 200 0 255 255 93 173 233 147 107 0 227 49 248 143 96 119 189 255
    0 27 255 176 2 212 255 0 235 0 15 44 255 66 255 255 0 126 139 23 255
    33 176 0 0 30 0 233 16 19 240 255 254 168 36 99 255 203 147 205 186
    119 50 81 9 174 191 0 5 202 66 0 55 81 103 224 0 66 149 80 255 246 0
    255 48 0 38 30 5 0 1 0 242 49 71 192 255 255 255 88 255 186 0 154
    138 58 184 107 130 252 255 3 144 0 205 127 68 14 255 69 153 95 160 0
    143 14 159 0 0 255 255 255 0 0 255 255 134 0 255 154 94 208 0 255
    255 143 255 156 170 239 232 255 255 213 0 237 0 0 255 211 202 255 93
    0 255 255 255 80 191 0 122 255 135 21 255 255 255 0 255 14 217 52
    255 66 166 24 255 170 8 36 84 249 88 246 222 0 172 255 0 0 0 100 255
    0 17 180 0 0 0 74 0 55 159 153 100 255 255 0 0 64 40 84 151 209 224
    39 80 45 108 141 193 95 0 255 255 63 255 254 206 43 26 0 104 0 255
    171 41 222 2 255 0 33 255 50 0 228 94 255 0 26 145 24 87 133 6 255
    128 191 194 49 102 255 250 190 99 26 45 255 205 228 176 255 0 61 7 0
    171 0 232 176 255 255 35 255 25 102 70 106 78 0 203 139 49 99 82 16
    218 172 255 0 201 0 0 249 97 177 202 177 46 126 158 0 124 255 222 31
    255 179 0 255 170 68 90 86 255 255 179 16 124 179 199 227 255 157 0
    138 143 11 108 83 255 0 111 151 0 0 78 255 97 0 255 198 0 60 18 0
    255 248 0 255 0 120 204 96 0 0 80 0 146 67 48 137 255 32 0 255 40 0
    0 255 0 134 134 153 0 0 128 19 255 91 180 255 225 24 33 13 41 246 81
    208 0 175 51 145 38 116 255 0 0 0 255 255 255 255 255 255 221 123 0
    139 110 102 94 0 80 255 255 143 65 255 255 255 255 255 255 197 46
    255 93 220 58 16 76 255 255 30 254 214 2 0 255 255 0 31 42 232 76
    197 42 85 255 255 255 255 255 137 68 2 166 213 233 0 145 201 0 0 165
    7 234 0 99 170 55 116 100 230 255 0 0 224 25 211 255 255 111 142 59
    23 224 42 0 12 1 145 222 113 83 53 1 22 208 0 0 212 255 12 255 255
    255 0 255 76 0 255 0 154 31 0 76 191 181 255 161 61 255 217 255 55
    224 186 255 0 61 99 115 255 78 213 85 29 53 197 79 113 46 0 117 252
    197 117 128 0 112 125 54 135 217 26 0 231 114 6 255 85 207 56 68 21
    220 0 0 5 192 115 0 220 161 254 0 44 152 0 255 0 134 35 255 0 245 80
    131 255 51 255 183 0 44 0 65 0 0 255 204 32 147 156 189 0 255 62 230
    176 255 69 97 235 231 0 131 0 199 151 151 0 114 158 49 154 0 83 255
    144 96 0 0 21 255 178 21 255 0 255 11 115 93 129 255 142 0 8 0 255
    255 162 199 0 255 108 182 28 160 0 0 23 0 0 255 79 204 116 255 101
    255 172 75 67 0 0 76 65 78 80 255 0 255 255 253 144 87 231 156 0 255
    0 0 217 180 255 169 68 255 0 50 174 183 58 0 220 156 255 72 190 99 0
    219 207 255 213 93 85 255 131 255 255 5 104 145 0 0 245 0 72 20 38 0
    255 121 79 213 0 255 0 15 254 80 0 109 185 185 254 81 255 255 143 83
    0 201 0 236 201 11 0 207 179 0 255 0 255 255 255 84 111 74 0 255 248
    0 4 255 0 28 0 211 255 188 255 122 205 201 37 178 0 144 227 60 227 0
    57 6 128 252 123 107 0 0 0 244 237 0 0 212 92 127 84 243 12 0 253 0
    71 0 46 255 255 183 0 0 50 103 46 255 99 238 9 29 72 168 30 0 183 51
    116 0 186 0 204 80 0 255 107 81 234 166 37 255 255 87 244 207 255 0
    237 58 0 232 154 156 209 215 52 119 68 33 99 71 0 80 54 0 187 113 11
    255 3 253 255 91 255 0 31 244 99 36 255 217 255 0 0 237 85 141 44
    227 216 255 18 241 186 162 121 0 0 0 229 255 29 22 232 153 190 255
    69 56 255 255 0 0 168 187 223 0 0 0 255 188 40 255 0 53 152 253 50
    111 164 255 255 255 111 255 124 242 228 0 0 77 43 244 0 5 209 151 33
    0 239 231 48 0 0 96 0 32 235 0 84 255 37 100 132 0 255 0 255 88 172
    255 227 255 53 255 0 255 122 128 0 0 255 76 243 0 122 178 255 255 38
    0 255 62 255 0 0 149 244 0 73 165 93 239 97 92 75 0 255 10 175 255
    78 249 255 216 0 157 0 255 120 194 0 255 204 118 7 255 110 105 255 9
    143 133 246 255 0 255 255 255 0 255 255 5 165 105 253 255 200 0 142
    62 131 255 59 255 0 204 226 187 99 110 44 195 13 216 50 200 0 101
    192 0 255 198 153 0 255 204 158 17 255 74 13 81 0 0 223 250 0 142
    159 132 182 255 199 255 158 46 0 255 148 210 125 0 156 143 196 0 255
    11 95 237 255 15 0 142 107 250 109 0 122 0 151 51 0 219 2 0 255 102
    0 255 21 86 113 24 26 255 0 255 132 11 11 0 61 0 103 100 136 0 255
    255 178 42 150 0 255 251 0 161 255 0 162 20 144 97 79 0 0 61 242 197
    0 0 0 0 248 61 255 255 96 0 59 192 136 255 89 88 255 40 0 155 0 42 0
    26 255 13 128 252 3 0 23 127 0 0 58 19 148 130 159 0 16 58 244 114
    150 7 227 0 234 202 255 0 66 108 255 255 127 18 173 0 255 254 42 113
    0 0 255 24 0 164 191 255 181 162 103 255 234 130 0 255 217 56 171
    132 0 0 255 142 0 25 199 214 57 225 184 94 191 199 146 181 198 242
    26 0 233 59 0 213 1 224 242 109 255 223 61 223 79 255 255 7 0 143 13
    255 113 74 95 0 62 0 249 0 255 194 31 72 158 0 0 255 255 6 0 88 102
    0 255 108 255 7 255 192 0 40 108 150 0 42 0 75 218 255 255 0 200 0 0
    255 0 255 21 255 255 255 79 220 0 230 4 0 255 51 255 45 23 255 255
    255 41 196 66 120 212 0 0 43 255 0 141 94 205 35 72 255 220 255 32 0
    0 8 0 209 255 35 255 255 255 140 138 87 85 0 255 255 0 255 235 86 7
    13 255 0 209 0 240 164 107 0 255 253 196 0 255 92 220 91 47 255 56
    62 233 107 255 255 92 255 140 158 200 245 186 112 156 116 235 244
    175 255 106 0 113 181 255 208 0 0 0 197 108 4 234 44 141 255 255 129
    255 255 251 190 145 255 160 255 255 88 71 119 255 219 0 255 105 0 17
    160 221 214 242 34 0 109 156 253 53 43 255 169 255 136 0 102 0 0 3 0
    23 255 50 37 0 255 131 140 104 113 134 0 255 154 0 152 0 201 255 0
    196 117 255 139 255 242 60 0 13 255 0 0 96 234 0 0 124 150 85 0 0
    209 249 174 11 104 56 123 143 84 128 255 125 237 250 255 0 122 137
    187 87 131 120 140 54 164 255 213 255 255 36 159 154 0 255 0 0 198
    255 138 175 241 255 128 157 129 255 255 207 212 30 255 255 255 255
    126 0 217 0 83 87 0 39 42 124 0 40 0 124 0 160 74 207 255 122 0 255
    98 139 255 122 214 18 49 0 199 255 0 244 255 0 255 7 255 0 0 124 163
    8 46 255 240 159 69 211 208 0 146 68 0 255 242 13 0 173 14 0 255 22
    210 94 0 255 220 208 174 159 232 161 75 0 255 255 0 255 21 216 105
    152 237 60 0 81 0 0 255 0 53 234 185 0 97 9 8 32 255 255 255 255 38
    156 227 0 255 255 198 113 230 0 156 107 104 195 10 123 255 233 0 165
    224 255 192 204 40 222 0 204 0 255 0 206 151 222 109 179 0 178 23 85
    117 0 152 255 12 91 0 183 61 255 207 84 141 255 125 43 237 159 255
    236 8 74 191 208 109 0 196 191 0 255 237 124 133 255 159 0 180 255
    255 255 29 0 220 223 238 0 255 176 34 37 0 111 0 162 174 255 146 0
    201 80 255 10 214 255 155 252 255 0 83 40 56 160 248 0 55 116 138 9
    0 255 114 237 166 101 255 255 0 7 163 209 186 133 242 92 10 255 171
    125 255 56 0 17 103 200 37 255 255 0 104 220 255 117 209 255 0 255
    138 255 96 81 48 225 0 214 28 0 201 0 201 237 255 40 212 255 255 98
    46 114 255 140 0 255 206 144 92 255 0 255 25 0 223 0 0 3 0 156 105 3
    255 115 255 143 194 45 8 151 8 52 255 9 255 0 194 0 55 214 96 219 0
    67 25 0 123 117 142 255 0 255 157 69 0 230 152 0 255 255 164 24 117
    94 147 149 46 68 149 0 91 117 214 255 255 0 15 81 229 31 231 17 140
    255 58 0 0 255 32 0 0 109 252 150 251 0 255 213 18 255 220 255 26
    170 182 18 43 245 255 255 139 236 222 177 131 0 118 201 143 148 255
    255 91 0 174 255 227 235 13 227 177 89 132 255 255 190 255 97 160
    248 0 62 0 255 0 255 255 9 237 255 0 20 0 82 51 0 184 135 56 61 31
    159 199 57 144 95 45 0 0 0 235 56 0 255 228 88 0 0 216 72 237 49 255
    255 55 220 81 219 0 248 87 14 0 1 255 255 0 0 139 47 141 167 0 28 6
    0 24 10 113 130 243 55 162 255 191 216 0 16 0 252 255 94 40 231 0
    227 115 255 95 48 190 171 209 243 65 22 0 255 0 232 255 129 255 0 26
    255 0 2 60 255 0 52 189 210 206 255 255 0 202 35 0 255 255 0 147 0
    119 147 0 157 232 0 255 244 214 169 195 28 167 100 131 230 152 203
    209 220 198 64 199 112 255 255 0 156 14 56 0 233 0 21 48 61 196 0 83
    124 49 22 0 226 199 0 1 70 34 101 0 244 255 0 51 81 165 22 22 27 255
    0 1 255 120 9 0 163 0 0 0 255 0 23 255 23 0 0 0 0 199 56 93 249 167
    255 65 0 0 255 156 0 10 0 0 159 0 0 186 38 156 204 255 4 54 255 255
    75 0 255 116 188 255 75 136 246 14 57 124 123 255 177 0 47 229 57 68
    255 255 255 247 0 194 197 255 113 248 255 255 0 255 0 92 6 169 109
    255 225 8 133 240 83 0 255 255 203 255 111 255 150 239 148 200 255
    180 0 48 13 133 152 64 0 255 112 8 255 54 210 127 22 67 90 43 255
    255 157 79 204 172 0 54 255 255 3 38 191 0 40 50 84 165 255 0 255 13
    76 106 15 111 68 0 152 167 123 0 0 0 0 0 156 255 64 118 0 0 0 0 115
    106 128 249 255 30 0 190 100 0 100 245 53 191 119 70 131 125 224 255
    81 255 255 30 169 111 168 255 45 0 0 0 88 161 165 7 149 194 118 167
    242 255 18 255 58 255 154 31 168 20 0 239 255 46 6 255 255 16 255 0
    43 182 255 184 219 127 255 0 0 0 36 225 171 115 57 255 255 16 218 79
    251 0 255 76 255 81 139 23 219 255 243 79 255 255 206 255 107 67 0
    255 143 255 255 255 0 255 255 233 255 255 80 178 80 195 212 20 53
    207 242 255 125 0 198 255 6 99 87 0 255 255 255 255 255 0 0 120 166
    194 180 55 0 177 105 31 227 67 178 0 0 255 129 255 0 121 0 46 87 255
    154 147 0 255 51 8 135 42 29 73 243 46 238 255 255 255 255 0 28 193
    152 222 183 151 255 255 144 212 255 255 116 0 255 0 255 231 37 38 0
    137 0 154 115 85 255 166 0 0 102 105 0 0 0 0 168 83 38 197 0 60 0 86
    0 0 0 0 185 0 255 126 255 255 255 56 255 255 0 255 172 255 0 0 90 0
    80 123 65 255 0 77 98 37 0 151 29 0 255 36 219 255 82 1 148 255 0
    189 182 174 119 65 255 121 0 0 255 172 252 255 193 0 0 255 0 255 255
    255 121 255 71 171 39 231 0 163 255 152 255 255 108 31 0 152 205 205
    11 83 255 76 255 0 255 89 0 255 246 0 198 0 60 146 166 118 0 231 230
    14 49 255 208 40 255 202 255 246 255 240 0 0 255 11 146 255 222 237
    158 0 77 127 8 222 132 0 248 146 0 209 145 0 0 52 64 0 166 6 34 0
    243 188 156 143 119 255 0 0 232 102 104 255 56 155 255 255 0 255 131
    255 93 255 255 255 143 0 24 76 128 255 211 240 0 117 197 239 20 176
    74 231 255 0 255 224 223 160 0 118 255 255 140 162 248 163 31 242
    211 241 255 69 0 159 230 189 0 74 255 0 10 186 116 55 107 54 108 37
    251 0 0 255 192 53 115 255 255 185 0 0 8 47 11 121 210 105 255 125
    200 65 125 54 99 252 255 250 255 255 255 0 0 255 87 0 58 255 0 255
    255 0 32 133 100 199 175 0 37 215 236 255 230 255 255 34 168 38 86
    78 0 100 255 22 0 47 0 1 255 255 150 192 95 194 55 170 248 82 148 0
    101 130 159 203 194 198 72 128 12 38 244 0 79 129 255 255 135 124
    255 73 0 13 79 0 151 155 255 190 172 218 168 88 244 27 69 255 0 73
    211 46 151 213 169 193 202 31 70 117 218 242 78 61 0 116 58 0 0 216
    1 93 76 76 115 148 255 109 18 166 129 104 120 0 91 209 255 60 128 44
    0 66 128 109 55 145 138 103 255 159 58 255 141 183 207 255 166 0 228
    255 29 0 0 0 140 0 0 163 67 0 148 137 208 255 103 183 46 0 49 0 6
    218 249 70 255 255 147 255 91 81 72 1 197 222 255 255 255 132 0 5
    255 0 101 255 0 255 0 255 255 145 108 192 134 255 0 255 119 225 45
    195 193 73 0 255 180 65 0 38 101 0 192 243 0 72 0 0 0 255 0 51 61 14
    14 169 120 251 255 0 228 112 41 106 123 213 56 234 182 97 255 20 80
    240 175 51 208 151 35 115 161 110 30 63 255 247 109 0 31 253 77 0
    201 0 247 255 65 41 141 0 101 0 101 82 241 116 200 100 60 248 0 0 0
    145 152 120 148 163 0 4 102 38 109 255 23 209 255 138 0 0 0 16 0 153
    38 0 0 255 0 66 163 247 170 255 0 191 92 247 255 255 255 128 0 220
    195 188 0 204 255 193 0 24 228 0 244 0 2 177 142 4 188 146 39 8 123
    255 0 204 255 163 255 62 185 125 197 233 0 238 46 99 0 142 84 255 70
    254 57 0 255 107 3 96 103 0 151 187 2 35 255 0 7 142 14 192 1 0 255
    27 75 161 72 32 0 194 191 94 0 101 255 244 0 217 161 192 255 0 0 0
    82 193 0 146 18 0 209 116 255 148 42 10 189 143 181 86 3 24 179 0 0
    255 36 0 122 253 0 0 255 0 0 178 83 0 255 170 183 57 0 217 0 158 0
    129 11 147 255 255 218 31 134 0 250 0 10 150 195 255 0 0 40 0 235
    143 255 121 0 255 24 135 232 253 67 253 120 76 255 30 129 0 8 0 212
    200 180 45 198 108 143 162 0 78 255 147 235 170 64 255 111 73 255
    115 0 223 112 161 22 168 255 198 117 0 0 63 164 246 69 228 175 92
    253 0 136 0 228 13 232 0 185 0 138 55 144 115 144 160 24 62 0 191
    178 147 16 206 124 52 255 0 255 224 50 223 90 213 255 6 0 171 37 28
    154 255 191 50 22 228 34 25 150 255 0 255 0 0 191 23 255 203 255 0
    255 10 0 255 0 252 84 0 255 0 132 82 0 198 255 64 151 99 185 83 255
    17 66 115 20 51 186 53 104 121 155 0 0 222 32 170 0 0 0 0 57 164 218
    255 255 27 215 32 37 0 255 171 0 211 25 98 108 255 176 255 215 247
    198 43 255 255 153 229 255 255 1 255 255 0 0 180 225 0 0 129 255 0
    133 75 78 255 255 236 92 22 240 64 0 255 0 254 180 32 224 250 208
    249 0 250 0 51 255 31 17 218 102 177 0 255 115 52 0 64 90 0 0 255
    186 235 0 0 128 136 204 0 255 96 117 255 123 87 255 154 255 0 27 255
    97 28 255 255 255 227 116 73 113 139 51 0 171 110 80 255 200 255 247
    76 2 202 55 167 146 255 255 255 0 85 66 56 150 127 44 0 0 48 5 255
    255 207 255 255 191 60 159 120 0 53 154 104 215 0 44 214 251 44 129
    0 154 253 26 187 0 0 143 42 108 0 209 213 255 64 0 0 58 248 182 67
    236 17 113 31 73 135 0 51 131 0 29 0 220 0 62 234 255 255 59 255 41
    149 249 31 159 255 0 72 63 0 103 0 0 91 0 255 164 0 29 0 0 0 183 255
    124 211 0 255 225 153 165 255 255 134 255 154 255 187 146 255 246 80
    12 0 255 68 0 10 15 0 63 114 194 55 117 163 21 28 139 197 41 16 33 7
    0 222 0 0 103 211 11 240 71 43 0 50 225 205 255 0 255 255 38 189 132
    235 255 195 126 200 237 0 0 255 180 91 201 136 255 255 255 166 255
    71 22 255 0 0 9 0 92 83 159 200 218 255 154 68 19 0 255 0 185 255
    226 116 181 255 0 76 165 157 255 83 153 113 0 215 255 52 206 123 0
    16 147 255 147 118 255 141 206 170 103 0 183 47 87 0 0 181 179 255
    96 89 86 143 133 255 167 165 174 17 0 164 233 93 168 255 255 205 191
    255 0 27 152 32 89 0 0 255 182 148 163 255 255 134 255 139 255 0 255
    0 172 43 0 255 115 0 163 73 207 122 248 191 152 255 255 146 1 17 205
    191 253 125 255 0 140 0 197 33 85 94 255 96 203 203 28 254 229 0 250
    205 0 179 0 255 255 0 218 25 0 247 155 255 255 8 4 7 38 190 130 145
    0 251 214 81 255 178 0 12 248 0 236 188 255 196 72 173 247 92 10 167
    143 199 38 255 179 18 0 163 0 189 0 255 140 27 212 0 21 0 212 78 255
    38 103 17 249 175 209 55 143 60 0 0 55 3 0 0 0 255 255 255 235 255
    17 0 67 11 0 149 254 32 0 55 255 0 255 119 0 0 73 107 160 195 61 0 0
    147 145 0 77 0 121 31 138 0 0 8 0 213 204 17 81 110 50 0 200 62 255
    0 0 55 38 255 211 79 36 255 255 161 178 25 47 255 255 254 87 59 255
    175 189 255 255 82 245 0 10 110 218 0 135 1 0 255 219 0 255 255 80
    123 190 147 0 7 0 125 167 0 236 205 0 113 108 87 55 0 238 11 136 0
    55 123 0 127 0 0 160 113 0 194 250 7 139 118 160 0 2 249 0 213 255 0
    255 0 14 182 0 183 91 255 73 140 5 252 212 255 180 37 255 154 169 43
    222 0 148 160 0 215 104 102 66 45 232 43 0 0 6 249 45 244 0 118 154
    105 0 135 51 0 255 0 141 0 146 54 255 62 235 0 151 0 91 0 0 190 0
    114 255 116 111 255 160 255 255 59 255 93 0 225 209 70 171 0 0 0 255
    17 172 255 254 0 255 229 95 90 0 255 72 116 85 64 255 255 191 0 251
    177 53 255 132 6 209 64 0 118 249 233 13 0 37 128 234 121 252 0 138
    0 218 255 88 85 255 86 227 152 30 146 177 0 143 3 126 164 0 255 255
    255 150 255 56 116 2 0 163 197 255 255 51 131 44 255 255 255 0 0 26
    255 48 115 230 186 165 100 255 57 139 105 235 235 255 255 255 108
    252 163 0 224 87 255 149 48 0 119 0 255 191 84 123 114 245 5 0 54 8
    12 159 255 255 237 27 255 255 0 255 193 53 121 238 0 72 255 0 39 234
    174 0 255 0 33 0 0 226 202 0 90 255 255 128 78 204 0 131 67 0 211
    255 255 255 0 13 0 159 12 0 215 90 88 241 237 255 169 86 250 0 0 188
    0 237 115 254 71 255 0 13 25 55 0 135 196 9 255 46 178 255 213 56
    235 0 142 0 96 171 157 0 196 106 51 174 153 155 0 9 241 125 204 71
    69 195 0 108 255 102 144 255 0 78 150 228 4 63 11 4 83 92 78 153 111
    5 255 255 255 175 255 76 44 48 247 217 0 255 255 0 119 255 146 104 7
    0 0 41 116 122 255 200 255 248 101 127 122 170 113 143 211 0 184 192
    137 85 11 197 60 255 0 255 255 255 255 133 255 165 0 54 0 255 89 47
    120 0 0 45 134 255 247 209 255 255 98 247 0 172 255 255 213 89 216
    125 204 101 255 255 255 63 90 255 77 0 255 255 72 142 127 169 14 11
    129 26 137 249 112 223 255 255 80 2 0 85 254 79 5 237 14 76 183 39
    60 0 255 134 170 255 4 67 91 123 0 255 142 110 16 255 114 0 74 34
    255 82 12 163 39 36 45 35 184 54 255 255 119 176 37 1 255 153 103 46
    255 186 255 52 123 138 141 0 137 0 0 255 94 228 197 255 76 60 137
    150 0 155 163 47 45 125 219 45 255 234 255 0 18 255 2 0 173 203 106
    30 154 0 216 48 97 39 255 161 255 255 255 255 165 34 0 4 0 212 83
    240 33 134 250 168 36 134 242 204 4 67 0 0 70 120 255 1 27 164 0 160
    53 255 31 159 97 246 0 78 255 57 250 249 162 255 0 0 194 16 83 168 0
    219 169 118 31 118 0 31 96 227 0 255 137 121 255 0 60 231 137 255 68
    33 112 88 0 18 255 127 255 255 255 0 255 203 0 0 255 255 255 224 255
    255 11 0 175 79 0 62 109 255 255 147 232 131 0 77 190 255 20 255 202
    0 255 74 255 53 195 255 0 198 83 255 255 0 255 60 95 0 209 150 148
    224 67 255 0 255 138 240 170 228 164 254 255 75 144 158 255 255 242
    255 255 0 255 152 0 255 0 140 58 58 255 147 10 254 12 28 103 0 0 255
    161 0 255 0 255 255 189 0 0 178 255 0 153 235 52 255 16 255 255 187
    13 0 41 0 82 255 255 191 45 50 130 231 59 255 0 123 233 0 255 255 29
    88 191 34 255 216 0 211 35 255 218 255 245 67 0 255 45 80 105 93 3
    208 255 0 50 255 199 212 38 229 255 152 255 112 255 200 209 0 137
    255 177 31 195 90 152 198 255 148 169 255 239 255 88 236 0 41 0 133
    29 0 80 241 110 120 3 255 79 0 168 144 122 0 255 194 136 42 0 129
    132 114 205 255 255 63 255 186 99 100 143 255 255 204 120 165 57 42
    0 206 0 0 247 0 158 140 255 58 0 218 22 255 13 92 0 85 212 123 95
    213 76 49 0 0 44 15 255 171 255 0 210 0 182 83 174 255 255 255 205
    157 4 114 21 133 255 13 158 2 73 30 196 187 255 57 43 4 53 195 255 0
    119 159 0 122 255 149 189 203 29 143 255 102 255 8 255 193 0 94 75
    64 226 148 75 0 249 0 0 255 0 69 9 138 147 0 255 147 255 231 0 220 0
    255 8 255 254 255 0 0 78 138 208 106 233 221 111 160 75 70 255 97
    246 156 174 34 78 77 133 98 255 74 0 104 255 255 239 0 0 0 196 0 158
    0 36 0 143 86 48 97 255 224 0 0 7 26 0 65 255 255 0 255 193 0 255
    167 96 155 255 119 198 0 164 31 29 154 119 22 232 167 234 105 96 219
    20 0 255 220 198 166 0 59 0 54 238 255 0 255 183 32 100 214 135 223
    110 205 111 151 209 177 172 40 255 181 208 192 255 255 255 146 121 0
    255 0 241 255 222 255 0 0 255 148 177 255 39 107 188 111 0 23 181
    143 0 13 51 0 135 248 0 146 39 255 236 255 120 255 241 53 173 36 80
    255 18 220 39 0 226 186 139 0 255 98 244 88 255 233 255 194 254 79
    188 66 255 0 0 255 236 200 178 196 255 117 90 0 154 6 153 0 67 121
    133 37 255 255 123 58 109 255 10 20 255 255 255 255 0 76 182 255 40
    28 156 116 22 190 83 101 0 0 189 213 0 164 0 0 0 190 182 255 96 24
    94 59 0 222 0 255 16 0 255 0 255 107 255 255 255 136 192 247 100 62
    178 138 255 255 70 255 255 74 18 184 125 255 251 110 190 0 4 174 132
    237 161 121 255 53 12 255 212 0 95 246 210 255 63 36 127 239 0 66 93
    10 0 3 0 0 0 41 255 251 84 38 0 137 212 255 0 0 169 16 255 34 8 255
    54 12 255 255 51 142 219 24 247 181 180 146 255 152 18 220 47 23 255
    178 0 0 255 0 247 255 161 119 255 0 136 204 241 122 53 255 150 111
    147 255 255 98 0 74 173 207 239 0 255 70 103 255 0 189 0 0 205 0 53
    181 0 255 255 0 126 165 255 111 136 108 192 184 143 92 44 12 197 129
    255 0 255 66 0 0 255 21 76 255 4 255 151 253 246 255 103 0 255 171
    77 166 105 255 178 86 187 19 86 0 0 168 243 18 0 0 118 0 255 11 235
    231 31 232 10 0 22 83 232 164 48 8 130 255 0 248 0 66 238 0 121 255
    255 213 253 0 107 249 136 187 200 102 0 0 29 26 190 163 56 255 92 67
    118 26 255 99 0 255 43 0 61 218 15 195 53 188 255 0 55 137 109 58
    113 231 0 251 27 150 174 79 255 0 103 86 113 239 56 124 137 0 255 78
    35 18 95 114 162 255 124 70 131 165 95 255 167 118 251 0 195 255 0 0
    255 156 65 255 255 24 209 252 20 255 203 255 0 0 142 40 228 0 111 37
    112 248 255 76 255 140 176 1 11 188 20 252 68 105 255 0 0 217 0 139
    17 226 216 108 191 51 0 255 0 0 254 42 105 112 22 205 241 149 118
    255 174 0 91 0 217 59 0 70 203 91 255 255 212 42 255 255 93 255 64
    82 215 255 76 133 163 0 192 255 236 255 0 255 131 143 117 228 92 255
    255 0 255 12 0 171 255 206 5 255 0 255 49 123 116 103 227 255 0 255
    0 184 64 209 0 65 255 0 221 209 247 83 121 21 210 200 255 245 0 214
    6 208 255 255 0 108 84 0 255 242 124 255 255 38 255 14 255 255 18
    171 255 107 176 140 255 0 255 21 9 255 0 108 7 0 255 176 127 0 138 0
    77 63 32 0 204 210 211 33 148 109 0 223 243 244 0 7 229 0 255 86 160
    255 210 223 255 201 0 241 112 123 222 0 0 102 59 19 42 168 0 0 117
    46 0 227 6 187 114 228 102 0 230 176 255 212 196 169 255 14 255 105
    250 255 0 255 255 0 147 0 74 42 52 6 255 220 255 134 19 255 62 255
    106 237 255 92 113 0 51 242 255 32 240 255 42 211 85 0 145 240 245
    100 0 163 154 38 255 0 136 107 0 255 255 0 0 67 125 3 195 11 255 207
    255 202 16 247 56 0 249 0 241 143 99 255 242 93 0 175 247 4 45 0 0
    166 123 0 200 255 44 255 68 92 129 92 177 83 102 190 0 255 255 153
    215 200 112 0 4 255 13 0 0 231 233 255 11 148 254 255 125 142 255
    255 215 135 0 0 0 45 0 0 217 255 31 0 0 155 255 0 255 255 255 255
    220 255 124 103 151 17 83 255 255 255 191 255 0 99 255 0 0 217 157
    124 255 87 93 255 0 255 255 138 255 255 0 0 255 255 0 0 6 36 46 56
    255 65 151 255 255 140 249 132 0 10 84 255 255 28 255 255 176 0 75
    41 237 0 134 166 41 253 136 255 236 6 177 30 6 64 0 144 0 172 109 0
    12 87 164 255 255 196 0 197 0 0 0 107 255 69 55 255 254 120 0 150 0
    255 255 0 133 147 0 193 86 38 54 255 192 91 0 112 62 237 195 0 0 4
    159 45 0 0 157 68 209 0 0 66 83 7 190 204 0 118 150 23 0 181 255 191
    0 0 218 14 66 6 0 206 213 199 163 255 0 45 108 255 82 255 255 150
    255 162 0 39 58 255 37 181 7 29 0 255 178 255 25 112 172 11 255 255
    148 255 0 148 241 162 255 135 192 255 255 193 10 70 236 76 124 111
    255 57 113 0 118 255 78 216 255 247 0 234 255 241 1 0 106 75 87 252
    31 252 192 255 127 241 213 214 214 255 15 106 89 255 136 127 13 255
    0 110 112 230 97 83 255 44 2 255 63 6 0 153 223 212 0 175 104 114
    255 255 185 85 255 71 26 124 140 0 42 255 0 255 0 205 212 226 255
    202 0 168 6 102 35 255 62 246 92 86 99 94 0 128 255 0 255 191 220
    255 0 18 140 255 0 242 156 148 0 248 194 107 255 76 199 255 213 0
    201 44 18 2 162 0 185 216 29 255 132 18 0 98 0 0 0 21 55 131 85 138
    65 136 0 255 0 69 255 195 201 0 119 255 149 131 190 0 138 255 151
    228 77 19 0 121 211 0 103 30 231 124 0 111 0 124 209 0 0 0 207 160
    155 13 255 53 6 213 0 1 255 255 71 221 255 25 255 0 85 255 74 191
    255 0 255 255 0 240 41 196 144 68 0 149 158 121 12 18 65 49 255 0 17
    236 255 0 166 101 255 0 0 255 44 255 115 255 71 245 184 0 190 118
    197 88 144 255 191 114 255 208 157 13 228 0 79 0 174 214 255 250 169
    125 161 255 0 28 255 159 33 79 105 23 77 0 0 250 0 0 0 255 254 100
    181 255 0 255 255 255 86 106 41 123 255 108 71 148 139 188 115 229
    97 162 145 149 0 243 0 80 0 2 255 0 254 0 0 68 203 255 255 240 163
    83 56 147 85 192 0 255 254 79 0 0 214 52 141 187 16 0 64 255 182 22
    255 255 0 84 165 16 152 99 94 217 255 19 255 0 0 0 0 98 29 175 229
    84 152 54 0 255 251 70 0 116 199 217 157 245 94 129 255 255 102 199
    110 255 90 112 255 111 0 190 122 69 1 252 101 76 0 160 236 197 255
    248 36 87 0 0 255 255 235 231 0 255 115 95 138 0 76 145 255 255 84
    182 91 229 255 119 129 255 159 49 134 64 33 153 255 0 128 0 99 101
    202 89 0 175 0 133 0 255 109 0 255 92 128 134 0 90 57 215 126 255
    255 255 253 97 255 13 59 255 66 219 36 117 0 77 141 91 255 0 0 255
    255 255 101 255 255 255 255 0 91 0 255 126 143 70 192 255 0 48 0 0
    35 238 140 250 4 100 103 29 70 252 160 137 84 0 0 255 0 190 68 255
    20 0 50 223 160 35 21 10 168 0 0 0 210 100 0 255 44 238 255 0 0 255
    123 93 196 0 254 0 237 52 187 193 51 96 218 141 51 125 27 100 255
    200 47 95 150 71 32 255 0 123 255 253 0 198 96 245 174 177 37 0 166
    160 255 255 255 103 255 83 192 194 0 232 255 96 93 255 85 255 89 26
    136 2 46 22 19 255 2 0 88 200 104 74 70 160 255 6 121 4 0 255 255
    255 67 239 203 195 0 0 0 0 230 255 252 117 98 44 158 255 11 73 255
    212 158 255 164 80 248 255 255 129 0 203 255 54 37 131 169 196 15 0
    255 255 112 1 219 227 69 248 32 255 231 222 0 169 0 3 109 0 68 0 208
    94 232 0 222 0 0 0 141 194 15 255 11 135 29 201 232 86 0 209 220 86
    89 125 194 230 255 166 107 92 102 219 213 67 255 124 0 0 185 190 238
    79 20 0 204 1 231 161 219 0 0 255 31 80 107 21 85 143 255 255 11 255
    255 89 62 0 158 0 185 156 255 131 221 166 118 235 0 255 139 255 192
    41 60 243 33 19 0 132 255 0 146 255 176 253 45 0 255 84 0 166 37 6
    190 0 5 0 77 80 207 0 255 97 52 255 71 0 38 110 0 184 14 99 89 101
    255 0 0 179 142 255 124 57 150 106 255 0 224 172 137 32 122 230 11
    90 255 89 0 188 164 92 188 203 110 13 0 0 230 0 79 255 0 156 141 243
    134 0 255 247 47 0 63 255 48 97 255 27 50 85 153 166 0 89 84 19 0
    162 255 255 72 0 153 197 52 0 0 255 31 255 131 92 0 120 1 172 255
    122 61 255 66 191 59 0 183 78 112 168 255 220 0 0 197 0 12 125 255
    153 77 15 0 255 255 255 16 205 0 177 8 0 194 225 255 203 255 123 6
    109 0 191 129 159 0 255 0 0 132 0 38 54 255 0 255 201 160 33 153 19
    255 255 62 69 210 255 172 125 4 100 28 73 64 171 0 245 89 112 255
    232 104 255 255 180 21 205 0 255 204 0 0 152 200 0 46 0 23 18 56 79
    116 171 211 37 0 255 255 113 111 0 184 0 255 254 255 255 255 213 147
    48 9 35 253 26 114 192 63 177 0 29 68 255 255 69 188 255 255 255 255
    60 24 255 181 0 115 69 0 255 255 0 255 216 255 37 0 255 45 255 166
    96 0 212 39 255 0 165 83 196 0 255 0 212 234 153 9 121 63 248 255 0
    0 117 255 1 0 255 0 40 193 146 0 255 0 79 10 52 255 229 0 255 57 78
    255 10 227 123 95 255 255 249 195 255 255 89 0 166 79 135 0 234 255
    100 167 208 63 255 182 173 255 100 255 255 145 37 255 40 186 118 207
    74 235 0 231 47 122 247 157 255 193 0 230 28 45 255 228 203 142 0
    129 86 249 230 209 7 18 185 16 255 255 89 0 96 0 0 40 0 35 255 73
    132 98 0 172 0 222 49 140 255 208 0 255 74 0 53 0 255 28 242 166 99
    255 255 115 0 234 32 26 202 122 82 188 238 0 210 255 248 7 205 0 85
    255 165 0 139 255 0 20 0 0 0 38 255 255 0 255 115 209 127 255 105
    182 255 0 223 0 234 255 0 95 91 94 255 20 255 36 0 185 71 154 4 152
    117 0 128 0 0 255 49 206 255 221 164 253 255 255 2 255 0 58 226 0 0
    255 255 198 239 167 147 0 62 95 122 184 255 208 132 0 105 110 151
    155 0 62 0 164 240 247 255 187 27 149 232 111 255 0 74 195 0 95 0
    224 199 0 177 36 0 0 12 73 235 255 224 255 0 1 28 255 5 34 200 171
    255 202 217 0 255 211 255 0 126 159 228 255 0 255 248 123 0 100 173
    0 168 69 121 52 201 174 40 254 122 131 67 233 197 0 26 0 34 101 233
    33 56 255 142 0 255 231 255 0 72 255 0 207 146 47 255 0 255 195 204
    255 189 255 231 148 255 202 0 27 54 136 214 255 210 215 255 132 165
    73 41 255 136 0 0 0 204 0 0 201 228 255 249 73 156 240 238 23 118 0
    255 117 108 190 177 255 237 231 120 169 235 123 32 237 139 1 124 7
    50 0 22 223 255 0 189 52 246 0 255 218 36 117 0 0 244 0 77 0 24 225
    186 255 255 0 148 79 69 60 255 217 181 16 153 255 101 239 135 162
    255 17 163 255 171 255 0 114 151 0 104 114 155 29 179 247 255 69 255
    107 234 227 0 0 194 117 56 0 255 182 118 250 0 0 115 87 0 78 75 164
    255 55 218 252 53 220 255 255 75 255 19 0 0 32 0 245 0 222 0 101 179
    130 255 200 0 255 0 80 14 96 13 255 94 19 0 70 255 40 48 201 255 145
    62 255 255 255 228 0 151 216 255 255 194 47 255 116 200 255 63 255
    72 0 255 0 223 0 0 153 121 189 134 255 152 255 255 0 0 7 255 255 255
    228 144 249 165 194 150 184 197 0 255 66 91 23 0 255 72 66 0 21 194
    0 140 0 103 92 255 255 159 247 243 54 126 255 144 29 255 0 255 46
    255 255 59 238 206 62 0 203 198 255 135 32 102 39 157 33 255 255 255
    229 236 255 186 0 216 179 0 255 233 59 251 17 255 96 0 0 211 217 179
    36 58 207 23 255 240 194 255 36 0 0 251 255 0 140 255 49 247 255 177
    255 48 59 187 255 255 0 255 91 239 155 255 254 171 219 190 179 0 30
    0 200 0 0 78 36 255 67 47 155 200 46 125 255 164 0 106 230 48 148
    255 239 103 146 229 69 0 255 17 76 210 96 69 66 193 0 80 0 34 138
    235 55 0 0 0 208 42 3 0 0 255 166 255 232 150 253 120 101 148 0 169
    166 255 0 166 154 46 255 75 255 197 255 0 255 0 0 246 0 86 0 203 255
    0 255 255 2 200 171 255 60 255 255 155 0 83 100 252 0 0 152 158 0
    184 255 119 166 218 231 224 0 0 86 38 255 5 0 73 255 0 54 115 0 109
    136 150 17 210 0 0 47 255 255 255 255 192 255 78 139 0 255 126 145
    66 122 66 255 17 37 254 69 0 224 229 255 0 228 101 52 255 185 198 63
    46 0 8 255 0 0 68 255 155 165 143 69 52 153 255 255 242 0 255 140 82
    63 255 129 5 151 204 177 176 255 255 136 108 61 0 112 74 250 0 40
    138 255 0 58 219 84 0 125 165 111 0 126 0 94 97 5 41 2 112 56 255 75
    203 123 222 24 0 255 0 0 151 140 0 192 44 18 58 224 0 2 0 100 0 0
    213 154 163 52 66 42 255 249 127 25 56 255 0 137 223 204 87 214 132
    0 159 255 218 121 0 47 0 255 4 168 72 231 161 0 157 255 179 166 255
    176 0 200 68 65 0 0 39 190 15 79 202 148 172 82 8 255 207 165 255 84
    115 96 255 255 255 196 212 152 255 110 204 250 30 221 0 255 83 8 106
    255 42 255 221 214 33 255 214 0 206 185 92 0 56 88 252 4 255 202 0
    202 57 201 255 12 202 204 72 78 27 31 248 87 255 74 57 11 0 109 203
    255 0 207 186 255 255 147 0 248 0 166 170 233 255 255 250 250 0 0
    255 16 156 0 84 110 72 0 26 26 207 0 255 154 160 75 44 128 255 255 7
    255 211 89 66 29 158 123 164 23 250 52 245 3 114 106 0 0 230 255 13
    0 31 227 134 64 253 86 0 34 255 0 255 200 118 255 57 90 0 255 255 2
    0 255 0 186 0 11 76 227 250 138 0 0 255 66 0 246 255 255 0 255 255 3
    255 34 114 255 203 82 203 51 228 51 179 4 255 138 188 255 0 175 216
    0 132 248 93 71 122 201 0 72 255 255 247 173 255 255 55 0 0 0 255
    255 50 234 102 3 255 27 0 135 255 222 109 255 0 0 255 10 195 14 195
    255 18 80 0 28 134 255 58 255 209 255 44 0 106 44 255 0 198 26 218
    255 6 177 1 187 131 171 0 0 0 155 0 135 113 245 255 27 65 255 164
    120 76 22 255 0 233 0 190 83 255 217 255 168 107 119 116 0 114 56 0
    143 255 25 176 255 77 34 255 107 41 0 0 164 0 131 244 0 255 60 255 0
    214 236 255 104 104 140 119 0 5 114 89 0 36 3 124 255 194 255 51 145
    129 182 107 0 255 174 255 17 188 0 0 140 218 23 2 255 37 133 2 105
    157 217 255 166 0 0 35 106 44 152 255 170 134 143 225 69 109 255 229
    58 255 237 194 65 28 122 255 169 0 255 255 0 9 0 117 136 20 149 200
    255 173 175 255 181 235 159 0 0 2 46 255 255 218 47 255 255 0 0 255
    255 186 52 165 181 213 125 0 0 146 255 191 132 40 234 186 22 255 255
    148 94 176 193 255 55 255 0 118 159 167 255 54 193 107 0 57 123 255
    255 20 255 255 255 79 255 0 195 255 255 255 0 184 47 0 0 9 255 255
    255 13 255 255 29 168 174 255 0 28 255 137 97 255 99 34 126 146 108
    0 235 126 67 114 157 208 159 0 227 0 0 174 109 0 160 225 81 254 50
    81 255 2 177 255 56 188 0 227 236 0 52 0 187 105 255 0 183 255 0 179
    196 94 0 51 255 188 0 151 249 15 90 35 248 136 0 171 0 0 95 255 255
    86 255 255 244 214 2 29 0 134 164 118 152 0 112 117 229 43 215 255
    255 52 78 163 0 255 25 0 32 0 35 255 208 0 255 255 202 255 212 100
    195 162 255 0 179 149 90 177 161 255 255 64 94 155 255 177 63 0 3 0
    122 110 6 0 117 110 185 0 13 209 255 255 209 152 127 174 255 194 126
    233 242 0 119 61 42 0 217 114 156 0 36 255 0 103 0 123 255 26 255 0
    154 193 71 86 26 134 254 100 235 65 255 165 196 80 149 82 148 117 0
    198 250 255 255 0 0 255 114 0 42 175 255 255 74 6 255 43 205 44 255
    134 27 255 13 84 0 0 60 53 191 74 255 221 0 251 77 17 142 49 0 255
    255 48 255 26 229 40 255 35 28 146 255 0 230 48 255 0 115 129 129 13
    0 186 229 113 255 225 178 255 51 155 63 209 15 70 255 7 236 170 255
    140 174 187 163 79 255 96 0 255 0 3 150 48 203 43 246 0 91 71 120
    255 50 255 72 0 255 143 68 4 226 202 134 219 255 198 139 131 242 245
    167 179 255 125 24 0 212 52 0 57 82 238 0 241 239 255 43 185 38 69
    194 68 255 0 255 180 0 0 255 0 255 207 9 105 65 255 0 212 255 169 79
    255 117 41 21 0 199 255 27 19 255 108 134 170 0 61 56 44 42 202 0
    255 77 211 54 17 255 158 0 56 10 25 29 255 205 0 255 26 101 145 115
    41 52 134 91 10 185 250 255 147 255 32 0 201 0 161 199 192 70 0 222
    109 0 190 255 204 21 177 14 255 205 0 73 19 188 247 111 20 198 149
    244 0 66 237 0 255 17 0 125 19 183 0 0 255 92 0 0 0 0 0 217 0 0 0 0
    255 0 160 118 7 3 48 0 249 0 10 255 255 97 77 79 0 0 0 5 215 244 62
    128 0 0 209 137 131 129 0 0 53 190 0 27 160 255 230 39 0 135 32 49
    108 184 161 248 255 73 12 136 70 178 141 3 27 0 226 130 105 0 201
    228 240 18 255 247 48 244 245 220 255 126 187 0 210 46 0 203 91 255
    60 0 63 0 6 0 170 51 0 4 255 11 255 0 0 128 89 0 28 215 255 39 255
    21 255 188 33 255 255 0 90 138 0 255 8 230 234 255 199 0 218 139 255
    197 50 228 0 105 255 255 84 223 152 255 0 99 91 96 25 255 0 255 24
    255 255 73 255 253 134 64 179 100 255 0 0 47 146 122 165 182 255 33
    138 229 220 255 164 255 255 246 255 210 255 88 80 195 201 226 0 0 0
    179 109 255 255 255 245 114 196 15 0 255 145 79 255 240 255 143 186
    235 0 148 255 167 26 235 0 0 128 94 0 156 0 255 121 23 255 0 220 39
    0 255 169 71 255 255 77 89 255 0 149 171 255 212 117 194 136 243 255
    255 176 255 0 144 232 194 102 0 255 0 255 204 255 170 190 255 142 20
    105 146 24 125 255 76 0 213 0 221 0 107 114 0 0 181 133 87 207 67
    192 255 0 248 209 109 95 255 185 124 148 255 42 6 185 0 228 166 249
    243 13 0 255 255 253 142 0 244 255 239 0 72 40 58 141 255 192 141 97
    0 255 8 181 68 62 0 0 255 0 0 118 234 255 221 0 0 255 255 23 192 217
    0 0 208 4 169 92 46 242 150 0 126 11 250 255 92 59 255 0 31 194 3 0
    179 21 176 0 255 0 255 103 145 0 67 152 0 255 0 13 246 113 255 81
    209 196 13 5 151 41 130 122 146 255 219 255 77 255 236 96 32 0 108
    255 214 50 110 240 255 87 110 53 187 216 230 255 132 198 165 255 255
    224 255 0 207 208 0 252 115 129 15 151 229 62 0 255 23 255 0 66 204
    33 0 101 255 255 58 221 74 47 50 154 5 178 123 151 171 0 135 98 0 0
    59 235 70 162 0 0 238 0 241 114 107 180 255 255 0 0 186 162 215 50 0
    140 168 180 0 10 12 0 160 255 193 87 4 0 255 0 28 162 148 131 0 243
    0 113 149 47 255 0 120 0 147 255 36 76 255 82 90 139 18 51 104 255 0
    0 255 145 20 10 49 195 164 255 11 33 66 255 145 0 200 0 12 122 255
    153 255 0 255 53 143 163 178 136 201 148 151 194 0 0 110 215 5 255
    70 103 255 255 204 255 56 255 255 150 40 141 52 180 62 248 84 0 0 0
    11 0 35 204 4 249 245 255 54 183 255 199 52 64 118 168 43 80 28 0 0
    217 224 244 73 190 0 255 0 111 201 39 255 255 255 255 55 255 129 135
    255 179 140 156 36 240 252 135 102 73 253 102 255 73 0 255 179 0 255
    17 249 0 255 255 0 156 157 29 93 18 125 20 255 137 53 228 250 90 102
    255 255 202 255 0 118 99 7 146 255 0 74 0 247 250 8 197 203 15 11
    180 255 171 128 0 97 8 0 61 255 111 8 255 255 255 255 12 248 213 255
    41 0 149 255 202 84 255 255 171 95 0 255 177 131 0 255 255 144 223
    108 249 255 95 0 176 47 0 236 0 8 197 255 183 226 128 21 232 128 69
    255 252 0 0 255 0 0 92 41 0 123 54 255 165 112 171 110 238 242 0 49
    163 58 248 1 85 255 44 0 140 127 75 156 255 255 240 96 240 47 18 171
    191 184 255 0 0 165 255 127 255 255 194 158 172 69 0 62 20 0 255 255
    255 0 0 131 199 0 244 68 255 114 188 255 0 255 255 50 255 164 235
    205 72 255 146 85 0 0 37 0 255 233 22 141 123 217 68 255 0 44 252
    150 109 40 255 255 30 172 255 26 0 42 255 255 194 255 189 12 58 51
    211 45 0 166 150 255 214 255 0 26 255 196 0 49 255 172 0 58 7 180 0
    68 231 255 255 54 255 222 0 255 0 242 217 0 43 0 192 97 63 0 113 187
    255 152 120 0 195 245 106 140 16 65 198 255 0 0 0 34 255 0 137 12
    122 221 0 244 212 0 204 255 22 0 3 76 155 0 255 109 88 71 106 129 26
    229 0 91 114 51 191 0 125 0 0 71 168 155 217 91 71 1 255 255 195 1
    64 158 123 79 39 0 255 218 164 221 48 255 5 0 143 109 0 58 255 166
    173 255 183 136 207 123 4 231 36 0 238 0 15 150 248 52 180 23 86 255
    0 14 18 0 148 93 74 0 118 0 0 236 255 1 39 213 0 255 10 0 41 227 10
    84 250 255 202 177 85 112 190 33 236 6 255 165 208 255 206 30 241 55
    122 0 225 0 147 101 29 255 87 0 0 34 165 0 236 173 255 133 64 0 0 0
    26 0 255 11 240 103 108 151 180 0 0 255 194 236 243 255 255 209 240
    170 122 90 113 255 110 0 177 172 190 141 239 13 0 0 68 255 255 29 69
    105 255 255 164 0 125 198 0 255 136 30 247 0 145 223 0 69 162 172
    148 0 0 223 151 109 48 255 0 65 0 127 0 6 0 255 222 235 5 160 91 255
    71 255 255 76 164 5 0 77 0 23 166 0 56 42 12 0 255 20 5 255 117 0
    255 84 255 158 0 113 255 251 230 233 161 0 123 203 255 248 235 184
    255 255 30 115 36 0 100 17 42 137 60 0 162 62 201 200 174 186 0 0
    194 0 213 224 154 160 0 77 255 0 99 65 16 63 55 255 219 34 0 241 192
    255 0 189 176 0 46 255 0 77 49 0 61 255 185 0 16 5 68 255 104 70 210
    255 255 255 255 0 255 39 239 255 0 134 255 0 0 0 30 143 0 222 138 32
    159 134 249 255 154 255 0 152 0 101 0 61 57 88 93 21 104 210 255 72
    161 67 0 74 0 255 177 76 164 255 255 163 255 98 255 144 189 255 0
    255 255 99 221 219 0 150 208 248 59 0 140 0 198 187 188 214 141 0 0
    232 179 160 0 164 223 255 95 0 26 240 0 213 104 167 195 28 255 255
    140 39 77 141 255 76 48 123 139 1 164 245 249 17 168 0 0 31 32 182
    255 255 131 241 255 255 255 16 255 170 229 46 46 221 0 0 188 112 75
    107 59 255 191 243 255 192 8 103 124 213 80 210 81 106 0 208 151 157
    255 0 0 255 255 26 32 0 255 147 78 147 255 0 0 255 145 198 117 255
    162 241 255 19 71 0 0 255 255 147 255 0 113 128 69 253 171 124 35
    255 196 255 202 0 255 114 0 32 230 73 138 130 255 21 104 0 244 239 0
    62 255 53 143 255 76 198 0 255 10 130 255 68 73 67 0 19 152 246 24
    214 255 0 255 211 203 247 0 0 134 61 0 255 0 0 238 0 0 247 0 0 224
    243 255 96 126 103 227 246 61 209 161 98 23 101 7 109 255 155 127
    180 166 0 128 75 8 113 255 255 64 255 207 179 179 255 59 3 204 127
    247 0 0 255 0 176 255 83 16 216 89 255 243 0 212 0 255 41 26 151 83
    182 111 180 252 255 7 132 0 0 0 0 65 212 255 109 82 113 217 133 255
    90 158 0 36 0 126 171 195 0 255 255 0 143 255 33 255 187 255 152 147
    255 255 115 0 4 154 226 0 146 255 0 0 134 225 255 209 58 196 122 49
    53 64 167 0 136 165 248 0 173 117 55 13 145 215 191 146 139 167 65
    204 30 0 39 163 0 0 219 45 144 255 0 36 0 0 117 59 0 0 255 29 255
    255 255 222 149 255 0 163 179 177 220 129 49 0 127 210 231 45 212
    172 207 255 128 220 26 238 82 0 39 185 205 0 96 96 37 0 134 234 96
    33 143 0 232 255 236 158 255 238 236 0 35 199 205 255 219 33 46 239
    138 0 35 161 207 39 177 0 255 238 214 119 203 19 210 41 250 0 0 120
    200 255 130 0 255 230 0 255 255 224 204 0 199 0 0 0 246 255 0 147 0
    0 5 161 0 253 0 205 39 0 32 0 255 255 153 0 255 0 147 104 225 0 0
    232 255 0 255 255 0 3 56 132 0 0 0 0 142 177 88 255 255 14 255 157
    165 255 117 0 155 176 0 114 0 0 188 26 159 42 154 45 128 75 254 91
    213 165 66 0 56 255 185 175 125 255 255 255 176 0 144 255 113 132
    255 42 236 0 0 244 0 0 102 143 255 168 255 255 167 225 110 255 203
    81 196 145 255 103 255 66 255 255 255 61 55 255 37 46 255 143 255 6
    87 0 136 108 232 100 0 0 0 101 139 0 128 72 0 255 255 178 255 54 255
    66 246 29 18 197 248 133 69 252 0 182 133 4 29 186 68 54 121 0 242
    45 13 0 26 200 47 0 255 8 0 252 181 0 0 36 255 255 0 10 108 238 0 15
    62 163 87 131 255 0 140 0 119 104 255 0 95 247 185 206 127 255 194
    255 0 255 194 100 235 0 211 130 131 255 0 34 77 0 255 115 149 28 238
    5 255 0 33 161 11 255 255 211 0 162 190 47 12 255 255 0 0 146 255
    127 130 255 0 193 225 239 16 85 0 135 11 38 113 0 62 203 182 225 0
    107 249 240 255 0 171 248 0 76 49 255 12 0 129 255 94 179 255 23 255
    0 121 155 0 255 79 145 255 150 245 206 98 0 78 159 157 0 107 0 102 0
    90 255 201 255 255 124 164 0 63 168 222 45 0 245 170 0 0 255 228 255
    0 99 255 225 245 14 0 0 145 185 0 255 0 48 11 157 0 255 255 0 255
    255 69 0 251 255 175 235 244 255 220 0 43 255 0 111 220 35 235 68
    197 0 61 255 255 255 0 255 116 255 136 0 133 97 171 255 255 39 147
    48 31 0 187 203 0 0 89 102 66 166 255 231 255 176 221 191 212 0 144
    163 0 134 228 0 0 189 0 45 153 255 232 91 243 255 197 255 213 93 150
    0 126 225 152 234 0 0 250 0 104 158 0 0 12 193 38 0 91 60 237 56 251
    71 228 109 216 41 31 228 36 0 105 255 55 0 10 147 0 155 203 228 184
    0 255 240 0 0 209 125 0 48 255 0 255 255 67 110 4 233 102 35 191 0
    171 147 49 90 0 14 219 141 52 210 255 0 255 196 211 126 66 0 255 126
    0 142 46 0 84 71 255 78 247 191 103 60 102 98 255 129 192 255 0 255
    66 252 255 190 0 176 39 0 255 191 212 180 255 239 239 166 148 34 255
    0 59 0 238 221 211 255 0 255 74 130 255 16 15 255 175 255 178 191
    219 0 0 7 0 0 56 140 255 42 168 28 0 155 125 77 216 250 53 0 255 248
    255 97 180 255 255 106 0 32 138 0 244 195 0 0 80 37 97 143 255 199
    164 61 41 12 30 22 255 100 0 51 50 0 255 198 247 255 0 34 126 255 0
    132 0 209 88 104 242 40 255 124 136 106 0 255 102 255 130 106 255
    187 209 14 123 45 68 0 0 255 66 249 255 190 69 92 3 181 36 255 132
    138 255 0 255 255 207 251 46 0 255 99 143 187 0 140 255 0 151 28 0
    133 43 255 237 0 191 202 0 108 29 80 41 255 192 134 130 98 236 76 0
    0 0 96 16 113 109 255 37 0 42 5 0 70 0 0 255 252 0 255 255 77 0 0
    255 210 196 151 206 210 0 151 250 255 55 81 116 0 0 15 255 0 0 37 0
    0 0 120 221 15 204 100 255 0 0 53 149 231 0 0 255 255 249 198 228
    138 89 0 0 183 95 109 255 139 71 0 0 188 15 3 63 222 108 124 22 255
    239 75 174 77 36 255 0 255 205 0 0 150 255 0 157 204 0 0 220 0 255
    248 168 108 0 0 72 179 129 232 255 206 173 15 0 189 53 255 146 15
    255 24 134 170 255 104 144 255 255 0 234 0 76 63 83 138 255 0 169 0
    0 12 157 132 221 0 0 0 206 0 96 170 230 123 174 245 255 0 255 84 255
    255 6 255 255 0 123 2 193 255 0 46 225 192 110 255 47 152 82 0 34
    255 201 53 181 255 32 0 34 134 113 255 194 31 26 31 72 255 98 0 219
    229 100 200 255 0 73 231 7 197 0 0 51 124 109 220 55 0 255 255 69 25
    255 255 0 170 245 242 216 229 39 254 255 187 0 75 0 0 0 148 198 130
    49 23 7 0 12 126 171 16 231 120 131 0 199 142 214 255 0 238 255 255
    11 218 255 0 60 120 255 85 35 255 13 0 200 188 198 0 47 13 1 213 81
    0 239 125 242 255 255 83 255 40 255 201 255 255 255 84 156 131 242 0
    96 130 0 113 128 255 27 217 5 123 234 96 190 255 12 96 255 92 17 100
    197 52 0 255 40 22 232 167 122 0 136 255 0 43 196 212 65 0 150 255
    27 249 93 0 97 255 240 255 237 255 114 255 123 255 212 11 99 255 0
    108 65 14 71 190 21 219 0 255 193 12 42 236 218 204 0 65 0 99 82 146
    46 11 206 0 112 0 29 0 176 43 97 0 0 255 141 9 255 255 255 141 247
    146 89 9 248 38 71 223 200 87 0 118 0 0 207 80 0 0 78 255 205 0 0
    150 17 255 0 9 0 240 210 239 0 0 158 60 119 220 255 189 0 141 255
    226 22 169 186 197 248 168 23 255 39 76 252 255 25 84 72 0 165 94
    215 0 75 255 0 114 200 115 35 104 190 123 61 96 138 171 255 104 63
    247 54 245 105 0 0 219 46 0 0 45 89 255 166 253 255 194 0 173 8 178
    73 153 255 43 108 177 144 211 0 115 114 0 91 0 255 0 252 110 182 255
    255 146 105 255 0 250 255 138 146 99 36 143 0 0 255 255 0 215 0 255
    124 11 91 252 109 94 14 71 41 47 224 0 44 0 68 211 0 84 97 237 163
    156 0 121 255 4 253 0 216 121 117 29 255 200 235 255 68 255 250 255
    73 17 0 0 179 235 2 16 255 86 0 22 141 0 255 0 113 255 10 145 98 214
    0 0 80 255 197 41 82 107 255 173 35 171 85 0 195 138 83 143 255 255
    0 255 52 0 255 92 255 177 82 255 31 0 255 255 255 148 23 10 0 68 151
    0 38 214 224 164 0 187 146 255 45 217 156 214 99 112 233 111 197 70
    0 94 0 158 44 159 14 222 118 255 195 0 0 22 223 255 165 54 176 101
    184 255 84 218 0 0 61 13 128 198 46 23 0 195 255 255 157 255 255 247
    0 0 130 48 224 0 255 150 78 255 96 0 31 5 0 0 154 255 255 0 255 5 21
    255 17 166 255 255 0 124 0 178 255 214 181 0 255 216 174 25 95 233
    226 255 144 166 79 36 255 4 171 255 116 182 155 147 246 244 140 255
    255 93 254 0 255 191 207 70 237 39 0 117 180 255 165 231 255 40 255
    101 228 255 30 42 102 0 200 189 255 0 237 245 30 4 6 0 103 0 255 211
    255 56 88 0 243 60 147 39 140 147 159 43 134 71 255 237 51 11 255
    125 0 0 12 0 0 2 216 147 156 220 231 242 0 255 255 255 141 255 42 63
    73 217 217 0 19 0 231 108 238 8 157 255 167 0 177 8 27 0 148 121 228
    255 255 80 24 209 255 166 255 154 255 0 83 115 34 87 133 0 162 82 71
    0 150 3 176 194 6 53 255 0 45 88 188 155 238 0 192 176 0 0 255 0 0
    255 255 0 255 249 60 255 184 255 255 0 255 92 106 67 53 0 0 0 254 0
    0 0 255 0 171 13 255 203 101 23 242 255 247 255 255 255 139 20 23 0
    0 0 111 140 0 207 96 140 0 0 0 231 48 0 255 46 199 0 0 0 255 110 33
    218 108 187 164 199 0 38 52 23 251 173 0 32 162 85 255 255 8 255 255
    0 192 178 63 110 168 238 93 0 199 0 1 0 0 33 0 255 201 169 0 0 14 0
    0 255 107 27 0 123 58 0 94 205 212 163 7 255 0 255 0 221 115 93 255
    0 0 0 97 206 0 255 90 81 119 0 255 202 54 255 39 116 165 225 49 208
    173 174 0 23 235 0 0 0 134 0 0 255 14 0 165 71 255 255 6 54 167 54 0
    0 255 0 255 255 241 84 255 139 155 112 7 20 125 35 160 0 255 188 255
    218 0 2 255 213 186 0 35 255 255 28 103 164 255 0 83 255 0 255 0 45
    0 19 240 145 255 62 255 146 141 232 0 189 255 0 34 0 0 255 70 215
    147 50 0 27 255 0 105 254 0 123 230 127 0 27 247 0 159 140 134 202
    143 122 227 35 0 255 179 16 196 91 255 115 45 51 0 0 85 252 16 255
    93 41 24 0 0 255 96 4 0 2 94 255 141 65 41 255 108 46 75 0 179 18 0
    190 30 0 255 249 0 64 255 252 0 116 168 255 0 225 0 0 210 208 161
    215 0 0 137 196 0 49 102 168 255 199 60 0 255 90 5 142 82 250 12 78
    91 149 255 1 0 194 230 183 0 0 0 255 33 225 37 237 153 61 109 215
    255 255 255 255 50 126 60 255 232 38 18 224 0 136 50 36 202 98 250
    16 255 0 150 200 0 227 36 106 255 217 255 87 186 234 0 216 26 6 159
    42 116 100 11 172 162 44 0 165 255 246 229 255 216 0 255 255 133 255
    217 49 104 252 80 149 0 137 41 255 130 255 227 255 255 169 0 72 0 0
    0 0 255 68 0 51 150 0 255 199 101 0 138 7 82 233 255 193 82 255 64
    224 255 0 214 255 94 132 55 0 0 28 240 27 140 220 16 1 13 120 64 155
    255 255 81 234 255 0 0 57 0 229 255 0 102 255 222 100 129 113 135 0
    0 0 126 17 116 67 179 112 145 203 66 191 0 0 244 255 0 112 34 0 5
    124 102 33 0 244 255 102 111 165 159 98 32 190 200 223 255 153 255
    90 2 124 133 255 115 57 255 233 75 255 55 136 255 105 255 75 156 32
    0 220 73 220 0 255 131 133 93 244 0 220 250 31 59 255 34 0 0 190 170
    208 255 255 255 0 0 143 3 220 68 155 0 2 173 28 255 255 255 255 241
    255 73 186 255 123 136 253 111 182 201 255 88 159 0 121 251 20 109 0
    158 0 0 65 255 91 225 255 245 0 91 93 138 71 119 181 93 133 188 0
    219 130 38 107 0 162 4 118 38 255 236 255 208 80 39 107 255 249 52
    255 44 255 0 0 255 84 29 79 255 255 120 25 204 97 0 50 125 0 21 223
    152 156 101 186 0 232 255 255 76 244 146 120 170 255 152 183 21 220
    230 220 171 254 163 237 68 255 255 255 115 49 213 94 42 52 0 10 0
    255 145 0 209 255 226 0 255 190 0 167 20 255 209 151 255 12 238 0 89
    21 0 248 0 21 0 255 108 123 14 147 113 255 216 168 151 203 0 165 0
    186 244 75 168 248 0 168 237 188 186 255 255 255 255 0 93 0 0 12 43
    11 255 255 179 0 152 17 163 139 75 255 0 29 16 87 47 0 141 25 10 255
    120 0 20 145 209 0 155 29 18 255 255 213 6 149 255 107 255 103 158 0
    151 47 235 180 255 0 9 219 107 255 46 145 196 98 218 255 17 255 53
    95 38 163 214 0 0 9 255 76 0 174 0 176 255 255 255 255 184 47 176 27
    53 183 197 253 151 232 0 22 132 255 31 79 255 110 255 0 207 255 184
    162 142 248 0 153 255 225 137 255 255 255 82 162 32 56 219 234 0 0
    123 88 0 2 199 0 176 154 139 0 163 255 53 229 0 72 255 255 0 255 0
    132 162 253 0 0 73 139 69 229 212 114 73 235 0 171 133 9 255 141 119
    255 10 181 189 216 159 255 186 255 177 255 195 0 157 87 50 221 25
    108 182 97 159 255 167 39 0 255 99 0 78 255 23 192 225 90 0 0 242
    255 11 93 83 75 227 190 255 255 0 255 79 255 243 157 138 169 189 255
    171 201 255 0 212 0 0 75 252 114 255 202 0 255 79 132 0 255 50 101
    198 0 57 255 255 180 255 51 31 255 84 87 214 255 0 35 0 230 255 0
    255 0 98 147 255 0 1 255 44 229 255 238 205 255 93 10 227 0 255 166
    255 250 184 78 255 164 255 255 187 11 0 220 174 0 0 255 72 0 171 0 0
    184 211 255 0 255 35 141 60 226 141 255 193 255 241 0 199 229 255
    240 235 222 159 109 255 0 186 0 46 160 255 255 194 0 101 84 182 207
    0 58 115 182 124 39 97 132 255 171 0 140 247 53 255 107 212 174 43
    117 255 226 65 148 219 0 137 5 166 166 168 105 0 150 255 137 0 108
    180 150 79 255 0 253 84 224 162 255 5 210 9 44 0 239 75 207 0 32 156
    38 0 222 152 5 0 5 255 61 146 46 0 157 255 0 0 136 255 253 79 64 2
    52 0 0 57 255 255 107 35 0 124 165 28 177 121 0 117 0 50 80 111 95
    220 92 135 0 191 96 0 255 0 209 0 0 0 74 255 255 255 159 48 124 192
    0 234 255 178 113 255 0 0 234 255 89 93 255 126 77 27 255 0 126 174
    233 156 224 77 84 40 255 61 92 255 0 255 66 77 223 188 0 0 61 84 0
    163 255 9 255 131 255 94 255 255 158 255 234 174 4 48 156 147 255
    181 90 37 255 255 0 221 186 0 252 112 217 24 207 201 255 0 170 130
    158 255 31 106 0 76 67 164 118 187 145 135 0 209 66 36 209 95 131
    188 110 0 56 0 219 0 197 0 255 12 108 124 185 255 188 6 0 255 0 20 0
    255 250 0 15 147 90 222 17 255 174 0 164 212 0 255 57 56 140 0 159
    241 161 206 222 144 255 0 128 48 250 255 178 255 138 232 0 32 186 0
    219 0 255 14 216 38 141 0 88 8 144 1 255 196 176 56 175 255 130 161
    191 255 145 40 84 255 255 98 0 127 153 184 132 4 75 255 255 67 252 0
    255 126 87 0 201 19 255 217 0 173 139 110 193 83 46 69 255 237 177
    32 199 255 46 0 152 130 31 209 255 255 205 255 171 137 0 0 255 54
    108 93 141 0 0 158 129 0 158 158 197 255 255 121 231 0 0 12 163 255
    0 0 85 0 93 233 255 206 226 183 255 200 0 217 229 0 36 51 9 255 219
    255 0 0 30 0 255 15 146 0 197 214 0 255 255 208 134 226 255 0 55 80
    120 207 151 255 211 114 81 112 7 14 255 255 91 255 79 188 255 0 177
    255 246 0 238 248 42 34 255 255 0 126 223 197 0 83 255 208 26 115 0
    0 14 0 255 73 189 229 0 188 0 204 34 84 121 60 127 255 255 19 77 92
    124 89 170 0 80 123 0 143 90 0 0 58 189 255 189 178 0 79 255 0 0 0
    215 192 151 22 206 64 0 0 130 99 255 21 103 145 233 238 52 169 255
    44 0 252 0 90 66 100 109 0 25 216 134 123 255 243 40 70 183 0 162
    114 255 134 57 255 217 255 8 252 87 0 93 255 216 194 0 255 18 255
    106 184 187 255 0 107 255 153 255 119 150 142 255 238 255 0 0 84 44
    255 171 119 255 0 192 9 255 18 67 222 0 30 73 187 255 130 17 66 145
    74 204 0 29 80 220 255 255 158 255 0 232 0 132 255 255 255 3 0 202
    129 0 221 197 27 226 173 210 108 255 117 0 0 24 248 196 163 184 6
    114 39 158 255 53 0 0 102 243 32 0 0 255 209 248 178 0 231 0 72 111
    252 255 0 230 220 0 255 206 141 144 255 0 0 170 43 255 200 120 255
    228 223 45 68 141 0 42 12 18 160 0 0 0 62 0 255 185 19 255 94 255
    255 213 53 251 44 200 0 0 203 136 248 0 132 0 0 217 255 171 244 57
    255 255 0 131 119 23 22 0 17 72 255 0 129 255 150 210 162 255 13 220
    76 173 44 0 255 220 177 255 255 95 128 32 232 255 182 255 0 226 99 0
    255 151 205 13 66 228 0 255 1 13 65 15 166 111 48 120 0 255 152 24
    90 170 196 255 20 12 141 17 33 5 254 255 192 164 35 102 117 232 27 0
    0 0 0 45 56 136 0 143 19 218 189 0 59 238 18 255 197 239 40 0 47 0 0
    203 255 255 119 205 39 255 203 2 32 220 255 238 213 109 61 66 200
    255 224 195 214 108 255 47 255 255 56 255 255 198 73 0 0 0 2 215 82
    92 255 0 41 92 196 234 163 176 168 63 153 225 0 63 220 241 0 82 181
    50 229 73 79 82 0 255 93 130 223 255 0 255 33 60 246 148 0 139 116
    173 225 255 124 162 8 0 29 255 170 0 152 103 255 0 183 25 193 173 74
    219 255 0 210 100 67 0 182 217 255 206 119 255 122 0 2 213 127 83 0
    0 89 252 255 232 167 235 0 236 0 22 230 15 180 0 162 2 0 0 255 99
    223 147 55 143 8 255 0 208 255 87 255 106 112 39 0 8 98 255 77 90
    139 0 228 241 255 0 0 0 255 2 255 0 255 40 202 245 88 191 255 113 0
    0 40 255 0 68 205 0 146 217 127 255 68 54 112 79 0 141 0 251 255 166
    246 137 249 0 0 0 255 28 237 0 255 125 31 217 211 209 0 122 95 160
    106 0 138 0 119 102 225 25 0 0 93 0 72 58 2 7 73 145 0 54 51 102 0
    217 0 254 0 107 246 245 255 45 68 220 100 255 236 26 118 0 0 242 77
    0 255 38 3 0 0 15 164 58 213 255 255 0 255 0 0 212 255 251 58 208
    255 196 0 114 255 163 78 255 48 255 0 109 155 255 163 0 186 111 255
    82 129 0 0 209 57 112 241 81 86 90 56 255 145 243 0 158 255 16 214
    76 254 131 146 160 255 255 207 0 4 255 162 175 209 41 255 88 255 66
    233 255 255 232 162 223 67 232 0 100 36 0 0 31 71 77 255 142 0 104
    29 3 117 204 31 161 133 255 255 47 161 255 255 62 132 35 0 255 255
    34 52 54 9 84 86 103 0 242 17 0 255 255 255 93 187 50 239 102 255 0
    213 0 144 165 255 34 255 255 132 64 0 253 30 0 195 255 255 255 255
    152 255 0 255 224 54 255 0 0 2 110 255 0 0 121 73 255 188 227 255
    167 238 80 251 175 0 224 165 0 255 69 255 230 137 255 184 200 201 91
    255 201 70 0 0 232 84 0 180 114 255 225 118 6 255 255 0 168 101 96
    119 0 160 255 0 94 255 0 36 22 154 228 54 173 0 96 142 0 107 2 222
    255 191 255 247 245 11 0 72 0 202 255 134 247 204 0 0 152 0 255 255
    97 97 149 18 58 0 180 136 0 31 0 11 255 212 255 255 54 255 255 6 183
    16 0 0 254 222 130 180 153 47 84 106 87 12 64 163 255 119 255 183
    150 255 0 125 0 233 214 25 158 215 160 163 110 0 57 86 40 0 58 199
    40 160 37 255 181 179 231 36 84 155 255 5 88 141 255 12 99 255 255
    166 133 208 197 91 30 12 255 58 217 221 57 162 60 255 0 178 255 0 89
    56 255 131 83 255 177 0 223 16 0 213 75 0 0 0 54 246 255 0 72 181
    155 245 183 90 248 255 147 167 37 254 201 211 30 136 156 110 28 0
    122 255 141 180 227 51 31 7 255 226 0 235 0 23 0 125 0 78 202 176
    204 247 30 0 255 0 140 64 15 255 0 206 0 244 26 162 206 195 121 250
    243 27 0 0 0 172 29 53 8 113 212 68 13 112 62 255 57 184 0 106 167 0
    63 21 255 0 78 216 47 255 255 85 165 0 0 86 174 255 192 142 255 81
    171 70 189 94 255 123 215 142 203 214 199 108 0 27 0 0 99 11 255 128
    255 255 171 125 0 220 124 242 239 67 212 255 236 55 255 25 93 255 56
    255 136 0 96 65 255 137 172 112 112 0 19 255 177 77 166 255 0 211 0
    51 253 240 5 97 0 99 2 202 175 255 148 176 255 17 0 66 255 255 124
    255 191 73 0 255 48 0 0 4 0 0 255 204 14 186 195 249 0 63 255 134
    255 0 59 0 0 170 0 255 0 0 183 229 176 255 255 255 52 5 255 7 161
    255 36 24 163 227 0 161 59 0 255 60 123 43 0 127 122 64 79 0 72 110
    155 0 19 47 255 15 5 176 255 77 168 56 205 35 39 255 255 143 255 191
    96 175 125 255 74 255 230 0 0 255 200 93 76 0 254 119 154 79 36 255
    205 255 80 0 255 17 0 52 5 100 195 12 65 0 44 226 131 0 255 0 255
    210 121 120 0 38 102 198 167 219 36 47 129 211 0 37 176 172 255 0 20
    255 131 219 255 0 255 0 0 26 113 255 72 154 0 179 148 169 32 170 255
    79 255 0 0 234 101 255 0 177 251 148 127 169 133 0 255 0 136 224 255
    50 58 0 255 0 255 0 50 221 0 67 212 53 255 255 113 0 15 255 150 189
    255 0 255 106 157 140 134 65 0 118 0 39 0 255 0 0 204 185 177 0 0
    176 143 74 103 255 233 255 205 177 134 156 67 200 174 99 0 33 0 16 0
    94 0 161 255 0 126 255 255 54 0 0 255 125 255 9 0 53 209 255 74 234
    109 0 20 19 255 101 205 255 219 0 155 255 166 20 250 134 220 0 138 0
    222 21 32 78 255 255 161 0 83 113 200 83 255 78 233 215 164 146 55
    207 0 33 214 0 0 0 11 167 242 0 100 118 107 16 181 6 245 253 154 186
    74 255 73 192 255 137 0 164 191 255 125 13 0 0 255 167 188 63 251
    196 160 255 255 171 0 122 182 80 0 194 231 175 0 255 255 150 241 47
    255 253 0 255 78 0 228 143 255 201 49 29 223 35 224 246 255 94 26 0
    76 0 255 0 0 7 103 255 255 0 252 255 136 143 0 122 254 157 97 0 0
    191 29 144 255 7 1 46 64 4 255 255 255 255 231 152 255 175 255 89
    153 133 215 0 241 0 89 255 47 0 0 255 113 255 113 78 108 255 158 81
    29 87 255 0 246 123 218 161 57 134 128 255 136 29 64 81 197 46 0 242
    255 28 0 0 21 166 237 248 128 3 23 255 181 0 154 122 228 31 154 0
    134 4 0 242 255 47 80 206 40 135 161 255 94 255 225 241 0 255 0 0
    175 68 56 44 0 91 0 255 255 6 30 18 53 32 255 225 8 255 255 161 190
    184 215 177 162 0 0 58 11 244 220 255 255 255 198 143 156 89 198 222
    178 160 17 0 14 0 0 247 0 2 0 70 80 76 0 189 0 218 255 170 195 129
    255 141 152 38 0 44 0 39 253 76 230 0 255 48 235 83 0 255 255 192
    255 87 45 0 184 67 174 0 159 152 255 30 0 146 39 47 84 111 0 128 185
    213 255 198 255 196 125 0 0 81 210 73 65 253 60 80 231 255 255 24 0
    255 153 75 60 49 243 255 0 255 31 177 107 253 132 241 210 207 173 20
    71 34 106 14 124 156 114 106 239 190 108 213 119 64 255 255 193 141
    41 0 24 218 241 0 0 255 55 136 189 255 2 101 240 170 0 255 0 241 255
    96 255 255 201 0 0 208 52 0 243 0 255 55 255 216 87 78 196 25 106
    105 134 80 190 134 110 255 255 46 0 150 237 170 255 201 190 255 88
    66 255 4 16 107 0 0 255 252 160 0 227 156 84 120 176 0 78 0 217 154
    35 241 226 170 76 35 170 17 255 62 106 0 36 55 255 30 179 205 63 172
    55 0 184 0 16 255 5 255 163 255 61 0 37 123 118 189 255 90 50 156
    151 255 77 188 79 147 249 255 0 96 0 52 249 0 243 109 135 255 255
    130 255 183 224 196 171 255 136 255 12 107 255 255 157 139 0 138 41
    135 116 255 80 0 106 0 75 68 109 0 255 175 254 3 128 255 217 255 125
    184 117 255 255 0 143 255 26 0 140 0 185 249 84 253 85 0 0 255 18 69
    109 176 255 0 227 209 255 255 255 255 7 112 255 255 255 244 105 0
    169 190 0 97 13 173 204 36 242 0 56 234 176 0 95 0 93 0 255 255 20
    43 255 59 198 0 175 255 0 93 255 255 110 83 96 0 253 216 0 255 0 138
    77 0 0 0 60 0 222 81 93 0 127 174 94 237 168 121 24 175 255 104 0
    245 255 52 149 103 216 0 255 0 130 255 85 47 94 183 8 1 100 255 79
    35 180 35 255 0 49 101 167 222 71 115 199 76 176 192 84 57 60 255
    255 251 123 243 26 153 236 150 0 0 255 255 116 255 52 7 255 138 198
    255 255 22 0 171 0 90 0 255 4 255 0 255 97 255 160 197 0 161 0 139 0
    0 252 213 255 113 133 255 240 0 0 68 211 87 97 174 0 81 196 255 255
    255 38 128 135 0 252 255 255 110 12 244 255 0 224 255 0 49 34 0 14
    138 201 48 242 132 255 92 76 138 52 0 86 117 154 255 196 165 255 255
    255 255 184 117 102 100 4 48 0 115 159 255 198 141 136 181 89 0 166
    188 155 0 255 255 230 54 255 0 85 192 185 0 36 255 255 185 0 14 255
    135 81 253 0 222 214 255 31 255 14 108 102 225 87 240 126 0 255 142
    0 0 255 255 210 115 0 0 5 255 0 0 255 180 147 7 206 5 0 46 201 0 255
    91 169 90 255 185 82 76 128 0 0 151 85 255 0 255 195 188 101 255 237
    129 0 255 22 80 183 0 205 162 255 0 233 0 255 156 169 149 0 98 141
    43 255 207 84 0 48 93 0 255 185 8 255 127 169 69 134 102 0 51 175 0
    255 121 93 54 0 104 240 231 251 156 255 74 255 105 105 11 96 197 103
    94 0 196 255 63 247 0 255 38 0 87 247 128 124 37 106 13 206 93 248
    139 45 160 155 0 101 105 61 177 138 35 16 0 255 117 124 255 255 178
    0 255 0 13 255 27 216 0 104 55 55 255 169 223 0 125 80 172 215 176
    168 0 234 0 69 255 52 255 190 57 255 255 142 30 242 153 0 0 122 186
    0 255 228 255 255 155 133 255 231 255 255 97 0 76 157 48 30 0 255
    255 255 87 0 0 0 214 89 249 255 99 247 44 90 53 157 211 155 187 213
    0 0 189 215 52 113 0 24 255 0 0 58 137 0 255 0 0 110 84 217 0 0 251
    41 0 0 255 232 0 114 0 175 169 230 0 22 255 255 159 255 221 0 128 53
    179 0 255 0 13 248 52 255 0 5 40 43 108 40 195 235 255 179 159 93
    189 255 117 255 7 255 220 253 255 0 186 255 0 145 221 38 0 37 255
    110 0 255 34 222 200 0 92 0 255 255 0 129 114 224 117 255 215 91 0
    212 255 0 0 255 2 0 137 210 255 0 0 232 0 227 22 225 175 8 173 189
    120 97 47 0 0 121 255 255 163 0 0 0 0 0 255 143 0 255 0 0 255 255 84
    0 51 255 244 0 233 147 73 115 55 238 12 145 246 230 68 0 114 0 59
    143 89 22 23 99 255 255 0 255 255 244 99 133 0 255 161 25 91 67 175
    119 255 53 215 10 255 4 0 255 252 170 24 255 23 192 142 255 30 0 255
    169 48 255 0 233 0 100 237 207 86 209 30 236 255 232 165 0 238 0 0
    38 17 0 36 189 255 230 204 23 7 223 255 255 122 13 255 212 0 131 159
    99 0 255 255 255 211 0 199 93 255 0 60 8 72 7 91 241 0 36 54 159 255
    209 255 77 93 255 94 165 216 198 255 61 48 0 0 255 6 55 167 178 161
    181 0 212 81 255 117 10 72 27 239 6 198 66 0 128 223 15 173 255 212
    241 255 144 157 255 255 127 255 255 59 255 108 179 0 208 161 235 0
    48 48 229 167 249 58 198 19 255 197 221 157 225 141 226 0 59 0 255
    255 249 4 84 94 38 0 161 165 255 0 247 158 255 255 7 255 0 171 255
    35 96 11 204 103 83 232 165 0 58 255 221 176 0 30 0 67 131 255 8 169
    235 255 67 168 0 235 244 39 239 255 37 43 113 221 1 205 66 255 255
    248 160 227 48 13 0 122 9 212 0 22 37 255 172 255 248 212 255 255
    201 228 157 255 239 255 0 255 0 71 120 0 206 255 0 106 0 0 145 64
    161 255 255 93 187 0 255 190 255 103 82 246 201 255 6 255 246 84 121
    157 255 61 21 174 38 15 7 255 0 21 67 101 1 255 255 0 50 132 61 0 29
    255 112 255 235 182 201 181 16 122 37 216 0 255 17 189 0 48 255 25 0
    0 133 255 0 0 255 31 253 220 12 0 228 63 204 137 2 0 0 235 150 255
    26 255 96 15 228 65 136 255 255 0 57 7 255 49 34 42 255 0 242 70 59
    251 59 245 144 78 255 0 163 126 64 0 211 198 0 209 255 93 120 14 115
    181 247 106 244 0 255 191 101 34 0 239 129 2 255 188 255 163 110 42
    0 25 255 112 203 61 255 255 0 117 0 255 17 117 62 0 6 255 60 114 216
    255 0 255 232 255 0 0 94 0 207 0 147 58 92 255 245 78 164 125 0 87
    220 0 242 227 94 124 0 120 0 94 31 122 0 255 185 0 2 0 116 219 16
    137 255 0 166 108 168 222 255 62 0 255 162 255 255 187 255 153 0 86
    0 102 235 0 255 227 0 0 94 255 103 74 23 206 232 69 255 37 203 11 85
    144 255 0 254 31 9 196 159 8 255 96 143 150 178 247 25 153 165 0 255
    17 12 49 200 131 139 140 151 255 221 74 0 170 0 216 0 255 157 255 63
    55 0 1 0 120 99 0 66 239 0 97 255 29 211 232 0 14 255 246 161 59 230
    33 81 154 243 238 0 255 16 0 230 235 179 252 0 239 177 66 235 169 0
    33 63 86 219 255 251 186 255 0 0 0 213 255 158 182 98 163 255 255 0
    0 255 0 97 12 175 143 128 20 153 210 255 255 175 26 255 52 255 0 63
    52 0 217 49 0 0 184 35 17 237 90 172 147 0 255 201 1 86 0 0 121 27 0
    52 181 30 151 131 90 51 239 144 206 245 9 168 0 0 77 1 243 233 255
    242 206 109 84 208 82 127 226 118 22 255 0 0 85 21 255 198 100 239 0
    49 91 0 44 53 0 79 0 255 25 195 203 255 255 73 145 255 206 255 133
    135 160 15 255 157 0 255 129 126 255 177 108 0 66 157 0 0 150 0 34
    255 255 0 141 255 243 94 9 202 206 195 225 41 255 230 153 201 17 72
    77 164 25 246 255 246 255 148 244 0 0 17 220 162 184 0 0 196 172 78
    220 67 0 0 0 53 0 0 226 255 255 112 35 53 131 140 253 204 0 47 0 75
    255 0 58 60 67 213 200 131 0 125 0 0 255 0 255 243 255 163 158 116 0
    132 255 255 60 11 13 87 228 191 0 134 183 199 25 133 165 197 4 255
    112 150 88 0 208 255 43 234 193 129 101 157 0 169 0 168 255 213 19
    255 31 0 255 255 126 255 159 0 162 0 247 0 254 219 84 126 0 177 226
    90 0 255 133 215 46 213 255 15 106 152 93 255 69 160 102 185 0 0 170
    0 40 255 71 50 212 66 255 247 4 0 0 183 158 0 210 150 209 0 146 23
    255 0 51 93 212 78 0 165 0 0 255 255 64 106 82 93 0 0 255 222 0 55 0
    1 90 0 40 248 118 155 255 254 10 212 255 0 144 255 0 231 89 210 115
    88 0 103 0 3 0 35 189 205 0 232 144 255 14 140 71 192 1 30 12 124 0
    0 229 212 202 255 108 168 155 147 11 0 207 34 255 55 197 246 97 84 0
    0 152 15 243 136 222 90 217 68 192 255 255 159 49 255 0 12 32 146
    118 0 0 213 110 225 4 40 0 0 75 240 223 192 0 152 41 72 77 33 255 0
    255 148 0 45 0 142 6 255 255 255 81 84 255 255 2 146 255 0 49 167 0
    101 50 187 11 223 255 58 140 65 0 0 0 170 4 0 236 84 0 255 0 122 255
    125 129 175 251 202 231 250 240 171 198 255 82 95 227 0 244 164 85
    90 0 149 151 0 59 236 216 53 112 0 119 169 29 0 0 144 126 88 255 161
    108 255 0 164 41 232 203 255 255 0 83 255 63 120 165 208 89 0 255 0
    73 8 78 28 0 0 220 255 23 255 146 0 192 255 148 79 209 255 118 255 0
    0 62 255 9 44 209 0 129 90 0 183 0 64 10 167 144 188 152 18 225 248
    255 26 84 0 0 128 103 0 118 75 0 0 141 224 177 221 8 136 25 89 104 5
    0 255 209 62 178 208 255 83 119 255 182 255 150 90 255 255 201 234
    255 115 0 105 63 231 17 112 0 0 170 182 44 95 223 39 0 0 0 0 225 237
    0 39 136 0 255 255 96 0 0 54 255 79 131 0 83 60 0 208 125 83 255 34
    210 255 0 212 61 179 13 241 79 237 211 152 255 171 96 213 245 217
    255 197 255 33 255 38 0 248 245 138 255 195 78 255 0 200 0 0 92 42
    244 200 125 255 70 28 228 255 255 110 198 255 0 255 5 50 45 22 112
    255 56 91 192 255 79 255 51 144 64 189 14 56 176 118 50 88 208 255 0
    20 255 180 152 26 0 0 101 0 38 169 231 106 113 0 112 127 7 227 215
    138 0 239 64 177 26 0 125 160 0 255 0 109 124 222 31 240 140 255 18
    160 217 235 8 196 223 125 253 192 0 255 255 255 48 104 0 255 187 0
    250 157 221 15 131 248 17 0 205 196 94 190 178 0 0 46 255 255 32 0
    15 0 68 65 151 166 214 93 0 63 17 0 0 113 64 155 255 96 0 178 0 255
    4 240 255 135 0 255 50 0 31 255 209 0 255 254 0 0 255 255 89 28 138
    0 0 0 0 52 255 255 255 25 117 122 0 0 140 227 81 48 103 11 242 227
    225 0 244 137 45 56 141 47 0 161 43 5 37 14 128 255 147 0 161 17 0
    255 238 248 66 251 246 235 0 25 255 70 99 255 29 26 13 204 255 24 72
    183 123 70 19 0 92 255 131 11 115 255 255 255 0 46 218 93 0 97 112
    255 255 200 67 0 80 116 78 59 152 255 33 180 162 65 255 16 64 0 72 3
    92 104 0 214 246 83 255 113 255 234 155 204 255 0 36 39 178 255 0 27
    0 99 255 0 227 166 132 229 0 182 255 0 203 244 0 131 198 102 192 0
    159 152 182 66 0 25 234 184 128 88 0 97 118 3 0 255 0 0 144 0 211
    111 86 144 173 0 255 59 194 65 255 255 113 189 99 0 42 0 255 54 140
    0 165 246 0 49 1 255 74 92 11 15 208 20 0 255 40 167 87 171 255 255
    145 124 0 30 84 180 58 0 156 0 18 0 220 32 255 108 94 0 32 0 49 46
    117 212 255 255 7 107 63 0 118 4 91 238 135 191 0 63 255 71 0 240
    217 201 241 211 53 0 45 165 49 65 210 255 223 96 201 255 245 0 255
    64 19 0 23 226 141 240 225 249 255 0 255 255 67 179 209 28 243 0 66
    0 169 255 0 47 50 255 124 197 196 252 63 94 35 0 0 235 255 0 255 38
    0 5 255 0 103 255 71 194 241 175 172 255 255 61 64 169 21 64 234 255
    0 255 141 255 29 64 0 0 32 0 211 0 203 255 0 135 223 27 255 0 227
    214 159 255 0 203 7 255 0 0 255 65 255 147 115 187 166 25 255 27 51
    79 188 0 63 0 88 0 0 73 0 0 162 255 0 242 216 123 232 115 23 138 95
    1 233 148 228 213 255 142 255 255 35 255 255 66 165 209 182 97 16 43
    144 236 13 0 255 176 255 94 150 51 6 255 45 255 113 255 100 0 255
    134 0 166 88 77 186 255 203 29 255 188 255 0 158 124 46 20 0 0 211
    100 201 139 0 68 255 248 20 135 0 255 81 94 59 0 82 255 126 0 0 255
    170 210 155 224 255 255 159 97 189 117 255 152 0 237 174 16 143 45
    209 23 255 255 16 13 71 193 60 72 255 255 80 255 171 102 0 0 188 45
    79 255 128 121 196 217 0 54 123 118 255 242 255 6 199 255 119 255
    150 0 249 255 59 255 73 113 4 255 0 76 149 93 0 44 239 60 50 34 80 0
    0 208 0 255 82 163 89 114 8 31 114 149 255 115 0 169 131 35 168 174
    110 255 190 1 206 195 0 68 255 210 255 226 155 140 168 255 209 110
    185 255 128 255 198 255 110 0 62 246 138 78 172 0 123 9 70 255 0 0
    149 0 255 100 106 88 255 0 69 255 88 171 255 154 255 137 186 73 0
    208 0 233 163 16 255 255 180 0 0 214 95 100 13 0 48 0 115 207 155
    224 0 112 153 255 98 0 0 255 0 0 87 188 46 255 10 132 240 72 207 61
    25 202 255 60 49 255 178 193 112 166 179 224 54 0 0 112 255 68 95 78
    0 145 118 155 193 255 57 255 0 199 189 59 189 255 0 195 118 119 253
    42 74 142 186 152 200 191 44 0 255 255 42 0 0 224 168 0 132 11 0 0
    255 85 243 97 0 68 255 0 9 228 212 189 246 37 255 255 27 136 208 0
    19 123 51 105 193 172 251 80 255 157 143 158 67 94 0 217 13 0 255
    255 185 0 86 239 43 166 0 33 200 1 0 255 125 131 41 0 247 22 232 65
    96 219 51 0 235 234 221 202 255 255 255 255 33 255 255 0 255 255 27
    97 255 0 0 108 201 211 222 34 130 195 50 203 240 16 255 125 0 0 68
    242 0 247 64 0 2 17 29 61 159 255 255 255 49 27 78 121 45 255 167
    189 255 148 255 0 250 31 0 232 0 127 7 0 0 27 10 106 131 255 237 0 8
    255 255 0 95 255 0 61 255 139 191 152 22 146 255 255 232 255 179 166
    235 229 159 255 248 37 7 121 0 156 128 143 227 78 242 205 0 206 0
    164 22 253 0 0 23 0 1 105 223 248 0 67 112 0 183 248 22 102 0 255
    254 0 62 216 115 255 244 132 162 114 106 66 255 0 100 0 151 0 0 85
    231 57 0 0 235 255 142 255 176 154 112 255 152 247 116 131 255 113
    171 0 162 47 219 255 184 255 255 0 225 58 146 255 219 153 210 227 0
    23 255 0 110 0 121 251 139 0 0 204 232 0 202 0 176 229 0 184 255 63
    248 201 240 255 255 0 65 0 177 255 23 85 27 27 219 181 255 234 0 57
    246 0 255 168 0 0 176 211 255 174 218 236 35 223 28 121 176 255 0
    105 123 0 164 153 204 187 0 219 0 0 118 146 98 0 213 161 122 253 0
    14 255 154 0 61 255 111 255 26 0 0 136 175 165 249 0 171 45 157 20
    106 255 198 212 158 153 220 255 0 255 110 146 35 0 154 175 255 0 0
    146 81 255 185 250 109 70 42 0 110 182 0 145 158 255 255 110 0 228
    110 0 255 0 0 0 183 0 0 115 0 255 187 255 154 183 180 245 208 48 145
    240 50 180 96 146 219 0 0 11 255 255 240 102 0 22 104 203 87 219 170
    255 255 156 45 0 0 119 14 255 50 188 165 255 26 48 40 255 9 0 225 78
    255 152 242 210 41 18 0 0 198 209 130 0 255 0 255 0 138 100 19 79
    183 255 0 2 237 192 115 137 255 11 188 0 143 232 0 249 67 255 54 68
    255 78 0 74 203 0 255 163 215 148 163 255 187 106 0 146 0 27 0 0 160
    103 14 136 255 53 199 255 215 255 213 56 255 128 20 255 49 142 160 2
    0 22 99 181 255 225 123 229 191 111 0 0 12 195 109 87 161 90 44 255
    31 183 193 46 255 60 0 2 233 0 8 255 255 138 219 0 24 174 58 255 255
    255 197 135 0 18 165 255 0 213 34 0 198 0 26 0 224 69 94 50 250 177
    177 186 26 32 0 0 239 0 0 255 255 0 106 169 219 2 4 75 221 96 0 152
    0 255 84 16 207 255 219 0 150 118 228 189 0 209 149 238 255 255 200
    221 131 77 158 12 132 0 255 219 218 255 255 239 159 255 192 99 164 0
    252 124 255 66 0 255 0 63 2 0 191 255 62 0 171 228 135 255 0 0 255
    59 107 50 38 124 95 255 110 53 255 113 0 0 0 79 118 46 230 255 255
    169 19 64 165 0 106 0 184 116 200 196 0 0 255 7 0 0 16 255 232 106
    17 179 0 75 255 0 0 183 0 0 85 239 240 0 105 161 0 0 119 212 255 0
    143 181 255 0 127 0 51 97 152 255 107 3 72 71 75 179 169 163 150 242
    195 255 57 83 0 122 105 255 200 0 255 13 31 255 240 200 255 255 234
    0 255 15 0 255 0 0 221 189 0 255 158 255 96 255 255 199 64 177 183
    132 255 180 19 255 65 233 127 13 0 98 38 0 0 14 21 255 233 255 255 0
    253 135 63 0 0 28 58 121 0 144 0 0 43 154 207 255 255 62 214 0 153 0
    74 54 0 255 0 47 0 61 0 195 190 59 237 0 63 247 0 0 95 255 114 0 0
    13 216 158 0 0 69 145 0 214 0 255 97 91 228 213 33 255 171 115 255
    202 0 81 95 0 179 168 97 161 255 0 255 194 219 0 7 188 83 216 151 55
    53 197 255 242 135 255 0 255 241 175 255 213 179 57 135 59 242 114
    14 22 202 65 115 255 94 41 63 144 10 251 255 18 0 255 203 255 68 255
    255 255 116 0 73 0 95 0 165 156 190 255 181 230 191 0 250 255 0 232
    233 16 117 0 111 100 230 5 26 131 255 39 0 148 187 187 0 117 90 98
    39 62 45 255 238 255 0 27 10 230 69 214 133 0 128 0 180 255 116 17 0
    203 0 0 255 202 0 132 98 107 255 235 190 255 124 255 255 255 113 255
    118 255 77 255 7 0 0 168 4 221 255 230 255 131 100 255 226 255 255
    236 23 0 220 138 146 41 24 92 42 201 245 36 0 255 198 253 255 151
    139 140 138 217 0 0 97 58 103 76 109 71 0 0 207 100 139 0 0 95 213 0
    35 32 226 145 0 0 0 255 0 182 255 146 245 255 110 0 78 205 117 255 0
    171 0 125 109 255 0 102 110 163 90 0 255 0 251 237 20 255 255 76 0
    24 33 203 45 15 49 0 255 0 51 255 0 84 24 246 127 102 0 54 88 205 10
    254 185 239 37 179 228 120 30 230 0 128 163 0 217 137 191 195 23 0
    255 215 0 0 55 133 212 255 0 255 0 255 219 141 255 90 0 223 122 94
    124 80 255 145 75 105 0 112 67 227 0 255 182 0 255 255 231 0 141 0
    57 193 99 196 221 65 49 255 40 192 0 118 146 255 84 221 255 175 123
    205 171 97 126 255 140 30 255 0 255 0 179 255 23 0 150 94 117 255
    146 197 70 255 0 255 255 255 0 171 206 105 30 225 204 0 0 231 161 10
    251 133 255 30 54 4 79 47 221 255 110 49 128 36 255 21 0 133 95 11
    255 255 255 124 49 100 0 4 26 236 255 98 33 255 103 199 42 42 15 193
    0 0 71 255 102 69 208 255 72 75 255 203 159 185 129 62 7 0 33 255
    255 212 255 13 234 255 49 195 74 0 139 110 255 244 227 182 255 255
    123 39 10 187 38 78 15 255 42 140 9 255 162 0 183 255 0 50 255 114
    255 255 0 82 255 183 0 34 0 106 0 0 255 49 0 107 227 36 158 214 10
    130 24 31 255 0 206 51 159 227 0 137 159 193 217 0 241 0 141 118 13
    134 203 20 179 65 0 169 67 0 255 0 48 10 114 157 35 0 192 0 165 24
    67 91 111 20 255 0 255 0 76 255 255 0 17 138 132 73 87 255 0 191 246
    121 27 185 13 0 253 23 38 255 131 255 0 54 218 83 86 154 201 111 86
    231 147 255 255 30 6 182 220 95 255 0 0 215 183 0 12 21 14 128 233 0
    255 220 133 251 114 255 205 203 145 74 182 197 189 0 255 158 32 231
    255 225 255 134 0 200 255 11 16 139 247 156 17 211 192 0 240 189 209
    184 255 151 55 118 255 255 121 255 24 49 252 184 0 255 0 0 119 52 62
    68 219 89 122 0 172 78 40 190 98 255 195 132 88 230 131 79 115 22
    173 0 255 0 59 255 212 192 255 255 13 255 169 198 203 216 174 83 147
    198 243 8 117 255 112 223 255 0 65 161 77 0 65 178 180 38 25 255 145
    255 0 255 0 184 255 0 144 196 249 110 28 221 255 255 0 115 93 238
    206 178 218 15 255 0 255 17 92 255 255 156 0 255 255 89 230 0 7 202
    156 36 131 0 130 72 72 247 193 147 255 3 255 155 0 37 117 228 53 12
    220 171 198 89 191 255 197 255 38 74 0 217 53 0 0 0 1 157 0 231 0
    108 186 0 0 0 194 0 49 172 12 0 128 38 21 2 255 81 255 169 205 0 148
    31 72 129 85 213 70 255 255 255 43 255 103 212 234 15 157 133 255 50
    255 255 106 204 110 255 229 90 223 0 230 0 57 93 40 200 192 222 255
    109 0 93 54 243 28 0 0 0 39 159 0 223 42 0 229 0 114 154 0 188 255
    181 11 175 0 37 0 213 7 195 185 46 28 207 0 255 221 255 63 255 88
    212 255 199 110 255 255 126 77 19 205 161 198 221 255 255 174 125
    131 197 0 79 94 255 48 130 242 41 255 0 68 227 0 212 223 0 149 255
    247 0 150 245 0 3 255 48 73 78 211 255 63 245 212 0 255 0 255 107
    186 206 154 251 255 0 172 255 255 220 218 229 143 72 255 255 45 0
    246 255 99 4 255 255 227 122 255 87 66 54 199 132 243 96 0 150 0 0 5
    255 197 255 255 0 0 189 255 170 218 255 167 0 165 40 171 240 161 0
    12 203 0 27 56 255 255 34 189 110 116 255 157 0 100 124 0 0 255 0
    255 169 0 255 26 197 0 0 147 29 67 182 255 99 223 0 0 255 235 193 0
    6 50 255 78 16 0 255 27 165 255 0 85 83 51 255 225 255 255 0 60 0 0
    255 214 222 255 218 216 31 201 0 255 1 9 178 63 193 0 94 158 232 0 0
    94 218 228 52 173 255 202 255 42 138 230 68 255 45 20 209 231 97 166
    182 34 0 191 53 46 175 0 112 174 0 189 255 189 76 255 61 125 65 0
    114 0 202 97 0 255 0 69 222 164 69 0 175 109 0 164 109 255 136 29
    130 0 255 176 242 95 255 98 227 166 125 0 189 255 60 165 179 255 0
    189 48 38 70 156 16 7 0 201 22 255 253 207 37 0 46 160 0 51 255 255
    160 255 177 255 68 255 185 255 57 33 255 255 25 49 76 211 244 239
    224 139 255 228 0 229 0 255 105 102 189 47 191 255 15 0 49 12 255 14
    141 99 255 197 113 126 163 255 0 0 18 155 0 230 23 255 0 70 255 37
    167 235 255 238 255 106 55 88 104 94 255 93 255 126 255 35 224 6 190
    54 90 237 241 0 0 117 43 0 110 0 5 255 67 229 94 255 241 0 105 192
    147 255 120 196 255 104 227 255 0 168 123 0 0 12 178 12 255 177 152
    238 0 0 255 255 0 204 154 163 255 83 182 221 105 222 239 255 185 249
    34 211 1 0 109 0 188 255 22 255 113 0 72 133 0 163 0 191 255 227 189
    255 255 37 23 255 255 255 181 248 255 0 0 146 0 255 49 0 255 0 134
    255 255 255 241 0 255 255 35 137 147 231 173 23 156 0 141 246 150 0
    130 115 54 0 177 96 63 31 4 255 84 255 255 255 135 91 0 90 255 255
    142 167 255 127 255 80 63 126 40 131 0 140 255 43 131 255 155 0 146
    86 17 69 42 45 255 61 255 131 188 117 0 0 0 219 169 136 0 0 229 123
    0 0 64 255 103 125 255 0 255 255 0 62 217 129 124 255 0 0 0 0 137
    123 98 165 110 43 136 255 255 0 251 255 0 227 255 170 255 199 64 43
    52 69 0 15 0 162 255 55 181 239 42 42 119 124 255 90 0 0 56 10 17
    138 92 66 0 255 0 0 255 255 0 90 41 34 0 181 226 0 5 255 0 0 255 25
    0 255 0 51 0 90 0 255 255 118 0 255 208 30 255 245 255 221 208 255
    211 233 215 142 170 255 0 255 0 135 32 0 255 217 205 106 43 0 0 132
    5 0 127 0 157 238 255 0 108 232 38 0 86 2 247 141 38 52 255 75 255
    15 15 255 80 0 154 0 122 255 255 39 198 209 255 0 216 255 78 226 170
    0 79 179 0 59 255 125 99 157 232 0 0 56 236 151 242 255 101 253 255
    255 167 174 25 0 255 127 61 0 0 169 171 3 255 103 104 1 255 75 0 82
    226 0 105 220 32 211 0 226 209 123 48 163 255 14 235 0 0 14 66 94 0
    55 255 0 150 221 232 0 255 70 244 255 151 73 0 255 205 43 38 204 255
    147 0 194 183 21 93 164 99 29 92 255 235 255 214 255 162 0 255 0 230
    84 88 27 34 255 0 182 255 132 0 199 14 39 38 44 195 255 17 211 224
    132 107 198 0 167 255 255 255 52 131 255 0 155 255 86 139 96 222 68
    255 0 19 255 139 255 221 170 0 148 255 98 125 46 192 255 0 255 251 0
    170 0 54 0 188 0 235 244 125 77 243 0 153 43 18 77 172 135 158 69
    255 56 181 156 151 135 118 144 255 142 0 60 148 255 0 154 76 23 32
    143 255 151 3 11 232 255 21 0 244 0 75 61 143 255 0 255 201 0 242
    146 0 197 0 0 0 112 255 224 150 172 0 17 0 205 72 141 214 255 211
    113 0 17 0 110 77 130 21 255 0 151 94 173 255 0 255 0 203 193 89 0
    13 255 121 0 0 255 255 99 32 118 71 66 243 51 49 0 79 89 145 217 255
    161 179 255 0 0 59 67 103 0 84 238 107 48 0 126 60 95 165 161 11 0
    255 255 71 80 211 211 36 235 58 174 255 34 255 0 46 6 24 255 128 0
    255 69 0 255 249 74 0 25 152 63 0 0 255 218 224 255 255 206 105 38
    85 210 184 160 255 152 255 0 255 61 187 109 101 0 106 254 24 171 90
    178 4 131 225 106 207 35 217 21 255 83 152 39 239 168 106 101 149 0
    0 255 24 0 242 0 255 97 255 119 236 172 0 30 219 239 255 235 214 199
    29 85 215 0 255 0 72 33 0 255 0 0 255 5 237 103 190 16 184 80 255
    135 37 106 116 27 210 182 255 203 255 201 214 194 255 97 22 255 255
    242 7 62 68 244 15 63 0 81 243 192 255 57 0 0 255 0 140 201 80 178
    180 246 101 0 114 255 125 0 196 59 206 0 255 60 82 161 255 0 199 52
    255 255 255 0 22 9 171 229 25 60 188 255 97 255 215 38 244 211 8 178
    235 101 117 218 144 146 255 160 41 255 248 144 166 255 242 206 34 0
    255 103 84 255 107 243 255 0 97 0 7 18 0 166 78 214 255 83 0 144 248
    255 0 203 0 0 20 4 215 160 255 225 0 173 255 0 159 255 59 0 53 237
    255 74 0 255 17 255 188 255 255 44 0 255 79 147 0 212 211 223 222 25
    255 0 220 132 0 227 117 104 228 49 152 220 155 175 20 0 0 0 40 205 0
    149 0 253 255 255 117 255 200 7 0 255 213 243 71 80 138 91 173 255 0
    255 0 251 172 79 239 187 79 0 215 255 144 255 255 174 242 255 44 0 0
    255 0 200 225 53 0 248 255 52 0 220 234 111 255 255 255 0 190 220
    170 2 187 248 38 255 255 241 0 0 255 0 0 199 176 255 202 0 255 31 44
    255 0 255 77 0 250 0 78 249 5 166 255 82 146 255 51 255 11 60 190 58
    255 135 34 255 255 0 56 255 13 202 100 32 54 0 231 84 111 255 111 35
    255 153 255 255 255 20 6 5 185 136 155 250 162 45 73 97 196 215 255
    255 0 0 113 249 173 219 0 146 255 50 185 255 58 184 223 66 247 255
    128 255 161 151 0 136 6 141 232 0 225 244 165 16 42 255 77 91 255
    255 28 255 85 255 255 134 255 137 0 255 213 183 94 222 255 0 185 255
    0 36 174 3 39 197 252 255 5 0 145 198 79 255 147 153 0 255 167 3 92
    57 20 41 0 0 146 198 51 0 221 255 0 114 255 255 0 5 253 240 255 165
    255 206 250 34 186 34 0 178 134 0 138 0 5 255 0 229 132 0 35 251 0
    129 159 255 95 108 124 63 61 88 152 60 0 252 0 174 164 2 50 109 251
    255 255 255 19 204 119 0 194 184 77 152 255 106 255 0 79 92 255 165
    98 0 255 214 255 255 0 89 255 212 53 255 116 255 255 156 208 0 132 0
    0 176 44 255 58 250 72 0 114 153 106 255 24 174 255 0 255 230 97 182
    38 0 224 204 255 0 122 0 0 255 227 255 5 159 59 140 79 40 255 0 197
    101 214 255 203 255 165 153 255 179 153 202 205 255 199 180 248 211
    172 0 255 101 255 169 255 125 0 237 152 0 224 26 206 0 255 0 0 21 12
    141 136 42 224 255 255 0 255 210 117 221 255 179 208 173 0 32 34 0
    235 222 255 246 101 0 2 120 255 81 191 145 30 178 0 230 170 28 0 204
    164 0 154 92 177 237 179 126 255 46 110 255 255 255 255 97 134 0 255
    253 0 0 202 202 167 116 255 0 194 182 100 0 62 168 78 173 0 106 219
    0 47 255 38 255 168 255 208 19 169 0 138 0 120 0 8 181 78 239 255 64
    0 255 183 98 163 210 61 179 69 177 31 251 61 136 175 210 231 145 0
    68 187 0 254 12 21 255 19 255 0 51 245 10 0 186 255 82 255 151 255
    19 168 170 255 0 152 255 255 137 118 255 24 255 193 57 112 52 37 5
    147 175 0 62 0 66 0 194 64 255 86 137 104 72 41 223 51 221 121 181
    229 28 51 0 74 15 255 18 118 132 255 231 42 255 186 0 89 20 5 255
    241 246 205 43 230 101 31 191 225 95 177 99 255 238 0 108 0 28 58
    255 126 0 199 252 255 255 191 91 255 255 255 40 251 0 26 169 0 215
    165 255 109 60 135 226 1 0 255 255 194 30 228 0 148 0 181 25 60 255
    11 171 139 0 215 0 17 44 83 49 248 238 180 67 255 255 0 219 255 220
    93 255 146 238 255 35 43 255 221 87 93 45 243 50 50 222 155 127 255
    0 52 19 230 246 99 47 255 20 8 255 118 0 255 0 177 75 255 166 255 0
    210 255 160 0 255 255 0 54 255 164 252 74 182 255 85 0 0 220 47 0 0
    1 113 255 64 255 255 0 85 0 0 255 5 255 0 255 253 0 112 180 0 127 60
    143 88 0 255 188 212 243 82 0 254 255 109 220 141 255 14 0 48 0 255
    253 199 231 255 46 184 0 28 0 30 152 17 93 105 255 152 255 215 46
    164 0 168 255 175 121 255 210 228 65 71 0 42 215 114 185 33 0 0 255
    98 69 0 183 255 0 128 8 209 224 82 255 0 0 69 255 216 138 232 255
    210 64 130 0 214 255 22 56 255 36 23 0 255 139 0 59 168 0 0 245 0
    144 0 202 131 255 255 0 188 255 0 142 73 90 40 44 35 87 183 255 0
    205 255 136 255 217 228 14 146 121 0 200 255 255 255 255 255 255 0 0
    116 0 8 51 216 196 254 0 13 52 229 135 255 157 28 160 0 105 32 255
    255 56 58 23 110 255 250 190 95 212 88 75 202 240 186 133 0 206 81
    241 138 85 255 218 157 153 0 53 83 28 255 161 0 169 235 71 255 197
    201 23 206 200 255 255 180 225 180 0 255 0 42 0 147 255 145 25 255
    92 0 112 85 255 72 232 41 87 28 89 255 94 219 239 0 174 77 2 238 231
    129 255 125 35 181 2 255 34 0 255 0 255 255 148 154 14 255 13 244
    255 255 255 82 223 90 240 120 255 223 189 132 0 100 140 0 225 0 42
    203 255 255 0 255 0 255 36 180 139 10 0 164 182 78 144 106 18 0 169
    255 0 178 143 137 238 161 0 255 254 255 255 255 255 203 188 188 160
    29 117 243 143 12 210 255 0 255 210 126 255 60 0 255 19 130 255 26
    95 150 190 70 188 0 227 255 229 119 22 7 36 242 0 152 95 178 255 11
    25 55 130 255 255 207 195 255 255 110 255 229 169 244 174 166 182 63
    136 196 255 184 111 255 23 0 102 30 67 255 255 0 212 213 194 92 181
    0 70 174 212 107 38 173 255 253 151 71 255 255 32 0 116 255 172 63 0
    0 228 0 44 197 192 0 4 0 141 81 112 63 99 255 171 203 101 0 255 255
    0 255 172 127 0 189 5 145 0 133 68 74 239 255 234 255 190 9 81 251 0
    255 169 0 2 255 0 146 255 65 0 0 255 237 132 184 153 178 0 130 38
    219 255 255 0 0 242 255 23 254 118 76 0 255 131 255 242 0 255 163 30
    238 86 255 1 255 228 141 0 42 61 0 133 114 0 255 210 241 61 241 254
    90 0 0 0 80 228 19 102 255 136 0 251 239 188 0 9 37 0 94 0 0 255 255
    111 255 255 244 112 0 45 245 3 58 255 139 255 0 255 255 53 248 0 255
    234 31 134 200 0 255 214 219 207 103 140 66 91 168 255 58 0 211 138
    227 2 228 103 14 0 58 160 255 255 255 255 255 167 91 241 185 239 217
    217 107 190 75 255 67 22 234 123 0 200 118 165 0 255 232 32 255 56
    255 59 52 255 175 0 212 0 250 132 218 255 0 2 47 88 0 238 0 0 255 0
    78 0 0 208 117 0 42 0 183 47 207 57 0 1 255 211 143 232 0 255 187 47
    117 149 225 21 151 0 255 229 0 255 155 255 0 123 97 1 185 107 255 0
    116 0 93 228 116 192 0 243 255 243 0 255 0 233 162 117 0 31 61 255 0
    39 187 174 9 26 120 60 0 58 255 0 68 232 116 133 64 17 255 15 17 73
    225 0 0 201 201 178 255 138 255 0 120 68 70 230 0 131 224 234 0 255
    21 195 168 40 203 197 53 59 96 0 144 0 248 18 0 135 0 87 124 0 54
    255 99 255 0 189 101 8 0 101 92 237 91 236 255 127 0 255 42 255 234
    205 192 255 53 24 255 133 0 156 159 0 255 36 255 161 0 255 217 37
    185 124 87 111 0 255 112 9 51 0 46 212 38 248 56 255 0 0 25 119 66 0
    222 95 120 0 255 126 118 244 223 49 0 53 255 168 0 33 108 0 255 172
    60 0 242 53 19 113 0 255 0 0 205 0 255 125 89 198 175 255 217 103
    255 248 146 0 219 0 0 249 201 255 0 0 0 137 255 130 238 13 67 20 208
    255 255 189 0 94 222 16 247 0 255 35 255 157 0 120 233 176 55 18 158
    101 0 0 0 252 12 0 255 155 240 255 24 112 183 0 54 159 0 115 50 0 0
    94 120 139 138 251 0 255 123 255 83 42 121 0 51 69 0 0 211 6 0 90
    238 0 74 254 76 95 164 187 190 26 0 10 175 250 30 255 0 192 255 255
    0 26 0 0 151 80 0 255 175 255 255 204 255 126 255 136 216 255 131 0
    134 64 97 198 255 255 0 255 65 0 22 255 239 0 11 229 255 12 63 0 0
    167 129 0 60 255 255 0 255 199 203 255 25 252 2 190 55 95 117 255
    148 0 255 255 0 216 187 255 238 25 120 226 108 10 116 51 49 253 230
    118 0 0 177 21 135 245 106 53 176 189 217 255 27 7 0 184 0 0 108 99
    255 164 255 192 189 84 0 98 255 161 123 95 255 0 208 105 0 158 0 255
    255 255 39 143 178 174 221 13 208 0 197 121 0 174 202 148 138 83 0
    182 230 255 49 208 98 90 26 179 220 240 219 242 181 255 81 168 238
    255 0 108 240 255 0 255 16 255 181 244 36 16 0 92 204 106 0 50 255
    32 232 255 18 0 61 255 0 0 255 1 101 116 181 0 183 93 255 226 154
    205 49 252 199 49 146 255 0 216 0 15 48 127 126 255 255 1 119 255 0
    126 55 255 154 21 234 0 0 18 255 152 255 255 255 43 248 255 157 15
    216 0 216 255 107 216 255 76 14 48 255 0 222 213 0 43 238 135 192
    180 22 0 72 250 0 122 0 185 59 0 34 0 201 174 15 109 255 178 0 255
    91 31 244 234 255 6 225 39 168 48 219 237 105 143 219 255 215 217
    190 20 0 255 78 92 128 63 131 140 2 255 255 160 237 0 255 242 255
    255 255 255 255 255 12 255 0 0 42 255 255 186 166 136 255 255 219
    132 255 89 136 0 255 0 0 252 158 253 255 178 0 134 255 222 173 151
    153 120 0 255 255 0 240 255 91 192 0 210 209 0 64 158 21 0 255 133 0
    57 255 255 0 255 185 0 72 188 54 132 40 0 88 65 165 50 71 255 197
    255 214 130 0 255 130 255 255 255 95 185 0 143 23 0 255 0 64 255 93
    96 220 170 255 139 197 213 120 128 0 77 0 212 255 159 76 255 99 146
    0 0 7 97 116 60 255 0 187 209 34 88 32 255 128 247 124 184 255 199
    166 0 43 0 179 159 0 253 240 179 126 255 19 22 0 243 200 99 0 62 17
    85 37 88 255 0 23 98 59 6 230 143 0 151 84 99 255 0 155 127 217 83
    185 0 137 76 236 6 255 56 240 100 0 255 213 0 255 90 0 202 0 0 137
    34 255 181 0 75 0 192 50 206 146 89 255 255 124 195 169 220 0 224 95
    158 17 255 255 125 255 176 0 206 60 7 255 239 0 191 0 226 255 0 255
    14 73 66 0 84 122 73 255 255 166 222 161 88 52 0 54 90 224 53 242 0
    92 89 41 105 124 0 0 255 255 255 9 35 255 44 251 60 144 179 255 0 37
    255 0 0 41 79 255 0 191 157 0 211 255 222 255 189 255 61 82 244 108
    98 8 159 0 0 0 161 72 0 57 255 170 255 198 0 203 0 0 70 104 58 0 235
    106 125 199 135 212 64 177 255 225 95 3 99 96 162 253 247 163 32 107
    248 235 0 124 255 0 123 255 255 121 123 161 255 255 50 119 92 124
    112 0 255 0 255 0 0 189 0 22 0 194 255 0 72 0 139 99 0 0 0 223 1 255
    255 0 144 255 0 86 0 0 119 0 0 103 255 0 153 246 90 255 0 0 126 161
    0 219 0 247 0 255 191 0 180 0 0 0 255 15 1 230 255 5 118 255 102 0
    49 255 0 255 0 255 0 0 61 151 200 255 255 191 0 0 255 0 23 255 255
    191 90 57 31 0 0 47 241 219 188 0 0 0 137 50 171 0 7 0 111 0 49 158
    255 24 250 118 84 226 200 36 255 133 0 15 113 65 125 176 50 204 64
    32 255 166 33 0 99 130 45 255 162 255 158 217 0 16 177 219 255 255
    34 230 255 135 0 255 0 138 237 133 255 0 197 255 88 0 0 225 0 124
    219 255 0 115 59 90 28 251 189 255 170 0 255 93 0 0 0 99 255 0 0 158
    0 81 182 255 255 145 0 49 218 0 66 157 209 175 107 0 183 195 64 99
    255 93 109 220 0 235 0 255 0 231 87 0 75 129 0 219 161 0 255 153 137
    6 0 180 98 192 97 10 219 0 155 190 0 102 139 0 151 0 156 7 103 255
    93 229 255 0 92 103 255 0 14 196 0 121 49 170 0 0 25 197 224 0 105
    197 100 11 89 255 85 225 215 0 141 188 115 0 0 79 217 0 66 69 17 0
    101 73 241 217 148 209 6 255 255 148 200 255 255 215 239 217 255 151
    0 255 134 0 0 0 0 217 0 141 161 176 153 233 113 42 0 214 244 109 163
    162 237 245 0 255 120 0 30 77 202 255 59 0 255 253 81 218 137 115
    196 255 203 49 63 6 255 0 187 155 232 94 221 214 0 68 255 255 218
    107 0 49 255 105 146 45 0 221 0 202 156 0 132 0 200 0 238 207 250
    134 101 0 74 155 255 0 245 255 0 24 137 200 247 211 20 255 231 192
    49 255 0 249 44 154 168 0 0 134 255 255 208 200 0 32 244 0 247 0 207
    0 30 46 98 0 208 127 9 0 149 35 122 255 143 255 221 107 255 255 39 0
    37 0 0 74 0 128 85 255 243 0 0 176 90 162 0 255 223 255 253 112 195
    0 167 0 0 255 0 200 200 145 109 26 231 238 194 218 193 255 255 0 255
    236 233 201 232 0 74 220 39 255 249 191 0 255 135 93 220 0 238 167
    147 66 0 243 180 80 0 194 135 0 192 93 255 64 255 135 255 255 163
    114 249 221 255 213 255 144 101 233 84 194 132 172 194 255 38 255 92
    60 213 124 255 176 255 255 200 229 237 0 7 54 0 118 213 255 99 255
    127 255 232 92 215 255 0 229 165 255 31 17 164 255 118 0 0 101 0 0
    255 253 0 127 255 70 255 255 24 41 96 176 98 4 62 138 0 119 29 255
    78 0 227 74 142 255 255 255 100 255 198 129 0 120 138 67 55 0 205 0
    255 255 255 49 74 70 0 123 0 0 0 0 231 207 53 107 226 49 246 0 96 13
    236 255 255 223 174 145 255 226 0 0 0 0 167 255 0 189 0 0 18 181 0 0
    255 140 0 0 0 0 150 46 0 255 255 255 200 247 255 226 171 255 50 255
    243 37 223 74 0 76 0 255 102 239 61 0 218 0 33 54 255 14 232 46 187
    142 61 140 239 255 31 105 209 110 186 0 99 0 122 0 128 0 255 44 60
    251 57 75 101 0 70 255 37 0 6 255 0 134 126 121 184 0 0 0 191 175 10
    43 255 124 176 248 255 176 88 178 29 13 237 13 255 255 0 0 169 198
    91 220 0 255 95 169 243 23 105 132 237 0 57 133 74 46 50 39 0 144
    243 255 0 255 35 0 188 36 206 213 0 111 255 122 87 245 227 122 29
    242 217 0 134 255 255 0 156 0 105 250 75 0 0 255 37 66 253 56 104 23
    0 149 0 173 255 101 75 21 130 255 255 76 100 0 176 116 234 246 72
    153 185 109 255 36 255 255 3 0 73 58 0 180 134 182 27 160 233 190
    232 85 171 0 255 137 231 255 156 70 223 255 32 247 56 233 43 59 115
    231 255 0 0 255 148 128 0 231 152 78 63 255 67 185 123 255 0 5 255
    78 255 255 176 44 151 237 0 46 108 125 66 0 0 255 172 0 224 149 0 0
    97 5 60 224 143 117 72 177 202 101 248 65 255 169 255 255 203 255 78
    214 0 236 180 199 229 120 0 255 21 2 255 78 205 255 23 0 193 131 235
    60 22 255 0 0 134 197 64 0 103 255 42 156 188 255 204 255 126 255
    255 164 0 19 255 50 118 216 255 112 56 255 170 188 0 0 71 43 221 36
    0 174 151 255 255 255 175 83 255 19 168 86 0 112 80 255 157 103 148
    189 0 148 205 153 240 0 39 185 110 83 122 255 138 255 231 0 197 214
    90 221 65 125 120 38 234 255 213 0 0 133 233 2 0 223 0 0 0 233 160
    90 0 36 255 0 46 37 0 255 0 255 255 225 255 205 189 0 0 0 253 0 0
    255 0 0 255 132 0 210 185 255 163 145 254 255 167 0 26 51 131 255 48
    197 0 0 46 129 0 93 255 255 255 16 188 155 0 239 9 227 6 0 13 88 0
    255 169 5 0 131 59 255 68 196 255 153 0 0 255 228 100 215 66 255 241
    165 217 27 191 255 255 255 255 0 0 4 238 64 173 127 255 0 0 0 0 140
    132 158 62 242 125 59 40 137 0 71 208 255 100 110 237 0 152 255 91
    255 0 128 213 255 93 153 151 109 109 220 44 215 78 232 163 203 233 0
    255 21 0 0 0 255 114 148 128 152 93 243 236 18 0 109 197 61 230 32
    190 0 70 0 255 101 26 187 255 64 239 141 47 68 203 165 74 0 14 0 255
    111 56 255 0 255 138 0 24 255 182 0 4 36 226 60 132 113 43 0 44 1 42
    105 129 9 0 124 169 21 255 255 255 36 0 128 255 74 0 0 96 0 174 0
    121 231 0 0 145 0 255 230 0 42 165 255 97 8 187 240 73 255 10 255
    237 188 0 32 215 218 44 122 146 71 255 104 158 0 232 86 0 255 24 227
    246 132 171 255 124 24 91 209 165 81 103 21 255 169 126 103 0 103
    192 153 227 255 255 0 0 201 255 255 255 2 64 255 0 211 30 187 91 0
    173 0 191 141 91 198 255 0 32 153 21 150 66 0 255 104 0 12 255 228
    255 144 0 189 113 229 43 188 38 0 71 159 83 0 255 81 255 255 120 188
    223 235 255 255 30 163 250 54 231 255 255 0 71 83 232 28 149 155 57
    255 171 0 255 68 255 93 123 62 125 148 36 0 255 186 62 225 255 4 255
    58 36 34 35 19 34 170 102 16 0 100 0 0 0 69 252 18 255 255 204 24
    201 255 255 223 200 38 217 0 0 143 9 122 0 0 0 0 71 255 25 222 103
    197 0 92 208 0 255 203 200 132 188 251 197 175 67 104 0 8 255 0 176
    70 177 65 255 185 147 166 25 0 0 128 0 255 21 4 67 192 148 71 23 74
    255 0 0 0 0 177 165 230 109 0 255 255 39 95 255 127 0 0 128 101 59
    255 0 255 255 248 255 255 232 255 10 101 204 61 0 190 103 139 255
    255 64 246 0 192 227 6 0 57 242 154 0 255 240 0 255 136 0 216 255
    201 255 190 0 81 0 14 164 84 255 255 167 135 0 255 80 255 0 167 129
    138 255 0 213 0 63 9 255 255 255 255 255 116 255 42 48 255 154 89 27
    255 0 30 255 0 0 0 219 0 100 69 181 228 234 41 76 94 176 149 82 74
    204 0 164 87 249 168 14 0 67 255 0 205 229 55 205 23 0 226 0 0 64 0
    64 0 230 108 65 234 0 170 161 172 35 0 226 205 121 113 255 20 0 76 0
    0 84 255 55 41 36 103 225 221 90 0 128 24 228 0 34 32 100 109 244 73
    240 0 99 254 190 76 159 35 241 81 255 54 174 0 0 155 255 214 235 109
    255 127 42 184 46 0 251 7 137 87 255 255 255 105 195 87 32 100 255
    113 94 81 0 34 186 255 253 0 230 150 216 231 255 0 169 90 94 197 119
    54 253 95 255 0 61 27 230 0 255 0 0 144 184 5 0 176 210 191 46 121
    196 255 0 0 82 109 255 242 210 208 5 119 0 0 241 0 238 82 0 106 0
    245 12 255 238 0 212 151 255 181 24 104 0 4 142 0 255 174 50 126 60
    20 35 16 255 30 133 255 255 0 255 49 181 118 32 95 178 255 255 45
    239 104 255 180 253 255 229 165 255 167 249 44 104 255 31 0 0 255 55
    26 0 154 237 255 20 255 89 51 255 0 234 185 0 44 0 230 255 83 111 93
    255 255 8 227 105 48 115 114 0 255 11 7 244 0 157 255 204 189 255
    136 0 235 255 255 0 255 255 227 242 52 74 253 137 198 184 0 220 239
    46 0 0 255 59 154 0 127 255 0 255 102 232 3 89 2 221 216 16 0 213 0
    142 70 50 255 54 152 255 99 249 255 255 113 0 20 29 168 161 255 144
    199 255 150 173 255 125 0 59 123 156 255 255 0 247 41 255 91 85 255
    255 73 255 255 255 157 23 255 0 4 255 255 11 7 17 53 255 134 0 215
    255 0 56 255 0 151 255 255 6 123 0 100 105 90 0 72 255 53 211 0 42
    137 71 255 0 255 255 177 128 255 255 255 51 75 152 45 0 37 0 204 195
    209 255 137 78 255 82 255 165 212 0 251 0 255 168 0 196 84 96 255 91
    255 248 255 255 251 114 181 0 207 255 17 232 164 49 142 163 19 0 130
    16 0 26 46 132 0 84 238 138 93 0 255 125 51 0 0 0 0 42 97 254 255
    244 187 160 143 179 43 231 83 30 47 25 95 255 0 0 255 134 62 255 192
    255 83 5 255 93 227 255 30 207 255 22 100 255 255 255 159 31 255 228
    255 255 32 33 115 255 220 255 12 173 89 207 255 81 118 73 255 9 208
    255 0 0 255 0 255 208 97 9 0 0 169 243 255 255 45 97 255 0 255 179 0
    20 173 255 141 255 83 171 135 172 0 198 200 197 229 251 186 196 255
    109 62 8 0 195 229 22 8 202 200 0 131 110 240 177 94 10 0 0 0 255 0
    0 90 0 33 24 94 7 255 246 69 198 208 20 0 255 0 255 0 0 184 0 154 22
    43 17 170 36 0 0 0 255 136 255 29 243 213 174 156 22 22 245 178 159
    16 27 12 238 235 150 250 139 255 255 124 58 255 255 255 103 255 255
    255 0 255 241 141 151 33 92 234 234 0 0 189 204 255 196 35 0 255 200
    0 32 193 159 145 0 0 33 0 128 255 194 255 27 0 0 0 192 28 255 255
    190 69 11 175 30 184 0 132 255 144 248 0 0 237 78 34 181 252 255 255
    166 221 0 215 158 0 57 0 170 0 156 6 246 69 211 3 215 255 191 146 0
    10 144 0 220 151 228 78 255 32 138 184 127 255 137 255 0 160 37 239
    30 255 255 230 129 68 32 255 0 255 219 11 216 8 255 98 153 205 106 0
    14 238 169 235 202 255 244 65 255 34 184 172 113 181 255 181 0 255
    131 0 0 160 146 0 255 255 176 2 0 115 0 255 255 129 249 255 255 74
    39 184 92 255 255 255 37 255 174 255 74 246 255 3 235 20 255 215 213
    233 27 0 38 0 0 77 180 0 197 255 118 132 84 244 244 55 255 63 0 0
    196 163 115 159 233 30 96 49 255 104 157 124 73 169 116 118 255 14
    255 31 0 201 186 104 140 17 114 0 41 30 20 56 53 236 199 117 250 0 0
    44 213 255 178 182 5 80 204 26 161 130 255 168 43 21 0 224 7 0 174
    255 255 42 112 255 33 232 255 185 255 255 255 211 234 223 255 68 230
    195 253 229 144 255 220 132 255 238 12 38 221 204 6 107 255 237 217
    247 161 255 23 255 255 109 9 0 0 77 63 0 255 228 93 255 125 0 156 60
    204 0 187 0 1 19 204 2 173 185 178 0 93 255 207 0 233 129 163 0 255
    255 228 126 67 100 99 0 255 255 127 132 208 147 255 159 255 255 113
    242 121 0 147 255 0 0 29 148 246 255 130 0 69 0 248 81 255 71 226 0
    0 74 43 255 224 189 255 96 71 150 95 3 225 0 0 255 0 199 172 0 107
    127 215 255 90 180 86 255 250 255 100 0 85 255 149 255 23 213 143 1
    134 33 0 12 126 120 105 219 208 26 0 255 167 136 96 255 0 0 107 90
    90 85 136 71 255 255 19 222 255 0 85 255 0 255 132 0 0 255 6 10 229
    255 14 255 0 114 6 128 115 154 23 61 216 190 72 0 255 255 164 71 255
    181 184 57 255 0 127 228 0 0 255 0 9 206 0 255 70 189 142 92 0 0 105
    174 155 7 45 0 255 234 0 255 151 138 99 17 255 150 8 221 255 255 166
    2 115 93 0 118 255 6 0 40 255 255 127 255 255 0 209 255 0 255 0 21 0
    0 90 206 0 0 134 0 203 244 0 255 0 12 0 142 0 236 255 255 192 198 87
    255 158 255 255 255 0 228 209 255 29 125 144 255 248 0 237 93 0 0
    190 0 141 154 119 243 233 85 125 0 121 216 255 202 255 255 255 176
    50 0 0 0 0 181 255 86 150 44 0 99 0 0 0 202 1 207 0 66 255 0 106 0 0
    7 255 222 255 247 214 255 99 109 133 255 185 206 8 255 0 78 212 152
    142 255 75 16 208 255 255 26 168 255 101 255 0 95 255 232 4 205 9
    255 106 47 159 0 83 143 251 198 255 0 241 0 45 69 255 0 26 13 129 0
    229 171 0 227 0 0 89 191 84 40 255 0 87 79 52 0 110 0 93 131 117 0
    60 125 114 0 123 185 0 244 149 0 0 249 69 33 255 72 95 255 95 166
    255 148 0 255 255 40 94 220 0 20 0 0 0 56 132 255 147 234 255 189
    145 0 217 18 0 78 5 56 82 155 52 134 24 255 61 186 255 180 143 0 1
    255 226 51 225 49 255 178 206 27 109 194 0 0 167 255 136 156 255 95
    239 0 0 255 81 0 24 255 255 0 58 208 181 130 66 255 0 221 255 53 65
    249 122 255 255 164 251 21 249 248 255 116 255 255 0 255 255 166 0
    255 227 0 255 136 148 116 250 0 0 255 56 0 255 13 187 0 162 0 15 255
    50 77 59 0 127 0 0 174 6 164 211 146 16 24 151 72 117 12 0 255 3 40
    0 0 69 206 100 40 0 255 0 62 58 136 0 245 0 0 0 255 255 235 255 221
    255 63 206 255 142 242 0 0 17 0 0 231 151 0 48 143 105 0 0 255 147
    226 20 116 75 238 132 0 13 110 74 67 147 135 0 136 0 240 255 199 142
    0 59 255 176 94 255 0 0 153 255 212 255 174 70 41 255 255 41 127 255
    20 255 45 212 255 147 255 255 214 255 154 82 0 92 166 91 255 104 100
    255 18 255 32 0 255 0 145 82 0 222 238 0 0 0 0 208 86 244 130 0 104
    186 142 66 92 255 184 248 255 89 255 91 72 187 128 255 71 255 235
    105 255 128 197 211 207 255 111 255 138 110 173 10 201 0 195 197 69
    0 0 210 255 255 0 41 76 35 160 223 0 187 252 0 208 7 47 123 52 255
    56 163 233 255 217 0 255 220 17 149 152 137 251 0 25 255 255 163 160
    128 86 255 102 255 249 180 41 88 140 160 164 255 60 132 17 0 0 255
    117 245 255 0 0 133 248 0 101 0 255 205 124 80 28 248 4 202 255 140
    201 126 0 106 177 255 0 98 0 82 111 194 0 78 237 0 200 69 169 30 231
    176 135 193 255 255 194 168 207 145 0 0 0 194 0 80 0 0 72 253 221
    103 125 255 235 77 0 58 29 39 0 216 0 89 94 38 248 72 255 0 45 25
    255 19 151 202 114 255 37 201 255 255 33 37 66 75 106 223 255 208
    255 25 255 182 248 153 0 255 117 200 0 0 112 255 137 0 245 255 55
    110 73 247 131 0 129 211 213 227 112 115 0 165 255 194 255 0 69 255
    255 74 110 60 95 79 174 0 0 142 179 170 139 9 255 174 43 162 8 139
    216 76 183 14 255 58 163 68 71 172 58 14 0 255 255 255 69 136 219 0
    24 252 255 235 255 4 10 48 0 0 236 0 0 3 156 43 132 43 255 95 0 36
    255 36 255 0 67 146 241 0 34 172 3 236 73 255 89 84 255 34 190 215
    82 102 158 211 255 255 141 46 236 221 255 236 255 255 128 170 50 88
    255 37 64 255 188 255 255 213 0 200 66 66 219 0 150 0 164 95 137 255
    148 247 92 94 235 40 0 255 116 0 199 255 219 0 89 27 146 31 221 0 0
    255 168 255 0 0 11 60 0 218 100 0 183 255 137 255 0 255 255 0 255 0
    215 232 0 91 0 114 0 255 103 177 255 39 28 152 255 52 117 255 255 57
    238 107 117 59 20 255 0 249 255 0 66 35 255 0 255 130 255 255 3 131
    45 44 255 37 175 0 223 185 0 0 0 182 118 162 165 182 139 0 255 0 0
    186 247 52 204 52 234 0 255 31 0 167 195 160 124 16 49 165 255 118 0
    129 255 0 43 107 161 21 0 194 76 242 37 255 236 51 175 226 0 155 0
    241 255 24 251 0 89 31 0 0 0 75 55 126 240 89 169 0 255 117 122 0
    233 209 255 255 248 174 20 159 15 255 127 0 102 191 201 0 53 1 190 0
    70 255 3 248 192 192 42 255 93 255 220 49 186 92 120 102 237 108 88
    255 77 112 74 143 38 64 183 235 0 135 0 43 49 161 255 246 102 255 0
    109 255 255 195 0 0 98 80 164 191 255 0 140 104 0 0 255 253 138 0 90
    39 0 248 0 144 96 243 255 188 231 214 0 0 2 174 255 222 0 190 146 0
    255 19 255 255 73 255 224 45 184 102 116 167 253 55 255 255 240 98
    234 255 68 45 0 255 255 0 255 0 92 255 178 179 255 255 0 255 255 181
    27 255 231 78 167 105 2 38 226 154 243 255 255 255 255 5 121 64 64
    107 210 25 224 67 93 255 141 0 194 255 255 85 139 255 255 0 0 79 255
    104 33 82 0 193 0 255 0 255 120 255 0 246 237 237 161 124 150 180 7
    0 115 0 83 4 176 40 209 80 246 223 92 33 214 179 96 90 173 255 255
    165 202 172 0 227 0 102 0 155 210 0 255 164 255 160 50 215 0 36 147
    3 5 170 133 0 0 255 20 137 219 51 213 106 85 158 255 61 0 255 116
    234 104 163 149 180 0 143 100 0 0 228 112 255 133 147 200 184 255 0
    125 140 60 255 0 146 190 229 0 177 138 227 17 255 208 115 81 120 9
    255 0 30 255 44 246 183 180 255 219 255 220 255 0 195 164 119 60 255
    234 246 5 73 103 65 0 0 92 237 209 0 122 0 255 210 134 176 8 255 255
    171 65 0 0 255 213 21 143 179 247 255 0 255 34 47 158 255 255 255
    203 255 89 255 0 50 114 250 0 178 255 7 109 12 195 61 182 20 148 38
    15 96 0 83 158 94 39 199 0 19 255 252 12 14 255 84 136 227 33 18 19
    0 84 134 35 0 232 124 60 55 255 0 0 48 186 69 132 191 255 125 156
    255 0 255 255 19 255 150 103 197 90 245 0 106 255 194 14 53 255 0
    255 37 0 54 255 22 0 206 135 70 0 0 142 63 0 255 255 163 0 255 139
    95 207 14 70 23 252 54 171 35 77 0 184 0 0 255 184 226 157 255 177
    208 255 15 171 15 255 43 105 22 0 240 0 92 57 223 118 109 0 236 83
    24 96 56 124 120 143 0 0 93 163 201 255 77 161 79 255 235 62 255 155
    64 224 178 0 255 3 8 162 0 255 224 144 118 70 242 0 255 35 20 255
    153 174 255 242 0 0 0 176 55 0 255 255 190 82 192 255 255 230 0 9
    141 201 223 55 81 48 47 41 217 255 194 192 0 0 252 0 233 138 154 22
    0 102 64 255 255 0 144 133 168 11 0 82 0 71 10 115 120 143 215 255
    84 190 255 255 95 190 255 21 255 244 222 0 227 18 182 14 255 239 55
    140 78 87 237 0 201 0 123 195 97 0 203 255 187 0 199 141 255 103 173
    255 0 255 255 16 124 160 74 21 182 107 202 102 146 166 105 206 248 0
    255 0 255 3 136 233 87 17 74 0 188 41 188 230 41 255 85 87 255 180
    255 0 255 109 0 230 147 0 18 253 221 0 157 17 35 255 220 0 247 0 98
    10 0 255 157 255 69 190 81 62 0 56 97 0 1 164 248 0 252 248 40 255
    180 211 0 220 95 102 255 29 114 182 119 172 0 0 251 237 159 238 255
    199 150 65 215 255 175 120 255 40 130 94 255 33 54 255 154 50 255 0
    163 243 0 90 172 255 5 53 255 152 132 255 235 192 126 0 38 255 0 255
    255 11 47 255 191 163 255 81 207 28 196 203 0 0 78 136 251 89 87 255
    171 139 102 0 0 230 0 193 0 176 255 0 0 89 255 255 176 61 0 0 207
    255 64 227 255 255 0 208 113 82 10 246 255 237 218 0 98 188 0 255
    165 255 55 16 82 63 180 92 212 255 246 236 45 0 38 0 0 0 255 232 254
    125 20 88 255 198 0 85 0 108 156 217 197 255 180 0 177 255 115 0 0
    101 246 255 167 238 255 207 193 255 118 255 255 255 160 255 255 255
    149 0 207 221 0 14 255 92 62 255 185 255 1 255 62 65 49 0 112 0 167
    200 90 255 79 0 0 174 0 255 59 159 0 219 255 54 98 0 64 24 160 0 152
    147 3 111 230 135 0 255 36 2 255 255 174 18 91 121 51 255 84 255 164
    0 0 255 0 253 154 0 159 110 97 0 248 19 255 0 135 4 95 76 0 230 0
    129 255 0 198 124 81 214 0 45 129 30 0 50 74 0 210 246 255 21 255
    166 92 87 255 63 221 134 255 173 255 36 255 7 218 254 66 0 167 207
    193 33 174 76 18 158 118 0 121 104 149 78 172 103 12 255 0 79 0 42
    44 0 195 188 153 0 114 241 255 255 96 47 255 201 255 51 115 45 19
    255 22 255 24 204 66 27 193 160 237 180 0 0 221 255 0 0 244 109 60
    235 0 132 255 0 47 119 228 185 67 166 187 0 44 0 83 0 1 229 0 223
    185 237 0 31 142 50 255 255 211 17 158 202 153 110 193 0 179 12 164
    0 255 227 205 0 215 255 0 161 169 0 0 255 255 116 255 0 43 198 66
    226 255 255 0 10 174 8 168 0 255 60 59 255 0 255 0 118 23 0 161 131
    232 163 41 0 141 217 0 255 0 97 199 0 164 140 93 255 0 128 75 163
    255 255 0 188 84 232 210 33 255 255 0 255 0 255 232 0 147 82 0 0 27
    90 102 255 210 0 4 234 160 50 241 208 0 255 0 152 0 113 255 0 238 0
    179 137 231 223 172 255 0 0 190 87 146 232 0 80 0 0 66 93 7 46 0 237
    255 158 223 0 75 255 0 0 255 0 0 163 0 20 0 255 11 235 89 218 78 0
    93 0 19 191 0 91 133 46 162 29 233 63 150 0 212 52 212 255 255 227 0
    221 0 0 71 40 255 115 120 209 193 190 242 226 143 255 163 0 158 199
    255 255 0 134 213 197 254 255 0 0 255 210 191 255 29 76 226 0 161
    237 40 0 170 255 172 76 0 0 0 255 231 255 255 255 255 255 255 92 0
    255 80 20 0 153 0 187 51 0 137 23 255 24 193 81 66 15 63 43 93 125
    27 130 190 255 0 36 14 0 255 0 36 255 157 0 230 255 0 142 226 209
    225 197 250 0 202 123 0 255 255 46 138 255 0 144 232 146 0 161 80
    255 255 255 90 208 255 0 0 6 137 255 255 0 229 21 0 0 87 255 0 0 232
    180 241 109 228 7 237 36 0 0 183 255 121 9 0 100 26 109 167 174 255
    0 0 97 187 255 139 193 255 204 241 216 168 36 0 230 255 116 94 47
    255 136 211 255 255 79 145 39 162 47 174 62 133 231 175 13 12 0 244
    255 206 72 53 251 255 97 255 184 0 61 0 91 142 0 26 255 238 25 255
    132 255 255 255 0 255 151 5 0 255 255 0 255 238 0 118 167 188 159
    255 102 255 255 0 106 0 255 0 0 255 216 0 0 255 44 0 245 255 54 238
    197 0 246 190 0 255 205 0 255 183 43 50 17 192 39 240 255 84 90 171
    98 219 0 175 9 28 255 0 171 43 74 0 29 176 13 71 17 38 255 255 0 97
    255 133 255 0 51 110 27 21 19 89 255 255 67 117 232 135 229 255 0
    244 217 54 66 58 42 74 119 167 60 13 0 220 186 255 54 54 0 255 0 159
    215 0 128 255 182 131 18 230 103 82 253 237 230 149 198 37 255 92 54
    9 199 0 135 5 0 11 240 32 14 255 2 213 216 0 53 235 54 1 0 67 26 75
    165 0 70 109 0 240 245 255 255 0 168 255 100 251 205 255 255 144 33
    0 196 138 255 0 216 55 255 137 255 255 148 66 82 255 0 219 93 0 255
    53 254 25 238 134 65 112 255 129 52 38 207 132 35 122 0 139 139 0 48
    0 255 23 102 255 7 255 255 155 0 120 255 255 255 72 255 0 0 246 0 0
    0 179 107 60 255 219 0 162 84 226 6 0 248 178 0 254 183 255 185 255
    255 14 204 114 255 237 251 0 0 222 2 92 255 33 255 0 94 127 75 0 255
    98 255 255 61 37 255 255 0 255 115 149 122 249 236 51 0 60 196 213
    16 212 18 0 255 226 0 0 169 255 87 18 255 225 0 255 0 169 140 0 207
    0 17 0 0 86 255 68 255 120 4 255 255 169 245 19 0 129 255 0 220 255
    26 235 134 88 0 9 96 0 150 0 255 4 0 0 17 0 255 255 32 145 210 37 77
    0 0 227 40 113 0 255 31 238 194 255 21 101 171 0 31 0 175 152 176
    100 138 0 0 99 0 134 255 255 88 255 19 130 192 142 159 159 0 103 181
    0 255 255 0 230 255 255 255 2 254 124 254 0 33 146 100 255 255 13
    183 134 46 251 99 200 23 207 161 240 13 61 17 252 0 0 12 12 232 32
    140 0 237 0 120 0 255 0 150 191 207 0 77 236 0 182 255 255 209 255
    255 235 245 255 173 175 157 255 190 86 155 255 4 151 161 60 78 211
    75 0 0 78 76 0 0 194 141 92 0 89 255 255 251 255 0 7 209 247 194 196
    236 255 0 241 255 101 170 0 10 19 227 0 255 86 127 90 24 51 244 127
    175 55 0 0 0 95 0 50 73 255 0 175 135 55 154 223 255 89 255 18 183
    97 255 46 179 183 255 80 0 181 225 56 118 46 127 0 158 63 18 127 86
    112 0 234 198 220 154 255 142 255 60 106 255 0 255 0 198 0 255 255 0
    255 0 0 251 118 146 255 255 0 130 255 229 250 0 255 0 75 0 0 215 79
    117 255 255 12 103 0 0 0 0 0 98 111 128 88 0 6 255 217 90 186 138
    255 255 0 53 255 245 17 204 0 255 224 255 255 20 220 29 255 201 19
    107 0 198 50 190 255 192 197 255 65 89 204 132 100 173 255 41 0 0
    182 89 255 255 25 19 0 0 0 88 255 255 163 90 232 164 0 255 0 0 107
    65 207 0 91 177 34 255 235 241 255 124 124 0 208 73 219 122 0 0 205
    255 255 204 0 255 255 255 37 255 255 0 70 255 0 58 188 250 49 252
    214 255 16 200 0 89 255 63 241 255 129 229 177 158 255 239 0 0 203
    255 92 0 0 195 61 62 236 9 49 92 92 208 188 12 255 153 255 203 212
    250 16 255 0 255 0 4 159 206 152 0 255 115 32 132 255 0 255 63 29
    124 255 0 255 130 115 56 69 218 255 226 255 224 218 67 162 255 255 0
    0 177 0 99 147 13 255 221 0 130 251 120 255 222 255 10 241 224 185 0
    159 172 74 57 212 222 12 22 0 108 32 194 255 127 48 109 181 1 134 6
    227 140 0 45 130 255 255 0 253 15 0 50 0 19 52 0 0 50 255 237 0 87
    181 164 0 157 0 57 255 137 0 3 255 27 255 207 68 0 218 255 0 255 66
    186 194 0 11 19 255 0 175 0 0 25 101 255 50 172 212 0 204 97 155 123
    2 95 38 255 0 223 241 30 168 218 1 120 56 0 4 43 141 0 77 85 154 0
    135 225 35 138 0 0 212 158 255 211 34 58 90 205 255 28 0 186 17 20
    105 0 249 201 0 54 236 255 233 17 0 105 202 171 255 188 131 0 255 0
    106 130 214 184 227 182 255 0 71 186 0 255 78 77 75 0 110 0 0 126
    255 255 110 255 255 18 255 0 255 124 0 0 226 234 80 162 88 175 125 0
    255 98 60 153 23 72 238 0 68 194 97 10 2 76 0 255 103 0 124 149 255
    97 12 255 0 0 34 0 161 0 221 0 133 146 0 0 0 120 62 1 14 255 255 66
    255 44 85 0 255 212 255 57 255 99 68 252 255 0 176 108 223 255 122
    195 255 2 122 77 0 190 2 0 3 243 139 155 245 51 0 255 37 237 129 31
    168 207 0 0 80 255 134 0 185 255 0 134 255 255 0 116 0 176 123 255
    104 68 0 255 224 187 255 176 251 255 0 0 201 172 120 0 84 198 221 0
    255 0 87 195 255 205 255 108 65 255 90 0 0 132 171 213 255 242 33 64
    111 191 27 0 0 33 255 255 239 224 132 247 255 37 215 27 119 255 171
    246 255 255 134 117 140 0 255 255 61 255 0 98 56 112 219 72 52 75
    184 159 233 0 242 233 42 255 27 255 255 255 71 0 167 209 74 135 139
    255 22 21 242 255 1 0 0 163 255 198 0 84 178 255 255 255 187 211 0 0
    223 53 0 60 86 34 231 201 0 233 196 41 255 36 255 0 234 17 0 99 218
    0 22 231 0 29 100 72 255 0 255 197 7 235 0 0 0 196 10 247 255 244 97
    0 0 155 182 186 145 255 255 255 0 41 0 255 255 255 229 0 255 255 91
    255 103 169 246 255 0 255 255 0 255 47 210 239 0 0 167 129 0 255 39
    198 134 226 250 163 26 230 21 0 141 10 108 9 216 3 235 251 130 199
    128 83 224 255 184 244 161 116 151 255 25 110 137 255 215 183 249 46
    0 37 3 149 190 22 0 21 2 0 223 212 176 255 23 152 0 0 0 97 245 0 252
    255 93 244 255 253 178 255 255 141 243 85 178 73 102 0 159 255 255
    255 255 164 216 100 150 209 0 255 0 23 0 71 170 152 255 85 0 19 0 0
    0 255 33 222 0 168 19 211 237 255 255 59 105 255 255 0 255 147 33
    255 0 206 255 165 215 255 24 141 143 255 76 120 144 0 237 255 255
    105 223 43 255 21 255 45 255 255 177 255 42 116 255 255 163 0 0 195
    55 0 181 92 160 0 255 130 248 0 0 255 241 0 63 195 60 255 255 0 0
    255 24 45 170 124 124 180 189 97 55 255 243 255 225 255 131 255 56
    117 255 172 255 255 232 205 220 213 143 28 255 128 255 108 0 255 255
    170 255 116 40 97 121 255 216 15 229 255 0 116 198 94 52 100 56 0
    213 199 0 255 0 0 189 228 0 243 0 129 255 158 24 74 249 0 56 215 197
    0 0 0 193 230 255 252 145 43 104 91 64 234 255 109 142 232 179 169
    157 57 0 96 14 9 0 0 168 131 0 14 56 61 33 209 255 179 0 23 135 40
    11 0 67 216 80 115 102 255 205 74 94 0 255 74 255 255 237 243 183 0
    45 196 106 91 129 174 0 163 0 255 151 30 255 124 0 0 255 255 0 74
    199 55 2 0 255 208 0 16 0 205 255 255 0 6 78 69 60 30 133 10 0 201
    143 0 255 4 255 0 0 219 0 1 255 0 111 117 165 3 238 228 40 255 0 91
    75 225 83 0 96 255 219 249 240 35 255 162 3 255 2 29 153 120 164 0
    234 133 0 79 187 38 0 87 156 94 203 50 255 255 0 97 239 185 143 201
    152 255 24 32 0 255 106 39 167 0 108 105 141 77 0 255 255 255 125 77
    218 0 67 123 255 199 180 0 255 121 81 148 177 193 0 120 255 239 143
    0 0 92 131 39 234 191 255 30 0 0 53 0 65 97 237 255 212 255 197 255
    211 208 255 0 238 0 147 129 0 45 35 255 231 255 60 199 0 100 232 255
    9 0 255 54 5 255 150 159 141 181 234 104 168 63 0 121 0 0 153 0 38 0
    255 157 154 14 84 20 18 103 189 0 96 50 84 175 127 236 0 0 4 17 42
    21 176 255 0 0 253 173 191 134 38 49 255 248 59 0 250 101 59 255 233
    239 177 166 0 150 164 43 201 218 255 75 136 255 224 255 0 110 255 68
    0 100 29 24 255 103 182 145 255 147 162 89 255 0 167 112 71 0 0 255
    156 0 255 68 255 149 255 0 0 70 0 112 0 49 255 228 246 4 123 212 236
    180 14 223 255 77 57 0 107 0 0 180 0 0 0 167 255 128 123 120 0 21
    192 255 215 255 255 0 23 74 174 0 255 106 255 255 0 219 0 0 157 204
    255 255 130 0 78 118 0 223 234 0 0 255 10 3 43 92 119 149 106 255
    255 160 245 183 0 255 125 57 26 183 151 8 227 0 255 0 159 255 255
    255 194 156 255 0 0 255 244 255 2 255 0 46 124 155 0 188 120 255 215
    96 255 156 137 58 255 0 103 255 105 177 42 0 255 6 236 132 123 95 0
    206 255 0 118 117 244 76 174 196 0 48 0 255 255 0 0 68 255 255 227
    255 200 32 0 151 253 58 108 46 52 187 229 111 75 131 249 246 241 203
    109 112 196 0 115 0 255 255 0 145 0 220 9 0 255 142 43 4 0 153 60
    225 43 183 8 255 110 204 255 255 199 0 44 169 52 0 145 0 0 160 23 82
    114 0 43 255 149 245 161 255 235 255 255 127 21 93 0 255 129 149 0 0
    69 60 140 28 255 205 0 255 67 9 255 149 0 222 177 161 227 195 255
    144 112 240 4 49 44 91 21 115 0 157 225 47 255 62 7 49 65 0 255 0 7
    237 95 159 255 0 37 0 104 0 80 0 30 125 255 255 219 171 255 255 28
    188 255 0 254 0 206 0 172 255 0 255 98 255 211 163 96 39 255 29 0
    255 62 178 0 138 49 0 255 255 118 255 255 255 114 31 0 0 5 70 0 0
    119 81 255 190 90 134 63 89 180 192 129 14 171 255 175 16 45 0 180
    180 0 255 255 195 2 175 77 41 0 255 255 146 49 242 0 255 0 0 0 201
    39 255 43 182 255 94 231 108 246 144 0 52 255 150 17 102 0 0 142 241
    85 255 216 0 255 0 255 161 65 117 90 156 255 0 255 25 197 63 126 136
    255 255 32 0 255 105 12 66 0 101 215 0 255 95 235 94 0 68 0 133 49 0
    0 115 0 53 51 255 0 62 128 255 0 162 72 15 255 0 64 78 241 255 180 0
    65 167 62 0 208 124 173 75 0 255 62 120 103 102 255 52 195 0 255 0
    17 152 208 137 174 144 255 0 62 65 0 255 142 58 143 62 182 149 255
    83 176 57 0 255 82 255 90 0 0 255 165 32 245 255 255 82 226 116 251
    0 142 0 0 246 37 255 202 231 95 0 143 133 218 125 183 239 205 84 255
    71 144 255 207 201 255 241 0 195 255 118 15 0 0 226 255 0 221 70 255
    215 108 255 41 146 0 29 149 246 220 255 92 100 0 0 4 251 71 217 0 0
    0 190 255 255 255 0 2 0 228 47 255 255 143 255 134 94 126 216 153 0
    255 255 215 42 167 0 0 10 22 196 150 184 10 193 22 125 0 59 202 204
    11 0 143 227 58 40 255 34 204 90 2 54 255 102 255 139 139 239 191 0
    134 255 255 0 255 255 0 156 255 156 102 61 82 0 100 204 80 154 255
    170 167 206 135 2 0 65 38 255 255 255 97 37 177 144 195 77 62 255 0
    211 171 255 255 87 107 255 175 255 147 255 31 0 31 42 75 236 138 50
    255 127 183 255 255 129 9 28 48 8 196 240 25 181 160 238 213 0 0 0
    255 82 152 255 121 106 0 6 248 0 172 0 235 0 58 133 55 255 191 0 255
    0 197 0 75 49 255 246 128 83 116 30 50 9 254 0 67 255 255 34 22 220
    32 255 255 0 251 78 34 0 126 249 37 136 20 141 255 231 185 255 255
    51 0 56 101 0 134 122 129 77 179 255 98 255 255 0 0 255 255 255 103
    0 0 99 127 255 0 255 255 31 255 254 255 12 255 57 0 15 103 252 0 51
    255 0 255 255 157 131 12 0 255 205 0 255 15 255 179 255 20 255 187
    255 0 0 0 224 51 234 255 255 167 199 166 255 93 0 79 0 255 237 0 255
    0 255 203 255 196 171 255 255 0 255 0 148 25 223 0 251 0 0 0 147 215
    225 124 18 255 216 39 131 205 66 0 145 28 146 147 19 185 0 125 195 0
    255 0 224 255 0 67 0 255 255 109 122 34 0 0 0 70 90 0 255 255 191 0
    163 30 255 255 26 111 73 239 0 113 0 255 185 0 171 70 129 185 244
    118 140 0 164 207 83 255 203 251 168 0 207 195 142 255 3 255 213 0
    49 255 0 191 249 213 230 255 194 77 72 255 47 0 255 108 255 53 106
    187 255 64 0 237 44 255 188 255 0 167 239 255 255 0 116 214 231 0 60
    62 37 111 26 186 0 32 163 9 255 255 0 133 255 201 119 108 157 57 217
    160 115 250 255 176 187 242 0 128 0 142 0 241 184 249 83 183 43 177
    12 255 80 167 150 136 161 255 255 255 57 94 91 135 255 75 165 223
    113 187 105 0 179 227 255 138 73 113 0 98 11 0 173 149 0 172 255 151
    126 0 14 255 200 147 255 0 208 0 133 168 0 211 0 255 123 174 164 159
    153 117 211 97 65 0 133 255 210 0 58 0 127 211 77 255 221 124 56 236
    0 2 0 233 0 106 0 141 255 124 150 192 244 0 135 50 0 255 144 174 31
    201 131 104 255 255 54 197 209 32 208 0 0 137 218 174 209 61 196 108
    31 205 255 190 193 174 255 255 203 9 169 174 38 252 33 255 0 3 0 136
    155 83 51 0 199 30 0 28 255 0 41 56 205 255 0 108 213 148 0 0 194
    255 170 191 255 163 255 255 0 86 150 0 171 26 158 73 0 148 8 138 99
    255 77 236 233 0 101 157 0 212 179 0 0 0 52 255 90 211 215 76 226 0
    248 0 42 176 225 188 255 216 176 153 18 40 255 255 0 255 214 105 231
    234 0 0 11 0 255 255 0 10 31 123 90 0 0 255 0 0 255 30 8 106 255 150
    26 0 255 250 161 255 140 34 255 0 189 106 0 46 230 255 167 189 135
    62 24 200 254 122 181 21 255 255 110 255 101 13 183 147 255 255 51
    64 0 255 7 109 115 255 88 0 177 255 0 0 33 255 4 13 188 122 255 157
    29 182 127 152 255 117 145 169 71 21 0 0 255 0 255 0 0 155 0 86 116
    19 153 158 255 11 29 240 0 36 135 255 94 1 0 110 210 32 255 159 0 0
    125 181 138 182 25 255 119 0 144 255 20 163 0 54 25 231 255 80 86
    176 103 65 0 255 0 100 255 254 255 26 130 13 255 0 0 0 237 246 99 69
    55 0 138 242 82 76 255 255 67 251 140 82 136 255 41 0 255 11 195 125
    0 246 212 168 255 245 12 248 0 97 0 42 52 45 255 255 255 71 0 0 255
    0 233 255 0 255 194 255 39 21 211 207 0 0 203 50 255 48 214 201 234
    255 0 147 0 255 255 163 255 157 0 146 51 0 248 85 139 0 149 55 0 109
    255 234 109 158 58 51 255 212 51 255 58 255 104 0 204 217 136 255 0
    173 255 0 91 241 216 0 16 24 183 111 86 230 255 99 255 233 149 89 0
    0 255 227 250 255 255 0 255 245 66 255 43 0 252 255 0 244 190 0 2
    159 249 173 255 94 198 134 0 255 136 154 0 60 255 255 0 54 190 0 109
    0 185 255 216 0 30 255 145 102 94 0 255 138 0 192 255 138 205 44 11
    47 23 15 26 215 182 0 117 214 82 129 69 255 0 255 172 0 64 0 108 9
    234 249 109 0 202 10 208 177 243 0 30 178 31 237 113 255 137 0 117
    150 91 0 206 248 119 0 48 10 0 16 0 0 255 44 0 145 255 255 0 0 127 0
    140 48 118 36 0 255 246 194 153 59 0 203 227 237 0 89 255 178 255 22
    117 180 121 57 0 0 204 255 0 0 3 77 118 0 0 11 255 0 0 189 190 241 0
    254 65 31 255 234 187 0 255 156 0 67 0 0 255 102 240 87 235 224 173
    211 0 153 254 255 255 255 71 255 252 29 0 194 101 0 14 46 66 18 153
    0 178 147 41 255 232 0 126 102 255 2 255 255 0 0 9 28 77 148 2 255 0
    0 238 255 0 26 179 27 32 9 255 255 174 96 62 0 36 0 255 255 206 255
    255 93 255 118 48 179 255 204 94 255 229 255 86 255 255 183 255 219
    163 6 108 121 255 0 252 0 46 49 255 250 0 192 237 0 255 255 143 56 0
    151 86 255 249 255 206 0 141 214 117 126 72 64 0 255 65 28 33 21 177
    149 87 236 39 30 98 255 0 138 139 0 0 255 50 255 9 255 116 184 226
    37 151 5 255 218 5 255 243 248 255 255 172 0 181 0 255 196 189 255
    53 0 159 213 255 108 0 106 53 217 114 255 71 8 6 29 234 89 255 218
    115 214 255 214 0 139 255 255 128 105 0 255 6 155 8 0 72 100 196 255
    234 0 25 217 122 0 0 110 0 0 197 252 132 205 6 89 166 255 201 31 180
    145 0 122 63 0 77 145 233 76 51 255 142 0 204 255 255 0 0 74 96 202
    76 208 245 255 106 145 160 51 0 123 0 94 136 144 255 72 98 236 120
    167 23 100 196 18 0 110 255 225 255 255 0 60 255 90 85 255 0 218 4
    255 255 115 192 38 97 9 81 46 14 149 31 0 0 255 255 35 63 207 234
    130 255 219 0 157 37 199 255 55 235 80 136 0 170 196 255 0 174 244 0
    255 97 0 111 58 245 255 0 76 92 255 0 172 255 255 255 174 255 255 53
    0 167 255 0 56 99 197 15 59 147 87 0 63 0 0 0 7 107 171 58 137 38
    255 0 96 0 0 254 205 252 255 165 25 0 0 116 3 50 255 105 247 152 0
    197 0 40 0 0 25 237 69 98 255 255 255 104 248 190 255 239 141 255
    133 255 255 0 48 255 141 255 79 255 152 56 255 255 0 247 218 255 0
    206 48 58 199 216 191 0 255 0 69 211 222 192 255 47 255 23 194 0 183
    53 6 255 0 141 0 0 209 82 255 85 162 0 87 255 223 0 16 74 142 65 18
    34 255 248 175 255 111 50 63 72 97 0 9 98 255 152 0 210 102 255 8 25
    201 179 0 255 112 0 0 34 168 117 41 185 255 26 251 8 203 60 0 255
    144 151 0 50 97 255 153 137 255 69 112 255 161 70 255 177 255 38 30
    116 57 19 255 94 0 123 243 0 153 235 255 219 81 255 30 0 255 160 159
    255 38 255 255 50 255 255 0 0 0 37 54 117 181 156 0 39 0 0 77 157
    249 201 255 0 16 255 255 255 255 194 89 255 150 255 39 123 175 173 0
    21 230 34 0 160 100 255 124 48 107 40 255 94 255 44 92 255 133 161
    140 0 0 255 52 0 192 206 92 124 130 81 61 0 32 159 79 156 144 255
    255 15 255 255 0 109 64 0 255 11 226 45 255 0 0 203 24 255 3 121 232
    0 255 255 115 0 199 0 210 145 255 255 255 255 66 0 249 75 239 0 29 0
    90 255 0 55 0 81 0 161 255 148 26 181 140 33 148 129 55 74 92 141
    255 255 195 229 33 255 174 0 52 255 19 28 132 156 83 114 255 181 167
    182 0 158 255 215 0 35 177 243 67 103 0 103 255 66 36 255 255 13 127
    12 125 88 0 255 248 118 57 203 3 78 255 245 231 0 255 8 132 255 255
    188 176 133 255 53 0 86 0 0 0 157 56 109 0 90 22 0 255 234 208 255
    228 0 0 211 40 205 14 255 96 0 255 239 232 0 51 255 255 105 0 211 75
    226 255 143 163 198 255 255 29 246 158 255 31 0 251 121 163 113 122
    221 68 109 86 6 191 157 34 255 0 53 31 217 50 148 126 0 255 208 176
    0 198 173 255 84 155 198 255 255 199 0 187 0 255 78 255 135 255 255
    75 43 0 44 45 255 255 0 0 197 3 149 70 161 0 22 255 0 59 209 0 174
    192 0 1 0 80 0 248 216 102 159 0 71 157 116 0 0 181 162 116 74 112
    70 174 0 255 237 126 115 255 145 149 57 16 212 165 167 233 221 164
    137 14 255 188 74 0 97 81 101 142 109 41 176 245 89 198 41 255 197
    65 110 115 129 0 0 154 245 65 255 250 165 154 0 68 0 0 219 192 122 0
    84 255 255 225 40 0 154 151 16 162 244 83 43 38 36 0 214 0 204 0 255
    0 68 60 255 0 255 255 255 134 58 138 0 82 116 130 228 137 255 255
    159 255 125 246 17 0 161 0 7 89 0 255 255 4 0 12 255 120 162 255 255
    0 19 195 150 165 165 150 229 107 255 207 163 164 0 146 255 79 147 24
    17 177 2 89 202 8 122 113 0 156 212 137 224 255 201 251 255 255 255
    0 105 136 0 53 54 115 115 216 97 95 255 33 0 255 0 0 241 13 111 250
    255 225 255 137 0 135 235 195 74 0 138 255 232 138 99 0 232 99 0 89
    39 203 202 0 0 129 0 190 0 10 226 232 0 86 255 85 15 200 81 255 13
    106 0 158 255 51 255 255 0 129 0 22 238 191 231 255 35 148 149 0 129
    33 248 152 252 58 205 255 255 80 255 70 93 98 255 199 0 93 89 166
    118 66 255 255 255 10 207 255 0 234 132 59 159 193 255 87 108 0 255
    174 18 0 176 37 149 251 205 255 0 27 177 29 31 68 255 0 113 22 255
    15 219 0 144 205 26 176 0 102 255 237 29 255 222 255 148 64 255 255
    0 0 255 0 0 59 255 160 255 38 255 67 255 231 36 255 130 202 0 243
    255 137 9 11 46 0 255 255 255 49 2 81 214 156 0 131 255 0 255 0 129
    76 78 255 255 72 44 114 83 255 65 255 239 255 202 253 235 107 165 33
    0 203 183 242 82 0 24 0 183 255 0 8 189 0 0 74 255 0 0 141 255 213
    255 179 255 0 0 255 0 0 0 32 0 209 0 0 42 70 0 0 255 0 251 25 250 81
    46 72 163 255 117 0 255 7 0 79 60 78 104 174 38 141 0 255 239 255 79
    0 255 255 209 66 255 230 252 108 157 133 147 104 82 248 81 38 24 233
    252 0 114 110 254 66 20 0 22 82 107 0 255 180 0 109 226 254 0 0 29
    11 52 22 203 249 27 66 221 234 115 255 84 0 254 96 109 5 255 160 255
    255 6 25 255 36 18 70 102 0 163 212 156 0 106 136 78 0 255 209 175
    122 207 27 129 0 0 255 200 153 119 169 23 255 177 75 224 218 250 9
    174 207 0 0 198 206 237 0 0 110 74 0 19 12 89 255 0 224 0 10 255 255
    215 28 255 255 255 0 255 67 0 173 0 255 158 98 0 255 255 239 246 255
    249 239 255 120 255 54 7 255 89 91 134 208 255 176 0 0 0 62 218 10 0
    83 97 243 221 128 228 255 255 75 202 244 108 255 200 0 81 53 255 200
    216 201 204 255 255 255 98 0 255 225 247 0 255 191 137 0 59 241 48
    255 172 230 219 81 0 164 20 0 103 207 35 255 0 0 96 255 255 0 255 0
    0 71 255 130 135 255 81 150 0 155 225 17 44 184 60 137 32 255 100
    255 0 57 5 0 20 27 235 47 0 211 43 0 255 0 0 214 0 95 170 139 21 0
    151 255 131 255 255 255 0 255 255 70 218 0 255 0 136 0 60 255 127
    127 0 185 238 78 0 0 206 7 37 111 230 0 121 166 105 224 255 0 3 185
    255 101 192 102 0 225 89 0 255 172 0 255 197 255 0 132 255 255 0 0
    103 244 173 255 241 255 233 155 155 255 59 0 0 182 1 76 209 97 0 145
    63 190 0 32 220 0 0 255 0 0 0 235 81 201 2 220 251 136 255 29 255
    214 200 255 135 255 255 0 205 169 213 0 30 91 130 25 0 165 70 0 47
    241 34 255 0 51 32 0 15 114 0 120 238 147 255 255 138 0 255 133 42
    255 203 0 202 0 112 255 202 222 0 109 88 136 231 255 157 255 35 75
    255 0 255 3 232 216 159 149 157 75 245 0 174 255 0 105 2 255 88 19
    127 0 0 255 235 57 172 62 67 116 0 224 215 9 112 0 255 34 255 208
    201 255 255 46 255 137 199 150 52 222 193 0 241 255 0 17 151 19 172
    0 117 37 226 0 160 0 229 159 142 0 0 236 3 163 225 216 154 50 0 17
    107 255 128 70 69 141 255 97 107 218 13 255 255 34 219 52 142 188 0
    225 49 217 255 0 0 255 61 0 14 60 156 161 149 0 0 208 57 224 255 255
    255 52 0 139 7 5 0 118 247 30 67 201 255 190 231 207 178 23 21 105 0
    0 191 198 0 255 224 216 0 146 255 187 16 247 21 129 0 0 45 200 0 193
    0 201 12 0 168 0 253 101 234 210 36 211 62 162 248 162 255 14 112
    202 198 255 48 255 46 94 0 36 255 0 85 255 255 153 255 0 255 0 116
    211 128 0 70 190 125 47 89 172 0 147 70 22 255 192 255 0 181 99 0 0
    174 255 255 254 255 231 11 24 106 0 77 134 17 0 253 186 226 192 152
    255 205 0 183 189 94 102 0 88 0 255 255 255 62 44 255 191 34 11 255
    155 0 244 0 198 255 177 54 224 42 21 4 246 0 103 0 0 255 127 28 107
    253 127 0 255 255 232 147 199 34 0 101 255 143 28 56 42 197 255 195
    0 163 57 255 251 255 255 55 255 255 225 255 92 32 81 177 255 250 216
    157 232 0 81 204 179 0 0 10 255 0 204 27 11 243 49 128 98 0 148 156
    150 117 182 255 0 156 187 202 255 255 155 0 160 0 28 0 16 230 49 0
    33 67 0 190 47 206 0 168 35 114 255 224 170 255 0 126 71 42 0 0 11
    166 119 112 213 255 0 196 187 69 0 174 180 30 154 0 112 0 145 75 255
    180 0 204 255 236 48 255 110 57 78 20 255 255 190 115 0 166 32 0 0
    71 140 255 114 91 236 107 112 0 255 159 255 206 255 0 32 176 0 72
    102 160 0 0 59 196 234 255 255 186 45 0 255 255 71 255 225 28 255
    227 255 21 0 255 0 219 47 255 255 0 99 0 90 72 72 75 255 0 0 255 189
    32 255 170 28 243 87 255 89 66 255 0 110 255 238 0 148 255 0 153 122
    84 0 139 219 0 255 255 255 254 226 219 168 255 255 0 188 185 160 155
    18 255 157 42 169 0 141 194 0 90 0 170 0 0 137 206 255 255 208 255
    11 255 182 95 0 205 235 0 198 140 53 0 67 68 0 0 81 86 124 235 179
    206 104 34 255 0 6 0 40 0 218 18 254 108 0 0 0 75 32 0 214 168 42
    117 230 255 20 83 255 255 255 32 176 255 170 168 0 255 255 0 120 0
    50 148 37 255 159 198 255 232 0 255 52 112 210 24 0 216 255 15 19 14
    246 255 136 0 185 0 67 175 106 28 255 245 176 17 255 20 0 255 47 255
    251 22 134 42 139 46 255 0 161 255 29 42 255 255 241 139 255 255 133
    255 106 9 156 191 0 225 254 0 81 7 255 180 220 246 254 0 217 255 123
    9 181 123 78 255 255 59 61 174 0 88 97 255 255 29 0 77 34 101 87 0
    49 255 34 255 0 255 90 255 212 0 255 0 0 240 76 42 0 0 234 135 0 108
    255 245 0 255 9 0 117 255 69 47 255 78 238 255 97 255 169 21 246 170
    86 106 122 152 103 73 244 0 13 68 255 142 238 255 255 91 69 221 221
    255 89 242 97 206 0 255 0 20 0 251 40 0 102 47 207 0 25 95 142 0 176
    255 244 35 183 66 202 0 255 0 0 130 224 73 60 255 17 0 0 255 86 164
    3 0 205 2 0 0 113 0 120 0 0 101 0 5 138 203 136 255 255 231 0 166 52
    83 80 36 255 110 199 0 173 0 255 255 118 170 43 165 81 72 44 113 21
    255 103 87 250 176 255 0 255 0 45 255 170 38 0 70 189 239 251 88 24
    4 44 173 79 255 255 0 227 35 139 255 255 38 174 67 33 0 96 0 77 209
    8 255 0 90 16 72 36 114 255 152 153 162 255 255 129 255 255 255 63
    42 0 203 131 255 255 0 137 114 255 96 105 81 21 158 166 133 12 161
    255 255 116 0 213 255 0 212 255 0 86 112 164 254 45 66 50 227 4 255
    255 0 38 0 204 150 48 255 217 208 224 0 17 255 71 65 152 255 0 56
    177 0 228 82 214 0 31 130 255 49 255 178 0 60 235 255 2 22 117 0 0
    74 90 253 197 255 255 89 156 0 0 139 218 255 81 0 0 0 1 170 148 62
    255 125 132 72 0 15 255 4 200 202 22 0 160 208 254 0 255 255 0 0 55
    232 200 0 38 255 0 0 162 179 16 236 240 236 189 191 0 255 244 0 135
    133 255 255 255 0 0 0 135 0 111 133 209 255 255 87 219 51 243 0 91
    180 93 113 152 208 0 238 171 147 255 0 255 151 138 255 150 25 255
    255 51 105 197 93 0 255 129 255 255 0 255 195 0 83 0 208 104 0 218
    63 29 82 255 0 0 0 200 220 94 0 0 0 202 0 35 255 255 4 137 255 136
    151 230 2 80 0 0 84 34 60 174 133 250 81 29 255 255 103 255 216 57
    176 38 255 0 199 255 82 110 52 0 120 147 101 159 66 255 180 124 164
    0 252 27 53 80 193 199 4 233 0 201 249 59 0 60 255 80 59 0 70 6 255
    58 255 198 0 164 235 178 255 108 139 0 110 0 0 236 255 161 122 255
    43 183 0 255 2 102 35 144 178 0 110 255 0 236 255 109 0 255 25 255
    255 255 0 99 0 150 200 192 192 0 123 72 204 189 148 255 217 55 127
    173 174 70 219 0 170 0 177 216 0 0 0 150 0 6 0 255 255 140 246 225 5
    255 77 126 21 255 121 170 164 0 196 110 255 62 0 218 98 255 40 86
    143 60 21 255 255 187 0 181 177 0 0 246 255 139 0 95 253 0 166 0 32
    255 46 0 255 194 209 0 78 0 9 8 124 175 142 172 199 0 80 160 31 0
    138 0 48 219 33 94 255 0 107 121 199 139 255 255 0 173 0 36 255 197
    255 101 155 255 255 211 0 0 255 205 69 255 85 114 4 155 15 52 0 0
    152 0 255 254 91 255 6 138 117 0 255 255 0 255 197 0 226 154 0 129
    234 0 125 0 185 255 247 107 0 23 76 193 18 249 106 4 139 203 101 103
    114 0 229 160 35 207 158 0 84 249 165 85 132 199 190 131 0 221 0 30
    0 120 5 106 111 53 255 135 204 135 37 0 144 114 194 224 103 63 255
    130 165 0 168 206 111 110 199 255 128 54 0 246 57 239 96 61 227 112
    0 255 0 143 60 0 30 25 22 0 162 96 255 255 174 214 1 255 0 102 232
    255 138 0 14 109 121 0 0 66 0 255 24 255 72 78 98 82 255 121 255 219
    244 255 41 73 88 86 0 187 255 159 116 118 255 0 211 33 23 255 0 251
    0 139 12 255 13 9 34 14 212 255 6 0 129 255 192 44 146 22 0 172 255
    160 156 61 6 154 137 204 118 177 149 89 71 203 161 244 91 44 236 242
    107 255 0 0 255 0 0 0 216 227 0 214 20 155 245 3 0 255 255 255 0 220
    118 85 248 99 255 0 104 255 0 0 117 255 28 40 255 230 0 56 0 95 176
    255 221 84 86 255 103 255 36 0 236 34 255 221 216 88 65 141 0 186 2
    40 160 192 238 84 208 128 0 203 0 216 96 147 255 144 222 255 0 209 7
    189 167 255 132 46 105 204 191 255 0 106 255 38 6 38 107 255 123 255
    255 187 135 245 7 54 190 11 0 69 230 113 0 0 255 250 5 113 225 194 0
    255 142 39 242 221 16 0 2 193 238 138 255 214 70 255 21 255 41 57
    159 255 0 255 82 21 255 63 0 207 204 0 138 0 255 75 0 166 255 186 86
    0 255 219 98 0 59 155 113 255 255 126 255 255 0 255 0 255 194 0 38
    88 0 255 27 255 22 216 123 64 59 255 0 230 46 150 255 255 48 255 0
    209 247 25 80 145 169 0 21 109 131 255 54 251 150 255 170 0 0 206
    255 44 101 137 226 0 117 165 253 251 148 26 255 10 37 154 169 157 57
    235 0 167 39 128 0 30 5 14 43 204 106 233 125 255 255 13 85 87 199
    255 55 0 244 224 43 2 129 255 41 10 255 252 6 0 177 0 0 255 255 136
    34 112 255 232 170 0 35 255 0 255 0 255 144 255 126 229 0 51 154 183
    158 17 138 206 0 155 255 223 128 184 0 0 255 122 0 74 98 137 41 118
    255 128 0 185 255 204 202 144 0 83 206 255 230 65 213 255 255 234 17
    11 162 93 173 254 173 255 255 121 0 85 47 182 0 13 0 119 145 255 125
    0 45 255 2 228 52 181 52 12 255 255 133 132 249 255 94 86 255 105 23
    96 255 112 124 0 255 250 213 21 255 44 211 20 22 155 59 56 167 0 0
    255 255 50 189 0 0 8 83 81 0 122 102 0 0 62 255 0 255 214 211 142
    255 106 0 255 255 0 0 111 255 0 255 255 4 0 255 255 228 50 0 255 51
    174 184 0 255 185 190 81 87 44 74 0 47 112 50 174 0 93 183 0 217 0
    77 255 255 255 116 32 146 162 93 89 1 57 255 255 255 242 63 255 176
    106 255 201 181 87 231 21 198 0 255 0 86 139 255 7 0 223 161 27 0 99
    214 248 184 45 0 247 43 168 138 75 76 115 0 0 255 218 48 152 255 0 0
    255 255 214 180 255 214 73 0 163 0 0 18 0 37 111 241 74 185 255 156
    239 255 107 20 200 118 27 255 238 0 147 226 233 203 157 209 255 5
    221 166 0 245 197 187 84 38 255 9 0 0 0 87 255 86 124 239 0 103 146
    0 182 137 218 180 189 255 255 176 255 255 88 248 239 154 72 26 153
    212 99 0 0 0 204 126 134 206 0 200 102 30 189 122 237 144 253 86 255
    34 79 255 0 15 255 146 180 205 72 1 255 202 130 152 226 255 157 0 39
    0 89 255 0 0 58 101 0 136 255 106 0 246 128 143 51 255 199 85 0 190
    239 82 75 115 0 166 206 0 93 107 0 239 211 97 0 226 2 255 255 255
    255 171 86 156 108 64 150 255 47 0 0 102 255 0 255 55 151 88 65 255
    0 81 255 254 230 255 0 173 24 135 13 0 25 0 29 138 0 255 66 42 125
    218 251 90 124 243 0 0 136 0 0 0 255 255 39 255 226 115 255 0 255 24
    255 255 253 146 255 0 224 240 53 111 22 135 192 28 66 255 0 255 248
    0 245 184 17 38 255 255 0 255 176 255 0 44 255 255 27 232 46 255 255
    85 170 0 92 4 255 0 247 112 122 224 0 23 0 161 0 255 35 0 34 7 250
    255 32 16 39 211 216 255 229 0 255 152 34 101 147 0 173 76 151 255
    17 203 255 126 94 99 185 174 255 255 251 140 173 255 0 202 255 203
    160 255 169 220 17 145 0 31 129 73 69 241 0 0 117 0 121 27 255 14
    255 231 53 255 0 34 10 0 255 126 119 232 64 137 0 255 255 168 204 0
    21 255 254 255 255 113 232 231 142 167 7 214 65 24 0 255 8 129 200
    94 74 0 0 174 28 211 255 153 255 0 13 98 116 34 0 25 242 212 0 216
    255 255 255 255 229 0 170 0 113 255 255 76 129 0 55 0 0 175 255 255
    255 255 151 0 255 55 0 255 130 0 108 0 255 174 255 237 255 194 183
    110 226 0 159 157 0 230 62 156 204 93 191 255 221 242 88 5 200 255
    250 255 10 24 101 255 14 255 0 254 21 255 255 255 103 0 255 0 0 125
    161 129 170 19 255 124 255 0 0 66 42 98 173 108 120 9 0 179 255 0 0
    163 198 255 80 255 0 152 32 42 255 255 155 134 255 0 255 6 0 122 255
    255 121 0 255 14 0 255 27 0 0 202 246 182 46 76 0 0 221 255 0 193
    123 255 186 146 4 255 255 220 44 255 136 110 255 199 255 108 0 255
    188 108 201 41 255 58 255 255 255 81 53 232 0 144 107 160 255 0 118
    96 219 255 0 157 255 62 255 0 195 74 0 12 0 0 15 255 146 141 166 85
    48 61 243 0 255 122 0 136 14 0 255 7 0 0 0 28 241 242 107 70 0 238 0
    112 0 0 66 255 0 114 255 254 105 60 162 1 41 242 24 0 238 206 148
    186 8 255 40 0 183 125 255 234 21 0 255 255 0 255 89 63 63 3 205 255
    0 246 255 0 255 255 67 255 233 91 0 0 115 29 36 2 0 176 255 64 41 52
    142 22 113 255 255 255 255 113 215 90 0 255 138 113 0 255 42 54 117
    255 138 151 94 0 253 0 255 255 124 113 94 215 0 1 255 0 245 232 0 79
    0 255 42 131 255 255 200 255 0 23 0 0 255 56 8 191 69 222 171 255
    255 176 0 255 255 243 83 172 163 0 27 189 181 28 255 255 32 255 255
    63 18 78 255 91 243 165 0 110 60 208 255 60 255 230 79 0 202 255 0
    255 255 159 255 14 222 28 24 180 127 244 148 0 125 187 192 237 255
    93 89 20 3 93 0 184 0 145 85 252 19 158 0 170 0 91 181 255 72 255
    216 162 154 206 139 122 136 0 130 45 255 152 160 0 188 0 126 10 37 0
    40 0 89 15 0 115 0 119 0 240 237 255 83 166 0 0 154 0 26 248 84 193
    117 121 255 0 251 130 255 92 110 215 255 248 255 104 42 145 129 0 15
    115 172 129 255 120 255 30 0 254 122 255 55 0 142 30 76 0 68 181 64
    154 249 255 120 20 105 49 0 240 206 255 51 5 138 255 134 103 85 38 0
    33 17 245 146 139 226 215 0 217 0 0 109 219 255 70 161 3 87 255 228
    199 255 0 255 25 150 0 167 255 48 221 194 125 255 67 0 174 205 29 8
    114 202 5 219 138 255 40 41 0 76 188 170 58 162 139 80 247 201 124
    255 0 255 179 223 112 91 47 0 0 0 0 164 136 61 123 10 70 42 84 31 0
    195 237 0 249 205 0 150 30 255 0 0 255 0 185 255 30 255 0 255 255 0
    177 255 255 88 252 202 74 255 142 249 33 13 255 255 255 165 228 231
    104 255 94 199 201 143 112 0 0 82 66 149 5 54 255 55 164 227 41 65 0
    45 186 217 255 0 0 153 66 2 66 255 90 228 0 0 68 114 13 84 0 0 153
    59 255 141 243 0 255 95 242 140 110 255 0 45 122 124 0 255 111 209 0
    255 15 204 255 195 0 255 0 84 26 78 63 119 33 0 168 0 255 183 255 0
    49 199 82 255 3 210 138 255 61 62 128 88 193 255 101 0 126 0 201 255
    22 228 161 151 255 255 131 3 123 228 223 158 0 255 0 0 17 152 144 91
    0 53 179 17 224 245 0 255 255 166 7 53 255 219 207 221 94 34 4 52
    155 121 113 4 205 55 255 255 106 190 149 129 247 0 255 0 0 55 98 2
    160 179 152 54 192 213 255 255 164 116 71 160 255 98 0 162 197 84
    148 120 108 24 222 77 132 165 169 255 137 246 214 224 40 186 205 0
    230 7 160 255 0 191 57 0 0 250 239 192 16 6 0 255 44 255 173 93 255
    173 222 172 6 255 0 255 255 60 92 255 0 54 255 91 93 116 15 9 71 191
    55 142 251 0 255 246 86 255 0 74 0 20 255 194 183 108 139 0 0 255 88
    136 144 30 255 19 252 132 0 37 0 66 194 116 255 228 12 37 46 0 0 52
    0 255 82 0 0 175 76 164 255 0 255 255 219 40 255 16 0 127 204 243 0
    255 255 97 81 27 36 0 106 106 107 177 72 0 235 0 255 0 0 198 255 5
    87 173 47 255 188 255 255 177 255 213 43 153 215 0 234 177 132 0 222
    231 116 77 202 194 138 0 0 227 66 64 63 255 59 160 115 246 0 255 0
    27 162 0 255 253 73 165 86 255 150 0 18 53 0 0 255 235 0 201 183 255
    35 215 6 0 215 0 18 132 0 255 255 73 8 49 159 0 0 130 220 255 0 10
    32 0 93 50 138 17 135 42 0 0 78 167 19 0 0 193 0 233 0 174 255 131
    255 242 40 55 52 228 175 221 52 0 184 0 154 149 255 95 79 255 35 217
    107 89 190 0 214 54 121 3 124 140 202 165 0 116 213 235 48 255 88
    252 0 37 255 29 43 1 229 113 174 98 255 255 174 255 255 255 255 242
    170 11 255 0 15 0 0 63 255 255 176 215 181 255 255 96 255 101 0 0 0
    255 60 107 130 156 0 101 178 0 105 25 255 79 205 255 0 79 71 0 165
    253 101 255 0 194 174 163 255 3 236 36 21 117 0 11 128 39 0 19 235
    255 32 199 45 116 71 255 181 138 255 255 0 255 0 255 0 108 29 60 255
    197 0 106 0 86 255 143 255 19 235 255 255 71 43 0 250 245 223 0 21
    255 120 157 255 0 0 173 205 215 131 166 255 159 39 130 0 143 208 44
    24 255 121 108 23 140 34 255 237 68 255 151 255 201 111 240 246 255
    190 255 161 0 0 17 0 163 0 246 0 210 146 255 224 255 62 0 253 0 195
    255 77 0 255 176 99 236 141 225 132 208 0 0 33 255 161 30 155 252
    132 253 228 0 0 231 160 255 149 19 136 7 103 142 131 255 206 26 0 20
    76 0 121 210 89 255 255 0 255 218 133 0 226 226 0 91 4 47 9 235 0
    105 255 140 24 249 221 203 255 117 39 205 125 0 126 232 255 93 0 118
    0 255 153 0 117 0 107 0 244 252 221 152 89 12 56 109 0 59 247 175 0
    107 157 48 21 17 0 114 255 211 132 16 0 0 255 255 255 251 152 239
    255 49 0 0 80 255 255 229 86 30 29 236 255 9 0 255 255 169 255 255
    43 117 0 90 255 10 98 0 204 100 0 66 76 195 76 31 77 0 43 149 90 255
    177 0 65 247 78 86 124 138 159 199 10 177 105 128 255 222 84 169 26
    0 125 255 255 255 203 216 34 201 105 0 150 0 59 255 204 121 0 134
    198 84 0 176 99 120 0 0 255 0 20 0 0 157 42 24 114 207 30 68 255 255
    133 242 113 255 255 74 106 255 143 68 0 255 0 48 152 255 0 0 255 162
    39 0 141 255 0 184 132 34 186 226 26 231 116 18 0 255 255 1 142 0
    159 165 143 255 79 223 243 56 255 177 251 255 0 46 0 188 213 124 67
    0 255 155 230 255 30 73 32 176 237 0 192 255 245 0 138 161 0 70 0
    168 255 0 145 0 37 161 0 132 163 44 158 255 130 6 150 0 0 22 0 217 0
    173 255 255 0 255 22 20 218 255 0 255 0 26 159 205 112 47 53 0 0 255
    78 189 166 255 200 191 157 255 94 0 0 222 255 0 0 0 255 40 146 37
    255 11 113 140 0 214 196 74 57 255 165 203 222 255 255 255 255 0 255
    255 0 0 161 84 157 0 141 0 0 190 255 0 250 210 255 255 39 255 193
    152 255 240 1 255 0 255 101 42 93 57 222 32 93 255 255 0 54 7 29 217
    253 255 21 210 248 187 174 16 206 93 255 79 0 179 115 69 147 225 19
    0 255 143 10 173 108 0 99 55 0 200 80 184 137 249 205 247 255 255
    255 88 89 0 0 125 255 255 50 0 44 104 185 102 60 132 0 167 0 0 193
    30 118 82 121 255 0 0 77 66 255 98 255 0 121 23 0 195 24 202 255 39
    255 0 138 213 255 255 19 184 62 111 0 128 165 255 0 167 1 8 255 0
    241 255 14 46 44 164 255 18 0 255 203 40 255 14 0 0 173 70 0 194 143
    31 255 240 0 177 5 173 0 0 0 247 192 44 220 0 0 75 255 250 255 255
    87 12 0 0 87 2 0 1 235 54 0 248 0 45 227 255 65 220 31 0 127 0 0 111
    255 23 0 246 141 107 0 80 95 38 244 168 77 255 255 0 72 255 255 2
    217 136 76 247 138 255 0 219 255 0 131 113 32 81 193 178 0 5 88 241
    0 255 255 79 181 247 222 0 0 8 3 36 255 164 135 0 255 197 255 146
    184 255 200 255 86 122 210 70 70 255 101 157 222 0 255 61 114 255
    242 99 255 165 255 206 255 0 255 23 188 221 255 128 255 0 0 255 72
    138 154 28 255 108 21 68 0 202 188 175 123 96 255 158 119 255 33 0
    255 29 55 82 255 137 110 120 13 193 0 250 255 130 171 255 112 73 103
    0 127 228 49 255 93 9 137 44 123 242 20 61 0 78 66 255 255 212 255
    61 184 84 118 235 93 69 143 54 46 71 126 52 14 174 57 8 103 181 67
    229 59 0 245 80 0 0 175 0 206 201 244 255 0 224 0 208 254 247 0 38
    255 0 0 81 149 178 0 7 69 255 85 186 255 255 255 255 110 255 217 81
    230 161 109 0 151 255 0 0 222 124 122 151 255 0 95 186 255 194 0 149
    240 191 106 0 113 24 202 36 213 142 125 255 255 68 255 255 255 0 255
    183 6 68 0 0 0 3 213 134 251 123 255 255 14 255 7 29 255 0 0 255 242
    241 63 227 250 27 255 255 255 136 255 174 255 0 115 0 255 91 197 255
    255 248 152 150 182 193 255 255 0 33 255 0 0 233 0 0 18 255 255 53
    68 0 0 85 0 2 255 219 222 70 214 166 142 252 136 125 255 255 0 138
    141 255 249 75 18 151 67 185 160 234 0 241 255 66 15 0 254 206 32
    255 0 0 0 0 0 119 90 223 48 127 44 60 26 200 255 255 121 173 8 131
    95 192 77 205 26 186 0 160 255 0 129 0 0 232 255 124 122 255 214 70
    181 0 0 56 0 156 41 229 191 151 172 39 22 19 33 255 0 212 101 255
    140 255 17 172 255 101 230 255 255 143 0 162 155 0 255 228 103 183 0
    208 0 255 228 188 30 78 185 123 244 0 0 255 59 138 198 221 35 127
    181 28 0 107 0 239 247 36 4 255 226 74 0 28 159 135 0 42 165 255 0
    255 218 255 255 206 6 138 211 0 105 91 60 255 0 0 162 255 207 153
    255 255 0 15 51 177 0 185 35 0 64 175 170 255 106 160 255 0 136 206
    63 222 73 255 10 255 255 0 221 255 121 218 121 207 255 240 121 84
    166 126 123 132 52 205 216 255 82 0 142 0 255 209 53 208 177 240 61
    0 182 87 0 0 201 136 20 255 255 255 0 15 96 188 174 26 255 111 254
    255 28 79 117 255 255 244 134 246 0 145 255 120 137 0 175 213 0 0
    109 115 255 250 0 149 220 83 21 222 152 157 200 37 12 255 255 100
    189 254 186 169 76 255 85 112 0 153 255 139 135 69 63 255 55 239 129
    234 107 255 29 255 84 69 0 155 0 10 255 18 59 21 13 222 255 0 182
    169 17 7 255 55 116 20 173 199 166 119 72 255 22 255 20 0 255 207 0
    255 125 216 255 193 10 245 255 135 200 180 173 187 120 0 120 23 0
    255 0 255 255 196 0 45 181 30 190 132 42 80 227 168 255 65 0 217 211
    170 222 8 255 255 255 0 236 69 248 255 118 0 255 96 64 255 89 66 86
    67 0 97 81 0 220 29 108 87 9 140 0 199 122 0 255 137 61 185 255 0 85
    237 205 0 62 79 163 68 199 255 246 255 0 27 232 255 186 153 244 158
    95 255 164 185 241 69 22 255 134 0 153 140 193 226 151 0 4 51 255
    255 0 144 198 255 49 0 62 170 249 57 191 0 140 191 0 88 234 253 244
    175 181 255 30 15 65 76 55 29 0 107 98 196 0 255 55 136 255 198 255
    153 102 255 255 255 163 110 34 0 165 0 255 0 255 255 68 236 36 0 33
    226 216 230 255 103 231 7 131 0 17 229 0 0 235 125 0 240 147 0 187
    248 255 232 195 173 255 124 0 255 175 145 255 32 34 0 255 229 193 40
    236 88 104 51 255 85 6 36 154 177 0 255 128 237 255 5 100 145 18 53
    61 184 55 95 94 0 152 255 41 0 149 193 24 177 158 127 69 255 166 93
    202 98 177 183 144 0 247 134 209 0 3 54 157 206 0 255 255 255 13 220
    225 0 0 63 255 56 145 127 255 244 181 124 0 224 250 82 41 182 0 135
    71 0 240 145 0 255 255 69 20 42 114 255 12 6 0 255 0 142 0 0 255 51
    51 255 216 0 143 59 175 255 208 129 69 255 208 0 255 16 0 0 0 255
    145 6 101 0 187 231 183 0 229 14 118 0 0 11 161 255 255 176 245 255
    250 255 255 62 88 3 239 0 255 255 0 113 16 0 0 180 255 255 0 255 101
    255 0 0 125 44 0 255 0 0 14 188 231 255 255 97 0 255 150 0 255 255
    255 21 148 255 245 175 255 0 183 255 196 207 255 157 0 246 0 77 185
    0 195 227 0 141 255 165 148 68 24 44 169 0 0 197 149 21 54 32 229
    102 109 239 86 115 255 249 63 255 246 255 0 73 243 0 176 255 0 197
    77 0 0 211 222 255 70 0 102 96 172 231 149 226 121 0 0 255 255 255
    255 183 0 255 0 208 221 255 192 182 255 234 199 0 19 40 94 31 255
    128 148 255 0 201 255 0 103 12 215 0 60 0 255 0 162 107 152 194 255
    9 0 67 0 29 255 112 13 255 180 67 255 11 255 255 255 255 59 135 95
    96 77 48 84 0 38 1 142 0 191 178 38 0 255 115 255 0 31 189 30 124 70
    111 213 0 39 218 177 255 0 104 255 255 0 107 202 0 45 232 226 166 0
    31 0 68 166 0 176 70 117 255 47 49 0 10 244 59 0 111 164 0 126 0 0
    30 61 0 0 0 255 238 0 0 170 135 240 255 197 31 213 6 144 41 77 156
    18 161 0 211 147 81 230 25 3 102 239 0 27 209 0 0 130 211 255 109
    215 105 91 253 0 0 255 255 157 0 92 207 238 0 214 130 32 255 16 28 0
    0 255 5 130 45 11 255 0 130 0 73 255 255 150 121 53 177 50 0 184 70
    0 255 130 247 126 249 182 212 255 149 144 189 0 255 0 81 120 44 0
    148 202 221 111 64 0 19 0 255 0 111 46 90 147 255 191 0 0 168 0 139
    143 201 176 0 255 232 255 163 110 121 0 16 242 255 32 0 0 0 0 255
    255 0 16 24 132 255 49 255 203 198 255 0 219 255 97 0 19 111 254 69
    10 124 0 148 132 61 35 255 248 0 255 255 55 5 92 255 234 53 255 201
    169 171 10 255 255 255 76 184 138 147 19 172 160 139 162 76 71 164
    255 0 255 249 26 128 255 44 255 16 255 96 181 20 0 255 0 255 70 0
    221 255 24 0 5 77 255 88 179 108 0 230 94 41 255 169 255 134 142 154
    58 49 21 12 255 226 255 114 0 255 43 0 248 0 149 215 0 77 129 255
    254 34 50 14 255 0 255 255 12 0 255 137 56 240 0 150 65 0 9 175 0
    255 157 255 43 0 153 0 0 0 60 9 144 7 235 51 255 199 210 255 255 136
    182 255 6 255 0 29 0 118 15 98 3 215 177 255 103 183 0 7 255 32 218
    120 76 0 89 72 255 0 65 255 52 255 204 226 255 112 0 30 0 148 205 44
    255 0 153 242 0 134 42 238 255 80 255 255 77 72 216 243 168 57 255 0
    0 255 239 255 105 206 186 95 205 0 233 6 0 111 244 255 65 120 0 77
    234 218 126 120 238 33 35 180 0 118 0 45 49 68 114 225 252 255 120 0
    139 255 236 0 189 0 99 188 179 98 227 255 0 0 0 92 44 129 255 79 18
    0 249 0 0 255 126 167 228 39 47 14 110 162 255 89 63 255 93 10 234
    26 96 0 255 0 0 234 255 255 22 219 77 236 0 0 0 71 151 48 255 210 47
    52 255 76 51 0 188 214 93 255 57 0 23 21 220 255 17 78 209 0 28 199
    255 0 255 237 123 227 234 255 129 149 255 0 172 134 0 255 0 66 34 6
    156 180 143 151 100 255 75 0 216 166 183 0 2 190 147 0 71 235 255
    207 131 146 167 140 83 0 3 236 255 0 108 45 0 159 95 255 255 255 159
    160 64 92 213 255 255 0 255 0 255 0 74 204 128 181 139 0 0 0 157 175
    38 0 0 39 128 0 0 1 72 255 20 116 61 0 138 49 235 21 249 255 173 143
    212 141 212 32 166 193 170 255 0 174 57 208 255 93 204 191 122 251
    143 250 255 255 0 116 255 0 15 179 230 255 54 141 175 0 178 221 255
    208 228 0 138 222 229 0 154 131 131 42 255 73 55 86 0 151 104 79 0 0
    73 0 211 60 0 121 216 230 160 41 255 77 91 255 253 255 80 58 63 51
    53 255 255 89 249 0 0 237 245 255 33 115 123 76 51 249 232 0 25 0
    255 0 0 232 0 0 194 0 255 255 0 255 0 255 36 0 42 193 255 74 0 178
    255 129 0 216 142 18 0 127 157 0 253 255 0 255 16 100 228 25 163 183
    0 151 255 114 189 43 255 92 165 255 208 255 0 0 64 11 210 161 181
    115 139 255 0 137 73 248 255 0 255 0 0 0 0 0 165 0 96 255 69 209 255
    127 255 161 123 169 0 173 253 0 77 91 129 0 255 5 53 199 17 108 68
    205 0 47 255 224 255 10 255 255 29 255 232 157 184 117 137 0 134 233
    0 255 41 201 0 0 109 255 0 255 227 0 23 56 37 255 92 243 255 112 153
    255 255 202 244 195 177 179 79 54 8 0 239 246 0 0 68 91 113 249 75
    70 182 44 0 183 44 0 32 67 242 0 37 41 255 0 229 37 226 218 255 163
    255 182 52 55 70 29 4 8 156 209 239 34 247 247 0 251 172 255 195 158
    255 0 255 255 0 134 105 222 0 69 58 247 87 119 158 199 200 37 189 0
    3 91 183 172 186 136 77 196 117 53 0 55 176 55 213 0 255 255 255 81
    237 255 0 178 56 4 238 61 255 32 202 0 192 192 77 255 169 187 71 183
    225 117 255 239 255 252 0 50 0 0 225 106 249 0 58 68 233 90 134 23
    184 85 27 0 255 255 231 12 228 213 0 86 85 185 148 142 246 10 145 46
    255 255 255 255 76 98 77 0 228 0 231 0 221 255 57 15 238 225 147 0 0
    255 255 88 234 225 194 208 255 0 0 255 0 195 202 247 255 2 120 173
    99 215 0 68 51 197 14 229 185 0 162 18 0 0 245 255 179 1 236 78 71
    167 0 81 128 85 186 255 228 0 94 0 0 255 0 8 12 20 255 0 33 245 85
    39 69 0 255 230 136 255 70 255 151 128 255 0 255 115 23 138 143 0 83
    57 144 0 0 54 143 215 0 255 130 0 28 234 44 155 179 0 38 255 117 0 0
    65 0 0 46 109 132 0 126 104 244 0 115 146 0 191 160 255 255 105 163
    0 255 52 255 61 255 145 231 216 17 0 88 255 0 255 11 255 0 30 186
    226 68 0 151 255 0 255 132 0 55 45 132 255 94 0 96 94 244 255 0 141
    255 0 124 138 224 149 58 255 94 0 113 171 183 0 254 0 0 255 16 90
    186 215 156 121 255 0 170 24 238 22 255 192 123 78 150 105 9 232 179
    11 149 138 0 230 255 255 121 255 255 0 0 0 147 41 255 0 134 182 126
    0 102 36 120 57 255 191 247 240 166 133 0 136 24 132 132 0 92 255
    149 213 67 255 147 255 13 178 152 79 171 0 228 16 57 2 0 255 0 255 2
    0 12 166 225 209 124 180 245 132 0 0 0 127 0 0 255 217 187 94 255
    103 206 0 38 0 136 173 18 15 0 230 0 119 48 255 255 225 0 142 54 15
    162 248 0 79 84 255 0 162 253 229 252 255 255 42 0 152 63 128 0 180
    228 255 0 56 104 218 0 0 198 0 206 0 255 35 113 255 255 255 18 184
    255 241 1 255 255 72 58 255 30 136 85 0 0 244 53 0 255 0 139 255 6 0
    219 255 79 206 219 68 42 168 237 56 255 0 255 77 38 185 21 0 0 125 0
    213 0 5 255 114 222 48 255 116 40 228 251 198 0 92 64 0 65 0 124 255
    101 251 4 177 143 0 0 126 255 0 244 0 255 0 107 255 163 255 255 234
    176 0 81 136 109 63 0 181 226 112 217 255 49 42 101 0 255 0 28 0 72
    104 255 255 40 41 164 138 152 199 0 245 0 136 135 134 255 0 235 56
    140 30 37 32 243 34 0 72 50 255 30 255 29 165 84 157 38 21 207 0 47
    0 213 72 12 255 255 226 149 62 0 74 255 222 1 86 255 0 255 158 255
    152 0 255 255 172 14 201 255 148 178 255 85 37 255 0 222 63 82 25
    255 0 0 96 0 71 195 255 187 146 255 103 195 39 255 116 0 158 221 155
    0 167 255 0 255 26 130 255 155 124 255 35 255 112 180 0 68 147 73
    252 255 255 0 255 255 0 199 183 18 171 255 131 114 255 64 93 255 255
    12 73 50 128 0 255 0 255 255 254 156 133 252 255 47 59 255 255 255
    99 255 145 0 0 255 0 194 255 26 236 255 133 0 32 255 0 0 0 180 0 70
    195 255 0 0 0 64 6 29 46 176 0 0 25 116 255 255 175 98 183 14 255 81
    96 0 70 237 110 192 174 99 151 49 247 255 255 135 7 113 0 95 255 255
    169 98 178 0 191 0 0 255 114 169 37 0 76 0 249 160 154 255 240 106
    75 12 15 255 0 192 0 42 145 255 149 45 188 63 101 151 255 255 255
    150 255 202 117 49 32 255 169 236 187 100 255 255 10 108 171 137 6
    255 0 255 255 94 0 255 255 0 0 191 118 255 255 255 59 0 0 118 208
    255 100 0 255 28 146 154 255 255 255 9 249 0 40 0 0 0 0 54 222 0 4 0
    0 255 0 255 0 224 124 139 46 58 255 0 255 108 141 74 244 0 0 255 235
    255 196 13 166 11 255 0 7 0 0 195 89 8 147 255 255 255 0 255 255 255
    48 39 143 30 96 12 28 60 255 0 129 194 38 255 0 87 202 209 0 3 59
    188 0 190 255 179 113 169 79 255 181 101 255 47 77 177 208 11 0 227
    144 35 88 79 63 10 255 255 0 0 255 255 255 0 125 195 71 52 0 229 117
    37 0 0 255 71 146 20 182 0 0 184 142 0 255 0 204 245 255 66 43 0 24
    178 209 0 0 255 255 33 255 0 102 0 0 255 235 136 255 255 255 14 83
    94 222 85 0 217 56 198 0 161 255 255 160 255 255 87 0 141 255 67 182
    231 169 1 217 0 255 255 255 130 245 41 255 0 105 255 255 217 254 255
    154 78 0 217 0 27 8 155 255 46 255 0 128 200 195 200 255 227 255 0
    48 21 0 245 91 0 173 131 130 255 47 214 186 61 182 255 162 231 0 0 0
    250 100 193 255 231 74 10 255 255 68 0 78 255 0 109 255 114 222 255
    255 255 0 66 107 0 26 0 126 69 6 42 0 210 1 0 112 0 255 186 157 255
    103 211 0 180 142 0 255 132 144 0 99 97 190 227 255 166 167 217 162
    205 255 180 147 82 0 152 255 255 132 39 255 255 0 255 126 3 255 113
    255 248 0 110 154 87 189 0 191 255 17 0 34 0 0 75 161 254 255 255 8
    142 255 140 54 255 255 0 168 255 112 5 0 118 255 132 255 3 0 14 0
    168 255 255 0 0 155 165 36 255 255 255 225 151 154 213 141 255 255
    124 151 0 133 90 82 45 143 73 223 239 255 255 0 187 84 255 204 0 225
    93 255 123 214 217 21 255 33 132 105 6 255 0 134 195 255 168 224 129
    255 191 0 129 17 43 0 36 148 189 0 79 18 135 55 195 93 0 137 255 240
    255 91 153 0 255 33 26 53 255 30 0 255 158 175 255 103 157 68 255
    255 80 76 255 113 0 188 238 255 65 225 169 198 0 107 199 111 77 97 0
    22 163 244 188 165 122 168 135 0 77 4 37 54 161 180 255 124 125 135
    97 108 255 154 158 141 45 22 137 0 124 0 63 255 67 69 228 133 240 16
    0 0 255 0 255 79 255 255 255 255 0 31 62 255 255 207 0 197 50 162
    143 55 157 145 247 255 225 45 0 14 0 186 231 127 141 204 254 255 11
    0 255 61 173 255 150 255 0 201 245 0 98 0 0 26 255 28 209 167 161
    134 87 2 0 123 255 168 51 255 10 0 71 131 255 190 255 0 142 12 0 59
    52 3 0 11 72 255 0 9 0 140 79 130 0 255 0 255 251 254 42 0 151 34
    206 0 255 232 234 36 255 255 241 255 220 148 144 191 61 223 255 0 0
    32 0 67 0 81 255 0 0 211 194 24 0 1 231 188 9 0 0 255 40 155 251 2
    140 0 81 255 133 15 131 255 255 23 76 247 0 36 137 255 115 0 0 238
    33 128 222 28 255 55 155 255 255 0 9 255 109 0 131 255 0 43 255 255
    143 0 255 255 0 164 172 107 93 85 255 6 0 28 48 233 122 255 24 51
    255 184 0 0 117 9 0 0 0 170 0 0 255 0 0 0 255 129 219 57 86 255 182
    143 0 0 170 255 0 85 231 42 177 255 222 255 235 37 28 255 255 227 0
    119 236 245 0 61 237 255 244 54 77 203 0 60 214 92 169 181 66 148 0
    178 241 0 45 216 17 250 89 176 134 238 187 237 155 255 255 184 170
    255 145 205 255 179 255 255 14 46 141 255 210 36 255 82 227 221 87
    124 255 225 255 255 0 67 33 155 255 210 0 255 0 209 67 0 0 56 58 131
    0 255 45 255 255 160 0 240 81 222 243 193 255 15 255 199 120 255 63
    255 56 208 66 0 0 0 249 255 62 47 255 0 113 255 255 212 58 255 193
    255 124 48 255 149 255 28 255 70 0 162 0 0 229 255 210 255 15 0 44
    255 25 0 0 0 204 46 215 0 255 218 33 0 51 255 54 255 103 219 210 0
    139 140 46 136 255 166 154 136 0 206 0 186 29 143 255 195 255 221
    156 159 10 255 0 99 170 222 167 0 89 255 0 181 219 21 161 255 153
    198 110 212 48 50 255 0 0 221 255 163 124 46 255 255 205 0 230 234 0
    24 71 57 251 126 131 0 230 0 115 126 0 67 0 68 47 67 162 3 26 202
    255 0 0 165 59 157 170 255 155 255 141 255 0 0 0 0 234 255 255 0 177
    87 10 249 111 0 136 127 188 255 37 255 255 121 255 255 0 10 42 0 255
    255 232 153 119 255 37 255 255 0 0 183 255 247 144 255 88 255 23 207
    252 255 0 146 146 242 180 30 189 72 0 0 28 255 91 0 155 40 0 0 0 255
    171 255 211 109 0 0 186 35 255 203 85 19 255 255 149 236 53 26 255
    255 155 57 255 255 196 0 255 249 115 149 98 116 255 223 255 137 103
    255 238 206 155 255 40 20 70 198 0 223 84 217 255 23 0 0 103 0 255
    255 17 100 227 0 255 255 0 145 7 255 68 15 0 0 247 159 224 0 83 203
    120 241 106 215 255 202 252 76 14 255 246 215 161 35 47 205 255 104
    155 20 141 0 214 235 255 0 231 255 74 14 255 0 0 98 255 21 0 0 171
    29 255 255 143 115 0 182 255 2 40 16 255 240 11 142 48 255 174 220
    238 0 255 94 115 75 255 28 245 173 128 0 9 0 242 72 153 255 255 255
    164 255 218 255 0 98 66 163 85 0 0 149 241 225 255 255 0 0 255 253
    224 236 115 204 39 0 6 255 201 255 0 186 252 255 36 6 255 231 32 140
    255 188 0 255 0 90 156 255 255 67 0 181 188 93 73 173 0 255 39 213
    255 0 255 68 207 0 255 255 255 150 0 239 205 187 196 228 140 100 0
    104 71 175 98 242 34 4 109 255 226 51 255 255 255 255 0 25 0 142 129
    0 204 89 53 221 255 161 255 179 77 179 255 89 129 121 155 255 255
    244 0 42 255 79 212 52 0 118 162 23 255 66 86 106 255 216 250 255
    255 58 0 31 65 98 0 37 93 4 191 5 247 250 65 255 70 255 50 0 0 213
    255 132 255 34 11 255 206 255 255 72 189 255 120 255 73 250 202 206
    80 23 179 255 28 0 82 28 255 13 255 65 0 0 216 143 112 2 255 238 255
    39 172 255 90 0 255 140 226 44 21 0 0 0 118 255 8 0 20 151 24 255
    253 132 0 247 170 0 0 170 121 38 157 42 121 0 6 35 132 23 0 29 45 30
    59 255 177 255 15 0 65 131 182 123 106 66 255 242 255 71 255 38 33
    182 141 90 255 241 180 50 235 85 255 94 219 255 178 235 0 255 0 237
    254 191 255 0 19 137 214 255 255 183 242 0 255 44 71 54 51 255 255 0
    29 236 15 60 255 255 193 53 60 255 244 182 218 255 44 167 0 182 70
    197 21 148 0 72 0 131 142 211 152 0 255 255 43 255 246 214 0 255 255
    87 191 176 101 14 159 39 255 163 190 163 179 17 147 8 67 255 0 0 154
    216 77 255 63 255 0 254 255 211 135 70 0 213 255 146 26 99 255 90 31
    93 0 0 0 209 81 135 255 79 255 163 0 255 0 247 209 0 25 156 44 38 55
    88 99 255 153 40 254 24 193 0 174 97 158 255 74 0 255 179 255 255
    136 131 230 0 223 255 14 0 255 31 219 196 255 255 197 146 212 45 0
    67 75 25 135 0 37 0 138 205 0 0 122 56 233 0 0 57 0 134 255 255 255
    48 0 0 108 105 197 255 0 237 0 255 52 239 0 180 48 255 219 0 0 255
    173 0 168 0 0 153 218 127 0 255 228 0 85 140 0 133 0 0 184 255 53 8
    255 33 0 183 146 255 220 255 255 255 0 255 235 149 135 250 255 69 2
    0 65 174 255 255 253 255 62 57 24 255 229 174 13 0 2 22 121 241 255
    2 77 0 172 156 73 0 176 3 0 62 255 159 227 68 128 255 0 0 0 200 59
    193 124 74 255 0 0 165 0 192 235 103 106 62 230 0 0 43 11 0 222 0
    239 0 215 194 6 161 131 20 0 255 120 252 224 255 3 164 6 201 2 205
    202 0 155 182 165 0 0 0 255 239 75 72 255 0 222 176 255 234 0 98 152
    0 22 60 122 0 10 255 255 255 120 203 255 0 51 226 69 127 215 83 152
    236 0 0 124 15 152 58 62 0 172 106 150 33 28 255 0 7 255 0 59 132
    247 133 0 255 206 0 255 155 85 57 128 86 0 255 103 0 0 74 241 25 255
    239 61 127 0 36 160 47 81 59 3 0 202 255 41 107 19 0 228 0 0 255 255
    255 187 0 221 254 76 252 51 0 0 0 87 122 255 6 169 0 43 21 43 0 81 0
    40 255 161 165 4 0 255 0 0 208 31 0 0 0 0 192 0 0 13 204 255 0 117 2
    63 0 55 83 0 68 255 255 94 57 0 108 97 52 255 0 0 255 139 65 255 174
    103 255 67 105 255 205 238 206 53 135 151 0 245 232 92 255 60 20 255
    212 0 255 255 189 255 255 255 187 84 20 80 108 50 101 43 163 241 255
    255 246 178 255 92 0 71 0 0 125 139 211 115 128 255 99 229 0 0 0 231
    105 67 120 255 130 132 18 228 21 48 225 92 0 135 0 255 0 0 89 13 0
    158 177 255 0 6 144 255 12 218 255 169 49 123 149 64 112 28 0 224
    255 0 0 42 149 0 38 21 0 255 255 255 12 180 95 187 0 188 0 31 55 255
    52 255 18 12 255 211 0 38 144 97 152 255 22 152 12 255 237 0 255 31
    255 0 126 0 140 0 57 0 255 255 185 78 0 170 97 255 241 73 23 255 102
    0 49 20 125 255 220 241 255 255 255 119 37 44 206 154 0 128 5 0 207
    0 255 255 0 68 87 255 213 52 137 27 255 133 21 71 0 99 255 255 119
    255 191 255 255 148 66 255 255 0 255 0 5 255 149 17 126 22 84 213
    202 0 0 0 118 95 218 0 255 255 238 255 68 69 255 170 0 16 2 6 0 171
    164 255 249 0 0 186 207 255 238 114 235 255 85 204 42 7 139 129 255
    104 0 234 238 123 142 165 0 190 188 67 0 142 186 173 181 240 255 0
    61 160 0 34 129 78 0 85 163 0 0 43 50 109 246 238 0 206 232 212 255
    0 255 255 91 237 240 217 255 255 245 0 95 104 114 2 0 0 99 9 9 0 0
    201 82 133 22 0 11 235 255 255 187 211 255 252 107 0 0 255 255 56
    159 99 98 0 168 22 137 55 235 0 203 40 98 69 82 255 153 0 154 255 51
    164 255 13 31 119 0 255 0 0 67 68 255 203 75 189 255 69 255 255 255
    0 209 137 21 255 115 242 255 238 144 110 209 93 69 156 255 0 0 0 0 0
    19 255 255 101 205 0 18 120 255 235 9 255 255 255 238 255 255 0 99
    183 109 255 99 0 231 192 9 0 144 255 137 48 0 233 0 0 212 26 0 93
    255 254 237 29 255 255 6 255 0 127 252 157 0 37 255 181 59 255 140
    61 72 231 214 253 0 16 58 0 253 79 255 168 0 255 0 0 199 60 43 0 137
    0 36 253 5 241 65 60 129 214 255 0 72 0 0 248 255 0 245 125 0 217
    201 228 0 173 0 255 255 120 83 167 90 15 251 66 192 128 46 0 255 0 0
    69 0 189 6 236 243 0 243 206 255 67 228 255 198 70 0 168 229 155 255
    255 160 164 255 125 174 0 255 255 86 3 132 55 0 0 90 41 0 0 0 151
    255 255 228 255 0 62 224 255 86 0 255 0 38 205 216 14 30 255 234 255
    255 236 58 37 0 159 0 27 47 215 0 255 103 146 142 255 157 64 0 61 83
    59 255 89 176 202 159 226 88 98 65 228 255 255 14 255 255 40 255 92
    0 255 109 255 20 176 255 135 0 255 44 0 35 10 79 160 218 175 0 230 0
    225 255 254 46 255 143 0 255 50 110 226 3 255 255 100 86 255 219 44
    255 96 6 202 255 0 64 224 81 172 105 0 166 25 255 0 255 138 255 0 0
    92 0 140 17 197 255 235 139 255 255 17 192 255 0 196 47 0 0 0 40 192
    247 95 255 158 92 123 156 0 191 255 0 233 161 255 197 0 121 89 0 255
    112 201 255 93 0 8 6 0 7 246 2 0 105 41 0 89 161 255 54 12 172 255
    81 0 180 116 75 0 73 214 0 255 166 190 142 97 215 0 191 234 211 38
    204 0 244 190 255 43 28 194 0 0 225 63 215 255 103 61 157 255 203 0
    255 0 0 0 13 0 211 81 0 82 0 0 145 254 255 0 255 0 255 189 0 161 0
    249 8 208 86 54 58 255 255 127 1 255 0 157 255 133 96 94 5 158 187
    103 207 132 46 255 238 123 233 243 172 0 3 255 14 255 255 255 170
    255 190 0 12 6 154 255 101 251 188 153 0 188 5 0 49 0 0 118 180 51 0
    0 255 129 255 192 0 0 0 234 93 1 0 255 0 100 0 0 255 255 177 255 40
    0 255 255 255 17 188 0 0 0 0 255 162 158 84 253 214 140 0 255 34 0
    25 183 233 118 255 0 99 40 255 112 66 144 255 100 18 33 11 149 255
    28 255 161 0 175 255 203 250 26 255 172 0 255 37 74 255 69 150 186 0
    0 23 61 3 0 255 0 37 151 220 245 67 140 55 46 255 94 5 76 236 97 124
    143 124 255 29 0 118 19 67 40 83 83 255 93 255 0 0 174 255 155 255
    116 84 247 0 67 6 97 0 255 180 136 210 0 59 255 48 0 233 255 0 203
    255 196 0 0 255 147 70 255 19 0 101 73 106 255 109 0 255 19 255 82
    255 255 0 13 255 40 0 0 101 66 40 0 193 0 28 6 151 106 226 5 150 168
    211 190 16 201 60 0 0 0 255 140 180 0 20 255 232 249 253 0 191 125 7
    255 88 255 25 48 0 51 0 182 0 245 15 172 91 255 0 66 255 255 15 53
    187 131 227 197 233 186 129 185 75 0 48 0 53 0 54 255 255 32 254 0
    54 61 19 255 0 235 14 220 16 139 0 160 85 161 245 204 255 255 103
    171 179 56 5 91 255 110 202 132 80 255 174 0 0 144 0 0 0 0 255 38
    255 0 114 255 0 0 255 30 58 100 0 55 175 255 255 89 248 221 2 206 0
    255 44 127 226 0 255 172 255 101 255 255 210 243 23 0 170 226 0 130
    241 157 255 114 255 0 133 249 243 0 0 78 29 217 0 9 0 255 223 198
    169 107 144 0 170 234 69 15 255 194 190 255 0 61 113 59 249 139 0 42
    30 153 0 0 142 131 255 0 114 23 0 255 0 225 163 0 255 100 198 9 255
    241 0 0 180 255 0 4 112 255 0 51 255 58 0 147 151 122 42 255 0 229
    245 170 45 216 108 71 0 109 0 164 135 76 137 209 207 0 0 255 255 91
    255 171 30 66 4 101 62 208 255 0 0 0 0 0 83 165 115 64 255 190 252 0
    234 101 165 148 0 30 255 0 0 255 0 87 147 75 255 197 255 9 0 126 255
    0 184 229 255 59 255 126 255 173 255 43 172 102 224 201 131 58 248 0
    0 241 179 239 250 3 242 251 212 235 255 173 203 95 232 100 0 0 167
    110 4 0 72 0 255 81 255 96 94 255 138 253 199 255 173 153 255 132
    222 255 178 109 0 94 240 189 255 78 247 109 0 0 107 255 255 234 47
    255 255 255 116 255 70 130 0 3 194 255 0 0 0 0 0 0 208 0 44 0 0 255
    255 255 198 255 108 106 189 238 226 0 0 52 255 159 191 110 189 32 0
    255 0 100 255 255 0 132 215 49 206 61 202 239 24 255 34 155 255 103
    126 3 0 51 25 255 215 0 255 255 255 255 66 187 130 0 120 195 228 0
    53 85 35 147 161 9 0 160 164 255 252 255 183 120 255 43 61 64 168 21
    221 182 93 214 255 216 26 41 0 148 0 45 54 0 0 23 0 174 63 19 0 0 16
    0 16 89 255 0 193 244 255 0 0 242 114 204 0 225 38 255 201 69 0 11 0
    214 0 172 255 255 42 243 0 0 138 16 255 78 0 154 0 106 0 0 255 255
    255 0 129 0 247 84 171 0 226 18 255 192 0 146 255 158 61 0 255 0 255
    66 0 255 49 176 175 0 79 107 87 146 0 38 150 255 45 255 2 0 102 239
    12 148 17 158 146 125 173 236 255 66 255 255 255 58 255 175 0 206 49
    174 0 163 175 0 255 171 245 59 97 255 0 0 8 176 0 218 0 177 0 0 133
    0 174 175 0 0 255 0 0 211 236 250 171 34 0 30 84 206 164 175 199 0
    46 255 255 255 70 116 7 0 0 110 0 217 255 83 154 144 184 255 9 10 97
    60 255 235 253 195 255 134 8 0 0 10 78 182 5 230 255 0 0 0 0 80 114
    206 0 201 0 255 85 198 255 255 248 65 253 128 0 255 255 153 105 255
    169 182 255 0 92 0 255 242 0 187 0 184 250 255 129 3 21 255 234 255
    8 255 49 12 170 51 185 0 255 0 255 255 66 0 146 48 255 255 189 255
    26 255 116 0 0 19 0 0 118 84 139 172 104 99 107 147 142 20 12 59 99
    0 255 122 255 146 0 255 0 194 0 178 178 0 255 99 255 232 0 31 28 168
    90 102 193 185 50 59 101 70 150 121 0 255 190 0 255 255 203 0 78 129
    117 137 90 71 255 170 129 255 162 255 62 222 117 98 0 135 0 181 255
    0 161 42 39 69 9 218 255 0 139 97 255 216 45 255 44 255 151 255 0 82
    91 255 138 110 61 255 255 255 255 77 49 255 39 0 239 0 77 0 115 210
    87 255 255 113 235 118 0 161 80 3 198 10 28 0 255 71 0 255 53 0 119
    0 255 213 255 255 0 255 255 119 0 0 173 255 255 192 156 55 138 252
    166 142 250 125 161 255 220 252 201 0 20 140 229 187 0 23 0 114 255
    255 34 255 255 140 205 95 0 94 0 40 40 0 45 0 57 103 255 0 210 132 0
    206 133 255 255 151 255 159 0 76 133 52 176 184 0 61 255 188 213 255
    255 255 255 38 0 19 119 61 195 0 154 255 255 241 75 214 227 255 26 0
    255 255 7 255 34 255 165 0 232 140 129 21 0 203 0 255 235 107 255
    131 119 255 51 122 185 82 143 0 40 191 130 190 179 149 58 135 97 0
    255 112 185 111 255 22 248 217 0 65 203 0 247 224 169 0 0 255 81 120
    255 249 88 51 4 0 108 11 0 217 140 147 138 62 255 0 174 94 30 67 0
    63 182 137 61 75 157 215 54 255 75 255 0 68 179 0 34 253 56 255 0
    109 115 0 130 29 255 63 28 0 0 0 0 104 0 0 35 207 82 0 255 110 243
    38 255 255 9 240 151 142 151 42 169 255 69 30 255 27 255 78 255 52
    97 255 255 0 252 0 0 0 36 187 0 87 105 79 209 255 40 255 79 255 205
    90 239 107 9 132 185 0 255 145 0 238 245 255 38 255 255 0 0 78 255
    18 0 36 255 152 255 98 185 0 174 242 253 0 227 255 169 82 255 199 0
    250 187 126 0 161 245 119 116 195 0 143 0 80 45 127 169 0 84 236 233
    74 0 255 255 237 255 205 184 5 255 255 0 96 250 255 0 67 250 255 0
    116 0 16 0 182 26 225 136 180 0 0 243 0 230 171 0 0 164 188 110 78
    255 0 0 122 33 4 74 255 27 170 34 0 102 132 193 245 0 177 154 151
    255 0 255 199 0 231 0 255 0 0 57 197 167 96 0 14 201 130 203 0 246
    255 255 75 124 114 87 163 99 202 255 40 207 255 93 48 94 169 255 255
    0 119 151 0 255 172 255 171 255 94 181 0 73 242 223 0 4 37 99 215
    173 234 142 247 41 0 57 203 118 170 213 255 149 36 70 54 0 0 255 42
    0 76 75 255 255 223 0 255 32 202 159 255 78 0 82 0 126 252 255 253
    255 255 238 0 255 84 255 0 151 31 0 255 255 0 37 186 217 204 0 180 0
    255 71 255 0 188 0 0 113 42 39 252 255 166 119 255 255 190 255 255 0
    0 0 80 240 153 0 255 189 255 39 226 131 204 79 46 87 33 249 149 255
    54 0 35 0 186 0 0 51 255 0 93 0 172 66 255 255 5 182 0 47 0 255 0
    250 104 0 93 124 172 85 255 255 7 255 255 74 128 0 117 208 152 255
    85 255 15 114 0 250 95 86 255 0 194 151 243 18 81 222 56 142 255 255
    141 160 87 255 0 54 255 103 61 255 91 243 255 255 123 119 163 2 85
    235 148 91 235 0 0 149 24 0 255 255 32 8 135 182 0 243 255 249 193
    80 58 78 129 8 22 193 0 139 88 143 0 0 51 97 0 0 190 251 255 31 0
    255 0 47 69 27 156 176 199 243 104 240 0 0 227 238 24 255 0 255 234
    0 255 11 255 78 114 82 54 56 211 200 255 199 12 166 0 44 0 255 102
    255 43 137 56 39 0 89 2 0 113 255 115 218 132 255 212 224 12 0 72 79
    9 122 255 0 255 220 3 255 0 124 174 162 3 0 0 18 33 0 17 68 145 177
    255 219 243 89 5 75 255 112 102 38 44 17 240 239 121 255 0 146 0 49
    141 0 88 0 255 112 0 141 177 43 183 200 253 0 1 159 131 0 77 255 255
    43 255 176 0 226 22 156 192 255 254 135 36 255 255 140 211 255 0 137
    67 76 234 247 77 255 235 203 255 107 255 80 85 0 253 11 68 255 56 40
    203 60 85 255 255 1 0 201 33 44 255 255 228 199 255 0 0 190 96 206 0
    0 77 0 212 140 44 0 221 32 45 163 98 102 0 187 213 12 199 208 159
    224 215 255 139 0 255 87 210 0 127 243 0 0 255 62 178 255 0 71 168
    185 74 18 220 88 81 135 0 175 65 255 109 222 154 202 158 255 255 248
    215 255 0 56 166 255 232 162 197 114 255 0 231 51 172 100 166 72 8 0
    255 110 244 222 202 247 51 213 56 29 255 216 66 84 0 38 255 130 147
    161 205 255 255 138 0 89 192 136 54 58 87 66 188 147 38 45 0 252 0
    74 91 255 0 73 255 160 255 255 0 183 20 251 219 228 255 255 0 174 18
    37 33 25 1 0 149 3 0 246 0 255 255 0 255 9 70 32 160 42 0 255 86 232
    65 204 236 122 255 147 72 134 151 133 0 21 213 64 50 184 255 255 255
    137 185 255 216 202 127 0 36 149 255 189 79 255 48 74 63 0 0 198 0 0
    123 0 0 197 80 0 128 252 61 143 136 255 0 255 255 232 255 0 102 0 63
    0 255 234 122 186 172 255 76 132 255 255 11 0 170 24 126 134 171 74
    255 4 239 191 255 1 22 132 0 242 44 65 120 40 194 227 76 42 58 75
    145 243 84 0 0 112 166 174 21 246 3 141 255 10 123 0 52 255 0 106 33
    176 0 255 169 143 200 133 0 255 0 255 248 255 0 224 202 168 180 151
    0 0 0 173 0 255 69 57 237 0 105 255 255 72 0 25 203 0 0 255 0 250
    255 73 255 144 152 255 36 104 238 252 0 96 33 0 238 167 113 41 14
    116 135 177 255 255 166 203 122 103 72 129 51 203 206 0 55 209 255
    151 255 0 64 0 180 0 63 52 27 180 33 82 0 69 210 3 255 165 48 250
    222 237 111 0 255 91 2 0 222 167 229 255 218 112 255 142 236 144 192
    156 108 208 0 255 0 239 0 155 151 222 130 149 255 218 182 14 255 149
    0 255 205 0 255 159 0 69 144 255 54 0 69 0 0 0 255 6 255 228 9 139
    89 61 196 255 176 0 0 0 102 245 0 118 0 56 133 176 242 0 0 55 255 0
    0 201 247 6 246 102 0 255 65 0 14 0 121 126 140 0 0 71 242 189 255
    99 122 255 226 255 0 102 255 137 255 212 178 224 134 55 211 255 0
    167 255 162 74 255 30 67 148 255 0 70 102 223 255 0 255 0 0 255 186
    209 0 255 196 0 84 29 255 255 245 183 0 0 114 219 255 255 93 100 0
    255 252 0 246 168 219 23 193 150 255 114 0 194 255 235 211 46 255
    120 45 77 255 233 141 120 147 165 65 255 52 247 170 0 0 0 74 0 123
    39 128 0 255 255 158 185 195 221 0 0 18 0 0 158 5 189 255 255 212 71
    143 255 0 3 255 255 255 213 66 0 255 255 66 250 221 121 0 255 65 214
    112 255 199 185 239 59 159 255 255 131 0 156 255 186 255 230 236 0
    242 255 11 0 74 10 255 68 255 118 44 53 0 6 44 255 11 222 117 0 85
    99 142 0 0 255 24 20 0 255 0 95 0 69 91 243 255 234 220 255 103 255
    255 249 155 0 0 25 255 0 255 6 189 0 134 255 255 57 38 10 0 255 53
    63 180 7 56 255 141 207 216 255 82 0 245 166 174 101 0 0 202 255 255
    112 235 67 0 0 246 0 215 3 183 234 114 168 59 255 122 255 255 255
    255 0 255 187 0 220 69 0 0 102 114 42 255 255 0 244 246 66 107 255
    146 255 223 255 0 199 205 102 186 33 84 115 65 243 7 255 5 202 255
    117 192 255 82 119 53 123 70 255 172 172 12 93 0 171 0 245 88 250
    207 67 63 103 154 58 3 255 135 147 241 0 9 74 252 179 255 255 17 255
    180 172 0 22 194 18 243 101 205 0 179 0 150 72 0 0 72 0 203 2 15 255
    0 255 166 69 161 217 149 190 176 218 87 255 206 255 255 82 231 0 60
    0 0 202 16 218 65 0 0 0 145 255 0 255 162 187 0 181 188 0 191 255 88
    0 157 219 81 255 242 255 255 217 255 255 225 71 102 0 227 141 156
    255 137 195 255 186 63 255 110 255 54 228 131 138 0 27 190 255 0 154
    255 108 114 255 0 255 255 255 255 205 231 255 255 226 156 104 134 54
    129 42 0 132 216 0 0 89 41 255 0 216 148 163 27 255 255 255 132 99
    255 123 255 69 100 98 255 137 0 205 18 196 3 255 255 24 138 18 212
    228 231 255 255 0 0 171 77 43 228 177 84 1 0 73 0 234 0 53 195 255 0
    255 1 244 52 171 117 0 184 255 236 87 255 164 255 124 239 203 43 21
    61 255 255 188 224 172 255 6 255 255 126 0 23 214 0 58 64 201 228
    245 74 227 255 255 231 203 93 255 255 23 213 246 221 206 120 70 255
    255 238 255 0 131 196 0 0 125 219 0 254 255 126 99 150 177 0 132 119
    0 0 72 238 166 0 0 51 0 0 212 91 64 15 255 37 24 37 255 0 172 72 160
    37 30 22 171 255 48 179 0 195 255 255 35 120 97 0 255 0 255 152 154
    115 242 73 192 187 15 9 17 0 255 0 255 43 50 255 146 150 249 120 158
    215 117 201 233 255 194 255 190 197 155 212 208 15 251 255 255 175
    107 199 119 180 255 255 86 200 236 0 40 187 187 255 0 98 255 91 168
    255 233 129 180 114 97 0 71 255 37 167 133 202 138 6 25 0 139 119
    125 0 244 40 206 255 110 255 255 255 153 121 0 98 0 0 93 0 51 169 55
    193 196 0 112 195 0 253 0 19 135 78 0 23 125 132 251 8 122 205 0 212
    170 206 37 144 25 0 0 124 139 255 11 0 255 241 255 94 0 218 78 96
    229 134 143 43 69 255 152 132 68 248 250 209 255 252 105 163 21 48
    100 230 219 255 172 0 161 0 22 134 0 255 255 220 255 97 0 65 43 0
    137 0 166 0 255 49 83 251 209 36 0 255 57 0 0 219 0 140 255 255 0
    215 227 32 134 62 112 36 122 162 39 0 0 68 96 242 241 0 218 249 125
    255 129 6 98 73 0 255 103 255 98 0 0 142 255 255 255 255 168 142 255
    50 71 82 214 199 111 255 3 14 255 110 254 178 79 178 160 11 229 246
    35 188 215 255 119 104 67 0 255 39 229 2 0 0 6 123 255 12 90 54 253
    130 0 45 15 161 171 232 104 255 32 201 69 190 193 94 230 0 220 140
    136 215 155 156 156 0 255 226 255 255 0 0 131 37 130 0 66 255 198
    255 7 178 206 176 255 0 29 231 90 129 0 255 94 254 120 0 0 190 255 0
    121 255 179 38 89 255 178 14 255 255 0 233 163 59 0 18 132 70 0 55
    160 131 5 154 197 0 89 203 0 138 0 248 0 0 180 24 15 4 154 127 255
    95 90 221 255 0 200 0 255 222 238 255 134 0 106 255 160 112 0 37 6
    120 255 255 64 255 71 255 84 218 132 0 0 161 149 220 255 144 50 66
    109 31 255 31 68 128 134 233 218 93 255 255 174 0 180 214 180 254
    143 0 255 34 109 0 0 39 0 188 0 177 0 226 182 0 41 255 84 68 231 43
    0 222 255 0 86 109 108 51 168 44 131 40 14 253 177 255 164 197 221
    255 124 14 113 211 26 192 66 255 0 227 175 255 217 255 225 137 168
    255 218 20 5 255 0 255 108 164 4 210 57 8 255 67 255 95 32 164 49 0
    255 255 165 0 255 15 14 197 244 0 128 255 192 68 0 252 0 209 192 198
    255 72 0 0 190 0 33 0 14 31 107 189 0 170 35 255 131 23 255 255 95
    255 255 176 0 0 255 80 129 0 239 229 255 181 255 0 92 255 52 58 154
    0 161 26 182 205 174 0 26 4 91 28 86 88 150 103 255 121 68 131 255
    25 38 255 233 158 255 195 198 255 220 141 103 5 191 114 207 225 111
    155 255 118 0 79 108 137 255 254 252 255 189 64 255 150 240 230 191
    142 255 0 0 165 160 150 0 251 171 0 83 227 97 0 208 152 57 250 255
    204 195 132 182 116 155 0 0 22 67 143 100 0 0 8 198 207 255 0 58 69
    235 0 134 237 122 194 255 255 250 44 233 0 108 112 255 113 210 255
    255 39 255 161 241 130 148 144 161 0 45 0 0 191 0 0 165 107 0 255
    255 202 124 0 255 0 218 160 255 44 130 220 255 3 2 167 17 251 0 255
    118 61 90 20 0 158 162 47 182 111 255 101 53 164 225 139 0 143 69 13
    212 98 25 255 0 231 255 81 255 0 11 197 0 57 36 0 119 0 252 46 255
    206 32 255 0 7 187 0 177 0 35 86 90 255 0 0 92 64 0 0 153 166 186
    130 255 111 0 0 255 0 148 64 255 255 119 255 255 109 172 98 7 0 255
    228 245 0 0 0 138 255 183 255 14 76 0 161 0 0 53 114 90 21 0 170 109
    217 0 255 76 255 194 255 106 0 249 1 0 0 0 0 104 176 0 234 0 0 0 0 0
    255 108 255 126 244 123 43 81 255 115 255 255 0 212 194 126 0 32 255
    140 34 9 255 146 223 255 233 255 0 255 88 0 255 136 82 110 0 255 255
    171 255 0 154 0 191 0 255 111 255 255 235 0 103 0 0 255 73 255 242
    13 0 0 0 255 0 60 214 0 255 146 0 27 197 170 255 0 156 0 155 17 255
    197 0 188 17 164 0 66 10 80 0 191 251 238 65 86 229 255 255 0 77 30
    203 167 255 81 215 216 21 71 197 244 192 255 202 30 150 0 74 138 88
    244 255 203 0 149 0 25 0 0 0 255 159 198 29 0 148 255 0 32 0 168 94
    202 233 255 6 161 168 0 131 0 154 190 56 178 255 85 65 180 255 173 0
    193 255 37 0 76 169 255 255 194 250 37 168 109 157 255 202 0 0 138 0
    0 0 233 192 255 249 59 28 36 0 255 95 16 143 88 91 187 145 0 0 63
    195 255 140 183 222 56 204 255 255 255 171 0 82 144 255 38 0 59 232
    95 0 0 255 199 255 254 255 216 16 51 36 253 157 0 98 0 255 0 0 243
    130 243 158 133 0 127 221 0 35 108 200 189 0 46 62 163 210 255 255
    52 201 93 255 251 226 198 123 246 255 0 255 193 227 74 185 255 223 0
    194 0 146 72 74 135 5 255 140 0 0 103 0 179 170 40 234 0 127 64 0 0
    5 231 70 69 255 67 50 255 0 233 93 229 0 72 99 208 101 255 73 175
    208 255 195 55 199 21 0 34 59 185 0 200 237 0 186 255 80 0 94 162
    255 0 105 106 59 255 140 255 0 76 194 225 255 182 23 14 255 10 118
    255 161 211 255 172 183 94 143 255 152 240 106 0 74 212 255 0 232 54
    251 186 255 178 255 113 163 0 255 255 33 56 255 0 255 193 0 0 196
    255 234 0 112 0 140 201 179 153 74 207 98 80 0 138 255 186 167 61 0
    128 223 214 255 0 55 0 146 174 0 21 43 42 239 255 101 170 16 64 95
    255 248 0 236 166 99 255 0 77 21 0 184 235 255 91 142 81 255 129 160
    24 40 255 255 196 0 35 0 0 42 246 0 255 123 221 139 234 201 22 50
    255 83 0 0 255 41 255 169 0 123 255 0 0 22 234 0 131 0 0 198 149 132
    231 169 174 83 59 209 100 255 0 169 255 0 0 184 9 225 0 242 255 75
    10 0 97 137 173 255 180 255 45 196 15 227 118 178 127 0 255 255 68
    33 74 174 102 0 97 255 210 67 90 255 54 244 223 0 49 39 92 255 126 0
    53 139 148 127 0 244 239 255 0 96 0 0 255 57 197 74 40 0 255 0 60
    140 186 236 134 158 255 255 165 255 0 255 144 51 0 255 133 239 255
    78 122 156 210 17 211 219 0 169 180 8 178 255 215 232 1 39 192 255
    149 204 255 0 18 0 98 255 0 255 189 219 11 255 255 0 234 23 186 0 81
    96 70 130 5 241 255 0 0 81 159 0 0 0 121 255 175 0 0 255 180 73 0 0
    77 22 255 210 0 255 204 57 166 254 255 255 77 153 0 148 200 247 236
    204 255 255 0 98 165 0 78 68 0 255 149 255 99 0 0 66 40 255 0 255
    195 0 0 0 119 190 116 71 217 0 223 0 63 233 248 255 0 152 224 95 255
    17 0 255 144 255 17 27 5 215 214 174 199 255 164 185 118 38 255 178
    99 255 197 20 90 163 0 0 9 0 0 186 122 30 187 111 0 181 127 151 231
    255 0 0 0 39 67 53 0 246 110 8 144 47 255 170 255 255 227 65 255 255
    0 28 255 210 57 255 251 81 210 243 45 205 0 92 193 0 159 232 168 242
    119 220 255 255 255 224 248 239 0 240 4 255 4 210 181 84 0 9 0 90 49
    255 192 201 0 217 192 178 0 59 255 0 253 7 0 252 173 0 0 255 32 215
    213 222 0 132 13 242 255 226 114 212 0 208 43 14 4 0 255 0 255 216 0
    210 0 0 70 0 88 208 255 0 79 198 157 255 255 0 255 231 0 113 0 11 90
    0 172 0 255 255 171 255 255 28 255 0 0 79 255 19 238 94 113 191 54
    101 114 0 0 248 0 185 103 117 250 0 255 255 180 55 54 32 31 172 0
    255 225 9 188 0 255 0 89 53 85 232 0 0 255 51 173 128 255 134 224
    255 255 255 255 255 255 0 0 50 0 247 255 249 0 255 13 0 235 10 115
    255 178 125 51 16 0 145 255 176 239 44 6 71 236 65 214 212 37 0 144
    57 83 187 104 255 255 0 44 19 0 167 148 0 93 26 236 99 231 255 0 224
    255 9 15 0 153 227 13 235 206 160 255 202 57 151 0 93 60 131 0 211
    159 165 77 159 255 255 0 188 215 240 204 217 255 175 140 86 0 88 54
    255 24 47 45 0 0 194 227 0 63 8 0 255 0 0 225 0 255 249 0 63 142 13
    0 75 255 57 34 83 0 242 102 0 115 19 255 128 8 255 22 243 106 0 0 9
    156 76 83 255 118 193 159 201 29 255 137 138 221 255 165 255 112 255
    255 1 228 243 172 131 0 112 103 130 112 255 75 5 0 130 150 255 6 255
    181 179 255 0 76 127 0 74 128 0 200 0 191 0 255 255 41 235 235 141 0
    0 255 233 65 0 255 151 0 84 234 191 0 255 255 68 255 12 81 0 7 255
    111 168 92 53 37 134 255 0 132 255 113 255 255 75 6 255 129 243 19
    255 118 0 255 147 0 119 0 60 67 49 255 117 255 177 0 0 203 0 95 42 0
    98 148 255 255 220 182 224 62 72 4 0 35 0 109 0 175 38 165 204 66
    159 137 0 11 195 0 199 178 36 255 0 89 7 66 240 0 0 237 30 211 0 93
    92 199 90 255 249 45 163 255 34 150 255 255 235 148 255 0 150 4 219
    218 7 255 92 0 122 48 255 252 180 176 80 0 246 26 199 248 0 95 255
    255 251 199 51 255 254 132 42 64 185 0 0 0 138 202 77 255 128 145
    255 76 251 0 68 255 0 212 180 0 139 20 91 221 80 41 92 147 255 123
    255 255 51 0 253 171 255 0 0 24 17 1 179 21 0 154 228 229 109 201
    102 201 21 63 59 209 124 255 182 75 40 255 0 143 133 251 29 166 240
    235 94 150 212 255 153 135 187 176 255 0 255 134 168 178 20 178 17
    113 255 255 31 255 183 188 101 0 172 114 3 180 120 255 121 255 156
    255 158 255 59 167 145 5 75 255 200 114 255 196 11 0 254 117 255 28
    255 96 192 244 105 203 12 231 235 251 255 29 0 255 3 114 70 255 255
    62 0 255 49 231 0 200 255 2 59 64 18 255 166 233 19 255 219 0 140
    199 255 221 120 255 5 0 255 232 84 101 226 140 190 0 0 242 0 170 0 0
    1 0 49 66 0 255 65 255 60 0 169 140 0 122 0 0 255 224 77 82 216 80
    191 79 85 0 89 229 0 0 255 55 240 227 209 198 255 95 37 64 0 74 0 53
    0 235 98 102 167 194 255 192 0 233 212 255 50 255 255 178 194 255
    255 0 255 0 39 70 0 198 0 216 255 103 255 244 75 71 123 211 0 255 64
    0 66 224 255 255 110 247 0 240 0 0 75 0 187 164 159 0 153 27 0 229
    221 255 210 255 255 255 133 185 50 229 0 0 255 54 130 255 16 168 127
    186 0 0 0 172 172 98 171 14 31 136 254 108 255 88 83 56 255 83 255
    255 255 0 15 0 255 24 49 255 0 103 255 0 56 17 255 249 158 0 255 99
    255 39 175 255 69 217 0 0 0 255 192 255 255 96 195 0 45 97 0 255 159
    255 214 255 253 124 57 63 234 4 88 87 0 116 121 255 255 255 255 161
    8 255 255 81 255 192 57 142 0 228 13 114 0 245 19 0 0 203 73 0 0 255
    197 98 66 20 255 42 0 248 204 129 84 126 237 247 32 13 255 9 135 0 0
    207 77 0 0 33 96 105 36 10 243 255 84 90 255 19 38 87 77 255 72 255
    255 255 0 35 176 255 112 0 255 0 0 170 21 110 255 0 221 128 0 0 108
    255 201 255 67 221 145 250 0 255 54 40 67 15 83 162 29 0 123 164 18
    7 34 220 205 0 255 180 83 220 33 101 0 124 255 0 255 0 168 163 92
    237 89 136 0 111 29 12 255 245 179 87 187 7 0 0 153 151 245 255 255
    58 255 122 255 190 112 0 0 137 119 254 255 76 0 204 255 110 255 232
    0 255 31 234 224 253 251 255 236 201 255 0 0 120 0 2 0 230 0 64 0 5
    17 23 0 255 207 129 173 255 255 0 255 163 212 21 0 38 68 205 210 49
    99 54 207 0 247 0 255 255 255 166 0 255 46 129 141 255 246 255 255 0
    0 0 0 218 255 153 10 255 228 0 46 158 0 0 3 232 255 255 66 234 187
    171 0 0 86 255 0 0 50 237 200 3 137 186 255 37 255 192 84 26 108 99
    16 252 255 7 0 143 21 255 0 22 223 116 255 0 16 255 124 109 20 211
    172 28 0 236 80 0 255 0 161 255 191 0 0 255 32 72 122 235 0 34 241
    65 17 0 255 192 0 64 213 76 42 160 212 180 0 255 165 255 255 116 255
    255 50 52 176 255 184 140 110 255 209 0 166 0 0 255 255 159 51 255
    255 4 130 0 170 29 105 205 71 128 255 58 255 85 10 240 185 255 122
    142 255 0 0 96 0 172 0 0 229 220 48 255 154 104 119 0 20 95 30 157 1
    186 255 224 255 88 106 0 204 121 51 127 184 0 124 0 10 248 49 70 144
    123 192 226 114 143 219 64 32 255 89 91 255 253 147 25 23 52 255 255
    22 44 59 246 0 49 22 186 13 0 205 100 232 47 255 255 255 135 103 0 6
    8 66 121 160 112 133 212 62 0 65 154 255 153 255 149 245 0 255 41
    191 255 233 255 103 54 44 25 154 3 255 0 0 255 76 249 8 168 40 242
    249 0 93 221 255 225 255 0 14 0 69 247 255 255 235 132 238 255 131
    34 199 245 142 255 255 255 240 53 0 255 34 80 94 243 6 0 44 255 0 79
    97 255 250 0 119 18 188 88 95 123 230 43 74 0 255 255 250 98 0 129
    255 0 124 0 205 255 127 98 255 210 43 0 133 255 255 24 48 255 241
    114 157 196 0 0 0 60 171 80 199 29 69 143 51 70 177 0 213 0 174 95
    115 255 255 253 142 113 180 75 0 255 255 59 251 255 255 232 19 154 0
    245 76 171 255 0 0 64 74 65 0 65 0 86 89 40 255 0 17 14 255 246 18
    166 146 0 255 205 0 190 234 201 43 0 255 93 0 194 255 255 0 0 0 57
    255 111 255 189 173 0 0 186 96 98 0 195 200 255 255 82 0 69 16 255 0
    168 132 132 255 255 255 255 133 108 0 77 255 0 208 231 205 60 131
    140 0 35 248 187 0 255 255 101 17 0 165 0 29 16 91 255 0 255 128 99
    0 77 243 255 236 121 70 255 227 194 142 245 28 0 81 142 150 0 30 127
    243 120 0 63 87 84 255 0 203 36 0 162 0 255 255 66 124 247 0 255 255
    0 92 202 218 255 255 188 0 188 255 247 14 24 255 255 255 121 255 215
    0 237 62 0 0 64 128 0 181 187 0 0 203 0 72 0 246 0 255 246 241 85
    242 128 132 86 255 255 255 255 221 95 127 0 0 48 241 0 12 120 152 26
    136 93 0 255 0 0 255 124 255 62 255 0 124 9 210 153 255 0 0 255 255
    0 42 211 255 131 81 187 137 169 27 0 221 191 160 200 255 0 138 117
    15 186 0 165 0 0 255 8 186 101 196 255 0 165 255 255 122 255 152 17
    27 45 51 13 0 5 255 230 84 41 71 0 0 0 152 77 96 0 229 34 136 53 50
    33 255 255 154 254 255 0 28 93 255 0 102 216 17 181 182 208 204 51
    255 158 255 255 187 0 210 0 70 221 185 1 187 0 29 28 0 255 131 51 4
    0 55 255 0 10 167 35 212 84 0 122 208 0 255 0 95 255 115 22 255 124
    255 45 82 0 255 136 77 223 255 202 104 153 0 1 255 255 139 189 0 255
    0 42 255 0 131 79 159 232 115 99 0 180 255 194 94 237 17 143 250 64
    219 23 111 23 0 227 5 127 112 0 0 78 91 0 37 126 255 255 127 155 255
    255 19 255 0 255 255 214 23 76 227 214 139 55 163 208 116 11 9 0 25
    0 255 254 255 8 243 184 0 215 91 248 255 0 0 255 225 169 238 85 34
    255 146 98 177 12 120 255 255 90 250 0 8 113 0 92 72 168 110 255 189
    0 32 99 0 0 52 26 0 0 255 255 185 218 0 194 113 177 0 133 255 186 60
    255 207 103 199 92 255 0 108 255 34 255 0 68 0 0 38 196 0 255 81 87
    249 74 159 127 255 171 201 255 159 91 236 89 0 251 167 147 182 0 255
    0 228 0 98 255 250 157 0 37 255 236 57 117 0 0 54 117 216 69 255 135
    220 228 236 255 239 0 117 55 0 150 255 139 49 168 13 122 157 255 0 0
    34 216 222 255 35 16 255 251 255 255 244 244 205 0 255 102 92 221 44
    200 200 17 47 0 0 42 255 255 255 21 255 255 255 0 188 0 0 255 176 0
    255 176 202 245 138 254 70 106 31 0 255 183 0 207 87 71 0 0 255 0
    236 45 165 255 17 255 0 25 137 255 255 105 88 24 198 145 105 255 55
    255 0 255 100 255 242 91 111 195 255 33 68 152 255 164 0 0 255 251
    65 3 181 102 41 255 255 233 206 255 80 46 105 133 102 119 243 194
    251 0 255 0 0 255 23 245 255 55 126 31 89 19 255 0 255 255 170 0 97
    255 14 0 65 255 92 255 0 39 38 171 0 104 16 255 255 32 255 224 81
    193 0 39 198 46 222 255 12 97 63 255 138 253 140 109 255 140 232 42
    228 255 255 96 0 185 26 188 255 188 255 33 0 255 8 0 100 145 0 155
    255 180 238 231 255 108 215 121 0 229 255 56 0 44 255 255 192 0 255
    0 197 255 0 248 172 255 0 0 255 254 255 62 62 43 152 133 93 255 0 99
    65 82 149 98 19 0 155 147 255 48 15 0 68 255 160 133 255 255 255 70
    0 153 70 0 0 120 69 255 0 127 159 194 104 30 252 0 140 212 23 69 209
    255 124 62 0 39 50 216 240 255 146 73 166 20 211 30 230 80 70 40 15
    116 100 0 0 220 11 23 95 255 99 3 108 20 88 255 13 161 255 0 0 18
    255 186 224 6 119 255 150 244 39 0 255 0 134 191 14 0 254 255 0 246
    159 103 218 80 0 190 188 0 43 0 255 173 169 132 255 30 252 255 0 148
    142 186 255 88 0 173 0 255 0 255 255 118 0 129 116 135 0 246 90 71
    211 0 73 217 233 255 203 21 255 0 147 255 194 110 97 90 49 194 70 96
    255 4 128 216 60 39 164 195 202 255 47 0 131 165 208 0 209 255 255 0
    176 97 140 255 255 255 114 156 199 219 88 207 255 0 108 0 156 238
    184 255 72 16 126 242 0 130 109 255 255 39 255 198 51 157 46 216 188
    0 119 255 46 96 186 255 0 238 0 132 0 129 255 255 255 65 0 215 0 181
    0 0 223 203 112 109 0 0 9 166 255 255 219 0 255 34 140 104 218 155
    174 193 146 204 29 255 79 0 231 207 40 0 0 56 0 43 103 255 255 14
    255 255 48 0 161 0 68 255 77 27 86 186 40 255 185 255 56 0 41 255
    129 42 0 167 255 255 41 202 14 255 175 249 255 186 16 93 240 182 54
    20 191 243 0 0 219 0 0 0 255 0 29 255 192 230 23 218 255 0 0 101 141
    0 0 198 221 10 255 0 255 49 0 64 196 134 1 13 0 216 131 255 0 198 0
    153 94 99 110 50 255 0 174 40 233 210 42 255 0 0 255 0 228 0 147 255
    156 255 8 255 138 77 255 0 21 184 156 255 255 255 141 140 114 18 186
    0 255 255 204 0 0 30 255 255 115 0 38 79 116 145 56 255 0 157 250 38
    0 79 239 0 255 194 255 138 245 255 255 153 0 72 0 20 45 77 26 155 85
    105 54 9 255 0 182 91 255 43 98 207 130 255 255 255 241 121 249 255
    0 238 0 0 181 255 0 255 0 204 255 255 232 35 85 113 219 66 122 255 0
    125 255 255 132 73 98 159 207 15 255 6 129 255 0 0 144 255 0 32 255
    154 0 124 0 81 170 0 109 0 182 76 159 255 163 170 229 230 255 0 79
    255 73 125 255 90 136 82 255 0 0 214 0 235 175 45 255 194 60 8 114
    64 24 255 178 255 211 206 226 119 0 85 125 0 142 253 220 205 158 167
    96 130 28 0 0 192 255 0 184 0 150 87 116 0 0 76 255 0 248 130 8 255
    255 63 42 0 65 255 0 255 0 146 255 226 179 255 119 255 255 0 10 91
    20 50 180 117 41 255 67 195 255 78 240 234 118 252 0 0 102 0 255 233
    255 243 0 117 191 0 226 128 255 11 151 0 194 3 255 0 0 43 0 255 84
    68 84 167 3 28 181 178 6 255 19 26 79 210 254 69 18 226 70 111 255
    13 208 255 249 0 255 190 99 69 0 228 179 96 31 220 0 31 255 238 167
    255 255 44 144 255 68 25 229 243 184 0 44 165 172 133 150 0 11 231 0
    110 235 19 13 255 255 0 33 255 77 59 127 228 177 211 255 0 0 162 45
    29 0 255 191 62 255 149 90 106 50 255 210 0 26 228 186 134 62 217
    177 255 255 73 255 40 255 250 32 0 149 255 243 255 139 242 199 0 240
    76 177 245 255 71 0 104 227 24 0 208 84 184 236 0 117 190 0 206 0
    194 106 85 0 0 134 255 130 173 110 157 255 29 230 144 0 17 0 255 0
    255 255 236 255 255 75 0 198 255 135 130 163 144 255 248 249 245 110
    0 6 69 146 122 94 98 255 89 0 32 0 255 255 0 0 179 98 255 255 0 160
    246 229 63 0 63 0 0 0 148 0 21 95 135 0 253 218 165 184 0 0 255 104
    186 255 255 0 58 255 255 255 51 96 190 0 60 0 123 1 22 61 14 8 174
    238 4 255 201 0 72 200 150 0 104 255 255 0 226 0 0 233 0 4 168 114
    74 46 255 10 161 221 225 10 5 0 0 255 0 255 255 202 255 255 0 255 98
    255 255 0 255 141 32 255 71 0 255 0 0 247 0 0 150 255 144 255 112 40
    0 141 0 84 255 6 255 228 149 255 142 236 0 255 0 172 255 6 255 148
    255 0 255 98 87 255 141 210 0 0 87 151 12 0 115 35 71 66 208 92 228
    167 255 255 149 92 14 0 60 177 255 145 209 89 1 57 111 255 255 255
    70 255 0 14 255 170 0 0 36 0 26 248 255 255 244 255 243 0 255 0 61
    255 17 219 111 143 0 194 232 29 9 255 0 255 0 0 66 189 133 255 197
    215 15 120 100 0 8 74 255 144 0 64 33 226 0 230 147 0 185 131 0 34
    33 72 114 46 255 0 0 255 78 74 222 158 53 0 0 8 157 242 113 151 110
    152 219 242 159 49 209 73 0 255 155 255 123 19 96 127 47 132 162 100
    62 255 120 129 96 8 97 255 87 147 15 0 0 161 255 255 122 203 4 242
    34 55 127 91 0 255 0 200 15 0 218 0 162 88 135 255 8 255 77 187 255
    255 2 0 146 11 0 137 252 109 22 255 103 255 115 203 103 112 170 255
    15 72 78 0 64 235 0 255 220 116 40 158 255 0 255 28 4 255 210 74 210
    255 0 76 0 103 16 0 244 202 0 89 174 0 91 72 76 68 255 137 255 255
    18 212 8 0 255 34 160 113 59 255 169 251 255 0 248 238 0 115 63 22 0
    255 248 95 255 31 57 0 162 28 0 10 181 89 89 218 209 0 0 255 201 0
    182 69 0 255 63 94 251 168 140 175 36 255 186 0 255 248 0 149 155
    255 200 181 0 255 220 115 202 255 0 255 208 255 56 86 255 232 0 251
    42 0 0 80 0 214 0 207 101 87 255 45 247 188 148 0 0 220 118 120 188
    97 215 53 242 207 80 98 251 0 233 160 161 212 148 179 204 255 0 61
    191 148 131 255 0 151 0 224 0 255 255 22 194 194 39 255 126 255 214
    219 0 255 85 21 251 182 210 192 177 0 0 255 214 104 0 112 0 106 0
    255 0 0 25 163 255 52 85 180 203 81 255 255 42 178 196 162 68 255 33
    129 177 0 67 7 0 0 255 255 204 0 66 51 7 134 78 188 138 81 124 208 0
    35 50 39 47 76 250 138 230 0 0 236 24 180 24 213 255 0 28 0 217 168
    255 0 255 0 0 0 217 190 0 74 70 95 15 255 143 0 119 32 202 255 47
    162 203 255 161 0 32 150 209 145 0 150 116 64 204 175 0 0 26 0 0 255
    254 22 14 255 249 247 3 30 1 116 236 0 0 41 52 26 255 188 165 255
    255 42 200 90 115 116 0 112 157 0 100 26 20 255 37 0 255 179 146 253
    0 31 21 255 0 0 150 245 62 255 198 0 255 255 228 93 68 255 0 0 255 0
    203 80 87 58 255 242 0 138 143 66 237 189 0 168 218 2 69 53 103 134
    255 163 38 222 111 0 0 139 0 0 195 111 190 140 164 162 153 1 0 222
    26 198 21 246 193 199 6 71 193 47 104 48 130 255 146 0 139 67 10 246
    23 170 119 83 0 0 207 255 255 174 12 24 224 8 119 7 96 0 162 0 255
    189 0 0 33 255 0 116 218 161 114 13 236 126 102 183 250 140 0 60 255
    66 118 0 185 108 118 145 240 255 93 101 147 143 227 151 236 233 87
    91 255 0 0 255 0 249 255 113 255 22 255 223 255 255 255 222 236 123
    255 255 255 36 5 255 129 109 255 7 255 0 0 75 221 3 255 198 255 228
    141 255 201 192 0 255 64 80 22 32 169 0 151 255 0 218 23 144 2 3 232
    0 0 255 0 0 255 124 255 248 0 255 255 112 124 212 154 238 66 0 66
    121 132 184 186 159 246 200 255 70 92 195 174 42 167 0 60 255 245 1
    71 182 0 252 117 255 128 124 255 207 27 255 0 205 255 0 0 60 0 255 0
    0 111 0 255 51 0 151 202 210 0 0 255 0 0 255 255 198 105 79 236 0
    149 221 247 134 255 16 255 156 40 177 114 170 0 229 0 192 0 22 122 6
    170 70 90 255 105 139 13 86 5 18 99 202 134 50 53 134 255 64 255 183
    255 221 255 90 76 50 0 20 2 255 111 255 100 250 0 92 255 30 6 255 49
    255 156 96 255 0 14 106 17 60 0 84 146 255 138 53 92 255 0 47 135
    139 56 78 195 108 255 0 0 96 233 207 0 40 0 148 67 13 0 23 1 255 176
    180 42 21 255 160 139 77 0 255 0 80 208 230 176 0 58 76 0 138 216
    219 241 255 0 255 255 0 149 0 42 255 118 231 211 0 0 135 0 25 0 0 0
    46 250 255 2 76 255 144 189 72 174 36 133 154 30 0 143 48 32 0 142
    13 255 251 237 78 159 255 176 80 86 133 0 0 0 56 147 255 255 255 0 0
    33 164 37 255 40 234 0 0 172 68 116 98 94 255 212 68 216 255 126 7
    99 29 176 96 255 166 32 144 115 125 49 199 0 138 229 138 33 165 212
    115 85 183 28 0 255 150 152 42 0 131 124 133 7 5 156 57 219 168 111
    0 73 217 0 0 255 25 89 255 68 116 76 143 0 112 236 255 0 164 89 181
    0 0 87 215 88 90 195 4 255 0 55 42 140 0 255 255 48 255 149 255 195
    119 255 26 26 147 255 0 255 147 135 43 0 42 0 131 0 255 4 70 128 255
    255 19 255 0 4 250 234 132 255 35 23 108 240 42 255 181 255 255 0 82
    255 247 115 251 255 255 255 52 63 215 22 255 0 142 236 63 31 255 255
    208 94 0 118 87 0 225 18 68 255 209 66 36 104 153 157 0 0 0 245 163
    0 40 2 62 17 255 185 255 148 222 60 242 170 255 0 0 255 194 168 255
    0 101 149 0 201 47 255 48 255 0 255 245 116 222 12 106 49 224 175
    254 22 0 0 124 117 94 255 211 252 152 55 190 49 255 181 0 61 255 173
    33 97 34 111 0 105 29 37 186 0 255 255 156 65 0 168 0 0 184 226 199
    88 29 38 122 0 237 167 75 126 229 255 53 0 59 172 0 0 8 0 0 79 61
    255 255 113 101 255 171 119 255 255 0 0 0 28 0 0 188 53 255 0 0 116
    188 0 0 255 146 221 0 143 70 0 252 138 206 172 255 251 116 255 255
    255 155 239 255 51 211 149 255 131 83 0 231 0 0 0 35 62 133 0 29 56
    0 60 255 0 35 239 25 154 21 255 88 0 255 32 255 197 255 128 187 62
    78 0 10 0 255 243 41 250 210 220 63 0 12 127 255 255 161 223 255 97
    101 226 172 35 178 255 90 137 149 18 93 255 203 0 232 255 112 248
    204 240 117 0 37 174 40 241 232 255 0 0 252 255 74 87 76 217 141 0
    60 119 0 255 212 55 0 0 208 255 255 135 144 216 255 34 97 252 255 0
    90 227 0 0 239 129 255 187 93 89 255 253 0 106 235 1 131 255 196 193
    198 211 255 0 218 0 0 220 205 65 255 255 171 177 128 113 169 156 255
    0 218 117 177 143 218 13 116 3 247 211 84 0 255 42 153 239 255 135
    35 82 0 191 255 235 180 65 28 33 143 103 255 205 190 255 174 106 236
    3 0 255 255 51 208 255 13 0 0 246 56 111 255 97 194 255 5 0 112 226
    0 168 255 192 96 0 197 190 255 255 71 0 254 239 131 255 255 116 211
    239 224 78 145 186 99 0 194 57 255 0 31 0 138 0 23 93 88 122 255 138
    124 180 194 0 0 195 255 0 103 52 23 228 103 0 255 164 77 0 230 40
    196 255 187 36 194 23 105 206 109 255 63 255 232 131 97 255 20 0 184
    71 142 19 0 0 187 8 84 255 41 234 60 0 56 32 0 255 100 174 201 255
    255 251 39 0 169 227 0 254 9 16 17 214 255 128 255 168 255 255 223 0
    160 235 54 3 213 110 194 207 255 9 50 7 255 122 0 41 255 231 9 255
    255 0 124 161 95 255 144 255 223 0 0 0 71 61 255 152 89 255 139 69
    14 159 152 0 10 0 0 255 0 94 179 0 0 196 0 0 0 101 241 186 231 50
    223 97 129 28 61 255 255 47 193 121 0 242 176 198 8 146 255 154 255
    211 255 64 65 221 169 89 255 120 131 203 255 31 83 86 255 255 0 255
    105 0 72 184 157 0 164 26 227 255 255 255 12 222 0 255 98 255 255
    130 255 0 214 7 0 18 21 232 99 255 255 12 47 0 255 214 106 0 16 253
    255 255 0 255 61 100 0 69 130 0 255 92 255 220 143 0 192 83 0 178
    255 136 20 52 14 18 84 181 128 182 166 255 206 47 219 0 68 219 40 0
    166 0 0 63 67 0 78 255 255 94 188 111 151 166 215 196 255 156 255
    245 0 203 38 56 252 209 234 146 20 255 0 166 95 71 255 167 72 112 6
    120 75 84 67 0 50 0 156 224 38 0 255 32 63 138 255 0 194 255 0 255
    255 78 54 0 250 33 33 39 97 0 255 198 255 172 18 255 0 114 153 255
    255 20 52 0 0 0 255 125 40 0 80 255 255 255 151 255 255 222 198 255
    199 73 90 255 153 0 196 248 29 255 255 114 143 0 0 135 255 163 41
    210 0 167 0 38 211 37 76 255 255 106 143 204 0 99 0 0 181 16 0 0 255
    0 43 255 0 0 118 40 66 203 12 169 0 0 255 255 255 52 46 171 15 163
    92 38 137 0 210 67 163 255 0 0 184 0 96 193 149 140 215 0 243 0 153
    28 0 106 190 255 255 166 164 163 255 0 140 91 19 0 13 211 198 124 48
    190 87 255 195 255 0 6 75 0 60 255 47 250 255 255 5 0 204 215 77 0 0
    153 255 59 80 85 252 117 165 93 255 255 224 255 255 255 18 52 164 94
    255 129 175 0 163 70 212 155 144 255 159 160 255 145 0 209 242 0 18
    159 220 45 0 61 0 6 68 255 255 0 255 121 241 159 255 228 43 255 56 0
    0 164 0 129 171 115 0 240 255 0 226 0 102 161 10 39 0 255 132 40 0 0
    255 167 198 51 62 16 191 177 156 218 255 0 0 72 93 0 70 255 255 217
    142 186 91 128 255 103 163 177 158 104 175 255 230 59 177 0 211 235
    239 0 182 235 123 6 255 218 85 234 152 193 176 255 141 252 175 255
    255 255 218 255 170 249 163 131 253 255 0 42 106 159 149 229 255 67
    255 232 209 111 15 255 0 191 255 20 235 93 92 255 29 0 255 0 0 102
    16 23 212 131 242 174 19 176 0 218 255 174 129 238 255 25 100 194
    255 185 52 13 162 46 0 189 238 0 0 79 0 72 152 220 0 218 0 215 59
    100 255 179 255 0 255 220 0 250 99 6 255 255 0 162 2 0 255 0 255 205
    129 98 0 114 0 126 57 214 0 27 74 240 0 156 15 176 0 19 255 0 65 241
    255 0 255 0 42 31 122 136 229 195 51 255 255 255 61 80 244 0 123 229
    0 255 255 229 173 170 255 80 229 255 135 0 255 33 211 0 255 255 87
    255 0 21 99 14 43 0 0 154 101 0 255 255 122 255 255 113 6 255 198
    255 156 0 0 255 230 37 255 129 255 0 42 0 254 89 221 212 255 180 255
    0 129 250 0 0 235 255 39 251 0 44 203 194 234 255 0 247 0 69 27 249
    40 0 214 255 92 121 27 255 0 176 255 97 0 228 34 36 1 79 132 102 0 0
    185 13 156 55 58 0 0 255 255 234 0 45 90 119 254 237 0 255 255 46
    255 100 255 31 243 255 255 40 10 118 245 13 0 0 237 211 49 25 179
    128 0 255 190 152 110 138 215 0 232 161 61 158 94 209 183 191 3 204
    141 217 141 103 149 18 255 92 36 113 110 0 255 177 156 111 36 123
    123 255 255 61 53 62 115 0 226 0 54 41 0 171 157 255 102 134 255 39
    49 246 0 0 53 255 255 17 255 229 10 21 0 22 50 255 198 67 0 73 112
    107 255 171 234 0 0 180 0 216 255 255 72 0 213 233 0 133 255 255 255
    104 255 255 147 108 180 255 143 255 255 0 125 52 0 208 53 5 107 79
    56 149 119 203 141 0 255 166 149 122 0 167 21 215 255 84 255 125 255
    97 215 112 0 0 248 255 0 146 0 232 0 5 251 180 235 0 0 101 0 0 0 255
    118 214 238 0 0 226 0 214 25 78 180 255 143 187 63 0 87 182 255 233
    255 215 109 23 54 255 0 0 3 255 253 15 253 255 90 31 239 0 0 248 9
    218 155 0 37 255 6 0 220 0 0 119 151 0 149 83 8 0 79 255 0 255 255
    78 180 94 190 0 75 29 0 129 169 110 0 219 136 143 255 19 223 17 255
    32 0 0 2 88 69 233 153 0 244 197 124 169 201 139 108 185 84 255 105
    241 212 185 176 255 128 230 255 164 0 255 126 153 0 130 255 0 43 255
    190 0 0 255 62 66 80 144 0 27 255 224 176 174 255 255 0 35 113 72
    129 238 65 255 231 30 255 238 42 78 148 0 78 140 172 7 12 53 202 0
    24 154 178 65 154 46 133 98 178 0 0 255 127 0 0 120 172 170 156 68
    192 255 255 4 57 255 96 56 240 213 255 0 0 62 255 110 0 184 57 146
    123 83 214 55 24 182 82 179 255 255 32 163 255 0 236 255 218 182 73
    0 187 255 0 131 0 255 9 77 6 200 191 233 50 145 188 37 255 79 255 0
    0 0 3 85 0 13 84 28 151 163 200 4 0 20 7 234 170 76 255 0 182 66 0
    223 0 255 170 255 182 199 179 81 255 220 195 127 255 41 255 205 255
    12 0 208 86 255 0 18 96 225 65 122 231 39 237 238 255 255 237 175 0
    255 255 68 55 241 160 217 255 255 243 0 9 22 48 52 161 52 0 136 138
    104 5 255 42 160 181 0 255 168 113 255 237 189 255 230 0 0 0 230 75
    64 209 255 122 192 255 78 0 88 188 0 149 216 255 128 0 255 226 108 0
    69 195 0 103 133 190 16 229 28 6 243 226 11 247 97 221 255 239 0 0
    255 246 8 60 222 172 0 85 116 255 255 255 0 168 239 38 232 1 0 255
    255 71 109 255 69 27 101 217 0 96 255 87 152 18 194 174 105 105 111
    127 3 0 183 95 72 51 137 210 55 35 69 255 255 120 8 142 67 65 0 255
    245 255 79 0 111 213 0 0 195 0 1 238 53 255 57 233 255 134 54 2 141
    97 55 0 0 0 67 156 197 205 165 255 255 126 131 93 70 41 31 206 0 61
    255 0 157 193 0 199 125 21 84 61 255 0 89 237 0 0 0 255 24 147 0 225
    255 26 223 0 222 220 234 85 0 28 0 86 80 255 255 255 255 255 143 57
    196 108 209 0 220 234 255 58 111 16 60 89 255 144 237 0 0 10 7 198 0
    0 0 61 255 0 207 253 0 232 255 57 75 131 93 82 100 0 255 255 73 43
    104 255 113 170 255 255 47 142 196 255 139 222 0 92 255 253 129 92
    180 113 0 17 28 0 0 117 255 255 101 134 255 198 167 0 255 0 0 76 112
    0 160 219 225 255 156 77 102 255 223 125 108 255 142 0 255 86 0 0
    115 255 255 100 0 222 120 255 74 13 83 49 202 99 120 233 196 154 82
    0 0 255 201 255 234 7 255 255 144 11 145 219 77 0 255 198 0 255 161
    117 236 48 0 125 50 79 176 126 180 166 98 70 255 158 0 255 255 26 0
    39 253 222 203 14 255 248 136 255 216 255 253 160 255 147 193 0 0
    255 0 255 28 52 255 160 0 255 0 49 221 42 255 42 255 255 154 249 255
    202 44 0 0 0 35 206 52 255 12 130 134 100 0 62 249 0 255 255 166 255
    0 0 208 74 0 186 200 205 0 236 158 109 0 0 6 255 0 63 170 0 226 255
    255 255 108 222 255 64 154 222 249 255 255 95 255 80 64 255 114 98
    173 37 84 126 106 253 0 0 206 174 255 182 179 255 52 0 43 255 28 163
    0 0 166 0 255 255 0 255 255 45 255 0 233 242 255 130 0 30 239 255
    132 136 255 248 216 0 22 0 183 16 152 255 199 98 0 1 0 0 219 255 255
    0 108 156 185 179 253 0 123 177 0 18 36 240 253 161 255 255 116 255
    0 255 184 37 255 250 249 255 127 14 200 68 37 217 0 0 194 146 255 84
    104 0 255 0 255 255 209 0 63 255 244 197 0 21 79 87 255 255 0 255
    145 255 151 105 208 0 180 38 82 255 255 255 5 107 180 0 0 0 141 88
    255 0 255 161 208 78 0 255 206 194 223 255 29 0 235 87 157 188 255 0
    255 188 66 173 255 14 117 255 0 0 215 255 36 178 131 0 0 255 242 48
    202 89 9 7 195 29 42 38 0 36 48 230 0 0 255 235 255 255 255 0 255
    255 185 178 201 0 119 165 137 17 255 34 159 0 107 18 150 255 185 0
    106 143 107 86 230 255 0 196 255 224 255 255 94 57 35 138 255 0 225
    186 0 0 181 251 253 238 227 148 231 56 143 15 244 255 255 105 44 80
    213 161 240 255 255 255 0 22 64 0 0 170 38 255 255 166 0 175 56 0
    106 202 62 255 0 217 88 130 255 255 0 211 226 173 0 142 33 0 194 62
    143 0 195 0 171 141 97 175 218 99 255 74 0 85 0 189 0 210 0 255 255
    192 255 147 255 0 255 164 125 160 164 0 255 255 0 90 0 206 197 213
    65 0 26 211 255 0 255 0 34 0 146 118 251 249 0 110 230 56 164 0 225
    0 0 55 143 31 41 16 0 141 208 255 53 0 255 10 243 255 142 255 208
    152 37 133 201 201 255 0 221 196 0 0 63 21 0 24 255 217 104 255 11
    255 241 69 63 15 116 207 113 228 0 126 0 158 255 0 84 171 255 39 135
    164 0 222 255 94 164 69 144 116 83 0 153 178 12 28 0 0 230 128 251
    79 28 72 0 166 255 0 0 186 139 152 138 255 5 0 255 240 0 255 37 255
    118 0 0 41 165 0 255 118 76 228 219 192 255 0 132 67 255 168 104 11
    255 143 206 48 239 255 0 255 173 95 195 0 179 0 211 218 255 0 0 255
    109 255 31 0 255 255 119 196 239 47 0 255 45 255 255 105 251 75 28
    98 150 151 255 67 222 149 141 59 234 255 168 0 65 129 0 255 255 0
    240 71 27 13 198 104 233 68 194 30 31 201 0 99 214 31 127 157 184
    195 99 153 33 255 223 0 46 0 0 255 255 22 88 0 197 188 152 255 255
    161 255 250 122 0 232 181 0 2 180 0 104 98 0 100 143 199 139 107 0
    255 116 102 148 255 181 141 245 66 0 170 255 222 0 142 82 171 67 87
    26 0 25 242 141 0 83 20 106 255 27 190 255 154 79 108 47 176 78 59
    21 243 184 54 155 179 0 255 152 0 113 44 0 92 0 44 36 35 214 240 255
    50 255 0 200 52 9 15 255 0 0 0 21 255 19 145 0 113 0 69 223 151 165
    0 253 0 90 81 206 174 158 251 42 255 0 0 255 255 194 166 180 0 128
    139 255 160 64 255 255 43 218 255 255 62 67 255 3 134 22 0 228 175
    128 19 0 255 84 36 153 73 90 255 0 21 0 151 97 140 255 0 198 255 0
    69 172 255 255 255 210 21 113 225 3 13 209 206 213 255 255 93 42 0 0
    91 255 0 187 0 231 188 82 85 63 184 29 110 0 100 0 0 46 124 104 40
    145 61 0 233 72 127 152 0 247 0 0 56 38 81 163 182 188 40 0 0 13 0
    255 127 211 122 219 131 255 255 17 49 114 229 66 86 113 189 109 136
    159 176 175 136 112 193 207 32 119 195 34 68 124 105 197 0 0 255 112
    4 113 255 12 229 13 199 90 55 255 49 86 255 0 94 49 40 220 63 195 0
    248 102 164 141 143 0 122 237 0 151 8 26 253 49 202 20 177 255 92
    171 19 24 115 198 133 247 18 100 0 76 93 76 255 126 30 131 59 91 25
    255 255 57 66 58 255 0 0 255 28 96 164 140 221 141 0 253 0 184 66
    241 255 225 105 177 255 152 236 255 0 113 0 48 0 39 255 140 178 50
    255 208 230 138 49 90 83 79 255 255 255 0 0 255 39 177 255 255 232 0
    234 248 0 56 199 225 245 132 255 18 255 0 32 0 227 0 74 23 243 255
    228 252 111 240 96 0 65 255 0 78 38 161 255 48 9 211 167 0 207 0 0
    202 0 97 117 0 189 137 149 198 0 143 206 25 255 21 0 146 255 255 0
    255 152 255 198 255 45 42 29 232 255 12 255 0 174 180 0 2 111 0 0
    255 62 21 36 0 243 23 44 255 0 0 16 0 200 0 248 255 255 33 95 230
    150 196 53 142 88 255 255 193 135 10 255 111 145 0 49 0 0 183 32 87
    108 173 11 203 7 206 227 27 1 206 166 255 30 216 56 255 153 35 0 0
    154 104 32 110 136 43 223 255 165 50 255 36 208 255 139 255 18 115
    255 255 0 118 255 97 5 225 217 87 144 0 240 4 132 7 0 48 0 93 144 52
    151 0 255 0 185 255 255 145 127 136 211 251 14 49 255 133 148 79 125
    0 227 134 48 17 116 255 0 0 37 175 102 255 2 255 172 255 255 0 153 0
    255 154 0 90 255 0 0 102 67 255 120 42 136 148 0 255 30 0 176 255
    108 255 231 61 22 150 255 0 192 151 7 0 255 255 255 69 242 0 21 55
    255 146 53 255 0 0 73 255 0 0 101 241 123 255 191 0 30 52 85 19 81
    255 0 255 234 0 163 71 0 255 139 0 109 17 0 22 140 255 0 0 38 0 90
    255 255 183 255 132 72 236 0 127 198 20 251 255 206 0 226 255 90 255
    158 0 255 255 0 0 164 94 134 49 0 51 41 0 169 255 57 0 0 255 189 255
    255 3 31 0 255 243 13 48 37 196 61 111 254 0 162 111 155 255 73 244
    0 1 0 0 179 0 205 25 231 225 210 134 104 0 80 110 255 82 182 215 0
    255 255 240 182 255 121 154 255 78 255 255 50 34 242 168 0 0 20 0
    174 178 0 0 208 43 255 0 27 255 0 160 247 212 40 157 24 2 192 246 0
    163 0 40 160 26 233 163 91 255 124 213 180 0 11 20 94 0 152 142 66
    255 255 249 255 130 62 181 125 144 255 100 44 0 127 0 38 190 175 33
    0 0 166 195 0 191 125 12 17 0 0 251 72 255 0 159 88 138 0 0 139 39
    219 255 6 255 255 255 3 255 255 196 177 38 116 255 74 44 255 255 0 0
    245 227 0 111 87 255 51 27 7 226 0 32 252 141 21 255 122 144 117 0
    10 255 50 184 98 243 238 255 255 255 0 85 191 255 26 0 255 106 0 0
    37 248 255 0 255 0 255 11 29 255 255 88 174 102 59 91 255 194 255 0
    255 221 0 0 0 255 0 187 87 0 94 231 195 210 14 27 171 231 144 255
    130 255 161 102 255 8 255 96 33 37 114 75 255 187 0 255 0 56 255 255
    72 145 0 255 0 121 161 206 121 41 255 140 124 41 99 0 0 176 64 0 146
    18 0 105 187 10 0 255 190 176 255 0 144 12 255 144 103 113 43 176
    130 45 171 255 202 53 131 94 0 204 251 0 179 255 0 58 49 0 107 159
    112 255 237 0 255 167 0 202 72 123 248 0 94 0 185 251 255 55 153 98
    66 0 239 104 255 5 255 255 255 30 68 154 150 74 50 41 36 202 0 255 0
    73 142 154 116 249 210 0 255 128 11 137 57 255 0 80 184 3 34 255 132
    112 230 171 89 195 191 253 2 129 3 0 220 0 22 165 161 167 228 185 7
    250 255 0 218 0 205 255 0 36 204 67 201 35 0 92 255 47 221 244 0 255
    250 15 0 171 94 0 131 180 175 193 105 0 27 199 141 0 115 255 255 0
    127 113 255 203 174 255 81 0 252 31 21 199 0 193 219 77 0 178 255
    176 239 255 121 12 255 255 24 141 255 50 255 255 246 89 135 255 0
    255 31 148 107 55 0 178 141 162 0 43 0 255 141 90 85 225 220 0 81
    198 0 190 74 245 62 255 255 147 0 83 182 193 4 87 152 0 88 0 254 0
    56 0 53 54 0 148 0 163 91 255 0 32 118 255 152 67 255 91 255 4 140
    168 55 141 246 235 255 110 255 142 28 227 223 27 172 74 18 0 213 0
    186 233 235 0 0 240 105 77 151 168 204 1 0 0 255 140 216 0 124 255
    76 206 255 227 163 239 199 224 5 33 255 212 85 133 94 107 210 16 39
    10 81 41 255 129 130 0 99 179 121 233 54 0 251 255 11 250 71 255 255
    225 255 255 19 111 192 36 194 255 49 0 5 255 48 121 159 25 12 255
    222 225 194 255 135 206 246 219 97 121 179 136 195 8 24 245 211 255
    15 74 146 67 9 255 125 255 211 168 59 235 122 82 212 0 0 35 255 181
    232 199 136 255 157 193 238 0 124 151 64 108 48 86 223 255 232 255
    255 0 221 50 0 9 170 47 160 193 181 255 14 0 129 255 58 255 47 0 108
    255 135 104 64 34 72 0 170 121 255 13 0 255 218 69 255 178 170 255 0
    148 255 0 225 112 226 209 230 105 67 11 255 0 255 195 59 130 255 0
    255 62 0 196 103 236 182 128 89 255 255 0 15 255 0 0 37 193 21 0 140
    0 115 255 255 22 248 191 235 74 3 242 0 255 18 0 223 225 255 0 0 255
    93 245 51 1 120 254 0 255 102 68 70 142 255 113 105 3 41 186 69 95
    11 103 255 51 0 255 0 255 193 30 191 255 0 242 182 21 153 71 0 157
    133 230 227 123 0 7 33 108 0 165 195 44 0 216 233 208 245 167 125
    229 255 0 104 50 0 44 220 166 80 255 167 182 199 158 95 205 193 255
    21 208 51 255 44 34 0 179 120 255 255 219 204 255 255 255 16 0 102
    255 26 145 32 245 203 132 200 173 255 97 160 255 255 22 127 165 107
    255 255 161 169 76 93 60 186 160 212 73 0 88 255 143 0 236 102 144 0
    0 237 118 116 0 255 194 255 224 186 4 0 44 227 2 92 222 212 32 8 0
    143 92 67 161 48 109 56 255 88 56 215 14 255 31 0 125 255 149 251 81
    255 246 254 70 56 0 122 97 25 153 94 0 45 86 200 211 151 115 0 255
    42 61 95 0 90 255 166 251 110 0 0 37 165 67 191 3 255 255 11 0 80
    218 255 255 94 135 255 0 185 251 123 0 255 1 204 144 255 255 180 255
    207 18 30 255 0 255 0 16 246 171 90 196 185 0 200 100 0 201 255 0
    255 8 0 241 255 0 144 216 254 1 217 36 184 255 255 170 255 87 71 130
    0 0 190 0 118 255 0 250 255 210 47 204 152 112 159 0 86 118 112 11
    116 255 0 95 255 51 84 0 0 255 35 70 127 163 145 0 255 0 79 0 97 168
    232 255 0 210 0 69 100 0 196 47 16 120 12 255 253 232 0 217 137 0 0
    225 255 255 85 0 140 247 0 160 0 21 0 0 255 97 85 202 0 97 126 241
    182 91 235 0 14 33 83 219 113 35 231 140 0 227 15 255 255 243 151 0
    255 130 240 66 0 87 11 255 255 15 130 255 179 153 155 208 234 211
    243 0 0 141 201 255 255 0 42 49 0 255 255 0 255 52 101 0 67 255 149
    18 163 0 61 237 0 192 111 50 115 79 255 255 250 66 192 49 59 44 246
    173 216 255 31 91 39 229 0 233 255 63 0 245 255 222 92 208 55 240
    119 221 255 32 210 180 53 232 255 221 255 255 4 27 111 30 119 255 0
    15 211 255 32 0 225 255 255 92 223 198 237 248 117 101 129 0 189 54
    177 236 255 143 156 194 88 30 176 221 255 198 255 0 230 0 113 0 0 67
    218 0 255 201 23 249 0 0 0 16 255 5 0 0 255 255 132 241 87 255 80
    182 255 250 0 73 33 32 255 0 153 255 139 255 0 0 175 255 0 0 255 255
    255 179 78 247 255 255 0 193 155 83 255 112 86 102 83 148 0 168 235
    110 44 42 0 175 0 239 255 0 234 221 0 146 0 0 255 0 0 255 49 3 50
    243 210 0 27 255 255 87 129 247 176 0 237 255 242 255 255 43 218 112
    62 255 72 0 131 113 94 255 222 0 255 134 35 255 0 72 255 255 0 208
    56 255 27 183 0 2 0 0 255 11 5 236 0 90 143 75 255 60 66 255 135 176
    170 23 104 255 157 255 0 130 162 123 0 22 106 147 195 255 182 255 0
    255 0 132 245 207 255 232 233 0 242 0 219 0 51 15 0 255 0 0 0 0 0
    234 234 0 169 172 0 170 0 0 255 165 77 20 44 67 255 255 0 0 206 0
    255 244 88 211 250 24 124 0 164 69 0 79 85 249 205 41 195 172 159
    203 72 80 49 0 120 161 0 246 46 255 153 0 61 0 0 255 205 151 176 53
    188 236 188 108 222 153 0 109 76 0 0 248 231 255 32 0 255 162 255 0
    113 184 0 229 138 255 255 0 112 255 0 255 173 24 112 70 237 12 0 198
    245 166 255 20 170 128 14 255 107 89 0 212 221 226 80 0 116 109 0 95
    167 52 73 0 69 255 151 95 166 146 48 127 255 255 40 255 149 202 209
    224 195 134 0 29 97 0 0 158 190 0 255 89 0 72 6 0 94 247 55 255 0
    255 255 0 0 188 70 0 0 229 28 162 0 137 233 111 14 0 93 22 0 0 0 210
    175 0 81 40 130 214 214 71 176 0 0 255 160 255 13 255 255 0 69 255
    139 179 30 0 255 0 17 255 30 0 40 133 255 0 255 255 255 223 0 193
    255 7 131 255 54 28 105 237 250 42 87 160 30 151 101 0 66 49 242 32
    0 134 255 255 223 239 244 0 195 171 180 235 255 128 32 72 0 255 0
    110 255 227 255 38 183 254 0 18 0 0 255 255 132 34 219 231 97 82 53
    0 101 205 157 255 214 166 0 122 62 141 103 86 218 255 221 36 255 152
    92 185 93 255 154 0 68 183 252 255 141 63 255 106 102 59 120 217 64
    41 170 188 255 144 116 255 142 2 100 255 162 255 255 0 0 203 178 152
    82 255 28 243 54 236 0 94 166 248 48 8 0 36 0 75 7 12 255 190 82 68
    14 115 255 255 112 255 215 0 158 100 182 216 103 27 64 0 0 0 73 55
    98 70 255 255 29 124 168 230 106 67 12 27 255 42 71 255 69 255 0 0
    183 255 255 248 153 255 160 255 247 107 241 7 75 0 75 114 255 141
    188 18 0 0 90 163 9 255 143 85 76 0 255 0 255 40 255 80 188 25 178
    74 255 127 204 136 196 157 25 187 197 0 255 65 255 255 117 180 232
    30 255 142 255 116 0 0 171 231 0 189 96 50 255 81 99 1 104 32 62 12
    189 46 0 0 176 0 0 178 209 231 43 255 20 196 113 5 0 103 255 0 0 0
    139 255 32 204 196 163 0 123 179 255 160 0 255 255 222 0 145 205 209
    206 141 250 255 0 157 0 194 0 177 205 50 66 29 165 88 255 10 255 0
    70 255 0 38 255 0 0 255 255 0 142 255 24 82 15 90 0 7 255 0 100 255
    136 128 255 13 12 106 68 224 210 255 255 0 71 177 9 26 0 255 255 255
    188 251 38 45 149 49 114 103 0 255 231 0 255 121 111 160 178 255 0 0
    147 93 209 0 255 3 167 255 255 255 255 247 173 194 165 22 223 135 0
    255 14 231 153 54 0 255 0 26 33 216 3 206 17 177 194 0 126 160 0 229
    63 229 172 58 0 0 255 255 0 0 3 92 255 163 69 0 0 10 119 44 30 199
    45 255 0 0 46 182 255 167 0 0 0 188 0 41 255 255 178 230 0 188 0 101
    0 18 38 255 198 42 255 170 183 123 52 0 174 0 172 255 46 70 205 196
    3 255 54 0 172 0 238 205 0 149 1 255 255 21 25 0 235 255 0 103 53 0
    0 186 255 23 166 0 140 0 39 255 255 29 255 104 255 0 148 0 213 255
    42 0 0 255 25 178 28 215 255 255 146 81 255 0 39 0 17 240 146 0 227
    113 242 96 0 255 0 0 78 0 95 119 249 0 11 0 255 119 205 255 255 255
    176 255 0 255 226 185 127 59 63 255 255 131 114 0 0 255 255 122 255
    243 239 234 84 255 157 0 31 221 214 55 80 255 180 148 160 62 255 87
    212 255 220 159 255 0 124 255 130 0 35 255 255 174 0 225 203 238 1
    162 255 255 255 128 163 235 255 0 255 194 160 96 163 203 255 0 82 40
    137 46 90 255 143 255 149 103 98 174 0 255 255 149 176 255 56 103
    255 48 0 0 0 232 255 0 108 143 255 255 221 255 1 232 255 86 187 255
    220 88 47 0 176 255 255 19 96 10 30 0 136 0 242 0 102 19 194 0 188 0
    255 255 225 150 17 121 223 16 159 81 0 211 38 217 0 40 134 0 187 177
    183 0 91 255 217 0 138 97 197 0 196 255 101 254 240 113 182 255 175
    87 255 200 22 202 255 65 0 3 0 163 34 0 255 0 18 87 255 184 125 255
    255 38 226 108 0 255 0 91 255 139 0 0 23 10 23 9 0 255 61 36 0 0 0
    151 17 65 128 255 31 255 0 255 16 181 0 140 58 51 172 255 147 0 62
    255 184 0 191 38 239 147 255 0 255 86 20 246 17 255 107 131 211 255
    163 0 177 0 76 255 78 82 159 100 131 101 138 11 0 34 255 24 0 0 56
    97 255 119 186 44 104 131 184 175 255 82 0 255 255 230 239 0 255 191
    237 91 0 53 195 255 0 255 80 255 255 0 190 207 0 255 255 0 255 255 0
    64 0 163 243 0 143 255 220 207 115 0 11 255 255 183 255 158 255 194
    255 134 79 225 0 255 255 154 0 229 22 22 143 215 146 255 0 211 214
    139 181 69 167 0 0 232 255 161 226 41 6 66 77 31 118 196 42 158 0
    174 240 2 12 209 88 255 0 119 255 182 238 7 255 255 0 255 255 189
    197 103 61 48 0 42 146 255 0 164 255 126 0 232 113 73 230 121 182 0
    176 236 0 160 115 255 80 199 40 255 112 152 193 0 0 255 0 107 0 39
    129 90 0 230 255 43 221 131 197 0 255 82 110 99 164 114 0 110 71 255
    129 5 0 255 160 175 255 97 38 255 222 66 200 241 255 27 117 107 170
    167 206 255 0 74 126 159 240 136 66 19 255 188 255 21 255 208 115
    255 42 97 231 0 128 255 205 93 178 26 180 164 0 0 255 86 9 40 67 157
    173 187 238 117 0 204 0 0 234 0 12 0 68 255 183 232 255 255 59 255
    254 0 155 0 46 224 25 83 7 255 255 255 208 2 166 0 0 192 213 0 79 25
    254 129 203 187 0 203 105 26 11 182 105 182 94 208 57 255 111 255
    131 0 0 124 163 136 104 82 168 68 88 142 59 254 255 164 226 248 255
    100 40 66 244 236 11 193 255 119 255 0 233 6 255 111 0 34 0 255 0
    239 235 249 61 157 255 0 139 178 0 234 255 0 255 255 0 224 148 0 190
    0 119 0 78 0 103 217 255 157 35 83 162 11 142 106 0 255 20 6 77 16 0
    255 19 228 255 143 255 227 0 127 255 211 187 255 238 46 213 255 29 0
    35 255 0 0 67 99 80 74 162 136 0 15 26 255 188 0 255 255 255 211 0 0
    255 100 165 0 26 171 111 150 255 121 255 231 20 174 255 173 80 181
    75 0 158 109 195 25 204 175 135 39 19 255 144 200 255 71 104 220 0
    245 254 98 255 173 0 255 255 0 34 255 75 30 155 84 255 190 255 255
    207 152 72 198 75 255 255 8 0 0 196 20 30 255 54 92 187 58 50 255 0
    0 122 0 0 80 203 255 0 255 219 127 87 220 43 0 214 212 0 255 209 85
    145 0 147 20 138 134 130 0 255 151 255 0 64 255 251 15 0 247 0 24 10
    73 65 255 85 245 53 255 0 79 204 0 255 255 195 0 20 104 180 0 181 93
    248 93 0 0 253 73 255 255 174 190 255 0 188 227 84 0 14 0 84 0 0 255
    32 7 255 0 28 255 255 0 201 255 110 0 255 31 193 180 0 255 0 255 65
    255 37 255 0 64 62 153 115 255 3 20 7 43 0 0 79 147 243 0 86 41 255
    238 0 115 225 62 200 215 255 108 255 214 223 81 145 40 0 12 245 255
    0 135 47 0 216 0 0 17 75 0 151 58 255 235 70 221 109 48 165 255 223
    70 209 0 168 165 226 255 255 149 247 255 126 0 255 137 0 246 255 10
    229 127 33 172 255 251 136 169 152 255 255 199 35 124 148 135 0 255
    99 255 0 37 130 255 255 71 132 255 255 99 125 172 117 118 0 255 215
    0 0 5 18 101 81 145 155 255 23 55 252 147 223 60 255 36 255 129 58
    92 65 54 69 0 196 113 255 92 233 255 215 255 0 255 255 0 18 106 33
    81 82 11 255 255 255 17 255 0 11 73 87 16 255 193 188 0 255 24 190
    255 146 191 39 255 79 255 255 255 29 0 72 0 255 186 0 135 217 156 47
    135 216 24 2 38 195 146 113 201 10 124 204 0 245 150 255 66 255 0
    132 255 198 199 239 3 255 165 255 168 146 255 245 201 0 199 82 176 0
    0 40 255 158 172 192 255 180 0 0 75 77 139 168 94 27 94 0 71 238 255
    112 0 175 225 121 0 53 255 255 151 0 255 5 117 0 9 186 224 255 169 0
    148 0 0 228 0 0 0 255 0 0 255 211 255 0 255 146 190 0 150 255 156
    255 133 0 101 59 255 78 29 0 64 0 91 73 0 188 233 0 253 63 255 182
    152 49 4 227 255 0 211 232 255 22 83 63 126 255 192 197 255 190 96
    45 255 146 26 86 109 131 130 59 157 186 245 214 131 8 203 83 0 145
    255 183 0 245 170 235 255 160 154 54 0 255 0 111 0 92 6 249 29 0 0
    169 12 0 180 0 21 67 255 174 255 248 0 255 136 112 11 218 0 0 239 0
    176 17 77 255 255 0 112 61 0 0 0 183 36 0 58 255 255 255 54 0 144 0
    0 255 141 255 62 93 31 255 4 255 206 0 148 0 133 117 255 134 218 255
    178 255 230 39 208 173 255 255 0 185 50 30 193 255 49 255 126 255
    196 255 47 126 0 255 255 30 238 255 52 74 201 74 190 255 55 237 127
    247 24 255 163 0 255 0 152 227 255 192 255 0 29 207 100 53 120 236
    135 21 253 0 111 0 189 106 10 145 200 252 255 52 141 91 138 255 0
    219 0 255 255 0 188 255 28 192 100 235 0 85 255 0 255 255 255 255
    255 255 94 255 31 234 20 0 112 0 160 227 129 195 0 96 207 65 179 204
    117 159 190 255 0 130 0 96 201 73 154 255 0 255 255 255 16 255 255
    213 193 255 255 0 132 223 93 78 255 255 0 41 255 0 0 56 19 64 54 41
    154 0 146 11 245 0 0 29 125 5 34 58 255 191 255 26 183 13 0 0 12 0
    184 126 0 0 154 18 0 199 0 147 70 214 40 255 1 188 255 91 9 245 255
    255 131 91 112 91 83 255 134 255 0 18 163 94 163 255 173 134 230 173
    38 80 0 0 204 48 164 180 185 123 186 186 74 139 61 61 211 0 19 249 0
    105 211 96 0 193 229 255 255 22 100 235 83 140 0 0 0 0 12 208 48 0
    255 176 76 134 96 253 118 116 180 201 240 20 255 255 0 222 255 37
    124 255 255 2 51 55 0 205 255 202 255 255 223 255 49 255 0 29 255
    255 96 158 255 232 70 35 219 0 127 118 0 0 212 20 41 255 222 0 188
    255 0 81 255 0 0 79 90 0 241 232 195 255 90 131 0 147 255 177 147 78
    208 13 123 43 145 83 209 0 226 0 85 149 133 1 255 20 0 255 188 255 0
    185 0 2 203 179 255 46 0 17 153 74 131 255 155 171 84 255 0 255 255
    0 0 77 15 122 122 255 0 77 120 78 218 255 236 40 72 236 4 106 237
    255 109 237 221 200 35 208 164 255 29 0 255 0 19 36 93 51 154 255 37
    255 231 255 244 255 37 68 255 50 10 255 145 84 255 255 103 251 95
    228 0 0 229 0 175 111 145 35 0 244 255 255 27 255 0 161 255 223 0 62
    61 20 135 161 40 94 69 238 79 134 0 208 24 157 109 120 27 173 0 80 0
    152 26 193 21 0 255 219 39 0 188 147 0 246 0 64 255 0 204 255 47 135
    196 146 81 34 23 145 0 174 150 0 49 117 17 245 219 86 0 255 232 0
    236 0 255 26 30 123 190 87 155 69 6 74 255 0 116 0 207 70 0 49 215
    38 0 206 0 255 0 248 255 0 0 0 4 122 209 78 169 5 204 0 0 226 255 0
    0 255 255 226 140 0 225 173 0 255 183 240 255 0 198 66 67 137 109
    255 32 76 18 255 222 0 100 0 255 244 255 255 229 117 255 0 255 255
    189 255 130 56 255 74 37 0 0 250 183 74 157 180 165 22 167 98 255
    129 0 255 138 41 255 200 209 35 0 0 0 18 83 0 156 0 59 255 255 139
    172 236 255 0 250 0 0 106 6 255 80 41 218 218 255 8 9 106 124 0 183
    77 40 255 208 89 213 239 121 157 0 119 187 255 0 183 162 92 163 119
    194 255 102 0 244 0 255 78 0 158 8 255 154 242 35 220 116 119 0 0 58
    0 186 171 222 164 10 255 211 62 255 164 0 255 0 143 89 0 115 255 0
    86 132 0 194 214 0 82 255 4 188 255 110 255 32 78 255 0 65 255 91
    154 254 85 255 109 4 101 210 246 0 48 137 0 191 155 116 98 0 255 45
    217 79 101 205 168 201 140 149 120 253 0 0 169 0 7 216 249 0 136 212
    0 160 122 255 0 255 85 145 0 0 82 255 0 137 6 207 132 255 55 0 153 0
    86 30 25 255 251 188 255 241 22 29 27 246 0 0 61 133 98 106 131 255
    255 0 5 193 255 39 0 250 0 230 103 81 255 245 45 2 0 7 104 251 0 113
    229 255 67 255 166 78 0 186 207 0 53 220 0 30 117 255 228 255 255
    194 159 255 210 0 0 239 54 65 255 0 255 24 0 78 78 170 44 132 98 255
    22 50 255 192 212 192 73 149 0 173 151 0 241 237 0 158 76 255 255
    255 51 195 77 95 81 48 129 58 0 142 255 0 238 13 77 148 255 242 246
    255 129 255 44 244 255 115 255 203 255 215 0 194 6 128 57 242 219 0
    117 134 54 83 255 0 234 0 0 255 92 227 118 188 179 255 192 122 65 84
    54 176 157 3 252 17 250 6 186 247 178 255 220 146 32 134 177 64 229
    255 95 35 255 38 176 229 129 255 255 12 0 132 13 0 0 116 0 89 126
    143 0 106 255 1 0 12 51 217 129 65 0 241 6 28 198 0 218 214 255 71
    255 255 39 236 165 160 0 23 255 4 81 177 117 167 0 254 148 102 0 0
    121 249 0 66 255 6 123 1 163 254 99 0 0 79 177 0 155 0 197 0 0 228
    107 176 219 255 103 255 2 226 255 255 101 0 188 255 255 255 255 255
    64 0 181 0 110 255 25 11 106 92 255 164 122 137 92 213 8 223 173 122
    191 255 46 224 208 158 0 0 255 169 191 255 255 3 89 170 74 85 255 0
    21 0 173 129 0 3 204 0 153 111 147 242 119 45 147 241 118 117 172
    180 255 226 179 177 17 255 233 64 255 0 49 194 9 101 187 65 147 165
    67 140 238 163 145 47 59 40 85 255 78 139 255 134 255 222 255 0 168
    39 0 95 255 84 76 255 69 113 112 0 68 0 255 28 0 0 255 255 40 0 0
    255 34 187 255 108 65 86 72 0 0 190 255 52 193 255 251 0 205 243 213
    36 94 218 167 188 255 255 244 255 0 12 213 0 255 255 255 187 0 45 0
    84 6 8 230 11 255 181 74 129 248 212 99 62 0 125 0 90 85 0 10 0 162
    0 199 251 0 0 255 255 151 123 0 102 0 0 1 128 255 129 255 21 255 255
    251 190 98 49 183 120 82 0 255 230 192 24 62 173 176 57 249 255 255
    56 255 1 11 201 85 38 0 127 129 66 155 229 0 25 81 155 255 40 0 255
    173 246 65 139 12 78 255 2 255 120 255 225 0 255 168 151 255 0 232 0
    23 255 71 189 237 200 0 135 255 255 124 0 168 42 78 249 0 153 0 255
    133 154 171 156 255 224 93 58 0 119 140 156 0 179 255 244 0 255 27
    232 141 46 211 2 212 0 0 0 0 255 254 103 245 123 43 255 102 255 0 0
    158 187 25 98 255 188 0 205 255 0 197 166 42 255 69 250 210 227 130
    12 0 219 255 0 101 193 79 145 6 255 38 0 200 253 0 164 0 225 0 0 227
    0 183 242 18 255 0 220 91 255 196 255 146 174 167 122 237 171 0 29 0
    120 255 255 0 255 12 255 197 0 0 0 237 255 0 112 155 0 88 2 0 254
    152 0 255 4 249 162 8 255 0 255 0 78 3 184 255 255 255 97 200 153
    255 0 126 255 0 186 0 113 255 0 55 116 0 178 211 255 163 61 89 74
    255 255 0 255 26 49 240 148 4 233 224 0 94 0 255 82 255 255 7 28 229
    3 6 13 170 255 20 247 255 158 215 0 0 251 0 128 0 255 20 0 255 118 0
    255 136 39 93 0 0 165 255 193 0 0 93 0 255 0 120 192 0 90 78 255 0
    219 210 233 255 152 105 255 175 255 71 130 62 255 255 0 0 255 255 0
    208 0 181 214 235 255 251 255 166 0 112 255 48 26 44 22 160 158 101
    37 240 255 0 69 122 223 212 0 140 0 153 59 164 134 158 177 238 60
    121 114 175 0 0 0 105 199 122 135 179 55 255 0 17 255 159 151 195
    239 0 255 255 0 53 58 0 145 177 237 255 205 139 242 104 0 226 60 165
    48 193 255 155 240 140 37 0 38 255 255 0 101 0 114 37 162 255 255
    144 192 75 71 10 133 86 141 246 55 103 207 255 255 174 255 3 255 84
    255 0 46 255 0 61 57 161 255 73 255 95 120 247 117 114 249 212 63 98
    126 0 38 255 0 30 93 155 31 132 52 19 255 0 245 142 255 139 232 255
    159 147 255 255 36 209 121 190 218 37 136 255 255 0 161 92 212 91 0
    0 95 72 255 79 113 0 128 134 37 23 255 63 206 97 212 88 255 229 255
    0 88 64 42 0 75 170 225 0 131 241 0 155 237 255 161 255 255 184 108
    78 244 201 0 0 255 232 255 37 158 0 17 0 40 203 204 255 104 35 255
    73 71 255 255 90 151 62 0 136 0 17 132 230 192 255 182 80 0 149 129
    157 55 0 15 121 194 0 166 255 85 179 177 207 242 170 0 255 239 255
    255 245 255 240 159 29 231 224 99 255 156 255 206 255 230 136 105
    255 255 203 45 56 255 202 219 255 0 255 212 255 84 137 255 247 0 0
    83 0 0 5 42 13 22 150 245 0 214 102 106 255 236 12 255 214 170 245
    148 255 0 22 200 252 31 255 174 67 0 0 255 108 31 0 93 255 17 143
    162 93 255 143 255 255 255 84 241 0 126 255 148 122 192 24 58 251
    143 0 84 176 227 196 0 0 86 255 61 255 115 210 62 63 54 192 0 255
    154 132 26 113 61 85 170 76 9 105 14 185 255 255 58 192 255 0 13 0 0
    94 255 94 81 113 208 137 255 255 232 255 255 140 141 255 255 0 80 0
    105 249 65 222 0 2 0 0 43 22 48 76 120 255 164 0 76 54 0 0 186 0 243
    49 0 66 145 0 153 255 83 82 236 152 255 19 184 245 128 35 255 31 39
    255 149 186 115 195 231 0 0 140 0 79 0 0 166 0 137 114 255 40 133
    211 34 97 227 27 168 0 219 255 237 210 0 231 102 210 255 0 255 111
    255 255 0 0 0 191 222 212 25 10 105 255 242 132 143 0 72 23 231 10 0
    0 0 1 0 187 0 255 255 106 26 246 178 77 0 255 0 176 226 125 0 75 255
    180 60 255 75 79 0 255 154 0 71 0 152 255 210 255 255 157 255 0 255
    255 45 18 0 131 255 174 255 0 213 145 0 108 0 111 0 97 18 92 0 24 37
    242 195 177 94</data></my_img>
<your_img type_id="opencv-matrix">
  <rows>128</rows>
  <cols>256</cols>
  <dt>"3u"</dt>
  <data>
    255 0 255 204 18 209 255 174 139 0 255 208 255 255 255 186 247 0 255
    255 169 255 62 255 240 158 0 255 0 117 0 53 0 54 255 99 3 255 95 255
    0 169 178 254 112 29 255 255 237 167 0 187 67 109 255 255 0 0 255
    255 89 255 255 255 21 0 0 103 0 0 218 255 223 178 252 24 255 255 191
    56 197 155 48 24 135 255 0 232 14 40 85 6 115 0 152 0 255 78 83 255
    55 255 0 0 0 97 60 8 255 207 255 79 0 255 255 0 255 255 240 0 0 0 36
    0 0 32 88 255 255 125 151 168 255 0 180 0 184 241 158 255 255 149 28
    0 226 0 189 192 143 240 75 0 51 132 41 255 50 226 255 28 0 86 90 114
    255 255 0 43 255 255 88 40 255 0 193 24 0 19 39 67 0 33 255 192 255
    132 64 255 130 255 169 173 255 109 255 57 8 0 118 194 34 0 8 140 0
    52 31 88 255 255 65 83 204 255 128 0 250 49 0 99 64 242 138 207 36
    151 14 209 255 255 255 174 145 153 82 0 55 255 149 78 211 196 45 163
    227 0 231 107 193 255 0 255 92 149 109 255 255 20 183 0 236 35 0 255
    0 0 0 90 12 10 109 0 182 2 255 255 151 159 151 71 255 0 214 18 171
    36 13 165 67 176 255 222 0 144 0 0 255 69 17 140 255 0 255 255 255
    93 139 0 68 255 85 9 71 179 239 244 165 254 255 30 5 255 255 29 255
    255 59 255 20 22 123 0 19 0 255 98 123 251 60 7 75 0 58 153 0 255
    243 157 255 251 213 99 255 255 112 143 72 230 255 200 152 236 0 255
    255 75 255 189 2 220 91 255 16 213 55 139 0 0 0 0 255 243 0 155 155
    0 255 133 237 93 228 255 157 255 0 0 255 161 225 128 171 0 43 193
    255 71 122 158 0 0 252 50 255 82 132 0 188 0 153 255 8 102 255 5 0 0
    0 255 177 23 0 44 255 0 176 184 74 0 74 0 0 0 50 0 75 255 118 63 164
    88 209 176 115 150 234 45 90 0 179 0 170 23 158 79 35 186 255 99 142
    0 234 106 255 227 221 255 0 67 0 29 208 91 255 21 0 255 255 0 154
    255 163 16 255 116 17 0 22 77 111 136 135 119 255 217 255 167 194
    116 143 0 167 215 210 0 192 255 188 0 83 255 193 73 59 219 116 173
    130 46 164 146 255 0 46 0 228 255 0 222 31 5 228 0 255 237 0 255 24
    88 0 73 153 53 227 225 255 28 0 255 133 87 111 0 255 59 255 111 99
    41 0 11 136 0 255 9 35 80 159 203 73 112 134 15 255 0 157 164 255
    155 36 255 131 226 0 129 0 51 145 164 30 205 65 0 86 209 141 59 37
    255 255 198 0 118 224 82 255 247 85 232 255 35 216 255 255 0 219 73
    255 174 255 22 87 61 165 146 142 108 182 232 136 20 53 145 254 255 0
    255 244 228 0 51 64 252 52 101 255 244 225 27 185 255 156 37 87 97 0
    245 255 0 0 100 48 0 38 57 234 255 135 124 87 221 83 255 150 255 7
    255 0 14 172 170 215 211 255 223 74 29 0 0 126 255 56 255 0 5 214 0
    213 250 15 31 0 56 255 69 255 187 45 160 0 255 98 225 211 156 44 46
    7 38 175 0 175 236 0 71 114 255 66 0 255 255 0 92 255 246 255 26 29
    65 255 255 146 197 113 2 0 106 202 0 110 122 6 252 7 11 213 59 235
    187 150 77 255 0 153 111 0 255 241 236 168 0 255 0 178 169 116 255 0
    255 0 252 37 122 161 0 0 159 32 76 197 215 1 255 37 0 238 222 0 135
    0 255 0 250 255 224 255 0 0 183 255 82 94 255 127 33 129 100 0 35 38
    83 66 255 178 0 0 61 124 255 76 131 1 255 199 255 113 240 0 0 0 74 0
    76 71 32 255 213 158 241 255 227 67 254 182 28 255 209 0 169 56 143
    50 8 0 107 255 108 255 255 72 150 131 255 227 255 140 154 81 0 0 215
    228 0 235 0 255 249 25 255 0 0 235 95 157 122 0 114 91 182 147 0 235
    0 204 219 0 0 190 106 163 233 126 3 137 75 190 208 255 68 255 0 0
    176 60 255 140 129 113 255 3 0 9 255 160 220 167 122 0 35 106 0 255
    199 235 255 184 37 148 255 196 188 27 227 202 218 45 136 255 49 255
    212 243 235 134 139 255 255 247 255 0 67 255 255 120 255 225 0 0 57
    117 255 111 93 177 235 109 166 163 0 148 54 52 237 187 255 49 255
    248 255 237 0 246 202 28 188 125 20 73 235 111 141 224 0 255 255 255
    0 0 217 240 0 0 1 220 9 0 183 57 178 244 34 255 0 255 129 63 243 0
    72 165 217 244 68 255 64 160 125 0 108 196 137 62 0 170 167 192 0
    189 50 168 255 0 174 215 255 170 64 98 201 190 10 146 73 255 224 184
    0 59 221 152 104 144 255 0 240 6 49 127 113 0 32 43 9 255 127 255
    255 0 243 255 198 0 255 220 8 147 114 110 255 255 73 0 229 0 0 45 0
    33 22 0 90 73 205 255 0 0 243 255 255 34 229 72 2 213 0 58 19 71 255
    126 214 71 255 235 80 194 122 0 220 0 250 181 107 0 109 63 192 175
    120 255 0 0 169 197 217 82 255 10 176 35 0 203 0 82 255 62 76 0 255
    255 0 240 153 159 103 239 255 255 24 0 167 89 0 79 143 235 217 255
    68 164 255 158 174 255 255 126 102 255 14 6 51 159 181 237 230 1 255
    255 0 0 255 77 202 17 0 255 177 31 226 142 101 134 66 216 20 227 39
    0 50 89 164 0 79 106 255 217 158 246 191 0 255 55 107 0 47 215 234
    94 0 255 255 0 143 0 75 208 255 129 67 95 79 227 1 255 180 136 23
    250 153 0 130 121 30 75 52 208 157 255 252 0 120 105 30 125 141 22
    209 251 238 255 181 242 88 238 0 47 231 146 0 224 169 184 120 82 255
    0 165 239 0 60 106 171 63 157 0 227 0 255 140 50 0 158 30 110 61 158
    0 106 19 255 40 255 255 102 153 73 0 214 66 89 231 155 202 170 218
    251 255 43 255 145 255 255 152 19 0 243 234 237 105 0 69 255 241 255
    176 82 255 94 255 0 1 12 189 143 33 255 38 36 43 255 255 175 255 226
    240 84 47 12 138 239 0 148 255 66 129 243 182 0 0 187 179 0 0 216 0
    87 222 0 9 42 75 106 178 79 82 0 240 0 255 14 176 255 0 217 21 255
    223 104 215 179 13 92 45 9 255 0 0 131 47 36 226 206 163 150 152 126
    0 236 250 0 31 218 255 84 94 255 129 0 0 194 0 63 218 232 175 255
    255 0 1 243 255 52 197 32 81 14 52 123 81 158 255 255 250 255 255
    255 0 204 211 0 0 0 248 255 37 0 85 0 255 203 133 255 255 255 149
    227 14 179 0 245 0 255 159 0 255 24 0 255 116 255 186 255 22 0 0 17
    64 137 75 64 214 133 89 0 255 0 255 255 7 166 169 253 255 0 236 30
    189 26 95 225 89 255 0 73 196 180 17 0 202 0 140 255 243 62 253 44
    48 128 11 0 113 0 0 0 0 255 0 255 15 91 228 255 40 0 122 66 42 255
    191 224 241 237 0 88 39 255 211 0 255 85 164 255 118 10 0 99 212 255
    224 229 163 187 134 251 114 0 0 222 0 36 207 87 255 219 93 74 143
    191 37 255 120 181 0 255 181 0 0 102 249 25 95 152 185 186 0 255 14
    227 0 200 0 0 0 98 25 239 251 0 255 72 200 255 255 129 51 73 255 255
    65 142 134 0 0 0 86 224 0 255 96 129 43 255 239 0 77 255 53 255 182
    0 0 255 24 1 160 57 178 147 239 150 23 255 35 0 154 255 238 255 89
    18 56 36 255 0 48 0 6 198 215 48 255 197 39 186 9 84 21 158 228 128
    140 0 255 0 121 195 0 255 178 255 255 104 194 0 0 255 0 234 97 0 255
    0 255 141 181 68 166 35 129 133 21 12 174 123 0 112 255 255 33 255
    156 17 0 255 113 0 229 118 255 0 238 254 9 255 0 255 0 83 197 230
    174 67 255 12 0 255 99 183 179 176 74 152 255 0 43 253 128 192 250
    255 104 0 20 31 223 22 0 161 255 110 30 0 255 0 255 133 0 112 245
    255 0 151 255 255 158 223 147 34 0 0 56 239 0 0 247 148 0 255 0 25
    140 139 146 255 0 255 255 72 255 255 230 26 0 234 92 255 34 0 255
    146 255 17 255 233 194 255 0 75 0 255 255 0 68 83 141 255 65 70 252
    255 255 0 191 138 187 241 240 255 21 19 0 169 0 30 0 0 85 46 61 63
    194 75 193 48 72 99 0 0 12 255 230 167 230 147 0 0 158 255 0 69 0
    214 212 13 50 0 0 170 0 34 0 178 112 0 203 115 123 0 187 255 255 64
    255 228 0 211 229 155 20 161 0 51 0 173 190 177 255 59 0 197 0 92 0
    60 213 175 107 0 102 31 177 0 166 226 33 0 89 8 95 0 209 0 239 255
    255 255 22 255 0 47 255 8 17 216 246 255 138 0 255 255 228 50 255
    204 151 196 227 255 0 197 19 187 131 231 46 231 60 0 29 87 152 44 43
    150 255 0 201 0 29 0 215 212 28 235 213 0 46 0 159 55 0 0 225 221
    255 0 160 0 225 255 255 255 0 255 0 43 76 255 197 0 255 211 131 162
    0 101 232 255 0 173 179 213 103 50 0 181 0 255 255 37 255 0 0 83 96
    0 255 82 73 170 255 0 26 255 0 85 255 18 9 149 116 255 255 45 255 0
    138 217 1 67 0 116 255 226 255 154 229 255 0 242 200 255 208 255 255
    255 255 70 28 255 0 0 216 255 0 4 255 255 242 0 145 0 32 0 24 106 89
    255 29 48 97 255 255 173 0 160 135 255 0 255 0 18 132 195 72 249 255
    29 160 12 104 255 189 127 232 83 9 255 69 214 218 0 255 93 81 255 0
    1 50 255 85 148 116 70 183 246 141 189 255 255 0 251 0 251 255 245
    216 0 255 0 199 191 126 117 0 0 0 255 63 78 130 223 94 110 175 0 210
    94 176 83 27 188 92 88 255 254 255 137 0 199 213 255 156 52 0 0 146
    2 0 179 131 98 0 52 18 34 0 0 255 254 170 153 143 0 40 0 0 0 113 0 8
    1 17 222 232 255 129 3 55 137 8 171 162 39 108 198 216 137 242 242
    255 0 197 126 236 38 0 0 255 117 255 160 194 18 229 0 62 90 253 72
    34 255 66 47 11 58 249 206 32 0 23 228 0 255 130 150 255 215 218 255
    13 93 241 247 242 255 143 69 255 175 248 170 142 24 213 255 212 176
    12 136 255 24 67 94 255 28 5 97 170 0 238 0 80 255 130 56 29 167 13
    0 255 255 255 109 208 218 255 255 0 0 101 0 0 0 157 50 132 91 207
    255 221 255 132 0 243 0 0 0 213 0 0 145 255 255 111 255 155 0 151
    214 0 213 212 68 19 255 31 132 255 255 221 143 103 124 234 133 29
    113 39 247 255 0 255 115 187 94 255 41 79 85 140 234 104 255 255 59
    123 0 73 155 226 75 0 108 182 143 96 147 0 219 8 0 138 13 145 255 0
    88 60 59 144 255 201 255 8 255 20 198 90 0 0 255 0 34 0 213 137 0 0
    255 70 198 255 229 255 0 255 0 37 0 0 136 0 142 117 26 174 242 58 61
    255 82 0 161 0 0 204 0 60 0 189 223 0 255 0 215 255 232 0 255 65 181
    132 255 175 0 255 0 0 253 40 255 109 146 49 135 142 255 187 187 36
    255 152 117 0 105 30 208 255 255 0 126 255 52 255 118 255 15 45 177
    26 0 0 147 255 128 3 0 202 255 255 255 24 124 105 246 0 255 162 186
    174 208 126 196 183 32 255 230 207 66 32 219 97 255 0 166 125 212
    168 255 255 0 254 255 118 0 147 89 0 173 122 0 255 11 0 0 135 255
    204 148 33 255 188 250 130 86 226 153 255 0 255 158 101 255 95 0 255
    255 255 143 191 255 69 80 255 189 55 255 144 150 113 0 111 255 61
    106 18 41 0 157 255 244 245 154 255 155 216 210 232 134 203 255 0
    255 255 38 202 255 156 176 104 52 255 0 255 92 255 0 156 255 16 130
    241 0 92 91 18 1 0 0 255 245 0 199 255 99 189 87 251 0 0 0 128 139
    213 24 0 132 255 207 0 150 89 200 255 30 255 87 70 70 0 209 0 55 255
    48 158 46 249 255 212 255 255 78 232 0 15 117 183 0 88 0 255 108 252
    255 49 0 224 47 199 58 0 210 49 50 255 255 108 244 110 255 72 0 0 45
    131 126 255 203 244 164 245 250 240 255 99 0 255 105 242 255 39 183
    51 0 174 242 255 209 255 22 45 207 255 4 1 169 195 203 115 237 188
    52 255 255 0 191 0 255 255 0 89 45 89 24 107 218 255 190 193 255 166
    0 223 214 0 60 197 0 172 255 25 252 185 179 0 29 0 0 176 54 0 166 40
    84 0 217 60 73 216 250 118 108 0 69 44 60 207 138 131 0 18 58 75 19
    0 56 251 255 219 85 182 0 79 76 133 199 221 55 43 4 0 213 0 255 55
    59 117 61 0 76 0 255 61 174 124 162 79 255 237 4 49 0 0 255 255 255
    0 0 254 255 255 255 240 0 250 0 255 228 198 255 255 255 226 255 194
    233 28 0 0 179 0 0 0 254 152 0 255 0 38 132 0 50 25 199 238 226 233
    79 173 126 174 4 225 183 255 205 58 21 0 60 0 255 255 255 255 0 0
    255 144 9 24 50 0 0 255 255 255 255 255 255 25 255 234 27 1 44 0 52
    0 149 233 0 114 170 145 255 255 0 210 0 255 94 130 71 255 101 203 0
    0 139 242 0 0 237 255 255 40 255 134 79 0 255 255 232 0 85 255 0 202
    41 255 119 163 36 201 168 84 255 0 60 7 64 198 255 65 255 255 15 168
    53 87 255 59 145 185 18 255 255 153 243 126 0 0 255 0 218 255 255 51
    0 66 255 21 35 190 208 247 0 0 255 255 193 0 106 96 244 255 219 115
    0 255 84 255 255 61 255 220 238 188 30 151 211 26 0 93 29 31 8 73
    187 114 60 177 232 154 203 146 158 255 129 0 229 255 179 1 100 225
    188 130 209 255 121 96 19 213 188 26 255 0 0 255 0 82 112 255 58 0
    255 25 255 73 255 90 196 120 0 205 134 30 0 0 0 220 0 64 210 255 59
    255 0 241 160 0 118 52 34 32 198 255 94 0 243 180 217 63 131 255 112
    115 255 55 139 255 220 255 206 228 111 211 0 80 0 225 35 0 255 9 255
    237 0 34 255 205 216 52 138 58 203 118 190 136 228 255 255 69 0 0
    206 2 121 96 0 227 71 255 81 133 164 0 255 255 0 0 160 255 89 255
    159 40 86 255 199 219 89 160 189 35 255 0 103 29 255 193 172 216 254
    120 84 129 237 49 137 219 155 71 173 234 180 239 127 213 136 222 112
    0 98 255 255 166 29 0 196 0 114 112 141 255 255 119 240 0 28 0 118
    213 0 119 255 69 0 0 3 23 0 0 24 107 0 203 158 0 255 255 0 193 1 63
    0 4 175 171 0 171 176 58 255 131 40 68 239 69 129 0 0 159 0 0 255 0
    255 255 174 143 255 0 164 36 108 181 109 174 255 170 0 241 255 255
    73 0 190 127 0 0 255 13 0 206 6 102 255 255 92 255 0 177 255 35 0 0
    255 0 0 254 184 190 104 252 89 0 255 197 251 255 0 255 70 195 0 68
    175 71 255 23 54 218 144 254 114 0 190 148 255 42 0 210 133 28 156
    90 13 184 255 255 0 24 105 90 82 213 209 0 99 245 0 92 24 178 225
    134 0 255 0 124 0 0 0 0 209 234 255 124 255 213 251 255 171 27 150 4
    148 234 161 92 0 217 129 236 0 222 160 56 73 0 153 101 85 137 255 15
    91 255 0 188 0 255 174 70 255 255 133 0 209 255 82 228 52 49 255 61
    155 241 255 104 184 255 255 6 66 255 0 66 255 110 186 172 255 164 90
    225 106 29 255 255 0 195 255 243 183 226 54 228 97 95 0 98 255 237
    208 255 226 138 0 0 161 115 124 255 255 0 202 125 86 16 32 52 0 190
    231 122 0 149 140 207 13 226 255 0 255 228 147 10 26 147 166 140 14
    34 0 165 4 255 69 217 0 0 184 148 255 205 255 80 211 255 44 11 224
    57 176 100 111 115 231 9 130 113 176 9 4 83 175 0 250 242 79 41 30
    45 91 255 45 0 0 181 24 0 8 255 0 135 0 0 97 147 86 0 125 73 7 191
    255 58 137 89 0 221 158 0 0 0 255 197 249 255 55 153 255 149 137 0
    255 100 0 248 255 156 73 255 255 171 110 105 185 216 0 255 255 0 138
    108 205 255 120 212 200 0 17 249 255 0 30 0 186 248 85 255 93 9 197
    255 117 53 133 86 220 0 0 189 255 0 239 248 125 0 205 255 186 251
    164 255 142 0 50 255 206 237 251 255 206 255 30 155 153 255 0 43 32
    0 0 219 254 65 77 67 255 69 156 248 43 255 121 67 77 127 15 255 62 0
    128 26 79 255 236 98 61 244 0 174 255 1 255 252 250 255 255 186 120
    176 255 255 255 0 0 231 255 255 150 186 255 255 255 255 255 0 89 115
    202 139 165 86 111 90 0 33 187 248 33 230 0 128 0 1 18 91 189 0 0 0
    0 255 0 0 34 15 255 255 209 209 112 205 225 99 171 44 72 255 0 0 64
    183 255 37 25 199 160 43 93 255 255 241 0 60 161 240 255 255 97 76
    235 231 71 89 153 38 0 255 255 197 237 129 255 252 121 255 255 227 0
    54 35 0 0 0 71 255 12 255 219 0 125 0 32 129 199 171 149 137 241 187
    128 255 255 222 45 0 150 255 53 146 61 107 82 255 255 91 45 168 0
    137 0 0 255 162 192 211 139 208 248 137 255 224 0 255 18 176 0 108
    44 242 0 0 0 38 191 181 50 255 86 83 255 160 67 213 255 202 29 255
    142 15 244 157 254 0 255 252 100 255 255 0 255 0 209 136 0 237 0 0
    14 137 5 255 193 0 0 8 107 193 194 0 8 139 255 255 255 130 19 229 0
    84 35 28 0 202 255 24 56 105 96 255 0 182 245 151 207 255 49 0 79
    255 90 75 141 219 25 167 230 41 255 215 104 207 100 143 45 42 25 40
    188 215 0 145 255 107 229 153 255 199 192 161 249 0 0 255 17 255 12
    249 73 30 62 201 207 255 0 255 255 103 96 216 0 126 255 180 0 112 0
    159 240 173 133 252 0 18 99 254 113 208 144 189 123 232 255 104 143
    40 150 0 85 152 0 49 255 15 0 178 81 147 139 255 255 57 0 43 255 73
    185 255 42 0 138 92 0 0 255 0 181 50 151 197 13 16 83 126 255 95 24
    110 0 139 169 128 0 255 80 0 32 134 135 255 45 0 152 76 0 91 30 198
    134 101 23 32 167 210 177 7 122 255 255 255 255 55 109 46 255 36 255
    255 152 64 0 185 81 0 192 132 0 188 8 159 66 0 5 57 173 255 0 0 255
    178 246 252 255 0 255 0 0 207 173 255 0 242 16 255 218 255 216 155
    142 106 61 94 255 255 255 177 255 149 102 0 202 173 255 124 26 202 0
    12 68 104 0 0 0 163 255 255 60 0 255 123 180 107 232 47 1 251 153 0
    0 49 52 0 0 255 123 44 250 255 57 61 241 0 19 78 0 204 255 245 63
    181 0 0 0 203 255 90 117 108 255 222 104 255 0 255 62 127 10 0 236
    225 146 230 115 86 0 255 89 56 70 255 233 0 215 197 212 19 255 13 54
    255 143 126 255 142 0 198 238 0 193 65 255 56 41 68 246 41 249 0 31
    0 0 255 144 0 249 0 97 195 250 47 0 255 140 255 183 67 182 1 238 255
    0 78 255 0 200 66 255 149 249 216 255 156 120 152 0 181 181 163 182
    18 0 179 150 172 255 255 187 255 194 255 94 120 146 110 255 228 223
    255 18 93 12 34 115 137 230 4 107 255 255 188 205 0 250 178 47 0 255
    65 255 221 0 2 223 70 17 34 0 99 194 52 255 0 225 1 16 188 124 0 224
    0 239 69 110 53 69 18 2 255 0 222 255 137 0 255 97 0 120 9 255 255
    44 221 130 204 222 0 80 126 255 176 132 255 25 70 27 255 97 99 255 0
    246 103 0 251 53 0 239 119 255 112 167 50 255 254 255 70 0 219 57 20
    134 14 52 193 98 49 0 11 50 113 139 255 0 238 52 255 1 119 12 48 131
    24 175 247 114 222 255 201 0 173 0 190 255 92 19 209 0 44 248 255
    255 238 214 0 255 255 23 86 50 241 255 0 255 115 255 96 0 0 227 255
    0 104 40 0 220 199 140 108 255 255 189 255 203 238 0 6 205 68 0 153
    0 255 200 65 0 2 0 88 0 0 98 45 94 0 237 14 2 128 155 11 65 173 255
    166 79 255 229 46 160 0 110 0 161 49 241 117 238 244 255 255 0 242
    68 24 111 10 0 76 0 222 18 0 153 249 154 134 66 0 0 148 214 51 0 124
    108 10 0 168 165 255 2 255 5 166 211 255 0 0 255 44 220 125 114 29
    43 255 0 0 255 12 255 0 255 0 230 181 9 0 28 255 144 255 240 0 99
    190 16 136 255 19 11 45 93 19 123 0 255 169 236 232 74 0 174 0 0 205
    22 0 255 137 96 255 255 59 0 255 0 255 14 255 104 122 167 26 0 0 62
    190 0 45 255 225 255 0 255 49 130 83 0 255 0 47 0 253 113 154 200
    241 174 231 160 240 255 219 62 255 168 173 0 0 165 247 12 227 0 255
    43 158 85 37 255 0 0 164 5 12 130 0 27 0 0 217 255 160 147 202 0 235
    175 255 255 174 0 22 255 255 0 117 255 67 81 38 0 69 0 225 0 0 0 0 0
    188 255 172 255 196 0 196 237 65 202 255 255 0 135 9 0 92 167 9 31
    88 94 30 196 244 129 58 102 134 190 120 15 92 5 255 255 245 22 236
    255 0 39 255 196 28 44 4 171 0 236 0 255 88 255 0 255 255 91 43 214
    225 52 0 64 104 140 255 124 101 176 157 45 255 255 25 162 0 112 172
    0 0 85 0 31 244 255 126 89 0 139 187 92 255 51 4 69 0 95 193 5 1 0
    75 250 17 140 73 255 230 204 255 255 229 255 129 134 255 0 141 135 0
    35 235 55 40 114 179 255 2 0 0 165 0 255 255 95 255 121 184 142 160
    63 244 0 31 0 206 121 0 33 246 243 244 80 71 152 191 159 0 255 33 54
    22 0 72 206 52 133 106 255 25 156 255 105 121 134 172 221 130 213
    212 255 0 169 89 255 242 255 255 0 0 255 0 107 170 255 9 0 0 240 255
    0 22 70 0 176 53 102 193 102 0 70 242 75 20 255 255 0 207 233 143 32
    0 230 88 255 98 0 0 255 46 0 224 0 0 204 116 255 0 105 111 171 0 255
    255 0 255 0 255 96 152 234 55 239 64 0 63 83 105 137 0 236 124 0 95
    0 211 0 216 255 214 0 95 42 235 251 222 0 20 203 52 61 255 255 0 66
    0 83 185 0 0 32 0 255 252 255 30 255 163 255 133 77 227 255 58 243 0
    0 15 159 0 255 236 210 173 7 102 255 0 150 24 255 13 38 142 0 255
    255 255 237 255 97 0 254 233 130 0 236 0 0 6 177 255 134 0 230 0 187
    167 138 255 0 72 255 45 217 71 197 255 130 62 78 0 215 161 255 255
    34 255 32 141 255 255 141 214 74 255 220 62 255 92 167 0 0 255 111
    255 166 0 255 0 171 224 200 0 255 0 85 198 0 80 0 255 255 78 220 222
    60 117 0 242 255 239 227 22 8 255 215 203 141 26 0 248 230 0 255 185
    255 203 0 0 255 249 255 0 160 157 0 153 14 201 86 255 0 0 255 117 15
    0 144 255 234 154 84 0 255 161 95 120 1 36 88 166 255 74 255 255 2
    255 93 228 255 255 157 40 203 139 255 79 0 166 5 217 0 106 0 140 0
    107 0 1 16 143 255 0 61 124 148 191 0 234 10 0 0 0 170 0 120 70 0
    250 255 35 245 0 118 255 0 31 0 247 15 37 0 29 255 0 117 53 42 255 0
    0 106 93 0 206 154 255 119 115 42 255 0 194 229 41 53 50 10 255 199
    0 22 124 255 139 255 162 136 0 255 0 236 0 219 161 106 255 255 255
    180 63 96 255 48 0 174 68 255 255 14 228 195 239 177 101 236 67 0
    255 0 255 204 159 255 255 198 250 88 49 13 47 0 25 167 0 63 255 0 0
    0 0 98 146 205 81 88 0 203 255 0 119 255 255 62 255 107 232 2 166 37
    95 0 255 13 86 0 167 248 229 255 39 0 255 0 230 233 100 196 184 221
    165 255 97 255 255 255 99 167 184 117 201 0 229 255 148 255 0 131 0
    180 128 119 0 139 166 255 132 255 194 0 109 173 117 255 53 255 176
    72 50 255 0 0 0 208 60 0 0 255 255 123 188 162 31 0 224 242 83 34 11
    173 255 164 26 67 255 255 214 20 50 71 135 133 255 179 0 0 109 0 0 0
    0 255 6 14 250 139 255 255 255 112 217 0 0 255 130 210 113 192 173
    113 195 176 215 212 234 93 255 0 213 0 215 0 154 255 255 255 255 255
    255 128 255 141 84 0 0 27 0 0 176 0 249 151 151 0 219 32 217 225 255
    254 202 255 5 156 121 255 69 115 67 30 109 0 0 25 81 111 191 252 253
    208 255 167 255 255 45 255 255 255 62 0 94 115 0 237 255 1 83 99 255
    37 223 80 203 24 0 8 0 205 73 159 255 177 213 169 0 16 128 0 180 0
    82 255 0 98 0 37 255 255 0 255 255 0 255 0 255 86 255 160 171 255 22
    100 255 207 0 8 122 255 255 30 65 0 0 125 113 100 0 97 209 255 0 242
    255 107 255 126 0 182 19 117 0 105 255 0 140 255 222 230 255 255 0 0
    127 34 153 25 255 180 62 255 138 185 55 77 253 254 185 214 185 0 5
    63 130 111 255 29 121 20 67 64 82 75 18 0 136 255 106 89 7 255 0 0
    255 98 183 208 0 255 198 0 166 74 255 65 255 75 255 0 255 203 227
    255 0 34 0 37 0 84 217 70 255 190 255 148 134 255 15 175 177 255 0
    195 193 255 215 173 255 0 164 36 154 255 239 179 36 197 196 0 13 118
    255 255 55 186 59 255 110 199 113 0 90 255 67 113 0 142 0 39 139 0
    127 139 0 0 240 212 255 185 164 202 0 255 0 169 255 10 0 255 0 255
    49 255 0 160 255 218 116 255 147 21 225 130 125 0 255 155 70 255 179
    255 0 255 0 0 201 0 149 185 214 0 0 218 192 166 218 0 0 0 8 36 0 255
    229 150 255 244 9 161 255 0 0 202 42 35 21 88 0 242 255 240 194 151
    255 44 0 0 0 0 0 173 193 0 170 150 173 255 53 238 4 230 192 83 155
    245 0 0 209 255 53 0 82 16 255 0 199 66 16 118 184 0 118 210 79 241
    0 255 216 213 0 190 222 178 129 255 0 0 186 15 0 255 255 130 255 15
    0 0 219 141 159 255 179 255 43 151 131 0 145 62 0 17 255 255 137 255
    250 151 247 255 255 255 31 0 0 67 255 69 234 129 119 28 220 127 244
    235 0 255 255 255 186 0 32 184 85 249 209 227 160 0 0 191 0 148 116
    40 5 255 44 145 0 236 0 28 56 255 255 84 0 255 30 0 0 132 0 220 188
    0 227 255 160 167 255 202 255 236 208 31 0 0 210 84 0 0 46 10 200 0
    1 157 228 194 28 190 95 62 87 0 0 118 243 166 111 178 255 0 255 255
    25 204 29 0 181 166 123 0 246 223 255 188 88 63 153 255 0 222 255
    120 57 255 113 255 0 0 255 255 19 0 140 142 253 229 103 6 171 0 108
    255 0 153 252 201 0 57 255 0 255 0 201 0 140 177 48 255 167 197 236
    255 77 183 255 0 15 33 215 0 8 7 241 255 0 255 13 65 215 0 206 18 9
    241 237 255 73 181 198 184 113 30 55 119 255 25 177 122 255 64 66
    135 152 86 237 105 0 37 255 252 237 231 254 121 100 0 0 32 0 255 229
    230 171 61 238 0 0 182 178 242 59 90 255 28 2 108 43 169 48 255 206
    35 202 2 0 20 185 132 138 159 99 6 250 0 205 42 0 255 251 64 70 159
    0 171 197 250 202 197 141 176 8 138 0 46 255 255 0 47 177 136 136
    191 241 255 0 99 45 240 250 67 108 181 0 122 255 220 136 53 68 111
    195 162 0 0 255 91 0 163 103 49 202 188 123 255 115 0 19 86 0 0 214
    255 255 183 0 20 73 53 239 32 0 0 255 15 0 6 255 46 29 26 130 85 80
    0 138 58 223 255 0 255 71 255 39 0 0 177 29 145 0 104 0 172 0 0 0
    159 167 0 101 0 255 45 243 255 203 255 31 58 242 149 32 137 255 102
    29 0 36 102 81 46 139 32 0 255 255 73 46 0 188 0 255 117 255 245 114
    111 255 173 0 74 146 127 63 255 153 5 158 139 86 255 221 20 255 181
    0 48 229 0 35 32 41 107 54 242 157 0 0 113 0 0 121 67 255 120 255 18
    0 0 68 247 202 54 174 255 0 195 183 255 0 97 0 0 238 0 255 0 172 109
    0 0 0 85 0 0 206 128 124 255 255 0 129 5 0 255 162 0 77 182 242 115
    255 223 213 0 255 164 127 143 0 23 166 110 136 255 243 71 255 6 242
    132 47 3 58 255 255 240 0 0 0 0 255 0 113 125 90 223 255 110 191 13
    219 255 44 5 5 18 192 255 0 208 222 98 222 149 189 165 0 255 0 105
    45 233 255 0 57 7 0 255 119 113 255 255 255 81 131 13 6 12 255 239
    211 193 255 244 8 255 137 204 37 0 212 149 154 227 0 24 255 53 255
    179 6 67 132 114 0 150 160 255 248 164 255 255 227 115 229 173 0 0
    56 6 223 14 0 63 243 211 236 129 254 15 227 0 255 237 255 201 0 176
    56 44 12 22 168 0 242 255 255 0 255 0 108 133 0 182 188 0 33 107 99
    9 255 237 211 255 93 26 123 52 0 0 255 0 203 180 211 0 203 127 172
    224 229 114 241 0 115 226 184 112 120 215 0 193 0 102 0 154 255 215
    255 248 13 255 250 0 255 0 156 255 12 64 52 130 222 121 78 132 94 0
    115 138 168 132 253 0 4 254 178 255 24 212 255 128 119 0 141 255 177
    255 255 92 245 115 255 244 255 69 126 255 0 218 3 255 95 255 130 190
    92 255 255 35 255 227 255 17 163 210 172 191 34 0 167 87 35 72 137 0
    121 0 54 0 255 136 0 24 23 204 0 98 41 117 41 0 244 226 198 74 39
    173 213 154 255 0 39 27 0 148 246 255 255 97 90 172 164 158 233 100
    168 240 139 188 0 255 37 61 87 0 255 205 242 207 255 245 255 145 95
    239 162 74 155 0 18 210 255 0 4 168 230 0 255 0 133 93 41 39 0 135
    183 0 110 116 255 0 20 0 141 255 71 255 146 0 86 104 0 151 170 18 0
    183 128 0 255 96 30 0 16 255 183 0 0 21 255 255 190 255 255 0 233
    255 7 26 213 209 96 255 255 64 255 183 255 0 0 113 0 255 255 31 200
    164 130 255 255 255 146 251 46 0 255 165 255 88 101 0 116 189 45 16
    225 58 90 103 255 112 152 0 81 177 255 125 0 0 255 31 195 168 255
    187 36 124 0 210 50 151 255 0 147 77 12 214 124 0 255 13 18 0 109
    119 139 33 68 255 255 10 167 255 0 42 86 113 119 0 114 0 242 150 0
    255 255 255 255 0 47 255 165 0 0 214 163 44 18 255 246 141 255 255
    152 86 163 122 101 255 95 0 209 155 255 245 98 0 197 146 229 0 170
    225 221 223 0 0 69 255 166 29 142 0 192 255 30 46 0 37 0 0 64 31 255
    7 23 218 0 98 181 59 0 255 255 88 94 253 255 151 0 79 0 90 38 149 61
    45 235 255 123 255 149 77 208 162 255 28 255 72 0 255 5 237 253 255
    126 0 255 0 255 255 167 148 63 198 60 0 41 0 0 255 197 142 23 15 6
    103 0 255 92 0 102 0 77 0 0 4 239 0 230 36 147 0 255 184 220 3 255
    255 255 0 207 138 80 167 0 0 24 60 5 0 252 255 0 202 0 0 80 164 148
    215 77 207 10 0 6 0 141 187 243 69 73 255 62 106 152 232 117 139 14
    0 229 52 76 101 77 29 14 255 55 0 193 0 43 255 93 255 255 255 243 36
    102 103 208 0 133 6 255 132 198 255 99 0 2 68 0 255 30 129 72 57 138
    138 255 220 75 69 0 255 0 0 0 255 0 255 0 0 247 222 70 0 0 51 44 185
    152 0 255 150 0 0 0 27 16 255 255 0 255 41 4 0 189 0 0 0 153 243 76
    35 116 255 84 0 255 45 255 207 0 23 134 157 100 27 16 0 190 166 223
    0 51 255 43 0 255 0 236 212 255 166 255 255 71 0 255 0 0 255 255 255
    255 105 255 239 0 255 53 180 6 83 54 255 152 90 0 0 189 45 0 255 158
    228 0 236 137 103 0 255 200 24 0 4 189 52 220 0 0 71 255 140 140 248
    0 255 217 0 193 137 0 67 255 0 85 0 92 130 255 0 34 158 113 37 70
    204 237 81 199 255 101 51 10 170 47 104 255 0 255 197 73 0 0 154 192
    255 80 38 75 132 255 161 255 141 255 118 80 224 0 188 255 169 255
    113 255 156 242 64 9 62 0 59 160 255 246 239 0 34 176 255 255 46 122
    255 196 180 0 173 173 192 159 132 54 0 222 0 255 40 228 138 181 253
    255 173 0 55 32 0 250 78 255 252 45 255 245 255 111 0 44 159 216 182
    29 49 172 255 26 0 246 80 5 168 229 209 232 208 110 255 64 123 231
    255 101 255 203 255 198 3 28 32 255 231 92 255 0 247 157 1 255 58 48
    0 165 252 0 24 177 0 230 111 102 97 0 137 255 151 15 103 83 163 114
    255 0 253 255 34 0 143 238 42 107 25 184 136 37 30 188 13 205 153 57
    200 0 31 183 255 185 225 171 255 255 0 255 228 255 136 140 248 0 0
    236 48 90 21 0 255 30 126 255 0 60 212 0 255 35 0 0 140 162 255 255
    255 255 103 197 118 179 255 0 38 30 255 124 255 190 0 0 154 21 255
    255 252 228 0 0 0 98 53 0 17 255 201 0 131 149 255 255 237 141 0 246
    80 53 91 178 143 0 255 92 64 2 204 255 59 0 255 114 0 215 255 220 42
    0 0 255 50 228 0 0 40 215 136 187 255 232 210 0 68 219 62 218 0 6 20
    0 0 0 246 223 239 255 255 73 255 255 120 255 0 255 28 255 255 0 255
    122 83 93 71 106 0 125 240 40 19 29 82 29 255 46 234 162 107 255 255
    255 112 178 97 234 96 255 244 255 152 180 153 3 255 11 206 146 255 0
    88 0 209 225 9 197 227 86 0 109 54 114 56 70 69 229 255 99 127 255
    202 255 107 0 25 52 255 199 59 223 247 21 132 41 15 84 27 0 147 83
    10 255 209 255 35 0 237 238 255 104 143 0 158 75 255 0 255 63 80 255
    255 255 0 183 252 0 164 0 0 44 100 255 120 79 255 0 255 255 0 29 57
    0 255 120 234 4 255 48 195 185 206 255 104 156 39 16 150 0 255 0 241
    100 107 27 146 0 0 0 255 136 0 245 122 224 121 72 58 155 195 47 255
    138 101 222 0 141 123 67 126 26 0 245 253 0 22 0 255 62 0 154 72 26
    255 197 101 255 0 255 255 0 42 71 219 189 159 111 171 148 0 252 255
    237 67 0 137 0 40 0 0 255 155 255 255 0 0 209 131 0 35 255 99 246
    120 0 0 83 137 176 0 252 132 58 161 255 56 255 204 185 177 0 0 0 84
    244 46 255 255 205 195 127 0 174 0 32 37 152 198 106 74 255 56 198
    100 44 255 0 169 255 248 114 0 98 13 58 255 255 193 68 255 255 95
    217 118 72 0 48 106 122 255 0 255 0 0 199 202 166 64 88 0 122 74 255
    176 0 255 158 56 205 137 136 255 221 98 202 141 255 139 255 0 255
    255 255 119 223 182 0 16 29 0 48 140 148 255 46 246 50 31 255 0 0
    111 0 0 0 9 1 0 255 60 0 0 176 30 84 0 226 27 0 49 0 129 221 21 23
    168 0 168 90 87 27 255 255 255 36 250 111 255 154 215 0 255 0 185 0
    203 162 0 20 157 0 255 79 225 195 0 78 161 107 171 161 4 0 255 255
    255 0 255 255 0 80 255 0 242 0 255 175 112 0 38 205 8 104 55 0 0 255
    29 211 185 0 255 255 177 0 5 255 255 0 255 182 60 185 22 182 0 0 226
    134 133 112 151 0 33 255 205 211 106 0 0 5 123 193 186 78 0 90 0 137
    46 141 133 6 141 71 200 9 255 181 255 175 70 203 0 115 0 255 255 108
    70 255 254 70 176 0 54 0 51 255 0 31 214 239 255 158 228 89 7 131 77
    118 241 0 0 221 0 211 255 143 49 14 255 181 230 255 39 0 255 236 158
    207 84 178 214 221 30 255 255 133 255 255 0 0 0 255 143 0 255 20 231
    0 181 148 139 154 134 201 0 73 196 201 0 154 255 0 0 71 195 124 72 0
    243 170 0 16 255 49 255 0 253 8 0 255 8 39 255 0 0 55 0 111 251 200
    0 0 255 241 135 255 159 216 255 0 0 255 219 141 0 181 249 33 0 229
    146 120 0 200 175 141 107 255 0 255 255 0 54 69 146 227 255 165 255
    24 0 255 7 105 255 142 94 184 0 0 255 252 248 10 52 62 155 171 255
    255 151 255 172 225 182 255 66 116 74 174 0 173 38 202 255 255 162
    251 231 105 62 0 29 255 206 128 210 255 47 0 168 104 226 63 0 154
    158 12 0 255 255 172 167 220 255 253 255 132 255 252 181 203 228 129
    122 251 232 106 0 43 46 0 236 255 127 39 31 166 0 33 255 255 0 189
    255 171 0 0 6 147 185 59 255 218 75 35 0 0 0 21 231 18 253 142 86
    255 219 156 255 255 36 255 0 0 11 46 185 123 85 0 0 255 212 21 255 0
    245 191 177 226 222 255 255 0 255 169 20 176 85 14 69 186 221 167
    255 81 201 168 29 189 197 0 255 60 189 255 184 206 255 184 0 238 255
    103 255 255 0 0 245 0 255 64 195 255 255 0 255 173 49 202 205 117
    231 206 157 0 0 186 0 0 0 28 211 187 179 74 255 12 197 85 46 108 0
    183 57 255 255 214 255 228 200 255 231 151 168 24 146 0 0 114 181 52
    243 255 92 0 82 180 140 35 0 83 172 112 36 145 0 255 34 255 0 153 0
    0 255 255 255 255 33 255 243 176 92 0 41 61 140 68 243 218 26 73 10
    240 0 255 124 240 111 255 0 27 85 0 9 84 210 129 220 0 0 13 42 60
    255 0 0 61 0 109 255 38 139 255 130 0 221 237 67 171 255 0 203 13 0
    147 70 0 0 255 54 137 67 0 143 0 0 255 146 90 255 255 148 49 23 0
    106 24 10 255 38 255 255 250 217 0 0 255 114 0 176 0 185 178 61 23
    83 101 67 141 0 12 213 0 255 64 66 17 26 218 129 0 174 0 255 239 88
    66 245 255 21 0 119 36 60 146 196 147 0 233 255 208 0 139 94 215 124
    145 255 95 177 84 18 197 237 0 226 27 81 22 48 52 230 76 185 176 65
    166 213 64 183 183 0 0 255 184 0 20 185 18 196 255 252 111 81 17 255
    242 14 156 155 45 244 59 60 37 255 255 208 108 74 148 197 5 245 168
    10 255 227 113 213 33 255 200 34 17 255 79 255 87 255 255 144 225 97
    72 130 254 255 109 113 0 255 223 193 255 255 255 199 218 196 94 255
    57 0 0 199 255 146 127 245 5 0 12 63 255 82 194 53 0 0 184 255 0 190
    224 39 70 200 184 38 59 32 165 115 170 210 111 255 60 0 18 0 132 175
    0 219 83 252 5 181 39 45 89 255 0 129 36 193 0 124 22 0 0 54 89 0 34
    255 94 0 255 0 0 25 57 186 108 155 52 0 74 137 161 39 62 255 249 162
    115 255 255 255 144 255 255 164 150 255 255 148 139 22 183 103 126
    43 64 68 255 13 56 209 255 13 215 116 143 88 202 0 18 113 243 255 28
    81 36 174 167 198 93 253 136 190 0 255 123 0 0 135 0 255 80 38 255 0
    255 0 128 132 183 12 255 83 165 78 249 109 0 168 255 185 205 0 0 230
    0 67 49 137 145 0 0 169 255 172 0 255 237 0 148 175 237 0 42 85 0 0
    173 218 0 0 255 255 113 131 0 0 255 0 77 0 255 112 25 255 120 159 77
    218 113 17 255 0 36 35 187 165 28 93 212 162 69 0 7 197 71 162 51
    158 0 85 0 255 0 0 255 255 228 174 255 76 99 255 58 255 255 0 244
    255 255 102 255 88 230 100 0 0 0 228 168 0 235 22 17 17 185 0 255 23
    202 240 255 17 186 9 0 6 0 191 254 214 40 89 63 59 115 255 40 255 47
    203 68 0 255 0 95 224 163 0 231 244 123 0 0 253 0 172 9 174 0 255 14
    203 255 0 255 157 15 0 255 149 160 255 255 191 151 170 79 135 0 52 0
    0 23 0 0 0 184 197 65 255 213 83 0 113 255 25 136 68 119 37 51 129
    88 0 110 119 255 186 216 255 255 255 192 102 176 28 184 255 205 255
    255 255 109 255 112 255 130 118 255 239 255 15 201 174 100 255 255
    255 255 131 155 255 53 0 255 255 23 75 255 241 255 255 8 0 0 159 99
    255 98 42 83 0 114 101 183 146 255 255 225 42 232 255 255 255 255
    255 255 40 0 83 219 125 90 255 105 0 108 137 246 255 110 128 80 255
    0 0 133 0 0 0 216 0 177 0 0 255 0 213 255 0 255 46 255 175 233 0 175
    105 255 136 118 0 235 255 0 165 155 110 26 180 188 210 62 146 71 150
    44 171 64 127 253 107 212 0 227 214 29 71 255 255 153 0 202 0 0 120
    0 194 194 94 219 255 127 0 0 166 137 48 255 207 37 128 234 212 93
    244 255 164 248 242 240 255 0 188 231 194 9 85 151 210 0 158 235 255
    48 144 255 20 0 201 255 255 255 149 246 255 123 165 179 133 76 255
    27 59 109 224 0 87 255 0 126 0 211 103 255 194 255 47 255 79 255 209
    0 85 243 208 196 0 144 81 255 255 162 41 48 164 42 255 240 1 24 0
    105 0 0 0 255 131 50 143 255 255 92 255 250 143 255 255 0 203 207 87
    67 106 255 194 127 255 255 197 255 245 222 0 91 168 59 0 249 150 0
    182 84 188 151 255 255 64 150 243 168 98 121 255 162 14 148 197 255
    98 108 255 0 152 145 255 255 250 46 217 0 145 181 255 0 15 255 98 46
    255 57 41 219 0 36 0 0 14 146 66 102 133 124 95 196 255 226 137 110
    255 0 255 255 255 240 0 80 158 0 149 255 221 73 173 255 60 27 195
    255 67 0 255 83 0 52 230 104 0 31 242 46 255 90 246 106 191 201 31 0
    255 115 29 247 255 255 70 225 255 255 255 255 255 112 155 199 0 27
    230 255 222 182 170 0 187 242 0 122 242 255 200 35 151 149 255 255
    45 204 0 0 255 255 255 255 246 0 108 152 5 255 223 255 255 255 213
    255 255 0 43 56 213 0 65 104 241 164 0 0 94 86 0 163 248 193 131 134
    153 198 0 229 228 125 255 248 174 127 255 255 120 255 177 222 0 31
    73 0 46 165 236 81 0 225 113 184 99 22 79 184 212 255 0 0 0 65 0 251
    255 126 0 255 234 0 207 249 139 255 0 255 85 0 170 31 60 0 0 69 172
    222 0 192 255 0 184 0 114 205 200 29 18 67 201 255 0 217 0 255 255
    128 0 117 107 255 124 76 108 54 123 255 218 247 188 0 0 255 255 115
    220 0 255 0 255 0 188 255 0 255 0 109 0 0 91 112 14 0 0 0 255 255 0
    0 226 79 255 198 241 0 81 255 255 255 197 210 0 0 8 97 0 255 255 20
    108 101 0 101 10 255 255 251 236 65 255 34 83 255 0 47 161 6 0 199
    113 183 0 32 226 0 166 18 228 250 0 170 215 106 179 140 255 250 255
    255 43 0 255 119 0 119 0 255 167 0 0 255 255 161 0 142 21 158 0 255
    255 255 216 0 40 220 21 48 152 172 27 0 214 238 255 255 165 126 0
    255 189 255 0 42 0 87 0 87 0 0 0 238 166 0 255 18 255 7 202 0 159
    242 11 48 225 35 0 239 144 0 16 211 0 255 0 0 196 6 246 255 255 30
    28 82 0 70 198 255 92 0 143 161 102 216 248 170 248 91 124 255 161
    78 30 0 44 255 62 0 7 0 0 255 175 0 215 0 11 242 112 255 255 157 209
    255 227 49 233 255 168 255 57 197 39 44 226 231 255 0 52 255 0 28
    190 0 69 249 205 40 133 255 49 206 189 255 13 57 255 38 0 0 0 86 255
    235 255 72 53 225 0 35 166 61 228 8 136 245 255 153 22 114 0 255 255
    104 142 255 213 0 0 0 135 140 219 242 44 231 255 176 190 255 157 9
    154 0 0 93 2 123 100 109 201 0 0 0 255 255 0 167 213 53 255 0 255
    248 15 54 255 133 0 206 0 255 169 0 164 255 56 248 92 89 89 0 15 0
    139 57 222 149 40 52 111 71 138 95 226 1 143 0 255 63 150 189 0 19
    169 9 142 252 255 137 152 37 0 0 0 0 169 112 26 0 71 187 0 119 190
    132 0 247 131 200 21 0 255 3 0 0 145 222 191 206 255 0 19 54 60 255
    246 38 82 255 42 172 0 213 190 190 117 0 255 124 236 255 255 0 255 0
    95 117 255 0 153 14 255 50 255 131 255 198 116 0 255 255 0 63 100
    104 172 0 77 65 91 215 47 168 215 50 0 69 255 222 0 163 100 166 69 0
    99 16 112 42 249 0 235 255 46 0 200 75 46 0 16 120 220 124 114 0 255
    173 255 178 22 0 0 64 91 0 255 114 255 0 33 255 136 0 165 121 255 9
    20 90 84 38 125 255 255 255 62 255 107 188 5 64 219 92 127 86 0 31
    18 124 255 1 116 255 7 0 59 255 172 13 38 255 0 0 142 228 215 108
    252 255 33 255 6 255 228 183 0 125 86 0 184 140 182 223 255 67 255
    255 14 255 100 71 0 255 0 198 247 74 47 255 212 98 169 77 195 35 0
    255 98 0 6 0 0 0 190 184 255 255 158 255 0 131 106 172 255 255 129 0
    255 78 255 0 0 0 112 255 64 119 255 255 247 0 129 203 18 113 168 11
    226 235 204 52 228 0 40 29 253 173 0 92 144 74 250 255 238 0 24 0
    255 173 165 129 0 108 159 0 51 255 35 255 85 0 76 100 0 211 255 0 0
    149 82 23 78 190 255 70 159 249 255 255 197 252 0 0 255 179 213 200
    59 167 0 0 255 84 28 0 35 255 158 35 0 116 0 239 65 255 0 63 0 68 0
    0 141 255 0 255 63 110 105 22 0 49 98 255 122 99 161 0 140 100 255
    208 244 18 0 0 38 252 255 255 137 125 69 255 179 186 69 233 203 90 0
    255 255 0 50 209 0 103 11 212 112 105 196 6 131 226 236 7 58 0 213
    135 205 59 255 249 126 19 114 132 0 0 255 37 255 255 255 190 216 14
    35 200 45 255 6 228 0 83 255 168 255 0 124 228 0 206 1 103 122 0 206
    20 0 90 242 255 0 166 69 180 255 0 0 70 21 73 0 216 0 88 49 0 61 0
    255 255 0 42 220 255 101 24 255 66 0 0 0 140 92 0 0 255 201 53 180
    255 223 105 241 0 125 0 111 178 6 255 240 192 222 255 255 34 122 208
    111 195 15 255 255 131 255 7 0 222 0 0 119 244 255 60 216 12 36 10
    255 53 131 219 62 0 235 51 255 211 139 60 0 137 255 143 180 0 194
    230 135 9 240 255 113 100 255 0 199 174 236 31 255 29 0 156 61 0 255
    27 61 6 0 137 0 98 251 0 255 255 174 0 219 221 119 0 0 255 12 255 96
    204 167 0 0 31 0 0 251 212 103 109 121 255 199 34 255 11 206 192 233
    0 0 255 38 6 67 165 255 19 177 0 0 193 222 35 92 160 231 37 79 229
    200 65 0 139 206 0 0 0 26 0 32 172 98 1 255 144 255 82 255 255 230
    39 0 0 97 91 0 0 82 0 112 255 164 166 255 252 0 123 0 141 0 0 118
    108 162 0 156 188 89 0 205 218 255 230 198 255 131 148 0 61 36 191
    255 156 135 211 0 207 255 245 6 172 74 150 96 245 25 244 0 149 66 52
    255 45 255 74 255 255 39 0 255 255 235 18 255 255 0 255 0 106 59 123
    254 255 59 208 213 0 255 10 0 255 255 46 191 209 79 106 12 255 208
    255 101 216 117 255 16 226 161 240 196 0 0 255 233 255 244 255 0 0
    66 0 166 12 63 255 0 151 216 0 105 203 96 255 255 255 30 107 0 1 91
    103 212 0 0 225 0 99 224 0 56 88 255 167 27 0 33 7 192 56 0 255 67
    255 255 129 255 0 220 162 97 0 30 255 166 255 255 157 103 166 255
    121 255 0 255 0 133 255 0 87 28 0 255 56 138 237 0 240 93 134 255
    255 255 207 0 25 49 105 10 255 255 97 102 114 0 97 107 118 26 122
    138 255 127 86 0 149 233 20 112 0 133 226 146 255 0 119 146 7 189 33
    108 212 129 124 63 57 31 47 28 162 0 174 255 255 0 0 124 189 22 62 0
    116 110 0 100 86 63 96 0 255 0 0 164 52 131 7 15 153 3 0 95 202 0
    240 0 123 17 0 0 148 0 154 255 81 255 204 70 83 0 60 255 0 189 24 1
    8 110 251 139 0 255 0 255 209 143 170 41 0 255 0 172 46 13 195 156
    96 59 19 142 92 160 17 193 0 187 66 0 236 51 51 255 28 0 196 66 47 0
    196 210 110 213 255 215 255 51 204 81 120 255 145 255 0 184 63 255
    183 203 138 21 0 206 68 255 0 137 101 160 0 50 0 160 253 255 177 68
    0 255 0 254 236 0 242 255 38 119 255 0 198 131 228 0 255 51 0 255
    125 250 11 66 55 255 0 211 241 75 111 5 189 117 255 244 255 0 75 35
    107 6 218 44 150 70 0 149 38 87 234 21 0 123 0 81 255 0 125 188 255
    255 17 13 238 115 0 165 208 168 42 235 255 175 52 170 189 12 255 2
    140 0 134 99 255 0 214 66 0 76 95 0 138 0 184 15 49 45 217 0 170 0
    255 53 0 133 145 112 151 121 145 0 91 82 126 48 0 255 68 247 132 255
    255 149 255 0 38 56 197 8 124 126 234 119 119 255 0 70 121 0 63 100
    98 158 0 0 41 120 0 0 212 203 235 151 222 70 255 210 218 201 213 65
    107 0 0 242 156 37 255 227 207 0 255 246 208 174 255 213 109 0 224
    21 45 124 39 192 99 255 255 110 223 255 244 255 79 118 27 58 231 111
    94 241 178 222 185 0 27 14 246 255 24 255 255 255 102 206 125 214 0
    255 28 227 0 204 0 183 255 255 255 41 255 0 106 40 0 102 142 225 148
    19 255 255 87 122 255 131 7 14 0 185 0 250 0 255 107 116 143 66 192
    35 44 14 138 255 242 255 149 160 234 89 173 213 99 246 116 100 255
    228 53 61 225 23 65 255 255 134 255 200 255 0 0 255 255 147 255 131
    168 114 255 190 255 255 31 222 149 109 124 189 222 87 117 194 126 9
    138 240 117 23 114 255 193 132 230 101 0 70 255 195 31 83 255 192 0
    166 127 255 193 135 76 255 98 5 93 196 255 203 196 255 44 52 78 92
    251 145 0 113 174 102 221 92 28 0 255 0 182 183 0 97 234 237 120 248
    41 231 129 255 76 0 255 193 0 255 137 255 227 0 247 0 255 255 78 60
    255 255 0 230 113 234 225 121 0 153 21 155 43 241 236 10 76 74 86 0
    112 243 215 255 255 175 58 75 0 255 4 238 255 98 217 116 66 246 187
    249 255 255 255 250 206 0 255 0 73 0 36 24 0 0 23 185 0 140 255 0
    255 198 0 46 255 249 0 27 180 0 70 10 84 135 86 5 0 33 0 0 0 0 217
    121 0 169 174 255 111 0 122 255 55 168 209 255 12 173 51 230 136 0
    169 255 238 96 111 86 181 255 43 244 34 0 231 0 255 255 247 255 180
    58 0 255 163 197 172 165 172 0 255 117 127 200 255 239 128 0 239 126
    0 0 0 14 246 139 133 255 228 224 255 49 249 144 0 53 0 45 8 0 167
    216 0 195 35 225 135 125 255 216 177 135 173 0 56 110 224 255 133
    211 216 90 218 243 0 92 229 0 0 195 179 0 0 0 175 0 255 0 255 170
    109 0 255 255 214 255 0 50 255 255 242 255 255 255 204 123 180 77 0
    255 88 32 15 19 237 48 0 135 29 179 230 165 255 0 255 255 179 161 70
    6 40 215 145 125 123 255 57 162 234 255 109 140 185 73 185 0 231 255
    198 185 145 83 255 0 150 130 175 225 70 87 82 95 0 24 17 255 226 0
    255 111 183 255 170 57 232 250 88 199 48 194 232 181 0 240 0 117 0
    93 105 86 0 255 13 153 179 242 203 218 250 153 27 198 59 0 82 0 214
    37 255 255 131 27 118 0 165 255 85 166 255 48 255 255 200 135 0 164
    0 29 3 0 0 234 255 121 62 255 0 0 255 70 255 0 0 131 1 255 2 15 255
    0 234 0 255 0 165 158 0 163 0 0 97 196 161 0 3 0 108 230 132 0 0 145
    170 207 149 132 35 229 255 208 237 0 255 215 164 175 139 175 126 250
    224 25 223 0 189 0 165 255 0 189 255 255 171 0 105 194 9 255 0 162
    255 0 0 255 73 105 176 21 178 0 116 0 0 106 0 70 59 129 244 191 232
    210 158 156 39 0 80 123 18 63 186 255 0 0 0 96 229 237 254 96 160
    255 150 67 0 124 114 131 12 255 0 148 202 103 193 18 255 18 255 147
    93 28 112 37 0 0 174 193 65 63 109 16 38 200 41 0 255 170 37 0 171
    250 133 255 255 0 198 0 0 115 76 192 255 0 27 61 41 255 235 0 0 0
    213 255 0 255 255 255 195 63 146 185 91 66 11 220 0 92 0 255 0 0 255
    78 160 14 183 255 255 184 78 14 167 0 0 0 194 123 0 45 255 142 0 39
    255 215 27 219 249 191 18 255 0 209 0 89 255 15 68 0 215 101 13 142
    220 0 121 179 182 246 174 233 65 0 0 0 211 107 255 6 0 35 255 0 36
    81 211 0 0 0 255 109 185 150 255 0 0 171 0 227 151 0 255 226 168 153
    255 204 209 0 46 22 255 73 255 255 0 95 233 0 181 0 72 22 0 255 146
    255 85 255 151 0 251 181 46 106 0 166 253 201 255 0 243 172 159 0 0
    40 247 0 57 0 168 195 162 255 27 255 255 230 147 31 255 52 160 108
    255 255 236 255 0 72 55 0 18 104 199 230 255 255 110 231 109 38 38
    15 0 32 144 175 14 0 255 95 155 179 101 22 0 255 185 255 231 203 226
    16 31 174 200 255 113 28 154 178 10 0 231 255 235 72 255 55 181 28
    14 203 133 31 255 31 165 201 44 0 217 253 0 0 0 76 188 253 178 229
    16 255 230 97 170 17 0 184 255 23 25 6 85 117 255 0 217 255 99 236
    255 0 29 170 26 255 8 234 33 70 255 206 255 255 221 255 194 184 255
    44 89 33 255 255 0 107 255 130 159 180 52 89 11 127 0 235 221 255
    255 255 106 20 52 48 228 22 109 62 255 0 255 255 56 255 225 255 255
    0 255 140 0 35 0 93 151 117 0 251 64 203 43 0 0 150 228 98 1 219 255
    0 255 0 0 0 0 66 151 0 8 0 79 117 51 237 166 214 255 23 176 0 182
    248 43 0 40 166 166 168 0 1 173 71 19 234 106 210 255 79 141 0 78
    251 221 255 222 255 0 0 255 35 14 63 8 103 46 255 234 193 0 170 197
    0 176 239 119 0 255 117 255 241 78 0 139 11 85 255 0 187 114 236 63
    202 117 39 255 151 17 0 255 0 81 156 88 142 72 53 255 105 0 94 246
    255 226 0 4 174 0 0 198 254 0 88 0 118 72 98 246 0 0 69 149 140 114
    0 255 0 148 163 201 223 95 233 0 0 255 57 248 0 0 220 74 255 0 5 33
    0 0 165 255 186 0 23 97 0 255 7 45 255 0 0 163 254 62 76 255 0 255
    255 0 199 255 255 8 164 255 255 214 31 209 255 77 0 79 0 151 36 127
    255 107 217 255 255 255 84 86 0 166 20 0 0 86 221 0 89 255 230 0 255
    38 228 255 255 255 54 0 105 232 255 189 255 68 91 128 62 255 0 161
    184 133 200 0 245 255 0 254 232 215 255 255 0 204 255 46 0 254 186
    255 255 0 210 0 2 191 70 255 55 184 0 255 128 198 66 90 47 0 0 255
    138 0 179 70 86 250 255 9 79 255 0 61 133 137 0 104 255 1 64 129 0
    191 0 190 255 0 201 40 70 0 255 128 88 201 235 0 75 86 46 172 17 255
    0 146 188 0 239 255 156 246 0 56 62 255 203 74 0 0 0 255 212 255 0
    47 185 255 145 23 0 255 0 0 135 15 55 210 231 251 255 139 254 0 69
    255 255 201 68 238 42 0 137 111 240 105 123 172 255 0 151 57 255 0 0
    25 202 255 255 0 255 255 0 224 86 30 0 30 255 10 147 132 203 134 126
    82 255 34 0 97 225 80 76 0 0 232 0 159 159 255 139 251 9 167 185 154
    210 79 237 72 72 255 169 255 123 34 255 125 5 100 0 156 68 0 246 176
    0 255 4 132 0 0 255 31 71 2 0 168 54 255 175 55 0 22 0 0 153 111 0
    112 123 87 255 0 167 0 13 8 92 90 179 0 112 255 14 255 46 102 148
    125 1 196 63 172 191 27 249 6 255 0 127 255 0 71 142 205 176 159 255
    211 255 255 255 0 33 189 255 229 155 53 36 40 255 230 0 255 4 0 70
    255 48 35 196 42 164 255 61 139 161 0 155 98 255 255 72 0 255 129 14
    92 175 255 50 15 108 27 255 246 255 255 2 90 128 0 226 113 1 97 226
    255 108 0 204 255 53 0 74 48 0 72 239 29 243 255 59 206 128 39 191
    75 0 255 0 72 252 17 0 0 25 0 255 106 200 16 255 0 216 22 76 215 0
    107 149 255 55 0 216 198 63 195 183 0 0 29 55 255 30 255 103 129 117
    255 208 0 124 175 179 128 0 0 242 255 0 0 0 133 194 56 198 0 236 255
    255 0 40 32 255 255 119 27 46 112 164 129 157 0 0 121 164 0 137 94
    140 191 38 124 82 2 230 0 209 75 240 255 0 1 255 211 175 0 255 201 0
    68 0 255 0 134 122 146 255 212 92 184 190 112 163 0 0 255 255 132
    215 130 122 255 73 148 178 0 19 0 106 209 151 255 0 77 106 175 33
    171 0 255 39 255 163 6 161 0 143 75 0 255 164 0 154 255 0 250 0 38
    174 0 82 229 34 255 194 255 0 255 0 255 0 187 131 0 225 0 79 0 9 0
    139 242 255 37 83 93 255 255 0 255 0 84 230 190 0 140 255 0 96 255
    255 77 0 129 255 83 131 255 0 255 5 172 141 66 255 39 76 60 255 9
    141 131 215 252 123 147 161 255 255 224 181 226 0 255 255 171 0 112
    213 242 244 255 14 150 160 36 149 255 191 194 123 0 0 23 89 57 195
    74 35 255 37 24 57 0 43 0 162 109 137 228 207 255 57 0 255 0 0 68 46
    255 0 0 113 87 255 195 255 255 161 255 89 21 255 0 140 224 129 0 33
    255 236 0 255 255 22 83 193 255 0 0 169 113 186 138 141 212 53 139
    255 229 0 255 255 255 95 255 255 139 238 55 88 0 255 93 126 255 220
    135 173 178 0 0 184 255 0 255 255 0 255 255 0 212 164 0 151 255 255
    159 0 207 0 2 0 143 123 80 255 0 255 182 0 193 134 252 0 0 49 62 170
    215 27 255 255 192 255 212 82 17 135 148 171 116 255 206 19 118 255
    85 228 214 75 113 161 0 188 133 184 81 255 255 15 0 209 99 178 76 52
    0 184 80 160 250 26 252 0 117 255 15 151 0 106 250 0 26 50 255 255 0
    15 85 153 5 34 255 21 0 16 255 255 7 0 255 0 0 255 255 157 255 202
    165 187 225 148 216 0 255 0 92 255 19 0 116 255 132 174 59 204 0 32
    18 255 36 255 207 55 37 113 255 55 134 113 31 31 76 144 13 204 202 0
    0 45 230 203 54 87 255 0 255 255 120 112 19 255 239 87 255 170 0 12
    0 148 87 55 255 150 255 255 0 83 105 208 109 165 72 128 0 178 234 0
    255 0 221 162 0 255 99 170 195 232 53 156 198 255 157 246 132 255
    255 0 255 136 53 255 255 0 189 62 33 255 255 128 168 255 127 255 255
    171 34 255 158 123 134 102 47 0 7 196 0 0 64 137 35 255 227 255 0 73
    255 87 132 0 32 11 255 255 148 255 216 89 255 0 210 87 66 93 255 18
    255 255 200 79 0 67 6 0 255 232 255 223 105 255 0 137 55 255 55 120
    65 62 19 255 98 133 4 183 134 98 0 0 102 79 147 255 218 44 179 73 97
    92 249 0 122 116 77 95 104 54 106 255 4 90 78 214 74 255 57 112 154
    50 35 221 47 171 128 240 116 255 255 0 252 154 0 255 255 143 198 255
    0 191 65 255 0 224 255 143 255 228 255 191 24 216 0 255 255 177 118
    0 33 19 24 255 0 0 67 194 70 0 0 240 0 0 255 52 12 255 0 0 21 59 143
    141 212 0 22 255 187 220 240 216 21 43 255 21 162 60 250 0 238 255 0
    255 56 100 95 255 208 0 201 166 198 189 0 255 255 255 133 224 0 221
    0 225 0 49 255 0 0 0 117 96 210 155 193 0 0 255 255 167 46 143 255
    102 81 58 187 130 48 146 0 198 212 0 225 32 116 0 227 130 82 255 74
    135 10 179 115 54 20 107 54 209 16 255 0 0 113 0 157 108 254 25 19
    49 109 36 173 201 162 255 255 80 39 185 0 27 0 255 142 0 255 52 0
    171 202 255 0 174 255 0 163 255 231 38 255 234 107 242 0 8 255 155
    31 0 0 55 0 124 255 93 30 0 255 150 194 255 55 255 205 0 255 36 8
    122 195 158 208 143 0 198 123 0 143 158 39 185 243 229 248 174 244
    63 52 240 168 25 0 0 195 60 0 0 247 230 255 63 27 123 4 125 79 249
    138 0 123 0 80 40 255 213 151 55 0 249 135 255 47 150 191 128 255
    218 255 0 55 255 56 69 0 255 0 77 20 255 223 21 101 122 0 249 255 0
    4 255 85 193 255 10 255 106 0 7 226 81 206 85 0 255 162 255 132 73
    193 0 255 255 118 8 52 205 190 0 255 125 83 255 26 255 0 12 104 41
    44 251 255 130 255 255 255 120 77 162 255 255 255 255 255 0 0 188
    243 255 241 255 70 244 0 0 255 255 251 254 0 255 255 47 85 59 0 164
    208 0 113 6 0 242 241 0 160 216 20 201 68 34 174 183 0 255 2 10 69
    169 115 255 126 26 0 57 89 255 165 232 149 255 194 92 185 88 30 229
    92 161 0 44 0 255 218 2 2 93 72 51 72 0 10 176 141 148 66 198 173 0
    63 255 176 22 0 169 247 80 195 207 139 160 0 130 0 88 72 183 61 0
    141 81 77 56 186 60 90 103 0 0 44 0 0 255 0 114 51 0 156 245 218 89
    0 224 59 175 166 95 90 213 223 0 143 59 244 0 0 255 255 63 255 0 255
    81 181 255 95 138 0 255 0 196 92 0 214 255 255 148 217 0 0 52 0 44
    100 72 0 255 0 11 108 88 95 5 255 0 255 233 169 80 176 109 255 218
    63 217 255 255 0 240 255 122 186 97 53 0 95 221 40 56 45 168 162 0 0
    7 20 238 103 255 255 255 255 162 15 235 255 0 197 255 244 255 255
    204 218 70 10 255 88 0 85 0 137 85 164 198 189 0 123 0 255 172 0 239
    187 111 91 0 0 7 0 0 20 255 255 24 107 148 112 0 251 64 106 66 138
    100 135 59 255 203 255 53 80 35 192 0 105 255 255 0 8 242 16 185 38
    224 0 250 0 158 181 255 121 102 238 0 255 249 221 56 142 255 255 213
    96 250 55 0 193 255 153 191 0 66 143 168 175 0 142 111 0 38 0 63 139
    111 129 175 166 145 255 130 255 168 93 81 0 255 58 252 255 69 251
    255 51 255 234 0 149 2 0 74 206 133 187 139 239 14 237 199 248 27 86
    254 225 156 0 215 13 37 0 117 99 106 184 133 70 212 171 82 150 10 0
    255 240 113 40 80 255 153 74 68 0 255 191 127 225 129 0 157 0 255
    255 181 0 136 97 20 255 27 148 216 0 207 210 0 173 195 78 234 255
    117 221 153 0 89 12 26 158 0 255 247 169 0 255 15 48 103 255 70 208
    122 46 26 51 125 102 251 0 20 97 255 220 255 45 87 104 0 138 0 20
    247 0 162 255 14 255 255 255 255 0 187 248 158 230 56 255 255 255
    147 16 255 0 59 0 75 0 191 92 104 255 34 238 35 95 72 0 255 38 111
    46 253 0 137 31 124 0 255 87 255 255 126 255 159 243 0 0 216 163 183
    89 255 255 183 42 0 255 102 0 0 242 43 0 40 172 159 232 255 0 223
    255 173 216 255 93 255 0 143 255 42 96 97 167 212 238 155 7 255 0
    255 255 34 67 228 0 123 255 229 9 0 41 255 255 255 84 29 88 8 255
    255 143 255 255 255 39 22 69 201 11 123 40 157 255 65 229 255 0 48 0
    73 255 0 240 116 112 28 0 173 114 63 142 191 5 60 0 224 255 206 94 9
    0 26 255 6 255 157 178 56 0 0 0 61 19 255 0 255 117 96 59 0 0 40 136
    208 137 68 172 3 0 255 226 255 173 62 189 255 203 0 0 255 16 234 96
    255 255 125 166 0 122 0 67 0 207 165 102 255 255 244 0 255 60 0 169
    0 6 223 79 176 218 70 144 187 194 255 0 103 0 243 110 232 114 0 255
    0 0 40 255 249 255 255 192 175 202 177 233 171 195 114 63 119 255 35
    255 159 77 195 240 0 18 0 0 181 128 238 144 190 255 25 193 39 194
    198 125 255 255 243 0 255 75 161 213 81 0 0 18 112 207 0 255 193 255
    0 81 0 255 0 255 104 0 241 243 254 255 4 131 39 76 200 47 255 98 126
    255 95 157 255 159 255 79 24 5 204 0 217 103 159 50 43 255 0 150 106
    254 10 240 255 255 221 196 255 132 255 189 43 33 0 146 135 140 178
    118 0 62 117 30 0 113 59 65 255 255 255 66 255 167 119 196 20 255
    122 255 251 66 255 0 0 0 143 3 182 255 231 146 255 55 156 16 226 0
    255 255 168 40 113 81 237 47 227 0 184 14 255 193 245 110 16 255 255
    231 255 74 34 0 15 188 0 194 255 11 42 0 78 173 220 255 255 162 0
    193 0 0 251 149 255 75 140 234 255 47 0 42 0 255 44 61 0 157 255 16
    154 255 167 0 240 166 255 255 0 215 0 9 0 255 234 0 146 20 143 0 150
    0 139 114 0 130 60 178 60 13 242 255 0 0 163 0 0 94 68 0 66 122 52
    144 13 255 56 149 171 0 78 160 0 230 209 65 255 255 255 255 1 66 35
    191 0 0 89 0 20 104 8 39 49 0 0 233 223 252 29 163 245 131 64 0 90
    68 98 18 255 0 255 207 255 92 255 255 0 255 80 251 217 54 177 21 133
    0 49 0 0 0 255 186 255 255 255 255 255 72 255 252 0 79 128 0 54 51
    201 66 117 249 105 253 0 0 15 173 0 0 0 0 177 247 255 112 0 153 255
    112 255 255 153 255 52 0 63 112 138 171 117 144 163 204 244 236 82
    255 255 7 253 189 130 18 255 127 255 152 67 131 5 221 36 255 196 17
    46 255 88 0 0 208 127 0 192 98 33 0 255 44 0 97 0 83 139 253 156 0
    24 77 24 255 210 0 187 0 184 214 120 233 52 241 202 161 0 7 25 0 232
    123 255 0 0 46 50 207 156 255 144 16 92 51 0 73 255 114 255 255 89 0
    53 251 146 182 255 174 255 87 70 40 182 0 0 210 43 92 255 201 0 255
    52 85 85 255 49 255 198 42 111 76 0 0 255 102 30 236 93 255 15 223 0
    0 39 0 0 222 65 0 102 255 150 255 0 0 0 67 0 180 229 0 155 34 246 27
    228 255 136 129 190 0 190 145 0 43 154 0 139 0 40 143 31 182 35 225
    255 121 199 0 0 251 0 255 0 0 0 77 234 255 88 221 58 122 122 255 115
    0 255 8 79 158 222 86 185 54 255 132 255 164 255 0 255 192 100 255
    255 0 232 120 11 0 255 221 124 138 131 73 189 2 234 255 255 22 255
    255 142 168 184 66 36 125 0 103 190 135 0 96 53 53 112 3 69 205 125
    255 0 72 140 0 66 217 255 255 100 235 43 52 226 179 0 0 48 243 133
    25 205 118 0 0 225 229 246 81 133 72 0 0 245 91 136 0 136 75 255 255
    175 75 0 0 228 222 59 50 74 226 214 0 255 187 86 0 255 194 0 255 208
    24 41 24 50 129 159 4 22 103 123 165 153 40 56 255 178 100 71 79 0
    241 240 10 197 255 248 0 0 79 200 60 189 216 0 255 109 255 115 123 0
    192 183 183 155 158 255 255 208 255 255 67 234 81 255 255 180 65 0 0
    34 0 0 0 218 52 0 209 0 144 93 255 77 0 0 98 78 13 255 121 33 185
    255 56 22 255 40 255 76 53 0 226 96 217 255 159 0 0 0 0 53 249 236
    115 255 0 206 0 76 49 146 108 16 51 219 5 0 235 123 255 145 197 12 0
    255 210 72 59 152 255 0 85 0 25 0 14 188 255 0 0 222 145 255 255 55
    0 0 195 100 0 13 255 248 0 84 0 137 217 210 241 176 255 255 117 255
    255 85 111 240 255 0 69 0 220 255 255 148 167 0 82 28 255 85 209 52
    255 140 0 101 0 222 152 255 16 212 163 109 0 119 0 0 255 174 92 150
    0 255 113 200 255 169 0 219 28 129 129 49 0 30 175 4 255 32 202 207
    0 67 60 255 255 255 255 185 0 110 255 152 253 110 130 0 82 142 0 153
    250 132 0 194 255 238 45 254 222 128 25 255 204 255 0 95 255 0 34
    164 200 25 226 146 230 113 149 0 0 207 124 216 255 0 58 112 231 0
    255 217 255 0 255 183 255 114 97 255 255 255 180 151 255 0 226 0 148
    255 40 255 11 118 0 0 255 255 255 255 160 181 113 126 252 41 6 229
    102 183 255 62 255 0 255 241 255 186 249 255 17 255 143 74 200 92
    132 84 153 250 133 204 185 29 255 255 253 157 55 120 255 0 255 49
    255 184 155 230 58 11 14 74 200 11 117 0 168 0 255 247 232 36 245
    232 0 255 255 93 111 255 252 255 0 255 92 12 255 94 255 130 114 34
    123 121 60 255 255 0 53 183 110 183 255 240 56 1 117 68 187 0 148
    108 246 0 169 255 162 0 0 18 134 241 168 235 0 26 156 200 255 0 198
    210 255 0 199 255 193 0 0 114 255 225 0 5 0 40 243 0 197 156 131 255
    0 244 241 255 132 26 155 133 19 81 0 101 147 158 255 253 187 133 188
    255 181 0 183 83 74 241 255 98 0 255 111 132 143 166 1 0 233 104 176
    102 62 255 227 242 73 255 29 255 85 250 255 210 236 176 252 0 7 255
    232 99 171 106 71 101 213 255 255 197 78 0 255 0 255 237 18 173 193
    232 255 172 44 255 0 255 22 194 255 108 0 9 255 86 255 0 255 132 101
    147 0 91 166 0 40 119 255 242 0 255 163 255 255 0 0 34 255 204 182
    154 72 120 105 0 255 255 249 0 166 129 188 172 161 0 153 94 49 0 0 0
    0 0 96 200 255 0 0 118 94 223 117 137 0 229 189 255 42 255 167 140
    75 0 75 30 255 83 126 0 255 255 206 145 255 26 157 83 80 255 16 27 0
    138 208 0 245 103 255 152 32 255 227 255 51 0 33 4 255 9 189 0 131
    83 102 0 78 255 0 70 111 237 180 114 6 181 87 0 0 234 3 233 34 214
    196 0 189 173 0 0 255 0 0 231 212 14 255 255 103 203 0 129 82 85 0 0
    228 0 0 0 177 55 255 255 0 255 255 0 119 31 255 228 111 158 149 63
    255 169 255 104 24 132 228 156 23 0 0 0 108 0 203 255 0 244 138 112
    206 175 212 0 0 161 86 0 181 0 166 227 0 33 84 221 195 0 255 0 3 17
    252 9 255 215 0 255 145 242 69 9 58 0 94 81 255 0 0 113 248 152 151
    199 255 236 189 201 248 138 255 108 17 255 255 255 185 229 0 0 112 0
    39 0 3 255 0 72 41 15 255 0 34 255 105 248 63 11 162 172 9 186 196
    255 0 3 51 167 180 0 121 0 0 52 43 100 0 255 99 78 255 178 210 255
    255 90 42 255 176 182 160 217 0 0 98 218 37 104 255 59 253 72 108
    255 75 41 188 46 0 51 93 252 143 32 0 77 150 37 97 139 74 147 190
    252 255 139 126 129 153 240 99 30 27 246 180 42 0 0 241 48 105 0 255
    175 145 255 0 255 189 184 33 193 123 85 233 141 191 222 141 146 255
    0 0 61 91 0 17 90 255 182 0 0 179 0 117 42 70 23 10 117 143 255 0
    255 189 140 255 0 255 0 145 140 117 53 46 255 0 39 26 0 148 192 107
    86 0 255 190 0 184 255 140 0 255 0 0 0 134 150 73 154 255 188 255
    195 131 166 211 68 78 255 61 1 98 34 0 197 199 0 193 68 217 255 255
    0 0 255 255 0 177 11 251 0 151 255 0 255 219 87 0 245 2 0 138 119
    219 80 0 255 76 117 2 252 52 207 140 0 255 30 96 45 176 243 144 255
    121 0 71 255 255 3 189 255 194 0 255 121 145 0 211 0 235 255 0 187
    97 27 0 61 0 0 0 0 199 153 55 74 75 63 145 47 255 0 135 169 199 178
    0 211 255 155 142 107 0 215 255 0 91 159 191 255 106 147 108 96 164
    164 0 45 173 221 0 102 175 53 0 24 70 159 85 0 0 170 151 255 164 0
    139 229 0 0 143 16 0 153 70 255 255 0 78 0 0 23 158 255 85 255 0 255
    255 0 159 93 255 89 255 247 247 144 58 255 245 0 123 0 73 186 166
    170 222 138 0 168 255 133 111 239 255 187 89 255 199 79 255 118 203
    0 74 166 147 103 18 93 24 48 210 254 151 114 253 255 255 188 255 59
    101 225 0 255 88 41 0 98 203 123 141 246 0 4 215 246 0 0 0 255 255 0
    255 0 0 255 178 34 222 242 255 0 222 255 202 149 29 0 105 187 255
    212 11 183 0 0 255 56 255 66 56 250 0 182 220 126 0 136 81 199 64 17
    3 0 99 32 0 210 255 153 9 113 255 31 250 30 71 135 78 0 105 16 16
    255 75 112 93 72 255 222 124 0 0 35 164 255 0 209 0 101 118 33 67
    175 255 173 96 255 245 225 197 152 54 219 70 89 28 255 134 255 113
    144 255 53 255 26 127 0 251 45 81 123 130 193 246 255 8 183 236 126
    113 255 71 22 255 255 0 251 141 62 164 56 247 255 0 115 41 255 97 0
    24 52 199 125 255 6 0 0 122 255 104 0 153 124 255 16 0 137 255 0 255
    0 112 107 101 196 255 34 133 35 217 64 0 255 72 222 72 0 26 62 134
    181 108 219 239 255 255 61 226 49 222 244 69 71 89 88 37 255 0 72
    118 66 90 255 0 161 148 215 135 184 85 59 79 0 10 96 0 255 117 12 54
    135 186 76 88 92 47 95 147 50 0 12 255 128 88 93 0 0 156 79 140 2 0
    104 0 255 0 101 104 255 126 13 82 252 255 255 27 255 204 113 152 233
    132 219 185 255 142 0 255 236 236 249 65 0 229 47 0 0 16 198 81 0 0
    255 0 158 255 245 87 255 237 124 91 168 0 176 35 118 245 2 122 199
    235 97 50 0 255 0 122 255 44 255 176 139 14 255 0 255 160 180 103 68
    245 105 255 100 124 0 0 255 53 107 249 255 114 253 104 157 255 66
    121 165 255 255 80 0 34 63 0 108 225 136 255 135 5 255 179 165 0 255
    255 255 255 211 227 15 255 142 0 143 0 80 0 139 255 211 0 0 65 183
    247 245 46 154 255 255 255 100 217 255 0 131 243 74 232 126 18 255
    246 0 255 255 245 232 141 191 0 139 255 0 255 0 71 77 39 176 132 28
    43 52 234 178 246 230 219 237 255 0 255 244 255 38 68 255 233 64 0
    27 224 33 201 0 68 181 255 0 0 255 255 234 108 27 255 255 255 63 20
    177 74 255 0 165 210 1 0 220 221 37 255 255 40 248 250 255 94 246
    126 81 0 0 255 175 255 28 85 255 0 16 255 94 0 148 255 200 49 109 92
    120 86 230 0 91 255 0 6 255 242 0 149 255 0 0 255 255 0 207 160 118
    222 255 255 238 142 255 0 197 202 0 244 255 0 61 0 0 0 127 255 191
    255 112 0 7 118 254 122 39 197 129 52 255 43 158 156 19 0 255 51 255
    0 0 255 68 139 255 231 180 28 255 177 100 61 109 24 201 24 0 188 255
    215 43 160 0 181 0 134 17 190 0 0 158 142 172 0 0 0 0 0 0 19 101 255
    75 0 0 214 88 231 0 250 54 255 136 0 22 118 0 35 117 0 0 189 0 244
    255 51 22 0 42 0 0 255 137 161 255 255 0 177 178 255 0 255 56 255 85
    0 0 186 0 0 255 24 135 67 0 255 255 151 66 127 125 7 226 0 67 143 76
    255 158 95 121 156 100 255 0 23 168 179 254 0 153 255 208 0 76 122
    38 163 242 211 0 41 91 206 0 199 88 81 0 185 229 57 255 224 66 231
    92 87 123 0 64 77 43 139 61 161 41 0 139 161 227 63 162 0 193 0 84 0
    138 209 162 98 255 55 78 59 33 255 76 191 3 176 124 192 238 0 255 46
    221 252 255 0 0 0 255 139 146 255 149 255 153 226 233 135 255 43 255
    0 10 193 192 72 248 49 255 147 255 77 255 47 0 0 90 104 48 0 0 7 238
    255 0 40 165 207 34 118 255 0 121 170 188 0 241 26 0 195 49 255 188
    0 0 14 255 255 255 136 235 255 255 92 153 193 60 213 0 105 114 255
    127 255 105 255 0 212 247 98 11 245 68 62 0 53 79 189 217 254 0 41
    139 117 0 207 255 255 3 49 124 239 63 255 0 105 61 187 255 0 139 0
    138 76 4 92 0 254 255 255 0 133 69 176 255 0 233 255 184 157 192 104
    245 190 219 128 255 76 239 20 97 12 255 42 235 0 0 26 0 135 255 119
    0 112 177 98 0 0 255 30 151 205 57 178 201 189 0 0 255 145 157 156
    218 255 0 208 68 255 82 98 255 248 0 255 0 79 255 147 155 0 255 134
    0 255 167 173 71 180 45 255 153 98 255 0 255 255 139 26 255 0 188
    255 0 151 245 244 213 0 88 253 62 255 230 255 10 178 135 229 217 0
    78 243 68 227 0 255 175 255 165 176 104 0 163 126 0 244 255 0 247
    122 0 0 234 152 102 255 0 0 255 255 40 116 154 255 68 203 198 131
    211 248 255 255 146 255 0 230 0 255 0 0 0 255 69 247 167 255 0 20
    104 54 2 255 255 191 47 255 0 64 130 152 8 118 0 0 127 0 139 115 3 0
    90 94 35 42 129 136 92 255 0 0 255 76 224 0 136 255 251 115 19 74
    199 152 232 255 0 191 0 255 255 0 184 255 49 68 210 255 154 85 94 0
    254 255 211 178 0 0 230 255 194 0 177 255 171 125 73 255 136 0 255 0
    69 202 255 218 208 24 152 29 153 160 255 255 182 231 138 244 178 215
    57 255 7 36 70 30 223 255 255 75 115 0 108 0 244 203 0 90 255 30 0 0
    176 179 0 49 0 180 29 5 255 239 69 114 71 31 1 244 255 255 93 176
    136 132 241 226 240 0 0 72 36 185 27 0 73 251 115 164 216 189 106 0
    112 255 129 255 179 86 165 219 255 146 187 127 62 255 131 0 125 81
    43 117 0 147 0 0 255 205 8 162 255 30 213 179 179 223 38 0 133 74
    159 0 156 0 255 255 110 47 145 233 217 196 22 0 198 202 172 92 13
    123 167 14 171 240 241 94 51 150 126 65 116 27 26 0 0 0 137 0 0 132
    61 166 255 249 0 255 255 0 255 119 244 255 39 255 89 106 137 77 39
    106 0 245 0 37 0 242 57 183 105 255 255 22 219 7 109 0 15 151 255
    132 7 255 43 255 0 233 224 140 12 0 238 255 0 0 96 44 13 0 255 0 232
    0 255 0 0 218 255 151 255 255 0 235 108 255 232 255 198 0 181 21 189
    119 11 209 255 65 0 0 18 57 255 122 0 255 161 98 0 81 220 164 0 93
    155 217 59 143 0 146 75 96 255 0 174 160 110 43 0 255 202 211 0 70
    255 100 180 255 255 23 243 0 69 102 0 255 65 255 255 103 255 3 0 65
    255 0 227 75 0 255 53 255 98 95 185 248 27 68 248 64 205 0 255 0 255
    255 143 48 106 139 97 0 41 0 0 235 255 255 130 122 34 0 59 255 0 255
    195 0 140 0 208 52 255 44 182 218 255 187 224 255 0 66 161 0 0 0 0
    163 217 166 81 218 255 61 221 255 255 212 68 2 73 21 9 6 0 55 0 119
    255 186 66 145 17 0 9 1 0 229 63 255 129 0 161 164 255 255 117 255
    119 168 0 0 171 70 26 59 154 184 240 0 255 255 94 181 4 255 245 128
    0 180 255 68 255 0 217 75 0 243 50 35 0 18 255 54 167 117 255 124
    169 255 9 255 231 215 255 205 71 0 164 0 255 22 239 0 64 0 221 161
    64 11 107 0 47 119 6 97 202 178 152 78 255 17 156 120 17 192 0 46 16
    0 0 255 185 229 0 200 109 16 255 73 111 255 94 0 255 255 255 0 157
    22 111 0 0 255 33 0 54 22 0 183 228 0 65 10 0 89 44 42 74 64 231 103
    0 83 248 34 255 0 82 0 208 0 255 255 220 255 6 73 247 0 187 180 177
    157 255 254 92 0 134 228 70 0 157 0 0 125 154 192 0 254 95 255 255
    195 241 209 143 69 94 192 0 255 255 5 255 185 255 217 207 8 159 225
    161 238 0 0 255 155 0 200 161 0 0 0 0 44 0 0 177 79 42 0 159 144 10
    200 0 193 100 255 214 88 185 247 0 78 248 38 193 166 207 224 18 244
    217 0 111 87 164 255 0 115 0 193 255 104 209 246 173 0 38 185 255
    219 9 0 0 228 86 0 199 56 178 255 143 87 62 255 0 30 69 44 16 19 146
    255 0 255 0 163 0 18 255 255 137 11 100 0 133 191 255 255 193 120 48
    77 255 0 185 172 246 144 255 62 61 226 163 0 185 214 59 216 12 54
    202 12 85 251 88 101 149 255 208 207 255 255 188 0 49 62 0 68 0 255
    255 255 66 68 137 17 146 0 255 244 35 209 251 0 255 145 141 0 224
    255 255 255 215 0 0 226 18 0 31 202 22 244 178 255 0 124 103 19 136
    76 232 105 255 0 192 245 255 255 9 94 180 105 94 200 249 255 109 255
    24 246 163 33 219 0 155 255 177 174 218 0 37 89 61 255 115 0 0 2 193
    143 160 32 0 0 3 255 169 35 158 33 168 255 255 55 255 129 132 107 0
    192 72 255 186 0 185 0 81 0 168 184 0 255 97 95 245 174 127 105 2 0
    0 129 76 35 254 0 255 238 48 0 191 32 167 27 212 0 183 238 197 255 0
    31 255 243 80 132 236 0 148 255 0 6 21 255 189 5 255 23 255 24 178
    226 255 184 174 234 190 137 65 89 149 205 255 255 255 255 224 55 223
    224 0 229 36 18 16 255 1 24 143 255 72 37 113 24 19 143 137 0 172 66
    255 255 255 174 33 255 255 99 230 0 47 30 255 255 0 214 139 57 189
    255 255 97 0 255 204 56 0 211 255 0 0 227 0 0 19 96 0 73 102 255 250
    27 255 255 71 167 240 171 246 14 255 255 70 175 62 143 4 0 115 255
    88 248 255 255 255 98 35 219 81 255 0 0 123 43 219 17 167 255 245
    112 233 255 238 0 255 199 75 255 246 62 127 255 21 255 0 106 255 9
    34 255 255 181 165 62 105 182 224 255 164 255 255 143 69 179 136 255
    149 248 157 0 255 54 73 39 255 192 37 238 0 41 168 248 255 0 255 143
    251 70 121 160 117 216 211 255 121 154 29 206 104 4 57 255 150 95
    255 0 255 255 255 255 83 47 129 106 0 165 233 0 187 75 77 30 255 41
    255 184 0 255 246 0 30 107 0 112 0 0 255 76 0 198 0 1 146 255 68 61
    255 179 255 220 47 145 0 133 49 128 247 255 255 0 166 35 50 255 130
    112 255 0 67 30 157 255 181 223 22 60 255 0 244 255 248 162 0 255
    135 98 0 255 0 177 0 0 102 228 229 0 218 241 140 245 255 87 0 226
    102 28 0 0 81 255 255 6 170 0 78 153 196 255 24 255 139 0 140 230 37
    183 0 0 255 0 26 153 182 223 255 194 161 255 152 246 255 10 215 0
    255 255 255 165 35 124 22 255 0 255 255 226 0 7 105 202 34 0 208 139
    166 255 30 80 118 245 201 253 231 48 215 228 0 228 255 0 222 255 0 0
    26 255 175 38 24 0 255 255 114 0 0 28 196 110 243 220 14 255 255 238
    0 255 255 0 255 85 181 118 0 0 255 255 0 219 0 30 0 66 30 0 0 255
    255 78 0 255 16 71 115 49 73 0 152 255 57 255 250 63 184 255 218 255
    253 33 111 14 49 78 177 26 112 0 209 241 25 82 187 32 255 27 9 115
    94 101 255 255 255 5 199 212 69 108 202 98 181 103 94 255 0 5 11 0 0
    255 255 14 201 255 198 0 0 0 103 147 32 0 255 176 207 0 0 221 162 28
    156 255 255 100 96 255 113 255 201 0 190 0 255 203 183 0 246 0 68
    255 255 152 255 161 0 0 68 245 13 255 0 128 92 96 188 168 236 82 255
    77 255 233 87 0 167 34 140 179 255 255 0 255 26 215 0 117 0 48 255 5
    21 94 255 0 118 255 1 203 255 177 255 183 255 152 207 255 130 126
    229 255 114 125 61 255 234 194 58 208 255 0 47 162 61 74 255 88 149
    255 0 24 125 180 219 0 113 255 0 201 0 0 217 255 0 0 44 255 53 0 180
    125 0 75 255 11 111 73 116 235 0 0 229 255 234 251 255 0 255 0 24
    111 245 121 138 255 113 255 43 172 24 0 25 221 255 148 255 29 255
    252 27 229 131 0 17 39 165 109 255 255 19 110 167 197 255 33 225 202
    0 116 41 255 12 39 161 26 0 205 255 141 245 76 228 182 156 255 0 43
    255 54 121 111 74 44 3 113 69 255 155 108 189 52 63 208 255 127 255
    36 0 255 212 255 53 58 194 235 0 193 156 0 102 195 255 0 143 68 0
    202 156 51 12 80 0 32 255 0 71 102 102 88 0 0 255 73 255 0 0 0 16
    242 198 92 89 217 81 249 252 255 0 177 255 234 23 142 37 39 142 23 0
    255 27 36 229 125 15 186 217 255 211 121 255 189 98 1 255 154 177
    237 255 0 1 0 34 141 255 0 99 186 28 0 148 147 229 154 38 38 0 109
    255 254 87 102 105 230 67 137 226 133 255 255 0 255 155 0 0 46 255
    113 66 255 0 108 192 0 229 203 222 255 138 188 41 161 0 68 108 0 0
    255 255 198 45 60 158 205 44 90 140 211 48 124 153 67 0 0 255 238
    206 255 18 255 0 157 255 99 68 54 199 159 246 0 175 255 24 159 255
    168 255 204 183 77 43 57 15 165 141 155 255 241 23 55 46 134 0 239
    205 0 19 255 2 255 138 143 131 185 196 145 255 255 254 113 102 0 44
    226 0 85 43 119 242 53 255 0 228 255 14 87 199 255 234 164 255 0 0 0
    0 237 0 249 255 255 255 0 255 97 244 85 13 105 96 168 161 0 255 1 30
    231 208 148 0 41 255 88 255 19 121 255 0 106 76 103 215 42 0 51 2 0
    255 188 0 255 169 94 111 230 255 3 98 86 181 255 180 68 255 0 192
    253 0 255 57 251 100 255 75 168 101 47 36 255 40 0 226 73 178 49 0
    128 141 95 190 206 255 220 255 53 46 57 56 255 0 173 142 255 0 255
    204 87 0 0 187 160 144 28 9 255 255 0 161 255 114 237 10 84 255 0
    213 44 206 0 0 255 173 73 255 17 244 179 0 29 255 47 28 112 35 15
    104 255 255 0 16 0 0 255 235 138 205 141 151 0 8 255 51 211 255 0
    187 14 250 255 255 163 246 0 255 178 203 0 255 255 208 89 95 66 255
    91 88 243 255 111 47 160 0 196 90 226 196 0 255 141 73 255 255 100
    255 255 105 92 55 18 255 52 140 83 200 255 255 255 66 16 11 250 134
    255 60 135 0 73 185 0 0 255 0 4 109 255 0 0 104 255 0 255 245 245
    153 116 255 124 28 7 40 197 0 38 72 76 175 0 0 255 255 190 255 139
    19 228 214 222 22 19 0 47 244 0 80 255 243 127 131 255 0 124 88 255
    21 224 255 140 41 215 0 137 255 198 255 255 188 255 35 42 0 0 255
    205 105 0 153 53 164 111 255 255 0 255 79 177 184 197 239 255 52 115
    132 88 0 7 62 105 255 0 0 10 189 252 82 185 255 255 255 225 80 68
    205 255 58 5 74 6 128 41 225 196 255 121 0 0 165 128 213 250 255 56
    255 255 15 68 209 255 184 67 58 80 245 0 6 69 75 0 0 237 255 30 0
    194 40 147 138 0 6 122 0 0 0 0 0 143 0 255 52 48 255 236 149 255 62
    81 158 96 229 0 255 156 152 255 176 41 62 164 52 0 0 0 45 189 170 0
    50 106 144 216 216 0 23 49 8 253 115 0 209 255 255 253 19 4 2 225 60
    255 255 0 154 212 152 0 145 191 13 0 0 0 207 255 156 255 163 0 150
    185 255 106 174 169 255 255 1 0 107 0 0 41 255 52 159 143 244 111
    169 221 228 13 0 161 0 216 0 0 0 0 255 0 255 0 107 22 78 15 255 205
    246 230 96 194 25 28 157 255 255 0 213 54 0 255 106 230 0 253 50 120
    0 78 0 12 0 59 255 0 0 56 104 156 0 224 230 0 255 38 255 255 255 108
    32 255 0 230 116 226 0 128 86 45 190 79 68 0 255 164 124 255 237 160
    161 99 6 255 0 22 105 201 255 5 255 98 255 255 255 143 64 63 63 255
    255 26 114 120 4 161 0 0 255 88 157 62 187 69 159 95 255 255 130 0
    176 0 0 0 107 57 171 0 16 255 255 196 36 0 112 0 93 27 8 255 203 237
    255 5 68 233 19 9 0 127 0 0 0 5 181 68 116 0 132 222 0 213 205 100
    162 5 197 0 80 107 255 82 25 255 255 0 255 221 153 59 240 154 255
    218 239 166 255 96 107 234 236 0 230 23 101 70 201 168 0 255 255 188
    255 210 58 186 0 0 255 0 184 255 22 0 174 0 213 67 255 94 0 161 255
    255 98 114 0 0 96 171 255 192 204 0 114 65 92 255 118 38 144 72 7
    193 42 99 115 255 255 79 65 255 144 0 0 103 187 225 255 178 255 131
    188 255 15 149 181 2 243 168 255 229 255 237 64 255 0 255 255 0 248
    33 255 127 154 255 46 230 89 255 234 184 0 165 0 70 150 165 255 0
    255 211 174 77 11 0 193 255 192 61 244 255 255 116 0 255 0 255 82
    150 243 155 0 255 53 255 0 255 255 0 0 192 183 0 255 151 34 45 255
    189 74 196 226 89 0 71 238 52 224 228 187 255 70 180 25 0 54 154 211
    108 255 180 126 207 121 0 36 228 209 223 255 120 147 29 223 88 255
    255 255 13 236 255 63 185 0 123 183 255 235 255 98 0 57 142 255 150
    68 224 53 120 132 212 16 28 110 0 218 255 0 152 255 89 255 1 255 255
    0 0 64 0 219 255 0 115 62 255 234 250 255 0 203 135 145 255 172 47 0
    0 15 247 108 255 0 0 255 215 31 0 0 0 241 110 153 0 255 142 255 255
    173 233 121 0 170 0 0 108 108 175 79 115 101 255 10 143 255 255 85
    34 255 163 219 0 24 187 76 0 239 255 255 0 255 0 220 116 10 178 21
    255 2 32 235 255 62 34 255 255 130 32 137 255 33 200 63 0 151 0 0 0
    139 174 49 29 255 0 70 229 255 113 0 255 0 97 255 52 255 0 139 87
    255 96 249 54 164 9 207 64 255 255 208 0 45 0 94 131 33 166 241 188
    255 111 25 209 254 255 72 0 8 104 1 215 255 255 255 111 255 248 60
    255 0 0 252 255 105 0 63 138 255 217 125 172 237 255 112 0 255 0 137
    94 74 100 77 228 220 0 0 255 255 203 0 0 0 113 37 201 236 0 255 255
    81 255 90 255 255 7 16 180 176 134 247 88 44 49 0 150 79 102 0 33 3
    117 144 0 180 178 122 255 42 17 63 215 255 0 12 123 62 216 212 206
    255 165 147 201 0 255 0 163 255 66 0 214 196 109 150 252 0 153 104
    73 151 225 18 0 132 4 255 215 116 17 194 255 255 0 103 232 236 18
    255 0 255 255 0 0 198 255 222 255 255 0 94 255 7 214 0 0 210 60 31
    69 255 132 131 54 255 154 123 58 197 255 0 255 255 52 247 0 58 255
    140 214 0 239 177 255 255 38 93 20 170 152 0 184 75 4 181 54 179 52
    159 99 255 0 255 166 79 54 255 159 63 3 215 169 212 0 83 255 0 195
    228 255 255 0 11 0 127 70 255 255 33 154 255 247 88 0 255 255 70 222
    151 164 0 0 189 255 0 0 255 106 0 133 0 211 129 0 105 255 0 165 47
    255 255 113 218 0 0 255 160 0 255 0 255 240 0 255 0 101 221 0 0 75
    210 241 0 219 255 204 204 41 198 136 40 205 0 133 2 0 126 0 255 194
    80 228 210 230 255 255 17 119 0 255 196 4 119 0 35 255 125 43 238
    254 119 255 117 0 255 204 255 184 234 255 77 222 19 21 0 0 0 218 0
    70 0 0 80 216 249 160 40 255 0 95 255 181 244 85 160 255 134 255 240
    20 69 220 113 157 0 83 182 187 144 146 255 79 30 23 0 255 0 0 51 171
    201 45 0 255 238 0 255 186 174 210 0 193 94 235 255 62 102 255 177
    255 74 20 99 0 224 255 0 0 233 255 255 255 131 0 13 0 93 228 87 255
    0 63 248 140 45 110 69 255 19 47 62 0 36 47 239 0 157 255 35 0 0 222
    60 27 175 253 0 134 255 255 65 0 183 0 0 235 217 183 64 109 0 0 198
    235 131 0 59 229 203 91 169 0 164 223 183 145 0 112 56 148 0 0 0 251
    119 255 134 0 86 89 217 255 244 17 177 234 255 98 244 0 151 249 89
    247 0 255 255 116 211 101 115 33 98 39 187 210 0 255 146 0 141 136
    83 0 0 115 0 212 19 135 123 5 116 255 150 255 0 0 0 0 105 0 246 126
    255 88 121 2 247 255 39 111 212 173 255 0 59 255 0 144 255 37 34 206
    194 105 255 74 3 255 255 113 44 71 200 0 0 66 199 0 4 163 44 255 41
    131 0 255 251 254 0 0 67 219 0 0 0 173 255 255 255 212 221 0 174 0
    147 225 197 83 71 255 255 63 0 250 0 11 215 255 255 140 0 203 6 0
    211 28 0 255 0 43 101 233 0 110 173 167 148 17 0 248 67 13 255 29
    106 30 57 254 198 255 190 0 255 86 0 0 255 210 205 54 154 168 255
    118 255 0 0 9 0 2 255 0 0 0 255 139 142 17 255 102 73 74 53 134 142
    0 82 90 255 118 35 158 255 255 144 0 75 0 0 252 0 0 255 92 222 255
    199 23 24 99 255 0 255 226 55 0 15 0 68 199 29 0 255 92 0 255 12 255
    84 53 90 160 243 31 0 127 0 0 0 255 67 67 124 95 255 235 239 137 243
    22 143 67 255 176 166 0 148 88 249 109 232 182 144 0 152 120 251 245
    255 220 48 255 158 0 0 60 225 255 242 255 178 128 158 105 255 0 255
    53 183 0 65 255 255 107 32 173 65 86 103 0 255 249 118 0 11 55 25 12
    46 254 234 23 255 255 255 255 255 148 118 16 169 0 145 131 164 0 255
    82 255 81 255 84 170 241 182 255 255 0 140 154 248 167 47 255 91 0
    206 99 255 213 33 255 0 133 0 156 206 255 135 198 214 18 30 255 184
    174 238 149 221 6 82 255 255 116 255 0 73 80 27 204 166 47 232 0 255
    68 191 69 0 131 0 197 3 22 201 0 0 0 0 249 41 150 255 227 255 0 125
    255 28 0 56 255 255 234 0 255 101 165 129 248 85 0 68 203 0 242 0 0
    95 0 84 255 0 244 0 248 255 41 140 160 148 68 89 109 26 206 0 165
    255 0 255 59 255 255 255 255 171 0 73 25 255 171 109 0 255 177 255
    81 78 0 255 255 205 255 168 255 170 0 118 22 87 29 255 196 253 167
    79 255 144 193 48 150 220 230 37 58 15 115 46 0 77 255 255 95 0 190
    0 179 134 86 239 26 230 114 255 235 0 253 7 255 169 91 37 0 0 22 133
    255 34 24 255 119 213 0 220 206 212 19 165 71 136 255 4 9 135 166
    255 154 40 255 152 0 255 223 24 31 98 0 222 51 197 251 99 0 32 0 134
    108 89 77 150 190 0 255 106 255 255 211 45 0 0 201 69 95 170 78 0 0
    32 242 0 249 173 191 25 1 104 43 0 1 0 161 255 150 0 0 0 151 0 255
    144 220 255 7 179 176 204 255 31 255 24 189 88 255 206 31 90 162 187
    223 161 92 0 34 0 255 255 255 255 255 77 255 88 0 127 184 158 96 136
    141 121 113 183 0 119 83 255 39 168 255 0 0 106 36 111 196 73 0 243
    3 0 255 255 58 0 255 101 232 187 79 88 183 5 25 196 97 106 179 81
    255 0 70 204 237 240 49 61 99 166 0 164 2 124 255 0 255 144 72 150 0
    255 255 4 255 0 255 150 0 124 31 153 189 182 157 11 206 0 0 175 255
    11 25 52 179 0 173 39 29 14 186 0 46 117 157 100 255 0 0 255 89 232
    151 78 113 0 233 240 35 95 126 15 138 229 152 179 54 255 64 8 252 10
    40 41 42 89 255 222 46 138 216 0 216 180 88 255 0 171 25 186 207 0
    118 0 0 0 181 35 118 59 192 220 36 203 255 63 135 255 92 101 192 162
    0 156 6 0 255 65 213 127 149 0 0 82 200 13 86 187 169 48 86 6 175 41
    0 83 196 222 0 205 23 38 215 231 68 248 0 239 84 233 255 0 144 220
    200 220 0 230 255 55 255 19 10 14 53 242 207 255 0 255 0 104 175 242
    255 255 183 212 229 0 207 255 114 45 10 255 171 188 63 255 42 241
    255 158 109 192 255 85 255 0 0 100 0 117 0 41 0 0 0 56 220 185 255
    182 255 203 255 255 0 0 72 141 130 0 220 198 255 2 0 145 191 225 255
    255 255 255 255 0 129 252 0 255 242 223 232 0 0 35 204 0 118 91 14
    255 220 103 152 0 227 74 0 42 0 108 11 254 114 255 120 134 211 208
    255 154 91 255 232 76 0 125 255 187 60 106 215 167 0 120 255 255 255
    255 174 245 179 155 190 0 255 88 187 58 30 152 255 0 28 11 91 255 63
    247 255 255 237 134 175 32 123 143 246 76 196 255 255 244 171 198
    200 149 0 255 244 0 0 0 255 198 137 0 0 255 105 0 255 97 205 255 255
    11 239 255 169 166 88 0 92 255 0 0 255 255 255 194 0 194 255 93 255
    233 108 255 165 0 65 1 126 0 255 0 0 255 0 255 129 121 119 126 255 0
    29 255 21 1 52 255 119 255 249 187 49 68 50 0 0 137 160 220 255 255
    119 0 203 0 209 255 0 232 151 245 237 204 0 123 0 9 157 0 162 0 59
    145 20 164 24 120 0 255 255 84 0 173 229 126 49 255 109 150 255 255
    255 63 0 0 0 246 217 82 16 157 255 175 0 237 113 16 45 255 212 249 0
    102 104 255 19 0 75 255 154 0 118 255 0 31 153 255 0 237 255 0 135
    137 0 0 134 53 48 13 79 231 255 113 225 188 171 206 0 255 0 255 255
    140 139 62 222 146 22 2 63 13 13 16 0 255 125 124 217 116 255 124 48
    0 239 3 58 185 5 0 39 186 255 76 83 180 92 255 0 191 249 40 66 71
    161 255 248 27 193 134 218 152 5 128 159 76 0 163 0 255 116 60 236
    173 15 238 255 240 0 206 255 162 125 255 75 160 0 0 255 152 255 0
    255 139 116 67 125 255 0 193 181 53 0 226 209 23 174 81 180 22 255
    41 217 255 0 198 0 255 144 200 0 0 59 215 0 0 108 0 98 0 0 94 255
    105 0 117 255 0 201 56 13 199 82 0 216 81 255 79 255 25 84 185 181
    225 240 235 255 44 10 0 227 190 255 168 193 255 0 94 143 255 255 219
    248 136 110 203 128 255 139 255 6 19 255 57 255 255 0 142 255 220
    255 77 255 194 88 246 187 31 0 171 90 0 140 255 0 255 210 255 42 0
    51 0 205 107 0 0 26 50 0 192 201 255 48 176 255 0 255 16 0 255 0 0
    230 152 42 0 246 53 255 225 0 0 63 195 0 0 255 0 0 251 184 255 0 80
    0 28 0 0 255 122 162 161 223 255 255 0 255 145 28 138 255 24 255 16
    183 170 206 255 157 242 70 193 0 255 160 213 255 149 0 230 77 111
    242 86 95 223 255 87 255 255 135 22 254 195 0 207 0 173 255 0 38 48
    255 85 255 255 0 207 0 41 0 170 181 0 0 107 255 20 214 147 247 177
    255 158 13 247 126 180 55 252 181 172 255 141 120 37 158 255 164 0
    56 0 116 218 64 116 155 79 82 255 0 210 141 0 255 120 3 84 87 255
    136 127 25 147 205 123 234 1 0 48 162 0 255 181 114 105 204 255 255
    0 251 134 0 132 117 170 255 22 52 255 0 70 6 255 130 71 0 255 255
    137 255 255 35 43 187 204 69 0 210 255 0 0 255 0 252 230 88 47 199
    244 168 0 255 0 135 113 0 139 14 32 255 211 1 0 255 231 233 46 0 72
    148 255 6 161 92 64 69 147 131 0 94 117 84 0 255 255 114 255 255 255
    245 0 177 255 126 255 145 94 236 179 136 228 255 4 129 255 170 255
    205 93 17 127 255 253 0 0 0 255 0 73 144 255 255 128 255 248 136 255
    255 80 68 255 255 89 0 48 106 14 121 96 86 191 255 0 255 255 20 249
    255 137 0 111 196 35 0 50 0 15 192 12 2 254 220 0 149 0 68 255 255 0
    255 255 255 0 255 99 0 0 0 30 154 0 114 141 140 233 45 166 0 118 161
    0 73 0 12 19 0 86 124 221 255 139 255 113 0 252 114 255 255 255 255
    255 94 255 87 0 255 34 156 169 255 255 107 0 87 150 187 255 13 0 32
    6 127 128 255 0 84 228 48 138 0 16 0 84 0 103 149 35 7 142 249 134
    215 48 163 216 19 74 112 0 29 216 248 156 255 203 219 230 255 0 105
    70 0 113 61 0 187 111 76 0 157 255 112 181 102 255 144 215 139 159 0
    3 0 127 0 0 255 1 255 0 77 0 24 28 20 255 46 0 0 229 40 144 254 91 0
    182 36 0 255 0 109 0 106 0 0 255 0 38 255 255 169 201 102 255 198 51
    10 0 67 30 133 111 227 0 255 157 207 75 85 55 95 233 0 205 207 97 58
    197 255 255 106 49 160 24 0 43 230 0 41 31 145 255 69 72 0 255 204 0
    140 0 125 156 232 255 223 255 255 255 255 0 187 153 12 0 73 0 103
    174 79 141 225 252 255 156 0 24 255 255 67 68 42 129 241 0 130 250
    26 255 44 255 211 0 0 157 0 42 39 246 189 255 191 92 140 255 115 21
    119 0 243 45 145 0 0 224 196 141 145 130 47 239 95 22 6 205 0 237
    141 210 98 209 190 0 255 176 37 78 253 76 0 74 0 100 23 15 132 0 84
    0 42 0 99 18 96 175 0 46 227 124 50 238 93 177 80 83 52 0 187 255 87
    0 255 213 0 84 0 127 99 0 0 255 255 226 0 196 0 255 255 0 41 255 0
    38 0 143 255 0 0 102 0 101 175 217 255 59 247 255 182 32 0 68 246
    243 230 0 255 0 200 51 0 255 110 0 140 0 221 222 72 51 255 86 49 152
    109 12 48 88 255 255 255 255 0 106 40 253 23 141 188 221 0 18 174 6
    143 58 39 255 70 172 255 185 0 66 0 250 76 236 210 145 0 225 194 0
    255 162 238 17 52 255 177 255 22 0 255 124 73 219 0 172 161 75 152
    255 227 31 0 41 255 0 233 255 211 188 255 213 245 255 9 255 96 54
    133 155 255 65 0 183 136 4 0 192 0 154 255 46 122 147 154 154 0 255
    4 148 213 236 146 0 54 255 216 137 0 115 161 170 28 226 213 0 0 154
    161 81 255 0 255 159 255 241 203 0 231 255 217 102 255 255 180 0 255
    214 140 231 148 199 184 255 0 140 204 96 65 0 225 0 255 212 122 236
    207 255 116 255 242 54 255 0 255 48 74 30 206 189 251 255 0 98 105
    255 139 136 112 41 0 196 255 255 248 185 255 35 191 211 0 110 160
    255 91 246 0 25 255 0 23 24 50 73 26 76 145 255 255 83 3 177 0 24
    194 22 28 194 173 49 255 135 230 0 0 255 255 195 255 3 255 45 255 0
    0 205 48 133 224 178 133 28 68 18 94 0 0 0 0 149 0 78 143 31 0 111 0
    0 252 0 0 226 138 242 0 81 255 255 0 81 255 255 101 89 0 255 228 238
    255 240 39 0 60 255 0 143 71 227 251 0 37 155 255 0 238 121 32 71 0
    85 16 255 255 196 223 80 255 126 248 255 122 0 255 101 82 172 70 255
    0 255 0 3 162 0 226 193 169 68 255 255 248 57 0 58 10 0 150 60 16
    186 79 135 213 124 75 79 175 255 152 45 134 117 0 255 0 224 248 219
    136 255 0 255 255 0 8 84 138 0 255 67 0 32 209 0 255 174 51 230 219
    0 255 0 192 255 0 159 35 181 255 0 255 255 51 255 227 52 255 255 0
    12 2 11 203 183 0 75 46 93 0 80 0 227 46 173 0 239 99 175 255 0 3 20
    141 0 228 213 255 4 0 201 152 0 226 36 0 255 57 188 0 0 229 255 174
    7 217 88 171 0 57 215 6 66 240 55 69 255 0 168 156 0 103 0 85 216
    255 120 0 187 103 112 154 0 124 255 154 255 255 85 135 53 94 0 93 98
    243 63 255 190 160 255 76 0 255 23 26 139 88 0 255 4 0 226 195 0 0
    255 38 147 154 43 0 0 18 41 209 40 244 255 0 255 139 35 66 57 255 4
    224 128 0 255 65 205 255 212 56 187 105 9 220 255 0 255 62 0 165 0 0
    232 41 0 0 0 0 129 255 200 205 90 113 231 218 48 0 172 216 36 0 248
    0 0 108 7 0 215 247 0 50 248 34 165 0 215 158 169 112 0 255 0 189
    255 0 220 222 54 255 255 123 62 255 113 62 255 129 149 0 124 142 0
    177 37 0 0 221 255 64 197 62 255 114 29 193 224 0 255 139 255 223
    193 60 108 219 162 20 248 178 149 56 200 255 195 0 44 0 57 0 131 170
    0 72 230 67 0 66 255 24 58 184 5 255 255 190 210 0 112 0 0 10 233
    186 32 255 197 0 109 68 0 255 189 179 214 35 161 255 174 198 136 164
    255 212 255 231 220 90 230 182 155 255 0 28 40 0 0 255 255 107 255
    173 133 243 255 76 172 41 236 158 255 255 123 164 255 4 138 255 119
    248 255 44 255 255 255 255 230 255 104 25 0 200 0 35 0 0 200 138 255
    150 255 255 156 255 134 236 0 125 196 164 118 231 153 29 0 0 188 255
    138 34 215 255 145 255 229 255 180 236 35 6 192 151 10 170 123 0 48
    214 0 52 30 18 32 0 86 104 85 131 54 165 0 180 163 125 255 112 51
    255 238 57 40 14 255 232 67 231 0 0 255 255 237 196 111 0 0 235 164
    182 255 0 255 144 0 255 204 250 18 117 255 86 193 89 145 101 213 183
    176 11 246 105 55 98 255 255 187 139 228 49 34 42 174 255 104 81 255
    234 0 0 44 200 218 0 16 239 97 0 62 84 0 255 30 101 0 255 77 151 0 6
    0 0 22 33 0 167 129 64 35 74 255 0 0 255 0 26 255 187 175 192 246 0
    0 194 255 6 106 77 255 74 0 50 0 255 0 0 0 217 223 212 106 90 112
    180 255 255 175 0 0 20 225 255 36 245 0 255 0 0 255 73 17 0 212 255
    0 35 255 220 218 156 200 237 115 255 127 0 61 7 48 222 91 61 0 2 203
    0 97 0 203 74 0 224 162 14 211 219 221 56 39 75 255 22 6 255 0 36
    180 113 7 255 189 87 255 73 49 5 224 255 21 197 145 68 255 222 0 255
    50 17 27 169 135 4 169 193 255 0 31 255 0 0 191 40 236 200 255 99 0
    246 36 0 148 172 255 0 255 255 88 31 152 39 148 255 223 218 234 255
    72 255 14 92 92 231 100 142 105 255 82 255 200 0 0 255 255 65 222 13
    255 151 142 131 29 155 199 126 91 242 63 0 184 250 142 17 189 255 0
    0 146 0 0 0 253 255 0 63 149 220 0 81 255 0 0 243 134 2 255 72 87
    255 33 255 224 60 255 206 180 125 124 116 255 0 255 54 82 255 251 88
    72 255 1 56 12 194 11 40 183 181 195 215 43 255 143 0 126 255 97 255
    255 242 76 0 40 66 0 255 29 186 0 83 26 97 223 164 81 223 255 8 255
    255 199 255 218 237 233 0 19 0 30 0 27 62 255 85 120 140 0 163 138 0
    0 35 255 50 142 145 90 255 98 214 0 255 255 245 238 20 57 139 194
    155 255 199 0 72 80 131 219 236 135 167 254 96 255 248 255 213 0 119
    0 76 26 95 71 187 0 108 170 205 190 131 242 127 166 166 0 166 63 193
    92 0 255 143 236 0 251 138 255 81 207 0 0 0 213 89 175 0 32 8 174
    255 0 91 195 231 188 0 223 203 0 255 58 90 0 198 255 124 137 255 0
    173 50 101 62 255 186 191 0 1 84 22 134 255 0 0 235 0 137 235 88 0
    180 254 31 255 32 244 255 135 144 231 0 255 172 122 0 255 248 254 0
    14 0 0 84 145 0 255 0 48 0 255 185 161 64 175 177 240 0 0 56 206 0
    255 255 68 151 90 91 255 192 193 236 24 175 0 90 212 255 255 232 0 0
    29 226 0 79 0 0 49 179 235 255 41 106 255 140 255 190 118 241 63 255
    111 255 0 34 255 25 51 255 248 255 206 255 24 143 255 225 47 100 91
    255 255 20 0 185 39 0 81 178 17 255 124 0 255 10 0 27 155 0 255 173
    91 81 176 193 245 0 0 0 61 0 255 0 133 238 251 101 255 157 255 127
    255 222 97 255 152 0 234 255 28 0 0 89 182 112 157 233 0 100 98 255
    255 255 0 34 0 93 236 60 154 176 0 255 88 255 221 25 138 255 24 191
    0 255 37 117 230 255 125 255 255 67 255 0 111 142 108 168 255 119
    163 181 165 197 44 255 39 233 208 0 70 76 88 75 232 90 232 0 27 101
    149 214 202 0 47 164 72 255 0 45 105 201 0 0 100 136 255 80 255 0
    195 32 255 118 0 215 253 146 0 15 49 175 255 98 189 39 255 234 255
    244 90 14 68 232 110 25 178 210 232 128 57 141 99 214 26 0 37 245 0
    115 223 255 31 95 185 204 24 87 255 148 0 213 0 0 0 23 131 0 14 249
    3 255 185 163 91 154 255 255 239 98 72 222 185 89 255 0 0 123 255 5
    0 73 40 0 255 143 36 67 82 209 185 126 0 225 255 0 221 192 255 0 202
    129 255 255 225 141 52 255 85 0 32 81 0 225 30 245 86 255 255 255
    255 242 149 0 0 250 255 159 92 66 192 255 0 255 0 198 192 166 194
    162 126 0 0 143 11 233 239 33 0 0 31 0 255 0 64 255 255 0 119 0 171
    177 62 0 0 148 255 255 0 40 255 37 106 255 140 31 99 255 255 245 255
    118 255 208 255 19 144 225 255 53 168 148 170 237 255 0 225 0 211
    101 255 161 255 185 115 67 223 0 224 114 30 255 255 144 77 255 242
    255 178 121 253 52 83 8 0 150 113 145 44 0 27 255 255 68 26 2 255
    255 255 237 85 178 236 255 0 105 255 62 172 148 119 0 72 255 17 0
    255 185 0 174 189 0 0 238 0 18 76 0 184 16 0 173 209 166 194 255 255
    3 213 135 16 152 255 255 216 255 255 0 104 183 121 0 255 146 44 255
    255 220 209 30 0 255 15 204 255 226 0 38 124 196 52 179 57 243 49
    151 96 255 3 255 255 0 202 132 15 79 98 51 173 0 193 50 255 240 234
    0 118 0 0 143 0 240 0 0 255 255 82 142 200 255 174 5 88 255 60 20 0
    0 0 125 108 66 126 220 255 53 0 215 0 123 107 153 130 180 255 243
    255 85 193 56 167 0 0 255 255 7 101 25 0 255 255 67 0 187 5 224 0
    206 223 0 231 73 0 255 87 255 192 206 255 255 158 189 13 26 205 49 0
    12 0 255 228 0 16 0 80 207 170 166 255 255 53 22 28 175 253 152 199
    129 255 255 255 60 0 88 0 44 55 71 0 239 160 183 13 28 0 255 204 255
    243 238 225 31 0 0 88 227 0 100 0 71 185 117 255 60 255 189 255 195
    129 255 82 0 96 66 9 28 140 0 161 255 255 0 16 255 238 25 205 255
    255 172 29 14 110 107 221 199 0 14 255 0 255 0 0 255 145 154 5 255
    72 0 228 216 255 0 0 190 29 70 0 255 23 95 255 0 255 44 202 235 217
    0 0 255 0 255 255 32 255 3 222 22 15 55 228 85 202 140 235 136 32
    236 199 255 208 240 189 87 0 0 123 255 8 255 0 255 0 155 148 255 255
    255 169 255 255 47 255 142 230 255 51 192 245 136 215 29 146 235 204
    207 123 255 48 255 165 223 0 0 72 231 169 0 191 45 0 213 3 113 0 244
    255 0 104 142 68 175 0 0 114 147 129 255 41 4 255 0 95 0 251 255 172
    253 134 175 125 194 67 148 0 73 142 44 255 164 213 226 0 0 0 21 255
    44 214 0 174 11 255 159 1 0 81 216 255 234 255 116 138 0 228 55 19
    12 5 141 144 255 21 255 0 255 0 22 36 255 177 0 0 27 0 61 89 209 208
    55 255 0 5 31 42 227 0 255 0 0 227 3 0 255 238 71 135 190 245 79 220
    147 255 227 0 82 255 255 255 255 255 255 129 255 255 152 159 255 219
    0 0 71 0 255 0 255 7 94 49 255 211 255 255 255 246 129 111 85 53 208
    228 85 245 65 198 130 23 12 227 124 112 117 194 39 43 63 66 227 73 0
    0 45 139 255 26 0 0 200 255 110 209 3 110 255 255 255 255 255 0 255
    170 102 0 59 203 127 0 65 255 249 0 255 156 61 48 85 4 232 115 235
    255 255 0 112 13 0 247 255 6 34 54 160 23 188 190 159 70 79 255 0 41
    200 9 255 229 255 255 156 19 162 68 155 208 0 187 89 0 59 255 184 23
    153 90 60 153 40 154 205 69 93 255 255 137 0 110 255 0 255 197 206
    137 160 148 255 169 19 0 50 59 16 0 255 15 170 0 0 255 136 0 0 80 98
    0 105 255 166 136 0 255 0 162 126 252 221 158 255 28 0 0 0 210 0 122
    154 192 143 0 106 255 28 0 214 255 79 0 0 80 0 19 145 139 234 255
    255 255 236 255 141 234 251 123 255 0 233 209 255 79 255 99 28 255 0
    121 113 49 0 254 0 86 35 105 117 13 16 181 86 47 16 207 255 0 0 255
    67 0 102 0 26 64 192 11 255 255 232 0 222 24 52 54 41 255 95 240 135
    255 228 165 69 141 36 224 180 255 195 255 66 179 239 0 0 0 76 76 208
    177 0 91 0 0 0 255 82 0 0 166 0 0 5 200 155 0 255 255 30 255 222 0
    77 204 153 101 146 32 103 20 59 255 204 221 188 255 197 219 62 0 0
    113 0 0 220 0 255 172 207 255 104 255 255 237 0 143 87 123 232 0 235
    29 255 127 0 255 0 140 255 125 146 0 195 72 128 255 0 223 213 0 0 0
    87 55 102 133 167 102 255 103 255 83 0 68 0 0 255 0 13 0 255 223 218
    73 0 231 253 213 0 243 182 134 101 0 97 147 255 198 0 238 0 205 0 48
    255 138 162 64 199 90 235 0 246 207 190 90 255 0 0 132 0 13 255 255
    245 240 255 24 42 6 255 158 246 111 83 226 0 100 238 80 150 24 126
    106 9 223 0 0 124 255 247 217 109 219 177 115 205 255 0 255 226 255
    87 39 0 255 0 105 167 0 246 29 255 255 0 140 218 18 6 93 236 196 255
    200 126 63 113 214 1 224 71 0 221 19 8 255 0 0 111 255 198 244 49
    241 167 176 228 220 203 91 24 184 130 156 7 136 255 255 255 223 192
    205 72 255 0 92 110 148 175 147 180 223 129 196 208 164 199 83 160
    255 160 166 212 255 112 255 255 87 244 45 0 209 131 0 255 11 215 243
    255 192 123 169 100 255 255 186 210 44 0 255 181 255 232 255 205 244
    255 122 255 255 0 250 31 70 36 255 124 255 0 11 255 234 43 0 61 58 0
    128 255 37 15 0 0 18 7 158 239 189 255 255 130 0 214 0 0 0 255 46
    229 154 1 255 98 255 178 193 87 164 59 255 255 173 255 109 31 0 94
    255 0 255 41 0 189 250 200 0 162 193 8 184 159 0 255 255 90 255 206
    104 63 253 76 166 0 99 0 237 0 0 201 74 0 166 89 242 46 206 107 255
    43 243 0 255 136 30 22 255 0 8 0 12 0 79 255 0 0 83 60 0 238 65 38 7
    255 0 30 29 196 0 136 0 132 0 126 163 229 42 40 35 255 136 255 255
    150 255 213 221 211 249 202 113 135 77 93 151 0 0 0 0 104 207 201
    155 255 0 50 101 0 0 63 0 119 255 125 0 67 0 255 113 0 0 0 81 195
    127 255 50 80 0 22 0 68 0 56 0 255 255 15 0 0 129 219 133 138 0 156
    149 151 234 166 255 255 211 0 255 124 0 255 4 255 38 7 255 255 135
    124 255 97 53 255 255 155 255 113 0 0 98 216 10 255 40 245 147 142
    189 0 0 96 255 133 255 73 49 230 255 255 0 17 202 37 17 7 16 174 237
    255 79 104 194 255 17 155 7 255 147 0 255 66 208 45 47 0 0 135 92 0
    0 95 148 0 0 148 65 0 248 55 148 185 188 255 200 0 191 197 0 188 204
    243 142 255 179 200 182 255 203 238 156 217 0 255 255 0 0 255 91 0 0
    166 255 255 0 8 0 167 78 167 181 159 146 35 255 87 95 0 255 219 0
    145 85 255 255 255 0 177 190 80 0 124 255 255 167 255 142 0 0 0 222
    21 197 0 204 255 0 0 1 137 177 0 133 149 0 44 255 0 255 255 60 123 0
    201 40 163 44 30 231 0 27 57 255 212 0 114 200 0 0 0 255 223 0 9 49
    161 0 142 199 103 20 0 126 150 0 0 255 255 123 25 216 255 216 89 0
    205 255 0 6 9 15 0 191 170 0 199 209 224 255 0 255 240 0 255 255 255
    197 139 7 135 56 124 44 153 158 208 2 143 157 0 255 150 255 134 0
    133 103 116 100 171 197 0 89 72 202 0 0 255 174 172 255 209 60 152 0
    128 152 125 140 7 0 0 255 38 159 115 114 200 255 0 248 255 255 188
    255 0 255 51 3 7 0 162 252 0 255 0 255 74 255 195 0 7 173 255 74 0
    68 83 180 0 255 58 0 58 114 199 122 14 188 0 88 255 130 255 1 0 136
    118 221 171 0 97 122 0 91 253 156 255 214 221 222 140 0 9 234 255
    207 152 0 255 226 70 128 84 172 232 99 40 237 0 192 0 255 24 63 234
    23 156 255 166 64 203 0 139 255 0 255 148 103 155 87 43 255 255 0 29
    234 0 95 93 0 0 113 0 222 37 64 207 250 148 38 141 174 189 211 83
    190 255 252 0 80 8 31 88 119 255 255 255 198 95 255 104 173 88 233
    13 0 0 125 0 53 140 0 255 255 192 113 221 255 107 75 223 0 191 230
    62 123 167 90 255 62 255 213 53 90 0 0 255 255 150 214 138 124 161
    228 152 248 0 54 0 0 0 255 255 91 255 66 0 121 228 255 41 0 69 18 30
    76 229 119 93 255 167 208 196 0 15 98 102 52 115 220 180 0 255 0 177
    163 76 31 0 187 101 114 0 255 255 135 242 255 254 193 56 252 255 27
    66 52 255 73 0 255 66 0 36 255 2 0 86 255 0 251 135 101 71 48 232 0
    157 2 45 65 82 136 0 97 213 255 255 0 228 171 113 19 142 75 255 255
    135 255 239 255 0 157 255 168 182 229 90 185 0 0 163 147 8 242 177 0
    255 0 21 124 86 255 255 255 255 0 255 255 74 239 0 96 197 255 0 181
    255 0 255 216 255 226 188 89 194 182 145 96 87 0 95 113 132 0 67 239
    51 60 164 125 255 0 255 243 0 152 35 82 249 255 123 255 242 220 149
    0 0 170 52 1 189 255 0 11 200 95 0 255 1 0 255 154 41 0 204 255 2
    210 189 118 255 255 6 161 255 209 209 156 138 129 0 101 212 36 49
    124 152 98 81 83 148 255 0 75 0 50 0 0 11 179 170 255 148 255 204 69
    255 43 0 0 255 112 4 251 217 206 0 25 34 163 78 0 199 146 0 202 255
    186 193 82 183 0 162 13 0 19 34 255 255 117 138 69 214 188 0 58 18
    166 255 250 149 28 50 0 150 66 255 86 114 47 0 255 46 134 255 136
    222 98 42 150 124 255 72 35 156 104 0 150 255 46 159 243 128 0 157
    112 227 185 160 76 0 255 158 254 146 255 118 0 102 0 0 208 123 0 10
    208 236 227 71 47 255 233 211 241 76 147 90 217 255 52 19 183 158
    125 36 129 0 0 144 0 243 255 255 119 74 255 35 217 195 50 70 251 100
    14 242 81 255 215 46 0 52 0 214 85 111 91 53 73 0 82 0 228 24 255 71
    21 173 0 255 53 182 255 255 255 105 247 208 138 115 106 255 0 78 0
    201 131 255 0 107 0 108 154 231 0 192 10 168 76 219 255 241 0 0 14 6
    72 252 255 255 211 255 233 72 255 73 215 42 39 184 212 255 66 228
    197 144 72 213 87 255 185 255 41 0 176 255 251 190 183 244 0 0 245
    215 54 129 255 252 143 0 255 248 255 255 58 255 255 158 184 0 94 0 0
    255 104 191 98 91 75 87 0 254 0 179 124 131 255 82 125 0 255 106 41
    197 0 255 75 132 255 75 255 155 255 176 188 114 160 110 90 191 36
    210 127 65 246 0 30 255 134 255 68 255 0 0 138 255 100 26 0 217 63
    192 246 114 25 24 27 140 0 70 0 86 34 0 92 255 255 255 139 255 152
    56 240 0 75 0 255 249 210 255 183 16 52 255 192 166 177 62 255 255 0
    255 196 0 174 0 255 0 255 70 163 158 87 160 9 255 255 0 56 189 0 156
    255 65 254 59 0 121 31 199 255 5 246 57 129 255 143 255 91 0 173 255
    0 255 217 0 255 172 255 7 163 255 87 192 183 255 136 248 0 169 0 0
    130 46 0 41 219 46 255 0 255 72 255 170 15 188 255 130 239 85 168 90
    154 55 193 255 71 46 133 208 150 59 0 131 0 9 244 156 159 0 255 228
    255 0 12 255 0 0 0 154 0 234 248 208 249 255 115 224 186 92 243 166
    96 21 255 0 194 0 255 28 255 207 129 78 0 255 0 124 238 199 255 10
    171 23 0 57 255 186 255 53 140 0 238 201 0 255 255 103 76 157 122 0
    255 255 255 255 255 143 0 147 231 61 185 255 255 42 84 255 194 56
    157 67 255 255 0 208 255 254 67 246 0 255 202 204 51 255 89 140 189
    255 161 88 70 232 129 0 255 0 12 183 114 255 203 37 255 255 6 0 119
    239 0 74 0 235 248 0 120 165 255 80 0 32 232 255 234 242 0 255 0 16
    0 15 1 190 28 120 255 0 64 52 255 72 255 89 255 67 116 0 28 145 255
    180 7 0 46 0 119 0 1 126 0 204 84 130 140 49 174 255 138 33 255 255
    0 228 255 0 3 228 0 78 13 255 189 170 123 94 255 101 79 0 255 255 72
    0 0 0 153 238 149 112 116 177 170 255 4 255 146 68 19 253 168 34 157
    67 244 175 92 0 255 216 0 255 119 0 6 255 155 255 0 0 41 126 0 255
    180 19 255 0 255 255 87 98 255 219 149 11 35 183 7 255 157 0 0 255
    89 0 0 96 151 242 182 255 0 20 255 0 111 92 35 0 0 242 20 237 153 90
    255 0 154 66 196 121 0 255 11 209 106 15 191 0 240 118 255 20 255 0
    0 0 214 0 23 255 255 48 203 144 0 255 131 85 130 242 0 186 97 83 50
    255 153 0 46 0 177 1 0 105 177 255 75 0 190 54 204 0 255 0 204 141
    165 0 140 226 86 30 112 138 50 155 241 55 68 97 191 98 78 223 9 24 0
    152 255 222 222 255 255 69 0 14 141 87 239 0 129 31 155 0 106 255 0
    176 255 89 98 0 135 255 111 159 201 0 235 141 104 166 255 255 10 25
    0 0 0 36 255 0 255 185 255 21 168 5 130 255 0 227 0 0 255 255 255
    250 24 0 246 240 150 184 126 255 0 170 255 236 171 0 247 94 162 255
    132 125 50 198 0 255 50 20 255 0 0 3 137 223 0 216 102 0 63 0 215
    136 3 0 127 200 0 65 115 165 255 181 0 212 255 107 243 246 255 255
    53 255 255 67 255 104 46 255 129 207 12 106 126 70 0 46 142 109 255
    255 230 219 203 64 236 55 126 0 0 217 162 51 23 85 31 200 0 34 19
    134 237 255 78 33 104 42 16 53 53 176 18 255 4 139 180 255 255 255
    25 225 0 131 131 3 237 173 98 198 172 61 51 255 0 23 167 55 40 33
    125 47 203 99 251 0 255 17 182 170 18 170 0 187 94 0 255 255 255 255
    107 0 78 52 0 37 40 255 220 60 255 1 0 0 213 232 248 0 138 11 168
    198 123 0 0 255 8 0 171 237 108 64 0 36 186 255 255 0 57 62 0 231 0
    202 176 0 50 88 135 255 255 0 113 225 96 95 175 144 0 255 216 236 41
    0 232 213 119 255 255 115 255 95 79 0 0 255 47 36 0 133 87 255 156
    226 0 0 255 19 184 178 255 65 153 1 87 4 146 124 174 17 255 255 119
    0 0 188 72 255 255 206 254 255 255 172 31 41 255 0 255 255 16 17 75
    204 73 0 208 0 166 255 179 194 223 255 63 94 245 255 0 142 255 145
    67 184 37 29 255 238 182 0 80 148 220 197 255 255 208 250 42 4 105
    234 236 174 255 0 219 83 0 5 238 16 15 60 255 166 255 154 109 156
    255 213 247 156 157 168 255 255 227 122 168 52 187 0 238 228 0 0 255
    255 136 230 71 255 0 145 120 48 222 243 185 209 72 239 13 0 251 0 0
    255 142 255 180 5 4 82 75 255 230 248 255 8 161 205 10 249 94 243
    255 143 199 11 37 251 0 226 0 234 0 27 0 73 152 255 190 65 255 93
    166 255 0 255 16 24 254 104 42 0 76 245 255 255 0 255 255 133 6 25
    45 145 161 14 144 145 0 9 255 216 93 104 0 89 241 255 157 129 0 183
    72 63 215 255 106 0 255 201 0 0 88 127 255 65 0 88 22 239 0 101 215
    255 255 191 100 215 0 0 255 0 94 0 216 75 113 87 255 61 0 255 0 255
    255 220 255 214 91 77 55 20 56 96 92 255 0 209 27 42 16 217 0 123 0
    73 47 189 160 0 244 0 0 241 0 0 0 13 56 193 93 17 46 63 255 88 255
    255 168 118 130 82 94 255 196 0 141 49 75 132 58 0 223 0 94 255 110
    27 255 240 128 212 119 76 220 43 147 15 0 0 255 255 166 109 52 144
    29 0 83 0 188 255 0 203 255 47 176 255 206 0 255 255 255 249 255 199
    94 0 148 189 107 255 0 0 174 255 0 249 255 45 255 24 247 0 155 41 0
    114 0 168 0 125 123 244 0 2 47 230 0 148 72 87 75 14 202 183 0 49
    255 6 207 254 0 97 255 90 126 150 255 4 198 65 2 255 255 0 189 255
    79 255 34 255 228 97 170 193 151 255 148 0 0 247 92 197 255 152 34
    115 255 0 158 92 0 125 255 137 221 95 127 255 255 160 218 255 143 10
    0 49 71 2 92 209 203 172 183 255 160 51 18 255 255 0 0 255 38 182
    172 170 0 225 71 255 201 0 142 255 0 151 214 11 3 213 158 76 142 193
    255 250 83 255 255 188 70 101 0 0 97 226 117 217 200 105 194 0 88
    200 147 237 255 0 180 251 195 255 0 154 157 0 40 0 224 199 0 18 189
    252 0 44 3 244 221 151 125 29 54 148 185 176 2 255 255 0 255 28 167
    170 0 170 62 0 179 0 51 0 95 0 255 168 255 49 3 255 255 172 255 214
    204 158 0 0 183 149 0 255 0 114 55 0 255 214 255 151 0 255 0 200 0 0
    255 147 0 255 39 57 213 0 35 0 0 104 255 137 237 99 255 84 150 182
    245 0 214 106 239 173 9 77 0 28 20 0 238 70 119 0 115 0 23 203 60
    152 53 50 227 192 165 255 65 255 4 238 85 243 109 200 1 0 121 255
    214 255 255 72 133 0 223 255 98 186 164 0 234 51 94 46 68 140 129 0
    46 29 23 0 36 32 201 110 126 255 183 39 173 106 255 228 45 255 90
    224 172 174 255 255 56 255 0 212 255 37 255 225 175 255 15 160 0 255
    82 255 255 255 63 0 194 249 40 221 255 220 107 173 9 10 255 194 0 0
    125 0 0 52 154 255 211 0 73 222 146 0 255 0 176 117 248 201 0 12 244
    120 108 0 145 185 255 33 255 152 17 255 255 0 255 94 165 33 107 138
    59 199 255 161 0 126 63 255 24 0 95 0 233 255 130 255 255 255 235 41
    71 103 0 0 67 233 147 255 192 117 39 0 255 255 166 86 255 178 223
    191 102 255 0 26 242 19 0 111 255 0 150 0 177 255 92 64 0 113 0 63
    255 0 120 8 55 255 211 48 68 0 222 137 255 0 255 253 145 255 137 19
    194 17 255 125 119 255 255 203 183 255 20 237 147 89 255 78 109 244
    0 84 172 0 0 0 249 255 0 196 255 88 166 138 50 115 33 226 210 203 16
    173 255 127 0 183 0 100 191 132 0 255 81 70 0 0 9 4 179 135 255 2 87
    0 0 0 0 105 0 74 255 13 0 0 0 187 171 0 176 0 34 0 165 255 0 28 255
    156 0 18 255 0 99 117 0 177 0 181 238 72 142 0 76 131 23 101 129 255
    34 226 255 0 0 255 188 0 246 74 24 0 115 0 116 0 93 178 152 0 0 136
    255 171 255 159 65 0 255 255 255 6 11 207 24 0 26 112 255 135 255
    216 192 0 0 184 255 22 67 0 4 227 60 247 99 151 0 255 10 67 0 34 248
    91 255 255 33 128 202 255 64 255 176 0 72 255 138 53 255 220 10 125
    54 120 183 0 28 160 255 107 255 0 255 122 56 255 164 242 215 43 255
    161 112 0 243 255 158 137 188 197 41 0 243 255 68 101 255 138 255
    135 132 214 255 0 255 163 122 255 0 182 255 255 255 62 41 255 255 0
    214 137 144 149 86 255 0 255 195 255 0 255 0 87 0 0 175 33 12 74 158
    23 255 69 255 4 235 178 96 158 165 31 26 101 0 171 22 0 169 0 194 0
    67 238 2 0 0 88 228 129 65 117 248 255 163 255 255 219 255 0 84 160
    58 185 89 124 0 255 243 255 255 244 0 0 197 123 60 25 0 13 255 38
    242 33 244 255 101 255 164 150 0 255 43 199 255 174 222 255 209 165
    28 230 209 0 13 44 255 138 0 192 84 133 177 106 177 58 69 5 118 33 0
    255 228 255 0 0 255 0 35 161 98 241 255 213 97 55 255 27 144 133 0
    246 154 207 145 255 144 0 29 0 255 0 0 226 255 90 0 90 173 6 65 255
    216 104 13 56 176 58 0 169 19 222 0 184 19 0 0 0 123 255 255 226 0
    26 38 36 0 0 51 64 0 201 7 136 57 16 87 120 255 205 12 255 0 130 252
    255 0 0 214 53 255 32 213 0 0 177 127 169 157 236 241 150 81 226 3
    136 209 108 153 166 255 20 255 255 0 105 234 219 255 255 114 71 255
    198 11 0 0 0 29 0 0 255 162 255 243 255 157 222 4 42 184 86 112 0
    121 78 29 168 72 195 0 44 171 177 116 255 0 7 0 171 52 0 157 179 255
    69 105 255 253 0 82 224 81 38 232 0 34 0 6 1 0 238 255 0 255 126 0
    255 0 3 95 0 156 36 255 99 254 244 255 106 227 255 255 225 255 192
    255 0 34 18 115 255 236 209 0 133 255 255 216 142 110 165 234 0 255
    20 81 0 83 201 158 5 0 255 47 69 17 53 39 255 74 71 255 109 186 244
    221 100 28 255 54 68 0 75 171 123 126 112 111 255 54 23 0 0 161 255
    0 255 90 195 158 0 0 255 162 255 57 255 0 150 114 176 255 128 11 208
    0 31 248 31 168 223 63 255 8 90 31 0 0 138 71 44 217 0 11 190 0 89 0
    221 177 154 255 200 80 0 75 255 102 175 255 255 255 110 0 250 233 0
    0 145 21 103 156 0 255 255 122 247 127 43 100 0 249 255 225 166 0
    177 33 255 0 180 73 255 228 174 33 0 161 51 223 119 86 243 255 165
    255 255 130 255 0 144 0 27 209 0 136 8 255 255 105 176 77 255 55 28
    69 112 0 0 0 4 63 255 220 255 242 255 255 0 245 255 134 119 111 112
    255 254 15 83 0 246 0 0 0 147 255 0 214 138 61 239 153 157 114 255
    155 120 66 0 156 137 0 169 255 222 0 255 0 0 201 186 68 142 165 255
    132 244 255 255 66 255 135 0 255 70 128 18 0 203 116 0 103 156 40 4
    17 254 255 178 123 255 0 211 208 223 22 229 4 251 98 12 220 226 255
    255 195 51 255 183 101 209 109 72 114 0 255 0 219 255 0 65 255 153 0
    85 81 156 124 211 0 0 255 0 0 0 153 0 95 181 80 226 220 124 255 255
    91 245 255 0 151 255 164 28 173 255 69 58 34 105 197 131 87 255 168
    234 255 97 142 170 31 255 255 189 113 0 0 232 209 32 33 255 255 72
    161 255 0 7 96 221 255 0 28 255 32 45 100 47 161 104 149 255 134 0
    255 237 66 146 178 211 8 204 75 6 248 0 84 255 255 14 255 0 255 255
    51 117 122 213 118 158 23 104 182 0 0 61 93 0 0 223 226 8 255 31 247
    0 46 195 0 145 4 0 255 0 35 0 0 0 255 255 0 168 183 0 186 158 8 136
    255 221 46 255 255 0 240 255 0 116 0 255 50 86 193 123 218 147 0 246
    37 153 196 0 79 253 100 69 154 206 154 151 205 225 41 88 228 255 0
    193 24 255 222 255 255 149 10 255 38 240 255 0 0 255 0 234 255 255
    129 0 46 208 179 255 94 181 247 0 0 181 199 167 0 181 255 0 0 114 0
    0 255 0 255 208 18 48 207 0 167 255 128 153 0 112 82 181 102 255 68
    139 255 108 0 255 143 13 0 118 86 255 181 238 76 0 255 66 0 82 76
    206 42 142 18 117 24 255 75 250 0 212 0 117 0 0 160 146 107 144 0 87
    0 66 255 208 171 199 91 0 218 255 225 0 255 0 130 12 255 31 213 64
    61 0 132 213 212 160 255 144 43 121 172 0 34 241 223 153 64 17 61 46
    244 227 110 222 181 0 73 255 0 0 151 198 197 255 140 139 0 209 255 0
    0 38 214 255 204 73 255 201 255 134 255 96 255 140 232 101 255 255 0
    255 255 0 255 150 149 198 54 178 255 23 0 255 0 70 0 0 255 132 0 255
    165 0 35 225 225 118 249 0 47 212 227 0 14 0 0 0 205 255 199 171 255
    39 23 255 255 0 167 43 228 78 49 187 60 200 255 179 195 200 113 0 64
    0 141 255 57 21 0 0 239 255 0 0 160 72 0 0 255 42 0 255 30 168 138
    255 93 255 255 37 33 86 0 0 0 9 0 73 128 104 51 39 188 0 26 126 255
    80 0 0 24 0 255 255 0 0 250 0 80 222 255 141 0 235 185 255 30 0 58
    10 9 0 57 193 255 255 233 255 255 224 255 156 0 119 255 0 15 255 214
    49 143 90 62 62 255 141 186 255 152 192 158 186 255 18 255 214 0 163
    38 246 155 197 19 53 31 104 211 7 11 0 198 56 229 255 46 253 163 0
    120 106 163 191 0 255 150 143 55 132 255 157 93 219 255 74 242 104
    209 0 39 0 255 107 0 1 93 2 7 61 255 0 255 114 222 255 76 30 33 255
    170 255 204 42 188 0 0 9 50 255 53 89 28 203 0 0 192 169 255 124 0 0
    255 162 200 116 86 255 0 181 248 253 0 88 211 0 62 178 0 0 126 185
    29 114 133 255 255 204 150 255 255 0 255 207 22 176 14 152 0 141 35
    185 0 0 0 125 251 231 5 21 255 200 157 131 255 0 168 12 243 255 81 0
    68 204 255 255 0 107 38 200 183 255 74 255 255 255 0 203 197 255 38
    93 84 209 255 190 23 189 6 52 255 255 0 162 35 4 109 0 204 55 114
    161 255 232 46 0 0 186 114 105 0 255 218 66 0 230 2 255 120 109 243
    35 210 255 224 193 113 200 7 255 90 132 255 255 255 118 110 255 255
    0 23 158 203 11 150 21 45 0 237 255 202 202 88 196 0 55 0 0 136 81
    199 174 215 149 20 2 128 255 2 85 0 23 255 58 15 75 40 108 96 0 182
    110 194 50 0 157 158 255 0 248 0 252 19 88 164 55 0 189 255 255 193
    10 255 255 93 0 0 1 0 6 155 167 145 124 171 109 210 0 252 134 105
    193 0 242 12 0 0 152 0 255 1 0 0 0 164 56 255 41 0 233 38 20 0 14
    172 94 121 0 40 99 0 0 87 119 255 17 221 255 255 0 63 64 79 255 255
    3 173 225 128 4 151 4 228 63 29 86 97 0 243 49 0 119 255 47 255 255
    202 26 0 133 232 0 255 163 255 0 198 255 255 255 178 141 101 0 164
    255 174 29 0 172 7 75 36 0 9 75 255 246 113 104 0 255 233 255 179 55
    71 0 255 0 34 0 178 179 124 153 255 107 193 241 255 28 255 255 7 0
    175 107 5 255 173 165 222 1 18 172 122 255 216 135 0 0 255 234 62 56
    146 255 138 0 189 0 33 255 0 234 255 211 42 255 194 19 236 62 255
    255 238 255 181 138 166 225 158 13 57 255 83 0 41 136 255 255 255 89
    0 228 0 66 178 255 42 164 173 98 0 34 30 155 208 255 8 0 123 190 0
    196 13 136 214 0 59 255 255 64 255 137 154 0 0 116 96 0 62 0 51 255
    8 255 0 204 255 139 255 180 251 119 255 221 0 0 0 52 214 81 255 255
    1 255 107 239 142 163 0 18 0 74 0 94 168 255 151 160 28 52 250 255
    170 0 226 157 0 0 204 255 95 0 105 255 0 0 115 0 34 5 118 255 209
    255 255 175 170 115 103 231 255 0 180 205 0 0 45 0 57 58 255 209 107
    255 255 13 58 49 255 188 163 180 4 0 255 255 0 255 255 249 62 143
    111 0 144 255 181 47 0 255 10 143 202 119 60 194 46 96 126 110 255
    90 242 217 28 38 255 40 255 255 71 78 255 163 100 0 57 152 233 182
    81 244 86 138 73 255 255 255 124 255 45 29 255 181 255 0 147 46 207
    228 5 198 168 255 125 0 255 255 234 124 63 93 11 24 40 159 159 0 0
    129 0 0 104 219 186 0 204 116 156 221 0 171 0 255 134 32 255 255 33
    0 0 160 255 131 255 255 0 221 0 55 238 229 67 1 0 0 200 33 255 235
    140 255 97 240 37 75 7 0 32 97 119 255 0 199 255 165 255 255 202 233
    82 223 155 127 102 0 255 160 8 255 0 255 234 115 174 0 0 255 212 230
    8 255 245 187 255 136 172 47 0 21 51 106 150 201 155 255 0 48 255
    216 0 241 255 148 175 117 255 62 0 255 255 26 255 0 55 0 0 0 62 0 51
    232 24 145 27 93 255 10 255 0 0 97 118 255 255 39 255 97 192 33 25
    133 26 165 70 97 255 145 0 153 160 159 0 134 180 0 225 26 0 0 255 0
    5 229 169 243 0 112 7 0 255 59 205 87 247 254 0 179 81 255 0 238 0
    134 255 103 28 0 223 0 207 116 26 255 107 8 81 255 255 44 255 41 220
    199 215 39 65 156 158 150 209 180 255 174 205 215 255 226 230 255 93
    0 0 0 160 212 255 255 0 0 255 68 74 0 31 208 255 0 0 149 255 255 0
    91 255 65 238 0 238 94 18 112 177 134 119 0 213 0 78 228 145 255 255
    167 47 180 95 0 40 0 255 24 255 255 3 134 147 255 255 56 255 0 133
    79 0 142 0 0 79 97 40 108 255 0 154 17 0 174 255 0 255 1 244 255 97
    122 133 255 48 37 22 0 114 101 255 114 181 76 204 251 183 0 195 247
    49 14 65 216 183 182 204 12 245 192 0 255 31 193 37 0 153 29 116 255
    0 0 242 58 35 21 0 38 4 57 3 255 168 255 38 85 166 156 94 255 200
    255 255 70 119 255 235 120 255 0 126 5 107 110 38 255 92 0 89 237 0
    171 255 191 255 255 152 218 233 83 18 82 170 76 255 255 179 0 242 68
    53 168 0 255 97 98 255 169 156 0 0 255 100 249 162 255 80 216 135 55
    121 0 255 86 93 241 0 7 17 228 0 231 149 50 224 209 0 203 8 41 0 119
    0 0 169 255 45 23 24 235 99 76 255 217 255 255 21 121 215 134 255 0
    54 185 158 218 30 0 0 87 0 255 131 10 137 164 196 173 84 0 255 0 190
    9 255 203 167 8 255 0 255 38 0 110 255 131 255 255 25 54 0 161 37
    235 234 0 80 255 255 213 0 255 255 26 125 208 55 255 14 103 255 0 15
    255 75 255 0 213 170 212 0 203 174 0 106 0 0 255 255 0 120 255 0 38
    128 247 203 0 0 125 0 135 255 108 255 64 231 42 247 143 255 12 8 255
    157 255 255 255 0 163 50 57 255 167 125 118 0 255 255 0 203 102 0
    157 0 220 22 252 236 0 255 255 255 214 140 255 255 135 171 34 29 255
    174 196 31 144 255 110 49 62 0 83 0 255 11 177 255 16 198 255 255
    203 0 125 96 255 0 237 23 255 178 70 92 175 117 62 0 0 102 121 108 1
    46 255 158 61 201 0 255 0 44 92 0 11 16 255 207 181 0 85 245 105 56
    165 140 168 255 0 255 238 163 255 107 0 0 71 18 68 0 0 255 60 89 151
    132 109 38 241 255 0 132 0 203 255 0 255 2 0 135 56 249 224 255 251
    253 60 211 30 255 255 255 0 131 18 0 0 0 219 255 58 39 0 140 70 75
    251 228 0 255 96 65 200 211 111 0 178 0 198 0 0 245 131 26 168 0 255
    136 0 41 47 81 27 234 204 206 255 244 0 255 242 115 0 67 255 223 162
    255 94 0 0 195 0 218 151 255 255 153 255 250 171 92 118 83 170 129
    52 0 188 153 176 0 111 217 234 0 167 191 18 0 217 255 166 172 34 195
    106 12 249 209 0 238 0 255 172 147 235 246 0 255 0 255 0 127 199 0
    139 8 38 0 20 49 159 67 135 255 255 255 14 45 124 255 255 255 5 15
    138 0 7 255 79 255 0 149 203 0 255 255 148 21 228 71 0 104 0 27 227
    54 0 195 141 0 83 113 0 47 70 159 0 234 0 23 51 13 0 224 56 202 222
    255 46 235 177 0 255 113 77 230 159 27 255 230 20 255 255 5 248 18
    68 0 142 55 189 97 255 255 255 255 0 0 36 146 0 0 0 0 187 190 255
    255 255 254 150 65 0 13 0 231 119 0 206 0 94 51 204 18 0 254 255 22
    229 182 237 0 68 212 0 255 60 0 30 17 177 189 101 177 189 0 0 244 55
    0 210 239 255 0 255 249 118 255 0 0 0 0 57 0 255 255 0 222 35 255
    254 255 49 176 212 127 251 205 192 239 0 53 159 83 22 107 255 8 91
    134 131 189 166 0 68 40 0 113 0 0 255 0 225 255 167 255 187 134 255
    0 50 156 131 86 255 189 0 173 255 44 9 146 0 0 119 3 146 46 95 229
    83 255 181 163 126 0 123 0 0 0 174 255 255 255 255 255 0 251 183 147
    255 111 137 255 200 255 233 11 0 255 145 64 151 139 254 47 255 132
    17 10 203 231 137 113 16 255 183 255 33 20 255 98 0 255 172 0 255 20
    254 177 0 255 255 30 255 0 255 0 152 86 0 155 160 64 62 6 226 0 15 0
    255 212 243 27 138 0 35 0 255 255 204 255 165 87 65 255 112 0 98 163
    144 255 255 0 98 255 0 7 0 42 38 184 155 118 0 203 255 255 255 90
    165 0 255 255 104 51 77 255 49 143 0 4 0 203 40 59 4 232 255 80 20
    231 0 191 148 168 161 60 122 255 123 229 171 255 74 0 0 255 224 164
    255 255 227 23 32 0 66 0 174 14 0 76 253 43 0 0 120 173 226 0 255
    255 0 242 255 255 181 0 21 5 0 146 115 134 255 215 0 255 110 134 211
    255 233 47 242 255 82 255 196 0 39 208 0 255 0 4 197 147 241 30 162
    11 136 178 94 0 255 255 255 255 228 26 0 93 84 203 49 89 204 55 255
    167 118 73 43 255 249 199 203 88 0 55 229 76 255 31 255 60 0 181 217
    243 163 153 212 118 219 42 255 158 0 130 180 255 219 107 255 255 255
    255 255 48 151 101 255 234 216 179 18 44 2 249 175 0 0 219 223 136 0
    0 93 255 0 255 0 211 82 0 40 130 0 100 0 229 0 0 0 151 166 0 158 11
    185 255 0 174 86 237 5 4 255 123 125 255 255 255 210 255 0 197 69
    203 95 255 192 162 178 91 255 255 0 142 104 194 195 79 156 156 255
    201 224 255 215 255 0 51 44 15 220 255 230 105 0 0 255 0 209 220 75
    0 223 255 199 244 255 42 9 149 0 213 0 57 0 84 107 164 39 69 128 177
    246 201 66 0 0 89 0 0 228 148 255 155 242 88 228 0 121 0 0 232 255
    84 203 88 31 38 0 109 255 0 46 0 0 134 255 194 173 152 164 12 227 0
    68 0 0 0 73 124 102 0 157 0 41 213 59 67 0 189 0 147 0 110 18 74 205
    66 111 255 0 123 37 255 239 196 121 0 0 136 0 62 25 0 255 22 255 73
    58 255 40 254 160 0 1 85 109 0 255 6 176 230 0 98 0 255 255 5 27 88
    255 255 37 0 104 255 255 126 217 255 140 0 254 171 97 98 7 133 22 44
    66 255 255 223 121 248 253 87 0 0 0 205 203 0 255 184 233 0 113 153
    62 9 155 136 255 255 171 148 4 255 38 190 255 255 137 178 0 138 201
    193 46 37 230 131 255 211 255 0 15 185 166 173 189 0 222 255 0 255
    47 194 237 166 255 7 49 106 0 226 145 255 255 85 176 0 162 255 0 250
    0 27 223 119 255 51 0 255 255 255 98 0 0 158 148 0 200 255 139 65
    219 255 119 85 0 122 231 0 88 224 105 15 131 0 93 179 246 255 11 255
    0 0 255 23 0 255 8 255 0 161 191 0 84 255 130 222 163 107 207 0 255
    74 217 0 176 120 0 0 255 0 162 255 88 63 176 201 255 131 88 209 167
    30 255 0 239 51 0 136 255 69 135 0 25 231 79 8 207 255 225 126 184 8
    254 97 195 137 74 128 255 137 78 0 185 206 255 104 64 225 255 77 213
    53 255 14 243 61 0 167 235 255 255 236 243 255 115 255 132 85 40 147
    0 194 80 112 60 202 255 5 255 141 0 63 148 255 44 98 227 82 154 211
    0 255 108 171 255 249 32 38 255 255 147 95 85 0 179 131 30 205 106
    24 0 180 227 245 255 189 255 219 0 141 255 244 0 255 97 255 49 199
    255 144 255 0 44 165 161 226 175 223 0 89 71 25 255 92 255 255 0 171
    71 255 219 0 81 183 255 0 255 245 112 209 255 45 113 128 0 0 114 21
    255 61 149 0 164 147 0 17 252 127 198 98 231 173 91 229 73 73 117
    136 0 91 0 255 255 238 252 200 129 255 255 190 127 228 69 60 0 185 0
    255 21 0 255 144 82 0 255 157 0 0 1 255 136 60 34 79 0 62 255 164
    111 255 151 255 108 45 0 11 34 229 0 221 248 8 255 217 32 155 209 55
    120 255 16 66 240 75 112 255 0 31 0 193 133 0 255 0 255 84 155 161 0
    116 91 255 164 81 0 62 97 255 140 255 219 139 255 128 0 72 255 218 0
    26 0 228 213 236 183 86 0 240 236 122 255 115 37 237 255 158 222 0
    191 16 0 0 21 245 112 146 0 0 255 34 59 86 245 0 124 0 73 209 236 27
    255 113 115 154 219 255 225 223 255 133 255 129 226 110 44 196 143
    217 255 128 0 200 47 255 132 255 153 75 0 255 255 0 60 155 0 212 159
    59 255 255 255 0 57 255 255 255 41 118 0 63 0 196 141 255 214 240 0
    36 112 0 255 154 255 114 84 141 255 102 255 32 0 84 0 116 44 171 255
    255 160 198 255 0 0 162 125 255 0 89 246 241 216 167 255 221 249 255
    255 24 249 255 0 185 182 144 181 23 0 235 220 255 245 255 125 71 0
    247 255 135 193 255 50 0 0 254 0 255 65 1 40 0 0 255 154 0 205 132
    106 209 220 199 238 159 15 255 0 97 151 211 182 120 21 255 255 201
    81 226 70 76 210 200 255 255 255 64 47 0 60 179 0 255 142 0 165 217
    0 131 5 255 0 255 87 0 220 151 186 0 108 78 74 0 255 0 90 126 129
    218 228 42 47 248 22 0 57 21 21 255 38 120 255 0 255 163 255 9 181
    195 161 255 3 156 189 255 43 56 175 210 121 0 155 255 0 255 255 244
    176 10 47 22 138 106 255 184 27 105 216 211 255 0 255 0 229 0 43 168
    124 143 195 0 26 176 211 168 0 230 0 162 25 227 0 0 80 238 52 0 176
    21 0 254 109 0 153 0 0 67 0 255 255 255 118 0 191 255 103 255 65 88
    60 121 210 255 138 255 182 0 38 0 1 142 0 105 9 101 255 0 101 0 0 67
    0 100 255 193 95 159 0 54 0 0 255 0 149 0 0 8 0 63 77 0 0 6 120 63
    66 114 112 254 0 114 255 255 255 255 200 255 55 255 0 0 95 7 212 255
    138 191 255 7 202 255 255 221 0 125 197 141 190 255 103 255 0 217 83
    0 3 141 190 46 208 175 255 89 153 0 34 0 0 37 212 0 182 0 156 208
    243 238 85 208 159 255 0 255 255 255 255 95 91 150 113 93 212 169 82
    81 78 255 156 255 18 215 255 158 255 92 0 255 31 37 104 216 0 0 141
    93 161 190 181 254 0 209 30 0 255 114 173 255 0 83 0 23 34 110 130 0
    83 255 0 226 82 216 0 1 0 73 188 0 136 0 17 166 241 72 99 196 255 19
    254 160 0 64 255 255 0 5 126 255 236 255 232 255 137 255 183 0 0 0
    181 1 0 155 255 47 116 39 118 0 255 90 255 131 207 114 144 0 4 16 0
    255 0 204 242 192 255 255 226 255 255 0 0 203 0 124 215 1 255 133
    105 0 92 90 112 255 0 222 0 0 128 84 0 255 38 156 0 222 255 0 238
    255 65 195 145 197 66 255 29 84 211 255 199 0 134 255 115 255 66 157
    255 255 32 83 89 224 227 0 0 221 27 9 255 247 0 255 1 213 122 207
    255 0 134 0 0 25 231 230 0 255 100 49 255 89 253 127 0 255 255 0 21
    168 255 35 78 0 0 0 139 0 55 99 114 255 255 0 99 199 11 11 0 217 218
    165 99 0 86 70 0 129 0 47 40 188 135 255 242 182 210 31 17 0 0 83
    180 27 0 255 106 183 231 211 255 255 160 0 255 244 39 255 78 255 96
    69 174 5 167 152 63 130 253 227 23 81 199 150 117 89 4 255 3 170 255
    255 202 218 255 0 202 0 41 96 10 56 0 183 62 0 28 255 20 157 255 245
    0 255 152 205 255 0 235 101 255 0 255 42 255 1 199 255 0 11 235 0 30
    121 117 49 255 235 175 230 255 238 76 0 242 206 6 0 51 223 12 0 55
    39 186 255 104 246 126 179 0 204 194 174 188 67 0 88 0 133 35 231 0
    240 246 255 40 198 255 0 0 91 255 255 0 249 255 102 0 0 87 0 122 0 0
    206 255 255 0 22 52 0 155 20 160 255 0 189 192 30 255 245 255 210
    255 75 157 255 98 255 0 112 171 218 255 213 179 145 0 255 102 0 78 0
    249 46 249 178 41 76 253 238 169 106 174 213 106 0 0 189 25 90 255 0
    51 255 196 90 153 225 221 31 92 0 94 105 65 0 255 24 196 255 176 46
    255 137 226 100 56 138 255 39 0 143 255 3 0 255 165 197 0 239 75 255
    0 137 209 117 81 45 36 46 174 98 164 0 255 0 72 168 49 155 225 255
    255 82 255 0 106 0 85 255 0 117 255 182 177 140 0 132 142 100 255 0
    45 200 0 255 255 93 173 233 147 107 0 227 49 248 143 96 119 189 255
    0 27 255 176 2 212 255 0 235 0 15 44 255 66 255 255 0 126 139 23 255
    33 176 0 0 30 0 233 16 19 240 255 254 168 36 99 255 203 147 205 186
    119 50 81 9 174 191 0 5 202 66 0 55 81 103 224 0 66 149 80 255 246 0
    255 48 0 38 30 5 0 1 0 242 49 71 192 255 255 255 88 255 186 0 154
    138 58 184 107 130 252 255 3 144 0 205 127 68 14 255 69 153 95 160 0
    143 14 159 0 0 255 255 255 0 0 255 255 134 0 255 154 94 208 0 255
    255 143 255 156 170 239 232 255 255 213 0 237 0 0 255 211 202 255 93
    0 255 255 255 80 191 0 122 255 135 21 255 255 255 0 255 14 217 52
    255 66 166 24 255 170 8 36 84 249 88 246 222 0 172 255 0 0 0 100 255
    0 17 180 0 0 0 74 0 55 159 153 100 255 255 0 0 64 40 84 151 209 224
    39 80 45 108 141 193 95 0 255 255 63 255 254 206 43 26 0 104 0 255
    171 41 222 2 255 0 33 255 50 0 228 94 255 0 26 145 24 87 133 6 255
    128 191 194 49 102 255 250 190 99 26 45 255 205 228 176 255 0 61 7 0
    171 0 232 176 255 255 35 255 25 102 70 106 78 0 203 139 49 99 82 16
    218 172 255 0 201 0 0 249 97 177 202 177 46 126 158 0 124 255 222 31
    255 179 0 255 170 68 90 86 255 255 179 16 124 179 199 227 255 157 0
    138 143 11 108 83 255 0 111 151 0 0 78 255 97 0 255 198 0 60 18 0
    255 248 0 255 0 120 204 96 0 0 80 0 146 67 48 137 255 32 0 255 40 0
    0 255 0 134 134 153 0 0 128 19 255 91 180 255 225 24 33 13 41 246 81
    208 0 175 51 145 38 116 255 0 0 0 255 255 255 255 255 255 221 123 0
    139 110 102 94 0 80 255 255 143 65 255 255 255 255 255 255 197 46
    255 93 220 58 16 76 255 255 30 254 214 2 0 255 255 0 31 42 232 76
    197 42 85 255 255 255 255 255 137 68 2 166 213 233 0 145 201 0 0 165
    7 234 0 99 170 55 116 100 230 255 0 0 224 25 211 255 255 111 142 59
    23 224 42 0 12 1 145 222 113 83 53 1 22 208 0 0 212 255 12 255 255
    255 0 255 76 0 255 0 154 31 0 76 191 181 255 161 61 255 217 255 55
    224 186 255 0 61 99 115 255 78 213 85 29 53 197 79 113 46 0 117 252
    197 117 128 0 112 125 54 135 217 26 0 231 114 6 255 85 207 56 68 21
    220 0 0 5 192 115 0 220 161 254 0 44 152 0 255 0 134 35 255 0 245 80
    131 255 51 255 183 0 44 0 65 0 0 255 204 32 147 156 189 0 255 62 230
    176 255 69 97 235 231 0 131 0 199 151 151 0 114 158 49 154 0 83 255
    144 96 0 0 21 255 178 21 255 0 255 11 115 93 129 255 142 0 8 0 255
    255 162 199 0 255 108 182 28 160 0 0 23 0 0 255 79 204 116 255 101
    255 172 75 67 0 0 76 65 78 80 255 0 255 255 253 144 87 231 156 0 255
    0 0 217 180 255 169 68 255 0 50 174 183 58 0 220 156 255 72 190 99 0
    219 207 255 213 93 85 255 131 255 255 5 104 145 0 0 245 0 72 20 38 0
    255 121 79 213 0 255 0 15 254 80 0 109 185 185 254 81 255 255 143 83
    0 201 0 236 201 11 0 207 179 0 255 0 255 255 255 84 111 74 0 255 248
    0 4 255 0 28 0 211 255 188 255 122 205 201 37 178 0 144 227 60 227 0
    57 6 128 252 123 107 0 0 0 244 237 0 0 212 92 127 84 243 12 0 253 0
    71 0 46 255 255 183 0 0 50 103 46 255 99 238 9 29 72 168 30 0 183 51
    116 0 186 0 204 80 0 255 107 81 234 166 37 255 255 87 244 207 255 0
    237 58 0 232 154 156 209 215 52 119 68 33 99 71 0 80 54 0 187 113 11
    255 3 253 255 91 255 0 31 244 99 36 255 217 255 0 0 237 85 141 44
    227 216 255 18 241 186 162 121 0 0 0 229 255 29 22 232 153 190 255
    69 56 255 255 0 0 168 187 223 0 0 0 255 188 40 255 0 53 152 253 50
    111 164 255 255 255 111 255 124 242 228 0 0 77 43 244 0 5 209 151 33
    0 239 231 48 0 0 96 0 32 235 0 84 255 37 100 132 0 255 0 255 88 172
    255 227 255 53 255 0 255 122 128 0 0 255 76 243 0 122 178 255 255 38
    0 255 62 255 0 0 149 244 0 73 165 93 239 97 92 75 0 255 10 175 255
    78 249 255 216 0 157 0 255 120 194 0 255 204 118 7 255 110 105 255 9
    143 133 246 255 0 255 255 255 0 255 255 5 165 105 253 255 200 0 142
    62 131 255 59 255 0 204 226 187 99 110 44 195 13 216 50 200 0 101
    192 0 255 198 153 0 255 204 158 17 255 74 13 81 0 0 223 250 0 142
    159 132 182 255 199 255 158 46 0 255 148 210 125 0 156 143 196 0 255
    11 95 237 255 15 0 142 107 250 109 0 122 0 151 51 0 219 2 0 255 102
    0 255 21 86 113 24 26 255 0 255 132 11 11 0 61 0 103 100 136 0 255
    255 178 42 150 0 255 251 0 161 255 0 162 20 144 97 79 0 0 61 242 197
    0 0 0 0 248 61 255 255 96 0 59 192 136 255 89 88 255 40 0 155 0 42 0
    26 255 13 128 252 3 0 23 127 0 0 58 19 148 130 159 0 16 58 244 114
    150 7 227 0 234 202 255 0 66 108 255 255 127 18 173 0 255 254 42 113
    0 0 255 24 0 164 191 255 181 162 103 255 234 130 0 255 217 56 171
    132 0 0 255 142 0 25 199 214 57 225 184 94 191 199 146 181 198 242
    26 0 233 59 0 213 1 224 242 109 255 223 61 223 79 255 255 7 0 143 13
    255 113 74 95 0 62 0 249 0 255 194 31 72 158 0 0 255 255 6 0 88 102
    0 255 108 255 7 255 192 0 40 108 150 0 42 0 75 218 255 255 0 200 0 0
    255 0 255 21 255 255 255 79 220 0 230 4 0 255 51 255 45 23 255 255
    255 41 196 66 120 212 0 0 43 255 0 141 94 205 35 72 255 220 255 32 0
    0 8 0 209 255 35 255 255 255 140 138 87 85 0 255 255 0 255 235 86 7
    13 255 0 209 0 240 164 107 0 255 253 196 0 255 92 220 91 47 255 56
    62 233 107 255 255 92 255 140 158 200 245 186 112 156 116 235 244
    175 255 106 0 113 181 255 208 0 0 0 197 108 4 234 44 141 255 255 129
    255 255 251 190 145 255 160 255 255 88 71 119 255 219 0 255 105 0 17
    160 221 214 242 34 0 109 156 253 53 43 255 169 255 136 0 102 0 0 3 0
    23 255 50 37 0 255 131 140 104 113 134 0 255 154 0 152 0 201 255 0
    196 117 255 139 255 242 60 0 13 255 0 0 96 234 0 0 124 150 85 0 0
    209 249 174 11 104 56 123 143 84 128 255 125 237 250 255 0 122 137
    187 87 131 120 140 54 164 255 213 255 255 36 159 154 0 255 0 0 198
    255 138 175 241 255 128 157 129 255 255 207 212 30 255 255 255 255
    126 0 217 0 83 87 0 39 42 124 0 40 0 124 0 160 74 207 255 122 0 255
    98 139 255 122 214 18 49 0 199 255 0 244 255 0 255 7 255 0 0 124 163
    8 46 255 240 159 69 211 208 0 146 68 0 255 242 13 0 173 14 0 255 22
    210 94 0 255 220 208 174 159 232 161 75 0 255 255 0 255 21 216 105
    152 237 60 0 81 0 0 255 0 53 234 185 0 97 9 8 32 255 255 255 255 38
    156 227 0 255 255 198 113 230 0 156 107 104 195 10 123 255 233 0 165
    224 255 192 204 40 222 0 204 0 255 0 206 151 222 109 179 0 178 23 85
    117 0 152 255 12 91 0 183 61 255 207 84 141 255 125 43 237 159 255
    236 8 74 191 208 109 0 196 191 0 255 237 124 133 255 159 0 180 255
    255 255 29 0 220 223 238 0 255 176 34 37 0 111 0 162 174 255 146 0
    201 80 255 10 214 255 155 252 255 0 83 40 56 160 248 0 55 116 138 9
    0 255 114 237 166 101 255 255 0 7 163 209 186 133 242 92 10 255 171
    125 255 56 0 17 103 200 37 255 255 0 104 220 255 117 209 255 0 255
    138 255 96 81 48 225 0 214 28 0 201 0 201 237 255 40 212 255 255 98
    46 114 255 140 0 255 206 144 92 255 0 255 25 0 223 0 0 3 0 156 105 3
    255 115 255 143 194 45 8 151 8 52 255 9 255 0 194 0 55 214 96 219 0
    67 25 0 123 117 142 255 0 255 157 69 0 230 152 0 255 255 164 24 117
    94 147 149 46 68 149 0 91 117 214 255 255 0 15 81 229 31 231 17 140
    255 58 0 0 255 32 0 0 109 252 150 251 0 255 213 18 255 220 255 26
    170 182 18 43 245 255 255 139 236 222 177 131 0 118 201 143 148 255
    255 91 0 174 255 227 235 13 227 177 89 132 255 255 190 255 97 160
    248 0 62 0 255 0 255 255 9 237 255 0 20 0 82 51 0 184 135 56 61 31
    159 199 57 144 95 45 0 0 0 235 56 0 255 228 88 0 0 216 72 237 49 255
    255 55 220 81 219 0 248 87 14 0 1 255 255 0 0 139 47 141 167 0 28 6
    0 24 10 113 130 243 55 162 255 191 216 0 16 0 252 255 94 40 231 0
    227 115 255 95 48 190 171 209 243 65 22 0 255 0 232 255 129 255 0 26
    255 0 2 60 255 0 52 189 210 206 255 255 0 202 35 0 255 255 0 147 0
    119 147 0 157 232 0 255 244 214 169 195 28 167 100 131 230 152 203
    209 220 198 64 199 112 255 255 0 156 14 56 0 233 0 21 48 61 196 0 83
    124 49 22 0 226 199 0 1 70 34 101 0 244 255 0 51 81 165 22 22 27 255
    0 1 255 120 9 0 163 0 0 0 255 0 23 255 23 0 0 0 0 199 56 93 249 167
    255 65 0 0 255 156 0 10 0 0 159 0 0 186 38 156 204 255 4 54 255 255
    75 0 255 116 188 255 75 136 246 14 57 124 123 255 177 0 47 229 57 68
    255 255 255 247 0 194 197 255 113 248 255 255 0 255 0 92 6 169 109
    255 225 8 133 240 83 0 255 255 203 255 111 255 150 239 148 200 255
    180 0 48 13 133 152 64 0 255 112 8 255 54 210 127 22 67 90 43 255
    255 157 79 204 172 0 54 255 255 3 38 191 0 40 50 84 165 255 0 255 13
    76 106 15 111 68 0 152 167 123 0 0 0 0 0 156 255 64 118 0 0 0 0 115
    106 128 249 255 30 0 190 100 0 100 245 53 191 119 70 131 125 224 255
    81 255 255 30 169 111 168 255 45 0 0 0 88 161 165 7 149 194 118 167
    242 255 18 255 58 255 154 31 168 20 0 239 255 46 6 255 255 16 255 0
    43 182 255 184 219 127 255 0 0 0 36 225 171 115 57 255 255 16 218 79
    251 0 255 76 255 81 139 23 219 255 243 79 255 255 206 255 107 67 0
    255 143 255 255 255 0 255 255 233 255 255 80 178 80 195 212 20 53
    207 242 255 125 0 198 255 6 99 87 0 255 255 255 255 255 0 0 120 166
    194 180 55 0 177 105 31 227 67 178 0 0 255 129 255 0 121 0 46 87 255
    154 147 0 255 51 8 135 42 29 73 243 46 238 255 255 255 255 0 28 193
    152 222 183 151 255 255 144 212 255 255 116 0 255 0 255 231 37 38 0
    137 0 154 115 85 255 166 0 0 102 105 0 0 0 0 168 83 38 197 0 60 0 86
    0 0 0 0 185 0 255 126 255 255 255 56 255 255 0 255 172 255 0 0 90 0
    80 123 65 255 0 77 98 37 0 151 29 0 255 36 219 255 82 1 148 255 0
    189 182 174 119 65 255 121 0 0 255 172 252 255 193 0 0 255 0 255 255
    255 121 255 71 171 39 231 0 163 255 152 255 255 108 31 0 152 205 205
    11 83 255 76 255 0 255 89 0 255 246 0 198 0 60 146 166 118 0 231 230
    14 49 255 208 40 255 202 255 246 255 240 0 0 255 11 146 255 222 237
    158 0 77 127 8 222 132 0 248 146 0 209 145 0 0 52 64 0 166 6 34 0
    243 188 156 143 119 255 0 0 232 102 104 255 56 155 255 255 0 255 131
    255 93 255 255 255 143 0 24 76 128 255 211 240 0 117 197 239 20 176
    74 231 255 0 255 224 223 160 0 118 255 255 140 162 248 163 31 242
    211 241 255 69 0 159 230 189 0 74 255 0 10 186 116 55 107 54 108 37
    251 0 0 255 192 53 115 255 255 185 0 0 8 47 11 121 210 105 255 125
    200 65 125 54 99 252 255 250 255 255 255 0 0 255 87 0 58 255 0 255
    255 0 32 133 100 199 175 0 37 215 236 255 230 255 255 34 168 38 86
    78 0 100 255 22 0 47 0 1 255 255 150 192 95 194 55 170 248 82 148 0
    101 130 159 203 194 198 72 128 12 38 244 0 79 129 255 255 135 124
    255 73 0 13 79 0 151 155 255 190 172 218 168 88 244 27 69 255 0 73
    211 46 151 213 169 193 202 31 70 117 218 242 78 61 0 116 58 0 0 216
    1 93 76 76 115 148 255 109 18 166 129 104 120 0 91 209 255 60 128 44
    0 66 128 109 55 145 138 103 255 159 58 255 141 183 207 255 166 0 228
    255 29 0 0 0 140 0 0 163 67 0 148 137 208 255 103 183 46 0 49 0 6
    218 249 70 255 255 147 255 91 81 72 1 197 222 255 255 255 132 0 5
    255 0 101 255 0 255 0 255 255 145 108 192 134 255 0 255 119 225 45
    195 193 73 0 255 180 65 0 38 101 0 192 243 0 72 0 0 0 255 0 51 61 14
    14 169 120 251 255 0 228 112 41 106 123 213 56 234 182 97 255 20 80
    240 175 51 208 151 35 115 161 110 30 63 255 247 109 0 31 253 77 0
    201 0 247 255 65 41 141 0 101 0 101 82 241 116 200 100 60 248 0 0 0
    145 152 120 148 163 0 4 102 38 109 255 23 209 255 138 0 0 0 16 0 153
    38 0 0 255 0 66 163 247 170 255 0 191 92 247 255 255 255 128 0 220
    195 188 0 204 255 193 0 24 228 0 244 0 2 177 142 4 188 146 39 8 123
    255 0 204 255 163 255 62 185 125 197 233 0 238 46 99 0 142 84 255 70
    254 57 0 255 107 3 96 103 0 151 187 2 35 255 0 7 142 14 192 1 0 255
    27 75 161 72 32 0 194 191 94 0 101 255 244 0 217 161 192 255 0 0 0
    82 193 0 146 18 0 209 116 255 148 42 10 189 143 181 86 3 24 179 0 0
    255 36 0 122 253 0 0 255 0 0 178 83 0 255 170 183 57 0 217 0 158 0
    129 11 147 255 255 218 31 134 0 250 0 10 150 195 255 0 0 40 0 235
    143 255 121 0 255 24 135 232 253 67 253 120 76 255 30 129 0 8 0 212
    200 180 45 198 108 143 162 0 78 255 147 235 170 64 255 111 73 255
    115 0 223 112 161 22 168 255 198 117 0 0 63 164 246 69 228 175 92
    253 0 136 0 228 13 232 0 185 0 138 55 144 115 144 160 24 62 0 191
    178 147 16 206 124 52 255 0 255 224 50 223 90 213 255 6 0 171 37 28
    154 255 191 50 22 228 34 25 150 255 0 255 0 0 191 23 255 203 255 0
    255 10 0 255 0 252 84 0 255 0 132 82 0 198 255 64 151 99 185 83 255
    17 66 115 20 51 186 53 104 121 155 0 0 222 32 170 0 0 0 0 57 164 218
    255 255 27 215 32 37 0 255 171 0 211 25 98 108 255 176 255 215 247
    198 43 255 255 153 229 255 255 1 255 255 0 0 180 225 0 0 129 255 0
    133 75 78 255 255 236 92 22 240 64 0 255 0 254 180 32 224 250 208
    249 0 250 0 51 255 31 17 218 102 177 0 255 115 52 0 64 90 0 0 255
    186 235 0 0 128 136 204 0 255 96 117 255 123 87 255 154 255 0 27 255
    97 28 255 255 255 227 116 73 113 139 51 0 171 110 80 255 200 255 247
    76 2 202 55 167 146 255 255 255 0 85 66 56 150 127 44 0 0 48 5 255
    255 207 255 255 191 60 159 120 0 53 154 104 215 0 44 214 251 44 129
    0 154 253 26 187 0 0 143 42 108 0 209 213 255 64 0 0 58 248 182 67
    236 17 113 31 73 135 0 51 131 0 29 0 220 0 62 234 255 255 59 255 41
    149 249 31 159 255 0 72 63 0 103 0 0 91 0 255 164 0 29 0 0 0 183 255
    124 211 0 255 225 153 165 255 255 134 255 154 255 187 146 255 246 80
    12 0 255 68 0 10 15 0 63 114 194 55 117 163 21 28 139 197 41 16 33 7
    0 222 0 0 103 211 11 240 71 43 0 50 225 205 255 0 255 255 38 189 132
    235 255 195 126 200 237 0 0 255 180 91 201 136 255 255 255 166 255
    71 22 255 0 0 9 0 92 83 159 200 218 255 154 68 19 0 255 0 185 255
    226 116 181 255 0 76 165 157 255 83 153 113 0 215 255 52 206 123 0
    16 147 255 147 118 255 141 206 170 103 0 183 47 87 0 0 181 179 255
    96 89 86 143 133 255 167 165 174 17 0 164 233 93 168 255 255 205 191
    255 0 27 152 32 89 0 0 255 182 148 163 255 255 134 255 139 255 0 255
    0 172 43 0 255 115 0 163 73 207 122 248 191 152 255 255 146 1 17 205
    191 253 125 255 0 140 0 197 33 85 94 255 96 203 203 28 254 229 0 250
    205 0 179 0 255 255 0 218 25 0 247 155 255 255 8 4 7 38 190 130 145
    0 251 214 81 255 178 0 12 248 0 236 188 255 196 72 173 247 92 10 167
    143 199 38 255 179 18 0 163 0 189 0 255 140 27 212 0 21 0 212 78 255
    38 103 17 249 175 209 55 143 60 0 0 55 3 0 0 0 255 255 255 235 255
    17 0 67 11 0 149 254 32 0 55 255 0 255 119 0 0 73 107 160 195 61 0 0
    147 145 0 77 0 121 31 138 0 0 8 0 213 204 17 81 110 50 0 200 62 255
    0 0 55 38 255 211 79 36 255 255 161 178 25 47 255 255 254 87 59 255
    175 189 255 255 82 245 0 10 110 218 0 135 1 0 255 219 0 255 255 80
    123 190 147 0 7 0 125 167 0 236 205 0 113 108 87 55 0 238 11 136 0
    55 123 0 127 0 0 160 113 0 194 250 7 139 118 160 0 2 249 0 213 255 0
    255 0 14 182 0 183 91 255 73 140 5 252 212 255 180 37 255 154 169 43
    222 0 148 160 0 215 104 102 66 45 232 43 0 0 6 249 45 244 0 118 154
    105 0 135 51 0 255 0 141 0 146 54 255 62 235 0 151 0 91 0 0 190 0
    114 255 116 111 255 160 255 255 59 255 93 0 225 209 70 171 0 0 0 255
    17 172 255 254 0 255 229 95 90 0 255 72 116 85 64 255 255 191 0 251
    177 53 255 132 6 209 64 0 118 249 233 13 0 37 128 234 121 252 0 138
    0 218 255 88 85 255 86 227 152 30 146 177 0 143 3 126 164 0 255 255
    255 150 255 56 116 2 0 163 197 255 255 51 131 44 255 255 255 0 0 26
    255 48 115 230 186 165 100 255 57 139 105 235 235 255 255 255 108
    252 163 0 224 87 255 149 48 0 119 0 255 191 84 123 114 245 5 0 54 8
    12 159 255 255 237 27 255 255 0 255 193 53 121 238 0 72 255 0 39 234
    174 0 255 0 33 0 0 226 202 0 90 255 255 128 78 204 0 131 67 0 211
    255 255 255 0 13 0 159 12 0 215 90 88 241 237 255 169 86 250 0 0 188
    0 237 115 254 71 255 0 13 25 55 0 135 196 9 255 46 178 255 213 56
    235 0 142 0 96 171 157 0 196 106 51 174 153 155 0 9 241 125 204 71
    69 195 0 108 255 102 144 255 0 78 150 228 4 63 11 4 83 92 78 153 111
    5 255 255 255 175 255 76 44 48 247 217 0 255 255 0 119 255 146 104 7
    0 0 41 116 122 255 200 255 248 101 127 122 170 113 143 211 0 184 192
    137 85 11 197 60 255 0 255 255 255 255 133 255 165 0 54 0 255 89 47
    120 0 0 45 134 255 247 209 255 255 98 247 0 172 255 255 213 89 216
    125 204 101 255 255 255 63 90 255 77 0 255 255 72 142 127 169 14 11
    129 26 137 249 112 223 255 255 80 2 0 85 254 79 5 237 14 76 183 39
    60 0 255 134 170 255 4 67 91 123 0 255 142 110 16 255 114 0 74 34
    255 82 12 163 39 36 45 35 184 54 255 255 119 176 37 1 255 153 103 46
    255 186 255 52 123 138 141 0 137 0 0 255 94 228 197 255 76 60 137
    150 0 155 163 47 45 125 219 45 255 234 255 0 18 255 2 0 173 203 106
    30 154 0 216 48 97 39 255 161 255 255 255 255 165 34 0 4 0 212 83
    240 33 134 250 168 36 134 242 204 4 67 0 0 70 120 255 1 27 164 0 160
    53 255 31 159 97 246 0 78 255 57 250 249 162 255 0 0 194 16 83 168 0
    219 169 118 31 118 0 31 96 227 0 255 137 121 255 0 60 231 137 255 68
    33 112 88 0 18 255 127 255 255 255 0 255 203 0 0 255 255 255 224 255
    255 11 0 175 79 0 62 109 255 255 147 232 131 0 77 190 255 20 255 202
    0 255 74 255 53 195 255 0 198 83 255 255 0 255 60 95 0 209 150 148
    224 67 255 0 255 138 240 170 228 164 254 255 75 144 158 255 255 242
    255 255 0 255 152 0 255 0 140 58 58 255 147 10 254 12 28 103 0 0 255
    161 0 255 0 255 255 189 0 0 178 255 0 153 235 52 255 16 255 255 187
    13 0 41 0 82 255 255 191 45 50 130 231 59 255 0 123 233 0 255 255 29
    88 191 34 255 216 0 211 35 255 218 255 245 67 0 255 45 80 105 93 3
    208 255 0 50 255 199 212 38 229 255 152 255 112 255 200 209 0 137
    255 177 31 195 90 152 198 255 148 169 255 239 255 88 236 0 41 0 133
    29 0 80 241 110 120 3 255 79 0 168 144 122 0 255 194 136 42 0 129
    132 114 205 255 255 63 255 186 99 100 143 255 255 204 120 165 57 42
    0 206 0 0 247 0 158 140 255 58 0 218 22 255 13 92 0 85 212 123 95
    213 76 49 0 0 44 15 255 171 255 0 210 0 182 83 174 255 255 255 205
    157 4 114 21 133 255 13 158 2 73 30 196 187 255 57 43 4 53 195 255 0
    119 159 0 122 255 149 189 203 29 143 255 102 255 8 255 193 0 94 75
    64 226 148 75 0 249 0 0 255 0 69 9 138 147 0 255 147 255 231 0 220 0
    255 8 255 254 255 0 0 78 138 208 106 233 221 111 160 75 70 255 97
    246 156 174 34 78 77 133 98 255 74 0 104 255 255 239 0 0 0 196 0 158
    0 36 0 143 86 48 97 255 224 0 0 7 26 0 65 255 255 0 255 193 0 255
    167 96 155 255 119 198 0 164 31 29 154 119 22 232 167 234 105 96 219
    20 0 255 220 198 166 0 59 0 54 238 255 0 255 183 32 100 214 135 223
    110 205 111 151 209 177 172 40 255 181 208 192 255 255 255 146 121 0
    255 0 241 255 222 255 0 0 255 148 177 255 39 107 188 111 0 23 181
    143 0 13 51 0 135 248 0 146 39 255 236 255 120 255 241 53 173 36 80
    255 18 220 39 0 226 186 139 0 255 98 244 88 255 233 255 194 254 79
    188 66 255 0 0 255 236 200 178 196 255 117 90 0 154 6 153 0 67 121
    133 37 255 255 123 58 109 255 10 20 255 255 255 255 0 76 182 255 40
    28 156 116 22 190 83 101 0 0 189 213 0 164 0 0 0 190 182 255 96 24
    94 59 0 222 0 255 16 0 255 0 255 107 255 255 255 136 192 247 100 62
    178 138 255 255 70 255 255 74 18 184 125 255 251 110 190 0 4 174 132
    237 161 121 255 53 12 255 212 0 95 246 210 255 63 36 127 239 0 66 93
    10 0 3 0 0 0 41 255 251 84 38 0 137 212 255 0 0 169 16 255 34 8 255
    54 12 255 255 51 142 219 24 247 181 180 146 255 152 18 220 47 23 255
    178 0 0 255 0 247 255 161 119 255 0 136 204 241 122 53 255 150 111
    147 255 255 98 0 74 173 207 239 0 255 70 103 255 0 189 0 0 205 0 53
    181 0 255 255 0 126 165 255 111 136 108 192 184 143 92 44 12 197 129
    255 0 255 66 0 0 255 21 76 255 4 255 151 253 246 255 103 0 255 171
    77 166 105 255 178 86 187 19 86 0 0 168 243 18 0 0 118 0 255 11 235
    231 31 232 10 0 22 83 232 164 48 8 130 255 0 248 0 66 238 0 121 255
    255 213 253 0 107 249 136 187 200 102 0 0 29 26 190 163 56 255 92 67
    118 26 255 99 0 255 43 0 61 218 15 195 53 188 255 0 55 137 109 58
    113 231 0 251 27 150 174 79 255 0 103 86 113 239 56 124 137 0 255 78
    35 18 95 114 162 255 124 70 131 165 95 255 167 118 251 0 195 255 0 0
    255 156 65 255 255 24 209 252 20 255 203 255 0 0 142 40 228 0 111 37
    112 248 255 76 255 140 176 1 11 188 20 252 68 105 255 0 0 217 0 139
    17 226 216 108 191 51 0 255 0 0 254 42 105 112 22 205 241 149 118
    255 174 0 91 0 217 59 0 70 203 91 255 255 212 42 255 255 93 255 64
    82 215 255 76 133 163 0 192 255 236 255 0 255 131 143 117 228 92 255
    255 0 255 12 0 171 255 206 5 255 0 255 49 123 116 103 227 255 0 255
    0 184 64 209 0 65 255 0 221 209 247 83 121 21 210 200 255 245 0 214
    6 208 255 255 0 108 84 0 255 242 124 255 255 38 255 14 255 255 18
    171 255 107 176 140 255 0 255 21 9 255 0 108 7 0 255 176 127 0 138 0
    77 63 32 0 204 210 211 33 148 109 0 223 243 244 0 7 229 0 255 86 160
    255 210 223 255 201 0 241 112 123 222 0 0 102 59 19 42 168 0 0 117
    46 0 227 6 187 114 228 102 0 230 176 255 212 196 169 255 14 255 105
    250 255 0 255 255 0 147 0 74 42 52 6 255 220 255 134 19 255 62 255
    106 237 255 92 113 0 51 242 255 32 240 255 42 211 85 0 145 240 245
    100 0 163 154 38 255 0 136 107 0 255 255 0 0 67 125 3 195 11 255 207
    255 202 16 247 56 0 249 0 241 143 99 255 242 93 0 175 247 4 45 0 0
    166 123 0 200 255 44 255 68 92 129 92 177 83 102 190 0 255 255 153
    215 200 112 0 4 255 13 0 0 231 233 255 11 148 254 255 125 142 255
    255 215 135 0 0 0 45 0 0 217 255 31 0 0 155 255 0 255 255 255 255
    220 255 124 103 151 17 83 255 255 255 191 255 0 99 255 0 0 217 157
    124 255 87 93 255 0 255 255 138 255 255 0 0 255 255 0 0 6 36 46 56
    255 65 151 255 255 140 249 132 0 10 84 255 255 28 255 255 176 0 75
    41 237 0 134 166 41 253 136 255 236 6 177 30 6 64 0 144 0 172 109 0
    12 87 164 255 255 196 0 197 0 0 0 107 255 69 55 255 254 120 0 150 0
    255 255 0 133 147 0 193 86 38 54 255 192 91 0 112 62 237 195 0 0 4
    159 45 0 0 157 68 209 0 0 66 83 7 190 204 0 118 150 23 0 181 255 191
    0 0 218 14 66 6 0 206 213 199 163 255 0 45 108 255 82 255 255 150
    255 162 0 39 58 255 37 181 7 29 0 255 178 255 25 112 172 11 255 255
    148 255 0 148 241 162 255 135 192 255 255 193 10 70 236 76 124 111
    255 57 113 0 118 255 78 216 255 247 0 234 255 241 1 0 106 75 87 252
    31 252 192 255 127 241 213 214 214 255 15 106 89 255 136 127 13 255
    0 110 112 230 97 83 255 44 2 255 63 6 0 153 223 212 0 175 104 114
    255 255 185 85 255 71 26 124 140 0 42 255 0 255 0 205 212 226 255
    202 0 168 6 102 35 255 62 246 92 86 99 94 0 128 255 0 255 191 220
    255 0 18 140 255 0 242 156 148 0 248 194 107 255 76 199 255 213 0
    201 44 18 2 162 0 185 216 29 255 132 18 0 98 0 0 0 21 55 131 85 138
    65 136 0 255 0 69 255 195 201 0 119 255 149 131 190 0 138 255 151
    228 77 19 0 121 211 0 103 30 231 124 0 111 0 124 209 0 0 0 207 160
    155 13 255 53 6 213 0 1 255 255 71 221 255 25 255 0 85 255 74 191
    255 0 255 255 0 240 41 196 144 68 0 149 158 121 12 18 65 49 255 0 17
    236 255 0 166 101 255 0 0 255 44 255 115 255 71 245 184 0 190 118
    197 88 144 255 191 114 255 208 157 13 228 0 79 0 174 214 255 250 169
    125 161 255 0 28 255 159 33 79 105 23 77 0 0 250 0 0 0 255 254 100
    181 255 0 255 255 255 86 106 41 123 255 108 71 148 139 188 115 229
    97 162 145 149 0 243 0 80 0 2 255 0 254 0 0 68 203 255 255 240 163
    83 56 147 85 192 0 255 254 79 0 0 214 52 141 187 16 0 64 255 182 22
    255 255 0 84 165 16 152 99 94 217 255 19 255 0 0 0 0 98 29 175 229
    84 152 54 0 255 251 70 0 116 199 217 157 245 94 129 255 255 102 199
    110 255 90 112 255 111 0 190 122 69 1 252 101 76 0 160 236 197 255
    248 36 87 0 0 255 255 235 231 0 255 115 95 138 0 76 145 255 255 84
    182 91 229 255 119 129 255 159 49 134 64 33 153 255 0 128 0 99 101
    202 89 0 175 0 133 0 255 109 0 255 92 128 134 0 90 57 215 126 255
    255 255 253 97 255 13 59 255 66 219 36 117 0 77 141 91 255 0 0 255
    255 255 101 255 255 255 255 0 91 0 255 126 143 70 192 255 0 48 0 0
    35 238 140 250 4 100 103 29 70 252 160 137 84 0 0 255 0 190 68 255
    20 0 50 223 160 35 21 10 168 0 0 0 210 100 0 255 44 238 255 0 0 255
    123 93 196 0 254 0 237 52 187 193 51 96 218 141 51 125 27 100 255
    200 47 95 150 71 32 255 0 123 255 253 0 198 96 245 174 177 37 0 166
    160 255 255 255 103 255 83 192 194 0 232 255 96 93 255 85 255 89 26
    136 2 46 22 19 255 2 0 88 200 104 74 70 160 255 6 121 4 0 255 255
    255 67 239 203 195 0 0 0 0 230 255 252 117 98 44 158 255 11 73 255
    212 158 255 164 80 248 255 255 129 0 203 255 54 37 131 169 196 15 0
    255 255 112 1 219 227 69 248 32 255 231 222 0 169 0 3 109 0 68 0 208
    94 232 0 222 0 0 0 141 194 15 255 11 135 29 201 232 86 0 209 220 86
    89 125 194 230 255 166 107 92 102 219 213 67 255 124 0 0 185 190 238
    79 20 0 204 1 231 161 219 0 0 255 31 80 107 21 85 143 255 255 11 255
    255 89 62 0 158 0 185 156 255 131 221 166 118 235 0 255 139 255 192
    41 60 243 33 19 0 132 255 0 146 255 176 253 45 0 255 84 0 166 37 6
    190 0 5 0 77 80 207 0 255 97 52 255 71 0 38 110 0 184 14 99 89 101
    255 0 0 179 142 255 124 57 150 106 255 0 224 172 137 32 122 230 11
    90 255 89 0 188 164 92 188 203 110 13 0 0 230 0 79 255 0 156 141 243
    134 0 255 247 47 0 63 255 48 97 255 27 50 85 153 166 0 89 84 19 0
    162 255 255 72 0 153 197 52 0 0 255 31 255 131 92 0 120 1 172 255
    122 61 255 66 191 59 0 183 78 112 168 255 220 0 0 197 0 12 125 255
    153 77 15 0 255 255 255 16 205 0 177 8 0 194 225 255 203 255 123 6
    109 0 191 129 159 0 255 0 0 132 0 38 54 255 0 255 201 160 33 153 19
    255 255 62 69 210 255 172 125 4 100 28 73 64 171 0 245 89 112 255
    232 104 255 255 180 21 205 0 255 204 0 0 152 200 0 46 0 23 18 56 79
    116 171 211 37 0 255 255 113 111 0 184 0 255 254 255 255 255 213 147
    48 9 35 253 26 114 192 63 177 0 29 68 255 255 69 188 255 255 255 255
    60 24 255 181 0 115 69 0 255 255 0 255 216 255 37 0 255 45 255 166
    96 0 212 39 255 0 165 83 196 0 255 0 212 234 153 9 121 63 248 255 0
    0 117 255 1 0 255 0 40 193 146 0 255 0 79 10 52 255 229 0 255 57 78
    255 10 227 123 95 255 255 249 195 255 255 89 0 166 79 135 0 234 255
    100 167 208 63 255 182 173 255 100 255 255 145 37 255 40 186 118 207
    74 235 0 231 47 122 247 157 255 193 0 230 28 45 255 228 203 142 0
    129 86 249 230 209 7 18 185 16 255 255 89 0 96 0 0 40 0 35 255 73
    132 98 0 172 0 222 49 140 255 208 0 255 74 0 53 0 255 28 242 166 99
    255 255 115 0 234 32 26 202 122 82 188 238 0 210 255 248 7 205 0 85
    255 165 0 139 255 0 20 0 0 0 38 255 255 0 255 115 209 127 255 105
    182 255 0 223 0 234 255 0 95 91 94 255 20 255 36 0 185 71 154 4 152
    117 0 128 0 0 255 49 206 255 221 164 253 255 255 2 255 0 58 226 0 0
    255 255 198 239 167 147 0 62 95 122 184 255 208 132 0 105 110 151
    155 0 62 0 164 240 247 255 187 27 149 232 111 255 0 74 195 0 95 0
    224 199 0 177 36 0 0 12 73 235 255 224 255 0 1 28 255 5 34 200 171
    255 202 217 0 255 211 255 0 126 159 228 255 0 255 248 123 0 100 173
    0 168 69 121 52 201 174 40 254 122 131 67 233 197 0 26 0 34 101 233
    33 56 255 142 0 255 231 255 0 72 255 0 207 146 47 255 0 255 195 204
    255 189 255 231 148 255 202 0 27 54 136 214 255 210 215 255 132 165
    73 41 255 136 0 0 0 204 0 0 201 228 255 249 73 156 240 238 23 118 0
    255 117 108 190 177 255 237 231 120 169 235 123 32 237 139 1 124 7
    50 0 22 223 255 0 189 52 246 0 255 218 36 117 0 0 244 0 77 0 24 225
    186 255 255 0 148 79 69 60 255 217 181 16 153 255 101 239 135 162
    255 17 163 255 171 255 0 114 151 0 104 114 155 29 179 247 255 69 255
    107 234 227 0 0 194 117 56 0 255 182 118 250 0 0 115 87 0 78 75 164
    255 55 218 252 53 220 255 255 75 255 19 0 0 32 0 245 0 222 0 101 179
    130 255 200 0 255 0 80 14 96 13 255 94 19 0 70 255 40 48 201 255 145
    62 255 255 255 228 0 151 216 255 255 194 47 255 116 200 255 63 255
    72 0 255 0 223 0 0 153 121 189 134 255 152 255 255 0 0 7 255 255 255
    228 144 249 165 194 150 184 197 0 255 66 91 23 0 255 72 66 0 21 194
    0 140 0 103 92 255 255 159 247 243 54 126 255 144 29 255 0 255 46
    255 255 59 238 206 62 0 203 198 255 135 32 102 39 157 33 255 255 255
    229 236 255 186 0 216 179 0 255 233 59 251 17 255 96 0 0 211 217 179
    36 58 207 23 255 240 194 255 36 0 0 251 255 0 140 255 49 247 255 177
    255 48 59 187 255 255 0 255 91 239 155 255 254 171 219 190 179 0 30
    0 200 0 0 78 36 255 67 47 155 200 46 125 255 164 0 106 230 48 148
    255 239 103 146 229 69 0 255 17 76 210 96 69 66 193 0 80 0 34 138
    235 55 0 0 0 208 42 3 0 0 255 166 255 232 150 253 120 101 148 0 169
    166 255 0 166 154 46 255 75 255 197 255 0 255 0 0 246 0 86 0 203 255
    0 255 255 2 200 171 255 60 255 255 155 0 83 100 252 0 0 152 158 0
    184 255 119 166 218 231 224 0 0 86 38 255 5 0 73 255 0 54 115 0 109
    136 150 17 210 0 0 47 255 255 255 255 192 255 78 139 0 255 126 145
    66 122 66 255 17 37 254 69 0 224 229 255 0 228 101 52 255 185 198 63
    46 0 8 255 0 0 68 255 155 165 143 69 52 153 255 255 242 0 255 140 82
    63 255 129 5 151 204 177 176 255 255 136 108 61 0 112 74 250 0 40
    138 255 0 58 219 84 0 125 165 111 0 126 0 94 97 5 41 2 112 56 255 75
    203 123 222 24 0 255 0 0 151 140 0 192 44 18 58 224 0 2 0 100 0 0
    213 154 163 52 66 42 255 249 127 25 56 255 0 137 223 204 87 214 132
    0 159 255 218 121 0 47 0 255 4 168 72 231 161 0 157 255 179 166 255
    176 0 200 68 65 0 0 39 190 15 79 202 148 172 82 8 255 207 165 255 84
    115 96 255 255 255 196 212 152 255 110 204 250 30 221 0 255 83 8 106
    255 42 255 221 214 33 255 214 0 206 185 92 0 56 88 252 4 255 202 0
    202 57 201 255 12 202 204 72 78 27 31 248 87 255 74 57 11 0 109 203
    255 0 207 186 255 255 147 0 248 0 166 170 233 255 255 250 250 0 0
    255 16 156 0 84 110 72 0 26 26 207 0 255 154 160 75 44 128 255 255 7
    255 211 89 66 29 158 123 164 23 250 52 245 3 114 106 0 0 230 255 13
    0 31 227 134 64 253 86 0 34 255 0 255 200 118 255 57 90 0 255 255 2
    0 255 0 186 0 11 76 227 250 138 0 0 255 66 0 246 255 255 0 255 255 3
    255 34 114 255 203 82 203 51 228 51 179 4 255 138 188 255 0 175 216
    0 132 248 93 71 122 201 0 72 255 255 247 173 255 255 55 0 0 0 255
    255 50 234 102 3 255 27 0 135 255 222 109 255 0 0 255 10 195 14 195
    255 18 80 0 28 134 255 58 255 209 255 44 0 106 44 255 0 198 26 218
    255 6 177 1 187 131 171 0 0 0 155 0 135 113 245 255 27 65 255 164
    120 76 22 255 0 233 0 190 83 255 217 255 168 107 119 116 0 114 56 0
    143 255 25 176 255 77 34 255 107 41 0 0 164 0 131 244 0 255 60 255 0
    214 236 255 104 104 140 119 0 5 114 89 0 36 3 124 255 194 255 51 145
    129 182 107 0 255 174 255 17 188 0 0 140 218 23 2 255 37 133 2 105
    157 217 255 166 0 0 35 106 44 152 255 170 134 143 225 69 109 255 229
    58 255 237 194 65 28 122 255 169 0 255 255 0 9 0 117 136 20 149 200
    255 173 175 255 181 235 159 0 0 2 46 255 255 218 47 255 255 0 0 255
    255 186 52 165 181 213 125 0 0 146 255 191 132 40 234 186 22 255 255
    148 94 176 193 255 55 255 0 118 159 167 255 54 193 107 0 57 123 255
    255 20 255 255 255 79 255 0 195 255 255 255 0 184 47 0 0 9 255 255
    255 13 255 255 29 168 174 255 0 28 255 137 97 255 99 34 126 146 108
    0 235 126 67 114 157 208 159 0 227 0 0 174 109 0 160 225 81 254 50
    81 255 2 177 255 56 188 0 227 236 0 52 0 187 105 255 0 183 255 0 179
    196 94 0 51 255 188 0 151 249 15 90 35 248 136 0 171 0 0 95 255 255
    86 255 255 244 214 2 29 0 134 164 118 152 0 112 117 229 43 215 255
    255 52 78 163 0 255 25 0 32 0 35 255 208 0 255 255 202 255 212 100
    195 162 255 0 179 149 90 177 161 255 255 64 94 155 255 177 63 0 3 0
    122 110 6 0 117 110 185 0 13 209 255 255 209 152 127 174 255 194 126
    233 242 0 119 61 42 0 217 114 156 0 36 255 0 103 0 123 255 26 255 0
    154 193 71 86 26 134 254 100 235 65 255 165 196 80 149 82 148 117 0
    198 250 255 255 0 0 255 114 0 42 175 255 255 74 6 255 43 205 44 255
    134 27 255 13 84 0 0 60 53 191 74 255 221 0 251 77 17 142 49 0 255
    255 48 255 26 229 40 255 35 28 146 255 0 230 48 255 0 115 129 129 13
    0 186 229 113 255 225 178 255 51 155 63 209 15 70 255 7 236 170 255
    140 174 187 163 79 255 96 0 255 0 3 150 48 203 43 246 0 91 71 120
    255 50 255 72 0 255 143 68 4 226 202 134 219 255 198 139 131 242 245
    167 179 255 125 24 0 212 52 0 57 82 238 0 241 239 255 43 185 38 69
    194 68 255 0 255 180 0 0 255 0 255 207 9 105 65 255 0 212 255 169 79
    255 117 41 21 0 199 255 27 19 255 108 134 170 0 61 56 44 42 202 0
    255 77 211 54 17 255 158 0 56 10 25 29 255 205 0 255 26 101 145 115
    41 52 134 91 10 185 250 255 147 255 32 0 201 0 161 199 192 70 0 222
    109 0 190 255 204 21 177 14 255 205 0 73 19 188 247 111 20 198 149
    244 0 66 237 0 255 17 0 125 19 183 0 0 255 92 0 0 0 0 0 217 0 0 0 0
    255 0 160 118 7 3 48 0 249 0 10 255 255 97 77 79 0 0 0 5 215 244 62
    128 0 0 209 137 131 129 0 0 53 190 0 27 160 255 230 39 0 135 32 49
    108 184 161 248 255 73 12 136 70 178 141 3 27 0 226 130 105 0 201
    228 240 18 255 247 48 244 245 220 255 126 187 0 210 46 0 203 91 255
    60 0 63 0 6 0 170 51 0 4 255 11 255 0 0 128 89 0 28 215 255 39 255
    21 255 188 33 255 255 0 90 138 0 255 8 230 234 255 199 0 218 139 255
    197 50 228 0 105 255 255 84 223 152 255 0 99 91 96 25 255 0 255 24
    255 255 73 255 253 134 64 179 100 255 0 0 47 146 122 165 182 255 33
    138 229 220 255 164 255 255 246 255 210 255 88 80 195 201 226 0 0 0
    179 109 255 255 255 245 114 196 15 0 255 145 79 255 240 255 143 186
    235 0 148 255 167 26 235 0 0 128 94 0 156 0 255 121 23 255 0 220 39
    0 255 169 71 255 255 77 89 255 0 149 171 255 212 117 194 136 243 255
    255 176 255 0 144 232 194 102 0 255 0 255 204 255 170 190 255 142 20
    105 146 24 125 255 76 0 213 0 221 0 107 114 0 0 181 133 87 207 67
    192 255 0 248 209 109 95 255 185 124 148 255 42 6 185 0 228 166 249
    243 13 0 255 255 253 142 0 244 255 239 0 72 40 58 141 255 192 141 97
    0 255 8 181 68 62 0 0 255 0 0 118 234 255 221 0 0 255 255 23 192 217
    0 0 208 4 169 92 46 242 150 0 126 11 250 255 92 59 255 0 31 194 3 0
    179 21 176 0 255 0 255 103 145 0 67 152 0 255 0 13 246 113 255 81
    209 196 13 5 151 41 130 122 146 255 219 255 77 255 236 96 32 0 108
    255 214 50 110 240 255 87 110 53 187 216 230 255 132 198 165 255 255
    224 255 0 207 208 0 252 115 129 15 151 229 62 0 255 23 255 0 66 204
    33 0 101 255 255 58 221 74 47 50 154 5 178 123 151 171 0 135 98 0 0
    59 235 70 162 0 0 238 0 241 114 107 180 255 255 0 0 186 162 215 50 0
    140 168 180 0 10 12 0 160 255 193 87 4 0 255 0 28 162 148 131 0 243
    0 113 149 47 255 0 120 0 147 255 36 76 255 82 90 139 18 51 104 255 0
    0 255 145 20 10 49 195 164 255 11 33 66 255 145 0 200 0 12 122 255
    153 255 0 255 53 143 163 178 136 201 148 151 194 0 0 110 215 5 255
    70 103 255 255 204 255 56 255 255 150 40 141 52 180 62 248 84 0 0 0
    11 0 35 204 4 249 245 255 54 183 255 199 52 64 118 168 43 80 28 0 0
    217 224 244 73 190 0 255 0 111 201 39 255 255 255 255 55 255 129 135
    255 179 140 156 36 240 252 135 102 73 253 102 255 73 0 255 179 0 255
    17 249 0 255 255 0 156 157 29 93 18 125 20 255 137 53 228 250 90 102
    255 255 202 255 0 118 99 7 146 255 0 74 0 247 250 8 197 203 15 11
    180 255 171 128 0 97 8 0 61 255 111 8 255 255 255 255 12 248 213 255
    41 0 149 255 202 84 255 255 171 95 0 255 177 131 0 255 255 144 223
    108 249 255 95 0 176 47 0 236 0 8 197 255 183 226 128 21 232 128 69
    255 252 0 0 255 0 0 92 41 0 123 54 255 165 112 171 110 238 242 0 49
    163 58 248 1 85 255 44 0 140 127 75 156 255 255 240 96 240 47 18 171
    191 184 255 0 0 165 255 127 255 255 194 158 172 69 0 62 20 0 255 255
    255 0 0 131 199 0 244 68 255 114 188 255 0 255 255 50 255 164 235
    205 72 255 146 85 0 0 37 0 255 233 22 141 123 217 68 255 0 44 252
    150 109 40 255 255 30 172 255 26 0 42 255 255 194 255 189 12 58 51
    211 45 0 166 150 255 214 255 0 26 255 196 0 49 255 172 0 58 7 180 0
    68 231 255 255 54 255 222 0 255 0 242 217 0 43 0 192 97 63 0 113 187
    255 152 120 0 195 245 106 140 16 65 198 255 0 0 0 34 255 0 137 12
    122 221 0 244 212 0 204 255 22 0 3 76 155 0 255 109 88 71 106 129 26
    229 0 91 114 51 191 0 125 0 0 71 168 155 217 91 71 1 255 255 195 1
    64 158 123 79 39 0 255 218 164 221 48 255 5 0 143 109 0 58 255 166
    173 255 183 136 207 123 4 231 36 0 238 0 15 150 248 52 180 23 86 255
    0 14 18 0 148 93 74 0 118 0 0 236 255 1 39 213 0 255 10 0 41 227 10
    84 250 255 202 177 85 112 190 33 236 6 255 165 208 255 206 30 241 55
    122 0 225 0 147 101 29 255 87 0 0 34 165 0 236 173 255 133 64 0 0 0
    26 0 255 11 240 103 108 151 180 0 0 255 194 236 243 255 255 209 240
    170 122 90 113 255 110 0 177 172 190 141 239 13 0 0 68 255 255 29 69
    105 255 255 164 0 125 198 0 255 136 30 247 0 145 223 0 69 162 172
    148 0 0 223 151 109 48 255 0 65 0 127 0 6 0 255 222 235 5 160 91 255
    71 255 255 76 164 5 0 77 0 23 166 0 56 42 12 0 255 20 5 255 117 0
    255 84 255 158 0 113 255 251 230 233 161 0 123 203 255 248 235 184
    255 255 30 115 36 0 100 17 42 137 60 0 162 62 201 200 174 186 0 0
    194 0 213 224 154 160 0 77 255 0 99 65 16 63 55 255 219 34 0 241 192
    255 0 189 176 0 46 255 0 77 49 0 61 255 185 0 16 5 68 255 104 70 210
    255 255 255 255 0 255 39 239 255 0 134 255 0 0 0 30 143 0 222 138 32
    159 134 249 255 154 255 0 152 0 101 0 61 57 88 93 21 104 210 255 72
    161 67 0 74 0 255 177 76 164 255 255 163 255 98 255 144 189 255 0
    255 255 99 221 219 0 150 208 248 59 0 140 0 198 187 188 214 141 0 0
    232 179 160 0 164 223 255 95 0 26 240 0 213 104 167 195 28 255 255
    140 39 77 141 255 76 48 123 139 1 164 245 249 17 168 0 0 31 32 182
    255 255 131 241 255 255 255 16 255 170 229 46 46 221 0 0 188 112 75
    107 59 255 191 243 255 192 8 103 124 213 80 210 81 106 0 208 151 157
    255 0 0 255 255 26 32 0 255 147 78 147 255 0 0 255 145 198 117 255
    162 241 255 19 71 0 0 255 255 147 255 0 113 128 69 253 171 124 35
    255 196 255 202 0 255 114 0 32 230 73 138 130 255 21 104 0 244 239 0
    62 255 53 143 255 76 198 0 255 10 130 255 68 73 67 0 19 152 246 24
    214 255 0 255 211 203 247 0 0 134 61 0 255 0 0 238 0 0 247 0 0 224
    243 255 96 126 103 227 246 61 209 161 98 23 101 7 109 255 155 127
    180 166 0 128 75 8 113 255 255 64 255 207 179 179 255 59 3 204 127
    247 0 0 255 0 176 255 83 16 216 89 255 243 0 212 0 255 41 26 151 83
    182 111 180 252 255 7 132 0 0 0 0 65 212 255 109 82 113 217 133 255
    90 158 0 36 0 126 171 195 0 255 255 0 143 255 33 255 187 255 152 147
    255 255 115 0 4 154 226 0 146 255 0 0 134 225 255 209 58 196 122 49
    53 64 167 0 136 165 248 0 173 117 55 13 145 215 191 146 139 167 65
    204 30 0 39 163 0 0 219 45 144 255 0 36 0 0 117 59 0 0 255 29 255
    255 255 222 149 255 0 163 179 177 220 129 49 0 127 210 231 45 212
    172 207 255 128 220 26 238 82 0 39 185 205 0 96 96 37 0 134 234 96
    33 143 0 232 255 236 158 255 238 236 0 35 199 205 255 219 33 46 239
    138 0 35 161 207 39 177 0 255 238 214 119 203 19 210 41 250 0 0 120
    200 255 130 0 255 230 0 255 255 224 204 0 199 0 0 0 246 255 0 147 0
    0 5 161 0 253 0 205 39 0 32 0 255 255 153 0 255 0 147 104 225 0 0
    232 255 0 255 255 0 3 56 132 0 0 0 0 142 177 88 255 255 14 255 157
    165 255 117 0 155 176 0 114 0 0 188 26 159 42 154 45 128 75 254 91
    213 165 66 0 56 255 185 175 125 255 255 255 176 0 144 255 113 132
    255 42 236 0 0 244 0 0 102 143 255 168 255 255 167 225 110 255 203
    81 196 145 255 103 255 66 255 255 255 61 55 255 37 46 255 143 255 6
    87 0 136 108 232 100 0 0 0 101 139 0 128 72 0 255 255 178 255 54 255
    66 246 29 18 197 248 133 69 252 0 182 133 4 29 186 68 54 121 0 242
    45 13 0 26 200 47 0 255 8 0 252 181 0 0 36 255 255 0 10 108 238 0 15
    62 163 87 131 255 0 140 0 119 104 255 0 95 247 185 206 127 255 194
    255 0 255 194 100 235 0 211 130 131 255 0 34 77 0 255 115 149 28 238
    5 255 0 33 161 11 255 255 211 0 162 190 47 12 255 255 0 0 146 255
    127 130 255 0 193 225 239 16 85 0 135 11 38 113 0 62 203 182 225 0
    107 249 240 255 0 171 248 0 76 49 255 12 0 129 255 94 179 255 23 255
    0 121 155 0 255 79 145 255 150 245 206 98 0 78 159 157 0 107 0 102 0
    90 255 201 255 255 124 164 0 63 168 222 45 0 245 170 0 0 255 228 255
    0 99 255 225 245 14 0 0 145 185 0 255 0 48 11 157 0 255 255 0 255
    255 69 0 251 255 175 235 244 255 220 0 43 255 0 111 220 35 235 68
    197 0 61 255 255 255 0 255 116 255 136 0 133 97 171 255 255 39 147
    48 31 0 187 203 0 0 89 102 66 166 255 231 255 176 221 191 212 0 144
    163 0 134 228 0 0 189 0 45 153 255 232 91 243 255 197 255 213 93 150
    0 126 225 152 234 0 0 250 0 104 158 0 0 12 193 38 0 91 60 237 56 251
    71 228 109 216 41 31 228 36 0 105 255 55 0 10 147 0 155 203 228 184
    0 255 240 0 0 209 125 0 48 255 0 255 255 67 110 4 233 102 35 191 0
    171 147 49 90 0 14 219 141 52 210 255 0 255 196 211 126 66 0 255 126
    0 142 46 0 84 71 255 78 247 191 103 60 102 98 255 129 192 255 0 255
    66 252 255 190 0 176 39 0 255 191 212 180 255 239 239 166 148 34 255
    0 59 0 238 221 211 255 0 255 74 130 255 16 15 255 175 255 178 191
    219 0 0 7 0 0 56 140 255 42 168 28 0 155 125 77 216 250 53 0 255 248
    255 97 180 255 255 106 0 32 138 0 244 195 0 0 80 37 97 143 255 199
    164 61 41 12 30 22 255 100 0 51 50 0 255 198 247 255 0 34 126 255 0
    132 0 209 88 104 242 40 255 124 136 106 0 255 102 255 130 106 255
    187 209 14 123 45 68 0 0 255 66 249 255 190 69 92 3 181 36 255 132
    138 255 0 255 255 207 251 46 0 255 99 143 187 0 140 255 0 151 28 0
    133 43 255 237 0 191 202 0 108 29 80 41 255 192 134 130 98 236 76 0
    0 0 96 16 113 109 255 37 0 42 5 0 70 0 0 255 252 0 255 255 77 0 0
    255 210 196 151 206 210 0 151 250 255 55 81 116 0 0 15 255 0 0 37 0
    0 0 120 221 15 204 100 255 0 0 53 149 231 0 0 255 255 249 198 228
    138 89 0 0 183 95 109 255 139 71 0 0 188 15 3 63 222 108 124 22 255
    239 75 174 77 36 255 0 255 205 0 0 150 255 0 157 204 0 0 220 0 255
    248 168 108 0 0 72 179 129 232 255 206 173 15 0 189 53 255 146 15
    255 24 134 170 255 104 144 255 255 0 234 0 76 63 83 138 255 0 169 0
    0 12 157 132 221 0 0 0 206 0 96 170 230 123 174 245 255 0 255 84 255
    255 6 255 255 0 123 2 193 255 0 46 225 192 110 255 47 152 82 0 34
    255 201 53 181 255 32 0 34 134 113 255 194 31 26 31 72 255 98 0 219
    229 100 200 255 0 73 231 7 197 0 0 51 124 109 220 55 0 255 255 69 25
    255 255 0 170 245 242 216 229 39 254 255 187 0 75 0 0 0 148 198 130
    49 23 7 0 12 126 171 16 231 120 131 0 199 142 214 255 0 238 255 255
    11 218 255 0 60 120 255 85 35 255 13 0 200 188 198 0 47 13 1 213 81
    0 239 125 242 255 255 83 255 40 255 201 255 255 255 84 156 131 242 0
    96 130 0 113 128 255 27 217 5 123 234 96 190 255 12 96 255 92 17 100
    197 52 0 255 40 22 232 167 122 0 136 255 0 43 196 212 65 0 150 255
    27 249 93 0 97 255 240 255 237 255 114 255 123 255 212 11 99 255 0
    108 65 14 71 190 21 219 0 255 193 12 42 236 218 204 0 65 0 99 82 146
    46 11 206 0 112 0 29 0 176 43 97 0 0 255 141 9 255 255 255 141 247
    146 89 9 248 38 71 223 200 87 0 118 0 0 207 80 0 0 78 255 205 0 0
    150 17 255 0 9 0 240 210 239 0 0 158 60 119 220 255 189 0 141 255
    226 22 169 186 197 248 168 23 255 39 76 252 255 25 84 72 0 165 94
    215 0 75 255 0 114 200 115 35 104 190 123 61 96 138 171 255 104 63
    247 54 245 105 0 0 219 46 0 0 45 89 255 166 253 255 194 0 173 8 178
    73 153 255 43 108 177 144 211 0 115 114 0 91 0 255 0 252 110 182 255
    255 146 105 255 0 250 255 138 146 99 36 143 0 0 255 255 0 215 0 255
    124 11 91 252 109 94 14 71 41 47 224 0 44 0 68 211 0 84 97 237 163
    156 0 121 255 4 253 0 216 121 117 29 255 200 235 255 68 255 250 255
    73 17 0 0 179 235 2 16 255 86 0 22 141 0 255 0 113 255 10 145 98 214
    0 0 80 255 197 41 82 107 255 173 35 171 85 0 195 138 83 143 255 255
    0 255 52 0 255 92 255 177 82 255 31 0 255 255 255 148 23 10 0 68 151
    0 38 214 224 164 0 187 146 255 45 217 156 214 99 112 233 111 197 70
    0 94 0 158 44 159 14 222 118 255 195 0 0 22 223 255 165 54 176 101
    184 255 84 218 0 0 61 13 128 198 46 23 0 195 255 255 157 255 255 247
    0 0 130 48 224 0 255 150 78 255 96 0 31 5 0 0 154 255 255 0 255 5 21
    255 17 166 255 255 0 124 0 178 255 214 181 0 255 216 174 25 95 233
    226 255 144 166 79 36 255 4 171 255 116 182 155 147 246 244 140 255
    255 93 254 0 255 191 207 70 237 39 0 117 180 255 165 231 255 40 255
    101 228 255 30 42 102 0 200 189 255 0 237 245 30 4 6 0 103 0 255 211
    255 56 88 0 243 60 147 39 140 147 159 43 134 71 255 237 51 11 255
    125 0 0 12 0 0 2 216 147 156 220 231 242 0 255 255 255 141 255 42 63
    73 217 217 0 19 0 231 108 238 8 157 255 167 0 177 8 27 0 148 121 228
    255 255 80 24 209 255 166 255 154 255 0 83 115 34 87 133 0 162 82 71
    0 150 3 176 194 6 53 255 0 45 88 188 155 238 0 192 176 0 0 255 0 0
    255 255 0 255 249 60 255 184 255 255 0 255 92 106 67 53 0 0 0 254 0
    0 0 255 0 171 13 255 203 101 23 242 255 247 255 255 255 139 20 23 0
    0 0 111 140 0 207 96 140 0 0 0 231 48 0 255 46 199 0 0 0 255 110 33
    218 108 187 164 199 0 38 52 23 251 173 0 32 162 85 255 255 8 255 255
    0 192 178 63 110 168 238 93 0 199 0 1 0 0 33 0 255 201 169 0 0 14 0
    0 255 107 27 0 123 58 0 94 205 212 163 7 255 0 255 0 221 115 93 255
    0 0 0 97 206 0 255 90 81 119 0 255 202 54 255 39 116 165 225 49 208
    173 174 0 23 235 0 0 0 134 0 0 255 14 0 165 71 255 255 6 54 167 54 0
    0 255 0 255 255 241 84 255 139 155 112 7 20 125 35 160 0 255 188 255
    218 0 2 255 213 186 0 35 255 255 28 103 164 255 0 83 255 0 255 0 45
    0 19 240 145 255 62 255 146 141 232 0 189 255 0 34 0 0 255 70 215
    147 50 0 27 255 0 105 254 0 123 230 127 0 27 247 0 159 140 134 202
    143 122 227 35 0 255 179 16 196 91 255 115 45 51 0 0 85 252 16 255
    93 41 24 0 0 255 96 4 0 2 94 255 141 65 41 255 108 46 75 0 179 18 0
    190 30 0 255 249 0 64 255 252 0 116 168 255 0 225 0 0 210 208 161
    215 0 0 137 196 0 49 102 168 255 199 60 0 255 90 5 142 82 250 12 78
    91 149 255 1 0 194 230 183 0 0 0 255 33 225 37 237 153 61 109 215
    255 255 255 255 50 126 60 255 232 38 18 224 0 136 50 36 202 98 250
    16 255 0 150 200 0 227 36 106 255 217 255 87 186 234 0 216 26 6 159
    42 116 100 11 172 162 44 0 165 255 246 229 255 216 0 255 255 133 255
    217 49 104 252 80 149 0 137 41 255 130 255 227 255 255 169 0 72 0 0
    0 0 255 68 0 51 150 0 255 199 101 0 138 7 82 233 255 193 82 255 64
    224 255 0 214 255 94 132 55 0 0 28 240 27 140 220 16 1 13 120 64 155
    255 255 81 234 255 0 0 57 0 229 255 0 102 255 222 100 129 113 135 0
    0 0 126 17 116 67 179 112 145 203 66 191 0 0 244 255 0 112 34 0 5
    124 102 33 0 244 255 102 111 165 159 98 32 190 200 223 255 153 255
    90 2 124 133 255 115 57 255 233 75 255 55 136 255 105 255 75 156 32
    0 220 73 220 0 255 131 133 93 244 0 220 250 31 59 255 34 0 0 190 170
    208 255 255 255 0 0 143 3 220 68 155 0 2 173 28 255 255 255 255 241
    255 73 186 255 123 136 253 111 182 201 255 88 159 0 121 251 20 109 0
    158 0 0 65 255 91 225 255 245 0 91 93 138 71 119 181 93 133 188 0
    219 130 38 107 0 162 4 118 38 255 236 255 208 80 39 107 255 249 52
    255 44 255 0 0 255 84 29 79 255 255 120 25 204 97 0 50 125 0 21 223
    152 156 101 186 0 232 255 255 76 244 146 120 170 255 152 183 21 220
    230 220 171 254 163 237 68 255 255 255 115 49 213 94 42 52 0 10 0
    255 145 0 209 255 226 0 255 190 0 167 20 255 209 151 255 12 238 0 89
    21 0 248 0 21 0 255 108 123 14 147 113 255 216 168 151 203 0 165 0
    186 244 75 168 248 0 168 237 188 186 255 255 255 255 0 93 0 0 12 43
    11 255 255 179 0 152 17 163 139 75 255 0 29 16 87 47 0 141 25 10 255
    120 0 20 145 209 0 155 29 18 255 255 213 6 149 255 107 255 103 158 0
    151 47 235 180 255 0 9 219 107 255 46 145 196 98 218 255 17 255 53
    95 38 163 214 0 0 9 255 76 0 174 0 176 255 255 255 255 184 47 176 27
    53 183 197 253 151 232 0 22 132 255 31 79 255 110 255 0 207 255 184
    162 142 248 0 153 255 225 137 255 255 255 82 162 32 56 219 234 0 0
    123 88 0 2 199 0 176 154 139 0 163 255 53 229 0 72 255 255 0 255 0
    132 162 253 0 0 73 139 69 229 212 114 73 235 0 171 133 9 255 141 119
    255 10 181 189 216 159 255 186 255 177 255 195 0 157 87 50 221 25
    108 182 97 159 255 167 39 0 255 99 0 78 255 23 192 225 90 0 0 242
    255 11 93 83 75 227 190 255 255 0 255 79 255 243 157 138 169 189 255
    171 201 255 0 212 0 0 75 252 114 255 202 0 255 79 132 0 255 50 101
    198 0 57 255 255 180 255 51 31 255 84 87 214 255 0 35 0 230 255 0
    255 0 98 147 255 0 1 255 44 229 255 238 205 255 93 10 227 0 255 166
    255 250 184 78 255 164 255 255 187 11 0 220 174 0 0 255 72 0 171 0 0
    184 211 255 0 255 35 141 60 226 141 255 193 255 241 0 199 229 255
    240 235 222 159 109 255 0 186 0 46 160 255 255 194 0 101 84 182 207
    0 58 115 182 124 39 97 132 255 171 0 140 247 53 255 107 212 174 43
    117 255 226 65 148 219 0 137 5 166 166 168 105 0 150 255 137 0 108
    180 150 79 255 0 253 84 224 162 255 5 210 9 44 0 239 75 207 0 32 156
    38 0 222 152 5 0 5 255 61 146 46 0 157 255 0 0 136 255 253 79 64 2
    52 0 0 57 255 255 107 35 0 124 165 28 177 121 0 117 0 50 80 111 95
    220 92 135 0 191 96 0 255 0 209 0 0 0 74 255 255 255 159 48 124 192
    0 234 255 178 113 255 0 0 234 255 89 93 255 126 77 27 255 0 126 174
    233 156 224 77 84 40 255 61 92 255 0 255 66 77 223 188 0 0 61 84 0
    163 255 9 255 131 255 94 255 255 158 255 234 174 4 48 156 147 255
    181 90 37 255 255 0 221 186 0 252 112 217 24 207 201 255 0 170 130
    158 255 31 106 0 76 67 164 118 187 145 135 0 209 66 36 209 95 131
    188 110 0 56 0 219 0 197 0 255 12 108 124 185 255 188 6 0 255 0 20 0
    255 250 0 15 147 90 222 17 255 174 0 164 212 0 255 57 56 140 0 159
    241 161 206 222 144 255 0 128 48 250 255 178 255 138 232 0 32 186 0
    219 0 255 14 216 38 141 0 88 8 144 1 255 196 176 56 175 255 130 161
    191 255 145 40 84 255 255 98 0 127 153 184 132 4 75 255 255 67 252 0
    255 126 87 0 201 19 255 217 0 173 139 110 193 83 46 69 255 237 177
    32 199 255 46 0 152 130 31 209 255 255 205 255 171 137 0 0 255 54
    108 93 141 0 0 158 129 0 158 158 197 255 255 121 231 0 0 12 163 255
    0 0 85 0 93 233 255 206 226 183 255 200 0 217 229 0 36 51 9 255 219
    255 0 0 30 0 255 15 146 0 197 214 0 255 255 208 134 226 255 0 55 80
    120 207 151 255 211 114 81 112 7 14 255 255 91 255 79 188 255 0 177
    255 246 0 238 248 42 34 255 255 0 126 223 197 0 83 255 208 26 115 0
    0 14 0 255 73 189 229 0 188 0 204 34 84 121 60 127 255 255 19 77 92
    124 89 170 0 80 123 0 143 90 0 0 58 189 255 189 178 0 79 255 0 0 0
    215 192 151 22 206 64 0 0 130 99 255 21 103 145 233 238 52 169 255
    44 0 252 0 90 66 100 109 0 25 216 134 123 255 243 40 70 183 0 162
    114 255 134 57 255 217 255 8 252 87 0 93 255 216 194 0 255 18 255
    106 184 187 255 0 107 255 153 255 119 150 142 255 238 255 0 0 84 44
    255 171 119 255 0 192 9 255 18 67 222 0 30 73 187 255 130 17 66 145
    74 204 0 29 80 220 255 255 158 255 0 232 0 132 255 255 255 3 0 202
    129 0 221 197 27 226 173 210 108 255 117 0 0 24 248 196 163 184 6
    114 39 158 255 53 0 0 102 243 32 0 0 255 209 248 178 0 231 0 72 111
    252 255 0 230 220 0 255 206 141 144 255 0 0 170 43 255 200 120 255
    228 223 45 68 141 0 42 12 18 160 0 0 0 62 0 255 185 19 255 94 255
    255 213 53 251 44 200 0 0 203 136 248 0 132 0 0 217 255 171 244 57
    255 255 0 131 119 23 22 0 17 72 255 0 129 255 150 210 162 255 13 220
    76 173 44 0 255 220 177 255 255 95 128 32 232 255 182 255 0 226 99 0
    255 151 205 13 66 228 0 255 1 13 65 15 166 111 48 120 0 255 152 24
    90 170 196 255 20 12 141 17 33 5 254 255 192 164 35 102 117 232 27 0
    0 0 0 45 56 136 0 143 19 218 189 0 59 238 18 255 197 239 40 0 47 0 0
    203 255 255 119 205 39 255 203 2 32 220 255 238 213 109 61 66 200
    255 224 195 214 108 255 47 255 255 56 255 255 198 73 0 0 0 2 215 82
    92 255 0 41 92 196 234 163 176 168 63 153 225 0 63 220 241 0 82 181
    50 229 73 79 82 0 255 93 130 223 255 0 255 33 60 246 148 0 139 116
    173 225 255 124 162 8 0 29 255 170 0 152 103 255 0 183 25 193 173 74
    219 255 0 210 100 67 0 182 217 255 206 119 255 122 0 2 213 127 83 0
    0 89 252 255 232 167 235 0 236 0 22 230 15 180 0 162 2 0 0 255 99
    223 147 55 143 8 255 0 208 255 87 255 106 112 39 0 8 98 255 77 90
    139 0 228 241 255 0 0 0 255 2 255 0 255 40 202 245 88 191 255 113 0
    0 40 255 0 68 205 0 146 217 127 255 68 54 112 79 0 141 0 251 255 166
    246 137 249 0 0 0 255 28 237 0 255 125 31 217 211 209 0 122 95 160
    106 0 138 0 119 102 225 25 0 0 93 0 72 58 2 7 73 145 0 54 51 102 0
    217 0 254 0 107 246 245 255 45 68 220 100 255 236 26 118 0 0 242 77
    0 255 38 3 0 0 15 164 58 213 255 255 0 255 0 0 212 255 251 58 208
    255 196 0 114 255 163 78 255 48 255 0 109 155 255 163 0 186 111 255
    82 129 0 0 209 57 112 241 81 86 90 56 255 145 243 0 158 255 16 214
    76 254 131 146 160 255 255 207 0 4 255 162 175 209 41 255 88 255 66
    233 255 255 232 162 223 67 232 0 100 36 0 0 31 71 77 255 142 0 104
    29 3 117 204 31 161 133 255 255 47 161 255 255 62 132 35 0 255 255
    34 52 54 9 84 86 103 0 242 17 0 255 255 255 93 187 50 239 102 255 0
    213 0 144 165 255 34 255 255 132 64 0 253 30 0 195 255 255 255 255
    152 255 0 255 224 54 255 0 0 2 110 255 0 0 121 73 255 188 227 255
    167 238 80 251 175 0 224 165 0 255 69 255 230 137 255 184 200 201 91
    255 201 70 0 0 232 84 0 180 114 255 225 118 6 255 255 0 168 101 96
    119 0 160 255 0 94 255 0 36 22 154 228 54 173 0 96 142 0 107 2 222
    255 191 255 247 245 11 0 72 0 202 255 134 247 204 0 0 152 0 255 255
    97 97 149 18 58 0 180 136 0 31 0 11 255 212 255 255 54 255 255 6 183
    16 0 0 254 222 130 180 153 47 84 106 87 12 64 163 255 119 255 183
    150 255 0 125 0 233 214 25 158 215 160 163 110 0 57 86 40 0 58 199
    40 160 37 255 181 179 231 36 84 155 255 5 88 141 255 12 99 255 255
    166 133 208 197 91 30 12 255 58 217 221 57 162 60 255 0 178 255 0 89
    56 255 131 83 255 177 0 223 16 0 213 75 0 0 0 54 246 255 0 72 181
    155 245 183 90 248 255 147 167 37 254 201 211 30 136 156 110 28 0
    122 255 141 180 227 51 31 7 255 226 0 235 0 23 0 125 0 78 202 176
    204 247 30 0 255 0 140 64 15 255 0 206 0 244 26 162 206 195 121 250
    243 27 0 0 0 172 29 53 8 113 212 68 13 112 62 255 57 184 0 106 167 0
    63 21 255 0 78 216 47 255 255 85 165 0 0 86 174 255 192 142 255 81
    171 70 189 94 255 123 215 142 203 214 199 108 0 27 0 0 99 11 255 128
    255 255 171 125 0 220 124 242 239 67 212 255 236 55 255 25 93 255 56
    255 136 0 96 65 255 137 172 112 112 0 19 255 177 77 166 255 0 211 0
    51 253 240 5 97 0 99 2 202 175 255 148 176 255 17 0 66 255 255 124
    255 191 73 0 255 48 0 0 4 0 0 255 204 14 186 195 249 0 63 255 134
    255 0 59 0 0 170 0 255 0 0 183 229 176 255 255 255 52 5 255 7 161
    255 36 24 163 227 0 161 59 0 255 60 123 43 0 127 122 64 79 0 72 110
    155 0 19 47 255 15 5 176 255 77 168 56 205 35 39 255 255 143 255 191
    96 175 125 255 74 255 230 0 0 255 200 93 76 0 254 119 154 79 36 255
    205 255 80 0 255 17 0 52 5 100 195 12 65 0 44 226 131 0 255 0 255
    210 121 120 0 38 102 198 167 219 36 47 129 211 0 37 176 172 255 0 20
    255 131 219 255 0 255 0 0 26 113 255 72 154 0 179 148 169 32 170 255
    79 255 0 0 234 101 255 0 177 251 148 127 169 133 0 255 0 136 224 255
    50 58 0 255 0 255 0 50 221 0 67 212 53 255 255 113 0 15 255 150 189
    255 0 255 106 157 140 134 65 0 118 0 39 0 255 0 0 204 185 177 0 0
    176 143 74 103 255 233 255 205 177 134 156 67 200 174 99 0 33 0 16 0
    94 0 161 255 0 126 255 255 54 0 0 255 125 255 9 0 53 209 255 74 234
    109 0 20 19 255 101 205 255 219 0 155 255 166 20 250 134 220 0 138 0
    222 21 32 78 255 255 161 0 83 113 200 83 255 78 233 215 164 146 55
    207 0 33 214 0 0 0 11 167 242 0 100 118 107 16 181 6 245 253 154 186
    74 255 73 192 255 137 0 164 191 255 125 13 0 0 255 167 188 63 251
    196 160 255 255 171 0 122 182 80 0 194 231 175 0 255 255 150 241 47
    255 253 0 255 78 0 228 143 255 201 49 29 223 35 224 246 255 94 26 0
    76 0 255 0 0 7 103 255 255 0 252 255 136 143 0 122 254 157 97 0 0
    191 29 144 255 7 1 46 64 4 255 255 255 255 231 152 255 175 255 89
    153 133 215 0 241 0 89 255 47 0 0 255 113 255 113 78 108 255 158 81
    29 87 255 0 246 123 218 161 57 134 128 255 136 29 64 81 197 46 0 242
    255 28 0 0 21 166 237 248 128 3 23 255 181 0 154 122 228 31 154 0
    134 4 0 242 255 47 80 206 40 135 161 255 94 255 225 241 0 255 0 0
    175 68 56 44 0 91 0 255 255 6 30 18 53 32 255 225 8 255 255 161 190
    184 215 177 162 0 0 58 11 244 220 255 255 255 198 143 156 89 198 222
    178 160 17 0 14 0 0 247 0 2 0 70 80 76 0 189 0 218 255 170 195 129
    255 141 152 38 0 44 0 39 253 76 230 0 255 48 235 83 0 255 255 192
    255 87 45 0 184 67 174 0 159 152 255 30 0 146 39 47 84 111 0 128 185
    213 255 198 255 196 125 0 0 81 210 73 65 253 60 80 231 255 255 24 0
    255 153 75 60 49 243 255 0 255 31 177 107 253 132 241 210 207 173 20
    71 34 106 14 124 156 114 106 239 190 108 213 119 64 255 255 193 141
    41 0 24 218 241 0 0 255 55 136 189 255 2 101 240 170 0 255 0 241 255
    96 255 255 201 0 0 208 52 0 243 0 255 55 255 216 87 78 196 25 106
    105 134 80 190 134 110 255 255 46 0 150 237 170 255 201 190 255 88
    66 255 4 16 107 0 0 255 252 160 0 227 156 84 120 176 0 78 0 217 154
    35 241 226 170 76 35 170 17 255 62 106 0 36 55 255 30 179 205 63 172
    55 0 184 0 16 255 5 255 163 255 61 0 37 123 118 189 255 90 50 156
    151 255 77 188 79 147 249 255 0 96 0 52 249 0 243 109 135 255 255
    130 255 183 224 196 171 255 136 255 12 107 255 255 157 139 0 138 41
    135 116 255 80 0 106 0 75 68 109 0 255 175 254 3 128 255 217 255 125
    184 117 255 255 0 143 255 26 0 140 0 185 249 84 253 85 0 0 255 18 69
    109 176 255 0 227 209 255 255 255 255 7 112 255 255 255 244 105 0
    169 190 0 97 13 173 204 36 242 0 56 234 176 0 95 0 93 0 255 255 20
    43 255 59 198 0 175 255 0 93 255 255 110 83 96 0 253 216 0 255 0 138
    77 0 0 0 60 0 222 81 93 0 127 174 94 237 168 121 24 175 255 104 0
    245 255 52 149 103 216 0 255 0 130 255 85 47 94 183 8 1 100 255 79
    35 180 35 255 0 49 101 167 222 71 115 199 76 176 192 84 57 60 255
    255 251 123 243 26 153 236 150 0 0 255 255 116 255 52 7 255 138 198
    255 255 22 0 171 0 90 0 255 4 255 0 255 97 255 160 197 0 161 0 139 0
    0 252 213 255 113 133 255 240 0 0 68 211 87 97 174 0 81 196 255 255
    255 38 128 135 0 252 255 255 110 12 244 255 0 224 255 0 49 34 0 14
    138 201 48 242 132 255 92 76 138 52 0 86 117 154 255 196 165 255 255
    255 255 184 117 102 100 4 48 0 115 159 255 198 141 136 181 89 0 166
    188 155 0 255 255 230 54 255 0 85 192 185 0 36 255 255 185 0 14 255
    135 81 253 0 222 214 255 31 255 14 108 102 225 87 240 126 0 255 142
    0 0 255 255 210 115 0 0 5 255 0 0 255 180 147 7 206 5 0 46 201 0 255
    91 169 90 255 185 82 76 128 0 0 151 85 255 0 255 195 188 101 255 237
    129 0 255 22 80 183 0 205 162 255 0 233 0 255 156 169 149 0 98 141
    43 255 207 84 0 48 93 0 255 185 8 255 127 169 69 134 102 0 51 175 0
    255 121 93 54 0 104 240 231 251 156 255 74 255 105 105 11 96 197 103
    94 0 196 255 63 247 0 255 38 0 87 247 128 124 37 106 13 206 93 248
    139 45 160 155 0 101 105 61 177 138 35 16 0 255 117 124 255 255 178
    0 255 0 13 255 27 216 0 104 55 55 255 169 223 0 125 80 172 215 176
    168 0 234 0 69 255 52 255 190 57 255 255 142 30 242 153 0 0 122 186
    0 255 228 255 255 155 133 255 231 255 255 97 0 76 157 48 30 0 255
    255 255 87 0 0 0 214 89 249 255 99 247 44 90 53 157 211 155 187 213
    0 0 189 215 52 113 0 24 255 0 0 58 137 0 255 0 0 110 84 217 0 0 251
    41 0 0 255 232 0 114 0 175 169 230 0 22 255 255 159 255 221 0 128 53
    179 0 255 0 13 248 52 255 0 5 40 43 108 40 195 235 255 179 159 93
    189 255 117 255 7 255 220 253 255 0 186 255 0 145 221 38 0 37 255
    110 0 255 34 222 200 0 92 0 255 255 0 129 114 224 117 255 215 91 0
    212 255 0 0 255 2 0 137 210 255 0 0 232 0 227 22 225 175 8 173 189
    120 97 47 0 0 121 255 255 163 0 0 0 0 0 255 143 0 255 0 0 255 255 84
    0 51 255 244 0 233 147 73 115 55 238 12 145 246 230 68 0 114 0 59
    143 89 22 23 99 255 255 0 255 255 244 99 133 0 255 161 25 91 67 175
    119 255 53 215 10 255 4 0 255 252 170 24 255 23 192 142 255 30 0 255
    169 48 255 0 233 0 100 237 207 86 209 30 236 255 232 165 0 238 0 0
    38 17 0 36 189 255 230 204 23 7 223 255 255 122 13 255 212 0 131 159
    99 0 255 255 255 211 0 199 93 255 0 60 8 72 7 91 241 0 36 54 159 255
    209 255 77 93 255 94 165 216 198 255 61 48 0 0 255 6 55 167 178 161
    181 0 212 81 255 117 10 72 27 239 6 198 66 0 128 223 15 173 255 212
    241 255 144 157 255 255 127 255 255 59 255 108 179 0 208 161 235 0
    48 48 229 167 249 58 198 19 255 197 221 157 225 141 226 0 59 0 255
    255 249 4 84 94 38 0 161 165 255 0 247 158 255 255 7 255 0 171 255
    35 96 11 204 103 83 232 165 0 58 255 221 176 0 30 0 67 131 255 8 169
    235 255 67 168 0 235 244 39 239 255 37 43 113 221 1 205 66 255 255
    248 160 227 48 13 0 122 9 212 0 22 37 255 172 255 248 212 255 255
    201 228 157 255 239 255 0 255 0 71 120 0 206 255 0 106 0 0 145 64
    161 255 255 93 187 0 255 190 255 103 82 246 201 255 6 255 246 84 121
    157 255 61 21 174 38 15 7 255 0 21 67 101 1 255 255 0 50 132 61 0 29
    255 112 255 235 182 201 181 16 122 37 216 0 255 17 189 0 48 255 25 0
    0 133 255 0 0 255 31 253 220 12 0 228 63 204 137 2 0 0 235 150 255
    26 255 96 15 228 65 136 255 255 0 57 7 255 49 34 42 255 0 242 70 59
    251 59 245 144 78 255 0 163 126 64 0 211 198 0 209 255 93 120 14 115
    181 247 106 244 0 255 191 101 34 0 239 129 2 255 188 255 163 110 42
    0 25 255 112 203 61 255 255 0 117 0 255 17 117 62 0 6 255 60 114 216
    255 0 255 232 255 0 0 94 0 207 0 147 58 92 255 245 78 164 125 0 87
    220 0 242 227 94 124 0 120 0 94 31 122 0 255 185 0 2 0 116 219 16
    137 255 0 166 108 168 222 255 62 0 255 162 255 255 187 255 153 0 86
    0 102 235 0 255 227 0 0 94 255 103 74 23 206 232 69 255 37 203 11 85
    144 255 0 254 31 9 196 159 8 255 96 143 150 178 247 25 153 165 0 255
    17 12 49 200 131 139 140 151 255 221 74 0 170 0 216 0 255 157 255 63
    55 0 1 0 120 99 0 66 239 0 97 255 29 211 232 0 14 255 246 161 59 230
    33 81 154 243 238 0 255 16 0 230 235 179 252 0 239 177 66 235 169 0
    33 63 86 219 255 251 186 255 0 0 0 213 255 158 182 98 163 255 255 0
    0 255 0 97 12 175 143 128 20 153 210 255 255 175 26 255 52 255 0 63
    52 0 217 49 0 0 184 35 17 237 90 172 147 0 255 201 1 86 0 0 121 27 0
    52 181 30 151 131 90 51 239 144 206 245 9 168 0 0 77 1 243 233 255
    242 206 109 84 208 82 127 226 118 22 255 0 0 85 21 255 198 100 239 0
    49 91 0 44 53 0 79 0 255 25 195 203 255 255 73 145 255 206 255 133
    135 160 15 255 157 0 255 129 126 255 177 108 0 66 157 0 0 150 0 34
    255 255 0 141 255 243 94 9 202 206 195 225 41 255 230 153 201 17 72
    77 164 25 246 255 246 255 148 244 0 0 17 220 162 184 0 0 196 172 78
    220 67 0 0 0 53 0 0 226 255 255 112 35 53 131 140 253 204 0 47 0 75
    255 0 58 60 67 213 200 131 0 125 0 0 255 0 255 243 255 163 158 116 0
    132 255 255 60 11 13 87 228 191 0 134 183 199 25 133 165 197 4 255
    112 150 88 0 208 255 43 234 193 129 101 157 0 169 0 168 255 213 19
    255 31 0 255 255 126 255 159 0 162 0 247 0 254 219 84 126 0 177 226
    90 0 255 133 215 46 213 255 15 106 152 93 255 69 160 102 185 0 0 170
    0 40 255 71 50 212 66 255 247 4 0 0 183 158 0 210 150 209 0 146 23
    255 0 51 93 212 78 0 165 0 0 255 255 64 106 82 93 0 0 255 222 0 55 0
    1 90 0 40 248 118 155 255 254 10 212 255 0 144 255 0 231 89 210 115
    88 0 103 0 3 0 35 189 205 0 232 144 255 14 140 71 192 1 30 12 124 0
    0 229 212 202 255 108 168 155 147 11 0 207 34 255 55 197 246 97 84 0
    0 152 15 243 136 222 90 217 68 192 255 255 159 49 255 0 12 32 146
    118 0 0 213 110 225 4 40 0 0 75 240 223 192 0 152 41 72 77 33 255 0
    255 148 0 45 0 142 6 255 255 255 81 84 255 255 2 146 255 0 49 167 0
    101 50 187 11 223 255 58 140 65 0 0 0 170 4 0 236 84 0 255 0 122 255
    125 129 175 251 202 231 250 240 171 198 255 82 95 227 0 244 164 85
    90 0 149 151 0 59 236 216 53 112 0 119 169 29 0 0 144 126 88 255 161
    108 255 0 164 41 232 203 255 255 0 83 255 63 120 165 208 89 0 255 0
    73 8 78 28 0 0 220 255 23 255 146 0 192 255 148 79 209 255 118 255 0
    0 62 255 9 44 209 0 129 90 0 183 0 64 10 167 144 188 152 18 225 248
    255 26 84 0 0 128 103 0 118 75 0 0 141 224 177 221 8 136 25 89 104 5
    0 255 209 62 178 208 255 83 119 255 182 255 150 90 255 255 201 234
    255 115 0 105 63 231 17 112 0 0 170 182 44 95 223 39 0 0 0 0 225 237
    0 39 136 0 255 255 96 0 0 54 255 79 131 0 83 60 0 208 125 83 255 34
    210 255 0 212 61 179 13 241 79 237 211 152 255 171 96 213 245 217
    255 197 255 33 255 38 0 248 245 138 255 195 78 255 0 200 0 0 92 42
    244 200 125 255 70 28 228 255 255 110 198 255 0 255 5 50 45 22 112
    255 56 91 192 255 79 255 51 144 64 189 14 56 176 118 50 88 208 255 0
    20 255 180 152 26 0 0 101 0 38 169 231 106 113 0 112 127 7 227 215
    138 0 239 64 177 26 0 125 160 0 255 0 109 124 222 31 240 140 255 18
    160 217 235 8 196 223 125 253 192 0 255 255 255 48 104 0 255 187 0
    250 157 221 15 131 248 17 0 205 196 94 190 178 0 0 46 255 255 32 0
    15 0 68 65 151 166 214 93 0 63 17 0 0 113 64 155 255 96 0 178 0 255
    4 240 255 135 0 255 50 0 31 255 209 0 255 254 0 0 255 255 89 28 138
    0 0 0 0 52 255 255 255 25 117 122 0 0 140 227 81 48 103 11 242 227
    225 0 244 137 45 56 141 47 0 161 43 5 37 14 128 255 147 0 161 17 0
    255 238 248 66 251 246 235 0 25 255 70 99 255 29 26 13 204 255 24 72
    183 123 70 19 0 92 255 131 11 115 255 255 255 0 46 218 93 0 97 112
    255 255 200 67 0 80 116 78 59 152 255 33 180 162 65 255 16 64 0 72 3
    92 104 0 214 246 83 255 113 255 234 155 204 255 0 36 39 178 255 0 27
    0 99 255 0 227 166 132 229 0 182 255 0 203 244 0 131 198 102 192 0
    159 152 182 66 0 25 234 184 128 88 0 97 118 3 0 255 0 0 144 0 211
    111 86 144 173 0 255 59 194 65 255 255 113 189 99 0 42 0 255 54 140
    0 165 246 0 49 1 255 74 92 11 15 208 20 0 255 40 167 87 171 255 255
    145 124 0 30 84 180 58 0 156 0 18 0 220 32 255 108 94 0 32 0 49 46
    117 212 255 255 7 107 63 0 118 4 91 238 135 191 0 63 255 71 0 240
    217 201 241 211 53 0 45 165 49 65 210 255 223 96 201 255 245 0 255
    64 19 0 23 226 141 240 225 249 255 0 255 255 67 179 209 28 243 0 66
    0 169 255 0 47 50 255 124 197 196 252 63 94 35 0 0 235 255 0 255 38
    0 5 255 0 103 255 71 194 241 175 172 255 255 61 64 169 21 64 234 255
    0 255 141 255 29 64 0 0 32 0 211 0 203 255 0 135 223 27 255 0 227
    214 159 255 0 203 7 255 0 0 255 65 255 147 115 187 166 25 255 27 51
    79 188 0 63 0 88 0 0 73 0 0 162 255 0 242 216 123 232 115 23 138 95
    1 233 148 228 213 255 142 255 255 35 255 255 66 165 209 182 97 16 43
    144 236 13 0 255 176 255 94 150 51 6 255 45 255 113 255 100 0 255
    134 0 166 88 77 186 255 203 29 255 188 255 0 158 124 46 20 0 0 211
    100 201 139 0 68 255 248 20 135 0 255 81 94 59 0 82 255 126 0 0 255
    170 210 155 224 255 255 159 97 189 117 255 152 0 237 174 16 143 45
    209 23 255 255 16 13 71 193 60 72 255 255 80 255 171 102 0 0 188 45
    79 255 128 121 196 217 0 54 123 118 255 242 255 6 199 255 119 255
    150 0 249 255 59 255 73 113 4 255 0 76 149 93 0 44 239 60 50 34 80 0
    0 208 0 255 82 163 89 114 8 31 114 149 255 115 0 169 131 35 168 174
    110 255 190 1 206 195 0 68 255 210 255 226 155 140 168 255 209 110
    185 255 128 255 198 255 110 0 62 246 138 78 172 0 123 9 70 255 0 0
    149 0 255 100 106 88 255 0 69 255 88 171 255 154 255 137 186 73 0
    208 0 233 163 16 255 255 180 0 0 214 95 100 13 0 48 0 115 207 155
    224 0 112 153 255 98 0 0 255 0 0 87 188 46 255 10 132 240 72 207 61
    25 202 255 60 49 255 178 193 112 166 179 224 54 0 0 112 255 68 95 78
    0 145 118 155 193 255 57 255 0 199 189 59 189 255 0 195 118 119 253
    42 74 142 186 152 200 191 44 0 255 255 42 0 0 224 168 0 132 11 0 0
    255 85 243 97 0 68 255 0 9 228 212 189 246 37 255 255 27 136 208 0
    19 123 51 105 193 172 251 80 255 157 143 158 67 94 0 217 13 0 255
    255 185 0 86 239 43 166 0 33 200 1 0 255 125 131 41 0 247 22 232 65
    96 219 51 0 235 234 221 202 255 255 255 255 33 255 255 0 255 255 27
    97 255 0 0 108 201 211 222 34 130 195 50 203 240 16 255 125 0 0 68
    242 0 247 64 0 2 17 29 61 159 255 255 255 49 27 78 121 45 255 167
    189 255 148 255 0 250 31 0 232 0 127 7 0 0 27 10 106 131 255 237 0 8
    255 255 0 95 255 0 61 255 139 191 152 22 146 255 255 232 255 179 166
    235 229 159 255 248 37 7 121 0 156 128 143 227 78 242 205 0 206 0
    164 22 253 0 0 23 0 1 105 223 248 0 67 112 0 183 248 22 102 0 255
    254 0 62 216 115 255 244 132 162 114 106 66 255 0 100 0 151 0 0 85
    231 57 0 0 235 255 142 255 176 154 112 255 152 247 116 131 255 113
    171 0 162 47 219 255 184 255 255 0 225 58 146 255 219 153 210 227 0
    23 255 0 110 0 121 251 139 0 0 204 232 0 202 0 176 229 0 184 255 63
    248 201 240 255 255 0 65 0 177 255 23 85 27 27 219 181 255 234 0 57
    246 0 255 168 0 0 176 211 255 174 218 236 35 223 28 121 176 255 0
    105 123 0 164 153 204 187 0 219 0 0 118 146 98 0 213 161 122 253 0
    14 255 154 0 61 255 111 255 26 0 0 136 175 165 249 0 171 45 157 20
    106 255 198 212 158 153 220 255 0 255 110 146 35 0 154 175 255 0 0
    146 81 255 185 250 109 70 42 0 110 182 0 145 158 255 255 110 0 228
    110 0 255 0 0 0 183 0 0 115 0 255 187 255 154 183 180 245 208 48 145
    240 50 180 96 146 219 0 0 11 255 255 240 102 0 22 104 203 87 219 170
    255 255 156 45 0 0 119 14 255 50 188 165 255 26 48 40 255 9 0 225 78
    255 152 242 210 41 18 0 0 198 209 130 0 255 0 255 0 138 100 19 79
    183 255 0 2 237 192 115 137 255 11 188 0 143 232 0 249 67 255 54 68
    255 78 0 74 203 0 255 163 215 148 163 255 187 106 0 146 0 27 0 0 160
    103 14 136 255 53 199 255 215 255 213 56 255 128 20 255 49 142 160 2
    0 22 99 181 255 225 123 229 191 111 0 0 12 195 109 87 161 90 44 255
    31 183 193 46 255 60 0 2 233 0 8 255 255 138 219 0 24 174 58 255 255
    255 197 135 0 18 165 255 0 213 34 0 198 0 26 0 224 69 94 50 250 177
    177 186 26 32 0 0 239 0 0 255 255 0 106 169 219 2 4 75 221 96 0 152
    0 255 84 16 207 255 219 0 150 118 228 189 0 209 149 238 255 255 200
    221 131 77 158 12 132 0 255 219 218 255 255 239 159 255 192 99 164 0
    252 124 255 66 0 255 0 63 2 0 191 255 62 0 171 228 135 255 0 0 255
    59 107 50 38 124 95 255 110 53 255 113 0 0 0 79 118 46 230 255 255
    169 19 64 165 0 106 0 184 116 200 196 0 0 255 7 0 0 16 255 232 106
    17 179 0 75 255 0 0 183 0 0 85 239 240 0 105 161 0 0 119 212 255 0
    143 181 255 0 127 0 51 97 152 255 107 3 72 71 75 179 169 163 150 242
    195 255 57 83 0 122 105 255 200 0 255 13 31 255 240 200 255 255 234
    0 255 15 0 255 0 0 221 189 0 255 158 255 96 255 255 199 64 177 183
    132 255 180 19 255 65 233 127 13 0 98 38 0 0 14 21 255 233 255 255 0
    253 135 63 0 0 28 58 121 0 144 0 0 43 154 207 255 255 62 214 0 153 0
    74 54 0 255 0 47 0 61 0 195 190 59 237 0 63 247 0 0 95 255 114 0 0
    13 216 158 0 0 69 145 0 214 0 255 97 91 228 213 33 255 171 115 255
    202 0 81 95 0 179 168 97 161 255 0 255 194 219 0 7 188 83 216 151 55
    53 197 255 242 135 255 0 255 241 175 255 213 179 57 135 59 242 114
    14 22 202 65 115 255 94 41 63 144 10 251 255 18 0 255 203 255 68 255
    255 255 116 0 73 0 95 0 165 156 190 255 181 230 191 0 250 255 0 232
    233 16 117 0 111 100 230 5 26 131 255 39 0 148 187 187 0 117 90 98
    39 62 45 255 238 255 0 27 10 230 69 214 133 0 128 0 180 255 116 17 0
    203 0 0 255 202 0 132 98 107 255 235 190 255 124 255 255 255 113 255
    118 255 77 255 7 0 0 168 4 221 255 230 255 131 100 255 226 255 255
    236 23 0 220 138 146 41 24 92 42 201 245 36 0 255 198 253 255 151
    139 140 138 217 0 0 97 58 103 76 109 71 0 0 207 100 139 0 0 95 213 0
    35 32 226 145 0 0 0 255 0 182 255 146 245 255 110 0 78 205 117 255 0
    171 0 125 109 255 0 102 110 163 90 0 255 0 251 237 20 255 255 76 0
    24 33 203 45 15 49 0 255 0 51 255 0 84 24 246 127 102 0 54 88 205 10
    254 185 239 37 179 228 120 30 230 0 128 163 0 217 137 191 195 23 0
    255 215 0 0 55 133 212 255 0 255 0 255 219 141 255 90 0 223 122 94
    124 80 255 145 75 105 0 112 67 227 0 255 182 0 255 255 231 0 141 0
    57 193 99 196 221 65 49 255 40 192 0 118 146 255 84 221 255 175 123
    205 171 97 126 255 140 30 255 0 255 0 179 255 23 0 150 94 117 255
    146 197 70 255 0 255 255 255 0 171 206 105 30 225 204 0 0 231 161 10
    251 133 255 30 54 4 79 47 221 255 110 49 128 36 255 21 0 133 95 11
    255 255 255 124 49 100 0 4 26 236 255 98 33 255 103 199 42 42 15 193
    0 0 71 255 102 69 208 255 72 75 255 203 159 185 129 62 7 0 33 255
    255 212 255 13 234 255 49 195 74 0 139 110 255 244 227 182 255 255
    123 39 10 187 38 78 15 255 42 140 9 255 162 0 183 255 0 50 255 114
    255 255 0 82 255 183 0 34 0 106 0 0 255 49 0 107 227 36 158 214 10
    130 24 31 255 0 206 51 159 227 0 137 159 193 217 0 241 0 141 118 13
    134 203 20 179 65 0 169 67 0 255 0 48 10 114 157 35 0 192 0 165 24
    67 91 111 20 255 0 255 0 76 255 255 0 17 138 132 73 87 255 0 191 246
    121 27 185 13 0 253 23 38 255 131 255 0 54 218 83 86 154 201 111 86
    231 147 255 255 30 6 182 220 95 255 0 0 215 183 0 12 21 14 128 233 0
    255 220 133 251 114 255 205 203 145 74 182 197 189 0 255 158 32 231
    255 225 255 134 0 200 255 11 16 139 247 156 17 211 192 0 240 189 209
    184 255 151 55 118 255 255 121 255 24 49 252 184 0 255 0 0 119 52 62
    68 219 89 122 0 172 78 40 190 98 255 195 132 88 230 131 79 115 22
    173 0 255 0 59 255 212 192 255 255 13 255 169 198 203 216 174 83 147
    198 243 8 117 255 112 223 255 0 65 161 77 0 65 178 180 38 25 255 145
    255 0 255 0 184 255 0 144 196 249 110 28 221 255 255 0 115 93 238
    206 178 218 15 255 0 255 17 92 255 255 156 0 255 255 89 230 0 7 202
    156 36 131 0 130 72 72 247 193 147 255 3 255 155 0 37 117 228 53 12
    220 171 198 89 191 255 197 255 38 74 0 217 53 0 0 0 1 157 0 231 0
    108 186 0 0 0 194 0 49 172 12 0 128 38 21 2 255 81 255 169 205 0 148
    31 72 129 85 213 70 255 255 255 43 255 103 212 234 15 157 133 255 50
    255 255 106 204 110 255 229 90 223 0 230 0 57 93 40 200 192 222 255
    109 0 93 54 243 28 0 0 0 39 159 0 223 42 0 229 0 114 154 0 188 255
    181 11 175 0 37 0 213 7 195 185 46 28 207 0 255 221 255 63 255 88
    212 255 199 110 255 255 126 77 19 205 161 198 221 255 255 174 125
    131 197 0 79 94 255 48 130 242 41 255 0 68 227 0 212 223 0 149 255
    247 0 150 245 0 3 255 48 73 78 211 255 63 245 212 0 255 0 255 107
    186 206 154 251 255 0 172 255 255 220 218 229 143 72 255 255 45 0
    246 255 99 4 255 255 227 122 255 87 66 54 199 132 243 96 0 150 0 0 5
    255 197 255 255 0 0 189 255 170 218 255 167 0 165 40 171 240 161 0
    12 203 0 27 56 255 255 34 189 110 116 255 157 0 100 124 0 0 255 0
    255 169 0 255 26 197 0 0 147 29 67 182 255 99 223 0 0 255 235 193 0
    6 50 255 78 16 0 255 27 165 255 0 85 83 51 255 225 255 255 0 60 0 0
    255 214 222 255 218 216 31 201 0 255 1 9 178 63 193 0 94 158 232 0 0
    94 218 228 52 173 255 202 255 42 138 230 68 255 45 20 209 231 97 166
    182 34 0 191 53 46 175 0 112 174 0 189 255 189 76 255 61 125 65 0
    114 0 202 97 0 255 0 69 222 164 69 0 175 109 0 164 109 255 136 29
    130 0 255 176 242 95 255 98 227 166 125 0 189 255 60 165 179 255 0
    189 48 38 70 156 16 7 0 201 22 255 253 207 37 0 46 160 0 51 255 255
    160 255 177 255 68 255 185 255 57 33 255 255 25 49 76 211 244 239
    224 139 255 228 0 229 0 255 105 102 189 47 191 255 15 0 49 12 255 14
    141 99 255 197 113 126 163 255 0 0 18 155 0 230 23 255 0 70 255 37
    167 235 255 238 255 106 55 88 104 94 255 93 255 126 255 35 224 6 190
    54 90 237 241 0 0 117 43 0 110 0 5 255 67 229 94 255 241 0 105 192
    147 255 120 196 255 104 227 255 0 168 123 0 0 12 178 12 255 177 152
    238 0 0 255 255 0 204 154 163 255 83 182 221 105 222 239 255 185 249
    34 211 1 0 109 0 188 255 22 255 113 0 72 133 0 163 0 191 255 227 189
    255 255 37 23 255 255 255 181 248 255 0 0 146 0 255 49 0 255 0 134
    255 255 255 241 0 255 255 35 137 147 231 173 23 156 0 141 246 150 0
    130 115 54 0 177 96 63 31 4 255 84 255 255 255 135 91 0 90 255 255
    142 167 255 127 255 80 63 126 40 131 0 140 255 43 131 255 155 0 146
    86 17 69 42 45 255 61 255 131 188 117 0 0 0 219 169 136 0 0 229 123
    0 0 64 255 103 125 255 0 255 255 0 62 217 129 124 255 0 0 0 0 137
    123 98 165 110 43 136 255 255 0 251 255 0 227 255 170 255 199 64 43
    52 69 0 15 0 162 255 55 181 239 42 42 119 124 255 90 0 0 56 10 17
    138 92 66 0 255 0 0 255 255 0 90 41 34 0 181 226 0 5 255 0 0 255 25
    0 255 0 51 0 90 0 255 255 118 0 255 208 30 255 245 255 221 208 255
    211 233 215 142 170 255 0 255 0 135 32 0 255 217 205 106 43 0 0 132
    5 0 127 0 157 238 255 0 108 232 38 0 86 2 247 141 38 52 255 75 255
    15 15 255 80 0 154 0 122 255 255 39 198 209 255 0 216 255 78 226 170
    0 79 179 0 59 255 125 99 157 232 0 0 56 236 151 242 255 101 253 255
    255 167 174 25 0 255 127 61 0 0 169 171 3 255 103 104 1 255 75 0 82
    226 0 105 220 32 211 0 226 209 123 48 163 255 14 235 0 0 14 66 94 0
    55 255 0 150 221 232 0 255 70 244 255 151 73 0 255 205 43 38 204 255
    147 0 194 183 21 93 164 99 29 92 255 235 255 214 255 162 0 255 0 230
    84 88 27 34 255 0 182 255 132 0 199 14 39 38 44 195 255 17 211 224
    132 107 198 0 167 255 255 255 52 131 255 0 155 255 86 139 96 222 68
    255 0 19 255 139 255 221 170 0 148 255 98 125 46 192 255 0 255 251 0
    170 0 54 0 188 0 235 244 125 77 243 0 153 43 18 77 172 135 158 69
    255 56 181 156 151 135 118 144 255 142 0 60 148 255 0 154 76 23 32
    143 255 151 3 11 232 255 21 0 244 0 75 61 143 255 0 255 201 0 242
    146 0 197 0 0 0 112 255 224 150 172 0 17 0 205 72 141 214 255 211
    113 0 17 0 110 77 130 21 255 0 151 94 173 255 0 255 0 203 193 89 0
    13 255 121 0 0 255 255 99 32 118 71 66 243 51 49 0 79 89 145 217 255
    161 179 255 0 0 59 67 103 0 84 238 107 48 0 126 60 95 165 161 11 0
    255 255 71 80 211 211 36 235 58 174 255 34 255 0 46 6 24 255 128 0
    255 69 0 255 249 74 0 25 152 63 0 0 255 218 224 255 255 206 105 38
    85 210 184 160 255 152 255 0 255 61 187 109 101 0 106 254 24 171 90
    178 4 131 225 106 207 35 217 21 255 83 152 39 239 168 106 101 149 0
    0 255 24 0 242 0 255 97 255 119 236 172 0 30 219 239 255 235 214 199
    29 85 215 0 255 0 72 33 0 255 0 0 255 5 237 103 190 16 184 80 255
    135 37 106 116 27 210 182 255 203 255 201 214 194 255 97 22 255 255
    242 7 62 68 244 15 63 0 81 243 192 255 57 0 0 255 0 140 201 80 178
    180 246 101 0 114 255 125 0 196 59 206 0 255 60 82 161 255 0 199 52
    255 255 255 0 22 9 171 229 25 60 188 255 97 255 215 38 244 211 8 178
    235 101 117 218 144 146 255 160 41 255 248 144 166 255 242 206 34 0
    255 103 84 255 107 243 255 0 97 0 7 18 0 166 78 214 255 83 0 144 248
    255 0 203 0 0 20 4 215 160 255 225 0 173 255 0 159 255 59 0 53 237
    255 74 0 255 17 255 188 255 255 44 0 255 79 147 0 212 211 223 222 25
    255 0 220 132 0 227 117 104 228 49 152 220 155 175 20 0 0 0 40 205 0
    149 0 253 255 255 117 255 200 7 0 255 213 243 71 80 138 91 173 255 0
    255 0 251 172 79 239 187 79 0 215 255 144 255 255 174 242 255 44 0 0
    255 0 200 225 53 0 248 255 52 0 220 234 111 255 255 255 0 190 220
    170 2 187 248 38 255 255 241 0 0 255 0 0 199 176 255 202 0 255 31 44
    255 0 255 77 0 250 0 78 249 5 166 255 82 146 255 51 255 11 60 190 58
    255 135 34 255 255 0 56 255 13 202 100 32 54 0 231 84 111 255 111 35
    255 153 255 255 255 20 6 5 185 136 155 250 162 45 73 97 196 215 255
    255 0 0 113 249 173 219 0 146 255 50 185 255 58 184 223 66 247 255
    128 255 161 151 0 136 6 141 232 0 225 244 165 16 42 255 77 91 255
    255 28 255 85 255 255 134 255 137 0 255 213 183 94 222 255 0 185 255
    0 36 174 3 39 197 252 255 5 0 145 198 79 255 147 153 0 255 167 3 92
    57 20 41 0 0 146 198 51 0 221 255 0 114 255 255 0 5 253 240 255 165
    255 206 250 34 186 34 0 178 134 0 138 0 5 255 0 229 132 0 35 251 0
    129 159 255 95 108 124 63 61 88 152 60 0 252 0 174 164 2 50 109 251
    255 255 255 19 204 119 0 194 184 77 152 255 106 255 0 79 92 255 165
    98 0 255 214 255 255 0 89 255 212 53 255 116 255 255 156 208 0 132 0
    0 176 44 255 58 250 72 0 114 153 106 255 24 174 255 0 255 230 97 182
    38 0 224 204 255 0 122 0 0 255 227 255 5 159 59 140 79 40 255 0 197
    101 214 255 203 255 165 153 255 179 153 202 205 255 199 180 248 211
    172 0 255 101 255 169 255 125 0 237 152 0 224 26 206 0 255 0 0 21 12
    141 136 42 224 255 255 0 255 210 117 221 255 179 208 173 0 32 34 0
    235 222 255 246 101 0 2 120 255 81 191 145 30 178 0 230 170 28 0 204
    164 0 154 92 177 237 179 126 255 46 110 255 255 255 255 97 134 0 255
    253 0 0 202 202 167 116 255 0 194 182 100 0 62 168 78 173 0 106 219
    0 47 255 38 255 168 255 208 19 169 0 138 0 120 0 8 181 78 239 255 64
    0 255 183 98 163 210 61 179 69 177 31 251 61 136 175 210 231 145 0
    68 187 0 254 12 21 255 19 255 0 51 245 10 0 186 255 82 255 151 255
    19 168 170 255 0 152 255 255 137 118 255 24 255 193 57 112 52 37 5
    147 175 0 62 0 66 0 194 64 255 86 137 104 72 41 223 51 221 121 181
    229 28 51 0 74 15 255 18 118 132 255 231 42 255 186 0 89 20 5 255
    241 246 205 43 230 101 31 191 225 95 177 99 255 238 0 108 0 28 58
    255 126 0 199 252 255 255 191 91 255 255 255 40 251 0 26 169 0 215
    165 255 109 60 135 226 1 0 255 255 194 30 228 0 148 0 181 25 60 255
    11 171 139 0 215 0 17 44 83 49 248 238 180 67 255 255 0 219 255 220
    93 255 146 238 255 35 43 255 221 87 93 45 243 50 50 222 155 127 255
    0 52 19 230 246 99 47 255 20 8 255 118 0 255 0 177 75 255 166 255 0
    210 255 160 0 255 255 0 54 255 164 252 74 182 255 85 0 0 220 47 0 0
    1 113 255 64 255 255 0 85 0 0 255 5 255 0 255 253 0 112 180 0 127 60
    143 88 0 255 188 212 243 82 0 254 255 109 220 141 255 14 0 48 0 255
    253 199 231 255 46 184 0 28 0 30 152 17 93 105 255 152 255 215 46
    164 0 168 255 175 121 255 210 228 65 71 0 42 215 114 185 33 0 0 255
    98 69 0 183 255 0 128 8 209 224 82 255 0 0 69 255 216 138 232 255
    210 64 130 0 214 255 22 56 255 36 23 0 255 139 0 59 168 0 0 245 0
    144 0 202 131 255 255 0 188 255 0 142 73 90 40 44 35 87 183 255 0
    205 255 136 255 217 228 14 146 121 0 200 255 255 255 255 255 255 0 0
    116 0 8 51 216 196 254 0 13 52 229 135 255 157 28 160 0 105 32 255
    255 56 58 23 110 255 250 190 95 212 88 75 202 240 186 133 0 206 81
    241 138 85 255 218 157 153 0 53 83 28 255 161 0 169 235 71 255 197
    201 23 206 200 255 255 180 225 180 0 255 0 42 0 147 255 145 25 255
    92 0 112 85 255 72 232 41 87 28 89 255 94 219 239 0 174 77 2 238 231
    129 255 125 35 181 2 255 34 0 255 0 255 255 148 154 14 255 13 244
    255 255 255 82 223 90 240 120 255 223 189 132 0 100 140 0 225 0 42
    203 255 255 0 255 0 255 36 180 139 10 0 164 182 78 144 106 18 0 169
    255 0 178 143 137 238 161 0 255 254 255 255 255 255 203 188 188 160
    29 117 243 143 12 210 255 0 255 210 126 255 60 0 255 19 130 255 26
    95 150 190 70 188 0 227 255 229 119 22 7 36 242 0 152 95 178 255 11
    25 55 130 255 255 207 195 255 255 110 255 229 169 244 174 166 182 63
    136 196 255 184 111 255 23 0 102 30 67 255 255 0 212 213 194 92 181
    0 70 174 212 107 38 173 255 253 151 71 255 255 32 0 116 255 172 63 0
    0 228 0 44 197 192 0 4 0 141 81 112 63 99 255 171 203 101 0 255 255
    0 255 172 127 0 189 5 145 0 133 68 74 239 255 234 255 190 9 81 251 0
    255 169 0 2 255 0 146 255 65 0 0 255 237 132 184 153 178 0 130 38
    219 255 255 0 0 242 255 23 254 118 76 0 255 131 255 242 0 255 163 30
    238 86 255 1 255 228 141 0 42 61 0 133 114 0 255 210 241 61 241 254
    90 0 0 0 80 228 19 102 255 136 0 251 239 188 0 9 37 0 94 0 0 255 255
    111 255 255 244 112 0 45 245 3 58 255 139 255 0 255 255 53 248 0 255
    234 31 134 200 0 255 214 219 207 103 140 66 91 168 255 58 0 211 138
    227 2 228 103 14 0 58 160 255 255 255 255 255 167 91 241 185 239 217
    217 107 190 75 255 67 22 234 123 0 200 118 165 0 255 232 32 255 56
    255 59 52 255 175 0 212 0 250 132 218 255 0 2 47 88 0 238 0 0 255 0
    78 0 0 208 117 0 42 0 183 47 207 57 0 1 255 211 143 232 0 255 187 47
    117 149 225 21 151 0 255 229 0 255 155 255 0 123 97 1 185 107 255 0
    116 0 93 228 116 192 0 243 255 243 0 255 0 233 162 117 0 31 61 255 0
    39 187 174 9 26 120 60 0 58 255 0 68 232 116 133 64 17 255 15 17 73
    225 0 0 201 201 178 255 138 255 0 120 68 70 230 0 131 224 234 0 255
    21 195 168 40 203 197 53 59 96 0 144 0 248 18 0 135 0 87 124 0 54
    255 99 255 0 189 101 8 0 101 92 237 91 236 255 127 0 255 42 255 234
    205 192 255 53 24 255 133 0 156 159 0 255 36 255 161 0 255 217 37
    185 124 87 111 0 255 112 9 51 0 46 212 38 248 56 255 0 0 25 119 66 0
    222 95 120 0 255 126 118 244 223 49 0 53 255 168 0 33 108 0 255 172
    60 0 242 53 19 113 0 255 0 0 205 0 255 125 89 198 175 255 217 103
    255 248 146 0 219 0 0 249 201 255 0 0 0 137 255 130 238 13 67 20 208
    255 255 189 0 94 222 16 247 0 255 35 255 157 0 120 233 176 55 18 158
    101 0 0 0 252 12 0 255 155 240 255 24 112 183 0 54 159 0 115 50 0 0
    94 120 139 138 251 0 255 123 255 83 42 121 0 51 69 0 0 211 6 0 90
    238 0 74 254 76 95 164 187 190 26 0 10 175 250 30 255 0 192 255 255
    0 26 0 0 151 80 0 255 175 255 255 204 255 126 255 136 216 255 131 0
    134 64 97 198 255 255 0 255 65 0 22 255 239 0 11 229 255 12 63 0 0
    167 129 0 60 255 255 0 255 199 203 255 25 252 2 190 55 95 117 255
    148 0 255 255 0 216 187 255 238 25 120 226 108 10 116 51 49 253 230
    118 0 0 177 21 135 245 106 53 176 189 217 255 27 7 0 184 0 0 108 99
    255 164 255 192 189 84 0 98 255 161 123 95 255 0 208 105 0 158 0 255
    255 255 39 143 178 174 221 13 208 0 197 121 0 174 202 148 138 83 0
    182 230 255 49 208 98 90 26 179 220 240 219 242 181 255 81 168 238
    255 0 108 240 255 0 255 16 255 181 244 36 16 0 92 204 106 0 50 255
    32 232 255 18 0 61 255 0 0 255 1 101 116 181 0 183 93 255 226 154
    205 49 252 199 49 146 255 0 216 0 15 48 127 126 255 255 1 119 255 0
    126 55 255 154 21 234 0 0 18 255 152 255 255 255 43 248 255 157 15
    216 0 216 255 107 216 255 76 14 48 255 0 222 213 0 43 238 135 192
    180 22 0 72 250 0 122 0 185 59 0 34 0 201 174 15 109 255 178 0 255
    91 31 244 234 255 6 225 39 168 48 219 237 105 143 219 255 215 217
    190 20 0 255 78 92 128 63 131 140 2 255 255 160 237 0 255 242 255
    255 255 255 255 255 12 255 0 0 42 255 255 186 166 136 255 255 219
    132 255 89 136 0 255 0 0 252 158 253 255 178 0 134 255 222 173 151
    153 120 0 255 255 0 240 255 91 192 0 210 209 0 64 158 21 0 255 133 0
    57 255 255 0 255 185 0 72 188 54 132 40 0 88 65 165 50 71 255 197
    255 214 130 0 255 130 255 255 255 95 185 0 143 23 0 255 0 64 255 93
    96 220 170 255 139 197 213 120 128 0 77 0 212 255 159 76 255 99 146
    0 0 7 97 116 60 255 0 187 209 34 88 32 255 128 247 124 184 255 199
    166 0 43 0 179 159 0 253 240 179 126 255 19 22 0 243 200 99 0 62 17
    85 37 88 255 0 23 98 59 6 230 143 0 151 84 99 255 0 155 127 217 83
    185 0 137 76 236 6 255 56 240 100 0 255 213 0 255 90 0 202 0 0 137
    34 255 181 0 75 0 192 50 206 146 89 255 255 124 195 169 220 0 224 95
    158 17 255 255 125 255 176 0 206 60 7 255 239 0 191 0 226 255 0 255
    14 73 66 0 84 122 73 255 255 166 222 161 88 52 0 54 90 224 53 242 0
    92 89 41 105 124 0 0 255 255 255 9 35 255 44 251 60 144 179 255 0 37
    255 0 0 41 79 255 0 191 157 0 211 255 222 255 189 255 61 82 244 108
    98 8 159 0 0 0 161 72 0 57 255 170 255 198 0 203 0 0 70 104 58 0 235
    106 125 199 135 212 64 177 255 225 95 3 99 96 162 253 247 163 32 107
    248 235 0 124 255 0 123 255 255 121 123 161 255 255 50 119 92 124
    112 0 255 0 255 0 0 189 0 22 0 194 255 0 72 0 139 99 0 0 0 223 1 255
    255 0 144 255 0 86 0 0 119 0 0 103 255 0 153 246 90 255 0 0 126 161
    0 219 0 247 0 255 191 0 180 0 0 0 255 15 1 230 255 5 118 255 102 0
    49 255 0 255 0 255 0 0 61 151 200 255 255 191 0 0 255 0 23 255 255
    191 90 57 31 0 0 47 241 219 188 0 0 0 137 50 171 0 7 0 111 0 49 158
    255 24 250 118 84 226 200 36 255 133 0 15 113 65 125 176 50 204 64
    32 255 166 33 0 99 130 45 255 162 255 158 217 0 16 177 219 255 255
    34 230 255 135 0 255 0 138 237 133 255 0 197 255 88 0 0 225 0 124
    219 255 0 115 59 90 28 251 189 255 170 0 255 93 0 0 0 99 255 0 0 158
    0 81 182 255 255 145 0 49 218 0 66 157 209 175 107 0 183 195 64 99
    255 93 109 220 0 235 0 255 0 231 87 0 75 129 0 219 161 0 255 153 137
    6 0 180 98 192 97 10 219 0 155 190 0 102 139 0 151 0 156 7 103 255
    93 229 255 0 92 103 255 0 14 196 0 121 49 170 0 0 25 197 224 0 105
    197 100 11 89 255 85 225 215 0 141 188 115 0 0 79 217 0 66 69 17 0
    101 73 241 217 148 209 6 255 255 148 200 255 255 215 239 217 255 151
    0 255 134 0 0 0 0 217 0 141 161 176 153 233 113 42 0 214 244 109 163
    162 237 245 0 255 120 0 30 77 202 255 59 0 255 253 81 218 137 115
    196 255 203 49 63 6 255 0 187 155 232 94 221 214 0 68 255 255 218
    107 0 49 255 105 146 45 0 221 0 202 156 0 132 0 200 0 238 207 250
    134 101 0 74 155 255 0 245 255 0 24 137 200 247 211 20 255 231 192
    49 255 0 249 44 154 168 0 0 134 255 255 208 200 0 32 244 0 247 0 207
    0 30 46 98 0 208 127 9 0 149 35 122 255 143 255 221 107 255 255 39 0
    37 0 0 74 0 128 85 255 243 0 0 176 90 162 0 255 223 255 253 112 195
    0 167 0 0 255 0 200 200 145 109 26 231 238 194 218 193 255 255 0 255
    236 233 201 232 0 74 220 39 255 249 191 0 255 135 93 220 0 238 167
    147 66 0 243 180 80 0 194 135 0 192 93 255 64 255 135 255 255 163
    114 249 221 255 213 255 144 101 233 84 194 132 172 194 255 38 255 92
    60 213 124 255 176 255 255 200 229 237 0 7 54 0 118 213 255 99 255
    127 255 232 92 215 255 0 229 165 255 31 17 164 255 118 0 0 101 0 0
    255 253 0 127 255 70 255 255 24 41 96 176 98 4 62 138 0 119 29 255
    78 0 227 74 142 255 255 255 100 255 198 129 0 120 138 67 55 0 205 0
    255 255 255 49 74 70 0 123 0 0 0 0 231 207 53 107 226 49 246 0 96 13
    236 255 255 223 174 145 255 226 0 0 0 0 167 255 0 189 0 0 18 181 0 0
    255 140 0 0 0 0 150 46 0 255 255 255 200 247 255 226 171 255 50 255
    243 37 223 74 0 76 0 255 102 239 61 0 218 0 33 54 255 14 232 46 187
    142 61 140 239 255 31 105 209 110 186 0 99 0 122 0 128 0 255 44 60
    251 57 75 101 0 70 255 37 0 6 255 0 134 126 121 184 0 0 0 191 175 10
    43 255 124 176 248 255 176 88 178 29 13 237 13 255 255 0 0 169 198
    91 220 0 255 95 169 243 23 105 132 237 0 57 133 74 46 50 39 0 144
    243 255 0 255 35 0 188 36 206 213 0 111 255 122 87 245 227 122 29
    242 217 0 134 255 255 0 156 0 105 250 75 0 0 255 37 66 253 56 104 23
    0 149 0 173 255 101 75 21 130 255 255 76 100 0 176 116 234 246 72
    153 185 109 255 36 255 255 3 0 73 58 0 180 134 182 27 160 233 190
    232 85 171 0 255 137 231 255 156 70 223 255 32 247 56 233 43 59 115
    231 255 0 0 255 148 128 0 231 152 78 63 255 67 185 123 255 0 5 255
    78 255 255 176 44 151 237 0 46 108 125 66 0 0 255 172 0 224 149 0 0
    97 5 60 224 143 117 72 177 202 101 248 65 255 169 255 255 203 255 78
    214 0 236 180 199 229 120 0 255 21 2 255 78 205 255 23 0 193 131 235
    60 22 255 0 0 134 197 64 0 103 255 42 156 188 255 204 255 126 255
    255 164 0 19 255 50 118 216 255 112 56 255 170 188 0 0 71 43 221 36
    0 174 151 255 255 255 175 83 255 19 168 86 0 112 80 255 157 103 148
    189 0 148 205 153 240 0 39 185 110 83 122 255 138 255 231 0 197 214
    90 221 65 125 120 38 234 255 213 0 0 133 233 2 0 223 0 0 0 233 160
    90 0 36 255 0 46 37 0 255 0 255 255 225 255 205 189 0 0 0 253 0 0
    255 0 0 255 132 0 210 185 255 163 145 254 255 167 0 26 51 131 255 48
    197 0 0 46 129 0 93 255 255 255 16 188 155 0 239 9 227 6 0 13 88 0
    255 169 5 0 131 59 255 68 196 255 153 0 0 255 228 100 215 66 255 241
    165 217 27 191 255 255 255 255 0 0 4 238 64 173 127 255 0 0 0 0 140
    132 158 62 242 125 59 40 137 0 71 208 255 100 110 237 0 152 255 91
    255 0 128 213 255 93 153 151 109 109 220 44 215 78 232 163 203 233 0
    255 21 0 0 0 255 114 148 128 152 93 243 236 18 0 109 197 61 230 32
    190 0 70 0 255 101 26 187 255 64 239 141 47 68 203 165 74 0 14 0 255
    111 56 255 0 255 138 0 24 255 182 0 4 36 226 60 132 113 43 0 44 1 42
    105 129 9 0 124 169 21 255 255 255 36 0 128 255 74 0 0 96 0 174 0
    121 231 0 0 145 0 255 230 0 42 165 255 97 8 187 240 73 255 10 255
    237 188 0 32 215 218 44 122 146 71 255 104 158 0 232 86 0 255 24 227
    246 132 171 255 124 24 91 209 165 81 103 21 255 169 126 103 0 103
    192 153 227 255 255 0 0 201 255 255 255 2 64 255 0 211 30 187 91 0
    173 0 191 141 91 198 255 0 32 153 21 150 66 0 255 104 0 12 255 228
    255 144 0 189 113 229 43 188 38 0 71 159 83 0 255 81 255 255 120 188
    223 235 255 255 30 163 250 54 231 255 255 0 71 83 232 28 149 155 57
    255 171 0 255 68 255 93 123 62 125 148 36 0 255 186 62 225 255 4 255
    58 36 34 35 19 34 170 102 16 0 100 0 0 0 69 252 18 255 255 204 24
    201 255 255 223 200 38 217 0 0 143 9 122 0 0 0 0 71 255 25 222 103
    197 0 92 208 0 255 203 200 132 188 251 197 175 67 104 0 8 255 0 176
    70 177 65 255 185 147 166 25 0 0 128 0 255 21 4 67 192 148 71 23 74
    255 0 0 0 0 177 165 230 109 0 255 255 39 95 255 127 0 0 128 101 59
    255 0 255 255 248 255 255 232 255 10 101 204 61 0 190 103 139 255
    255 64 246 0 192 227 6 0 57 242 154 0 255 240 0 255 136 0 216 255
    201 255 190 0 81 0 14 164 84 255 255 167 135 0 255 80 255 0 167 129
    138 255 0 213 0 63 9 255 255 255 255 255 116 255 42 48 255 154 89 27
    255 0 30 255 0 0 0 219 0 100 69 181 228 234 41 76 94 176 149 82 74
    204 0 164 87 249 168 14 0 67 255 0 205 229 55 205 23 0 226 0 0 64 0
    64 0 230 108 65 234 0 170 161 172 35 0 226 205 121 113 255 20 0 76 0
    0 84 255 55 41 36 103 225 221 90 0 128 24 228 0 34 32 100 109 244 73
    240 0 99 254 190 76 159 35 241 81 255 54 174 0 0 155 255 214 235 109
    255 127 42 184 46 0 251 7 137 87 255 255 255 105 195 87 32 100 255
    113 94 81 0 34 186 255 253 0 230 150 216 231 255 0 169 90 94 197 119
    54 253 95 255 0 61 27 230 0 255 0 0 144 184 5 0 176 210 191 46 121
    196 255 0 0 82 109 255 242 210 208 5 119 0 0 241 0 238 82 0 106 0
    245 12 255 238 0 212 151 255 181 24 104 0 4 142 0 255 174 50 126 60
    20 35 16 255 30 133 255 255 0 255 49 181 118 32 95 178 255 255 45
    239 104 255 180 253 255 229 165 255 167 249 44 104 255 31 0 0 255 55
    26 0 154 237 255 20 255 89 51 255 0 234 185 0 44 0 230 255 83 111 93
    255 255 8 227 105 48 115 114 0 255 11 7 244 0 157 255 204 189 255
    136 0 235 255 255 0 255 255 227 242 52 74 253 137 198 184 0 220 239
    46 0 0 255 59 154 0 127 255 0 255 102 232 3 89 2 221 216 16 0 213 0
    142 70 50 255 54 152 255 99 249 255 255 113 0 20 29 168 161 255 144
    199 255 150 173 255 125 0 59 123 156 255 255 0 247 41 255 91 85 255
    255 73 255 255 255 157 23 255 0 4 255 255 11 7 17 53 255 134 0 215
    255 0 56 255 0 151 255 255 6 123 0 100 105 90 0 72 255 53 211 0 42
    137 71 255 0 255 255 177 128 255 255 255 51 75 152 45 0 37 0 204 195
    209 255 137 78 255 82 255 165 212 0 251 0 255 168 0 196 84 96 255 91
    255 248 255 255 251 114 181 0 207 255 17 232 164 49 142 163 19 0 130
    16 0 26 46 132 0 84 238 138 93 0 255 125 51 0 0 0 0 42 97 254 255
    244 187 160 143 179 43 231 83 30 47 25 95 255 0 0 255 134 62 255 192
    255 83 5 255 93 227 255 30 207 255 22 100 255 255 255 159 31 255 228
    255 255 32 33 115 255 220 255 12 173 89 207 255 81 118 73 255 9 208
    255 0 0 255 0 255 208 97 9 0 0 169 243 255 255 45 97 255 0 255 179 0
    20 173 255 141 255 83 171 135 172 0 198 200 197 229 251 186 196 255
    109 62 8 0 195 229 22 8 202 200 0 131 110 240 177 94 10 0 0 0 255 0
    0 90 0 33 24 94 7 255 246 69 198 208 20 0 255 0 255 0 0 184 0 154 22
    43 17 170 36 0 0 0 255 136 255 29 243 213 174 156 22 22 245 178 159
    16 27 12 238 235 150 250 139 255 255 124 58 255 255 255 103 255 255
    255 0 255 241 141 151 33 92 234 234 0 0 189 204 255 196 35 0 255 200
    0 32 193 159 145 0 0 33 0 128 255 194 255 27 0 0 0 192 28 255 255
    190 69 11 175 30 184 0 132 255 144 248 0 0 237 78 34 181 252 255 255
    166 221 0 215 158 0 57 0 170 0 156 6 246 69 211 3 215 255 191 146 0
    10 144 0 220 151 228 78 255 32 138 184 127 255 137 255 0 160 37 239
    30 255 255 230 129 68 32 255 0 255 219 11 216 8 255 98 153 205 106 0
    14 238 169 235 202 255 244 65 255 34 184 172 113 181 255 181 0 255
    131 0 0 160 146 0 255 255 176 2 0 115 0 255 255 129 249 255 255 74
    39 184 92 255 255 255 37 255 174 255 74 246 255 3 235 20 255 215 213
    233 27 0 38 0 0 77 180 0 197 255 118 132 84 244 244 55 255 63 0 0
    196 163 115 159 233 30 96 49 255 104 157 124 73 169 116 118 255 14
    255 31 0 201 186 104 140 17 114 0 41 30 20 56 53 236 199 117 250 0 0
    44 213 255 178 182 5 80 204 26 161 130 255 168 43 21 0 224 7 0 174
    255 255 42 112 255 33 232 255 185 255 255 255 211 234 223 255 68 230
    195 253 229 144 255 220 132 255 238 12 38 221 204 6 107 255 237 217
    247 161 255 23 255 255 109 9 0 0 77 63 0 255 228 93 255 125 0 156 60
    204 0 187 0 1 19 204 2 173 185 178 0 93 255 207 0 233 129 163 0 255
    255 228 126 67 100 99 0 255 255 127 132 208 147 255 159 255 255 113
    242 121 0 147 255 0 0 29 148 246 255 130 0 69 0 248 81 255 71 226 0
    0 74 43 255 224 189 255 96 71 150 95 3 225 0 0 255 0 199 172 0 107
    127 215 255 90 180 86 255 250 255 100 0 85 255 149 255 23 213 143 1
    134 33 0 12 126 120 105 219 208 26 0 255 167 136 96 255 0 0 107 90
    90 85 136 71 255 255 19 222 255 0 85 255 0 255 132 0 0 255 6 10 229
    255 14 255 0 114 6 128 115 154 23 61 216 190 72 0 255 255 164 71 255
    181 184 57 255 0 127 228 0 0 255 0 9 206 0 255 70 189 142 92 0 0 105
    174 155 7 45 0 255 234 0 255 151 138 99 17 255 150 8 221 255 255 166
    2 115 93 0 118 255 6 0 40 255 255 127 255 255 0 209 255 0 255 0 21 0
    0 90 206 0 0 134 0 203 244 0 255 0 12 0 142 0 236 255 255 192 198 87
    255 158 255 255 255 0 228 209 255 29 125 144 255 248 0 237 93 0 0
    190 0 141 154 119 243 233 85 125 0 121 216 255 202 255 255 255 176
    50 0 0 0 0 181 255 86 150 44 0 99 0 0 0 202 1 207 0 66 255 0 106 0 0
    7 255 222 255 247 214 255 99 109 133 255 185 206 8 255 0 78 212 152
    142 255 75 16 208 255 255 26 168 255 101 255 0 95 255 232 4 205 9
    255 106 47 159 0 83 143 251 198 255 0 241 0 45 69 255 0 26 13 129 0
    229 171 0 227 0 0 89 191 84 40 255 0 87 79 52 0 110 0 93 131 117 0
    60 125 114 0 123 185 0 244 149 0 0 249 69 33 255 72 95 255 95 166
    255 148 0 255 255 40 94 220 0 20 0 0 0 56 132 255 147 234 255 189
    145 0 217 18 0 78 5 56 82 155 52 134 24 255 61 186 255 180 143 0 1
    255 226 51 225 49 255 178 206 27 109 194 0 0 167 255 136 156 255 95
    239 0 0 255 81 0 24 255 255 0 58 208 181 130 66 255 0 221 255 53 65
    249 122 255 255 164 251 21 249 248 255 116 255 255 0 255 255 166 0
    255 227 0 255 136 148 116 250 0 0 255 56 0 255 13 187 0 162 0 15 255
    50 77 59 0 127 0 0 174 6 164 211 146 16 24 151 72 117 12 0 255 3 40
    0 0 69 206 100 40 0 255 0 62 58 136 0 245 0 0 0 255 255 235 255 221
    255 63 206 255 142 242 0 0 17 0 0 231 151 0 48 143 105 0 0 255 147
    226 20 116 75 238 132 0 13 110 74 67 147 135 0 136 0 240 255 199 142
    0 59 255 176 94 255 0 0 153 255 212 255 174 70 41 255 255 41 127 255
    20 255 45 212 255 147 255 255 214 255 154 82 0 92 166 91 255 104 100
    255 18 255 32 0 255 0 145 82 0 222 238 0 0 0 0 208 86 244 130 0 104
    186 142 66 92 255 184 248 255 89 255 91 72 187 128 255 71 255 235
    105 255 128 197 211 207 255 111 255 138 110 173 10 201 0 195 197 69
    0 0 210 255 255 0 41 76 35 160 223 0 187 252 0 208 7 47 123 52 255
    56 163 233 255 217 0 255 220 17 149 152 137 251 0 25 255 255 163 160
    128 86 255 102 255 249 180 41 88 140 160 164 255 60 132 17 0 0 255
    117 245 255 0 0 133 248 0 101 0 255 205 124 80 28 248 4 202 255 140
    201 126 0 106 177 255 0 98 0 82 111 194 0 78 237 0 200 69 169 30 231
    176 135 193 255 255 194 168 207 145 0 0 0 194 0 80 0 0 72 253 221
    103 125 255 235 77 0 58 29 39 0 216 0 89 94 38 248 72 255 0 45 25
    255 19 151 202 114 255 37 201 255 255 33 37 66 75 106 223 255 208
    255 25 255 182 248 153 0 255 117 200 0 0 112 255 137 0 245 255 55
    110 73 247 131 0 129 211 213 227 112 115 0 165 255 194 255 0 69 255
    255 74 110 60 95 79 174 0 0 142 179 170 139 9 255 174 43 162 8 139
    216 76 183 14 255 58 163 68 71 172 58 14 0 255 255 255 69 136 219 0
    24 252 255 235 255 4 10 48 0 0 236 0 0 3 156 43 132 43 255 95 0 36
    255 36 255 0 67 146 241 0 34 172 3 236 73 255 89 84 255 34 190 215
    82 102 158 211 255 255 141 46 236 221 255 236 255 255 128 170 50 88
    255 37 64 255 188 255 255 213 0 200 66 66 219 0 150 0 164 95 137 255
    148 247 92 94 235 40 0 255 116 0 199 255 219 0 89 27 146 31 221 0 0
    255 168 255 0 0 11 60 0 218 100 0 183 255 137 255 0 255 255 0 255 0
    215 232 0 91 0 114 0 255 103 177 255 39 28 152 255 52 117 255 255 57
    238 107 117 59 20 255 0 249 255 0 66 35 255 0 255 130 255 255 3 131
    45 44 255 37 175 0 223 185 0 0 0 182 118 162 165 182 139 0 255 0 0
    186 247 52 204 52 234 0 255 31 0 167 195 160 124 16 49 165 255 118 0
    129 255 0 43 107 161 21 0 194 76 242 37 255 236 51 175 226 0 155 0
    241 255 24 251 0 89 31 0 0 0 75 55 126 240 89 169 0 255 117 122 0
    233 209 255 255 248 174 20 159 15 255 127 0 102 191 201 0 53 1 190 0
    70 255 3 248 192 192 42 255 93 255 220 49 186 92 120 102 237 108 88
    255 77 112 74 143 38 64 183 235 0 135 0 43 49 161 255 246 102 255 0
    109 255 255 195 0 0 98 80 164 191 255 0 140 104 0 0 255 253 138 0 90
    39 0 248 0 144 96 243 255 188 231 214 0 0 2 174 255 222 0 190 146 0
    255 19 255 255 73 255 224 45 184 102 116 167 253 55 255 255 240 98
    234 255 68 45 0 255 255 0 255 0 92 255 178 179 255 255 0 255 255 181
    27 255 231 78 167 105 2 38 226 154 243 255 255 255 255 5 121 64 64
    107 210 25 224 67 93 255 141 0 194 255 255 85 139 255 255 0 0 79 255
    104 33 82 0 193 0 255 0 255 120 255 0 246 237 237 161 124 150 180 7
    0 115 0 83 4 176 40 209 80 246 223 92 33 214 179 96 90 173 255 255
    165 202 172 0 227 0 102 0 155 210 0 255 164 255 160 50 215 0 36 147
    3 5 170 133 0 0 255 20 137 219 51 213 106 85 158 255 61 0 255 116
    234 104 163 149 180 0 143 100 0 0 228 112 255 133 147 200 184 255 0
    125 140 60 255 0 146 190 229 0 177 138 227 17 255 208 115 81 120 9
    255 0 30 255 44 246 183 180 255 219 255 220 255 0 195 164 119 60 255
    234 246 5 73 103 65 0 0 92 237 209 0 122 0 255 210 134 176 8 255 255
    171 65 0 0 255 213 21 143 179 247 255 0 255 34 47 158 255 255 255
    203 255 89 255 0 50 114 250 0 178 255 7 109 12 195 61 182 20 148 38
    15 96 0 83 158 94 39 199 0 19 255 252 12 14 255 84 136 227 33 18 19
    0 84 134 35 0 232 124 60 55 255 0 0 48 186 69 132 191 255 125 156
    255 0 255 255 19 255 150 103 197 90 245 0 106 255 194 14 53 255 0
    255 37 0 54 255 22 0 206 135 70 0 0 142 63 0 255 255 163 0 255 139
    95 207 14 70 23 252 54 171 35 77 0 184 0 0 255 184 226 157 255 177
    208 255 15 171 15 255 43 105 22 0 240 0 92 57 223 118 109 0 236 83
    24 96 56 124 120 143 0 0 93 163 201 255 77 161 79 255 235 62 255 155
    64 224 178 0 255 3 8 162 0 255 224 144 118 70 242 0 255 35 20 255
    153 174 255 242 0 0 0 176 55 0 255 255 190 82 192 255 255 230 0 9
    141 201 223 55 81 48 47 41 217 255 194 192 0 0 252 0 233 138 154 22
    0 102 64 255 255 0 144 133 168 11 0 82 0 71 10 115 120 143 215 255
    84 190 255 255 95 190 255 21 255 244 222 0 227 18 182 14 255 239 55
    140 78 87 237 0 201 0 123 195 97 0 203 255 187 0 199 141 255 103 173
    255 0 255 255 16 124 160 74 21 182 107 202 102 146 166 105 206 248 0
    255 0 255 3 136 233 87 17 74 0 188 41 188 230 41 255 85 87 255 180
    255 0 255 109 0 230 147 0 18 253 221 0 157 17 35 255 220 0 247 0 98
    10 0 255 157 255 69 190 81 62 0 56 97 0 1 164 248 0 252 248 40 255
    180 211 0 220 95 102 255 29 114 182 119 172 0 0 251 237 159 238 255
    199 150 65 215 255 175 120 255 40 130 94 255 33 54 255 154 50 255 0
    163 243 0 90 172 255 5 53 255 152 132 255 235 192 126 0 38 255 0 255
    255 11 47 255 191 163 255 81 207 28 196 203 0 0 78 136 251 89 87 255
    171 139 102 0 0 230 0 193 0 176 255 0 0 89 255 255 176 61 0 0 207
    255 64 227 255 255 0 208 113 82 10 246 255 237 218 0 98 188 0 255
    165 255 55 16 82 63 180 92 212 255 246 236 45 0 38 0 0 0 255 232 254
    125 20 88 255 198 0 85 0 108 156 217 197 255 180 0 177 255 115 0 0
    101 246 255 167 238 255 207 193 255 118 255 255 255 160 255 255 255
    149 0 207 221 0 14 255 92 62 255 185 255 1 255 62 65 49 0 112 0 167
    200 90 255 79 0 0 174 0 255 59 159 0 219 255 54 98 0 64 24 160 0 152
    147 3 111 230 135 0 255 36 2 255 255 174 18 91 121 51 255 84 255 164
    0 0 255 0 253 154 0 159 110 97 0 248 19 255 0 135 4 95 76 0 230 0
    129 255 0 198 124 81 214 0 45 129 30 0 50 74 0 210 246 255 21 255
    166 92 87 255 63 221 134 255 173 255 36 255 7 218 254 66 0 167 207
    193 33 174 76 18 158 118 0 121 104 149 78 172 103 12 255 0 79 0 42
    44 0 195 188 153 0 114 241 255 255 96 47 255 201 255 51 115 45 19
    255 22 255 24 204 66 27 193 160 237 180 0 0 221 255 0 0 244 109 60
    235 0 132 255 0 47 119 228 185 67 166 187 0 44 0 83 0 1 229 0 223
    185 237 0 31 142 50 255 255 211 17 158 202 153 110 193 0 179 12 164
    0 255 227 205 0 215 255 0 161 169 0 0 255 255 116 255 0 43 198 66
    226 255 255 0 10 174 8 168 0 255 60 59 255 0 255 0 118 23 0 161 131
    232 163 41 0 141 217 0 255 0 97 199 0 164 140 93 255 0 128 75 163
    255 255 0 188 84 232 210 33 255 255 0 255 0 255 232 0 147 82 0 0 27
    90 102 255 210 0 4 234 160 50 241 208 0 255 0 152 0 113 255 0 238 0
    179 137 231 223 172 255 0 0 190 87 146 232 0 80 0 0 66 93 7 46 0 237
    255 158 223 0 75 255 0 0 255 0 0 163 0 20 0 255 11 235 89 218 78 0
    93 0 19 191 0 91 133 46 162 29 233 63 150 0 212 52 212 255 255 227 0
    221 0 0 71 40 255 115 120 209 193 190 242 226 143 255 163 0 158 199
    255 255 0 134 213 197 254 255 0 0 255 210 191 255 29 76 226 0 161
    237 40 0 170 255 172 76 0 0 0 255 231 255 255 255 255 255 255 92 0
    255 80 20 0 153 0 187 51 0 137 23 255 24 193 81 66 15 63 43 93 125
    27 130 190 255 0 36 14 0 255 0 36 255 157 0 230 255 0 142 226 209
    225 197 250 0 202 123 0 255 255 46 138 255 0 144 232 146 0 161 80
    255 255 255 90 208 255 0 0 6 137 255 255 0 229 21 0 0 87 255 0 0 232
    180 241 109 228 7 237 36 0 0 183 255 121 9 0 100 26 109 167 174 255
    0 0 97 187 255 139 193 255 204 241 216 168 36 0 230 255 116 94 47
    255 136 211 255 255 79 145 39 162 47 174 62 133 231 175 13 12 0 244
    255 206 72 53 251 255 97 255 184 0 61 0 91 142 0 26 255 238 25 255
    132 255 255 255 0 255 151 5 0 255 255 0 255 238 0 118 167 188 159
    255 102 255 255 0 106 0 255 0 0 255 216 0 0 255 44 0 245 255 54 238
    197 0 246 190 0 255 205 0 255 183 43 50 17 192 39 240 255 84 90 171
    98 219 0 175 9 28 255 0 171 43 74 0 29 176 13 71 17 38 255 255 0 97
    255 133 255 0 51 110 27 21 19 89 255 255 67 117 232 135 229 255 0
    244 217 54 66 58 42 74 119 167 60 13 0 220 186 255 54 54 0 255 0 159
    215 0 128 255 182 131 18 230 103 82 253 237 230 149 198 37 255 92 54
    9 199 0 135 5 0 11 240 32 14 255 2 213 216 0 53 235 54 1 0 67 26 75
    165 0 70 109 0 240 245 255 255 0 168 255 100 251 205 255 255 144 33
    0 196 138 255 0 216 55 255 137 255 255 148 66 82 255 0 219 93 0 255
    53 254 25 238 134 65 112 255 129 52 38 207 132 35 122 0 139 139 0 48
    0 255 23 102 255 7 255 255 155 0 120 255 255 255 72 255 0 0 246 0 0
    0 179 107 60 255 219 0 162 84 226 6 0 248 178 0 254 183 255 185 255
    255 14 204 114 255 237 251 0 0 222 2 92 255 33 255 0 94 127 75 0 255
    98 255 255 61 37 255 255 0 255 115 149 122 249 236 51 0 60 196 213
    16 212 18 0 255 226 0 0 169 255 87 18 255 225 0 255 0 169 140 0 207
    0 17 0 0 86 255 68 255 120 4 255 255 169 245 19 0 129 255 0 220 255
    26 235 134 88 0 9 96 0 150 0 255 4 0 0 17 0 255 255 32 145 210 37 77
    0 0 227 40 113 0 255 31 238 194 255 21 101 171 0 31 0 175 152 176
    100 138 0 0 99 0 134 255 255 88 255 19 130 192 142 159 159 0 103 181
    0 255 255 0 230 255 255 255 2 254 124 254 0 33 146 100 255 255 13
    183 134 46 251 99 200 23 207 161 240 13 61 17 252 0 0 12 12 232 32
    140 0 237 0 120 0 255 0 150 191 207 0 77 236 0 182 255 255 209 255
    255 235 245 255 173 175 157 255 190 86 155 255 4 151 161 60 78 211
    75 0 0 78 76 0 0 194 141 92 0 89 255 255 251 255 0 7 209 247 194 196
    236 255 0 241 255 101 170 0 10 19 227 0 255 86 127 90 24 51 244 127
    175 55 0 0 0 95 0 50 73 255 0 175 135 55 154 223 255 89 255 18 183
    97 255 46 179 183 255 80 0 181 225 56 118 46 127 0 158 63 18 127 86
    112 0 234 198 220 154 255 142 255 60 106 255 0 255 0 198 0 255 255 0
    255 0 0 251 118 146 255 255 0 130 255 229 250 0 255 0 75 0 0 215 79
    117 255 255 12 103 0 0 0 0 0 98 111 128 88 0 6 255 217 90 186 138
    255 255 0 53 255 245 17 204 0 255 224 255 255 20 220 29 255 201 19
    107 0 198 50 190 255 192 197 255 65 89 204 132 100 173 255 41 0 0
    182 89 255 255 25 19 0 0 0 88 255 255 163 90 232 164 0 255 0 0 107
    65 207 0 91 177 34 255 235 241 255 124 124 0 208 73 219 122 0 0 205
    255 255 204 0 255 255 255 37 255 255 0 70 255 0 58 188 250 49 252
    214 255 16 200 0 89 255 63 241 255 129 229 177 158 255 239 0 0 203
    255 92 0 0 195 61 62 236 9 49 92 92 208 188 12 255 153 255 203 212
    250 16 255 0 255 0 4 159 206 152 0 255 115 32 132 255 0 255 63 29
    124 255 0 255 130 115 56 69 218 255 226 255 224 218 67 162 255 255 0
    0 177 0 99 147 13 255 221 0 130 251 120 255 222 255 10 241 224 185 0
    159 172 74 57 212 222 12 22 0 108 32 194 255 127 48 109 181 1 134 6
    227 140 0 45 130 255 255 0 253 15 0 50 0 19 52 0 0 50 255 237 0 87
    181 164 0 157 0 57 255 137 0 3 255 27 255 207 68 0 218 255 0 255 66
    186 194 0 11 19 255 0 175 0 0 25 101 255 50 172 212 0 204 97 155 123
    2 95 38 255 0 223 241 30 168 218 1 120 56 0 4 43 141 0 77 85 154 0
    135 225 35 138 0 0 212 158 255 211 34 58 90 205 255 28 0 186 17 20
    105 0 249 201 0 54 236 255 233 17 0 105 202 171 255 188 131 0 255 0
    106 130 214 184 227 182 255 0 71 186 0 255 78 77 75 0 110 0 0 126
    255 255 110 255 255 18 255 0 255 124 0 0 226 234 80 162 88 175 125 0
    255 98 60 153 23 72 238 0 68 194 97 10 2 76 0 255 103 0 124 149 255
    97 12 255 0 0 34 0 161 0 221 0 133 146 0 0 0 120 62 1 14 255 255 66
    255 44 85 0 255 212 255 57 255 99 68 252 255 0 176 108 223 255 122
    195 255 2 122 77 0 190 2 0 3 243 139 155 245 51 0 255 37 237 129 31
    168 207 0 0 80 255 134 0 185 255 0 134 255 255 0 116 0 176 123 255
    104 68 0 255 224 187 255 176 251 255 0 0 201 172 120 0 84 198 221 0
    255 0 87 195 255 205 255 108 65 255 90 0 0 132 171 213 255 242 33 64
    111 191 27 0 0 33 255 255 239 224 132 247 255 37 215 27 119 255 171
    246 255 255 134 117 140 0 255 255 61 255 0 98 56 112 219 72 52 75
    184 159 233 0 242 233 42 255 27 255 255 255 71 0 167 209 74 135 139
    255 22 21 242 255 1 0 0 163 255 198 0 84 178 255 255 255 187 211 0 0
    223 53 0 60 86 34 231 201 0 233 196 41 255 36 255 0 234 17 0 99 218
    0 22 231 0 29 100 72 255 0 255 197 7 235 0 0 0 196 10 247 255 244 97
    0 0 155 182 186 145 255 255 255 0 41 0 255 255 255 229 0 255 255 91
    255 103 169 246 255 0 255 255 0 255 47 210 239 0 0 167 129 0 255 39
    198 134 226 250 163 26 230 21 0 141 10 108 9 216 3 235 251 130 199
    128 83 224 255 184 244 161 116 151 255 25 110 137 255 215 183 249 46
    0 37 3 149 190 22 0 21 2 0 223 212 176 255 23 152 0 0 0 97 245 0 252
    255 93 244 255 253 178 255 255 141 243 85 178 73 102 0 159 255 255
    255 255 164 216 100 150 209 0 255 0 23 0 71 170 152 255 85 0 19 0 0
    0 255 33 222 0 168 19 211 237 255 255 59 105 255 255 0 255 147 33
    255 0 206 255 165 215 255 24 141 143 255 76 120 144 0 237 255 255
    105 223 43 255 21 255 45 255 255 177 255 42 116 255 255 163 0 0 195
    55 0 181 92 160 0 255 130 248 0 0 255 241 0 63 195 60 255 255 0 0
    255 24 45 170 124 124 180 189 97 55 255 243 255 225 255 131 255 56
    117 255 172 255 255 232 205 220 213 143 28 255 128 255 108 0 255 255
    170 255 116 40 97 121 255 216 15 229 255 0 116 198 94 52 100 56 0
    213 199 0 255 0 0 189 228 0 243 0 129 255 158 24 74 249 0 56 215 197
    0 0 0 193 230 255 252 145 43 104 91 64 234 255 109 142 232 179 169
    157 57 0 96 14 9 0 0 168 131 0 14 56 61 33 209 255 179 0 23 135 40
    11 0 67 216 80 115 102 255 205 74 94 0 255 74 255 255 237 243 183 0
    45 196 106 91 129 174 0 163 0 255 151 30 255 124 0 0 255 255 0 74
    199 55 2 0 255 208 0 16 0 205 255 255 0 6 78 69 60 30 133 10 0 201
    143 0 255 4 255 0 0 219 0 1 255 0 111 117 165 3 238 228 40 255 0 91
    75 225 83 0 96 255 219 249 240 35 255 162 3 255 2 29 153 120 164 0
    234 133 0 79 187 38 0 87 156 94 203 50 255 255 0 97 239 185 143 201
    152 255 24 32 0 255 106 39 167 0 108 105 141 77 0 255 255 255 125 77
    218 0 67 123 255 199 180 0 255 121 81 148 177 193 0 120 255 239 143
    0 0 92 131 39 234 191 255 30 0 0 53 0 65 97 237 255 212 255 197 255
    211 208 255 0 238 0 147 129 0 45 35 255 231 255 60 199 0 100 232 255
    9 0 255 54 5 255 150 159 141 181 234 104 168 63 0 121 0 0 153 0 38 0
    255 157 154 14 84 20 18 103 189 0 96 50 84 175 127 236 0 0 4 17 42
    21 176 255 0 0 253 173 191 134 38 49 255 248 59 0 250 101 59 255 233
    239 177 166 0 150 164 43 201 218 255 75 136 255 224 255 0 110 255 68
    0 100 29 24 255 103 182 145 255 147 162 89 255 0 167 112 71 0 0 255
    156 0 255 68 255 149 255 0 0 70 0 112 0 49 255 228 246 4 123 212 236
    180 14 223 255 77 57 0 107 0 0 180 0 0 0 167 255 128 123 120 0 21
    192 255 215 255 255 0 23 74 174 0 255 106 255 255 0 219 0 0 157 204
    255 255 130 0 78 118 0 223 234 0 0 255 10 3 43 92 119 149 106 255
    255 160 245 183 0 255 125 57 26 183 151 8 227 0 255 0 159 255 255
    255 194 156 255 0 0 255 244 255 2 255 0 46 124 155 0 188 120 255 215
    96 255 156 137 58 255 0 103 255 105 177 42 0 255 6 236 132 123 95 0
    206 255 0 118 117 244 76 174 196 0 48 0 255 255 0 0 68 255 255 227
    255 200 32 0 151 253 58 108 46 52 187 229 111 75 131 249 246 241 203
    109 112 196 0 115 0 255 255 0 145 0 220 9 0 255 142 43 4 0 153 60
    225 43 183 8 255 110 204 255 255 199 0 44 169 52 0 145 0 0 160 23 82
    114 0 43 255 149 245 161 255 235 255 255 127 21 93 0 255 129 149 0 0
    69 60 140 28 255 205 0 255 67 9 255 149 0 222 177 161 227 195 255
    144 112 240 4 49 44 91 21 115 0 157 225 47 255 62 7 49 65 0 255 0 7
    237 95 159 255 0 37 0 104 0 80 0 30 125 255 255 219 171 255 255 28
    188 255 0 254 0 206 0 172 255 0 255 98 255 211 163 96 39 255 29 0
    255 62 178 0 138 49 0 255 255 118 255 255 255 114 31 0 0 5 70 0 0
    119 81 255 190 90 134 63 89 180 192 129 14 171 255 175 16 45 0 180
    180 0 255 255 195 2 175 77 41 0 255 255 146 49 242 0 255 0 0 0 201
    39 255 43 182 255 94 231 108 246 144 0 52 255 150 17 102 0 0 142 241
    85 255 216 0 255 0 255 161 65 117 90 156 255 0 255 25 197 63 126 136
    255 255 32 0 255 105 12 66 0 101 215 0 255 95 235 94 0 68 0 133 49 0
    0 115 0 53 51 255 0 62 128 255 0 162 72 15 255 0 64 78 241 255 180 0
    65 167 62 0 208 124 173 75 0 255 62 120 103 102 255 52 195 0 255 0
    17 152 208 137 174 144 255 0 62 65 0 255 142 58 143 62 182 149 255
    83 176 57 0 255 82 255 90 0 0 255 165 32 245 255 255 82 226 116 251
    0 142 0 0 246 37 255 202 231 95 0 143 133 218 125 183 239 205 84 255
    71 144 255 207 201 255 241 0 195 255 118 15 0 0 226 255 0 221 70 255
    215 108 255 41 146 0 29 149 246 220 255 92 100 0 0 4 251 71 217 0 0
    0 190 255 255 255 0 2 0 228 47 255 255 143 255 134 94 126 216 153 0
    255 255 215 42 167 0 0 10 22 196 150 184 10 193 22 125 0 59 202 204
    11 0 143 227 58 40 255 34 204 90 2 54 255 102 255 139 139 239 191 0
    134 255 255 0 255 255 0 156 255 156 102 61 82 0 100 204 80 154 255
    170 167 206 135 2 0 65 38 255 255 255 97 37 177 144 195 77 62 255 0
    211 171 255 255 87 107 255 175 255 147 255 31 0 31 42 75 236 138 50
    255 127 183 255 255 129 9 28 48 8 196 240 25 181 160 238 213 0 0 0
    255 82 152 255 121 106 0 6 248 0 172 0 235 0 58 133 55 255 191 0 255
    0 197 0 75 49 255 246 128 83 116 30 50 9 254 0 67 255 255 34 22 220
    32 255 255 0 251 78 34 0 126 249 37 136 20 141 255 231 185 255 255
    51 0 56 101 0 134 122 129 77 179 255 98 255 255 0 0 255 255 255 103
    0 0 99 127 255 0 255 255 31 255 254 255 12 255 57 0 15 103 252 0 51
    255 0 255 255 157 131 12 0 255 205 0 255 15 255 179 255 20 255 187
    255 0 0 0 224 51 234 255 255 167 199 166 255 93 0 79 0 255 237 0 255
    0 255 203 255 196 171 255 255 0 255 0 148 25 223 0 251 0 0 0 147 215
    225 124 18 255 216 39 131 205 66 0 145 28 146 147 19 185 0 125 195 0
    255 0 224 255 0 67 0 255 255 109 122 34 0 0 0 70 90 0 255 255 191 0
    163 30 255 255 26 111 73 239 0 113 0 255 185 0 171 70 129 185 244
    118 140 0 164 207 83 255 203 251 168 0 207 195 142 255 3 255 213 0
    49 255 0 191 249 213 230 255 194 77 72 255 47 0 255 108 255 53 106
    187 255 64 0 237 44 255 188 255 0 167 239 255 255 0 116 214 231 0 60
    62 37 111 26 186 0 32 163 9 255 255 0 133 255 201 119 108 157 57 217
    160 115 250 255 176 187 242 0 128 0 142 0 241 184 249 83 183 43 177
    12 255 80 167 150 136 161 255 255 255 57 94 91 135 255 75 165 223
    113 187 105 0 179 227 255 138 73 113 0 98 11 0 173 149 0 172 255 151
    126 0 14 255 200 147 255 0 208 0 133 168 0 211 0 255 123 174 164 159
    153 117 211 97 65 0 133 255 210 0 58 0 127 211 77 255 221 124 56 236
    0 2 0 233 0 106 0 141 255 124 150 192 244 0 135 50 0 255 144 174 31
    201 131 104 255 255 54 197 209 32 208 0 0 137 218 174 209 61 196 108
    31 205 255 190 193 174 255 255 203 9 169 174 38 252 33 255 0 3 0 136
    155 83 51 0 199 30 0 28 255 0 41 56 205 255 0 108 213 148 0 0 194
    255 170 191 255 163 255 255 0 86 150 0 171 26 158 73 0 148 8 138 99
    255 77 236 233 0 101 157 0 212 179 0 0 0 52 255 90 211 215 76 226 0
    248 0 42 176 225 188 255 216 176 153 18 40 255 255 0 255 214 105 231
    234 0 0 11 0 255 255 0 10 31 123 90 0 0 255 0 0 255 30 8 106 255 150
    26 0 255 250 161 255 140 34 255 0 189 106 0 46 230 255 167 189 135
    62 24 200 254 122 181 21 255 255 110 255 101 13 183 147 255 255 51
    64 0 255 7 109 115 255 88 0 177 255 0 0 33 255 4 13 188 122 255 157
    29 182 127 152 255 117 145 169 71 21 0 0 255 0 255 0 0 155 0 86 116
    19 153 158 255 11 29 240 0 36 135 255 94 1 0 110 210 32 255 159 0 0
    125 181 138 182 25 255 119 0 144 255 20 163 0 54 25 231 255 80 86
    176 103 65 0 255 0 100 255 254 255 26 130 13 255 0 0 0 237 246 99 69
    55 0 138 242 82 76 255 255 67 251 140 82 136 255 41 0 255 11 195 125
    0 246 212 168 255 245 12 248 0 97 0 42 52 45 255 255 255 71 0 0 255
    0 233 255 0 255 194 255 39 21 211 207 0 0 203 50 255 48 214 201 234
    255 0 147 0 255 255 163 255 157 0 146 51 0 248 85 139 0 149 55 0 109
    255 234 109 158 58 51 255 212 51 255 58 255 104 0 204 217 136 255 0
    173 255 0 91 241 216 0 16 24 183 111 86 230 255 99 255 233 149 89 0
    0 255 227 250 255 255 0 255 245 66 255 43 0 252 255 0 244 190 0 2
    159 249 173 255 94 198 134 0 255 136 154 0 60 255 255 0 54 190 0 109
    0 185 255 216 0 30 255 145 102 94 0 255 138 0 192 255 138 205 44 11
    47 23 15 26 215 182 0 117 214 82 129 69 255 0 255 172 0 64 0 108 9
    234 249 109 0 202 10 208 177 243 0 30 178 31 237 113 255 137 0 117
    150 91 0 206 248 119 0 48 10 0 16 0 0 255 44 0 145 255 255 0 0 127 0
    140 48 118 36 0 255 246 194 153 59 0 203 227 237 0 89 255 178 255 22
    117 180 121 57 0 0 204 255 0 0 3 77 118 0 0 11 255 0 0 189 190 241 0
    254 65 31 255 234 187 0 255 156 0 67 0 0 255 102 240 87 235 224 173
    211 0 153 254 255 255 255 71 255 252 29 0 194 101 0 14 46 66 18 153
    0 178 147 41 255 232 0 126 102 255 2 255 255 0 0 9 28 77 148 2 255 0
    0 238 255 0 26 179 27 32 9 255 255 174 96 62 0 36 0 255 255 206 255
    255 93 255 118 48 179 255 204 94 255 229 255 86 255 255 183 255 219
    163 6 108 121 255 0 252 0 46 49 255 250 0 192 237 0 255 255 143 56 0
    151 86 255 249 255 206 0 141 214 117 126 72 64 0 255 65 28 33 21 177
    149 87 236 39 30 98 255 0 138 139 0 0 255 50 255 9 255 116 184 226
    37 151 5 255 218 5 255 243 248 255 255 172 0 181 0 255 196 189 255
    53 0 159 213 255 108 0 106 53 217 114 255 71 8 6 29 234 89 255 218
    115 214 255 214 0 139 255 255 128 105 0 255 6 155 8 0 72 100 196 255
    234 0 25 217 122 0 0 110 0 0 197 252 132 205 6 89 166 255 201 31 180
    145 0 122 63 0 77 145 233 76 51 255 142 0 204 255 255 0 0 74 96 202
    76 208 245 255 106 145 160 51 0 123 0 94 136 144 255 72 98 236 120
    167 23 100 196 18 0 110 255 225 255 255 0 60 255 90 85 255 0 218 4
    255 255 115 192 38 97 9 81 46 14 149 31 0 0 255 255 35 63 207 234
    130 255 219 0 157 37 199 255 55 235 80 136 0 170 196 255 0 174 244 0
    255 97 0 111 58 245 255 0 76 92 255 0 172 255 255 255 174 255 255 53
    0 167 255 0 56 99 197 15 59 147 87 0 63 0 0 0 7 107 171 58 137 38
    255 0 96 0 0 254 205 252 255 165 25 0 0 116 3 50 255 105 247 152 0
    197 0 40 0 0 25 237 69 98 255 255 255 104 248 190 255 239 141 255
    133 255 255 0 48 255 141 255 79 255 152 56 255 255 0 247 218 255 0
    206 48 58 199 216 191 0 255 0 69 211 222 192 255 47 255 23 194 0 183
    53 6 255 0 141 0 0 209 82 255 85 162 0 87 255 223 0 16 74 142 65 18
    34 255 248 175 255 111 50 63 72 97 0 9 98 255 152 0 210 102 255 8 25
    201 179 0 255 112 0 0 34 168 117 41 185 255 26 251 8 203 60 0 255
    144 151 0 50 97 255 153 137 255 69 112 255 161 70 255 177 255 38 30
    116 57 19 255 94 0 123 243 0 153 235 255 219 81 255 30 0 255 160 159
    255 38 255 255 50 255 255 0 0 0 37 54 117 181 156 0 39 0 0 77 157
    249 201 255 0 16 255 255 255 255 194 89 255 150 255 39 123 175 173 0
    21 230 34 0 160 100 255 124 48 107 40 255 94 255 44 92 255 133 161
    140 0 0 255 52 0 192 206 92 124 130 81 61 0 32 159 79 156 144 255
    255 15 255 255 0 109 64 0 255 11 226 45 255 0 0 203 24 255 3 121 232
    0 255 255 115 0 199 0 210 145 255 255 255 255 66 0 249 75 239 0 29 0
    90 255 0 55 0 81 0 161 255 148 26 181 140 33 148 129 55 74 92 141
    255 255 195 229 33 255 174 0 52 255 19 28 132 156 83 114 255 181 167
    182 0 158 255 215 0 35 177 243 67 103 0 103 255 66 36 255 255 13 127
    12 125 88 0 255 248 118 57 203 3 78 255 245 231 0 255 8 132 255 255
    188 176 133 255 53 0 86 0 0 0 157 56 109 0 90 22 0 255 234 208 255
    228 0 0 211 40 205 14 255 96 0 255 239 232 0 51 255 255 105 0 211 75
    226 255 143 163 198 255 255 29 246 158 255 31 0 251 121 163 113 122
    221 68 109 86 6 191 157 34 255 0 53 31 217 50 148 126 0 255 208 176
    0 198 173 255 84 155 198 255 255 199 0 187 0 255 78 255 135 255 255
    75 43 0 44 45 255 255 0 0 197 3 149 70 161 0 22 255 0 59 209 0 174
    192 0 1 0 80 0 248 216 102 159 0 71 157 116 0 0 181 162 116 74 112
    70 174 0 255 237 126 115 255 145 149 57 16 212 165 167 233 221 164
    137 14 255 188 74 0 97 81 101 142 109 41 176 245 89 198 41 255 197
    65 110 115 129 0 0 154 245 65 255 250 165 154 0 68 0 0 219 192 122 0
    84 255 255 225 40 0 154 151 16 162 244 83 43 38 36 0 214 0 204 0 255
    0 68 60 255 0 255 255 255 134 58 138 0 82 116 130 228 137 255 255
    159 255 125 246 17 0 161 0 7 89 0 255 255 4 0 12 255 120 162 255 255
    0 19 195 150 165 165 150 229 107 255 207 163 164 0 146 255 79 147 24
    17 177 2 89 202 8 122 113 0 156 212 137 224 255 201 251 255 255 255
    0 105 136 0 53 54 115 115 216 97 95 255 33 0 255 0 0 241 13 111 250
    255 225 255 137 0 135 235 195 74 0 138 255 232 138 99 0 232 99 0 89
    39 203 202 0 0 129 0 190 0 10 226 232 0 86 255 85 15 200 81 255 13
    106 0 158 255 51 255 255 0 129 0 22 238 191 231 255 35 148 149 0 129
    33 248 152 252 58 205 255 255 80 255 70 93 98 255 199 0 93 89 166
    118 66 255 255 255 10 207 255 0 234 132 59 159 193 255 87 108 0 255
    174 18 0 176 37 149 251 205 255 0 27 177 29 31 68 255 0 113 22 255
    15 219 0 144 205 26 176 0 102 255 237 29 255 222 255 148 64 255 255
    0 0 255 0 0 59 255 160 255 38 255 67 255 231 36 255 130 202 0 243
    255 137 9 11 46 0 255 255 255 49 2 81 214 156 0 131 255 0 255 0 129
    76 78 255 255 72 44 114 83 255 65 255 239 255 202 253 235 107 165 33
    0 203 183 242 82 0 24 0 183 255 0 8 189 0 0 74 255 0 0 141 255 213
    255 179 255 0 0 255 0 0 0 32 0 209 0 0 42 70 0 0 255 0 251 25 250 81
    46 72 163 255 117 0 255 7 0 79 60 78 104 174 38 141 0 255 239 255 79
    0 255 255 209 66 255 230 252 108 157 133 147 104 82 248 81 38 24 233
    252 0 114 110 254 66 20 0 22 82 107 0 255 180 0 109 226 254 0 0 29
    11 52 22 203 249 27 66 221 234 115 255 84 0 254 96 109 5 255 160 255
    255 6 25 255 36 18 70 102 0 163 212 156 0 106 136 78 0 255 209 175
    122 207 27 129 0 0 255 200 153 119 169 23 255 177 75 224 218 250 9
    174 207 0 0 198 206 237 0 0 110 74 0 19 12 89 255 0 224 0 10 255 255
    215 28 255 255 255 0 255 67 0 173 0 255 158 98 0 255 255 239 246 255
    249 239 255 120 255 54 7 255 89 91 134 208 255 176 0 0 0 62 218 10 0
    83 97 243 221 128 228 255 255 75 202 244 108 255 200 0 81 53 255 200
    216 201 204 255 255 255 98 0 255 225 247 0 255 191 137 0 59 241 48
    255 172 230 219 81 0 164 20 0 103 207 35 255 0 0 96 255 255 0 255 0
    0 71 255 130 135 255 81 150 0 155 225 17 44 184 60 137 32 255 100
    255 0 57 5 0 20 27 235 47 0 211 43 0 255 0 0 214 0 95 170 139 21 0
    151 255 131 255 255 255 0 255 255 70 218 0 255 0 136 0 60 255 127
    127 0 185 238 78 0 0 206 7 37 111 230 0 121 166 105 224 255 0 3 185
    255 101 192 102 0 225 89 0 255 172 0 255 197 255 0 132 255 255 0 0
    103 244 173 255 241 255 233 155 155 255 59 0 0 182 1 76 209 97 0 145
    63 190 0 32 220 0 0 255 0 0 0 235 81 201 2 220 251 136 255 29 255
    214 200 255 135 255 255 0 205 169 213 0 30 91 130 25 0 165 70 0 47
    241 34 255 0 51 32 0 15 114 0 120 238 147 255 255 138 0 255 133 42
    255 203 0 202 0 112 255 202 222 0 109 88 136 231 255 157 255 35 75
    255 0 255 3 232 216 159 149 157 75 245 0 174 255 0 105 2 255 88 19
    127 0 0 255 235 57 172 62 67 116 0 224 215 9 112 0 255 34 255 208
    201 255 255 46 255 137 199 150 52 222 193 0 241 255 0 17 151 19 172
    0 117 37 226 0 160 0 229 159 142 0 0 236 3 163 225 216 154 50 0 17
    107 255 128 70 69 141 255 97 107 218 13 255 255 34 219 52 142 188 0
    225 49 217 255 0 0 255 61 0 14 60 156 161 149 0 0 208 57 224 255 255
    255 52 0 139 7 5 0 118 247 30 67 201 255 190 231 207 178 23 21 105 0
    0 191 198 0 255 224 216 0 146 255 187 16 247 21 129 0 0 45 200 0 193
    0 201 12 0 168 0 253 101 234 210 36 211 62 162 248 162 255 14 112
    202 198 255 48 255 46 94 0 36 255 0 85 255 255 153 255 0 255 0 116
    211 128 0 70 190 125 47 89 172 0 147 70 22 255 192 255 0 181 99 0 0
    174 255 255 254 255 231 11 24 106 0 77 134 17 0 253 186 226 192 152
    255 205 0 183 189 94 102 0 88 0 255 255 255 62 44 255 191 34 11 255
    155 0 244 0 198 255 177 54 224 42 21 4 246 0 103 0 0 255 127 28 107
    253 127 0 255 255 232 147 199 34 0 101 255 143 28 56 42 197 255 195
    0 163 57 255 251 255 255 55 255 255 225 255 92 32 81 177 255 250 216
    157 232 0 81 204 179 0 0 10 255 0 204 27 11 243 49 128 98 0 148 156
    150 117 182 255 0 156 187 202 255 255 155 0 160 0 28 0 16 230 49 0
    33 67 0 190 47 206 0 168 35 114 255 224 170 255 0 126 71 42 0 0 11
    166 119 112 213 255 0 196 187 69 0 174 180 30 154 0 112 0 145 75 255
    180 0 204 255 236 48 255 110 57 78 20 255 255 190 115 0 166 32 0 0
    71 140 255 114 91 236 107 112 0 255 159 255 206 255 0 32 176 0 72
    102 160 0 0 59 196 234 255 255 186 45 0 255 255 71 255 225 28 255
    227 255 21 0 255 0 219 47 255 255 0 99 0 90 72 72 75 255 0 0 255 189
    32 255 170 28 243 87 255 89 66 255 0 110 255 238 0 148 255 0 153 122
    84 0 139 219 0 255 255 255 254 226 219 168 255 255 0 188 185 160 155
    18 255 157 42 169 0 141 194 0 90 0 170 0 0 137 206 255 255 208 255
    11 255 182 95 0 205 235 0 198 140 53 0 67 68 0 0 81 86 124 235 179
    206 104 34 255 0 6 0 40 0 218 18 254 108 0 0 0 75 32 0 214 168 42
    117 230 255 20 83 255 255 255 32 176 255 170 168 0 255 255 0 120 0
    50 148 37 255 159 198 255 232 0 255 52 112 210 24 0 216 255 15 19 14
    246 255 136 0 185 0 67 175 106 28 255 245 176 17 255 20 0 255 47 255
    251 22 134 42 139 46 255 0 161 255 29 42 255 255 241 139 255 255 133
    255 106 9 156 191 0 225 254 0 81 7 255 180 220 246 254 0 217 255 123
    9 181 123 78 255 255 59 61 174 0 88 97 255 255 29 0 77 34 101 87 0
    49 255 34 255 0 255 90 255 212 0 255 0 0 240 76 42 0 0 234 135 0 108
    255 245 0 255 9 0 117 255 69 47 255 78 238 255 97 255 169 21 246 170
    86 106 122 152 103 73 244 0 13 68 255 142 238 255 255 91 69 221 221
    255 89 242 97 206 0 255 0 20 0 251 40 0 102 47 207 0 25 95 142 0 176
    255 244 35 183 66 202 0 255 0 0 130 224 73 60 255 17 0 0 255 86 164
    3 0 205 2 0 0 113 0 120 0 0 101 0 5 138 203 136 255 255 231 0 166 52
    83 80 36 255 110 199 0 173 0 255 255 118 170 43 165 81 72 44 113 21
    255 103 87 250 176 255 0 255 0 45 255 170 38 0 70 189 239 251 88 24
    4 44 173 79 255 255 0 227 35 139 255 255 38 174 67 33 0 96 0 77 209
    8 255 0 90 16 72 36 114 255 152 153 162 255 255 129 255 255 255 63
    42 0 203 131 255 255 0 137 114 255 96 105 81 21 158 166 133 12 161
    255 255 116 0 213 255 0 212 255 0 86 112 164 254 45 66 50 227 4 255
    255 0 38 0 204 150 48 255 217 208 224 0 17 255 71 65 152 255 0 56
    177 0 228 82 214 0 31 130 255 49 255 178 0 60 235 255 2 22 117 0 0
    74 90 253 197 255 255 89 156 0 0 139 218 255 81 0 0 0 1 170 148 62
    255 125 132 72 0 15 255 4 200 202 22 0 160 208 254 0 255 255 0 0 55
    232 200 0 38 255 0 0 162 179 16 236 240 236 189 191 0 255 244 0 135
    133 255 255 255 0 0 0 135 0 111 133 209 255 255 87 219 51 243 0 91
    180 93 113 152 208 0 238 171 147 255 0 255 151 138 255 150 25 255
    255 51 105 197 93 0 255 129 255 255 0 255 195 0 83 0 208 104 0 218
    63 29 82 255 0 0 0 200 220 94 0 0 0 202 0 35 255 255 4 137 255 136
    151 230 2 80 0 0 84 34 60 174 133 250 81 29 255 255 103 255 216 57
    176 38 255 0 199 255 82 110 52 0 120 147 101 159 66 255 180 124 164
    0 252 27 53 80 193 199 4 233 0 201 249 59 0 60 255 80 59 0 70 6 255
    58 255 198 0 164 235 178 255 108 139 0 110 0 0 236 255 161 122 255
    43 183 0 255 2 102 35 144 178 0 110 255 0 236 255 109 0 255 25 255
    255 255 0 99 0 150 200 192 192 0 123 72 204 189 148 255 217 55 127
    173 174 70 219 0 170 0 177 216 0 0 0 150 0 6 0 255 255 140 246 225 5
    255 77 126 21 255 121 170 164 0 196 110 255 62 0 218 98 255 40 86
    143 60 21 255 255 187 0 181 177 0 0 246 255 139 0 95 253 0 166 0 32
    255 46 0 255 194 209 0 78 0 9 8 124 175 142 172 199 0 80 160 31 0
    138 0 48 219 33 94 255 0 107 121 199 139 255 255 0 173 0 36 255 197
    255 101 155 255 255 211 0 0 255 205 69 255 85 114 4 155 15 52 0 0
    152 0 255 254 91 255 6 138 117 0 255 255 0 255 197 0 226 154 0 129
    234 0 125 0 185 255 247 107 0 23 76 193 18 249 106 4 139 203 101 103
    114 0 229 160 35 207 158 0 84 249 165 85 132 199 190 131 0 221 0 30
    0 120 5 106 111 53 255 135 204 135 37 0 144 114 194 224 103 63 255
    130 165 0 168 206 111 110 199 255 128 54 0 246 57 239 96 61 227 112
    0 255 0 143 60 0 30 25 22 0 162 96 255 255 174 214 1 255 0 102 232
    255 138 0 14 109 121 0 0 66 0 255 24 255 72 78 98 82 255 121 255 219
    244 255 41 73 88 86 0 187 255 159 116 118 255 0 211 33 23 255 0 251
    0 139 12 255 13 9 34 14 212 255 6 0 129 255 192 44 146 22 0 172 255
    160 156 61 6 154 137 204 118 177 149 89 71 203 161 244 91 44 236 242
    107 255 0 0 255 0 0 0 216 227 0 214 20 155 245 3 0 255 255 255 0 220
    118 85 248 99 255 0 104 255 0 0 117 255 28 40 255 230 0 56 0 95 176
    255 221 84 86 255 103 255 36 0 236 34 255 221 216 88 65 141 0 186 2
    40 160 192 238 84 208 128 0 203 0 216 96 147 255 144 222 255 0 209 7
    189 167 255 132 46 105 204 191 255 0 106 255 38 6 38 107 255 123 255
    255 187 135 245 7 54 190 11 0 69 230 113 0 0 255 250 5 113 225 194 0
    255 142 39 242 221 16 0 2 193 238 138 255 214 70 255 21 255 41 57
    159 255 0 255 82 21 255 63 0 207 204 0 138 0 255 75 0 166 255 186 86
    0 255 219 98 0 59 155 113 255 255 126 255 255 0 255 0 255 194 0 38
    88 0 255 27 255 22 216 123 64 59 255 0 230 46 150 255 255 48 255 0
    209 247 25 80 145 169 0 21 109 131 255 54 251 150 255 170 0 0 206
    255 44 101 137 226 0 117 165 253 251 148 26 255 10 37 154 169 157 57
    235 0 167 39 128 0 30 5 14 43 204 106 233 125 255 255 13 85 87 199
    255 55 0 244 224 43 2 129 255 41 10 255 252 6 0 177 0 0 255 255 136
    34 112 255 232 170 0 35 255 0 255 0 255 144 255 126 229 0 51 154 183
    158 17 138 206 0 155 255 223 128 184 0 0 255 122 0 74 98 137 41 118
    255 128 0 185 255 204 202 144 0 83 206 255 230 65 213 255 255 234 17
    11 162 93 173 254 173 255 255 121 0 85 47 182 0 13 0 119 145 255 125
    0 45 255 2 228 52 181 52 12 255 255 133 132 249 255 94 86 255 105 23
    96 255 112 124 0 255 250 213 21 255 44 211 20 22 155 59 56 167 0 0
    255 255 50 189 0 0 8 83 81 0 122 102 0 0 62 255 0 255 214 211 142
    255 106 0 255 255 0 0 111 255 0 255 255 4 0 255 255 228 50 0 255 51
    174 184 0 255 185 190 81 87 44 74 0 47 112 50 174 0 93 183 0 217 0
    77 255 255 255 116 32 146 162 93 89 1 57 255 255 255 242 63 255 176
    106 255 201 181 87 231 21 198 0 255 0 86 139 255 7 0 223 161 27 0 99
    214 248 184 45 0 247 43 168 138 75 76 115 0 0 255 218 48 152 255 0 0
    255 255 214 180 255 214 73 0 163 0 0 18 0 37 111 241 74 185 255 156
    239 255 107 20 200 118 27 255 238 0 147 226 233 203 157 209 255 5
    221 166 0 245 197 187 84 38 255 9 0 0 0 87 255 86 124 239 0 103 146
    0 182 137 218 180 189 255 255 176 255 255 88 248 239 154 72 26 153
    212 99 0 0 0 204 126 134 206 0 200 102 30 189 122 237 144 253 86 255
    34 79 255 0 15 255 146 180 205 72 1 255 202 130 152 226 255 157 0 39
    0 89 255 0 0 58 101 0 136 255 106 0 246 128 143 51 255 199 85 0 190
    239 82 75 115 0 166 206 0 93 107 0 239 211 97 0 226 2 255 255 255
    255 171 86 156 108 64 150 255 47 0 0 102 255 0 255 55 151 88 65 255
    0 81 255 254 230 255 0 173 24 135 13 0 25 0 29 138 0 255 66 42 125
    218 251 90 124 243 0 0 136 0 0 0 255 255 39 255 226 115 255 0 255 24
    255 255 253 146 255 0 224 240 53 111 22 135 192 28 66 255 0 255 248
    0 245 184 17 38 255 255 0 255 176 255 0 44 255 255 27 232 46 255 255
    85 170 0 92 4 255 0 247 112 122 224 0 23 0 161 0 255 35 0 34 7 250
    255 32 16 39 211 216 255 229 0 255 152 34 101 147 0 173 76 151 255
    17 203 255 126 94 99 185 174 255 255 251 140 173 255 0 202 255 203
    160 255 169 220 17 145 0 31 129 73 69 241 0 0 117 0 121 27 255 14
    255 231 53 255 0 34 10 0 255 126 119 232 64 137 0 255 255 168 204 0
    21 255 254 255 255 113 232 231 142 167 7 214 65 24 0 255 8 129 200
    94 74 0 0 174 28 211 255 153 255 0 13 98 116 34 0 25 242 212 0 216
    255 255 255 255 229 0 170 0 113 255 255 76 129 0 55 0 0 175 255 255
    255 255 151 0 255 55 0 255 130 0 108 0 255 174 255 237 255 194 183
    110 226 0 159 157 0 230 62 156 204 93 191 255 221 242 88 5 200 255
    250 255 10 24 101 255 14 255 0 254 21 255 255 255 103 0 255 0 0 125
    161 129 170 19 255 124 255 0 0 66 42 98 173 108 120 9 0 179 255 0 0
    163 198 255 80 255 0 152 32 42 255 255 155 134 255 0 255 6 0 122 255
    255 121 0 255 14 0 255 27 0 0 202 246 182 46 76 0 0 221 255 0 193
    123 255 186 146 4 255 255 220 44 255 136 110 255 199 255 108 0 255
    188 108 201 41 255 58 255 255 255 81 53 232 0 144 107 160 255 0 118
    96 219 255 0 157 255 62 255 0 195 74 0 12 0 0 15 255 146 141 166 85
    48 61 243 0 255 122 0 136 14 0 255 7 0 0 0 28 241 242 107 70 0 238 0
    112 0 0 66 255 0 114 255 254 105 60 162 1 41 242 24 0 238 206 148
    186 8 255 40 0 183 125 255 234 21 0 255 255 0 255 89 63 63 3 205 255
    0 246 255 0 255 255 67 255 233 91 0 0 115 29 36 2 0 176 255 64 41 52
    142 22 113 255 255 255 255 113 215 90 0 255 138 113 0 255 42 54 117
    255 138 151 94 0 253 0 255 255 124 113 94 215 0 1 255 0 245 232 0 79
    0 255 42 131 255 255 200 255 0 23 0 0 255 56 8 191 69 222 171 255
    255 176 0 255 255 243 83 172 163 0 27 189 181 28 255 255 32 255 255
    63 18 78 255 91 243 165 0 110 60 208 255 60 255 230 79 0 202 255 0
    255 255 159 255 14 222 28 24 180 127 244 148 0 125 187 192 237 255
    93 89 20 3 93 0 184 0 145 85 252 19 158 0 170 0 91 181 255 72 255
    216 162 154 206 139 122 136 0 130 45 255 152 160 0 188 0 126 10 37 0
    40 0 89 15 0 115 0 119 0 240 237 255 83 166 0 0 154 0 26 248 84 193
    117 121 255 0 251 130 255 92 110 215 255 248 255 104 42 145 129 0 15
    115 172 129 255 120 255 30 0 254 122 255 55 0 142 30 76 0 68 181 64
    154 249 255 120 20 105 49 0 240 206 255 51 5 138 255 134 103 85 38 0
    33 17 245 146 139 226 215 0 217 0 0 109 219 255 70 161 3 87 255 228
    199 255 0 255 25 150 0 167 255 48 221 194 125 255 67 0 174 205 29 8
    114 202 5 219 138 255 40 41 0 76 188 170 58 162 139 80 247 201 124
    255 0 255 179 223 112 91 47 0 0 0 0 164 136 61 123 10 70 42 84 31 0
    195 237 0 249 205 0 150 30 255 0 0 255 0 185 255 30 255 0 255 255 0
    177 255 255 88 252 202 74 255 142 249 33 13 255 255 255 165 228 231
    104 255 94 199 201 143 112 0 0 82 66 149 5 54 255 55 164 227 41 65 0
    45 186 217 255 0 0 153 66 2 66 255 90 228 0 0 68 114 13 84 0 0 153
    59 255 141 243 0 255 95 242 140 110 255 0 45 122 124 0 255 111 209 0
    255 15 204 255 195 0 255 0 84 26 78 63 119 33 0 168 0 255 183 255 0
    49 199 82 255 3 210 138 255 61 62 128 88 193 255 101 0 126 0 201 255
    22 228 161 151 255 255 131 3 123 228 223 158 0 255 0 0 17 152 144 91
    0 53 179 17 224 245 0 255 255 166 7 53 255 219 207 221 94 34 4 52
    155 121 113 4 205 55 255 255 106 190 149 129 247 0 255 0 0 55 98 2
    160 179 152 54 192 213 255 255 164 116 71 160 255 98 0 162 197 84
    148 120 108 24 222 77 132 165 169 255 137 246 214 224 40 186 205 0
    230 7 160 255 0 191 57 0 0 250 239 192 16 6 0 255 44 255 173 93 255
    173 222 172 6 255 0 255 255 60 92 255 0 54 255 91 93 116 15 9 71 191
    55 142 251 0 255 246 86 255 0 74 0 20 255 194 183 108 139 0 0 255 88
    136 144 30 255 19 252 132 0 37 0 66 194 116 255 228 12 37 46 0 0 52
    0 255 82 0 0 175 76 164 255 0 255 255 219 40 255 16 0 127 204 243 0
    255 255 97 81 27 36 0 106 106 107 177 72 0 235 0 255 0 0 198 255 5
    87 173 47 255 188 255 255 177 255 213 43 153 215 0 234 177 132 0 222
    231 116 77 202 194 138 0 0 227 66 64 63 255 59 160 115 246 0 255 0
    27 162 0 255 253 73 165 86 255 150 0 18 53 0 0 255 235 0 201 183 255
    35 215 6 0 215 0 18 132 0 255 255 73 8 49 159 0 0 130 220 255 0 10
    32 0 93 50 138 17 135 42 0 0 78 167 19 0 0 193 0 233 0 174 255 131
    255 242 40 55 52 228 175 221 52 0 184 0 154 149 255 95 79 255 35 217
    107 89 190 0 214 54 121 3 124 140 202 165 0 116 213 235 48 255 88
    252 0 37 255 29 43 1 229 113 174 98 255 255 174 255 255 255 255 242
    170 11 255 0 15 0 0 63 255 255 176 215 181 255 255 96 255 101 0 0 0
    255 60 107 130 156 0 101 178 0 105 25 255 79 205 255 0 79 71 0 165
    253 101 255 0 194 174 163 255 3 236 36 21 117 0 11 128 39 0 19 235
    255 32 199 45 116 71 255 181 138 255 255 0 255 0 255 0 108 29 60 255
    197 0 106 0 86 255 143 255 19 235 255 255 71 43 0 250 245 223 0 21
    255 120 157 255 0 0 173 205 215 131 166 255 159 39 130 0 143 208 44
    24 255 121 108 23 140 34 255 237 68 255 151 255 201 111 240 246 255
    190 255 161 0 0 17 0 163 0 246 0 210 146 255 224 255 62 0 253 0 195
    255 77 0 255 176 99 236 141 225 132 208 0 0 33 255 161 30 155 252
    132 253 228 0 0 231 160 255 149 19 136 7 103 142 131 255 206 26 0 20
    76 0 121 210 89 255 255 0 255 218 133 0 226 226 0 91 4 47 9 235 0
    105 255 140 24 249 221 203 255 117 39 205 125 0 126 232 255 93 0 118
    0 255 153 0 117 0 107 0 244 252 221 152 89 12 56 109 0 59 247 175 0
    107 157 48 21 17 0 114 255 211 132 16 0 0 255 255 255 251 152 239
    255 49 0 0 80 255 255 229 86 30 29 236 255 9 0 255 255 169 255 255
    43 117 0 90 255 10 98 0 204 100 0 66 76 195 76 31 77 0 43 149 90 255
    177 0 65 247 78 86 124 138 159 199 10 177 105 128 255 222 84 169 26
    0 125 255 255 255 203 216 34 201 105 0 150 0 59 255 204 121 0 134
    198 84 0 176 99 120 0 0 255 0 20 0 0 157 42 24 114 207 30 68 255 255
    133 242 113 255 255 74 106 255 143 68 0 255 0 48 152 255 0 0 255 162
    39 0 141 255 0 184 132 34 186 226 26 231 116 18 0 255 255 1 142 0
    159 165 143 255 79 223 243 56 255 177 251 255 0 46 0 188 213 124 67
    0 255 155 230 255 30 73 32 176 237 0 192 255 245 0 138 161 0 70 0
    168 255 0 145 0 37 161 0 132 163 44 158 255 130 6 150 0 0 22 0 217 0
    173 255 255 0 255 22 20 218 255 0 255 0 26 159 205 112 47 53 0 0 255
    78 189 166 255 200 191 157 255 94 0 0 222 255 0 0 0 255 40 146 37
    255 11 113 140 0 214 196 74 57 255 165 203 222 255 255 255 255 0 255
    255 0 0 161 84 157 0 141 0 0 190 255 0 250 210 255 255 39 255 193
    152 255 240 1 255 0 255 101 42 93 57 222 32 93 255 255 0 54 7 29 217
    253 255 21 210 248 187 174 16 206 93 255 79 0 179 115 69 147 225 19
    0 255 143 10 173 108 0 99 55 0 200 80 184 137 249 205 247 255 255
    255 88 89 0 0 125 255 255 50 0 44 104 185 102 60 132 0 167 0 0 193
    30 118 82 121 255 0 0 77 66 255 98 255 0 121 23 0 195 24 202 255 39
    255 0 138 213 255 255 19 184 62 111 0 128 165 255 0 167 1 8 255 0
    241 255 14 46 44 164 255 18 0 255 203 40 255 14 0 0 173 70 0 194 143
    31 255 240 0 177 5 173 0 0 0 247 192 44 220 0 0 75 255 250 255 255
    87 12 0 0 87 2 0 1 235 54 0 248 0 45 227 255 65 220 31 0 127 0 0 111
    255 23 0 246 141 107 0 80 95 38 244 168 77 255 255 0 72 255 255 2
    217 136 76 247 138 255 0 219 255 0 131 113 32 81 193 178 0 5 88 241
    0 255 255 79 181 247 222 0 0 8 3 36 255 164 135 0 255 197 255 146
    184 255 200 255 86 122 210 70 70 255 101 157 222 0 255 61 114 255
    242 99 255 165 255 206 255 0 255 23 188 221 255 128 255 0 0 255 72
    138 154 28 255 108 21 68 0 202 188 175 123 96 255 158 119 255 33 0
    255 29 55 82 255 137 110 120 13 193 0 250 255 130 171 255 112 73 103
    0 127 228 49 255 93 9 137 44 123 242 20 61 0 78 66 255 255 212 255
    61 184 84 118 235 93 69 143 54 46 71 126 52 14 174 57 8 103 181 67
    229 59 0 245 80 0 0 175 0 206 201 244 255 0 224 0 208 254 247 0 38
    255 0 0 81 149 178 0 7 69 255 85 186 255 255 255 255 110 255 217 81
    230 161 109 0 151 255 0 0 222 124 122 151 255 0 95 186 255 194 0 149
    240 191 106 0 113 24 202 36 213 142 125 255 255 68 255 255 255 0 255
    183 6 68 0 0 0 3 213 134 251 123 255 255 14 255 7 29 255 0 0 255 242
    241 63 227 250 27 255 255 255 136 255 174 255 0 115 0 255 91 197 255
    255 248 152 150 182 193 255 255 0 33 255 0 0 233 0 0 18 255 255 53
    68 0 0 85 0 2 255 219 222 70 214 166 142 252 136 125 255 255 0 138
    141 255 249 75 18 151 67 185 160 234 0 241 255 66 15 0 254 206 32
    255 0 0 0 0 0 119 90 223 48 127 44 60 26 200 255 255 121 173 8 131
    95 192 77 205 26 186 0 160 255 0 129 0 0 232 255 124 122 255 214 70
    181 0 0 56 0 156 41 229 191 151 172 39 22 19 33 255 0 212 101 255
    140 255 17 172 255 101 230 255 255 143 0 162 155 0 255 228 103 183 0
    208 0 255 228 188 30 78 185 123 244 0 0 255 59 138 198 221 35 127
    181 28 0 107 0 239 247 36 4 255 226 74 0 28 159 135 0 42 165 255 0
    255 218 255 255 206 6 138 211 0 105 91 60 255 0 0 162 255 207 153
    255 255 0 15 51 177 0 185 35 0 64 175 170 255 106 160 255 0 136 206
    63 222 73 255 10 255 255 0 221 255 121 218 121 207 255 240 121 84
    166 126 123 132 52 205 216 255 82 0 142 0 255 209 53 208 177 240 61
    0 182 87 0 0 201 136 20 255 255 255 0 15 96 188 174 26 255 111 254
    255 28 79 117 255 255 244 134 246 0 145 255 120 137 0 175 213 0 0
    109 115 255 250 0 149 220 83 21 222 152 157 200 37 12 255 255 100
    189 254 186 169 76 255 85 112 0 153 255 139 135 69 63 255 55 239 129
    234 107 255 29 255 84 69 0 155 0 10 255 18 59 21 13 222 255 0 182
    169 17 7 255 55 116 20 173 199 166 119 72 255 22 255 20 0 255 207 0
    255 125 216 255 193 10 245 255 135 200 180 173 187 120 0 120 23 0
    255 0 255 255 196 0 45 181 30 190 132 42 80 227 168 255 65 0 217 211
    170 222 8 255 255 255 0 236 69 248 255 118 0 255 96 64 255 89 66 86
    67 0 97 81 0 220 29 108 87 9 140 0 199 122 0 255 137 61 185 255 0 85
    237 205 0 62 79 163 68 199 255 246 255 0 27 232 255 186 153 244 158
    95 255 164 185 241 69 22 255 134 0 153 140 193 226 151 0 4 51 255
    255 0 144 198 255 49 0 62 170 249 57 191 0 140 191 0 88 234 253 244
    175 181 255 30 15 65 76 55 29 0 107 98 196 0 255 55 136 255 198 255
    153 102 255 255 255 163 110 34 0 165 0 255 0 255 255 68 236 36 0 33
    226 216 230 255 103 231 7 131 0 17 229 0 0 235 125 0 240 147 0 187
    248 255 232 195 173 255 124 0 255 175 145 255 32 34 0 255 229 193 40
    236 88 104 51 255 85 6 36 154 177 0 255 128 237 255 5 100 145 18 53
    61 184 55 95 94 0 152 255 41 0 149 193 24 177 158 127 69 255 166 93
    202 98 177 183 144 0 247 134 209 0 3 54 157 206 0 255 255 255 13 220
    225 0 0 63 255 56 145 127 255 244 181 124 0 224 250 82 41 182 0 135
    71 0 240 145 0 255 255 69 20 42 114 255 12 6 0 255 0 142 0 0 255 51
    51 255 216 0 143 59 175 255 208 129 69 255 208 0 255 16 0 0 0 255
    145 6 101 0 187 231 183 0 229 14 118 0 0 11 161 255 255 176 245 255
    250 255 255 62 88 3 239 0 255 255 0 113 16 0 0 180 255 255 0 255 101
    255 0 0 125 44 0 255 0 0 14 188 231 255 255 97 0 255 150 0 255 255
    255 21 148 255 245 175 255 0 183 255 196 207 255 157 0 246 0 77 185
    0 195 227 0 141 255 165 148 68 24 44 169 0 0 197 149 21 54 32 229
    102 109 239 86 115 255 249 63 255 246 255 0 73 243 0 176 255 0 197
    77 0 0 211 222 255 70 0 102 96 172 231 149 226 121 0 0 255 255 255
    255 183 0 255 0 208 221 255 192 182 255 234 199 0 19 40 94 31 255
    128 148 255 0 201 255 0 103 12 215 0 60 0 255 0 162 107 152 194 255
    9 0 67 0 29 255 112 13 255 180 67 255 11 255 255 255 255 59 135 95
    96 77 48 84 0 38 1 142 0 191 178 38 0 255 115 255 0 31 189 30 124 70
    111 213 0 39 218 177 255 0 104 255 255 0 107 202 0 45 232 226 166 0
    31 0 68 166 0 176 70 117 255 47 49 0 10 244 59 0 111 164 0 126 0 0
    30 61 0 0 0 255 238 0 0 170 135 240 255 197 31 213 6 144 41 77 156
    18 161 0 211 147 81 230 25 3 102 239 0 27 209 0 0 130 211 255 109
    215 105 91 253 0 0 255 255 157 0 92 207 238 0 214 130 32 255 16 28 0
    0 255 5 130 45 11 255 0 130 0 73 255 255 150 121 53 177 50 0 184 70
    0 255 130 247 126 249 182 212 255 149 144 189 0 255 0 81 120 44 0
    148 202 221 111 64 0 19 0 255 0 111 46 90 147 255 191 0 0 168 0 139
    143 201 176 0 255 232 255 163 110 121 0 16 242 255 32 0 0 0 0 255
    255 0 16 24 132 255 49 255 203 198 255 0 219 255 97 0 19 111 254 69
    10 124 0 148 132 61 35 255 248 0 255 255 55 5 92 255 234 53 255 201
    169 171 10 255 255 255 76 184 138 147 19 172 160 139 162 76 71 164
    255 0 255 249 26 128 255 44 255 16 255 96 181 20 0 255 0 255 70 0
    221 255 24 0 5 77 255 88 179 108 0 230 94 41 255 169 255 134 142 154
    58 49 21 12 255 226 255 114 0 255 43 0 248 0 149 215 0 77 129 255
    254 34 50 14 255 0 255 255 12 0 255 137 56 240 0 150 65 0 9 175 0
    255 157 255 43 0 153 0 0 0 60 9 144 7 235 51 255 199 210 255 255 136
    182 255 6 255 0 29 0 118 15 98 3 215 177 255 103 183 0 7 255 32 218
    120 76 0 89 72 255 0 65 255 52 255 204 226 255 112 0 30 0 148 205 44
    255 0 153 242 0 134 42 238 255 80 255 255 77 72 216 243 168 57 255 0
    0 255 239 255 105 206 186 95 205 0 233 6 0 111 244 255 65 120 0 77
    234 218 126 120 238 33 35 180 0 118 0 45 49 68 114 225 252 255 120 0
    139 255 236 0 189 0 99 188 179 98 227 255 0 0 0 92 44 129 255 79 18
    0 249 0 0 255 126 167 228 39 47 14 110 162 255 89 63 255 93 10 234
    26 96 0 255 0 0 234 255 255 22 219 77 236 0 0 0 71 151 48 255 210 47
    52 255 76 51 0 188 214 93 255 57 0 23 21 220 255 17 78 209 0 28 199
    255 0 255 237 123 227 234 255 129 149 255 0 172 134 0 255 0 66 34 6
    156 180 143 151 100 255 75 0 216 166 183 0 2 190 147 0 71 235 255
    207 131 146 167 140 83 0 3 236 255 0 108 45 0 159 95 255 255 255 159
    160 64 92 213 255 255 0 255 0 255 0 74 204 128 181 139 0 0 0 157 175
    38 0 0 39 128 0 0 1 72 255 20 116 61 0 138 49 235 21 249 255 173 143
    212 141 212 32 166 193 170 255 0 174 57 208 255 93 204 191 122 251
    143 250 255 255 0 116 255 0 15 179 230 255 54 141 175 0 178 221 255
    208 228 0 138 222 229 0 154 131 131 42 255 73 55 86 0 151 104 79 0 0
    73 0 211 60 0 121 216 230 160 41 255 77 91 255 253 255 80 58 63 51
    53 255 255 89 249 0 0 237 245 255 33 115 123 76 51 249 232 0 25 0
    255 0 0 232 0 0 194 0 255 255 0 255 0 255 36 0 42 193 255 74 0 178
    255 129 0 216 142 18 0 127 157 0 253 255 0 255 16 100 228 25 163 183
    0 151 255 114 189 43 255 92 165 255 208 255 0 0 64 11 210 161 181
    115 139 255 0 137 73 248 255 0 255 0 0 0 0 0 165 0 96 255 69 209 255
    127 255 161 123 169 0 173 253 0 77 91 129 0 255 5 53 199 17 108 68
    205 0 47 255 224 255 10 255 255 29 255 232 157 184 117 137 0 134 233
    0 255 41 201 0 0 109 255 0 255 227 0 23 56 37 255 92 243 255 112 153
    255 255 202 244 195 177 179 79 54 8 0 239 246 0 0 68 91 113 249 75
    70 182 44 0 183 44 0 32 67 242 0 37 41 255 0 229 37 227 218 255 163
    255 182 52 55 70 29 4 8 156 209 239 34 247 247 0 251 172 255 195 158
    255 0 255 255 0 134 105 222 0 69 58 247 87 119 158 199 200 37 189 0
    3 91 183 172 186 136 77 196 117 53 0 55 176 55 213 0 255 255 255 81
    237 255 0 178 56 4 238 61 255 32 202 0 192 192 77 255 169 187 71 183
    225 117 255 239 255 252 0 50 0 0 225 106 249 0 58 68 233 90 134 23
    184 85 27 0 255 255 231 12 228 213 0 86 85 185 148 142 246 10 145 46
    255 255 255 255 76 98 77 0 228 0 231 0 221 255 57 15 238 225 147 0 0
    255 255 88 234 225 194 208 255 0 0 255 0 195 202 247 255 2 120 173
    99 215 0 68 51 197 14 229 185 0 162 18 0 0 245 255 179 1 236 78 71
    167 0 81 128 85 186 255 228 0 94 0 0 255 0 8 12 20 255 0 33 245 85
    39 69 0 255 230 136 255 70 255 151 128 255 0 255 115 23 138 143 0 83
    57 144 0 0 54 143 215 0 255 130 0 28 234 44 155 179 0 38 255 117 0 0
    65 0 0 46 109 132 0 126 104 244 0 115 146 0 191 160 255 255 105 163
    0 255 52 255 61 255 145 231 216 17 0 88 255 0 255 11 255 0 30 186
    226 68 0 151 255 0 255 132 0 55 45 132 255 94 0 96 94 244 255 0 141
    255 0 124 138 224 149 58 255 94 0 113 171 183 0 254 0 0 255 16 90
    186 215 156 121 255 0 170 24 238 22 255 192 123 78 150 105 9 232 179
    11 149 138 0 230 255 255 121 255 255 0 0 0 147 41 255 0 134 182 126
    0 102 36 120 57 255 191 247 240 166 133 0 136 24 132 132 0 92 255
    149 213 67 255 147 255 13 178 152 79 171 0 228 16 57 2 0 255 0 255 2
    0 12 166 225 209 124 180 245 132 0 0 0 127 0 0 255 217 187 94 255
    103 206 0 38 0 136 173 18 15 0 230 0 119 48 255 255 225 0 142 54 15
    162 248 0 79 84 255 0 162 253 229 252 255 255 42 0 152 63 128 0 180
    228 255 0 56 104 218 0 0 198 0 206 0 255 35 113 255 255 255 18 184
    255 241 1 255 255 72 58 255 30 136 85 0 0 244 53 0 255 0 139 255 6 0
    219 255 79 206 219 68 42 168 237 56 255 0 255 77 38 185 21 0 0 125 0
    213 0 5 255 114 222 48 255 116 40 228 251 198 0 92 64 0 65 0 124 255
    101 251 4 177 143 0 0 126 255 0 244 0 255 0 107 255 163 255 255 234
    176 0 81 136 109 63 0 181 226 112 217 255 49 42 101 0 255 0 28 0 72
    104 255 255 40 41 164 138 152 199 0 245 0 136 135 134 255 0 235 56
    140 30 37 32 243 34 0 72 50 255 30 255 29 165 84 157 38 21 207 0 47
    0 213 72 12 255 255 226 149 62 0 74 255 222 1 86 255 0 255 158 255
    152 0 255 255 172 14 201 255 148 178 255 85 37 255 0 222 63 82 25
    255 0 0 96 0 71 195 255 187 146 255 103 195 39 255 116 0 158 221 155
    0 167 255 0 255 26 130 255 155 124 255 35 255 112 180 0 68 147 73
    252 255 255 0 255 255 0 199 183 18 171 255 131 114 255 64 93 255 255
    12 73 50 128 0 255 0 255 255 254 156 133 252 255 47 59 255 255 255
    99 255 145 0 0 255 0 194 255 26 236 255 133 0 32 255 0 0 0 180 0 70
    195 255 0 0 0 64 6 29 46 176 0 0 25 116 255 255 175 98 183 14 255 81
    96 0 70 237 110 192 174 99 151 49 247 255 255 135 7 113 0 95 255 255
    169 98 178 0 191 0 0 255 114 169 37 0 76 0 249 160 154 255 240 106
    75 12 15 255 0 192 0 42 145 255 149 45 188 63 101 151 255 255 255
    150 255 202 117 49 32 255 169 236 187 100 255 255 10 108 171 137 6
    255 0 255 255 94 0 255 255 0 0 191 118 255 255 255 59 0 0 118 208
    255 100 0 255 28 146 154 255 255 255 9 249 0 40 0 0 0 0 54 222 0 4 0
    0 255 0 255 0 224 124 139 46 58 255 0 255 108 141 74 244 0 0 255 235
    255 196 13 166 11 255 0 7 0 0 195 89 8 147 255 255 255 0 255 255 255
    48 39 143 30 96 12 28 60 255 0 129 194 38 255 0 87 202 209 0 3 59
    188 0 190 255 179 113 169 79 255 181 101 255 47 77 177 208 11 0 227
    144 35 88 79 63 10 255 255 0 0 255 255 255 0 125 195 71 52 0 229 117
    37 0 0 255 71 146 20 182 0 0 184 142 0 255 0 204 245 255 66 43 0 24
    178 209 0 0 255 255 33 255 0 102 0 0 255 235 136 255 255 255 14 83
    94 222 85 0 217 56 198 0 161 255 255 160 255 255 87 0 141 255 67 182
    231 169 1 217 0 255 255 255 130 245 41 255 0 105 255 255 217 254 255
    154 78 0 217 0 27 8 155 255 46 255 0 128 200 195 200 255 227 255 0
    48 21 0 245 91 0 173 131 130 255 47 214 186 61 182 255 162 231 0 0 0
    250 100 193 255 231 74 10 255 255 68 0 78 255 0 109 255 114 222 255
    255 255 0 66 107 0 26 0 126 69 6 42 0 210 1 0 112 0 255 186 157 255
    103 211 0 180 142 0 255 132 144 0 99 97 190 227 255 166 167 217 162
    205 255 180 147 82 0 152 255 255 132 39 255 255 0 255 126 3 255 113
    255 248 0 110 154 87 189 0 191 255 17 0 34 0 0 75 161 254 255 255 8
    142 255 140 54 255 255 0 168 255 112 5 0 118 255 132 255 3 0 14 0
    168 255 255 0 0 155 165 36 255 255 255 225 151 154 213 141 255 255
    124 151 0 133 90 82 45 143 73 223 239 255 255 0 187 84 255 204 0 225
    93 255 123 214 217 21 255 33 132 105 6 255 0 134 195 255 168 224 129
    255 191 0 129 17 43 0 36 148 189 0 79 18 135 55 195 93 0 137 255 240
    255 91 153 0 255 33 26 53 255 30 0 255 158 175 255 103 157 68 255
    255 80 76 255 113 0 188 238 255 65 225 169 198 0 107 199 111 77 97 0
    22 163 244 188 165 122 168 135 0 77 4 37 54 161 180 255 124 125 135
    97 108 255 154 158 141 45 22 137 0 124 0 63 255 67 69 228 133 240 16
    0 0 255 0 255 79 255 255 255 255 0 31 62 255 255 207 0 197 50 162
    143 55 157 145 247 255 225 45 0 14 0 186 231 127 141 204 254 255 11
    0 255 61 173 255 150 255 0 201 245 0 98 0 0 26 255 28 209 167 161
    134 87 2 0 123 255 168 51 255 10 0 71 131 255 190 255 0 142 12 0 59
    52 3 0 11 72 255 0 9 0 140 79 130 0 255 0 255 251 254 42 0 151 34
    206 0 255 232 234 36 255 255 241 255 220 148 144 191 61 223 255 0 0
    32 0 67 0 81 255 0 0 211 194 24 0 1 231 188 9 0 0 255 40 155 251 2
    140 0 81 255 133 15 131 255 255 23 76 247 0 36 137 255 115 0 0 238
    33 128 222 28 255 55 155 255 255 0 9 255 109 0 131 255 0 43 255 255
    143 0 255 255 0 164 172 107 93 85 255 6 0 28 48 233 122 255 24 51
    255 184 0 0 117 9 0 0 0 170 0 0 255 0 0 0 255 129 219 57 86 255 182
    143 0 0 170 255 0 85 231 42 177 255 222 255 235 37 28 255 255 227 0
    119 236 245 0 61 237 255 244 54 77 203 0 60 214 92 169 181 66 148 0
    178 241 0 45 216 17 250 89 176 134 238 187 237 155 255 255 184 170
    255 145 205 255 179 255 255 14 46 141 255 210 36 255 82 227 221 87
    124 255 225 255 255 0 67 33 155 255 210 0 255 0 209 67 0 0 56 58 131
    0 255 45 255 255 160 0 240 81 222 243 193 255 15 255 199 120 255 63
    255 56 208 66 0 0 0 249 255 62 47 255 0 113 255 255 212 58 255 193
    255 124 48 255 149 255 28 255 70 0 162 0 0 229 255 210 255 15 0 44
    255 25 0 0 0 204 46 215 0 255 218 33 0 51 255 54 255 103 219 210 0
    139 140 46 136 255 166 154 136 0 206 0 186 29 143 255 195 255 221
    156 159 10 255 0 99 170 222 167 0 89 255 0 181 219 21 161 255 153
    198 110 212 48 50 255 0 0 221 255 163 124 46 255 255 205 0 230 234 0
    24 71 57 251 126 131 0 230 0 115 126 0 67 0 68 47 67 162 3 26 202
    255 0 0 165 59 157 170 255 155 255 141 255 0 0 0 0 234 255 255 0 177
    87 10 249 111 0 136 127 188 255 37 255 255 121 255 255 0 10 42 0 255
    255 232 153 119 255 37 255 255 0 0 183 255 247 144 255 88 255 23 207
    252 255 0 146 146 242 180 30 189 72 0 0 28 255 91 0 155 40 0 0 0 255
    171 255 211 109 0 0 186 35 255 203 85 19 255 255 149 236 53 26 255
    255 155 57 255 255 196 0 255 249 115 149 98 116 255 223 255 137 103
    255 238 206 155 255 40 20 70 198 0 223 84 217 255 23 0 0 103 0 255
    255 17 100 227 0 255 255 0 145 7 255 68 15 0 0 247 159 224 0 83 203
    120 241 106 215 255 202 252 76 14 255 246 215 161 35 47 205 255 104
    155 20 141 0 214 235 255 0 231 255 74 14 255 0 0 98 255 21 0 0 171
    29 255 255 143 115 0 182 255 2 40 16 255 240 11 142 48 255 174 220
    238 0 255 94 115 75 255 28 245 173 128 0 9 0 242 72 153 255 255 255
    164 255 218 255 0 98 66 163 85 0 0 149 241 225 255 255 0 0 255 253
    224 236 115 204 39 0 6 255 201 255 0 186 252 255 36 6 255 231 32 140
    255 188 0 255 0 90 156 255 255 67 0 181 188 93 73 173 0 255 39 213
    255 0 255 68 207 0 255 255 255 150 0 239 205 187 196 228 140 100 0
    104 71 175 98 242 34 4 109 255 226 51 255 255 255 255 0 25 0 142 129
    0 204 89 53 221 255 161 255 179 77 179 255 89 129 121 155 255 255
    244 0 42 255 79 212 52 0 118 162 23 255 66 86 106 255 216 250 255
    255 58 0 31 65 98 0 37 93 4 191 5 247 250 65 255 70 255 50 0 0 213
    255 132 255 34 11 255 206 255 255 72 189 255 120 255 73 250 202 206
    80 23 179 255 28 0 82 28 255 13 255 65 0 0 216 143 112 2 255 238 255
    39 172 255 90 0 255 140 226 44 21 0 0 0 118 255 8 0 20 151 24 255
    253 132 0 247 170 0 0 170 121 38 157 42 121 0 6 35 132 23 0 29 45 30
    59 255 177 255 15 0 65 131 182 123 106 66 255 242 255 71 255 38 33
    182 141 90 255 241 180 50 235 85 255 94 219 255 178 235 0 255 0 237
    254 191 255 0 19 137 214 255 255 183 242 0 255 44 71 54 51 255 255 0
    29 236 15 60 255 255 193 53 60 255 244 182 218 255 44 167 0 182 70
    197 21 148 0 72 0 131 142 211 152 0 255 255 43 255 246 214 0 255 255
    87 191 176 101 14 159 39 255 163 190 163 179 17 147 8 67 255 0 0 154
    216 77 255 63 255 0 254 255 211 135 70 0 213 255 146 26 99 255 90 31
    93 0 0 0 209 81 135 255 79 255 163 0 255 0 247 209 0 25 156 44 38 55
    88 99 255 153 40 254 24 193 0 174 97 158 255 74 0 255 179 255 255
    136 131 230 0 223 255 14 0 255 31 219 196 255 255 197 146 212 45 0
    67 75 25 135 0 37 0 138 205 0 0 122 56 233 0 0 57 0 134 255 255 255
    48 0 0 108 105 197 255 0 237 0 255 52 239 0 180 48 255 219 0 0 255
    173 0 168 0 0 153 218 127 0 255 228 0 85 140 0 133 0 0 184 255 53 8
    255 33 0 183 146 255 220 255 255 255 0 255 235 149 135 250 255 69 2
    0 65 174 255 255 253 255 62 57 24 255 229 174 13 0 2 22 121 241 255
    2 77 0 172 156 73 0 176 3 0 62 255 159 227 68 128 255 0 0 0 200 59
    193 124 74 255 0 0 165 0 192 235 103 106 62 230 0 0 43 11 0 222 0
    239 0 215 194 6 161 131 20 0 255 120 252 224 255 3 164 6 201 2 205
    202 0 155 182 165 0 0 0 255 239 75 72 255 0 222 176 255 234 0 98 152
    0 22 60 122 0 10 255 255 255 120 203 255 0 51 226 69 127 215 83 152
    236 0 0 124 15 152 58 62 0 172 106 150 33 28 255 0 7 255 0 59 132
    247 133 0 255 206 0 255 155 85 57 128 86 0 255 103 0 0 74 241 25 255
    239 61 127 0 36 160 47 81 59 3 0 202 255 41 107 19 0 228 0 0 255 255
    255 187 0 221 254 76 252 51 0 0 0 87 122 255 6 169 0 43 21 43 0 81 0
    40 255 161 165 4 0 255 0 0 208 31 0 0 0 0 192 0 0 13 204 255 0 117 2
    63 0 55 83 0 68 255 255 94 57 0 108 97 52 255 0 0 255 139 65 255 174
    103 255 67 105 255 205 238 206 53 135 151 0 245 232 92 255 60 20 255
    212 0 255 255 189 255 255 255 187 84 20 80 108 50 101 43 163 241 255
    255 246 178 255 92 0 71 0 0 125 139 211 115 128 255 99 229 0 0 0 231
    105 67 120 255 130 132 18 228 21 48 225 92 0 135 0 255 0 0 89 13 0
    158 177 255 0 6 144 255 12 218 255 169 49 123 149 64 112 28 0 224
    255 0 0 42 149 0 38 21 0 255 255 255 12 180 95 187 0 188 0 31 55 255
    52 255 18 12 255 211 0 38 144 97 152 255 22 152 12 255 237 0 255 31
    255 0 126 0 140 0 57 0 255 255 185 78 0 170 97 255 241 73 23 255 102
    0 49 20 125 255 220 241 255 255 255 119 37 44 206 154 0 128 5 0 207
    0 255 255 0 68 87 255 213 52 137 27 255 133 21 71 0 99 255 255 119
    255 191 255 255 148 66 255 255 0 255 0 5 255 149 17 126 22 84 213
    202 0 0 0 118 95 218 0 255 255 238 255 68 69 255 170 0 16 2 6 0 171
    164 255 249 0 0 186 207 255 238 114 235 255 85 204 42 7 139 129 255
    104 0 234 238 123 142 165 0 190 188 67 0 142 186 173 181 240 255 0
    61 160 0 34 129 78 0 85 163 0 0 43 50 109 246 238 0 206 232 212 255
    0 255 255 91 237 240 217 255 255 245 0 95 104 114 2 0 0 99 9 9 0 0
    201 82 133 22 0 11 235 255 255 187 211 255 252 107 0 0 255 255 56
    159 99 98 0 168 22 137 55 235 0 203 40 98 69 82 255 153 0 154 255 51
    164 255 13 31 119 0 255 0 0 67 68 255 203 75 189 255 69 255 255 255
    0 209 137 21 255 115 242 255 238 144 110 209 93 69 156 255 0 0 0 0 0
    19 255 255 101 205 0 18 120 255 235 9 255 255 255 238 255 255 0 99
    183 109 255 99 0 231 192 9 0 144 255 137 48 0 233 0 0 212 26 0 93
    255 254 237 29 255 255 6 255 0 127 252 157 0 37 255 181 59 255 140
    61 72 231 214 253 0 16 58 0 253 79 255 168 0 255 0 0 199 60 43 0 137
    0 36 253 5 241 65 60 129 214 255 0 72 0 0 248 255 0 245 125 0 217
    201 228 0 173 0 255 255 120 83 167 90 15 251 66 192 128 46 0 255 0 0
    69 0 189 6 236 243 0 243 206 255 67 228 255 198 70 0 168 229 155 255
    255 160 164 255 125 174 0 255 255 86 3 132 55 0 0 90 41 0 0 0 151
    255 255 228 255 0 62 224 255 86 0 255 0 38 205 216 14 30 255 234 255
    255 236 58 37 0 159 0 27 47 215 0 255 103 146 142 255 157 64 0 61 83
    59 255 89 176 202 159 226 88 98 65 228 255 255 14 255 255 40 255 92
    0 255 109 255 20 176 255 135 0 255 44 0 35 10 79 160 218 175 0 230 0
    225 255 254 46 255 143 0 255 50 110 226 3 255 255 100 86 255 219 44
    255 96 6 202 255 0 64 224 81 172 105 0 166 25 255 0 255 138 255 0 0
    92 0 140 17 197 255 235 139 255 255 17 192 255 0 196 47 0 0 0 40 192
    247 95 255 158 92 123 156 0 191 255 0 233 161 255 197 0 121 89 0 255
    112 201 255 93 0 8 6 0 7 246 2 0 105 41 0 89 161 255 54 12 172 255
    81 0 180 116 75 0 73 214 0 255 166 190 142 97 215 0 191 234 211 38
    204 0 244 190 255 43 28 194 0 0 225 63 215 255 103 61 157 255 203 0
    255 0 0 0 13 0 211 81 0 82 0 0 145 254 255 0 255 0 255 189 0 161 0
    249 8 208 86 54 58 255 255 127 1 255 0 157 255 133 96 94 5 158 187
    103 207 132 46 255 238 123 233 243 172 0 3 255 14 255 255 255 170
    255 190 0 12 6 154 255 101 251 188 153 0 188 5 0 49 0 0 118 180 51 0
    0 255 129 255 192 0 0 0 234 93 1 0 255 0 100 0 0 255 255 177 255 40
    0 255 255 255 17 188 0 0 0 0 255 162 158 84 253 214 140 0 255 34 0
    25 183 233 118 255 0 99 40 255 112 66 144 255 100 18 33 11 149 255
    28 255 161 0 175 255 203 250 26 255 172 0 255 37 74 255 69 150 186 0
    0 23 61 3 0 255 0 37 151 220 245 67 140 55 46 255 94 5 76 236 97 124
    143 124 255 29 0 118 19 67 40 83 83 255 93 255 0 0 174 255 155 255
    116 84 247 0 67 6 97 0 255 180 136 210 0 59 255 48 0 233 255 0 203
    255 196 0 0 255 147 70 255 19 0 101 73 106 255 109 0 255 19 255 82
    255 255 0 13 255 40 0 0 101 66 40 0 193 0 28 6 151 106 226 5 150 168
    211 190 16 201 60 0 0 0 255 140 180 0 20 255 232 249 253 0 191 125 7
    255 88 255 25 48 0 51 0 182 0 245 15 172 91 255 0 66 255 255 15 53
    187 131 227 197 233 186 129 185 75 0 48 0 53 0 54 255 255 32 254 0
    54 61 19 255 0 235 14 220 16 139 0 160 85 161 245 204 255 255 103
    171 179 56 5 91 255 110 202 132 80 255 174 0 0 144 0 0 0 0 255 38
    255 0 114 255 0 0 255 30 58 100 0 55 175 255 255 89 248 221 2 206 0
    255 44 127 226 0 255 172 255 101 255 255 210 243 23 0 170 226 0 130
    241 157 255 114 255 0 133 249 243 0 0 78 29 217 0 9 0 255 223 198
    169 107 144 0 170 234 69 15 255 194 190 255 0 61 113 59 249 139 0 42
    30 153 0 0 142 131 255 0 114 23 0 255 0 225 163 0 255 100 198 9 255
    241 0 0 180 255 0 4 112 255 0 51 255 58 0 147 151 122 42 255 0 229
    245 170 45 216 108 71 0 109 0 164 135 76 137 209 207 0 0 255 255 91
    255 171 30 66 4 101 62 208 255 0 0 0 0 0 83 165 115 64 255 190 252 0
    234 101 165 148 0 30 255 0 0 255 0 87 147 75 255 197 255 9 0 126 255
    0 184 229 255 59 255 126 255 173 255 43 172 102 224 201 131 58 248 0
    0 241 179 239 250 3 242 251 212 235 255 173 203 95 232 100 0 0 167
    110 4 0 72 0 255 81 255 96 94 255 138 253 199 255 173 153 255 132
    222 255 178 109 0 94 240 189 255 78 247 109 0 0 107 255 255 234 47
    255 255 255 116 255 70 130 0 3 194 255 0 0 0 0 0 0 208 0 44 0 0 255
    255 255 198 255 108 106 189 238 226 0 0 52 255 159 191 110 189 32 0
    255 0 100 255 255 0 132 215 49 206 61 202 239 24 255 34 155 255 103
    126 3 0 51 25 255 215 0 255 255 255 255 66 187 130 0 120 195 228 0
    53 85 35 147 161 9 0 160 164 255 252 255 183 120 255 43 61 64 168 21
    221 182 93 214 255 216 26 41 0 148 0 45 54 0 0 23 0 174 63 19 0 0 16
    0 16 89 255 0 193 244 255 0 0 242 114 204 0 225 38 255 201 69 0 11 0
    214 0 172 255 255 42 243 0 0 138 16 255 78 0 154 0 106 0 0 255 255
    255 0 129 0 247 84 171 0 226 18 255 192 0 146 255 158 61 0 255 0 255
    66 0 255 49 176 175 0 79 107 87 146 0 38 150 255 45 255 2 0 102 239
    12 148 17 158 146 125 173 236 255 66 255 255 255 58 255 175 0 206 49
    174 0 163 175 0 255 171 245 59 97 255 0 0 8 176 0 218 0 177 0 0 133
    0 174 175 0 0 255 0 0 211 236 250 171 34 0 30 84 206 164 175 199 0
    46 255 255 255 70 116 7 0 0 110 0 217 255 83 154 144 184 255 9 10 97
    60 255 235 253 195 255 134 8 0 0 10 78 182 5 230 255 0 0 0 0 80 114
    206 0 201 0 255 85 198 255 255 248 65 253 128 0 255 255 153 105 255
    169 182 255 0 92 0 255 242 0 187 0 184 250 255 129 3 21 255 234 255
    8 255 49 12 170 51 185 0 255 0 255 255 66 0 146 48 255 255 189 255
    26 255 116 0 0 19 0 0 118 84 139 172 104 99 107 147 142 20 12 59 99
    0 255 122 255 146 0 255 0 194 0 178 178 0 255 99 255 232 0 31 28 168
    90 102 193 185 50 59 101 70 150 121 0 255 190 0 255 255 203 0 78 129
    117 137 90 71 255 170 129 255 162 255 62 222 117 98 0 135 0 181 255
    0 161 42 39 69 9 218 255 0 139 97 255 216 45 255 44 255 151 255 0 82
    91 255 138 110 61 255 255 255 255 77 49 255 39 0 239 0 77 0 115 210
    87 255 255 113 235 118 0 161 80 3 198 10 28 0 255 71 0 255 53 0 119
    0 255 213 255 255 0 255 255 119 0 0 173 255 255 192 156 55 138 252
    166 142 250 125 161 255 220 252 201 0 20 140 229 187 0 23 0 114 255
    255 34 255 255 140 205 95 0 94 0 40 40 0 45 0 57 103 255 0 210 132 0
    206 133 255 255 151 255 159 0 76 133 52 176 184 0 61 255 188 213 255
    255 255 255 38 0 19 119 61 195 0 154 255 255 241 75 214 227 255 26 0
    255 255 7 255 34 255 165 0 232 140 129 21 0 203 0 255 235 107 255
    131 119 255 51 122 185 82 143 0 40 191 130 190 179 149 58 135 97 0
    255 112 185 111 255 22 248 217 0 65 203 0 247 224 169 0 0 255 81 120
    255 249 88 51 4 0 108 11 0 217 140 147 138 62 255 0 174 94 30 67 0
    63 182 137 61 75 157 215 54 255 75 255 0 68 179 0 34 253 56 255 0
    109 115 0 130 29 255 63 28 0 0 0 0 104 0 0 35 207 82 0 255 110 243
    38 255 255 9 240 151 142 151 42 169 255 69 30 255 27 255 78 255 52
    97 255 255 0 252 0 0 0 36 187 0 87 105 79 209 255 40 255 79 255 205
    90 239 107 9 132 185 0 255 145 0 238 245 255 38 255 255 0 0 78 255
    18 0 36 255 152 255 98 185 0 174 242 253 0 227 255 169 82 255 199 0
    250 187 126 0 161 245 119 116 195 0 143 0 80 45 127 169 0 84 236 233
    74 0 255 255 237 255 205 184 5 255 255 0 96 250 255 0 67 250 255 0
    116 0 16 0 182 26 225 136 180 0 0 243 0 230 171 0 0 164 188 110 78
    255 0 0 122 33 4 74 255 27 170 34 0 102 132 193 245 0 177 154 151
    255 0 255 199 0 231 0 255 0 0 57 197 167 96 0 14 201 130 203 0 246
    255 255 75 124 114 87 163 99 202 255 40 207 255 93 48 94 169 255 255
    0 119 151 0 255 172 255 171 255 94 181 0 73 242 223 0 4 37 99 215
    173 234 142 247 41 0 57 203 118 170 213 255 149 36 70 54 0 0 255 42
    0 76 75 255 255 223 0 255 32 202 159 255 78 0 82 0 126 252 255 253
    255 255 238 0 255 84 255 0 151 31 0 255 255 0 37 186 217 204 0 180 0
    255 71 255 0 188 0 0 113 42 39 252 255 166 119 255 255 190 255 255 0
    0 0 80 240 153 0 255 189 255 39 226 131 204 79 46 87 33 249 149 255
    54 0 35 0 186 0 0 51 255 0 93 0 172 66 255 255 5 182 0 47 0 255 0
    250 104 0 93 124 172 85 255 255 7 255 255 74 128 0 117 208 152 255
    85 255 15 114 0 250 95 86 255 0 194 151 243 18 81 222 56 142 255 255
    141 160 87 255 0 54 255 103 61 255 91 243 255 255 123 119 163 2 85
    235 148 91 235 0 0 149 24 0 255 255 32 8 135 182 0 243 255 249 193
    80 58 78 129 8 22 193 0 139 88 143 0 0 51 97 0 0 190 251 255 31 0
    255 0 47 69 27 156 176 199 243 104 240 0 0 227 238 24 255 0 255 234
    0 255 11 255 78 114 82 54 56 211 200 255 199 12 166 0 44 0 255 102
    255 43 137 56 39 0 89 2 0 113 255 115 218 132 255 212 224 12 0 72 79
    9 122 255 0 255 220 3 255 0 124 174 162 3 0 0 18 33 0 17 68 145 177
    255 219 243 89 5 75 255 112 102 38 44 17 240 239 121 255 0 146 0 49
    141 0 88 0 255 112 0 141 177 43 183 200 253 0 1 159 131 0 77 255 255
    43 255 176 0 226 22 156 192 255 254 135 36 255 255 140 211 255 0 137
    67 76 234 247 77 255 235 203 255 107 255 80 85 0 253 11 68 255 56 40
    203 60 85 255 255 1 0 201 33 44 255 255 228 199 255 0 0 190 96 206 0
    0 77 0 212 140 44 0 221 32 45 163 98 102 0 187 213 12 199 208 159
    224 215 255 139 0 255 87 210 0 127 243 0 0 255 62 178 255 0 71 168
    185 74 18 220 88 81 135 0 175 65 255 109 222 154 202 158 255 255 248
    215 255 0 56 166 255 232 162 197 114 255 0 231 51 172 100 166 72 8 0
    255 110 244 222 202 247 51 213 56 29 255 216 66 84 0 38 255 130 147
    161 205 255 255 138 0 89 192 136 54 58 87 66 188 147 38 45 0 252 0
    74 91 255 0 73 255 160 255 255 0 183 20 251 219 228 255 255 0 174 18
    37 33 25 1 0 149 3 0 246 0 255 255 0 255 9 70 32 160 42 0 255 86 232
    65 204 236 122 255 147 72 134 151 133 0 21 213 64 50 184 255 255 255
    137 185 255 216 202 127 0 36 149 255 189 79 255 48 74 63 0 0 198 0 0
    123 0 0 197 80 0 128 252 61 143 136 255 0 255 255 232 255 0 102 0 63
    0 255 234 122 186 172 255 76 132 255 255 11 0 170 24 126 134 171 74
    255 4 239 191 255 1 22 132 0 242 44 65 120 40 194 227 76 42 58 75
    145 243 84 0 0 112 166 174 21 246 3 141 255 10 123 0 52 255 0 106 33
    176 0 255 169 143 200 133 0 255 0 255 248 255 0 224 202 168 180 151
    0 0 0 173 0 255 69 57 237 0 105 255 255 72 0 25 203 0 0 255 0 250
    255 73 255 144 152 255 36 104 238 252 0 96 33 0 238 167 113 41 14
    116 135 177 255 255 166 203 122 103 72 129 51 203 206 0 55 209 255
    151 255 0 64 0 180 0 63 52 27 180 33 82 0 69 210 3 255 165 48 250
    222 237 111 0 255 91 2 0 222 167 229 255 218 112 255 142 236 144 192
    156 108 208 0 255 0 239 0 155 151 222 130 149 255 218 182 14 255 149
    0 255 205 0 255 159 0 69 144 255 54 0 69 0 0 0 255 6 255 228 9 139
    89 61 196 255 176 0 0 0 102 245 0 118 0 56 133 176 242 0 0 55 255 0
    0 201 247 6 246 102 0 255 65 0 14 0 121 126 140 0 0 71 242 189 255
    99 122 255 226 255 0 102 255 137 255 212 178 224 134 55 211 255 0
    167 255 162 74 255 30 67 148 255 0 70 102 223 255 0 255 0 0 255 186
    209 0 255 196 0 84 29 255 255 245 183 0 0 114 219 255 255 93 100 0
    255 252 0 246 168 219 23 193 150 255 114 0 194 255 235 211 46 255
    120 45 77 255 233 141 120 147 165 65 255 52 247 170 0 0 0 74 0 123
    39 128 0 255 255 158 185 195 221 0 0 18 0 0 158 5 189 255 255 212 71
    143 255 0 3 255 255 255 213 66 0 255 255 66 250 221 121 0 255 65 214
    112 255 199 185 239 59 159 255 255 131 0 156 255 186 255 230 236 0
    242 255 11 0 74 10 255 68 255 118 44 53 0 6 44 255 11 222 117 0 85
    99 142 0 0 255 24 20 0 255 0 95 0 69 91 243 255 234 220 255 103 255
    255 249 155 0 0 25 255 0 255 6 189 0 134 255 255 57 38 10 0 255 53
    63 180 7 56 255 141 207 216 255 82 0 245 166 174 101 0 0 202 255 255
    112 235 67 0 0 246 0 215 3 183 234 114 168 59 255 122 255 255 255
    255 0 255 187 0 220 69 0 0 102 114 42 255 255 0 244 246 66 107 255
    146 255 223 255 0 199 205 102 186 33 84 115 65 243 7 255 5 202 255
    117 192 255 82 119 53 123 70 255 172 172 12 93 0 171 0 245 88 250
    207 67 63 103 154 58 3 255 135 147 241 0 9 74 252 179 255 255 17 255
    180 172 0 22 194 18 243 101 205 0 179 0 150 72 0 0 72 0 203 2 15 255
    0 255 166 69 161 217 149 190 176 218 87 255 206 255 255 82 231 0 60
    0 0 202 16 218 65 0 0 0 145 255 0 255 162 187 0 181 188 0 191 255 88
    0 157 219 81 255 242 255 255 217 255 255 225 71 102 0 227 141 156
    255 137 195 255 186 63 255 110 255 54 228 131 138 0 27 190 255 0 154
    255 108 114 255 0 255 255 255 255 205 231 255 255 226 156 104 134 54
    129 42 0 132 216 0 0 89 41 255 0 216 148 163 27 255 255 255 132 99
    255 123 255 69 100 98 255 137 0 205 18 196 3 255 255 24 138 18 212
    228 231 255 255 0 0 171 77 43 228 177 84 1 0 73 0 234 0 53 195 255 0
    255 1 244 52 171 117 0 184 255 236 87 255 164 255 124 239 203 43 21
    61 255 255 188 224 172 255 6 255 255 126 0 23 214 0 58 64 201 228
    245 74 227 255 255 231 203 93 255 255 23 213 246 221 206 120 70 255
    255 238 255 0 131 196 0 0 125 219 0 254 255 126 99 150 177 0 132 119
    0 0 72 238 166 0 0 51 0 0 212 91 64 15 255 37 24 37 255 0 172 72 160
    37 30 22 171 255 48 179 0 195 255 255 35 120 97 0 255 0 255 152 154
    115 242 73 192 187 15 9 17 0 255 0 255 43 50 255 146 150 249 120 158
    215 117 201 233 255 194 255 190 197 155 212 208 15 251 255 255 175
    107 199 119 180 255 255 86 200 236 0 40 187 187 255 0 98 255 91 168
    255 233 129 180 114 97 0 71 255 37 167 133 202 138 6 25 0 139 119
    125 0 244 40 206 255 110 255 255 255 153 121 0 98 0 0 93 0 51 169 55
    193 196 0 112 195 0 253 0 19 135 78 0 23 125 132 251 8 122 205 0 212
    170 206 37 144 25 0 0 124 139 255 11 0 255 241 255 94 0 218 78 96
    229 134 143 43 69 255 152 132 68 248 250 209 255 252 105 163 21 48
    100 230 219 255 172 0 161 0 22 134 0 255 255 220 255 97 0 65 43 0
    137 0 166 0 255 49 83 251 209 36 0 255 57 0 0 219 0 140 255 255 0
    215 227 32 134 62 112 36 122 162 39 0 0 68 96 242 241 0 218 249 125
    255 129 6 98 73 0 255 103 255 98 0 0 142 255 255 255 255 168 142 255
    50 71 82 214 199 111 255 3 14 255 110 254 178 79 178 160 11 229 246
    35 188 215 255 119 104 67 0 255 39 229 2 0 0 6 123 255 12 90 54 253
    130 0 45 15 161 171 232 104 255 32 201 69 190 193 94 230 0 220 140
    136 215 155 156 156 0 255 226 255 255 0 0 131 37 130 0 66 255 198
    255 7 178 206 176 255 0 29 231 90 129 0 255 94 254 120 0 0 190 255 0
    121 255 179 38 89 255 178 14 255 255 0 233 163 59 0 18 132 70 0 55
    160 131 5 154 197 0 89 203 0 138 0 248 0 0 180 24 15 4 154 127 255
    95 90 221 255 0 200 0 255 222 238 255 134 0 106 255 160 112 0 37 6
    120 255 255 64 255 71 255 84 218 132 0 0 161 149 220 255 144 50 66
    109 31 255 31 68 128 134 233 218 93 255 255 174 0 180 214 180 254
    143 0 255 34 109 0 0 39 0 188 0 177 0 226 182 0 41 255 84 68 231 43
    0 222 255 0 86 109 108 51 168 44 131 40 14 253 177 255 164 197 221
    255 124 14 113 211 26 192 66 255 0 227 175 255 217 255 225 137 168
    255 218 20 5 255 0 255 108 164 4 210 57 8 255 67 255 95 32 164 49 0
    255 255 165 0 255 15 14 197 244 0 128 255 192 68 0 252 0 209 192 198
    255 72 0 0 190 0 33 0 14 31 107 189 0 170 35 255 131 23 255 255 95
    255 255 176 0 0 255 80 129 0 239 229 255 181 255 0 92 255 52 58 154
    0 161 26 182 205 174 0 26 4 91 28 86 88 150 103 255 121 68 131 255
    25 38 255 233 158 255 195 198 255 220 141 103 5 191 114 207 225 111
    155 255 118 0 79 108 137 255 254 252 255 189 64 255 150 240 230 191
    142 255 0 0 165 160 150 0 251 171 0 83 227 97 0 208 152 57 250 255
    204 195 132 182 116 155 0 0 22 67 143 100 0 0 8 198 207 255 0 58 69
    235 0 134 237 122 194 255 255 250 44 233 0 108 112 255 113 210 255
    255 39 255 161 241 130 148 144 161 0 45 0 0 191 0 0 165 107 0 255
    255 202 124 0 255 0 218 160 255 44 130 220 255 3 2 167 17 251 0 255
    118 61 90 20 0 158 162 47 182 111 255 101 53 164 225 139 0 143 69 13
    212 98 25 255 0 231 255 81 255 0 11 197 0 57 36 0 119 0 252 46 255
    206 32 255 0 7 187 0 177 0 35 86 90 255 0 0 92 64 0 0 153 166 186
    130 255 111 0 0 255 0 148 64 255 255 119 255 255 109 172 98 7 0 255
    228 245 0 0 0 138 255 183 255 14 76 0 161 0 0 53 114 90 21 0 170 109
    217 0 255 76 255 194 255 106 0 249 1 0 0 0 0 104 176 0 234 0 0 0 0 0
    255 108 255 126 244 123 43 81 255 115 255 255 0 212 194 126 0 32 255
    140 34 9 255 146 223 255 233 255 0 255 88 0 255 136 82 110 0 255 255
    171 255 0 154 0 191 0 255 111 255 255 235 0 103 0 0 255 73 255 242
    13 0 0 0 255 0 60 214 0 255 146 0 27 197 170 255 0 156 0 155 17 255
    197 0 188 17 164 0 66 10 80 0 191 251 238 65 86 229 255 255 0 77 30
    203 167 255 81 215 216 21 71 197 244 192 255 202 30 150 0 74 138 88
    244 255 203 0 149 0 25 0 0 0 255 159 198 29 0 148 255 0 32 0 168 94
    202 233 255 6 161 168 0 131 0 154 190 56 178 255 85 65 180 255 173 0
    193 255 37 0 76 169 255 255 194 250 37 168 109 157 255 202 0 0 138 0
    0 0 233 192 255 249 59 28 36 0 255 95 16 143 88 91 187 145 0 0 63
    195 255 140 183 222 56 204 255 255 255 171 0 82 144 255 38 0 59 232
    95 0 0 255 199 255 254 255 216 16 51 36 253 157 0 98 0 255 0 0 243
    130 243 158 133 0 127 221 0 35 108 200 189 0 46 62 163 210 255 255
    52 201 93 255 251 226 198 123 246 255 0 255 193 227 74 185 255 223 0
    194 0 146 72 74 135 5 255 140 0 0 103 0 179 170 40 234 0 127 64 0 0
    5 231 70 69 255 67 50 255 0 233 93 229 0 72 99 208 101 255 73 175
    208 255 195 55 199 21 0 34 59 185 0 200 237 0 186 255 80 0 94 162
    255 0 105 106 59 255 140 255 0 76 194 225 255 182 23 14 255 10 118
    255 161 211 255 172 183 94 143 255 152 240 106 0 74 212 255 0 232 54
    251 186 255 178 255 113 163 0 255 255 33 56 255 0 255 193 0 0 196
    255 234 0 112 0 140 201 179 153 74 207 98 80 0 138 255 186 167 61 0
    128 223 214 255 0 55 0 146 174 0 21 43 42 239 255 101 170 16 64 95
    255 248 0 236 166 99 255 0 77 21 0 184 235 255 91 142 81 255 129 160
    24 40 255 255 196 0 35 0 0 42 246 0 255 123 221 139 234 201 22 50
    255 83 0 0 255 41 255 169 0 123 255 0 0 22 234 0 131 0 0 198 149 132
    231 169 174 83 59 209 100 255 0 169 255 0 0 184 9 225 0 242 255 75
    10 0 97 137 173 255 180 255 45 196 15 227 118 178 127 0 255 255 68
    33 74 174 102 0 97 255 210 67 90 255 54 244 223 0 49 39 92 255 126 0
    53 139 148 127 0 244 239 255 0 96 0 0 255 57 197 74 40 0 255 0 60
    140 186 236 134 158 255 255 165 255 0 255 144 51 0 255 133 239 255
    78 122 156 210 17 211 219 0 169 180 8 178 255 215 232 1 39 192 255
    149 204 255 0 18 0 98 255 0 255 189 219 11 255 255 0 234 23 186 0 81
    96 70 130 5 241 255 0 0 81 159 0 0 0 121 255 175 0 0 255 180 73 0 0
    77 22 255 210 0 255 204 57 166 254 255 255 77 153 0 148 200 247 236
    204 255 255 0 98 165 0 78 68 0 255 149 255 99 0 0 66 40 255 0 255
    195 0 0 0 119 190 116 71 217 0 223 0 63 233 248 255 0 152 224 95 255
    17 0 255 144 255 17 27 5 215 214 174 199 255 164 185 118 38 255 178
    99 255 197 20 90 163 0 0 9 0 0 186 122 30 187 111 0 181 127 151 231
    255 0 0 0 39 67 53 0 246 110 8 144 47 255 170 255 255 227 65 255 255
    0 28 255 210 57 255 251 81 210 243 45 205 0 92 193 0 159 232 168 242
    119 220 255 255 255 224 248 239 0 240 4 255 4 210 181 84 0 9 0 90 49
    255 192 201 0 217 192 178 0 59 255 0 253 7 0 252 173 0 0 255 32 215
    213 222 0 132 13 242 255 226 114 212 0 208 43 14 4 0 255 0 255 216 0
    210 0 0 70 0 88 208 255 0 79 198 157 255 255 0 255 231 0 113 0 11 90
    0 172 0 255 255 171 255 255 28 255 0 0 79 255 19 238 94 113 191 54
    101 114 0 0 248 0 185 103 117 250 0 255 255 180 55 54 32 31 172 0
    255 225 9 188 0 255 0 89 53 85 232 0 0 255 51 173 128 255 134 224
    255 255 255 255 255 255 0 0 50 0 247 255 249 0 255 13 0 235 10 115
    255 178 125 51 16 0 145 255 176 239 44 6 71 236 65 214 212 37 0 144
    57 83 187 104 255 255 0 44 19 0 167 148 0 93 26 236 99 231 255 0 224
    255 9 15 0 153 227 13 235 206 160 255 202 57 151 0 93 60 131 0 211
    159 165 77 159 255 255 0 188 215 240 204 217 255 175 140 86 0 88 54
    255 24 47 45 0 0 194 227 0 63 8 0 255 0 0 225 0 255 249 0 63 142 13
    0 75 255 57 34 83 0 242 102 0 115 19 255 128 8 255 22 243 106 0 0 9
    156 76 83 255 118 193 159 201 29 255 137 138 221 255 165 255 112 255
    255 1 228 243 172 131 0 112 103 130 112 255 75 5 0 130 150 255 6 255
    181 179 255 0 76 127 0 74 128 0 200 0 191 0 255 255 41 235 235 141 0
    0 255 233 65 0 255 151 0 84 234 191 0 255 255 68 255 12 81 0 7 255
    111 168 92 53 37 134 255 0 132 255 113 255 255 75 6 255 129 243 19
    255 118 0 255 147 0 119 0 60 67 49 255 117 255 177 0 0 203 0 95 42 0
    98 148 255 255 220 182 224 62 72 4 0 35 0 109 0 175 38 165 204 66
    159 137 0 11 195 0 199 178 36 255 0 89 7 66 240 0 0 237 30 211 0 93
    92 199 90 255 249 45 163 255 34 150 255 255 235 148 255 0 150 4 219
    218 7 255 92 0 122 48 255 252 180 176 80 0 246 26 199 248 0 95 255
    255 251 199 51 255 254 132 42 64 185 0 0 0 138 202 77 255 128 145
    255 76 251 0 68 255 0 212 180 0 139 20 91 221 80 41 92 147 255 123
    255 255 51 0 253 171 255 0 0 24 17 1 179 21 0 154 228 229 109 201
    102 201 21 63 59 209 124 255 182 75 40 255 0 143 133 251 29 166 240
    235 94 150 212 255 153 135 187 176 255 0 255 134 168 178 20 178 17
    113 255 255 31 255 183 188 101 0 172 114 3 180 120 255 121 255 156
    255 158 255 59 167 145 5 75 255 200 114 255 196 11 0 254 117 255 28
    255 96 192 244 105 203 12 231 235 251 255 29 0 255 3 114 70 255 255
    62 0 255 49 231 0 200 255 2 59 64 18 255 166 233 19 255 219 0 140
    199 255 221 120 255 5 0 255 232 84 101 226 140 190 0 0 242 0 170 0 0
    1 0 49 66 0 255 65 255 60 0 169 140 0 122 0 0 255 224 77 82 216 80
    191 79 85 0 89 229 0 0 255 55 240 227 209 198 255 95 37 64 0 74 0 53
    0 235 98 102 167 194 255 192 0 233 212 255 50 255 255 178 194 255
    255 0 255 0 39 70 0 198 0 216 255 103 255 244 75 71 123 211 0 255 64
    0 66 224 255 255 110 247 0 240 0 0 75 0 187 164 159 0 153 27 0 229
    221 255 210 255 255 255 133 185 50 229 0 0 255 54 130 255 16 168 127
    186 0 0 0 172 172 98 171 14 31 136 254 108 255 88 83 56 255 83 255
    255 255 0 15 0 255 24 49 255 0 103 255 0 56 17 255 249 158 0 255 99
    255 39 175 255 69 217 0 0 0 255 192 255 255 96 195 0 45 97 0 255 159
    255 214 255 253 124 57 63 234 4 88 87 0 116 121 255 255 255 255 161
    8 255 255 81 255 192 57 142 0 228 13 114 0 245 19 0 0 203 73 0 0 255
    197 98 66 20 255 42 0 248 204 129 84 126 237 247 32 13 255 9 135 0 0
    207 77 0 0 33 96 105 36 10 243 255 84 90 255 19 38 87 77 255 72 255
    255 255 0 35 176 255 112 0 255 0 0 170 21 110 255 0 221 128 0 0 108
    255 201 255 67 221 145 250 0 255 54 40 67 15 83 162 29 0 123 164 18
    7 34 220 205 0 255 180 83 220 33 101 0 124 255 0 255 0 168 163 92
    237 89 136 0 111 29 12 255 245 179 87 187 7 0 0 153 151 245 255 255
    58 255 122 255 190 112 0 0 137 119 254 255 76 0 204 255 110 255 232
    0 255 31 234 224 253 251 255 236 201 255 0 0 120 0 2 0 230 0 64 0 5
    17 23 0 255 207 129 173 255 255 0 255 163 212 21 0 38 68 205 210 49
    99 54 207 0 247 0 255 255 255 166 0 255 46 129 141 255 246 255 255 0
    0 0 0 218 255 153 10 255 228 0 46 158 0 0 3 232 255 255 66 234 187
    171 0 0 86 255 0 0 50 237 200 3 137 186 255 37 255 192 84 26 108 99
    16 252 255 7 0 143 21 255 0 22 223 116 255 0 16 255 124 109 20 211
    172 28 0 236 80 0 255 0 161 255 191 0 0 255 32 72 122 235 0 34 241
    65 17 0 255 192 0 64 213 76 42 160 212 180 0 255 165 255 255 116 255
    255 50 52 176 255 184 140 110 255 209 0 166 0 0 255 255 159 51 255
    255 4 130 0 170 29 105 205 71 128 255 58 255 85 10 240 185 255 122
    142 255 0 0 96 0 172 0 0 229 220 48 255 154 104 119 0 20 95 30 157 1
    186 255 224 255 88 106 0 204 121 51 127 184 0 124 0 10 248 49 70 144
    123 192 226 114 143 219 64 32 255 89 91 255 253 147 25 23 52 255 255
    22 44 59 246 0 49 22 186 13 0 205 100 232 47 255 255 255 135 103 0 6
    8 66 121 160 112 133 212 62 0 65 154 255 153 255 149 245 0 255 41
    191 255 233 255 103 54 44 25 154 3 255 0 0 255 76 249 8 168 40 242
    249 0 93 221 255 225 255 0 14 0 69 247 255 255 235 132 238 255 131
    34 199 245 142 255 255 255 240 53 0 255 34 80 94 243 6 0 44 255 0 79
    97 255 250 0 119 18 188 88 95 123 230 43 74 0 255 255 250 98 0 129
    255 0 124 0 205 255 127 98 255 210 43 0 133 255 255 24 48 255 241
    114 157 196 0 0 0 60 171 80 199 29 69 143 51 70 177 0 213 0 174 95
    115 255 255 253 142 113 180 75 0 255 255 59 251 255 255 232 19 154 0
    245 76 171 255 0 0 64 74 65 0 65 0 86 89 40 255 0 17 14 255 246 18
    166 146 0 255 205 0 190 234 201 43 0 255 93 0 194 255 255 0 0 0 57
    255 111 255 189 173 0 0 186 96 98 0 195 200 255 255 82 0 69 16 255 0
    168 132 132 255 255 255 255 133 108 0 77 255 0 208 231 205 60 131
    140 0 35 248 187 0 255 255 101 17 0 165 0 29 16 91 255 0 255 128 99
    0 77 243 255 236 121 70 255 227 194 142 245 28 0 81 142 150 0 30 127
    243 120 0 63 87 84 255 0 203 36 0 162 0 255 255 66 124 247 0 255 255
    0 92 202 218 255 255 188 0 188 255 247 14 24 255 255 255 121 255 215
    0 237 62 0 0 64 128 0 181 187 0 0 203 0 72 0 246 0 255 246 241 85
    242 128 132 86 255 255 255 255 221 95 127 0 0 48 241 0 12 120 152 26
    136 93 0 255 0 0 255 124 255 62 255 0 124 9 210 153 255 0 0 255 255
    0 42 211 255 131 81 187 137 169 27 0 221 191 160 200 255 0 138 117
    15 186 0 165 0 0 255 8 186 101 196 255 0 165 255 255 122 255 152 17
    27 45 51 13 0 5 255 230 84 41 71 0 0 0 152 77 96 0 229 34 136 53 50
    33 255 255 154 254 255 0 28 93 255 0 102 216 17 181 182 208 204 51
    255 158 255 255 187 0 210 0 70 221 185 1 187 0 29 28 0 255 131 51 4
    0 55 255 0 10 167 35 212 84 0 122 208 0 255 0 95 255 115 22 255 124
    255 45 82 0 255 136 77 223 255 202 104 153 0 1 255 255 139 189 0 255
    0 42 255 0 131 79 159 232 115 99 0 180 255 194 94 237 17 143 250 64
    219 23 111 23 0 227 5 127 112 0 0 78 91 0 37 126 255 255 127 155 255
    255 19 255 0 255 255 214 23 76 227 214 139 55 163 208 116 11 9 0 25
    0 255 254 255 8 243 184 0 215 91 248 255 0 0 255 225 169 238 85 34
    255 146 98 177 12 120 255 255 90 250 0 8 113 0 92 72 168 110 255 189
    0 32 99 0 0 52 26 0 0 255 255 185 218 0 194 113 177 0 133 255 186 60
    255 207 103 199 92 255 0 108 255 34 255 0 68 0 0 38 196 0 255 81 87
    249 74 159 127 255 171 201 255 159 91 236 89 0 251 167 147 182 0 255
    0 228 0 98 255 250 157 0 37 255 236 57 117 0 0 54 117 216 69 255 135
    220 228 236 255 239 0 117 55 0 150 255 139 49 168 13 122 157 255 0 0
    34 216 222 255 35 16 255 251 255 255 244 244 205 0 255 102 92 221 44
    200 200 17 47 0 0 42 255 255 255 21 255 255 255 0 188 0 0 255 176 0
    255 176 202 245 138 254 70 106 31 0 255 183 0 207 87 71 0 0 255 0
    236 45 165 255 17 255 0 25 137 255 255 105 88 24 198 145 105 255 55
    255 0 255 100 255 242 91 111 195 255 33 68 152 255 164 0 0 255 251
    65 3 181 102 41 255 255 233 206 255 80 46 105 133 102 119 243 194
    251 0 255 0 0 255 23 245 255 55 126 31 89 19 255 0 255 255 170 0 97
    255 14 0 65 255 92 255 0 39 38 171 0 104 16 255 255 32 255 224 81
    193 0 39 198 46 222 255 12 97 63 255 138 253 140 109 255 140 232 42
    228 255 255 96 0 185 26 188 255 188 255 33 0 255 8 0 100 145 0 155
    255 180 238 231 255 108 215 121 0 229 255 56 0 44 255 255 192 0 255
    0 197 255 0 248 172 255 0 0 255 254 255 62 62 43 152 133 93 255 0 99
    65 82 149 98 19 0 155 147 255 48 15 0 68 255 160 133 255 255 255 70
    0 153 70 0 0 120 69 255 0 127 159 194 104 30 252 0 140 212 23 69 209
    255 124 62 0 39 50 216 240 255 146 73 166 20 211 30 230 80 70 40 15
    116 100 0 0 220 11 23 95 255 99 3 108 20 88 255 13 161 255 0 0 18
    255 186 224 6 119 255 150 244 39 0 255 0 134 191 14 0 254 255 0 246
    159 103 218 80 0 190 188 0 43 0 255 173 169 132 255 30 252 255 0 148
    142 186 255 88 0 173 0 255 0 255 255 118 0 129 116 135 0 246 90 71
    211 0 73 217 233 255 203 21 255 0 147 255 194 110 97 90 49 194 70 96
    255 4 128 216 60 39 164 195 202 255 47 0 131 165 208 0 209 255 255 0
    176 97 140 255 255 255 114 156 199 219 88 207 255 0 108 0 156 238
    184 255 72 16 126 242 0 130 109 255 255 39 255 198 51 157 46 216 188
    0 119 255 46 96 186 255 0 238 0 132 0 129 255 255 255 65 0 215 0 181
    0 0 223 203 112 109 0 0 9 166 255 255 219 0 255 34 140 104 218 155
    174 193 146 204 29 255 79 0 231 207 40 0 0 56 0 43 103 255 255 14
    255 255 48 0 161 0 68 255 77 27 86 186 40 255 185 255 56 0 41 255
    129 42 0 167 255 255 41 202 14 255 175 249 255 186 16 93 240 182 54
    20 191 243 0 0 219 0 0 0 255 0 29 255 192 230 23 218 255 0 0 101 141
    0 0 198 221 10 255 0 255 49 0 64 196 134 1 13 0 216 131 255 0 198 0
    153 94 99 110 50 255 0 174 40 233 210 42 255 0 0 255 0 228 0 147 255
    156 255 8 255 138 77 255 0 21 184 156 255 255 255 141 140 114 18 186
    0 255 255 204 0 0 30 255 255 115 0 38 79 116 145 56 255 0 157 250 38
    0 79 239 0 255 194 255 138 245 255 255 153 0 72 0 20 45 77 26 155 85
    105 54 9 255 0 182 91 255 43 98 207 130 255 255 255 241 121 249 255
    0 238 0 0 181 255 0 255 0 204 255 255 232 35 85 113 219 66 122 255 0
    125 255 255 132 73 98 159 207 15 255 6 129 255 0 0 144 255 0 32 255
    154 0 124 0 81 170 0 109 0 182 76 159 255 163 170 229 230 255 0 79
    255 73 125 255 90 136 82 255 0 0 214 0 235 175 45 255 194 60 8 114
    64 24 255 178 255 211 206 226 119 0 85 125 0 142 253 220 205 158 167
    96 130 28 0 0 192 255 0 184 0 150 87 116 0 0 76 255 0 248 130 8 255
    255 63 42 0 65 255 0 255 0 146 255 226 179 255 119 255 255 0 10 91
    20 50 180 117 41 255 67 195 255 78 240 234 118 252 0 0 102 0 255 233
    255 243 0 117 191 0 226 128 255 11 151 0 194 3 255 0 0 43 0 255 84
    68 84 167 3 28 181 178 6 255 19 26 79 210 254 69 18 226 70 111 255
    13 208 255 249 0 255 190 99 69 0 228 179 96 31 220 0 31 255 238 167
    255 255 44 144 255 68 25 229 243 184 0 44 165 172 133 150 0 11 231 0
    110 235 19 13 255 255 0 33 255 77 59 127 228 177 211 255 0 0 162 45
    29 0 255 191 62 255 149 90 106 50 255 210 0 26 228 186 134 62 217
    177 255 255 73 255 40 255 250 32 0 149 255 243 255 139 242 199 0 240
    76 177 245 255 71 0 104 227 24 0 208 84 184 236 0 117 190 0 206 0
    194 106 85 0 0 134 255 130 173 110 157 255 29 230 144 0 17 0 255 0
    255 255 236 255 255 75 0 198 255 135 130 163 144 255 248 249 245 110
    0 6 69 146 122 94 98 255 89 0 32 0 255 255 0 0 179 98 255 255 0 160
    246 229 63 0 63 0 0 0 148 0 21 95 135 0 253 218 165 184 0 0 255 104
    186 255 255 0 58 255 255 255 51 96 190 0 60 0 123 1 22 61 14 8 174
    238 4 255 201 0 72 200 150 0 104 255 255 0 226 0 0 233 0 4 168 114
    74 46 255 10 161 221 225 10 5 0 0 255 0 255 255 202 255 255 0 255 98
    255 255 0 255 141 32 255 71 0 255 0 0 247 0 0 150 255 144 255 112 40
    0 141 0 84 255 6 255 228 149 255 142 236 0 255 0 172 255 6 255 148
    255 0 255 98 87 255 141 210 0 0 87 151 12 0 115 35 71 66 208 92 228
    167 255 255 149 92 14 0 60 177 255 145 209 89 1 57 111 255 255 255
    70 255 0 14 255 170 0 0 36 0 26 248 255 255 244 255 243 0 255 0 61
    255 17 219 111 143 0 194 232 29 9 255 0 255 0 0 66 189 133 255 197
    215 15 120 100 0 8 74 255 144 0 64 33 226 0 230 147 0 185 131 0 34
    33 72 114 46 255 0 0 255 78 74 222 158 53 0 0 8 157 242 113 151 110
    152 219 242 159 49 209 73 0 255 155 255 123 19 96 127 47 132 162 100
    62 255 120 129 96 8 97 255 87 147 15 0 0 161 255 255 122 203 4 242
    34 55 127 91 0 255 0 200 15 0 218 0 162 88 135 255 8 255 77 187 255
    255 2 0 146 11 0 137 252 109 22 255 103 255 115 203 103 112 170 255
    15 72 78 0 64 235 0 255 220 116 40 158 255 0 255 28 4 255 210 74 210
    255 0 76 0 103 16 0 244 202 0 89 174 0 91 72 76 68 255 137 255 255
    18 212 8 0 255 34 160 113 59 255 169 251 255 0 248 238 0 115 63 22 0
    255 248 95 255 31 57 0 162 28 0 10 181 89 89 218 209 0 0 255 201 0
    182 69 0 255 63 94 251 168 140 175 36 255 186 0 255 248 0 149 155
    255 200 181 0 255 220 115 202 255 0 255 208 255 56 86 255 232 0 251
    42 0 0 80 0 214 0 207 101 87 255 45 247 188 148 0 0 220 118 120 188
    97 215 53 242 207 80 98 251 0 233 160 161 212 148 179 204 255 0 61
    191 148 131 255 0 151 0 224 0 255 255 22 194 194 39 255 126 255 214
    219 0 255 85 21 251 182 210 192 177 0 0 255 214 104 0 112 0 106 0
    255 0 0 25 163 255 52 85 180 203 81 255 255 42 178 196 162 68 255 33
    129 177 0 67 7 0 0 255 255 204 0 66 51 7 134 78 188 138 81 124 208 0
    35 50 39 47 76 250 138 230 0 0 236 24 180 24 213 255 0 28 0 217 168
    255 0 255 0 0 0 217 190 0 74 70 95 15 255 143 0 119 32 202 255 47
    162 203 255 161 0 32 150 209 145 0 150 116 64 204 175 0 0 26 0 0 255
    254 22 14 255 249 247 3 30 1 116 236 0 0 41 52 26 255 188 165 255
    255 42 200 90 115 116 0 112 157 0 100 26 20 255 37 0 255 179 146 253
    0 31 21 255 0 0 150 245 62 255 198 0 255 255 228 93 68 255 0 0 255 0
    203 80 87 58 255 242 0 138 143 66 237 189 0 168 218 2 69 53 103 134
    255 163 38 222 111 0 0 139 0 0 195 111 190 140 164 162 153 1 0 222
    26 198 21 246 193 199 6 71 193 47 104 48 130 255 146 0 139 67 10 246
    23 170 119 83 0 0 207 255 255 174 12 24 224 8 119 7 96 0 162 0 255
    189 0 0 33 255 0 116 218 161 114 13 236 126 102 183 250 140 0 60 255
    66 118 0 185 108 118 145 240 255 93 101 147 143 227 151 236 233 87
    91 255 0 0 255 0 249 255 113 255 22 255 223 255 255 255 222 236 123
    255 255 255 36 5 255 129 109 255 7 255 0 0 75 221 3 255 198 255 228
    141 255 201 192 0 255 64 80 22 32 169 0 151 255 0 218 23 144 2 3 232
    0 0 255 0 0 255 124 255 248 0 255 255 112 124 212 154 238 66 0 66
    121 132 184 186 159 246 200 255 70 92 195 174 42 167 0 60 255 245 1
    71 182 0 252 117 255 128 124 255 207 27 255 0 205 255 0 0 60 0 255 0
    0 111 0 255 51 0 151 202 210 0 0 255 0 0 255 255 198 105 79 236 0
    149 221 247 134 255 16 255 156 40 177 114 170 0 229 0 192 0 22 122 6
    170 70 90 255 105 139 13 86 5 18 99 202 134 50 53 134 255 64 255 183
    255 221 255 90 76 50 0 20 2 255 111 255 100 250 0 92 255 30 6 255 49
    255 156 96 255 0 14 106 17 60 0 84 146 255 138 53 92 255 0 47 135
    139 56 78 195 108 255 0 0 96 233 207 0 40 0 148 67 13 0 23 1 255 176
    180 42 21 255 160 139 77 0 255 0 80 208 230 176 0 58 76 0 138 216
    219 241 255 0 255 255 0 149 0 42 255 118 231 211 0 0 135 0 25 0 0 0
    46 250 255 2 76 255 144 189 72 174 36 133 154 30 0 143 48 32 0 142
    13 255 251 237 78 159 255 176 80 86 133 0 0 0 56 147 255 255 255 0 0
    33 164 37 255 40 234 0 0 172 68 116 98 94 255 212 68 216 255 126 7
    99 29 176 96 255 166 32 144 115 125 49 199 0 138 229 138 33 165 212
    115 85 183 28 0 255 150 152 42 0 131 124 133 7 5 156 57 219 168 111
    0 73 217 0 0 255 25 89 255 68 116 76 143 0 112 236 255 0 164 89 181
    0 0 87 215 88 90 195 4 255 0 55 42 140 0 255 255 48 255 149 255 195
    119 255 26 26 147 255 0 255 147 135 43 0 42 0 131 0 255 4 70 128 255
    255 19 255 0 4 250 234 132 255 35 23 108 240 42 255 181 255 255 0 82
    255 247 115 251 255 255 255 52 63 215 22 255 0 142 236 63 31 255 255
    208 94 0 118 87 0 225 18 68 255 209 66 36 104 153 157 0 0 0 245 163
    0 40 2 62 17 255 185 255 148 222 60 242 170 255 0 0 255 194 168 255
    0 101 149 0 201 47 255 48 255 0 255 245 116 222 12 106 49 224 175
    254 22 0 0 124 117 94 255 211 252 152 55 190 49 255 181 0 61 255 173
    33 97 34 111 0 105 29 37 186 0 255 255 156 65 0 168 0 0 184 226 199
    88 29 38 122 0 237 167 75 126 229 255 53 0 59 172 0 0 8 0 0 79 61
    255 255 113 101 255 171 119 255 255 0 0 0 28 0 0 188 53 255 0 0 116
    188 0 0 255 146 221 0 143 70 0 252 138 206 172 255 251 116 255 255
    255 155 239 255 51 211 149 255 131 83 0 231 0 0 0 35 62 133 0 29 56
    0 60 255 0 35 239 25 154 21 255 88 0 255 32 255 197 255 128 187 62
    78 0 10 0 255 243 41 250 210 220 63 0 12 127 255 255 161 223 255 97
    101 226 172 35 178 255 90 137 149 18 93 255 203 0 232 255 112 248
    204 240 117 0 37 174 40 241 232 255 0 0 252 255 74 87 76 217 141 0
    60 119 0 255 212 55 0 0 208 255 255 135 144 216 255 34 97 252 255 0
    90 227 0 0 239 129 255 187 93 89 255 253 0 106 235 1 131 255 196 193
    198 211 255 0 218 0 0 220 205 65 255 255 171 177 128 113 169 156 255
    0 218 117 177 143 218 13 116 3 247 211 84 0 255 42 153 239 255 135
    35 82 0 191 255 235 180 65 28 33 143 103 255 205 190 255 174 106 236
    3 0 255 255 51 208 255 13 0 0 246 56 111 255 97 194 255 5 0 112 226
    0 168 255 192 96 0 197 190 255 255 71 0 254 239 131 255 255 116 211
    239 224 78 145 186 99 0 194 57 255 0 31 0 138 0 23 93 88 122 255 138
    124 180 194 0 0 195 255 0 103 52 23 228 103 0 255 164 77 0 230 40
    196 255 187 36 194 23 105 206 109 255 63 255 232 131 97 255 20 0 184
    71 142 19 0 0 187 8 84 255 41 234 60 0 56 32 0 255 100 174 201 255
    255 251 39 0 169 227 0 254 9 16 17 214 255 128 255 168 255 255 223 0
    160 235 54 3 213 110 194 207 255 9 50 7 255 122 0 41 255 231 9 255
    255 0 124 161 95 255 144 255 223 0 0 0 71 61 255 152 89 255 139 69
    14 159 152 0 10 0 0 255 0 94 179 0 0 196 0 0 0 101 241 186 231 50
    223 97 129 28 61 255 255 47 193 121 0 242 176 198 8 146 255 154 255
    211 255 64 65 221 169 89 255 120 131 203 255 31 83 86 255 255 0 255
    105 0 72 184 157 0 164 26 227 255 255 255 12 222 0 255 98 255 255
    130 255 0 214 7 0 18 21 232 99 255 255 12 47 0 255 214 106 0 16 253
    255 255 0 255 61 100 0 69 130 0 255 92 255 220 143 0 192 83 0 178
    255 136 20 52 14 18 84 181 128 182 166 255 206 47 219 0 68 219 40 0
    166 0 0 63 67 0 78 255 255 94 188 111 151 166 215 196 255 156 255
    245 0 203 38 56 252 209 234 146 20 255 0 166 95 71 255 167 72 112 6
    120 75 84 67 0 50 0 156 224 38 0 255 32 63 138 255 0 194 255 0 255
    255 78 54 0 250 33 33 39 97 0 255 198 255 172 18 255 0 114 153 255
    255 20 52 0 0 0 255 125 40 0 80 255 255 255 151 255 255 222 198 255
    199 73 90 255 153 0 196 248 29 255 255 114 143 0 0 135 255 163 41
    210 0 167 0 38 211 37 76 255 255 106 143 204 0 99 0 0 181 16 0 0 255
    0 43 255 0 0 118 40 66 203 12 169 0 0 255 255 255 52 46 171 15 163
    92 38 137 0 210 67 163 255 0 0 184 0 96 193 149 140 215 0 243 0 153
    28 0 106 190 255 255 166 164 163 255 0 140 91 19 0 13 211 198 124 48
    190 87 255 195 255 0 6 75 0 60 255 47 250 255 255 5 0 204 215 77 0 0
    153 255 59 80 85 252 117 165 93 255 255 224 255 255 255 18 52 164 94
    255 129 175 0 163 70 212 155 144 255 159 160 255 145 0 209 242 0 18
    159 220 45 0 61 0 6 68 255 255 0 255 121 241 159 255 228 43 255 56 0
    0 164 0 129 171 115 0 240 255 0 226 0 102 161 10 39 0 255 132 40 0 0
    255 167 198 51 62 16 191 177 156 218 255 0 0 72 93 0 70 255 255 217
    142 186 91 128 255 103 163 177 158 104 175 255 230 59 177 0 211 235
    239 0 182 235 123 6 255 218 85 234 152 193 176 255 141 252 175 255
    255 255 218 255 170 249 163 131 253 255 0 42 106 159 149 229 255 67
    255 232 209 111 15 255 0 191 255 20 235 93 92 255 29 0 255 0 0 102
    16 23 212 131 242 174 19 176 0 218 255 174 129 238 255 25 100 194
    255 185 52 13 162 46 0 189 238 0 0 79 0 72 152 220 0 218 0 215 59
    100 255 179 255 0 255 220 0 250 99 6 255 255 0 162 2 0 255 0 255 205
    129 98 0 114 0 126 57 214 0 27 74 240 0 156 15 176 0 19 255 0 65 241
    255 0 255 0 42 31 122 136 229 195 51 255 255 255 61 80 244 0 123 229
    0 255 255 229 173 170 255 80 229 255 135 0 255 33 211 0 255 255 87
    255 0 21 99 14 43 0 0 154 101 0 255 255 122 255 255 113 6 255 198
    255 156 0 0 255 230 37 255 129 255 0 42 0 254 89 221 212 255 180 255
    0 129 250 0 0 235 255 39 251 0 44 203 194 234 255 0 247 0 69 27 249
    40 0 214 255 92 121 27 255 0 176 255 97 0 228 34 36 1 79 132 102 0 0
    185 13 156 55 58 0 0 255 255 234 0 45 90 119 254 237 0 255 255 46
    255 100 255 31 243 255 255 40 10 118 245 13 0 0 237 211 49 25 179
    128 0 255 190 152 110 138 215 0 232 161 61 158 94 209 183 191 3 204
    141 217 141 103 149 18 255 92 36 113 110 0 255 177 156 111 36 123
    123 255 255 61 53 62 115 0 226 0 54 41 0 171 157 255 102 134 255 39
    49 246 0 0 53 255 255 17 255 229 10 21 0 22 50 255 198 67 0 73 112
    107 255 171 234 0 0 180 0 216 255 255 72 0 213 233 0 133 255 255 255
    104 255 255 147 108 180 255 143 255 255 0 125 52 0 208 53 5 107 79
    56 149 119 203 141 0 255 166 149 122 0 167 21 215 255 84 255 125 255
    97 215 112 0 0 248 255 0 146 0 232 0 5 251 180 235 0 0 101 0 0 0 255
    118 214 238 0 0 226 0 214 25 78 180 255 143 187 63 0 87 182 255 233
    255 215 109 23 54 255 0 0 3 255 253 15 253 255 90 31 239 0 0 248 9
    218 155 0 37 255 6 0 220 0 0 119 151 0 149 83 8 0 79 255 0 255 255
    78 180 94 190 0 75 29 0 129 169 110 0 219 136 143 255 19 223 17 255
    32 0 0 2 88 69 233 153 0 244 197 124 169 201 139 108 185 84 255 105
    241 212 185 176 255 128 230 255 164 0 255 126 153 0 130 255 0 43 255
    190 0 0 255 62 66 80 144 0 27 255 224 176 174 255 255 0 35 113 72
    129 238 65 255 231 30 255 238 42 78 148 0 78 140 172 7 12 53 202 0
    24 154 178 65 154 46 133 98 178 0 0 255 127 0 0 120 172 170 156 68
    192 255 255 4 57 255 96 56 240 213 255 0 0 62 255 110 0 184 57 146
    123 83 214 55 24 182 82 179 255 255 32 163 255 0 236 255 218 182 73
    0 187 255 0 131 0 255 9 77 6 200 191 233 50 145 188 37 255 79 255 0
    0 0 3 85 0 13 84 28 151 163 200 4 0 20 7 234 170 76 255 0 182 66 0
    223 0 255 170 255 182 199 179 81 255 220 195 127 255 41 255 205 255
    12 0 208 86 255 0 18 96 225 65 122 231 39 237 238 255 255 237 175 0
    255 255 68 55 241 160 217 255 255 243 0 9 22 48 52 161 52 0 136 138
    104 5 255 42 160 181 0 255 168 113 255 237 189 255 230 0 0 0 230 75
    64 209 255 122 192 255 78 0 88 188 0 149 216 255 128 0 255 226 108 0
    69 195 0 103 133 190 16 229 28 6 243 226 11 247 97 221 255 239 0 0
    255 246 8 60 222 172 0 85 116 255 255 255 0 168 239 38 232 1 0 255
    255 71 109 255 69 27 101 217 0 96 255 87 152 18 194 174 105 105 111
    127 3 0 183 95 72 51 137 210 55 35 69 255 255 120 8 142 67 65 0 255
    245 255 79 0 111 213 0 0 195 0 1 238 53 255 57 233 255 134 54 2 141
    97 55 0 0 0 67 156 197 205 165 255 255 126 131 93 70 41 31 206 0 61
    255 0 157 193 0 199 125 21 84 61 255 0 89 237 0 0 0 255 24 147 0 225
    255 26 223 0 222 220 234 85 0 28 0 86 80 255 255 255 255 255 143 57
    196 108 209 0 220 234 255 58 111 16 60 89 255 144 237 0 0 10 7 198 0
    0 0 61 255 0 207 253 0 232 255 57 75 131 93 82 100 0 255 255 73 43
    104 255 113 170 255 255 47 142 196 255 139 222 0 92 255 253 129 92
    180 113 0 17 28 0 0 117 255 255 101 134 255 198 167 0 255 0 0 76 112
    0 160 219 225 255 156 77 102 255 223 125 108 255 142 0 255 86 0 0
    115 255 255 100 0 222 120 255 74 13 83 49 202 99 120 233 196 154 82
    0 0 255 201 255 234 7 255 255 144 11 145 219 77 0 255 198 0 255 161
    117 236 48 0 125 50 79 176 126 180 166 98 70 255 158 0 255 255 26 0
    39 253 222 203 14 255 248 136 255 216 255 253 160 255 147 193 0 0
    255 0 255 28 52 255 160 0 255 0 49 221 42 255 42 255 255 154 249 255
    202 44 0 0 0 35 206 52 255 12 130 134 100 0 62 249 0 255 255 166 255
    0 0 208 74 0 186 200 205 0 236 158 109 0 0 6 255 0 63 170 0 226 255
    255 255 108 222 255 64 154 222 249 255 255 95 255 80 64 255 114 98
    173 37 84 126 106 253 0 0 206 174 255 182 179 255 52 0 43 255 28 163
    0 0 166 0 255 255 0 255 255 45 255 0 233 242 255 130 0 30 239 255
    132 136 255 248 216 0 22 0 183 16 152 255 199 98 0 1 0 0 219 255 255
    0 108 156 185 179 253 0 123 177 0 18 36 240 253 161 255 255 116 255
    0 255 184 37 255 250 249 255 127 14 200 68 37 217 0 0 194 146 255 84
    104 0 255 0 255 255 209 0 63 255 244 197 0 21 79 87 255 255 0 255
    145 255 151 105 208 0 180 38 82 255 255 255 5 107 180 0 0 0 141 88
    255 0 255 161 208 78 0 255 206 194 223 255 29 0 235 87 157 188 255 0
    255 188 66 173 255 14 117 255 0 0 215 255 36 178 131 0 0 255 242 48
    202 89 9 7 195 29 42 38 0 36 48 230 0 0 255 235 255 255 255 0 255
    255 185 178 201 0 119 165 137 17 255 34 159 0 107 18 150 255 185 0
    106 143 107 86 230 255 0 196 255 224 255 255 94 57 35 138 255 0 225
    186 0 0 181 251 253 238 227 148 231 56 143 15 244 255 255 105 44 80
    213 161 240 255 255 255 0 22 64 0 0 170 38 255 255 166 0 175 56 0
    106 202 62 255 0 217 88 130 255 255 0 211 226 173 0 142 33 0 194 62
    143 0 195 0 171 141 97 175 218 99 255 74 0 85 0 189 0 210 0 255 255
    192 255 147 255 0 255 164 125 160 164 0 255 255 0 90 0 206 197 213
    65 0 26 211 255 0 255 0 34 0 146 118 251 249 0 110 230 56 164 0 225
    0 0 55 143 31 41 16 0 141 208 255 53 0 255 10 243 255 142 255 208
    152 37 133 201 201 255 0 221 196 0 0 63 21 0 24 255 217 104 255 11
    255 241 69 63 15 116 207 113 228 0 126 0 158 255 0 84 171 255 39 135
    164 0 222 255 94 164 69 144 116 83 0 153 178 12 28 0 0 230 128 251
    79 28 72 0 166 255 0 0 186 139 152 138 255 5 0 255 240 0 255 37 255
    118 0 0 41 165 0 255 118 76 228 219 192 255 0 132 67 255 168 104 11
    255 143 206 48 239 255 0 255 173 95 195 0 179 0 211 218 255 0 0 255
    109 255 31 0 255 255 119 196 239 47 0 255 45 255 255 105 251 75 28
    98 150 151 255 67 222 149 141 59 234 255 168 0 65 129 0 255 255 0
    240 71 27 13 198 104 233 68 194 30 31 201 0 99 214 31 127 157 184
    195 99 153 33 255 223 0 46 0 0 255 255 22 88 0 197 188 152 255 255
    161 255 250 122 0 232 181 0 2 180 0 104 98 0 100 143 199 139 107 0
    255 116 102 148 255 181 141 245 66 0 170 255 222 0 142 82 171 67 87
    26 0 25 242 141 0 83 20 106 255 27 190 255 154 79 108 47 176 78 59
    21 243 184 54 155 179 0 255 152 0 113 44 0 92 0 44 36 35 214 240 255
    50 255 0 200 52 9 15 255 0 0 0 21 255 19 145 0 113 0 69 223 151 165
    0 253 0 90 81 206 174 158 251 42 255 0 0 255 255 194 166 180 0 128
    139 255 160 64 255 255 43 218 255 255 62 67 255 3 134 22 0 228 175
    128 19 0 255 84 36 153 73 90 255 0 21 0 151 97 140 255 0 198 255 0
    69 172 255 255 255 210 21 113 225 3 13 209 206 213 255 255 93 42 0 0
    91 255 0 187 0 231 188 82 85 63 184 29 110 0 100 0 0 46 124 104 40
    145 61 0 233 72 127 152 0 247 0 0 56 38 81 163 182 188 40 0 0 13 0
    255 127 211 122 219 131 255 255 17 49 114 229 66 86 113 189 109 136
    159 176 175 136 112 193 207 32 119 195 34 68 124 105 197 0 0 255 112
    4 113 255 12 229 13 199 90 55 255 49 86 255 0 94 49 40 220 63 195 0
    248 102 164 141 143 0 122 237 0 151 8 26 253 49 202 20 177 255 92
    171 19 24 115 198 133 247 18 100 0 76 93 76 255 126 30 131 59 91 25
    255 255 57 66 58 255 0 0 255 28 96 164 140 221 141 0 253 0 184 66
    241 255 225 105 177 255 152 236 255 0 113 0 48 0 39 255 140 178 50
    255 208 230 138 49 90 83 79 255 255 255 0 0 255 39 177 255 255 232 0
    234 248 0 56 199 225 245 132 255 18 255 0 32 0 227 0 74 23 243 255
    228 252 111 240 96 0 65 255 0 78 38 161 255 48 9 211 167 0 207 0 0
    202 0 97 117 0 189 137 149 198 0 143 206 25 255 21 0 146 255 255 0
    255 152 255 198 255 45 42 29 232 255 12 255 0 174 180 0 2 111 0 0
    255 62 21 36 0 243 23 44 255 0 0 16 0 200 0 248 255 255 33 95 230
    150 196 53 142 88 255 255 193 135 10 255 111 145 0 49 0 0 183 32 87
    108 173 11 203 7 206 227 27 1 206 166 255 30 216 56 255 153 35 0 0
    154 104 32 110 136 43 223 255 165 50 255 36 208 255 139 255 18 115
    255 255 0 118 255 97 5 225 217 87 144 0 240 4 132 7 0 48 0 93 144 52
    151 0 255 0 185 255 255 145 127 136 211 251 14 49 255 133 148 79 125
    0 227 134 48 17 116 255 0 0 37 175 102 255 2 255 172 255 255 0 153 0
    255 154 0 90 255 0 0 102 67 255 120 42 136 148 0 255 30 0 176 255
    108 255 231 61 22 150 255 0 192 151 7 0 255 255 255 69 242 0 21 55
    255 146 53 255 0 0 73 255 0 0 101 241 123 255 191 0 30 52 85 19 81
    255 0 255 234 0 163 71 0 255 139 0 109 17 0 22 140 255 0 0 38 0 90
    255 255 183 255 132 72 236 0 127 198 20 251 255 206 0 226 255 90 255
    158 0 255 255 0 0 164 94 134 49 0 51 41 0 169 255 57 0 0 255 189 255
    255 3 31 0 255 243 13 48 37 196 61 111 254 0 162 111 155 255 73 244
    0 1 0 0 179 0 205 25 231 225 210 134 104 0 80 110 255 82 182 215 0
    255 255 240 182 255 121 154 255 78 255 255 50 34 242 168 0 0 20 0
    174 178 0 0 208 43 255 0 27 255 0 160 247 212 40 157 24 2 192 246 0
    163 0 40 160 26 233 163 91 255 124 213 180 0 11 20 94 0 152 142 66
    255 255 249 255 130 62 181 125 144 255 100 44 0 127 0 38 190 175 33
    0 0 166 195 0 191 125 12 17 0 0 251 72 255 0 159 88 138 0 0 139 39
    219 255 6 255 255 255 3 255 255 196 177 38 116 255 74 44 255 255 0 0
    245 227 0 111 87 255 51 27 7 226 0 32 252 141 21 255 122 144 117 0
    10 255 50 184 98 243 238 255 255 255 0 85 191 255 26 0 255 106 0 0
    37 248 255 0 255 0 255 11 29 255 255 88 174 102 59 91 255 194 255 0
    255 221 0 0 0 255 0 187 87 0 94 231 195 210 14 27 171 231 144 255
    130 255 161 102 255 8 255 96 33 37 114 75 255 187 0 255 0 56 255 255
    72 145 0 255 0 121 161 206 121 41 255 140 124 41 99 0 0 176 64 0 146
    18 0 105 187 10 0 255 190 176 255 0 144 12 255 144 103 113 43 176
    130 45 171 255 202 53 131 94 0 204 251 0 179 255 0 58 49 0 107 159
    112 255 237 0 255 167 0 202 72 123 248 0 94 0 185 251 255 55 153 98
    66 0 239 104 255 5 255 255 255 30 68 154 150 74 50 41 36 202 0 255 0
    73 142 154 116 249 210 0 255 128 11 137 57 255 0 80 184 3 34 255 132
    112 230 171 89 195 191 253 2 129 3 0 220 0 22 165 161 167 228 185 7
    250 255 0 218 0 205 255 0 36 204 67 201 35 0 92 255 47 221 244 0 255
    250 15 0 171 94 0 131 180 175 193 105 0 27 199 141 0 115 255 255 0
    127 113 255 203 174 255 81 0 252 31 21 199 0 193 219 77 0 178 255
    176 239 255 121 12 255 255 24 141 255 50 255 255 246 89 135 255 0
    255 31 148 107 55 0 178 141 162 0 43 0 255 141 90 85 225 220 0 81
    198 0 190 74 245 62 255 255 147 0 83 182 193 4 87 152 0 88 0 254 0
    56 0 53 54 0 148 0 163 91 255 0 32 118 255 152 67 255 91 255 4 140
    168 55 141 246 235 255 110 255 142 28 227 223 27 172 74 18 0 213 0
    186 233 235 0 0 240 105 77 151 168 204 1 0 0 255 140 216 0 124 255
    76 206 255 227 163 239 199 224 5 33 255 212 85 133 94 107 210 16 39
    10 81 41 255 129 130 0 99 179 121 233 54 0 251 255 11 250 71 255 255
    225 255 255 19 111 192 36 194 255 49 0 5 255 48 121 159 25 12 255
    222 225 194 255 135 206 246 219 97 121 179 136 195 8 24 245 211 255
    15 74 146 67 9 255 125 255 211 168 59 235 122 82 212 0 0 35 255 181
    232 199 136 255 157 193 238 0 124 151 64 108 48 86 223 255 232 255
    255 0 221 50 0 9 170 47 160 193 181 255 14 0 129 255 58 255 47 0 108
    255 135 104 64 34 72 0 170 121 255 13 0 255 218 69 255 178 170 255 0
    148 255 0 225 112 226 209 230 105 67 11 255 0 255 195 59 130 255 0
    255 62 0 196 103 236 182 128 89 255 255 0 15 255 0 0 37 193 21 0 140
    0 115 255 255 22 248 191 235 74 3 242 0 255 18 0 223 225 255 0 0 255
    93 245 51 1 120 254 0 255 102 68 70 142 255 113 105 3 41 186 69 95
    11 103 255 51 0 255 0 255 193 30 191 255 0 242 182 21 153 71 0 157
    133 230 227 123 0 7 33 108 0 165 195 44 0 216 233 208 245 167 125
    229 255 0 104 50 0 44 220 166 80 255 167 182 199 158 95 205 193 255
    21 208 51 255 44 34 0 179 120 255 255 219 204 255 255 255 16 0 102
    255 26 145 32 245 203 132 200 173 255 97 160 255 255 22 127 165 107
    255 255 161 169 76 93 60 186 160 212 73 0 88 255 143 0 236 102 144 0
    0 237 118 116 0 255 194 255 224 186 4 0 44 227 2 92 222 212 32 8 0
    143 92 67 161 48 109 56 255 88 56 215 14 255 31 0 125 255 149 251 81
    255 246 254 70 56 0 122 97 25 153 94 0 45 86 200 211 151 115 0 255
    42 61 95 0 90 255 166 251 110 0 0 37 165 67 191 3 255 255 11 0 80
    218 255 255 94 135 255 0 185 251 123 0 255 1 204 144 255 255 180 255
    207 18 30 255 0 255 0 16 246 171 90 196 185 0 200 100 0 201 255 0
    255 8 0 241 255 0 144 216 254 1 217 36 184 255 255 170 255 87 71 130
    0 0 190 0 118 255 0 250 255 210 47 204 152 112 159 0 86 118 112 11
    116 255 0 95 255 51 84 0 0 255 35 70 127 163 145 0 255 0 79 0 97 168
    232 255 0 210 0 69 100 0 196 47 16 120 12 255 253 232 0 217 137 0 0
    225 255 255 85 0 140 247 0 160 0 21 0 0 255 97 85 202 0 97 126 241
    182 91 235 0 14 33 83 219 113 35 231 140 0 227 15 255 255 243 151 0
    255 130 240 66 0 87 11 255 255 15 130 255 179 153 155 208 234 211
    243 0 0 141 201 255 255 0 42 49 0 255 255 0 255 52 101 0 67 255 149
    18 163 0 61 237 0 192 111 50 115 79 255 255 250 66 192 49 59 44 246
    173 216 255 31 91 39 229 0 233 255 63 0 245 255 222 92 208 55 240
    119 221 255 32 210 180 53 232 255 221 255 255 4 27 111 30 119 255 0
    15 211 255 32 0 225 255 255 92 223 198 237 248 117 101 129 0 189 54
    177 236 255 143 156 194 88 30 176 221 255 198 255 0 230 0 113 0 0 67
    218 0 255 201 23 249 0 0 0 16 255 5 0 0 255 255 132 241 87 255 80
    182 255 250 0 73 33 32 255 0 153 255 139 255 0 0 175 255 0 0 255 255
    255 179 78 247 255 255 0 193 155 83 255 112 86 102 83 148 0 168 235
    110 44 42 0 175 0 239 255 0 234 221 0 146 0 0 255 0 0 255 49 3 50
    243 210 0 27 255 255 87 129 247 176 0 237 255 242 255 255 43 218 112
    62 255 72 0 131 113 94 255 222 0 255 134 35 255 0 72 255 255 0 208
    56 255 27 183 0 2 0 0 255 11 5 236 0 90 143 75 255 60 66 255 135 176
    170 23 104 255 157 255 0 130 162 123 0 22 106 147 195 255 182 255 0
    255 0 132 245 207 255 232 233 0 242 0 219 0 51 15 0 255 0 0 0 0 0
    234 234 0 169 172 0 170 0 0 255 165 77 20 44 67 255 255 0 0 206 0
    255 244 88 211 250 24 124 0 164 69 0 79 85 249 205 41 195 172 159
    203 72 80 49 0 120 161 0 246 46 255 153 0 61 0 0 255 205 151 176 53
    188 236 188 108 222 153 0 109 76 0 0 248 231 255 32 0 255 162 255 0
    113 184 0 229 138 255 255 0 112 255 0 255 173 24 112 70 237 12 0 198
    245 166 255 20 170 128 14 255 107 89 0 212 221 226 80 0 116 109 0 95
    167 52 73 0 69 255 151 95 166 146 48 127 255 255 40 255 149 202 209
    224 195 134 0 29 97 0 0 158 190 0 255 89 0 72 6 0 94 247 55 255 0
    255 255 0 0 188 70 0 0 229 28 162 0 137 233 111 14 0 93 22 0 0 0 210
    175 0 81 40 130 214 214 71 176 0 0 255 160 255 13 255 255 0 69 255
    139 179 30 0 255 0 17 255 30 0 40 133 255 0 255 255 255 223 0 193
    255 7 131 255 54 28 105 237 250 42 87 160 30 151 101 0 66 49 242 32
    0 134 255 255 223 239 244 0 195 171 180 235 255 128 32 72 0 255 0
    110 255 227 255 38 183 254 0 18 0 0 255 255 132 34 219 231 97 82 53
    0 101 205 157 255 214 166 0 122 62 141 103 86 218 255 221 36 255 152
    92 185 93 255 154 0 68 183 252 255 141 63 255 106 102 59 120 217 64
    41 170 188 255 144 116 255 142 2 100 255 162 255 255 0 0 203 178 152
    82 255 28 243 54 236 0 94 166 248 48 8 0 36 0 75 7 12 255 190 82 68
    14 115 255 255 112 255 215 0 158 100 182 216 103 27 64 0 0 0 73 55
    98 70 255 255 29 124 168 230 106 67 12 27 255 42 71 255 69 255 0 0
    183 255 255 248 153 255 160 255 247 107 241 7 75 0 75 114 255 141
    188 18 0 0 90 163 9 255 143 85 76 0 255 0 255 40 255 80 188 25 178
    74 255 127 204 136 196 157 25 187 197 0 255 65 255 255 117 180 232
    30 255 142 255 116 0 0 171 231 0 189 96 50 255 81 99 1 104 32 62 12
    189 46 0 0 176 0 0 178 209 231 43 255 20 196 113 5 0 103 255 0 0 0
    139 255 32 204 196 163 0 123 179 255 160 0 255 255 222 0 145 205 209
    206 141 250 255 0 157 0 194 0 177 205 50 66 29 165 88 255 10 255 0
    70 255 0 38 255 0 0 255 255 0 142 255 24 82 15 90 0 7 255 0 100 255
    136 128 255 13 12 106 68 224 210 255 255 0 71 177 9 26 0 255 255 255
    188 251 38 45 149 49 114 103 0 255 231 0 255 121 111 160 178 255 0 0
    147 93 209 0 255 3 167 255 255 255 255 247 173 194 165 22 223 135 0
    255 14 231 153 54 0 255 0 26 33 216 3 206 17 177 194 0 126 160 0 229
    63 229 172 58 0 0 255 255 0 0 3 92 255 163 69 0 0 10 119 44 30 199
    45 255 0 0 46 182 255 167 0 0 0 188 0 41 255 255 178 230 0 188 0 101
    0 18 38 255 198 42 255 170 183 123 52 0 174 0 172 255 46 70 205 196
    3 255 54 0 172 0 238 205 0 149 1 255 255 21 25 0 235 255 0 103 53 0
    0 186 255 23 166 0 140 0 39 255 255 29 255 104 255 0 148 0 213 255
    42 0 0 255 25 178 28 215 255 255 146 81 255 0 39 0 17 240 146 0 227
    113 242 96 0 255 0 0 78 0 95 119 249 0 11 0 255 119 205 255 255 255
    176 255 0 255 226 185 127 59 63 255 255 131 114 0 0 255 255 122 255
    243 239 234 84 255 157 0 31 221 214 55 80 255 180 148 160 62 255 87
    212 255 220 159 255 0 124 255 130 0 35 255 255 174 0 225 203 238 1
    162 255 255 255 128 163 235 255 0 255 194 160 96 163 203 255 0 82 40
    137 46 90 255 143 255 149 103 98 174 0 255 255 149 176 255 56 103
    255 48 0 0 0 232 255 0 108 143 255 255 221 255 1 232 255 86 187 255
    220 88 47 0 176 255 255 19 96 10 30 0 136 0 242 0 102 19 194 0 188 0
    255 255 225 150 17 121 223 16 159 81 0 211 38 217 0 40 134 0 187 177
    183 0 91 255 217 0 138 97 197 0 196 255 101 254 240 113 182 255 175
    87 255 200 22 202 255 65 0 3 0 163 34 0 255 0 18 87 255 184 125 255
    255 38 226 108 0 255 0 91 255 139 0 0 23 10 23 9 0 255 61 36 0 0 0
    151 17 65 128 255 31 255 0 255 16 181 0 140 58 51 172 255 147 0 62
    255 184 0 191 38 239 147 255 0 255 86 20 246 17 255 107 131 211 255
    163 0 177 0 76 255 78 82 159 100 131 101 138 11 0 34 255 24 0 0 56
    97 255 119 186 44 104 131 184 175 255 82 0 255 255 230 239 0 255 191
    237 91 0 53 195 255 0 255 80 255 255 0 190 207 0 255 255 0 255 255 0
    64 0 163 243 0 143 255 220 207 115 0 11 255 255 183 255 158 255 194
    255 134 79 225 0 255 255 154 0 229 22 22 143 215 146 255 0 211 214
    139 181 69 167 0 0 232 255 161 226 41 6 66 77 31 118 196 42 158 0
    174 240 2 12 209 88 255 0 119 255 182 238 7 255 255 0 255 255 189
    197 103 61 48 0 42 146 255 0 164 255 126 0 232 113 73 230 121 182 0
    176 236 0 160 115 255 80 199 40 255 112 152 193 0 0 255 0 107 0 39
    129 90 0 230 255 43 221 131 197 0 255 82 110 99 164 114 0 110 71 255
    129 5 0 255 160 175 255 97 38 255 222 66 200 241 255 27 117 107 170
    167 206 255 0 74 126 159 240 136 66 19 255 188 255 21 255 208 115
    255 42 97 231 0 128 255 205 93 178 26 180 164 0 0 255 86 9 40 67 157
    173 187 238 117 0 204 0 0 234 0 12 0 68 255 183 232 255 255 59 255
    254 0 155 0 46 224 25 83 7 255 255 255 208 2 166 0 0 192 213 0 79 25
    254 129 203 187 0 203 105 26 11 182 105 182 94 208 57 255 111 255
    131 0 0 124 163 136 104 82 168 68 88 142 59 254 255 164 226 248 255
    100 40 66 244 236 11 193 255 119 255 0 233 6 255 111 0 34 0 255 0
    239 235 249 61 157 255 0 139 178 0 234 255 0 255 255 0 224 148 0 190
    0 119 0 78 0 103 217 255 157 35 83 162 11 142 106 0 255 20 6 77 16 0
    255 19 228 255 143 255 227 0 127 255 211 187 255 238 46 213 255 29 0
    35 255 0 0 67 99 80 74 162 136 0 15 26 255 188 0 255 255 255 211 0 0
    255 100 165 0 26 171 111 150 255 121 255 231 20 174 255 173 80 181
    75 0 158 109 195 25 204 175 135 39 19 255 144 200 255 71 104 220 0
    245 254 98 255 173 0 255 255 0 34 255 75 30 155 84 255 190 255 255
    207 152 72 198 75 255 255 8 0 0 196 20 30 255 54 92 187 58 50 255 0
    0 122 0 0 80 203 255 0 255 219 127 87 220 43 0 214 212 0 255 209 85
    145 0 147 20 138 134 130 0 255 151 255 0 64 255 251 15 0 247 0 24 10
    73 65 255 85 245 53 255 0 79 204 0 255 255 195 0 20 104 180 0 181 93
    248 93 0 0 253 73 255 255 174 190 255 0 188 227 84 0 14 0 84 0 0 255
    32 7 255 0 28 255 255 0 201 255 110 0 255 31 193 180 0 255 0 255 65
    255 37 255 0 64 62 153 115 255 3 20 7 43 0 0 79 147 243 0 86 41 255
    238 0 115 225 62 200 215 255 108 255 214 223 81 145 40 0 12 245 255
    0 135 47 0 216 0 0 17 75 0 151 58 255 235 70 221 109 48 165 255 223
    70 209 0 168 165 226 255 255 149 247 255 126 0 255 137 0 246 255 10
    229 127 33 172 255 251 136 169 152 255 255 199 35 124 148 135 0 255
    99 255 0 37 130 255 255 71 132 255 255 99 125 172 117 118 0 255 215
    0 0 5 18 101 81 145 155 255 23 55 252 147 223 60 255 36 255 129 58
    92 65 54 69 0 196 113 255 92 233 255 215 255 0 255 255 0 18 106 33
    81 82 11 255 255 255 17 255 0 11 73 87 16 255 193 188 0 255 24 190
    255 146 191 39 255 79 255 255 255 29 0 72 0 255 186 0 135 217 156 47
    135 216 24 2 38 195 146 113 201 10 124 204 0 245 150 255 66 255 0
    132 255 198 199 239 3 255 165 255 168 146 255 245 201 0 199 82 176 0
    0 40 255 158 172 192 255 180 0 0 75 77 139 168 94 27 94 0 71 238 255
    112 0 175 225 121 0 53 255 255 151 0 255 5 117 0 9 186 224 255 169 0
    148 0 0 228 0 0 0 255 0 0 255 211 255 0 255 146 190 0 150 255 156
    255 133 0 101 59 255 78 29 0 64 0 91 73 0 188 233 0 253 63 255 182
    152 49 4 227 255 0 211 232 255 22 83 63 126 255 192 197 255 190 96
    45 255 146 26 86 109 131 130 59 157 186 245 214 131 8 203 83 0 145
    255 183 0 245 170 235 255 160 154 54 0 255 0 111 0 92 6 249 29 0 0
    169 12 0 180 0 21 67 255 174 255 248 0 255 136 112 11 218 0 0 239 0
    176 17 77 255 255 0 112 61 0 0 0 183 36 0 58 255 255 255 54 0 144 0
    0 255 141 255 62 93 31 255 4 255 206 0 148 0 133 117 255 134 218 255
    178 255 230 39 208 173 255 255 0 185 50 30 193 255 49 255 126 255
    196 255 47 126 0 255 255 30 238 255 52 74 201 74 190 255 55 237 127
    247 24 255 163 0 255 0 152 227 255 192 255 0 29 207 100 53 120 236
    135 21 253 0 111 0 189 106 10 145 200 252 255 52 141 91 138 255 0
    219 0 255 255 0 188 255 28 192 100 235 0 85 255 0 255 255 255 255
    255 255 94 255 31 234 20 0 112 0 160 227 129 195 0 96 207 65 179 204
    117 159 190 255 0 130 0 96 201 73 154 255 0 255 255 255 16 255 255
    213 193 255 255 0 132 223 93 78 255 255 0 41 255 0 0 56 19 64 54 41
    154 0 146 11 245 0 0 29 125 5 34 58 255 191 255 26 183 13 0 0 12 0
    184 126 0 0 154 18 0 199 0 147 70 214 40 255 1 188 255 91 9 245 255
    255 131 91 112 91 83 255 134 255 0 18 163 94 163 255 173 134 230 173
    38 80 0 0 204 48 164 180 185 123 186 186 74 139 61 61 211 0 19 249 0
    105 211 96 0 193 229 255 255 22 100 235 83 140 0 0 0 0 12 208 48 0
    255 176 76 134 96 253 118 116 180 201 240 20 255 255 0 222 255 37
    124 255 255 2 51 55 0 205 255 202 255 255 223 255 49 255 0 29 255
    255 96 158 255 232 70 35 219 0 127 118 0 0 212 20 41 255 222 0 188
    255 0 81 255 0 0 79 90 0 241 232 195 255 90 131 0 147 255 177 147 78
    208 13 123 43 145 83 209 0 226 0 85 149 133 1 255 20 0 255 188 255 0
    185 0 2 203 179 255 46 0 17 153 74 131 255 155 171 84 255 0 255 255
    0 0 77 15 122 122 255 0 77 120 78 218 255 236 40 72 236 4 106 237
    255 109 237 221 200 35 208 164 255 29 0 255 0 19 36 93 51 154 255 37
    255 231 255 244 255 37 68 255 50 10 255 145 84 255 255 103 251 95
    228 0 0 229 0 175 111 145 35 0 244 255 255 27 255 0 161 255 223 0 62
    61 20 135 161 40 94 69 238 79 134 0 208 24 157 109 120 27 173 0 80 0
    152 26 193 21 0 255 219 39 0 188 147 0 246 0 64 255 0 204 255 47 135
    196 146 81 34 23 145 0 174 150 0 49 117 17 245 219 86 0 255 232 0
    236 0 255 26 30 123 190 87 155 69 6 74 255 0 116 0 207 70 0 49 215
    38 0 206 0 255 0 248 255 0 0 0 4 122 209 78 169 5 204 0 0 226 255 0
    0 255 255 226 140 0 225 173 0 255 183 240 255 0 198 66 67 137 109
    255 32 76 18 255 222 0 100 0 255 244 255 255 229 117 255 0 255 255
    189 255 130 56 255 74 37 0 0 250 183 74 157 180 165 22 167 98 255
    129 0 255 138 41 255 200 209 35 0 0 0 18 83 0 156 0 59 255 255 139
    172 236 255 0 250 0 0 106 6 255 80 41 218 218 255 8 9 106 124 0 183
    77 40 255 208 89 213 239 121 157 0 119 187 255 0 183 162 92 163 119
    194 255 102 0 244 0 255 78 0 158 8 255 154 242 35 220 116 119 0 0 58
    0 186 171 222 164 10 255 211 62 255 164 0 255 0 143 89 0 115 255 0
    86 132 0 194 214 0 82 255 4 188 255 110 255 32 78 255 0 65 255 91
    154 254 85 255 109 4 101 210 246 0 48 137 0 191 155 116 98 0 255 45
    217 79 101 205 168 201 140 149 120 253 0 0 169 0 7 216 249 0 136 212
    0 160 122 255 0 255 85 145 0 0 82 255 0 137 6 207 132 255 55 0 153 0
    86 30 25 255 251 188 255 241 22 29 27 246 0 0 61 133 98 106 131 255
    255 0 5 193 255 39 0 250 0 230 103 81 255 245 45 2 0 7 104 251 0 113
    229 255 67 255 166 78 0 186 207 0 53 220 0 30 117 255 228 255 255
    194 159 255 210 0 0 239 54 65 255 0 255 24 0 78 78 170 44 132 98 255
    22 50 255 192 212 192 73 149 0 173 151 0 241 237 0 158 76 255 255
    255 51 195 77 95 81 48 129 58 0 142 255 0 238 13 77 148 255 242 246
    255 129 255 44 244 255 115 255 203 255 215 0 194 6 128 57 242 219 0
    117 134 54 83 255 0 234 0 0 255 92 227 118 188 179 255 192 122 65 84
    54 176 157 3 252 17 250 6 186 247 178 255 220 146 32 134 177 64 229
    255 95 35 255 38 176 229 129 255 255 12 0 132 13 0 0 116 0 89 126
    143 0 106 255 1 0 12 51 217 129 65 0 241 6 28 198 0 218 214 255 71
    255 255 39 236 165 160 0 23 255 4 81 177 117 167 0 254 148 102 0 0
    121 249 0 66 255 6 123 1 163 254 99 0 0 79 177 0 155 0 197 0 0 228
    107 176 219 255 103 255 2 226 255 255 101 0 188 255 255 255 255 255
    64 0 181 0 110 255 25 11 106 92 255 164 122 137 92 213 8 223 173 122
    191 255 46 224 208 158 0 0 255 169 191 255 255 3 89 170 74 85 255 0
    21 0 173 129 0 3 204 0 153 111 147 242 119 45 147 241 118 117 172
    180 255 226 179 177 17 255 233 64 255 0 49 194 9 101 187 65 147 165
    67 140 238 163 145 47 59 40 85 255 78 139 255 134 255 222 255 0 168
    39 0 95 255 84 76 255 69 113 112 0 68 0 255 28 0 0 255 255 40 0 0
    255 34 187 255 108 65 86 72 0 0 190 255 52 193 255 251 0 205 243 213
    36 94 218 167 188 255 255 244 255 0 12 213 0 255 255 255 187 0 45 0
    84 6 8 230 11 255 181 74 129 248 212 99 62 0 125 0 90 85 0 10 0 162
    0 199 251 0 0 255 255 151 123 0 102 0 0 1 128 255 129 255 21 255 255
    251 190 98 49 183 120 82 0 255 230 192 24 62 173 176 57 249 255 255
    56 255 1 11 201 85 38 0 127 129 66 155 229 0 25 81 155 255 40 0 255
    173 246 65 139 12 78 255 2 255 120 255 225 0 255 168 151 255 0 232 0
    23 255 71 189 237 200 0 135 255 255 124 0 168 42 78 249 0 153 0 255
    133 154 171 156 255 224 93 58 0 119 140 156 0 179 255 244 0 255 27
    232 141 46 211 2 212 0 0 0 0 255 254 103 245 123 43 255 102 255 0 0
    158 187 25 98 255 188 0 205 255 0 197 166 42 255 69 250 210 227 130
    12 0 219 255 0 101 193 79 145 6 255 38 0 200 253 0 164 0 225 0 0 227
    0 183 242 18 255 0 220 91 255 196 255 146 174 167 122 237 171 0 29 0
    120 255 255 0 255 12 255 197 0 0 0 237 255 0 112 155 0 88 2 0 254
    152 0 255 4 249 162 8 255 0 255 0 78 3 184 255 255 255 97 200 153
    255 0 126 255 0 186 0 113 255 0 55 116 0 178 211 255 163 61 89 74
    255 255 0 255 26 49 240 148 4 233 224 0 94 0 255 82 255 255 7 28 229
    3 6 13 170 255 20 247 255 158 215 0 0 251 0 128 0 255 20 0 255 118 0
    255 136 39 93 0 0 165 255 193 0 0 93 0 255 0 120 192 0 90 78 255 0
    219 210 233 255 152 105 255 175 255 71 130 62 255 255 0 0 255 255 0
    208 0 181 214 235 255 251 255 166 0 112 255 48 26 44 22 160 158 101
    37 240 255 0 69 122 223 212 0 140 0 153 59 164 134 158 177 238 60
    121 114 175 0 0 0 105 199 122 135 179 55 255 0 17 255 159 151 195
    239 0 255 255 0 53 58 0 145 177 237 255 205 139 242 104 0 226 60 165
    48 193 255 155 240 140 37 0 38 255 255 0 101 0 114 37 162 255 255
    144 192 75 71 10 133 86 141 246 55 103 207 255 255 174 255 3 255 84
    255 0 46 255 0 61 57 161 255 73 255 95 120 247 117 114 249 212 63 98
    126 0 38 255 0 30 93 155 31 132 52 19 255 0 245 142 255 139 232 255
    159 147 255 255 36 209 121 190 218 37 136 255 255 0 161 92 212 91 0
    0 95 72 255 79 113 0 128 134 37 23 255 63 206 97 212 88 255 229 255
    0 88 64 42 0 75 170 225 0 131 241 0 155 237 255 161 255 255 184 108
    78 244 201 0 0 255 232 255 37 158 0 17 0 40 203 204 255 104 35 255
    73 71 255 255 90 151 62 0 136 0 17 132 230 192 255 182 80 0 149 129
    157 55 0 15 121 194 0 166 255 85 179 177 207 242 170 0 255 239 255
    255 245 255 240 159 29 231 224 99 255 156 255 206 255 230 136 105
    255 255 203 45 56 255 202 219 255 0 255 212 255 84 137 255 247 0 0
    83 0 0 5 42 13 22 150 245 0 214 102 106 255 236 12 255 214 170 245
    148 255 0 22 200 252 31 255 174 67 0 0 255 108 31 0 93 255 17 143
    162 93 255 143 255 255 255 84 241 0 126 255 148 122 192 24 58 251
    143 0 84 176 227 196 0 0 86 255 61 255 115 210 62 63 54 192 0 255
    154 132 26 113 61 85 170 76 9 105 14 185 255 255 58 192 255 0 13 0 0
    94 255 94 81 113 208 137 255 255 232 255 255 140 141 255 255 0 80 0
    105 249 65 222 0 2 0 0 43 22 48 76 120 255 164 0 76 54 0 0 186 0 243
    49 0 66 145 0 153 255 83 82 236 152 255 19 184 245 128 35 255 31 39
    255 149 186 115 195 231 0 0 140 0 79 0 0 166 0 137 114 255 40 133
    211 34 97 227 27 168 0 219 255 237 210 0 231 102 210 255 0 255 111
    255 255 0 0 0 191 222 212 25 10 105 255 242 132 143 0 72 23 231 10 0
    0 0 1 0 187 0 255 255 106 26 246 178 77 0 255 0 176 226 125 0 75 255
    180 60 255 75 79 0 255 154 0 71 0 152 255 210 255 255 157 255 0 255
    255 45 18 0 131 255 174 255 0 213 145 0 108 0 111 0 97 18 92 0 24 37
    242 195 177 94</data></your_img>
</opencv_storage>
