<?xml version="1.0"?>
<opencv_storage>
<filter_type>0</filter_type>
<only_luma>0</only_luma>
<r1>1</r1>
<r2>2</r2>
<L2_diff>2.0226707591696677e+03</L2_diff>
<test_img type_id="opencv-matrix">
  <rows>128</rows>
  <cols>256</cols>
  <dt>"3u"</dt>
  <data>
    215 233 87 111 22 203 175 228 26 45 202 160 125 189 127 158 137 105
    243 236 172 24 188 173 135 244 253 30 174 254 45 9 44 238 40 128 79
    38 111 27 120 110 224 127 196 48 159 83 96 200 80 48 133 223 91 193
    225 98 156 29 189 192 56 171 29 115 250 69 14 22 121 168 197 57 144
    169 9 117 211 24 105 193 41 232 31 40 87 160 171 125 174 192 7 44
    251 49 128 44 104 110 205 239 62 189 119 230 180 193 168 217 253 60
    73 174 69 153 198 14 59 198 4 154 96 156 177 219 139 254 99 85 159
    39 151 34 114 12 41 233 106 145 3 157 128 43 143 222 126 136 44 92
    102 220 89 81 213 4 58 84 107 193 112 145 185 254 53 220 157 188 45
    240 96 234 231 105 165 14 58 105 139 69 60 105 157 196 126 150 12
    215 171 199 91 28 196 94 107 53 165 110 147 233 86 95 244 105 49 164
    20 77 103 85 27 69 252 63 48 92 10 139 168 100 234 221 53 93 65 92
    30 39 214 0 63 75 86 227 97 248 200 205 222 25 58 182 92 129 117 203
    115 9 247 9 113 13 231 108 56 2 178 107 51 138 50 65 157 59 103 234
    172 37 242 22 143 8 169 82 141 229 90 82 96 182 45 196 91 178 204
    136 96 4 154 75 213 119 253 27 182 249 248 59 103 157 57 127 103 6
    160 254 231 101 114 171 29 98 163 194 85 82 183 172 224 142 169 251
    113 144 124 55 234 233 146 78 49 10 151 88 18 32 24 37 5 120 174 113
    141 45 110 110 177 120 219 39 225 61 228 4 36 233 221 205 105 89 110
    32 54 12 92 113 110 74 14 119 162 175 86 124 2 213 159 253 168 219
    174 139 94 47 16 216 137 46 137 242 207 249 150 131 194 193 162 115
    165 110 162 147 240 110 223 23 167 14 219 178 55 132 120 45 114 238
    207 224 201 104 123 123 253 235 207 231 137 47 99 25 209 168 195 164
    114 202 250 53 227 85 234 249 150 117 147 161 106 126 126 136 218
    201 152 168 234 134 9 13 131 133 159 184 52 85 190 182 13 176 54 201
    150 137 160 158 182 46 131 54 70 1 205 68 92 179 150 76 229 55 155
    203 106 178 77 222 65 190 142 24 129 225 183 202 250 14 243 149 230
    151 99 126 82 120 164 54 195 47 178 67 203 34 104 107 61 62 32 241
    68 127 126 180 43 53 183 19 238 240 83 11 133 208 35 213 162 179 192
    96 154 34 140 64 228 138 147 200 226 85 45 49 73 89 26 73 60 208 53
    236 154 246 72 175 94 206 43 213 86 127 160 199 135 115 100 82 92
    161 103 8 28 152 252 140 42 62 187 199 179 71 104 187 144 222 136
    116 64 206 149 118 224 64 94 195 76 165 227 126 152 135 248 8 47 7
    153 143 211 112 5 31 106 206 4 8 200 1 46 198 15 14 123 192 77 253
    28 217 96 138 176 89 68 95 146 166 218 63 68 197 68 215 136 161 160
    170 158 211 245 25 51 58 200 221 137 145 13 236 206 140 151 215 178
    193 248 34 16 153 125 124 4 207 242 187 129 33 63 136 13 244 108 169
    54 116 244 235 228 235 18 78 238 159 225 47 174 242 240 86 199 50
    131 10 205 226 10 193 141 214 198 50 149 64 162 0 63 87 56 51 51 28
    15 75 49 22 183 80 253 9 148 43 170 148 45 207 155 192 93 40 113 235
    49 44 177 182 243 151 97 227 149 199 136 29 2 67 176 94 131 53 238
    102 10 243 14 147 172 156 216 105 188 135 251 163 96 14 57 155 149
    245 109 73 215 235 116 194 198 15 227 104 53 154 67 86 207 116 7 52
    124 118 14 133 247 175 90 69 119 89 103 222 67 138 44 55 195 127 93
    39 222 53 141 64 174 71 39 153 180 222 171 158 99 72 166 108 75 230
    183 222 2 253 14 143 152 244 228 109 19 71 170 209 141 34 97 90 97
    191 43 252 33 119 59 45 3 60 12 1 169 79 73 158 39 148 70 220 248 20
    36 189 204 163 39 150 86 19 130 216 226 151 84 102 85 243 155 216
    221 169 87 98 138 207 140 117 145 191 21 46 217 18 155 68 61 34 112
    174 88 36 41 245 175 69 121 87 4 245 124 236 89 66 113 16 20 158 79
    226 74 179 27 248 44 201 21 18 54 36 18 52 91 225 137 87 62 118 108
    141 136 215 27 246 67 26 12 181 122 216 197 13 59 48 8 50 9 198 216
    50 114 137 200 117 81 11 89 155 59 51 1 52 72 139 5 217 219 82 58
    216 206 8 170 94 82 12 108 0 52 90 246 160 184 104 182 33 120 193
    253 244 225 151 60 68 241 117 32 249 219 102 91 9 46 215 210 31 142
    14 216 84 51 157 223 33 22 45 90 54 72 72 56 136 181 123 147 212 164
    20 61 164 200 188 221 203 97 142 38 139 28 92 33 32 89 59 192 121 89
    2 133 10 97 225 17 27 222 197 237 113 225 154 176 66 16 157 164 106
    237 235 198 58 46 190 190 71 11 122 80 39 93 145 158 158 224 86 107
    136 245 231 186 209 236 145 149 106 16 246 186 85 8 22 193 27 221 76
    42 64 59 100 173 250 255 152 70 233 181 161 195 11 233 118 238 34
    116 46 12 156 236 85 220 190 150 15 60 6 41 83 94 87 229 212 250 24
    133 226 52 139 212 117 158 146 151 73 235 231 195 20 253 254 136 148
    204 185 91 180 42 164 172 109 251 43 118 209 193 47 191 70 67 216
    140 54 77 22 58 254 70 153 189 174 252 70 111 164 151 42 67 182 170
    146 181 122 241 170 99 123 167 40 77 93 99 70 124 188 85 226 233 0 3
    198 91 61 74 178 200 134 9 174 127 172 154 19 53 44 197 184 211 234
    217 195 18 136 108 209 150 224 53 209 104 198 243 97 212 246 183 119
    96 9 204 78 116 89 80 190 79 134 176 49 37 194 211 130 57 52 164 207
    7 158 128 45 155 93 54 249 102 118 151 31 117 113 120 179 196 58 2
    249 163 53 21 155 46 242 38 79 250 49 226 230 149 245 112 71 57 130
    241 32 147 63 25 56 19 115 177 33 63 49 130 224 164 136 78 101 2 121
    250 173 248 169 79 194 220 68 149 34 8 14 7 226 34 207 52 228 25 10
    183 26 236 185 128 101 98 118 233 57 227 91 114 0 105 225 5 251 110
    78 172 69 57 116 141 43 145 193 15 125 234 115 99 63 235 63 146 159
    120 106 187 106 85 193 195 179 224 104 212 12 195 222 76 34 116 15
    148 215 132 108 145 252 246 24 46 128 60 134 233 62 118 215 24 105
    117 218 86 73 18 222 148 244 20 239 61 125 43 217 248 250 251 30 188
    156 133 125 120 154 36 99 247 244 106 196 167 24 214 249 36 203 118
    37 162 31 84 55 218 61 183 142 68 234 96 14 226 76 130 27 48 217 97
    96 16 22 77 168 100 180 241 173 92 17 4 44 32 122 48 89 25 252 173
    115 184 143 237 101 250 245 80 232 227 169 166 125 245 95 90 244 198
    15 199 237 119 61 142 227 232 34 48 52 166 56 35 219 86 246 189 33
    175 66 89 139 71 169 15 8 64 11 173 86 118 91 173 26 160 77 59 59
    214 115 148 115 17 102 178 247 32 254 179 176 219 116 96 252 101 96
    52 190 134 193 233 52 24 55 100 159 105 252 111 253 204 3 100 165 25
    71 87 168 65 73 112 171 5 59 244 192 30 119 215 0 26 161 249 118 195
    73 68 5 37 148 141 31 191 141 8 78 6 94 192 99 216 153 5 137 116 152
    153 1 245 42 96 223 173 157 54 214 116 136 75 187 152 35 254 74 45
    184 184 237 203 92 60 236 198 239 184 246 224 231 193 222 254 237
    158 175 115 134 195 203 26 44 60 187 54 165 101 101 20 253 182 242
    18 50 68 73 206 72 210 233 174 182 28 54 137 8 84 159 83 135 197 190
    212 61 250 38 203 253 217 155 125 125 106 166 175 2 149 63 254 37 77
    238 202 206 222 203 223 239 119 155 190 238 5 74 118 124 19 151 253
    145 182 168 178 211 89 201 148 190 200 198 221 141 55 111 144 178 46
    150 193 4 42 202 29 63 156 218 74 113 176 90 15 137 231 43 216 137
    174 219 45 22 219 106 60 191 60 200 21 95 182 231 126 67 60 20 143
    104 40 165 161 198 211 106 107 15 221 139 12 151 133 206 234 82 54
    14 62 72 10 112 157 241 96 63 254 218 129 241 92 99 186 216 33 14
    138 9 67 138 36 7 249 105 162 96 108 153 135 232 59 6 234 68 67 255
    142 195 232 167 157 236 49 58 210 5 234 137 57 54 129 250 207 4 200
    214 83 112 136 103 56 111 120 171 162 207 228 72 12 227 96 4 32 56
    58 106 189 130 25 126 45 230 19 118 121 84 37 6 74 155 103 33 74 94
    69 76 191 240 198 210 97 90 214 187 131 244 150 61 24 96 215 146 201
    133 52 40 193 245 165 20 160 18 1 150 39 125 164 239 220 38 226 30 7
    72 99 66 134 64 103 156 32 245 86 251 172 179 187 92 210 1 223 0 85
    20 5 131 77 235 210 110 164 84 60 228 34 127 234 94 120 18 4 123 71
    204 223 136 66 215 128 105 128 160 63 96 14 181 92 67 237 135 150 44
    196 137 195 170 49 173 98 60 143 108 123 65 3 22 141 195 253 204 66
    197 148 241 197 209 30 58 221 80 18 146 235 222 187 0 137 127 6 192
    210 36 0 31 164 125 34 126 27 37 91 45 14 137 222 200 120 75 31 94
    239 171 185 92 144 195 212 159 192 39 75 128 37 126 140 118 21 207
    200 85 118 170 13 195 211 16 174 125 51 202 96 130 192 93 102 42 164
    245 238 206 210 174 205 250 7 197 252 148 71 194 255 201 125 206 17
    244 45 48 49 24 154 247 77 87 39 222 39 198 89 232 185 240 40 46 44
    114 136 249 218 144 18 105 60 238 93 16 228 130 116 29 37 85 38 91
    80 204 23 75 78 159 4 67 226 8 205 116 56 209 12 59 112 96 116 113
    14 30 170 228 128 107 187 27 114 30 34 226 114 180 13 16 212 45 168
    160 172 6 8 7 168 122 3 65 185 70 187 216 14 198 60 194 254 60 148
    54 228 147 61 68 151 17 162 244 184 161 119 25 193 12 184 59 128 85
    80 182 192 236 156 116 161 118 186 49 96 202 220 167 204 250 187 238
    75 36 80 0 131 163 32 127 31 195 12 188 211 180 220 207 40 150 212
    22 120 156 200 151 77 29 4 90 173 216 160 124 251 163 240 83 130 38
    112 82 161 174 169 82 22 36 185 26 197 195 194 37 142 205 181 234
    188 248 39 196 4 168 158 88 216 102 95 200 136 48 151 157 240 133
    114 19 145 135 38 27 32 33 121 221 144 183 190 191 52 10 164 193 249
    189 22 157 229 146 104 162 90 57 148 95 99 144 155 248 225 46 246
    171 32 26 50 94 199 118 176 34 219 116 36 247 119 203 37 204 111 122
    26 225 185 222 169 119 112 161 148 63 61 207 214 164 243 105 51 216
    227 5 161 110 205 90 21 196 35 53 173 70 114 217 18 120 230 223 106
    50 186 174 204 170 249 197 58 52 113 154 194 90 223 153 200 121 84
    62 59 147 211 103 47 214 41 128 179 54 182 209 92 159 154 2 143 63
    171 8 7 56 252 190 87 240 165 153 161 168 9 83 102 165 52 7 217 210
    164 120 115 240 93 150 252 104 242 60 18 202 229 167 164 199 166 209
    170 102 228 83 50 59 195 89 19 175 44 84 220 138 43 102 194 161 42
    114 87 210 9 20 195 109 216 14 142 44 82 69 226 254 199 17 8 32 56
    246 83 126 202 5 87 94 243 245 217 237 3 62 233 222 9 160 122 249 16
    225 13 29 91 139 112 85 62 70 219 107 44 231 214 174 116 44 54 220 1
    19 102 135 161 34 32 62 52 6 145 219 133 221 26 204 214 241 92 141
    136 196 189 16 40 80 247 176 33 149 188 23 68 253 195 49 184 193 89
    7 6 233 245 27 213 49 83 96 101 119 13 166 245 42 246 72 202 149 139
    151 80 130 215 185 54 198 116 190 72 106 183 100 64 71 172 125 144
    39 179 114 170 62 154 121 110 37 82 241 1 137 172 109 224 17 251 154
    93 159 50 246 177 201 199 23 1 84 26 58 204 25 210 46 78 202 186 69
    219 49 33 124 123 219 22 96 75 8 105 59 90 67 242 255 97 229 68 172
    172 137 118 194 136 74 64 152 22 125 96 163 201 95 50 94 251 101 231
    17 112 44 151 203 10 166 3 235 103 54 61 233 177 174 172 215 234 82
    9 140 79 107 40 252 225 114 80 243 62 23 118 207 164 16 206 121 63
    215 5 52 107 142 22 193 67 123 188 42 214 98 194 135 176 202 235 69
    251 231 141 207 60 221 211 126 75 181 221 61 117 187 54 232 177 170
    106 242 209 162 234 18 143 138 163 238 96 179 129 68 140 166 120 225
    169 65 1 86 221 160 172 147 211 66 189 136 177 1 93 241 32 184 113
    204 39 110 147 48 250 43 53 147 141 63 182 129 37 248 36 86 11 172
    75 16 63 30 187 56 14 227 79 29 216 153 98 177 101 48 237 71 223 99
    217 245 202 185 189 141 64 216 95 63 3 23 146 75 183 153 204 65 161
    2 193 22 2 221 251 100 237 4 221 193 104 215 201 59 58 191 197 226
    190 60 237 205 17 145 107 168 143 13 45 32 192 188 131 47 44 60 151
    95 95 192 20 213 51 110 71 21 229 227 149 201 131 237 249 216 195 14
    85 63 40 212 108 186 76 214 141 145 102 89 229 154 205 97 199 27 251
    161 67 112 93 108 253 169 160 131 142 212 91 156 175 115 95 253 214
    222 39 103 241 170 24 143 2 11 105 14 28 136 157 95 47 121 167 84
    115 49 177 201 218 154 111 76 14 243 121 52 153 243 82 224 191 165
    35 20 22 181 116 14 232 39 136 166 205 234 220 200 153 149 94 73 132
    194 250 60 190 112 166 96 41 231 253 45 44 14 32 245 238 236 40 66
    191 10 127 53 168 79 71 37 239 101 207 150 121 184 124 218 219 65 59
    244 123 47 140 165 172 76 241 113 67 78 240 226 91 240 161 100 78
    145 188 184 173 162 86 215 101 172 2 62 43 10 114 138 86 248 25 231
    213 182 119 5 178 228 230 184 166 24 145 64 99 158 90 54 111 5 196
    75 26 98 200 214 212 138 162 127 185 181 124 50 25 181 113 159 62 14
    150 45 135 42 62 251 162 133 77 70 6 77 53 128 248 213 132 167 5 165
    74 78 250 138 104 3 74 206 69 63 146 203 4 239 51 180 50 247 217 150
    255 235 40 35 111 86 230 224 161 166 213 203 182 152 126 105 248 202
    115 190 152 152 88 209 189 18 144 246 0 124 100 216 255 118 249 194
    136 47 91 57 106 101 123 176 209 125 190 121 13 250 170 133 95 122
    162 238 188 63 171 206 50 174 2 3 204 53 47 62 140 85 197 143 66 157
    139 215 162 110 237 151 107 151 241 187 144 236 166 67 122 129 177
    159 48 178 161 48 197 5 229 98 236 23 209 224 109 141 101 135 221
    230 125 207 3 99 225 54 6 95 10 93 218 246 216 12 30 8 207 177 172
    72 17 30 82 241 135 10 126 83 248 235 58 74 53 230 140 82 226 242
    141 253 115 210 35 210 207 252 245 55 19 169 23 219 214 27 64 239
    187 3 100 33 156 206 95 246 61 142 105 197 109 246 13 144 103 234 25
    3 235 46 179 39 214 149 251 14 68 6 239 54 133 249 5 14 87 86 186 80
    4 71 173 203 226 210 127 159 16 238 171 68 21 207 98 220 82 197 179
    98 100 181 56 53 125 89 175 229 38 243 211 25 48 239 99 126 148 160
    66 11 252 156 175 147 40 235 128 123 254 88 8 220 60 44 3 65 188 127
    93 156 33 221 91 18 137 177 218 56 72 116 183 69 157 82 252 63 230
    236 11 196 221 122 186 159 232 91 75 109 198 130 120 98 153 190 253
    219 106 189 194 55 86 173 69 159 90 125 253 88 51 163 249 36 61 179
    181 227 56 149 71 129 162 227 24 145 132 229 59 189 239 12 73 118
    161 207 44 77 143 109 94 219 156 25 22 223 85 31 226 132 224 189 50
    137 41 0 101 54 28 253 35 118 38 7 237 38 63 23 240 51 199 135 158
    198 120 181 9 117 19 64 177 252 53 60 223 8 134 32 22 203 238 139 5
    87 209 57 214 79 193 0 140 253 39 247 172 128 204 36 205 122 191 191
    57 76 26 126 126 254 120 204 5 94 111 242 157 114 56 75 106 27 66
    252 42 95 54 35 15 118 225 118 200 205 76 141 168 59 20 16 123 176
    57 107 204 10 93 37 157 191 253 32 242 149 225 206 73 110 88 200 169
    76 175 170 182 159 92 205 140 180 175 26 111 197 71 211 206 117 89
    58 182 27 161 58 211 147 97 242 106 246 193 53 33 41 255 90 137 148
    31 134 49 128 161 17 120 194 0 171 112 210 220 37 28 156 100 207 242
    56 232 177 173 160 194 253 230 49 213 252 181 69 77 96 177 218 177
    25 184 177 118 111 193 193 143 86 9 202 32 12 235 17 145 235 169 88
    48 106 203 174 50 70 205 117 129 106 248 91 34 19 223 72 56 82 170
    27 208 3 229 180 100 111 111 44 241 171 116 205 240 222 114 24 36
    107 255 132 27 113 250 77 40 58 35 100 239 169 83 228 21 252 231 0
    94 141 32 254 81 213 243 94 112 29 98 238 196 47 219 91 139 188 110
    226 46 51 133 18 77 33 228 63 137 179 178 147 120 208 20 5 187 60 48
    92 89 28 81 96 216 20 110 172 31 197 234 12 52 6 61 125 196 251 26
    113 34 194 24 41 160 224 22 82 79 207 252 124 20 35 23 130 46 246
    151 130 205 7 156 129 106 33 51 105 61 139 176 72 9 156 196 222 206
    153 185 32 198 75 114 79 18 111 58 227 248 177 180 139 147 186 66 62
    171 198 104 22 239 242 96 45 64 247 71 170 65 144 46 128 166 166 185
    32 72 141 217 97 154 80 150 152 70 175 211 123 215 80 62 57 50 8 175
    250 191 50 210 38 117 122 238 69 123 69 28 149 45 159 14 71 182 237
    203 194 102 109 150 141 208 129 46 45 231 74 129 187 180 127 173 181
    243 70 73 180 48 206 70 239 99 62 36 167 155 143 239 181 19 12 30
    225 51 241 241 122 45 254 147 251 134 39 95 171 55 6 240 251 39 32
    127 78 198 102 204 6 215 165 9 230 228 81 3 214 238 172 250 138 62 0
    197 76 104 61 209 212 122 120 245 97 20 72 147 101 205 154 138 104
    96 39 58 194 68 210 127 41 65 240 98 104 191 159 3 151 240 203 37 10
    114 174 216 69 63 7 210 237 204 217 61 151 174 191 118 243 133 36 63
    189 76 46 105 144 26 58 59 13 159 249 55 116 49 228 173 178 120 221
    203 74 171 193 104 48 86 181 153 0 124 207 60 150 146 28 182 146 202
    175 199 49 37 187 194 171 36 100 91 26 19 2 183 138 113 125 47 53 32
    60 176 78 9 230 149 57 105 173 85 216 29 218 22 50 231 76 41 98 83
    224 197 179 225 44 24 135 89 248 255 81 43 253 241 9 252 202 116 61
    128 69 184 174 40 147 43 108 213 253 225 179 115 72 77 164 153 197
    197 56 191 111 30 43 133 224 117 51 159 93 249 218 161 20 250 64 17
    220 181 31 85 134 102 112 136 37 159 143 41 54 50 145 176 180 68 174
    223 182 171 228 20 23 76 8 170 154 144 171 239 140 87 103 32 127 27
    194 78 190 82 228 15 76 64 12 164 118 6 117 167 96 95 48 82 152 174
    200 5 9 208 118 92 29 115 234 126 173 180 121 101 18 130 69 145 241
    17 217 98 186 52 153 61 79 192 0 49 179 187 146 75 111 106 227 122
    132 241 164 193 197 55 126 32 44 25 194 97 97 81 167 210 194 237 172
    76 22 143 183 29 105 155 69 246 98 219 121 157 201 224 135 34 75 141
    104 135 125 180 170 71 224 51 137 214 85 196 10 122 86 147 77 103
    108 169 132 17 2 29 116 178 161 194 59 4 1 137 69 209 238 173 12 196
    23 3 67 184 92 215 149 229 93 136 117 188 245 75 216 85 130 60 222
    191 26 110 81 151 141 39 55 105 192 108 226 86 24 251 45 30 160 243
    14 85 125 104 112 44 123 247 10 86 226 33 127 212 143 166 31 17 232
    148 230 59 213 111 74 248 125 242 168 147 152 102 232 207 141 4 89
    13 134 82 140 114 183 149 80 233 240 234 40 214 129 211 195 99 143
    208 220 116 69 219 54 49 74 25 62 98 217 238 35 243 67 187 112 195
    232 60 22 36 212 178 9 125 184 114 179 39 48 254 231 230 135 41 172
    240 240 190 235 218 21 165 126 30 129 39 63 247 237 170 15 227 184
    186 203 133 121 217 161 18 131 199 241 143 213 219 231 50 201 210 18
    164 145 46 20 121 248 192 149 21 156 249 234 243 60 127 7 8 88 51
    203 146 166 73 60 59 5 69 9 31 76 179 185 217 30 15 100 47 204 255
    68 39 147 140 198 248 183 231 95 166 111 195 161 213 199 169 140 40
    143 49 73 90 93 139 137 182 149 171 180 13 76 196 22 170 244 121 203
    110 25 75 24 12 15 39 149 252 254 218 89 188 46 208 163 4 238 154
    223 9 21 239 183 144 193 133 98 0 103 225 103 140 254 44 242 232 41
    98 133 107 232 249 38 138 148 81 134 32 235 98 47 48 217 234 121 84
    155 237 181 164 63 63 14 189 34 220 61 29 63 92 62 228 64 34 248 223
    130 3 5 0 249 62 187 150 94 157 246 3 18 55 202 226 96 0 120 16 154
    48 97 0 73 200 117 207 255 76 99 169 59 23 150 200 221 220 159 100
    173 40 142 245 253 69 111 141 69 23 203 205 153 104 16 175 29 244 77
    236 58 254 88 53 91 99 54 37 97 126 172 75 210 89 145 223 91 143 121
    197 212 244 96 1 121 52 34 236 76 28 190 150 146 25 14 228 56 244
    139 169 168 82 215 245 47 194 33 155 2 58 96 93 133 39 30 169 50 81
    189 48 22 152 24 45 247 234 115 50 123 176 232 18 121 63 136 128 69
    95 251 158 112 56 72 50 9 102 96 226 64 225 50 36 166 252 93 97 57
    81 84 70 199 95 38 238 106 203 181 194 128 20 202 142 32 160 34 130
    21 192 157 107 207 99 206 80 159 106 245 120 244 153 78 53 3 18 243
    50 58 53 228 135 62 153 45 10 184 175 19 82 205 182 223 89 213 207
    120 234 59 119 169 181 21 145 158 4 80 240 160 60 124 20 99 67 181
    172 25 88 94 105 174 120 98 39 32 125 131 71 161 104 151 149 135 111
    88 98 196 71 222 213 130 159 9 57 11 203 113 243 99 161 251 90 192
    26 173 104 248 150 149 245 178 106 195 61 7 186 216 155 159 147 5
    178 13 204 143 15 195 122 91 179 179 92 32 143 209 223 22 1 78 91
    172 250 235 40 75 123 6 132 172 142 18 209 212 14 65 148 196 197 26
    149 19 64 215 90 146 180 115 135 228 135 94 65 182 27 180 240 78 58
    238 110 86 133 118 72 99 183 237 53 61 53 214 88 103 79 67 181 174
    113 212 196 104 209 218 17 159 240 253 88 213 73 106 254 87 75 107
    228 129 140 114 51 205 223 14 184 55 186 119 206 210 134 181 43 241
    149 31 78 155 187 233 204 78 54 149 3 150 115 187 139 147 245 104
    184 231 161 190 41 25 255 186 172 226 164 150 55 204 194 195 152 71
    51 22 114 194 237 78 5 219 16 103 156 92 32 150 74 203 105 175 166
    20 138 12 82 236 84 114 10 208 11 243 116 146 62 97 1 52 80 85 240
    28 202 123 127 195 224 240 159 50 173 240 25 217 13 200 192 134 9
    186 158 118 186 222 7 7 113 196 61 196 214 188 1 100 200 143 14 27
    222 103 94 51 3 183 185 61 216 123 148 94 80 144 180 19 59 214 67
    248 42 252 31 226 234 71 217 226 199 70 41 33 173 97 239 80 80 234
    218 125 248 7 86 11 62 116 132 102 179 170 96 240 219 150 64 147 180
    191 218 235 9 33 197 234 36 21 103 37 192 216 184 74 210 214 143 226
    147 44 213 15 230 7 113 74 193 175 108 111 206 110 229 226 41 223
    142 215 47 4 255 42 148 30 45 173 58 31 180 70 253 60 81 242 208 56
    149 64 242 90 247 160 51 176 3 2 62 22 237 225 205 234 18 14 78 17
    19 25 157 166 71 58 74 231 46 45 122 126 0 187 217 190 196 250 119
    39 59 198 247 63 8 144 33 104 18 151 2 124 199 40 238 218 188 195 76
    240 39 70 66 50 0 176 86 140 183 133 47 130 70 184 176 46 85 138 162
    209 99 8 10 156 250 250 72 189 186 214 190 40 151 226 209 35 165 53
    127 195 118 25 14 3 132 68 3 228 121 35 18 235 29 205 79 2 232 0 135
    105 77 162 245 79 239 7 164 12 243 125 212 182 111 237 16 196 95 82
    23 220 190 230 69 169 27 148 37 83 71 219 136 6 171 3 63 61 80 120
    76 88 225 216 151 92 82 109 204 3 127 2 59 229 164 48 53 111 7 63
    137 160 130 59 76 15 5 78 168 68 134 158 207 222 203 14 248 19 203
    97 110 217 8 147 115 250 84 155 48 60 14 135 129 178 69 174 25 23
    119 43 122 61 187 80 68 182 66 11 134 203 28 70 148 47 186 208 39 89
    21 129 47 157 80 207 101 245 172 249 66 18 140 168 118 156 227 32
    250 43 225 194 19 10 56 211 38 33 189 139 192 147 97 94 56 215 180
    79 217 245 152 158 79 114 190 94 64 119 225 156 194 92 140 6 72 233
    57 229 191 141 139 136 98 66 142 21 81 126 193 165 210 104 62 240 80
    203 99 97 249 210 45 215 236 82 24 162 31 45 194 149 61 115 217 176
    209 71 75 5 188 18 164 33 126 172 13 133 118 189 222 31 141 57 8 211
    49 114 46 77 85 161 172 88 60 71 229 143 108 45 66 71 82 72 68 185
    15 74 234 37 32 183 35 139 82 226 218 116 57 154 45 223 140 11 196
    247 111 7 255 205 159 123 106 248 222 97 218 29 190 86 231 180 134
    208 73 13 47 222 236 224 38 167 160 165 8 98 97 101 218 144 75 31
    172 103 237 169 191 132 10 180 14 28 136 113 99 71 51 56 119 10 17
    238 42 5 127 245 18 230 38 146 241 200 251 188 105 235 147 57 215
    130 234 209 33 207 128 150 246 2 208 109 49 76 193 87 117 160 143
    208 230 127 141 218 117 184 213 85 217 164 104 145 249 166 121 66
    110 49 155 128 181 199 181 4 231 251 149 117 12 112 176 98 230 109
    51 187 33 153 207 110 213 234 250 248 159 23 125 80 199 34 151 78
    149 109 96 41 28 198 5 132 253 57 218 108 76 99 60 130 246 160 4 234
    12 43 66 89 19 192 29 46 67 13 172 81 218 170 14 18 77 224 125 235
    29 56 30 189 129 168 96 222 0 146 19 56 15 103 222 135 137 171 156
    107 124 198 236 60 53 32 224 82 49 55 85 105 85 191 24 111 130 250 4
    189 128 138 203 80 8 137 78 171 213 161 96 215 171 48 229 153 143
    248 181 23 173 36 168 148 129 125 81 138 117 124 158 85 184 76 62 33
    226 226 104 216 87 216 176 233 185 73 214 219 188 154 5 180 140 197
    128 60 101 220 114 21 107 101 62 145 64 236 201 127 75 99 216 196
    237 34 58 242 218 97 252 224 94 108 61 147 158 201 156 22 60 240 193
    192 254 18 44 220 242 146 126 28 225 137 212 126 81 18 160 39 27 133
    194 116 42 100 178 85 65 117 67 29 161 192 19 97 205 97 67 234 8 69
    10 61 69 18 60 251 182 117 149 157 201 97 198 47 162 91 215 246 92
    61 11 152 219 184 44 114 150 114 145 250 29 20 160 250 222 241 37
    176 131 110 175 22 234 89 164 127 38 146 198 113 106 57 103 127 155
    197 166 36 94 52 159 49 83 8 37 152 89 240 53 232 131 90 126 223 16
    242 90 167 222 98 211 159 76 65 105 4 154 75 13 45 226 144 238 181
    196 23 167 32 27 226 95 78 213 58 126 16 71 246 25 148 54 114 184 70
    96 42 71 18 37 249 94 238 20 130 227 67 187 215 67 236 146 243 237
    247 202 50 135 250 83 1 14 50 164 39 109 13 129 238 125 142 127 69
    235 250 32 27 127 117 140 123 166 94 124 49 172 141 30 154 41 201 75
    131 253 120 75 62 52 126 81 252 233 147 49 10 8 78 39 165 191 177
    144 164 158 198 139 200 163 199 187 115 195 229 31 239 0 244 80 144
    241 163 103 229 139 194 179 102 129 142 235 237 121 6 166 208 202 38
    123 17 190 33 218 84 18 109 71 26 230 139 174 63 100 28 1 84 6 164
    98 208 130 154 56 200 222 118 7 118 190 231 12 146 19 252 85 60 236
    219 36 154 235 23 19 64 239 175 77 3 255 168 5 62 203 74 136 62 8 68
    89 114 128 68 103 183 28 247 232 99 210 238 102 160 147 246 240 168
    124 233 124 122 95 86 131 80 7 115 176 175 106 94 44 126 247 29 179
    172 216 233 184 37 92 242 71 111 59 133 193 20 217 69 131 3 51 66
    171 99 82 89 63 213 9 201 216 159 248 128 55 20 162 136 20 217 191
    194 28 15 220 28 242 125 46 207 105 213 15 157 180 71 229 71 111 163
    73 23 10 58 29 105 217 60 161 119 143 162 41 158 126 120 176 68 214
    237 222 61 23 3 245 186 25 76 108 84 152 73 27 213 248 120 204 142
    36 213 115 122 41 176 72 114 246 68 204 27 94 138 2 204 128 134 178
    43 152 186 81 158 19 214 33 32 222 21 79 7 209 112 86 111 163 167
    134 9 1 228 42 7 67 25 85 251 210 56 136 224 217 25 178 210 233 124
    22 137 124 176 214 78 108 147 22 46 134 6 236 187 111 91 105 53 113
    173 5 147 149 195 229 74 30 42 217 207 41 96 200 207 65 116 168 198
    100 61 6 69 215 114 60 216 28 196 157 160 224 150 148 125 178 31 7
    27 68 29 30 134 146 8 112 16 90 45 173 5 192 45 100 154 63 53 92 13
    42 184 105 230 21 18 164 241 98 75 1 142 53 158 164 115 91 23 92 254
    17 54 42 228 91 225 101 249 151 97 199 158 197 167 136 140 187 51
    171 17 213 132 253 80 103 201 210 77 109 89 1 53 89 29 237 124 242
    254 233 55 145 46 110 83 220 107 55 2 25 176 235 128 246 200 155 190
    20 58 91 242 138 29 200 34 222 231 55 159 254 97 54 24 230 162 236
    193 170 252 81 20 181 222 204 25 225 38 96 118 239 98 46 113 117 191
    173 175 157 175 95 241 84 100 165 104 86 221 254 6 190 9 49 3 69 125
    57 147 111 223 195 170 203 204 35 126 166 137 37 121 125 124 222 105
    86 144 18 93 171 164 94 12 21 151 182 157 107 197 184 87 125 6 213
    183 138 79 168 149 56 92 143 228 143 93 43 225 160 109 180 252 171
    235 42 122 12 178 242 250 153 108 193 143 69 168 141 79 30 59 253
    175 210 214 71 183 224 126 56 233 113 142 32 224 116 189 82 192 62
    75 98 91 185 176 177 227 169 75 109 170 158 211 234 31 77 114 40 216
    38 162 174 237 202 187 125 90 231 122 186 245 229 87 105 21 247 124
    191 250 1 193 90 246 58 132 149 34 226 130 36 213 25 235 49 185 54
    255 180 107 203 16 164 5 97 43 78 221 157 138 43 138 2 167 139 71
    136 176 132 92 38 126 76 100 242 18 215 180 73 67 139 183 24 253 201
    252 102 134 168 55 173 246 202 48 247 147 222 231 112 0 4 3 50 93
    188 38 136 153 160 189 239 168 173 49 244 142 208 235 36 122 166 155
    114 31 69 73 247 32 218 91 120 233 26 157 214 148 240 152 239 138
    247 139 229 200 133 127 155 222 255 135 238 208 226 174 135 191 27
    10 39 184 246 179 206 168 64 148 200 211 3 149 156 246 7 187 217 144
    146 195 178 153 130 228 1 64 254 110 122 252 132 62 72 212 124 156
    80 114 80 157 8 20 201 122 182 194 30 213 128 47 91 234 165 236 24
    234 145 106 90 111 200 74 156 128 84 7 57 0 242 5 115 186 172 30 144
    170 234 78 159 70 79 108 185 30 16 153 13 92 17 103 116 35 231 144
    218 148 59 137 205 233 13 197 246 27 124 186 195 126 73 56 101 196
    183 109 156 221 144 189 5 45 37 129 222 247 234 15 102 134 230 9 23
    67 132 123 168 73 95 205 227 142 83 55 32 135 137 82 164 76 39 223
    21 21 146 246 17 69 108 128 110 215 57 73 137 163 44 75 157 136 181
    112 160 232 116 154 223 186 50 235 151 9 232 104 104 38 2 93 11 123
    66 16 38 44 20 162 85 217 250 222 193 8 239 40 20 51 114 1 237 109
    212 81 103 239 136 255 114 60 161 241 238 95 134 18 4 208 58 198 83
    111 176 159 235 128 152 5 58 96 127 46 218 79 227 246 17 85 127 144
    121 60 119 57 96 73 241 0 233 186 38 159 237 98 12 234 109 113 101
    121 176 136 156 93 176 187 1 202 7 55 189 154 172 141 72 78 117 170
    0 49 245 146 166 194 210 67 38 183 221 108 40 209 155 34 171 97 98
    62 9 118 65 78 80 216 233 95 219 45 92 53 195 196 60 137 94 155 50
    100 85 69 70 77 13 106 163 250 220 96 135 248 130 58 239 248 96 62
    247 131 156 243 204 15 108 9 147 115 196 151 73 97 174 200 223 235
    145 130 130 18 102 94 1 176 192 37 156 132 96 161 159 133 13 136 220
    42 210 17 1 138 219 40 45 202 120 126 72 24 153 39 83 31 187 244 194
    111 63 48 167 66 194 200 17 150 63 85 181 85 97 20 20 13 40 50 166
    149 78 30 106 66 110 103 45 56 119 211 62 5 193 44 254 8 227 139 209
    165 64 181 221 224 187 226 76 193 114 161 194 22 206 188 137 14 39
    57 41 242 242 88 104 77 166 244 218 158 71 1 20 49 30 244 202 89 82
    171 78 81 96 63 148 137 136 241 196 155 106 181 250 244 218 111 22
    114 188 52 87 198 92 191 178 1 224 164 245 40 199 165 32 45 203 138
    19 31 5 186 39 193 123 211 218 165 131 35 232 8 2 26 223 100 14 225
    230 150 171 79 80 130 230 68 92 251 87 180 55 195 24 80 19 200 224
    181 240 251 127 250 224 113 220 119 57 21 176 231 42 27 88 10 43 64
    244 185 174 12 248 52 2 114 188 97 230 163 78 227 157 26 213 206 51
    56 173 254 60 147 158 244 241 209 220 51 182 150 85 123 230 7 181
    131 195 180 83 96 198 116 225 5 183 18 26 85 8 94 254 80 200 24 203
    190 214 200 70 38 41 152 28 84 100 217 42 167 227 176 234 202 174
    152 138 193 106 218 12 16 9 182 187 196 80 4 130 218 198 169 53 31
    114 66 94 100 52 101 178 71 109 58 59 115 240 1 66 166 33 204 33 111
    187 216 154 62 94 10 166 61 245 67 86 120 83 132 185 92 220 161 137
    202 79 20 7 114 29 211 249 124 170 141 28 249 252 60 237 203 123 45
    111 201 41 169 243 251 243 10 92 46 206 212 243 117 62 159 120 2 55
    157 238 112 14 224 12 171 66 73 27 202 249 53 130 15 154 224 56 58
    89 79 4 202 148 8 55 134 221 195 201 198 105 169 41 152 103 231 191
    55 67 232 226 177 149 177 59 249 123 107 44 138 243 77 65 32 1 67
    124 160 26 65 74 231 151 182 25 145 184 186 15 180 137 73 207 221
    196 172 219 82 184 70 184 107 172 62 45 112 64 39 202 85 191 227 154
    156 108 214 81 107 141 247 142 211 227 12 22 121 182 43 220 34 222
    110 182 8 176 26 112 94 139 254 117 36 104 174 212 181 203 93 180 40
    146 57 153 196 179 132 166 177 135 133 132 36 137 185 78 253 114 166
    243 218 143 146 147 34 128 70 244 216 172 198 213 107 16 163 228 56
    107 90 127 173 108 125 113 38 70 255 193 137 10 129 205 46 185 243
    249 67 234 187 237 176 14 206 117 9 139 147 77 222 178 251 119 175
    250 220 101 121 2 254 28 94 47 111 147 203 115 232 149 55 62 201 117
    134 1 211 149 153 255 6 22 88 169 14 65 75 225 19 56 194 29 114 57
    107 84 22 217 80 115 142 195 98 211 91 109 64 147 21 123 47 137 149
    205 105 233 208 157 85 125 159 228 231 57 167 100 35 181 120 127 142
    136 251 133 11 191 48 40 116 144 106 153 38 173 139 71 0 174 137 208
    202 210 11 123 3 93 233 186 213 182 36 207 42 221 206 85 239 188 208
    63 178 115 62 145 10 95 222 249 7 11 191 97 188 109 192 35 220 67 1
    80 22 255 25 147 48 180 64 106 22 41 107 169 213 26 134 226 9 46 82
    76 252 71 228 170 49 198 199 21 241 38 57 255 0 165 184 52 135 1 132
    9 245 49 24 199 55 239 200 206 133 89 245 175 98 201 116 105 1 4 48
    114 171 202 238 97 141 213 131 34 127 114 102 217 162 216 0 115 144
    47 126 228 48 215 71 93 103 201 104 191 65 100 200 178 124 245 52
    216 114 240 226 35 242 80 144 151 30 123 75 57 189 190 234 92 101
    217 0 169 112 247 15 160 145 165 194 117 57 164 135 177 20 46 7 120
    239 228 44 218 45 11 127 53 254 89 237 99 182 15 117 26 92 172 86
    220 219 67 86 196 25 221 43 184 230 124 194 135 56 235 23 195 145
    222 83 133 229 62 55 159 199 70 32 105 229 169 255 99 32 126 252 211
    112 188 123 87 181 195 213 241 234 43 105 243 229 43 48 151 138 109
    64 26 67 191 114 40 191 75 100 7 162 255 111 230 63 160 68 48 209 45
    157 195 247 11 25 90 100 176 20 44 133 34 0 89 56 189 212 8 24 55
    146 196 3 182 124 16 133 150 157 80 151 53 21 10 175 28 227 94 223
    214 206 41 25 36 17 228 53 206 82 204 125 160 46 245 18 107 200 248
    129 5 108 240 85 219 87 110 64 157 79 132 74 83 172 18 2 194 116 14
    102 234 47 120 65 74 163 198 230 54 163 154 243 117 212 59 171 251
    170 132 96 152 26 31 245 144 61 128 195 223 234 243 206 139 13 209
    251 13 210 75 116 127 26 149 26 26 101 25 177 169 7 68 232 78 27 242
    167 17 165 113 89 172 37 81 43 51 58 205 78 55 85 20 86 133 236 178
    198 13 175 168 84 138 101 42 247 60 181 250 11 196 141 83 21 144 44
    240 243 197 166 187 244 87 196 218 239 209 178 52 127 0 33 60 187
    105 214 118 43 78 151 246 216 209 245 124 204 92 8 197 24 152 151
    221 30 28 182 180 140 108 64 78 112 139 47 254 168 139 57 109 174
    107 22 154 130 73 65 42 134 4 100 130 220 180 155 219 8 82 155 235
    204 131 183 9 208 215 207 76 186 13 48 6 51 213 113 174 130 34 114
    187 29 23 245 140 43 25 107 199 235 241 47 151 17 117 163 100 80 7
    115 254 177 125 153 26 191 203 231 194 74 26 165 134 183 116 212 0
    87 156 9 181 18 198 12 140 143 213 20 71 203 177 102 115 113 59 167
    230 145 20 60 55 163 254 166 203 114 220 171 80 4 230 128 18 56 255
    50 91 229 19 106 105 5 82 161 57 91 0 121 16 2 193 36 230 146 156
    138 179 194 42 17 117 212 109 13 90 56 228 176 142 186 224 69 188 22
    103 199 104 153 216 163 153 115 190 107 72 21 174 37 90 218 58 48
    141 78 109 181 45 141 29 119 241 186 193 26 137 159 173 227 122 131
    35 30 32 227 9 81 5 29 82 255 1 182 62 5 35 67 171 46 38 53 90 128
    185 60 175 247 145 21 82 23 112 1 106 94 126 169 223 159 237 106 216
    222 88 22 41 233 126 188 255 150 226 159 253 32 201 198 199 57 235
    92 34 71 69 89 35 207 175 18 221 215 38 240 202 214 128 176 121 153
    175 44 204 77 37 79 38 27 20 117 166 125 98 36 7 146 210 175 79 213
    179 39 100 104 116 201 42 203 6 154 90 212 133 23 152 209 219 179
    176 112 219 243 152 242 223 76 115 56 113 123 92 169 25 50 230 112
    215 38 192 158 66 158 234 198 232 40 141 252 17 219 81 6 189 105 0
    61 50 21 140 174 22 171 32 224 100 29 29 119 101 246 115 222 170 97
    45 119 239 249 23 197 57 169 249 117 128 174 88 196 4 99 217 90 253
    240 42 154 115 87 59 95 41 169 239 45 196 135 55 47 72 165 115 199
    68 201 240 29 101 147 98 114 195 125 189 209 234 35 242 194 191 101
    82 147 67 174 156 109 117 4 220 56 90 88 103 41 250 121 125 186 206
    207 190 43 61 131 90 232 147 101 184 162 11 8 250 242 41 126 96 111
    237 41 68 90 80 88 52 56 112 197 106 3 142 166 150 185 105 179 141
    18 83 130 185 24 25 14 16 65 114 13 53 136 59 70 107 212 20 174 243
    188 101 13 191 162 167 110 186 24 123 72 253 176 114 32 44 243 120
    139 244 167 14 208 211 159 209 7 12 142 173 229 233 50 63 179 70 24
    56 143 244 159 159 192 66 105 5 137 86 247 242 3 172 22 45 208 165
    192 175 201 10 143 215 226 75 167 198 223 78 135 226 63 147 77 94
    206 72 37 207 68 2 193 88 128 203 103 73 56 235 205 14 20 18 140 160
    13 151 189 81 154 95 180 226 160 49 46 162 245 174 53 69 194 124 81
    122 14 10 73 49 200 8 205 171 152 165 106 25 94 106 53 227 43 29 0
    222 196 197 49 105 212 153 239 189 208 65 7 181 151 38 27 75 122 193
    176 229 227 162 148 105 168 64 101 119 201 160 175 225 152 169 72
    121 59 109 174 173 103 129 47 188 245 221 170 1 109 8 74 210 249 107
    151 132 118 76 222 82 197 35 222 213 136 115 89 56 95 66 8 201 114
    240 2 160 142 65 25 194 27 241 114 166 222 98 152 45 237 70 58 188
    45 86 62 28 161 212 92 185 10 243 220 138 238 47 212 17 215 86 13
    163 242 129 77 63 241 244 242 122 221 134 232 190 70 138 217 32 119
    0 83 249 216 233 143 91 197 206 251 248 18 89 17 46 78 7 255 206 109
    169 167 62 45 21 159 91 100 42 60 36 4 32 51 86 12 14 128 7 106 15
    250 56 42 129 22 112 39 164 106 197 141 12 240 141 38 53 94 206 161
    118 57 236 204 65 220 100 108 158 82 212 47 77 224 60 200 204 17 115
    86 181 35 193 163 19 69 186 139 55 178 117 132 246 70 140 91 119 184
    232 25 85 201 124 8 81 153 198 147 50 77 54 206 133 85 148 12 31 112
    144 134 110 46 212 200 132 152 205 101 12 72 62 167 51 213 247 91
    209 203 219 240 69 165 5 98 106 180 173 112 143 199 177 8 180 69 147
    40 120 181 111 25 39 54 107 65 167 182 100 56 173 198 26 33 78 49 35
    89 233 57 189 233 2 136 144 157 44 70 101 87 1 201 182 17 193 252
    221 36 25 248 22 134 185 137 190 136 25 96 66 165 48 221 130 130 61
    108 183 67 91 232 151 205 191 185 217 94 122 47 181 108 252 112 112
    139 123 78 132 69 224 21 1 225 59 221 9 219 207 56 166 210 146 15
    207 217 35 65 79 166 172 153 28 232 170 121 37 51 89 172 110 255 89
    30 121 154 126 16 17 135 228 243 216 148 86 172 224 30 155 4 237 96
    62 107 32 218 181 198 252 224 83 44 200 156 253 105 143 179 189 183
    226 62 210 168 139 31 83 2 103 118 92 75 240 142 0 161 252 160 112
    119 189 37 204 146 67 63 231 131 53 127 86 156 75 37 134 180 238 246
    184 90 71 86 88 22 155 121 67 100 5 205 121 45 101 34 128 142 32 168
    66 153 59 91 174 173 223 230 58 102 49 43 226 70 158 2 187 183 24
    219 239 120 147 127 43 88 206 34 124 134 115 254 128 184 201 247 38
    160 121 14 186 184 81 195 241 141 112 239 10 70 0 5 59 237 190 33 41
    150 145 181 117 9 146 49 28 156 57 197 95 172 148 182 107 29 25 211
    99 195 189 139 55 132 10 162 49 222 149 190 70 240 248 41 153 212
    174 146 62 6 102 9 38 232 229 249 70 237 56 166 226 239 137 168 1 19
    246 134 147 124 164 183 236 131 166 91 109 60 174 194 126 132 223
    203 167 229 194 206 193 144 56 132 248 74 47 106 254 94 22 163 68 11
    22 221 71 202 25 109 165 116 24 162 245 92 119 192 76 52 23 131 219
    184 120 81 165 217 55 3 193 110 245 111 95 221 8 134 183 222 230 152
    163 62 40 218 23 255 45 252 225 220 167 133 202 163 227 106 227 57
    141 181 233 9 107 67 44 66 104 223 190 252 221 53 157 170 207 14 115
    196 246 43 156 253 69 244 35 45 213 79 199 149 69 127 217 22 7 211
    239 187 238 78 219 226 116 252 231 94 187 88 57 200 173 4 155 89 74
    55 153 243 60 35 120 102 218 82 78 46 220 75 29 16 12 98 134 237 102
    215 190 15 238 218 47 35 6 94 95 97 182 16 175 196 85 136 131 45 175
    125 129 72 227 70 221 138 138 243 58 159 61 160 26 42 108 98 109 18
    75 212 189 6 83 211 214 164 57 235 19 244 149 40 158 247 5 240 57 23
    59 214 110 41 18 16 56 114 139 56 3 177 251 141 245 41 219 143 235
    93 195 148 106 123 72 173 193 232 230 107 249 217 143 106 199 55 211
    15 144 224 32 54 195 254 232 166 49 157 25 110 160 33 180 253 109 67
    46 67 80 27 186 169 210 116 170 19 32 23 26 132 250 70 232 3 178 111
    37 34 99 47 64 192 126 219 78 7 0 21 102 150 222 5 50 140 82 54 179
    229 111 1 35 157 237 119 251 109 14 40 231 62 41 210 157 175 160 146
    134 145 159 249 161 121 172 163 27 103 117 240 166 20 210 241 73 70
    56 126 28 94 215 159 221 164 29 158 45 255 199 110 197 209 228 168
    249 141 247 248 151 83 161 65 173 31 55 191 212 172 158 108 130 123
    161 60 148 181 100 143 160 198 94 214 105 179 240 114 199 129 128 65
    72 170 163 104 128 52 123 72 184 2 22 203 104 144 122 163 174 119 41
    215 25 45 64 19 93 224 190 179 144 170 198 55 125 196 117 41 150 72
    111 210 58 50 137 150 97 77 30 72 115 183 244 29 208 217 188 161 167
    110 216 144 147 230 46 251 60 99 162 165 110 181 15 196 121 243 118
    146 52 17 180 153 213 71 131 205 195 172 95 102 5 57 211 50 182 49
    206 238 253 135 90 206 43 8 246 136 136 190 116 241 194 74 134 188
    76 211 10 140 96 107 167 254 73 123 125 165 151 73 124 3 61 206 243
    55 156 233 171 84 136 126 180 157 175 10 143 43 216 254 182 198 215
    215 24 169 48 14 12 93 129 13 191 237 191 33 169 208 137 33 53 203
    100 205 25 63 22 123 25 162 152 239 50 7 41 246 61 206 7 153 175 87
    199 198 193 141 40 139 113 129 168 185 142 127 100 68 61 27 60 49 37
    242 54 57 172 47 163 26 244 197 158 184 45 198 161 205 5 171 15 168
    139 63 98 85 251 6 151 66 147 168 42 52 111 58 155 173 82 115 144
    235 44 148 196 137 30 17 61 98 100 209 251 63 134 85 175 168 206 243
    241 126 78 207 1 186 227 21 137 6 26 115 14 68 124 248 207 200 59
    130 186 205 228 24 230 32 143 195 56 12 14 254 239 53 177 90 235 11
    245 214 32 121 245 23 67 184 192 124 163 215 129 190 143 11 141 25
    36 181 232 163 51 246 198 241 38 92 122 0 126 231 56 190 125 108 55
    120 188 205 87 164 151 50 213 149 100 31 107 167 89 136 58 34 5 249
    67 97 238 214 96 87 228 93 202 175 193 73 14 112 78 22 11 176 93 159
    234 163 19 133 100 29 72 108 4 204 214 186 68 48 70 219 112 135 82
    43 61 228 203 68 169 46 64 246 127 187 218 230 57 150 25 182 1 248
    251 17 81 243 148 213 98 96 73 92 211 215 94 114 96 246 149 3 107
    242 170 50 38 3 60 106 255 247 11 35 225 189 36 118 138 179 56 167
    21 58 44 199 101 185 131 39 39 118 214 180 212 22 252 1 123 105 53
    62 186 99 18 53 169 248 97 38 69 6 11 128 139 87 14 204 192 142 201
    51 200 62 52 223 189 224 193 81 105 191 112 106 41 37 140 228 244
    226 38 100 112 148 245 10 142 148 173 206 5 86 205 92 200 159 239
    211 148 123 92 94 136 172 87 10 76 74 30 224 175 201 165 106 248 99
    222 74 33 211 203 46 212 252 84 220 19 231 164 62 211 66 35 83 234
    119 228 248 183 235 128 150 212 238 148 247 149 120 75 252 158 233
    84 255 42 207 50 82 163 208 8 127 93 194 217 238 16 141 190 242 232
    202 140 74 134 88 116 246 74 33 12 128 160 166 140 129 6 215 121 241
    98 13 4 197 137 62 157 104 137 33 23 192 26 134 8 209 130 67 221 96
    245 236 113 177 229 85 79 3 47 55 190 118 218 1 140 82 185 12 251
    117 105 28 77 91 218 33 63 139 86 239 189 183 143 62 43 94 69 61 64
    6 96 73 128 93 85 197 18 88 37 2 162 245 77 98 171 243 251 97 218
    130 123 65 123 193 23 21 76 253 132 7 105 133 78 195 30 131 202 146
    75 38 100 30 148 7 134 141 72 19 15 183 227 122 0 3 20 132 235 36 28
    26 28 105 73 37 227 169 185 239 46 197 248 4 207 181 193 100 64 97
    163 35 71 39 114 227 250 22 174 156 230 122 196 37 180 48 189 27 14
    52 37 192 4 152 237 94 19 26 97 154 52 10 155 195 233 204 128 17 209
    188 75 97 36 79 98 23 154 121 167 166 236 84 36 122 181 22 242 249
    136 82 57 199 149 58 0 245 244 196 133 44 32 240 4 62 50 94 26 152
    200 39 231 253 101 26 33 109 153 227 145 93 234 37 49 183 186 120
    231 136 246 157 37 116 126 112 218 201 35 82 172 139 49 86 217 250
    237 213 82 14 74 170 138 200 15 16 95 27 67 106 21 19 41 238 245 47
    50 161 77 97 191 192 46 28 94 176 185 3 206 130 235 134 10 149 23 29
    67 63 218 33 15 110 176 78 173 232 248 11 61 100 149 224 172 153 56
    90 121 217 191 180 110 117 220 84 29 188 94 183 250 36 224 129 65 77
    101 188 196 115 197 1 80 26 104 129 141 175 165 75 174 70 140 80 231
    73 253 162 45 14 110 151 189 201 188 235 145 205 250 44 119 59 147
    178 234 113 166 255 16 202 78 192 216 159 16 45 250 183 26 129 36 33
    106 2 40 17 4 168 184 140 250 29 207 49 106 148 170 35 108 196 113
    194 197 132 145 176 51 186 16 109 188 175 110 160 9 199 79 219 230
    52 224 185 71 153 124 160 27 171 220 168 75 145 15 206 82 67 0 31
    130 113 11 25 91 163 101 100 5 220 210 173 76 217 232 179 64 48 100
    213 233 192 200 162 14 137 182 254 207 141 110 114 82 125 25 158 15
    10 155 190 109 8 243 1 230 222 104 115 182 146 201 188 127 72 80 46
    187 246 126 113 54 50 78 149 72 241 209 43 118 253 2 152 248 195 170
    242 197 24 229 145 114 170 83 39 70 206 182 211 168 234 69 176 72
    166 31 57 138 183 49 207 93 87 70 100 212 215 86 127 5 99 68 109 234
    117 173 104 43 103 235 73 24 158 46 93 105 206 139 26 199 230 123
    248 104 251 204 75 64 152 200 202 210 10 248 63 131 43 50 74 100 125
    14 40 28 139 157 46 161 55 175 65 219 152 46 41 250 170 133 166 62
    178 204 157 95 169 169 225 206 185 134 188 46 40 164 155 227 141 22
    186 103 228 138 103 5 174 141 115 179 235 119 93 37 75 240 223 115
    143 48 93 15 79 212 249 142 1 237 51 9 130 17 147 70 4 138 110 233
    156 226 28 249 78 16 132 173 15 119 58 94 3 90 71 199 76 165 181 202
    210 79 247 56 118 125 199 182 214 56 151 176 180 125 203 94 160 189
    25 96 199 226 162 187 252 139 57 70 54 45 90 72 13 201 100 103 125
    39 12 92 116 30 197 127 99 157 72 112 79 7 247 150 221 251 204 46
    233 253 47 191 165 48 202 104 50 138 182 210 96 141 126 170 17 168
    146 48 186 243 60 22 247 140 130 202 92 148 246 115 160 252 5 74 133
    84 193 208 9 221 191 215 145 23 159 135 122 72 58 232 55 182 215 37
    140 89 159 230 183 250 0 112 85 9 171 155 198 234 209 73 23 250 171
    61 142 76 173 5 1 199 31 224 11 115 243 1 190 6 11 10 138 16 176 98
    133 46 249 188 185 63 39 105 185 55 244 230 76 199 149 203 102 242
    149 107 173 107 30 109 27 2 187 134 17 3 148 171 217 55 205 172 64
    248 101 185 245 9 78 108 226 210 249 231 148 13 244 234 76 56 40 39
    21 49 226 115 104 178 244 145 27 1 133 108 146 172 205 167 125 235
    238 104 152 85 226 44 118 143 26 254 151 156 20 252 183 40 238 152
    113 190 135 84 162 184 14 182 237 74 208 127 45 235 250 67 13 5 196
    164 98 34 187 85 180 238 127 189 143 114 189 81 160 161 167 229 121
    244 176 225 102 153 238 127 174 190 153 175 157 142 159 73 160 180
    77 111 40 187 167 32 186 157 180 94 124 170 125 172 186 8 49 198 20
    184 84 177 250 127 155 29 140 168 12 165 43 178 214 142 237 183 235
    187 244 48 44 229 107 39 239 44 36 121 38 119 213 117 200 99 61 191
    91 54 120 246 79 35 143 95 174 105 177 61 51 190 72 243 229 75 197
    20 57 59 84 141 87 161 92 247 44 138 120 1 131 101 215 60 53 195 85
    145 244 217 225 116 248 240 22 120 161 13 117 142 213 192 234 155
    113 146 77 54 80 113 170 55 23 245 210 173 38 94 169 45 20 199 239
    235 85 228 141 123 118 126 141 32 135 159 72 228 50 146 81 42 175
    236 101 122 233 107 157 34 211 93 233 247 233 85 228 142 85 235 226
    174 5 165 90 98 173 130 45 3 251 43 67 217 211 168 123 116 110 15
    186 37 88 199 66 58 197 103 240 140 200 90 127 19 7 174 248 162 26
    181 164 55 218 99 231 61 5 139 66 223 209 217 158 190 150 19 95 203
    181 219 12 145 31 10 57 210 85 193 109 87 126 187 211 147 12 6 145
    48 102 152 78 167 82 234 51 110 232 109 16 30 121 151 26 190 223 17
    140 81 138 196 155 128 185 237 32 160 182 146 117 50 117 169 101 118
    39 66 58 45 130 119 68 206 255 147 189 13 98 203 105 21 44 230 57
    202 16 204 221 163 22 82 158 168 134 39 63 242 243 124 61 16 11 4
    111 124 228 255 90 129 72 134 73 144 37 70 245 90 114 0 187 14 245
    59 188 200 184 228 29 202 64 37 142 192 159 53 180 108 198 246 160
    228 21 180 219 33 242 178 24 208 19 204 141 72 174 197 237 21 118 87
    233 74 28 210 61 21 58 162 51 218 61 234 159 174 169 201 111 58 111
    99 71 133 208 146 84 251 221 198 155 5 211 15 137 114 102 131 214
    204 90 183 92 138 216 126 79 88 104 144 124 46 172 188 240 155 64 17
    198 107 217 63 96 164 160 249 92 251 97 145 240 211 189 127 61 2 107
    155 213 51 238 148 243 138 122 159 241 8 190 200 224 191 214 154 215
    235 96 19 8 188 12 37 34 33 249 119 243 243 214 66 80 141 224 161 53
    62 236 176 218 138 77 137 93 101 240 96 89 10 159 79 86 181 30 191
    83 32 179 148 104 110 65 42 253 224 10 112 74 122 171 52 223 172 217
    147 193 38 79 186 198 161 242 243 213 178 110 176 32 207 117 250 254
    99 170 251 118 70 181 87 198 195 105 34 138 139 158 145 99 204 124
    40 102 234 124 153 92 134 227 243 201 215 83 73 92 246 176 8 164 148
    238 205 250 207 150 203 36 235 137 108 195 157 154 22 88 14 74 209
    16 249 3 174 182 122 92 235 176 28 154 32 145 12 169 82 255 238 194
    73 183 46 243 108 47 179 32 91 22 188 201 62 191 24 102 105 155 206
    114 245 237 3 188 98 158 204 51 14 114 174 199 96 235 152 22 108 193
    65 179 157 14 220 189 10 95 182 226 39 197 114 45 47 151 43 81 168
    132 206 239 38 122 108 239 151 232 94 21 142 217 252 246 126 165 173
    156 116 75 76 255 51 210 163 3 162 14 206 152 175 210 26 53 214 91
    196 103 155 122 88 26 125 165 163 247 159 10 179 224 154 192 94 153
    76 41 250 17 53 197 43 208 152 254 114 0 74 172 56 46 1 220 124 207
    197 83 6 173 210 201 83 115 218 16 201 170 68 176 218 50 137 64 14
    117 154 242 138 224 83 210 167 214 83 132 15 77 87 254 91 203 56 177
    22 175 228 12 103 63 233 2 232 9 123 191 2 201 141 66 8 59 114 143
    174 59 204 78 151 204 250 217 117 191 124 110 209 168 21 216 21 160
    180 63 74 220 171 229 17 250 227 146 55 179 130 199 85 126 99 71 73
    210 32 116 87 129 203 247 29 63 253 237 96 46 186 203 73 50 157 69
    106 0 28 96 121 135 216 162 51 2 211 4 133 228 142 90 31 248 92 229
    201 135 7 89 213 227 175 100 41 156 186 179 141 71 104 183 62 154
    186 95 91 111 12 158 239 3 198 231 106 194 85 186 89 205 95 218 2
    168 191 9 18 55 182 155 102 49 76 147 106 115 45 199 187 200 84 1 91
    129 26 38 101 181 190 187 133 65 103 182 124 58 41 188 75 110 159
    128 135 215 204 48 30 236 76 110 65 89 5 105 225 115 174 133 51 185
    214 145 230 14 49 57 169 166 179 60 60 141 132 203 125 201 108 82 15
    3 73 189 112 183 167 57 137 19 155 120 163 126 60 109 29 19 103 48
    246 156 123 246 55 26 1 142 251 18 188 163 105 9 41 126 30 182 219
    115 50 181 187 217 69 242 14 144 168 230 100 178 172 32 46 12 4 182
    193 167 223 91 192 45 156 5 153 115 34 57 231 94 36 62 151 143 95
    216 211 159 174 66 146 253 95 177 78 11 103 36 240 131 152 73 197
    205 87 246 131 49 218 86 94 166 202 203 239 186 155 169 55 129 207
    39 47 45 21 134 123 209 120 58 169 118 5 57 228 130 100 123 67 178
    242 253 227 203 143 4 136 189 149 212 251 109 9 159 129 15 209 226
    110 1 33 24 132 72 220 122 0 212 135 204 253 25 110 39 208 20 243 97
    167 172 247 153 102 16 134 111 194 36 252 161 154 242 243 61 88 103
    83 67 118 187 244 204 75 108 97 89 13 17 228 63 249 51 96 210 22 21
    23 172 69 158 121 242 97 214 208 242 217 189 16 228 125 196 239 61
    39 180 69 116 215 186 12 217 14 194 105 26 167 17 25 18 195 67 132
    160 227 210 232 17 41 230 42 38 32 212 35 130 138 171 81 73 13 0 176
    215 38 77 49 95 74 157 68 102 151 23 7 73 185 27 187 17 20 148 95 94
    139 43 29 136 233 105 179 83 31 52 76 243 88 142 237 37 207 167 233
    140 30 33 190 213 192 35 67 159 16 194 247 202 101 62 26 154 112 196
    212 34 230 144 70 17 31 89 43 145 161 27 138 118 116 71 121 91 37
    203 221 225 230 97 8 199 190 142 208 198 83 116 28 93 196 232 80 109
    95 130 179 17 104 71 208 163 98 74 130 85 162 34 211 150 136 100 109
    83 44 103 224 159 78 173 100 91 18 233 46 82 186 57 5 126 100 250
    254 165 222 183 154 15 53 37 192 97 78 178 17 175 49 121 161 126 187
    44 0 89 112 216 30 48 47 249 197 83 234 228 12 150 241 126 252 28
    102 205 196 13 80 64 84 29 221 130 51 27 4 117 114 100 33 193 21 246
    172 14 16 231 94 24 67 103 59 18 62 234 95 24 33 48 69 210 62 152 18
    224 107 3 195 68 238 1 143 114 52 15 149 19 106 155 150 245 32 80 15
    216 225 54 156 2 197 124 54 206 80 9 100 175 46 37 42 28 75 148 108
    198 55 153 91 255 74 146 199 34 167 75 52 49 208 123 31 173 81 30 3
    24 213 223 168 186 191 20 220 29 18 125 161 30 132 113 15 250 232
    129 176 170 146 171 182 151 6 107 239 223 23 7 86 15 34 142 234 189
    77 214 93 25 229 101 167 84 117 185 229 14 58 158 147 185 57 216 172
    132 161 113 90 40 159 254 192 252 40 11 68 90 129 115 234 74 132 170
    26 84 187 97 29 184 151 202 132 20 9 92 59 253 58 204 5 75 0 157 10
    148 76 83 225 206 242 148 70 231 162 233 134 52 119 106 194 136 129
    225 252 52 238 229 114 216 124 30 92 60 154 11 204 109 146 49 227
    119 162 64 114 152 164 243 148 111 29 94 58 95 252 208 3 248 56 189
    83 20 136 39 187 238 23 75 199 65 156 62 252 77 85 32 62 96 56 206
    120 97 8 186 147 227 134 134 51 235 217 136 178 228 120 106 96 195
    172 37 62 60 45 196 200 5 219 47 51 247 62 124 2 104 3 160 29 153 84
    146 162 29 210 207 22 254 110 40 173 112 137 33 221 214 185 239 149
    78 66 84 114 20 29 134 127 251 205 69 207 80 156 208 107 9 253 71
    163 212 38 110 157 75 171 211 75 143 98 161 57 244 250 35 188 5 198
    98 157 242 27 28 162 123 85 20 29 131 70 82 206 46 80 235 62 44 182
    151 136 165 171 55 179 26 78 157 33 85 105 137 59 179 178 157 219
    225 15 13 44 173 199 252 122 102 67 98 117 53 105 68 115 245 220 58
    163 235 48 209 75 222 58 53 44 224 147 255 37 251 233 41 225 167 52
    189 226 157 254 49 158 108 24 237 31 98 82 176 43 48 181 210 57 250
    68 122 255 131 208 11 165 221 130 19 52 100 227 205 128 161 89 22
    175 18 28 15 255 196 15 169 208 62 52 69 64 7 118 129 251 199 69 191
    245 69 95 81 121 112 140 78 109 161 170 149 42 245 21 115 234 44 35
    147 146 3 238 134 203 27 74 48 42 147 113 141 124 189 130 136 20 103
    15 47 85 55 195 13 45 155 147 43 186 252 49 158 198 149 183 14 17 4
    57 215 161 57 65 251 133 9 41 1 72 52 169 13 150 237 171 150 110 150
    193 52 15 71 234 19 94 45 123 152 222 2 205 228 236 11 157 144 247
    252 177 206 203 88 204 252 193 147 182 48 166 246 232 203 102 195
    146 192 36 64 34 243 81 73 190 33 203 145 125 86 215 228 246 153 255
    36 236 106 249 91 150 55 12 32 103 147 19 81 71 92 49 234 192 25 181
    8 165 15 98 153 84 4 238 163 232 160 97 120 64 44 25 109 250 220 148
    87 9 182 150 248 240 124 109 215 251 62 183 241 32 239 47 199 223 21
    158 20 57 217 170 27 76 199 178 231 38 137 150 246 47 157 243 73 37
    52 253 62 72 168 223 85 2 78 157 63 93 192 19 199 134 158 188 22 119
    112 178 104 111 196 203 35 180 98 196 119 82 186 217 108 124 228 224
    49 9 193 54 175 86 60 95 110 159 10 32 247 204 125 132 27 192 8 171
    212 158 193 255 180 3 3 250 125 166 219 47 240 170 42 211 59 32 62
    127 24 178 46 226 173 237 253 115 72 109 189 171 109 211 219 11 47
    113 182 191 87 125 246 120 28 192 106 230 249 17 167 36 63 118 49
    142 43 232 180 243 105 210 81 207 209 107 187 41 88 162 125 229 39
    69 208 232 126 80 4 78 61 71 17 120 155 222 227 74 197 26 144 112
    101 133 21 215 227 189 111 210 153 78 59 226 215 151 109 33 169 139
    74 49 154 65 237 247 185 137 85 244 20 39 140 172 199 159 113 219
    224 177 133 68 101 251 238 251 172 92 219 58 137 7 10 132 226 90 24
    213 173 91 193 139 60 215 56 50 207 135 190 144 3 219 154 122 145 33
    216 6 96 194 255 10 27 202 107 50 141 211 173 150 84 178 49 244 74
    39 177 150 89 194 31 173 111 240 109 169 103 243 120 125 140 203 127
    255 146 84 213 151 47 212 186 165 1 185 39 12 176 163 13 246 147 242
    238 182 220 117 235 149 42 117 79 188 195 10 33 44 135 110 12 197
    231 117 62 167 99 197 246 58 217 19 13 216 208 244 190 69 71 42 212
    34 234 93 190 219 200 81 29 34 167 93 20 97 42 23 49 160 239 233 89
    255 212 200 34 116 210 40 208 192 63 66 55 244 211 88 65 249 127 17
    166 50 134 209 54 123 166 108 66 148 158 13 242 126 33 177 95 138 41
    154 117 115 71 215 123 43 186 97 134 201 29 124 251 61 215 36 97 19
    129 142 14 232 33 92 55 206 178 235 240 251 155 187 85 59 37 11 91
    192 62 125 130 136 10 178 81 104 165 8 225 175 98 30 230 66 160 162
    104 175 50 184 57 151 27 84 227 168 52 22 178 239 202 4 29 182 245
    44 34 28 207 180 156 105 239 47 68 220 234 65 110 179 146 169 250 99
    28 83 75 176 187 168 236 248 142 135 120 151 140 27 118 100 13 124
    154 147 32 42 160 2 140 57 142 247 181 50 207 119 151 13 78 145 93
    80 165 240 56 178 83 192 210 89 84 230 219 107 54 227 111 166 21 126
    30 104 219 165 131 220 123 125 36 228 47 154 14 229 163 9 255 238
    241 69 236 27 250 44 88 12 121 61 112 241 197 171 231 58 70 104 21
    236 240 40 130 50 254 154 233 198 39 225 140 129 29 111 15 124 10 28
    86 190 211 161 248 202 59 119 202 7 201 151 92 222 50 186 85 152 206
    93 73 52 117 24 143 163 186 56 139 73 115 68 193 122 41 58 163 16
    247 191 254 68 153 67 27 204 83 174 195 161 102 219 104 18 154 162
    232 175 124 11 184 27 171 82 186 223 210 131 53 230 177 65 179 105
    217 219 51 245 31 85 242 90 208 67 202 44 105 93 129 128 230 73 115
    236 6 249 75 78 172 71 9 110 243 76 85 114 199 54 152 54 139 10 249
    176 19 36 244 173 181 213 198 41 102 237 163 30 28 175 210 251 68 15
    141 165 144 88 88 154 45 202 172 29 2 26 174 233 240 134 32 232 209
    154 30 61 178 219 152 171 28 51 1 141 237 100 26 83 158 171 30 107
    151 243 8 168 36 37 150 168 152 166 8 77 23 124 166 61 56 50 218 230
    56 42 130 61 216 215 13 65 43 74 208 126 90 11 124 168 175 109 91 3
    139 216 111 166 124 157 146 182 136 170 138 87 151 126 224 115 24 89
    198 27 166 238 121 103 90 139 214 215 190 253 194 69 184 171 205 116
    250 8 95 223 235 49 249 80 174 51 122 81 207 195 25 7 191 65 174 68
    61 38 31 79 135 230 157 230 151 250 67 226 76 64 91 243 254 199 139
    25 209 177 75 65 49 130 237 37 16 136 0 22 223 250 90 49 42 0 201
    246 39 155 28 73 159 247 6 209 215 249 14 27 221 104 207 103 210 196
    71 68 254 135 67 176 171 248 242 201 59 232 169 94 32 69 204 121 169
    28 98 31 245 132 157 102 159 193 75 27 122 14 121 110 138 228 209
    251 241 235 170 90 227 25 108 32 148 211 4 177 1 64 223 88 173 100
    96 50 22 29 116 243 153 127 12 19 234 234 144 30 51 126 144 206 13
    156 163 134 60 63 63 79 223 129 64 192 49 52 120 191 250 20 94 1 252
    90 251 130 217 124 88 215 37 186 39 18 123 159 119 138 239 198 56 36
    215 93 61 98 26 200 184 20 8 165 67 18 167 173 134 80 28 107 57 208
    157 107 164 32 149 25 152 57 42 252 39 213 34 179 67 192 234 168 252
    132 184 71 56 227 115 166 44 11 186 193 192 238 211 132 14 198 183
    162 97 89 5 59 213 82 111 244 14 103 8 141 192 206 168 155 247 98
    143 198 179 117 154 110 248 227 37 45 131 212 236 47 193 216 115 213
    59 102 81 161 95 227 56 231 48 107 246 160 152 28 28 86 177 120 166
    33 217 183 60 48 98 179 128 244 136 171 74 150 90 131 209 162 53 124
    222 118 222 160 167 53 189 25 169 5 60 197 25 63 21 32 137 29 165
    246 30 169 178 152 214 59 240 171 60 251 66 60 243 80 69 220 172 241
    63 247 105 165 226 81 157 59 108 53 213 225 82 4 96 69 203 87 152 50
    150 32 34 106 249 99 233 221 192 137 249 37 163 172 117 185 234 235
    75 73 23 160 160 171 123 216 235 198 209 31 161 14 225 203 237 238
    236 175 176 125 174 169 180 15 85 52 97 70 60 210 46 159 48 2 37 116
    165 107 119 125 155 159 134 219 67 238 202 139 75 253 110 79 197 25
    78 139 30 97 134 33 64 140 70 196 159 181 64 151 95 134 57 103 25 32
    67 243 61 53 73 248 27 238 90 32 180 35 11 31 152 26 234 205 70 76
    240 124 197 210 201 43 15 36 145 166 80 231 53 220 20 75 74 128 83
    105 102 109 228 242 143 176 119 245 191 160 174 198 236 222 5 208
    200 86 46 162 177 237 79 38 34 200 222 251 21 226 157 83 247 34 2 66
    223 137 121 155 165 9 244 72 17 108 162 7 74 69 16 115 129 143 11
    142 174 190 69 189 157 27 7 100 62 57 34 67 159 221 186 98 15 236 59
    242 118 126 15 162 192 153 114 172 133 100 86 129 15 20 52 178 67 77
    231 14 207 128 53 160 159 216 75 60 36 115 56 162 64 211 15 155 177
    218 94 199 114 183 51 88 201 129 89 200 106 189 174 110 104 181 113
    245 97 253 132 95 119 86 16 106 203 225 252 97 191 105 1 63 87 60
    249 110 144 248 147 22 89 82 244 49 108 146 47 1 114 138 128 74 119
    223 195 33 57 184 153 159 249 89 4 93 196 61 2 72 224 116 104 27 255
    48 59 128 126 129 151 23 144 224 89 237 123 18 171 225 74 32 67 147
    51 123 39 51 196 6 138 140 131 249 216 153 2 235 124 194 181 61 113
    66 184 147 109 167 138 20 30 197 59 199 111 181 221 139 20 63 87 35
    56 156 90 140 112 7 1 90 79 34 149 198 93 44 208 190 101 87 190 184
    249 98 31 230 180 75 237 102 170 243 254 169 50 160 213 70 131 171
    114 226 72 217 187 146 202 124 172 116 97 77 255 54 68 133 232 84
    185 113 175 29 102 67 178 136 208 99 234 201 43 224 127 28 44 114 17
    39 97 105 76 26 205 51 126 160 18 214 233 131 8 82 251 78 70 125 109
    182 155 252 137 104 239 11 32 117 115 115 14 213 64 7 23 44 83 201
    14 56 254 47 157 6 72 78 145 33 140 208 20 139 12 93 119 142 109 224
    119 198 227 211 114 121 144 85 191 243 34 87 197 135 154 66 35 236
    132 242 176 243 181 37 43 102 213 57 31 57 255 185 19 69 197 69 216
    88 117 31 229 97 193 252 15 218 69 182 203 61 217 72 226 183 23 105
    86 18 76 190 253 248 34 19 253 96 115 92 26 63 213 67 34 47 200 46
    46 94 49 9 210 250 8 94 37 28 241 87 4 100 152 205 199 205 228 200
    180 135 219 135 104 78 41 188 28 151 69 226 2 86 130 198 33 147 67
    30 124 236 39 62 183 37 224 77 29 79 166 133 245 186 190 100 216 64
    165 141 119 199 97 7 239 248 152 1 125 179 55 10 77 240 229 53 140
    167 196 203 178 200 49 18 126 163 245 143 163 216 120 251 228 26 54
    82 205 142 122 148 46 160 46 62 189 137 17 1 23 9 195 12 16 129 212
    113 93 84 134 239 254 78 36 151 95 192 190 90 165 217 201 65 219 145
    167 96 134 56 164 224 41 75 250 94 174 128 197 145 243 77 102 169 38
    113 76 82 182 42 93 19 96 123 192 235 139 254 161 20 134 137 149 164
    172 59 2 254 106 118 23 184 196 172 28 14 94 219 174 186 142 49 123
    3 80 119 243 61 204 205 182 114 111 32 1 174 17 176 36 46 174 160
    112 114 62 136 26 78 18 190 244 85 111 109 59 131 243 147 79 229 230
    208 97 11 156 249 146 92 241 167 178 12 53 16 1 188 164 88 170 34 26
    119 154 161 56 80 27 173 25 113 148 237 97 104 141 100 204 55 37 43
    202 244 189 208 203 106 162 180 146 97 5 152 3 87 9 39 199 105 43 8
    120 205 109 17 1 131 51 253 217 48 210 21 5 108 9 86 176 45 136 131
    31 71 187 222 222 65 255 39 212 255 15 100 98 41 132 148 79 202 80
    105 40 66 218 60 45 101 20 54 26 220 1 185 248 204 7 129 241 133 1
    115 209 239 73 0 202 36 150 134 133 64 21 16 218 186 5 20 121 44 186
    58 229 9 170 135 144 215 197 142 138 108 21 38 36 158 56 182 143 72
    40 243 54 26 135 39 99 35 127 121 205 85 88 173 148 224 229 25 180
    128 88 53 47 190 163 116 239 140 61 106 255 111 212 155 189 235 98
    60 114 174 166 79 136 174 149 42 36 155 12 141 203 135 164 153 228
    241 172 60 99 13 102 60 60 95 93 65 203 189 207 115 116 142 218 120
    82 89 122 28 191 217 177 77 30 242 197 137 240 150 22 223 240 148
    234 157 118 192 39 226 183 128 39 123 223 77 169 230 197 10 8 37 9
    187 162 236 23 191 207 15 175 152 36 41 51 207 223 236 211 116 81 91
    175 160 252 30 99 121 160 83 176 110 159 56 80 141 112 236 126 237
    163 64 253 148 136 82 78 120 229 11 236 156 183 175 214 163 120 40
    139 138 33 136 126 14 126 228 64 71 146 179 49 242 53 251 104 148
    245 108 38 122 46 115 216 89 16 194 196 149 59 179 203 137 170 130 5
    253 181 76 52 97 229 250 155 51 188 23 188 74 192 131 214 209 177 29
    13 220 132 96 9 61 72 2 144 120 60 33 106 241 162 220 172 59 10 219
    11 84 194 168 127 175 52 233 125 2 212 87 21 56 38 2 99 113 132 87
    111 69 120 116 161 156 187 2 54 187 118 157 18 159 249 117 51 47 100
    82 42 153 30 110 229 173 168 211 116 66 250 141 99 69 69 219 194 150
    148 223 172 79 122 16 213 238 185 5 251 68 5 79 37 77 52 71 35 254
    155 34 133 194 8 101 43 184 219 45 93 83 92 31 220 109 51 182 52 147
    11 73 154 203 219 158 186 206 13 198 13 68 78 189 203 25 161 192 90
    52 204 139 172 156 42 59 198 18 37 128 227 59 207 255 192 196 97 67
    123 8 56 212 137 75 20 117 117 194 130 136 9 126 162 138 185 224 173
    129 242 15 169 90 29 195 19 198 66 16 71 213 22 89 98 128 156 163
    134 23 69 200 106 220 109 195 105 31 210 206 69 166 180 134 217 241
    228 170 31 185 127 117 245 82 237 55 204 207 149 42 96 195 165 146
    101 110 243 18 190 67 67 114 155 163 245 71 112 201 207 167 40 246
    91 65 195 237 91 20 0 248 231 2 213 200 181 237 199 167 0 93 7 121
    100 219 243 24 163 87 87 154 145 223 156 95 196 162 239 120 213 204
    65 176 194 118 121 138 100 12 85 54 107 28 1 118 34 85 13 229 200
    196 61 112 46 169 216 80 14 7 13 145 9 153 20 79 130 254 219 251 254
    191 177 200 13 53 238 215 227 252 162 246 107 228 106 159 177 67 2
    94 45 30 106 71 67 13 13 52 152 233 96 133 34 112 0 159 18 112 22
    107 244 33 213 122 13 240 88 91 95 74 158 24 125 107 231 218 104 250
    61 175 212 99 32 4 234 80 250 74 107 13 168 88 44 246 202 177 95 98
    237 249 235 56 26 122 150 243 57 133 177 40 200 85 177 42 78 190 199
    66 78 246 253 104 101 210 31 190 171 76 70 192 226 6 216 240 201 96
    43 79 220 107 35 81 169 234 1 214 50 237 23 224 139 114 126 160 204
    228 191 220 36 16 208 94 174 27 75 217 81 104 102 68 135 246 252 60
    255 250 196 234 161 147 167 96 190 251 234 196 18 149 4 242 150 46
    54 24 8 49 188 151 37 126 194 156 245 29 160 204 72 37 37 57 103 20
    4 76 100 195 207 144 21 20 0 64 66 8 93 93 208 196 33 214 35 94 39
    182 46 242 51 57 39 125 164 44 13 117 228 38 128 0 174 111 169 119
    52 236 28 63 54 27 79 155 119 151 26 232 143 6 129 126 168 201 215
    220 156 41 110 238 253 173 240 29 140 100 40 15 214 163 242 177 145
    10 51 121 239 154 82 55 6 239 124 57 15 97 112 103 32 219 92 34 243
    105 140 145 234 146 148 152 164 75 88 207 82 22 5 80 109 117 19 207
    23 123 151 104 142 211 251 5 137 210 4 164 149 164 31 211 106 85 154
    243 11 66 224 180 102 169 59 159 33 25 87 122 174 247 166 55 232 161
    194 184 159 146 70 74 111 131 192 1 123 209 176 172 47 174 226 214
    23 8 62 27 143 3 151 35 59 71 226 76 175 180 106 84 69 250 169 217
    166 187 67 253 248 21 35 231 31 23 126 54 141 28 162 124 5 73 234 98
    247 176 122 192 79 227 238 43 46 242 83 76 202 140 219 197 176 214
    191 65 215 32 178 214 6 141 83 226 241 140 120 123 39 175 254 115
    127 71 3 96 49 90 131 21 33 108 44 170 79 143 136 124 154 81 55 30
    162 222 96 80 175 106 12 113 114 150 192 78 152 251 97 113 139 173
    229 200 35 135 61 118 187 14 23 86 27 198 70 130 78 213 128 177 199
    80 12 78 202 222 209 36 95 19 192 104 110 236 19 79 219 200 219 239
    23 107 214 63 92 98 11 245 205 241 6 140 229 108 218 46 19 54 201
    120 29 169 225 107 195 166 122 166 183 62 226 73 74 66 144 185 232
    172 32 81 146 43 46 207 162 231 64 106 13 185 226 249 251 112 167
    249 138 253 81 105 162 75 78 217 222 27 78 183 71 152 47 28 233 117
    249 116 61 204 3 226 64 50 147 24 187 90 26 27 184 138 247 211 13
    209 224 127 208 123 95 199 113 186 205 42 253 216 71 86 176 54 125
    207 36 42 5 208 120 62 144 39 67 91 11 189 240 1 151 74 183 178 7 1
    12 130 199 143 103 97 180 192 136 252 2 111 252 234 28 30 43 3 171
    187 22 57 176 3 158 223 91 93 69 119 134 72 13 118 227 97 51 220 16
    181 51 234 73 143 130 9 151 232 149 186 132 80 47 209 141 157 103
    221 20 80 134 224 144 15 214 161 30 1 139 72 138 22 46 138 191 222
    210 186 24 109 96 55 229 20 7 66 201 127 105 131 97 238 7 89 98 144
    204 172 39 68 71 170 150 179 77 107 76 57 133 100 148 120 30 148 246
    228 183 255 56 69 230 82 46 211 132 138 152 163 144 159 203 36 165
    51 189 145 94 50 166 141 165 177 109 208 240 210 242 168 25 237 60
    180 113 255 13 207 211 83 235 131 64 179 81 250 167 99 47 252 30 154
    57 110 240 248 199 134 127 161 7 199 121 132 180 2 14 164 15 125 90
    94 31 225 172 155 34 206 239 185 47 57 105 65 122 194 24 142 93 232
    160 107 25 54 211 62 81 79 177 18 219 150 116 134 66 251 233 176 109
    147 238 172 176 98 182 143 79 219 75 150 44 99 147 64 253 150 174 30
    54 130 23 54 55 179 80 173 0 112 114 145 134 119 217 39 43 93 188
    110 103 206 156 231 121 202 172 174 223 244 108 145 245 113 55 197
    221 193 140 21 249 148 25 211 130 206 200 25 92 100 103 56 11 106
    126 27 235 133 89 237 167 97 199 155 28 228 207 230 7 118 73 67 182
    220 14 189 143 212 248 3 51 208 113 240 174 228 92 16 133 3 12 80
    236 156 109 139 141 218 170 97 113 198 24 203 247 37 58 48 143 74
    175 195 85 124 163 126 100 254 36 218 148 87 60 201 184 129 47 243
    187 129 113 206 190 158 113 246 230 192 198 121 18 146 241 213 153
    92 113 159 179 199 90 226 71 82 112 26 37 169 45 91 6 70 240 201 154
    221 91 50 27 250 1 251 210 172 70 119 22 7 174 232 209 200 157 229
    223 222 227 193 234 166 161 113 35 197 119 115 207 248 183 173 53 99
    81 33 150 155 11 49 227 45 216 33 108 247 156 78 247 59 54 106 97 99
    83 117 81 59 142 168 89 121 51 25 39 174 74 156 127 253 76 184 131
    15 218 250 240 123 121 140 29 3 254 106 113 206 123 205 85 84 59 149
    70 251 27 166 196 79 52 134 58 38 52 155 85 212 59 85 59 29 223 166
    179 5 49 121 198 231 252 33 53 31 194 112 253 33 167 160 130 36 71
    203 73 99 173 251 94 92 65 206 228 62 118 20 69 4 15 169 163 119 15
    98 154 29 236 204 168 249 168 40 160 50 53 230 107 157 117 45 96 16
    10 135 200 245 110 94 101 33 141 88 227 60 219 116 53 207 215 146 55
    233 235 248 204 205 85 47 65 26 134 62 86 1 74 233 251 179 51 156
    144 141 157 109 35 251 206 35 176 29 29 145 244 153 167 222 152 130
    217 82 119 96 81 149 190 3 28 163 170 109 24 193 67 141 94 72 146
    231 14 203 209 5 62 101 185 196 3 156 75 97 237 144 202 21 165 166
    161 208 31 243 126 153 36 190 235 189 142 86 114 213 60 178 13 35
    233 199 53 118 179 220 189 118 159 54 114 58 173 243 219 95 100 137
    19 150 46 218 117 119 195 101 212 16 51 34 123 50 91 252 231 121 132
    213 255 236 224 78 67 19 62 58 20 23 218 57 64 49 216 223 232 69 87
    176 147 79 154 112 42 42 250 186 68 66 155 137 103 135 189 78 170
    153 141 254 234 216 37 129 84 43 203 182 178 209 153 60 165 27 42
    150 227 231 180 6 27 209 56 195 207 133 59 61 42 168 82 156 155 162
    249 95 200 18 94 13 231 172 57 163 138 135 237 15 59 243 239 35 58
    94 102 69 217 117 143 207 204 223 224 17 189 0 207 37 114 100 56 223
    188 231 195 211 226 167 254 7 118 44 215 216 2 12 100 247 253 97 81
    17 217 215 59 75 34 122 1 124 67 133 156 177 69 64 99 163 6 205 241
    24 34 239 165 94 26 233 131 191 32 88 122 103 159 6 115 196 185 227
    134 53 243 130 92 66 1 4 246 51 86 152 193 95 226 102 6 155 23 172
    130 38 30 52 165 65 241 194 85 124 244 27 180 182 150 81 118 131 242
    233 65 249 119 229 20 188 239 141 140 31 138 200 148 194 175 44 235
    75 0 188 56 45 137 247 137 66 239 206 174 194 212 163 49 234 21 239
    64 198 89 137 67 236 196 198 231 29 189 124 67 124 140 230 98 219
    253 74 249 165 112 230 189 68 149 233 10 246 98 187 21 235 251 181 5
    146 161 111 85 190 123 79 186 119 155 144 218 41 90 100 238 76 173
    137 109 214 90 69 178 128 205 184 221 8 219 15 96 166 147 76 96 189
    27 24 227 132 51 144 122 209 164 65 247 249 77 150 137 52 39 18 216
    201 80 22 1 228 248 26 23 21 200 119 118 130 201 160 158 55 132 20
    90 76 121 74 223 243 78 223 86 182 125 149 110 40 34 124 181 234 0
    35 171 253 183 75 210 151 79 83 132 33 237 30 13 23 127 89 76 78 17
    7 51 186 113 51 214 130 218 62 161 199 174 169 32 78 153 141 76 194
    158 175 41 142 90 59 215 176 231 180 93 121 231 176 243 242 73 18
    120 129 48 45 82 161 58 180 11 49 173 5 221 151 53 155 246 148 182
    70 246 76 201 237 52 134 188 167 30 61 165 194 120 39 33 62 221 55
    215 242 16 38 165 202 167 75 152 145 112 179 207 191 120 232 64 6
    215 48 248 135 255 122 142 157 244 132 188 17 180 151 156 73 22 142
    71 53 214 251 137 79 58 27 28 245 245 219 7 162 176 65 89 197 148 92
    83 129 187 46 218 49 138 235 5 120 164 70 159 209 121 162 73 127 116
    87 194 113 75 32 100 250 124 179 43 137 163 245 112 128 17 238 136
    147 29 27 38 66 137 116 45 165 150 211 179 173 215 52 240 85 212 108
    43 49 213 54 74 50 117 193 51 176 104 38 101 10 97 124 67 100 233
    238 175 161 253 163 212 62 45 183 198 191 66 28 154 63 32 158 40 179
    40 152 73 220 13 31 75 240 62 20 194 129 244 9 175 19 27 228 143 198
    99 203 144 196 18 202 56 98 106 203 103 181 223 69 13 88 126 111 84
    124 241 189 206 87 77 51 103 16 221 205 247 25 19 139 149 169 51 69
    123 47 33 73 147 154 8 203 50 36 52 251 92 91 57 23 173 219 206 165
    93 204 32 55 127 101 252 217 86 128 210 86 33 193 102 132 2 186 3
    188 174 93 246 255 165 28 254 153 218 248 209 37 97 83 106 176 43
    139 241 163 222 191 232 98 92 239 230 197 2 229 35 113 90 112 93 88
    249 250 245 217 191 126 161 244 114 19 176 14 160 221 172 208 26 190
    19 153 252 156 10 96 22 157 148 49 181 180 25 190 0 77 130 94 238
    250 53 192 133 120 93 14 238 6 97 240 156 106 248 59 174 1 108 174
    105 219 215 200 201 254 66 178 58 134 95 13 139 182 198 91 37 188
    135 15 177 226 41 151 151 164 235 106 75 212 153 169 187 12 63 107
    111 212 222 128 173 219 43 108 63 66 53 84 234 56 25 161 0 41 61 15
    171 236 118 242 88 101 7 107 199 59 66 38 46 245 118 1 207 0 226 26
    114 175 128 47 65 137 255 85 140 236 30 27 151 57 136 46 40 81 13 14
    225 32 223 152 31 173 109 95 29 194 26 91 193 172 201 33 107 221 134
    35 61 196 253 208 208 179 67 210 136 11 8 240 131 177 35 223 33 210
    10 5 94 204 47 232 217 16 236 237 11 95 75 212 228 144 31 99 169 105
    61 106 21 155 248 254 100 250 223 2 247 107 112 48 115 109 183 58
    125 166 195 192 196 19 186 122 170 213 18 57 16 189 53 63 84 243 126
    126 29 179 6 136 9 132 84 142 36 207 123 248 45 33 210 249 6 42 18
    184 188 97 177 80 189 177 124 159 239 217 93 151 232 57 107 249 215
    96 117 200 96 143 207 71 1 18 145 29 204 241 130 237 140 49 127 40
    210 188 230 124 44 213 251 42 190 203 56 160 137 10 115 150 176 21
    167 72 153 155 30 220 54 25 121 56 137 5 57 99 109 126 216 56 10 230
    99 6 35 168 114 101 70 118 79 156 20 226 113 35 99 63 96 7 159 220 1
    38 40 44 172 142 115 104 128 234 213 171 15 120 212 138 225 68 13 81
    24 232 38 190 73 69 199 37 213 181 239 6 25 223 187 52 205 81 126
    220 196 135 39 99 74 17 25 72 129 35 7 212 217 104 171 5 168 109 64
    85 131 181 195 0 47 70 191 156 34 179 235 229 7 65 217 190 195 130
    80 32 234 60 197 52 34 222 46 35 75 247 69 77 68 199 240 184 85 254
    33 139 41 218 240 54 46 194 200 56 171 77 136 105 42 181 129 209 64
    126 204 3 250 53 185 23 222 212 80 9 184 118 29 41 230 103 96 128 38
    186 106 213 134 37 255 183 101 133 104 182 69 0 243 233 54 29 118
    182 174 91 16 49 193 120 217 14 93 89 68 141 224 206 131 23 203 229
    67 86 224 253 70 236 113 173 186 124 60 192 75 28 144 112 4 78 113
    121 148 18 188 15 58 203 183 192 162 117 2 202 172 32 54 234 99 253
    118 131 115 156 30 77 27 104 123 65 252 65 130 89 102 203 30 123 151
    189 194 236 38 30 122 246 171 38 95 251 75 248 195 184 14 31 228 182
    202 56 137 68 223 156 98 25 3 69 219 5 45 172 155 2 215 254 106 74
    131 141 43 74 29 68 212 192 162 110 177 193 38 89 146 19 67 6 95 216
    145 198 153 184 210 117 76 213 211 125 61 8 184 101 211 71 103 189
    221 222 95 206 231 30 252 202 91 131 197 152 17 211 190 153 160 252
    103 202 41 172 56 223 58 111 40 125 90 242 83 238 163 110 132 19 2
    177 46 3 103 208 177 192 56 254 248 94 98 142 173 138 31 48 14 223
    129 86 69 153 113 61 53 231 147 56 71 202 208 225 10 166 183 86 23
    136 210 207 126 151 154 162 248 13 41 68 102 121 183 215 253 213 79
    83 24 90 81 179 30 197 182 51 216 130 163 243 97 129 74 101 10 75 19
    128 64 14 117 0 126 181 7 71 182 83 240 123 78 181 109 246 59 192
    199 179 71 159 160 170 181 179 173 112 233 221 72 202 136 242 68 214
    122 190 28 60 149 119 150 86 173 5 21 146 33 84 142 39 122 149 223
    207 152 177 235 180 47 201 222 244 224 40 131 114 53 173 130 46 64
    173 44 193 114 160 152 162 4 119 99 7 14 80 145 136 46 186 62 210
    241 165 51 94 141 129 96 193 107 242 234 180 62 56 199 248 19 147 58
    89 128 175 21 174 106 49 190 182 215 8 112 50 198 252 233 113 98 119
    135 37 91 113 10 154 16 37 8 64 154 228 246 218 178 58 10 184 225
    133 60 219 94 184 249 148 20 120 200 167 122 58 167 145 86 54 223
    146 131 114 35 75 130 188 84 73 206 148 16 63 227 184 255 85 128 175
    129 229 79 97 212 161 206 207 236 204 48 152 60 230 190 168 192 39
    215 198 205 132 169 100 100 33 63 132 56 31 154 13 60 199 29 145 199
    168 42 100 64 84 161 70 65 43 196 66 47 154 224 89 216 196 181 24
    217 14 137 74 118 180 117 225 142 233 179 84 143 227 236 198 227 115
    149 59 146 13 107 77 205 134 35 109 115 107 10 16 12 28 24 235 84
    205 75 24 86 18 3 15 84 108 239 176 155 104 121 151 94 199 234 111
    125 66 74 221 24 23 231 61 60 234 115 142 137 140 231 100 231 8 63
    84 48 250 153 5 155 66 70 39 124 24 20 70 218 178 218 206 74 28 80
    31 0 206 222 162 60 104 187 86 191 113 85 65 29 85 111 242 160 125
    193 207 228 169 155 198 153 177 90 109 180 20 120 5 181 90 9 137 203
    56 74 168 30 183 180 109 144 83 115 239 239 46 164 110 78 69 148 205
    185 81 20 104 99 70 71 8 78 125 75 130 250 39 161 182 35 162 160 249
    104 53 176 94 61 186 50 174 30 3 214 180 119 255 222 80 76 25 38 59
    158 110 101 51 240 249 250 189 97 144 92 174 45 83 140 211 220 126
    205 64 140 90 94 37 2 204 254 25 121 102 147 213 30 17 95 225 87 242
    210 166 145 2 234 221 226 213 150 229 193 101 106 182 174 148 163 38
    33 86 153 156 135 41 227 185 7 38 3 180 82 72 207 23 118 40 206 1
    229 233 211 39 147 219 213 234 226 147 16 120 5 127 45 82 253 174
    142 92 236 24 50 67 169 97 109 27 18 87 202 96 215 29 154 255 252 74
    84 147 144 248 42 230 2 137 27 214 126 190 191 137 66 219 201 72 153
    242 126 82 56 55 3 131 92 56 66 131 144 85 17 58 77 174 124 6 161
    193 136 45 86 55 34 79 53 45 14 109 182 0 209 130 149 37 251 213 141
    243 221 145 129 82 14 223 8 62 169 19 15 159 222 19 240 213 246 157
    239 192 180 217 113 50 171 3 7 174 29 14 177 66 189 166 68 77 110
    163 88 242 156 143 169 209 252 207 142 37 207 192 86 204 63 59 80
    167 165 80 179 242 80 28 11 38 70 217 107 43 158 189 90 212 254 188
    220 70 25 24 36 130 205 254 152 117 149 107 41 141 206 39 237 203 18
    76 61 146 133 43 254 88 141 185 76 224 165 9 192 6 219 12 88 152 197
    230 217 88 193 55 247 242 24 232 223 30 201 255 3 21 190 70 122 38
    84 81 69 87 202 164 36 192 127 80 127 63 244 84 174 72 105 188 72
    199 107 216 5 70 179 163 128 170 45 158 72 93 246 106 107 228 205
    193 142 115 110 119 121 223 225 28 15 24 214 36 214 180 93 203 154
    88 250 34 240 37 38 241 89 122 36 36 233 220 5 87 160 79 233 65 200
    37 117 186 221 40 82 226 50 183 53 120 81 31 183 216 92 89 196 233
    214 32 5 0 176 34 64 67 245 99 64 119 249 110 173 193 138 136 155
    157 129 171 166 83 144 72 106 126 38 178 196 182 215 234 131 86 24
    31 29 41 96 182 246 24 242 163 168 107 128 44 192 76 249 67 157 172
    210 30 34 204 136 129 81 216 138 64 178 94 159 104 166 5 61 180 234
    181 223 60 92 87 116 7 110 200 255 34 113 235 204 50 17 90 205 197
    212 47 76 247 151 195 116 4 168 18 43 174 128 234 143 209 13 131 179
    53 44 116 27 40 161 192 230 153 26 80 5 198 243 212 210 69 2 120 105
    210 69 254 186 189 79 227 167 240 212 142 227 131 232 202 169 150
    116 191 22 187 43 33 147 42 33 73 148 22 26 177 122 90 22 55 147 214
    159 235 52 134 209 111 100 137 94 176 189 179 221 142 250 92 181 79
    184 117 26 220 186 47 34 90 248 236 0 130 53 153 28 88 40 145 121 10
    28 169 43 58 175 203 38 240 232 84 194 66 214 20 102 80 68 92 114 79
    17 179 216 54 237 6 240 199 70 110 144 35 221 104 101 243 195 72 99
    194 82 194 7 185 84 157 33 57 6 246 64 6 6 164 142 240 249 52 139
    194 202 27 121 153 187 58 215 23 104 239 246 90 38 250 240 205 94 53
    182 243 250 223 151 245 151 73 103 142 68 53 207 211 117 178 132 237
    27 101 98 168 123 192 233 144 28 25 31 56 38 35 87 18 45 23 197 22
    89 67 133 121 61 158 59 41 111 245 95 41 65 122 246 207 236 29 6 167
    195 179 141 170 186 182 1 61 68 146 228 216 178 198 98 247 206 186
    211 4 141 231 25 138 115 225 239 1 156 145 198 64 72 225 85 73 204
    11 2 131 183 180 245 182 195 63 143 106 239 58 169 217 149 226 140
    98 196 78 221 66 245 193 231 211 52 69 49 59 241 203 248 146 123 141
    75 214 117 129 116 30 33 142 54 66 40 184 191 190 74 232 193 233 68
    166 150 177 215 132 152 223 63 63 115 92 48 243 73 159 70 153 101
    132 37 35 239 152 39 227 108 114 150 124 255 214 250 176 8 155 130
    84 202 248 164 97 234 72 81 216 135 85 165 226 153 218 133 112 52
    254 50 8 70 146 53 102 183 54 214 140 147 28 173 121 243 90 143 171
    217 90 144 99 60 210 137 240 101 233 255 238 149 63 93 126 93 50 169
    228 16 142 130 84 132 67 182 29 155 21 170 116 207 181 244 234 1 207
    240 134 73 182 139 50 219 11 197 23 21 4 49 101 254 13 182 88 22 80
    40 194 137 247 251 135 248 198 143 31 27 113 117 144 102 245 147 43
    88 146 221 171 112 223 41 212 41 62 68 158 113 97 136 100 168 205 74
    183 106 3 73 212 176 249 255 191 71 28 186 61 239 19 221 217 105 200
    4 173 26 140 203 120 71 0 79 193 82 144 205 104 179 190 121 70 240
    194 46 145 87 209 157 126 235 17 81 83 205 208 181 38 141 153 23 30
    129 62 138 212 61 164 127 58 46 142 157 246 242 122 47 86 95 21 26
    91 216 232 60 67 206 115 236 19 158 215 234 136 65 133 194 93 46 191
    229 42 8 234 37 125 167 108 141 14 253 138 255 64 147 224 26 183 107
    69 26 119 48 119 195 62 171 40 9 83 135 157 7 176 12 203 245 174 12
    137 198 37 89 109 94 68 183 95 130 117 196 233 112 26 237 82 255 139
    188 210 1 79 172 241 150 78 226 72 76 215 127 238 253 20 162 163 46
    143 252 59 83 234 59 110 79 197 141 198 122 152 45 22 157 163 79 246
    165 196 134 220 213 160 196 230 77 208 36 208 123 137 184 24 47 35
    124 27 0 113 254 92 68 122 74 241 183 150 26 139 69 141 87 0 16 103
    236 1 41 29 92 92 93 124 212 33 72 237 215 138 171 85 184 50 102 8
    13 136 246 231 10 109 150 129 153 99 113 162 195 222 66 106 218 45
    69 90 226 47 32 39 50 163 237 9 102 148 163 8 103 233 129 247 97 142
    15 41 159 53 141 144 219 209 50 163 44 122 53 96 169 109 107 191 86
    68 125 23 22 101 27 55 250 159 90 6 193 28 94 15 71 32 116 16 188
    177 100 85 142 55 227 51 139 198 28 116 61 121 109 96 185 243 196
    120 236 253 250 113 132 226 48 22 2 68 133 210 33 72 132 132 105 206
    83 217 204 160 112 234 161 43 136 187 122 31 39 148 24 194 147 143
    96 114 103 83 176 72 32 244 102 196 143 185 202 214 186 167 222 133
    189 138 253 122 3 90 226 152 127 191 167 7 3 186 29 232 223 211 65
    70 6 201 120 64 222 86 16 199 20 56 98 199 247 10 123 179 72 119 45
    84 39 36 171 167 213 97 228 186 83 128 195 172 134 161 235 11 128 76
    45 206 19 181 105 113 195 90 195 14 237 112 178 203 248 247 71 103
    205 228 67 233 229 129 188 168 140 41 39 47 250 40 173 121 229 228
    219 42 84 96 116 88 184 225 7 180 93 157 167 54 227 82 222 116 181
    238 153 13 75 162 50 151 82 213 98 34 97 136 39 18 18 25 128 168 146
    187 187 203 179 154 50 203 184 147 106 193 30 67 157 36 85 92 10 143
    53 228 136 204 103 221 89 249 234 188 209 136 53 171 162 147 161 62
    72 171 75 217 211 145 165 227 219 102 128 9 164 120 112 91 83 224
    158 170 42 117 13 16 16 250 159 255 166 247 116 243 254 35 19 120
    206 57 66 239 20 50 19 51 164 22 13 6 104 140 39 240 142 225 77 0 53
    128 24 28 221 6 224 119 187 108 9 53 118 69 174 21 200 155 35 217 96
    159 224 107 110 156 152 31 181 246 34 184 100 76 244 227 190 30 65
    192 188 200 61 47 136 59 189 253 65 120 177 171 241 250 124 220 2
    112 186 209 60 209 230 160 223 234 18 245 117 219 121 84 146 211 18
    180 249 176 102 35 252 7 89 140 65 3 233 34 123 67 116 198 206 147
    194 155 206 52 230 4 97 202 38 93 126 164 102 110 143 203 245 230
    232 5 146 30 26 64 12 190 128 150 79 61 163 77 26 238 120 89 158 183
    124 86 53 148 134 50 26 133 123 41 66 35 177 133 247 212 5 127 30
    139 3 106 15 35 127 74 62 218 4 163 126 28 22 76 155 231 248 54 137
    63 55 216 61 51 192 95 45 166 0 151 189 203 54 0 242 16 223 0 101 98
    7 232 151 54 10 251 204 33 172 89 125 67 111 246 173 238 41 178 219
    7 124 112 5 188 139 31 217 72 122 207 54 241 240 168 10 36 45 60 184
    132 252 0 126 248 210 212 4 78 77 30 35 171 141 245 177 156 182 131
    144 156 103 185 81 82 193 214 15 210 27 148 253 117 67 149 134 18 38
    156 226 218 94 194 141 126 99 171 23 125 2 165 73 154 84 31 124 134
    242 64 64 236 96 170 151 1 225 133 136 137 200 143 5 23 80 69 104
    180 176 187 227 3 122 19 188 151 35 133 172 167 56 129 250 130 125
    89 34 173 98 241 184 168 244 120 148 27 41 6 60 70 252 193 143 75
    193 145 193 172 18 78 178 186 95 78 28 141 115 194 213 123 249 109
    175 75 157 84 190 140 31 181 47 78 120 75 4 164 35 238 179 47 253
    155 200 147 80 13 174 3 200 99 241 201 247 195 205 142 215 5 111 108
    32 17 252 109 46 114 126 102 248 171 17 251 17 127 157 153 189 210
    240 152 171 238 96 164 68 158 121 224 80 21 23 63 56 43 130 252 236
    83 194 83 207 42 252 167 157 183 145 118 166 196 59 230 23 102 54
    195 46 202 134 240 155 184 18 148 36 73 130 133 35 148 210 8 240 151
    151 165 30 238 75 4 187 194 2 210 84 139 153 93 218 153 51 126 125
    60 237 73 115 240 204 22 19 254 250 0 239 115 216 30 158 88 14 250
    174 227 159 77 234 254 152 103 22 144 106 237 137 0 194 165 2 5 186
    63 120 243 110 57 249 230 208 142 28 5 116 164 130 195 227 54 52 6
    248 229 183 150 28 2 42 223 112 97 128 45 24 18 170 191 135 159 171
    33 206 166 122 115 218 198 164 174 247 123 247 26 103 59 191 53 116
    148 240 141 238 56 121 177 58 120 246 235 232 128 126 250 121 242
    179 18 166 214 123 40 231 136 213 45 26 172 99 254 235 252 74 50 217
    77 65 211 103 14 212 18 61 247 14 222 206 86 119 120 38 137 66 159
    141 125 206 248 91 82 193 170 65 13 17 204 245 54 95 113 142 240 38
    228 20 159 110 41 171 41 1 201 10 46 107 94 206 143 94 234 141 125
    143 8 195 17 33 52 223 58 115 34 57 123 178 159 241 3 15 239 125 204
    71 48 226 16 119 249 70 145 157 16 231 219 120 23 247 173 184 157
    128 53 9 195 254 140 126 241 120 242 26 223 216 68 136 248 70 145
    115 113 29 75 237 160 51 50 120 15 106 104 182 116 86 87 151 138 141
    70 7 48 250 53 169 43 124 186 148 203 170 248 199 166 168 241 57 128
    49 109 202 68 227 24 137 203 19 228 140 66 85 119 192 99 176 127 30
    74 111 51 213 75 229 104 164 206 171 170 201 152 179 59 88 101 17
    192 190 193 107 165 47 116 36 154 10 16 85 222 140 249 117 204 244
    87 42 125 106 181 251 14 49 23 115 187 102 104 13 16 75 110 197 6
    148 70 99 121 213 237 40 231 21 228 179 48 185 234 142 209 75 10 28
    159 143 190 190 10 4 78 160 54 220 9 214 61 193 72 73 242 175 35 117
    233 21 14 100 166 137 244 232 226 253 168 187 122 228 76 251 231 71
    92 173 129 218 242 226 121 190 215 45 248 176 240 44 10 44 83 207
    114 226 81 245 202 214 222 50 82 147 94 163 205 239 44 215 51 183 92
    2 155 176 173 64 67 62 132 82 120 158 115 214 120 35 89 166 159 229
    175 194 221 255 27 204 175 16 56 153 143 253 162 19 211 116 49 79
    150 235 19 115 215 186 151 201 11 60 175 63 195 128 66 115 140 247
    34 14 42 198 81 14 135 91 223 176 232 139 58 165 31 91 0 242 19 45
    27 172 186 95 215 165 52 156 25 42 238 234 5 254 53 115 122 191 99
    160 181 125 176 149 41 64 149 252 185 102 227 168 212 174 17 254 24
    237 62 205 242 148 109 233 7 47 119 93 215 127 236 250 114 189 56 91
    147 185 219 131 134 166 251 138 24 213 17 10 245 205 200 129 74 143
    140 202 9 225 247 181 29 151 86 213 137 78 106 202 150 193 29 223
    105 172 57 241 71 105 32 184 80 43 95 84 83 158 180 244 67 94 134 24
    29 40 124 243 1 6 72 149 166 47 126 13 200 202 247 109 63 217 102
    211 109 32 44 241 207 101 22 220 169 125 14 194 227 116 44 169 62
    112 251 52 12 81 137 161 148 129 9 47 149 81 140 99 227 169 79 192
    241 0 53 105 255 6 59 9 159 72 201 86 22 203 6 43 82 236 95 237 66
    45 10 32 244 253 83 41 71 18 155 22 115 197 172 73 27 2 84 198 90 35
    47 48 245 172 251 191 15 25 188 234 88 32 230 85 209 162 199 114 93
    99 126 140 229 169 141 88 169 107 212 109 79 185 100 252 37 196 138
    92 101 10 33 89 234 206 231 2 211 166 22 180 220 101 36 68 115 151
    150 156 125 133 212 73 61 54 136 155 144 222 230 120 220 216 88 221
    202 35 183 244 120 100 89 183 26 87 46 162 71 116 176 146 77 12 154
    250 211 132 248 137 5 18 3 138 104 141 28 97 171 227 57 232 67 186
    142 130 66 196 73 235 167 200 159 114 212 35 25 82 85 142 41 142 250
    28 50 78 224 68 139 74 104 57 7 4 230 213 92 28 239 75 218 121 94 89
    54 129 24 125 250 148 224 207 93 54 55 75 165 31 166 140 204 39 69
    167 235 51 175 58 119 81 245 28 196 117 71 141 38 56 166 30 208 24
    143 164 72 5 24 125 186 107 70 217 176 97 125 228 159 229 174 198 25
    127 84 205 84 66 69 242 163 197 35 185 101 214 223 134 214 237 10 35
    82 73 219 242 218 214 20 231 118 67 13 17 71 172 186 149 253 65 236
    71 164 84 52 19 77 105 225 246 79 87 25 101 20 117 153 179 182 227
    58 238 198 104 79 28 253 178 92 80 225 196 141 60 22 103 249 233 230
    221 189 127 190 39 184 184 136 151 49 194 152 166 33 129 17 106 117
    10 75 74 2 224 159 61 107 157 104 148 95 170 13 226 94 124 182 162
    137 107 144 115 177 64 186 41 87 127 234 123 12 98 71 77 122 82 210
    216 54 176 18 149 166 51 107 140 118 58 146 7 90 137 134 19 17 180
    220 206 98 198 95 73 156 172 44 114 60 5 10 158 185 244 229 228 231
    240 102 233 62 48 255 219 109 96 55 25 232 154 156 142 220 168 145
    25 95 178 108 140 8 37 102 139 47 156 115 87 199 190 168 158 92 15
    37 132 81 239 225 255 73 75 115 59 73 103 183 31 41 173 184 134 16
    37 6 34 241 229 38 214 254 142 190 151 25 133 234 174 26 11 239 18
    87 253 165 195 78 205 57 136 2 110 146 128 229 203 218 44 75 54 110
    223 166 48 65 137 164 47 224 51 174 107 163 215 48 133 38 225 212
    120 238 200 228 196 139 8 98 162 142 121 69 194 197 214 33 140 181
    250 62 254 171 68 216 219 105 198 161 189 230 76 19 89 95 159 251
    101 107 183 55 225 242 141 85 134 251 222 47 142 87 235 34 155 51
    107 170 76 151 38 26 70 89 250 114 235 106 227 47 193 12 143 56 156
    77 116 209 136 241 202 152 38 143 233 110 134 184 255 69 76 192 224
    68 189 246 185 209 160 130 252 46 46 15 33 109 134 229 230 97 49 86
    39 61 52 61 221 166 222 191 104 190 246 252 187 219 236 162 89 145
    140 38 170 228 151 120 244 100 148 142 21 79 211 161 76 69 68 98 48
    223 23 136 211 191 88 88 251 233 139 230 167 14 100 47 209 199 60
    206 81 75 9 98 123 54 106 53 252 248 141 24 109 76 165 118 230 192
    165 13 154 253 185 93 245 105 120 60 71 69 220 179 114 201 129 68 91
    224 112 143 38 166 255 225 25 13 176 239 71 204 63 190 132 85 100 16
    91 76 246 20 111 110 112 19 7 8 190 6 114 192 25 149 154 93 5 155
    119 19 228 234 158 92 12 9 8 212 245 224 148 151 87 209 182 0 156
    148 127 25 41 106 137 8 212 232 60 106 62 80 222 104 16 108 254 71
    164 189 91 177 142 32 24 57 116 249 118 206 24 29 7 14 192 203 165
    125 221 146 31 56 109 237 65 29 4 233 163 223 180 194 222 115 159 96
    41 207 122 192 120 87 178 19 16 116 249 61 223 93 170 6 131 232 238
    130 143 111 243 167 71 133 207 46 187 19 252 75 153 182 227 163 133
    80 216 231 135 193 62 253 52 186 86 114 238 225 196 41 67 49 130 93
    25 232 32 48 234 2 223 75 180 102 24 203 22 115 138 78 238 237 69 3
    63 231 121 149 110 243 221 238 36 39 212 50 67 156 234 112 105 31 95
    177 230 17 51 151 113 182 132 139 209 188 42 182 138 79 106 27 77
    251 133 34 213 94 243 179 24 107 19 245 80 201 148 94 119 75 1 52
    225 133 60 190 85 95 240 242 129 84 166 248 136 51 129 184 78 78 144
    139 37 18 8 202 207 94 198 217 207 152 68 217 0 29 229 249 248 97
    218 82 216 143 198 254 36 57 226 179 47 152 218 105 117 208 100 85
    191 92 254 93 64 75 157 55 79 96 36 224 53 118 9 68 9 218 122 153
    132 2 79 35 253 40 96 2 109 185 27 152 140 35 235 229 196 12 227 220
    232 3 255 81 195 132 195 94 226 241 122 51 56 184 218 96 175 179 124
    37 152 143 88 206 50 122 191 9 175 254 34 184 27 136 96 248 160 64
    156 97 243 105 83 21 81 166 175 240 148 232 202 206 61 19 176 17 162
    28 220 100 36 184 176 28 85 82 199 8 76 99 93 35 45 137 67 151 157
    252 13 131 41 118 142 92 119 120 111 0 252 166 250 102 37 18 206 44
    188 85 8 36 248 198 49 6 188 172 220 215 189 52 177 109 137 96 39
    180 125 148 244 39 202 228 111 118 99 226 77 10 221 217 205 150 25
    250 171 62 8 50 211 74 42 43 87 229 7 13 254 66 68 114 20 184 183
    117 175 88 23 193 234 67 109 95 128 146 92 29 154 179 78 92 20 133
    230 137 217 7 231 1 122 175 47 23 246 80 151 185 78 59 62 23 132 5
    136 213 234 77 120 67 145 45 123 212 218 26 139 223 44 75 131 32 115
    15 205 3 53 81 208 199 248 66 69 181 236 205 101 90 69 74 120 227 53
    151 15 222 159 65 181 30 113 35 236 80 121 71 132 201 122 97 14 36
    133 7 178 232 29 150 142 196 64 41 104 188 14 41 96 137 8 147 199
    238 229 1 215 245 223 23 9 247 145 84 220 0 154 90 140 116 127 192
    64 81 92 117 62 15 114 2 66 16 106 118 92 66 11 151 65 61 146 40 8
    214 221 192 86 43 191 229 232 155 106 156 249 227 86 83 131 52 131
    197 151 133 124 153 120 159 55 14 33 69 54 36 247 221 194 111 251
    186 89 196 6 210 245 246 106 17 180 243 163 245 85 16 214 105 201 40
    204 53 77 231 215 53 147 233 255 80 199 117 182 56 93 135 49 217 146
    13 42 66 13 192 111 114 154 166 254 202 214 167 62 7 245 68 221 229
    98 238 160 227 2 123 126 153 174 215 188 250 120 63 115 11 27 233
    184 213 85 7 30 108 84 53 45 203 154 109 231 83 104 240 88 180 167
    148 102 171 19 52 122 105 78 50 204 63 96 161 232 204 106 10 252 235
    254 126 169 182 85 200 19 228 185 31 75 229 103 107 230 229 243 147
    59 43 48 229 71 106 151 239 44 5 188 183 161 57 130 177 167 38 42 36
    19 51 211 173 141 33 191 147 53 122 179 49 197 2 150 83 123 119 155
    253 189 64 154 231 128 5 128 175 71 126 55 152 129 221 168 237 234
    252 155 164 57 206 242 148 79 248 226 78 62 89 197 14 89 223 249 55
    54 251 91 14 160 158 79 122 205 187 192 168 150 7 54 102 130 204 153
    180 68 233 51 47 126 30 26 226 239 228 151 173 63 121 137 10 110 92
    141 29 188 239 141 43 27 84 45 211 19 3 45 204 18 171 103 88 192 205
    160 218 240 154 211 177 217 198 64 60 114 181 69 59 87 216 95 151 66
    77 75 185 78 223 217 225 27 183 190 75 96 148 234 200 95 110 158 93
    232 11 21 225 49 216 77 247 180 131 248 73 77 102 192 183 95 214 193
    161 64 255 9 195 116 141 181 233 184 92 121 67 81 134 130 133 245
    216 103 120 118 185 183 26 237 74 178 128 121 45 44 28 250 39 227 20
    151 3 45 203 155 195 143 150 54 127 109 138 59 103 195 240 10 51 79
    14 161 197 195 88 195 63 146 213 150 136 111 213 62 231 49 52 195
    231 154 29 28 187 71 51 48 136 194 6 161 17 206 179 181 19 11 12 108
    234 244 160 178 162 122 92 151 78 152 31 120 42 46 27 135 111 101
    188 74 4 172 234 199 178 71 37 13 176 121 217 196 151 47 157 73 117
    172 151 102 214 123 203 185 113 238 252 31 86 36 17 234 248 159 231
    37 169 183 235 142 61 77 148 204 154 88 68 252 123 86 55 13 14 158
    128 79 15 120 104 90 28 198 75 79 22 40 34 159 26 29 37 231 209 174
    106 85 234 214 89 245 203 98 9 58 40 37 115 203 8 98 253 150 90 216
    16 136 65 27 228 212 234 53 100 184 10 74 203 183 158 126 215 102 8
    126 126 69 203 61 96 201 9 170 0 54 206 55 70 177 211 219 98 148 42
    26 180 51 85 198 97 91 254 228 146 186 120 132 106 219 218 20 216 81
    242 162 236 232 126 139 45 117 31 23 154 118 227 6 56 99 18 178 185
    151 140 194 194 95 95 51 109 34 40 33 95 156 133 19 196 239 56 18
    147 110 28 175 19 214 183 133 154 156 115 17 96 223 164 159 169 43
    95 8 85 79 0 51 71 61 186 2 111 199 230 46 150 207 25 179 255 75 174
    141 179 238 160 89 82 122 9 108 185 149 196 195 218 82 223 36 173
    116 64 31 63 239 247 151 113 227 3 216 253 101 72 245 190 19 1 151
    239 29 74 42 38 7 184 200 21 63 80 189 175 143 86 14 240 230 151 164
    107 61 53 143 245 175 197 147 147 167 238 104 5 126 153 152 220 8
    183 146 124 231 177 101 59 163 65 107 174 183 210 72 147 155 23 129
    182 22 225 35 147 26 140 214 4 211 183 164 97 163 209 35 45 194 248
    68 123 241 157 104 208 15 181 2 103 247 210 233 242 145 227 100 128
    142 160 47 108 129 182 102 52 39 241 62 15 224 250 32 67 193 44 55
    44 169 244 13 77 164 79 160 128 170 33 36 201 1 53 255 73 92 67 195
    91 96 195 18 20 143 163 229 119 61 214 224 88 186 27 233 176 134 212
    201 103 231 191 153 227 186 12 182 191 15 186 131 18 227 229 177 181
    177 245 170 113 176 95 113 44 240 143 248 14 43 69 136 204 20 213 43
    108 115 182 95 195 140 216 125 92 91 178 145 239 22 249 191 25 46
    179 141 195 78 35 30 49 39 60 168 144 37 202 15 123 21 0 44 13 37
    228 64 92 115 27 164 188 42 64 201 87 153 111 240 114 160 57 84 124
    255 129 104 11 157 17 172 90 51 120 59 142 122 143 72 226 222 156 68
    239 16 77 104 103 11 233 213 190 194 0 118 147 207 135 179 61 233 46
    120 89 184 34 2 120 210 23 141 165 202 236 198 200 188 10 151 91 93
    139 3 132 163 104 188 67 82 62 244 169 36 112 129 31 163 254 22 103
    12 45 9 156 176 51 179 190 35 155 156 143 81 106 166 250 141 191 207
    82 109 73 243 65 253 199 6 163 102 170 209 140 118 9 71 242 194 251
    6 28 245 169 80 155 6 23 89 137 209 209 120 226 135 85 123 49 226
    170 186 80 46 206 249 132 130 170 24 104 188 219 215 1 222 244 157
    36 96 252 72 216 0 18 149 235 31 246 132 25 122 88 115 232 202 194
    125 190 234 5 93 148 125 184 58 162 231 101 69 26 246 93 72 86 146
    137 45 228 234 77 148 36 229 37 199 129 19 196 66 100 171 16 245 226
    216 72 83 198 178 250 169 253 190 106 182 134 64 31 37 25 235 10 235
    137 81 126 158 184 240 26 183 148 44 30 169 114 105 102 80 126 79
    212 197 97 243 1 195 148 173 231 251 122 48 179 67 100 226 11 3 41
    222 69 143 5 205 175 4 9 26 81 2 11 247 254 152 129 11 115 9 76 55
    13 61 21 87 196 195 66 113 183 148 254 159 11 77 82 2 12 129 221 35
    66 252 194 115 250 214 48 20 233 161 210 52 49 9 75 79 108 38 230
    248 222 235 81 27 211 166 104 204 120 61 5 5 34 205 185 95 28 123
    210 7 147 85 140 124 212 7 86 161 230 19 86 88 40 3 28 15 51 218 209
    72 202 31 200 40 22 175 111 197 174 80 8 117 71 133 205 243 65 178
    135 6 141 144 166 125 29 63 112 131 196 38 198 164 69 152 108 250
    194 99 228 183 178 32 21 241 241 229 152 196 142 87 252 198 253 33
    78 54 201 228 106 140 4 206 198 12 108 234 149 124 170 173 122 52
    212 154 153 99 3 223 239 247 112 86 239 156 94 116 196 101 6 157 253
    61 175 247 202 86 89 99 228 153 242 105 104 84 112 20 214 196 92 41
    174 83 58 82 80 171 145 20 91 126 93 27 82 86 219 141 52 110 170 37
    131 5 162 105 100 78 57 48 252 216 152 156 139 98 169 238 212 114
    201 83 195 167 225 182 217 220 237 234 71 110 113 108 37 93 93 233
    37 175 238 101 240 96 117 29 57 16 251 72 107 174 172 67 234 122 76
    71 201 85 187 141 84 211 24 21 82 80 206 87 51 31 194 127 139 140 88
    122 218 238 231 191 202 181 183 158 153 107 72 101 179 163 0 67 60
    218 152 240 1 240 26 152 38 105 108 77 119 143 191 54 37 209 83 25
    192 155 89 236 136 205 138 79 175 243 144 2 225 90 25 245 133 158
    254 184 75 224 167 121 186 59 37 58 238 3 76 4 209 168 113 80 87 31
    83 32 8 229 200 180 162 145 187 252 148 183 210 222 204 176 185 179
    223 25 231 206 54 163 49 136 23 94 251 198 234 96 239 238 33 15 95
    50 134 105 98 83 198 128 121 73 112 149 33 173 115 12 234 77 129 92
    37 174 215 134 136 71 148 185 66 183 174 116 41 71 229 220 69 200
    182 247 131 80 198 83 242 53 85 159 170 141 251 52 131 70 244 128
    194 57 109 246 227 217 100 129 9 32 7 132 79 120 91 1 244 215 145 16
    30 190 146 146 173 106 180 98 192 132 2 7 110 167 102 74 59 65 160
    101 140 59 39 111 106 224 143 45 124 73 71 193 71 124 230 127 71 58
    246 57 95 175 167 23 48 121 244 45 47 153 42 192 45 95 8 98 251 247
    141 207 254 34 71 144 99 132 22 155 23 24 89 204 176 12 217 59 50
    119 219 171 208 19 2 149 23 95 149 166 64 132 195 132 211 221 17 249
    214 138 38 35 2 41 99 179 169 106 79 132 33 0 229 134 89 118 107 84
    37 73 173 181 51 44 6 70 200 77 15 24 62 179 204 3 217 194 230 146
    246 197 115 41 253 201 17 250 47 38 68 155 162 209 125 75 41 77 106
    184 218 114 73 78 197 110 195 156 82 12 222 25 65 85 162 241 32 251
    99 67 69 70 54 3 167 248 159 129 50 171 158 233 89 23 104 139 192
    226 138 140 171 118 140 135 229 27 191 1 234 72 13 50 223 232 254
    186 250 152 109 105 111 230 75 11 75 52 161 110 54 95 238 58 61 41
    179 165 20 183 26 57 237 121 114 158 72 111 82 70 102 82 159 92 72
    239 97 150 173 119 229 187 215 175 165 177 127 213 150 71 207 242
    249 94 186 97 6 237 189 102 234 82 83 249 62 41 137 113 181 10 87
    162 180 102 46 105 161 35 64 81 229 165 230 28 174 74 79 77 115 205
    210 187 66 116 244 29 38 201 226 246 219 200 11 198 189 93 112 208
    123 52 51 130 232 20 177 191 224 96 90 91 190 107 1 22 219 219 16 85
    203 26 234 47 249 241 243 249 212 101 216 12 109 44 99 145 33 180 85
    155 250 222 28 15 116 224 130 103 126 86 29 83 157 133 250 84 76 239
    176 125 239 120 143 43 83 173 18 244 142 164 108 251 121 222 129 209
    37 252 177 83 251 215 186 201 64 166 192 194 193 50 48 201 89 120
    220 177 87 160 38 206 13 135 102 103 25 196 86 76 11 65 165 103 73
    192 87 232 160 126 66 113 2 92 63 46 238 211 96 81 234 37 40 132 194
    236 186 3 81 227 193 34 248 53 8 195 15 115 237 116 87 138 150 250
    136 7 45 198 82 197 35 181 64 28 15 168 137 91 235 11 117 206 70 93
    199 67 245 56 74 75 55 227 241 66 184 176 220 163 186 246 40 189 42
    239 175 193 235 26 33 221 25 83 91 116 192 188 73 94 126 231 244 22
    102 140 135 254 100 221 243 207 190 167 146 192 92 195 2 94 176 246
    9 172 46 167 67 35 201 145 113 229 25 178 121 156 235 116 70 23 51
    21 137 45 154 145 172 128 231 80 26 244 82 135 240 227 125 238 157
    50 196 136 2 108 12 76 110 158 95 207 104 151 209 234 76 28 109 5 18
    174 157 226 17 206 42 32 197 124 76 217 77 125 233 188 196 146 62
    237 150 127 160 44 57 90 149 107 151 25 7 141 173 183 168 61 219 223
    243 251 221 37 200 161 251 148 43 22 85 214 247 38 243 243 251 137
    49 62 197 105 160 159 158 180 245 96 222 20 31 236 159 179 240 206
    108 20 247 75 134 251 204 243 54 208 234 202 137 245 101 53 89 74
    108 109 23 81 170 222 231 15 200 54 163 20 188 11 52 55 144 98 217
    95 40 160 147 198 159 12 126 95 132 41 127 93 89 108 27 72 41 253
    137 168 53 42 78 61 123 141 218 253 165 254 247 163 127 85 239 199
    29 76 171 14 53 140 36 102 163 140 234 6 180 57 182 224 171 203 111
    217 91 65 30 91 126 226 179 82 239 113 251 240 3 158 229 136 153 150
    127 217 133 99 160 162 161 198 100 137 22 170 18 206 60 204 38 245
    110 73 24 191 138 177 36 107 111 37 92 122 207 118 74 144 93 65 115
    170 224 97 150 244 96 78 35 113 51 110 126 73 97 62 209 183 23 160
    111 178 239 93 46 131 237 105 252 96 107 48 91 143 111 207 170 205
    36 221 56 54 246 244 9 47 208 54 61 125 20 223 99 187 101 194 137
    176 32 205 32 144 197 141 172 118 62 47 207 164 35 94 179 178 225
    186 215 10 67 82 91 124 241 203 97 93 176 108 150 152 163 43 198 187
    181 62 178 49 194 234 215 91 107 44 39 252 68 6 26 239 224 236 176
    198 186 74 128 97 38 113 91 192 43 138 58 231 54 61 213 14 211 60
    132 75 194 56 255 132 66 11 228 21 211 35 121 65 189 85 189 181 58 1
    142 194 58 229 135 177 171 31 228 210 222 248 100 148 20 201 82 243
    33 38 209 240 151 178 253 143 121 156 168 224 224 83 129 64 190 222
    119 6 118 111 33 187 100 182 184 1 130 133 210 247 228 218 131 228
    236 6 58 153 32 218 157 158 132 12 251 127 173 186 241 163 45 22 80
    231 131 9 194 173 204 227 205 242 40 201 213 114 216 230 111 85 89
    22 40 27 179 217 245 154 3 73 45 54 119 140 2 23 124 202 61 240 114
    7 140 82 194 184 94 142 48 85 240 232 63 231 51 11 64 229 215 84 161
    194 179 67 84 5 47 89 66 153 56 156 208 36 52 251 245 98 243 32 64
    83 170 14 3 241 140 13 91 53 171 78 246 42 219 158 221 37 0 37 165
    152 20 132 122 19 82 172 206 152 215 243 199 207 79 184 50 79 230
    230 47 98 168 181 144 75 5 200 117 189 5 165 117 77 63 100 93 177 62
    109 8 10 35 162 211 68 39 132 79 96 77 78 141 19 220 182 36 163 201
    243 63 197 37 55 113 196 169 65 33 158 226 60 198 168 204 37 63 198
    7 51 243 186 32 246 50 113 220 224 85 104 93 66 57 45 247 149 246
    186 134 11 68 5 135 113 100 224 56 221 39 89 178 41 124 112 144 40
    60 114 23 104 141 162 49 134 54 93 112 109 182 213 218 124 102 174
    27 211 44 43 179 39 39 202 60 227 204 96 165 16 173 211 115 233 171
    128 25 169 143 42 56 172 238 137 210 23 250 122 35 130 106 87 145 88
    90 0 196 91 59 140 211 253 97 228 255 188 229 55 83 121 72 111 127
    60 97 217 97 61 92 111 108 238 1 235 118 2 216 165 249 201 81 210
    110 129 102 101 116 231 19 208 95 79 41 139 84 164 118 195 45 97 205
    219 196 135 56 66 96 124 23 145 206 36 219 155 114 199 47 1 86 195
    47 162 202 119 184 49 159 57 132 15 228 192 202 35 69 164 171 53 77
    97 235 224 37 37 209 141 165 121 191 65 196 72 166 238 14 105 160
    168 73 178 194 240 86 88 9 238 33 239 40 224 65 24 6 78 254 61 252
    48 27 223 254 18 35 165 97 141 146 152 181 230 103 5 32 194 197 22
    105 243 233 40 163 84 49 199 146 28 114 191 229 175 152 212 197 96
    253 52 235 132 245 132 200 166 53 181 111 160 190 31 55 9 135 168
    195 40 40 121 249 139 190 214 248 169 86 51 66 79 99 105 109 73 142
    40 64 82 249 171 86 216 159 135 237 209 213 80 164 72 96 157 170 105
    153 112 151 28 77 3 148 2 107 177 187 218 204 85 198 116 167 58 61
    212 160 236 104 160 63 252 202 224 146 148 136 254 252 144 180 156
    219 115 246 183 18 241 72 193 194 173 229 55 216 84 87 111 234 47
    149 118 230 136 233 57 254 45 168 134 107 55 36 6 78 136 157 177 46
    244 3 253 82 234 35 189 156 87 141 86 27 96 52 113 50 141 201 207
    189 158 142 172 39 254 246 214 40 230 220 228 184 245 238 145 14 107
    146 178 218 56 20 15 88 149 150 67 83 48 234 238 31 153 205 115 22
    255 141 166 152 81 231 241 110 196 129 221 218 50 174 167 112 217
    234 116 97 20 109 8 118 196 99 240 116 16 21 170 103 172 215 31 243
    21 96 128 231 165 235 25 153 174 178 60 183 176 73 193 190 204 28 12
    135 184 126 202 100 80 71 39 49 182 216 137 138 224 17 165 140 53 42
    212 64 108 225 9 216 102 40 1 155 95 22 68 19 26 29 0 53 230 235 86
    137 181 100 158 11 31 36 219 90 63 184 108 66 136 89 27 91 65 220
    146 43 64 203 65 3 223 191 44 193 15 71 252 28 53 194 89 113 53 167
    194 98 38 12 58 14 148 49 22 46 87 237 65 3 184 211 117 124 152 25
    235 202 47 190 45 221 253 153 172 110 243 238 8 230 246 234 224 17
    73 236 65 175 189 198 64 70 79 28 217 117 188 205 254 83 202 62 15 5
    102 53 10 141 133 141 14 110 0 198 203 33 66 21 65 68 157 32 199 33
    38 240 54 180 38 88 31 83 94 251 107 142 240 29 42 143 143 218 100
    73 87 22 123 186 87 100 7 241 121 250 85 244 255 106 186 144 75 149
    89 8 116 67 9 234 111 88 23 187 128 77 96 132 204 119 168 49 246 163
    122 178 85 9 228 63 99 60 130 255 190 95 194 90 210 165 37 78 231
    117 73 51 41 194 23 129 189 77 214 236 67 27 33 215 74 57 253 183
    173 49 223 182 193 181 235 248 86 60 83 68 190 151 33 246 202 244 1
    69 97 42 33 80 28 38 121 157 79 73 16 207 189 196 33 142 132 210 180
    231 11 45 201 50 130 142 172 102 223 77 23 241 243 221 119 3 240 233
    26 110 59 238 241 202 38 117 222 175 82 228 36 79 122 174 117 166
    166 84 215 111 222 184 106 234 239 93 191 104 97 134 239 161 104 21
    197 99 214 48 154 190 50 75 82 200 242 214 109 80 13 78 57 182 226
    101 157 98 10 3 223 107 250 225 249 67 83 66 71 127 243 151 198 131
    133 116 190 58 64 0 4 247 249 206 247 122 132 106 136 185 56 184 63
    142 185 241 108 124 103 239 51 60 36 136 157 154 102 117 10 145 116
    236 215 255 242 35 18 156 162 131 66 93 255 1 183 73 238 55 28 135
    201 195 200 203 63 43 10 3 96 0 61 127 83 190 25 170 215 33 107 83
    235 133 33 241 153 140 210 79 63 215 19 70 93 129 236 182 37 151 27
    205 188 158 4 106 232 106 186 228 253 158 134 124 208 70 206 2 116
    115 98 71 251 228 194 168 126 15 40 189 255 235 54 101 2 122 151 4
    96 206 189 26 0 17 77 64 251 40 132 153 29 63 34 151 191 184 191 90
    128 173 126 193 67 122 139 150 186 80 218 139 70 122 129 131 197 247
    47 164 227 218 177 71 56 117 172 249 189 72 95 208 248 209 121 237
    55 2 13 25 105 43 47 188 36 27 195 22 223 69 118 155 211 156 151 31
    46 203 63 116 65 108 5 229 10 243 204 23 51 82 138 141 21 95 210 190
    63 225 104 22 43 53 192 158 94 219 97 91 229 109 187 15 229 70 202
    84 158 203 237 226 110 1 35 81 221 37 12 123 6 242 46 57 130 2 58 58
    55 2 174 122 97 248 166 33 56 41 105 113 234 89 118 158 211 245 244
    51 199 22 57 67 77 4 101 73 33 229 190 214 181 190 91 216 24 140 30
    5 248 51 21 143 231 203 235 216 240 67 169 41 219 154 76 32 37 8 44
    79 207 213 75 23 113 169 92 175 55 141 139 240 240 248 165 15 149 73
    19 120 225 39 13 169 69 252 190 237 247 35 238 181 3 207 138 59 243
    253 162 139 59 27 29 157 115 90 152 199 209 26 150 249 127 226 55
    159 112 44 14 140 37 156 178 253 42 209 71 200 2 66 11 184 221 131
    172 123 141 23 151 201 141 49 163 41 127 191 184 73 60 255 230 163
    215 102 251 242 233 133 112 236 153 11 37 88 222 43 221 188 32 71
    182 25 62 45 165 182 33 177 35 78 109 235 32 27 222 69 237 157 86 48
    58 73 136 27 70 43 202 43 221 154 142 117 63 53 79 28 15 179 47 81
    157 137 64 82 190 102 26 112 112 96 72 63 198 105 100 30 116 124 235
    25 120 133 88 50 59 42 189 100 221 175 15 212 17 136 178 26 239 151
    106 215 106 236 159 168 29 77 119 43 168 12 17 181 167 204 13 178 7
    237 92 31 208 107 173 242 191 111 17 178 119 81 58 38 22 47 190 12
    236 78 31 23 145 190 45 27 197 146 150 52 20 246 121 89 93 60 216
    202 166 160 113 213 166 44 30 101 167 221 70 58 83 130 163 100 244
    68 185 220 244 94 138 254 80 51 54 8 164 3 123 95 162 26 137 26 17
    128 28 233 120 247 141 54 243 102 212 16 70 8 208 190 63 83 223 208
    125 100 116 195 75 84 183 66 138 114 192 164 250 245 119 252 210 131
    24 153 176 21 112 75 215 144 137 181 45 16 115 128 40 64 221 198 62
    63 219 90 245 5 31 183 241 222 233 77 170 77 60 131 80 161 199 138
    249 38 33 81 209 145 56 83 119 185 180 201 6 172 196 1 106 15 72 9
    224 142 147 183 1 80 36 110 200 233 158 178 221 236 163 33 82 228
    153 196 5 195 27 242 79 80 97 198 130 135 19 152 147 245 135 135 168
    3 237 73 91 97 113 181 6 232 40 84 165 37 192 180 216 190 71 203 30
    226 9 150 90 69 86 41 12 61 213 204 224 213 249 68 156 69 57 184 116
    39 111 220 84 127 202 96 35 184 148 162 255 220 125 115 215 146 202
    55 37 104 154 95 34 111 131 33 52 190 47 201 0 42 183 161 215 180
    125 63 186 176 146 125 244 84 106 141 106 224 210 102 81 200 61 4 62
    229 133 54 83 213 64 103 93 164 83 55 49 194 215 112 33 67 60 80 42
    87 220 90 139 228 116 51 63 162 67 117 137 174 201 227 137 90 205 1
    49 76 163 88 219 78 166 214 215 233 214 152 194 137 226 184 33 114
    19 63 5 117 77 189 242 245 172 58 29 26 254 219 168 81 15 154 128
    202 217 158 122 101 182 216 253 117 110 195 234 205 90 77 60 239 70
    61 25 171 16 30 230 61 100 45 120 244 155 178 225 77 46 223 24 92
    127 111 31 255 234 93 232 240 150 200 96 9 58 153 224 97 8 127 101
    156 227 222 248 189 105 138 112 3 196 36 251 39 197 27 153 158 149
    118 248 59 194 216 6 142 205 9 253 179 159 117 217 109 156 199 165
    11 14 253 148 58 57 200 107 201 179 179 121 67 104 135 158 23 52 29
    149 142 91 172 209 226 179 174 128 14 80 84 150 150 165 123 58 82 96
    142 187 171 188 179 191 150 221 240 202 7 64 233 164 185 203 99 243
    116 75 32 20 156 191 1 36 237 20 19 112 61 20 20 163 181 157 77 162
    181 252 179 32 190 62 176 7 46 99 158 21 237 77 81 24 174 124 153 62
    180 241 156 35 206 61 154 45 153 239 39 86 115 61 23 42 195 228 132
    124 38 72 118 158 249 21 159 248 8 249 166 117 239 126 227 36 50 69
    225 161 45 143 162 11 219 78 197 194 195 33 97 132 234 24 182 175
    247 86 180 154 147 212 217 33 57 41 233 221 220 14 231 83 194 122 26
    65 76 110 156 63 152 120 153 254 228 200 184 118 255 187 231 95 251
    92 162 27 15 240 17 69 79 79 6 89 199 32 86 58 153 100 87 197 126
    250 137 179 58 9 162 211 88 233 69 17 33 133 217 47 59 247 217 200
    80 11 11 81 249 67 67 123 194 182 199 20 171 216 191 108 234 53 132
    126 82 96 14 112 234 224 172 142 87 243 250 227 6 244 171 168 237
    104 163 208 58 24 217 101 216 86 113 223 188 115 238 144 207 88 3 84
    245 103 245 130 238 217 140 67 16 183 87 204 138 131 169 181 95 19
    155 123 35 177 22 73 30 74 221 152 162 147 144 32 186 163 215 7 119
    114 23 77 92 85 18 143 19 183 31 26 76 175 115 73 60 110 88 120 12
    196 19 110 148 195 61 69 39 71 54 131 250 214 96 171 208 37 174 187
    132 41 205 33 65 216 140 118 83 180 231 105 67 240 43 249 76 251 208
    40 239 119 172 210 0 171 131 32 34 236 144 17 248 249 223 230 230
    105 123 119 148 57 66 36 248 159 35 6 203 73 114 197 10 107 233 191
    99 167 112 138 64 119 152 204 240 209 17 211 146 95 88 19 32 184 4
    176 17 248 5 22 75 107 9 90 60 110 172 77 111 237 112 79 156 121 222
    7 162 37 37 178 238 150 128 141 208 7 182 162 186 89 137 181 148 16
    159 23 189 227 21 148 186 237 87 122 144 22 190 8 229 10 58 94 247
    75 80 175 240 11 172 59 141 121 103 247 127 184 156 105 228 209 162
    26 17 88 13 239 94 87 151 189 192 225 164 102 187 159 215 11 74 179
    191 179 70 112 132 2 35 172 31 112 179 235 78 130 194 80 29 196 133
    132 122 77 132 145 240 154 169 154 73 16 183 207 133 119 100 56 98
    224 76 25 40 244 147 22 164 190 147 7 20 202 191 78 193 161 232 96
    247 63 128 210 22 96 129 53 211 159 192 224 221 107 36 54 209 238
    119 176 145 215 249 183 205 95 238 253 127 155 54 248 171 252 194 18
    201 91 27 234 222 218 56 26 228 222 130 210 18 115 216 168 70 92 133
    218 204 42 218 68 184 220 45 11 250 44 50 0 51 162 183 181 252 182
    163 111 119 125 99 132 101 41 243 57 49 214 189 212 70 58 128 31 65
    237 17 199 188 108 254 46 156 155 75 221 57 132 23 123 49 63 172 127
    106 173 150 21 36 62 215 245 213 169 59 23 153 100 210 12 45 166 77
    237 242 226 205 213 89 110 122 40 183 30 176 28 215 152 11 57 152
    213 73 183 236 123 53 190 55 4 212 237 242 87 229 81 185 76 38 223
    140 254 27 240 140 112 96 81 216 27 149 180 175 49 169 32 94 199 0
    38 20 34 239 8 208 58 75 187 113 155 136 106 92 6 225 107 3 139 50
    84 100 75 21 92 150 109 62 148 194 183 6 144 116 98 210 241 235 223
    128 244 226 79 245 16 15 232 48 13 232 181 201 33 2 120 28 228 2 60
    199 132 151 45 175 205 110 15 100 200 37 198 102 169 139 153 17 186
    54 66 139 40 44 151 196 191 209 221 72 127 46 107 5 239 219 20 105
    218 48 240 216 92 112 210 247 244 93 174 168 11 65 130 116 158 122
    133 57 80 236 126 139 3 184 207 103 63 216 72 26 1 190 164 214 159
    226 165 235 219 20 100 248 21 142 97 150 192 32 203 217 84 69 173
    176 65 230 114 43 178 187 218 110 25 60 17 182 133 92 144 52 24 211
    179 46 110 100 137 195 29 59 144 57 226 9 63 104 220 194 184 9 3 146
    205 77 30 66 169 105 79 152 2 54 171 161 231 134 195 84 6 126 109
    132 213 165 175 169 149 181 211 53 88 227 180 165 69 85 214 211 142
    71 4 158 218 203 52 205 5 138 198 98 15 72 90 57 94 104 222 202 226
    22 204 229 38 251 41 61 200 29 244 28 28 82 149 216 56 177 141 165
    68 220 223 241 65 40 51 186 150 118 28 217 123 77 114 176 175 236 59
    36 74 87 10 9 242 12 130 168 14 89 104 136 72 154 93 204 137 187 80
    106 233 149 145 4 199 126 24 126 152 19 99 101 144 127 33 211 54 193
    100 122 156 40 174 103 106 211 149 251 115 163 60 224 128 75 216 202
    4 183 151 255 0 117 99 86 132 212 251 152 102 22 71 221 4 41 228 9
    245 205 85 109 72 69 226 132 191 190 95 232 171 106 94 148 237 149
    91 24 59 182 193 107 130 176 45 55 249 129 135 155 79 75 87 228 131
    70 203 84 229 132 223 11 22 171 180 197 51 170 37 13 174 88 143 30 9
    127 118 16 92 224 154 144 48 54 107 241 71 133 46 70 13 77 240 57 57
    123 112 3 108 254 65 101 154 133 225 185 230 198 144 236 210 54 109
    177 9 46 140 253 250 2 140 213 243 95 3 94 115 59 30 206 165 87 163
    34 56 142 193 182 177 6 238 94 6 120 170 144 5 26 155 72 99 233 162
    156 85 162 99 188 26 209 122 198 173 99 190 155 86 235 6 150 7 116
    120 90 0 23 200 4 12 253 112 145 215 139 220 74 156 19 164 117 205
    72 250 71 229 50 117 142 233 212 105 135 92 59 244 222 72 243 114
    103 173 38 126 245 191 98 198 224 242 182 255 194 229 146 66 209 139
    77 219 166 19 23 175 219 98 3 62 2 67 11 225 171 6 251 206 109 5 178
    79 146 203 150 171 154 154 211 218 183 41 88 67 167 146 207 25 176
    100 57 104 3 121 133 164 26 75 209 31 190 6 40 121 254 94 200 13 45
    182 142 236 108 10 119 232 86 255 166 51 176 28 219 160 80 192 13
    198 17 139 148 125 249 93 210 202 150 245 156 24 34 157 178 45 100
    111 250 142 195 94 200 228 120 31 28 49 79 100 167 167 126 223 100
    175 38 33 244 142 172 35 202 160 55 206 164 101 168 245 163 87 55 99
    80 107 98 174 7 79 62 40 235 80 210 142 164 93 93 162 206 47 183 232
    141 46 201 223 238 109 58 121 123 163 95 203 148 146 200 198 94 247
    39 140 239 137 30 159 8 60 67 8 3 108 28 115 4 143 161 1 82 43 58 12
    36 81 201 19 107 120 245 131 251 1 173 114 235 157 65 135 10 11 171
    156 217 90 146 46 224 244 44 150 203 128 189 203 209 235 252 101 13
    131 193 64 168 106 86 152 49 162 194 156 112 184 27 90 11 226 251
    184 201 63 87 66 98 9 236 114 194 54 76 68 55 71 86 253 95 203 172
    83 241 253 112 33 84 59 17 72 8 139 183 148 232 15 202 6 116 248 89
    162 75 254 185 173 145 75 127 144 254 56 88 152 91 140 29 180 106
    220 142 188 16 211 144 57 66 132 16 105 245 61 219 49 104 46 179 184
    83 196 226 221 191 20 80 200 76 75 82 197 69 130 72 114 59 90 137 39
    144 225 153 116 34 89 4 57 210 146 19 57 174 70 131 149 237 36 161
    199 224 73 226 92 105 12 30 19 75 78 226 125 190 231 28 110 169 238
    147 12 209 241 112 145 163 177 142 98 176 102 107 52 53 182 202 185
    66 163 65 8 219 71 27 134 15 33 193 168 202 185 16 116 187 64 219 12
    79 201 42 209 185 255 109 214 177 197 140 219 172 211 113 242 208
    132 136 9 254 236 251 68 223 24 62 138 251 87 209 211 169 227 6 144
    76 127 77 214 238 178 159 214 152 42 209 140 156 75 44 239 79 199
    233 188 195 119 148 69 81 86 75 58 164 192 186 98 30 93 174 148 242
    153 241 150 23 84 180 54 227 154 152 107 223 18 197 114 240 115 54
    199 142 172 81 78 85 187 11 109 226 179 196 137 97 202 155 17 194 21
    209 58 201 39 102 131 35 102 224 94 226 5 76 6 180 129 221 99 224
    225 54 225 139 194 117 252 225 72 111 201 231 114 183 195 241 128
    200 104 151 105 203 146 177 179 140 15 14 223 228 67 68 72 185 172
    84 166 193 80 181 61 13 1 26 0 60 255 117 37 205 99 45 8 204 194 36
    43 252 126 230 126 74 181 246 161 185 105 3 132 57 198 154 83 143
    199 190 158 12 188 227 239 39 28 130 241 139 50 49 94 40 146 222 182
    19 41 102 74 218 216 225 158 59 42 122 97 109 152 177 51 242 150 59
    44 210 83 98 141 53 42 212 199 42 104 193 30 13 83 243 18 234 63 165
    252 206 102 34 67 95 82 202 190 190 231 60 64 210 196 196 224 139
    206 197 253 122 24 197 190 182 152 70 216 33 133 152 93 70 231 73 48
    115 8 80 140 104 90 133 25 58 6 212 24 138 45 182 199 52 177 195 61
    62 247 161 212 36 129 23 21 11 133 233 95 123 113 187 135 67 248 123
    60 49 205 245 209 83 9 170 115 189 145 70 197 2 37 202 100 243 109 0
    231 21 13 19 9 207 62 250 40 246 52 206 101 228 197 207 56 88 223
    121 135 65 26 225 217 78 197 80 129 43 227 238 58 186 196 41 188 236
    160 161 83 223 154 22 182 188 146 192 80 98 107 27 141 156 164 5 201
    117 66 26 52 50 21 116 166 244 128 143 62 7 17 239 173 183 225 79
    116 196 63 28 236 249 120 201 39 204 216 227 89 35 99 134 192 60 100
    94 34 240 249 232 93 1 135 37 231 212 155 252 22 186 168 114 47 73
    237 202 253 224 82 170 174 190 73 239 11 51 155 255 223 239 140 32
    62 63 3 206 19 10 104 13 130 229 104 108 161 88 216 68 97 47 121 139
    134 254 175 51 234 177 135 14 5 188 207 181 144 84 37 155 58 64 231
    126 101 132 151 247 43 173 8 44 3 123 251 72 12 70 213 114 194 17 37
    26 89 194 105 25 235 100 139 9 80 145 242 221 226 3 157 197 40 126
    122 44 107 111 11 167 191 104 255 48 214 100 121 32 165 65 234 134
    145 3 162 251 25 142 56 87 167 121 83 107 216 183 251 133 90 39 41
    122 101 94 230 16 117 220 209 72 63 54 162 169 216 208 110 3 137 213
    190 70 69 134 19 216 227 80 69 37 87 92 98 228 60 161 26 27 92 86
    160 6 213 117 149 190 0 241 63 156 169 100 130 220 65 235 32 31 116
    62 23 165 148 229 202 76 223 152 56 246 193 199 172 114 209 59 66 91
    144 239 90 205 45 206 32 253 168 101 57 175 76 101 92 196 93 86 103
    158 120 119 188 61 17 103 179 139 170 118 234 230 174 195 90 28 202
    62 246 204 195 132 27 123 86 229 40 206 95 91 212 21 180 248 236 69
    65 115 230 8 215 132 96 16 53 201 174 248 216 233 143 58 148 144 92
    174 100 204 188 200 51 128 27 176 30 85 220 58 68 44 174 46 28 12
    188 43 230 150 47 182 233 214 57 162 122 182 96 0 245 129 174 31 75
    155 187 12 7 248 143 10 207 74 156 244 224 14 56 250 80 46 69 10 35
    2 241 255 59 46 208 171 179 120 184 184 123 39 139 80 136 153 2 117
    211 240 57 58 160 126 201 203 85 94 173 67 106 54 201 4 96 211 157
    85 213 125 44 106 13 97 215 252 110 53 26 12 35 225 240 70 67 183
    210 71 113 252 97 145 151 121 232 111 207 16 62 7 98 160 98 96 48 21
    4 87 206 204 161 14 62 42 153 111 78 254 195 26 214 27 106 104 78 87
    135 96 133 56 127 141 108 167 41 216 5 150 41 234 67 171 124 207 198
    221 168 65 153 97 74 11 200 211 248 176 8 120 201 12 45 167 222 94
    145 69 210 151 28 250 203 49 248 227 205 19 114 190 133 239 160 226
    33 117 82 153 155 91 103 135 34 93 73 138 228 112 141 36 175 228 99
    78 38 174 217 163 238 173 55 140 246 71 229 254 13 154 75 45 66 70
    231 121 242 184 94 153 151 10 253 8 182 139 221 172 30 51 48 40 234
    5 170 129 18 94 124 28 112 115 103 73 34 91 222 227 3 26 122 136 71
    1 137 184 210 149 169 205 140 122 48 159 232 34 44 135 76 118 175 74
    241 60 98 5 23 13 35 243 49 232 79 147 72 45 191 47 104 127 140 63
    115 56 167 25 20 133 73 53 139 71 34 188 14 247 226 17 19 219 73 139
    218 52 160 99 206 103 106 145 55 150 154 80 39 57 173 186 69 7 161
    110 233 255 26 239 146 125 163 229 195 185 189 112 87 232 235 67 170
    110 205 196 13 107 133 79 104 243 166 98 94 170 91 94 185 42 67 127
    85 96 44 9 121 54 80 13 133 46 223 50 219 64 89 163 57 7 203 52 55
    60 39 49 137 96 140 100 91 238 49 224 132 99 6 67 22 209 159 77 197
    117 130 219 155 211 100 37 44 241 198 131 254 94 32 51 127 74 75 116
    187 10 149 55 254 119 195 11 128 15 114 218 229 96 91 128 138 237 57
    222 103 243 141 182 94 123 132 140 7 227 10 214 192 181 52 193 235
    228 39 120 248 184 69 216 193 135 205 162 142 8 191 9 160 170 150
    138 82 4 178 180 48 39 50 237 198 73 38 125 206 196 195 143 91 110
    207 202 1 192 149 255 116 13 4 226 68 189 192 12 33 148 160 87 2 108
    11 254 254 63 174 48 166 177 105 15 50 254 226 48 6 121 107 190 66
    13 226 199 239 77 218 37 36 243 79 94 70 70 183 116 112 158 4 230
    181 242 49 180 174 231 103 76 237 87 54 109 212 169 138 205 21 78 43
    60 252 100 95 111 108 63 36 114 156 59 133 33 157 8 85 15 163 107
    203 210 145 105 141 90 140 116 113 120 146 27 196 58 32 69 12 208
    244 154 18 27 1 208 113 140 52 61 98 194 224 135 126 141 107 59 28
    162 176 79 159 16 26 170 141 251 217 37 213 184 113 235 76 34 11 38
    25 50 183 191 169 212 146 6 99 154 121 209 143 47 49 34 29 212 162
    98 138 157 174 62 27 175 90 206 228 245 175 157 176 184 45 96 100
    200 110 252 72 155 178 65 221 187 136 142 111 24 22 5 31 162 216 211
    73 252 183 255 44 103 37 191 84 153 41 234 98 9 243 16 50 139 79 200
    105 105 173 87 4 97 159 231 222 9 192 195 124 252 142 71 101 82 144
    23 106 131 191 31 152 197 60 107 168 227 250 175 108 73 44 20 150 65
    90 70 177 119 93 46 225 250 183 37 174 214 137 129 180 62 205 230 9
    170 45 175 229 25 145 240 173 46 233 99 159 219 3 18 120 179 24 167
    93 157 94 144 55 106 121 174 187 210 89 188 148 94 54 197 230 148
    196 23 73 67 26 39 172 46 15 13 126 118 227 163 236 75 97 163 99 42
    42 240 145 166 213 164 4 229 85 110 222 71 191 98 91 48 228 254 115
    213 195 161 26 251 170 243 146 161 12 60 78 190 49 90 233 179 246 97
    152 167 3 145 214 147 91 241 183 250 8 22 71 10 100 58 100 3 185 92
    18 45 197 25 100 233 121 35 16 47 158 240 114 233 183 201 15 6 217
    204 9 38 31 183 225 237 200 13 38 210 201 113 182 247 222 18 97 191
    162 170 238 168 137 189 194 140 190 107 111 207 106 49 70 77 48 57
    23 204 234 237 196 209 54 209 49 92 53 197 142 117 172 73 73 7 97
    207 173 211 3 106 236 131 174 23 61 96 183 231 74 70 91 213 228 97
    168 126 1 63 112 214 79 84 209 188 180 173 42 107 69 239 60 135 239
    232 207 250 113 10 41 145 68 159 170 135 8 56 193 230 19 42 190 201
    216 78 36 14 12 201 178 2 66 43 102 102 98 20 148 26 126 6 21 165
    100 3 29 87 60 12 35 245 120 91 161 163 73 94 28 38 164 81 165 255
    120 135 88 7 93 38 72 20 128 11 170 65 196 221 65 59 12 115 62 124
    112 157 88 42 67 185 99 163 83 122 23 155 119 240 22 68 238 142 145
    147 60 180 142 12 184 202 35 183 196 109 64 46 179 26 203 77 20 34
    41 188 185 21 37 80 40 212 214 191 189 134 255 213 254 247 160 39 32
    113 55 179 112 139 55 110 241 215 113 71 206 187 36 216 229 249 9
    179 138 108 251 2 51 154 95 108 43 13 207 145 131 151 218 18 61 67
    195 3 64 165 236 94 37 76 140 231 125 9 21 62 193 244 201 221 237
    242 60 51 222 179 184 201 212 155 23 212 5 243 247 230 4 208 144 92
    245 15 15 143 137 147 208 8 221 193 164 146 76 71 87 71 13 24 227 67
    168 46 141 65 3 153 187 165 107 35 206 212 177 136 203 7 73 45 187
    237 96 26 89 144 167 88 214 124 217 26 187 233 103 134 38 201 128 54
    123 127 129 193 114 205 122 95 174 121 242 242 251 165 239 32 88 154
    232 226 243 95 94 44 10 61 161 27 188 169 99 79 216 95 151 164 27
    123 30 27 213 165 12 236 146 23 87 94 201 20 89 127 158 69 119 157
    127 166 244 243 172 38 229 189 153 111 205 25 77 137 250 218 168 139
    218 235 241 89 60 173 188 211 40 154 89 85 187 178 72 121 183 59 190
    80 27 143 43 40 245 79 252 23 119 3 6 175 122 133 30 99 80 142 142
    95 74 155 104 194 206 113 3 80 112 149 92 195 109 76 143 3 100 51
    108 178 150 97 41 89 76 209 73 125 47 187 252 232 58 5 82 232 238 39
    110 38 109 148 153 94 235 45 125 90 92 224 54 66 228 3 76 125 96 225
    202 95 179 151 53 35 80 104 179 51 229 165 45 180 38 164 109 142 34
    241 213 218 110 12 23 26 53 119 252 97 225 240 77 61 79 66 150 39 86
    211 102 188 227 224 75 152 202 212 125 65 88 165 153 217 225 154 27
    27 246 200 90 164 238 111 22 102 231 13 28 101 121 227 80 99 55 228
    243 189 215 34 160 142 253 206 214 18 57 95 1 97 230 133 44 11 25
    134 48 201 248 205 189 226 94 198 49 245 162 29 170 144 155 188 189
    152 152 237 198 117 111 176 44 212 6 177 128 247 60 16 182 157 66
    202 41 160 32 217 6 186 111 255 107 244 84 153 181 104 223 157 20 90
    115 65 70 197 90 78 181 186 135 197 212 159 7 203 249 159 211 85 252
    50 74 140 26 181 219 43 241 190 14 247 228 91 65 250 22 56 198 121
    200 250 133 121 10 81 133 124 82 234 217 130 177 216 14 245 41 107
    211 154 251 25 109 211 139 58 55 150 62 21 7 23 216 128 106 127 171
    32 121 53 0 33 1 28 37 223 168 218 134 13 39 182 142 21 197 47 187
    176 157 163 43 249 216 51 254 162 19 135 194 159 149 61 145 187 90 8
    20 153 123 70 12 174 12 161 114 160 26 235 124 131 80 3 201 24 126
    163 83 132 48 251 136 231 8 42 159 213 239 195 246 221 222 41 97 168
    21 128 220 91 111 241 151 92 56 182 178 171 74 229 4 67 210 54 146
    70 118 176 148 123 0 165 133 85 89 22 222 24 76 239 38 230 228 10
    225 167 88 77 75 3 82 161 77 43 240 198 202 220 130 130 232 169 30
    123 166 113 142 185 66 211 193 148 132 182 114 101 16 199 204 173
    234 53 75 218 157 2 233 57 83 186 110 239 133 113 246 166 147 107
    112 131 245 33 19 31 77 134 161 207 162 64 84 86 130 15 127 149 211
    223 170 14 95 114 32 181 68 95 25 219 130 76 53 96 96 23 32 247 52
    126 54 46 46 81 95 63 89 49 64 13 24 96 242 241 170 128 98 33 251
    121 15 170 155 133 235 237 210 66 236 13 164 228 118 177 171 173 236
    26 23 8 148 165 205 40 174 22 85 70 152 127 123 243 14 156 198 47
    190 111 169 143 246 18 235 224 34 150 93 55 144 110 48 23 133 96 198
    141 49 221 74 240 21 223 0 199 124 219 124 67 41 165 63 208 16 249
    227 93 218 34 26 105 57 195 49 85 21 3 99 59 38 139 215 8 208 192 43
    251 99 247 8 183 151 134 242 90 147 168 44 112 255 229 77 227 167
    162 132 15 113 174 153 145 161 216 81 147 109 167 200 60 65 117 68
    83 161 38 245 199 240 180 225 103 124 225 192 32 221 34 252 224 53
    202 122 23 239 91 53 92 135 200 56 123 35 144 103 64 70 175 227 104
    197 48 91 86 26 161 157 225 28 18 153 238 243 2 175 147 228 165 155
    241 222 194 141 227 39 18 210 164 57 119 124 201 70 4 211 47 208 179
    129 25 179 185 42 22 249 112 68 151 182 149 34 123 234 252 184 233
    82 93 6 16 41 111 41 96 198 84 60 234 209 212 29 133 193 148 10 119
    140 78 133 210 59 239 120 46 166 109 231 104 251 35 92 145 144 164 2
    184 100 94 35 194 42 123 238 15 229 98 138 148 29 101 116 143 117 1
    212 39 171 148 191 201 172 45 174 92 240 216 110 155 87 248 40 45
    248 54 198 151 210 236 210 135 243 15 174 42 94 143 122 211 120 36
    192 41 141 236 54 246 70 62 207 210 169 172 41 115 125 16 106 159
    245 222 244 212 81 173 170 212 205 10 34 61 48 179 46 156 94 173 54
    253 44 9 196 90 22 10 148 50 27 73 29 93 211 59 27 77 75 92 107 6
    107 21 29 110 126 207 249 127 109 69 201 37 65 142 162 121 242 7 0
    188 82 125 148 53 164 47 192 129 21 102 63 49 119 106 241 101 50 202
    164 2 241 88 202 105 222 247 43 192 142 192 202 248 213 156 174 205
    1 132 37 113 132 160 54 41 11 173 105 138 81 35 184 171 90 89 1 154
    122 50 70 93 61 151 160 251 164 152 56 153 201 66 155 67 238 26 240
    106 92 61 236 121 36 14 76 192 39 133 135 189 85 147 219 22 253 214
    66 32 126 156 45 50 31 148 151 75 115 98 125 62 136 224 146 217 183
    77 162 138 251 246 105 105 171 69 219 142 205 154 207 147 186 29 244
    73 129 206 35 91 134 192 183 121 91 152 252 89 95 74 54 79 72 160
    133 195 221 79 188 206 110 114 58 99 253 159 20 252 130 71 41 170
    170 118 180 25 232 127 200 83 96 231 80 34 106 36 130 226 120 73 135
    244 158 111 224 14 62 17 240 212 138 193 186 132 141 55 151 135 79
    123 204 138 146 110 153 227 45 61 71 102 175 200 56 14 52 218 18 210
    235 41 181 159 121 203 212 16 181 201 165 216 16 48 88 159 164 80 14
    122 81 117 159 160 7 255 227 189 78 234 2 189 173 52 15 116 149 149
    211 175 126 238 82 73 236 140 250 90 9 68 119 7 186 98 104 56 106 44
    69 21 75 209 169 105 53 117 167 10 126 191 95 195 204 17 34 227 159
    183 223 202 181 231 33 133 127 1 52 114 71 251 246 121 52 238 9 84
    108 224 146 148 239 245 152 198 94 27 249 134 101 198 7 40 251 140
    196 191 102 4 201 128 30 130 157 99 186 78 189 95 158 65 54 227 16
    195 55 110 114 160 225 59 201 169 203 238 249 195 37 209 181 95 26
    32 33 27 102 36 235 81 187 172 171 1 32 36 246 109 122 130 20 97 224
    243 233 111 193 14 183 58 170 144 224 27 179 68 125 113 47 91 139 75
    31 49 83 62 17 157 33 3 214 187 172 122 0 111 22 36 239 11 195 221
    89 143 11 178 212 224 213 194 224 12 32 179 144 144 74 76 73 188 244
    145 195 181 81 176 182 188 1 173 131 145 208 217 74 221 108 137 115
    62 66 112 211 102 77 76 121 149 146 12 232 129 76 120 205 232 130 13
    57 70 63 126 50 243 193 243 100 100 90 74 137 214 86 93 158 86 44 6
    124 184 159 30 14 164 21 131 107 34 110 138 37 37 15 159 114 186 76
    148 179 108 101 99 222 132 219 210 99 232 249 67 46 59 119 49 185 7
    200 108 9 153 75 233 36 44 214 35 133 165 134 216 135 64 192 61 134
    199 167 61 243 37 146 112 236 65 249 228 127 75 120 156 191 57 48 28
    189 101 243 149 25 195 178 56 114 53 254 36 98 99 162 142 121 52 196
    231 37 121 12 154 58 128 48 96 75 170 35 215 76 117 251 31 243 202
    130 204 97 107 104 10 180 12 203 244 199 214 59 160 192 169 191 246
    72 134 195 35 227 219 143 189 232 164 50 49 209 117 170 142 106 171
    92 36 107 37 87 171 28 158 119 101 19 218 219 231 154 222 253 136 20
    164 188 95 231 255 149 246 111 199 129 194 141 21 161 84 230 64 241
    59 63 124 48 190 228 197 146 3 200 246 204 49 6 14 32 180 2 194 113
    226 60 1 162 51 228 133 40 244 242 32 138 58 151 149 116 44 117 139
    84 35 96 164 34 232 82 50 206 12 198 182 204 240 46 162 210 105 101
    16 198 249 213 243 140 161 147 157 109 29 37 141 13 86 117 76 193 74
    238 170 91 40 219 123 190 239 80 83 94 209 188 21 19 145 68 197 113
    80 137 105 37 28 147 60 255 143 19 109 221 191 241 133 36 235 119 95
    94 110 51 188 129 71 13 211 108 26 107 168 104 235 163 236 44 223 89
    244 168 31 30 190 105 197 182 138 188 146 174 30 59 215 87 120 73
    240 239 232 135 130 245 49 55 108 44 174 88 180 144 21 150 60 243 23
    134 229 193 77 13 90 137 104 168 162 202 63 11 68 136 7 141 2 52 162
    223 127 5 179 187 199 213 59 203 197 53 255 45 37 146 82 86 35 164
    115 73 169 79 80 55 124 174 194 209 45 68 60 193 217 153 51 5 29 40
    76 248 226 14 171 34 125 60 213 11 208 255 25 9 199 238 154 232 130
    185 48 148 130 52 50 26 29 56 246 219 125 135 219 207 238 158 8 73
    254 97 238 165 67 125 137 31 104 210 52 195 114 112 155 179 205 251
    231 249 173 42 14 183 118 46 248 171 66 127 54 34 50 128 88 81 226
    155 131 132 68 93 236 173 82 63 137 135 2 58 175 12 162 142 51 252
    141 28 87 224 240 8 181 6 68 25 35 210 118 82 97 230 4 227 128 9 31
    189 54 212 135 150 30 17 14 169 106 32 134 227 150 190 203 15 75 185
    53 124 208 135 135 241 230 138 115 61 89 120 11 254 62 68 123 109 29
    168 208 195 239 77 119 56 77 23 128 203 182 62 184 6 239 78 147 7 8
    169 156 62 246 70 205 103 34 44 183 115 191 111 63 140 15 84 232 250
    181 67 70 101 191 213 199 21 135 91 173 37 242 195 130 230 91 130
    249 95 188 9 21 89 41 143 235 127 172 226 9 97 221 61 107 129 50 124
    153 54 88 31 212 250 165 118 2 0 13 11 209 241 14 217 165 153 63 71
    91 8 254 218 157 197 163 70 119 192 208 165 184 174 94 30 41 68 87
    173 233 194 78 32 171 45 226 15 98 54 232 26 224 16 159 59 253 230
    244 24 113 184 248 216 27 85 13 157 225 111 122 54 71 47 183 146 93
    103 189 49 70 202 135 70 185 197 252 11 226 70 66 93 55 2 62 179 52
    167 63 41 200 23 194 109 106 38 255 26 104 178 87 72 131 12 49 127
    132 4 37 50 142 59 4 190 110 132 196 119 139 220 56 140 107 102 219
    217 18 47 124 191 50 73 190 89 50 233 186 68 105 1 208 33 153 191 40
    22 157 135 32 31 88 249 214 88 220 253 169 85 107 63 26 5 21 191 243
    239 176 70 136 5 205 93 168 184 42 84 170 5 98 91 154 48 121 224 250
    9 11 33 132 13 125 13 83 115 163 54 84 22 125 46 93 58 45 68 8 239
    77 201 91 32 144 213 44 204 190 245 39 126 85 16 88 177 6 117 2 211
    86 29 205 121 247 7 36 105 171 177 98 190 240 1 154 97 111 163 114
    17 224 171 164 34 10 183 241 101 210 30 72 82 114 209 69 131 228 129
    145 107 198 98 82 207 253 5 116 124 13 56 39 21 3 110 23 218 64 176
    181 163 54 85 126 219 230 193 237 84 138 64 184 159 153 62 121 98
    162 167 122 246 231 8 250 159 245 135 18 217 158 227 185 13 108 177
    170 82 200 44 43 148 173 235 98 145 22 159 66 22 195 140 133 165 189
    245 57 190 165 12 81 10 93 141 32 108 210 142 212 187 253 24 17 136
    55 61 188 225 52 234 129 121 253 129 87 218 191 219 198 233 100 72
    123 248 42 7 30 245 61 122 60 148 139 37 87 72 21 131 224 251 159
    147 199 137 228 29 67 224 85 203 229 119 142 92 255 199 118 212 250
    91 125 213 240 242 4 114 236 154 58 118 229 87 216 118 48 10 114 58
    62 248 115 215 247 158 118 163 6 108 210 121 170 237 251 37 52 9 184
    139 246 237 96 105 222 78 214 0 210 236 176 199 171 71 252 240 228
    196 75 6 167 237 229 201 88 211 22 24 91 5 16 203 59 122 115 177 254
    99 54 152 103 240 96 82 42 154 180 57 66 146 228 8 178 123 176 227
    84 76 40 14 161 207 142 40 161 234 56 238 67 209 232 45 21 53 132 34
    154 26 97 14 84 55 115 250 130 70 131 98 236 167 64 218 241 99 18
    218 111 199 81 133 12 135 26 69 96 38 127 82 215 110 113 25 200 19
    52 187 242 77 147 42 219 110 252 244 201 67 233 201 36 149 91 108
    152 183 232 253 224 128 146 193 27 249 231 228 216 6 192 215 103 51
    71 125 97 73 57 173 147 95 248 107 241 247 208 217 229 58 14 55 213
    58 232 208 45 22 161 255 184 247 133 31 54 46 51 56 65 70 186 202
    164 96 240 108 188 216 181 163 68 2 211 151 180 21 155 149 228 118
    249 27 250 24 232 67 40 64 96 217 37 97 232 94 200 123 197 188 143
    55 214 80 33 134 25 235 26 138 96 86 48 99 142 197 214 88 126 4 235
    20 135 245 18 53 142 166 50 176 153 237 204 56 245 36 103 211 38 199
    177 204 116 189 79 94 102 42 108 75 161 179 45 97 41 189 2 238 117
    148 149 254 146 161 217 145 211 182 201 5 192 174 240 46 126 235 215
    239 153 181 7 16 9 210 194 108 96 31 152 14 62 3 43 136 230 21 88
    222 99 47 142 119 199 133 218 16 237 134 45 82 39 202 159 173 58 110
    180 106 152 133 80 234 103 54 176 210 232 250 124 110 164 100 80 241
    249 200 143 147 93 198 158 245 204 138 228 118 59 241 252 188 1 20
    251 43 24 0 14 108 31 104 35 19 141 95 15 129 126 76 207 42 51 144
    214 54 172 198 53 44 110 182 111 63 25 181 218 77 189 171 62 165 195
    242 222 87 87 133 209 236 111 151 94 180 176 115 56 82 163 224 41
    178 36 219 89 167 65 42 226 195 176 69 116 29 64 98 193 129 5 133
    220 36 42 153 28 202 8 251 109 121 235 165 85 145 105 248 23 191 35
    68 198 34 216 187 3 110 177 140 170 89 94 205 79 247 160 203 158 118
    132 95 37 23 100 251 232 47 151 109 95 204 77 61 186 81 185 56 29
    171 16 106 219 120 247 1 117 210 38 20 80 177 154 241 90 118 215 120
    211 27 159 69 172 85 21 246 195 60 206 213 16 98 44 230 245 191 236
    152 138 59 250 251 198 232 13 136 122 119 162 190 83 2 130 97 184
    199 67 201 40 12 184 215 149 112 231 26 89 186 110 107 232 144 97 50
    102 63 31 132 221 233 177 217 218 149 229 115 19 106 171 51 64 153
    199 65 111 150 234 170 93 115 113 50 56 12 172 249 97 135 36 188 142
    74 195 180 121 204 217 52 242 185 165 131 149 237 47 161 171 11 20
    36 254 236 174 76 30 214 249 41 121 105 78 77 224 85 85 173 33 21
    162 50 138 44 181 123 86 169 92 188 243 3 59 165 54 136 74 94 98 73
    26 247 154 80 245 43 44 90 69 139 46 18 9 62 25 43 194 126 210 127
    143 25 199 176 162 221 205 52 122 244 10 211 144 60 51 8 206 235 130
    86 128 138 243 161 31 41 119 235 248 159 59 11 242 228 142 1 114 18
    145 36 3 159 93 131 213 246 88 131 57 60 188 30 14 26 10 136 26 101
    184 79 95 121 158 1 224 217 207 140 244 14 18 129 57 42 21 157 23 37
    88 107 200 189 197 72 247 185 109 44 81 93 142 125 130 68 170 143 22
    244 227 186 181 143 6 97 238 182 154 190 170 144 113 57 171 119 12
    44 255 10 141 221 255 6 59 26 9 97 155 113 206 242 62 57 61 205 55
    83 61 195 18 166 34 225 241 50 85 61 236 127 167 51 68 252 144 33
    201 52 11 136 230 142 221 123 130 17 113 3 245 66 75 147 176 191 118
    177 62 238 233 21 0 67 158 175 216 169 87 162 59 247 143 244 56 152
    45 215 188 159 149 172 70 100 139 218 17 171 206 149 168 103 86 43
    26 82 19 239 118 178 237 93 100 132 44 186 160 94 161 76 124 203 206
    99 223 51 152 92 87 79 171 166 237 29 147 234 193 11 68 165 124 178
    43 133 234 195 129 198 82 115 142 87 186 19 214 19 234 96 171 239
    155 147 254 63 214 18 149 86 195 245 211 56 12 221 68 231 178 174 59
    231 130 162 245 106 118 177 169 249 222 1 4 196 239 33 157 172 247
    42 40 34 249 40 91 96 115 67 206 114 229 70 225 158 118 146 230 12
    50 238 192 160 146 51 119 254 31 46 106 198 243 69 95 40 17 178 250
    202 126 210 252 81 165 17 30 155 76 184 27 47 121 32 122 32 80 148
    201 226 51 21 105 239 3 252 197 120 35 21 23 29 244 15 206 160 241
    139 121 97 202 26 28 84 21 12 177 205 58 165 81 35 30 84 210 148 254
    185 96 12 191 24 135 73 60 153 218 72 2 69 221 126 129 70 120 184
    108 104 187 132 124 9 42 174 121 189 137 5 164 10 82 253 255 164 12
    35 118 66 180 218 31 40 197 13 145 85 237 131 97 210 101 131 32 80
    35 192 242 173 168 96 25 42 187 250 100 167 121 30 192 155 59 65 100
    187 92 11 178 227 244 138 180 96 113 165 162 7 223 1 235 190 246 195
    47 220 29 185 82 85 233 60 121 206 204 191 94 251 176 244 75 17 63
    166 169 183 227 184 49 202 184 212 103 58 194 178 171 204 204 13 55
    139 147 112 41 134 132 12 84 231 80 230 180 0 110 53 93 141 34 195
    135 56 30 247 54 52 125 197 233 98 1 59 230 40 39 166 249 126 42 188
    67 84 41 225 224 245 39 34 169 4 29 38 216 180 165 180 214 36 134 9
    56 116 83 79 146 129 56 66 132 2 43 16 52 72 90 2 79 153 236 53 41
    149 64 223 52 61 150 83 203 87 211 165 136 44 56 201 134 33 176 235
    11 95 242 36 111 243 122 28 90 97 22 61 158 196 73 75 159 150 9 38
    247 121 194 147 163 253 110 107 139 237 209 0 5 40 115 188 75 17 0
    151 241 229 227 140 154 162 143 67 93 145 3 236 163 132 193 184 95
    28 213 126 78 16 214 20 12 168 218 166 1 189 175 34 50 232 0 110 184
    61 197 91 232 174 134 183 229 89 252 100 136 252 241 49 146 237 129
    207 55 136 79 113 140 214 138 197 214 159 185 66 203 105 73 201 68
    251 112 50 21 18 130 34 142 196 39 162 108 36 249 198 38 221 163 82
    15 245 56 150 31 148 210 11 191 37 207 242 89 67 40 245 244 215 249
    219 135 128 13 169 17 187 196 17 231 209 36 235 136 131 176 237 175
    159 64 142 167 195 213 70 40 13 14 231 28 155 43 183 175 181 162 48
    178 94 78 194 209 51 166 210 91 225 98 117 38 41 173 60 140 40 220
    183 107 127 146 39 197 40 159 232 126 126 214 169 148 115 225 167
    208 151 158 52 134 87 227 225 176 231 186 74 0 72 66 146 91 97 230
    88 51 107 223 59 101 26 241 220 240 89 138 111 193 153 127 84 222 73
    26 224 182 69 42 123 214 15 183 121 242 210 95 57 239 77 231 27 120
    129 160 119 231 114 237 245 57 238 143 241 29 69 65 223 201 40 169
    250 61 213 86 207 127 219 239 50 31 37 145 148 149 105 12 75 250 35
    13 159 35 177 185 158 252 144 154 28 141 78 10 76 17 106 55 253 182
    135 26 46 118 16 219 186 114 100 171 141 153 126 202 173 69 58 230 1
    104 40 9 243 231 76 107 188 113 98 116 123 55 37 35 61 235 9 4 227
    136 115 28 194 189 58 102 160 103 2 116 21 36 173 89 174 149 97 31
    14 18 122 179 180 108 160 87 255 140 164 68 166 58 174 96 32 228 230
    168 88 2 222 100 153 158 5 67 232 104 4 108 4 219 211 190 168 30 180
    144 178 166 72 83 246 170 109 91 50 208 178 174 238 88 118 254 147
    254 253 208 118 114 77 104 151 232 253 75 50 85 43 19 41 116 162 50
    55 30 242 45 63 93 199 85 23 239 231 153 122 155 92 38 1 12 3 88 74
    17 53 175 81 9 81 164 193 122 154 46 20 159 87 92 191 35 14 49 219 1
    237 143 164 155 112 19 54 189 131 7 31 45 117 48 214 59 241 94 167
    155 55 56 150 221 135 37 21 116 109 16 112 145 186 5 31 24 6 186 59
    22 192 156 35 166 2 189 209 235 247 202 226 102 153 5 208 216 55 145
    182 230 164 37 18 116 69 225 89 144 136 205 41 30 130 111 144 56 37
    152 1 143 229 45 219 179 13 78 87 119 125 240 51 232 38 220 132 226
    18 27 217 24 78 208 9 227 80 198 58 149 43 104 214 184 254 149 243
    253 27 143 68 203 141 226 236 201 167 31 173 156 105 76 233 103 252
    24 111 101 123 42 200 151 151 247 224 84 8 143 225 25 94 162 102 130
    193 156 7 231 137 121 221 1 118 78 102 57 147 182 47 111 34 77 78 89
    244 233 18 28 19 119 220 178 230 69 143 15 202 137 172 180 226 37
    211 111 171 194 183 247 154 248 250 185 168 158 14 160 28 88 158 103
    80 16 92 178 137 160 18 122 208 153 123 223 116 183 223 87 106 25
    242 80 234 119 149 15 168 192 74 234 138 38 225 71 16 77 219 239 45
    28 2 234 44 87 165 100 17 104 235 213 189 187 56 218 227 112 197 145
    32 48 216 143 152 158 73 158 105 6 26 122 24 94 212 186 202 102 254
    74 150 31 146 0 15 67 143 230 93 30 198 113 12 6 242 127 168 249 18
    35 123 220 179 97 230 62 146 235 162 213 97 107 99 255 189 110 114
    160 173 246 117 213 69 31 42 221 70 9 183 70 245 255 109 122 245 145
    37 236 246 82 237 122 156 61 227 51 109 20 76 168 240 239 2 208 254
    142 42 114 143 41 46 245 192 107 198 158 249 226 108 97 94 177 69
    151 10 227 235 240 227 180 42 196 17 5 28 131 77 183 118 106 137 139
    156 68 84 204 7 174 134 27 135 187 108 138 168 209 174 125 138 196
    123 98 36 133 173 61 93 104 160 134 45 105 82 77 224 249 132 50 160
    5 59 167 245 107 216 238 61 140 169 145 161 221 122 196 57 60 97 64
    46 18 165 230 249 162 58 32 49 174 64 34 178 137 51 207 222 90 72
    122 232 161 134 247 52 106 139 202 197 248 87 70 64 28 136 153 92
    126 52 218 218 98 112 160 67 12 221 17 28 253 113 182 72 71 140 176
    165 58 175 32 83 181 84 252 210 6 141 196 83 4 132 73 153 141 218 35
    25 203 60 67 206 51 214 120 197 58 76 31 88 232 92 119 61 180 124 35
    130 48 85 131 26 195 125 21 200 184 29 44 21 183 173 133 53 253 136
    247 229 197 241 206 183 73 94 16 108 27 231 78 43 59 21 228 164 92
    206 162 48 21 108 179 100 157 26 35 114 243 128 243 14 18 71 220 82
    85 85 4 104 111 29 112 101 79 7 242 124 111 144 22 49 81 248 54 49
    161 9 182 241 105 19 46 93 189 143 137 222 147 105 212 181 239 85 25
    122 59 148 92 239 6 98 220 63 56 26 27 144 23 253 231 13 184 183 86
    94 215 131 51 188 54 169 99 91 81 255 30 199 248 120 128 105 176 246
    235 147 127 71 60 163 60 31 179 223 151 60 34 112 200 172 218 168 81
    6 81 219 175 56 72 144 190 175 123 224 237 7 119 117 203 93 185 3 89
    144 96 3 102 141 27 59 228 89 34 150 136 2 136 94 238 36 89 59 203
    165 0 205 154 8 166 240 24 71 129 176 59 125 207 139 71 166 54 88 62
    147 124 207 20 131 155 233 89 233 227 174 27 7 148 127 220 207 196
    203 67 48 237 212 63 233 3 153 246 248 85 186 186 136 142 175 177
    177 232 132 93 240 154 10 117 175 198 20 168 210 176 53 120 209 220
    37 12 46 58 224 97 187 191 91 118 182 66 169 208 55 45 249 200 39
    172 24 105 102 245 5 142 125 244 37 116 6 212 131 3 92 33 64 140 203
    117 116 160 73 245 15 123 179 92 10 171 38 198 163 95 2 211 60 75 87
    90 54 176 227 185 109 179 238 84 233 194 203 20 134 253 8 158 62 68
    137 238 95 123 66 219 226 152 255 145 136 16 88 240 205 255 224 208
    173 23 58 160 191 131 141 239 174 245 218 36 238 74 174 11 114 53 24
    0 116 233 254 255 76 116 224 103 229 67 176 18 9 95 58 215 187 147
    94 40 0 237 141 122 2 224 87 38 3 92 101 2 150 96 118 252 221 144 54
    187 0 80 91 29 50 87 12 219 72 120 249 85 16 188 100 3 206 126 248
    49 86 11 187 212 175 205 79 239 37 149 3 42 237 178 252 122 225 131
    33 80 228 106 241 250 233 167 148 165 37 172 108 242 192 10 125 84
    204 248 95 56 216 169 24 125 227 24 120 175 222 159 124 205 56 227
    122 74 58 36 183 96 113 85 169 252 254 102 64 55 29 218 220 109 34
    206 176 173 122 90 134 61 42 0 177 120 40 163 249 31 249 49 186 37
    151 255 225 29 186 24 106 227 11 59 117 76 121 166 165 94 91 203 196
    59 53 11 129 255 159 96 96 54 172 137 6 44 20 185 141 245 202 50 185
    124 15 50 180 155 158 12 9 23 64 182 26 40 221 86 156 213 70 170 249
    108 255 16 248 84 132 31 177 224 138 161 252 57 112 230 47 65 121
    104 199 127 248 106 46 72 103 230 30 212 255 171 166 253 212 201 121
    134 13 35 243 90 7 173 167 78 64 134 97 159 208 231 191 70 215 110
    226 32 145 230 57 173 124 148 255 125 120 188 230 20 45 143 156 39
    53 178 211 255 159 238 163 53 235 59 228 54 113 79 239 2 221 126 27
    227 158 250 93 212 178 194 179 60 7 17 14 11 156 139 184 18 84 37 79
    159 47 91 90 118 27 219 215 35 106 214 147 102 99 90 137 196 165 110
    39 85 216 218 132 100 70 93 141 187 82 78 75 36 233 39 72 246 140
    154 201 51 43 15 235 147 12 89 217 67 60 117 81 205 88 35 20 193 124
    41 54 14 189 227 231 144 102 249 107 135 187 181 72 200 223 139 117
    85 36 187 199 1 230 67 231 143 30 135 158 149 136 140 95 2 27 180
    162 241 160 160 243 216 63 153 83 34 245 20 106 60 226 12 212 3 156
    160 119 125 61 249 226 211 243 71 238 244 197 32 103 161 203 241 177
    5 128 209 237 206 59 122 84 161 214 54 192 253 249 174 210 169 82 42
    61 89 66 131 157 162 39 0 177 215 90 241 66 79 171 27 66 98 161 175
    57 43 96 126 19 143 207 165 44 100 169 214 140 14 249 203 62 245 247
    76 184 85 148 21 145 197 220 215 250 178 177 136 86 141 179 193 158
    196 99 157 55 175 166 233 16 188 109 149 199 220 134 240 198 226 133
    58 219 161 229 151 213 52 53 242 100 128 57 245 226 51 97 52 59 217
    70 69 193 111 22 235 55 202 196 151 225 28 100 247 212 91 159 7 155
    207 206 213 46 81 230 154 134 63 11 120 124 198 48 18 152 83 150 255
    66 205 62 2 111 116 235 202 129 222 183 44 72 235 191 88 234 58 145
    129 162 176 26 191 68 82 220 174 69 175 120 224 66 67 10 20 234 164
    83 23 148 214 15 155 38 108 164 115 62 168 246 29 101 119 24 118 57
    23 10 106 153 228 235 108 251 32 25 91 115 216 32 246 222 211 160 85
    169 227 133 172 142 64 229 149 201 219 41 157 204 132 115 179 253
    138 121 149 98 156 198 209 54 195 76 253 163 218 51 186 93 168 81
    255 60 225 191 200 81 83 243 144 63 43 84 126 34 170 19 181 207 156
    110 246 203 15 127 53 102 75 255 179 64 186 27 84 1 233 103 134 213
    44 249 15 157 16 211 222 16 181 203 145 221 230 253 95 147 236 246
    101 3 211 100 118 131 219 39 214 38 57 126 39 204 144 13 11 173 154
    6 22 165 210 93 29 111 227 22 50 217 248 163 107 208 54 157 67 49 20
    232 213 220 199 127 204 5 173 217 133 95 29 243 154 173 230 7 214
    252 203 88 93 15 18 235 30 42 164 96 113 242 8 148 1 34 161 189 96 9
    62 158 181 138 143 50 164 177 61 144 170 239 126 70 183 149 89 14
    214 10 203 152 254 132 179 133 127 243 29 4 180 163 61 52 226 9 1
    142 203 110 35 132 178 255 227 82 32 222 186 69 34 115 116 247 121
    240 14 60 167 68 81 117 101 155 15 234 214 231 82 181 74 227 135 101
    9 181 63 211 66 85 43 139 92 224 193 233 177 199 238 248 104 242 201
    143 149 164 158 15 251 73 242 89 84 130 253 161 95 144 50 39 6 19 69
    66 180 192 138 241 24 118 128 36 54 30 210 84 64 140 147 116 74 200
    0 115 43 62 190 54 101 74 147 25 43 209 118 81 228 209 233 91 75 165
    104 217 92 187 152 164 149 26 227 140 151 95 110 214 11 5 15 102 39
    120 46 129 151 152 216 192 181 91 230 157 205 39 3 229 160 22 21 39
    47 133 6 30 17 124 57 38 232 43 134 214 47 150 97 247 97 35 124 180
    0 175 74 171 166 200 156 82 170 203 172 178 144 9 117 236 146 178
    248 6 64 93 255 185 100 11 140 254 10 142 217 123 94 28 186 147 186
    225 120 65 179 158 10 154 190 188 83 213 94 71 101 207 167 20 142
    179 210 218 191 155 164 219 233 62 220 108 119 105 67 117 233 116 68
    76 58 3 240 98 224 193 218 243 55 53 150 53 36 166 115 123 168 49
    151 130 187 130 42 2 36 58 223 88 90 233 41 253 39 45 53 12 215 33
    162 228 243 0 43 73 160 175 142 254 15 131 209 158 81 45 104 249 33
    98 137 64 81 69 74 182 1 26 57 157 253 124 77 72 244 247 21 61 168 3
    232 140 206 132 14 28 51 129 66 125 19 200 81 235 186 154 181 239 64
    119 229 191 210 176 71 125 112 237 241 75 200 14 82 238 191 23 201
    183 44 75 37 185 80 68 147 121 193 147 101 182 254 44 127 50 159 140
    191 250 161 175 245 178 169 197 74 36 113 101 125 95 87 21 33 203
    120 153 141 159 22 191 99 199 27 167 237 77 219 247 230 251 18 229
    85 155 27 8 165 12 52 110 219 13 100 107 63 241 6 223 13 78 53 52 53
    6 189 76 0 78 116 42 56 42 31 31 204 124 126 17 148 169 149 13 147
    185 207 148 27 114 58 69 133 250 91 27 231 250 85 101 239 2 196 214
    194 236 223 211 190 85 79 227 219 54 121 134 21 249 68 165 209 146
    150 71 96 76 91 64 187 179 37 227 168 183 103 21 213 232 175 192 11
    62 22 71 210 204 107 8 73 92 8 33 15 90 37 252 210 152 2 29 48 204
    99 35 201 60 206 213 232 139 88 235 106 234 252 108 132 51 214 84
    167 14 118 29 247 170 164 131 75 220 230 73 1 186 82 136 218 152 18
    87 206 43 174 233 98 243 223 39 136 254 150 225 161 92 119 190 76 3
    221 55 196 79 79 207 218 217 89 124 130 250 111 48 88 228 211 64 106
    108 53 26 147 140 246 75 14 149 149 105 202 227 151 128 242 16 31
    232 64 59 5 45 93 162 245 61 189 133 237 161 23 157 151 107 142 57
    91 99 170 173 25 75 73 128 88 170 118 182 219 94 119 132 153 231 196
    30 31 162 92 16 239 176 199 129 132 32 232 109 233 230 249 109 63 54
    250 229 51 206 230 138 23 29 82 180 49 4 208 195 16 79 170 70 162 70
    12 82 44 228 47 138 232 34 128 1 90 177 153 121 114 60 49 6 33 114
    69 14 92 115 249 125 196 228 213 244 136 148 55 238 73 58 128 7 149
    85 132 216 190 10 53 17 169 180 241 181 184 14 149 210 18 239 58 110
    29 215 99 42 226 0 30 183 48 166 60 18 245 117 5 66 140 159 206 33
    160 2 63 93 189 131 162 200 129 93 58 141 70 167 190 211 81 29 80
    131 12 152 187 152 99 180 106 13 107 225 101 170 97 224 126 60 40 42
    214 66 143 1 45 201 252 97 93 110 66 177 163 108 46 61 53 134 212
    167 104 220 146 88 78 68 80 225 249 8 163 140 209 48 155 210 99 126
    192 65 212 181 252 208 135 216 30 67 118 57 210 104 238 96 143 25 64
    111 77 66 147 82 149 2 57 129 60 211 247 98 222 173 113 77 149 58 72
    54 49 54 62 27 113 122 21 34 195 126 106 87 180 155 56 212 219 128
    125 52 109 28 108 65 72 215 240 38 68 47 210 162 139 25 252 75 239
    174 210 4 133 75 97 136 96 173 105 102 157 235 12 13 184 166 145 248
    170 106 25 93 40 142 30 88 43 178 74 88 1 2 218 43 46 176 39 209 90
    185 134 154 223 71 233 186 53 210 161 209 106 250 231 140 180 113 69
    82 57 171 158 245 75 96 56 159 223 74 20 78 120 51 6 245 107 104 100
    46 92 34 61 236 104 173 77 160 201 181 197 158 249 197 239 184 233
    222 42 125 113 226 141 190 85 17 76 251 82 46 96 144 239 110 137 159
    188 174 22 194 90 43 110 21 118 135 109 8 3 245 123 106 143 236 128
    84 164 253 247 78 254 37 20 154 55 129 144 133 133 252 143 195 155
    91 135 208 198 109 127 238 118 158 94 54 149 82 74 237 166 248 58
    226 147 169 106 139 168 157 76 176 6 250 127 151 6 246 31 107 141
    107 199 121 39 55 246 87 231 147 162 119 19 105 177 14 81 146 64 230
    76 139 73 127 174 101 185 48 22 6 209 170 214 105 46 128 199 173 12
    246 80 114 248 139 200 155 50 28 217 196 43 74 193 157 148 151 179
    144 59 119 8 97 83 72 71 28 95 38 70 62 66 75 97 36 27 215 136 189
    250 26 116 141 38 58 73 248 234 119 222 172 140 151 106 236 67 97
    219 7 32 130 237 225 128 237 23 186 233 205 93 211 16 104 23 161 245
    117 15 65 119 234 185 128 229 67 79 39 163 48 137 58 219 116 102 93
    20 167 217 103 85 164 155 18 235 218 64 24 225 208 17 161 53 1 93
    165 30 175 85 173 52 124 206 176 210 226 250 90 190 225 165 128 24
    222 194 34 56 130 40 28 191 32 110 49 121 91 70 183 172 74 213 72
    141 248 66 6 132 229 15 46 216 112 239 83 131 190 208 17 213 215 117
    135 36 111 195 99 230 246 212 54 88 158 36 115 62 26 126 21 96 252
    252 143 133 119 242 165 165 213 12 13 26 34 166 133 49 13 187 24 138
    127 17 134 197 173 242 43 108 30 43 174 72 238 164 193 70 12 52 101
    19 70 201 165 152 144 198 88 126 118 216 183 53 178 95 115 65 173
    249 104 93 45 161 178 135 154 133 246 253 156 107 200 213 112 59 27
    109 167 185 235 186 4 59 231 87 85 126 25 246 103 147 2 61 228 56 25
    94 241 254 65 137 35 228 185 114 175 93 51 240 249 210 141 68 13 197
    84 146 80 23 49 216 125 51 133 56 48 112 133 77 103 250 55 244 136
    19 139 226 37 14 71 29 61 175 8 206 230 132 130 188 151 144 227 34
    178 40 196 241 134 132 9 227 118 227 10 228 43 244 150 68 240 45 10
    170 153 211 188 164 196 101 191 100 216 124 208 126 26 197 70 239 83
    32 92 227 43 42 142 198 160 209 234 160 231 242 39 111 36 37 99 245
    141 152 226 92 210 74 128 82 176 165 178 9 217 62 94 13 180 214 202
    176 71 155 54 156 20 204 23 226 20 73 65 57 207 159 250 178 25 183
    13 253 181 237 13 37 185 57 103 162 69 119 208 211 216 141 187 179
    58 120 188 130 94 82 107 114 26 133 244 204 124 141 96 241 64 27 192
    124 181 29 220 200 2 38 154 24 188 58 253 159 158 107 186 217 72 60
    237 191 45 180 110 166 202 200 48 249 17 106 168 84 151 173 108 243
    217 73 161 219 143 91 80 68 202 129 183 163 203 242 80 63 205 9 43
    100 201 235 14 172 138 111 93 157 11 200 151 17 92 140 152 221 139
    116 240 97 172 244 141 253 175 67 119 2 228 158 198 93 200 134 180
    117 229 61 84 175 122 1 185 242 73 66 215 61 183 36 97 156 67 12 255
    57 151 55 214 105 251 0 68 40 82 213 111 171 119 228 22 8 38 187 198
    82 147 47 85 252 248 184 43 58 92 34 246 231 12 174 243 11 17 81 183
    9 222 195 72 188 19 127 164 203 60 108 211 245 182 53 91 229 24 42
    129 177 38 19 164 92 185 133 75 68 255 166 6 90 131 53 210 121 92
    124 113 119 75 61 76 190 138 233 246 27 39 119 116 117 89 219 87 214
    1 229 14 254 19 132 61 210 139 215 132 223 218 210 159 153 125 147
    46 187 233 247 150 75 220 65 159 197 39 158 33 237 248 120 181 182
    233 233 217 59 163 72 124 149 192 203 24 233 72 159 248 102 122 205
    16 0 24 142 254 164 39 32 221 26 167 202 170 225 123 93 48 158 117
    140 36 230 59 193 239 161 103 193 200 159 222 190 3 222 64 90 137
    194 55 224 78 196 164 65 248 93 249 0 206 114 196 24 211 246 181 193
    98 174 128 45 169 243 108 32 207 204 50 65 125 160 146 63 4 247 198
    5 79 251 237 18 149 139 134 43 42 78 66 127 207 105 92 179 91 237
    223 203 48 102 220 206 203 246 163 187 49 224 101 233 240 1 178 221
    237 94 24 92 182 178 247 208 178 198 225 151 225 75 26 95 153 77 6
    26 192 56 33 33 75 4 187 52 230 142 140 56 145 193 124 190 144 205
    63 1 138 189 36 136 183 227 231 220 121 247 44 36 219 204 115 194 91
    54 184 21 188 164 44 91 189 248 198 146 58 161 227 84 251 210 216
    195 218 215 37 230 7 71 132 172 187 32 137 6 105 116 83 38 22 157
    116 41 255 250 225 212 223 166 216 169 213 98 79 82 1 43 113 57 42
    90 29 223 95 158 13 41 153 154 131 184 162 144 99 133 221 121 157
    241 218 180 3 237 204 191 7 77 199 168 131 186 73 33 21 207 233 65
    135 224 169 108 236 204 154 57 147 190 190 148 164 132 47 25 131 55
    192 112 13 25 163 102 53 34 152 68 47 63 190 169 243 1 243 138 48 97
    166 238 82 45 163 155 160 192 128 173 134 3 210 143 166 165 202 43
    57 186 74 51 131 121 109 29 193 127 62 125 148 247 224 148 96 118
    103 151 141 140 208 158 56 188 4 156 28 93 194 24 245 174 200 194 46
    0 205 181 7 112 72 185 59 177 43 74 87 202 111 68 138 61 243 66 101
    3 160 197 82 104 87 136 83 187 147 252 143 217 217 4 33 116 195 118
    138 138 94 202 239 135 101 178 26 110 151 251 180 226 226 88 75 117
    205 84 198 99 9 160 187 128 233 145 47 17 29 113 117 46 215 248 33
    58 218 35 133 26 110 2 22 193 13 46 150 80 250 244 28 226 131 176
    137 207 10 152 36 142 144 148 240 151 233 34 32 146 2 39 111 5 87
    156 158 73 165 198 85 253 105 115 42 19 168 239 202 62 59 51 137 187
    180 245 148 98 250 141 253 1 151 240 237 161 155 234 108 214 83 180
    38 0 71 191 154 145 12 118 162 98 46 55 37 232 75 192 194 249 90 12
    139 237 90 203 141 57 154 68 173 54 45 217 1 110 2 71 39 66 123 147
    41 154 218 193 19 205 66 83 225 32 147 177 27 160 146 53 208 49 124
    6 10 177 64 62 184 179 189 186 178 66 143 94 252 115 71 167 75 46 91
    49 151 115 34 223 71 118 17 244 141 179 69 5 208 227 136 221 66 42
    191 44 170 163 224 217 239 103 75 132 117 13 60 67 255 147 161 1 202
    55 127 65 168 58 214 45 65 184 232 17 209 55 202 46 220 226 72 77
    136 108 23 86 235 147 76 44 100 170 130 186 47 123 144 202 54 192
    181 86 94 131 38 14 39 6 134 42 189 34 239 214 198 207 133 173 99
    145 186 72 54 143 36 85 1 57 160 75 182 28 29 60 5 114 93 69 110 121
    68 250 149 251 247 246 32 192 85 192 139 67 3 228 16 22 247 44 19
    171 58 26 82 135 186 99 132 83 59 222 187 179 206 109 201 213 25 116
    81 131 161 69 139 58 156 103 84 191 120 202 134 245 217 116 161 132
    199 218 252 133 4 193 17 36 41 55 64 40 233 35 232 213 233 174 83
    214 197 201 173 78 167 51 34 151 50 112 180 235 224 69 76 155 8 132
    177 166 219 151 142 253 162 221 213 52 160 57 207 53 8 100 253 158
    243 18 187 197 189 93 207 8 134 158 117 122 182 20 107 32 0 117 187
    140 245 84 1 232 125 130 171 92 69 44 231 7 43 130 254 203 131 158
    134 28 197 234 156 220 107 212 15 7 148 80 7 42 49 119 183 179 8 25
    19 238 116 77 171 70 150 85 14 88 100 204 25 160 105 88 12 189 100
    177 195 61 187 94 45 86 53 227 81 157 88 169 172 101 143 237 113 67
    119 5 27 18 234 76 219 9 23 40 116 224 48 89 66 223 33 38 141 173
    100 206 224 143 185 113 128 225 39 100 11 59 139 66 114 254 25 2 169
    97 255 112 78 223 94 239 55 68 213 251 109 28 94 73 65 56 179 205
    159 171 229 110 100 190 240 49 151 15 46 51 232 150 106 30 77 232 62
    125 50 164 188 24 238 179 159 60 91 240 96 16 158 77 235 169 53 25
    249 219 231 128 75 29 217 37 245 173 68 203 5 62 243 203 65 56 212
    232 98 121 208 191 160 224 250 205 90 26 12 18 141 223 141 214 255
    115 49 236 113 181 153 189 85 45 5 221 69 126 130 218 100 91 60 193
    225 194 51 21 240 240 35 129 27 158 51 209 68 105 8 176 117 54 163
    179 184 27 238 139 155 212 127 76 164 143 12 110 108 207 148 171 9
    73 82 86 75 250 14 137 84 222 138 185 118 157 251 142 242 64 175 167
    59 71 43 73 57 229 92 234 48 10 65 252 118 251 142 230 19 236 123
    115 187 43 99 207 45 171 202 206 194 130 75 245 72 171 201 174 247
    107 179 165 212 97 10 95 34 166 23 206 108 58 179 96 182 252 5 223
    57 211 133 229 203 80 53 195 72 34 219 166 185 42 213 47 235 207 45
    171 136 89 105 104 59 219 51 64 92 74 147 16 147 157 104 70 112 203
    69 116 2 10 61 93 81 145 127 22 244 55 135 203 103 178 200 120 62 48
    139 201 94 49 122 23 162 5 112 37 79 14 48 50 152 230 39 189 10 197
    206 1 199 13 42 237 61 64 178 180 212 143 204 202 73 6 2 124 252 219
    33 169 104 182 169 110 240 5 198 59 169 218 103 75 54 136 43 221 170
    123 201 151 223 129 0 206 209 20 80 207 204 34 96 112 12 41 115 138
    80 51 76 24 203 200 195 17 203 46 209 145 128 101 115 212 56 55 169
    116 27 53 195 163 83 84 239 141 21 12 48 224 81 150 90 49 109 64 0
    69 68 165 155 109 211 20 163 71 13 85 163 207 135 18 240 17 49 146
    29 171 226 171 36 162 237 32 116 102 134 156 211 56 89 205 31 198 43
    130 169 1 22 148 170 14 82 234 244 76 80 190 149 224 42 176 194 78
    190 203 217 65 119 138 110 76 25 185 1 87 227 232 234 31 68 24 121
    163 108 183 204 46 197 183 7 97 223 68 59 5 45 110 235 120 22 107
    243 126 79 180 151 55 216 214 51 57 244 166 44 157 140 67 211 21 0
    244 61 101 223 152 241 10 128 75 156 228 200 52 106 254 219 107 119
    157 64 201 250 254 75 74 18 17 65 253 40 165 158 249 22 169 126 116
    120 155 207 102 187 6 187 64 200 39 160 14 103 27 161 74 162 172 107
    204 100 241 51 84 186 6 56 110 121 92 55 34 172 248 148 35 42 85 126
    243 247 177 181 37 113 37 211 188 31 132 26 219 126 115 221 18 53 45
    202 176 192 118 183 161 113 133 198 40 43 175 252 72 149 226 187 124
    239 84 104 233 84 164 177 94 137 196 127 24 230 49 137 207 76 188 3
    89 92 10 235 171 93 164 37 159 5 166 161 247 65 74 19 125 244 242
    152 134 154 129 67 11 23 29 45 35 108 55 152 77 28 88 17 75 67 241
    226 189 72 185 114 190 216 242 252 222 215 79 161 67 44 133 82 204
    237 59 34 140 159 134 248 211 231 155 201 20 155 170 144 186 190 15
    238 115 121 110 15 60 106 111 133 40 50 42 160 132 102 72 44 24 150
    69 112 51 63 156 166 244 102 247 80 170 255 22 46 150 114 30 155 6
    45 28 133 190 251 104 147 120 144 74 224 109 64 66 245 85 112 211
    127 236 42 115 173 135 108 33 252 76 246 177 235 223 209 101 56 75
    50 147 38 31 146 88 173 20 216 0 41 50 230 156 34 90 76 55 69 133 90
    102 50 140 173 218 238 216 141 251 107 200 14 117 143 232 89 56 171
    176 38 45 230 20 143 18 31 108 14 47 217 106 0 32 249 182 94 26 184
    196 196 6 244 31 157 30 37 231 26 57 233 33 59 122 188 161 35 236 8
    146 187 100 30 201 193 13 198 27 105 106 148 202 233 128 184 81 21
    20 216 192 176 151 189 61 248 114 204 78 34 90 89 235 128 61 32 42
    91 188 195 35 94 54 187 194 37 243 38 149 133 98 125 78 8 242 92 53
    250 114 79 163 192 108 214 201 157 230 11 48 87 108 2 23 83 77 254
    245 177 41 147 121 146 87 249 81 88 140 109 19 89 92 179 56 233 245
    117 152 163 129 7 6 155 31 98 134 210 240 11 39 245 242 150 90 233
    120 2 50 169 125 10 186 176 10 23 40 42 181 192 79 45 145 204 15 138
    129 139 89 124 131 211 18 79 104 117 90 204 48 159 53 232 238 2 162
    65 139 152 53 97 136 233 239 247 226 180 106 13 6 69 42 46 235 181
    212 255 78 93 66 218 153 55 244 174 35 172 87 1 4 42 67 227 2 116 40
    18 59 164 80 179 171 234 201 212 254 208 154 123 69 175 184 255 19
    29 214 218 234 182 66 225 169 62 35 33 94 53 163 234 222 200 71 154
    79 231 165 43 8 84 251 230 27 231 155 207 171 34 24 78 64 235 192 91
    61 168 253 96 65 197 244 185 119 150 228 204 234 15 186 106 109 74
    178 128 193 187 16 74 78 142 142 6 181 69 158 63 140 113 10 55 143
    167 118 255 114 151 255 214 206 51 85 234 214 134 139 58 44 150 126
    160 84 139 158 6 1 76 97 215 151 149 219 188 203 210 113 52 243 56
    15 80 0 115 70 162 227 15 220 47 100 213 246 102 248 10 47 12 253
    242 244 1 205 235 156 189 112 68 170 184 199 243 140 30 107 38 211
    44 217 253 15 162 255 123 169 95 130 19 123 112 235 232 27 23 226 14
    18 25 71 189 124 166 85 141 218 50 202 116 142 66 68 254 192 79 154
    182 36 115 175 101 73 31 80 185 233 152 204 6 210 148 42 112 81 233
    124 239 52 118 207 248 114 8 217 81 71 0 19 150 8 252 176 94 81 129
    224 123 130 70 137 79 135 48 191 243 33 200 149 123 166 37 187 228 8
    94 144 218 84 179 198 31 118 118 186 106 135 158 242 220 53 118 128
    167 212 219 7 126 54 126 235 17 195 161 130 158 197 76 6 126 223 250
    31 178 99 88 90 146 174 210 205 252 70 71 65 111 73 215 124 230 1
    109 251 102 125 167 186 235 50 243 175 23 87 6 209 37 118 53 255 61
    210 147 90 186 200 145 128 91 102 237 83 160 64 237 234 76 41 5 38
    217 2 176 40 119 113 63 184 118 9 25 23 108 21 88 236 123 147 179 71
    171 45 129 151 124 161 81 10 125 234 17 105 103 34 38 223 61 140 7
    28 109 67 238 118 209 9 99 20 33 121 109 110 15 124 2 129 151 10 217
    122 154 40 214 27 55 209 23 141 244 204 93 152 167 95 202 146 26 234
    190 228 69 152 187 30 246 55 3 238 45 169 27 190 215 15 98 64 165
    161 55 86 213 15 185 191 245 58 96 159 159 204 196 4 171 42 127 72
    47 160 44 47 131 147 142 83 135 85 153 201 150 91 80 81 113 11 247
    221 95 32 188 204 118 73 125 150 121 113 224 126 242 219 91 119 179
    5 60 59 217 252 87 201 175 155 15 143 84 217 32 59 74 132 186 105 99
    63 254 185 211 160 85 126 44 60 211 188 119 153 219 249 249 102 81
    114 26 235 145 115 8 103 223 107 176 23 156 38 102 30 45 156 72 104
    15 253 200 75 24 217 135 227 222 59 168 98 112 33 255 145 241 5 33
    120 19 189 120 242 25 120 0 142 169 92 190 107 0 151 143 226 75 253
    123 242 50 25 244 68 168 121 185 165 184 67 128 38 205 131 47 166 18
    55 156 10 95 74 251 113 156 154 62 1 20 7 40 221 114 247 109 61 184
    73 128 24 187 198 94 49 197 108 85 188 163 120 193 48 159 34 244 7
    142 86 85 117 62 197 118 122 170 103 244 194 83 44 58 203 60 222 227
    124 57 143 174 149 233 78 87 74 183 90 106 95 215 76 92 190 93 205
    193 174 110 137 120 32 140 236 99 237 212 48 82 224 221 120 119 214
    242 89 82 68 234 240 134 230 249 152 70 108 129 18 189 68 127 207 72
    188 2 103 255 221 217 243 226 112 1 213 215 62 203 132 132 188 180
    86 109 47 56 13 232 143 112 214 242 10 246 30 134 39 88 77 94 98 186
    196 147 190 116 83 3 144 52 117 193 139 105 145 84 9 82 77 230 25
    126 247 31 147 133 233 20 45 189 243 133 183 49 8 184 55 0 122 97
    134 200 215 4 46 250 121 42 8 205 135 250 31 201 192 171 45 111 225
    188 124 8 109 41 25 113 55 182 14 248 57 196 63 238 85 97 242 105 71
    180 150 218 110 9 178 144 55 209 163 54 20 190 39 205 233 98 247 189
    99 68 50 237 15 166 252 40 249 182 202 153 161 87 179 205 237 36 166
    129 221 195 144 198 115 43 130 134 174 147 189 113 246 118 197 43 85
    152 141 23 24 244 205 172 119 209 47 206 166 129 186 7 241 162 55
    237 230 39 253 96 76 35 244 55 114 7 241 70 96 189 155 118 185 149
    188 187 229 161 207 198 7 15 32 117 31 170 147 52 249 176 195 127 54
    70 88 163 35 214 200 151 77 220 170 209 153 134 1 166 142 220 20 54
    138 28 8 166 28 21 194 137 248 158 163 98 50 62 124 5 98 178 220 96
    199 149 10 253 93 151 60 252 58 201 42 150 101 113 92 19 131 30 240
    210 53 51 49 150 83 87 81 163 16 92 4 77 108 5 21 120 70 69 46 18
    158 223 68 235 179 41 174 252 150 211 31 200 223 142 2 119 241 51 75
    150 126 44 189 167 228 135 88 74 117 70 199 23 196 43 235 244 38 113
    103 63 130 148 166 16 174 251 105 203 25 158 111 126 145 225 231 255
    52 82 148 32 158 81 137 52 234 10 103 109 83 244 198 177 127 141 197
    212 99 101 21 60 224 78 188 72 123 79 63 77 178 26 3 126 106 86 40
    108 132 147 70 65 164 170 43 110 239 158 90 78 3 55 167 42 179 127
    134 18 240 194 12 187 89 79 233 200 211 49 22 135 65 79 227 73 136
    46 133 198 157 233 80 189 201 3 166 5 82 35 255 201 233 80 72 181 64
    114 85 113 208 39 16 70 174 212 29 182 114 152 44 209 72 8 90 15 101
    41 71 255 16 178 135 148 255 73 165 144 81 188 219 95 124 158 155 20
    112 191 214 121 45 166 247 126 50 25 41 174 0 171 198 208 230 157
    198 185 77 68 224 134 185 218 69 26 196 189 161 152 230 98 106 47
    172 73 3 185 13 50 237 110 67 250 58 172 100 239 35 115 126 205 154
    213 56 19 45 71 254 66 28 0 44 34 138 192 157 193 139 249 183 196
    173 67 166 161 226 122 0 155 216 74 233 7 145 76 133 200 164 6 44
    185 245 118 24 135 122 228 208 14 75 65 139 73 104 150 131 129 9 53
    55 253 139 24 121 128 91 228 249 128 214 59 12 132 249 28 90 106 202
    248 12 218 71 119 143 217 86 172 166 240 98 215 74 103 230 92 178
    212 4 167 168 89 85 134 106 129 79 179 248 253 128 203 254 62 42 67
    110 9 220 75 180 118 113 49 170 48 50 175 175 205 143 26 28 182 29
    118 4 212 59 37 149 219 217 22 87 96 51 170 146 29 213 151 133 135
    188 180 7 199 188 188 224 222 83 210 8 241 156 54 60 214 68 176 152
    33 67 143 156 108 243 189 149 19 211 243 109 60 175 8 129 93 122 126
    16 115 27 70 64 138 39 166 216 25 190 17 97 252 178 114 121 236 170
    215 163 210 32 95 243 62 253 247 109 200 72 225 128 183 167 205 59
    245 121 231 232 202 139 125 50 27 125 134 126 232 115 61 22 78 220 2
    99 15 207 17 214 3 45 121 28 232 44 119 196 129 233 185 171 224 26
    211 199 37 76 74 181 189 68 58 39 146 163 43 195 207 2 238 86 202
    194 149 102 209 210 47 224 104 138 78 253 202 118 149 237 76 144 31
    246 190 165 32 219 50 120 204 247 83 234 67 153 222 175 253 66 175
    118 45 165 142 168 179 6 157 112 82 104 58 209 231 201 1 76 103 155
    227 235 118 116 10 140 109 21 59 97 213 202 55 11 60 155 82 164 232
    23 231 187 88 93 182 246 41 19 23 24 91 91 164 59 30 20 129 158 49
    96 10 89 125 255 93 59 18 107 148 249 78 231 51 40 218 198 177 18
    236 78 122 193 214 50 129 249 195 34 253 67 48 181 68 244 38 179 126
    117 107 188 115 105 94 146 167 88 123 76 138 191 34 215 55 71 142
    244 123 251 64 50 108 198 53 16 71 233 36 19 128 173 216 69 122 198
    159 74 48 34 192 255 86 40 231 124 180 73 204 122 81 89 230 200 88
    31 141 215 95 38 27 184 50 82 77 251 8 111 164 20 49 143 5 108 238
    242 170 39 44 169 241 105 121 13 40 0 18 169 73 110 172 103 215 214
    76 59 200 63 135 147 202 244 171 188 9 59 39 91 205 21 137 177 30
    180 160 64 182 101 121 187 38 10 137 219 107 29 109 151 171 164 219
    214 157 194 46 22 213 75 19 192 241 31 2 14 239 178 0 109 57 241 159
    37 233 33 67 81 180 176 143 87 215 170 11 40 209 178 87 187 7 7 216
    219 89 177 56 51 67 226 7 107 5 90 247 2 188 150 126 44 146 242 96
    236 23 150 171 6 50 52 160 186 41 64 55 141 202 196 8 25 71 75 24 5
    66 23 207 254 115 58 68 184 144 119 169 86 84 20 251 138 87 232 96
    59 166 93 209 199 98 111 211 218 96 140 55 107 88 158 71 11 148 147
    168 194 42 44 4 136 102 121 87 56 107 232 92 59 28 38 122 80 20 5
    247 27 229 48 147 140 121 177 33 101 179 31 11 104 86 36 208 244 14
    55 61 180 174 209 134 192 237 104 244 128 12 7 37 179 39 158 44 42
    197 124 56 72 52 185 213 95 190 242 204 158 130 187 145 159 27 118
    48 70 77 190 242 78 129 137 22 166 172 246 91 79 186 27 95 159 144
    192 42 81 140 206 30 50 240 184 61 162 112 74 152 104 125 47 160 105
    240 159 207 63 170 100 115 11 93 156 38 198 250 177 247 73 103 25 45
    106 3 24 169 230 230 19 151 158 24 165 223 51 192 90 70 254 138 75
    101 171 253 110 180 27 77 190 111 234 166 221 197 230 8 39 162 199 2
    113 46 188 7 180 152 208 251 82 202 255 124 227 10 154 251 44 245 77
    117 131 30 171 164 50 107 121 119 84 17 47 16 59 94 17 237 239 25 85
    98 156 246 14 144 52 192 178 153 89 200 205 89 32 119 118 49 185 157
    167 102 235 182 8 13 240 209 116 240 195 174 115 200 196 241 67 100
    250 240 195 82 125 189 152 224 145 13 68 225 181 46 98 198 28 134
    226 104 65 77 250 147 200 145 91 244 127 40 171 36 66 232 142 139 30
    124 51 243 84 114 185 139 71 11 247 154 57 37 250 172 230 48 119 117
    134 3 232 46 98 130 79 174 124 94 33 194 39 212 99 134 95 195 202
    148 203 90 44 216 168 81 22 41 17 167 107 230 40 229 214 94 11 195
    76 211 0 137 25 244 149 8 225 236 66 34 124 168 234 131 11 218 15
    158 110 194 145 30 148 160 58 146 213 71 116 100 225 45 138 119 219
    82 236 190 64 99 22 217 201 214 37 73 127 143 132 227 165 124 219
    197 25 110 2 253 73 150 176 226 253 25 84 206 161 13 108 238 252 90
    49 52 225 183 84 139 69 238 102 159 148 143 65 10 155 6 21 17 64 64
    119 158 174 219 209 46 177 161 163 53 125 168 225 207 138 184 191 37
    146 167 102 129 67 21 89 146 70 58 172 203 223 225 103 68 88 86 202
    59 72 250 72 87 98 112 86 51 4 153 152 91 41 249 230 80 211 24 74
    221 193 90 223 30 111 193 231 184 42 128 28 25 153 139 81 238 221
    114 44 131 34 245 164 147 74 67 207 81 20 155 128 39 160 213 63 32
    106 150 201 170 70 177 102 116 33 146 104 88 84 198 151 67 200 108 7
    218 113 92 31 42 249 124 53 209 75 252 138 253 24 122 83 48 164 120
    63 109 237 247 90 143 3 224 177 204 36 136 84 92 98 61 78 115 61 12
    114 39 182 105 3 48 75 195 13 172 192 211 19 241 163 116 193 216 165
    125 141 205 231 203 233 84 22 67 41 120 199 164 79 203 103 30 84 135
    232 131 139 217 146 222 200 44 252 44 206 118 56 228 228 188 119 184
    47 194 36 188 168 110 250 148 131 124 93 92 149 4 130 223 46 60 22
    213 179 111 51 36 52 227 227 1 232 198 170 160 250 184 132 6 164 32
    11 230 201 226 188 56 53 84 159 169 52 209 217 133 112 161 177 246
    109 197 186 16 206 6 177 254 189 1 119 181 18 183 207 152 225 84 79
    121 96 99 122 218 110 229 120 199 53 41 97 101 65 157 52 198 151 129
    44 36 222 128 55 140 41 245 182 218 88 235 3 225 147 158 233 76 192
    141 211 161 94 38 234 78 169 220 10 192 236 88 223 5 244 207 106 214
    233 77 85 65 203 182 185 62 173 117 65 40 207 240 118 173 196 214
    191 183 81 92 254 191 132 69 193 191 118 182 24 241 179 120 131 234
    27 147 168 6 17 158 135 178 60 180 16 208 233 211 61 190 79 21 120
    255 48 98 218 233 231 251 11 56 92 162 128 123 66 104 205 220 76 202
    88 31 241 243 132 206 94 129 60 26 155 86 202 26 108 111 251 220 70
    196 119 3 11 8 25 103 99 115 40 91 180 145 138 229 8 15 116 33 94
    193 231 129 189 158 103 121 255 247 234 118 53 190 144 8 38 255 145
    233 174 0 8 56 67 149 228 229 236 93 121 58 2 76 18 212 142 203 77
    57 186 25 90 200 198 124 207 103 87 86 94 146 127 185 38 31 114 253
    111 109 188 196 33 116 220 24 100 28 169 38 71 128 77 221 217 221
    152 28 111 117 196 226 239 174 34 95 45 186 184 145 145 212 138 230
    219 105 158 6 214 102 148 153 116 224 165 8 23 107 193 173 129 233 3
    65 154 103 177 36 87 125 240 247 157 124 219 243 168 242 212 26 164
    116 249 201 68 234 58 10 46 30 125 121 51 147 204 40 5 195 70 204
    236 213 249 85 150 192 167 4 216 216 80 22 23 170 175 196 126 98 240
    214 4 115 55 103 226 33 15 120 212 254 102 53 71 83 42 117 165 181
    29 108 221 234 160 179 189 48 87 140 0 92 244 247 247 206 54 91 214
    184 104 233 162 168 175 194 117 122 72 219 123 103 197 207 27 30 164
    232 67 76 45 232 44 123 88 36 146 50 16 116 221 38 93 209 130 105
    154 76 166 121 217 102 85 128 172 40 122 7 5 157 70 167 141 66 246
    90 182 243 67 100 96 253 229 211 91 173 210 243 150 59 37 158 249
    204 217 121 204 134 104 63 71 82 147 40 157 161 136 211 202 202 209
    30 234 198 116 186 37 33 245 50 4 230 78 126 78 158 110 30 40 14 56
    247 234 183 4 175 74 49 160 139 238 114 63 226 124 73 228 191 83 79
    63 216 217 220 167 149 144 107 16 38 200 143 204 95 200 74 185 32
    129 39 70 115 190 8 127 114 141 82 226 63 137 42 126 92 188 181 10
    213 97 237 167 169 230 232 209 194 232 186 98 142 182 155 38 58 143
    93 150 95 110 193 162 168 234 109 236 13 210 53 219 89 65 205 142 4
    99 195 21 57 157 98 49 167 218 200 14 53 226 99 7 10 146 194 251 247
    41 180 187 103 252 47 145 162 179 217 213 210 25 161 60 136 17 85 69
    110 91 93 230 9 176 78 109 5 214 192 156 98 150 134 159 66 101 137
    209 25 92 118 199 242 63 149 61 248 33 137 13 49 17 62 103 206 209
    65 201 234 140 132 230 114 151 107 100 196 124 92 28 179 195 121 213
    151 124 253 25 9 20 65 203 124 67 181 218 230 245 202 36 149 77 181
    20 56 97 110 127 249 55 197 234 94 246 50 234 65 41 15 112 91 27 166
    63 155 177 32 9 15 142 211 26 56 72 190 98 63 16 40 145 115 200 26
    145 63 14 160 79 96 203 249 23 191 214 62 227 58 45 193 37 174 86
    172 91 194 41 175 67 109 78 161 241 0 170 22 248 38 188 240 52 187
    109 23 56 77 236 180 156 198 151 202 11 205 145 75 144 117 39 56 97
    60 185 43 29 0 233 97 32 126 174 55 148 67 105 16 115 179 169 144 54
    133 61 232 173 77 125 129 203 9 183 26 29 86 118 98 0 131 247 254
    162 34 207 73 201 232 152 105 239 194 8 139 84 81 241 184 17 147 95
    118 99 227 33 242 167 16 105 224 209 3 113 49 249 81 240 228 93 56
    79 117 193 169 200 12 6 15 189 73 3 119 17 141 185 55 243 188 100
    145 95 231 215 192 203 93 71 140 207 18 5 140 200 167 113 31 116 123
    82 192 52 146 0 73 84 88 219 39 77 144 48 197 249 197 76 189 193 229
    13 197 116 219 116 76 195 175 16 78 141 105 192 243 21 37 188 203
    185 82 58 28 70 124 92 1 38 106 69 82 41 198 110 255 87 54 212 156
    114 83 105 208 254 193 132 112 79 113 208 83 56 114 131 185 173 204
    92 193 134 43 63 27 41 76 200 191 218 197 201 131 200 142 4 200 31 5
    105 246 8 33 172 73 115 34 106 65 91 207 53 195 90 78 30 222 39 84
    238 154 209 185 215 140 71 83 245 181 92 145 214 201 9 248 174 114
    15 2 178 170 76 199 166 250 206 226 208 154 33 39 160 39 79 251 162
    170 188 83 107 56 236 28 79 22 148 86 16 108 230 199 44 78 175 86
    114 201 192 204 220 62 140 228 102 254 122 136 208 213 233 45 165
    187 90 219 226 8 61 218 204 244 37 21 7 158 251 50 242 226 43 12 48
    212 120 237 60 97 100 196 129 218 145 113 235 74 99 83 176 56 208 45
    38 29 59 20 94 228 91 207 72 140 167 249 224 175 151 154 119 159 40
    237 42 121 115 21 223 12 174 229 206 234 116 143 52 81 202 8 198 16
    55 124 151 101 227 30 193 118 200 229 221 54 52 207 231 179 119 192
    47 63 6 166 9 67 226 181 84 66 249 114 69 77 111 69 198 163 179 12
    216 251 104 88 55 138 247 83 41 67 99 163 230 18 93 85 175 76 252
    104 19 249 90 101 188 124 91 61 60 205 92 251 110 10 66 146 51 22
    111 85 239 199 77 184 59 111 10 145 243 83 108 198 119 74 37 66 102
    0 244 92 228 246 237 38 77 53 5 136 206 6 132 47 150 167 98 170 83
    56 167 138 201 14 247 254 53 162 73 98 213 76 228 138 155 10 92 86
    103 233 134 66 92 127 159 81 164 184 162 150 157 91 69 111 83 58 217
    96 28 30 94 248 133 108 32 0 157 88 207 8 75 158 32 110 53 60 125
    143 12 183 2 157 32 164 253 101 253 74 130 14 194 188 64 227 230 53
    86 91 177 8 47 216 174 235 83 150 109 150 224 180 98 140 139 25 205
    188 65 34 59 42 205 233 162 161 21 39 46 155 240 125 211 123 161 221
    129 180 62 118 122 64 235 24 207 184 207 115 21 87 176 245 198 109 9
    1 139 133 203 113 127 92 206 172 112 16 111 199 158 167 212 240 149
    159 103 182 180 126 247 185 178 27 216 56 141 185 74 192 131 52 127
    225 166 182 251 142 230 100 252 138 48 35 34 56 129 219 135 20 63
    110 95 138 123 93 198 140 159 237 89 229 12 203 11 199 134 122 87
    204 216 80 203 135 183 7 132 217 9 168 219 63 120 206 180 85 60 19
    93 146 3 85 243 228 71 227 12 109 150 192 226 210 101 4 255 11 231
    28 4 208 174 122 209 167 72 146 41 27 35 11 166 133 209 247 190 46
    133 115 84 163 89 133 8 125 91 225 47 213 52 53 169 238 154 91 182 8
    136 37 225 126 77 224 57 11 220 16 253 23 121 149 110 30 158 186 41
    12 246 13 49 183 94 29 166 235 35 97 159 109 221 153 234 158 94 4 91
    78 241 35 123 255 91 45 0 54 132 131 175 118 8 186 144 244 211 198
    167 128 177 31 135 43 151 19 218 181 177 214 118 180 233 31 146 255
    37 41 99 191 49 193 184 194 56 242 147 202 36 80 14 185 214 136 218
    32 29 202 145 123 47 243 217 41 81 129 243 195 147 224 9 70 192 8
    109 248 149 128 207 73 61 200 102 14 146 180 9 246 140 166 26 75 248
    247 124 200 165 1 163 183 251 147 6 56 143 58 84 0 61 213 116 189
    247 152 91 39 69 150 60 154 166 8 160 109 163 106 3 178 138 96 202
    214 103 134 210 197 114 81 213 207 255 49 183 215 195 173 200 100
    151 20 53 7 156 143 237 137 228 36 50 192 217 230 21 96 233 25 232
    250 76 32 154 4 66 160 133 78 148 59 230 34 75 116 153 187 206 57 68
    20 12 8 162 172 25 17 12 22 111 12 164 155 102 143 233 49 157 129
    155 246 214 101 60 243 152 113 139 42 143 244 166 182 104 121 139
    147 186 236 28 5 73 211 134 99 71 197 229 194 35 107 64 45 109 145
    142 176 104 113 131 149 85 122 203 255 95 1 41 178 65 63 143 39 227
    113 209 38 180 204 114 152 235 29 150 63 183 1 25 34 173 1 86 242
    195 162 165 220 40 23 102 141 93 119 192 73 229 137 174 80 122 168 4
    181 132 210 152 211 139 154 102 187 214 58 43 125 211 218 212 27 78
    4 62 34 47 109 69 12 132 255 180 219 194 82 68 97 166 255 119 91 26
    116 185 18 152 124 61 142 75 241 37 81 202 54 47 107 96 27 111 236
    233 120 125 88 111 1 70 89 149 113 106 199 249 250 81 150 26 151 233
    79 122 152 185 101 140 54 187 194 53 65 129 112 82 159 36 130 181 1
    82 81 198 195 155 37 8 204 96 1 218 69 31 151 134 37 56 97 16 0 58
    33 104 167 128 156 64 44 148 240 225 220 105 46 50 192 55 253 240
    227 208 92 63 108 235 245 151 239 144 171 214 181 242 236 129 191
    213 211 151 41 237 237 249 137 237 83 110 88 162 54 227 227 254 142
    159 124 237 89 6 176 67 152 50 135 101 152 10 228 52 128 78 221 126
    216 147 202 14 7 28 68 8 19 182 144 101 218 124 193 44 206 132 250
    222 237 95 61 1 212 76 11 212 203 191 134 240 43 114 3 42 178 46 28
    163 168 102 180 91 214 170 66 250 174 230 66 66 133 217 82 189 196
    37 87 15 3 105 213 47 22 124 143 52 157 240 99 146 252 32 143 223 42
    206 81 225 78 78 12 181 18 67 116 132 162 84 121 195 40 97 199 210 8
    52 194 188 11 119 18 212 167 198 129 23 112 189 163 147 218 64 3 76
    114 4 6 239 124 59 184 123 26 74 128 191 216 14 10 252 225 206 253
    92 39 62 178 158 96 105 197 142 56 53 250 115 22 84 149 45 220 229
    58 249 111 1 137 96 237 191 231 148 182 198 53 161 173 133 33 223
    220 34 232 199 170 41 16 33 225 191 110 61 138 175 181 211 93 165
    182 128 211 217 68 64 47 234 170 162 169 239 32 219 117 145 76 156
    159 23 135 175 111 73 27 137 95 32 254 44 156 98 199 140 102 129 241
    42 11 131 23 67 213 246 241 199 2 103 98 185 24 181 15 87 170 149 82
    254 159 92 93 184 233 20 55 24 34 4 92 207 130 170 10 187 242 106
    109 29 159 104 144 237 32 220 195 3 12 177 5 246 95 58 75 5 206 114
    118 160 40 86 218 232 1 80 75 23 82 174 237 146 65 63 119 20 191 61
    152 1 1 221 172 61 240 229 2 159 223 134 231 166 177 175 70 225 30
    238 28 121 236 40 13 111 223 224 220 148 142 68 40 6 87 109 98 207
    26 115 130 96 100 64 28 132 218 116 51 44 245 242 244 17 137 7 174
    186 241 3 215 59 195 42 66 162 128 49 35 149 123 181 92 59 30 173
    177 141 195 223 213 34 222 91 71 148 141 65 186 48 110 238 28 56 125
    90 168 205 176 203 190 182 135 8 247 83 64 159 97 98 10 19 146 26
    192 138 238 69 44 194 253 57 228 0 165 18 229 100 34 218 160 246 203
    144 216 214 62 13 146 93 27 125 108 69 7 252 255 246 6 215 129 181
    240 220 56 247 218 42 188 52 48 71 78 127 25 176 137 118 116 230 20
    234 222 152 110 195 160 7 16 249 42 180 118 139 84 122 42 82 252 201
    224 164 151 214 149 131 173 93 226 204 108 76 62 176 240 197 62 47
    237 136 247 255 188 130 194 49 239 252 162 110 27 15 64 81 255 81 70
    61 203 253 255 26 96 182 133 101 14 237 142 168 103 88 38 36 14 123
    124 106 156 81 243 71 34 121 183 132 26 105 38 40 220 194 61 250 101
    215 215 227 185 67 63 43 40 179 33 231 120 118 97 16 245 232 72 156
    169 81 29 9 175 223 221 25 176 18 19 109 45 35 94 213 192 66 32 103
    74 226 58 189 100 62 6 238 210 1 123 168 68 68 1 240 223 215 143 45
    2 83 183 120 59 165 239 37 137 193 214 110 18 23 188 222 235 89 46
    249 252 192 103 73 195 151 85 141 129 6 52 39 205 13 89 193 71 236
    71 33 220 212 37 198 16 79 53 1 205 252 189 94 48 24 206 251 46 4 23
    89 93 244 3 237 208 221 238 90 133 158 34 233 10 139 144 177 171 143
    243 158 164 187 87 21 5 15 125 106 210 203 158 36 186 176 247 214
    246 187 77 0 239 166 184 116 172 83 225 148 8 145 172 156 107 232 42
    220 194 108 209 163 120 90 123 236 246 97 49 19 25 3 172 41 117 97
    174 51 6 2 180 240 141 32 104 133 227 199 196 254 163 127 55 167 255
    187 177 70 246 31 141 108 210 16 247 66 228 117 25 38 233 179 161
    121 80 59 45 108 67 5 87 70 15 184 210 2 80 181 79 177 97 218 167
    225 165 41 210 27 156 234 189 78 236 249 131 124 178 129 61 84 183
    149 27 231 132 15 179 35 100 153 150 53 209 247 109 23 142 170 135
    25 191 232 235 21 243 179 251 125 128 247 122 8 2 51 47 69 99 253 72
    122 169 9 75 135 87 184 214 220 144 9 72 210 123 192 25 195 38 240
    159 230 196 84 169 130 226 38 69 50 43 79 15 181 208 40 139 82 162
    177 251 68 12 214 111 254 45 233 253 191 18 218 229 161 91 254 234
    10 3 226 238 170 148 87 15 160 165 101 165 194 252 69 150 7 82 156
    179 126 235 69 1 88 213 250 200 69 106 49 156 218 151 230 247 13 200
    215 1 69 156 98 72 80 72 13 69 200 54 93 103 217 114 1 148 121 76 27
    55 154 212 240 78 35 243 245 238 33 226 203 124 205 6 66 62 135 244
    172 180 50 35 234 34 77 255 67 177 59 55 49 198 240 188 178 49 171
    241 76 207 237 6 189 43 130 202 104 228 58 34 208 98 153 214 33 211
    149 165 200 188 184 37 71 220 2 192 182 93 89 189 125 91 183 14 234
    94 235 206 150 120 193 52 200 247 193 166 167 130 198 115 207 225 21
    219 76 216 99 143 221 72 179 229 55 138 157 223 184 57 226 210 93
    101 72 6 207 75 105 20 136 179 118 186 143 170 83 50 219 31 60 136
    216 114 93 194 204 254 83 194 106 127 127 35 212 116 200 120 211 217
    154 127 122 52 86 86 66 214 108 75 8 200 18 7 215 4 51 205 137 71
    162 62 251 1 180 77 70 220 77 135 3 76 205 181 3 15 92 158 156 164
    111 19 143 38 249 42 12 198 174 31 195 97 10 90 190 98 236 157 132
    175 125 73 21 1 105 36 55 30 244 16 181 102 125 158 19 152 123 210
    106 3 1 115 79 249 141 53 35 191 235 80 139 204 171 121 234 40 125
    125 164 165 72 133 100 54 241 105 208 44 80 47 42 24 98 200 22 146
    100 147 238 219 38 172 151 141 17 255 30 50 138 135 86 184 129 25 92
    229 243 89 246 132 153 127 159 223 46 186 41 138 44 242 204 194 205
    27 119 156 105 35 193 88 225 29 206 46 246 65 11 50 99 249 223 7 230
    82 21 100 190 27 33 102 178 255 212 15 125 47 11 189 33 117 234 140
    46 251 228 174 123 159 12 75 38 237 8 225 31 197 47 179 52 14 242
    221 18 79 129 211 229 126 72 1 50 39 92 245 56 106 78 79 194 212 217
    189 117 239 110 64 188 161 212 104 140 113 153 126 8 133 3 64 13 73
    81 212 3 36 179 138 7 226 140 68 232 107 34 23 56 99 164 199 36 155
    1 32 55 170 131 174 56 102 138 6 0 105 242 215 157 203 106 11 13 249
    244 195 117 10 39 81 239 125 98 237 120 66 15 49 195 49 7 83 191 72
    22 93 143 59 133 128 142 67 178 21 193 113 169 117 63 37 37 43 225
    25 117 177 180 176 202 183 146 228 161 24 223 64 223 243 130 180 146
    243 53 252 3 136 70 199 237 47 170 100 121 49 191 227 251 132 254
    155 228 222 252 67 184 17 116 195 165 166 152 99 202 39 140 132 109
    54 39 60 147 223 239 0 100 118 86 116 227 231 173 254 215 104 37 157
    93 197 225 166 51 211 106 22 80 2 58 51 176 16 150 150 53 152 77 183
    108 26 246 137 174 90 41 98 85 103 73 58 82 70 239 206 235 255 61
    148 62 233 227 47 244 218 28 8 26 143 73 234 93 155 122 8 1 78 243
    245 0 79 35 229 151 175 110 250 196 49 150 242 226 249 49 161 218
    185 113 249 64 228 70 66 9 154 173 30 143 149 213 53 102 234 30 39
    66 215 40 47 101 145 4 178 197 250 253 133 138 123 1 175 170 105 186
    1 100 163 175 130 208 17 85 30 49 164 32 118 215 72 62 58 49 220 15
    4 87 79 79 43 47 29 33 47 248 222 36 134 87 93 102 204 94 57 150 84
    93 94 101 90 231 31 93 94 91 41 123 172 226 98 180 14 238 71 41 66
    44 61 66 222 39 199 58 58 18 16 112 163 160 242 124 85 160 97 146
    252 29 230 190 210 113 140 129 188 217 76 139 74 87 24 92 160 247
    255 180 110 238 112 88 51 163 52 13 251 101 123 198 247 79 213 198
    152 84 131 248 210 246 15 81 158 156 189 117 146 193 118 214 163 220
    153 210 21 205 106 190 231 84 223 89 166 66 14 70 119 103 85 206 211
    56 145 24 81 164 168 74 117 130 227 33 35 51 135 9 217 82 136 70 249
    124 1 30 210 179 15 253 62 27 238 194 99 233 125 107 69 85 144 248
    92 155 212 194 225 3 16 33 254 93 109 37 106 153 48 19 151 51 155 32
    231 61 200 87 207 44 58 1 75 133 170 111 33 223 218 196 148 81 62
    162 245 49 76 162 180 61 235 14 248 4 187 186 32 175 185 37 84 160
    237 21 58 248 137 185 139 193 235 245 161 233 46 196 241 170 70 51
    48 230 106 156 180 181 186 202 216 254 137 206 215 142 176 42 37 140
    84 41 202 100 0 206 115 49 200 216 236 202 1 62 66 206 214 127 151
    171 134 254 7 216 190 3 29 161 137 219 211 80 115 142 31 113 147 73
    0 100 69 77 86 245 186 189 52 50 70 177 28 42 240 132 150 94 118 58
    48 71 7 39 65 125 81 148 100 190 118 63 174 198 179 176 3 204 55 31
    49 10 42 148 92 33 234 35 34 75 93 215 40 202 228 13 160 17 205 85
    197 164 172 11 110 134 37 240 235 237 215 148 140 252 37 111 173 10
    240 94 195 163 220 45 195 218 255 174 77 14 14 178 153 134 186 42 45
    33 167 209 149 249 221 189 50 48 41 209 209 68 171 29 233 51 144 150
    101 101 209 64 248 254 63 224 133 196 252 191 179 161 15 78 218 241
    93 5 54 57 139 138 153 116 14 170 66 230 167 171 225 160 192 225 148
    115 145 133 96 65 183 35 48 168 150 219 31 129 95 221 43 90 59 56
    234 123 112 213 218 192 109 59 208 167 125 56 244 7 159 210 224 98
    29 70 19 179 192 59 227 43 114 152 226 248 60 10 107 120 19 190 64
    175 150 72 123 133 186 244 190 186 144 248 79 15 242 159 198 230 218
    24 4 175 159 213 52 153 1 35 133 174 66 223 140 119 197 110 81 176
    229 148 109 239 129 235 49 226 248 144 136 65 137 163 33 70 233 227
    209 245 239 245 174 215 224 58 34 18 128 210 97 64 122 95 79 55 171
    157 122 200 26 224 122 234 125 59 69 198 239 193 217 35 182 41 150
    158 113 215 140 250 32 218 104 87 141 95 73 151 112 122 71 185 134
    162 104 21 30 74 149 207 166 41 163 57 85 216 160 50 31 168 192 250
    243 232 67 229 199 203 178 230 218 120 21 244 45 91 239 163 140 51
    96 236 31 159 29 94 69 237 137 55 140 243 99 25 193 5 102 106 229
    249 83 23 202 127 115 33 171 60 67 50 215 171 155 173 41 112 47 190
    139 7 171 192 86 24 59 230 75 153 183 224 30 63 43 8 204 145 100 125
    235 128 111 83 174 99 163 60 104 220 168 246 75 32 58 40 110 236 103
    150 115 11 146 246 75 214 72 231 90 232 70 135 132 181 13 243 8 83
    101 218 143 204 186 209 115 134 96 33 197 157 113 235 156 30 76 238
    250 226 131 75 88 74 136 230 254 101 245 138 171 82 22 93 163 126
    172 203 245 167 23 22 127 215 172 117 10 235 195 149 54 160 30 151
    245 4 172 13 199 6 121 49 51 64 148 60 123 185 36 23 235 109 45 35
    219 122 142 188 211 53 21 253 68 106 106 116 238 168 103 175 120 141
    214 131 181 200 182 217 236 83 37 109 221 133 28 205 88 225 27 126
    125 64 202 48 214 23 228 143 123 179 26 49 178 43 65 29 101 145 221
    184 161 29 27 164 47 214 103 219 179 113 150 150 235 148 168 71 156
    185 8 222 145 162 255 30 133 218 216 98 150 74 196 117 40 121 71 141
    175 132 176 43 116 20 70 176 105 122 143 143 91 236 183 154 253 246
    49 9 249 248 194 36 218 178 23 92 233 69 99 26 211 152 142 177 155
    69 47 50 227 195 22 51 89 168 43 26 156 178 64 191 12 20 94 171 104
    116 215 91 239 85 52 244 168 62 39 206 42 149 234 82 193 33 24 34
    218 188 229 64 88 128 183 43 8 172 99 192 183 103 200 79 195 3 137
    38 71 116 41 160 11 70 109 212 60 206 95 14 70 183 65 75 170 153 155
    82 121 10 81 48 215 100 25 86 46 142 192 118 11 67 81 251 126 208
    246 216 24 210 251 62 152 79 98 158 206 111 26 72 159 124 141 183
    236 209 196 219 198 250 240 173 142 115 59 88 21 242 160 24 136 4
    162 116 247 200 110 43 8 52 238 183 16 52 131 5 207 133 142 246 241
    190 153 58 128 198 62 35 124 180 138 185 57 139 232 143 252 202 223
    187 158 74 206 129 146 85 251 251 249 201 182 6 246 13 224 211 218
    106 51 178 37 254 111 33 142 43 145 173 63 99 226 83 135 217 9 240
    149 201 18 209 214 120 32 75 39 114 103 85 164 153 162 127 125 200
    241 223 29 75 130 42 127 211 111 121 61 31 162 58 197 53 47 58 138
    219 249 211 155 21 11 215 58 82 125 246 30 160 127 84 8 75 80 14 135
    149 15 37 66 96 137 27 155 142 197 247 195 105 182 110 61 70 72 189
    144 117 91 36 175 41 6 240 76 232 174 175 185 221 31 52 71 37 225
    206 147 176 58 77 76 20 94 91 89 41 30 221 163 203 171 10 100 245
    254 181 150 83 208 2 188 83 220 62 173 124 251 102 106 199 145 202
    166 232 194 112 233 169 222 156 18 123 23 50 202 80 15 91 70 108 32
    61 255 174 170 186 122 254 94 160 131 176 40 133 16 74 154 227 38
    120 187 201 65 54 217 158 29 209 21 74 154 35 229 124 160 108 117
    184 114 5 21 210 241 185 218 207 35 216 122 186 189 85 142 172 36
    158 15 175 64 182 244 82 69 88 140 99 145 188 10 11 58 12 143 213
    218 10 76 230 46 47 232 17 31 82 245 136 252 142 85 135 193 154 118
    52 120 19 54 123 23 14 12 247 187 86 15 135 127 141 185 164 2 241 48
    142 139 186 87 90 246 168 168 142 221 22 19 8 3 18 80 245 22 91 169
    234 234 95 35 81 216 103 157 7 116 242 36 72 208 179 34 45 1 30 10
    53 60 90 3 130 107 169 57 232 183 111 45 54 78 126 52 87 106 135 160
    142 39 186 73 254 99 46 198 147 185 123 161 178 27 244 250 166 194
    164 17 122 106 234 17 181 81 119 207 214 182 44 196 35 220 76 12 100
    6 251 6 215 108 208 215 16 78 233 31 217 149 132 255 220 175 121 120
    61 168 174 34 78 224 184 217 109 182 202 228 71 73 107 164 230 88
    221 151 252 15 17 216 48 28 33 172 38 177 135 200 136 79 19 94 230
    205 111 209 33 125 143 104 70 92 122 138 183 145 21 165 57 73 131
    116 144 172 142 47 242 117 186 112 34 47 145 39 22 137 148 167 142
    78 153 47 188 94 209 172 150 180 60 86 4 174 180 64 103 129 246 108
    25 241 195 116 39 222 180 76 123 125 205 213 51 173 52 37 214 126
    234 169 129 244 243 252 90 173 153 1 71 138 123 76 38 33 83 148 110
    155 149 51 64 222 218 62 217 34 69 252 245 222 135 159 240 228 115
    241 133 225 210 177 233 76 82 193 68 110 188 178 53 51 52 152 105 75
    53 193 112 206 173 2 75 216 138 90 186 125 31 32 255 195 108 231 239
    186 242 124 129 101 1 41 53 239 55 144 156 88 127 161 98 175 123 8
    125 26 97 223 129 75 6 236 3 55 206 12 32 217 241 149 63 204 180 221
    83 194 244 112 95 187 32 34 230 34 167 143 194 119 184 198 23 47 144
    13 49 164 52 233 67 102 195 100 218 164 207 116 167 252 56 0 132 135
    77 114 6 154 34 172 208 190 59 65 114 8 60 195 62 114 236 154 232
    239 254 103 220 129 15 7 250 222 207 191 29 41 184 247 128 176 59
    213 252 34 78 201 3 113 95 159 30 29 97 157 204 168 251 136 246 135
    236 110 15 40 49 24 108 248 170 195 123 20 201 156 60 113 201 210 83
    62 118 184 15 223 140 121 109 188 84 89 10 20 223 174 87 219 140 14
    93 158 79 246 105 53 89 136 102 207 212 158 110 186 214 222 8 79 147
    201 248 95 96 226 124 69 97 190 28 21 181 34 0 6 190 108 113 64 102
    87 15 58 44 178 253 195 159 54 241 116 18 235 186 16 57 198 9 171
    108 1 74 134 210 163 224 124 191 141 7 3 194 240 53 109 237 126 228
    82 4 232 60 216 106 125 120 73 141 111 251 213 20 205 231 234 129 78
    201 120 162 172 194 190 166 80 92 157 110 43 161 58 6 161 193 118
    167 66 42 46 28 43 175 199 236 225 43 115 87 58 204 114 158 243 161
    137 92 227 189 116 179 109 114 151 36 94 38 3 110 243 159 147 40 255
    130 26 220 240 201 203 69 244 225 141 144 80 227 166 194 219 14 74
    33 36 36 74 125 231 81 3 118 192 96 37 78 81 119 144 195 82 139 127
    162 0 135 174 34 57 17 154 175 96 96 86 7 73 159 141 18 80 242 53
    112 118 49 126 114 9 156 232 46 158 44 171 86 185 204 79 205 26 211
    219 206 104 113 183 1 178 210 53 115 160 51 13 156 45 143 147 87 100
    108 136 231 205 137 199 174 40 38 14 96 200 137 163 6 108 55 9 134
    130 0 207 22 228 104 64 131 42 115 78 207 225 162 54 246 220 179 133
    149 21 255 172 221 207 161 144 62 136 217 32 145 221 177 139 228 152
    43 92 93 10 103 125 34 109 76 189 61 72 41 56 38 82 32 191 90 205
    215 52 254 117 84 247 104 250 173 159 214 15 17 212 136 116 76 178
    229 46 42 195 161 154 9 255 154 125 12 112 216 233 69 69 138 130 249
    246 238 88 93 54 181 96 26 155 58 170 176 155 114 9 105 17 18 38 201
    166 112 131 228 44 72 155 13 154 191 101 213 105 214 41 19 80 99 83
    56 140 23 239 117 253 201 132 179 40 141 236 156 94 18 193 198 87 21
    243 154 153 186 228 87 107 79 1 157 61 211 83 44 98 252 57 210 62
    240 247 217 132 150 181 96 60 22 39 190 66 238 171 129 77 199 125
    216 76 58 174 58 192 30 253 117 142 195 238 72 70 250 79 81 39 53
    220 200 29 197 154 44 134 249 47 245 136 139 153 132 179 58 48 147
    64 24 56 193 45 221 12 196 206 57 122 99 83 237 239 174 206 103 10
    206 173 118 226 215 151 162 29 151 30 150 138 121 112 151 99 235 237
    147 224 239 137 49 144 27 186 222 29 168 103 36 205 56 46 209 118
    237 133 193 239 122 242 228 52 227 125 59 95 147 151 41 208 45 251
    195 72 93 12 185 211 87 82 117 62 211 140 37 40 12 56 107 99 170 37
    191 234 200 178 70 108 40 160 193 52 12 6 87 131 174 131 217 24 226
    65 154 141 137 215 55 110 235 229 143 50 93 63 63 71 87 92 228 30
    233 41 33 203 180 157 204 232 96 49 65 45 242 234 3 3 215 31 115 15
    34 238 164 64 123 205 225 231 23 96 61 89 60 207 19 7 16 218 55 102
    255 165 79 200 127 131 46 229 221 1 43 23 34 88 7 245 174 253 51 32
    199 251 143 72 200 33 49 97 58 29 145 34 175 59 126 55 60 37 153 85
    178 175 245 16 212 130 197 160 0 176 170 67 172 141 161 146 103 40
    11 243 192 56 153 22 106 116 221 5 146 145 171 74 63 34 157 140 151
    101 75 0 37 103 191 251 135 115 193 20 177 121 148 201 120 191 139
    201 25 162 130 12 212 72 98 225 77 122 78 40 241 146 222 119 205 241
    233 137 129 5 86 105 54 226 248 57 93 34 163 228 115 196 195 201 97
    203 161 52 86 16 127 104 144 170 123 192 37 81 143 54 148 240 188 24
    197 250 190 209 210 35 232 178 71 142 254 206 209 50 237 255 184 169
    19 124 205 240 219 111 68 116 123 191 85 154 253 33 106 232 48 115
    54 42 214 108 220 110 174 53 76 212 93 95 15 245 133 21 60 226 43
    216 9 36 215 75 242 236 45 145 166 9 134 119 126 2 154 61 127 68 228
    23 28 61 101 84 222 67 165 179 111 121 44 3 65 64 56 107 90 132 30
    188 21 4 127 80 83 108 33 83 153 78 174 138 77 51 120 179 178 250
    246 60 170 130 111 180 222 51 215 62 128 148 17 48 133 86 141 117
    250 190 82 145 215 42 154 78 254 245 107 16 198 165 19 74 246 178
    134 41 178 127 215 88 137 152 223 211 117 179 150 86 85 83 137 248
    193 142 121 254 54 201 117 253 196 130 120 62 160 196 75 15 194 196
    243 133 159 229 47 235 161 198 177 193 130 167 113 14 48 255 9 105
    181 53 229 82 97 201 31 214 75 243 95 127 173 81 238 107 87 149 252
    141 237 18 177 170 5 61 63 239 36 31 210 78 164 163 28 200 199 226
    49 86 196 27 172 1 249 140 71 168 160 241 53 41 135 75 27 146 145
    158 117 201 18 227 71 102 51 168 104 224 58 66 222 108 200 247 45
    138 201 74 104 80 169 101 116 30 211 68 108 62 39 150 77 196 253 73
    58 164 97 127 130 0 89 158 123 108 48 38 118 59 170 171 100 82 183
    160 208 78 25 249 59 231 128 5 65 11 136 17 102 208 255 13 38 184
    175 163 189 44 1 136 88 152 150 125 175 203 86 102 17 158 2 178 239
    43 167 184 249 192 244 224 221 127 134 216 214 67 59 226 24 81 46
    149 195 224 116 205 74 255 34 2 225 175 137 232 138 80 214 150 158
    121 249 40 75 209 237 163 254 0 107 176 158 61 9 51 184 217 37 118
    230 63 114 70 236 92 88 235 125 4 199 31 178 99 125 75 147 101 18
    136 98 250 96 30 102 49 175 194 41 216 129 112 227 56 139 66 193 166
    102 197 167 127 133 170 178 227 25 59 113 71 58 112 59 52 6 50 70 26
    202 201 54 126 202 129 93 144 175 131 242 231 110 38 117 84 72 104
    110 128 140 81 66 114 89 21 31 74 0 202 43 210 1 91 180 34 208 102
    74 67 25 196 129 85 235 16 79 65 42 108 97 69 193 59 77 240 35 135
    230 48 58 34 231 33 213 50 245 128 121 169 135 215 51 225 170 75 240
    78 81 174 221 43 36 119 141 27 205 48 255 36 230 12 2 215 95 211 139
    81 228 55 20 31 162 0 151 248 120 244 37 81 162 202 157 51 229 108
    21 38 12 116 91 156 247 91 85 205 16 108 78 137 41 241 231 143 181
    62 143 231 114 197 239 194 9 231 82 62 13 13 213 206 214 71 1 131
    115 43 16 99 21 217 197 183 55 203 232 212 59 96 108 84 212 207 109
    218 214 254 178 214 56 45 5 118 44 252 170 205 117 26 121 73 130 216
    49 86 240 61 234 35 187 220 191 14 217 192 179 98 59 248 77 26 140
    22 70 204 78 17 107 91 42 81 40 146 31 197 242 78 78 239 18 16 76 62
    9 180 172 37 190 159 254 132 232 89 3 46 237 211 245 120 251 145 128
    182 102 221 138 99 166 213 30 148 166 182 52 122 89 224 45 123 171
    129 245 113 246 34 68 109 187 140 58 247 54 224 175 128 127 147 155
    119 60 30 41 167 202 182 12 115 248 122 254 182 103 131 23 130 146
    205 136 252 29 123 236 73 165 20 223 175 130 2 253 87 4 7 100 128
    228 181 237 161 253 247 60 96 60 231 145 18 210 32 54 139 77 111 126
    244 250 7 237 244 74 3 245 78 181 3 144 66 26 12 43 217 204 133 78
    140 77 151 154 56 59 127 142 90 210 143 45 83 143 75 228 10 78 252
    252 38 164 224 53 13 43 238 36 168 171 101 240 42 139 130 215 244
    177 94 191 217 34 140 20 54 102 237 131 78 184 3 129 134 2 140 229
    155 119 135 8 195 21 73 46 32 155 135 93 57 178 11 114 15 136 26 105
    61 175 239 207 97 41 16 110 251 206 36 125 161 25 47 181 205 101 226
    199 85 190 91 177 252 30 240 88 108 116 93 193 188 243 126 78 239
    162 253 255 16 54 218 2 236 100 155 69 102 78 241 72 236 71 88 137
    197 230 18 27 59 186 165 133 253 26 68 102 200 136 245 146 72 252
    223 125 153 242 137 237 49 204 235 5 199 96 148 9 232 161 239 95 9
    40 91 12 73 241 73 171 217 5 37 110 175 48 54 237 57 183 209 38 127
    110 26 211 22 52 169 214 19 107 224 191 227 152 2 218 14 172 39 199
    163 161 240 217 219 23 37 2 173 178 232 71 212 88 215 94 117 175 170
    125 79 51 72 204 174 5 247 136 77 9 195 156 74 91 251 242 139 240 88
    113 186 208 83 152 8 79 174 88 19 24 14 166 130 27 136 154 28 30 249
    1 6 31 30 137 121 90 144 117 61 117 94 107 9 31 11 29 182 200 196 50
    38 48 66 230 253 199 201 113 229 200 196 168 93 14 19 104 248 242
    215 179 142 160 89 249 164 234 238 39 120 39 59 132 62 73 212 39 95
    226 25 61 81 24 142 73 120 122 35 130 171 14 155 120 102 75 2 111 3
    119 77 12 172 132 111 13 214 201 235 248 134 0 245 240 22 229 33 11
    226 118 253 36 104 162 73 179 234 67 37 86 244 222 41 219 210 127
    112 82 72 8 8 115 56 144 45 179 176 141 225 203 30 26 171 60 209 155
    223 204 11 176 65 133 170 122 5 93 231 41 181 33 49 79 85 210 33 228
    179 74 95 101 85 100 226 118 91 52 221 156 117 253 144 41 106 71 150
    1 113 136 225 152 49 1 236 61 189 85 253 6 147 102 156 171 217 0 187
    220 185 244 114 4 119 234 179 232 188 164 76 170 200 12 159 214 37
    66 132 110 0 29 249 101 98 159 29 224 173 179 203 193 39 28 88 1 177
    128 218 145 100 42 42 87 198 29 22 146 230 41 161 186 201 45 195 74
    78 219 197 23 92 82 59 66 239 90 220 2 88 216 208 124 221 168 64 36
    230 72 64 139 130 104 117 48 100 28 7 123 202 132 219 153 189 167
    240 187 145 101 250 92 24 182 253 163 236 252 101 239 128 136 229 71
    188 232 102 18 226 244 1 48 188 54 61 231 160 159 96 123 204 170 29
    88 30 183 13 10 6 80 46 40 229 56 251 5 105 152 34 98 91 105 238 117
    174 30 157 66 40 166 46 236 184 169 132 40 1 117 32 204 199 129 13
    113 20 3 162 33 145 238 17 135 135 171 65 132 13 185 25 17 1 159 4
    64 65 192 127 115 122 249 105 112 34 72 164 100 148 118 176 147 6
    239 195 242 171 44 200 114 95 203 150 118 167 5 57 118 135 63 130 74
    133 51 133 36 158 18 28 190 253 232 151 16 96 53 166 139 67 123 217
    237 64 81 18 42 115 128 136 159 253 166 26 50 161 25 149 14 1 125
    241 177 51 82 41 32 92 239 129 139 214 235 119 217 47 99 213 191 242
    17 36 199 68 129 237 78 246 152 28 95 210 187 88 7 56 205 2 159 209
    115 96 19 45 111 47 161 48 251 181 170 155 60 93 248 56 223 195 121
    238 49 153 160 218 227 240 211 183 96 232 77 40 99 9 203 149 191 26
    2 189 120 176 175 96 61 35 236 28 251 26 159 148 62 10 119 61 54 79
    253 148 27 132 107 209 196 226 104 253 28 170 26 239 159 211 115 153
    18 202 90 205 149 14 237 224 93 253 179 43 30 52 3 156 210 210 10 99
    214 45 235 246 146 142 158 143 130 255 178 98 199 106 16 112 136 248
    157 40 38 244 107 3 215 82 95 238 206 206 252 218 249 27 179 173 1
    132 114 251 106 16 53 56 123 212 86 101 131 48 86 50 136 195 162 134
    254 48 65 67 124 39 143 119 94 77 152 32 104 168 240 185 26 105 186
    165 81 86 162 81 249 80 93 78 225 238 101 154 131 37 185 128 89 26
    179 89 46 174 233 244 25 79 202 179 248 198 35 223 168 46 184 114
    114 179 246 200 92 237 84 73 228 153 160 1 31 157 1 50 114 28 8 72
    104 36 221 147 123 85 41 71 179 191 83 132 129 95 118 104 141 131
    159 212 146 52 26 91 168 176 119 223 47 208 173 149 225 150 144 172
    38 89 131 82 254 249 75 108 136 170 42 130 22 172 25 182 235 202 48
    50 168 195 203 28 145 78 163 3 126 171 94 53 161 135 141 249 93 124
    90 7 102 184 130 236 147 32 166 2 12 81 156 170 239 101 248 177 82
    21 98 70 239 62 214 9 92 84 198 133 23 220 140 216 46 191 255 225
    115 85 60 41 18 134 219 214 52 50 151 3 173 99 218 156 253 39 34 184
    222 205 41 238 13 147 111 228 94 61 96 193 246 101 36 205 142 58 233
    57 165 65 161 52 249 166 114 162 93 16 93 49 115 229 96 167 88 208
    175 17 81 123 103 214 27 215 208 70 238 45 230 110 121 174 254 122
    197 13 189 222 249 229 117 130 195 146 207 88 228 168 92 66 134 216
    41 51 83 121 178 135 23 11 238 198 217 210 213 89 195 3 51 15 65 241
    140 126 158 190 137 216 135 107 178 45 155 118 193 216 207 187 225
    204 115 121 148 222 63 160 190 46 196 145 194 218 228 187 136 182
    161 42 63 243 147 149 148 20 177 28 180 102 88 155 165 69 74 3 203
    161 20 108 243 150 133 175 30 158 51 123 47 167 192 105 97 55 55 198
    18 126 254 23 160 116 86 145 75 233 30 231 105 219 209 153 32 89 2
    193 245 61 152 246 40 59 93 212 115 82 125 151 231 151 3 226 88 46
    162 244 234 72 21 201 151 6 215 164 145 15 26 66 189 205 145 149 115
    189 222 51 140 39 78 194 225 78 25 94 129 234 72 148 22 221 135 6 89
    127 3 20 158 160 158 183 36 184 153 46 20 64 34 39 7 177 58 24 235
    125 108 35 126 167 66 19 79 36 188 241 50 79 130 189 242 139 111 163
    143 54 205 29 215 245 202 25 73 237 206 99 239 128 210 33 190 162
    175 93 55 34 90 210 69 243 34 33 103 150 103 81 29 197 176 40 210
    107 53 220 102 190 235 98 198 40 123 136 120 8 59 46 76 215 117 124
    150 111 101 55 148 87 184 162 70 163 53 200 228 81 65 44 188 231 121
    198 223 253 142 55 253 100 27 186 129 16 67 5 157 38 56 224 169 126
    221 22 146 55 167 73 195 221 31 190 24 77 106 130 42 61 61 37 241
    230 216 94 37 196 51 7 62 148 244 197 246 178 31 227 253 18 242 59
    236 134 78 149 97 227 115 65 149 111 29 221 239 115 112 18 56 56 118
    27 79 91 5 242 67 113 151 161 5 115 229 146 180 37 95 59 193 187 10
    83 115 216 24 203 37 227 128 135 209 137 237 165 90 158 104 61 173
    48 96 164 170 91 180 108 15 53 186 220 211 130 229 161 220 191 134
    132 114 255 151 61 192 106 74 253 50 235 42 45 172 84 142 163 154
    149 110 16 88 199 172 7 240 3 110 124 250 62 83 231 202 134 202 98
    225 77 17 234 109 182 246 87 132 255 252 55 161 207 122 29 190 83 1
    236 48 5 200 131 161 124 125 43 134 135 130 93 173 114 168 117 88
    252 45 232 128 52 34 166 153 150 73 132 135 82 222 136 116 121 26
    234 36 222 69 42 38 54 130 25 60 246 94 166 182 71 111 10 98 95 51 8
    185 2 33 163 113 114 210 14 73 138 121 54 62 44 144 239 94 239 210
    68 177 175 63 35 87 178 186 248 232 8 218 55 0 132 64 98 229 52 186
    123 181 115 92 19 1 138 225 203 95 34 51 48 200 13 96 235 87 90 10
    170 114 129 255 12 78 70 252 64 91 166 215 2 227 43 43 217 49 29 71
    229 17 175 183 238 37 19 101 199 153 27 242 85 138 136 35 192 245
    133 126 220 235 249 91 148 100 206 227 91 12 146 48 234 5 201 111
    216 59 211 110 226 73 243 106 169 91 41 205 108 26 93 176 144 169 97
    204 93 44 217 165 0 234 183 63 150 151 128 211 117 223 88 217 227
    234 198 254 76 223 59 105 9 230 116 206 30 134 201 255 168 52 83 198
    10 150 255 153 155 112 201 55 226 17 229 135 18 14 148 113 249 17
    111 27 188 139 180 24 180 141 245 102 99 42 165 82 103 80 12 212 180
    112 16 237 252 113 38 136 201 135 123 66 105 253 211 4 196 162 150
    128 47 183 190 57 85 25 141 27 14 234 56 112 120 17 230 168 217 2 25
    139 92 186 67 170 82 135 61 91 71 196 5 190 78 82 20 21 32 4 22 56
    36 113 197 204 132 142 182 72 146 150 76 41 211 50 169 255 238 0 61
    125 20 74 59 62 38 188 84 112 234 227 196 129 184 75 88 105 163 251
    217 162 52 124 24 228 115 116 180 239 21 56 146 19 199 122 3 93 169
    63 145 12 98 62 20 102 27 40 56 39 246 228 85 169 116 48 120 163 252
    227 47 206 154 68 146 108 110 174 21 168 193 238 167 217 225 149 97
    206 157 113 53 122 48 202 202 70 95 126 110 232 223 167 54 53 63 99
    83 112 32 93 190 74 95 155 63 225 176 186 109 242 47 191 56 51 124
    248 205 113 214 80 83 145 203 160 137 136 85 229 243 133 96 139 17
    82 145 2 27 204 192 125 80 212 152 221 242 35 181 251 120 233 106 1
    120 84 20 15 185 160 93 126 228 63 246 248 136 168 249 7 32 96 209 6
    11 246 245 235 182 98 19 145 71 240 136 169 76 139 108 10 7 120 54
    238 246 32 96 186 114 43 10 200 37 14 252 148 109 62 103 96 161 168
    120 54 120 188 7 159 208 36 138 10 34 191 8 255 16 13 216 91 154 81
    189 209 95 200 233 5 127 230 98 198 228 14 253 197 73 175 33 227 38
    64 15 129 116 18 2 102 92 79 234 48 114 241 102 144 235 157 225 125
    71 135 190 59 251 121 76 144 219 50 221 156 94 126 33 227 15 106 108
    148 30 161 49 55 5 172 142 159 216 101 217 202 235 58 194 233 209 2
    233 42 122 249 77 213 112 71 40 59 196 116 155 198 169 6 212 181 207
    99 10 53 16 95 68 223 100 25 206 65 51 46 252 61 197 122 20 248 125
    160 221 230 212 223 12 65 157 151 27 218 77 55 109 215 13 172 26 174
    77 228 173 221 154 164 220 87 189 84 35 75 34 231 220 224 46 2 62 80
    16 141 163 16 11 163 176 106 197 46 203 81 99 139 246 134 210 208 54
    34 31 160 115 223 59 209 62 2 83 84 146 223 67 205 237 124 207 10
    245 27 202 198 214 132 123 48 22 246 160 106 179 200 225 119 64 101
    226 50 223 29 0 233 50 83 199 184 15 100 53 24 185 142 167 114 170
    213 189 181 126 204 15 55 240 157 241 85 171 235 248 94 100 174 72
    243 53 36 252 194 4 143 207 76 184 172 122 19 136 254 89 63 92 51 78
    189 211 115 253 163 122 192 48 12 202 213 98 129 17 183 17 159 38
    130 35 19 187 83 82 236 135 185 44 231 18 185 225 168 224 193 253
    190 236 174 199 241 95 55 187 15 217 53 144 150 71 72 29 46 173 67
    146 67 211 84 45 160 240 85 6 83 172 190 222 242 166 168 70 125 249
    179 88 116 246 202 210 212 204 204 21 136 204 202 161 147 97 160 233
    97 46 17 46 43 138 7 182 169 19 251 219 186 127 132 239 52 158 169
    12 10 244 221 77 75 218 200 170 22 212 58 4 213 167 87 17 229 246
    216 60 208 105 32 243 60 210 96 205 226 3 157 63 199 50 105 224 201
    204 103 247 191 52 84 197 27 189 154 56 56 67 44 126 93 51 101 13
    117 23 14 223 106 132 103 84 160 11 163 114 168 130 22 182 76 104
    234 39 135 91 196 48 113 191 254 75 69 121 21 64 63 6 105 200 4 71
    42 65 150 175 112 1 70 245 104 103 31 44 147 206 167 254 183 67 103
    64 21 8 51 92 192 107 189 233 142 185 185 63 249 137 158 108 216 97
    159 247 34 213 140 12 35 48 106 71 91 244 139 167 242 73 156 58 111
    138 186 255 27 64 249 242 0 250 39 200 113 99 219 184 224 222 237
    194 151 162 221 38 195 114 184 66 181 57 67 59 115 116 47 28 222 209
    167 189 16 0 174 31 155 185 171 194 49 153 89 247 74 126 147 55 10
    152 171 233 136 115 218 204 58 50 70 140 51 189 22 243 49 217 161
    201 215 166 25 78 164 96 245 18 144 98 13 150 247 240 117 221 121 13
    22 105 221 104 154 1 197 241 223 18 231 155 71 176 166 10 61 204 85
    161 75 175 172 224 80 234 112 246 91 2 149 78 173 176 26 93 29 157
    36 84 224 66 156 142 132 138 175 198 145 37 51 38 235 202 224 188
    240 207 32 12 88 120 234 140 165 133 29 23 63 16 23 150 35 82 26 230
    216 63 243 218 129 127 123 116 117 186 50 124 140 2 214 35 162 34 60
    226 83 50 92 176 29 86 223 48 206 143 46 59 87 189 132 116 16 205 52
    252 202 163 74 173 28 29 137 149 45 46 140 207 141 15 106 215 8 83
    30 163 209 107 39 25 44 205 216 216 153 114 8 134 251 92 148 190 193
    17 127 93 219 62 34 218 50 101 52 190 169 121 3 220 29 246 55 81 247
    171 217 78 68 143 140 42 82 73 23 115 11 71 180 36 183 21 212 185
    137 89 79 10 121 242 163 139 251 175 242 200 17 87 183 177 156 213
    224 127 80 73 29 79 221 69 48 113 120 39 2 173 9 189 163 251 12 202
    123 11 63 118 241 158 26 191 204 194 122 202 109 155 165 171 131 72
    191 91 217 108 51 245 74 49 121 209 218 18 200 203 33 80 226 243 160
    43 143 129 236 52 86 22 215 27 140 89 134 70 207 229 83 122 46 164
    122 147 101 196 57 158 59 14 19 65 254 130 51 71 151 164 115 149 82
    91 162 239 237 79 195 159 99 100 61 241 43 249 129 97 94 145 243 245
    195 21 107 1 137 29 23 169 86 57 106 137 19 194 116 130 151 219 138
    239 28 98 2 223 170 125 54 207 140 45 209 159 200 3 45 193 62 180
    106 61 230 116 116 208 157 22 234 253 174 7 171 228 139 59 178 124
    109 98 240 248 11 137 50 249 62 30 20 154 7 209 99 63 34 131 222 225
    233 169 61 82 71 58 124 114 94 213 156 242 253 96 202 33 10 162 240
    118 58 158 74 101 121 44 183 99 143 229 90 71 83 104 54 87 154 229
    22 204 53 211 39 217 22 118 47 250 71 120 131 82 164 20 187 100 52 5
    170 140 9 125 33 72 167 230 71 202 204 228 12 134 93 145 87 235 80
    83 131 110 139 75 64 255 54 74 25 128 221 68 127 83 79 95 53 1 108
    61 90 253 38 43 7 138 53 136 255 141 9 240 139 192 31 144 52 247 172
    219 33 54 233 57 82 212 47 146 112 68 80 29 99 132 236 20 67 121 57
    225 42 244 234 217 99 57 87 0 136 24 72 153 129 34 26 168 216 7 192
    182 84 199 179 55 215 140 254 209 74 153 85 203 54 50 120 64 87 29
    148 112 144 49 15 108 13 252 93 56 17 89 33 148 198 14 151 72 136 33
    252 66 226 54 173 101 70 97 144 167 221 216 20 132 57 75 142 81 139
    225 193 113 223 154 22 228 237 70 247 57 24 204 151 205 237 39 249
    109 222 43 221 216 54 42 225 70 239 124 180 93 16 252 233 0 83 21
    108 104 93 212 199 136 73 210 19 95 172 229 178 93 24 59 85 89 181
    24 243 152 218 165 56 191 114 39 81 245 10 218 232 213 123 190 195
    173 23 140 2 84 211 4 112 174 21 14 162 11 140 97 25 152 126 210 114
    110 130 50 99 40 251 211 128 185 197 113 241 138 133 92 203 87 149
    89 48 54 118 221 85 137 65 138 149 150 87 185 122 57 100 9 231 42
    229 40 1 109 127 152 209 198 8 47 30 203 138 52 34 175 246 243 148
    116 174 41 136 43 229 20 79 158 172 15 189 234 170 239 73 93 42 97 9
    203 26 195 189 130 0 9 38 118 73 142 191 8 164 227 10 154 197 12 77
    40 127 95 206 240 226 118 83 230 73 151 93 97 171 6 122 209 240 41
    216 9 232 135 219 151 178 223 197 15 99 216 76 51 95 85 87 240 23 56
    141 101 19 51 238 146 31 75 53 55 39 15 62 215 197 248 106 32 235 80
    150 131 11 178 110 246 183 104 124 103 53 29 92 35 43 200 73 237 82
    112 41 218 18 84 86 134 29 104 222 149 203 44 91 22 129 209 43 97
    133 238 39 90 135 66 194 223 11 208 246 91 64 249 200 189 92 91 43
    210 239 212 179 77 210 200 253 78 205 129 154 97 145 194 71 102 49
    133 96 119 161 254 132 159 65 69 12 191 167 45 242 210 139 142 121
    162 221 41 163 227 126 22 129 0 179 8 126 102 191 189 211 74 142 191
    10 236 107 12 1 93 182 184 17 165 97 164 25 108 243 248 130 47 222
    77 4 150 116 137 252 237 15 139 10 186 246 205 168 255 228 116 48
    248 225 145 31 11 249 26 177 115 31 175 105 232 174 11 171 131 94
    172 100 155 5 99 103 251 17 206 63 154 75 7 40 213 239 74 107 215
    183 232 175 175 124 35 204 65 140 64 148 9 138 182 2 119 28 125 242
    87 163 207 38 147 68 213 53 24 73 169 1 174 17 253 248 232 98 39 131
    203 100 84 99 46 18 106 121 163 217 208 44 14 91 44 113 30 100 217
    182 20 129 86 87 2 166 135 178 51 175 174 141 67 46 64 73 37 6 71
    130 101 220 73 48 199 186 77 6 36 195 16 60 234 103 23 192 139 169
    238 10 44 157 94 212 237 16 232 58 246 141 223 155 232 19 75 3 232
    168 224 102 25 221 97 58 177 106 61 37 198 224 212 38 157 17 20 28
    75 62 227 110 203 212 166 77 25 106 75 254 55 168 109 184 222 220
    118 64 248 95 136 153 216 195 251 216 93 79 156 221 66 176 24 141
    170 180 68 54 14 167 53 95 120 239 196 88 143 79 40 43 97 43 157 184
    122 241 162 204 227 148 203 81 17 31 213 62 165 66 215 75 76 110 183
    176 216 2 17 229 203 24 73 37 126 171 135 89 91 120 200 94 182 125
    150 87 181 247 49 58 198 37 57 59 131 220 255 189 175 76 240 195 237
    148 90 180 124 198 117 15 47 29 196 205 21 61 129 166 245 112 95 163
    247 149 42 16 197 73 222 231 20 217 161 107 176 146 12 185 158 59
    231 24 246 109 106 212 231 153 94 236 234 10 11 71 246 22 115 80 99
    81 206 225 142 224 232 216 133 119 217 53 246 104 201 71 191 60 55
    10 123 32 68 3 51 224 101 169 124 73 102 155 164 117 50 122 227 149
    132 179 134 199 128 138 132 129 63 206 184 39 92 227 19 76 62 83 220
    227 0 85 212 240 3 46 32 77 227 72 83 153 51 231 23 85 106 102 147
    115 235 55 247 186 97 121 48 195 33 10 2 235 81 114 101 43 102 244
    254 106 124 3 168 229 189 145 46 85 244 104 100 42 34 170 40 3 29
    144 219 208 45 5 130 163 51 5 176 83 67 94 254 164 89 213 7 60 57 6
    182 184 15 189 193 149 222 65 125 135 112 48 56 146 109 24 224 95
    148 190 208 144 175 130 63 5 219 219 131 1 209 26 40 85 47 252 214
    232 160 246 16 38 138 109 51 159 54 129 62 229 120 43 20 215 238 106
    110 4 149 2 205 144 76 201 248 238 240 181 174 65 15 26 251 78 63 85
    69 98 14 129 196 245 53 244 82 73 136 64 12 81 172 161 1 208 154 196
    129 121 130 81 180 73 123 65 98 17 168 14 231 57 231 7 229 9 124 208
    255 230 176 107 186 107 42 73 62 45 133 94 135 244 231 170 113 45
    129 177 128 127 40 48 124 146 132 151 245 212 10 139 184 2 0 242 242
    46 42 231 182 89 7 64 103 253 238 155 131 180 196 229 189 215 240
    246 141 247 40 215 79 168 126 178 57 22 31 184 128 206 236 147 105
    69 39 223 167 89 169 67 195 97 199 210 82 10 50 143 133 116 133 184
    232 234 220 224 43 222 127 121 155 255 139 96 193 225 71 110 246 251
    58 255 169 234 56 132 242 219 15 156 241 13 115 75 196 191 135 238
    170 109 220 42 26 152 41 127 21 38 104 213 153 99 70 207 15 203 220
    218 149 62 215 56 139 38 131 8 5 218 90 104 26 156 88 189 243 0 108
    169 198 187 255 189 199 123 159 251 30 148 80 119 173 48 208 73 61
    104 59 107 84 159 56 48 94 207 123 197 156 62 236 222 217 156 85 89
    131 26 147 66 178 192 221 65 152 90 139 112 170 115 193 20 61 32 66
    51 18 101 48 174 9 169 28 6 144 24 158 76 204 236 9 179 79 68 118 5
    49 42 24 248 78 133 157 232 216 53 123 79 86 212 92 34 152 151 250
    27 199 35 36 176 31 11 90 140 232 11 65 189 75 42 87 194 176 135 189
    20 124 236 164 187 245 238 133 130 216 79 229 192 98 183 143 155 60
    248 179 115 140 164 164 235 255 143 183 110 12 21 30 172 249 179 161
    148 27 21 25 128 179 183 234 157 43 106 122 9 127 66 142 23 155 165
    183 93 152 14 52 174 209 118 246 33 130 7 240 1 250 188 52 208 219
    17 139 58 39 8 34 104 178 158 217 60 131 201 167 107 243 106 186 209
    165 89 214 106 17 213 5 196 151 0 105 56 148 154 147 250 4 246 170
    127 43 49 202 119 121 199 75 28 118 30 10 44 114 61 167 140 125 49
    14 229 250 28 217 61 209 70 84 144 152 59 22 92 30 125 71 168 0 212
    219 107 231 51 193 8 58 6 15 5 123 1 194 194 125 110 83 44 104 210
    155 4 200 60 8 35 198 207 131 71 50 87 50 216 86 36 87 20 220 249 68
    145 28 75 47 10 82 141 167 216 139 145 64 131 98 102 27 100 126 242
    14 35 148 135 113 68 240 176 72 115 34 167 178 234 57 164 197 194
    230 163 216 143 17 10 82 72 104 116 197 10 252 37 116 115 95 227 175
    240 193 185 34 216 52 225 21 119 37 16 85 186 17 159 38 113 83 84
    229 172 158 210 183 6 48 77 44 230 191 81 232 164 47 247 228 77 0
    185 3 147 241 82 57 1 109 114 47 167 48 117 29 163 20 128 103 188
    169 169 171 229 9 230 154 138 207 161 240 131 173 191 82 22 198 43
    224 34 108 248 14 185 72 69 13 233 191 223 123 188 1 42 93 62 51 179
    231 123 189 106 96 47 240 101 181 247 213 237 130 151 139 185 182 92
    171 90 5 45 67 164 66 38 48 169 69 196 52 52 16 227 1 59 242 25 114
    156 182 9 68 72 217 8 233 109 150 17 1 21 77 169 86 74 111 160 44
    193 110 141 48 25 111 32 252 219 10 119 34 180 246 59 42 46 26 119
    14 227 91 13 202 34 86 242 161 204 123 19 241 179 150 225 167 251
    172 234 51 67 238 160 36 8 106 66 103 231 52 22 179 8 78 78 198 79
    255 221 168 171 249 34 94 177 166 98 113 125 255 40 109 130 246 29
    132 231 165 88 195 80 141 149 5 60 180 155 17 53 129 246 102 205 189
    182 142 172 252 212 239 197 192 192 20 172 109 32 139 238 170 33 171
    88 148 230 219 132 208 250 41 175 3 41 168 205 48 205 6 186 141 103
    219 171 237 56 181 87 14 250 17 195 57 117 230 0 92 86 134 246 55
    110 40 246 61 193 203 150 86 65 103 68 11 137 177 144 153 146 248
    242 103 181 93 118 54 226 197 52 179 206 71 4 64 16 247 104 17 2 214
    168 208 252 32 187 28 112 247 107 133 127 95 84 119 218 120 220 83
    245 78 182 234 88 45 69 195 152 135 127 173 111 113 46 116 51 220 61
    154 66 21 201 251 202 120 227 89 97 250 119 216 143 233 140 199 105
    64 238 29 62 10 144 161 8 152 222 181 47 147 32 246 65 152 30 167 92
    149 190 186 70 110 231 130 147 62 0 69 43 231 82 23 14 251 32 199
    234 78 112 247 128 212 150 245 208 221 131 39 30 7 69 142 203 104 38
    55 218 177 241 253 210 29 89 141 56 101 242 184 177 240 117 168 44
    119 151 151 22 163 48 22 59 37 98 178 217 225 68 83 181 252 105 93 7
    55 40 124 78 169 40 20 73 122 167 53 172 99 88 192 39 240 90 13 63
    183 138 76 168 236 188 207 212 139 119 116 103 231 92 90 246 132 103
    160 154 179 160 172 90 146 45 226 214 241 236 80 219 90 197 121 116
    209 54 230 57 97 197 146 176 242 147 20 107 24 69 204 167 192 109
    113 53 159 248 214 152 31 81 127 133 24 65 47 6 129 55 97 74 31 93 1
    39 174 56 210 71 111 123 198 194 195 46 115 139 100 190 114 36 129
    56 242 13 210 70 103 58 242 20 160 35 18 234 138 28 44 1 236 2 180
    179 45 103 96 251 104 80 0 196 253 253 118 68 175 152 50 8 169 221
    122 64 35 15 15 85 72 30 149 5 23 173 188 104 23 127 97 244 135 146
    46 52 238 227 175 208 229 250 47 6 198 108 159 44 254 212 4 0 203 9
    86 132 118 146 31 130 119 120 61 38 165 135 116 175 17 32 178 73 160
    40 175 201 169 68 100 228 22 169 162 19 105 204 161 117 136 7 64 67
    169 193 243 111 172 153 55 69 160 96 125 18 149 166 194 63 111 42
    159 44 72 240 197 130 90 120 164 180 151 163 237 245 217 215 224 186
    148 116 35 133 132 224 27 175 83 33 129 64 89 195 41 186 126 29 161
    245 118 110 59 237 219 216 68 173 248 121 126 208 190 68 41 250 93
    79 34 128 42 252 128 216 138 14 37 145 45 127 250 21 30 53 202 43
    134 201 34 32 101 108 187 71 42 243 65 236 133 17 130 136 100 129
    176 174 179 135 234 80 92 196 22 82 19 124 238 195 83 147 147 33 238
    101 41 201 83 76 42 164 255 253 169 184 210 40 208 28 138 53 171 206
    79 63 75 65 10 14 70 139 128 122 241 235 184 162 92 70 145 221 159
    194 81 228 215 175 113 77 100 192 193 104 49 127 173 136 128 141 155
    153 202 241 213 126 173 73 135 118 182 113 88 39 162 59 40 124 121
    102 167 43 110 131 87 89 167 166 165 103 242 253 166 61 195 164 202
    79 147 226 103 43 24 196 58 86 202 83 32 196 173 171 254 203 194 124
    25 10 124 30 205 169 226 85 28 159 135 129 152 227 0 29 144 32 16 58
    140 0 201 32 114 41 210 253 33 139 21 243 90 163 230 254 164 62 13
    117 7 106 72 243 128 169 15 211 167 130 147 239 60 30 14 35 231 154
    84 77 90 189 12 198 80 79 220 189 80 106 4 98 161 134 21 235 73 17
    147 250 132 247 91 134 9 59 200 140 191 37 40 176 100 43 176 66 129
    224 23 244 58 213 42 61 16 84 27 138 101 28 212 97 137 214 11 52 232
    16 2 127 241 187 46 222 111 253 249 243 220 28 139 242 4 203 82 108
    47 76 237 0 203 45 87 126 125 103 248 147 147 30 0 226 95 82 126 93
    203 7 83 169 252 84 224 166 85 34 215 243 106 218 107 37 174 79 56
    136 104 38 31 105 207 255 193 222 160 63 98 155 252 115 212 144 198
    162 216 18 105 154 148 238 100 43 162 147 92 102 20 240 167 59 47 36
    150 30 210 12 70 235 9 188 8 253 7 241 107 37 122 60 133 66 78 96
    231 85 40 120 251 88 8 148 111 94 6 133 220 90 162 253 27 188 157
    174 39 223 128 58 32 215 65 123 199 27 95 112 16 88 244 64 106 150
    129 160 182 168 77 85 207 64 239 227 179 92 208 89 81 209 187 42 254
    150 79 159 115 167 114 98 252 143 5 103 93 134 97 27 88 28 143 85 50
    101 194 3 187 28 0 253 161 176 199 42 7 234 16 74 20 228 94 248 79
    94 167 46 122 168 76 58 94 115 105 191 77 142 102 238 197 226 153 79
    5 108 94 44 140 240 225 249 131 254 83 32 108 90 66 59 245 171 124
    249 107 106 32 216 246 21 175 196 75 232 115 237 98 100 139 170 64
    230 164 27 8 2 157 40 165 195 177 168 195 155 151 122 40 121 187 75
    50 109 230 124 194 247 248 149 99 218 101 133 44 35 58 209 244 22 15
    113 219 97 103 17 63 32 105 83 111 21 245 241 182 65 16 90 203 72
    119 52 111 101 26 23 130 111 115 205 198 235 6 34 166 122 103 158
    194 29 82 84 36 167 16 233 16 225 233 222 206 209 29 236 223 159 40
    203 165 213 65 234 234 207 205 204 240 100 49 85 173 216 160 139 168
    79 67 229 17 121 45 222 23 71 25 101 84 188 150 87 124 92 109 209 68
    71 125 176 47 225 69 140 252 8 134 30 117 59 192 228 17 249 228 93
    17 43 69 216 159 82 151 158 159 69 182 229 216 17 246 57 156 174 108
    239 92 225 93 178 30 243 161 195 153 53 177 214 9 151 2 17 242 53
    234 93 253 105 15 5 29 32 236 176 143 167 175 61 64 102 106 198 234
    46 68 75 36 135 204 74 193 227 24 111 186 48 20 68 2 116 35 17 151
    184 193 31 163 49 187 237 37 129 106 235 145 143 189 232 15 38 229
    22 92 141 13 74 183 193 9 34 19 205 35 86 249 60 99 54 135 175 67 13
    206 170 124 224 224 48 123 160 190 227 134 201 44 115 184 192 129 22
    255 150 144 43 76 200 158 228 174 18 156 106 91 114 214 139 78 64 96
    24 180 11 109 23 114 88 184 110 176 250 44 232 193 218 97 19 73 62
    15 72 90 66 113 212 123 1 28 227 36 242 241 6 153 190 46 41 200 183
    235 213 227 0 111 165 172 35 252 82 230 103 101 199 178 207 54 179
    179 142 159 128 5 69 65 238 118 12 51 221 181 87 228 169 72 165 225
    180 179 146 50 101 158 85 41 180 226 126 189 137 164 1 203 129 63 42
    126 96 57 208 161 122 136 74 113 49 75 160 162 76 36 66 190 44 92 6
    47 196 204 55 83 181 153 51 70 93 169 178 46 101 243 111 244 12 53
    163 194 95 176 224 82 145 237 26 77 226 138 249 171 109 0 216 160
    190 126 49 42 56 129 173 166 121 25 114 209 22 36 183 108 165 79 160
    14 137 65 23 108 158 118 38 30 51 7 19 183 8 187 80 205 203 41 251
    181 106 46 7 245 215 45 201 37 237 143 26 196 203 133 169 22 195 4
    124 196 183 110 166 204 75 227 226 160 81 201 171 100 111 210 130
    252 149 125 109 39 144 200 95 22 124 90 249 235 93 209 241 31 242 33
    32 70 37 21 234 19 94 160 109 157 119 80 190 37 227 87 127 192 65
    238 108 113 125 120 14 227 97 168 233 163 234 83 75 7 45 182 237 95
    105 76 226 32 50 160 64 175 99 246 170 210 194 232 68 140 215 229
    187 36 28 156 39 121 52 12 110 187 225 244 76 183 52 152 212 220 28
    254 181 93 75 98 105 137 36 90 117 82 185 142 141 46 85 56 54 55 110
    187 246 129 146 14 187 99 70 59 230 191 119 74 218 78 248 122 178
    212 13 180 5 36 216 160 78 82 52 66 92 151 10 63 209 145 201 46 202
    99 212 94 219 222 247 66 46 161 183 212 152 202 195 205 144 65 173
    170 173 222 23 21 241 179 32 24 43 147 160 107 97 8 42 68 131 11 31
    91 243 180 0 144 137 173 42 46 136 25 34 71 202 93 113 44 137 109 99
    157 77 22 14 113 122 240 190 138 147 54 28 14 95 78 237 210 251 159
    163 97 186 110 145 106 74 241 244 53 45 81 110 77 169 56 25 118 88
    156 146 82 57 208 93 24 182 166 73 1 87 207 195 246 133 105 125 172
    181 88 186 251 227 169 100 185 12 70 153 214 139 204 206 56 8 93 124
    255 85 33 228 238 227 232 119 17 185 8 68 45 27 95 127 130 194 69 75
    22 139 115 52 148 40 181 142 63 189 13 49 144 150 156 95 81 6 89 7
    140 240 145 25 87 153 77 73 60 88 137 252 88 249 85 24 106 90 84 196
    68 214 241 81 245 254 108 18 92 70 156 68 137 122 210 159 131 37 219
    197 115 153 73 56 79 193 97 148 161 86 153 234 4 22 0 80 147 10 255
    86 11 39 100 101 254 24 178 203 110 82 37 109 36 186 238 80 172 95 2
    148 26 143 230 44 139 151 69 225 43 37 18 213 195 70 29 255 133 130
    29 106 166 15 191 124 62 171 68 211 220 164 33 124 30 90 20 91 47
    115 102 35 98 241 110 57 82 87 32 159 144 209 231 221 188 154 215
    253 65 68 182 86 180 133 170 153 142 223 191 141 124 227 231 229 120
    208 0 77 19 30 32 191 176 96 59 252 218 70 92 213 96 12 63 153 164
    212 197 56 51 192 236 129 163 239 45 141 22 235 145 166 238 37 238
    162 99 31 17 253 64 143 42 193 6 152 54 55 55 81 183 57 56 0 165 159
    78 139 71 145 160 250 171 202 3 242 228 166 164 102 206 73 196 139
    244 119 112 123 104 206 92 189 179 204 189 76 12 3 65 229 43 161 22
    195 82 171 26 143 97 161 167 61 175 21 153 117 71 46 56 229 242 174
    153 75 202 153 125 190 112 185 102 213 246 101 2 235 23 120 0 82 47
    25 3 28 4 235 241 84 39 170 123 176 151 30 154 177 113 22 38 4 176
    218 50 142 152 135 228 141 81 141 169 19 168 93 205 30 204 191 166
    126 39 245 193 95 92 142 203 86 221 190 128 161 55 155 100 125 54 11
    26 229 190 212 60 145 83 190 145 123 127 108 143 251 2 35 164 125
    205 94 98 227 236 24 202 82 60 214 27 2 65 218 251 1 191 38 72 41
    164 217 186 22 171 10 219 188 75 47 206 115 59 207 239 68 170 83 83
    6 21 101 75 2 211 91 86 125 155 202 8 78 192 140 97 240 32 150 41 12
    155 66 168 105 110 215 68 202 26 30 135 128 232 0 118 162 51 121 176
    112 195 255 218 126 14 67 186 235 73 153 170 200 216 6 127 37 141
    192 90 72 232 99 17 11 236 115 146 196 144 97 92 130 3 12 101 18 205
    102 190 38 161 188 122 27 185 172 238 18 204 254 74 222 90 191 6 22
    206 248 248 150 154 95 255 13 185 220 62 151 26 6 234 206 210 163
    144 216 193 141 84 238 158 234 159 174 130 48 249 93 71 83 210 146
    114 97 5 180 176 255 82 22 63 214 0 19 57 170 9 232 85 53 169 251 94
    197 41 157 87 75 33 225 174 247 63 22 19 246 105 249 8 112 141 196
    67 224 173 163 255 90 155 121 84 35 188 223 182 121 155 6 49 203 227
    126 164 35 241 139 101 232 155 216 244 99 133 81 213 238 245 143 132
    27 112 40 190 3 27 32 80 61 121 214 209 115 68 249 94 231 223 253 38
    108 18 115 241 175 20 2 61 105 190 72 185 65 42 122 45 149 34 200 22
    106 148 245 79 181 79 42 100 55 208 142 137 135 49 196 128 88 141
    110 100 132 127 128 50 37 254 52 77 35 57 110 22 123 56 226 194 245
    26 179 60 90 52 178 89 49 99 55 184 47 171 143 213 211 33 4 66 14
    250 66 183 223 135 199 104 85 206 237 106 150 43 155 168 162 143 133
    9 248 83 33 242 98 238 9 76 12 115 125 84 68 149 20 10 171 147 49 72
    63 85 230 6 165 152 121 160 97 157 19 186 171 48 29 41 245 26 124 59
    207 65 111 115 193 147 107 124 84 197 198 58 7 55 102 146 23 248 253
    202 255 218 124 8 85 118 42 79 124 140 145 2 142 45 76 98 116 84 7
    21 112 75 208 47 33 145 67 144 32 14 64 161 72 26 188 23 165 217 152
    127 97 105 194 150 156 75 243 116 89 242 83 245 215 136 79 89 190
    142 213 33 29 55 232 111 15 161 84 245 106 194 204 230 231 80 43 169
    11 0 163 236 233 26 35 150 206 167 150 173 215 102 16 120 49 23 167
    71 7 121 251 11 149 11 213 141 150 167 22 43 97 15 37 137 98 186 12
    155 231 9 175 77 179 112 222 135 183 109 167 195 161 47 194 47 121
    195 90 100 34 95 58 134 218 163 192 139 248 124 179 249 228 2 228
    178 190 253 69 178 139 145 23 55 112 98 73 106 124 161 235 118 98
    171 60 9 67 78 21 99 38 7 139 79 224 37 161 209 169 123 51 33 13 52
    180 38 210 39 144 186 242 235 61 107 174 165 33 88 25 77 51 50 219
    24 111 83 74 202 134 175 150 205 156 196 231 19 193 227 214 177 190
    252 68 36 190 142 165 7 71 221 152 166 193 96 110 227 248 192 198
    250 145 175 246 65 137 145 101 153 169 249 237 13 238 123 47 80 28
    222 219 155 219 91 33 52 33 222 219 73 167 169 41 190 100 126 244 89
    20 14 113 195 49 105 3 137 252 248 100 196 152 104 28 163 248 79 105
    61 222 35 231 145 241 189 223 255 124 169 252 72 231 173 13 93 161
    246 104 199 31 48 85 101 28 237 239 135 225 180 56 244 31 42 91 119
    224 9 78 61 43 225 187 116 43 52 114 132 53 148 106 70 244 182 244
    72 148 48 164 38 119 67 94 156 16 72 135 151 172 9 185 15 114 119 60
    192 113 230 218 200 96 224 227 103 145 174 17 41 77 95 160 67 92 204
    228 220 139 170 47 200 42 194 57 183 8 146 205 184 130 30 38 25 162
    94 124 222 254 127 181 27 71 204 215 172 39 32 197 92 100 48 87 52
    117 127 176 229 39 166 187 34 75 109 234 118 130 168 143 252 166 102
    21 71 202 232 75 21 26 139 161 110 115 76 39 75 205 88 174 197 208
    108 122 224 136 136 190 35 179 27 100 71 250 187 85 220 218 173 203
    122 245 180 127 94 159 136 86 107 128 240 250 170 44 77 101 80 155
    118 110 148 217 157 73 42 252 216 65 191 60 183 129 158 190 129 40
    76 45 116 56 59 225 9 15 158 35 192 52 157 201 190 63 84 201 53 46
    53 245 113 196 56 159 33 155 198 233 41 61 69 175 51 135 36 71 23
    122 57 63 99 170 27 75 191 70 165 181 99 6 167 188 89 159 128 32 193
    40 125 40 35 225 169 26 80 154 147 51 89 35 252 171 62 143 111 86 64
    106 201 123 41 96 134 51 253 97 144 212 10 154 194 138 21 99 194 19
    159 222 162 50 174 99 190 218 33 128 232 116 85 94 223 206 228 188
    125 118 75 41 173 101 180 195 23 52 252 45 129 37 111 43 92 15 47 13
    21 155 137 200 97 8 77 155 120 204 149 165 216 120 13 142 113 94 252
    95 193 156 240 151 69 2 152 228 139 124 34 177 121 122 99 109 101
    216 203 197 100 247 147 17 58 201 221 105 36 252 204 173 225 214 8
    99 188 4 90 203 255 248 165 107 95 229 184 119 107 35 177 16 52 134
    11 251 100 22 85 186 223 222 8 133 110 130 26 54 219 42 141 135 93
    113 114 203 84 182 164 181 249 216 230 206 42 79 88 168 176 50 9 174
    109 70 133 247 244 231 7 203 80 209 20 98 83 11 84 169 21 254 50 174
    251 99 158 9 228 128 139 12 119 7 187 17 178 143 164 47 18 6 255 93
    214 105 240 103 93 56 34 191 137 205 207 14 82 124 169 246 47 139 61
    68 104 224 252 46 114 128 109 220 65 182 145 46 50 234 235 210 99 44
    63 184 102 201 135 65 208 33 245 36 0 135 98 79 97 229 228 144 135
    147 127 229 222 150 195 239 197 40 42 16 190 158 101 184 140 133 202
    176 152 117 210 105 140 87 138 97 31 165 84 225 205 155 96 146 249
    39 251 221 16 176 125 104 9 86 49 91 69 121 189 237 118 203 181 151
    177 255 92 131 115 29 48 16 231 61 244 99 168 94 6 111 78 6 32 57 68
    18 140 38 191 45 170 66 138 227 184 217 96 159 210 240 232 94 157
    231 117 24 121 236 216 0 149 78 107 109 157 11 18 117 255 54 240 234
    241 58 238 20 179 97 59 207 209 1 115 150 152 187 149 13 53 198 177
    107 232 167 207 32 125 41 146 16 87 64 85 153 248 218 176 34 81 3 79
    119 60 95 241 161 40 2 184 174 223 122 231 224 173 142 221 59 196
    104 127 147 143 88 199 234 126 181 65 37 154 16 110 123 108 21 191
    204 35 202 4 66 91 61 132 219 24 147 78 56 216 124 186 221 14 120 82
    247 41 170 27 128 226 161 206 59 11 62 133 129 62 169 230 188 108
    188 80 200 4 90 199 193 14 224 212 114 199 68 81 62 164 76 25 1 37
    147 106 204 87 214 60 66 65 224 230 234 199 59 248 221 182 29 147 12
    252 250 69 217 178 227 0 125 95 82 150 133 223 196 82 32 47 161 201
    65 110 168 30 221 131 188 50 193 95 121 139 77 144 119 28 153 135
    172 251 52 87 111 63 55 248 235 82 146 136 65 25 80 236 182 176 83
    232 181 100 141 34 189 135 77 9 28 236 137 249 68 118 155 89 222 80
    134 139 43 205 11 178 13 79 175 49 13 162 69 117 116 125 196 43 6 65
    117 99 14 12 165 53 223 25 0 212 194 107 232 235 174 210 18 91 167
    22 203 35 125 64 27 163 167 118 121 2 206 0 229 170 215 249 89 1 166
    16 195 66 47 88 56 245 203 30 156 218 23 2 194 19 186 88 9 108 174
    59 156 238 216 108 196 101 3 55 78 224 69 203 192 214 3 239 161 169
    144 112 190 201 165 245 230 94 104 216 65 21 150 233 225 168 238 46
    175 84 73 87 3 43 21 228 86 20 216 234 121 8 165 234 117 153 59 46
    44 55 1 218 239 90 11 93 108 34 212 194 26 38 103 24 241 73 23 37 39
    14 122 54 60 97 206 187 42 187 65 104 72 252 102 243 163 48 103 144
    70 248 251 87 29 125 28 86 178 251 243 152 123 150 44 8 218 172 134
    84 110 70 174 35 151 175 20 1 210 234 120 171 208 176 66 176 179 240
    114 86 226 223 139 34 189 229 125 205 14 31 198 121 150 120 118 91
    208 204 66 214 123 218 177 115 140 221 122 8 167 188 30 110 170 19
    122 109 144 141 254 109 18 150 73 125 10 168 0 35 90 189 246 34 2
    129 244 179 194 127 214 102 88 111 8 7 199 163 196 147 111 68 207
    237 141 174 43 96 208 4 132 25 46 193 118 25 210 139 104 30 108 5
    135 143 41 201 111 229 155 13 110 245 51 147 49 133 53 219 104 239
    102 16 18 178 196 241 78 178 225 212 125 138 105 244 132 26 224 87
    217 215 128 108 80 53 31 188 233 179 189 114 53 242 191 140 111 36
    121 28 170 37 160 253 195 158 68 231 162 141 2 130 125 235 0 188 4
    52 240 60 63 5 203 168 138 90 142 168 188 95 55 62 76 21 231 42 105
    69 76 36 51 205 67 224 11 157 192 5 170 153 111 221 103 195 50 85 4
    104 160 170 232 225 23 126 80 47 217 38 162 36 190 32 164 24 34 233
    90 177 248 90 248 124 133 113 229 59 202 103 199 82 128 70 184 205
    164 236 59 246 163 30 180 174 159 64 198 219 206 194 70 217 118 191
    233 47 205 117 232 132 140 47 140 218 54 26 51 148 56 211 89 36 126
    27 175 242 181 209 186 41 175 233 69 191 28 30 162 180 173 23 89 2
    181 154 95 166 215 237 97 229 41 63 12 70 218 252 109 154 209 99 167
    62 237 130 83 204 99 112 249 83 77 43 181 20 194 231 51 112 31 182
    121 129 232 42 158 102 137 92 107 249 138 58 52 36 243 106 129 166
    16 182 82 106 127 230 9 19 211 145 225 186 86 153 151 229 111 10 155
    89 3 11 12 109 12 249 91 223 73 9 154 158 41 255 42 157 221 80 62
    225 52 49 128 124 216 43 65 198 209 65 99 117 96 158 3 99 90 136 216
    175 35 39 90 185 198 94 202 78 139 128 5 45 135 84 137 121 146 252
    238 155 103 117 203 144 215 139 232 153 56 143 123 47 110 163 61 183
    209 96 185 244 139 176 206 60 133 212 221 85 157 5 140 131 210 23
    139 22 254 91 227 119 243 37 211 100 241 100 251 202 37 168 239 214
    160 172 83 17 70 1 212 84 67 120 205 125 215 253 71 50 35 66 225 7
    114 79 191 202 1 92 228 235 132 131 90 231 190 208 160 44 156 153 28
    62 40 43 48 149 112 61 165 15 193 80 114 178 198 189 92 20 34 233
    199 217 223 35 20 52 2 58 185 129 239 113 169 27 77 111 74 171 200
    31 185 144 56 27 216 118 134 228 22 182 195 134 125 119 20 240 148
    248 115 77 116 55 228 84 217 140 3 227 51 134 84 113 35 157 227 103
    5 158 43 22 161 84 201 219 174 79 182 82 91 220 226 188 156 228 173
    206 119 204 193 107 222 163 88 137 33 173 245 112 252 102 219 131
    185 113 243 228 255 45 225 202 157 239 90 57 153 115 150 60 172 250
    217 110 43 15 137 43 12 214 75 131 188 142 232 235 40 65 222 229 85
    183 124 155 17 66 152 162 29 121 117 140 130 180 59 110 168 231 85
    73 197 38 46 67 160 19 100 34 40 252 4 33 130 200 230 38 91 28 145
    44 164 128 192 35 212 14 216 138 27 231 3 35 78 39 207 110 112 38
    113 206 76 238 76 51 235 109 13 206 207 102 156 36 151 24 159 134 38
    239 98 65 138 126 62 253 181 87 190 34 2 171 120 218 84 115 7 90 41
    251 106 251 253 44 179 15 202 124 118 5 165 116 210 125 155 128 59
    223 133 255 54 3 202 84 42 247 52 129 69 151 53 93 40 229 221 236 90
    106 132 143 193 145 36 18 174 36 118 59 4 164 54 171 196 32 53 72 59
    103 2 244 14 50 142 75 139 29 250 190 37 94 171 101 128 146 102 250
    181 104 192 226 27 116 94 83 145 132 30 95 164 101 252 236 35 130
    195 28 161 206 98 143 154 218 71 189 249 80 73 181 104 238 0 76 175
    113 159 111 109 214 245 208 207 160 151 4 39 58 175 182 102 97 98 2
    30 60 195 156 169 216 145 125 136 196 22 240 172 166 32 198 152 135
    224 234 22 196 189 95 87 214 107 90 236 84 188 26 115 152 163 25 116
    126 146 74 101 161 8 40 89 190 235 190 112 32 139 214 166 58 174 99
    38 99 98 84 190 8 51 239 84 6 246 156 217 101 175 28 225 24 217 211
    183 0 74 110 162 144 162 47 231 75 25 173 146 147 97 47 109 151 170
    254 143 83 254 244 200 225 100 251 33 52 12 19 26 198 137 54 228 84
    220 107 210 117 110 100 100 247 38 123 21 54 49 4 183 121 109 80 70
    60 114 186 179 100 253 104 160 252 176 252 199 54 203 225 209 30 34
    160 152 204 163 91 36 122 53 33 95 16 12 66 11 104 98 110 207 91 213
    224 204 76 210 213 101 64 36 14 210 62 133 18 251 72 228 51 158 149
    222 126 32 242 193 28 13 224 28 49 236 200 219 236 95 63 253 128 19
    199 118 127 92 101 98 204 253 41 73 150 92 104 141 93 107 190 65 183
    69 248 65 116 61 114 70 176 27 191 173 198 65 204 69 206 75 160 95 9
    200 244 52 59 66 221 9 209 165 32 155 151 22 102 255 148 80 80 226
    152 132 98 18 82 205 253 141 3 185 82 187 105 106 53 72 41 72 186 23
    197 76 75 183 159 132 30 27 6 0 90 57 183 153 76 247 129 41 22 156
    121 242 120 201 198 97 161 31 87 113 54 72 18 62 10 43 214 1 220 160
    169 104 180 74 193 103 25 197 58 245 13 79 72 108 200 196 101 43 21
    228 75 163 73 93 107 93 168 211 149 118 127 96 163 195 192 99 242 12
    224 219 1 136 11 60 200 48 130 19 163 73 101 23 54 221 118 47 108
    112 42 169 33 15 189 125 22 90 102 91 176 79 46 28 178 245 145 119
    115 70 217 31 176 58 251 118 234 185 180 221 217 151 235 112 212 210
    81 242 12 105 102 203 151 2 143 241 142 17 253 109 180 243 220 245
    222 133 212 208 64 1 31 72 71 99 243 231 132 58 79 171 246 139 34
    124 18 197 34 157 209 220 95 253 108 10 243 95 192 198 205 226 135
    55 49 182 50 225 141 116 88 236 155 247 154 145 43 211 35 154 4 14
    215 12 45 247 70 147 58 146 226 170 40 91 125 6 23 213 179 143 145
    67 98 231 241 129 0 174 145 194 244 80 253 63 56 211 236 126 181 38
    196 3 19 92 65 90 248 229 124 225 226 141 93 75 149 196 204 212 115
    151 197 129 166 114 241 246 8 57 118 137 85 94 27 207 216 30 196 192
    174 135 148 255 132 79 5 27 7 83 72 133 17 201 219 125 117 126 197
    93 34 68 117 250 182 89 58 49 222 128 162 211 252 153 141 18 141 75
    82 78 181 63 31 36 208 153 89 208 129 169 50 71 179 229 80 216 54
    231 20 240 57 216 72 126 61 47 77 113 162 69 193 120 235 49 55 246
    234 245 99 92 86 136 89 103 239 75 250 223 109 183 45 39 17 64 189
    202 196 16 88 125 186 252 193 184 172 38 162 23 196 178 199 120 43
    183 21 231 186 37 99 157 116 168 82 214 94 117 138 195 30 20 195 240
    152 239 102 153 148 188 141 236 145 77 164 106 191 251 124 40 76 69
    167 77 69 51 76 141 8 245 21 190 101 120 154 128 67 25 199 243 4 98
    190 32 240 156 184 210 217 123 183 222 118 198 205 38 232 71 204 22
    250 122 130 123 132 6 73 210 46 73 160 102 111 117 204 92 97 51 60
    131 197 144 20 95 14 167 135 162 163 103 140 215 118 189 72 190 243
    107 43 81 141 197 195 167 44 104 116 199 45 71 88 180 124 86 118 12
    75 129 119 87 168 199 53 39 16 50 121 139 114 243 13 73 188 137 254
    31 225 175 80 251 60 99 144 100 207 120 124 67 169 139 10 106 96 26
    116 144 170 160 48 111 166 66 242 235 28 112 233 137 143 81 42 69
    255 198 30 49 37 130 251 21 205 94 228 45 124 18 89 29 163 69 165
    112 140 79 245 119 46 63 8 46 163 154 102 141 105 118 143 86 220 163
    90 65 25 228 252 97 78 145 157 57 41 23 144 224 110 171 139 33 18
    109 149 236 32 213 249 110 54 9 121 75 254 190 49 193 212 160 127 34
    74 75 178 99 115 189 190 48 224 71 177 18 20 72 29 41 69 235 16 29
    162 107 126 147 167 112 157 47 247 248 214 206 242 141 162 241 143
    153 95 116 149 154 160 192 33 22 146 117 22 232 45 59 188 52 248 239
    94 227 189 175 173 25 46 57 190 95 185 163 195 8 121 236 83 223 222
    185 0 160 206 181 26 46 48 22 52 10 105 184 34 173 92 203 103 84 196
    6 59 67 220 130 1 80 175 4 0 75 236 30 240 209 153 186 110 31 98 13
    184 251 1 121 246 91 174 189 195 155 65 61 255 94 185 184 179 12 34
    139 26 9 108 213 134 216 14 18 53 200 63 90 120 43 120 223 63 61 141
    125 153 128 104 121 164 26 55 127 172 194 139 43 78 0 111 195 224 89
    224 92 248 14 41 63 230 211 124 161 6 163 171 199 180 153 210 183
    114 83 150 148 76 225 115 155 73 156 113 132 196 21 150 224 65 128
    242 139 114 38 218 160 133 41 39 19 91 55 76 144 211 8 90 246 114
    129 200 144 119 92 214 107 104 184 208 177 28 201 161 51 229 232 105
    223 143 43 160 9 179 235 240 105 85 250 241 192 237 69 233 118 246
    146 148 99 195 76 124 70 19 255 23 255 246 45 155 176 78 86 190 127
    22 152 67 17 187 119 190 9 244 191 128 185 41 201 193 175 1 95 86
    187 153 88 203 187 190 175 133 180 242 212 12 198 113 28 118 57 124
    71 121 35 178 100 158 56 198 10 85 209 42 116 30 190 253 254 112 69
    119 96 165 249 87 114 99 253 32 34 153 184 133 201 196 201 91 92 91
    30 68 101 86 42 91 70 181 249 75 30 189 124 77 160 180 16 40 34 245
    4 197 235 211 53 7 24 190 240 166 69 163 208 173 173 157 39 33 132
    55 166 171 123 205 152 165 229 29 39 239 172 193 6 76 212 48 102 198
    250 66 197 242 248 106 133 48 10 75 7 252 159 15 209 0 52 145 187
    181 238 130 17 191 109 219 29 181 83 255 32 240 58 215 21 17 162 66
    55 45 209 163 92 137 206 243 63 37 175 241 173 68 44 75 114 25 58
    119 246 147 15 28 175 183 251 75 221 227 36 39 235 7 161 64 37 158
    36 141 191 124 93 174 71 40 196 58 22 197 203 129 227 200 147 232 39
    44 48 18 123 143 22 222 120 87 70 239 39 171 119 42 36 40 125 190 23
    239 115 193 71 165 94 59 196 31 174 27 8 109 228 85 165 227 229 96
    131 65 233 224 181 234 165 98 243 209 227 248 220 84 141 69 86 184
    212 82 66 152 52 112 140 13 128 113 82 103 128 86 192 230 54 84 168
    18 131 162 49 188 87 178 29 132 218 74 8 135 180 181 8 151 211 44
    217 222 215 46 52 179 123 138 41 213 90 230 56 78 92 211 40 190 3 83
    211 166 124 9 127 75 207 89 235 42 191 81 19 156 252 173 253 224 43
    156 142 108 179 48 185 84 96 40 99 186 71 21 69 226 101 127 36 71 25
    252 246 241 229 124 71 126 142 157 21 19 253 150 44 235 55 103 230
    192 95 186 128 53 8 252 137 127 61 228 180 81 214 193 4 228 151 204
    10 18 16 116 208 95 118 166 117 124 105 204 235 255 118 97 202 173
    171 60 206 81 35 150 32 50 139 114 70 185 73 53 221 131 212 110 224
    58 91 66 171 61 238 199 214 88 149 6 20 135 186 241 36 82 212 55 175
    174 83 75 67 2 7 9 148 183 174 207 48 110 254 67 15 140 193 115 64
    150 89 160 152 199 154 82 147 17 34 15 38 238 103 207 191 191 46 197
    251 99 27 201 89 21 183 244 224 148 83 152 41 101 68 214 83 126 152
    2 248 87 3 97 153 182 178 253 140 143 82 139 125 177 52 72 42 192
    143 127 124 172 72 211 186 136 193 105 252 252 23 156 215 1 87 40
    197 26 99 140 127 129 210 100 152 240 176 198 50 18 33 7 113 167 78
    188 240 10 140 121 202 15 94 207 249 126 91 130 101 184 10 186 230
    44 254 32 59 38 77 38 30 182 79 5 3 240 16 15 55 18 94 33 168 30 221
    128 68 143 49 247 159 2 9 113 212 206 51 131 197 199 202 220 145 169
    226 139 131 207 55 39 73 251 80 158 201 210 85 53 118 157 218 118
    144 33 49 115 242 53 151 181 159 207 6 184 239 11 199 162 87 14 169
    127 235 85 104 202 16 158 237 137 215 141 159 113 92 7 191 217 57
    145 33 191 155 176 166 58 242 174 75 24 65 108 10 238 10 179 211 7
    235 229 204 210 192 225 86 189 53 194 92 89 102 33 96 55 134 188 109
    181 171 5 222 240 129 148 225 1 91 105 143 188 169 77 144 234 231 1
    28 131 132 71 35 23 158 111 168 132 22 94 16 240 194 51 20 173 160
    87 87 40 83 185 130 146 59 240 81 113 176 29 178 241 154 168 163 142
    29 137 222 116 237 110 44 0 17 129 73 134 32 180 34 231 82 222 27 73
    169 62 97 168 30 231 131 153 242 134 49 149 51 166 138 53 161 34 234
    148 33 48 20 14 17 85 237 187 180 140 36 74 249 139 200 171 76 114
    35 54 97 171 222 57 47 243 87 184 11 183 41 207 249 63 226 159 118
    127 190 124 30 97 208 211 202 211 11 75 51 180 121 29 28 205 195 64
    4 10 113 246 24 168 19 237 204 95 168 105 94 96 185 86 202 99 25 65
    107 18 100 239 72 208 125 124 229 50 82 110 216 64 248 239 166 2 233
    0 60 54 174 132 155 70 109 7 204 81 97 149 34 201 214 64 79 69 101
    152 224 98 19 243 197 83 230 230 74 108 150 120 14 38 223 23 32 123
    208 156 68 69 200 35 232 203 104 92 75 142 189 51 1 247 127 89 141
    122 240 238 232 112 70 108 103 65 54 233 160 111 193 96 47 138 63
    240 2 236 79 220 134 8 219 112 197 32 120 219 132 152 72 93 95 184
    31 245 106 93 96 153 99 16 173 220 106 65 49 17 251 215 76 87 243
    121 247 127 104 203 72 115 156 151 48 242 168 80 182 31 23 41 131 66
    44 248 108 213 136 61 142 109 29 104 200 252 33 52 119 129 67 136 16
    233 138 196 95 109 161 196 182 62 146 204 220 230 109 9 123 108 22
    149 37 155 61 98 187 1 21 64 197 99 198 148 85 76 244 43 90 225 63
    226 150 39 106 90 107 117 196 126 162 48 23 210 119 65 130 143 191
    15 107 42 117 50 112 130 149 111 210 103 198 247 134 187 200 208 126
    179 155 174 194 228 246 14 85 7 44 245 122 10 252 206 141 242 170 63
    195 106 228 169 74 243 239 99 65 119 106 230 240 253 46 222 62 236
    137 183 242 189 117 140 67 16 151 229 241 98 226 211 42 65 13 131 45
    144 133 197 217 82 33 240 110 115 72 159 168 201 101 30 215 120 195
    135 144 255 192 7 81 166 117 216 60 181 93 97 40 218 106 150 221 224
    204 0 118 1 54 67 45 93 125 47 119 0 46 29 35 62 80 129 109 192 18
    100 58 108 94 153 2 154 219 180 126 60 90 104 33 156 78 155 120 29
    195 64 94 42 39 19 75 15 217 160 5 73 108 183 167 227 172 118 223
    202 193 254 181 8 252 76 218 38 204 236 194 10 77 61 17 217 137 171
    195 221 244 32 48 22 168 28 184 205 234 52 34 31 204 218 223 238 177
    72 192 124 96 75 210 126 193 59 246 76 96 24 52 98 2 172 183 69 129
    70 106 100 216 213 196 154 189 179 234 107 220 29 69 228 57 85 9 135
    121 217 180 240 211 195 227 150 140 11 248 123 154 153 237 205 52
    139 203 98 249 181 69 252 228 11 45 48 242 161 25 15 179 122 230 249
    6 150 37 141 127 85 75 186 39 208 33 4 246 81 17 243 45 29 235 176
    116 129 63 135 26 125 166 190 96 243 110 81 172 31 244 179 76 102 20
    42 89 112 144 3 225 252 203 5 141 178 150 83 237 140 65 25 167 215
    112 237 242 194 100 220 254 78 33 227 214 126 19 23 244 55 186 211
    33 37 86 132 59 9 41 100 172 101 5 182 130 10 252 56 82 251 104 232
    116 205 186 45 191 33 171 215 40 120 21 29 206 88 73 147 252 33 27
    165 231 77 11 253 127 138 133 213 27 33 105 14 178 248 155 84 121
    246 11 81 196 119 155 252 185 33 55 165 60 4 174 63 128 175 105 147
    144 179 63 15 174 149 80 122 83 159 163 101 101 172 10 83 225 119
    128 6 141 152 70 184 197 140 193 168 36 179 44 160 178 52 135 36 119
    219 201 185 26 158 118 191 44 200 85 38 37 39 65 72 78 110 246 163
    244 122 139 175 119 125 10 13 0 130 113 99 44 120 90 210 15 75 68
    199 165 117 94 254 14 231 5 4 44 238 177 211 144 8 201 84 10 207 226
    118 246 178 154 80 253 71 19 199 129 121 4 89 138 154 244 212 163
    199 153 247 168 133 212 251 152 120 111 154 37 186 153 5 116 206 218
    231 219 59 93 224 25 104 132 149 181 155 38 187 88 94 65 120 47 117
    45 39 216 218 69 239 77 209 129 157 197 222 252 92 87 165 62 175 105
    24 248 100 125 163 232 70 166 17 252 113 140 207 72 91 178 169 23
    219 63 154 223 64 112 143 88 211 237 151 102 140 197 181 7 241 112
    111 57 129 156 208 161 24 46 29 178 125 61 201 114 160 28 31 53 192
    93 248 149 112 52 184 45 86 25 119 254 45 4 243 183 14 243 240 191
    144 224 58 192 163 103 181 196 197 183 175 249 214 205 41 133 58 217
    5 72 122 98 163 57 130 134 84 33 252 19 52 63 216 94 25 199 16 86 29
    107 198 108 111 246 196 194 3 180 202 93 172 57 36 255 37 185 51 164
    105 176 77 142 221 66 83 91 180 146 125 218 160 156 126 235 204 189
    195 136 247 68 156 67 153 179 46 216 102 79 126 45 25 81 96 203 148
    118 100 138 186 135 107 149 103 210 169 136 199 55 62 35 68 125 127
    118 163 48 85 196 239 199 40 240 95 96 29 161 88 121 174 79 92 31
    162 78 233 141 94 233 204 44 42 159 255 5 122 15 81 29 47 231 253
    130 30 254 80 215 74 238 215 211 76 179 151 236 232 7 101 117 159
    145 134 63 39 30 138 213 73 90 65 50 170 110 129 251 161 209 107 253
    165 28 202 26 26 32 83 15 223 188 9 239 49 240 40 172 193 243 87 10
    232 113 36 6 217 238 152 39 43 19 179 181 4 86 99 223 22 96 83 223
    14 206 115 197 140 135 55 157 249 130 131 88 135 33 133 92 195 213
    56 119 167 163 151 127 183 141 235 33 94 204 196 14 13 237 190 42
    162 151 166 125 126 29 119 191 108 96 233 86 45 85 166 185 57 85 202
    117 127 121 234 189 226 8 159 120 180 234 109 14 113 181 82 169 106
    215 50 198 197 116 146 190 145 18 142 105 142 221 54 211 85 86 32
    244 42 177 98 110 174 239 111 176 107 151 236 36 45 107 57 134 244
    237 145 142 106 131 237 113 186 203 111 222 25 48 103 173 231 236
    123 147 25 124 116 108 8 22 182 153 40 167 197 0 47 116 67 239 181
    97 225 142 201 102 38 9 64 118 68 195 16 214 6 61 146 56 87 242 94
    103 100 201 177 227 7 29 173 121 54 115 130 124 232 54 238 111 242
    16 95 58 146 187 92 19 25 86 177 111 255 168 38 108 56 170 237 55 66
    137 196 164 154 248 59 94 24 117 40 221 252 72 38 181 203 65 50 206
    35 4 7 6 63 112 112 167 135 9 38 179 117 246 194 119 120 20 113 191
    193 186 255 242 66 225 89 10 113 58 129 116 194 157 126 106 17 57
    172 83 218 212 63 201 141 45 152 110 70 249 105 188 25 157 2 235 110
    30 183 200 12 115 226 152 170 58 237 61 248 66 11 221 219 171 107
    244 183 11 233 120 177 13 176 239 100 175 250 189 57 108 168 79 84
    41 175 208 99 251 189 188 190 118 93 103 186 228 90 46 74 0 3 212
    197 40 100 96 188 45 192 45 200 98 238 217 28 180 24 239 195 194 214
    42 174 38 141 119 230 116 213 127 113 218 19 147 165 171 5 34 217 41
    212 41 81 120 221 83 25 234 172 40 123 32 195 154 224 106 229 206 27
    38 126 176 23 104 240 254 35 222 115 126 255 58 67 73 152 121 209
    227 250 204 167 91 63 6 68 247 201 219 116 225 77 112 205 189 232 49
    8 242 215 174 196 95 102 215 232 6 209 27 93 127 206 47 135 82 46 68
    248 79 78 217 105 201 33 246 233 36 198 201 193 56 8 62 31 196 109
    77 55 249 233 0 28 131 34 108 116 214 211 246 222 113 157 31 12 162
    43 36 194 82 251 232 74 123 163 187 11 151 51 118 177 252 22 27 170
    144 204 12 147 94 10 0 46 226 144 189 251 173 124 168 232 39 191 124
    121 199 96 1 177 167 170 66 129 24 105 87 71 172 249 78 49 164 156
    37 206 201 65 56 53 155 199 1 134 56 106 3 103 214 181 240 61 244
    172 71 245 226 163 203 120 232 247 204 170 172 150 27 39 102 65 77
    140 222 104 85 105 81 135 147 139 134 110 43 172 160 157 195 15 158
    188 237 180 28 224 101 139 81 176 252 205 69 107 42 39 97 171 222
    244 76 255 210 247 133 180 32 168 81 64 35 108 35 38 56 202 47 243
    106 80 213 35 226 164 86 74 23 92 131 15 182 213 125 161 166 211 100
    239 245 89 61 218 8 54 159 163 253 172 182 213 181 88 246 70 74 88
    182 5 232 72 74 108 173 160 186 171 143 244 2 109 155 43 105 196 223
    127 211 164 210 191 13 121 229 103 59 80 253 232 61 250 48 91 149
    115 161 15 147 41 26 46 126 191 110 157 120 247 23 87 91 87 213 106
    226 98 247 168 73 99 30 242 228 153 101 0 61 146 96 248 159 211 184
    33 188 206 10 216 226 45 86 191 87 39 58 217 20 11 112 169 62 74 59
    223 71 95 151 159 166 227 179 216 199 62 172 120 106 85 30 96 8 18
    82 166 181 251 90 201 20 132 184 247 233 227 118 172 76 24 87 117
    189 55 190 133 192 177 72 10 13 149 133 195 146 209 7 156 156 119
    225 222 103 53 194 12 156 134 183 94 143 226 252 248 203 100 136 42
    248 18 182 207 90 79 185 154 14 184 126 156 123 76 69 31 185 136 223
    181 120 194 116 136 130 149 169 71 255 2 194 160 65 194 251 88 97
    122 215 55 91 55 231 238 189 236 251 188 85 123 146 16 198 136 152
    180 172 235 165 147 159 52 19 61 121 214 103 90 15 230 255 234 226
    195 82 161 150 35 124 87 103 133 246 26 229 246 102 84 71 178 0 210
    241 16 74 114 137 136 101 138 53 93 79 108 222 195 100 186 102 52 88
    236 163 66 143 193 69 155 170 41 100 117 99 100 110 217 75 78 85 61
    119 215 233 33 56 67 56 75 150 54 220 157 236 68 145 91 93 96 124
    240 147 33 206 165 189 49 106 197 200 198 173 189 129 221 80 7 194
    217 127 193 228 173 10 142 46 187 105 20 214 157 147 217 155 103 67
    209 117 221 212 183 124 2 173 34 227 199 127 177 68 200 199 147 105
    219 27 221 114 78 21 175 103 226 162 168 255 170 11 189 157 215 221
    165 203 63 1 36 146 249 132 223 189 85 141 37 90 154 240 41 227 12
    167 255 212 193 10 211 199 175 117 114 215 127 50 210 237 124 80 234
    217 127 156 105 245 230 44 55 204 134 198 25 27 81 151 201 119 80
    234 154 114 170 10 131 0 24 156 54 113 183 115 230 52 154 57 146 95
    75 39 47 216 176 219 43 94 46 218 158 5 217 29 56 67 27 93 150 233
    200 21 181 152 97 178 58 253 136 183 58 9 136 83 76 241 33 6 180 72
    88 176 131 217 206 81 127 88 112 74 59 54 50 121 123 51 163 239 149
    58 20 194 144 88 126 18 113 204 210 156 117 169 9 127 43 232 198 86
    94 131 83 149 27 169 88 217 163 236 78 29 24 252 120 161 241 215 138
    126 223 209 210 219 7 70 252 69 131 26 211 35 30 106 154 187 170 31
    49 91 5 5 236 191 61 76 210 49 148 187 209 218 170 159 119 97 160 86
    114 224 18 71 219 171 151 19 33 74 51 35 174 112 202 126 217 23 112
    170 129 91 244 146 170 64 244 94 70 96 227 82 57 246 106 8 132 116
    205 209 67 77 187 58 56 233 33 113 218 193 63 102 143 189 207 248
    160 201 195 159 68 155 69 132 249 150 108 198 113 95 43 158 40 193
    211 168 227 49 49 94 106 172 202 134 4 181 4 30 53 85 225 236 51 209
    231 209 161 214 54 162 53 49 80 32 63 181 129 87 94 33 255 85 7 250
    219 160 167 236 101 253 26 194 149 241 99 30 9 68 57 94 189 123 59
    103 214 186 14 240 206 61 153 193 138 201 94 129 224 160 86 186 94
    196 44 220 237 20 132 1 176 90 21 183 61 239 175 59 82 244 240 7 91
    120 244 71 156 72 48 40 176 207 33 130 165 230 235 235 78 203 52 138
    207 12 168 77 128 234 122 58 207 175 74 210 33 121 142 29 87 234 115
    211 61 35 57 38 187 157 235 39 75 75 73 203 40 21 38 159 47 162 164
    171 70 207 11 107 197 39 74 56 208 174 143 233 173 10 253 107 211 87
    19 46 163 230 92 181 8 49 157 217 196 233 240 202 7 23 18 82 137 61
    33 107 221 58 101 54 223 125 253 65 177 176 52 210 195 66 240 201 19
    28 8 239 171 50 172 141 89 38 50 40 192 207 18 40 139 230 77 30 210
    231 67 218 111 60 94 99 16 29 6 142 206 55 198 240 166 238 189 228
    121 40 11 215 39 2 174 194 172 56 194 5 242 128 157 164 97 51 40 136
    38 220 240 25 212 243 237 169 220 67 234 34 26 82 81 109 234 217 46
    62 251 217 177 70 127 93 80 147 63 144 26 36 206 83 45 197 74 156
    226 141 131 116 181 18 47 223 248 4 154 79 189 246 100 253 229 164
    16 15 218 140 126 104 47 169 171 237 218 64 7 59 155 251 123 40 129
    105 135 211 244 35 24 183 229 81 4 131 141 122 190 122 152 240 148
    180 5 25 75 147 201 232 243 122 142 11 217 176 166 24 31 183 130 53
    23 186 116 212 42 11 19 184 213 92 107 203 9 6 3 90 103 23 237 168
    112 246 241 42 191 114 32 9 92 97 74 86 69 19 12 65 179 219 148 31
    204 155 231 132 167 0 32 216 221 226 122 67 193 215 127 230 169 209
    92 195 63 119 208 182 254 79 53 224 120 145 205 208 10 64 60 141 175
    54 15 14 88 38 196 244 152 191 199 39 12 228 167 32 160 231 70 25 31
    167 98 136 211 118 159 187 46 148 92 41 189 131 46 40 184 41 98 58
    205 203 54 233 42 202 4 69 200 247 218 222 138 192 133 95 136 49 192
    94 181 192 194 83 2 44 142 182 24 230 73 50 27 194 170 187 232 66 80
    58 195 56 22 62 191 209 90 29 240 244 222 38 70 161 245 160 236 251
    225 236 43 234 105 224 252 89 252 231 148 35 74 197 206 135 9 99 22
    164 230 72 21 172 234 27 190 83 147 207 173 255 247 219 113 2 109
    204 59 130 81 11 150 31 77 241 117 1 30 97 128 195 133 3 95 64 129
    88 98 181 188 83 60 28 117 40 229 217 117 66 197 137 116 202 126 48
    194 249 99 165 171 157 66 181 56 23 10 237 114 250 236 207 34 86 6
    188 181 145 141 183 208 97 192 212 33 218 133 249 178 84 3 247 189
    152 167 41 209 113 168 14 126 241 107 89 78 248 211 200 38 147 54
    211 227 131 34 36 144 26 8 236 221 27 17 135 172 216 182 188 45 255
    60 138 170 58 35 24 86 90 243 54 51 228 2 228 166 253 50 204 121 92
    10 203 255 92 245 175 165 142 49 114 254 164 85 61 124 244 100 157
    124 168 123 182 108 78 33 34 120 206 41 212 15 48 27 165 248 181 19
    32 208 59 71 136 171 207 52 54 224 253 154 209 229 31 236 206 30 218
    43 226 59 26 26 81 230 82 1 187 50 141 91 86 239 111 211 171 15 223
    26 226 135 227 159 76 115 28 183 116 231 114 194 17 205 27 15 100 11
    34 3 65 202 254 5 42 203 51 133 152 125 189 240 7 216 139 88 182 82
    45 101 15 3 105 123 2 225 22 25 161 217 18 155 154 35 217 247 121
    154 134 48 138 140 29 31 240 68 133 25 213 213 25 30 198 37 222 58
    227 134 51 110 231 213 31 142 2 228 172 179 29 182 61 119 19 78 53
    29 124 180 148 211 229 223 113 108 61 192 143 4 67 68 33 149 253 246
    155 105 228 163 123 225 106 208 186 58 146 189 162 94 77 98 140 241
    80 180 55 222 89 201 211 2 214 68 135 159 161 80 79 206 250 243 152
    37 54 33 233 160 166 169 178 17 72 130 121 244 249 100 2 107 107 123
    125 25 253 3 187 244 47 222 211 13 103 159 21 156 193 186 62 133 170
    134 134 251 139 195 96 46 77 254 131 246 50 239 107 6 41 150 18 58
    95 223 28 39 56 217 51 234 208 203 188 13 236 157 125 23 113 187 96
    9 103 135 218 117 10 39 87 64 239 69 63 245 126 132 185 8 31 236 79
    174 152 23 134 227 200 73 205 117 177 118 103 194 124 32 188 186 127
    150 241 230 248 121 248 56 72 228 218 116 41 148 203 91 211 160 167
    239 98 211 174 132 152 226 22 168 18 217 151 238 224 58 78 137 182
    26 81 2 133 53 111 220 237 170 4 164 192 164 93 180 176 209 171 108
    77 161 4 122 120 111 227 65 75 117 216 171 96 58 42 49 33 166 125 68
    65 85 243 77 229 37 227 90 147 17 121 219 131 22 214 119 216 42 34
    192 75 70 68 247 44 108 159 190 71 155 170 71 140 41 9 126 155 200
    95 150 81 220 174 234 63 244 200 11 184 104 98 51 209 214 12 33 181
    69 214 200 30 87 235 84 33 79 5 151 116 221 70 183 235 11 103 2 15
    96 49 58 108 249 24 140 240 191 112 91 89 49 140 112 138 54 34 82 61
    45 135 249 105 214 110 143 186 183 14 229 190 254 124 149 165 102 70
    204 210 235 2 224 254 51 20 32 194 141 161 197 84 19 251 35 211 173
    153 97 173 134 10 144 186 52 182 205 12 218 245 52 249 154 92 53 244
    160 46 116 24 146 219 193 72 237 164 32 96 210 232 238 213 50 187 67
    216 14 16 204 244 58 52 87 207 190 196 66 202 177 250 130 252 48 1
    194 113 168 4 183 55 120 66 155 71 203 24 84 168 59 156 68 32 36 17
    217 8 32 12 66 129 178 82 185 155 245 13 94 7 137 97 95 7 223 186 77
    236 133 195 84 86 198 225 204 1 104 225 193 0 230 242 20 60 90 113
    22 10 57 103 31 98 118 80 244 162 75 126 217 84 11 247 207 198 32
    156 165 246 170 42 131 218 16 234 162 97 198 128 182 190 89 153 85
    230 235 109 124 199 233 32 143 125 98 83 26 212 130 230 37 102 100
    76 75 29 15 170 37 83 116 164 85 78 182 91 30 87 206 83 103 82 17
    235 158 177 40 66 52 6 28 252 181 39 114 214 130 30 213 151 154 38
    17 155 194 29 187 243 47 50 238 186 1 193 160 56 152 246 110 141 97
    42 4 150 179 174 146 103 28 58 208 188 128 215 238 183 149 99 67 76
    134 110 44 150 203 77 104 89 8 197 189 50 239 248 70 242 138 141 15
    229 189 163 62 102 242 68 103 121 12 71 132 126 233 29 120 159 192
    171 188 61 187 206 173 62 1 116 159 237 84 208 29 179 212 237 211 17
    188 129 29 60 203 125 224 224 32 227 170 112 91 103 115 59 58 172 32
    248 202 172 205 31 197 244 45 238 1 222 197 70 157 141 203 201 70
    116 251 207 21 197 178 142 206 233 12 87 44 80 254 8 19 54 46 98 121
    13 29 116 119 101 84 173 197 224 106 25 209 163 168 35 12 14 5 125
    118 99 41 14 212 94 90 210 76 74 27 238 115 236 123 143 77 26 122 6
    20 98 7 21 209 116 107 54 33 191 50 250 243 204 201 155 238 22 144
    234 198 0 35 174 39 68 218 58 66 197 87 235 21 63 6 215 143 226 5
    147 108 113 140 30 7 77 127 153 136 85 27 20 165 67 118 188 207 232
    225 169 161 96 141 137 36 243 63 112 6 112 197 88 241 112 92 160 222
    219 173 156 223 178 244 33 28 114 139 153 187 190 100 66 145 223 155
    58 234 215 156 78 193 112 11 197 183 114 199 34 109 31 68 191 237 52
    93 70 118 18 232 34 11 18 122 59 238 107 77 194 211 60 2 225 5 22
    244 195 184 172 121 41 102 225 216 43 76 100 245 5 169 68 152 154
    117 60 222 143 93 101 196 94 141 214 68 60 179 161 65 186 24 38 151
    21 203 119 40 160 98 244 204 31 204 77 240 47 117 90 131 177 158 113
    100 132 205 189 225 181 3 199 12 53 232 167 146 149 134 202 50 212
    217 214 82 38 68 14 127 109 1 152 96 241 124 133 251 146 64 130 7
    230 147 228 241 127 195 1 21 18 20 126 143 167 167 124 209 129 204
    242 248 44 129 117 181 229 233 199 226 51 117 148 66 131 30 150 30
    243 39 119 234 211 136 144 151 249 109 217 199 123 34 70 191 42 8 36
    254 77 221 97 72 27 65 204 176 135 182 253 88 2 252 41 246 196 111
    226 36 91 201 2 82 211 140 35 33 184 26 77 106 46 216 194 235 199 63
    157 185 91 148 102 110 217 71 196 89 39 111 233 186 40 204 191 12 0
    221 137 94 233 151 54 113 178 0 229 254 89 200 205 141 30 52 152 155
    195 25 254 92 194 99 194 187 11 27 23 89 140 29 36 112 210 188 174
    148 25 87 69 182 107 41 185 38 35 77 85 168 10 131 83 153 59 77 162
    219 30 179 104 22 231 53 185 86 251 105 168 36 39 26 110 32 210 84
    143 51 46 55 135 224 47 144 240 101 110 100 115 224 157 191 68 14
    168 143 19 62 161 182 127 37 73 183 110 0 182 101 136 204 20 184 222
    20 2 180 37 101 74 187 208 216 174 128 224 89 123 53 154 97 124 101
    33 27 93 121 182 113 169 198 65 18 18 11 65 48 104 162 244 68 118
    133 191 50 210 232 255 118 66 104 236 137 35 249 48 219 231 111 158
    61 58 107 221 211 128 92 36 182 84 18 36 190 78 134 203 243 61 111
    119 144 229 118 27 57 254 172 127 128 244 186 197 62 64 42 173 201
    142 126 185 122 29 140 179 255 220 197 87 118 112 14 11 90 112 53 86
    75 235 103 233 69 79 27 49 130 62 10 183 151 84 47 158 201 241 55 70
    165 49 140 50 156 84 95 132 62 246 217 44 15 185 92 52 32 73 95 37
    154 5 167 128 195 85 212 82 235 106 52 217 143 67 140 9 24 128 108
    152 153 135 240 184 188 80 75 104 114 169 196 228 140 125 102 133
    133 52 217 59 167 205 226 155 2 218 133 106 109 154 49 26 155 58 199
    52 255 196 253 200 46 97 7 179 216 48 24 22 169 234 152 42 108 109
    188 89 168 185 143 22 167 250 197 61 122 49 164 134 52 51 121 90 117
    130 229 227 0 40 241 114 7 84 226 116 215 17 133 252 183 9 90 112
    223 149 46 214 191 34 155 184 249 97 50 153 252 29 38 127 108 93 168
    202 214 210 148 31 179 70 136 192 21 250 86 37 85 148 250 181 112 43
    71 0 36 209 155 105 28 27 24 186 230 251 185 201 44 55 189 79 143 74
    44 65 115 66 20 219 213 28 253 101 111 94 230 34 4 18 188 155 213 15
    36 65 78 190 247 81 118 169 162 166 165 140 105 189 27 36 181 77 143
    0 92 216 52 11 91 254 234 62 126 24 206 32 128 233 138 79 35 102 9
    106 135 202 156 30 142 122 126 218 44 44 247 72 25 94 113 194 211
    219 185 22 134 39 192 0 185 10 206 246 23 76 115 46 121 148 235 87
    201 201 112 120 172 153 41 8 141 154 44 78 198 226 31 246 172 254
    121 220 120 75 64 5 185 32 7 186 49 104 141 80 165 217 241 192 203 2
    106 54 217 173 71 50 83 225 50 228 191 201 78 163 140 137 99 100 123
    70 229 129 99 154 212 158 210 150 85 208 136 99 94 100 21 251 171
    116 77 56 80 148 180 120 254 180 177 194 188 30 126 99 188 67 224 21
    166 41 179 192 193 126 43 245 134 221 19 74 149 80 42 213 248 90 81
    37 162 59 25 93 234 7 26 38 35 76 241 138 46 41 110 135 176 142 72
    29 70 227 167 84 38 125 18 22 185 47 144 241 141 200 4 62 173 218
    176 34 55 111 48 100 239 135 19 109 193 118 77 45 59 52 56 85 240 29
    216 62 198 135 184 56 60 204 97 10 59 253 145 211 61 5 56 60 122 155
    99 51 237 110 111 52 69 52 104 58 221 168 28 124 130 120 114 205 187
    121 107 91 179 213 132 6 189 82 136 247 157 158 39 222 152 67 143 16
    75 207 145 198 19 253 95 224 66 167 217 82 44 154 1 91 94 103 218 13
    161 121 227 216 136 5 250 100 7 225 177 144 58 181 156 251 3 168 202
    195 150 213 158 57 62 39 148 74 183 165 24 37 122 59 103 83 184 144
    7 37 122 119 107 141 38 88 85 208 98 67 233 46 211 202 79 89 19 28
    248 215 106 219 212 9 243 100 174 51 61 142 47 191 22 227 253 38 82
    201 139 160 194 46 78 117 30 5 144 222 23 150 189 39 103 98 238 237
    116 45 64 161 146 123 91 148 234 98 168 161 194 182 71 6 98 80 251
    128 244 16 28 248 37 107 198 148 195 29 227 177 205 160 163 146 141
    159 134 216 72 149 219 238 70 180 254 141 204 249 131 32 58 141 167
    241 80 217 246 76 169 147 180 92 166 80 97 205 213 59 189 170 218
    213 27 178 26 65 1 47 241 169 86 52 250 176 254 6 249 129 170 180
    142 213 251 57 80 43 144 116 106 243 75 175 172 6 56 64 9 194 21 27
    115 60 96 47 76 158 179 115 138 136 224 189 180 90 187 249 4 175 209
    159 191 183 6 57 113 190 77 174 34 196 202 108 98 72 41 135 210 23
    56 104 198 153 38 147 239 184 195 185 187 122 172 139 126 182 91 56
    77 135 155 43 44 221 255 243 239 30 164 178 245 234 204 131 10 38
    100 60 109 128 228 162 30 36 250 39 214 180 20 221 95 11 44 156 133
    251 225 204 120 152 68 186 57 3 218 89 224 189 106 137 73 125 218
    182 57 142 52 181 27 137 101 80 223 147 89 253 159 72 134 67 133 213
    34 110 184 148 36 107 55 251 5 153 172 12 209 204 193 177 200 42 128
    207 176 197 36 159 35 83 106 95 127 207 61 208 148 216 111 126 145
    34 123 167 234 20 120 157 185 16 198 14 246 131 110 26 69 210 54 157
    244 128 17 8 139 110 13 202 200 6 78 250 95 166 210 34 82 205 171
    190 176 107 15 252 210 233 116 136 214 177 24 122 112 192 185 233
    247 251 162 72 53 46 61 10 96 45 189 12 136 179 125 220 192 6 41 52
    168 225 70 102 97 113 245 226 103 238 123 10 17 29 120 165 44 93 72
    147 115 252 36 235 138 231 49 148 6 119 121 165 39 2 245 25 189 206
    118 179 206 241 69 6 254 163 247 10 208 241 174 163 45 128 43 25 100
    106 17 144 133 51 215 131 72 253 195 112 176 219 43 199 25 110 85
    187 165 197 52 108 154 172 194 211 85 54 46 161 92 4 21 175 245 108
    114 198 179 182 173 210 122 88 237 134 3 22 207 208 112 91 46 19 114
    51 56 120 221 192 190 153 207 53 0 201 88 3 217 73 97 34 87 164 1 95
    46 211 93 51 41 39 200 46 37 255 220 199 188 193 197 20 57 217 184
    216 156 63 101 180 220 139 26 205 236 74 50 129 151 177 232 85 215
    10 54 209 240 66 133 88 29 149 7 194 5 14 240 162 148 222 46 58 122
    211 84 42 111 64 138 232 116 25 175 24 240 92 186 50 173 46 56 132
    71 211 2 42 248 223 128 2 80 203 106 118 199 88 233 119 211 51 64 0
    16 94 193 115 186 30 28 243 193 29 1 143 71 60 203 58 51 77 101 12
    38 46 96 73 255 179 249 70 185 252 68 241 129 227 199 200 46 88 127
    3 16 151 24 104 190 81 181 67 22 68 101 86 221 149 91 220 239 207
    178 83 78 213 229 244 222 113 211 209 157 150 104 250 167 99 112 46
    12 204 217 135 162 252 102 140 39 37 83 239 236 16 93 245 66 187 85
    69 205 191 240 207 86 253 66 72 220 221 100 44 117 136 243 188 126
    72 32 167 37 68 136 161 70 160 216 64 199 85 79 44 140 125 46 227
    185 225 127 49 63 166 29 4 193 255 243 193 122 94 236 219 155 68 223
    43 213 14 169 237 179 26 77 210 232 226 217 232 67 89 73 190 35 33
    172 141 130 0 173 225 89 31 84 81 218 29 39 127 13 26 150 239 62 108
    112 228 73 240 214 1 194 22 206 232 246 150 96 86 112 82 114 18 207
    125 171 11 56 72 46 86 200 127 213 84 129 130 139 102 48 209 237 92
    78 70 112 247 44 78 226 76 47 26 216 81 1 120 176 8 64 176 233 100
    139 189 118 184 184 135 0 207 100 41 170 163 153 14 255 10 69 27 248
    126 220 142 225 128 48 115 82 6 164 123 142 119 187 176 222 24 102
    218 255 48 158 221 171 130 170 191 208 90 46 20 211 159 250 73 111
    190 23 160 118 121 160 28 223 4 134 252 241 249 193 7 207 81 107 64
    245 20 75 182 39 123 204 230 211 195 251 222 40 124 76 139 126 109
    19 43 234 150 48 187 168 223 157 23 35 32 134 121 6 148 46 133 99 32
    98 234 64 166 222 123 179 86 6 190 195 248 241 21 175 81 233 70 221
    181 12 183 157 39 250 46 66 230 59 28 177 124 46 12 164 86 249 182
    90 219 106 208 152 57 149 83 93 39 157 47 125 194 76 187 28 248 36
    35 219 65 233 143 155 199 141 82 238 86 109 224 126 57 131 81 222
    118 255 253 50 205 159 86 61 185 52 20 2 21 181 47 82 172 72 19 147
    173 235 225 5 206 52 41 191 59 11 110 251 141 129 136 5 190 114 242
    110 169 145 247 105 88 99 45 221 119 251 154 74 160 147 16 218 220
    64 117 138 12 170 67 170 185 39 159 208 123 205 54 86 42 110 45 19
    139 251 80 113 192 86 62 96 243 37 30 165 27 173 251 55 30 75 137
    229 118 53 21 210 247 142 32 191 239 170 16 81 202 247 232 238 242 3
    63 102 66 149 55 173 119 183 72 81 239 235 11 98 105 54 88 87 135
    142 103 1 124 219 21 74 242 49 156 125 30 14 208 81 151 145 198 170
    109 228 141 225 59 185 78 35 198 91 243 106 54 41 246 209 71 186 141
    65 129 48 166 201 188 79 144 76 62 190 71 79 205 42 224 2 162 20 163
    58 18 84 1 98 130 191 218 176 195 78 162 240 100 48 73 32 63 97 135
    66 216 14 181 9 179 187 123 141 175 91 226 2 219 39 144 71 50 63 188
    132 185 44 126 62 32 133 119 246 205 71 160 216 188 228 122 164 39
    140 150 47 253 85 45 249 29 211 110 179 253 19 189 219 23 105 96 101
    206 147 38 56 205 239 170 110 105 235 79 63 74 204 80 115 27 178 195
    243 116 57 253 159 137 10 10 157 57 81 83 239 168 211 249 94 87 53 8
    17 171 67 117 155 246 240 88 203 41 163 242 137 151 189 218 220 10 3
    203 173 84 147 187 145 108 240 128 133 124 244 232 107 34 120 159 25
    64 60 178 148 9 239 219 168 27 77 112 193 18 83 152 193 223 228 21
    21 146 173 249 96 248 171 64 147 203 130 25 179 104 185 83 67 86 133
    61 16 160 62 107 206 215 240 135 2 81 142 134 0 234 51 174 142 83 0
    250 103 154 50 173 196 20 119 15 178 131 222 75 92 43 108 235 72 158
    52 28 132 27 71 11 91 20 65 177 18 170 190 76 3 138 136 177 124 66
    221 229 211 199 6 180 7 170 94 27 44 126 191 251 81 109 164 170 233
    111 193 147 124 4 166 123 6 27 4 210 69 210 253 184 34 224 221 196
    15 153 25 74 123 119 201 188 12 97 51 32 213 88 143 89 112 150 152
    66 91 59 140 120 155 209 103 244 179 211 39 228 38 149 122 190 163
    152 16 58 183 233 127 224 144 90 184 64 94 186 92 117 208 63 150 157
    228 209 138 232 170 241 131 228 25 62 242 253 247 126 57 247 170 7
    99 97 111 244 103 156 207 133 87 93 249 181 198 139 1 77 237 168 77
    129 214 208 91 138 36 42 102 27 215 197 80 89 247 160 36 204 188 43
    19 95 69 113 227 201 144 56 221 235 110 56 186 242 200 115 227 214
    54 94 65 132 98 29 168 193 89 30 76 63 60 106 103 84 247 195 68 204
    170 65 26 102 110 128 86 195 223 69 32 163 252 33 149 209 149 111 43
    247 134 88 192 12 165 142 104 106 121 223 55 150 207 40 145 23 113
    247 15 51 202 210 249 158 72 118 128 147 255 215 163 230 57 5 184 29
    6 20 228 179 20 187 242 20 231 136 49 200 24 3 10 135 51 245 159 234
    178 111 146 72 160 64 61 71 146 58 34 166 241 185 193 244 222 122
    167 2 207 120 199 24 92 172 6 97 77 175 149 1 41 29 173 12 224 100
    170 87 129 104 21 49 156 190 1 55 151 170 196 10 67 94 39 242 112
    199 235 211 15 51 184 244 205 173 34 177 122 26 83 159 51 171 71 188
    187 93 14 54 162 6 104 154 148 53 234 8 139 85 5 17 108 49 36 120
    252 19 156 138 27 11 88 69 115 101 202 43 191 229 174 157 125 192 37
    136 126 85 149 250 91 89 237 39 18 101 55 113 32 186 101 78 152 87
    157 162 156 41 115 77 149 164 171 138 111 202 31 239 169 114 80 130
    11 215 244 10 185 218 204 46 11 253 188 34 214 45 84 140 113 59 93
    194 210 80 132 70 237 207 148 252 101 106 237 113 182 234 52 63 175
    193 25 112 176 39 68 198 54 82 7 203 8 54 161 14 78 145 10 187 185
    162 252 196 243 114 179 93 131 250 72 127 227 124 212 26 193 224 227
    87 50 232 84 240 195 236 164 34 110 107 11 55 167 21 168 178 179 30
    106 76 115 125 80 169 233 24 15 79 241 249 191 106 217 41 33 176 38
    246 101 160 83 12 82 192 216 17 240 73 249 84 238 24 179 124 37 141
    155 38 234 50 176 182 23 187 152 163 66 33 34 120 179 73 20 162 22
    233 214 44 244 101 30 38 146 163 36 225 178 188 148 204 135 114 233
    60 211 108 4 102 53 21 64 29 13 223 172 223 35 16 147 47 134 4 128
    116 119 62 220 41 155 82 4 231 246 228 217 86 18 119 157 48 188 51
    217 220 64 78 230 169 130 231 42 203 74 126 243 20 83 107 147 132
    157 92 1 22 172 248 16 198 73 255 126 52 142 175 183 116 107 204 234
    142 155 53 189 201 40 226 218 240 26 141 123 57 39 63 90 217 220 120
    73 238 17 11 133 105 4 47 187 170 113 101 205 230 19 69 159 134 218
    43 108 33 182 164 96 160 36 226 171 156 204 22 140 185 244 21 107 64
    224 222 165 104 75 5 67 83 37 207 153 134 71 241 245 223 94 54 233
    134 148 47 114 191 9 108 27 59 156 184 182 241 94 189 60 226 253 155
    33 232 206 202 72 103 61 159 17 137 185 230 111 215 218 144 10 53
    234 181 253 206 150 247 71 219 154 182 49 108 105 179 24 104 23 144
    26 230 13 58 93 101 167 0 109 195 235 4 231 28 62 14 68 19 57 125
    115 191 57 162 165 63 6 170 226 103 198 45 205 155 106 169 46 231 64
    244 129 11 139 188 118 176 123 220 234 232 241 229 211 1 234 95 95
    244 192 247 44 186 109 212 201 142 92 28 101 52 75 144 5 203 142 144
    72 114 62 56 142 110 136 196 98 167 145 107 137 68 30 103 247 100
    182 185 98 81 243 78 95 193 46 217 249 141 139 123 149 232 60 198
    127 125 203 88 245 26 248 211 147 234 131 138 235 216 151 92 122 113
    248 230 24 164 102 144 93 143 89 215 185 192 218 247 118 39 110 189
    8 118 243 245 239 81 209 69 191 96 46 77 92 181 238 13 151 179 241
    231 185 27 144 15 107 52 204 65 134 226 171 39 185 200 24 212 81 184
    150 162 196 12 198 68 53 144 146 232 200 4 58 219 142 25 221 206 69
    102 13 68 229 22 167 162 165 72 186 180 171 201 179 111 209 55 89
    220 253 212 210 188 40 38 138 64 213 244 25 205 64 191 178 227 106
    38 149 220 126 8 146 76 46 42 230 115 150 221 223 196 51 85 189 139
    233 170 206 203 75 204 3 49 53 168 62 22 225 225 17 6 196 10 254 202
    57 11 53 184 180 216 72 117 57 18 147 39 118 93 141 145 196 142 20
    209 75 92 100 173 46 75 209 190 252 225 181 28 1 72 141 235 212 129
    115 162 238 62 79 59 88 158 136 160 217 171 189 139 153 186 240 236
    49 205 185 4 151 214 110 230 59 241 14 249 156 171 216 230 209 44
    188 27 11 162 248 57 227 190 250 13 118 117 177 157 165 151 243 14
    234 176 174 139 199 21 83 75 48 160 23 190 143 245 185 196 31 217
    192 71 248 83 229 150 62 198 10 196 148 62 171 62 83 168 106 48 65
    21 117 52 149 71 189 181 132 212 156 116 100 182 7 17 126 153 134
    217 25 105 35 115 243 6 30 25 145 14 80 37 129 243 204 144 73 49 26
    243 51 142 118 5 60 216 233 97 100 218 209 157 207 251 53 79 90 66
    120 17 99 78 81 1 128 44 203 193 116 84 236 24 157 247 92 66 192 128
    49 171 237 197 83 196 101 186 37 4 66 27 203 53 10 42 189 78 151 150
    69 119 163 6 120 53 127 242 255 228 221 1 16 195 72 48 204 58 6 137
    133 161 1 10 179 180 33 34 189 86 243 71 239 148 168 123 21 203 196
    122 109 252 77 176 235 13 138 57 30 160 146 98 228 215 211 60 61 14
    118 173 49 110 29 66 222 145 7 53 62 110 115 53 28 191 210 30 250 89
    220 15 177 252 208 71 113 182 210 86 108 16 60 132 103 8 120 99 223
    22 132 167 223 10 87 169 46 26 237 157 67 16 235 129 109 87 26 124
    31 116 165 162 102 197 87 106 30 182 150 26 37 19 210 154 63 164 127
    241 153 159 35 213 238 217 242 130 34 214 4 8 224 50 89 80 124 72 15
    47 42 23 15 4 212 154 132 143 1 168 41 97 47 242 3 195 110 12 153
    164 84 34 247 249 170 216 54 200 107 130 41 252 7 46 138 105 99 39
    114 159 75 209 101 95 221 62 253 221 89 45 25 136 148 124 176 69 144
    48 120 133 180 207 125 104 74 52 246 186 125 105 96 119 117 67 159
    181 172 214 220 20 135 40 24 92 168 228 17 198 101 27 198 6 125 129
    66 54 204 253 0 211 196 170 1 234 101 172 243 123 81 89 246 58 24
    144 75 125 230 40 194 12 165 196 128 239 200 189 13 112 168 205 101
    13 38 15 131 173 243 57 82 13 140 41 174 164 255 183 61 175 199 75 3
    166 1 25 87 218 124 169 77 246 248 2 210 80 71 62 58 73 154 89 52
    204 2 156 154 188 195 36 226 66 196 82 238 187 204 170 104 0 129 248
    148 220 106 23 16 90 224 214 171 6 61 232 68 239 105 200 251 67 155
    110 51 248 119 2 218 55 122 101 112 81 106 43 209 4 157 188 4 194
    135 232 110 240 55 235 158 5 185 110 219 192 96 54 94 225 159 147 89
    89 67 83 66 88 61 16 236 212 130 84 25 8 71 251 34 167 2 209 221 180
    197 53 15 218 187 243 65 41 128 144 78 20 79 64 117 228 66 51 149
    179 29 174 110 33 252 4 240 186 176 37 189 153 23 87 141 162 111 153
    241 77 96 23 184 97 0 99 112 14 193 102 111 194 176 25 150 252 13 33
    168 120 13 69 124 106 149 121 194 66 126 31 139 123 100 226 91 177
    114 225 140 132 255 209 186 63 80 29 204 242 48 216 203 95 111 220
    210 49 255 186 177 161 172 134 83 73 42 253 119 139 7 52 8 30 3 131
    104 117 40 169 155 67 159 100 49 169 139 244 135 194 132 12 40 167
    198 104 135 181 98 217 160 175 225 131 127 47 233 120 169 65 158 30
    199 193 105 187 44 107 187 205 248 14 85 57 58 254 164 216 225 244
    160 60 125 14 113 170 45 216 146 68 142 146 176 231 162 223 3 57 100
    206 44 147 144 154 118 245 135 146 143 140 40 155 134 200 57 107 104
    90 61 72 6 71 238 243 220 106 77 61 104 123 8 174 90 55 24 110 123
    70 67 34 251 9 234 69 229 28 255 250 65 185 74 174 106 169 243 54
    109 39 34 106 154 88 177 219 172 97 2 143 48 136 59 0 105 153 123
    150 198 83 56 38 252 214 63 70 166 225 181 155 163 63 87 7 247 69 32
    47 156 151 56 217 11 47 238 251 67 179 216 1 70 8 148 217 112 199
    255 153 254 97 171 85 167 248 110 98 198 136 170 14 2 202 187 93 56
    128 43 253 91 203 245 222 106 246 35 236 227 239 253 77 202 118 138
    21 243 17 176 154 250 36 130 9 84 254 232 146 207 217 88 215 163 165
    26 118 140 230 8 103 46 52 124 70 49 246 67 148 76 87 69 101 141 89
    242 112 82 70 0 38 75 51 233 194 210 174 64 56 176 54 210 104 234
    201 56 143 103 250 136 84 3 23 107 56 28 176 203 129 145 107 169 132
    156 188 195 33 81 171 158 14 29 255 31 176 204 130 56 47 31 155 200
    45 25 124 62 192 84 48 251 154 64 129 152 48 24 131 250 68 123 44
    131 68 35 17 124 196 62 62 134 9 146 63 27 105 185 89 208 194 45 120
    73 225 81 44 85 30 211 2 221 89 223 186 16 50 154 228 240 200 136 22
    67 164 202 151 168 106 199 181 72 7 147 202 137 82 141 0 246 203 151
    120 143 36 225 235 46 164 16 68 224 182 50 244 58 190 212 105 97 116
    243 84 95 91 3 122 59 48 57 231 217 41 185 162 186 52 10 91 84 168
    91 72 24 125 161 106 142 224 193 236 185 135 194 115 18 73 51 68 216
    237 241 90 59 100 184 38 112 158 172 252 212 183 31 67 0 244 133 117
    220 224 174 177 102 186 228 121 152 34 108 146 245 228 53 195 87 179
    49 185 63 117 77 2 42 91 183 161 45 105 252 90 194 45 109 65 201 220
    238 81 92 82 159 223 245 122 42 13 20 67 90 100 114 196 39 194 120
    12 228 31 229 125 137 125 124 75 86 5 53 46 208 193 127 56 56 208
    239 251 61 139 117 73 148 186 193 163 4 149 96 226 238 150 46 92 1
    141 71 46 98 218 245 126 240 51 13 228 141 114 199 198 76 66 239 138
    237 105 114 165 29 249 123 229 233 191 192 238 184 133 158 174 231
    56 181 47 34 92 67 100 130 30 228 193 178 139 237 157 168 74 32 149
    115 28 159 8 117 202 32 215 159 109 186 72 163 205 106 194 148 173
    85 175 125 158 108 207 244 241 81 222 11 101 245 19 0 162 244 10 0
    255 142 249 96 169 210 215 132 15 91 134 148 43 84 249 51 107 217
    229 97 47 71 202 17 230 220 237 86 155 239 145 159 55 65 205 30 234
    179 130 131 191 252 34 195 203 234 163 225 225 226 98 97 225 137 199
    179 151 78 236 116 32 72 30 65 198 16 85 114 64 175 174 140 234 79
    55 156 84 172 18 97 191 122 135 99 142 200 229 226 77 163 254 4 160
    240 18 79 12 49 3 166 211 123 185 182 196 161 10 96 243 11 102 61
    250 132 138 146 53 239 229 111 172 80 162 14 84 31 96 62 10 147 187
    191 134 44 35 35 4 191 126 120 138 200 224 188 62 210 35 205 21 183
    30 98 172 196 24 227 153 63 128 216 116 224 121 200 118 121 13 101
    154 21 241 30 24 121 169 83 42 57 92 249 5 94 44 122 189 176 33 219
    166 57 166 163 196 87 34 129 185 198 53 107 169 140 179 152 211 125
    246 35 197 66 74 173 41 124 19 230 153 141 232 115 16 139 154 101
    223 154 38 229 196 40 206 104 215 134 67 152 44 20 83 236 222 235
    134 134 22 16 73 111 155 38 241 97 172 200 104 41 91 56 0 133 195 39
    90 118 184 27 220 174 174 225 93 120 119 161 83 197 242 19 183 133
    203 61 197 29 10 98 57 207 79 37 124 54 90 232 170 162 74 163 131 5
    249 214 61 156 113 148 44 41 85 23 119 112 6 42 133 176 167 45 253
    248 75 19 209 81 202 172 136 101 176 170 53 87 46 70 224 12 25 29
    202 101 35 66 201 144 172 30 194 13 85 136 44 84 33 168 184 116 226
    79 250 161 77 78 121 42 169 110 10 12 190 181 250 157 217 169 130
    245 90 139 98 188 49 158 246 224 11 61 140 69 103 64 241 122 148 108
    30 254 26 161 209 64 0 190 79 101 188 140 114 204 57 137 104 109 217
    254 110 118 119 59 99 230 170 49 1 189 204 219 127 160 127 110 122
    37 115 8 104 164 42 176 249 71 8 157 164 8 68 239 235 169 162 64 220
    170 234 206 61 86 15 64 180 134 156 136 34 151 159 162 49 131 133
    183 131 241 180 43 17 224 170 183 17 112 228 7 214 246 140 100 50
    167 71 135 170 82 68 245 148 225 167 139 144 246 13 50 128 136 194
    15 169 192 108 160 206 60 160 131 131 29 9 62 97 162 165 157 159 11
    75 96 68 111 109 69 163 47 106 167 242 25 2 127 128 235 3 59 202 46
    227 65 212 90 232 218 1 238 67 98 230 250 55 122 73 226 26 90 248
    143 10 201 96 226 126 245 152 250 19 33 113 70 40 222 228 254 178 46
    1 39 26 125 21 224 162 190 112 47 128 101 74 39 199 110 169 118 156
    21 136 89 3 177 33 4 46 19 84 255 42 51 7 201 176 232 255 225 252
    230 59 81 172 88 214 41 168 31 196 71 102 54 209 88 174 85 231 216
    87 77 30 235 62 122 214 9 196 82 232 92 171 61 219 192 249 154 150
    128 8 125 27 90 65 183 22 40 74 60 33 194 132 231 178 28 216 90 65
    228 217 127 171 231 222 189 226 234 91 197 145 134 41 183 46 62 186
    139 61 204 65 10 131 150 15 187 34 210 255 81 87 198 4 126 165 133
    208 43 132 219 162 143 228 121 57 167 53 68 199 44 254 62 93 146 92
    208 238 130 48 74 122 108 38 59 63 200 106 85 227 13 121 42 46 236
    202 30 121 205 196 133 96 6 201 59 252 37 169 38 159 123 73 159 151
    192 75 61 93 139 15 248 143 248 211 82 99 125 36 217 222 9 153 171
    32 90 254 50 220 163 16 47 58 130 155 234 78 74 89 183 60 206 235
    109 60 40 135 14 177 109 50 71 198 67 9 205 243 178 86 90 192 180 55
    71 37 171 237 37 207 151 162 159 11 157 199 37 68 109 9 148 136 75
    254 85 193 84 42 153 143 93 89 51 139 138 44 219 88 119 81 187 103
    28 135 69 40 62 65 114 58 0 218 0 189 238 171 3 149 208 96 123 212
    60 172 242 230 178 16 230 46 224 194 51 57 176 185 252 98 135 159
    118 3 166 198 137 108 143 186 105 59 236 238 183 15 244 187 69 100
    85 199 178 146 90 10 57 165 94 185 162 205 168 194 100 68 189 32 247
    17 55 234 37 174 161 69 3 116 227 212 140 143 2 255 48 206 129 181
    57 61 232 126 35 32 201 189 237 49 246 124 79 111 73 176 98 87 136
    174 238 25 47 167 6 89 175 89 160 210 223 170 87 45 138 103 161 141
    10 145 70 74 53 246 165 27 174 221 195 121 217 145 2 185 137 130 251
    202 217 96 109 188 91 156 246 122 49 234 54 133 165 114 2 2 95 120
    55 150 39 79 11 251 229 26 81 2 136 185 93 222 57 252 31 89 13 192
    114 251 51 149 96 100 143 249 218 88 186 119 151 122 74 189 39 90
    148 25 216 159 208 13 46 211 236 230 84 144 162 48 123 185 196 136
    114 86 216 103 118 231 143 242 196 246 222 202 35 231 150 171 199
    202 158 157 53 141 252 229 145 222 92 87 150 95 103 112 32 87 162
    136 198 192 232 251 242 50 221 158 240 109 45 173 160 186 103 125
    238 13 136 152 34 31 225 9 81 239 28 159 140 52 49 206 251 158 253
    61 151 255 26 144 79 108 43 124 21 158 195 95 120 27 90 27 5 178 137
    73 144 243 249 224 106 205 179 42 164 220 181 74 44 204 50 149 31
    171 55 160 57 211 168 126 175 228 171 10 2 133 10 46 12 34 176 147
    184 143 165 15 167 247 138 208 140 132 120 172 66 148 165 96 94 197
    74 226 111 101 25 193 123 90 249 182 6 132 64 187 10 88 124 66 156
    43 242 190 180 243 47 56 191 2 148 207 22 86 85 68 64 167 84 244 85
    223 255 178 179 25 54 44 145 108 174 14 251 171 90 97 149 100 14 103
    103 126 136 14 224 58 127 161 106 192 244 13 247 191 169 216 174 147
    47 175 91 38 228 247 26 40 5 44 57 5 126 181 96 36 168 126 9 145 65
    156 248 100 175 89 199 14 116 5 115 167 48 218 122 203 62 249 93 73
    191 27 162 96 109 38 54 154 106 159 129 97 90 220 86 112 146 32 79
    195 1 178 141 27 160 90 3 99 57 129 69 146 38 219 186 252 92 206 61
    110 167 59 239 18 76 21 106 34 245 170 113 78 159 182 55 145 37 41
    255 124 64 216 205 19 131 85 161 17 238 80 208 26 169 219 25 39 164
    97 140 103 177 247 132 98 28 194 243 21 226 157 3 100 90 36 26 46 12
    126 54 108 244 77 136 30 234 252 115 223 3 250 135 160 30 158 107 34
    241 64 103 139 100 131 213 244 40 89 241 222 28 106 43 169 28 251
    207 122 5 149 43 202 39 165 167 187 211 207 15 90 23 150 226 228 246
    95 227 31 82 15 124 248 117 121 223 2 19 179 115 181 131 139 59 81
    68 31 121 32 228 80 84 252 144 181 44 94 91 240 21 27 226 53 134 52
    141 118 246 64 14 46 27 209 45 15 80 210 245 25 216 75 87 100 183 15
    18 177 236 203 30 110 100 146 217 176 163 125 129 93 37 129 64 57 51
    243 61 41 32 227 137 10 13 121 22 201 139 241 27 248 5 192 180 91 14
    240 36 133 135 153 166 120 109 244 54 53 170 247 125 136 138 212 34
    226 30 127 223 207 32 77 143 192 209 94 224 180 164 7 152 93 116 221
    166 227 142 246 118 166 55 144 178 155 173 93 180 137 165 24 212 93
    219 152 244 29 237 92 140 227 30 167 202 190 196 114 149 223 60 215
    119 94 205 191 126 249 142 65 46 234 17 10 11 173 39 195 152 220 240
    62 214 39 94 225 175 59 200 145 201 5 131 51 89 7 48 96 65 99 146
    141 176 91 95 230 210 130 199 121 158 189 117 106 30 240 230 224 6
    103 127 166 176 192 98 202 114 60 36 165 184 57 26 139 141 103 196
    167 177 107 78 28 120 118 244 9 68 3 88 112 111 182 22 36 159 33 178
    11 127 189 21 201 228 249 185 248 159 200 1 197 73 19 250 186 220
    125 59 57 40 141 115 12 70 201 113 224 187 244 148 41 31 174 32 118
    10 99 144 74 208 164 243 65 115 54 191 35 161 245 199 101 236 241 21
    219 193 160 48 151 15 108 3 18 199 144 57 185 68 99 173 249 187 205
    130 207 187 36 206 107 20 217 128 233 205 155 113 39 89 0 146 75 161
    65 253 221 202 249 44 4 173 46 85 142 109 84 54 213 7 124 211 133 10
    210 142 31 93 21 10 89 119 248 36 217 69 138 40 139 128 170 154 206
    195 227 107 94 200 75 161 38 138 51 99 164 113 51 58 77 90 131 98 70
    141 112 174 166 58 201 74 135 182 140 165 139 203 211 221 237 2 187
    241 97 222 222 234 42 56 252 248 200 126 170 169 158 72 90 116 151
    29 5 9 123 210 161 85 56 250 187 233 10 102 237 249 121 212 217 64
    177 244 207 57 114 22 50 156 10 188 192 166 227 104 44 154 249 225
    220 139 233 80 204 75 123 224 60 34 203 8 246 144 159 76 43 194 91
    184 5 196 142 106 51 33 99 39 63 181 151 218 65 58 183 253 5 129 167
    230 224 75 179 87 50 248 35 79 131 112 188 217 6 127 218 69 215 190
    70 31 64 144 54 23 227 169 254 159 4 7 5 137 77 36 11 129 13 254 74
    101 87 178 130 143 39 87 181 179 249 161 140 235 78 202 172 88 178
    160 152 134 196 117 230 153 246 148 76 128 243 80 96 46 72 23 72 223
    224 138 130 65 109 44 115 16 68 146 7 245 102 168 139 110 86 7 74
    130 162 53 23 65 15 184 219 37 112 151 146 133 102 116 144 209 112
    19 73 3 195 230 38 119 180 7 239 103 64 25 40 56 255 7 222 78 4 173
    249 39 14 237 31 222 16 114 33 19 16 146 192 23 194 7 127 234 167
    194 188 56 5 79 36 201 43 238 57 103 251 232 255 118 185 216 246 126
    241 98 96 108 59 162 116 206 205 92 232 168 190 2 158 171 218 129
    200 47 116 241 29 51 40 93 109 141 157 197 181 175 1 102 77 107 48
    248 26 220 64 206 229 2 185 110 237 146 181 53 110 9 155 124 24 27
    219 232 110 98 198 55 141 76 176 144 67 131 70 121 35 167 79 195 204
    102 246 237 11 110 250 62 183 44 205 241 191 182 105 80 209 162 72
    241 83 129 54 91 49 66 139 201 230 235 139 212 89 248 187 10 171 75
    101 64 174 214 181 1 241 191 99 6 204 70 23 137 238 222 175 109 165
    61 151 61 32 192 183 82 4 165 19 206 127 123 199 113 97 254 163 202
    137 222 251 85 137 183 29 3 47 112 59 211 39 30 75 99 140 36 7 238
    148 236 38 14 8 85 64 26 142 160 22 162 232 1 96 65 224 216 194 131
    132 74 0 30 46 87 21 255 169 231 245 88 254 60 36 68 71 219 198 21
    36 0 30 193 49 246 51 35 37 114 144 65 90 210 6 125 1 48 87 185 221
    211 116 54 76 24 156 61 8 0 1 149 25 145 195 50 230 50 101 26 81 245
    118 178 150 122 11 234 211 57 212 188 94 237 136 248 248 248 98 218
    124 209 47 68 225 22 43 169 224 28 6 33 247 97 147 102 231 113 115
    132 225 244 223 4 201 53 66 136 20 255 147 230 228 147 122 231 163
    105 175 150 91 57 73 128 91 172 142 43 197 159 5 239 160 108 185 214
    225 191 104 187 185 77 227 212 100 117 50 70 128 43 107 211 76 118
    148 172 70 46 68 177 163 110 35 37 142 76 46 245 208 108 95 6 137 63
    192 91 183 123 249 78 129 143 152 163 214 187 200 248 54 101 201 128
    185 229 139 19 170 129 183 26 45 44 26 174 221 131 22 125 57 20 23
    204 231 157 12 145 64 100 80 245 176 205 80 228 174 183 229 54 70 70
    58 156 114 242 233 243 79 177 114 177 228 129 4 96 141 74 151 1 153
    148 140 223 11 238 38 228 118 23 16 13 16 193 251 174 94 141 25 65
    90 22 124 240 240 140 196 80 154 18 114 66 43 176 222 199 122 120
    215 47 142 26 217 201 203 136 22 31 44 37 121 3 208 254 20 224 74
    156 234 23 153 139 28 169 95 210 241 78 101 123 43 11 204 176 211
    194 135 175 172 166 3 97 198 1 36 130 161 50 229 159 55 88 90 205
    117 87 59 142 181 7 17 38 109 0 29 218 164 23 9 148 86 114 93 209
    197 47 149 83 116 106 206 89 220 60 212 56 67 168 13 189 202 40 51
    50 101 192 207 47 121 144 13 151 187 136 138 25 10 51 201 242 210 99
    211 162 22 35 249 7 148 250 155 56 43 89 38 154 182 59 117 170 144 8
    241 149 68 204 117 82 71 231 186 124 140 6 45 41 197 87 178 186 12
    109 81 220 156 229 88 67 2 187 77 121 114 223 39 3 173 38 167 109 65
    210 30 12 144 109 215 132 149 211 249 1 94 121 17 155 227 153 170
    192 187 30 105 221 231 125 215 191 82 232 168 110 108 11 167 250 168
    61 212 62 181 67 138 103 87 206 13 38 92 173 175 155 171 76 195 9 22
    220 84 5 249 183 78 137 225 1 171 81 129 87 237 69 138 48 13 84 159
    128 14 72 255 25 241 108 2 133 25 50 190 130 145 232 239 181 149 200
    198 20 140 234 109 20 190 4 153 186 151 51 97 197 86 217 218 251 158
    200 41 4 3 79 83 181 92 193 149 170 201 187 25 249 4 97 130 66 199
    241 38 182 147 44 125 181 4 107 240 143 91 237 192 126 20 2 77 172
    60 25 166 224 247 115 24 255 225 148 110 23 215 173 162 64 232 220
    54 150 130 242 87 113 178 22 224 159 96 252 62 91 188 167 183 162
    162 221 201 32 248 130 64 113 194 178 254 249 36 139 164 158 249 254
    132 228 99 239 233 236 2 15 173 103 54 165 203 128 89 168 171 37 120
    42 155 253 151 175 139 193 86 93 114 8 184 37 105 146 5 131 42 242
    64 42 137 138 147 139 71 197 6 123 73 167 96 72 58 201 187 142 28
    216 156 45 119 135 0 73 64 140 236 216 26 209 4 190 4 23 206 192 108
    41 51 125 211 197 143 57 102 227 115 105 71 220 98 237 97 112 199
    228 89 115 81 150 239 198 138 215 71 82 239 36 8 123 167 214 52 227
    231 81 122 97 223 249 159 232 222 161 72 216 25 192 165 80 86 22 166
    143 114 171 126 244 137 63 154 181 51 182 102 6 195 59 32 231 224
    212 144 33 254 100 59 149 198 201 110 215 235 240 203 74 66 245 223
    140 24 49 94 176 37 10 46 46 107 159 218 157 52 164 77 198 86 102
    103 39 66 146 19 198 104 41 199 98 50 215 118 145 75 35 244 104 236
    134 179 103 24 8 11 180 241 48 7 239 159 96 27 80 222 105 90 110 1
    88 201 177 138 188 39 218 249 205 211 165 141 217 192 30 83 69 43
    138 90 62 191 182 198 94 183 38 231 201 192 64 241 113 0 179 128 114
    46 235 189 185 44 1 185 146 37 9 160 228 223 55 44 120 103 16 234
    112 134 16 94 51 105 44 137 176 33 47 47 201 93 51 97 87 188 126 163
    127 212 115 101 219 171 127 179 42 188 184 55 253 183 97 74 48 201
    67 71 240 128 100 74 135 41 245 69 178 156 255 210 148 199 57 91 29
    230 119 50 253 195 69 104 214 36 184 145 187 153 55 173 174 202 242
    206 107 245 167 18 87 105 123 132 179 22 15 45 170 119 227 22 199 48
    177 42 136 227 243 15 176 180 98 216 124 86 131 166 227 135 236 133
    100 142 31 174 145 136 198 109 188 23 26 205 248 35 234 123 115 95
    250 67 230 180 39 216 93 100 7 99 70 223 152 86 24 121 146 162 91
    140 110 95 206 210 163 202 36 159 40 18 86 4 126 57 141 70 95 109
    246 152 116 74 183 124 78 94 212 7 136 74 230 172 246 44 225 238 95
    203 98 113 25 248 135 158 44 36 92 122 219 102 37 138 156 68 201 202
    98 114 191 73 71 142 121 197 58 189 193 203 104 121 131 98 226 24 68
    23 233 32 110 173 247 30 238 68 186 91 61 86 136 66 124 30 163 252
    173 177 49 212 43 107 54 200 32 127 235 178 235 161 98 26 130 164
    205 90 107 200 58 152 72 232 47 0 84 142 9 6 43 128 68 85 63 99 173
    10 120 182 87 63 162 37 224 150 47 198 153 3 211 106 133 123 120 161
    240 32 203 139 39 204 80 59 129 115 67 29 165 91 145 216 66 250 25
    46 234 188 11 49 207 115 206 206 245 22 90 34 147 217 59 245 113 32
    247 205 202 170 208 254 209 48 163 37 141 248 200 6 134 165 42 227
    25 168 59 240 180 203 198 230 127 215 203 78 129 65 87 216 115 109
    229 148 30 216 96 179 68 43 33 69 64 56 181 186 82 50 158 122 134
    118 223 126 90 16 114 209 105 86 245 251 10 87 241 126 244 82 224 89
    91 212 252 135 228 13 140 215 116 80 210 99 216 12 229 56 193 125
    222 150 92 135 253 16 138 194 48 183 124 199 146 163 44 87 9 16 96
    29 134 239 179 74 198 130 30 95 244 124 238 202 134 89 236 163 123
    153 157 106 29 29 189 168 217 108 43 99 128 39 210 79 128 170 38 124
    221 130 89 16 90 198 225 5 165 80 135 154 111 34 200 19 139 158 76
    194 177 185 177 247 134 9 186 78 176 177 30 29 88 184 145 136 100 45
    224 105 47 109 90 100 240 211 253 176 57 138 64 28 123 41 162 247
    133 180 10 219 22 229 23 231 29 16 89 201 88 54 241 61 221 73 88 22
    155 92 119 133 251 158 73 103 134 244 140 74 83 68 52 205 167 198
    200 164 36 243 203 15 45 63 215 210 154 91 59 173 193 219 24 64 232
    157 111 210 221 214 172 60 124 23 75 250 0 85 94 243 15 10 69 218 76
    214 70 39 38 176 0 30 183 236 149 191 145 28 135 28 255 221 202 150
    236 60 49 29 138 130 201 94 210 100 159 141 236 212 207 199 231 15
    223 188 189 195 120 23 193 151 19 153 246 93 181 245 169 175 102 192
    81 193 204 26 11 254 67 0 119 43 152 148 150 166 75 161 230 184 98
    109 98 100 95 96 144 138 188 181 161 95 215 249 58 165 63 61 145 99
    238 204 22 201 228 101 67 11 215 7 37 55 13 136 79 186 140 222 100
    81 235 2 32 73 22 221 35 235 218 66 57 13 125 225 193 48 219 228 91
    132 146 134 68 94 58 131 255 60 247 71 106 8 65 246 234 166 170 204
    144 252 152 175 128 140 141 115 65 172 164 126 48 154 24 109 68 120
    53 179 73 215 31 144 217 207 62 82 161 145 254 106 235 41 163 190 76
    159 43 236 123 225 223 164 58 28 59 143 149 61 97 54 32 193 44 197
    224 149 10 190 34 168 179 37 166 6 177 251 41 213 229 225 250 254
    145 213 56 57 227 151 192 52 227 241 156 10 208 222 176 189 46 207
    141 46 143 49 237 236 51 36 196 226 8 149 246 235 97 19 34 220 34
    146 131 104 167 95 124 178 231 167 75 201 88 146 208 229 150 225 152
    169 222 198 250 113 114 183 203 19 235 105 123 145 175 68 207 52 25
    240 204 51 244 233 55 200 153 219 239 150 214 124 25 172 132 94 77
    47 242 10 242 141 91 173 28 117 163 150 51 5 172 178 242 146 91 194
    242 53 56 72 137 135 21 2 99 156 0 193 69 196 226 44 3 187 229 82
    109 66 143 45 8 211 126 111 139 102 182 65 54 58 27 107 194 32 150
    153 27 51 35 118 39 231 183 138 102 118 187 166 214 146 186 123 178
    97 107 16 252 7 195 29 68 219 164 188 230 42 212 17 243 8 105 212 41
    70 167 151 75 241 187 102 188 6 44 78 24 121 54 64 138 4 171 235 242
    54 170 99 28 194 251 145 197 251 111 85 44 14 200 255 59 53 249 202
    56 8 224 134 156 167 137 242 94 77 96 151 192 199 1 45 183 211 91 45
    130 232 35 214 82 139 75 148 32 246 169 138 46 228 127 70 180 175 5
    116 212 210 212 156 199 116 134 32 16 134 119 97 109 187 253 164 64
    101 187 167 87 92 56 144 126 82 249 17 11 66 128 7 168 208 175 222 1
    58 45 209 151 28 99 191 37 30 238 233 147 227 167 53 12 86 150 81 2
    238 33 84 255 232 249 57 110 106 52 153 241 38 127 58 176 110 230 22
    134 12 216 247 7 54 119 54 117 123 156 62 82 10 119 228 136 53 137
    44 254 146 19 151 199 234 77 224 111 127 79 6 187 236 54 187 195 35
    213 253 228 94 176 193 52 53 215 245 75 1 154 7 139 104 94 194 134
    233 177 131 240 134 183 246 85 11 31 209 167 49 194 61 12 96 172 77
    65 207 183 48 14 116 165 64 104 19 8 209 55 68 26 15 206 131 164 155
    112 255 188 193 194 51 168 155 127 27 51 137 183 172 211 130 113 255
    35 70 112 33 221 124 212 219 37 99 102 181 190 117 158 193 216 45 99
    145 103 197 131 76 23 159 209 219 41 181 145 95 89 110 0 55 207 139
    68 13 95 140 5 44 39 233 190 125 231 118 232 16 133 14 217 19 34 99
    56 50 125 53 39 45 57 125 173 95 41 25 4 9 159 152 194 53 21 167 126
    250 91 121 220 109 126 166 216 133 63 4 100 118 217 140 216 226 1
    160 34 239 137 150 115 239 100 157 86 185 210 21 15 64 178 220 110
    216 150 238 153 81 172 80 18 144 77 254 94 127 103 32 182 110 8 169
    129 254 90 139 194 217 162 223 111 47 115 196 226 233 5 69 33 195
    203 56 6 52 121 68 98 207 103 96 139 94 197 36 45 226 246 12 37 139
    215 95 83 31 232 59 41 220 139 149 63 40 201 13 4 116 241 212 251 92
    166 43 255 84 184 226 221 231 38 65 12 59 109 154 222 196 59 173 127
    152 217 249 103 221 182 31 247 35 101 43 104 237 101 15 149 55 119
    91 217 88 192 193 11 135 248 97 203 214 133 143 209 233 64 64 181 38
    145 42 106 77 125 232 211 43 50 112 4 67 72 219 93 140 133 77 44 191
    6 36 142 13 50 251 87 230 19 52 7 84 218 165 118 41 63 145 231 210
    94 62 237 184 245 86 9 46 235 194 156 218 135 240 249 245 64 152 187
    85 112 207 190 134 188 162 52 237 98 69 235 77 51 85 41 240 64 67
    172 8 31 226 95 106 28 217 58 242 229 136 77 45 119 228 55 52 224 69
    192 84 8 110 75 15 28 164 166 234 42 25 178 45 105 194 145 109 253
    11 7 98 122 164 108 3 10 180 238 46 202 254 186 38 52 239 14 101 220
    49 113 28 24 132 215 169 25 36 253 215 175 233 178 19 170 131 223
    208 172 21 150 194 20 156 30 100 254 103 43 69 100 187 129 133 23 43
    56 163 2 80 251 124 202 185 134 80 153 199 4 33 69 107 29 200 1 174
    161 143 157 59 232 174 14 60 11 243 29 11 184 215 26 182 78 89 136
    223 20 191 165 176 84 162 13 62 133 33 71 176 208 80 165 184 76 38
    214 50 96 193 238 140 56 185 7 158 204 20 96 134 112 80 62 191 39
    206 104 95 197 218 221 126 28 226 68 203 180 254 11 212 170 158 96
    191 95 16 152 96 60 93 59 93 255 18 207 8 246 242 152 123 97 104 3
    29 157 92 57 147 80 209 211 237 234 34 172 197 12 241 111 120 33 194
    58 176 242 155 71 206 39 60 141 59 6 225 104 79 78 173 87 19 146 50
    165 44 167 41 178 149 112 76 117 242 123 245 221 181 133 210 252 108
    253 181 96 94 53 219 26 97 175 29 98 211 94 229 138 103 90 179 61 17
    245 0 83 64 44 211 159 65 245 153 28 53 221 214 149 157 93 183 213
    69 159 77 245 48 117 217 114 44 19 128 217 49 221 157 205 38 132 173
    206 41 179 159 73 72 31 8 58 41 1 135 34 91 35 22 200 66 232 105 93
    175 149 57 117 10 64 201 145 235 45 195 105 37 187 149 30 225 226
    226 101 196 127 161 163 178 207 192 140 198 234 84 59 216 96 83 71
    186 68 102 86 50 12 131 75 32 71 236 100 135 205 213 26 94 30 236
    120 198 77 31 172 10 74 73 61 7 180 221 75 191 233 110 4 198 141 76
    232 47 167 215 101 227 98 232 237 76 199 240 201 254 52 226 146 95
    141 169 21 139 196 27 203 125 12 78 199 177 4 153 231 83 151 158 153
    11 151 185 218 124 211 85 185 117 41 193 109 69 230 23 60 219 250
    100 132 194 133 31 87 170 218 21 243 174 100 188 198 12 149 214 224
    64 45 177 210 174 16 51 188 191 191 147 144 255 107 109 183 2 195
    253 162 151 207 176 31 82 177 102 153 20 197 126 230 45 230 215 123
    12 70 9 113 127 49 127 85 213 4 250 42 166 242 245 56 82 133 248 6
    213 72 174 215 84 178 38 30 43 177 75 56 160 128 74 215 73 42 158 22
    21 93 68 253 117 148 196 170 140 251 122 135 187 175 33 7 172 221
    171 56 2 147 174 225 10 11 30 168 19 76 192 113 223 12 162 146 189
    49 126 6 118 83 222 241 92 192 75 77 187 91 136 177 51 108 198 176
    24 1 77 88 250 80 194 106 240 77 14 196 241 136 73 70 73 243 65 24
    206 95 200 78 88 77 24 204 9 172 233 243 55 71 201 184 173 208 118
    201 197 203 26 119 8 33 177 196 99 213 40 131 141 234 54 20 5 185
    188 214 192 93 193 210 65 232 74 229 123 183 28 217 241 18 178 195
    57 132 32 118 28 44 51 176 227 76 127 25 92 253 110 184 69 28 174
    178 205 249 143 207 94 242 241 135 102 176 150 94 234 97 8 181 180
    183 128 116 252 186 234 152 142 76 120 84 157 41 137 205 148 203 255
    185 93 244 115 112 194 93 72 43 89 220 223 28 220 216 212 78 81 144
    81 254 31 173 95 194 122 188 238 48 57 91 185 138 127 255 254 243
    157 1 139 147 203 56 76 239 200 234 248 3 43 155 201 217 235 207 80
    84 94 59 150 49 154 213 184 6 175 182 206 174 217 136 78 72 243 204
    231 192 93 246 58 75 218 232 134 49 204 37 235 225 231 82 8 224 232
    78 79 2 25 86 244 198 212 110 59 173 201 70 72 39 221 246 165 71 49
    218 109 249 159 253 52 169 29 147 39 126 85 49 168 43 98 95 230 181
    230 94 86 197 115 221 16 247 6 168 245 210 127 101 162 86 206 74 107
    254 218 91 211 186 208 211 35 202 102 185 170 21 51 114 124 18 255
    239 149 112 94 31 89 139 159 180 235 29 113 98 80 84 249 74 8 48 126
    248 90 18 45 92 60 75 249 172 224 160 251 38 231 61 231 19 225 42
    159 93 93 161 120 206 143 164 201 223 120 182 236 135 78 73 90 218
    167 255 224 143 59 25 126 39 1 101 185 55 203 68 216 216 245 150 11
    231 83 184 118 183 35 196 41 210 150 109 0 59 116 201 27 140 160 192
    192 100 115 2 67 105 131 62 145 106 180 20 41 5 144 130 63 246 201
    220 105 212 58 218 197 56 98 26 96 109 228 167 32 21 110 233 95 15
    39 134 147 199 53 11 38 179 139 67 101 145 245 154 1 204 44 230 69
    158 39 19 102 65 240 187 120 31 90 59 224 234 119 224 96 205 49 43
    163 229 169 86 75 242 112 171 186 131 155 252 27 241 9 67 170 15 59
    233 152 149 53 191 224 150 132 35 213 197 17 132 218 86 15 50 162
    157 231 242 155 15 107 250 187 18 233 25 167 196 51 220 13 120 75
    229 241 99 27 29 255 252 96 169 200 60 155 134 76 157 9 164 33 64
    112 248 127 50 96 124 211 87 116 117 244 3 11 18 175 77 231 193 91
    217 163 189 191 196 225 38 183 59 206 254 89 113 227 212 167 185 181
    89 170 225 110 14 236 208 109 1 180 106 40 158 0 132 134 114 128 120
    171 147 73 224 218 42 234 170 114 202 220 208 183 41 181 114 104 1
    200 224 111 45 47 168 225 28 180 96 123 124 170 36 133 219 215 132
    237 62 156 171 110 29 149 181 25 139 176 54 111 132 236 139 177 170
    205 66 140 227 73 38 73 207 29 242 72 99 107 220 159 140 23 61 24
    151 44 247 152 31 82 144 232 105 133 91 183 37 54 135 252 37 124 33
    4 223 171 77 118 209 105 98 0 140 126 235 7 89 132 246 37 22 175 100
    162 108 143 222 210 111 29 54 215 160 228 75 232 87 132 114 128 109
    218 82 8 87 109 22 51 156 61 164 227 76 28 44 227 35 248 29 98 134
    53 9 65 244 60 46 117 207 195 125 20 217 129 53 153 11 230 147 237
    168 2 4 83 186 44 233 24 242 29 174 167 205 207 23 201 188 150 87
    110 79 115 251 41 91 58 219 52 98 117 60 133 194 242 32 156 183 16
    28 6 213 255 254 19 201 16 61 184 45 94 187 188 82 219 120 76 144
    133 187 217 107 235 145 174 243 37 54 170 0 10 224 254 240 253 172
    179 205 224 45 224 24 34 105 24 188 144 150 25 177 63 202 15 20 34
    231 17 93 231 112 231 115 88 33 205 242 155 61 245 180 197 47 255 36
    189 110 102 106 198 201 54 65 98 7 19 155 2 105 244 106 232 180 6 16
    81 10 8 229 68 49 199 31 60 184 169 35 99 60 117 156 232 227 224 89
    241 238 187 232 80 166 53 97 227 30 201 218 203 8 238 50 253 218 208
    176 175 153 126 218 200 201 231 131 97 248 46 6 87 107 171 255 247
    222 156 255 186 152 16 197 194 39 91 219 219 114 198 73 94 204 198
    224 81 217 120 75 7 14 170 123 189 3 250 28 170 152 164 76 0 21 103
    3 13 64 120 116 137 59 247 107 13 163 86 163 203 162 85 3 102 60 166
    149 14 151 47 210 220 104 214 234 244 81 227 208 187 106 88 128 116
    108 79 107 87 135 12 117 134 113 76 105 182 95 94 222 162 63 153 114
    77 158 24 46 180 203 65 78 71 212 87 46 148 221 225 23 248 114 223
    91 42 30 97 162 140 162 226 91 105 199 160 121 228 178 86 17 181 7
    159 144 106 148 140 116 177 168 54 173 96 21 243 83 162 204 90 51 86
    234 244 187 207 22 39 59 22 190 141 72 118 114 210 246 180 97 225
    199 49 105 59 82 92 227 226 76 239 95 43 34 44 2 43 138 140 148 123
    81 156 209 181 173 239 104 145 29 88 172 134 102 81 243 60 220 237
    173 212 232 44 6 118 146 160 240 154 99 240 223 129 148 37 82 83 3
    205 26 35 249 96 221 104 130 188 119 236 17 16 66 68 59 191 72 136
    137 47 129 238 59 14 77 53 107 147 80 113 141 251 44 185 252 119 158
    142 62 145 44 53 213 122 119 168 144 130 38 143 50 63 204 192 75 142
    137 12 1 42 209 22 151 99 209 33 228 143 250 43 255 2 86 7 8 90 235
    123 56 192 23 202 67 216 53 26 220 103 50 189 125 201 176 170 24 227
    13 110 172 173 202 115 182 0 33 175 7 109 163 135 214 76 24 198 172
    169 219 222 197 187 158 200 87 127 103 30 251 16 62 151 102 133 62
    92 56 59 203 254 125 96 18 184 214 19 223 25 146 233 139 43 212 24
    207 210 212 70 23 249 218 146 229 85 58 68 244 103 66 195 126 211 0
    134 130 170 44 103 2 234 158 181 42 187 62 119 181 120 73 90 245 1
    186 112 132 90 222 128 112 176 124 153 163 132 161 159 91 3 142 211
    141 81 9 197 141 171 191 195 83 168 183 134 108 113 78 10 81 120 36
    201 85 145 225 19 171 174 251 224 172 100 189 213 231 248 211 215
    217 115 166 63 68 59 255 102 121 159 88 109 204 199 201 101 146 159
    98 55 75 95 50 101 54 251 251 191 248 140 105 118 85 14 215 28 172 0
    176 156 175 4 110 21 107 40 30 169 21 216 235 243 210 166 240 228
    240 152 32 108 199 154 124 213 201 90 140 206 12 217 19 55 222 58
    245 165 33 4 99 19 223 148 132 169 148 198 109 162 53 103 227 174 76
    23 89 33 147 230 200 198 35 107 135 187 20 144 25 184 114 251 124
    158 139 65 179 137 23 162 62 22 200 249 81 200 219 72 150 212 51 141
    49 68 205 118 61 201 95 206 235 183 199 43 139 244 225 164 176 159
    14 211 43 5 135 82 161 65 133 42 116 15 60 160 90 21 26 211 65 127
    206 97 80 165 251 194 15 168 74 124 24 109 173 90 52 164 101 45 122
    251 50 53 106 181 73 10 227 163 181 112 187 35 80 236 95 149 67 153
    120 184 240 206 81 8 229 102 43 22 197 227 232 216 161 157 40 132 43
    189 129 115 130 22 246 100 243 111 81 6 235 189 45 20 30 193 48 229
    55 116 137 120 229 201 24 157 253 114 73 181 88 62 240 120 11 130
    242 232 188 3 191 255 31 117 16 201 199 238 144 10 19 3 243 195 208
    124 154 213 182 63 129 11 174 107 156 59 199 141 186 236 164 201 228
    73 63 163 213 193 177 172 162 172 159 38 169 90 84 85 20 37 102 33
    97 7 255 160 196 5 19 211 217 241 83 129 103 14 228 12 2 189 60 131
    36 71 117 29 58 9 55 98 113 178 142 176 228 77 161 213 49 43 190 111
    183 203 89 208 5 159 174 179 63 185 150 80 0 65 69 188 186 129 253
    111 29 180 105 60 133 144 132 20 17 112 97 180 58 116 57 218 151 6
    98 55 15 88 39 205 133 234 252 163 141 129 62 140 98 52 67 191 248
    56 255 209 247 151 128 229 227 178 54 43 133 44 187 163 172 220 41
    190 64 0 19 43 38 102 254 207 17 194 143 158 177 26 139 205 163 4 19
    118 250 221 247 202 158 2 140 11 188 148 47 18 206 1 215 225 224 84
    109 11 200 37 56 120 93 144 26 128 143 195 84 90 137 100 90 115 155
    99 184 67 82 246 185 14 70 186 94 205 209 36 62 93 97 225 63 251 210
    154 241 77 118 90 161 247 52 133 232 240 44 240 133 108 47 77 141
    173 115 208 43 92 46 121 235 231 44 202 194 218 200 115 132 33 61
    188 77 154 28 142 88 162 70 228 239 68 1 249 77 17 227 147 111 86
    249 97 49 228 227 156 233 170 54 65 241 101 181 15 171 73 14 145 39
    160 92 9 134 24 208 237 204 211 170 165 240 163 100 46 176 185 10 52
    104 76 135 141 184 122 228 153 65 16 232 90 48 55 148 216 230 9 25
    52 182 138 109 201 4 245 58 224 106 28 94 126 194 188 48 220 39 219
    46 81 144 96 179 214 222 243 130 83 108 79 65 203 0 104 211 174 165
    168 147 242 219 123 31 150 29 163 64 152 242 65 81 191 71 122 223 35
    172 82 3 108 13 31 55 156 51 52 26 16 19 215 62 155 253 30 235 194
    194 93 249 216 222 184 193 168 207 94 24 227 35 53 52 204 17 115 107
    2 254 52 230 52 198 252 86 52 48 142 44 231 103 88 75 243 42 176 166
    13 243 90 230 244 116 98 53 125 18 128 48 17 169 174 68 219 65 107
    124 228 120 39 246 59 155 13 250 92 17 200 81 16 90 166 232 81 197
    145 100 91 202 137 53 125 54 142 182 137 53 78 213 194 10 128 41 54
    6 192 135 25 113 111 143 196 184 225 67 35 125 152 212 43 230 201 59
    174 251 162 132 151 131 126 239 34 68 156 114 152 171 15 133 189 62
    132 43 243 170 248 224 166 137 210 151 82 44 119 227 25 254 50 228
    61 93 252 62 96 34 55 245 140 138 38 153 52 174 83 137 252 43 242
    140 83 61 167 160 250 254 89 251 123 110 110 42 52 77 12 169 167 156
    71 229 189 121 103 159 119 253 247 41 184 161 145 205 255 26 53 142
    254 165 156 139 41 94 184 123 248 218 22 141 36 179 147 244 189 254
    184 42 229 174 107 235 199 46 160 226 199 100 156 251 47 47 209 191
    75 211 249 123 84 102 239 213 106 50 209 246 243 217 53 114 77 66
    136 67 150 208 169 172 191 224 178 80 30 231 86 82 35 230 104 17 129
    25 142 25 137 208 10 67 234 28 144 239 193 178 104 37 178 139 5 81
    189 37 163 168 33 210 145 145 61 198 155 101 38 164 235 163 44 44
    145 31 37 155 137 125 45 210 22 67 124 0 251 60 6 177 144 242 16 126
    184 9 145 87 29 43 244 160 30 22 67 191 75 219 162 135 220 234 23
    160 150 154 109 240 51 219 56 189 188 254 175 163 228 149 36 252 81
    13 60 97 236 183 239 184 132 179 219 46 223 19 211 139 208 115 63 48
    106 16 11 244 157 12 167 184 43 90 177 239 114 179 112 126 46 65 73
    7 74 210 255 177 225 153 151 89 83 236 104 163 72 96 203 220 202 181
    91 86 162 232 179 25 107 246 153 23 195 167 144 219 90 245 102 204
    147 227 247 50 216 22 20 10 160 47 51 58 57 177 144 211 121 246 166
    69 222 249 197 246 122 154 137 4 4 27 112 135 109 7 54 47 106 148 36
    172 229 209 176 66 82 209 92 34 219 177 108 112 120 16 62 123 58 47
    88 139 44 234 125 210 20 24 110 178 14 198 166 164 255 251 147 231
    145 201 166 241 203 165 182 227 187 99 138 230 246 136 207 21 121
    161 43 0 236 140 19 235 114 20 129 12 186 7 246 195 173 95 127 239
    153 128 147 126 170 226 99 194 125 212 34 43 64 137 204 70 156 136
    165 205 199 86 87 15 105 160 92 74 153 71 94 250 239 27 34 92 194
    215 188 36 174 78 230 216 127 102 222 153 197 238 232 23 64 15 32 51
    98 235 21 61 69 207 147 235 191 35 37 114 196 199 184 138 150 215
    100 88 134 200 190 87 25 59 177 179 33 134 4 167 172 47 107 238 98
    29 233 192 160 234 200 193 183 162 6 189 219 190 34 2 243 96 92 92
    195 242 248 154 0 65 40 83 101 20 253 101 254 112 68 8 107 16 199 11
    175 94 121 43 73 34 216 130 67 233 210 3 164 204 208 132 195 174 92
    47 161 101 252 27 185 190 181 219 158 110 133 32 169 227 237 252 46
    144 117 190 188 128 240 231 162 199 34 152 245 220 87 86 98 189 179
    165 232 202 26 218 221 203 74 49 44 99 165 240 176 141 112 147 191
    102 220 144 118 107 82 196 109 54 74 217 152 187 37 235 253 205 34 4
    224 169 78 76 120 0 231 56 34 134 187 53 165 66 190 199 82 97 234
    211 220 72 170 15 138 115 119 82 241 184 127 152 164 143 201 164 255
    133 169 47 120 233 253 12 168 141 244 149 63 178 70 23 227 93 156
    182 242 179 217 179 136 79 186 160 202 33 232 84 248 184 180 178 101
    8 245 245 190 181 247 243 2 218 57 11 125 170 163 82 169 210 248 156
    2 153 233 58 30 170 1 211 173 33 93 9 154 19 218 15 47 220 19 0 160
    246 220 117 120 196 116 191 148 82 93 174 234 251 168 82 144 233 176
    235 59 251 211 233 73 95 130 252 220 52 167 85 173 246 249 24 65 186
    202 67 175 191 41 242 98 87 144 144 123 183 96 211 232 91 48 132 99
    87 128 8 242 70 91 224 251 202 204 253 202 248 211 17 30 18 81 139
    64 18 216 97 230 126 88 102 177 114 3 162 56 0 75 190 210 30 231 90
    126 48 40 172 211 6 123 155 182 108 80 99 38 79 190 162 3 74 179 158
    150 181 45 69 20 21 209 250 180 247 82 122 240 239 140 37 21 217 249
    250 120 110 74 85 145 231 136 128 255 87 74 190 181 128 84 91 59 41
    37 252 30 231 122 222 206 15 18 29 67 110 65 106 159 233 223 154 60
    79 66 145 175 143 46 135 28 126 79 186 11 85 218 176 61 183 202 161
    235 11 74 146 44 201 57 141 21 212 189 140 144 90 140 250 62 248 107
    98 160 173 111 179 98 159 82 76 238 189 251 197 143 101 221 173 32
    42 26 175 98 140 201 251 209 21 20 237 43 69 209 209 122 125 103 179
    114 195 13 228 226 101 37 114 200 45 160 203 224 159 222 88 76 118
    27 174 4 175 179 126 223 24 133 10 127 166 143 131 225 40 116 188 84
    88 75 207 96 32 133 15 15 181 92 215 183 174 97 105 174 186 65 252
    220 77 197 44 53 65 147 74 96 68 109 107 2 234 166 143 196 93 174 23
    1 186 155 217 242 110 57 142 39 169 184 84 41 139 36 171 176 40 125
    26 228 109 229 152 95 69 65 183 199 144 5 21 240 55 226 19 34 152
    234 154 225 41 165 57 213 68 62 252 214 85 94 111 243 227 37 57 243
    214 109 207 192 57 162 25 3 70 17 188 231 101 88 66 219 156 20 89
    178 225 177 117 113 173 106 180 93 240 45 230 180 94 150 175 61 206
    0 144 16 203 17 115 84 142 205 83 232 253 220 123 216 187 96 231 182
    159 176 100 103 159 210 186 42 24 220 35 44 124 113 219 42 246 13
    199 193 33 224 69 117 196 84 111 118 89 214 21 220 207 247 126 117
    65 97 39 10 79 7 21 249 235 127 239 58 204 235 49 0 162 181 125 48
    30 39 53 37 211 234 155 225 156 121 232 113 59 252 70 66 101 21 75
    179 103 18 85 102 151 174 166 226 64 247 107 242 86 0 95 237 61 227
    21 83 236 69 237 159 227 197 244 38 222 248 8 100 175 87 0 213 213
    143 254 240 192 15 137 103 184 36 100 214 59 1 203 199 118 246 210
    148 14 100 85 30 205 138 202 244 175 238 115 193 216 210 70 150 9
    250 13 33 45 17 46 132 53 204 145 236 46 212 226 184 6 229 163 157
    34 201 187 105 132 207 89 200 31 64 198 230 218 26 116 64 180 140 90
    22 142 138 191 34 201 148 175 44 168 179 142 28 50 37 186 110 41 26
    167 2 72 159 27 77 78 154 247 166 250 10 80 26 199 80 206 128 73 43
    201 147 181 174 119 109 175 75 23 117 227 173 101 39 56 35 160 0 232
    73 220 4 213 228 226 81 2 235 124 158 70 8 169 148 116 166 183 159
    168 235 63 41 205 161 218 173 253 187 143 232 176 7 42 175 85 48 114
    94 225 216 237 191 64 125 30 45 99 148 126 26 42 202 113 148 202 82
    167 87 43 87 54 193 248 212 105 0 65 181 226 85 15 216 88 154 49 33
    0 106 204 135 146 105 42 145 59 60 25 1 45 51 145 84 190 30 154 165
    114 71 172 4 59 47 0 116 185 182 82 102 231 148 232 155 250 156 189
    216 145 186 210 51 64 183 61 184 37 226 71 91 111 140 7 143 107 166
    111 241 106 155 191 194 61 1 204 141 112 122 79 145 163 213 132 148
    193 90 212 51 166 163 232 2 183 35 124 92 15 65 132 179 131 128 179
    12 36 64 7 32 254 118 67 195 59 212 55 47 185 207 31 143 213 110 227
    104 192 244 243 53 107 27 36 20 49 36 170 91 39 84 59 212 234 227 88
    18 95 107 0 172 122 150 181 103 109 13 26 37 216 68 154 208 53 165
    200 35 110 12 14 200 144 66 32 1 133 110 111 40 14 72 234 183 173 48
    172 59 94 77 120 48 74 245 157 190 50 190 61 196 49 252 28 130 72 52
    4 145 152 46 70 102 185 148 202 102 52 170 33 144 186 117 156 76 50
    212 45 52 37 42 114 181 121 69 118 166 216 7 55 62 63 161 194 133
    172 96 203 112 146 245 93 250 10 1 242 105 69 236 25 158 63 150 25
    151 228 125 235 102 54 74 132 132 214 101 245 76 19 180 34 200 143
    42 76 64 0 35 179 186 217 18 226 108 178 107 145 62 249 2 184 8 13
    199 73 176 11 57 131 7 158 154 215 102 162 31 98 137 245 54 169 108
    131 247 96 18 10 41 29 114 36 245 74 151 124 0 63 136 77 12 224 128
    177 6 148 208 211 170 230 254 216 80 66 101 78 67 49 182 220 27 87
    173 103 0 254 32 131 39 132 13 200 111 172 99 215 20 74 227 174 175
    132 80 38 50 89 29 123 33 79 25 177 140 196 24 157 222 47 42 97 243
    156 33 140 214 7 8 223 227 82 229 150 184 6 39 186 76 240 186 214 25
    173 114 37 216 177 204 112 214 215 61 185 168 106 238 1 138 233 136
    249 34 239 126 220 204 232 199 110 44 140 219 98 76 149 9 78 9 99
    173 126 136 244 245 98 238 122 123 99 0 157 229 211 246 98 39 22 48
    231 211 144 2 60 250 20 56 66 234 215 4 218 225 166 124 118 126 52
    49 178 26 223 32 107 234 142 193 169 206 113 76 191 205 166 78 63 20
    55 136 65 56 193 238 103 107 99 96 112 83 74 84 46 192 51 111 135 43
    102 136 52 147 225 192 28 156 205 226 212 53 85 165 219 109 64 228
    162 119 56 166 233 64 173 146 51 128 101 13 66 227 83 73 239 11 101
    56 129 80 124 6 73 226 107 82 241 26 250 94 16 44 108 215 4 183 77
    243 205 211 177 73 143 20 61 73 11 159 253 89 182 197 35 171 105 21
    233 211 165 120 46 13 136 202 145 210 185 201 68 63 197 203 106 187
    133 114 206 217 98 197 210 20 215 136 228 168 138 212 242 2 137 225
    106 167 38 195 247 26 11 80 216 86 227 19 67 128 61 158 99 20 199
    130 121 215 120 158 16 115 164 169 105 252 135 163 171 199 68 116
    239 39 144 141 172 103 163 19 166 68 20 162 186 9 60 243 117 19 13
    234 222 100 178 64 74 105 145 26 112 70 127 83 41 252 215 106 118
    173 2 202 96 25 213 84 154 186 167 187 220 73 224 159 61 234 111 254
    251 154 0 144 179 137 117 30 254 215 136 123 7 18 235 19 252 144 171
    94 221 197 25 237 238 214 182 95 12 28 192 204 181 143 30 46 187 105
    220 26 227 120 61 163 237 174 15 232 165 116 225 99 139 4 142 132
    142 18 94 64 46 10 86 134 211 65 9 213 63 200 2 4 237 230 162 89 124
    92 225 239 81 146 1 191 5 193 49 116 57 74 10 217 105 233 206 97 129
    110 167 209 234 221 221 120 129 69 96 157 97 118 151 232 178 93 45
    91 228 208 91 123 29 219 228 243 208 67 111 131 17 46 68 70 151 180
    29 106 125 229 75 159 49 91 96 139 137 122 143 56 84 159 220 24 46
    181 192 22 15 192 5 168 84 159 64 171 193 225 190 230 11 118 82 1 96
    234 85 133 233 125 230 29 225 68 85 131 14 101 85 35 17 124 55 85 63
    229 151 235 69 43 186 182 77 219 113 132 111 240 101 117 11 105 182
    53 219 45 76 151 252 125 176 3 140 162 88 25 97 97 90 232 223 116
    163 14 46 228 198 116 232 172 134 63 60 16 118 78 145 8 66 21 205 53
    169 61 200 156 122 194 109 168 110 148 141 170 222 94 84 36 74 241 0
    26 157 197 201 149 44 201 39 180 194 109 110 31 244 117 51 144 50
    186 38 14 172 42 168 85 26 52 31 143 224 53 212 253 69 101 9 200 79
    17 167 44 229 219 163 230 26 13 24 129 151 105 15 161 116 200 199 1
    237 127 13 165 77 161 12 192 28 6 224 76 195 218 60 254 104 3 131
    127 82 65 145 50 20 193 195 36 95 131 69 56 39 156 140 148 170 116
    11 154 252 75 115 104 71 169 72 19 43 160 15 176 2 13 213 16 51 3
    147 218 137 104 218 165 48 154 160 54 15 60 139 80 157 65 84 130 189
    26 104 56 26 7 77 161 92 38 218 60 213 162 105 234 181 33 134 167
    127 176 33 241 111 109 70 140 229 138 55 23 144 241 67 241 212 173 5
    188 90 85 147 155 13 50 61 245 163 59 207 190 202 94 21 27 124 210
    59 15 105 149 131 193 159 42 136 253 50 138 149 208 214 107 113 98
    188 123 16 89 207 201 56 205 119 244 145 130 133 101 136 195 116 31
    239 180 23 163 169 101 55 183 207 172 56 239 21 213 166 3 186 148 16
    89 41 67 122 177 55 152 52 204 245 153 142 186 249 69 108 112 36 93
    121 104 85 73 163 60 214 44 247 76 11 181 117 43 120 213 243 183 218
    136 192 109 124 105 121 78 67 196 122 132 11 160 71 39 6 61 221 198
    25 209 206 77 121 102 239 114 74 106 53 205 138 37 219 243 228 99 8
    250 139 192 137 100 255 79 130 47 73 20 70 89 204 6 158 122 103 38
    147 137 239 199 217 249 249 217 12 60 171 165 91 31 61 235 245 81
    143 83 255 103 179 23 245 52 2 63 163 123 215 199 150 154 113 181
    249 70 236 33 163 11 231 17 101 200 136 242 0 37 14 153 159 1 13 121
    192 38 175 196 26 86 118 105 192 203 11 1 214 245 197 36 13 12 123
    206 154 96 83 89 218 167 189 121 45 192 150 238 34 200 85 247 230 20
    122 237 169 26 76 97 196 118 40 105 219 64 24 58 64 118 229 41 198
    63 199 177 247 185 204 169 61 211 23 134 156 54 74 44 121 190 112
    128 7 24 202 224 58 171 117 29 62 142 17 213 167 209 132 74 18 137
    250 116 82 111 124 232 230 186 134 122 100 91 150 147 134 25 164 189
    222 4 96 133 38 248 41 82 110 110 74 211 206 218 91 22 22 162 202
    154 21 92 177 177 151 88 207 30 127 171 212 36 187 78 194 8 7 137
    197 39 192 118 236 122 62 25 250 158 53 121 253 170 147 224 250 121
    177 130 162 26 103 203 187 250 237 205 43 91 133 180 207 184 189 126
    16 40 224 3 98 237 22 173 77 72 146 255 147 171 120 152 168 138 18
    56 118 9 139 207 48 217 128 186 140 32 24 217 187 105 214 38 195 146
    205 110 214 120 111 255 253 15 50 142 50 179 25 233 198 10 127 30
    214 154 229 170 220 109 21 0 54 29 47 25 216 205 129 180 18 115 64
    64 228 229 124 223 25 127 50 185 225 246 254 26 254 109 100 20 71 52
    37 222 238 214 234 201 9 123 71 0 122 200 99 106 168 83 184 68 125
    62 16 181 223 92 51 22 75 111 97 77 33 155 212 212 4 95 116 248 24
    235 168 197 190 183 89 23 54 60 254 162 231 40 76 89 209 77 121 107
    223 192 219 16 135 229 68 139 184 59 6 106 96 183 171 6 40 148 15 50
    12 66 55 55 50 181 50 152 229 157 230 202 214 136 3 99 146 192 121
    253 112 236 43 48 244 65 131 131 7 106 100 175 88 145 45 14 184 105
    185 219 176 240 39 155 236 124 5 18 62 65 15 200 195 77 143 230 248
    194 168 57 124 111 153 158 143 18 137 79 180 239 132 208 131 116 80
    56 183 159 164 174 155 228 214 72 219 151 76 6 21 214 62 171 55 62
    133 10 65 249 219 45 172 142 46 53 15 139 202 253 212 128 243 49 6
    18 156 40 74 73 251 96 120 186 191 215 11 35 45 20 185 199 60 87 23
    17 180 91 22 11 230 8 53 22 157 178 221 107 101 145 231 20 68 55 186
    102 149 246 166 148 237 21 42 202 187 15 153 185 29 194 31 60 216 7
    108 50 144 125 182 39 81 187 4 183 19 67 17 178 44 222 195 60 214
    129 18 24 77 159 133 151 167 227 29 123 89 112 60 191 0 63 25 45 178
    92 203 192 165 20 84 152 224 91 212 30 96 98 170 131 241 82 56 92
    149 25 67 195 181 4 156 144 232 135 206 57 247 249 242 222 127 172
    255 175 41 112 37 19 184 127 152 54 119 39 50 220 6 208 114 50 255
    141 239 53 66 224 241 233 244 180 183 1 208 171 15 231 76 138 232
    223 168 47 85 53 100 139 58 90 172 216 132 139 17 9 206 28 60 43 8 8
    250 158 188 88 196 202 40 192 105 106 74 100 233 219 60 84 77 158 3
    11 157 198 254 178 163 180 19 136 184 57 80 249 172 49 177 187 212
    231 56 166 159 43 14 163 27 122 189 62 226 79 98 140 5 156 48 86 22
    7 153 239 79 55 182 235 77 72 74 185 159 124 98 62 56 50 217 236 73
    121 46 23 149 5 92 87 185 153 230 205 19 83 178 153 17 248 110 152
    125 18 126 247 122 78 167 164 115 168 231 145 100 230 40 197 140 55
    202 164 0 192 5 174 84 51 70 229 5 38 4 197 229 49 109 94 5 79 247
    200 239 46 4 35 127 153 2 212 1 213 171 57 102 184 235 228 238 99
    139 130 129 250 165 6 168 7 178 142 168 180 180 20 255 210 163 112
    116 10 212 201 211 220 25 66 162 156 12 25 49 48 8 151 114 64 78 125
    149 238 125 6 253 197 92 124 131 45 191 147 220 26 231 71 228 233
    211 121 158 254 143 106 9 129 28 8 173 102 144 55 234 136 201 231
    163 124 73 149 69 136 243 180 71 41 245 48 185 203 123 88 125 31 159
    222 239 103 245 104 32 194 121 244 239 174 123 206 240 190 94 103 42
    55 213 242 235 198 60 152 9 84 156 250 232 85 114 56 230 145 205 66
    47 98 202 9 156 178 56 152 205 201 43 253 224 198 207 167 247 127
    167 206 93 90 139 65 197 237 171 144 227 178 180 190 124 38 100 206
    99 186 61 28 165 176 254 135 32 128 64 58 170 200 209 67 44 125 30
    17 250 236 48 37 39 182 173 241 133 205 227 93 231 149 119 25 130 30
    137 68 148 158 215 62 152 59 161 127 239 140 176 125 31 186 250 225
    208 105 72 25 143 106 18 99 178 223 162 215 10 242 190 69 154 127
    160 162 119 201 37 70 173 163 95 212 93 69 161 107 228 232 243 137
    110 38 18 79 78 124 106 166 85 46 26 34 84 11 60 213 205 187 119 215
    64 148 135 86 66 226 81 28 10 33 217 183 175 126 46 19 103 125 39 34
    157 133 252 81 140 165 74 246 196 137 228 41 175 121 69 186 191 50
    118 199 128 69 224 185 106 27 143 217 146 89 134 250 165 118 201 11
    52 160 75 92 28 116 34 178 155 122 163 84 238 54 175 135 12 131 187
    117 75 24 136 128 147 193 85 187 126 19 6 3 7 243 113 9 211 213 22 9
    95 173 170 63 253 225 231 56 120 198 115 216 177 226 252 136 105 14
    0 57 241 17 65 8 113 17 16 150 0 118 47 222 231 84 1 164 249 163 48
    112 193 152 160 98 195 128 162 241 70 112 197 63 242 181 172 51 123
    192 128 67 143 49 216 37 218 173 66 17 95 231 46 147 55 165 108 236
    197 154 101 191 243 4 145 152 122 252 250 99 70 78 105 221 196 6 144
    211 14 230 46 87 101 79 102 133 21 46 25 125 133 16 85 208 110 114
    192 106 213 255 220 26 214 58 129 56 250 204 131 19 109 222 187 147
    208 90 26 212 252 143 152 226 92 32 86 54 74 190 64 96 117 240 4 133
    21 49 80 253 112 194 69 213 168 80 31 158 177 70 158 11 93 51 44 106
    246 44 190 4 82 255 79 130 101 23 164 80 99 188 173 179 28 147 51
    199 220 94 8 188 221 17 82 206 85 212 214 255 164 193 126 115 243
    114 73 7 246 218 30 210 220 164 124 93 152 111 133 88 125 9 110 32
    19 229 145 149 143 236 104 42 69 233 207 139 23 241 111 70 34 88 216
    46 175 121 52 99 148 156 153 210 244 191 44 234 126 208 63 221 124
    52 54 148 31 155 122 161 188 65 33 125 67 7 147 169 228 100 97 166
    186 136 94 130 87 209 174 29 142 174 157 14 218 111 100 46 19 12 0
    108 195 154 85 202 27 62 233 104 83 229 250 128 101 252 164 77 191
    232 250 71 156 2 27 114 41 82 65 241 235 123 16 14 47 188 88 253 97
    250 113 27 241 251 210 177 163 64 152 28 39 251 126 123 172 119 105
    160 12 200 123 152 106 88 180 73 100 29 48 165 116 199 83 114 192 41
    35 243 145 89 162 205 211 214 111 63 133 46 199 199 95 77 4 93 21 47
    50 32 210 40 137 242 158 100 11 31 77 245 109 92 76 21 54 54 108 161
    174 63 34 227 100 147 81 246 229 216 12 45 26 12 152 225 185 32 180
    242 164 249 250 67 85 196 14 241 57 129 87 11 81 21 45 55 70 188 239
    88 211 194 231 137 9 121 144 179 121 223 100 233 0 241 67 5 156 236
    45 172 82 177 202 219 84 194 162 178 249 218 80 243 37 192 87 142
    155 99 201 139 220 21 144 140 186 163 198 62 72 182 39 72 152 240
    162 5 54 132 200 246 118 74 183 13 130 229 77 253 160 50 23 125 192
    8 126 70 166 9 220 30 64 31 137 192 239 197 29 91 215 170 58 11 186
    56 160 203 140 194 219 26 161 95 187 78 59 138 247 35 132 58 254 154
    230 10 236 199 50 8 86 44 242 210 179 54 184 37 38 50 245 96 103 115
    230 231 116 225 255 185 193 85 155 244 224 236 23 103 175 236 220
    127 21 160 50 153 241 13 11 201 56 184 176 155 49 87 225 196 25 26
    142 89 17 188 182 214 144 193 228 36 218 111 112 218 153 106 18 222
    130 87 107 19 203 132 95 149 162 124 223 46 68 9 165 110 135 196 55
    122 171 40 178 231 18 1 73 19 149 246 95 144 73 192 121 217 50 116
    21 42 84 171 247 203 104 97 105 113 229 116 43 173 30 75 60 156 26
    131 182 159 17 69 187 220 95 160 21 29 26 19 74 213 243 243 225 249
    189 18 204 99 253 149 11 120 222 26 126 141 68 217 91 108 117 251
    140 161 146 224 158 119 127 207 163 109 228 191 228 45 166 129 146
    196 109 57 55 58 245 254 206 25 81 158 109 93 20 109 119 145 69 82
    94 112 8 156 138 129 178 98 176 60 86 11 123 204 219 153 52 231 236
    135 188 42 169 199 53 135 53 96 88 24 9 213 208 168 184 113 93 151
    68 180 156 236 96 87 89 167 124 238 89 124 56 65 137 21 118 29 243
    176 230 20 208 146 207 23 103 212 86 233 138 28 248 213 203 95 246
    230 106 149 29 87 237 176 253 44 253 202 33 84 30 172 181 146 174
    228 159 185 0 139 196 122 178 73 111 182 121 131 179 51 22 233 138
    180 103 81 29 164 219 72 12 63 31 147 177 235 52 63 153 90 112 246
    199 159 94 212 135 15 111 236 129 16 129 151 226 169 113 193 49 148
    171 212 76 191 167 84 8 189 118 175 170 241 204 92 222 167 114 180
    31 237 4 29 220 0 129 27 191 17 167 104 174 86 16 51 151 111 118 154
    165 57 117 197 115 10 67 169 147 85 112 67 217 11 203 46 29 231 79
    189 174 135 2 113 151 222 247 15 175 133 130 247 165 249 88 162 211
    73 163 247 202 223 72 2 102 92 61 248 153 55 114 252 159 63 86 223
    216 32 231 184 179 170 117 200 57 148 246 114 26 117 94 77 196 247
    218 253 70 35 161 188 218 109 84 35 82 103 88 247 17 73 217 216 51
    80 200 226 36 11 172 73 34 144 205 226 246 175 147 10 146 77 74 0
    155 46 22 80 153 208 80 85 145 162 35 113 163 214 172 255 100 244
    148 251 72 246 222 106 142 14 162 181 89 240 137 80 186 197 94 139
    53 57 10 63 220 12 183 93 235 23 101 250 240 88 232 197 75 56 88 235
    213 74 150 145 157 7 114 117 240 167 54 52 64 235 7 115 215 208 170
    165 191 116 228 163 231 235 185 35 192 113 68 192 155 166 142 27 122
    92 151 32 239 206 107 219 199 53 168 215 168 211 29 82 125 150 124
    101 9 114 116 149 15 194 49 194 43 91 1 131 180 23 91 120 94 73 15
    162 157 67 208 208 170 74 18 11 46 30 234 91 234 109 223 40 141 88
    243 21 201 141 21 129 3 114 108 18 183 116 61 28 106 242 111 241 65
    253 150 44 85 66 245 86 18 198 99 20 246 210 63 228 238 19 99 231
    172 41 124 175 237 106 172 160 19 144 148 134 235 201 0 46 97 2 116
    245 99 194 238 45 174 9 226 204 163 86 239 136 162 31 165 232 34 166
    86 47 157 52 153 15 183 110 223 19 219 95 180 196 123 206 71 66 39
    19 172 18 222 205 255 4 204 54 88 234 73 20 176 101 78 129 239 169
    95 248 41 7 169 137 219 78 80 42 89 154 4 203 0 185 205 18 51 244
    114 150 29 54 182 231 49 241 18 127 210 66 196 253 174 162 105 44 1
    155 240 36 209 197 167 197 211 200 78 228 161 233 85 246 141 61 184
    44 72 39 147 171 21 239 5 50 119 127 60 20 19 34 115 6 241 75 249
    164 64 76 171 8 62 21 232 248 204 229 241 203 244 83 227 161 148 121
    41 11 176 74 11 98 46 236 117 30 220 58 86 217 50 40 207 143 70 65
    178 225 74 233 226 43 79 76 39 107 232 55 11 220 28 129 15 217 36 57
    206 52 70 235 127 146 69 29 106 26 198 5 130 171 108 34 167 80 41
    137 187 135 72 24 171 154 89 19 106 114 241 55 131 14 135 121 4 251
    95 170 119 71 167 225 90 250 171 4 55 130 128 87 207 29 113 117 181
    95 189 135 56 101 214 224 5 173 237 93 255 14 116 219 103 180 43 136
    3 166 160 58 82 179 66 177 62 220 251 129 33 22 41 105 235 204 84
    231 105 185 93 80 251 70 135 155 148 136 111 81 1 33 106 227 77 227
    31 83 20 199 159 248 252 251 193 46 53 164 34 236 2 105 61 141 8 231
    123 240 203 148 29 115 69 228 218 30 168 194 111 79 129 67 232 23
    217 117 244 162 71 114 181 54 36 23 198 211 238 37 153 167 100 219
    148 120 46 26 202 198 157 223 68 98 35 117 146 89 246 41 237 61 200
    212 227 28 201 189 116 149 58 2 111 132 171 157 102 103 100 158 124
    174 231 222 255 64 163 247 62 201 107 173 94 78 110 251 62 197 234
    123 194 203 133 47 96 25 238 37 116 127 210 251 97 227 214 31 124
    170 100 57 82 171 64 95 86 34 157 139 23 213 242 87 216 2 240 151
    167 169 234 8 32 87 53 52 205 80 76 36 188 8 78 155 113 246 227 167
    41 96 158 107 101 5 69 120 182 87 255 247 217 115 79 201 58 54 203
    65 238 92 101 115 75 210 68 99 139 252 94 86 126 222 215 73 93 210
    60 130 221 150 56 192 198 134 59 27 45 64 146 202 129 81 3 246 145
    232 212 175 157 73 128 214 218 97 159 221 98 132 184 95 150 88 110
    115 140 235 77 168 25 210 133 188 115 8 214 172 228 30 190 184 161
    132 21 223 121 93 230 87 208 134 64 150 96 162 20 213 91 46 237 212
    94 192 54 105 83 91 36 126 199 193 48 68 254 250 34 119 6 38 16 69
    21 49 87 144 89 200 134 10 83 115 157 154 146 199 97 193 252 17 220
    128 14 195 23 108 251 33 195 118 110 45 90 7 47 193 83 90 226 230
    172 4 136 235 63 37 87 115 149 231 181 75 249 165 45 19 33 190 169
    192 186 40 224 255 194 169 27 159 48 42 153 152 177 103 102 173 131
    169 162 240 218 107 75 149 219 173 166 163 91 131 105 91 79 80 2 122
    171 137 59 77 64 245 245 9 102 33 24 39 244 124 158 237 242 75 120
    216 110 236 11 1 57 233 225 55 156 246 14 42 62 166 136 116 71 97
    171 135 136 125 202 188 54 29 124 214 150 238 129 151 174 171 62 1
    133 97 148 171 106 67 114 238 129 218 0 110 183 39 129 69 152 98 28
    34 22 246 10 22 142 16 22 26 43 163 149 69 61 214 210 126 50 38 147
    145 114 122 206 232 252 118 163 16 88 197 43 39 95 55 209 85 208 0
    243 16 116 101 54 169 173 109 87 13 228 199 125 142 213 250 66 83 11
    77 54 196 30 196 92 152 20 115 30 229 139 210 92 255 11 53 111 53 8
    122 49 197 189 210 232 209 16 20 83 240 72 126 126 191 171 195 138
    34 59 186 221 139 95 18 178 83 204 226 17 55 248 250 196 210 26 172
    46 161 40 202 41 175 33 125 244 28 46 129 235 26 99 218 141 150 97
    160 118 125 129 121 133 200 35 158 156 203 127 170 85 26 121 233 250
    234 42 108 103 252 120 184 17 13 247 201 191 216 232 32 13 24 125
    119 132 175 76 174 119 172 57 252 251 51 65 138 167 107 1 133 106 47
    218 138 60 39 236 168 176 123 207 58 90 126 14 29 39 77 155 62 188
    84 173 97 134 246 131 15 196 140 47 125 244 249 146 218 7 47 216 188
    37 12 79 41 68 248 3 187 219 204 244 247 99 216 7 162 126 72 204 117
    42 71 37 30 183 22 139 61 237 59 124 45 77 249 7 101 59 33 199 37
    221 218 30 51 114 70 221 6 217 98 131 206 212 214 106 114 68 202 174
    207 84 7 188 202 150 133 62 153 170 147 156 30 186 5 169 90 177 106
    70 158 33 206 123 123 53 56 39 255 255 51 14 199 198 208 215 15 157
    197 235 5 160 109 161 49 0 7 209 93 32 242 255 104 196 142 123 5 211
    81 23 103 19 217 203 155 161 241 141 34 5 193 175 67 147 137 63 22
    43 62 127 245 50 30 43 214 119 145 186 214 94 128 130 109 148 69 25
    54 159 125 130 204 195 69 68 154 139 47 243 70 127 242 175 193 80
    189 180 149 70 189 199 144 135 159 101 219 204 200 71 117 102 129
    105 54 140 20 254 6 215 159 22 107 137 66 99 147 49 3 43 164 209 185
    229 219 90 102 118 63 34 204 151 121 44 137 199 221 222 136 148 171
    118 105 109 186 34 33 123 130 139 152 197 130 79 77 114 54 21 95 157
    97 232 11 226 158 170 206 47 172 69 35 178 92 72 2 141 175 174 116
    255 12 160 234 39 61 46 187 69 157 146 233 187 247 9 20 27 220 181
    164 64 168 76 41 52 72 136 73 222 106 23 224 154 65 46 115 0 74 97
    145 127 56 28 243 213 144 46 229 12 144 254 221 230 31 216 14 16 196
    166 169 117 228 170 236 45 187 84 138 177 221 68 185 156 113 31 107
    123 90 54 33 12 22 67 37 89 97 78 147 194 111 190 97 41 203 62 118
    140 122 228 252 122 9 111 119 140 129 66 21 47 87 247 129 237 69 143
    203 221 44 254 166 98 106 15 185 114 162 203 240 230 47 73 69 160
    181 124 133 120 6 172 102 248 133 50 226 2 54 96 251 205 213 123 28
    66 19 187 41 50 75 158 194 202 213 8 235 251 0 117 162 4 220 162 225
    192 182 247 109 3 7 103 235 169 162 28 22 210 205 226 147 98 119 147
    168 62 229 115 125 149 135 232 213 244 64 214 118 219 31 247 170 46
    235 26 177 157 181 27 106 27 189 177 81 221 241 156 5 45 83 69 214
    219 20 100 67 22 184 166 111 196 86 119 180 54 87 184 217 89 149 55
    64 143 189 244 204 202 115 84 19 12 123 137 95 231 11 167 224 4 163
    158 114 181 93 18 171 96 183 165 159 59 112 231 24 127 68 198 218 70
    41 163 51 133 236 181 233 79 133 96 186 102 221 101 212 252 190 110
    177 144 47 42 176 138 195 137 18 1 126 202 121 139 91 220 28 114 166
    81 253 135 52 153 250 156 20 43 180 162 153 13 216 153 254 133 32
    190 200 218 199 159 45 121 0 215 179 78 229 153 173 253 238 70 248
    14 63 204 177 147 17 145 243 224 107 13 5 181 174 142 219 213 18 148
    28 159 177 100 48 244 242 118 174 26 97 147 41 37 71 227 92 222 39
    208 7 118 149 65 7 123 14 250 196 138 118 172 36 41 3 141 187 17 34
    98 126 252 242 15 115 228 77 41 16 189 39 108 21 66 168 198 152 250
    44 216 55 194 182 130 157 244 104 173 211 174 22 38 33 10 148 88 248
    143 193 80 51 224 41 6 87 253 50 82 72 162 89 148 149 238 175 116
    123 129 169 54 95 243 29 38 2 253 171 51 246 27 4 224 6 162 158 186
    255 24 144 43 41 121 4 81 34 248 92 152 37 60 133 54 166 114 81 224
    161 62 61 126 46 39 194 216 97 232 120 59 98 88 167 14 182 52 129 51
    149 47 110 81 155 102 81 10 197 218 247 152 30 36 197 139 71 255 98
    58 90 4 153 178 196 85 109 161 159 154 220 62 168 106 20 118 246 104
    88 190 163 63 22 55 114 76 44 11 228 67 196 6 48 129 221 201 143 106
    252 220 87 7 3 196 61 45 169 192 18 211 48 235 178 204 201 45 111 93
    234 135 3 104 1 164 227 234 208 247 108 238 229 205 13 212 18 51 185
    9 154 213 11 207 212 183 100 116 56 229 248 228 22 0 4 76 192 82 164
    183 250 45 98 95 106 34 56 228 190 16 21 36 222 4 93 154 9 98 35 102
    173 164 50 26 244 230 71 29 169 237 146 66 92 139 161 188 189 215
    102 131 30 184 224 200 12 133 64 158 158 94 222 175 41 124 158 207 6
    172 214 86 215 250 183 87 121 104 79 234 240 210 87 31 198 254 71
    124 210 92 117 83 208 90 173 101 55 88 2 45 31 212 86 10 169 176 178
    98 118 238 233 48 232 125 26 191 144 94 64 161 12 93 214 175 77 143
    173 230 237 147 168 167 9 175 206 156 1 36 143 123 34 216 209 154 60
    218 246 202 66 89 239 206 67 103 237 80 12 13 93 18 61 44 28 216 6 2
    7 99 161 51 25 181 73 150 153 222 33 91 178 122 203 57 48 1 147 236
    43 10 15 26 136 3 131 227 242 192 56 69 34 96 2 111 254 5 195 28 149
    63 23 128 191 39 14 24 85 167 35 182 157 19 89 132 121 30 83 58 218
    11 38 164 14 187 70 115 229 56 185 18 41 216 96 164 139 94 159 219
    66 247 100 193 90 243 198 55 183 1 145 236 111 97 115 59 52 200 231
    88 209 108 236 249 139 160 246 198 183 241 71 66 88 101 66 238 242
    24 183 108 37 224 101 136 187 91 48 36 73 93 166 92 158 174 161 196
    83 7 146 151 67 179 163 88 74 232 47 93 33 57 222 90 41 122 66 222
    201 103 11 132 138 55 147 171 211 71 60 125 167 128 111 239 99 3 166
    99 146 184 87 189 100 43 93 142 140 58 163 220 130 239 133 80 83 99
    205 167 97 170 241 34 121 175 235 90 198 105 186 58 230 136 20 146
    12 108 75 95 168 236 86 168 169 223 170 138 97 251 255 228 40 51 141
    75 173 38 53 195 75 232 222 147 255 230 74 138 15 49 103 206 76 133
    204 24 190 171 100 69 123 116 39 16 205 210 37 249 206 187 28 228
    244 84 12 191 202 254 149 96 35 82 93 228 121 247 174 126 156 104
    195 152 231 71 83 226 141 68 11 26 56 236 30 178 114 63 152 101 207
    159 67 146 82 240 230 27 63 211 248 135 230 62 249 168 119 30 132
    203 74 129 21 118 167 12 103 52 192 37 134 61 100 135 231 196 74 38
    172 167 52 41 175 250 91 1 43 174 143 0 177 223 221 27 55 132 70 105
    59 70 113 78 120 240 48 181 242 244 128 186 140 109 5 143 166 134
    226 249 70 32 118 218 152 166 163 234 202 208 17 135 84 232 174 31
    48 67 84 240 62 121 207 32 57 217 76 83 111 164 217 197 232 107 47
    53 118 195 136 120 100 96 139 54 140 197 54 21 64 98 225 116 143 230
    30 252 114 150 230 130 243 82 186 179 160 1 24 100 254 240 57 70 33
    174 7 230 45 21 220 10 84 160 236 53 41 164 114 124 3 218 87 132 129
    140 40 44 15 64 0 116 195 132 75 23 157 143 196 33 88 64 113 219 255
    82 181 148 15 231 186 55 37 78 141 105 215 56 227 13 182 99 31 21
    119 214 10 222 35 9 33 1 179 94 193 208 105 52 82 166 48 171 192 177
    57 17 211 181 63 96 77 219 110 157 16 229 107 242 66 130 102 169 210
    40 179 43 40 14 188 29 27 103 10 73 141 2 194 132 53 202 23 182 165
    54 232 235 162 19 99 255 173 200 23 244 246 244 194 173 77 46 150
    179 132 121 56 189 114 191 212 176 70 32 228 114 247 54 24 34 129 28
    102 240 111 230 209 253 20 95 191 60 222 162 76 29 97 165 132 39 195
    119 107 158 194 95 210 70 85 25 157 57 66 50 135 217 17 241 211 77
    199 210 160 158 147 199 60 86 225 183 141 254 114 109 164 75 241 173
    165 224 43 3 102 104 222 224 162 208 60 79 49 239 251 190 166 211 60
    133 22 208 70 89 105 141 218 229 166 213 162 90 47 45 186 197 242 32
    52 183 137 48 18 156 249 188 217 124 154 240 52 101 248 204 20 76
    244 65 64 23 166 236 214 166 47 114 79 197 134 39 157 177 188 46 188
    255 5 192 236 15 184 14 186 62 162 6 175 85 164 174 24 215 13 4 243
    31 251 90 215 161 229 243 88 69 177 200 22 150 232 161 78 203 39 71
    82 131 96 96 122 2 188 28 5 163 200 253 250 140 249 146 63 100 227
    22 79 108 173 22 4 188 75 57 136 130 164 193 65 63 239 69 100 236
    148 133 30 254 168 31 129 223 202 177 13 43 206 125 188 67 79 129
    117 57 141 249 184 75 236 85 38 183 201 144 59 9 97 223 98 112 72 58
    18 154 5 187 243 149 191 11 123 144 161 144 195 183 216 226 75 234
    196 88 11 69 187 202 52 177 205 82 111 165 243 135 168 39 27 23 98
    54 147 109 222 12 78 158 249 24 234 2 165 19 151 155 96 20 238 48 39
    205 174 53 177 186 14 222 30 196 219 6 144 131 36 108 90 108 100 63
    202 47 215 146 24 247 17 164 255 192 142 248 58 46 17 16 134 18 218
    198 118 42 61 136 38 201 173 125 97 138 10 242 10 100 171 7 174 234
    141 205 219 99 142 65 89 248 102 34 158 74 137 191 104 73 118 33 60
    131 86 151 131 52 88 234 22 254 190 170 25 232 97 66 47 9 79 112 117
    209 147 254 93 205 121 108 105 56 238 239 253 169 38 130 250 169 44
    223 79 0 54 128 21 23 22 88 3 21 73 126 254 48 35 155 30 53 74 68 80
    46 67 22 68 139 113 1 171 84 157 50 24 202 94 81 66 31 216 2 42 184
    173 160 53 130 25 122 100 168 52 161 143 49 48 112 10 42 144 91 170
    249 35 201 68 211 148 62 48 52 76 160 96 69 168 79 19 89 120 221 45
    144 17 210 88 117 71 233 179 164 136 171 129 164 75 93 149 40 168
    255 228 149 102 179 130 59 255 104 240 101 241 16 117 12 187 255 72
    200 88 204 216 48 160 82 94 11 118 56 97 112 67 7 178 60 183 51 58
    86 122 72 42 29 140 190 81 215 94 196 157 166 174 134 8 185 80 164
    206 220 71 110 187 44 59 159 143 252 145 175 21 235 248 153 86 51 14
    35 236 134 225 99 2 249 14 20 237 181 58 43 238 58 108 213 181 235
    129 107 92 229 186 153 128 4 228 65 169 203 56 113 145 132 118 121
    189 78 95 25 247 13 120 199 50 173 122 8 50 203 128 150 53 55 35 41
    214 175 182 185 108 237 176 164 93 0 101 156 228 39 173 249 158 76
    245 255 5 169 53 185 207 139 229 100 175 90 147 89 205 146 187 182
    198 240 104 188 205 238 34 179 249 234 221 148 247 170 134 91 124 10
    133 146 4 124 133 57 189 141 61 209 160 46 130 43 168 34 101 79 154
    53 227 167 49 72 126 26 181 114 182 189 85 95 184 163 188 80 244 55
    105 1 203 71 22 50 147 150 245 230 38 183 145 165 36 243 213 147 191
    147 204 217 217 128 125 146 54 16 86 2 126 94 249 58 182 94 142 16
    213 66 42 140 131 0 248 171 124 83 11 48 231 11 1 148 70 170 20 20
    200 97 103 13 159 39 139 100 144 129 226 146 38 115 227 24 145 253
    51 163 209 123 232 113 189 111 168 233 156 224 194 73 48 33 114 135
    246 232 161 95 63 85 76 129 252 56 48 241 59 164 81 181 175 170 26
    36 45 84 241 241 163 118 16 57 231 92 64 157 21 10 160 228 126 205
    206 61 134 102 65 227 28 120 29 114 109 37 221 101 4 107 152 188 62
    47 26 232 144 44 111 152 161 67 22 75 203 88 118 187 249 33 187 225
    100 175 130 121 51 179 111 45 19 105 11 240 104 233 208 57 135 211
    202 37 43 43 3 248 33 41 12 86 214 216 0 24 125 80 254 67 112 63 25
    255 60 254 3 25 180 193 156 45 252 60 150 138 183 252 178 209 208
    127 37 104 30 191 109 81 131 46 146 28 198 244 229 78 210 209 18 43
    113 182 16 85 249 184 200 80 125 197 35 215 185 129 222 60 148 136 2
    98 194 49 93 6 110 176 170 215 229 73 35 112 77 51 114 223 169 187
    253 136 217 164 192 56 183 20 133 5 54 65 71 70 16 184 164 174 133
    206 179 149 155 80 249 181 73 88 57 21 178 66 207 35 206 63 70 123
    132 206 214 97 242 176 71 14 59 209 168 162 227 249 223 86 8 93 251
    6 31 55 2 116 229 96 205 2 197 54 88 169 48 250 210 15 40 185 5 235
    249 0 4 197 109 17 183 151 104 126 195 89 177 17 60 138 53 192 202
    202 120 108 87 127 61 69 139 126 62 132 182 106 186 100 61 214 147
    25 155 125 80 94 224 101 170 249 185 238 162 19 113 194 80 176 95
    255 50 131 41 155 26 100 77 206 91 153 152 101 99 60 183 168 74 161
    100 154 193 51 31 247 72 95 114 2 60 251 171 117 190 107 3 17 167
    109 170 2 83 100 168 215 112 199 98 166 111 161 172 24 57 31 214 156
    165 155 100 237 15 39 208 235 247 145 33 192 241 65 55 149 105 222
    71 159 79 197 90 8 219 81 191 30 69 228 31 133 248 141 81 171 44 79
    54 236 153 136 178 252 108 154 130 164 63 82 113 132 216 212 67 228
    61 107 140 71 148 2 82 114 232 20 1 118 248 73 20 91 220 15 220 77
    123 231 48 132 114 18 51 126 224 233 94 40 3 124 167 80 169 242 98
    127 40 14 130 251 69 107 237 213 183 35 161 93 66 34 151 218 14 38
    48 3 245 11 21 165 166 25 233 113 29 118 245 87 106 217 220 243 255
    13 22 117 70 125 129 128 5 82 69 46 35 102 69 33 201 34 177 90 191
    142 25 115 214 126 38 226 118 248 212 174 114 160 190 128 51 245 21
    85 37 217 19 13 78 33 93 202 89 238 100 186 242 13 65 244 77 15 61
    70 6 224 27 164 66 157 79 102 243 77 78 11 3 122 55 179 70 149 13
    110 235 4 70 199 181 122 48 37 41 246 32 127 203 164 162 38 177 89
    81 25 136 20 227 34 4 121 212 19 109 229 233 186 115 219 233 225 158
    233 141 97 183 182 215 25 34 138 184 11 107 234 13 218 241 53 229 73
    74 199 146 24 37 191 171 187 34 13 144 185 94 130 15 214 162 240 24
    53 65 19 122 175 85 50 179 248 230 139 139 104 15 150 82 59 231 187
    83 28 171 93 79 188 70 235 223 220 219 197 144 165 8 8 64 35 171 166
    32 126 219 101 254 91 216 135 135 172 78 16 49 46 191 208 184 1 52
    252 189 29 103 109 107 20 155 132 177 40 96 63 41 27 164 165 52 195
    117 147 207 185 130 87 56 231 229 201 55 255 9 71 212 242 103 126
    119 190 6 138 95 117 200 161 72 8 114 71 112 107 66 74 26 171 252
    203 43 120 114 65 136 154 85 211 55 186 9 99 173 204 220 137 221 215
    99 28 150 238 115 117 136 20 61 142 105 201 176 108 13 221 144 111
    46 214 189 200 192 29 192 242 93 5 236 219 165 100 148 50 207 214
    149 206 172 184 233 153 156 9 52 64 15 59 100 180 138 106 180 29 15
    75 35 133 176 221 230 246 199 224 42 124 222 133 255 118 4 93 202
    240 194 46 65 225 164 130 222 92 228 113 1 142 39 44 68 92 38 94 10
    39 187 66 163 221 42 162 15 133 53 157 149 173 126 186 182 44 49 238
    151 6 217 87 119 68 42 42 110 176 153 116 86 209 48 33 53 49 24 114
    184 237 51 100 243 32 225 45 84 96 129 191 90 179 119 196 194 143
    227 3 203 62 190 54 180 94 113 213 219 41 111 17 198 0 103 239 98
    155 244 64 139 7 234 54 73 24 65 104 255 125 38 38 215 104 20 207
    176 249 62 53 147 220 35 42 186 167 130 103 19 168 154 49 109 29 23
    232 84 104 53 7 68 107 42 221 168 2 221 87 122 237 120 36 185 80 201
    38 39 224 249 150 69 119 167 158 190 202 12 186 142 233 130 197 20
    127 203 21 171 108 139 241 76 232 175 213 255 86 163 20 246 84 254
    56 18 204 87 225 165 109 11 161 236 240 248 99 142 159 35 179 225 15
    252 250 109 127 18 214 197 117 53 107 131 181 179 127 215 21 106 119
    222 181 85 212 34 75 28 182 192 176 110 73 180 167 133 220 232 146
    148 57 187 137 141 113 118 226 165 112 204 181 53 6 194 149 215 205
    80 113 25 58 228 45 28 70 107 255 75 6 178 3 16 106 135 41 247 180
    211 154 201 13 79 228 40 178 5 48 179 138 91 137 144 12 213 124 168
    222 208 96 117 247 168 146 32 58 249 173 75 165 78 9 225 249 39 197
    223 67 151 168 228 110 56 144 27 201 174 66 42 173 24 100 70 215 237
    1 73 43 213 56 173 206 230 8 35 142 160 70 212 226 123 196 207 222
    55 12 84 107 210 48 155 211 62 29 179 35 198 218 194 184 244 120 143
    91 230 152 151 230 227 147 112 107 129 132 15 232 147 185 199 12 180
    150 198 176 231 36 186 54 71 237 207 167 129 154 108 88 254 230 119
    20 137 90 68 105 141 189 62 159 194 54 136 31 65 95 169 236 78 159 6
    70 144 16 142 245 172 22 76 95 185 211 47 72 201 30 175 255 167 35
    54 71 92 238 240 61 2 248 72 165 62 51 81 225 148 151 134 128 147
    155 202 153 110 34 227 137 94 61 100 215 68 237 125 221 26 1 71 110
    140 238 97 16 173 140 119 66 74 83 136 26 78 36 51 49 140 55 246 75
    66 9 67 170 94 55 26 20 2 157 172 65 242 71 114 248 112 224 134 74
    80 78 140 190 147 28 185 193 218 16 60 80 179 65 94 110 36 216 241
    163 242 0 235 105 200 128 20 79 138 66 136 220 201 104 179 171 41
    110 217 109 177 121 175 218 163 9 255 59 11 141 221 19 190 175 21 12
    68 227 212 62 235 44 168 161 10 109 179 76 213 18 102 132 200 234 16
    234 101 46 16 183 27 55 104 142 206 152 139 70 44 218 85 114 101 61
    246 63 169 239 22 28 108 25 49 232 230 238 144 11 134 85 207 251 207
    109 93 235 96 45 108 98 197 109 194 252 6 199 247 74 53 8 58 127 219
    105 46 15 2 140 4 59 236 246 136 131 205 237 37 184 206 209 113 121
    254 50 217 166 42 141 122 149 10 123 130 74 34 104 23 231 117 17 206
    236 156 210 175 116 85 209 86 103 195 68 106 233 192 201 240 110 145
    223 5 252 73 138 243 5 97 185 88 30 254 39 204 27 21 65 96 14 143 82
    13 64 226 84 148 142 221 122 89 0 135 67 168 124 116 157 63 87 149
    225 205 154 195 169 141 218 180 209 73 151 231 38 54 68 223 210 182
    136 29 211 182 57 76 108 126 133 206 5 125 153 183 106 70 215 235 14
    229 195 44 251 77 96 84 59 248 24 14 49 179 79 197 252 160 35 38 98
    206 255 193 78 235 231 95 252 51 96 163 249 230 224 221 247 246 207
    81 151 250 146 132 250 231 36 71 252 243 59 212 45 90 179 233 250
    141 194 19 173 214 166 5 211 167 69 61 116 45 7 15 245 72 210 39 47
    69 75 59 171 115 224 33 42 63 20 120 9 137 103 225 250 45 178 189 51
    150 215 171 197 43 2 44 189 74 33 211 88 2 100 198 182 166 52 13 191
    230 178 247 7 39 8 186 169 223 84 190 99 13 204 184 15 40 20 13 68
    204 43 101 124 10 31 21 165 215 227 234 105 136 97 71 243 208 45 175
    66 75 157 168 11 57 93 137 71 156 234 191 30 226 70 252 140 59 179
    179 144 153 30 145 241 207 70 121 218 229 54 80 78 233 72 147 66 82
    13 59 132 214 101 50 248 243 174 61 15 146 21 140 217 67 213 133 121
    38 208 37 183 8 145 42 70 30 189 81 86 75 153 192 217 165 140 247
    177 150 204 210 246 225 224 215 126 89 31 30 175 135 46 52 231 205
    144 17 27 95 187 85 244 200 198 111 241 243 168 100 64 250 162 49 87
    31 129 238 35 11 181 110 198 28 70 227 232 125 242 77 30 213 165 106
    250 35 221 25 75 36 126 249 53 14 128 54 203 6 122 111 75 81 51 20
    171 254 255 183 224 202 39 151 164 26 144 234 54 112 222 228 32 242
    212 198 61 253 195 145 69 1 105 167 165 176 236 218 72 226 128 8 226
    46 142 112 12 49 140 227 107 42 139 57 58 48 212 5 223 96 3 143 231
    5 32 201 6 63 16 4 165 154 132 134 18 152 135 115 48 171 250 81 66
    54 214 52 210 198 22 129 236 147 177 106 95 18 102 91 253 230 238
    255 40 96 141 171 35 8 188 193 174 73 118 215 231 74 205 150 222 50
    197 79 25 14 62 135 165 1 98 69 178 121 55 95 130 182 80 210 117 184
    14 164 154 183 165 162 205 155 118 110 148 44 14 188 163 58 85 151
    203 158 122 235 65 190 231 236 165 169 248 141 112 152 167 50 215 79
    187 87 234 41 57 252 133 79 26 75 114 94 24 122 5 220 91 40 236 93
    77 141 149 234 142 84 131 184 253 45 65 65 128 140 132 221 214 73 74
    188 201 229 237 103 130 75 53 10 112 107 14 236 150 170 146 198 207
    22 133 169 66 49 133 252 2 90 225 18 69 216 249 237 167 29 175 13
    150 179 44 60 250 13 97 50 5 110 18 91 28 186 89 203 113 128 174 233
    117 253 124 117 89 14 76 135 58 39 90 228 57 36 42 35 194 85 30 171
    165 231 48 151 48 157 8 81 207 131 140 64 213 155 251 34 144 144 26
    155 10 190 77 138 250 109 101 130 129 136 33 24 253 195 74 247 181
    244 95 253 0 55 186 129 179 215 62 147 74 42 184 8 72 155 139 54 122
    122 173 29 167 182 14 200 88 31 22 89 102 11 164 193 66 97 78 245
    231 47 177 127 111 223 43 2 192 235 66 13 151 127 35 108 225 125 191
    174 246 23 101 60 73 216 53 83 79 145 70 63 14 254 20 94 41 94 223
    29 72 42 118 203 142 71 167 233 76 143 115 194 217 228 53 15 247 243
    145 181 126 6 149 233 108 84 105 26 141 68 217 12 111 200 78 22 47
    106 93 62 6 43 233 78 55 240 178 227 188 18 241 201 45 41 187 182 92
    141 34 2 61 168 218 12 168 41 175 144 83 154 194 112 173 163 2 152
    198 188 81 66 193 35 84 11 48 163 235 255 153 64 28 211 15 85 232 65
    203 195 96 175 1 139 93 92 96 251 184 159 42 111 161 252 121 85 132
    242 225 18 251 219 251 254 166 56 253 184 55 136 233 222 233 179 184
    133 197 143 74 125 44 215 169 117 209 172 43 84 238 61 18 159 6 156
    218 99 66 121 155 64 40 195 9 206 73 180 88 216 5 191 229 154 63 19
    46 220 138 188 29 197 142 226 139 30 198 96 43 90 116 109 119 10 215
    123 250 62 223 68 188 31 176 45 240 67 52 23 35 102 174 130 5 231
    108 173 157 67 140 20 212 203 111 111 64 234 73 51 149 203 73 168
    200 224 3 192 76 72 125 180 247 131 193 164 88 187 102 182 164 156
    226 212 190 57 170 16 76 249 44 143 63 41 7 6 109 254 146 186 79 133
    205 92 234 90 242 37 196 30 52 158 13 45 247 236 87 115 176 31 140
    70 178 9 228 173 109 109 223 17 11 101 126 72 86 18 13 77 101 94 16
    42 188 124 183 86 23 217 117 83 112 153 78 222 248 34 231 167 173
    117 40 164 121 252 122 63 49 127 103 3 83 199 216 42 63 253 70 250
    122 222 194 190 100 156 94 178 48 203 196 163 171 81 11 174 78 131
    234 140 72 90 232 186 62 114 91 168 95 207 65 211 5 29 103 103 3 33
    87 179 156 241 45 31 230 147 135 63 106 243 83 61 92 146 26 177 201
    206 191 145 177 102 170 37 212 92 67 169 69 3 58 6 175 250 165 247
    176 53 136 27 97 69 139 102 249 253 214 2 226 133 84 92 223 154 114
    48 238 7 200 180 70 94 110 29 149 75 77 135 178 199 116 59 138 4 204
    147 150 101 87 179 164 54 239 172 181 160 190 67 199 212 213 233 148
    182 77 58 255 105 209 133 132 121 118 140 37 204 222 150 169 213 246
    170 144 228 40 1 127 17 54 65 229 178 65 204 109 18 87 128 192 23
    108 150 110 78 28 2 26 144 95 118 199 160 231 60 175 31 252 191 39
    98 58 143 137 178 1 214 55 250 182 54 81 173 248 144 194 230 186 40
    195 214 220 36 235 241 41 193 214 100 197 24 197 40 175 41 139 34 28
    86 40 28 22 143 67 37 25 37 177 54 162 202 141 33 5 183 205 39 95
    192 148 30 9 101 46 62 38 26 193 17 214 14 78 218 20 205 170 190 209
    106 152 43 162 171 150 31 47 205 102 215 103 249 143 80 109 127 76
    204 119 141 54 210 244 60 60 45 84 163 209 59 168 107 227 37 133 18
    222 229 28 218 78 103 157 101 57 51 205 166 90 176 99 20 43 200 253
    144 241 17 173 204 223 166 155 91 222 24 248 164 19 75 198 234 181
    120 109 92 109 240 41 226 228 122 17 42 163 153 161 96 255 98 162 36
    243 244 21 253 135 236 232 51 226 97 54 13 95 184 238 196 7 229 208
    118 209 172 107 80 105 92 176 58 33 112 115 66 235 133 231 5 236 100
    26 161 54 245 220 251 178 235 248 141 81 117 233 51 174 51 24 48 252
    82 23 183 120 12 168 230 166 210 118 2 40 85 160 146 211 131 109 114
    235 95 94 57 27 13 147 110 101 149 22 201 155 186 188 157 34 230 173
    252 146 6 30 74 50 191 171 132 98 62 211 94 164 144 37 48 131 49 183
    60 28 232 58 125 161 101 212 37 23 78 168 17 66 18 30 107 122 167
    153 79 75 96 170 86 200 83 138 237 141 32 16 120 156 158 67 110 12
    224 203 17 108 51 124 183 82 175 146 139 145 79 163 116 154 215 45
    74 105 16 44 80 242 5 215 53 54 91 255 117 157 20 191 82 252 28 127
    189 217 46 110 33 38 207 148 97 235 205 176 70 58 62 255 213 155 164
    219 213 240 159 229 196 160 202 67 41 224 253 80 112 177 110 123 87
    61 11 26 73 214 67 53 30 240 188 221 15 227 69 21 123 155 64 27 51
    156 140 140 14 41 224 208 215 8 95 11 37 93 151 113 204 211 16 200
    101 236 234 127 170 33 117 159 243 79 121 251 158 12 22 108 196 97
    123 222 31 189 172 191 91 253 65 180 110 227 209 202 182 251 4 78
    141 195 0 0 196 79 2 79 73 167 44 124 66 145 4 78 170 51 2 248 170
    128 142 60 46 79 168 195 240 236 60 2 50 144 205 50 89 139 68 105
    104 148 187 82 166 123 100 113 108 58 210 215 153 119 87 41 206 239
    154 232 109 0 147 188 175 219 74 203 97 91 207 50 174 239 113 102 2
    28 59 205 240 155 249 23 116 251 33 30 77 109 93 170 159 109 22 100
    255 117 154 60 102 187 121 140 192 103 24 185 88 3 140 187 143 162
    232 62 215 185 2 171 119 88 227 252 130 117 53 127 144 184 192 116
    213 46 178 125 182 206 180 32 245 49 174 219 248 243 33 181 240 148
    187 83 39 95 162 166 93 64 239 208 60 9 182 63 104 18 14 19 117 15
    11 181 60 51 174 145 20 191 241 121 165 6 135 51 57 116 179 43 212
    241 223 178 210 135 0 143 69 236 173 84 186 213 208 24 183 187 178
    213 48 142 172 9 98 45 196 104 200 58 182 25 150 160 169 22 153 46
    147 105 14 237 101 208 192 101 122 219 218 144 119 188 30 225 42 68
    214 227 223 107 94 19 159 111 56 182 113 29 72 132 238 163 182 117
    190 14 96 162 183 33 92 160 227 88 33 22 62 55 11 38 77 235 132 144
    0 65 7 177 145 22 144 67 232 208 180 13 134 49 118 224 105 80 9 135
    0 211 246 59 111 179 47 59 175 228 183 172 76 121 20 229 148 10 230
    254 243 51 164 195 247 247 123 76 19 184 60 249 14 146 102 54 60 167
    159 61 32 146 109 162 99 1 108 233 58 180 160 191 126 229 153 14 52
    210 151 89 224 5 45 95 104 29 9 234 167 140 157 3 204 218 151 89 102
    245 64 181 249 82 107 190 144 87 82 68 22 58 43 72 98 118 209 102
    168 68 16 93 146 6 60 246 56 133 15 61 150 250 174 90 92 243 221 107
    126 12 92 103 7 240 8 46 4 217 31 127 177 20 203 188 42 150 196 243
    179 150 41 231 38 233 86 135 36 84 18 246 4 234 90 203 96 95 167 127
    128 70 62 244 248 0 252 116 205 191 24 112 57 221 7 48 126 106 150 0
    192 101 164 164 232 21 151 12 201 153 31 175 32 56 97 172 193 138 50
    206 134 235 73 94 221 9 230 210 119 206 158 19 104 39 216 17 192 117
    77 207 197 170 29 25 7 57 180 27 186 228 43 176 148 80 206 111 81
    134 122 6 65 31 21 149 81 168 48 173 80 70 126 9 41 180 193 169 119
    146 136 161 133 108 224 23 48 249 26 226 120 158 98 45 51 182 236 3
    87 157 68 28 173 19 190 167 0 36 5 154 187 19 201 127 8 52 220 88 89
    143 155 170 115 87 149 167 165 212 100 223 191 72 73 135 179 178 160
    103 215 177 159 22 39 109 105 20 220 166 221 75 45 200 30 242 76 187
    65 129 34 122 125 26 245 153 215 10 4 224 240 33 142 216 137 133 248
    31 253 129 15 194 198 150 35 200 141 136 155 59 194 228 168 110 51
    100 155 24 250 166 173 137 152 212 189 231 177 102 139 141 60 189
    112 14 229 175 155 100 153 56 118 82 156 28 184 119 235 99 156 90
    133 200 172 183 136 52 228 134 37 130 207 228 174 221 88 145 118 160
    230 6 119 250 11 207 133 238 77 170 225 158 202 29 236 225 223 59
    134 193 20 65 91 23 176 59 81 83 106 148 55 242 47 29 114 123 255 33
    49 149 19 14 135 177 124 111 17 153 101 25 118 244 116 215 184 228
    197 54 37 189 100 5 233 247 76 196 54 183 114 46 40 53 250 81 64 45
    55 248 72 52 230 122 65 204 160 97 99 142 113 178 20 203 136 51 179
    219 214 240 83 21 97 42 32 181 2 196 50 254 30 112 234 107 228 25
    102 126 247 3 194 19 194 225 119 137 207 175 227 76 121 23 33 95 210
    81 181 204 227 4 167 12 243 80 201 247 57 17 61 232 12 24 91 21 8 62
    4 124 74 13 213 148 1 244 238 161 236 41 68 80 13 124 251 12 243 199
    212 47 148 159 6 209 89 113 198 141 144 4 47 47 30 54 133 47 107 242
    68 238 197 169 218 118 175 154 186 186 24 250 109 129 243 14 254 22
    233 36 4 185 0 92 18 184 90 107 181 161 95 92 63 199 234 34 99 169
    77 146 44 253 194 120 134 93 57 155 51 69 125 136 195 110 186 204 73
    227 117 198 60 104 254 196 81 158 118 155 246 189 209 30 81 245 242
    246 186 185 45 143 62 178 218 26 254 175 146 23 206 156 86 31 194
    186 147 245 235 251 31 189 118 163 164 86 178 212 20 79 88 23 228 64
    53 180 71 9 236 144 117 7 8 176 182 20 134 181 105 142 188 4 100 1
    78 142 26 144 201 245 156 124 254 188 98 81 221 132 74 104 129 117
    153 253 111 125 80 136 11 72 227 207 125 203 161 234 8 241 93 177 8
    88 96 54 141 116 197 119 137 224 54 133 48 177 213 218 111 161 220
    203 60 110 146 95 230 184 205 98 201 175 209 23 211 90 114 95 90 45
    157 204 145 253 97 124 112 232 252 101 65 30 242 245 104 147 13 10
    27 109 160 153 22 88 218 21 120 102 251 220 53 87 43 103 178 41 192
    110 4 255 122 186 175 22 206 230 75 227 184 136 234 173 100 78 186
    63 91 0 218 92 0 120 216 106 234 221 230 196 255 81 8 173 238 56 186
    238 184 42 167 145 134 86 212 0 28 53 249 205 125 207 247 157 88 138
    33 255 31 169 74 16 91 197 89 32 18 67 5 196 127 142 241 193 16 80
    225 212 37 88 197 98 208 187 85 132 75 104 242 106 43 230 149 190
    190 238 39 30 5 53 117 40 249 39 142 233 149 106 133 78 226 83 148
    30 75 93 254 110 134 233 31 111 38 215 41 98 142 135 242 49 63 12 8
    9 202 40 253 178 58 190 33 167 83 109 185 65 125 112 4 56 218 163 43
    238 64 224 9 231 28 194 208 238 38 47 39 212 75 231 178 194 83 135
    158 43 169 231 192 116 150 199 2 14 236 150 108 126 172 82 69 192
    142 62 154 196 20 31 156 3 103 13 176 72 243 125 232 3 236 112 19
    189 245 222 75 85 229 26 212 153 155 58 193 209 209 203 134 20 164
    233 235 89 248 54 213 49 223 219 208 132 182 183 99 73 228 198 133
    116 207 182 106 98 195 163 204 18 13 142 191 115 201 121 216 56 98
    183 66 16 19 217 195 183 26 124 10 206 152 33 0 135 116 68 52 159 86
    22 249 41 33 47 234 96 119 76 50 19 110 222 204 170 45 181 180 69
    187 60 211 110 66 2 90 98 69 176 25 144 21 30 134 40 167 220 198 189
    89 41 126 141 151 171 217 109 190 89 58 131 183 12 68 65 55 73 221
    197 118 54 200 217 138 31 203 101 173 122 71 205 174 172 132 212 165
    27 216 113 153 9 210 120 252 21 247 244 146 179 84 29 148 126 58 117
    239 126 25 214 180 19 148 111 26 23 81 168 182 8 179 58 144 244 94
    159 213 54 165 218 67 246 158 223 251 183 244 139 1 158 83 98 164 72
    85 143 23 156 33 180 181 25 84 69 62 41 114 149 216 57 229 117 77 99
    102 77 17 233 172 24 1 8 32 243 235 80 133 234 223 68 24 53 164 37
    225 83 164 140 50 175 186 203 15 50 187 60 17 13 236 98 185 119 89
    16 63 99 63 75 201 245 54 248 180 94 161 112 176 2 236 108 232 97
    202 28 227 37 124 165 168 115 72 208 214 186 95 254 207 208 161 9 14
    238 174 213 97 219 173 45 31 116 182 200 49 66 245 45 245 251 222 40
    213 143 1 90 23 32 188 3 113 242 178 106 62 87 45 132 154 40 60 162
    211 202 31 72 37 248 236 11 169 168 67 74 236 117 5 86 253 205 232
    101 190 121 110 31 177 254 249 91 51 52 76 137 212 183 231 110 184
    251 115 19 52 237 179 58 244 140 107 178 79 180 174 216 32 246 2 155
    191 226 74 151 152 248 238 73 143 127 150 77 211 23 24 111 222 136
    81 56 169 11 122 229 11 190 122 246 137 186 133 99 5 52 23 41 81 40
    195 153 42 141 254 5 54 227 249 174 211 214 186 184 138 100 250 103
    243 8 194 5 189 162 171 67 8 216 187 46 98 143 120 163 106 11 152
    104 244 180 245 255 120 158 12 82 122 0 132 77 34 189 237 176 67 155
    246 159 203 23 188 102 234 240 159 222 57 142 159 233 25 170 36 228
    103 186 233 13 24 31 204 114 107 93 101 96 242 49 189 11 49 154 188
    183 102 41 112 146 218 67 170 202 224 222 138 51 202 116 68 85 235
    248 135 109 39 8 23 25 128 62 221 22 70 119 164 237 146 184 242 34
    169 214 59 253 168 135 212 181 53 240 171 98 35 202 249 125 142 109
    57 139 147 94 183 165 222 165 235 151 135 0 174 146 185 32 139 129
    78 180 218 176 26 16 22 233 237 87 252 116 118 44 54 69 38 203 202
    89 170 63 243 255 21 235 7 195 96 83 150 216 227 87 221 217 108 121
    134 118 30 225 13 247 191 3 235 237 137 160 52 17 221 212 144 38 195
    5 12 15 100 125 21 181 68 241 135 44 121 96 242 62 35 72 188 81 211
    189 231 230 20 166 165 17 9 229 135 222 213 68 53 101 187 206 232
    173 64 14 52 61 88 230 239 175 187 156 116 208 141 103 203 161 175
    39 213 216 205 85 162 207 203 207 60 107 84 75 9 73 9 228 39 196 222
    121 200 51 73 211 206 88 72 132 247 92 192 92 169 253 134 172 226
    148 230 111 135 180 128 197 138 87 147 30 92 95 23 39 125 156 20 70
    35 198 253 117 38 152 27 174 135 178 175 44 209 5 246 16 164 82 160
    223 37 47 7 3 121 213 120 48 87 215 252 98 176 29 145 26 1 172 115
    86 202 67 11 130 110 58 51 34 13 239 197 148 243 117 138 232 86 42
    23 160 169 159 240 210 64 172 249 232 254 207 170 215 93 232 136 156
    153 234 58 39 85 184 120 220 67 220 245 38 49 13 17 140 223 73 155
    237 223 82 86 181 146 138 153 152 202 167 30 178 244 50 198 94 136
    38 56 240 29 146 119 176 54 204 65 24 91 99 244 160 246 209 226 126
    69 240 172 67 1 56 178 249 138 221 125 174 26 127 175 164 29 40 157
    109 42 146 124 165 149 86 5 182 24 168 213 115 140 22 196 116 180
    174 40 1 78 78 173 150 192 235 94 190 76 168 61 187 92 14 205 235 62
    59 198 224 5 83 146 249 84 222 4 118 69 183 218 134 239 199 215 61
    224 129 85 27 119 12 169 84 21 28 55 34 64 242 70 57 129 18 98 107
    86 133 70 220 246 15 157 104 90 157 115 230 26 2 246 4 15 51 75 232
    21 88 47 69 168 237 86 233 79 63 188 58 251 2 141 22 48 23 99 134 48
    168 132 220 182 102 90 80 0 130 225 133 214 140 0 188 150 222 249 8
    42 201 15 200 60 98 115 37 129 222 67 36 23 161 194 135 46 234 185
    161 69 25 203 235 224 209 131 109 111 245 22 204 118 84 83 50 251
    180 221 15 155 82 56 62 20 224 172 193 188 116 170 44 228 176 224 63
    57 69 155 246 152 59 206 44 157 150 165 90 244 122 204 231 65 5 124
    27 166 211 166 44 187 105 222 66 171 29 229 247 181 78 89 127 25 104
    219 41 121 200 120 205 194 137 156 114 0 74 97 161 81 234 142 146 58
    175 159 188 33 3 101 252 79 72 48 96 159 185 10 182 91 84 155 85 113
    243 156 4 123 225 24 148 12 144 233 17 82 10 101 168 40 208 124 178
    146 45 131 218 31 89 194 151 45 167 148 224 162 200 177 145 191 25
    46 155 241 43 11 207 188 255 55 71 195 199 31 72 178 24 139 113 50
    114 186 3 9 169 218 55 78 160 189 18 56 21 194 73 102 211 189 122
    214 251 202 81 90 225 1 114 20 128 175 34 169 201 220 140 73 214 213
    92 10 94 200 78 133 174 173 190 21 221 102 180 101 57 150 76 58 158
    219 188 119 26 79 185 10 146 191 86 48 22 30 205 14 126 176 239 204
    69 254 249 63 241 142 206 94 3 206 177 120 26 201 73 112 10 11 23 14
    207 148 132 74 231 172 84 99 163 249 71 61 34 105 201 241 149 39 81
    96 198 38 156 37 81 141 56 147 180 109 67 2 206 33 30 24 203 221 35
    124 108 84 132 12 239 139 198 136 135 47 211 35 156 69 124 16 248
    128 231 23 21 106 239 130 250 115 185 61 27 144 150 90 237 2 28 158
    245 13 101 170 119 147 245 28 246 221 35 81 27 224 219 21 76 8 149
    127 163 33 238 93 112 80 36 109 231 102 44 245 27 142 54 68 133 182
    122 209 173 77 65 168 208 174 76 84 138 48 242 26 58 108 240 169 80
    243 165 137 225 109 14 147 151 38 232 218 201 74 193 169 14 192 54
    85 61 51 120 248 224 186 39 55 24 228 227 114 23 86 128 53 101 121
    96 159 160 95 115 116 64 136 105 77 149 172 124 206 187 195 88 99 15
    222 105 80 123 16 10 163 22 174 3 199 96 109 251 247 75 61 187 150
    179 94 242 249 195 161 78 198 179 105 254 208 197 160 42 184 142 172
    251 224 8 141 24 215 115 30 163 52 96 180 7 218 193 57 185 21 134 87
    126 124 44 14 211 39 195 201 70 194 177 156 101 172 243 63 132 203
    253 151 223 227 29 73 32 163 142 25 165 206 110 148 118 99 161 113
    125 157 190 51 234 248 76 4 163 175 7 19 28 135 129 220 126 67 167
    38 254 112 120 179 108 63 100 154 192 91 14 182 87 45 2 212 63 103
    146 64 241 255 188 97 114 3 73 155 184 131 4 245 145 123 250 145 43
    241 217 95 129 217 234 149 99 63 251 136 94 100 17 150 231 149 117
    222 151 49 83</data></test_img>
<my_img type_id="opencv-matrix">
  <rows>128</rows>
  <cols>256</cols>
  <dt>"3u"</dt>
  <data>
    255 255 0 0 0 255 255 255 0 0 229 255 112 255 106 119 0 0 255 255
    255 0 249 136 255 255 255 0 255 255 0 0 0 255 31 148 0 0 0 0 213 130
    255 109 255 0 102 0 125 255 0 0 114 255 178 255 255 98 71 0 255 255
    0 230 0 221 255 109 0 0 209 255 255 0 255 255 0 224 255 0 0 255 118
    255 0 0 0 114 255 189 255 255 0 0 255 98 248 0 87 146 255 255 0 255
    0 255 255 255 255 255 255 0 0 128 18 255 255 0 0 255 0 255 0 255 255
    255 255 255 0 0 152 0 255 0 190 0 0 255 94 153 0 255 66 0 79 255 126
    35 0 90 0 255 172 0 255 0 0 0 47 255 0 255 182 255 0 255 255 255 0
    255 0 255 255 255 238 0 0 11 255 0 0 0 255 255 83 255 0 255 255 255
    0 0 255 0 255 0 255 189 255 255 22 0 255 255 0 226 0 64 0 0 0 68 255
    101 0 0 0 255 255 100 255 255 0 53 0 0 0 0 255 0 0 0 35 255 0 255
    255 255 255 0 0 225 71 255 238 255 226 0 255 0 173 0 255 131 0 0 235
    181 0 0 0 0 160 0 148 255 255 0 255 0 255 0 255 0 255 255 0 0 0 255
    0 255 70 255 255 157 0 0 255 0 255 111 255 0 255 255 255 0 0 0 0 98
    0 0 255 255 255 200 46 255 0 118 184 255 57 0 228 255 255 29 255 255
    90 99 0 0 255 255 255 0 0 0 255 180 0 0 0 0 0 117 255 255 255 0 17
    11 255 0 255 0 255 0 255 0 0 255 255 255 3 0 82 0 0 0 18 255 255 0 0
    184 255 255 0 50 0 255 88 255 185 255 255 73 0 0 0 255 0 0 0 255 255
    255 161 0 255 255 143 0 215 107 255 255 255 128 255 0 255 0 255 255
    9 0 0 0 0 255 255 255 255 0 0 0 255 255 255 255 193 0 0 0 255 255
    255 141 30 255 255 0 255 0 255 255 255 0 72 255 13 103 107 255 255
    152 255 255 255 78 0 0 191 255 255 255 0 0 255 255 0 255 0 255 187
    76 255 255 255 0 253 0 22 0 255 0 0 216 255 0 255 0 255 255 25 255 0
    255 0 255 0 0 179 255 255 255 255 0 255 0 255 182 38 0 0 0 255 0 255
    0 255 0 255 0 26 59 0 0 0 255 0 255 82 255 0 0 255 0 255 255 0 0 0
    255 0 255 255 255 255 119 225 0 255 0 255 5 255 255 255 78 0 0 0 221
    0 0 0 255 0 255 255 255 0 255 0 255 0 255 0 111 239 255 250 33 0 25
    74 255 120 0 0 255 255 255 0 0 255 255 255 0 0 255 255 255 21 104 0
    255 255 235 255 0 0 239 0 255 255 0 255 15 255 0 0 0 255 255 255 0 0
    0 104 255 0 0 185 0 0 255 0 0 18 255 0 255 0 255 29 255 247 153 0 0
    255 255 255 0 0 255 0 255 153 209 215 168 216 255 255 0 0 0 255 255
    116 175 0 255 255 252 0 255 255 255 255 0 0 96 0 228 0 255 255 255 0
    0 0 38 0 255 0 255 0 8 255 255 255 255 0 0 255 255 255 0 255 255 255
    0 255 0 147 0 255 255 0 255 0 255 255 0 152 0 255 0 100 0 0 0 0 0 0
    13 0 0 255 57 255 0 255 0 255 255 0 255 255 255 0 0 164 255 0 0 255
    255 255 239 0 255 255 255 132 0 0 0 255 0 204 0 255 19 0 255 0 219
    230 186 255 0 255 80 255 255 0 0 0 255 255 255 0 0 241 255 86 240
    255 0 255 0 89 0 0 86 255 255 0 0 58 70 0 234 255 255 68 0 0 154 57
    255 0 173 0 0 255 255 0 0 255 0 255 0 236 0 0 144 255 255 214 255 0
    0 255 45 0 255 255 255 0 255 0 255 211 255 255 0 0 0 255 255 193 0 0
    151 8 255 0 255 0 189 0 0 0 0 0 0 159 255 117 216 0 148 0 255 255 0
    0 255 255 255 0 56 0 0 244 255 255 255 0 0 0 255 255 255 255 255 0 0
    180 255 95 47 255 248 0 0 255 0 255 0 0 0 255 255 0 0 0 255 255 0 0
    0 0 255 198 255 0 0 0 0 0 255 27 255 0 255 0 255 0 255 0 0 0 0 0 0
    59 255 255 92 0 191 0 255 0 255 0 255 0 0 0 255 255 255 255 0 0 0 0
    0 0 255 255 0 0 133 255 36 0 0 37 255 53 0 0 159 0 162 0 255 255 0 0
    247 255 0 255 0 255 0 121 0 0 0 255 255 255 0 148 0 107 255 255 255
    255 0 0 0 255 136 0 255 255 245 0 0 0 255 255 0 114 0 255 0 0 255
    255 0 0 0 0 0 0 0 0 255 189 170 255 255 255 0 0 255 255 255 255 255
    0 255 0 207 0 67 0 0 0 0 255 174 70 0 124 0 99 255 0 0 255 255 255
    40 255 172 255 0 0 255 114 10 255 255 255 0 0 255 255 102 0 255 7 0
    0 255 197 255 255 0 0 113 255 255 255 255 255 255 113 0 0 255 255 0
    0 0 255 0 255 0 0 0 0 0 255 255 255 183 0 255 255 255 255 0 255 122
    255 0 0 0 0 241 255 0 255 255 255 0 0 0 0 0 4 0 255 255 255 0 138
    255 0 255 255 0 255 26 132 0 255 255 204 0 255 255 241 255 255 255 0
    112 0 253 255 87 255 0 6 255 255 0 187 0 0 255 255 1 0 0 0 255 0 48
    167 255 255 0 201 255 245 0 0 255 255 84 255 0 255 50 11 0 225 0 0
    127 0 134 146 255 145 255 255 0 0 255 0 0 0 255 255 164 0 200 255
    255 255 0 0 0 255 255 255 255 255 255 0 2 0 255 255 255 0 255 0 255
    255 87 255 255 255 0 46 0 255 0 170 0 0 255 211 255 172 0 0 255 255
    241 0 0 255 255 0 234 0 0 196 55 0 255 0 255 109 0 56 0 255 255 255
    0 0 255 255 0 0 255 0 255 0 0 255 0 255 255 255 255 0 0 0 184 255 0
    245 0 0 0 0 207 255 0 0 0 255 255 255 255 0 0 0 0 255 255 255 44 0
    253 255 59 251 0 0 0 0 255 0 255 0 255 0 0 255 0 255 255 255 0 0 0
    255 0 255 0 197 0 119 255 0 255 102 0 255 0 29 0 178 0 231 255 0 169
    255 148 103 0 255 0 255 107 211 0 255 0 0 255 255 255 255 0 255 0
    255 255 124 0 0 0 255 255 0 104 255 255 255 0 0 0 0 223 255 80 255
    255 0 0 61 255 0 0 0 255 166 255 0 255 0 182 0 255 255 255 255 0 255
    255 182 255 137 99 0 6 255 255 195 255 133 0 255 255 0 255 26 0 255
    0 156 0 255 0 255 155 0 255 0 0 255 29 246 0 0 255 151 79 0 0 0 255
    0 255 255 255 0 0 0 0 0 163 25 179 0 255 255 97 255 63 255 0 255 255
    0 255 255 208 255 23 255 0 94 255 255 0 255 255 240 0 51 255 255 0 0
    0 110 0 0 255 162 255 255 0 255 0 97 255 82 255 0 0 0 0 255 0 255 0
    255 0 255 0 0 0 255 255 141 28 0 66 211 255 0 255 112 255 255 123 0
    255 0 115 0 255 218 255 255 0 0 0 0 255 0 255 125 255 255 0 0 255 0
    0 10 255 0 0 201 255 0 0 255 255 0 153 255 0 0 143 255 230 255 0 0 0
    9 45 236 0 255 204 0 0 0 0 255 111 255 236 0 0 123 231 255 0 255 0 0
    255 255 240 0 255 54 255 0 255 255 0 255 0 0 219 255 255 255 0 0 255
    255 255 255 255 255 255 144 255 255 255 255 114 0 170 255 255 0 0 0
    255 45 255 0 130 0 255 255 255 0 0 0 0 255 0 255 255 255 254 0 0 255
    0 0 55 0 126 255 255 255 0 255 0 255 255 255 255 0 0 128 255 255 0
    255 0 255 0 0 255 255 255 185 255 255 255 0 255 255 255 0 66 43 255
    0 255 255 193 255 255 142 255 0 255 0 235 255 255 255 83 0 151 202
    255 0 255 255 0 0 255 0 0 124 255 0 255 255 0 0 134 255 0 255 255
    255 255 0 0 255 240 0 255 0 255 0 0 255 255 255 0 0 0 255 75 0 255
    255 255 255 0 0 0 255 255 0 70 255 255 255 53 0 0 0 0 0 242 255 255
    1 0 255 255 32 255 0 134 255 255 0 0 255 0 0 88 0 0 255 200 255 0 0
    255 144 255 0 0 255 0 0 255 246 255 255 255 255 255 0 0 211 0 255
    210 0 0 192 255 255 0 255 255 73 0 44 111 0 33 0 255 255 255 255 0 0
    255 0 0 0 0 0 255 255 255 0 94 0 255 0 255 12 84 0 0 0 255 207 0 0 0
    0 0 255 255 255 255 0 0 202 255 255 255 239 0 0 0 255 255 255 0 0 0
    255 255 255 0 175 0 0 149 0 0 255 255 255 0 255 0 0 0 186 26 255 0 0
    251 0 255 0 255 173 255 255 8 255 0 255 0 159 0 0 0 0 255 255 0 89 0
    0 255 0 239 255 118 144 0 0 1 0 255 255 54 0 255 9 0 147 255 0 0 0
    166 171 0 255 47 255 0 255 117 255 255 0 255 0 0 185 148 218 0 0 0
    119 255 255 255 0 255 195 255 255 255 0 0 255 0 0 59 255 255 255 0 0
    189 0 255 255 0 0 0 255 255 0 156 0 0 0 0 0 255 255 255 0 0 0 0 255
    255 255 0 56 255 255 255 255 0 32 83 0 255 52 255 0 255 255 192 0
    209 0 255 255 0 214 0 0 255 0 255 255 115 113 0 255 255 255 255 255
    220 255 255 0 255 255 194 0 247 255 255 0 255 0 255 0 6 0 0 255 255
    0 11 0 255 0 255 0 255 255 255 0 0 0 193 170 255 255 246 0 0 0 255 0
    0 255 255 47 0 0 0 0 215 0 255 0 225 0 255 0 0 255 0 255 0 0 255 0 0
    127 210 187 200 0 0 255 255 255 0 255 0 24 0 0 255 255 203 0 0 255 0
    255 185 255 0 0 0 255 195 0 0 255 73 255 255 0 245 0 255 255 0 221 0
    255 243 0 0 185 0 149 255 255 205 30 0 255 0 255 0 211 8 29 255 255
    255 255 59 255 86 255 0 0 246 255 255 255 255 255 255 0 0 0 0 221
    255 0 184 0 255 0 255 255 255 255 255 0 119 247 0 0 47 255 255 0 0 0
    0 255 255 125 61 255 255 255 0 117 0 173 0 255 255 255 0 0 0 255 0
    255 255 255 0 37 255 255 255 159 255 0 255 0 255 59 161 255 0 199
    255 103 0 218 205 255 80 0 0 229 51 0 0 0 0 183 255 75 255 255 255 0
    0 234 255 255 237 0 255 255 255 195 114 97 0 156 0 0 171 255 255 255
    0 255 255 0 0 0 0 255 149 255 0 255 205 0 255 0 255 0 255 0 183 0
    255 255 255 218 0 157 255 236 0 0 255 255 255 255 0 0 255 255 0 255
    89 255 0 0 255 0 0 255 0 139 255 0 150 255 255 0 0 255 206 255 172
    255 207 0 0 70 67 255 0 255 49 255 244 0 0 0 215 255 148 0 224 0 17
    255 0 255 255 83 208 136 0 255 0 255 0 0 0 255 255 43 255 15 255 21
    255 0 117 41 255 0 0 255 255 255 0 0 255 79 80 255 239 255 0 0 160
    255 255 15 151 255 255 255 53 255 0 0 0 255 115 0 172 0 33 255 26 0
    0 255 255 0 18 0 255 0 0 255 149 255 0 162 0 52 0 255 255 255 0 0 0
    0 255 154 126 255 0 0 0 255 255 255 255 0 0 255 255 0 255 132 255 0
    255 0 0 55 255 111 0 0 0 255 31 0 255 255 255 0 0 0 255 0 0 0 255
    255 0 0 0 0 0 170 255 255 255 0 255 255 255 0 34 214 255 255 0 0 0
    255 255 0 255 106 0 0 255 255 0 255 255 0 0 0 255 255 0 255 0 0 41 0
    0 0 255 255 0 255 0 255 255 231 0 0 255 255 255 0 255 149 255 0 36
    255 0 0 0 255 72 255 0 255 61 255 0 255 50 0 0 27 255 0 96 255 86
    255 0 255 247 0 187 0 255 255 255 255 0 0 0 0 0 255 0 255 0 37 214
    255 85 255 0 0 189 255 255 0 85 0 0 164 0 0 97 255 255 0 255 0 255
    34 255 0 255 132 95 0 226 0 100 0 255 255 0 0 0 255 55 255 0 0 0 196
    255 0 255 0 255 0 0 0 255 255 255 255 255 255 0 0 169 0 247 0 255
    255 37 0 255 0 0 41 255 255 0 255 111 174 255 0 96 0 255 0 255 0 165
    255 0 255 0 255 141 255 234 255 0 255 255 50 189 0 255 255 152 0 255
    255 0 107 255 0 255 201 255 0 255 255 255 255 0 151 0 255 255 255
    255 58 0 85 154 255 255 255 0 0 0 255 185 255 111 255 0 255 148 179
    0 0 255 0 255 0 255 0 0 247 0 255 0 0 0 255 64 255 172 0 255 0 98 0
    255 97 0 0 0 255 0 0 255 0 0 255 255 149 223 61 0 255 0 255 0 255
    255 255 255 255 186 0 255 209 0 0 0 255 0 255 180 255 0 255 0 255 0
    0 255 255 31 255 0 255 108 57 255 255 0 0 146 255 255 215 0 255 255
    0 143 190 255 255 0 0 0 255 255 255 0 0 0 118 242 113 255 0 255 0 57
    0 0 255 255 156 255 0 255 255 255 255 0 0 0 0 255 150 255 0 255 30
    83 0 0 255 209 255 0 255 0 255 255 0 0 0 0 255 255 42 74 119 255 0
    203 206 116 0 255 255 255 0 99 255 255 0 255 0 0 0 0 0 255 253 0 0
    111 255 0 33 0 255 255 255 255 0 0 0 255 225 0 255 255 0 255 255 255
    0 0 0 228 196 0 255 0 137 96 255 255 255 255 218 184 0 0 208 255 255
    0 255 0 57 0 0 255 255 0 0 0 0 255 255 255 0 0 255 0 74 0 255 0 0 0
    255 28 255 121 170 255 173 255 255 0 0 255 170 0 224 255 255 0 255 0
    0 11 255 255 23 255 255 16 0 0 255 255 255 255 0 255 0 255 0 0 0 0 7
    255 0 255 0 255 255 255 0 0 255 255 255 255 246 0 200 0 162 255 26 0
    40 0 255 0 0 0 255 255 255 0 108 0 255 255 0 0 0 255 255 255 0 0 255
    0 0 0 0 255 255 195 0 68 0 0 0 255 255 255 236 255 0 126 0 0 255 255
    0 0 0 255 0 31 9 255 0 255 0 255 0 255 255 255 255 255 0 0 0 110 255
    255 130 65 255 255 255 133 0 52 255 255 103 255 167 255 44 255 255 0
    198 255 0 0 0 255 255 60 255 255 255 0 0 0 126 11 36 247 255 188 166
    0 0 255 255 180 0 0 255 255 255 0 124 255 0 105 0 0 255 0 46 0 68
    101 255 7 0 91 88 255 255 31 255 185 0 9 255 255 255 255 121 0 0 255
    255 255 0 217 187 0 255 0 255 0 255 0 255 255 0 194 0 255 255 255 52
    232 0 205 255 0 0 0 0 0 255 255 255 0 0 0 255 255 255 0 0 0 186 255
    157 0 35 27 255 255 0 0 0 255 7 113 255 255 151 255 0 255 0 255 255
    255 255 0 0 209 0 255 255 0 0 255 255 0 0 0 184 255 177 255 0 229 0
    255 50 255 0 255 0 255 0 0 255 0 255 0 255 125 255 0 0 0 255 0 255
    255 0 0 0 49 255 0 0 0 255 255 255 255 0 189 0 255 255 134 0 255 0
    255 0 255 235 255 63 187 7 0 14 24 255 255 0 255 255 0 0 255 0 136
    66 255 23 0 255 255 170 249 0 255 86 255 255 0 0 255 0 0 0 0 255 255
    61 255 0 255 0 0 51 255 255 0 0 0 255 0 255 0 255 30 255 255 0 255
    255 111 193 186 255 0 0 28 255 185 8 0 180 255 255 255 146 255 255 0
    0 255 0 137 0 110 255 0 0 179 255 0 0 255 255 255 0 5 0 255 159 255
    0 255 6 255 48 255 255 0 0 0 255 255 0 0 0 185 148 255 87 0 0 255 0
    0 255 94 255 255 0 21 0 0 0 0 0 255 0 17 0 0 255 0 6 0 255 0 255 111
    255 255 124 255 0 109 0 11 255 255 0 0 255 0 255 0 0 255 255 120 0 0
    255 0 255 0 255 0 255 255 0 255 255 114 255 0 255 123 255 255 0 0 0
    226 94 255 187 255 0 0 128 255 255 219 0 0 0 0 10 255 0 104 0 0 0
    255 255 255 255 255 0 132 248 0 0 0 255 255 0 95 255 0 17 0 255 255
    255 0 255 255 255 255 11 0 0 255 113 0 66 255 255 148 0 255 255 255
    191 0 0 255 0 255 255 106 0 0 255 0 255 0 255 54 0 255 35 255 255 0
    0 0 255 48 255 214 0 228 0 252 242 0 137 255 0 156 0 255 255 0 0 0
    240 255 255 0 255 179 212 81 255 255 255 0 255 255 255 0 0 0 255 255
    245 0 255 255 0 0 255 255 13 0 0 184 0 0 255 0 255 255 255 0 0 226
    255 255 0 0 255 157 194 103 255 0 0 0 255 0 0 0 255 0 255 0 255 255
    80 0 0 0 255 204 238 255 255 255 0 0 0 255 255 82 0 0 255 60 0 0 0
    255 255 255 0 255 0 255 255 0 0 31 0 255 0 255 255 0 0 0 99 255 255
    0 255 76 133 255 145 255 0 0 0 0 0 0 255 0 255 255 255 131 147 255 0
    0 255 110 0 70 191 0 0 0 255 0 81 210 0 255 255 0 0 0 0 134 255 255
    0 188 0 255 0 0 225 255 0 0 0 255 255 255 0 0 0 158 0 255 255 204
    255 0 255 255 137 0 0 0 64 255 255 0 0 245 255 255 255 0 255 0 255 0
    106 0 0 0 0 255 255 255 186 0 190 253 0 0 255 255 0 0 255 255 35 0 0
    255 0 255 0 113 0 255 255 255 255 0 0 0 255 0 255 0 194 27 0 205 255
    67 255 41 5 0 0 0 255 255 255 0 255 0 112 108 255 0 6 0 0 255 0 127
    0 0 255 255 255 255 29 0 117 237 255 0 0 0 255 0 255 255 255 14 199
    255 255 0 0 238 0 255 0 255 0 0 0 255 255 255 255 255 0 0 0 255 0
    255 255 124 0 255 255 255 0 0 0 255 0 0 255 255 0 0 39 0 255 4 255 0
    255 24 0 255 255 19 0 255 255 255 255 136 0 0 255 0 0 0 255 255 177
    18 255 103 0 0 234 113 255 255 250 0 0 0 0 255 0 255 0 0 0 255 169
    181 255 255 0 255 255 255 0 0 200 255 255 0 0 0 255 255 255 255 0 87
    75 255 63 255 108 0 0 255 0 105 112 250 0 0 0 0 255 255 0 0 0 255
    255 255 119 255 255 0 245 255 37 0 0 255 255 0 0 255 0 255 179 0 154
    174 255 200 255 0 0 255 255 255 0 0 0 0 0 0 255 222 255 114 0 0 0 0
    255 0 0 255 140 74 0 255 0 255 0 255 0 0 255 0 0 0 0 255 255 255 255
    0 0 24 8 255 255 0 0 255 255 0 255 255 255 0 84 47 255 255 0 80 0 0
    255 255 255 255 0 0 0 255 255 255 255 0 255 134 0 0 70 255 195 0 0 0
    255 255 255 0 255 0 0 255 255 0 0 0 128 90 111 0 255 255 0 0 0 255
    255 255 0 240 255 255 230 255 0 0 0 0 255 255 255 255 255 125 0 0 0
    166 0 255 0 255 0 255 0 0 0 0 255 54 0 81 255 255 120 0 0 255 255
    255 0 0 255 239 111 0 156 255 212 255 255 0 115 0 0 71 255 255 0 255
    0 255 0 63 0 10 255 0 0 255 255 111 0 82 0 255 184 170 255 187 255
    255 0 219 0 0 0 255 0 121 0 134 255 255 255 255 0 0 47 255 0 0 255 0
    255 0 255 0 255 255 255 50 0 0 234 43 255 188 255 255 0 255 0 219
    255 0 255 0 182 0 162 0 49 9 255 255 0 0 0 0 255 255 255 0 0 0 0 0
    255 255 255 0 255 0 0 0 255 0 255 174 255 0 0 110 255 255 0 255 0
    150 0 255 255 0 0 0 255 255 0 0 0 255 48 255 0 0 255 0 0 255 255 0 0
    31 233 0 0 157 255 0 0 255 0 0 255 255 246 0 0 255 254 255 0 255 0 0
    255 163 255 227 90 7 0 255 255 255 0 0 0 255 0 176 0 255 122 0 255
    255 255 0 255 0 255 255 0 150 255 255 197 0 255 0 0 0 0 0 113 255
    255 0 255 0 255 50 255 255 0 0 0 255 255 0 0 255 41 255 0 0 255 255
    255 0 0 214 255 255 255 255 255 0 0 27 0 0 0 0 255 255 255 0 255 255
    255 168 191 38 255 255 0 0 255 255 130 255 255 255 0 255 255 0 255
    174 0 0 0 255 255 89 0 52 255 255 255 0 0 0 0 0 0 255 255 255 75 58
    0 0 0 0 0 52 255 255 255 0 0 0 35 255 255 0 0 181 255 255 255 171
    255 0 255 0 255 255 255 255 255 255 0 105 0 0 132 48 255 170 255 255
    253 174 0 0 255 0 255 255 255 255 221 0 0 0 0 0 0 163 255 255 255 0
    240 0 255 185 0 255 255 255 0 0 255 255 255 255 123 19 0 0 255 255 0
    255 0 255 255 0 0 11 255 255 255 0 37 255 0 167 0 255 0 0 0 255 255
    63 0 40 255 255 197 0 0 0 255 0 255 0 0 0 109 13 255 0 0 255 255 255
    0 0 0 255 160 255 2 0 241 255 0 0 0 255 255 160 0 193 0 255 0 0 0 0
    255 255 255 255 72 0 228 0 0 11 255 255 255 228 0 198 0 255 255 255
    0 0 64 0 0 255 255 255 0 0 255 0 255 0 255 0 255 0 30 0 135 0 0 74
    33 255 0 255 148 254 255 45 233 0 255 255 255 0 0 114 0 0 255 47 0
    255 255 146 0 0 255 0 255 127 255 0 0 255 255 0 255 0 255 0 0 89 141
    166 0 0 107 0 255 255 0 0 249 0 0 255 255 138 0 255 255 255 0 5 0
    171 0 0 30 255 255 255 0 0 0 0 75 0 255 118 255 0 0 30 255 91 47 0 0
    0 0 255 1 0 255 0 255 255 255 0 0 255 255 0 255 0 255 0 255 255 82
    255 0 255 0 240 0 255 110 255 217 155 0 0 0 255 0 0 0 255 255 54 59
    0 0 255 255 0 0 255 255 255 45 255 255 181 255 0 255 255 255 0 171
    145 0 80 255 255 0 0 0 108 0 255 255 0 0 0 204 255 128 75 0 0 255
    142 0 255 0 73 160 255 0 0 0 255 0 255 255 255 153 0 0 0 255 0 255 0
    255 255 0 255 0 255 0 255 222 150 255 255 192 255 0 0 255 255 255
    185 228 0 255 0 255 55 0 255 0 53 255 255 89 0 255 255 255 0 0 0 0
    255 255 255 0 0 0 0 238 150 255 0 255 255 0 0 104 255 255 0 39 0 0
    255 26 255 234 74 237 255 53 30 0 255 0 255 255 0 0 255 40 197 0 64
    0 0 255 255 0 0 0 255 96 74 0 0 255 255 0 255 255 162 255 255 0 255
    255 255 0 187 0 88 255 0 0 0 255 174 148 0 0 255 255 0 255 0 255 0
    255 255 127 255 0 255 0 0 0 113 255 255 255 0 0 162 0 198 87 255 255
    123 255 0 255 255 255 255 0 0 255 255 255 255 184 28 0 255 255 255
    255 0 0 0 255 255 255 45 0 255 0 255 0 212 0 251 0 255 16 255 150 0
    90 0 0 255 76 206 0 255 0 255 60 255 0 0 0 0 108 29 255 0 255 0 203
    255 255 255 234 0 0 255 0 255 0 255 255 255 0 255 180 200 255 255 0
    0 0 255 0 255 255 255 0 26 255 192 0 0 255 114 0 0 0 255 255 0 255
    107 255 0 36 176 255 0 0 255 0 255 0 255 0 255 255 0 255 255 255 0 0
    0 255 255 255 0 0 255 255 18 255 0 0 0 0 2 128 98 255 237 0 255 255
    255 0 73 255 255 255 255 0 0 255 255 0 0 0 0 255 255 255 0 255 255
    255 255 255 0 255 0 255 0 129 0 255 255 156 0 255 171 255 255 0 255
    255 255 0 0 255 0 152 0 0 255 0 0 255 0 255 0 247 255 255 0 126 0
    255 129 255 217 83 255 0 0 0 0 255 255 255 255 0 0 0 0 0 0 255 255 0
    0 0 255 0 0 0 0 0 255 255 255 255 255 0 0 0 255 255 0 0 80 0 255 0
    207 0 0 255 0 255 255 255 255 0 255 0 26 0 0 0 255 0 255 255 255 0
    119 0 255 255 0 0 255 255 255 71 0 0 140 255 255 0 208 255 255 255 0
    255 255 255 0 170 0 255 255 75 0 0 0 233 0 0 255 0 0 0 255 0 255 0 0
    255 0 113 0 113 255 255 0 255 0 255 0 255 66 255 255 78 255 0 255 0
    46 0 255 255 255 0 255 0 150 0 0 0 255 255 0 255 0 53 0 0 69 54 79
    255 255 255 0 0 17 255 0 0 0 29 255 255 0 0 0 0 0 255 255 255 0 22 0
    0 0 255 0 90 156 255 255 255 0 255 0 255 194 0 255 0 255 0 255 0 255
    0 0 0 255 214 255 0 255 0 0 37 0 255 0 255 0 0 255 0 0 255 255 0 0
    255 0 255 255 0 52 0 218 0 255 0 255 0 255 155 255 0 0 0 255 255 255
    255 0 255 0 255 255 0 0 0 255 0 0 255 245 255 192 53 0 0 255 255 0
    255 255 255 68 0 0 255 0 0 17 255 255 255 0 78 0 0 255 0 255 255 255
    56 255 68 0 162 0 0 203 255 255 255 0 0 255 0 255 0 255 255 255 0
    255 255 78 0 84 0 0 255 137 0 0 255 255 255 0 0 0 255 0 255 0 255
    255 0 227 0 255 255 0 25 0 0 255 0 183 0 0 0 255 255 44 0 0 255 255
    36 0 0 0 0 0 94 255 0 51 255 0 0 255 0 255 0 255 255 169 0 255 0 255
    76 0 255 255 0 0 255 255 255 0 42 255 255 0 255 0 255 0 255 255 234
    255 0 0 0 255 255 255 0 157 247 255 0 0 37 195 255 255 0 0 183 0 255
    255 255 229 0 255 0 0 255 255 165 0 0 0 0 0 0 255 0 0 0 255 0 255 0
    249 255 255 255 255 18 255 186 0 255 255 255 255 0 255 175 255 255 0
    255 0 0 0 255 0 136 241 219 255 255 99 0 255 250 208 255 0 255 179
    191 219 255 255 255 0 175 0 255 86 255 255 197 0 255 255 255 47 0 0
    255 134 255 75 0 255 0 255 187 175 255 255 255 255 255 0 200 0 255 0
    255 0 255 229 0 0 0 255 0 31 255 15 255 0 0 0 0 238 255 255 0 255 0
    0 0 8 0 255 0 0 0 0 255 159 255 255 0 0 0 255 243 255 0 0 0 255 207
    255 30 255 0 255 0 0 0 2 255 255 255 255 255 0 64 255 255 0 0 0 255
    0 0 0 0 54 228 255 0 78 70 255 0 255 8 255 255 7 0 49 0 255 255 154
    0 255 198 0 255 176 255 255 255 0 235 0 255 250 46 20 80 255 145 0
    255 0 255 0 0 0 255 255 92 255 0 255 243 255 255 0 255 255 255 168 0
    255 255 255 0 0 25 255 255 0 0 0 0 70 0 255 255 24 0 0 255 255 255 0
    0 255 255 0 255 255 0 0 0 255 255 255 48 0 0 255 255 255 255 0 0 253
    255 255 4 0 255 255 255 0 22 0 255 0 0 69 255 51 0 0 255 0 0 34 0 0
    255 255 0 8 196 69 0 255 0 0 0 0 0 0 0 255 255 131 60 171 255 69 255
    0 224 0 255 255 0 0 0 212 255 255 0 111 0 255 255 255 0 0 132 255
    255 255 0 168 0 0 255 0 255 128 255 157 0 170 255 116 182 0 69 72
    255 255 255 0 0 0 255 0 67 0 0 241 0 255 0 255 0 255 0 255 0 255 0
    255 255 0 255 135 200 0 113 0 255 0 0 0 255 245 255 255 255 0 143 0
    0 255 161 0 255 0 6 0 37 255 0 180 0 14 255 0 0 0 0 0 0 255 153 255
    0 81 255 185 255 255 0 255 26 255 255 255 255 0 190 255 200 0 0 0
    255 0 111 0 0 255 86 248 0 0 255 255 0 0 0 0 255 30 255 0 104 0 255
    183 0 132 0 255 0 248 255 80 0 0 0 255 94 255 255 255 0 0 0 0 0 255
    255 255 0 241 255 255 56 255 192 255 255 117 255 255 0 255 0 255 0
    255 255 255 0 255 172 255 237 0 0 239 255 255 0 0 255 255 255 0 131
    0 255 0 255 0 0 0 0 0 255 239 255 0 2 0 0 154 0 255 0 255 105 253 0
    255 255 104 0 231 255 255 0 255 0 255 0 0 255 255 0 167 255 0 0 0
    255 255 0 0 255 255 0 0 255 136 255 0 0 0 204 255 99 0 0 255 0 255
    255 0 255 255 0 0 0 255 255 255 0 255 72 227 0 76 92 0 0 255 255 255
    5 0 0 149 255 0 255 255 255 255 255 0 0 255 0 0 0 68 255 0 255 0 255
    0 0 0 255 224 0 0 0 255 0 255 255 255 255 0 0 0 239 255 0 255 255
    255 0 0 255 0 255 95 0 255 82 255 0 23 255 0 255 17 137 255 44 0 0 0
    0 102 255 2 255 27 255 196 0 226 224 30 13 0 255 255 255 0 0 0 255
    255 0 0 1 17 179 0 0 255 255 255 121 63 0 255 134 169 0 255 0 236
    255 31 255 0 0 150 0 255 255 135 27 0 255 255 0 255 0 255 0 0 255 0
    0 0 255 13 12 0 255 255 149 0 0 255 0 0 0 0 66 255 255 0 177 255 255
    0 194 255 255 0 0 58 6 255 255 0 204 34 0 0 41 0 255 255 244 0 0 0 0
    255 0 147 255 255 255 0 0 0 255 255 0 0 255 255 0 0 224 255 0 0 0 0
    255 255 0 255 0 255 60 255 255 207 221 255 255 0 0 0 0 0 0 157 255 0
    200 0 255 0 255 0 255 0 36 106 2 0 0 0 0 255 123 255 0 0 255 255 83
    0 0 114 0 255 255 255 0 0 148 255 0 0 0 255 77 255 0 255 159 0 255
    255 255 255 118 166 255 0 255 0 255 112 255 0 199 255 255 26 52 0 0
    0 113 0 255 237 255 255 255 0 24 0 23 0 255 21 0 0 0 255 255 185 255
    255 255 255 0 0 75 255 255 0 255 0 255 255 0 255 255 0 0 0 255 255
    255 255 255 255 0 0 255 255 255 0 255 0 41 34 255 0 0 0 89 255 169
    255 0 255 116 255 0 41 172 0 145 255 255 0 255 0 0 0 0 146 22 246 0
    255 255 255 255 253 0 176 255 213 0 0 188 226 255 247 136 202 0 0
    255 255 0 0 0 255 255 226 0 255 255 0 0 0 255 255 255 0 255 72 0 0
    189 255 226 0 0 255 0 75 171 255 255 255 0 131 0 255 255 255 158 0
    195 255 0 255 255 0 0 0 255 255 255 255 0 255 255 171 0 255 0 255 0
    255 0 255 0 255 0 0 0 19 255 255 255 255 226 0 0 115 255 255 255 0 0
    179 0 255 0 255 255 255 255 209 29 0 255 0 255 255 255 0 0 0 255 255
    255 255 0 255 0 255 0 0 29 0 255 231 0 255 0 255 0 255 0 255 255 81
    255 0 255 0 179 0 43 255 255 255 0 134 0 255 167 159 208 255 210 202
    0 0 0 0 255 0 255 255 0 0 73 255 0 255 255 255 45 0 234 0 255 255
    255 0 255 177 255 255 255 0 0 0 0 71 255 0 183 0 255 255 255 0 174 0
    255 250 255 255 0 36 255 255 119 0 0 0 255 0 255 0 164 255 0 18 255
    255 255 0 255 0 255 156 255 255 0 0 255 255 255 0 255 255 255 255
    255 255 0 0 0 255 255 255 255 186 0 255 255 255 0 130 47 255 0 203
    255 158 78 252 255 254 73 255 0 0 255 96 255 255 96 0 0 255 255 255
    0 105 0 180 0 0 255 255 255 253 0 255 0 0 0 255 107 255 0 255 123
    173 0 53 255 21 255 255 143 0 0 0 255 0 255 176 255 0 93 154 255 0
    100 0 253 98 255 0 0 255 0 0 0 109 0 0 255 255 255 0 0 255 255 255 0
    255 255 0 0 255 255 255 0 0 0 255 255 0 232 255 202 255 0 0 0 0 255
    255 255 0 0 34 255 0 0 0 203 201 255 0 0 255 255 255 0 0 0 255 248 0
    138 0 0 255 0 0 174 255 0 0 0 255 6 255 0 141 110 255 0 0 255 181
    255 65 255 255 0 179 222 255 0 255 53 0 255 29 225 0 0 186 0 255 0 0
    0 0 0 254 82 255 255 255 255 0 255 0 0 0 255 0 255 209 255 0 0 255
    255 255 20 0 255 255 255 220 0 0 0 255 0 255 0 0 255 255 255 255 230
    0 0 0 98 0 255 0 255 255 0 0 60 177 255 0 32 0 35 0 255 0 255 0 0
    255 255 252 0 255 101 113 0 88 255 232 179 255 255 255 0 255 0 0 255
    255 255 157 0 0 171 255 0 0 255 63 255 255 255 0 0 255 255 75 0 255
    255 0 211 138 113 0 0 77 0 0 18 255 255 115 255 0 0 0 255 255 0 229
    0 255 0 155 0 27 0 0 0 135 255 255 255 0 128 255 36 0 255 255 55 0
    255 82 255 255 255 0 0 0 255 137 255 158 0 15 217 255 255 255 155
    184 120 0 0 5 0 255 255 42 255 107 133 255 233 98 0 0 255 0 255 0 0
    92 255 0 0 255 255 130 0 0 255 0 0 0 255 255 255 0 0 0 255 0 255 255
    0 165 0 30 255 0 165 0 0 0 0 0 255 255 114 0 0 0 255 100 0 55 229
    255 0 0 255 0 255 0 255 255 255 159 0 255 255 255 255 255 0 255 0
    255 255 0 255 255 255 0 0 0 0 255 255 0 0 0 110 255 255 255 0 0 0 0
    0 255 255 123 0 255 0 127 0 0 100 192 90 255 255 221 0 101 255 255
    255 0 0 0 255 14 0 255 110 255 86 0 255 253 255 0 255 18 0 0 255 201
    0 0 0 255 0 255 72 255 255 235 255 0 255 0 0 0 255 64 0 255 255 255
    255 0 0 73 255 0 0 255 0 255 0 255 0 0 0 255 255 255 255 255 78 255
    255 129 255 83 0 0 255 255 0 0 53 0 0 0 255 255 255 0 255 0 0 0 255
    255 255 255 0 255 139 0 255 255 0 0 154 255 0 0 0 255 255 255 255 0
    255 122 72 12 255 0 255 193 255 179 0 0 255 167 255 0 255 0 0 0 0 0
    255 0 255 0 255 255 255 255 0 0 0 255 0 117 0 255 0 63 255 255 255
    255 129 152 0 255 187 255 0 0 0 255 255 255 0 0 0 255 255 255 0 0 54
    0 113 0 2 137 255 0 173 0 0 135 255 0 0 255 0 255 0 255 255 255 255
    0 0 0 255 0 255 0 0 0 0 198 255 0 255 255 76 255 0 0 0 221 0 255 255
    227 5 0 0 255 255 0 255 245 0 0 0 255 0 223 255 255 255 0 0 0 255
    255 255 11 0 161 82 0 0 255 255 255 0 255 0 255 0 0 0 255 255 0 0 0
    255 255 0 0 0 0 0 255 255 0 0 7 255 255 255 255 110 255 0 33 108 255
    196 0 0 255 255 255 0 158 0 255 0 0 0 252 255 182 0 0 0 69 255 255 0
    0 0 255 255 250 0 255 255 255 0 80 7 0 255 255 255 72 255 0 255 0
    255 23 255 0 0 0 0 0 255 126 255 255 95 255 0 255 0 168 0 255 176
    255 255 0 0 0 255 0 255 0 255 0 255 0 255 0 0 0 255 255 203 0 0 151
    255 255 255 0 255 0 16 0 255 255 255 126 227 236 255 35 49 0 212 255
    94 255 0 241 255 255 220 189 0 0 99 0 255 255 255 255 255 0 0 255
    255 26 0 0 175 255 24 255 0 0 0 255 255 11 0 35 255 0 255 255 255 0
    255 255 255 236 0 255 0 0 0 27 0 255 255 255 0 175 255 255 0 64 0
    255 0 97 0 255 255 255 255 255 255 0 0 255 68 55 0 255 255 255 255 0
    0 66 255 0 0 9 255 0 0 255 0 255 0 47 0 0 255 0 228 0 255 0 255 0
    162 0 255 0 124 0 246 143 255 26 255 255 93 0 0 255 255 255 0 255 0
    0 255 84 0 255 95 255 255 0 149 0 0 0 255 51 234 0 255 155 0 0 255
    190 255 255 255 0 0 0 62 255 255 255 255 0 255 0 255 255 0 255 255
    255 0 220 46 0 152 0 99 255 255 0 0 255 58 255 0 255 0 255 0 0 0 0
    255 0 255 0 255 0 66 0 0 145 255 255 0 180 255 0 0 0 0 255 8 255 80
    0 255 255 0 255 0 0 255 0 255 255 0 255 0 255 0 255 0 0 206 0 255
    255 255 0 0 255 255 33 255 108 59 0 0 0 231 255 255 255 0 93 255 248
    0 101 217 27 255 255 255 0 0 15 60 229 255 0 255 0 58 0 255 187 255
    0 7 255 255 0 255 0 255 170 255 255 0 255 42 255 255 0 0 0 0 255 255
    255 71 0 255 0 255 0 255 0 95 110 255 255 17 0 255 115 255 0 0 0 255
    255 255 0 255 0 0 195 0 255 0 255 5 255 0 16 0 0 255 255 255 255 0 0
    255 0 255 0 255 255 134 255 255 0 255 0 255 255 255 0 255 255 0 0
    255 255 0 0 0 255 255 255 0 0 0 255 255 84 76 32 0 255 255 255 255
    255 0 29 255 255 0 0 248 255 255 0 0 0 249 254 0 255 0 173 0 255 255
    129 255 0 184 0 0 255 0 255 255 255 0 0 51 57 255 0 0 119 65 0 0 0
    255 255 0 0 0 102 187 0 255 176 0 0 255 255 0 255 0 0 0 255 0 255 0
    255 255 255 0 0 0 0 255 0 255 0 255 0 255 0 255 0 251 255 255 0 0 0
    255 65 255 0 179 0 255 122 194 0 131 149 0 0 255 106 0 97 255 76 82
    0 56 255 255 255 0 255 20 255 0 216 0 255 255 255 254 0 207 0 0 255
    79 0 0 159 255 255 255 237 40 0 255 255 0 255 0 70 150 0 255 0 0 0 0
    255 255 0 0 255 0 0 255 255 0 255 92 0 255 0 60 0 31 0 255 11 0 0 0
    0 173 255 255 255 0 255 254 131 0 143 0 255 0 255 255 0 255 177 187
    0 209 0 255 255 255 255 255 255 0 255 255 255 255 255 0 155 0 0 0
    255 159 255 143 0 0 203 255 255 255 255 213 255 0 0 255 0 255 74 255
    0 0 255 255 255 0 0 0 0 76 0 255 255 179 0 103 255 111 0 255 255 0 0
    0 160 0 0 255 255 255 173 255 0 0 133 255 255 111 237 0 255 255 255
    73 255 0 0 0 0 255 255 255 51 0 202 255 0 0 255 255 0 0 0 255 255
    255 0 0 0 197 255 49 0 0 198 255 255 70 22 0 255 255 255 255 0 0 253
    37 255 201 255 0 0 255 0 255 0 255 0 255 234 255 0 0 255 255 69 0
    142 0 255 255 255 0 0 0 255 255 255 255 43 255 217 0 0 255 202 0 0
    255 0 0 255 0 152 0 0 25 255 0 13 0 0 0 0 255 0 255 226 255 168 255
    255 0 0 0 255 255 0 0 0 255 255 255 255 255 0 255 0 56 154 42 255
    255 194 255 208 255 0 0 0 78 0 0 255 159 0 45 121 173 255 0 46 0 0
    255 255 244 0 0 255 255 255 255 222 0 0 0 255 0 0 0 0 37 255 0 255 0
    0 0 15 255 0 0 0 0 228 255 0 255 255 255 0 0 0 255 0 131 35 121 255
    255 255 255 0 255 255 0 0 0 255 169 255 255 207 255 17 255 0 255 251
    255 0 255 0 0 0 0 150 0 255 255 0 255 255 0 255 255 255 190 252 0 84
    253 0 255 0 0 141 0 0 0 151 255 255 72 0 0 122 255 252 0 255 209 0 0
    0 110 255 0 255 0 255 0 255 18 0 191 255 255 255 255 0 255 255 255
    255 255 0 31 0 51 255 0 255 0 0 255 148 255 0 255 78 0 116 255 255
    255 0 58 255 0 255 0 0 255 224 0 0 0 0 255 255 0 255 0 255 126 0 0
    95 186 255 136 255 63 0 0 100 255 255 0 182 0 255 255 141 146 255 0
    255 0 0 255 78 255 255 0 193 91 0 0 0 0 181 255 0 255 206 0 0 0 255
    0 255 0 255 255 0 0 230 177 0 251 136 255 255 255 0 255 255 255 0 0
    88 0 255 255 11 150 0 255 0 255 0 22 0 255 45 75 255 255 255 255 0 0
    71 72 255 17 255 255 194 0 0 255 255 0 89 148 87 255 0 0 0 148 0 0 0
    255 255 135 0 0 255 255 255 0 255 0 0 0 163 255 0 0 0 0 92 2 0 0 147
    0 0 0 255 0 255 255 255 17 0 234 174 255 41 255 0 96 0 255 255 143 0
    0 255 136 241 255 255 0 166 255 255 255 0 0 20 255 255 255 0 0 255 0
    0 0 213 255 255 255 255 0 0 0 16 114 255 255 0 255 0 0 255 201 255
    255 255 0 255 255 255 0 255 255 255 0 232 255 73 168 0 250 255 0 0
    255 0 0 255 52 255 255 0 0 0 255 255 0 0 0 255 150 0 56 255 0 141 0
    255 255 255 0 0 111 255 255 0 0 255 103 145 46 0 0 0 0 255 0 255 255
    255 179 0 0 0 27 62 255 0 0 0 255 255 255 0 0 255 255 255 255 255 0
    0 255 255 0 0 11 4 255 255 255 255 68 17 0 217 0 182 0 255 255 255
    255 255 255 0 0 0 255 255 255 0 31 0 255 255 255 255 0 0 0 91 255
    255 0 255 51 123 0 255 0 255 0 255 255 255 68 0 0 0 4 0 255 244 255
    0 255 0 233 0 213 0 255 96 255 255 0 255 0 255 0 0 255 0 0 0 0 188
    255 0 255 0 255 255 197 255 0 255 0 255 0 0 45 255 133 0 0 255 255
    255 0 255 97 255 245 87 231 255 0 0 0 0 255 255 255 190 0 204 255
    255 255 0 0 0 0 0 0 255 255 150 255 255 0 0 0 255 29 255 0 17 0 0 0
    0 110 0 0 255 0 117 0 255 0 0 129 0 7 0 255 82 255 196 0 255 196 0 0
    0 255 160 0 0 255 255 0 255 0 163 255 0 255 0 0 255 182 255 255 0 0
    0 255 0 255 10 0 0 255 255 0 255 0 255 255 0 93 0 126 255 255 0 1
    255 115 0 0 255 255 255 0 0 0 255 222 31 59 0 0 0 255 244 0 0 255
    255 130 255 255 0 0 0 0 255 0 255 255 92 255 255 255 255 0 255 0 0
    56 255 255 38 255 255 255 0 255 0 255 0 80 255 194 0 0 0 0 92 255
    221 75 0 255 255 0 0 0 0 0 0 255 182 255 255 0 238 109 255 0 0 0 0 0
    255 255 0 255 255 255 0 0 255 0 81 255 255 255 185 0 8 0 255 0 255
    181 65 0 212 255 0 0 255 255 255 255 255 255 0 52 0 255 255 255 97
    126 120 212 0 180 0 255 0 0 255 0 255 0 255 255 0 255 255 77 0 255
    255 0 0 0 255 121 255 0 255 255 255 0 0 0 255 119 255 0 0 80 170 81
    0 0 0 255 255 255 230 0 255 255 0 255 0 255 143 0 0 0 255 255 255
    255 255 0 0 255 255 255 0 108 0 255 255 255 0 255 113 255 0 0 0 0 0
    0 19 255 0 0 82 255 255 105 0 255 0 255 114 82 0 255 148 0 234 0 255
    0 0 0 246 255 255 255 0 0 0 143 0 255 239 0 100 0 255 80 0 0 0 248
    151 0 255 0 255 0 0 255 255 255 255 0 0 0 0 255 0 255 0 255 192 0
    255 255 252 249 0 0 0 255 0 158 0 241 255 0 255 255 255 0 253 0 0
    255 255 0 255 255 255 41 255 0 126 0 0 0 255 255 0 0 0 210 255 0 0 0
    0 0 178 0 255 0 255 255 255 0 0 0 255 95 255 209 255 0 211 0 218 0
    255 231 255 0 255 255 0 73 255 255 236 0 0 0 0 0 255 255 255 0 255 0
    255 255 255 255 140 0 0 255 203 255 0 255 174 255 255 255 0 0 0 255
    255 149 79 255 255 255 255 255 255 255 0 0 87 255 0 0 114 255 164 0
    255 0 0 0 255 0 255 0 199 255 0 0 255 255 0 164 255 0 0 0 206 255
    255 0 0 255 255 0 0 255 128 255 194 0 255 0 0 255 255 255 255 78 0 0
    255 0 255 0 255 255 255 75 0 255 255 255 0 255 0 255 194 255 0 172 0
    0 0 51 255 255 255 255 0 255 136 255 0 120 255 255 0 0 255 0 255 0 0
    255 216 255 27 145 222 255 0 0 255 255 255 255 0 255 255 255 255 255
    74 160 0 0 255 255 0 255 0 0 0 255 255 6 0 128 255 255 0 0 0 255 0 0
    0 0 137 144 255 35 255 255 0 255 255 0 0 0 0 83 5 255 0 255 255 172
    152 194 0 255 0 195 0 255 0 255 234 118 255 0 246 0 255 0 0 90 0 51
    0 106 255 255 0 0 255 255 255 0 255 0 255 53 0 59 255 0 255 0 0 0
    255 255 0 0 0 0 255 255 0 0 255 255 255 255 0 255 0 255 0 255 0 0 0
    0 255 255 255 255 0 255 255 255 0 255 0 255 0 255 255 0 0 255 255
    255 171 0 254 0 0 9 0 255 255 255 0 0 0 0 0 255 255 255 43 255 0 0 0
    0 196 255 0 255 0 255 206 0 0 0 0 0 255 255 255 38 0 0 0 255 255 255
    0 0 112 1 0 255 255 255 0 0 255 255 223 255 0 0 0 255 12 0 255 218
    255 255 76 0 123 224 255 73 128 255 255 0 0 255 255 255 0 255 255 0
    0 0 0 0 0 255 255 255 255 0 255 0 255 255 67 255 255 255 35 255 72
    255 255 255 0 172 0 255 0 0 255 255 255 168 0 35 0 255 0 172 255 0
    207 64 255 53 255 0 255 255 252 255 0 0 0 0 255 255 131 140 0 255 0
    229 0 0 255 99 92 215 255 255 255 0 255 0 0 0 0 0 255 255 255 166
    255 255 0 228 255 255 0 139 97 143 255 0 0 0 255 255 0 0 0 192 255
    255 0 255 242 255 187 255 0 255 241 140 255 0 255 0 255 135 255 8
    255 0 255 25 255 91 255 0 0 255 255 255 0 48 255 255 255 0 0 0 0 255
    0 255 0 255 255 255 131 47 255 0 0 255 255 102 121 10 255 255 95 0
    255 27 255 0 220 0 206 255 255 0 68 111 255 177 0 164 0 21 255 255 0
    255 255 255 0 68 230 255 204 255 0 205 0 255 255 255 255 255 255 0
    255 0 0 0 0 0 0 255 255 255 0 255 255 255 0 0 255 0 255 0 29 0 198 0
    255 255 255 0 0 0 255 0 255 0 255 192 118 255 255 255 255 0 63 98
    127 157 255 227 217 0 21 0 0 0 0 0 255 11 0 255 0 255 0 255 255 78
    225 0 255 232 255 0 255 0 255 255 0 233 0 255 0 255 0 255 253 28 0
    112 0 255 255 0 186 172 255 0 255 255 255 0 0 0 59 63 255 255 0 0 0
    225 206 255 255 255 203 0 255 0 255 255 0 174 0 0 0 0 41 0 255 255
    255 0 0 255 255 255 0 255 0 255 255 0 0 0 255 255 0 255 0 255 0 255
    255 64 0 255 0 0 113 255 216 255 255 255 238 53 0 79 0 0 255 255 105
    0 255 255 255 0 0 0 0 159 255 0 255 63 255 0 155 209 255 91 67 163 0
    255 60 19 0 169 255 0 188 0 0 0 255 0 104 255 255 0 0 255 0 255 255
    255 0 0 0 0 0 0 255 110 255 255 255 0 47 0 0 0 0 0 255 255 255 0 0 0
    255 255 221 0 0 0 255 255 0 209 0 37 255 72 255 255 255 0 210 0 255
    0 255 255 0 0 255 255 255 0 0 0 0 255 255 0 0 35 255 255 0 0 255 255
    0 0 0 0 255 255 255 0 0 255 255 0 103 133 255 0 255 0 0 0 255 205
    255 0 0 0 0 255 255 255 0 255 0 255 0 0 0 255 0 0 0 255 255 192 0 0
    0 0 251 128 0 0 254 255 255 255 0 255 0 0 255 255 255 255 0 0 255
    255 171 0 0 8 255 255 255 0 0 255 255 255 0 84 143 255 255 0 14 173
    0 255 255 255 255 255 85 0 216 255 255 0 0 0 0 0 255 255 255 219 0
    255 0 255 0 0 255 255 0 255 255 0 255 0 255 255 0 255 0 0 0 255 156
    255 255 255 255 0 255 219 255 255 255 159 255 0 255 255 255 0 255 0
    255 0 225 255 255 0 0 0 255 255 255 0 116 124 255 255 255 194 0 0 0
    33 255 0 0 0 255 255 255 98 163 0 255 255 255 0 0 0 255 255 0 255 90
    19 0 0 255 0 255 0 255 119 0 255 0 255 255 79 255 255 184 0 0 0 0
    255 255 255 0 255 0 255 0 255 46 255 0 2 82 255 0 0 115 0 255 255
    255 224 0 0 33 0 134 0 0 0 0 185 52 244 255 0 0 0 0 255 255 0 0 191
    255 255 0 255 0 98 0 207 255 0 0 0 255 54 0 0 255 89 255 0 255 255
    254 0 0 255 0 255 0 255 227 0 0 0 255 255 189 0 0 0 255 255 0 0 0 0
    0 0 0 255 255 255 255 0 255 255 0 255 206 255 0 9 0 255 0 0 0 147
    255 255 0 255 12 255 0 255 0 255 0 255 0 0 0 0 255 0 255 255 137 0 0
    255 255 0 0 142 255 255 255 0 0 255 255 87 0 0 0 0 0 255 0 255 255
    255 0 0 0 255 0 255 255 54 0 0 255 0 0 0 255 255 255 0 0 0 255 0 0 0
    0 0 138 255 0 255 255 52 0 0 96 255 255 255 68 255 0 0 92 255 154
    255 255 255 255 0 0 0 95 255 255 0 0 255 255 0 0 255 255 255 255 0 0
    0 255 255 255 0 0 29 0 12 102 0 0 0 255 255 0 0 255 31 63 255 255 0
    0 9 255 255 0 255 247 255 255 0 171 0 0 0 22 255 0 0 0 255 21 255
    255 255 0 0 0 255 255 255 234 0 0 74 255 255 129 108 54 255 71 0 147
    185 255 255 0 255 0 0 0 108 255 255 227 255 0 0 0 59 51 255 255 255
    0 255 0 253 0 255 68 255 255 0 0 7 255 255 255 255 255 8 255 255 0
    125 0 181 255 255 0 255 255 0 255 0 255 255 228 0 0 255 255 0 11 0
    36 64 0 0 0 0 255 255 90 255 0 255 0 237 204 255 0 0 255 227 255 239
    255 81 227 0 231 0 0 255 255 0 255 0 255 0 255 255 0 255 105 0 83
    144 255 0 255 255 255 0 233 0 255 159 83 0 0 100 255 0 0 0 255 0 0 0
    255 255 255 0 255 255 255 0 0 0 255 255 255 255 255 0 46 255 255 255
    179 0 0 0 255 0 255 0 0 255 255 213 0 255 0 255 255 126 0 203 255
    255 255 174 0 0 0 255 255 255 136 0 0 0 130 0 255 255 0 0 255 0 253
    255 255 255 255 255 0 255 247 255 234 0 0 0 255 255 255 255 255 0
    255 0 255 0 0 0 255 0 255 0 58 0 56 255 255 0 195 0 0 0 0 255 56 255
    0 0 107 255 0 0 255 0 0 140 255 166 0 222 255 0 255 0 255 255 0 0
    255 255 255 255 0 255 0 255 0 0 0 170 255 0 0 0 255 255 0 255 0 255
    0 255 0 0 0 255 255 255 147 0 255 255 255 0 255 129 255 255 255 214
    255 0 0 208 255 255 186 0 255 77 255 53 0 0 255 87 205 255 255 159 0
    0 0 255 255 197 181 0 0 0 3 255 255 191 0 255 0 0 3 0 251 0 0 243 0
    255 0 255 0 255 0 0 11 255 0 255 0 92 0 0 0 255 0 233 255 255 255 0
    255 0 189 0 255 255 255 0 23 194 255 0 174 20 255 255 0 0 255 255
    255 255 255 144 0 0 0 0 0 0 0 255 121 151 2 0 0 0 58 0 255 255 0 243
    9 52 0 0 255 255 255 255 206 0 255 255 0 144 28 0 237 0 0 80 255 255
    0 225 102 255 0 255 0 0 255 255 0 0 255 255 255 255 0 174 255 176
    255 255 0 0 0 146 255 255 0 255 255 255 72 0 189 255 86 0 0 255 0
    255 255 0 0 0 255 255 255 255 0 0 0 0 255 255 255 255 255 0 0 255
    255 0 90 0 255 0 0 255 0 255 0 246 255 0 255 0 0 0 255 0 255 0 169 0
    255 255 255 0 0 0 255 13 255 255 0 255 138 255 0 255 240 200 223 77
    0 141 0 0 255 255 0 0 255 255 255 0 255 255 47 255 0 255 255 0 0 0
    255 255 255 255 119 0 255 255 159 0 0 0 0 0 255 0 90 255 255 153 0 0
    5 19 255 255 255 221 47 255 255 0 115 0 255 0 200 0 0 255 123 255 0
    255 255 0 255 50 225 255 255 71 119 255 0 226 255 0 195 0 0 255 255
    0 0 0 255 255 180 0 204 0 255 255 255 255 102 46 255 0 0 235 221 255
    0 255 255 255 0 88 255 29 255 255 86 255 255 129 255 0 255 255 0 0 0
    255 255 0 255 174 255 0 66 235 255 255 125 0 0 255 0 255 0 255 255
    182 255 0 205 255 0 176 0 255 255 74 255 212 255 255 255 0 0 255 165
    0 255 0 0 0 0 214 255 236 255 0 0 255 0 0 214 255 0 0 107 108 255 0
    255 0 0 179 0 255 255 124 255 0 0 0 90 255 0 255 0 255 0 0 4 0 255 0
    255 0 0 255 0 220 255 255 255 83 255 255 0 155 233 0 86 0 255 255
    255 255 0 223 0 0 0 255 255 0 0 255 255 255 0 0 219 0 0 255 255 255
    0 255 87 253 205 232 114 0 117 218 0 255 0 148 0 0 255 255 0 42 255
    0 255 0 255 0 255 255 255 15 255 0 0 255 255 255 0 236 143 255 255
    255 0 0 255 0 0 255 255 255 53 0 252 0 231 0 63 255 0 0 255 0 255
    255 255 0 36 0 0 255 255 255 0 35 255 0 255 41 255 0 0 179 0 255 255
    255 255 255 0 0 0 255 255 255 0 255 0 0 0 255 45 255 0 0 98 255 255
    69 0 0 255 21 105 197 0 236 0 255 0 215 255 165 0 0 174 246 0 255
    255 0 178 0 173 255 255 177 255 255 0 255 255 255 0 0 0 255 139 163
    0 0 0 0 83 35 0 255 255 255 250 0 255 255 0 0 0 255 0 255 0 255 255
    255 0 0 255 255 241 0 0 255 255 255 0 0 0 0 0 255 255 255 0 208 0
    255 30 115 0 0 255 0 156 0 255 0 255 0 255 255 255 255 0 255 0 0 88
    255 255 0 138 77 255 255 152 255 0 255 255 0 255 255 0 255 0 255 101
    0 255 255 255 0 146 0 255 0 0 255 0 0 0 255 0 255 0 255 12 255 255
    232 87 0 16 0 0 23 255 176 0 255 255 255 255 0 255 0 255 0 0 47 255
    255 0 255 0 255 255 255 0 0 29 215 1 0 255 255 255 0 0 0 255 231 255
    0 24 255 65 255 0 255 0 255 255 255 255 1 0 0 19 118 255 0 255 117
    255 126 206 0 255 0 255 255 255 255 255 84 255 255 0 0 0 255 0 0 0 0
    255 124 255 255 255 0 0 255 255 255 0 0 255 255 255 0 0 2 0 151 255
    84 54 0 255 53 193 255 0 255 0 0 255 255 182 0 0 0 255 255 0 0 0 191
    241 0 255 169 255 255 232 0 3 97 255 232 255 255 255 255 0 148 0 255
    25 255 255 0 182 255 156 0 245 78 255 255 135 0 114 255 255 255 67
    255 91 0 0 255 135 112 0 3 255 255 255 255 0 0 18 255 255 0 172 0
    255 255 255 255 58 202 0 255 216 143 255 255 255 0 0 0 0 255 0 255 0
    255 250 144 0 255 255 0 255 0 255 0 173 0 255 255 255 0 198 0 255 41
    0 255 0 0 0 255 255 0 255 0 0 0 255 255 216 255 255 0 167 46 255 255
    0 0 199 255 255 98 255 255 0 0 190 37 255 0 0 255 255 0 0 255 255 0
    255 0 0 0 255 0 0 0 255 255 255 0 115 0 255 255 255 0 0 0 255 255
    255 55 255 255 255 0 8 0 255 0 255 255 0 255 0 255 255 255 255 0 0
    255 23 255 0 255 62 0 0 23 255 255 255 74 0 255 255 255 255 0 57 0
    43 255 0 0 255 0 255 255 255 0 0 0 255 0 0 0 255 255 255 255 0 0 255
    255 255 0 0 255 0 255 138 68 212 255 0 255 0 0 10 203 255 0 255 0
    255 255 255 0 252 0 0 0 255 0 255 0 255 0 255 255 0 205 0 255 0 255
    0 161 255 0 255 79 0 0 0 165 234 255 0 255 0 255 255 255 255 92 255
    0 14 255 255 0 255 0 255 255 0 0 255 255 255 0 255 255 255 0 255 0
    255 0 28 0 0 0 255 0 36 0 255 255 255 0 0 255 255 155 0 255 255 190
    0 255 11 163 0 0 0 85 200 255 225 0 0 255 0 255 255 72 0 0 255 0 255
    255 61 0 0 255 255 255 0 0 255 255 255 175 38 0 230 0 255 255 108 0
    0 0 249 255 0 255 255 0 255 0 255 0 255 0 255 0 255 255 0 0 0 255
    255 0 0 0 255 55 195 0 255 255 255 0 0 111 101 0 0 52 255 255 255 0
    0 0 255 131 0 0 255 0 249 131 235 255 255 255 0 0 255 102 141 0 13 0
    0 255 255 255 0 0 157 255 255 255 0 0 0 255 255 255 0 0 218 159 255
    14 255 0 122 0 0 0 255 255 255 255 0 90 0 198 112 255 226 48 125 0 0
    0 0 255 255 150 255 0 0 0 255 255 0 255 253 0 0 0 161 0 255 255 0 0
    255 179 255 0 255 0 255 255 255 0 255 255 0 0 0 0 255 255 255 255 0
    255 0 255 0 255 0 0 0 255 49 0 0 22 22 76 255 255 223 34 0 233 255
    89 255 0 0 86 0 255 0 175 0 190 255 136 255 155 0 255 7 104 0 255
    255 255 235 196 113 0 88 255 0 0 0 0 255 255 255 132 0 255 0 0 0 255
    255 0 0 0 94 255 255 255 255 0 0 0 189 255 255 255 0 0 147 255 0 255
    255 0 0 0 0 120 80 255 113 0 255 255 255 255 0 150 0 255 0 255 0 255
    255 255 162 0 0 255 0 255 0 255 117 255 255 255 0 0 18 0 0 11 255
    255 255 0 132 144 0 0 0 255 1 255 0 159 255 0 0 0 255 0 255 0 255 0
    255 251 255 255 255 0 255 22 255 255 0 0 199 0 192 255 255 0 255 0
    255 59 0 255 0 0 0 255 0 73 211 255 255 255 0 0 255 0 0 0 255 0 161
    22 255 8 0 0 0 255 255 0 0 0 0 0 255 8 18 253 0 0 0 255 0 255 0 0
    115 159 164 255 0 0 109 255 255 255 0 0 0 0 255 0 6 255 0 255 255
    255 0 0 0 255 255 255 0 0 92 0 255 255 255 0 0 0 251 196 255 255 0
    255 186 4 0 0 0 0 255 255 0 176 140 255 0 0 0 0 255 255 255 255 0 0
    255 255 240 255 255 0 0 0 0 255 255 0 12 0 251 255 0 35 0 255 255 0
    0 166 0 255 0 255 230 85 0 227 0 0 121 255 255 0 255 0 59 0 255 0 0
    255 0 0 0 0 255 255 255 255 255 255 0 0 0 255 203 0 255 0 255 0 135
    255 255 255 0 0 0 255 255 0 0 0 255 255 167 255 255 0 0 255 255 255
    0 161 255 255 0 0 0 231 0 255 255 0 0 0 139 72 194 0 255 0 255 167 0
    0 255 1 0 0 0 0 0 0 255 187 0 0 0 0 255 0 250 0 255 164 0 255 0 255
    0 247 0 135 0 255 0 0 255 255 255 0 0 0 255 255 0 157 0 255 180 165
    255 0 0 0 255 10 0 0 0 4 255 255 255 0 255 0 255 0 72 255 0 255 0 0
    0 255 255 0 251 0 0 0 0 255 255 255 40 255 0 255 0 0 0 255 0 205 0 0
    255 255 196 159 239 255 255 233 159 0 154 255 255 0 0 0 0 0 108 255
    255 118 255 3 0 255 226 255 0 229 255 255 0 0 120 242 255 0 255 255
    90 255 0 0 0 137 255 255 255 0 0 0 0 255 0 255 0 174 196 0 47 255 0
    0 255 255 255 0 0 0 30 0 255 0 255 0 0 0 255 0 255 0 43 255 255 255
    91 0 255 255 255 0 0 0 0 255 218 255 255 255 0 255 255 235 255 0 0 0
    0 255 0 255 0 255 0 255 0 255 0 0 220 255 255 255 0 0 5 0 113 255
    255 0 255 0 255 0 0 7 0 255 255 0 0 255 0 255 0 255 0 80 0 0 0 0 255
    137 239 0 255 255 255 0 36 0 255 255 255 255 255 105 0 0 255 255 0 0
    0 0 255 255 0 255 0 0 255 0 255 0 158 0 255 0 255 167 64 110 0 243
    255 0 255 0 0 255 98 156 0 255 255 255 255 138 0 0 0 224 0 0 71 255
    255 255 29 189 0 255 255 118 0 255 0 255 255 0 0 180 0 255 255 0 255
    0 255 0 255 255 0 255 0 255 0 255 255 0 0 255 182 35 0 0 170 0 14
    255 0 18 255 0 0 255 162 149 95 255 0 199 0 50 255 0 0 0 255 0 238
    255 255 255 255 0 0 0 255 255 255 94 0 0 11 161 0 0 0 0 255 255 0 13
    255 0 255 0 255 0 0 0 255 187 255 0 255 255 0 255 66 0 220 255 255
    255 0 128 0 0 255 0 249 0 255 0 0 255 255 0 255 0 38 255 108 255 0
    255 255 255 0 0 2 255 255 60 255 0 0 255 0 0 0 255 255 0 175 255 0 0
    0 0 0 200 255 255 255 0 255 255 0 0 0 252 255 88 0 50 255 225 200 0
    255 0 255 255 0 0 167 255 0 255 236 255 0 0 0 0 255 0 255 0 255 255
    130 0 187 0 0 54 0 255 0 0 107 210 0 255 255 0 7 255 255 255 0 0 0
    23 255 255 0 73 255 255 0 0 0 104 25 255 0 179 255 255 145 0 250 255
    0 0 0 255 0 204 0 255 160 255 0 255 255 255 0 0 0 255 255 255 255
    218 0 255 255 255 100 255 0 228 255 255 255 0 255 240 255 0 0 0 255
    0 0 255 0 255 255 178 0 255 255 255 78 255 0 255 0 255 0 246 0 0 0
    139 255 0 0 0 0 0 255 255 0 255 0 184 0 233 77 7 0 255 255 255 255 0
    144 0 0 0 88 255 255 255 0 0 88 155 255 255 0 0 255 255 0 255 255 0
    255 0 255 255 0 108 0 0 255 255 0 0 255 255 255 0 223 34 255 0 255
    255 0 0 0 255 0 0 255 255 0 0 0 255 48 77 255 0 255 255 255 255 0 0
    0 255 0 251 255 255 0 227 0 255 0 5 255 255 0 137 255 255 0 0 255 0
    255 70 0 5 62 188 0 0 255 255 61 0 0 255 0 255 203 255 255 255 255 0
    0 255 196 255 255 13 255 255 0 255 0 66 0 255 0 255 0 255 255 255
    255 0 0 0 234 219 255 255 255 0 0 0 255 255 0 255 255 35 0 162 255
    255 255 0 255 0 137 252 0 67 0 255 255 255 0 190 0 255 255 96 255 0
    0 255 255 255 0 21 255 255 248 0 0 0 0 73 0 86 255 255 255 0 255 0
    255 58 46 0 0 255 255 255 63 255 228 0 0 255 255 234 1 0 255 255 25
    0 233 0 255 255 157 0 0 255 0 0 0 255 255 255 0 255 255 255 187 0 0
    255 255 255 255 0 255 0 255 0 0 205 255 131 0 183 255 255 255 193 0
    255 0 0 255 255 255 206 0 255 116 70 184 0 255 0 227 255 255 0 0 255
    0 0 18 255 255 255 0 255 0 255 0 30 232 255 0 255 0 255 61 255 0 255
    0 255 119 0 0 255 255 255 78 66 198 116 0 255 255 255 0 226 0 0 233
    255 0 255 22 255 255 184 255 0 255 63 0 0 0 255 255 0 0 0 255 0 0
    255 255 255 0 107 33 216 255 43 255 0 0 255 255 255 255 0 0 0 255 0
    255 0 255 255 255 0 0 0 255 240 0 0 0 0 0 255 255 255 0 255 255 255
    0 0 237 0 255 255 0 0 0 255 255 0 0 255 255 0 79 0 131 255 0 255 192
    205 0 255 186 0 255 167 0 213 0 255 0 255 118 88 0 255 161 0 247 24
    42 255 0 45 255 12 255 0 0 0 66 178 0 255 0 80 0 255 255 255 255 255
    91 255 0 0 0 0 0 255 0 255 0 255 0 125 54 0 255 0 255 158 0 0 255 0
    255 255 37 255 0 255 0 203 0 144 255 255 0 0 255 255 255 0 0 255 255
    0 0 0 255 255 255 6 255 0 0 255 255 0 0 196 255 255 255 0 0 0 0 255
    255 255 255 255 0 0 91 207 56 0 0 116 0 255 255 255 0 0 255 0 112 0
    255 255 255 0 255 0 248 0 8 32 37 4 63 255 0 180 0 255 255 0 0 255
    255 175 0 255 127 255 0 0 0 57 255 255 231 255 99 241 0 255 0 164 0
    255 255 0 255 255 255 0 255 0 255 0 193 0 0 0 108 255 255 255 255 0
    0 0 0 255 255 0 19 0 255 255 255 255 0 255 255 255 0 150 0 25 0 0 0
    255 255 255 255 255 0 0 255 0 255 255 118 255 0 255 0 255 255 18 0 0
    255 0 198 255 255 0 255 0 160 6 255 120 0 0 201 0 255 255 255 18 255
    0 0 255 45 255 255 255 0 255 0 0 167 255 255 203 255 0 255 0 255 0
    255 255 255 0 0 255 255 0 179 0 255 255 0 255 0 0 255 0 255 0 255 0
    60 0 102 255 255 66 81 255 0 255 0 125 255 0 0 6 255 0 18 0 255 0
    255 0 245 0 255 255 0 0 255 255 255 255 255 0 71 255 252 0 0 210 255
    255 0 0 197 255 255 0 0 125 0 255 255 0 0 0 255 255 255 0 0 255 255
    255 0 0 255 255 255 255 0 0 0 255 255 71 0 0 255 255 0 153 0 255 0
    255 0 0 183 255 255 255 0 0 0 255 255 0 0 0 255 255 0 0 31 0 255 255
    0 0 0 216 255 182 0 0 255 255 255 98 0 0 93 255 144 212 122 107 151
    255 69 255 161 0 58 97 255 50 0 0 255 0 255 255 218 0 0 213 255 255
    255 255 255 0 255 100 255 136 255 0 51 255 255 0 255 0 255 0 0 0 255
    255 0 0 255 0 255 0 0 0 0 0 0 255 255 255 0 255 0 255 0 0 0 255 255
    255 0 0 255 255 95 0 0 255 255 0 0 100 0 0 255 255 255 0 0 0 255 255
    0 7 0 0 117 255 0 255 255 255 0 0 255 38 255 92 255 255 38 0 255 182
    0 80 41 255 255 255 0 255 255 0 0 0 255 255 255 0 0 0 255 0 255 32
    255 255 7 0 219 0 0 107 31 255 255 255 255 255 255 0 255 0 28 0 255
    255 0 113 0 0 255 0 255 0 47 0 0 0 232 255 255 18 0 0 255 255 255 0
    0 91 255 255 0 255 126 255 0 0 0 0 255 255 0 255 0 0 175 255 255 0 0
    0 255 0 255 0 255 121 0 255 0 255 0 0 28 255 214 127 255 235 0 0 255
    118 0 0 0 255 255 0 0 172 0 0 255 255 255 0 0 0 89 255 255 255 170 0
    255 0 177 0 0 255 0 255 0 255 0 255 255 255 255 172 255 0 0 255 255
    255 0 0 255 255 255 255 255 0 0 255 255 255 0 0 0 0 255 216 0 255 0
    19 0 240 255 255 255 207 255 43 184 244 255 170 171 0 255 255 0 0 0
    255 255 0 134 255 40 255 0 216 0 255 0 255 0 255 0 59 255 255 255 0
    0 0 255 99 255 0 255 255 0 0 13 255 255 255 115 255 0 161 0 200 255
    255 0 0 255 91 255 114 255 0 255 0 255 0 0 255 0 0 0 0 187 0 255 255
    0 140 180 209 255 0 255 255 0 255 0 0 255 0 0 255 255 255 0 255 0
    255 255 0 198 0 0 0 255 255 89 0 0 0 255 0 255 0 255 0 0 0 255 251
    255 206 255 59 255 0 163 194 77 255 255 255 0 0 0 255 255 255 110
    255 255 255 255 0 155 0 255 255 255 255 255 251 255 0 255 255 255 0
    114 0 0 0 0 255 0 255 0 0 0 0 255 201 0 40 120 255 176 255 0 255 209
    190 0 255 255 0 229 0 74 54 0 63 255 0 0 4 18 255 255 255 0 255 23
    255 0 4 0 0 0 255 0 0 0 255 0 255 0 0 255 0 0 0 255 29 255 255 0 0
    255 47 255 255 255 0 0 0 206 255 5 255 0 255 0 0 0 222 0 0 0 143 255
    255 139 178 92 255 255 243 23 255 255 255 0 255 255 31 0 249 255 255
    0 0 0 255 255 255 0 255 255 100 255 0 0 0 255 211 255 186 255 0 255
    0 0 0 255 0 0 0 0 255 230 255 0 255 207 255 0 255 197 0 0 0 0 0 0 22
    255 255 255 0 0 255 0 255 0 255 0 255 255 255 130 216 147 201 0 197
    0 0 0 255 16 0 255 0 255 0 0 166 255 255 0 0 0 254 0 255 0 255 0 255
    162 255 0 255 0 255 0 19 255 255 0 255 0 255 127 137 0 156 0 255 82
    255 17 51 108 0 0 0 255 255 255 12 255 0 0 0 136 40 255 55 207 255
    255 0 0 0 255 0 39 3 0 0 82 255 181 0 69 255 255 0 0 177 255 255 255
    0 0 0 255 30 0 0 255 0 230 0 255 0 0 158 255 240 149 0 247 255 51
    255 0 0 255 255 0 0 0 255 0 220 0 0 255 0 140 229 255 255 255 108 0
    255 97 255 215 0 0 0 255 238 6 255 86 0 0 255 0 255 0 255 255 220 0
    0 0 0 0 255 160 255 0 0 0 0 42 0 255 255 0 0 255 255 109 0 239 255
    255 0 0 255 255 0 255 0 255 255 255 0 0 109 255 0 0 94 52 255 0 255
    143 213 255 180 214 0 55 51 255 0 0 92 255 0 255 207 255 0 111 0 255
    103 255 0 255 255 50 255 150 0 0 0 0 0 255 43 0 0 255 0 159 110 0
    255 255 138 0 0 255 0 0 0 0 255 190 255 255 77 255 0 0 145 4 255 0
    255 0 0 0 0 247 255 0 0 255 0 255 0 0 0 171 0 244 255 0 255 0 81 0
    255 128 255 28 255 255 255 0 19 165 148 255 255 0 0 255 225 255 0 0
    255 199 255 255 255 198 0 0 59 255 0 0 0 255 255 0 0 255 0 255 0 80
    0 255 127 255 255 0 255 0 255 255 0 255 0 255 255 0 66 0 0 0 255 255
    255 0 0 255 255 225 0 0 0 255 22 0 0 255 0 0 0 0 0 255 255 0 0 0 0
    255 76 0 0 143 255 255 255 255 255 255 0 255 64 0 0 0 255 0 255 0
    255 0 0 99 255 0 88 0 0 91 255 9 0 209 0 255 0 0 0 137 123 255 134
    255 0 255 0 89 104 119 255 0 0 255 255 255 0 48 255 0 0 0 255 255 0
    0 255 255 255 255 255 0 0 0 255 255 0 254 255 188 255 255 0 0 0 255
    255 0 169 0 219 0 0 255 255 0 0 0 0 255 0 0 120 255 130 0 0 255 255
    255 0 0 31 0 255 255 0 205 255 255 0 255 255 255 11 57 15 255 255 0
    0 255 0 236 0 255 166 255 0 0 255 0 194 87 0 255 0 177 0 0 0 242 255
    141 255 148 0 26 74 255 255 146 0 0 255 28 114 0 255 255 255 0 0 0
    255 255 255 172 0 134 0 21 0 255 0 255 255 255 46 0 0 0 255 0 255 0
    0 255 255 65 76 0 238 0 0 0 255 255 0 0 0 0 238 255 255 0 255 255
    255 0 0 255 255 219 0 255 255 255 0 0 0 0 230 255 218 255 0 0 47 255
    255 0 42 0 255 0 255 255 255 3 0 176 0 255 0 0 0 255 255 255 255 255
    0 218 255 183 0 0 255 0 120 0 7 255 255 0 0 243 255 255 0 0 0 0 255
    255 0 255 0 0 0 0 42 255 0 255 190 0 0 255 255 255 0 255 0 255 255 0
    0 0 0 23 217 0 255 0 0 0 0 255 0 0 0 0 140 0 255 0 255 255 255 0 187
    255 255 0 166 255 255 21 0 255 0 255 255 255 0 0 0 255 255 0 0 232 0
    255 0 255 0 255 0 255 255 255 255 255 68 0 0 0 255 0 255 135 0 0 255
    0 0 254 0 0 0 228 127 255 0 0 239 255 255 255 0 255 136 0 0 0 255
    255 186 255 0 0 0 255 149 255 22 255 255 0 0 0 255 255 0 136 255 218
    0 0 255 0 184 255 92 182 225 255 255 255 0 82 0 111 0 71 0 108 0 255
    255 255 0 0 170 255 147 0 0 0 0 255 255 255 0 0 255 255 255 255 44 0
    255 255 251 255 255 0 110 0 255 255 30 0 0 255 0 255 255 255 0 0 0 0
    255 255 255 0 255 255 0 255 126 0 0 0 255 255 255 255 18 0 0 255 255
    255 0 78 0 255 0 255 130 207 0 0 163 0 255 255 255 156 0 255 255 157
    0 0 0 255 0 255 67 255 105 255 107 109 0 0 255 56 121 146 0 241 255
    0 12 0 255 0 255 0 255 0 255 255 154 0 0 0 255 255 0 0 255 255 156 0
    255 255 255 57 0 0 255 255 0 0 0 255 255 255 0 255 0 255 0 255 51
    255 255 255 0 0 255 255 241 0 0 0 0 255 250 0 0 0 255 255 255 4 0 0
    255 0 149 255 255 187 255 0 255 135 0 255 108 0 0 0 0 84 150 255 16
    0 0 255 71 255 226 255 0 0 255 62 255 0 255 255 255 0 0 0 255 0 255
    0 35 255 255 255 255 0 0 255 203 42 0 0 255 255 255 255 255 255 0 34
    0 255 255 255 0 255 0 0 0 0 0 0 0 0 255 234 0 92 255 0 0 0 255 255 0
    0 0 61 0 255 255 0 255 0 230 0 0 236 255 255 255 49 255 0 225 0 0 17
    255 255 0 255 255 0 0 255 255 255 208 0 0 220 0 0 100 255 0 255 255
    255 255 0 0 0 0 0 255 255 0 0 98 151 255 175 180 0 164 114 222 255
    255 255 44 255 0 222 0 0 255 0 255 0 0 22 255 0 5 0 219 255 255 201
    0 0 255 94 255 7 245 53 0 255 255 0 183 255 197 255 255 255 68 0 241
    0 19 255 0 255 0 255 255 234 0 0 255 255 0 146 92 255 0 255 0 1 0
    214 255 255 0 165 255 255 235 0 255 0 0 255 255 0 0 0 255 255 0 255
    255 255 255 255 255 0 0 0 255 146 255 255 0 255 0 0 255 255 255 139
    0 173 177 255 79 255 255 0 255 255 142 15 219 4 0 0 0 255 0 0 102 0
    0 0 255 255 255 0 0 0 255 255 115 0 0 0 255 0 255 0 0 0 255 255 255
    255 255 255 255 0 0 255 255 255 255 162 255 0 255 5 255 255 0 0 32 0
    0 140 0 0 0 0 0 255 255 13 255 0 0 0 255 0 201 0 0 255 0 255 0 0 255
    85 0 119 0 255 0 75 0 255 255 0 255 0 255 255 0 0 0 255 0 255 0 121
    0 255 0 0 255 255 255 0 0 255 255 255 0 0 90 255 255 0 0 255 0 255 0
    255 0 10 255 255 0 0 255 255 222 0 255 0 226 241 0 0 255 255 0 255
    255 255 0 0 0 255 185 0 15 228 255 0 255 0 255 0 255 192 0 0 249 255
    255 255 255 0 0 255 255 255 0 0 255 20 0 0 0 135 255 255 0 255 255
    255 255 82 88 216 0 255 255 255 255 0 153 0 255 255 0 0 0 0 0 255
    255 0 0 255 255 255 0 255 255 34 0 0 18 224 0 0 0 255 255 255 255 0
    0 0 0 0 0 0 255 255 255 0 255 0 21 0 255 0 255 0 0 0 223 255 0 0 0
    255 0 164 0 255 137 235 235 0 255 0 0 0 0 0 255 0 255 0 255 255 0 0
    69 255 255 255 255 39 0 0 255 255 174 255 0 255 0 0 0 255 255 255
    255 164 0 0 145 255 255 0 0 0 255 225 25 0 255 145 179 0 255 153 0
    255 0 159 0 255 234 255 68 255 0 0 255 0 0 0 215 112 83 0 255 0 75
    92 0 115 255 255 0 31 255 0 229 22 255 0 255 0 133 255 255 0 31 255
    255 255 255 0 255 0 0 0 149 255 255 255 0 255 167 255 255 255 192 0
    0 91 134 255 0 162 255 255 254 0 255 255 255 0 0 0 0 255 0 254 0 0 0
    255 130 255 255 0 0 0 255 255 255 54 206 0 255 255 0 0 255 0 0 187 0
    255 0 255 0 0 0 255 83 255 253 0 255 89 255 255 0 0 255 163 0 181
    180 255 255 255 255 255 0 255 0 255 255 0 0 0 255 255 255 0 35 0 255
    255 255 135 0 0 74 125 96 165 0 0 65 0 255 0 255 209 255 255 0 0 0
    255 255 238 0 255 101 0 0 149 255 255 0 231 255 0 37 4 255 255 255 0
    0 0 212 255 0 0 0 0 255 0 255 0 255 226 255 255 0 0 0 255 255 255 0
    0 0 255 45 17 255 0 0 255 255 255 255 0 0 255 0 0 0 0 255 255 255 0
    255 255 114 255 0 0 0 255 136 0 255 255 82 255 0 77 255 255 0 255 0
    77 0 181 255 255 255 0 75 0 0 0 255 255 255 0 0 0 217 255 255 255 0
    206 255 255 255 0 85 0 0 44 255 255 0 0 255 0 239 0 0 255 216 255
    121 0 255 0 255 0 0 205 0 255 10 0 0 255 255 255 255 0 144 255 255
    255 0 0 208 0 255 255 0 255 255 70 0 210 0 255 255 0 0 0 255 255 0
    176 0 0 0 0 255 255 0 214 0 255 255 0 0 0 255 255 204 0 0 54 255 207
    255 0 163 255 255 0 0 0 0 255 255 0 0 147 0 255 255 205 0 0 255 62 0
    0 230 255 125 0 255 0 255 0 255 0 249 0 0 0 255 255 255 81 0 0 255
    132 255 0 255 0 0 255 255 255 0 255 96 0 0 125 180 255 0 0 82 255
    255 255 255 0 0 0 0 255 0 0 0 255 255 0 219 182 255 0 0 0 255 255
    255 0 0 0 255 255 255 111 0 0 0 255 210 255 12 0 93 255 255 255 255
    0 0 255 0 0 240 255 255 120 177 197 123 255 0 255 0 255 8 0 0 255
    255 255 255 87 255 255 255 255 255 0 255 0 255 81 255 0 255 255 188
    255 204 0 255 0 255 255 20 0 255 0 227 0 216 255 255 251 0 19 0 0
    255 210 255 255 0 0 255 0 255 0 76 0 255 255 184 0 255 255 255 0 0 0
    132 146 255 0 0 0 255 255 0 0 0 255 0 166 0 255 0 255 63 0 85 0 255
    255 255 0 186 255 127 111 93 54 59 0 255 0 255 0 0 255 0 255 128 255
    0 0 3 0 0 0 255 23 255 0 39 0 169 255 255 255 0 0 18 255 58 0 255
    255 255 0 255 0 255 255 255 0 205 255 74 0 255 255 255 25 0 255 255
    0 232 255 255 255 0 26 175 0 0 0 0 110 0 255 255 0 255 255 255 255
    116 0 255 255 255 0 0 0 40 255 255 0 255 255 255 255 0 0 255 78 255
    255 255 92 0 186 0 0 61 255 255 0 11 255 255 114 29 0 255 0 255 255
    0 0 0 218 134 255 255 19 101 171 255 115 255 0 255 43 38 0 255 157
    116 0 255 255 1 0 255 182 255 0 255 255 255 255 0 0 143 255 255 178
    0 0 255 255 255 0 255 0 208 30 0 0 255 15 0 0 0 255 255 255 255 0 0
    0 255 0 255 255 255 0 113 0 0 255 255 255 229 255 255 255 255 255
    255 255 255 57 0 0 211 69 155 255 255 255 255 0 0 0 0 171 96 0 0 255
    0 255 0 82 255 255 0 255 0 0 0 0 159 0 49 0 0 255 255 98 255 0 0 0
    255 0 255 23 255 0 255 83 0 255 255 255 136 145 43 0 0 255 152 33
    255 218 255 0 0 0 255 0 255 0 255 255 0 0 255 0 0 0 255 40 255 0 0 0
    0 255 255 255 0 0 0 255 255 255 0 0 0 255 84 255 0 255 51 44 0 0 255
    0 31 255 255 39 0 0 255 255 3 224 0 0 0 0 255 255 255 0 0 249 0 255
    255 255 255 254 0 0 0 0 255 187 255 111 0 0 0 0 205 255 255 228 0 0
    0 255 0 255 0 255 0 0 255 255 255 0 255 255 255 255 255 25 0 0 0 255
    0 0 0 0 255 255 255 0 81 210 255 157 65 0 255 255 0 255 0 0 131 255
    255 255 255 64 255 255 0 156 0 64 255 255 0 0 255 255 250 0 255 0
    255 0 0 69 255 0 255 255 0 0 66 255 255 0 237 0 0 255 91 255 0 117
    255 255 255 0 255 166 207 0 255 255 255 0 0 0 255 0 137 0 0 255 255
    0 0 250 255 255 0 205 0 0 0 251 255 255 0 0 19 0 78 0 255 97 201 255
    159 255 0 0 0 0 0 126 255 255 113 0 255 255 255 255 0 0 0 0 0 0 0
    255 0 0 0 255 255 255 0 0 242 255 150 255 0 0 0 255 255 0 0 178 236
    126 255 255 0 106 93 60 255 255 255 0 0 0 0 210 239 255 255 255 0
    237 0 0 255 255 255 185 0 0 255 0 255 255 255 0 0 0 255 0 163 255
    135 255 0 255 0 10 0 255 184 0 33 198 255 255 0 0 255 255 0 0 0 199
    0 255 223 148 255 255 255 255 0 255 0 255 0 0 0 0 255 255 255 255
    255 255 255 255 0 0 0 255 255 0 0 0 255 255 0 0 0 255 255 0 0 0 224
    0 255 0 255 236 255 0 0 0 255 0 255 255 0 0 255 137 190 0 255 207
    255 0 0 16 1 100 0 13 255 255 255 242 0 255 197 203 0 0 0 255 0 0 0
    255 0 255 98 0 0 0 255 157 0 0 0 255 0 255 206 105 0 255 0 255 140
    255 0 0 190 255 255 0 255 52 255 0 255 255 255 103 0 144 255 255 255
    255 0 255 0 0 173 0 0 255 255 203 0 255 255 255 255 255 255 0 255 0
    255 0 255 0 255 0 255 255 255 255 0 255 0 0 0 106 255 0 255 255 0
    255 89 107 255 255 0 10 255 0 255 0 255 0 255 255 255 0 255 175 7 0
    193 245 0 255 69 255 137 255 0 143 0 255 29 255 0 188 255 0 0 205 5
    255 255 255 0 255 0 255 98 255 39 29 255 0 0 255 201 0 0 0 255 255 0
    255 255 222 190 178 0 0 0 255 255 0 0 0 255 255 0 0 0 255 33 255 187
    255 255 255 0 166 0 0 0 78 0 255 255 0 255 0 255 216 255 208 0 0 164
    255 255 0 0 163 255 255 0 255 14 0 0 216 0 255 0 0 0 255 192 113 69
    0 0 0 255 255 0 255 71 255 0 255 255 255 255 0 0 17 255 0 255 86 255
    0 37 0 0 255 255 255 172 0 0 255 255 255 255 0 0 167 242 0 0 0 255
    121 255 0 0 140 0 255 32 52 0 255 0 229 0 255 0 255 255 0 130 255
    255 0 0 255 255 186 0 0 0 255 60 255 255 0 0 221 255 255 0 255 211 0
    255 255 255 255 255 0 0 255 0 255 0 255 0 92 101 255 232 255 0 255
    255 255 0 0 81 0 0 255 255 255 0 0 0 0 255 255 255 0 255 43 0 0 255
    201 0 73 40 255 0 255 0 255 255 0 191 173 0 255 255 255 248 0 223 65
    138 255 108 0 0 0 255 255 255 0 255 231 255 0 83 0 255 212 255 0 0 0
    121 176 215 0 255 164 255 255 236 255 0 255 0 255 0 0 0 255 0 0 0
    142 255 23 255 107 0 28 0 104 6 0 143 255 255 221 0 255 255 255 0 0
    255 255 255 0 0 110 0 0 255 0 255 0 255 25 255 0 0 0 255 0 0 255 112
    255 0 255 0 0 255 144 255 0 255 45 255 0 255 0 243 12 255 0 255 255
    0 0 0 59 0 13 0 255 255 255 0 60 0 0 0 255 255 255 0 0 63 255 255 0
    0 127 0 0 0 255 255 0 255 0 0 0 255 123 0 0 0 255 255 255 255 0 255
    0 0 0 196 255 255 0 196 255 28 0 255 78 255 0 255 0 255 141 0 255
    255 255 0 255 0 255 255 255 0 0 0 0 115 0 98 255 255 255 255 255 0 0
    255 255 255 0 255 0 169 0 67 0 0 255 255 255 255 122 91 255 255 102
    0 209 0 255 255 255 255 0 255 0 255 255 255 0 0 0 255 8 0 248 255 0
    217 0 0 0 126 255 255 0 255 152 64 0 0 255 0 104 255 255 0 255 0 234
    0 197 255 91 255 255 255 255 255 0 255 0 255 0 0 121 255 255 0 0 179
    67 0 255 255 0 38 157 255 255 0 0 255 255 255 255 0 0 0 70 255 255
    161 255 255 0 255 0 0 0 161 255 0 0 231 0 0 0 0 227 255 154 255 0 0
    0 164 255 86 0 0 0 255 255 0 255 0 255 0 255 255 72 0 0 255 255 33
    85 255 0 0 158 0 255 0 4 0 0 0 255 0 255 185 0 255 0 37 0 255 0 17
    255 255 255 0 208 255 61 0 0 255 255 255 255 255 0 255 0 0 0 255 47
    255 0 255 0 255 0 0 0 255 5 255 191 0 255 255 0 0 0 255 255 255 0 0
    148 72 0 0 0 255 255 255 3 255 255 0 255 0 179 0 122 0 255 0 22 178
    255 255 255 0 255 3 255 255 0 0 0 255 0 44 0 255 186 255 0 255 0 219
    0 255 0 148 0 255 159 255 0 0 255 255 0 0 0 255 255 70 255 0 253 75
    0 132 255 255 0 231 255 0 0 255 255 0 68 225 205 255 255 0 0 0 255 0
    255 255 255 255 255 0 0 0 255 255 255 14 0 255 255 0 170 255 0 215
    168 0 192 255 255 0 249 0 190 255 0 255 0 0 53 0 255 0 0 0 255 255
    255 0 0 255 0 0 0 255 91 161 0 232 0 255 0 255 255 0 0 0 142 0 255
    255 0 0 0 0 255 255 54 0 77 255 255 234 0 0 255 241 255 0 0 0 0 255
    0 255 0 0 255 0 255 255 255 0 0 255 255 0 255 0 91 255 255 255 0 75
    9 0 0 67 180 0 0 255 255 145 245 0 255 0 0 0 255 255 255 0 0 0 255
    74 0 255 255 255 0 0 255 255 255 75 0 0 255 0 255 0 0 255 0 0 0 255
    0 0 0 255 255 255 0 255 0 41 0 255 255 0 0 255 255 0 255 0 161 21 0
    255 0 255 0 110 255 0 255 0 255 0 255 255 0 0 255 203 0 0 255 56 0 0
    0 255 195 255 0 0 255 255 0 133 42 253 0 0 255 255 0 0 107 255 255 0
    0 0 255 200 255 0 0 0 0 197 255 255 65 0 255 255 0 0 255 255 0 255 0
    255 142 255 0 255 84 0 117 205 0 0 255 164 255 0 255 0 0 255 255 255
    221 0 0 255 255 0 0 255 193 255 57 98 0 255 0 0 0 100 183 0 255 0
    176 0 140 255 0 211 10 255 255 255 0 0 46 255 255 0 0 255 0 255 255
    255 0 0 255 255 255 0 0 0 255 255 0 0 0 0 255 0 0 90 255 0 255 255
    255 0 118 255 18 0 0 0 255 255 228 0 255 255 0 0 174 0 0 0 224 255
    255 255 156 255 255 0 0 255 255 104 0 0 255 17 255 0 0 255 255 255 0
    241 255 0 255 255 116 168 255 255 0 251 219 255 255 255 0 255 0 255
    0 255 0 124 0 142 0 255 105 255 255 84 0 0 0 255 0 0 0 255 255 255 0
    255 255 64 0 68 255 255 0 0 0 255 255 0 0 255 53 0 0 255 138 0 0 255
    255 255 0 255 98 0 0 56 255 255 88 0 255 255 255 0 0 0 106 0 255 255
    255 255 19 0 0 149 0 255 0 255 182 0 255 57 255 255 33 237 0 255 0 0
    0 135 174 0 185 0 47 255 0 0 255 0 255 160 0 255 84 255 0 255 255
    255 0 129 175 234 255 179 227 205 255 255 0 255 51 255 0 255 98 255
    0 0 255 88 255 0 166 0 0 200 0 0 99 0 98 43 255 255 255 255 255 255
    0 104 255 255 255 0 0 78 99 255 34 0 0 255 0 255 60 255 0 255 0 17
    72 0 0 32 255 255 0 255 0 255 255 255 0 0 0 69 0 114 7 255 255 255 0
    0 255 255 0 139 0 241 0 255 0 255 0 0 255 255 255 0 0 0 255 255 255
    76 0 0 175 0 0 239 0 255 0 0 0 0 250 255 255 255 255 0 0 255 255 189
    0 255 0 255 255 255 0 0 255 243 0 0 255 0 0 0 255 255 227 22 0 0 255
    255 44 5 255 94 0 0 255 255 255 0 55 254 158 255 0 0 255 193 255 255
    255 255 0 59 0 255 255 61 123 0 255 255 255 57 255 0 0 0 0 38 0 0
    127 0 0 255 0 255 255 255 0 0 0 228 255 0 0 0 255 0 0 8 255 0 255
    255 255 0 255 0 255 0 0 193 51 255 178 255 74 0 0 255 255 255 255
    197 255 0 197 0 110 17 255 46 0 146 255 143 0 0 0 0 0 255 48 255 0 0
    0 0 0 0 0 255 255 255 218 0 72 74 0 255 255 130 0 0 0 255 0 0 255
    110 0 255 120 21 126 62 255 81 255 0 0 0 86 255 255 0 255 0 247 0
    255 0 0 0 255 255 255 255 0 0 0 0 0 255 255 255 0 0 255 0 255 61 0 0
    0 0 68 255 130 0 190 255 255 255 76 255 194 255 12 0 255 0 231 0 255
    0 0 225 255 0 0 255 0 255 255 255 55 0 207 255 255 0 255 42 0 0 255
    255 255 0 0 11 78 0 0 0 0 73 18 119 255 0 255 255 0 255 233 255 44 0
    209 26 3 255 0 189 0 0 255 255 72 255 255 187 0 0 0 0 255 0 0 0 255
    255 255 255 0 0 70 255 0 0 158 255 255 0 255 0 171 103 0 0 0 255 255
    0 0 0 255 255 0 0 0 255 0 255 255 255 26 0 255 255 255 255 84 255
    255 0 0 127 255 255 176 0 0 0 255 255 255 0 255 255 0 0 0 255 107 0
    255 0 109 0 255 0 255 255 255 0 0 209 255 255 255 135 0 111 0 78 0 0
    255 189 255 0 255 0 0 0 255 129 255 0 0 0 255 42 255 0 255 255 255 0
    0 239 249 255 0 255 0 171 0 255 188 255 255 56 0 255 255 10 127 255
    104 161 0 0 0 240 101 0 0 255 255 0 0 0 35 206 97 0 236 255 255 0 0
    0 0 214 0 0 0 85 255 0 255 0 252 0 255 255 134 255 255 217 0 0 0 255
    0 73 255 0 0 255 255 0 255 255 255 251 255 255 255 255 42 0 255 0 0
    112 0 0 141 0 255 228 0 0 0 255 42 255 122 29 38 255 255 255 0 0 255
    255 62 255 0 0 0 255 214 0 255 255 0 0 0 0 70 255 194 0 129 112 0
    255 255 255 255 0 0 0 0 146 255 255 255 0 255 34 0 0 255 0 255 255 0
    0 0 212 149 0 255 113 184 89 108 255 255 0 255 0 255 0 0 185 255 255
    255 0 255 0 255 255 0 255 255 0 255 255 0 0 255 108 255 0 0 0 0 14
    255 255 0 255 168 0 218 0 255 0 201 0 0 255 0 255 115 255 0 0 255
    255 164 255 0 168 0 188 255 0 101 255 255 255 0 62 0 0 255 255 255 0
    0 0 255 0 255 255 0 255 255 0 255 0 255 0 0 255 59 0 0 0 255 255 0 0
    255 36 255 0 255 0 251 255 255 0 0 255 0 255 0 0 0 0 255 255 0 0 255
    255 255 0 0 0 255 0 0 0 255 0 0 0 255 0 255 255 245 174 255 203 159
    255 255 0 204 0 0 0 0 255 255 255 255 255 139 0 0 0 0 0 103 254 255
    0 255 255 255 0 255 0 255 0 255 0 255 255 255 0 0 255 132 219 0 255
    255 0 243 52 255 98 255 0 0 255 255 255 255 0 0 0 139 0 20 255 255 0
    208 255 255 0 0 0 255 255 255 0 0 255 255 255 26 0 122 0 0 255 57
    255 255 255 0 157 255 153 0 0 0 0 255 255 255 123 0 0 0 255 255 255
    255 0 0 0 92 255 0 255 248 255 0 255 192 255 255 143 255 218 255 255
    255 255 0 255 0 255 0 0 182 0 0 60 255 0 0 255 255 149 0 0 136 255
    243 255 0 99 255 255 0 177 0 242 255 251 255 0 255 0 255 0 255 0 0
    255 255 0 0 133 255 255 0 91 0 255 0 0 0 255 177 0 0 255 0 0 255 255
    0 255 255 7 255 0 255 0 0 0 54 0 88 0 0 160 255 0 255 0 255 255 96 0
    0 0 255 0 57 255 255 0 0 255 0 255 0 255 0 255 0 62 0 255 0 0 0 255
    255 255 255 0 112 195 255 0 150 138 255 0 255 0 255 255 255 0 0 255
    255 255 0 0 176 255 255 255 11 255 34 0 17 0 0 0 255 255 0 255 33
    255 0 48 0 240 0 255 255 255 0 0 0 0 0 0 53 0 0 0 255 0 0 0 164 131
    0 237 0 0 173 255 125 0 0 0 255 255 255 0 0 222 255 255 0 255 255
    255 0 0 0 203 255 255 255 255 0 255 255 255 255 0 255 255 0 83 39
    255 255 0 72 11 255 0 0 255 152 0 255 0 0 0 255 255 255 255 255 0
    245 0 255 0 170 255 234 255 49 0 255 0 255 0 255 255 255 255 0 0 0 0
    255 255 255 83 0 230 0 255 128 255 0 0 0 255 0 0 0 255 255 255 0 255
    255 255 0 107 0 255 255 255 108 255 0 0 0 235 0 255 0 255 0 255 191
    91 0 0 255 255 0 255 69 56 49 210 255 255 255 255 0 188 199 108 255
    255 255 152 255 0 0 255 197 0 23 255 255 255 31 189 0 255 0 0 0 255
    0 0 238 0 255 0 246 0 255 213 255 0 223 159 255 0 18 0 0 255 152 255
    0 255 255 255 190 0 0 97 0 0 255 255 0 81 52 138 134 0 255 0 92 0
    255 0 255 255 255 255 0 255 255 255 0 255 255 0 255 0 255 0 0 0 0
    106 255 0 255 3 0 0 0 255 255 255 255 99 255 255 253 0 0 93 209 114
    70 255 197 0 0 187 255 255 0 255 0 255 0 11 0 255 104 119 112 0 255
    255 190 255 0 0 0 255 255 255 255 242 0 0 255 0 255 0 255 255 124
    255 0 255 0 255 255 123 0 0 0 255 233 170 255 120 255 255 8 0 255
    255 0 0 0 255 189 255 255 0 0 0 255 255 255 0 255 149 0 0 84 0 148
    255 0 135 105 0 0 93 255 255 255 165 0 0 0 0 0 36 255 255 0 0 255
    105 255 0 255 255 255 0 0 169 255 0 0 255 255 0 0 255 0 212 200 0
    158 0 255 78 255 0 201 255 0 255 0 29 0 59 0 214 255 0 255 0 0 131
    171 255 0 245 0 255 255 255 0 144 255 0 233 0 105 0 255 89 25 119
    255 255 76 0 255 0 255 255 255 255 0 0 189 255 255 30 255 0 0 255
    255 255 255 0 243 224 0 220 255 0 0 255 0 4 0 255 163 255 228 118 0
    0 59 255 0 255 255 255 27 255 255 255 169 255 0 255 0 255 94 248 255
    0 0 0 220 0 0 188 255 116 0 0 0 255 255 255 0 137 0 255 81 0 0 245
    255 0 0 0 134 0 163 229 244 0 0 255 255 255 255 98 255 0 0 0 0 138
    255 255 0 51 104 217 250 86 0 235 255 255 0 160 255 0 132 0 255 0 0
    0 0 255 255 0 124 46 255 0 0 255 144 255 105 255 0 0 210 0 115 190
    255 255 0 250 0 95 0 0 255 0 59 255 0 0 47 0 0 0 0 0 255 182 211 0
    255 0 255 0 242 0 110 0 255 255 97 0 220 0 255 0 255 229 0 194 0 87
    84 0 255 255 255 0 255 255 255 63 79 255 0 0 0 0 130 255 0 0 0 255 0
    255 0 255 255 255 246 255 163 0 228 255 142 0 0 165 0 255 135 255 0
    181 0 102 255 70 0 255 19 255 130 255 182 255 167 255 255 22 255 191
    255 0 0 0 255 255 95 255 215 0 0 255 0 255 255 255 0 0 0 255 210 101
    255 0 0 255 0 0 20 255 255 0 12 255 0 252 0 128 0 0 237 255 255 0
    255 176 0 169 255 122 223 139 255 0 0 0 0 255 0 255 0 122 255 0 255
    0 255 0 255 255 255 255 0 0 255 255 0 255 255 255 255 255 255 0 0 0
    255 0 255 0 255 255 255 0 0 0 152 149 255 255 0 94 0 255 255 0 255 0
    255 0 255 255 255 0 0 189 0 138 16 255 0 0 0 255 0 0 0 0 255 255 181
    255 255 255 208 129 0 255 255 255 142 255 0 75 255 0 0 0 0 153 0 255
    158 255 0 255 0 255 255 255 255 0 0 255 234 255 0 0 0 249 0 255 255
    215 137 255 255 0 0 0 255 0 90 0 0 255 255 255 0 97 0 0 0 255 255
    255 0 255 171 255 255 0 0 44 255 0 11 255 0 0 0 0 255 0 0 0 0 255 0
    255 183 255 0 0 0 62 0 0 255 0 255 80 255 0 0 0 122 0 255 0 255 255
    0 255 0 255 255 0 177 83 163 0 255 255 0 255 0 0 255 255 255 0 0 255
    255 255 0 0 0 0 255 255 0 0 202 255 255 255 115 211 0 0 129 255 0
    255 255 255 255 255 0 255 202 255 0 14 97 255 0 255 255 255 0 0 255
    0 64 0 70 0 255 0 255 0 81 255 255 168 255 107 255 0 255 0 0 255 0
    168 255 255 14 0 0 255 255 255 255 0 220 0 0 0 0 255 255 255 0 0 202
    0 0 255 0 0 238 255 114 0 0 201 255 0 0 236 144 0 0 0 255 255 255
    255 0 0 0 255 0 255 0 0 0 251 0 255 0 255 255 0 0 0 255 255 255 16 0
    0 0 255 0 0 223 51 0 255 0 255 255 255 0 0 255 0 255 0 10 0 0 255 31
    0 0 255 255 0 255 12 55 0 0 255 255 255 0 255 255 0 0 61 0 255 230 0
    255 65 62 171 0 255 255 255 0 0 0 0 255 255 255 0 78 255 255 255 0 0
    0 0 0 255 255 255 200 255 211 210 0 255 60 149 0 57 255 255 0 247 0
    255 255 255 0 255 197 0 0 214 255 255 27 255 7 190 0 255 0 189 0 255
    0 255 0 0 35 255 255 0 0 255 0 255 84 0 255 0 255 140 255 144 0 0 0
    0 49 159 255 255 255 0 0 0 255 255 0 117 255 116 0 164 255 223 0 0 0
    157 7 255 255 255 255 0 255 0 0 0 0 0 255 255 251 0 255 255 255 255
    0 0 255 255 48 0 0 104 0 255 255 69 255 0 255 0 255 74 255 255 0 255
    0 126 6 92 0 245 0 255 255 0 255 255 255 27 0 0 255 0 255 0 255 255
    255 156 255 77 255 0 134 0 0 0 255 88 0 0 155 255 255 255 0 255 0
    155 123 255 255 255 255 255 255 255 1 255 0 222 219 255 0 0 0 58 0 0
    127 255 255 0 255 0 255 0 255 255 255 255 237 28 255 255 0 255 0 255
    0 255 0 255 166 255 184 255 0 189 0 255 213 215 0 105 255 0 255 251
    120 255 0 255 0 0 255 255 0 255 0 63 99 0 255 155 0 0 15 0 255 0 211
    255 255 0 0 255 255 0 255 0 255 0 41 0 0 255 255 255 4 0 255 255 255
    0 0 176 226 255 125 0 255 189 0 0 255 0 215 255 79 0 255 255 255 89
    0 0 0 255 176 255 255 0 0 0 255 255 255 242 0 0 0 255 255 205 196 0
    0 0 255 255 175 255 250 0 255 243 151 0 255 255 224 59 255 70 255 0
    255 0 255 0 25 173 255 32 255 0 71 5 0 0 255 255 255 190 104 255 227
    255 255 0 255 255 145 0 255 255 255 0 0 0 0 255 255 255 0 0 255 0 42
    255 140 0 255 0 0 255 0 255 255 31 0 41 0 133 0 255 0 205 255 255 37
    0 255 255 0 0 0 255 255 0 0 199 136 255 0 255 0 214 0 0 200 0 0 255
    0 0 0 129 255 117 0 255 190 81 200 0 255 0 0 0 255 51 170 0 0 0 255
    255 255 0 0 255 255 255 0 0 255 0 128 255 194 40 71 0 255 255 234 0
    255 255 255 255 6 0 0 255 255 255 0 255 0 255 0 255 255 0 92 255 76
    255 40 0 0 0 255 155 0 0 0 0 218 4 255 82 0 0 255 255 255 0 0 0 255
    111 255 0 255 255 233 255 197 255 255 255 255 255 0 169 0 129 255 0
    255 0 109 255 0 255 63 0 0 0 255 134 255 0 0 0 103 0 255 0 255 0 255
    255 179 255 255 255 255 0 0 0 0 255 255 255 0 212 0 255 0 247 0 0 0
    255 255 255 0 255 255 0 0 0 48 255 255 0 0 0 96 255 92 57 0 0 0 104
    255 0 232 0 9 121 255 255 0 255 0 255 136 0 142 255 255 255 0 0 0
    255 255 255 255 0 0 0 255 0 255 0 255 0 227 0 48 255 255 0 214 255 0
    0 0 255 148 255 255 255 255 50 246 0 255 0 255 255 0 0 233 0 255 255
    255 68 255 255 0 255 255 255 0 0 0 37 255 100 255 0 255 255 255 255
    0 0 63 0 255 255 255 0 255 0 255 0 0 255 255 255 0 0 0 75 0 0 255
    230 255 121 0 0 255 255 255 153 255 255 255 0 255 253 0 0 49 255 255
    79 0 255 29 0 0 255 255 0 180 255 255 255 255 0 0 255 0 255 0 0 202
    255 255 0 0 0 255 255 0 2 0 255 255 255 255 0 255 0 0 0 255 0 0 0
    255 255 150 255 255 0 18 0 2 255 255 0 255 0 171 0 255 53 209 255
    183 246 97 0 0 122 255 255 0 255 255 255 255 0 255 0 255 0 255 255
    255 0 255 0 0 173 0 255 44 255 255 19 255 0 0 127 255 255 0 15 220
    255 247 0 230 0 0 255 255 255 183 0 45 55 255 0 255 255 255 0 164 0
    255 21 0 9 255 210 255 0 255 0 255 0 255 0 135 0 255 58 0 0 0 0 255
    255 255 0 0 239 0 0 0 255 255 0 0 0 255 255 0 108 0 255 255 255 137
    0 255 143 255 0 0 0 255 255 6 0 255 255 0 0 255 255 123 0 81 0 255
    255 0 0 0 255 255 255 0 0 0 236 40 214 243 255 117 137 255 255 0 0 0
    255 0 0 0 255 0 255 27 0 255 0 34 0 255 0 255 0 0 0 0 255 255 50 0 0
    0 255 0 255 255 255 83 0 0 37 255 94 0 0 0 255 255 255 255 0 0 255
    255 125 0 255 0 255 255 255 198 0 0 140 114 255 255 102 0 255 53 255
    0 0 255 0 255 0 223 0 64 0 0 0 53 255 255 255 0 255 0 0 255 255 105
    0 0 0 255 255 88 0 64 255 0 0 0 0 255 255 255 255 179 255 210 147
    255 125 0 255 255 72 0 0 255 0 97 0 255 0 144 255 215 0 0 222 255
    255 255 255 255 0 0 0 255 255 255 0 0 189 255 0 255 0 255 38 150 0
    255 0 255 120 255 253 21 255 0 0 0 156 107 0 255 255 0 0 0 255 33
    255 0 196 0 0 0 255 255 0 0 255 0 255 51 147 0 0 11 0 188 255 255
    255 252 0 0 0 0 255 0 255 215 255 0 61 255 255 0 255 0 240 0 255 0
    255 107 28 36 0 0 255 0 255 0 255 255 59 0 0 230 255 33 0 255 88 11
    0 255 124 255 255 255 0 128 0 255 0 0 0 255 167 255 0 172 0 255 255
    146 255 255 0 0 0 0 255 255 255 255 0 255 255 150 0 0 0 255 255 203
    255 0 255 0 255 0 66 0 0 21 255 255 14 0 0 118 0 229 207 255 186 255
    0 255 255 0 0 0 255 255 0 0 255 255 168 0 0 0 255 255 255 255 255 0
    255 0 255 255 154 218 0 255 255 255 0 92 0 226 203 0 0 0 0 255 219 0
    0 255 27 255 0 255 0 255 0 41 255 255 224 0 249 0 255 0 255 0 0 85
    255 255 0 0 91 0 122 0 255 255 0 255 0 226 110 0 138 255 255 0 169 0
    60 255 255 0 0 255 255 255 203 255 0 0 134 255 0 0 0 0 0 207 255 255
    255 255 255 255 0 255 0 0 255 255 214 0 0 0 255 255 255 21 255 255
    164 0 0 255 255 255 0 0 0 255 51 240 13 35 255 255 255 255 47 0 0 55
    12 255 255 255 0 0 0 0 31 8 255 0 0 255 255 255 0 0 0 0 255 255 0
    181 255 179 255 0 0 154 255 255 0 0 255 0 0 255 255 255 0 255 0 255
    0 0 200 74 255 255 255 0 0 0 255 255 255 0 0 0 255 0 255 0 255 208
    255 255 0 0 0 255 255 16 255 255 255 255 139 0 0 255 198 66 0 255
    255 255 0 124 227 255 0 255 172 0 255 255 0 255 255 255 255 0 0 0 0
    255 255 90 99 255 0 255 255 175 0 255 255 255 0 182 15 255 0 255 0
    250 187 0 255 0 0 0 51 255 157 255 0 255 0 255 0 255 0 255 52 61 255
    255 255 255 255 0 175 255 74 121 255 255 0 0 148 255 0 255 255 243
    255 255 36 255 0 0 0 0 193 190 255 255 0 0 0 0 0 0 0 255 255 255 216
    0 206 255 255 241 255 255 68 51 0 0 0 255 255 224 22 255 0 251 39 0
    0 255 255 0 24 0 0 0 255 0 225 255 255 0 0 255 255 255 255 255 0 0 0
    255 255 60 255 0 0 0 42 149 0 0 0 255 255 237 0 0 0 255 0 255 255
    255 0 210 255 255 0 255 0 116 0 0 37 255 255 38 255 125 63 0 255 141
    255 0 255 255 255 0 0 231 255 0 255 0 255 255 88 134 0 67 0 255 0
    209 85 255 0 0 0 255 0 0 140 0 255 149 0 0 134 240 0 255 255 255 0 0
    0 0 255 255 255 23 219 118 255 255 0 142 195 255 0 0 0 245 0 255 255
    0 31 0 204 255 63 0 0 255 0 172 151 108 255 255 0 0 0 160 255 255
    255 0 0 0 0 255 255 255 168 255 140 0 0 208 255 0 0 0 255 106 255
    215 255 255 72 172 120 0 255 0 255 255 0 219 0 0 0 255 28 255 0 255
    0 116 255 255 0 38 0 255 181 0 84 255 0 255 0 255 0 255 90 255 216 0
    0 255 255 0 255 0 255 0 255 0 136 255 255 255 0 0 0 104 75 0 255 2 0
    255 0 255 0 255 0 0 255 0 41 0 0 255 255 0 0 0 255 95 242 0 255 255
    255 0 0 255 0 0 136 255 163 36 0 61 255 255 0 0 255 255 255 0 248
    255 255 0 255 122 171 0 0 94 255 255 0 255 0 255 255 0 55 0 255 73
    255 87 24 239 0 0 0 255 255 0 133 0 0 255 255 104 0 255 255 111 0
    186 255 58 0 171 255 0 0 0 255 255 140 255 255 255 255 0 255 0 0 255
    255 255 0 255 0 255 255 255 255 0 0 255 255 0 143 255 150 0 255 73 0
    255 14 255 0 0 0 254 0 0 26 0 255 0 128 0 0 0 255 255 255 255 0 0 0
    255 0 0 0 85 255 0 255 61 0 255 255 255 0 255 255 255 0 255 0 255 45
    255 0 255 255 171 0 0 255 255 0 234 158 183 0 255 181 0 255 0 147
    254 0 255 255 0 255 0 155 99 255 255 0 0 0 255 95 0 0 0 255 255 255
    105 255 255 255 0 0 255 0 255 0 255 0 0 255 255 0 97 132 255 0 107
    114 118 0 0 255 0 255 255 255 0 215 0 255 255 125 239 0 0 0 255 255
    255 0 0 0 255 71 255 0 0 0 255 255 0 0 219 255 255 255 255 0 255 0 8
    0 0 164 87 255 255 0 255 255 10 0 13 255 0 0 255 255 255 154 0 255
    255 0 0 0 255 90 0 0 0 255 0 0 255 86 0 0 0 255 255 215 195 0 0 255
    255 0 0 0 255 67 0 0 255 255 0 0 0 255 255 149 255 0 255 0 255 108 0
    0 255 0 255 255 0 0 0 0 132 0 255 255 255 0 58 0 214 0 239 255 255 0
    75 255 0 37 66 0 255 0 255 0 0 0 255 255 255 0 0 249 255 255 0 0 0 6
    255 255 0 223 0 255 255 0 227 0 101 0 255 0 0 0 177 255 195 33 0 0
    39 0 255 255 0 195 196 255 0 0 0 255 0 0 0 140 0 46 255 255 255 0
    255 255 255 0 0 255 255 0 255 0 255 0 251 64 29 255 0 89 0 220 0 0
    255 0 0 0 162 165 30 0 0 129 0 0 84 0 0 255 255 255 0 0 255 255 255
    0 0 208 255 255 75 0 35 0 198 255 137 107 143 255 255 255 0 0 0 0 0
    0 255 255 255 0 255 255 0 225 0 255 255 255 0 0 190 255 255 255 0 0
    255 0 255 0 255 0 0 255 255 0 255 255 255 0 255 41 255 0 0 65 0 255
    255 0 0 0 0 255 49 184 255 255 255 255 255 206 0 0 255 28 255 255 0
    255 217 255 0 195 0 255 117 255 255 255 236 20 0 0 0 255 255 255 0 0
    0 159 0 0 0 255 178 68 255 0 0 255 0 255 179 252 131 255 0 46 71 0 0
    0 255 0 0 255 255 255 0 0 255 255 255 130 213 255 0 255 0 255 225 0
    0 255 148 13 255 255 255 141 0 0 0 255 0 189 174 255 0 0 255 255 255
    0 187 255 255 0 0 0 0 0 255 255 232 0 255 213 55 0 255 0 255 0 255 0
    200 0 255 255 255 0 80 255 76 0 0 255 0 188 0 255 60 255 255 255 255
    255 184 91 0 255 255 70 0 255 255 0 0 0 255 0 255 255 255 0 0 255 0
    0 89 127 0 67 255 255 255 255 206 0 0 41 66 255 37 255 0 255 0 0 0 0
    0 255 255 255 255 104 0 54 146 0 80 0 16 0 255 255 255 0 0 0 125 255
    0 0 0 255 0 255 0 0 255 255 255 255 255 50 255 255 255 243 0 0 94
    255 0 0 0 255 121 255 0 0 0 255 0 255 255 255 0 255 255 0 0 104 255
    255 19 0 255 30 255 0 0 255 0 255 0 255 172 237 255 0 1 0 255 255 2
    255 255 255 0 255 0 255 0 135 255 255 255 0 0 0 51 202 52 0 255 255
    0 0 148 255 255 0 255 0 255 0 62 0 0 0 255 0 255 0 255 0 0 255 128
    255 95 255 0 153 49 0 0 255 255 255 0 0 0 0 255 255 255 0 203 0 7
    255 194 255 0 255 0 255 0 0 255 255 255 0 0 255 31 0 0 255 255 0 156
    0 255 255 255 0 0 0 177 255 255 227 255 255 65 0 251 0 174 0 57 0 0
    0 46 0 101 255 0 0 209 255 255 255 0 0 0 255 186 255 255 255 0 255 0
    101 255 255 0 255 103 255 255 232 255 255 0 0 0 0 255 255 239 255 0
    129 255 255 173 0 0 255 255 255 0 0 255 255 0 0 0 0 255 255 181 0
    190 0 255 0 255 19 97 0 48 0 255 0 0 0 255 255 255 0 0 255 255 155
    255 255 0 0 0 0 37 173 255 0 151 255 255 0 255 0 12 0 0 255 255 255
    0 6 255 0 0 255 255 184 255 255 87 0 0 255 0 255 0 83 255 0 244 0 0
    255 0 0 255 255 255 0 217 0 0 255 0 0 255 0 0 255 255 255 255 0 0 29
    255 255 0 255 0 255 85 255 255 117 255 0 0 0 0 255 218 255 0 0 0 0
    242 255 255 134 255 255 40 54 0 255 0 0 0 192 255 255 0 255 255 0 0
    56 180 0 255 0 255 255 255 255 235 41 0 0 255 255 255 255 0 0 0 22
    44 0 0 0 0 255 0 123 255 255 0 227 198 0 255 255 0 255 142 255 255
    117 0 0 141 0 92 255 255 255 255 255 0 255 0 255 0 0 0 0 255 255 255
    0 255 0 255 255 0 0 255 255 0 0 112 255 0 99 0 0 0 255 255 0 0 0 255
    255 237 0 0 255 255 255 255 0 0 0 255 255 255 255 35 215 255 255 0 0
    0 255 255 255 0 171 140 255 255 155 103 0 193 0 13 220 255 255 0 68
    82 0 60 255 0 255 0 255 0 233 255 0 255 200 255 42 255 255 0 0 255
    255 0 0 255 255 77 255 0 255 0 35 255 255 255 255 0 255 0 40 0 255 0
    0 161 255 0 0 0 255 0 0 255 255 0 0 255 0 0 0 255 255 0 0 218 92 255
    255 255 0 0 255 0 0 255 0 45 0 255 0 22 177 0 0 110 255 255 0 0 211
    255 85 255 0 255 255 255 142 255 0 255 246 255 255 255 0 255 255 0
    252 133 0 255 255 255 255 190 255 255 0 255 0 126 0 255 255 255 0 0
    0 255 255 0 255 0 220 0 255 0 255 0 255 0 0 0 255 255 255 0 255 255
    0 0 255 255 255 0 0 0 0 0 1 255 255 0 255 0 255 0 0 0 0 0 255 0 119
    0 0 255 255 0 0 255 0 252 0 255 0 255 0 0 179 255 168 157 0 255 0
    255 0 0 0 0 214 174 122 0 255 255 255 0 255 0 146 0 42 0 255 255 255
    255 0 0 181 255 118 255 0 255 0 160 0 255 0 0 165 255 0 0 96 255 255
    255 255 255 0 255 16 0 130 0 117 255 138 255 0 0 0 255 255 0 0 62 52
    255 255 0 0 0 0 0 190 255 0 255 255 0 96 186 255 0 77 244 255 121
    255 255 0 43 0 255 0 255 255 0 95 21 255 255 169 0 0 0 255 255 255 0
    0 255 255 0 37 0 0 0 236 255 255 160 255 255 0 0 0 255 255 255 0 0
    255 255 255 170 158 0 0 255 255 255 0 255 255 241 0 0 255 173 255 0
    0 68 255 0 255 0 0 0 0 103 255 255 255 0 255 255 0 0 255 0 255 0 255
    255 6 0 0 255 0 0 0 220 23 0 255 255 0 208 0 255 0 255 82 0 163 0 39
    133 0 255 255 255 0 0 231 255 255 255 255 255 5 255 235 0 0 0 0 255
    0 255 172 0 66 255 255 255 0 255 160 0 0 112 189 41 0 0 7 0 255 255
    15 255 0 255 69 255 255 255 0 0 228 0 209 255 0 0 0 255 0 129 0 255
    255 0 0 0 0 0 0 255 255 255 25 0 191 0 0 0 0 0 0 48 255 255 0 0 182
    255 255 255 0 13 0 0 0 163 255 0 0 255 255 255 255 255 0 0 255 255
    255 0 0 0 0 0 171 0 255 255 255 255 0 0 255 255 123 255 0 0 0 0 0
    255 255 72 0 234 255 0 255 0 255 57 255 0 21 149 255 0 0 0 0 0 0 0
    141 255 255 0 255 0 255 0 0 250 70 255 232 114 0 0 5 178 255 255 0
    238 97 0 62 128 255 0 0 0 0 162 255 0 255 255 0 0 0 255 255 0 255
    255 112 0 0 255 255 255 183 120 55 0 255 255 255 0 0 0 255 255 141
    10 0 255 255 0 4 255 255 203 255 255 0 0 255 255 161 0 0 255 255 255
    0 76 255 135 62 126 255 0 0 86 255 0 255 255 255 0 0 0 255 255 255 0
    180 0 224 0 255 255 156 0 255 0 0 34 30 255 255 0 0 255 0 0 0 0 255
    137 0 12 255 0 35 0 255 0 189 0 0 0 255 255 255 255 145 0 255 255
    255 0 255 0 255 222 255 2 250 255 255 255 0 0 64 113 0 101 0 255 0
    255 255 0 255 0 206 0 0 0 255 0 255 255 255 0 255 0 6 0 255 0 180
    255 239 255 0 0 0 255 255 0 0 0 255 255 255 0 0 0 255 255 255 244
    255 255 255 251 255 43 0 241 255 255 0 0 0 255 61 255 0 255 0 255 0
    12 0 0 255 123 255 0 0 255 0 0 255 184 0 255 8 255 0 0 255 255 231 0
    255 0 0 255 188 255 255 255 0 255 174 255 255 0 0 0 255 0 0 0 255
    255 255 0 22 0 0 0 0 255 255 255 207 223 255 255 122 255 255 255 255
    208 255 211 255 0 255 255 0 169 0 122 0 0 255 255 255 0 255 255 0 0
    0 0 255 164 37 0 255 94 121 0 0 110 0 255 36 0 255 100 227 0 0 255
    255 255 35 0 179 255 0 255 255 158 0 0 255 255 0 255 255 255 167 0
    255 0 255 0 123 214 255 255 255 0 133 0 255 107 255 0 0 255 255 255
    70 255 0 0 0 255 98 183 0 0 255 255 166 0 0 207 255 164 255 0 255 90
    255 195 0 0 36 255 188 0 0 0 255 198 175 0 0 0 79 255 133 0 0 0 0
    255 0 237 255 137 0 0 255 0 255 218 255 0 0 21 255 0 0 249 0 255 0
    58 0 0 255 255 255 255 255 0 0 159 146 171 0 255 0 0 95 255 255 0
    255 0 0 0 255 255 255 0 0 132 0 255 124 255 0 195 255 255 255 255 0
    255 255 255 0 0 0 0 0 255 255 144 0 99 0 0 255 54 63 131 64 0 0 0
    255 255 71 0 0 0 255 193 0 0 0 255 255 0 255 253 255 3 255 255 0 0
    255 255 0 255 0 0 0 255 255 255 98 0 0 0 56 255 255 3 0 0 255 147
    255 221 0 0 255 0 28 0 75 255 0 255 0 53 0 0 0 0 255 255 255 0 0 255
    255 255 0 0 0 177 255 255 213 66 146 19 255 156 255 0 255 0 255 0 0
    0 255 255 255 255 255 135 0 0 241 255 0 0 0 0 255 0 0 0 255 0 0 0
    255 255 0 222 0 0 255 129 144 234 0 0 0 0 152 9 148 0 0 255 42 233
    255 16 255 255 255 255 198 144 178 251 0 0 255 255 255 203 214 0 0
    255 255 255 255 0 0 255 0 0 10 249 255 0 59 255 255 6 0 0 255 0 0 0
    255 255 255 0 255 0 0 0 159 255 255 255 0 0 255 0 0 255 255 255 255
    255 0 255 219 14 0 255 230 0 0 107 255 0 255 255 255 0 0 0 255 0 0 0
    255 255 0 0 255 0 255 0 255 255 255 255 255 0 255 0 0 0 104 195 0
    255 0 255 255 255 0 0 166 255 255 255 204 75 0 0 160 255 255 0 0 255
    255 194 255 0 223 0 0 255 0 255 0 255 0 255 0 255 0 255 0 255 202 0
    255 255 255 255 0 212 255 255 255 0 0 255 0 205 255 255 0 149 0 255
    0 255 0 167 0 255 0 25 0 16 255 111 0 255 0 255 255 255 0 0 0 0 0 0
    255 255 16 0 255 0 0 0 255 255 255 0 0 255 255 0 255 0 0 87 0 255
    255 0 0 127 255 255 59 0 0 255 0 255 0 255 0 0 0 255 255 16 255 0
    255 255 0 42 255 0 255 0 0 0 0 255 255 0 255 255 255 255 255 255 0
    255 0 255 255 255 255 0 0 255 0 0 0 166 255 255 0 0 30 255 255 0 0 0
    190 255 15 255 255 255 255 95 53 255 0 255 0 151 255 255 0 255 0 255
    0 0 241 255 59 255 0 218 0 255 255 79 0 0 0 0 255 0 255 210 255 212
    255 0 0 255 0 164 255 255 91 255 4 0 202 152 0 0 0 53 0 255 132 255
    49 158 255 255 182 0 27 0 0 255 255 255 0 255 0 0 255 226 44 255 0
    53 255 255 255 0 0 255 255 255 243 0 0 0 255 107 207 0 0 145 255 255
    81 0 255 255 255 255 255 0 255 255 255 63 0 0 0 255 255 0 255 255
    255 0 0 0 255 0 250 2 255 118 255 0 255 0 0 255 255 255 255 237 172
    0 255 0 0 255 251 255 0 238 255 255 255 255 0 0 0 11 27 0 0 0 255
    255 255 0 255 0 255 0 255 0 56 0 253 236 255 0 0 64 255 255 169 0 97
    66 91 0 118 0 0 0 0 0 0 255 139 255 0 0 0 0 0 255 255 255 28 255 255
    140 0 0 255 255 0 0 255 0 0 161 0 63 255 255 255 0 255 0 255 255 198
    255 0 255 0 0 0 0 255 255 255 0 255 255 255 255 0 255 255 255 157 49
    49 255 0 46 94 255 255 255 0 146 0 255 0 255 0 255 0 255 0 0 0 255
    86 255 0 37 0 0 172 89 255 114 0 0 0 0 0 255 255 19 169 255 99 0 0
    183 0 157 25 48 0 0 255 255 0 175 0 255 255 0 0 0 255 0 255 0 57 0 0
    130 144 255 245 255 0 255 0 43 255 255 0 0 255 0 0 64 0 255 47 255 0
    255 72 255 0 255 0 255 255 255 251 53 0 0 255 251 0 0 245 255 255
    255 255 0 0 0 0 0 255 255 54 0 226 0 255 0 255 0 255 255 255 0 139 0
    255 255 255 92 0 0 0 255 0 0 0 255 255 255 255 215 255 58 17 117 0
    255 0 255 0 255 0 255 0 0 255 0 255 0 208 0 255 0 255 0 0 0 255 0
    255 0 216 0 255 59 255 118 0 0 0 255 0 255 255 255 116 0 255 255 255
    255 0 246 0 255 144 255 0 0 255 255 255 255 255 94 0 0 255 255 255 0
    7 0 255 255 255 0 0 159 0 255 0 255 255 0 0 11 255 255 255 255 2 255
    255 0 0 222 0 255 255 255 0 0 255 0 255 255 255 255 0 0 95 255 43 0
    255 240 255 255 255 255 0 184 161 255 255 255 119 0 0 0 0 0 255 255
    255 255 0 0 0 0 44 255 0 0 0 255 93 255 135 0 108 0 255 255 43 0 0
    157 255 255 0 255 0 0 0 255 255 92 108 255 255 14 0 0 0 0 0 210 0
    255 255 0 0 255 255 163 255 0 0 0 255 0 0 255 255 0 0 0 255 0 255 0
    255 255 255 0 0 0 167 255 0 115 97 0 0 204 255 226 255 255 255 255 0
    171 0 0 255 255 0 0 217 255 239 0 0 255 0 255 0 255 198 0 0 45 132
    255 0 21 0 0 0 255 255 0 0 65 121 162 18 0 160 0 255 147 0 192 255
    255 68 255 0 0 8 255 255 0 0 163 255 0 255 80 255 0 0 233 0 0 255
    255 0 255 0 255 255 255 117 72 0 0 0 0 255 255 255 255 255 0 0 0 255
    141 0 255 0 255 0 0 255 0 150 83 218 0 0 187 0 0 0 255 0 1 0 45 0 0
    255 255 255 134 0 193 0 255 0 0 255 0 0 255 0 255 255 0 150 0 108
    255 95 255 247 0 0 255 38 0 0 236 255 0 255 0 255 46 0 0 236 56 255
    0 0 0 255 0 0 121 255 255 0 255 255 255 255 0 0 0 0 81 76 0 75 255 0
    0 0 15 31 255 0 255 4 0 255 255 255 255 0 255 114 240 0 82 0 255 0
    255 0 0 0 255 0 255 97 255 0 0 255 255 255 240 0 0 0 25 0 70 255 0
    255 255 255 255 0 0 0 255 57 255 255 44 255 0 255 0 51 0 255 255 255
    0 0 194 255 0 0 33 255 255 0 0 255 156 255 0 255 0 129 0 255 255 0
    118 9 255 0 255 255 255 0 156 0 255 0 255 0 255 0 0 0 0 255 0 255 0
    0 255 255 0 0 64 99 255 175 235 255 255 0 0 0 255 255 0 0 255 255 24
    63 0 121 255 105 0 0 255 255 255 255 129 255 0 255 0 255 132 255 88
    255 175 0 255 144 255 255 0 0 0 255 255 255 0 0 0 255 24 255 255 255
    255 0 0 0 0 129 247 255 0 238 0 0 0 255 255 0 255 0 97 255 255 255 0
    255 0 77 255 255 0 255 8 255 0 0 0 255 0 54 255 255 255 255 0 255
    211 149 0 0 255 255 255 0 130 0 255 255 255 0 0 0 255 255 131 255 0
    255 176 255 255 0 255 0 255 255 204 255 0 255 0 0 0 255 0 255 10 255
    0 255 0 255 0 255 255 218 0 0 0 0 255 255 255 0 255 0 255 0 255 0
    255 255 0 220 0 0 0 0 0 0 211 255 255 255 255 37 255 0 255 255 255 0
    255 255 255 192 255 255 160 0 0 255 255 255 0 0 0 0 238 255 0 0 0
    255 255 0 255 255 255 0 255 55 255 144 0 255 255 0 255 50 255 255 0
    3 156 201 255 255 106 0 0 87 0 122 255 151 255 0 0 0 45 111 255 255
    0 255 0 0 0 255 255 255 0 255 106 255 0 136 255 0 255 255 255 0 0 0
    255 255 255 0 167 0 0 0 255 255 255 0 255 0 255 0 0 0 255 0 0 255 0
    255 0 0 0 255 141 0 0 0 0 0 0 0 255 255 0 0 255 129 255 0 0 0 255 94
    0 255 0 0 255 83 0 115 0 255 89 0 63 255 0 0 255 255 0 255 0 0 255 0
    0 255 0 88 0 255 255 85 0 0 0 0 255 0 0 0 73 255 44 0 255 255 173 0
    41 0 255 255 0 134 0 255 255 255 181 144 255 255 0 255 255 255 255 0
    0 255 0 255 255 255 0 0 0 0 255 0 255 255 255 0 255 0 0 0 0 0 0 255
    255 255 0 0 0 255 255 0 0 0 248 0 255 0 255 0 0 255 0 255 0 0 0 0
    150 255 255 255 255 0 0 157 255 255 137 0 0 0 203 255 0 0 0 255 103
    255 0 255 255 46 255 134 0 24 0 0 0 0 0 255 47 195 0 255 27 11 0 128
    255 0 226 0 255 191 255 255 0 0 255 34 8 0 153 255 255 101 255 60
    255 0 0 0 255 255 0 0 0 255 0 162 125 69 255 255 0 0 0 255 0 0 255
    255 255 0 255 162 255 234 255 255 25 0 0 83 255 74 0 255 255 255 0 0
    0 0 0 73 0 0 255 255 0 0 0 255 255 255 0 201 89 255 248 255 0 0 255
    0 255 31 255 52 255 0 0 255 255 255 0 0 255 255 0 0 0 255 255 255 0
    159 255 255 0 255 0 0 30 255 219 255 255 0 255 0 255 115 0 255 255
    58 255 0 0 36 255 255 88 0 255 0 255 0 255 255 0 0 0 255 255 255 99
    0 0 0 0 255 255 160 255 0 0 0 255 156 255 255 255 0 0 0 0 31 255 255
    255 45 132 255 255 0 0 0 0 255 255 255 255 46 83 0 157 255 0 255 0
    255 255 255 0 116 0 255 0 0 0 207 174 255 0 201 0 208 0 255 255 255
    255 0 0 168 255 134 172 0 255 0 255 0 255 0 0 0 255 255 255 255 0 0
    0 0 0 0 0 237 87 255 0 255 255 0 8 0 255 111 0 255 255 255 255 15 0
    255 0 0 0 255 255 255 0 232 0 255 255 255 0 0 255 150 255 255 255 0
    187 44 255 0 255 0 111 0 0 0 255 255 255 213 0 0 0 255 255 255 0 0 0
    234 255 0 56 255 255 0 0 0 115 10 255 0 255 146 0 0 0 88 255 255 255
    0 0 255 5 255 0 48 179 125 255 0 255 101 0 0 95 177 255 255 0 255
    255 255 255 0 0 0 255 255 255 0 0 255 255 255 148 255 0 0 0 0 105 0
    15 255 0 0 255 0 255 0 255 168 255 246 147 0 0 255 0 255 0 184 0 255
    0 255 255 0 0 0 164 255 0 0 255 255 0 255 0 0 0 0 255 255 55 229 0
    145 255 0 255 0 255 0 255 0 231 255 255 255 115 0 0 30 255 0 0 0 0
    255 0 0 116 0 97 0 0 0 237 193 41 255 255 0 0 0 27 64 255 0 0 135
    255 255 255 0 255 0 0 0 0 0 0 0 0 255 255 255 39 255 0 255 0 104 0 0
    255 0 0 0 255 255 255 255 255 0 255 0 255 154 86 0 0 0 0 24 255 255
    0 0 0 255 0 255 0 88 16 255 255 255 255 0 0 0 0 226 255 0 0 117 0
    255 255 255 255 0 255 168 0 180 0 0 255 255 255 0 0 0 0 255 106 0
    255 255 255 0 121 255 168 255 0 255 0 0 0 76 0 255 255 255 0 255 0
    255 0 0 0 255 255 228 220 0 251 0 255 255 255 0 255 0 255 255 255 0
    0 255 255 223 148 0 255 255 255 0 54 255 255 0 0 0 255 0 255 255 0 0
    255 0 0 0 255 255 0 255 0 196 0 255 0 0 255 0 255 255 2 0 0 63 255 0
    0 0 255 0 255 255 255 225 30 0 0 0 0 255 0 0 255 153 0 11 255 0 0 0
    224 0 0 0 255 0 0 0 255 83 255 0 0 255 56 0 0 0 255 65 255 255 0 255
    0 93 253 0 255 200 0 255 52 255 255 255 0 0 179 0 255 0 0 255 255
    255 0 255 0 255 0 0 181 124 255 255 255 48 0 255 255 253 0 0 0 0 255
    0 255 0 0 0 255 255 0 0 255 255 255 0 0 255 189 0 0 0 255 255 255
    214 134 255 255 0 0 183 255 255 0 0 2 110 255 101 255 0 255 255 255
    0 136 255 0 0 0 0 255 0 255 0 255 0 92 0 0 226 0 255 132 255 0 0 255
    9 255 0 0 0 255 255 0 0 255 255 255 0 0 255 0 0 255 0 100 0 255 255
    255 255 55 255 255 89 0 178 255 0 0 0 255 255 255 255 0 0 183 184 0
    0 255 255 0 0 255 73 255 0 0 223 255 255 255 34 255 0 0 135 0 255
    255 255 255 0 0 0 255 255 0 0 216 255 255 255 0 134 255 0 0 0 128 0
    255 255 255 255 0 0 0 148 255 255 0 255 255 255 0 0 0 255 255 255 0
    255 0 255 0 0 0 255 89 1 0 248 255 255 157 0 166 0 255 0 109 0 0 255
    0 255 0 206 0 0 255 255 255 255 0 255 0 255 0 255 0 119 0 0 0 0 255
    255 255 255 255 0 24 0 0 255 25 0 108 255 26 214 255 0 0 207 176 171
    255 255 127 0 255 231 255 0 0 39 255 0 0 18 103 9 0 255 0 255 0 0
    255 255 255 255 0 0 255 144 255 0 255 0 0 186 238 255 255 132 0 255
    0 0 0 255 179 0 0 255 0 71 0 217 0 0 0 255 255 109 0 0 0 0 0 0 255 0
    255 255 0 0 0 255 0 0 0 255 255 255 255 0 255 0 0 0 255 0 255 0 190
    225 255 255 255 54 255 199 255 255 0 55 0 0 0 157 0 255 255 255 255
    0 0 0 255 255 255 0 0 252 255 255 255 231 0 0 255 255 255 0 16 255
    255 255 0 0 0 255 0 58 0 252 0 0 255 0 0 0 122 255 255 255 255 0 0
    255 0 0 0 43 0 255 255 40 255 255 255 255 0 0 0 255 255 128 0 0 0
    255 255 255 255 255 0 0 77 0 255 0 255 0 255 0 255 93 255 0 255 0
    255 255 0 46 255 0 255 255 255 0 255 0 255 255 255 0 0 255 143 154 0
    255 62 255 255 255 0 0 21 255 255 0 0 0 255 101 87 255 255 255 255
    255 197 0 0 0 255 255 255 0 0 19 0 255 255 245 173 163 203 74 255
    255 255 0 0 255 255 255 255 20 255 83 54 0 0 255 255 0 0 255 0 0 228
    0 0 0 255 255 153 0 17 255 255 255 0 255 0 255 0 0 5 255 0 255 0 0 0
    255 119 255 0 255 255 255 0 255 0 200 0 255 255 0 25 0 0 0 0 255 255
    229 0 0 0 255 222 255 0 0 255 0 255 19 0 255 255 255 0 0 0 255 255 0
    0 255 0 255 0 255 255 255 0 81 172 255 0 255 80 255 0 235 62 240 255
    255 0 0 0 255 255 255 0 255 1 255 29 0 0 102 221 193 0 255 46 147
    255 255 255 255 0 255 41 255 0 255 0 255 0 0 255 0 0 0 117 0 0 255 0
    44 0 255 84 0 255 139 255 160 255 0 0 197 255 92 255 0 0 0 190 255 0
    0 255 255 255 0 0 0 53 255 47 0 0 255 255 255 0 255 255 255 32 255 0
    255 176 45 0 0 0 255 255 246 72 0 255 255 255 0 255 255 255 255 0
    255 255 0 0 255 249 255 0 82 255 255 98 255 255 255 0 0 0 255 41 255
    0 255 255 170 0 0 255 50 255 77 251 255 255 25 0 39 235 0 255 0 0 0
    48 255 255 255 0 255 0 255 255 255 0 146 119 0 0 0 200 0 255 0 255 0
    0 24 255 134 0 0 161 0 240 0 255 0 182 179 255 0 56 0 0 0 255 255
    255 6 55 255 0 252 255 255 0 255 0 122 255 255 0 0 255 255 255 0 255
    0 255 0 255 255 0 255 81 255 255 0 255 0 0 0 255 124 0 255 255 255
    255 255 0 107 82 255 0 0 0 255 204 0 0 255 73 255 255 0 30 255 255 0
    255 56 220 0 0 255 255 255 255 0 255 215 53 0 0 0 255 0 255 0 255 0
    0 0 170 0 66 0 119 255 0 74 255 180 0 255 50 255 0 128 0 0 255 255
    200 255 170 255 0 255 0 255 0 111 255 255 0 183 0 255 255 0 78 255
    255 198 96 105 0 255 0 255 0 0 76 255 0 0 255 255 0 255 0 0 9 0 255
    244 253 63 119 255 255 238 0 0 0 0 255 0 32 0 255 255 255 179 73 255
    255 255 0 0 255 255 255 0 0 31 0 0 136 0 86 255 255 0 97 255 0 0 255
    169 192 38 0 131 42 255 238 221 108 0 0 255 255 255 86 0 0 27 255 0
    0 0 255 184 0 159 255 255 0 0 255 255 0 255 83 255 0 255 0 255 255 0
    29 0 0 255 255 255 255 255 0 0 0 255 255 0 140 18 255 255 255 255 0
    255 255 4 233 0 255 255 255 255 0 255 0 0 255 255 255 0 0 255 255
    135 255 0 56 255 248 0 0 255 255 255 0 255 0 255 255 0 0 255 0 0 0 0
    255 255 255 255 255 182 0 0 0 0 102 231 0 255 0 0 255 255 255 0 0 0
    0 0 255 0 255 255 14 255 0 130 7 0 255 0 255 0 174 0 126 191 255 255
    221 255 0 0 0 255 255 255 153 0 0 255 198 255 0 0 255 0 255 255 255
    255 255 0 0 152 0 255 0 255 0 255 108 0 0 145 255 0 255 255 191 0
    255 0 0 255 255 255 0 255 0 255 0 0 255 101 255 0 255 255 0 30 0 255
    0 255 255 255 0 255 0 0 255 0 0 0 0 255 0 255 0 0 255 201 255 255
    129 0 0 255 212 0 115 0 0 51 0 0 90 254 0 0 184 255 255 0 89 0 0 255
    255 255 255 121 255 255 0 255 0 0 255 0 0 255 255 255 0 0 255 0 255
    0 0 255 255 255 0 255 255 199 0 0 255 0 255 0 255 20 255 0 255 0 190
    255 0 0 238 250 255 255 255 0 49 0 20 0 255 255 0 0 255 0 255 245 0
    0 255 255 255 192 255 165 0 0 48 255 255 138 98 0 0 255 36 155 0 255
    255 97 0 255 0 0 0 255 186 255 207 255 255 255 255 0 0 255 0 249 0
    233 255 0 255 255 0 0 148 255 0 255 117 0 255 255 255 0 0 0 0 255
    255 232 63 0 0 255 255 0 12 109 255 255 0 0 255 0 255 0 0 0 255 255
    255 0 0 255 255 0 0 0 255 118 141 227 0 0 255 255 255 255 255 0 0 0
    216 255 255 255 255 159 255 255 255 0 0 255 255 87 0 0 255 255 177 0
    0 255 255 255 0 255 0 255 255 91 0 0 63 0 61 0 255 255 255 0 255 255
    0 255 0 0 255 0 255 0 0 0 255 255 0 255 67 170 0 255 255 255 0 0 0
    255 110 130 0 255 49 0 0 255 255 255 0 0 0 0 0 0 255 0 255 151 0 0
    26 177 0 255 0 255 255 255 0 0 255 81 255 0 255 0 0 63 255 0 0 216
    255 255 0 255 0 255 0 155 255 0 160 0 149 255 255 255 0 255 0 255 34
    128 255 255 0 255 255 255 0 0 0 0 121 255 255 255 0 0 0 255 0 0 255
    0 255 255 53 0 0 0 255 250 255 255 0 255 255 0 0 166 255 255 0 0 0
    255 255 102 224 106 0 0 255 110 255 255 0 0 153 255 205 0 255 0 255
    187 255 0 0 255 255 255 0 167 0 0 255 84 255 0 0 157 0 0 0 255 255
    255 0 0 0 255 0 255 0 0 0 77 255 12 65 158 45 0 93 255 0 41 211 112
    255 187 255 168 255 255 255 0 16 255 0 0 255 255 255 0 219 255 255 0
    0 0 209 0 0 255 255 0 200 0 0 0 255 192 255 0 255 0 0 76 255 255 0 0
    197 0 23 255 255 255 0 255 0 255 0 255 0 255 255 73 239 255 0 255 0
    255 0 230 109 9 0 0 255 0 0 255 98 198 255 224 255 0 255 0 255 10
    255 0 255 0 255 0 161 255 255 255 0 40 0 0 255 255 0 255 61 121 248
    0 87 255 255 0 255 255 255 162 255 255 255 19 0 244 48 83 255 255 0
    0 255 255 195 0 0 0 85 0 255 255 0 255 255 3 0 83 0 105 255 255 255
    52 0 255 255 255 0 0 0 255 174 255 0 255 0 0 0 0 74 251 255 0 0 255
    0 255 0 0 7 255 17 255 0 0 255 255 255 0 0 0 255 48 255 255 0 231 0
    255 255 0 255 0 255 0 254 27 44 255 0 255 255 255 255 255 0 0 255
    255 0 0 0 255 109 255 0 255 255 255 0 0 0 0 0 77 255 198 255 188 53
    0 0 255 255 255 0 255 255 0 250 63 13 255 255 230 0 0 0 0 255 108
    255 0 0 0 0 255 0 255 153 167 0 177 249 255 0 255 255 151 0 255 255
    255 67 0 0 91 255 0 255 255 0 255 255 0 255 0 255 255 255 0 255 0 0
    0 0 0 128 0 148 0 255 255 0 62 0 0 0 0 196 255 0 209 0 255 255 255 0
    175 91 255 180 0 0 0 0 255 255 255 0 255 0 255 255 0 140 255 188 255
    255 255 255 255 0 0 0 255 2 255 0 0 0 0 223 255 255 0 255 0 0 0 255
    255 255 255 0 57 0 152 0 255 255 255 0 0 0 0 0 0 255 149 255 255 0
    255 255 71 0 75 0 0 0 0 255 255 255 255 0 255 0 255 255 47 255 0 255
    255 255 195 0 255 87 255 0 0 118 0 255 0 255 0 255 154 255 0 255 43
    88 0 75 0 91 255 34 255 0 96 0 255 255 0 255 255 255 231 0 0 255 0 0
    0 255 0 255 0 235 0 0 213 0 122 255 255 167 0 0 0 15 255 254 0 0 255
    52 255 214 255 0 255 154 255 0 255 0 255 0 0 0 0 0 255 255 255 255 0
    110 255 255 99 0 255 255 0 0 255 255 255 0 255 21 0 0 0 255 255 255
    0 0 0 0 255 18 0 0 0 0 255 255 255 255 0 44 255 15 255 0 0 255 0 255
    255 255 0 255 165 255 0 255 101 255 0 255 255 81 0 0 255 255 255 0
    255 0 0 33 255 156 255 255 255 255 0 255 0 18 0 255 255 255 255 255
    212 0 255 198 204 0 0 255 0 255 255 255 255 44 251 0 0 0 0 0 255 255
    255 0 0 0 255 254 255 255 255 83 0 0 255 0 255 191 255 0 255 0 255
    50 255 199 0 255 246 255 0 67 5 255 0 0 255 255 255 0 178 255 255 0
    255 0 255 0 255 0 110 40 0 0 255 255 255 0 0 0 255 40 255 0 255 255
    0 255 85 255 0 255 255 0 153 246 255 55 255 255 255 0 255 0 150 0
    255 227 255 255 33 0 0 255 255 0 0 0 255 255 27 255 255 0 255 0 0 0
    0 0 0 255 255 0 255 0 0 0 255 255 0 0 255 255 255 0 0 111 255 255
    255 80 0 43 0 255 98 0 62 255 255 210 0 255 255 255 0 0 172 255 255
    0 0 0 0 255 255 255 0 0 0 0 255 255 255 77 0 0 92 65 230 255 255 0
    255 0 0 0 255 0 255 27 0 0 255 255 0 100 255 0 0 0 255 0 255 0 255
    255 255 132 0 0 0 147 255 255 255 255 0 0 255 255 255 255 0 255 255
    255 0 0 255 255 255 212 0 255 0 255 79 64 5 255 181 0 195 0 0 255 99
    48 148 0 0 0 255 0 255 0 255 255 20 255 255 0 0 255 255 255 0 242 0
    0 0 255 255 0 227 73 255 230 0 255 125 0 0 255 255 255 0 0 200 202
    255 255 64 202 0 0 255 162 255 0 0 255 0 0 0 0 255 0 255 0 255 0 255
    0 255 255 255 0 0 255 205 11 0 0 255 255 0 255 0 213 0 255 255 35
    255 255 0 255 255 255 200 46 255 255 0 151 255 255 255 83 0 0 0 163
    255 255 0 255 234 0 0 0 0 0 0 255 255 193 255 0 0 0 255 255 255 255
    0 37 150 0 0 255 255 167 134 0 255 255 255 0 0 0 207 255 0 0 0 0 255
    255 255 0 0 0 0 255 255 255 255 0 255 255 0 0 0 255 255 255 255 0
    238 188 255 38 255 0 0 0 255 255 255 107 0 0 0 0 255 0 0 0 0 255 255
    45 45 255 29 255 0 0 0 80 255 134 255 255 0 255 255 40 0 0 255 255
    255 45 0 0 255 0 0 255 226 0 103 225 255 0 255 0 0 0 255 255 0 0 0
    255 255 255 0 0 0 228 255 119 0 255 235 255 0 0 141 255 255 255 0
    255 255 0 123 0 0 0 16 0 21 255 0 255 0 255 0 255 0 255 0 255 52 198
    0 204 255 0 255 0 229 255 0 0 0 255 255 255 232 93 0 0 0 255 125 255
    0 255 255 255 0 0 0 255 255 255 255 0 0 145 255 255 81 0 0 0 255 255
    0 0 0 0 184 98 255 0 222 0 0 200 37 255 0 255 197 255 255 0 255 0
    255 38 89 0 255 0 255 0 0 0 98 0 92 255 255 255 35 255 2 0 255 255
    255 255 82 255 0 0 0 212 255 0 255 0 255 0 255 226 213 0 255 0 0 0
    255 0 57 0 237 255 255 255 0 0 0 255 50 255 0 255 255 255 113 0 0
    255 0 255 255 255 0 0 48 0 255 0 255 0 0 255 0 255 255 255 0 0 0 255
    0 255 117 178 0 0 255 193 255 255 255 236 0 157 255 0 255 119 255
    255 255 0 255 0 227 0 0 255 0 0 0 255 0 0 0 255 0 255 0 0 255 255
    255 0 98 156 255 136 0 255 158 255 0 33 255 255 0 0 255 235 0 142 0
    255 255 255 0 0 255 189 0 0 0 0 0 255 255 0 0 193 255 255 0 255 255
    176 0 255 27 255 183 0 84 255 255 0 0 77 104 255 252 0 0 255 0 118 0
    255 0 114 255 255 23 255 212 0 0 0 159 255 255 33 0 0 0 0 255 255 0
    0 200 255 0 31 255 191 76 149 21 255 43 255 0 0 0 161 253 173 0 0 0
    0 0 255 255 255 0 0 0 223 69 0 255 255 0 255 0 213 0 0 0 229 0 126 0
    255 255 92 255 0 255 0 255 0 255 0 255 0 255 255 255 243 0 255 0 0 0
    255 255 255 252 0 241 190 0 0 246 255 0 174 0 255 255 0 255 255 0
    255 255 255 0 0 209 153 255 123 255 0 0 0 255 134 42 0 228 0 0 0 255
    255 125 75 0 255 255 0 0 0 102 255 255 255 103 0 0 255 0 255 255 0
    146 0 0 0 0 255 72 255 255 234 0 255 0 255 0 255 0 255 255 0 0 32 0
    255 0 255 0 0 0 0 0 249 255 255 0 0 12 255 255 0 0 205 255 0 0 108
    255 255 136 255 255 175 0 0 255 255 0 0 157 103 139 255 0 255 27 255
    0 0 0 0 255 0 255 0 255 54 0 255 0 255 60 255 0 211 0 255 0 0 35 0
    81 217 207 0 255 0 255 255 0 0 255 68 255 255 0 255 111 255 0 0 61
    18 255 255 0 0 0 255 255 53 0 197 27 255 255 0 255 210 230 255 255
    255 255 206 0 0 255 255 0 83 83 255 255 0 0 0 42 225 255 185 191 0
    255 166 232 255 0 0 199 141 171 0 0 122 0 73 0 152 0 255 0 255 0 255
    182 7 0 255 0 0 0 0 0 255 253 155 77 78 255 0 255 218 102 0 0 0 255
    255 0 237 84 203 255 255 255 0 0 0 255 255 255 255 0 0 0 90 0 85 168
    255 0 255 0 255 24 255 0 0 0 0 255 255 0 0 0 20 255 0 255 0 255 102
    208 0 67 73 198 0 255 0 255 255 255 0 255 255 255 0 40 255 255 0 255
    255 255 255 173 235 0 255 0 255 255 255 152 0 0 255 255 0 0 0 255
    255 88 0 0 255 255 255 192 0 55 255 255 0 255 212 255 0 0 0 255 255
    255 255 0 0 255 255 128 0 0 0 255 255 0 108 0 255 255 0 0 0 255 255
    0 0 0 154 255 0 0 255 255 255 0 255 0 0 255 0 0 0 0 255 255 0 229 0
    255 187 255 0 255 189 255 134 0 255 0 0 0 255 255 43 255 0 0 0 0 255
    116 46 148 19 0 0 0 255 0 255 0 255 0 9 0 255 91 255 255 249 27 123
    0 255 0 38 125 255 0 255 0 0 0 0 255 255 255 0 0 0 255 142 255 0 0
    135 255 255 219 134 198 4 0 0 196 255 230 235 0 0 114 255 255 255 0
    255 255 255 255 0 0 0 0 0 0 255 255 255 255 43 0 0 255 255 255 121 0
    0 0 0 255 255 0 88 255 255 0 0 130 0 255 255 255 230 248 255 255 0 0
    0 255 156 255 0 255 26 0 255 255 255 164 239 0 0 0 0 255 255 255 0
    255 255 255 0 14 0 255 0 255 0 255 189 0 255 0 0 0 29 255 0 74 255 0
    0 0 255 255 255 0 255 218 255 255 186 2 0 0 254 0 151 236 255 0 61
    255 0 0 114 255 255 255 116 0 0 0 147 0 0 0 255 0 0 0 255 255 255 0
    54 255 255 11 207 16 255 255 0 165 0 255 255 0 214 238 255 0 255 4
    255 255 0 0 0 255 0 255 0 255 151 177 0 0 66 255 255 255 0 255 182 0
    0 255 255 255 255 0 0 0 0 0 255 0 0 0 185 85 255 250 255 0 184 255
    55 0 0 255 255 255 174 255 0 255 0 51 255 0 255 0 0 0 255 255 49 255
    131 234 0 255 255 255 148 103 0 35 0 255 0 0 255 255 255 142 89 224
    0 144 255 255 0 255 255 255 0 0 0 0 183 0 255 0 255 0 0 0 255 0 215
    255 149 0 0 0 255 255 1 255 255 255 0 0 255 255 0 0 0 255 255 255
    255 0 0 255 255 80 255 255 255 0 0 254 237 215 255 123 148 241 255
    238 254 0 173 255 255 0 0 48 0 0 0 255 255 255 255 255 0 255 0 98 0
    255 255 156 255 0 0 0 52 255 255 255 0 0 255 255 180 0 0 38 255 255
    0 0 0 255 255 0 255 147 0 0 0 255 0 0 255 255 255 255 0 110 0 255 0
    185 255 255 255 255 0 0 0 255 0 255 255 35 0 0 255 255 0 0 255 255
    255 0 0 0 0 255 255 0 0 0 233 114 255 0 255 0 224 0 0 255 23 0 0 0 0
    0 0 255 54 149 212 255 88 0 0 0 204 12 255 255 176 161 0 0 0 0 0 0
    255 0 158 0 255 255 13 0 0 111 0 255 146 255 0 0 0 255 0 247 0 139 0
    255 210 255 0 0 255 255 255 47 0 255 95 0 255 229 0 255 255 206 0 0
    255 0 255 0 0 0 0 255 255 0 0 0 0 255 255 255 255 19 255 255 255 255
    45 0 0 117 0 255 16 170 0 92 255 255 108 0 255 255 0 255 255 255 0
    246 255 255 255 0 0 243 65 118 0 0 255 110 255 255 255 0 0 0 255 0 0
    255 255 169 0 0 212 255 255 0 0 0 255 255 255 255 255 255 0 0 255
    255 255 255 255 115 0 255 0 255 255 255 0 213 255 129 255 0 0 22 255
    167 254 0 255 255 255 0 0 0 64 0 0 0 255 83 255 0 255 0 0 150 255
    255 0 0 255 255 255 64 255 0 0 0 255 255 0 0 0 240 255 0 255 0 255 0
    255 255 44 0 0 255 63 0 0 213 5 255 94 255 232 0 47 146 255 255 255
    226 255 0 0 0 255 255 255 48 6 0 0 0 169 0 255 255 129 0 255 0 255
    255 0 0 0 0 255 255 0 255 135 0 0 0 255 0 140 221 166 0 191 155 0
    169 255 255 255 0 255 255 255 124 255 0 0 227 255 255 244 0 255 255
    255 0 0 255 255 255 0 92 0 192 255 255 35 16 255 0 255 0 0 10 0 0
    255 0 255 0 183 0 0 255 255 200 0 124 0 255 1 52 0 251 113 255 255
    23 0 0 0 255 243 255 210 0 14 0 0 0 189 255 255 166 0 41 16 255 0 67
    0 255 255 255 0 0 0 255 255 0 11 0 255 0 255 93 255 0 0 0 112 255 0
    0 255 0 0 0 112 255 255 19 255 237 0 0 0 0 255 0 255 255 0 210 0 255
    61 255 0 255 255 255 0 0 0 0 31 71 255 0 255 255 147 0 0 0 189 0 32
    255 114 255 255 255 0 231 255 255 1 0 0 255 255 255 255 60 0 0 255
    255 61 255 255 82 0 103 255 0 0 0 216 255 0 0 0 255 255 255 255 0
    255 23 255 255 255 0 0 0 0 218 255 255 0 0 0 210 0 255 255 255 255
    255 0 255 0 255 73 0 141 78 255 207 255 141 122 255 255 17 12 255 0
    255 0 255 237 255 0 0 255 255 0 255 0 255 0 255 0 255 0 255 100 255
    0 238 255 152 255 219 0 0 0 74 0 255 0 117 229 255 201 255 222 126 0
    255 255 234 255 0 255 0 0 34 0 255 255 0 255 255 0 255 255 126 0 255
    0 0 255 162 255 255 94 0 0 0 0 149 34 255 255 161 210 255 0 255 0
    106 255 255 255 0 47 255 91 0 0 255 0 0 0 0 255 255 255 99 255 0 236
    0 0 0 0 0 0 255 255 255 46 0 0 228 255 0 255 0 255 255 177 94 0 255
    255 0 255 205 0 0 255 255 133 0 255 255 19 0 0 255 243 168 0 255 0
    255 0 255 0 255 163 7 0 0 255 0 212 255 0 190 0 255 205 255 0 0 213
    255 255 255 255 255 255 0 0 153 0 144 255 0 0 255 133 0 0 255 245
    255 0 255 0 0 255 0 255 0 180 255 255 107 0 239 154 0 136 0 255 0 0
    255 0 255 255 0 255 186 255 0 0 0 0 174 66 0 255 255 255 255 208 255
    255 255 0 123 224 255 144 255 0 255 255 255 150 255 110 40 0 255 255
    255 255 0 0 255 255 0 255 0 0 107 79 255 192 168 255 255 255 0 162
    227 255 0 0 0 71 255 255 255 255 0 0 0 197 0 165 233 255 255 255 0
    41 137 0 255 0 54 0 255 113 0 0 8 0 0 0 255 0 255 0 0 0 0 185 0 93 0
    27 0 0 0 255 255 255 0 0 0 255 0 0 135 136 195 255 255 255 0 255 0
    255 255 121 255 255 255 255 0 0 0 255 255 255 0 173 0 56 0 174 255 0
    255 0 255 255 0 255 0 255 54 255 0 255 255 0 242 0 33 255 156 0 0
    205 185 255 156 0 255 0 255 0 255 0 255 82 255 0 0 0 255 0 255 0 255
    255 67 255 0 0 0 0 255 0 0 0 0 74 0 41 68 255 0 221 236 0 255 0 255
    0 255 255 255 255 86 244 221 0 122 255 255 0 255 211 255 0 0 0 255
    255 255 255 255 0 0 0 255 255 0 0 62 0 0 186 0 255 255 255 255 255 0
    121 255 255 0 255 0 255 255 0 255 84 0 255 0 0 0 146 255 0 115 0 255
    0 0 0 255 255 66 255 0 0 0 0 255 255 255 0 0 255 255 255 0 223 128
    255 157 155 255 255 255 110 255 0 0 255 255 0 97 82 255 0 0 255 0
    255 88 133 0 255 255 0 0 255 90 0 232 214 59 0 0 255 255 255 255 0
    50 0 0 0 31 0 206 255 0 0 255 255 255 0 255 255 255 0 76 188 103 225
    255 0 255 8 0 255 0 255 60 255 0 0 255 92 255 0 255 0 117 0 255 0 29
    255 0 255 137 239 0 0 0 158 221 255 0 255 0 255 27 255 255 255 0 255
    0 255 255 72 255 0 255 0 0 255 0 255 0 255 255 255 61 255 0 255 0 0
    0 219 255 108 0 255 0 182 255 0 255 0 0 255 255 255 174 0 0 114 0 0
    0 255 255 255 255 0 117 255 255 255 0 0 0 0 255 0 255 0 255 0 255 0
    0 255 0 0 0 255 0 0 0 0 30 255 0 0 0 0 114 149 0 0 0 0 0 41 255 255
    191 0 0 255 0 0 0 255 194 255 0 0 255 84 169 174 0 255 0 255 151 0
    26 0 0 177 44 255 0 0 114 254 0 255 0 255 0 255 255 0 255 23 255 255
    255 255 197 255 255 0 0 0 165 255 255 0 0 0 255 216 150 0 0 255 255
    121 0 0 255 213 0 0 0 0 145 255 255 125 211 0 166 255 0 255 0 255 0
    255 0 119 0 255 158 0 0 0 255 0 255 0 255 141 99 255 0 255 255 0 0
    202 255 0 0 0 101 255 86 154 0 0 0 64 255 255 255 255 0 129 161 255
    255 89 0 230 0 255 46 255 12 255 202 255 0 255 0 255 255 0 40 250
    255 255 0 0 186 255 188 68 0 0 0 0 255 255 255 255 0 255 255 255 0 0
    255 255 255 0 255 130 0 0 78 255 58 94 0 255 25 255 0 0 255 0 0 0 0
    255 255 171 0 255 255 255 72 255 0 0 0 255 255 255 255 255 109 86 0
    255 61 123 0 255 175 177 145 255 255 0 0 0 0 255 255 0 0 0 255 0 255
    255 0 214 202 255 255 255 0 255 255 255 255 0 0 0 255 255 0 0 27 30
    255 227 232 0 255 255 255 0 255 0 255 63 0 0 0 255 255 255 255 116
    255 0 0 255 255 255 0 0 0 0 0 255 7 153 0 252 0 0 0 1 255 255 0 0 0
    255 0 0 255 90 255 255 0 0 255 205 255 255 255 255 255 0 255 0 0 0
    61 0 255 255 253 0 255 0 11 0 255 36 234 255 255 255 248 0 0 255 255
    99 255 0 0 255 205 255 255 173 0 255 114 0 104 255 238 255 0 255 0
    255 4 0 255 0 255 0 125 161 255 255 0 170 0 255 255 255 255 0 255
    255 214 0 0 0 0 60 0 255 110 255 144 255 0 0 0 255 255 255 84 0 0
    255 255 255 124 255 0 255 0 255 101 255 0 255 0 246 45 0 0 69 70 0 0
    79 0 0 225 0 0 255 255 255 237 0 0 0 0 255 0 255 255 211 0 0 255 255
    255 255 255 255 0 0 95 175 255 0 0 0 255 255 255 255 255 0 255 255
    255 0 255 0 255 255 255 0 255 113 228 32 0 0 49 255 0 0 0 255 255
    177 0 255 5 7 41 255 255 255 0 0 0 0 58 0 255 255 255 0 23 0 0 255
    255 0 114 255 0 0 0 220 255 255 0 0 255 0 255 0 0 189 255 0 0 0 255
    255 255 0 255 255 0 101 0 255 210 255 255 68 255 255 0 0 0 255 0 255
    0 255 174 0 77 0 255 0 0 255 0 187 209 255 255 117 0 255 0 255 255
    255 0 255 0 255 22 255 0 255 255 194 0 88 255 255 0 0 0 255 149 255
    104 0 255 255 0 101 0 255 0 243 11 255 255 166 0 255 255 0 26 0 255
    0 255 0 49 0 255 0 255 30 9 255 0 255 255 135 255 13 0 0 0 255 0 255
    255 255 255 0 76 255 255 255 255 0 123 255 0 255 255 255 255 255 84
    0 0 255 255 255 147 0 255 0 0 0 0 0 215 0 255 0 0 0 255 255 255 162
    255 255 99 0 178 88 227 255 255 194 255 0 255 39 255 37 0 255 0 255
    0 255 0 0 0 0 255 255 255 0 0 255 255 255 0 0 0 0 255 0 255 166 255
    0 0 255 0 255 62 0 255 255 0 108 0 255 255 255 0 113 255 20 0 0 255
    0 255 195 0 255 0 255 255 255 255 0 183 255 0 0 0 255 255 255 255 4
    255 67 255 0 0 0 204 0 0 3 0 255 15 255 186 0 0 255 255 255 255 0 0
    12 255 255 0 0 255 0 255 0 0 255 0 0 0 255 0 255 106 0 0 255 255 255
    0 0 255 86 97 0 4 0 255 1 157 0 255 57 0 0 186 49 255 236 255 0 255
    0 255 15 0 0 200 0 255 255 255 255 253 156 0 0 255 0 129 0 255 255
    255 110 127 255 0 0 0 0 255 0 255 221 0 255 0 255 0 255 255 255 0 0
    0 120 155 255 255 255 0 0 0 250 0 102 0 0 255 255 255 0 214 255 255
    255 0 221 255 0 255 0 0 255 0 21 0 159 205 83 255 0 0 0 116 255 255
    255 0 0 0 255 255 255 0 0 0 0 108 255 255 0 211 0 255 0 255 0 255
    255 0 0 255 255 252 255 15 255 0 255 255 0 0 0 0 0 255 255 124 0 255
    255 255 52 0 0 255 37 255 216 5 90 0 0 0 255 0 255 0 0 66 255 255
    255 255 255 0 0 0 255 13 0 255 199 0 0 0 0 0 0 132 0 255 255 168 109
    0 0 255 255 0 0 91 90 0 0 209 0 231 112 0 255 0 0 0 255 255 0 255 0
    0 0 0 255 46 233 0 255 0 255 0 0 0 255 0 255 190 255 0 0 0 255 85 0
    0 255 255 255 237 0 0 255 0 248 255 124 255 255 255 210 0 0 0 119 0
    255 0 118 0 143 0 255 255 255 255 0 43 0 0 0 156 255 255 0 255 0 255
    84 255 0 0 255 255 0 255 0 255 0 0 0 255 241 255 116 0 0 0 0 255 255
    255 0 0 29 255 255 255 0 255 0 255 0 255 255 197 255 0 0 255 165 255
    0 0 0 0 255 255 255 255 255 0 0 255 0 160 58 92 163 255 0 0 0 255
    255 255 118 0 0 0 0 255 255 0 255 255 255 0 0 0 0 255 255 255 255
    255 0 132 255 255 255 255 255 0 0 0 0 20 255 255 255 0 0 193 0 255 0
    77 0 255 0 255 0 255 0 255 255 255 0 0 255 255 255 0 0 0 255 255 255
    0 0 0 0 255 154 121 84 255 0 0 255 255 0 255 255 255 0 255 0 0 0 0 0
    0 255 0 255 0 0 255 0 255 0 166 0 255 0 0 162 75 30 189 0 0 145 255
    0 0 0 255 0 0 255 179 255 255 230 255 255 0 65 0 255 255 255 0 0 28
    255 0 0 225 0 5 255 255 0 7 0 255 0 255 255 0 0 255 197 0 0 4 255
    255 0 255 255 255 0 26 0 0 0 0 255 255 255 255 0 70 0 255 0 255 255
    0 0 255 0 30 0 234 0 198 255 255 0 0 0 255 0 143 0 124 17 255 0 0 0
    230 2 159 0 0 29 0 255 0 255 0 0 0 255 0 255 255 255 0 232 0 0 0 255
    0 0 0 255 0 0 255 188 255 0 0 0 164 159 0 255 255 0 126 0 129 175 85
    0 255 255 217 0 0 108 255 255 255 0 0 0 36 255 0 118 255 164 227 0
    255 14 38 255 255 0 0 0 0 0 0 0 0 255 0 255 0 255 255 255 0 0 0 255
    255 255 255 0 141 0 255 255 255 0 58 32 255 67 165 255 255 0 255 138
    255 209 0 255 255 255 188 0 0 255 255 86 255 0 0 166 255 255 121 134
    0 255 0 0 255 251 35 255 255 255 0 255 176 0 0 0 152 93 0 0 255 191
    255 255 255 0 0 0 0 0 229 255 0 255 0 255 255 245 0 255 255 255 255
    255 0 0 180 255 0 0 0 255 0 255 0 255 130 0 0 0 0 97 255 255 255 86
    255 255 255 0 0 255 6 255 255 0 86 0 255 255 0 255 255 0 0 255 255
    255 0 241 255 255 60 0 255 94 255 0 0 0 0 0 0 255 255 255 255 255 44
    75 0 0 255 53 255 255 255 0 0 0 162 255 255 255 76 0 255 0 255 0 255
    255 255 200 161 0 255 255 255 255 0 0 219 255 255 255 0 255 0 0 0 0
    0 255 100 102 33 255 255 0 0 255 42 255 0 0 0 255 220 0 0 106 255 0
    255 191 255 255 13 0 0 0 255 255 255 0 111 255 0 255 0 255 255 0 0 0
    255 0 255 0 3 0 0 0 222 255 83 0 19 0 255 255 0 255 255 71 0 255 30
    255 0 255 0 255 0 0 0 0 98 45 255 0 68 0 255 0 0 255 255 0 228 0 255
    19 255 255 255 0 255 255 0 81 0 0 110 180 255 255 255 95 24 255 0
    255 255 255 255 0 255 255 196 0 0 124 0 0 0 255 195 0 255 18 255 255
    255 255 255 0 0 0 255 0 255 255 0 0 42 255 255 255 253 0 0 0 0 0 0 0
    255 255 255 78 255 0 255 255 255 27 0 0 255 255 255 0 223 3 255 0
    255 0 255 0 255 0 0 0 122 255 0 0 255 69 255 0 255 23 228 0 255 0 0
    229 0 255 0 255 0 172 0 122 255 255 255 0 23 0 255 0 246 255 0 0 0
    255 0 226 146 255 255 0 255 0 38 255 0 255 227 255 0 255 0 1 0 0 0 0
    215 255 0 214 0 255 0 255 0 255 134 255 66 255 255 221 255 186 255 0
    255 177 255 0 11 255 255 255 255 255 0 0 0 255 255 209 0 0 255 0 113
    0 146 255 255 0 185 255 109 0 255 123 255 130 255 0 255 204 0 0 0
    255 255 255 0 0 255 255 154 188 24 255 0 0 210 255 255 255 0 214 189
    0 0 255 255 255 0 255 0 160 6 255 255 254 255 0 0 255 255 255 0 0
    255 61 0 0 0 125 0 131 0 0 255 0 0 54 140 21 255 0 0 21 255 0 255
    255 0 0 200 255 56 0 0 255 255 0 249 255 0 255 255 255 255 0 0 255
    255 255 0 171 35 255 255 74 0 0 179 255 0 255 0 255 75 182 0 0 255
    255 255 0 0 0 0 112 255 70 0 0 255 21 0 255 0 255 0 255 83 255 255
    255 0 255 0 255 0 255 0 0 255 47 255 255 0 18 255 217 157 0 0 255 0
    255 147 255 47 111 255 74 0 0 221 255 255 0 137 0 50 255 143 0 255
    41 255 31 0 255 0 162 255 255 255 0 138 255 0 0 0 255 255 255 0 64
    255 72 255 0 255 0 255 0 0 255 255 0 255 255 0 0 0 255 255 255 255
    175 9 0 255 255 255 255 0 118 0 255 255 255 74 0 0 128 255 255 94
    255 0 0 255 255 255 9 255 0 0 186 143 182 255 255 0 0 0 0 0 255 255
    255 255 255 255 255 255 0 0 2 255 0 0 91 255 0 0 77 255 255 0 56 242
    0 0 0 255 255 69 235 0 255 195 0 138 255 217 255 255 0 255 153 203
    105 164 255 0 255 228 0 0 0 255 255 255 0 0 255 255 0 112 0 0 0 255
    0 9 27 0 0 255 0 255 0 255 47 0 154 0 255 255 0 0 255 88 136 0 255 0
    0 0 255 255 13 255 0 0 0 0 225 0 0 0 0 0 0 255 255 255 0 142 0 255
    255 255 255 255 0 117 255 0 255 60 0 0 0 255 255 255 0 0 255 255 230
    0 0 0 255 255 0 0 0 255 255 255 0 89 0 255 0 0 88 0 255 255 255 26
    63 0 92 255 0 0 0 0 255 0 27 255 0 65 0 255 0 255 255 255 255 255 0
    0 16 0 25 0 255 0 0 0 0 255 242 255 0 255 240 0 0 0 168 255 50 0 0
    217 0 0 255 255 255 255 0 0 0 255 255 224 255 255 184 52 0 255 0 0 0
    255 0 255 255 255 0 0 0 0 0 241 255 255 255 0 0 0 255 0 0 0 255 0
    242 0 255 255 0 0 0 255 255 188 0 39 255 255 0 255 0 0 0 255 255 255
    0 203 0 255 0 255 0 0 189 255 255 34 255 0 255 255 0 0 0 255 255 255
    255 0 106 0 255 100 255 0 241 0 255 255 255 142 79 0 50 235 255 0
    255 255 203 255 55 0 0 0 0 0 255 130 255 255 87 0 172 0 255 255 153
    252 0 167 255 255 0 255 0 255 0 0 0 255 255 255 0 255 255 255 0 0
    174 189 255 0 255 255 255 255 255 0 93 255 0 255 0 255 0 255 0 255
    255 255 184 255 0 255 0 186 0 255 255 255 0 0 255 0 255 240 255 0
    255 229 255 255 133 0 84 255 255 255 0 0 255 255 0 255 100 255 0 0 0
    255 0 38 0 119 0 255 79 255 0 255 0 255 255 255 0 0 255 255 255 0 0
    125 255 0 0 119 255 255 0 0 0 0 255 255 255 24 255 255 0 255 0 0 255
    255 255 0 0 223 0 94 0 0 255 255 255 0 0 0 255 0 255 255 148 0 0 0 0
    255 0 255 61 255 67 255 131 255 0 0 7 0 0 255 255 96 155 0 0 0 0 255
    255 255 255 34 0 255 0 255 0 0 255 255 0 0 0 255 255 255 0 111 255 0
    64 255 51 0 0 0 255 255 255 247 0 19 0 3 255 255 211 0 0 0 100 255
    255 0 0 255 0 255 0 255 255 199 255 111 255 0 0 0 255 255 255 255 0
    0 0 255 255 0 255 0 0 255 255 65 0 255 255 0 0 120 255 255 170 255 0
    121 0 255 0 255 0 255 255 255 255 0 255 0 255 0 26 255 0 132 255 255
    206 0 255 255 255 0 0 0 255 255 255 255 245 0 255 255 255 0 0 255
    255 255 255 255 0 0 192 232 0 0 176 134 0 0 255 171 255 255 0 0 0
    178 106 0 255 89 84 0 255 0 0 51 255 255 0 0 0 255 0 0 96 255 255 0
    255 0 0 0 255 255 255 0 0 255 0 0 0 255 255 255 255 255 0 176 0 0 0
    0 0 235 196 0 0 217 0 0 0 4 0 141 0 60 255 255 0 0 221 124 255 0 0
    127 0 255 45 255 255 0 0 0 255 169 0 255 255 0 0 255 0 30 255 255 0
    0 161 0 0 255 255 0 109 255 139 0 0 255 255 255 116 255 255 33 0 147
    255 255 0 0 0 255 255 0 0 0 204 255 255 255 9 236 172 0 0 0 181 0
    255 255 255 255 149 0 0 255 36 93 0 255 0 0 255 255 255 0 255 99 0 0
    255 0 72 255 0 255 0 255 99 194 110 255 0 255 0 255 255 255 0 0 255
    255 255 0 255 0 82 0 255 29 255 255 243 255 0 255 223 0 255 24 255
    109 0 0 0 255 0 199 255 0 255 0 0 255 255 0 255 167 237 0 255 0 255
    0 248 255 0 227 0 255 255 0 0 0 255 255 255 255 255 102 198 0 105 0
    255 255 0 255 255 0 255 54 116 134 255 255 255 0 12 255 255 255 19 0
    0 0 255 0 210 0 255 255 255 255 0 182 0 56 255 255 0 255 255 39 255
    126 35 0 0 255 0 237 0 255 255 255 0 255 0 255 0 255 255 211 0 255
    171 3 29 255 205 255 155 207 0 82 0 255 255 255 255 255 0 0 0 0 245
    129 204 255 0 0 0 255 0 0 0 255 255 255 0 4 3 255 101 15 111 255 0 0
    255 255 0 0 0 255 0 255 0 255 255 13 0 255 0 255 0 43 0 255 101 255
    138 255 255 0 255 77 255 0 0 0 255 255 0 0 255 0 255 0 255 83 255
    255 0 0 0 199 255 255 0 0 0 255 0 0 91 0 255 255 208 255 104 255 0
    201 0 0 0 0 131 0 255 255 255 0 0 217 0 255 255 2 11 255 255 246 226
    255 158 96 0 255 0 7 0 0 255 255 40 0 255 220 76 68 120 0 0 0 145
    255 0 0 255 194 255 0 255 255 0 99 225 100 0 0 0 0 255 139 255 255
    24 0 0 0 255 255 255 0 241 0 255 0 255 0 255 0 255 0 0 255 255 255 0
    0 255 255 210 128 0 0 255 253 0 0 0 255 255 255 157 0 255 255 255 0
    0 0 255 255 100 0 0 226 255 255 255 0 0 255 255 255 255 255 0 0 0 0
    255 255 255 0 0 0 0 0 0 255 255 0 0 0 255 0 71 149 255 0 0 255 255
    160 216 255 219 0 0 0 0 205 128 0 0 255 121 0 0 255 255 251 255 0 0
    255 14 167 255 0 0 0 255 0 255 89 255 16 0 0 4 255 255 0 0 0 255 0
    255 0 255 57 255 255 0 0 162 255 132 0 0 0 164 0 189 255 255 0 0 0 0
    255 0 0 255 255 0 145 0 255 255 255 255 255 255 0 0 0 255 255 0 153
    222 255 226 0 0 164 0 255 0 255 255 255 0 0 255 98 255 0 0 170 0 215
    255 173 255 255 0 0 0 255 157 255 0 255 0 255 192 255 0 0 255 0 0
    255 0 255 0 255 0 181 0 0 255 255 255 102 255 255 0 0 0 255 7 255
    255 255 255 0 255 21 90 0 255 0 255 0 0 0 255 0 255 0 241 255 255 0
    0 190 255 0 0 67 10 139 194 92 0 255 151 255 255 0 164 0 255 36 199
    255 0 0 0 0 0 197 255 255 0 0 0 222 255 255 255 0 109 0 255 78 255
    135 255 0 255 0 255 255 255 255 157 255 255 255 0 255 0 118 0 237
    255 150 0 0 5 255 255 246 0 209 255 255 131 255 5 255 255 0 179 0
    255 0 255 0 255 0 255 255 255 255 41 0 255 0 0 0 255 255 0 0 0 255 0
    193 138 0 0 0 255 255 255 221 0 255 255 102 255 136 0 0 255 255 131
    255 21 255 0 0 0 0 0 0 255 255 255 2 255 0 255 0 255 0 0 0 255 255
    239 0 255 0 0 0 255 255 255 255 0 0 82 255 255 0 255 0 0 255 255 255
    0 69 5 255 255 237 0 252 255 255 194 255 0 0 0 255 0 0 255 0 255 255
    103 183 255 0 0 255 255 27 255 0 255 0 255 0 0 0 0 255 255 255 0 255
    255 196 0 73 253 0 0 255 255 132 47 255 255 255 117 0 0 255 0 255 0
    255 255 255 255 255 0 255 0 0 0 234 77 255 51 0 224 175 185 0 0 255
    0 255 4 0 0 213 0 0 188 255 246 183 183 255 97 0 0 240 255 0 3 0 255
    161 0 0 0 0 255 255 255 0 226 0 0 255 255 224 255 255 0 0 108 255
    255 255 55 255 0 0 0 0 0 0 255 255 255 255 0 0 0 255 0 0 161 127 65
    255 255 0 0 0 255 255 94 255 0 0 19 255 255 255 0 0 0 0 180 255 0 0
    0 255 255 86 0 235 17 0 255 0 0 255 255 255 0 0 201 255 255 0 255 0
    0 255 157 255 255 0 150 255 34 0 128 0 255 211 255 0 0 255 0 0 255 0
    255 131 255 0 0 0 61 255 0 133 0 255 158 0 81 0 0 55 0 255 0 0 255
    255 0 0 0 255 255 255 0 255 3 255 255 255 255 255 255 0 0 0 76 0 255
    7 0 0 0 255 255 221 255 255 0 0 0 255 64 255 0 0 0 255 189 255 0 0 0
    255 201 0 0 0 22 68 0 101 0 201 0 255 240 151 32 0 0 0 255 0 0 159 0
    255 255 255 0 0 0 255 118 129 255 255 0 255 255 255 0 0 67 0 255 0
    255 0 255 255 0 0 0 0 112 0 255 255 0 255 255 85 0 255 255 0 227 0
    255 36 0 0 255 0 255 255 0 6 0 255 255 255 68 0 0 0 152 0 0 255 255
    255 0 0 0 255 255 255 215 0 0 0 255 255 0 0 35 222 250 124 255 255 0
    0 0 255 0 255 0 88 255 92 0 12 100 0 0 255 160 0 117 255 0 144 0 255
    0 0 0 255 255 0 255 30 0 255 255 0 0 64 255 0 186 255 198 0 255 0
    147 0 255 168 255 0 71 251 255 0 255 255 255 0 0 54 46 255 255 255
    255 0 0 255 255 0 255 0 255 255 255 0 255 255 255 149 128 255 255
    255 23 49 255 255 0 119 255 255 0 255 255 255 0 9 255 255 0 0 0 0
    255 255 255 214 213 0 255 0 255 255 0 0 255 255 0 255 0 185 40 255 0
    214 0 255 0 87 0 255 144 0 0 0 0 255 255 110 29 185 0 255 0 133 94
    43 0 255 0 255 179 0 0 255 0 0 0 0 0 255 255 255 0 31 255 0 255 255
    255 0 0 255 0 255 0 80 197 255 64 0 0 255 255 255 255 255 38 0 0 255
    255 255 255 255 255 0 0 228 255 127 0 255 255 255 255 0 255 0 255 0
    175 0 0 0 0 255 255 255 0 0 255 0 255 0 255 0 0 0 0 255 255 255 0 0
    0 255 96 189 0 255 0 0 0 0 77 0 230 0 0 255 255 255 0 255 0 141 0 10
    0 43 0 255 0 208 255 0 0 199 71 0 255 107 255 0 0 0 187 255 255 255
    0 255 0 207 0 0 255 255 255 255 255 97 0 0 255 140 255 255 255 255
    15 241 0 252 0 255 255 0 0 0 255 255 0 0 255 255 0 0 255 0 111 187
    255 255 0 255 19 255 0 0 0 0 255 178 0 0 255 255 255 67 0 0 0 255
    255 41 0 255 255 255 0 0 239 0 0 0 255 131 0 226 255 0 255 0 255 0
    255 255 255 0 233 0 88 255 0 0 38 130 255 255 252 0 0 255 255 0 0 0
    3 255 255 0 0 0 255 196 0 0 0 255 255 255 255 0 246 0 0 0 255 255
    255 0 0 0 0 255 0 0 255 122 255 159 0 255 255 0 255 0 255 0 70 0 255
    255 255 219 255 0 255 255 0 0 49 0 255 96 255 85 0 0 0 255 0 255 255
    255 255 255 255 255 48 0 0 0 255 157 0 255 255 179 0 40 0 190 255
    255 255 0 255 0 255 0 53 255 24 255 0 255 255 27 255 255 255 0 0 0
    255 0 0 255 255 255 255 255 255 0 255 0 255 0 255 0 255 0 255 0 0
    255 52 255 0 255 112 255 255 0 0 0 0 0 255 249 255 0 0 0 8 251 0 129
    0 0 0 255 255 0 77 255 231 240 0 0 172 255 255 32 0 0 255 255 255 0
    0 0 225 255 0 0 0 0 255 0 0 255 255 255 255 0 0 0 255 255 0 0 255 0
    0 4 0 255 0 0 0 255 255 0 0 0 255 255 255 106 0 255 83 255 228 168 0
    255 255 255 0 0 0 255 255 0 255 0 255 0 0 192 255 255 255 255 0 0 0
    255 255 255 195 255 255 255 0 119 7 0 255 0 255 0 255 0 255 0 255
    255 200 0 0 255 255 255 255 0 255 255 255 0 0 138 255 255 246 0 0
    255 255 255 0 0 0 255 255 0 255 255 255 255 255 255 0 0 0 0 0 234
    255 255 0 0 151 255 57 255 0 0 255 0 0 42 255 255 0 0 105 55 0 255
    255 231 0 0 255 255 50 0 255 255 0 255 255 0 255 0 255 0 0 232 255
    255 255 255 175 92 0 164 173 255 255 255 0 31 0 255 88 255 0 255 0
    255 255 255 41 255 255 255 0 0 255 255 255 255 255 0 0 255 53 76 0
    255 255 0 0 0 44 255 6 0 255 168 0 255 0 255 255 250 255 0 0 255 255
    0 32 0 150 255 255 255 0 0 255 255 255 0 0 162 156 255 0 0 91 67 67
    255 0 255 0 0 0 173 255 255 132 255 204 0 0 255 255 0 255 0 81 0 130
    255 0 174 0 0 255 255 0 255 156 255 0 0 0 0 255 255 128 0 121 255 0
    133 0 241 255 231 0 255 255 0 0 0 0 129 0 0 0 0 255 255 255 30 255 0
    0 0 181 255 0 255 255 255 159 0 236 255 255 255 56 0 255 204 255 255
    0 103 255 0 32 255 255 162 179 22 0 255 255 255 0 255 0 255 255 255
    0 255 0 255 0 255 0 255 255 255 0 30 255 214 0 0 0 255 0 255 0 255
    255 93 53 255 255 0 73 0 1 0 255 255 0 255 0 166 0 255 151 196 255 0
    255 0 168 0 255 255 0 255 255 255 255 255 255 0 0 255 255 69 0 255 0
    255 0 255 0 255 0 0 0 0 255 255 0 0 255 231 0 0 255 255 181 0 85 255
    0 0 255 255 255 0 255 0 255 0 0 0 255 255 255 255 173 255 0 255 255
    59 0 0 255 255 255 255 0 255 255 255 0 0 0 0 255 0 0 187 145 148 255
    0 127 0 19 255 255 0 0 0 90 255 72 79 0 255 226 0 180 255 255 104 0
    255 94 119 0 255 0 255 0 255 29 141 146 191 255 0 0 255 255 189 0
    255 0 0 255 255 19 0 0 255 255 255 0 0 255 255 4 0 59 0 255 255 255
    0 0 255 0 0 255 0 90 0 255 255 255 0 255 0 255 255 30 0 255 0 255 0
    140 0 90 0 255 255 255 84 255 255 255 0 255 195 255 255 71 255 0 255
    7 255 0 0 64 255 255 203 142 0 0 0 0 0 0 255 255 255 255 0 255 166 0
    0 0 255 0 0 41 151 196 0 255 0 0 0 0 255 0 139 0 205 0 0 255 148 0
    255 255 255 0 0 255 21 255 0 255 245 35 0 0 255 56 201 39 122 255 0
    0 0 255 0 240 0 204 255 255 255 245 255 0 255 231 255 0 0 255 255 0
    0 0 0 255 0 0 0 114 124 0 255 0 255 255 0 233 0 255 0 0 12 255 0 221
    0 255 255 255 247 0 255 255 255 255 0 0 0 255 255 255 255 0 0 15 255
    255 0 0 255 255 0 255 255 196 51 0 255 255 255 255 37 0 69 147 0 199
    255 255 0 255 0 0 7 255 255 0 128 255 255 255 255 154 255 255 255 0
    255 90 50 0 0 0 255 255 105 0 0 0 255 0 255 255 255 255 0 0 109 0 0
    191 193 190 255 0 233 84 255 135 0 0 0 0 255 40 0 255 0 255 0 0 0 0
    255 0 255 255 255 0 0 0 255 255 255 255 0 160 255 255 0 0 0 255 0 0
    0 52 0 0 240 255 0 0 0 255 255 0 0 0 255 255 0 0 44 0 255 42 255 22
    0 0 0 255 0 79 0 255 0 255 138 255 255 255 0 0 255 255 255 40 0 0
    134 255 255 13 255 0 0 255 255 0 255 255 0 0 0 255 106 0 199 255 255
    27 101 255 255 0 114 0 184 104 255 255 255 255 255 255 255 255 0 0 0
    0 255 0 0 0 0 255 23 255 46 255 0 255 0 255 0 181 255 0 255 255 255
    255 0 255 0 255 0 0 255 0 0 89 255 0 0 141 0 255 0 255 0 92 0 0 0 0
    255 0 0 0 189 0 0 0 0 0 255 151 100 0 255 255 104 0 139 255 255 249
    0 0 0 0 255 255 0 0 255 255 255 0 255 0 255 255 255 255 255 255 255
    0 0 255 255 0 0 228 0 255 0 255 255 255 132 0 0 0 0 0 255 194 0 255
    255 255 0 0 255 255 255 255 0 0 0 0 255 255 55 0 0 0 0 0 0 0 0 255
    255 255 0 0 0 255 128 0 255 0 255 255 255 252 0 255 36 255 255 0 102
    0 255 99 255 0 0 0 255 245 152 1 0 255 255 0 0 229 0 255 255 25 0 0
    255 0 255 255 167 255 255 0 0 255 229 255 21 61 0 255 0 0 255 56 255
    0 0 255 255 255 0 76 47 255 103 0 0 255 255 52 42 118 0 0 255 188
    255 0 0 82 255 132 255 255 255 0 255 0 0 255 49 52 0 0 158 225 255 0
    255 67 255 150 0 255 195 40 174 0 0 0 255 255 0 0 0 255 0 255 141
    255 255 0 0 203 255 255 255 0 0 255 0 0 255 255 255 0 109 0 255 0
    255 255 255 0 0 0 255 255 0 255 255 255 0 0 0 255 0 0 255 255 0 0
    236 102 255 0 0 0 0 255 0 163 255 0 0 0 255 255 255 255 209 0 0 0 0
    255 17 0 0 0 255 160 255 255 255 255 31 208 0 255 17 0 0 0 118 27
    232 255 255 0 0 0 255 255 255 255 140 0 34 255 0 255 0 54 0 255 33
    116 255 0 0 255 155 255 0 0 255 161 0 0 155 255 255 0 190 0 0 0 255
    255 212 255 140 0 0 21 0 255 255 255 0 0 0 0 0 255 255 255 53 193 0
    0 0 255 20 255 0 255 15 0 0 0 255 0 112 0 0 255 255 255 0 0 0 255
    255 106 0 0 0 255 255 255 81 255 255 3 0 0 46 255 255 0 255 153 255
    0 166 255 114 0 255 0 255 255 255 255 255 255 0 0 0 0 255 80 255 0
    255 0 0 0 0 0 255 39 255 0 0 17 0 255 255 89 255 255 9 0 255 0 134 0
    0 0 0 0 255 63 0 0 255 157 92 0 203 110 0 255 255 166 162 0 255 0
    126 0 53 255 255 0 0 0 255 255 239 0 255 0 255 86 255 0 115 0 211 95
    0 255 0 27 255 255 0 0 107 255 255 255 255 0 0 0 0 255 0 111 0 255 0
    95 0 0 255 0 0 255 0 255 0 255 147 71 255 0 255 137 0 255 139 255 0
    255 255 255 239 48 0 14 0 255 255 255 0 0 0 233 255 89 0 0 128 0 0
    255 31 63 142 0 0 0 0 255 0 255 0 237 255 255 255 237 255 178 255
    255 255 255 0 97 0 255 255 255 0 0 0 255 26 0 10 0 255 215 224 255
    255 255 0 255 0 0 59 0 255 255 0 0 0 255 135 202 186 255 60 0 254
    255 255 141 255 0 0 171 0 255 47 171 0 255 191 255 0 0 197 255 255
    243 0 255 0 232 61 0 234 0 0 255 255 255 0 255 42 255 0 0 198 255 0
    231 0 255 0 255 0 255 0 183 0 203 255 0 0 0 255 27 255 141 255 0 0 0
    255 0 0 160 0 255 0 255 0 207 255 234 255 0 0 0 255 255 255 0 0 156
    255 255 0 255 0 200 255 255 255 79 0 0 255 255 0 0 255 190 171 230
    255 106 0 0 0 28 9 0 148 0 0 0 163 0 0 215 43 0 0 255 255 255 255 0
    255 251 0 0 0 255 255 170 255 255 211 255 103 255 0 131 255 0 0 0
    255 255 75 255 0 255 255 255 0 255 0 0 0 255 255 15 0 0 17 255 255
    46 255 0 0 0 255 0 255 0 255 255 69 0 0 255 255 0 0 189 255 0 255
    255 0 0 255 255 0 115 0 0 0 255 0 255 0 255 0 227 255 255 255 255
    255 0 255 255 255 4 0 255 255 0 0 0 111 0 255 0 241 0 0 0 0 255 255
    0 255 0 255 255 0 0 19 255 0 0 255 255 255 0 247 191 255 0 255 255
    189 172 0 0 255 0 255 255 255 0 0 255 0 0 0 0 0 0 50 255 255 163 136
    57 255 255 255 255 0 0 0 0 255 83 0 0 255 0 255 0 0 24 255 255 255 0
    0 0 0 255 0 255 202 255 0 0 0 0 0 0 255 255 252 141 255 0 182 133
    255 255 0 255 0 165 0 255 255 0 0 0 255 255 140 246 206 255 255 214
    89 255 255 0 0 0 0 255 255 255 175 0 0 255 55 0 73 0 255 178 240 0 0
    255 0 0 0 255 255 0 0 0 255 255 205 0 0 0 255 255 255 15 0 0 255 222
    255 0 0 0 255 255 0 255 0 2 187 0 211 0 255 0 255 157 0 55 255 9 0 0
    0 20 255 0 255 255 207 74 166 255 155 255 0 160 0 255 255 83 169 0
    255 140 255 0 255 0 255 250 230 255 0 0 63 237 255 255 125 220 0 255
    0 255 255 255 0 0 242 0 255 0 0 0 255 0 0 148 255 255 255 255 250
    255 255 0 49 0 0 0 255 255 255 255 98 255 0 106 0 255 206 255 0 255
    0 0 0 255 255 255 255 0 239 0 255 0 255 0 255 0 0 0 0 255 255 255
    255 0 227 0 255 255 255 0 0 255 0 193 249 0 45 255 255 255 231 255
    255 0 52 255 0 80 0 0 0 0 255 255 255 0 44 29 255 0 0 255 21 255 0
    255 255 0 0 255 0 255 0 255 255 255 0 255 255 0 0 255 255 0 164 0
    255 255 255 0 255 0 128 255 6 255 255 255 255 255 0 226 255 255 0 0
    0 255 0 255 255 255 255 0 0 255 0 0 120 255 255 0 255 250 255 0 224
    0 255 244 0 0 105 255 255 202 8 255 0 255 255 255 255 255 0 0 0 255
    169 255 0 255 0 255 255 255 0 24 210 153 0 255 255 45 0 255 0 255 0
    161 171 0 0 255 0 229 0 255 72 255 0 0 0 0 255 0 255 169 255 0 0 0
    255 255 83 0 0 0 255 255 255 0 0 0 0 255 255 0 255 255 0 0 0 255 0
    255 255 0 255 0 171 255 255 0 0 255 255 200 0 0 255 0 0 38 255 0 0
    255 199 255 21 35 0 255 255 0 0 27 0 255 255 89 131 247 248 0 0 0
    255 255 255 255 0 0 0 13 139 0 255 0 255 0 255 0 255 0 255 0 255 125
    255 0 255 255 255 255 144 0 0 0 255 255 255 255 0 255 0 255 255 0
    159 0 255 255 0 146 137 255 255 255 0 96 0 0 213 252 255 0 255 0 255
    255 168 255 255 0 0 0 211 255 239 0 0 255 0 255 255 255 255 0 0 0
    255 0 184 0 255 0 255 255 205 0 124 255 255 255 234 0 255 0 255 0
    255 0 255 0 255 222 0 255 34 255 0 255 0 255 0 255 255 255 255 0 255
    25 0 255 255 66 0 255 255 0 0 197 255 32 0 0 255 255 0 0 255 255 0
    72 24 255 0 0 0 0 175 255 89 0 239 0 255 255 255 0 0 231 255 255 255
    161 255 0 255 42 255 255 0 255 255 255 0 0 0 255 255 255 255 255 178
    255 255 255 0 0 56 255 0 0 0 255 0 0 0 106 0 255 0 255 148 220 0 0
    255 139 255 255 255 0 0 128 255 0 0 255 255 255 255 152 255 0 0 255
    255 135 148 157 0 255 0 255 190 0 0 255 255 255 147 0 72 255 0 255
    225 255 255 255 255 0 255 0 0 221 255 255 0 48 0 209 98 0 0 0 255 30
    0 255 255 255 227 255 255 255 255 255 86 107 0 0 0 0 0 0 0 0 255 83
    255 0 0 175 255 255 255 141 100 0 31 255 121 128 255 255 169 0 255
    255 255 0 0 255 255 95 255 0 0 0 255 255 0 40 245 255 73 255 255 243
    0 124 202 255 255 255 8 0 0 85 0 255 128 0 0 255 84 0 0 249 0 0 0
    255 148 255 0 255 0 0 0 255 255 103 0 86 255 255 255 255 195 69 0
    255 255 255 255 255 0 0 255 0 0 255 0 74 0 255 114 0 0 134 255 255
    171 55 0 59 83 211 255 255 255 0 255 0 255 0 0 255 0 255 255 255 47
    0 0 255 255 0 30 0 255 0 255 0 0 0 255 103 0 172 0 255 0 0 0 240 255
    62 0 0 53 0 255 125 255 255 255 255 0 0 85 255 127 196 0 0 255 255
    255 0 148 0 0 86 255 255 255 255 0 0 0 255 75 255 0 0 129 255 255
    255 142 0 0 0 103 179 27 255 255 0 0 255 0 248 0 47 0 0 255 0 0 27
    181 255 255 0 255 0 255 109 255 0 255 0 53 255 67 255 255 255 0 0 26
    0 0 106 0 148 246 255 0 255 255 4 255 53 0 0 0 255 255 255 0 0 0 255
    255 255 255 140 0 255 149 255 0 136 255 255 255 0 255 102 255 0 255
    0 0 0 255 255 255 0 148 255 255 0 0 0 255 0 255 255 255 0 0 198 255
    62 255 118 0 255 0 255 0 0 255 0 155 0 0 0 190 26 59 0 255 255 255 0
    255 0 0 255 0 255 255 0 255 255 0 255 0 255 0 0 255 21 0 255 229 255
    255 255 0 153 0 255 172 0 230 0 0 0 0 148 255 0 255 0 50 0 255 142
    255 0 0 255 255 255 255 0 0 149 0 255 217 255 255 255 82 0 0 255 0 0
    0 255 255 255 0 255 0 255 0 255 0 255 0 0 45 255 0 255 0 255 0 255
    255 2 0 10 0 0 0 255 255 0 0 0 255 172 255 0 187 51 255 0 255 255 0
    238 211 0 0 0 0 255 0 255 0 255 255 255 255 98 124 27 255 234 0 0
    255 0 0 0 0 255 188 255 0 0 0 0 206 0 1 0 255 0 255 84 255 255 255 0
    201 0 255 67 0 0 255 0 0 255 0 10 255 0 0 0 105 255 0 63 0 0 255 255
    255 255 44 255 255 0 79 0 255 255 0 255 0 255 0 0 255 0 255 30 255
    255 104 0 113 255 255 255 154 0 255 0 0 0 0 85 0 255 0 255 255 255
    240 0 255 255 255 255 0 255 0 0 200 0 126 255 255 255 0 0 63 0 43
    255 255 255 217 58 255 255 255 255 0 202 0 255 0 0 0 255 255 255 0
    255 255 255 6 254 0 107 0 255 0 255 0 76 0 0 0 255 255 255 0 0 255
    163 173 255 0 185 0 255 0 0 0 255 255 255 189 76 0 255 255 255 255 0
    255 0 0 255 24 0 0 0 255 255 255 0 0 0 255 184 0 216 0 184 86 0 0 0
    255 0 255 0 0 0 255 0 255 236 0 246 127 0 0 0 255 0 255 0 255 255
    161 255 255 166 2 0 0 0 0 255 5 255 0 0 0 255 255 0 56 0 255 0 0 0
    141 118 255 255 255 229 0 168 255 0 173 0 93 20 0 214 255 0 0 137
    162 255 27 0 255 0 255 0 0 255 255 255 0 0 0 0 0 212 255 246 255 255
    0 0 255 255 0 255 0 0 0 255 255 0 0 0 255 0 212 0 255 255 0 255 255
    255 0 141 255 198 0 195 0 255 68 0 0 255 255 255 0 0 0 255 0 255 255
    200 245 0 0 255 255 0 0 255 255 0 94 255 255 0 255 255 255 0 0 0 0
    67 255 255 255 255 0 0 255 0 255 255 255 0 0 0 255 0 255 98 255 0 0
    0 255 255 255 0 0 255 255 0 129 0 255 0 255 0 10 0 255 0 0 230 255
    255 0 255 129 255 255 168 0 255 255 0 0 0 255 255 255 0 0 0 0 0 255
    0 255 0 255 247 208 0 194 255 115 255 0 255 255 0 0 0 0 0 255 244
    255 0 0 0 255 24 255 0 255 0 255 109 168 132 0 0 255 0 255 255 255
    215 123 0 255 0 245 255 255 255 0 255 255 255 134 0 0 0 255 0 255 34
    0 0 112 255 255 0 255 0 255 6 255 255 67 0 255 0 0 255 255 255 0 255
    0 255 255 0 255 129 210 0 183 0 255 0 8 0 84 149 0 255 255 214 0 122
    255 18 191 0 0 0 0 62 138 255 0 255 0 255 194 15 255 254 129 0 0 255
    255 255 0 119 0 255 0 255 0 133 0 0 0 255 255 0 255 0 255 255 0 255
    0 0 255 0 0 239 255 255 139 255 255 0 0 0 119 255 255 0 41 46 255
    255 154 255 0 255 0 255 255 4 0 0 187 0 255 255 0 231 255 255 68 0
    255 255 0 0 255 255 0 0 126 0 0 255 255 136 0 0 0 255 255 255 0 255
    0 255 93 242 0 22 255 0 0 255 91 0 0 255 255 28 40 255 255 0 0 0 255
    0 255 0 0 32 0 0 0 45 255 255 54 255 0 255 0 0 0 255 255 255 0 255 0
    0 162 0 255 255 149 0 223 255 0 40 0 255 255 255 12 0 255 0 255 0
    255 197 0 0 242 255 0 49 255 255 0 0 255 255 255 0 255 145 0 255 255
    255 0 1 231 134 45 0 255 0 0 255 255 255 0 0 0 249 255 255 255 255 0
    255 255 0 0 255 255 24 0 0 255 255 193 0 0 255 48 0 126 250 0 255
    255 0 0 255 255 0 98 252 143 255 0 0 255 0 0 255 255 255 0 80 0 255
    255 185 0 45 255 255 59 0 32 0 255 255 255 0 3 0 0 0 255 0 255 59
    255 0 255 88 0 94 92 255 61 255 0 255 0 255 0 255 0 169 0 245 0 255
    210 69 255 0 255 0 13 255 0 0 38 195 0 0 0 255 255 255 0 0 0 168 255
    255 255 234 0 41 0 255 255 0 214 0 255 255 255 255 0 0 0 255 255 255
    55 255 210 15 149 205 0 0 24 255 0 66 255 255 255 255 0 201 255 0
    212 176 123 255 121 242 0 255 0 153 255 0 255 0 12 0 0 255 255 0 206
    0 255 0 255 230 255 0 0 0 251 255 255 255 220 238 244 0 0 0 0 0 0 99
    0 255 3 0 63 0 0 0 255 255 255 0 199 28 255 255 255 255 255 255 1
    191 0 0 61 0 255 255 0 0 6 255 106 255 255 255 182 255 0 172 251 255
    255 255 0 255 0 255 0 0 0 174 255 255 0 0 0 255 255 35 0 0 0 255 0
    86 0 0 105 255 255 16 255 0 255 255 0 0 66 255 0 255 0 0 0 171 255
    255 0 255 0 142 58 255 2 0 0 255 0 159 255 91 255 0 229 255 223 131
    0 255 0 255 172 255 255 255 0 0 47 0 255 0 0 206 0 255 0 255 0 0 0
    255 255 0 32 0 0 0 243 77 0 0 201 255 255 255 255 202 255 0 255 0
    156 255 255 0 0 122 228 0 0 255 0 108 0 0 0 0 0 255 44 0 0 255 255 0
    0 255 255 255 0 255 0 251 0 0 255 0 0 255 0 0 0 255 255 0 255 0 255
    146 22 0 255 255 0 203 0 18 73 255 255 255 153 255 0 0 0 255 255 255
    23 255 0 255 17 255 0 0 0 28 255 255 24 0 0 179 255 255 0 0 0 255
    255 0 255 0 167 255 252 0 0 0 255 0 0 255 0 0 255 255 130 255 255
    255 255 0 0 0 139 0 0 0 0 255 255 255 0 255 0 255 0 255 59 76 121 83
    0 0 0 255 0 255 255 210 227 193 96 0 0 250 0 0 204 255 255 0 0 255
    255 255 0 255 107 0 0 255 134 0 255 255 0 0 0 0 255 255 0 0 92 255 0
    103 34 215 0 216 218 255 0 0 0 255 0 255 0 255 0 255 255 0 39 0 255
    255 0 0 147 255 255 255 255 255 0 0 0 0 0 0 255 255 255 255 0 0 0
    255 165 0 255 255 10 255 167 0 0 0 61 255 0 60 0 0 0 255 0 255 255
    255 255 255 255 255 129 0 0 255 255 255 0 0 255 255 255 191 0 255
    255 0 0 0 0 0 255 255 255 255 0 91 0 255 255 0 0 0 255 255 0 255 248
    255 125 0 0 0 0 255 255 0 0 255 255 0 0 255 255 255 0 0 255 255 255
    0 255 0 202 0 255 152 255 255 0 0 0 255 255 0 255 0 255 0 255 234 0
    0 68 255 71 255 120 132 255 255 255 0 0 255 255 255 241 0 0 255 96
    255 0 251 255 0 0 0 5 255 83 183 255 255 255 156 145 0 255 0 0 0 0
    97 0 255 255 0 255 0 255 255 255 170 255 0 0 0 255 255 255 0 204 255
    255 255 0 0 160 214 255 255 87 0 96 0 255 42 255 255 0 120 255 213
    255 0 67 0 0 12 255 255 0 0 255 0 0 0 139 255 197 254 0 181 255 0
    255 145 138 0 55 255 255 89 255 79 0 95 255 115 0 0 0 255 255 255
    255 0 255 48 0 77 0 255 0 255 0 148 255 255 140 0 255 30 0 0 0 255 0
    255 255 22 0 47 255 38 151 0 244 0 154 0 255 255 0 246 255 157 255 0
    255 255 0 0 255 255 217 255 255 0 80 37 255 50 207 255 255 255 0 0 0
    255 255 255 0 0 0 186 255 0 255 7 139 255 255 0 0 147 255 255 0 255
    0 35 0 135 255 255 255 255 0 0 0 65 0 255 137 255 0 237 255 0 104
    182 255 255 0 255 255 0 0 0 255 0 255 0 255 0 255 0 0 255 255 255 0
    0 0 255 0 88 0 255 255 140 0 0 0 255 0 255 0 255 83 0 255 255 0 0 0
    142 0 139 255 255 255 255 0 235 0 255 176 255 255 0 0 78 255 0 0 0 0
    0 255 0 255 0 0 47 0 255 38 255 0 0 0 0 124 169 245 0 16 0 101 75 0
    255 0 255 0 255 0 0 217 0 214 255 255 0 139 238 231 255 123 0 255
    255 255 0 255 255 0 255 0 0 255 0 255 0 255 255 0 0 12 255 209 0 0
    255 0 255 255 255 0 0 126 255 255 255 0 164 0 255 34 0 210 0 0 255
    255 255 16 0 0 255 255 175 0 0 0 0 0 255 255 0 0 255 255 181 0 10 90
    135 72 255 246 255 255 0 124 255 0 0 36 255 255 0 255 191 255 0 164
    0 255 0 0 0 255 255 0 0 0 255 255 255 188 0 6 0 0 255 255 59 24 255
    255 255 0 0 144 0 255 255 67 0 0 255 232 255 0 255 0 109 0 0 255 0
    120 0 255 255 0 0 255 255 255 255 0 255 0 110 0 255 255 255 0 0 0 0
    255 48 255 0 255 0 54 255 219 255 0 0 255 0 255 0 255 58 255 0 0 255
    0 255 0 255 255 255 0 0 0 255 98 15 235 0 0 255 0 120 0 255 227 252
    131 49 0 0 0 0 255 255 255 122 0 255 0 255 0 255 255 0 0 255 214 0
    255 255 255 255 0 255 0 255 0 255 0 0 218 0 255 224 0 145 52 255 255
    0 0 0 255 0 255 255 255 0 5 255 255 255 0 0 0 255 0 255 0 255 15 29
    255 0 255 255 255 25 98 0 0 180 255 183 255 255 0 0 255 255 108 27
    255 255 0 0 0 255 255 196 255 255 237 0 0 113 0 187 0 87 255 0 199 0
    111 255 255 255 255 255 0 0 255 255 0 165 0 255 245 255 157 145 0 0
    0 255 235 249 255 255 0 255 0 255 0 116 0 0 9 255 255 114 255 0 0 0
    0 0 255 255 255 0 17 0 0 0 0 255 0 255 255 0 255 96 255 0 0 137 255
    179 183 0 0 255 0 0 0 0 255 255 255 0 0 255 95 0 0 255 125 255 0 255
    255 255 0 0 255 255 6 0 0 0 0 83 0 255 0 255 0 255 0 255 40 52 255
    202 0 255 255 255 0 0 255 255 0 255 128 0 0 255 0 255 255 242 255
    215 0 0 0 255 0 255 255 0 255 127 255 243 255 0 255 255 255 0 187 0
    255 255 255 255 0 0 132 237 255 234 255 0 255 208 255 0 77 178 0 0 0
    255 255 255 0 255 0 255 255 0 213 0 255 197 0 255 255 0 255 0 0 0
    255 0 69 0 255 0 0 255 255 117 255 175 255 255 255 240 255 255 0 0 0
    255 0 255 67 0 255 255 255 195 0 0 0 255 0 255 252 255 0 255 255 255
    130 209 0 255 187 255 0 0 0 0 0 146 0 0 255 31 255 219 255 0 0 0 192
    0 0 255 255 255 255 255 0 255 0 255 0 255 0 255 0 255 109 255 0 0 36
    0 255 255 0 0 0 255 0 0 52 255 0 0 0 0 67 0 0 126 0 0 0 0 185 255
    137 255 255 0 35 255 255 255 0 255 255 255 0 98 255 0 0 137 255 0
    255 200 255 0 0 0 143 0 255 0 255 0 255 255 0 87 36 0 219 233 255 0
    27 255 189 255 0 238 0 0 0 255 255 255 0 0 246 0 223 0 246 0 255 0 0
    0 0 255 255 255 0 241 255 255 0 0 0 0 255 0 255 0 178 0 0 173 255 0
    0 255 255 27 0 235 209 255 0 0 255 255 0 96 255 255 119 0 0 0 142 0
    255 57 216 0 255 255 0 255 3 0 255 255 255 0 0 0 90 0 255 0 182 0 17
    255 255 255 82 255 255 0 255 0 32 0 255 255 255 0 0 255 0 36 54 176
    255 0 0 0 255 255 0 255 114 166 0 255 0 0 0 0 0 0 46 255 0 255 82
    255 255 0 230 47 0 255 255 0 44 166 93 0 173 255 255 107 0 255 255
    255 0 0 0 255 0 255 255 255 255 147 255 201 0 0 255 147 255 255 0 0
    255 255 255 255 255 0 114 0 255 0 0 253 0 0 255 39 0 255 0 255 0 255
    0 166 0 255 255 255 0 0 0 0 255 0 0 0 0 0 232 255 217 255 184 255
    255 255 255 0 107 255 255 0 0 43 255 0 255 0 242 0 255 255 255 0 0
    255 255 255 0 0 255 255 255 0 0 0 239 0 0 127 255 138 0 0 0 255 135
    0 0 22 0 255 255 255 255 0 0 255 255 0 0 0 255 255 0 255 0 255 0 255
    0 255 255 255 70 255 0 24 255 34 255 255 0 248 255 255 0 255 148 62
    0 255 255 255 201 255 255 0 0 0 255 0 255 0 255 0 176 0 255 0 0 255
    255 255 142 0 0 255 0 255 0 255 0 0 255 255 255 0 0 0 20 255 36 0
    255 169 228 22 244 255 0 255 255 255 255 255 0 255 0 255 0 0 0 255 0
    255 113 0 0 0 255 192 255 255 123 0 255 255 255 0 255 0 139 61 65
    123 0 255 0 0 0 255 0 162 255 0 255 0 0 255 175 8 0 255 255 255 255
    255 0 0 255 0 255 255 60 169 0 255 0 255 209 255 0 255 114 255 255
    255 142 0 0 0 7 255 255 255 144 0 0 0 255 0 221 0 255 0 255 0 0 0 0
    255 0 0 255 255 255 255 253 255 0 255 255 0 0 0 255 255 0 0 0 255
    184 0 122 255 0 255 0 255 139 186 216 255 255 0 255 0 142 0 255 255
    255 0 255 0 255 0 255 111 255 0 255 0 255 255 255 0 255 0 255 255
    255 255 0 214 112 0 255 231 255 237 0 255 0 84 40 0 255 255 255 0 0
    0 255 255 255 80 61 0 255 0 0 0 0 255 255 0 0 0 255 81 210 255 0 255
    249 0 0 255 255 0 0 0 0 162 0 255 0 0 0 255 255 0 0 0 110 204 255 60
    0 0 49 218 255 196 255 0 0 255 255 255 0 255 0 229 255 255 0 231 255
    255 0 255 0 0 255 0 255 0 255 44 117 114 255 42 76 0 179 255 0 0 0
    194 255 0 255 0 96 0 255 208 255 0 0 9 255 0 0 1 255 0 0 0 255 255 0
    101 255 255 0 0 0 255 255 0 0 255 109 255 0 255 109 2 0 255 255 0 0
    145 255 0 0 0 255 0 57 0 255 0 255 161 0 0 71 0 255 255 255 228 0 0
    255 255 255 165 0 0 0 0 255 0 93 185 54 255 255 38 0 255 0 247 144
    255 255 255 255 0 0 0 9 255 0 156 200 0 231 255 0 255 0 255 255 0 0
    230 255 40 0 0 204 255 158 255 255 255 255 0 0 255 0 0 255 255 0 0 0
    255 255 0 0 18 255 175 0 255 0 0 0 255 203 55 0 255 255 0 0 255 255
    81 185 0 0 255 255 109 255 0 0 0 255 0 0 0 47 255 0 255 0 255 0 18
    255 206 255 0 255 255 0 0 0 255 255 0 0 0 255 255 255 0 0 0 9 0 0 0
    0 255 255 128 0 0 255 255 0 255 0 0 0 255 95 0 255 0 0 39 59 255 158
    30 0 255 255 0 150 0 54 22 217 0 0 191 255 255 255 0 0 0 255 15 197
    0 0 177 255 145 0 0 0 217 31 0 0 255 0 255 0 255 157 255 255 0 48
    168 0 0 0 0 0 255 255 0 0 0 255 255 255 81 219 255 245 255 17 0 0 0
    255 0 255 0 13 255 255 0 0 0 255 255 0 189 255 255 220 59 255 69 255
    0 106 0 0 0 255 255 97 211 0 0 255 253 255 43 0 255 0 0 255 255 255
    0 0 123 255 0 0 255 255 154 255 98 0 255 180 255 0 255 0 255 255 255
    0 255 0 0 0 0 60 0 255 255 255 255 0 40 0 0 0 0 0 255 255 255 0 175
    84 0 255 255 0 84 0 117 255 255 0 0 255 255 99 207 0 0 255 29 255
    186 255 255 255 0 0 253 255 0 255 0 255 0 255 131 255 255 0 161 255
    149 255 0 215 255 0 255 0 27 95 0 184 255 0 40 255 214 0 0 0 0 0 0 0
    255 255 0 0 0 219 255 0 214 0 255 112 255 0 255 255 0 0 149 255 0
    255 54 255 58 255 255 0 0 255 255 247 255 177 92 0 255 255 255 0 0
    255 255 255 0 0 255 255 255 246 0 0 255 255 0 0 226 0 226 255 0 0 0
    255 190 255 230 51 255 131 0 0 0 0 255 255 165 0 138 0 255 0 141 255
    123 16 0 255 255 23 0 255 255 255 0 159 23 255 0 255 0 163 0 0 255 0
    0 0 255 0 255 0 90 0 226 255 170 255 0 0 255 255 0 0 0 0 255 9 255 0
    255 255 117 0 255 7 255 0 150 0 255 228 0 255 255 0 0 62 255 255 168
    0 255 0 255 0 255 82 0 208 110 0 255 255 0 36 0 255 0 255 0 255 0
    255 255 0 0 0 255 255 255 0 0 0 255 148 255 137 142 255 255 0 0 0
    255 0 255 152 255 255 0 0 255 255 0 0 255 255 0 0 0 255 255 0 0 0
    255 26 255 79 229 150 0 255 0 0 0 0 0 118 255 255 255 255 0 255 178
    255 0 0 255 255 255 255 110 255 0 178 255 214 249 0 0 18 40 0 0 252
    255 255 255 7 0 0 69 255 0 0 255 40 109 0 255 0 0 0 255 64 46 0 255
    255 95 210 0 0 255 255 0 255 0 96 255 255 255 0 0 0 0 52 109 50 255
    255 255 0 109 0 255 255 175 0 0 255 0 0 255 0 0 255 255 0 0 0 255
    255 255 0 255 0 185 0 255 0 0 0 255 255 74 255 230 0 255 0 0 0 0 255
    252 0 255 0 255 0 255 0 0 0 0 255 0 0 125 255 255 0 120 0 255 215
    255 0 255 0 104 1 0 0 221 0 0 229 0 255 255 0 0 0 255 0 255 255 255
    0 255 255 255 255 255 232 0 0 255 255 255 255 0 0 0 0 255 255 255 0
    255 0 0 0 255 255 69 193 255 255 255 255 0 255 0 255 0 0 255 255 255
    0 255 0 255 0 255 237 54 255 73 204 0 57 0 77 0 72 255 0 0 0 255 255
    255 0 0 0 255 255 0 255 235 255 200 255 253 255 0 220 0 0 255 255
    255 255 0 0 0 232 255 0 255 255 178 0 255 221 255 233 162 255 0 255
    0 255 255 255 0 0 255 0 239 255 255 255 0 0 179 0 11 67 255 0 255
    255 255 0 0 0 136 0 128 0 255 255 228 0 0 255 255 0 152 0 255 255
    255 0 255 0 255 157 255 255 0 255 151 255 104 0 0 255 65 255 255 0
    255 255 0 255 0 255 255 255 255 255 0 0 0 255 255 255 0 255 0 0 0
    255 255 70 44 255 255 255 255 0 0 255 255 251 0 255 255 211 88 0 255
    255 255 0 255 0 255 7 0 0 90 255 255 0 255 0 255 255 255 28 255 0 0
    237 255 0 0 255 255 255 255 0 0 0 255 106 99 0 175 255 255 0 255 0 0
    255 255 221 255 0 255 0 0 255 0 255 0 0 153 255 255 0 255 255 0 0 0
    0 163 129 0 0 0 255 255 255 255 0 0 79 0 85 255 255 112 255 229 0 0
    255 255 255 60 0 255 149 0 0 255 255 255 255 0 0 0 0 224 255 255 255
    82 0 0 0 0 0 255 255 255 0 0 255 0 0 255 255 42 255 22 0 0 0 255 255
    255 0 0 0 255 0 16 255 255 0 0 255 0 87 0 255 0 0 64 0 255 255 255
    255 0 0 0 255 255 255 255 0 0 0 255 165 255 9 255 213 255 255 0 255
    0 255 0 255 0 91 255 255 0 0 22 255 255 140 255 0 0 255 255 255 0 0
    12 255 255 140 0 222 255 255 255 215 0 103 196 255 255 46 255 0 0 0
    0 112 223 0 206 255 0 0 255 0 255 255 255 255 0 234 38 174 0 255 255
    70 0 0 255 255 255 0 0 255 255 0 0 0 255 255 0 0 223 255 255 0 0 0 0
    0 255 255 255 0 0 255 255 255 255 255 0 0 10 0 0 255 255 255 196 0 0
    255 255 0 255 186 255 255 255 0 0 0 255 30 201 255 255 0 0 255 255 0
    0 0 255 0 107 0 78 169 0 0 86 255 0 2 255 233 0 95 0 254 152 255 0 0
    51 255 0 53 0 0 237 49 255 0 0 255 77 255 255 0 0 0 255 255 255 0
    247 255 255 96 0 0 175 255 255 255 35 255 0 0 0 4 0 175 0 132 114
    167 255 255 255 223 0 255 255 255 8 0 0 255 0 0 255 0 255 0 255 107
    0 0 0 0 255 255 255 0 237 0 0 255 255 255 13 0 255 0 90 255 255 0 0
    0 255 255 255 236 255 158 0 0 0 255 255 255 0 255 0 255 0 137 0 159
    45 255 0 221 0 254 0 255 0 189 0 72 56 255 255 0 255 0 255 115 162
    255 255 255 255 255 255 0 243 255 200 0 0 255 0 255 0 93 255 255 255
    255 84 255 0 255 0 255 0 80 255 255 0 30 255 0 0 68 34 0 255 255 255
    0 0 255 41 0 0 255 255 255 255 0 139 218 0 255 0 221 0 255 255 255
    255 0 255 0 255 0 131 0 14 66 0 255 0 255 0 255 0 255 255 255 0 253
    77 255 0 170 255 255 0 0 246 255 255 0 226 0 255 0 121 0 0 0 0 97
    255 255 0 255 255 82 52 255 247 255 0 0 255 43 0 0 255 255 136 221
    255 104 255 0 0 0 133 255 153 0 147 255 255 255 255 0 114 0 255 0 0
    0 227 84 255 0 255 255 0 255 0 255 0 0 0 184 45 0 255 0 255 255 0 0
    0 255 255 0 0 0 255 46 12 0 0 255 177 255 0 253 0 0 255 0 68 255 255
    0 255 255 0 255 0 0 227 0 255 0 255 0 255 0 255 0 78 0 255 255 0 255
    0 255 0 255 255 5 255 77 0 0 0 255 255 195 255 115 255 0 255 171 33
    255 174 0 0 179 0 255 0 0 0 255 0 0 0 255 0 229 0 0 0 76 255 255 255
    0 229 0 255 255 0 38 171 255 0 255 0 0 20 151 0 0 255 255 255 255 0
    217 0 255 255 52 0 255 255 0 0 0 162 255 255 0 159 0 255 0 255 0 255
    255 0 0 255 255 0 66 0 255 162 255 255 0 0 0 0 255 255 255 0 0 0 255
    66 0 0 0 170 255 0 255 215 147 0 0 255 255 255 255 0 0 136 255 0 0
    147 255 255 123 0 0 177 152 255 0 255 0 0 118 182 255 0 0 0 0 255
    255 255 0 255 255 255 0 255 86 255 0 0 255 255 0 0 69 95 255 255 0 0
    255 255 255 0 0 0 130 255 121 0 0 0 0 0 0 255 255 255 0 0 255 255 0
    0 0 255 255 255 183 0 0 0 255 14 0 0 164 255 147 255 0 255 169 0 0 0
    0 0 255 255 255 255 255 181 178 145 0 255 0 0 0 255 0 0 255 98 168 0
    0 0 0 255 0 255 0 0 0 255 0 52 255 214 255 255 255 0 0 0 255 255 0
    255 255 255 0 255 255 147 0 0 255 255 0 255 148 255 255 255 255 200
    0 0 156 0 0 255 255 255 248 0 65 0 255 0 0 0 255 0 0 0 255 255 0 0
    121 0 202 255 255 255 255 0 30 255 0 255 0 111 255 255 255 0 82 255
    255 255 255 0 0 255 255 255 0 0 0 192 255 0 255 255 0 0 0 255 255
    255 0 152 0 255 75 255 255 9 255 0 64 0 255 0 255 0 0 0 0 0 0 255
    237 255 0 0 197 255 255 255 70 125 0 255 0 255 0 21 0 0 255 0 255
    255 255 255 156 63 0 0 255 0 255 0 82 0 255 0 255 0 255 0 255 255
    255 0 0 255 255 255 116 255 0 126 0 255 0 51 255 255 0 0 255 44 32 0
    112 0 255 164 255 0 255 255 139 0 0 236 255 0 0 0 5 255 255 0 0 0
    255 163 255 0 0 255 0 63 240 255 0 0 0 255 197 255 0 0 0 255 0 0 101
    0 255 255 93 255 0 0 0 255 255 0 119 255 222 0 0 0 56 0 255 2 255
    255 255 0 0 0 0 159 255 0 0 0 255 255 43 219 0 0 209 50 255 0 255
    255 0 194 0 0 255 0 255 220 255 0 0 45 86 255 15 0 0 0 211 0 255 255
    255 133 231 0 0 0 120 0 255 20 0 0 0 255 255 0 0 0 255 97 255 0 0
    255 0 79 0 0 223 249 0 255 0 88 0 255 255 33 255 0 0 0 255 255 0 255
    255 11 7 0 255 0 0 255 255 255 0 91 0 255 255 255 0 0 236 0 255 255
    52 0 0 0 255 255 255 255 0 0 0 255 255 69 255 49 204 255 213 255 0
    47 0 0 255 0 255 255 255 25 0 0 255 255 255 60 0 0 255 124 255 147
    77 0 255 255 0 0 0 255 236 250 255 255 179 61 0 175 255 195 255 162
    255 0 255 0 224 255 72 255 0 0 0 255 255 255 255 0 255 0 255 255 0 0
    0 0 251 255 121 0 0 0 206 255 169 0 255 102 181 255 0 255 0 255 0
    255 46 96 0 255 255 14 255 114 255 0 0 255 0 255 255 0 227 255 255 0
    0 0 20 227 0 22 255 255 0 255 0 0 5 255 255 255 1 0 255 0 255 0 0
    255 255 255 255 221 136 164 0 0 0 0 183 165 255 255 255 0 146 0 0
    255 0 132 0 255 0 255 0 255 0 0 109 255 255 0 255 0 134 0 255 251 73
    255 0 0 255 0 255 0 255 202 192 0 255 255 0 0 255 0 0 163 116 0 255
    255 0 0 0 171 255 85 255 255 0 0 8 0 255 0 246 255 235 0 0 0 255 202
    255 71 0 255 255 255 255 255 255 180 255 0 255 0 255 0 255 255 255
    255 117 255 255 0 161 255 0 0 0 255 0 255 19 255 0 255 245 255 0 0 0
    255 255 255 255 0 0 255 244 115 0 255 255 0 0 106 255 255 255 255 0
    0 153 0 226 255 255 29 255 0 80 255 0 0 255 246 0 255 255 255 0 0
    255 255 254 255 22 0 255 255 255 49 0 0 255 0 47 0 0 255 242 255 255
    255 27 0 0 210 110 255 255 0 221 117 255 0 0 197 230 15 255 255 0
    174 255 255 79 0 255 255 255 0 255 255 255 251 255 0 255 0 0 0 255
    255 255 177 255 0 0 255 255 255 0 0 255 0 255 255 176 0 17 0 0 255
    255 0 255 0 255 0 0 0 255 255 255 0 3 0 0 0 255 255 0 0 0 0 0 0 255
    255 76 64 255 0 0 0 239 255 255 0 0 255 255 71 0 0 94 255 255 255 0
    24 0 255 255 255 0 0 0 255 41 0 0 255 255 255 0 0 0 0 0 255 160 250
    14 57 220 238 0 0 255 255 0 0 0 178 33 0 181 0 255 0 255 0 255 255
    164 255 255 0 255 0 255 0 0 0 255 0 13 255 255 255 255 255 0 0 0 255
    0 107 255 0 255 157 255 84 155 255 0 255 0 255 140 255 58 0 0 255
    255 0 0 0 255 255 255 0 0 0 0 0 0 72 0 0 67 255 255 255 255 0 0 0
    255 255 93 68 0 0 255 0 113 238 0 255 0 255 0 0 255 72 38 0 61 0 0
    255 255 175 0 0 167 0 15 0 125 0 0 255 255 255 0 77 0 219 255 16 176
    191 255 0 85 0 255 255 0 0 0 255 163 16 0 255 255 0 0 0 255 255 146
    0 0 255 255 0 255 47 2 255 176 0 0 106 0 0 0 0 31 255 255 255 0 0
    188 255 255 255 0 0 0 205 0 255 255 255 255 0 0 0 255 255 255 255 20
    45 255 255 255 255 52 255 255 251 158 0 255 255 255 254 255 0 48 0
    176 0 255 255 255 0 224 113 255 15 0 163 0 255 0 255 53 255 0 255 0
    234 0 255 204 255 134 255 0 0 0 0 0 0 255 255 134 255 50 255 0 255
    148 255 255 255 0 0 0 255 0 0 255 255 255 0 255 0 0 0 0 255 0 0 255
    255 24 255 0 255 255 0 255 255 255 0 0 54 255 0 255 255 14 0 0 0 176
    255 0 0 80 95 0 255 255 105 120 255 0 51 255 0 255 0 255 0 31 0 255
    0 117 86 175 168 41 76 255 0 196 255 255 0 0 255 255 0 114 0 255 255
    255 0 0 0 255 255 255 255 0 0 0 0 0 0 255 255 0 255 97 0 0 255 255
    255 0 0 255 255 255 255 0 0 0 255 255 205 0 255 189 0 0 255 98 0 0
    255 0 255 255 0 255 0 0 24 0 255 255 255 109 120 255 0 161 71 39 0
    255 255 0 255 255 255 0 0 0 255 255 241 0 0 255 255 255 0 255 42 217
    255 255 0 0 0 255 255 246 134 255 0 255 0 255 0 221 236 0 228 255
    255 0 0 61 122 0 255 0 255 0 255 192 152 192 255 0 0 75 0 0 255 255
    255 255 0 0 13 255 0 255 0 0 109 255 0 255 255 0 0 255 255 0 0 0 0 0
    0 255 255 99 0 255 255 30 219 0 174 214 172 255 0 255 255 0 0 255 0
    255 4 0 0 0 255 180 255 255 0 177 255 255 0 3 0 0 0 255 255 128 0 0
    151 0 255 0 255 0 0 255 250 17 255 255 0 0 240 255 255 255 119 255 0
    255 0 255 0 255 255 0 0 0 255 255 255 166 255 0 0 0 0 255 106 255 0
    83 0 0 0 0 0 255 255 55 0 0 255 255 255 0 0 0 255 255 255 0 255 0
    255 0 0 255 157 0 0 255 255 255 51 0 0 219 255 255 255 255 255 0 255
    0 0 79 255 0 255 0 255 255 0 0 0 3 255 255 255 255 255 255 196 0 255
    0 0 255 230 0 0 0 255 0 255 71 255 0 0 255 255 0 255 0 255 0 255 0 0
    255 255 255 255 255 255 255 0 0 193 0 0 221 0 0 0 255 255 255 0 255
    0 255 255 255 0 255 255 0 231 0 0 0 102 255 0 255 0 255 20 255 0 255
    255 208 110 255 209 0 0 255 0 255 0 255 0 0 0 0 255 255 255 255 0
    255 255 36 191 0 255 255 10 0 0 255 255 255 0 0 255 42 255 255 255
    59 255 0 255 255 255 0 0 0 0 118 255 0 0 0 255 255 255 0 0 255 255 0
    0 255 255 255 0 149 0 0 0 238 255 0 255 10 255 0 0 239 255 255 0 0 0
    27 255 255 0 255 0 255 255 255 255 0 0 0 0 255 0 255 181 0 0 0 255
    255 0 63 255 43 0 0 255 255 255 0 255 0 0 34 0 0 94 255 255 0 0 0 0
    255 0 255 0 0 0 255 255 0 227 255 0 0 0 255 255 255 173 0 0 26 255
    31 41 255 255 0 191 255 255 78 0 0 255 255 255 0 0 255 255 255 0 2
    255 48 52 179 100 0 0 0 255 0 0 255 234 255 0 0 255 255 0 255 0 56 0
    0 255 255 255 0 0 0 255 255 0 0 0 120 120 255 0 255 255 255 255 41 7
    255 0 255 0 225 0 227 162 100 255 255 236 255 0 0 0 0 66 174 255 255
    20 0 22 255 255 255 255 0 0 0 255 247 255 0 255 0 255 0 0 0 175 255
    15 255 0 255 153 0 255 187 33 0 227 255 255 161 0 0 0 0 255 0 255
    155 255 0 0 0 255 255 114 0 0 255 255 255 255 255 139 32 0 255 255
    255 255 0 255 0 255 0 255 0 255 0 255 0 0 0 255 255 255 172 12 0 0
    254 120 0 0 0 0 255 255 0 0 255 0 181 0 255 255 255 255 0 252 0 255
    255 255 0 255 255 255 0 169 255 0 0 227 255 0 255 83 0 255 0 109 0
    141 0 255 255 119 0 73 255 30 0 255 255 255 0 255 179 255 0 206 255
    189 0 0 0 0 33 146 255 25 243 116 0 0 0 70 255 255 255 145 0 0 255
    226 255 0 255 0 255 255 255 255 0 188 147 255 0 25 0 0 0 0 255 255 0
    202 0 255 255 255 0 0 255 0 255 0 255 255 255 0 255 255 212 0 255
    255 0 0 255 255 255 227 0 0 255 140 0 255 255 255 0 104 0 39 255 255
    255 255 0 0 0 255 255 255 0 0 0 192 255 255 255 255 0 255 255 0 0
    199 148 0 23 0 0 0 255 0 58 195 255 0 0 85 158 0 0 0 255 255 255 0 0
    255 255 255 0 192 255 255 255 0 0 0 60 255 255 255 0 0 255 0 0 255 0
    255 0 0 0 255 255 255 39 0 100 255 54 210 255 0 255 0 242 255 103
    255 0 0 255 242 255 255 0 255 211 255 255 255 255 0 0 255 0 255 187
    201 12 255 255 49 255 0 255 57 255 255 255 0 255 0 255 255 255 191
    255 0 122 255 255 255 0 255 0 255 0 136 255 67 255 255 0 43 255 255
    255 0 255 255 193 0 0 0 255 22 230 0 79 255 244 255 176 202 91 0 255
    0 0 72 255 0 0 247 255 255 73 217 51 0 136 0 255 0 255 84 255 255
    255 245 0 0 0 0 0 255 0 0 0 255 0 0 255 0 35 255 241 0 255 0 255 0
    178 0 0 255 0 17 0 0 255 255 0 0 66 227 255 255 0 0 255 0 255 0 0
    255 255 0 255 0 0 0 255 0 255 255 255 199 255 65 0 0 0 0 34 0 255 0
    255 0 255 255 0 255 255 255 0 0 0 255 74 255 41 0 0 255 255 0 247
    245 255 245 255 0 173 229 255 255 0 44 0 0 255 0 255 0 0 0 0 0 17
    255 0 234 0 255 255 255 0 255 5 255 0 255 0 0 107 183 245 255 0 0 0
    255 255 0 255 159 166 0 104 255 0 255 0 209 0 255 255 255 255 0 188
    98 255 0 255 0 255 0 255 0 255 0 0 0 255 255 255 0 255 0 0 0 255 0 0
    0 255 255 255 0 81 0 0 255 0 255 255 192 0 255 255 255 0 255 0 0 0
    255 0 255 0 255 0 255 0 0 255 255 0 0 0 255 255 216 0 0 0 0 0 255 0
    0 0 0 255 255 255 255 61 255 0 0 255 255 255 26 3 202 255 255 0 55 0
    0 0 73 45 255 0 0 75 255 0 255 255 0 255 56 0 0 0 255 255 255 0 255
    0 0 0 255 184 255 0 20 99 0 0 0 255 255 255 255 0 0 0 255 255 255 0
    0 0 0 255 48 0 255 204 17 0 0 255 0 0 8 255 29 0 0 41 0 255 99 255 0
    229 0 255 7 255 0 0 0 0 0 255 0 162 177 255 255 255 98 145 255 126 0
    255 0 255 255 179 255 14 255 0 255 0 21 0 255 255 0 255 0 0 0 255
    255 255 0 255 195 255 255 255 0 236 0 86 255 255 190 148 0 255 0 93
    69 255 0 0 0 255 255 255 0 0 0 0 197 255 255 255 255 255 0 0 0 0 255
    255 255 0 255 27 0 0 0 0 0 255 0 236 109 0 37 23 255 0 0 255 64 255
    0 0 67 0 255 0 0 2 0 255 255 255 255 0 99 0 255 255 0 255 255 0 0 0
    182 48 255 47 255 160 0 0 0 255 255 0 0 0 255 87 255 34 255 255 0
    192 255 255 255 0 74 121 255 90 255 0 255 0 0 0 87 255 0 246 45 255
    0 15 255 0 0 0 255 0 8 0 255 0 255 255 255 255 234 0 0 0 255 255 255
    150 0 0 255 255 255 255 0 0 0 0 208 0 67 255 95 0 0 57 255 0 0 0 38
    250 0 0 0 0 9 255 255 0 139 0 0 27 255 0 0 209 112 0 0 254 89 255 0
    0 0 143 0 48 252 255 0 228 0 255 0 0 0 0 0 0 255 0 255 0 0 0 0 127
    255 255 255 0 0 53 0 255 255 0 255 255 255 0 10 226 255 255 27 177 0
    0 0 0 255 255 255 255 0 255 0 0 0 0 0 0 255 0 64 255 255 0 255 182
    255 0 24 255 255 255 0 0 164 242 255 53 79 255 0 255 255 255 47 255
    0 255 26 255 255 0 255 0 255 0 0 0 0 36 0 255 255 0 101 0 53 255 255
    0 0 217 255 0 0 0 190 0 255 0 255 0 255 8 0 0 255 255 0 255 0 0 255
    255 166 255 8 0 0 0 75 255 17 190 255 255 255 0 0 0 255 30 54 0 90
    255 0 0 205 0 255 0 255 0 255 0 255 0 0 0 157 255 255 14 0 255 255
    255 211 0 0 255 255 0 0 152 255 0 255 0 255 0 255 221 0 255 255 0 80
    255 255 0 0 255 255 255 0 255 255 255 242 255 0 255 255 255 0 0 0
    255 156 255 255 172 255 255 255 255 61 255 255 255 255 0 0 244 93 0
    255 63 0 255 159 0 255 255 255 255 0 0 0 255 255 255 124 193 103 255
    0 255 255 0 0 255 255 255 255 19 7 0 0 197 232 16 0 65 0 0 0 255 255
    255 0 0 0 255 0 0 255 37 255 19 47 0 0 0 0 0 0 255 3 255 0 255 174 0
    255 255 255 255 0 255 0 0 0 0 0 159 206 0 255 0 0 0 30 255 0 255 255
    0 155 0 255 0 255 255 255 0 0 0 0 255 255 255 114 255 0 255 0 25 226
    0 255 0 255 228 255 0 255 255 255 255 0 0 0 164 255 255 255 0 0 0
    255 255 255 255 255 255 0 0 0 255 255 0 255 0 255 0 255 200 143 0
    255 0 255 255 0 255 0 255 255 255 255 255 0 0 255 255 0 0 0 0 255
    255 255 0 0 141 0 255 255 255 255 255 255 255 255 172 255 44 0 0 255
    0 0 255 255 255 0 130 1 255 0 0 0 0 255 255 73 255 255 255 0 0 255
    128 236 0 255 0 255 255 255 72 0 0 0 255 255 106 255 0 142 255 255
    255 0 0 0 255 0 255 0 255 62 0 0 217 255 255 100 255 93 255 0 0 255
    60 255 255 255 0 0 255 255 255 0 255 0 0 194 255 0 255 255 224 255 0
    39 255 255 163 0 255 32 255 0 255 255 133 226 0 255 192 0 0 255 255
    255 255 255 255 255 255 255 0 0 0 121 255 0 0 49 29 0 0 255 255 210
    255 0 255 0 255 36 0 0 234 255 255 255 0 255 0 255 128 44 255 0 255
    0 255 0 122 137 32 86 255 0 152 0 255 191 255 69 0 0 0 197 255 255 0
    0 0 0 255 255 0 0 177 255 255 255 255 0 255 255 255 255 255 255 214
    0 255 0 0 255 255 255 0 12 255 0 255 0 130 0 255 0 0 0 255 255 0 255
    0 109 0 255 255 5 0 255 213 223 0 255 0 0 0 255 255 255 255 0 52 0
    255 215 0 255 255 84 0 0 255 0 255 255 255 0 0 0 0 255 251 246 214
    255 58 141 0 255 0 255 0 0 255 255 255 0 0 0 0 196 255 36 131 0 0
    216 255 0 255 0 255 0 255 0 255 0 255 0 255 0 98 16 255 253 255 255
    255 158 17 0 0 255 255 255 255 157 0 0 255 255 255 176 0 0 0 255 255
    255 0 255 211 255 0 0 0 255 155 255 255 255 222 0 0 255 255 215 0 0
    255 255 255 0 184 0 255 255 0 255 0 255 0 255 0 48 0 239 0 194 255 0
    0 255 123 0 0 255 33 255 255 255 0 0 255 0 0 0 255 255 255 59 154 0
    93 255 0 255 255 255 255 255 0 0 30 255 255 0 255 0 255 0 153 92 0
    255 0 255 0 255 255 132 192 0 0 255 0 0 0 0 237 255 255 255 0 0 255
    0 255 0 255 255 4 255 229 255 105 218 18 232 255 0 255 187 255 255 0
    0 255 255 0 246 36 255 37 0 29 0 125 255 255 255 0 32 0 0 255 48 173
    11 126 0 255 255 255 255 255 0 0 255 255 255 0 255 255 0 0 255 0 55
    0 255 255 255 255 223 0 0 0 255 255 0 0 65 255 0 0 0 255 0 243 0 0 0
    255 172 0 255 125 255 0 0 255 239 196 0 255 0 121 255 137 255 0 0 0
    255 255 255 0 0 0 255 0 0 217 154 255 255 0 255 0 255 0 244 0 39 132
    0 255 0 0 0 255 0 255 0 0 0 255 5 0 249 255 255 0 255 0 0 39 255 123
    0 0 0 255 255 143 0 0 0 255 99 255 255 255 0 255 255 0 126 0 99 255
    255 0 0 0 255 101 177 255 255 255 248 122 255 255 255 255 189 42 0
    66 0 255 255 0 36 0 255 17 255 255 207 0 0 0 255 255 0 0 0 0 255 0
    255 255 255 255 62 0 255 255 0 0 0 255 255 255 0 6 255 223 255 255
    255 255 35 0 255 0 75 0 255 255 255 179 255 0 255 0 255 255 255 0 0
    255 0 255 0 0 0 0 172 155 0 0 255 255 255 255 0 255 127 255 0 255
    255 232 0 0 0 141 59 0 255 169 255 0 0 255 255 255 0 0 0 0 59 255
    233 0 0 0 255 0 255 0 0 0 255 255 255 255 139 0 0 255 0 227 0 255 0
    255 123 0 0 0 0 0 158 255 0 0 0 48 255 0 129 181 255 255 255 0 255
    62 0 0 47 255 255 255 0 0 255 0 0 255 9 255 158 255 255 255 0 0 0 0
    255 255 255 255 0 0 0 0 0 117 0 0 0 255 255 255 188 0 94 255 255 255
    206 0 255 0 255 0 255 0 255 0 255 0 0 255 113 253 135 255 255 0 255
    255 255 255 0 31 0 0 255 0 0 6 0 82 0 0 255 255 255 203 20 255 59
    255 0 255 0 255 0 0 255 255 0 147 255 255 0 0 255 247 0 255 0 45 183
    0 255 129 227 56 219 255 0 0 0 255 255 255 255 227 0 255 145 255 135
    73 0 255 0 255 0 255 0 255 255 0 0 0 226 221 255 255 0 0 0 0 255 255
    255 0 0 255 10 48 255 0 0 0 255 255 255 34 0 151 255 255 202 0 2 0 0
    92 0 0 0 255 255 22 0 0 168 255 103 255 0 255 0 168 255 255 0 0 255
    67 255 255 255 0 0 0 0 10 90 255 0 0 255 255 255 0 0 0 255 214 190 0
    138 255 0 0 255 255 0 0 0 0 0 52 0 173 0 227 0 255 0 255 255 196 0
    18 0 180 0 60 0 240 183 255 0 255 0 255 0 0 255 136 255 177 255 255
    0 255 255 255 255 255 0 48 93 255 0 160 0 52 255 255 255 0 255 0 255
    0 0 0 0 255 0 255 78 255 255 0 0 255 0 255 0 223 255 255 255 0 0 0
    255 255 0 0 255 255 255 0 255 255 255 0 0 14 255 255 0 255 255 255 0
    0 255 0 13 0 235 0 255 114 255 162 0 0 12 255 255 92 255 0 255 151
    92 0 0 118 255 255 119 0 213 0 0 1 1 255 206 174 0 255 255 255 0 0 0
    111 0 0 144 233 255 150 0 165 0 255 0 255 255 255 255 0 16 0 255 239
    31 0 109 255 0 0 255 255 0 0 255 255 100 0 43 255 255 0 194 0 0 255
    255 255 223 0 255 255 255 0 135 115 0 0 127 255 0 0 0 0 255 76 255
    177 0 17 255 255 0 255 0 0 255 255 255 0 255 255 255 0 255 70 255
    255 255 255 0 0 255 0 255 255 255 0 0 0 255 61 0 0 255 255 255 171 0
    0 255 255 11 255 0 0 0 255 255 60 255 255 255 255 227 193 0 0 0 0
    255 0 255 226 0 244 255 0 255 169 0 43 0 254 255 52 15 0 255 0 154
    255 0 0 255 255 255 0 255 255 255 0 255 255 255 0 255 0 0 255 0 255
    37 255 5 255 255 0 0 181 0 0 255 56 255 0 0 255 29 255 223 255 41
    255 255 0 0 0 255 178 255 0 182 0 255 255 255 0 0 0 0 0 255 0 119
    255 111 255 255 255 0 255 0 0 0 255 255 255 255 0 0 184 255 0 78 0
    255 255 0 0 255 0 174 0 255 0 0 0 101 255 255 255 56 255 46 255 140
    0 0 0 0 59 255 255 255 55 0 255 255 0 0 255 255 0 0 0 255 0 255 0
    167 0 255 1 0 0 0 255 255 2 255 196 0 0 255 165 255 0 0 0 62 88 255
    255 113 0 255 255 255 0 0 0 255 255 28 4 255 47 0 0 218 0 0 255 0 0
    0 255 255 119 0 101 54 0 0 0 255 255 255 160 0 255 0 0 255 183 0 0
    255 0 255 0 0 0 227 255 133 255 37 255 116 0 0 255 255 0 0 255 255
    255 0 0 255 0 255 17 182 135 0 78 227 255 255 0 255 255 255 131 0
    255 0 255 255 255 255 255 0 108 255 127 0 56 0 0 241 255 255 255 0 0
    0 0 0 255 255 255 255 0 3 0 0 234 108 254 255 255 141 37 255 255 221
    255 183 49 243 0 0 0 0 0 255 255 237 0 255 108 0 255 255 255 255 0
    255 255 53 0 0 255 255 255 255 0 0 0 0 0 90 255 255 0 0 101 255 55 0
    0 0 200 206 255 0 111 0 193 0 133 255 0 0 0 255 255 255 0 0 0 0 255
    239 0 0 255 0 0 127 24 125 48 0 179 255 0 177 0 255 71 255 255 0 255
    0 255 255 255 171 0 114 0 255 255 0 179 184 0 0 114 0 255 235 53 0
    41 56 255 255 255 255 255 0 0 0 236 255 255 255 0 0 0 0 35 221 0 255
    0 255 0 0 18 0 229 0 255 255 255 0 255 255 255 0 239 0 255 197 255
    255 137 253 0 255 255 0 193 255 255 20 255 255 0 0 139 0 161 255 0
    100 0 255 0 0 0 0 0 20 0 255 0 255 255 0 255 92 0 255 0 255 255 255
    255 0 0 255 255 255 0 255 255 0 0 255 255 255 0 255 248 255 0 73 255
    255 0 0 0 211 255 255 255 0 0 0 255 90 0 142 0 229 255 255 154 0 74
    0 0 0 255 255 255 0 255 0 0 116 0 129 255 114 255 184 255 0 0 0 89 0
    0 228 0 255 0 255 255 0 0 0 137 255 255 0 0 255 255 0 0 255 255 255
    183 255 94 0 0 0 255 92 255 0 0 0 255 0 255 0 255 255 255 107 233
    255 0 0 0 0 255 0 255 196 255 0 255 117 255 0 0 255 0 255 0 255 10
    255 255 255 0 0 255 124 0 0 0 255 255 0 255 32 26 61 255 0 255 27
    255 199 159 255 0 0 211 0 0 0 255 0 255 0 255 255 0 0 0 0 255 255
    255 253 0 0 255 255 154 255 255 112 255 0 50 0 255 75 172 0 0 0 255
    255 229 255 255 255 0 55 0 255 255 0 250 61 0 255 0 0 255 69 255 209
    255 255 0 255 255 0 255 0 0 0 34 255 0 255 0 255 255 0 0 0 255 255
    255 0 0 0 255 255 0 0 0 0 40 162 255 0 255 255 255 255 0 40 0 255
    255 0 0 0 0 183 255 214 255 0 255 0 255 196 255 255 0 0 255 255 191
    0 20 28 0 0 62 0 255 0 255 0 0 255 255 255 255 255 194 0 0 0 255 255
    0 0 255 0 255 0 0 255 255 0 0 255 255 255 0 0 0 193 0 255 0 0 0 255
    0 255 255 255 0 255 73 0 0 255 255 0 0 0 0 0 0 255 255 255 0 0 255
    255 255 0 255 0 0 0 0 0 255 0 255 0 255 0 0 0 211 0 255 255 255 0
    255 143 255 144 0 255 255 0 255 255 255 196 0 0 0 255 255 0 15 0 153
    0 255 0 255 255 255 0 0 0 255 170 255 213 0 0 0 176 255 255 255 0
    255 0 255 0 135 255 0 255 245 255 0 228 0 0 255 0 88 255 78 0 0 0
    255 181 255 0 255 255 255 114 100 0 0 0 29 255 255 0 0 0 255 255 29
    255 255 255 155 255 232 0 0 0 68 84 255 255 255 255 0 0 227 0 134
    255 223 0 192 255 255 251 255 0 255 0 76 0 255 255 255 0 255 255 255
    255 0 0 255 255 255 0 0 0 0 255 0 212 255 0 141 255 0 112 0 0 255 62
    255 0 255 0 0 255 0 0 0 255 0 0 0 255 0 255 0 0 255 61 255 255 57 48
    205 0 202 153 255 0 255 0 225 0 255 0 0 0 100 159 255 0 210 255 160
    14 0 0 0 0 0 163 0 255 0 255 0 0 14 0 0 19 0 0 255 114 255 123 0 0
    12 250 255 255 255 0 191 0 21 141 255 0 255 0 255 245 0 0 164 25 255
    121 255 255 59 225 255 0 80 0 255 255 0 0 255 255 0 0 255 255 169 0
    255 231 255 0 87 61 255 255 0 255 167 0 0 0 255 255 255 194 0 255 0
    255 37 255 255 41 0 0 255 229 0 0 255 255 255 144 76 255 0 255 255
    255 190 255 65 255 3 0 0 255 0 0 255 0 255 0 44 255 0 255 0 255 49
    61 218 77 255 0 9 0 255 14 255 0 255 255 0 0 0 255 0 0 255 33 169
    200 0 255 255 255 0 0 255 0 255 0 255 127 0 190 255 255 0 0 193 0 0
    255 239 255 0 255 0 255 0 255 0 255 115 255 0 0 255 13 255 255 0 96
    255 0 106 0 255 0 124 0 255 0 99 0 0 139 0 255 255 0 0 206 255 38 18
    0 107 249 119 0 0 0 60 0 255 225 0 0 255 255 255 33 0 255 0 255 177
    0 0 0 255 0 255 255 255 0 0 224 255 255 255 0 0 93 0 255 167 255 255
    255 0 57 0 255 0 255 255 0 149 0 255 211 255 255 255 0 209 255 255 0
    0 255 0 0 0 255 254 255 0 255 26 255 0 0 255 255 255 255 74 0 255
    255 255 0 255 0 0 241 255 255 255 0 107 255 255 0 0 0 255 255 0 139
    255 0 170 0 255 0 48 255 59 0 255 0 255 48 183 107 255 0 0 155 126
    255 89 0 0 0 255 255 0 255 41 160 255 0 143 0 255 255 116 255 163
    255 0 255 255 255 0 0 0 2 0 64 11 0 0 0 0 0 255 255 0 136 255 255 0
    0 255 159 255 255 21 0 0 0 0 0 255 255 255 0 0 144 4 0 0 0 0 255 0
    255 0 0 255 0 255 0 0 0 0 255 255 0 255 0 76 0 74 0 64 0 255 0 0 255
    0 255 255 0 0 0 255 0 255 0 255 117 0 255 119 255 0 255 255 3 255 0
    65 255 255 0 0 9 216 0 255 0 255 0 255 0 0 255 123 255 45 0 255 0 0
    0 255 0 247 255 250 255 0 0 255 255 255 0 255 0 0 0 0 208 18 210 255
    125 0 255 0 191 0 0 0 255 255 96 136 0 213 255 149 255 255 255 0 255
    64 0 0 0 255 255 255 0 0 149 255 0 0 158 0 255 255 255 0 255 255 255
    0 0 0 0 255 255 0 255 255 255 255 255 0 0 0 145 0 255 255 255 0 0 0
    0 110 255 0 0 255 0 255 0 255 255 255 0 255 255 255 65 0 255 0 0 65
    0 135 255 0 0 0 8 0 61 0 255 0 255 255 41 0 255 0 0 0 0 0 255 208 0
    255 135 255 201 255 0 0 0 255 255 255 219 255 241 9 169 74 255 0 218
    108 255 0 239 190 255 0 86 0 255 0 0 222 0 255 69 255 0 0 0 255 215
    0 255 0 255 255 249 132 255 255 190 0 0 0 255 255 255 0 0 255 159
    255 255 0 0 0 0 0 255 114 255 0 57 255 0 159 0 255 176 255 0 255 0 0
    0 0 47 255 255 255 255 255 255 0 0 0 255 255 0 255 0 0 38 0 0 255
    255 255 0 255 255 192 0 255 123 255 0 255 0 0 0 0 255 255 100 0 101
    11 255 255 0 0 221 106 104 255 207 0 0 255 135 255 0 0 255 255 0 255
    255 0 0 0 255 0 218 255 158 255 0 126 80 255 255 255 0 255 255 0 233
    0 0 0 255 227 0 212 0 119 187 0 255 255 255 0 226 0 255 0 0 0 0 255
    112 253 0 255 0 246 0 255 0 99 0 255 255 255 170 0 0 255 255 255 0
    163 255 0 0 93 255 226 255 255 0 120 0 255 255 0 255 0 0 0 0 255 255
    255 0 0 196 255 255 255 0 0 255 0 255 0 255 0 0 0 255 0 255 0 0 253
    255 255 0 0 0 255 255 255 255 0 0 0 255 255 255 140 0 255 255 67 101
    255 208 255 0 255 255 0 255 0 255 0 255 255 255 63 0 0 0 0 0 255 104
    255 255 0 0 5 255 0 0 255 161 255 255 0 47 0 0 255 0 0 208 255 0 0
    255 255 255 255 0 255 0 255 0 255 23 243 255 255 255 0 0 0 255 255
    255 0 255 0 255 0 255 255 255 224 0 0 0 255 255 0 255 74 0 0 255 193
    24 0 255 255 252 255 0 79 255 255 0 132 0 0 255 163 0 0 0 255 91 0
    255 255 12 0 255 0 0 0 0 255 103 142 173 159 0 255 4 140 0 0 0 0 255
    255 255 0 0 0 0 255 255 255 255 0 255 255 255 255 0 0 0 0 255 255
    255 255 106 209 0 255 255 255 255 0 0 0 4 21 36 0 255 0 199 255 0 0
    0 0 255 151 17 0 0 75 255 0 169 154 239 148 0 174 0 165 0 0 255 104
    255 0 255 255 255 255 186 0 255 255 0 255 0 0 255 255 255 0 0 131 39
    255 255 0 0 0 255 255 0 255 255 222 215 0 0 0 0 198 0 255 0 255 77
    255 255 255 0 0 255 0 255 255 255 255 0 77 0 255 255 0 0 0 255 0 255
    0 0 0 0 255 0 255 255 0 0 0 64 20 255 103 112 0 255 255 239 255 162
    0 50 0 255 0 42 190 255 173 0 0 255 0 255 0 255 0 245 0 255 191 255
    0 173 255 255 255 0 0 0 255 255 255 255 81 0 234 231 0 184 255 0 0
    197 0 0 0 255 119 12 176 0 255 243 255 255 255 0 0 112 0 246 255 255
    202 135 0 0 90 255 0 0 0 255 0 195 255 255 0 245 0 104 255 255 0 82
    0 0 0 255 0 255 0 0 255 255 255 255 255 0 0 255 0 0 173 210 240 28 0
    18 0 0 174 255 255 255 0 255 132 255 255 184 123 255 0 0 241 255 255
    255 255 0 255 99 117 255 0 255 255 0 0 255 255 0 0 62 0 2 255 255
    255 0 31 255 255 0 0 0 255 0 0 0 0 97 0 255 0 255 0 197 43 0 0 0 105
    255 240 255 0 255 33 0 255 0 255 255 255 191 0 0 157 0 255 255 255 0
    136 0 0 208 0 255 255 0 132 92 255 0 53 0 255 0 0 0 254 0 0 0 255
    107 113 0 255 146 53 0 0 232 55 96 255 255 200 0 255 255 255 176 0
    255 0 172 255 255 149 184 0 0 41 255 0 217 0 255 0 255 0 255 0 0 255
    255 255 255 0 0 0 255 209 0 255 255 255 0 0 0 0 0 12 201 255 255 168
    0 0 255 0 255 0 0 255 255 255 0 0 0 0 0 255 255 255 255 255 255 253
    0 49 255 255 255 0 0 224 177 65 255 0 255 0 0 0 255 255 67 0 0 255 0
    193 255 255 0 0 0 15 0 255 0 255 255 255 0 0 0 255 0 255 255 79 255
    0 255 102 255 255 255 255 255 159 255 0 0 0 0 255 255 255 0 0 255
    192 255 255 0 71 0 255 0 255 0 255 140 0 0 157 0 0 0 255 255 0 0 0
    255 255 255 0 255 0 255 0 255 172 255 0 255 0 255 0 255 0 0 255 255
    147 255 221 0 0 0 0 255 255 255 0 0 255 0 255 255 255 77 171 0 150
    255 255 248 255 0 0 16 255 255 65 0 0 255 134 0 255 0 57 255 255 255
    255 209 255 0 255 207 0 149 0 255 255 0 0 0 165 255 139 104 166 0 0
    0 222 255 255 132 255 0 0 0 171 0 239 32 255 0 224 0 176 255 255 255
    0 59 255 255 181 0 255 0 255 0 103 0 255 255 255 60 0 0 255 50 170 0
    255 2 0 255 255 255 0 0 255 255 255 255 0 255 189 13 255 73 0 217
    255 255 0 255 0 0 255 255 255 0 0 51 0 0 29 0 0 0 156 0 255 255 118
    0 0 0 255 255 239 30 0 0 141 0 105 204 199 255 255 0 0 17 255 255
    103 255 0 255 255 255 255 255 255 202 0 17 0 5 255 255 43 185 93 255
    0 170 0 255 0 255 255 255 0 0 255 255 255 0 255 0 255 0 143 58 0 0
    181 111 228 255 0 193 0 0 0 201 255 255 255 0 255 0 0 0 255 109 255
    0 255 255 0 0 152 0 255 0 255 0 0 9 255 74 0 255 20 255 0 255 255
    255 12 0 0 0 0 255 255 255 0 0 87 0 255 0 255 222 255 0 0 180 255
    255 0 255 0 255 0 255 0 0 0 255 255 0 0 255 255 0 255 0 255 0 255 0
    255 255 255 255 111 0 0 0 111 255 40 155 0 255 255 0 0 24 16 255 0
    255 255 0 255 0 255 0 255 107 255 0 255 0 255 255 255 255 0 0 255
    205 255 0 255 255 0 0 255 255 0 0 0 180 255 223 0 0 255 255 255 255
    255 67 255 0 0 0 0 255 255 255 210 255 255 255 255 20 223 0 4 0 255
    255 255 255 255 255 0 30 156 255 0 59 255 0 255 155 255 255 255 255
    131 255 104 0 0 255 255 118 201 0 255 0 255 0 0 251 255 0 0 0 255
    110 0 161 255 255 255 221 0 255 0 29 0 255 255 128 35 0 0 255 0 120
    255 0 255 78 0 211 0 255 0 255 0 255 255 255 0 0 0 255 255 142 255
    255 0 0 0 255 63 0 0 240 255 255 0 255 0 0 255 255 255 0 0 232 113 0
    255 255 255 0 0 0 255 255 152 238 116 255 255 0 0 0 0 255 255 0 0 20
    83 255 0 249 0 255 175 0 4 0 0 0 246 255 255 255 0 255 255 0 0 0 0 0
    0 255 0 0 255 15 145 0 195 255 0 0 0 0 255 255 0 0 107 255 255 49 11
    105 164 0 255 0 255 255 255 0 0 255 255 0 255 0 255 0 255 255 255 0
    0 0 0 255 168 255 0 0 0 255 14 0 0 255 255 0 255 125 0 253 39 255
    255 105 255 0 255 173 255 0 0 0 53 255 255 255 255 3 0 0 196 152 255
    227 0 182 0 255 255 5 0 0 255 255 0 255 255 255 232 0 255 0 0 255
    255 0 0 0 239 0 49 255 255 244 255 0 255 0 116 0 255 255 0 211 0 0
    127 255 0 0 0 0 255 255 255 0 0 255 0 0 0 255 255 255 255 154 0 255
    255 0 255 0 255 67 0 0 0 255 197 0 0 0 0 255 255 130 0 0 0 0 183 0 0
    0 0 255 0 255 255 255 0 0 255 255 255 0 0 0 255 255 0 0 0 255 0 255
    0 255 116 255 255 255 255 212 0 20 57 0 255 0 0 214 255 14 255 0 0 0
    255 255 255 14 255 85 255 253 0 55 0 255 255 0 198 252 0 255 0 255 0
    0 255 109 161 255 255 255 0 0 20 255 255 0 255 0 143 0 255 0 0 255
    255 255 255 0 255 12 0 255 255 255 255 0 0 255 255 0 218 213 255 0
    255 0 0 255 0 0 255 248 255 25 122 0 167 102 238 0 255 0 191 96 0
    255 0 255 0 0 0 255 255 255 0 0 7 0 255 244 0 0 0 255 0 255 0 0 0 0
    52 0 0 255 149 255 255 0 0 0 196 0 3 0 255 0 0 157 175 163 255 0 0
    106 255 0 0 0 124 255 0 255 255 0 255 255 0 0 0 255 255 255 255 0
    255 0 0 106 90 81 255 0 255 74 255 255 0 0 0 146 255 255 0 0 0 0 255
    0 0 255 171 0 0 115 255 190 255 0 0 0 255 0 172 33 255 0 255 0 0 255
    0 0 0 255 0 255 255 255 0 0 0 255 255 0 255 0 66 0 0 255 255 255 0
    255 255 255 0 46 0 255 255 137 0 255 0 255 0 255 0 255 0 255 0 255 0
    255 0 255 0 0 255 8 0 0 255 210 245 86 255 0 0 255 255 0 255 255 0 0
    0 69 255 27 255 0 255 255 255 131 255 0 255 0 0 0 255 0 255 0 249
    255 255 251 0 0 255 0 247 255 255 255 0 255 0 255 0 255 42 0 0 255
    165 255 0 167 0 255 127 255 0 255 255 255 0 0 0 255 76 0 0 0 255 255
    0 0 255 255 119 0 4 255 197 0 0 141 255 255 0 255 251 255 0 0 255
    255 0 25 0 120 0 0 255 103 79 0 0 255 255 255 0 0 199 44 255 0 255 0
    75 0 15 0 255 0 255 0 199 0 0 0 0 0 0 0 142 255 255 190 0 255 0 255
    21 0 0 255 0 255 255 255 0 0 93 0 0 0 0 0 255 0 0 255 255 255 0 255
    0 0 0 255 255 255 255 0 8 0 255 181 110 246 255 0 0 219 0 255 110 0
    0 255 118 250 0 0 0 0 154 0 0 0 0 255 255 107 175 0 0 0 255 255 255
    0 255 39 102 44 202 0 71 0 255 250 255 255 255 255 162 0 255 213 0 0
    131 0 255 255 8 0 0 137 255 255 255 0 0 0 33 99 210 0 0 255 69 0 209
    0 255 255 255 0 255 0 255 0 0 220 255 255 113 255 0 0 210 255 255
    100 7 46 255 255 255 0 96 0 0 255 0 0 255 255 215 0 255 255 255 255
    0 255 255 255 255 43 0 255 0 0 0 255 255 116 0 255 0 255 255 255 228
    255 0 0 0 255 0 0 255 255 255 255 0 0 157 0 255 253 255 0 255 0 0 0
    6 52 255 255 0 0 255 25 0 0 255 0 0 255 255 72 0 72 0 255 255 134 0
    58 255 0 255 255 14 133 0 0 255 0 255 0 0 255 0 169 0 255 255 174
    255 255 0 0 255 255 255 255 0 255 255 0 255 0 255 0 0 0 255 156 0 0
    0 187 0 255 0 214 255 89 46 255 255 255 153 0 82 255 0 255 0 213 0
    255 0 255 255 0 222 0 255 0 0 0 188 0 255 0 0 0 197 255 113 255 0
    255 255 255 0 255 255 255 0 255 0 107 255 65 255 0 0 0 0 255 255 255
    255 255 0 255 255 255 0 0 0 0 105 32 255 81 0 255 0 0 0 255 123 255
    0 0 255 118 131 255 255 255 255 0 0 253 255 0 255 0 0 25 255 0 255 0
    255 0 255 137 255 142 255 255 10 255 0 0 0 0 255 255 255 0 0 0 0 0
    255 245 0 0 255 255 66 255 0 255 0 153 73 255 206 255 255 0 0 0 255
    89 255 0 255 0 0 0 0 255 255 0 255 255 41 255 0 255 0 255 255 255
    250 0 0 0 255 205 0 255 255 255 0 0 0 255 0 255 0 0 255 0 166 255
    255 0 0 0 0 255 118 255 0 255 255 255 255 69 255 0 0 255 255 255 0
    255 255 255 71 0 255 5 255 0 0 255 255 0 0 255 0 255 255 84 0 255
    255 123 0 0 0 0 203 255 79 255 255 253 88 0 0 255 255 16 119 0 255 0
    255 0 255 0 0 255 0 67 255 9 255 0 255 0 255 255 255 255 255 255 255
    255 191 255 255 31 0 255 0 255 0 255 240 119 0 0 0 255 0 232 0 255 0
    0 255 255 72 0 0 221 255 255 255 202 255 0 216 255 255 0 0 255 255
    255 255 255 255 0 81 255 255 7 169 0 255 255 62 0 0 0 0 30 0 223 255
    0 255 255 255 0 177 255 0 255 189 0 0 255 255 14 0 255 255 255 0 255
    0 0 255 255 0 0 255 255 255 0 253 132 0 255 0 255 0 255 255 0 91 0
    255 0 0 255 255 255 0 255 45 0 0 255 0 255 255 0 0 0 0 243 182 0 195
    0 161 0 0 255 217 181 247 0 255 0 255 194 255 159 0 230 0 198 255 0
    255 0 255 0 43 255 255 9 0 0 0 33 0 0 116 255 0 0 0 0 255 255 0 0 0
    255 255 0 0 0 116 255 255 255 189 48 0 0 0 0 0 0 255 193 255 255 255
    168 152 0 255 202 255 0 255 76 85 255 0 255 255 0 0 0 40 52 103 255
    255 255 255 0 160 0 0 255 255 255 0 0 255 255 0 255 0 255 0 0 255
    255 255 255 255 207 57 178 255 0 255 0 255 0 255 0 21 0 240 57 0 0
    255 255 255 255 0 0 255 0 255 255 255 255 0 255 0 255 0 255 186 0 0
    200 255 255 31 123 255 255 0 0 0 255 0 255 0 255 0 255 255 255 255
    255 0 0 255 97 255 0 187 0 0 157 255 255 152 255 0 0 0 112 255 171
    113 0 255 255 255 0 255 64 142 255 255 0 0 255 59 255 0 255 255 255
    0 255 70 255 0 0 0 0 255 255 0 161 0 255 0 3 255 0 103 0 180 63 255
    255 255 0 0 0 255 255 255 255 255 255 0 0 0 71 255 240 252 247 0 0 0
    0 0 255 0 0 0 255 255 0 255 255 60 0 173 255 185 255 87 255 171 0
    255 0 255 0 0 255 0 0 0 255 0 0 255 54 255 248 0 0 52 255 167 127 0
    255 0 255 255 255 0 255 0 0 255 255 0 0 255 255 165 0 0 255 0 0 0
    255 255 255 0 0 0 255 255 255 99 0 0 25 255 0 255 255 255 0 0 0 255
    0 0 255 0 191 0 255 255 255 0 255 0 255 0 0 255 255 255 0 0 155 255
    0 0 0 0 197 0 0 255 0 255 0 255 255 255 0 0 0 122 255 224 255 255
    255 255 255 0 0 255 255 255 255 255 222 6 0 0 0 255 0 0 0 255 0 0
    212 0 255 5 255 0 255 71 0 0 49 255 215 0 194 233 255 0 255 0 255
    255 239 0 0 255 56 255 198 0 255 0 0 115 255 255 0 255 219 0 0 255
    255 255 0 166 121 255 0 156 0 255 0 255 0 1 0 255 255 0 0 0 241 81
    255 0 255 0 255 0 0 0 0 255 255 0 0 93 255 234 214 0 0 255 255 255 0
    255 229 35 0 0 255 0 255 127 129 0 83 255 255 255 0 241 0 255 0 0
    255 15 0 0 232 0 255 97 74 0 255 201 255 0 158 0 255 255 253 0 255
    156 0 255 255 255 0 0 255 0 255 0 0 255 103 211 255 255 0 255 255
    255 0 227 255 191 0 191 0 173 17 255 255 0 0 0 255 0 0 0 255 0 255
    155 0 0 87 255 255 255 255 0 0 0 0 0 193 70 255 255 255 255 0 255 0
    0 255 255 231 0 24 0 0 142 0 255 192 187 255 0 14 0 0 0 130 162 255
    0 255 0 255 0 255 0 163 0 255 0 87 35 0 218 0 255 0 31 0 255 255 0
    97 0 55 255 255 0 255 255 255 0 177 0 255 0 255 0 0 7 0 34 7 0 255 0
    0 0 156 255 0 100 0 0 0 0 0 0 0 180 255 0 0 0 29 0 255 255 255 0 255
    255 255 0 209 0 255 255 255 0 0 255 0 0 255 0 149 22 0 0 0 59 253
    255 0 0 206 0 255 0 255 255 255 0 0 0 0 255 0 103 146 208 0 0 255
    255 0 163 255 36 203 255 0 255 188 255 255 0 29 115 255 0 0 100 0 76
    0 255 173 255 60 0 34 0 255 82 3 0 0 0 255 255 0 190 0 255 0 255 0
    255 0 255 0 0 0 255 255 255 255 0 125 0 51 121 25 255 255 255 169
    255 225 0 255 255 171 255 0 0 255 255 255 255 0 255 0 255 0 255 255
    60 0 255 0 255 255 255 0 0 255 255 0 0 0 98 47 0 255 255 255 0 255 0
    65 255 255 255 0 0 0 48 0 255 0 255 255 255 249 0 255 90 0 0 255 0
    255 255 255 0 255 255 255 0 0 0 0 255 0 71 255 0 0 251 0 130 113 0
    255 145 255 255 121 95 0 0 0 255 255 100 255 255 62 255 0 232 0 255
    0 255 0 0 0 219 255 14 129 0 255 181 135 87 255 191 0 78 0 255 0 255
    0 0 0 181 255 255 255 0 0 0 255 92 0 0 255 255 255 255 0 255 0 255 0
    255 0 140 255 194 0 219 255 255 255 0 0 0 255 0 255 0 255 255 237 0
    0 0 0 158 199 255 0 255 255 0 157 255 0 0 0 255 0 255 255 255 0 0
    255 0 149 0 124 255 0 156 255 255 0 255 0 255 101 255 0 255 255 255
    0 183 255 9 0 0 0 186 255 0 0 125 119 0 0 255 255 0 0 0 0 0 0 0 255
    255 255 25 0 255 0 255 15 0 255 147 255 255 255 0 0 34 0 0 0 0 255
    138 255 0 0 0 255 0 0 0 212 0 0 255 255 255 0 0 0 230 255 0 177 255
    255 0 0 0 19 255 255 0 255 255 0 0 255 255 255 0 0 0 255 255 255 123
    0 255 255 255 0 255 0 105 45 255 255 0 0 0 213 0 50 71 255 255 233 0
    0 0 255 255 0 255 255 89 196 15 246 255 0 255 255 255 0 51 0 255 0
    148 0 255 255 255 61 64 255 0 255 0 0 0 253 255 255 0 255 83 232 0
    135 255 255 255 0 255 0 0 48 0 255 255 255 0 0 0 255 255 255 227 255
    255 0 0 255 255 255 0 0 255 0 255 0 0 255 171 255 187 0 203 84 64
    255 0 179 0 99 0 255 0 255 0 255 0 0 0 255 255 0 0 255 255 255 255
    154 86 0 255 0 255 0 255 0 255 255 0 76 0 255 255 61 255 255 0 224 0
    255 0 0 0 255 0 255 0 255 255 255 0 0 13 255 119 0 0 0 0 121 180 255
    255 255 0 0 76 0 139 0 255 255 255 0 255 0 63 0 255 103 255 0 255
    250 255 0 0 0 0 0 0 0 255 55 255 0 0 255 255 0 0 0 182 0 0 255 25 0
    114 255 255 255 0 0 49 166 255 255 0 255 0 255 200 255 255 255 0 0 0
    255 255 255 0 0 255 53 110 255 0 0 0 255 255 255 0 228 0 0 0 0 0 255
    250 255 255 255 0 0 109 0 255 0 255 0 255 255 255 7 0 255 0 50 106
    255 255 255 255 0 0 0 255 0 210 0 211 255 255 0 0 0 255 0 6 216 255
    255 0 160 0 0 0 0 0 255 255 100 255 233 255 255 255 255 0 0 0 255 0
    255 0 255 0 0 0 255 255 255 0 0 255 255 0 0 0 255 255 161 0 0 0 255
    212 255 99 202 168 255 255 0 0 255 0 0 0 255 255 255 255 114 0 255
    255 255 70 0 239 255 255 205 0 0 0 255 255 0 0 203 255 255 0 89 255
    255 183 0 0 255 0 255 255 0 255 202 224 255 0 0 229 255 0 255 0 255
    0 231 255 255 171 41 255 255 0 0 0 255 0 0 0 175 121 255 255 161 255
    255 255 64 0 255 0 255 0 255 0 255 0 41 0 255 0 0 0 0 255 255 255
    143 0 0 255 255 0 0 120 255 114 86 255 255 255 84 112 0 15 0 255 255
    0 0 255 0 0 0 24 255 255 0 21 255 255 0 0 0 99 255 6 0 255 0 255 0 0
    0 4 255 0 255 0 255 255 0 109 0 255 0 0 0 255 0 255 0 0 237 255 255
    181 0 0 185 255 255 0 0 71 255 255 110 0 0 255 0 0 0 255 255 255 0 0
    72 231 0 0 255 0 0 14 255 255 75 255 0 0 0 0 255 255 0 142 255 255
    255 0 255 220 0 0 0 173 82 0 255 0 170 255 255 255 255 0 0 0 255 255
    255 0 255 0 0 0 0 255 255 255 255 255 0 0 32 208 0 241 0 255 23 255
    210 0 0 255 255 159 0 0 170 0 255 77 0 255 255 255 255 228 255 0 0 0
    255 166 0 0 94 59 0 255 255 255 0 255 0 165 182 0 0 0 215 255 0 255
    88 255 165 0 209 0 255 0 221 0 255 0 255 0 255 0 255 0 255 0 26 255
    255 255 255 0 255 221 0 0 0 0 108 0 172 255 255 255 0 0 141 255 255
    13 0 0 171 0 150 255 255 255 0 110 1 0 0 255 255 0 0 255 255 52 0 0
    28 255 255 255 0 255 255 255 204 255 255 255 109 255 0 255 0 255 92
    255 0 0 0 255 255 255 255 181 0 0 0 255 255 79 255 0 255 0 255 255 0
    0 0 140 255 0 34 88 255 255 255 255 0 255 0 255 108 255 199 156 255
    255 0 0 255 255 0 255 24 255 0 107 255 255 0 84 255 0 104 0 255 255
    235 255 255 136 255 0 0 201 0 183 0 0 0 255 64 208 0 255 0 255 255
    255 201 0 255 0 255 0 0 0 0 255 10 255 0 93 170 255 255 0 0 255 255
    160 255 255 155 70 96 255 0 153 0 234 255 0 255 0 0 0 0 166 0 255 0
    0 0 255 255 255 0 0 255 255 255 255 0 0 67 0 202 0 255 255 255 0 234
    0 141 0 255 213 255 0 0 0 0 0 0 203 0 255 0 255 0 0 148 0 173 145
    255 255 0 255 0 161 178 0 0 0 0 255 0 255 255 255 255 0 0 0 242 255
    0 0 189 207 255 0 255 0 45 255 0 0 0 255 255 0 44 255 0 0 0 255 255
    101 134 0 92 255 255 255 255 255 238 0 255 0 255 255 0 255 26 255 0
    255 255 77 0 47 255 255 255 173 255 139 0 0 0 255 255 255 234 232 0
    0 0 117 255 255 255 255 0 0 50 0 255 0 225 0 255 255 255 88 199 0 0
    255 255 255 255 0 255 0 255 0 255 213 0 255 255 0 206 0 0 0 0 0 255
    215 255 0 13 255 255 52 255 0 255 255 255 143 255 104 0 255 0 255
    255 0 0 0 255 255 255 255 0 255 251 255 0 0 255 181 255 255 0 0 175
    0 0 0 51 0 255 255 255 0 0 255 255 0 255 0 255 0 94 186 255 0 0 0 0
    255 0 255 0 255 255 3 255 0 255 0 0 0 0 0 230 0 255 255 255 83 0 0
    244 255 255 0 255 0 0 0 255 255 255 0 0 0 0 255 101 0 0 0 255 255 94
    123 0 94 0 0 0 253 255 255 162 255 0 65 0 0 0 128 255 255 0 0 147
    255 0 0 255 255 0 0 0 255 255 255 0 255 255 255 255 255 255 160 0 0
    0 0 134 0 255 0 255 0 0 0 0 255 255 255 202 255 0 255 0 255 0 255 0
    0 0 255 0 255 0 0 0 0 255 255 255 255 255 0 0 0 0 255 255 57 255 0 0
    255 255 94 0 235 0 255 255 50 0 0 0 182 0 255 0 255 0 255 0 218 90
    255 255 255 198 255 0 255 45 255 251 118 255 110 255 242 111 0 255 0
    255 0 0 255 0 255 0 1 0 255 255 255 68 255 0 0 0 0 0 255 255 255 255
    28 0 0 255 0 255 255 255 255 157 255 120 255 255 100 130 0 0 0 108
    255 0 0 0 255 159 255 0 0 0 255 0 0 255 0 255 197 255 0 0 0 255 0
    255 0 255 0 0 0 0 255 0 135 0 255 0 255 255 174 0 0 0 0 255 255 0 0
    0 255 255 3 0 0 0 255 0 255 0 0 255 0 0 255 255 255 60 0 255 255 208
    255 75 255 255 255 0 0 255 255 0 0 0 0 63 255 105 0 255 0 1 0 255 39
    255 255 255 240 255 0 0 255 255 19 0 24 255 0 255 3 255 0 0 255 255
    98 255 104 255 56 0 0 255 255 0 0 76 255 66 255 255 255 144 153 255
    255 255 255 255 246 0 204 0 0 146 255 255 0 138 0 255 255 255 234
    255 255 0 203 0 0 187 255 0 255 0 255 0 80 255 177 255 0 119 0 0 255
    0 240 0 48 255 0 0 0 255 255 0 143 0 255 0 255 255 255 0 0 59 0 0
    175 255 142 76 0 255 255 0 255 0 0 0 255 255 0 255 255 7 0 0 0 255 0
    0 0 255 255 255 255 0 3 0 58 255 85 210 130 0 0 0 255 0 255 0 255 0
    255 255 0 0 0 255 255 255 39 255 139 255 0 97 0 255 0 255 0 0 255
    255 255 0 255 0 0 255 217 255 104 255 0 255 116 0 255 0 0 0 255 246
    0 255 255 255 0 39 0 255 0 255 0 255 0 255 255 255 0 30 255 255 255
    0 0 0 0 255 0 0 0 255 0 255 255 7 0 255 138 255 3 255 255 255 37 0 0
    0 54 255 255 0 0 0 255 255 255 255 255 0 0 99 0 101 255 255 255 255
    173 147 0 13 0 255 0 255 0 0 0 0 159 255 255 255 0 0 188 255 236 0 0
    1 0 255 147 255 0 0 88 56 255 18 255 64 133 255 0 255 0 0 0 255 255
    35 22 255 255 255 255 186 0 33 5 255 0 0 255 122 109 71 159 255 120
    255 0 194 0 255 255 255 255 0 255 0 255 9 0 255 0 255 0 0 255 255
    255 255 255 0 0 0 0 255 255 255 0 0 0 232 255 255 219 0 0 137 255 0
    0 0 0 133 52 132 205 0 147 0 0 255 0 255 0 0 71 255 255 255 0 107
    173 10 255 0 0 63 0 255 0 255 0 252 0 255 0 50 0 10 255 255 0 0 0
    255 0 255 255 0 0 0 255 0 0 0 255 255 255 2 0 255 255 0 0 255 255
    255 0 0 0 0 158 160 0 134 0 0 255 255 246 0 1 67 255 255 78 0 0 255
    255 255 255 255 255 0 0 255 18 255 0 255 255 0 0 237 0 110 231 195
    255 0 122 88 255 0 0 255 255 255 103 0 0 255 0 255 0 255 255 255 31
    0 255 0 255 225 0 145 255 255 135 0 0 0 0 255 255 255 1 255 13 0 0
    255 198 173 0 255 255 255 0 114 0 255 0 0 255 255 193 0 0 189 171 82
    66 255 255 255 255 255 255 42 161 0 239 244 255 0 255 0 0 0 0 0 255
    45 255 140 0 236 255 96 0 0 255 255 255 0 238 255 129 163 255 255 0
    0 255 32 0 0 227 0 255 255 255 63 0 0 135 36 237 255 0 0 0 255 0 255
    255 0 0 59 158 255 0 0 255 0 255 23 0 255 67 0 5 255 255 255 71 255
    0 0 255 0 0 0 255 255 255 38 0 243 0 255 0 0 255 0 0 0 255 255 255
    255 86 255 0 255 0 255 0 255 255 0 0 0 0 0 0 0 145 0 125 255 255 255
    255 0 0 194 255 255 255 0 255 255 255 85 0 27 255 255 203 0 96 255
    255 202 192 68 204 255 255 255 49 255 0 118 154 255 4 106 0 255 0 0
    0 228 255 255 0 0 67 0 0 255 218 136 0 255 255 255 0 255 138 255 0
    255 255 89 0 0 255 0 134 196 0 0 130 255 213 255 255 255 29 0 0 133
    0 255 255 255 0 0 255 20 255 255 255 0 0 54 0 0 0 226 0 255 0 38 0
    255 255 0 255 0 255 0 255 255 255 255 0 0 214 0 59 0 255 73 255 0
    255 252 228 149 255 0 0 0 0 255 255 0 0 0 255 0 255 0 45 255 255 0 7
    0 85 156 173 0 255 0 0 83 255 255 255 0 19 0 0 255 255 255 0 0 182
    146 0 234 97 236 255 0 255 0 255 0 201 0 183 0 136 64 0 255 0 255
    255 0 0 255 0 0 88 255 255 0 255 0 255 255 255 255 0 152 255 0 255 0
    81 0 0 255 0 255 0 0 0 255 168 255 255 0 0 0 255 255 0 0 85 255 0 53
    85 255 0 255 0 0 0 255 255 155 255 147 0 255 0 0 239 6 0 0 0 255 255
    255 255 44 0 0 94 255 0 255 11 255 255 255 0 0 77 255 255 0 0 224
    140 53 14 0 255 255 67 0 0 255 0 255 0 0 255 0 255 0 255 0 255 0 0
    37 0 255 0 171 197 255 0 0 203 255 223 0 239 0 0 0 99 255 214 179
    255 0 255 0 255 0 255 102 0 0 255 80 255 255 0 0 0 0 0 255 0 42 198
    253 145 255 208 0 0 255 0 255 255 255 105 255 26 213 255 255 0 255
    179 0 255 93 255 0 56 255 255 0 0 72 255 91 0 0 0 255 0 5 0 255 0
    187 0 0 255 255 255 155 0 0 255 0 0 0 255 139 255 0 0 81 0 255 255
    19 0 0 237 55 255 0 255 0 255 255 255 132 0 0 0 0 0 129 255 255 255
    44 255 0 0 59 0 0 0 255 255 255 255 0 0 0 255 255 0 58 120 0 255 151
    255 0 43 98 255 0 255 255 0 0 0 255 0 255 255 255 255 255 255 255 48
    0 117 255 0 0 0 255 45 255 255 255 255 0 255 0 255 0 0 0 255 255 0 0
    0 255 226 112 0 0 0 251 0 144 0 255 255 255 0 0 0 255 0 255 0 255 36
    0 0 80 0 65 255 255 255 0 0 250 255 155 255 255 0 0 0 0 255 0 255 0
    255 255 255 242 255 0 255 255 255 0 255 157 255 0 255 255 255 255
    255 255 89 0 0 255 255 255 111 35 17 0 255 0 255 0 255 0 126 0 137 0
    255 251 4 0 0 172 255 0 0 0 255 0 255 0 255 255 0 255 0 180 0 255
    255 0 255 255 255 0 0 0 255 255 0 166 255 255 0 255 255 255 0 255 0
    255 255 68 255 0 255 0 241 0 255 255 255 142 0 255 255 0 0 0 0 255 0
    255 129 255 0 0 0 0 0 255 255 255 255 255 0 0 0 255 255 255 0 0 0 0
    255 255 0 255 255 0 5 255 0 0 0 0 142 0 0 255 255 255 0 194 0 255
    255 0 0 0 255 32 255 255 255 0 0 255 0 183 85 0 37 255 255 0 0 0 255
    0 220 255 0 48 0 255 255 0 0 255 255 249 255 255 0 101 6 255 255 115
    255 0 0 255 255 153 0 255 255 255 0 0 255 255 255 255 0 245 71 172
    197 255 227 0 0 75 0 255 0 117 0 255 0 255 0 181 255 0 255 255 255 0
    0 0 0 0 0 0 0 158 255 0 0 0 255 0 255 255 0 255 201 0 0 255 255 255
    255 255 0 0 255 255 0 255 2 255 0 0 255 213 255 0 255 240 255 233
    132 0 0 0 255 255 0 0 255 255 147 255 218 0 219 255 255 194 139 0
    105 217 0 0 255 255 163 255 75 255 0 255 0 168 0 0 89 0 255 255 255
    53 83 1 0 0 255 255 0 0 0 255 0 0 0 0 255 255 0 0 255 255 0 0 0 255
    241 0 0 255 0 255 0 0 215 255 0 255 255 72 175 255 0 0 255 171 255
    128 47 0 255 245 255 135 0 0 0 255 255 255 0 0 233 255 0 0 255 3 255
    0 255 0 255 0 0 161 255 255 0 0 0 0 0 255 0 255 32 255 255 0 255 255
    0 0 0 255 255 0 255 0 255 168 0 255 255 154 255 0 255 0 141 255 255
    201 97 255 0 255 255 119 33 255 197 113 0 255 166 255 211 133 0 0
    255 255 18 0 25 9 255 255 254 203 255 0 255 0 0 0 0 0 255 0 98 245
    114 253 255 0 255 0 255 0 120 255 0 255 35 73 0 61 0 255 0 138 255
    255 255 0 0 0 0 255 255 0 0 0 255 0 0 173 0 255 0 255 255 255 255
    255 0 101 255 255 182 0 0 255 0 176 0 0 0 255 255 255 0 156 0 255
    255 255 0 255 255 0 0 29 67 255 0 3 113 137 255 255 255 0 0 0 0 0
    141 255 255 245 255 0 255 0 0 0 255 255 44 0 255 0 255 0 209 255 0
    125 0 0 255 255 125 0 0 0 0 197 0 0 255 212 255 0 255 0 255 0 255
    255 255 0 0 112 255 255 255 255 255 255 0 0 235 255 255 255 0 0 255
    255 0 0 0 255 255 215 0 0 0 0 245 0 0 201 255 255 0 255 219 255 0 0
    255 0 0 0 255 109 0 0 0 202 69 255 0 0 0 153 255 255 255 208 90 0 0
    0 0 0 255 255 255 197 131 0 255 165 250 0 0 255 255 0 0 0 255 102
    255 0 0 72 0 255 159 26 0 255 47 0 255 255 0 0 0 255 255 255 133 0
    59 190 255 0 255 255 255 255 72 255 0 0 129 255 255 255 255 0 0 54
    255 255 0 0 255 255 255 255 255 0 255 0 59 0 0 73 239 255 255 0 0 0
    214 255 0 204 0 255 255 0 255 0 0 255 255 255 0 0 0 0 0 255 255 227
    0 0 250 0 0 0 0 71 255 68 255 0 0 0 0 0 162 0 255 255 65 255 255 255
    0 0 0 255 0 255 146 255 135 102 0 255 255 255 50 0 0 0 255 152 251
    255 125 182 255 0 0 0 0 218 0 255 0 0 0 223 117 255 0 255 255 24 0 0
    0 0 255 255 155 138 0 0 135 0 103 255 0 73 220 0 255 0 0 0 255 255 0
    0 255 255 255 0 0 255 0 255 75 0 255 0 255 255 255 0 164 0 142 0 214
    0 8 0 0 239 255 251 0 0 85 0 158 255 255 255 255 255 255 255 255 41
    0 255 0 255 88 243 162 140 255 255 42 15 255 255 255 0 255 0 161 0 0
    0 255 255 0 0 255 255 0 0 255 220 0 0 222 255 255 255 0 0 255 255
    255 255 255 0 225 0 255 239 245 255 0 255 255 0 0 0 255 0 255 0 255
    0 255 0 0 0 226 255 0 0 0 255 255 128 162 0 210 44 255 252 255 0 255
    255 255 252 0 255 0 255 48 255 202 0 83 22 255 0 255 255 255 255 0 0
    0 0 255 0 255 0 255 0 255 0 212 0 239 255 0 255 0 255 71 0 0 0 255
    255 167 140 0 255 220 33 255 0 189 201 255 255 95 0 255 0 111 0 78 0
    0 0 0 0 255 255 0 0 255 153 255 241 0 255 255 255 0 0 0 255 255 0 12
    27 255 255 24 0 159 255 0 255 0 255 0 255 255 255 0 0 255 255 103 0
    0 255 0 255 255 153 255 0 255 0 255 0 0 0 255 255 255 0 2 0 255 52
    134 70 157 201 255 0 0 255 233 255 0 225 255 255 0 255 45 84 255 0 0
    0 255 255 0 255 0 68 0 255 255 255 0 255 0 255 255 133 0 255 109 31
    255 255 66 224 0 0 0 0 0 134 0 255 102 139 255 255 255 0 0 255 195 0
    255 0 248 0 0 255 0 255 170 0 255 0 255 0 0 221 108 255 0 0 0 0 0
    226 90 255 255 255 101 0 0 255 255 28 152 255 255 255 0 0 0 255 172
    247 95 255 0 0 0 255 177 210 255 216 196 101 13 0 0 165 0 255 22 255
    0 255 255 205 0 255 255 255 0 255 255 0 255 31 255 0 0 255 255 255 0
    255 0 255 0 255 255 0 0 0 0 255 255 255 87 37 255 255 125 0 255 255
    255 255 198 18 0 255 0 0 0 255 190 0 6 0 255 255 255 0 0 0 255 0 0 0
    255 0 255 0 62 202 255 13 255 0 211 0 0 0 255 255 255 0 0 0 255 255
    255 0 0 0 255 0 255 255 255 255 0 255 13 2 0 255 255 255 188 255 0 0
    255 255 0 255 0 255 0 0 255 255 255 255 0 0 0 255 255 255 220 237 0
    97 0 255 0 0 0 0 0 255 255 255 94 0 255 53 255 255 255 0 0 0 62 255
    255 0 0 0 179 255 102 255 0 0 139 0 255 0 255 0 190 0 255 140 255 0
    0 0 0 255 255 255 255 0 255 137 0 144 0 0 255 255 63 0 0 255 64 0 0
    36 217 0 54 0 255 255 255 0 255 0 24 0 255 79 0 133 0 255 0 255 255
    255 255 0 0 0 0 255 0 255 255 152 255 0 0 255 255 17 26 0 140 206
    255 198 205 0 255 0 0 255 0 255 0 0 0 255 211 255 0 149 0 0 255 255
    0 0 0 82 255 0 255 233 255 255 0 255 0 255 255 0 0 0 255 0 255 0 255
    0 67 0 255 255 0 38 0 255 255 0 0 0 0 155 0 255 255 255 255 255 36 0
    0 0 0 0 235 180 255 0 201 0 0 111 255 18 0 0 63 199 255 0 0 155 0
    255 0 0 0 255 77 0 255 0 255 255 255 0 0 188 255 55 255 0 255 0 0
    255 25 255 255 234 0 0 255 255 255 0 0 0 255 151 0 224 0 255 0 255
    255 255 255 0 0 255 0 0 255 255 255 0 0 113 255 255 126 255 255 0 0
    0 0 62 255 0 0 145 255 0 255 0 255 255 255 221 0 0 0 0 0 255 83 255
    0 186 255 0 255 0 255 0 255 0 255 0 255 255 255 0 188 0 4 255 0 225
    0 0 0 161 255 255 255 114 255 0 255 255 255 0 255 255 255 255 0 255
    180 255 0 0 49 65 0 90 247 255 255 17 55 147 0 0 0 115 52 240 0 0
    255 23 255 0 255 255 255 248 0 0 0 0 255 0 255 0 214 255 255 255 0 0
    109 255 0 0 0 0 0 0 255 0 47 0 0 255 25 255 88 255 255 255 255 0 255
    255 255 255 255 255 0 0 255 255 199 0 0 255 255 255 255 0 130 255
    255 255 255 255 86 50 255 0 248 27 35 187 255 255 255 0 255 64 0 0 0
    255 255 255 255 0 0 0 0 255 255 0 192 255 0 217 0 255 255 13 0 0 255
    255 0 0 0 255 255 255 0 255 142 0 0 255 255 0 87 0 255 0 255 0 255
    255 255 255 17 255 255 0 255 5 0 0 213 255 162 255 0 0 0 0 0 255 255
    255 255 255 0 255 0 0 0 131 255 0 0 0 0 255 255 255 0 0 135 203 0
    235 0 0 255 255 255 0 255 0 255 0 129 0 114 193 0 0 250 255 255 0
    255 0 129 143 0 239 45 255 255 255 109 255 255 126 255 245 0 0 0 80
    165 0 0 255 255 255 0 255 0 255 0 255 0 249 0 255 255 255 222 0 0 0
    255 0 255 255 255 153 176 0 0 255 255 255 0 0 255 13 104 0 35 0 0 44
    255 255 0 255 183 0 0 0 255 150 255 26 255 255 220 0 0 0 255 255 37
    0 0 255 255 230 206 0 0 0 255 0 255 255 255 0 0 255 83 54 255 0 255
    0 0 0 255 255 0 255 255 187 228 85 255 255 165 0 73 45 0 0 29 255
    255 255 0 0 0 0 255 0 62 233 255 134 0 0 255 255 0 255 0 255 0 255
    255 170 0 26 0 157 22 171 255 0 0 141 0 255 0 255 255 255 0 28 255 0
    0 0 255 247 255 0 170 0 255 255 255 0 0 0 255 0 255 0 123 0 255 0 0
    96 255 0 0 255 0 255 255 0 0 208 255 251 202 39 0 255 0 142 0 0 255
    212 0 0 255 255 0 0 0 255 255 95 216 103 0 0 57 255 126 0 0 123 0
    255 131 254 255 0 255 255 255 0 0 255 0 255 255 255 0 134 0 255 255
    0 215 255 0 0 0 255 255 255 255 135 0 0 0 255 1 255 255 0 0 255 0
    247 0 205 0 70 0 0 0 0 255 255 255 0 0 0 86 255 255 255 255 255 0 0
    127 37 86 255 0 255 176 255 77 0 0 231 255 156 111 0 255 128 132 0 0
    0 255 255 255 99 255 1 0 0 255 255 0 0 255 255 255 255 255 0 0 255 0
    0 255 255 255 220 0 0 255 255 53 0 0 255 0 0 64 0 255 0 0 0 255 255
    255 0 67 218 191 0 0 255 0 222 38 0 78 116 255 0 255 196 255 255 255
    255 255 0 0 0 255 231 0 0 255 0 0 0 255 255 255 0 255 0 255 0 0 0 0
    0 255 0 255 0 255 255 0 230 0 255 108 255 0 255 0 255 0 255 198 255
    0 0 0 255 0 255 0 255 53 0 0 0 255 255 255 255 0 0 0 255 255 0 48 0
    0 79 255 255 0 0 0 45 255 2 255 66 0 0 255 255 255 0 0 0 255 81 255
    64 0 255 0 255 0 0 6 0 0 0 255 255 255 159 0 162 255 255 214 255 255
    255 0 0 0 255 255 111 49 233 104 255 122 255 0 255 0 255 0 155 0 0
    124 0 255 255 189 86 60 255 0 255 255 0 222 0 137 0 0 0 0 0 5 255
    255 0 255 188 255 188 255 199 255 58 0 0 0 255 0 255 0 255 0 0 102
    120 0 0 0 98 0 255 0 255 0 229 0 255 255 255 255 0 0 255 255 255 0
    255 255 0 0 15 255 255 0 213 0 255 90 255 0 0 0 255 0 255 255 255 0
    255 0 203 0 143 255 255 0 0 0 255 255 255 0 0 255 255 66 255 255 255
    0 240 0 241 0 0 0 0 230 255 255 255 0 0 0 0 18 0 0 255 212 0 0 255
    255 255 22 255 255 255 159 255 0 255 0 255 132 0 104 255 255 255 246
    0 0 255 0 173 5 172 0 255 255 0 255 0 0 0 246 185 255 0 66 0 0 255
    207 255 255 0 0 0 255 0 255 0 27 255 255 255 0 0 0 83 255 0 255 255
    255 0 235 0 255 0 177 255 255 0 255 255 42 255 0 0 0 255 0 0 0 0 255
    98 255 69 255 0 0 0 255 255 255 255 0 255 255 255 0 8 0 255 255 0
    255 255 255 0 23 0 44 220 255 255 255 0 0 0 181 255 0 0 255 0 255
    133 255 0 255 0 0 0 122 184 46 0 196 179 255 255 0 0 0 0 0 255 255
    203 255 228 0 0 0 255 255 255 0 255 255 0 101 0 255 255 0 0 0 255
    218 255 0 0 255 19 255 39 62 240 0 255 0 255 0 0 169 30 0 255 0 117
    84 255 255 0 0 0 220 114 0 0 255 0 255 0 0 255 255 82 255 255 255
    255 0 0 255 0 255 0 255 0 0 255 255 77 154 0 255 0 255 200 255 255 0
    0 174 0 255 0 0 0 0 255 255 0 123 255 0 0 255 0 255 0 0 0 163 0 155
    255 255 192 255 0 0 0 0 255 0 255 255 255 0 255 128 255 45 0 118 255
    255 255 255 84 46 255 0 0 23 255 255 239 255 0 223 0 56 20 0 0 0 255
    0 0 255 255 159 0 238 255 255 255 0 0 0 0 0 255 255 81 0 0 116 64
    255 255 42 0 0 0 255 96 0 0 0 0 169 0 0 222 255 255 0 255 0 11 0 255
    183 255 0 0 0 74 0 255 255 0 0 0 0 0 255 255 255 246 0 220 0 0 255
    255 255 0 39 0 255 0 255 163 0 0 255 255 226 255 255 111 0 255 255
    255 87 0 255 255 114 0 183 255 158 255 0 0 255 237 214 0 0 0 255 255
    0 255 148 255 153 53 255 255 104 0 255 255 0 29 255 0 0 0 255 255
    255 84 0 138 0 255 0 255 0 0 43 255 255 0 0 0 255 255 255 192 255 0
    255 2 0 0 255 255 255 44 0 0 255 255 255 132 0 0 255 0 0 0 152 255
    146 0 255 255 255 0 0 0 138 41 0 255 69 255 55 0 0 255 0 190 0 72 0
    255 92 255 0 0 0 255 255 255 0 255 255 255 0 0 0 255 81 0 255 97 255
    255 255 111 0 0 0 255 255 255 247 0 0 255 255 191 251 0 249 0 255 0
    255 255 255 216 0 255 240 203 0 34 86 255 0 255 0 34 255 0 0 0 255
    255 125 0 207 255 255 113 0 0 0 0 255 0 109 0 0 0 0 255 0 255 0 255
    255 0 237 129 70 255 0 255 0 0 0 210 130 255 255 255 0 0 0 0 255 0
    255 0 255 0 255 0 0 255 223 255 255 0 255 0 240 0 255 0 255 0 255 0
    212 0 255 255 255 255 0 255 22 0 224 153 255 0 255 255 255 255 0 255
    242 255 255 0 255 0 255 117 92 0 255 255 0 0 0 255 29 255 78 0 0 0
    255 255 255 255 255 0 255 255 54 255 0 0 255 255 255 0 180 0 255 178
    0 255 255 255 0 255 0 0 0 0 255 255 104 155 255 0 255 0 255 155 2
    255 7 0 255 0 0 0 255 0 255 255 0 137 0 218 231 105 255 0 129 0 255
    0 59 255 255 0 0 0 255 255 255 209 0 255 0 255 174 255 0 0 255 255
    255 255 0 255 255 255 125 0 255 0 0 0 0 14 0 255 100 255 0 0 136 255
    0 255 0 255 226 148 0 255 0 0 101 245 255 0 0 255 255 31 0 255 45
    255 0 48 0 255 255 255 0 0 0 255 255 41 255 0 233 187 0 0 166 13 200
    20 255 255 255 110 0 0 255 26 255 255 255 226 0 249 8 0 0 255 0 255
    255 27 255 255 255 255 255 0 255 255 255 0 134 0 255 106 255 0 52 0
    255 0 255 0 255 0 255 0 255 0 255 255 0 178 255 255 255 255 0 0 0 0
    255 0 0 0 255 44 255 255 0 0 0 3 255 0 61 0 255 255 0 0 255 255 0 0
    0 255 255 255 136 0 255 128 0 2 0 0 0 255 255 0 255 0 255 0 66 255
    255 255 0 0 0 255 255 255 255 0 0 0 0 0 255 182 255 83 255 0 0 0 96
    255 255 0 255 0 45 0 255 207 22 255 0 255 255 255 0 176 0 255 249
    255 181 0 0 0 255 0 255 0 0 255 0 255 0 218 0 255 255 179 0 176 0 0
    127 11 255 255 255 0 255 0 0 255 255 255 191 255 181 255 0 255 255
    67 255 255 0 195 0 222 255 155 255 0 255 0 233 0 255 255 255 0 255
    255 255 255 0 0 255 0 51 0 255 255 255 0 0 0 51 0 0 255 0 154 215
    181 255 255 0 0 255 255 42 255 93 255 0 0 255 255 0 0 0 255 42 255 0
    0 255 255 119 0 255 0 0 0 255 0 0 0 0 255 0 0 65 255 255 0 0 0 255 0
    255 222 255 0 255 0 255 69 0 255 0 0 0 0 255 194 0 0 58 255 0 255 0
    0 255 0 0 247 255 53 255 0 255 0 239 218 0 255 0 66 0 187 0 255 255
    191 87 0 0 255 12 255 0 181 0 0 0 255 123 255 255 0 255 0 255 0 255
    0 132 0 255 182 226 120 0 255 255 255 0 0 108 90 0 255 0 255 0 255 0
    0 0 255 255 255 0 0 0 255 255 107 0 0 255 0 255 0 0 255 0 255 255 0
    0 0 0 239 0 255 0 0 234 74 236 0 255 255 0 0 159 0 0 63 26 255 248
    223 255 255 0 0 0 255 235 96 0 0 255 255 255 255 0 15 232 0 255 255
    6 171 255 255 0 255 255 0 0 177 106 255 0 0 207 32 205 0 0 255 255
    255 255 68 255 0 0 0 255 255 255 99 0 0 0 0 255 255 255 255 228 95 0
    255 0 255 201 255 0 255 33 233 255 255 0 255 120 87 0 255 41 0 255 0
    255 0 29 201 255 0 47 82 207 111 126 255 0 0 0 255 255 255 0 0 255
    255 255 24 255 10 0 0 233 60 177 0 0 255 8 0 255 101 255 0 255 0 255
    0 255 255 255 0 0 0 255 255 255 0 255 0 0 255 255 255 0 0 0 183 237
    255 75 0 255 255 255 255 0 255 0 34 0 0 0 255 255 0 255 0 255 0 255
    112 0 0 0 255 0 109 0 0 0 0 255 255 203 0 0 0 109 255 255 57 255 0
    229 255 255 255 164 0 255 255 255 0 0 255 255 255 240 0 0 105 0 0 0
    0 0 103 0 0 128 106 255 0 255 220 255 0 255 255 37 0 0 0 255 0 255 0
    255 0 255 0 255 196 255 176 0 255 255 0 0 255 0 0 255 255 255 255 0
    0 255 78 0 255 48 27 0 0 29 255 255 0 0 41 156 0 91 169 99 255 0 255
    0 255 0 67 0 77 0 255 0 255 155 255 0 255 0 255 55 97 0 0 255 255 0
    0 0 255 0 255 72 0 221 84 0 178 255 255 0 0 255 255 116 0 0 0 255
    255 255 0 255 0 255 92 255 0 0 0 0 255 0 255 0 0 255 255 255 0 0 0 0
    17 0 255 255 0 255 0 0 0 238 0 255 19 255 255 156 255 0 57 168 0 0 0
    0 0 0 255 0 255 95 255 0 255 0 255 6 0 255 0 255 0 0 0 157 255 255 0
    0 0 255 0 255 0 0 0 0 233 255 255 175 187 0 255 255 255 0 255 0 255
    255 0 68 0 0 255 0 255 0 255 0 58 0 0 255 211 0 0 198 0 164 0 0 255
    255 0 7 45 179 255 0 0 0 255 255 255 0 0 0 255 0 255 0 255 0 255 142
    255 255 255 177 255 0 255 255 0 255 0 0 50 255 95 0 255 255 255 0
    255 0 255 255 255 255 240 117 255 255 0 0 0 0 0 141 255 255 255 0 0
    217 255 255 0 113 0 255 0 255 255 255 138 255 0 0 255 0 255 220 255
    255 175 0 0 255 0 255 13 32 0 255 105 255 0 167 0 255 0 212 0 0 255
    0 0 255 0 174 0 255 255 255 0 0 0 0 0 255 255 255 194 0 0 255 255
    161 0 72 241 255 255 0 255 0 0 255 255 6 255 0 255 0 0 0 0 192 255
    255 148 255 255 210 0 0 196 255 255 255 0 166 255 105 162 246 255
    255 0 0 0 255 135 12 0 255 255 0 255 255 212 0 255 255 255 0 0 0 0
    78 0 75 0 255 255 255 0 202 255 147 0 0 245 255 255 0 0 0 255 6 255
    255 255 255 138 0 120 0 255 0 255 0 0 0 255 255 45 255 104 255 0 0
    242 255 0 255 0 255 0 255 0 255 0 255 0 0 0 0 255 0 255 118 255 0 0
    255 255 255 0 0 0 225 0 0 255 108 255 255 164 255 0 0 0 0 255 255
    255 0 0 0 255 255 255 249 255 0 129 0 255 255 255 243 0 255 0 255
    219 0 0 255 213 255 15 255 0 255 184 255 0 0 255 255 226 255 0 255
    124 255 139 255 0 0 36 0 255 255 255 0 0 0 255 195 0 0 0 198 0 255 0
    255 39 118 125 61 0 0 255 255 0 0 223 0 255 128 255 255 255 0 255
    255 166 255 255 0 255 0 255 0 255 107 255 0 0 0 0 255 102 20 251 16
    46 72 255 115 0 0 0 255 255 255 0 103 0 255 255 215 0 25 107 255 23
    255 0 255 255 0 0 0 255 255 255 255 0 161 133 255 0 0 0 255 255 0 2
    0 0 56 255 149 255 255 0 0 0 2 68 255 255 255 0 0 255 255 255 0 255
    255 148 255 0 0 198 63 255 79 129 0 255 84 0 12 24 0 82 255 255 119
    0 2 153 90 255 255 0 0 255 233 237 0 0 0 255 255 0 0 0 175 255 0 255
    0 255 0 255 0 98 0 255 0 255 0 255 58 255 163 0 0 0 0 255 255 226 79
    18 54 161 0 255 255 0 0 0 255 255 0 0 11 255 0 0 0 222 255 255 255
    55 0 0 70 255 255 0 255 255 255 0 0 159 0 255 255 0 255 255 255 255
    0 0 0 255 50 255 38 255 0 255 0 255 0 0 0 0 0 17 255 0 0 255 82 255
    159 207 0 120 0 255 255 255 252 255 229 149 255 233 18 0 0 102 255
    255 255 0 0 0 255 0 255 0 0 255 57 255 255 0 255 237 255 240 0 0 0
    255 107 255 255 255 0 0 255 0 255 255 255 0 194 255 255 0 0 0 0 0 0
    210 255 0 255 0 255 125 0 255 0 0 0 255 179 0 41 255 0 0 0 255 0 255
    255 255 207 154 0 0 0 255 255 0 89 255 96 255 157 255 51 0 0 255 0
    255 255 255 0 0 255 0 0 116 255 255 255 0 0 0 255 0 49 0 0 22 255 0
    0 216 49 255 39 225 121 255 0 0 0 255 255 255 0 0 0 255 255 255 0
    255 0 255 0 0 0 255 255 84 161 0 255 202 255 255 193 255 255 0 75 28
    253 0 255 8 255 0 79 144 155 255 0 246 255 0 124 255 72 119 0 255
    255 255 0 0 0 0 0 17 255 255 0 0 255 68 255 255 209 17 0 255 0 0 255
    255 255 0 154 105 0 255 255 140 255 129 0 110 0 255 255 255 0 0 255
    255 226 255 0 255 0 255 76 255 0 255 0 0 0 0 255 0 255 255 0 255 188
    129 21 255 175 0 0 0 0 255 255 255 0 255 255 52 102 0 255 255 255 0
    0 0 255 155 0 255 226 255 107 0 255 255 255 0 255 0 0 160 0 255 0
    255 0 255 0 255 0 255 0 0 255 0 72 0 255 255 255 0 0 0 0 255 255 0
    244 0 255 0 0 22 255 215 255 255 255 157 84 74 0 0 0 19 0 0 12 255
    255 0 0 161 77 110 255 255 0 0 0 255 0 255 255 255 0 0 0 255 255 255
    0 47 255 255 255 173 0 0 45 0 255 255 255 255 255 255 255 0 0 255
    255 255 0 62 255 0 94 231 255 0 255 255 255 56 43 0 0 0 0 255 255 0
    255 0 0 8 255 255 255 141 0 255 0 255 0 255 0 255 0 255 0 255 0 0
    160 0 0 0 255 255 0 170 255 255 0 0 255 255 255 0 0 0 67 0 0 134 255
    180 0 0 255 255 255 0 255 255 0 0 255 0 255 0 0 183 0 255 207 138
    142 229 75 0 242 0 0 255 255 255 255 255 255 255 0 0 0 0 32 255 0
    255 0 233 0 255 0 255 14 0 0 0 77 255 0 255 0 255 0 255 0 0 255 0
    255 0 0 0 255 0 255 255 255 0 0 0 255 255 255 255 255 0 239 255 255
    255 255 0 0 0 0 255 255 0 0 139 0 0 229 0 172 62 255 0 44 98 255 255
    52 0 102 0 168 255 0 255 0 167 0 255 255 0 0 116 255 255 0 148 255 0
    255 255 255 0 0 255 0 246 0 255 4 255 0 0 0 255 0 255 0 134 255 255
    194 0 2 0 255 0 255 0 255 0 0 0 255 255 255 255 0 110 103 72 250 0
    255 0 0 0 229 255 0 0 0 255 197 255 0 0 0 255 255 255 255 0 0 97 255
    137 0 0 255 255 0 255 0 120 255 255 163 214 0 0 0 255 194 0 0 255
    255 197 255 214 0 255 211 255 0 0 0 133 255 0 235 130 112 0 0 255
    255 255 33 0 255 255 255 0 255 0 0 51 0 0 184 244 137 255 0 0 255
    198 255 0 255 0 189 0 206 0 255 255 255 0 255 0 0 203 255 255 0 0
    255 0 255 156 75 47 0 0 0 0 255 255 255 255 0 245 255 0 0 65 255 247
    0 255 13 255 255 255 255 79 255 0 0 0 0 255 103 255 255 200 0 255
    255 58 0 255 0 0 255 255 255 255 0 244 0 255 1 255 120 255 10 0 255
    0 0 0 19 255 251 255 0 37 0 203 172 255 0 0 0 255 255 164 0 255 0
    255 255 139 205 0 255 255 0 255 255 0 75 0 255 0 0 149 255 255 255 0
    204 255 255 255 0 0 0 0 145 255 105 255 255 0 192 94 255 0 190 255
    255 182 0 255 0 253 0 188 255 0 255 0 0 0 0 0 0 255 48 0 0 255 0 0 0
    0 0 0 255 0 255 255 0 92 0 255 79 0 0 75 255 255 0 0 255 255 255 255
    215 255 255 195 255 255 0 0 0 255 56 255 255 255 0 0 124 140 255 91
    254 0 0 28 255 0 235 255 140 255 0 255 255 0 255 162 0 0 255 88 255
    0 42 255 0 227 255 166 255 220 255 0 0 0 255 255 0 255 0 255 255 255
    220 0 255 255 0 0 0 99 0 255 0 255 150 0 255 255 255 255 255 255 0
    255 0 255 162 99 166 0 0 0 255 255 63 207 230 0 255 255 255 125 255
    0 0 0 255 255 250 0 85 255 255 0 0 114 255 62 0 0 255 255 255 255 0
    0 0 255 255 0 0 255 255 78 0 0 0 255 97 232 0 255 21 0 201 0 238 255
    255 139 40 255 0 7 255 255 255 124 0 0 0 244 0 255 0 255 0 255 0 255
    0 0 102 0 0 255 0 255 32 255 255 255 0 114 0 255 255 0 114 0 255 184
    0 0 0 0 0 121 255 255 255 0 0 0 255 255 255 182 0 158 0 0 233 255
    255 0 0 255 0 255 0 255 0 255 255 0 255 63 82 107 255 17 0 0 255 255
    255 255 0 0 0 255 82 0 0 255 255 0 0 0 0 255 0 241 0 255 255 2 13 0
    2 0 255 165 255 0 0 0 0 0 37 255 0 255 0 137 255 0 0 0 255 0 255 255
    255 0 255 0 0 0 255 219 255 0 0 0 255 0 46 0 0 255 255 0 0 0 211 255
    255 47 0 255 255 136 255 255 0 0 154 19 0 0 255 0 0 225 255 255 83 0
    255 0 255 255 125 0 0 255 244 0 0 255 119 0 0 0 255 255 255 0 0 82 0
    0 0 255 255 156 255 0 0 184 0 255 0 255 0 255 242 0 255 0 255 0 196
    255 161 255 0 74 0 255 0 255 0 0 0 142 0 0 255 255 255 0 0 0 255 255
    11 0 255 255 255 11 7 255 0 255 77 200 0 255 255 119 255 0 0 0 43 72
    0 255 142 255 83 28 164 0 0 27 255 255 0 0 0 255 0 72 0 255 238 255
    0 152 223 255 255 0 6 255 255 255 12 0 53 0 0 255 0 255 0 191 255 0
    0 0 255 159 255 141 0 0 255 0 0 255 58 255 0 0 0 0 191 0 255 236 237
    0 0 255 92 0 247 177 255 0 192 0 136 0 253 152 255 0 255 0 255 255
    78 255 255 255 193 255 51 255 255 255 255 0 0 0 0 255 70 0 255 255
    255 255 255 0 255 31 255 126 130 255 255 0 0 4 0 255 255 255 0 255 0
    255 154 255 255 255 37 0 0 0 92 255 255 142 255 255 0 0 0 215 0 73
    255 255 255 0 0 255 22 255 0 255 255 255 0 0 255 221 255 255 255 255
    255 0 0 255 157 255 0 255 0 161 0 255 14 255 255 255 255 0 79 0 0 0
    152 0 252 0 255 0 0 0 0 0 6 255 55 255 0 183 0 255 17 198 0 255 255
    255 0 0 0 60 0 255 0 172 68 0 255 0 255 0 0 0 0 0 255 255 0 0 9 255
    255 255 93 0 255 255 255 255 255 0 255 0 255 0 255 255 255 0 0 0 0
    255 125 255 255 255 255 0 0 0 255 0 255 255 255 0 0 0 255 255 255
    255 186 0 255 109 34 0 255 0 255 0 255 0 165 0 0 54 0 255 255 26 196
    0 0 0 255 255 255 102 132 255 255 132 255 0 87 255 0 173 0 0 27 255
    255 255 255 255 255 75 0 0 255 70 255 115 255 255 0 0 255 138 255
    227 0 255 255 0 0 0 255 245 0 0 255 255 255 255 0 10 0 213 112 255 0
    255 0 255 0 0 255 206 0 255 0 0 255 255 255 100 0 205 0 255 255 255
    0 255 0 0 210 0 255 255 0 0 0 0 123 56 147 0 255 255 255 0 226 4 255
    0 255 255 0 0 255 255 139 255 255 212 0 255 255 45 0 255 255 0 0 0
    255 0 255 255 0 0 104 255 56 0 0 136 255 18 0 255 92 0 255 0 0 255
    148 255 0 255 255 0 149 0 234 255 100 0 0 0 255 0 0 255 255 0 0 255
    255 0 0 255 124 255 174 255 0 0 0 0 255 255 255 0 0 255 0 0 104 146
    255 255 255 0 0 92 0 0 227 29 224 255 95 255 213 255 0 0 255 191 131
    0 0 255 177 100 0 247 0 0 255 207 122 0 145 187 0 231 255 255 255
    255 0 190 0 255 255 9 255 0 0 255 255 255 0 255 0 255 0 255 21 0 0 0
    0 0 0 0 255 141 255 0 255 255 255 49 0 0 0 255 96 255 0 183 75 255 0
    0 0 255 255 255 0 255 0 255 0 0 0 255 255 255 131 0 255 0 0 255 255
    205 255 255 255 0 255 0 0 255 255 128 0 0 184 212 255 255 62 209 0
    255 217 187 255 255 0 0 0 255 0 255 233 0 0 255 255 255 255 0 0 255
    0 0 32 249 255 255 0 255 0 27 0 234 1 15 0 0 255 255 0 255 0 255 0
    185 255 255 255 0 0 255 64 255 0 0 255 0 178 76 255 0 234 0 255 0
    251 255 0 0 111 255 0 255 0 255 255 0 59 0 0 255 255 211 0 255 255
    255 0 255 0 150 0 194 255 255 255 0 0 0 255 255 0 255 130 251 0 0 0
    255 187 255 146 255 0 255 0 0 0 255 255 0 0 255 255 0 255 255 255 33
    255 0 255 38 11 223 255 255 183 244 255 255 255 0 255 0 255 0 0 214
    0 255 0 170 0 0 0 255 0 0 0 255 214 0 255 0 10 0 170 255 0 88 255
    255 255 0 255 255 169 207 0 0 255 0 255 0 255 9 255 0 255 255 0 0 0
    255 0 130 255 87 255 0 255 255 244 255 137 255 0 92 0 253 255 0 255
    157 159 82 0 0 0 73 255 228 90 0 73 255 36 0 106 0 255 255 184 255 0
    0 0 0 40 113 91 241 0 12 255 255 255 0 255 0 0 0 184 0 108 255 0 22
    0 255 0 255 42 157 255 255 0 0 237 255 0 0 0 0 0 0 255 255 233 0 255
    0 255 0 255 255 255 0 255 255 255 255 0 0 0 255 255 168 0 0 0 255
    255 38 0 0 0 255 0 0 255 100 255 162 255 255 0 255 0 0 0 5 0 255 255
    0 255 0 255 0 255 255 255 0 0 255 0 0 0 255 255 255 0 0 0 255 255 0
    191 107 255 0 211 0 255 0 255 0 255 118 55 0 255 255 183 248 0 255 0
    215 145 255 255 0 92 255 178 84 138 255 255 255 0 0 255 255 0 0 255
    255 0 255 0 255 0 117 0 0 255 255 226 255 6 0 0 255 255 0 0 255 21
    117 0 255 255 255 0 186 48 255 255 0 0 0 255 9 255 0 255 0 255 247
    102 255 180 255 0 91 148 227 255 0 255 0 20 0 255 0 255 0 85 227 255
    0 67 82 124 255 0 0 0 0 220 255 255 121 0 0 22 255 0 189 255 147 255
    0 0 0 255 255 255 43 33 0 68 0 99 0 0 255 255 69 243 255 0 0 8 0 255
    164 0 255 255 255 0 0 0 0 255 0 255 0 255 0 83 0 64 64 255 0 0 0 255
    255 255 0 0 195 255 0 0 255 0 255 0 255 50 255 0 0 0 255 255 120 0 0
    0 255 251 255 255 0 0 0 255 255 0 0 63 225 220 255 255 0 0 0 91 0
    255 255 0 0 214 255 0 0 255 0 0 0 0 0 188 255 255 86 0 0 255 255 255
    255 203 0 0 0 255 255 255 255 255 0 255 0 0 84 0 255 0 255 255 207 0
    0 0 156 0 255 255 0 255 211 0 0 150 0 255 44 255 0 255 0 255 0 11
    255 255 0 0 255 164 255 0 255 53 255 0 0 255 255 255 93 255 255 0
    255 0 255 0 255 255 102 255 255 255 0 0 255 0 0 0 255 255 0 255 255
    255 255 0 0 149 255 255 63 0 0 0 0 255 255 0 0 21 255 0 255 0 255
    158 255 255 0 255 0 255 255 255 255 0 255 0 255 0 255 203 255 255 0
    255 0 255 255 255 0 0 255 0 255 0 121 175 255 0 0 255 255 0 0 0 255
    181 255 0 255 255 0 0 105 189 0 0 255 255 0 255 0 255 255 0 0 0 141
    0 255 255 255 255 149 0 0 0 0 255 255 255 17 255 0 8 255 255 255 0 0
    255 255 255 173 0 113 255 255 0 255 0 216 76 255 0 162 0 0 0 255 0 0
    255 0 255 0 255 255 0 255 255 255 0 0 0 0 255 0 0 0 255 255 0 0 71 0
    23 0 255 255 255 255 0 38 0 0 255 0 0 255 0 255 255 0 67 133 255 0 0
    0 255 255 255 0 0 255 171 255 0 255 3 0 0 0 255 255 255 255 255 159
    219 255 0 228 0 255 255 0 0 255 255 255 0 255 0 0 0 182 217 255 0 0
    25 238 0 255 255 0 0 0 160 255 0 80 0 211 0 18 255 255 255 0 255 36
    0 255 255 255 255 0 255 255 255 255 255 255 0 0 0 0 0 88 255 202 0 0
    0 251 206 255 89 67 0 255 255 255 194 0 80 255 255 255 0 255 0 255 0
    255 255 255 0 0 0 0 0 255 255 255 0 255 255 255 0 255 0 255 0 2 0
    178 0 74 0 255 0 255 52 0 255 0 255 255 0 0 0 0 39 0 255 255 235 231
    93 255 0 255 255 208 0 210 0 0 164 255 255 255 255 255 255 0 255 0 2
    0 255 0 255 0 0 0 255 255 255 249 234 255 0 51 76 0 0 255 255 238
    255 255 255 255 0 0 255 51 0 0 255 255 0 255 0 0 255 159 255 0 255 0
    0 0 255 255 168 3 177 255 0 0 0 39 255 0 255 0 255 255 0 0 0 255 255
    255 0 0 0 222 0 255 140 255 255 0 255 255 0 255 255 0 0 255 0 0 0
    255 0 0 0 255 0 97 0 255 0 0 47 255 255 255 255 255 255 0 255 0 255
    0 0 45 0 0 0 255 255 255 0 255 0 0 255 255 255 255 255 255 0 0 0 139
    255 0 255 201 255 255 0 0 0 183 255 255 241 255 0 255 122 77 255 255
    23 0 187 0 255 53 255 0 0 255 255 255 255 0 189 0 255 0 255 248 0 0
    255 255 0 255 75 255 154 0 0 0 255 239 255 255 117 255 58 136 37 29
    255 0 255 0 255 72 58 255 255 0 0 60 255 0 0 0 255 255 255 255 255
    255 0 0 117 0 255 192 139 255 255 255 255 255 231 0 0 0 132 255 209
    0 0 255 255 255 255 174 0 36 255 0 255 0 85 121 255 0 255 255 34 0 0
    255 0 255 255 0 0 0 182 255 147 149 0 0 0 252 255 255 139 181 0 0 50
    255 255 0 0 255 195 255 255 0 81 27 0 171 35 255 33 0 0 0 255 255
    255 0 0 0 9 0 255 0 255 126 255 0 249 0 0 106 255 255 255 0 255 255
    255 0 0 255 255 255 237 255 39 255 0 0 255 255 48 255 255 255 0 118
    0 255 0 0 255 255 255 255 133 0 0 255 163 255 255 255 8 0 74 0 255
    255 150 214 0 255 255 255 0 255 0 255 0 0 0 255 0 255 255 255 255
    224 0 190 217 255 255 237 255 0 0 0 255 255 255 255 255 0 49 0 108
    54 255 0 255 0 255 255 255 255 0 255 190 243 0 0 255 55 0 255 255 71
    0 255 255 113 21 65 255 255 0 0 255 255 255 0 0 0 246 255 114 31 255
    251 109 255 0 20 0 0 255 0 0 255 202 255 0 255 0 238 0 0 0 0 255 255
    255 0 0 0 255 255 0 255 0 0 0 0 0 255 255 255 0 255 255 0 255 0 255
    106 255 0 0 0 0 0 255 0 0 255 0 0 255 102 255 255 0 164 168 255 0 0
    0 0 155 150 0 255 255 170 0 0 255 255 105 0 0 0 255 255 255 0 255 0
    0 0 255 255 0 0 197 0 255 0 201 0 255 255 255 0 0 0 255 129 255 255
    255 108 0 255 255 255 255 0 0 255 0 255 0 255 0 0 0 255 255 255 0 0
    0 0 0 255 255 0 0 255 0 72 168 255 255 255 97 0 0 255 230 88 255 0 0
    255 255 255 0 0 0 0 0 255 0 255 38 255 0 117 241 255 0 255 255 255 0
    255 0 0 0 255 0 0 255 73 0 0 151 255 255 0 0 255 20 0 255 0 255 255
    255 0 0 47 255 255 255 255 255 255 255 0 0 0 69 255 255 39 255 0 0 0
    255 0 255 255 255 255 0 0 0 18 255 255 204 0 255 0 0 0 0 255 255 0
    255 255 255 24 255 0 255 0 0 0 0 0 255 255 0 150 0 255 0 0 255 255
    255 0 255 0 255 0 255 204 255 0 0 0 0 0 255 255 173 0 0 255 255 0
    255 255 0 107 255 245 255 0 157 255 255 0 255 0 255 0 255 255 0 71 0
    255 0 0 255 0 255 255 0 0 255 255 0 87 0 255 113 255 0 0 0 255 255 0
    212 244 255 255 255 0 123 0 182 255 0 64 12 255 255 27 0 255 255 0
    255 0 255 97 0 0 255 255 255 0 0 0 0 255 255 255 0 0 53 150 255 0 0
    0 210 0 227 123 255 0 255 0 0 255 0 0 0 255 255 255 255 132 0 255
    100 255 0 0 0 255 255 106 255 0 0 74 255 255 255 255 255 0 0 0 66
    255 0 0 0 255 0 0 0 255 0 255 0 255 255 0 255 255 0 255 255 0 0 0
    255 255 0 177 230 0 0 0 0 255 255 0 0 152 255 0 0 255 255 0 255 0 34
    0 125 0 0 0 255 255 0 165 255 255 255 255 255 0 0 0 255 0 0 194 255
    255 0 255 0 255 64 255 230 25 0 0 242 0 255 255 0 255 255 255 29 255
    0 255 0 0 0 0 209 255 255 0 0 255 255 255 0 0 0 66 255 0 92 0 0 255
    0 0 116 0 255 255 147 242 120 255 0 0 255 255 0 0 0 255 255 73 255
    255 255 0 0 255 255 0 0 0 197 255 255 255 0 0 0 255 255 98 0 0 0 190
    255 255 0 0 255 255 0 0 85 227 255 255 100 209 255 255 255 0 0 0 255
    255 255 255 71 0 0 255 255 255 0 0 255 255 0 0 255 255 255 0 0 0 255
    255 97 88 255 0 0 0 80 19 0 255 117 148 255 255 0 255 4 0 0 0 82 109
    25 0 0 0 0 255 255 78 0 255 147 255 246 255 0 0 255 255 255 0 0 167
    255 85 255 255 255 0 255 0 0 255 255 255 0 0 255 128 255 255 255 0 0
    0 255 255 0 0 0 0 0 255 255 255 255 255 0 0 255 255 0 130 255 0 0 0
    211 0 255 255 53 194 255 0 81 0 0 255 0 0 0 255 0 42 0 255 255 0 255
    0 255 0 0 255 255 255 255 137 218 133 85 40 0 255 0 255 255 255 0 0
    0 13 255 0 255 0 0 0 255 255 255 255 0 0 0 255 0 0 0 255 255 70 0
    255 255 255 0 0 51 255 255 255 255 255 255 0 255 0 255 255 0 255 255
    102 0 0 255 255 255 0 0 0 255 255 59 0 120 255 0 255 0 255 255 255
    255 255 255 0 0 0 255 0 164 0 0 154 0 30 255 235 0 0 0 255 255 255 0
    0 0 100 0 0 255 255 0 0 0 0 0 255 255 108 0 255 255 255 255 170 0
    255 255 0 255 255 255 0 255 0 0 0 255 230 255 255 255 0 0 0 255 255
    151 35 236 255 0 255 255 0 255 153 255 0 0 0 255 255 255 162 0 255
    98 255 0 62 255 175 0 0 255 255 255 0 0 0 255 255 196 0 0 57 0 0 255
    255 0 0 171 255 255 255 255 0 255 0 255 255 0 0 0 75 59 255 6 0 255
    0 255 255 255 0 255 0 0 0 255 255 0 255 169 255 78 0 16 255 255 0 0
    77 255 29 255 0 255 145 255 0 0 0 0 4 255 0 255 0 0 0 255 255 255 0
    0 255 0 0 55 255 255 0 0 255 255 255 255 255 0 255 255 0 255 0 255 0
    0 0 65 255 0 0 255 0 255 0 0 255 207 255 255 0 255 0 255 210 255 238
    0 36 0 255 0 255 0 255 0 255 0 0 99 0 0 0 0 255 255 0 0 255 0 170 84
    255 155 255 0 255 213 0 189 125 0 123 0 0 0 184 0 255 0 0 219 255 0
    255 0 0 255 255 45 163 189 0 255 0 0 0 255 4 255 0 255 255 0 0 255 0
    255 0 255 59 0 0 255 255 0 167 0 255 255 255 0 255 0 255 0 0 0 0 23
    255 39 255 255 255 0 8 0 255 255 0 0 0 0 255 255 255 250 69 255 255
    0 255 0 255 254 0 255 255 255 0 0 70 19 255 2 200 0 255 0 255 255 0
    255 0 197 255 255 0 0 255 255 255 255 0 0 0 255 255 255 255 255 0 0
    4 246 255 255 0 0 0 138 167 168 0 255 0 255 255 79 255 255 0 0 127 0
    255 255 255 0 0 28 207 255 255 171 255 0 0 0 255 86 255 0 255 0 0 0
    255 0 0 119 255 0 0 0 255 0 255 255 255 143 0 255 217 161 0 255 255
    255 0 65 255 255 60 0 0 0 0 255 0 0 255 255 85 80 0 0 255 255 255 0
    0 255 255 255 0 255 0 255 0 142 255 163 0 255 255 128 92 255 255 255
    179 255 0 0 255 255 150 0 0 255 0 255 211 255 255 0 255 128 236 51
    255 0 255 0 255 212 255 255 0 0 4 255 0 0 0 161 0 79 255 255 255 0
    221 197 255 0 255 211 255 255 255 0 246 0 115 100 228 255 0 0 6 255
    255 37 0 0 0 0 255 255 0 0 0 255 42 255 0 255 0 169 0 152 255 255 0
    255 88 255 0 0 255 0 43 0 255 0 98 94 255 0 205 255 45 186 0 0 167
    255 255 0 243 0 255 255 255 0 255 255 0 255 0 56 0 255 255 0 0 61 5
    255 209 0 0 255 0 0 0 0 255 0 255 0 241 255 0 0 0 0 31 0 215 163 255
    0 89 255 255 158 0 0 0 220 137 255 0 0 54 0 0 255 255 0 255 53 255
    129 255 0 255 255 255 0 255 165 0 0 255 255 255 0 255 255 0 0 0 255
    255 255 255 0 0 255 0 255 36 255 99 255 109 0 200 255 0 244 225 0
    255 255 67 255 0 0 0 255 255 0 13 0 255 255 255 33 255 255 0 0 255
    255 255 255 0 255 0 255 0 0 255 255 0 0 0 255 255 255 0 255 255 255
    140 255 0 0 255 59 255 0 255 0 255 0 255 0 255 0 29 255 0 255 0 0 0
    0 255 0 0 0 26 255 255 0 255 151 255 0 0 0 255 0 0 0 255 255 0 255
    171 255 0 0 255 255 255 0 80 255 255 0 255 255 0 0 63 255 0 0 0 69 0
    0 63 0 255 119 0 8 255 0 0 255 255 255 0 118 100 255 223 0 58 255 0
    255 216 0 147 164 255 255 0 46 0 255 255 65 221 167 255 0 155 206 0
    0 0 255 255 255 0 89 35 0 0 0 0 255 0 0 0 255 91 23 255 109 0 0 255
    121 0 0 0 255 255 255 0 0 0 0 0 255 255 0 133 255 190 0 255 255 255
    0 0 97 255 0 255 255 0 0 255 255 0 255 47 0 255 255 136 139 0 0 0 78
    255 255 255 0 0 0 255 255 199 255 255 255 201 0 0 33 255 0 0 255 255
    255 0 0 0 255 255 0 255 255 0 255 0 133 0 255 255 124 0 0 255 0 150
    153 0 0 113 211 255 0 251 15 255 255 227 0 255 255 255 0 0 45 135
    255 0 255 0 255 255 255 255 0 255 192 0 0 255 255 255 255 0 255 153
    0 21 223 0 0 0 255 0 255 255 255 255 0 255 255 0 255 0 255 255 1 0
    255 255 255 0 79 255 255 0 122 232 255 255 255 0 0 0 17 255 0 0 0 0
    212 255 0 0 255 255 0 0 255 255 255 0 0 255 255 255 0 0 0 0 150 255
    212 0 0 255 153 172 255 0 41 0 255 0 255 100 255 0 0 0 0 0 0 0 0 255
    208 0 0 0 255 0 255 255 255 255 174 255 0 255 255 255 0 0 255 0 4
    255 94 0 255 35 255 0 0 0 255 184 255 0 233 0 114 206 0 0 0 255 255
    255 0 0 0 255 0 0 255 255 255 255 255 201 0 32 255 0 255 54 34 0 7
    255 101 255 0 0 147 255 255 94 180 255 255 255 0 0 0 92 255 255 255
    0 0 46 255 49 0 255 255 255 81 255 0 0 255 255 193 255 0 0 0 10 255
    255 0 55 0 255 0 255 0 0 0 213 0 255 117 163 255 255 0 0 255 0 0 255
    255 255 255 0 0 0 255 255 0 0 0 255 0 255 0 255 48 0 0 255 51 0 0
    255 0 191 255 0 0 255 255 0 224 0 0 217 0 255 36 0 126 80 255 255 0
    255 0 255 0 0 0 24 255 153 0 0 169 255 255 255 255 0 255 0 0 255 255
    112 255 84 210 0 255 255 255 0 0 0 0 36 255 0 255 0 255 232 255 255
    255 0 118 0 255 188 255 255 255 255 0 0 0 0 184 255 152 255 42 255 0
    255 255 255 0 0 0 255 255 255 255 255 0 0 255 0 238 0 255 0 255 0
    180 255 255 109 177 68 255 72 255 216 112 0 18 255 0 0 0 255 3 255 0
    0 0 0 255 255 255 255 255 55 0 255 0 255 255 161 255 0 140 255 0 52
    255 255 0 0 255 0 0 0 0 255 255 255 255 0 255 255 60 118 0 52 255 93
    255 0 0 0 255 255 0 255 164 0 0 255 108 96 255 74 0 0 255 0 255 255
    199 255 255 252 0 0 184 214 255 0 255 45 255 18 255 255 0 0 0 255
    255 0 0 44 255 255 255 181 0 0 0 255 153 24 255 0 0 0 149 255 0 255
    61 234 0 133 241 255 0 179 0 0 255 0 255 0 255 18 255 0 0 0 8 0 255
    0 255 0 0 0 177 255 0 234 255 153 0 0 190 255 255 255 0 0 255 255 0
    0 255 255 136 0 16 200 255 0 255 71 130 255 0 255 255 0 0 255 0 0 0
    255 255 255 226 161 255 0 115 0 255 0 255 26 0 0 0 12 255 0 255 255
    0 0 0 0 0 0 179 255 255 0 149 0 255 0 255 255 255 0 0 0 255 255 0
    255 0 255 255 72 170 0 0 0 255 255 143 0 0 255 0 0 0 210 0 255 255
    255 0 0 62 255 255 105 0 0 255 255 255 0 255 255 255 0 0 0 255 255
    255 199 255 1 0 190 255 255 255 255 20 255 0 0 0 97 255 0 184 0 255
    0 255 0 0 0 0 0 0 0 255 255 0 0 255 255 255 15 0 183 0 255 0 255 0 0
    0 0 255 255 0 0 255 108 0 0 0 255 0 122 0 255 0 255 0 255 0 255 0 0
    255 255 0 0 0 0 37 133 56 25 255 255 255 255 0 0 0 237 255 255 255
    227 66 0 78 255 0 255 0 255 255 255 225 0 255 120 152 0 170 0 0 255
    0 255 0 255 255 255 255 0 0 0 255 255 0 0 0 255 255 255 0 0 0 255 0
    255 255 196 0 255 255 255 0 61 0 255 145 0 0 108 0 207 40 255 255 0
    0 255 0 0 0 255 255 255 0 255 255 255 0 0 15 255 255 0 255 255 0 255
    255 255 0 0 255 255 0 0 94 105 0 121 255 255 255 13 0 215 120 255
    255 0 255 0 0 0 255 255 255 255 0 0 0 0 255 255 63 0 0 0 255 255 255
    255 255 0 0 251 0 255 0 0 0 208 0 0 255 255 0 255 0 187 0 255 0 0 0
    255 255 255 0 0 0 82 255 255 96 187 166 255 156 255 255 118 255 0 0
    255 0 213 0 219 255 0 0 0 255 255 0 22 0 255 0 238 255 255 0 0 0 0
    62 255 255 110 0 0 92 255 255 0 0 255 41 0 0 0 255 255 255 255 0 219
    0 255 0 255 0 255 255 0 0 0 0 177 59 255 0 255 255 78 125 255 255 0
    0 72 255 0 40 255 255 0 255 255 255 116 255 11 0 0 0 208 0 0 181 0
    144 0 0 223 255 255 255 255 0 0 0 255 255 0 0 0 255 0 255 229 255 0
    229 99 255 66 0 120 0 255 177 0 136 255 255 255 255 0 255 134 219 0
    0 0 255 255 193 0 0 0 169 255 233 255 138 255 255 255 0 63 0 255 0
    255 0 255 0 255 255 255 0 0 255 205 255 0 0 0 29 0 255 255 0 125 0
    255 0 0 0 255 0 0 0 0 0 255 255 0 0 0 255 255 255 0 0 0 255 255 158
    0 98 0 0 240 0 255 255 167 231 0 0 255 255 255 0 0 0 0 157 255 140 0
    110 255 207 0 0 0 0 69 0 255 0 255 0 255 255 255 0 0 255 0 0 0 255
    255 255 0 0 0 0 255 228 5 0 255 0 142 0 95 0 0 188 255 244 0 146 54
    120 118 255 255 198 0 0 255 255 255 0 61 0 190 255 255 72 0 255 255
    69 0 0 0 255 148 255 0 255 0 255 0 255 255 154 0 29 0 0 10 227 255 0
    109 205 255 255 238 0 255 0 0 255 255 156 0 255 255 255 0 173 255
    255 255 255 125 0 0 0 255 48 255 255 0 0 254 0 41 137 255 255 0 0 32
    255 255 109 0 0 0 255 255 0 255 0 255 252 0 0 0 0 255 255 255 255
    255 0 255 167 255 0 0 255 0 191 0 255 255 0 0 255 255 255 255 0 0 87
    0 0 98 255 0 255 255 0 0 0 255 255 104 0 0 137 255 207 0 161 255 0
    109 255 255 255 0 0 0 0 255 255 255 0 0 255 0 94 255 255 255 0 255
    255 255 255 255 242 152 255 74 255 0 214 255 255 0 197 255 2 255 255
    43 0 0 255 121 255 0 255 255 0 255 89 255 0 128 0 124 255 255 0 255
    255 255 255 0 255 0 0 0 0 255 255 0 0 255 149 255 0 255 0 255 197
    255 255 255 0 0 0 72 216 88 255 0 255 140 0 0 0 0 255 0 0 198 71 31
    0 0 248 255 0 251 82 255 255 225 132 255 255 0 161 255 255 255 255 0
    0 0 255 0 255 0 255 255 210 0 0 0 255 255 0 0 96 255 255 0 196 255
    255 255 236 255 17 113 112 60 255 94 0 0 255 255 0 0 255 255 255 255
    0 39 97 255 255 255 120 0 0 0 0 0 255 255 237 0 0 255 0 255 167 0
    255 0 0 0 124 255 255 255 255 0 255 0 255 0 0 255 0 255 255 157 7 0
    255 255 255 0 184 0 255 0 114 0 0 255 255 0 255 181 0 0 0 220 255 0
    161 255 255 0 199 0 255 0 156 150 0 255 255 255 255 255 0 0 255 255
    255 0 255 0 0 0 211 151 255 0 255 247 255 12 221 101 0 206 255 255 0
    180 124 255 0 255 0 255 188 2 0 0 255 0 255 255 255 0 0 41 0 0 255
    255 0 0 255 142 255 255 0 0 255 255 255 50 0 0 255 255 255 0 255 255
    255 0 65 17 255 253 255 255 255 255 0 0 0 11 0 179 0 255 0 150 255
    255 255 255 0 0 0 255 255 0 0 0 1 255 255 0 255 214 0 0 0 255 255 0
    0 0 255 40 255 0 255 64 255 0 255 0 255 255 255 0 0 255 0 255 215
    149 255 255 255 0 0 255 255 255 0 255 255 255 255 0 255 0 0 8 146 0
    0 255 36 255 35 0 255 204 217 162 255 0 255 0 1 0 255 255 255 0 32
    85 255 255 255 0 0 0 255 53 0 0 255 255 178 15 168 255 255 255 255 0
    0 255 76 0 0 255 255 236 0 0 0 255 0 0 0 255 255 255 155 255 0 0 255
    120 0 255 0 87 0 11 255 0 113 0 255 0 0 0 0 255 0 0 255 255 255 255
    255 255 0 0 255 255 255 0 0 0 255 255 102 0 255 255 56 0 0 255 255
    255 0 255 0 0 255 255 88 202 0 0 255 0 255 0 0 255 255 255 255 0 0
    255 255 0 0 0 0 255 255 105 0 255 0 255 0 255 0 255 0 0 217 0 255 0
    0 255 255 254 0 0 252 44 233 255 0 255 148 255 0 0 0 0 0 255 255 255
    0 0 255 255 0 0 193 10 0 255 53 0 0 136 0 0 0 0 0 255 255 255 0 155
    255 0 255 0 255 255 255 0 109 33 0 0 245 0 95 255 156 255 0 0 0 166
    66 255 85 0 255 255 255 255 0 0 255 255 255 255 0 255 255 255 0 0
    255 255 0 0 0 0 255 255 255 200 255 245 255 0 0 0 255 255 0 0 255 38
    255 0 0 255 255 255 255 0 255 0 0 255 255 0 0 0 12 255 255 255 0 0
    255 0 46 255 255 0 155 255 0 255 0 0 0 73 95 0 255 255 255 151 0 0
    233 0 0 142 255 255 223 0 0 255 255 255 0 255 0 255 0 255 255 255 0
    0 255 255 255 255 255 0 0 0 255 0 0 255 171 255 0 255 255 255 0 0 89
    255 0 0 0 0 0 255 255 0 0 0 255 0 255 255 0 212 0 255 255 255 195 0
    0 10 0 161 0 255 120 255 0 0 0 0 0 255 53 255 0 176 133 157 0 0 255
    255 0 0 0 0 255 0 0 255 11 0 0 255 0 0 0 255 0 0 255 255 199 0 251
    178 255 64 238 0 255 0 0 255 187 255 0 255 0 0 0 255 49 255 182 255
    90 0 0 0 0 255 39 212 20 255 255 255 0 91 255 255 0 210 255 255 136
    255 255 255 0 0 0 255 255 255 0 0 255 0 255 116 7 204 0 255 0 240
    255 255 255 255 0 255 0 230 0 255 0 33 42 0 71 255 255 255 255 255
    255 0 88 0 255 176 0 0 0 255 231 0 207 255 255 255 0 0 0 255 255 0
    255 13 153 0 0 0 255 0 175 255 255 255 0 0 247 255 255 255 0 183 0
    255 63 255 255 0 206 255 0 255 0 26 255 0 0 251 191 0 0 247 84 255
    255 0 255 0 255 203 0 255 0 0 0 227 0 177 255 0 255 0 255 0 0 255 0
    255 113 255 255 255 0 255 0 110 255 192 0 243 0 255 12 255 255 0 255
    42 125 0 255 0 0 0 0 255 0 255 255 0 0 107 255 255 255 0 255 0 0 255
    0 0 14 255 255 0 139 0 255 40 255 0 255 170 255 40 0 0 0 255 137 255
    202 59 85 222 0 255 255 123 0 71 0 255 23 255 255 0 159 255 255 255
    0 0 0 85 0 0 218 255 9 81 255 0 0 0 255 0 0 198 0 255 255 0 0 0 255
    255 80 0 0 255 255 195 0 255 255 255 0 0 255 255 255 255 255 0 0 48
    0 255 0 255 159 255 0 108 255 255 0 0 0 0 13 153 255 255 0 0 199 255
    0 0 255 0 255 0 0 0 255 0 212 0 255 171 0 255 0 255 0 255 0 0 255
    113 255 0 0 0 255 255 0 165 100 0 5 0 255 255 255 0 121 0 0 255 99 0
    255 0 255 0 255 0 255 20 0 0 0 0 176 255 255 255 186 0 130 255 142 0
    0 0 0 0 255 0 255 0 255 0 255 255 255 42 255 0 255 0 255 0 255 0 0 0
    255 255 255 0 81 0 0 255 89 255 255 0 243 255 255 255 0 116 0 101 83
    0 255 41 0 255 0 255 159 255 255 0 255 255 0 0 11 255 255 111 0 0
    255 255 255 78 10 255 0 0 0 255 0 144 0 255 255 255 0 0 255 255 255
    0 0 255 0 0 0 255 255 255 255 0 0 0 0 0 255 0 255 255 255 255 0 255
    0 255 255 126 122 255 255 255 0 0 255 255 0 30 255 255 56 255 15 0
    105 255 255 184 0 0 255 0 0 0 255 215 0 255 255 255 0 37 25 255 0 0
    55 255 255 255 0 0 64 255 255 52 255 198 0 117 255 255 0 255 55 255
    0 0 0 229 0 0 255 0 0 255 255 255 56 0 0 98 255 0 255 0 255 0 0 0
    255 84 83 0 255 255 0 46 0 255 255 255 0 0 0 241 255 50 127 0 0 255
    0 181 0 0 0 0 181 0 255 255 0 0 145 255 255 0 0 255 255 255 255 0
    255 0 255 0 0 0 47 255 255 0 0 210 255 255 44 255 107 255 0 255 32 0
    0 0 255 0 255 255 180 0 255 255 255 0 188 0 67 0 255 255 255 0 0 0 0
    255 0 75 0 0 239 255 0 6 0 255 142 236 255 0 255 146 255 0 255 0 242
    0 255 255 99 0 0 155 255 255 255 119 0 255 0 0 255 0 177 255 0 77
    237 255 255 175 255 157 255 82 255 0 0 255 255 255 0 0 255 255 0 0
    14 223 255 0 255 255 36 0 0 255 255 255 0 0 0 255 255 0 113 255 255
    48 168 0 0 0 0 255 255 0 0 255 163 0 255 255 0 0 0 0 255 255 255 255
    0 255 255 0 0 255 255 255 28 255 255 0 0 0 130 8 0 213 255 12 0 0 6
    0 0 40 85 255 255 0 255 255 0 0 0 0 255 4 255 255 0 0 255 255 0 77
    255 146 0 0 255 255 41 214 0 255 255 0 222 185 255 0 129 255 0 59 0
    81 255 0 0 255 255 255 255 0 21 0 188 255 255 255 255 0 0 255 0 0 0
    255 255 0 131 255 0 255 142 20 255 0 0 0 201 0 255 176 255 226 177
    108 0 255 0 0 0 255 0 0 255 255 255 255 255 255 97 105 0 255 159 255
    0 0 198 0 0 53 255 255 0 0 0 255 0 255 141 255 0 255 0 0 0 255 255 0
    0 255 255 255 0 0 0 0 255 0 255 255 255 0 0 214 255 255 231 0 202 0
    0 0 255 0 255 0 255 255 56 0 0 253 0 187 142 255 0 255 0 255 0 0 0
    171 0 0 0 255 0 255 156 0 0 0 0 255 0 255 0 255 255 198 208 0 255 0
    219 30 119 54 255 40 0 255 24 0 52 0 0 0 255 0 0 0 0 255 255 255 0
    147 0 255 255 255 128 0 255 0 255 255 255 0 139 0 255 255 0 255 255
    255 0 0 255 255 0 255 0 30 106 91 0 47 255 255 0 0 0 255 255 255 255
    0 0 255 255 255 255 0 0 255 255 0 97 192 22 29 255 0 217 0 255 0 0
    179 0 27 174 0 255 255 207 255 255 255 0 46 0 86 255 0 76 255 26 255
    0 255 255 255 87 0 255 0 255 255 255 205 0 95 0 0 0 255 0 255 255
    255 0 99 0 97 0 215 255 255 0 0 0 255 255 255 73 255 0 0 255 0 255 8
    255 0 0 81 255 255 0 255 0 255 0 255 0 255 56 0 59 255 0 255 0 255
    255 0 255 255 255 0 0 0 255 255 129 0 175 0 255 255 0 255 0 0 0 5
    255 0 255 255 255 170 255 0 0 255 0 255 0 0 0 0 0 0 0 0 255 255 255
    0 0 154 0 255 0 86 117 237 0 255 0 190 0 0 255 255 255 255 0 0 37
    255 0 255 0 255 255 0 0 255 255 52 255 0 255 56 255 255 0 0 0 148
    255 255 13 0 0 255 255 0 255 0 255 167 0 136 255 255 0 36 255 255
    132 174 0 206 159 0 255 255 255 0 167 10 0 0 0 30 255 255 255 0 255
    0 0 255 122 0 0 255 255 55 0 255 255 0 0 255 255 255 0 109 0 255 255
    0 200 0 255 255 255 255 0 255 255 255 0 0 0 255 255 255 0 0 0 0 0 0
    255 255 43 0 255 255 255 0 0 255 255 169 0 0 255 0 179 0 0 179 255
    255 255 0 255 0 255 255 255 0 255 255 255 0 35 0 186 0 255 255 255
    29 255 255 0 0 0 255 255 255 255 181 255 0 255 130 255 0 0 0 255 0 8
    0 255 0 255 0 0 0 115 255 0 112 255 255 0 255 0 107 0 34 0 0 192 180
    255 0 255 255 0 0 255 255 42 255 0 255 255 23 255 0 255 0 255 62 0 0
    255 255 113 156 255 255 255 255 255 255 0 255 0 0 255 255 255 0 255
    0 255 255 179 0 0 0 0 0 232 0 255 86 255 0 0 0 0 54 137 81 255 68 95
    185 255 255 0 0 0 255 210 255 70 157 0 255 0 0 255 0 255 255 94 50
    175 0 255 0 255 167 197 255 0 255 0 255 255 255 255 57 0 255 255 255
    0 0 255 255 255 0 231 0 255 0 147 0 255 246 255 255 255 89 0 59 255
    0 0 255 255 255 0 255 0 255 0 0 0 0 255 255 0 158 189 255 255 255 0
    223 0 142 0 255 0 210 255 255 0 189 255 0 255 0 255 82 255 255 0 255
    0 0 0 255 255 255 0 0 255 146 0 255 255 0 0 0 0 255 0 255 146 255 0
    228 255 255 255 255 233 255 0 0 255 255 255 255 255 0 0 83 24 255
    255 0 255 0 255 255 255 0 0 109 255 170 0 255 0 0 0 255 0 68 255 255
    177 0 0 157 250 255 255 255 255 0 255 0 0 0 255 0 0 255 255 0 0 225
    0 255 255 0 0 0 255 255 255 18 0 0 0 197 0 255 0 255 241 255 114 0
    255 0 168 0 206 0 0 255 255 255 255 255 0 0 0 255 255 255 66 77 255
    255 87 0 0 12 187 52 255 255 237 255 161 125 255 255 255 0 255 173 0
    151 255 41 255 0 255 0 255 18 197 255 255 255 0 255 0 0 164 255 0
    255 255 255 0 168 0 255 255 255 159 255 0 255 108 255 110 255 0 0 0
    0 236 0 255 224 255 255 255 0 255 255 0 255 0 255 255 0 145 0 255
    255 0 197 0 0 255 254 0 0 0 219 0 156 0 255 255 234 255 221 53 111
    255 0 0 0 255 255 255 0 0 0 194 255 0 0 0 255 0 0 0 255 255 255 255
    0 0 0 255 0 245 0 0 0 255 255 0 0 255 255 255 255 255 0 0 0 0 0 0
    207 0 93 0 64 0 255 255 232 0 255 0 255 255 84 0 255 28 0 255 255
    255 0 255 36 255 0 0 0 0 255 0 0 0 255 118 255 0 0 128 255 0 73 0 0
    255 255 255 255 0 0 255 96 0 255 0 0 255 255 255 0 0 255 255 0 0 255
    38 255 0 255 255 255 0 0 255 255 255 0 255 0 255 255 0 254 0 0 192
    100 0 255 255 255 0 0 0 255 255 109 166 0 189 255 235 0 0 0 255 15 0
    0 255 255 0 255 0 255 0 255 255 255 0 0 236 255 124 177 0 0 255 187
    0 167 0 255 0 70 202 255 0 48 134 0 0 255 255 0 0 255 255 213 60 0
    128 0 142 255 255 69 255 0 121 0 255 234 0 0 0 255 239 0 255 48 255
    137 202 0 255 255 255 255 255 0 255 0 0 255 0 225 0 255 67 0 0 0 0 0
    0 255 255 146 150 0 255 0 144 0 255 0 255 0 0 255 139 107 0 255 255
    255 255 0 255 0 255 0 255 0 0 139 209 212 0 130 255 147 255 0 0 255
    0 255 255 143 0 0 113 255 255 255 0 255 0 155 113 255 255 73 0 0 0
    255 255 150 0 0 0 0 0 255 255 255 255 255 0 12 0 0 0 255 255 0 255 0
    0 190 0 220 0 0 0 255 255 0 255 255 255 0 255 136 255 255 0 113 0
    255 0 0 242 126 121 255 0 255 0 232 255 177 255 255 255 0 0 255 255
    121 0 0 0 114 255 255 0 0 0 255 0 255 192 255 104 0 255 255 94 0 243
    0 0 0 255 22 255 0 255 255 0 255 0 32 0 0 0 255 34 0 255 0 255 236
    255 255 0 255 0 255 0 255 255 255 255 0 0 21 255 255 255 0 0 0 0 255
    255 87 0 0 255 0 255 0 255 255 0 252 0 0 255 58 0 255 0 255 0 177 0
    0 0 255 0 255 255 0 255 0 255 0 255 0 255 81 0 82 0 255 255 0 0 0
    255 255 157 0 0 0 0 0 26 0 0 255 255 235 0 0 0 0 255 0 240 0 255 255
    255 255 0 0 255 255 255 0 0 233 255 36 0 0 0 170 255 0 55 67 255 0
    214 202 0 255 0 255 248 255 0 255 102 0 0 0 255 247 154 255 0 0 0
    255 0 0 0 0 0 255 0 99 255 145 0 118 255 0 0 84 255 0 0 0 0 221 16
    255 0 132 0 118 124 202 255 27 255 0 255 33 148 255 255 255 0 0 0
    255 255 0 255 255 0 0 255 255 0 255 255 255 43 255 88 0 0 0 255 255
    255 0 0 0 0 0 255 0 255 0 137 255 133 255 0 0 197 183 255 198 255 0
    0 0 255 255 153 64 255 129 255 255 255 255 0 250 0 255 121 255 0 176
    0 255 255 59 252 0 18 255 255 255 0 0 0 0 255 156 255 255 255 165 0
    0 0 0 225 0 255 128 0 91 0 255 255 255 255 0 0 0 255 0 255 0 255 0
    255 194 255 0 208 0 219 10 255 0 189 0 0 0 0 0 0 255 255 255 0 0 0
    122 176 0 255 21 0 0 129 111 0 44 0 255 0 255 0 255 0 255 255 0 172
    0 255 16 255 255 0 12 0 0 140 159 0 255 255 255 57 0 199 0 255 0 0
    135 255 206 255 255 0 0 0 255 255 0 0 255 255 255 255 255 0 0 0 255
    0 0 0 255 227 116 255 0 0 255 255 25 255 255 0 0 0 255 255 255 255
    255 246 255 0 192 0 255 255 0 48 255 255 255 0 0 255 255 54 0 255 0
    255 0 255 255 255 0 255 0 255 255 255 255 0 255 0 255 0 255 0 255 23
    255 0 50 0 17 255 255 115 167 255 0 255 255 255 0 255 144 255 0 0 0
    0 191 0 0 255 67 255 0 0 0 106 255 0 255 46 105 0 0 0 0 0 255 255
    255 255 0 0 255 0 255 50 255 255 0 44 47 255 255 7 0 0 85 0 0 255
    255 255 254 0 255 153 255 255 255 0 0 255 28 0 0 255 0 255 255 236 0
    0 0 255 255 0 0 201 0 255 0 0 255 255 0 255 212 0 0 255 255 0 255 0
    96 0 0 0 255 255 83 0 40 0 255 0 0 0 255 35 255 255 0 133 0 255 61 0
    0 0 255 0 255 0 255 168 0 0 238 255 255 255 0 0 0 255 255 255 255 39
    255 255 0 0 35 255 255 0 53 0 255 255 255 0 255 0 255 255 0 1 0 50
    255 255 0 255 0 255 255 0 13 0 255 199 3 0 0 255 0 0 0 255 255 0 255
    255 255 0 0 130 212 255 45 0 0 111 255 33 11 255 255 255 255 130 255
    232 0 0 0 0 255 255 255 0 0 0 255 0 0 222 254 255 255 255 0 0 0 255
    19 206 255 255 255 255 0 255 255 0 238 0 0 227 255 255 0 255 0 255 0
    255 0 255 0 0 0 175 255 255 0 52 255 58 255 0 0 0 255 255 255 0 0 0
    255 255 255 44 0 0 0 0 30 255 81 255 0 255 227 0 255 0 255 77 255
    223 255 0 126 0 0 0 255 255 110 0 0 255 255 255 0 211 0 0 255 255
    255 255 0 204 0 255 255 255 0 0 0 175 0 0 0 255 255 128 255 0 0 255
    0 176 255 255 0 0 255 215 255 0 0 255 0 255 198 255 255 255 193 255
    223 0 255 255 255 41 255 0 0 0 211 0 11 0 255 130 255 7 255 255 255
    0 0 0 255 0 204 0 0 255 0 255 255 145 255 0 255 255 0 255 145 255 35
    255 132 164 0 255 255 255 0 245 0 255 255 0 0 70 255 0 0 255 255 255
    0 255 255 255 230 0 0 255 199 0 0 255 0 251 255 255 0 0 0 255 0 255
    255 255 0 23 255 255 255 0 0 255 0 255 255 255 11 255 255 0 255 255
    255 7 255 255 255 0 0 255 245 255 80 138 0 255 183 0 0 0 37 255 0 0
    47 0 255 255 167 255 0 0 255 147 255 0 70 255 172 29 0 0 255 255 255
    0 156 255 0 255 255 0 0 0 0 0 255 255 255 255 255 255 211 0 28 255 0
    0 0 255 218 50 109 0 255 255 85 255 0 255 0 0 0 122 0 0 121 255 255
    255 0 0 0 0 255 171 96 255 255 255 255 0 255 0 255 0 224 0 177 255
    255 0 255 37 0 0 255 111 255 244 255 0 191 0 0 255 0 255 0 0 0 255
    49 0 0 0 255 0 0 0 255 255 255 0 255 208 14 114 255 255 0 0 216 255
    255 0 254 255 0 231 0 255 0 255 0 255 0 0 255 0 233 0 255 255 255
    255 11 0 0 255 62 255 0 0 255 255 0 255 0 255 167 12 255 0 0 0 255
    255 255 0 8 0 0 0 242 255 0 255 0 255 255 121 0 0 0 0 0 255 0 0 0
    255 0 255 255 255 255 3 41 0 255 150 255 255 0 255 134 255 0 255 0 0
    0 0 255 146 0 0 0 0 255 255 239 0 82 0 0 255 255 0 138 52 255 0 0 0
    0 255 70 0 0 242 255 131 0 255 255 0 0 255 0 255 26 216 0 255 255 0
    0 0 0 255 0 0 0 255 160 0 0 255 85 255 0 255 0 5 175 0 0 0 255 255
    101 255 0 255 255 0 0 50 0 255 0 0 0 255 215 255 143 255 255 143 255
    0 180 0 156 0 255 255 255 0 0 255 0 0 0 255 234 120 88 0 255 0 255
    255 36 0 255 0 167 255 255 76 255 0 0 0 177 255 255 255 240 0 0 79
    255 229 0 0 255 255 255 249 255 35 65 176 0 49 0 4 255 0 255 255 68
    0 50 255 0 0 255 255 255 251 0 255 255 255 255 0 0 0 0 255 255 229 0
    0 255 255 255 0 218 70 255 255 255 255 0 0 255 255 255 0 0 255 0 255
    255 255 84 0 255 0 255 255 0 0 255 255 255 0 255 255 255 0 0 0 255
    255 0 255 255 63 255 255 0 255 0 173 0 0 0 65 255 255 255 255 0 0 27
    72 165 180 98 255 0 79 255 255 0 0 77 255 255 0 0 255 0 255 0 255 0
    255 255 0 255 0 21 255 255 0 255 0 255 0 25 255 255 0 255 0 255 0
    255 187 255 0 0 0 0 0 255 255 255 255 0 0 0 0 255 0 255 255 255 174
    0 169 0 0 0 255 127 255 77 255 0 48 93 0 255 0 0 0 0 82 255 0 0 0
    255 255 255 255 255 255 255 0 0 114 0 255 0 255 0 255 0 255 0 255 0
    255 0 255 255 6 0 0 255 0 223 255 0 255 0 255 0 255 0 255 255 255 66
    102 95 0 124 0 247 0 255 0 0 0 0 0 255 255 255 255 0 255 0 0 255 255
    13 255 255 255 255 255 255 0 255 33 255 0 111 0 0 215 255 0 255 0 0
    0 255 0 116 0 255 255 109 0 126 0 114 255 254 255 0 178 255 255 255
    255 5 0 166 0 0 255 3 255 0 0 0 53 255 255 255 0 0 84 0 0 0 0 255
    249 0 255 0 0 0 27 255 255 0 0 255 255 255 34 0 255 0 255 0 255 0 92
    9 0 255 255 255 0 0 0 160 0 255 255 255 255 0 0 0 0 255 255 0 241
    255 0 0 255 0 255 177 0 0 0 255 255 255 0 0 0 255 0 255 255 0 0 0
    201 0 255 0 14 21 208 0 0 255 255 255 0 23 255 255 0 0 0 255 255 0
    255 152 255 235 0 255 255 0 0 0 0 212 51 0 255 0 255 0 0 119 255 87
    0 34 96 50 0 255 26 255 0 255 22 0 61 0 0 0 153 100 0 0 255 0 255
    255 255 0 187 240 33 10 255 0 255 255 255 255 0 255 0 255 255 0 0
    255 255 255 25 94 61 0 0 214 255 248 0 129 255 0 0 255 255 255 0 255
    255 0 0 18 255 255 255 0 0 0 255 0 255 255 255 255 255 33 0 255 0
    255 0 0 255 0 255 255 0 0 0 255 255 15 44 0 255 0 255 84 255 0 0 255
    19 0 0 255 255 255 0 255 0 37 0 0 255 0 0 171 255 255 0 0 87 0 55
    182 0 255 255 255 255 0 0 255 209 255 170 0 255 0 115 0 255 116 0
    141 255 255 206 255 71 0 54 141 0 255 255 255 15 0 200 0 255 255 213
    0 255 0 255 255 0 0 0 0 222 0 255 0 0 0 255 255 0 0 0 163 255 0 255
    0 255 0 160 0 255 79 255 0 77 0 0 122 255 255 0 255 134 255 254 0
    255 0 0 255 0 255 255 255 0 0 255 255 255 0 179 255 0 126 214 255 50
    68 0 255 205 29 255 135 255 255 255 255 213 0 255 107 255 255 255
    255 56 0 104 255 255 202 255 0 0 158 94 169 0 0 0 255 47 255 170 255
    255 255 0 255 83 255 0 0 165 214 255 0 156 255 0 228 0 0 0 255 0 88
    255 0 255 35 0 0 255 255 255 255 0 255 255 0 255 0 166 0 21 0 255
    255 73 65 0 0 0 0 255 255 0 0 255 255 255 0 250 160 0 255 255 255 29
    0 255 0 255 0 255 0 165 0 255 193 1 255 255 145 0 0 143 0 0 0 0 255
    255 255 255 179 0 184 255 255 255 0 48 0 255 0 160 193 5 0 255 0 255
    0 0 0 255 76 32 255 255 0 170 0 255 0 7 149 0 255 0 255 255 255 255
    0 0 201 0 255 255 0 0 0 0 0 255 0 255 0 255 255 255 255 0 0 0 255 0
    255 0 255 255 209 88 216 144 0 0 185 32 193 0 255 41 165 132 188 255
    255 0 255 236 255 255 236 113 0 255 0 0 255 255 0 0 0 0 0 0 255 254
    46 0 179 177 0 0 0 198 255 141 255 0 255 0 56 0 66 255 0 255 17 255
    0 255 0 0 255 0 255 100 18 0 0 194 175 255 146 63 28 255 159 255 73
    25 0 255 0 255 14 0 255 143 0 0 0 237 0 162 0 255 255 255 0 255 0 0
    255 0 255 0 177 0 247 0 255 255 0 0 255 255 0 218 0 0 255 149 159
    255 255 0 255 0 255 0 255 0 255 0 255 255 0 0 114 218 136 88 255 255
    0 0 0 249 255 0 255 146 0 0 12 0 0 0 0 0 0 69 255 0 184 0 255 255
    104 255 0 255 0 255 0 243 68 0 255 0 0 0 0 255 255 255 0 0 255 255 0
    65 0 219 0 255 255 245 0 255 0 255 0 162 240 255 255 255 0 0 0 243
    255 255 255 0 255 0 0 0 255 255 255 255 255 0 0 93 167 255 80 66 0 0
    119 0 144 0 255 0 89 255 255 255 0 71 0 255 0 0 255 0 76 0 105 92
    255 0 0 0 0 255 0 0 0 255 255 0 255 0 41 151 255 0 0 255 255 255 0 0
    0 255 255 255 255 255 108 0 0 255 0 118 0 255 0 0 0 255 91 0 0 0 0
    255 170 255 0 255 0 255 149 193 0 255 0 211 179 255 255 255 0 255 0
    0 255 255 191 255 38 255 0 255 0 198 255 255 0 0 79 255 255 0 255
    255 255 0 210 49 0 255 255 255 235 255 0 255 0 209 204 246 255 0 255
    98 204 0 255 0 255 228 255 0 255 39 118 255 0 255 255 255 255 84 0
    255 0 255 14 0 255 255 235 255 0 142 0 255 0 0 0 255 0 255 190 255
    255 0 255 0 0 255 255 0 255 255 255 0 8 0 41 0 0 0 0 155 255 204 255
    0 0 255 255 136 255 0 255 255 179 45 0 255 255 255 0 0 0 255 255 255
    49 255 0 0 0 255 255 0 0 127 255 0 255 255 255 57 0 0 89 132 255 0 0
    0 0 169 255 255 0 0 255 0 255 0 150 91 0 255 255 255 255 255 169 255
    0 255 0 0 255 255 255 111 0 0 0 255 226 0 0 255 62 255 255 255 255 0
    0 255 0 0 0 0 255 0 255 224 255 0 132 0 255 0 255 255 255 0 255 255
    0 255 255 255 0 255 0 148 0 0 255 255 4 255 0 203 55 255 255 255 174
    255 255 0 255 0 0 255 27 255 255 193 164 0 0 0 255 0 199 0 255 255
    255 255 0 0 195 0 42 140 54 20 0 255 0 187 255 255 0 255 178 0 40 0
    0 213 2 255 0 255 0 250 0 255 53 255 0 255 255 255 14 0 255 0 255 0
    139 0 173 255 92 0 0 0 255 80 0 0 223 176 255 255 0 255 0 0 255 255
    176 110 255 255 255 255 0 255 255 127 255 255 255 0 0 255 255 255 0
    95 255 208 0 38 87 255 0 0 0 255 255 236 34 0 255 255 255 0 0 255
    255 152 255 255 0 255 255 255 46 107 0 0 255 0 255 255 255 255 0 0
    136 255 255 255 70 255 0 255 0 92 255 0 0 255 0 255 255 255 0 0 255
    0 255 0 255 255 151 0 0 27 0 0 255 214 255 0 0 255 255 0 181 172 255
    255 0 95 36 0 255 0 0 0 255 255 255 0 79 255 0 255 213 0 0 0 43 0 0
    255 255 255 255 0 0 0 255 76 0 0 30 0 255 0 126 0 255 238 255 0 0
    255 255 255 255 112 255 32 255 255 72 229 227 255 0 255 0 255 255
    255 0 30 0 255 0 145 0 0 0 0 255 255 255 0 0 60 0 123 0 0 255 0 255
    48 255 77 206 0 0 0 255 255 0 0 0 0 255 255 0 0 217 255 240 38 99
    255 255 63 0 0 0 255 255 0 0 232 0 255 59 60 0 59 0 255 0 255 0 0
    255 255 0 0 255 0 255 0 138 0 0 0 117 255 0 255 0 255 255 255 255
    255 0 0 0 0 255 0 255 0 0 255 255 255 0 255 255 255 44 255 1 0 0 0
    255 133 255 255 0 255 136 255 0 255 0 255 74 218 0 25 255 0 0 0 29
    172 6 255 255 255 255 0 0 0 255 0 255 0 255 0 255 255 0 212 0 255
    255 255 0 0 0 255 0 0 0 255 255 200 85 255 0 139 0 255 191 0 195 0
    173 0 223 0 255 255 255 255 255 0 0 255 0 255 0 255 255 255 14 0 0
    255 239 0 255 66 255 0 109 0 0 113 255 255 255 0 255 16 255 255 0
    183 0 127 0 255 255 255 0 255 255 219 0 255 0 0 0 255 255 255 0 249
    0 207 0 0 255 255 155 0 255 0 255 0 255 255 27 0 255 255 255 225 255
    255 0 0 255 0 0 0 122 167 255 0 0 0 255 228 0 0 255 255 255 0 0 0 15
    0 0 153 233 0 255 255 0 0 0 255 255 255 24 182 0 0 0 0 78 0 255 255
    255 255 0 255 0 0 0 0 255 255 0 0 0 0 255 161 255 0 0 0 163 255 0 5
    255 0 174 0 0 0 255 255 255 46 0 0 0 255 0 0 0 0 255 0 255 255 0 255
    0 0 0 0 255 19 255 143 0 0 255 255 0 255 217 0 255 193 255 255 255 0
    255 156 255 0 0 255 0 0 255 255 0 0 0 255 49 201 0 255 0 0 12 255
    255 255 0 223 0 0 131 0 255 255 255 248 193 211 255 220 75 255 238 0
    0 0 219 255 255 104 0 255 237 0 255 66 0 102 255 255 209 4 255 255 0
    255 255 62 0 0 0 0 0 0 255 0 139 255 255 0 0 0 255 255 186 0 0 154 0
    0 255 255 24 0 0 255 0 255 0 255 164 255 0 51 0 197 227 255 255 255
    255 0 0 250 201 255 255 104 0 255 181 255 0 0 0 0 255 255 154 0 197
    0 0 0 255 255 255 0 187 0 77 0 255 255 255 0 255 255 255 255 0 0 0 0
    76 0 255 255 255 0 193 0 255 255 0 0 0 255 0 255 0 110 255 184 255 0
    255 0 255 102 0 0 0 0 255 255 255 0 116 0 52 0 0 126 255 255 28 255
    0 255 0 12 0 0 255 255 255 7 0 255 0 146 0 255 255 255 178 0 0 0 0 0
    0 255 255 0 255 0 156 255 0 80 249 0 0 94 255 255 0 26 21 0 0 255
    255 255 255 89 255 255 235 0 157 255 0 0 0 255 0 255 255 0 0 176 255
    114 0 0 223 255 0 0 0 0 0 0 255 255 0 0 83 0 62 0 255 255 0 137 0 0
    0 255 0 255 0 255 0 0 255 0 255 255 0 0 0 237 255 255 0 55 32 0 199
    255 255 247 0 0 0 255 255 255 110 255 0 0 0 255 0 255 255 255 0 0 0
    10 255 255 0 144 149 255 0 255 255 5 255 0 0 0 255 255 255 94 0 0 0
    255 136 255 255 0 77 0 255 255 255 0 0 0 255 0 255 109 255 0 0 142 0
    255 64 69 255 0 0 101 33 255 13 255 255 255 0 0 0 0 255 255 255 255
    255 255 0 13 255 255 60 255 255 0 255 255 205 0 0 255 255 255 0 255
    0 255 0 98 166 122 255 0 0 35 255 255 245 255 0 255 0 0 255 0 0 255
    255 255 15 255 0 255 0 141 0 255 0 255 0 0 12 255 231 0 0 255 0 255
    162 0 0 0 0 255 145 246 255 255 255 236 255 165 0 244 255 206 0 126
    0 255 255 255 0 0 255 15 255 255 255 255 255 0 0 0 0 0 255 99 255
    109 255 255 255 0 255 0 0 0 42 255 255 0 255 0 0 85 49 0 128 255 255
    33 255 255 49 0 0 177 255 0 0 255 255 255 0 0 255 255 255 0 0 255
    231 223 0 255 255 0 211 255 255 0 0 255 0 255 255 131 255 0 0 255
    255 255 64 255 255 255 0 255 124 0 0 255 255 255 255 0 20 73 171 255
    255 0 255 0 255 255 255 0 0 212 0 73 255 255 79 0 171 255 0 71 0 218
    255 155 255 63 255 0 0 150 0 255 0 110 255 0 255 0 255 0 0 84 222
    226 255 0 255 0 16 0 255 0 0 0 255 255 250 0 255 159 0 0 243 0 0 0
    255 255 255 0 255 0 255 0 0 255 255 244 0 0 183 255 255 82 0 12 255
    187 106 0 255 57 255 0 159 206 255 0 0 0 255 255 255 255 255 58 19
    255 0 0 10 230 255 0 255 255 0 0 0 255 255 125 255 255 255 0 255 0
    255 255 80 0 0 255 255 0 255 204 255 255 52 81 255 0 167 0 0 255 0 0
    255 255 255 167 0 255 0 0 255 255 255 0 255 255 255 255 0 0 255 255
    99 0 0 93 255 0 0 0 0 97 255 255 255 0 61 0 255 0 176 0 0 0 255 0
    255 3 28 181 102 0 255 255 197 0 0 255 187 255 119 255 34 0 0 0 255
    255 0 0 255 255 0 0 0 255 255 44 0 0 0 255 255 0 255 0 255 255 255
    255 0 238 255 255 0 0 0 0 64 0 0 255 255 255 0 255 0 255 255 255 0
    255 142 0 255 0 78 0 255 255 255 0 0 255 255 0 0 255 255 255 0 0 0
    91 0 255 0 255 0 0 0 0 0 255 255 0 0 0 255 20 0 0 2 255 255 255 234
    255 14 0 255 255 190 255 0 255 255 0 255 255 0 0 0 255 0 0 255 199
    117 0 172 0 255 0 255 255 255 255 102 255 0 55 0 255 88 0 255 255
    153 0 255 0 255 255 255 255 0 174 232 255 255 255 42 255 255 0 0 0
    174 255 255 0 0 0 255 247 255 0 255 0 255 0 255 255 255 0 24 75 139
    255 0 0 249 179 255 0 255 185 21 87 0 255 255 236 255 71 221 0 0 255
    255 0 255 0 126 0 255 0 255 147 0 255 0 235 0 0 0 255 111 0 0 45 163
    255 0 98 152 0 255 255 255 255 0 255 0 0 0 0 241 0 255 0 127 177 255
    255 105 7 209 0 195 0 255 0 137 0 255 255 255 0 255 255 121 255 0 62
    0 255 255 255 0 0 0 171 255 18 0 0 58 0 255 255 0 203 255 0 0 255
    255 255 0 255 255 255 0 0 212 238 255 0 9 0 255 0 255 255 255 0 255
    0 255 0 0 0 255 0 0 0 182 255 255 255 0 255 0 255 0 255 0 0 255 255
    255 255 0 0 0 255 255 0 111 255 0 255 0 255 0 0 0 255 0 0 0 255 0
    115 27 159 255 0 64 255 7 0 255 0 255 255 0 77 245 0 255 56 255 0
    182 185 255 0 255 255 0 255 0 0 255 0 0 0 255 0 192 255 125 255 0 0
    255 255 0 0 255 0 255 255 255 0 0 0 79 255 178 255 0 0 255 255 255
    107 255 255 255 0 45 0 255 255 255 0 0 255 0 255 0 213 0 255 182 255
    255 255 168 255 255 0 0 0 37 255 214 255 255 212 0 255 255 255 0 0 0
    0 0 0 255 255 0 0 139 37 255 255 255 213 0 0 163 255 55 21 255 255 0
    0 255 160 255 0 255 0 0 255 255 209 255 0 244 255 109 0 255 0 255 0
    255 0 255 182 255 128 0 0 255 0 0 255 0 255 221 255 88 255 0 0 0 0 0
    0 151 255 255 0 255 0 0 0 255 255 255 149 164 0 255 117 124 255 255
    0 0 0 255 255 255 0 0 0 74 0 255 0 138 255 0 95 255 240 0 0 255 255
    255 0 243 0 255 255 255 0 255 0 255 239 0 255 250 255 255 255 108 0
    255 0 255 251 0 0 0 255 241 149 42 0 255 51 0 0 0 64 255 255 255 255
    0 223 0 0 0 0 255 255 255 255 0 255 0 255 0 255 0 0 0 255 42 0 255 0
    255 0 205 0 255 0 129 184 255 255 0 0 255 255 214 0 0 0 0 255 185
    255 206 251 0 255 255 0 0 0 255 255 255 0 0 255 255 255 0 0 255 255
    139 255 255 255 236 0 0 0 0 255 0 0 39 255 0 0 0 255 0 255 0 0 0 255
    0 0 150 255 255 255 255 0 0 0 255 255 255 35 255 0 0 0 255 217 255 0
    255 0 255 0 255 255 255 255 255 0 255 255 255 255 112 0 255 61 0 170
    255 0 255 255 255 255 0 255 0 255 255 0 0 255 88 0 18 0 177 255 255
    152 0 253 255 255 23 100 63 153 0 0 255 201 255 255 255 63 255 255 0
    255 0 0 227 0 255 255 0 255 255 6 0 0 255 0 0 0 0 255 0 255 161 255
    29 0 255 0 0 0 0 255 0 255 255 0 0 0 115 255 255 0 255 255 0 255 255
    255 0 0 0 165 255 0 255 0 0 0 0 255 255 255 88 255 125 255 239 255 0
    217 247 172 0 255 255 255 0 255 0 49 0 248 0 255 0 255 0 187 255 255
    0 0 195 54 255 96 255 0 255 255 0 151 0 255 150 255 255 255 0 0 0
    205 255 0 0 0 0 230 0 255 255 255 0 249 0 255 255 0 0 0 255 255 0
    255 255 255 255 255 88 255 0 0 255 255 248 0 255 255 255 0 255 255
    255 255 0 255 236 0 1 0 255 255 0 0 255 255 0 58 255 255 0 0 0 255 8
    245 120 211 255 0 0 255 255 255 0 255 0 188 255 255 0 255 96 167 255
    255 255 37 255 151 255 0 255 0 255 124 255 0 255 0 0 255 255 0 255
    255 0 189 255 255 255 255 255 0 0 255 224 0 0 0 255 0 255 117 230
    210 0 255 247 255 0 0 218 255 255 0 106 255 255 0 0 0 244 238 0 0 0
    255 0 255 104 255 255 0 0 198 255 0 0 0 194 0 0 255 255 116 215 0
    255 27 0 0 0 125 255 0 223 255 0 0 0 174 0 255 255 255 0 74 255 255
    255 255 255 0 255 0 142 0 255 0 255 0 57 255 255 255 255 0 255 0 255
    0 171 255 0 0 220 255 0 255 255 255 255 0 0 0 0 41 109 0 101 0 255
    255 255 0 182 0 0 255 255 255 255 255 36 17 0 0 255 255 0 0 255 255
    0 0 255 126 255 249 134 255 0 0 0 255 255 255 0 0 255 255 0 0 0 255
    0 255 0 255 0 255 0 255 218 235 0 255 122 248 163 255 0 0 255 255
    255 237 255 239 122 0 0 176 21 0 72 255 255 248 0 0 255 255 0 0 0 72
    143 236 255 0 0 0 162 0 233 255 255 255 0 0 0 255 255 0 33 255 0 0
    255 255 255 255 233 0 0 0 156 255 0 255 0 35 255 255 255 0 0 0 0 255
    255 0 76 0 255 0 255 0 0 0 255 255 0 0 0 54 239 223 255 0 0 0 188
    255 141 0 80 0 255 154 0 215 255 255 0 255 255 160 0 0 255 255 20
    236 62 0 255 255 255 0 173 142 0 0 255 255 0 0 205 0 255 120 0 255
    150 255 255 189 255 238 255 255 0 0 0 255 255 0 255 0 0 0 247 0 0
    255 255 0 0 186 255 255 0 0 0 255 0 0 0 0 255 255 132 255 0 255 255
    255 255 0 238 255 148 0 0 0 255 255 255 237 0 255 0 0 0 0 255 255
    255 255 0 0 37 255 255 0 255 255 255 0 0 177 87 255 52 0 0 255 255
    255 0 255 11 255 30 0 0 0 255 255 0 0 65 255 0 0 0 255 255 0 255 91
    255 0 101 0 255 0 0 0 38 35 234 0 0 0 0 226 255 148 0 0 0 0 255 255
    255 0 0 218 255 255 0 90 255 102 77 255 255 10 0 0 119 126 255 255
    255 255 0 43 0 255 109 255 0 255 0 228 0 255 255 0 0 0 237 255 0 255
    255 255 56 0 215 0 0 255 0 255 63 23 9 14 255 99 0 255 2 255 0 19 73
    255 255 255 0 0 0 255 255 255 0 0 0 255 255 0 0 0 99 51 36 255 142 0
    255 60 255 0 0 255 255 0 0 49 255 0 0 0 255 0 0 255 181 248 0 0 255
    0 0 40 255 255 255 0 255 0 255 0 255 255 255 255 0 0 0 0 238 255 255
    255 0 255 56 255 255 255 0 255 164 0 255 0 0 0 194 255 148 0 0 0 126
    35 255 125 255 155 0 74 255 0 255 255 163 255 255 255 0 0 255 0 210
    0 0 0 255 255 255 0 0 0 0 0 0 255 0 255 75 176 0 255 0 0 0 0 0 255
    41 255 0 0 0 0 255 255 54 0 0 255 255 255 0 0 255 255 255 0 0 0 255
    255 255 255 0 255 255 255 0 6 255 0 0 255 255 115 146 161 0 255 0 0
    255 79 0 0 0 255 0 0 0 0 0 255 0 183 0 255 0 255 255 255 0 0 205 255
    0 0 255 206 255 0 0 57 0 0 0 255 255 255 0 0 255 0 64 193 227 0 255
    0 0 0 157 255 0 0 0 255 255 0 255 255 255 0 0 255 0 82 255 0 0 0 0
    46 255 137 0 0 255 255 255 255 255 0 228 7 255 255 68 0 62 255 0 0 0
    241 255 210 0 0 0 255 181 255 0 0 0 255 0 0 255 184 255 255 30 0 255
    255 0 0 0 255 0 255 0 255 255 248 251 0 255 255 0 0 0 255 0 0 220
    255 0 255 0 122 0 255 0 255 255 255 54 174 0 0 134 0 0 208 255 72
    223 255 0 0 255 0 0 255 255 255 0 115 0 255 255 0 0 228 0 22 0 255 0
    255 0 0 255 255 255 137 0 255 0 255 255 255 0 255 95 255 0 147 0 0
    245 0 144 0 0 0 255 0 255 0 255 255 255 0 0 38 0 0 255 255 0 143 0
    255 255 255 255 0 255 255 0 255 62 255 0 203 0 255 255 201 0 255 0 1
    15 0 0 255 0 123 0 237 70 0 255 0 255 0 255 0 255 113 0 0 55 255 237
    255 255 255 97 209 255 106 255 255 0 0 0 255 0 85 107 0 0 255 255
    255 146 255 0 76 0 0 255 0 0 0 0 255 255 0 255 255 0 0 255 255 255
    197 25 255 255 0 255 0 255 0 51 255 126 0 0 0 255 0 255 255 255 0 52
    252 255 0 255 255 57 0 0 0 0 11 0 255 0 6 0 0 255 0 255 114 138 255
    255 0 0 0 0 255 252 255 0 255 27 0 131 161 0 255 255 255 0 176 0 172
    9 255 255 255 0 255 255 0 0 255 0 133 0 255 0 119 0 0 0 255 0 0 0
    255 55 169 255 255 0 8 0 255 139 255 10 0 158 0 255 0 0 0 255 255
    133 255 255 255 0 255 255 0 255 0 203 255 0 255 0 255 255 0 255 255
    255 255 0 255 0 105 42 67 0 111 255 0 255 0 0 0 255 255 0 194 255
    141 255 81 167 0 254 245 255 14 255 0 255 0 0 217 162 0 255 0 1 255
    255 148 202 255 103 0 80 255 255 0 255 41 181 255 247 0 225 255 255
    0 0 255 255 255 0 0 255 255 255 255 224 255 159 0 234 0 255 255 255
    172 255 255 0 0 255 0 255 0 255 66 255 0 255 255 255 0 0 0 58 255 0
    140 16 255 0 255 0 255 255 255 0 0 0 255 0 255 0 255 255 0 255 0 0 0
    255 136 0 202 239 121 255 0 0 255 0 0 0 0 255 10 181 12 255 249 255
    0 180 226 255 0 0 255 255 255 0 0 255 255 255 0 0 0 255 0 0 255 205
    255 0 255 149 255 0 77 0 235 151 255 255 145 255 0 0 255 163 255 144
    0 255 255 255 0 0 0 0 255 0 255 0 255 0 0 241 255 198 0 0 0 255 0 0
    255 13 255 22 0 0 0 255 0 255 255 255 0 0 255 255 255 255 0 255 255
    255 0 0 0 0 255 255 122 255 0 209 255 255 0 0 0 255 255 255 255 0
    255 255 0 255 0 255 0 255 0 255 255 0 220 255 0 189 0 144 0 0 0 255
    255 0 169 0 0 255 242 255 0 0 255 255 255 255 237 255 0 255 255 222
    24 135 129 0 255 85 0 128 255 255 0 0 255 255 255 218 90 0 255 0 199
    0 245 255 255 255 255 255 0 255 214 255 255 210 0 0 189 255 255 0
    255 255 255 26 0 255 0 255 0 255 0 255 0 255 255 0 0 0 255 255 0 255
    255 255 16 0 0 255 255 0 0 255 255 255 255 0 0 84 255 255 255 255 75
    19 0 0 236 0 204 255 255 0 63 255 255 200 255 79 0 0 255 255 255 255
    56 255 0 0 255 255 255 0 255 0 255 255 255 0 0 255 255 175 0 0 0 75
    255 255 255 0 0 255 255 0 0 0 255 255 255 0 0 255 56 255 107 255 0
    255 0 255 0 222 0 0 255 0 0 0 255 255 255 8 0 255 107 255 0 255 0
    255 255 255 24 0 255 0 255 0 102 255 255 0 255 255 255 255 0 255 0
    255 255 0 0 0 80 0 255 255 255 186 0 0 0 179 255 255 255 0 0 0 0 104
    255 0 0 0 184 255 0 0 0 0 0 0 255 231 255 108 255 0 255 0 255 0 255
    0 255 0 109 245 249 255 0 241 255 255 158 255 255 118 0 0 0 255 200
    255 255 91 0 0 140 0 0 0 255 0 255 0 255 255 255 255 0 255 0 255 0
    255 0 255 0 255 141 128 0 0 136 255 0 53 255 255 255 0 142 0 0 0 90
    0 255 219 255 0 0 0 119 213 0 255 255 255 0 255 0 255 255 6 0 0 58
    104 255 255 0 0 132 255 240 0 0 255 255 255 0 0 0 255 87 0 1 255 255
    255 0 255 0 255 0 255 0 0 2 0 255 255 255 0 0 0 255 255 0 255 32 255
    0 0 255 255 255 22 0 255 196 255 255 255 255 255 0 255 0 0 58 0 0
    255 255 255 0 255 255 204 0 0 255 255 0 255 255 0 0 0 183 255 255
    255 0 0 0 255 255 0 255 0 208 255 0 255 0 207 0 255 255 0 0 0 255
    255 0 163 255 0 14 238 0 255 0 255 0 4 255 255 255 0 0 214 255 0 140
    232 255 0 0 0 255 124 255 181 123 255 186 255 240 255 255 0 255 0
    255 255 0 117 221 255 255 158 214 89 255 255 123 0 255 255 136 0 223
    255 0 201 0 255 0 88 169 200 145 109 0 255 255 0 255 126 126 255 255
    255 255 0 255 0 0 0 255 255 223 0 0 240 255 0 223 0 255 100 255 0 24
    255 255 243 255 0 255 255 143 0 234 255 0 255 111 0 23 0 255 13 255
    61 255 0 216 255 0 0 0 255 0 255 0 0 45 255 255 191 0 0 0 255 0 255
    139 0 0 255 255 120 255 0 255 0 0 181 255 0 0 0 0 255 255 13 217 255
    237 0 0 255 127 255 0 0 255 255 0 0 255 206 255 0 144 255 255 0 0 0
    255 255 255 0 255 0 91 0 210 43 255 113 0 0 255 0 0 31 23 255 255 0
    0 0 255 0 255 0 122 242 0 0 0 255 0 0 118 255 255 141 0 255 255 0 96
    0 255 255 255 255 0 0 0 255 0 255 0 255 0 255 255 255 255 0 255 255
    242 0 0 0 97 255 0 35 0 255 0 0 0 0 128 255 255 0 255 255 0 0 0 255
    255 255 0 255 0 0 255 0 121 165 255 104 255 34 0 0 225 255 255 0 255
    33 255 255 0 0 161 0 0 255 255 255 255 77 255 255 255 0 255 0 0 31 0
    255 165 255 0 255 0 255 0 0 0 255 0 0 255 146 255 0 0 0 255 255 255
    0 255 255 255 0 255 0 255 0 0 95 255 255 0 0 0 0 0 0 0 0 255 255 255
    96 0 0 0 0 0 255 0 0 243 0 0 177 255 0 0 0 128 130 255 255 255 0 255
    255 255 255 0 137 0 0 255 0 255 255 255 0 255 0 255 255 255 19 44 0
    0 255 255 255 255 63 32 255 0 0 0 0 255 255 255 255 0 255 255 165 0
    255 189 0 0 255 255 22 255 0 0 255 255 255 0 255 195 0 0 0 255 0 255
    0 255 0 255 255 255 2 0 0 119 0 0 0 255 111 242 0 255 215 0 64 0 255
    255 255 0 0 0 0 255 255 0 32 0 255 255 91 255 255 255 0 255 255 255
    0 0 177 187 75 0 0 75 41 0 183 123 165 0 78 225 31 175 255 255 0 0
    140 0 189 0 0 255 255 0 87 0 255 0 0 16 255 255 0 255 210 255 0 0 0
    0 255 255 255 255 0 0 255 255 139 255 247 169 0 255 0 255 152 0 191
    0 196 255 255 0 255 0 0 255 170 255 255 0 0 0 255 255 255 255 0 0 0
    0 255 252 0 62 0 255 255 215 36 255 255 0 0 0 0 10 255 255 0 255 0 0
    0 0 0 0 196 255 255 143 0 255 255 255 255 255 8 197 0 0 255 224 100
    0 255 0 255 255 255 255 255 0 0 0 255 255 255 180 0 255 255 16 145 0
    0 0 0 255 0 0 255 151 255 0 36 255 255 255 0 0 0 0 0 255 0 221 45 0
    184 255 67 0 0 0 226 255 0 208 73 255 0 255 255 138 255 157 0 87 0 0
    255 101 129 242 4 229 0 148 0 0 255 255 33 255 38 0 0 0 255 0 255 22
    255 0 255 0 255 0 255 0 0 0 0 38 255 255 0 255 0 255 0 255 0 0 255
    22 0 255 0 255 255 255 0 255 0 82 255 255 255 181 233 0 0 210 0 0
    255 255 255 0 0 255 255 204 255 255 255 255 140 255 0 0 13 0 255 0 0
    255 213 133 13 0 0 0 255 255 217 0 0 218 255 0 255 0 255 255 208 0
    255 0 255 255 255 0 0 255 255 255 255 0 0 0 255 169 11 255 166 255 0
    165 0 255 0 33 0 255 137 255 0 241 0 239 197 0 179 0 255 0 255 0 255
    0 255 201 0 255 129 240 58 82 255 255 0 0 255 255 255 0 0 240 255
    255 205 255 0 214 255 109 75 93 54 0 0 255 0 255 63 233 255 0 255
    189 255 255 255 0 0 255 255 255 255 255 255 24 255 0 0 0 255 250 179
    167 0 88 255 255 255 0 255 145 7 0 0 62 0 0 0 255 255 255 255 168 0
    0 67 0 255 0 255 0 255 255 255 0 53 0 0 0 0 154 0 255 255 255 253 19
    255 255 255 0 0 0 255 255 202 255 255 54 255 255 0 255 0 0 255 0 255
    255 0 0 0 0 255 216 180 204 255 255 77 255 0 210 255 255 60 0 0 0
    215 255 255 255 0 0 182 255 0 67 0 255 10 255 0 255 0 44 255 255 0
    252 0 0 255 255 0 255 255 15 171 255 0 62 0 0 255 249 0 193 88 255
    255 185 255 0 26 255 255 255 89 24 0 255 0 0 159 0 255 0 127 0 231 0
    0 255 0 0 0 255 0 95 255 0 0 255 255 255 0 255 0 0 0 82 255 0 0 195
    69 0 123 255 0 0 0 255 0 0 255 255 255 69 255 0 0 255 114 255 0 113
    48 255 255 255 0 0 255 0 0 0 255 255 255 255 255 255 0 0 0 255 255
    10 215 0 255 98 255 0 0 0 255 255 0 0 0 255 0 255 0 0 61 255 255 255
    0 255 255 204 0 135 0 0 255 0 0 0 255 255 212 0 255 255 0 0 0 255
    255 255 255 0 0 0 255 255 255 0 75 255 255 0 0 0 255 11 255 0 255
    163 196 255 195 255 232 0 0 166 255 255 255 255 255 235 255 0 255 0
    0 0 0 0 155 0 194 0 255 255 255 0 0 255 255 255 0 0 174 0 255 0 0
    255 0 255 0 0 255 0 0 0 0 130 7 149 196 255 255 0 255 255 0 0 220
    255 255 255 0 255 0 255 255 255 0 255 255 73 0 0 5 255 255 255 255
    162 0 255 0 0 133 169 255 0 0 188 255 255 0 204 0 255 255 0 0 0 0 0
    0 255 119 255 255 255 154 0 0 255 52 0 0 255 255 0 255 255 255 132 0
    255 255 225 0 0 98 0 255 255 255 255 0 255 0 0 0 0 0 255 255 255 0
    252 68 255 255 0 121 255 255 0 0 0 255 255 255 255 255 0 0 0 255 32
    0 0 255 0 255 255 255 0 35 0 255 0 30 95 126 255 0 255 255 255 32 0
    255 0 0 0 255 0 216 0 140 255 255 0 0 255 0 255 255 0 0 0 0 255 0
    255 255 255 255 0 4 0 255 255 0 255 255 255 0 255 72 81 0 7 76 255
    61 255 0 0 0 255 255 255 0 162 255 255 255 41 102 0 0 255 82 255 0
    255 0 255 0 255 255 0 0 255 0 0 255 80 255 0 255 0 0 255 255 255 255
    214 0 0 255 55 255 0 255 0 0 255 0 255 111 0 0 0 255 255 255 255 33
    255 255 243 0 0 255 255 0 0 79 0 192 0 255 255 255 206 0 0 255 0 0 0
    255 255 255 0 0 0 255 255 0 255 0 255 20 255 0 0 0 190 255 255 0 255
    0 255 0 0 82 0 255 255 255 255 0 0 0 0 0 255 0 29 255 255 24 110 169
    255 255 67 0 208 0 255 0 255 255 0 0 255 0 49 255 0 255 0 0 141 0 0
    0 255 0 39 0 0 0 255 123 255 255 0 255 145 255 0 255 255 255 168 255
    255 226 0 0 255 0 0 0 255 0 0 0 0 255 0 255 0 255 255 0 0 0 255 0
    255 0 191 0 255 0 171 234 0 255 0 255 255 175 0 0 255 0 134 0 0 249
    255 0 255 0 53 0 255 250 0 255 0 255 0 255 0 0 255 0 0 0 251 255 0
    255 0 115 0 255 130 0 0 0 197 255 183 0 2 255 255 0 0 0 0 0 255 187
    0 81 97 80 255 255 255 0 0 26 255 255 0 255 255 0 255 255 231 92 0
    240 110 255 0 0 171 255 255 255 0 11 255 0 147 0 255 255 255 255 255
    0 255 0 0 0 42 255 0 255 0 255 0 0 255 0 0 0 0 255 172 255 0 207 0
    255 0 5 255 0 255 0 0 0 199 255 255 255 0 255 65 59 0 0 0 0 0 255
    255 255 0 255 255 0 0 7 17 255 255 0 183 81 255 255 255 0 0 46 255
    255 255 0 0 0 222 255 255 255 0 255 0 255 48 255 255 255 255 0 255
    255 76 255 255 0 72 255 255 0 255 255 0 0 255 255 0 255 255 96 0 0
    255 255 0 0 255 255 255 255 0 0 0 17 255 0 100 255 255 235 255 255
    106 0 0 255 0 69 0 255 26 0 255 0 255 0 255 215 0 0 255 0 112 255
    255 255 0 0 255 166 0 0 255 0 255 255 0 255 0 255 0 255 245 35 0 255
    255 255 0 0 145 0 0 171 95 255 0 255 0 0 173 0 255 0 0 255 255 255 0
    60 255 0 248 0 0 0 255 255 0 0 0 255 0 255 0 198 255 255 0 124 137
    255 81 255 0 255 0 255 148 255 255 255 255 207 0 255 0 0 0 0 255 255
    255 153 120 255 255 0 255 0 255 0 255 0 0 0 0 0 0 255 255 0 255 232
    0 143 200 255 96 255 42 195 0 41 0 0 0 255 255 255 255 167 132 0 0
    255 200 124 0 0 255 255 255 255 0 0 205 255 181 0 147 255 255 0 226
    255 214 255 0 255 0 255 184 255 255 0 255 0 0 0 255 0 0 0 0 255 226
    255 255 255 246 0 237 255 255 255 0 255 54 0 0 0 255 255 81 0 0 0 0
    155 0 255 255 255 87 0 0 255 8 0 255 255 208 0 0 0 57 255 0 0 0 201
    0 255 159 255 0 0 0 255 0 255 255 255 255 255 61 255 0 255 255 255
    255 59 245 255 255 0 220 255 255 0 255 0 255 68 0 0 255 244 0 255
    255 0 191 0 255 0 255 255 255 0 0 255 255 74 0 0 255 255 0 255 48
    255 0 0 0 255 255 23 143 0 255 255 255 0 0 0 0 255 17 0 0 0 45 255
    255 0 0 0 255 255 255 0 230 0 255 255 163 0 255 191 255 255 255 0 0
    0 0 44 255 255 0 0 0 255 255 255 255 0 0 0 255 255 255 51 255 255 0
    0 74 255 255 0 0 0 255 255 0 0 0 255 189 55 0 255 0 0 255 255 255
    255 182 255 198 0 0 251 255 255 0 0 255 19 0 0 255 255 255 255 0 0 0
    0 83 0 255 151 255 0 0 0 189 0 255 0 255 0 113 0 0 0 255 176 240 255
    255 0 23 255 255 250 255 239 0 0 255 40 255 0 255 255 255 255 255 82
    0 0 143 255 255 255 0 142 0 255 255 255 255 255 255 255 0 180 255
    255 0 0 0 185 255 255 255 255 0 255 255 255 0 0 0 18 255 255 255 119
    0 0 255 0 255 67 89 0 0 255 35 0 0 255 255 255 0 255 255 255 0 0 255
    255 255 0 195 0 255 0 0 7 255 0 241 0 255 255 0 0 255 255 255 0 255
    0 255 0 79 0 255 255 57 74 255 255 255 194 255 206 221 0 200 255 255
    0 255 0 255 255 97 0 0 0 255 0 255 233 255 195 255 228 21 0 255 116
    255 0 255 0 255 255 255 255 0 0 255 255 255 255 255 255 0 255 0 0
    127 255 255 0 101 255 255 148 0 210 255 0 0 255 0 255 255 0 51 0 255
    0 255 0 0 255 0 0 255 255 255 202 0 255 0 255 143 0 0 255 255 255
    255 0 68 255 255 255 0 255 255 255 0 0 114 255 255 0 0 0 255 255 255
    0 0 255 255 149 0 255 0 255 0 104 0 165 62 177 0 255 255 27 0 162
    255 0 130 0 255 0 0 255 255 255 255 255 255 255 255 0 0 0 113 240
    117 0 255 153 255 0 9 52 255 124 0 255 0 0 115 230 255 0 255 0 32 0
    0 252 255 0 0 225 255 0 0 0 0 0 255 255 0 0 255 255 255 255 0 0 0 0
    255 255 255 255 0 0 255 255 112 0 0 255 255 255 116 0 0 0 241 255
    255 137 255 0 44 255 255 255 0 68 0 34 0 255 0 255 69 255 255 0 0 0
    62 164 0 7 255 255 255 255 0 0 0 255 255 255 0 174 0 255 7 255 0 118
    255 255 0 255 255 255 255 0 0 176 0 255 0 255 0 255 255 255 0 0 244
    255 0 255 0 109 255 255 0 255 204 255 0 0 255 255 255 219 37 0 255
    255 0 0 0 255 145 4 255 255 244 0 0 255 0 29 255 255 156 54 0 255 0
    255 0 255 255 0 0 119 255 0 116 255 255 255 255 141 0 169 0 154 0
    255 255 131 255 0 134 0 255 109 255 255 255 0 112 255 42 0 0 255 0 0
    24 0 0 255 30 255 255 255 0 0 0 255 34 255 255 6 255 0 0 0 255 61
    113 0 0 0 0 255 255 158 255 0 86 0 0 255 255 255 255 243 0 148 0 255
    255 0 0 2 0 255 255 0 116 0 255 39 255 255 68 0 0 255 255 255 0 0
    255 0 255 0 0 11 255 255 255 0 255 0 255 0 36 255 255 57 0 84 255
    255 0 0 255 255 255 197 255 67 194 0 0 0 0 255 255 0 0 0 255 140 0 0
    198 255 237 0 0 255 0 255 0 255 0 255 226 0 135 255 0 255 0 187 0
    255 0 232 0 255 192 0 255 255 255 0 255 255 0 255 255 126 146 0 0
    243 255 255 0 0 255 0 0 124 80 255 0 255 0 255 255 0 255 0 232 255 0
    0 130 0 255 0 255 255 255 225 116 0 24 0 0 0 0 0 255 255 0 255 0 255
    255 0 0 229 255 255 0 0 0 0 0 255 255 255 255 122 124 255 105 0 255
    77 0 0 0 102 255 255 0 0 16 255 255 109 255 0 255 0 255 0 0 0 255 0
    255 0 0 255 27 255 0 255 255 255 0 255 255 0 10 0 0 0 255 255 255
    255 255 255 0 201 0 255 0 138 255 28 0 255 255 255 255 255 221 0 0 0
    0 255 200 255 255 255 255 0 255 255 255 0 189 0 255 0 0 0 0 0 255 0
    255 204 255 0 255 255 255 0 255 134 217 0 255 134 23 0 255 0 255 0 0
    255 255 255 0 0 0 255 191 0 0 255 130 255 0 255 136 206 0 255 255
    255 0 0 0 255 195 0 0 249 0 83 255 0 0 0 255 255 167 255 0 0 0 255
    53 255 81 0 0 255 255 255 255 154 108 255 0 0 218 255 255 25 0 22 0
    255 0 255 0 255 0 255 255 255 0 0 255 255 112 0 0 255 194 178 38 255
    255 255 255 0 0 255 232 255 217 255 226 255 255 228 0 0 255 245 0 0
    0 255 255 255 237 0 0 0 0 101 255 0 0 0 255 0 255 255 0 255 0 0 0 0
    255 255 255 0 0 0 255 255 137 0 255 0 255 0 0 0 7 255 183 255 99 0
    255 50 49 0 0 0 0 255 113 255 0 255 255 151 0 255 0 0 0 0 255 255
    255 0 0 255 243 255 0 255 37 255 255 255 255 255 0 0 255 0 255 0 255
    0 255 0 255 0 140 0 255 0 255 0 255 255 255 0 0 255 205 228 0 0 255
    93 255 132 38 255 0 255 0 255 255 255 0 255 0 255 0 0 0 255 255 255
    66 255 0 0 0 0 0 255 192 0 255 0 255 0 81 255 255 0 158 255 0 255 0
    255 255 255 0 0 0 0 0 0 0 255 255 0 0 0 255 255 255 0 0 0 17 0 255
    255 255 255 83 91 0 0 0 255 0 186 253 0 255 255 0 0 0 0 255 255 0 0
    0 255 255 69 0 0 0 255 255 255 0 255 0 128 0 0 0 0 255 255 255 0 255
    0 255 0 255 0 255 0 0 0 255 255 0 0 0 255 255 255 197 0 255 0 255
    255 255 90 0 0 255 0 0 0 0 0 255 215 0 155 255 255 0 0 0 0 191 255 0
    255 0 255 0 101 255 66 255 0 0 255 103 0 255 0 255 0 255 0 196 255
    255 255 0 0 0 193 247 255 0 255 78 0 255 0 255 105 0 0 0 0 0 255 255
    255 0 255 0 255 0 255 0 255 0 255 0 0 255 232 255 0 0 42 0 255 127
    255 118 255 0 71 197 255 0 255 0 255 255 50 0 0 0 0 133 0 255 21 255
    154 0 0 148 35 0 255 80 255 0 255 255 255 255 255 255 255 0 0 180 0
    0 0 255 255 0 66 201 125 0 255 0 255 0 251 0 255 0 255 130 255 0 0
    255 255 255 236 0 0 0 0 0 255 0 4 0 255 84 255 0 255 255 0 0 49 255
    68 0 255 255 0 0 255 255 0 255 255 255 0 0 225 0 255 255 255 0 144
    100 0 255 130 255 145 255 255 0 234 255 0 255 0 0 255 248 255 0 255
    11 255 255 255 255 0 0 95 255 255 0 57 0 0 0 44 203 0 171 255 255 0
    255 90 119 0 0 255 255 255 255 34 0 0 0 255 255 202 0 0 255 0 0 0
    255 255 0 255 255 255 0 57 0 0 0 255 0 255 0 129 255 255 255 179 255
    0 0 255 255 255 100 0 0 5 195 0 40 255 255 0 0 0 0 21 40 0 39 0 255
    0 145 124 0 166 0 0 255 255 255 0 0 255 255 255 0 0 205 255 184 0
    255 255 0 0 255 255 0 106 138 0 0 0 0 0 255 128 19 255 0 255 0 255 0
    0 0 0 255 255 0 255 0 255 0 0 0 0 255 0 255 0 255 255 255 255 0 0 0
    0 0 0 211 255 183 119 255 0 227 0 0 255 255 255 60 0 0 48 255 130
    255 255 255 0 0 255 255 54 133 211 128 255 255 65 255 255 0 255 230
    255 0 255 255 255 0 0 255 232 255 0 255 255 0 0 0 255 102 255 0 0
    197 0 255 0 0 255 213 110 255 249 146 0 26 102 255 0 255 0 255 255
    255 0 67 255 0 209 196 255 0 255 0 217 0 0 255 255 0 0 255 37 0 0
    255 255 255 163 0 0 187 255 0 34 0 255 0 0 255 255 255 0 255 0 255
    23 0 255 0 255 255 255 255 255 0 255 166 0 231 0 255 255 183 0 213
    255 190 0 0 255 255 255 0 0 0 255 0 255 156 255 0 255 217 0 255 255
    255 255 0 0 0 255 255 255 159 0 0 255 153 255 0 255 0 0 255 255 255
    0 255 209 255 255 0 152 0 255 255 255 0 110 0 0 0 0 19 255 0 0 255
    25 255 0 0 255 255 255 0 0 0 255 255 0 160 0 255 0 255 0 255 0 0 0
    255 240 255 255 0 0 0 255 255 255 255 255 0 43 0 0 104 75 98 173 255
    255 0 0 0 255 255 0 0 0 255 255 255 255 0 0 122 0 0 0 70 255 255 0 0
    0 255 0 255 0 25 0 255 64 203 255 0 161 255 255 0 0 255 255 0 0 255
    0 255 0 124 0 255 255 255 255 255 0 22 0 0 0 255 140 107 255 36 255
    0 255 0 61 0 0 130 0 3 0 255 0 114 0 255 255 255 0 0 255 255 0 255
    78 255 0 255 139 214 0 0 255 0 255 0 0 0 255 126 227 0 255 255 131 0
    0 0 0 255 255 214 218 0 0 255 255 163 255 255 255 0 0 0 255 23 255 0
    0 0 255 0 255 0 255 237 210 255 179 255 86 255 255 255 255 0 0 0 0
    255 0 0 255 255 255 196 0 224 0 255 255 102 0 0 255 44 21 255 0 255
    0 0 255 0 255 0 0 0 0 112 255 0 255 255 0 64 0 255 0 0 202 0 255 255
    255 255 0 0 0 255 249 41 0 255 111 255 255 0 255 89 0 255 0 255 0
    255 0 0 255 7 255 255 0 255 0 0 153 141 197 0 105 0 0 255 255 0 0
    255 0 0 0 255 255 255 255 0 0 255 255 108 169 166 0 255 0 0 0 255 0
    255 0 0 255 0 0 0 255 255 255 56 255 255 0 255 255 72 0 0 255 240
    255 0 0 171 255 0 0 0 0 0 0 255 112 0 255 0 255 255 255 255 255 0 0
    255 136 255 0 255 0 234 0 241 255 255 0 0 253 255 0 255 255 255 0
    219 72 146 116 255 0 0 0 255 255 0 255 255 255 0 0 0 207 255 0 0 16
    226 255 255 0 0 0 255 0 194 81 255 255 0 0 186 255 0 0 0 255 255 0
    255 16 255 226 64 0 0 255 221 0 0 255 255 0 43 29 0 0 255 255 255 0
    255 0 255 199 0 255 255 0 0 0 40 145 255 0 219 0 255 255 255 193 255
    255 0 0 0 0 78 43 0 144 0 255 0 255 0 255 0 0 255 131 0 0 255 255
    255 255 78 255 114 126 154 194 0 39 255 0 255 0 255 0 0 0 0 255 255
    0 255 255 0 137 0 255 129 0 0 0 255 31 0 255 255 255 0 0 255 255 255
    118 0 255 0 79 0 40 0 9 91 255 0 255 0 76 0 0 255 255 255 255 255
    255 255 0 0 255 255 0 0 0 255 255 0 242 0 255 0 255 0 255 0 0 0 255
    255 255 255 132 181 158 255 255 0 255 0 255 0 255 0 38 255 255 255 0
    0 0 255 255 0 0 87 255 0 209 255 0 0 0 255 255 255 0 0 255 255 255 0
    0 0 197 255 255 82 0 0 255 255 255 123 0 255 61 255 0 255 147 255
    255 0 230 255 255 0 0 20 255 0 0 38 255 0 0 0 0 99 255 0 255 0 255
    255 255 242 255 255 0 251 0 255 231 52 0 0 67 255 255 181 0 0 255
    255 0 255 93 0 0 160 0 255 255 255 31 0 0 87 255 241 0 0 66 255 255
    255 0 5 0 0 213 213 115 0 255 255 255 0 8 255 0 255 0 99 0 73 0 255
    255 255 0 0 0 255 255 255 0 0 217 255 255 0 255 0 166 255 255 0 255
    0 255 0 0 0 255 0 237 58 255 0 0 0 255 255 94 150 255 255 238 255
    255 79 255 0 255 0 0 255 255 255 255 255 0 0 4 255 255 255 255 0 0 0
    255 0 177 255 0 206 0 0 0 255 215 225 0 255 240 166 0 0 0 0 99 255 0
    255 126 255 0 0 0 255 255 70 255 0 255 0 255 0 255 17 149 255 255 0
    0 237 0 255 0 255 255 0 134 0 255 91 255 255 255 47 0 0 0 0 0 0 255
    255 165 255 0 0 0 0 255 255 126 255 0 0 0 230 255 255 255 0 255 0
    194 0 0 0 0 255 255 255 255 255 0 89 0 0 204 255 238 0 255 0 255 0
    197 0 0 255 255 43 0 0 0 94 97 0 0 255 255 255 0 28 0 255 0 255 149
    255 255 255 0 0 0 0 255 255 255 0 0 0 255 0 116 0 255 255 255 0 238
    255 44 255 255 89 0 21 0 255 255 0 0 155 0 0 0 56 0 0 0 255 0 255
    255 255 255 255 255 93 0 0 0 255 80 255 147 255 0 0 255 233 205 34 0
    75 146 255 248 249 0 0 225 135 255 255 255 255 0 255 255 149 0 0 0 0
    0 255 255 0 0 255 255 255 255 0 131 106 255 211 255 0 77 0 255 255 0
    255 116 44 0 0 255 152 255 241 68 255 255 0 255 209 0 0 0 255 47 255
    0 0 225 0 0 255 255 0 255 255 0 0 0 177 255 255 255 180 255 0 0 0
    255 0 0 7 255 0 125 255 255 255 0 0 0 0 255 255 0 0 0 0 255 0 0 0
    255 0 0 0 255 255 255 0 0 255 255 0 0 0 255 16 255 255 255 255 255 0
    0 175 255 0 189 255 0 255 0 0 255 0 255 0 255 255 255 0 0 255 0 255
    0 0 0 255 0 255 255 27 255 119 0 0 0 255 20 255 143 255 0 149 0 178
    0 255 0 0 0 0 255 38 255 255 255 0 0 42 255 119 255 0 0 0 255 201
    255 0 37 0 172 0 0 255 255 0 255 32 255 197 208 0 255 255 255 255 55
    255 255 255 0 0 0 0 255 255 255 0 12 0 0 255 0 255 72 0 255 109 255
    0 0 255 255 255 255 225 255 0 255 255 0 255 0 255 255 255 250 0 0 0
    121 255 0 0 255 255 198 32 0 0 255 0 93 0 0 0 255 213 255 0 255 255
    0 255 0 0 0 27 255 255 0 0 0 255 0 0 255 255 255 255 138 167 0 190
    255 0 0 255 255 0 117 255 255 255 0 255 103 0 0 255 0 112 255 17 255
    0 0 198 0 237 0 41 0 0 255 255 43 2 255 255 0 0 0 255 255 255 0 0 0
    0 255 255 28 0 0 0 196 0 0 0 255 255 255 255 0 75 141 255 0 255 227
    255 83 0 255 255 172 0 255 255 0 255 255 197 0 255 0 255 75 0 255
    255 0 255 0 255 0 33 0 255 0 0 0 255 255 40 32 0 0 0 255 255 255 0 0
    0 2 255 0 255 0 255 255 0 0 255 255 255 255 0 189 96 255 255 255 0
    40 0 255 0 255 182 255 0 255 255 255 0 0 0 255 255 255 255 0 0 255
    255 0 0 0 0 0 255 255 0 0 161 255 255 0 0 255 255 0 0 0 0 255 0 255
    0 255 0 255 255 255 66 255 255 231 0 0 237 0 0 255 0 255 0 255 84
    255 255 224 0 0 76 0 255 255 196 105 0 255 0 255 255 245 0 0 0 143
    255 255 3 255 0 0 207 0 255 255 252 0 255 255 255 0 0 0 0 255 255
    255 255 0 8 0 0 255 255 255 0 0 0 255 255 255 0 0 0 255 0 255 232 0
    255 244 255 0 255 255 255 255 255 255 0 192 255 124 0 0 0 255 255
    255 255 255 185 255 212 0 0 0 255 218 255 0 0 43 255 255 242 0 0 0 0
    255 255 255 112 0 0 0 0 255 255 0 0 0 255 164 255 58 255 255 0 255
    163 163 0 193 0 131 0 255 85 255 0 236 0 155 0 255 125 255 0 0 255
    255 255 255 0 0 0 255 173 0 0 255 255 89 255 0 255 255 0 151 133 180
    255 81 255 0 0 115 255 193 255 49 0 31 88 255 255 255 179 0 0 0 0 0
    255 236 255 16 0 0 0 0 0 0 255 255 255 107 255 0 147 0 101 5 255 0 0
    0 0 255 255 255 123 0 0 183 186 0 0 255 255 255 0 120 255 52 255 255
    255 255 0 255 62 17 236 255 0 85 255 149 0 255 255 0 0 70 255 143 0
    19 255 255 207 255 0 0 255 115 127 0 0 0 255 255 73 255 0 255 0 255
    0 0 43 255 204 0 0 80 255 255 255 0 255 182 0 0 0 0 255 19 0 255 255
    0 0 42 255 255 0 255 255 255 0 71 255 0 255 209 255 255 215 0 0 0 0
    255 0 178 0 100 0 0 255 0 134 0 255 255 0 0 255 255 255 0 0 255 151
    255 0 255 181 255 255 0 29 255 0 255 251 255 0 120 255 255 0 255 0
    255 0 255 255 0 0 0 255 0 255 0 255 48 255 224 28 0 255 255 0 0 98
    255 255 255 0 0 0 1 255 255 0 197 255 0 255 0 0 0 0 255 255 0 0 0
    255 156 0 0 255 168 34 255 0 255 255 255 0 255 0 1 0 255 255 255 0 0
    255 255 255 255 0 0 255 255 255 255 255 128 0 0 0 0 255 0 59 0 255 0
    123 0 0 0 255 126 255 0 255 239 0 0 197 255 0 255 0 0 0 0 0 255 0
    255 0 0 255 0 155 0 0 80 0 78 255 255 255 0 104 0 255 255 102 0 221
    255 0 0 255 0 255 255 255 210 255 0 59 255 0 0 0 255 255 0 255 255
    255 0 0 165 126 255 0 217 0 87 0 0 255 162 236 225 255 0 0 0 255 255
    255 0 255 26 0 0 0 255 0 255 103 0 0 0 95 255 255 255 255 0 255 35
    255 0 255 0 0 0 105 0 255 156 255 255 0 0 68 0 0 255 255 255 51 0
    129 255 255 0 2 8 255 255 0 255 178 255 0 255 197 174 0 0 0 0 201
    255 255 159 255 0 0 255 96 24 255 255 44 0 255 242 0 255 255 255 0
    177 0 0 38 0 51 0 255 255 15 0 0 0 255 0 255 95 255 0 0 255 255 255
    254 201 0 191 0 0 255 49 110 255 209 109 96 0 255 147 194 95 172 255
    0 0 0 0 255 255 255 0 104 64 0 0 255 161 0 123 255 255 255 0 0 0 0
    255 255 0 0 0 163 0 0 0 0 255 0 255 255 255 53 0 0 0 255 255 135 0 0
    0 0 236 255 255 0 0 255 130 253 0 255 255 255 0 0 0 0 255 255 255 0
    16 255 255 255 255 38 0 255 0 255 0 255 0 0 0 0 0 0 0 255 255 0 255
    255 255 114 0 180 0 255 0 255 0 255 0 255 0 0 0 255 0 255 0 255 255
    255 0 255 2 255 255 255 0 255 0 255 0 237 199 0 255 116 255 0 159 0
    255 255 255 0 0 235 0 0 255 255 255 0 0 85 255 255 105 0 47 0 0 255
    113 255 79 0 0 0 255 0 134 0 255 0 255 0 0 0 0 255 255 231 0 0 255
    255 0 0 214 0 146 227 183 255 255 0 255 0 255 0 0 242 255 0 0 0 255
    26 255 0 255 255 0 0 0 0 255 255 255 0 255 0 0 0 255 0 0 0 255 255 0
    255 255 255 255 0 7 255 255 255 0 0 255 255 255 128 0 163 0 255 255
    0 0 163 0 255 255 236 0 0 255 255 0 0 92 0 0 241 255 255 255 255 255
    0 255 0 255 255 144 119 0 255 183 0 0 0 255 151 27 161 255 171 255 0
    0 0 233 178 232 255 0 142 255 105 255 255 0 0 0 0 255 255 0 255 0
    255 214 255 0 199 0 0 0 255 255 255 0 0 88 255 255 205 0 255 0 0 0
    193 0 224 255 255 0 0 255 255 59 255 0 0 0 0 0 255 255 255 255 255
    255 0 255 0 255 66 0 186 255 0 129 255 72 255 0 99 0 255 70 255 118
    255 152 0 171 255 151 0 255 255 255 0 241 0 255 255 25 0 0 0 255 255
    255 0 0 250 175 32 0 21 13 255 0 44 0 78 0 130 255 109 255 0 255 0 0
    0 255 255 255 169 0 255 255 255 255 0 255 255 0 0 0 149 0 0 0 255
    255 255 215 1 0 236 0 255 255 255 0 0 0 255 147 255 0 60 0 0 211 0
    153 0 255 255 255 0 255 239 255 0 0 255 121 255 128 0 255 255 255 0
    255 255 92 31 0 0 255 255 255 0 255 255 0 0 0 255 255 255 255 255
    171 255 0 58 255 234 255 0 123 255 194 116 213 0 0 255 255 255 0 0 0
    255 255 183 0 0 0 255 255 255 0 0 18 107 201 255 255 248 0 255 88 0
    117 255 174 0 0 255 255 180 200 234 0 255 255 255 0 255 255 0 0 255
    40 255 255 255 255 140 255 255 81 255 0 255 0 0 255 0 255 0 255 0
    255 62 255 0 0 0 255 88 255 90 55 0 197 255 0 0 0 243 255 0 134 0
    255 0 255 0 0 255 0 255 202 72 0 0 158 255 255 0 96 35 152 255 255
    255 0 255 255 0 68 255 255 255 0 0 0 0 0 255 255 0 73 255 255 0 0
    255 255 0 255 255 255 255 7 155 0 255 255 35 0 0 0 0 255 255 255 255
    0 0 192 255 255 0 0 0 0 232 28 255 0 0 255 255 0 0 255 255 0 0 166 7
    0 13 255 255 255 245 255 0 255 0 199 0 209 0 0 0 255 255 0 1 255 115
    0 27 67 255 131 255 0 255 0 255 0 255 255 136 5 0 255 193 62 255 208
    112 255 255 46 53 0 0 0 0 255 0 255 0 255 0 151 255 255 0 255 255 0
    0 0 255 255 0 239 47 255 0 0 255 255 255 0 0 0 255 0 194 255 255 255
    94 255 83 255 41 255 255 255 0 228 175 0 192 255 255 255 0 242 0 255
    0 255 255 255 255 255 0 230 255 255 255 0 0 43 255 255 51 0 228 0
    255 0 255 0 255 0 0 0 65 255 0 150 244 0 0 0 255 233 0 255 255 255 0
    0 0 0 0 255 0 255 0 255 0 255 0 255 0 255 247 0 0 0 154 166 0 255 0
    0 0 16 255 49 255 0 255 255 0 0 0 255 0 0 183 0 0 255 255 0 255 255
    0 65 255 255 0 0 255 255 77 255 255 0 76 45 255 255 255 0 0 5 0 188
    255 103 255 255 0 120 0 255 255 255 0 255 101 255 0 255 255 26 220 0
    0 255 0 232 0 255 110 255 0 255 0 230 255 173 255 0 0 0 0 255 0 255
    255 255 0 154 0 12 255 0 0 255 0 0 230 255 255 0 255 0 0 70 115 255
    41 12 0 0 255 0 255 0 255 255 0 0 255 255 192 0 0 255 255 0 255 0
    183 255 0 255 255 255 255 0 0 0 94 255 0 255 190 187 255 255 255 0
    255 0 255 0 255 25 0 255 0 0 0 187 255 0 255 0 0 62 255 0 0 0 0 255
    0 255 0 255 192 0 24 255 0 0 0 255 255 255 255 255 255 255 0 255 166
    255 0 0 0 255 26 0 0 0 255 238 0 255 0 167 255 0 0 255 170 0 0 198
    255 2 255 255 0 0 0 0 155 255 0 0 255 0 255 0 255 0 0 255 0 0 255
    241 255 3 0 117 0 255 0 140 189 140 0 255 58 0 255 255 252 0 0 255
    255 47 0 122 118 255 0 255 0 0 0 0 255 118 255 0 0 215 255 68 255
    204 0 0 0 242 0 255 0 229 0 255 0 255 183 0 36 255 255 0 255 255 177
    255 0 0 255 233 255 0 39 0 255 250 128 0 255 0 130 0 255 255 241 0 0
    0 255 255 255 0 255 82 255 8 0 255 0 167 238 217 229 124 0 0 0 0 255
    17 255 0 7 0 255 195 255 255 255 255 0 0 255 0 255 0 208 0 255 0 255
    25 255 255 255 0 0 0 255 255 0 126 255 255 0 190 0 255 0 255 134 255
    68 28 201 255 0 0 0 255 255 255 0 174 69 6 255 255 32 0 0 255 255
    255 255 0 0 0 0 255 62 255 0 255 0 255 255 255 0 255 255 255 255 0 0
    0 129 255 211 0 0 0 255 45 232 255 255 255 0 0 255 0 255 0 255 0 0 0
    255 0 255 255 12 255 255 255 0 0 0 255 0 50 100 255 255 108 255 255
    0 70 255 8 0 0 255 12 0 0 0 97 37 0 255 255 52 255 0 255 174 255 255
    255 0 0 0 0 0 255 8 182 0 255 0 0 95 249 255 255 212 0 60 255 238
    138 0 0 0 255 0 255 255 255 0 0 190 0 0 255 0 255 0 0 39 0 255 0 251
    153 255 0 0 28 255 255 0 0 181 0 106 255 255 0 255 255 255 0 0 0 0
    255 255 38 0 0 255 255 255 255 255 205 0 255 255 255 0 255 255 70 0
    255 112 255 0 174 60 0 255 0 255 0 255 255 255 0 0 255 255 255 0 255
    255 255 126 0 255 255 0 255 0 255 0 0 188 0 255 0 255 0 0 255 255 79
    255 0 44 0 25 0 99 255 255 0 0 255 255 0 255 0 0 0 100 0 0 0 255 0
    255 99 0 0 0 142 255 18 255 59 255 255 0 255 36 0 212 0 49 255 0 255
    0 216 0 0 0 0 255 0 0 255 255 255 0 249 255 0 0 0 255 255 255 255
    108 255 255 0 0 0 255 255 253 66 0 255 255 255 203 0 122 0 0 140 255
    255 30 37 97 100 255 255 255 255 0 0 94 255 255 255 161 0 114 0 29 0
    0 0 248 255 255 0 0 0 255 255 0 39 0 0 0 255 32 255 255 255 0 0 255
    70 255 0 0 0 255 255 0 221 255 0 0 0 255 130 150 0 0 255 202 95 103
    255 235 0 0 40 255 255 255 0 164 192 255 0 0 255 50 255 255 0 0 230
    255 255 255 0 0 255 0 181 0 255 147 0 0 0 255 0 0 149 0 0 0 26 255
    255 0 0 255 255 174 0 0 168 255 0 0 255 255 255 0 205 0 100 255 0 0
    0 0 255 65 255 0 255 0 199 0 0 255 255 0 0 0 255 255 168 159 255 255
    0 0 0 94 0 255 0 255 16 255 0 126 0 255 52 255 28 255 0 0 51 0 0 10
    0 255 255 255 255 255 0 0 0 255 0 97 0 255 255 255 0 0 0 250 255 207
    0 0 225 65 255 255 0 0 255 255 255 255 0 255 0 255 0 255 0 255 0 255
    255 0 0 131 255 0 0 255 255 255 0 246 74 163 0 62 121 255 0 243 10
    255 255 255 0 0 149 255 255 255 0 119 0 255 195 201 0 0 255 255 255
    255 255 0 0 0 19 252 209 255 12 255 0 255 0 255 255 0 0 170 255 255
    0 141 0 0 255 130 0 0 255 255 255 109 255 0 61 181 0 0 0 17 255 0
    255 0 255 0 255 255 88 0 206 112 0 14 255 255 255 255 0 0 255 255 0
    0 0 0 0 255 0 255 255 255 255 255 0 255 0 255 69 0 255 224 0 0 0 0
    255 0 255 0 255 0 156 0 135 255 0 0 0 0 255 0 255 255 0 0 59 0 255 0
    255 0 142 255 255 255 0 0 0 255 255 255 0 0 255 255 255 206 0 180
    255 172 255 0 255 0 255 0 255 36 0 11 0 255 255 255 0 0 0 255 255 0
    0 207 255 255 255 0 255 255 255 0 125 232 255 0 0 0 255 32 0 255 255
    245 255 81 195 0 255 1 0 0 0 255 228 255 189 255 206 0 0 255 255 230
    111 57 0 0 0 43 255 255 0 0 0 255 38 255 255 255 0 28 121 139 255 0
    0 0 183 83 255 255 255 0 0 81 255 0 255 0 38 255 255 255 0 255 181
    222 0 255 255 152 139 103 0 255 255 255 0 127 29 255 0 0 249 0 255 0
    255 19 0 0 80 48 161 255 0 0 0 233 255 255 255 255 92 0 0 0 0 255
    105 134 0 0 250 255 255 66 255 255 0 55 175 255 0 0 111 255 255 255
    255 144 138 0 11 0 0 6 255 0 255 0 255 238 255 255 0 247 0 0 255 0 0
    0 253 255 255 0 255 0 255 255 0 0 0 255 0 255 80 255 255 255 0 0 0
    255 255 255 0 255 0 0 0 0 255 197 255 0 0 255 255 99 0 245 0 0 0 255
    108 0 0 255 255 255 0 255 0 151 255 255 255 0 255 0 0 255 255 255 0
    255 255 255 0 162 0 255 255 255 0 255 111 33 0 0 255 108 0 0 0 0 75
    35 15 0 0 229 255 174 255 49 0 255 0 45 139 140 255 255 171 0 0 255
    255 189 47 0 0 0 255 159 255 0 255 250 255 0 255 255 0 0 0 255 0 254
    255 255 255 0 0 0 255 255 235 57 139 0 255 0 255 255 0 255 0 0 0 255
    255 255 157 0 0 0 255 0 0 0 255 255 255 255 0 255 255 0 0 0 0 255
    255 255 255 255 255 0 0 0 0 255 255 254 0 0 255 255 255 7 0 93 71
    255 0 255 64 229 92 98 255 255 255 0 255 0 255 0 255 255 0 255 0 255
    101 255 0 0 0 255 255 0 255 255 255 0 0 0 0 255 255 0 0 0 0 255 255
    57 255 0 51 150 0 0 255 255 182 159 0 0 66 255 255 255 255 0 0 0 0
    34 255 0 255 0 157 255 0 125 255 255 255 0 0 255 0 255 255 212 0 0
    255 0 25 8 255 255 0 0 79 0 255 255 255 255 0 221 0 255 35 255 0 255
    255 255 0 255 38 0 0 255 255 255 0 0 0 255 255 255 197 0 255 0 0 210
    134 255 0 0 255 255 109 0 0 255 255 255 0 255 255 255 94 0 255 255
    255 255 255 0 0 0 255 255 0 255 205 255 255 255 0 255 0 0 255 255
    217 0 251 255 255 0 0 0 255 255 255 255 255 0 53 0 255 238 0 0 255
    255 0 138 0 77 255 0 0 0 255 0 255 0 255 0 195 255 188 0 0 0 255 255
    255 0 255 0 0 0 255 255 0 0 0 214 255 255 0 0 255 3 0 0 255 0 106 0
    0 146 255 120 255 0 255 0 255 172 138 179 255 135 255 255 255 0 0 0
    0 155 50 255 212 255 0 0 255 0 0 0 255 0 0 0 255 22 159 74 255 255 0
    235 33 246 0 49 255 0 0 0 255 255 75 255 0 0 255 0 255 255 255 255 0
    119 0 0 255 0 0 0 255 255 255 0 0 148 0 255 0 0 255 255 40 0 204 0 0
    255 255 195 255 68 0 18 0 255 0 255 0 255 0 255 0 133 0 255 89 36 0
    255 255 255 255 0 0 255 247 224 255 130 0 0 0 255 255 255 44 0 121
    248 201 255 0 255 0 0 101 255 0 55 255 255 0 0 0 255 0 0 0 255 0 255
    0 0 123 255 255 0 0 255 255 0 0 0 255 64 0 231 255 0 255 0 255 255
    255 255 0 0 175 255 73 0 0 0 231 255 255 255 255 0 255 255 255 0 255
    0 0 255 0 255 255 0 255 255 255 0 45 0 255 255 255 0 0 0 47 255 0
    255 255 255 0 144 0 0 0 0 255 255 0 0 0 255 0 0 255 0 0 0 229 255
    255 0 0 255 255 0 0 225 255 255 0 0 182 106 255 255 255 0 0 0 255
    255 255 0 0 0 232 159 255 255 249 0 69 253 255 0 255 227 0 255 255
    255 0 0 0 0 255 255 255 0 0 255 255 0 0 255 0 0 0 255 0 255 171 60
    68 0 0 0 255 27 0 255 255 255 0 22 255 255 0 255 0 0 255 0 181 0 255
    0 81 255 255 0 0 154 255 255 184 255 35 0 255 255 255 0 0 0 4 0 255
    221 255 0 255 255 255 0 62 255 255 0 38 255 0 0 0 0 0 0 0 0 255 0 0
    0 255 255 0 0 255 0 255 255 255 0 16 255 144 255 0 0 0 255 255 0 0 0
    0 0 0 0 255 255 255 0 0 0 0 0 148 255 0 255 0 255 0 0 255 255 0 0 0
    7 255 0 255 255 0 0 255 196 0 0 0 255 0 0 255 0 255 0 107 255 46 255
    0 0 255 3 255 153 0 0 255 0 255 0 255 0 255 255 0 255 0 255 255 205
    66 0 0 0 255 255 0 255 0 255 255 181 97 255 255 255 255 0 0 0 0 7
    255 255 0 169 12 0 255 85 255 255 219 0 0 0 130 255 64 32 255 247
    255 0 0 95 255 137 255 0 109 0 255 0 0 0 0 255 31 0 0 0 255 255 65 0
    55 191 0 219 255 255 0 0 0 255 0 240 255 0 0 88 0 255 255 170 255 0
    0 0 28 78 0 255 255 255 255 0 0 0 27 255 247 158 255 255 0 85 83 255
    0 255 0 255 0 255 179 0 248 0 34 0 0 255 255 0 255 255 255 250 0 116
    255 255 255 0 0 135 0 255 0 0 255 0 255 255 255 255 255 3 0 0 0 0
    255 161 153 255 0 255 178 89 0 45 10 0 0 255 255 0 255 255 255 0 255
    255 127 0 255 255 255 255 29 0 0 0 255 226 255 255 178 147 0 255 255
    255 0 0 255 255 0 0 0 0 255 0 255 0 0 218 0 255 213 0 12 79 255 255
    0 0 255 255 98 255 0 255 255 0 0 255 255 0 0 0 206 255 0 177 0 255 0
    141 0 29 165 255 255 0 0 255 255 0 0 255 255 0 0 0 255 255 0 255 255
    255 0 0 0 18 90 0 0 83 101 80 255 0 255 255 255 197 255 123 0 0 132
    255 255 255 255 0 0 0 255 255 255 255 255 255 255 0 173 0 255 255 0
    0 0 171 255 0 144 255 0 0 255 0 0 0 255 255 255 255 0 0 0 99 255 255
    75 151 39 148 0 255 255 25 0 0 0 255 197 176 255 0 255 0 255 255 0
    255 0 255 194 255 0 0 198 255 255 0 0 0 255 0 255 0 0 255 0 114 255
    255 0 0 255 117 255 0 255 0 255 207 255 0 16 0 0 0 255 255 255 0 0
    255 255 255 0 0 0 54 255 255 46 198 15 0 255 255 17 0 0 169 4 255 0
    255 0 255 0 0 0 123 255 0 255 0 0 0 0 255 82 255 255 0 0 0 187 0 255
    255 255 0 0 255 255 0 0 0 255 47 255 0 255 0 255 0 80 0 255 255 0
    255 0 0 0 255 0 0 107 0 0 255 0 255 94 0 255 0 255 96 0 255 255 255
    0 0 255 187 255 0 255 255 255 248 193 0 0 255 255 0 102 0 205 117
    255 255 112 0 0 255 100 255 0 0 0 222 0 0 255 24 255 255 255 0 0 252
    76 255 255 0 0 221 255 159 0 255 0 255 204 255 133 255 0 222 0 255 0
    0 27 8 255 0 255 255 30 255 255 191 187 111 255 0 0 221 255 255 255
    197 0 26 0 255 255 255 255 0 0 0 0 255 255 255 255 0 0 0 255 255 255
    155 255 0 255 0 255 0 0 0 213 255 255 216 255 255 0 0 0 255 255 255
    0 0 255 97 0 0 171 255 255 255 43 123 255 0 79 255 255 0 0 255 0 0 0
    255 255 255 254 0 0 0 255 255 0 255 175 255 0 255 255 0 255 255 0
    255 0 255 0 255 0 213 0 255 255 0 255 0 0 255 0 255 0 255 10 255 255
    0 0 196 255 0 255 255 255 13 231 0 49 0 255 0 0 255 0 255 0 0 255
    255 255 255 179 255 0 0 0 255 0 83 168 255 0 0 255 0 0 0 238 255 255
    0 0 255 0 110 255 251 169 0 255 197 0 0 255 255 255 0 0 255 187 255
    0 0 17 0 0 191 255 255 0 255 0 0 255 255 230 0 0 0 255 240 196 0 0 0
    239 0 255 255 255 255 0 156 0 211 106 143 255 249 255 0 255 255 0 0
    0 255 255 0 255 255 0 0 254 255 223 255 0 0 0 0 0 255 245 255 0 0
    176 255 0 255 0 255 0 255 15 132 0 255 0 0 255 255 0 255 255 0 255 0
    255 255 0 0 237 24 109 116 131 0 0 255 38 255 255 0 255 0 165 255
    255 255 255 0 0 0 0 255 0 255 255 113 0 0 43 0 255 255 255 0 255 0
    255 0 0 18 0 255 255 255 255 255 34 9 0 0 255 165 0 255 0 255 255 90
    0 102 0 0 82 5 53 14 0 0 255 0 255 255 255 0 255 203 0 0 0 0 119 0
    255 253 255 0 255 93 0 0 0 255 255 255 32 0 233 255 255 0 255 0 0 0
    39 0 0 0 11 0 0 50 255 255 0 0 251 0 0 0 0 106 0 0 0 0 255 207 0 221
    56 255 0 0 255 255 100 0 0 255 0 0 255 255 255 0 69 0 137 56 255 0
    255 255 0 0 57 0 0 41 14 255 255 0 255 0 255 255 0 0 0 0 255 0 0 255
    0 0 0 83 255 0 255 0 255 0 120 0 255 255 255 92 255 163 255 0 0 104
    0 255 255 255 251 0 255 64 0 255 0 255 0 255 0 50 0 255 255 45 255 0
    255 255 0 255 0 150 0 204 0 174 0 0 0 255 0 255 0 0 81 255 61 0 0
    255 255 0 255 0 255 255 255 212 244 0 235 0 255 255 255 0 0 200 0 0
    255 255 255 121 162 0 255 255 255 0 0 0 0 255 255 255 61 0 255 0 0
    255 255 0 0 255 0 0 210 255 255 56 0 0 255 255 179 105 0 255 0 255
    255 0 81 194 89 255 0 255 0 0 0 255 0 255 255 168 255 7 0 0 255 255
    255 0 0 0 0 255 255 255 255 0 255 255 231 0 0 30 255 255 0 237 255
    221 152 255 255 0 245 0 255 255 207 255 48 255 0 174 0 255 143 255
    255 255 255 0 255 181 255 0 233 255 255 255 28 255 189 219 0 73 0
    255 93 0 157 169 0 255 154 0 255 255 0 145 0 255 0 255 0 255 0 255
    255 0 0 232 0 255 91 255 105 0 33 255 212 255 0 255 0 0 0 255 0 0 0
    255 255 255 255 0 255 55 255 0 255 255 255 197 0 255 255 255 151 119
    234 30 0 15 0 176 0 255 0 255 0 110 0 255 0 0 0 208 0 255 255 255 0
    0 19 255 0 0 255 59 255 0 0 255 0 255 0 255 0 255 0 211 145 255 0 0
    0 255 0 176 255 0 98 255 99 255 0 255 0 248 255 255 255 255 0 0 0
    110 255 255 255 255 0 0 0 57 255 255 0 0 255 0 253 0 255 255 255 0 0
    0 0 255 255 255 0 0 0 255 238 14 23 0 0 71 255 255 255 255 0 0 0 19
    255 0 253 0 77 14 0 255 0 0 0 255 255 0 0 0 255 97 0 0 239 255 0 0 0
    255 0 124 255 255 0 242 255 130 255 207 120 0 255 0 26 0 191 0 255
    94 255 255 0 0 255 255 0 0 0 0 255 0 0 0 173 255 255 0 0 89 35 255 0
    0 0 0 255 0 255 0 0 255 255 255 0 255 0 255 6 255 255 255 255 255
    101 0 0 0 255 169 0 106 0 255 0 255 255 255 0 255 255 0 0 0 255 0 0
    255 255 255 26 32 255 0 255 248 140 255 0 69 88 0 195 255 0 0 0 124
    255 255 255 255 0 0 65 0 0 0 255 255 255 255 0 255 117 255 0 255 0
    255 0 0 0 0 0 0 255 199 255 16 255 255 220 106 0 255 255 0 0 0 0 255
    0 255 0 255 0 0 134 163 255 255 159 255 255 0 0 0 255 255 110 255
    255 255 0 0 98 255 0 0 0 0 149 255 0 255 0 255 0 0 153 115 255 192 0
    0 99 0 255 255 0 0 255 34 0 255 212 255 7 255 59 255 0 0 0 0 255 255
    255 0 184 0 122 0 0 0 232 0 66 255 0 255 28 5 255 137 0 115 82 14 0
    255 0 207 255 207 255 255 0 99 245 0 255 72 255 0 255 0 255 0 235 0
    255 0 154 255 0 19 0 255 255 0 14 0 255 255 0 0 255 31 15 0 0 0 255
    255 255 255 0 0 0 255 152 255 0 0 0 255 255 140 255 9 255 37 255 255
    0 0 0 255 255 222 255 255 255 0 0 255 255 255 120 0 255 255 0 0 125
    255 255 0 255 22 255 0 0 255 10 255 0 0 255 0 19 255 255 93 255 0 0
    0 255 255 255 179 255 33 253 74 255 0 0 0 255 255 255 0 255 0 21 249
    0 255 0 120 42 255 0 0 255 255 0 0 0 255 0 255 0 53 255 0 159 0 0 0
    188 255 255 64 0 0 105 182 40 255 255 123 255 0 0 125 255 0 95 255
    255 255 0 255 0 0 0 255 255 0 0 0 0 255 0 0 169 255 0 255 0 0 51 255
    0 27 238 255 255 255 0 0 0 0 193 255 246 0 3 0 0 0 16 0 0 255 0 255
    0 255 204 0 0 255 255 0 255 38 255 255 82 0 255 255 181 0 255 0 255
    0 255 0 0 0 0 15 255 16 255 0 255 255 0 0 255 120 0 0 0 0 255 0 255
    0 210 0 158 255 228 0 0 0 216 0 255 0 54 0 189 255 0 0 255 255 12 0
    0 0 255 0 197 255 255 251 0 255 11 121 0 255 0 255 0 0 78 255 0 40
    255 255 255 85 255 255 255 11 255 0 0 255 255 255 0 0 144 255 0 0
    255 0 255 255 0 255 0 0 255 204 0 0 255 255 255 0 0 119 255 0 190 0
    255 255 255 0 0 0 0 140 255 0 0 255 255 255 255 100 0 0 221 0 0 255
    255 0 0 254 0 0 255 0 255 255 255 243 255 199 235 0 0 0 57 255 255 0
    15 255 0 255 0 255 231 255 255 51 0 0 0 255 255 255 0 0 255 255 0 72
    0 108 0 255 121 255 0 54 0 0 0 188 255 0 255 63 255 255 255 0 0 0
    255 255 255 0 255 0 0 255 255 92 0 0 255 0 255 0 245 255 255 0 0 237
    0 255 207 0 0 0 255 255 255 0 0 0 0 210 255 0 255 0 255 0 0 255 255
    255 198 255 255 65 0 235 255 255 152 0 0 0 86 157 255 255 0 0 255 94
    248 0 255 255 255 112 0 255 255 186 0 255 255 255 0 49 0 255 255 54
    255 171 255 255 255 249 0 0 0 0 0 53 255 255 228 255 0 0 0 0 120 183
    255 255 255 255 255 0 0 255 217 255 0 0 0 255 255 255 0 0 255 255
    222 255 22 255 0 0 0 0 99 0 110 0 37 0 0 255 0 248 255 0 170 0 255 0
    255 255 188 243 255 255 0 0 255 255 0 255 85 140 0 0 0 215 255 255
    82 0 255 0 0 0 0 0 155 255 255 0 0 255 0 255 0 0 0 78 255 0 146 0
    255 255 68 255 0 255 0 255 0 223 0 76 255 255 0 0 0 255 0 43 255 255
    255 255 0 255 0 255 0 82 0 0 185 255 94 0 0 255 176 0 255 255 255 0
    0 13 255 0 0 255 255 76 0 0 228 255 187 42 0 0 255 0 92 0 0 0 39 0
    255 255 0 255 0 96 255 189 0 255 18 255 0 0 255 255 255 0 0 255 255
    255 255 0 255 101 255 144 255 0 43 255 0 76 139 246 255 0 255 138
    255 255 0 255 0 255 159 255 0 0 255 0 255 83 92 0 108 255 255 255 0
    32 84 0 255 255 0 255 255 0 0 0 255 255 182 0 0 214 255 255 230 255
    0 0 0 255 255 0 255 0 23 0 255 255 255 34 0 178 255 255 255 255 132
    255 0 255 98 221 0 70 255 255 219 255 220 0 0 254 255 255 255 0 0 0
    0 255 0 0 0 255 255 0 0 255 0 0 0 255 0 255 142 255 55 255 0 0 255 0
    255 0 0 255 220 255 9 255 0 249 152 255 255 255 0 158 255 211 0 0 0
    255 255 41 0 0 0 255 255 0 255 255 0 136 255 255 112 0 0 0 255 255
    97 0 255 0 48 0 255 255 0 0 0 255 0 255 255 255 0 0 0 215 0 255 255
    11 255 255 255 0 0 55 180 255 0 255 255 0 0 142 0 255 255 255 186
    255 57 93 0 255 248 255 255 255 255 0 0 247 140 0 255 203 255 255 0
    172 255 255 255 255 0 118 0 0 255 255 255 0 248 0 0 255 255 234 0
    255 0 0 255 255 255 0 255 255 14 231 0 0 0 255 255 0 255 0 0 27 0
    255 255 255 0 0 10 255 255 15 0 255 0 255 255 255 0 0 0 140 255 255
    0 0 255 62 255 0 0 0 255 255 186 79 112 201 220 255 124 0 0 255 255
    108 0 27 255 0 255 255 255 0 0 0 106 255 255 0 0 255 118 255 0 0 0
    255 0 31 0 14 0 255 0 255 77 0 0 0 255 255 0 0 0 0 255 255 0 255 0
    47 255 91 255 0 0 0 0 230 255 255 0 255 255 255 0 0 0 255 0 0 0 0
    255 255 227 255 0 255 0 255 123 0 0 10 0 255 255 255 191 255 196 0
    11 255 79 237 0 255 255 255 0 255 0 0 0 255 0 255 255 0 0 20 255 255
    0 255 0 255 198 0 67 255 120 255 0 0 188 255 255 0 255 0 0 0 255 0 0
    0 255 255 255 116 0 0 255 0 86 0 0 255 124 255 255 0 0 0 0 0 255 255
    255 255 0 0 0 255 255 255 78 0 255 0 0 11 0 255 255 255 255 0 255
    255 0 0 0 0 255 255 118 0 0 0 255 0 0 255 255 255 139 188 255 0 255
    255 255 166 0 255 0 255 180 0 255 59 255 0 158 0 56 0 167 0 255 83 0
    255 255 255 255 255 0 0 255 220 0 255 0 72 255 255 255 255 78 57 255
    0 255 0 255 255 0 24 255 126 0 255 0 255 0 0 0 186 0 255 0 0 0 255 0
    183 213 255 183 27 0 166 0 255 0 0 77 0 0 255 255 255 239 193 237
    255 255 255 216 0 255 255 0 0 0 255 255 255 156 0 255 255 31 0 0 255
    182 255 0 0 255 255 0 0 255 255 0 255 255 0 255 0 0 0 0 255 0 0 0
    255 0 255 255 255 0 0 0 255 255 255 0 255 255 85 255 0 0 91 255 255
    255 255 255 255 255 0 185 255 226 244 255 255 0 0 255 255 89 255 0 0
    255 255 255 0 85 0 255 255 255 0 255 255 0 0 188 0 0 0 255 0 255 0 0
    0 43 0 255 205 255 0 0 0 0 195 0 255 255 255 255 0 255 195 0 124 255
    255 255 0 0 0 255 77 0 255 59 0 0 255 255 255 0 0 255 255 255 255 0
    0 0 255 255 255 140 255 0 0 255 255 0 0 0 0 0 255 0 233 0 0 0 0 255
    255 255 255 0 0 0 0 255 255 0 153 0 136 255 232 0 0 21 188 0 255 255
    255 0 255 0 255 52 0 255 255 232 130 0 155 255 255 0 62 255 255 0 0
    0 255 0 255 0 11 0 0 255 255 21 0 255 255 255 0 0 125 0 147 255 0
    255 0 92 0 255 0 255 0 255 0 0 0 255 0 0 0 255 255 255 255 124 255
    252 40 120 255 255 255 255 255 244 0 0 0 255 244 0 0 255 255 255 0 0
    0 255 0 255 218 255 0 255 255 70 0 0 255 255 0 0 0 255 255 0 0 255
    234 255 0 0 255 255 240 255 0 0 255 255 11 255 0 255 0 0 0 255 255 0
    0 255 0 255 0 40 0 211 0 0 0 255 255 255 255 255 255 0 0 255 0 148
    255 5 255 255 255 0 255 255 255 0 255 255 255 0 0 14 255 255 255 255
    255 0 255 150 0 255 0 255 0 0 0 255 255 208 0 132 0 0 0 255 0 255 0
    0 255 255 0 0 255 0 0 0 0 255 255 255 207 0 219 89 130 0 255 255 0 0
    0 255 6 255 255 0 0 255 255 255 0 45 0 0 0 255 255 255 255 0 147 133
    255 0 0 255 255 255 0 15 255 255 0 255 63 255 0 255 0 0 0 41 255 255
    0 0 0 255 92 0 0 124 255 0 255 0 255 0 255 40 255 255 224 255 217
    160 109 144 0 0 255 255 0 0 255 255 255 64 255 0 255 255 255 179 255
    255 108 219 63 255 0 255 0 255 0 255 0 0 255 255 0 0 0 120 183 0 255
    0 255 0 0 255 0 0 22 130 255 114 0 101 255 255 0 0 0 153 117 255 255
    255 0 0 255 255 255 255 0 86 0 0 0 139 0 0 255 255 255 255 255 255 0
    255 255 0 43 103 255 0 57 255 0 0 255 255 255 255 0 166 0 255 109 0
    1 255 0 0 0 0 0 0 113 0 255 41 255 0 80 255 255 0 255 79 255 0 0 0
    255 0 0 0 255 0 0 0 0 255 0 0 255 255 255 0 255 0 195 0 19 255 255
    255 0 255 117 255 0 226 121 0 181 0 255 0 255 255 79 167 184 216 0 0
    0 255 255 0 255 255 255 0 255 0 0 194 255 255 255 0 255 0 0 129 0
    112 11 193 0 10 47 194 0 255 255 0 255 0 0 0 0 0 0 255 255 0 0 0 255
    255 0 255 43 155 255 0 0 255 255 0 0 255 0 0 0 255 0 255 69 255 0 0
    0 0 255 0 0 87 255 0 46 0 255 0 17 0 127 255 0 0 0 255 255 211 0 194
    255 0 0 0 255 255 255 0 0 255 255 255 255 45 0 100 255 166 0 21 0
    218 0 255 0 255 255 184 0 0 91 92 0 0 0 255 0 0 255 255 255 183 0
    255 255 0 0 255 255 0 185 0 0 0 255 255 0 255 0 255 0 85 255 255 200
    255 140 0 255 255 255 0 0 255 0 0 0 0 255 255 255 92 0 0 255 0 0 255
    0 255 255 0 250 0 255 0 0 101 255 255 255 0 0 255 255 0 0 86 255 255
    0 255 255 255 255 0 0 255 255 0 103 255 255 255 186 197 222 255 213
    0 130 0 255 69 252 255 226 0 0 255 0 0 0 0 255 255 104 0 0 186 0 0
    255 0 255 0 255 0 255 0 255 255 255 0 0 0 255 56 255 0 255 255 255
    255 0 255 0 0 0 255 50 0 0 255 138 255 0 255 0 255 0 255 0 255 2 0 0
    0 49 255 254 0 255 21 255 238 0 246 0 255 255 193 90 0 255 0 0 0 255
    0 255 255 255 0 255 0 0 0 255 255 156 228 148 10 255 57 255 255 255
    255 255 255 0 178 0 89 255 0 255 0 0 0 0 84 255 255 255 0 0 255 12
    255 0 255 0 255 0 0 255 0 0 255 255 88 0 255 0 255 0 255 0 255 64
    223 69 255 0 0 0 139 12 126 0 0 78 51 60 0 0 255 169 255 0 0 255 57
    227 0 141 0 255 255 0 255 255 255 0 0 255 229 255 20 0 0 255 0 0 0
    255 255 0 0 255 0 255 34 255 214 255 0 255 0 255 0 255 255 255 240
    115 0 255 0 255 255 149 0 20 255 255 0 0 0 255 0 255 0 255 0 0 95 0
    0 0 0 255 255 255 0 0 255 144 123 0 158 255 0 0 0 31 0 255 255 255
    255 242 255 47 255 0 255 161 0 255 89 0 0 0 255 255 255 255 255 0
    255 0 0 0 255 0 255 255 255 0 255 74 0 0 255 123 252 0 255 0 255 255
    61 0 0 0 164 0 126 183 255 255 160 0 191 0 255 255 154 0 0 98 255 0
    255 255 255 253 170 0 255 255 255 255 95 249 0 0 255 224 255 0 163
    122 84 117 0 255 255 255 111 255 255 255 244 255 0 0 108 0 63 0 255
    255 44 255 0 0 2 255 255 0 255 255 255 121 0 0 0 255 126 91 255 195
    255 0 255 0 255 255 0 0 0 255 0 255 0 255 0 255 255 0 0 255 255 255
    255 255 255 0 255 255 255 0 255 255 0 162 255 0 255 0 255 0 255 0
    255 0 0 69 0 0 0 255 142 0 0 0 255 0 255 255 253 0 0 255 255 0 0 255
    255 0 0 144 27 0 0 0 255 0 255 0 0 255 0 255 43 255 255 12 221 0 255
    255 255 0 0 255 0 255 143 255 165 0 0 105 2 255 87 214 0 255 255 0 0
    0 144 255 255 0 255 94 255 0 139 0 255 255 0 255 0 167 108 0 0 0 255
    255 255 255 0 0 0 255 255 255 255 0 255 255 255 238 255 0 255 0 255
    250 0 0 255 255 255 233 0 25 0 255 0 255 255 57 0 0 255 236 255 0
    255 0 255 0 255 255 0 255 129 255 255 0 255 3 0 0 168 255 255 255 0
    255 255 255 255 153 106 0 42 43 255 0 0 0 135 0 255 178 255 0 255 0
    0 0 0 255 255 255 255 255 255 55 1 0 255 0 255 0 0 0 255 196 0 61
    241 0 178 255 255 255 123 0 0 0 255 255 255 0 197 101 255 64 0 0 0 0
    212 132 137 221 0 255 151 255 255 237 0 255 255 255 186 0 0 0 0 255
    255 195 67 0 255 56 255 213 0 0 245 0 255 0 0 255 48 255 195 55 255
    0 0 102 255 0 0 0 0 120 168 255 255 0 0 0 255 0 255 0 255 255 255 0
    0 197 255 255 0 0 0 255 255 0 85 0 247 255 0 255 65 225 96 0 255 186
    255 255 0 0 20 0 0 0 255 0 255 0 0 0 255 185 228 0 255 0 255 0 60
    201 255 0 0 0 0 255 255 0 255 255 255 0 0 0 255 255 125 0 255 255
    255 166 255 255 255 255 0 0 255 255 80 0 255 59 255 0 0 0 0 0 255 0
    0 0 255 255 255 0 255 0 0 28 255 0 0 0 255 255 154 0 0 255 255 255 0
    0 0 0 0 255 117 255 255 0 152 0 255 255 255 117 0 26 255 255 0 241
    255 255 0 0 0 255 238 101 255 0 255 255 255 0 255 0 255 0 255 255
    255 255 255 0 0 255 255 0 0 255 0 0 0 0 255 0 255 0 152 0 241 0 0 0
    255 255 255 255 0 0 0 108 255 255 255 0 0 0 255 255 0 101 130 0 139
    155 117 255 0 255 0 193 0 0 0 255 255 255 49 0 0 255 255 255 255 0 0
    236 255 255 255 0 255 72 0 222 0 255 255 76 0 0 0 0 255 255 255 255
    0 195 255 0 0 0 28 0 255 255 136 0 4 255 131 227 0 150 255 177 255
    247 163 0 255 0 0 123 255 255 255 255 0 255 242 0 255 0 150 255 255
    44 130 0 0 89 255 255 8 255 0 255 54 255 255 255 0 255 0 255 255 255
    255 0 183 255 200 255 0 0 0 245 255 0 0 255 255 0 0 235 36 93 0 0 0
    255 0 0 255 0 0 255 255 0 255 255 193 255 0 151 0 110 0 255 0 255
    255 255 255 255 64 0 93 0 255 230 0 255 255 255 0 236 255 255 255 0
    181 255 0 28 0 255 0 255 0 255 0 255 70 255 0 135 0 255 0 0 255 0
    255 183 0 0 255 255 255 0 255 0 255 0 0 255 255 255 0 0 0 138 40 0
    255 89 0 0 198 255 255 255 0 255 0 29 155 255 0 0 255 255 179 0 0 56
    0 0 0 8 255 255 255 0 0 0 255 255 0 21 0 255 255 255 0 66 0 225 255
    10 28 0 144 0 255 255 95 0 19 0 0 133 255 255 229 0 0 0 255 28 0 255
    255 255 0 158 188 255 255 147 0 0 255 0 255 0 255 0 0 0 255 255 0 0
    212 80 255 0 0 0 255 0 255 56 255 249 255 118 0 0 255 255 0 255 0 28
    134 0 0 0 255 255 255 200 0 255 255 255 0 0 255 0 255 255 0 0 255
    255 94 0 36 0 0 0 0 0 0 255 255 255 0 0 0 173 0 0 255 76 244 0 0 207
    255 130 0 0 255 255 188 0 0 0 95 0 255 0 0 0 255 0 0 255 0 255 199 0
    127 255 255 255 215 0 255 0 255 0 255 0 83 0 255 0 255 0 255 0 43
    255 255 130 0 82 255 255 0 255 0 255 255 0 1 0 255 0 0 104 90 255 0
    255 0 255 255 255 0 171 0 255 237 0 255 0 0 0 255 255 255 0 255 156
    255 12 0 255 0 255 255 247 255 36 0 0 0 255 0 255 0 106 255 255 255
    0 0 0 35 255 0 255 255 0 144 133 0 255 78 151 130 137 0 0 0 0 255 0
    255 0 255 146 0 158 0 0 255 255 255 30 169 207 216 191 0 255 0 0 255
    0 255 0 255 0 0 0 255 255 0 0 189 162 0 255 0 255 255 0 0 0 212 255
    0 255 202 0 0 255 139 0 225 255 255 0 0 255 255 174 255 100 255 255
    0 0 30 255 255 175 0 255 255 255 0 0 0 85 0 255 255 255 0 0 255 0
    255 0 255 0 217 0 57 136 0 255 255 255 0 0 255 255 0 249 195 255 0
    255 0 255 0 0 255 255 255 0 255 255 230 114 0 255 255 255 0 0 0 255
    0 255 209 255 5 0 255 255 255 102 5 0 255 93 255 0 0 255 255 255 0
    241 0 255 0 255 0 255 228 255 0 204 0 255 255 255 255 89 0 255 80 0
    0 255 255 255 255 0 0 0 255 255 0 133 255 0 255 0 255 0 242 255 44
    255 0 255 255 255 0 0 255 0 0 0 0 255 0 0 0 0 255 0 255 0 0 0 146
    255 0 0 0 0 0 149 255 255 115 0 133 76 0 37 255 44 255 255 255 255 0
    0 202 13 0 255 255 46 141 0 255 0 0 0 0 255 0 0 0 0 255 0 0 255 170
    4 255 255 130 0 239 55 255 0 255 2 0 255 255 255 255 0 0 0 27 0 255
    0 255 0 255 0 0 255 160 255 0 255 0 255 0 255 0 255 255 255 183 255
    255 255 0 0 0 0 0 255 0 255 255 255 0 255 0 255 0 255 255 0 0 0 255
    0 0 0 0 0 0 0 255 0 0 255 255 0 255 255 255 255 0 0 0 0 0 255 0 255
    255 255 0 45 124 0 255 0 255 255 125 206 0 0 0 0 0 97 0 28 255 0 255
    193 255 255 0 136 255 255 255 0 255 255 255 255 0 255 0 255 0 0 255
    0 53 0 255 0 115 255 255 0 0 0 255 255 0 0 255 0 255 0 255 255 235 0
    0 0 255 0 0 77 255 255 0 110 255 0 255 23 255 0 0 255 255 0 0 0 255
    255 255 255 0 0 255 255 255 255 255 0 0 53 108 255 0 255 124 255 0
    255 48 0 0 255 255 255 255 255 255 0 255 0 255 179 125 255 255 0 0
    81 0 255 0 0 133 0 0 255 255 194 0 0 255 255 0 255 255 185 255 255 0
    0 0 0 51 0 237 255 255 53 196 255 255 0 0 255 255 0 30 134 0 244 255
    195 183 0 0 0 85 255 255 28 255 0 255 0 255 55 255 0 0 0 0 234 0 227
    173 205 255 0 0 0 255 255 255 0 43 255 255 0 0 124 0 255 255 255 0
    255 111 255 0 255 0 240 0 0 0 210 255 161 255 0 2 6 255 255 0 0 0
    255 255 253 165 0 0 0 255 255 251 0 0 255 0 0 0 255 255 0 0 0 158
    255 28 255 170 0 255 216 255 35 0 207 255 32 255 255 246 255 114 33
    0 255 0 0 0 255 0 0 0 255 84 255 255 255 255 255 0 0 213 255 0 255
    255 255 0 123 109 255 0 255 0 0 0 255 255 255 232 255 255 0 212 0
    255 0 255 0 0 0 255 25 0 0 0 0 242 120 255 255 255 0 0 255 255 0 0
    255 199 255 255 43 0 0 44 255 139 0 255 113 255 255 255 0 0 0 0 224
    0 255 0 255 255 255 0 208 0 255 154 218 0 0 0 255 255 174 255 0 174
    0 255 0 0 84 255 255 0 29 0 0 0 255 0 255 255 0 255 0 255 27 192 255
    2 156 0 0 0 255 255 0 255 0 255 0 255 0 255 255 255 0 0 0 255 0 255
    235 255 84 6 255 0 255 255 255 243 254 255 0 0 255 255 255 165 98 49
    0 255 255 0 255 255 0 0 140 0 255 0 255 0 255 0 255 0 255 0 0 255
    255 255 40 0 255 0 255 91 255 0 255 255 255 255 0 0 255 255 255 32
    255 0 255 0 255 255 255 93 255 79 0 0 255 255 33 122 255 255 0 43
    255 255 255 0 0 22 255 83 255 227 255 0 255 247 0 0 0 255 255 255 0
    172 0 255 164 0 0 161 169 58 0 32 0 0 255 0 0 0 255 139 237 0 0 0
    107 255 255 165 0 194 255 0 255 0 255 105 0 0 0 63 0 255 0 136 0 0
    17 0 186 255 255 255 0 0 0 84 255 255 255 0 255 0 0 0 255 0 0 0 0 0
    255 255 0 0 255 255 243 0 255 36 255 112 0 255 222 255 222 255 255 0
    255 0 255 0 255 0 255 0 255 255 255 255 0 0 255 28 0 51 255 255 0
    255 255 0 255 65 0 0 76 255 255 0 156 0 255 255 243 116 255 49 175
    255 0 255 127 255 255 255 255 60 0 38 135 82 255 0 0 242 0 137 0 255
    255 0 0 0 0 0 192 255 255 24 255 52 185 0 40 0 0 255 255 0 0 0 0 255
    255 127 3 255 255 0 0 0 255 0 255 121 255 215 0 255 255 255 0 0 255
    0 0 0 255 241 255 0 0 0 0 0 0 211 255 255 45 255 255 0 255 29 255 0
    255 0 255 0 255 0 255 0 255 180 95 217 0 255 255 255 0 255 255 255
    95 0 0 255 255 255 0 255 255 0 0 150 255 255 0 0 255 0 255 255 255 0
    255 80 0 0 0 0 114 0 0 255 255 254 0 0 59 222 255 0 0 255 255 255 0
    0 0 255 255 0 255 0 0 0 255 0 0 0 255 255 255 0 255 0 5 0 255 255
    255 0 0 0 0 100 255 255 255 0 255 255 0 0 0 255 255 0 255 156 0 26 0
    255 207 255 0 255 0 255 207 255 0 69 113 255 255 0 37 0 255 0 255 0
    0 2 255 228 0 0 255 0 253 255 0 255 0 255 187 255 173 101 0 0 0 0 0
    0 255 255 0 107 255 0 0 255 255 255 255 255 255 226 0 0 255 0 255 0
    255 0 255 255 255 0 0 255 255 0 0 90 255 174 217 0 0 0 255 255 255
    255 191 69 0 0 181 0 255 0 0 255 255 255 0 93 255 255 255 0 226 0
    255 255 117 255 0 255 167 255 0 255 0 255 0 255 255 0 0 0 255 136
    105 0 175 0 255 0 255 0 0 57 255 255 43 0 0 156 255 0 255 255 255
    255 93 0 255 0 0 0 255 255 255 45 0 0 0 0 255 0 255 0 0 0 255 255
    255 255 255 0 127 255 0 255 10 255 255 255 0 255 255 0 0 255 255 182
    0 0 0 0 0 0 255 255 255 133 255 154 139 0 255 216 255 0 198 75 0 255
    255 255 0 0 0 255 255 108 255 0 180 0 0 0 0 255 255 0 164 0 255 255
    0 255 0 255 0 0 255 255 255 0 255 255 32 17 0 32 0 255 0 255 107 0
    255 255 255 126 0 0 255 255 255 0 255 0 0 0 0 255 0 255 0 255 151 0
    146 131 255 0 0 0 255 0 255 255 255 255 0 255 0 0 0 255 255 255 255
    0 0 0 255 255 255 228 0 0 0 0 18 255 255 255 255 104 0 255 102 0 255
    2 255 0 255 255 255 0 131 255 255 255 0 78 0 58 0 46 0 255 0 255 255
    255 255 0 0 255 255 0 0 8 255 36 255 0 255 255 181 150 255 255 255
    93 150 255 94 255 31 0 16 0 0 76 0 0 135 255 0 0 0 255 255 255 0 218
    0 197 23 255 255 0 255 0 255 0 95 0 255 255 0 0 0 0 120 255 123 0 0
    255 255 0 208 0 208 0 0 235 248 237 255 0 0 255 30 0 0 0 0 255 255
    255 255 41 255 255 88 0 0 198 247 255 255 255 0 55 255 255 255 255 0
    255 0 255 0 255 212 255 0 0 0 255 0 255 0 255 255 0 0 0 0 152 255 47
    255 255 255 0 11 255 255 243 63 255 255 51 0 47 255 0 255 0 176 0 0
    255 0 255 0 255 0 255 0 0 0 0 255 45 255 255 255 0 0 255 255 0 0 0
    255 255 163 255 0 255 0 237 255 255 0 0 116 173 0 152 42 255 171 86
    0 255 0 255 255 255 30 0 255 44 255 255 0 0 0 0 255 255 255 255 0
    255 0 252 0 255 0 0 255 255 0 0 255 255 0 0 0 255 173 255 0 0 0 255
    255 205 255 255 255 0 255 159 72 0 161 0 255 0 0 0 0 0 67 255 0 0
    123 0 0 120 135 142 167 255 255 0 255 0 0 255 248 255 0 0 255 0 0 0
    128 255 0 0 0 148 245 255 110 255 0 0 255 0 255 0 255 0 0 0 0 6 0
    122 125 255 255 73 0 0 0 178 255 255 255 144 0 255 255 255 255 0 0
    255 0 255 0 0 0 0 191 255 0 0 0 255 255 15 0 255 255 255 0 0 255 255
    255 255 0 0 0 255 0 255 81 53 0 0 255 255 255 0 170 0 0 0 0 255 255
    255 255 0 39 0 255 255 255 0 0 0 255 255 255 0 255 0 255 0 235 0 255
    251 255 255 0 0 0 0 255 255 255 0 255 0 255 0 252 0 255 255 255 48 0
    0 0 160 255 0 21 255 109 255 255 255 255 0 0 0 0 255 48 255 136 15 0
    255 255 255 0 0 0 255 180 0 0 52 255 255 0 255 0 55 108 0 255 255
    155 0 40 255 0 255 0 255 255 0 0 0 0 255 0 255 184 255 0 0 87 255 0
    0 255 255 0 198 0 255 208 255 255 255 216 0 0 255 255 0 0 255 255
    255 0 0 255 255 0 0 102 0 255 0 182 242 255 0 0 255 255 0 0 208 255
    0 0 0 255 42 0 255 241 0 255 255 255 0 0 255 0 98 0 122 255 0 203
    255 255 177 0 255 255 55 0 0 255 154 156 255 255 255 0 255 51 255 42
    0 102 0 0 245 255 255 0 0 0 255 0 255 255 0 0 0 0 255 0 255 255 255
    255 38 255 255 0 255 162 255 0 0 255 255 255 0 255 0 59 0 0 0 0 255
    232 94 0 255 255 0 22 205 255 0 0 0 0 255 255 158 0 0 0 255 0 255 0
    0 96 0 255 255 7 86 0 255 0 0 0 255 255 0 125 112 0 58 0 255 106 255
    0 112 0 255 0 255 0 190 0 255 78 255 0 0 0 255 160 255 119 255 0 0 0
    255 90 255 0 0 255 255 0 0 0 255 38 255 0 255 255 0 0 0 255 255 0 0
    0 255 0 255 0 255 0 186 0 0 76 255 255 0 255 0 255 0 0 58 255 255
    255 255 0 0 255 255 255 0 0 255 0 255 0 0 0 255 255 0 255 231 226
    255 0 0 0 178 0 255 255 255 0 148 255 0 255 0 209 0 0 28 255 255 255
    0 0 0 255 255 118 0 0 60 0 41 0 41 255 195 81 26 0 0 83 118 34 71
    188 11 255 255 255 0 0 0 255 184 106 0 0 0 255 0 255 0 255 0 255 255
    255 0 0 255 72 255 0 255 255 255 71 0 255 255 238 255 255 255 255 0
    185 110 255 255 255 0 71 0 255 0 0 117 0 27 255 0 255 255 0 255 0
    187 0 250 0 0 0 255 0 255 255 0 255 255 176 0 255 255 0 0 255 255
    218 255 255 0 0 0 220 163 0 255 255 118 255 0 0 93 0 255 255 255 24
    255 255 0 0 195 255 0 0 0 255 255 255 146 0 255 0 255 0 255 144 130
    0 182 255 249 229 0 255 0 0 0 255 118 19 164 0 255 255 255 0 6 0 0
    255 255 253 0 255 191 255 255 68 0 255 255 0 0 255 255 95 0 0 255
    255 0 0 0 255 255 255 19 255 255 0 0</data></my_img>
<your_img type_id="opencv-matrix">
  <rows>128</rows>
  <cols>256</cols>
  <dt>"3u"</dt>
  <data>
    255 255 0 59 0 255 255 255 0 0 249 255 0 255 0 152 0 0 255 255 255 0
    162 0 255 255 255 0 255 255 0 0 0 255 47 177 0 0 0 0 255 139 255 120
    255 0 0 0 204 255 0 0 66 255 175 255 255 100 5 0 255 255 0 255 0 255
    255 53 0 0 119 238 255 0 237 255 0 120 255 0 0 255 137 255 0 0 0 107
    167 255 255 255 0 0 255 66 255 0 38 0 255 255 0 255 45 255 255 255
    255 255 255 0 0 103 193 255 255 0 0 255 0 156 0 255 255 255 255 255
    0 0 55 0 255 0 128 0 0 255 0 218 0 255 0 0 142 255 205 53 0 153 0
    255 39 109 255 0 0 0 210 255 140 75 162 255 0 255 255 255 0 255 9
    255 255 255 255 0 0 0 255 0 0 0 255 255 255 255 0 255 255 255 0 0
    255 40 255 0 255 75 255 255 161 0 255 255 49 111 0 0 0 127 0 98 255
    178 14 0 0 255 255 163 255 255 0 179 0 0 0 0 255 0 0 0 172 255 0 255
    255 255 255 0 0 255 68 255 178 255 255 0 255 0 80 0 255 183 0 0 138
    0 0 53 0 35 0 0 255 255 255 0 255 0 255 0 174 115 255 255 0 56 0 255
    0 255 93 255 255 255 83 0 255 0 255 13 255 0 255 255 255 0 0 58 0 0
    0 0 255 255 255 132 152 255 0 173 178 255 0 19 255 255 255 0 255 255
    0 0 0 0 255 255 255 0 0 0 255 155 0 0 0 0 0 55 255 255 255 0 157 112
    255 0 255 0 255 0 255 0 0 255 255 255 0 0 35 0 36 0 0 255 255 72 0
    255 170 255 14 171 0 255 106 255 0 255 255 45 0 0 0 255 0 0 0 255
    255 255 255 0 134 255 129 0 185 118 255 255 255 55 255 0 89 0 255
    255 0 0 80 0 0 255 255 255 255 0 0 0 255 255 255 255 153 0 0 0 255
    255 255 33 5 255 255 0 255 0 255 255 122 105 226 97 0 157 114 255
    255 137 255 255 255 39 0 0 115 255 255 255 0 0 250 255 0 255 0 255
    218 203 219 255 255 0 255 0 0 0 255 0 0 255 255 0 255 0 255 255 0
    255 0 255 0 255 0 0 147 255 255 255 255 0 255 6 255 158 10 0 0 0 255
    0 255 0 255 0 255 0 25 62 0 120 0 255 0 255 176 255 0 0 143 0 255
    255 0 0 98 255 0 255 255 255 255 88 217 0 255 0 255 88 255 255 255 0
    0 0 0 224 0 0 0 255 0 255 255 255 0 255 0 255 0 255 0 0 248 255 255
    63 0 108 43 255 231 0 0 255 255 255 0 0 255 255 255 0 0 255 255 255
    0 0 0 255 255 44 255 0 0 255 174 255 255 0 255 0 255 0 0 0 255 255
    255 0 0 0 214 255 0 0 142 0 0 255 0 0 154 255 0 255 0 255 24 255 255
    117 0 0 255 255 255 0 0 255 0 255 21 255 134 255 230 255 255 0 0 0
    255 255 0 255 0 255 255 255 94 255 255 255 255 0 0 9 0 255 0 255 255
    255 0 0 0 13 0 255 54 152 0 98 255 255 255 205 0 0 255 255 255 0 129
    255 255 65 255 0 77 0 255 255 0 255 0 255 255 0 197 11 245 0 128 0
    16 103 0 0 0 31 0 0 255 0 255 0 255 0 182 255 0 255 255 255 0 0 255
    255 0 0 255 255 255 83 0 255 255 255 255 0 0 0 255 0 191 0 255 19 0
    255 0 219 230 186 255 0 255 80 255 255 0 0 0 255 255 255 0 0 241 255
    86 240 255 0 255 0 89 0 0 86 255 255 0 0 58 70 0 234 255 255 68 0 0
    154 57 255 0 173 0 0 255 255 0 0 255 0 255 0 236 0 0 144 255 255 214
    255 0 0 255 45 0 255 255 255 0 255 0 255 211 255 255 0 0 0 255 255
    193 0 0 151 8 255 0 255 0 189 0 0 0 0 0 0 159 255 117 216 0 148 0
    255 255 0 0 255 255 255 0 56 0 0 244 255 255 255 0 0 0 255 255 255
    255 255 0 0 180 255 95 47 255 248 0 0 255 0 255 0 0 0 255 255 0 0 0
    255 255 0 0 0 0 255 198 255 0 0 0 0 0 255 27 255 0 255 0 255 0 255 0
    0 0 0 0 0 59 255 255 92 0 191 0 255 0 255 0 255 0 0 0 255 255 255
    255 0 0 0 0 0 0 255 255 0 0 133 255 36 0 0 37 255 53 0 0 159 0 162 0
    255 255 0 0 247 255 0 255 0 255 0 121 0 0 0 255 255 255 0 148 0 107
    255 255 255 255 0 0 0 255 136 0 255 255 245 0 0 0 255 255 0 114 0
    255 0 0 255 255 0 0 0 0 0 0 0 0 255 189 170 255 255 255 0 0 255 255
    255 255 255 0 255 0 207 0 67 0 0 0 0 255 174 70 0 124 0 99 255 0 0
    255 255 255 40 255 172 255 0 0 255 114 10 255 255 255 0 0 255 255
    102 0 255 7 0 0 255 197 255 255 0 0 113 255 255 255 255 255 255 113
    0 0 255 255 0 0 0 255 0 255 0 0 0 0 0 255 255 255 183 0 255 255 255
    255 0 255 122 255 0 0 0 0 241 255 0 255 255 255 0 0 0 0 0 4 0 255
    255 255 0 138 255 0 255 255 0 255 26 132 0 255 255 204 0 255 255 241
    255 255 255 0 112 0 253 255 87 255 0 6 255 255 0 187 0 0 255 255 1 0
    0 0 255 0 48 167 255 255 0 201 255 245 0 0 255 255 84 255 0 255 50
    11 0 225 0 0 127 0 134 146 255 145 255 255 0 0 255 0 0 0 255 255 164
    0 200 255 255 255 0 0 0 255 255 255 255 255 255 0 2 0 255 255 255 0
    255 0 255 255 87 255 255 255 0 46 0 255 0 170 0 0 255 211 255 172 0
    0 255 255 241 0 0 255 255 0 234 0 0 196 55 0 255 0 255 109 0 56 0
    255 255 255 0 0 255 255 0 0 255 0 255 0 0 255 0 255 255 255 255 0 0
    0 184 255 0 245 0 0 0 0 207 255 0 0 0 255 255 255 255 0 0 0 0 255
    255 255 44 0 253 255 59 251 0 0 0 0 255 0 255 0 255 0 0 255 0 255
    255 255 0 0 0 255 0 255 0 197 0 119 255 0 255 102 0 255 0 29 0 178 0
    231 255 0 169 255 148 103 0 255 0 255 107 211 0 255 0 0 255 255 255
    255 0 255 0 255 255 124 0 0 0 255 255 0 104 255 255 255 0 0 0 0 223
    255 80 255 255 0 0 61 255 0 0 0 255 166 255 0 255 0 182 0 255 255
    255 255 0 255 255 182 255 137 99 0 6 255 255 195 255 133 0 255 255 0
    255 26 0 255 0 156 0 255 0 255 155 0 255 0 0 255 29 246 0 0 255 151
    79 0 0 0 255 0 255 255 255 0 0 0 0 0 255 75 255 0 255 255 97 255 63
    255 0 255 255 0 255 255 208 255 23 255 0 94 255 255 0 255 255 240 0
    51 255 255 0 0 0 110 0 0 255 162 255 255 0 255 0 97 255 82 255 0 0 0
    0 255 0 255 0 255 0 255 0 0 0 255 255 141 28 0 66 211 255 0 255 112
    255 255 123 0 255 0 115 0 255 218 255 255 0 0 0 0 255 0 255 125 255
    255 0 0 255 0 0 10 255 0 0 201 255 0 0 255 255 0 153 255 0 0 143 255
    230 255 0 0 0 9 45 236 0 255 204 0 0 0 0 255 111 255 236 0 0 123 231
    255 0 255 0 0 255 255 240 0 255 54 255 0 255 255 0 255 0 0 219 255
    255 255 0 0 255 255 255 255 255 255 255 144 255 255 255 255 114 0
    170 255 255 0 0 0 255 45 255 0 130 0 255 255 255 0 0 0 0 255 0 255
    255 255 254 0 0 255 0 0 55 0 126 255 255 255 0 255 0 255 255 255 255
    0 0 128 255 255 0 255 0 255 0 0 255 255 255 185 255 255 255 0 255
    255 255 0 66 43 255 0 255 255 193 255 255 142 255 0 255 0 235 255
    255 255 83 0 151 202 255 0 255 255 0 0 255 0 0 124 255 0 255 255 0 0
    134 255 0 255 255 255 255 0 0 255 240 0 255 0 255 0 0 255 255 255 0
    0 0 255 75 0 255 255 255 255 0 0 0 255 255 0 70 255 255 255 53 0 0 0
    0 0 242 255 255 1 0 255 255 32 255 0 134 255 255 0 0 255 0 0 88 0 0
    255 200 255 0 0 255 144 255 0 0 255 0 0 255 246 255 255 255 255 255
    0 0 211 0 255 210 0 0 192 255 255 0 255 255 73 0 44 111 0 33 0 255
    255 255 255 0 0 255 0 0 0 0 0 255 255 255 0 94 0 255 0 255 12 84 0 0
    0 255 207 0 0 0 0 0 255 255 255 255 0 0 202 255 255 255 239 0 0 0
    255 255 255 0 0 0 255 255 255 0 175 0 0 149 0 0 255 255 255 0 255 0
    0 0 186 26 255 0 0 251 0 255 0 255 173 255 255 8 255 0 255 0 159 0 0
    0 0 255 255 0 89 0 0 255 0 239 255 118 144 0 0 1 0 255 255 54 0 255
    9 0 147 255 0 0 0 166 171 0 255 47 255 0 255 117 255 255 0 255 0 0
    185 148 218 0 0 0 119 255 255 255 0 255 195 255 255 255 0 0 255 0 0
    59 255 255 255 0 0 189 0 255 255 0 0 0 255 255 0 156 0 0 0 0 0 255
    255 255 0 0 0 0 255 255 255 0 56 255 255 255 255 0 32 83 0 255 52
    255 0 255 255 192 0 209 0 255 255 0 214 0 0 255 0 255 255 115 113 0
    255 255 255 255 255 220 255 255 0 255 255 194 0 247 255 255 0 255 0
    255 0 6 0 0 255 255 0 11 0 255 0 255 0 255 255 255 0 0 0 193 170 255
    255 246 0 0 0 255 0 0 255 255 47 0 0 0 0 215 0 255 0 225 0 255 0 0
    255 0 255 0 0 255 0 0 127 210 187 200 0 0 255 255 255 0 255 0 24 0 0
    255 255 203 0 0 255 0 255 185 255 0 0 0 255 195 0 0 255 73 255 255 0
    245 0 255 255 0 221 0 255 243 0 0 185 0 149 255 255 205 30 0 255 0
    255 0 211 8 29 255 255 255 255 59 255 86 255 0 0 246 255 255 255 255
    255 255 0 0 0 0 146 255 0 184 0 255 0 255 255 255 255 255 0 119 247
    0 0 47 255 255 0 0 0 0 255 255 125 61 255 255 255 0 117 0 173 0 255
    255 255 0 0 0 255 0 255 255 255 0 37 255 255 255 159 255 0 255 0 255
    59 161 255 0 199 255 103 0 218 205 255 80 0 0 229 51 0 0 0 0 183 255
    75 255 255 255 0 0 234 255 255 237 0 255 255 255 195 114 97 0 156 0
    0 171 255 255 255 0 255 255 0 0 0 0 255 149 255 0 255 205 0 255 0
    255 0 255 0 183 0 255 255 255 218 0 157 255 236 0 0 255 255 255 255
    0 0 255 255 0 255 89 255 0 0 255 0 0 255 0 139 255 0 150 255 255 0 0
    255 206 255 172 255 207 0 0 70 67 255 0 255 49 255 244 0 0 0 215 255
    148 0 224 0 17 255 0 255 255 83 208 136 0 255 0 255 0 0 0 255 255 43
    255 15 255 21 255 0 117 41 255 0 0 255 255 255 0 0 255 79 80 255 239
    255 0 0 160 255 255 15 151 255 255 255 53 255 0 0 0 255 115 0 172 0
    33 255 26 0 0 255 255 0 18 0 255 0 0 255 149 255 0 162 0 52 0 255
    255 255 0 0 0 0 255 154 126 255 0 0 0 255 255 255 255 0 0 255 255 0
    255 132 255 0 255 0 0 55 255 111 0 0 0 255 31 0 255 255 255 0 0 0
    255 0 0 0 255 255 0 0 0 0 0 170 255 255 255 0 255 255 255 0 34 214
    255 255 0 0 0 255 255 0 255 106 0 0 255 255 0 255 255 0 0 0 255 255
    0 255 0 0 41 0 0 0 255 255 0 255 0 255 255 231 0 0 255 255 255 0 255
    149 255 0 36 255 0 0 0 255 72 255 0 255 61 255 0 255 50 0 0 27 255 0
    96 255 86 255 0 255 247 0 187 0 255 255 255 255 0 0 0 0 0 255 0 255
    0 37 214 255 85 255 0 0 189 255 255 0 85 0 0 164 0 0 97 255 255 0
    255 0 255 34 255 0 255 132 95 0 226 0 100 0 255 255 0 0 0 255 55 255
    0 0 0 196 255 0 255 0 255 0 0 0 255 255 255 255 255 255 0 0 169 0
    247 0 255 255 37 0 255 0 0 41 255 255 0 255 111 174 255 0 96 0 255 0
    255 0 165 255 0 255 0 255 141 255 234 255 0 255 255 50 189 0 255 255
    152 0 255 255 0 107 255 0 255 201 255 0 255 255 255 255 0 151 0 255
    255 255 255 58 0 85 154 255 255 255 0 0 0 255 185 255 111 255 0 255
    148 179 0 0 255 0 255 0 255 0 0 247 0 255 0 0 0 255 64 255 172 0 255
    0 98 0 255 97 0 0 0 255 0 0 255 0 0 255 255 149 223 61 0 255 0 255 0
    255 255 255 255 255 186 0 255 209 0 0 0 255 0 255 180 255 0 255 0
    255 0 0 255 255 31 255 0 255 108 57 255 255 0 0 146 255 255 215 0
    255 255 0 143 190 255 255 0 0 0 255 255 255 0 0 0 118 242 113 255 0
    255 0 57 0 0 255 255 156 255 0 255 255 255 255 0 0 0 0 255 150 255 0
    255 30 83 0 0 255 209 255 0 255 0 255 255 0 0 0 0 255 255 42 74 119
    255 0 203 206 116 0 255 255 255 0 99 255 255 0 255 0 0 0 0 0 255 253
    0 0 111 255 0 33 0 255 255 255 255 0 0 0 255 149 16 137 255 0 255
    255 255 0 0 0 228 196 0 255 0 137 96 255 255 255 255 218 184 0 0 208
    255 255 0 255 0 57 0 0 255 255 0 0 0 0 255 255 255 0 0 255 0 74 0
    255 0 0 0 255 28 255 121 170 255 173 255 255 0 0 255 170 0 224 255
    255 0 255 0 0 11 255 255 23 255 255 16 0 0 255 255 255 255 0 255 0
    255 0 0 0 0 7 255 0 255 0 255 255 255 0 0 255 255 255 255 246 0 200
    0 162 255 26 0 40 0 255 0 0 0 255 255 255 0 108 0 255 255 0 0 0 255
    255 255 0 0 255 0 0 0 0 255 255 195 0 68 0 0 0 255 255 255 236 255 0
    126 0 0 255 255 0 0 0 255 0 31 9 255 0 255 0 255 0 255 255 255 255
    255 0 0 0 110 255 255 130 65 255 255 255 133 0 52 255 255 103 255
    167 255 44 255 255 0 198 255 0 0 0 255 255 60 255 255 255 0 0 0 126
    11 36 247 255 188 166 0 0 255 255 180 0 0 255 255 255 0 124 255 0
    105 0 0 255 0 46 0 68 101 255 7 0 91 88 255 255 31 255 185 0 9 255
    255 255 255 121 0 0 255 255 255 0 217 187 0 255 0 255 0 255 0 255
    255 0 194 0 255 255 255 52 232 0 205 255 0 0 0 0 0 255 255 255 0 0 0
    255 255 255 0 0 0 186 255 157 0 35 27 255 255 0 0 0 255 7 113 255
    255 151 255 0 255 0 255 255 255 255 0 0 209 0 255 255 0 0 255 255 0
    0 0 184 255 177 255 0 229 0 255 50 255 0 255 0 255 0 0 255 0 255 0
    255 125 255 0 0 0 255 0 255 255 0 0 0 49 255 0 0 0 255 255 255 255 0
    189 0 255 255 134 0 255 0 255 0 255 235 255 63 187 7 0 14 24 255 255
    0 255 255 0 0 255 0 136 66 255 23 0 255 255 170 249 0 255 86 255 255
    0 0 255 0 0 0 0 255 255 61 255 0 255 0 0 51 255 255 0 0 0 255 0 255
    0 255 30 255 255 0 255 255 111 193 186 255 0 0 28 255 185 8 0 180
    255 255 255 146 255 255 0 0 255 0 137 0 110 255 0 0 179 255 0 0 255
    255 255 0 5 0 255 159 255 0 255 6 255 48 255 255 0 0 0 255 255 0 0 0
    185 148 255 87 0 0 255 0 0 255 94 255 255 0 21 0 0 0 0 0 255 0 17 0
    0 255 0 6 0 255 0 255 111 255 255 124 255 0 109 0 11 255 255 0 0 255
    0 255 0 0 255 255 120 0 0 255 0 255 0 255 0 255 255 0 255 255 114
    255 0 255 123 255 255 0 0 0 226 94 255 187 255 0 0 128 255 255 219 0
    0 0 0 10 255 0 104 0 0 0 255 255 255 255 255 0 132 248 0 0 0 255 255
    0 95 255 0 17 0 255 255 255 0 255 255 255 255 11 0 0 255 113 0 66
    255 255 148 0 255 255 255 191 0 0 255 0 255 255 106 0 0 255 0 255 0
    255 54 0 255 35 255 255 0 0 0 255 48 255 214 0 228 0 252 242 0 137
    255 0 156 0 255 255 0 0 0 240 255 255 0 255 179 212 81 255 255 255 0
    255 255 255 0 0 0 255 255 245 0 255 255 0 0 255 255 13 0 0 184 0 0
    255 0 255 255 255 0 0 226 255 255 0 0 255 157 194 103 255 0 0 0 255
    0 0 0 255 0 255 0 255 253 220 0 0 0 255 204 238 255 255 255 0 0 0
    255 255 82 0 0 255 60 0 0 0 255 255 255 0 255 0 255 255 0 0 31 0 255
    0 255 255 0 0 0 99 255 255 0 255 76 133 255 145 255 0 0 0 0 0 0 255
    0 255 255 255 131 147 255 0 0 255 110 0 70 191 0 0 0 255 0 81 210 0
    255 255 0 0 0 0 134 255 255 0 188 0 255 0 0 225 255 0 0 0 255 255
    255 0 0 0 158 0 255 255 204 255 0 255 255 137 0 0 0 64 255 255 0 0
    245 255 255 255 0 255 0 255 0 106 0 0 0 0 255 255 255 186 0 190 253
    0 0 255 255 0 0 255 255 35 0 0 255 0 255 0 113 0 255 255 255 255 0 0
    0 255 0 255 0 194 27 0 205 255 67 255 41 5 0 0 0 255 255 255 0 255 0
    112 108 255 0 6 0 0 255 0 127 0 0 255 255 255 255 29 0 117 237 255 0
    0 0 255 0 255 255 255 14 199 255 255 0 0 238 0 255 0 255 0 0 0 255
    255 255 255 255 0 0 0 255 0 255 255 124 0 255 255 255 0 0 0 255 0 0
    255 255 0 0 39 0 255 4 255 0 255 24 0 255 255 19 0 255 255 255 255
    136 0 0 255 0 0 0 255 255 177 18 255 103 0 0 234 113 255 255 250 0 0
    0 0 255 0 255 0 0 0 255 169 181 255 255 0 255 255 255 0 0 200 255
    255 0 0 0 255 255 255 255 0 87 75 255 63 255 108 0 0 255 0 105 112
    250 0 0 0 0 255 255 0 0 0 255 255 255 119 255 255 0 245 255 37 0 0
    255 255 0 0 255 0 255 179 0 154 174 255 200 255 0 0 255 255 255 0 0
    0 0 0 0 255 222 255 114 0 0 0 0 255 0 0 255 140 74 0 255 0 255 0 255
    0 0 255 0 0 0 0 255 255 255 255 0 0 24 8 255 255 0 0 255 255 0 255
    255 255 0 84 47 255 255 0 80 0 0 255 255 255 255 0 0 0 255 255 255
    255 0 255 134 0 0 70 255 195 0 0 0 255 255 255 0 255 0 0 255 255 0 0
    0 128 90 111 0 255 255 0 0 0 255 255 255 0 240 255 255 230 255 0 0 0
    0 255 255 255 255 255 125 0 0 0 166 0 255 0 255 0 255 0 0 0 0 255 54
    0 81 255 255 120 0 0 255 255 255 0 0 255 239 111 0 156 255 212 255
    255 0 115 0 0 71 255 255 0 255 0 255 0 63 0 10 255 0 0 255 255 111 0
    82 0 255 184 170 255 187 255 255 0 219 0 0 0 255 0 121 0 134 255 255
    255 255 0 0 47 255 0 0 255 0 255 0 255 0 255 255 255 50 0 0 234 43
    255 188 255 255 0 255 0 219 255 0 255 0 182 0 162 0 49 9 255 255 0 0
    0 0 255 255 255 0 0 0 0 0 255 255 255 0 255 0 0 0 255 0 255 174 255
    0 0 110 255 255 0 255 0 150 0 255 255 0 0 0 255 255 0 0 0 255 48 255
    0 0 255 0 0 255 255 0 0 31 233 0 0 157 255 0 0 255 0 0 255 255 246 0
    0 255 254 255 0 255 0 0 255 163 255 227 90 7 0 255 255 255 0 0 0 255
    0 176 0 255 122 0 255 255 255 0 255 0 255 255 0 150 255 255 197 0
    255 0 0 0 0 0 113 255 255 0 255 0 255 50 255 255 0 0 0 255 255 0 0
    255 143 255 0 0 255 255 255 0 0 214 255 255 255 255 255 0 0 27 0 0 0
    0 255 255 255 0 255 255 255 168 191 38 255 255 0 0 255 255 130 255
    255 255 0 255 255 0 255 174 0 0 0 255 255 89 0 52 255 255 255 0 0 0
    0 0 0 255 255 255 75 58 0 0 0 0 0 52 255 255 255 0 0 0 35 255 255 0
    0 181 255 255 255 171 255 0 255 0 255 255 255 255 255 255 0 105 0 0
    132 48 255 170 255 255 253 174 0 0 255 0 255 255 255 255 221 0 0 0 0
    0 0 163 255 255 255 0 240 0 255 185 0 255 255 255 0 0 255 255 255
    255 123 19 0 0 255 255 0 255 0 255 255 0 0 11 255 255 255 0 37 255 0
    167 0 255 0 0 0 255 255 63 0 40 255 255 197 0 0 0 255 0 255 0 0 0
    109 13 255 0 0 255 255 255 0 0 0 255 160 255 2 0 241 255 0 0 0 255
    255 160 0 193 0 255 0 0 0 0 255 255 255 255 72 0 228 0 0 11 255 255
    255 228 0 198 0 255 255 255 0 0 64 0 0 255 255 255 0 0 255 0 255 0
    255 0 255 0 30 0 135 0 0 74 33 255 0 255 148 254 255 45 233 0 255
    255 255 0 0 114 0 0 255 47 0 255 255 146 0 0 255 0 255 127 255 0 0
    255 255 0 255 0 255 0 0 89 141 166 0 0 107 0 255 255 0 0 249 0 0 255
    255 138 0 255 255 255 0 5 0 171 0 0 30 255 255 255 0 0 0 0 75 0 255
    118 255 0 0 30 255 91 47 0 0 0 0 255 1 0 255 0 255 255 255 0 0 255
    255 0 255 0 255 0 255 255 82 255 0 255 0 240 0 255 110 255 217 155 0
    0 0 255 0 0 0 255 255 54 59 0 0 255 255 0 0 255 255 255 45 255 255
    181 255 0 255 255 255 0 171 145 0 80 255 255 0 0 0 108 0 255 255 0 0
    0 204 255 128 75 0 0 255 142 0 255 0 73 160 255 0 0 0 255 0 255 255
    255 153 0 0 0 255 0 255 0 255 255 0 255 0 255 0 255 222 150 255 255
    192 255 0 0 255 255 255 185 228 0 255 0 255 55 0 255 0 53 255 255 89
    0 255 255 255 0 0 0 0 255 255 255 0 0 0 0 238 150 255 0 255 255 0 0
    104 255 255 0 39 0 0 255 26 255 234 74 237 255 53 30 0 255 0 255 255
    0 0 255 40 197 0 64 0 0 255 255 0 0 0 255 96 74 0 0 255 255 0 255
    255 162 255 255 0 255 255 255 0 187 0 88 255 0 0 0 255 174 148 0 0
    255 255 0 255 0 255 0 255 255 127 255 0 255 0 0 0 113 255 255 255 0
    0 162 0 198 87 255 255 123 255 0 255 255 255 255 0 0 255 255 255 255
    184 28 0 255 255 255 255 0 0 0 255 255 255 45 0 255 0 255 0 212 0
    251 0 255 16 255 150 0 90 0 0 255 76 206 0 255 0 255 60 255 0 0 0 0
    108 29 255 0 255 0 203 255 255 255 234 0 0 255 0 255 0 255 255 255 0
    255 180 200 255 255 0 0 0 255 0 255 255 255 0 26 255 192 0 0 255 114
    0 0 0 255 255 0 255 107 255 0 36 176 255 0 0 255 0 255 0 255 0 255
    255 0 255 255 255 0 0 0 255 255 255 0 0 255 255 18 255 0 0 0 0 2 128
    98 255 237 0 255 255 255 0 0 244 255 255 255 0 0 255 255 0 0 0 0 255
    255 255 0 255 255 255 255 255 0 255 0 255 0 129 0 255 255 156 0 255
    171 255 255 0 255 255 255 0 0 255 0 152 0 0 255 0 0 255 0 255 0 247
    255 255 0 126 0 255 129 255 217 83 255 0 0 0 0 255 255 255 255 0 0 0
    0 0 0 255 255 0 0 0 255 0 0 0 0 0 255 255 255 255 255 0 0 0 255 255
    0 0 80 0 255 0 207 0 0 255 0 255 255 255 255 0 255 0 26 0 0 0 255 0
    255 255 255 0 119 0 255 255 0 0 255 255 255 71 0 0 140 255 255 0 208
    255 255 255 0 255 255 255 0 170 0 255 255 75 0 0 0 233 0 0 255 0 0 0
    255 0 255 0 0 255 0 113 0 113 255 255 0 255 0 255 0 255 66 255 255
    78 255 0 255 0 46 0 255 255 255 0 255 0 150 0 0 0 255 255 0 255 0 53
    0 0 69 54 79 255 255 255 0 0 17 255 0 0 0 29 255 255 0 0 0 0 0 255
    255 255 0 22 0 0 0 255 0 90 156 255 255 255 0 255 0 255 194 0 255 0
    255 0 255 0 255 0 0 0 255 214 255 0 255 0 0 37 0 255 0 255 0 0 255 0
    0 255 255 0 0 255 0 255 255 0 52 0 218 0 255 0 255 0 255 155 255 0 0
    0 255 255 255 255 0 255 0 255 255 0 0 0 255 0 0 255 245 255 192 53 0
    0 255 255 0 255 255 255 68 0 0 255 0 0 17 255 255 255 0 78 0 0 255 0
    255 255 255 56 255 68 0 162 0 0 203 255 255 255 0 0 255 0 255 0 255
    255 255 0 255 255 78 0 84 0 0 255 137 0 0 255 255 255 0 0 0 255 0
    255 0 255 255 0 227 0 255 255 0 25 0 0 255 0 183 0 0 0 255 255 44 0
    0 255 255 36 0 0 0 0 0 94 255 0 51 255 0 0 255 0 255 0 255 255 169 0
    255 0 255 76 0 255 255 0 0 255 255 255 0 42 255 255 0 255 0 255 0
    255 255 234 255 0 0 0 255 255 255 0 157 247 255 0 0 37 195 255 255 0
    0 183 0 255 255 255 229 0 255 0 0 255 255 165 0 0 0 0 0 0 255 0 0 0
    255 0 255 0 249 255 255 255 255 18 255 186 0 255 255 255 255 0 255
    175 255 255 0 255 0 0 0 255 0 136 241 219 255 255 99 0 255 250 208
    255 0 255 179 191 219 255 255 255 0 175 0 255 86 255 255 197 0 255
    255 255 47 0 0 255 134 255 75 0 255 0 255 187 175 255 255 255 255
    255 0 200 0 255 0 255 0 255 229 0 0 0 255 0 31 255 15 255 0 0 0 0
    238 255 255 0 255 0 0 0 8 0 255 0 0 0 0 255 159 255 255 0 0 0 255
    243 255 0 0 0 255 207 255 30 255 0 255 0 0 0 2 255 255 255 255 255 0
    64 255 255 0 0 0 255 0 0 0 0 54 228 255 0 78 70 255 0 255 8 255 255
    7 0 49 0 255 255 154 0 255 198 0 255 176 255 255 255 0 235 0 255 250
    46 20 80 255 145 0 255 0 255 0 0 0 255 255 92 255 0 255 243 255 255
    0 255 255 255 168 0 255 255 255 0 0 25 255 255 0 0 0 0 70 0 255 255
    24 0 0 255 255 255 0 0 255 255 0 255 255 0 0 0 255 255 255 48 0 0
    255 255 255 255 0 0 217 255 255 95 0 255 255 255 0 22 0 255 0 0 69
    255 51 0 0 255 0 0 34 0 0 255 255 0 8 196 69 0 255 0 0 0 0 0 0 0 255
    255 131 60 171 255 69 255 0 224 0 255 255 0 0 0 212 255 255 0 111 0
    255 255 255 0 0 132 255 255 255 0 168 0 0 255 0 255 128 255 157 0
    170 255 116 182 0 69 72 255 255 255 0 0 0 255 0 67 0 0 241 0 255 0
    255 0 255 0 255 0 255 0 255 255 0 255 135 200 0 113 0 255 0 0 0 255
    245 255 255 255 0 143 0 0 255 161 0 255 0 6 0 37 255 0 180 0 14 255
    0 0 0 0 0 0 255 153 255 0 81 255 185 255 255 0 255 26 255 255 255
    255 0 190 255 200 0 0 0 255 0 111 0 0 255 86 248 0 0 255 255 0 0 0 0
    255 30 255 0 104 0 255 183 0 132 0 255 0 248 255 80 0 0 0 255 94 255
    255 255 0 0 0 0 0 255 255 255 0 241 255 255 56 255 192 255 255 117
    255 255 0 255 0 255 0 255 255 255 0 255 172 255 237 0 0 239 255 255
    0 0 255 255 255 0 131 0 255 0 255 0 0 0 0 0 255 239 255 0 2 0 0 154
    0 255 0 255 105 253 0 255 255 104 0 231 255 255 0 255 0 255 0 0 255
    255 0 167 255 0 0 0 255 255 0 0 255 255 0 0 255 136 255 0 0 0 204
    255 99 0 0 255 0 255 255 0 255 255 0 0 0 255 255 255 0 255 72 227 0
    76 92 0 0 255 255 255 5 0 0 149 255 0 255 255 255 255 255 0 0 255 0
    0 0 68 255 0 255 0 255 0 0 0 255 224 0 0 0 255 0 255 255 255 255 0 0
    0 239 255 0 255 255 255 0 0 255 0 255 95 0 255 82 255 0 23 255 0 255
    17 137 255 44 0 0 0 0 102 255 2 255 27 255 196 0 226 224 30 13 0 255
    255 255 0 0 0 255 255 0 0 1 17 179 0 0 255 255 255 121 63 0 255 134
    169 0 255 0 236 255 31 255 0 0 150 0 255 255 135 27 0 255 255 0 255
    0 255 0 0 255 0 0 0 255 13 12 0 255 255 149 0 0 255 0 0 0 0 66 255
    255 0 177 255 255 0 194 255 255 0 0 58 6 255 255 0 204 34 0 0 41 0
    255 255 244 0 0 0 0 255 0 147 255 255 255 0 0 0 255 255 0 0 255 255
    0 0 224 255 0 0 0 0 255 255 0 255 0 255 60 255 255 207 221 255 255 0
    0 0 0 0 0 157 255 0 200 0 255 0 255 0 255 0 36 106 2 0 0 0 0 255 123
    255 0 0 255 255 83 0 0 114 0 255 255 255 0 0 148 255 0 0 0 255 77
    255 0 255 159 0 255 255 255 255 118 166 255 0 255 0 255 112 255 0
    199 255 255 26 52 0 0 0 113 0 255 237 255 255 255 0 24 0 23 0 255 21
    0 0 0 255 255 185 255 255 255 255 0 0 75 255 255 0 255 0 255 255 0
    255 255 0 0 0 255 255 255 255 255 255 0 0 255 255 255 0 255 0 41 34
    255 0 0 0 89 255 169 255 0 255 116 255 0 41 172 0 145 255 255 0 255
    0 0 0 0 146 22 246 0 255 255 255 255 253 0 176 255 213 0 0 188 226
    255 247 136 202 0 0 255 255 0 0 0 255 255 226 0 255 255 0 0 0 255
    255 255 0 255 72 0 0 189 255 162 0 0 255 0 75 171 255 255 255 0 131
    0 255 255 255 158 0 195 255 0 255 255 0 0 0 255 255 255 255 0 255
    255 171 0 255 0 255 0 255 0 255 0 255 0 0 0 19 255 255 255 255 226 0
    0 115 255 255 255 0 0 179 0 255 0 255 255 255 255 209 29 0 255 0 255
    255 255 0 0 0 255 255 255 255 0 255 0 255 0 0 29 0 255 231 0 255 0
    255 0 255 0 255 255 81 255 0 255 0 179 0 43 255 255 255 0 134 0 255
    167 159 208 255 210 202 0 0 0 0 255 0 255 255 0 0 73 255 0 255 255
    255 45 0 234 0 255 255 255 0 255 177 255 255 255 0 0 0 0 71 255 0
    183 0 255 255 255 0 174 0 255 250 255 255 0 36 255 255 119 0 0 0 255
    0 255 0 164 255 0 18 255 255 255 0 255 0 255 156 255 255 0 0 255 255
    255 0 255 255 255 255 255 255 0 0 0 255 255 255 255 186 0 255 255
    255 0 130 47 255 0 203 255 158 78 252 255 254 73 255 0 0 255 96 255
    255 96 0 0 255 255 255 0 105 0 180 0 0 255 255 255 253 0 255 0 0 0
    255 107 255 0 255 123 173 0 53 255 21 255 255 143 0 0 0 255 0 255
    176 255 0 93 154 255 0 100 0 253 98 255 0 0 255 0 0 0 109 0 0 255
    255 255 0 0 255 255 255 0 255 255 0 0 255 255 255 0 0 0 255 255 0
    232 255 202 255 0 0 0 0 255 255 255 0 0 34 255 0 0 0 203 201 255 0 0
    255 255 255 0 0 0 255 248 0 138 0 0 255 0 0 174 255 0 0 0 255 6 255
    0 141 110 255 0 0 255 181 255 65 255 255 0 179 222 255 0 255 53 0
    255 29 225 0 0 186 0 255 0 0 0 0 0 254 82 255 255 255 255 0 255 0 0
    0 255 0 255 209 255 0 0 255 255 255 20 0 255 255 255 220 0 0 0 255 0
    255 0 0 255 255 255 255 230 0 0 0 98 0 255 0 255 255 0 0 60 177 255
    0 32 0 35 0 255 0 255 0 0 255 255 252 0 255 101 113 0 88 255 232 179
    255 255 255 0 255 0 0 255 255 255 157 0 0 171 255 0 0 255 63 255 255
    255 0 0 255 255 75 0 255 255 0 211 138 113 0 0 77 0 0 18 255 255 115
    255 0 0 0 255 255 0 229 0 255 0 155 0 27 0 0 0 135 255 255 255 0 128
    255 36 0 255 255 55 0 255 82 255 255 255 0 0 0 255 137 255 158 0 15
    217 255 255 255 155 184 120 0 0 5 0 255 255 42 255 107 133 255 233
    98 0 0 255 0 255 0 0 92 255 0 0 255 255 130 0 0 255 0 0 0 255 255
    255 0 0 0 255 0 255 255 0 165 0 30 255 0 165 0 0 0 0 0 255 255 114 0
    0 0 255 100 0 55 229 255 0 0 255 0 255 0 255 255 255 159 0 255 255
    255 255 255 0 255 0 255 255 0 255 255 255 0 0 0 0 255 255 0 0 0 110
    255 255 255 0 0 0 0 0 255 255 123 0 255 0 127 0 0 100 192 90 255 255
    221 0 101 255 255 255 0 0 0 255 14 0 255 110 255 86 0 255 253 255 0
    255 18 0 0 255 201 0 0 0 255 0 255 72 255 255 235 255 0 255 0 0 0
    255 64 0 255 255 255 255 0 0 73 255 0 0 255 0 255 0 255 0 0 0 255
    255 255 255 255 122 255 255 80 255 83 0 0 255 255 0 0 53 0 0 0 255
    255 255 0 255 0 0 0 255 255 255 255 0 255 139 0 255 255 0 0 154 255
    0 0 0 255 255 255 255 0 255 122 72 12 255 0 255 193 255 179 0 0 255
    167 255 0 255 0 0 0 0 0 255 0 255 0 255 255 255 255 0 0 0 255 0 117
    0 255 0 63 255 255 255 255 129 152 0 255 187 255 0 0 0 255 255 255 0
    0 0 255 255 255 0 0 54 0 113 0 2 137 255 0 173 0 0 135 255 0 0 255 0
    255 0 255 255 255 255 0 0 0 255 0 255 0 0 0 0 198 255 0 255 255 76
    255 0 0 0 221 0 255 255 227 5 0 0 255 255 0 255 245 0 0 0 255 0 223
    255 255 255 0 0 0 255 255 255 11 0 161 82 0 0 255 255 255 0 255 0
    255 0 0 0 255 255 0 0 0 255 255 0 0 0 0 0 255 255 0 0 7 255 255 255
    255 110 255 0 33 108 255 196 0 0 255 255 255 0 158 0 255 0 0 0 252
    255 182 0 0 0 69 255 255 0 0 0 255 255 250 0 255 255 255 0 80 7 0
    255 255 255 72 255 0 255 0 255 23 255 0 0 0 0 0 255 126 255 255 95
    255 0 255 0 168 0 255 176 255 255 0 0 0 255 0 255 0 255 0 255 0 255
    0 0 0 255 255 203 0 0 151 255 255 255 0 255 0 16 0 255 255 255 126
    227 236 255 35 49 0 212 255 94 255 0 241 255 255 220 189 0 0 99 0
    255 255 255 255 255 0 0 255 255 26 0 0 175 255 24 255 0 0 0 255 255
    11 0 35 255 0 255 255 255 0 255 255 255 236 0 255 0 0 0 27 0 255 255
    255 0 175 255 255 0 64 0 255 0 97 0 255 255 255 255 255 255 0 0 255
    68 55 0 255 255 255 255 0 0 66 255 0 0 9 255 0 0 255 0 255 0 47 0 0
    255 0 228 0 255 0 255 0 162 0 255 0 124 0 246 143 255 26 255 255 93
    0 0 255 255 255 0 255 0 0 255 84 0 255 95 255 255 0 149 0 0 0 255 51
    234 0 255 155 0 0 255 190 255 255 255 0 0 0 62 255 255 255 255 0 255
    0 255 255 0 255 255 255 0 220 46 0 152 0 99 255 255 0 0 255 58 255 0
    255 0 255 0 0 0 0 255 0 255 0 255 0 66 0 0 145 255 255 0 180 255 0 0
    0 0 255 8 255 80 0 255 255 0 255 0 0 255 0 255 255 0 255 0 255 0 255
    0 0 206 0 255 255 255 0 0 255 255 33 255 108 59 0 0 0 231 255 255
    255 0 93 255 248 0 101 217 27 255 255 255 0 0 15 60 229 255 0 255 0
    58 0 255 187 255 0 7 255 255 0 255 0 255 170 255 255 0 255 42 255
    255 0 0 0 0 255 255 255 71 0 255 0 255 0 255 0 95 110 255 255 17 0
    255 115 255 0 0 0 255 255 255 0 255 0 0 195 0 255 0 255 5 255 0 16 0
    0 255 255 255 255 0 0 255 0 255 0 255 255 134 255 255 0 255 0 255
    255 255 0 255 255 0 0 255 255 0 0 0 255 255 255 0 0 0 255 255 84 76
    32 0 255 255 255 255 255 0 29 255 255 0 0 248 255 255 0 0 0 249 254
    0 255 0 173 0 255 255 129 255 0 184 0 0 255 0 255 255 255 0 0 51 57
    255 0 0 119 65 0 0 0 255 255 0 0 0 118 255 0 255 176 0 0 255 255 0
    255 0 0 0 255 0 255 0 255 255 255 0 0 0 0 255 0 255 0 255 0 255 0
    255 0 251 255 255 0 0 0 255 65 255 0 179 0 255 122 194 0 131 149 0 0
    255 106 0 97 255 76 82 0 56 255 255 255 0 255 20 255 0 216 0 255 255
    255 254 0 207 0 0 255 79 0 0 159 255 255 255 237 40 0 255 255 0 255
    0 70 150 0 255 0 0 0 0 255 255 0 0 255 0 0 255 255 0 255 92 0 255 0
    60 0 31 0 255 11 0 0 0 0 173 255 255 255 0 255 254 131 0 143 0 255 0
    255 255 0 255 177 187 0 209 0 255 255 255 255 255 255 0 255 255 255
    255 255 0 155 0 0 0 255 159 255 143 0 0 203 255 255 255 255 213 255
    0 0 255 0 255 74 255 0 0 255 255 255 0 0 0 0 76 0 255 255 179 0 103
    255 111 0 255 255 0 0 0 160 0 0 255 255 255 173 255 0 0 133 255 255
    111 237 0 255 255 255 73 255 0 0 0 0 255 255 255 51 0 202 255 0 0
    255 255 0 0 0 255 255 255 0 0 0 197 255 49 0 0 198 255 255 70 22 0
    255 255 255 255 0 0 253 37 255 201 255 0 0 255 0 255 0 255 0 255 234
    255 0 0 255 255 69 0 142 0 255 255 255 0 0 0 255 255 255 255 43 255
    217 0 0 255 202 0 0 255 0 0 255 0 152 0 0 25 255 0 13 0 0 0 0 255 0
    255 226 255 168 255 255 0 0 0 255 255 0 0 0 255 255 255 255 255 0
    255 0 56 154 42 255 255 194 255 208 255 0 0 0 78 0 0 255 159 0 45
    121 173 255 0 46 0 0 255 255 244 0 0 255 255 255 255 222 0 0 0 255 0
    0 0 0 37 255 0 255 0 0 0 15 255 0 0 0 0 228 255 0 255 255 255 0 0 0
    255 0 131 35 121 255 255 255 255 0 255 255 0 0 0 255 169 255 255 207
    255 17 255 0 255 251 255 0 255 0 0 0 0 150 0 255 255 0 255 255 0 255
    255 255 190 252 0 84 253 0 255 0 0 141 0 0 0 151 255 255 72 0 0 122
    255 252 0 255 209 0 0 0 110 255 0 255 0 255 0 255 18 0 191 255 255
    255 255 0 255 255 255 255 255 0 31 0 51 255 0 255 0 0 255 148 255 0
    255 78 0 116 255 255 255 0 58 255 0 255 0 0 255 224 0 0 0 0 255 255
    0 255 0 255 126 0 0 95 186 255 136 255 63 0 0 100 255 255 0 182 0
    255 255 141 146 255 0 255 0 0 255 78 255 255 0 193 91 0 0 0 0 181
    255 0 255 206 0 0 0 255 0 255 0 255 255 0 0 230 177 0 251 136 255
    255 255 0 255 255 255 0 0 88 0 255 255 11 150 0 255 0 255 0 22 0 255
    45 75 255 255 255 255 0 0 71 72 255 17 255 255 194 0 0 255 255 0 89
    148 87 255 0 0 0 148 0 0 0 255 255 135 0 0 255 255 255 0 255 0 0 0
    163 255 0 0 0 0 92 2 0 0 147 0 0 0 255 0 255 255 255 17 0 234 174
    255 41 255 0 96 0 255 255 143 0 0 255 136 241 255 255 0 166 255 255
    255 0 0 20 255 255 255 0 0 255 0 0 0 213 255 255 255 255 0 0 0 16
    114 255 255 0 255 0 0 255 201 255 255 255 0 255 255 255 0 136 255
    255 0 226 255 73 168 0 250 255 0 0 255 0 0 255 52 255 255 0 0 0 255
    255 0 0 0 255 150 0 56 255 0 141 0 255 255 255 0 0 111 255 255 0 0
    255 103 145 46 0 0 0 0 255 0 255 255 255 179 0 0 0 27 62 255 0 0 0
    255 255 255 0 0 255 255 255 255 255 0 0 255 255 0 0 11 4 255 255 255
    255 68 17 0 217 0 182 0 255 255 255 255 255 255 0 0 0 255 255 255 0
    31 0 255 255 255 255 0 0 0 91 255 255 0 255 51 123 0 255 0 255 0 255
    255 255 68 0 0 0 4 0 255 244 255 0 255 0 233 0 213 0 255 96 255 255
    0 255 0 255 0 0 255 0 0 0 0 188 255 0 255 0 255 255 197 255 0 255 0
    255 0 0 45 255 133 0 0 255 255 255 0 255 97 255 245 87 231 255 0 0 0
    0 255 255 255 190 0 204 255 255 255 0 0 0 0 0 0 255 255 150 255 255
    0 0 0 255 29 255 0 17 0 0 0 0 110 0 0 255 0 117 0 255 0 0 129 0 7 0
    255 82 255 196 0 255 196 0 0 0 255 160 0 0 255 255 0 255 0 163 255 0
    255 0 0 255 182 255 255 0 0 0 255 0 255 10 0 0 255 255 0 255 0 255
    255 0 93 0 126 255 255 0 1 255 115 0 0 255 255 255 0 0 0 255 222 31
    59 0 0 0 255 244 0 0 255 255 130 255 255 0 0 0 0 255 0 255 255 92
    255 255 255 255 0 255 0 0 56 255 255 38 255 255 255 0 255 0 255 0 80
    255 194 0 0 0 0 92 255 221 75 0 255 255 0 0 0 0 0 0 255 182 255 255
    0 238 109 255 0 0 0 0 0 255 255 0 255 255 255 0 0 255 0 81 255 255
    255 185 0 8 0 255 0 255 181 65 0 212 255 0 0 255 255 255 255 255 255
    0 52 0 255 255 255 97 126 120 212 0 180 0 255 0 0 255 0 255 0 255
    255 0 255 255 77 0 255 255 0 0 0 255 121 255 0 255 255 255 0 0 0 255
    119 255 0 0 80 170 81 0 0 0 255 255 255 230 0 255 255 0 255 0 255
    143 0 0 0 255 255 255 255 255 0 0 255 255 255 0 108 0 255 255 255 0
    255 113 255 0 0 0 0 0 0 19 255 0 0 82 255 255 105 0 255 0 255 114 82
    0 255 148 0 234 0 255 0 0 0 246 255 255 255 0 0 0 143 0 255 239 0
    100 0 255 80 0 0 0 248 151 0 255 0 255 0 0 255 255 255 255 0 0 0 0
    255 0 255 0 255 192 0 255 255 252 249 0 0 0 255 0 158 0 241 255 0
    255 255 255 0 253 0 0 255 255 0 255 255 255 41 255 0 126 0 0 0 255
    255 0 0 0 210 255 0 0 0 0 0 178 0 255 0 255 255 255 0 0 0 255 95 255
    209 255 0 211 0 218 0 255 231 255 0 255 255 0 73 255 255 236 0 0 0 0
    0 255 255 255 0 255 0 255 255 255 255 140 0 0 255 203 255 0 255 174
    255 255 255 0 0 0 255 255 149 79 255 255 255 255 255 255 255 0 0 87
    255 0 0 114 255 164 0 255 0 0 0 255 0 255 0 199 255 0 0 255 255 0
    164 255 0 0 0 206 255 255 0 0 255 255 0 0 255 128 255 194 0 255 0 0
    255 255 255 255 78 0 0 255 0 255 0 255 255 255 75 0 255 255 255 0
    255 0 255 193 255 0 141 0 0 0 51 255 255 255 255 0 255 136 255 0 120
    255 255 0 0 255 0 255 0 0 255 216 255 27 145 222 255 0 0 255 255 255
    255 0 255 255 255 255 255 74 160 0 0 255 255 0 255 0 0 0 255 255 6 0
    128 255 255 0 0 0 255 0 0 0 0 137 144 255 35 255 255 0 255 255 0 0 0
    0 83 5 255 0 255 255 172 152 194 0 255 0 195 0 255 0 255 234 118 255
    0 246 0 255 0 0 90 0 51 0 106 255 255 0 0 255 255 255 0 255 0 255 53
    0 59 255 0 255 0 0 0 255 255 0 0 0 0 255 255 0 0 255 255 255 255 0
    255 0 255 0 255 0 0 0 0 255 255 255 255 0 255 255 255 0 255 0 255 0
    255 255 0 0 255 255 255 171 0 254 0 0 9 0 255 255 255 0 0 0 0 0 255
    255 255 43 255 0 0 0 0 196 255 0 255 0 255 206 0 0 0 0 0 255 255 255
    38 0 0 0 255 255 255 0 0 112 1 0 255 255 255 0 0 255 255 223 255 0 0
    0 255 12 0 255 218 255 255 76 0 123 224 255 73 128 255 255 0 0 255
    255 255 0 255 255 0 0 0 0 0 0 255 255 255 255 0 255 0 255 255 67 255
    255 255 35 255 72 255 255 255 0 172 0 255 0 0 255 255 255 168 0 35 0
    255 0 172 255 0 207 64 255 53 255 0 255 255 252 255 0 0 0 0 255 255
    131 140 0 255 0 229 0 0 255 99 92 215 255 255 255 0 255 0 0 0 0 0
    255 255 255 166 255 255 0 228 255 255 0 139 97 143 255 0 0 0 255 255
    0 0 0 192 255 255 0 255 242 255 187 255 0 255 241 140 255 0 255 0
    255 135 255 8 255 0 255 25 255 91 255 0 0 255 255 255 0 48 255 255
    255 0 0 0 0 255 0 255 0 255 255 255 131 47 255 0 0 255 255 102 121
    10 255 255 95 0 255 27 255 0 220 0 206 255 255 0 68 111 255 177 0
    164 0 21 255 255 0 255 255 255 0 68 230 255 204 255 0 205 0 255 255
    255 255 255 255 0 255 0 0 0 0 0 0 255 255 255 0 255 255 255 0 0 255
    0 255 0 29 0 198 0 255 255 255 0 0 0 255 0 255 0 255 192 118 255 255
    255 255 0 63 98 127 157 255 227 217 0 21 0 0 0 0 0 255 11 0 255 0
    255 0 255 255 78 225 0 255 232 255 0 255 0 255 255 0 233 0 255 0 255
    0 255 253 28 0 112 0 255 255 0 186 172 255 0 255 255 255 0 0 0 59 63
    255 255 0 0 0 225 206 255 255 255 203 0 255 0 255 255 0 174 0 0 0 0
    41 0 255 255 255 0 0 255 255 255 0 255 0 255 255 0 0 0 255 255 0 255
    0 255 0 255 255 64 0 255 0 0 113 255 216 255 255 255 238 53 0 79 0 0
    255 255 105 0 255 255 255 0 0 0 0 159 255 0 255 63 255 0 155 209 255
    91 67 163 0 255 60 19 0 169 255 0 188 0 0 0 255 0 104 255 255 0 0
    255 0 255 255 255 0 0 0 0 0 0 255 110 255 255 255 0 47 0 0 0 0 0 255
    255 255 0 0 0 255 255 221 0 0 0 255 255 0 209 0 37 255 72 255 255
    255 0 210 0 255 0 255 255 0 0 255 255 255 0 0 0 0 255 255 0 0 35 255
    255 0 0 255 255 0 0 0 0 255 255 255 0 0 255 255 0 103 133 255 0 255
    0 0 0 255 205 255 0 0 0 0 255 255 255 0 255 0 255 0 0 0 255 0 0 0
    255 255 192 0 0 0 0 251 128 0 0 254 255 255 255 0 255 0 0 255 255
    255 255 0 0 255 255 171 0 0 8 255 255 255 0 0 255 255 255 0 84 143
    255 255 0 14 173 0 255 255 255 255 255 85 0 216 255 255 0 0 0 0 0
    255 255 255 219 0 255 0 255 0 0 255 255 0 255 255 0 255 0 255 255 0
    255 0 0 0 255 156 255 255 255 255 0 255 219 255 255 255 159 255 0
    255 255 255 0 255 0 255 0 225 255 255 0 0 0 255 255 255 0 116 124
    255 255 255 194 0 0 0 33 255 0 0 0 255 255 255 98 163 0 255 255 255
    0 0 0 255 255 0 255 90 19 0 0 255 0 255 0 255 119 0 255 0 255 255 79
    255 255 184 0 0 0 0 255 255 255 0 255 0 255 0 255 46 255 0 2 82 255
    0 0 115 0 255 255 255 224 0 0 33 0 134 0 0 0 0 185 52 244 255 0 0 0
    0 255 255 0 0 191 255 255 0 255 0 98 0 207 255 0 0 0 255 54 0 0 255
    89 255 0 255 255 254 0 0 255 0 255 0 255 227 0 0 0 255 255 189 0 0 0
    255 255 0 0 0 0 0 0 0 255 255 255 255 0 255 255 0 255 206 255 0 9 0
    255 0 0 0 147 255 255 0 255 12 255 0 255 0 255 0 255 0 0 0 0 255 0
    255 255 137 0 0 255 255 0 0 142 255 255 255 0 0 255 255 87 0 0 0 0 0
    255 0 255 255 255 0 0 0 255 0 255 255 54 0 0 255 0 0 0 255 255 255 0
    0 0 255 0 0 0 0 0 138 255 0 255 255 52 0 0 96 255 255 255 68 255 0 0
    92 255 154 255 255 255 255 0 0 0 95 255 255 0 0 255 255 0 0 255 255
    255 255 0 0 0 255 255 255 0 0 29 0 12 102 0 0 0 255 255 0 0 255 31
    63 255 255 0 0 9 255 255 0 255 247 255 255 0 171 0 0 0 22 255 0 0 0
    255 21 255 255 255 0 0 0 255 255 255 234 0 0 74 255 255 129 108 54
    255 71 0 147 185 255 255 0 255 0 0 0 108 255 255 227 255 0 0 0 59 51
    255 255 255 0 255 0 253 0 255 68 255 255 0 0 7 255 255 255 255 255 8
    255 255 0 125 0 181 255 255 0 255 255 0 255 0 255 255 228 0 0 255
    255 0 11 0 36 64 0 0 0 0 255 255 90 255 0 255 0 237 204 255 0 0 255
    227 255 239 255 81 227 0 231 0 0 255 255 0 255 0 255 0 255 255 0 255
    105 0 83 144 255 0 255 255 255 0 233 0 255 159 83 0 0 100 255 0 0 0
    255 0 0 0 255 255 255 0 255 255 255 0 0 0 255 255 255 255 255 0 46
    255 255 255 179 0 0 0 255 0 255 0 0 255 255 213 0 255 0 255 255 126
    0 203 255 255 255 174 0 0 0 255 255 255 136 0 0 0 130 0 255 255 0 0
    255 0 253 255 255 255 255 255 0 255 247 255 234 0 0 0 255 255 255
    255 255 0 255 0 255 0 0 0 255 0 255 0 58 0 56 255 255 0 195 0 0 0 0
    255 56 255 0 0 107 255 0 0 255 0 0 140 255 166 0 222 255 0 255 0 255
    255 0 0 255 255 255 255 0 255 0 255 0 0 0 255 255 0 0 0 255 255 0
    255 0 255 0 255 0 0 0 255 255 255 147 0 255 255 255 0 255 129 255
    255 255 214 255 0 0 208 255 255 186 0 255 77 255 53 0 0 255 87 205
    255 255 159 0 0 0 255 255 197 181 0 0 0 3 255 255 191 0 255 0 0 3 0
    251 0 0 243 0 255 0 255 0 255 0 0 11 255 0 255 0 92 0 0 0 255 0 233
    255 255 255 0 255 0 189 0 255 255 255 0 23 194 255 0 174 20 255 255
    0 0 255 255 255 255 255 144 0 0 0 0 0 0 0 255 121 151 2 0 0 0 58 0
    255 255 0 243 9 52 0 0 255 255 255 255 206 0 255 255 0 144 28 0 237
    0 0 80 255 255 0 225 102 255 0 255 0 0 255 255 0 0 255 255 255 255 0
    174 255 176 255 255 0 0 0 146 255 255 0 255 255 255 72 0 189 255 86
    0 0 255 0 255 255 0 0 0 255 255 255 255 0 0 0 0 255 255 255 255 255
    0 0 255 255 0 90 0 255 0 0 255 0 255 0 246 255 0 255 0 0 0 255 0 255
    0 169 0 255 255 255 0 0 0 255 13 255 255 0 255 138 255 0 255 240 200
    223 77 0 141 0 0 255 255 0 0 255 255 255 0 255 255 47 255 0 255 255
    0 0 0 255 255 255 255 119 0 255 255 159 0 0 0 0 0 255 0 90 255 255
    153 0 0 5 19 255 255 255 221 47 255 255 0 115 0 255 0 200 0 0 255
    123 255 0 255 255 0 255 50 225 255 255 71 119 255 0 226 255 0 195 0
    0 255 255 0 0 0 255 255 180 0 204 0 255 255 255 255 102 46 255 0 0
    235 221 255 0 255 255 255 0 88 255 29 255 255 86 255 255 129 255 0
    255 255 0 0 0 255 255 0 255 174 255 0 66 235 255 255 125 0 0 255 0
    255 0 255 255 182 255 0 205 255 0 176 0 255 255 74 255 212 255 255
    255 0 0 255 165 0 255 0 0 0 0 214 255 236 255 0 0 255 0 0 214 255 0
    0 107 108 255 0 255 0 0 179 0 255 255 124 255 0 0 0 90 255 0 255 0
    255 0 0 4 0 255 0 255 0 0 255 0 220 255 255 255 83 255 255 0 155 233
    0 86 0 255 255 255 255 0 223 0 0 0 255 255 0 0 255 255 255 0 0 219 0
    0 255 255 255 0 255 87 253 205 232 114 0 117 218 0 255 0 148 0 0 255
    255 0 42 255 0 255 0 255 0 255 255 255 15 255 0 0 255 255 255 0 236
    143 255 255 255 0 0 255 0 0 255 255 255 53 0 252 0 231 0 63 255 0 0
    255 0 255 255 255 0 36 0 0 255 255 255 0 35 255 0 255 41 255 0 0 179
    0 255 255 255 255 255 0 0 0 255 255 255 0 255 0 0 0 255 45 255 0 0
    98 255 255 69 0 0 255 21 105 197 0 236 0 255 0 215 255 165 0 0 174
    246 0 255 255 0 178 0 173 255 255 177 255 255 0 255 255 255 0 0 0
    255 139 163 0 0 0 0 83 35 0 255 255 255 250 0 255 255 0 0 0 255 0
    255 0 255 255 255 0 0 255 255 241 0 0 255 255 255 0 0 0 0 0 255 255
    255 0 208 0 255 30 115 0 0 255 0 156 0 255 0 255 0 255 255 255 255 0
    255 0 0 88 255 255 0 138 77 255 255 152 255 0 255 255 0 255 255 0
    255 0 255 101 0 255 255 255 0 0 0 255 25 0 255 0 0 0 255 0 255 0 255
    12 255 255 232 87 0 16 0 0 23 255 176 0 255 255 255 255 0 255 0 255
    0 0 47 255 255 0 255 0 255 255 255 0 0 29 215 1 0 255 255 255 0 0 0
    255 231 255 0 24 255 65 255 0 255 0 255 255 255 255 1 0 0 19 118 255
    0 255 117 255 126 206 0 255 0 255 255 255 255 255 84 255 255 0 0 0
    255 0 0 0 0 255 124 255 255 255 0 0 255 255 255 0 0 255 255 255 0 0
    2 0 151 255 84 54 0 255 53 193 255 0 255 0 0 255 255 182 0 0 0 255
    255 0 0 0 191 241 0 255 169 255 255 232 0 3 97 255 232 255 255 255
    255 0 148 0 255 25 255 255 0 182 255 156 0 245 78 255 255 135 0 114
    255 255 255 67 255 91 0 0 255 135 112 0 3 255 255 255 255 0 0 18 255
    255 0 172 0 255 255 255 255 58 202 0 255 216 143 255 255 255 0 0 0 0
    255 0 255 0 255 250 144 0 255 255 0 255 0 255 0 173 0 255 255 255 0
    198 0 255 41 0 255 0 0 0 255 255 0 255 0 0 0 255 255 216 255 255 0
    167 46 255 255 0 0 199 255 255 98 255 255 0 0 190 37 255 0 0 255 255
    0 0 255 255 0 255 0 0 0 255 0 0 0 255 255 255 0 115 0 255 255 255 0
    0 0 255 255 255 55 255 255 255 0 8 0 255 0 255 255 0 255 0 255 255
    255 255 0 0 255 23 255 0 255 62 0 0 23 255 255 255 74 0 255 255 255
    255 0 57 0 43 255 0 0 255 0 255 255 255 0 0 0 255 0 0 0 255 255 255
    255 0 0 255 255 255 0 0 255 0 255 138 68 212 255 0 255 0 0 10 203
    255 0 255 0 255 255 255 0 252 0 0 0 255 0 255 0 255 0 255 255 0 205
    0 255 0 255 0 161 255 0 255 79 0 0 0 165 234 255 0 255 0 255 255 255
    255 92 255 0 14 255 255 0 255 0 255 255 0 0 255 255 255 0 255 255
    255 0 255 0 255 0 28 0 0 0 255 0 36 0 255 255 255 0 0 255 255 155 0
    255 255 190 0 255 11 163 0 0 0 85 200 255 225 0 0 255 0 255 255 72 0
    0 255 0 255 255 61 0 0 255 255 255 0 0 255 255 255 175 38 0 230 0
    255 255 108 0 0 0 249 255 0 255 255 0 255 0 255 0 255 0 255 0 255
    255 0 0 0 255 255 0 0 0 255 55 195 0 255 255 255 0 0 111 101 0 0 52
    255 255 255 0 0 0 255 131 0 0 255 0 249 131 235 255 255 255 0 0 255
    102 141 0 13 0 0 255 255 255 0 0 157 255 255 255 0 0 0 255 255 255 0
    0 218 159 255 14 255 0 122 0 0 0 255 255 255 255 0 90 0 198 112 255
    226 48 125 0 0 0 0 255 255 150 255 0 0 0 255 255 0 255 253 0 0 0 161
    0 255 255 0 0 255 179 255 0 255 0 255 255 255 0 255 255 0 0 0 0 255
    255 255 255 0 255 0 255 0 255 0 0 0 255 49 0 0 22 22 76 255 255 223
    34 0 233 255 89 255 0 0 86 0 255 0 175 0 190 255 136 255 155 0 255 7
    104 0 255 255 255 235 196 113 0 88 255 0 0 0 0 255 255 255 132 0 255
    0 0 0 255 255 0 0 0 94 255 255 255 255 0 0 0 189 255 255 255 0 0 0
    212 0 255 255 117 0 0 0 120 80 255 113 0 255 255 255 255 0 150 0 255
    0 255 0 255 255 255 162 0 0 255 0 255 0 255 117 255 255 255 0 0 18 0
    0 11 255 255 255 0 132 144 0 0 0 255 1 255 0 159 255 0 0 0 255 0 255
    0 255 0 255 251 255 255 255 0 255 22 255 255 0 0 199 0 192 255 255 0
    255 0 255 59 0 255 0 0 0 255 0 73 211 255 255 255 0 0 255 0 0 0 255
    0 161 22 255 8 0 0 0 255 255 0 0 0 0 0 255 8 18 253 0 0 0 255 0 255
    0 0 115 159 164 255 0 0 109 255 255 255 0 0 0 0 255 0 6 255 0 255
    255 255 0 0 0 255 255 255 0 0 92 0 255 255 255 0 0 0 251 196 255 255
    0 255 186 4 0 0 0 0 255 255 0 176 140 255 0 0 0 0 255 255 255 255 0
    0 255 255 240 255 255 0 0 0 0 255 255 0 12 0 251 255 0 35 0 255 255
    0 0 166 0 255 0 255 230 85 0 227 0 0 121 255 255 0 255 0 59 0 255 0
    0 255 0 0 0 0 255 255 255 255 255 255 0 0 0 255 203 0 255 0 255 0
    135 255 255 255 0 0 0 255 255 0 0 0 255 255 167 255 255 0 0 255 255
    255 0 161 255 255 0 0 0 231 0 255 255 0 0 0 139 72 194 0 255 0 255
    167 0 0 255 1 0 0 0 0 0 0 255 187 0 0 0 0 255 0 250 0 255 164 0 255
    0 255 0 247 0 135 0 255 0 0 255 255 255 0 0 0 255 255 0 157 0 255
    180 165 255 0 0 0 255 10 0 0 0 4 255 255 255 0 255 0 255 0 72 255 0
    255 0 0 0 255 255 0 251 0 0 0 0 255 255 255 40 255 0 255 0 0 0 255 0
    205 0 0 255 255 196 159 239 255 255 233 159 0 154 255 255 0 0 0 0 0
    108 255 255 118 255 3 0 255 226 255 0 229 255 255 0 0 120 242 255 0
    255 255 90 255 0 0 0 137 255 255 255 0 0 0 0 255 0 255 0 174 196 0
    47 255 0 0 255 255 255 0 0 0 30 0 255 0 255 0 0 0 255 0 255 0 43 255
    255 255 91 0 255 255 255 0 0 0 0 255 218 255 255 255 0 255 255 235
    255 0 0 0 0 255 0 255 0 255 0 255 0 255 0 0 220 255 255 255 0 0 5 0
    113 255 255 0 255 0 255 0 0 7 0 255 255 0 0 255 0 255 0 255 0 80 0 0
    0 0 255 137 239 0 255 255 255 0 36 0 255 255 255 255 255 105 0 0 255
    255 0 0 0 0 255 255 0 255 0 0 255 0 255 0 158 0 255 0 255 167 64 110
    0 243 255 0 255 0 0 255 98 156 0 255 255 255 255 138 0 0 0 224 0 0
    71 255 255 255 29 189 0 255 255 118 0 255 0 255 255 0 0 180 0 255
    255 0 255 0 255 0 255 255 0 255 0 255 0 255 255 0 0 255 182 35 0 0
    170 0 14 255 0 18 255 0 0 255 162 149 95 255 0 199 0 50 255 0 0 0
    255 0 238 255 255 255 255 0 0 0 255 255 255 94 0 0 11 161 0 0 0 0
    255 255 0 13 255 0 255 0 255 0 0 0 255 187 255 0 255 255 0 255 66 0
    220 255 255 255 0 128 0 0 255 0 249 0 255 0 0 255 255 0 255 0 38 255
    108 255 0 255 255 255 0 0 2 255 255 186 255 0 0 255 0 0 0 255 255 0
    175 255 0 0 0 0 0 200 255 255 255 0 255 255 0 0 0 252 255 88 0 50
    255 225 200 0 255 0 255 255 0 0 167 255 0 255 236 255 0 0 0 0 255 0
    255 0 255 255 130 0 187 0 0 54 0 255 0 0 107 210 0 255 255 0 7 255
    255 255 0 0 0 23 255 255 0 73 255 255 0 0 0 104 25 255 0 179 255 255
    145 0 250 255 0 0 0 255 0 204 0 255 160 255 0 255 255 255 0 0 0 255
    255 255 255 218 0 255 255 255 100 255 0 228 255 255 255 0 255 240
    255 0 0 0 255 0 0 255 0 255 255 178 0 255 255 255 78 255 0 255 0 255
    0 246 0 0 0 139 255 0 0 0 0 0 255 255 0 255 0 184 0 233 77 7 0 255
    255 255 255 0 144 0 0 0 88 255 255 255 0 0 88 155 255 255 0 0 255
    255 0 255 255 0 255 0 255 255 0 108 0 0 255 255 0 0 255 255 255 0
    223 34 255 0 255 255 0 0 0 255 0 0 255 255 0 0 0 255 48 77 255 0 255
    255 255 255 0 0 0 255 0 251 255 255 0 227 0 255 0 5 255 255 0 137
    255 255 0 0 255 0 255 70 0 5 62 188 0 0 255 255 61 0 0 255 0 255 203
    255 255 255 255 0 0 255 196 255 255 13 255 255 0 255 0 66 0 255 0
    255 0 255 255 255 255 0 0 0 234 219 255 255 255 0 0 0 255 255 0 255
    255 35 0 162 255 255 255 0 255 0 137 252 0 67 0 255 255 255 0 190 0
    255 255 96 255 0 0 255 255 255 0 21 255 255 248 0 0 0 0 73 0 86 255
    255 255 0 255 0 255 58 46 0 0 255 255 255 63 255 228 0 0 255 255 234
    1 0 255 255 25 0 233 0 255 255 157 0 0 255 0 0 0 255 255 255 0 255
    255 255 187 0 0 255 255 255 255 0 255 0 255 0 0 205 255 131 0 183
    255 255 255 193 0 255 0 0 255 255 255 206 0 255 116 70 184 0 255 0
    227 255 255 0 0 255 0 0 18 255 255 255 0 255 0 255 0 30 232 255 0
    255 0 255 61 255 0 255 0 255 119 0 0 255 255 255 78 66 198 116 0 255
    255 255 0 226 0 0 233 255 0 255 22 255 255 184 255 0 255 63 0 0 0
    255 255 0 0 0 255 0 0 255 255 255 0 107 33 216 255 43 255 0 0 255
    255 255 255 0 0 0 255 0 255 0 255 255 255 0 0 0 255 240 0 0 0 0 0
    255 255 255 0 255 255 255 0 0 237 0 255 255 0 0 0 255 255 0 0 255
    255 0 79 0 131 255 0 255 192 205 0 255 186 0 255 167 0 213 0 255 0
    255 118 88 0 255 161 0 247 24 42 255 0 45 255 12 255 0 0 0 66 178 0
    255 0 80 0 255 255 255 255 255 91 255 0 0 0 0 0 255 0 255 0 255 0
    125 54 0 255 0 255 158 0 0 255 0 255 255 37 255 0 255 0 203 0 144
    255 255 0 0 255 255 255 0 0 255 255 0 0 0 255 255 255 6 255 0 0 255
    255 0 0 196 255 255 255 0 0 0 0 255 255 255 255 255 0 0 91 207 56 0
    0 116 0 255 255 255 0 0 255 0 112 0 255 255 255 0 255 0 248 0 8 32
    37 4 63 255 0 180 0 255 255 0 0 255 255 175 0 255 127 255 0 0 0 57
    255 255 231 255 23 132 0 255 0 26 0 255 255 0 255 255 255 0 255 0
    255 0 193 0 0 0 108 255 255 255 255 0 0 0 0 255 255 0 19 0 255 255
    255 255 0 255 255 255 0 150 0 25 0 0 0 255 255 255 255 255 0 0 255 0
    255 255 118 255 0 255 0 255 255 18 0 0 255 0 198 255 255 0 255 0 160
    6 255 120 0 0 201 0 255 255 255 18 255 0 0 255 45 255 255 255 0 255
    0 0 167 255 255 203 255 0 255 0 255 0 255 255 255 0 0 255 255 0 179
    0 255 255 0 255 0 0 255 0 255 0 255 0 60 0 102 255 255 66 81 255 0
    255 0 125 255 0 0 6 255 0 18 0 255 0 255 0 245 0 255 255 0 0 255 255
    255 255 255 0 71 255 252 0 0 210 255 255 0 0 197 255 255 0 0 125 0
    255 255 0 0 0 255 255 255 0 0 255 255 255 0 0 255 255 255 255 0 0 0
    255 255 71 0 0 255 255 0 153 0 255 0 255 0 0 183 255 255 255 0 0 0
    255 255 0 0 0 255 255 0 0 31 0 255 255 0 0 0 216 255 182 0 0 255 255
    255 98 0 0 93 255 144 212 122 107 151 255 69 255 161 0 58 97 255 50
    0 0 255 0 255 255 218 0 0 213 255 255 255 255 255 0 255 100 255 136
    255 0 51 255 255 0 255 0 255 0 0 0 255 255 0 0 255 0 255 0 0 0 0 0 0
    255 255 255 0 255 0 255 0 0 0 255 255 255 0 0 255 255 95 0 0 255 255
    0 0 100 0 0 255 255 255 0 0 0 255 255 0 7 0 0 117 255 0 255 255 255
    0 0 255 38 255 92 255 255 38 0 255 182 0 80 41 255 255 255 0 255 255
    0 0 0 255 255 255 0 0 0 255 0 255 32 255 255 7 0 219 0 0 107 31 255
    255 255 255 255 255 0 255 0 28 0 255 255 0 113 0 0 255 0 255 0 47 0
    0 0 232 255 255 18 0 0 255 255 255 0 0 91 255 255 0 255 126 255 0 0
    0 0 255 255 0 255 0 0 175 255 255 0 0 0 255 0 255 0 255 121 0 255 0
    255 0 0 28 255 214 127 255 235 0 0 255 118 0 0 0 255 255 0 0 172 0 0
    255 255 255 0 0 0 89 255 255 255 170 0 255 0 177 0 0 255 0 255 0 255
    0 255 255 255 255 172 255 0 0 255 255 255 0 0 255 255 255 255 255 0
    0 255 255 255 0 0 0 0 255 216 0 255 0 19 0 240 255 255 255 207 255
    43 184 244 255 170 171 0 255 255 0 0 0 255 255 0 134 255 40 255 0
    216 0 255 0 255 0 255 0 59 255 255 255 0 0 0 255 99 255 0 255 255 0
    0 13 255 255 255 115 255 0 161 0 200 255 255 0 0 255 91 255 114 255
    0 255 0 255 0 0 255 0 0 0 0 187 0 255 255 0 140 180 209 255 0 255
    255 0 255 0 0 255 0 0 255 255 255 0 255 0 255 255 0 198 0 0 0 255
    255 89 0 0 0 255 0 255 0 255 0 0 0 255 251 255 206 255 59 255 0 163
    194 77 255 255 255 0 0 0 255 255 255 110 255 255 255 255 0 155 0 255
    255 255 255 255 251 255 0 255 255 255 0 114 0 0 0 0 255 0 255 0 0 0
    0 255 201 0 40 120 255 176 255 0 255 209 190 0 255 255 0 229 0 74 54
    0 63 255 0 0 4 18 255 255 255 0 255 23 255 0 0 0 0 0 255 0 0 0 255 0
    255 0 0 255 0 0 0 255 29 255 255 0 0 255 47 255 255 255 0 0 0 206
    255 5 255 0 255 0 0 0 222 0 0 0 143 255 255 139 178 92 255 255 243
    23 255 255 255 0 255 255 31 0 249 255 255 0 0 0 255 255 255 0 255
    255 100 255 0 0 0 255 211 255 186 255 0 255 0 0 0 255 0 0 0 0 255
    230 255 0 255 207 255 0 255 197 0 0 0 0 0 0 22 255 255 255 0 0 255 0
    255 0 255 0 255 255 255 130 216 147 201 0 197 0 0 0 255 16 0 255 0
    255 0 0 166 255 255 0 0 0 254 0 255 0 255 0 255 162 255 0 255 0 255
    0 19 255 255 0 255 0 255 127 137 0 156 0 255 82 255 17 51 108 0 0 0
    255 255 255 12 255 0 0 0 136 40 255 55 207 255 255 0 0 0 255 0 39 3
    0 0 82 255 181 0 69 255 255 0 0 177 255 255 255 0 0 0 255 30 0 0 255
    0 230 0 255 0 0 158 255 240 149 0 247 255 51 255 0 0 255 255 0 0 0
    255 0 220 0 0 255 0 140 229 255 255 255 108 0 255 97 255 215 0 0 0
    255 238 6 255 86 0 0 255 0 255 0 255 255 220 0 0 0 0 0 255 160 255 0
    0 0 0 42 0 255 255 0 0 255 255 109 0 239 255 255 0 0 255 255 0 255 0
    255 255 255 0 0 109 255 0 0 94 52 255 0 255 143 213 255 180 214 0 55
    51 255 0 0 92 255 0 255 207 255 0 111 0 255 103 255 0 255 255 50 255
    150 0 0 0 0 0 255 43 0 0 255 0 159 110 0 255 255 138 0 0 255 0 0 0 0
    255 190 255 255 77 255 0 0 145 4 255 0 255 0 0 0 0 247 255 0 0 255 0
    255 0 0 0 171 0 244 255 0 255 0 81 0 255 128 255 28 255 255 255 0 19
    165 148 255 255 0 0 255 225 255 0 0 255 199 255 255 255 198 0 0 59
    255 0 0 0 255 255 0 0 255 0 255 0 80 0 255 127 255 255 0 255 0 255
    255 0 255 0 255 255 0 66 0 0 0 255 255 255 0 0 255 255 225 0 0 0 255
    22 0 0 255 0 0 0 0 0 255 255 0 0 0 0 255 76 0 0 143 255 255 255 255
    255 255 0 255 64 0 0 0 255 0 255 0 255 0 0 99 255 0 88 0 0 91 255 9
    0 209 0 255 0 0 0 137 123 255 134 255 0 255 0 89 104 119 255 0 0 255
    255 255 0 48 255 0 0 0 255 255 0 0 255 255 255 255 255 0 0 0 255 255
    0 254 255 188 255 255 0 0 0 255 255 0 169 0 219 0 0 255 255 0 0 0 0
    255 0 0 120 255 130 0 0 255 255 255 0 0 31 0 255 255 0 205 255 255 0
    255 255 255 11 57 15 255 255 0 0 255 0 236 0 255 166 255 0 0 255 0
    194 87 0 255 0 177 0 0 0 242 255 141 255 148 0 26 74 255 255 146 0 0
    255 28 114 0 255 255 255 0 0 0 255 255 255 172 0 134 0 21 0 255 0
    255 255 255 46 0 0 0 255 0 255 0 0 255 255 65 76 0 238 0 0 0 255 255
    0 0 0 0 238 255 255 0 255 255 255 0 0 255 255 219 0 255 255 255 0 0
    0 0 230 255 218 255 0 0 47 255 255 0 42 0 255 0 255 255 255 3 0 176
    0 255 0 0 0 255 255 255 255 255 0 218 255 183 0 0 255 0 120 0 7 255
    255 0 0 243 255 255 0 0 0 0 255 255 0 255 0 0 0 0 42 255 0 255 190 0
    0 255 255 255 0 255 0 255 255 0 0 0 0 23 217 0 255 0 0 0 0 255 0 0 0
    0 140 0 255 0 255 255 255 0 187 255 255 0 166 255 255 21 0 255 0 255
    255 255 0 0 0 255 255 0 0 232 0 255 0 255 0 255 0 255 255 255 255
    255 68 0 0 0 255 0 255 135 0 0 255 0 0 254 0 0 0 228 127 255 0 0 239
    255 255 255 0 255 136 0 0 0 255 255 186 255 0 0 0 255 149 255 22 255
    255 0 0 0 255 255 0 136 255 218 0 0 255 0 184 255 92 182 225 255 255
    255 0 82 0 111 0 71 0 108 0 255 255 255 0 0 170 255 147 0 0 0 0 255
    255 255 0 0 255 255 255 255 44 0 255 255 251 255 255 0 110 0 255 255
    30 0 0 255 0 255 255 255 0 0 0 0 255 255 255 0 255 255 0 255 126 0 0
    0 255 255 255 255 18 0 0 255 255 255 0 78 0 255 0 255 130 207 0 0
    163 0 255 255 255 156 0 255 255 157 0 0 0 255 0 255 67 255 105 255
    107 109 0 0 255 56 121 146 0 241 255 0 12 0 255 0 255 0 255 0 255
    255 154 0 0 0 255 255 0 0 255 255 156 0 255 255 255 57 0 0 255 255 0
    0 0 255 255 255 0 255 0 255 0 255 51 255 255 255 0 0 255 255 241 0 0
    0 0 255 250 0 0 0 255 255 255 4 0 0 255 0 149 255 255 187 255 0 255
    135 0 255 108 0 0 0 0 84 150 255 16 0 0 255 71 255 226 255 0 0 255
    62 255 0 255 255 255 0 0 0 255 0 255 0 35 255 255 255 255 0 0 255
    203 42 0 0 255 255 255 255 255 255 0 34 0 255 255 255 0 255 0 0 0 0
    0 0 0 0 255 234 0 92 255 0 0 0 255 255 0 0 0 61 0 255 255 0 255 0
    230 0 0 236 255 255 255 49 255 0 225 0 0 17 255 255 0 255 255 0 0
    255 255 255 208 0 0 220 0 0 100 255 0 255 255 255 255 0 0 0 0 0 255
    255 0 0 98 151 255 175 180 0 164 114 222 255 255 255 44 255 0 222 0
    0 255 0 255 0 0 22 255 0 5 0 219 255 255 201 0 0 255 94 255 7 245 53
    0 255 255 0 183 255 197 255 255 255 68 0 241 0 19 255 0 255 0 255
    255 234 0 0 255 255 0 146 92 255 0 255 0 1 0 214 255 255 0 165 255
    255 235 0 255 0 0 255 255 0 0 0 255 255 0 255 255 255 255 255 255 0
    0 0 255 146 255 255 0 255 0 0 255 255 255 139 0 173 177 255 79 255
    255 0 255 255 142 15 219 4 0 0 0 255 0 0 102 0 0 0 255 255 255 0 0 0
    255 255 115 0 0 0 255 0 255 0 0 0 255 255 255 255 255 255 255 0 0
    255 255 255 255 162 255 0 255 5 255 255 0 0 32 0 0 140 0 0 0 0 0 255
    255 13 255 0 0 0 255 0 201 0 0 255 0 255 0 0 255 85 0 119 0 255 0 75
    0 255 255 0 255 0 255 255 0 0 0 255 0 255 0 121 0 255 0 0 255 255
    255 0 0 255 255 255 0 0 90 255 255 0 0 255 0 255 0 255 0 10 255 255
    0 0 255 255 222 0 255 0 255 137 0 0 250 255 0 255 255 255 0 0 0 255
    185 0 15 228 255 0 255 0 255 0 255 192 0 0 249 255 255 255 255 0 0
    255 255 255 0 0 255 20 0 0 0 135 255 255 0 255 255 255 255 82 88 216
    0 255 255 255 255 0 153 0 255 255 0 0 0 0 0 255 255 0 0 255 255 255
    0 255 255 34 0 0 18 224 0 0 0 255 255 255 255 0 0 0 0 0 0 0 255 255
    255 0 255 0 21 0 255 0 255 0 0 0 223 255 0 0 0 255 0 164 0 255 137
    235 235 0 255 0 0 0 0 0 255 0 255 0 255 255 0 0 69 255 255 255 255
    39 0 0 255 255 174 255 0 255 0 0 0 255 255 255 255 164 0 0 145 255
    255 0 0 0 255 225 25 0 255 145 179 0 255 153 0 255 0 159 0 255 234
    255 68 255 0 0 255 0 0 0 215 112 83 0 255 0 75 92 0 115 255 255 0 31
    255 0 229 22 255 0 255 0 133 255 255 0 31 255 255 255 255 0 255 0 0
    0 149 255 255 255 0 255 167 255 255 255 192 0 0 91 134 255 0 162 255
    255 254 0 255 255 255 0 0 0 0 255 0 254 0 0 0 255 130 255 255 0 0 0
    255 255 255 54 206 0 255 255 0 0 255 0 0 187 0 255 0 255 0 0 0 255
    83 255 253 0 255 89 255 255 0 0 255 163 0 181 180 255 255 255 255
    255 0 255 0 255 255 0 0 0 255 255 255 0 35 0 255 255 255 135 0 0 74
    125 96 165 0 0 65 0 255 0 255 209 255 255 0 0 0 255 255 238 0 255
    101 0 0 149 255 255 0 231 255 0 37 4 255 255 255 0 0 0 212 255 0 0 0
    0 255 0 255 0 255 226 255 255 0 0 0 255 255 255 0 0 0 255 45 17 255
    0 0 255 255 255 255 0 0 255 0 0 0 0 255 255 255 0 255 255 114 255 0
    0 0 255 136 0 255 255 82 255 0 77 255 255 0 255 0 77 0 181 255 255
    255 0 75 0 0 0 255 255 255 0 0 0 217 255 255 255 0 206 255 255 255 0
    85 0 0 44 255 255 0 0 255 0 239 0 0 255 216 255 121 0 255 0 255 0 0
    205 0 255 10 0 0 255 255 255 255 0 144 255 255 255 0 0 208 0 255 255
    0 255 255 70 0 210 0 255 255 0 0 0 255 255 0 176 0 0 0 0 255 255 0
    214 0 255 255 0 0 0 255 255 204 0 0 54 255 207 255 0 163 255 255 0 0
    0 0 255 255 0 0 147 0 255 255 205 0 0 255 62 0 0 230 255 125 0 255 0
    255 0 255 0 249 0 0 0 255 255 255 81 0 0 255 132 255 0 255 0 0 255
    255 255 0 255 96 0 0 125 180 255 0 0 82 255 255 255 255 0 0 0 0 255
    0 0 0 255 255 0 219 182 255 0 0 0 255 255 255 0 0 0 255 255 255 111
    0 0 0 255 210 255 12 0 93 255 255 255 255 0 0 255 0 0 240 255 255
    120 177 197 123 255 0 255 0 255 8 0 0 255 255 255 255 87 255 255 255
    255 255 0 255 0 255 81 255 0 255 255 188 255 204 0 255 0 255 255 20
    0 255 0 227 0 216 255 255 251 0 19 0 0 255 210 255 255 0 0 255 0 255
    0 76 0 255 255 184 0 255 255 255 0 0 0 132 146 255 0 0 0 255 255 0 0
    0 255 0 166 0 255 0 255 63 0 85 0 255 255 255 0 77 255 85 111 93 54
    59 0 255 0 255 0 0 255 0 255 128 255 0 0 3 0 0 0 255 23 255 0 39 0
    169 255 255 255 0 0 18 255 58 0 255 255 255 0 255 0 255 255 255 0
    205 255 74 0 255 255 255 25 0 255 255 0 232 255 255 255 0 26 175 0 0
    0 0 110 0 255 255 0 255 255 255 255 116 0 255 255 255 0 0 0 40 255
    255 0 255 255 255 255 0 0 255 78 255 255 255 92 0 186 0 0 61 255 255
    0 11 255 255 114 29 0 255 0 255 255 0 0 0 218 134 255 255 19 101 171
    255 115 255 0 255 43 38 0 255 157 116 0 255 255 1 0 255 182 255 0
    255 255 255 255 0 0 143 255 255 178 0 0 255 255 255 0 255 0 208 30 0
    0 255 15 0 0 0 255 255 255 255 0 0 0 255 0 255 255 255 0 113 0 0 255
    255 255 229 255 255 255 255 255 255 255 255 57 0 0 211 69 155 255
    255 255 255 0 0 0 0 171 96 0 0 255 0 255 0 82 255 255 0 255 0 0 0 0
    159 0 49 0 0 255 255 98 255 0 0 0 255 0 255 23 255 0 255 83 0 255
    255 255 136 145 43 0 0 255 152 33 255 218 255 0 0 0 255 0 255 0 255
    255 0 0 255 0 0 0 255 40 255 0 0 0 0 255 255 255 0 0 0 255 255 255 0
    0 0 255 84 255 0 255 51 44 0 0 255 0 31 255 255 39 0 0 255 255 3 224
    0 0 0 0 255 255 255 0 0 249 0 255 255 255 255 254 0 0 0 0 255 187
    255 111 0 0 0 0 205 255 255 228 0 0 0 255 0 255 0 255 0 0 255 255
    255 0 255 255 255 255 255 25 0 0 0 255 0 0 0 0 255 255 255 0 81 210
    255 157 65 0 255 255 0 255 0 0 131 255 255 255 255 64 255 255 0 156
    0 64 255 255 0 0 255 255 250 0 255 0 255 0 0 69 255 0 255 255 0 0 66
    255 255 0 237 0 0 255 91 255 0 117 255 255 255 0 255 166 207 0 255
    255 255 0 0 0 255 0 137 0 0 255 255 0 0 250 255 255 0 205 0 0 0 251
    255 255 0 0 19 0 78 0 255 97 201 255 159 255 0 0 0 0 0 126 255 255
    113 0 255 255 255 255 0 0 0 0 0 0 0 255 0 0 0 255 255 255 0 0 242
    255 150 255 0 0 0 255 255 0 0 178 236 126 255 255 0 106 93 60 255
    255 255 0 0 0 0 210 239 255 255 255 0 237 0 0 255 255 255 185 0 0
    255 0 255 255 255 0 0 0 255 0 163 255 135 255 0 255 0 10 0 255 184 0
    33 198 255 255 0 0 255 255 0 0 0 199 0 255 223 148 255 255 255 255 0
    255 0 255 0 0 0 0 255 255 255 255 255 255 255 255 0 0 0 255 255 0 0
    0 255 255 0 0 0 255 255 0 0 0 224 0 255 0 255 236 255 0 0 0 255 0
    255 255 0 0 255 137 190 0 255 207 255 0 0 16 1 100 0 13 255 255 255
    242 0 255 197 203 0 0 0 255 0 0 0 255 0 255 98 0 0 0 255 157 0 0 0
    255 0 255 206 105 0 255 0 255 140 255 0 0 190 255 255 0 255 52 255 0
    255 255 255 103 0 144 255 255 255 255 0 255 0 0 173 0 0 255 255 203
    0 255 255 255 255 255 255 0 255 0 255 0 255 0 255 0 255 255 255 255
    0 255 0 0 0 154 255 0 255 255 0 255 89 107 255 255 0 10 255 0 255 0
    255 0 255 255 255 0 255 175 7 0 193 245 0 255 69 255 137 255 0 143 0
    255 29 255 0 188 255 0 0 205 5 255 255 255 0 255 0 255 98 255 39 29
    255 0 0 255 201 0 0 0 255 255 0 255 255 222 190 178 0 0 0 255 255 0
    0 0 255 255 0 0 0 255 33 255 187 255 255 255 0 166 0 0 0 78 0 255
    255 0 255 0 255 216 255 208 0 0 164 255 255 0 0 163 255 255 0 255 14
    0 0 216 0 255 0 0 0 255 192 113 69 0 0 0 255 255 0 255 71 255 0 255
    255 255 255 0 0 17 255 0 255 86 255 0 37 0 0 255 255 255 172 0 0 255
    255 255 255 0 0 167 242 0 0 0 255 121 255 0 0 140 0 255 32 52 0 255
    0 229 0 255 0 255 255 0 130 255 255 0 0 255 255 186 0 0 0 255 60 255
    255 0 0 221 255 255 0 255 211 0 255 255 255 255 255 0 0 255 0 255 0
    255 0 92 101 255 232 255 0 255 255 255 0 0 81 0 0 255 255 255 0 0 0
    0 255 255 255 0 255 43 0 0 255 201 0 73 40 255 0 255 0 255 255 0 191
    173 0 255 255 255 248 0 223 65 138 255 108 0 0 0 255 255 255 0 255
    231 255 0 83 0 255 212 255 0 0 0 121 176 215 0 255 164 255 255 236
    255 0 255 0 255 0 0 0 255 0 0 0 142 255 23 255 107 0 28 0 104 6 0
    143 255 255 221 0 255 255 255 0 0 255 255 255 0 0 110 0 0 255 0 255
    0 255 25 255 0 0 0 255 0 0 255 112 255 0 255 0 0 255 144 255 0 255
    45 255 0 255 0 243 12 255 0 255 255 0 0 0 59 0 13 0 255 255 255 0 60
    0 0 0 255 255 255 0 0 63 255 255 0 0 127 0 0 0 255 255 0 255 0 0 0
    255 123 0 0 0 255 255 255 255 0 255 0 0 0 196 255 255 0 196 255 28 0
    255 78 255 0 255 0 255 141 0 255 255 255 0 255 0 255 255 255 0 0 0 0
    115 0 98 255 255 255 255 255 0 0 255 255 255 0 255 0 169 0 67 0 0
    255 255 255 255 122 91 255 255 102 0 209 0 255 255 255 255 0 255 0
    255 255 255 0 0 0 255 8 0 248 255 0 217 0 0 0 126 255 255 0 255 152
    64 0 0 255 0 104 255 255 0 255 0 234 0 197 255 91 255 255 255 255
    255 0 255 0 255 0 0 121 255 255 0 0 179 67 0 255 255 0 38 157 255
    255 0 0 255 255 255 255 0 0 0 70 255 255 161 255 255 0 255 0 0 0 161
    255 0 0 231 0 0 0 0 227 255 154 255 0 0 0 164 255 86 0 0 0 255 255 0
    255 0 255 0 255 255 72 0 0 255 255 33 85 255 0 0 158 0 255 0 4 0 0 0
    255 0 255 185 0 255 0 37 0 255 0 17 255 255 255 0 208 255 61 0 0 255
    255 255 255 255 0 255 0 0 0 255 47 255 0 255 0 255 0 0 0 255 5 255
    191 0 255 255 0 0 0 255 255 255 0 0 148 72 0 0 0 255 255 255 3 255
    255 0 255 0 179 0 122 0 255 0 22 178 255 255 255 0 255 3 255 255 0 0
    0 255 0 44 0 255 186 255 0 255 0 219 0 255 0 148 0 255 159 255 0 0
    255 255 0 0 0 255 255 70 255 0 255 0 0 255 255 255 0 231 255 0 0 255
    255 0 68 225 205 255 255 0 0 0 255 0 255 255 255 255 255 0 0 0 255
    255 255 14 0 255 255 0 170 255 0 215 168 0 192 255 255 0 249 0 190
    255 0 255 0 0 53 0 255 0 0 0 255 255 255 0 0 255 0 0 0 255 91 161 0
    232 0 255 0 255 255 0 0 0 142 0 255 255 0 0 0 0 255 255 54 0 77 255
    255 234 0 0 255 241 255 0 0 0 0 255 0 255 0 0 255 0 255 255 255 0 0
    255 255 0 255 0 91 255 255 255 0 75 9 0 0 67 180 0 0 255 255 145 245
    0 255 0 0 0 255 255 255 0 0 0 255 74 0 255 255 255 0 0 255 255 255
    75 0 0 255 0 255 0 0 255 0 0 0 255 0 0 0 255 255 255 0 255 0 41 0
    255 255 0 0 255 255 0 255 0 161 21 0 255 0 255 0 110 255 0 255 0 255
    0 255 255 0 0 255 203 0 0 255 56 0 0 0 255 195 255 0 0 255 255 0 133
    42 253 0 0 255 255 0 0 107 255 255 0 0 0 255 200 255 0 0 0 0 197 255
    255 65 0 255 255 0 0 255 255 0 255 0 255 142 255 0 255 84 0 117 205
    0 0 255 164 255 0 255 0 0 255 255 255 221 0 0 255 255 0 0 255 193
    255 57 98 0 255 0 0 0 100 183 0 255 0 176 0 140 255 0 211 10 255 255
    255 0 0 46 255 255 0 0 255 0 255 255 255 0 0 255 255 255 0 0 0 255
    255 0 0 0 0 255 0 0 90 255 0 255 255 255 0 118 255 18 0 0 0 255 255
    228 0 255 255 0 0 174 0 0 0 224 255 255 255 156 255 255 0 0 255 255
    104 0 0 255 17 255 0 0 255 255 255 0 241 255 0 255 255 116 168 255
    255 0 251 219 255 255 255 0 255 0 255 0 255 0 124 0 142 0 255 105
    255 255 84 0 0 0 255 0 0 0 255 255 255 0 255 255 64 0 68 255 255 0 0
    0 255 255 0 0 255 53 0 0 255 138 0 0 255 255 255 0 255 98 0 0 56 255
    255 88 0 255 255 255 0 0 0 106 0 255 255 255 255 19 0 0 149 0 255 0
    255 182 0 255 57 255 255 33 237 0 255 0 0 0 135 174 0 185 0 47 255 0
    0 255 0 255 160 0 255 84 255 0 255 255 255 0 129 175 234 255 179 227
    205 255 255 0 255 51 255 0 255 98 255 0 0 255 88 255 0 166 0 0 200 0
    0 99 0 98 43 255 255 255 255 255 255 0 104 255 255 255 0 0 78 99 255
    34 0 0 255 0 255 60 255 0 255 0 17 72 0 0 32 255 255 0 255 0 255 255
    255 0 0 0 69 0 114 7 255 255 255 0 0 255 255 0 139 0 241 0 255 0 255
    0 0 255 255 255 0 0 0 255 255 255 76 0 0 175 0 0 239 0 255 0 0 0 0
    250 255 255 255 255 0 0 255 255 189 0 255 0 255 255 255 0 0 255 243
    0 0 255 0 0 0 255 255 227 22 0 0 255 255 44 5 255 94 0 0 255 255 255
    0 55 254 158 255 0 0 255 193 255 255 255 255 0 59 0 255 255 61 123 0
    255 255 255 57 255 0 0 0 0 38 0 0 127 0 0 255 0 255 255 255 0 0 0
    228 255 0 0 0 255 0 0 8 255 0 255 255 255 0 255 0 255 0 0 193 51 255
    178 255 74 0 0 255 255 255 255 77 255 0 197 0 110 17 255 46 0 146
    255 143 0 0 0 0 0 255 48 255 0 0 0 0 0 0 0 255 255 255 218 0 72 74 0
    255 255 130 0 0 0 255 0 0 255 110 0 255 120 21 126 62 255 81 255 0 0
    0 86 255 255 0 255 0 247 0 255 0 0 0 255 255 255 255 0 0 0 0 0 255
    255 255 0 0 255 0 255 61 0 0 0 0 68 255 130 0 190 255 255 255 76 255
    194 255 12 0 255 0 231 0 255 0 0 225 255 0 0 255 0 255 255 255 55 0
    207 255 255 0 255 42 0 0 255 255 255 0 0 11 78 0 0 0 0 73 18 119 255
    0 255 255 0 255 233 255 44 0 209 26 3 255 0 189 0 0 255 255 72 255
    255 187 0 0 0 0 255 0 0 0 255 255 255 255 0 0 70 255 0 0 158 255 255
    0 255 0 171 103 0 0 0 255 255 0 0 0 255 255 0 0 0 255 0 255 255 255
    26 0 255 255 255 255 84 255 255 0 0 127 255 255 176 0 0 0 255 255
    255 0 255 255 0 0 0 255 107 0 255 0 109 0 255 0 255 255 255 0 0 209
    255 255 255 135 0 111 0 78 0 0 255 189 255 0 255 0 0 0 255 129 255 0
    0 0 255 42 255 0 255 255 255 0 0 239 249 255 0 255 0 171 0 255 188
    255 255 56 0 255 255 10 127 255 104 161 0 0 0 240 101 0 0 255 255 0
    0 0 35 206 97 0 236 255 255 0 0 0 0 214 0 0 0 85 255 0 255 0 252 0
    255 255 134 255 255 217 0 0 0 255 0 73 255 0 0 255 255 0 255 255 255
    251 255 255 255 255 42 0 255 0 0 112 0 0 141 0 255 228 0 0 0 255 42
    255 122 29 38 255 255 255 0 0 255 255 62 255 0 0 0 255 214 0 255 255
    0 0 0 0 70 255 194 0 129 112 0 255 255 255 255 0 0 0 0 146 255 255
    255 0 255 34 0 0 255 0 255 255 0 0 0 212 149 0 255 113 184 89 108
    255 255 0 255 0 255 0 0 185 255 255 255 0 255 0 255 255 0 255 255 0
    255 255 0 0 255 108 255 0 0 0 0 14 255 255 0 255 168 0 218 0 255 0
    201 0 0 255 0 255 115 255 0 0 255 255 164 255 0 168 0 188 255 0 101
    255 255 255 0 62 0 0 255 255 255 0 0 0 255 0 255 255 0 255 255 0 255
    0 255 0 0 255 59 0 0 0 255 255 0 0 255 36 255 0 255 0 251 255 255 0
    0 255 0 255 0 0 0 0 255 255 0 0 255 255 255 0 0 0 255 0 0 0 255 0 0
    0 255 0 255 255 245 174 255 203 159 255 255 0 204 0 0 0 0 255 255
    255 255 255 139 0 0 0 0 0 103 254 255 0 255 255 255 0 255 0 255 0
    255 0 255 255 255 0 0 255 132 219 0 255 255 0 243 52 255 98 255 0 0
    255 255 255 255 0 0 0 139 0 20 255 255 0 208 255 255 0 0 0 255 255
    255 0 0 255 255 255 26 0 122 0 0 255 57 255 255 255 0 157 255 153 0
    0 0 0 255 255 255 123 0 0 0 255 255 255 255 0 0 0 92 255 0 255 248
    255 0 255 192 255 255 143 255 218 255 255 255 255 0 255 0 255 0 0
    182 0 0 60 255 0 0 255 255 149 0 0 136 255 243 255 0 99 255 255 0
    177 0 242 255 251 255 0 255 0 255 0 255 0 0 255 255 0 0 133 255 255
    0 91 0 255 0 0 0 255 177 0 0 255 0 0 255 255 0 255 255 7 255 0 255 0
    0 0 54 0 88 0 0 160 255 0 255 0 255 255 96 0 0 0 255 0 57 255 255 0
    0 255 0 255 0 255 0 255 0 62 0 255 0 0 0 255 255 255 255 0 112 195
    255 0 150 138 255 0 255 0 255 255 255 0 0 255 255 255 0 0 176 255
    255 255 11 255 34 0 17 0 0 0 255 255 0 255 33 255 0 48 0 240 0 255
    255 255 0 0 0 0 0 0 53 0 0 0 255 0 0 0 164 131 0 237 0 0 173 255 125
    0 0 0 255 255 255 0 0 222 255 255 0 255 255 255 0 0 0 203 255 255
    255 255 0 255 255 255 255 0 255 255 0 83 39 255 255 0 72 11 255 0 0
    255 152 0 255 0 0 0 255 255 255 255 255 0 245 0 255 0 170 255 234
    255 49 0 255 0 255 0 255 255 255 255 0 0 0 0 255 255 255 83 0 230 0
    255 128 255 0 0 0 255 0 0 0 255 255 255 0 255 255 255 0 107 0 255
    255 255 108 255 0 0 0 235 0 255 0 255 0 255 191 91 0 0 255 255 0 255
    69 56 49 210 255 255 255 255 0 188 199 108 255 255 255 152 255 0 0
    255 197 0 23 255 255 255 31 189 0 255 0 0 0 255 0 0 238 0 255 0 246
    0 255 213 255 0 223 159 255 0 18 0 0 255 152 255 0 255 255 255 190 0
    0 97 0 0 255 255 0 81 52 138 134 0 255 0 92 0 255 0 255 255 255 255
    0 255 255 255 0 255 255 0 255 0 255 0 0 0 0 106 255 0 255 3 0 0 0
    255 255 255 255 99 255 255 253 0 0 93 209 114 70 255 197 0 0 187 255
    255 0 255 0 255 0 11 0 255 104 119 112 0 255 255 190 255 0 0 0 255
    255 255 255 242 0 0 255 0 255 0 255 255 124 255 0 255 0 255 255 123
    0 0 0 255 233 170 255 120 255 255 8 0 255 255 0 0 0 255 189 255 255
    0 0 0 255 255 255 0 255 149 0 0 84 0 148 255 0 135 105 0 0 93 255
    255 255 165 0 0 0 0 0 36 255 255 0 0 255 105 255 0 255 255 255 0 0
    169 255 0 0 255 255 0 0 255 0 212 200 0 158 0 255 78 255 0 201 255 0
    255 0 29 0 59 0 214 255 0 255 0 0 131 171 255 0 245 0 255 255 255 0
    144 255 0 233 0 105 0 255 89 25 119 255 255 76 0 255 0 255 255 255
    255 0 0 189 255 255 30 255 0 0 255 255 255 255 0 243 224 0 220 255 0
    0 255 0 4 0 255 163 255 228 118 0 0 59 255 0 255 255 255 27 255 255
    255 169 255 0 255 0 255 94 248 255 0 0 0 220 0 0 188 255 116 0 0 0
    255 255 255 0 137 0 255 81 0 0 245 255 0 0 0 134 0 163 229 244 0 0
    255 255 255 255 98 255 0 0 0 0 138 255 255 0 51 104 217 250 86 0 235
    255 255 0 160 255 0 132 0 255 0 0 0 0 255 255 0 124 46 255 0 0 255
    144 255 105 255 0 0 210 0 115 190 255 255 0 250 0 95 0 0 255 0 59
    255 0 0 47 0 0 0 0 0 255 182 211 0 255 0 255 0 242 0 110 0 255 255
    97 0 220 0 255 0 255 229 0 194 0 87 84 0 255 255 255 0 255 255 255
    63 79 255 0 0 0 0 131 255 0 0 0 255 0 255 0 255 255 255 246 255 163
    0 228 255 142 0 0 165 0 255 135 255 0 181 0 102 255 70 0 255 19 255
    130 255 182 255 167 255 255 22 255 191 255 0 0 0 255 255 95 255 215
    0 0 255 0 255 255 255 0 0 0 255 210 101 255 0 0 255 0 0 20 255 255 0
    12 255 0 252 0 128 0 0 237 255 255 0 255 176 0 169 255 122 223 139
    255 0 0 0 0 255 0 255 0 122 255 0 255 0 255 0 255 255 255 255 0 0
    255 255 0 255 255 255 255 255 255 0 0 0 255 0 255 0 255 255 255 0 0
    0 152 149 255 255 0 94 0 255 255 0 255 0 255 0 255 255 255 0 0 189 0
    138 16 255 0 0 0 255 0 0 0 0 255 255 181 255 255 255 208 129 0 255
    255 255 142 255 0 75 255 0 0 0 0 153 0 255 158 255 0 255 0 255 255
    255 255 0 0 255 234 255 0 0 0 249 0 255 255 215 137 255 255 0 0 0
    255 0 90 0 0 255 255 255 0 97 0 0 0 255 255 255 0 255 171 255 255 0
    0 44 255 0 11 255 0 0 0 0 255 0 0 0 0 255 0 255 183 255 0 0 0 62 0 0
    255 0 255 80 255 0 0 0 122 0 255 0 255 255 0 255 0 255 255 0 177 83
    163 0 255 255 0 255 0 0 255 255 255 0 0 255 255 255 0 0 0 0 255 255
    0 0 202 255 255 255 115 211 0 0 129 255 0 255 255 255 255 255 0 255
    202 255 0 14 97 255 0 255 255 255 0 0 255 0 64 0 70 0 255 0 255 0 81
    255 255 168 255 107 255 0 255 0 0 255 0 168 255 255 14 0 0 255 255
    255 255 0 220 0 0 0 0 255 255 255 0 0 202 0 0 255 0 0 238 255 114 0
    0 201 255 0 0 236 144 0 0 0 255 255 255 255 0 0 0 255 0 255 0 0 0
    251 0 255 0 255 255 0 0 0 255 255 255 16 0 0 0 255 0 0 223 51 0 255
    0 255 255 255 0 0 255 0 255 0 10 0 0 255 31 0 0 255 255 0 255 12 55
    0 0 255 255 255 0 255 255 0 0 61 0 255 230 0 255 65 62 171 0 255 255
    255 0 0 0 0 255 255 255 0 78 255 255 255 0 0 0 0 0 255 255 255 200
    255 211 210 0 255 60 149 0 57 255 255 0 247 0 255 255 255 0 255 197
    0 0 214 255 255 27 255 7 190 0 255 0 189 0 255 0 255 0 0 35 255 255
    0 0 255 0 255 84 0 255 0 255 140 255 144 0 0 0 0 49 159 255 255 255
    0 0 0 255 255 0 117 255 116 0 164 255 223 0 0 0 157 7 255 255 255
    255 0 255 0 0 0 0 0 255 255 251 0 255 255 255 255 0 0 255 255 48 0 0
    104 0 255 255 69 255 0 255 0 255 74 255 255 0 255 0 126 6 92 0 245 0
    255 255 0 255 255 255 27 0 0 255 0 255 0 255 255 255 156 255 77 255
    0 134 0 0 0 255 88 0 0 155 255 255 255 0 255 0 155 123 255 255 255
    255 255 255 255 1 255 0 222 219 255 0 0 0 58 0 0 127 255 255 0 255 0
    255 0 255 255 255 255 237 28 255 255 0 255 0 255 0 255 0 255 166 255
    184 255 0 189 0 255 213 215 0 105 255 0 255 251 120 255 0 255 0 0
    255 255 0 255 0 63 99 0 255 155 0 0 15 0 255 0 255 255 255 0 0 255
    255 0 255 0 255 0 41 0 0 255 255 255 4 0 255 255 255 0 0 176 226 255
    125 0 255 189 0 0 255 0 215 255 79 0 255 255 255 89 0 0 0 255 176
    255 255 0 0 0 255 255 255 242 0 0 0 255 255 205 196 0 0 0 255 255
    175 255 250 0 255 243 151 0 255 255 224 59 255 70 255 0 255 0 255 0
    25 173 255 32 255 0 71 5 0 0 255 255 255 190 104 255 227 255 255 0
    255 255 145 0 255 255 255 0 0 0 0 255 255 255 0 0 255 0 42 255 140 0
    255 0 0 255 0 255 255 31 0 41 0 133 0 255 0 205 255 255 37 0 255 255
    0 0 0 255 255 0 0 199 136 255 0 255 0 214 0 0 200 0 0 255 0 0 0 129
    255 117 0 255 190 81 200 0 255 0 0 0 255 51 170 0 0 0 255 255 255 0
    0 255 255 255 0 0 255 0 128 255 194 40 71 0 255 255 234 0 255 255
    255 255 6 0 0 255 255 255 0 255 0 255 0 255 255 0 92 255 76 255 40 0
    0 0 255 155 0 0 0 0 218 4 255 82 0 0 255 255 255 0 0 0 255 111 255 0
    255 255 233 255 197 255 255 255 255 255 0 169 0 129 255 0 255 0 109
    255 0 255 63 0 0 0 255 134 255 0 0 0 103 0 255 0 255 0 255 255 179
    255 255 255 255 0 0 0 0 255 255 255 0 212 0 255 0 247 0 0 0 255 255
    255 0 255 255 0 0 0 48 255 255 0 0 0 96 255 92 57 0 0 0 104 255 0
    232 0 9 121 255 255 0 255 0 255 136 0 142 255 255 255 0 0 0 255 255
    255 255 0 0 0 255 0 255 0 255 0 227 0 48 255 255 0 214 255 0 0 0 255
    148 255 255 255 255 50 246 0 255 0 255 255 0 0 233 0 255 255 255 68
    255 255 0 255 255 255 0 0 0 37 255 100 255 0 255 255 255 255 0 0 63
    0 255 255 255 0 255 0 255 0 0 255 255 255 0 0 0 75 0 0 255 230 255
    121 0 0 255 255 255 153 255 255 255 0 255 253 0 0 49 255 255 79 0
    255 29 0 0 255 255 0 180 255 255 255 255 0 0 255 0 255 0 0 202 255
    255 0 0 0 255 255 0 2 0 255 255 255 255 0 255 0 0 0 255 0 0 0 255
    255 150 255 255 0 18 0 2 255 255 0 255 0 171 0 255 53 209 255 183
    246 97 0 0 122 255 255 0 255 255 255 255 0 255 0 255 0 255 255 255 0
    255 0 0 173 0 255 44 255 255 19 255 0 0 127 255 255 0 15 220 255 247
    0 230 0 0 255 255 255 183 0 45 55 255 0 255 255 255 0 164 0 255 21 0
    9 255 210 255 0 255 0 255 0 255 0 135 0 255 58 0 0 0 0 255 255 255 0
    0 239 0 0 0 255 255 0 0 0 255 255 0 108 0 255 255 255 137 0 255 143
    255 0 0 0 255 255 6 0 255 255 0 0 255 255 123 0 81 0 255 255 0 0 0
    255 255 255 0 0 0 236 40 214 243 255 117 137 255 255 0 0 0 255 0 0 0
    255 0 255 27 0 255 0 34 0 255 0 255 0 0 0 0 255 255 50 0 0 0 255 0
    255 255 255 83 0 0 37 255 94 0 0 0 255 255 255 255 0 0 255 255 125 0
    255 0 255 255 255 198 0 0 140 114 255 255 102 0 255 53 255 0 0 255 0
    255 0 255 0 49 0 0 0 53 255 255 255 0 255 0 0 255 255 105 0 0 0 255
    255 88 0 64 255 0 0 0 0 255 255 255 255 179 255 210 147 255 125 0
    255 255 72 0 0 255 0 97 0 255 0 144 255 215 0 0 222 255 255 255 255
    255 0 0 0 255 255 255 0 0 189 255 0 255 0 255 38 150 0 255 0 255 120
    255 253 21 255 0 0 0 156 107 0 255 255 0 0 0 255 33 255 0 196 0 0 0
    255 255 0 0 255 0 255 51 147 0 0 11 0 188 255 255 255 252 0 0 0 0
    255 0 255 215 255 0 61 255 255 0 255 0 240 0 255 0 255 107 28 36 0 0
    255 0 255 0 255 255 59 0 0 230 255 33 0 255 88 11 0 255 124 255 255
    255 0 128 0 255 0 0 0 255 167 255 0 172 0 255 255 146 255 255 0 0 0
    0 255 255 255 255 0 255 255 150 0 0 0 255 255 203 255 0 255 0 255 0
    66 0 0 21 255 255 14 0 0 118 0 229 207 255 186 255 0 255 255 0 0 0
    255 255 0 0 255 255 168 0 0 0 255 255 255 255 255 0 255 0 255 255
    154 218 0 255 255 255 0 92 0 226 203 0 0 0 0 255 219 0 0 255 27 255
    0 255 0 255 0 41 255 255 224 0 249 0 255 0 255 0 0 85 255 255 0 0 91
    0 122 0 255 255 0 255 0 226 110 0 138 255 255 0 169 0 60 255 255 0 0
    255 255 255 203 255 0 0 134 255 0 0 0 0 0 207 255 255 255 255 255
    255 0 255 0 0 255 255 214 0 0 0 255 255 255 21 255 255 164 0 0 255
    255 255 0 0 0 255 51 240 13 35 255 255 255 255 47 0 0 55 12 255 255
    255 0 0 0 0 31 8 255 0 0 255 255 255 0 0 0 0 255 255 0 181 255 179
    255 0 0 154 255 255 0 0 255 0 0 255 255 255 0 255 0 255 0 0 200 74
    255 255 255 0 0 0 255 255 255 0 0 0 255 0 255 0 255 208 255 255 0 0
    0 255 255 16 255 255 255 255 139 0 0 255 198 66 0 255 255 255 0 124
    227 255 0 255 172 0 255 255 0 255 255 255 255 0 0 0 0 255 255 90 99
    255 0 255 255 175 0 255 255 255 0 182 15 255 0 255 0 250 187 0 255 0
    0 0 51 255 157 255 0 255 0 255 0 255 0 255 52 61 255 255 255 255 255
    0 175 255 74 121 255 255 0 0 148 255 0 255 255 243 255 255 36 255 0
    0 0 0 193 190 255 255 0 0 0 0 0 0 0 255 255 255 216 0 206 255 255
    241 255 255 68 51 0 0 0 255 255 224 22 255 0 251 39 0 0 255 255 0 24
    0 0 0 255 0 225 255 255 0 0 255 255 255 255 255 0 0 0 255 255 60 255
    0 0 0 42 149 0 0 0 255 255 237 0 0 0 255 0 255 255 255 0 210 255 255
    0 255 0 116 0 0 37 255 255 38 255 125 63 0 255 141 255 0 255 255 255
    0 0 231 255 0 255 0 255 255 88 134 0 67 0 255 0 209 85 255 0 0 0 255
    0 0 140 0 255 149 0 0 134 240 0 255 255 255 0 0 0 0 255 255 255 23
    219 118 255 255 0 142 195 255 0 0 0 245 0 255 255 0 31 0 204 255 63
    0 0 255 0 172 151 108 255 255 0 0 0 160 255 255 255 0 0 0 0 255 255
    255 168 255 140 0 0 208 255 0 0 0 255 106 255 83 255 255 186 129 55
    0 255 0 255 255 0 219 0 0 0 255 28 255 0 255 0 116 255 255 0 38 0
    255 181 0 84 255 0 255 0 255 0 255 90 255 216 0 0 255 255 0 255 0
    255 0 255 0 136 255 255 255 0 0 0 104 75 0 255 2 0 255 0 255 0 255 0
    0 255 0 41 0 0 255 255 0 0 0 255 95 242 0 255 255 255 0 0 255 0 0
    136 255 163 36 0 61 255 255 0 0 255 255 255 0 248 255 255 0 255 122
    171 0 0 94 255 255 0 255 0 255 255 0 55 0 255 73 255 87 24 239 0 0 0
    255 255 0 133 0 0 255 255 104 0 255 255 111 0 186 255 58 0 171 255 0
    0 0 255 255 140 255 255 255 255 0 255 0 0 255 255 255 0 255 0 255
    255 255 255 0 0 255 255 0 143 255 150 0 255 73 0 255 14 255 0 0 0
    254 0 0 26 0 255 0 128 0 0 0 255 255 255 255 0 0 0 255 0 0 0 85 255
    0 255 61 0 255 255 255 0 255 255 255 0 255 0 255 45 255 0 255 255
    171 0 0 255 255 0 234 158 183 0 255 181 0 255 0 147 254 0 255 255 0
    255 0 155 99 255 255 0 0 0 255 95 0 0 0 255 255 255 105 255 255 255
    0 0 255 0 255 0 255 0 0 255 255 0 97 132 255 0 107 114 118 0 0 255 0
    255 255 255 0 215 0 255 255 125 239 0 0 0 255 255 255 0 0 0 255 71
    255 0 0 0 255 255 0 0 219 255 255 255 255 0 255 0 8 0 0 164 87 255
    255 0 255 255 10 0 13 255 0 0 255 255 255 154 0 255 255 0 0 0 255 90
    0 0 0 255 0 0 255 86 0 0 0 255 255 215 195 0 0 255 255 0 0 0 255 67
    0 0 255 255 0 0 0 255 255 149 255 0 255 0 255 108 0 0 255 0 255 255
    0 0 0 0 132 0 255 255 255 0 58 0 214 0 239 255 255 0 75 255 0 37 66
    0 255 0 255 0 0 0 255 255 255 0 0 249 255 255 0 0 0 6 255 255 0 223
    0 255 255 0 227 0 101 0 255 0 0 0 177 255 195 33 0 0 39 0 255 255 0
    195 196 255 0 0 0 255 0 0 0 140 0 46 255 255 255 0 255 255 255 0 0
    255 255 0 255 0 255 0 251 64 29 255 0 89 0 220 0 0 255 0 0 0 162 165
    30 0 0 129 0 0 84 0 0 255 255 255 0 0 255 255 255 0 0 208 255 255 75
    0 35 0 198 255 137 107 143 255 255 255 0 0 0 0 0 0 255 255 255 0 255
    255 0 225 0 255 255 255 0 0 190 255 255 255 0 0 255 0 255 0 255 0 0
    255 255 0 255 255 255 0 255 41 255 0 0 65 0 255 255 0 0 0 0 255 49
    184 255 255 255 255 255 206 0 0 255 28 255 255 0 255 217 255 0 195 0
    255 117 255 255 255 236 20 0 0 0 255 255 255 0 0 0 159 0 0 0 255 178
    68 255 0 0 255 0 255 179 252 131 255 0 46 71 0 0 0 255 0 0 255 255
    255 0 0 255 255 255 130 213 255 0 255 0 255 225 0 0 255 148 13 255
    255 255 141 0 0 0 255 0 189 174 255 0 0 255 255 255 0 187 255 255 0
    0 0 0 0 255 255 232 0 255 213 55 0 255 0 255 0 255 0 200 0 255 255
    255 0 80 255 76 0 0 255 0 188 0 255 60 255 255 255 255 255 62 16 0
    255 255 0 0 255 255 0 0 0 255 0 255 255 255 0 0 255 0 0 89 127 0 67
    255 255 255 255 206 0 0 41 66 255 37 255 0 255 0 0 0 0 0 255 255 255
    255 104 0 54 146 0 80 0 16 0 255 255 255 0 0 0 125 255 0 0 0 255 0
    255 0 0 255 255 255 255 255 50 255 255 255 243 0 0 94 255 0 0 0 255
    121 255 0 0 0 255 0 255 255 255 0 255 255 0 0 104 255 255 19 0 255
    30 255 0 0 255 0 255 0 255 172 237 255 0 1 0 255 255 2 255 255 255 0
    255 0 255 0 135 255 255 255 0 0 0 51 202 52 0 255 255 0 0 148 255
    255 0 255 0 255 0 62 0 0 0 255 0 255 0 255 0 0 255 128 255 95 255 0
    153 49 0 0 255 255 255 0 0 0 0 255 255 255 0 203 0 7 255 194 255 0
    255 0 255 0 0 255 255 255 0 0 255 31 0 0 255 255 0 156 0 255 255 255
    0 0 0 177 255 255 227 255 255 65 0 251 0 174 0 57 0 0 0 46 0 101 255
    0 0 209 255 255 255 0 0 0 255 186 255 255 255 0 255 0 101 255 255 0
    255 103 255 255 232 255 255 0 0 0 0 255 255 239 255 0 129 255 255
    173 0 0 255 255 255 0 0 255 255 0 0 0 0 255 255 181 0 190 0 255 0
    255 19 97 0 48 0 255 0 0 0 255 255 255 0 0 255 255 155 255 255 0 0 0
    0 37 173 255 0 151 255 255 0 255 0 12 0 0 255 255 255 0 6 255 0 0
    255 255 184 255 255 87 0 0 255 0 255 0 83 255 0 244 0 0 255 0 0 255
    255 255 0 217 0 0 255 0 0 255 0 0 255 255 255 255 0 0 29 255 255 0
    255 0 255 85 255 255 117 255 0 0 0 0 255 218 255 0 0 0 0 242 255 255
    134 255 255 40 54 0 255 0 0 0 192 255 255 0 255 255 0 0 56 180 0 255
    0 255 255 255 255 235 41 0 0 255 255 255 255 0 0 0 22 44 0 0 0 0 255
    0 123 255 255 0 227 198 0 255 255 0 255 142 255 255 117 0 0 141 0 92
    255 255 255 255 255 0 255 0 255 0 0 0 0 255 255 255 0 255 0 255 255
    0 0 255 255 0 0 112 255 0 99 0 0 0 255 255 0 0 0 255 255 237 0 0 255
    255 255 255 0 0 0 255 255 255 255 35 215 255 255 0 0 0 255 255 255 0
    171 140 255 255 155 103 0 193 0 13 220 255 255 0 68 82 0 60 255 0
    255 0 255 0 233 255 0 255 200 255 42 255 255 0 0 255 255 0 0 255 255
    77 255 0 255 0 35 255 255 255 255 0 255 0 40 0 255 0 0 161 255 0 0 0
    255 0 0 255 255 0 0 255 0 0 0 255 255 0 0 218 92 255 255 255 0 0 255
    0 0 255 0 45 0 255 0 22 177 0 0 110 255 255 0 0 211 255 85 255 0 255
    255 255 142 255 0 255 246 255 255 255 0 255 255 0 252 133 0 255 255
    255 255 190 255 255 0 255 0 126 0 255 255 255 0 0 0 255 255 0 255 0
    220 0 255 0 255 0 255 0 0 0 255 255 255 0 255 255 0 0 255 255 255 0
    0 0 0 0 1 255 255 0 255 0 255 0 0 0 0 0 255 0 119 0 0 255 255 0 0
    255 0 252 0 255 0 255 0 0 179 255 168 157 0 255 0 255 0 0 0 0 255
    202 0 0 255 255 255 0 255 0 146 0 42 0 255 255 255 255 0 0 181 255
    118 255 0 255 0 160 0 255 0 0 165 255 0 0 96 255 255 255 255 255 0
    255 16 0 130 0 117 255 138 255 0 0 0 255 255 0 0 62 52 255 255 0 0 0
    0 0 190 255 0 255 255 0 96 186 255 0 77 244 255 121 255 255 0 43 0
    255 0 255 255 0 95 21 255 255 169 0 0 0 255 255 255 0 0 255 255 0 37
    0 0 0 236 255 255 160 255 255 0 0 0 255 255 255 0 0 255 255 255 170
    158 0 0 255 255 255 0 255 255 241 0 0 255 173 255 0 0 68 255 0 255 0
    0 0 0 103 255 255 255 0 255 255 0 0 255 0 255 0 255 255 6 0 0 255 0
    0 0 220 23 0 255 255 0 208 0 255 0 255 82 0 163 0 39 133 0 255 255
    255 0 0 231 255 255 255 255 255 5 255 235 0 0 0 0 255 0 255 172 0 66
    255 255 255 0 255 160 0 0 112 189 41 0 0 7 0 255 255 15 255 0 255 69
    255 255 255 0 0 228 0 209 255 0 0 0 255 0 129 0 255 255 0 0 0 0 0 0
    255 255 255 25 0 191 0 0 0 0 0 0 48 255 255 0 0 182 255 255 255 0 13
    0 0 0 163 255 0 0 255 255 255 255 255 0 0 255 255 255 0 0 0 0 0 171
    0 255 255 255 255 0 0 255 255 123 255 0 0 0 0 0 255 255 72 0 234 255
    0 255 0 255 57 255 0 21 149 255 0 0 0 0 0 0 0 141 255 255 0 255 0
    255 0 0 250 70 255 232 114 0 0 5 178 255 255 0 238 97 0 62 128 255 0
    0 0 0 162 255 0 255 255 0 0 0 255 255 0 255 255 112 0 0 255 255 255
    183 120 55 0 255 255 255 0 0 0 255 255 141 10 0 255 255 0 4 255 255
    203 255 255 0 0 255 255 161 0 0 255 255 255 0 76 255 135 62 126 255
    0 0 86 255 0 255 255 255 0 0 0 255 255 255 0 180 0 224 0 255 255 156
    0 255 0 0 34 30 255 255 0 0 255 0 0 0 0 255 137 0 12 255 0 35 0 255
    0 189 0 0 0 255 255 255 255 145 0 255 255 255 0 255 0 255 222 255 2
    250 255 255 255 0 0 64 113 0 101 0 255 0 255 255 0 255 0 206 0 0 0
    255 0 255 255 255 0 255 0 6 0 255 0 180 255 239 255 0 0 0 255 255 0
    0 0 255 255 255 0 0 0 255 255 255 244 255 255 255 251 255 43 0 241
    255 255 0 0 0 255 61 255 0 255 0 255 0 12 0 0 255 123 255 0 0 255 0
    0 255 184 0 255 8 255 0 0 255 255 231 0 255 0 0 255 188 255 255 255
    0 255 174 255 255 0 0 0 255 0 0 0 255 255 255 0 22 0 0 0 0 255 255
    255 207 223 255 255 122 255 255 255 255 208 255 211 255 0 255 255 0
    169 0 122 0 0 255 255 255 0 255 255 0 0 0 0 255 164 37 0 255 94 121
    0 0 110 0 255 36 0 255 100 227 0 0 255 255 255 35 0 179 255 0 255
    255 158 0 0 255 255 0 255 255 255 167 0 255 0 255 0 123 214 255 255
    255 0 133 0 255 107 255 0 0 255 255 255 70 255 0 0 0 255 98 183 0 0
    255 255 166 0 0 207 255 164 255 0 255 90 255 195 0 0 36 255 188 0 0
    0 255 198 175 0 0 3 170 255 210 0 0 0 0 255 0 237 255 137 0 0 255 0
    255 218 255 0 0 21 255 0 0 249 0 255 0 58 0 0 255 255 255 255 255 0
    0 159 146 171 0 255 0 0 95 255 255 0 255 0 0 0 255 255 255 0 0 132 0
    255 124 255 0 195 255 255 255 255 0 255 255 255 0 0 0 0 0 255 255
    144 0 99 0 0 255 54 63 131 64 0 0 0 255 255 71 0 0 0 255 193 0 0 0
    255 255 0 255 253 255 3 255 255 0 0 255 255 0 255 0 0 0 255 255 255
    98 0 0 0 56 255 255 3 0 0 255 147 255 221 0 0 255 0 28 0 75 255 0
    255 0 53 0 0 0 0 255 255 255 0 0 255 255 255 0 0 0 177 255 255 213
    66 146 19 255 156 255 0 255 0 255 0 0 0 255 255 255 255 255 135 0 0
    241 255 0 0 0 0 255 0 0 0 255 0 0 0 255 255 0 222 0 0 255 129 144
    234 0 0 0 0 152 9 148 0 0 255 42 233 255 16 255 255 255 255 198 144
    178 251 0 0 255 255 255 203 214 0 0 255 255 255 255 0 0 255 0 0 10
    249 255 0 59 255 255 6 0 0 255 0 0 0 255 255 255 0 255 0 0 0 159 255
    255 255 0 0 255 0 0 255 255 255 255 255 0 255 219 14 0 255 230 0 0
    107 255 0 255 255 255 0 0 0 255 0 0 0 255 255 0 0 255 0 255 0 255
    255 255 255 255 0 255 0 0 0 104 195 0 255 0 255 255 255 0 0 166 255
    255 255 204 75 0 0 160 255 255 0 0 255 255 194 255 0 223 0 0 255 0
    255 0 255 0 255 0 255 0 255 0 255 202 0 255 255 255 255 0 212 255
    255 255 0 0 255 0 205 255 255 0 149 0 255 0 255 0 167 0 255 0 25 0
    16 255 111 0 255 0 255 255 255 0 0 0 0 0 0 255 255 16 0 255 0 0 0
    255 255 255 0 0 255 255 0 255 0 0 87 0 255 255 0 0 127 255 255 59 0
    0 255 0 255 0 255 0 0 0 255 255 16 255 0 255 255 0 42 255 0 255 0 0
    0 0 255 255 0 255 255 255 255 255 255 0 255 0 255 255 255 255 0 0
    255 0 0 0 166 255 255 0 0 30 255 255 0 0 0 190 255 15 255 255 255
    255 95 53 255 0 255 0 151 255 255 0 255 0 255 0 0 241 255 59 255 0
    218 0 255 255 79 0 0 0 0 255 0 255 210 255 212 255 0 0 255 0 164 255
    255 91 255 4 0 202 152 0 0 0 53 0 255 132 255 49 158 255 255 182 0
    27 0 0 255 255 255 0 255 0 0 255 226 44 255 0 53 255 255 255 0 0 255
    255 255 243 0 0 0 255 107 207 0 0 145 255 255 81 0 255 255 255 255
    255 0 255 255 255 63 0 0 0 255 255 0 255 255 255 0 0 0 255 0 250 2
    255 118 255 0 255 0 0 255 255 255 255 237 172 0 255 0 0 255 251 255
    0 238 255 255 255 255 0 0 0 11 27 0 0 0 255 255 255 0 255 0 255 0
    255 0 56 0 253 236 255 0 0 64 255 255 169 0 97 66 91 0 118 0 0 0 0 0
    0 255 139 255 0 0 0 0 0 255 255 255 28 255 255 140 0 0 255 255 0 0
    255 0 0 161 0 63 255 255 255 0 255 0 255 255 198 255 0 255 0 0 0 0
    255 255 255 0 255 255 255 255 0 255 255 255 223 0 127 255 0 46 94
    255 255 255 0 146 0 255 0 255 0 255 0 255 0 0 0 255 86 255 0 37 0 0
    172 89 255 114 0 0 0 0 0 255 255 19 169 255 99 0 0 183 0 157 25 48 0
    0 255 255 0 175 0 255 255 0 0 0 255 0 255 0 57 0 0 130 144 255 245
    255 0 255 0 43 255 255 0 0 255 0 0 64 0 255 47 255 0 255 72 255 0
    255 0 255 255 255 251 53 0 0 255 251 0 0 245 255 255 255 255 0 0 0 0
    0 255 255 54 0 226 0 255 0 255 0 255 255 255 0 139 0 255 255 255 92
    0 0 0 255 0 0 0 255 255 255 255 215 255 58 17 117 0 255 0 255 0 255
    0 255 0 0 255 0 255 0 208 0 255 0 255 0 0 0 255 0 255 0 216 0 255 59
    255 118 0 0 0 255 0 255 255 255 116 0 255 255 255 255 0 246 0 255
    144 255 0 0 255 255 255 255 255 94 0 0 255 255 255 0 7 0 255 255 255
    0 0 159 0 255 0 255 255 0 0 11 255 255 255 255 2 255 255 0 0 222 0
    255 255 255 0 0 255 0 255 255 255 255 0 0 95 255 43 0 255 240 255
    255 255 255 0 184 161 255 255 255 119 0 0 0 0 0 255 255 255 255 0 0
    0 0 44 255 0 0 0 255 93 255 135 0 108 0 255 255 43 0 0 157 255 255 0
    255 0 0 0 255 255 92 108 255 255 14 0 0 0 0 0 210 0 255 255 0 0 255
    255 163 255 0 0 0 255 0 0 255 255 0 0 0 255 0 255 0 255 255 255 0 0
    0 167 255 0 115 97 0 0 204 255 226 255 255 255 255 0 171 0 0 255 255
    0 0 217 255 239 0 0 255 0 255 0 255 198 0 0 45 132 255 0 21 0 0 0
    255 255 0 0 65 121 162 18 0 160 0 255 147 0 192 255 255 68 255 0 0 8
    255 255 0 0 163 255 0 255 80 255 0 0 233 0 0 255 255 0 255 0 255 255
    255 117 72 0 0 0 0 255 255 255 255 255 0 0 0 255 141 0 255 0 255 0 0
    255 0 150 83 218 0 0 187 0 0 0 255 0 1 0 45 0 0 255 255 255 134 0
    193 0 255 0 0 255 0 0 255 0 255 255 0 150 0 108 255 95 255 247 0 0
    255 38 0 0 236 255 0 255 0 255 46 0 0 236 56 255 0 0 0 255 0 0 121
    255 255 0 255 255 255 255 0 0 0 0 81 76 0 75 255 0 0 0 15 31 255 0
    255 4 0 255 255 255 255 0 255 114 240 0 82 0 255 0 255 0 0 0 255 0
    255 97 255 0 0 255 255 255 240 0 0 0 25 0 70 255 0 255 255 255 255 0
    0 0 255 57 255 255 44 255 0 255 0 51 0 255 255 255 0 0 194 255 0 0
    33 255 255 0 0 255 156 255 0 255 0 129 0 255 255 0 118 9 255 0 255
    255 255 0 156 0 255 0 255 0 255 0 0 0 0 255 0 255 0 0 255 255 0 0 64
    99 255 175 235 255 255 0 0 0 255 255 0 0 255 255 24 63 0 121 255 105
    0 0 255 255 255 255 129 255 0 255 0 255 132 255 88 255 175 0 255 144
    255 255 0 0 0 255 255 255 0 0 0 255 24 255 255 255 255 0 0 0 0 129
    247 255 0 238 0 0 0 255 255 0 255 0 97 255 255 255 0 255 0 77 255
    255 0 255 8 255 0 0 0 255 0 54 255 255 255 255 0 255 211 149 0 0 255
    255 255 0 130 0 255 255 255 0 0 0 255 255 131 255 0 255 176 255 255
    0 255 0 255 255 204 255 0 255 0 0 0 255 0 255 10 255 0 255 0 255 0
    255 255 218 0 0 0 0 255 255 255 0 255 0 255 0 255 0 255 255 0 220 0
    0 0 0 0 0 211 255 255 255 255 37 255 0 255 255 255 0 255 255 255 192
    255 255 160 0 0 255 255 255 0 0 0 0 238 255 0 0 0 255 255 0 255 255
    255 0 255 55 255 144 0 255 255 0 255 50 255 255 0 3 156 201 255 255
    106 0 0 87 0 122 255 151 255 0 0 0 45 111 255 255 0 255 0 0 0 255
    255 255 0 255 106 255 0 136 255 0 255 255 255 0 0 0 255 255 255 0
    167 0 0 0 255 255 255 0 255 0 255 0 0 0 255 0 0 255 0 255 0 0 0 255
    141 0 0 0 0 0 0 0 255 255 0 0 255 129 255 0 0 0 255 94 0 255 0 0 255
    83 0 115 0 255 89 0 63 255 0 0 255 255 0 255 0 0 255 0 0 255 0 88 0
    255 255 85 0 0 0 0 255 0 0 0 73 255 44 0 255 255 173 0 41 0 255 255
    0 134 0 255 255 255 181 144 255 255 0 255 255 255 255 0 0 255 0 255
    255 255 0 0 0 0 255 0 255 255 255 0 255 0 0 0 0 0 0 255 255 255 0 0
    0 255 255 0 0 0 248 0 255 0 255 0 0 255 0 255 0 0 0 0 150 255 255
    255 255 0 0 157 255 255 137 0 0 0 203 255 0 0 0 255 103 255 0 255
    255 46 255 134 0 24 0 0 0 0 0 255 47 195 0 255 27 11 0 128 255 0 226
    0 255 191 255 255 0 0 255 34 8 0 153 255 255 101 255 60 255 0 0 0
    255 255 0 0 0 255 0 162 125 69 255 255 0 0 0 255 0 0 255 255 255 0
    255 162 255 234 255 255 25 0 0 83 255 74 0 255 255 255 0 0 0 0 0 73
    0 0 255 255 0 0 0 255 255 255 0 201 89 255 248 255 0 0 255 0 255 31
    255 52 255 0 0 255 255 255 0 0 255 255 0 0 0 255 255 255 0 159 255
    255 0 255 0 0 30 255 219 255 255 0 255 0 255 115 0 255 255 58 255 0
    0 36 255 255 88 0 255 0 255 0 255 255 0 0 0 255 255 255 99 0 0 0 0
    255 255 160 255 0 0 0 255 156 255 255 255 0 0 0 0 31 255 255 255 45
    132 255 255 0 0 0 0 255 255 255 255 46 83 0 157 255 0 255 0 255 255
    255 0 116 0 255 0 0 0 207 174 255 0 201 0 208 0 255 255 255 255 0 0
    168 255 134 172 0 255 0 255 0 255 0 0 0 255 255 255 255 0 0 0 0 0 0
    0 237 87 255 0 255 255 0 8 0 255 111 0 255 255 255 255 15 0 255 0 0
    0 255 255 255 0 232 0 255 255 255 0 0 255 150 255 255 255 0 187 44
    255 0 255 0 111 0 0 0 255 255 255 213 0 0 0 255 255 255 0 0 0 234
    255 0 56 255 255 0 0 0 115 10 255 0 255 146 0 0 0 88 255 255 255 0 0
    255 5 255 0 48 179 125 255 0 255 101 0 0 95 177 255 255 0 255 255
    255 255 0 0 0 255 255 255 0 0 255 255 255 148 255 0 0 0 0 105 0 15
    255 0 0 255 0 255 0 255 168 255 246 147 0 0 255 0 255 0 255 0 255 0
    255 255 0 0 0 164 255 0 0 255 255 0 255 0 0 0 0 255 255 55 229 0 145
    255 0 255 0 255 0 255 0 231 255 255 255 115 0 0 30 255 0 0 0 0 255 0
    0 116 0 97 0 0 0 237 193 41 255 255 0 0 0 27 64 255 0 0 135 255 255
    255 0 255 0 0 0 0 0 0 0 0 255 255 255 39 255 0 255 0 104 0 0 255 0 0
    0 255 255 255 255 255 0 255 0 255 154 86 0 0 0 0 24 255 255 0 0 0
    255 0 255 0 88 16 255 255 255 255 0 0 0 0 226 255 0 0 117 0 255 255
    255 255 0 255 168 0 180 0 0 255 255 255 0 0 0 0 255 106 0 255 255
    255 0 121 255 168 255 0 255 0 0 0 76 0 255 255 255 0 255 0 255 0 0 0
    255 255 228 220 0 251 0 255 255 255 0 255 0 255 255 255 0 0 255 255
    223 148 0 255 255 255 0 54 255 255 0 0 0 255 0 255 255 0 0 255 0 0 0
    255 255 0 255 0 196 0 255 0 0 255 0 255 255 2 0 0 63 255 0 0 0 255 0
    255 255 255 225 30 0 0 0 0 255 0 0 255 153 0 11 255 0 0 0 224 0 0 0
    255 0 0 0 255 83 255 0 0 255 56 0 0 0 255 65 255 255 0 255 0 93 253
    0 255 200 0 255 52 255 255 255 0 0 179 0 255 0 0 255 255 255 0 255 0
    255 0 0 181 124 255 255 255 48 0 255 255 253 0 0 0 0 255 0 255 0 0 0
    255 255 0 0 255 255 255 0 0 255 189 0 0 0 255 255 255 214 134 255
    255 0 0 183 255 255 0 0 2 110 255 101 255 0 255 255 255 0 136 255 0
    0 0 0 255 0 255 0 255 0 92 0 0 226 0 255 132 255 0 0 255 9 255 0 0 0
    255 255 0 0 255 255 255 0 0 255 0 0 255 0 100 0 255 255 255 255 55
    255 255 89 0 178 255 0 0 0 255 255 255 255 0 0 183 184 0 0 255 255 0
    0 255 73 255 0 0 223 255 255 255 34 255 0 0 135 0 255 255 255 255 0
    0 0 255 255 0 0 216 255 255 255 0 134 255 0 0 0 128 0 255 255 255
    255 0 0 0 148 255 255 0 255 255 255 0 0 0 255 255 255 0 255 0 255 0
    0 0 255 89 1 0 248 255 255 157 0 166 0 255 0 109 0 0 255 0 255 0 206
    0 0 255 255 255 255 0 255 0 255 0 255 0 119 0 0 0 0 255 255 255 255
    255 0 24 0 0 255 25 0 108 255 26 214 255 0 0 207 176 171 255 255 127
    0 255 231 255 0 0 39 255 0 0 18 103 9 0 255 0 255 0 0 255 255 255
    255 0 0 255 144 255 0 255 0 0 186 238 255 255 132 0 255 0 0 0 255
    179 0 0 255 0 71 0 217 0 0 0 255 255 109 0 0 0 0 0 0 255 0 255 255 0
    0 0 255 0 0 0 255 255 255 255 0 255 0 0 0 255 0 255 0 190 225 255
    255 255 54 255 199 255 255 0 55 0 0 0 157 0 255 255 255 255 0 0 0
    255 255 255 0 0 252 255 255 255 231 0 0 255 255 255 0 16 255 255 255
    0 0 0 255 0 58 0 252 0 0 255 0 0 0 122 255 255 255 255 0 0 255 0 0 0
    43 0 255 255 40 255 255 255 255 0 0 0 255 255 128 0 0 0 255 255 255
    255 255 0 0 0 0 255 0 255 0 255 0 255 93 255 0 255 0 255 255 0 46
    255 0 255 255 255 0 255 0 255 255 255 0 0 255 143 154 0 255 62 255
    255 255 0 0 21 255 255 0 0 0 255 101 87 255 255 255 255 255 197 0 0
    0 255 255 255 0 0 19 0 255 255 245 173 163 203 74 255 255 255 0 0
    255 255 255 255 20 255 83 54 0 0 255 255 0 0 255 0 0 228 0 0 0 255
    255 153 0 17 255 255 255 0 255 0 255 0 0 5 255 0 255 0 0 0 255 119
    255 0 255 255 255 0 255 0 200 0 255 255 0 25 0 0 0 0 255 255 229 0 0
    0 255 222 255 0 0 255 0 255 19 0 255 255 255 0 0 0 255 255 0 0 255 0
    255 0 255 255 255 0 81 172 255 0 255 80 255 0 235 62 240 255 255 0 0
    0 255 255 255 0 255 1 255 29 0 0 102 221 193 0 255 46 147 255 255
    255 255 0 255 41 255 0 255 0 255 0 0 255 0 0 0 117 0 0 255 0 44 0
    255 84 0 255 139 255 160 255 0 0 197 255 92 255 0 0 0 190 255 0 0
    255 255 255 0 0 0 53 255 47 0 0 255 255 255 0 255 255 255 32 255 0
    255 176 45 0 0 0 255 255 246 72 0 255 255 255 0 255 255 255 255 0
    255 255 0 0 255 249 255 0 82 255 255 98 255 255 255 0 0 0 255 41 255
    0 255 255 170 0 0 255 50 255 77 251 255 255 25 0 39 235 0 255 0 0 0
    48 255 255 255 0 255 0 255 255 255 0 146 119 0 0 0 200 0 255 0 255 0
    0 24 255 134 0 0 161 0 240 0 255 0 182 179 255 0 56 0 0 0 255 255
    255 6 55 255 0 252 255 255 0 255 0 122 255 255 0 0 255 255 255 0 255
    0 255 0 255 255 0 255 81 255 255 0 255 0 0 0 255 124 0 255 255 255
    255 255 0 107 82 255 0 0 0 255 204 0 0 255 73 255 255 0 30 255 255 0
    255 56 220 0 0 255 255 255 255 0 255 215 53 0 0 0 255 0 255 0 255 0
    0 0 170 0 66 0 119 255 0 74 255 180 0 255 50 255 0 128 0 0 255 255
    200 255 170 255 0 255 0 255 0 111 255 255 0 183 0 255 255 0 78 255
    255 198 96 105 0 255 0 255 0 0 76 255 0 0 255 255 0 255 0 0 9 0 255
    244 253 63 119 255 255 238 0 0 0 0 255 0 32 0 255 255 255 179 73 255
    255 255 0 0 255 255 255 0 0 31 0 0 136 0 86 255 255 0 97 255 0 0 255
    169 192 38 0 131 42 255 238 221 108 0 0 255 255 255 86 0 0 27 255 0
    0 0 255 184 0 159 255 255 0 0 255 255 0 255 83 255 0 255 0 255 255 0
    29 0 0 255 255 255 255 255 0 0 0 255 255 0 140 18 255 255 255 255 0
    255 255 4 233 0 255 255 255 255 0 255 0 0 255 255 255 0 0 255 255
    135 255 0 56 255 248 0 0 255 255 255 0 255 0 255 255 0 0 255 0 0 0 0
    255 255 255 255 255 182 0 0 0 0 102 231 0 255 0 0 255 255 255 0 0 0
    0 0 255 0 255 255 14 255 0 130 7 0 255 0 255 0 174 0 126 191 255 255
    221 255 0 0 0 255 255 255 153 0 0 255 198 255 0 0 255 0 255 255 255
    255 255 0 0 152 0 255 0 255 0 255 108 0 0 145 255 0 255 255 154 106
    184 0 0 255 255 255 0 255 0 255 0 0 255 101 255 0 255 255 0 30 0 255
    0 255 255 255 0 255 0 0 255 0 0 0 0 255 0 255 0 0 255 201 255 255
    129 0 0 255 212 0 115 0 0 51 0 0 90 254 0 0 184 255 255 0 89 0 0 255
    255 255 255 121 255 255 0 255 0 0 255 0 0 255 255 255 0 0 255 0 255
    0 0 255 255 255 0 255 255 199 0 0 255 0 255 0 255 20 255 0 255 0 190
    255 0 0 238 250 255 255 255 0 49 0 20 0 255 255 0 0 255 0 255 245 0
    0 255 255 255 192 255 165 0 0 48 255 255 138 98 0 0 255 36 155 0 255
    255 97 0 255 0 0 0 255 186 255 207 255 255 255 255 0 0 255 0 249 0
    233 255 0 255 255 0 0 148 255 0 255 117 0 255 255 255 0 0 0 0 255
    255 232 63 0 0 255 255 0 12 109 255 255 0 0 255 0 255 0 0 0 255 255
    255 0 0 255 255 0 0 0 255 118 141 227 0 0 255 255 255 255 255 0 0 0
    216 255 255 255 255 159 255 255 255 0 0 255 255 87 0 0 255 255 177 0
    0 255 255 255 0 255 0 255 255 91 0 0 63 0 61 0 255 255 255 0 255 255
    0 255 0 0 255 0 255 0 0 0 255 255 0 255 67 170 0 255 255 255 0 0 0
    255 110 130 0 255 49 0 0 255 255 255 0 0 0 0 0 0 255 0 255 151 0 0
    26 177 0 255 0 255 255 255 0 0 255 81 255 0 255 0 0 63 255 0 0 216
    255 255 0 255 0 255 0 155 255 0 160 0 149 255 255 255 0 255 0 255 34
    128 255 255 0 255 255 255 0 0 0 0 121 255 255 255 0 0 0 255 0 0 255
    0 255 255 53 0 0 0 255 250 255 255 0 255 255 0 0 166 255 255 0 0 0
    255 255 102 224 106 0 0 255 110 255 255 0 0 153 255 205 0 255 0 255
    187 255 0 0 255 255 255 0 167 0 0 255 84 255 0 0 157 0 0 0 255 255
    255 0 0 0 255 0 255 0 0 0 77 255 12 65 158 45 0 93 255 0 41 211 112
    255 187 255 168 255 255 255 0 16 255 0 0 255 255 255 0 219 255 255 0
    0 0 209 0 0 255 255 0 200 0 0 0 255 192 255 0 255 0 0 76 255 255 0 0
    197 0 23 255 255 255 0 255 0 255 0 255 0 255 255 73 239 255 0 255 0
    255 0 230 109 9 0 0 255 0 0 255 98 198 255 224 255 0 255 0 255 10
    255 0 255 0 255 0 161 255 255 255 0 40 0 0 255 255 0 255 61 121 248
    0 87 255 255 0 255 255 255 162 255 255 255 19 0 244 48 83 255 255 0
    0 255 255 195 0 0 0 85 0 255 255 0 255 255 3 0 83 0 105 255 255 255
    52 0 255 255 255 0 0 0 255 174 255 0 255 0 0 0 0 74 251 255 0 0 255
    0 255 0 0 7 255 17 255 0 0 255 255 255 0 0 0 255 48 255 255 0 231 0
    255 255 0 255 0 255 0 254 27 44 255 0 255 255 255 255 255 0 0 255
    255 0 0 0 255 109 255 0 255 255 255 0 0 0 0 0 77 255 198 255 188 53
    0 0 255 255 255 0 255 255 0 250 63 13 255 255 230 0 0 0 0 255 108
    255 0 0 0 0 255 0 255 153 167 0 177 249 255 0 255 255 151 0 255 255
    255 67 0 0 91 255 0 255 240 118 255 255 0 255 0 255 255 255 0 255 0
    0 0 0 0 128 0 148 0 255 255 0 62 0 0 0 0 196 255 0 209 0 255 255 255
    0 175 91 255 180 0 0 0 0 255 255 255 0 255 0 255 255 0 140 255 188
    255 255 255 255 255 0 0 0 255 2 255 0 0 0 0 223 255 255 0 255 0 0 0
    255 255 255 255 0 57 0 152 0 255 255 255 0 0 0 0 0 0 255 149 255 255
    0 255 255 71 0 75 0 0 0 0 255 255 255 255 0 255 0 255 255 47 255 0
    255 255 255 195 0 255 87 255 0 0 118 0 255 0 255 0 255 154 255 0 255
    43 88 0 75 0 91 255 34 255 0 96 0 255 255 0 255 255 255 231 0 0 255
    0 0 0 255 0 255 0 235 0 0 213 0 122 255 255 167 0 0 0 15 255 254 0 0
    255 52 255 214 255 0 255 154 255 0 255 0 255 0 0 0 0 0 255 255 255
    255 0 110 255 255 99 0 255 255 0 0 255 255 255 0 255 21 0 0 0 255
    255 255 0 0 0 0 255 18 0 0 0 0 255 255 255 255 0 44 255 15 255 0 0
    255 0 255 255 255 0 255 165 255 0 255 101 255 0 255 255 81 0 0 255
    255 255 0 255 0 0 33 255 156 255 255 255 255 0 255 0 18 0 255 255
    255 255 255 212 0 255 198 204 0 0 255 0 255 255 255 255 44 251 0 0 0
    0 0 255 255 255 0 0 0 255 254 255 255 255 83 0 0 255 0 255 191 255 0
    255 0 255 50 255 199 0 255 246 255 0 67 5 255 0 0 255 255 255 0 178
    255 255 0 255 0 255 0 255 0 110 40 0 0 255 255 255 0 0 0 255 40 255
    0 255 255 0 255 85 255 0 255 255 0 153 246 255 55 255 255 255 0 255
    0 150 0 255 227 255 255 33 0 0 255 255 0 0 0 255 255 27 255 255 0
    255 0 0 0 0 0 0 255 255 0 255 0 0 0 255 255 0 0 255 255 255 0 0 111
    255 255 255 80 0 43 0 255 98 0 62 255 255 210 0 255 255 255 0 0 172
    255 255 0 0 0 0 255 255 255 0 0 0 0 255 255 255 77 0 0 92 65 230 255
    255 0 255 0 0 0 255 0 255 27 0 0 255 255 0 100 255 0 0 0 255 0 255 0
    255 255 255 132 0 0 0 147 255 255 255 255 0 0 255 255 255 255 0 255
    255 255 0 0 255 255 255 212 0 255 0 255 79 64 5 255 181 0 195 0 0
    255 99 48 148 0 0 0 255 0 255 0 255 255 20 255 255 0 0 255 255 255 0
    242 0 0 0 255 255 0 227 73 255 230 0 255 125 0 0 255 255 255 0 0 200
    202 255 255 64 202 0 0 255 162 255 0 0 255 0 0 0 0 255 0 255 0 255 0
    255 0 255 255 255 0 0 255 205 11 0 0 255 255 0 255 0 213 0 255 255
    35 255 255 0 255 255 255 200 46 255 255 0 151 255 255 255 83 0 0 0
    163 255 255 0 255 234 0 0 0 0 0 0 255 255 193 255 0 0 0 255 255 255
    255 0 37 150 0 0 255 255 167 134 0 255 255 255 0 0 0 207 255 0 0 0 0
    255 255 255 0 0 0 0 255 255 255 255 0 255 255 0 0 0 255 255 255 255
    0 238 188 255 38 255 0 0 0 255 255 255 107 0 0 0 0 255 0 0 0 0 255
    255 45 45 255 29 255 0 0 0 80 255 235 255 255 0 255 255 40 0 0 255
    255 255 45 0 0 255 0 0 255 226 0 103 225 255 0 255 0 0 0 255 255 0 0
    0 255 255 255 0 0 0 228 255 119 0 255 235 255 0 0 141 255 255 255 0
    255 255 0 123 0 0 0 16 0 21 255 0 255 0 255 0 255 0 255 0 255 52 198
    0 204 255 0 255 0 229 255 0 0 0 255 255 255 232 93 0 0 0 255 125 255
    0 255 255 255 0 0 0 255 255 255 255 0 0 145 255 255 81 0 0 0 255 255
    0 0 0 0 184 98 255 0 222 0 0 200 37 255 0 255 197 255 255 0 255 0
    255 38 89 0 255 0 255 0 0 0 98 0 92 255 255 255 35 255 2 0 255 255
    255 255 82 255 0 0 0 212 255 0 255 0 255 0 255 226 213 0 255 0 0 0
    255 0 57 0 237 255 255 255 0 0 0 255 50 255 0 255 255 255 113 0 0
    255 0 255 255 255 0 0 48 0 255 0 255 0 0 255 0 255 255 255 0 0 0 255
    0 255 117 178 0 0 255 193 255 255 255 236 0 157 255 0 255 119 255
    255 255 0 255 0 227 0 0 255 0 0 0 255 0 0 0 255 0 255 0 0 255 255
    255 0 98 156 255 136 0 255 158 255 0 33 255 255 0 0 255 235 0 142 0
    255 255 255 0 0 255 189 0 0 0 0 0 255 255 0 0 193 255 255 0 255 255
    176 0 255 27 255 183 0 84 255 255 0 0 77 104 255 252 0 0 255 0 118 0
    255 0 114 255 255 23 255 212 0 0 0 159 255 255 33 0 0 0 0 255 255 0
    0 200 255 0 31 255 191 76 149 21 255 43 255 0 0 0 161 253 173 0 0 0
    0 0 255 255 255 0 0 0 223 69 0 255 255 0 255 0 213 0 0 0 229 0 126 0
    255 255 92 255 0 255 0 255 0 255 0 255 0 255 255 255 243 0 255 0 0 0
    255 255 255 252 0 241 190 0 0 246 255 0 174 0 255 255 0 255 255 0
    255 255 255 0 0 209 153 255 123 255 0 0 0 255 134 42 0 228 0 0 0 255
    255 125 75 0 255 255 0 0 0 102 255 255 255 103 0 0 255 0 255 255 0
    146 0 0 0 0 255 72 255 255 234 0 255 0 255 0 255 0 255 255 0 0 32 0
    255 0 255 0 0 0 0 0 249 255 255 0 0 12 255 255 0 0 205 255 0 0 108
    255 255 136 255 255 175 0 0 255 255 0 0 157 103 139 255 0 255 27 255
    0 0 0 0 255 0 255 0 255 54 0 255 0 255 60 255 0 211 0 255 0 0 35 0
    81 217 207 0 255 0 255 255 0 0 255 68 255 255 0 255 111 255 0 0 61
    18 255 255 0 0 0 255 255 53 0 197 27 255 255 0 255 210 230 255 255
    255 255 206 0 0 255 255 0 83 83 255 255 0 0 0 42 225 255 185 191 0
    255 166 232 255 0 0 199 141 171 0 0 122 0 73 0 152 0 255 0 255 0 255
    182 7 0 255 0 0 0 0 0 255 253 155 77 78 255 0 255 218 102 0 0 0 255
    255 0 237 84 203 255 255 255 0 0 0 255 255 255 255 0 0 0 90 0 85 168
    255 0 255 0 255 24 255 0 0 0 0 255 255 0 0 0 20 255 0 255 0 255 102
    208 0 67 73 198 0 255 0 255 255 255 0 255 255 255 0 40 255 255 0 255
    255 255 255 173 235 0 255 0 255 255 255 152 0 0 255 255 0 0 0 255
    255 88 0 0 255 255 255 192 0 55 255 255 0 255 212 255 0 0 0 255 255
    255 255 0 0 255 255 128 0 0 0 255 255 0 108 0 255 255 0 0 0 255 255
    0 0 0 154 255 0 0 255 255 255 0 255 0 0 255 0 0 0 0 255 255 0 229 0
    255 187 255 0 255 189 255 134 0 255 0 0 0 255 255 43 255 0 0 0 0 255
    116 46 148 19 0 0 0 255 0 255 0 255 0 9 0 255 91 255 255 249 27 123
    0 255 0 38 125 255 0 255 0 0 0 0 255 255 255 0 0 0 255 142 255 0 0
    135 255 255 219 134 198 4 0 0 196 255 230 235 0 0 114 255 255 255 0
    255 255 255 255 0 0 0 0 0 0 255 255 255 255 43 0 0 255 255 255 121 0
    0 0 0 255 255 0 88 255 255 0 0 130 0 255 255 255 230 248 255 255 0 0
    0 255 156 255 0 255 26 0 255 255 255 164 239 0 0 0 0 255 255 255 0
    255 255 255 0 14 0 255 0 255 0 255 189 0 255 0 0 0 29 255 0 74 255 0
    0 0 255 255 255 0 255 218 255 255 186 2 0 0 254 0 151 236 255 0 61
    255 0 0 114 255 255 255 116 0 0 0 147 0 0 0 255 0 0 0 255 255 255 0
    54 255 255 11 207 16 255 255 0 165 0 255 255 0 214 238 255 0 255 4
    255 255 0 0 0 255 0 255 0 255 151 177 0 0 66 255 255 255 0 255 182 0
    0 255 255 255 255 0 0 0 0 0 255 0 0 0 185 85 255 250 255 0 184 255
    55 0 0 255 255 255 174 255 0 255 0 51 255 0 255 0 0 0 255 255 49 255
    131 234 0 255 255 255 148 103 0 35 0 255 0 0 255 255 255 142 89 224
    0 144 255 255 0 255 255 255 0 0 0 0 183 0 255 0 255 0 0 0 255 0 215
    255 149 0 0 0 255 255 1 255 255 255 0 0 255 255 0 0 0 255 255 255
    255 0 0 255 255 80 255 255 255 0 0 254 237 215 255 123 148 241 255
    238 254 0 173 255 255 0 0 48 0 0 0 255 255 255 255 255 0 255 0 98 0
    255 255 156 255 0 0 0 52 255 255 255 0 0 255 255 180 0 0 38 255 255
    0 0 0 255 255 0 255 147 0 0 0 255 0 0 255 255 255 255 0 110 0 255 0
    185 255 255 255 255 0 0 0 255 0 255 255 35 0 0 255 255 0 0 255 255
    255 0 0 0 0 255 255 0 0 0 233 114 255 0 255 0 224 0 0 255 23 0 0 0 0
    0 0 255 54 149 212 255 88 0 0 0 204 12 255 255 176 161 0 0 0 0 0 0
    255 0 158 0 255 255 13 0 0 111 0 255 146 255 0 0 0 255 0 247 0 139 0
    255 210 255 0 0 255 255 255 47 0 255 95 0 255 229 0 255 255 206 0 0
    255 0 255 0 0 0 0 255 255 0 0 0 0 255 255 255 255 19 255 255 255 255
    45 0 0 117 0 255 16 170 0 92 255 255 108 0 255 255 0 255 255 255 0
    246 255 255 255 0 0 243 65 118 0 0 255 110 255 255 255 0 0 0 255 0 0
    255 255 169 0 0 212 255 255 0 0 0 255 255 255 255 255 255 0 0 255
    255 255 255 255 115 0 255 0 255 255 255 0 213 255 129 255 0 0 22 255
    167 254 0 255 255 255 0 0 0 64 0 0 0 255 83 255 0 255 0 0 150 255
    255 0 0 255 255 255 123 255 0 0 0 255 255 0 0 0 240 255 0 255 0 255
    0 255 255 44 0 0 255 63 0 0 213 5 255 94 255 232 0 47 146 255 255
    255 226 255 0 0 0 255 255 255 48 6 0 0 0 169 0 255 255 129 0 255 0
    255 255 0 0 0 0 255 255 0 255 135 0 0 0 255 0 140 221 166 0 191 155
    0 169 255 255 255 0 255 255 255 124 255 0 0 227 255 255 244 0 255
    255 255 0 0 255 255 255 0 92 0 192 255 255 35 16 255 0 255 0 0 10 0
    0 255 0 255 0 183 0 0 255 255 200 0 124 0 255 1 52 0 251 113 255 255
    23 0 0 0 255 243 255 210 0 14 0 0 0 189 255 255 166 0 41 16 255 0 67
    0 255 255 255 0 0 0 255 255 0 11 0 255 0 255 93 255 0 0 0 112 255 0
    0 255 0 0 0 112 255 255 19 255 237 0 0 0 0 255 0 255 255 0 210 0 255
    61 255 0 255 255 255 0 0 0 0 31 71 255 0 255 255 147 0 0 0 189 0 32
    255 114 255 255 255 0 231 255 255 1 0 0 255 255 255 255 60 0 0 255
    255 61 255 255 82 0 103 255 0 0 0 216 255 0 0 0 255 255 255 255 0
    255 23 255 255 255 0 0 0 0 218 255 255 0 0 0 210 0 255 255 255 255
    255 0 255 0 255 73 0 141 78 255 207 255 141 122 255 255 17 12 255 0
    255 0 255 237 255 0 0 255 255 0 255 0 255 0 255 0 255 0 255 100 255
    0 238 255 152 255 219 0 0 0 74 0 255 0 117 229 255 201 255 222 126 0
    255 255 234 255 0 255 0 0 34 0 255 255 0 255 255 0 255 255 126 0 255
    0 0 255 162 255 255 94 0 0 0 0 149 34 255 255 161 210 255 0 255 0
    106 255 255 255 0 47 255 91 0 0 255 0 0 0 0 255 255 255 99 255 0 236
    0 0 0 0 0 0 255 255 255 46 0 0 228 255 0 255 0 255 255 177 94 0 255
    255 0 255 205 0 0 255 255 133 0 255 255 19 0 0 255 243 168 0 255 0
    255 0 255 0 255 163 7 0 0 255 0 212 255 0 190 0 255 205 255 0 0 213
    255 255 255 255 255 255 0 0 153 0 144 255 0 0 255 133 0 0 255 245
    255 0 255 0 0 255 0 255 0 180 255 255 107 0 239 154 0 136 0 255 0 0
    255 0 255 255 0 255 186 255 0 0 0 0 174 66 0 255 255 255 255 208 255
    255 255 0 123 224 255 144 255 0 255 255 255 150 255 110 40 0 255 255
    255 255 0 0 255 255 0 255 0 0 107 79 255 192 168 255 255 255 0 162
    227 255 0 0 0 71 255 255 255 255 0 0 0 197 0 165 233 255 255 255 0
    41 137 0 255 0 54 0 255 113 0 0 8 0 0 0 255 0 255 0 0 0 0 185 0 93 0
    27 0 0 0 255 255 255 0 0 0 255 0 0 135 136 195 255 255 255 0 255 0
    255 255 121 255 255 255 255 0 0 0 255 255 255 0 173 0 56 0 174 255 0
    255 0 255 255 0 255 0 255 54 255 0 255 255 0 242 0 33 255 156 0 0
    205 185 255 156 0 255 0 255 0 255 0 255 82 255 0 0 0 255 0 255 0 255
    255 67 255 0 0 0 0 255 0 0 0 0 74 0 41 68 255 0 221 236 0 255 0 255
    0 255 255 255 255 86 244 221 0 122 255 255 0 255 194 255 0 0 0 255
    255 255 255 255 0 0 0 255 255 0 0 62 0 0 186 0 255 255 255 255 255 0
    121 255 255 0 255 0 255 255 0 255 84 0 255 0 0 0 146 255 0 115 0 255
    0 0 0 255 255 66 255 0 0 0 0 255 255 255 0 0 255 255 255 0 223 128
    255 157 155 255 255 255 110 255 0 0 255 255 0 97 82 255 0 0 255 0
    255 88 133 0 255 255 0 0 255 90 0 232 214 59 0 0 255 255 255 255 0
    50 0 0 0 31 0 206 255 0 0 255 255 255 0 255 255 255 0 76 188 103 225
    255 0 255 8 0 255 0 255 60 255 0 0 255 92 255 0 255 0 117 0 255 0 29
    255 0 255 137 239 0 0 0 158 221 255 0 255 0 255 27 255 255 255 0 255
    0 255 255 72 255 0 255 0 0 255 0 255 0 255 255 255 61 255 0 255 0 0
    0 219 255 108 0 255 0 182 255 0 255 0 0 255 255 255 174 0 0 114 0 0
    0 255 255 255 255 0 117 255 255 255 0 0 0 0 255 0 255 0 255 0 255 0
    0 255 0 0 0 255 0 0 0 0 30 255 0 0 0 0 114 149 0 0 0 0 0 41 255 255
    191 0 0 255 0 0 0 255 194 255 0 0 255 84 169 174 0 255 0 255 151 0
    26 0 0 177 44 255 0 0 114 254 0 255 0 255 0 255 255 0 255 23 255 255
    255 255 197 255 255 0 0 0 165 255 255 0 0 0 255 216 150 0 0 255 255
    121 0 0 255 213 0 0 0 0 145 255 255 125 211 0 166 255 0 255 0 255 0
    255 0 119 0 255 158 0 0 0 255 0 255 0 255 141 99 255 0 255 255 0 0
    202 255 0 0 0 101 255 86 154 0 0 0 64 255 255 255 255 0 129 161 255
    255 89 0 230 0 255 46 255 12 255 202 255 0 255 0 255 255 0 40 250
    255 255 0 0 186 255 188 68 0 0 0 0 255 255 255 255 0 255 255 255 0 0
    255 255 255 0 255 130 0 0 78 255 58 94 0 255 25 255 0 0 255 0 0 0 0
    255 255 171 0 255 255 255 72 255 0 0 0 255 255 255 255 255 109 86 0
    255 61 123 0 255 175 177 145 255 255 0 0 0 0 255 255 0 0 0 255 0 255
    255 0 214 202 255 255 255 0 255 255 255 255 0 0 0 255 255 0 0 27 30
    255 227 232 0 255 255 255 0 255 0 255 63 0 0 0 255 255 255 255 116
    255 0 0 255 255 255 0 0 0 0 0 255 7 153 0 252 0 0 0 1 255 255 0 0 0
    255 0 0 255 90 255 255 0 0 255 205 255 255 255 255 255 0 255 0 0 0
    61 0 255 255 253 0 255 0 11 0 255 36 234 255 255 255 248 0 0 255 255
    99 255 0 0 255 205 255 255 173 0 255 114 0 104 255 238 255 0 255 0
    255 4 0 255 0 255 0 125 161 255 255 0 170 0 255 255 255 255 0 255
    255 214 0 0 0 0 60 0 255 110 255 144 255 0 0 0 255 255 255 84 0 0
    255 255 255 124 255 0 255 0 255 101 255 0 255 0 246 45 0 0 69 70 0 0
    79 0 0 225 0 0 255 255 255 237 0 0 0 0 255 0 255 255 211 0 0 255 255
    255 255 255 255 0 0 95 175 255 0 0 0 255 255 255 255 255 0 255 255
    255 0 255 0 255 255 255 0 255 113 228 32 0 0 49 255 0 0 0 255 255
    177 0 255 5 10 0 255 255 255 0 0 0 0 58 0 255 255 255 0 23 0 0 255
    255 0 114 255 0 0 0 220 255 255 0 0 255 0 255 0 0 189 255 0 0 0 255
    255 255 0 255 255 0 101 0 255 210 255 255 68 255 255 0 0 0 255 0 255
    0 255 174 0 77 0 255 0 0 255 0 187 209 255 255 117 0 255 0 255 255
    255 0 255 0 255 22 255 0 255 255 194 0 88 255 255 0 0 0 255 149 255
    104 0 255 255 0 101 0 255 0 243 11 255 255 166 0 255 255 0 26 0 255
    0 255 0 49 0 255 0 255 30 9 255 0 255 255 135 255 13 0 0 0 255 0 255
    255 255 255 0 76 255 255 255 255 0 123 255 0 255 255 255 255 255 84
    0 0 255 255 255 147 0 255 0 0 0 0 0 215 0 255 0 0 0 255 255 255 162
    255 255 99 0 178 88 227 255 255 194 255 0 255 39 255 37 0 255 0 255
    0 255 0 0 0 0 255 255 255 0 0 255 255 255 0 0 0 0 255 0 255 166 255
    0 0 255 0 255 62 0 255 255 0 108 0 255 255 255 0 113 255 20 0 0 255
    0 255 195 0 255 0 255 255 255 255 0 183 255 0 0 0 255 255 255 255 4
    255 67 255 0 0 0 204 0 0 3 0 255 15 255 186 0 0 255 255 255 255 0 0
    12 255 255 0 0 255 0 255 0 0 255 0 0 0 255 0 255 106 0 0 255 255 255
    0 0 255 86 97 0 4 0 255 1 157 0 255 57 0 0 186 49 255 236 255 0 255
    0 255 15 0 0 200 0 255 255 255 255 253 156 0 0 255 0 129 0 255 255
    255 110 127 255 0 0 0 0 255 0 255 221 0 255 0 255 0 255 255 255 0 0
    0 120 155 255 255 255 0 0 0 250 0 102 0 0 255 255 255 0 214 255 255
    255 0 221 255 0 255 0 0 255 0 21 0 159 205 83 255 0 0 0 116 255 255
    255 0 0 0 255 255 255 0 0 0 0 108 255 255 0 211 0 255 0 255 0 255
    255 0 0 255 255 252 255 15 255 0 255 255 0 0 0 0 0 255 255 124 0 255
    255 255 52 0 0 255 37 255 216 5 90 0 0 0 255 0 255 0 0 66 255 255
    255 255 255 0 0 0 255 13 0 255 199 0 0 0 0 0 0 132 0 255 255 168 109
    0 0 255 255 0 0 91 90 0 0 209 0 231 112 0 255 0 0 0 255 255 0 255 0
    0 0 0 255 46 233 0 255 0 255 0 0 0 255 0 255 190 255 0 0 0 255 85 0
    0 255 255 255 237 0 0 255 0 248 255 124 255 255 255 210 0 0 0 119 0
    255 0 118 0 143 0 255 255 255 255 0 43 0 0 0 156 255 255 0 255 0 255
    84 255 0 0 255 255 0 255 0 255 0 0 0 255 241 255 116 0 0 0 0 255 255
    255 0 0 29 255 255 255 0 255 0 255 0 255 255 197 255 0 0 255 165 255
    0 0 0 0 255 255 255 255 255 0 0 255 0 160 58 92 163 255 0 0 0 255
    255 255 118 0 0 0 0 255 255 0 255 255 255 0 0 0 0 255 255 255 255
    255 0 132 255 255 255 255 255 0 0 0 0 20 255 255 255 0 0 193 0 255 0
    77 0 255 0 255 0 255 0 255 255 255 0 0 255 255 255 0 0 0 255 255 255
    0 0 0 0 255 154 121 84 255 0 0 255 255 0 255 255 255 0 255 0 0 0 0 0
    0 255 26 255 0 0 255 0 255 0 166 0 255 0 0 162 75 30 189 0 0 145 255
    0 0 0 255 0 0 255 179 255 255 230 255 255 0 65 0 255 255 255 0 0 28
    255 0 0 225 0 5 255 255 0 7 0 255 0 255 255 0 0 255 197 0 0 4 255
    255 0 255 255 255 0 26 0 0 0 0 255 255 255 255 0 70 0 255 0 255 255
    0 0 255 0 30 0 234 0 198 255 255 0 0 0 255 0 143 0 124 17 255 0 0 0
    230 2 159 0 0 29 0 255 0 255 0 0 0 255 0 255 255 255 0 232 0 0 0 255
    0 0 0 255 0 0 255 188 255 0 0 0 164 159 0 255 255 0 126 0 129 175 85
    0 255 255 217 0 0 108 255 255 255 0 0 0 36 255 0 118 255 164 227 0
    255 14 38 255 255 0 0 0 0 0 0 0 0 255 0 255 0 255 255 255 0 0 0 255
    255 255 255 0 141 0 255 255 255 0 58 32 255 67 165 255 255 0 255 138
    255 209 0 255 255 255 188 0 0 255 255 86 255 0 0 166 255 255 121 134
    0 255 0 0 255 251 35 255 255 255 0 255 176 0 0 0 152 93 0 0 255 191
    255 255 255 0 0 0 0 0 229 255 0 255 0 255 255 245 0 255 255 255 255
    255 0 0 180 255 0 0 0 255 0 255 0 255 130 0 0 0 0 97 255 255 255 86
    255 255 255 0 0 255 6 255 255 0 86 0 255 255 0 255 255 0 0 255 255
    255 0 241 255 255 60 0 255 94 255 0 0 0 0 0 0 255 255 255 255 255 44
    75 0 0 255 53 255 255 255 0 0 0 162 255 255 255 76 0 255 0 255 0 255
    255 255 200 161 0 255 255 255 255 0 0 219 255 255 255 0 255 0 0 0 0
    0 255 100 102 33 255 255 0 0 255 42 255 0 0 0 255 220 0 0 106 255 0
    255 191 255 255 13 0 0 0 255 255 255 0 111 255 0 255 0 255 255 0 0 0
    255 0 255 0 3 0 0 0 222 255 83 0 19 0 255 255 0 255 255 71 0 255 30
    255 0 255 0 255 0 0 0 0 98 45 255 0 68 0 255 0 0 255 255 0 228 0 255
    19 255 255 255 0 255 255 0 81 0 0 110 180 255 255 255 95 24 255 0
    255 255 255 255 0 255 255 196 0 0 124 0 0 0 255 195 0 255 18 255 255
    255 255 255 0 0 0 255 0 255 255 0 0 42 255 255 255 253 0 0 0 0 0 0 0
    255 255 255 78 255 0 255 255 255 27 0 0 255 255 255 0 223 3 255 0
    255 0 255 0 255 0 0 0 122 255 0 0 255 69 255 0 255 23 228 0 255 0 0
    229 0 255 0 255 0 172 0 122 255 255 255 0 23 0 255 0 246 255 0 0 0
    255 0 226 146 255 255 0 255 0 38 255 0 255 227 255 0 255 0 1 0 0 0 0
    215 255 0 214 0 255 0 255 0 255 134 255 66 255 255 221 255 186 255 0
    255 177 255 0 11 255 255 255 255 255 0 0 0 255 255 209 0 0 255 0 113
    0 146 255 255 0 185 255 109 0 255 123 255 130 255 0 255 204 0 0 0
    255 255 255 0 0 255 255 154 188 24 255 0 0 210 255 255 255 0 214 189
    0 0 255 255 255 0 255 0 160 6 255 255 254 255 0 0 255 255 255 0 0
    255 61 0 0 0 125 0 131 0 0 255 0 0 54 140 21 255 0 0 21 255 0 255
    255 0 0 43 255 30 0 0 255 255 0 249 255 0 255 255 255 255 0 0 255
    255 255 0 171 35 255 255 74 0 0 179 255 0 255 0 255 75 182 0 0 255
    255 255 0 0 0 0 112 255 70 0 0 255 21 0 255 0 255 0 255 83 255 255
    255 0 255 0 255 0 255 0 0 255 47 255 255 0 18 255 217 157 0 0 255 0
    255 147 255 47 111 255 74 0 0 221 255 255 0 137 0 50 255 143 0 255
    41 255 31 0 255 0 162 255 255 255 0 138 255 0 0 0 255 255 255 0 64
    255 72 255 0 255 0 255 0 0 255 255 0 255 255 0 0 0 255 255 255 255
    175 9 0 255 255 255 255 0 118 0 255 255 255 74 0 0 128 255 255 94
    255 0 0 255 255 255 9 255 0 0 186 143 182 255 255 0 0 0 0 0 255 255
    255 255 255 255 255 255 0 0 2 255 0 0 91 255 0 0 77 255 255 0 56 242
    0 0 0 255 255 69 235 0 255 195 0 138 255 217 255 255 0 255 153 203
    105 164 255 0 255 228 0 0 0 255 255 255 0 0 255 255 0 112 0 0 0 255
    0 9 27 0 0 255 0 255 0 255 47 0 154 0 255 255 0 0 255 88 136 0 255 0
    0 0 255 255 13 255 0 0 0 0 225 0 0 0 0 0 0 255 255 255 0 142 0 255
    255 255 255 255 0 117 255 0 255 60 0 0 0 255 255 255 0 0 255 255 230
    0 0 0 255 255 0 0 0 255 255 255 0 89 0 255 0 0 88 0 255 255 255 26
    63 0 92 255 0 0 0 0 255 0 27 255 0 65 0 255 0 255 255 255 255 255 0
    0 16 0 25 0 255 0 0 0 0 255 242 255 0 255 240 0 0 0 168 255 50 0 0
    217 0 0 255 255 255 255 0 0 0 255 255 224 255 255 184 52 0 255 0 0 0
    255 0 255 255 255 0 0 0 0 0 241 255 255 255 0 0 0 255 0 0 0 255 0
    242 0 255 255 0 0 0 255 255 188 0 39 255 255 0 255 0 0 0 255 255 255
    0 203 0 255 0 255 0 0 189 255 255 34 255 0 255 255 0 0 0 255 255 255
    255 0 106 0 255 100 255 0 241 0 255 255 255 142 79 0 50 235 255 0
    255 255 203 255 55 0 0 0 0 0 255 130 255 255 87 0 172 0 255 255 153
    252 0 167 255 255 0 255 0 255 0 0 0 255 255 255 0 255 255 255 0 0
    174 189 255 0 255 255 255 255 255 0 93 255 0 255 0 255 0 255 0 255
    255 255 184 255 0 255 0 186 0 255 255 255 0 0 255 0 255 240 255 0
    255 229 255 255 133 0 84 255 255 255 0 0 255 255 0 255 100 255 0 0 0
    255 0 38 0 119 0 255 79 255 0 255 0 255 255 255 0 0 255 255 255 0 0
    125 255 0 0 119 255 255 0 0 0 0 255 255 255 24 255 255 0 255 0 0 255
    255 255 0 0 223 0 94 0 0 255 255 255 0 0 0 255 0 255 255 148 0 0 0 0
    255 0 255 61 255 67 255 131 255 0 0 7 0 0 255 255 96 155 0 0 0 0 255
    255 255 255 34 0 255 0 255 0 0 255 255 0 0 0 255 255 255 0 111 255 0
    64 255 51 0 0 0 255 255 255 247 0 19 0 3 255 255 211 0 0 0 100 255
    255 0 0 255 0 255 0 255 255 199 255 111 255 0 0 0 255 255 255 255 0
    0 0 255 255 0 255 0 0 255 255 98 0 255 255 0 0 120 255 255 170 255 0
    121 0 255 0 255 0 255 255 255 255 0 255 0 255 0 26 255 0 132 255 255
    206 0 255 255 255 0 0 0 255 255 255 255 245 0 255 255 255 0 0 255
    255 255 255 255 0 0 192 232 0 0 176 134 0 0 255 171 255 255 0 0 0
    178 106 0 255 89 84 0 255 0 0 51 255 255 0 0 0 255 0 0 96 255 255 0
    255 0 0 0 255 255 255 0 0 255 0 0 0 255 255 255 255 255 0 176 0 0 0
    0 0 235 196 0 0 217 0 0 0 4 0 141 0 60 255 255 0 0 221 124 255 0 0
    127 0 255 45 255 255 0 0 0 255 169 0 255 255 0 0 255 0 30 255 255 0
    0 161 0 0 255 255 0 109 255 139 0 0 255 255 255 116 255 255 33 0 147
    255 255 0 0 0 255 255 0 0 0 204 255 255 255 9 236 172 0 0 0 181 0
    255 255 255 255 149 0 0 255 36 93 0 255 0 0 255 255 255 0 255 99 0 0
    255 0 72 255 0 255 0 255 99 194 110 255 0 255 0 255 255 255 0 0 255
    255 255 0 255 0 82 0 255 29 255 255 243 255 0 255 223 0 255 24 255
    109 0 0 0 255 0 199 255 0 255 0 0 255 255 0 255 167 237 0 255 0 255
    0 248 255 0 227 0 255 255 0 0 0 255 255 255 255 255 102 198 0 105 0
    255 255 0 255 255 0 255 54 116 134 255 255 255 0 12 255 255 255 19 0
    0 0 255 0 210 0 255 255 255 255 0 182 0 56 255 255 0 255 255 39 255
    126 35 0 0 255 0 237 0 255 255 255 0 255 0 255 0 255 255 211 0 255
    171 3 29 255 205 255 155 207 0 82 0 255 255 255 255 255 0 0 0 0 245
    129 204 255 0 0 0 255 0 0 0 255 255 255 0 4 3 255 101 15 111 255 0 0
    255 255 0 0 0 255 0 255 0 255 255 13 0 255 0 255 0 43 0 255 101 255
    138 255 255 0 255 77 255 0 0 0 255 255 0 0 255 0 255 0 255 83 255
    255 0 0 0 199 255 255 0 0 0 255 0 0 91 0 255 255 208 255 104 255 0
    201 0 0 0 0 131 0 255 255 255 0 0 217 0 255 255 2 11 255 255 246 226
    255 158 96 0 255 0 7 0 0 255 255 40 0 255 220 76 68 120 0 0 0 145
    255 0 0 255 194 255 0 255 255 0 99 225 100 0 0 0 0 255 139 255 255
    24 0 0 0 255 255 255 0 241 0 255 0 255 0 255 0 255 0 0 255 255 255 0
    0 255 255 210 128 0 0 255 253 0 0 0 255 255 255 157 0 255 255 255 0
    0 0 255 255 100 0 0 226 255 255 255 0 0 255 255 255 255 255 0 0 0 0
    255 255 255 0 0 0 0 0 0 255 255 0 0 0 255 0 71 149 255 0 0 255 255
    160 216 255 219 0 0 0 0 205 128 0 0 255 121 0 0 255 255 251 255 0 0
    255 14 167 255 0 0 0 255 0 255 89 255 16 0 0 4 255 255 0 0 0 255 0
    255 0 255 57 255 255 0 0 162 255 132 0 0 0 164 0 189 255 255 0 0 0 0
    255 0 0 255 255 0 145 0 255 255 255 255 255 255 0 0 0 255 255 0 153
    222 255 226 0 0 164 0 255 0 255 255 255 0 0 255 98 255 0 0 170 0 215
    255 173 255 255 0 0 0 255 157 255 0 255 0 255 192 255 0 0 255 0 0
    255 0 255 0 255 0 181 0 0 255 255 255 102 255 255 0 0 0 255 7 255
    255 255 255 0 255 21 90 0 255 0 255 0 0 0 255 0 255 0 241 255 255 0
    0 190 255 0 0 67 10 139 194 92 0 255 151 255 255 0 164 0 255 36 199
    255 0 0 0 0 0 197 255 255 0 0 0 222 255 255 255 0 109 0 255 78 255
    135 255 0 255 0 255 255 255 255 157 255 255 255 0 255 0 118 0 237
    255 150 0 0 5 255 255 246 0 209 255 255 131 255 5 255 255 0 179 0
    255 0 255 0 255 0 255 255 255 255 41 0 255 0 0 0 255 255 0 0 0 255 0
    193 138 0 0 0 255 255 255 221 0 255 255 102 255 136 0 0 255 255 131
    255 21 255 0 0 0 0 0 0 255 255 255 2 255 0 255 0 255 0 0 0 255 255
    239 0 255 0 0 0 255 255 255 255 0 0 82 255 255 0 255 0 0 255 255 255
    0 69 5 255 255 237 0 252 255 255 194 255 0 0 0 255 0 0 255 0 255 255
    103 183 255 0 0 255 255 27 255 0 255 0 255 0 0 0 0 255 255 255 0 255
    255 196 0 73 253 0 0 255 255 132 47 255 255 255 117 0 0 255 0 255 0
    255 255 255 255 255 0 255 0 0 0 234 77 255 51 0 224 175 185 0 0 255
    0 255 4 0 0 213 0 0 188 255 246 183 183 255 97 0 0 240 255 0 3 0 255
    161 0 0 0 0 255 255 255 0 226 0 0 255 255 224 255 255 0 0 108 255
    255 255 55 255 0 0 0 0 0 0 255 255 255 255 0 0 0 255 0 0 161 127 65
    255 255 0 0 0 255 255 94 255 0 0 19 255 255 255 0 0 0 0 180 255 0 0
    0 255 255 86 0 235 17 0 255 0 0 255 255 255 0 0 201 255 255 0 255 0
    0 255 157 255 255 0 150 255 34 0 128 0 255 211 255 0 0 255 0 0 255 0
    255 131 255 0 0 0 61 255 0 133 0 255 158 0 81 0 0 55 0 255 0 0 255
    255 0 0 0 255 255 255 0 255 3 255 255 255 255 255 255 0 0 0 76 0 255
    7 0 0 0 255 255 221 255 255 0 0 0 255 64 255 0 0 0 255 189 255 0 0 0
    255 201 0 0 0 22 68 0 101 0 201 0 255 240 151 32 0 0 0 255 0 0 159 0
    255 255 255 0 0 0 255 118 129 255 255 0 255 255 255 0 0 67 0 255 0
    255 0 255 255 0 0 0 0 112 0 255 255 0 255 255 85 0 255 255 0 227 0
    255 36 0 0 255 0 255 255 0 6 0 255 255 255 68 0 0 0 152 0 0 255 255
    255 0 0 0 255 255 255 215 0 0 0 255 255 0 0 35 222 250 124 255 255 0
    0 0 255 0 255 0 88 255 92 0 12 100 0 0 255 160 0 117 255 0 144 0 255
    0 0 0 255 255 0 255 30 0 255 255 0 0 64 255 0 186 255 198 0 255 0
    147 0 255 168 255 0 71 251 255 0 255 255 255 0 0 54 46 255 255 255
    255 0 0 255 255 0 255 0 255 255 255 0 255 255 255 149 128 255 255
    255 23 49 255 255 0 119 255 255 0 255 255 255 0 9 255 255 0 0 0 0
    255 255 255 214 213 0 255 0 255 255 0 0 255 255 0 255 0 185 40 255 0
    214 0 255 0 87 0 255 144 0 0 0 0 255 255 110 29 185 0 255 0 133 94
    43 0 255 0 255 117 0 0 255 0 0 0 0 0 255 255 255 0 31 255 0 255 255
    255 0 0 255 0 255 0 80 197 255 64 0 0 255 255 255 255 255 38 0 0 255
    255 255 255 255 255 0 0 228 255 127 0 255 255 255 255 0 255 0 255 0
    175 0 0 0 0 255 255 255 0 0 255 0 255 0 255 0 0 0 0 255 255 255 0 0
    0 255 96 189 0 255 0 0 0 0 77 0 230 0 0 255 255 255 0 255 0 141 0 10
    0 43 0 255 0 208 255 0 0 199 71 0 255 107 255 0 0 0 187 255 255 255
    0 255 0 207 0 0 255 255 255 255 255 97 0 0 255 140 255 255 255 255
    15 241 0 252 0 255 255 0 0 0 255 255 0 0 255 255 0 0 255 0 111 187
    255 255 0 255 19 255 0 0 0 0 255 178 0 0 255 255 255 67 0 0 0 255
    255 41 0 255 255 255 0 0 239 0 0 0 255 131 0 226 255 0 255 0 255 0
    255 255 255 0 233 0 88 255 0 0 38 130 255 255 252 0 0 255 255 0 0 0
    3 255 255 0 0 0 255 196 0 0 0 255 255 255 255 0 246 0 0 0 255 255
    255 0 0 0 0 255 0 0 255 122 255 159 0 255 255 0 255 0 255 0 70 0 255
    255 255 219 255 0 255 255 0 0 49 0 255 96 255 85 0 0 0 255 0 255 255
    255 255 255 255 255 48 0 0 0 255 157 0 255 255 179 0 40 0 190 255
    255 255 0 255 0 255 0 53 255 24 255 0 255 255 27 255 255 255 0 0 0
    255 0 0 255 255 255 255 255 255 0 255 0 255 0 255 0 255 0 255 0 0
    255 52 255 0 255 112 255 255 0 0 0 0 0 255 249 255 0 0 0 8 251 0 129
    0 0 0 255 255 0 77 255 231 240 0 0 172 255 255 32 0 0 255 255 255 0
    0 0 225 255 0 0 0 0 255 0 0 255 255 255 255 0 0 0 255 255 0 0 255 0
    0 4 0 255 0 0 0 255 255 0 0 0 255 255 255 106 0 255 83 255 228 168 0
    255 255 255 0 0 0 255 255 0 255 0 255 0 0 192 255 255 255 255 0 0 0
    255 255 255 195 255 255 255 0 119 7 0 255 0 255 0 255 0 255 0 255
    255 200 0 0 255 255 255 255 0 255 255 255 0 0 138 255 255 246 0 0
    255 255 255 0 0 0 255 255 0 255 255 255 255 255 255 0 0 0 0 0 234
    255 255 0 0 151 255 57 255 0 0 255 0 0 42 255 255 0 0 105 55 0 255
    255 231 0 0 255 255 50 0 255 255 0 255 255 0 255 0 255 0 0 232 255
    255 255 255 175 92 0 164 173 255 255 255 0 31 0 255 88 255 0 255 0
    255 255 255 41 255 255 255 0 0 255 255 255 255 255 0 0 255 53 76 0
    255 255 0 0 0 44 255 6 0 255 168 0 255 0 255 255 250 255 0 0 255 255
    0 32 0 150 255 255 255 0 0 255 255 255 0 0 162 156 255 0 0 91 67 67
    255 0 255 0 0 0 173 255 255 132 255 204 0 0 255 255 0 255 0 81 0 130
    255 0 174 0 0 255 255 0 255 156 255 0 0 0 0 255 255 128 0 121 255 0
    133 0 241 255 231 0 255 255 0 0 0 0 129 0 0 0 0 255 255 255 30 255 0
    0 0 181 255 0 255 255 255 159 0 236 255 255 255 56 0 255 204 255 255
    0 103 255 0 32 255 255 162 198 0 0 255 212 255 0 255 0 255 255 255 0
    255 0 255 0 255 0 255 255 255 0 30 255 214 0 0 0 255 0 255 0 255 255
    93 53 255 255 0 73 0 1 0 255 255 0 255 0 166 0 255 151 196 255 0 255
    0 168 0 255 255 0 255 255 255 255 255 255 0 0 255 255 69 0 255 0 255
    0 255 0 255 0 0 0 0 255 255 0 0 255 231 0 0 255 255 181 0 85 255 0 0
    255 255 255 0 255 0 255 0 0 0 255 255 255 255 173 255 0 255 255 59 0
    0 255 255 255 255 0 255 255 255 0 0 0 0 255 0 0 187 145 148 255 0
    127 0 19 255 255 0 0 0 90 255 72 79 0 255 226 0 180 255 255 104 0
    255 94 119 0 255 0 255 0 255 29 141 146 191 255 0 0 255 255 189 0
    255 0 0 255 255 19 0 0 255 255 255 0 0 255 255 4 0 59 0 255 255 255
    0 0 255 0 0 255 0 90 0 255 255 255 0 255 0 255 255 30 0 255 0 255 0
    140 0 90 0 255 255 255 84 255 255 255 0 255 195 255 255 71 255 0 255
    7 255 0 0 64 255 255 203 142 0 0 0 0 0 0 255 255 255 255 0 255 166 0
    0 0 255 0 0 41 151 196 0 255 0 0 0 0 255 0 139 0 205 0 0 255 148 0
    255 255 255 0 0 255 21 255 0 255 245 35 0 0 255 56 201 39 122 255 0
    0 0 255 0 240 0 204 255 255 255 245 255 0 255 231 255 0 0 255 255 0
    0 0 0 255 0 0 0 114 124 0 255 0 255 255 0 233 0 255 0 0 12 255 0 221
    0 255 255 255 247 0 255 255 255 255 0 0 0 255 255 255 255 0 0 15 255
    255 0 0 255 255 0 255 255 196 51 0 255 255 255 255 37 0 69 147 0 199
    255 255 0 255 0 0 7 255 255 0 128 255 255 255 255 154 255 255 255 0
    255 90 50 0 0 0 255 255 105 0 0 0 255 0 255 255 255 255 0 0 109 0 0
    191 193 190 255 0 233 84 255 135 0 0 0 0 255 40 0 255 0 255 0 0 0 0
    255 0 255 255 255 0 0 0 255 255 255 255 0 160 255 255 0 0 0 255 0 0
    0 52 0 0 240 255 0 0 0 255 255 0 0 0 255 255 0 0 44 0 255 42 255 22
    0 0 0 255 0 79 0 255 0 255 138 255 255 255 0 0 255 255 255 40 0 0
    134 255 255 13 255 0 0 255 255 0 255 255 0 0 0 255 106 0 199 255 255
    27 101 255 255 0 114 0 184 104 255 255 255 255 255 255 255 255 0 0 0
    0 255 0 0 0 0 255 23 255 46 255 0 255 0 255 0 181 255 0 255 255 255
    255 0 255 0 255 0 0 255 0 0 89 255 0 0 141 0 255 0 255 0 92 0 0 0 0
    255 0 0 0 189 0 0 0 0 0 255 151 100 0 255 255 104 0 139 255 255 249
    0 0 0 0 255 255 0 0 255 255 255 0 255 0 255 255 255 255 255 255 255
    0 0 255 255 0 0 228 0 255 0 255 255 255 132 0 0 0 0 0 255 194 0 255
    255 255 0 0 255 255 255 255 0 0 0 0 255 255 55 0 0 0 0 0 0 0 0 255
    255 255 0 0 0 255 128 0 255 0 255 255 255 252 0 255 36 255 255 0 102
    0 255 99 255 0 0 0 255 245 152 1 0 255 255 0 0 229 0 255 255 25 0 0
    255 0 255 255 167 255 255 0 0 255 158 255 83 61 0 255 0 0 255 56 255
    0 0 255 255 255 0 76 47 255 103 0 0 255 255 52 42 118 0 0 255 188
    255 0 0 82 255 132 255 255 255 0 255 0 0 255 49 52 0 0 158 225 255 0
    255 67 255 150 0 255 195 40 174 0 0 0 255 255 0 0 0 255 0 255 141
    255 255 0 0 203 255 255 255 0 0 255 0 0 255 255 255 0 109 0 255 0
    255 255 255 0 0 0 255 255 0 255 255 255 0 0 0 255 0 0 255 255 0 0
    236 102 255 0 0 0 0 255 0 163 255 0 0 0 255 255 255 255 209 0 0 0 0
    255 17 0 0 0 255 160 255 255 255 255 31 208 0 255 17 0 0 0 118 27
    232 255 255 0 0 0 255 255 255 255 140 0 34 255 0 255 0 54 0 255 33
    116 255 0 0 255 155 255 0 0 255 161 0 0 155 255 255 0 190 0 0 0 255
    255 212 255 140 0 0 21 0 255 255 255 0 0 0 0 0 255 255 255 53 193 0
    0 0 255 20 255 0 255 15 0 0 0 255 0 112 0 0 255 255 255 0 0 0 255
    255 106 0 0 0 255 255 255 81 255 255 3 0 0 46 255 255 0 255 153 255
    0 166 255 114 0 255 0 255 255 255 255 255 255 0 0 0 0 255 80 255 0
    255 0 0 0 0 0 255 39 255 0 0 17 0 255 255 89 255 255 9 0 255 0 134 0
    0 0 0 0 255 63 0 0 255 157 92 0 203 110 0 255 255 166 162 0 255 0
    126 0 53 255 255 0 0 0 255 255 239 0 255 0 255 86 255 0 115 0 211 95
    0 255 0 27 255 255 0 0 107 255 255 255 255 0 0 0 0 255 0 111 0 255 0
    95 0 0 255 0 0 255 0 255 0 255 147 71 255 0 255 137 0 255 139 255 0
    255 255 255 239 48 0 14 0 255 255 255 0 0 0 233 255 89 0 0 128 0 0
    255 31 63 142 0 0 0 0 255 0 255 0 237 255 255 255 237 255 178 255
    255 255 255 0 97 0 255 255 255 0 0 0 255 26 0 10 0 255 215 224 255
    255 255 0 255 0 0 59 0 255 255 0 0 0 255 135 202 186 255 60 0 254
    255 255 141 255 0 0 171 0 255 47 171 0 255 191 255 0 0 197 255 255
    243 0 255 0 232 61 0 234 0 0 255 255 255 0 255 42 255 0 0 198 255 0
    231 0 255 0 255 0 255 0 183 0 203 255 0 0 0 255 27 255 141 255 0 0 0
    255 0 0 160 0 255 0 255 0 207 255 234 255 0 0 0 255 255 255 0 0 156
    255 255 0 255 0 200 255 255 255 79 0 0 255 255 0 0 255 190 171 230
    255 106 0 0 0 28 9 0 148 0 0 0 163 0 0 215 43 0 0 255 255 255 255 0
    255 251 0 0 0 255 255 170 255 255 211 255 103 255 0 131 255 0 0 0
    255 255 75 255 0 255 255 255 0 255 0 0 0 255 255 15 0 0 17 255 255
    46 255 0 0 0 255 0 255 0 255 255 69 0 0 255 255 0 0 189 255 0 255
    255 0 0 255 255 0 115 0 0 0 255 0 255 0 255 0 227 255 255 255 255
    255 0 255 255 255 4 0 255 255 0 0 0 111 0 255 0 241 0 0 0 0 255 255
    0 255 0 255 255 0 0 19 255 0 0 255 255 255 0 247 191 255 0 255 255
    189 172 0 0 255 0 255 255 255 0 0 255 0 0 0 0 0 0 249 255 255 0 84
    57 255 255 255 255 0 0 0 0 255 83 0 0 255 0 255 0 0 24 255 255 255 0
    0 0 0 255 0 255 202 255 0 0 0 0 0 0 255 255 252 141 255 0 182 133
    255 255 0 255 0 165 0 255 255 0 0 0 255 255 140 246 206 255 255 214
    89 255 255 0 0 0 0 255 255 255 175 0 0 255 55 0 73 0 255 178 240 0 0
    255 0 0 0 255 255 0 0 0 255 255 205 0 0 0 255 255 255 15 0 0 255 222
    255 0 0 0 255 255 0 255 0 2 187 0 211 0 255 0 255 157 0 55 255 9 0 0
    0 20 255 0 255 255 207 74 166 255 155 255 0 160 0 255 255 83 169 0
    255 140 255 0 255 0 255 250 230 255 0 0 63 237 255 255 125 220 0 255
    0 255 255 255 0 0 242 0 255 0 0 0 255 0 0 148 255 255 255 255 250
    255 255 0 49 0 0 0 255 255 255 255 98 255 0 106 0 255 206 255 0 255
    0 0 0 255 255 255 255 0 239 0 255 0 255 0 255 0 0 0 0 255 255 255
    255 0 227 0 255 255 255 0 0 255 0 193 249 0 45 255 255 255 231 255
    255 0 52 255 0 80 0 0 0 0 255 255 255 0 44 29 255 0 0 255 21 255 0
    255 255 0 0 255 0 255 0 255 255 255 0 255 255 0 0 255 255 0 164 0
    255 255 255 0 255 0 128 255 6 255 255 255 255 255 0 226 255 255 0 0
    0 255 0 255 255 255 255 0 0 255 0 0 120 255 255 0 255 250 255 0 224
    0 255 244 0 0 105 255 255 202 8 255 0 255 255 255 255 255 0 0 0 255
    169 255 0 255 0 255 255 255 0 24 210 153 0 255 255 45 0 255 0 255 0
    161 171 0 0 255 0 229 0 255 72 255 0 0 0 0 255 0 255 169 255 0 0 0
    255 255 83 0 0 0 255 255 255 0 0 0 0 255 255 0 255 255 0 0 0 255 0
    255 255 0 255 0 171 255 255 0 0 255 255 200 0 0 255 0 0 38 255 0 0
    255 199 255 21 35 0 255 255 0 0 27 0 255 255 89 131 247 248 0 0 0
    255 255 255 255 0 0 0 13 139 0 255 0 255 0 255 0 255 0 255 0 255 125
    255 0 255 255 255 255 144 0 0 0 255 255 255 255 0 255 0 255 255 0
    159 0 255 255 0 146 137 255 255 255 0 96 0 0 213 252 255 0 255 0 255
    255 168 255 255 0 0 0 211 255 239 0 0 255 0 255 255 255 255 0 0 0
    255 0 184 0 255 0 255 255 205 0 124 255 255 255 234 0 255 0 255 0
    255 0 255 0 255 222 0 255 34 255 0 255 0 255 0 255 255 255 255 0 255
    25 0 255 255 66 0 255 255 0 0 197 255 32 0 0 255 255 0 0 255 255 0
    72 24 255 0 0 0 0 175 255 89 0 239 0 255 255 255 0 0 231 255 255 255
    161 255 0 255 42 255 255 0 255 255 255 0 0 0 255 255 255 255 255 178
    255 255 255 0 0 56 255 0 0 0 255 0 0 0 106 0 255 0 255 148 220 0 0
    255 139 255 255 255 0 0 128 255 0 0 255 255 255 255 152 255 0 0 255
    255 135 148 157 0 255 0 255 190 0 0 255 255 255 147 0 72 255 0 255
    225 255 255 255 255 0 255 0 0 221 255 255 0 48 0 209 98 0 0 0 255 30
    0 255 255 255 227 255 255 255 255 255 86 107 0 0 0 0 0 0 67 0 255 83
    255 0 0 175 255 255 255 141 100 0 31 255 121 128 255 255 169 0 255
    255 255 0 0 255 255 95 255 0 0 0 255 255 0 40 245 255 73 255 255 243
    0 124 202 255 255 255 8 0 0 85 0 255 128 0 0 255 84 0 0 249 0 0 0
    255 148 255 0 255 0 0 0 255 255 103 0 86 255 255 255 255 195 69 0
    255 255 255 255 255 0 0 255 0 0 255 0 74 0 255 114 0 0 134 255 255
    171 55 0 59 83 211 255 255 255 0 255 0 255 0 0 255 0 255 255 255 47
    0 0 255 255 0 30 0 255 0 255 0 0 0 255 103 0 172 0 255 0 0 0 240 255
    62 0 0 53 0 255 125 255 255 255 255 0 0 85 255 127 196 0 0 255 255
    255 0 148 0 0 86 255 255 255 255 0 0 0 255 75 255 0 0 129 255 255
    255 142 0 0 0 103 179 27 255 255 0 0 255 0 248 0 47 0 0 255 0 0 27
    181 255 255 0 255 0 255 109 255 0 255 0 53 255 67 255 255 255 0 0 26
    0 0 106 0 148 246 255 0 255 255 4 255 53 0 0 0 255 255 255 0 0 0 255
    255 255 255 140 0 255 149 255 0 136 255 255 255 0 255 102 255 0 255
    0 0 0 255 255 255 0 148 255 255 0 0 0 255 0 255 255 255 0 0 198 255
    62 255 118 0 255 0 255 0 0 255 0 155 0 0 0 190 26 59 0 255 255 255 0
    255 0 0 255 0 255 255 0 255 255 0 255 0 255 0 0 255 21 0 255 229 255
    255 255 0 153 0 255 172 0 230 0 0 0 0 148 255 0 255 0 50 0 255 142
    255 0 0 255 255 255 255 0 0 149 0 255 217 255 255 255 82 0 0 255 0 0
    0 255 255 255 0 255 0 255 0 255 0 255 0 0 45 255 0 255 0 255 0 255
    255 2 0 10 0 0 0 255 255 0 0 0 255 172 255 0 187 51 255 0 255 255 0
    238 211 0 0 0 0 255 0 255 0 255 255 255 255 98 124 27 255 234 0 0
    255 0 0 0 0 255 188 255 0 0 0 0 206 0 1 0 255 0 255 84 255 255 255 0
    201 0 255 67 0 0 255 0 0 255 0 10 255 0 0 0 105 255 0 63 0 0 255 255
    255 255 44 255 255 0 79 0 255 255 0 255 0 255 0 0 255 0 255 30 255
    255 104 0 113 255 255 255 154 0 255 0 0 0 0 85 0 255 0 255 255 255
    240 0 255 255 255 255 0 255 0 0 200 0 126 255 255 255 0 0 63 0 43
    255 255 255 217 58 255 255 255 255 0 202 0 255 0 0 0 255 255 255 0
    255 255 255 6 254 0 107 0 255 0 255 0 76 0 0 0 255 255 255 0 0 255
    163 173 255 0 185 0 255 0 0 0 255 255 255 189 76 0 255 255 255 255 0
    255 0 0 255 24 0 0 0 255 255 255 0 0 0 255 184 0 216 0 184 86 0 0 0
    255 0 255 0 0 0 255 0 255 236 0 246 127 0 0 0 255 0 255 0 255 255
    161 255 255 166 2 0 0 0 0 255 5 255 0 0 0 255 255 0 56 0 255 0 0 0
    141 118 255 255 255 229 0 168 255 0 173 0 93 20 0 214 255 0 0 137
    162 255 27 0 255 0 255 0 0 255 255 255 0 0 0 0 0 212 255 246 255 255
    0 0 255 255 0 255 0 0 0 255 255 0 0 0 255 0 212 0 255 255 0 255 255
    204 0 141 255 198 0 195 0 255 68 0 0 255 255 255 0 0 0 255 0 255 255
    200 245 0 0 255 255 0 0 255 255 0 94 255 255 0 255 255 255 0 0 0 0
    67 255 255 255 255 0 0 255 0 255 255 255 0 0 0 255 0 255 98 255 0 0
    0 255 255 255 0 0 255 255 0 129 0 255 0 255 0 10 0 255 0 0 230 255
    255 0 255 129 255 255 168 0 255 255 0 0 0 255 255 255 0 0 0 0 0 255
    0 255 0 255 247 208 0 194 255 115 255 0 255 255 0 0 0 0 0 255 244
    255 0 0 0 255 24 255 0 255 0 255 109 168 132 0 0 255 0 255 255 255
    215 123 0 255 0 245 255 255 255 0 255 255 255 134 0 0 0 255 0 255 34
    0 0 112 255 255 0 255 0 255 6 255 255 67 0 255 0 0 255 255 255 0 255
    0 255 255 0 255 129 210 0 183 0 255 0 8 0 84 149 0 255 255 214 0 122
    255 18 191 0 0 0 0 62 138 255 0 255 0 255 194 15 255 254 129 0 0 255
    255 255 0 119 0 255 0 255 0 133 0 0 0 255 255 0 255 0 255 255 0 255
    0 0 255 0 0 239 255 255 139 255 255 0 0 0 119 255 255 0 41 46 255
    255 154 255 0 255 0 255 255 4 0 0 187 0 255 255 0 231 255 255 68 0
    255 255 0 0 255 255 0 0 126 0 0 255 255 136 0 0 0 255 255 255 0 255
    0 255 93 242 0 22 255 0 0 255 91 0 0 255 255 28 40 255 255 0 0 0 255
    0 255 0 0 32 0 0 0 45 255 255 54 255 0 255 0 0 0 255 255 255 0 255 0
    0 162 0 255 255 149 0 223 255 0 40 0 255 255 255 12 0 255 0 255 0
    255 197 0 0 242 255 0 49 255 255 0 0 255 255 255 0 255 145 0 255 255
    255 0 1 231 134 45 0 255 0 0 255 255 255 0 0 0 249 255 255 255 255 0
    255 255 0 0 255 255 24 0 0 255 255 193 0 0 255 48 0 126 250 0 255
    255 0 0 255 255 0 98 252 143 255 0 0 255 0 0 255 255 255 0 80 0 255
    255 185 0 45 255 255 59 0 32 0 255 255 255 0 3 0 0 0 255 0 255 59
    255 0 255 88 0 94 92 255 61 255 0 255 0 255 0 255 0 169 0 245 0 255
    210 69 255 0 255 0 13 255 0 0 38 195 0 0 0 255 255 255 0 0 0 168 255
    255 255 234 0 41 0 255 255 0 214 0 255 255 255 255 0 0 0 255 255 255
    55 255 210 15 149 205 0 0 24 255 0 66 255 255 255 255 0 201 255 0
    212 176 123 255 121 242 0 255 0 153 255 0 255 0 12 0 0 255 255 0 206
    0 255 0 255 230 255 0 0 0 251 255 255 255 220 238 244 0 0 0 0 0 0 99
    0 255 3 0 63 0 0 0 255 255 255 0 199 28 255 255 255 255 255 255 1
    191 0 0 61 0 255 255 0 0 6 255 106 255 255 255 182 255 0 172 251 255
    255 255 0 255 0 255 0 0 0 174 255 255 0 0 0 255 255 35 0 0 0 255 0
    86 0 0 105 255 255 16 255 0 255 255 0 0 66 255 0 255 0 0 0 171 255
    255 0 255 0 142 58 255 2 0 0 255 0 159 255 91 255 0 229 255 223 131
    0 255 0 255 172 255 255 255 0 0 47 0 255 0 0 206 0 255 0 255 0 0 0
    255 255 0 0 0 0 0 253 77 0 0 201 255 255 255 255 202 255 0 255 0 156
    255 255 0 0 122 228 0 0 255 0 108 0 0 0 0 0 255 44 0 0 255 255 0 0
    255 255 255 0 255 0 251 0 0 255 0 0 255 0 0 0 255 255 0 255 0 255
    146 22 0 255 255 0 203 0 18 73 255 255 255 153 255 0 0 0 255 255 255
    23 255 0 255 17 255 0 0 0 28 255 255 24 0 0 179 255 255 0 0 0 255
    255 0 255 0 167 255 252 0 0 0 255 0 0 255 0 0 255 255 130 255 255
    255 255 0 0 0 139 0 0 0 0 255 255 255 0 255 0 255 0 255 59 76 121 83
    0 0 0 255 0 255 255 210 227 193 96 0 0 250 0 0 204 255 255 0 0 255
    255 255 0 255 107 0 0 255 134 0 255 255 0 0 0 0 255 255 0 0 92 255 0
    103 34 215 0 216 218 255 0 0 0 255 0 255 0 255 0 255 255 0 39 0 255
    255 0 0 147 255 255 255 255 255 0 0 0 0 0 0 255 255 255 255 0 0 0
    255 165 0 255 255 10 255 167 0 0 0 61 255 0 60 0 0 0 255 0 255 255
    255 255 255 255 255 129 0 0 255 255 255 0 0 255 255 255 191 0 255
    255 0 0 0 0 0 255 255 255 255 0 91 0 255 255 0 0 0 255 255 0 255 248
    255 125 0 0 0 0 255 255 0 0 255 255 0 0 255 255 255 0 0 255 255 255
    0 255 0 202 0 255 152 255 255 0 0 0 255 255 0 255 0 255 0 255 234 0
    0 68 255 71 255 120 132 255 255 255 0 0 255 255 255 241 0 0 255 96
    255 0 251 255 0 0 0 5 255 83 183 255 255 255 156 145 0 255 0 0 0 0
    97 0 255 255 0 255 0 255 255 255 170 255 0 0 0 255 255 255 0 204 255
    255 255 0 0 160 214 255 255 87 0 96 0 255 42 255 255 0 120 255 213
    255 0 67 0 0 12 255 255 0 0 255 0 0 0 139 255 197 254 0 181 255 0
    255 145 138 0 55 255 255 89 255 79 0 95 255 115 0 0 0 255 255 255
    255 0 255 48 0 77 0 255 0 255 0 148 255 255 140 0 255 30 0 0 0 255 0
    255 255 22 0 47 255 38 151 0 244 0 154 0 255 255 0 246 255 157 255 0
    255 255 0 0 255 255 217 255 255 0 80 37 255 50 207 255 255 255 0 0 0
    255 255 255 0 0 0 186 255 0 255 7 139 255 255 0 0 147 255 255 0 255
    0 35 0 135 255 255 255 255 0 0 0 65 0 255 137 255 0 237 255 0 104
    182 255 255 0 255 255 0 0 0 255 0 255 0 255 0 255 0 0 255 255 255 0
    0 0 255 0 88 0 255 255 140 0 0 0 255 0 255 0 255 83 0 255 255 0 0 0
    142 0 139 255 255 255 255 0 235 0 255 176 255 255 0 0 78 255 0 0 0 0
    0 255 0 255 0 0 47 0 255 38 255 0 0 0 0 124 169 245 0 16 0 101 75 0
    255 0 255 0 255 0 0 217 0 214 255 255 0 139 238 231 255 123 0 255
    255 255 0 255 255 0 255 0 0 255 0 255 0 255 255 0 0 12 255 209 0 0
    255 0 255 255 255 0 0 126 255 255 255 0 164 0 255 34 0 210 0 0 255
    255 255 16 0 0 255 255 175 0 0 0 0 0 255 255 0 0 255 255 181 0 10 90
    135 72 255 246 255 255 0 124 255 0 0 0 255 255 0 255 191 255 0 164 0
    255 0 0 0 255 255 0 0 0 255 255 255 188 0 6 0 0 255 255 59 24 255
    255 255 0 0 144 0 255 255 67 0 0 255 232 255 0 255 0 109 0 0 255 0
    120 0 255 255 0 0 255 255 255 255 0 255 0 110 0 255 255 255 0 0 0 0
    255 48 255 0 255 0 54 255 219 255 0 0 255 0 255 0 255 58 255 0 0 255
    0 255 0 255 255 255 0 0 0 255 98 15 235 0 0 255 0 120 0 255 227 252
    131 49 0 0 0 0 255 255 255 122 0 255 0 255 0 255 255 0 0 255 214 0
    255 255 255 255 0 255 0 255 0 255 0 0 218 0 255 224 0 145 52 255 255
    0 0 0 255 0 255 255 255 0 5 255 255 255 0 0 0 255 0 255 0 255 15 29
    255 0 255 255 255 25 98 0 0 180 255 183 255 255 0 0 255 255 108 27
    255 255 0 0 0 255 255 196 255 255 237 0 0 113 0 187 0 87 255 0 199 0
    111 255 255 255 255 255 0 0 255 255 0 165 0 255 245 255 157 145 0 0
    0 255 235 249 255 255 0 255 0 255 0 116 0 0 9 255 255 114 255 0 0 0
    0 0 255 255 255 0 17 0 0 0 0 255 0 255 255 0 255 96 255 0 0 137 255
    179 183 0 0 255 0 0 0 0 255 255 255 0 0 255 95 0 0 255 125 255 0 255
    255 255 0 0 255 255 6 0 0 0 0 83 0 255 0 255 0 255 0 255 40 52 255
    202 0 255 255 255 0 0 255 255 0 255 128 0 0 255 0 255 255 242 255
    215 0 0 0 255 0 255 255 0 255 127 255 243 255 0 255 255 255 0 187 0
    255 255 255 255 0 0 132 237 255 234 255 0 255 208 255 0 77 178 0 0 0
    255 255 255 0 255 0 255 255 0 213 0 255 197 0 255 255 0 255 0 0 0
    255 0 69 0 255 0 0 255 255 117 255 175 255 255 255 240 255 255 0 0 0
    255 0 255 67 0 255 255 255 195 0 0 0 255 0 255 252 255 0 255 255 255
    130 209 0 255 187 255 0 0 0 0 0 146 0 0 255 31 255 219 255 0 0 0 192
    0 0 255 255 255 255 255 0 255 0 255 0 255 0 255 0 255 109 255 0 0 36
    0 255 255 0 0 0 255 0 0 52 255 0 0 0 0 67 0 0 126 0 0 0 0 185 255
    137 255 255 0 35 255 255 255 0 255 255 255 0 98 255 0 0 137 255 0
    255 200 255 0 0 0 143 0 255 0 255 0 255 255 0 87 36 0 219 233 255 0
    27 255 189 255 0 238 0 0 0 255 255 255 0 0 246 0 223 0 246 0 255 0 0
    0 0 255 255 255 0 241 255 255 0 0 0 0 255 0 255 0 178 0 0 173 255 0
    0 255 255 27 0 235 209 255 0 0 255 255 0 96 255 255 119 0 0 0 142 0
    255 57 216 0 255 255 0 255 3 0 255 255 255 0 0 0 90 0 255 0 182 0 17
    255 255 255 82 255 255 0 255 0 32 0 255 255 255 0 0 255 0 36 54 176
    255 0 0 0 255 255 0 255 114 166 0 255 0 0 0 0 0 0 46 255 0 255 82
    255 255 0 230 47 0 255 255 0 44 166 93 0 173 255 255 107 0 255 255
    255 0 0 0 255 0 255 255 255 255 147 255 201 0 0 255 147 255 255 0 0
    255 255 255 255 255 0 114 0 255 0 0 253 0 0 255 255 0 255 0 255 0
    255 0 166 0 255 255 255 0 0 0 0 255 0 0 0 0 0 232 255 217 255 184
    255 255 255 255 0 107 255 255 0 0 43 255 0 255 0 242 0 255 255 255 0
    0 255 255 255 0 0 255 255 255 0 0 0 239 0 0 127 255 138 0 0 0 255
    135 0 0 22 0 255 255 255 255 0 0 255 255 0 0 0 255 255 0 255 0 255 0
    255 0 255 255 255 70 255 0 24 255 34 255 255 0 248 255 255 0 255 148
    62 0 255 255 255 201 255 255 0 0 0 255 0 255 0 255 0 176 0 255 0 0
    255 255 255 142 0 0 255 0 255 0 255 0 0 255 255 255 0 0 0 20 255 36
    0 255 169 228 22 244 255 0 255 255 255 255 255 0 255 0 255 0 0 0 255
    0 255 113 0 0 0 255 192 255 255 123 0 255 255 255 0 255 0 139 61 65
    123 0 255 0 0 0 255 0 162 255 0 255 0 0 255 175 8 0 255 255 255 255
    255 0 0 255 0 255 255 60 169 0 255 0 255 209 255 0 255 114 255 255
    255 142 0 0 0 7 255 255 255 144 0 0 0 255 0 221 0 255 0 255 0 0 0 0
    255 0 0 255 255 255 255 253 255 0 255 255 0 0 0 255 255 0 0 0 255
    184 0 122 255 0 255 0 255 139 186 216 255 255 0 255 0 142 0 255 255
    255 0 255 0 255 0 255 111 255 0 255 0 255 255 255 0 255 0 255 255
    255 255 0 214 112 0 255 231 255 237 0 255 0 84 40 0 255 255 255 0 0
    0 255 255 255 80 61 0 255 0 0 0 0 255 255 0 0 0 255 81 210 255 0 255
    249 0 0 255 255 0 0 0 0 162 0 255 0 0 0 255 255 0 0 0 110 204 255 60
    0 0 49 218 255 196 255 0 0 255 255 255 0 255 0 229 255 255 0 231 255
    255 0 255 0 0 255 0 255 0 255 44 117 114 255 42 76 0 179 255 0 0 0
    194 255 0 255 0 96 0 255 208 255 0 0 9 255 0 0 1 255 0 0 0 255 255 0
    101 255 255 0 0 0 255 255 0 0 255 109 255 0 255 109 2 0 255 255 0 0
    145 255 0 0 0 255 0 57 0 255 0 255 161 0 0 71 0 255 255 255 228 0 0
    255 255 255 165 0 0 0 0 255 0 93 185 54 255 255 38 0 255 0 247 144
    255 255 255 255 0 0 0 9 255 0 156 200 0 231 255 0 255 0 255 255 0 0
    230 255 40 0 0 204 255 158 255 255 255 255 0 0 255 0 0 255 255 0 0 0
    255 255 0 0 18 255 175 0 255 0 0 0 255 203 55 0 255 255 0 0 255 255
    81 185 0 0 255 255 109 255 0 0 0 255 0 0 0 47 255 0 255 0 255 0 18
    255 206 255 0 255 255 0 0 0 255 255 0 0 0 255 255 255 0 0 0 9 0 0 0
    0 255 255 128 0 0 255 255 0 255 0 0 0 255 95 0 255 0 0 39 59 255 158
    30 0 255 255 0 150 0 54 22 217 0 0 191 255 255 255 0 0 0 255 15 197
    0 0 177 255 145 0 0 0 217 31 0 0 255 0 255 0 255 157 255 255 0 48
    168 0 0 0 0 0 255 255 0 0 0 255 255 255 81 219 255 245 255 17 0 0 0
    255 0 255 0 13 255 255 0 0 0 255 255 0 189 255 255 220 59 255 69 255
    0 106 0 0 0 255 255 97 211 0 0 255 253 255 0 0 255 0 0 255 255 255 0
    0 123 255 0 0 255 255 154 255 98 0 255 180 255 0 255 0 255 255 255 0
    255 0 0 0 0 60 0 255 255 255 255 0 40 0 0 0 0 0 255 255 255 0 175 84
    0 255 255 0 84 0 117 255 255 0 0 255 255 99 207 0 0 255 29 255 186
    255 255 255 0 0 253 255 0 255 0 255 0 255 131 255 255 0 161 255 149
    255 0 215 255 0 255 0 27 95 0 184 255 0 40 255 214 0 0 0 0 0 0 0 255
    255 0 0 0 219 255 0 214 0 255 112 255 0 255 255 0 0 149 255 0 255 54
    255 58 255 255 0 0 255 255 247 255 177 92 0 255 255 255 0 0 255 255
    255 0 0 255 255 255 246 0 0 255 255 0 0 226 0 226 255 0 0 0 255 190
    255 230 51 255 131 0 0 0 0 255 255 165 0 138 0 255 0 141 255 123 16
    0 255 255 23 0 255 255 255 0 159 23 255 0 255 0 163 0 0 255 0 0 0
    255 0 255 0 90 0 226 255 170 255 0 0 255 255 0 0 0 0 255 9 255 0 255
    255 117 0 255 7 255 0 150 0 255 228 0 255 255 0 0 62 255 255 168 0
    255 0 255 0 255 82 0 208 110 0 255 255 0 36 0 255 0 255 0 255 0 255
    255 0 0 0 255 255 255 0 0 0 255 148 255 137 142 255 255 0 0 0 255 0
    255 152 255 255 0 0 255 255 0 0 255 255 0 0 0 255 255 0 0 0 255 26
    255 79 229 150 0 255 0 0 0 0 0 118 255 255 255 255 0 255 178 255 0 0
    255 255 255 255 110 255 0 178 255 214 249 0 0 18 40 0 0 252 255 255
    255 7 0 0 69 255 0 0 255 40 109 0 255 0 0 0 255 64 46 0 255 255 95
    210 0 0 255 255 0 255 0 96 255 255 255 0 0 0 0 52 109 50 255 255 255
    0 109 0 255 255 175 0 0 255 0 0 255 0 0 255 255 0 0 0 255 255 255 0
    255 0 185 0 255 0 0 0 255 255 74 255 230 0 255 0 0 0 0 255 252 0 255
    0 255 0 255 0 0 0 0 255 0 0 125 255 255 0 120 0 255 215 255 0 255 0
    104 1 0 0 221 0 0 229 0 255 255 0 0 0 255 0 255 255 255 0 255 255
    255 255 255 232 0 0 255 255 255 255 0 0 0 0 255 255 255 0 255 0 0 0
    255 255 69 193 255 255 255 255 0 255 0 255 0 0 255 255 255 0 255 0
    255 0 255 237 54 255 73 204 0 57 0 77 0 72 255 0 0 0 255 255 255 0 0
    0 255 255 0 255 235 255 200 255 253 255 0 220 0 0 255 255 255 255 0
    0 0 232 255 0 255 255 178 0 255 221 255 233 162 255 0 255 0 255 255
    255 0 0 255 0 239 255 255 255 0 0 179 0 11 67 255 0 255 255 255 0 0
    0 136 0 128 0 255 255 228 0 0 255 255 0 152 0 255 255 255 0 255 0
    255 157 255 255 0 255 151 255 104 0 0 255 65 255 255 0 255 255 0 255
    0 255 255 255 255 255 0 0 0 255 255 255 0 255 0 0 0 255 255 70 44
    255 255 255 255 0 0 255 255 251 0 255 255 211 88 0 255 255 255 0 255
    0 255 7 0 0 90 255 255 0 255 0 255 255 255 28 255 0 0 237 255 0 0
    255 255 255 255 0 0 0 255 106 99 0 175 255 255 0 255 0 0 255 255 221
    255 0 167 0 0 255 0 255 0 0 153 255 255 0 255 255 0 0 0 0 163 129 0
    0 0 255 255 255 255 0 0 79 0 85 255 255 112 255 229 0 0 255 255 255
    60 0 255 149 0 0 255 255 255 255 0 0 0 0 224 255 255 255 82 0 0 0 0
    0 255 255 255 0 0 255 0 0 255 255 42 255 22 0 0 0 255 255 255 0 0 0
    255 0 16 255 255 0 0 255 0 87 0 255 0 0 64 0 255 255 255 255 0 0 0
    255 255 255 255 0 0 0 255 165 255 9 255 213 255 255 0 255 0 255 0
    255 0 91 255 255 0 0 22 255 255 140 255 0 0 255 255 255 0 0 12 255
    255 140 0 222 255 255 255 215 0 103 196 255 255 46 255 0 0 0 0 112
    223 0 206 255 0 0 255 0 255 255 255 255 0 234 38 174 0 255 255 70 0
    0 255 255 255 0 0 255 255 0 0 0 255 255 0 0 223 255 255 0 0 0 0 0
    255 255 255 0 0 255 255 255 255 255 0 0 10 0 0 255 255 255 196 0 0
    255 255 0 255 186 255 255 255 0 0 0 255 30 201 255 255 0 0 255 255 0
    0 0 255 0 107 0 78 169 0 0 86 255 0 2 255 233 0 95 0 254 152 255 0 0
    51 255 0 53 0 0 237 49 255 0 0 255 77 255 255 0 0 0 255 255 255 0
    247 255 255 96 0 0 175 255 255 255 35 255 0 0 0 4 0 175 0 132 114
    167 255 255 255 223 0 255 255 255 8 0 0 255 0 0 255 0 255 0 255 107
    0 0 0 0 255 255 255 0 237 0 0 255 255 255 13 0 255 0 90 255 255 0 0
    0 255 255 255 236 255 158 0 0 0 255 255 255 0 255 0 255 0 137 0 159
    45 255 0 221 0 254 0 255 0 189 0 72 56 255 255 0 255 0 255 115 162
    255 255 255 255 255 255 0 243 255 200 0 0 255 0 255 0 93 255 255 255
    255 84 255 0 255 0 255 0 80 255 255 0 30 255 0 0 68 34 0 255 255 255
    0 0 255 41 0 0 255 255 255 255 0 139 218 0 255 0 221 0 255 255 255
    255 0 255 0 255 0 131 0 14 66 0 255 0 255 0 255 0 255 255 255 0 253
    77 255 0 170 255 255 0 0 246 255 255 0 226 0 255 0 121 0 0 0 0 97
    255 255 0 255 255 82 52 255 247 255 0 0 255 43 0 0 255 255 136 221
    255 104 255 0 0 0 133 255 153 0 147 255 255 255 255 0 114 0 255 0 0
    0 227 84 255 0 255 255 0 255 0 255 0 0 0 184 45 0 255 0 255 255 0 0
    0 255 255 0 0 0 255 46 12 0 0 255 177 255 0 253 0 0 255 0 68 255 255
    0 255 255 0 255 0 0 227 0 255 0 255 0 255 0 255 0 78 0 255 255 0 255
    0 255 0 255 255 5 255 77 0 0 0 255 255 195 255 115 255 0 255 171 33
    255 174 0 0 179 0 255 0 0 0 255 0 0 0 255 0 229 0 0 0 76 255 255 255
    0 229 0 255 255 0 38 171 255 0 255 0 0 20 151 0 0 255 255 255 255 0
    217 0 255 255 52 0 255 255 0 0 0 162 255 255 0 159 0 255 0 255 0 255
    255 0 0 255 255 0 66 0 255 162 255 255 0 0 0 0 255 255 255 0 0 0 255
    66 0 0 0 170 255 0 255 215 147 0 0 255 255 255 255 0 0 136 255 0 0
    147 255 255 123 0 0 219 207 255 0 255 0 0 118 182 255 0 0 0 0 255
    255 255 0 255 255 255 0 255 86 255 0 0 255 255 0 0 69 95 255 255 0 0
    255 255 255 0 0 0 130 255 121 0 0 0 0 0 0 255 255 255 0 0 255 255 0
    0 0 255 255 255 183 0 0 0 255 14 0 0 164 255 147 255 0 255 169 0 0 0
    0 0 255 255 255 255 255 181 178 145 0 255 0 0 0 255 0 0 255 98 168 0
    0 0 0 255 0 255 0 0 0 255 0 52 255 214 255 255 255 0 0 0 255 255 0
    255 255 255 0 255 255 147 0 0 255 255 0 255 148 255 255 255 255 200
    0 0 156 0 0 255 255 255 248 0 65 0 255 0 0 0 255 0 0 0 255 255 0 0
    121 0 202 255 255 255 255 0 30 255 0 255 0 111 255 255 255 0 82 255
    255 255 255 0 0 255 255 255 0 0 0 192 255 0 255 255 0 0 0 255 255
    255 0 152 0 255 75 255 255 9 255 0 64 0 255 0 255 0 0 0 0 0 0 255
    237 255 0 0 197 255 255 255 70 125 0 255 0 255 0 21 0 0 255 0 255
    255 255 255 156 63 0 0 255 0 255 0 82 0 255 0 255 0 255 0 255 255
    255 0 0 255 255 255 116 255 0 126 0 255 0 51 255 255 0 0 255 44 32 0
    112 0 255 164 255 0 255 255 139 0 0 236 255 0 0 0 5 255 255 0 0 0
    255 163 255 0 0 255 0 63 240 255 0 0 0 255 197 255 0 0 0 255 0 0 101
    0 255 255 93 255 0 0 0 255 255 0 119 255 222 0 0 0 56 0 255 2 255
    255 255 0 0 0 0 159 255 0 0 0 255 255 43 219 0 0 209 50 255 0 255
    255 0 194 0 0 255 0 255 220 255 0 0 45 86 255 15 0 0 0 211 0 255 255
    255 133 231 0 0 0 120 0 255 20 0 0 0 255 255 0 0 0 255 97 255 0 0
    255 0 79 0 0 223 249 0 255 0 88 0 255 255 33 255 0 0 0 255 255 0 255
    255 11 7 0 255 0 0 255 255 255 0 91 0 255 255 255 0 0 236 0 255 255
    52 0 0 0 255 255 255 255 0 0 0 255 255 69 255 49 204 255 213 255 0
    47 0 0 255 0 255 255 255 25 0 0 255 255 255 60 0 0 255 124 255 147
    77 0 255 255 0 0 0 255 236 250 255 255 179 61 0 175 255 195 255 162
    255 0 255 0 224 255 72 255 0 0 0 255 255 255 255 0 255 0 255 255 0 0
    0 0 251 255 121 0 0 0 206 255 169 0 255 102 181 255 0 255 0 255 0
    255 46 96 0 255 255 14 255 114 255 0 0 255 0 255 255 0 227 255 255 0
    0 0 20 227 0 22 255 255 0 255 0 0 5 255 255 255 1 0 255 0 255 0 0
    255 255 255 255 221 136 164 0 0 0 0 183 165 255 255 255 0 146 0 0
    255 0 132 0 255 0 255 0 255 0 0 109 255 255 0 255 0 134 0 255 251 73
    255 0 0 255 0 255 0 255 202 192 0 255 255 0 0 255 0 0 163 116 0 255
    255 0 0 0 171 255 85 255 255 0 0 8 0 255 0 246 255 235 0 0 0 255 202
    255 71 0 255 255 255 255 255 255 180 255 0 255 0 255 0 255 255 255
    255 117 255 255 0 161 255 0 0 0 255 0 255 19 255 0 255 245 255 0 0 0
    255 255 255 255 0 0 255 244 115 0 255 255 0 0 0 255 255 255 255 0 0
    153 0 226 255 255 29 255 0 80 255 0 0 255 246 0 255 255 255 0 0 255
    255 254 255 22 0 255 255 255 49 0 0 255 0 47 0 0 255 242 255 255 255
    27 0 0 210 110 255 255 0 221 117 255 0 0 197 230 15 255 255 0 174
    255 255 79 0 255 255 255 0 255 255 255 251 255 0 255 0 0 0 255 255
    255 177 255 0 0 255 255 255 0 0 255 0 255 255 176 0 17 0 0 255 255 0
    255 0 255 0 0 0 255 255 255 0 3 0 0 0 255 255 0 0 0 0 0 0 255 255 76
    64 255 0 0 0 239 255 255 0 0 255 255 71 0 0 94 255 255 255 0 24 0
    255 255 255 0 0 0 255 41 0 0 255 255 255 0 0 0 0 0 255 160 250 14 57
    220 238 0 0 255 255 0 0 0 178 33 0 181 0 255 0 255 0 255 255 164 255
    255 0 255 0 255 0 0 0 255 0 13 255 255 255 255 255 0 0 0 255 0 107
    255 0 255 157 255 84 155 255 0 255 0 255 140 255 58 0 0 255 255 0 0
    0 255 255 255 0 0 0 0 0 0 72 0 0 67 255 255 255 255 0 0 0 255 255 93
    68 0 0 255 0 113 238 0 255 0 255 0 0 255 72 38 0 61 0 0 255 255 175
    0 0 167 0 15 0 125 0 0 255 255 255 0 77 0 219 255 16 176 191 255 0
    85 0 255 255 0 0 0 255 163 16 0 255 255 0 0 0 255 255 146 0 0 255
    255 0 255 47 2 255 176 0 0 106 0 0 0 0 31 255 255 255 0 0 188 255
    255 255 0 0 0 205 0 255 255 255 255 0 0 0 255 255 255 255 20 45 255
    255 255 255 52 255 255 251 158 0 255 255 255 254 255 0 48 0 176 0
    255 255 255 0 224 113 255 15 0 163 0 255 0 255 53 255 0 255 0 234 0
    255 204 255 134 255 0 0 0 0 0 0 255 255 134 255 50 255 0 255 148 255
    255 255 0 0 0 255 0 0 255 255 255 0 255 0 0 0 0 255 0 0 255 255 24
    255 0 255 255 0 255 255 255 0 0 54 255 0 255 255 14 0 0 0 176 255 0
    0 80 95 0 255 255 105 120 255 0 51 255 0 255 0 255 0 31 0 255 0 117
    86 175 168 41 76 255 0 196 255 255 0 0 255 255 0 114 0 255 255 255 0
    0 0 255 255 255 255 0 0 0 0 0 0 255 255 0 255 97 0 0 255 255 255 0 0
    255 255 255 255 0 0 0 255 255 205 0 255 189 0 0 255 98 0 0 255 0 255
    255 0 255 0 0 24 0 255 255 255 109 120 255 0 161 71 39 0 255 255 0
    255 255 255 0 0 0 255 255 241 0 0 255 255 255 0 255 42 217 255 255 0
    0 0 255 255 246 134 255 0 255 0 255 0 221 236 0 228 255 255 0 0 61
    122 0 255 0 255 0 255 192 152 192 255 0 0 75 0 0 255 255 255 255 0 0
    13 255 0 255 0 0 109 255 0 255 255 0 0 255 255 0 0 0 0 0 0 255 255
    99 0 255 255 30 219 0 174 214 172 255 0 255 255 0 0 255 0 255 4 0 0
    0 255 180 255 255 0 177 255 255 0 3 0 0 0 255 255 128 0 0 151 0 255
    0 255 0 0 255 250 17 255 255 0 0 240 255 255 255 119 255 0 255 0 255
    0 255 255 0 0 0 255 255 255 166 255 0 0 0 0 255 106 255 0 180 0 38 0
    0 0 255 255 55 0 0 255 255 255 0 0 0 255 255 255 0 255 0 255 0 0 255
    157 0 0 255 255 255 51 0 0 219 255 255 255 255 255 0 255 0 0 79 255
    0 255 0 255 255 0 0 0 3 255 255 255 255 255 255 196 0 255 0 0 255
    230 0 0 0 255 0 255 71 255 0 0 255 255 0 255 0 255 0 255 0 0 255 255
    255 255 255 255 255 0 0 193 0 0 221 0 0 0 255 255 255 0 255 0 255
    255 255 0 255 255 0 231 0 0 0 102 255 0 255 0 255 20 255 0 255 255
    208 110 255 209 0 0 255 0 255 0 255 0 0 0 0 255 255 255 255 0 255
    255 36 191 0 255 255 10 0 0 255 255 255 0 0 255 42 255 255 255 59
    255 0 255 255 255 0 0 0 0 118 255 0 0 0 255 255 255 0 0 255 255 0 0
    255 255 255 0 149 0 0 0 238 255 0 255 10 255 0 0 239 255 255 0 0 0
    27 255 255 0 255 0 255 255 255 255 0 0 0 0 255 0 255 181 0 0 0 255
    255 0 63 255 43 0 0 255 255 255 0 255 0 0 34 0 0 94 255 255 0 0 0 0
    255 0 255 0 0 0 255 255 0 227 255 0 0 0 255 255 255 173 0 0 26 255
    31 41 255 255 0 191 255 255 78 0 0 255 255 255 0 0 255 255 255 0 2
    255 48 52 179 100 0 0 0 255 0 0 255 234 255 0 0 255 255 0 255 0 56 0
    0 255 255 255 0 0 0 255 255 0 0 0 120 120 255 0 255 255 255 255 41 7
    255 0 255 0 225 0 227 162 100 255 255 236 255 0 0 0 0 66 174 255 255
    20 0 22 255 255 255 255 0 0 0 255 247 255 0 255 0 255 0 0 0 175 255
    15 255 0 255 153 0 255 187 33 0 227 255 255 161 0 0 0 0 255 0 255
    155 255 0 0 0 255 255 114 0 0 255 255 255 255 255 139 32 0 255 255
    255 255 0 255 0 255 0 255 0 255 0 255 0 0 0 255 255 255 172 12 0 0
    254 120 0 0 0 0 255 255 0 0 255 0 181 0 255 255 255 255 0 252 0 255
    255 255 0 255 255 255 0 169 255 0 0 227 255 0 255 83 0 255 0 109 0
    141 0 255 255 119 0 73 255 30 0 255 255 255 0 255 179 255 0 206 255
    189 0 0 0 0 33 146 255 25 243 116 0 0 0 70 255 255 255 145 0 0 255
    226 255 0 255 0 255 255 255 255 0 188 147 255 0 25 0 0 0 0 255 255 0
    202 0 255 255 255 0 0 255 0 255 0 255 255 255 0 255 255 212 0 255
    255 0 0 255 255 255 227 0 0 255 140 0 255 255 255 0 104 0 39 255 255
    255 255 0 0 0 255 255 255 0 0 0 192 255 255 255 255 0 255 255 0 0
    199 148 0 23 0 0 0 255 0 58 195 255 0 0 85 158 0 0 0 255 255 255 0 0
    255 255 255 0 192 255 255 255 0 0 0 60 255 255 255 0 0 255 0 0 255 0
    255 0 0 0 255 255 255 39 0 100 255 54 210 255 0 255 0 242 255 103
    255 0 0 255 242 255 255 0 255 211 255 255 255 255 0 0 255 0 255 187
    201 12 255 255 49 255 0 255 57 255 255 255 0 255 0 255 255 255 191
    255 0 122 255 255 255 0 255 0 255 0 136 255 67 255 255 0 43 255 255
    255 0 255 255 193 0 0 0 255 22 230 0 79 255 255 255 255 94 93 0 255
    0 0 72 255 0 0 247 255 255 73 217 51 0 136 0 255 0 255 84 255 255
    255 245 0 0 0 0 0 255 0 0 0 255 0 0 255 0 35 255 241 0 255 0 255 0
    178 0 0 255 0 17 0 0 255 255 0 0 66 227 255 255 0 0 255 0 255 0 0
    255 255 0 255 0 0 0 255 0 255 255 255 199 255 65 0 0 0 0 34 0 255 0
    255 0 255 255 0 255 255 255 0 0 0 255 74 255 41 0 0 255 255 0 247
    245 255 245 255 0 173 229 255 255 0 44 0 0 255 0 255 0 0 0 0 0 17
    255 0 234 0 255 255 255 0 255 5 255 0 255 0 0 107 183 245 255 0 0 0
    255 255 0 255 159 166 0 104 255 0 255 0 209 0 255 255 255 255 0 188
    98 255 0 255 0 255 0 255 0 255 0 0 0 255 255 255 0 255 0 0 0 255 0 0
    0 255 255 255 0 81 0 0 255 0 255 255 192 0 255 255 255 0 255 0 0 0
    255 0 255 0 255 0 255 0 0 255 255 0 0 0 255 255 216 0 0 0 0 0 255 0
    0 0 0 255 255 255 255 61 255 0 0 255 255 255 26 3 202 255 255 0 55 0
    0 0 73 45 255 0 0 75 255 0 255 255 0 255 56 0 0 0 255 255 255 0 255
    0 0 0 255 184 255 0 20 99 0 0 0 255 255 255 255 0 0 0 255 255 255 0
    0 0 0 255 48 0 255 204 17 0 0 255 0 0 8 255 29 0 0 41 0 255 99 255 0
    229 0 255 7 255 0 0 0 0 0 255 0 162 177 255 255 255 98 145 255 126 0
    255 0 255 255 179 255 14 255 0 255 0 21 0 255 255 0 255 0 0 0 255
    255 255 0 255 195 255 255 255 0 236 0 86 255 255 190 148 0 255 0 93
    69 255 0 0 0 255 255 255 0 0 0 0 197 255 255 255 255 255 0 0 0 0 255
    255 255 0 255 27 0 0 0 0 0 255 0 236 109 0 37 23 255 0 0 255 64 255
    0 0 67 0 255 0 0 2 0 255 255 255 255 0 99 0 255 255 0 255 255 0 0 0
    182 48 255 47 255 160 0 0 0 255 255 0 0 0 255 87 255 34 255 255 0
    192 255 255 255 0 74 121 255 90 255 0 255 0 0 0 87 255 0 246 45 255
    0 15 255 0 0 0 255 0 8 0 255 0 255 255 255 255 234 0 0 0 255 255 255
    150 0 0 255 255 255 255 0 0 0 0 208 0 67 255 95 0 0 57 255 0 0 0 38
    250 0 0 0 0 9 255 255 0 139 0 0 27 255 0 0 209 112 0 0 254 89 255 0
    0 0 143 0 48 252 255 0 228 0 255 0 0 0 0 0 0 255 0 255 0 0 0 0 127
    255 255 255 0 0 53 0 255 255 0 255 255 255 0 10 226 255 255 27 177 0
    0 0 0 255 255 255 255 0 255 0 0 0 0 0 0 255 0 64 255 255 0 255 182
    255 0 24 255 255 255 0 0 164 242 255 53 79 255 0 255 255 255 47 255
    0 255 26 255 255 0 255 0 255 0 0 0 0 36 0 255 255 0 101 0 53 255 255
    0 0 217 255 0 0 0 190 0 255 0 255 0 255 8 0 0 255 255 0 255 0 0 255
    255 166 255 8 0 0 0 75 255 17 190 255 255 255 0 0 0 255 30 54 0 90
    255 0 0 205 0 255 0 255 0 255 0 255 0 0 0 157 255 255 109 0 255 255
    255 211 0 0 255 255 0 0 152 255 0 255 0 255 0 255 221 0 255 255 0 80
    255 255 0 0 255 255 255 0 255 255 255 242 255 0 255 255 255 0 0 0
    255 156 255 255 172 255 255 255 255 61 255 255 255 255 0 0 244 93 0
    255 63 0 255 159 0 255 255 255 255 0 0 0 255 255 255 124 193 103 255
    0 255 255 0 0 255 255 255 255 19 7 0 0 197 232 16 0 65 0 0 0 255 255
    255 0 0 0 255 0 0 255 37 255 19 47 0 0 0 0 0 0 255 3 255 0 255 174 0
    255 255 255 255 0 255 0 0 0 0 0 159 206 0 255 0 0 0 30 255 0 255 255
    0 155 0 255 0 255 255 255 0 0 0 0 255 255 255 114 255 0 255 0 25 226
    0 255 0 255 228 255 0 255 255 255 255 0 0 0 164 255 255 255 0 0 0
    255 255 255 255 255 255 0 0 0 255 255 0 255 0 255 0 255 200 143 0
    255 0 255 255 0 255 0 255 255 255 255 255 0 0 255 255 0 0 0 0 255
    255 255 0 0 141 0 255 255 255 255 255 255 255 255 172 255 44 0 0 255
    0 0 255 255 255 0 130 1 255 0 0 0 0 255 255 73 255 255 255 0 0 255
    128 236 0 255 0 255 255 255 72 0 0 0 255 255 106 255 0 142 255 255
    255 0 0 0 255 0 255 0 255 62 0 0 217 255 255 100 255 93 255 0 0 255
    60 255 255 255 0 0 255 255 255 0 255 0 0 194 255 0 255 255 224 255 0
    39 255 255 163 0 255 32 255 0 255 255 133 226 0 255 192 0 0 255 255
    255 255 255 255 255 255 255 0 0 0 121 255 0 0 49 29 0 0 255 255 210
    255 0 255 0 255 36 0 0 234 255 255 255 0 255 0 255 128 44 255 0 255
    0 255 0 122 137 32 86 255 0 152 0 255 191 255 69 0 0 0 197 255 255 0
    0 0 0 255 255 0 0 177 255 255 255 255 0 255 255 255 255 255 255 214
    0 255 0 0 255 255 255 0 12 255 0 255 0 130 0 255 0 0 0 255 255 0 255
    0 109 0 255 255 5 0 255 213 223 0 255 0 0 0 255 255 255 255 0 52 0
    255 215 0 255 255 84 0 0 255 0 255 255 255 0 0 0 0 255 251 246 214
    255 58 141 0 255 0 255 0 0 255 255 255 0 0 0 0 196 255 36 131 0 0
    216 255 0 255 0 255 0 255 0 255 0 255 0 255 0 98 16 255 253 255 255
    255 158 17 0 0 255 255 255 255 157 0 0 255 255 255 176 0 0 0 255 255
    255 0 255 211 255 0 0 0 255 155 255 255 255 222 0 0 255 255 215 0 0
    255 255 255 0 184 0 255 255 0 255 0 255 0 255 0 48 0 239 0 194 255 0
    0 255 123 0 0 255 33 255 255 255 0 0 255 0 0 0 255 255 255 59 154 0
    93 255 0 255 255 255 255 255 0 0 30 255 255 0 255 0 255 0 153 92 0
    255 0 255 0 255 255 132 192 0 0 255 0 0 0 0 237 255 255 255 0 0 255
    0 255 0 255 255 4 255 229 255 105 218 18 232 255 0 255 187 255 255 0
    0 255 255 0 246 36 255 37 0 29 0 125 255 255 255 0 32 0 0 255 48 173
    11 126 0 255 255 255 255 255 0 0 255 255 255 0 255 255 0 0 255 0 55
    0 255 255 255 255 223 0 0 0 255 255 0 0 65 255 0 0 35 255 91 255 0 0
    0 255 172 0 255 125 255 0 0 255 239 196 0 255 0 121 255 137 255 0 0
    0 255 255 255 0 0 0 255 0 0 217 154 255 255 0 255 0 255 0 244 0 39
    132 0 255 0 0 0 255 0 255 0 0 0 255 5 0 249 255 255 0 255 0 0 39 255
    123 0 0 0 255 255 143 0 0 0 255 99 255 255 255 0 255 255 0 126 0 99
    255 255 0 0 0 255 101 177 255 255 255 248 122 255 255 255 255 189 42
    0 66 0 255 255 0 36 0 255 17 255 255 207 0 0 0 255 255 0 0 0 0 255 0
    255 255 255 255 62 0 255 255 0 0 0 255 255 255 0 6 255 223 255 255
    255 255 35 0 255 0 75 0 255 255 255 179 255 0 255 0 255 255 255 0 0
    255 0 255 0 0 0 0 172 155 0 0 255 255 255 255 0 255 127 255 0 255
    255 232 0 0 0 141 59 0 255 169 255 0 0 255 255 255 0 0 0 0 59 255
    233 0 0 0 255 0 255 0 0 0 255 255 255 255 139 0 0 255 0 227 0 255 0
    255 123 0 0 0 0 0 158 255 0 0 0 48 255 0 129 181 255 255 255 0 255
    62 0 0 47 255 255 255 0 0 255 0 0 255 9 255 158 255 255 255 0 0 0 0
    255 255 255 255 0 0 0 0 0 117 0 0 0 255 255 255 188 0 94 255 255 255
    206 0 255 0 255 0 255 0 255 0 255 0 0 255 113 253 135 255 255 0 255
    255 255 255 0 31 0 0 255 0 0 6 0 82 0 0 255 255 255 203 20 255 59
    255 0 255 0 255 0 0 255 255 0 147 255 255 0 0 255 247 0 255 0 45 183
    0 255 129 227 56 219 255 0 0 0 255 255 255 255 227 0 255 145 255 135
    73 0 255 0 255 0 255 0 255 255 0 0 0 226 221 255 255 0 0 0 0 255 255
    255 0 0 255 10 48 255 0 0 0 255 255 255 34 0 151 255 255 202 0 2 0 0
    92 0 0 0 255 255 22 0 0 168 255 103 255 0 255 0 168 255 255 0 0 255
    67 255 255 255 0 0 0 0 10 90 255 0 0 255 255 255 0 0 0 255 214 190 0
    138 255 0 0 255 255 0 0 0 0 0 52 0 173 0 227 0 255 0 255 255 196 0
    18 0 180 0 60 0 240 183 255 0 255 0 255 0 0 255 136 255 177 255 255
    0 255 255 255 255 255 0 48 93 255 0 160 0 52 255 255 255 0 255 0 255
    0 0 0 0 255 0 255 78 255 255 0 0 255 0 255 0 223 255 255 255 0 0 0
    255 255 0 0 255 255 255 0 255 255 255 0 0 14 255 255 0 255 255 255 0
    0 255 0 13 0 235 0 255 114 255 162 0 0 12 255 255 92 255 0 255 151
    92 0 0 118 255 255 119 0 213 0 0 1 1 255 206 174 0 255 255 255 0 0 0
    111 0 0 144 233 255 150 0 165 0 255 0 255 255 255 255 0 16 0 255 239
    31 0 109 255 0 0 255 255 0 0 255 255 100 0 43 255 255 0 194 0 0 255
    255 255 223 0 255 255 255 0 135 115 0 0 127 255 0 0 0 0 255 76 255
    177 0 17 255 255 0 255 0 0 255 255 255 0 255 255 255 0 255 70 255
    255 255 255 0 0 255 0 255 255 255 0 0 0 255 61 0 0 255 255 255 171 0
    0 255 255 11 255 0 0 0 255 255 60 255 255 255 255 227 193 0 0 0 0
    255 0 255 130 17 210 255 0 255 169 0 43 0 254 255 52 15 0 255 0 154
    255 0 0 255 255 255 0 255 255 255 0 255 255 255 0 255 0 0 255 0 255
    37 255 5 255 255 0 0 181 0 0 255 56 255 0 0 255 29 255 223 255 41
    255 255 0 0 0 255 178 255 0 182 0 255 255 255 0 0 0 0 0 255 0 119
    255 111 255 255 255 0 255 0 0 0 255 255 255 255 0 0 184 255 0 78 0
    255 255 0 0 255 0 174 0 255 0 0 0 101 255 255 255 56 255 46 255 140
    0 0 0 0 59 255 255 255 55 0 255 255 0 0 255 255 0 0 0 255 0 255 0
    167 0 255 1 0 0 0 255 255 2 255 196 0 0 255 165 255 0 0 0 62 88 255
    255 113 0 255 255 255 0 0 0 255 255 28 4 255 47 0 0 218 0 0 255 0 0
    0 255 255 119 0 101 54 0 0 0 255 255 255 160 0 255 0 0 255 183 0 0
    255 0 255 0 0 0 227 255 133 255 37 255 116 0 0 255 255 0 0 255 255
    255 0 0 255 0 255 17 182 135 0 78 227 255 255 0 255 255 255 131 0
    255 0 255 255 255 255 255 0 108 255 127 0 56 0 0 241 255 255 255 0 0
    0 0 0 255 255 255 255 0 3 0 0 234 108 254 255 255 141 37 255 255 221
    255 183 49 243 0 0 0 0 0 255 255 237 0 255 108 0 255 255 255 255 0
    255 255 53 0 0 255 255 255 255 0 0 0 0 0 90 255 255 0 0 101 255 55 0
    0 0 200 206 255 0 111 0 193 0 133 255 0 0 0 255 255 255 0 0 0 0 255
    239 0 0 255 0 0 127 24 125 48 0 179 255 0 177 0 255 71 255 255 0 255
    0 255 255 255 171 0 114 0 255 255 0 179 184 0 0 114 0 255 235 53 0
    41 56 255 255 255 255 255 0 0 0 236 255 255 255 0 0 0 0 35 221 0 255
    0 255 0 0 18 0 229 0 255 255 255 0 255 255 255 0 239 0 255 197 255
    255 137 253 0 255 255 0 193 255 255 20 255 255 0 0 139 0 161 255 0
    100 0 255 0 0 0 0 0 20 0 255 0 255 255 0 255 92 0 255 0 255 255 255
    255 0 0 255 255 255 0 255 255 0 0 255 255 255 0 255 248 255 0 73 255
    255 0 0 0 211 255 255 255 0 0 0 255 90 0 142 0 229 255 255 154 0 74
    0 0 0 255 255 255 0 255 0 0 116 0 129 255 114 255 184 255 0 0 0 89 0
    0 228 0 255 0 255 255 0 0 0 137 255 255 0 0 255 255 0 0 255 255 255
    183 255 94 0 0 0 255 92 255 0 0 0 255 0 255 0 255 255 255 107 233
    255 0 0 0 0 255 0 255 196 255 0 255 117 255 0 0 255 0 255 0 255 10
    255 255 255 0 0 255 124 0 0 0 255 255 0 255 32 26 61 255 0 255 27
    255 199 159 255 0 0 211 0 0 0 255 0 255 0 255 255 0 0 0 0 255 255
    255 253 0 0 255 255 154 255 255 112 255 0 50 0 255 75 172 0 0 0 255
    255 229 255 255 255 0 55 0 255 255 0 250 61 0 255 0 0 255 69 255 209
    255 255 0 255 255 0 255 0 0 0 34 255 0 255 0 255 255 0 0 0 255 255
    255 0 0 0 255 255 0 0 0 0 40 162 255 0 255 255 255 255 0 40 0 255
    255 0 0 0 0 183 255 214 255 0 255 0 255 97 255 255 0 0 255 255 191 0
    20 28 0 0 62 0 255 0 255 0 0 255 255 255 255 255 194 0 0 0 255 255 0
    0 255 0 255 0 0 255 255 0 0 255 255 255 0 0 0 193 0 255 0 0 0 255 0
    255 255 255 0 255 73 0 0 255 255 0 0 0 0 0 0 255 255 255 0 0 255 255
    255 0 255 0 0 0 0 0 255 0 255 0 255 0 0 0 211 0 255 255 255 0 255
    143 255 144 0 255 255 0 255 255 255 196 0 0 0 255 255 0 15 0 153 0
    255 0 255 255 255 0 0 0 255 170 255 213 0 0 0 176 255 255 255 0 255
    0 255 0 135 255 0 255 245 255 0 228 0 0 255 0 88 255 78 0 0 0 255
    181 255 0 255 255 255 114 100 0 0 0 29 255 255 0 0 0 255 255 29 255
    255 255 155 255 232 0 0 0 68 84 255 255 255 255 0 0 227 0 134 255
    223 0 192 255 255 251 255 0 255 0 76 0 255 255 255 0 255 255 255 255
    0 0 255 255 255 0 0 0 0 255 0 212 255 0 141 255 0 112 0 0 255 62 255
    0 255 0 0 255 0 0 0 255 0 0 0 255 0 255 0 0 255 61 255 255 57 48 205
    0 202 153 255 0 255 0 225 0 255 0 0 0 100 159 255 0 210 255 160 14 0
    0 0 0 0 163 0 255 0 255 0 0 14 0 0 19 0 0 255 114 255 123 0 0 12 250
    255 255 255 0 191 0 21 141 255 0 255 0 255 245 0 0 164 25 255 121
    255 255 59 225 255 0 80 0 255 255 0 0 255 255 0 0 255 255 169 0 255
    231 255 0 87 61 255 255 0 255 167 0 0 0 255 255 255 194 0 255 0 255
    37 255 255 41 0 0 255 229 0 0 255 255 255 144 76 255 0 255 255 255
    190 255 65 255 3 0 0 255 0 0 255 0 255 0 44 255 0 255 0 255 49 61
    218 77 255 0 9 0 255 14 255 0 255 255 0 0 0 255 0 0 255 33 169 200 0
    255 255 255 0 0 255 0 255 0 255 127 0 190 255 255 0 0 193 0 0 255
    239 255 0 255 0 255 0 255 0 255 115 255 0 0 255 13 255 255 0 96 255
    0 106 0 255 0 124 0 255 0 99 0 0 139 0 255 255 0 0 206 255 38 18 0
    107 249 119 0 0 0 60 0 255 225 0 0 255 255 255 33 0 255 0 255 177 0
    0 0 255 0 255 255 255 0 0 224 255 255 255 0 0 93 0 255 167 255 255
    255 0 57 0 255 0 255 255 0 149 0 255 211 255 255 255 0 209 255 255 0
    0 255 0 0 0 255 254 255 0 255 26 255 0 0 255 255 255 255 74 0 255
    255 255 0 255 0 0 241 255 255 255 0 107 255 255 0 0 0 255 255 0 139
    255 0 170 0 255 0 48 255 59 0 255 0 255 48 183 107 255 0 0 155 126
    255 89 0 0 0 255 255 0 255 41 160 255 0 143 0 255 255 116 255 163
    255 0 255 255 255 0 0 0 2 0 64 11 0 0 0 0 0 255 255 0 136 255 255 0
    0 255 159 255 255 21 0 0 0 0 0 255 255 255 0 0 144 4 0 0 0 0 255 0
    255 0 0 255 0 255 0 0 0 0 255 255 0 255 0 76 0 74 0 64 0 255 0 0 255
    0 255 255 0 0 0 255 0 255 0 255 117 0 255 119 255 0 255 255 3 255 0
    65 255 255 0 0 9 216 0 255 0 255 0 255 0 0 255 130 255 45 0 255 0 0
    0 255 0 247 255 250 255 0 0 255 255 255 0 255 0 0 0 0 208 18 210 255
    125 0 255 0 191 0 0 0 255 255 96 136 0 213 255 149 255 255 255 0 255
    64 0 0 0 255 255 255 0 0 149 255 0 0 158 0 255 255 255 0 255 255 255
    0 0 0 0 255 255 0 255 255 255 255 255 0 0 0 145 0 255 255 255 0 0 0
    0 110 255 0 0 255 0 255 0 255 255 255 0 255 255 255 65 0 255 0 0 65
    0 135 255 0 0 0 8 0 61 0 255 0 255 255 41 0 255 0 0 0 0 0 255 208 0
    255 135 255 201 255 0 0 0 255 255 255 219 255 241 9 169 74 255 0 218
    108 255 0 239 190 255 0 86 0 255 0 0 222 0 255 69 255 0 0 0 255 215
    0 255 0 255 255 249 132 255 255 190 0 0 0 255 255 255 0 0 255 159
    255 255 0 0 0 0 0 255 114 255 0 57 255 0 159 0 255 176 255 0 255 0 0
    0 0 47 255 255 255 255 255 255 0 0 0 255 255 0 255 0 0 38 0 0 255
    255 255 0 255 255 192 0 255 123 255 0 255 0 0 0 0 255 255 100 0 101
    11 255 255 0 0 221 106 104 255 207 0 0 255 135 255 0 0 255 255 0 255
    255 0 0 0 255 0 218 255 158 255 0 126 80 255 255 255 0 255 255 0 233
    0 0 0 255 227 0 212 0 119 187 0 255 255 255 0 226 0 255 0 0 0 0 255
    112 253 0 255 0 246 0 255 0 99 0 255 255 255 170 0 0 255 255 255 0
    163 255 0 0 93 255 226 255 255 0 120 0 255 255 0 255 0 0 0 0 255 255
    255 0 0 196 255 255 255 0 0 255 0 255 0 255 0 0 0 255 0 255 0 0 253
    255 255 0 0 0 255 255 255 255 0 0 0 255 255 255 140 0 255 255 67 101
    255 208 255 0 255 255 0 255 0 255 0 255 255 255 63 0 0 0 0 0 255 104
    255 255 0 0 5 255 0 0 255 161 255 255 0 47 0 0 255 0 0 208 255 0 0
    255 255 255 255 0 255 0 255 0 255 23 243 255 255 255 0 0 0 255 255
    255 0 255 0 255 0 255 255 255 224 0 0 0 255 255 0 255 74 0 0 255 193
    24 0 255 255 252 255 0 79 255 255 0 132 0 0 255 163 0 0 0 255 91 0
    255 255 12 0 255 0 0 0 0 255 103 142 173 159 0 255 4 140 0 0 0 0 255
    255 255 0 0 0 0 255 255 255 255 0 255 255 255 255 0 0 0 0 255 255
    255 255 106 209 0 255 255 255 255 0 0 0 4 21 36 0 255 0 199 255 0 0
    0 0 255 151 17 0 0 75 255 0 169 154 239 148 0 174 0 165 0 0 255 104
    255 0 255 255 255 255 186 0 255 255 0 255 0 0 255 255 255 0 0 131 39
    255 255 0 0 0 255 255 0 255 255 222 215 0 0 0 0 198 0 255 0 255 77
    255 255 255 0 0 255 0 255 255 255 255 0 77 0 255 255 0 0 0 255 0 255
    0 0 0 0 255 0 255 255 0 0 0 64 20 255 103 112 0 255 255 239 255 162
    0 50 0 255 0 42 190 255 173 0 0 255 0 255 0 255 0 245 0 255 191 255
    0 173 255 255 255 0 0 0 255 255 255 255 81 0 234 231 0 184 255 0 0
    197 0 0 0 255 119 12 176 0 255 243 255 255 255 0 0 14 0 255 255 255
    202 135 0 0 90 255 0 0 0 255 0 195 255 255 0 245 0 104 255 255 0 82
    0 0 0 255 0 255 0 0 255 255 255 255 255 0 0 255 0 0 173 210 240 28 0
    18 0 0 174 255 255 255 0 255 132 255 255 184 123 255 0 0 241 255 255
    255 255 0 255 99 117 255 0 255 255 0 0 255 255 0 0 62 0 2 255 255
    255 0 31 255 255 0 0 0 255 0 0 0 0 97 0 255 0 255 0 197 43 0 0 0 105
    255 240 255 0 255 33 0 255 0 255 255 255 191 0 0 157 0 255 255 255 0
    136 0 0 208 0 255 255 0 132 92 255 0 53 0 255 0 0 0 254 0 0 0 255
    107 113 0 255 146 53 0 0 232 55 96 255 255 200 0 255 255 255 176 0
    255 0 172 255 255 149 184 0 0 41 255 0 217 0 255 0 255 0 255 0 0 255
    255 255 255 0 0 0 255 209 0 255 255 255 0 0 0 0 0 12 201 255 255 168
    0 0 255 0 255 0 0 255 255 255 0 0 0 0 0 255 255 255 255 255 255 253
    0 49 255 255 255 0 0 224 177 65 255 0 255 0 0 0 255 255 67 0 0 255 0
    193 255 255 0 0 0 15 0 255 0 255 255 255 0 0 0 255 0 255 255 79 255
    0 255 102 255 255 255 255 255 159 255 0 0 0 0 255 255 255 0 0 255
    192 255 255 0 71 0 255 0 255 0 255 140 0 0 157 0 0 0 255 255 0 0 0
    255 255 255 0 255 0 255 0 255 172 255 0 255 0 255 0 255 0 0 255 255
    147 255 221 0 0 0 0 255 255 255 0 0 255 0 255 255 255 77 171 0 150
    255 255 248 255 0 0 16 255 255 65 0 0 255 134 0 255 0 57 255 255 255
    255 209 255 0 255 207 0 149 0 255 255 0 0 0 165 255 139 104 166 0 0
    0 222 255 255 132 255 0 0 0 171 0 239 32 255 0 224 0 176 255 255 255
    0 59 255 255 181 0 255 0 255 0 103 0 255 255 255 60 0 0 255 50 170 0
    255 2 0 255 255 255 0 0 255 255 255 255 0 255 189 13 255 73 0 217
    255 255 0 255 0 0 255 255 255 0 0 51 0 0 29 0 0 0 156 0 255 255 118
    0 0 0 255 255 239 30 0 0 141 0 105 204 199 255 255 0 0 17 255 255
    103 255 0 255 255 255 255 255 255 202 0 17 0 5 255 255 43 185 93 255
    0 170 0 255 0 255 255 255 0 0 255 255 255 0 255 0 255 0 143 58 0 0
    181 111 228 255 0 193 0 0 0 201 255 255 255 0 255 0 0 0 255 109 255
    0 255 255 0 0 152 0 255 0 255 0 0 9 255 74 0 255 20 255 0 255 255
    255 12 0 0 0 0 255 255 255 0 0 87 0 255 0 255 222 255 0 0 180 255
    255 0 255 0 255 0 255 0 0 0 255 255 0 0 255 255 0 255 0 255 0 255 0
    255 255 255 255 111 0 0 0 111 255 40 155 0 255 255 0 0 24 16 255 0
    255 255 0 255 0 255 0 255 107 255 0 255 0 255 255 255 255 0 0 255
    205 255 0 255 255 0 0 255 255 0 0 0 180 255 223 0 0 255 255 255 255
    255 67 255 0 0 0 0 255 255 255 210 255 255 255 255 20 223 0 4 0 255
    255 255 255 255 255 0 30 156 255 0 59 255 0 255 155 255 255 255 255
    131 255 104 0 0 255 255 118 201 0 255 0 255 0 12 251 255 0 0 0 255
    110 0 161 255 255 255 221 0 255 0 29 0 255 255 128 35 0 0 255 0 120
    255 0 255 78 0 211 0 255 0 255 0 255 255 255 0 0 0 255 255 142 255
    255 0 0 0 255 63 0 0 240 255 255 0 255 0 0 255 255 255 0 0 232 113 0
    255 255 255 0 0 0 255 255 152 238 116 255 255 0 0 0 0 255 255 0 0 20
    83 255 0 249 0 255 175 0 4 0 0 0 246 255 255 255 0 255 255 0 0 0 0 0
    0 255 0 0 255 15 145 0 195 255 0 0 0 0 255 255 0 0 107 255 255 49 11
    105 164 0 255 0 255 255 255 0 0 255 255 0 255 0 255 0 255 255 255 0
    0 0 0 255 168 255 0 0 0 255 14 0 0 255 255 0 255 125 0 253 39 255
    255 105 255 0 255 173 255 0 0 0 53 255 255 255 255 3 0 0 196 152 255
    227 0 182 0 255 255 5 0 0 255 255 0 255 255 255 232 0 255 0 0 255
    255 0 0 0 239 0 49 255 255 244 255 0 255 0 116 0 255 255 0 211 0 0
    127 255 0 0 0 0 255 255 255 0 0 255 0 0 0 255 255 255 255 154 0 255
    255 0 255 0 255 67 0 0 0 255 197 0 0 0 0 255 255 130 0 0 0 0 183 0 0
    0 0 255 0 255 255 255 0 0 255 255 255 0 0 0 255 255 0 0 0 255 0 255
    0 255 116 255 255 255 255 212 0 20 57 0 255 0 0 214 255 14 255 0 0 0
    255 255 255 14 255 85 255 253 0 55 0 255 255 0 198 252 0 255 0 255 0
    0 255 109 161 255 255 255 0 0 20 255 255 0 255 0 143 0 255 0 0 255
    255 255 255 0 255 12 0 255 255 255 255 0 0 255 255 0 218 213 255 0
    255 0 0 255 0 0 255 248 255 25 122 0 167 102 238 0 255 0 191 96 0
    255 0 255 0 0 0 255 255 255 0 0 7 0 255 244 0 0 0 255 0 255 0 0 0 0
    52 0 0 255 149 255 255 0 0 0 196 0 3 0 255 0 0 157 175 163 255 0 0
    106 255 0 0 0 124 255 0 255 255 0 255 255 0 0 0 255 255 255 255 0
    255 0 0 106 90 81 255 0 255 74 255 255 0 0 0 146 255 255 0 0 0 0 255
    0 0 255 171 0 0 115 255 190 255 0 0 0 255 0 172 33 255 0 255 0 0 255
    0 0 0 255 0 255 255 255 0 0 0 255 255 0 255 0 66 0 0 255 255 255 0
    255 255 255 0 46 0 255 255 137 0 255 0 255 0 255 0 255 0 255 0 255 0
    255 0 255 0 0 255 8 0 0 255 210 245 86 255 0 0 255 255 0 255 255 0 0
    0 69 255 27 255 0 255 255 255 131 255 0 255 0 0 0 255 0 255 0 249
    255 255 251 0 0 255 0 247 255 255 255 0 255 0 255 0 255 42 0 0 255
    165 255 0 167 0 255 127 255 0 255 255 255 0 0 0 255 76 0 0 0 255 255
    0 0 255 255 119 0 4 255 197 0 0 141 255 255 0 255 251 255 0 0 255
    255 0 25 0 120 0 0 255 103 79 0 0 255 255 255 0 0 199 44 255 0 255 0
    75 0 15 0 255 0 255 0 199 0 0 0 0 0 0 0 142 255 255 190 0 255 0 255
    21 0 0 255 0 255 255 255 0 0 93 0 0 0 0 0 255 0 0 255 255 255 0 255
    0 48 0 255 255 255 255 0 8 0 255 181 110 246 255 0 0 219 0 255 110 0
    0 255 118 250 0 0 0 0 154 0 0 0 0 255 255 107 175 0 0 0 255 255 255
    0 255 39 102 44 202 0 71 0 255 250 255 255 255 255 162 0 255 213 0 0
    131 0 255 255 8 0 0 137 255 255 255 0 0 0 33 99 210 0 0 255 69 0 209
    0 255 255 255 0 255 0 255 0 0 220 255 255 113 255 0 0 210 255 255
    100 7 46 255 255 255 0 96 0 0 255 0 0 255 255 215 0 255 255 255 255
    0 255 255 255 255 43 0 255 0 0 0 255 255 116 0 255 0 255 255 255 228
    255 0 0 0 255 0 0 255 255 255 255 0 0 157 0 255 253 255 0 255 0 0 0
    6 52 255 255 0 0 255 25 0 0 255 0 0 255 255 72 0 72 0 255 255 134 0
    58 255 0 255 255 14 133 0 0 255 0 255 0 0 255 0 169 0 255 255 174
    255 255 0 0 255 255 255 255 0 255 255 0 255 0 255 0 0 0 255 156 0 0
    0 187 0 255 0 214 255 89 46 255 255 255 153 0 82 255 0 255 0 213 0
    255 0 255 255 0 222 0 255 0 0 0 188 0 255 0 0 0 197 255 113 255 0
    255 255 255 0 255 255 255 0 255 0 107 255 65 255 0 0 0 0 255 255 255
    255 255 0 255 255 255 0 0 0 0 105 32 255 81 0 255 0 0 0 255 123 255
    0 0 255 118 131 255 255 255 255 0 0 253 255 0 255 0 0 25 255 0 255 0
    255 0 255 137 255 142 255 255 10 255 0 0 0 0 255 255 255 0 0 0 0 0
    255 245 0 0 255 255 66 255 0 255 0 153 73 255 206 255 255 0 0 0 255
    89 255 0 255 0 0 0 0 255 255 0 255 255 41 255 0 255 0 255 255 255
    250 0 0 0 255 205 0 255 255 255 0 0 0 255 0 255 0 0 255 0 166 255
    255 0 0 0 0 255 118 255 0 255 255 255 255 69 255 0 0 255 255 255 0
    255 255 255 71 0 255 5 255 0 0 255 255 0 0 255 0 255 255 84 0 255
    255 123 0 0 0 0 203 255 79 255 255 253 88 0 0 255 255 16 119 0 255 0
    255 0 255 0 0 255 0 67 255 9 255 0 255 0 255 255 255 255 255 255 255
    255 191 255 255 31 0 255 0 255 0 255 240 119 0 0 0 255 0 232 0 255 0
    0 255 255 72 0 0 221 255 255 255 202 255 0 216 255 255 0 0 255 255
    255 255 255 255 0 81 255 255 7 169 0 255 255 62 0 0 0 0 30 0 223 255
    0 255 255 255 0 177 255 0 255 189 0 0 255 255 14 0 255 255 255 0 255
    0 0 255 255 0 0 255 255 255 0 253 132 0 255 0 255 0 255 255 0 91 0
    255 0 0 255 255 255 0 255 45 0 0 255 0 255 255 0 0 0 0 243 182 0 195
    0 161 0 0 255 217 181 247 0 255 0 255 194 255 159 0 230 0 198 255 0
    255 0 255 0 43 255 255 9 0 0 0 33 0 0 116 255 0 0 0 0 255 255 0 0 0
    255 255 0 0 0 116 255 255 255 189 48 0 0 0 0 0 0 255 193 255 255 255
    168 152 0 255 202 255 0 255 76 85 255 0 255 255 0 0 0 40 52 103 255
    255 255 255 0 160 0 0 255 255 255 0 0 255 255 0 255 0 255 0 0 255
    255 255 255 255 207 57 178 255 0 255 26 255 0 255 0 0 0 240 57 0 0
    255 255 255 255 0 0 255 0 255 255 255 255 0 255 0 255 0 255 186 0 0
    200 255 255 31 123 255 255 0 0 0 255 0 255 0 255 0 255 255 255 255
    255 0 0 255 97 255 0 187 0 0 157 255 255 152 255 0 0 0 112 255 171
    113 0 255 255 255 0 255 64 142 255 255 0 0 255 59 255 0 255 255 255
    0 255 70 255 0 0 0 0 255 255 0 161 0 255 0 3 255 0 103 0 180 63 255
    255 255 0 0 0 255 255 255 255 255 255 0 0 0 71 255 240 252 247 0 0 0
    0 0 255 0 0 0 255 255 0 255 255 60 0 173 255 185 255 87 255 171 0
    255 0 255 0 0 255 0 0 0 255 0 0 255 54 255 248 0 0 52 255 167 127 0
    255 0 255 255 255 0 255 0 0 255 255 0 0 255 255 165 0 0 255 0 0 0
    255 255 255 0 0 0 255 255 255 99 0 0 25 255 0 255 255 255 0 0 0 255
    0 0 255 0 191 0 255 255 255 0 255 0 255 0 0 255 255 255 0 0 155 255
    0 0 0 0 197 0 0 255 0 255 0 255 255 255 0 0 0 122 255 224 255 255
    255 255 255 0 0 255 255 255 255 255 222 6 0 0 0 255 0 0 0 255 0 0
    212 0 255 5 255 0 255 71 0 0 49 255 215 0 194 233 255 0 255 0 255
    255 239 0 0 255 56 255 198 0 255 0 0 115 255 255 0 255 219 0 0 255
    255 255 0 166 121 255 0 156 0 255 0 255 0 1 0 255 255 0 0 0 241 81
    255 0 255 0 255 0 0 0 0 255 255 0 0 93 255 234 214 0 0 255 255 255 0
    255 229 35 0 0 255 0 255 127 129 0 83 255 255 255 0 241 0 255 0 0
    255 15 0 0 232 0 255 97 74 0 255 201 255 0 158 0 255 255 253 0 255
    156 0 255 255 255 0 0 255 0 255 0 0 255 103 211 255 255 0 255 255
    255 0 227 255 191 0 191 0 173 17 255 255 0 0 0 255 0 0 0 255 0 255
    155 0 0 87 255 255 255 255 0 0 0 0 0 193 70 255 255 255 255 0 255 0
    0 255 255 231 0 24 0 0 142 0 255 192 187 255 0 14 0 0 0 130 162 255
    0 255 0 255 0 255 0 163 0 255 0 87 35 0 218 0 255 0 31 0 255 255 0
    97 0 55 255 255 0 255 255 255 0 177 0 255 0 255 0 0 7 0 34 7 0 255 0
    0 0 156 255 0 100 0 0 0 0 0 0 0 180 255 0 0 0 29 0 255 255 255 0 255
    255 255 0 209 0 255 255 255 0 0 255 0 0 255 0 149 22 0 0 0 59 253
    255 0 0 206 0 255 0 255 255 255 0 0 0 0 255 0 103 146 208 0 0 255
    255 0 163 255 36 203 255 0 255 188 255 255 0 29 115 255 0 0 100 0 76
    0 255 173 255 60 0 34 0 255 82 3 0 0 0 255 255 0 190 0 255 0 255 0
    255 0 255 0 0 0 255 255 255 255 0 125 0 51 121 25 255 255 255 169
    255 225 0 255 255 171 255 0 0 255 255 255 255 0 255 0 255 0 255 255
    60 0 255 0 255 255 255 0 0 255 255 0 0 0 98 47 0 255 255 255 0 255 0
    65 255 255 255 0 0 0 48 0 255 0 255 255 255 249 0 255 90 0 0 255 0
    255 255 255 0 255 255 255 0 0 0 0 255 0 71 255 0 0 134 0 7 131 0 255
    145 255 255 121 95 0 0 0 255 255 100 255 255 62 255 0 232 0 255 0
    255 0 0 0 219 255 14 129 0 255 181 135 87 255 191 0 78 0 255 0 255 0
    0 0 181 255 255 255 0 0 0 255 92 0 0 255 255 255 255 0 255 0 255 0
    255 0 140 255 194 0 219 255 255 255 0 0 0 255 0 255 0 255 255 237 0
    0 0 0 158 199 255 0 255 255 0 157 255 0 0 0 255 0 255 255 255 0 0
    255 0 149 0 124 255 0 156 255 255 0 255 0 255 101 255 0 255 255 255
    0 183 255 9 0 0 0 186 255 0 0 125 119 0 0 255 255 0 0 0 0 0 0 0 255
    255 255 25 0 255 0 255 15 0 255 147 255 255 255 0 0 34 0 0 0 0 255
    138 255 0 0 0 255 0 0 0 212 0 0 255 255 255 0 0 0 230 255 0 177 255
    255 0 0 0 19 255 255 0 255 255 0 0 255 255 255 0 0 0 255 255 255 123
    0 255 255 255 0 255 0 105 45 255 255 0 0 0 213 0 50 71 255 255 233 0
    0 0 255 255 0 255 255 89 196 15 246 255 0 255 255 255 0 51 0 255 0
    148 0 255 255 255 61 64 255 0 255 0 0 0 253 255 255 0 255 83 232 0
    135 255 255 255 0 255 0 0 48 0 255 255 255 0 0 0 255 255 255 227 255
    255 0 0 255 255 255 0 0 255 0 255 0 0 255 171 255 187 0 203 84 64
    255 0 179 0 99 0 255 0 255 0 255 0 0 0 255 255 0 0 255 255 255 255
    154 86 0 255 0 255 0 255 0 255 255 0 76 0 255 255 61 255 255 0 224 0
    255 0 0 0 255 0 255 0 255 255 255 0 0 13 255 119 0 0 0 0 121 180 255
    255 255 0 0 76 0 139 0 255 255 255 0 255 0 63 0 255 103 255 0 255
    250 255 0 0 0 0 0 0 0 255 55 255 0 0 255 255 0 0 0 182 0 0 255 25 0
    114 255 255 255 0 0 49 166 255 255 0 255 0 255 200 255 255 255 0 0 0
    255 255 255 0 0 255 53 110 255 0 0 0 255 255 255 0 228 0 0 0 0 0 255
    250 255 255 255 0 0 109 0 255 0 255 0 255 255 255 7 0 255 0 50 106
    255 255 255 255 0 0 0 255 0 210 0 211 255 255 0 0 0 255 0 6 216 255
    255 0 160 0 0 0 0 0 255 255 100 255 233 255 255 255 255 0 0 0 255 0
    255 0 255 0 0 0 255 255 255 0 0 255 255 0 0 0 255 255 161 0 0 0 255
    212 255 99 202 168 255 255 0 0 255 0 0 0 255 255 255 255 114 0 255
    255 255 70 0 239 255 255 205 0 0 0 255 255 0 0 203 255 255 0 89 255
    255 183 0 0 255 0 255 255 0 255 202 224 255 0 0 229 255 0 255 0 255
    0 231 255 255 171 41 255 255 0 0 0 255 0 0 0 175 121 255 255 161 255
    255 255 64 0 255 0 255 0 255 0 255 0 41 0 255 0 0 0 0 255 255 255
    143 0 0 255 255 0 0 120 255 114 86 255 255 255 84 112 0 15 0 255 255
    0 0 255 0 0 0 24 255 255 0 21 255 255 0 0 0 99 255 6 0 255 0 255 0 0
    0 4 255 0 255 0 255 255 0 109 0 255 0 0 0 255 0 255 0 0 237 255 255
    181 0 0 185 255 255 0 0 71 255 255 110 0 0 255 0 0 0 255 255 255 0 0
    72 231 0 0 255 0 0 14 255 255 75 255 0 0 0 0 255 255 0 142 255 255
    255 0 255 220 0 0 0 173 82 0 255 0 170 255 255 255 255 0 0 0 255 255
    255 0 255 0 0 0 0 255 255 255 255 255 0 0 32 208 0 241 0 255 23 255
    210 0 0 255 255 159 0 0 170 0 255 77 0 255 255 255 255 228 255 0 0 0
    255 166 0 0 94 59 0 255 255 255 0 255 0 165 182 0 0 0 215 255 0 255
    88 255 165 0 209 0 255 0 221 0 255 0 255 0 255 0 255 0 255 0 26 255
    255 255 255 0 255 221 0 0 0 0 108 0 172 255 255 255 0 0 141 255 255
    13 0 0 171 0 150 255 255 255 0 110 1 0 0 255 255 0 0 255 255 52 0 0
    28 255 255 255 0 255 255 255 204 255 255 255 109 255 0 255 0 255 92
    255 0 0 0 255 255 255 255 181 0 0 0 255 255 79 255 0 255 0 255 255 0
    0 0 140 255 0 34 88 255 255 255 255 0 255 0 255 108 255 199 156 255
    255 0 0 255 255 0 255 24 255 0 107 255 255 0 84 255 0 104 0 255 255
    235 255 255 136 255 0 0 201 0 183 0 0 0 255 64 208 0 255 0 255 255
    255 201 0 255 0 255 0 0 0 0 255 10 255 0 93 170 255 255 0 0 255 255
    160 255 255 155 70 96 255 0 153 0 234 255 0 255 0 0 0 0 166 0 255 0
    0 0 255 255 255 0 0 255 255 255 255 0 0 67 0 202 0 255 255 255 0 234
    0 141 0 255 213 255 0 0 0 0 0 0 203 0 255 0 255 0 0 148 0 173 145
    255 255 0 255 0 161 178 0 0 0 0 255 0 255 255 255 255 0 0 0 242 255
    0 0 189 207 255 0 255 0 45 255 0 0 0 255 255 0 44 255 0 0 0 255 255
    101 134 0 92 255 255 255 255 255 238 0 255 0 255 255 0 255 26 255 0
    255 255 77 0 47 255 255 255 173 255 139 0 0 0 255 255 255 234 232 0
    0 0 117 255 255 255 255 0 0 50 0 255 0 225 0 255 255 255 88 199 0 0
    255 255 255 255 0 255 0 255 0 255 213 0 255 255 0 206 0 0 0 0 0 255
    215 255 0 13 255 255 52 255 0 255 255 255 143 255 104 0 255 0 255
    255 0 0 0 255 255 255 255 0 255 251 255 0 0 255 181 255 255 0 0 175
    0 0 0 51 0 255 255 255 0 0 255 255 0 255 0 255 0 94 186 255 0 0 0 0
    255 0 255 0 255 255 3 255 0 255 0 0 0 0 0 230 0 255 255 255 83 0 0
    244 255 255 0 255 0 0 0 255 255 255 0 0 0 0 255 101 0 0 0 255 255 94
    123 0 94 0 0 0 253 255 255 162 255 0 65 0 0 0 128 255 255 0 0 147
    255 0 0 255 255 0 0 0 255 255 255 0 255 255 255 255 255 255 160 0 0
    0 0 134 0 255 0 255 0 0 0 0 255 255 255 202 255 0 255 0 255 0 255 0
    0 0 255 0 255 0 0 0 0 255 255 255 255 255 0 0 0 0 255 255 57 255 0 0
    255 255 94 0 235 0 255 255 50 0 0 0 182 0 255 0 255 0 255 0 218 90
    255 255 255 198 255 0 255 45 255 251 118 255 110 255 242 111 0 255 0
    255 0 0 255 0 255 0 1 0 255 255 255 68 255 0 0 0 0 0 255 255 255 255
    28 67 0 255 0 255 255 255 255 157 255 120 255 255 100 130 0 0 0 108
    255 0 0 0 255 159 255 0 0 0 255 0 0 255 0 255 197 255 0 0 0 255 0
    255 0 255 0 0 0 0 255 0 135 0 255 0 255 255 174 0 0 0 0 255 255 0 0
    0 255 255 3 0 0 0 255 0 255 0 0 255 0 0 255 255 255 60 0 255 255 208
    255 75 255 255 255 0 0 255 255 0 0 0 0 63 255 105 0 255 0 1 0 255 39
    255 255 255 240 255 0 0 255 255 19 0 24 255 0 255 3 255 0 0 255 255
    98 255 104 255 56 0 0 255 255 0 0 76 255 66 255 255 255 144 153 255
    255 255 255 255 246 0 204 0 0 146 255 255 0 138 0 255 255 255 234
    255 255 0 203 0 0 187 255 0 255 0 255 0 80 255 177 255 0 119 0 0 255
    0 240 0 48 255 0 0 0 255 255 0 143 0 255 0 255 255 255 0 0 59 0 0
    175 255 142 76 0 255 255 0 255 0 0 0 255 255 0 255 255 7 0 0 0 255 0
    0 0 255 255 255 255 0 3 0 58 255 85 210 130 0 0 0 255 0 255 0 255 0
    255 255 0 0 0 255 255 255 39 255 139 255 0 97 0 255 0 255 0 0 255
    255 255 0 255 0 0 255 217 255 104 255 0 255 116 0 255 0 0 0 255 246
    0 255 255 255 0 39 0 255 0 255 0 255 0 255 255 255 0 30 255 255 255
    0 0 0 0 255 0 0 0 255 0 255 255 7 0 255 138 255 3 255 255 255 37 0 0
    0 54 255 255 0 0 0 255 255 255 255 255 0 0 99 0 101 255 255 255 255
    173 147 0 13 0 255 0 255 0 0 0 0 159 255 255 255 0 0 188 255 236 0 0
    1 0 255 147 255 0 0 88 56 255 18 255 64 133 255 0 255 0 0 0 255 255
    35 22 255 255 255 255 186 0 33 5 255 0 0 255 122 109 71 159 255 120
    255 0 194 0 255 255 255 255 0 255 0 255 9 0 255 0 255 0 0 255 255
    255 255 255 0 0 0 0 255 255 255 0 0 0 232 255 255 219 0 0 137 255 0
    0 0 0 133 52 132 205 0 147 0 0 255 0 255 0 0 71 255 255 255 0 107
    173 10 255 0 0 63 0 255 0 255 0 252 0 255 0 50 0 10 255 255 0 0 0
    255 0 255 255 0 0 0 255 0 0 0 255 255 255 2 0 255 255 0 0 255 255
    255 0 0 0 0 158 160 0 134 0 0 255 255 246 0 1 67 255 255 78 0 0 255
    255 255 255 255 255 0 0 255 18 255 0 255 255 0 0 237 0 110 231 195
    255 0 122 88 255 0 0 255 255 255 103 0 0 255 0 255 0 255 255 255 31
    0 255 0 255 225 0 145 255 255 135 0 0 0 0 255 255 255 1 255 13 0 0
    255 198 173 0 255 255 255 0 114 0 255 0 0 255 255 193 0 0 189 171 82
    66 255 255 255 255 255 255 42 161 0 239 244 255 0 255 0 0 0 0 0 255
    45 255 140 0 236 255 96 0 0 255 255 255 0 238 255 129 163 255 255 0
    0 255 32 0 0 227 0 255 255 255 63 0 0 135 36 237 255 0 0 0 255 0 255
    255 0 0 59 158 255 0 0 255 0 255 23 0 255 67 0 5 255 255 255 71 255
    0 0 255 0 0 0 255 255 255 38 0 243 0 255 0 0 255 0 0 0 255 255 255
    255 86 255 0 255 0 255 0 255 255 0 0 0 0 0 0 0 145 0 125 255 255 255
    255 0 0 194 255 255 255 0 255 255 255 85 0 27 255 255 203 0 96 255
    255 202 192 68 204 255 255 255 49 255 0 118 154 255 4 106 0 255 0 0
    0 228 255 255 0 0 67 0 0 255 218 136 0 255 255 255 0 255 138 255 0
    255 255 89 0 0 255 0 134 196 0 0 130 255 213 255 255 255 29 0 0 133
    0 255 255 255 0 0 255 20 255 255 255 0 0 54 0 0 0 226 0 255 0 38 0
    255 255 0 255 0 255 0 255 255 255 255 0 0 214 0 59 0 255 73 255 0
    255 252 228 149 255 0 0 0 0 255 255 0 0 0 255 0 255 0 45 255 255 0 7
    0 85 156 173 0 255 0 0 83 255 255 255 0 19 0 0 255 255 255 0 0 182
    146 0 234 97 236 255 0 255 0 255 0 201 0 183 0 136 64 0 255 0 255
    255 0 0 255 0 0 88 255 255 0 255 0 255 255 255 255 0 152 255 0 255 0
    81 0 0 255 0 255 0 0 0 255 168 255 255 0 0 0 255 255 0 0 85 255 0 53
    85 255 0 255 0 0 0 255 255 155 255 147 0 255 0 0 239 6 0 0 0 255 255
    255 255 44 0 0 94 255 0 255 11 255 255 255 0 0 77 255 255 0 0 224
    140 53 14 0 255 255 67 0 0 255 0 255 0 0 255 0 255 0 255 0 255 0 0
    37 0 255 0 171 197 255 0 0 203 255 223 0 239 0 0 0 99 255 214 179
    255 0 255 0 255 0 255 102 0 0 255 80 255 255 0 0 0 0 0 255 0 42 198
    253 145 255 208 0 0 255 0 255 255 255 105 255 26 213 255 255 0 255
    179 0 255 93 255 0 56 255 255 0 0 72 255 91 0 0 0 255 0 5 0 255 0
    187 0 0 255 255 255 155 0 0 255 0 0 0 255 139 255 0 0 81 0 255 255
    19 0 0 237 55 255 0 255 0 255 255 255 132 0 0 0 0 0 129 255 255 255
    44 255 0 0 59 0 0 0 255 255 255 255 0 0 0 255 255 0 58 120 0 255 151
    255 0 43 98 255 0 255 255 0 0 0 255 0 255 255 255 255 255 255 255 48
    0 117 255 0 0 0 255 45 255 255 255 255 0 255 0 255 0 0 0 255 255 0 0
    0 255 226 112 0 0 0 251 0 144 0 255 255 255 0 0 0 255 0 255 0 255 36
    0 0 80 0 65 255 255 255 0 0 250 255 155 255 255 0 0 0 0 255 0 255 0
    255 255 255 242 255 0 255 255 255 0 255 157 255 0 255 255 255 255
    255 255 89 0 0 255 255 255 111 35 17 0 255 0 255 0 255 0 126 0 137 0
    255 251 4 0 0 172 255 0 0 0 255 0 255 0 255 255 0 255 0 180 0 255
    255 0 255 255 255 0 0 0 255 255 0 166 255 255 0 255 255 255 0 255 0
    255 255 68 255 0 255 0 241 0 255 255 255 142 0 255 255 0 0 0 0 255 0
    255 129 255 0 0 0 0 0 255 255 255 255 255 0 0 0 255 255 255 0 0 0 0
    255 255 0 255 255 0 5 255 0 0 0 0 142 0 0 255 255 255 0 194 0 255
    255 0 0 0 255 32 255 255 255 0 0 255 0 183 85 0 37 255 255 0 0 0 255
    0 220 255 0 48 0 255 255 0 0 255 255 249 255 255 0 101 6 255 255 115
    255 0 0 255 255 153 0 255 255 255 0 0 255 255 255 255 0 245 71 172
    197 255 227 0 0 75 0 255 0 117 0 255 0 255 0 181 255 0 255 255 255 0
    0 0 0 0 0 0 0 158 255 0 0 0 255 0 255 255 0 255 201 0 0 255 255 255
    255 255 0 0 255 255 0 255 2 255 0 0 255 213 255 0 255 240 255 233
    132 0 0 0 255 255 0 0 255 255 147 255 218 0 219 255 255 194 139 0
    105 217 0 0 255 255 163 255 75 255 0 255 0 168 0 0 89 0 255 255 255
    53 83 1 0 0 255 255 0 0 0 255 0 0 0 0 255 255 0 0 255 255 0 0 0 255
    241 0 0 255 0 255 0 0 215 255 0 255 255 72 175 255 0 0 255 171 255
    128 47 0 255 245 255 135 0 0 0 255 255 255 0 0 233 255 0 0 255 3 255
    0 255 0 255 0 0 161 255 255 0 0 0 0 0 255 0 255 32 255 255 0 255 255
    0 0 0 255 255 0 255 0 255 168 0 255 255 154 255 0 255 0 141 255 255
    201 97 255 0 255 255 119 33 255 197 113 0 255 166 255 211 133 0 0
    255 255 18 0 25 9 255 255 254 203 255 0 255 0 0 0 0 0 255 0 98 245
    114 253 255 0 255 0 255 0 120 255 0 255 35 73 0 61 0 255 0 138 255
    255 255 0 0 0 0 255 255 0 0 0 255 0 0 173 0 255 0 255 255 255 255
    255 0 101 255 255 182 0 0 255 0 176 0 0 0 255 255 255 0 156 0 255
    255 255 0 255 255 0 0 29 67 255 0 3 113 137 255 255 255 0 0 0 0 0
    141 255 255 245 255 0 255 0 0 0 255 255 44 0 255 0 255 0 209 255 0
    125 0 0 255 255 125 0 0 0 0 197 0 0 255 212 255 0 255 0 255 0 255
    255 255 0 0 112 255 255 255 255 255 255 0 0 235 255 255 255 0 0 255
    255 0 0 0 255 255 215 0 0 0 0 245 0 0 201 255 255 0 255 219 255 0 0
    255 0 0 0 255 109 0 0 0 202 69 255 0 0 0 153 255 255 255 208 90 0 0
    0 0 0 255 255 255 197 131 0 255 165 250 0 0 255 255 0 0 0 255 102
    255 0 0 72 0 255 159 26 0 255 47 0 255 255 0 0 0 255 255 255 133 0
    59 190 255 0 255 255 255 255 72 255 0 0 129 255 255 255 255 0 0 54
    255 255 0 0 255 255 255 255 255 0 255 0 59 0 0 73 239 255 255 0 0 0
    214 255 0 204 0 255 255 0 255 0 0 255 255 255 0 0 0 0 0 255 255 227
    0 0 250 0 0 0 0 71 255 68 255 0 0 0 0 0 162 0 255 255 65 255 255 255
    0 0 0 255 0 255 146 255 135 102 0 255 255 255 50 0 0 0 255 152 251
    255 125 182 255 0 0 0 0 218 0 255 0 0 0 223 117 255 0 255 255 24 0 0
    0 0 255 255 155 138 0 0 135 0 103 255 0 73 220 0 255 0 0 0 255 255 0
    0 255 255 255 0 0 255 0 255 75 0 255 0 255 255 255 0 164 0 142 0 214
    0 8 0 0 239 255 251 0 0 85 0 158 255 255 255 255 255 255 255 255 41
    0 255 0 255 88 243 162 140 255 255 42 15 255 255 255 0 255 0 161 0 0
    0 255 255 0 0 255 255 0 0 255 220 0 0 222 255 255 255 0 0 255 255
    255 255 255 0 225 0 255 239 245 255 0 255 255 0 0 0 255 0 255 0 255
    0 255 0 0 0 226 255 0 0 0 255 255 128 162 0 210 44 255 252 255 0 255
    255 255 252 0 255 0 255 48 255 202 0 83 22 255 0 255 255 255 255 0 0
    0 0 255 0 255 0 255 0 255 0 212 0 239 255 0 255 0 255 71 0 0 0 255
    255 167 140 0 255 220 33 255 0 189 201 255 255 95 0 255 0 111 0 78 0
    0 0 0 0 255 255 0 0 255 153 255 241 0 255 255 255 0 0 0 255 255 0 12
    27 255 255 24 0 159 255 0 255 0 255 0 255 255 255 0 0 255 255 103 0
    0 255 0 255 255 153 255 0 255 0 255 0 0 0 255 255 255 0 2 0 255 52
    134 70 157 201 255 0 0 255 233 255 0 225 255 255 0 255 45 84 255 0 0
    0 255 255 0 255 0 68 0 255 255 255 0 255 0 255 255 133 0 255 109 31
    255 255 66 224 0 0 0 0 0 134 0 255 102 139 255 255 255 0 0 255 195 0
    255 0 248 0 0 255 0 255 170 0 255 0 255 0 0 221 108 255 0 0 0 0 0
    226 90 255 255 255 101 0 0 255 255 28 152 255 255 255 0 0 0 255 172
    247 95 255 0 0 0 255 177 210 255 216 196 101 13 0 0 165 0 255 22 255
    0 255 255 205 0 255 255 255 0 255 255 0 255 31 255 0 0 255 255 255 0
    255 0 255 0 255 255 0 0 0 0 255 255 255 87 37 255 255 125 0 255 255
    255 255 198 18 0 255 0 0 0 255 190 0 6 0 255 255 255 0 0 0 255 0 0 0
    255 0 255 0 62 202 255 13 255 0 211 0 0 0 255 255 255 0 0 0 255 255
    255 0 0 0 255 0 255 255 255 255 0 255 13 2 0 255 255 255 188 255 0 0
    255 255 0 255 0 255 0 0 255 255 255 255 0 0 0 255 255 255 220 237 0
    97 0 255 0 0 0 0 0 255 255 255 94 0 255 53 255 255 255 0 0 0 62 255
    255 0 0 0 179 255 102 255 0 0 139 0 255 0 255 0 190 0 255 140 255 0
    0 0 0 255 255 255 255 0 255 137 0 144 0 0 255 255 63 0 0 255 64 0 0
    36 217 0 54 0 255 255 255 0 255 0 24 0 255 79 0 133 0 255 0 255 255
    255 255 0 0 0 0 255 0 255 255 152 255 0 0 255 255 17 26 0 140 206
    255 198 205 0 255 0 0 255 0 255 0 0 0 255 211 255 0 149 0 0 255 255
    0 0 0 82 255 0 255 233 255 255 0 255 0 255 255 0 0 0 255 0 255 0 255
    0 67 0 255 255 0 38 0 255 255 0 0 0 0 155 0 255 255 255 255 255 36 0
    0 0 0 0 235 180 255 0 201 0 0 111 255 18 0 0 63 199 255 0 0 155 0
    255 0 0 0 255 77 0 255 0 255 255 255 0 0 188 255 55 255 0 255 0 0
    255 25 255 255 234 0 0 255 255 255 0 0 0 255 151 0 224 0 255 0 255
    255 255 255 0 0 255 0 0 255 255 255 0 0 113 255 255 126 255 255 0 0
    0 0 62 255 0 0 145 255 0 255 0 255 255 255 221 0 0 0 0 0 255 83 255
    0 186 255 0 255 0 255 0 255 0 255 0 255 255 255 0 188 0 4 255 0 225
    0 0 0 161 255 255 255 114 255 0 255 255 255 0 255 255 255 255 0 255
    180 255 0 0 49 65 0 90 247 255 255 17 55 147 0 0 0 115 52 240 0 0
    255 137 255 0 255 255 255 248 0 0 0 0 255 0 255 0 214 255 255 255 0
    0 109 255 0 0 0 0 0 0 255 0 47 0 0 255 25 255 88 255 255 255 255 0
    255 255 255 255 255 255 0 0 255 255 199 0 0 255 255 255 255 0 130
    255 255 255 255 255 86 50 255 0 248 27 35 187 255 255 255 0 255 64 0
    0 0 255 255 255 255 0 0 0 0 255 255 0 192 255 0 217 0 255 255 13 0 0
    255 255 0 0 0 255 255 255 0 255 142 0 0 255 255 0 87 0 255 0 255 0
    255 255 255 255 17 255 255 0 255 5 0 0 213 255 162 255 0 0 0 0 0 255
    255 255 255 255 0 255 0 0 0 131 255 0 0 0 0 255 255 255 0 0 135 203
    0 235 0 0 255 255 255 0 255 0 255 0 129 0 114 193 0 0 250 255 255 0
    255 0 129 143 0 239 45 255 255 255 109 255 255 126 255 245 0 0 0 80
    165 0 0 255 255 255 0 255 0 255 0 255 0 249 0 255 255 255 222 0 0 0
    255 0 255 255 255 153 176 0 0 255 255 255 0 0 255 13 104 0 35 0 0 44
    255 255 0 255 183 0 0 0 255 150 255 26 255 255 220 0 0 0 255 255 37
    0 0 255 255 230 206 0 0 0 255 0 255 255 255 0 0 255 83 54 255 0 255
    0 0 0 255 255 0 255 255 187 228 85 255 255 165 0 73 45 0 0 29 255
    255 255 0 0 0 0 255 0 62 233 255 134 0 0 255 255 0 255 0 255 0 255
    255 170 0 26 0 157 22 171 255 0 0 141 0 255 0 255 255 255 0 28 255 0
    0 0 255 247 255 0 170 0 255 255 255 0 0 0 255 0 255 0 123 0 255 0 0
    96 255 0 0 255 0 255 255 0 0 208 255 251 202 39 0 255 0 142 0 0 255
    212 0 0 255 255 0 0 0 255 255 95 216 103 0 0 57 255 126 0 0 123 0
    255 131 254 255 0 255 255 255 0 0 255 0 255 255 255 0 134 0 255 255
    0 215 255 0 0 0 255 255 255 255 135 0 0 0 255 1 255 255 0 0 255 0
    247 0 205 0 70 0 0 0 0 255 255 255 0 0 0 86 255 255 255 255 255 0 0
    127 37 86 255 0 255 176 255 77 0 0 231 255 156 111 0 255 128 132 0 0
    0 255 255 255 99 255 1 0 0 255 255 0 0 255 255 255 255 255 0 0 255 0
    0 255 255 255 220 0 0 255 255 53 0 0 255 0 0 64 0 255 0 0 0 255 255
    255 0 67 218 191 0 0 255 0 222 38 0 78 116 255 0 255 196 255 255 255
    255 255 0 0 0 255 231 0 0 255 0 0 0 255 255 255 0 255 0 255 0 0 0 0
    0 255 0 255 0 255 255 0 230 0 255 108 255 0 255 0 255 0 255 198 255
    0 0 0 255 0 255 0 255 53 0 0 0 255 255 255 255 0 0 0 255 255 0 48 0
    0 79 255 255 0 0 0 45 255 2 255 66 0 0 255 255 255 0 0 0 255 81 255
    64 0 255 0 255 0 0 6 0 0 0 255 255 255 159 0 162 255 255 214 255 255
    255 0 0 0 255 255 111 49 233 104 255 122 255 0 255 0 255 0 155 0 0
    124 0 255 255 189 86 60 255 0 255 255 0 222 0 137 0 0 0 0 0 5 255
    255 0 255 188 255 188 255 199 255 58 0 0 0 255 0 255 0 255 0 0 102
    120 0 0 0 98 0 255 0 255 0 164 0 255 255 255 255 0 0 255 255 255 0
    255 255 0 0 15 255 255 0 213 0 255 90 255 0 0 0 255 0 255 255 255 0
    255 0 203 0 143 255 255 0 0 0 255 255 255 0 0 255 255 66 255 255 255
    0 240 0 241 0 0 0 0 230 255 255 255 0 0 0 0 18 0 0 255 212 0 0 255
    255 255 22 255 255 255 159 255 0 255 0 255 132 0 104 255 255 255 246
    0 0 255 0 173 5 172 0 255 255 0 255 0 0 0 246 185 255 0 66 0 0 255
    207 255 255 0 0 0 255 0 255 0 27 255 255 255 0 0 0 83 255 0 255 255
    255 0 235 0 255 0 177 255 255 0 255 255 42 255 0 0 0 255 0 0 0 0 255
    98 255 69 255 0 0 0 255 255 255 255 0 255 255 255 0 8 0 255 255 0
    255 255 255 0 23 0 44 220 255 255 255 0 0 0 181 255 0 0 255 0 255
    133 255 0 255 0 0 0 122 184 46 0 196 179 255 255 0 0 0 0 0 255 255
    203 255 228 0 0 0 255 255 255 0 255 255 0 101 0 255 255 0 0 0 255
    218 255 0 0 255 19 255 39 62 240 0 255 0 255 0 0 169 30 0 255 0 117
    84 255 255 0 0 0 220 114 0 0 255 0 255 0 0 255 255 82 255 255 255
    255 0 0 255 0 255 0 255 0 0 255 255 77 154 0 255 0 255 200 255 255 0
    0 174 0 255 0 0 0 0 255 255 0 123 255 0 0 255 0 255 0 0 0 163 0 155
    255 255 192 255 0 0 0 0 255 0 255 255 255 0 255 128 255 45 0 118 255
    255 255 255 84 46 255 0 0 23 255 255 239 255 0 223 0 56 20 0 0 0 255
    0 0 255 255 159 0 238 255 255 255 0 0 0 0 0 255 255 81 0 0 116 64
    255 255 42 0 0 0 255 96 0 0 0 0 169 0 0 222 255 255 0 255 0 11 0 255
    183 255 0 0 0 74 0 255 255 0 0 0 0 0 255 255 255 246 0 220 0 0 255
    255 255 0 39 0 255 0 255 163 0 0 255 255 226 255 255 111 0 255 255
    255 87 0 255 255 114 0 183 255 158 255 0 0 255 237 214 0 0 0 255 255
    0 255 148 255 153 53 255 255 104 0 255 255 0 29 255 0 0 0 255 255
    255 84 0 138 0 255 0 255 0 0 43 255 255 0 0 0 255 255 255 192 255 0
    255 2 0 0 255 255 255 44 0 0 255 255 255 132 0 0 255 0 0 0 152 255
    146 0 255 255 255 0 0 0 138 41 0 255 69 255 55 0 0 255 0 190 0 72 0
    255 92 255 0 0 0 255 255 255 0 255 255 255 0 0 0 255 81 0 255 97 255
    255 255 111 0 0 0 255 255 255 247 0 0 255 255 191 251 0 249 0 255 0
    255 255 255 216 0 255 240 203 0 34 86 255 0 255 0 34 255 0 0 0 255
    255 125 0 207 255 255 113 0 0 0 0 255 0 109 0 0 0 0 255 0 255 0 255
    255 0 237 129 70 255 0 255 0 0 0 210 130 255 255 255 0 0 0 0 255 0
    255 0 255 0 255 0 0 255 223 255 255 0 255 0 240 0 255 0 255 0 255 0
    212 0 255 255 255 255 0 255 22 0 224 153 255 0 255 255 255 255 0 255
    242 255 255 0 255 0 255 117 92 0 255 255 0 0 0 255 29 255 78 0 0 0
    255 255 255 255 255 0 255 255 54 255 0 0 255 255 255 0 59 0 255 178
    0 255 255 255 0 255 0 0 0 0 255 255 104 155 255 0 255 0 255 155 2
    255 7 0 255 0 0 0 255 0 255 255 0 137 0 218 231 105 255 0 129 0 255
    0 59 255 255 0 0 0 255 255 255 209 0 255 0 255 174 255 0 0 255 255
    255 255 0 255 255 255 125 0 255 0 0 0 0 14 0 255 100 255 0 0 136 255
    0 255 0 255 226 148 0 255 0 0 101 245 255 0 0 255 255 31 0 255 45
    255 0 48 0 255 255 255 0 0 0 255 255 41 255 0 233 187 0 0 166 13 200
    20 255 255 255 110 0 0 255 26 255 255 255 226 0 249 8 0 0 255 0 255
    255 27 255 255 255 255 255 0 255 255 255 0 134 0 255 106 255 0 52 0
    255 0 255 0 255 0 255 0 255 0 255 255 0 178 255 255 255 255 0 0 0 0
    255 0 0 0 255 44 255 255 0 0 0 3 255 0 61 0 255 255 0 0 255 255 0 0
    0 255 255 255 136 0 255 128 0 2 0 0 0 255 255 0 255 0 255 0 66 255
    255 255 0 0 0 255 255 255 255 0 0 0 0 0 255 182 255 83 255 0 0 0 96
    255 255 0 255 0 45 0 255 207 22 255 0 255 255 255 0 176 0 255 249
    255 181 0 0 0 255 0 255 0 0 255 0 255 0 218 0 255 255 179 0 176 0 0
    127 11 255 255 255 0 255 0 0 255 255 255 191 255 181 255 0 255 255
    67 255 255 0 195 0 222 255 155 255 0 255 0 233 0 255 255 255 0 255
    255 255 255 0 0 255 0 51 0 255 255 255 0 0 0 51 0 0 255 0 154 215
    181 255 255 0 0 255 255 42 255 93 255 0 0 255 255 0 0 0 255 42 255 0
    0 255 255 119 0 255 0 0 0 255 0 0 0 0 255 0 0 65 255 255 0 0 0 255 0
    255 222 255 0 255 0 255 69 0 255 0 0 0 0 255 194 0 0 58 255 0 255 0
    0 255 0 0 247 255 53 255 0 255 0 239 218 0 255 0 66 0 187 0 255 255
    191 87 0 0 255 12 255 0 181 0 0 0 255 123 255 255 0 255 0 255 0 255
    0 132 0 255 182 226 120 0 255 255 255 0 0 108 90 0 255 0 255 0 255 0
    0 0 255 255 255 0 0 0 255 255 107 0 0 255 0 255 0 0 255 0 255 255 0
    0 0 0 239 0 255 0 0 234 74 236 0 255 255 0 0 159 0 0 63 26 255 248
    223 255 255 0 0 0 255 235 96 0 0 255 255 255 255 0 15 232 0 255 255
    6 171 255 255 0 255 255 0 0 177 106 255 0 0 207 32 205 0 0 255 255
    255 255 68 255 0 0 0 255 255 255 99 0 0 0 0 255 255 255 255 228 95 0
    255 0 255 201 255 0 255 33 233 255 255 0 255 120 87 0 255 41 0 255 0
    255 0 29 201 255 0 47 82 207 111 126 255 0 0 0 255 255 255 0 0 255
    255 255 24 255 10 0 0 233 60 177 0 0 255 8 0 255 101 255 0 255 0 255
    0 255 255 255 0 0 0 255 255 255 0 255 0 0 255 255 255 0 0 0 183 237
    255 75 0 255 255 255 255 0 255 0 34 0 0 0 255 255 0 255 0 255 0 255
    112 0 0 0 255 0 109 0 0 0 0 255 255 203 0 0 0 109 255 255 57 255 0
    229 255 255 255 164 0 255 255 255 0 0 255 255 255 240 0 0 115 0 0 61
    0 0 103 0 0 128 106 255 0 255 220 255 0 255 255 37 0 0 0 255 0 255 0
    255 0 255 0 255 196 255 176 0 255 255 0 0 255 0 0 255 255 255 255 0
    0 255 78 0 255 48 27 0 0 29 255 255 0 0 41 156 0 91 169 99 255 0 255
    0 255 0 67 0 77 0 255 0 255 155 255 0 255 0 255 55 97 0 0 255 255 0
    0 0 255 0 255 72 0 221 84 0 178 255 255 0 0 255 255 116 0 0 0 255
    255 255 0 255 0 255 92 255 0 0 0 0 255 0 255 0 0 255 255 255 0 0 0 0
    17 0 255 255 0 255 0 0 0 238 0 255 19 255 255 156 255 0 57 168 0 0 0
    0 0 0 255 0 255 95 255 0 255 0 255 6 0 255 0 255 0 0 0 157 255 255 0
    0 0 255 0 255 0 0 0 0 233 255 255 175 187 0 255 255 255 0 255 0 255
    255 0 68 0 0 255 0 255 0 255 0 58 0 0 255 211 0 0 198 0 164 0 0 255
    255 0 7 45 179 255 0 0 0 255 255 255 0 0 0 255 0 255 0 255 0 255 142
    255 255 255 177 255 0 255 255 0 255 0 0 50 255 95 0 255 255 255 0
    255 0 255 255 255 255 240 117 255 255 0 0 0 0 0 141 255 255 255 0 0
    217 255 255 0 113 0 255 0 255 255 255 138 255 0 0 255 0 255 220 255
    255 175 0 0 255 0 255 13 32 0 255 105 255 0 167 0 255 0 212 0 0 255
    0 0 255 0 174 0 255 255 255 0 0 0 0 0 255 255 255 194 0 0 255 255
    161 0 72 241 255 255 0 255 0 0 255 255 6 255 0 255 0 0 0 0 192 255
    255 148 255 255 210 0 0 196 255 255 255 0 166 255 105 162 246 255
    255 0 0 0 255 135 12 0 255 255 0 255 255 212 0 255 255 255 0 0 0 0
    78 0 75 0 255 255 255 0 202 255 147 0 0 245 255 255 0 0 0 255 6 255
    255 255 255 138 0 120 0 255 0 255 0 0 0 255 255 45 255 104 255 0 0
    242 255 0 255 0 255 0 255 0 255 0 255 0 0 0 0 255 0 255 118 255 0 0
    255 255 255 0 0 0 225 0 0 255 108 255 255 164 255 0 0 0 0 255 255
    255 0 0 0 255 255 255 249 255 0 129 0 255 255 255 243 0 255 0 255
    219 0 0 255 213 255 15 255 0 255 184 255 0 0 255 255 226 255 0 255
    124 255 139 255 0 0 36 0 255 255 255 0 0 0 255 195 0 0 0 198 0 255 0
    255 39 118 125 61 0 0 255 255 0 0 223 0 255 128 255 255 255 0 255
    255 166 255 255 0 255 0 255 0 255 107 255 0 0 0 0 255 102 20 251 16
    46 72 255 115 0 0 0 255 255 255 0 103 0 255 255 215 0 25 107 255 23
    255 0 255 255 0 0 0 255 255 255 255 0 161 133 255 0 0 0 255 255 0 2
    0 0 56 255 149 255 255 0 0 0 2 68 255 255 255 0 0 255 255 255 0 255
    255 148 255 0 0 198 63 255 79 129 0 255 84 0 12 24 0 82 255 255 119
    0 2 153 90 255 255 0 0 255 233 237 0 0 0 255 255 0 0 0 175 255 0 255
    0 255 0 255 0 98 0 255 0 255 0 255 58 255 163 0 0 0 0 255 255 226 79
    18 54 161 0 255 255 0 0 0 255 255 0 0 11 255 0 0 0 222 255 255 255 0
    0 0 237 255 255 0 255 255 255 0 0 159 0 255 255 0 255 255 255 255 0
    0 0 255 50 255 38 255 0 255 0 255 0 0 0 0 0 17 255 0 0 255 82 255
    159 207 0 120 0 255 255 255 252 255 229 149 255 233 18 0 0 102 255
    255 255 0 0 0 255 0 255 0 0 255 57 255 255 0 255 237 255 240 0 0 0
    255 107 255 255 255 0 0 255 0 255 255 255 0 194 255 255 0 0 0 0 0 0
    210 255 0 255 0 255 125 0 255 0 0 0 255 179 0 41 255 0 0 0 255 0 255
    255 255 207 154 0 0 0 255 255 0 89 255 96 255 157 255 51 0 0 255 0
    255 255 255 0 0 255 0 0 116 255 255 255 0 0 0 255 0 49 0 0 22 255 0
    0 216 49 255 39 225 121 255 0 0 0 255 255 255 0 0 0 255 255 255 0
    255 0 255 0 0 0 255 255 84 161 0 255 202 255 255 193 255 255 0 75 28
    253 0 255 8 255 0 79 144 155 255 0 246 255 0 124 255 72 119 0 255
    255 255 0 0 0 0 0 17 255 255 0 0 255 68 255 255 209 17 0 255 0 0 255
    255 255 0 154 105 0 255 255 140 255 129 0 110 0 255 255 255 0 0 255
    255 226 255 0 255 0 255 76 255 0 255 0 0 0 0 255 0 255 255 0 255 188
    129 21 255 175 0 0 0 0 255 255 255 0 255 255 52 102 0 255 255 255 0
    0 0 255 155 0 255 226 255 107 0 255 255 255 0 255 0 0 160 0 255 0
    255 0 255 0 255 0 255 0 0 255 0 72 0 255 255 255 0 0 0 0 255 255 0
    244 0 255 0 0 22 255 215 255 255 255 157 84 74 0 0 0 19 0 0 12 255
    255 0 0 161 77 110 255 255 0 0 0 255 0 255 255 255 0 0 0 255 255 255
    0 47 255 255 255 173 0 0 45 0 255 255 255 255 255 255 255 0 0 255
    255 255 0 62 255 0 94 231 255 0 255 255 255 56 43 0 0 0 0 255 255 0
    255 0 0 8 255 255 255 141 0 255 0 255 0 255 0 255 0 255 0 255 0 0
    160 0 0 0 255 255 0 170 255 255 0 0 255 255 255 0 0 0 67 0 0 134 255
    180 0 0 255 255 255 0 255 255 0 0 255 0 255 0 0 183 0 255 207 138
    142 229 75 0 242 0 0 255 255 255 255 255 255 255 0 0 0 0 32 255 0
    255 0 233 0 255 0 255 14 0 0 0 77 255 0 255 0 255 0 255 0 0 255 0
    255 0 0 0 255 0 255 255 255 0 0 0 255 255 255 255 255 0 239 255 255
    255 255 0 0 0 0 255 255 0 0 139 0 0 229 0 172 62 255 0 44 98 255 255
    52 0 102 0 168 255 0 255 0 167 0 255 255 0 0 116 255 255 0 148 255 0
    255 255 255 0 0 255 0 246 0 255 4 255 0 0 0 255 0 255 0 134 255 255
    194 0 2 0 255 0 255 0 255 0 0 0 255 255 255 255 0 110 103 72 250 0
    255 0 0 0 229 255 0 0 0 255 197 255 0 0 0 255 255 255 255 0 0 97 255
    137 0 0 255 255 0 255 0 120 255 255 163 214 0 0 0 255 194 0 0 255
    255 197 255 214 0 255 211 255 0 0 0 133 255 0 235 130 112 0 0 255
    255 255 33 0 255 255 255 0 255 0 0 51 0 0 184 244 137 255 0 0 255
    198 255 0 255 0 189 0 206 0 255 255 255 0 171 0 0 203 255 255 0 0
    255 0 255 156 75 47 0 0 0 0 255 255 255 255 0 245 255 0 0 65 255 247
    0 255 13 255 255 255 255 79 255 0 0 0 0 255 103 255 255 200 0 255
    255 58 0 255 0 0 255 255 255 255 0 244 0 255 1 255 120 255 10 0 255
    0 0 0 19 255 251 255 0 37 0 203 172 255 0 0 0 255 255 164 0 255 0
    255 255 139 205 0 255 255 0 255 255 0 75 0 255 0 0 149 255 255 255 0
    204 255 255 255 0 0 0 0 145 255 105 255 255 0 192 94 255 0 190 255
    255 182 0 255 0 253 0 188 255 0 255 0 0 0 0 0 0 255 48 0 0 255 0 0 0
    0 0 0 255 0 255 255 0 92 0 255 79 0 0 75 255 255 0 0 255 255 255 255
    215 255 255 195 255 255 0 0 0 255 56 255 255 255 0 0 124 140 255 91
    254 0 0 28 255 0 235 255 140 255 0 255 255 0 255 162 0 0 255 88 255
    0 42 255 0 227 255 166 255 220 255 0 0 0 255 255 0 255 0 255 255 255
    220 0 255 255 0 0 0 99 0 255 0 255 150 0 255 255 255 255 255 255 0
    255 0 255 162 99 166 0 0 0 255 255 63 207 230 0 255 255 255 125 255
    0 0 0 255 255 250 0 85 255 255 0 0 114 255 62 0 0 255 255 255 255 0
    0 0 255 255 0 0 255 255 78 0 0 0 255 97 232 0 255 21 0 201 0 238 255
    255 139 40 255 0 7 255 255 255 124 0 0 0 244 0 255 0 255 0 255 0 255
    0 0 102 0 0 255 0 255 32 255 255 255 0 114 0 255 255 0 114 0 255 184
    0 0 0 0 0 121 255 255 255 0 0 0 255 255 255 182 0 158 0 0 233 255
    255 0 0 255 0 255 0 255 0 255 255 0 255 63 82 107 255 17 0 0 255 255
    255 255 0 0 0 255 82 0 0 255 255 0 0 0 0 255 0 241 0 255 255 2 13 0
    2 0 255 165 255 0 0 0 0 0 37 255 0 255 0 137 255 0 0 0 255 0 255 255
    255 0 255 0 0 0 255 219 255 0 0 0 255 0 46 0 0 255 255 0 0 0 211 255
    255 47 0 255 255 136 255 255 0 0 154 19 0 0 255 0 0 225 255 255 83 0
    255 0 255 255 125 0 0 255 244 0 0 255 119 0 0 0 255 255 255 0 0 82 0
    0 0 255 255 156 255 0 0 184 0 255 0 255 0 255 242 0 255 0 255 0 196
    255 161 255 0 74 0 255 0 255 0 0 0 142 0 0 255 255 255 0 0 0 255 255
    11 0 255 255 255 11 7 255 0 255 77 200 0 255 255 119 255 0 0 0 43 72
    0 255 142 255 83 28 164 0 0 27 255 255 0 0 0 255 0 72 0 255 238 255
    0 152 223 255 255 0 6 255 255 255 12 0 53 0 0 255 0 255 0 191 255 0
    0 0 255 159 255 141 0 0 255 0 0 255 58 255 0 0 0 0 191 0 255 236 237
    0 0 255 92 0 247 177 255 0 192 0 136 0 253 152 255 0 255 0 255 255
    78 255 255 255 193 255 51 255 255 255 255 0 0 0 0 255 70 0 255 255
    255 255 255 0 255 31 255 126 130 255 255 0 0 4 0 255 255 255 0 255 0
    255 154 255 255 255 37 0 0 0 92 255 255 142 255 255 0 0 0 215 0 73
    255 255 255 0 0 255 22 255 0 255 255 255 0 0 255 140 206 156 255 255
    255 0 0 255 157 255 0 255 0 161 0 255 14 255 255 255 255 0 79 0 0 0
    152 0 252 0 255 0 0 0 0 0 6 255 55 255 0 183 0 255 17 198 0 255 255
    255 0 0 0 60 0 255 0 172 68 0 255 0 255 0 0 0 0 0 255 255 0 0 9 255
    255 255 93 0 255 255 255 255 255 0 255 0 255 0 255 255 255 0 0 0 0
    255 125 255 255 255 255 0 0 0 255 0 255 255 255 0 0 0 255 255 255
    255 186 0 255 109 34 0 255 0 255 0 255 0 165 0 0 54 0 255 255 26 196
    0 0 0 255 255 255 102 132 255 255 132 255 0 87 255 0 173 0 0 27 255
    255 255 255 255 255 75 0 0 255 70 255 115 255 255 0 0 255 138 255
    227 0 255 255 0 0 0 255 245 0 0 255 255 255 255 0 10 0 213 112 255 0
    255 0 255 0 0 255 206 0 255 0 0 255 255 255 100 0 205 0 255 255 255
    0 255 0 0 210 0 255 255 0 0 0 0 123 56 147 0 255 255 255 0 226 4 255
    0 255 255 0 0 255 255 139 255 255 212 0 255 255 45 0 255 255 0 0 0
    255 0 255 255 0 0 104 255 56 0 0 136 255 18 0 255 92 0 255 0 0 255
    148 255 0 255 255 0 149 0 234 255 100 0 0 0 255 0 0 255 255 0 0 255
    255 0 0 255 124 255 174 255 0 0 0 0 255 255 255 0 0 255 0 0 104 146
    255 255 255 0 0 92 0 0 227 29 224 255 95 255 213 255 0 0 255 191 131
    0 0 255 177 100 0 247 0 0 255 207 122 0 145 187 0 231 255 255 255
    255 0 190 0 255 255 9 255 0 0 255 255 255 0 255 0 255 0 255 21 0 0 0
    0 0 0 0 255 141 255 0 255 255 255 49 0 0 0 255 96 255 0 183 75 255 0
    0 0 255 255 255 0 255 0 255 0 0 0 255 255 255 131 0 255 0 0 255 255
    205 255 255 255 0 255 0 0 255 255 128 0 0 184 212 255 255 62 209 0
    255 217 187 255 255 0 0 0 255 0 255 233 0 0 255 255 255 255 0 0 255
    0 0 32 249 255 255 0 255 0 27 0 234 1 15 0 0 255 255 0 255 0 255 0
    185 255 255 255 0 0 255 64 255 0 0 255 0 178 76 255 0 234 0 255 0
    251 255 0 0 111 255 0 255 0 255 255 0 59 0 0 255 255 211 0 255 255
    255 0 255 0 150 0 194 255 255 255 0 0 0 255 255 0 255 130 251 0 0 0
    255 187 255 146 255 0 255 0 0 0 255 255 0 0 255 255 0 255 255 255 33
    255 0 255 38 11 223 255 255 183 244 255 255 255 0 255 0 255 0 0 214
    0 255 0 170 0 0 0 255 0 0 0 255 214 0 255 0 10 0 170 255 0 88 255
    255 255 0 255 255 169 207 0 0 255 0 255 0 255 9 255 0 255 255 0 0 0
    255 0 130 255 87 255 0 255 255 244 255 137 255 0 92 0 253 255 0 255
    157 159 82 0 0 0 73 255 228 90 0 73 255 36 0 106 0 255 255 184 255 0
    0 0 0 40 113 91 241 0 12 255 255 255 0 255 0 0 0 184 0 108 255 0 22
    0 255 0 255 42 157 255 255 0 0 237 255 0 0 0 0 0 0 255 255 233 0 255
    0 255 0 255 255 255 0 255 255 255 255 0 0 0 255 255 168 0 0 0 255
    255 38 0 0 0 255 0 0 255 100 255 162 255 255 0 255 0 0 0 5 0 255 255
    0 255 0 255 0 255 255 255 0 0 255 0 0 0 255 255 255 0 0 0 255 255 0
    191 107 255 0 211 0 255 0 255 0 255 118 55 0 255 255 183 248 0 255 0
    215 145 255 255 0 92 255 178 84 138 255 255 255 0 0 255 255 0 0 255
    255 0 255 0 255 0 117 0 0 255 255 226 255 6 0 0 255 255 0 0 255 21
    117 0 255 255 255 0 186 48 255 255 0 0 0 255 9 255 0 255 0 255 247
    102 255 180 255 0 91 148 227 255 0 255 0 20 0 255 0 255 0 85 227 255
    0 67 82 124 255 0 0 0 0 220 255 255 121 0 0 22 255 0 189 255 147 255
    0 0 0 255 255 255 43 33 0 68 0 99 0 0 255 255 69 243 255 0 0 8 0 255
    164 0 255 255 255 0 0 0 0 255 0 255 0 255 0 83 0 64 64 255 0 0 0 255
    255 255 0 0 195 255 0 0 255 0 255 0 255 50 255 0 0 0 255 255 120 0 0
    0 255 251 255 255 0 0 0 255 255 0 0 63 225 220 255 255 0 0 0 91 0
    255 255 0 0 214 255 0 0 255 0 0 0 0 0 188 255 255 86 0 0 255 255 255
    255 203 0 0 0 255 255 255 255 255 0 255 0 0 84 0 255 0 255 255 207 0
    0 0 156 0 255 255 0 255 211 0 0 150 0 255 44 255 0 255 0 255 0 11
    255 255 0 0 255 164 255 0 255 53 255 0 0 255 255 255 93 255 255 0
    255 0 255 0 255 255 102 255 255 255 0 0 255 0 0 0 255 255 0 255 255
    255 255 0 0 149 255 255 63 0 0 0 0 255 255 0 0 21 255 0 255 0 255
    158 255 255 0 255 0 255 255 255 255 0 255 0 255 0 255 203 255 255 0
    255 0 255 255 255 0 0 255 0 255 0 121 175 255 0 0 255 255 0 0 0 255
    181 255 0 255 255 0 0 105 189 0 0 255 255 0 255 0 255 255 0 0 0 141
    0 255 255 255 255 149 0 0 0 0 255 255 255 17 255 0 8 255 255 255 0 0
    255 255 255 173 0 113 255 255 0 255 0 216 76 255 0 162 0 0 0 255 0 0
    255 0 255 0 255 255 0 255 255 255 0 0 0 0 255 0 0 0 255 255 0 0 71 0
    23 0 255 255 255 255 0 38 0 0 255 0 0 255 0 255 255 0 67 133 255 0 0
    0 255 255 255 0 0 255 171 255 0 255 3 0 0 0 255 255 255 255 255 159
    219 255 0 228 0 255 255 0 0 255 255 255 0 255 0 0 0 182 217 255 0 0
    25 238 0 255 255 0 0 0 160 255 0 80 0 211 0 18 255 255 255 0 255 36
    0 255 255 255 255 0 255 255 255 255 255 255 0 0 0 0 0 88 255 202 0 0
    0 251 206 255 89 67 0 255 255 255 194 0 80 255 255 255 0 255 0 255 0
    255 255 255 0 0 0 0 0 255 255 255 0 255 255 255 0 255 0 255 0 2 0
    178 0 74 0 255 0 255 52 0 255 0 255 255 0 0 0 0 39 0 255 255 235 231
    93 255 0 255 255 208 0 210 0 0 164 255 255 255 255 255 255 0 255 0 2
    0 255 0 255 0 0 0 255 255 255 249 234 255 0 51 76 0 0 255 255 238
    255 255 255 255 0 0 255 51 0 0 255 255 0 255 0 0 255 159 255 0 255 0
    0 0 255 255 251 128 255 255 0 0 0 39 255 0 255 0 255 255 0 0 0 255
    255 255 0 0 0 222 0 255 140 255 255 0 255 255 0 255 255 0 0 255 0 0
    0 255 0 0 0 255 0 97 0 255 0 0 47 255 255 255 255 255 255 0 255 0
    255 0 0 45 0 0 0 255 255 255 0 255 0 0 255 255 255 255 255 255 0 0 0
    139 255 0 255 201 255 255 0 0 0 183 255 255 241 255 0 255 122 77 255
    255 23 0 187 0 255 53 255 0 0 255 255 255 255 0 189 0 255 0 255 248
    0 0 255 255 0 255 75 255 154 0 0 0 255 239 255 255 117 255 58 136 37
    29 255 0 255 0 255 72 58 255 255 0 0 60 255 0 0 0 255 255 255 255
    255 255 0 0 117 0 255 192 139 255 255 255 255 255 231 0 0 0 132 255
    209 0 0 255 255 255 255 174 0 36 255 0 255 0 85 121 255 0 255 255 34
    0 0 255 0 255 255 0 0 0 182 255 147 149 0 0 0 252 255 255 139 181 0
    0 50 255 255 0 0 255 195 255 255 0 81 27 0 171 35 255 33 0 0 0 255
    255 255 0 0 0 9 0 255 0 255 126 255 0 249 0 0 106 255 255 255 0 255
    255 255 0 0 255 255 255 237 255 39 255 0 0 255 255 48 255 255 255 0
    118 0 255 0 0 255 255 255 255 133 0 0 255 163 255 255 255 8 0 74 0
    255 255 150 214 0 255 255 255 0 255 0 255 0 0 0 255 0 255 255 255
    255 224 0 190 217 255 255 237 255 0 0 0 255 255 255 255 255 0 49 0
    108 54 255 0 255 0 255 255 255 255 0 255 190 243 0 0 255 55 0 255
    255 71 0 255 255 113 21 65 255 255 0 0 255 255 255 0 0 0 246 255 114
    31 255 251 109 255 0 20 0 0 255 0 0 255 202 255 0 255 0 238 0 0 0 0
    255 255 255 0 0 0 255 255 0 255 0 0 0 0 0 255 255 255 0 255 255 0
    255 0 255 106 255 0 0 0 0 0 255 0 0 255 0 0 255 102 255 255 0 164
    168 255 0 0 0 0 155 150 0 255 255 170 0 0 255 255 105 0 0 0 255 255
    255 0 255 0 0 0 255 255 0 0 197 0 255 0 201 0 255 255 255 0 0 0 255
    129 255 255 255 108 0 255 255 255 255 0 0 255 0 255 0 255 0 0 0 255
    255 255 0 0 0 0 0 255 255 0 0 255 0 72 168 255 255 255 97 0 0 255
    230 88 255 0 0 255 255 255 0 0 0 0 0 255 0 255 38 255 0 117 241 255
    0 255 255 255 0 255 0 0 0 255 0 0 255 73 0 0 151 255 255 0 0 255 20
    0 255 0 255 255 255 0 0 47 255 255 255 255 255 255 255 0 0 0 69 255
    255 39 255 0 0 0 255 0 255 255 255 255 0 0 0 18 255 255 204 0 255 0
    0 0 0 255 255 0 255 255 255 24 255 0 255 0 0 0 0 0 255 255 0 150 0
    255 0 0 255 255 255 0 255 0 255 0 255 204 255 0 0 0 0 0 255 255 173
    0 0 255 255 0 255 255 0 107 255 245 255 0 157 255 255 0 255 0 255 0
    255 255 0 71 0 255 0 0 255 0 255 255 0 0 255 255 0 87 0 255 113 255
    0 0 0 255 255 0 212 244 255 255 255 0 123 0 182 255 0 64 12 255 255
    27 0 255 255 0 255 0 255 97 0 0 255 255 255 0 0 0 0 255 255 255 0 0
    205 150 255 0 0 0 210 0 227 123 255 0 255 0 0 255 0 0 0 255 255 255
    255 132 0 255 100 255 0 0 0 255 255 106 255 0 0 74 255 255 255 255
    255 0 0 0 66 255 0 0 0 255 0 0 0 255 0 255 0 255 255 0 255 255 0 255
    255 0 0 0 255 255 0 177 230 0 0 0 0 255 255 0 0 152 255 0 0 255 255
    0 255 0 34 0 125 0 0 0 255 255 0 165 255 255 255 255 255 0 0 0 255 0
    0 194 255 255 0 255 0 255 64 255 230 25 0 0 242 0 255 255 0 255 255
    255 29 255 0 255 0 0 0 0 209 255 255 0 0 255 255 255 0 0 0 66 255 0
    92 0 0 255 0 0 116 0 255 255 147 242 120 255 0 0 255 255 0 0 0 255
    255 73 255 255 255 0 0 255 255 0 0 0 197 255 255 255 0 0 0 255 255
    98 0 0 0 190 255 255 0 0 255 255 0 0 85 227 255 255 100 209 255 255
    255 0 0 0 255 255 255 255 71 0 0 255 255 255 0 0 255 255 0 0 255 255
    255 0 0 0 255 255 97 88 255 0 0 0 80 19 0 255 117 148 255 255 0 255
    4 0 0 0 82 109 25 0 0 0 0 255 255 78 0 255 147 255 246 255 0 0 255
    255 255 0 0 167 255 85 255 255 255 0 255 0 0 255 255 255 0 0 255 128
    255 255 255 0 0 0 255 255 0 0 0 0 0 255 255 255 255 255 0 0 255 255
    0 130 255 0 0 0 211 0 255 255 53 194 255 0 81 0 0 255 0 0 0 255 0 42
    0 255 255 0 255 0 255 0 0 255 255 255 255 137 218 133 85 40 0 255 0
    255 255 255 0 0 0 13 255 0 255 0 0 0 255 255 255 255 0 0 0 255 0 0 0
    255 255 70 0 255 255 255 0 0 51 255 255 255 255 255 255 0 255 0 255
    255 0 255 255 102 0 0 255 255 255 0 0 0 255 255 59 0 120 255 0 255 0
    255 255 255 255 255 255 0 0 0 255 0 164 0 0 154 0 30 255 235 0 0 0
    255 255 255 0 0 0 100 0 0 255 255 0 0 0 0 0 255 255 108 0 255 255
    255 255 170 0 255 255 0 255 255 255 0 255 0 0 0 255 230 255 255 255
    0 0 0 255 255 151 35 236 255 0 255 255 0 255 153 255 0 0 0 255 255
    255 162 0 255 98 255 0 62 255 175 0 0 255 255 255 0 0 0 255 255 196
    0 0 57 0 0 255 255 0 0 171 255 255 255 255 0 255 0 255 255 0 0 0 75
    59 255 6 0 255 0 255 255 255 0 255 0 0 0 255 255 0 255 169 255 78 0
    16 255 255 0 0 77 255 29 255 0 255 145 255 0 0 0 0 4 255 0 255 0 0 0
    255 255 255 0 0 255 0 0 55 255 255 0 0 255 255 255 255 255 0 255 255
    0 255 0 255 0 0 0 65 255 0 0 255 0 255 0 0 255 207 255 255 0 255 0
    255 210 255 238 0 36 0 255 0 255 0 255 0 255 0 0 99 0 0 0 0 255 255
    0 0 255 0 170 84 255 155 255 0 255 213 0 189 125 0 123 0 0 0 184 0
    255 0 0 219 255 0 255 0 0 255 255 45 163 189 0 255 0 0 0 255 4 255 0
    255 255 0 0 255 0 255 0 255 59 0 0 255 255 0 167 0 255 255 255 0 255
    0 255 0 0 0 0 23 255 39 255 255 255 0 0 0 255 255 0 0 0 0 255 255
    255 250 69 255 255 0 255 0 255 254 0 255 255 255 0 0 70 19 255 2 200
    0 255 0 255 255 0 255 0 197 255 255 0 0 255 255 255 255 0 0 0 255
    255 255 255 255 0 0 4 246 255 255 0 0 0 138 167 168 0 255 0 255 255
    79 255 255 0 0 127 0 255 255 255 0 0 28 207 255 255 171 255 0 0 0
    255 86 255 0 255 0 0 0 255 0 0 119 255 0 0 0 255 0 255 255 255 143 0
    255 217 161 0 255 255 255 0 65 255 255 60 0 0 0 0 255 0 0 255 255 85
    80 0 0 255 255 255 0 0 255 255 255 0 255 0 255 0 142 255 163 0 255
    255 128 92 255 255 255 179 255 0 0 255 255 150 0 0 255 0 255 211 255
    255 0 255 128 236 51 255 0 255 0 255 212 255 255 0 0 4 255 0 0 0 161
    0 79 255 255 255 0 221 197 255 0 255 211 255 255 255 0 246 0 115 100
    228 255 0 0 6 255 255 37 0 0 0 0 255 255 0 0 0 255 42 255 0 255 0
    169 0 152 255 255 0 255 88 255 0 0 255 0 43 0 255 0 98 94 255 0 205
    255 45 186 0 0 167 255 255 0 243 0 255 255 255 0 255 255 0 255 0 56
    0 255 255 0 0 61 5 255 209 0 0 255 0 0 0 0 255 0 255 0 241 255 0 0 0
    0 31 0 215 163 255 0 89 255 255 158 0 0 0 220 137 255 0 0 54 0 0 255
    255 0 255 53 255 129 255 0 255 255 255 0 255 165 0 0 255 255 255 0
    255 255 0 0 0 255 255 255 255 0 0 255 0 255 36 255 99 255 109 0 200
    255 0 244 225 0 255 255 67 255 0 0 0 255 255 0 13 0 255 255 255 33
    255 255 0 0 255 255 255 255 0 255 0 255 0 0 255 255 0 0 0 255 255
    255 0 255 255 255 140 255 0 0 255 59 255 0 255 0 255 0 255 0 255 0
    29 255 0 255 0 0 0 0 255 0 0 0 26 255 255 0 255 151 255 0 0 0 255 0
    0 0 255 255 0 255 171 255 0 0 255 255 255 0 80 255 255 0 255 255 0 0
    63 255 0 0 0 69 0 0 63 0 255 119 0 8 255 0 0 255 255 255 0 118 100
    255 223 0 58 255 0 255 216 0 147 164 255 255 0 46 0 255 255 65 221
    167 255 0 155 206 0 0 0 255 255 255 0 89 35 0 0 0 0 255 0 0 0 255 91
    23 255 109 0 0 255 121 0 0 0 255 255 255 0 0 0 0 0 255 255 0 133 255
    190 0 255 255 255 0 0 97 255 0 255 255 0 0 255 255 0 255 47 0 255
    255 136 139 0 0 0 78 255 255 255 0 0 0 255 255 199 255 255 255 201 0
    0 33 255 0 0 255 255 255 0 0 0 255 255 0 255 255 0 255 0 133 0 255
    255 124 0 0 255 0 150 153 0 0 113 211 255 0 251 15 255 255 227 0 255
    255 255 0 0 45 135 255 0 255 0 255 255 255 255 0 255 192 0 0 255 255
    255 255 0 255 153 0 21 223 0 0 0 255 0 255 255 255 255 0 255 255 0
    255 0 255 255 1 0 255 255 255 0 79 255 255 0 122 232 255 255 255 0 0
    0 17 255 0 0 0 0 212 255 0 0 255 255 0 0 255 255 255 0 0 255 255 255
    0 0 0 0 150 255 212 0 0 255 153 172 255 0 41 0 255 0 255 100 255 0 0
    0 0 0 0 0 0 255 208 0 0 0 255 0 255 255 255 255 174 255 0 255 255
    255 0 0 255 0 4 255 94 0 255 35 255 0 0 0 255 184 255 0 233 0 114
    206 0 0 0 255 255 255 0 0 0 255 0 0 255 255 255 255 255 201 0 32 255
    0 255 54 34 0 7 255 101 255 0 0 147 255 255 94 180 255 255 255 0 0 0
    92 255 255 255 0 0 46 255 49 0 255 255 255 81 255 0 0 255 255 193
    255 0 0 0 10 255 255 0 55 0 255 0 255 0 0 0 213 0 255 117 163 255
    255 0 0 255 0 0 255 255 255 255 0 0 0 255 255 0 0 0 255 0 255 0 255
    48 0 0 255 51 0 0 255 0 191 255 0 0 255 255 0 224 0 0 217 0 255 36 0
    126 80 255 255 0 255 0 255 0 0 0 24 255 153 0 0 169 255 255 255 255
    0 255 0 0 255 255 112 255 84 210 0 255 255 255 0 0 0 0 36 255 0 255
    0 255 232 255 255 255 0 118 0 255 188 255 255 255 255 0 0 0 0 184
    255 152 255 42 255 0 255 255 255 0 0 0 255 255 255 255 255 0 0 255 0
    238 0 255 0 255 0 180 255 255 109 177 68 255 72 255 216 112 0 18 255
    0 0 0 255 3 255 0 0 0 0 255 255 255 255 255 55 0 255 0 255 255 161
    255 0 140 255 0 52 255 255 0 0 255 0 0 0 0 255 255 255 255 0 255 255
    60 118 0 52 255 93 255 0 0 0 255 255 0 255 164 0 0 255 108 96 255 74
    0 0 255 0 255 255 199 255 255 252 0 0 184 214 255 0 255 45 255 18
    255 255 0 0 0 255 255 0 0 44 255 255 255 181 0 0 0 255 153 24 255 0
    0 0 149 255 0 255 61 234 0 133 241 255 0 179 0 0 255 0 255 0 255 18
    255 0 0 0 8 0 255 0 255 0 0 0 177 255 0 234 255 153 0 0 190 255 255
    255 0 0 255 255 0 0 255 255 136 0 16 200 255 0 255 71 130 255 0 255
    255 0 0 255 0 0 0 255 255 255 226 161 255 0 115 0 255 0 255 26 0 0 0
    12 255 0 255 255 0 0 0 0 0 0 179 255 255 0 149 0 255 0 255 255 255 0
    0 0 255 255 0 255 0 255 255 72 170 0 0 0 255 255 143 0 0 255 0 0 0
    210 0 255 255 255 0 0 62 255 255 105 0 0 255 255 255 0 255 255 255 0
    0 0 255 255 255 199 255 1 0 190 255 255 255 255 20 255 0 0 0 97 255
    0 184 0 255 0 255 0 0 0 0 0 0 0 255 255 0 0 255 255 255 15 0 183 0
    255 0 255 0 0 0 0 255 255 0 0 255 108 0 0 0 255 0 122 0 255 0 255 0
    255 0 255 0 0 255 255 0 0 0 0 37 133 56 25 255 255 255 255 0 0 0 237
    255 255 255 227 66 0 78 255 0 255 0 255 255 255 225 0 255 120 152 0
    170 0 0 255 0 255 0 255 255 255 255 0 0 0 255 255 0 0 0 255 255 255
    0 0 0 255 0 255 255 196 0 255 255 255 0 61 0 255 145 0 0 108 0 207
    40 255 255 0 0 255 0 0 0 255 255 255 0 255 255 255 0 0 15 255 255 0
    255 255 0 255 255 255 0 0 255 255 0 0 94 105 0 121 255 255 255 13 0
    215 120 255 255 0 255 0 0 0 255 255 255 255 0 0 0 0 255 255 63 0 0 0
    255 255 255 255 255 0 0 251 0 255 0 0 0 208 0 0 255 255 0 255 0 187
    0 255 0 0 0 255 255 255 0 0 0 82 255 255 96 187 166 255 156 255 255
    118 255 0 0 255 0 213 0 219 255 0 0 0 255 255 0 22 0 255 0 238 255
    255 0 0 0 0 62 255 255 110 0 0 92 255 255 0 0 255 41 0 0 0 255 255
    255 255 0 219 0 255 0 255 0 255 255 0 0 0 0 177 59 255 0 255 255 78
    125 255 255 0 0 72 255 0 40 255 255 0 255 255 255 116 255 11 0 0 0
    208 0 0 181 0 144 0 0 223 255 255 255 255 0 0 0 255 255 0 0 0 255 0
    255 229 255 0 229 99 255 66 0 120 0 255 177 0 136 255 255 255 255 0
    255 134 219 0 0 0 255 255 193 0 0 0 169 255 233 255 138 255 255 255
    0 63 0 255 0 255 0 255 0 255 255 255 0 0 255 205 255 0 0 0 29 0 255
    255 0 125 0 255 0 0 0 255 0 0 0 0 0 255 255 0 0 0 255 255 255 0 0 0
    255 255 158 0 98 0 0 240 0 255 255 167 231 0 0 255 255 255 0 0 0 0
    157 255 140 0 110 255 207 0 0 0 0 69 0 255 0 255 0 255 255 255 0 0
    255 0 0 0 255 255 255 0 0 0 0 255 228 5 0 255 0 142 0 95 0 0 188 255
    244 0 146 54 120 118 255 255 198 0 0 255 255 255 0 61 0 190 255 255
    72 0 255 255 69 0 0 0 255 148 255 0 255 0 255 0 255 255 154 0 29 0 0
    10 227 255 0 109 205 255 255 238 0 255 0 0 255 255 156 0 255 255 255
    0 173 255 255 255 255 125 0 0 0 255 48 255 255 0 0 254 0 41 137 255
    255 0 0 32 255 255 109 0 0 0 255 255 0 255 0 255 252 0 0 0 0 255 255
    255 255 255 0 255 167 255 0 0 255 0 191 0 255 255 0 0 255 255 255
    255 0 0 87 0 0 98 255 0 255 255 0 0 0 255 255 104 0 0 137 255 207 0
    161 255 0 109 255 255 255 0 0 0 0 255 255 255 0 0 255 0 94 255 255
    255 0 255 255 255 255 255 242 152 255 74 255 0 214 255 255 0 197 255
    2 255 255 43 0 0 255 121 255 0 255 255 0 255 89 255 0 128 0 124 255
    255 0 255 255 255 255 0 255 0 0 0 0 255 255 0 0 255 149 255 0 255 0
    255 197 255 255 255 0 0 0 72 216 88 255 0 255 140 0 0 0 0 255 0 0
    198 71 31 0 0 248 255 0 251 82 255 255 225 132 255 255 0 161 255 255
    255 255 0 0 0 255 0 255 0 255 255 210 0 0 0 255 255 0 0 96 255 255 0
    196 255 255 255 236 255 17 113 112 60 255 94 0 0 255 255 0 0 255 255
    255 255 0 39 97 255 255 255 120 0 0 0 0 0 255 255 237 0 0 255 0 255
    167 0 255 0 0 0 124 255 255 255 255 0 255 0 255 0 0 255 0 255 255
    157 7 0 255 255 255 0 184 0 255 0 114 0 0 255 255 0 255 181 0 0 0
    220 255 0 161 255 255 0 199 0 255 0 156 150 0 255 255 255 255 255 0
    0 255 255 255 0 255 0 0 0 211 151 255 0 255 247 255 12 221 101 0 206
    255 255 0 180 124 255 0 255 0 255 188 2 0 0 255 0 255 255 255 0 0 41
    0 0 255 255 0 0 255 142 255 255 0 0 234 255 255 0 0 0 255 255 255 0
    255 255 255 0 65 17 255 253 255 255 255 255 0 0 0 11 0 179 0 255 0
    150 255 255 255 255 0 0 0 255 255 0 0 0 1 255 255 0 255 214 0 0 0
    255 255 0 0 0 255 40 255 0 255 64 255 0 255 0 255 255 255 0 0 255 0
    255 215 149 255 255 255 0 0 255 255 255 0 255 255 255 255 0 255 0 0
    8 146 0 0 255 36 255 35 0 255 204 217 162 255 0 255 0 1 0 255 255
    255 0 32 85 255 255 255 0 0 0 255 53 0 0 255 255 178 15 168 255 255
    255 255 0 0 255 76 0 0 255 255 236 0 0 0 255 0 0 0 255 255 255 155
    255 0 0 255 120 0 255 0 87 0 11 255 0 113 0 255 0 0 0 0 255 0 0 255
    255 255 255 255 255 0 0 255 255 255 0 0 0 255 255 102 0 255 255 56 0
    0 255 255 255 0 255 0 0 255 255 88 202 0 0 255 0 255 0 0 255 255 255
    255 0 0 255 255 0 0 0 0 255 255 105 0 255 0 255 0 255 0 255 0 0 217
    0 255 0 0 255 255 254 0 0 252 44 233 255 0 255 148 255 0 0 0 0 0 255
    255 255 0 0 255 255 0 0 193 10 0 255 53 0 0 136 0 0 0 0 0 255 255
    255 0 155 255 0 255 0 255 255 255 0 109 33 0 0 245 0 95 255 156 255
    0 0 0 166 66 255 85 0 255 255 255 255 0 0 255 255 255 255 0 255 255
    255 0 0 255 255 0 0 0 0 255 255 255 200 255 245 255 0 0 0 255 255 0
    0 255 38 255 0 0 255 255 255 255 0 255 0 0 255 255 0 0 0 12 255 255
    255 0 0 255 0 46 255 255 0 155 255 0 255 0 0 0 73 95 0 255 255 255
    151 0 0 233 0 0 142 255 255 223 0 0 255 255 255 0 255 0 255 0 255
    255 255 0 0 255 255 255 255 255 0 0 0 255 0 0 255 171 255 0 255 255
    255 0 0 89 255 0 0 0 0 0 255 255 0 0 0 255 0 255 255 0 212 0 255 255
    255 195 0 0 10 0 161 0 255 120 255 0 0 0 0 0 255 53 255 0 176 133
    157 0 0 255 255 0 0 0 0 255 0 0 255 11 0 0 255 0 0 0 255 0 0 255 255
    199 0 251 178 255 64 238 0 255 0 0 255 187 255 0 255 0 0 0 255 49
    255 182 255 90 0 0 0 0 255 39 212 20 255 255 255 0 91 255 255 0 210
    255 255 136 255 255 255 0 0 0 255 255 255 0 0 255 0 255 116 7 204 0
    255 0 240 255 255 255 255 0 255 0 230 0 255 0 33 42 0 71 255 255 255
    255 255 255 0 88 0 255 176 0 0 0 255 231 0 207 255 255 255 0 0 0 255
    255 0 255 13 153 0 0 0 255 0 175 255 255 255 0 0 247 255 255 255 0
    183 0 255 63 255 255 0 206 255 0 255 0 26 255 0 0 251 191 0 0 247 84
    255 255 0 255 0 255 203 0 255 0 0 0 227 0 177 255 0 255 0 255 0 0
    255 0 255 113 255 255 255 0 255 0 110 255 192 0 243 0 255 12 255 255
    0 255 42 125 0 255 0 0 0 0 255 0 255 255 0 0 107 255 255 255 0 255 0
    0 255 0 0 14 255 255 0 139 0 255 40 255 0 255 170 255 40 0 0 0 255
    137 255 202 59 85 222 0 255 255 123 0 71 0 255 23 255 255 0 9 255
    255 255 0 0 0 85 0 0 218 255 9 81 255 0 0 0 255 0 0 198 0 255 255 0
    0 0 255 255 80 0 0 255 255 195 0 255 255 255 0 0 255 255 255 255 255
    0 0 48 0 255 0 255 159 255 0 108 255 255 0 0 0 0 13 153 255 255 0 0
    199 255 0 0 255 0 255 0 0 0 255 0 212 0 255 171 0 255 0 255 0 255 0
    0 255 113 255 0 0 0 255 255 0 165 100 0 5 0 255 255 255 0 121 0 0
    255 99 0 255 0 255 0 255 0 255 20 0 0 0 0 176 255 255 255 186 0 130
    255 142 0 0 0 0 0 255 0 255 0 255 0 255 255 255 42 255 0 255 0 255 0
    255 0 0 0 255 255 255 0 81 0 0 255 89 255 255 0 243 255 255 255 0
    116 0 101 83 0 255 41 0 255 0 255 159 255 255 0 255 255 0 0 11 255
    255 111 0 0 255 255 255 78 10 255 0 0 0 255 0 144 0 255 255 255 0 0
    255 255 255 0 0 255 0 0 0 255 255 255 255 0 0 0 0 0 255 0 255 255
    255 255 0 255 0 255 255 126 122 255 255 255 0 0 255 255 0 30 255 255
    56 255 15 0 105 255 255 184 0 0 255 0 0 0 255 215 0 255 255 255 0 37
    25 255 0 0 55 255 255 255 0 0 64 255 255 52 255 198 0 117 255 255 0
    255 55 255 0 0 0 229 0 0 255 0 0 255 255 255 56 0 0 98 255 0 255 0
    255 0 0 0 255 84 83 0 255 255 0 46 0 255 255 255 0 0 0 241 255 50
    127 0 0 255 0 181 0 0 0 0 181 0 255 255 0 0 145 255 255 0 0 255 255
    255 255 0 255 0 255 0 0 0 47 255 255 0 0 210 255 255 44 255 107 255
    0 255 32 0 0 0 255 0 255 255 180 0 255 255 255 0 188 0 67 0 255 255
    255 0 0 0 0 255 0 75 0 0 239 255 0 6 0 255 142 236 255 0 255 146 255
    0 255 0 242 0 255 255 99 0 0 155 255 255 255 119 0 255 0 0 255 0 177
    255 0 77 237 255 255 175 255 157 255 82 255 0 0 255 255 255 0 0 255
    255 0 0 14 223 255 0 255 255 36 0 0 255 255 255 0 0 0 255 255 0 113
    255 255 48 168 0 0 0 0 255 255 0 0 255 163 0 255 255 0 0 0 0 255 255
    255 255 0 255 255 0 0 255 255 255 28 255 255 0 0 0 130 8 0 213 255
    12 0 0 6 0 0 40 85 255 255 0 255 255 0 0 0 0 255 4 255 255 0 0 255
    255 0 77 255 146 0 0 255 255 41 214 0 255 255 0 222 185 255 0 129
    255 0 59 0 81 255 0 0 255 255 255 255 0 21 0 188 255 255 255 255 0 0
    255 0 0 0 255 255 0 131 255 0 255 142 20 255 0 0 0 201 0 255 176 255
    226 177 108 0 255 0 0 0 255 0 0 255 255 255 255 255 255 97 105 0 255
    159 255 0 0 198 0 0 53 255 255 0 0 0 255 0 255 141 255 0 255 0 0 0
    255 255 0 0 255 255 255 0 0 0 0 255 0 255 255 255 0 0 214 255 255
    231 0 202 0 0 0 255 0 255 0 255 255 56 0 0 253 0 187 142 255 0 255 0
    255 0 0 0 171 0 0 0 255 0 255 156 0 0 0 0 255 0 255 0 255 255 198
    208 0 255 0 219 30 119 54 255 40 0 255 24 0 52 0 187 0 255 0 0 0 0
    255 255 255 0 147 0 255 255 255 128 0 255 0 255 255 255 0 139 0 255
    255 0 255 255 255 0 0 255 255 0 255 0 30 106 91 0 47 255 255 0 0 0
    255 255 255 255 0 0 255 255 255 255 0 0 255 255 0 97 192 22 29 255 0
    217 0 255 0 0 179 0 27 174 0 255 255 207 255 255 255 0 46 0 86 255 0
    76 255 26 255 0 255 255 255 87 0 255 0 255 255 255 205 0 95 0 0 0
    255 0 255 255 255 0 99 0 97 0 215 255 255 0 0 0 255 255 255 73 255 0
    0 255 0 255 8 255 0 0 81 255 255 0 255 0 255 0 255 0 255 56 0 59 255
    0 255 0 255 255 0 255 255 255 0 0 0 255 255 129 0 175 0 255 255 0
    255 0 0 0 5 255 0 255 255 255 170 255 0 0 255 0 255 0 0 0 0 0 0 0 0
    255 255 255 0 0 154 0 255 0 86 117 237 0 255 0 190 0 0 255 255 255
    255 0 0 37 255 0 255 0 255 255 0 0 255 255 52 255 0 255 56 255 255 0
    0 0 148 255 255 13 0 0 255 255 0 255 0 255 167 0 136 255 255 0 36
    255 255 132 174 0 206 159 0 255 255 255 0 167 10 0 0 0 30 255 255
    255 0 255 0 0 255 122 0 0 255 255 55 0 255 255 0 0 255 255 255 0 109
    0 255 255 0 200 0 255 255 255 255 0 255 255 255 0 0 0 255 255 255 0
    0 0 0 0 0 255 255 43 0 255 255 255 0 0 255 255 169 0 0 255 0 179 0 0
    179 255 255 255 0 255 0 255 255 255 0 255 255 255 0 35 0 186 0 255
    255 255 29 255 255 0 0 0 255 255 255 255 181 255 0 255 130 255 0 0 0
    255 0 8 0 255 0 255 0 0 0 115 255 0 112 255 255 0 255 0 107 0 34 0 0
    192 180 255 0 255 255 0 0 255 255 42 255 0 255 255 23 255 0 255 0
    255 62 0 0 255 255 113 156 255 255 255 255 255 255 0 255 0 0 255 255
    255 0 255 0 255 255 179 0 0 0 0 0 232 0 255 86 255 0 0 0 0 54 137 81
    255 68 95 185 255 255 0 0 0 255 210 255 70 157 0 255 0 0 255 0 255
    255 94 50 175 0 255 0 255 167 197 255 0 255 0 255 255 255 255 57 0
    255 255 255 0 0 255 255 255 0 231 0 255 0 147 0 255 246 255 255 255
    89 0 59 255 0 0 255 255 255 0 255 0 255 0 0 0 0 255 255 0 158 189
    255 255 255 0 223 0 142 0 255 0 210 255 255 0 189 255 0 255 0 255 82
    255 255 0 255 0 0 0 255 255 255 0 0 255 146 0 255 255 0 0 0 0 255 0
    255 146 255 0 228 255 255 255 255 233 255 0 0 255 255 255 255 255 0
    0 83 24 255 255 0 255 0 255 255 255 0 0 109 255 170 0 255 0 0 0 255
    0 68 255 255 177 0 0 157 250 255 255 255 255 0 255 0 0 0 255 0 0 255
    255 0 0 225 0 255 255 0 0 0 255 255 255 18 0 0 0 197 0 255 0 255 241
    255 114 0 255 0 168 0 206 0 0 255 255 255 255 255 0 0 0 255 255 255
    66 77 255 255 87 0 0 12 187 52 255 255 237 255 161 125 255 255 255 0
    255 173 0 151 255 41 255 0 255 0 255 18 197 255 255 255 0 255 0 0
    164 255 0 255 255 255 0 168 0 255 255 255 29 255 0 255 108 255 110
    255 0 0 0 0 236 0 255 224 255 255 255 0 255 255 0 255 0 255 255 0
    145 0 255 255 0 197 0 0 255 254 0 0 0 219 0 156 0 255 255 234 255
    221 53 111 255 0 0 0 255 255 255 0 0 0 194 255 0 0 0 255 0 0 0 255
    255 255 255 0 0 0 255 0 245 0 0 0 255 255 0 0 255 255 255 255 255 0
    0 0 0 0 0 207 0 93 0 64 0 255 255 232 0 255 0 255 255 84 0 255 28 0
    255 255 255 0 255 36 255 0 0 0 0 255 0 0 0 255 118 255 0 0 128 255 0
    73 0 0 255 255 255 255 0 0 255 96 0 255 0 0 255 255 255 0 0 255 255
    0 0 255 38 255 0 255 255 255 0 0 255 255 255 0 255 0 255 255 0 254 0
    0 192 100 0 255 255 255 0 0 0 255 255 109 166 0 189 255 235 0 0 0
    255 15 0 0 255 255 0 255 0 255 0 255 255 255 0 0 236 255 124 177 0 0
    255 187 0 167 0 255 0 70 202 255 0 48 134 0 0 255 255 0 0 255 255
    213 60 0 128 0 142 255 255 69 255 0 121 0 255 234 0 0 0 255 239 0
    255 48 255 137 202 0 255 255 255 255 255 0 255 0 0 255 0 225 0 255
    67 0 0 0 0 0 0 255 255 146 150 0 255 0 144 0 255 0 255 0 0 255 139
    107 0 255 255 255 255 0 255 0 255 0 255 0 0 139 209 212 0 130 255
    147 255 0 0 255 0 255 255 143 0 0 113 255 255 255 0 255 0 155 113
    255 255 73 0 0 0 255 255 150 0 0 0 0 0 255 255 255 255 255 0 12 0 0
    0 255 255 0 255 0 0 190 0 220 0 0 0 255 255 0 255 255 255 0 255 136
    255 255 0 113 0 255 0 0 242 126 121 255 0 255 0 232 255 177 255 255
    255 0 0 255 255 121 0 0 0 114 255 255 0 0 0 255 0 255 192 255 104 0
    255 255 94 0 243 0 0 0 255 22 255 0 255 255 0 255 0 32 0 0 0 255 34
    0 255 0 255 236 255 255 0 255 0 255 0 255 255 255 255 0 0 21 255 255
    255 0 0 0 0 255 255 87 0 0 255 0 255 0 255 255 0 252 0 0 255 58 0
    255 0 255 0 177 0 0 0 255 0 255 255 0 255 0 255 0 255 0 255 81 0 82
    0 255 255 0 0 0 255 255 157 0 0 0 0 0 26 0 0 255 255 235 0 0 0 0 255
    0 240 0 255 255 255 255 0 0 255 255 255 0 0 233 255 36 0 0 0 170 255
    0 55 67 255 0 214 202 0 255 0 255 248 255 0 255 102 0 0 0 255 247
    154 255 0 0 0 255 0 0 0 0 0 255 0 99 255 145 0 118 255 0 0 84 255 0
    0 0 0 221 16 255 0 132 0 118 124 202 255 27 255 0 255 33 148 255 255
    255 0 0 0 255 255 0 255 255 0 0 255 255 0 255 255 255 43 255 88 0 0
    0 255 255 255 0 0 0 0 0 255 0 255 0 137 255 133 255 0 0 197 183 255
    198 255 0 0 0 255 255 153 64 255 129 255 255 255 255 0 250 0 255 121
    255 0 176 0 255 255 59 252 0 18 255 255 255 0 0 0 0 255 156 255 255
    255 165 0 0 0 0 225 0 255 128 0 91 0 255 255 255 255 0 0 0 255 0 255
    0 255 0 255 194 255 0 208 0 219 10 255 0 189 0 0 0 0 0 0 255 255 255
    0 0 0 122 176 0 255 21 0 0 129 111 0 44 0 255 0 255 0 255 0 255 255
    0 172 0 255 16 255 255 0 12 0 0 140 159 0 255 255 255 57 0 199 0 255
    0 0 135 255 206 255 255 0 0 0 255 255 0 0 255 255 255 255 255 0 0 0
    255 0 0 0 255 227 116 255 0 0 255 255 25 255 255 0 0 0 255 255 255
    255 255 246 255 0 192 0 255 255 0 48 255 255 255 0 0 255 255 54 0
    255 0 255 0 255 255 255 0 255 0 255 255 255 255 0 255 0 255 0 255 0
    255 23 255 0 50 0 17 255 255 115 167 255 0 255 255 255 0 255 144 255
    0 0 0 0 191 0 0 255 67 255 0 0 0 106 255 0 255 46 105 0 0 0 0 0 255
    255 255 255 0 0 255 0 255 50 255 255 0 44 47 255 255 7 0 0 85 0 0
    255 255 255 254 0 255 153 255 255 255 0 0 255 28 0 0 255 0 255 255
    236 0 0 0 255 255 0 0 201 0 255 0 0 255 255 0 255 212 0 0 255 255 0
    255 0 96 0 0 0 255 255 83 0 40 0 255 0 0 0 255 35 255 255 0 133 0
    255 61 0 0 0 255 0 255 0 255 168 0 0 238 255 255 255 0 0 0 255 255
    255 255 39 255 255 0 0 35 255 255 0 53 0 255 255 255 0 255 0 255 255
    0 1 0 50 255 255 0 255 0 255 255 0 13 0 255 199 3 0 0 255 0 0 0 255
    255 0 255 255 255 0 0 130 212 255 45 0 0 111 255 33 11 255 255 255
    255 130 255 232 0 0 0 0 255 255 255 0 0 0 255 0 0 222 254 255 255
    255 0 0 0 255 19 206 255 255 255 255 0 255 255 0 238 0 0 227 255 255
    0 255 0 255 0 255 0 255 0 0 0 175 255 255 0 52 255 58 255 0 0 0 255
    255 255 0 0 0 255 255 255 44 0 0 0 0 30 255 81 255 0 255 227 0 255 0
    255 77 255 223 255 0 126 0 0 0 255 255 110 0 0 255 255 255 0 211 0 0
    255 255 255 255 0 204 0 255 255 255 0 0 0 175 0 0 0 255 255 128 255
    0 0 255 0 176 255 255 0 0 255 215 255 0 0 255 0 255 198 255 255 255
    193 255 223 0 255 255 255 41 255 0 0 0 211 0 11 0 255 130 255 7 255
    255 255 0 0 0 255 0 204 0 0 255 0 255 255 145 255 0 255 255 0 255
    145 255 35 255 132 164 0 255 255 255 0 245 0 255 255 0 0 70 255 0 0
    255 255 255 0 255 255 255 230 0 0 255 199 0 0 255 0 251 255 255 0 0
    0 255 0 255 255 255 0 23 255 255 255 0 0 255 0 255 255 255 11 255
    255 0 255 255 255 7 255 255 255 0 0 255 245 255 80 138 0 255 183 0 0
    0 37 255 0 0 47 0 255 255 167 255 0 0 255 147 255 0 70 255 172 29 0
    0 255 255 255 0 156 255 0 255 255 0 0 0 0 0 255 255 255 255 255 255
    211 0 28 255 0 0 0 255 218 50 109 0 255 255 85 255 0 255 0 0 0 122 0
    0 121 255 255 255 0 0 0 0 255 171 96 255 255 255 255 0 255 0 255 0
    224 0 177 255 255 0 255 37 0 0 255 111 255 244 255 0 191 0 0 255 0
    255 0 0 0 255 49 0 0 0 255 0 0 0 255 255 255 0 255 208 14 114 255
    255 0 0 92 255 255 0 136 255 0 231 0 255 0 255 0 255 0 0 255 0 233 0
    255 255 255 255 11 0 0 255 62 255 0 0 255 255 0 255 0 255 167 12 255
    0 0 0 255 255 255 0 8 0 0 0 242 255 0 255 0 255 255 121 0 0 0 0 0
    255 0 0 0 255 0 255 255 255 255 3 41 0 255 150 255 255 0 255 134 255
    0 255 0 0 0 0 255 146 0 0 0 0 255 255 239 0 82 0 0 255 255 0 138 52
    255 0 0 0 0 255 70 0 0 242 255 131 0 255 255 0 0 255 0 255 26 216 0
    255 255 0 0 0 0 255 0 0 0 255 160 0 0 255 85 255 0 255 0 5 175 0 0 0
    255 255 101 255 0 255 255 0 0 50 0 255 0 0 0 255 215 255 143 255 255
    143 255 0 180 0 156 0 255 255 255 0 0 255 0 0 0 255 234 120 88 0 255
    0 255 255 36 0 255 0 167 255 255 76 255 0 0 0 177 255 255 255 240 0
    0 79 255 229 0 0 255 255 255 249 255 35 65 176 0 49 0 4 255 0 255
    255 68 0 50 255 0 0 255 255 255 251 0 255 255 255 255 0 0 0 0 255
    255 229 0 0 255 255 255 0 218 70 255 255 255 255 0 0 255 255 255 0 0
    255 0 255 255 255 84 0 255 0 255 255 0 0 255 255 255 0 255 255 255 0
    0 0 255 255 0 255 255 63 255 255 0 255 0 173 0 0 0 65 255 255 255
    255 0 0 27 72 165 180 98 255 0 79 255 255 0 0 77 255 255 0 0 255 0
    255 0 255 0 255 255 0 255 0 21 255 255 0 255 0 255 0 25 255 255 0
    255 0 255 0 255 187 255 0 0 0 0 0 255 255 255 255 0 0 0 0 255 0 255
    255 255 174 0 169 0 0 0 255 127 255 77 255 0 48 93 0 255 0 0 0 0 82
    255 0 0 0 255 255 255 255 255 255 255 0 0 114 0 255 0 255 0 255 0
    255 0 255 0 255 0 255 255 6 0 0 255 0 223 255 0 255 0 255 0 255 0
    255 255 255 66 102 95 0 124 0 247 0 255 0 0 0 0 0 255 255 255 255 0
    255 0 0 255 255 13 255 255 255 255 255 255 0 255 33 255 0 111 0 0
    215 255 0 255 0 0 0 255 0 116 0 255 255 109 0 126 0 114 255 254 255
    0 178 255 255 255 255 5 0 166 0 0 255 3 255 0 0 0 53 255 255 255 0 0
    84 0 0 0 0 255 249 0 255 0 0 0 27 255 255 0 0 255 255 255 34 0 255 0
    255 0 255 0 92 9 0 255 255 255 0 0 0 160 0 255 255 255 255 0 0 0 0
    255 255 0 241 255 0 0 255 0 255 177 0 0 0 255 255 255 0 0 0 255 0
    255 255 0 0 0 201 0 255 0 14 21 208 0 0 255 255 255 0 23 255 255 0 0
    0 255 255 0 255 152 255 235 0 255 255 0 0 0 0 212 51 0 255 0 255 0 0
    119 255 87 0 34 96 50 0 255 26 255 0 255 22 0 61 0 0 0 153 100 0 0
    255 0 255 255 255 0 187 240 33 10 255 0 255 255 255 255 0 255 0 255
    255 0 0 255 255 255 25 94 61 0 0 214 255 248 0 129 255 0 0 255 255
    255 0 255 255 0 0 18 255 255 255 0 0 0 255 0 255 255 255 255 255 33
    0 255 0 255 0 0 255 0 255 255 0 0 0 255 255 15 44 0 255 0 255 84 255
    0 0 255 0 0 0 255 255 255 0 255 0 37 0 0 255 0 0 171 255 255 0 0 87
    0 55 182 0 255 255 255 255 0 0 255 209 255 170 0 255 0 115 0 255 116
    0 141 255 255 206 255 71 0 54 141 0 255 255 255 15 0 200 0 255 255
    213 0 255 0 255 255 0 0 0 0 222 0 255 0 0 0 255 255 0 0 0 163 255 0
    255 0 255 0 160 0 255 79 255 0 77 0 0 122 255 255 0 255 134 255 254
    0 255 0 0 255 0 255 255 255 0 0 255 255 255 0 179 255 0 126 214 255
    50 68 0 255 205 29 255 135 255 255 255 255 213 0 255 107 255 255 255
    255 56 0 104 255 255 202 255 0 0 158 94 169 0 0 0 255 47 255 170 255
    255 255 0 255 83 255 0 0 165 214 255 0 156 255 0 228 0 0 0 255 0 88
    255 0 255 35 0 0 255 255 255 255 0 255 255 0 255 0 166 0 21 0 255
    255 73 65 0 0 0 0 255 255 0 0 255 255 255 0 250 160 0 255 255 255 29
    0 255 0 255 0 255 0 165 0 255 193 1 255 255 145 0 0 143 0 0 0 0 255
    255 255 255 179 0 184 255 255 255 0 48 0 255 0 160 193 5 0 255 0 255
    0 0 0 255 76 32 255 255 0 170 0 255 0 7 149 0 255 0 255 255 255 255
    0 0 201 0 255 255 0 0 0 0 0 255 0 255 0 255 255 255 255 0 0 0 255 0
    255 0 255 255 209 88 216 144 0 0 185 32 193 0 255 41 165 132 188 255
    255 0 255 236 255 255 236 113 0 255 0 0 255 255 0 0 0 0 0 0 255 254
    46 0 179 177 0 0 0 198 255 141 255 0 255 0 56 0 66 255 0 255 17 255
    0 255 0 0 255 0 255 100 18 0 0 194 175 255 146 63 28 255 159 255 73
    25 0 255 0 255 14 0 255 143 0 0 0 237 0 162 0 255 255 255 0 255 0 0
    255 0 255 0 177 0 247 0 255 255 0 0 255 255 0 218 0 0 255 149 159
    255 255 0 255 0 255 0 255 0 255 0 255 255 0 0 114 218 136 88 255 255
    0 0 0 249 255 0 255 146 0 0 12 0 0 0 0 0 0 69 255 0 184 0 255 255
    104 255 0 255 0 255 0 243 68 0 255 0 0 0 0 255 255 255 0 0 255 255 0
    65 0 219 0 255 255 245 0 255 0 255 0 162 240 255 255 255 0 0 0 243
    255 255 255 0 255 0 0 0 255 255 255 255 255 0 0 93 167 255 80 66 0 0
    119 0 144 0 255 0 89 255 255 255 0 71 0 255 0 0 255 0 76 0 105 92
    255 0 0 0 0 255 0 0 0 255 255 0 255 0 41 151 255 0 0 255 255 255 0 0
    0 255 255 255 255 255 108 0 0 255 0 118 0 255 0 0 0 255 91 0 0 0 0
    255 170 255 0 255 0 255 149 193 0 255 0 211 179 255 255 255 0 255 0
    0 255 255 191 255 38 255 0 255 0 198 255 255 0 0 79 255 255 0 255
    255 255 0 210 49 0 255 255 255 235 255 0 255 0 209 204 246 255 0 255
    98 204 0 255 0 255 228 255 0 255 39 118 255 0 255 255 255 255 84 0
    255 0 255 14 0 255 255 235 255 0 142 0 255 0 0 0 255 0 255 190 255
    255 0 255 0 0 255 255 0 255 255 255 0 8 0 41 0 0 0 0 155 255 204 255
    0 0 255 255 136 255 0 255 255 184 0 0 255 255 255 0 0 0 255 255 255
    49 255 0 0 0 255 255 0 0 127 255 0 255 255 255 57 0 0 89 132 255 0 0
    0 0 169 255 255 0 0 255 0 255 0 150 91 0 255 255 255 255 255 169 255
    0 255 0 0 255 255 255 111 0 0 0 255 226 0 0 255 62 255 255 255 255 0
    0 255 0 0 0 0 255 0 255 224 255 0 132 0 255 0 255 255 255 0 255 255
    0 255 255 255 0 255 0 148 0 0 255 255 4 255 0 203 55 255 255 255 174
    255 255 0 255 0 0 255 27 255 255 193 164 0 0 0 255 0 199 0 255 255
    255 255 0 0 195 0 42 140 54 20 0 255 0 187 255 255 0 255 178 0 40 0
    0 213 2 255 0 255 0 250 0 255 53 255 0 255 255 255 14 0 255 0 255 0
    139 0 173 255 92 0 0 0 255 80 0 0 223 176 255 255 0 255 0 0 255 255
    176 110 255 255 255 255 0 255 255 127 255 255 255 0 0 255 255 255 0
    95 255 208 0 38 87 255 0 0 0 255 255 236 34 0 255 255 255 0 0 255
    255 152 255 255 0 255 255 255 46 107 0 0 255 0 255 255 255 255 0 0
    136 255 255 255 70 255 0 255 0 92 255 0 0 255 0 255 255 255 0 0 255
    0 255 0 255 255 151 0 0 27 0 0 255 214 255 0 0 255 255 0 181 172 255
    255 0 95 36 0 255 0 0 0 255 255 255 0 79 255 0 255 213 0 0 0 43 0 0
    255 255 255 255 0 0 0 255 76 0 0 30 0 255 0 126 0 255 238 255 0 0
    255 255 255 255 112 255 32 255 255 72 229 227 255 0 255 0 255 255
    255 0 30 0 255 0 145 0 0 0 0 255 255 255 0 0 60 0 123 0 0 255 0 255
    48 255 77 206 0 0 0 255 255 0 0 0 0 255 255 0 0 217 255 240 38 99
    255 255 63 0 0 0 255 255 0 0 232 0 255 59 60 0 59 0 255 0 255 0 0
    255 255 0 0 255 0 255 0 138 0 0 0 117 255 0 255 0 255 255 255 255
    255 0 0 0 0 255 0 255 0 0 255 255 255 0 255 255 255 44 255 1 0 0 0
    255 133 255 255 0 255 136 255 0 255 0 255 74 218 0 25 255 0 0 0 29
    172 6 255 255 255 255 0 0 0 255 0 255 0 255 0 255 255 0 212 0 255
    255 255 0 0 0 255 0 0 0 255 255 200 85 255 0 139 0 255 191 0 195 0
    173 0 223 0 255 255 255 255 255 0 0 255 0 255 0 255 255 255 14 0 0
    255 239 0 255 66 255 0 109 0 0 113 255 255 255 0 255 16 255 255 0
    183 0 127 0 255 255 255 0 255 255 219 0 255 0 0 0 255 255 255 0 249
    0 207 0 0 255 255 155 0 255 0 255 0 255 255 27 0 255 255 255 225 255
    255 0 0 255 0 0 0 122 167 255 0 0 0 255 228 0 0 255 255 255 0 0 0 15
    0 0 153 233 0 255 255 0 0 0 255 255 255 24 182 0 0 0 0 78 0 255 255
    255 255 0 255 0 0 0 0 255 255 0 0 0 0 255 161 255 0 0 0 163 255 0 5
    255 0 174 0 0 0 255 255 255 46 0 0 0 255 0 0 0 0 255 0 255 255 0 255
    0 0 0 0 255 19 255 143 0 0 255 255 0 255 217 0 255 193 255 255 255 0
    255 156 255 0 0 255 0 0 255 255 0 0 0 255 49 201 0 255 26 0 0 255
    255 255 0 223 0 0 131 0 255 255 255 248 193 211 255 220 75 255 238 0
    0 0 219 255 255 104 0 255 237 0 255 66 0 102 255 255 209 4 255 255 0
    255 255 62 0 0 0 0 0 0 255 0 139 255 255 0 0 0 255 255 186 0 0 154 0
    0 255 255 24 0 0 255 0 255 0 255 164 255 0 51 0 197 227 255 255 255
    255 0 0 250 201 255 255 104 0 255 181 255 0 0 0 0 255 255 154 0 197
    0 0 0 255 255 255 0 187 0 77 0 255 255 255 0 255 255 255 255 0 0 0 0
    76 0 255 255 255 0 193 0 255 255 0 0 0 255 0 255 0 110 255 184 255 0
    255 0 255 102 0 0 0 0 255 255 255 0 116 0 52 0 0 126 255 255 28 255
    0 255 0 12 0 0 255 255 255 7 0 255 0 146 0 255 255 255 178 0 0 0 0 0
    0 255 255 0 255 0 156 255 0 80 249 0 0 94 255 255 0 26 21 0 0 255
    255 255 255 89 255 255 235 0 157 255 0 0 0 255 0 255 255 0 0 176 255
    114 0 0 223 255 0 0 0 0 0 0 255 255 0 0 83 0 62 0 255 255 0 137 0 0
    0 255 0 255 0 255 0 0 255 0 255 255 0 0 0 237 255 255 0 55 32 0 199
    255 255 247 0 0 0 255 255 255 110 255 0 0 0 255 0 255 255 255 0 0 0
    10 255 255 0 144 149 255 0 255 255 5 255 0 0 0 255 255 255 94 0 0 0
    255 136 255 255 0 77 0 255 255 255 0 0 0 255 0 255 109 255 0 0 142 0
    255 64 69 255 0 0 101 33 255 13 255 255 255 0 0 0 0 255 255 255 255
    255 255 0 13 255 255 60 255 255 0 255 255 205 0 0 255 255 255 0 255
    0 255 0 98 166 122 255 0 0 35 255 255 245 255 0 255 0 0 255 0 0 255
    255 255 15 255 0 255 0 141 0 255 0 255 0 0 12 255 231 0 0 255 0 255
    162 0 0 0 0 255 145 246 255 255 255 236 255 165 0 244 255 206 0 126
    0 255 255 255 0 0 255 15 255 255 255 255 255 0 0 0 0 0 255 99 255
    109 255 255 255 0 255 0 0 0 42 255 255 0 255 0 0 85 49 0 128 255 255
    33 255 255 49 0 0 177 255 0 0 255 255 255 0 0 255 255 255 0 0 255
    231 223 0 255 255 0 211 255 255 0 0 255 0 255 255 131 255 0 0 255
    255 255 64 255 255 255 0 255 124 0 0 255 255 255 255 0 20 73 171 255
    255 0 255 0 255 255 255 0 0 212 0 73 255 255 79 0 171 255 0 71 0 218
    255 155 255 63 255 0 0 150 0 255 0 110 255 0 255 0 255 0 0 84 222
    226 255 0 255 0 16 0 255 0 0 0 255 255 250 0 255 159 0 0 243 0 0 0
    255 255 255 0 255 0 255 0 0 255 255 244 0 0 183 255 255 82 0 12 255
    187 106 0 255 57 255 0 159 206 255 0 0 0 255 255 255 255 255 58 19
    255 0 0 10 230 255 0 255 255 0 0 0 255 255 125 255 255 255 0 255 0
    255 255 80 0 0 255 255 0 255 204 255 255 52 81 255 0 167 0 0 255 0 0
    255 255 255 167 0 255 0 0 255 255 255 0 255 255 255 255 0 0 255 255
    99 0 0 93 255 0 0 0 0 97 255 255 255 0 61 0 255 0 176 0 0 0 255 0
    255 3 28 181 113 0 255 255 0 0 0 255 187 255 119 255 34 0 0 0 255
    255 0 0 255 255 0 0 0 255 255 44 0 0 0 255 255 0 255 0 255 255 255
    255 0 238 255 255 0 0 0 0 64 0 0 255 255 255 0 255 0 255 255 255 0
    255 142 0 255 0 78 0 255 255 255 0 0 255 255 0 0 255 255 255 0 0 0
    91 0 255 0 255 0 0 0 0 0 255 255 0 0 0 255 20 0 0 2 255 255 255 234
    255 14 0 255 255 190 255 0 255 255 0 255 255 0 0 0 255 0 0 255 199
    117 0 172 0 255 0 255 255 255 255 102 255 0 55 0 255 88 0 255 255
    153 0 255 0 255 255 255 255 0 174 232 255 255 255 42 255 255 0 0 0
    174 255 255 0 0 0 255 247 255 0 255 0 255 0 255 255 255 0 24 75 139
    255 0 0 249 179 255 0 255 185 21 87 0 255 255 236 255 71 221 0 0 255
    255 0 255 0 126 0 255 0 255 147 0 255 0 235 0 0 0 255 111 0 0 45 163
    255 0 98 152 0 255 255 255 255 0 255 0 0 0 0 241 0 255 0 127 177 255
    255 105 7 209 0 195 0 255 0 137 0 255 255 255 0 255 255 121 255 0 62
    0 255 255 255 0 0 0 171 255 18 0 0 58 0 255 255 0 203 255 0 0 255
    255 255 0 255 255 255 0 0 212 238 255 0 9 0 255 0 255 255 255 0 255
    0 255 0 0 0 255 0 0 0 182 255 255 255 0 255 0 255 0 255 0 0 255 255
    255 255 0 0 0 255 255 0 111 255 0 255 0 255 0 0 0 255 0 0 0 255 0
    115 27 159 255 0 64 255 7 0 255 0 255 255 0 77 245 0 255 56 255 0
    182 185 255 0 255 255 0 255 0 0 255 0 0 0 255 0 192 255 125 255 0 0
    255 255 0 0 255 0 255 255 255 0 0 0 79 255 178 255 0 0 255 255 255
    107 255 255 255 0 45 0 255 255 255 0 0 255 0 255 0 213 0 255 182 255
    255 255 168 255 255 0 0 0 37 255 214 255 255 212 0 255 255 255 0 0 0
    0 0 0 255 255 0 0 139 37 255 255 255 213 0 0 163 255 55 21 255 255 0
    0 255 160 255 0 255 0 0 255 255 209 255 0 244 255 109 0 255 0 255 0
    255 0 255 182 255 128 0 0 255 0 0 255 0 255 221 255 88 255 0 0 0 0 0
    0 151 255 255 0 255 0 0 0 255 255 255 149 164 0 255 117 124 255 255
    0 0 0 255 255 255 0 0 0 74 0 255 0 138 255 0 95 255 240 0 0 255 255
    255 0 243 0 255 255 255 0 255 0 255 239 0 255 250 255 255 255 108 0
    255 0 255 251 0 0 0 255 241 149 42 0 255 51 0 0 0 64 255 255 255 255
    0 223 0 0 0 0 255 255 255 255 0 255 0 255 0 255 0 0 0 255 42 0 255 0
    255 0 205 0 255 0 129 184 255 255 0 0 255 255 214 0 0 0 0 255 185
    255 206 251 0 255 255 0 0 0 255 255 255 0 0 255 255 255 0 0 255 255
    139 255 255 255 236 0 0 0 0 255 0 0 39 255 0 0 0 255 0 255 0 0 0 255
    0 0 150 255 255 255 255 0 0 0 255 255 255 35 255 0 0 0 255 217 255 0
    255 0 255 0 255 255 255 255 255 0 255 255 255 255 112 0 255 61 0 170
    255 0 255 255 255 255 0 255 0 255 255 0 0 255 180 0 0 0 80 255 255
    152 0 253 255 255 23 100 63 153 0 0 255 201 255 255 255 63 255 255 0
    255 0 0 227 0 255 255 0 255 255 6 0 0 255 0 0 0 0 255 0 255 161 255
    29 0 255 0 0 0 0 255 0 255 255 0 0 0 115 255 255 0 255 255 0 255 255
    255 0 0 0 165 255 0 255 0 0 0 0 255 255 255 88 255 125 255 239 255 0
    217 247 172 0 255 255 255 0 255 0 49 0 248 0 255 0 255 0 187 255 255
    0 0 195 54 255 96 255 0 255 255 0 151 0 255 150 255 255 255 0 0 0
    205 255 0 0 0 0 230 0 255 255 255 0 249 0 255 255 0 0 0 255 255 0
    255 255 255 255 255 88 255 0 0 255 255 248 0 255 255 255 0 255 255
    255 255 0 255 236 0 1 0 255 255 0 0 255 255 0 58 255 255 0 0 0 255 8
    245 120 211 255 0 0 255 255 255 0 255 0 188 255 255 0 255 96 167 255
    255 255 37 255 151 255 0 255 0 255 124 255 0 255 0 0 255 255 0 255
    255 0 189 255 255 255 255 255 0 0 255 224 0 0 0 255 0 255 117 230
    210 0 255 247 255 0 0 218 255 255 0 106 255 255 0 0 0 244 238 0 0 0
    255 0 255 104 255 255 0 0 198 255 0 0 0 194 0 0 255 255 116 215 0
    255 27 0 0 0 125 255 0 223 255 0 0 0 174 0 255 255 255 0 74 255 255
    255 255 255 0 255 0 142 0 255 0 255 0 57 255 255 255 255 0 255 0 255
    0 171 255 0 0 220 255 0 255 255 255 255 0 0 0 0 41 109 0 101 0 255
    255 255 0 182 0 0 255 255 255 255 255 36 17 0 0 255 255 0 0 255 255
    0 0 255 126 255 249 134 255 0 0 0 255 255 255 0 0 255 255 0 0 0 255
    0 255 0 255 0 255 0 255 218 235 0 255 122 248 163 255 0 0 255 255
    255 237 255 239 122 0 0 176 21 0 72 255 255 248 0 0 255 255 0 0 0 72
    143 236 255 0 0 0 162 0 233 255 255 255 0 0 0 255 255 0 33 255 0 0
    255 255 255 255 233 0 0 0 156 255 0 255 0 35 255 255 255 0 0 0 0 255
    255 0 76 0 255 0 255 0 0 0 255 255 0 0 0 54 239 223 255 0 0 0 188
    255 141 0 80 0 255 154 0 215 255 255 0 255 255 160 0 0 255 255 20
    236 62 0 255 255 255 0 173 142 0 0 255 255 0 0 205 0 255 120 0 255
    150 255 255 189 255 238 255 255 0 0 0 255 255 0 255 0 0 0 247 0 0
    255 255 0 0 186 255 255 0 0 0 255 0 0 0 0 255 255 132 255 0 255 255
    255 255 0 238 255 148 0 0 0 255 255 255 237 0 255 0 0 0 0 255 255
    255 255 0 0 37 255 255 0 255 255 255 0 0 177 87 255 52 0 0 255 255
    255 0 255 11 255 30 0 0 0 255 255 0 0 65 255 0 0 0 255 255 0 255 91
    255 0 101 0 255 0 0 0 38 35 234 0 0 0 0 226 255 148 0 0 0 0 255 255
    255 0 0 218 255 255 0 90 255 102 77 255 255 10 0 0 119 126 255 255
    255 255 0 43 0 255 109 255 0 255 0 228 0 255 255 0 0 0 237 255 0 255
    255 255 56 0 215 0 0 255 0 255 63 23 9 14 255 99 0 255 2 255 0 19 73
    255 255 255 0 0 0 255 255 255 0 0 0 255 255 0 0 0 99 51 36 255 142 0
    255 60 255 0 0 255 255 0 0 49 255 0 0 0 255 0 0 255 181 248 0 0 255
    0 0 40 255 255 255 0 255 0 255 0 255 255 255 255 0 0 0 0 238 255 255
    255 0 255 56 255 255 255 0 255 164 0 255 0 0 0 194 255 148 0 0 0 126
    35 255 125 255 155 0 74 255 0 255 255 163 255 255 255 0 0 255 0 210
    0 0 0 255 255 255 0 0 0 0 0 0 255 0 255 75 176 0 255 0 0 0 0 0 255
    41 255 0 0 0 0 255 255 54 0 0 255 255 255 0 0 255 255 255 0 0 0 255
    255 255 255 0 255 255 255 0 6 255 0 0 255 255 115 146 161 0 255 0 0
    255 79 0 0 0 255 0 0 0 0 0 255 0 183 0 255 0 255 255 255 0 0 205 255
    0 0 255 206 255 0 0 57 0 0 0 255 255 255 0 0 255 0 64 193 227 0 255
    0 0 0 157 255 0 0 0 255 255 0 255 255 255 0 0 255 0 82 255 0 0 0 0
    46 255 137 0 0 255 255 255 255 255 0 228 7 255 255 68 0 62 255 0 0 0
    241 255 210 0 0 0 255 181 255 0 0 0 255 0 0 255 184 255 255 30 0 255
    255 0 0 0 255 0 255 0 255 255 248 251 0 255 255 0 0 0 255 0 0 220
    255 0 255 0 122 0 255 0 255 255 255 54 174 0 0 134 0 0 208 255 72
    223 255 0 0 255 0 0 255 255 255 0 115 0 255 255 0 0 228 0 22 0 255 0
    255 0 0 255 255 255 137 0 255 0 255 255 255 0 255 95 255 0 147 0 0
    245 0 144 0 0 0 255 0 255 0 255 255 255 0 0 38 0 0 255 255 0 143 0
    255 255 255 255 0 255 255 0 255 62 255 0 203 0 255 255 201 0 255 0 1
    15 0 0 255 0 123 0 237 70 0 255 0 255 0 255 0 255 113 0 0 55 255 237
    255 255 255 97 209 255 106 255 255 0 0 0 255 0 85 107 0 0 255 255
    255 146 255 0 76 0 0 255 0 0 0 0 255 255 0 255 255 0 0 255 255 255
    197 25 255 255 0 255 0 255 0 51 255 126 0 0 0 255 0 255 255 255 0 52
    252 255 0 255 255 57 0 0 0 0 11 0 255 0 6 0 0 255 0 255 114 138 255
    255 0 0 0 0 255 252 255 0 255 27 0 131 161 0 255 255 255 0 176 0 172
    9 255 255 255 0 255 255 0 0 255 0 133 0 255 0 119 0 0 0 255 0 0 0
    255 55 169 255 255 0 8 0 255 139 255 10 0 158 0 255 0 0 0 255 255
    133 255 255 255 0 255 255 0 255 0 203 255 0 255 0 255 255 0 255 255
    255 255 0 255 0 105 42 67 0 111 255 0 255 0 0 0 255 255 0 194 255
    141 255 81 167 0 254 245 255 14 255 0 255 0 0 217 162 0 255 0 1 255
    255 148 202 255 103 0 80 255 255 0 255 41 181 255 247 0 225 255 255
    0 0 255 255 255 0 0 255 255 255 255 224 255 159 0 234 0 255 255 255
    172 255 255 0 0 255 0 255 0 255 66 255 0 255 255 255 0 0 0 58 255 0
    140 16 255 0 255 0 255 255 255 0 0 0 255 0 255 0 255 255 0 255 0 0 0
    255 136 0 202 239 121 255 0 0 255 0 0 0 0 255 10 181 12 255 249 255
    0 180 226 255 0 0 255 255 255 0 0 255 255 255 0 0 0 255 0 0 255 205
    255 0 255 149 255 0 77 0 235 151 255 255 145 255 0 0 255 163 255 144
    0 255 255 255 0 0 0 0 255 0 255 0 255 0 0 241 255 198 0 0 0 255 0 0
    255 13 255 22 0 0 0 255 0 255 255 255 0 0 255 255 255 255 0 255 255
    255 0 0 0 0 255 255 122 255 0 209 255 255 0 0 0 255 255 255 255 0
    255 255 0 255 0 255 0 255 0 255 255 0 220 255 0 189 0 144 0 0 0 255
    255 0 169 0 0 255 242 255 0 0 255 255 255 255 237 255 0 255 255 222
    24 135 129 0 255 85 0 128 255 255 0 0 255 255 255 218 90 0 255 0 199
    0 245 255 255 255 255 255 0 255 214 255 255 210 0 0 189 255 255 0
    255 255 255 26 0 255 0 255 0 255 0 255 0 255 255 0 0 0 255 255 0 255
    255 255 16 0 0 255 255 0 0 255 255 255 255 0 0 84 255 255 255 255 75
    19 0 0 236 0 204 255 255 0 63 255 255 200 255 79 0 0 255 255 255 255
    56 255 0 0 255 255 255 0 255 0 255 255 255 0 0 255 255 175 0 0 0 75
    255 255 255 0 0 255 255 0 0 0 255 255 255 0 0 255 56 255 107 255 0
    255 0 255 0 222 0 0 255 0 0 0 255 255 255 8 0 255 107 255 0 255 0
    255 255 255 24 0 255 0 255 0 102 255 255 0 255 255 255 255 0 255 0
    255 255 0 0 0 80 0 255 255 255 186 0 0 0 179 255 255 255 0 0 0 0 104
    255 0 0 0 184 255 0 0 0 0 0 0 255 231 255 108 255 0 255 0 255 0 255
    0 255 0 109 245 249 255 0 241 255 255 158 255 255 118 0 0 0 255 200
    255 255 91 0 0 140 0 0 0 255 0 255 0 255 255 255 255 0 255 0 255 0
    255 0 255 0 255 141 128 0 0 136 255 0 53 255 255 255 0 142 0 0 0 90
    0 255 219 255 0 0 0 119 213 0 255 255 255 0 255 0 255 255 6 0 0 58
    104 255 255 0 0 132 255 240 0 0 255 255 255 0 0 0 255 87 0 1 255 255
    255 0 255 0 255 0 255 0 0 2 0 255 255 255 0 0 0 255 255 0 255 32 255
    0 0 255 255 255 22 0 255 196 255 255 255 255 255 0 255 0 0 58 0 0
    255 255 255 0 255 255 204 0 0 255 255 0 255 255 0 0 0 183 255 255
    255 0 0 0 255 255 0 255 0 208 255 0 255 0 207 0 255 255 0 0 0 255
    255 0 163 255 0 14 238 0 255 0 255 0 4 255 255 255 0 0 214 255 0 140
    232 255 0 0 0 255 124 255 181 123 255 186 255 240 255 255 0 255 0
    255 255 0 117 221 255 255 158 214 89 255 255 123 0 255 255 136 0 223
    255 0 201 0 255 0 88 169 200 145 109 0 255 255 0 255 126 126 255 255
    255 255 0 255 0 0 0 255 255 223 0 0 240 255 0 223 0 255 100 255 0 24
    255 255 243 255 0 255 255 143 0 234 255 0 255 111 0 23 0 255 13 255
    61 255 0 216 255 0 0 0 255 0 255 0 0 45 255 255 191 0 0 0 255 0 255
    139 0 0 255 255 120 255 0 255 0 0 181 255 0 0 0 0 255 255 13 217 255
    237 0 0 255 127 255 0 0 255 255 0 0 255 206 255 0 144 255 255 0 0 0
    255 255 255 0 255 0 91 0 210 85 255 0 0 89 168 0 0 31 23 255 255 0 0
    0 255 0 255 0 122 242 0 0 0 255 0 0 118 255 255 141 0 255 255 0 96 0
    255 255 255 255 0 0 0 255 0 255 0 255 0 255 255 255 255 0 255 255
    242 0 0 0 97 255 0 35 0 255 0 0 0 0 128 255 255 0 255 255 0 0 0 255
    255 255 0 255 0 0 255 0 121 165 255 104 255 34 0 0 225 255 255 0 255
    33 255 255 0 0 161 0 0 255 255 255 255 77 255 255 255 0 255 0 0 31 0
    255 165 255 0 255 0 255 0 0 0 255 0 0 255 146 255 0 0 0 255 255 255
    0 255 255 255 0 255 0 255 0 0 95 255 255 0 0 0 0 0 0 0 0 255 255 255
    96 0 0 0 0 0 255 0 0 243 0 0 177 255 0 0 0 128 130 255 255 255 0 255
    255 255 255 0 137 0 0 255 0 255 255 255 0 255 0 255 255 255 19 44 0
    0 255 255 255 255 63 32 255 0 0 0 0 255 255 255 255 0 255 255 165 0
    255 189 0 0 255 255 22 255 0 0 255 255 255 0 255 195 0 0 0 255 0 255
    0 255 0 255 255 255 2 0 0 119 0 0 0 255 111 242 0 255 215 0 64 0 255
    255 255 0 0 0 0 255 255 0 32 0 255 255 91 255 255 255 0 255 255 255
    0 0 177 187 75 0 0 75 41 0 183 123 165 0 78 225 31 175 255 255 0 0
    140 0 189 0 0 255 255 0 87 0 255 0 0 16 255 255 0 255 210 255 0 0 0
    0 255 255 255 255 0 0 255 255 139 255 247 169 0 255 0 255 152 0 191
    0 196 255 255 0 255 0 0 255 170 255 255 0 0 0 255 255 255 255 0 0 0
    0 255 252 0 62 0 255 255 215 36 255 255 0 0 0 0 10 255 255 0 255 0 0
    0 0 0 0 196 255 255 143 0 255 255 255 255 255 8 197 0 0 255 224 100
    0 255 0 255 255 255 255 255 0 0 0 255 255 255 180 0 255 255 16 145 0
    0 0 0 255 0 0 255 151 255 0 36 255 255 255 0 0 0 0 0 255 0 221 45 0
    184 255 67 0 0 0 226 255 0 208 73 255 0 255 255 138 255 157 0 87 0 0
    255 101 129 242 4 229 0 148 0 0 255 255 33 255 38 0 0 0 255 0 255 22
    255 0 255 0 255 0 255 0 0 0 0 38 255 255 0 255 0 255 0 255 0 0 255
    22 0 255 0 255 255 255 0 255 0 82 255 255 255 181 233 0 0 210 0 0
    255 255 255 0 0 255 255 204 255 255 255 255 140 255 0 0 13 0 255 0 0
    255 213 133 13 0 0 0 255 255 217 0 0 218 255 0 255 0 255 255 208 0
    255 0 255 255 255 0 0 255 255 255 255 0 0 0 255 169 11 255 166 255 0
    165 0 255 0 33 0 255 137 255 0 241 0 239 197 0 179 0 255 0 255 0 255
    0 255 201 0 255 129 240 58 82 255 255 0 0 255 255 255 0 0 240 255
    255 205 255 0 214 255 109 75 93 54 0 0 255 0 255 63 233 255 0 255
    189 255 255 255 0 0 255 255 255 255 255 255 24 255 0 0 0 255 250 179
    167 0 88 255 255 255 0 255 145 7 0 0 62 0 0 0 255 255 255 255 168 0
    0 67 0 255 0 255 0 255 255 255 0 53 0 0 0 0 154 0 255 255 255 253 19
    255 255 255 0 0 0 255 255 202 255 255 54 122 167 0 255 0 0 255 0 255
    255 0 0 0 0 255 216 180 204 255 255 77 255 0 210 255 255 60 0 0 0
    215 255 255 255 0 0 182 255 0 67 0 255 10 255 0 255 0 44 255 255 0
    252 0 0 255 255 0 255 255 15 171 255 0 62 0 0 255 249 0 193 88 255
    255 185 255 0 26 255 255 255 89 24 0 255 0 0 159 0 255 0 127 0 231 0
    0 255 0 0 0 255 0 95 255 0 0 255 255 255 0 255 0 0 0 82 255 0 0 195
    69 0 123 255 0 0 0 255 0 0 255 255 255 69 255 0 0 255 114 255 0 113
    48 255 255 255 0 0 255 0 0 0 255 255 255 255 255 255 0 0 0 255 255
    10 215 0 255 98 255 0 0 0 255 255 0 0 0 255 0 255 0 0 61 255 255 255
    0 255 255 204 0 135 0 0 255 0 0 0 255 255 212 0 255 255 0 0 0 255
    255 255 255 0 0 0 255 255 255 0 75 255 255 0 0 0 255 11 255 0 255
    163 196 255 195 255 232 0 0 166 255 255 255 255 255 235 255 0 255 0
    0 0 0 0 155 0 194 0 255 255 255 0 0 255 255 255 0 0 174 0 255 0 0
    255 0 255 0 0 255 0 0 0 0 130 7 149 196 255 255 0 255 255 0 0 220
    255 255 255 0 255 0 255 255 255 0 255 255 73 0 0 5 255 255 255 255
    162 0 255 0 0 133 169 255 0 0 188 255 255 0 204 0 255 255 0 0 0 0 0
    0 255 119 255 255 255 154 0 0 255 52 0 0 255 255 0 255 255 255 132 0
    255 255 225 0 0 98 0 255 255 255 255 0 255 0 0 0 0 0 255 255 255 0
    252 68 255 255 0 121 255 255 0 0 0 255 255 255 255 255 0 0 0 255 32
    0 0 255 0 255 255 255 0 35 0 255 0 30 95 126 255 0 255 255 255 32 0
    255 0 0 0 255 0 216 0 140 255 255 0 0 255 0 255 255 0 0 0 0 255 0
    255 255 255 255 0 4 0 255 255 0 255 255 255 0 255 72 81 0 7 76 255
    61 255 0 0 0 255 255 255 0 162 255 255 255 41 102 0 0 255 82 255 0
    255 0 255 0 255 255 0 0 255 0 0 255 80 255 0 255 0 0 255 255 255 255
    214 0 0 255 55 255 0 255 0 0 255 0 255 111 0 0 0 255 255 255 255 33
    255 255 243 0 0 255 255 0 0 79 0 192 0 255 255 255 206 0 0 255 0 0 0
    255 255 255 0 0 0 255 255 0 255 0 255 20 255 0 0 0 190 255 255 0 255
    0 255 0 0 82 0 255 255 255 255 0 0 0 0 0 255 0 29 255 255 24 110 169
    255 255 67 0 208 0 255 0 255 255 0 0 255 0 49 255 0 255 0 0 141 0 0
    0 255 0 39 0 0 0 255 123 255 255 0 255 145 255 0 255 255 255 168 255
    255 226 0 0 255 0 0 0 255 0 0 0 0 255 0 255 0 255 255 0 0 0 255 0
    255 0 191 0 255 0 171 234 0 255 0 255 255 175 0 0 255 0 134 0 0 249
    255 0 255 0 53 0 255 250 0 255 0 255 0 255 0 0 255 0 0 0 251 255 0
    255 0 115 0 255 130 0 0 0 197 255 183 0 2 255 255 0 0 0 0 0 255 187
    0 81 97 80 255 255 255 0 0 26 255 255 0 255 255 0 255 255 231 92 0
    240 110 255 0 0 171 255 255 255 0 11 255 0 147 0 255 255 255 255 255
    0 255 0 0 0 42 255 0 255 0 255 0 0 255 0 0 0 0 255 172 255 0 207 0
    255 0 5 255 0 255 0 0 0 199 255 255 255 0 255 65 59 0 0 0 0 0 255
    255 255 0 255 255 0 0 7 17 255 255 0 183 81 255 255 255 0 0 46 255
    255 255 0 0 0 222 255 255 255 0 255 0 255 48 255 255 255 255 0 255
    255 76 255 255 0 72 255 255 0 255 255 0 0 255 255 0 255 255 96 0 0
    255 255 0 0 255 255 255 255 0 0 0 17 255 0 100 255 255 235 255 255
    106 0 0 255 0 69 0 255 26 0 255 0 255 0 255 215 0 0 255 0 112 255
    255 255 0 0 255 166 0 0 255 0 255 255 0 255 0 255 0 255 245 35 0 255
    255 255 0 0 145 0 0 171 95 255 0 255 0 0 173 0 255 0 0 255 255 255 0
    60 255 0 248 0 0 0 255 255 0 0 0 255 0 255 0 198 255 255 0 124 137
    255 81 255 0 255 0 255 148 255 255 255 255 207 0 255 0 0 0 0 255 255
    255 153 120 255 255 0 255 0 255 0 255 0 0 0 0 0 0 255 255 0 255 232
    0 143 200 255 96 255 42 195 0 41 0 0 0 255 255 255 255 167 132 0 0
    255 200 124 0 0 255 255 255 255 0 0 205 255 181 0 147 255 255 0 226
    255 214 255 0 255 0 255 184 255 255 0 255 0 0 0 255 0 0 0 0 255 226
    255 255 255 246 0 237 255 255 255 0 255 54 0 0 0 255 255 81 0 0 0 0
    155 0 255 255 255 87 0 0 255 8 0 255 255 208 0 0 0 57 255 0 0 0 201
    0 255 159 255 0 0 0 255 0 255 255 255 255 255 61 255 0 255 255 255
    255 59 245 255 255 0 220 255 255 0 255 0 255 68 0 0 255 244 0 255
    255 0 191 0 255 0 255 255 255 0 0 255 255 74 0 0 255 255 0 255 48
    255 0 0 0 255 255 23 143 0 255 255 255 0 0 0 0 255 17 0 0 0 45 255
    255 0 0 0 255 255 255 0 230 0 255 255 163 0 255 191 255 255 255 0 0
    0 0 44 255 255 0 0 0 255 255 255 255 0 0 0 255 255 255 51 255 255 0
    0 74 255 255 0 0 0 255 255 0 0 0 255 189 55 0 255 0 0 255 255 255
    255 182 255 198 0 0 251 255 255 0 0 255 19 0 0 255 255 255 255 0 0 0
    0 83 0 255 151 255 0 0 0 189 0 255 0 255 0 113 0 0 0 255 176 240 255
    255 0 23 255 255 250 255 239 0 0 255 40 255 0 255 255 255 255 255 82
    0 0 143 255 255 255 0 142 0 255 255 255 255 255 255 255 0 180 255
    255 0 0 0 185 255 255 255 255 0 255 255 255 0 0 0 18 255 255 255 119
    0 0 255 0 255 67 89 0 0 255 35 0 0 255 255 255 0 255 255 255 0 0 255
    255 255 0 195 0 255 0 0 7 255 0 241 0 255 255 0 0 255 255 255 0 255
    0 255 0 79 0 255 255 57 74 255 255 255 194 255 206 221 0 200 255 255
    0 255 0 255 255 97 0 0 0 255 0 255 233 255 195 255 228 21 0 255 116
    255 0 255 0 255 255 255 255 0 0 255 255 255 255 255 255 0 255 0 0
    127 255 255 0 101 255 255 148 0 210 255 0 0 255 0 255 255 0 51 0 255
    0 255 0 0 255 0 0 255 255 255 202 0 255 19 255 114 0 0 255 255 255
    255 0 68 255 255 255 0 255 255 255 0 0 114 255 255 0 0 0 255 255 255
    0 0 255 255 149 0 255 0 255 0 104 0 165 62 177 0 255 255 27 0 162
    255 0 130 0 255 0 0 255 255 255 255 255 255 255 255 0 0 0 113 240
    117 0 255 153 255 0 9 52 255 124 0 255 0 0 115 230 255 0 255 0 32 0
    0 252 255 0 0 225 255 0 0 0 0 0 255 255 0 0 255 255 255 255 0 0 0 0
    255 255 255 255 0 0 255 255 112 0 0 255 255 255 116 0 0 0 241 255
    255 137 255 0 44 255 255 255 0 68 0 34 0 255 0 255 69 255 255 0 0 0
    62 164 0 7 255 255 255 255 0 0 0 255 255 255 0 174 0 255 7 255 0 118
    255 255 0 255 255 255 255 0 0 176 0 255 0 255 0 255 255 255 0 0 244
    255 0 255 0 109 255 255 0 255 204 255 0 0 255 255 255 219 37 0 255
    255 0 0 0 255 145 4 255 255 244 0 0 255 0 29 255 255 156 54 0 255 0
    255 0 255 255 0 0 119 255 0 116 255 255 255 255 141 0 169 0 154 0
    255 255 131 255 0 134 0 255 109 255 255 255 0 112 255 42 0 0 255 0 0
    24 0 0 255 30 255 255 255 0 0 0 255 34 255 255 6 255 0 0 0 255 61
    113 0 0 0 0 255 255 158 255 0 86 0 0 255 255 255 255 243 0 148 0 255
    255 0 0 2 0 255 255 0 116 0 255 39 255 255 68 0 0 255 255 255 0 0
    255 0 255 0 0 11 255 255 255 0 255 0 255 0 36 255 255 57 0 84 255
    255 0 0 255 255 255 197 255 67 194 0 0 0 0 255 255 0 0 0 255 140 0 0
    198 255 237 0 0 255 0 255 0 255 0 255 226 0 135 255 0 255 0 187 0
    255 0 232 0 255 192 0 255 255 255 0 255 255 0 255 255 126 146 0 0
    243 255 255 0 0 255 0 0 124 80 255 0 255 0 255 255 0 255 0 232 255 0
    0 130 0 255 0 255 255 255 225 116 0 24 0 0 0 0 0 255 255 0 255 0 255
    255 0 0 229 255 255 0 0 0 0 0 255 255 255 255 122 124 255 105 0 255
    77 0 0 0 102 255 255 0 0 16 255 255 109 255 0 255 0 255 0 0 0 255 0
    255 0 0 255 27 255 0 255 255 255 0 255 255 0 10 0 0 0 255 255 255
    255 255 255 0 201 0 255 0 138 255 28 0 255 255 255 255 255 221 0 0 0
    0 255 200 255 255 255 255 0 255 255 255 0 189 0 255 0 0 0 0 0 255 0
    255 204 255 0 255 255 255 0 255 134 217 0 255 134 23 0 255 0 255 0 0
    255 255 255 0 0 0 255 191 0 0 255 130 255 0 255 136 206 0 255 255
    255 0 0 0 255 195 0 0 249 0 83 255 0 0 0 255 255 167 255 0 0 0 255
    53 255 81 0 0 255 255 255 255 154 108 255 0 0 218 255 255 25 0 22 0
    255 0 255 0 255 0 255 255 255 0 0 255 255 112 0 0 255 194 178 38 255
    255 255 255 0 0 255 232 255 217 255 226 255 255 228 0 0 255 245 0 0
    0 255 255 255 237 0 0 0 0 101 255 0 0 0 255 0 255 255 0 255 0 0 0 0
    255 255 255 0 0 0 255 255 137 0 255 0 255 0 0 0 7 255 183 255 99 0
    255 50 49 0 0 0 0 255 150 255 0 255 254 151 0 255 0 0 0 0 255 255
    255 0 0 255 243 255 0 255 37 255 255 255 255 255 0 0 255 0 255 0 255
    0 255 0 255 0 140 0 255 0 255 0 255 255 255 0 0 255 205 228 0 0 255
    93 255 132 38 255 0 255 0 255 255 255 0 255 0 255 0 0 0 255 255 255
    66 255 0 0 0 0 0 255 192 0 255 0 255 0 81 255 255 0 158 255 0 255 0
    255 255 255 0 0 0 0 0 0 0 255 255 0 0 0 255 255 255 0 0 0 17 0 255
    255 255 255 83 91 0 0 0 255 0 186 253 0 255 255 0 0 0 0 255 255 0 0
    0 255 255 69 0 0 0 255 255 255 0 255 0 128 0 0 0 0 255 255 255 0 255
    0 255 0 255 0 255 0 0 0 255 255 0 0 0 255 255 255 197 0 255 0 255
    255 255 90 0 0 255 0 0 0 0 0 255 215 0 155 255 255 0 0 0 0 191 255 0
    255 0 255 0 101 255 66 255 0 0 255 103 0 255 0 255 0 255 0 196 255
    255 255 0 0 0 193 247 255 0 255 78 0 255 0 255 105 0 0 0 0 0 255 255
    255 0 255 0 255 0 255 0 255 0 255 0 0 255 232 255 0 0 42 0 255 127
    255 118 255 0 71 197 255 0 255 0 255 255 50 0 0 0 0 133 0 255 21 255
    154 0 0 148 35 0 255 80 255 0 255 255 255 255 255 255 255 0 0 180 0
    0 0 255 255 0 66 201 125 0 255 0 255 0 251 0 255 0 255 130 255 0 0
    255 255 255 236 0 0 0 0 0 255 0 4 0 255 84 255 0 255 255 0 0 49 255
    68 0 255 255 0 0 255 255 0 255 255 255 0 0 225 0 255 255 255 0 144
    100 0 255 130 255 145 255 255 0 234 255 0 255 0 0 255 248 255 0 255
    11 255 255 255 255 0 0 95 255 255 0 57 0 0 0 44 203 0 171 255 255 0
    255 90 119 0 0 255 255 255 255 34 0 0 0 255 255 202 0 0 255 0 0 0
    255 255 0 255 255 255 0 57 0 0 0 255 0 255 0 129 255 255 255 179 255
    0 0 255 255 255 100 0 0 5 195 0 40 255 255 0 0 0 0 21 40 0 39 0 255
    0 145 124 0 166 0 0 255 255 255 0 0 255 255 255 0 0 205 255 184 0
    255 255 0 0 255 255 0 106 138 0 0 0 0 0 255 128 19 255 0 255 0 255 0
    0 0 0 255 255 0 255 0 255 0 0 0 0 255 0 255 0 255 255 255 255 0 0 0
    0 0 0 211 255 183 119 255 0 227 0 0 255 255 255 60 0 0 48 255 130
    255 255 255 0 0 255 255 54 133 211 128 255 255 65 255 255 0 255 230
    255 0 255 255 255 0 0 255 232 255 0 255 255 0 0 0 255 102 255 0 0
    197 0 255 0 0 255 213 110 255 249 146 0 26 102 255 0 255 0 255 255
    255 0 67 255 0 209 196 255 0 255 0 217 0 0 255 255 0 0 255 37 0 0
    255 255 255 163 0 0 187 255 0 34 0 255 0 0 255 255 255 0 255 0 255
    23 0 255 0 255 255 255 255 255 0 255 166 0 231 0 255 255 183 0 213
    255 190 0 0 255 255 255 0 0 0 255 0 255 156 255 0 255 217 0 255 255
    255 255 0 0 0 255 255 255 159 0 0 255 153 255 0 255 0 0 255 255 255
    0 255 209 255 255 0 152 0 255 255 255 0 8 0 0 0 0 255 255 0 0 255 25
    255 0 0 255 255 255 0 0 0 255 255 0 160 0 255 0 255 0 255 0 0 0 255
    240 255 255 0 0 0 255 255 255 255 255 0 43 0 0 104 75 98 173 255 255
    0 0 0 255 255 0 0 0 255 255 255 255 0 0 122 0 0 0 70 255 255 0 0 0
    255 0 255 0 25 0 255 64 203 255 0 161 255 255 0 0 255 255 0 0 255 0
    255 0 124 0 255 255 255 255 255 0 22 0 0 0 255 140 107 255 36 255 0
    255 0 61 0 0 130 0 3 0 255 0 114 0 255 255 255 0 0 255 255 0 255 78
    255 0 255 139 214 0 0 255 0 255 0 0 0 255 126 227 0 255 255 131 0 0
    0 0 255 255 214 218 0 0 255 255 163 255 255 255 0 0 0 255 23 255 0 0
    0 255 0 255 0 255 237 210 255 179 255 86 255 255 255 255 0 0 0 0 255
    0 0 255 255 255 196 0 224 0 255 255 102 0 0 255 44 21 255 0 255 0 0
    255 0 255 0 0 0 0 112 255 0 255 255 0 64 0 255 0 0 202 0 255 255 255
    255 0 0 0 255 249 41 0 255 111 255 255 0 255 89 0 255 0 255 0 255 0
    0 255 7 255 255 0 255 0 0 153 141 197 0 105 0 0 255 255 0 0 255 0 0
    0 255 255 255 255 0 0 255 255 108 169 166 0 255 0 0 0 255 0 255 0 0
    255 0 0 0 255 255 255 56 255 255 0 255 255 72 0 0 255 240 255 0 0
    171 255 0 0 0 0 0 0 255 112 0 255 0 255 255 255 255 255 0 0 255 136
    255 0 255 0 234 0 241 255 255 0 0 253 255 0 255 255 255 0 219 72 146
    116 255 0 0 0 255 255 0 255 255 255 0 0 0 207 255 0 0 16 226 255 255
    0 0 0 255 0 194 81 255 255 0 0 186 255 0 0 0 255 255 0 255 16 255
    226 64 0 0 255 221 0 0 255 255 0 43 29 0 0 255 255 255 0 255 0 255
    199 0 255 255 0 0 0 40 145 255 0 219 0 255 255 255 193 255 255 0 0 0
    0 78 43 0 144 0 255 0 255 0 255 0 0 255 131 0 0 255 255 255 255 78
    255 114 126 154 194 0 39 255 0 255 0 255 0 0 0 0 255 255 0 255 255 0
    137 0 255 129 0 0 0 255 31 0 255 255 255 0 0 255 255 255 118 0 255 0
    79 0 40 0 9 91 255 0 255 0 76 0 0 255 255 255 255 255 255 255 0 0
    255 255 0 0 0 255 255 0 242 0 255 0 255 0 255 0 0 0 255 255 255 255
    132 181 158 255 255 0 255 0 255 0 255 0 38 255 255 255 0 0 0 255 255
    0 0 87 255 0 209 255 0 0 0 255 255 255 0 0 255 255 255 0 0 0 197 255
    255 82 0 0 255 255 255 123 0 255 61 255 0 255 147 255 255 0 230 255
    255 0 0 20 255 0 0 38 255 0 0 0 0 99 255 0 255 0 255 255 255 242 255
    255 0 251 0 255 231 52 0 0 67 255 255 181 0 0 255 255 0 255 93 0 0
    160 0 255 255 255 31 0 0 87 255 241 0 0 66 255 255 255 0 5 0 0 213
    213 115 0 255 255 255 0 8 255 0 255 0 99 0 73 0 255 255 255 0 0 0
    255 255 255 0 0 217 255 255 0 255 0 166 255 255 0 255 0 255 0 0 0
    255 0 237 58 255 0 0 0 255 255 79 0 255 98 172 255 255 79 255 0 255
    0 0 255 255 255 255 255 0 0 4 255 255 255 255 0 0 0 255 0 177 255 0
    206 0 0 0 255 215 225 0 255 240 166 0 0 0 0 99 255 0 255 126 255 0 0
    0 255 255 70 255 0 255 0 255 0 255 17 149 255 255 0 0 237 0 255 0
    255 255 0 134 0 255 91 255 255 255 47 0 0 0 0 0 0 255 255 165 255 0
    0 0 0 255 255 126 255 0 0 0 230 255 255 255 0 255 0 194 0 0 0 0 255
    255 255 255 255 0 89 0 0 204 255 238 0 255 0 255 0 197 0 0 255 255
    43 0 0 0 94 97 0 0 255 255 255 0 28 0 255 0 255 149 255 255 255 0 0
    0 0 255 255 255 0 0 0 255 0 116 0 255 255 255 0 238 255 44 255 255
    89 0 21 0 255 255 0 0 155 0 0 0 56 0 0 0 255 0 255 255 255 255 255
    255 93 0 0 0 255 80 255 147 255 0 0 255 233 205 34 0 75 146 255 248
    249 0 0 225 135 255 255 255 255 0 255 255 149 0 0 0 0 0 255 255 0 0
    255 255 255 255 0 131 106 255 211 255 0 77 0 255 255 0 255 116 44 0
    0 255 152 255 241 68 255 255 0 255 209 0 0 0 255 47 255 0 0 225 0 0
    255 255 0 255 255 0 0 0 177 255 255 255 180 255 0 0 0 255 0 0 7 255
    0 125 255 255 255 0 0 0 0 255 255 0 0 0 0 255 0 0 0 255 0 0 0 255
    255 255 0 0 255 255 0 0 0 255 16 255 255 255 255 255 0 0 175 255 0
    189 255 0 255 0 0 255 0 255 0 255 255 255 0 0 255 0 255 0 0 0 255 0
    255 255 27 255 119 0 0 0 255 20 255 143 255 0 149 0 178 0 255 0 0 0
    0 255 38 255 255 255 0 0 42 255 119 255 0 0 0 255 201 255 0 37 0 172
    0 0 255 255 0 255 32 255 197 208 0 255 255 255 255 55 255 255 255 0
    0 0 0 255 255 255 0 12 0 0 255 0 255 72 0 255 109 255 0 0 255 255
    255 255 225 255 0 255 255 0 255 0 255 255 255 250 0 0 0 121 255 0 0
    255 255 198 32 0 0 255 0 93 0 0 0 255 213 255 0 255 255 0 255 0 0 0
    27 255 255 0 0 0 255 0 0 255 255 255 255 138 167 0 190 255 0 0 255
    255 0 117 255 255 255 0 255 103 0 0 255 0 112 255 17 255 0 0 198 0
    237 0 41 0 0 255 255 43 2 255 255 0 0 0 255 255 255 0 0 0 0 255 255
    28 0 0 0 196 0 0 0 255 255 255 255 0 75 141 255 0 255 227 255 83 0
    255 255 172 0 255 255 0 255 255 197 0 255 0 255 75 0 255 255 0 255 0
    255 0 33 0 255 0 0 0 255 255 40 32 0 0 0 255 255 255 0 0 0 2 255 0
    255 0 255 255 0 0 255 255 255 255 0 189 96 255 255 255 0 40 0 255 0
    255 182 255 0 255 255 255 0 0 0 255 255 255 255 0 0 255 255 0 0 0 0
    0 255 255 0 0 161 255 255 0 0 255 255 0 0 0 0 255 0 255 0 255 0 255
    255 255 66 255 255 231 0 0 237 0 0 255 0 255 0 255 84 255 255 224 0
    0 76 0 255 255 196 105 0 255 0 255 255 245 0 0 0 143 255 255 3 255 0
    0 207 0 255 255 252 0 255 255 255 0 0 0 0 255 255 255 255 0 8 0 0
    255 255 255 0 0 0 255 255 255 0 0 0 255 0 255 232 0 255 244 255 0
    255 255 255 255 255 255 0 192 255 124 0 0 0 255 255 255 255 255 185
    255 212 0 0 0 255 218 255 0 0 43 255 255 242 0 0 0 0 255 255 255 112
    0 0 0 0 255 255 0 0 0 255 164 255 58 255 255 0 255 163 163 0 193 0
    131 0 255 85 255 0 236 0 155 0 255 125 255 0 0 255 255 255 255 0 0 0
    255 173 0 0 255 255 89 255 0 255 255 0 151 133 180 255 81 255 0 0
    115 255 193 255 49 0 31 88 255 255 255 179 0 0 0 0 0 255 236 255 16
    0 0 0 0 0 0 255 255 255 107 255 0 147 0 101 5 255 0 0 0 0 255 255
    255 123 0 0 183 186 0 0 255 255 255 0 120 255 52 255 255 255 255 0
    255 62 17 236 255 0 85 255 149 0 255 255 0 0 70 255 143 0 19 255 255
    207 255 0 0 255 115 127 0 0 0 255 255 73 255 0 255 0 255 0 0 43 255
    204 0 0 80 255 255 255 0 255 182 0 0 0 0 255 19 0 255 255 0 0 42 255
    255 0 255 255 255 0 71 255 0 255 209 255 255 215 0 0 0 0 255 0 178 0
    100 0 0 255 0 134 0 255 255 0 0 255 255 255 0 0 255 151 255 0 255
    181 255 255 0 29 255 0 255 251 255 0 120 255 255 0 255 0 255 0 255
    255 0 0 0 255 0 255 0 255 48 255 224 28 0 255 255 0 0 98 255 255 255
    0 0 0 1 255 255 0 197 255 0 255 0 0 0 0 255 255 0 0 0 255 156 0 0
    255 168 34 255 0 255 255 255 0 255 0 1 0 255 255 255 0 0 255 255 255
    255 0 0 255 255 255 255 255 128 0 0 0 0 255 0 59 0 255 0 123 0 0 0
    255 126 255 0 255 239 0 0 197 255 0 255 0 0 0 0 0 255 0 255 0 0 255
    0 155 0 0 80 0 78 255 255 255 0 104 0 255 255 102 0 221 255 0 0 255
    0 255 255 255 210 255 0 59 255 0 0 0 255 255 0 255 255 255 0 0 165
    126 255 0 217 0 87 0 0 255 162 236 225 255 0 0 0 255 255 255 0 255
    26 0 0 0 255 0 255 103 0 0 0 95 255 255 255 255 0 255 35 255 0 255 0
    0 0 105 0 255 156 255 255 0 0 68 0 0 255 255 255 51 0 129 255 255 0
    2 8 255 255 0 255 178 255 0 255 197 174 0 0 0 0 201 255 255 159 255
    0 0 255 96 24 255 255 44 0 255 242 0 255 255 255 0 177 0 0 38 0 51 0
    255 255 15 0 0 0 255 0 255 95 255 0 0 255 255 255 254 201 0 191 0 0
    255 49 110 255 209 109 96 0 255 147 194 95 172 255 0 0 0 0 255 255
    255 0 104 64 0 0 255 161 0 123 255 255 255 0 0 0 0 255 255 0 0 0 163
    0 0 0 0 255 0 255 255 255 53 0 0 0 255 255 135 0 0 0 0 236 255 255 0
    0 255 130 253 0 255 255 255 0 0 0 0 255 255 255 0 16 255 255 255 255
    38 0 255 0 255 0 255 0 0 0 0 0 0 0 255 255 0 255 255 255 114 0 180 0
    255 0 255 0 255 0 255 0 0 0 255 0 255 0 255 255 255 0 255 2 255 255
    255 0 255 0 255 0 237 199 0 255 116 255 0 159 0 255 255 255 0 0 255
    0 0 255 255 255 0 0 85 255 255 105 0 47 0 0 255 113 255 79 0 0 0 255
    0 134 0 255 0 255 0 0 0 0 255 255 231 0 0 255 255 0 0 214 0 146 227
    183 255 255 0 255 0 255 0 0 242 255 0 0 0 255 26 255 0 255 255 0 0 0
    0 255 255 255 0 255 0 0 0 255 0 0 0 255 255 0 255 255 255 255 0 7
    255 255 255 0 0 255 255 255 128 0 163 0 255 255 0 0 163 0 255 255
    236 0 0 255 255 0 0 92 0 0 241 255 255 255 255 255 0 255 0 255 255
    144 119 0 255 183 0 0 0 255 151 27 161 255 171 255 0 0 0 233 178 232
    255 0 142 255 105 255 255 0 0 0 0 255 255 0 255 0 255 214 255 0 199
    0 0 0 255 255 255 0 0 88 255 255 205 0 255 0 0 0 193 0 224 255 255 0
    0 255 255 59 255 0 0 0 0 0 255 255 255 255 255 255 0 255 0 255 66 0
    186 255 0 129 255 72 255 0 99 0 255 70 255 118 255 152 0 171 255 151
    0 255 255 255 0 241 0 255 255 25 0 0 0 255 255 255 0 0 250 175 32 0
    21 13 255 0 44 0 78 0 130 255 109 255 0 255 0 0 0 255 255 255 169 0
    255 255 255 255 0 255 255 0 0 0 149 0 0 0 255 255 255 215 1 0 236 0
    255 255 255 0 0 0 255 147 255 0 60 0 0 211 0 153 0 255 255 255 0 255
    239 255 0 0 255 121 255 128 0 255 255 255 0 255 255 92 31 0 0 255
    255 255 0 255 255 0 0 0 255 255 255 255 255 171 255 0 58 255 234 255
    0 123 255 194 116 213 0 0 255 255 255 0 0 0 255 255 183 0 0 0 255
    255 255 0 0 18 107 201 255 255 248 0 255 88 0 117 255 174 0 0 255
    255 180 200 234 0 255 255 255 0 255 255 0 0 255 40 255 255 255 255
    140 255 255 81 255 0 255 0 0 255 0 255 0 255 0 255 62 255 0 0 0 255
    88 255 90 55 0 197 255 0 0 0 243 255 0 134 0 255 0 255 0 0 255 0 255
    202 72 0 0 158 255 255 0 96 35 152 255 255 255 0 255 255 0 68 255
    255 255 0 0 0 0 0 255 255 0 73 255 255 0 0 255 255 0 255 255 255 255
    7 155 0 255 255 35 0 0 0 0 255 255 255 255 0 0 192 255 255 0 0 0 0
    232 28 255 0 0 255 255 0 0 255 255 0 0 166 7 0 13 255 255 255 245
    255 0 255 0 199 0 209 0 0 0 255 255 0 1 255 115 0 27 67 255 131 255
    0 255 0 255 0 255 255 136 5 0 255 193 62 255 208 112 255 255 46 53 0
    0 0 0 255 0 255 0 255 0 151 255 255 0 255 255 0 0 0 255 255 0 239 47
    255 0 0 255 255 255 0 0 0 255 0 194 255 255 255 94 255 83 255 41 255
    255 255 0 228 175 0 192 255 255 255 0 242 0 255 0 255 255 255 255
    255 0 230 255 255 255 0 0 43 255 255 51 0 228 0 255 0 255 0 255 0 0
    0 65 255 0 150 244 0 0 0 255 233 0 255 255 255 0 0 0 0 0 255 0 255 0
    255 0 255 0 255 0 255 247 0 0 0 154 166 0 255 0 0 0 16 255 49 255 0
    255 255 0 0 0 255 0 0 183 0 0 255 255 0 255 255 0 65 255 255 0 0 255
    255 77 255 255 0 76 45 255 255 255 0 0 0 0 188 255 103 255 255 0 120
    0 255 255 255 0 255 101 255 0 255 255 26 220 0 0 255 0 232 0 255 110
    255 0 255 0 230 255 173 255 0 0 0 0 255 0 255 255 255 0 154 0 12 255
    0 0 255 0 0 230 255 255 0 255 0 0 70 115 255 41 12 0 0 255 0 255 0
    255 255 0 0 255 255 192 0 0 255 255 0 255 0 183 255 0 255 255 255
    255 0 0 0 94 255 0 255 190 187 255 255 255 0 255 0 255 0 255 25 0
    255 0 0 0 187 255 0 255 0 0 62 255 0 0 0 0 255 0 255 0 255 192 0 24
    255 0 0 0 255 255 255 255 255 255 255 0 255 166 255 0 0 0 255 26 0 0
    0 255 238 0 255 0 167 255 0 0 255 170 0 0 198 255 2 255 255 0 0 0 0
    155 255 0 0 255 0 255 0 255 0 0 255 0 0 255 241 255 3 0 117 0 255 0
    140 189 140 0 255 58 0 255 255 252 0 0 255 255 47 0 122 118 255 0
    255 0 0 0 0 255 118 255 0 0 215 255 68 255 204 0 0 0 242 0 255 0 229
    0 255 0 255 183 0 36 255 255 0 255 255 177 255 0 0 255 233 255 0 39
    0 255 250 128 0 255 0 130 0 255 255 241 0 0 0 255 255 255 0 255 82
    255 8 0 255 0 167 238 217 229 124 0 0 0 0 255 17 255 0 7 0 255 195
    255 255 255 255 0 0 255 0 255 0 208 0 255 0 255 25 255 255 255 0 0 0
    255 255 0 126 255 255 0 190 0 255 0 255 134 255 68 28 201 255 0 0 0
    255 255 255 0 174 69 6 255 255 32 0 0 255 255 255 255 0 0 0 0 255 62
    255 0 255 0 255 255 255 0 255 255 255 255 0 0 0 129 255 211 0 0 0
    255 45 232 255 255 255 0 0 255 0 255 0 255 0 0 0 255 0 255 255 12
    255 255 255 0 0 0 255 0 50 100 255 255 108 255 255 0 70 255 8 0 0
    255 12 0 0 0 97 37 0 255 255 52 255 0 255 174 255 255 255 0 0 0 0 0
    255 8 182 0 255 0 0 95 249 255 255 212 0 60 255 238 138 0 0 0 255 0
    255 255 255 0 0 190 0 0 255 0 255 0 0 39 0 255 0 251 153 255 0 0 28
    255 255 0 0 181 0 106 255 255 0 255 255 255 0 0 0 0 255 255 38 0 0
    255 255 255 255 255 205 0 255 255 255 0 255 255 70 0 255 112 255 0
    174 60 0 255 0 255 0 255 255 255 0 0 255 255 255 0 255 255 255 126 0
    255 255 0 255 0 255 0 0 188 0 255 0 255 0 0 255 255 79 255 0 44 0 25
    0 99 255 255 0 0 255 255 0 255 0 0 0 100 0 0 0 255 0 255 99 0 0 0
    142 255 18 255 59 255 255 0 255 36 0 212 0 49 255 0 255 0 216 0 0 0
    0 255 0 0 255 255 255 0 249 255 0 0 0 255 255 255 255 108 255 255 0
    0 0 255 255 253 66 0 255 255 255 203 0 122 0 0 140 255 255 30 37 97
    100 255 255 255 255 0 0 94 255 255 255 161 0 114 0 29 0 0 0 248 255
    255 0 0 0 255 255 0 39 0 0 0 255 32 255 255 255 0 0 255 70 255 0 0 0
    255 255 0 221 255 0 0 0 255 130 150 0 0 255 202 95 103 255 235 0 0
    40 255 255 255 0 164 192 255 0 0 255 50 255 255 0 0 61 255 255 255 0
    0 255 0 181 0 255 147 0 0 0 255 0 0 149 0 0 0 26 255 255 0 0 255 255
    174 0 0 168 255 0 0 255 255 255 0 205 0 100 255 0 0 0 0 255 65 255 0
    255 0 199 0 0 255 255 0 0 0 255 255 168 159 255 255 0 0 0 94 0 255 0
    255 16 255 0 126 0 255 52 255 28 255 0 0 51 0 0 10 0 255 255 255 255
    255 0 0 0 255 0 97 0 255 255 255 0 0 0 250 255 207 0 0 225 65 255
    255 0 0 255 255 255 255 0 255 0 255 0 255 0 255 0 255 255 0 0 131
    255 0 0 255 255 255 0 246 74 163 0 62 121 255 0 243 10 255 255 255 0
    0 149 255 255 255 0 119 0 255 195 201 0 0 255 255 255 255 255 0 0 0
    19 252 209 255 12 255 0 255 0 255 255 0 0 170 255 255 0 141 0 0 255
    130 0 0 255 255 255 109 255 0 61 181 0 0 0 17 255 0 255 0 255 0 255
    255 88 0 206 112 0 14 255 255 255 255 0 0 255 255 0 0 0 0 0 255 0
    255 255 255 255 255 0 255 0 255 69 0 255 224 0 0 0 0 255 0 255 0 255
    0 156 0 135 255 0 0 0 0 255 0 255 255 0 0 59 0 255 0 255 0 142 255
    255 255 0 0 0 255 255 255 0 0 255 255 255 206 0 180 255 172 255 0
    255 0 255 0 255 36 0 11 0 255 255 255 0 0 0 255 255 0 0 207 255 255
    255 0 255 255 255 0 125 232 255 0 0 0 255 32 0 255 255 245 255 81
    195 0 255 1 0 0 0 255 228 255 189 255 206 0 0 255 255 230 111 57 0 0
    0 43 255 255 0 0 0 255 38 255 255 255 0 28 121 139 255 0 0 0 183 83
    255 255 255 0 0 81 255 0 255 0 38 255 255 255 0 255 181 222 0 255
    255 152 139 103 0 255 255 255 0 127 29 255 0 0 249 0 255 0 255 19 0
    0 80 48 161 255 0 0 0 233 255 255 255 255 92 0 0 0 0 255 105 134 0 0
    250 255 255 66 255 255 0 55 175 255 0 0 111 255 255 255 255 144 138
    0 11 0 0 6 255 0 255 0 255 238 255 255 0 247 0 0 255 0 0 0 253 255
    255 0 255 0 255 255 0 0 0 255 0 255 80 255 255 255 0 0 0 255 255 255
    0 255 0 0 0 0 255 197 255 0 0 255 255 99 0 245 0 0 0 255 108 0 0 255
    255 255 0 255 0 151 255 255 255 0 255 0 0 255 255 255 0 255 255 255
    0 162 0 255 255 255 0 255 111 33 0 0 255 108 0 0 0 0 75 35 15 0 0
    229 255 174 255 49 0 255 0 45 139 140 255 255 171 0 0 255 255 189 47
    0 0 0 255 159 255 0 255 250 255 0 255 255 0 0 0 255 0 254 255 255
    255 0 0 0 255 255 235 57 139 0 255 0 255 255 0 255 0 0 0 255 255 255
    157 0 0 0 255 0 0 0 255 255 255 255 0 255 255 0 0 0 0 255 255 255
    255 255 255 0 0 0 0 255 255 254 0 0 255 255 255 7 0 93 71 255 0 255
    64 229 92 98 255 255 255 0 255 0 255 0 255 255 0 255 0 255 101 255 0
    0 0 255 255 0 255 255 255 0 0 0 0 255 255 0 0 0 0 255 255 57 255 0
    51 150 0 0 255 255 182 159 0 0 66 255 255 255 255 0 0 0 0 34 255 0
    255 0 255 255 0 195 255 255 255 0 0 255 0 255 255 212 0 0 255 0 25 8
    255 255 0 0 79 0 255 255 255 255 0 221 0 255 35 255 0 255 255 255 0
    255 38 0 0 255 255 255 0 0 0 255 255 255 197 0 255 0 0 210 134 255 0
    0 255 255 109 0 0 255 255 255 0 255 255 255 94 0 255 255 255 255 255
    0 0 0 255 255 0 255 205 255 255 255 0 255 0 0 255 255 217 0 251 255
    255 0 0 0 255 255 255 255 255 0 53 0 255 238 0 0 255 255 0 138 0 77
    255 0 0 0 255 0 255 0 255 0 195 255 188 0 0 0 255 255 255 0 255 0 0
    0 255 255 0 0 0 214 255 255 0 0 255 3 0 0 255 0 106 0 0 146 255 120
    255 0 255 0 255 172 138 179 255 135 255 255 255 0 0 0 0 155 50 255
    212 255 0 0 255 0 0 0 255 0 0 0 255 22 159 74 255 255 0 235 33 246 0
    49 255 0 0 0 255 255 75 255 0 0 255 0 255 255 255 255 0 119 0 0 255
    0 0 0 255 255 255 0 0 148 0 255 0 0 255 255 40 0 204 0 0 255 255 195
    255 68 0 18 0 255 0 255 0 255 0 255 0 133 0 255 89 36 0 255 255 255
    255 0 0 255 247 224 255 130 0 0 0 255 255 255 44 0 121 248 201 255 0
    255 0 0 101 255 0 55 255 255 0 0 0 255 0 0 0 255 0 255 0 0 123 255
    255 0 0 255 255 0 0 0 255 64 0 231 255 0 255 0 255 255 255 255 0 0
    175 255 73 0 0 0 231 255 255 255 255 0 255 255 255 0 255 0 0 255 0
    255 255 0 255 255 255 0 45 0 255 255 255 0 0 0 47 255 0 255 255 255
    0 144 0 0 0 0 255 255 0 0 0 255 0 0 255 0 0 0 229 255 255 0 0 255
    255 0 0 225 255 255 0 0 182 106 255 255 255 0 0 0 255 255 255 0 0 0
    232 159 255 255 249 0 69 253 255 0 255 227 0 255 255 255 0 0 0 0 255
    255 255 0 0 255 255 0 0 255 0 0 0 255 0 255 171 60 68 0 0 0 255 27 0
    255 255 255 0 22 255 255 0 255 0 0 255 0 181 0 255 0 81 255 255 0 0
    154 255 255 184 255 35 0 255 255 255 0 0 0 4 0 255 221 255 0 255 255
    255 0 62 255 255 0 38 255 0 0 0 0 0 0 0 0 255 0 0 0 255 255 0 0 255
    0 255 255 255 0 16 255 144 255 0 0 0 255 255 0 0 0 0 0 0 0 255 255
    255 0 0 0 0 0 148 255 0 255 0 255 0 0 255 255 0 0 0 7 255 0 255 255
    0 0 255 196 0 0 0 255 0 0 255 0 255 0 107 255 46 255 0 0 255 3 255
    153 0 0 255 0 255 0 255 0 255 255 0 255 0 255 255 205 66 0 0 0 255
    255 0 255 0 255 255 181 97 255 255 255 255 0 0 0 0 7 255 255 0 169
    12 0 255 85 255 255 219 0 0 0 130 255 64 32 255 247 255 0 0 95 255
    137 255 0 109 0 255 0 0 0 0 255 31 0 0 0 255 255 65 0 55 191 0 219
    255 255 0 0 0 255 0 240 255 0 0 88 0 255 255 170 255 0 0 0 28 78 0
    255 255 255 255 0 0 0 27 255 247 158 255 255 0 85 83 255 0 255 0 255
    0 255 179 0 248 0 34 0 0 255 255 0 255 255 255 250 0 0 255 255 255 0
    0 135 0 255 0 0 255 0 255 255 255 255 255 3 0 0 0 0 255 161 153 255
    0 255 178 89 0 45 10 0 0 255 255 0 255 255 255 0 255 255 127 0 255
    255 255 255 29 0 0 0 255 226 255 255 178 147 0 255 255 255 0 0 255
    255 0 0 0 0 255 0 255 0 0 218 0 255 213 0 12 79 255 255 0 0 255 255
    98 255 0 255 255 0 0 255 255 0 0 0 206 255 0 177 0 255 0 141 0 29
    165 255 255 0 0 255 255 0 0 255 255 0 0 0 255 255 0 255 255 255 0 0
    0 18 90 0 0 83 101 80 255 0 255 255 255 197 255 123 0 0 132 255 255
    255 255 0 0 0 255 255 255 255 255 255 255 0 173 0 255 255 0 0 0 171
    255 0 144 255 0 0 255 0 0 0 255 255 255 255 0 0 0 99 255 255 75 151
    39 148 0 255 255 25 0 0 0 255 197 176 255 0 255 0 255 255 0 255 0
    255 194 255 0 0 198 255 255 0 0 0 255 0 255 0 0 255 0 114 255 255 0
    0 255 117 255 0 255 0 255 207 255 0 16 0 0 0 255 255 255 0 0 255 255
    255 0 0 0 54 255 255 46 198 15 0 255 255 17 0 0 169 4 255 0 255 0
    255 0 0 0 123 255 0 255 0 0 0 0 255 82 255 255 0 0 0 187 0 255 255
    255 0 0 255 255 0 0 0 255 47 255 0 255 0 255 0 80 0 255 255 0 255 0
    0 0 255 0 0 107 0 0 255 0 255 94 0 255 0 255 96 0 255 255 255 0 0
    255 187 255 0 255 255 255 248 193 0 0 255 255 0 102 0 205 117 255
    255 112 0 0 255 100 255 0 0 0 222 0 0 255 24 255 255 255 0 0 252 76
    255 255 0 0 221 255 159 0 255 0 255 204 255 133 255 0 222 0 255 0 0
    27 8 255 0 255 255 30 255 255 191 187 111 255 0 0 221 255 255 255
    197 0 26 0 255 255 255 255 0 0 0 0 255 255 255 255 0 0 0 255 255 255
    155 255 0 255 0 255 0 0 0 213 255 255 216 255 255 0 0 0 255 255 255
    0 0 255 97 0 0 171 255 255 255 43 123 255 0 79 255 255 0 0 255 0 0 0
    255 255 255 254 0 0 0 255 255 0 255 175 255 0 255 255 0 255 255 0
    255 0 255 0 255 0 213 0 255 255 0 255 0 0 255 0 255 0 255 10 255 255
    0 0 196 255 0 255 255 255 13 231 0 49 0 255 0 0 255 0 255 0 0 255
    255 255 255 179 255 0 0 0 255 0 83 168 255 0 0 255 0 0 0 238 255 255
    0 0 255 0 110 255 251 169 0 255 197 0 0 255 255 255 0 0 255 187 255
    0 0 17 0 0 191 255 255 0 255 0 0 255 255 230 0 0 0 255 240 196 0 0 0
    239 0 255 255 255 255 0 156 0 211 106 143 255 249 255 0 255 255 0 0
    0 255 255 0 255 255 0 0 254 255 223 255 0 0 0 0 0 255 245 255 0 0
    176 255 0 255 0 255 0 255 15 132 0 255 0 0 255 255 0 255 255 0 255 0
    255 255 0 0 237 24 109 116 131 0 0 255 38 255 255 0 255 0 165 255
    255 255 255 0 0 0 0 255 0 255 255 113 0 0 43 0 255 255 255 0 255 0
    255 0 0 18 0 255 255 255 255 255 34 9 0 0 255 165 0 255 0 255 255 90
    0 102 0 0 82 5 248 111 0 0 255 0 255 255 255 0 255 203 0 0 0 0 119 0
    255 253 255 0 255 93 0 0 0 255 255 255 32 0 233 255 255 0 255 0 0 0
    39 0 0 0 11 0 0 50 255 255 0 0 251 0 0 0 0 106 0 0 0 0 255 207 0 221
    56 255 0 0 255 255 100 0 0 255 0 0 255 255 255 0 69 0 137 56 255 0
    255 255 0 0 57 0 0 41 14 255 255 0 255 0 255 255 0 0 0 0 255 0 0 255
    0 0 0 83 255 0 255 0 255 0 120 0 255 255 255 92 255 163 255 0 0 104
    0 255 255 255 251 0 255 64 0 255 0 255 0 255 0 50 0 255 255 45 255 0
    255 255 0 255 0 150 0 204 0 174 0 0 0 255 0 255 0 0 81 255 61 0 0
    255 255 0 255 0 255 255 255 212 244 0 235 0 255 255 255 0 0 200 0 0
    255 255 255 121 162 0 255 255 255 0 0 0 0 255 255 255 61 0 255 0 0
    255 255 0 0 255 0 0 210 255 255 56 0 0 255 255 179 105 0 255 0 255
    255 0 81 194 89 255 0 255 0 0 0 255 0 255 255 168 255 7 0 0 255 255
    255 0 0 0 0 255 255 255 255 0 255 255 231 0 0 30 255 255 0 237 255
    221 152 255 255 0 245 0 255 255 207 255 48 255 0 174 0 255 143 255
    255 255 255 0 255 181 255 0 233 255 255 255 28 255 189 219 0 73 0
    255 93 0 157 169 0 255 154 0 255 255 0 145 0 255 0 255 0 255 0 255
    255 0 0 232 0 255 91 255 105 0 33 255 212 255 0 255 0 0 0 255 0 0 0
    255 255 255 255 0 255 55 255 0 255 255 255 197 0 255 255 255 151 119
    234 30 0 15 0 176 0 255 0 255 0 110 0 255 0 0 0 208 0 255 255 255 0
    0 19 255 0 0 255 59 255 0 0 255 0 255 0 255 0 255 0 211 145 255 0 0
    0 255 0 176 255 0 98 255 99 255 0 255 0 248 255 255 255 255 0 0 0
    110 255 255 255 255 0 0 0 57 255 255 0 0 255 0 253 0 255 255 255 0 0
    0 0 255 255 255 0 0 0 255 238 14 23 0 0 71 255 255 255 255 0 0 0 19
    255 0 253 0 77 14 0 255 0 0 0 255 255 0 0 0 255 97 0 0 239 255 0 0 0
    255 0 124 255 255 0 242 255 130 255 207 120 0 255 0 26 0 191 0 255
    94 255 255 0 0 255 255 0 0 0 0 255 0 0 0 173 255 255 0 0 89 35 255 0
    0 0 0 255 0 255 0 0 255 255 255 0 255 0 255 6 255 255 255 255 255
    101 0 0 0 255 169 0 106 0 255 0 255 255 255 0 255 255 0 0 0 255 0 0
    255 255 255 26 32 255 0 255 248 140 255 0 69 88 0 195 255 0 0 0 124
    255 255 255 255 0 0 65 0 0 0 255 255 255 255 0 255 117 255 0 255 0
    255 0 0 0 0 0 0 255 199 255 16 255 255 220 106 0 255 255 0 0 0 0 255
    0 255 0 255 0 0 134 163 255 255 159 255 255 0 0 0 255 255 110 255
    255 255 0 0 98 255 0 0 0 0 149 255 0 255 0 255 0 0 153 115 255 192 0
    0 99 0 255 255 0 0 255 34 0 255 212 255 7 255 59 255 0 0 0 0 255 255
    255 0 184 0 122 0 0 0 232 0 66 255 0 255 28 5 255 137 0 115 82 14 0
    255 0 207 255 255 255 225 0 173 245 0 255 72 255 0 255 0 255 0 235 0
    255 0 154 255 0 19 0 255 255 0 14 0 255 255 0 0 255 31 15 0 0 0 255
    255 255 255 0 0 0 255 152 255 0 0 0 255 255 140 255 9 255 37 255 255
    0 0 0 255 255 222 255 255 255 0 0 255 255 255 120 0 255 255 0 0 125
    255 255 0 255 22 255 0 0 255 10 255 0 0 255 0 19 255 255 93 255 0 0
    0 255 255 255 179 255 33 253 74 255 0 0 0 255 255 255 0 255 0 21 249
    0 255 0 120 42 255 0 0 255 255 0 0 0 255 0 255 0 53 255 0 159 0 0 0
    188 255 255 64 0 0 105 182 40 255 255 123 255 0 0 125 255 0 95 255
    255 255 0 255 0 0 0 255 255 0 0 0 0 255 0 0 169 255 0 255 0 0 51 255
    0 27 238 255 255 255 0 0 0 0 193 255 246 0 3 0 0 0 16 0 0 255 0 255
    0 255 204 0 0 255 255 0 255 38 255 255 82 0 255 255 181 0 255 0 255
    0 255 0 0 0 0 15 255 16 255 0 255 255 0 0 255 120 0 0 0 0 255 0 255
    0 210 0 158 255 228 0 0 0 216 0 255 0 54 0 189 255 0 0 255 255 12 0
    0 0 255 0 197 255 255 251 0 255 11 121 0 255 0 255 0 0 78 255 0 40
    255 255 255 85 255 255 255 11 255 0 0 255 255 255 0 0 144 255 0 0
    255 0 255 255 0 255 0 0 255 204 0 0 255 255 255 0 0 119 255 0 190 0
    255 255 255 0 0 0 0 140 255 0 0 255 255 255 255 100 0 0 221 0 0 255
    255 0 0 254 0 0 255 0 255 255 255 243 255 199 235 0 0 0 57 255 255 0
    15 255 0 255 0 255 231 255 255 51 0 0 0 255 255 255 0 0 255 255 0 72
    0 108 0 255 121 255 0 54 0 0 0 188 255 0 255 63 255 255 255 0 0 0
    255 255 255 0 255 0 0 255 255 92 0 0 255 0 255 0 245 255 255 0 0 237
    0 255 207 0 0 0 255 255 255 0 0 0 0 210 255 0 255 0 255 0 0 255 255
    255 198 255 255 65 0 235 255 255 152 0 0 0 86 157 255 255 0 0 255 94
    248 0 255 255 255 112 0 255 255 186 0 255 255 255 0 49 0 255 255 54
    255 171 255 255 255 249 0 0 0 0 0 53 255 255 228 255 0 0 0 0 120 183
    255 255 255 255 255 0 0 255 217 255 0 0 0 255 255 255 0 0 255 255
    222 255 22 255 0 0 0 0 99 0 110 0 37 0 0 255 0 248 255 0 170 0 255 0
    255 255 188 243 255 255 0 0 255 255 0 255 85 140 0 0 0 215 255 255
    82 0 255 0 0 0 0 0 155 255 255 0 0 255 0 255 0 0 0 78 255 0 146 0
    255 255 68 255 0 255 0 255 0 223 0 76 255 255 0 0 0 255 0 43 255 255
    255 255 0 255 0 255 0 82 0 0 185 255 94 0 0 255 176 0 255 255 255 0
    0 13 255 0 0 255 255 76 0 0 228 255 187 42 0 0 255 0 92 0 0 0 39 0
    255 255 0 255 0 96 255 189 0 255 18 255 0 0 255 255 255 0 0 255 255
    255 255 0 255 101 255 144 255 0 43 255 0 76 139 246 255 0 255 138
    255 255 0 255 0 255 159 255 0 0 255 0 255 83 92 0 108 255 255 255 0
    32 84 0 255 255 0 255 255 0 4 0 255 255 182 0 0 214 255 255 230 255
    0 0 0 255 255 0 255 0 23 0 255 255 255 34 0 178 255 255 255 255 132
    255 0 255 98 221 0 70 255 255 219 255 220 0 0 254 255 255 255 0 0 0
    0 255 0 0 0 255 255 0 0 255 0 0 0 255 0 255 142 255 55 255 0 0 255 0
    255 0 0 255 220 255 9 255 0 249 152 255 255 255 0 158 255 211 0 0 0
    255 255 41 0 0 0 255 255 0 255 255 0 136 255 255 112 0 0 0 255 255
    97 0 255 0 48 0 255 255 0 0 0 255 0 255 255 255 0 0 0 215 0 255 255
    11 255 255 255 0 0 55 180 255 0 255 255 0 0 142 0 255 255 255 186
    255 57 93 0 255 248 255 255 255 255 0 0 247 140 0 255 203 255 255 0
    172 255 255 255 255 0 118 0 0 255 255 255 0 248 0 0 255 255 234 0
    255 0 0 255 255 255 0 255 255 14 231 0 0 0 255 255 0 255 0 0 27 0
    255 255 255 0 0 10 255 255 15 0 255 0 255 255 255 0 0 0 140 255 255
    0 0 255 62 255 0 0 0 255 255 186 79 112 201 220 255 124 0 0 255 255
    108 0 27 255 0 255 255 255 0 0 0 106 255 255 0 0 255 118 255 0 0 0
    255 0 31 0 14 0 255 0 255 77 0 0 0 255 255 0 0 0 0 255 255 0 255 0
    47 255 91 255 0 0 0 0 230 255 255 0 255 255 255 0 0 0 255 0 0 0 0
    255 255 227 255 0 255 0 255 123 0 0 10 0 255 255 255 191 255 196 0
    11 255 79 237 0 255 255 255 0 255 0 0 0 255 0 255 255 0 0 20 255 255
    0 255 0 255 198 0 67 255 120 255 0 0 188 255 255 0 255 0 0 0 255 0 0
    0 255 255 255 116 0 0 255 0 86 0 0 255 124 255 255 0 0 0 0 0 255 255
    255 255 0 0 0 255 255 255 78 0 255 0 0 11 0 255 255 255 255 0 255
    255 0 0 0 0 255 255 118 0 0 0 255 0 0 255 255 255 139 188 255 0 255
    255 255 166 0 255 0 255 180 0 255 59 255 0 158 0 56 0 167 0 255 83 0
    255 255 255 255 255 0 0 255 220 0 255 0 72 255 255 255 255 78 57 255
    0 255 0 255 255 0 24 255 126 0 255 0 255 0 0 0 186 0 255 0 0 0 255 0
    183 213 255 183 27 0 166 0 255 0 0 77 0 0 255 255 255 239 193 237
    255 255 255 216 0 255 255 0 0 0 255 255 255 156 0 255 255 31 0 0 255
    182 255 0 0 255 255 0 0 255 255 0 255 255 0 255 0 0 0 0 255 0 0 0
    255 0 255 255 255 0 0 0 255 255 255 0 255 255 85 255 0 0 91 255 255
    255 255 255 255 255 0 185 255 226 244 255 255 0 0 255 255 89 255 0 0
    255 255 255 0 85 0 255 255 255 0 255 255 0 0 188 0 0 0 255 0 255 0 0
    0 43 0 255 205 255 0 0 0 0 195 0 255 255 255 255 0 255 195 0 124 255
    255 255 0 0 0 255 77 0 255 59 0 0 255 255 255 0 0 255 255 255 255 0
    0 0 255 255 255 140 255 0 0 255 255 0 0 0 0 0 255 0 233 0 0 0 0 255
    255 255 255 0 0 0 0 255 255 0 153 0 136 255 232 0 0 21 188 0 255 255
    255 0 255 0 255 52 0 255 255 232 130 0 155 255 255 0 201 255 255 0 0
    0 255 0 255 0 11 0 0 255 255 21 0 255 255 255 0 0 125 0 147 255 0
    255 0 92 0 255 0 255 0 255 0 0 0 255 0 0 0 255 255 255 255 124 255
    252 40 120 255 255 255 255 255 244 0 0 0 255 244 0 0 255 255 255 0 0
    0 255 0 255 218 255 0 255 255 70 0 0 255 255 0 0 0 255 255 0 0 255
    234 255 0 0 255 255 240 255 0 0 255 255 11 255 0 255 0 0 0 255 255 0
    0 255 0 255 0 40 0 211 0 0 0 255 255 255 255 255 255 0 0 255 0 148
    255 5 255 255 255 0 255 255 255 0 255 255 255 0 0 14 255 255 255 255
    255 0 255 150 0 255 0 255 0 0 0 255 255 208 0 132 0 0 0 255 0 255 0
    0 255 255 0 0 255 0 0 0 0 255 255 255 207 0 219 89 130 0 255 255 0 0
    0 255 6 255 255 0 0 255 255 255 0 45 0 0 0 255 255 255 255 0 147 133
    255 0 0 255 255 255 0 15 255 255 0 255 63 255 0 255 0 0 0 41 255 255
    0 0 0 255 92 0 0 124 255 0 255 0 255 0 255 40 255 255 224 255 217
    160 109 144 0 0 255 255 0 0 255 255 255 64 255 0 255 255 255 179 255
    255 108 219 63 255 0 255 0 255 0 255 0 0 255 255 0 0 0 120 183 0 255
    0 255 0 0 255 0 0 22 130 255 114 0 101 255 255 0 0 0 153 117 255 255
    255 0 0 255 255 255 255 0 86 0 0 0 139 0 0 255 255 255 255 255 255 0
    255 255 0 43 103 255 0 57 255 0 0 255 255 255 255 0 166 0 255 109 0
    1 255 0 0 0 0 0 0 113 0 255 41 255 0 80 255 255 0 255 79 255 0 0 0
    255 0 0 0 255 0 0 0 0 255 0 0 255 255 255 0 255 0 195 0 19 255 255
    255 0 255 117 255 0 226 121 0 181 0 255 0 255 255 79 167 184 216 0 0
    0 255 255 0 255 255 255 0 255 0 0 194 255 255 255 0 255 0 0 129 0
    112 11 193 0 10 47 194 0 255 255 0 255 0 0 0 0 0 0 255 255 0 0 0 255
    255 0 255 43 155 255 0 0 255 255 0 0 255 0 0 0 255 0 255 69 255 0 0
    0 0 255 0 0 87 255 0 46 0 255 0 17 0 127 255 0 0 0 255 255 211 0 194
    255 0 0 0 255 255 255 0 0 255 255 255 255 45 0 100 255 166 0 21 0
    218 0 255 0 255 255 184 0 0 91 92 0 0 0 255 0 0 255 255 255 183 0
    255 255 0 0 255 255 0 185 0 0 0 255 255 0 255 0 255 0 85 255 255 200
    255 140 0 255 255 255 0 0 255 0 0 0 0 255 255 255 92 0 0 255 0 0 255
    0 255 255 0 250 0 255 0 0 101 255 255 255 0 0 255 255 0 0 86 255 255
    0 255 255 255 255 0 0 255 255 0 103 255 255 255 186 197 222 255 213
    0 130 0 255 69 252 255 226 0 0 255 0 0 0 0 255 255 104 0 0 186 0 0
    255 0 255 0 255 0 255 0 255 255 255 0 0 0 255 56 255 0 255 255 255
    255 0 255 0 0 0 255 50 0 0 255 138 255 0 255 0 255 0 255 0 255 2 0 0
    0 49 255 254 0 255 21 255 238 0 246 0 255 255 193 90 0 255 0 0 0 255
    0 255 255 255 0 255 0 0 0 255 255 156 169 119 108 255 0 227 255 255
    255 255 255 0 178 0 89 255 0 255 0 0 0 0 84 255 255 255 0 0 255 12
    255 0 255 0 255 0 0 255 0 0 255 255 88 0 255 0 255 0 255 0 255 64
    223 69 255 0 0 0 139 12 126 0 0 78 51 60 0 0 255 169 255 0 0 255 57
    227 0 141 0 255 255 0 255 255 255 0 0 255 229 255 20 0 0 255 0 0 0
    255 255 0 0 255 0 255 34 255 214 255 0 255 0 255 0 255 255 255 240
    115 0 255 0 255 255 149 0 20 255 255 0 0 0 255 0 255 0 255 0 0 95 0
    0 0 0 255 255 255 0 0 255 144 123 0 158 255 0 0 0 31 0 255 255 255
    255 242 255 47 255 0 255 161 0 255 89 0 0 0 255 255 255 255 255 0
    255 0 0 0 255 0 255 255 255 0 255 74 0 0 255 123 252 0 255 0 255 255
    61 0 0 0 164 0 126 183 255 255 160 0 191 0 255 255 154 0 0 98 255 0
    255 255 255 253 170 0 255 255 255 255 95 249 0 0 255 224 255 0 163
    122 84 117 0 255 255 255 111 255 255 255 244 255 0 0 108 0 63 0 255
    255 44 255 0 0 2 255 255 0 255 255 255 121 0 0 0 255 126 91 255 195
    255 0 255 0 255 255 0 0 0 255 0 255 0 255 0 255 255 0 0 255 255 255
    255 255 255 0 255 255 255 0 255 255 0 162 255 0 255 0 255 0 255 0
    255 0 0 69 0 0 0 255 142 0 0 0 255 0 255 255 253 0 0 255 255 0 0 255
    255 0 0 144 27 0 0 0 255 0 255 0 0 255 0 255 43 255 255 12 221 0 255
    255 255 0 0 255 0 255 143 255 165 0 0 105 2 255 87 214 0 255 255 0 0
    0 144 255 255 0 255 94 255 0 139 0 255 255 0 255 0 167 108 0 0 0 255
    255 255 255 0 0 0 255 255 255 255 0 255 255 255 238 255 0 255 0 255
    250 0 0 255 255 255 233 0 25 0 255 0 255 255 57 0 0 255 236 255 0
    255 0 255 0 255 255 0 255 129 255 255 0 255 3 0 0 168 255 255 255 0
    255 255 255 255 153 106 0 42 43 255 0 0 0 135 0 255 178 255 0 255 0
    0 0 0 255 255 255 255 255 255 55 1 0 255 0 255 0 0 0 255 196 0 61
    241 0 178 255 255 255 123 0 0 0 255 255 255 0 197 101 255 64 0 0 0 0
    212 132 137 221 0 255 151 255 255 237 0 255 255 255 186 0 0 0 0 255
    255 195 67 0 255 56 255 213 0 0 245 0 255 0 0 255 48 255 195 55 255
    0 0 102 255 0 0 0 0 120 168 255 255 0 0 0 255 0 255 0 255 255 255 0
    0 197 255 255 0 0 0 255 255 0 85 0 247 255 0 255 65 225 96 0 255 186
    255 255 0 0 20 0 0 0 255 0 255 0 0 0 255 185 228 0 255 0 255 0 60
    201 255 0 0 0 0 255 255 0 255 255 255 0 0 0 255 255 125 0 255 255
    255 166 255 255 255 255 0 0 255 255 80 0 255 59 255 0 0 0 0 0 255 0
    0 0 255 255 255 0 255 0 0 28 255 0 0 0 255 255 154 0 0 255 255 255 0
    0 0 0 0 255 117 255 255 0 152 0 255 255 255 117 0 26 255 255 0 241
    255 255 0 0 0 255 238 101 255 0 255 255 255 0 255 0 255 0 255 255
    255 255 255 0 0 255 255 0 0 255 0 0 0 0 255 0 255 0 152 0 241 0 0 0
    255 255 255 255 0 0 0 108 255 255 255 0 0 0 255 255 0 101 130 0 139
    155 117 255 0 255 0 193 0 0 0 255 255 255 49 0 0 255 255 255 255 0 0
    236 255 255 255 0 255 72 0 222 0 255 255 76 0 0 0 0 255 255 255 255
    0 195 255 0 0 0 28 0 255 255 136 0 4 255 131 227 0 150 255 177 255
    247 163 0 255 0 0 123 255 255 255 255 0 255 242 0 255 0 150 255 255
    44 130 0 0 89 255 255 8 255 0 255 54 255 255 255 0 255 0 255 255 255
    255 0 183 255 200 255 0 0 0 245 255 0 0 255 255 0 0 235 36 93 0 0 0
    255 0 0 255 0 0 255 255 0 255 255 193 255 0 151 0 110 0 255 0 255
    255 255 255 255 64 0 93 0 255 230 0 255 255 255 0 236 255 255 255 0
    181 255 0 28 0 255 0 255 0 255 0 255 70 255 0 135 0 255 0 0 255 0
    255 183 0 0 255 255 255 0 255 0 255 0 0 255 255 255 0 0 0 138 40 0
    255 89 0 0 198 255 255 255 0 255 0 29 155 255 0 0 255 255 179 0 0 56
    0 0 0 8 255 255 255 0 0 0 255 255 0 21 0 255 255 255 0 66 0 225 255
    10 28 0 144 0 255 255 95 0 19 0 0 133 255 255 229 0 0 0 255 28 0 255
    255 255 0 158 188 255 255 147 0 0 255 0 255 0 255 0 0 0 255 255 0 0
    212 80 255 0 0 0 255 0 255 56 255 249 255 118 0 0 255 255 0 255 0 28
    134 0 0 0 255 255 255 200 0 255 255 255 0 0 255 0 255 255 0 0 255
    255 94 0 36 0 0 0 0 0 0 255 255 255 0 0 0 173 0 0 255 76 244 0 0 207
    255 130 0 0 255 255 188 0 0 0 95 0 255 0 0 0 255 0 0 255 0 255 199 0
    127 255 255 255 215 0 255 0 255 0 255 0 83 0 255 0 255 0 255 0 43
    255 255 130 0 82 255 255 0 255 0 255 255 0 1 0 255 0 0 104 90 255 0
    255 0 255 255 255 0 171 0 255 237 0 255 0 0 0 255 255 255 0 255 156
    255 12 0 255 0 255 255 247 255 36 0 0 0 255 0 255 0 106 255 255 255
    0 0 0 35 255 0 255 255 0 144 133 0 255 78 151 130 137 0 0 0 0 255 0
    255 0 255 146 0 158 0 0 255 255 255 30 169 207 216 191 0 255 0 0 255
    0 255 0 255 0 0 0 255 255 0 0 189 162 0 255 0 255 255 0 0 0 212 255
    0 255 202 0 0 255 139 0 225 255 255 0 0 255 255 174 255 100 255 255
    0 0 30 255 255 175 0 255 255 255 0 0 0 85 0 255 255 255 0 0 255 0
    255 0 255 0 217 0 57 136 0 255 255 255 0 0 255 255 0 249 195 255 0
    255 0 255 0 0 255 255 255 0 255 255 230 114 0 255 255 255 0 0 0 255
    0 255 209 255 5 0 255 255 255 102 5 0 255 93 255 0 0 255 255 255 0
    241 0 255 0 255 0 255 228 255 0 204 0 255 255 255 255 89 0 255 80 0
    0 255 255 255 255 0 0 0 255 255 0 133 255 0 255 0 255 0 242 255 44
    255 0 255 255 255 0 0 255 0 0 0 0 255 0 0 0 0 255 0 255 0 0 0 146
    255 0 0 0 0 0 149 255 255 115 0 205 44 0 0 255 0 255 255 255 255 0 0
    202 13 0 255 255 46 141 0 255 0 0 0 0 255 0 0 0 0 255 0 0 255 170 4
    255 255 130 0 239 55 255 0 255 2 0 255 255 255 255 0 0 0 27 0 255 0
    255 0 255 0 0 255 160 255 0 255 0 255 0 255 0 255 255 255 183 255
    255 255 0 0 0 0 0 255 0 255 255 255 0 255 0 255 0 255 255 0 0 0 255
    0 0 0 0 0 0 0 255 0 0 255 255 0 255 255 255 255 0 0 0 0 0 255 0 255
    255 255 0 45 124 0 255 0 255 255 125 206 0 0 0 0 0 97 0 28 255 0 255
    193 255 255 0 136 255 255 255 0 255 255 255 255 0 255 0 255 0 0 255
    0 53 0 255 0 115 255 255 0 0 0 255 255 0 0 255 0 255 0 255 255 235 0
    0 0 255 0 0 77 255 255 0 110 255 0 255 23 255 0 0 255 255 0 0 0 255
    255 255 255 0 0 255 255 255 255 255 0 0 53 108 255 0 255 124 255 0
    255 48 0 0 255 255 255 255 255 255 0 255 0 255 179 125 255 255 0 0
    81 0 255 0 0 133 0 0 255 255 194 0 0 255 255 0 255 255 185 255 255 0
    0 0 0 51 0 237 255 255 53 196 255 255 0 0 255 255 0 30 134 0 244 255
    195 183 0 0 0 85 255 255 28 255 0 255 0 255 55 255 0 0 0 0 234 0 227
    173 205 255 0 0 0 255 255 255 0 43 255 255 0 0 124 0 255 255 255 0
    255 111 255 0 255 0 240 0 0 0 210 255 161 255 0 2 6 255 255 0 0 0
    255 255 253 165 0 0 0 255 255 251 0 0 255 0 0 0 255 255 0 0 0 158
    255 28 255 170 0 255 216 255 35 0 207 255 32 255 255 246 255 114 33
    0 255 0 0 0 255 0 0 0 255 84 255 255 255 255 255 0 0 213 255 0 255
    255 255 0 123 109 255 0 255 0 0 0 255 255 255 232 255 255 0 212 0
    255 0 255 0 0 0 255 25 0 0 0 0 242 120 255 255 255 0 0 255 255 0 0
    255 199 255 255 43 0 0 44 255 139 0 255 113 255 255 255 0 0 0 0 224
    0 255 0 255 255 255 0 208 0 255 154 218 0 0 0 255 255 174 255 0 174
    0 255 0 0 84 255 255 0 29 0 0 0 255 0 255 255 0 255 0 255 27 192 255
    2 156 0 0 0 255 255 0 255 0 255 0 255 0 255 255 255 0 0 0 255 0 255
    235 255 84 6 255 0 255 255 255 243 254 255 0 0 255 255 255 165 98 49
    0 255 255 0 255 255 0 0 140 0 255 0 255 0 255 0 255 0 255 0 0 255
    255 255 40 0 255 0 255 91 255 0 255 255 255 255 0 0 255 255 255 32
    255 0 255 0 255 255 255 93 255 79 0 0 255 255 33 122 255 255 0 43
    255 255 255 0 0 22 255 83 255 227 255 0 255 247 0 0 0 255 255 255 0
    172 0 255 164 0 0 161 169 58 0 32 0 0 255 0 0 0 255 139 237 0 0 0
    107 255 255 165 0 194 255 0 255 0 255 105 0 0 0 63 0 255 0 136 0 0
    17 0 186 255 255 255 0 0 0 84 255 255 255 0 255 0 0 0 255 0 0 0 0 0
    255 255 0 0 255 255 243 0 255 36 255 112 0 255 222 255 222 255 255 0
    255 0 255 0 255 0 255 0 255 255 255 255 0 0 255 28 0 21 255 255 0
    255 255 0 255 65 0 0 76 255 255 0 156 0 255 255 243 116 255 49 175
    255 0 255 127 255 255 255 255 60 0 38 135 82 255 0 0 242 0 137 0 255
    255 0 0 0 0 0 192 255 255 24 255 52 185 0 40 0 0 255 255 0 0 0 0 255
    255 127 3 255 255 0 0 0 255 0 255 121 255 215 0 255 255 255 0 0 255
    0 0 0 255 241 255 0 0 0 0 0 0 211 255 255 45 255 255 0 255 29 255 0
    255 0 255 0 255 0 255 0 255 180 95 217 0 255 255 255 0 255 255 255
    95 0 0 255 255 255 0 255 255 0 0 150 255 255 0 0 255 0 255 255 255 0
    255 80 0 0 0 0 114 0 0 255 255 254 0 0 59 222 255 0 0 255 255 255 0
    0 0 255 255 0 255 0 0 0 255 0 0 0 255 255 255 0 255 0 5 0 255 255
    255 0 0 0 0 100 255 255 255 0 255 255 0 0 0 255 255 0 255 156 0 26 0
    255 207 255 0 255 0 255 207 255 0 69 113 255 255 0 37 0 255 0 255 0
    0 2 255 228 0 0 255 0 253 255 0 255 0 255 187 255 173 101 0 0 0 0 0
    0 255 255 0 107 255 0 0 255 255 255 255 255 255 226 0 0 255 0 255 0
    255 0 255 255 255 0 0 255 255 0 0 90 255 174 217 0 0 0 255 255 255
    255 191 69 0 0 181 0 255 0 0 255 255 255 0 93 255 255 255 0 226 0
    255 255 117 255 0 255 167 255 0 255 0 255 0 255 255 0 0 0 255 136
    105 0 175 0 255 0 255 0 0 57 255 255 43 0 0 156 255 0 255 255 255
    255 93 0 255 0 0 0 255 255 255 45 0 0 0 0 255 0 255 0 0 0 255 255
    255 255 255 0 127 255 0 255 10 255 255 255 0 255 255 0 0 255 255 182
    0 0 0 0 0 0 255 255 255 133 255 154 139 0 255 216 255 0 198 75 0 255
    255 255 0 0 0 255 255 108 255 0 180 0 0 0 0 255 255 0 164 0 255 255
    0 255 0 255 0 0 255 255 255 0 255 255 32 17 0 32 0 255 0 255 107 0
    255 255 255 126 0 0 255 255 255 0 255 0 0 0 0 255 0 255 0 255 151 0
    146 131 255 0 0 0 255 0 255 255 255 255 0 255 0 0 0 255 255 255 255
    0 0 0 255 255 255 228 0 0 0 0 18 255 255 255 255 104 0 255 102 0 255
    2 255 0 255 255 255 0 131 255 255 255 0 78 0 58 0 46 0 255 0 255 255
    255 255 0 0 255 255 0 0 8 255 36 255 0 255 255 181 150 255 255 255
    93 150 255 94 255 31 0 16 0 0 76 0 0 135 255 0 0 0 255 255 255 0 218
    0 197 23 255 255 0 255 0 255 0 95 0 255 255 0 0 0 0 120 255 123 0 0
    255 255 0 208 0 208 0 0 235 248 237 255 0 0 255 30 0 0 0 0 255 255
    255 255 41 255 255 88 0 0 198 247 255 255 255 0 55 255 255 255 255 0
    255 0 255 0 255 212 255 0 0 0 255 0 255 0 255 255 0 0 0 0 152 255 47
    255 255 255 0 11 255 255 243 63 255 255 51 0 47 255 0 255 0 176 0 0
    255 0 255 0 255 0 255 0 0 0 0 255 45 255 255 255 0 0 255 255 0 0 0
    255 255 163 255 0 255 0 237 255 255 0 0 116 173 0 152 42 255 171 86
    0 255 0 255 255 255 76 0 255 72 255 255 0 0 14 112 255 242 255 255 0
    255 0 166 0 255 0 0 255 255 0 0 255 255 0 0 0 255 217 255 0 92 0 255
    255 100 255 241 255 0 255 255 184 0 255 0 255 0 0 0 0 0 81 255 94 0
    255 0 0 255 190 255 164 255 255 0 142 0 0 255 255 255 0 0 255 0 0 0
    183 255 0 0 0 138 145 255 255 255 0 0 255 0 255 0 255 0 0 0 0 0 0 63
    64 255 255 154 0 0 0 130 255 255 255 255 0 255 255 255 255 0 0 255 0
    255 0 0 0 0 189 255 109 0 0 255 255 29 0 255 255 255 0 0 255 255 255
    255 0 0 0 255 0 255 255 0 0 0 255 255 255 0 177 0 0 0 0 255 255 255
    255 0 59 0 255 255 255 0 0 0 255 255 255 0 162 0 255 128 153 0 255
    178 255 255 0 0 0 0 255 255 255 0 255 0 255 0 41 0 255 255 255 98 0
    0 0 194 255 0 82 231 255 255 255 133 255 0 0 0 0 211 37 255 70 0 0
    255 255 255 0 0 0 255 248 0 0 119 255 255 0 255 0 0 255 0 233 255
    196 0 0 255 0 255 0 255 255 0 0 0 196 255 0 255 255 255 0 0 0 255 0
    0 255 255 0 255 0 255 110 255 255 193 255 0 26 141 255 0 0 255 255
    255 0 114 255 255 0 0 88 0 255 0 199 255 255 0 0 255 255 0 0 174 255
    0 0 0 255 74 0 255 153 0 255 255 255 0 0 255 0 0 0 14 255 0 111 255
    255 255 0 255 255 1 0 0 250 109 3 255 255 255 0 255 59 255 0 0 0 0 0
    117 255 255 0 0 0 255 0 255 255 0 0 0 0 255 0 255 255 255 203 62 255
    255 0 255 166 255 0 0 255 162 255 0 255 0 87 0 0 0 0 255 255 70 0
    255 255 0 79 255 255 0 0 0 0 255 255 242 0 126 0 255 0 255 0 0 213 0
    151 255 231 123 0 255 0 0 0 255 255 0 177 169 70 0 0 255 88 255 0 0
    0 255 0 255 0 255 0 255 41 255 0 0 0 255 176 255 249 201 0 0 0 255 0
    255 0 0 255 255 0 0 72 255 0 255 0 255 255 0 0 0 255 255 0 0 0 255 0
    255 0 255 0 255 0 0 0 255 255 0 255 0 255 0 0 0 255 255 255 255 0 0
    127 255 255 136 0 255 0 255 0 0 0 255 255 0 255 255 185 255 0 0 0 0
    0 255 255 255 0 141 255 0 255 0 255 0 0 0 255 255 255 0 0 0 255 255
    6 0 0 141 0 76 0 148 241 57 47 0 0 0 0 15 0 43 255 0 255 255 255 0
    19 0 255 255 125 0 0 0 255 0 255 0 255 0 255 255 255 0 0 255 15 255
    0 255 255 255 64 0 255 255 236 255 255 255 164 0 255 0 255 255 255 0
    49 0 255 38 0 248 0 98 255 0 255 255 42 255 0 11 0 255 0 0 0 255 0
    255 255 0 255 194 0 0 255 255 0 0 41 255 254 255 255 0 0 0 255 0 0
    255 255 58 174 0 126 60 0 255 255 255 20 255 255 8 0 74 255 0 0 0
    250 255 255 153 0 169 0 255 0 255 145 86 0 154 255 235 210 0 255 0
    40 0 255 158 90 65 0 255 255 255 0 0 0 0 255 255 255 0 255 0 255 255
    113 0 255 255 0 0 255 255 51 0 0 255 255 0 0 0 255 255 255 50 255
    227 0 0</data></your_img>
</opencv_storage>
