<?xml version="1.0"?>
<opencv_storage>
<filter_type>0</filter_type>
<only_luma>0</only_luma>
<r1>1</r1>
<r2>2</r2>
<L2_diff>2.0751113223150223e+03</L2_diff>
<test_img type_id="opencv-matrix">
  <rows>128</rows>
  <cols>256</cols>
  <dt>"3u"</dt>
  <data>
    243 214 192 15 173 152 212 20 139 148 50 65 182 170 211 101 174 49
    76 103 168 126 192 172 103 78 3 128 237 37 81 2 141 8 76 226 29 12
    57 243 172 96 126 126 151 199 129 38 151 240 19 146 22 13 82 13 90
    129 85 86 138 164 109 130 36 1 152 0 63 122 183 116 52 138 133 161
    195 38 164 199 218 72 5 86 179 154 159 70 38 175 134 72 243 163 212
    25 95 207 214 68 220 58 3 236 250 132 200 86 227 112 165 189 156 239
    34 103 137 234 81 89 249 133 160 254 165 255 248 140 62 89 28 133
    229 149 148 184 223 213 52 232 229 60 164 221 248 157 126 225 216 15
    255 188 222 164 233 5 233 45 202 239 154 180 185 151 3 216 133 72
    122 17 162 59 6 123 112 196 30 229 69 124 7 40 53 19 131 192 201 104
    104 110 49 120 191 236 213 32 21 194 119 194 132 18 190 35 225 239
    165 17 85 93 71 255 93 163 233 242 94 176 188 26 104 185 67 102 179
    223 221 169 213 227 100 72 89 69 48 230 6 202 206 55 89 248 229 140
    171 67 11 252 94 113 82 11 130 25 155 61 147 240 228 164 116 192 228
    209 184 253 206 5 32 164 5 194 58 191 50 44 182 103 90 85 243 137 73
    76 59 19 202 24 142 178 211 74 127 201 77 99 251 151 198 220 144 242
    152 91 36 55 78 193 119 236 15 151 25 228 205 67 106 104 228 49 3 81
    35 235 199 242 211 223 233 223 39 32 12 153 137 88 163 53 178 20 191
    89 172 42 73 34 131 131 183 25 186 42 131 95 199 190 91 65 101 32
    244 31 160 98 76 184 18 35 124 33 88 246 142 20 235 51 250 22 246
    125 158 42 94 32 185 90 48 181 53 83 227 113 244 115 205 221 36 79
    90 117 27 247 19 179 89 163 200 32 14 123 144 247 217 180 119 131 4
    63 21 23 173 134 171 255 246 117 189 36 51 54 124 3 28 122 253 13
    132 202 100 194 61 250 77 86 148 35 86 240 199 136 60 40 107 65 74
    85 38 138 140 244 32 37 249 8 71 134 27 195 134 72 45 32 146 160 253
    42 142 145 34 214 37 242 69 71 205 70 33 20 96 115 62 241 80 218 51
    11 152 178 19 161 134 195 26 39 105 108 213 106 59 115 5 65 46 134
    228 144 236 104 48 221 127 159 12 91 23 2 235 142 190 191 240 154
    146 4 231 241 164 58 248 239 69 104 79 151 110 165 27 8 100 100 218
    218 27 98 211 157 184 7 17 10 79 80 250 185 166 173 9 102 213 132
    186 250 102 51 5 88 145 57 81 220 202 39 121 252 225 232 121 7 212
    253 4 172 199 217 198 132 114 228 196 28 187 133 216 108 50 103 23
    41 230 18 173 230 156 135 132 143 60 104 179 58 219 50 65 254 100 3
    8 10 149 235 201 41 246 17 99 19 176 202 224 245 39 193 70 253 81 70
    125 128 174 83 160 50 117 187 10 159 173 107 204 7 135 226 108 13
    233 4 164 48 138 26 170 78 84 87 9 66 73 41 23 91 76 62 223 164 231
    208 216 18 25 149 251 101 0 51 234 65 206 246 195 20 151 129 182 36
    64 112 138 67 40 7 43 240 128 149 201 201 111 125 21 138 215 18 87
    222 159 227 127 204 232 200 193 85 41 24 170 65 25 195 60 85 165 83
    166 78 96 11 27 37 36 44 89 1 112 8 101 106 154 92 20 207 54 100 173
    87 241 203 159 60 22 217 112 39 53 205 143 37 103 153 67 18 189 110
    188 135 177 108 104 150 19 217 75 253 236 58 112 159 43 195 223 182
    16 116 104 247 130 197 60 208 239 111 169 29 49 59 167 140 134 191
    62 80 37 34 227 224 120 76 255 43 170 28 39 94 146 19 29 182 133 109
    239 247 195 248 8 195 142 118 247 38 51 135 150 178 209 97 128 3 70
    176 116 0 114 49 89 89 28 44 26 151 130 20 157 87 181 215 149 185
    125 73 198 244 133 82 228 31 226 90 236 158 76 8 236 8 169 8 62 229
    45 143 3 212 25 218 225 90 148 33 233 149 206 215 164 254 241 14 246
    238 142 134 161 153 6 181 3 12 198 232 154 216 169 58 114 130 5 89
    200 62 154 94 250 44 217 225 36 73 35 108 204 22 136 153 88 189 50
    69 105 71 190 192 201 174 253 170 108 157 223 62 32 2 1 242 27 167
    180 154 252 221 255 25 10 112 224 77 119 141 196 49 140 64 48 88 35
    101 143 205 227 16 216 156 168 65 43 134 198 174 132 120 228 133 154
    89 127 199 202 137 92 201 54 68 17 1 69 13 155 148 112 224 157 103
    19 31 219 187 168 131 186 133 68 230 181 54 214 22 145 135 92 105 55
    139 222 208 2 111 60 41 132 106 83 7 134 246 235 201 200 18 162 165
    209 169 158 72 83 122 235 20 229 143 89 170 125 122 201 159 57 17 49
    10 74 118 141 111 152 75 93 230 127 101 117 90 70 127 122 208 242 42
    243 253 140 141 211 192 41 30 183 195 99 184 228 84 222 87 100 202
    109 224 218 183 95 61 109 106 30 178 170 59 175 188 34 164 122 46 64
    9 154 73 171 109 106 229 5 220 5 11 98 111 3 142 174 167 3 68 124 84
    133 111 127 162 89 23 195 60 189 4 33 102 133 80 142 63 108 218 118
    144 213 230 81 57 14 76 249 155 127 235 45 255 84 112 94 77 113 138
    64 135 104 192 228 18 99 191 23 208 221 10 160 99 99 107 161 86 82
    48 206 132 121 108 237 148 168 168 200 12 177 111 210 234 160 93 94
    142 21 137 250 251 210 36 6 89 36 191 129 78 8 98 44 126 200 13 190
    67 132 30 83 195 124 32 57 106 109 27 184 25 226 221 160 242 167 201
    165 83 237 95 214 180 197 183 232 123 87 208 255 150 162 232 32 217
    135 241 138 247 188 72 155 113 73 112 129 115 123 45 156 89 31 86
    247 174 95 214 125 12 179 10 221 153 119 163 239 147 239 162 16 139
    230 145 238 13 185 49 50 12 171 12 58 101 235 68 19 57 230 222 101
    174 146 115 32 23 45 216 1 254 166 2 44 132 160 250 232 155 200 6
    145 93 66 233 177 191 9 76 33 252 67 68 207 225 3 67 122 162 157 122
    102 225 255 44 157 81 42 117 222 237 124 74 122 38 30 68 195 38 80
    66 170 255 41 74 146 203 166 254 103 118 22 68 204 23 244 58 139 112
    247 111 92 54 144 163 212 33 223 21 182 130 148 118 65 16 89 160 150
    0 192 31 143 3 34 142 176 77 175 59 174 61 8 72 74 77 223 247 137
    116 172 4 19 59 226 53 227 224 227 141 157 18 252 30 247 84 70 231
    179 180 111 138 21 174 144 91 236 105 98 60 228 59 173 116 25 205
    151 100 196 99 138 196 158 168 196 0 234 106 92 98 47 95 73 149 52
    199 159 136 13 239 214 22 170 250 134 243 243 103 49 44 193 23 21
    190 127 94 92 144 179 77 187 93 30 124 103 43 205 27 81 173 129 92
    117 188 251 252 43 35 54 78 18 131 158 66 91 228 38 228 79 42 211
    142 36 95 75 12 158 145 24 117 165 217 19 5 220 26 25 185 73 157 110
    177 168 134 154 213 204 81 131 169 21 172 25 248 245 7 25 244 147 91
    239 116 12 29 165 255 83 155 7 14 235 106 177 22 244 229 182 132 140
    213 31 247 150 134 249 164 44 75 89 79 85 135 93 97 209 78 218 235
    243 157 219 222 208 6 44 206 103 163 166 25 57 234 249 55 117 249 61
    202 161 244 246 207 113 238 252 143 161 190 144 95 59 99 159 34 146
    147 202 237 115 52 124 131 76 165 6 98 55 186 99 51 215 64 128 13 56
    3 212 142 201 94 102 169 102 47 159 202 137 105 235 151 213 123 53
    110 68 225 182 97 107 50 221 68 55 181 57 170 17 175 165 26 70 119
    109 79 106 213 119 179 90 10 82 220 46 188 99 191 64 43 163 192 99
    114 113 254 114 133 213 152 159 51 189 200 41 50 176 82 213 206 7 49
    68 157 228 125 234 36 7 23 117 147 56 233 255 160 91 181 245 116 192
    13 64 252 231 198 124 115 178 156 64 115 7 110 234 236 143 34 49 53
    134 106 55 3 99 192 234 200 241 71 13 229 73 44 123 4 110 138 4 75
    63 97 32 85 180 34 31 24 36 105 123 56 5 42 187 197 69 29 144 128
    245 25 172 140 33 52 185 68 54 90 237 162 198 214 22 237 145 60 171
    96 18 69 180 68 235 122 236 50 9 84 58 155 83 118 95 54 15 169 112
    39 190 88 50 115 46 217 73 5 185 145 230 53 215 21 4 95 41 181 200
    38 134 106 32 203 33 5 12 165 11 169 140 24 54 94 159 60 252 231 192
    150 200 233 12 239 87 174 81 47 137 39 213 134 167 94 55 83 113 40
    157 63 238 133 72 255 194 68 226 199 238 44 185 34 236 123 2 88 192
    23 197 166 53 96 122 233 25 123 191 24 159 214 164 105 41 127 144
    208 243 170 90 112 237 69 179 183 165 9 82 187 95 87 173 244 182 1
    150 213 17 245 147 3 223 89 218 241 234 247 161 12 129 150 80 190
    244 204 88 167 202 142 83 105 9 40 121 227 253 17 145 120 171 244 98
    91 98 213 129 125 143 185 83 232 206 102 237 31 75 80 4 204 76 7 163
    44 190 94 187 251 225 41 0 215 17 126 174 176 116 228 61 176 244 145
    164 21 67 168 210 114 226 68 198 88 24 152 88 119 206 70 69 240 92
    206 131 157 48 62 150 241 41 174 121 240 72 6 119 241 130 130 253
    170 223 118 132 175 174 206 213 3 117 37 77 236 228 200 2 164 152 67
    13 177 176 186 27 141 30 11 72 89 113 214 84 174 116 249 160 50 152
    244 90 167 204 208 164 88 12 153 172 215 152 59 215 203 29 183 0 238
    177 88 165 128 143 137 28 42 248 180 64 141 67 12 97 124 128 12 255
    216 225 204 232 167 157 210 30 204 220 10 29 116 46 231 105 86 99
    180 116 57 81 82 122 0 221 210 66 68 170 81 1 127 196 145 169 131 58
    55 99 242 36 117 46 29 25 161 5 186 46 49 248 106 54 57 108 135 55
    10 95 240 152 10 133 115 55 200 202 186 216 147 231 180 144 0 131
    246 211 215 50 157 101 249 107 65 91 250 244 31 10 197 56 0 147 204
    221 66 174 227 42 35 110 155 98 206 5 222 33 36 225 59 140 197 47 27
    11 202 199 0 20 40 2 198 250 9 67 207 185 47 3 106 147 171 23 31 198
    226 64 102 205 14 28 211 56 8 109 184 26 110 239 112 41 165 43 252
    224 55 46 133 12 135 18 200 127 170 12 88 192 66 178 21 218 237 104
    139 113 168 196 211 150 114 209 197 92 110 195 9 173 197 199 253 138
    93 74 114 59 99 34 228 112 8 17 56 58 113 183 55 83 60 152 97 161
    245 186 37 243 127 141 143 13 110 101 93 209 242 236 23 223 177 40
    37 130 167 116 21 200 112 92 64 24 18 64 217 215 121 209 53 190 195
    225 50 212 96 118 187 38 19 149 127 241 137 93 222 2 152 6 194 193
    98 42 81 124 236 125 145 88 89 152 2 207 136 62 206 34 160 206 114
    10 13 93 132 201 248 119 124 151 93 183 179 150 23 55 183 45 16 118
    66 12 197 155 133 232 42 176 211 249 96 33 54 139 40 92 232 135 19
    250 141 31 200 221 184 153 56 92 206 241 0 105 146 198 171 226 206
    33 65 252 96 132 30 200 30 218 159 38 88 60 9 211 5 207 206 15 146
    56 3 47 68 238 66 128 112 93 20 149 73 143 222 173 14 120 162 103
    100 194 210 164 73 81 131 12 205 99 92 158 233 124 201 29 201 178 20
    36 248 71 76 62 240 179 212 7 248 41 94 148 96 138 136 209 250 124
    88 154 123 183 127 252 93 172 226 37 127 241 63 155 97 132 225 101
    137 17 108 83 130 92 131 120 239 59 203 134 231 220 203 152 63 56
    243 117 190 226 236 29 102 40 19 22 132 234 125 35 140 59 128 192 95
    60 232 133 109 252 119 168 179 37 251 51 60 165 206 121 200 211 36
    168 220 246 172 35 223 7 106 203 57 240 168 13 164 130 199 248 251
    144 235 242 180 154 72 93 111 1 134 22 42 106 144 240 184 200 223 36
    164 118 236 137 49 250 59 11 102 242 230 49 119 204 193 196 156 23
    81 107 251 181 124 59 39 78 21 230 133 173 86 119 41 210 85 153 51
    149 112 17 7 168 86 236 67 167 255 240 38 233 86 62 172 35 156 37 23
    138 172 125 110 220 69 10 39 106 233 179 59 115 186 60 47 252 211
    171 216 175 66 131 98 78 99 23 95 16 152 10 34 95 84 94 181 204 185
    179 124 21 112 243 104 73 124 242 163 241 230 69 225 234 184 84 193
    56 54 219 92 248 183 201 185 21 114 25 36 143 254 112 95 85 213 13
    189 167 76 130 240 187 201 40 37 173 249 217 239 153 94 173 215 72
    106 152 224 143 89 235 111 242 15 208 206 110 234 96 83 245 118 16
    198 200 236 202 9 187 149 199 160 106 44 55 129 130 226 83 156 172
    144 42 183 69 35 136 111 47 166 142 56 168 42 143 57 138 212 70 19
    55 157 188 90 239 204 100 135 40 158 254 147 71 210 62 110 231 249
    193 176 215 63 249 157 156 81 189 56 101 23 137 60 140 108 71 50 74
    45 236 38 19 7 181 224 203 14 58 20 68 23 217 99 26 117 211 135 155
    168 196 118 21 2 190 218 128 31 145 84 103 246 119 1 249 251 83 48
    133 182 108 153 168 227 108 250 124 42 106 63 17 27 239 15 124 46
    124 117 18 89 203 60 191 212 190 208 79 56 175 145 231 77 124 161 14
    49 26 226 20 188 8 53 57 112 64 247 24 5 95 157 42 32 90 85 216 131
    230 234 140 162 238 132 148 37 23 2 104 203 195 40 249 26 238 31 187
    29 138 86 98 12 224 98 25 156 147 209 92 75 42 71 56 105 170 153 34
    92 35 81 165 225 99 9 203 247 114 172 188 68 97 222 102 118 223 254
    138 92 67 42 176 145 136 32 116 121 248 152 220 245 196 115 148 68
    64 230 55 98 183 137 122 96 245 158 82 179 118 141 140 200 78 153 32
    254 67 248 58 149 120 28 59 153 112 152 143 170 200 120 182 201 207
    102 115 144 9 200 207 221 59 219 195 130 9 151 11 204 133 126 225
    213 77 32 85 79 208 113 43 95 15 254 211 83 90 96 130 171 60 177 202
    85 31 229 137 32 251 137 208 86 74 25 212 69 119 31 118 253 91 2 200
    222 41 121 231 190 75 130 5 90 32 154 46 23 168 5 152 50 79 19 243
    254 140 26 119 111 160 200 153 137 103 177 14 164 117 207 245 12 132
    52 182 149 163 111 122 40 0 250 62 224 240 101 100 202 208 83 220 42
    227 21 120 197 221 177 148 155 200 163 119 49 231 79 25 216 68 154
    180 220 228 89 0 31 47 74 232 45 0 23 100 135 202 75 82 212 46 144
    134 248 156 183 57 152 8 101 166 132 72 165 39 184 244 86 209 115
    166 194 109 243 11 70 185 27 47 152 22 140 3 120 47 76 77 108 217 77
    109 219 51 168 204 160 50 131 95 14 121 137 179 212 227 63 228 215
    131 223 190 34 180 246 123 230 249 193 60 41 101 7 43 239 195 106 98
    205 229 123 11 43 13 152 225 59 3 192 141 193 25 8 153 195 192 58
    244 195 173 57 47 77 150 69 190 206 55 150 26 99 94 167 37 47 20 47
    110 7 109 185 38 10 219 249 63 160 164 122 220 174 49 222 203 193
    161 131 131 56 175 226 150 41 149 237 108 129 164 94 33 38 113 176
    196 12 16 92 179 152 229 124 237 135 88 0 2 79 118 196 173 181 0 207
    106 65 95 104 102 125 214 123 45 119 47 218 238 129 26 69 215 30 110
    80 135 35 38 220 93 48 114 45 155 79 136 195 151 236 82 69 53 26 129
    5 127 4 114 50 64 184 200 56 110 228 194 95 39 248 21 26 211 73 72
    186 35 57 152 231 189 235 75 150 203 27 57 55 34 90 174 78 172 170
    149 211 97 145 121 17 209 145 4 62 174 157 242 155 44 59 106 132 130
    249 21 8 198 183 190 167 251 9 22 96 170 191 39 134 232 94 175 212
    107 38 189 189 143 110 210 121 194 214 40 152 153 110 133 252 240
    185 47 122 12 221 180 113 157 195 252 222 197 184 107 31 171 122 96
    11 88 14 194 183 106 223 208 11 226 53 214 153 60 198 71 23 198 141
    104 40 114 103 54 205 40 107 94 26 142 43 248 112 203 156 13 196 230
    3 172 151 19 212 241 245 135 211 54 76 98 163 169 242 185 67 213 131
    33 156 92 109 98 26 245 249 45 185 241 100 86 248 131 136 74 31 62
    45 194 124 30 178 174 71 13 143 17 186 200 153 183 32 179 110 75 148
    207 130 136 188 66 244 169 112 213 253 41 227 91 211 120 89 172 95
    34 64 210 116 110 78 40 244 92 53 66 110 243 41 160 23 35 13 51 2
    144 14 153 14 196 65 46 218 19 65 161 134 62 185 182 221 59 195 149
    123 128 90 222 200 204 183 6 147 18 54 84 245 74 252 51 115 232 203
    180 78 213 145 185 91 204 179 98 224 101 101 137 39 57 50 6 83 144
    229 7 94 236 54 8 9 238 87 210 6 5 171 140 216 199 18 122 208 215
    148 254 146 73 214 147 228 143 159 38 28 253 88 15 179 218 179 146 7
    198 136 145 39 0 232 165 83 159 216 145 171 38 98 182 194 154 76 206
    192 79 113 101 22 168 145 48 64 246 121 73 248 127 215 209 174 63 48
    142 251 127 209 61 97 3 84 159 62 231 103 191 2 217 62 59 183 76 122
    175 195 81 238 136 235 135 20 52 3 247 250 152 253 151 145 235 30
    199 18 149 96 192 141 10 241 189 29 35 191 141 40 32 95 232 116 252
    114 16 254 104 0 126 38 203 19 11 11 58 223 94 99 112 157 3 188 106
    249 242 92 73 202 89 95 58 135 213 76 55 78 95 103 108 52 3 183 111
    188 55 78 182 180 213 52 162 205 222 201 108 202 83 202 90 127 227
    130 130 12 124 98 19 143 153 84 125 126 129 173 1 253 197 101 145
    173 18 110 220 218 57 23 235 249 198 174 108 112 198 5 233 48 74 235
    20 175 192 168 114 180 81 117 196 148 171 169 245 206 59 233 141 15
    50 40 243 110 171 21 27 118 180 202 102 239 97 2 59 207 18 118 63 96
    180 12 134 148 68 106 199 129 105 21 165 198 84 194 106 20 128 47
    159 8 110 213 226 169 210 56 212 121 130 61 175 228 123 110 195 60
    253 68 99 41 132 231 189 78 110 129 145 133 198 15 42 51 154 55 254
    118 113 36 242 5 224 219 191 194 241 66 106 239 249 229 50 32 90 127
    93 169 73 15 70 108 193 86 217 113 122 180 135 57 87 247 132 194 227
    3 11 99 116 233 108 186 83 44 32 154 83 127 154 123 186 102 40 230
    115 55 240 140 254 195 80 83 72 125 32 81 202 155 58 161 163 195 234
    75 22 96 73 106 135 124 14 198 136 120 3 43 35 96 70 47 161 77 64
    202 7 45 255 4 140 214 58 129 210 245 144 62 133 207 184 236 54 118
    223 221 52 38 73 98 97 4 149 190 211 225 177 125 227 247 3 103 10
    234 196 241 92 92 142 68 80 207 93 128 40 236 0 18 37 91 175 105 106
    56 169 72 122 61 255 63 44 129 58 204 216 43 32 66 251 124 105 214
    199 124 88 85 194 28 154 218 64 0 165 121 219 46 70 115 119 124 183
    202 232 105 94 57 56 205 80 85 55 87 238 140 216 19 78 190 26 24 139
    75 20 193 177 148 150 186 201 185 44 80 36 16 255 146 105 187 207
    135 96 106 249 8 248 37 52 127 151 59 116 195 185 188 24 3 45 233 2
    23 223 61 93 3 56 44 195 136 95 139 196 246 124 30 147 126 178 165
    88 102 169 43 22 249 135 71 150 39 100 39 76 253 127 152 52 16 219
    143 232 125 128 70 83 121 77 185 28 197 188 186 97 118 46 161 112 62
    140 18 217 171 124 111 167 21 183 37 208 206 187 206 191 55 19 62 2
    43 201 99 212 112 45 115 14 251 87 151 151 194 168 183 79 179 195 45
    46 132 134 210 94 222 17 130 69 122 249 146 213 249 35 165 6 52 246
    190 0 24 90 233 221 186 250 149 85 210 186 200 18 30 254 194 24 210
    162 124 11 242 153 134 63 77 47 124 230 215 191 177 128 243 2 140 33
    223 37 53 19 1 169 33 200 60 59 139 119 198 173 46 249 161 214 172
    208 133 144 2 185 98 47 19 107 10 11 153 230 112 101 138 0 242 161
    207 224 253 29 209 94 214 209 7 230 142 3 16 82 190 149 2 181 142 40
    88 75 70 210 153 67 222 87 157 248 97 9 80 128 208 220 181 46 141 94
    28 123 63 247 170 209 170 252 45 166 89 38 169 239 218 156 124 15 3
    163 147 125 186 20 144 20 25 219 48 73 120 229 186 247 70 210 139
    243 221 173 59 21 248 2 32 182 5 24 5 142 104 250 83 246 135 25 110
    2 210 140 67 171 248 248 33 234 252 121 183 115 249 25 102 129 210
    179 133 150 141 47 236 195 216 45 71 219 108 163 167 93 251 101 246
    40 156 163 166 126 95 143 228 238 54 33 145 131 171 191 117 167 120
    201 98 102 33 207 176 170 98 231 105 95 8 124 65 53 113 40 4 10 74
    231 64 159 247 40 231 246 74 109 22 1 252 244 198 59 169 4 149 177 4
    20 46 168 11 169 186 220 57 35 117 179 81 230 68 8 139 59 183 203
    180 223 104 40 158 75 115 85 84 168 208 191 247 232 199 78 70 64 177
    185 24 192 102 186 169 121 70 62 24 205 37 13 60 252 21 23 107 238
    234 166 223 180 24 202 17 57 167 159 38 199 194 46 176 0 203 147 211
    91 218 31 11 112 72 64 114 13 193 223 176 179 33 99 249 128 24 121
    114 134 61 138 70 15 225 44 154 127 250 225 143 173 140 117 69 180
    240 23 238 28 22 172 110 71 214 11 87 92 240 30 233 195 252 53 173
    68 250 231 162 209 66 139 49 185 127 175 81 101 181 209 229 119 98
    104 222 228 236 76 112 7 158 101 38 36 53 180 228 91 242 174 184 220
    220 186 136 225 233 240 199 161 6 209 4 128 105 60 97 186 78 84 36
    244 154 205 243 153 20 59 174 1 133 88 221 240 244 23 61 164 240 92
    68 57 40 75 240 170 147 207 211 16 209 16 124 180 227 214 25 179 131
    14 254 117 240 154 115 3 155 50 234 234 239 195 53 94 224 31 125 28
    62 72 178 179 29 17 201 233 130 22 221 223 149 210 9 155 164 116 146
    222 206 225 135 127 49 121 40 129 113 229 44 121 191 217 137 132 169
    221 25 144 190 95 216 102 69 244 248 220 123 77 230 64 50 123 130
    168 204 82 250 10 158 64 104 223 59 216 150 12 253 146 172 10 90 212
    13 120 130 236 162 163 16 174 197 83 120 36 133 172 94 19 18 197 130
    206 159 43 136 165 50 2 147 172 195 82 106 50 176 201 126 3 185 108
    38 126 42 123 118 198 57 131 236 11 123 22 119 49 191 132 45 184 174
    169 21 175 217 157 226 59 236 107 20 180 18 216 174 87 242 197 113
    85 185 104 147 209 10 2 164 129 50 164 226 120 114 187 94 180 15 230
    119 180 68 56 64 63 218 84 1 182 76 126 217 238 232 173 136 213 87
    89 77 166 30 106 12 124 24 219 43 116 201 148 163 34 214 202 11 99
    39 186 39 202 61 77 47 58 180 37 195 110 2 80 236 170 122 95 18 28
    142 40 105 136 108 63 245 164 40 228 246 8 45 207 174 89 3 228 182
    183 136 158 6 67 72 115 47 163 243 90 38 25 251 229 182 56 21 111 61
    203 144 175 133 151 251 97 163 23 103 235 249 242 75 40 17 241 122
    217 83 139 73 252 42 125 18 208 80 216 27 185 109 209 50 133 71 36
    77 176 177 21 174 238 63 174 181 30 168 233 111 70 245 179 218 101
    183 161 187 115 181 44 172 139 174 42 201 210 131 85 160 159 132 18
    249 252 53 158 42 61 44 154 51 27 35 120 199 208 241 243 61 222 167
    168 133 238 17 55 13 34 56 68 75 93 246 141 31 235 79 177 35 253 86
    67 104 191 216 36 192 163 97 94 133 190 30 226 94 213 33 207 72 117
    61 154 249 124 85 48 36 231 131 129 54 188 68 2 152 21 90 202 15 198
    121 80 245 232 67 70 139 189 18 252 0 88 96 169 192 1 60 124 253 150
    132 33 105 161 77 78 248 167 203 165 115 15 224 29 121 107 205 166
    100 114 85 188 26 113 239 14 185 225 30 234 127 4 130 233 205 44 26
    109 179 204 59 227 11 151 88 50 92 89 238 233 50 91 84 158 173 184
    182 146 30 10 170 8 206 85 53 52 12 227 92 96 234 26 3 98 59 99 143
    180 15 248 137 115 219 26 26 33 132 1 87 151 103 151 145 238 115 129
    87 60 74 164 31 93 45 191 126 56 186 148 66 55 132 131 172 232 255
    93 171 64 214 4 109 215 156 248 128 82 243 253 120 56 254 66 189 53
    143 9 146 13 218 83 180 23 247 105 71 137 109 56 138 109 152 135 42
    187 254 25 186 202 39 201 83 14 239 107 63 3 94 91 237 204 24 42 227
    90 36 155 199 200 64 141 201 110 151 89 242 202 50 148 180 101 230
    38 120 123 86 149 246 14 97 15 71 121 238 177 26 7 154 219 6 105 180
    192 250 2 23 201 117 72 113 103 234 40 61 201 59 114 27 169 216 90
    233 63 71 138 99 252 238 190 207 103 100 107 68 230 40 211 122 38
    133 3 152 150 222 21 88 134 192 65 144 83 86 106 150 189 226 217 49
    95 52 145 171 69 52 165 246 137 223 4 225 16 211 134 86 110 222 7
    208 107 67 77 204 19 37 39 229 27 59 168 100 66 105 73 143 46 136
    108 53 68 180 43 173 245 180 245 26 244 7 204 154 187 95 60 98 27 10
    130 124 168 165 228 42 134 62 19 22 148 98 128 170 160 49 247 6 78
    103 143 185 166 100 128 183 163 254 186 26 118 204 213 159 166 99 97
    167 1 200 47 36 76 253 196 182 123 136 113 106 95 252 183 127 12 240
    97 174 164 224 117 222 132 64 240 23 218 215 138 112 103 104 194 124
    214 71 115 244 155 201 237 151 150 5 114 150 118 51 219 59 73 90 100
    167 206 237 215 130 247 157 106 85 200 68 235 55 32 119 214 42 106
    202 139 35 229 68 93 28 48 121 28 28 139 172 75 138 182 9 38 228 98
    80 35 217 220 96 210 184 41 214 96 92 182 201 234 45 38 242 139 228
    111 249 252 159 198 212 72 220 134 144 255 140 129 144 118 141 125 5
    253 112 199 112 242 61 18 116 159 35 150 178 157 74 83 70 174 75 236
    22 201 88 131 186 47 201 40 188 83 117 211 222 248 199 132 120 151
    189 160 92 236 69 160 44 71 166 51 232 55 68 17 234 197 118 194 196
    149 129 252 216 219 201 113 26 45 235 208 176 138 94 211 68 9 59 61
    13 149 151 45 180 51 35 232 93 195 224 243 48 45 83 127 204 115 7
    175 121 132 190 82 116 134 45 100 195 41 143 75 212 242 223 224 51
    222 24 207 87 8 132 165 229 86 158 164 141 215 165 132 87 25 43 148
    88 35 134 121 234 217 62 33 104 10 40 97 127 190 107 183 123 102 88
    28 211 92 56 93 62 225 130 203 71 117 223 104 235 55 231 236 91 129
    47 124 71 229 0 28 29 110 156 156 219 156 47 146 94 35 72 121 230 13
    99 244 235 102 116 139 145 94 42 95 247 15 36 95 129 192 166 59 48
    230 246 132 122 221 81 12 246 239 206 85 20 221 93 202 93 22 75 79
    49 224 180 127 188 20 183 224 114 91 70 74 136 168 19 231 243 185
    111 34 254 126 39 152 225 242 141 169 101 111 99 213 195 231 60 176
    142 160 235 47 61 211 35 188 114 248 145 118 177 20 71 95 100 6 81
    56 78 95 163 87 247 82 11 213 21 186 75 187 102 28 174 139 89 74 130
    76 224 147 49 107 112 144 112 10 77 134 195 99 172 167 165 49 137 46
    98 68 194 145 176 255 70 195 81 86 79 15 226 211 198 186 229 82 43
    83 101 168 57 244 22 51 225 111 170 212 203 68 214 233 135 245 39 99
    29 69 125 106 47 45 233 20 209 169 105 11 105 134 130 165 7 11 252
    199 162 144 84 103 104 251 7 7 247 139 84 95 226 117 8 44 27 131 250
    76 95 169 212 120 38 25 213 246 164 156 146 130 180 24 5 40 96 239
    170 123 107 82 174 254 251 207 239 196 19 32 137 188 110 174 104 112
    14 224 112 19 199 104 129 137 32 54 102 14 204 230 35 238 32 125 210
    169 204 1 106 186 175 235 183 252 200 187 41 60 42 109 136 104 26
    213 56 159 200 108 101 57 215 18 166 150 242 88 87 62 219 62 115 28
    86 51 40 138 158 243 44 255 62 197 210 227 53 105 55 250 40 51 209
    76 236 25 112 48 251 245 248 137 62 68 151 138 92 252 89 74 140 74
    36 117 218 162 204 220 251 211 54 120 89 66 0 15 214 227 36 176 128
    159 194 149 240 20 152 8 186 64 83 94 77 234 99 7 177 239 237 137 87
    111 182 226 131 165 88 156 149 254 141 226 118 39 71 89 212 211 197
    226 143 75 100 52 54 12 60 209 66 126 41 233 33 111 150 244 4 8 19
    238 117 39 2 111 32 44 0 32 244 171 151 152 179 42 128 109 238 154
    138 85 145 93 21 12 245 46 167 141 37 69 179 33 225 10 54 10 238 114
    94 18 22 105 155 32 140 168 239 157 33 90 157 19 166 142 70 93 28 15
    203 235 187 221 29 239 34 19 150 129 253 8 129 166 124 169 112 51
    185 205 235 10 11 117 45 168 250 246 85 166 102 1 122 88 192 246 180
    108 28 253 137 73 185 240 147 15 214 212 181 142 254 62 46 164 16 44
    16 103 140 92 209 62 2 241 92 53 143 143 61 131 148 40 220 254 198
    243 250 243 210 121 241 88 130 125 208 50 238 32 236 197 217 225 205
    231 14 127 182 56 175 56 126 127 198 185 233 124 8 172 84 71 32 42
    239 22 87 181 173 5 240 24 144 100 254 120 215 79 114 114 59 170 148
    16 15 139 35 159 127 91 239 198 252 133 78 124 89 210 206 18 177 123
    222 43 221 75 82 187 46 210 122 18 3 27 12 55 27 198 147 116 127 137
    104 209 87 129 142 234 86 209 15 45 121 144 48 152 217 234 61 171 67
    210 56 57 157 129 19 130 242 253 2 213 35 156 3 231 133 70 178 142
    183 226 251 150 139 169 236 235 117 198 109 176 84 174 155 107 207
    82 65 90 233 190 221 26 81 49 90 216 18 184 148 9 96 24 57 113 96
    133 146 137 55 174 184 73 163 20 135 249 27 1 220 63 211 32 163 242
    41 210 234 73 106 44 211 13 31 131 48 26 142 27 163 34 164 120 94
    223 163 184 74 244 230 18 10 161 192 142 50 147 151 117 151 10 148
    105 74 195 17 181 109 205 206 22 222 55 238 178 101 5 169 2 234 88
    14 81 254 92 28 75 242 211 45 40 148 240 36 44 237 249 220 189 124
    33 106 35 203 87 185 130 48 132 125 45 28 165 153 215 163 34 219 196
    137 157 35 174 254 41 236 206 171 124 214 119 136 4 84 191 59 58 182
    72 100 219 176 133 75 199 222 193 181 56 223 238 246 7 49 176 228
    213 43 5 218 166 100 85 131 145 30 135 143 254 130 35 89 80 199 187
    14 64 50 138 20 127 69 222 170 152 202 186 215 16 84 190 106 81 215
    19 199 188 139 124 79 213 172 55 137 23 117 130 17 30 97 25 192 123
    28 233 88 115 212 171 131 217 156 99 158 131 27 162 6 219 115 205 57
    171 230 39 103 214 123 229 25 140 202 140 239 237 198 100 95 204 32
    124 39 99 107 61 154 118 129 148 66 109 97 121 201 250 78 206 161
    246 60 127 125 125 112 253 8 206 17 220 156 222 26 229 53 195 238 20
    249 224 6 103 177 144 216 88 104 70 195 97 173 145 44 85 137 202 93
    96 101 40 76 235 131 91 230 202 5 70 204 83 9 17 11 29 224 200 126
    164 54 98 236 255 139 69 4 132 193 213 112 140 9 208 149 49 135 176
    180 81 220 130 161 122 174 118 73 227 193 192 128 133 133 156 120 69
    67 85 110 57 206 72 35 16 4 157 235 248 156 219 142 106 124 202 71
    133 249 163 244 83 29 63 125 246 170 118 217 1 247 189 62 254 214 16
    126 59 48 38 165 126 58 233 184 239 229 226 127 239 33 233 142 102
    57 15 27 133 235 121 108 4 21 208 74 73 86 110 217 92 180 48 102 116
    89 35 41 199 214 157 13 12 199 22 93 165 177 5 27 228 220 203 43 219
    1 179 226 167 25 19 220 19 33 153 239 111 162 219 244 193 240 13 234
    173 112 150 173 248 194 253 42 6 62 172 179 49 56 225 221 229 125
    209 189 165 152 98 24 102 183 142 53 143 41 63 82 24 113 170 153 143
    64 14 79 138 252 185 153 6 157 140 16 32 177 195 15 96 156 16 242
    152 182 8 108 41 241 23 177 110 119 12 167 83 63 121 248 162 2 164
    55 164 187 61 32 217 105 74 101 235 214 129 31 56 113 61 95 136 169
    132 182 245 81 145 67 16 168 167 10 237 66 0 94 115 82 140 224 193
    56 210 22 209 99 103 249 181 6 52 216 178 43 5 129 230 121 143 12
    129 169 117 70 76 156 18 252 99 237 50 102 97 0 152 247 212 42 15
    231 215 54 108 190 3 49 104 240 139 14 107 95 143 200 35 70 240 120
    173 211 155 145 159 225 203 23 244 79 139 225 123 226 123 211 204 55
    104 234 173 114 238 157 37 98 139 21 82 62 167 86 235 129 180 234 59
    109 39 238 98 16 230 121 124 179 97 154 126 5 243 145 145 208 84 174
    65 201 46 245 231 83 180 211 91 164 24 93 30 185 53 146 121 193 88
    117 216 152 216 74 27 138 132 254 97 50 207 159 169 229 65 179 57
    158 242 83 71 114 133 240 60 190 72 57 241 118 105 56 197 127 249
    241 178 79 87 112 190 144 174 30 148 135 125 208 212 60 130 139 44
    151 245 242 171 161 42 210 143 132 222 14 1 209 242 148 248 203 249
    45 138 251 26 104 63 145 223 67 14 244 91 71 136 85 60 58 250 174 25
    173 0 98 170 41 204 145 105 74 245 245 28 101 148 12 179 77 76 209
    84 33 71 66 77 135 76 119 113 97 136 101 121 46 129 155 247 221 64
    18 159 214 243 74 68 59 90 36 147 99 220 14 109 38 139 219 180 213
    135 126 111 30 36 69 190 8 50 43 139 237 35 131 236 50 92 75 234 135
    138 64 81 199 162 131 228 74 245 218 250 97 77 55 100 89 195 54 67
    210 111 196 121 237 69 198 238 8 213 48 68 57 157 205 160 0 96 252
    246 30 193 234 122 213 201 189 27 187 27 20 245 68 32 110 111 72 184
    43 175 72 81 191 69 221 190 125 32 113 135 190 57 212 217 34 220 183
    93 196 70 233 178 106 225 151 216 81 21 175 8 181 235 12 149 43 247
    158 51 221 180 233 137 43 79 132 144 194 69 26 121 190 180 226 138
    81 249 241 24 200 18 123 230 137 170 122 16 0 240 244 163 197 73 92
    64 231 241 154 210 25 31 220 179 237 33 1 210 35 193 230 67 194 44
    246 30 189 32 131 158 77 132 81 43 81 57 2 248 38 66 49 73 129 215
    90 240 143 37 156 204 178 72 228 15 237 154 63 1 3 202 33 109 86 250
    99 244 151 202 180 138 144 172 142 101 10 234 63 162 246 94 242 184
    213 238 16 64 131 74 201 222 112 214 10 8 73 218 243 158 94 63 180
    250 163 106 209 193 26 228 164 167 215 211 255 94 207 170 100 177 4
    20 13 201 7 198 65 98 170 228 213 140 174 184 230 140 112 149 210 69
    147 140 54 249 88 161 96 24 117 226 125 56 22 189 236 13 19 213 144
    39 145 117 60 115 7 197 224 110 160 129 113 245 84 35 117 205 190
    152 235 82 246 202 67 199 163 211 21 147 194 80 10 238 224 189 1 168
    157 249 115 221 128 192 157 168 7 52 218 205 208 79 224 165 221 232
    110 37 84 239 159 97 165 139 197 19 108 95 254 190 195 194 150 3 140
    187 103 0 163 103 131 236 188 172 183 119 148 79 151 60 163 235 50
    75 35 211 251 192 67 187 5 19 202 246 68 174 18 5 74 248 43 30 70
    171 221 253 193 211 96 183 57 130 88 166 35 86 171 175 168 212 236
    218 34 193 46 227 81 84 45 64 169 41 157 29 69 201 18 38 61 141 176
    132 197 70 59 223 74 214 213 103 102 175 231 4 96 41 172 40 149 102
    27 94 1 123 217 3 145 9 145 217 213 21 200 108 115 153 167 42 248 59
    173 15 23 44 90 198 176 81 111 207 131 184 152 129 230 17 182 56 116
    174 78 85 158 24 20 72 138 104 233 7 18 196 102 66 122 177 240 13
    176 27 115 189 110 196 8 72 189 161 22 211 179 188 203 42 233 200
    173 26 154 235 82 146 188 183 30 13 153 112 105 73 155 146 9 159 123
    253 102 109 182 30 138 61 87 113 38 26 243 28 107 75 222 209 137 255
    64 125 79 70 150 109 23 71 246 179 99 98 10 118 247 68 84 109 47 128
    54 143 174 227 72 41 203 112 151 239 103 190 134 126 64 77 148 152
    16 161 28 205 252 236 76 204 69 59 145 243 62 27 176 225 207 10 221
    155 33 245 155 157 117 16 39 90 101 255 132 158 97 51 61 169 66 156
    217 125 227 209 72 26 124 244 233 56 67 142 176 22 14 52 151 75 151
    26 124 226 199 160 151 243 177 138 178 91 57 18 98 38 0 108 211 121
    163 186 62 62 39 78 224 252 216 80 241 222 45 153 16 34 183 92 38
    226 205 231 107 229 193 125 155 47 105 227 172 198 156 232 179 123
    206 23 8 135 133 130 44 75 125 206 226 159 92 35 95 38 77 68 19 185
    133 28 83 58 180 9 122 251 173 241 95 0 123 213 164 35 176 241 160
    212 9 3 161 168 90 41 222 31 82 39 87 41 68 91 177 141 48 135 11 157
    192 189 241 229 14 183 92 194 209 175 214 237 130 162 73 201 63 125
    89 43 227 109 160 234 254 128 169 81 160 198 136 111 133 15 184 112
    108 40 20 171 40 144 77 122 222 252 132 165 186 38 55 166 254 65 105
    42 81 99 82 75 104 172 175 223 176 106 43 35 170 204 45 196 73 129
    224 143 73 57 248 183 2 149 85 138 213 156 219 205 64 168 202 110 30
    11 91 226 230 202 172 68 187 29 81 27 245 223 71 43 231 214 50 12
    106 18 233 247 142 251 35 21 167 233 8 38 65 205 77 75 204 52 75 167
    22 248 148 133 60 122 102 211 4 94 147 153 147 214 24 205 128 4 13
    105 84 133 162 5 125 80 115 167 56 82 219 14 82 10 134 131 147 66
    208 1 156 221 152 229 138 47 210 192 132 41 51 18 137 7 133 81 52 88
    121 69 155 156 178 7 62 208 13 85 17 12 203 0 180 124 66 80 255 96
    227 233 45 175 249 69 42 110 96 225 220 192 143 40 61 213 227 157 73
    57 181 255 147 70 78 124 195 122 125 222 87 208 231 205 71 110 201
    21 80 81 168 114 245 164 213 41 31 163 157 160 198 175 111 145 176
    234 208 140 232 111 67 25 79 88 142 227 221 149 166 75 63 143 131 54
    232 17 102 147 76 93 222 151 117 105 103 17 110 98 226 138 164 223
    218 210 51 219 18 81 21 135 134 155 45 189 71 254 228 159 217 105 51
    224 5 123 101 131 32 15 46 88 60 207 240 121 114 192 210 88 166 20
    245 58 37 41 139 79 146 239 159 29 149 83 245 179 185 40 77 237 48
    90 204 7 31 151 201 236 227 201 129 117 123 151 159 68 201 79 8 71
    108 113 48 154 9 214 54 144 205 242 165 208 164 151 172 55 46 197 18
    231 182 121 75 149 36 137 225 40 166 92 122 1 169 108 26 37 10 129
    19 34 131 177 26 117 27 237 248 157 228 142 158 98 250 3 192 206 93
    219 49 223 185 189 39 220 90 132 226 184 67 252 170 105 27 251 1 240
    100 14 76 126 129 148 226 171 143 163 127 84 181 191 27 24 159 14
    180 131 21 233 49 127 63 68 248 120 192 223 239 10 131 115 116 182
    35 66 16 137 131 27 193 131 55 108 85 5 76 49 124 167 227 99 202 88
    251 119 207 219 186 205 95 214 151 96 58 18 182 14 173 38 26 6 234
    111 209 132 103 181 246 110 93 178 238 170 2 104 202 100 189 101 96
    100 242 25 92 182 145 214 133 241 3 213 185 39 91 240 148 168 3 113
    175 163 213 153 197 152 77 222 90 52 196 182 156 16 161 237 205 77
    86 121 171 47 87 193 59 164 149 29 189 144 92 84 193 8 202 234 43
    138 148 190 182 225 126 111 63 73 215 0 123 191 91 196 17 208 183
    110 180 51 61 211 170 28 12 112 131 116 60 154 55 176 79 104 145 232
    91 31 87 47 93 221 114 75 196 187 226 29 143 22 222 55 216 58 146 67
    143 207 204 33 184 204 251 99 189 238 15 10 90 26 106 199 155 194 61
    136 2 56 88 211 171 162 106 61 61 71 25 32 249 225 26 227 96 142 215
    55 35 246 84 112 242 203 68 239 67 172 10 1 176 135 139 95 201 245
    62 150 153 40 160 200 179 242 77 141 90 136 128 142 123 161 236 140
    168 172 37 115 192 215 61 215 148 175 194 218 71 76 166 59 105 52
    154 5 0 134 249 177 227 1 0 114 240 166 45 128 79 145 243 172 161 48
    114 185 232 240 153 254 4 171 25 55 235 101 3 1 125 94 207 76 216
    146 98 139 184 44 71 62 160 232 132 189 46 85 235 72 46 204 59 25
    113 204 83 50 177 220 156 63 15 182 213 29 152 159 33 99 113 111 94
    131 165 43 185 235 119 134 27 230 177 5 242 229 249 79 90 81 195 207
    182 223 202 40 93 199 178 51 16 99 134 119 193 12 161 182 209 234
    159 249 206 59 150 138 116 186 193 188 14 255 155 19 224 201 54 35
    208 124 89 81 204 27 25 34 96 207 209 208 12 254 20 117 200 133 131
    160 98 229 160 63 229 3 195 179 95 85 46 123 5 129 133 115 245 91
    202 51 27 70 200 176 249 9 205 245 81 120 146 60 97 132 138 4 212
    146 54 133 94 8 125 213 224 135 110 81 56 235 2 44 134 21 211 74 217
    98 57 212 56 203 109 79 44 188 116 160 86 101 46 165 116 8 195 64 6
    9 157 8 122 165 230 87 124 231 96 146 234 50 15 158 222 153 208 210
    226 184 142 110 200 230 30 191 208 254 225 96 61 166 227 28 85 1 36
    137 144 156 218 15 213 163 130 181 236 121 64 85 77 135 194 148 248
    161 138 64 47 132 86 206 212 158 166 210 115 23 49 232 219 245 142 7
    47 88 183 30 30 252 40 93 154 171 68 182 97 7 72 114 113 116 73 203
    128 82 135 231 134 55 210 114 8 105 45 34 66 70 180 237 185 184 152
    91 157 65 111 55 27 232 45 199 113 3 244 4 159 159 209 160 131 86
    217 173 141 238 33 165 15 112 220 135 235 239 196 73 140 112 13 65
    229 149 9 87 115 138 199 21 188 183 9 211 255 147 209 108 253 15 210
    140 238 111 44 45 246 198 37 151 116 35 195 245 11 68 115 188 224
    205 215 68 241 253 233 133 153 57 105 241 95 65 229 5 205 0 183 235
    9 220 159 202 90 185 32 127 104 20 152 48 220 49 180 246 150 98 149
    230 242 129 27 73 238 120 123 200 60 131 13 46 113 149 116 52 177 7
    208 141 171 173 134 140 48 142 5 129 160 97 73 54 71 4 28 3 105 39
    221 254 87 14 188 232 153 141 114 151 48 129 146 41 213 20 91 37 156
    103 88 79 36 220 34 13 59 207 75 88 58 239 91 248 213 19 0 166 199
    179 237 173 58 40 193 94 54 87 9 37 70 223 67 49 217 2 35 18 137 250
    164 90 190 44 162 200 203 125 75 248 205 51 28 68 130 233 91 217 141
    148 238 177 109 48 62 48 184 57 134 30 18 154 160 188 117 145 226
    241 82 55 207 235 115 64 58 80 79 30 43 210 229 7 165 45 58 173 168
    47 48 95 29 21 163 124 252 73 250 149 166 48 68 116 198 178 195 67
    160 102 64 147 208 62 74 43 92 189 43 235 118 158 142 253 203 108
    240 65 162 178 76 241 102 221 226 59 67 36 147 72 25 238 84 203 100
    123 236 223 32 29 189 53 157 12 171 63 174 183 78 9 190 238 170 207
    85 93 201 16 2 135 65 160 139 70 138 211 87 171 74 92 155 171 184
    186 31 213 55 114 35 114 75 61 194 92 117 255 109 233 162 92 212 55
    46 160 88 236 101 152 221 178 93 99 162 236 255 205 26 68 187 144
    238 165 207 204 89 197 50 63 143 255 207 169 182 29 110 187 144 22
    64 44 5 167 107 70 242 127 239 126 253 78 173 196 224 94 171 183 2
    236 58 138 56 124 43 230 204 208 143 38 14 42 196 0 34 237 195 242
    163 162 119 140 57 77 24 154 145 188 13 44 18 35 146 125 205 139 107
    167 134 102 123 154 231 118 203 110 122 197 148 163 227 110 164 32
    18 190 203 173 56 195 139 234 177 176 68 41 43 210 3 4 185 153 6 43
    82 62 32 76 100 49 67 97 170 175 39 26 167 199 162 167 149 77 7 131
    37 218 131 3 24 89 173 38 19 93 138 188 172 125 148 84 224 37 143
    254 194 229 97 241 250 179 68 187 210 80 225 70 234 74 85 240 78 62
    159 195 150 187 144 7 23 10 207 123 43 95 252 177 77 146 77 24 43 12
    39 56 231 68 97 9 37 193 190 238 194 103 88 129 254 251 213 157 60
    189 249 83 117 14 159 218 166 182 6 69 54 140 191 225 104 244 237
    248 93 57 81 127 68 92 162 137 121 28 56 58 80 69 114 184 10 107 105
    44 4 107 213 58 250 216 197 53 184 120 54 107 224 217 60 106 148 115
    185 180 236 0 98 255 189 180 131 105 50 83 51 152 71 77 205 26 226
    225 247 208 149 190 164 166 125 241 113 65 134 161 50 198 137 183
    225 33 247 69 180 63 27 78 189 212 215 231 4 35 244 67 14 104 226
    111 215 207 108 90 52 76 8 119 35 227 70 84 72 235 165 245 230 146
    233 186 199 61 190 133 224 236 139 124 40 74 227 198 167 193 44 35
    62 148 153 223 165 213 177 205 90 76 0 19 212 254 38 157 172 238 170
    96 250 134 178 213 113 122 111 40 200 87 189 25 130 199 197 187 171
    221 212 243 68 225 52 195 29 175 92 79 229 157 197 222 25 42 24 32
    193 233 102 5 176 31 9 160 189 85 41 25 61 231 120 196 89 229 142
    134 64 38 179 235 231 253 5 105 90 41 213 147 151 58 79 248 155 201
    68 153 96 13 150 76 72 60 73 228 83 134 40 29 251 208 83 35 48 181
    34 125 158 149 126 136 166 141 8 164 98 39 83 231 157 86 169 113 62
    238 16 54 250 120 69 200 165 49 115 218 55 163 130 230 26 84 151 204
    117 248 92 69 112 53 231 236 200 163 133 148 33 98 129 111 77 213 37
    18 13 15 11 217 121 194 12 31 255 215 243 11 131 25 235 17 255 214
    224 216 118 51 14 110 31 40 206 150 35 144 235 239 79 56 203 106 130
    91 207 14 245 40 10 161 250 227 227 178 62 77 192 4 145 14 29 77 168
    28 15 82 168 84 203 36 202 59 153 246 44 138 127 110 192 234 95 51
    126 85 238 73 209 180 50 90 61 20 8 97 236 213 158 84 90 121 26 94
    148 94 43 73 67 224 241 162 56 205 157 70 1 86 81 39 0 26 41 100 139
    139 201 90 123 210 43 221 181 131 106 226 82 91 28 161 154 134 41 7
    203 44 206 66 81 65 71 12 36 38 194 212 247 122 25 179 175 21 166 50
    133 141 157 192 171 101 186 80 17 108 118 164 66 91 226 150 9 136
    219 114 214 111 182 38 155 60 107 85 69 161 79 6 216 4 74 229 180
    108 10 12 165 85 22 127 250 59 70 145 101 32 179 67 137 85 65 72 2
    157 254 28 249 22 57 114 180 6 130 133 134 117 187 244 96 110 54 75
    106 162 193 19 144 176 100 152 66 15 207 234 91 101 2 132 34 225 97
    18 46 243 67 105 24 169 215 221 246 198 204 83 81 193 154 148 185 0
    0 3 20 73 233 19 165 85 52 93 90 20 20 224 107 96 47 17 135 20 195
    57 253 40 114 152 31 186 149 128 253 152 72 86 200 179 243 172 68 15
    239 81 180 205 176 239 89 133 52 11 254 64 244 176 93 107 12 120 41
    152 124 173 28 142 54 148 71 9 54 164 53 94 229 239 226 46 172 56 89
    212 26 47 50 140 6 232 125 119 116 182 18 205 132 139 181 249 217
    102 100 242 234 162 62 197 66 35 22 160 32 107 3 45 202 164 172 12
    237 2 213 171 73 39 17 115 149 170 116 42 158 100 198 136 143 144
    182 12 204 1 220 184 219 247 209 106 244 70 53 57 164 252 38 20 99
    17 15 33 1 185 55 97 97 101 6 248 85 134 153 114 15 186 96 48 215 43
    141 12 42 138 74 86 181 129 217 238 164 163 224 8 254 169 8 69 43
    175 49 250 50 245 52 3 171 254 207 84 125 44 205 22 151 146 57 153
    79 135 53 177 138 140 113 8 52 151 150 47 100 27 87 182 218 104 192
    154 7 239 135 34 18 194 136 27 19 199 78 74 14 109 112 222 136 99 17
    217 174 120 87 74 122 152 102 208 246 71 22 207 49 239 83 132 58 39
    167 190 213 9 75 110 55 228 7 208 207 47 13 10 152 18 173 147 99 197
    26 144 154 57 242 5 147 107 96 208 116 45 79 84 22 163 72 67 255 116
    19 124 219 53 1 115 175 93 22 215 204 251 176 18 113 166 16 148 33
    72 243 184 232 94 25 150 92 230 34 123 217 81 164 176 221 105 225 69
    179 133 108 183 14 30 194 180 188 34 133 200 41 222 46 173 151 40 72
    10 167 67 157 59 149 172 95 157 31 121 244 47 212 94 160 217 85 101
    156 105 216 18 64 182 243 236 91 47 6 109 193 206 185 91 30 179 110
    179 173 79 236 78 240 174 157 89 64 29 104 84 114 214 7 25 17 57 36
    138 5 152 240 2 214 42 96 239 249 59 17 11 93 42 107 46 39 184 12
    210 228 149 82 102 178 91 253 125 18 194 98 74 160 45 131 197 86 191
    70 244 64 183 115 12 198 237 3 66 142 10 232 120 101 122 27 222 12
    145 129 185 186 235 124 131 111 150 179 88 79 96 3 247 84 64 213 133
    249 109 105 214 77 80 180 239 112 35 247 66 71 186 93 81 213 186 27
    77 82 157 167 93 218 207 86 236 102 253 60 127 35 246 168 159 21 189
    200 137 157 184 244 125 3 130 51 155 234 127 43 92 207 208 64 45 94
    43 154 25 106 10 207 134 255 22 7 174 39 118 166 189 223 167 140 76
    130 3 51 114 239 159 146 71 120 94 34 210 101 220 207 68 55 254 249
    242 110 154 86 69 23 234 202 175 164 26 90 125 32 144 166 214 186 84
    172 189 235 190 107 231 12 63 205 16 120 200 195 11 199 58 255 209
    181 212 20 50 16 142 64 127 48 81 246 149 157 199 58 19 107 67 140
    68 118 183 135 61 245 166 194 155 128 250 32 6 231 107 180 58 47 3
    145 108 122 158 99 219 137 187 122 177 68 34 199 24 51 122 222 244
    199 138 134 44 163 136 89 161 37 188 160 160 68 88 155 48 159 58 179
    45 193 77 239 188 29 158 58 51 113 255 200 99 213 37 31 39 217 69 7
    155 237 129 162 108 176 40 64 62 195 250 229 42 232 197 79 119 46
    221 87 32 79 64 252 175 125 48 135 231 87 45 115 4 55 181 245 7 36 7
    135 57 129 51 157 32 113 243 150 237 156 146 121 40 254 29 59 179
    135 49 170 117 55 202 211 15 137 45 28 3 126 217 197 0 44 74 220 35
    103 197 221 120 246 211 31 251 45 46 245 12 21 56 7 59 232 9 180 74
    1 183 50 244 215 113 112 112 163 47 33 25 211 170 221 222 71 164 3
    248 7 204 66 38 68 157 188 65 141 159 5 59 181 193 93 150 218 159 89
    94 106 155 199 112 142 63 122 227 219 176 169 202 54 90 129 20 155
    249 192 26 55 20 24 85 203 160 60 254 91 46 6 237 153 175 25 45 27
    180 104 6 240 134 30 100 25 26 167 114 241 12 220 30 45 249 22 100
    99 243 65 211 161 212 30 240 7 196 233 101 190 175 130 80 72 9 167
    97 95 190 231 191 150 43 191 93 142 186 84 91 22 156 78 41 197 76
    105 21 59 144 86 115 223 194 112 182 91 68 125 40 171 69 163 177 100
    58 170 8 77 27 25 22 210 229 227 234 96 251 226 98 88 225 122 100 19
    53 126 134 40 87 145 232 17 112 165 255 214 85 130 228 138 173 218
    187 6 253 51 42 216 143 133 139 173 246 236 232 243 120 133 144 227
    237 168 80 204 41 154 121 51 37 155 149 119 161 234 220 190 170 247
    242 12 37 176 47 211 44 197 164 238 203 52 78 253 208 70 216 176 131
    175 167 110 92 210 38 240 178 163 207 180 51 77 25 254 159 168 186
    204 135 128 8 172 196 190 201 49 209 20 182 111 225 103 224 142 251
    30 163 81 240 11 172 151 29 132 144 52 183 153 243 30 9 202 247 184
    47 6 10 155 24 67 183 175 96 0 91 21 212 46 184 200 77 66 47 12 90
    126 19 108 23 138 150 22 233 238 190 197 169 221 23 41 137 241 255
    217 219 181 247 206 221 183 75 157 214 220 37 141 247 174 19 105 130
    251 22 151 18 47 12 5 118 121 159 128 41 110 34 235 69 127 195 208
    218 58 217 207 175 174 85 150 184 103 133 80 169 111 98 20 16 228
    178 93 232 128 227 138 69 65 177 59 75 4 212 79 224 170 72 12 248
    116 116 239 219 233 185 120 42 239 203 57 166 148 220 31 185 223 255
    40 215 219 239 242 245 194 13 201 141 224 205 106 139 105 139 103
    243 195 9 254 26 82 94 184 134 159 45 8 80 19 60 187 14 234 110 212
    121 29 219 15 243 253 187 161 26 22 186 250 220 20 13 255 204 62 218
    58 18 43 87 190 4 164 143 103 248 134 153 141 254 248 165 194 60 190
    151 169 180 157 3 252 70 195 225 17 230 153 241 211 162 23 229 118
    222 25 123 203 241 59 189 110 125 45 51 127 93 219 188 119 129 155
    113 69 89 144 110 86 242 78 98 35 240 45 189 151 188 154 135 6 27
    150 139 121 218 73 122 217 77 130 217 155 200 46 186 175 221 120 182
    183 193 15 169 62 155 130 87 94 42 86 213 15 51 190 121 94 23 190 54
    11 170 166 236 6 154 15 104 136 99 34 182 159 92 54 13 143 132 176
    13 206 105 41 0 51 48 129 172 190 195 100 247 164 252 171 132 173
    140 47 93 187 17 189 49 38 37 160 238 110 159 52 101 3 254 45 1 172
    30 232 161 145 143 102 68 35 163 54 191 38 51 42 233 241 247 51 141
    142 127 83 251 40 52 118 152 233 159 88 52 180 156 124 247 1 140 134
    254 65 218 162 85 192 6 148 247 36 123 175 230 39 111 106 253 63 138
    112 17 96 158 26 55 31 167 210 124 129 242 235 180 17 86 201 110 166
    78 198 133 69 190 113 128 113 89 186 45 108 47 59 209 106 119 146
    135 151 204 225 205 19 216 144 129 40 130 138 111 168 243 58 49 228
    72 9 219 128 81 102 37 163 233 106 234 248 138 232 11 6 243 44 187
    178 9 195 91 219 26 174 138 114 103 16 220 247 32 46 92 9 48 188 170
    77 222 135 85 232 10 202 212 241 241 36 52 6 17 169 35 226 175 58
    249 184 225 129 201 111 137 83 215 236 2 34 213 56 159 87 163 216
    152 116 129 112 212 54 161 56 158 100 197 217 222 58 107 225 248 75
    195 165 80 145 161 204 233 217 239 92 205 205 105 129 23 175 74 144
    95 70 200 96 136 144 86 32 55 56 152 108 250 84 148 88 178 89 124 85
    12 248 62 70 9 246 59 22 82 124 210 150 232 40 10 104 165 145 144 97
    211 25 119 204 168 208 44 45 254 31 15 248 144 19 71 165 78 134 83
    50 111 48 171 129 120 49 137 232 230 72 195 13 162 70 234 176 85 255
    173 225 215 154 3 244 225 161 198 42 21 63 91 55 19 154 155 122 185
    119 4 127 54 81 229 213 84 213 210 208 35 238 210 95 180 201 113 157
    181 141 170 135 98 191 174 17 145 48 131 209 233 162 188 103 125 111
    224 154 66 31 61 196 187 131 231 132 140 67 77 10 122 247 120 8 52
    63 113 61 210 220 224 39 18 194 112 135 99 64 142 62 5 146 40 184
    199 238 241 229 117 47 88 200 98 104 146 210 3 3 123 58 188 63 231
    76 41 215 167 118 1 83 109 128 175 154 173 35 214 108 52 157 188 5
    102 165 127 163 233 11 157 73 255 181 160 224 160 22 204 5 3 17 236
    145 129 248 40 27 17 106 243 148 254 33 12 160 51 62 145 239 211 136
    122 216 236 246 239 211 172 55 221 73 249 161 4 144 173 54 185 198
    134 47 156 251 169 78 41 125 107 8 157 228 248 182 23 220 238 200
    103 233 136 91 193 24 206 128 193 230 225 35 18 51 118 1 185 174 151
    232 90 60 112 247 22 178 107 253 172 117 111 159 201 48 239 223 245
    22 72 147 84 206 35 121 62 217 174 73 251 36 146 122 203 35 59 215
    35 212 247 52 221 103 11 214 159 184 92 160 113 191 181 101 32 181
    114 114 201 179 7 202 210 54 70 68 109 214 136 131 15 116 76 173 223
    118 28 237 0 219 2 54 229 214 187 1 180 23 44 164 27 239 221 173 97
    37 251 60 78 5 189 84 168 196 195 129 0 191 54 62 228 61 214 24 123
    7 190 41 24 142 171 53 25 66 9 209 156 187 30 111 70 98 217 79 9 50
    122 154 241 203 196 159 184 202 169 150 255 71 61 74 107 55 23 235
    186 74 169 188 157 140 65 78 45 236 133 209 98 129 134 252 163 145
    149 115 129 141 39 15 167 237 24 30 52 239 171 35 9 14 52 61 49 108
    68 212 255 193 235 19 187 8 211 134 247 250 244 65 51 37 38 222 235
    212 98 61 140 39 116 131 206 160 207 164 204 4 119 93 155 6 135 27
    39 164 155 109 205 29 218 192 188 91 200 57 128 86 148 43 136 72 199
    146 121 235 143 144 209 99 203 6 160 240 41 128 161 253 167 119 76
    136 140 130 78 21 239 16 45 118 94 107 201 210 226 118 30 15 245 91
    47 93 22 152 93 252 165 102 63 37 114 249 127 8 232 120 163 201 126
    133 122 161 73 59 243 93 204 56 251 166 155 0 22 162 128 174 41 199
    181 195 201 116 109 85 61 217 175 221 129 67 187 138 135 196 35 66
    109 165 38 22 9 164 113 93 176 207 145 196 230 102 240 7 29 228 102
    40 13 251 17 161 113 131 42 198 91 34 126 155 4 201 197 54 163 23 59
    143 247 31 173 96 128 122 205 106 249 239 165 37 73 43 33 82 186 254
    129 140 34 89 0 242 113 90 26 254 120 125 124 194 24 193 82 212 93
    148 104 205 51 128 61 224 236 230 183 70 77 99 3 47 85 82 15 114 138
    2 242 41 12 141 0 249 182 251 49 111 55 103 139 223 80 65 185 190
    231 226 244 130 172 226 27 41 118 7 17 75 247 29 116 210 27 198 179
    16 20 102 156 45 249 214 108 93 212 207 228 8 119 172 19 181 187 158
    95 112 70 105 187 69 131 163 58 88 51 222 97 136 245 13 220 152 172
    222 137 93 136 61 14 249 36 184 134 123 223 147 216 14 11 28 79 57
    185 213 9 114 8 184 34 74 229 11 20 203 115 3 161 188 131 79 218 168
    15 116 110 53 170 161 160 136 237 73 113 33 66 251 211 107 3 94 30
    22 104 227 215 14 43 255 106 221 217 105 213 136 169 135 98 251 153
    71 151 139 230 168 5 191 148 168 128 142 178 153 224 231 14 195 51
    183 107 7 193 157 193 44 101 252 66 113 187 144 122 116 29 232 155
    38 145 219 240 116 212 62 113 92 128 185 74 175 127 87 204 190 222
    82 14 180 137 73 66 192 208 79 88 164 14 96 240 112 46 105 89 49 179
    185 1 97 251 79 201 191 167 225 161 140 190 231 169 34 69 44 99 175
    107 151 150 18 83 203 216 139 46 135 140 208 56 183 178 217 104 150
    217 190 194 32 93 48 171 88 30 160 11 201 116 166 189 38 73 103 72
    244 195 148 77 211 255 216 110 178 234 144 231 17 171 183 179 70 251
    16 126 47 80 86 210 53 249 49 86 93 237 85 41 179 253 158 173 19 156
    116 67 207 116 243 51 20 72 9 182 243 66 137 2 7 167 147 192 228 212
    138 132 141 53 155 220 48 238 255 233 75 217 216 16 48 93 223 136 67
    114 233 56 208 165 133 11 73 40 184 167 212 32 233 113 131 50 157
    177 92 174 95 127 237 166 10 175 254 102 207 28 249 232 45 103 176
    114 26 114 200 144 192 204 145 223 96 71 134 13 122 131 69 222 48
    191 178 40 87 104 69 27 89 245 239 4 48 254 153 176 132 44 234 133
    158 177 25 74 188 13 111 28 103 122 197 215 168 60 248 206 54 18 188
    147 8 82 97 20 101 18 193 237 63 26 70 102 198 75 242 126 251 195
    171 129 243 224 94 91 201 67 62 132 120 234 182 253 214 160 150 25
    172 15 199 26 128 98 250 154 135 209 86 57 69 83 237 190 57 61 14
    202 41 158 103 104 150 219 60 142 248 208 115 214 106 62 76 97 12
    186 40 37 87 220 215 250 7 232 21 236 228 254 141 134 105 206 41 170
    7 139 198 214 90 197 64 207 38 8 69 182 202 19 45 107 74 229 223 221
    158 199 142 197 59 188 207 245 64 103 0 42 18 228 15 35 20 169 250
    60 51 106 25 111 16 204 190 240 189 73 10 84 41 106 226 105 21 199
    123 219 88 116 171 45 172 212 46 205 74 58 176 66 210 16 155 144 215
    25 233 113 204 45 60 200 111 179 185 107 250 207 33 120 248 95 188
    139 246 39 255 160 255 199 118 163 192 120 219 45 184 130 8 0 235 58
    162 226 235 110 252 190 219 124 91 228 4 103 244 231 248 189 207 170
    94 134 138 227 233 36 37 60 100 21 183 96 19 98 91 242 239 124 245
    182 152 215 188 70 42 82 147 202 86 232 117 15 149 53 15 117 229 195
    249 10 226 237 97 131 80 94 20 134 128 5 92 82 64 165 61 170 86 190
    237 119 122 144 36 108 15 213 158 143 98 82 40 104 225 139 210 106
    209 83 177 97 208 131 92 228 193 143 130 1 89 107 162 194 116 119 57
    14 203 15 186 73 76 80 32 110 148 7 131 118 32 26 67 245 175 172 133
    104 139 39 231 187 13 173 226 131 101 62 48 180 101 190 194 100 249
    216 210 160 20 96 33 209 20 145 85 180 250 131 42 1 35 97 24 214 34
    206 66 155 65 212 77 96 189 150 173 166 106 56 249 49 95 161 68 136
    7 217 236 203 53 105 11 68 127 139 236 19 4 119 108 223 54 72 145
    233 136 25 140 60 98 42 79 118 119 68 80 213 245 173 159 243 44 30
    168 58 202 52 79 71 48 145 25 81 24 159 27 142 65 88 39 241 111 135
    119 220 207 10 54 156 255 218 5 7 43 51 39 14 254 9 182 252 156 24
    53 216 86 54 10 30 234 89 60 160 234 85 216 134 22 253 164 93 127 91
    126 145 248 180 97 115 181 104 235 160 17 79 30 223 73 143 253 248
    57 111 164 155 195 172 233 51 12 254 218 103 108 202 23 22 102 137
    127 229 123 84 164 254 20 62 232 79 148 103 238 140 253 12 71 222
    106 50 185 251 51 212 92 99 203 191 86 92 201 134 222 98 185 229 210
    39 208 145 122 61 250 76 251 85 248 165 185 231 93 32 216 67 192 115
    141 42 74 241 83 27 76 156 16 194 242 148 75 50 8 140 75 5 170 60
    216 210 239 155 224 126 227 51 209 49 86 114 123 44 205 196 162 29
    92 145 12 76 196 70 21 215 252 144 45 53 216 251 110 81 174 173 115
    135 150 192 120 163 251 33 117 77 85 217 1 118 8 3 38 114 246 56 15
    26 16 114 218 170 162 215 217 209 174 254 113 23 125 59 66 8 187 230
    22 194 109 137 38 104 128 195 175 30 233 65 247 172 158 140 62 110
    201 243 110 209 30 37 251 55 171 100 163 76 26 56 174 210 101 130 55
    227 172 23 192 18 155 121 82 84 132 108 147 87 225 15 250 84 19 34
    52 59 138 247 74 150 34 51 7 177 185 251 41 202 5 47 46 248 152 127
    66 188 222 244 2 169 122 115 0 200 24 103 151 59 75 68 162 65 30 25
    254 0 168 7 171 203 207 171 242 187 98 224 92 197 179 73 198 126 147
    241 174 236 251 195 93 60 115 205 188 230 199 71 170 56 136 203 33
    98 173 136 114 244 53 71 16 113 59 194 66 129 9 43 225 63 243 214
    255 94 79 81 221 49 8 24 167 111 214 199 36 213 244 20 167 118 162
    149 93 150 166 187 114 70 165 106 182 174 184 144 73 185 251 200 138
    54 202 15 151 30 217 175 155 100 200 179 38 191 102 25 209 206 159
    66 116 186 73 221 252 115 35 171 57 51 215 230 133 195 50 182 21 180
    44 149 54 114 60 119 71 150 121 4 108 104 246 104 116 189 236 186
    239 244 215 63 114 158 60 134 148 74 155 91 32 28 128 222 39 152 150
    128 96 57 21 84 245 23 86 25 232 15 117 215 66 4 99 114 38 113 176
    143 59 92 236 239 237 236 193 44 152 73 46 141 128 154 19 242 77 85
    235 151 40 10 224 113 227 117 215 233 229 159 75 206 163 110 231 97
    176 178 252 60 227 123 57 243 192 134 40 91 194 108 205 80 92 26 57
    165 196 158 107 116 42 58 14 189 248 152 71 84 173 121 80 151 44 226
    127 227 239 70 5 51 237 105 16 226 3 137 103 8 59 99 252 216 196 18
    231 175 215 193 238 139 127 31 198 114 163 73 222 105 10 67 146 143
    99 10 195 193 89 238 56 0 128 166 49 162 255 53 11 131 57 251 90 99
    254 41 207 154 31 155 47 239 195 17 153 139 36 114 199 212 74 59 41
    239 221 212 21 95 190 240 121 138 203 146 211 59 187 167 69 118 185
    164 158 55 157 189 29 186 68 148 15 189 170 251 40 122 64 122 24 245
    165 121 113 150 184 245 192 119 41 239 186 150 117 199 1 53 147 115
    41 194 233 53 228 169 97 113 98 156 231 21 79 177 150 70 14 70 35 72
    181 156 93 135 134 38 193 171 115 135 175 53 203 103 23 94 29 229 17
    33 216 34 174 11 151 106 128 191 6 37 185 178 46 150 186 58 95 68
    255 165 214 180 189 71 162 54 250 155 244 82 86 130 96 157 192 218
    199 43 102 65 67 109 5 115 121 89 95 162 104 6 164 227 5 11 239 67
    214 160 147 131 37 111 129 97 125 62 188 142 33 80 213 54 95 152 218
    220 11 234 3 230 70 216 136 150 106 67 66 181 146 119 184 141 113 52
    37 108 121 138 248 133 134 5 232 13 96 251 22 243 148 40 56 76 0 70
    9 250 158 2 88 222 255 24 204 95 45 231 0 178 67 223 103 38 168 148
    127 49 69 233 14 192 64 165 197 180 115 52 158 227 39 192 15 18 84
    53 63 186 75 76 71 73 51 85 90 146 204 67 22 77 91 73 54 124 137 182
    162 88 212 116 28 127 114 31 106 110 207 90 159 2 98 190 90 6 8 92
    212 35 137 43 4 242 160 70 117 162 20 153 244 254 233 140 54 54 58
    177 50 147 44 159 92 92 212 201 189 199 1 119 51 151 138 89 248 209
    214 40 233 137 115 238 44 182 201 206 0 26 99 113 31 160 115 239 167
    82 5 239 187 28 120 108 40 199 154 209 235 118 23 55 75 93 254 240
    56 5 229 154 101 242 112 16 74 190 53 103 222 137 215 100 43 219 115
    172 75 246 166 131 122 143 116 161 98 32 186 96 248 14 122 70 73 192
    98 65 168 111 134 12 112 47 46 244 120 128 219 158 121 160 146 225
    168 9 156 211 95 62 234 150 85 187 217 169 198 122 54 218 129 89 10
    67 206 48 94 113 61 50 66 174 179 222 245 74 94 50 194 225 235 16
    227 168 26 145 42 21 160 130 242 210 123 116 227 63 163 71 194 19
    231 255 91 174 224 109 144 56 192 54 86 195 94 79 164 168 127 86 170
    118 135 108 228 118 229 215 47 235 74 183 1 29 205 91 57 123 55 181
    81 74 222 108 76 216 21 169 81 252 220 141 61 112 139 27 200 45 110
    64 132 8 240 62 140 17 162 127 35 241 153 215 160 143 165 175 37 0
    117 12 72 49 15 71 145 50 115 147 162 92 165 125 181 95 34 38 29 10
    189 39 16 90 105 98 81 173 106 102 105 133 142 191 224 132 80 137 44
    80 105 237 97 38 26 224 56 209 244 45 129 166 145 14 192 239 99 3 72
    82 255 213 249 181 204 27 15 187 41 16 2 78 158 112 208 63 132 208
    56 44 61 235 56 33 121 196 22 118 121 213 220 28 89 109 120 186 202
    196 225 23 153 163 116 16 107 47 162 81 188 76 246 75 198 7 185 136
    18 73 159 232 169 234 125 159 149 109 213 69 215 95 11 46 25 240 34
    84 111 119 4 71 20 69 68 190 14 88 43 122 224 25 178 124 252 223 142
    147 251 156 34 188 9 37 235 20 187 10 41 76 37 182 14 185 103 10 249
    223 176 79 141 25 228 227 214 154 196 75 105 52 54 69 204 223 178
    145 219 71 218 211 190 219 126 20 182 249 32 205 34 27 133 155 181
    241 249 240 71 228 150 124 170 44 83 23 31 131 44 58 249 117 177 223
    53 109 62 214 145 16 162 147 181 62 45 204 30 0 185 206 11 254 165
    123 12 149 229 250 66 226 118 91 136 228 174 29 37 86 95 33 92 115
    237 83 107 180 227 190 214 60 98 227 6 253 34 225 80 172 48 68 244
    78 139 62 210 122 37 97 43 115 74 48 120 125 59 11 67 99 52 193 38
    51 208 46 72 72 158 121 182 243 63 173 34 90 120 63 48 133 237 203
    93 18 37 86 1 70 48 22 72 93 189 14 24 191 180 152 155 215 40 50 188
    69 51 140 171 105 224 199 23 164 170 200 209 49 155 63 193 195 89
    253 153 96 98 254 183 161 135 238 90 96 141 207 214 5 61 149 202 85
    146 246 76 137 82 150 123 145 32 35 72 109 146 126 90 92 195 88 98
    154 59 105 182 41 57 109 12 207 50 89 51 38 236 31 149 133 11 183 74
    131 187 241 242 58 207 165 78 101 219 121 76 238 186 185 62 105 83
    70 33 42 82 171 250 159 209 17 20 242 181 247 61 173 236 13 129 243
    117 188 127 32 6 236 202 79 208 84 49 156 148 22 74 218 130 148 130
    179 162 229 51 210 199 144 197 104 83 239 131 179 166 199 186 187 63
    65 111 48 119 86 32 183 249 42 244 102 75 164 3 239 122 115 248 56
    74 102 41 209 241 103 161 65 157 39 163 210 240 223 248 105 100 197
    164 202 23 184 36 125 17 226 202 112 116 246 226 112 25 245 24 162
    65 16 97 242 212 21 67 150 175 225 69 122 160 175 200 112 98 181 179
    178 252 82 166 122 235 8 229 85 244 184 41 62 196 186 126 199 37 231
    176 223 189 128 219 161 97 225 201 212 36 9 223 109 191 137 115 121
    182 131 84 197 248 134 204 147 108 233 145 20 124 157 222 219 214
    140 15 163 196 91 242 47 1 210 79 172 33 63 18 110 9 56 87 131 149
    153 7 201 97 162 184 109 55 254 209 96 87 59 114 63 206 93 181 231
    48 179 148 19 6 162 155 190 254 140 51 100 236 178 225 84 66 1 65
    162 74 60 148 11 225 30 168 234 39 176 27 203 151 238 89 169 240 211
    229 40 41 37 57 198 76 20 90 220 183 159 74 208 58 213 100 106 240
    159 167 153 234 21 162 22 199 199 100 58 166 98 29 73 105 35 198 135
    47 143 44 163 109 85 87 227 15 15 129 227 201 72 3 229 55 238 90 181
    17 118 73 5 250 45 147 211 68 243 45 180 68 196 197 89 86 23 21 216
    228 251 16 254 76 242 184 44 118 55 0 124 39 10 221 14 71 100 103
    207 193 47 180 153 93 4 32 49 180 191 223 12 37 71 207 196 51 8 51
    63 16 147 144 95 148 4 190 146 204 33 73 20 240 159 109 146 246 237
    221 12 45 226 57 193 224 106 71 60 219 183 158 1 253 251 165 18 174
    215 195 7 249 32 246 191 221 57 44 11 105 177 163 153 93 37 173 185
    56 11 22 21 212 205 8 16 188 153 143 35 28 53 224 240 30 210 171 113
    252 166 238 145 168 146 36 164 132 6 0 243 187 95 45 154 162 63 116
    52 226 67 134 47 96 167 250 158 240 127 58 131 181 254 252 85 45 28
    46 184 8 226 39 225 53 50 138 74 246 215 49 232 24 231 72 22 63 22
    73 16 230 95 146 125 210 134 50 252 180 94 143 123 164 179 20 232 60
    236 116 159 64 243 189 149 209 0 222 197 125 242 160 209 219 222 178
    242 44 56 88 114 243 206 197 152 53 191 134 125 141 106 101 253 118
    78 151 104 210 175 3 46 234 141 61 83 45 0 126 215 150 166 200 24
    104 239 35 176 105 22 157 137 3 232 114 6 186 121 101 54 205 152 16
    137 242 4 240 44 151 203 193 191 36 254 9 253 130 17 123 228 161 74
    242 184 238 248 129 31 198 70 66 4 16 12 61 37 37 235 29 140 143 218
    81 229 243 131 200 117 21 52 9 228 143 145 226 18 135 93 118 146 89
    6 84 93 223 152 170 121 165 183 41 187 151 95 60 241 122 226 250 72
    142 62 86 181 236 120 70 171 50 112 112 3 180 101 44 80 185 91 178
    183 177 252 181 62 187 150 133 45 38 8 87 237 253 178 11 235 3 233
    22 191 83 203 171 118 138 140 17 61 141 170 18 229 153 79 154 246
    105 20 153 251 151 243 216 179 174 128 208 26 191 4 33 151 206 172
    33 249 60 210 99 106 107 185 141 144 146 170 189 36 33 54 122 190
    107 182 116 33 98 15 37 182 54 217 244 75 153 94 123 28 11 222 181
    155 115 126 76 210 151 38 47 233 148 19 219 234 251 105 172 248 139
    150 59 132 188 59 229 218 1 129 140 134 1 178 227 34 165 196 115 179
    107 181 1 38 152 12 147 32 208 86 224 161 29 89 28 17 17 27 174 68
    151 84 11 53 137 94 234 207 155 200 221 240 191 77 1 125 144 100 177
    118 160 212 121 245 62 107 117 122 90 248 91 147 174 147 136 23 8
    164 41 51 24 163 217 78 226 168 23 211 227 90 80 49 246 133 217 18
    131 107 169 82 183 64 182 46 249 227 86 211 87 82 33 91 100 93 126
    202 33 42 8 251 50 246 23 17 229 4 225 232 245 49 157 58 200 88 148
    153 146 155 47 48 162 70 225 152 101 117 181 151 244 187 151 105 155
    13 198 1 84 156 137 144 227 228 56 183 23 211 194 240 132 159 147
    171 189 160 104 213 159 220 35 25 61 78 203 251 169 156 150 230 214
    197 57 122 102 124 8 253 36 137 16 14 230 38 233 134 90 247 99 223
    196 188 136 244 77 83 51 155 33 11 76 238 169 88 229 2 74 125 234 62
    88 104 161 171 219 216 82 74 194 5 109 29 205 232 76 242 204 69 4 52
    41 30 83 103 101 13 113 132 151 175 165 108 239 144 247 79 63 127
    228 120 186 246 46 188 137 219 64 224 186 165 161 76 169 194 163 83
    148 135 147 130 4 226 184 53 82 160 59 150 112 97 154 5 123 20 245
    247 91 79 50 174 162 27 127 226 250 152 112 102 113 223 183 60 244
    222 188 82 187 58 134 190 199 16 53 70 105 210 73 229 147 157 44 69
    115 74 51 2 227 186 44 233 118 81 4 80 223 225 210 9 166 14 15 219
    254 125 161 213 144 249 246 177 18 199 193 47 25 15 143 231 253 205
    227 123 76 207 93 153 131 217 171 96 91 2 202 63 246 178 240 182 72
    157 1 211 48 118 1 4 70 253 48 27 36 95 248 41 87 212 184 20 237 240
    113 251 118 63 10 217 82 192 207 82 44 228 34 42 50 177 187 58 226
    125 5 21 102 175 119 21 107 210 253 45 219 219 111 121 167 142 226
    111 4 150 223 84 100 150 58 255 23 41 92 213 191 115 166 85 126 126
    42 10 39 32 164 88 116 5 77 170 92 4 159 125 183 135 174 62 27 57 39
    25 187 68 11 153 2 58 110 128 164 217 163 111 106 129 119 165 126
    107 15 163 183 170 162 121 41 192 135 145 18 16 168 166 145 33 85
    114 17 118 153 191 93 247 180 201 230 187 105 142 48 138 254 68 5
    167 75 45 102 32 174 59 237 54 91 160 149 66 0 224 131 74 237 47 88
    73 138 186 143 163 229 62 214 215 77 192 167 57 42 72 43 220 133 216
    215 0 239 85 101 119 137 23 211 136 186 161 215 240 242 158 107 77
    94 82 198 27 23 255 206 103 62 220 83 68 164 207 94 193 214 176 158
    115 167 100 195 114 158 223 197 8 42 138 96 100 92 128 11 250 7 248
    16 79 48 115 198 106 235 19 200 15 234 87 228 243 199 168 206 54 125
    37 210 76 115 147 157 203 62 213 248 223 208 95 228 73 151 177 89 33
    130 221 254 64 24 19 243 172 99 5 208 243 23 204 72 219 162 193 219
    37 203 7 250 225 61 18 115 60 227 120 177 76 62 243 41 131 224 100
    85 143 117 174 169 241 194 70 225 224 213 0 64 43 79 82 79 215 96
    122 79 9 78 15 216 7 195 15 149 57 166 70 131 181 182 157 35 70 20
    169 47 83 119 53 47 238 90 224 120 80 48 195 69 126 212 136 16 81
    108 45 46 22 52 161 142 213 250 161 55 161 166 14 109 171 118 148 28
    230 245 134 205 137 115 174 167 74 32 131 241 158 101 108 105 40 230
    156 5 120 146 53 175 111 131 181 224 49 87 35 131 216 213 15 145 86
    151 163 41 138 109 191 254 93 111 45 200 105 214 194 218 156 143 123
    34 99 218 227 108 189 13 40 38 37 82 251 221 95 196 176 16 4 215 123
    53 90 82 40 213 250 59 111 147 238 220 195 135 208 238 160 137 224
    31 123 101 243 217 184 241 238 227 182 90 113 222 66 215 83 6 105
    210 119 108 183 156 6 25 111 211 20 203 118 201 41 165 32 246 130 69
    153 93 85 142 136 231 150 22 15 148 236 129 194 93 24 158 126 10 241
    25 233 226 201 120 159 230 33 115 113 251 196 217 182 222 98 119 107
    212 243 215 115 4 198 28 211 83 43 5 107 211 239 25 12 228 120 118
    85 77 4 57 211 86 224 182 70 70 142 227 205 108 76 181 34 179 44 222
    173 18 50 172 63 242 50 31 127 248 39 56 63 230 42 244 192 251 172 8
    146 25 35 29 132 47 154 121 214 30 35 14 97 112 225 126 198 108 216
    208 42 161 72 234 18 233 4 97 88 111 241 94 248 40 58 24 179 231 54
    33 94 157 74 12 126 233 28 64 125 44 90 65 255 245 168 181 136 194
    219 64 123 218 112 212 110 13 16 28 233 253 229 249 235 133 186 3
    111 202 60 214 106 115 151 61 23 112 98 224 206 61 148 238 170 255
    249 68 76 105 211 225 218 196 145 96 234 182 116 161 19 195 134 130
    32 3 242 60 228 93 28 60 18 97 160 135 229 29 134 223 235 172 172 79
    159 231 51 242 11 139 253 221 73 240 63 131 212 51 167 139 146 114 5
    190 22 126 223 176 180 194 43 102 155 132 209 223 248 207 175 241 76
    107 93 181 53 190 54 40 44 85 156 148 3 85 222 255 151 185 104 93
    245 97 36 18 70 39 45 149 154 87 197 213 226 167 36 250 245 15 69 2
    1 209 186 3 96 4 146 205 163 50 163 150 17 94 106 36 41 165 202 190
    254 93 48 82 154 115 194 212 197 70 230 116 217 0 41 175 238 249 176
    145 249 228 253 220 195 193 5 240 105 168 113 7 22 49 41 81 220 95
    57 133 174 210 39 106 82 22 10 118 43 114 37 216 115 22 169 31 238
    36 48 96 232 31 111 37 230 107 12 103 185 20 29 86 173 230 154 81 78
    104 86 199 52 129 10 190 117 56 121 105 216 174 165 244 196 232 133
    78 117 248 183 239 101 30 53 75 167 210 36 182 35 228 237 66 247 55
    194 89 24 188 234 235 172 0 219 222 248 90 234 20 116 204 120 237
    108 14 157 194 225 38 146 105 180 221 213 234 129 254 194 54 76 40
    130 9 178 108 121 116 179 134 205 186 59 244 29 198 164 182 72 74 6
    161 242 151 205 113 66 124 126 100 102 185 151 201 93 26 45 94 145
    228 84 119 189 3 183 144 221 5 211 228 71 210 58 161 233 193 251 112
    169 149 130 210 30 17 33 179 187 229 109 219 83 173 219 112 187 169
    209 64 240 179 73 247 121 0 98 48 217 112 150 15 198 62 214 245 27
    159 124 198 178 19 111 48 140 122 60 226 159 134 44 49 86 90 80 40
    194 24 236 96 118 208 161 69 49 126 246 70 159 224 2 226 146 159 235
    132 115 113 2 224 124 19 42 134 3 140 235 71 65 156 47 197 247 59 6
    207 5 207 110 72 234 81 95 65 252 248 57 137 242 180 245 108 3 203
    50 195 7 25 228 139 245 56 153 90 18 148 245 174 163 156 35 6 239 96
    189 32 56 59 167 236 92 137 246 220 171 139 224 203 231 32 35 170
    118 160 165 225 243 14 140 79 255 224 221 53 176 199 145 156 72 37
    119 86 181 74 158 248 245 190 118 251 20 28 222 5 72 33 78 92 242
    195 84 200 161 200 38 157 121 209 252 60 110 117 13 132 9 37 38 14
    131 169 20 163 219 188 81 9 242 118 67 57 33 185 57 18 70 135 127
    199 85 201 49 72 238 172 45 184 133 230 60 64 55 74 219 84 78 18 24
    232 188 83 128 195 202 194 185 223 57 115 224 240 50 229 77 161 0 94
    144 45 156 18 105 90 80 49 224 10 253 9 48 26 9 28 140 49 251 152
    236 213 156 10 56 216 71 234 32 170 126 111 7 161 204 23 100 79 27
    229 119 230 116 3 234 52 37 53 131 169 218 47 24 124 222 64 122 206
    253 138 212 214 176 211 137 170 240 108 226 94 88 208 104 85 167 73
    239 75 7 191 56 27 228 199 114 22 118 177 74 111 47 81 90 77 48 67
    105 225 172 213 234 214 234 165 183 69 19 175 84 19 164 91 75 66 84
    211 124 59 64 40 143 58 245 249 151 199 114 177 173 165 55 170 2 129
    228 52 32 222 94 195 236 130 197 46 85 168 224 202 218 93 37 192 92
    215 34 2 12 196 156 104 128 148 246 150 248 17 1 50 162 220 105 156
    88 175 208 120 189 41 75 106 88 204 190 10 126 37 53 37 254 175 0 86
    183 204 172 35 21 186 89 52 119 159 58 4 64 34 2 143 11 237 45 219
    117 253 216 218 77 232 211 2 157 63 72 166 107 47 205 49 234 100 238
    63 215 137 55 102 143 77 97 234 84 113 27 202 9 53 218 168 21 46 60
    132 57 30 20 195 214 67 187 142 15 51 98 189 155 140 174 2 244 116
    252 20 189 175 188 157 237 183 49 141 246 174 90 50 166 23 169 240
    198 111 110 157 92 85 163 22 246 224 177 198 65 193 111 79 29 52 198
    153 149 46 16 224 146 134 110 102 127 223 144 37 40 71 172 233 66
    229 132 39 79 59 176 45 45 101 149 54 66 100 87 146 121 174 91 84
    249 128 189 117 242 8 92 41 149 171 200 74 35 185 247 63 231 174 103
    12 22 252 144 165 156 222 151 238 8 121 246 149 165 5 197 156 94 238
    231 29 71 88 101 45 87 254 145 149 107 255 125 88 93 210 17 67 80 39
    191 181 63 88 101 115 230 253 212 34 15 157 2 118 113 229 78 239 220
    105 14 61 221 229 179 10 91 134 131 225 165 93 222 238 54 184 48 17
    247 163 16 16 191 96 131 194 156 189 32 78 102 43 158 60 244 51 211
    82 243 159 43 77 215 84 173 247 240 211 82 40 10 85 111 51 177 105
    204 212 151 42 75 9 235 197 235 255 136 186 151 146 19 167 179 6 128
    40 117 208 168 199 60 113 70 225 18 154 235 201 227 255 170 52 57 4
    78 212 147 231 199 235 42 10 106 183 100 173 12 65 207 149 4 175 88
    74 34 65 103 182 118 3 175 77 175 245 23 146 80 13 88 66 140 215 241
    248 179 73 151 43 161 6 222 177 200 223 32 147 175 54 134 244 162 22
    33 0 239 24 8 60 117 124 230 36 241 208 35 198 250 199 74 158 165 63
    235 64 209 238 231 157 212 31 205 88 205 2 158 153 173 22 209 185
    201 229 121 223 41 69 71 215 169 250 83 142 109 126 144 65 209 175
    96 175 144 231 199 57 151 210 220 182 198 149 65 221 212 158 136 94
    29 130 124 211 49 14 253 225 107 124 131 115 162 87 186 125 232 12
    13 234 116 223 131 151 203 46 19 43 121 153 186 216 113 9 48 199 219
    127 128 248 149 138 131 198 113 12 96 3 215 196 223 142 101 183 11
    218 249 95 200 144 161 97 169 206 150 9 100 30 19 164 238 83 104 49
    235 118 53 29 71 211 209 236 110 188 178 71 58 206 145 192 136 99 63
    30 122 105 44 171 125 50 225 30 55 184 18 118 109 69 115 149 0 60
    172 138 113 4 219 90 147 15 142 85 24 32 218 220 21 87 205 115 8 132
    7 139 2 217 157 4 159 244 101 23 18 26 48 151 210 138 20 115 201 170
    198 156 233 203 221 34 24 89 227 160 140 66 13 131 248 209 184 219
    30 103 136 121 17 20 168 196 37 151 92 140 84 187 223 18 203 64 247
    67 196 114 249 241 144 162 68 75 206 154 161 231 138 214 220 124 189
    167 43 164 223 126 42 36 119 34 205 184 1 125 178 114 103 192 195
    239 107 168 159 161 128 245 51 17 250 198 50 203 9 12 35 203 55 116
    72 240 5 15 75 14 146 52 250 8 66 196 228 137 141 204 199 31 71 71
    83 246 101 170 27 69 201 97 178 27 120 118 67 28 8 179 214 179 157
    112 255 247 250 161 142 245 170 222 56 189 168 106 73 204 120 20 243
    21 29 233 10 236 70 61 255 251 144 122 201 85 74 34 18 226 101 97 94
    75 22 104 110 28 153 170 16 5 251 211 216 243 33 191 32 184 87 168
    198 200 217 136 210 18 31 109 62 207 224 221 132 49 0 21 22 180 204
    203 0 238 106 213 173 16 216 7 52 252 106 94 101 55 29 136 31 62 250
    114 185 107 107 25 121 164 224 178 90 147 206 166 85 121 169 135 112
    8 55 172 27 105 135 25 102 128 148 9 2 246 79 79 183 157 10 137 212
    7 90 218 178 129 155 42 43 47 198 251 19 171 225 230 156 92 204 191
    174 186 19 80 2 12 198 252 194 46 134 168 189 75 47 17 114 236 214
    229 162 135 114 157 50 16 172 160 114 231 247 213 165 152 12 59 114
    232 157 101 70 253 95 230 22 25 118 165 247 132 32 126 7 23 237 33
    226 86 50 240 155 223 20 76 137 234 90 35 139 51 190 67 176 152 218
    172 210 14 151 158 201 90 238 89 189 225 171 89 200 20 187 245 124
    222 132 38 21 185 8 178 244 154 111 93 218 241 248 253 61 1 130 64
    50 176 217 39 27 34 128 200 187 134 123 21 114 90 96 174 175 154 160
    217 160 60 65 222 209 182 103 167 239 49 181 242 186 76 138 1 33 142
    52 136 64 172 161 152 208 29 194 99 212 3 79 97 135 226 121 13 19
    178 242 142 102 183 22 184 133 29 136 118 172 44 250 18 172 120 81
    142 231 72 148 117 8 88 215 50 235 75 113 31 32 12 235 146 215 99 60
    189 211 31 89 39 9 51 56 245 86 142 77 189 127 250 7 168 44 231 1 11
    92 97 62 81 69 243 102 108 203 187 220 16 223 105 82 77 123 98 100
    10 144 101 65 233 192 121 88 239 56 29 251 104 129 197 252 142 194
    220 204 78 111 236 197 27 25 34 229 163 121 157 56 186 141 127 209
    194 9 119 202 80 216 81 19 52 214 222 231 51 140 18 101 11 124 87
    232 234 23 27 121 185 180 50 169 234 213 213 94 39 221 188 94 17 91
    118 77 9 141 228 8 171 211 204 115 254 1 144 131 46 103 50 210 16
    231 196 39 78 22 209 219 187 161 141 165 104 157 65 7 165 144 145
    197 227 209 67 122 63 235 67 79 200 134 177 191 22 8 36 92 71 68 214
    143 31 216 152 105 187 157 168 254 35 177 0 135 47 219 22 1 215 213
    34 221 199 232 5 5 14 141 169 98 115 228 124 183 8 20 51 119 88 76
    164 200 135 2 48 221 73 38 164 94 176 0 172 39 250 138 18 24 28 143
    118 166 154 87 53 201 58 12 72 221 25 103 238 118 41 72 234 68 41 19
    122 56 211 160 24 28 178 31 217 209 174 227 201 129 30 123 63 136
    162 32 85 185 238 39 239 164 143 244 18 5 239 95 114 222 225 202 77
    20 238 208 147 157 214 150 212 95 25 221 26 252 125 250 161 58 55
    146 109 159 91 106 55 22 216 247 73 59 180 101 111 63 69 235 120 47
    45 127 51 153 204 67 77 248 28 92 0 120 217 193 78 143 57 141 207
    110 215 86 183 27 40 10 28 14 136 86 190 191 130 161 12 50 237 114
    225 63 49 197 27 191 113 223 88 113 54 166 2 250 74 137 149 111 72
    115 149 155 200 214 87 106 118 9 149 81 112 109 164 221 199 42 107
    252 0 204 161 115 120 73 252 62 222 165 237 202 76 84 35 243 164 38
    119 76 212 91 187 94 159 238 38 107 237 196 202 90 117 151 78 108 94
    19 122 149 163 15 107 73 0 235 74 151 230 18 0 254 155 184 159 252
    165 29 21 47 83 63 222 25 96 175 64 32 204 174 14 136 66 94 166 193
    41 30 33 141 198 38 213 49 180 28 231 67 84 143 191 167 59 201 109
    137 49 201 75 35 11 49 23 48 164 83 206 180 58 16 102 126 4 182 221
    69 229 211 154 157 221 234 24 73 251 166 4 251 189 211 104 33 103 5
    232 254 222 221 229 235 158 103 153 188 240 61 179 37 121 138 231 62
    109 45 238 111 184 206 177 125 28 174 181 55 189 0 53 226 80 234 227
    209 101 114 143 91 58 74 59 215 207 246 20 35 218 107 235 143 88 131
    146 134 136 220 187 8 172 118 150 133 248 77 145 68 92 202 102 208
    105 57 103 19 15 7 42 80 29 225 224 185 83 146 182 5 147 176 100 242
    162 6 239 73 240 119 210 207 58 92 92 206 166 97 19 115 101 148 123
    157 213 31 169 189 106 83 12 150 249 12 190 143 158 228 56 23 31 188
    231 198 171 51 243 204 230 227 113 46 46 50 237 135 146 148 7 32 70
    180 125 178 235 98 233 225 206 182 73 193 181 213 86 118 21 157 3
    223 0 174 207 142 87 132 169 142 82 93 178 132 81 230 147 26 205 247
    116 226 206 208 158 193 127 52 63 201 59 245 199 252 146 116 81 120
    70 80 81 72 66 232 30 75 85 70 101 65 253 40 235 167 61 190 182 237
    236 104 141 128 115 65 177 13 172 217 49 21 11 32 187 89 196 11 246
    125 118 192 104 46 74 178 180 121 18 141 56 95 249 167 54 52 37 55
    181 23 210 86 36 158 100 6 170 31 35 72 19 9 167 231 247 150 169 142
    42 151 109 119 209 194 106 121 199 43 193 228 191 39 48 167 213 239
    1 184 81 1 6 253 73 208 28 178 126 213 255 8 179 20 72 144 65 25 153
    11 38 173 167 99 29 165 27 52 176 198 180 212 202 129 189 207 37 251
    145 213 47 36 97 59 175 227 116 33 197 96 67 76 249 123 250 209 142
    74 245 21 134 121 250 107 82 161 12 226 87 101 196 66 61 207 121 162
    184 121 168 204 200 36 125 247 93 170 202 163 207 33 174 186 94 66
    166 26 128 219 81 112 133 188 108 41 111 232 204 84 192 153 96 113
    231 193 182 241 154 143 234 11 89 15 253 157 237 50 71 19 134 233 0
    3 141 176 3 211 30 13 8 185 191 239 100 110 188 215 22 20 38 63 163
    64 223 67 161 21 17 10 27 48 120 140 27 93 180 255 147 74 233 86 64
    205 22 87 200 73 75 15 244 224 36 243 115 222 79 141 142 23 58 122
    95 50 91 34 29 63 242 127 170 136 82 111 229 111 251 17 184 114 102
    189 107 171 21 145 204 55 34 155 126 252 206 50 106 38 44 209 86 151
    239 147 92 187 226 199 101 161 104 72 148 128 48 156 229 139 65 38
    222 174 121 180 32 167 27 89 107 120 152 252 92 239 67 117 126 45
    206 214 227 89 94 211 199 55 156 149 216 223 156 144 204 167 237 55
    95 57 156 142 99 14 231 88 16 128 62 208 209 9 29 168 43 81 77 120
    96 142 3 222 243 95 123 138 47 35 4 251 185 91 159 30 113 73 163 144
    86 135 72 116 165 138 151 193 99 71 231 145 94 208 187 88 49 171 136
    253 81 141 165 176 185 4 232 32 54 216 182 15 132 62 244 247 175 130
    112 117 110 201 113 186 5 123 75 221 118 34 141 168 249 228 120 203
    13 178 254 231 203 122 80 189 217 122 142 69 123 142 14 252 201 97
    99 245 249 15 150 193 217 243 69 172 198 191 40 190 211 123 137 216
    158 254 148 57 188 217 37 105 243 205 200 171 106 184 64 218 135 66
    131 70 74 139 184 126 236 172 169 140 152 44 118 197 161 185 171 43
    247 226 152 131 162 142 224 144 188 233 104 9 213 62 62 34 54 202 69
    64 139 143 107 180 92 226 62 222 235 74 151 131 236 192 58 149 240
    242 149 38 118 43 148 88 201 37 13 234 175 173 124 148 57 38 17 45
    157 21 120 148 209 84 99 210 23 59 22 137 231 133 101 146 198 10 136
    59 19 151 43 244 176 199 135 52 107 140 157 32 94 104 186 156 23 33
    103 20 131 147 119 178 114 97 189 127 211 235 50 82 171 230 251 211
    119 210 213 109 28 194 151 219 24 191 100 147 72 34 175 211 192 70
    191 189 180 22 91 152 13 199 162 219 220 196 70 175 116 215 4 158
    119 59 6 27 178 40 194 250 140 39 85 111 175 221 60 150 45 101 34
    234 157 132 59 130 49 48 74 184 106 188 225 181 97 218 121 39 60 194
    116 16 41 156 184 222 221 35 166 77 130 218 184 11 192 251 2 243 52
    16 23 165 169 205 157 166 216 155 96 125 247 190 196 125 231 156 230
    191 24 51 126 140 238 50 175 215 52 18 89 206 237 242 119 45 165 133
    13 82 228 124 232 86 114 119 14 57 71 126 22 252 30 136 131 158 144
    32 157 146 47 161 225 154 197 253 226 14 74 6 173 62 90 114 214 166
    111 104 134 3 111 15 189 250 242 155 22 64 239 233 227 2 197 85 85
    152 134 10 201 233 65 158 158 219 167 246 24 184 213 65 109 40 162
    181 170 18 162 152 250 136 132 155 200 212 174 205 74 142 36 89 159
    120 30 26 138 175 104 219 216 53 67 10 35 96 94 185 10 241 109 87
    118 155 185 163 255 219 48 19 149 141 129 111 100 60 23 183 21 37 0
    76 224 105 15 48 29 184 94 46 22 61 164 6 120 34 107 75 218 128 124
    34 115 204 121 173 76 156 144 186 29 113 4 245 79 235 247 236 140
    182 184 127 29 30 14 222 216 244 47 31 254 192 11 28 252 241 215 80
    140 60 58 115 79 184 137 218 166 178 213 30 121 179 52 115 80 117 36
    98 135 25 50 189 220 210 56 51 217 177 94 181 140 152 140 226 58 190
    208 18 75 40 174 81 221 116 22 47 32 248 169 175 52 123 33 213 48 19
    24 162 236 132 217 171 113 234 41 200 50 33 193 215 210 204 201 122
    92 186 253 126 46 193 176 136 231 147 19 71 140 47 92 11 17 144 93
    176 206 81 145 9 222 42 8 239 98 172 206 36 215 186 165 160 127 197
    84 196 229 39 185 177 22 218 102 243 212 102 28 240 7 232 19 247 197
    188 17 36 246 4 197 128 205 112 110 101 107 110 7 97 229 109 34 225
    71 19 74 93 206 78 35 171 11 154 3 166 171 217 95 23 6 58 253 212
    187 58 121 109 59 169 1 147 99 249 47 154 23 9 60 105 243 230 9 110
    201 53 140 196 151 171 114 69 140 151 151 79 201 87 83 234 194 184
    217 1 201 255 236 143 34 25 111 242 31 92 254 25 177 61 72 0 208 180
    113 178 198 141 211 240 233 113 219 152 173 32 127 127 64 157 103 91
    196 157 62 210 218 247 83 121 25 180 167 48 176 22 1 193 112 117 79
    58 74 190 61 35 198 118 193 253 231 191 99 231 221 19 7 149 155 42
    186 106 178 92 104 94 85 59 57 179 83 170 165 111 36 146 143 109 95
    195 63 16 1 149 170 209 72 0 74 219 64 5 9 204 210 240 199 148 114
    224 121 155 131 98 227 112 177 18 252 20 251 104 26 204 16 143 191
    65 201 229 170 32 6 143 194 225 136 141 16 49 22 128 197 192 6 178
    61 237 127 85 170 122 99 246 6 162 17 75 222 6 192 94 4 202 149 255
    184 236 214 219 161 203 16 45 142 219 52 43 98 235 157 228 62 255 53
    7 194 137 196 231 236 127 175 236 179 11 39 25 173 76 158 67 111 243
    204 106 187 135 8 32 227 155 104 131 217 17 76 250 18 126 180 77 140
    141 243 62 21 195 14 102 60 69 59 73 114 122 210 84 113 107 164 142
    165 204 8 99 45 103 105 4 125 122 32 75 123 83 173 191 133 228 44
    128 224 186 186 44 196 38 251 110 243 71 105 11 202 144 91 177 234
    150 88 179 141 1 101 195 228 208 40 89 220 143 246 73 127 80 221 26
    158 109 192 193 2 111 215 31 149 127 184 139 178 48 23 171 1 17 8
    154 28 225 11 240 36 147 198 19 70 157 75 143 204 122 45 110 95 107
    108 71 125 69 250 150 54 197 171 37 109 107 171 80 39 20 152 157 252
    231 142 3 195 220 33 55 230 90 34 127 130 243 142 164 198 139 7 14
    122 66 166 76 117 143 212 227 137 228 230 9 199 60 11 128 210 117
    132 31 98 103 149 95 194 15 127 2 122 10 125 105 68 76 97 64 99 135
    82 47 154 197 95 59 202 240 241 89 219 0 219 62 40 96 0 219 154 242
    254 89 252 158 11 212 108 237 56 94 33 205 61 141 193 64 59 57 28 2
    209 150 140 123 94 148 75 201 43 239 68 34 227 7 247 69 201 91 203
    61 90 243 191 160 98 157 173 209 0 205 164 155 79 29 11 14 116 226
    35 46 24 243 35 214 254 246 15 132 28 185 77 253 99 57 147 33 81 138
    240 59 251 169 96 255 46 146 103 146 13 96 138 70 64 93 184 13 229
    232 106 12 246 167 230 9 87 86 139 71 180 234 215 62 164 121 223 91
    57 231 17 15 155 80 60 251 73 42 73 48 250 132 205 65 107 181 204 36
    9 219 75 39 183 117 145 161 53 149 88 246 104 62 225 141 182 119 105
    176 227 100 201 252 10 148 208 40 124 87 253 84 97 137 210 25 196 88
    163 134 139 157 251 62 181 124 133 179 250 54 15 232 224 151 118 88
    136 193 133 146 218 241 81 41 154 155 118 144 118 63 198 37 109 200
    105 158 35 99 24 40 217 27 133 230 7 143 64 180 48 82 24 220 14 242
    86 105 77 237 224 179 166 91 167 102 80 54 67 199 207 154 220 7 85
    140 167 0 160 2 91 186 174 115 148 31 213 29 17 97 35 43 63 55 8 214
    227 121 5 84 54 128 195 28 11 0 252 232 223 196 117 84 231 189 138
    52 103 192 155 138 118 195 201 249 243 120 235 184 34 1 255 102 253
    23 22 142 149 80 71 123 119 90 102 27 245 41 208 169 255 82 56 232
    135 143 184 243 96 224 31 224 128 7 251 56 235 42 139 255 68 217 30
    60 88 224 195 150 196 144 93 83 133 137 18 131 183 22 122 74 164 17
    177 125 69 211 81 226 252 151 195 203 52 178 229 251 59 1 71 171 235
    192 9 144 28 156 232 45 28 10 6 214 84 238 141 123 92 163 236 140 52
    12 223 207 10 185 226 73 134 164 115 147 223 45 196 15 153 145 68 92
    203 206 236 58 140 218 166 198 223 172 160 234 87 209 164 160 46 146
    83 179 78 241 228 119 154 243 89 216 129 139 225 211 221 11 78 158
    65 227 124 46 124 209 68 155 183 161 75 136 23 51 24 61 231 231 135
    29 28 246 20 203 158 105 133 215 80 209 222 213 167 184 84 89 223
    154 53 73 1 123 125 18 150 63 181 195 13 161 131 196 108 92 103 140
    168 140 235 145 218 91 54 174 217 180 174 170 164 11 174 157 161 98
    44 218 102 195 102 134 220 24 63 183 44 225 140 79 57 79 27 82 207
    79 223 200 81 244 37 176 37 240 175 233 157 18 169 198 122 190 12
    180 67 153 211 198 239 210 158 230 205 225 101 159 168 15 99 169 12
    191 214 33 140 2 123 166 124 167 14 116 253 225 75 44 164 153 41 57
    37 231 90 44 163 202 121 212 209 254 62 87 164 95 122 192 132 201
    186 149 99 32 92 71 251 146 174 219 117 185 160 176 232 0 210 222
    156 48 237 142 219 214 134 61 80 64 217 30 65 79 181 199 61 85 164
    129 10 3 14 113 144 72 230 194 193 22 32 116 232 222 139 64 238 67
    94 168 161 44 29 142 110 3 74 108 177 31 25 204 88 51 206 93 72 233
    123 16 151 240 188 19 195 233 144 99 210 118 48 112 215 227 18 46
    214 197 140 225 141 49 89 108 16 175 16 94 127 66 91 30 13 42 192 58
    33 152 103 170 11 105 248 88 57 232 70 177 138 202 224 12 100 221
    249 162 107 70 121 102 49 138 87 129 159 52 74 197 170 95 205 223 52
    55 43 36 213 162 219 238 109 141 10 210 117 151 141 150 111 100 147
    12 39 75 232 78 245 234 237 60 17 127 247 217 102 27 19 50 80 63 207
    185 190 81 211 172 164 114 206 90 118 104 89 32 155 49 252 51 197
    128 140 11 237 101 45 132 12 155 182 112 132 103 56 77 231 229 4 155
    15 19 212 153 123 172 171 212 248 214 216 225 77 69 221 162 255 119
    102 111 143 251 23 40 38 250 111 179 152 160 87 214 62 246 239 181
    124 142 181 96 213 7 35 222 114 129 152 220 153 20 123 186 64 85 87
    1 228 124 246 130 129 252 85 13 90 246 191 96 115 7 217 224 208 174
    122 81 189 47 159 255 114 250 51 178 196 95 209 25 3 4 65 24 104 138
    221 20 85 157 74 100 254 204 232 233 127 89 33 14 85 13 254 99 178
    50 179 212 18 176 95 230 51 26 132 147 60 124 61 147 78 142 66 201
    126 190 155 189 5 122 236 86 107 134 133 111 54 61 210 14 85 61 81
    174 23 155 46 184 190 208 126 83 100 98 10 111 163 10 8 194 50 1 56
    162 77 55 28 118 181 91 190 87 72 40 250 102 114 141 39 194 224 114
    40 132 159 128 103 207 148 107 17 80 24 15 212 127 107 146 171 68
    113 46 157 52 12 186 127 255 126 52 233 251 110 198 45 249 255 148
    224 200 219 121 199 86 225 192 154 111 128 70 40 248 28 206 143 10
    79 87 219 207 59 227 3 0 71 165 27 94 222 174 123 210 254 195 88 129
    49 209 224 120 171 35 43 26 109 62 199 152 141 220 31 19 31 253 98
    132 28 122 237 216 225 69 196 252 114 130 107 195 61 232 207 180 208
    50 114 115 57 154 162 92 56 72 248 27 114 239 60 123 86 227 39 217
    254 174 36 162 251 120 49 120 22 122 184 94 188 246 98 218 168 129
    102 1 110 250 66 46 172 248 227 231 179 145 66 55 181 45 221 10 251
    243 113 194 183 141 27 231 197 215 120 147 44 135 192 79 138 224 160
    4 147 101 106 164 165 207 25 253 162 179 89 111 193 86 70 36 183 126
    197 91 137 215 237 143 54 114 89 181 31 100 133 163 6 116 106 84 81
    144 18 115 107 253 83 250 18 193 51 183 183 217 220 17 205 197 130
    168 46 96 95 126 202 244 165 176 109 93 103 124 148 79 74 22 219 71
    188 9 143 1 167 29 76 43 194 177 12 54 201 108 247 221 22 169 156 12
    2 196 42 215 80 81 49 42 198 209 181 11 248 252 221 93 46 211 226 15
    206 84 223 57 152 165 158 30 113 238 194 196 184 72 83 85 69 142 117
    110 166 12 85 244 248 235 45 199 101 3 3 201 230 254 110 115 200 151
    111 188 184 97 54 14 151 188 236 152 114 246 30 69 146 234 220 86
    207 187 76 64 76 232 204 67 171 184 228 236 95 162 45 16 139 79 172
    42 56 19 99 152 40 230 118 104 132 43 68 7 204 203 70 160 182 176
    211 113 247 141 209 183 248 82 64 222 230 170 225 235 44 247 6 50 18
    177 108 254 56 3 170 44 231 18 99 127 67 212 86 228 151 184 126 31
    60 66 235 206 137 89 28 155 118 158 25 143 85 177 187 100 127 12 152
    11 234 94 181 189 38 94 158 163 117 12 233 85 13 170 96 130 42 181
    11 62 155 62 72 183 113 23 88 229 191 251 11 245 147 210 57 15 96 91
    126 28 222 122 169 133 79 29 102 43 136 249 96 111 160 2 127 52 248
    135 164 239 60 171 163 229 67 158 195 111 159 129 4 189 232 186 207
    122 222 47 200 151 95 94 14 167 17 240 158 233 64 60 58 197 143 235
    222 239 150 192 63 211 183 224 124 133 34 157 170 227 101 80 62 252
    59 218 38 113 28 42 9 67 216 32 66 20 108 74 114 243 37 192 119 185
    217 207 41 155 215 247 67 77 18 192 223 41 107 112 95 41 131 229 35
    1 132 83 132 120 197 93 14 80 202 224 43 15 61 163 252 222 208 58
    184 187 179 176 92 101 238 19 10 104 128 181 246 207 9 29 55 151 89
    27 67 223 171 81 188 49 16 156 133 94 84 8 189 116 234 165 239 113
    228 0 80 22 177 147 16 86 25 63 245 171 109 128 151 161 67 84 40 192
    212 250 88 91 45 110 252 206 252 133 31 194 198 122 199 167 100 248
    61 117 216 41 201 46 173 58 227 156 230 167 130 54 113 122 197 97 79
    141 187 254 31 150 57 40 207 157 243 199 64 246 125 138 175 225 203
    122 248 206 154 60 0 232 49 226 11 10 112 117 248 255 79 230 108 133
    6 159 250 128 196 16 38 105 73 45 71 81 36 233 56 246 60 27 15 47
    118 93 167 112 235 145 90 157 125 155 10 42 104 29 229 178 145 13
    175 188 190 218 62 141 164 82 198 110 109 131 8 197 250 214 102 88
    104 28 190 15 213 215 186 53 183 222 114 223 0 199 192 113 120 97 43
    208 235 33 58 147 208 197 21 6 64 239 77 101 216 177 55 255 148 15
    88 232 130 253 95 78 187 3 22 99 214 219 82 193 185 52 0 98 96 189
    100 213 202 252 211 68 178 107 174 95 164 114 2 100 173 143 146 77
    28 166 215 9 92 129 198 19 100 250 246 136 185 166 67 110 143 58 118
    60 104 109 97 113 71 255 86 2 154 226 137 196 161 67 47 246 198 36
    53 64 32 192 192 218 203 66 247 155 29 1 147 162 7 105 141 40 109
    121 131 131 126 237 61 156 201 238 204 14 156 188 82 231 147 227 233
    160 79 42 163 5 93 160 55 223 244 176 138 207 237 109 90 130 27 177
    159 126 59 61 199 239 41 67 197 30 183 220 72 164 169 27 19 79 232
    178 87 160 39 204 98 65 116 183 228 99 234 236 212 30 203 12 100 234
    196 232 181 196 89 217 165 19 215 214 47 91 95 17 234 73 227 86 170
    14 229 59 203 3 182 139 173 97 157 169 70 163 249 165 181 232 152
    168 227 4 117 245 40 218 208 150 14 33 100 6 162 95 99 61 119 247
    237 82 127 39 207 173 86 184 9 247 215 44 96 190 240 122 144 225 34
    236 219 40 63 48 2 140 37 106 222 95 227 61 156 64 133 103 221 113
    152 213 16 162 194 205 20 22 87 127 72 24 100 61 230 175 128 80 228
    251 46 62 31 156 107 196 217 255 129 249 48 203 228 241 63 55 71 96
    48 15 56 216 43 252 60 186 214 82 39 100 181 47 213 133 190 192 112
    34 225 170 122 243 148 113 164 25 180 202 223 215 115 46 75 85 115
    137 137 15 254 202 137 89 239 61 117 220 136 128 44 16 116 199 177
    14 66 196 78 216 59 13 119 51 127 50 11 72 253 40 32 204 109 32 59
    221 217 29 158 218 7 36 167 22 174 107 46 255 152 5 62 17 102 39 114
    64 87 86 132 60 151 143 118 80 133 48 1 215 154 27 145 242 125 5 188
    98 45 48 115 238 139 224 242 174 178 39 194 147 239 253 99 185 188 4
    53 126 172 168 241 108 46 183 97 82 209 6 159 15 138 38 43 145 44
    204 178 150 213 188 138 115 106 69 255 140 234 182 241 110 193 215
    125 11 37 178 110 153 223 5 119 135 227 177 149 96 65 148 221 219 18
    220 164 24 234 166 46 37 113 210 218 89 250 81 203 135 62 29 77 162
    104 181 66 239 40 50 189 38 72 75 165 173 243 168 218 32 71 178 16
    124 247 97 237 20 118 61 64 122 7 46 156 34 235 1 44 82 152 210 218
    124 106 252 19 227 78 192 141 224 87 67 77 86 116 50 57 244 43 12
    251 198 29 252 235 110 175 136 206 123 15 23 142 75 185 111 55 147
    195 67 42 48 114 54 154 93 34 21 215 79 60 139 181 201 162 197 31
    199 236 46 35 103 136 46 177 143 84 8 102 185 141 8 56 171 105 156
    250 193 106 100 38 90 98 185 133 128 110 167 115 162 132 114 247 82
    170 200 247 154 146 214 145 66 7 65 225 211 200 2 57 108 54 33 252
    130 180 52 237 131 237 89 246 185 186 159 167 193 243 221 107 150
    102 250 162 89 189 247 216 72 203 23 185 34 176 96 220 184 232 190
    251 222 122 112 4 127 237 169 236 99 116 10 116 81 12 71 5 98 170
    255 158 73 176 28 248 86 41 113 125 47 25 43 22 67 216 161 188 50
    153 240 42 67 208 221 146 217 193 84 214 162 188 24 161 229 49 159 7
    25 92 22 152 112 95 8 128 239 91 71 205 98 212 79 65 222 38 110 103
    85 224 76 131 24 244 248 204 249 204 89 25 194 57 209 39 14 141 213
    182 100 120 242 38 215 133 239 123 196 232 202 213 52 157 91 114 43
    193 124 196 194 61 13 140 109 241 173 120 135 22 203 132 166 121 228
    129 169 145 151 174 237 138 204 125 54 36 88 117 179 152 185 94 41
    161 36 231 217 102 179 238 9 167 83 27 124 231 140 37 210 204 9 39
    168 2 175 76 127 59 16 58 69 247 65 130 202 113 124 131 15 184 227
    113 80 26 69 214 136 196 0 128 180 68 72 57 34 187 208 243 212 166
    111 115 66 20 123 10 85 15 211 93 74 76 65 113 251 74 63 126 152 75
    16 114 254 78 179 22 75 87 171 41 93 189 235 28 124 170 187 37 126
    37 210 60 220 85 78 19 41 18 98 136 134 59 170 131 185 235 229 243
    184 67 88 43 124 237 109 170 240 119 174 230 108 48 135 36 151 202
    71 31 54 81 187 66 35 89 88 118 244 0 63 226 104 73 163 66 5 36 193
    107 70 6 83 220 216 25 99 122 47 134 172 140 156 185 224 58 247 138
    92 138 138 58 60 229 80 144 31 221 87 174 5 186 132 200 122 124 106
    113 54 69 196 48 200 211 179 148 7 212 110 103 56 4 63 108 225 203
    44 71 67 211 238 167 175 46 137 21 61 113 83 140 179 61 242 202 131
    54 115 186 4 182 158 237 115 111 96 8 207 105 151 90 7 174 229 177
    21 158 215 184 193 216 59 134 65 192 230 101 46 220 134 1 65 41 141
    88 158 197 241 44 34 127 158 72 168 117 78 134 210 22 84 145 115 93
    7 194 132 145 167 97 144 232 116 9 157 72 163 174 219 37 68 247 164
    151 139 37 131 150 59 148 230 16 46 236 205 8 174 146 22 186 173 175
    246 176 102 181 153 215 87 83 220 252 93 48 81 176 106 231 246 60 48
    87 51 43 104 64 167 186 223 42 237 187 121 39 185 88 84 159 130 182
    105 11 109 144 52 200 126 7 204 83 57 131 4 215 29 146 53 249 140
    136 61 81 157 19 83 36 253 52 63 198 97 98 114 117 95 172 160 192
    154 92 52 142 16 133 140 130 60 82 200 57 86 222 252 148 173 79 14
    219 3 223 107 219 146 249 157 231 46 10 100 211 13 147 196 227 197 6
    188 127 165 70 80 19 178 88 237 130 158 217 26 61 40 243 12 226 160
    27 163 168 114 120 162 81 153 142 130 188 57 88 15 121 109 164 139
    78 86 106 66 150 102 35 12 85 121 95 249 27 233 86 233 144 200 1 49
    28 126 87 88 202 157 153 161 196 233 101 146 214 193 82 37 138 78
    210 7 250 216 189 202 161 211 110 243 163 164 100 47 214 26 198 29
    245 9 189 222 214 107 102 182 178 64 92 109 49 191 77 255 153 221 20
    249 24 91 188 132 28 186 7 163 12 111 225 200 188 212 203 152 29 36
    75 8 127 235 52 241 165 40 111 231 235 98 145 201 114 187 48 249 10
    41 233 232 96 97 21 255 254 120 249 19 52 211 102 15 94 251 219 202
    137 152 222 249 122 70 29 222 251 112 185 121 55 214 23 69 84 108 88
    96 102 234 4 65 246 29 94 77 12 42 218 89 150 157 194 36 11 194 150
    33 53 120 72 41 37 142 238 176 179 73 109 37 218 2 101 240 73 142
    253 123 121 42 2 139 239 200 133 104 203 202 139 83 242 232 50 72
    162 203 164 150 116 204 16 240 162 202 89 34 103 71 136 199 182 28
    152 250 2 238 82 191 70 122 199 0 188 142 213 204 48 183 143 215 242
    81 230 90 174 98 70 10 8 198 224 207 52 143 75 145 156 236 181 76
    161 190 228 64 244 240 169 42 154 111 203 77 196 27 96 134 238 56 42
    107 213 163 138 152 82 53 28 164 12 223 210 116 142 80 150 63 183 68
    65 113 199 208 209 24 56 98 187 178 173 229 38 246 42 168 59 115 241
    112 101 147 150 239 176 175 66 34 105 30 49 197 247 224 189 7 124
    183 107 31 129 251 47 49 116 215 89 117 3 240 18 233 88 160 23 216
    199 89 154 43 134 219 68 22 16 184 215 127 217 152 35 76 85 133 223
    14 156 106 11 119 5 182 124 123 86 148 113 232 102 51 32 183 107 9
    16 243 190 72 46 93 135 9 102 108 47 125 64 44 29 193 156 106 101 48
    218 145 216 51 122 59 113 10 106 36 185 55 170 177 134 118 9 214 214
    86 119 172 80 80 118 97 87 99 156 122 6 70 114 93 100 234 234 89 4
    171 11 69 210 16 197 130 117 68 214 39 244 52 114 26 254 220 157 193
    142 11 200 40 99 60 251 23 18 137 19 4 79 163 116 249 65 221 26 150
    244 137 130 157 142 240 13 135 64 197 65 6 56 102 144 187 225 233 4
    153 233 121 228 28 21 132 203 200 83 197 54 129 246 173 150 244 60
    251 255 111 147 140 26 63 116 13 47 40 169 186 199 176 194 45 139
    243 242 17 77 52 65 107 172 159 32 240 236 121 91 82 212 22 168 33
    197 226 109 159 50 54 27 128 91 97 237 231 80 19 139 117 149 20 126
    129 59 66 137 171 94 155 16 186 249 220 52 163 79 21 58 31 78 1 55
    19 17 55 33 6 230 196 104 45 224 84 200 148 216 173 206 87 133 59
    188 243 112 184 63 35 167 55 187 212 132 54 29 82 113 55 255 153 47
    127 216 34 238 131 138 127 68 141 202 181 228 148 244 141 239 56 135
    85 175 188 197 182 91 56 178 229 182 52 99 156 109 247 201 160 61
    165 12 118 252 130 83 222 179 12 104 201 114 171 158 122 72 115 220
    138 99 107 209 66 133 108 186 116 157 23 198 116 76 35 179 131 197
    149 150 44 237 46 254 44 168 103 163 93 251 101 113 71 169 136 112
    64 241 60 29 168 109 141 129 149 135 160 153 249 0 0 72 3 226 160
    218 234 209 62 142 67 174 57 6 119 203 17 225 17 99 179 12 57 105
    193 145 66 20 151 166 127 197 81 104 55 111 94 246 244 168 100 48
    211 113 57 180 105 138 29 219 58 73 73 114 100 41 239 215 24 149 200
    106 110 66 203 127 104 227 63 233 224 166 244 3 3 202 102 183 132 9
    182 140 26 104 31 206 120 79 85 137 2 249 121 241 48 38 186 86 138 1
    4 48 192 59 208 209 141 90 13 156 206 189 178 238 109 167 103 79 119
    243 22 227 18 155 85 62 16 123 244 255 8 92 134 144 183 231 2 249 72
    196 231 179 86 251 37 167 37 37 77 16 241 240 145 22 177 97 254 36
    249 59 41 106 71 58 244 53 23 247 126 20 85 128 126 49 221 244 92
    219 59 213 180 14 66 131 195 247 86 121 230 148 123 191 89 14 173 47
    55 28 229 66 21 211 160 158 106 225 242 238 146 223 145 5 74 166 204
    253 135 206 233 175 234 94 86 219 207 65 64 174 37 154 152 54 109
    185 166 149 67 191 252 192 44 243 113 210 221 37 118 124 170 112 183
    194 140 106 67 110 22 57 28 246 83 89 132 78 180 221 203 145 131 236
    34 196 119 126 114 212 62 91 220 184 77 15 42 194 37 158 197 232 188
    78 68 3 60 219 26 237 177 191 195 188 162 169 66 157 59 165 30 82
    226 201 28 121 53 78 114 203 149 109 50 51 108 2 77 149 152 99 43 7
    255 61 101 98 229 215 162 79 252 110 159 110 224 66 99 183 76 20 35
    109 33 192 193 36 207 69 210 6 29 147 203 110 37 90 152 96 236 121
    91 35 105 137 120 192 103 88 249 204 67 182 234 178 235 85 232 74
    186 233 161 64 168 174 31 33 214 165 204 133 43 33 233 157 117 78 67
    166 42 65 228 197 136 40 174 90 44 76 216 93 237 40 171 6 150 6 215
    120 53 186 83 213 29 255 128 86 168 28 179 242 234 120 78 224 223
    210 194 120 240 8 141 213 82 204 33 10 48 50 153 254 12 198 7 20 73
    211 187 29 96 249 110 150 40 47 59 70 167 16 69 142 241 244 86 105
    149 230 99 7 67 243 227 104 112 5 162 12 182 82 181 98 35 179 27 177
    77 161 176 254 225 195 248 54 13 214 208 124 193 253 112 29 149 195
    19 188 215 2 160 147 126 248 163 86 42 255 169 145 61 130 171 61 195
    109 84 110 218 29 137 28 79 148 137 23 202 61 215 66 135 163 214 212
    245 168 169 152 38 250 166 77 250 159 166 142 59 234 50 220 121 180
    107 161 91 176 78 108 88 99 51 212 140 245 27 69 115 14 71 94 252 59
    174 98 205 249 112 122 44 66 40 234 226 92 185 22 110 1 216 64 176
    202 24 17 129 74 139 225 27 12 148 11 196 178 210 177 76 17 211 86
    203 53 19 146 56 147 180 91 138 47 107 114 237 220 117 167 244 114
    81 132 88 126 18 247 8 162 140 165 216 131 182 105 16 42 191 165 2
    219 13 93 23 255 116 116 121 82 29 52 177 48 191 84 48 169 100 229
    225 94 90 88 53 8 10 150 104 61 73 112 135 124 178 35 58 211 60 69
    163 109 243 135 191 98 41 153 44 52 164 213 209 17 241 227 196 125
    233 202 109 175 7 233 14 113 187 155 137 249 117 214 64 223 214 183
    61 220 113 7 169 222 230 79 220 50 239 241 5 129 162 229 237 153 20
    83 20 243 85 142 28 194 216 78 203 234 114 86 210 46 180 141 98 197
    167 128 89 63 106 244 192 70 79 238 146 117 184 77 243 219 177 164
    218 128 44 11 20 107 236 42 226 203 102 223 88 5 26 193 172 35 96 4
    2 238 33 124 253 73 26 127 211 85 70 231 143 227 29 62 131 151 161
    100 244 233 96 217 1 245 227 76 161 170 177 62 124 204 27 104 30 148
    121 128 98 24 94 241 240 112 206 61 136 36 220 116 112 80 33 172 38
    167 74 88 51 30 211 234 114 21 24 253 130 150 0 206 178 38 166 53
    154 236 5 23 38 10 167 206 14 136 32 17 111 183 185 19 198 216 29 84
    197 213 217 15 149 70 58 161 166 84 156 155 147 224 9 202 107 152 78
    249 84 237 67 16 187 159 220 160 58 99 46 33 136 221 114 115 177 102
    205 82 116 82 63 216 152 144 51 234 14 81 9 190 235 133 67 108 132
    48 138 172 100 41 161 103 170 225 57 22 126 87 219 221 96 184 246 42
    81 191 179 77 30 114 154 66 206 109 229 196 95 16 181 64 184 99 183
    90 164 122 193 127 60 85 80 54 49 153 192 197 68 52 126 148 246 225
    163 23 192 252 81 200 224 188 30 210 70 7 159 85 144 40 2 62 239 135
    60 16 39 46 225 66 99 139 252 228 221 110 252 17 103 37 44 145 129
    74 250 203 76 130 28 157 167 116 1 160 140 168 158 229 188 192 253 8
    129 201 96 232 173 206 43 25 175 70 141 66 147 27 84 65 187 67 169
    133 253 157 44 192 220 20 183 61 249 178 182 50 222 236 120 33 162
    166 34 158 128 151 30 166 33 36 161 51 218 240 121 210 37 154 158 8
    53 147 3 63 196 6 120 114 133 32 165 170 146 82 194 205 220 231 237
    150 2 85 160 220 161 239 252 12 116 146 29 25 242 211 238 225 82 187
    51 224 180 85 187 39 248 149 43 80 48 21 66 75 230 118 84 131 227 61
    220 38 165 139 192 82 162 62 208 12 2 29 120 178 245 208 211 139 70
    117 112 209 98 120 144 223 35 103 105 245 8 224 104 123 28 184 174
    48 174 44 150 94 252 88 44 131 173 212 225 167 159 166 215 81 196 86
    201 67 206 92 4 12 224 30 125 208 96 8 155 44 28 73 24 140 158 234
    93 38 44 123 34 38 246 78 3 232 43 16 47 59 191 233 168 6 155 61 99
    92 164 161 77 84 64 192 125 81 207 86 194 113 205 112 32 205 240 29
    167 87 254 50 21 178 246 208 13 25 31 237 147 187 188 214 102 3 7
    215 56 149 236 146 101 133 62 4 145 214 91 146 235 18 93 133 67 211
    181 17 114 89 157 104 182 27 247 115 244 204 154 158 13 119 206 79
    131 233 26 116 34 142 251 157 21 133 191 206 137 33 80 213 100 4 77
    19 164 73 43 77 21 176 62 211 170 10 139 118 95 49 61 131 31 183 208
    107 223 234 220 132 47 77 227 220 34 26 34 143 126 15 1 252 1 207
    214 171 205 229 15 166 227 229 146 110 165 72 137 60 20 85 73 152 92
    10 100 217 249 186 58 110 124 86 175 18 19 133 179 92 231 7 69 69
    251 128 126 122 63 33 195 221 238 138 196 204 81 104 5 153 87 128 13
    252 252 200 244 130 2 203 184 81 176 67 53 12 162 245 208 138 187
    221 219 169 99 199 247 232 125 32 221 137 37 84 224 222 172 242 24
    136 170 127 70 39 134 152 239 106 116 204 103 84 159 110 93 136 121
    67 104 8 164 180 45 253 174 144 39 237 252 231 211 176 125 144 250
    247 45 13 230 231 84 13 160 204 96 73 244 107 55 181 248 132 29 187
    3 169 85 98 150 176 228 44 183 60 126 85 221 204 250 140 151 237 79
    84 159 139 223 124 170 63 157 9 57 181 176 3 82 214 85 85 173 46 254
    184 132 2 78 237 126 48 229 161 93 243 212 217 165 149 79 117 226
    226 209 218 196 103 80 238 193 91 178 164 12 31 11 220 247 106 26
    201 151 244 143 130 211 85 98 1 33 188 144 26 43 183 222 71 211 146
    224 196 76 226 43 89 163 136 216 131 228 246 225 193 145 58 68 2 77
    129 247 186 1 180 99 57 139 123 14 198 140 96 51 157 86 251 218 36
    90 197 90 226 37 199 192 214 137 17 38 166 204 151 59 15 155 214 89
    64 171 211 106 72 149 92 131 33 46 168 211 130 199 233 31 10 102 134
    125 139 58 30 204 234 81 192 51 67 132 182 3 83 51 243 96 185 213 95
    227 77 127 239 31 154 227 5 166 162 93 29 21 127 30 56 202 16 251
    182 55 54 110 69 253 233 62 166 99 240 136 195 87 201 226 73 159 149
    190 40 168 83 21 109 44 244 9 0 54 57 108 250 29 197 173 6 18 195
    253 2 2 147 65 184 168 22 206 174 101 0 213 140 61 1 215 121 171 218
    116 214 237 31 92 127 209 51 59 221 9 161 73 61 181 230 229 13 232
    130 44 205 131 253 238 62 67 124 146 243 94 222 74 227 84 65 63 138
    15 216 208 44 237 191 118 189 76 144 164 81 107 250 168 174 13 204
    241 194 65 241 236 151 35 18 151 164 43 102 218 203 26 185 58 216
    154 85 244 170 112 83 58 61 146 153 226 160 147 31 139 96 133 111
    213 91 95 120 208 199 204 241 31 109 47 196 184 128 40 206 120 180
    226 98 28 189 23 250 248 81 215 252 123 7 169 131 5 14 243 118 250
    211 209 110 46 223 10 71 169 55 132 226 247 166 43 170 189 54 183
    193 181 166 218 160 33 246 102 241 211 5 79 101 105 87 91 69 99 168
    115 165 219 133 65 204 38 238 168 10 78 12 30 240 115 239 118 161
    179 99 100 139 178 80 26 210 43 193 53 53 157 176 31 219 20 221 197
    146 114 83 162 220 25 94 254 235 30 58 110 204 58 185 2 223 200 16
    64 79 51 219 119 152 173 248 217 244 150 122 27 58 34 149 212 77 84
    251 176 27 46 131 64 11 138 56 108 86 179 219 246 222 212 10 118 249
    31 194 46 71 67 177 110 156 184 193 99 183 171 176 201 65 216 19 30
    101 172 251 204 246 118 133 183 218 87 136 37 155 120 233 177 60 7
    77 55 119 182 24 135 2 118 112 58 48 198 134 67 123 184 99 64 23 14
    253 227 16 254 110 194 192 181 155 103 41 4 42 186 19 132 207 167 34
    78 98 107 68 200 38 3 22 241 211 175 161 70 251 123 5 224 64 8 108
    206 159 218 101 184 166 203 210 52 174 122 167 53 101 94 7 209 195
    70 173 74 190 17 210 9 130 133 61 85 195 108 140 243 17 93 49 208
    206 140 70 132 230 136 202 115 237 99 185 217 132 110 126 210 208
    222 74 3 189 189 101 54 239 216 13 69 58 238 255 44 139 63 92 206
    154 79 5 51 28 32 0 155 65 220 201 82 164 61 93 14 124 225 30 250 15
    165 217 97 99 24 146 22 48 79 99 168 47 198 51 14 34 209 132 132 142
    253 51 255 24 76 137 137 24 207 43 105 167 110 19 201 157 98 162 199
    230 45 26 184 182 122 246 45 62 31 102 82 189 90 230 162 168 247 128
    46 45 34 31 1 104 48 154 67 68 140 108 239 165 226 197 250 170 25 40
    217 235 137 129 241 236 225 206 242 35 97 184 160 20 222 213 79 112
    210 2 118 8 124 120 74 134 228 19 57 218 231 87 65 224 195 23 2 69
    157 42 185 27 94 126 68 136 63 136 143 19 116 199 240 88 105 138 13
    31 252 73 36 145 70 38 40 39 125 168 87 214 253 130 80 250 153 242
    233 13 135 158 87 226 63 123 113 146 41 26 22 211 148 18 20 129 58
    163 21 141 36 54 105 185 112 238 183 169 114 117 192 163 93 225 145
    206 31 194 135 168 89 10 81 171 36 17 127 111 167 132 148 60 137 119
    81 166 216 134 222 93 161 230 70 201 255 21 155 92 179 254 127 204
    75 87 89 236 72 11 3 178 205 90 100 141 142 217 26 242 232 163 60
    122 23 20 159 58 230 176 45 127 70 122 164 52 141 153 67 12 206 229
    196 51 46 42 38 84 231 255 82 47 213 34 167 5 246 218 78 243 171 255
    198 55 85 192 170 161 141 249 13 60 101 184 133 94 95 171 159 218
    209 96 140 217 13 107 92 232 2 17 43 148 108 128 19 114 158 48 175
    201 131 35 38 22 91 179 9 6 234 160 156 93 157 171 201 137 199 84
    168 13 246 192 242 203 114 31 227 177 6 251 219 186 105 50 165 161
    181 242 252 7 25 137 8 209 112 11 64 116 40 201 48 106 97 39 69 181
    191 154 198 226 193 200 98 118 15 7 230 14 46 22 53 65 2 47 107 39
    219 46 23 190 184 29 37 58 211 215 142 232 169 97 90 16 206 33 103
    167 247 30 151 223 41 26 180 133 74 163 15 224 72 147 159 45 136 57
    47 86 234 185 205 181 214 215 23 109 109 128 92 153 108 71 228 95
    186 35 213 206 187 54 231 216 98 37 201 75 170 13 196 180 173 230 68
    55 45 153 195 217 144 209 139 165 101 71 28 111 106 73 26 81 64 196
    63 130 119 246 199 89 217 171 182 67 47 147 14 35 119 167 183 3 98
    92 55 203 177 87 156 8 167 210 163 157 72 102 79 42 47 147 61 224
    212 81 235 123 197 90 117 52 210 96 85 21 80 171 83 80 47 159 228 59
    118 86 243 194 64 81 15 137 144 237 208 2 34 190 96 99 249 171 103 8
    44 86 51 86 21 229 78 21 72 37 110 99 101 1 26 124 162 111 212 119
    23 238 173 182 174 169 186 185 236 164 224 115 99 134 188 80 192 217
    16 122 81 97 104 45 123 172 3 5 86 170 37 100 75 182 94 186 244 104
    196 205 137 91 8 231 247 198 249 71 195 151 133 134 174 33 177 113
    188 84 54 77 140 194 103 111 204 125 157 69 18 232 8 161 66 213 7
    140 227 90 45 135 144 152 146 159 33 14 63 123 229 214 201 63 213
    141 219 189 217 60 179 207 91 255 10 87 247 58 252 111 104 7 217 9
    149 149 135 79 55 38 92 187 48 205 8 241 14 61 49 134 189 1 183 200
    144 21 118 164 255 131 6 168 137 226 136 56 213 190 154 63 86 110 21
    217 234 57 89 121 73 68 250 1 221 97 210 215 35 57 94 249 112 3 173
    246 99 120 119 213 53 172 202 1 175 208 142 250 59 156 21 233 139 79
    192 3 70 130 129 161 146 99 77 71 66 205 18 68 171 42 127 166 124
    221 143 24 227 5 62 219 86 119 97 255 36 74 185 45 205 120 106 135
    31 209 169 245 211 212 114 70 169 63 240 222 74 135 232 68 239 215
    204 112 72 47 37 142 12 16 215 190 106 124 102 188 113 114 67 5 13
    26 101 162 2 176 83 119 5 205 77 228 118 143 68 193 177 34 150 139
    137 19 65 64 233 191 43 187 230 141 146 107 19 55 180 81 228 27 84
    64 56 19 105 22 203 208 178 187 19 0 107 155 161 13 230 149 210 238
    150 187 3 133 74 121 49 5 255 231 8 96 165 227 218 86 137 27 81 69
    90 156 193 229 247 165 100 198 165 115 178 170 191 243 174 187 114
    134 160 166 63 75 81 210 172 17 92 213 252 8 181 181 42 211 117 64
    50 220 205 108 116 10 2 187 153 162 45 116 244 204 168 32 58 87 143
    206 253 114 70 71 146 86 201 51 3 189 99 229 144 105 242 37 5 59 44
    147 204 120 148 93 247 229 110 251 105 129 203 239 113 89 167 149
    162 182 119 243 14 245 74 65 32 62 60 84 91 149 145 31 39 62 134 195
    64 92 125 191 99 208 236 102 43 72 228 131 167 88 55 61 164 217 112
    228 151 178 75 59 227 65 180 175 114 95 226 234 157 241 48 79 45 156
    193 118 129 134 211 214 236 26 47 182 175 108 166 101 254 169 67 76
    126 66 118 109 194 193 75 185 113 66 199 145 114 144 248 69 65 219
    252 100 182 210 131 235 206 146 90 186 186 106 99 227 222 251 163
    124 128 77 241 48 147 63 195 197 35 54 217 119 131 195 206 168 98
    101 36 7 108 245 112 225 39 97 211 137 74 32 10 172 89 199 190 202
    206 156 70 160 141 206 178 124 204 175 251 12 80 218 240 50 100 128
    28 104 96 160 197 192 107 199 82 209 193 89 158 166 20 42 96 152 41
    9 134 128 251 25 161 103 99 192 189 98 198 134 170 225 1 27 66 29
    223 131 26 45 118 172 72 156 85 57 79 34 189 53 188 5 178 110 234
    116 140 232 84 237 160 71 19 103 62 177 248 1 111 25 120 82 1 84 193
    118 35 111 65 91 68 145 78 147 186 244 120 27 81 19 252 209 163 14
    228 2 90 204 78 156 240 110 14 17 52 47 26 164 167 40 157 151 46 43
    23 27 131 67 242 199 33 115 20 31 170 117 85 46 59 216 208 158 63
    134 58 131 197 63 182 109 235 220 131 204 64 58 206 107 22 104 167
    18 192 12 191 205 191 138 187 32 109 78 128 194 124 0 232 59 164 109
    96 10 38 74 158 199 113 147 69 28 109 58 30 133 39 214 3 248 15 177
    166 40 241 215 45 24 177 46 7 112 190 171 87 52 195 225 59 179 209
    30 100 210 242 106 17 171 87 217 156 248 120 93 121 200 4 144 128
    245 33 98 26 98 108 237 42 21 187 227 51 218 15 10 164 222 98 125
    149 247 19 214 87 250 186 6 50 228 139 104 222 90 138 205 155 206
    142 90 166 239 239 138 208 82 183 88 21 131 26 196 123 205 236 217
    46 213 37 142 113 122 144 8 61 84 165 88 222 246 89 65 66 155 147
    126 39 236 107 107 57 164 225 78 30 155 132 97 79 200 10 160 183 251
    227 157 196 172 122 42 178 127 242 22 242 46 218 178 182 5 124 112
    121 65 71 192 76 89 245 210 81 132 70 115 170 104 109 154 198 175 94
    57 204 169 38 131 191 116 2 180 52 90 109 61 96 149 130 241 207 26
    15 237 92 102 24 37 255 231 14 25 123 127 6 2 234 48 31 55 5 51 175
    242 148 202 65 215 53 246 170 255 201 37 172 217 89 33 186 15 169 98
    38 216 204 106 126 88 157 196 11 18 241 197 241 17 195 204 204 114
    208 17 147 12 77 245 36 175 82 242 114 36 177 88 56 156 13 75 103 83
    187 57 191 219 178 73 177 54 244 95 82 26 183 101 104 20 143 15 249
    148 181 24 186 146 17 32 212 175 41 112 39 209 228 68 130 104 47 219
    168 20 17 208 68 249 139 101 94 25 93 26 226 21 13 185 131 248 39
    182 32 221 89 86 78 214 137 59 201 248 48 66 106 184 82 177 207 6
    210 60 178 91 187 121 196 240 143 113 176 216 2 176 121 22 88 59 112
    2 151 204 200 111 243 182 124 168 89 82 210 169 149 43 89 23 14 31
    175 27 191 202 239 24 90 73 159 188 149 36 235 76 13 16 233 255 146
    126 25 246 156 140 8 7 50 116 191 61 255 229 137 130 135 91 246 74
    133 177 211 255 125 150 87 172 236 163 117 179 60 49 48 31 134 134
    182 198 219 123 95 98 171 141 55 40 57 133 110 242 178 5 221 93 0 39
    187 229 57 225 105 77 241 6 9 124 155 53 106 206 252 125 77 244 196
    95 237 107 74 25 114 97 214 72 27 64 163 67 100 169 113 251 89 47 37
    152 210 162 126 37 22 68 33 133 67 33 103 70 68 102 122 58 127 161
    85 237 198 121 194 97 19 12 144 180 100 108 197 129 232 40 85 166
    219 179 20 189 125 102 141 112 93 55 70 28 67 250 46 103 120 181 133
    204 155 141 253 254 225 164 35 203 4 56 203 58 63 144 146 80 124 108
    6 148 210 31 218 100 37 84 12 31 248 223 236 233 63 73 1 58 57 158
    184 180 241 212 172 212 10 29 168 179 125 23 126 171 228 153 252 3
    10 204 201 60 46 136 29 84 163 166 21 3 26 251 247 185 247 153 46 40
    224 207 123 119 235 214 80 219 64 205 247 211 113 98 122 115 61 22
    53 86 139 156 170 230 99 164 1 127 190 25 174 212 54 133 172 131 44
    104 200 194 42 209 160 222 59 201 99 201 163 151 31 250 199 125 71
    249 54 104 244 16 254 238 221 20 150 135 10 149 18 120 254 166 77
    193 84 123 142 49 243 99 97 126 52 45 80 202 183 131 246 226 240 173
    201 168 114 157 75 192 227 103 146 147 101 181 58 149 181 131 102
    147 250 246 48 185 156 34 226 177 12 248 48 190 119 113 73 181 147
    251 118 104 223 181 232 24 31 121 154 38 78 83 168 45 85 159 107 22
    28 119 3 57 155 74 212 22 90 84 147 184 221 104 169 55 3 253 138 73
    238 240 252 0 15 78 240 252 157 33 57 142 190 115 37 249 17 143 229
    76 101 34 20 102 201 211 130 95 158 200 118 140 124 83 185 55 196 16
    64 12 179 200 65 119 189 40 29 241 34 240 12 68 64 122 140 155 164
    232 128 190 149 28 51 2 158 201 115 243 74 9 130 249 226 109 246 237
    91 113 176 132 182 68 225 94 174 217 212 139 129 131 82 68 101 216
    107 112 20 93 1 116 114 174 252 195 214 241 224 45 92 132 6 90 251 5
    146 232 117 231 21 134 70 85 175 228 57 210 19 11 117 187 219 234 99
    131 156 170 102 111 8 82 202 169 244 86 159 59 122 203 139 93 72 64
    253 51 134 241 46 228 241 118 160 131 56 210 216 204 211 232 47 85
    128 117 122 85 76 152 84 239 0 35 203 125 242 147 141 253 4 77 72
    250 105 125 119 134 85 132 181 253 61 23 148 134 103 41 207 76 12 60
    244 151 70 177 50 20 204 56 29 104 254 55 229 11 106 128 19 88 101 2
    11 81 56 218 158 48 146 233 246 150 1 131 12 124 122 20 202 118 191
    208 32 124 252 49 52 100 42 238 192 254 172 235 36 61 122 179 242 64
    209 24 52 251 226 253 11 200 223 251 220 209 1 58 231 109 157 177 55
    192 191 221 18 68 152 18 228 72 188 175 16 101 57 251 119 143 101
    171 222 109 89 130 245 247 209 108 113 87 201 78 101 119 3 87 175 71
    144 67 4 97 205 239 62 214 10 204 184 174 18 219 87 0 113 205 2 0
    101 235 178 28 169 248 226 21 198 128 114 166 242 229 56 94 198 180
    27 87 243 20 22 198 34 51 60 43 177 149 148 61 254 81 45 86 83 158
    179 93 42 134 60 209 120 176 114 163 128 189 39 53 106 122 213 178
    16 111 79 142 239 156 104 201 136 190 151 3 2 64 99 57 100 42 155 83
    138 175 182 203 252 61 14 207 170 74 22 191 76 185 93 238 182 137 82
    129 230 147 106 19 189 179 93 172 102 42 130 94 217 141 186 237 37
    245 48 234 189 120 89 39 133 56 204 212 103 15 185 48 92 246 226 216
    232 138 6 46 124 183 98 21 212 218 245 118 153 117 35 8 126 99 223
    163 184 250 25 94 241 238 41 75 25 0 154 199 217 231 23 225 176 149
    141 17 114 205 1 161 25 158 152 12 188 116 98 63 239 58 120 115 44
    205 196 71 18 24 213 118 169 82 168 174 85 113 93 109 100 155 195 77
    1 88 101 54 204 146 165 60 53 69 48 91 125 157 128 213 21 213 29 70
    163 231 197 221 66 88 106 95 122 154 149 89 90 220 33 235 163 133
    142 8 34 71 95 34 45 29 229 169 105 90 163 36 122 40 239 54 186 20
    140 235 149 6 136 222 127 231 240 38 232 7 251 134 173 11 184 49 106
    247 43 24 251 66 178 181 168 66 19 196 156 64 17 243 67 15 48 239
    125 103 249 130 8 42 120 8 158 198 236 99 189 93 39 113 184 222 50
    47 118 2 32 1 38 178 2 133 46 241 112 229 127 193 251 14 42 229 104
    118 216 202 149 84 16 100 70 217 183 38 104 39 119 69 197 114 8 99
    17 76 142 124 61 64 49 117 71 202 143 255 118 22 245 151 210 21 31
    134 17 30 176 164 87 18 192 234 148 192 180 221 162 243 152 55 37 42
    13 14 158 228 212 16 173 67 60 93 34 244 107 66 202 38 104 182 168
    168 48 227 86 158 89 163 157 213 52 45 198 82 182 122 42 46 178 167
    43 14 37 248 32 81 32 205 24 226 35 106 215 53 168 176 82 74 58 226
    25 79 129 198 215 61 43 77 165 250 1 253 217 152 113 119 168 115 75
    99 205 27 216 184 8 11 238 154 240 165 199 69 149 66 69 219 179 232
    201 87 94 179 142 3 193 177 51 220 203 179 180 81 10 33 20 207 165
    113 65 0 133 5 235 233 126 28 75 58 154 111 203 72 168 28 136 99 231
    48 85 154 201 190 154 42 230 236 242 194 95 168 4 213 104 235 183 83
    187 171 97 226 1 237 109 89 5 81 184 39 114 187 123 243 170 204 228
    19 224 227 7 60 6 26 217 140 39 216 59 231 166 183 27 175 17 153 47
    113 36 195 10 161 49 174 128 199 232 13 157 128 169 81 17 176 123
    137 144 224 74 79 209 82 134 86 208 58 153 121 226 72 210 78 142 203
    238 187 101 24 109 164 156 224 202 43 48 128 159 48 86 243 20 203
    154 81 60 106 120 82 190 131 175 93 224 177 136 84 208 204 25 75 201
    202 95 34 171 61 116 75 0 217 205 220 137 196 32 235 166 190 29 199
    232 154 191 230 27 227 145 188 139 16 238 179 75 107 195 136 39 95
    16 168 119 249 167 156 224 60 75 99 93 132 132 140 137 155 137 199
    141 57 128 137 62 125 117 120 237 33 158 139 26 159 110 1 208 7 163
    180 8 67 247 135 226 95 183 220 55 88 181 149 141 2 196 205 131 95
    132 160 110 57 225 166 128 195 187 235 159 164 67 144 2 47 7 59 4
    220 216 34 77 183 199 119 255 165 109 191 5 59 98 55 12 220 133 62
    63 28 252 49 195 159 231 170 92 66 74 169 123 223 238 110 220 38 48
    129 203 120 159 198 103 219 44 77 33 18 142 227 187 8 133 141 221
    161 65 36 149 180 199 66 206 59 118 194 247 255 50 218 233 52 86 65
    9 155 194 116 26 58 33 240 68 194 99 40 5 136 157 191 145 227 38 224
    84 4 5 254 6 212 231 38 240 91 218 31 225 158 223 245 233 163 111 69
    43 5 132 223 206 44 18 250 3 167 122 59 190 53 157 181 105 31 92 103
    29 25 179 204 56 8 19 236 200 41 52 161 202 221 86 101 146 58 50 110
    37 254 207 246 45 46 95 225 161 207 252 128 163 97 86 185 160 178 83
    17 204 108 114 180 80 131 140 195 125 152 240 121 83 214 193 42 90
    189 32 62 99 145 29 9 101 151 118 156 60 190 43 43 246 139 196 34 94
    170 52 73 20 5 202 88 27 20 196 126 10 235 45 56 42 99 19 246 94 130
    235 105 181 39 95 74 77 236 83 56 170 154 186 174 0 8 143 243 89 89
    30 117 167 198 210 112 220 189 185 7 143 158 57 104 54 88 64 239 54
    244 251 164 245 254 147 50 252 162 168 235 210 182 173 216 195 17
    176 246 77 10 218 210 251 211 170 158 4 200 226 97 240 34 14 57 210
    27 12 42 154 30 61 211 54 228 228 195 132 79 83 113 90 101 115 212
    228 135 190 123 174 223 30 163 52 62 134 99 109 214 70 26 15 56 6 41
    233 30 24 111 207 126 4 38 242 224 226 97 29 36 70 128 192 166 195
    124 95 121 196 14 171 232 249 237 82 53 36 233 42 209 251 145 103 55
    36 33 26 23 192 68 108 63 249 247 119 90 130 145 92 105 211 147 155
    0 191 34 87 95 48 22 111 1 221 114 47 86 5 236 12 21 125 117 149 18
    218 168 114 156 77 74 114 67 83 126 219 77 113 115 65 172 237 30 130
    54 215 234 103 78 120 222 164 135 24 46 9 90 129 98 160 44 201 235
    105 81 3 93 15 14 25 144 65 152 77 169 18 9 164 154 203 103 133 201
    233 193 67 63 114 208 100 224 116 136 243 185 21 106 109 63 226 58
    201 241 15 102 193 238 176 152 45 174 181 127 170 106 152 72 126 136
    225 50 217 175 255 33 228 222 187 228 85 254 156 113 248 112 54 243
    169 137 4 9 136 177 217 159 71 40 95 231 43 128 198 34 161 27 68 50
    194 63 176 51 141 240 6 255 164 118 30 162 207 236 187 38 61 244 17
    156 6 198 185 98 163 23 168 213 29 95 142 114 14 172 170 215 11 108
    188 195 139 54 252 146 49 226 245 24 176 130 171 192 42 140 193 155
    253 146 239 215 142 165 128 240 112 239 99 68 118 215 71 167 158 203
    124 233 75 18 183 47 58 109 25 180 128 220 198 29 191 86 47 3 136 69
    70 236 58 245 48 71 83 150 35 37 102 6 252 225 188 93 111 209 253
    119 1 76 31 69 208 243 55 238 50 101 176 180 19 122 85 132 23 189
    112 91 100 218 131 124 53 15 227 209 65 167 137 144 89 154 149 205
    76 150 152 162 216 23 37 192 126 138 127 149 124 165 223 8 60 253 55
    64 33 243 124 163 59 102 76 192 213 85 147 253 141 89 215 19 5 139
    163 165 159 229 158 216 54 231 193 19 119 123 86 202 255 147 145 22
    33 70 226 101 56 30 247 203 57 68 235 154 57 155 99 208 38 97 44 170
    253 148 187 81 193 201 57 35 168 121 8 167 220 108 225 159 39 230 4
    248 79 10 213 155 52 28 66 123 188 45 102 73 159 13 120 58 15 46 67
    95 242 96 211 201 117 10 174 72 150 102 89 211 240 156 142 169 133
    225 69 178 236 97 24 249 219 237 197 142 201 71 41 193 56 161 73 111
    158 197 80 122 135 180 96 33 234 202 108 95 189 93 172 140 165 197 7
    173 24 87 193 199 66 14 238 232 207 214 194 92 153 187 127 63 233 54
    36 157 214 182 144 157 66 228 103 5 70 165 93 24 133 130 10 172 198
    72 62 215 81 49 34 222 67 226 16 82 191 223 13 42 143 71 167 105 6
    243 45 30 153 6 181 247 99 105 138 163 163 26 187 177 203 167 79 97
    138 82 78 58 49 218 77 239 180 200 4 215 36 31 40 236 51 3 250 23
    102 48 143 181 227 120 169 71 59 45 75 174 216 128 112 112 47 140
    100 132 215 122 189 130 42 33 51 101 218 119 240 17 97 147 134 194 3
    170 132 242 67 86 77 66 202 216 10 141 36 236 67 254 167 147 154 184
    94 27 205 17 44 224 189 130 152 224 50 101 105 222 7 165 89 163 74
    83 184 72 5 41 6 237 96 27 218 218 179 217 147 135 219 52 61 72 74
    142 50 43 27 91 67 55 13 172 101 242 184 174 75 238 168 126 220 189
    163 60 4 130 200 4 215 67 230 211 139 56 199 81 203 127 86 156 95
    189 14 249 71 164 202 167 53 210 110 18 0 144 95 73 11 140 75 84 213
    119 247 231 48 28 43 234 154 213 86 34 135 164 248 143 219 65 220 45
    212 200 147 224 6 143 20 229 9 174 93 194 151 234 81 60 191 111 143
    200 55 133 80 16 75 22 175 153 28 235 188 234 59 174 56 203 95 194
    189 199 17 143 6 210 239 114 117 44 205 69 132 196 116 202 184 196
    186 144 159 22 250 78 189 35 254 241 101 80 216 235 186 80 15 105
    160 8 75 249 222 240 199 10 80 49 166 110 4 111 179 68 162 71 57 176
    156 72 109 220 194 73 160 136 23 90 71 63 168 133 198 8 225 250 37
    255 132 77 98 101 64 11 185 228 2 134 164 165 0 231 137 224 100 107
    88 147 126 14 85 26 185 110 209 27 99 201 15 165 110 237 213 31 34
    250 78 151 77 11 14 17 76 49 152 11 249 36 64 33 108 11 83 119 175
    149 123 86 128 132 125 253 224 207 129 96 17 27 102 22 84 72 57 219
    75 197 153 249 231 123 88 65 143 240 66 253 172 152 51 194 54 9 250
    177 215 79 240 245 181 141 194 36 180 58 111 210 105 122 253 49 193
    62 36 158 216 5 168 203 84 7 85 56 21 248 80 8 164 33 229 62 225 59
    98 64 25 229 90 114 17 185 187 117 54 44 250 163 35 158 83 202 51
    171 11 175 10 131 105 167 213 161 0 241 255 91 94 118 33 126 184 178
    109 104 227 200 253 53 102 194 186 253 239 66 238 253 199 201 13 6
    126 135 200 247 33 224 27 168 193 33 42 105 144 149 54 80 97 98 99
    242 36 24 149 98 241 40 17 62 162 164 104 250 57 18 207 239 87 33
    253 24 202 236 188 66 39 198 228 184 57 94 225 125 4 33 144 45 153
    84 115 254 14 97 14 192 82 239 72 121 17 139 209 0 97 177 194 55 101
    163 221 23 68 219 197 232 184 123 102 136 88 76 218 137 72 17 250 91
    211 32 217 210 27 232 74 9 220 14 203 103 122 134 212 101 73 216 250
    214 210 198 38 188 161 54 141 134 59 140 183 253 8 105 101 17 125
    212 148 116 82 48 158 143 199 164 24 142 19 51 237 244 104 102 124
    207 171 166 144 23 198 134 99 81 233 204 149 188 164 173 91 192 188
    4 247 73 138 84 71 111 98 72 42 180 84 97 171 143 130 219 182 229 31
    114 87 48 187 119 239 176 21 173 141 82 49 173 54 159 100 103 57 196
    188 25 58 201 139 231 196 135 130 232 146 217 94 185 77 251 61 200
    214 96 79 238 135 42 100 232 208 197 172 246 225 189 201 130 95 225
    226 193 231 92 57 77 50 194 7 148 242 156 151 77 194 226 183 72 243
    247 219 252 140 205 203 164 160 223 26 107 73 217 181 59 138 69 245
    64 189 8 86 106 61 31 62 234 40 124 162 91 188 127 90 155 15 202 14
    249 179 212 14 75 187 134 102 92 12 136 233 218 247 39 74 81 155 132
    107 204 120 22 116 169 177 14 252 16 207 112 104 221 235 215 29 101
    210 79 51 31 215 70 155 134 108 88 160 35 34 249 144 75 59 9 236 101
    144 84 150 249 21 227 216 148 75 108 124 220 224 50 137 153 148 189
    247 104 59 145 76 132 137 122 118 18 18 179 5 234 181 77 206 235 123
    127 150 88 21 202 28 21 161 190 88 94 79 211 71 247 24 35 116 83 252
    117 206 254 181 59 162 69 193 109 15 118 63 84 17 210 65 213 62 30
    176 68 160 185 161 26 119 191 21 134 147 195 0 38 115 193 220 210
    216 45 150 195 190 99 58 12 118 73 70 104 86 24 13 177 41 30 52 173
    229 142 122 187 255 131 92 98 21 235 54 216 131 72 155 64 4 59 3 37
    157 71 149 86 107 206 13 248 201 126 168 207 46 122 158 33 109 53 33
    4 161 22 98 223 208 86 53 54 155 41 118 116 65 169 106 216 250 13
    141 195 180 35 77 162 240 17 191 18 189 109 217 38 9 30 159 197 50
    232 183 130 169 123 235 141 95 182 94 65 93 32 58 161 231 42 16 21
    14 61 106 6 61 173 161 0 40 221 138 76 107 227 103 222 53 189 143
    198 253 152 127 23 95 58 245 193 105 114 81 229 8 170 89 16 233 106
    153 198 54 49 136 45 68 154 57 159 118 136 203 129 212 48 42 71 200
    51 145 250 7 220 236 179 27 2 11 129 27 136 93 167 186 95 17 217 226
    183 196 147 209 40 232 219 225 147 148 113 138 36 156 22 40 218 84
    96 34 218 114 25 209 184 159 100 151 155 210 190 44 30 34 218 25 120
    223 124 254 107 218 229 146 217 228 142 255 119 230 238 85 97 186
    143 181 23 129 228 213 16 33 146 117 170 205 216 140 30 115 217 22
    65 0 250 232 105 117 4 230 0 17 87 52 212 239 6 197 109 168 241 248
    133 60 117 247 35 139 30 175 149 208 147 188 224 183 235 221 37 178
    78 202 112 145 69 220 150 82 180 144 23 43 127 219 67 24 157 47 147
    102 219 81 84 212 149 223 79 151 3 157 38 248 232 34 178 190 172 238
    47 158 38 160 107 204 177 141 220 143 212 185 239 82 230 78 221 152
    22 204 46 25 229 184 102 50 234 89 74 34 9 255 34 25 5 246 117 32
    153 171 90 94 229 46 8 82 255 150 78 28 36 192 195 255 249 145 66
    245 251 244 88 111 124 218 208 31 36 60 36 83 197 121 98 14 10 161
    10 197 39 30 26 46 96 88 90 217 57 75 9 90 41 82 64 170 152 92 175
    205 57 221 40 136 168 126 161 143 155 55 171 127 16 32 158 149 5 235
    80 222 13 88 93 57 27 231 122 113 133 25 114 53 58 151 25 196 190 26
    149 41 22 222 21 172 140 236 121 77 146 44 145 170 214 127 247 128
    64 159 43 43 37 171 25 60 40 241 39 102 237 162 241 194 58 1 213 34
    252 212 27 246 237 190 62 12 166 2 68 65 160 29 104 92 205 19 48 105
    20 203 151 132 125 73 99 161 68 23 163 97 184 89 154 24 163 212 175
    89 201 245 17 212 207 223 47 198 167 179 2 171 203 12 221 119 203
    246 94 158 24 247 86 193 168 36 111 215 34 133 88 230 137 92 56 191
    57 98 18 161 184 211 40 132 46 30 242 233 19 62 155 66 18 64 155 52
    208 88 220 140 192 84 39 69 66 230 39 77 29 190 231 78 221 101 135
    223 92 123 149 141 18 233 241 170 197 238 78 143 38 48 171 95 169
    134 160 36 99 36 181 186 254 72 7 88 251 201 18 253 93 207 249 88
    213 237 62 42 27 178 33 50 73 210 205 34 20 128 240 156 156 190 152
    41 18 158 65 82 10 104 117 21 126 221 11 216 231 109 239 173 24 157
    52 8 159 110 97 60 133 207 171 82 178 224 62 208 64 134 82 127 54
    120 212 182 187 12 139 175 199 233 170 156 61 66 72 49 135 138 95
    219 74 210 80 147 120 180 107 71 74 58 98 169 219 234 216 231 185
    246 113 137 210 185 55 65 112 231 255 200 85 124 77 132 67 103 240
    213 81 196 27 37 33 219 101 199 169 104 211 54 23 125 174 32 135 40
    4 7 10 235 191 194 99 208 167 97 34 145 91 163 72 145 196 208 36 172
    253 74 74 195 200 14 24 143 75 63 64 5 136 54 52 211 120 67 176 161
    18 235 80 34 255 238 73 136 224 213 87 228 50 89 109 9 26 115 127
    232 251 208 7 235 158 67 89 171 121 130 110 206 125 202 181 198 86
    107 89 197 34 195 219 196 170 66 201 97 235 251 95 125 31 231 211 9
    98 11 221 182 173 14 175 102 237 227 105 155 72 145 45 24 205 148 99
    168 81 56 84 100 247 175 74 116 191 210 10 100 76 62 178 109 127 20
    197 140 157 191 64 52 243 249 197 220 68 102 221 76 237 190 4 128
    141 159 225 180 41 14 91 169 171 196 134 183 83 244 160 251 238 163
    42 77 242 171 163 92 156 183 69 245 200 254 243 51 187 144 31 196 69
    52 154 214 139 221 102 119 10 238 0 111 133 97 86 106 248 160 117
    210 142 52 254 249 218 7 73 93 180 197 245 243 179 45 208 244 97 129
    109 165 1 219 148 139 83 252 43 130 9 184 19 32 250 130 98 97 80 215
    32 113 237 228 171 249 176 107 69 150 138 156 199 169 239 240 3 155
    202 63 200 11 61 207 133 223 4 152 206 157 82 117 152 48 93 129 136
    195 155 190 94 138 157 10 43 217 161 44 154 91 46 121 126 249 105
    143 243 98 36 129 192 2 143 106 70 149 33 162 209 211 152 69 195 198
    137 7 90 117 185 168 227 185 21 104 119 124 54 194 87 179 122 246
    132 133 227 58 114 40 5 244 146 168 0 36 143 118 198 129 251 123 180
    169 180 77 156 149 53 130 4 110 177 11 167 254 185 131 74 79 46 145
    81 131 107 71 138 67 179 179 177 215 86 236 250 7 159 11 134 163 0 0
    153 37 130 88 140 65 71 66 41 178 105 60 71 65 99 12 192 91 45 241
    244 13 132 150 225 143 121 171 9 212 183 167 253 251 172 48 107 75
    27 138 178 244 195 89 41 8 3 119 154 59 105 227 181 73 119 226 175
    32 59 82 54 150 159 130 35 100 90 104 177 99 137 19 138 191 171 74
    86 200 175 59 17 244 233 52 23 45 150 76 98 102 70 165 24 88 186 26
    99 216 133 169 104 224 48 164 53 159 172 238 3 184 146 57 43 172 19
    21 83 190 194 172 6 207 18 98 95 215 204 132 214 167 197 206 201 162
    17 162 20 196 157 182 133 155 18 99 159 143 175 223 199 167 153 97
    166 248 196 38 152 237 88 15 74 122 91 219 225 87 245 200 161 96 167
    39 140 120 102 201 156 208 134 239 1 157 109 158 92 36 230 110 111
    85 135 1 26 172 46 95 173 66 66 80 202 73 63 31 215 15 140 216 139
    207 206 235 4 42 137 189 86 236 65 142 37 76 238 61 168 94 207 177
    238 217 26 107 209 119 82 111 84 9 218 153 183 77 191 107 93 31 193
    45 175 49 11 177 114 8 22 45 213 24 221 119 94 217 96 207 130 181 53
    144 183 136 97 203 254 216 142 34 13 140 57 211 62 112 30 178 249
    104 174 54 221 251 104 79 103 205 233 251 146 56 235 226 174 138 71
    36 71 195 74 162 195 95 23 58 250 194 79 101 195 82 95 49 83 255 245
    114 250 163 166 12 32 220 236 233 1 138 133 244 18 40 172 2 220 111
    196 231 208 226 169 174 126 251 72 183 7 96 125 255 198 138 125 146
    117 181 12 52 148 57 132 128 213 174 83 229 91 29 236 44 61 48 90 80
    79 85 192 38 25 38 221 184 241 18 26 124 67 243 234 194 101 102 21
    183 213 237 77 53 157 185 249 200 85 168 220 101 87 33 134 215 46
    238 81 41 124 101 160 74 187 132 24 51 246 92 172 148 254 42 197 216
    233 177 1 236 34 188 105 50 103 147 28 253 205 128 90 47 194 169 61
    25 243 13 184 185 226 128 220 93 124 184 42 76 71 3 140 96 121 212
    17 203 181 162 67 179 218 231 6 80 35 69 106 184 162 189 26 134 205
    170 19 226 45 15 80 146 134 6 77 220 62 220 99 93 237 190 245 92 83
    249 81 153 164 235 48 206 109 0 19 107 88 157 173 2 244 24 30 159
    184 47 120 97 83 147 186 225 193 106 52 0 129 113 184 95 112 38 11
    248 192 49 175 82 113 105 221 41 183 2 106 253 250 187 210 0 134 119
    48 239 132 215 227 80 104 164 172 22 54 100 91 42 163 168 153 14 83
    165 103 143 18 7 145 212 216 38 228 27 55 45 56 239 183 246 66 149
    82 15 9 161 111 35 51 145 181 245 44 79 40 22 31 215 73 126 103 237
    48 139 115 232 135 10 94 106 122 27 97 198 66 177 150 167 215 163 12
    34 10 6 71 116 101 199 150 79 66 113 156 197 163 184 84 84 9 187 115
    38 178 189 215 82 128 225 224 238 232 209 210 26 70 235 37 227 87 34
    180 89 135 246 254 193 147 141 129 247 92 104 27 192 97 113 20 217
    244 14 206 251 97 127 98 102 103 116 40 92 70 38 58 15 28 147 170
    169 95 173 53 250 214 195 12 223 82 92 135 26 91 233 118 98 145 1 2
    132 21 182 217 40 231 220 24 113 204 251 219 84 215 208 215 103 75
    108 100 131 135 4 245 170 186 51 245 210 22 164 34 161 237 176 202
    46 21 5 235 244 51 67 176 57 129 170 236 73 214 149 222 142 96 47
    253 31 244 250 96 92 28 91 231 93 207 53 190 8 157 135 61 7 116 113
    246 147 217 176 17 104 70 52 247 52 172 4 4 189 175 74 167 233 121
    73 198 114 164 148 131 89 201 188 71 69 220 188 19 247 239 26 33 38
    189 198 30 99 96 93 139 235 50 33 76 115 213 246 134 113 210 79 243
    38 117 47 36 32 216 115 84 107 192 17 108 187 7 85 106 227 146 32
    129 107 57 13 25 115 38 69 94 16 253 41 99 92 103 219 62 114 216 87
    61 229 166 36 79 250 93 208 105 21 116 192 83 19 182 47 2 246 162 42
    17 149 66 88 149 210 198 130 194 51 117 127 26 9 39 121 79 130 10
    189 97 116 186 129 191 11 122 127 71 18 29 151 129 247 74 232 92 34
    237 131 174 15 115 81 123 74 79 153 210 27 39 114 46 18 162 114 137
    166 96 159 50 224 13 189 186 47 25 247 2 12 139 10 28 211 46 3 7 99
    149 89 138 185 240 110 190 131 252 28 83 75 38 176 57 215 40 190 196
    41 171 18 198 19 121 203 138 199 52 133 15 214 127 45 106 70 163 237
    146 217 208 156 8 249 170 197 38 249 4 120 72 0 148 124 213 99 254
    95 54 126 196 130 144 5 220 212 214 162 253 195 62 248 244 238 105
    233 225 246 81 52 166 18 100 89 16 72 181 202 230 20 146 152 212 145
    245 44 129 249 27 144 35 169 236 252 181 236 2 122 3 34 118 115 90
    136 210 238 52 41 17 237 83 206 253 80 25 123 4 101 166 103 120 127
    235 152 152 62 137 14 138 58 67 224 109 53 82 232 69 229 42 117 144
    205 154 79 158 72 153 129 52 157 37 147 61 213 187 216 219 202 128
    59 52 62 139 7 68 10 254 12 26 117 241 45 129 242 182 57 173 165 57
    211 8 229 220 32 183 47 195 222 3 72 222 84 107 4 11 191 122 230 196
    201 170 40 26 168 110 9 62 36 42 223 38 237 16 8 77 10 33 225 8 147
    11 187 132 150 151 145 206 115 254 238 125 22 154 89 38 229 59 159
    219 26 50 237 226 48 166 2 241 147 6 61 178 161 88 208 127 162 249
    223 4 233 225 24 169 240 28 103 143 196 234 65 189 139 93 168 19 77
    32 124 69 171 2 90 85 102 175 2 184 189 160 205 134 38 136 36 34 245
    151 38 74 170 134 172 176 8 192 142 186 147 121 33 43 20 20 104 169
    123 160 147 88 104 155 95 215 32 60 82 183 166 171 48 147 228 244
    230 81 29 85 145 54 229 142 38 175 70 113 9 248 105 55 63 177 30 85
    67 170 251 13 207 94 180 255 94 4 54 168 212 145 228 144 226 168 156
    243 103 76 141 37 110 230 165 157 157 184 19 186 45 173 172 4 114 88
    59 224 133 250 27 238 58 59 37 119 246 205 135 183 62 191 7 35 95
    115 125 47 112 108 221 236 98 214 50 63 1 109 179 184 175 138 177
    162 11 165 189 95 106 250 180 247 188 50 214 86 77 87 117 198 119 49
    128 137 224 195 222 38 106 130 233 99 193 131 85 34 255 187 172 46
    237 76 127 12 242 140 78 107 35 130 63 189 192 72 122 74 106 121 173
    209 134 163 9 32 170 45 235 211 210 203 191 69 77 121 126 75 165 150
    111 145 73 232 109 9 132 106 30 78 225 3 2 240 174 248 179 95 231 97
    194 1 64 51 27 122 220 126 86 232 44 158 252 84 201 131 42 113 33
    165 128 85 51 107 190 31 179 180 91 253 251 155 75 91 113 187 186 78
    115 223 30 59 125 151 67 241 209 205 80 41 228 20 36 229 41 127 169
    19 94 131 22 50 46 141 225 32 250 131 76 1 195 122 111 110 205 166
    19 140 23 34 208 33 132 242 206 2 124 133 36 211 203 87 73 91 234
    151 133 253 142 20 19 252 171 232 123 206 207 29 87 218 220 96 26
    222 97 81 91 170 10 61 73 206 155 229 31 188 4 240 56 32 56 103 116
    238 46 211 125 26 176 216 34 33 172 250 40 178 7 69 0 63 31 55 49 2
    134 0 246 243 151 15 234 156 83 185 231 175 167 239 78 23 35 251 111
    220 249 149 181 182 218 54 33 82 45 153 85 110 216 229 75 3 148 192
    255 181 101 25 21 203 218 223 252 223 224 197 6 150 126 201 29 6 83
    78 147 249 34 135 102 107 2 237 165 251 197 242 198 170 124 183 41
    38 15 35 181 140 94 8 85 217 165 254 34 7 143 241 50 37 166 103 132
    40 108 206 45 63 227 32 124 194 141 22 178 214 39 208 248 34 66 229
    1 104 253 44 227 72 174 47 100 66 124 70 218 232 95 51 174 58 203
    218 217 54 69 86 251 28 124 174 89 156 123 109 153 246 100 111 55
    168 32 183 251 58 226 225 165 89 255 172 165 102 74 68 15 6 247 50
    193 5 232 204 234 200 52 79 22 217 11 106 33 188 162 194 136 216 16
    52 233 228 154 82 40 66 103 96 101 143 144 10 190 143 112 208 255
    191 252 37 141 196 0 76 103 118 147 95 6 5 153 247 51 9 20 66 78 160
    253 239 116 50 44 184 22 244 129 252 221 117 122 50 195 123 156 98
    119 96 233 235 51 204 84 220 36 50 153 243 85 149 228 206 214 109
    209 126 82 183 242 17 54 40 136 152 96 7 144 227 56 21 4 251 208 91
    209 183 204 33 73 48 141 138 97 206 237 189 233 167 83 170 8 17 184
    195 117 249 233 105 22 196 49 24 20 14 229 40 89 124 198 27 78 76
    102 209 25 78 162 47 21 171 192 219 217 212 11 184 164 74 70 50 184
    94 113 22 63 102 23 120 205 189 184 4 71 24 133 98 239 138 163 23
    185 46 120 67 54 167 54 235 12 140 131 10 231 75 87 67 35 86 206 227
    110 36 73 13 167 65 236 49 245 74 153 77 160 232 173 74 156 173 96
    182 35 19 185 164 230 24 25 80 204 254 241 101 65 253 220 50 94 180
    108 32 19 19 116 242 196 109 7 149 127 144 21 128 200 218 125 127
    167 126 242 185 195 4 46 121 237 141 241 79 20 200 39 132 165 89 95
    118 48 146 38 231 250 243 163 222 77 207 109 52 216 212 77 247 145
    52 89 150 175 194 79 182 225 236 67 250 140 172 107 255 123 166 18
    167 70 159 16 213 61 186 123 100 51 185 122 129 188 178 103 225 12
    162 254 129 87 61 37 232 86 231 164 86 194 217 46 71 202 187 205 192
    233 118 101 67 62 203 64 189 142 116 247 80 253 129 119 39 4 176 182
    37 195 247 117 118 174 103 251 68 173 243 155 113 193 12 203 145 238
    87 135 193 6 71 61 167 152 32 1 65 134 211 58 225 60 69 28 169 222
    169 13 142 32 191 216 86 33 64 1 201 97 190 47 106 252 237 70 49 27
    75 202 114 31 74 96 138 41 71 94 89 163 45 122 180 20 71 50 198 225
    142 98 188 178 95 171 90 129 178 47 132 255 83 144 217 195 212 14
    132 173 104 210 251 156 14 85 15 180 21 143 42 13 167 37 197 53 180
    138 32 112 211 83 89 173 255 40 144 198 54 172 86 72 31 110 210 201
    91 42 149 170 25 172 79 177 182 33 60 244 8 201 29 19 66 172 182 105
    14 215 135 44 70 244 109 40 186 59 43 50 155 202 195 183 246 40 203
    25 41 232 131 169 66 31 9 149 134 128 17 159 107 148 226 252 136 132
    212 72 176 226 63 90 190 211 24 203 169 251 32 12 105 134 37 166 181
    207 11 216 202 153 113 24 153 15 32 61 96 225 163 239 101 31 117 110
    81 97 244 21 35 240 57 51 71 24 8 126 123 55 218 0 19 200 118 181
    133 197 131 171 115 38 59 204 159 24 205 94 7 82 181 225 70 18 117
    67 36 83 189 18 5 73 210 137 148 213 218 150 150 106 54 250 250 132
    139 238 54 139 8 34 142 139 199 27 174 17 182 73 216 42 181 78 227
    213 71 53 104 34 181 179 142 88 164 124 250 87 224 117 56 48 45 172
    58 15 128 195 181 110 32 191 248 200 51 86 220 127 28 211 96 149 74
    47 77 215 5 64 94 38 76 132 115 92 7 93 149 156 161 35 47 231 190 30
    21 151 250 149 167 146 50 104 147 52 57 17 146 177 200 136 96 20 36
    40 20 54 142 13 238 188 80 92 237 138 238 239 221 38 227 192 190 122
    244 241 152 21 210 254 157 95 151 173 86 16 161 232 101 133 27 93
    104 230 25 213 21 239 254 36 216 80 59 5 26 209 156 109 244 250 117
    151 24 56 255 22 174 68 113 57 216 232 26 153 17 148 244 39 22 86
    119 161 242 178 28 27 175 41 116 62 190 209 3 65 141 170 148 238 201
    252 129 159 245 178 167 84 40 40 186 37 243 116 188 106 205 56 249
    96 249 125 167 36 154 168 146 202 115 121 95 114 73 115 111 115 64
    139 207 33 69 189 165 73 192 129 111 133 34 29 51 139 22 89 6 209
    131 248 24 98 217 69 3 88 82 32 171 123 185 239 181 187 126 78 67 95
    140 133 4 215 237 37 167 255 237 192 6 94 10 106 27 83 84 213 183
    252 231 243 240 38 178 133 165 118 153 31 188 33 33 33 70 131 63 167
    98 127 153 86 85 208 142 169 0 39 10 203 144 219 230 24 117 95 65
    141 184 200 104 186 101 77 249 251 75 191 73 217 189 96 168 177 233
    28 53 199 252 86 223 211 253 160 141 238 20 243 129 154 226 127 84
    99 17 138 51 141 198 107 233 68 204 171 114 212 122 202 241 206 154
    199 200 104 187 211 155 212 158 9 153 57 227 19 192 170 33 20 233
    247 225 230 150 99 143 53 244 248 234 60 4 65 112 23 185 204 149 110
    231 22 71 240 254 185 183 182 143 218 156 238 171 16 6 253 82 208 38
    228 187 95 158 149 239 37 120 171 239 96 68 152 253 15 64 109 134
    104 154 165 193 3 95 33 221 94 63 145 144 122 232 190 79 212 195 146
    227 83 82 247 131 28 215 154 83 196 127 24 181 126 125 172 46 201 51
    227 40 238 104 160 25 50 93 16 147 254 183 213 138 32 174 158 248
    204 151 10 116 227 25 105 141 108 202 129 226 222 128 14 4 87 180
    174 102 97 190 232 63 54 158 40 182 138 91 8 80 32 101 84 67 243 60
    227 116 70 200 137 26 236 248 103 220 104 9 35 205 15 226 84 118 175
    93 90 99 128 221 146 220 110 75 61 76 90 96 135 164 43 211 160 247
    252 194 18 29 203 46 72 112 176 180 16 149 104 217 184 172 226 205
    112 12 193 71 34 94 144 204 165 155 253 49 78 101 18 243 148 46 145
    74 124 15 209 208 139 170 250 56 170 165 113 148 150 39 152 107 190
    103 29 169 215 145 92 250 143 51 235 99 130 251 24 7 145 176 31 38
    53 238 21 177 170 240 252 129 79 60 130 122 196 32 231 3 135 147 187
    239 103 215 98 1 217 81 251 249 2 54 55 82 237 62 242 188 249 243
    216 115 102 72 83 102 139 33 177 69 166 20 83 133 136 218 169 126 87
    160 230 170 231 208 64 21 58 58 228 187 208 99 247 61 32 146 111 43
    179 206 212 9 208 34 107 30 138 99 94 185 63 147 163 10 213 115 151
    164 86 254 113 227 132 170 148 126 151 116 202 34 165 79 231 26 173
    169 45 20 63 70 16 230 224 86 223 172 207 191 138 95 23 181 44 199
    210 9 22 71 177 56 123 232 90 157 58 108 179 226 186 175 185 168 248
    189 209 176 229 252 77 168 0 104 170 123 76 73 21 246 127 244 204
    249 104 55 113 38 0 201 173 157 105 12 204 249 150 124 131 9 189 101
    118 35 30 204 180 86 150 13 197 187 162 39 242 133 160 149 188 71 15
    121 126 15 179 251 2 28 99 105 135 167 69 58 146 219 236 158 174 241
    153 127 71 137 104 40 39 140 97 13 223 212 202 171 170 93 25 158 60
    110 163 95 125 58 23 202 228 160 7 186 119 255 152 115 92 115 115
    137 115 236 219 247 213 149 158 216 100 165 232 241 227 101 183 208
    238 9 3 249 225 197 236 178 126 87 157 41 28 210 126 190 172 195 115
    121 43 47 63 3 183 176 16 73 166 175 44 23 13 81 96 128 161 56 199
    227 44 145 202 84 186 20 195 220 142 248 161 172 10 69 120 242 211
    55 67 80 135 83 68 49 243 117 6 253 72 248 112 0 142 115 130 131 11
    250 39 150 90 245 125 3 173 75 143 251 202 190 210 120 201 172 170
    207 73 142 29 208 148 140 133 20 105 227 208 52 24 242 215 154 20 45
    46 150 91 8 80 199 176 111 98 132 198 78 160 250 95 201 211 123 111
    245 143 70 113 87 238 211 231 11 92 180 96 42 143 39 182 155 128 5
    179 243 99 187 157 177 136 95 79 225 96 27 192 109 255 223 51 43 56
    164 212 81 170 5 125 65 183 56 67 76 189 80 25 118 95 63 173 167 216
    250 44 159 85 174 132 58 250 170 223 113 241 97 32 110 37 230 223
    211 230 239 164 194 1 174 70 10 86 41 12 67 76 227 150 216 241 166
    131 160 136 133 10 142 137 23 44 214 64 67 71 119 2 31 58 148 233
    141 107 73 202 167 40 170 61 11 98 160 195 139 49 175 174 143 127
    233 41 71 65 9 133 6 150 184 199 55 22 182 107 45 104 233 32 195 137
    237 47 182 13 117 170 144 230 35 203 168 75 76 180 88 0 146 175 66
    153 84 86 196 107 17 104 88 86 78 134 98 12 6 111 182 134 97 43 140
    254 90 75 193 77 131 144 173 123 196 207 77 183 54 173 141 185 114
    106 143 171 231 111 193 127 207 29 11 196 133 61 202 78 167 37 135 3
    96 123 87 191 217 189 44 174 140 117 29 197 199 51 246 77 40 83 194
    134 121 135 49 236 61 180 199 114 48 24 142 14 9 100 5 104 98 165 57
    138 78 86 50 185 236 154 147 6 221 239 87 202 149 116 245 14 28 119
    142 78 58 248 5 168 26 151 173 113 245 87 140 148 166 126 6 127 179
    225 33 4 109 200 213 177 215 211 176 141 248 141 48 1 62 214 58 140
    93 173 143 5 233 116 134 17 143 60 50 49 182 66 145 217 43 214 247
    150 57 150 16 237 25 98 42 111 77 68 161 253 122 7 118 24 190 127
    121 150 45 221 159 116 159 0 197 248 239 65 40 135 169 113 31 140
    172 66 214 213 198 70 92 198 199 216 15 121 201 238 198 188 151 98
    249 62 54 180 22 41 91 27 239 72 158 109 40 92 187 19 148 140 25 18
    205 29 235 161 123 172 181 62 45 42 21 236 209 146 5 158 144 132 92
    210 92 100 141 183 42 54 247 119 172 199 238 255 112 129 52 142 149
    14 218 46 39 68 185 160 112 150 159 167 43 118 212 100 138 89 32 121
    41 167 160 88 42 183 119 231 102 249 201 111 111 121 229 137 229 2
    165 247 103 30 164 144 62 49 169 81 57 180 43 89 41 53 158 67 114 89
    76 246 11 150 50 218 39 16 140 153 190 190 231 190 241 161 120 169
    21 76 197 80 244 234 162 41 10 171 152 33 52 175 241 73 75 43 146
    248 189 34 157 211 117 152 32 158 195 210 58 114 130 95 33 149 236
    69 0 155 166 64 190 142 65 93 151 117 54 110 100 150 49 240 220 151
    148 220 105 133 151 124 31 98 64 217 241 116 232 8 93 238 72 80 147
    172 141 32 170 30 77 61 72 63 70 147 54 52 97 121 173 112 23 13 56
    134 196 91 45 217 14 234 165 253 160 69 10 14 244 32 171 157 241 18
    23 224 114 194 109 103 45 133 215 159 39 139 74 89 106 225 82 242
    213 30 21 4 214 221 38 45 2 229 237 182 3 141 33 156 72 108 248 95
    206 233 176 12 210 241 235 10 149 46 184 170 95 183 119 190 53 153
    132 138 220 157 43 117 60 255 54 241 85 112 61 18 111 67 171 95 86
    152 197 41 216 206 144 53 205 95 79 103 191 144 138 26 197 253 146
    170 73 231 24 231 218 229 201 240 27 161 133 28 145 241 169 129 168
    6 102 207 144 247 163 111 107 140 178 250 140 89 222 121 109 174 223
    91 224 138 49 18 81 125 219 100 238 183 156 50 187 211 159 202 162
    240 56 45 42 13 163 181 67 29 166 63 196 251 109 133 130 80 157 209
    169 0 169 71 103 174 182 212 250 27 107 237 247 105 204 146 246 52
    250 10 93 147 37 23 195 211 252 213 147 208 51 61 228 231 93 249 100
    148 205 58 34 47 215 34 109 180 5 86 90 73 155 177 252 126 255 141
    212 210 84 102 28 228 182 152 204 63 123 87 10 95 199 251 94 163 213
    87 54 55 207 68 238 191 232 13 102 80 156 155 147 129 201 45 76 222
    13 153 204 158 156 216 241 108 38 80 152 208 253 22 241 255 181 240
    216 197 176 83 75 44 254 122 121 180 171 248 196 134 139 54 243 248
    240 17 125 94 97 196 75 234 128 189 102 27 136 80 255 82 199 13 40
    166 186 97 89 119 192 176 46 24 88 75 41 243 130 49 219 89 77 107
    127 81 173 143 142 204 151 33 188 97 78 118 220 228 178 60 85 62 91
    114 137 163 114 170 110 19 84 99 224 142 39 98 177 63 62 171 8 144
    205 70 149 108 193 26 85 136 223 45 118 51 81 59 112 140 152 222 40
    38 90 249 68 219 249 149 70 239 22 67 169 153 22 193 255 47 244 17
    21 49 24 181 91 10 129 235 29 223 12 126 8 64 75 203 99 70 231 6 17
    69 193 180 112 7 35 75 198 150 22 127 161 255 198 230 19 153 125 84
    163 63 145 210 65 29 84 72 101 32 201 81 248 183 96 16 53 47 67 224
    109 23 206 195 72 174 103 142 250 200 10 10 54 59 194 191 88 33 131
    134 200 249 159 37 109 112 128 16 41 214 205 183 129 187 243 67 69
    32 4 184 156 226 131 211 143 189 158 218 102 215 206 232 67 197 122
    187 65 163 83 34 98 222 50 138 216 27 100 221 218 29 217 252 198 68
    92 54 232 49 30 128 109 131 73 235 153 66 194 10 106 62 40 11 161 72
    58 22 249 216 205 74 7 188 199 57 16 253 198 213 72 223 154 76 164
    68 107 100 118 26 97 118 90 114 113 97 216 166 152 116 213 19 34 68
    160 229 123 129 53 186 21 189 26 219 118 114 231 122 33 66 208 157
    174 253 2 105 42 6 19 217 193 97 75 112 44 162 190 98 106 46 226 137
    92 238 159 86 144 36 198 137 104 127 81 213 139 66 166 121 112 31 75
    227 209 185 158 160 10 35 231 182 154 197 203 114 154 121 163 203 0
    34 161 184 208 29 234 169 37 106 230 181 173 83 236 209 169 108 142
    119 9 133 189 0 236 64 0 59 6 149 233 1 4 255 113 29 191 67 233 223
    243 59 222 196 38 187 203 163 106 10 151 204 242 81 217 69 221 195
    32 38 134 240 36 184 202 101 104 160 58 121 184 18 160 4 233 178 84
    102 107 79 82 132 238 222 125 150 174 63 3 123 245 249 129 221 166
    29 82 61 80 29 83 25 200 208 187 19 118 73 218 160 184 85 28 42 77
    204 132 142 80 162 250 243 219 54 115 112 221 11 51 135 162 98 3 118
    176 109 63 164 234 216 165 226 141 20 57 174 36 29 169 99 196 126
    174 255 15 65 183 234 63 177 242 139 100 238 34 220 123 190 223 45
    130 90 36 47 107 235 229 72 11 119 17 136 70 176 29 76 255 144 128
    41 123 226 168 87 247 60 178 200 134 54 84 98 205 79 248 101 152 82
    92 157 205 206 213 207 158 193 94 226 136 64 0 252 198 245 242 109
    206 207 161 128 120 95 255 183 149 189 41 45 86 250 9 154 195 167 40
    247 45 197 211 38 231 175 69 119 45 248 62 211 116 35 43 185 44 141
    202 208 81 43 229 141 140 239 26 22 186 163 189 100 130 228 238 213
    84 219 97 75 52 115 196 242 192 18 31 119 94 103 33 52 146 252 236
    231 58 152 105 127 253 97 43 87 162 130 103 223 167 92 245 43 250
    202 38 8 234 47 41 160 121 246 160 177 61 250 176 170 124 71 242 116
    218 116 37 160 162 136 180 32 180 236 13 67 122 216 23 193 112 186
    177 122 168 129 217 162 97 150 245 152 236 106 137 138 131 58 31 18
    29 95 109 157 131 171 195 3 20 75 222 134 139 39 10 190 233 168 136
    239 50 84 254 54 227 82 20 145 76 5 10 10 101 53 212 190 109 86 135
    138 8 91 149 85 240 14 87 199 109 70 59 244 69 153 173 36 255 144
    222 13 91 136 22 119 40 144 116 33 70 106 160 15 4 109 8 189 161 19
    160 103 26 255 197 119 132 192 69 155 89 8 206 190 54 195 191 253
    183 88 76 37 159 213 99 14 96 7 207 233 212 176 132 16 212 87 119
    188 161 12 209 144 167 8 110 74 59 75 44 235 143 199 132 68 89 60
    154 142 252 94 181 139 110 227 29 163 255 183 170 253 190 36 193 219
    209 26 127 87 79 100 222 120 50 68 196 69 158 94 141 77 135 52 166
    79 186 105 59 99 222 202 55 92 27 231 125 138 253 89 92 122 84 157
    247 65 134 100 215 227 26 245 59 255 140 180 119 134 105 121 116 145
    125 155 188 212 111 67 79 40 175 242 200 40 68 236 218 181 252 74 52
    240 244 125 103 223 248 105 186 7 155 158 238 144 148 163 75 40 57
    172 45 1 230 5 125 118 133 182 232 62 132 4 78 169 148 61 72 2 219
    35 60 50 223 163 82 53 174 86 49 151 131 239 249 20 185 63 61 229
    224 89 231 158 61 59 55 169 220 94 43 62 10 48 156 79 3 39 109 65
    228 179 73 147 223 35 0 166 25 130 149 244 251 252 70 60 65 88 141
    37 104 71 25 11 223 59 156 172 102 208 229 247 53 173 13 79 107 70
    243 72 237 243 185 54 145 234 168 242 230 237 15 52 171 245 136 120
    53 12 236 251 101 127 222 237 82 21 27 124 102 252 37 232 81 69 138
    39 214 79 66 108 214 157 120 251 230 247 100 8 220 189 68 37 216 98
    99 235 178 54 103 88 59 137 63 40 229 13 204 103 24 158 186 97 197
    213 252 136 149 132 203 242 32 167 186 173 180 45 61 4 21 59 212 26
    203 190 106 5 198 50 237 51 238 77 225 21 242 185 220 235 219 135 77
    218 65 58 46 254 175 146 5 240 251 31 126 31 35 37 209 240 146 247
    174 115 80 94 7 117 198 195 160 145 48 85 51 75 111 176 250 205 150
    42 67 58 41 135 191 210 237 160 86 128 220 169 78 130 118 105 90 236
    238 56 183 244 38 95 240 225 102 128 215 239 185 67 69 249 111 87 0
    81 109 41 221 73 98 40 8 130 246 3 174 99 11 99 246 247 167 97 75 96
    9 123 66 170 194 39 197 184 255 34 236 211 122 185 175 240 196 167
    30 254 178 45 181 218 85 61 250 64 202 239 126 147 7 254 104 203 222
    30 23 103 75 34 185 101 104 68 235 13 51 109 225 126 139 89 21 119
    199 12 181 20 216 159 118 51 98 75 175 140 199 128 5 248 93 163 105
    210 177 22 179 78 147 197 94 46 63 139 153 201 31 24 81 186 226 151
    158 94 60 6 57 12 30 131 40 140 249 253 133 132 240 41 164 62 168 17
    52 65 211 51 243 3 99 53 178 156 115 243 204 24 176 107 103 35 192
    244 11 121 248 195 178 183 143 29 46 62 126 30 143 195 246 252 175
    201 6 21 224 61 161 145 240 210 189 89 86 80 69 224 35 130 246 252 3
    76 12 254 183 145 234 63 25 71 231 79 152 130 169 132 164 183 3 109
    245 167 42 68 144 230 159 63 52 229 242 209 90 184 158 39 142 75 59
    71 135 111 230 4 158 164 109 205 209 250 147 4 24 180 106 96 27 206
    40 158 20 188 112 51 173 197 109 221 154 146 48 137 49 115 54 63 247
    120 196 220 24 165 137 228 225 185 53 223 3 52 248 18 196 129 255 70
    119 2 203 118 180 55 4 78 86 221 50 54 139 78 102 221 85 132 34 103
    61 248 34 32 250 66 99 90 73 33 119 181 33 18 36 105 14 207 130 44
    170 122 149 61 163 70 70 65 207 217 228 63 16 205 104 96 170 183 74
    128 98 80 69 40 198 47 81 149 62 142 108 243 114 39 77 31 36 16 96
    32 184 11 53 97 253 176 71 145 229 53 197 106 64 22 200 23 141 26
    181 47 129 73 26 30 201 3 118 148 44 204 186 51 221 19 12 177 104 2
    180 195 197 217 61 69 10 136 227 204 93 62 26 108 174 141 182 150
    126 3 146 82 104 7 54 47 83 103 163 159 250 41 140 112 213 36 9 185
    5 118 40 153 182 55 226 55 167 173 176 68 201 89 88 188 33 103 63
    153 224 3 31 145 140 36 113 50 0 140 187 228 195 144 97 27 227 98
    150 50 182 241 135 122 124 9 161 88 220 91 75 169 179 157 141 210 5
    78 188 216 70 78 239 32 130 54 98 91 47 134 40 118 182 203 121 47
    201 218 231 216 137 5 43 224 69 131 223 75 95 254 218 101 61 253 224
    149 26 218 128 169 177 164 29 225 124 173 198 229 198 47 170 122 150
    204 170 11 123 61 167 161 139 81 228 81 175 250 106 212 179 237 153
    51 89 189 248 63 152 181 225 179 84 174 123 126 86 125 90 186 156 73
    210 232 224 1 200 92 226 15 111 80 195 191 17 74 116 104 214 40 83
    121 36 223 254 167 94 61 194 95 142 64 92 168 216 80 95 16 208 190
    103 72 60 72 232 119 188 116 252 175 223 249 139 207 2 36 162 109
    226 43 3 146 7 85 6 21 14 65 113 135 156 75 106 189 98 136 31 192
    131 25 197 234 83 198 27 78 74 234 221 228 18 4 58 102 211 196 52
    188 3 205 59 253 150 227 220 22 39 136 30 152 52 12 157 31 75 212 41
    236 161 67 216 107 155 230 59 90 132 40 62 1 53 0 21 70 25 7 38 66
    117 164 87 133 101 227 245 42 107 220 179 19 154 212 65 99 110 250
    202 234 218 171 24 60 232 201 192 65 222 98 251 201 38 194 114 191
    68 210 199 54 12 22 129 194 136 164 164 198 175 59 36 104 152 176 48
    13 247 144 150 114 207 157 132 181 231 114 68 45 195 60 250 251 73
    77 40 165 199 14 198 186 117 120 148 238 226 16 75 110 92 246 110 85
    24 59 51 107 245 60 155 29 230 76 226 240 177 170 227 197 74 253 12
    41 214 15 145 101 208 31 67 110 117 91 154 250 144 37 29 192 41 189
    29 120 125 12 179 48 236 96 16 196 56 144 108 167 246 179 235 1 208
    201 177 117 54 34 10 134 230 151 11 85 122 226 198 129 172 80 216 57
    69 120 210 225 117 66 206 223 61 166 136 15 28 80 170 77 199 46 150
    203 86 1 62 158 101 53 134 146 184 100 50 53 161 98 73 40 216 26 55
    101 161 165 193 69 3 45 99 185 54 201 169 215 215 184 129 157 138 62
    151 231 80 122 202 53 135 147 121 225 103 112 47 29 23 212 80 200
    193 92 35 171 99 41 255 233 162 136 74 142 190 28 135 212 45 9 34 58
    19 70 11 23 128 115 150 33 147 163 99 1 167 77 229 95 11 124 110 81
    47 251 251 115 178 46 131 161 43 124 117 104 175 141 207 86 115 227
    66 115 105 235 13 20 127 35 49 65 51 243 88 100 177 247 74 210 57 36
    149 2 252 38 201 180 163 24 116 148 147 160 124 89 157 88 25 45 251
    16 172 205 85 115 202 20 175 253 222 155 110 219 10 93 59 186 128
    252 139 165 202 251 52 114 255 141 175 58 27 196 69 151 133 179 29
    135 221 124 1 92 32 146 193 128 44 78 42 50 186 120 145 171 208 12
    202 11 65 88 104 230 60 61 162 21 168 186 54 167 46 201 164 118 199
    17 181 16 31 170 248 71 117 46 85 239 105 198 224 86 169 34 111 197
    189 248 148 68 177 90 250 87 19 74 234 76 63 142 201 147 162 238 248
    11 232 209 47 245 33 9 191 133 66 39 224 62 46 61 224 62 81 229 181
    7 241 20 177 200 79 35 205 248 151 43 185 7 216 109 132 220 57 30 76
    35 138 29 135 78 15 0 228 104 213 35 197 28 17 158 176 235 5 218 27
    252 247 231 46 2 63 252 203 139 145 50 35 118 79 70 45 171 112 165
    245 121 218 4 33 159 107 169 20 212 145 98 247 57 236 115 31 118 3
    205 88 38 219 226 8 165 217 18 40 3 71 32 75 26 30 82 243 208 25 25
    36 161 62 26 228 112 246 222 147 192 215 196 2 81 73 196 226 175 144
    163 73 229 160 78 32 218 135 14 99 59 200 20 59 207 61 210 38 8 58
    89 201 242 164 138 140 134 82 2 230 132 39 68 137 168 202 120 48 185
    229 138 191 7 137 203 33 26 11 104 66 237 7 135 224 78 50 15 201 209
    136 248 133 108 172 5 63 193 112 100 56 90 36 35 0 72 125 67 241 186
    208 239 26 148 51 209 66 109 61 169 174 142 194 251 59 70 182 99 206
    95 239 198 132 172 201 219 214 239 252 168 37 235 108 149 105 94 42
    79 131 206 231 254 161 95 236 160 2 173 5 42 38 93 171 245 189 60
    209 194 213 76 103 127 6 79 21 234 96 6 106 32 28 250 57 185 231 85
    79 116 62 183 200 216 41 202 191 175 97 223 250 82 211 140 123 221
    123 173 173 206 81 223 234 236 236 120 227 74 4 47 120 44 65 74 123
    241 221 121 166 133 84 116 47 153 3 101 29 216 192 1 127 39 51 78
    117 232 57 152 47 238 6 198 119 215 132 183 135 46 212 152 178 39
    119 243 94 199 2 96 164 218 110 223 95 109 88 164 61 185 203 104 174
    46 249 45 237 106 58 155 150 155 137 188 223 28 252 196 61 91 184 10
    155 41 132 1 246 208 202 154 6 180 189 56 118 40 156 71 165 9 207
    171 198 49 221 67 127 159 56 231 222 109 244 119 146 63 227 47 179
    111 182 73 7 151 207 129 229 151 183 147 143 188 37 124 16 25 212
    239 155 118 77 135 80 109 154 126 111 192 50 148 55 100 124 200 100
    11 220 112 42 67 6 241 125 250 254 122 188 222 80 15 87 222 212 70 0
    119 143 36 46 103 79 118 135 218 198 107 138 245 57 30 185 72 177 29
    13 4 227 242 18 72 109 251 117 214 25 45 142 190 140 211 28 142 222
    81 44 27 175 41 213 242 144 247 220 207 104 252 72 234 175 155 159 7
    245 120 178 192 158 250 110 175 209 127 255 60 34 196 246 198 160
    109 1 163 244 121 195 166 37 222 233 28 54 165 220 182 13 14 214 140
    153 154 81 6 193 113 50 154 213 178 149 132 150 103 243 1 61 231 12
    131 99 231 212 29 193 69 62 216 161 255 212 198 216 29 126 213 107
    69 111 117 185 32 141 42 75 177 146 244 210 46 3 187 172 180 19 108
    54 246 80 163 204 89 120 0 152 68 0 231 186 42 102 66 38 14 75 174
    181 169 36 97 173 125 158 189 196 97 145 150 196 26 153 193 101 246
    146 205 115 240 157 19 227 34 206 51 67 2 110 78 47 133 229 67 113
    94 23 4 48 140 21 42 179 176 213 253 97 107 138 154 193 145 243 235
    106 176 60 213 144 67 124 203 245 234 50 240 83 176 119 2 81 201 54
    23 100 191 81 29 101 248 83 210 208 54 160 197 202 0 154 118 224 73
    172 209 76 17 111 114 13 227 13 25 223 211 131 64 199 43 66 196 108
    89 12 14 215 244 244 178 128 38 201 78 180 157 200 4 80 36 133 64 31
    227 145 118 29 209 185 55 238 17 62 10 42 140 247 150 63 98 36 217
    145 100 80 85 205 3 72 118 57 110 118 82 100 102 250 207 187 209 243
    87 148 148 84 72 253 3 121 206 157 215 171 54 168 126 243 134 225
    236 217 143 158 144 90 171 238 123 215 233 249 10 20 45 72 95 16 81
    209 36 235 221 219 49 119 112 241 97 7 193 142 87 136 100 236 71 80
    126 124 12 132 175 36 125 253 152 230 48 91 87 201 77 110 26 118 189
    144 225 85 111 151 210 190 73 159 98 4 52 182 117 243 78 218 27 67
    182 1 203 153 105 12 117 128 55 213 88 163 172 203 6 249 83 249 193
    184 144 20 232 239 95 38 158 97 143 119 9 91 114 89 117 138 211 74
    130 149 86 124 55 146 192 90 101 165 44 192 23 139 144 169 117 41
    115 194 124 224 192 81 147 110 108 227 78 66 115 190 213 27 224 192
    153 69 158 29 182 191 200 112 241 135 125 164 43 233 38 82 231 18
    200 234 67 27 163 73 255 237 18 117 0 39 240 197 130 217 253 164 137
    109 247 211 93 7 188 67 164 110 160 17 5 171 24 23 174 101 108 112
    122 224 197 251 111 203 148 54 230 231 242 56 204 169 178 63 110 240
    17 53 102 200 132 251 216 202 63 129 142 93 254 214 193 94 101 215
    241 252 148 183 124 157 209 81 146 228 160 213 129 182 242 143 181
    198 246 44 75 135 157 250 141 124 136 212 75 13 57 71 103 94 236 147
    127 108 39 120 207 245 49 59 97 152 119 28 29 133 223 13 50 82 243
    240 71 132 12 58 127 0 197 90 165 161 110 26 134 113 117 200 71 249
    24 25 52 154 60 134 96 138 34 25 251 121 168 230 20 132 229 110 165
    55 163 215 200 200 9 128 79 178 90 195 137 178 25 154 252 47 51 90
    190 96 1 214 102 45 177 26 214 138 26 91 69 110 70 103 248 66 184
    152 204 82 70 88 70 113 16 57 103 122 70 156 225 171 197 122 43 178
    26 25 85 123 148 69 52 196 193 237 247 215 182 36 99 137 0 121 73
    223 29 202 227 110 209 146 184 25 236 175 243 102 210 79 146 70 109
    228 24 207 228 73 145 202 112 115 47 241 20 186 125 114 153 176 172
    44 122 54 183 163 160 169 145 2 115 134 107 203 168 120 252 7 248 54
    32 41 204 156 74 223 14 104 162 241 48 12 143 66 33 51 110 85 13 209
    189 193 53 26 77 86 65 96 16 183 74 245 139 119 253 99 14 138 51 238
    106 28 207 38 184 2 39 49 179 130 125 18 62 74 41 4 20 121 133 131
    70 19 77 230 185 90 58 219 246 198 55 140 172 183 63 39 112 113 209
    135 44 48 172 221 178 108 227 61 193 198 174 100 192 10 51 163 1 234
    8 36 39 98 88 7 90 121 243 137 49 252 181 159 194 210 119 171 118 25
    205 113 155 41 44 253 56 111 80 203 78 120 112 160 62 32 69 179 183
    234 1 87 192 74 184 220 3 146 186 157 70 12 135 252 30 88 51 133 254
    101 88 195 116 238 145 123 170 45 228 14 93 126 60 55 201 162 142
    204 133 94 141 35 34 244 42 240 112 112 238 36 93 200 64 187 134 236
    182 232 184 46 44 143 94 207 189 78 50 180 147 29 4 192 29 91 131
    117 21 78 180 161 224 132 92 12 83 134 238 146 132 8 173 125 211 212
    4 90 178 167 73 164 36 91 211 242 139 131 172 37 174 196 73 34 67
    108 75 249 145 23 141 149 140 201 13 158 225 185 244 75 148 195 20
    235 118 194 133 1 34 141 109 216 56 158 179 126 153 141 219 106 121
    19 218 159 69 180 114 254 17 145 47 28 248 92 226 160 213 152 40 15
    85 119 30 219 59 157 244 27 45 186 92 94 23 145 205 15 149 193 77
    117 20 61 228 177 212 125 53 16 113 13 109 85 191 14 252 88 94 60
    100 239 105 236 174 94 221 55 61 38 86 140 50 94 86 131 125 56 49
    174 51 188 227 84 56 227 36 196 100 43 105 106 252 170 179 31 238 92
    88 83 107 146 179 250 49 86 202 61 240 89 103 74 147 163 204 189 22
    200 147 126 28 144 157 93 68 246 132 168 65 188 241 213 6 6 168 198
    221 181 213 215 172 135 180 173 254 73 37 110 252 3 6 167 80 1 154
    95 21 44 45 191 250 180 175 125 140 216 194 78 168 239 175 209 195
    150 69 65 52 168 88 67 118 65 154 238 109 192 175 166 241 46 123 84
    145 144 233 150 35 249 162 149 71 230 170 168 31 98 78 178 154 36 50
    24 88 17 235 52 153 70 2 149 25 192 91 126 147 69 133 121 77 188 209
    74 56 84 205 108 42 167 236 233 217 159 187 228 39 87 99 239 10 226
    252 220 225 52 228 165 126 198 7 141 125 161 240 13 166 25 95 248
    137 194 0 168 176 52 211 99 132 116 218 173 203 235 224 50 211 99
    132 79 180 252 9 120 20 108 133 106 124 90 85 47 151 29 35 167 223
    244 223 217 173 52 102 11 98 221 54 90 108 97 237 51 22 15 2 197 190
    234 174 182 194 107 105 91 181 234 174 124 197 236 200 246 89 193
    204 236 196 184 251 42 247 0 38 68 56 14 83 10 215 230 155 135 155
    45 72 183 130 84 26 247 237 224 110 67 52 33 66 101 78 132 156 84
    169 119 170 86 6 155 146 203 162 249 49 240 87 212 195 217 116 211
    24 175 173 191 117 173 116 203 23 189 77 211 92 176 29 231 167 24
    232 213 23 136 208 213 167 4 221 147 102 184 222 251 22 95 127 184
    191 88 103 33 77 103 69 215 86 51 0 100 203 204 198 190 102 117 228
    195 27 219 108 109 203 210 150 48 80 73 122 43 63 241 238 182 101 4
    75 29 58 0 225 197 81 93 142 24 79 239 119 50 6 229 123 222 26 243
    210 247 113 169 101 29 182 9 160 145 166 134 77 100 157 140 42 102
    117 37 241 133 201 57 197 111 77 195 102 21 196 36 224 167 108 21
    246 61 241 78 68 30 179 4 151 186 252 18 30 94 191 177 120 207 170
    62 185 232 204 123 126 159 76 206 177 29 187 120 23 235 102 162 107
    61 171 188 20 177 65 250 105 65 236 216 161 195 10 154 184 124 12 29
    243 152 96 125 160 60 228 104 178 221 80 193 110 146 105 55 193 118
    72 82 208 68 252 163 213 178 113 181 129 88 9 8 118 106 73 93 194
    213 222 147 222 151 146 216 203 68 123 37 234 211 99 138 159 119 200
    253 155 34 107 110 116 85 207 96 36 83 196 200 170 254 142 119 43
    151 151 22 213 169 230 208 207 115 3 150 49 193 111 4 254 251 154
    248 75 110 80 189 93 2 84 61 132 217 169 70 217 28 181 20 85 21 40
    111 217 72 208 131 2 30 128 67 231 91 236 0 189 191 19 24 240 199 83
    220 75 183 0 205 121 225 5 226 199 13 255 149 23 40 113 133 11 175 9
    176 189 192 45 220 113 150 138 124 146 106 233 200 187 183 7 64 183
    92 51 158 207 184 252 97 191 50 177 43 153 238 145 31 166 247 253
    196 192 14 40 201 30 162 139 185 36 140 152 247 154 155 240 186 27
    184 145 196 84 2 208 51 139 105 80 104 123 146 158 88 182 133 177 69
    82 42 94 237 98 152 206 205 212 216 75 69 94 141 143 141 51 130 155
    40 9 237 63 181 118 113 193 1 23 223 59 204 25 113 249 81 215 167
    174 125 16 165 33 89 211 243 245 22 233 200 65 194 183 231 222 70 31
    166 185 2 246 246 216 20 72 77 41 209 131 53 111 253 16 141 26 198
    225 46 73 46 159 157 118 93 139 0 154 132 121 211 16 225 115 19 205
    15 146 66 21 248 32 164 211 202 242 206 46 25 1 235 24 56 200 37 133
    185 78 217 109 255 47 147 108 51 52 150 107 183 59 228 243 77 64 95
    44 97 199 10 233 176 143 108 121 213 209 26 120 54 205 91 129 115
    158 179 210 237 159 8 149 121 19 212 231 111 207 28 165 20 225 119
    12 180 81 194 60 103 5 147 12 128 85 25 176 71 97 191 195 246 102 85
    11 173 5 131 220 231 169 224 80 19 127 41 120 234 250 221 185 241 62
    208 254 5 185 5 38 0 254 25 10 92 225 28 25 246 15 183 197 191 243
    54 218 118 174 35 138 175 182 129 68 18 149 188 217 26 104 224 208
    18 185 144 146 150 77 52 119 119 135 22 216 204 126 37 57 88 44 63
    97 156 60 176 155 56 249 3 165 129 171 73 39 74 75 247 210 93 167 21
    61 11 78 8 215 134 103 114 180 18 39 0 101 245 254 134 189 136 220
    26 20 217 233 150 233 129 13 58 84 22 115 192 234 208 24 29 140 203
    247 143 56 86 16 71 13 185 94 27 140 173 95 26 163 117 216 119 61
    217 162 88 250 113 153 114 149 214 139 99 85 7 62 141 31 70 181 7 57
    202 202 57 192 117 160 177 170 156 24 48 235 73 161 79 157 132 91
    131 61 220 182 141 49 96 180 10 25 241 185 217 177 121 8 1 120 62 21
    143 16 80 133 110 185 82 219 157 90 73 66 250 178 57 46 63 37 69 154
    237 40 111 35 10 111 23 159 26 170 173 108 230 202 60 14 142 4 212
    56 147 130 203 242 80 105 186 240 161 81 35 212 81 164 1 234 1 124
    65 124 40 195 173 140 225 75 152 240 8 36 21 120 97 156 9 101 91 213
    42 146 128 218 141 81 199 184 71 94 232 201 80 251 48 110 193 218
    148 91 175 234 194 92 209 184 62 162 94 214 78 229 234 168 113 224
    236 61 182 216 168 93 202 167 61 213 157 110 212 129 89 144 126 88
    36 255 144 162 160 104 1 108 254 173 136 32 105 33 222 106 225 95
    252 35 42 104 240 248 141 181 231 38 227 38 92 87 210 103 58 172 89
    43 211 161 14 86 237 133 29 106 235 93 184 112 61 108 65 223 88 85
    187 45 196 5 121 84 33 211 137 145 86 42 17 59 29 119 86 58 57 31
    219 88 119 120 59 85 50 0 92 151 67 15 160 76 1 28 107 32 220 130
    144 214 159 250 211 183 141 102 101 173 149 103 148 131 52 213 170 5
    206 200 131 160 210 103 254 59 67 173 107 82 3 253 223 161 89 195 65
    109 84 30 253 154 250 109 60 49 102 143 181 33 114 199 100 209 23 28
    207 204 235 119 170 20 153 233 120 172 24 141 192 71 183 161 61 228
    250 98 143 25 229 195 186 219 1 114 49 245 199 44 87 142 62 81 118 0
    83 216 83 94 62 72 206 192 28 97 185 128 111 50 167 120 213 90 45
    205 0 196 80 181 136 101 234 83 54 178 182 88 158 177 183 154 24 254
    197 48 17 120 239 214 105 37 68 52 128 69 101 34 60 44 4 207 230 141
    99 215 243 201 28 110 201 162 227 90 45 62 22 199 163 219 31 158 24
    117 90 53 186 222 14 187 154 120 57 66 207 252 44 99 175 255 174 68
    47 205 243 47 43 186 10 113 0 245 126 55 185 243 82 252 72 203 213
    87 243 158 93 215 4 11 26 121 127 255 26 52 229 78 140 215 66 178
    223 34 237 199 239 125 125 205 210 146 74 214 149 101 163 142 79 228
    34 234 227 19 106 229 53 86 190 171 50 110 72 190 192 141 74 166 177
    17 128 238 234 137 168 75 17 0 200 169 4 149 99 191 31 40 36 45 31
    106 38 96 113 86 241 237 222 24 231 186 219 136 3 193 211 48 51 115
    93 184 249 114 25 72 166 246 131 222 5 86 78 130 178 58 85 61 250 71
    49 187 84 62 194 128 142 2 227 145 139 17 169 42 54 122 16 147 55 1
    144 170 125 177 61 125 124 2 53 43 108 211 254 101 99 19 49 89 218
    40 175 134 225 134 199 147 147 80 238 154 174 224 242 1 113 75 111
    113 153 106 56 131 85 60 95 202 37 83 199 161 59 250 88 121 126 190
    164 127 45 105 200 24 57 182 90 110 6 114 18 140 199 249 77 229 246
    67 113 228 123 26 155 161 229 227 23 213 74 187 33 26 252 214 152
    166 177 255 118 190 62 192 163 123 24 237 177 63 78 202 112 92 41 52
    154 209 26 12 237 185 149 207 151 228 207 103 43 197 250 197 115 110
    75 72 206 189 241 84 148 13 165 89 2 252 125 94 136 181 204 180 1 33
    76 2 57 193 78 78 211 232 13 75 26 96 113 79 6 222 197 17 248 126 26
    247 87 243 102 118 132 0 40 138 9 30 16 81 37 157 110 8 223 33 206
    237 109 206 52 103 204 201 81 191 222 123 132 199 78 75 60 76 214
    217 37 37 165 141 79 76 41 53 131 150 235 228 197 181 50 50 11 49
    190 3 108 185 199 156 251 46 183 161 60 52 32 120 128 190 10 189 0
    226 19 224 83 11 126 198 195 72 5 138 102 129 208 255 43 203 32 206
    80 229 127 91 195 179 63 191 163 252 184 152 45 248 126 78 28 30 27
    106 33 113 182 118 46 185 227 102 55 40 242 170 99 236 81 228 141
    111 191 83 0 200 184 54 148 0 198 33 45 208 113 157 28 182 198 29
    175 46 193 139 173 95 138 76 151 99 128 43 64 73 233 109 103 194 95
    179 234 162 217 19 110 9 8 102 92 168 71 13 46 52 125 44 171 136 68
    156 64 198 192 16 56 148 123 149 42 88 44 107 120 106 30 73 121 15
    210 121 164 247 222 75 56 193 247 119 80 253 192 149 176 140 133 198
    179 152 39 23 244 183 40 244 41 163 58 4 73 33 62 163 251 97 93 84
    126 128 155 75 118 25 149 23 155 253 6 114 137 32 92 208 221 65 120
    236 110 224 154 213 46 91 56 237 247 70 235 222 159 159 116 86 26
    216 148 162 204 225 158 155 216 40 99 84 124 147 187 136 118 171 181
    158 139 230 8 123 164 12 157 61 137 0 177 151 21 102 149 117 149 35
    148 104 248 218 60 235 18 221 127 65 208 203 7 189 24 124 211 77 110
    124 118 84 171 139 73 153 14 72 223 198 64 110 173 253 48 154 2 221
    128 104 137 11 132 211 152 36 172 71 112 128 100 109 235 214 168 132
    168 184 158 111 163 151 152 111 127 91 244 3 150 36 102 159 41 35
    227 14 217 165 33 101 50 31 74 13 6 49 85 174 214 84 166 174 66 196
    5 255 67 145 185 22 211 80 54 69 109 38 87 23 179 104 52 237 177 132
    56 203 1 35 26 209 29 211 222 160 95 142 64 75 77 254 244 148 238
    225 213 5 146 21 190 170 119 242 90 242 96 233 44 60 200 90 165 17
    59 76 35 244 196 89 125 43 164 242 150 16 11 26 67 198 13 156 124
    210 243 55 172 40 196 253 70 41 250 157 149 139 10 216 124 136 64
    207 61 254 80 149 170 90 120 153 162 183 100 26 39 106 163 176 106
    85 160 25 135 95 171 97 100 155 181 121 104 241 129 120 96 183 12
    148 54 2 229 72 41 242 167 211 77 55 252 205 208 10 111 150 117 50
    116 194 146 9 185 220 104 140 108 181 67 156 43 52 138 23 141 243
    175 115 42 193 149 46 163 226 17 101 95 127 161 184 196 16 244 108
    56 158 74 87 165 64 137 221 218 59 157 208 159 117 195 181 152 14
    140 116 78 181 199 62 190 200 32 78 127 84 140 110 185 132 44 181 98
    11 203 151 115 84 35 224 54 14 137 46 84 41 125 122 200 100 171 232
    9 220 170 98 45 185 154 173 35 150 104 39 255 69 27 127 100 108 26
    235 153 204 208 110 112 248 233 136 214 186 60 227 148 157 14 44 163
    124 73 99 170 248 231 10 225 58 87 100 253 187 31 39 53 136 128 137
    33 63 173 22 17 202 163 232 58 234 182 181 83 218 151 139 119 209
    255 255 134 223 165 73 38 195 36 208 86 62 172 118 251 215 214 175
    126 191 195 181 13 224 56 167 130 106 83 242 209 239 152 129 159 0
    35 156 79 194 104 79 181 181 21 142 207 61 170 78 109 173 70 48 119
    83 239 201 185 179 185 113 26 105 26 120 210 55 91 99 252 182 75 201
    206 145 21 173 210 140 31 79 185 118 54 10 6 86 75 50 154 248 150 30
    89 179 180 34 76 64 251 180 155 140 9 208 48 165 100 67 236 198 92
    126 22 57 251 165 72 231 214 121 39 89 130 41 154 235 80 54 133 79
    108 189 92 97 98 231 144 53 210 226 171 96 189 181 13 181 208 163 18
    143 154 242 213 75 166 131 208 33 127 96 114 116 228 64 212 175 60
    12 206 42 142 31 120 252 160 90 89 206 13 76 188 223 31 167 16 166
    200 83 222 238 14 222 86 78 214 156 88 196 41 111 190 36 78 168 234
    229 208 81 20 217 221 226 146 215 223 194 92 248 8 134 232 96 2 176
    185 97 163 230 200 62 97 32 235 45 243 241 117 229 124 146 128 178 7
    192 178 188 225 245 15 54 207 128 16 122 32 238 210 149 81 227 145
    124 184 163 211 66 127 185 168 119 128 238 97 219 131 229 151 150 35
    209 170 215 89 36 50 109 141 183 13 163 78 79 27 218 81 236 11 199
    23 4 74 214 197 227 38 9 199 215 225 26 138 83 29 78 103 18 123 189
    99 77 5 154 73 115 61 188 182 1 78 202 189 150 9 132 129 163 91 210
    130 65 152 92 104 177 66 90 209 146 152 19 92 132 178 181 243 103
    205 231 240 245 55 42 78 205 35 49 104 217 237 2 198 143 156 136 3
    84 72 22 199 239 134 240 148 232 147 115 83 152 98 60 171 243 66 209
    222 28 124 234 40 167 145 29 202 74 143 65 28 118 231 45 44 125 46
    190 219 127 144 2 213 207 103 82 188 27 85 221 27 194 57 210 126 70
    152 79 130 124 19 52 163 92 22 115 237 108 79 11 7 17 39 254 183 29
    205 12 149 180 254 96 10 141 221 30 137 35 183 165 114 163 138 224
    14 235 95 172 223 127 213 21 183 213 210 145 3 90 23 48 116 7 222
    132 21 174 188 113 21 233 179 24 230 43 160 172 157 16 202 100 220
    69 90 234 104 131 107 195 158 212 221 47 137 242 69 200 111 52 168
    117 252 82 95 214 141 198 236 58 75 181 156 34 88 13 212 114 5 239
    169 39 187 32 167 93 5 10 171 166 67 107 154 81 229 15 159 214 109
    250 216 245 212 42 68 140 100 186 204 175 112 184 180 80 86 96 108
    152 187 19 234 48 69 209 153 5 87 187 89 59 38 92 203 108 3 235 123
    155 133 72 246 37 131 207 43 1 171 192 2 27 241 98 213 49 48 107 25
    99 132 206 148 196 150 70 66 76 152 152 109 9 34 212 165 215 197 240
    5 187 111 161 240 131 102 75 129 45 163 43 65 165 213 66 169 121 144
    8 32 160 23 30 250 181 6 192 87 32 87 46 161 244 135 120 253 177 120
    161 244 87 176 85 33 179 135 44 11 207 201 151 149 211 214 191 199
    248 18 143 212 73 243 167 78 172 247 186 106 42 94 175 88 224 120 25
    140 112 49 221 103 241 155 45 203 236 73 29 208 29 165 213 10 120
    145 37 143 105 189 194 53 166 215 129 72 179 149 115 33 232 206 196
    134 120 14 60 43 179 255 40 60 132 24 118 179 58 158 234 208 129 115
    167 178 226 105 139 235 12 253 64 201 122 231 194 200 194 2 80 33
    117 167 157 158 210 139 3 216 150 172 179 65 193 171 37 167 94 172
    25 149 254 246 224 221 231 169 101 19 128 215 174 129 30 53 122 201
    34 42 116 193 206 17 147 140 75 203 235 10 194 57 154 212 197 104
    177 35 218 82 23 111 123 62 54 18 201 27 71 164 198 223 165 138 180
    223 11 17 70 94 184 53 247 121 106 121 33 49 52 107 158 228 229 227
    21 35 59 137 9 161 10 18 252 9 251 174 113 155 45 145 143 74 98 177
    143 87 165 94 161 220 133 99 107 125 243 70 92 153 218 212 118 4 74
    252 81 71 16 178 78 72 204 57 8 217 206 73 254 199 6 65 161 178 175
    184 219 232 158 85 74 185 62 245 179 255 87 114 206 178 48 194 166
    53 160 106 208 140 42 223 198 138 179 186 244 119 208 136 98 52 160
    144 68 198 77 243 199 12 177 203 28 11 196 69 217 54 94 43 122 64
    242 27 221 180 121 254 133 33 47 183 206 167 77 112 253 59 66 248 0
    56 243 151 117 210 229 182 118 181 129 187 206 165 163 37 77 57 9
    213 119 222 247 185 216 100 149 244 229 163 83 25 7 63 46 112 110
    119 118 167 34 200 170 187 247 49 211 50 41 98 87 242 164 222 191 83
    194 198 244 13 226 101 97 95 3 246 90 116 175 189 235 135 143 3 118
    32 241 119 251 211 118 63 254 162 178 53 19 108 15 152 96 235 36 28
    18 233 139 224 178 204 81 199 10 248 231 20 239 38 186 1 205 215 106
    63 52 120 192 128 234 2 76 168 195 240 136 220 65 31 165 93 204 159
    99 2 29 72 179 236 96 34 88 109 77 193 228 181 77 200 171 37 239 62
    129 122 58 160 187 237 110 58 92 237 169 114 205 199 187 243 32 23
    62 86 80 138 152 254 44 216 195 246 233 120 137 36 0 252 222 171 25
    17 152 25 120 232 94 226 147 35 245 25 225 58 6 213 159 55 142 73 50
    113 196 101 75 190 20 132 77 240 138 13 143 246 98 125 207 225 137
    109 205 201 61 45 18 219 31 85 232 147 67 42 15 111 122 65 218 17
    104 237 144 210 28 89 96 131 53 216 77 62 239 206 23 150 12 89 48
    195 220 88 211 109 69 183 9 193 71 199 187 168 99 115 16 195 104 123
    64 236 91 70 254 5 96 231 161 238 205 249 60 229 80 247 214 129 208
    109 5 111 216 31 198 115 27 134 222 165 115 71 119 33 87 231 111 13
    235 132 178 35 7 206 60 217 199 136 99 158 94 254 105 241 242 237 59
    174 90 86 4 228 46 96 171 174 187 52 82 49 59 165 0 131 179 30 69 95
    230 123 168 232 151 85 123 232 101 144 176 0 40 190 8 145 42 29 100
    152 29 195 42 21 251 141 9 13 137 71 147 97 74 66 198 35 47 11 54
    112 175 136 177 179 97 39 172 68 105 135 19 153 47 172 143 213 10
    185 52 99 44 40 44 76 85 57 74 240 146 191 218 212 120 88 146 102
    116 122 222 109 239 207 14 58 56 71 89 29 187 41 28 171 159 179 183
    28 196 39 178 11 252 107 107 31 188 39 80 131 139 25 59 38 115 234
    186 201 146 89 87 105 222 251 153 35 178 100 51 98 158 193 70 16 92
    196 191 20 223 210 217 122 39 99 14 10 240 99 162 154 220 36 206 248
    49 31 102 56 156 121 97 200 67 249 234 201 239 176 95 195 192 246
    199 121 10 247 240 140 193 98 128 162 175 211 95 205 247 141 64 82
    193 191 92 44 199 7 9 18 134 24 90 15 248 253 119 91 142 232 209 200
    126 227 198 40 143 175 125 80 177 237 136 163 14 108 225 155 198 198
    158 9 50 79 245 24 80 160 215 205 222 5 79 121 172 239 152 149 200
    119 159 13 130 56 214 254 161 86 108 177 86 69 121 20 150 217 195
    190 203 14 144 32 183 11 75 0 136 216 18 82 62 211 57 136 147 206
    203 10 81 170 31 255 157 22 129 162 158 113 210 228 183 212 159 245
    135 154 110 230 179 229 124 131 15 102 54 62 183 86 202 156 121 66
    205 58 47 58 139 216 126 218 134 95 83 193 193 136 13 241 99 157 97
    1 240 58 203 90 103 5 34 38 66 103 207 25 240 244 64 181 110 177 89
    19 176 70 244 90 82 129 244 252 251 236 240 10 30 210 30 8 70 234
    115 12 3 23 58 207 105 111 251 44 220 138 178 233 205 55 111 164 224
    72 254 164 203 237 177 86 240 251 220 254 16 125 49 62 172 65 97 207
    29 108 213 187 234 0 98 91 17 202 233 23 6 9 19 227 197 19 230 90
    248 158 79 24 161 130 195 116 74 132 89 96 185 24 24 17 176 21 118
    167 94 124 227 27 135 17 129 93 135 44 22 196 48 34 251 83 84 238
    253 13 178 223 49 23 189 8 212 187 85 125 170 170 161 174 47 127 176
    128 131 255 252 197 140 124 185 216 218 30 219 56 170 220 76 143 115
    182 78 135 157 138 228 146 153 226 96 214 84 202 130 97 148 83 233
    93 179 88 106 54 182 249 146 215 66 162 221 58 14 159 177 177 13 233
    249 142 12 51 102 217 13 35 85 190 55 59 229 102 177 47 245 61 128
    219 91 213 130 240 13 28 222 123 113 107 243 35 44 188 251 234 157
    20 75 153 72 146 104 20 145 63 6 145 1 234 76 69 67 125 96 142 12
    121 230 222 164 24 213 201 159 216 92 19 156 92 63 196 73 175 116 40
    21 13 157 77 255 175 151 123 79 217 0 32 186 150 92 14 96 144 182
    196 27 4 132 222 242 42 37 168 1 64 100 202 215 134 247 7 96 164 252
    67 96 79 201 214 118 206 28 8 36 230 73 100 165 211 156 9 97 127 212
    84 34 203 192 215 214 241 182 59 15 101 141 185 253 194 51 142 93 96
    159 90 72 21 70 133 114 130 144 163 224 18 98 81 246 218 221 94 132
    216 204 1 147 234 53 206 153 230 189 11 68 119 54 165 83 212 94 201
    25 16 115 210 232 5 37 169 100 134 230 236 45 171 155 253 84 17 20
    185 136 194 21 151 164 117 5 164 170 129 147 234 103 181 203 108 176
    229 237 86 213 80 238 212 1 132 72 11 95 34 156 190 205 31 182 91
    120 248 178 39 204 64 139 129 19 161 50 162 230 157 144 115 60 82
    153 185 155 32 159 87 65 179 242 215 47 253 195 180 194 166 138 130
    4 41 240 96 84 202 208 31 159 11 19 133 232 125 221 222 2 43 52 35
    211 207 70 234 93 248 50 56 6 70 27 2 32 89 30 227 156 204 145 140
    196 244 115 54 35 104 187 156 22 107 2 86 127 12 232 141 146 61 142
    182 208 204 231 67 103 111 121 227 192 141 5 77 79 192 222 230 146
    131 51 79 35 142 179 180 37 154 101 174 60 4 234 144 37 250 168 252
    51 170 247 42 167 160 13 180 250 107 108 200 104 174 29 51 227 176
    141 231 231 26 95 120 213 250 129 194 91 27 57 100 201 86 210 159 46
    66 110 10 119 182 51 128 238 138 251 58 98 78 113 209 35 63 13 115
    54 160 165 218 11 118 72 196 251 115 54 57 238 100 22 188 48 230 244
    159 237 209 201 208 103 180 128 16 213 22 155 98 37 8 79 218 224 72
    246 79 140 22 160 32 157 104 247 168 254 246 100 61 133 99 209 237
    17 85 238 212 155 160 1 202 126 210 204 1 16 139 76 232 164 124 115
    103 212 245 85 33 121 20 234 206 236 30 42 253 180 120 84 50 76 208
    197 171 41 210 201 72 134 58 209 250 167 164 93 51 190 206 166 120
    217 252 8 91 124 67 136 238 56 214 54 23 97 23 19 252 202 75 43 10
    194 252 38 111 151 91 223 152 90 67 23 151 90 170 88 61 241 103 1 94
    255 87 12 127 94 176 108 199 27 168 200 196 207 173 224 144 115 243
    193 152 54 131 131 214 199 184 76 107 61 177 113 237 199 103 11 92
    80 241 205 57 20 52 79 34 153 150 53 97 49 70 65 238 153 172 4 169
    54 35 159 1 219 162 5 57 117 158 170 165 200 3 8 2 102 204 164 124
    104 178 141 184 217 178 253 33 148 222 112 94 160 29 222 157 47 194
    22 182 69 6 163 212 219 15 89 109 3 228 179 147 179 107 250 196 74
    69 182 1 15 177 35 10 59 183 55 79 137 15 99 237 54 45 105 108 96
    100 20 63 96 199 93 118 105 73 143 49 30 161 155 148 185 249 211 227
    25 220 124 28 52 7 19 165 0 103 243 15 134 84 106 185 22 222 72 9
    164 25 242 53 20 80 188 243 17 193 142 161 224 228 198 107 107 220
    17 16 140 90 200 215 156 245 224 224 152 113 104 42 60 212 123 26
    128 44 205 111 82 193 103 195 14 181 104 49 245 97 10 72 218 61 126
    119 214 157 91 43 147 206 39 187 247 103 169 28 248 123 24 53 47 245
    184 104 127 158 24 176 131 105 15 213 216 59 104 210 223 141 250 79
    189 218 144 194 108 41 81 216 10 227 112 100 46 236 111 245 97 62
    109 239 21 37 68 217 195 174 88 55 94 12 185 49 54 115 208 209 221
    245 51 169 182 244 244 24 138 44 18 225 100 150 24 144 153 225 251
    223 119 122 119 112 214 69 131 221 233 19 220 87 194 230 112 255 4
    254 150 178 79 23 210 184 106 244 215 104 237 211 67 37 190 24 153
    212 213 96 113 205 54 27 116 217 76 166 145 46 8 53 146 132 70 203
    88 178 96 121 220 164 133 11 31 63 209 73 68 198 98 105 219 6 217 66
    180 189 55 200 241 208 168 176 93 239 219 212 239 152 90 9 178 42
    233 95 6 150 126 229 20 207 113 3 14 71 254 89 127 75 50 233 47 173
    174 130 145 103 127 176 251 177 111 157 197 36 29 248 130 206 129
    115 220 1 134 104 72 128 26 237 7 142 184 57 204 162 199 65 79 84
    238 173 95 135 36 125 83 249 209 4 202 53 102 160 246 210 45 188 236
    26 116 232 170 77 129 241 57 207 85 30 184 50 181 127 202 198 99 232
    5 10 83 193 59 134 179 218 61 95 233 227 53 96 9 131 240 195 159 160
    148 254 36 70 14 185 19 174 105 217 204 203 146 78 185 15 148 112 46
    210 149 10 5 79 159 16 198 199 70 150 235 209 221 71 68 219 102 121
    104 139 60 160 193 93 152 48 123 160 22 120 237 120 86 70 192 7 235
    254 35 189 162 5 86 186 79 146 209 149 205 188 230 35 72 197 193 65
    99 247 100 240 27 242 189 120 143 59 206 209 149 136 93 152 112 177
    151 223 167 148 219 35 64 180 251 134 107 99 15 27 246 133 70 164 45
    249 86 18 113 33 34 227 77 205 219 214 172 25 47 95 210 166 114 176
    125 236 248 20 248 85 11 11 41 154 14 77 242 151 252 90 51 191 231
    91 141 107 198 3 82 253 41 74 175 194 113 237 67 82 183 253 18 31
    183 218 170 150 161 103 108 46 129 33 9 199 17 181 19 178 94 198 251
    91 211 72 93 131 245 31 238 225 229 227 86 158 233 21 248 145 132 87
    12 91 43 124 122 57 37 44 37 50 29 236 93 66 114 221 189 77 250 39
    119 165 23 108 6 221 246 132 42 160 105 70 243 145 86 52 227 110 231
    28 207 240 137 5 165 208 123 118 209 245 127 184 152 181 99 26 241
    132 112 58 21 133 180 20 232 202 90 239 107 166 47 57 176 25 168 45
    242 98 68 212 94 154 195 178 121 48 79 123 145 112 247 67 209 183
    116 251 102 138 252 235 15 47 84 180 27 184 4 155 32 214 228 6 189
    177 241 11 205 108 95 203 74 160 213 66 116 173 193 32 62 34 0 126
    202 12 69 150 215 241 137 226 234 176 138 143 3 33 25 83 43 89 174
    137 254 7 117 183 121 135 174 249 62 226 226 127 53 182 187 107 142
    18 218 119 239 40 28 141 88 245 247 117 157 213 14 169 120 122 56
    115 174 107 9 95 234 188 143 218 138 135 106 169 84 6 123 175 88 225
    53 1 188 118 18 65 96 214 19 8 126 127 103 253 154 236 47 100 7 206
    255 209 9 253 138 253 34 44 35 112 192 75 172 189 75 12 4 27 24 92
    76 5 76 125 179 192 6 146 78 107 86 158 225 13 172 32 68 122 0 204
    21 215 183 61 78 127 89 141 135 131 197 65 79 11 223 162 142 158 78
    46 103 130 69 105 227 141 101 10 7 187 200 230 189 247 248 124 63 94
    214 24 20 45 131 145 114 80 144 249 178 85 232 87 243 199 6 193 178
    159 162 27 0 112 24 112 107 194 16 127 15 103 223 94 54 134 125 121
    161 9 24 253 50 82 24 251 28 128 120 214 217 144 161 148 54 106 180
    246 177 89 138 107 166 208 225 45 7 0 165 175 185 211 171 161 207 37
    113 192 6 4 194 184 40 189 57 199 175 142 105 28 94 131 143 84 222
    198 23 77 247 149 119 135 250 127 53 4 226 17 120 12 154 247 77 70
    182 161 201 16 92 163 96 1 94 114 222 208 61 199 98 101 185 149 118
    19 198 47 96 17 126 34 213 132 152 142 133 58 49 183 147 199 143 250
    107 177 157 154 214 162 19 74 220 42 86 117 213 29 234 219 112 16
    226 65 248 52 1 96 188 73 115 192 24 134 97 188 49 219 49 13 179 161
    114 235 181 26 219 198 3 99 191 78 216 133 86 29 236 169 168 23 134
    252 211 179 129 239 218 12 105 33 77 194 249 47 61 104 62 255 162
    126 72 8 106 64 47 109 221 201 223 27 231 40 18 209 111 160 103 36
    80 141 37 77 34 220 26 243 79 58 91 73 0 11 76 242 81 248 91 219 69
    175 131 161 192 240 158 10 48 55 47 189 83 82 76 197 131 229 178 154
    251 105 78 92 5 209 212 192 223 234 226 118 44 83 144 245 22 135 234
    242 243 102 241 171 13 87 154 187 43 220 160 174 146 50 238 147 35
    130 33 112 53 0 179 212 196 186 217 89 50 42 57 90 58 40 252 202 29
    184 43 223 175 241 225 203 75 186 196 49 139 165 228 75 146 31 107
    248 179 252 234 159 11 97 217 167 238 72 205 195 189 8 143 46 78 200
    89 30 186 20 80 240 37 59 89 194 51 179 127 104 112 73 77 181 212
    195 80 240 149 101 222 223 96 85 173 0 128 86 128 234 160 246 158 20
    90 230 91 220 136 231 208 25 85 58 218 91 4 235 8 199 231 224 73 72
    228 9 183 70 238 6 47 33 72 35 169 4 240 254 37 38 251 198 167 112
    226 23 68 141 118 194 193 23 40 44 204 143 210 199 238 71 219 105
    185 78 185 244 211 65 220 54 201 71 76 218 12 126 103 158 60 131 109
    174 52 207 102 47 153 123 22 163 88 84 75 225 204 124 93 142 96 134
    150 231 187 48 134 221 30 98 174 146 27 72 244 54 197 130 79 18 237
    139 114 178 151 173 170 93 173 83 0 87 42 181 198 16 113 45 134 25
    79 32 228 153 0 30 153 207 249 69 208 73 201 194 200 166 115 97 54
    22 31 16 216 234 151 204 215 207 138 216 112 23 27 88 168 81 171 1 6
    56 13 127 37 227 70 174 31 114 235 113 32 69 245 70 210 94 168 16
    251 22 188 205 138 50 40 166 136 126 148 240 114 158 83 87 166 178
    227 22 88 205 131 14 101 77 105 104 236 91 249 190 128 184 157 136
    76 143 51 117 95 155 156 236 143 198 59 132 46 91 194 146 5 0 103
    101 34 142 147 50 237 150 109 86 212 3 4 175 229 178 158 8 90 197
    115 61 54 99 89 245 142 32 189 28 147 135 215 195 241 121 228 224
    142 63 77 92 233 106 159 136 100 248 106 93 144 163 84 137 184 213
    149 51 153 217 81 124 246 56 28 218 246 111 57 60 30 218 149 65 18
    173 252 122 65 33 212 203 246 170 103 157 226 199 91 101 219 155 35
    45 254 201 216 109 34 202 220 17 219 65 174 45 158 147 125 154 134
    253 43 41 233 160 140 104 117 51 252 240 129 96 237 88 47 165 6 231
    37 155 240 28 123 2 136 19 131 234 154 60 140 106 235 247 56 98 159
    204 64 240 102 253 9 52 27 155 118 250 32 16 185 44 152 235 55 59
    104 86 17 86 247 109 28 78 235 235 225 182 236 249 162 133 29 44 112
    17 14 233 42 132 162 128 40 189 202 247 91 37 167 222 142 104 168
    159 2 13 222 127 148 245 4 156 127 153 148 78 114 139 182 238 31 242
    79 248 146 100 222 34 0 82 77 126 166 71 139 37 208 43 122 64 86 95
    79 48 208 76 168 153 180 74 80 172 78 157 83 31 215 193 99 124 124
    121 37 138 76 35 149 97 83 71 36 82 228 133 13 145 181 226 17 8 57
    222 146 234 95 12 135 229 225 148 232 39 207 124 155 250 253 30 251
    80 2 187 18 242 58 103 18 247 176 139 167 70 254 133 119 93 208 67
    130 45 129 4 35 178 101 134 252 191 215 86 111 191 3 181 3 234 180
    125 133 192 213 13 13 87 110 230 247 236 150 189 71 185 197 61 211
    216 177 248 73 232 159 125 225 43 52 146 197 189 50 33 155 86 160 4
    58 179 23 200 105 231 254 74 248 37 82 238 156 229 165 244 74 227
    196 62 205 200 9 36 239 101 90 112 54 207 182 25 146 94 131 110 96
    158 145 237 114 240 185 252 159 94 173 73 173 227 144 50 152 253 185
    232 183 145 198 221 159 67 210 121 10 104 141 149 198 201 89 71 46
    120 73 139 247 33 219 66 10 130 140 133 22 201 17 127 20 140 96 37
    31 230 21 32 34 195 184 134 15 238 40 203 53 114 254 99 92 233 39
    134 137 242 104 155 36 86 179 145 80 111 225 180 19 24 212 176 8 119
    172 241 61 254 53 217 162 111 203 240 241 24 158 79 200 223 161 196
    175 244 73 103 136 188 65 32 131 45 27 56 106 27 46 238 159 72 229
    199 66 247 34 72 177 203 17 226 245 35 250 148 188 93 49 154 95 147
    232 222 81 127 250 135 103 204 28 212 157 39 97 5 76 174 112 109 86
    166 185 99 71 3 222 89 46 32 30 85 96 95 22 204 68 28 236 106 131
    155 203 22 249 240 3 54 78 152 185 61 91 78 185 110 167 84 202 168
    222 209 27 223 197 217 142 210 42 226 160 191 56 153 67 216 3 242
    127 69 218 165 10 122 87 240 152 38 231 144 172 138 108 181 13 189
    181 92 191 123 86 181 50 182 35 93 69 34 1 105 5 174 152 43 76 212
    80 208 253 98 60 110 7 151 232 230 173 102 28 85 163 104 78 11 193
    181 44 190 147 126 126 117 100 49 123 200 28 60 117 242 209 40 32
    124 12 6 151 183 242 195 142 40 129 0 240 37 176 64 165 138 26 124
    146 226 252 81 143 192 197 169 7 27 227 85 41 95 173 65 231 216 242
    18 73 5 231 15 18 99 104 13 212 145 61 197 33 32 249 211 4 128 139
    62 153 95 126 146 133 135 53 147 148 108 73 51 49 200 7 13 3 153 131
    114 2 231 175 249 254 162 190 255 152 210 28 213 177 2 249 131 120
    62 252 99 162 192 132 147 154 74 129 210 94 153 217 83 51 183 18 7
    143 112 112 82 103 148 248 245 160 247 99 90 89 67 144 15 240 69 60
    136 36 39 142 102 178 146 168 0 136 171 145 36 42 195 33 186 206 9
    151 46 110 215 225 232 253 206 97 48 65 95 245 160 217 150 85 197
    104 94 42 194 154 174 29 179 4 127 221 93 231 156 114 34 229 70 6
    107 122 227 107 7 101 165 253 149 188 223 235 133 4 77 115 51 194 55
    35 239 119 163 146 208 216 187 31 69 147 145 75 61 69 100 116 28 8
    252 189 223 25 189 114 23 114 128 186 227 243 15 192 39 236 167 77 5
    81 186 152 86 0 37 24 201 148 215 57 160 93 214 13 209 178 11 179
    248 230 117 11 16 152 148 207 211 46 169 137 109 198 239 132 131 226
    106 221 199 180 235 34 44 99 205 159 93 224 16 213 18 68 70 195 163
    185 28 204 38 181 98 105 91 35 49 116 27 74 46 204 89 181 200 181
    166 230 222 86 227 166 8 219 197 191 250 52 60 74 214 231 83 34 56
    133 149 111 181 164 109 88 23 232 185 39 167 18 109 45 123 62 24 122
    74 235 109 217 158 134 228 13 71 174 182 238 177 73 217 65 152 223
    62 79 222 80 47 239 104 138 153 231 148 175 14 36 64 46 123 140 40
    182 105 164 7 179 164 105 92 209 210 71 110 119 72 97 200 55 188 12
    251 207 122 33 23 174 88 48 142 245 233 110 185 98 237 251 151 130
    136 147 107 215 74 237 92 145 160 112 128 131 59 74 232 18 229 179
    209 125 86 76 115 50 234 138 50 34 252 26 52 242 21 240 165 129 124
    242 92 148 107 71 164 7 92 242 60 159 42 21 40 150 7 138 128 221 187
    27 187 173 88 196 216 246 143 250 133 178 163 51 177 233 34 12 31
    242 94 38 227 69 189 224 161 254 125 57 132 54 242 115 20 120 199
    180 14 199 149 144 230 47 148 205 157 182 30 124 137 78 207 137 214
    136 139 17 198 13 171 39 108 160 191 247 0 144 145 9 106 155 158 10
    43 114 169 184 96 94 166 136 125 175 176 153 30 51 10 33 30 209 149
    117 252 212 36 46 201 5 216 7 25 16 227 41 199 130 218 167 115 103
    179 46 229 193 21 180 97 126 121 47 166 29 31 151 46 206 145 57 164
    103 75 130 76 249 53 217 85 112 145 211 36 84 172 81 223 124 74 55
    59 72 71 9 255 124 218 17 17 217 159 4 110 34 175 243 180 225 181 76
    194 108 253 44 171 118 22 193 207 104 122 66 70 183 126 253 28 70
    132 18 229 22 253 54 149 45 13 146 142 50 34 146 115 209 117 125 107
    247 155 247 157 62 196 1 255 143 160 102 153 201 108 147 176 255 97
    12 251 240 250 92 105 123 197 46 71 140 113 163 5 212 130 198 67 175
    211 252 1 166 8 135 187 138 243 101 126 140 32 249 177 99 121 87 104
    143 111 78 91 19 60 148 71 113 73 61 168 200 228 3 22 33 79 253 13
    102 19 247 7 100 15 210 127 149 153 125 235 223 195 234 100 130 223
    39 219 165 107 216 77 145 231 52 230 82 13 202 51 157 123 117 191
    204 26 64 159 179 39 187 244 86 78 36 183 142 56 50 182 57 164 95
    182 220 56 243 110 199 27 123 51 163 34 29 168 125 101 145 117 165
    39 182 134 7 82 15 192 159 186 172 231 191 44 74 136 99 78 221 237
    50 243 123 150 96 31 219 255 17 176 62 6 248 19 212 64 25 246 23 188
    151 200 31 164 248 3 95 15 84 125 110 49 117 59 92 239 75 216 82 46
    212 17 115 163 32 104 123 210 18 99 118 48 96 127 121 74 156 201 159
    108 51 88 209 14 166 219 43 15 46 63 224 121 62 128 57 166 246 102
    72 208 77 4 96 106 38 168 86 186 111 158 234 98 165 51 114 210 239
    154 245 79 227 55 102 143 86 178 1 24 34 193 64 86 204 71 221 247 94
    200 64 224 146 234 129 31 131 232 45 124 133 102 128 217 199 168 207
    177 213 202 68 100 184 125 248 115 103 137 214 49 213 163 82 242 129
    241 84 70 214 96 113 234 110 62 190 105 181 220 252 131 71 25 80 0
    224 21 94 125 18 39 144 170 140 172 189 239 199 194 252 114 91 172
    166 220 239 65 16 21 176 25 235 179 230 7 219 216 84 142 174 156 187
    236 209 216 194 117 180 168 116 172 149 29 74 48 174 125 60 211 96
    244 156 81 28 147 25 211 8 213 235 197 201 117 69 232 213 204 167 99
    97 44 108 106 18 122 229 65 125 223 204 50 27 177 23 142 161 104 82
    165 169 123 23 149 51 244 164 174 63 237 1 174 48 172 174 158 128 61
    246 71 47 104 199 197 218 155 109 72 8 138 253 129 74 154 124 30 75
    114 204 134 219 185 52 58 189 98 139 17 237 111 149 51 0 102 117 2
    41 134 13 203 65 111 226 231 99 220 196 189 20 171 36 144 37 29 137
    1 248 168 130 165 66 183 247 212 115 61 73 199 96 148 113 113 103 55
    177 159 154 29 180 157 20 238 60 228 203 145 76 10 221 188 167 105
    179 145 246 154 27 146 123 17 213 97 62 43 9 59 164 76 53 237 100
    234 83 214 9 50 142 71 253 203 244 160 8 71 25 133 112 222 129 208
    230 113 185 28 25 213 21 120 17 193 68 231 238 255 250 14 185 231
    156 18 186 117 203 180 143 35 76 249 165 142 60 38 20 222 225 205
    170 138 180 143 3 242 40 6 122 24 72 21 173 83 71 242 113 72 91 80
    194 157 84 167 79 131 250 82 121 21 69 153 175 220 62 133 239 43 126
    239 36 8 242 254 171 196 179 87 195 103 98 247 79 84 1 126 135 109
    253 166 6 249 170 189 79 231 99 65 200 45 184 92 199 26 135 28 82 98
    132 21 110 114 61 124 254 132 192 118 21 183 239 89 250 45 125 16
    234 247 103 229 221 134 130 237 34 65 25 232 252 242 219 178 243 224
    164 216 53 31 173 170 97 21 245 117 168 81 56 67 57 202 129 178 50
    37 124 103 219 184 163 81 45 205 32 139 182 60 222 131 197 250 220
    223 55 236 246 65 18 0 157 83 211 128 142 175 75 109 100 100 183 202
    226 249 148 213 163 3 166 39 188 97 30 92 16 42 178 172 107 18 126
    216 149 116 216 13 114 233 36 26 5 83 51 60 139 104 177 146 198 118
    241 242 107 101 87 119 167 105 141 254 115 236 52 221 31 187 166 170
    224 86 3 16 20 203 85 241 245 221 85 4 200 72 130 65 165 113 168 158
    91 174 168 101 123 119 67 222 141 208 176 183 216 16 202 79 13 246
    176 89 108 37 163 98 212 221 101 30 216 30 150 235 41 242 108 54 145
    19 114 118 32 219 123 59 26 198 79 152 201 129 206 246 81 203 107
    188 50 110 26 124 87 184 170 86 171 45 182 133 205 193 230 229 207
    112 18 3 144 237 57 106 163 151 140 134 219 96 65 64 27 253 96 75
    213 146 159 35 140 186 135 221 195 213 112 207 112 25 226 22 123 250
    99 224 241 12 59 80 123 30 55 121 234 211 2 3 33 46 49 130 113 12
    205 111 146 16 225 175 120 110 139 216 43 77 64 123 201 85 236 37 30
    228 99 44 28 218 70 181 214 27 13 115 56 94 186 105 228 133 16 19
    243 31 15 92 164 242 59 201 177 88 206 250 147 208 14 167 121 254
    159 240 15 115 111 191 146 222 224 85 168 133 108 64 190 75 140 115
    136 132 0 183 234 74 202 38 117 59 235 143 239 36 151 182 128 98 144
    191 157 250 74 64 51 207 62 0 26 95 122 240 74 173 49 79 43 122 92
    140 107 34 60 68 151 16 26 148 112 49 195 124 40 42 236 149 194 25
    91 200 137 239 164 230 60 51 20 56 55 24 7 156 115 171 142 74 15 173
    122 70 162 59 181 152 111 69 90 238 200 4 199 106 129 255 249 246
    245 26 221 147 41 35 218 49 86 9 152 60 100 73 14 246 206 211 78 77
    218 179 73 31 3 214 11 119 151 170 77 235 48 0 155 240 71 18 30 199
    47 231 8 153 250 163 103 153 31 154 98 49 235 100 215 153 219 145 41
    252 215 36 27 143 123 74 190 99 138 52 71 131 246 117 200 168 209 57
    74 244 17 18 93 149 115 172 178 170 175 90 207 44 232 146 195 110 71
    109 255 7 18 157 30 47 133 133 31 205 30 249 73 21 162 168 133 149
    26 43 242 11 30 62 133 122 37 150 49 181 207 150 234 130 215 215 33
    42 224 63 167 160 121 86 55 213 234 248 42 214 4 158 72 188 185 96
    156 2 5 74 159 79 100 246 155 199 157 82 50 236 109 116 29 222 13
    239 10 53 122 229 117 144 143 222 206 24 203 249 108 209 10 207 222
    139 55 97 80 15 170 139 231 106 134 219 189 213 223 44 244 2 202 214
    9 109 152 200 5 159 158 37 241 121 113 140 14 241 96 253 239 136 164
    205 189 108 231 217 22 166 4 164 116 36 33 55 7 102 253 239 18 115
    137 119 191 91 5 125 2 51 156 4 165 233 141 140 21 101 249 186 118
    89 76 128 62 6 238 146 131 243 97 223 149 35 183 254 63 54 51 184
    139 247 123 88 217 164 102 171 6 92 247 130 128 202 239 225 176 119
    45 227 119 250 119 68 173 25 33 218 105 22 49 126 130 142 242 248
    176 163 242 2 239 18 128 172 195 243 255 119 54 183 135 55 171 180
    206 129 12 105 223 85 148 33 46 184 191 60 123 255 152 135 233 80
    244 184 181 14 170 217 33 12 58 238 152 223 38 136 35 188 103 135 55
    65 115 32 82 214 143 174 76 197 37 191 133 169 192 233 146 249 43
    236 197 186 213 248 168 142 19 19 93 52 147 27 7 174 98 14 229 239
    157 111 98 22 63 95 70 105 121 252 202 225 10 229 109 17 72 93 72 22
    124 67 133 160 163 53 109 159 163 249 199 44 226 14 16 7 52 203 108
    65 34 90 122 9 68 67 114 13 192 204 102 45 252 68 124 247 14 250 146
    255 179 216 224 219 71 90 120 62 26 63 78 208 66 148 111 89 141 177
    238 218 49 179 105 124 91 100 201 33 75 80 183 134 200 154 110 178
    211 84 8 24 112 61 21 30 230 187 116 25 94 79 255 77 70 215 123 120
    160 31 243 174 226 233 239 23 251 96 22 223 174 50 92 123 143 47 90
    90 25 5 187 27 51 155 11 57 175 211 233 97 81 179 209 166 223 169
    101 102 145 83 79 200 220 45 101 236 144 80 18 136 104 98 139 158 66
    127 11 148 140 199 165 21 219 186 168 63 10 243 188 245 142 148 143
    104 143 155 76 169 73 92 188 114 230 247 46 101 33 131 144 94 37 112
    152 51 160 25 33 196 93 83 156 246 122 217 107 112 103 45 123 189
    189 235 187 106 252 138 194 170 193 91 221 162 30 247 54 41 139 5 7
    92 76 108 151 124 171 53 189 12 15 196 11 1 18 233 82 107 239 184
    208 13 12 139 143 180 85 177 186 117 51 144 225 118 70 93 74 54 238
    169 123 24 246 40 195 93 34 152 190 158 79 94 145 163 200 45 135 242
    58 117 209 98 182 3 249 208 115 232 198 15 55 135 155 240 99 38 51
    41 55 7 135 167 221 77 141 249 169 203 120 72 90 253 15 84 148 170 6
    71 172 51 42 6 22 148 213 43 176 179 0 22 218 214 85 4 70 211 108
    130 172 141 98 0 161 196 112 28 240 130 112 20 157 54 172 35 147 231
    77 154 212 142 93 175 124 61 177 35 20 105 69 219 197 96 225 198 102
    127 86 106 35 0 155 133 54 170 214 128 19 197 14 193 78 231 102 165
    73 79 224 120 62 248 199 82 50 231 72 45 173 149 213 155 48 150 182
    72 185 236 35 128 201 172 252 165 151 2 106 236 174 95 67 199 219 66
    181 215 234 232 14 227 247 152 106 117 204 40 73 152 208 210 178 89
    145 64 95 157 153 10 91 174 217 210 233 112 154 133 38 154 128 63
    144 105 139 119 44 30 73 77 138 217 70 204 131 213 204 228 82 55 230
    95 248 244 111 177 9 62 34 32 221 75 155 39 151 142 243 124 238 54
    57 151 181 17 55 150 222 142 47 112 126 249 103 144 110 82 87 188
    114 61 100 133 169 182 94 63 103 160 71 71 205 138 160 250 153 188
    132 229 232 29 207 224 58 78 81 219 46 203 179 76 112 203 151 235 32
    109 139 194 212 5 251 67 147 115 226 70 119 95 163 114 195 172 82
    179 167 207 49 213 155 47 61 39 245 215 174 223 237 43 176 253 7 34
    26 74 84 132 232 29 89 81 201 78 118 64 58 72 112 175 164 210 25 123
    225 220 243 43 212 34 176 208 70 120 36 97 142 18 136 25 159 5 163
    29 141 217 109 182 137 74 220 217 182 122 12 116 208 134 254 177 248
    134 204 127 201 210 209 57 97 190 26 122 254 135 155 38 44 174 148
    165 172 12 110 153 24 11 24 236 167 80 235 20 135 123 108 87 105 44
    132 160 73 20 244 92 128 207 255 86 174 18 224 189 108 96 41 143 234
    157 155 170 30 49 143 239 115 132 105 135 254 173 242 0 151 197 149
    71 139 113 87 160 101 1 243 242 125 134 95 66 7 41 24 165 191 72 229
    235 5 253 47 113 91 88 180 251 68 40 94 231 2 231 16 48 197 76 217
    19 62 117 68 186 242 250 132 189 240 211 107 186 134 215 3 91 53 219
    63 153 4 81 145 80 132 132 153 188 146 242 218 134 210 90 45 201 63
    65 88 178 111 169 68 242 66 51 119 235 87 7 167 195 124 181 27 55
    193 75 130 101 126 21 82 44 165 236 245 53 157 139 180 117 199 196 1
    19 254 176 71 20 87 143 47 53 89 183 93 26 158 210 10 208 13 165 82
    78 177 120 255 4 115 158 41 117 55 99 12 23 55 121 0 213 58 182 199
    179 54 191 24 24 88 86 137 143 22 88 199 78 213 136 116 179 48 86 71
    100 137 65 243 228 50 122 205 61 225 115 154 64 165 229 37 249 180
    102 138 253 54 6 6 5 193 250 201 83 252 130 58 20 226 251 52 24 242
    237 181 111 222 51 39 206 43 200 140 118 84 120 102 197 180 235 42
    198 47 246 139 119 103 112 103 169 53 105 200 131 244 193 212 134
    193 182 39 38 244 68 120 77 28 249 104 6 118 64 115 145 63 110 175
    115 138 85 9 19 31 77 150 135 189 193 200 128 137 213 193 243 67 177
    191 60 124 247 230 244 62 93 39 37 194 1 87 156 248 108 217 67 73 41
    69 100 44 70 109 204 134 149 119 132 49 35 181 205 113 248 50 183
    170 208 90 65 189 161 186 103 41 145 185 94 88 2 16 76 96 88 11 89
    99 235 0 231 184 132 198 140 208 109 94 14 4 230 218 34 86 145 107
    140 138 159 94 75 251 146 133 4 206 34 234 113 14 139 175 35 244 222
    138 126 63 246 75 6 148 216 104 187 118 215 96 144 185 5 225 34 165
    84 137 142 220 189 134 123 136 211 11 82 48 249 132 13 115 217 179
    36 76 73 156 213 62 206 189 149 135 83 146 224 182 107 114 67 235
    242 174 141 199 233 2 226 247 166 226 205 70 211 95 235 233 222 82
    214 106 236 6 227 101 147 157 57 130 188 41 42 240 141 100 85 147 58
    196 207 6 177 76 37 166 198 103 71 72 124 229 194 106 233 252 246
    105 174 57 82 4 149 12 24 32 155 214 169 2 148 145 228 223 129 28 59
    89 239 220 48 45 5 106 177 230 187 153 251 185 235 79 1 109 250 201
    35 203 174 212 187 20 220 144 100 30 224 212 49 238 150 227 221 19
    127 38 147 206 186 125 39 142 176 138 65 188 99 239 90 222 46 190 11
    98 27 94 242 147 29 197 148 49 46 87 164 161 139 151 136 18 221 230
    228 27 58 101 148 150 9 10 68 121 48 234 197 206 65 166 179 52 28
    143 209 50 193 128 134 145 104 66 210 139 49 37 155 106 21 182 22 80
    70 237 216 119 179 43 31 20 154 192 98 116 206 65 192 101 245 183
    131 133 255 95 63 39 61 6 211 51 41 242 185 104 160 147 65 130 30
    181 148 44 183 116 139 96 115 109 217 223 58 192 189 136 103 255 23
    16 216 124 167 15 254 163 149 106 35 195 243 130 75 131 244 182 158
    179 196 42 81 74 113 178 31 95 146 179 30 163 43 188 208 59 77 28
    175 163 206 231 188 229 225 226 113 65 184 194 86 69 83 75 111 173
    13 66 36 5 247 93 87 186 140 150 133 125 22 204 150 241 35 249 242
    195 166 43 185 191 112 204 250 100 103 39 86 120 220 85 223 224 133
    176 194 220 84 93 169 12 155 101 116 43 12 30 67 235 90 85 85 84 40
    105 160 96 224 31 142 193 122 49 180 187 128 184 227 28 229 190 195
    78 230 197 214 180 142 206 230 238 19 210 51 171 17 77 155 188 41 45
    18 130 114 196 40 168 255 146 191 155 91 124 38 3 92 51 5 91 193 165
    194 87 201 175 118 206 71 228 46 70 38 121 203 157 82 59 53 190 175
    54 55 166 253 121 209 141 192 63 205 74 24 201 113 133 37 126 167 60
    226 129 213 136 183 191 0 11 116 249 228 178 178 13 161 87 43 124
    222 48 124 50 68 126 202 142 23 10 110 6 75 207 83 28 70 75 33 54 34
    55 27 111 98 245 61 147 235 91 44 117 27 243 228 144 89 236 57 160
    98 82 18 151 8 231 16 206 19 70 120 195 111 123 76 148 113 169 150 4
    48 33 7 44 224 242 95 41 176 235 125 168 199 118 127 239 68 77 70 76
    191 24 155 246 31 210 152 5 194 129 254 253 232 133 74 60 169 100 23
    215 253 104 229 42 94 220 102 35 111 210 247 157 211 142 180 117 51
    94 101 147 83 118 20 254 119 106 234 235 155 233 255 79 39 146 64
    161 194 131 55 82 112 166 59 167 124 243 251 94 117 168 175 210 50
    108 232 81 226 229 135 241 135 209 64 207 219 216 255 107 171 69 186
    119 129 113 7 236 176 106 8 116 250 225 199 111 21 100 61 231 43 88
    170 43 52 205 145 207 66 245 48 136 141 190 72 85 215 30 76 119 228
    239 130 74 171 210 173 232 31 167 152 23 23 133 218 254 126 209 139
    149 57 180 158 126 112 143 240 116 2 3 55 224 121 227 51 39 236 124
    50 165 133 30 96 126 140 112 123 22 149 241 88 106 237 52 94 110 82
    55 153 195 91 118 149 92 134 172 173 112 126 70 66 47 99 160 31 80
    192 116 115 234 167 73 155 215 189 91 255 68 93 126 10 239 10 93 18
    217 221 218 245 17 68 141 32 142 34 111 13 217 44 55 177 127 168 237
    144 139 6 140 188 55 32 191 84 228 220 75 37 240 239 172 89 118 233
    197 17 77 125 3 86 193 204 198 52 15 80 218 159 72 149 91 26 240 190
    9 138 186 132 215 191 9 188 96 54 48 28 190 64 225 214 222 176 237
    154 244 45 176 95 78 199 239 35 241 80 109 26 103 139 186 212 143
    184 43 163 214 229 142 9 10 126 91 32 233 150 11 99 60 165 135 84
    181 104 2 236 57 108 25 149 143 10 188 102 94 66 52 109 236 139 118
    66 159 101 183 233 165 193 10 88 113 232 140 251 183 255 147 82 82
    140 163 159 76 3 233 195 233 123 226 205 110 47 21 149 185 198 227 7
    17 190 215 20 73 156 195 132 34 127 65 23 59 124 213 246 148 224 115
    4 41 240 39 144 103 152 215 233 70 43 127 87 230 132 176 241 13 255
    188 141 50 214 149 230 97 227 111 163 95 164 198 115 192 4 49 113
    105 137 69 252 142 124 117 181 95 125 18 181 40 219 45 0 41 66 250
    27 68 232 159 223 40 188 238 182 111 25 201 94 35 125 102 244 42 181
    236 61 164 30 164 39 31 67 171 170 158 106 183 152 94 111 199 215 45
    51 21 154 52 8 240 56 112 30 195 6 108 33 43 237 86 196 190 209 26
    111 135 126 79 34 12 164 255 107 225 141 166 52 103 242 120 194 211
    175 222 0 18 201 51 144 44 194 13 149 9 121 74 25 130 113 120 219
    113 29 30 30 236 222 49 94 206 154 112 144 183 88 77 52 181 21 110
    157 72 185 244 154 214 180 151 162 6 68 201 107 168 51 80 54 177 166
    249 1 181 26 113 81 193 96 52 216 192 38 239 201 195 9 60 186 34 120
    237 144 156 29 178 179 251 106 86 220 215 73 197 48 140 77 214 124
    108 94 27 165 96 248 55 94 213 56 248 18 41 36 117 107 21 110 11 48
    64 130 99 35 139 206 152 25 202 251 93 182 124 82 147 55 114 96 3 66
    30 85 96 68 249 138 19 47 88 249 22 19 23 92 161 107 125 121 22 159
    113 13 254 77 47 99 51 172 141 121 143 213 219 177 75 252 60 130 185
    220 224 22 8 126 246 225 83 132 133 0 106 1 239 122 100 133 121 68
    167 219 38 214 36 215 245 124 155 254 83 149 81 252 15 154 65 134
    240 83 130 3 181 226 205 51 209 249 168 202 126 220 224 103 235 54
    149 27 79 148 161 88 174 185 218 20 134 4 30 254 1 13 31 138 30 229
    232 136 217 212 5 98 183 191 180 51 180 45 74 192 61 76 2 4 78 10 13
    161 5 201 147 114 177 75 234 140 89 241 22 164 250 181 199 109 179
    164 209 28 231 78 99 141 81 164 47 60 189 244 113 55 147 180 248 200
    83 6 125 21 33 10 164 233 127 152 72 27 136 213 160 149 119 4 201
    113 249 12 246 32 139 181 62 72 77 94 211 135 66 25 187 30 127 231 7
    57 93 4 227 102 231 233 190 49 236 221 135 129 10 51 114 7 237 141
    68 49 176 171 27 252 75 97 144 124 152 8 50 65 234 211 121 187 0 98
    132 133 205 68 222 60 46 69 54 93 178 226 55 114 99 88 11 167 107 40
    191 0 57 79 106 48 183 129 138 184 201 207 142 40 254 183 89 93 13
    206 126 214 241 26 92 18 55 52 83 63 5 21 200 217 192 9 149 35 91 98
    7 64 114 57 57 218 82 86 152 120 92 141 32 33 93 137 133 64 103 17
    89 47 235 217 31 154 70 102 67 205 78 21 222 165 31 29 40 242 172 86
    77 204 124 184 176 194 225 170 224 62 82 23 6 25 92 214 104 191 93
    12 230 253 36 103 68 190 57 173 160 26 151 47 204 190 141 128 92 130
    172 152 11 209 115 94 60 87 31 40 230 49 81 163 186 48 250 5 197 237
    194 200 200 82 215 154 202 31 83 51 251 74 103 63 234 58 146 57 186
    142 144 57 153 107 113 174 22 170 131 151 126 56 126 170 182 255 181
    2 220 220 29 96 39 176 88 202 3 177 99 178 223 23 78 193 189 234 37
    85 131 198 56 149 203 58 203 221 240 191 85 242 38 27 183 51 72 212
    255 61 47 83 244 138 109 156 102 38 186 91 18 204 233 108 51 250 109
    172 91 244 55 168 181 248 72 39 164 145 178 240 127 135 192 82 29
    254 148 249 202 36 121 79 73 176 177 163 13 39 37 131 87 56 125 80
    28 79 67 54 161 39 42 12 124 115 54 180 80 80 25 176 30 114 125 157
    85 47 46 122 172 61 191 56 53 235 32 112 213 255 80 141 168 4 64 146
    1 156 174 230 226 181 55 115 44 198 211 157 52 65 119 228 47 228 183
    15 189 47 138 71 198 253 156 34 170 16 95 153 130 12 143 172 243 212
    36 168 146 152 236 70 29 188 57 227 153 83 234 219 83 160 122 220
    249 208 120 186 132 215 156 124 121 173 199 35 81 93 128 255 50 68
    187 48 202 157 193 130 229 194 140 175 9 29 5 152 182 113 224 113 79
    107 242 29 137 94 214 73 141 238 175 225 104 204 108 110 196 132 190
    75 44 185 25 154 134 145 228 114 145 148 157 22 87 192 180 73 218
    105 200 122 215 202 226 208 195 158 70 135 190 9 180 92 240 195 188
    55 252 212 26 63 173 112 122 151 26 236 31 212 231 101 215 126 171
    194 94 234 122 206 16 216 87 19 205 211 38 46 108 112 161 155 207 50
    29 250 238 246 165 175 119 230 21 82 169 74 152 86 3 208 2 174 108
    66 67 79 190 43 162 188 252 247 222 53 27 243 139 50 1 71 93 72 139
    64 93 251 95 128 115 200 237 229 113 253 151 40 18 226 184 18 86 21
    113 116 27 213 252 233 153 37 217 244 42 129 147 229 58 70 123 105
    131 233 222 33 76 82 137 76 37 240 188 25 147 171 146 77 214 244 54
    122 173 157 183 226 191 143 60 185 27 126 207 235 224 230 36 88 53
    10 133 108 234 119 169 224 192 237 207 235 73 86 44 251 146 107 188
    205 96 206 116 195 236 168 128 95 130 106 247 107 85 184 116 104 40
    125 117 85 69 75 32 184 234 153 56 95 61 97 222 222 65 204 163 22
    176 186 128 78 209 163 125 96 17 94 209 111 156 218 78 81 1 97 113 4
    174 178 8 43 100 52 145 152 202 204 69 11 103 143 148 24 244 215 137
    134 133 204 199 44 95 69 23 179 85 23 138 68 137 171 0 216 116 109
    138 227 111 68 190 140 119 10 221 79 56 153 114 253 158 140 244 121
    219 93 150 246 36 118 83 127 187 66 237 33 142 77 144 35 181 48 121
    248 120 127 153 9 211 79 197 75 56 203 207 89 99 128 246 105 158 214
    187 78 52 133 248 254 160 198 93 133 23 133 25 82 254 245 115 157
    229 226 199 231 179 190 151 161 168 179 124 53 42 0 100 227 16 76 44
    124 93 86 150 15 67 255 145 144 79 97 5 228 58 149 121 3 19 238 216
    237 146 74 150 48 189 106 72 181 104 226 187 161 107 26 72 33 82 120
    51 244 106 128 254 157 215 85 126 206 142 42 64 237 174 23 38 230
    153 30 136 2 85 64 251 91 113 224 16 241 38 164 117 254 83 37 49 142
    168 134 136 29 212 11 163 96 193 4 193 57 130 179 149 103 135 146 67
    69 22 154 249 17 60 35 235 184 254 212 1 5 118 31 68 21 86 224 184
    63 212 71 195 149 193 170 94 169 30 145 116 200 105 234 75 83 236 81
    215 198 54 162 241 34 99 11 71 203 254 118 109 65 20 8 236 0 79 75
    182 236 90 96 148 207 232 198 191 72 58 160 204 125 76 124 198 240
    54 160 131 218 132 10 223 22 75 19 41 112 219 125 179 193 190 43 87
    136 116 7 234 152 27 91 200 51 7 148 252 168 223 103 12 175 165 210
    102 222 216 101 212 203 216 47 129 65 58 161 92 80 192 24 195 18 147
    217 94 147 253 253 54 117 3 35 138 0 13 211 86 104 161 57 187 47 122
    117 102 208 34 246 189 10 249 158 15 46 19 48 200 56 105 195 192 11
    232 58 0 7 90 171 71 167 88 116 0 162 201 108 225 4 89 136 111 120
    58 85 184 160 100 160 56 46 3 78 179 168 80 130 187 53 23 128 255
    209 18 218 71 4 233 253 52 218 178 176 192 60 99 26 67 163 247 6 26
    245 226 56 208 64 206 133 109 235 120 167 145 73 88 87 72 142 251
    194 153 142 68 254 38 182 141 126 222 46 229 88 247 76 110 45 216
    142 15 253 183 54 15 122 66 163 47 91 141 220 153 143 170 222 108 83
    184 12 115 99 246 198 151 18 184 251 216 18 122 160 33 234 78 81 172
    230 92 227 104 27 2 130 89 149 192 63 216 123 64 110 45 184 99 54 65
    93 27 6 139 217 222 241 221 69 246 215 202 247 145 224 186 216 168
    180 29 104 243 185 136 149 24 203 3 71 147 177 153 9 230 10 183 47
    140 163 70 46 136 170 186 45 9 37 149 221 46 21 181 86 26 247 116 7
    165 153 155 217 126 247 84 91 62 3 14 56 109 7 160 208 136 229 77
    171 153 62 149 215 199 125 206 104 140 212 187 127 174 110 158 244
    87 51 173 27 63 179 61 231 135 1 18 36 144 75 193 103 126 3 48 9 213
    206 216 61 19 61 200 137 100 20 23 125 167 144 1 58 90 144 102 185
    121 82 58 214 136 71 188 35 113 238 57 95 223 65 239 103 204 130 10
    48 223 131 251 37 152 119 73 106 71 131 91 99 212 18 226 194 106 249
    161 108 105 255 216 175 156 100 110 197 244 3 34 244 139 87 91 201
    20 147 94 80 248 210 192 11 138 170 21 128 196 188 39 21 192 223 253
    1 85 185 53 102 83 139 158 186 139 228 156 174 157 122 175 25 179
    186 59 203 229 222 125 124 34 115 140 1 102 104 25 30 175 247 247
    130 222 106 185 155 78 172 52 165 115 19 229 96 74 42 249 48 152 45
    66 187 43 17 29 144 148 198 241 117 82 213 104 229 180 119 36 226 60
    165 121 163 197 250 181 18 243 76 23 72 115 231 156 61 169 239 215
    184 68 249 115 168 122 253 231 88 244 35 118 100 147 132 199 43 131
    89 168 71 150 71 226 0 186 164 194 210 50 196 178 35 189 72 137 11
    65 243 158 171 64 125 118 12 170 30 61 200 245 207 42 189 200 168
    143 57 254 63 138 206 13 38 121 143 109 149 238 49 113 224 14 32 52
    245 154 229 133 9 195 187 178 197 174 208 208 253 40 138 99 85 78 0
    74 138 107 191 1 251 47 201 134 196 207 224 9 203 47 17 215 89 154
    176 128 53 89 11 87 216 237 198 146 83 94 80 198 100 214 95 0 201 1
    146 118 70 188 56 65 68 58 59 21 62 175 211 49 168 116 226 19 179
    238 158 255 108 217 217 171 118 132 12 15 86 102 102 253 149 27 85
    13 49 164 98 134 189 28 86 82 181 11 78 49 245 66 246 164 49 45 158
    175 51 32 174 62 164 178 26 200 179 154 68 55 9 173 153 236 123 98
    186 46 201 222 17 49 52 144 161 140 60 52 117 5 53 148 234 12 161 45
    208 14 151 125 236 84 16 164 84 4 88 185 10 25 225 86 243 0 171 254
    193 149 24 12 17 52 83 196 120 107 76 44 142 209 116 185 154 25 129
    184 132 164 174 82 28 57 216 211 111 183 153 98 212 2 176 197 245
    107 193 59 27 108 76 203 91 214 97 123 189 239 64 85 218 200 103 0
    186 42 12 23 138 61 42 79 177 67 194 88 141 157 23 5 59 218 158 8
    183 122 14 166 252 149 106 153 135 116 53 224 39 0 37 120 78 99 133
    171 200 162 80 189 50 100 165 9 188 61 24 38 216 185 112 55 242 180
    94 227 173 149 253 174 81 203 216 48 69 65 184 233 232 88 201 121 14
    143 251 34 88 54 177 224 118 131 132 16 203 19 241 103 73 189 11 225
    144 231 106 6 243 211 100 238 156 103 237 228 117 20 232 70 239 182
    195 195 179 244 246 38 28 218 41 100 255 59 168 11 78 77 168 176 20
    12 248 157 110 253 150 28 40 217 40 9 75 77 36 116 229 220 165 73
    176 28 226 169 45 25 168 234 234 126 29 155 174 101 94 70 4 62 63
    109 29 215 172 32 10 239 3 144 245 187 189 200 210 142 11 92 164 76
    6 105 56 103 128 159 157 203 142 239 110 141 160 98 94 182 86 55 90
    110 175 2 239 209 86 128 115 61 255 202 225 193 124 166 170 28 18 51
    147 241 18 95 186 121 220 22 188 147 167 168 94 184 28 246 70 167 25
    203 159 93 147 195 37 73 10 120 18 90 114 64 137 42 34 204 174 96
    254 157 98 181 24 172 54 136 111 115 124 192 52 32 232 25 244 150
    249 206 224 138 75 58 123 22 125 115 124 15 97 203 21 85 73 218 99
    212 39 240 201 171 186 200 80 125 18 239 35 95 133 150 206 91 114
    174 68 185 160 195 57 131 210 236 240 78 179 233 236 119 62 75 59
    133 132 30 247 42 47 171 34 34 214 229 200 143 238 197 126 79 4 254
    126 242 218 246 67 69 169 3 235 215 67 125 90 51 136 239 215 140 204
    83 85 230 164 57 133 198 177 93 54 53 88 83 108 97 43 33 184 168 196
    252 18 252 95 210 85 232 197 195 134 5 128 127 192 59 245 102 175 44
    147 11 231 123 239 72 2 157 87 199 66 247 91 133 92 106 194 80 90
    216 175 36 164 151 255 43 119 199 143 228 120 79 180 16 186 99 242
    13 23 163 1 19 142 136 81 216 75 138 94 56 248 243 101 69 188 250 5
    164 160 114 194 207 19 194 90 36 4 190 189 120 145 228 33 222 37 182
    123 245 37 66 200 240 80 133 142 230 163 195 76 87 201 212 87 5 11 6
    215 150 63 230 159 53 150 2 16 50 2 74 138 76 228 145 15 207 62 202
    91 45 177 58 216 226 249 228 175 144 142 224 171 25 161 232 205 215
    14 54 133 95 17 111 210 237 196 156 251 212 11 170 78 250 157 97 18
    130 15 182 212 64 255 236 137 158 194 252 168 33 114 196 211 103 236
    204 239 219 206 32 96 198 170 181 105 100 211 20 150 242 23 174 54
    109 219 38 92 116 234 56 109 80 122 204 178 131 229 227 18 26 252 71
    239 191 90 5 124 248 99 87 47 230 180 94 247 166 100 42 204 188 31
    79 227 68 144 156 47 208 221 16 165 213 143 203 60 54 51 15 118 16
    35 164 162 166 131 100 103 196 157 103 188 237 238 141 133 123 3 247
    53 221 68 198 38 172 207 23 111 57 77 43 109 63 162 79 167 41 174 56
    180 26 59 230 43 104 229 2 42 246 21 254 33 208 50 178 118 20 252
    194 174 199 153 31 23 146 32 37 105 102 18 102 1 90 42 42 68 0 176
    135 149 198 153 118 226 121 12 212 125 12 208 148 79 212 248 226 56
    61 146 111 232 76 68 22 134 4 178 97 41 173 69 171 150 67 131 86 4
    142 67 188 103 173 111 161 15 170 84 169 130 154 79 89 43 65 14 224
    128 103 242 75 82 212 67 7 130 163 149 125 68 43 29 250 118 11 99 12
    119 68 225 221 235 181 146 245 199 38 19 152 30 103 218 153 73 214
    66 124 4 70 163 188 68 204 239 21 165 39 5 115 212 23 105 43 116 99
    7 3 70 77 100 253 17 255 246 134 60 114 48 253 112 92 182 95 234 139
    244 119 153 81 15 189 27 246 32 16 4 181 112 208 236 138 7 54 244
    124 57 161 223 236 1 220 71 26 230 69 213 210 247 203 114 211 105 76
    152 237 191 39 98 128 226 200 155 175 40 31 226 246 113 21 4 44 194
    184 170 250 98 24 139 98 205 77 14 135 252 118 167 235 251 101 137
    226 115 161 23 33 190 249 85 109 114 81 201 42 217 160 112 107 121
    210 126 183 212 185 79 162 96 137 22 249 47 234 6 222 212 212 241
    115 191 248 57 164 2 144 229 132 218 56 103 247 238 209 137 67 125
    126 12 25 77 132 168 73 79 64 252 74 56 141 151 29 147 27 7 13 75 17
    208 143 110 202 231 10 228 158 221 252 69 160 201 153 252 63 11 57
    57 91 84 8 13 161 234 212 220 25 185 79 185 26 215 253 172 164 146
    50 191 46 228 203 164 69 9 239 185 173 94 181 115 127 52 147 65 20
    132 130 224 59 188 175 94 59 50 227 252 136 119 163 157 184 249 78
    127 51 77 205 208 152 196 224 111 7 12 177 182 82 159 199 196 26 175
    191 56 157 0 108 94 228 123 31 234 155 4 208 10 102 151 21 11 211
    141 250 228 130 204 78 48 183 174 51 126 89 228 118 96 70 167 59 163
    134 170 201 201 28 176 22 68 252 8 143 169 96 164 26 136 64 24 168
    182 243 52 173 159 4 28 43 89 218 248 87 135 195 221 201 18 180 206
    224 202 207 228 59 45 36 1 128 137 78 48 42 51 217 25 220 72 115 119
    156 188 226 102 66 244 4 178 229 48 170 78 169 88 138 112 73 43 144
    187 83 207 119 224 55 77 42 61 82 238 183 225 20 37 215 67 62 65 140
    52 137 190 192 170 102 78 226 3 15 130 215 107 187 19 44 27 14 144
    242 134 5 120 250 48 166 4 74 170 87 37 9 107 255 248 86 213 203 179
    60 174 21 155 188 253 87 32 120 4 55 114 169 212 197 53 168 61 80 23
    17 87 119 17 41 123 31 209 18 154 226 111 170 65 167 37 243 135 66
    108 213 162 124 246 70 253 60 167 130 188 147 49 38 33 214 7 164 98
    156 69 63 167 54 96 111 161 209 88 7 0 60 41 157 199 52 240 224 216
    224 42 11 180 181 232 115 185 2 124 167 92 201 210 211 139 12 40 26
    82 228 7 14 85 231 37 83 224 6 119 59 89 51 16 92 111 116 14 241 174
    246 46 138 104 157 206 189 13 20 137 83 70 247 93 133 54 53 135 135
    96 3 122 126 1 204 30 120 68 223 252 64 86 152 111 154 5 69 116 60
    251 249 56 189 171 111 74 84 19 138 170 238 217 184 120 250 137 113
    10 21 9 98 234 119 13 163 175 63 141 37 102 149 83 233 247 105 142
    40 55 103 150 230 138 78 167 1 154 59 121 167 234 94 73 73 129 28
    143 234 101 57 109 196 133 4 198 196 171 14 177 246 234 64 124 30 93
    162 195 214 228 57 225 53 109 33 142 35 157 252 140 96 63 19 80 176
    58 154 179 252 211 174 231 34 157 252 161 88 4 171 128 127 7 25 24 9
    240 230 251 24 18 110 7 194 20 122 131 18 78 190 107 184 212 140 243
    85 128 134 251 69 158 249 175 109 113 216 38 24 249 201 100 29 79
    203 189 35 236 104 251 119 181 19 34 126 0 7 216 192 70 132 117 70
    73 67 249 74 44 38 12 222 63 139 196 172 85 141 90 229 108 146 165
    193 38 255 19 31 255 1 150 72 21 194 133 124 192 254 213 248 155 156
    224 163 198 250 199 230 31 137 110 127 165 55 196 95 201 157 92 164
    24 177 247 37 44 158 115 185 236 139 84 166 165 167 83 244 38 114
    255 159 0 177 102 221 88 254 156 134 213 68 216 166 110 122 5 242
    191 36 108 229 11 136 33 198 102 35 26 182 174 94 241 126 249 101
    115 218 245 136 81 244 68 250 70 243 235 141 53 87 54 107 183 158
    131 139 123 40 133 24 237 50 106 25 187 181 241 71 155 150 98 66 108
    203 0 54 16 168 166 90 199 228 201 218 201 236 192 79 185 138 132
    138 242 154 176 83 12 86 178 168 105 207 89 172 156 61 37 221 205
    105 205 250 105 62 214 179 45 35 141 231 132 218 148 142 140 164 87
    169 243 18 198 42 251 139 20 251 116 2 47 133 84 7 207 79 193 73 190
    220 118 214 215 161 73 2 119 183 87 124 112 21 225 55 204 233 56 121
    191 232 6 30 219 26 213 156 88 222 184 106 146 254 241 56 226 235 81
    76 7 37 66 221 120 105 162 103 111 99 56 230 146 206 119 49 249 40
    190 104 119 52 133 30 169 56 89 75 4 43 149 57 39 81 131 174 46 4
    243 145 62 96 168 238 189 75 149 188 98 65 16 189 230 198 232 105
    120 70 243 161 161 226 252 101 20 227 47 34 5 215 129 127 48 48 155
    20 117 204 39 169 106 172 101 188 113 42 196 111 89 128 147 218 27
    36 174 206 64 221 93 73 75 68 102 101 192 196 1 64 14 29 188 252 88
    28 25 147 167 243 173 163 18 217 194 246 223 123 181 119 106 239 40
    79 30 204 90 251 205 212 160 134 85 201 196 94 35 224 3 52 128 100
    87 244 53 15 56 69 119 64 14 101 245 251 228 221 159 106 171 243 125
    108 59 235 160 248 83 226 250 101 233 99 217 12 141 77 92 67 196 85
    193 13 143 62 70 138 146 113 119 139 22 47 154 140 59 151 227 139 66
    231 60 98 54 172 180 196 34 239 52 158 184 56 169 46 21 211 61 18
    119 218 117 22 104 246 15 145 100 147 73 80 169 207 38 73 142 159 68
    254 145 219 67 147 125 22 208 117 67 107 100 66 49 219 34 45 57 59
    145 231 155 76 95 44 193 246 11 121 95 149 106 55 135 34 176 161 165
    135 49 235 202 197 201 45 122 15 39 18 191 150 239 251 22 22 67 177
    82 218 225 145 176 30 83 224 100 45 228 130 224 130 155 63 132 49
    189 83 210 97 180 188 32 12 194 244 104 81 34 77 65 252 194 254 176
    85 246 177 202 97 30 196 95 163 73 214 203 28 157 211 56 6 7 148 157
    127 170 20 40 40 49 205 36 83 85 188 201 152 82 119 65 253 103 162
    10 151 180 77 39 184 105 88 89 118 75 187 24 89 90 45 158 61 131 152
    67 67 209 27 156 112 145 12 132 86 152 173 230 110 20 232 113 214
    159 186 169 85 8 57 225 192 3 245 227 189 105 172 110 129 5 49 250
    184 135 28 121 96 229 126 92 27 182 186 151 70 99 14 116 204 100 80
    234 148 128 221 28 221 39 4 177 223 191 244 136 213 150 75 235 105
    70 130 103 218 215 83 92 213 145 197 186 199 38 16 72 237 28 183 23
    174 69 139 185 14 70 52 232 26 3 129 202 148 79 207 161 225 118 170
    55 128 141 233 238 166 242 82 175 119 21 155 91 245 159 168 199 248
    233 145 16 99 214 210 168 216 29 147 219 82 191 39 180 68 18 165 194
    122 31 242 125 99 132 103 57 172 50 188 60 167 253 240 118 108 216
    127 70 68 33 155 135 13 231 5 158 95 233 71 108 33 179 172 25 245 59
    36 64 137 191 202 182 42 114 231 164 205 95 200 107 92 16 60 126 105
    4 213 183 145 56 71 215 122 41 155 9 97 25 226 150 223 49 213 148 79
    148 206 34 114 186 48 215 110 28 208 179 40 35 222 224 226 248 123
    197 140 254 195 177 124 20 13 193 113 163 84 112 42 142 134 138 67
    154 127 139 11 150 117 48 62 69 153 121 118 151 3 79 115 35 171 133
    172 230 80 213 227 105 80 132 196 28 207 9 55 149 193 238 199 42 80
    58 85 71 44 126 13 194 199 43 82 190 101 201 73 128 53 167 45 172
    246 69 228 91 112 185 121 12 225 114 35 11 55 130 71 110 120 116 124
    84 24 137 95 194 20 31 149 216 76 160 64 227 144 189 61 195 188 247
    134 131 182 136 171 41 52 10 231 106 206 255 44 145 37 242 10 254
    126 78 244 35 122 76 65 57 215 189 3 162 180 254 253 253 137 76 211
    208 221 234 221 98 145 10 98 93 13 243 120 1 0 159 120 151 202 190
    160 178 52 237 167 90 134 83 78 232 108 53 63 19 72 64 250 216 145
    90 4 229 118 196 72 53 5 59 240 191 10 237 27 248 240 95 88 61 222
    11 54 159 24 30 210 85 84 60 36 222 88 164 163 60 189 142 4 48 83 53
    177 22 56 124 136 32 60 204 39 245 218 116 217 121 1 32 16 186 229
    119 105 207 230 238 68 241 84 206 207 120 5 16 139 37 245 200 2 125
    214 155 133 230 21 127 95 207 217 152 149 133 81 187 37 32 81 82 40
    95 34 168 131 40 207 86 206 43 10 4 220 141 54 195 24 121 12 198 79
    50 134 89 22 163 48 14 66 12 50 38 7 162 178 218 61 250 101 108 234
    144 215 44 152 200 41 224 184 140 24 179 132 162 8 56 207 133 87 19
    84 132 113 70 238 58 9 170 173 192 7 139 230 120 70 21 86 154 237 44
    14 211 194 3 234 245 61 41 0 196 192 202 110 228 81 219 12 104 56
    200 195 87 18 178 193 14 205 79 247 18 228 176 71 171 105 92 181 228
    94 19 193 45 79 110 242 37 17 59 240 21 222 33 53 232 127 84 20 25
    174 97 230 139 92 2 234 64 10 126 91 68 97 143 185 0 218 171 218 76
    92 245 89 12 159 7 145 17 210 253 183 185 18 249 14 96 184 234 109
    250 82 157 126 170 133 88 207 185 184 195 100 183 218 172 22 64 222
    20 56 177 127 128 10 13 138 87 53 229 128 48 139 220 154 210 245 62
    148 58 207 95 168 64 57 233 95 248 125 70 170 166 130 129 134 189
    191 141 242 219 88 161 20 6 138 196 36 1 32 137 76 87 35 162 0 194
    208 160 254 245 103 94 115 227 164 25 232 113 63 129 231 64 125 118
    252 84 44 79 98 115 131 185 178 244 165 182 217 171 207 171 7 160 22
    57 84 174 25 203 246 88 115 91 98 198 101 39 199 8 126 0 63 166 126
    217 43 19 56 107 10 236 23 18 62 245 165 35 249 53 32 14 240 255 249
    164 13 131 128 169 203 46 225 201 22 204 55 200 181 156 72 179 248
    190 34 192 186 25 24 222 38 43 251 61 67 184 55 211 53 198 6 73 0
    132 199 100 239 204 167 218 76 170 89 199 98 189 24 211 254 132 162
    28 37 168 253 142 91 104 206 2 48 103 121 79 218 62 46 245 25 12 212
    106 25 166 222 76 54 7 173 154 140 227 96 85 224 242 57 3 16 29 27
    161 107 66 93 113 85 33 227 26 121 150 156 220 80 92 40 134 199 220
    228 230 9 230 98 37 225 88 240 232 112 140 98 7 190 79 155 87 149
    227 210 50 47 169 222 56 222 170 249 175 93 79 156 192 174 128 84 67
    170 110 169 68 37 153 138 97 233 109 83 51 78 209 176 103 233 222
    208 177 126 199 64 176 15 228 29 196 249 26 248 138 227 220 147 249
    209 44 210 184 23 157 254 240 138 102 148 132 119 179 27 103 204 158
    85 176 136 117 241 23 112 202 88 167 235 15 137 72 226 243 158 11 11
    170 122 39 78 194 134 134 60 92 226 229 200 169 186 217 206 46 23 24
    178 59 214 207 82 151 158 47 41 159 111 167 165 127 45 198 224 98 28
    58 70 162 165 84 253 75 205 83 152 57 192 199 126 169 115 225 76 6
    198 16 218 129 127 67 215 93 28 39 175 11 195 32 219 75 33 67 140
    183 76 114 30 48 135 46 21 26 28 111 180 159 120 37 51 149 131 53
    227 174 185 61 125 86 164 93 225 225 123 210 62 57 94 10 41 87 47
    202 65 27 179 105 216 31 152 213 207 116 233 168 1 223 91 247 255 20
    223 173 77 174 116 50 132 191 132 61 63 14 169 239 117 192 69 130
    177 224 88 173 236 13 64 102 211 212 15 121 13 72 0 5 106 39 120 22
    242 10 223 191 229 249 73 247 170 230 241 85 154 165 73 75 65 165 40
    176 55 148 127 133 100 13 169 249 136 215 216 205 121 153 99 162 134
    210 161 160 63 189 46 23 96 75 72 49 142 22 20 133 108 8 62 68 127
    129 78 219 201 41 147 21 119 183 9 150 177 23 137 33 21 240 145 49
    124 156 59 237 131 183 109 36 41 81 138 209 121 85 52 129 116 2 18
    85 51 165 125 193 182 175 214 135 236 223 193 157 211 159 248 97 233
    183 108 79 5 103 182 126 215 241 54 252 27 171 116 96 111 205 242 26
    32 219 199 102 113 210 141 84 163 250 101 203 216 38 4 74 7 52 148
    19 144 22 104 241 18 253 54 207 145 116 138 253 134 52 28 99 82 199
    64 122 95 92 230 176 10 95 166 56 1 139 65 76 248 3 127 183 250 111
    121 205 219 136 130 109 105 142 43 95 44 189 206 189 55 42 89 231
    183 49 103 232 125 95 162 96 90 149 101 10 94 221 148 255 96 251 162
    33 182 112 11 44 193 0 113 82 149 167 233 61 65 13 140 172 86 86 161
    93 107 7 45 67 191 37 193 223 183 151 73 2 208 53 143 3 25 102 207
    69 186 69 48 74 56 219 81 45 81 90 178 231 53 95 198 227 23 93 74 67
    18 26 113 112 56 174 46 3 155 65 18 142 167 191 179 240 136 238 0
    102 85 164 41 181 23 115 2 90 110 150 240 192 55 19 237 127 186 220
    82 107 183 228 107 58 228 140 197 250 160 169 246 245 94 248 200 176
    219 232 139 189 3 64 215 163 117 33 181 4 241 164 175 109 57 71 133
    73 172 35 36 147 245 57 212 103 242 115 174 74 255 106 228 190 27 73
    121 111 197 215 195 32 126 181 171 97 210 166 172 17 17 65 166 81
    153 191 250 7 131 237 183 245 133 211 2 29 156 183 234 13 237 107
    178 187 70 178 134 137 207 90 113 219 36 35 217 206 43 113 186 103
    47 158 54 113 123 167 117 101 73 13 107 67 78 217 171 103 88 13 82
    205 89 179 141 173 7 192 229 181 8 116 65 166 64 60 201 204 85 173
    33 71 112 75 217 147 25 127 51 36 187 190 175 98 28 158 191 12 75
    177 55 2 48 183 142 245 48 56 97 95 117 208 117 148 212 47 128 93
    167 190 163 238 147 92 228 178 14 46 79 100 163 187 210 28 71 232 45
    21 143 208 10 162 24 42 206 114 84 134 95 111 54 225 173 40 214 203
    44 253 15 61 176 215 5 69 178 24 42 196 10 141 238 183 144 186 139
    147 31 157 103 232 105 5 132 103 185 188 116 7 2 113 115 125 132 31
    239 81 147 44 170 199 209 134 131 75 120 98 83 55 224 93 24 45 17
    197 7 127 12 11 109 26 111 13 171 6 25 161 209 88 170 81 27 109 167
    0 157 242 145 22 73 140 203 31 136 175 13 73 155 130 183 54 187 99
    169 173 40 137 67 50 12 236 236 61 104 187 59 242 254 99 115 170 226
    249 148 222 9 38 92 98 51 102 93 102 146 86 26 12 76 171 179 201 255
    151 179 47 39 140 36 132 108 89 123 191 27 98 30 80 30 46 116 231
    175 172 114 175 165 71 197 26 213 35 39 122 162 131 195 43 238 243
    220 28 221 206 248 84 123 189 23 166 78 10 223 198 180 176 244 191
    215 210 9 189 15 244 248 19 100 168 28 93 85 94 55 28 134 95 218 108
    41 45 207 32 254 30 52 165 89 67 88 108 61 114 152 200 67 98 53 104
    104 25 24 144 181 186 105 88 92 80 155 45 177 8 133 20 161 138 87 7
    99 162 140 77 140 64 198 79 100 26 92 150 22 131 197 41 67 21 161 39
    96 108 130 35 82 56 15 165 6 13 253 195 101 113 117 40 169 40 89 125
    2 188 7 65 231 134 13 54 56 50 155 145 29 27 174 132 78 172 158 212
    125 105 176 34 28 210 160 111 31 134 16 132 132 169 99 2 63 96 255
    185 33 67 4 192 84 213 156 87 166 125 127 172 163 186 97 27 51 139
    97 90 113 157 190 4 60 185 200 116 156 69 215 233 29 106 247 20 3
    206 152 151 234 20 181 178 247 223 192 106 156 240 57 213 211 1 57
    122 21 152 160 123 231 140 198 42 180 5 250 96 241 196 191 106 252
    28 0 162 31 203 190 8 254 36 186 193 8 171 144 192 231 17 159 10 208
    219 183 216 185 192 172 51 66 216 245 74 201 30 150 90 218 167 236
    43 84 184 165 18 31 210 5 184 198 90 50 64 234 81 63 212 78 94 253
    221 24 190 97 58 136 31 129 243 27 248 81 45 149 131 236 154 225 99
    189 105 102 101 160 129 66 15 30 66 110 153 4 100 14 6 179 65 2 223
    196 58 107 46 34 127 103 118 155 124 150 12 126 99 7 245 137 131 250
    5 89 242 249 32 222 12 47 212 182 167 108 214 61 13 166 200 140 117
    140 55 201 70 248 204 200 81 103 94 200 206 164 75 253 226 42 175 6
    24 18 171 115 45 86 17 103 34 34 62 248 243 203 240 115 227 152 205
    47 143 188 114 88 201 172 242 240 248 135 136 213 2 248 152 195 2
    153 113 147 167 94 198 5 192 213 109 146 63 51 205 209 53 6 85 191
    97 121 54 5 192 254 121 213 130 67 150 58 122 243 250 193 207 195
    203 243 193 214 186 198 177 201 65 194 210 136 214 226 239 98 88 171
    111 73 127 156 56 216 215 150 50 41 150 106 228 100 96 97 1 249 63
    48 44 155 119 61 90 255 75 166 13 222 120 37 235 127 13 19 137 62 42
    62 247 55 6 242 172 5 244 37 25 176 191 201 53 87 139 181 227 141
    217 139 224 67 71 27 217 168 197 219 82 78 223 229 112 171 78 225 34
    65 216 200 239 176 124 75 91 144 223 0 218 80 39 117 183 65 76 222
    120 110 8 18 30 163 37 62 62 155 107 65 191 227 194 171 164 51 33
    103 114 196 47 26 141 117 224 154 209 174 245 193 184 77 105 169 10
    57 137 115 35 14 41 242 23 161 184 40 98 235 254 212 19 9 151 235
    231 100 161 14 33 236 160 125 107 245 232 69 34 247 41 89 116 202 94
    187 195 127 1 131 143 159 38 193 104 108 113 198 221 177 63 198 86
    109 23 254 9 82 155 244 86 75 103 125 176 59 136 159 203 130 82 148
    255 22 118 38 91 43 23 108 198 206 92 39 65 219 33 137 235 90 71 134
    247 46 194 99 60 186 190 86 57 75 249 122 35 58 249 68 42 194 20 193
    250 87 30 77 171 8 247 80 54 245 221 198 159 210 76 145 81 250 108 0
    83 128 228 199 184 201 99 41 17 228 6 219 166 102 201 248 218 28 207
    129 197 35 38 101 214 92 174 214 135 96 118 91 44 12 91 179 191 208
    200 46 12 161 127 145 54 14 150 121 210 26 189 35 240 186 87 6 185
    40 112 208 93 177 206 199 82 40 173 68 49 254 74 195 40 161 226 233
    209 196 101 237 138 248 82 107 242 113 134 7 43 253 241 43 16 160 60
    73 111 191 209 92 166 68 143 168 118 13 1 12 149 175 189 35 196 120
    158 89 66 31 201 131 61 116 23 229 36 153 172 55 106 89 250 89 131
    121 110 59 40 54 204 49 117 82 101 56 142 160 237 53 46 78 1 74 173
    101 230 102 114 118 168 3 118 99 57 68 58 159 74 169 34 35 236 25
    112 186 87 142 141 197 57 247 198 121 98 191 249 129 103 70 249 39
    44 181 89 143 187 121 40 167 89 120 175 214 8 184 100 182 35 109 65
    237 255 135 62 6 148 13 220 210 85 227 82 19 52 35 139 229 34 145
    149 226 121 113 237 54 203 56 168 248 138 88 193 155 1 92 225 69 167
    217 170 20 38 180 180 124 96 92 30 250 251 170 118 183 135 22 18 61
    24 121 140 102 215 167 113 156 243 44 179 9 149 145 227 186 54 73 67
    131 114 121 117 47 184 131 229 26 28 219 52 167 149 99 197 30 199 29
    8 5 186 245 164 143 14 163 31 21 195 39 8 75 137 215 42 219 231 224
    127 44 40 227 88 38 32 62 80 177 4 104 56 100 175 63 91 223 65 159
    113 152 25 15 157 230 49 19 244 65 105 243 164 7 71 228 94 245 32 16
    223 68 172 175 195 217 225 133 177 76 96 187 63 99 206 104 242 236
    165 18 240 186 76 10 247 120 111 166 156 32 232 178 25 205 118 137
    232 217 152 174 43 91 162 211 240 126 125 206 134 116 71 35 250 18
    17 72 226 96 189 104 75 145 93 97 233 18 222 203 140 152 190 149 79
    182 149 126 180 99 0 206 117 225 158 150 243 111 243 238 70 142 169
    0 138 159 149 83 52 5 37 20 190 244 78 19 94 227 5 168 170 128 3 238
    90 19 170 163 26 227 20 4 240 53 191 238 25 42 89 15 166 169 110 144
    38 0 170 14 241 170 27 182 17 50 183 103 134 108 75 96 242 53 119
    215 102 154 115 152 240 79 68 73 97 172 122 7 99 144 95 102 241 157
    47 108 105 75 133 93 174 119 30 227 213 63 251 5 160 157 40 79 60
    233 183 156 169 66 232 16 112 237 105 50 167 198 234 237 28 113 250
    241 91 152 32 42 97 172 60 209 180 64 193 47 231 184 196 176 189 151
    88 114 78 92 17 213 21 232 115 191 241 194 15 145 214 128 247 237 53
    250 210 147 218 245 205 46 4 229 29 186 30 155 26 62 100 180 227 167
    192 222 124 30 62 28 19 239 188 152 125 219 229 96 18 195 187 92 99
    63 42 11 237 157 115 161 97 131 189 132 177 159 164 98 46 37 119 201
    44 37 2 8 0 198 166 173 163 203 217 8 103 140 195 63 82 127 221 122
    2 233 230 119 118 223 195 185 140 190 96 195 4 85 15 68 37 247 235
    31 233 170 229 107 241 70 92 238 62 45 250 84 18 40 171 42 250 236 3
    122 54 79 178 243 217 253 52 190 95 233 244 136 65 73 164 62 224 42
    141 126 97 246 246 82 6 58 132 211 201 95 136 205 110 240 241 219 42
    239 206 169 48 108 49 9 48 77 63 61 103 187 12 103 18 164 181 20 64
    56 231 65 40 10 158 233 115 45 218 189 154 49 241 67 48 220 154 10
    146 164 229 62 57 137 211 61 128 113 89 114 233 42 215 56 78 190 57
    36 143 29 42 91 43 93 101 202 242 163 249 8 245 76 249 112 77 208
    126 35 158 101 2 182 231 181 177 61 120 211 161 94 130 25 117 205 95
    120 50 226 185 192 34 201 196 248 194 204 185 251 24 65 107 244 104
    37 95 63 38 23 201 227 173 55 174 228 7 73 204 118 142 244 178 66
    135 200 181 1 8 235 140 191 248 204 5 147 40 219 69 103 111 13 229
    73 202 177 154 177 220 64 42 123 155 114 25 233 239 216 228 197 205
    68 176 7 11 169 215 189 111 133 245 25 157 16 154 12 221 163 64 90
    132 60 128 253 184 96 106 154 113 238 169 46 8 77 101 69 45 71 247
    196 40 128 141 177 145 203 238 176 84 17 233 126 180 77 13 102 70
    218 238 27 196 192 237 95 178 161 39 28 81 58 232 4 116 247 219 236
    18 182 151 155 48 208 115 227 201 48 186 254 7 38 43 138 231 162 32
    48 240 180 26 229 214 105 191 124 217 125 60 31 96 39 103 70 163 255
    43 115 34 98 246 152 92 31 160 199 120 92 90 36 180 144 102 32 234
    204 131 13 25 225 101 188 38 125 73 108 129 237 79 249 65 43 185 121
    190 252 183 235 252 222 184 20 41 196 12 50 34 190 138 246 220 85
    217 51 79 226 232 66 207 197 85 24 133 243 171 149 88 16 56 53 145
    78 78 153 226 161 187 70 133 138 54 174 143 32 5 25 153 139 235 41
    118 200 25 101 7 7 56 185 237 253 170 203 130 181 207 221 241 112
    204 93 46 192 16 212 207 146 64 249 108 133 225 43 195 63 176 84 89
    61 21 59 98 134 148 40 88 90 46 65 223 125 193 27 219 50 82 42 217
    254 175 55 88 251 222 84 45 34 145 220 244 195 66 17 176 57 82 237
    208 68 146 212 14 139 165 51 114 45 210 159 226 4 236 86 104 197 180
    105 129 24 73 178 168 35 149 161 67 81 216 47 96 146 13 10 56 63 40
    216 55 195 140 218 235 103 35 29 125 106 85 227 138 3 137 82 133 138
    33 161 70 3 165 130 132 150 48 37 123 33 71 167 246 38 15 148 67 251
    104 45 95 16 85 172 134 82 17 220 178 30 174 17 77 78 225 217 111
    228 44 146 237 15 177 164 39 245 37 249 61 247 150 37 155 181 31 187
    67 151 16 144 190 222 22 226 198 235 125 25 157 234 16 98 100 45 191
    76 74 29 186 88 154 247 58 160 132 126 254 132 133 201 186 58 215
    198 236 119 79 103 1 176 96 168 189 211 68 164 210 183 92 223 208
    189 174 224 110 250 3 105 27 60 243 174 68 165 57 62 109 180 140 238
    158 115 111 246 223 253 69 37 124 36 195 246 109 105 100 89 23 106
    206 203 83 114 111 131 169 253 159 139 161 197 99 247 105 139 87 97
    209 245 17 159 108 86 151 125 80 237 41 237 173 233 226 218 185 94
    201 76 32 67 72 59 71 22 30 18 133 2 192 212 48 42 198 24 224 229 44
    74 249 181 204 236 41 67 147 178 224 108 113 17 36 193 211 3 139 170
    188 130 32 128 61 181 120 133 154 227 15 19 239 109 247 151 28 213
    122 71 70 122 119 112 17 138 126 197 7 143 148 133 146 199 89 101
    128 63 38 188 163 12 213 38 22 43 198 162 142 50 121 14 7 43 19 14
    173 97 37 99 154 197 116 3 50 9 5 124 116 172 104 129 168 46 151 209
    115 60 200 95 251 47 190 64 179 162 162 103 83 218 26 162 249 214
    102 62 141 215 159 241 54 6 208 32 189 204 31 124 74 188 191 191 19
    131 225 33 132 176 29 236 189 203 194 37 9 70 224 238 69 70 173 40
    38 215 144 163 240 7 168 80 185 239 78 52 121 168 135 22 159 203 243
    55 133 112 62 177 24 220 240 208 224 64 78 100 19 58 226 239 167 66
    61 239 66 189 226 32 200 127 72 99 174 33 91 60 214 107 174 211 195
    50 181 204 230 198 247 68 243 239 180 12 214 116 138 47 65 192 147
    131 48 140 55 189 98 192 201 94 130 19 226 184 197 243 72 191 193
    126 226 55 166 159 218 168 163 175 82 116 39 127 1 74 6 244 160 251
    105 160 229 55 117 25 218 33 27 136 92 124 124 108 184 107 148 159
    68 210 239 204 69 206 41 249 177 207 28 72 108 193 158 123 105 22
    130 184 95 226 118 55 209 73 124 148 45 156 158 181 76 172 167 5 144
    190 0 199 253 246 164 122 169 123 50 55 235 92 80 75 193 20 110 192
    119 242 218 114 74 199 52 214 24 242 183 241 219 231 110 55 222 203
    73 47 6 251 27 212 47 83 128 223 245 12 111 41 52 232 95 241 241 4
    133 49 88 17 123 249 30 213 48 11 199 235 161 198 148 62 84 57 226
    184 135 88 93 109 2 153 99 163 31 66 155 231 40 131 180 2 110 88 53
    209 211 136 249 34 249 107 117 188 55 232 193 172 18 84 140 228 255
    79 8 250 91 69 164 144 212 220 23 89 219 143 195 249 210 124 143 71
    81 97 193 98 21 217 131 84 228 99 8 110 89 186 5 82 225 17 228 233
    116 145 187 3 119 101 238 188 41 157 116 214 167 184 161 149 112 221
    200 107 242 173 36 115 26 168 198 85 25 170 210 42 230 255 86 139 45
    160 124 9 250 112 1 27 71 44 120 163 5 69 122 163 231 133 55 30 57
    125 83 1 77 52 4 125 96 7 160 250 208 112 245 246 156 237 111 198 83
    135 33 146 190 242 126 34 78 159 75 203 202 232 52 21 122 206 240 8
    130 192 215 141 210 73 137 82 170 57 35 117 223 109 140 99 143 168
    113 181 24 147 89 110 101 15 61 22 46 194 51 136 87 8 0 197 240 213
    182 142 173 250 248 44 56 39 162 221 179 133 228 111 162 104 154 228
    96 210 221 192 141 135 83 244 131 119 104 135 131 190 118 238 253
    212 219 137 235 60 117 207 242 90 167 156 148 20 112 113 173 243 170
    206 41 22 125 44 176 128 244 16 87 72 197 141 203 135 136 250 103 7
    72 50 25 107 248 94 84 20 8 139 232 114 241 74 136 117 200 218 10
    165 108 6 57 174 175 101 85 176 126 7 172 32 170 104 158 96 224 146
    46 154 129 190 111 139 111 159 75 24 85 238 35 125 200 116 12 223
    243 178 55 126 251 65 121 194 179 218 106 92 253 98 98 229 204 26 1
    208 209 11 12 164 222 219 45 59 141 186 135 214 175 228 135 152 244
    54 216 33 134 235 167 105 198 219 111 247 24 253 138 56 25 204 39
    110 62 73 119 90 141 170 15 43 209 37 254 165 230 35 190 180 97 167
    224 221 72 0 165 99 22 109 110 92 74 73 138 217 128 87 150 12 49 191
    41 253 140 45 213 153 230 11 228 61 22 4 73 238 115 233 220 24 155
    83 71 41 50 95 95 5 120 95 223 28 117 219 98 70 50 92 133 112 28 34
    108 92 194 54 107 95 253 204 186 243 58 86 92 169 28 28 147 167 223
    79 189 30 250 92 169 187 159 81 231 2 144 54 181 101 191 160 110 253
    66 224 29 168 146 52 228 52 89 21 51 84 7 108 113 183 25 67 148 182
    130 150 199 228 51 253 10 202 108 156 191 185 96 140 122 61 77 57
    210 10 241 244 239 165 216 25 230 16 249 21 13 226 237 62 172 148 55
    194 151 90 4 136 189 221 178 78 214 165 37 108 162 255 148 52 22 226
    106 238 131 179 2 204 173 63 246 255 64 133 166 67 208 226 254 204
    93 93 117 38 100 74 93 188 29 204 80 195 7 52 227 233 116 95 30 83
    85 154 115 190 108 231 183 200 219 243 240 65 168 18 64 175 155 114
    1 55 178 225 118 187 157 172 17 124 142 10 222 246 29 43 3 36 130 32
    83 69 143 135 187 237 90 74 42 246 245 61 22 91 62 22 213 174 40 242
    130 29 48 165 36 204 27 45 190 104 19 64 122 170 195 4 205 129 186
    60 39 20 141 13 169 149 202 14 22 58 133 133 107 177 108 102 228 110
    170 219 39 41 249 10 224 47 66 134 46 150 221 169 103 4 63 91 194
    185 59 113 167 235 100 132 251 174 249 102 38 115 147 76 72 146 127
    141 70 92 135 230 148 75 105 104 171 101 79 165 52 245 191 59 4 137
    108 233 13 167 38 233 65 126 170 164 21 62 146 73 203 123 145 172
    134 58 219 102 185 197 131 170 170 28 225 226 148 188 16 78 185 218
    2 42 60 161 236 21 48 171 25 84 201 233 70 236 138 141 50 57 187 24
    203 50 254 106 251 251 130 187 245 167 21 141 116 160 236 69 39 10
    167 162 63 6 219 126 84 179 51 215 79 20 14 99 202 182 135 168 90
    108 193 28 49 61 8 106 155 214 237 246 97 143 63 254 191 168 64 179
    93 251 85 135 94 206 70 43 179 55 241 110 20 181 250 228 5 245 82 65
    230 18 69 164 9 57 244 214 53 76 27 56 150 73 6 169 28 56 6 171 81
    246 188 168 55 81 106 102 141 71 185 5 249 172 235 118 218 244 236
    151 22 160 233 118 38 238 197 70 17 196 125 45 118 128 140 102 25
    192 81 112 172 172 19 226 98 68 202 251 104 155 177 173 127 148 203
    106 107 250 16 34 116 210 101 149 123 246 241 129 137 211 233 6 243
    209 169 246 162 103 84 104 239 72 111 23 222 223 137 211 199 52 81
    211 105 246 175 58 248 56 236 127 104 32 51 215 223 255 43 99 241 11
    59 180 124 216 102 168 171 60 6 111 220 211 22 249 218 226 159 61 50
    32 110 70 195 195 54 106 138 46 33 173 154 137 64 35 63 241 132 10
    73 9 45 91 88 252 131 5 202 23 208 243 246 69 99 143 48 211 230 113
    142 124 139 186 1 152 3 224 50 164 16 57 194 178 174 91 209 65 8 73
    204 85 29 15 4 83 89 243 86 243 59 105 232 140 150 105 67 91 131 43
    5 119 77 67 196 155 122 226 14 151 134 185 60 43 189 227 147 54 200
    132 73 160 241 79 93 83 38 59 77 23 37 11 21 118 196 84 213 108 80
    187 218 238 216 221 52 237 33 60 162 117 251 14 188 255 125 241 250
    0 157 70 241 146 54 209 81 133 189 44 226 51 197 27 238 25 197 56
    213 247 57 125 232 12 147 219 220 98 67 216 59 195 237 202 83 69 5
    229 100 98 57 56 247 83 252 87 215 79 162 44 224 125 114 198 78 213
    142 44 240 139 179 200 103 174 102 97 107 70 109 249 21 184 72 91
    109 238 17 71 205 131 63 83 228 100 209 28 109 65 8 31 173 177 100
    53 45 134 79 118 81 105 216 48 125 197 215 110 16 204 237 166 236
    161 160 158 1 74 216 107 205 42 35 163 166 46 244 129 183 122 160
    106 181 74 199 50 178 199 157 47 4 70 111 166 220 235 148 209 49 76
    144 147 34 22 101 148 189 86 248 212 28 38 168 91 161 160 183 234 12
    32 203 6 19 230 227 55 104 203 35 94 167 199 217 137 205 93 26 224
    88 12 110 38 127 139 11 50 223 175 234 236 12 175 150 131 65 126 70
    3 28 160 45 237 4 47 196 114 63 79 211 177 176 237 177 161 113 21
    159 202 4 241 28 203 119 62 206 20 214 201 117 254 173 151 126 141
    183 240 237 93 251 215 160 189 228 67 169 69 21 152 220 122 50 73 38
    36 26 81 63 34 85 67 74 27 184 81 17 212 63 12 6 114 238 32 31 164
    195 106 23 140 172 95 87 84 27 160 150 200 222 56 59 246 113 168 115
    86 87 158 61 245 124 71 226 251 70 41 208 253 30 66 147 86 148 175
    212 159 145 47 149 103 238 139 229 132 42 173 24 90 26 73 35 222 178
    31 106 215 100 66 158 136 17 105 91 145 200 209 221 222 83 21 247
    105 71 0 113 48 60 17 192 215 41 87 232 64 8 191 22 95 10 181 172
    132 214 132 109 146 146 27 248 147 253 227 70 129 229 188 175 57 69
    159 161 8 65 111 211 24 242 48 166 29 222 120 12 1 117 233 156 200
    34 181 56 81 183 231 42 96 0 222 20 246 60 12 236 173 190 211 88 37
    167 123 196 163 245 181 206 187 17 191 138 4 119 202 156 8 166 118
    28 24 138 218 50 254 169 114 215 39 43 10 217 197 49 155 160 248 183
    65 52 59 52 124 150 234 117 62 30 134 174 141 156 137 162 84 200 218
    88 176 221 77 94 41 171 63 48 2 83 55 180 57 164 138 251 249 172 181
    193 64 164 48 144 184 32 3 153 15 66 225 8 64 76 106 211 93 37 0 42
    115 191 90 201 249 125 156 163 108 251 92 228 16 179 24 255 107 205
    152 242 106 126 28 190 153 6 86 41 1 26 235 113 152 249 145 228 14
    126 25 124 177 88 214 39 81 86 146 54 63 53 169 149 52 184 159 159
    39 72 102 70 8 39 73 114 158 34 48 96 51 158 249 98 150 89 193 25
    214 212 22 131 177 193 214 188 110 151 248 14 216 65 118 67 27 162
    193 224 10 10 81 247 8 126 117 2 170 194 31 60 154 198 189 59 172
    247 106 3 238 211 55 77 224 201 5 86 171 182 76 146 243 43 35 81 238
    58 10 140 235 128 112 204 246 127 225 103 71 189 20 215 107 6 55 45
    219 249 135 24 207 243 172 91 22 96 197 22 20 130 46 134 63 169 31
    179 212 64 79 110 84 138 9 247 67 250 129 44 139 24 231 110 20 166
    226 144 85 142 139 249 9 223 232 162 31 45 141 248 156 174 145 14
    181 116 161 241 182 74 28 255 97 138 25 133 211 125 196 16 20 54 84
    132 132 89 98 123 118 227 67 66 68 88 77 153 90 235 37 191 93 226 77
    209 233 222 211 209 136 22 201 127 147 173 130 216 126 18 82 153 254
    166 81 41 90 56 244 237 94 86 140 243 107 59 195 0 156 244 27 187
    255 51 209 113 49 14 122 226 205 89 175 112 105 26 165 195 216 104
    198 34 88 3 44 225 73 251 99 5 9 112 102 73 122 12 197 202 231 19
    185 168 12 53 103 156 146 200 28 87 0 1 73 236 22 126 182 9 53 169
    110 48 227 76 56 181 193 251 194 220 252 225 51 163 31 11 114 182
    194 93 32 115 51 26 48 183 83 155 51 12 85 31 38 194 54 28 91 109
    244 252 6 127 151 148 47 180 207 107 169 196 115 248 250 241 181 255
    227 204 34 7 253 92 108 8 178 243 95 61 246 106 246 241 11 118 11
    157 76 126 112 48 231 79 58 178 204 108 255 35 173 194 21 66 241 220
    157 162 237 69 0 126 14 148 17 114 26 169 146 186 230 238 34 61 19
    141 70 53 109 214 69 184 229 16 35 197 37 128 243 245 181 24 87 230
    73 192 0 9 86 38 184 141 78 182 233 135 84 197 64 167 252 64 79 8
    167 38 110 185 50 237 103 42 62 57 232 91 48 100 150 180 8 51 142
    183 62 126 96 39 222 28 216 173 243 52 108 174 229 113 21 193 89 5
    97 94 202 53 255 120 118 147 0 180 85 150 107 80 244 222 206 196 193
    52 85 60 147 213 18 1 41 172 2 133 141 23 208 81 103 248 234 143 179
    97 236 181 34 77 160 131 135 51 223 189 94 26 130 177 249 158 136
    132 246 125 57 6 131 56 4 74 179 26 75 92 105 174 21 232 39 7 162
    112 155 212 191 122 111 25 20 226 254 37 248 219 248 40 32 211 169
    93 112 217 226 113 238 131 86 138 211 38 104 82 220 45 40 251 183 43
    91 18 161 150 13 247 45 3 52 3 154 220 231 140 34 90 95 168 155 44
    150 26 250 190 136 226 56 52 128 4 125 66 168 182 195 63 105 173 25
    33 226 195 188 219 241 30 215 217 163 174 194 157 143 49 127 40 182
    229 78 24 23 154 249 116 64 93 146 99 116 40 246 225 104 226 92 186
    63 122 229 133 192 67 118 203 51 91 233 220 113 59 60 126 168 200 94
    40 207 105 14 215 106 0 146 178 99 56 126 10 73 36 67 174 153 133
    203 117 17 148 64 16 191 175 49 246 20 80 171 44 130 244 81 2 25 216
    16 16 233 19 161 140 206 45 233 118 97 81 227 47 141 6 136 57 208
    218 251 60 52 1 111 88 148 61 188 72 122 18 88 128 226 68 36 21 14
    48 33 58 98 169 211 146 9 15 66 110 85 120 253 211 204 221 69 173
    238 151 70 204 100 143 27 227 125 61 58 119 112 172 11 68 103 253 81
    143 69 227 135 180 205 121 40 235 117 96 50 23 129 115 25 92 219 241
    230 235 87 153 193 140 203 197 7 71 148 161 62 165 201 169 59 21 185
    243 177 7 155 30 82 101 238 110 166 110 90 3 57 238 190 144 248 200
    220 88 115 143 188 27 229 246 79 12 12 189 218 28 23 138 139 233 7
    86 126 117 189 18 102 72 69 77 174 115 250 130 224 14 69 75 31 67
    150 205 188 37 114 249 225 165 173 19 241 213 49 168 117 166 18 9 41
    172 254 130 245 228 105 185 179 214 255 96 150 26 223 171 86 232 248
    54 131 5 103 139 183 157 179 193 197 63 57 166 159 163 54 231 98 127
    186 22 60 14 224 43 112 14 16 19 71 203 81 44 22 172 195 61 15 113
    149 233 87 17 37 129 17 238 18 208 140 194 56 254 64 153 173 43 74
    171 81 132 249 75 255 193 243 35 241 184 248 186 62 119 104 155 32
    225 194 149 153 217 63 52 247 137 133 17 96 179 5 194 11 214 52 254
    169 45 177 109 78 68 173 184 82 162 191 1 118 161 133 66 178 4 101
    84 253 241 18 53 241 12 108 93 9 51 0 74 159 71 141 153 84 205 26
    146 214 99 6 143 100 204 51 126 135 66 94 173 217 59 3 219 49 127
    202 104 107 71 137 0 198 72 238 188 233 136 178 64 85 18 120 178 235
    143 111 129 136 2 233 242 67 209 16 118 99 245 159 112 104 101 255
    255 183 6 0 230 70 213 224 229 58 96 133 24 36 234 156 70 240 88 80
    7 34 200 17 3 23 157 140 54 87 4 225 117 73 138 198 45 9 206 129 195
    226 50 90 110 1 139 103 100 57 133 14 143 54 106 122 150 22 133 222
    53 24 142 126 202 119 188 9 70 201 30 233 237 235 180 100 1 106 176
    111 20 187 201 5 25 153 116 19 24 130 134 196 120 34 86 8 217 183
    204 28 75 155 148 201 141 133 62 83 129 158 67 167 2 66 104 249 250
    69 74 224 219 42 87 214 101 218 94 162 214 26 222 108 23 230 43 173
    172 0 237 14 107 242 197 174 238 35 73 191 119 122 205 210 117 5 42
    215 84 182 246 35 39 151 119 223 200 228 152 23 32 119 93 242 163
    252 121 4 137 117 154 88 217 218 138 218 160 9 97 165 250 224 207 46
    244 107 4 102 191 140 92 208 152 231 249 251 132 2 220 118 99 165 38
    4 193 79 23 42 224 55 70 69 8 208 74 197 133 101 132 216 118 185 122
    59 78 191 131 142 237 64 0 98 36 27 164 9 72 126 204 195 56 36 228
    151 152 167 145 16 239 242 50 11 243 30 210 132 180 79 214 130 27 42
    74 123 160 24 179 130 253 53 115 228 96 207 97 90 201 102 44 65 201
    224 151 18 145 169 134 190 254 110 140 201 9 49 172 71 105 88 89 240
    181 157 5 176 176 56 210 28 35 77 35 138 43 86 197 11 137 101 145 40
    242 7 19 144 74 203 181 136 2 171 163 231 164 106 150 225 246 126 25
    250 53 170 99 10 25 197 72 32 106 125 74 42 122 97 205 33 244 158
    192 20 149 230 209 235 60 94 41 141 155 157 128 184 35 32 1 108 20
    18 0 43 250 69 166 240 238 32 199 69 27 253 113 79 245 130 164 228
    141 245 102 108 80 26 102 240 71 140 248 66 101 95 140 242 234 37 44
    85 239 3 45 86 226 111 176 152 14 183 87 254 108 75 186 11 138 169
    169 166 215 93 134 147 222 111 16 187 184 234 151 208 249 144 98 158
    50 198 119 253 237 199 55 8 204 64 156 165 142 126 85 127 215 59 210
    94 77 213 189 126 102 64 205 206 94 62 237 151 147 212 14 224 82 153
    73 200 119 139 158 77 199 91 162 180 237 89 19 129 1 45 5 239 218
    217 4 223 219 2 222 74 19 185 239 123 28 48 54 200 83 160 203 53 164
    109 135 119 165 73 55 26 59 122 39 211 101 164 192 217 194 1 183 26
    125 161 186 2 246 140 104 55 9 29 200 155 18 158 253 139 88 145 135
    121 36 16 233 184 150 249 13 169 99 82 74 113 127 230 15 253 228 42
    223 55 4 233 207 223 62 173 101 147 232 146 66 159 240 115 112 109
    176 68 186 101 52 200 70 211 196 144 161 167 194 85 104 84 111 101
    137 82 191 220 194 43 120 6 5 188 107 68 170 75 108 121 196 1 173 48
    149 215 107 147 240 177 115 11 203 188 89 9 54 203 147 58 180 17 183
    204 236 250 24 191 158 26 155 70 85 168 139 19 152 47 240 206 240
    197 37 1 166 118 193 165 250 180 103 78 113 53 76 133 151 170 123
    152 254 227 56 140 155 176 195 57 44 172 15 21 80 158 9 25 236 132
    181 60 163 249 217 255 74 170 9 220 89 200 139 229 243 22 55 97 201
    30 108 6 65 95 221 185 116 48 181 77 49 58 153 27 130 253 230 106
    214 114 208 238 37 124 225 234 97 57 129 172 106 89 224 176 68 98
    181 3 235 68 87 4 115 52 125 140 105 35 175 60 19 17 156 16 160 180
    56 215 159 59 140 217 104 10 94 63 127 87 64 250 179 82 13 118 103
    191 57 120 23 114 25 92 11 16 92 64 217 85 209 17 147 100 48 61 81
    251 60 84 45 44 215 107 209 15 64 53 162 151 160 159 4 209 106 203
    83 207 199 43 182 10 170 45 17 53 7 168 141 174 68 13 178 238 210 67
    22 251 55 115 62 115 120 130 3 61 66 137 224 136 112 100 66 32 142
    165 186 171 170 175 138 80 100 240 182 88 95 91 210 140 238 126 245
    179 15 166 205 76 150 171 115 155 13 243 67 162 86 17 151 156 80 240
    30 187 173 113 173 129 145 165 195 106 164 172 26 137 64 34 178 111
    90 224 231 50 191 202 71 123 143 4 148 178 91 141 72 86 124 82 16 12
    5 211 184 136 201 249 192 162 167 99 46 177 245 183 69 200 18 190
    248 17 141 131 219 221 206 21 147 151 86 26 3 146 82 78 116 69 248
    237 153 244 13 18 108 40 141 106 152 85 59 100 14 65 38 148 216 64
    75 136 48 206 213 49 241 67 17 99 14 81 149 236 240 213 176 222 43
    102 31 33 155 17 68 20 147 63 187 186 99 74 186 213 198 210 123 79
    84 49 84 123 177 11 29 49 34 1 207 246 205 125 132 24 136 214 155
    174 70 101 75 185 118 58 168 202 245 213 230 95 2 65 146 199 66 174
    87 167 193 109 149 5 172 76 13 158 250 166 233 212 117 56 125 141 51
    133 251 254 61 68 23 243 246 12 146 88 125 94 252 92 166 114 12 233
    25 46 216 75 68 59 106 2 220 208 89 236 21 191 194 127 177 29 221
    144 97 231 145 109 3 160 134 41 144 226 32 98 213 60 155 246 219 230
    41 90 24 40 242 160 198 195 77 100 111 168 139 151 239 172 44 74 129
    255 100 214 66 131 109 143 229 147 46 1 139 240 115 215 159 144 231
    27 31 205 7 20 25 61 81 106 91 146 96 230 235 102 17 131 156 108 105
    54 169 225 155 62 208 197 181 47 81 173 127 147 252 255 53 112 58
    169 38 242 243 34 10 171 160 191 135 134 198 135 164 142 211 176 29
    239 114 54 202 72 145 46 226 200 85 207 28 133 207 210 5 120 135 39
    198 218 92 28 163 35 74 209 32 103 75 161 252 11 167 161 180 231 149
    153 74 131 131 250 169 254 13 57 18 188 139 250 236 253 241 194 186
    150 175 66 58 132 246 134 75 53 180 149 231 80 251 209 234 34 31 166
    153 79 237 154 187 146 203 66 193 77 243 47 160 108 215 81 0 177 75
    107 232 222 196 84 171 81 8 117 221 6 49 221 18 197 113 211 253 235
    147 7 153 160 87 120 237 157 135 91 245 129 100 239 88 221 59 228
    174 81 188 177 65 252 21 76 198 110 194 49 244 8 241 126 241 98 45
    240 131 255 112 59 14 20 94 183 225 97 132 68 79 96 53 159 254 133
    54 90 243 150 215 63 158 6 20 195 40 5 34 76 95 95 86 227 136 69 118
    18 233 69 110 46 182 251 149 115 239 137 3 243 206 186 97 198 142
    143 104 255 80 81 235 13 189 165 255 5 116 249 22 8 83 191 186 252
    174 212 141 156 223 21 175 210 55 65 253 241 238 152 243 132 107 69
    227 130 183 254 250 62 247 75 68 252 137 59 231 122 88 238 101 140
    145 199 253 69 246 96 235 252 120 25 26 88 100 12 169 2 23 65 112
    188 136 220 203 20 229 156 114 98 205 83 172 179 74 245 13 64 254
    160 216 161 195 229 87 5 129 81 56 67 82 139 165 115 6 91 181 131
    174 225 231 237 143 103 223 144 81 227 170 248 131 127 0 194 150 194
    180 255 144 32 90 211 138 98 131 151 226 219 38 119 61 200 23 78 14
    143 235 17 152 96 178 219 108 48 27 167 175 219 104 106 22 249 41
    239 166 42 145 150 164 189 239 59 179 189 17 43 229 184 57 220 190
    161 224 110 241 61 163 230 71 175 40 69 46 141 127 57 94 215 246 35
    19 145 209 36 10 12 215 185 191 120 56 54 241 235 29 104 67 140 76
    96 212 39 175 46 65 138 204 25 74 199 184 70 36 240 131 12 77 209
    117 192 244 221 160 58 190 209 203 57 182 6 175 250 208 103 68 169
    174 30 25 16 176 170 206 24 2 13 1 117 227 161 158 53 254 24 32 161
    136 39 108 31 194 32 58 36 166 219 38 3 138 14 113 39 245 91 14 138
    188 160 169 17 95 19 237 125 0 50 66 119 211 204 8 10 28 65 32 15
    145 97 15 64 135 224 174 252 91 189 0 199 219 144 174 197 42 87 181
    201 104 180 210 228 42 226 48 85 202 218 153 113 250 28 241 201 135
    252 78 225 206 166 202 9 74 124 154 55 37 55 206 57 97 227 103 161
    82 122 234 159 124 24 41 19 234 167 169 101 99 155 186 169 157 225
    83 83 64 84 192 243 241 238 165 242 169 52 144 215 201 61 227 200
    192 55 69 119 255 78 81 232 37 73 35 113 220 116 13 202 232 214 145
    104 192 45 213 226 9 54 172 244 227 69 205 7 65 237 43 184 199 49 7
    145 172 14 25 45 210 247 157 60 8 85 107 13 183 116 211 239 32 161
    113 50 35 230 47 121 240 23 102 253 253 39 211 58 59 12 179 217 196
    106 73 34 202 82 127 180 167 246 242 122 227 64 1 237 43 34 59 21
    138 220 238 168 66 134 42 3 93 254 163 47 99 225 186 251 17 193 5
    168 98 124 45 185 72 239 237 1 37 27 30 109 141 88 166 111 109 43 65
    125 44 164 110 204 72 147 25 70 44 102 234 101 208 35 121 169 55 37
    153 42 56 10 64 248 104 246 138 99 195 89 11 245 8 47 172 85 221 153
    129 47 183 125 7 66 122 254 2 224 240 185 148 248 76 113 1 85 222
    113 160 83 172 190 93 184 221 25 210 81 190 240 96 154 214 172 252
    34 41 165 19 131 193 191 167 54 21 157 79 169 2 76 6 156 88 202 80
    208 251 170 92 4 77 151 132 7 36 138 222 105 132 160 67 24 180 29
    221 224 143 74 243 17 197 24 149 132 190 72 74 216 102 149 91 164
    105 204 49 60 245 1 55 65 35 248 145 223 7 170 131 102 18 29 107 100
    123 7 68 83 45 125 50 240 245 207 50 159 47 65 159 76 100 93 95 193
    227 145 192 148 158 191 81 210 112 248 108 156 125 73 216 175 228
    129 81 72 91 80 11 218 108 50 10 25 52 175 234 199 19 8 0 39 145 131
    169 175 149 230 0 105 243 86 55 52 183 61 105 164 51 184 165 201 82
    133 154 158 217 81 101 232 48 20 208 56 2 12 27 9 211 226 72 236 13
    234 81 173 151 72 10 137 217 127 180 33 89 206 200 81 202 174 58 250
    216 185 231 122 3 153 186 88 187 13 98 167 200 150 51 84 0 171 219
    186 87 129 92 166 103 196 61 23 115 79 9 138 243 42 237 9 39 217 135
    154 86 199 129 212 240 232 43 113 162 64 238 7 148 187 233 183 24 85
    200 35 83 146 251 193 210 190 137 106 233 103 246 143 19 252 117 155
    189 139 94 175 194 86 255 123 16 109 83 138 123 130 157 121 129 187
    4 116 65 233 95 239 59 143 115 64 123 152 140 132 239 109 58 121 238
    189 37 107 19 20 13 139 122 57 218 61 58 134 157 170 148 100 80 9
    150 2 232 57 175 75 2 248 214 186 147 243 48 176 47 224 118 222 2
    251 194 7 148 210 231 65 239 68 112 115 225 3 197 171 219 129 130 66
    64 39 199 212 37 46 52 61 204 185 82 147 49 218 162 83 66 23 169 247
    98 231 241 10 201 16 53 203 197 112 164 89 161 79 145 117 175 222 4
    177 56 65 97 147 152 192 117 86 18 3 103 30 181 143 123 139 40 238
    108 14 38 2 117 147 150 224 189 103 200 164 44 159 62 105 73 45 159
    191 45 185 192 77 239 72 8 117 60 58 190 140 80 123 52 246 205 226
    231 74 162 240 246 240 22 60 53 89 247 189 101 21 121 153 186 140 18
    166 42 186 190 15 201 154 210 128 58 113 209 88 225 197 41 1 98 161
    167 51 65 245 51 128 29 230 245 158 27 72 13 131 253 212 49 194 180
    121 168 220 193 184 65 213 68 179 124 4 81 197 186 50 65 242 226 64
    71 24 189 19 105 83 43 230 202 239 237 16 103 114 239 62 109 254 91
    14 92 163 214 148 67 162 31 51 70 8 206 161 125 178 12 10 51 248 47
    239 234 52 39 107 236 64 134 246 149 80 86 142 32 222 66 12 160 233
    105 138 162 208 191 231 67 172 67 9 152 215 122 181 14 14 144 239
    215 230 125 198 37 8 104 112 217 189 204 56 117 242 209 194 216 31
    214 6 91 102 193 229 190 80 41 35 15 224 100 39 148 72 96 90 231 139
    115 38 254 114 26 189 195 44 76 31 175 154 166 81 14 67 190 85 252
    165 252 76 204 123 56 2 186 138 240 79 244 157 248 122 11 89 92 127
    52 7 255 184 74 99 12 123 51 92 124 107 213 202 98 218 211 97 242
    102 137 50 255 15 153 64 14 220 236 223 179 72 112 78 23 247 177 161
    78 190 58 134 196 9 226 247 102 82 1 226 248 3 101 94 70 77 172 213
    245 81 96 42 127 197 243 57 117 161 62 84 78 14 224 206 118 65 44 33
    164 119 177 157 140 46 186 59 13 237 164 2 135 112 59 10 135 7 160
    222 222 157 78 65 121 43 163 181 70 210 74 92 70 84 154 201 142 178
    87 117 41 80 235 195 142 255 17 139 232 93 118 150 221 65 228 9 242
    245 173 135 66 196 13 147 35 79 63 209 197 95 74 152 228 16 85 234
    231 150 164 168 250 167 222 10 180 113 183 177 194 112 249 71 160 36
    109 162 183 197 152 214 83 113 248 3 102 168 13 87 114 175 155 243
    160 185 102 170 197 67 103 252 185 137 246 245 240 116 45 4 160 29
    147 243 86 26 161 182 126 29 215 38 189 42 234 183 235 196 217 127
    92 245 213 5 106 200 220 245 190 137 223 3 6 158 44 125 47 1 22 220
    83 112 68 103 243 75 245 97 26 207 228 44 219 7 107 195 220 197 165
    72 37 225 161 128 6 175 241 38 242 211 86 91 141 163 172 227 136 165
    67 216 81 173 231 244 214 44 185 25 6 150 185 227 49 240 175 126 5
    129 165 109 49 200 112 92 13 64 53 96 246 172 176 14 252 75 159 35
    144 54 222 223 55 245 194 189 76 140 17 72 234 184 168 120 65 143
    146 109 224 14 32 163 252 80 98 216 64 16 92 37 221 52 118 225 124
    247 172 195 94 245 156 106 177 242 230 12 125 97 209 105 209 18 39
    61 18 153 217 255 52 239 108 123 217 153 168 40 196 4 44 86 235 97
    57 151 247 174 128 45 34 99 30 116 25 243 3 203 105 90 235 240 29 59
    221 41 216 44 67 190 88 247 183 218 4 225 254 134 169 181 13 235 137
    202 72 107 165 95 209 202 18 160 206 173 89 67 20 75 163 64 72 56
    165 199 188 60 158 137 195 144 136 101 163 110 193 212 126 203 233
    161 3 190 37 175 109 41 180 183 97 179 185 76 84 137 162 158 112 190
    135 131 153 199 162 253 179 47 105 183 97 148 143 242 215 158 183 45
    81 128 185 21 235 137 34 206 138 89 149 22 63 93 80 36 178 71 154
    143 28 123 197 125 18 167 119 63 57 240 172 199 19 14 58 65 68 223 3
    160 208 104 122 208 69 231 171 97 3 236 75 215 64 24 176 32 29 142
    200 40 156 115 160 87 230 58 234 51 94 97 128 63 117 235 36 89 14
    137 222 73 56 155 149 146 77 151 72 79 231 233 112 141 34 108 152
    213 109 199 75 95 40 125 8 130 70 93 252 69 96 34 64 150 74 70 74
    101 26 178 254 59 147 11 114 61 43 228 72 252 186 60 64 21 216 97
    105 194 76 216 183 193 230 16 14 65 182 171 137 175 28 211 167 233
    58 232 78 197 121 239 189 113 115 113 35 203 58 17 219 101 123 188
    122 228 207 94 185 80 70 58 104 145 110 233 28 114 167 161 121 50
    236 40 5 1 72 49 13 236 30 5 72 52 123 7 20 28 183 146 164 9 48 219
    109 131 60 241 55 24 144 151 176 145 117 204 110 223 55 97 119 201
    236 185 117 22 184 15 241 139 246 96 142 228 76 25 77 177 92 230 33
    117 171 42 251 43 128 163 250 114 41 24 43 210 39 19 157 249 215 157
    241 200 45 72 113 91 222 10 69 127 217 168 52 193 59 233 43 42 149
    199 200 233 226 101 150 101 7 197 152 6 74 65 101 253 232 203 207
    213 66 132 201 153 248 238 152 59 231 137 140 28 56 161 117 104 105
    43 104 154 164 30 254 28 213 195 221 103 194 96 237 118 12 91 39 150
    161 154 6 145 68 155 72 207 47 171 63 207 79 134 66 41 197 202 243
    180 36 196 109 63 215 143 120 193 246 205 192 25 121 224 84 76 170
    183 223 92 132 10 159 81 17 46 211 129 145 167 101 218 124 88 89 10
    175 246 1 175 140 109 147 223 161 167 72 254 48 253 22 25 134 204 52
    164 224 74 118 18 103 91 239 131 208 145 242 15 158 173 253 79 75
    210 101 19 127 198 83 216 62 79 25 205 5 203 170 46 138 42 77 116 39
    10 174 183 183 7 26 51 224 38 39 240 102 3 62 72 48 248 183 92 97 56
    8 158 93 228 231 139 105 250 128 8 134 172 98 21 218 156 203 75 52
    81 255 145 105 76 172 21 21 20 178 141 161 47 232 196 98 184 131 181
    73 201 130 22 29 164 238 101 6 230 192 213 97 186 207 192 202 150 87
    130 41 252 106 125 169 212 45 138 187 91 61 166 14 131 226 121 211
    34 46 205 25 146 99 75 114 223 129 102 168 240 164 240 164 144 65
    140 59 113 54 55 211 123 113 195 177 216 200 155 104 62 186 74 174
    204 17 164 255 53 34 130 25 151 18 65 13 239 128 160 162 124 200 204
    187 41 138 191 155 223 34 29 150 242 183 136 85 123 42 153 124 189
    217 159 8 111 211 200 77 242 44 74 76 203 38 67 117 61 196 143 10
    219 87 58 215 32 3 100 201 251 78 179 32 92 231 155 249 226 106 233
    57 228 104 30 183 76 187 4 210 232 129 228 113 236 96 234 84 93 158
    40 221 14 59 15 188 132 212 86 43 223 170 108 40 185 194 58 217 35
    110 83 128 129 140 29 28 234 248 172 142 103 205 221 131 236 191 204
    203 205 72 43 127 42 239 235 252 4 1 92 37 194 197 59 31 169 32 200
    20 249 68 83 20 168 1 91 68 188 187 63 25 202 31 164 55 54 90 230 63
    210 45 33 77 1 250 168 204 110 100 82 32 64 213 150 45 147 230 115
    182 21 67 20 69 76 50 212 19 171 22 110 25 76 125 96 224 219 58 150
    162 124 5 27 240 187 245 90 235 40 139 111 232 13 76 62 26 177 155
    112 78 19 97 157 126 160 166 109 102 1 50 224 227 17 237 170 67 112
    114 131 106 71 31 146 233 48 100 144 131 127 221 177 4 116 56 112 1
    178 136 80 189 208 62 53 159 155 200 35 124 154 199 129 208 47 193
    137 28 206 18 217 63 35 234 30 189 180 199 71 28 160 47 185 25 82 70
    115 114 221 57 210 227 102 188 245 246 233 222 122 183 161 4 211 49
    117 231 147 90 67 12 101 58 72 25 3 160 38 46 62 164 164 30 203 60
    245 133 105 246 194 205 43 249 165 76 249 45 244 238 155 218 235 149
    32 50 157 236 17 240 199 239 114 210 71 33 253 93 195 53 78 84 131 0
    250 7 16 82 244 87 187 142 243 164 244 90 5 63 142 179 98 234 91 184
    89 80 119 11 123 63 105 71 113 120 12 80 112 11 31 84 23 169 210 232
    41 103 218 73 94 228 104 75 252 88 255 36 16 55 135 128 251 221 99
    128 37 141 38 232 188 91 178 10 97 29 212 248 176 23 228 252 204 21
    173 91 227 82 160 118 12 102 20 73 29 80 63 238 72 51 117 224 44 44
    41 93 20 219 45 232 191 62 198 113 205 57 41 118 153 193 189 206 212
    236 131 196 130 64 100 34 0 65 107 171 120 44 173 76 94 125 184 206
    8 255 44 160 35 247 207 243 120 112 162 71 155 162 204 119 179 100
    124 66 57 15 6 88 29 155 159 255 108 240 182 78 168 17 149 148 242
    94 83 216 185 126 156 14 106 210 107 80 18 111 214 92 48 170 190 160
    41 238 25 191 148 170 20 110 208 85 130 94 12 17 54 33 61 248 77 98
    13 227 66 77 53 197 241 185 96 32 172 237 58 165 46 133 240 122 119
    253 113 199 107 93 249 254 239 214 154 203 216 134 60 57 136 54 27
    217 251 135 31 100 82 127 30 140 110 5 179 106 90 253 9 212 28 140
    251 21 5 123 132 139 86 222 75 226 28 212 102 188 179 164 96 78 171
    235 54 22 87 93 94 14 208 254 187 99 84 93 1 220 250 241 135 215 160
    237 192 143 129 56 207 132 85 150 23 190 111 95 195 99 81 146 48 48
    75 2 40 133 69 20 163 19 71 52 80 43 36 88 221 109 139 201 151 158
    202 65 157 144 216 255 21 241 209 172 48 175 178 148 243 147 32 45
    181 171 123 189 223 111 137 255 202 84 65 105 243 215 217 229 110
    194 227 43 8 21 12 19 179 108 34 130 181 227 230 159 48 118 208 104
    38 114 184 230 212 13 87 164 131 85 167 188 132 6 53 167 41 30 4 59
    167 205 14 172 150 55 111 15 75 31 154 65 31 202 139 148 213 110 222
    225 254 230 3 6 106 168 4 130 52 215 58 9 161 56 102 241 209 194 118
    230 145 59 128 65 200 131 54 38 107 239 211 0 11 1 65 182 215 207
    115 44 234 92 139 164 47 82 17 11 205 34 150 130 43 40 129 92 220
    249 202 152 20 221 101 109 229 213 143 6 130 174 198 198 57 14 154
    129 19 74 77 28 147 146 4 31 121 116 123 144 216 115 184 98 140 109
    68 126 71 141 56 90 150 135 194 107 139 109 111 117 87 42 107 179 95
    82 217 152 131 50 181 254 135 2 18 240 86 232 229 181 30 57 203 105
    51 152 204 135 68 188 253 175 252 121 35 184 193 153 60 185 174 154
    226 44 83 231 29 183 56 197 147 56 124 171 100 213 39 208 160 206
    250 146 78 19 238 94 205 71 125 165 6 57 42 137 165 227 167 40 37
    145 53 230 5 176 192 108 12 180 16 204 123 68 177 198 72 243 143 24
    166 69 25 0 24 115 151 210 170 72 109 94 225 112 107 81 156 171 201
    213 98 70 150 1 106 243 132 62 236 120 243 115 238 67 250 77 55 68
    14 140 182 175 22 90 227 190 112 96 134 134 114 151 54 45 254 124 52
    24 144 48 189 60 254 108 20 20 6 205 90 204 157 22 200 112 39 41 93
    55 78 115 132 134 66 160 165 159 234 102 33 44 234 125 128 66 34 178
    23 33 168 12 171 123 195 156 2 248 208 219 162 166 148 246 13 6 70
    229 233 82 99 13 230 242 156 236 237 247 165 147 186 247 33 116 105
    242 19 98 96 188 250 91 112 23 96 73 39 231 146 164 67 94 225 46 94
    167 85 182 150 210 169 172 157 91 204 62 187 143 123 198 164 115 83
    77 215 200 207 96 225 250 173 34 241 18 17 182 175 17 238 249 210
    252 193 102 157 153 99 162 140 21 148 37 158 173 10 71 7 165 225 213
    147 22 63 71 227 71 198 243 211 89 127 17 253 140 7 94 3 13 12 115
    239 67 108 158 106 61 225 189 226 127 66 236 54 156 204 18 196 231
    203 130 157 184 14 242 111 216 112 43 115 147 38 12 190 78 244 63
    117 238 136 118 183 17 96 218 181 118 149 197 91 197 12 231 198 157
    208 111 116 80 241 142 249 200 131 128 90 79 194 51 92 100 12 94 79
    141 32 124 190 92 143 25 89 94 151 203 125 80 22 6 76 136 47 138 202
    214 43 248 21 197 124 183 178 188 233 51 146 130 214 252 27 217 36
    153 38 85 57 198 31 163 6 67 127 251 48 28 141 246 107 56 27 151 153
    84 76 231 202 65 225 41 29 231 62 128 129 212 148 118 6 225 25 240
    153 166 127 6 58 50 229 190 150 169 243 169 197 238 32 163 178 163
    232 90 122 134 98 219 196 79 8 76 13 174 37 133 62 180 181 124 209
    124 44 16 189 154 95 126 129 92 249 84 219 204 131 173 185 255 169
    163 62 45 82 241 78 244 171 5 118 17 103 81 203 76 81 171 179 129
    196 254 171 119 3 235 63 64 140 151 42 108 185 227 6 220 93 123 192
    237 14 240 121 2 104 32 152 202 149 57 120 122 7 104 23 143 6 144
    160 124 33 13 52 194 138 173 21 99 13 168 61 98 75 32 174 1 233 81 3
    97 227 103 198 244 144 20 221 32 202 77 99 68 239 118 138 7 151 52
    137 230 27 116 43 81 244 249 203 147 27 81 99 217 146 206 53 147 209
    145 184 167 121 24 201 214 75 20 189 8 57 202 248 236 204 70 108 124
    198 88 155 173 26 189 199 252 104 235 173 127 52 128 140 226 71 55
    173 151 49 210 77 39 198 132 119 102 183 224 218 219 211 179 217 51
    219 24 43 181 101 102 120 54 184 170 214 106 22 243 129 168 103 106
    25 96 175 153 228 47 89 24 158 253 36 175 239 111 4 183 227 255 29
    155 51 101 119 59 71 37 197 100 51 77 65 91 155 172 172 154 55 138
    33 204 177 62 73 211 9 239 156 63 218 22 172 132 80 250 228 200 240
    70 22 0 240 37 45 86 157 229 148 169 85 194 208 33 2 178 171 220 203
    85 212 227 255 210 106 158 120 247 115 81 171 200 97 199 119 122 125
    243 62 230 227 53 36 209 80 226 99 54 39 164 234 188 99 185 252 128
    184 156 31 4 225 10 52 177 252 20 156 181 190 144 16 106 108 77 125
    235 140 25 68 188 105 213 89 126 114 135 113 160 47 176 100 107 15
    196 55 161 151 151 212 12 237 65 108 233 100 90 125 217 183 223 208
    249 180 203 156 177 206 196 114 6 176 57 133 77 69 24 20 69 91 227
    82 148 188 164 138 55 96 41 56 3 242 205 173 60 154 213 27 183 197
    75 110 230 79 114 167 214 199 235 163 172 195 135 181 192 40 66 254
    178 79 160 59 20 255 113 86 130 195 214 213 174 191 208 200 198 198
    118 29 125 72 248 146 19 136 16 205 236 147 118 218 113 213 196 49
    106 0 227 226 155 3 96 160 24 43 78 76 27 176 36 172 143 240 44 178
    208 220 231 184 40 183 106 103 18 6 38 213 104 47 140 90 195 174 24
    249 18 118 87 136 114 41 15 150 27 49 227 224 253 51 6 116 94 165
    175 171 115 140 116 212 86 160 167 253 75 8 189 78 164 133 5 214 108
    67 156 142 215 189 75 7 88 64 147 29 207 185 93 54 25 72 35 189 19
    190 33 51 113 200 232 241 162 224 255 117 97 212 80 178 6 232 149
    231 218 214 249 154 198 66 17 156 80 149 129 154 112 34 213 251 175
    114 8 210 19 252 243 45 46 98 92 98 209 92 117 119 16 77 75 188 163
    120 133 100 102 81 146 217 150 208 197 78 229 197 73 11 44 109 39
    208 243 138 136 233 123 34 184 80 93 3 66 227 148 118 10 162 52 22
    16 203 43 60 37 155 181 215 55 177 139 232 150 136 179 208 225 63 64
    99 8 27 247 51 104 247 81 94 42 34 221 54 250 85 166 28 130 216 120
    255 98 246 56 10 37 217 91 247 26 129 148 128 172 82 254 88 20 114
    235 72 227 153 136 175 136 240 107 188 234 200 235 181 157 143 53 34
    45 201 173 44 77 158 213 46 243 96 214 40 137 76 21 241 211 194 190
    92 229 136 128 168 130 171 64 44 132 54 62 133 87 200 232 184 17 187
    47 85 145 44 179 253 150 37 134 245 70 222 180 253 37 128 86 76 112
    89 16 198 86 129 208 219 166 48 100 28 34 131 188 120 25 92 249 238
    28 200 150 27 34 98 231 169 247 225 27 79 99 145 4 104 61 144 122
    208 151 103 114 134 114 203 218 14 250 38 167 52 114 214 135 136 183
    109 89 70 36 116 90 33 235 130 134 1 219 224 14 20 19 41 233 8 254
    84 30 27 138 160 51 205 174 188 91 71 105 123 91 9 18 247 85 26 100
    141 104 140 153 254 232 175 255 41 94 97 255 133 65 64 125 45 141 57
    173 128 45 96 213 241 235 212 97 182 107 200 128 237 20 36 186 191
    131 181 116 160 13 140 233 179 37 74 20 3 51 0 9 189 1 38 247 84 148
    101 232 238 74 170 44 230 233 142 123 195 28 243 162 45 147 108 213
    125 3 63 193 191 128 136 173 28 201 132 3 140 227 32 195 85 137 37
    250 86 105 182 42 106 172 152 100 154 3 37 64 136 129 73 70 186 100
    162 10 8 122 58 117 248 207 193 3 166 180 180 248 26 240 105 225 180
    18 144 253 232 199 190 115 188 225 188 52 188 255 45 25 26 78 105 8
    216 214 205 79 69 5 112 223 90 14 200 125 161 53 47 216 22 78 45 88
    17 210 4 80 147 128 29 125 99 90 165 165 22 96 26 10 51 118 59 46
    122 100 97 85 202 39 132 22 58 41 14 202 11 164 154 201 5 105 31 120
    42 195 145 74 149 9 253 115 155 170 145 94 123 116 73 155 131 165
    227 166 28 188 184 199 5 8 176 74 40 169 225 144 140 25 128 150 236
    158 212 224 183 213 200 79 105 195 140 130 110 141 70 165 191 192 29
    154 198 169 249 157 103 47 149 229 12 169 178 180 236 156 239 62 220
    54 89 12 238 237 222 216 44 209 67 216 249 216 171 152 184 3 157 218
    188 148 230 0 42 192 200 194 210 88 93 57 31 99 143 95 108 126 48
    211 127 69 7 26 18 25 53 195 227 109 112 221 189 217 11 209 44 87
    233 67 114 169 94 194 153 145 34 152 158 175 202 24 150 30 62 53 118
    177 53 9 32 237 100 79 241 238 114 133 174 246 48 59 47 79 137 5 194
    91 243 142 56 255 25 60 69 198 29 0 151 126 25 98 88 54 57 32 76 36
    9 97 41 54 88 1 142 218 147 148 62 61 139 85 3 100 117 226 206 34
    244 21 111 209 74 65 161 12 133 163 217 102 4 42 183 80 234 125 31
    151 37 214 199 15 164 153 69 3 37 236 203 201 173 196 144 182 198 25
    249 223 133 6 118 237 29 118 13 55 93 246 155 106 171 66 163 104 248
    55 159 176 238 40 93 228 7 157 79 64 51 162 1 151 150 27 180 24 208
    14 13 74 187 156 97 46 132 108 64 145 244 84 241 87 180 13 46 152
    190 181 172 213 231 222 91 128 65 66 215 252 190 129 127 225 101 174
    24 17 65 58 238 211 44 142 104 198 196 211 103 153 224 123 149 226
    204 7 161 185 107 28 59 237 45 115 163 122 157 231 11 214 97 120 152
    133 231 190 241 149 217 146 170 156 234 248 65 2 253 63 88 35 33 207
    164 91 171 24 239 99 89 113 212 112 224 54 241 13 125 130 46 194 204
    144 143 212 242 174 27 209 74 33 106 43 21 131 1 105 252 205 4 116
    211 246 175 154 219 158 193 173 208 169 228 127 227 169 72 95 32 155
    107 5 147 107 119 92 153 162 178 177 89 26 45 155 179 127 43 225 166
    83 156 9 3 91 168 20 88 137 212 64 7 155 26 218 181 181 148 252 45
    223 30 67 26 185 132 8 201 207 64 167 32 136 156 123 50 228 209 126
    43 127 158 47 118 84 238 149 59 68 48 77 200 124 46 50 167 22 36 176
    66 237 237 97 140 93 24 212 192 136 139 185 44 182 65 170 81 63 197
    56 175 156 57 49 174 239 245 129 206 166 217 234 9 156 186 114 93
    147 149 167 26 232 248 46 107 132 99 8 117 79 250 59 150 213 110 18
    163 176 0 175 175 222 82 140 211 95 31 134 166 93 72 228 236 116 244
    68 17 118 54 126 197 19 214 198 77 247 224 189 196 14 48 159 13 83
    243 7 58 62 48 11 174 140 238 159 71 74 100 185 162 13 52 177 176 61
    243 11 115 198 129 226 188 210 179 82 40 189 110 157 246 137 132 150
    3 200 187 254 157 163 97 68 168 23 190 192 140 105 58 223 187 35 117
    163 74 146 225 122 146 72 26 87 121 62 46 84 50 67 53 24 108 154 0
    214 201 99 203 79 99 51 133 219 117 21 209 240 14 122 33 184 244 91
    122 166 63 249 240 133 15 219 189 107 42 247 180 147 66 127 119 172
    178 96 91 195 93 20 3 219 95 167 82 151 237 124 182 236 72 18 129
    186 82 244 95 88 213 120 68 212 207 237 132 47 29 59 240 30 156 16
    118 238 114 92 109 77 218 29 81 104 241 149 113 69 167 119 227 102
    153 124 152 121 172 222 144 253 253 10 3 208 88 101 132 15 79 113
    187 200 217 19 161 205 7 251 5 48 178 120 111 134 48 60 103 174 61
    48 124 142 145 170 163 55 21 83 53 115 220 177 85 31 198 53 253 177
    63 114 204 9 186 49 69 68 12 91 53 227 20 34 115 204 3 3 237 33 144
    111 107 103 255 12 173 171 124 206 211 63 112 43 30 254 57 0 111 6
    11 51 223 105 116 95 103 177 221 6 42 44 45 205 182 110 214 16 99 69
    241 234 103 229 242 134 130 178 96 84 76 247 169 17 87 158 204 56
    161 219 195 169 2 33 73 155 184 213 188 12 61 204 227 244 210 167 62
    16 220 20 128 135 224 156 246 36 230 97 210 238 242 211 133 187 117
    206 85 148 96 99 212 214 66 220 49 139 58 195 169 204 165 176 183 78
    39 131 142 51 79 165 55 123 40 213 137 189 17 54 37 97 104 36 88 173
    46 190 81 239 209 134 39 251 26 137 47 166 131 227 210 192 237 190
    156 156 40 39 68 11 176 159 132 198 240 28 44 226 130 147 123 68 120
    197 47 143 126 202 43 44 95 94 224 24 190 200 120 41 175 213 58 227
    18 77 55 231 24 59 190 174 169 105 103 15 69 9 241 249 118 10 235 40
    154 110 163 83 211 179 187 7 247 167 231 221 9 213 73 230 236 41 171
    136 220 114 74 88 52 56 255 37 200 73 30 185 196 224 199 254 51 193
    121 35 126 252 21 99 198 82 233 180 20 163 239 218 96 238 199 106
    104 203 236 250 128 73 13 150 102 229 196 9 131 110 3 92 149 35 149
    15 82 30 123 187 103 59 211 228 57 216 95 188 72 199 72 184 190 30
    76 217 174 207 82 64 97 242 21 8 63 33 214 169 203 236 144 175 137
    62 226 121 85 74 252 6 188 32 182 239 36 30 208 0 173 227 24 183 125
    156 97 103 103 230 164 21 164 253 35 125 144 111 215 46 156 229 88
    146 79 153 20 231 3 229 114 206 26 71 223 162 4 65 208 44 255 182 51
    199 136 154 255 3 98 13 98 137 251 6 0 136 12 88 177 183 218 199 207
    144 133 101 46 19 246 138 58 17 204 65 42 229 168 112 1 45 92 12 49
    168 127 153 250 223 18 69 128 26 186 226 88 236 255 155 159 176 233
    85 129 240 213 208 227 240 107 95 76 40 191 114 207 40 73 79 143 61
    218 101 204 53 104 91 183 161 216 30 70 172 172 103 164 76 129 38
    230 92 149 162 242 93 179 238 26 53 141 220 131 254 235 97 163 1 193
    118 227 246 61 245 228 206 234 167 52 1 27 21 53 52 38 147 12 236 48
    203 95 78 215 32 8 129 34 162 237 215 15 78 121 168 171 133 1 13 85
    148 52 73 56 92 242 22 37 82 230 215 77 252 30 166 202 54 23 249 51
    104 229 129 38 245 90 200 35 172 171 162 192 251 44 197 112 171 27
    171 156 104 37 210 46 150 59 49 165 237 129 72 165 1 83 151 176 177
    203 136 112 226 185 234 143 91 11 204 128 18 169 80 111 191 31 220
    18 42 206 210 32 221 53 150 76 238 233 233 141 18 168 112 108 202 68
    113 35 99 202 228 54 24 178 239 119 138 120 95 170 78 250 155 97 58
    157 76 240 229 215 184 67 20 182 22 3 159 174 228 87 98 19 150 226
    69 244 180 237 16 183 60 20 194 126 156 184 177 205 127 240 164 204
    29 155 42 198 224 186 59 66 43 68 228 108 10 142 22 54 187 130 221
    227 97 170 173 24 26 45 130 226 91 42 219 145 233 9 252 227 127 236
    116 21 202 246 91 38 19 87 140 144 74 86 7 230 179 187 9 75 98 158
    20 42 23 24 240 208 175 58 41 97 23 75 251 128 124 211 187 88 84 151
    182 194 181 82 95 43 239 82 17 254 178 191 159 186 217 3 141 164 178
    8 95 213 11 135 114 73 202 108 80 219 80 128 37 104 39 42 114 122 89
    216 89 123 199 200 208 124 49 97 99 70 22 233 143 10 180 80 110 1 86
    202 14 254 61 98 96 193 82 169 33 15 232 147 126 114 59 218 232 160
    8 80 9 161 71 163 81 242 229 186 246 155 245 241 63 67 175 213 153
    213 252 158 236 52 88 148 223 161 41 40 20 190 244 24 97 111 239 236
    207 34 127 82 146 7 33 98 161 88 37 56 183 4 131 201 235 8 108 49
    243 11 233 82 215 85 115 229 102 202 2 73 75 229 251 107 240 189 196
    253 68 254 233 165 64 168 73 97 152 21 149 81 178 17 236 197 31 39
    251 31 5 55 127 200 70 78 125 136 232 2 209 159 136 4 189 13 101 210
    148 26 43 202 90 67 104 71 22 64 80 163 100 178 147 196 235 209 187
    48 101 213 248 152 97 105 91 191 238 143 136 78 233 152 32 150 134
    209 230 29 120 193 153 95 9 249 89 43 153 212 189 218 36 94 82 168
    179 168 153 76 149 72 132 249 178 71 47 102 90 145 86 77 36 150 212
    215 112 204 56 194 163 174 34 46 137 248 87 213 234 181 0 105 24 165
    216 163 247 106 9 117 73 36 103 112 18 192 132 94 185 54 228 40 136
    175 66 229 78 168 155 216 50 27 174 129 27 211 171 88 107 118 191
    130 71 106 151 72 49 118 70 210 55 57 233 74 86 212 173 70 42 9 182
    213 118 127 135 244 246 223 220 112 9 177 230 45 86 80 34 184 100 62
    21 184 105 241 31 85 128 48 215 100 177 149 8 133 10 187 145 52 252
    109 125 161 61 241 108 52 70 130 40 64 135 173 6 62 68 29 206 187
    102 68 64 91 183 74 46 198 135 138 57 168 183 136 56 114 151 129 62
    227 113 129 122 167 64 147 3 26 215 165 61 69 254 134 173 188 137 93
    162 5 211 116 49 118 254 216 127 235 253 224 7 141 170 202 241 232
    25 54 106 179 238 177 28 127 65 78 123 23 38 119 86 79 185 157 147
    194 159 28 57 5 156 201 28 26 230 210 139 233 122 137 241 1 214 212
    24 99 188 138 211 43 250 182 70 41 46 156 139 87 109 157 50 144 200
    57 147 223 143 86 37 47 74 170 237 245 44 29 17 74 81 73 66 63 75 27
    179 229 189 242 89 217 195 244 163 249 254 236 208 30 247 32 102 84
    147 213 103 77 118 6 171 118 2 164 71 248 85 62 202 38 227 46 175 89
    8 37 116 215 138 116 203 136 51 200 231 52 226 130 173 228 71 38 80
    97 188 169 40 221 204 18 220 160 247 198 135 122 64 81 5 38 17 204
    50 0 101 28 244 123 54 109 144 19 165 82 93 70 91 203 46 24 206 246
    24 130 235 159 144 32 191 133 123 180 146 65 33 227 125 95 154 253
    117 134 248 14 46 215 107 22 2 169 67 39 191 101 60 80 7 27 201 181
    190 35 214 155 108 180 57 114 213 216 184 100 127 6 66 142 121 96 4
    26 78 191 52 53 166 81 119 55 96 168 174 106 171 6 89 91 12 1 151
    178 45 139 214 153 6 88 117 127 96 176 71 106 54 64 59 195 187 39
    127 14 159 155 171 105 154 86 18 224 226 88 147 190 236 29 8 22 81
    93 197 181 172 73 24 241 2 153 8 65 179 249 202 94 127 104 155 76
    123 76 168 50 235 18 181 84 73 51 88 214 130 159 98 36 100 5 98 144
    199 110 206 226 249 253 226 71 151 90 76 43 156 161 226 16 101 84
    186 92 207 21 37 91 146 94 190 38 56 166 82 48 164 41 220 38 119 20
    236 246 51 185 26 104 113 204 168 81 174 89 106 164 251 136 215 125
    118 39 153 193 9 34 80 74 43 29 62 184 31 204 89 85 8 193 188 5 45
    194 193 203 109 67 76 74 224 240 118 90 149 79 248 22 112 90 222 49
    119 21 127 199 69 156 232 176 241 75 244 235 124 79 197 132 209 36
    197 17 23 72 31 247 244 23 254 214 171 201 223 221 151 100 75 79 45
    14 41 33 112 160 13 142 10 144 75 237 31 222 221 41 38 159 77 7 119
    54 135 112 192 38 182 101 18 157 120 96 107 189 131 227 88 130 71
    120 96 20 123 138 39 250 242 121 32 96 29 152 143 181 115 107 201
    131 110 187 200 147 241 157 48 150 143 107 152 144 169 201 97 41 64
    177 156 83 239 166 139 163 244 113 232 82 227 151 201 42 138 109 223
    58 178 136 138 130 212 50 43 249 76 127 26 209 60 232 150 79 21 184
    61 137 186 53 242 44 225 204 24 90 213 200 39 171 193 140 1 46 26 14
    246 166 141 127 19 130 80 55 177 60 208 49 35 130 205 22 174 174 69
    124 67 216 52 112 16 162 177 106 139 126 91 171 107 50 46 71 148 105
    205 91 136 188 76 166 168 174 101 170 108 78 31 87 93 134 93 20 4 29
    252 115 55 83 205 30 44 121 53 206 199 72 165 75 24 169 137 88 98
    188 7 216 196 137 32 16 162 41 69 207 9 202 78 22 228 177 106 144
    166 248 179 163 241 6 21 139 234 89 143 92 217 207 211 100 171 211
    207 145 42 142 212 49 64 59 3 95 207 80 28 187 9 221 110 9 254 223
    119 16 252 181 245 56 181 196 245 55 223 208 114 50 103 87 103 4 36
    247 26 158 54 199 193 80 84 239 54 7 51 141 174 26 39 62 248 185 150
    54 52 113 27 172 102 16 149 198 252 72 41 231 61 225 107 213 173 158
    125 116 19 116 205 148 113 107 141 173 253 197 45 241 233 139 233
    152 121 161 113 90 230 53 241 2 94 134 146 208 98 0 172 243 190 128
    61 219 100 119 61 4 149 51 200 5 64 59 140 179 249 112 191 216 24 3
    142 51 89 135 213 195 94 11 148 242 25 36 55 84 69 143 127 162 209
    140 8 25 55 34 205 5 91 22 14 90 109 57 55 165 56 87 132 224 83 120
    228 73 42 152 153 27 5 208 213 227 20 176 202 185 15 40 222 53 236
    184 6 28 138 10 23 8 8 59 29 157 82 185 200 191 93 43 11 193 193 152
    17 90 251 56 116 157 246 163 175 157 83 29 126 87 79 112 154 104 79
    118 218 115 3 34 171 212 130 207 235 51 107 210 173 7 83 229 215 39
    213 88 253 234 5 219 77 130 130 26 216 212 211 254 10 215 114 154 76
    147 55 4 78 163 155 29 13 109 132 28 119 100 65 222 233 74 88 21 129
    105 72 249 152 211 18 193 103 235 179 22 86 18 163 232 119 228 163
    15 139 133 161 96 36 157 83 209 232 117 153 108 218 39 172 37 133
    106 24 116 190 178 104 45 137 219 140 192 215 57 38 233 58 137 125
    34 232 140 85 188 61 96 95 255 204 219 149 89 120 26 178 34 40 204
    152 85 117 146 104 142 16 47 133 182 85 151 111 65 77 255 202 252 99
    14 16 12 242 23 177 21 3 16 110 181 73 183 67 148 163 239 108 125
    243 180 208 119 249 160 142 205 188 110 73 121 233 24 74 74 95 63
    123 221 209 99 189 56 146 245 52 84 246 146 252 218 29 7 229 6 97
    101 48 131 182 12 167 200 251 62 114 96 219 9 42 93 255 161 223 215
    229 187 122 42 110 254 37 6 246 228 35 69 209 103 114 67 141 197 24
    40 84 198 119 156 68 40 238 195 203 164 86 33 89 43 17 195 87 77 170
    69 21 153 33 162 155 84 60 155 88 240 112 252 77 77 140 133 76 182
    30 12 13 127 231 87 91 190 32 221 156 167 135 162 27 89 240 4 177
    148 25 215 75 81 217 95 124 56 248 66 41 107 0 255 80 22 125 119 177
    90 123 255 138 193 81 236 113 175 190 33 116 68 68 153 121 157 104
    188 34 7 99 94 132 108 178 99 244 150 242 212 34 202 147 8 166 199
    206 249 253 73 116 179 210 230 168 58 237 80 143 135 32 246 25 115
    92 100 134 158 242 37 81 108 20 131 31 253 106 73 225 29 206 15 188
    0 44 237 32 82 152 165 139 239 146 123 138 172 41 226 106 12 37 145
    10 217 165 152 176 44 159 191 0 69 214 29 153 87 223 187 24 141 47
    153 113 172 130 14 17 110 37 150 125 14 72 243 206 87 199 152 239 34
    90 38 144 187 255 15 125 212 38 83 181 87 247 181 164 160 193 0 164
    93 128 1 249 215 81 159 156 116 115 63 24 158 125 141 221 3 123 128
    112 87 228 43 25 182 226 133 219 218 253 25 141 4 71 181 13 16 112
    91 134 86 146 35 189 102 210 110 250 172 244 52 242 179 112 221 185
    193 229 39 244 30 39 36 46 6 60 175 101 225 28 71 127 102 19 236 238
    179 155 63 178 80 41 111 48 147 78 219 56 220 152 24 245 173 148 89
    11 183 57 62 50 158 157 202 141 213 250 120 239 186 143 164 191 173
    9 1 151 162 38 50 0 97 141 50 107 162 170 181 127 51 212 230 147 104
    159 120 39 168 174 95 186 241 106 230 41 67 55 101 60 34 169 113 42
    35 195 199 102 155 198 9 91 4 171 255 193 46 61 99 193 112 228 250
    72 226 65 60 83 27 24 56 251 232 93 223 232 104 238 190 73 25 148 17
    5 116 173 159 240 73 235 198 58 69 176 15 193 82 211 193 13 132 247
    175 170 229 227 106 142 16 49 46 121 205 234 209 181 201 51 246 29
    81 33 108 136 131 141 24 237 199 183 54 1 162 160 24 29 77 59 32 34
    240 39 91 24 245 11 41 169 29 141 35 220 66 96 34 207 50 59 72 216
    204 60 225 43 196 202 62 57 246 199 166 117 163 242 228 212 163 54
    250 234 32 173 118 25 170 182 82 98 106 38 102 144 125 247 70 168 25
    184 68 144 76 70 54 95 10 110 232 45 175 81 108 206 101 102 103 194
    151 26 170 103 192 188 154 100 58 20 208 156 30 8 200 35 164 82 102
    104 87 74 3 255 6 134 134 52 184 226 217 213 115 86 103 219 122 224
    36 6 212 97 8 195 50 13 74 85 61 67 109 100 99 18 253 35 191 183 190
    21 122 29 105 253 29 121 157 18 152 133 220 123 57 41 188 80 213 243
    109 192 203 42 76 177 165 86 21 76 61 225 223 15 2 230 163 2 132 146
    60 22 85 51 18 60 196 15 11 114 26 235 3 183 33 49 15 36 208 202 47
    9 105 1 116 99 228 59 211 216 75 132 246 37 209 125 129 217 173 243
    245 37 168 184 85 251 214 216 233 77 147 128 96 26 127 179 56 177
    120 36 118 39 23 164 26 32 146 134 108 94 164 121 87 85 2 176 97 84
    118 133 33 166 205 95 201 237 209 160 118 246 133 16 216 114 136 6
    143 226 235 152 242 243 90 129 36 126 188 70 40 253 112 16 132 121
    192 167 145 82 240 211 165 75 172 163 145 13 28 73 171 10 190 134 83
    203 230 176 89 192 172 112 175 80 148 110 71 20 83 125 55 79 202 54
    185 224 153 160 243 223 146 130 49 142 225 6 135 30 122 115 49 156
    120 14 55 242 38 141 189 39 194 132 56 82 87 173 211 211 185 134 113
    98 49 81 121 236 115 121 168 249 124 75 41 24 140 237 106 143 27 104
    236 32 250 154 54 7 137 231 131 217 182 181 102 59 5 31 0 229 124 90
    213 177 132 78 232 182 30 213 94 218 42 67 223 103 235 205 201 112
    96 237 18 44 136 210 136 226 250 16 248 124 7 251 115 9 30 197 131
    64 142 255 236 21 228 133 151 52 72 108 17 143 39 226 69 236 14 56
    133 59 61 206 113 24 128 112 238 9 66 50 6 96 21 239 140 125 46 61
    63 243 169 203 50 13 138 205 54 235 75 223 98 179 135 14 195 189 82
    249 105 225 177 101 192 76 187 229 252 191 220 173 42 72 168 102 55
    246 105 49 48 84 112 43 151 188 172 138 231 85 246 18 225 92 42 115
    247 248 84 199 154 204 15 162 58 56 239 187 15 15 132 125 162 170
    234 235 249 82 188 94 12 72 126 15 217 89 157 39 88 153 81 201 134
    67 143 142 192 90 232 41 83 225 169 93 141 94 214 94 213 251 118 210
    92 92 107 233 66 144 164 73 199 245 206 214 131 54 132 248 63 120
    201 248 243 172 221 49 208 128 152 149 132 144 80 53 89 120 149 62
    238 93 251 72 225 0 103 249 224 160 129 9 112 114 64 9 206 182 141
    251 88 135 229 54 185 227 229 106 17 99 206 139 51 158 55 135 215
    116 121 168 167 17 246 24 200 165 232 229 32 97 159 151 12 121 155
    84 113 79 222 106 172 93 66 124 187 255 198 153 116 93 47 134 188 93
    168 131 114 121 54 244 160 136 209 109 201 115 54 222 66 110 220 93
    29 154 249 210 129 4 129 36 98 26 29 50 17 244 218 199 197 181 183
    51 86 225 192 101 171 213 253 134 206 133 76 15 187 55 85 49 174 105
    188 207 215 47 227 187 130 249 186 9 6 161 251 188 185 38 3 43 65
    157 226 92 120 251 94 24 187 194 143 43 184 248 146 119 16 237 114
    33 0 111 14 11 225 243 236 116 38 66 169 58 74 199 237 71 82 229 115
    183 155 211 35 33 180 231 69 19 170 146 196 78 195 246 235 242 139
    251 3 172 135 81 52 189 124 215 153 30 230 230 84 143 111 147 226 46
    93 108 44 207 91 77 254 53 157 139 36 110 139 228 105 23 73 91 136
    46 95 45 76 210 179 32 6 12 13 94 221 22 89 157 224 72 233 172 178
    188 0 128 219 3 123 208 14 64 81 78 54 181 142 152 117 16 227 89 66
    233 246 74 45 220 65 24 126 194 124 122 207 33 158 12 151 143 248
    245 114 81 162 101 226 246 105 39 255 115 201 152 116 142 179 153
    150 105 207 115 131 34 229 156 64 157 214 147 5 183 22 16 139 152 65
    219 139 179 92 48 44 154 224 104 45 209 30 180 245 31 223 107 122
    114 8 100 94 131 58 241 89 111 57 210 118 46 33 245 241 35 41 243
    108 113 133 166 60 66 115 145 124 75 92 79 165 146 91 11 253 152 217
    22 224 86 240 211 88 121 68 176 188 19 199 71 241 115 154 112 75 91
    200 102 210 19 200 11 183 135 212 137 37 208 62 76 139 116 181 219 6
    9 77 97 202 219 7 117 60 108 94 193 121 5 204 69 160 91 96 236 195
    97 65 79 138 26 145 61 218 93 191 9 193 200 30 231 82 71 201 87 172
    139 190 33 79 178 233 85 87 118 63 69 226 238 246 249 224 90 203 62
    164 72 155 103 200 206 104 22 123 129 191 111 150 180 141 135 167 64
    166 69 200 242 10 56 78 33 19 47 158 242 42 53 91 196 8 162 186 161
    58 102 84 220 187 68 239 51 89 81 154 118 9 63 192 190 4 206 28 122
    84 16 193 52 49 67 241 147 167 170 159 72 57 154 202 235 239 185 1 2
    210 87 112 237 135 207 249 198 218 239 123 33 4 242 49 52 248 90 255
    233 159 196 204 185 180 123 19 192 200 208 17 143 193 238 233 85 136
    165 179 22 106 244 207 43 126 49 190 13 211 246 15 127 79 228 83 86
    72 101 57 3 8 114 215 82 205 242 155 96 139 252 196 189 101 157 63
    195 125 6 59 134 141 144 233 127 64 151 227 254 127 152 43 173 26
    169 25 38 121 197 184 222 153 204 78 29 234 77 212 7 20 33 110 97
    137 162 155 240 48 36 33 172 183 82 108 219 244 185 43 192 53 228
    113 98 82 90 24 31 101 119 202 110 106 155 191 153 208 74 27 117 81
    12 71 159 169 61 8 164 163 7 54 23 151 238 61 53 147 205 90 29 183
    14 218 117 0 148 181 241 130 52 156 135 166 19 202 122 66 221 216 26
    217 84 89 196 147 247 188 106 226 172 179 82 119 164 255 153 87 251
    17 242 54 63 165 32 172 181 237 246 64 199 134 7 134 244 132 98 87
    205 7 72 29 220 168 4 216 52 180 4 8 85 38 37 172 39 233 247 229 101
    205 96 170 202 47 18 90 155 242 30 165 172 86 132 158 61 196 34 243
    61 181 249 237 27 141 160 122 38 200 64 169 34 105 50 50 165 235 30
    232 30 71 158 12 221 206 40 37 93 0 55 72 115 182 53 106 81 195 251
    127 56 73 75 76 223 25 37 217 175 18 81 132 9 29 7 121 152 234 7 216
    163 205 204 240 39 58 32 240 75 97 218 216 24 123 119 110 212 86 118
    226 171 121 126 197 135 152 173 20 172 150 128 1 52 177 171 145 56
    249 124 19 118 201 76 57 86 101 216 229 150 202 94 33 52 119 216 255
    134 219 181 138 246 113 18 141 177 26 215 134 110 74 21 6 66 55 113
    220 70 208 238 243 104 119 221 200 248 161 247 140 147 131 31 36 33
    201 252 234 123 23 206 137 196 141 69 232 111 27 104 65 166 227 58
    250 252 34 157 161 173 211 85 195 216 105 129 30 49 45 144 70 26 163
    191 55 147 145 98 225 121 252 97 93 52 243 204 190 219 167 104 74
    105 9 235 144 65 200 208 222 143 136 31 62 42 16 77 154 186 205 214
    186 149 211 89 196 67 61 46 135 168 240 99 227 150 162 102 4 144 122
    77 12 24 254 32 31 127 79 99 205 70 227 15 36 165 2 232 18 123 59
    169 23 199 84 55 60 50 18 221 123 254 142 94 121 223 164 156 7 118
    85 115 240 210 154 249 93 102 134 120 165 192 196 233 80 96 170 237
    155 47 71 66 60 179 205 227 159 147 98 238 152 238 248 167 110 159
    144 178 174 130 66 86 235 181 28 125 132 198 243 189 219 151 25 229
    88 208 209 23 123 176 149 117 125 157 118 40 45 158 82 191 43 130
    181 24 67 31 138 146 242 21 239 212 107 136 123 43 168 11 102 129
    241 220 0 77 225 185 67 172 212 44 146 236 169 255 67 212 134 134
    133 30 195 129 13 141 155 99 75 176 167 215 99 62 198 176 89 145 91
    165 23 234 27 135 54 176 160 150 6 67 186 54 194 230 188 11 133 7
    110 113 197 161 81 184 240 45 57 218 124 83 204 35 216 163 101 233
    114 188 51 33 124 179 71 0 251 77 236 40 111 164 109 84 221 102 223
    217 146 154 195 161 158 221 158 67 162 77 168 74 71 83 9 77 72 61
    112 44 150 88 129 67 10 52 81 240 39 235 55 138 228 111 194 149 242
    239 1 250 162 102 165 145 249 111 116 203 52 246 92 77 223 230 238
    180 7 120 131 152 184 161 186 205 210 152 1 214 99 235 86 205 25 4
    80 71 215 223 251 187 166 15 119 98 10 91 216 67 242 36 154 200 35
    108 167 59 179 193 127 90 8 192 203 61 105 196 242 142 46 246 51 193
    29 251 43 84 39 51 81 235 45 135 44 72 85 156 71 202 39 252 40 175
    217 99 221 74 154 228 132 254 48 126 23 16 129 64 87 59 75 38 180
    246 216 183 216 155 79 81 243 82 208 66 132 119 221 76 161 18 37 48
    79 145 207 15 226 15 110 92 203 3 100 20 41 41 246 105 199 102 101
    66 56 173 110 72 101 24 122 194 2 42 76 239 254 216 76 208 240 188
    121 57 22 55 224 27 23 211 53 226 57 64 109 252 122 180 125 253 134
    145 130 18 20 12 43 205 13 71 57 20 45 78 222 203 130 243 153 215 99
    159 222 151 16 9 197 248 146 207 104 56 55 11 136 50 218 53 227 214
    104 182 89 228 71 169 4 17 231 132 141 197 190 64 70 255 108 4 28
    226 252 51 237 88 128 156 165 250 35 108 185 175 179 65 187 9 94 237
    44 9 43 112 30 63 60 206 11 136 234 95 48 255 119 92 126 123 50 174
    112 177 103 33 211 71 39 59 148 32 161 181 233 52 173 5 149 60 178
    161 230 47 144 132 23 133 142 38 18 153 62 40 160 141 117 8 131 3
    195 203 132 197 106 45 97 34 161 81 251 136 128 26 88 186 235 234 5
    100 160 139 156 94 251 211 122 249 49 109 74 237 3 250 29 86 4 200
    178 73 13 185 211 112 200 178 127 178 213 94 193 135 255 250 188 112
    240 91 216 204 166 100 100 57 11 114 86 215 245 234 237 29 135 178
    242 42 5 19 196 92 124 108 228 34 105 27 89 223 232 153 193 199 243
    90 194 36 132 137 69 36 81 205 6 42 135 176 197 103 27 25 247 226
    220 160 162 38 136 239 202 248 29 16 126 10 95 10 141 41 104 221 18
    202 228 201 62 149 54 94 151 111 226 87 92 245 132 25 108 72 241 64
    129 183 193 99 179 224 64 47 7 93 55 4 51 228 174 109 94 80 184 127
    54 19 198 133 188 207 78 89 116 211 102 184 184 148 240 183 173 60 2
    197 50 225 126 200 128 20 100 128 243 219 194 133 167 78 249 153 77
    139 246 17 32 220 194 128 210 66 8 160 55 121 180 208 211 161 165
    169 211 109 92 179 103 89 132 211 141 70 5 232 132 222 76 220 144 76
    136 216 85 177 255 87 206 115 117 31 207 173 102 11 89 105 172 147
    136 211 110 161 237 113 205 135 232 111 243 254 134 189 145 231 47
    46 49 211 228 128 231 10 117 36 203 88 160 163 102 98 233 11 196 35
    241 93 6 60 9 165 145 135 37 245 238 45 157 139 180 227 49 8 57 87
    176 141 67 207 151 113 83 235 247 151 85 123 68 143 24 125 167 89
    178 251 192 217 10 31 158 218 244 242 204 214 23 41 1 164 204 58 228
    15 131 235 228 152 100 228 170 108 139 55 223 253 199 97 200 249 186
    224 203 13 240 172 220 209 151 125 240 165 237 10 161 119 78 36 193
    220 139 54 201 67 137 166 58 96 239 49 36 102 84 5 219 43 20 12 86
    124 207 61 123 165 16 156 58 86 218 165 12 145 124 233 229 226 189
    61 114 232 238 104 224 103 38 93 82 27 141 115 82 12 150 152 25 128
    219 228 222 207 58 37 83 71 62 72 126 19 139 1 75 181 8 250 162 50
    103 105 212 248 240 94 130 198 5 232 41 250 12 114 23 172 85 162 143
    109 39 137 47 197 132 182 188 8 2 13 167 219 182 66 133 90 204 52
    203 161 105 118 86 221 217 37 231 141 24 246 179 77 99 244 181 250
    158 104 84 128 177 136 193 105 175 85 108 145 204 177 252 151 229
    202 217 150 44 234 181 119 59 128 198 217 61 178 242 111 181 197 153
    2 199 140 144 253 38 17 149 61 136 46 177 11 112 17 26 105 148 136
    169 5 192 216 199 42 185 90 94 81 239 71 200 95 236 201 92 188 63
    228 171 235 199 206 36 152 93 232 232 188 222 94 97 77 45 246 79 205
    143 129 111 105 45 169 190 110 128 35 48 175 167 2 128 157 137 178 1
    193 91 246 141 114 153 63 95 227 227 138 13 5 226 199 150 97 170 147
    180 68 35 190 160 233 111 232 11 63 121 146 56 175 56 169 196 57 203
    116 209 221 155 226 82 72 143 160 29 164 125 198 146 47 53 110 102
    46 226 196 203 17 192 206 181 15 67 34 144 222 185 67 154 212 253
    236 144 176 180 46 188 41 151 140 237 240 153 133 71 80 215 42 190
    205 123 251 192 180 179 142 146 131 9 129 61 6 144 19 27 0 46 148 28
    208 115 213 215 53 150 6 22 75 150 175 136 150 181 203 247 139 11
    164 249 86 231 94 160 126 6 106 39 110 160 44 207 237 70 19 139 206
    243 103 184 78 76 231 125 40 130 143 103 29 204 223 204 154 218 60
    68 22 160 123 245 1 156 82 93 132 6 218 225 184 111 4 248 135 167
    171 0 140 117 56 91 68 48 196 243 182 118 133 125 116 111 75 247 240
    149 80 28 149 250 255 154 220 124 7 42 78 80 6 250 27 246 64 177 33
    20 207 182 68 94 225 208 215 217 67 20 254 178 91 182 126 247 245
    197 111 97 41 131 54 7 148 98 109 186 12 174 207 62 2 145 39 238 24
    46 6 119 73 97 234 136 19 125 41 25 163 48 111 187 122 91 170 74 194
    224 207 52 2 83 47 252 102 121 167 183 155 121 35 149 237 103 166 82
    126 1 163 80 135 116 25 238 7 163 121 232 137 176 104 236 40 70 130
    195 206 41 80 237 181 232 148 220 27 129 122 182 121 91 66 68 139 57
    178 191 200 47 157 124 148 84 186 227 246 170 63 157 128 180 248 2
    32 42 129 79 119 176 23 111 0 186 140 130 194 184 39 183 231 228 86
    106 164 26 95 144 174 248 126 64 221 225 242 237 189 66 195 36 4 232
    176 93 22 223 68 47 104 204 58 12 106 160 198 114 92 63 189 129 71
    228 213 103 235 212 234 56 34 29 9 124 103 223 46 177 121 25 218 70
    59 17 247 68 17 81 138 231 214 41 208 54 130 183 128 32 11 172 35 90
    116 183 38 111 45 45 136 103 51 3 157 28 187 103 81 108 29 143 15
    129 143 124 32 200 252 49 200 13 238 109 59 36 82 175 196 16 87 26
    204 111 33 93 212 31 73 206 215 173 165 229 8 218 165 226 86 249 116
    68 20 201 240 112 153 219 120 165 184 248 208 227 174 236 22 204 78
    98 41 130 238 190 188 157 18 209 255 49 36 8 60 94 62 113 214 246
    137 227 206 219 82 186 38 62 149 214 229 134 229 232 229 137 146 182
    54 247 63 118 100 180 110 50 226 246 92 127 86 198 160 207 173 153
    166 227 201 16 218 132 204 37 59 59 75 131 245 157 4 25 66 78 224
    121 106 63 135 203 77 241 19 2 119 158 104 138 31 11 171 38 4 11 212
    242 251 63 6 56 154 27 59 109 54 143 53 81 167 200 175 218 219 105
    79 253 204 67 255 163 15 49 8 100 136 156 3 77 142 105 37 14 223 154
    232 217 165 8 147 169 5 112 0 72 92 188 1 9 20 48 95 198 42 134 247
    204 98 208 64 47 3 148 254 231 56 110 190 5 250 6 208 30 161 218 234
    147 41 245 56 125 107 146 143 135 36 72 254 250 6 100 37 72 205 181
    2 168 5 119 210 55 251 206 102 87 127 220 245 121 150 246 225 119 39
    4 94 134 100 212 32 221 12 81 83 252 217 92 251 123 29 188 207 18
    232 196 57 237 178 79 189 226 178 166 15 4 120 226 192 135 153 107
    149 228 90 215 189 236 244 144 129 182 118 140 188 45 135 211 179 69
    113 115 102 70 141 172 11 131 202 242 38 245 158 91 51 146 205 28 12
    28 247 90 213 3 98 192 126 110 240 12 47 161 175 119 13 152 78 215
    45 190 33 69 178 71 185 245 60 113 206 151 117 245 230 175 205 105
    242 130 175 180 104 40 166 254 2 144 236 148 161 106 92 164 161 120
    225 238 234 50 118 205 231 13 138 219 236 64 219 241 152 230 163 171
    91 19 132 0 175 57 123 170 74 1 176 10 13 65 231 33 53 184 192 101
    29 29 175 78 96 62 232 111 125 175 30 213 193 227 87 229 139 7 172
    197 108 250 61 161 86 37 135 68 151 174 61 13 215 26 138 224 213 57
    134 29 45 4 196 124 61 232 249 104 239 113 146 118 110 247 100 59
    149 110 174 68 88 117 215 235 15 154 13 236 134 240 127 209 38 215
    228 142 7 234 165 161 76 235 69 100 13 86 46 25 116 243 133 13 10
    126 88 182 110 231 197 25 184 116 31 191 15 209 163 179 86 195 69 18
    179 16 161 193 118 251 132 111 85 110 62 182 203 158 42 46 175 79
    193 181 4 130 51 44 61 230 134 52 29 109 46 36 178 42 21 131 20 112
    58 99 16 19 169 237 248 28 35 60 181 172 17 53 11 166 86 251 158 0
    196 11 150 76 129 108 63 202 253 113 115 99 217 207 249 112 202 127
    250 195 109 22 120 23 133 57 59 54 142 211 11 28 211 250 206 127 242
    203 52 70 210 181 108 69 238 215 81 51 12 250 151 158 165 102 90 82
    111 80 159 225 225 8 129 15 52 143 162 131 99 139 143 174 134 205
    133 9 32 33 245 42 247 165 126 169 174 27 146 226 80 7 152 94 141
    221 41 165 154 225 189 29 216 209 184 236 57 10 94 185 147 25 53 61
    129 216 228 83 144 240 195 65 35 141 121 92 19 38 183 129 40 124 58
    5 180 220 237 157 185 46 2 221 170 230 211 202 241 150 161 40 125
    152 173 117 152 229 233 128 232 14 114 175 234 206 82 222 134 130
    248 250 18 48 192 174 102 185 229 93 117 35 59 155 9 109 222 91 79
    119 153 190 254 110 169 8 2 109 224 245 166 80 208 48 112 163 155 14
    168 150 46 170 216 62 151 139 176 65 101 77 251 181 8 96 77 110 137
    90 153 77 25 201 173 192 113 76 245 187 137 191 203 54 125 162 2 128
    198 162 214 78 81 45 49 112 44 139 212 81 32 223 190 176 9 65 248
    239 218 176 116 197 115 32 77 117 237 172 86 140 14 43 85 152 177
    207 130 147 132 201 180 129 158 42 133 1 16 5 88 153 69 196 206 199
    149 150 168 125 36 72 62 67 99 44 11 209 24 1 44 146 143 232 194 9 7
    53 124 18 79 3 140 159 44 149 29 203 26 252 98 80 99 218 184 106 141
    156 253 155 217 36 163 177 229 170 74 232 131 67 158 133 234 37 201
    210 47 96 173 139 157 252 239 128 4 32 38 162 209 53 227 81 75 2 92
    100 169 122 88 8 75 33 205 211 194 21 112 123 64 9 236 66 235 65 63
    163 30 175 176 248 192 36 79 209 196 30 147 122 98 153 147 251 86
    195 15 14 154 42 71 251 145 248 201 15 169 241 93 80 55 93 6 184 119
    209 195 44 182 238 99 0 138 125 106 227 98 45 12 166 161 36 172 41
    126 154 135 207 228 215 117 201 58 91 114 59 90 9 97 242 8 172 51
    181 5 213 141 16 172 45 221 114 100 204 174 242 4 93 221 175 16 155
    239 40 64 60 205 149 133 91 195 51 6 236 4 129 255 155 35 9 188 107
    149 9 196 171 160 212 128 161 58 159 50 27 111 113 112 159 145 33
    243 66 232 202 197 248 80 193 53 37 156 178 200 65 254 151 98 103
    202 224 237 225 100 2 48 55 158 38 127 10 168 200 76 91 83 149 30
    110 216 235 230 160 57 163 42 75 199 246 215 107 120 131 187 134 159
    117 70 202 215 24 5 163 240 116 221 127 195 174 4 136 222 110 191
    133 191 101 226 29 184 103 228 75 8 238 74 46 92 115 138 102 137 34
    141 60 217 215 4 141 23 17 200 242 191 43 213 223 45 128 173 229 49
    87 121 13 164 77 61 63 243 86 216 53 66 106 51 207 225 149 142 68
    138 250 211 116 51 66 156 36 17 151 139 255 105 234 142 191 169 67
    225 31 248 224 79 116 1 208 16 43 162 177 33 200 161 137 163 169 22
    213 77 119 16 67 92 39 93 191 42 172 136 144 186 151 210 71 154 11
    213 81 157 205 90 230 117 101 13 30 57 54 238 137 112 148 113 47 227
    7 40 84 249 222 123 203 198 158 243 66 242 39 247 123 31 187 148 241
    176 108 3 129 54 53 190 134 40 57 103 183 12 84 164 104 50 85 185
    163 76 196 246 221 115 35 5 167 65 223 115 123 195 48 210 44 44 34
    197 104 6 18 53 136 98 240 29 125 11 109 84 19 19 127 128 94 162 226
    148 34 157 97 247 254 179 82 149 223 18 60 28 52 17 83 147 5 248 18
    152 76 146 191 182 189 34 59 109 244 71 120 120 255 128 126 183 223
    0 103 82 204 65 45 254 10 166 82 143 154 33 97 18 168 107 171 71 33
    210 126 103 126 199 213 9 188 0 222 154 4 68 194 62 106 157 13 199
    30 224 89 180 6 213 150 197 61 93 163 247 79 70 14 163 107 223 83
    169 227 78 32 78 116 11 213 129 33 243 14 243 10 203 160 145 162 118
    245 113 239 27 141 15 194 134 163 3 98 214 82 138 6 151 201 37 209
    183 227 239 178 166 14 72 223 88 119 217 174 190 200 210 100 51 72
    45 148 87 180 2 219 207 62 242 210 47 90 18 189 232 154 183 1 24 93
    132 168 218 53 190 239 119 92 81 0 97 66 180 107 131 0 228 56 115
    249 200 213 27 46 201 20 224 222 164 236 247 94 233 237 174 138 26
    23 69 177 49 194 131 10 225 91 52 75 104 216 36 206 12 4 166 151 238
    136 231 134 190 195 159 164 62 211 131 245 13 195 188 61 147 36 21
    239 9 109 3 40 123 107 91 88 194 253 52 144 97 96 160 216 114 81 63
    183 24 69 23 242 80 177 59 103 114 89 89 43 219 247 61 22 247 169 51
    38 157 178 25 170 71 51 194 198 239 120 214 232 178 126 179 20 248
    52 153 184 155 252 146 210 124 239 148 22 50 215 36 86 88 157 220 23
    77 50 168 139 245 94 28 144 184 249 140 215 233 19 27 48 26 211 30
    201 148 113 227 24 174 84 66 4 110 24 75 80 77 206 148 196 55 119
    103 228 172 193 78 76 9 222 201 150 224 87 246 154 220 243 243 131
    76 158 62 56 75 147 82 126 115 88 47 252 95 51 218 207 156 13 81 33
    249 180 96 232 191 33 89 91 122 103 224 64 188 47 99 80 233 5 131
    157 218 83 178 76 108 130 200 96 2 155 56 85 54 9 128 171 44 46 126
    29 128 81 235 149 49 57 207 6 199 68 166 131 207 19 171 44 144 126
    242 206 50 108 43 173 76 184 133 103 119 136 31 100 37 134 173 92 36
    227 217 245 234 215 20 253 234 224 77 179 89 34 6 30 230 153 76 229
    98 85 57 97 122 55 187 201 52 246 17 125 228 10 85 143 57 247 236
    131 40 147 225 100 106 113 126 163 61 237 181 67 159 212 103 24 1
    205 17 184 2 6 227 149 68 212 45 195 85 161 245 6 190 229 43 12 219
    32 17 20 161 131 18 178 24 247 180 141 230 245 53 64 183 242 55 61
    124 108 89 72 109 140 83 118 89 46 141 91 218 118 21 63 148 98 58
    140 155 127 255 237 43 53 116 49 64 38 121 131 189 16 59 150 29 169
    200 107 1 61 14 23 243 216 233 203 72 59 159 169 194 9 127 145 229
    168 246 202 243 63 101 70 85 173 77 209 108 40 63 123 57 107 164 154
    156 238 109 178 65 56 235 233 198 2 247 150 157 119 72 205 3 15 30
    37 63 199 200 115 195 116 100 95 215 36 88 167 35 133 26 85 125 143
    105 226 79 181 230 100 169 244 31 43 15 101 76 90 38 98 147 162 30
    229 160 167 107 149 236 212 149 150 232 222 42 106 118 220 254 230
    44 16 52 141 96 189 29 33 220 235 242 238 46 77 244 145 130 76 108
    163 111 17 88 149 84 252 248 84 159 162 204 164 205 21 105 242 169
    44 203 176 93 236 221 26 76 204 102 205 244 2 199 199 52 235 36 165
    40 142 236 189 100 173 51 66 80 162 218 213 109 187 49 153 9 58 160
    190 109 219 120 253 168 36 65 244 239 61 220 118 96 110 58 131 239
    57 218 85 105 201 255 7 37 35 249 214 154 116 47 68 138 176 78 182
    104 30 109 241 250 198 102 141 122 240 153 86 134 38 39 209 149 229
    97 238 176 77 24 206 153 245 119 248 243 85 43 137 16 16 173 157 159
    194 236 14 93 201 138 170 54 227 166 9 80 111 13 202 10 89 158 4 179
    99 3 200 1 169 55 21 214 203 187 171 253 228 102 227 0 60 94 197 33
    84 102 199 246 52 11 200 111 180 209 63 203 92 69 72 6 21 112 97 40
    59 17 105 53 124 225 113 68 14 197 244 135 125 97 149 72 157 238 34
    52 107 184 169 162 26 85 214 57 94 18 107 228 60 6 129 33 219 186
    183 186 79 71 210 156 141 142 75 59 2 162 217 205 181 250 36 60 54
    151 142 120 90 129 168 154 187 215 168 174 234 70 4 243 64 19 140
    242 68 209 82 77 157 57 25 87 40 87 226 184 71 224 217 71 111 67 0
    189 5 107 20 226 180 42 177 159 50 9 247 125 180 221 93 194 119 198
    217 77 184 212 5 30 42 182 67 82 195 112 138 7 148 199 198 204 1 3
    174 99 133 198 199 171 126 113 247 10 220 57 36 195 173 195 144 9 56
    245 33 216 19 216 54 53 69 51 247 175 26 254 16 34 152 6 247 73 118
    239 163 107 103 155 197 31 253 93 139 23 90 207 220 40 249 190 202
    74 191 199 172 178 75 152 134 68 20 147 223 137 243 213 251 172 85
    14 19 186 123 58 243 41 94 98 211 243 105 53 28 179 190 215 9 177
    102 148 66 142 230 156 196 78 43 204 232 18 137 147 3 247 190 242 62
    33 202 149 159 96 103 46 28 42 201 42 23 28 8 33 192 118 84 200 124
    236 128 214 43 158 68 81 125 208 111 26 112 20 144 251 23 250 186 44
    122 135 159 213 92 174 5 188 189 211 113 98 111 107 43 199 142 196 5
    234 92 248 81 15 247 207 210 109 89 216 76 85 79 73 17 237 149 250
    46 215 206 218 75 123 156 0 241 95 110 93 154 176 80 106 68 131 242
    91 186 234 16 245 174 204 94 106 41 90 82 173 94 141 82 237 85 145
    25 180 102 72 65 238 190 162 75 221 204 17 176 232 218 166 142 5 28
    1 99 131 253 112 147 214 38 178 31 204 61 158 143 178 188 4 194 82
    16 59 212 58 250 240 81 184 248 65 246 153 155 128 230 109 33 166 46
    210 30 195 194 132 231 116 67 97 86 114 110 240 214 39 3 236 81 215
    87 119 215 58 127 251 198 22 93 61 88 252 12 196 38 67 65 67 252 112
    251 241 249 189 191 223 172 54 227 198 129 205 81 144 221 69 71 145
    174 44 35 18 57 13 90 107 47 32 63 143 86 64 148 221 125 100 190 172
    106 191 237 9 45 175 232 198 138 5 137 126 78 63 87 188 22 181 201
    183 133 188 245 197 93 181 116 178 82 31 140 148 169 46 209 207 229
    179 218 198 6 176 253 62 67 77 74 115 241 72 90 101 38 147 215 186
    147 0 246 18 161 248 48 33 185 251 17 118 250 8 195 219 185 175 27
    218 240 194 171 133 205 64 169 241 214 76 190 240 71 143 39 34 46 4
    225 149 140 187 216 151 224 143 201 23 133 205 226 219 97 157 34 207
    196 209 79 2 198 207 85 61 124 149 171 136 248 27 129 214 153 15 108
    245 212 246 233 62 239 19 193 251 94 111 19 45 229 20 23 179 14 93
    12 20 193 192 148 180 124 27 74 15 11 216 38 212 53 69 153 48 255 91
    133 89 135 184 170 236 216 197 15 204 197 62 200 231 47 113 117 142
    152 249 175 62 154 147 242 182 94 81 62 180 34 211 112 235 56 101 53
    104 147 52 82 197 65 110 197 60 10 240 176 33 231 96 131 95 217 104
    75 201 162 239 131 104 85 231 227 198 94 153 161 146 206 94 159 199
    30 57 198 224 118 166 202 79 175 209 75 157 214 240 125 230 0 144 64
    226 121 179 184 29 166 94 204 212 77 46 66 144 81 66 203 5 30 191
    104 42 174 104 0 72 32 90 113 116 157 30 250 213 98 141 41 39 210
    180 233 35 140 57 182 221 11 175 166 13 204 132 232 144 216 238 224
    239 93 254 211 238 43 51 38 233 169 33 117 8 198 103 69 131 113 48
    197 89 207 84 138 166 69 158 49 190 83 28 159 10 92 93 7 11 77 254
    84 107 135 147 78 71 17 226 108 170 129 46 2 35 197 97 20 69 212 200
    8 158 188 173 42 161 50 33 94 71 29 226 26 104 17 232 213 120 154
    117 60 106 56 74 234 29 24 110 167 176 17 245 7 27 221 21 146 148
    117 184 194 223 45 194 205 87 240 6 48 58 23 39 196 98 243 90 221
    213 215 0 101 30 184 145 145 139 158 56 203 248 39 228 14 213 162
    119 171 243 113 128 111 3 199 40 32 65 249 106 84 207 86 192 24 137
    249 226 143 91 47 21 158 208 140 16 185 95 154 149 97 203 159 97 99
    12 214 49 252 189 46 12 205 146 163 158 69 79 108 56 137 133 179 10
    161 23 21 163 248 190 245 89 220 45 160 105 224 53 94 210 117 14 17
    79 85 42 12 98 29 160 111 152 17 136 126 253 55 197 144 93 44 81 70
    106 153 153 178 76 8 154 21 124 188 30 193 37 226 141 5 81 188 95 80
    79 129 226 254 43 63 60 53 76 162 135 139 150 70 99 171 113 181 100
    76 136 101 27 179 108 9 226 157 156 5 188 51 238 156 1 214 4 32 125
    92 95 89 199 144 77 88 106 31 168 49 165 57 110 181 118 57 91 238
    196 148 194 186 252 255 128 238 25 50 39 8 251 165 86 237 35 138 63
    208 77 163 170 129 8 70 181 159 171 61 223 208 235 176 133 237 170
    197 4 247 210 201 202 185 110 225 47 184 152 204 72 116 93 195 250
    253 188 233 254 129 146 165 230 67 41 16 7 134 7 189 117 235 132 30
    100 137 88 153 134 92 203 7 114 44 103 28 38 194 212 105 235 66 73
    28 144 206 50 246 108 187 187 180 19 68 34 87 110 159 153 127 99 137
    56 133 124 17 112 68 100 100 215 241 230 26 54 149 206 137 162 25 38
    104 7 230 230 145 198 99 177 198 215 70 185 71 148 244 55 235 192 8
    190 169 52 10 39 42 242 161 222 69 65 43 193 70 62 205 5 88 60 165
    119 133 167 18 178 154 172 67 177 200 117 248 110 65 101 94 211 183
    67 115 17 62 50 177 0 36 236 135 11 244 249 40 1 52 167 125 210 180
    159 125 87 93 177 20 121 28 65 32 206 217 101 190 33 60 46 28 3 236
    207 119 166 37 117 46 164 193 43 166 174 249 0 30 113 147 141 47 36
    213 115 121 122 44 236 11 189 51 57 100 52 219 80 232 0 231 233 10
    33 224 191 155 219 207 223 115 39 65 13 250 202 34 173 37 2 59 104
    159 247 33 235 34 34 74 175 137 155 121 190 122 70 152 32 15 231 238
    105 242 105 252 10 17 100 28 244 170 186 164 166 1 251 44 195 225 8
    171 99 135 66 192 237 134 44 28 43 250 173 216 63 131 113 18 116 174
    207 196 191 52 2 97 182 216 86 102 72 1 15 152 183 93 10 50 233 157
    34 226 204 180 72 253 242 122 63 252 123 137 49 14 31 228 250 167 20
    103 105 207 128 103 203 61 10 2 154 84 159 75 48 73 209 149 76 127
    159 149 85 52 113 11 199 121 171 3 194 54 220 63 43 48 20 21 160 167
    236 97 9 51 226 172 220 250 190 224 149 208 66 38 202 109 225 219 51
    155 19 158 228 156 142 48 61 111 164 33 65 29 138 142 200 231 83 70
    73 125 90 134 63 210 37 15 20 129 146 127 160 42 64 214 179 13 19 40
    247 247 218 133 29 150 23 93 5 89 233 76 112 79 11 89 203 131 78 49
    30 168 86 183 62 112 152 75 138 180 103 72 227 207 34 86 76 76 212
    42 64 108 7 128 58 63 111 172 125 202 56 253 56 183 127 110 74 135
    45 1 145 252 117 13 99 86 27 200 200 74 228 154 164 75 26 63 245 226
    214 181 187 181 165 163 102 156 26 11 33 155 80 165 165 89 7 209 132
    84 222 137 173 57 141 212 175 172 22 58 178 220 216 222 75 206 243
    137 79 83 219 240 77 38 0 200 222 97 84 205 48 87 184 142 227 141
    215 152 233 62 141 177 86 241 128 78 51 7 137 160 15 91 208 188 99
    218 183 127 103 105 24 116 62 174 233 45 116 45 89 139 153 97 33 170
    221 223 211 81 55 172 54 246 208 130 158 187 170 121 185 64 246 129
    17 152 40 234 62 64 154 58 81 202 49 179 8 43 242 187 226 96 214 2
    211 81 182 129 244 44 113 32 217 218 162 246 109 35 219 207 194 94
    64 28 62 123 118 10 254 36 241 185 132 10 97 185 69 27 167 239 123
    168 209 61 16 95 2 5 91 80 189 61 43 222 184 146 255 253 150 201 113
    244 39 92 159 111 98 112 128 95 129 78 214 106 119 6 22 179 197 85
    63 202 169 54 201 5 134 236 181 249 241 106 41 38 236 113 110 61 199
    73 116 234 20 11 158 76 147 223 187 25 3 168 69 96 229 24 99 12 24
    217 53 36 60 212 249 245 233 159 182 182 88 71 215 195 251 249 213
    102 170 223 181 46 65 59 40 71 11 53 199 16 67 235 0 172 132 60 198
    240 213 227 108 124 225 237 66 75 112 153 162 205 104 199 59 117 70
    113 115 76 250 110 57 195 124 199 209 159 3 185 42 83 211 46 239 207
    41 104 6 221 68 30 66 64 166 105 90 61 240 72 141 106 181 112 72 123
    184 166 72 80 229 94 36 250 100 134 83 86 143 23 105 145 187 130 30
    250 62 60 198 114 87 209 215 250 242 71 24 126 104 148 146 104 133
    194 252 132 126 236 59 13 4 193 195 116 32 106 27 176 148 17 55 10
    120 21 37 16 57 31 48 139 101 47 163 2 226 253 135 62 236 13 171 117
    211 8 200 8 89 201 65 185 166 61 218 122 102 52 221 225 241 84 35
    138 254 187 143 73 89 0 199 78 109 227 36 158 11 83 155 77 2 100 62
    202 198 93 220 222 54 192 183 148 103 13 233 83 252 47 217 11 165
    223 108 180 246 224 213 19 220 16 218 215 213 215 105 28 211 127 85
    81 95 41 64 54 12 82 193 115 83 111 215 77 21 99 36 152 204 247 99 9
    197 125 120 53 252 67 238 131 5 19 119 90 187 41 44 155 8 179 155
    232 163 74 194 177 28 97 33 60 252 218 31 244 101 59 65 25 95 175 26
    153 19 9 187 149 110 118 245 101 11 110 167 46 3 151 172 177 249 206
    30 238 58 145 208 10 122 232 125 232 247 252 84 54 202 240 97 103
    227 78 87 16 59 88 8 29 137 227 207 74 28 36 251 35 159 39 54 210
    234 60 117 18 45 98 145 136 195 97 158 97 86 226 105 139 207 179 125
    198 87 43 148 172 80 66 112 189 87 204 17 73 142 72 212 5 39 21 39 4
    79 0 245 72 205 115 40 56 211 53 143 52 27 203 202 76 198 31 20 195
    27 72 68 83 66 14 94 76 115 216 44 30 255 243 207 123 91 15 127 114
    0 231 91 3 113 118 243 243 28 48 97 79 32 247 218 146 124 213 248
    135 242 198 51 194 27 21 94 133 168 130 205 173 194 60 58 172 247
    132 13 204 120 198 190 218 196 199 155 47 128 147 177 247 71 246 164
    211 48 111 89 99 239 29 138 33 127 213 32 255 236 142 159 92 211 211
    251 21 205 96 127 33 177 117 45 17 255 188 84 207 206 73 207 121 51
    249 98 110 161 109 232 199 195 193 35 15 92 164 43 196 245 98 150 43
    109 118 170 76 255 65 140 209 75 79 25 253 114 220 79 163 106 226
    219 232 136 163 153 39 218 166 132 214 17 119 193 19 240 216 206 43
    250 152 49 170 198 226 25 212 250 157 121 143 225 113 11 129 68 205
    252 0 184 90 32 174 162 216 149 228 137 145 89 201 134 109 40 231 41
    185 41 49 21 125 123 55 124 153 9 60 223 80 12 42 253 143 218 144
    134 206 65 222 140 124 225 80 184 201 243 121 160 128 62 61 215 67
    209 173 20 130 181 236 62 148 222 123 174 54 210 90 27 184 75 84 229
    195 222 97 139 111 142 87 227 37 208 250 217 237 140 218 111 244 26
    189 252 28 212 82 111 133 227 60 169 33 32 12 106 40 232 33 89 179
    138 200 224 184 142 244 53 222 169 0 232 253 194 171 99 92 139 90 70
    82 24 185 143 181 203 9 226 200 217 18 163 3 79 94 220 210 226 28 12
    54 255 55 188 163 213 234 43 51 59 108 185 188 103 66 61 16 132 200
    109 41 216 62 16 91 187 152 68 182 105 145 17 188 116 222 129 85 123
    34 5 101 89 229 184 229 57 93 199 132 200 174 161 80 142 46 226 240
    217 83 249 51 110 243 39 55 254 115 43 69 234 29 140 82 246 225 179
    184 1 35 255 2 16 129 70 231 165 191 82 185 171 220 56 31 102 204 89
    223 212 62 238 174 204 187 92 166 36 87 21 221 132 90 183 214 91 255
    9 72 111 244 191 125 11 255 50 26 29 79 69 164 228 49 216 225 39 240
    36 52 111 210 234 14 64 215 110 232 234 85 201 248 220 198 17 74 159
    125 253 197 227 244 111 253 138 241 238 29 58 3 119 169 164 113 50
    189 97 29 156 97 125 95 204 25 135 121 83 1 14 84 127 30 85 228 53
    175 225 176 229 85 8 131 166 87 108 254 112 35 11 183 96 166 107 164
    163 188 171 176 165 102 54 68 205 238 190 121 57 50 103 54 167 29
    138 18 159 46 183 107 25 179 74 159 228 202 200 207 106 231 225 44
    126 255 228 137 16 170 71 13 214 208 56 27 226 160 133 202 166 118
    115 56 147 109 162 162 240 245 162 192 106 10 63 47 6 247 96 52 30
    189 155 83 154 228 100 75 229 14 82 185 102 140 110 196 77 79 108
    125 56 155 84 163 48 179 188 5 65 247 220 105 201 4 207 108 182 48
    15 155 201 198 187 164 196 154 9 71 44 138 52 19 127 78 51 247 44
    213 60 235 5 65 91 188 175 166 13 98 39 58 182 95 75 219 73 172 35
    205 245 70 163 193 157 222 9 74 248 135 226 81 107 28 66 203 83 55
    79 119 173 161 4 22 2 128 249 123 92 182 23 218 246 25 79 41 123 30
    40 187 103 157 174 163 212 47 135 37 16 138 172 130 191 213 117 114
    57 183 251 42 147 177 181 195 208 70 160 45 148 173 157 110 122 148
    243 143 132 30 57 247 160 217 27 173 131 236 91 6 197 189 40 144 230
    56 160 244 158 84 168 224 92 49 102 175 232 51 147 126 227 44 1 15
    89 123 2 121 14 23 64 81 119 174 53 167 48 10 164 208 201 93 78 58
    207 247 29 44 201 21 124 12 92 137 132 184 16 62 11 112 177 177 78
    50 39 6 0 5 126 3 195 176 210 31 211 66 246 35 164 49 63 156 168 212
    229 196 166 46 19 63 59 107 147 235 158 52 233 254 119 76 200 11 162
    10 223 251 65 5 30 177 43 199 113 190 174 88 205 199 107 33 208 82
    236 21 35 92 218 64 59 128 8 164 99 107 84 167 164 84 65 35 243 240
    231 250 52 103 58 85 153 245 75 163 77 113 62 188 204 56 142 152 236
    53 68 70 67 236 135 152 211 157 77 214 148 52 231 53 175 138 153 164
    134 107 247 171 12 133 214 75 13 27 139 240 135 173 162 186 197 77
    241 152 10 7 247 250 72 198 36 85 132 9 51 11 60 32 185 182 116 173
    82 212 1 56 11 5 144 61 60 23 152 53 125 223 99 252 141 173 15 199
    59 141 44 25 78 207 232 224 145 167 222 125 203 215 71 148 192 203
    69 208 152 133 143 212 18 47 164 184 173 119 43 136 50 89 154 223 68
    165 223 83 142 164 54 40 35 196 12 20 201 22 245 11 194 243 74 166
    151 239 135 115 209 137 97 244 106 128 146 22 51 2 115 192 46 82 200
    6 175 16 140 63 95 17 145 79 237 214 98 193 145 72 117 144 3 139 219
    14 43 250 39 37 32 195 75 48 208 236 82 88 123 10 215 122 203 45 95
    7 135 7 129 124 233 135 82 108 80 61 219 200 1 27 1 161 24 144 129
    23 169 216 209 87 44 39 94 181 57 148 208 23 131 243 94 249 64 33 54
    98 62 199 138 229 243 131 247 25 119 103 22 123 111 69 90 80 179 209
    13 34 143 194 154 253 78 184 127 75 185 20 98 56 106 198 149 188 42
    184 87 4 172 57 219 208 101 210 103 197 144 93 206 69 94 204 27 206
    26 137 241 107 147 95 184 84 195 75 3 242 90 245 145 153 89 129 106
    237 126 228 0 24 74 157 161 121 192 145 160 188 179 159 213 202 173
    183 17 245 130 63 253 252 47 153 23 80 143 34 14 113 199 87 198 56
    120 18 76 187 127 84 179 190 8 124 143 85 20 226 118 211 89 192 246
    145 142 117 252 122 20 176 207 122 95 162 99 73 233 175 39 218 79
    171 21 40 170 180 21 118 112 183 107 78 107 190 55 207 187 149 49
    119 168 121 205 158 238 68 0 206 39 27 59 71 16 105 43 226 8 48 86
    63 70 6 59 59 251 125 96 188 82 213 177 14 223 41 75 254 208 201 65
    100 144 25 101 124 28 62 126 32 221 254 119 248 112 195 36 12 238
    182 133 58 96 206 79 159 130 54 77 24 71 41 147 195 251 226 191 148
    171 235 177 197 86 14 106 190 238 32 143 10 244 54 139 38 190 198
    249 71 133 203 205 177 150 52 151 56 131 115 147 156 42 170 139 175
    103 128 110 6 40 157 140 7 163 63 89 31 35 156 135 85 27 219 176 59
    198 140 57 32 156 45 76 50 25 215 64 229 93 82 164 95 168 194 119
    131 203 112 11 119 214 122 130 252 127 29 180 80 194 48 143 13 180
    101 115 37 192 167 72 139 233 221 70 246 95 165 253 225 103 212 14
    148 20 206 54 109 122 207 84 28 37 107 122 144 69 171 203 77 131 189
    69 87 65 161 176 55 14 155 226 118 198 94 67 53 180 59 75 184 7 101
    249 143 236 42 63 105 42 49 194 69 124 106 254 1 64 130 71 15 10 204
    216 79 20 229 166 234 175 121 117 194 155 53 66 100 20 253 7 155 203
    149 83 46 11 123 124 61 9 129 19 167 248 85 128 198 32 135 78 108
    233 32 176 154 59 72 249 97 96 144 49 191 249 131 102 137 193 205
    184 110 198 1 134 234 95 21 4 167 35 118 57 72 177 117 128 167 113
    152 32 237 215 146 118 124 214 43 70 8 242 39 13 8 100 44 138 179
    244 36 251 70 255 28 64 11 7 158 77 171 126 198 198 107 98 22 166
    163 187 5 198 121 44 245 169 133 29 148 93 94 46 190 175 236 209 60
    61 238 55 14 221 81 78 35 177 93 228 245 38 185 242 147 147 10 225
    243 19 8 134 31 184 14 135 97 49 97 209 7 36 187 101 8 29 1 201 160
    181 227 143 105 209 108 35 194 1 155 67 238 71 212 22 77 192 60 129
    195 150 211 139 219 38 225 200 197 206 78 42 118 29 81 158 174 154
    160 70 140 28 111 24 42 84 82 215 23 56 203 189 254 39 23 231 178
    166 236 154 204 255 154 231 161 127 105 38 215 191 176 141 221 89 64
    134 202 72 13 224 184 138 144 255 166 235 214 29 80 180 51 13 217
    146 95 127 252 2 186 87 230 177 243 179 151 208 252 49 212 45 52 4
    233 16 104 47 247 90 5 254 250 159 36 215 122 3 38 22 254 16 123 108
    55 51 93 40 221 89 45 234 204 65 13 12 200 96 64 77 123 243 216 134
    74 146 208 136 82 228 177 51 46 143 24 245 194 131 199 16 38 166 41
    26 184 158 128 228 131 46 14 19 238 167 92 114 56 14 156 66 234 73
    70 34 23 13 130 166 15 252 9 110 176 220 5 90 22 154 151 2 236 126
    56 77 205 186 225 187 189 108 99 125 149 136 163 233 35 82 119 204
    80 4 154 34 42 83 165 63 28 67 130 180 247 93 166 78 141 19 170 127
    232 238 43 118 63 108 255 161 110 105 239 56 177 53 73 238 254 146
    100 132 35 228 89 52 189 168 187 91 196 185 220 248 202 143 166 4
    115 46 38 156 148 203 67 184 149 214 55 123 2 78 132 65 94 108 80 83
    38 250 182 85 125 1 7 204 103 225 186 118 31 241 169 238 126 216 165
    220 169 232 164 255 129 189 248 145 234 87 166 119 105 9 162 224 126
    190 213 236 209 194 218 179 238 35 251 238 113 230 174 138 123 42
    128 35 190 255 47 22 218 106 245 143 169 120 18 25 52 118 146 20 43
    212 138 0 49 229 0 168 211 134 64 200 124 84 128 255 206 88 99 72 82
    183 174 161 176 9 24 181 3 187 200 221 122 151 130 231 34 120 197
    217 198 172 9 64 246 137 24 102 36 192 242 251 151 122 166 67 63 187
    99 109 93 180 105 53 228 181 215 219 79 231 171 216 109 253 202 58
    120 59 222 147 229 238 56 211 115 202 90 118 166 213 246 194 189 204
    226 232 134 123 155 5 125 5 167 112 251 144 216 116 206 108 137 147
    255 164 114 176 67 184 27 108 239 219 238 220 124 163 8 17 41 112 81
    51 178 210 41 226 128 170 174 125 230 172 146 69 196 6 18 71 42 97 5
    141 32 25 10 117 66 124 188 49 175 35 39 203 214 250 159 146 39 198
    234 103 158 27 149 243 28 89 40 110 199 17 34 226 165 3 0 149 137
    242 76 108 136 92 0 245 26 145 73 164 135 188 247 176 129 132 30 132
    27 224 201 53 11 121 80 250 5 222 209 139 25 139 5 13 205 7 191 161
    41 45 142 193 190 186 244 252 10 110 58 70 99 225 151 16 5 21 143 5
    86 255 9 161 21 56 176 83 240 222 230 43 115 244 114 173 67 140 229
    245 209 178 228 116 170 17 248 105 96 237 181 140 232 243 73 171 58
    84 193 152 4 198 127 75 109 100 174 139 189 140 175 125 160 29 63 14
    107 55 45 187 236 54 88 37 114 143 69 108 209 100 117 2 34 245 255
    46 214 14 140 23 1 253 237 191 35 113 71 79 140 158 69 51 83 44 93
    222 205 247 236 57 231 70 42 82 207 1 23 2 247 107 55 68 223 138 186
    244 84 62 5 42 102 58 76 79 234 53 105 235 38 20 113 35 174 177 215
    198 219 140 83 154 176 97 115 233 152 7 64 221 72 168 57 104 134 58
    153 94 197 196 169 143 178 187 240 227 238 51 27 44 142 183 192 114
    157 91 58 233 197 102 159 192 9 123 157 47 169 102 188 124 248 182
    210 228 194 115 250 44 54 85 47 231 73 249 180 201 124 16 159 206
    233 219 179 135 39 243 197 121 83 107 244 112 159 52 144 54 8 75 165
    78 227 59 90 106 168 185 207 253 237 247 98 22 109 106 49 183 116
    186 158 34 170 95 127 176 185 209 96 131 135 212 144 18 25 213 119
    80 176 228 62 55 239 1 61 144 186 27 133 113 244 211 144 119 17 178
    192 164 228 111 132 178 145 2 81 57 183 172 243 87 191 47 237 171
    197 144 5 142 213 46 103 210 225 193 71 135 243 163 46 131 79 99 53
    109 36 24 36 97 0 160 129 251 217 68 35 178 173 116 75 182 13 188 98
    72 162 155 141 146 206 76 199 255 92 34 76 21 0 83 239 210 67 69 25
    76 134 176 206 126 254 9 28 109 218 62 111 27 79 240 26 41 247 127 7
    204 250 202 108 204 130 100 30 248 146 53 72 228 138 110 18 103 96
    41 204 232 63 30 141 158 217 247 117 31 217 144 155 169 200 165 0
    197 8 133 211 34 74 178 182 100 75 29 17 72 146 18 30 174 44 156 43
    182 120 92 197 178 48 95 167 0 48 189 132 90 136 65 203 237 69 40
    135 28 50 10 109 9 68 187 43 151 3 148 0 208 198 188 151 64 188 1 92
    66 141 194 42 248 128 176 244 243 0 68 247 135 149 26 134 151 38 221
    8 46 220 195 39 9 211 182 19 60 79 135 70 103 74 207 199 93 72 156
    83 6 20 188 92 37 52 165 105 1 130 166 10 21 170 120 43 220 180 251
    153 223 204 17 39 111 53 31 113 77 238 21 81 55 84 168 80 197 225 78
    143 232 10 22 208 161 11 36 161 200 151 79 218 74 23 73 5 250 175
    197 183 92 171 108 36 209 72 92 112 1 246 132 154 194 55 136 99 101
    68 119 207 253 85 123 71 193 27 132 135 217 230 180 115 77 120 39 5
    237 95 55 26 130 233 148 168 198 135 136 172 207 223 10 103 247 198
    57 126 1 87 232 232 214 2 95 206 237 157 83 178 58 246 200 138 211
    52 69 152 236 180 163 164 85 20 25 119 146 5 106 82 166 118 183 122
    219 241 209 16 31 65 160 252 174 20 98 246 13 229 159 41 0 255 241
    90 89 42 110 12 63 6 198 18 104 104 181 237 27 200 66 244 205 218 37
    171 203 255 103 176 108 139 231 92 220 163 154 198 149 202 163 92
    115 132 255 232 228 65 86 68 61 248 230 255 225 196 76 194 28 209
    168 170 226 121 196 69 249 244 234 72 37 121 216 122 203 181 30 114
    22 187 149 49 174 210 70 160 17 217 36 63 50 89 253 53 188 38 237
    181 252 3 221 173 28 101 155 14 156 239 168 84 240 215 208 200 210
    221 210 145 122 234 110 7 247 184 112 160 248 8 237 175 174 46 87
    154 225 76 224 117 45 176 135 209 9 195 207 13 122 109 240 100 46 37
    37 26 18 38 8 123 250 231 210 220 63 25 199 237 133 87 46 93 164 154
    246 215 165 109 39 22 126 118 248 193 106 9 5 248 29 22 5 96 114 94
    101 49 71 122 166 44 83 170 41 47 241 20 56 114 234 14 85 243 106
    175 111 48 169 126 63 220 194 125 5 59 29 251 42 38 38 245 40 58 24
    92 196 101 1 245 150 11 243 96 147 122 121 222 73 23 86 155 143 232
    17 167 109 63 117 205 151 88 241 51 175 79 21 57 38 116 21 207 1 3
    118 255 243 143 212 27 71 44 127 22 78 255 140 215 240 231 63 108
    202 213 70 86 48 46 32 121 203 89 152 94 116 45 23 211 155 165 194
    32 117 33 125 67 148 58 99 186 24 116 101 179 54 24 130 196 242 135
    178 239 242 148 168 10 210 180 45 156 27 58 186 192 228 168 214 151
    150 229 178 28 11 134 237 176 248 230 166 132 113 214 112 124 143
    155 199 61 61 128 209 227 26 68 178 205 240 19 158 200 204 55 106 39
    205 225 120 187 115 193 182 97 131 141 11 55 77 109 43 184 60 222 74
    176 42 142 57 90 143 249 131 31 97 37 89 142 56 160 94 82 104 133
    121 7 110 126 206 45 85 13 198 241 31 175 147 202 158 240 28 17 138
    186 129 231 59 237 194 222 128 20 95 127 248 74 40 162 57 123 28 25
    129 10 10 39 35 27 141 14 30 253 121 222 208 201 36 70 108 149 104
    249 234 155 119 217 30 167 104 192 200 216 250 255 230 213 110 213
    193 176 224 158 154 194 152 95 2 42 48 125 45 18 82 39 189 196 180
    208 102 4 201 183 205 105 10 154 215 166 253 94 13 228 182 185 78 46
    166 14 212 33 175 127 180 235 76 120 76 23 69 79 199 154 17 161 3
    144 98 69 180 184 120 200 164 124 185 155 154 224 52 31 168 147 212
    183 59 176 2 152 199 38 10 51 248 182 197 209 127 134 1 32 6 216 190
    195 73 41 130 139 209 48 213 103 42 94 236 130 145 40 172 198 180 14
    14 73 143 39 48 9 142 141 54 134 70 94 186 197 54 213 28 81 204 182
    155 217 254 11 162 162 131 108 126 219 136 38 217 176 118 235 178
    242 203 251 147 153 245 194 117 196 84 191 54 30 34 175 79 142 215
    129 129 134 185 165 46 28 235 199 222 166 27 219 44 162 27 35 242 99
    24 108 241 243 51 210 14 31 127 54 249 0 66 74 46 249 19 23 182 217
    120 202 88 243 20 159 106 190 235 55 149 29 50 128 239 255 74 57 236
    182 8 62 199 64 183 166 31 74 86 86 143 176 84 165 7 43 128 132 30
    94 177 188 168 63 50 176 99 0 231 113 17 155 101 115 244 157 146 220
    102 136 194 255 106 108 87 111 25 2 113 126 152 2 89 204 178 170 127
    197 109 84 246 77 114 7 157 108 6 80 171 136 28 118 112 129 166 61
    125 65 168 153 26 119 113 131 79 192 228 23 62 135 53 192 66 199 209
    164 32 193 225 67 172 243 52 27 161 138 116 99 231 181 42 36 122 246
    77 218 124 35 117 168 66 235 129 144 244 230 166 91 81 5 3 226 110
    233 251 30 161 139 89 126 104 109 41 3 63 134 11 76 222 133 239 129
    250 18 128 255 169 161 221 219 89 1 135 196 176 157 231 68 112 171
    234 79 203 114 216 210 173 28 77 38 205 233 34 196 149 152 94 112
    201 247 144 155 107 223 234 66 21 16 195 171 242 217 229 178 124 152
    96 153 193 223 188 172 94 238 34 103 190 103 47 234 214 231 189 118
    32 185 212 84 132 250 235 149 170 233 215 245 102 152 3 220 151 111
    147 59 138 182 108 235 211 19 146 18 233 250 151 100 113 4 81 61 205
    2 61 171 248 13 96 204 169 244 60 119 215 145 197 238 139 106 167 90
    181 110 125 16 143 243 41 21 21 105 2 149 71 27 108 9 208 192 189 59
    205 7 77 179 154 50 104 136 229 140 104 241 97 199 51 229 103 91 24
    237 150 80 232 210 32 117 17 31 22 58 95 150 164 97 185 108 73 184
    45 105 32 240 114 69 184 22 56 167 246 149 154 83 29 187 185 229 203
    250 210 65 199 27 244 103 30 186 20 84 95 23 249 142 164 140 174 3
    169 159 53 172 58 153 255 124 193 0 130 70 61 58 20 168 98 67 178 20
    64 190 32 231 167 255 171 150 77 132 207 248 74 224 83 177 98 4 128
    48 91 59 197 22 18 137 21 28 141 5 92 174 117 143 172 118 12 43 23
    173 210 223 149 99 146 65 240 5 241 222 61 24 92 32 179 58 44 200
    168 190 219 229 192 211 196 98 52 80 185 244 208 95 212 181 26 76
    217 60 114 201 163 3 50 135 92 185 209 47 187 190 157 57 252 198 79
    135 185 78 244 114 249 103 186 18 150 125 61 15 180 33 11 170 184 68
    139 172 92 186 48 103 49 127 238 131 93 172 160 139 149 104 193 153
    91 238 16 105 243 239 84 12 55 195 203 46 70 59 242 254 24 94 253 53
    154 190 106 118 105 209 33 52 212 131 249 208 163 205 115 171 83 135
    206 200 72 5 22 18 108 216 88 8 193 7 72 163 74 19 103 36 76 148 8
    86 27 13 176 239 28 145 4 39 216 100 157 8 60 142 35 107 26 94 131
    24 1 180 208 130 3 192 199 45 119 59 166 176 135 47 43 70 33 215 150
    150 27 96 64 100 215 155 90 48 33 107 238 240 67 178 192 32 72 127
    150 124 153 153 148 67 132 207 171 152 171 215 250 154 14 204 84 94
    42 195 244 215 174 94 216 41 165 146 77 253 154 129 236 251 41 124
    227 87 210 50 73 162 120 85 107 236 183 214 37 164 211 172 206 15 17
    166 2 26 17 49 214 111 65 127 191 215 12 76 35 49 87 139 244 185 196
    114 127 151 195 57 235 6 198 164 108 238 183 46 17 3 189 55 50 198
    113 171 0 252 113 30 84 131 40 239 60 147 144 209 15 107 68 92 224
    237 251 187 255 10 110 168 32 165 152 149 37 34 6 38 218 142 157 171
    208 61 235 30 174 250 178 138 136 160 188 0 221 151 106 193 218 79
    254 62 177 147 5 97 58 46 250 255 63 169 1 174 215 183 62 23 22 5 49
    88 98 56 214 13 240 108 207 135 17 5 182 225 200 87 243 111 214 253
    139 175 152 33 219 50 53 45 48 233 55 35 185 102 3 14 131 112 137
    126 227 209 180 189 163 117 204 95 150 197 141 98 51 132 194 249 107
    161 215 74 190 246 95 163 209 137 128 143 4 160 45 81 209 217 205
    156 208 161 109 28 117 0 26 108 78 130 141 215 181 53 241 46 133 141
    194 125 191 65 148 255 22 11 44 1 234 216 66 22 45 236 55 203 244
    229 45 93 181 213 212 31 47 225 219 214 142 9 27 126 237 126 12 28
    245 6 47 60 117 17 5 179 42 99 26 210 14 90 80 46 100 132 38 103 215
    38 57 142 9 132 48 227 16 56 22 99 94 161 203 158 201 182 147 25 185
    116 232 108 140 136 140 48 226 161 91 226 121 226 224 60 172 116 165
    39 3 1 242 25 51 77 7 232 144 154 217 99 249 63 182 119 164 81 246
    126 139 206 163 162 65 225 152 170 220 228 202 205 110 92 0 152 141
    168 99 42 242 24 44 216 169 153 7 60 64 154 239 162 116 0 249 53 246
    85 115 129 53 19 160 84 207 7 65 197 211 97 144 160 31 66 173 85 161
    50 171 66 33 76 248 143 66 23 233 153 33 158 243 91 186 218 9 69 251
    62 233 222 212 42 47 211 238 206 188 63 25 27 194 202 144 106 5 29
    22 24 122 184 167 225 163 197 69 90 167 27 23 232 20 155 59 238 11
    165 72 198 127 110 99 3 112 230 37 143 51 122 113 120 239 167 13 156
    61 189 22 177 205 217 104 247 112 169 127 19 228 195 253 67 3 83 175
    242 163 18 159 223 209 178 222 169 225 71 34 20 139 158 59 88 74 36
    95 64 73 163 133 66 83 183 192 108 12 49 91 140 144 45 241 218 225
    143 149 16 252 123 42 177 115 74 180 12 153 103 239 157 98 4 99 131
    52 25 213 9 122 140 70 222 109 138 163 194 178 240 73 89 154 220 132
    125 238 232 251 24 67 237 52 193 237 102 137 103 224 200 217 213 84
    55 183 102 53 147 153 170 127 43 147 3 93 212 65 111 95 183 12 44
    174 56 173 55 156 186 56 215 43 54 195 154 174 253 219 86 48 161 151
    11 95 123 76 150 169 81 81 226 21 218 23 172 127 116 230 208 173 97
    48 162 37 178 207 119 185 75 99 76 69 95 223 176 10 131 159 222 20
    44 226 252 27 27 175 104 64 56 49 151 90 128 240 45 157 239 202 37
    111 111 198 48 6 59 207 189 227 239 177 19 122 232 164 61 145 131
    119 167 78 59 2 215 179 185 156 13 45 224 123 15 126 91 206 82 145
    35 119 172 29 224 99 88 161 22 243 249 44 201 148 164 41 65 209 11
    199 73 15 195 247 122 143 131 88 110 24 232 196 233 219 106 91 16 75
    128 122 84 70 160 183 246 216 235 76 57 87 184 156 53 249 140 98 144
    157 229 161 221 207 231 196 105 28 210 50 178 9 250 177 216 87 154
    169 55 65 190 218 216 84 167 23 16 81 159 151 38 80 114 18 225 180
    215 9 180 98 162 90 38 222 90 10 33 32 179 94 221 155 149 226 121
    135 86 132 50 31 69 12 176 37 102 211 218 136 198 148 242 242 82 65
    114 62 4 107 126 14 183 223 220 230 137 144 59 211 190 194 206 114
    210 22 251 58 41 212 164 228 81 253 196 211 182 130 79 32 235 193
    204 74 224 122 39 155 239 77 184 217 28 34 156 19 46 157 78 125 218
    9 49 157 155 223 226 48 123 26 233 108 43 125 5 66 213 77 208 146
    120 19 173 9 38 80 48 232 174 227 157 83 40 122 49 204 85 230 25 61
    213 91 3 52 120 45 80 129 153 80 175 177 200 1 17 72 199 62 224 64
    145 186 228 193 195 169 173 167 167 161 113 32 151 166 166 104 4 4
    142 239 9 15 145 137 222 245 254 203 40 11 19 168 105 104 184 50 159
    191 103 88 93 45 120 244 255 33 218 157 15 229 124 216 69 38 57 65
    22 198 241 186 59 194 181 27 6 233 3 9 217 92 157 32 171 144 50 59
    248 76 161 63 46 142 128 71 172 91 7 77 193 86 103 79 245 57 199 172
    195 199 124 179 162 254 168 252 254 239 97 36 71 120 36 102 98 54
    176 156 214 164 20 249 6 179 40 47 93 252 213 100 83 237 145 17 100
    162 175 79 134 187 78 240 153 5 216 24 252 40 73 4 11 122 208 195
    203 244 51 250 55 131 137 129 224 173 70 194 210 180 189 51 51 217
    104 14 222 203 208 41 118 244 153 170 170 206 35 213 89 51 151 93
    244 226 89 202 177 223 20 63 46 94 26 210 10 79 241 97 102 133 49 20
    213 172 153 243 140 24 215 229 245 73 146 191 52 235 124 120 203 114
    103 255 35 214 58 88 215 90 100 197 117 137 132 125 162 181 138 19
    171 55 62 132 85 132 253 167 184 14 60 3 196 235 56 220 242 252 196
    133 14 35 159 236 209 188 239 122 212 243 69 88 194 49 105 88 39 151
    177 166 209 200 184 128 201 251 244 1 171 114 58 252 164 107 155 86
    116 179 165 206 144 224 102 4 50 38 176 128 133 148 57 0 85 190 52
    40 117 36 205 38 125 184 228 80 178 226 170 64 66 75 151 36 67 5 247
    163 233 189 167 69 108 108 85 170 108 191 99 66 44 44 173 139 100
    207 13 44 90 30 204 128 222 70 148 202 34 64 186 62 216 116 227 246
    171 14 14 217 92 46 183 29 61 192 52 91 223 233 58 122 53 15 17 125
    107 109 30 8 127 37 29 36 151 16 196 248 93 56 65 10 50 179 118 135
    147 14 47 197 244 242 2 104 132 66 84 29 124 65 92 94 93 102 226 182
    71 179 209 86 104 17 87 20 239 138 234 211 126 60 110 199 55 198 52
    44 9 47 164 243 118 99 175 120 214 229 157 64 145 134 190 234 44 75
    211 173 200 165 201 131 226 140 196 85 10 225 146 119 108 77 101 221
    161 175 109 244 223 19 132 254 104 203 191 221 72 34 142 154 218 227
    143 7 128 42 66 201 17 109 218 239 250 195 14 233 248 82 122 35 87
    40 229 61 155 129 93 97 121 83 240 63 246 190 220 144 90 61 3 147
    224 234 121 212 219 86 71 206 75 205 79 251 110 53 255 162 10 41 103
    185 4 16 108 138 7 4 48 183 239 210 98 5 237 137 227 143 1 28 198 43
    81 137 88 186 251 113 241 241 181 109 251 187 130 22 104 213 245 68
    13 199 141 29 108 7 150 210 95 184 247 206 74 108 144 21 137 18 110
    208 36 244 23 18 22 179 83 183 68 48 124 251 170 168 6 76 65 232 48
    177 252 123 114 63 109 140 66 15 23 65 65 185 55 175 45 212 238 50
    185 14 94 210 64 24 73 160 75 231 250 74 108 137 34 36 10 195 199
    126 255 227 186 6 29 110 42 40 154 59 231 49 171 238 237 96 161 208
    16 97 141 232 243 248 78 239 72 61 171 112 0 255 42 92 25 191 140
    104 63 155 237 27 172 169 52 156 100 61 21 244 170 195 167 82 197
    101 191 222 130 37 119 235 241 78 39 73 43 2 181 216 33 232 109 238
    197 214 83 187 220 20 5 87 194 126 15 85 180 113 192 198 140 31 69
    221 222 3 22 132 217 192 142 134 190 123 164 163 110 235 132 6 246
    152 254 198 234 124 245 53 246 72 115 57 233 40 149 76 97 156 178
    173 193 20 150 153 47 124 210 197 75 114 191 204 144 91 247 144 172
    108 14 33 97 72 126 201 103 127 217 156 43 9 129 34 79 134 68 193 18
    88 132 195 114 163 18 169 251 22 150 54 36 226 120 160 185 171 247
    191 33 23 57 93 221 32 115 27 40 35 254 32 90 43 252 18 225 220 193
    61 48 161 197 199 115 244 192 161 144 240 23 66 128 15 66 39 130 169
    42 37 138 156 71 192 122 3 86 142 108 76 47 152 210 81 1 53 193 232
    242 186 162 33 101 176 233 145 28 236 208 115 239 144 218 25 74 40
    182 43 22 84 250 217 160 20 25 126 164 40 181 134 88 135 110 172 129
    43 241 139 16 91 51 15 67 7 221 228 90 181 171 42 124 173 235 192 75
    163 48 168 160 118 149 243 122 69 47 37 180 255 241 240 91 153 177
    112 9 71 73 228 56 53 212 225 90 63 6 25 170 197 225 6 60 182 92 1
    14 190 136 231 109 253 154 67 153 217 103 106 200 141 106 87 85 213
    100 170 182 18 32 211 130 252 130 54 199 123 125 169 183 46 154 152
    130 31 123 1 81 167 247 240 143 128 191 213 215 230 14 125 195 154 9
    140 75 219 123 166 101 140 229 141 70 192 142 86 33 23 194 64 44 99
    149 147 241 242 207 207 88 243 126 89 92 113 61 131 51 38 170 63 180
    59 60 151 138 137 121 130 143 137 141 52 55 184 112 35 54 199 60 109
    251 124 125 221 2 224 238 129 185 238 59 91 74 115 47 51 51 197 30
    193 40 17 166 146 226 195 60 167 13 61 243 186 236 175 123 158 140
    16 59 166 165 217 215 161 82 176 102 212 199 198 81 115 7 203 1 162
    148 105 34 52 149 53 178 80 189 245 231 203 93 79 219 138 169 67 224
    161 45 214 42 242 30 27 140 240 226 30 45 59 164 228 149 53 83 183 4
    109 91 188 119 206 124 28 161 74 168 46 10 35 174 88 39 210 14 75
    161 241 112 127 143 164 66 95 195 178 3 1 74 138 163 186 94 218 15
    66 23 134 47 56 231 216 110 26 91 193 138 69 47 172 56 55 51 138 205
    61 27 178 146 134 109 209 46 53 246 195 35 211 150 79 74 209 46 11
    87 156 39 9 255 223 66 121 180 0 222 201 101 114 212 190 91 147 37
    95 124 1 230 99 167 248 86 179 54 217 134 253 198 6 119 127 109 62
    216 114 109 117 4 141 97 169 198 40 51 93 225 154 190 233 239 178 22
    71 182 240 144 1 139 96 121 238 228 82 205 172 143 10 112 84 69 104
    56 105 42 52 99 191 61 250 106 195 95 219 141 103 15 84 65 169 19 38
    43 124 187 7 55 244 216 41 145 89 243 241 211 27 104 58 128 86 96
    182 44 50 90 227 199 117 155 108 136 58 15 253 175 95 4 87 48 211
    162 32 80 152 57 11 105 180 124 209 43 58 93 145 47 148 220 126 94
    69 115 206 150 40 123 65 76 97 158 68 238 182 3 191 19 155 255 188
    196 76 220 133 232 53 205 231 110 98 195 239 178 147 140 150 38 64
    234 239 103 169 76 33 162 200 128 83 48 255 198 128 60 247 62 154 89
    134 182 212 39 219 143 194 226 33 61 192 206 65 199 41 74 14 88 44
    215 140 176 37 17 238 69 219 33 61 135 206 244 47 173 53 239 97 161
    7 46 81 11 139 86 48 142 96 148 137 62 126 244 66 179 182 10 209 92
    202 12 238 23 159 27 246 45 113 26 161 227 132 135 229 87 123 197
    151 72 148 102 205 157 134 62 130 125 52 81 68 17 54 136 147 237 68
    169 120 59 212 167 73 106 246 39 159 137 112 93 71 121 127 56 240 89
    246 123 23 206 64 245 155 74 25 28 137 92 207 82 185 13 217 5 240
    118 157 19 89 45 225 115 9 151 65 15 135 54 142 73 162 167 168 32
    155 45 156 247 150 49 141 146 68 141 183 199 35 226 165 250 167 162
    54 65 99 178 48 111 29 84 125 58 242 52 98 247 104 140 149 84 58 24
    160 96 208 49 235 39 96 102 86 163 84 218 76 35 233 39 127 210 45
    219 248 17 38 68 173 68 2 227 230 86 78 127 229 190 102 83 169 109
    164 75 21 211 75 144 200 98 28 137 200 98 116 240 137 166 236 250
    182 197 136 238 193 125 234 32 4 28 153 201 108 244 183 250 7 142
    199 120 83 138 145 146 171 185 185 233 51 170 68 219 252 41 179 75
    116 231 224 135 149 53 63 231 244 59 159 133 117 49 178 205 136 133
    116 247 167 93 32 30 75 100 138 117 71 188 220 143 118 251 226 138
    251 233 167 241 255 123 126 163 113 245 251 194 234 76 28 139 90 220
    131 187 207 69 105 66 140 242 226 185 178 10 132 151 175 34 91 193
    79 118 247 111 235 85 92 115 2 176 61 112 170 169 213 237 192 235
    162 200 116 85 106 194 161 180 78 225 116 119 19 101 13 143 252 25
    32 128 102 221 9 123 160 234 89 103 194 15 239 3 252 85 101 207 118
    96 10 151 20 236 220 191 55 104 80 249 113 221 7 125 157 249 131 213
    246 10 145 95 129 71 126 164 83 218 0 48 58 176 102 246 140 6 252 18
    201 226 196 95 144 112 68 123 211 135 130 216 209 185 21 60 161 36
    24 196 228 157 254 52 50 72 69 2 19 240 81 73 156 103 235 11 50 232
    192 102 222 103 49 61 214 58 95 130 208 17 122 241 254 170 68 4 164
    243 122 199 155 132 133 48 131 159 20 19 54 64 200 16 24 24 114 72
    234 94 244 49 150 170 22 198 69 198 53 252 41 111 216 8 124 189 26
    19 56 55 106 224 184 114 207 192 163 25 94 22 38 190 172 53 34 210
    82 151 207 253 233 202 147 170 249 250 180 110 169 129 208 240 25 40
    59 22 16 218 125 190 161 132 189 91 52 135 9 52 166 179 106 182 240
    83 244 155 61 160 245 108 41 40 206 92 111 90 85 93 225 38 158 202
    130 83 23 247 12 234 173 237 179 143 221 178 122 42 194 86 179 195
    123 203 125 114 23 88 66 239 248 118 131 94 0 17 48 247 43 108 26
    201 155 159 37 73 38 145 89 154 169 236 233 121 248 149 236 196 175
    144 125 205 134 71 226 119 204 34 190 97 83 36 87 253 142 233 168 79
    49 47 136 110 143 38 224 93 148 26 11 202 157 169 42 117 199 31 210
    172 234 137 22 14 127 58 99 140 144 184 105 86 6 201 19 182 122 252
    200 95 209 74 19 122 69 43 1 121 38 74 35 34 129 175 190 127 195 97
    43 5 252 149 93 109 58 158 175 132 231 89 96 163 219 211 11 13 145
    194 182 254 219 92 183 6 143 111 247 36 68 244 130 36 236 177 40 50
    52 30 225 62 208 33 233 130 28 105 88 84 222 49 240 248 226 84 23 68
    142 10 193 115 221 201 152 151 37 5 171 55 64 15 200 254 27 206 113
    72 161 98 220 174 253 76 159 146 80 164 210 8 163 251 163 75 204 27
    99 60 92 144 44 112 70 46 196 126 242 210 143 113 154 67 173 226 178
    164 238 28 199 62 161 62 63 194 154 36 48 170 102 89 76 50 34 183
    176 242 46 184 221 3 150 68 140 179 88 111 170 118 220 184 123 224
    79 202 136 174 118 228 180 226 200 73 180 1 92 153 162 141 25 165
    243 72 90 180 220 116 163 241 65 195 155 55 117 241 232 87 146 87 49
    126 243 79 248 84 74 36 202 231 82 160 137 42 199 48 83 167 105 184
    85 167 143 212 194 107 17 20 69 7 56 200 35 208 112 50 168 132 170
    123 121 237 55 92 11 225 183 91 236 14 88 20 247 176 58 126 165 198
    61 137 40 174 62 117 76 25 186 242 119 33 115 190 219 181 25 102 253
    123 232 143 226 222 76 133 212 244 92 68 176 5 191 191 96 67 68 133
    115 73 73 233 30 120 204 112 157 13 11 252 116 65 183 253 242 135
    109 55 30 63 112 96 69 230 236 250 197 75 205 74 37 197 32 193 79
    105 41 220 217 58 16 203 220 216 73 190 40 141 205 64 112 163 252 58
    199 222 121 248 24 2 22 170 223 242 134 220 245 40 2 63 97 174 16
    142 96 4 15 31 191 161 170 162 105 107 86 75 183 96 126 33 158 235
    109 140 236 6 198 42 218 202 170 28 129 168 62 112 172 5 40 41 205
    58 238 135 70 137 103 168 233 223 43 186 183 217 242 178 226 223 63
    120 188 182 56 28 121 126 193 149 160 169 156 32 83 7 80 43 189 57 2
    249 237 152 237 13 19 112 54 153 192 88 166 19 190 99 164 132 240 98
    206 111 197 197 2 136 150 135 125 82 192 170 36 246 167 243 180 32
    48 145 20 238 25 161 122 155 203 213 28 67 83 38 136 161 106 37 165
    13 68 88 165 231 210 27 143 163 4 213 168 228 154 0 144 35 99 192
    125 71 166 27 41 207 118 204 121 224 167 188 192 72 106 134 66 111
    122 248 54 29 101 225 38 40 125 89 222 6 86 113 253 133 109 201 141
    121 66 184 48 64 161 44 70 23 157 24 222 61 164 107 102 139 215 25
    251 166 207 227 227 203 131 140 221 81 197 102 242 33 3 24 20 131
    118 84 186 213 134 218 22 0 153 200 161 61 85 42 162 142 78 131 99
    71 37 181 44 176 193 118 33 221 46 53 145 112 160 9 254 9 14 203 45
    109 65 235 114 139 193 184 85 42 172 181 132 196 44 35 210 125 102
    156 52 52 115 71 166 41 38 40 13 30 188 168 199 28 26 123 117 25 191
    104 128 4 122 17 55 189 148 95 76 49 119 42 218 18 28 223 8 6 55 143
    204 196 205 243 194 87 57 178 47 40 87 152 234 108 86 192 116 230
    206 0 185 53 67 220 181 70 182 9 222 103 153 114 201 228 53 118 143
    167 44 234 55 83 93 161 14 195 113 10 143 101 204 147 149 15 148 97
    175 213 204 206 30 158 83 199 151 106 85 225 196 234 1 26 29 130 155
    66 25 152 191 243 15 192 11 132 97 67 202 107 211 56 224 122 254 114
    47 79 176 91 252 68 150 55 106 166 121 187 116 212 24 56 54 109 121
    41 189 23 170 250 27 235 141 169 226 119 46 120 28 140 54 191 41 19
    191 159 187 202 98 74 177 228 47 195 102 129 0 45 212 57 112 89 44
    224 142 171 245 162 212 21 69 0 251 45 86 23 15 219 45 182 93 159
    211 96 156 184 113 159 4 134 30 33 171 109 158 142 213 46 204 155
    185 253 205 116 30 213 197 120 217 102 203 44 88 125 60 101 117 16
    238 156 12 142 160 248 181 171 85 250 96 205 99 115 6 32 179 151 101
    211 192 83 189 103 62 72 7 174 217 1 35 247 219 92 136 60 164 108
    200 10 87 193 230 196 35 7 166 212 160 28 204 235 74 124 160 254 19
    151 51 45 39 196 7 68 16 234 150 226 224 178 81 146 76 234 55 48 248
    234 97 88 20 49 123 147 178 100 107 48 223 160 244 50 108 140 153
    101 250 217 74 185 228 25 68 102 45 147 118 71 42 114 202 216 11 68
    177 207 183 181 43 227 10 5 107 144 18 168 225 208 203 245 72 197 23
    110 106 219 74 185 179 217 158 73 168 31 32 253 8 82 59 33 208 23
    120 34 13 16 80 70 119 135 245 97 26 72 114 169 145 251 188 29 49
    145 170 67 162 15 181 234 34 64 154 58 213 43 203 140 21 6 34 108
    192 10 97 193 153 103 14 35 22 27 205 98 84 51 229 73 56 166 72 231
    231 123 142 144 103 209 155 229 11 214 151 22 119 106 17 205 28 221
    11 80 218 28 184 7 155 190 158 23 77 168 138 103 220 251 90 196 208
    224 127 90 120 250 135 142 245 122 118 98 209 145 175 206 135 173 41
    178 179 62 98 88 72 41 231 244 236 131 107 52 216 254 199 164 250
    158 90 241 156 111 85 104 199 60 239 158 73 238 254 219 23 167 49 36
    150 219 140 217 243 165 110 117 11 199 66 114 219 75 42 95 4 163 174
    84 222 115 33 50 85 134 221 202 49 240 33 47 12 42 254 79 190 212
    216 144 166 208 17 59 250 67 178 231 33 56 14 33 166 4 16 115 38 86
    84 197 113 17 138 197 247 240 76 158 242 152 136 68 17 75 139 45 246
    205 28 217 58 101 122 202 223 11 189 41 59 104 51 117 122 92 79 108
    187 156 137 79 83 35 9 118 182 123 146 139 62 75 208 77 80 97 214
    178 97 202 38 162 1 97 18 201 95 231 183 106 255 93 5 5 166 221 204
    214 206 75 112 254 72 70 177 101 82 96 142 137 66 99 154 245 36 99
    12 47 147 43 217 212 9 51 34 155 90 143 176 94 100 242 234 7 221 160
    88 13 85 80 188 129 33 44 72 14 165 9 208 201 123 163 79 155 107 117
    77 4 61 146 95 67 220 103 120 176 216 102 87 101 244 226 119 252 224
    252 196 213 201 39 111 183 1 12 125 120 231 244 166 174 10 223 234
    228 75 144 64 2 93 218 195 22 46 153 42 120 87 36 76 131 195 21 247
    64 91 136 96 217 147 247 228 199 176 219 167 130 101 243 170 86 160
    135 91 187 163 61 113 107 195 128 14 198 195 190 137 88 140 243 50
    84 108 4 124 227 68 37 200 224 119 56 143 22 248 197 176 75 93 248
    94 95 51 168 10 244 220 232 126 208 146 236 204 147 46 69 154 119
    150 155 108 122 29 38 78 214 242 58 165 135 132 168 158 243 102 72
    99 187 135 75 56 68 87 188 87 131 208 109 211 242 251 61 71 69 41
    111 254 149 251 93 50 151 34 92 136 60 67 250 240 71 217 197 97 185
    13 232 126 59 244 181 169 205 148 35 188 10 97 244 246 21 182 249
    110 130 31 208 253 219 227 235 130 125 14 90 135 82 215 214 68 196
    224 23 182 192 191 215 203 144 245 104 70 87 194 43 11 92 89 141 187
    243 57 141 37 103 155 153 117 114 3 220 41 76 37 5 115 165 89 235
    113 87 198 0 206 59 152 156 222 85 133 69 167 116 230 16 107 133 160
    136 112 7 150 247 251 239 201 137 183 21 141 160 162 92 143 250 50
    178 250 145 232 55 251 227 220 232 21 30 199 253 31 241 99 139 137
    35 223 108 118 179 87 137 17 196 112 43 60 51 152 139 215 51 166 53
    126 45 209 239 204 203 203 184 75 223 135 183 1 233 80 5 204 142 124
    128 169 42 114 249 75 128 36 153 219 96 99 69 18 193 188 182 213 244
    192 88 129 9 215 95 11 41 227 139 162 231 99 110 28 101 255 106 200
    228 3 95 2 48 154 172 109 242 55 123 124 186 34 91 34 242 121 121
    202 208 36 198 118 124 176 129 151 56 53 2 20 176 226 93 142 183 2
    12 59 239 19 156 112 196 117 225 106 241 122 200 165 85 225 83 34
    229 239 24 52 41 176 99 176 74 203 160 181 81 206 39 169 240 31 103
    238 123 129 121 49 91 142 69 216 8 182 35 185 1 35 123 104 204 48 32
    252 154 244 165 83 192 184 118 200 169 242 114 134 89 123 80 230 219
    225 31 52 245 129 210 249 97 157 81 176 35 114 45 24 33 183 129 46
    102 237 115 27 78 229 136 80 45 57 215 46 190 49 176 7 230 131 76
    235 129 176 13 21 173 42 182 105 67 11 156 192 175 255 114 54 132
    223 79 252 143 149 85 163 98 254 10 197 247 47 79 27 5 213 128 133
    183 186 31 104 221 236 240 18 155 60 94 176 34 101 161 121 118 15
    207 168 91 180 13 63 204 159 95 241 116 5 225 152 63 121 130 159 68
    241 188 34 239 156 24 71 0 50 39 148 151 102 207 132 76 14 154 123
    198 192 9 13 81 242 131 0 92 119 112 50 2 49 177 246 229 32 71 89
    119 148 19 222 143 212 9 103 37 143 32 130 165 239 166 34 121 238
    252 56 95 104 123 19 6 244 210 106 64 58 250 176 35 214 163 107 216
    32 113 214 216 46 168 221 14 13 202 73 18 188 84 162 159 80 6 28 15
    235 247 5 22 10 116 151 228 140 162 155 211 150 207 15 242 126 72 2
    197 143 207 220 101 152 102 32 186 194 235 31 175 242 180 166 216
    115 240 220 143 160 1 2 118 55 152 150 84 223 96 183 186 244 218 135
    102 189 202 22 130 152 1 59 69 71 34 122 168 159 25 162 74 167 133
    190 147 28 81 153 103 157 37 132 251 132 92 206 171 107 244 56 28 15
    97 174 149 77 193 103 206 218 81 231 234 41 31 126 190 179 83 219
    125 234 214 181 117 228 133 216 248 100 180 125 185 43 23 151 17 34
    61 81 45 195 66 61 60 93 240 36 141 176 157 178 69 108 244 35 163
    230 154 23 81 187 56 160 216 139 122 218 216 159 100 50 152 150 195
    75 12 159 38 25 205 22 112 248 81 207 8 90 243 133 93 90 85 8 144
    104 15 44 101 133 142 241 19 27 188 99 126 72 188 159 7 123 28 85
    162 118 79 0 115 242 97 50 24 0 48 235 103 165 172 54 234 6 31 71 4
    141 125 95 1 185 99 33 125 226 72 186 144 15 147 107 10 7 216 27 71
    62 240 116 135 15 241 175 247 128 10 36 21 166 174 39 73 181 42 113
    19 84 56 107 167 6 33 127 80 245 238 143 225 253 42 98 237 14 206
    115 195 48 87 217 150 155 140 141 163 93 85 84 117 244 235 202 234
    95 83 255 135 16 182 70 125 215 81 252 14 164 220 229 14 149 47 50
    180 229 216 121 142 26 68 187 150 61 8 54 203 193 165 121 134 111
    197 103 211 223 199 31 4 77 235 106 120 13 199 30 145 90 50 38 155
    16 133 214 245 211 205 57 101 12 83 44 76 64 242 245 143 84 3 232
    163 46 133 159 221 135 86 255 77 74 255 145 180 186 66 70 82 93 174
    108 173 101 54 88 30 179 104 130 47 35 72 15 147 68 115 45 126 49 4
    177 77 148 98 243 119 118 206 99 188 104 45 25 136 132 83 210 176
    254 101 249 47 255 190 40 39 180 142 186 128 60 90 190 208 76 84 237
    149 252 197 254 203 234 56 235 232 142 9 154 135 174 212 133 169 108
    101 202 202 197 89 24 107 54 249 203 77 128 185 123 247 183 155 130
    117 11 253 87 163 226 194 243 199 207 177 230 151 57 166 156 49 5
    162 186 55 248 76 73 65 34 131 179 76 48 114 102 223 194 234 89 60
    214 192 172 175 66 87 130 170 221 200 110 36 53 204 188 111 4 209
    183 28 172 70 89 241 140 117 254 19 70 250 227 166 247 77 78 41 197
    189 212 254 121 174 59 237 129 204 177 119 135 110 211 160 115 103
    75 123 209 40 53 115 163 254 218 9 144 1 220 20 3 87 49 209 215 218
    138 166 195 73 210 33 57 11 58 85 133 146 110 226 82 125 91 212 244
    201 202 207 155 117 254 106 254 111 16 120 222 153 54 19 169 131 178
    63 136 38 28 183 110 206 60 131 100 54 215 178 159 50 80 248 13 60
    67 225 89 140 215 28 89 207 9 24 165 120 112 22 7 250 246 254 129
    252 209 221 171 35 215 241 201 222 97 235 233 186 245 128 19 128 121
    172 45 85 1 35 117 35 81 23 245 150 158 125 232 4 122 209 237 165
    146 205 20 53 90 246 36 198 81 185 85 12 146 110 23 117 25 225 144
    84 40 39 104 99 255 73 15 222 251 3 93 52 41 4 71 254 155 23 64 86
    239 158 90 21 89 20 117 217 1 74 13 20 177 138 65 237 162 180 50 74
    154 241 197 203 48 124 3 111 121 160 147 132 215 236 64 102 122 60
    153 43 190 193 141 107 150 73 127 237 10 215 163 84 226 97 83 44 55
    230 205 82 164 3 151 246 33 136 246 29 97 110 132 233 237 17 201 148
    30 119 142 117 149 225 74 160 193 141 211 133 131 103 4 128 71 200
    54 151 169 62 52 165 154 80 127 94 125 56 62 147 219 71 172 42 142
    59 50 176 16 180 81 176 246 111 86 10 109 209 42 26 255 160 130 192
    128 220 125 201 150 83 94 137 101 23 80 125 71 93 61 253 160 183 117
    213 175 50 142 2 71 140 55 231 219 82 94 211 145 253 213 39 235 176
    17 251 229 244 145 254 209 109 58 115 208 138 11 142 120 254 14 28
    245 178 68 78 162 53 100 29 225 172 107 85 199 30 239 153 203 158 12
    42 37 120 33 215 166 163 166 234 86 71 67 130 175 147 236 220 229
    223 188 124 180 48 141 177 171 94 155 94 76 145 239 103 132 1 254
    113 20 236 199 82 220 63 145 115 133 190 200 214 131 51 81 48 46 83
    156 175 96 170 114 135 189 179 72 58 14 187 52 59 28 149 92 133 47
    101 149 14 170 214 218 71 18 119 138 1 80 103 144 158 37 126 198 247
    104 99 103 237 248 189 88 104 71 68 45 75 4 238 212 107 134 79 63 74
    238 230 196 44 164 198 144 145 229 3 63 154 82 1 123 191 40 0 18 101
    49 12 74 108 153 227 172 183 231 154 110 172 29 89 47 27 32 138 168
    12 192 94 60 196 174 91 134 96 92 241 208 152 209 16 190 168 133 187
    140 71 139 170 96 217 103 119 81 197 31 247 127 51 69 107 137 23 131
    151 197 127 245 135 95 175 103 28 129 20 23 233 111 42 31 39 14 168
    249 111 118 219 31 253 43 201 188 243 12 6 54 166 27 29 194 107 131
    17 169 57 198 18 28 66 157 93 255 22 206 239 235 8 122 28 243 64 151
    16 47 200 112 163 101 161 121 219 219 22 131 202 191 193 174 55 54
    145 34 60 90 163 202 249 245 143 140 188 82 134 174 112 51 208 199
    25 169 211 35 89 113 147 215 61 195 60 176 223 109 239 86 252 7 159
    185 214 60 158 43 11 40 95 226 46 233 52 81 149 33 20 112 39 76 48
    20 95 79 158 105 46 160 213 252 129 143 7 223 153 11 183 224 36 43
    144 123 160 146 21 236 83 220 189 29 238 14 251 26 248 233 253 125
    95 240 151 11 153 77 114 223 182 66 94 74 219 11 243 238 38 226 22
    174 57 37 106 5 75 197 98 76 53 225 220 104 14 228 213 145 164 67
    174 126 100 97 190 105 84 169 141 19 100 182 58 254 94 223 101 120
    42 231 5 24 174 197 182 64 124 173 179 130 92 208 96 167 112 36 190
    223 205 247 99 95 169 142 38 207 42 100 196 48 121 204 158 249 245
    27 88 226 77 123 155 21 88 254 49 196 130 240 235 235 173 173 120 83
    22 171 58 40 26 196 207 253 193 130 92 220 213 220 204 125 2 46 130
    169 24 46 92 179 31 42 181 227 240 87 236 7 220 33 29 182 3 82 14
    222 138 173 156 253 69 0 134 187 124 69 64 4 162 233 189 244 26 23
    194 115 196 136 62 97 150 211 209 243 92 238 59 107 136 135 152 18
    118 127 211 56 163 250 159 194 224 200 100 69 56 164 121 219 111 227
    84 138 68 254 105 144 100 183 88 154 46 70 9 228 0 177 126 233 125
    92 135 137 221 127 61 117 192 164 153 113 220 74 167 215 244 248 200
    24 167 139 75 37 191 221 22 234 196 241 208 186 169 90 228 91 130
    145 186 162 167 237 168 153 90 229 102 54 195 117 222 32 44 41 249
    103 67 69 91 76 11 188 169 159 135 236 25 25 251 104 136 153 8 127 9
    214 250 55 89 160 248 15 54 138 232 169 207 23 79 243 239 82 0 32
    255 135 215 60 196 41 204 88 251 73 92 206 220 185 23 115 207 214 13
    81 129 236 40 89 230 153 103 201 169 173 159 244 26 95 74 134 47 7
    76 134 57 193 137 116 218 126 92 26 176 144 83 165 185 216 23 251
    234 229 150 53 26 191 225 170 157 248 21 101 237 109 88 94 158 66 80
    233 236 186 68 247 196 22 76 191 80 126 202 79 234 242 242 187 53
    231 99 16 229 107 157 58 219 156 31 160 126 213 160 117 154 86 32 0
    237 222 183 116 41 184 214 30 247 18 225 184 211 231 208 83 135 120
    4 56 177 11 73 173 114 27 65 147 203 211 63 199 130 79 38 205 11 140
    115 22 64 162 80 117 74 149 106 199 76 156 222 224 248 31 56 183 225
    124 165 212 116 160 204 178 128 24 204 200 248 245 84 122 85 243 47
    45 215 248 132 255 104 129 39 24 180 91 246 200 118 113 206 39 210
    123 219 98 83 229 188 204 115 40 90 67 88 189 0 162 222 113 56 183
    244 32 248 174 157 177 39 248 207 89 139 130 236 116 193 143 5 39
    113 82 176 118 36 248 106 186 148 208 23 10 157 42 201 3 246 242 194
    200 5 51 129 91 6 44 71 217 219 219 3 1 199 6 196 157 26 54 60 108
    219 33 169 156 168 36 141 108 151 9 243 47 36 97 160 233 14 8 48 28
    129 241 252 26 146 212 90 97 89 124 218 199 107 95 238 124 186 63 88
    245 178 70 3 14 83 214 47 148 245 28 196 125 76 233 217 200 240 160
    100 161 182 238 255 21 57 39 155 128 249 244 150 250 168 2 159 40
    250 91 149 110 48 95 81 14 132 90 9 95 239 244 188 136 23 150 19 149
    148 170 16 34 173 200 153 177 73 82 56 132 207 101 53 150 208 83 157
    154 1 162 103 147 196 104 224 65 33 200 116 146 126 73 245 89 50 254
    7 19 81 41 39 43 191 100 229 137 209 107 197 21 144 103 143 184 20
    96 51 188 204 27 14 240 127 88 1 3 60 173 80 91 146 4 211 136 180
    103 125 219 82 246 250 123 113 42 21 200 195 44 70 98 89 52 16 168
    33 199 19 78 2 218 223 78 15 200 65 136 98 0 29 211 137 96 135 2 137
    30 14 186 42 242 134 248 172 114 173 225 172 66 115 173 205 6 117 60
    17 38 217 138 113 102 3 119 114 113 51 43 147 71 88 99 4 45 50 52
    167 108 176 197 172 91 159 170 223 244 180 57 191 109 25 44 138 189
    101 208 6 83 255 251 130 185 164 157 213 66 136 103 143 151 116 32
    235 219 192 147 64 116 226 64 43 181 212 70 33 38 223 130 139 217 68
    7 234 212 238 152 164 78 77 114 155 186 23 43 124 108 19 95 33 217 3
    54 242 153 111 92 164 179 211 75 196 112 188 67 30 16 188 110 254
    141 165 86 168 96 68 213 97 148 106 163 194 90 57 228 197 71 140 252
    6 15 7 124 253 85 118 10 41 191 104 229 18 141 64 69 107 191 247 176
    133 137 48 191 16 161 106 152 194 214 201 12 209 114 122 235 212 1 5
    83 190 251 107 229 139 183 213 12 163 86 2 216 188 162 39 158 106
    207 54 127 187 166 205 126 241 108 228 38 154 19 83 157 208 60 112
    110 108 63 166 199 122 81 177 189 91 217 15 250 130 109 4 67 73 210
    0 42 245 83 78 174 188 56 141 67 99 245 191 255 183 103 67 198 12 27
    200 149 60 22 125 68 189 2 127 54 52 85 242 69 6 249 14 255 120 32
    49 29 74 85 87 88 187 196 233 2 153 122 229 107 55 36 218 91 33 181
    176 140 151 231 35 185 72 118 141 236 160 22 133 129 42 95 182 253
    107 245 219 8 104 117 220 107 95 21 51 37 110 217 59 232 246 186 144
    109 209 234 177 115 74 85 112 254 233 243 197 126 206 116 33 54 25
    98 27 215 78 80 166 142 9 23 87 7 68 209 218 228 62 168 83 246 136
    49 131 78 47 144 157 172 123 87 157 252 9 93 162 13 141 22 128 228
    222 18 165 167 112 64 245 244 34 65 161 103 224 238 100 77 160 212
    239 59 113 31 5 181 154 26 74 124 196 96 158 238 191 35 94 186 126
    197 229 106 210 200 20 103 109 29 208 83 204 245 74 251 29 219 117
    60 234 156 40 232 205 195 123 78 212 192 33 150 201 216 42 11 11 18
    143 164 78 59 26 229 101 211 186 223 124 116 17 185 42 227 50 158 97
    217 162 38 149 120 180 140 110 168 208 115 245 201 204 194 228 114
    179 73 80 72 115 41 26 218 159 198 121 132 46 152 49 1 111 129 146
    189 109 82 64 115 10 61 11 249 168 25 68 56 207 133 109 138 120 46
    135 111 210 152 4 216 162 192 27 175 19 29 236 187 238 185 242 223
    69 145 47 165 48 243 46 74 56 11 224 6 8 242 206 51 250 74 81 100 52
    234 238 48 123 217 250 177 106 160 159 210 105 86 242 247</data></test_img>
<my_img type_id="opencv-matrix">
  <rows>128</rows>
  <cols>256</cols>
  <dt>"3u"</dt>
  <data>
    255 255 255 0 255 99 255 0 158 0 0 0 255 255 255 0 165 0 0 0 255 106
    255 192 0 0 0 255 255 0 0 0 255 0 214 255 0 0 0 255 255 66 0 56 255
    255 89 0 255 255 0 247 0 0 0 0 78 172 0 106 205 255 212 165 0 0 255
    0 0 143 255 0 0 0 255 255 255 0 255 255 255 0 0 0 255 255 255 0 0
    255 240 69 255 255 255 0 0 255 255 0 255 0 0 255 255 31 255 0 255 0
    98 255 255 255 0 159 130 255 0 0 255 255 74 255 172 255 255 175 0 0
    0 0 255 153 56 255 255 255 0 255 255 0 178 255 255 223 115 185 255 0
    255 120 255 73 255 0 255 0 255 255 255 255 219 242 0 255 160 103 167
    0 255 0 0 0 64 255 0 255 0 255 0 0 0 0 255 255 255 231 0 0 0 7 255
    255 255 0 0 255 255 255 255 0 255 0 255 255 255 0 0 0 0 255 0 255
    255 255 0 255 182 0 169 255 0 0 255 255 255 255 255 255 0 0 0 0 0
    255 0 255 181 0 0 255 255 182 0 0 0 255 112 255 73 0 195 0 255 0 211
    255 255 125 44 255 255 255 255 255 255 0 0 212 0 255 0 255 0 0 255
    22 181 0 255 255 17 0 0 0 255 0 255 255 255 0 0 255 0 136 255 255
    186 255 155 255 234 15 0 0 0 255 194 255 0 219 0 255 255 0 64 50 255
    0 0 0 0 255 255 255 255 255 255 255 0 0 0 255 251 17 152 0 255 0 255
    0 255 0 0 0 255 0 255 0 255 0 218 0 255 255 105 0 0 0 255 0 255 0 0
    255 0 0 154 0 75 255 255 0 255 0 255 0 255 0 255 0 9 0 255 154 0 255
    0 0 255 179 255 118 255 255 0 0 0 255 0 255 0 255 118 255 255 0 0 68
    255 255 255 255 0 104 0 0 0 0 157 181 255 255 255 0 255 0 0 0 255 0
    0 70 255 0 0 255 0 255 0 255 0 188 0 0 103 255 255 146 0 0 59 66 0 0
    0 255 223 255 0 0 255 0 0 0 0 255 192 0 0 0 190 222 255 0 255 161 0
    255 0 255 0 165 255 0 0 0 0 142 0 255 0 255 0 0 104 255 0 255 218
    255 0 0 5 0 255 33 0 124 0 0 0 134 255 255 255 0 0 255 0 255 0 0 0 0
    255 108 255 112 255 197 0 0 255 255 255 0 255 255 0 0 0 255 108 226
    0 0 0 255 255 255 0 0 255 255 255 0 0 0 25 65 255 255 255 161 0 91
    255 255 255 255 0 0 0 124 255 0 0 255 255 0 0 255 255 255 0 0 255
    255 0 255 255 255 234 0 0 255 255 0 255 140 255 0 0 0 0 0 255 0 255
    255 204 134 119 68 0 0 255 0 255 0 0 255 243 0 0 0 255 255 255 0 255
    0 21 0 255 255 255 255 0 241 0 255 0 0 22 0 255 0 255 0 122 255 0
    189 255 120 255 0 255 255 236 0 255 0 255 0 218 0 255 0 59 0 0 0 0
    47 0 56 0 12 255 168 255 255 255 0 0 255 255 173 0 0 255 0 255 255
    255 0 255 255 255 0 0 89 255 31 0 0 0 255 65 255 255 255 0 0 0 138
    255 0 0 255 255 255 0 255 255 255 255 0 0 0 255 0 0 255 0 0 255 80
    255 192 118 0 0 0 0 0 246 0 255 0 15 214 255 0 0 255 0 0 162 0 255
    255 203 0 0 255 98 0 0 255 219 0 0 208 0 0 255 12 255 238 246 255 11
    222 0 255 0 255 255 0 66 173 0 255 255 255 0 153 0 255 255 255 0 255
    255 208 255 0 0 0 255 255 255 255 0 0 0 0 255 255 255 0 255 0 255 0
    0 7 255 0 0 255 205 30 255 255 255 255 0 255 204 249 255 0 0 31 255
    255 255 0 44 0 208 255 159 0 0 0 0 51 0 0 0 255 255 0 255 0 201 255
    255 255 0 0 255 255 255 0 255 0 255 0 255 82 0 0 255 0 255 0 0 255 0
    255 0 255 0 255 255 0 89 0 255 0 255 255 255 255 252 0 255 255 183
    255 72 255 0 255 0 0 158 255 255 255 205 0 4 0 0 0 255 0 255 0 255 0
    255 255 0 0 0 0 255 0 255 255 194 255 0 0 0 0 255 255 255 255 255 80
    23 243 255 0 0 0 0 255 0 255 155 79 255 255 255 0 0 0 255 0 95 0 255
    0 193 53 0 0 0 0 255 255 255 0 255 91 255 0 0 47 255 236 174 0 255
    255 173 0 95 255 255 255 0 255 31 17 0 0 0 0 161 255 255 255 255 0 0
    0 255 255 255 0 62 195 0 255 255 0 255 0 255 247 0 0 0 255 255 255 0
    0 0 67 255 255 0 0 97 255 255 255 255 0 0 245 255 151 255 0 0 128
    255 0 255 87 121 87 255 228 255 255 0 0 0 0 0 255 255 255 190 0 0
    255 115 0 0 0 0 104 255 255 255 0 255 255 51 239 255 255 0 0 255 255
    79 255 255 127 255 0 0 255 0 255 255 255 0 0 0 116 0 255 255 0 255
    255 0 255 255 0 0 0 255 139 182 219 0 255 0 255 0 0 0 105 0 255 255
    255 0 0 65 170 218 0 255 234 44 0 255 0 255 0 0 0 206 77 176 0 160
    249 0 177 255 255 44 0 0 15 255 255 78 255 0 255 0 255 0 50 122 234
    0 144 0 255 255 0 0 255 0 255 255 0 145 55 116 0 255 0 0 0 255 153
    144 57 255 67 255 77 255 0 90 0 255 255 255 0 0 159 0 166 255 255
    255 0 0 0 0 255 239 67 0 0 0 117 255 0 255 0 172 0 2 255 255 0 0 0
    255 0 215 0 255 255 255 255 235 255 255 0 255 0 255 255 255 255 255
    0 0 255 255 255 244 255 0 255 0 255 5 255 109 0 195 164 0 0 247 255
    3 0 255 0 0 0 255 255 255 255 255 0 136 0 255 21 166 22 255 255 255
    255 0 0 255 225 255 0 255 0 0 0 255 0 0 194 255 0 0 0 255 255 83 255
    214 0 0 0 0 255 0 255 255 0 0 0 192 255 255 124 255 0 0 0 0 255 255
    255 0 0 0 255 0 0 255 255 0 0 27 255 255 34 55 255 255 0 230 0 0 120
    255 255 104 27 0 0 0 0 255 0 0 0 255 255 0 0 0 255 255 255 41 0 0 0
    255 0 255 0 245 0 255 223 0 0 255 255 255 0 255 0 255 255 255 25 0 0
    86 255 255 0 255 0 255 0 0 112 255 0 255 7 255 0 0 0 0 107 255 255
    177 0 255 0 0 0 255 0 255 255 255 28 255 0 255 0 255 0 0 255 255 255
    124 43 0 255 142 8 255 0 105 0 255 0 255 0 0 255 237 157 255 0 160
    255 255 238 255 0 255 255 207 0 0 72 0 255 0 255 199 243 0 255 255 0
    255 255 255 255 255 0 0 0 255 0 0 255 255 0 0 163 255 0 255 129 0 59
    67 0 255 0 155 191 212 0 65 255 255 255 0 0 0 0 0 255 255 52 0 255 0
    255 0 0 255 255 0 63 11 0 255 255 0 33 255 255 0 0 255 0 0 255 0 255
    15 255 255 127 255 255 255 0 125 255 0 171 0 255 255 0 0 255 252 212
    255 0 0 0 136 255 152 255 0 0 255 82 255 0 255 255 255 227 139 255 0
    255 104 255 255 255 0 0 0 130 0 73 23 3 255 0 255 255 255 74 255 255
    255 0 0 255 213 243 109 0 0 255 255 0 0 255 0 255 0 255 255 255 0
    255 255 227 11 255 127 0 0 0 255 0 179 255 255 255 105 0 0 255 0 255
    0 4 0 255 173 0 255 23 255 0 0 0 255 255 255 45 33 255 0 0 255 255
    255 0 255 255 255 125 0 0 0 255 255 10 59 0 255 0 0 255 0 255 0 255
    163 0 74 15 0 0 0 255 134 255 0 0 0 255 0 255 0 255 0 0 44 255 0 28
    0 255 0 163 255 131 0 0 255 255 0 0 46 19 255 255 0 0 0 255 255 255
    255 0 0 0 99 255 0 255 255 106 0 181 255 255 255 0 0 255 255 255 0
    125 255 255 0 0 0 121 255 255 255 0 0 0 255 255 0 0 0 255 255 255
    255 0 0 255 103 0 0 0 160 236 0 14 0 0 0 0 255 0 0 0 0 255 255 0 0 0
    255 255 0 0 188 171 255 0 255 0 0 0 212 0 0 0 255 255 255 255 0 255
    149 0 255 0 0 0 255 0 255 0 255 0 0 0 0 255 51 221 0 0 0 255 203 0
    255 0 0 141 38 255 0 0 255 233 255 0 255 0 0 0 0 255 255 0 61 70 0
    255 0 0 0 255 0 255 106 0 0 0 255 0 255 255 255 238 255 255 0 255 0
    255 0 0 54 0 255 255 255 0 0 0 255 0 255 0 255 53 0 255 255 0 255
    188 255 0 254 0 255 0 0 0 255 0 255 216 0 16 216 255 0 0 206 0 255
    255 255 33 0 83 95 255 255 194 0 0 255 0 255 255 255 0 0 255 0 15
    255 255 241 0 20 255 0 255 198 0 255 0 255 255 255 255 70 0 141 200
    0 255 255 255 0 101 255 255 0 0 0 0 71 255 255 0 0 0 255 255 54 0 0
    255 112 128 144 192 0 255 255 0 255 0 0 0 0 255 0 0 153 0 255 0 255
    255 255 0 0 255 0 255 0 255 0 255 0 255 255 255 94 0 0 216 255 0 255
    0 255 1 0 104 0 255 255 32 0 255 0 255 0 227 0 0 201 255 0 255 170
    255 0 0 0 255 222 0 255 104 255 0 0 255 255 255 255 0 0 0 0 255 255
    255 0 255 121 0 0 255 255 255 0 191 0 0 0 252 87 255 0 255 0 255 90
    0 79 255 24 239 255 255 255 0 0 104 255 255 158 0 255 255 0 255 0
    255 255 164 0 128 253 0 0 0 255 255 0 116 0 0 8 254 93 0 255 255 255
    255 255 255 0 255 0 255 255 0 0 99 0 255 0 186 0 255 255 0 0 0 0 0
    255 255 56 112 255 0 0 212 255 255 255 0 0 51 0 255 0 255 0 0 0 255
    0 255 0 0 255 243 0 0 255 255 0 0 33 255 255 0 56 32 0 255 255 236
    255 13 255 255 0 0 0 255 255 255 0 255 147 255 0 0 154 255 255 0 0
    97 0 0 134 255 255 86 255 255 0 0 0 255 1 255 0 255 0 0 255 89 255
    255 0 0 0 255 255 0 0 0 0 255 255 0 0 255 255 0 0 47 255 255 0 0 255
    255 0 0 255 0 0 255 0 0 101 255 0 0 255 255 0 255 0 255 255 0 0 0 0
    255 0 255 32 255 0 0 255 0 255 0 255 255 110 0 0 255 255 255 255 155
    255 248 132 0 255 0 185 255 255 255 0 0 0 113 0 0 0 255 197 0 0 0
    124 237 255 0 0 0 167 0 255 255 255 0 255 135 255 0 0 0 17 0 255 255
    255 0 255 81 0 0 110 133 255 0 255 97 0 0 0 0 0 255 255 78 255 0 255
    255 255 0 255 0 255 108 0 0 46 236 255 255 106 255 0 219 0 255 255
    43 0 72 121 255 202 186 0 0 255 0 255 255 0 255 0 255 255 255 0 0 0
    255 255 255 48 113 102 35 255 255 255 0 0 255 105 0 0 0 0 255 255
    255 255 0 255 255 255 115 0 0 255 0 48 255 255 0 255 74 0 255 255
    255 125 0 0 255 255 0 0 0 255 255 255 255 0 0 255 44 255 0 255 0 255
    255 97 0 0 0 255 0 255 255 0 220 0 0 0 0 255 0 165 0 145 0 225 0 255
    255 255 0 5 23 0 96 255 255 255 0 0 146 0 255 0 97 96 255 255 255 0
    255 255 0 0 255 0 13 0 255 255 255 0 255 0 170 225 111 102 215 255
    255 0 0 96 0 255 0 255 186 254 251 0 26 255 0 255 12 122 255 59 17 0
    4 0 248 0 255 238 255 0 255 0 255 255 255 136 0 0 255 50 255 255 255
    0 0 0 0 0 255 255 255 0 0 0 255 255 39 0 255 199 249 255 255 255 255
    0 255 0 26 123 255 255 255 255 0 237 255 255 255 0 255 0 64 241 0
    255 131 0 58 70 255 255 255 96 255 255 255 98 0 0 255 0 255 0 0 0
    255 255 255 255 255 0 255 0 255 51 0 255 0 0 23 255 255 0 9 223 255
    255 254 0 0 0 255 255 255 0 0 0 0 255 255 255 0 41 0 255 0 220 0 255
    0 0 0 255 0 255 0 255 255 255 0 255 0 35 161 0 255 0 0 12 255 255 0
    255 76 0 0 250 255 255 0 55 101 0 0 255 255 255 255 255 0 53 185 0
    150 0 0 0 255 0 0 0 64 0 255 255 255 222 0 0 122 255 118 0 0 255 255
    255 255 0 255 255 255 0 255 0 0 255 0 255 255 255 255 0 0 0 0 153
    255 101 41 0 255 0 255 144 0 83 255 255 255 0 0 255 255 255 255 0 0
    255 255 0 0 218 255 255 0 255 76 255 0 255 255 5 255 0 0 255 108 0
    255 255 255 255 0 255 178 255 217 146 0 0 255 255 255 0 255 255 255
    0 255 0 0 15 0 47 156 211 0 255 0 255 0 255 255 0 0 0 255 255 0 255
    255 0 56 0 255 255 255 0 218 0 172 255 255 255 78 255 0 255 0 255 0
    255 0 205 0 199 0 255 0 0 0 0 0 255 0 0 0 255 255 255 0 0 0 0 0 255
    0 0 0 255 255 205 255 255 0 0 0 255 255 255 0 31 0 104 255 92 0 255
    255 104 0 149 255 0 255 243 255 255 255 31 0 55 0 0 0 255 0 255 0
    255 183 0 0 255 0 255 255 255 255 0 0 255 255 255 0 11 150 0 0 0 255
    0 255 0 0 0 255 20 255 0 0 0 238 0 0 0 0 255 166 255 255 202 187 255
    225 255 0 0 0 255 255 255 0 255 0 255 0 255 0 255 0 0 0 255 20 0 209
    255 255 0 0 0 0 0 0 255 255 0 83 0 0 255 255 0 0 255 255 56 255 255
    0 152 215 0 217 255 255 255 0 0 0 255 178 255 0 0 0 255 255 255 255
    255 7 104 0 0 255 0 0 253 0 53 0 255 255 0 62 0 83 169 255 0 255 0
    255 0 255 0 255 0 0 0 206 103 255 184 255 255 0 255 210 255 255 0
    176 0 255 255 255 0 255 159 255 0 255 0 255 69 255 255 255 0 0 0 0
    255 255 0 0 0 255 255 35 0 0 96 255 0 255 195 113 0 255 255 0 255
    248 255 0 68 0 255 0 69 0 253 255 71 0 255 255 0 109 255 255 0 255 0
    141 0 208 0 0 255 0 255 0 0 0 255 255 229 0 0 0 255 255 237 255 0
    255 0 255 154 255 255 0 0 0 255 255 255 0 0 0 0 255 0 255 255 0 0
    255 255 0 255 0 255 0 120 255 255 255 0 255 255 55 143 0 255 0 0 255
    0 255 255 255 255 19 0 0 4 49 255 54 0 0 0 255 255 62 48 255 0 212 0
    255 255 255 0 211 0 185 255 255 0 255 0 255 255 19 255 0 232 255 114
    255 0 0 255 0 0 255 0 255 0 87 0 0 0 80 255 60 77 255 0 241 255 255
    0 176 0 0 25 186 255 230 255 0 255 255 230 255 39 0 233 255 197 255
    255 255 0 0 0 0 0 255 255 0 0 255 255 134 0 0 0 255 255 0 0 255 255
    255 0 0 204 255 255 0 255 255 255 0 0 0 121 0 255 255 37 239 0 75
    105 255 0 0 0 0 67 0 255 222 0 0 255 255 0 106 0 255 255 88 0 255
    255 255 255 90 0 0 255 255 255 0 26 255 135 116 255 0 0 0 255 255
    255 0 0 0 255 255 255 162 255 183 0 0 0 0 36 255 255 255 0 255 24 0
    0 0 140 159 255 37 0 0 0 255 255 94 0 0 255 0 219 0 0 0 0 255 39 0
    58 0 255 0 54 255 255 255 0 0 0 0 255 0 255 0 148 0 161 255 255 0
    128 255 255 100 0 255 0 0 255 141 113 130 0 0 192 255 255 255 0 79
    255 0 0 0 0 95 255 0 255 255 255 255 69 255 84 0 255 125 0 0 159 255
    255 255 0 0 0 255 255 255 0 0 255 255 255 241 255 0 0 61 255 255 0 0
    255 0 255 255 183 0 255 255 189 0 255 22 255 255 0 251 0 22 0 255
    255 255 0 0 0 255 245 19 145 255 255 255 255 250 0 0 255 255 137 0 0
    0 255 246 213 255 255 0 255 0 255 67 0 255 0 0 255 111 153 0 19 203
    0 255 0 0 0 0 255 0 255 227 255 66 0 255 255 0 207 57 0 255 255 255
    220 255 0 0 0 255 255 255 255 0 255 109 0 255 49 20 0 0 255 255 0
    255 255 199 0 255 167 255 0 0 0 0 255 73 0 255 255 64 0 113 0 255
    255 255 255 0 255 0 61 183 255 255 2 255 0 255 0 69 255 255 0 255 0
    255 88 78 255 0 0 0 255 111 38 0 0 255 171 0 0 0 255 0 255 0 13 0 0
    0 255 0 255 0 255 0 0 255 0 0 255 240 0 255 255 255 0 255 186 245 0
    0 255 255 255 255 0 255 0 0 0 255 0 255 0 207 255 255 255 0 255 255
    255 0 255 255 0 255 57 0 110 0 0 0 0 105 255 255 0 108 255 0 0 0 255
    201 255 0 0 218 255 255 255 0 11 255 255 114 255 136 0 255 255 255
    175 34 0 0 255 0 0 243 255 255 0 0 255 192 46 0 0 255 255 0 0 255
    250 255 0 146 255 255 219 0 255 255 29 14 0 0 255 143 0 0 255 130 0
    255 0 255 255 255 0 0 243 255 190 255 0 0 0 0 255 0 255 0 255 0 255
    0 0 255 0 70 63 255 0 255 162 255 112 0 0 0 255 255 226 255 255 14
    255 0 255 0 255 0 255 133 0 255 255 0 0 255 255 0 0 0 255 183 255 0
    0 255 205 0 166 0 255 0 0 0 0 255 0 255 0 255 0 255 0 255 255 226 0
    255 74 74 0 255 255 32 0 0 113 80 234 0 0 255 255 255 0 0 255 255
    255 0 182 255 255 255 0 255 0 255 0 99 255 202 255 0 51 0 0 255 255
    81 68 144 0 252 0 255 255 78 225 109 0 163 255 255 0 0 255 255 255
    255 102 0 255 0 255 0 0 255 0 255 252 255 48 255 8 86 199 173 255
    255 255 255 0 255 47 0 0 0 255 171 255 0 0 0 255 255 255 255 0 0 0
    255 0 239 0 124 255 0 255 0 0 29 255 255 0 0 255 255 247 255 0 0 253
    0 255 0 255 255 255 197 255 0 255 3 140 0 255 255 255 0 255 0 255 0
    12 0 255 255 255 0 0 0 255 38 255 0 0 0 255 0 255 0 255 0 255 0 255
    255 255 255 255 0 0 255 255 255 0 0 0 255 255 255 0 0 34 189 255 0
    255 0 49 217 0 0 0 255 225 255 255 0 0 4 156 255 175 255 0 0 0 255
    54 255 161 153 255 0 0 255 211 0 255 250 255 255 0 0 0 89 0 0 255
    255 0 103 255 255 255 0 0 0 0 191 255 249 0 255 103 255 0 0 0 0 0 0
    116 58 137 255 0 0 255 0 158 255 0 0 255 255 255 0 10 255 255 255 0
    34 255 255 0 0 0 71 0 0 157 255 255 255 188 0 255 255 0 0 0 255 255
    255 0 0 59 0 0 255 0 255 0 255 0 0 0 0 255 194 13 0 255 0 255 0 255
    59 0 0 0 255 255 0 0 0 255 50 37 255 255 144 129 0 255 0 255 255 0 0
    255 130 255 0 0 140 0 0 255 255 255 0 0 0 27 255 0 0 0 0 255 255 255
    0 34 255 0 0 208 0 0 255 255 255 137 255 255 255 0 0 0 0 255 255 33
    227 255 0 223 0 255 0 255 0 0 0 255 0 78 255 255 255 0 0 0 255 0 0
    255 42 140 0 0 0 255 229 0 46 255 255 145 0 0 255 255 130 91 0 173 0
    0 255 255 74 168 0 66 0 86 255 255 255 0 0 255 206 255 0 190 0 0 255
    0 255 0 255 255 255 0 55 0 255 210 0 51 0 255 255 166 13 255 0 255 0
    255 255 255 255 255 0 0 0 0 0 255 76 255 192 0 213 0 255 56 255 11
    255 255 181 0 255 232 0 0 255 17 255 44 255 0 0 0 56 255 255 255 255
    0 66 0 0 255 255 0 0 0 255 255 255 255 161 0 255 255 255 0 0 255 255
    0 255 0 171 0 255 255 255 0 0 0 255 255 255 255 255 141 255 0 255 0
    255 0 0 0 0 255 0 255 0 0 0 255 255 255 0 255 189 255 54 255 0 255 0
    255 0 0 0 0 0 0 255 255 94 0 0 0 255 67 255 255 255 0 255 48 255 255
    0 255 255 0 0 0 255 255 0 255 116 0 0 0 164 255 228 0 255 0 255 255
    43 0 0 151 255 255 255 0 243 0 0 0 0 255 255 255 197 255 0 255 0 0
    255 255 255 255 17 0 0 110 255 117 255 0 123 0 0 255 0 0 0 255 255
    255 0 255 0 255 255 248 0 0 255 0 0 255 0 0 0 255 27 255 168 255 255
    0 66 0 255 255 0 255 255 255 0 255 255 26 255 8 255 0 10 0 255 255
    12 124 65 0 255 255 255 0 0 255 235 255 35 0 255 0 255 0 255 255 255
    0 0 199 255 255 0 0 237 131 255 255 146 255 204 255 0 0 0 255 255
    255 0 255 0 0 0 255 0 156 130 0 0 0 83 255 100 255 255 0 255 255 87
    0 0 0 255 255 255 0 153 0 255 255 0 0 0 255 0 255 255 255 0 0 36 255
    190 255 0 0 133 0 255 255 255 255 0 0 249 0 22 0 0 165 255 255 255
    255 255 0 0 0 255 255 0 128 36 255 102 255 0 0 0 255 0 0 0 255 0 0 0
    255 255 255 255 255 0 255 0 0 255 226 0 255 255 0 255 0 255 230 255
    75 255 0 0 74 0 0 199 0 255 255 255 99 0 0 255 187 0 101 0 255 0 21
    75 0 255 0 87 3 255 255 255 185 0 58 0 255 255 0 255 0 0 148 255 0
    255 0 0 0 255 0 255 216 255 0 255 0 255 255 255 255 0 179 0 255 174
    255 0 0 255 255 255 0 0 0 255 255 255 0 36 0 255 56 0 0 0 255 255 0
    255 255 255 255 255 255 0 255 255 255 255 255 0 255 0 255 0 0 58 255
    0 0 0 255 187 255 255 255 0 0 255 0 4 0 255 255 255 0 0 255 255 118
    0 0 0 0 255 255 255 255 255 0 255 0 213 255 255 255 0 166 101 0 255
    25 255 0 177 0 90 0 255 255 255 247 0 0 255 0 172 0 0 54 255 255 0 0
    255 255 140 0 255 255 255 255 0 165 98 26 0 255 255 255 59 255 0 134
    0 190 0 255 0 212 255 255 100 255 103 255 0 212 255 231 255 0 0 255
    255 255 0 0 255 0 0 20 153 255 255 0 255 0 204 0 58 255 0 255 133 0
    255 181 255 0 0 255 0 33 149 255 255 255 0 250 255 10 0 0 255 255 0
    0 0 255 255 255 255 0 255 68 0 0 179 255 255 0 0 0 255 255 255 0 255
    123 0 255 0 255 145 255 0 127 255 0 72 0 255 0 255 0 0 255 252 255 0
    255 255 161 255 0 255 208 0 255 0 255 183 0 255 255 118 0 163 168
    255 245 0 0 255 144 0 239 255 115 12 255 0 255 0 255 172 255 0 0 0
    13 255 70 0 249 0 0 255 255 255 255 97 255 0 162 0 255 0 30 0 202 0
    255 0 130 255 183 255 0 255 255 0 4 0 255 0 255 0 0 0 0 255 0 255 0
    0 0 255 255 189 0 0 0 0 0 107 4 48 0 255 255 0 255 255 0 0 255 244
    73 0 255 255 255 39 44 0 0 0 164 0 255 255 0 0 0 255 255 255 0 0 0 0
    255 105 255 0 188 255 0 184 0 0 255 255 255 0 0 0 255 196 255 0 86 0
    255 0 255 0 255 0 255 0 255 0 255 0 255 0 0 131 255 255 0 215 255 95
    177 185 0 213 255 157 0 255 191 255 0 255 182 255 165 255 0 255 0
    255 0 255 255 176 0 255 255 85 0 255 255 0 111 0 52 0 255 0 0 0 114
    255 255 255 255 0 255 56 255 124 255 0 0 0 0 0 0 0 99 255 255 0 255
    0 255 0 255 0 0 0 255 255 0 255 226 0 0 0 255 0 255 0 255 0 255 0 59
    0 255 255 230 0 0 0 255 0 109 0 255 0 0 110 0 0 255 0 255 38 25 255
    255 0 0 47 255 0 255 0 158 56 255 255 0 0 0 255 219 165 0 0 209 0 0
    255 255 255 129 6 0 255 0 255 0 255 243 0 107 0 255 0 0 255 0 197
    255 0 255 0 0 94 255 255 0 0 0 255 255 0 255 0 255 0 0 0 38 255 255
    0 0 0 193 255 255 255 255 0 0 255 0 255 121 0 0 0 255 255 62 255 0 0
    0 0 156 144 255 0 255 146 230 255 0 0 0 255 0 158 255 32 255 50 255
    202 255 0 0 0 255 0 246 0 255 44 0 255 156 0 0 115 252 255 255 255 0
    185 0 255 0 7 255 255 255 0 0 255 255 255 0 255 0 255 0 255 0 255 0
    255 0 255 0 255 0 0 52 0 0 143 0 255 30 0 255 255 0 238 255 0 255 0
    0 255 248 0 0 19 119 255 255 0 0 255 0 0 67 255 255 0 58 255 122 192
    0 255 255 0 1 235 104 255 0 58 0 99 251 255 0 90 0 0 255 255 255 0 0
    212 255 0 22 255 255 255 0 0 255 142 0 111 131 255 0 0 255 0 0 0 141
    255 72 255 0 0 0 0 255 255 255 255 0 0 0 0 255 0 255 188 0 159 0 255
    255 255 0 5 0 255 0 140 0 0 0 197 255 255 255 0 0 0 255 255 0 0 188
    255 15 255 0 255 0 255 100 150 36 255 0 255 0 0 0 255 0 0 0 255 0 19
    255 72 0 15 0 189 0 212 162 0 0 108 0 255 255 255 255 0 255 0 255
    255 255 23 0 0 0 0 81 162 255 255 255 0 217 0 0 0 218 250 255 254
    255 0 255 0 0 0 255 255 255 0 0 255 255 255 225 0 38 255 255 255 189
    131 0 255 0 255 0 0 0 255 255 255 94 177 0 0 78 255 157 0 0 255 0
    255 255 255 82 255 152 0 255 0 255 255 255 15 0 75 255 102 255 0 96
    255 255 255 255 255 228 0 0 0 255 41 255 0 0 0 0 255 255 255 255 198
    255 48 0 0 255 38 255 0 0 0 255 0 255 247 255 0 255 0 244 0 0 255 0
    0 210 255 48 247 255 0 0 255 189 0 0 255 255 211 255 210 0 255 0 0
    251 255 255 0 0 255 96 255 0 255 255 134 127 255 0 255 0 255 255 255
    255 1 255 147 78 0 255 0 255 187 255 0 0 37 255 0 255 255 255 0 73 0
    255 0 255 0 255 0 180 255 0 255 0 255 0 252 255 255 255 255 0 0 150
    124 255 0 255 0 130 0 0 255 0 255 0 0 0 255 255 198 255 214 255 227
    255 255 255 255 0 0 0 255 255 255 42 58 255 0 0 0 0 0 255 255 0 255
    0 0 255 0 255 255 255 0 0 0 255 255 78 0 138 255 255 255 0 163 0 0
    60 255 0 46 0 255 255 255 255 0 255 0 255 0 0 208 255 255 0 81 127
    255 255 255 34 0 0 0 255 124 0 255 86 255 255 33 0 78 0 0 0 119 255
    107 255 150 0 0 0 255 0 0 53 0 255 11 255 0 0 255 0 255 26 255 255 0
    255 0 188 19 255 0 0 0 255 183 255 255 149 0 194 75 0 0 255 255 0 0
    255 255 0 30 79 210 0 0 0 255 0 0 0 255 255 224 0 0 255 255 118 188
    255 0 0 255 255 255 0 0 255 138 255 0 0 0 0 0 255 255 146 222 0 255
    255 255 0 0 78 70 255 0 255 255 255 19 0 255 127 0 129 255 255 208
    127 0 0 0 255 255 255 0 55 243 255 255 0 0 255 0 255 122 255 82 183
    255 0 0 0 255 0 0 0 0 0 255 93 255 190 0 255 0 255 0 255 0 0 255 255
    0 0 149 0 255 5 0 160 184 255 0 0 102 213 255 0 255 149 255 0 192 0
    2 0 216 255 255 255 0 255 0 0 0 0 255 255 255 255 255 0 0 54 50 255
    42 255 0 0 255 109 255 255 255 0 255 255 240 255 0 110 0 95 255 105
    53 0 255 0 255 98 26 0 1 255 255 75 0 0 255 255 255 71 0 98 208 255
    0 0 255 131 0 66 255 255 0 0 0 228 255 0 0 225 255 0 0 0 255 255 255
    209 205 219 255 0 0 0 0 255 255 11 0 0 193 255 255 255 255 255 0 0 0
    255 116 255 0 40 0 255 61 0 255 171 255 197 0 0 43 0 255 255 0 255 0
    116 255 255 255 0 0 255 156 255 255 255 255 255 0 0 0 255 255 141 0
    255 0 255 255 0 0 0 255 0 255 148 255 0 0 0 255 17 255 0 0 0 0 255
    117 255 0 255 0 255 255 255 0 113 0 255 0 0 255 0 255 0 0 0 255 255
    255 0 0 0 0 255 156 255 0 0 0 0 0 106 255 255 255 255 255 255 0 101
    0 0 0 0 255 255 0 164 0 128 255 89 255 0 180 0 255 0 60 0 0 255 0 0
    255 255 255 234 0 38 162 255 149 255 0 255 160 255 255 255 0 0 0 50
    255 255 255 255 95 0 209 0 0 0 0 255 0 255 0 255 0 255 165 255 0 0 0
    255 242 0 0 97 0 0 0 0 255 255 255 62 255 0 107 56 255 197 126 0 249
    0 0 0 255 0 255 0 0 0 255 0 255 0 34 0 255 235 91 0 0 8 255 0 122
    255 255 255 0 0 159 0 255 255 78 0 0 0 255 255 255 255 0 255 0 0 255
    227 255 0 0 200 241 255 0 0 255 255 255 0 0 0 0 255 255 255 57 35 0
    0 0 0 255 255 255 0 0 255 187 22 255 255 226 0 255 255 255 205 255 0
    6 255 0 6 0 36 255 227 255 0 0 255 5 0 164 255 0 0 241 0 255 255 255
    255 255 255 255 0 255 0 68 0 255 0 255 0 255 245 255 255 255 255 0 0
    236 0 255 0 17 0 255 255 255 136 0 249 0 0 0 0 255 0 10 234 255 0
    255 0 255 0 255 0 255 0 71 0 0 255 74 0 0 86 0 89 44 0 255 255 255 0
    0 0 127 255 255 0 255 0 255 0 255 0 0 255 0 255 0 0 0 0 0 0 0 255
    255 255 0 0 0 255 0 160 50 255 0 255 0 0 10 255 0 255 255 255 0 255
    0 255 0 33 169 132 0 160 255 255 0 255 0 255 0 255 255 0 79 116 255
    255 255 32 0 11 255 255 102 255 0 255 0 255 231 59 255 0 0 0 255 255
    255 0 0 0 40 255 0 255 236 0 0 0 0 101 219 255 177 171 0 133 255 0
    143 0 180 255 0 0 255 0 255 0 255 255 0 255 255 0 0 0 255 0 0 0 62 0
    255 0 255 0 255 58 0 255 230 255 0 255 255 0 0 255 255 200 0 45 242
    220 255 0 255 83 0 255 0 255 166 255 255 0 255 0 255 254 229 0 255 0
    255 0 0 0 255 0 0 0 255 255 0 0 255 255 0 0 255 255 255 255 184 0 0
    0 255 0 255 0 0 226 150 0 0 255 255 255 0 0 255 255 255 109 0 50 255
    0 255 255 255 0 255 65 230 0 0 199 8 0 255 0 43 255 255 181 0 255
    255 255 153 0 255 255 255 0 0 255 255 255 0 0 255 255 0 0 235 215 0
    216 98 255 197 0 0 85 255 255 0 0 0 255 0 64 0 255 255 255 255 255
    255 0 0 233 255 0 255 0 255 255 203 0 0 255 255 0 66 0 255 23 0 0
    129 8 255 255 0 255 0 199 255 131 148 255 218 58 149 255 0 255 0 255
    0 255 0 255 255 0 0 255 225 255 0 255 92 255 255 255 255 0 0 255 0
    171 0 7 12 0 205 236 236 204 0 0 0 255 255 255 0 255 255 255 0 0 0
    255 0 255 0 255 0 255 118 255 0 255 0 255 255 0 255 250 0 0 255 255
    255 0 79 0 255 188 255 0 0 68 17 255 0 0 0 0 88 255 176 35 255 187 0
    0 255 28 0 0 0 0 255 255 255 0 0 0 255 255 181 0 0 67 255 255 33 125
    0 255 216 0 161 255 255 0 255 50 255 192 114 0 0 255 255 255 191 0
    82 175 123 0 0 0 0 0 255 0 0 0 0 255 255 255 216 255 0 27 0 234 0 0
    255 255 255 0 0 0 188 255 255 0 255 0 255 255 0 255 255 0 255 0 0 0
    255 170 0 255 255 255 255 255 0 255 0 255 144 255 0 0 0 255 255 118
    0 0 0 255 0 0 0 0 255 0 255 0 101 123 39 0 0 255 255 255 0 0 255 0
    123 181 255 0 0 255 255 255 0 255 0 255 255 149 0 0 255 0 0 255 255
    0 150 255 255 255 255 0 255 226 0 148 148 255 255 255 0 0 0 255 255
    0 0 255 255 255 0 255 255 255 255 0 0 61 198 255 0 253 0 16 0 0 255
    255 255 255 0 0 0 255 255 255 109 0 209 17 0 0 255 255 0 0 211 0 255
    82 255 0 0 0 255 0 255 0 255 0 255 0 0 190 255 255 0 67 0 255 243 0
    0 255 0 53 0 255 255 0 0 0 170 0 0 255 255 203 255 255 0 61 0 0 203
    255 0 255 0 0 0 0 0 255 255 255 0 255 0 255 0 255 255 255 0 0 255
    255 0 0 0 255 130 112 0 237 255 255 0 0 210 0 255 0 255 0 34 0 0 255
    255 255 0 0 255 255 0 0 158 0 0 117 255 255 0 0 54 255 255 0 0 255 0
    255 255 255 0 241 255 255 0 255 0 130 255 126 255 183 255 255 0 31
    255 255 168 255 255 0 0 157 0 178 0 255 0 255 160 255 255 0 114 0
    255 33 0 255 255 255 255 91 106 81 0 255 165 158 255 0 255 0 255 0
    255 255 110 219 255 0 219 0 188 0 255 0 255 7 255 0 95 255 255 255 0
    0 255 219 255 0 0 246 255 255 255 0 88 0 255 255 0 0 0 184 255 0 255
    0 0 255 0 243 0 255 18 255 255 255 0 0 57 255 255 255 0 254 0 255
    255 255 0 0 0 0 255 255 255 255 240 0 255 216 255 255 0 0 165 255
    176 255 255 255 0 245 255 0 0 0 255 255 0 0 255 90 56 255 0 0 0 255
    255 0 130 0 0 255 74 255 0 5 50 255 255 0 0 179 0 255 0 93 255 0 0 0
    0 0 90 39 0 128 179 255 0 221 0 160 255 255 255 0 0 255 255 255 0 0
    0 0 0 255 0 255 0 29 0 184 255 255 255 255 106 0 0 0 0 255 0 0 0 255
    255 0 115 255 0 6 0 255 161 255 0 0 255 255 67 255 0 255 255 255 0 0
    0 94 109 255 0 0 255 0 255 0 255 0 255 255 0 255 0 0 0 255 255 255 0
    0 255 255 0 244 255 241 255 218 255 0 255 0 0 255 111 0 0 54 1 255 0
    255 0 0 134 0 255 255 255 0 130 182 255 0 255 255 0 255 255 0 240 0
    255 255 54 255 255 255 2 0 0 0 255 255 0 153 0 255 111 0 255 255 255
    91 0 0 255 206 255 0 0 0 255 255 255 18 0 255 255 0 88 0 132 255 255
    255 0 0 0 255 255 255 255 0 0 0 255 255 255 255 0 0 255 255 255 0 0
    204 0 255 255 0 255 0 255 0 255 0 255 93 156 215 124 0 0 13 0 255 0
    16 0 0 67 255 17 255 19 0 161 255 255 0 255 0 255 222 0 0 0 255 0
    160 0 255 128 255 26 255 255 255 255 255 0 29 0 255 0 255 255 0 255
    255 255 255 0 0 0 0 255 255 74 255 0 0 0 255 255 255 0 0 255 255 255
    0 231 255 0 255 56 241 255 255 255 0 255 255 102 255 0 0 0 255 0 255
    0 0 255 255 255 77 255 255 255 39 0 121 255 75 181 0 0 255 0 255 0 0
    130 255 0 0 0 255 255 0 0 255 255 0 0 46 0 0 0 255 255 143 0 218 255
    255 0 0 0 255 255 255 255 0 255 255 0 255 85 255 0 255 255 0 0 255
    255 255 0 189 255 255 0 255 0 255 118 255 0 0 255 255 255 0 255 255
    255 255 61 0 0 255 255 0 118 229 255 0 0 0 255 255 255 255 115 0 174
    255 66 0 105 39 236 255 255 255 255 0 83 0 245 0 255 255 0 0 0 255
    255 255 0 255 0 0 255 255 95 255 0 0 93 255 0 0 0 192 255 255 255
    255 0 255 0 127 138 255 0 37 160 255 255 255 255 255 0 255 0 255 0
    85 0 0 255 0 253 0 133 255 0 0 0 192 255 166 255 0 0 255 0 255 255 0
    86 255 255 0 0 0 255 0 255 60 0 0 0 24 255 0 255 0 255 255 255 0 255
    0 255 0 255 0 255 0 255 0 0 0 111 255 255 165 0 255 255 203 255 76
    255 0 255 0 130 255 0 180 176 0 0 0 255 255 255 0 0 255 0 0 255 255
    255 0 255 0 2 255 210 255 0 0 87 255 0 204 255 255 255 0 255 255 255
    0 219 255 0 255 255 255 0 0 89 39 208 0 24 219 0 122 0 255 221 41
    255 0 217 0 197 0 0 0 255 0 46 0 255 255 255 255 0 175 0 0 252 0 0 0
    255 255 0 0 0 190 255 15 0 0 0 20 0 255 255 255 0 0 255 211 207 255
    0 255 178 0 0 0 190 255 0 189 0 255 255 255 0 255 0 0 133 255 0 0
    255 255 255 0 255 162 0 255 255 255 0 0 0 0 143 255 108 255 0 0 0
    225 0 164 255 163 255 255 0 0 204 255 255 0 0 0 255 0 0 0 255 65 202
    0 149 255 255 199 97 255 241 0 255 43 0 0 0 0 0 0 255 255 255 255 0
    0 0 0 255 255 255 50 255 255 0 9 0 0 255 63 0 255 210 255 57 255 255
    92 27 0 0 255 255 255 122 255 255 136 255 0 0 255 255 255 0 0 0 255
    255 255 45 0 0 0 0 0 0 255 255 0 0 0 255 0 37 255 255 255 0 0 21 255
    255 0 238 255 255 255 0 0 149 255 180 0 255 0 253 0 0 0 0 238 255
    255 0 0 0 123 255 255 255 255 0 255 0 255 255 255 255 255 74 241 0
    255 0 0 124 0 255 40 255 255 255 14 255 0 125 255 255 0 0 0 255 17
    119 0 0 255 0 29 0 255 255 255 255 255 255 0 0 255 255 0 0 0 0 95 50
    0 0 255 255 255 255 0 0 0 233 255 0 178 0 255 255 0 0 0 255 255 0 0
    0 97 255 255 255 255 0 255 255 159 0 0 0 255 255 255 255 0 255 0 0 0
    255 255 0 0 255 255 52 0 0 0 255 255 255 255 0 0 255 255 0 0 0 255
    45 0 255 0 0 50 0 255 250 198 0 105 0 255 0 114 0 255 52 255 0 255
    198 0 0 63 197 255 255 0 85 65 255 255 0 0 255 0 0 0 255 41 255 0
    255 0 110 255 255 255 220 0 255 255 255 0 0 0 255 0 255 0 38 0 92 0
    255 255 255 0 0 255 0 0 0 0 255 0 255 0 0 0 255 0 255 255 0 255 255
    37 0 10 0 255 255 255 0 0 0 255 255 255 0 0 201 255 139 0 0 0 255
    255 80 253 71 255 255 255 0 0 255 0 0 0 255 136 255 255 255 0 0 249
    255 246 255 200 0 174 255 255 255 255 255 0 0 0 0 0 255 255 255 217
    188 0 0 0 224 0 255 0 31 0 0 204 255 255 102 11 1 0 21 0 255 0 255
    255 255 255 0 255 0 0 0 220 255 255 0 103 0 255 255 255 255 19 0 255
    0 255 0 255 0 0 0 0 0 255 255 41 89 225 255 0 255 0 255 0 0 0 0 0
    255 255 255 0 83 0 255 255 255 0 0 255 0 0 255 0 0 152 255 255 255
    255 214 0 0 95 255 1 255 0 0 0 0 227 0 255 0 255 0 255 255 255 255
    255 84 135 255 0 0 255 0 255 255 255 0 0 0 27 255 0 255 0 183 0 255
    255 0 0 0 255 0 100 135 255 0 0 0 255 255 255 255 0 255 0 255 0 255
    255 0 255 0 255 240 255 0 255 0 255 255 255 0 255 75 254 0 255 0 255
    0 0 0 144 168 255 255 255 64 176 0 95 255 255 0 0 137 0 255 186 0
    255 0 234 0 43 255 0 255 255 255 0 0 136 255 255 0 0 0 255 227 0 255
    255 0 0 0 0 0 0 255 255 255 0 255 0 255 0 255 255 205 255 0 255 100
    0 0 0 255 0 255 0 0 0 255 255 255 0 122 255 255 61 70 255 255 52 0 0
    255 255 255 0 65 0 255 0 0 255 255 255 0 255 0 255 239 0 0 255 255
    255 0 85 124 255 255 255 255 185 0 255 0 0 255 255 255 0 165 255 255
    0 0 121 255 0 4 245 0 255 179 0 255 53 239 0 255 0 255 255 0 0 0 255
    255 255 139 83 0 0 255 0 0 255 54 255 0 255 255 255 255 0 0 255 255
    0 0 121 255 91 0 255 0 255 0 0 255 255 78 0 0 0 225 255 13 0 255 255
    255 0 222 0 255 0 255 0 128 0 232 255 255 0 255 255 255 249 255 255
    0 0 0 0 63 255 255 255 0 25 0 0 0 255 255 255 158 0 0 0 0 0 255 255
    0 255 0 255 255 0 0 255 0 4 255 255 0 255 0 255 0 0 255 98 255 10
    255 255 0 131 66 0 58 255 255 255 0 69 0 255 48 122 70 255 255 226
    248 0 0 177 255 255 0 255 0 255 255 255 107 0 255 0 112 0 116 0 0
    172 255 255 255 0 0 0 255 255 0 0 0 206 255 208 255 0 0 255 255 255
    0 255 0 68 0 0 255 68 0 0 164 65 255 0 255 23 188 255 255 0 0 0 229
    255 222 255 0 105 255 0 0 255 0 0 0 255 0 0 205 255 255 0 0 255 255
    0 255 175 0 0 0 9 85 93 255 0 255 255 0 0 0 255 255 0 255 255 255 0
    0 0 255 255 255 255 224 0 0 255 255 0 0 0 255 189 255 0 198 255 255
    255 255 255 255 0 0 0 114 255 117 255 0 255 86 0 255 154 0 0 255 154
    6 0 255 0 0 0 83 255 255 255 0 255 0 7 255 255 226 255 0 255 255 0
    255 0 255 255 248 0 0 255 0 193 136 167 255 255 255 0 0 0 255 255
    255 0 255 255 0 10 146 0 0 218 211 0 255 51 0 99 0 0 171 255 255 251
    0 0 0 255 0 0 159 0 255 0 255 79 0 255 34 255 48 142 0 255 210 255 0
    149 0 255 0 0 255 0 0 0 255 0 255 212 255 0 106 255 134 255 255 0 0
    255 255 14 255 255 255 255 25 89 255 255 0 245 255 255 255 0 0 255
    255 0 0 0 0 0 255 255 255 0 255 3 179 255 255 220 0 0 0 160 255 255
    255 255 116 0 0 48 0 255 255 255 255 255 0 0 0 255 255 255 255 0 0 0
    255 0 0 255 0 24 0 255 0 255 0 0 0 48 113 63 9 255 119 0 145 255 236
    0 255 197 0 0 0 0 0 0 255 255 255 255 255 52 255 0 0 0 0 255 0 255 0
    0 255 0 255 255 255 255 0 0 255 255 175 255 0 98 0 31 255 0 255 255
    255 0 255 0 0 0 255 255 0 0 255 255 255 0 197 149 0 255 255 255 255
    0 255 0 255 234 255 0 0 0 255 255 0 125 27 0 255 255 0 0 45 255 255
    255 196 0 255 255 255 70 0 0 233 255 255 0 255 0 255 0 255 255 0 255
    87 255 0 255 0 255 0 0 255 0 255 0 255 255 120 0 255 255 255 87 0 0
    255 175 72 255 45 0 0 0 32 255 255 0 255 0 255 5 255 255 130 210 0
    141 0 255 255 147 0 0 122 0 0 0 4 0 255 255 0 0 177 255 255 141 56
    255 10 237 255 0 255 0 106 0 255 65 0 189 0 255 0 0 0 255 0 0 0 255
    127 255 255 0 0 16 255 255 255 216 0 0 255 255 37 75 0 0 0 255 183 0
    255 0 0 0 255 255 255 43 153 0 255 255 255 130 0 255 255 0 0 0 47
    255 83 255 66 255 255 255 9 0 0 0 255 0 17 0 0 187 255 255 39 255
    255 255 0 0 255 255 145 0 0 27 0 0 0 255 255 0 52 0 0 255 255 0 0 50
    0 0 255 177 255 0 255 61 255 0 0 0 255 255 255 0 255 0 92 202 255 0
    0 0 61 255 0 255 0 255 155 255 255 70 255 0 188 232 0 255 157 255
    255 0 0 0 191 0 0 255 0 255 0 255 255 255 0 0 255 0 255 0 255 0 255
    255 0 0 189 255 255 255 0 182 255 0 0 135 0 255 255 0 91 255 92 255
    0 43 255 255 255 255 0 255 0 205 0 112 0 13 255 0 205 255 0 255 183
    44 255 0 0 255 0 255 0 255 255 138 0 0 220 255 255 255 0 0 255 170
    255 255 255 255 0 240 0 0 179 255 255 252 179 0 252 231 255 0 0 0 0
    232 0 0 255 140 255 17 255 0 211 255 255 255 255 255 0 255 0 255 0
    120 0 255 255 255 222 0 0 0 255 0 0 255 255 255 89 255 242 255 0 0 0
    255 255 255 0 0 0 0 255 255 255 102 0 113 155 0 6 228 255 130 255 82
    0 175 255 255 255 44 255 0 0 255 255 255 0 255 242 255 255 255 0 0 0
    255 0 0 255 255 0 0 0 152 0 0 86 0 0 146 255 252 0 0 159 255 255 213
    20 33 0 34 0 255 180 0 0 78 255 0 0 0 255 255 255 0 227 0 255 0 175
    255 255 255 0 255 255 255 0 255 255 0 255 0 255 0 15 255 0 0 136 255
    255 255 106 0 0 0 255 54 0 0 255 255 0 239 86 0 0 0 43 0 255 48 0 0
    0 255 255 255 255 0 0 181 255 255 255 150 0 255 255 0 0 0 101 255
    255 255 0 0 0 208 255 255 0 255 255 255 42 0 0 255 0 0 231 255 255 0
    0 0 0 54 255 255 0 122 95 0 0 0 255 73 255 255 255 0 255 144 0 0 255
    255 0 0 240 0 255 255 255 0 0 255 255 255 13 27 0 0 0 53 80 0 255 0
    255 255 255 255 5 255 184 255 88 255 72 0 0 255 0 255 255 255 255 0
    255 0 255 0 0 0 255 255 255 255 0 0 255 0 0 0 255 26 255 255 150 0 0
    0 0 255 0 255 0 145 0 255 255 255 255 128 255 212 255 0 237 160 255
    255 240 0 0 0 255 255 255 255 0 0 0 255 255 255 163 255 174 255 8 0
    0 0 255 255 0 255 255 255 255 0 255 255 249 255 124 0 32 0 255 0 255
    0 102 197 255 206 255 255 255 255 0 255 0 255 0 255 0 0 255 255 255
    255 0 0 0 0 255 255 255 0 76 0 0 255 255 158 0 0 0 255 255 255 0 255
    254 160 0 0 203 255 255 255 0 0 0 0 255 255 161 0 0 255 255 255 0
    194 91 0 255 68 0 0 0 255 103 84 0 0 255 255 156 0 0 255 0 255 214
    255 172 58 139 234 0 239 0 0 0 255 255 0 155 118 0 255 0 0 255 79 56
    255 246 0 0 255 0 255 211 255 0 21 40 255 171 255 103 0 0 0 255 255
    255 255 0 26 0 116 0 165 37 255 0 0 0 0 0 255 97 255 0 0 255 255 255
    0 255 0 255 0 255 255 255 255 0 0 0 0 0 0 255 225 0 49 255 255 0 0
    255 23 255 0 255 0 255 0 0 147 255 255 255 255 0 0 255 0 147 0 0 0
    255 0 0 0 255 109 255 0 255 0 255 255 0 175 0 60 255 255 52 0 0 0
    255 83 255 255 0 0 0 0 0 0 255 255 255 0 0 15 0 189 255 93 0 0 0 255
    255 255 0 255 167 0 0 152 190 7 0 0 0 12 143 255 255 31 0 255 0 255
    255 255 0 255 0 0 0 255 255 255 0 0 255 0 255 0 191 0 0 0 0 0 255
    255 255 0 0 242 255 0 255 0 187 113 255 255 255 0 255 0 0 0 255 255
    0 168 255 255 0 220 255 50 255 14 255 0 255 0 129 0 10 255 105 0 255
    0 0 255 255 0 0 0 255 0 0 68 255 0 0 0 255 0 255 7 255 125 0 0 0 139
    255 0 255 0 0 85 255 0 131 0 106 170 255 255 0 89 0 0 0 255 255 0 43
    255 164 182 0 0 255 255 26 4 0 98 0 255 0 0 0 255 0 67 0 255 255 255
    255 255 249 0 0 255 189 255 255 0 0 0 0 0 255 0 255 0 15 0 0 0 0 255
    101 255 0 0 191 0 255 0 255 0 0 181 0 255 255 255 255 40 0 0 255 255
    255 255 0 0 255 0 255 255 255 255 61 35 0 0 255 9 255 255 0 78 0 199
    0 255 255 255 0 229 0 255 0 0 0 255 0 0 255 255 255 0 221 0 255 255
    0 40 0 255 0 255 95 255 0 255 0 255 0 111 218 255 255 0 0 255 255
    255 0 255 0 0 0 255 0 16 0 0 255 255 255 0 255 0 255 255 30 0 0 0
    255 242 206 0 255 0 255 95 255 199 255 0 255 0 255 178 255 255 255
    225 255 0 0 0 255 255 0 0 111 0 0 0 0 255 0 210 0 57 0 255 0 255 0 0
    0 255 163 0 255 0 211 0 0 0 0 45 221 255 255 255 255 71 255 0 255
    255 0 0 0 255 0 255 0 255 0 0 255 255 255 0 103 0 255 0 255 200 0
    255 0 255 0 255 255 255 0 0 0 92 255 0 0 0 142 255 255 109 255 255 0
    255 102 0 0 255 255 0 0 255 0 49 0 20 198 255 65 0 0 255 255 194 0 0
    0 98 28 255 255 0 0 255 0 255 0 9 0 0 255 255 255 0 0 230 0 255 0
    255 255 0 0 0 75 0 255 255 0 255 0 128 255 0 255 0 255 0 142 255 249
    0 0 0 0 69 0 56 255 65 0 125 255 0 0 47 255 111 0 255 255 255 128 0
    0 255 0 40 0 0 255 255 255 0 0 183 140 255 0 0 255 0 255 0 255 0 255
    0 255 69 255 237 0 0 255 255 255 0 0 255 0 255 0 255 244 0 0 0 255 0
    255 0 255 255 0 158 0 29 255 0 255 90 255 255 0 0 255 112 255 0 0
    255 255 255 62 0 0 0 255 255 255 0 0 255 18 255 220 0 255 0 255 255
    255 0 0 0 0 79 210 255 0 0 0 142 0 198 0 255 255 0 255 0 252 255 255
    0 0 0 105 0 132 0 0 252 0 255 255 245 0 0 255 255 255 0 0 239 23 0
    209 0 255 255 0 255 0 255 0 255 0 0 255 255 0 0 88 0 255 42 36 76 0
    255 0 255 0 255 255 255 0 0 159 234 255 0 0 0 0 255 0 0 255 54 255 0
    195 255 0 0 213 255 29 0 255 14 0 122 0 46 255 255 0 0 0 255 111 37
    255 255 0 255 82 255 0 72 0 255 255 255 0 255 255 246 0 255 255 21 0
    77 0 255 255 255 0 0 255 255 36 0 0 0 255 0 0 0 255 160 255 0 0 255
    0 56 199 255 255 224 117 0 0 0 0 0 255 255 255 0 0 0 0 255 143 255
    255 0 0 255 255 255 41 145 0 0 0 255 255 255 255 0 0 158 0 178 255
    255 255 0 101 255 255 255 90 255 0 0 255 0 227 255 255 0 255 0 255
    255 255 255 0 0 0 255 103 192 0 0 255 255 255 255 0 0 78 87 142 0
    235 255 94 0 255 255 255 182 255 255 0 0 255 255 255 0 0 0 112 155
    31 255 0 255 0 255 209 255 9 0 255 0 0 13 255 255 255 0 109 0 178
    255 144 255 0 255 255 255 0 52 218 0 255 0 255 0 255 0 255 255 0 255
    0 0 0 255 255 150 255 0 0 0 255 0 0 88 255 53 255 79 255 0 0 0 255
    255 255 0 255 255 42 92 0 255 31 0 0 0 255 255 241 0 78 255 0 0 0 0
    106 255 255 0 0 0 255 0 255 0 140 0 16 255 255 255 255 139 109 0 255
    0 0 255 255 25 73 72 0 255 255 0 255 0 0 0 219 255 255 0 0 0 255 0
    147 255 255 250 255 255 0 255 0 0 255 0 0 0 0 0 255 0 255 0 0 255 0
    255 255 129 113 127 255 0 0 0 255 255 255 255 0 255 0 255 0 255 0 0
    0 255 255 0 250 204 0 0 255 255 69 249 255 255 0 0 82 80 255 85 34 0
    54 255 255 255 255 255 65 64 0 0 255 255 255 0 0 0 0 70 255 255 0
    255 0 0 0 255 255 255 0 0 0 255 21 0 255 145 0 0 0 0 255 58 255 0
    255 0 0 255 0 178 0 255 0 255 63 255 0 255 0 255 255 129 255 255 255
    0 0 0 255 0 38 255 255 255 255 0 255 0 251 229 0 0 0 255 0 0 255 162
    49 0 0 133 0 100 255 255 82 98 0 0 209 0 255 0 255 254 255 0 255 0
    48 0 0 0 255 255 255 255 0 255 255 174 0 255 107 99 0 0 255 96 0 138
    255 255 0 0 255 255 255 0 138 255 130 255 218 255 0 255 0 0 255 192
    94 0 255 255 255 255 255 0 0 0 255 255 255 0 255 0 255 8 0 0 225 22
    123 217 255 255 255 255 255 255 0 0 255 0 255 0 255 255 255 255 0 0
    255 255 0 255 255 255 255 62 155 0 255 0 255 189 255 255 255 0 0 0
    255 177 229 177 255 255 82 0 255 255 255 255 0 255 0 255 0 255 0 255
    226 255 0 255 0 255 0 255 0 0 79 195 0 255 255 255 0 0 255 255 255 0
    0 0 255 0 0 255 255 255 0 58 0 255 0 255 255 0 0 0 0 41 255 0 0 0
    190 70 0 255 255 255 255 224 255 0 0 0 255 255 255 206 99 255 255
    255 255 0 248 255 255 0 199 255 255 0 130 151 255 0 255 0 0 0 0 119
    255 255 255 0 9 0 255 0 143 255 255 255 0 255 255 255 111 0 255 255
    124 87 0 255 96 0 0 0 255 255 4 255 62 255 30 0 0 255 0 0 0 255 149
    255 224 35 0 255 112 118 255 255 255 215 0 0 255 255 0 243 106 255 0
    255 255 255 0 215 255 255 255 255 255 0 255 255 255 255 0 8 0 34 168
    255 255 0 255 0 0 0 255 173 255 0 0 0 0 0 255 0 255 60 255 117 0 255
    0 255 255 255 139 0 0 255 255 255 0 0 255 255 0 255 0 0 0 30 255 0
    223 255 97 255 0 182 197 255 255 255 255 0 159 49 255 255 255 0 255
    0 255 255 0 255 42 255 255 255 0 255 4 255 0 153 255 255 6 255 116
    195 0 0 214 22 255 255 70 47 225 203 0 0 65 11 0 255 0 112 0 255 0
    255 35 255 180 16 0 0 219 255 255 255 0 255 255 0 59 255 125 255 0
    255 234 255 0 255 255 255 0 255 0 255 48 0 0 0 93 255 0 0 255 255
    217 0 255 0 0 255 255 255 0 169 0 255 0 0 0 255 255 0 0 0 255 0 255
    0 255 60 0 0 0 0 39 255 255 255 0 255 163 255 174 198 193 2 0 0 255
    0 255 0 0 0 255 255 144 255 0 87 0 255 0 0 255 0 255 255 255 57 0 0
    0 255 0 255 0 0 0 255 255 255 0 232 0 255 0 255 0 0 0 255 255 222 32
    0 255 255 223 255 0 246 0 255 0 255 255 0 255 0 255 255 0 154 20 255
    0 247 0 255 0 255 0 0 54 241 0 0 0 255 255 241 0 255 255 187 0 0 255
    63 255 0 255 243 0 255 116 201 9 0 255 0 113 0 0 255 24 59 29 37 47
    255 255 255 0 255 0 255 0 255 147 255 255 255 0 0 255 0 0 255 255 91
    0 0 255 255 71 255 255 255 255 0 0 255 163 255 255 0 255 0 255 0 255
    255 40 0 0 255 255 0 0 0 0 0 255 255 109 255 253 1 255 0 255 255 255
    255 0 0 0 0 255 65 255 153 0 255 255 255 42 255 0 67 4 255 255 0 0
    255 0 134 0 255 255 255 2 255 0 255 0 255 0 255 0 255 255 255 0 213
    255 255 0 255 206 0 129 73 255 255 255 255 0 252 255 0 46 0 255 64
    255 77 0 255 129 141 205 0 0 0 0 255 179 255 0 255 0 255 0 135 0 0
    255 0 212 0 255 0 0 0 59 255 255 255 0 0 0 255 178 255 13 255 0 185
    255 255 255 0 0 255 0 0 255 137 0 0 255 60 182 0 0 16 0 255 255 222
    0 173 255 255 0 255 0 255 0 255 255 0 255 255 255 208 255 0 255 255
    255 255 0 0 0 0 0 0 200 255 224 170 145 0 0 0 0 255 255 91 255 255
    255 0 255 206 123 255 112 0 202 255 213 242 0 119 255 255 0 0 0 247
    255 255 255 255 0 30 0 255 255 0 0 0 212 255 96 255 33 255 0 0 0 183
    255 240 0 0 0 142 0 255 255 255 0 0 255 130 185 0 0 0 0 0 255 0 255
    255 255 255 255 0 0 0 255 36 96 147 255 0 0 0 0 255 0 255 0 0 255
    255 160 0 24 3 255 255 255 194 0 255 0 6 232 255 0 0 65 255 255 255
    0 109 0 255 240 255 255 255 0 255 0 0 0 255 255 255 255 0 0 0 0 255
    255 255 0 0 179 0 0 255 255 255 0 0 255 255 255 255 255 255 0 255 0
    255 0 0 0 201 0 255 255 0 0 158 255 255 0 0 180 0 0 229 255 255 255
    0 255 255 255 0 255 188 0 255 0 255 144 255 255 255 0 0 0 255 0 255
    255 255 255 0 0 0 255 0 220 0 255 145 0 0 212 255 0 255 255 255 0 0
    138 0 255 0 98 0 255 255 0 255 0 255 0 255 0 0 255 22 255 255 0 255
    0 0 255 255 255 0 181 92 255 255 0 0 255 0 255 255 111 0 255 255 87
    0 0 26 255 255 15 0 0 0 255 255 255 0 255 0 255 0 0 255 255 255 0
    228 0 0 156 0 255 255 179 2 0 255 0 23 0 255 0 255 255 255 187 0 255
    0 0 255 0 255 0 57 0 255 0 0 255 255 0 0 0 0 255 255 255 0 0 0 244
    255 47 0 0 155 255 255 255 240 63 250 162 255 255 255 0 0 0 0 0 0
    255 255 0 93 255 255 255 0 0 0 255 178 255 0 199 0 255 255 255 182
    42 253 246 0 0 255 255 0 0 0 255 255 0 0 0 0 107 0 112 0 255 255 255
    255 0 255 0 255 0 255 255 255 0 0 0 0 255 255 255 0 0 0 0 0 0 255
    219 255 255 255 0 255 0 255 0 255 0 0 246 252 0 255 0 255 255 255 5
    255 0 231 0 255 0 255 0 255 255 191 255 110 108 255 99 255 0 215 255
    0 0 79 255 247 244 0 255 255 0 0 0 255 0 0 0 0 92 255 255 255 33 0 0
    255 35 0 0 0 255 3 255 255 31 0 0 162 255 140 0 255 66 255 255 87
    255 63 0 0 0 255 0 255 0 255 148 248 0 0 224 188 255 0 255 255 255
    255 0 30 0 0 255 255 255 0 0 255 255 110 255 0 0 0 255 0 0 0 255 91
    5 50 255 255 255 255 227 255 0 0 255 117 0 0 255 0 255 0 163 0 255 0
    38 0 162 0 255 255 0 255 0 19 250 255 0 185 0 255 0 255 131 255 255
    255 0 0 0 0 0 255 255 97 212 0 81 0 255 86 39 0 255 33 255 0 255 0
    255 0 255 0 255 0 255 0 57 0 255 255 255 255 0 0 0 0 0 0 126 0 25
    215 0 255 0 0 20 0 255 255 255 0 37 0 93 255 255 0 0 211 255 255 255
    255 130 255 255 0 0 7 0 0 0 255 0 159 255 0 255 241 0 0 0 186 0 255
    255 68 0 255 255 255 0 18 0 0 255 255 255 0 12 0 225 255 47 142 255
    0 38 0 255 115 32 255 0 255 84 255 255 255 0 0 106 0 255 0 255 86
    255 255 255 255 0 0 0 0 0 255 255 0 193 0 255 0 26 255 0 0 255 43 0
    255 255 46 0 255 255 0 85 100 0 255 102 255 196 255 0 29 0 15 255
    255 199 0 0 0 0 136 255 255 0 0 255 255 255 255 0 255 225 255 75 58
    255 255 0 196 146 255 223 0 255 89 255 18 174 255 255 255 255 0 255
    0 255 0 0 255 255 255 0 24 255 0 31 255 255 0 0 0 255 255 0 186 255
    255 185 255 0 11 0 252 255 0 110 0 0 255 255 255 0 0 255 63 0 46 255
    255 130 0 186 0 106 255 222 0 0 68 0 255 219 0 0 255 121 247 255 255
    255 0 255 255 255 255 0 0 0 61 255 84 170 114 0 0 255 255 255 0 255
    81 255 0 172 255 255 0 87 255 255 255 0 108 0 255 133 0 200 0 255
    233 255 249 0 0 0 0 255 255 255 0 255 255 255 0 134 255 2 255 0 255
    0 255 0 255 0 253 0 130 0 255 0 255 0 0 0 255 0 0 255 255 255 220 0
    169 0 0 255 255 255 0 0 0 0 255 255 61 25 0 0 255 255 255 255 255
    255 163 76 0 111 255 0 255 255 255 0 255 255 0 0 0 255 0 0 0 255 0
    255 255 255 0 0 0 255 145 255 0 255 0 57 0 81 255 0 191 0 212 255
    255 0 74 255 0 255 0 255 255 0 70 255 140 0 10 255 255 255 255 255
    255 0 37 0 0 0 255 5 255 0 255 255 0 0 194 0 0 79 255 255 0 0 255
    255 255 234 0 255 163 255 17 0 0 255 0 251 0 74 0 255 255 255 0 255
    255 0 0 255 255 0 9 0 0 0 0 255 255 67 0 0 196 255 0 255 0 255 123
    104 0 255 255 32 0 255 0 0 44 78 255 209 255 255 82 201 0 255 0 255
    0 36 0 255 255 255 255 0 0 0 0 255 255 0 0 0 255 0 255 0 238 202 255
    0 255 255 255 55 255 38 34 0 35 0 255 0 0 0 255 255 255 0 255 0 255
    255 255 0 16 0 255 0 255 0 255 255 255 0 255 0 255 0 0 0 255 255 0 0
    41 0 255 255 255 135 255 71 241 0 255 255 255 0 76 0 0 0 255 0 0 0
    255 255 0 0 0 0 0 0 255 255 255 255 0 0 0 0 240 255 133 0 255 255
    255 0 87 201 0 93 255 0 255 0 0 255 0 255 0 255 110 255 0 255 199
    255 0 0 255 245 225 255 171 255 255 0 17 255 98 255 0 255 0 255 181
    255 255 255 206 255 27 255 0 255 0 0 0 255 0 255 255 255 0 255 255
    255 0 0 255 0 0 255 255 255 255 255 255 0 0 162 255 255 0 0 0 35 0
    255 82 0 0 0 255 255 117 255 236 255 255 255 0 0 0 186 255 75 255 80
    0 255 0 0 0 255 255 255 0 255 255 102 39 0 0 0 199 255 0 0 0 0 255 0
    255 41 255 255 223 119 255 0 41 0 255 210 255 0 0 0 0 255 203 255 46
    255 0 255 0 255 0 140 255 255 255 169 0 0 81 255 255 255 0 0 0 255 0
    255 0 0 0 0 37 255 0 42 254 0 0 0 255 255 171 56 0 0 0 255 255 0 255
    255 255 82 0 0 255 124 255 255 0 255 255 255 123 0 83 0 255 0 96 0
    255 255 255 0 0 0 128 0 255 0 255 0 255 0 255 0 69 255 225 255 26
    205 0 255 0 0 255 0 0 0 255 255 255 0 0 0 0 255 255 255 0 0 57 255
    255 0 0 132 255 255 0 201 0 255 0 29 225 156 0 0 255 255 255 191 255
    0 0 255 0 255 0 33 0 5 255 0 231 0 255 0 255 0 166 0 255 14 177 145
    255 255 0 0 255 255 255 0 0 0 0 0 0 255 0 255 255 143 0 0 255 112 0
    0 0 255 0 0 255 255 183 255 50 0 255 255 0 89 0 0 208 255 255 0 0
    235 217 255 255 0 0 0 255 0 255 255 255 0 0 2 255 255 255 255 0 0
    255 255 236 14 255 0 0 0 255 255 255 0 140 249 255 0 0 255 0 255 0
    255 255 255 0 0 255 0 0 244 255 0 255 0 113 255 255 144 0 255 255
    255 0 255 255 255 0 255 0 255 0 255 0 255 0 255 229 255 255 0 0 255
    0 255 0 112 0 0 255 0 0 0 74 0 255 255 255 0 0 0 255 0 0 233 0 255
    255 255 34 255 0 255 0 255 0 182 0 161 0 255 255 255 0 25 250 0 0
    255 0 0 255 255 120 0 0 255 255 0 0 104 255 255 67 245 255 72 255
    255 0 0 0 0 255 0 201 0 0 0 255 255 0 0 0 0 0 255 201 255 255 255
    255 255 255 0 0 0 0 0 0 255 255 0 255 0 162 0 178 141 255 255 0 255
    0 255 255 255 0 0 88 255 255 109 255 0 0 255 0 255 65 255 0 0 0 255
    255 0 0 0 255 255 0 255 0 255 47 0 0 189 0 255 0 255 0 255 0 0 0 0
    55 255 255 9 255 0 0 0 255 255 255 0 255 0 0 0 255 255 233 0 255 255
    255 0 255 0 255 0 255 0 133 222 80 0 0 255 0 0 0 255 0 197 0 244 255
    255 173 255 255 0 255 0 255 250 0 255 95 240 255 188 255 255 255 0 0
    0 255 255 255 255 0 141 0 255 255 0 53 107 255 41 255 0 58 0 173 0
    255 0 2 0 0 255 0 255 255 255 0 0 0 255 0 0 0 255 232 255 255 0 255
    255 0 223 0 255 0 0 157 255 255 68 0 255 0 255 237 255 16 0 255 255
    255 255 0 255 0 255 0 255 183 204 0 255 255 0 255 0 0 255 255 255 0
    0 255 131 255 255 195 0 76 0 0 255 255 255 255 0 255 0 255 0 255 0
    224 0 222 0 255 180 0 129 26 255 50 0 255 255 255 255 255 255 0 0
    255 0 252 194 0 174 22 0 0 149 255 0 99 255 255 33 0 0 0 255 0 0 0
    255 0 118 255 0 0 0 47 0 31 233 140 0 0 255 255 255 255 255 0 63 0 0
    255 0 249 0 255 0 0 255 255 0 0 255 3 255 0 255 255 255 81 0 255 255
    43 255 26 255 173 255 0 255 0 0 255 255 161 0 0 255 255 255 0 22 0 0
    162 255 255 38 158 0 0 0 255 255 255 0 0 255 119 0 255 0 255 255 255
    255 0 0 0 255 255 0 255 0 255 0 0 0 0 255 255 255 0 255 171 255 255
    255 123 0 0 255 62 255 0 255 0 0 0 173 144 0 0 255 255 45 255 0 0 0
    255 0 255 255 17 0 7 0 255 0 153 255 0 255 224 0 108 0 255 255 0 239
    235 0 1 255 255 0 0 0 255 255 255 0 0 255 255 84 0 255 204 255 0 255
    7 49 0 255 200 88 0 231 255 0 255 0 123 0 255 255 255 0 0 0 186 0
    255 151 0 0 111 255 255 255 0 0 255 255 255 0 255 0 0 94 190 0 255
    255 0 255 255 70 0 240 255 255 0 0 255 255 108 0 0 0 73 255 255 238
    0 55 0 255 255 255 124 255 58 255 160 0 0 0 255 0 0 255 0 255 0 255
    19 255 205 0 0 255 255 0 255 255 0 0 0 255 255 255 255 255 0 149 0
    255 255 255 0 0 0 0 231 255 255 255 0 72 0 0 132 0 80 255 0 20 232 0
    0 255 255 0 0 255 0 255 255 224 0 0 43 255 0 209 0 255 0 0 1 255 0 0
    255 255 255 0 255 0 255 0 255 255 255 0 0 0 255 255 240 255 180 220
    0 0 0 90 255 255 63 254 0 255 0 75 255 0 255 213 0 0 0 0 0 0 255 55
    0 0 255 255 0 138 60 0 255 0 255 0 255 0 0 255 255 97 0 0 255 0 255
    0 255 255 255 48 0 99 255 0 255 0 0 0 0 140 255 39 47 0 111 0 0 0
    255 255 0 0 0 0 0 0 89 255 255 248 87 255 4 0 49 121 0 135 2 255 0
    255 0 31 255 192 0 0 0 255 40 0 0 0 255 255 0 0 128 0 255 255 255
    255 0 0 0 0 255 0 255 0 255 0 0 255 255 255 255 0 0 0 113 152 0 255
    255 255 0 255 173 0 255 0 255 255 255 0 0 0 13 0 255 80 255 14 0 0
    255 255 0 0 0 0 250 255 255 255 224 0 0 0 255 255 255 0 0 255 255
    233 255 0 0 0 255 0 0 255 255 255 0 0 255 0 255 0 255 255 255 0 255
    164 129 0 0 255 12 255 0 0 0 137 235 159 51 255 0 184 0 0 0 0 255
    197 213 255 255 251 3 255 255 255 0 255 255 145 0 255 255 0 255 255
    255 255 0 0 255 159 0 0 0 255 0 60 157 0 0 0 92 255 255 255 0 0 0
    255 255 255 0 255 255 0 104 0 0 255 255 255 255 234 0 255 0 255 0
    255 0 255 255 255 249 255 0 160 0 161 0 0 255 0 96 255 255 114 107
    240 0 252 0 255 180 255 255 0 255 0 255 0 0 255 255 0 201 0 253 0 37
    255 155 0 255 0 255 0 255 255 255 0 0 245 0 255 0 255 0 255 0 255 0
    255 0 255 0 0 255 226 255 255 255 255 255 0 0 160 0 194 0 0 0 255 0
    255 255 255 0 255 28 255 23 0 0 0 0 255 0 0 0 35 114 0 255 114 29 0
    0 135 255 255 230 4 255 0 0 131 255 0 0 0 255 0 255 255 0 255 255
    193 0 255 255 185 0 0 0 255 255 255 255 255 0 0 255 0 0 0 85 255 127
    255 0 152 255 0 0 0 255 0 0 0 255 0 118 0 255 255 0 0 0 55 219 255
    255 255 0 255 128 95 0 0 0 255 0 255 0 255 0 255 0 255 227 0 0 225
    255 255 255 0 57 255 0 255 0 255 0 0 0 0 255 0 76 68 255 0 0 0 162
    131 255 0 0 0 140 255 0 255 199 255 255 0 75 255 255 0 148 0 0 255 0
    255 0 0 0 0 255 0 255 47 0 255 255 255 0 11 0 255 255 255 255 255 0
    180 0 0 0 255 255 255 0 255 0 255 255 255 255 0 0 255 255 0 255 0 0
    119 135 250 255 255 255 0 255 120 12 255 0 0 0 0 0 0 0 255 255 255
    255 0 0 0 255 177 0 236 250 255 0 0 255 0 0 87 255 0 255 172 112 0
    186 255 255 0 255 0 0 33 255 255 0 0 0 109 0 133 183 255 0 75 249
    255 255 255 0 0 255 0 255 0 255 0 255 0 0 255 0 255 0 255 19 0 49 0
    152 0 0 117 165 0 0 0 255 0 255 0 0 255 0 0 0 255 224 255 255 0 154
    0 73 0 0 0 185 255 255 142 0 0 0 0 43 0 0 0 193 255 0 0 255 255 255
    255 255 0 0 255 0 0 128 255 101 255 255 0 226 255 255 255 0 0 0 255
    255 0 255 0 45 0 255 255 255 11 255 0 0 97 255 255 0 0 181 255 91
    188 255 47 0 0 234 255 120 0 0 0 165 255 0 0 0 255 10 163 255 0 92
    255 0 0 101 0 255 0 164 0 0 255 0 160 136 0 255 0 255 255 255 255 0
    255 0 0 0 255 36 0 255 255 255 0 0 0 0 0 0 21 255 255 255 255 0 0
    255 255 255 0 255 255 0 1 255 255 255 0 0 0 255 255 109 255 0 17 203
    197 0 0 255 255 255 0 255 147 255 0 255 255 255 255 0 0 255 9 255
    255 255 255 255 0 0 0 0 92 0 0 255 255 0 255 177 0 200 0 255 65 250
    255 0 0 0 0 255 255 236 255 0 255 0 255 255 255 255 255 0 0 255 255
    255 0 255 0 186 0 255 248 159 0 255 255 0 0 255 0 255 0 0 112 255
    255 0 0 207 255 255 0 0 252 255 255 35 0 86 255 206 255 0 255 25 255
    0 255 0 255 255 0 0 255 255 43 255 0 255 255 255 244 148 255 224 2
    255 255 255 0 0 255 12 255 0 196 152 249 255 0 255 255 255 255 214
    113 255 175 0 0 160 255 255 255 165 0 0 255 194 255 0 0 255 0 255 0
    205 0 218 0 0 0 255 176 166 0 255 2 255 217 0 0 255 255 73 0 0 183 0
    255 33 255 255 0 255 0 0 0 202 255 255 255 96 0 0 255 255 255 0 0 0
    0 255 5 0 88 0 255 0 255 255 0 118 0 255 109 255 0 254 255 255 255 0
    0 0 0 255 24 0 0 255 255 255 0 255 0 255 4 0 255 255 255 255 255 0
    255 0 255 255 255 0 255 147 0 0 170 0 255 142 0 92 0 255 0 195 0 255
    0 0 0 255 255 0 0 255 0 255 4 255 0 0 0 0 255 0 255 255 0 255 0 255
    0 255 255 253 0 0 0 255 255 255 0 255 0 255 255 0 0 0 0 17 0 0 255 0
    0 0 237 255 255 0 255 255 45 0 0 0 255 255 255 0 0 0 255 255 0 0 0 0
    0 255 255 0 233 0 255 255 255 0 0 0 255 255 255 2 255 255 255 0 0
    255 0 255 255 0 0 0 255 107 177 0 255 255 255 0 255 255 255 0 255 0
    255 255 255 0 0 0 31 255 255 255 0 0 255 255 0 0 0 0 255 255 0 0 255
    255 255 0 0 0 255 255 0 255 0 187 255 184 255 255 248 0 0 255 42 0 0
    255 255 52 0 195 255 0 255 0 255 0 86 0 0 113 255 255 255 0 0 0 255
    255 255 133 0 0 0 255 0 255 0 255 0 0 0 0 255 255 0 255 0 255 0 0 0
    0 0 0 255 0 255 112 255 167 0 255 255 40 17 26 255 255 0 255 0 255 0
    255 0 255 255 193 169 0 255 235 255 255 101 255 255 255 255 255 0 0
    0 47 255 255 255 111 0 233 105 255 58 0 0 255 255 0 129 233 255 251
    0 0 255 255 94 0 0 0 135 255 255 255 255 0 0 255 0 255 49 0 210 255
    0 255 31 0 180 42 42 0 255 124 16 0 255 0 255 0 255 255 255 255 0
    255 0 255 0 0 168 255 255 0 255 255 255 255 191 0 255 12 10 0 0 0 0
    45 0 255 0 178 0 255 0 255 255 255 255 118 0 0 0 255 255 255 255 0
    253 60 255 211 0 0 0 0 255 244 252 26 251 255 0 255 83 164 0 255 123
    255 255 0 122 0 22 255 255 255 0 197 0 0 0 0 255 0 0 0 255 0 255 255
    255 255 233 0 255 255 255 0 0 0 74 255 255 255 0 255 0 255 0 255 0
    255 255 177 0 236 0 0 34 255 0 255 84 0 255 255 73 0 63 255 101 255
    255 255 255 0 255 0 255 0 0 255 255 255 0 255 0 255 0 0 0 255 250
    145 255 255 255 0 0 0 0 255 175 255 255 0 0 0 0 255 0 255 255 0 187
    20 0 0 0 255 255 255 0 33 0 255 213 0 0 255 255 0 255 255 255 0 255
    255 139 166 0 0 255 0 255 255 0 135 10 210 0 255 255 0 207 255 78
    255 0 255 0 0 255 0 255 0 255 0 255 255 0 0 0 0 0 0 255 116 255 0 0
    0 49 41 255 255 255 255 255 255 255 0 0 0 255 64 255 178 208 255 0
    255 0 0 0 132 90 255 0 76 133 255 191 0 0 255 0 0 0 217 255 108 255
    116 0 255 255 0 0 0 255 255 255 0 0 0 255 0 255 0 255 0 255 255 44
    255 0 0 0 0 0 0 76 255 0 0 0 255 0 255 0 0 255 0 255 255 255 0 34 0
    255 0 160 255 255 225 0 0 79 0 255 71 0 19 255 255 255 255 255 0 255
    0 255 0 8 169 255 255 255 255 0 157 0 255 255 255 75 0 0 255 255 255
    0 255 255 255 0 0 0 0 255 255 255 168 32 255 255 255 0 106 0 251 0
    255 0 203 0 0 255 0 255 119 0 255 0 255 239 255 255 255 0 0 0 255 0
    0 0 255 255 29 255 0 0 193 255 0 0 0 255 255 255 255 0 0 255 0 0 0
    255 255 89 255 255 0 0 0 0 0 77 96 0 0 81 113 255 255 255 0 255 253
    255 0 6 152 255 167 255 255 0 255 52 255 0 255 255 255 80 8 114 255
    255 0 237 24 255 0 0 255 255 0 0 255 91 204 10 0 255 0 0 0 255 255
    99 0 0 255 221 0 0 255 255 201 0 0 0 255 199 0 255 255 255 0 90 0
    100 255 255 0 0 0 27 255 0 255 255 255 0 29 156 0 0 0 255 255 0 255
    0 0 0 0 255 255 255 0 145 0 0 255 255 244 105 255 4 255 255 255 0
    231 255 0 0 0 208 255 255 255 255 0 0 255 0 255 75 255 255 0 0 0 255
    0 255 255 255 255 0 229 0 255 0 199 0 0 63 255 0 0 0 0 255 0 0 255
    255 0 255 255 223 255 0 0 0 255 0 255 255 87 0 255 0 0 0 255 255 185
    255 0 0 0 0 255 213 0 37 255 255 0 255 255 173 0 255 172 255 0 0 255
    255 39 0 220 114 255 0 0 15 255 255 189 213 13 225 167 0 0 0 0 255
    31 33 0 0 198 73 0 255 0 255 59 255 0 0 0 0 0 255 255 0 33 0 0 0 17
    204 255 160 0 0 255 49 255 0 0 0 255 255 255 240 0 0 255 255 89 0 0
    255 255 255 0 20 183 0 234 127 255 79 255 255 255 255 255 0 0 0 230
    255 0 0 255 15 0 255 0 255 0 255 0 148 255 158 0 0 255 171 255 255 0
    0 0 182 206 255 44 255 0 255 255 65 255 139 0 0 0 0 255 255 255 255
    0 255 34 238 0 255 0 255 0 255 188 255 255 255 80 0 0 0 0 255 0 0
    255 255 144 0 255 0 0 95 255 99 255 255 255 53 0 141 0 218 0 255 255
    255 0 0 0 114 100 0 255 0 255 0 255 0 41 0 0 255 98 255 0 255 0 255
    0 255 255 255 178 255 0 15 0 255 0 176 255 255 255 0 255 255 255 255
    0 255 0 255 125 0 0 28 255 255 0 0 0 255 255 66 0 255 255 0 255 0
    255 187 255 255 0 208 0 255 255 0 0 0 0 255 199 129 0 26 255 0 81
    255 86 0 0 41 233 241 255 224 0 255 255 255 0 0 0 0 157 0 255 218
    227 62 0 0 0 255 0 255 0 255 0 245 0 255 255 255 178 0 0 0 255 0 183
    0 0 0 255 32 255 0 0 0 255 0 255 255 50 0 0 86 0 0 0 0 255 155 255
    255 208 0 31 255 0 19 255 0 255 0 255 255 121 255 181 136 255 255 0
    0 91 255 255 255 0 0 0 255 77 0 0 86 0 255 0 255 255 255 0 0 0 195
    255 255 0 64 0 255 215 0 0 166 255 255 0 0 0 255 0 255 255 255 114 0
    0 0 0 255 255 18 255 0 0 0 0 0 255 255 25 255 244 0 0 255 249 0 0 0
    0 255 255 0 0 0 255 255 255 87 255 255 131 244 255 0 231 0 255 255
    255 255 255 255 255 0 0 255 0 255 0 0 87 255 255 19 255 255 0 0 0
    255 0 255 60 255 0 207 0 255 103 0 173 0 0 255 163 255 171 0 0 32
    255 255 255 0 0 57 114 0 255 0 255 255 255 0 126 255 0 0 0 255 255
    255 255 255 0 113 0 255 255 255 255 0 255 0 255 0 0 0 0 255 255 0 0
    255 255 255 0 0 0 0 255 26 255 255 0 0 255 255 255 46 0 255 0 255 0
    255 255 0 0 255 213 255 0 0 0 255 0 0 0 255 0 255 255 255 255 0 92 0
    0 0 255 0 255 118 255 0 0 0 153 114 255 72 255 114 255 255 0 255 0
    255 0 255 0 0 0 0 255 0 255 0 0 0 255 255 0 0 0 255 0 0 255 255 0 0
    0 0 0 0 255 255 255 55 0 230 255 0 0 255 205 255 242 0 0 0 255 255
    255 255 255 0 255 0 53 255 0 255 0 252 235 0 0 0 255 255 255 0 0 255
    255 255 255 0 0 0 255 255 255 149 199 0 255 255 0 156 0 255 182 37 0
    0 255 37 255 143 0 0 0 0 255 210 255 0 0 255 255 250 100 0 166 255 0
    255 0 255 255 255 0 255 0 195 255 0 255 255 255 79 0 255 0 255 255
    255 255 255 0 0 104 32 255 255 255 255 255 255 0 148 0 255 0 255 0 0
    0 255 255 119 0 0 255 255 255 255 0 0 255 137 0 0 44 0 0 178 242 0
    255 255 255 255 0 255 255 0 0 0 0 255 255 0 0 0 255 255 255 0 221
    199 0 116 73 0 0 255 255 255 255 0 0 0 255 0 255 255 255 0 255 150
    255 0 0 247 255 255 255 22 255 255 255 255 255 255 0 255 94 255 37 0
    0 0 0 119 255 118 0 217 255 255 0 32 0 0 0 255 0 255 0 255 0 0 254 0
    255 0 0 0 255 0 0 0 255 60 0 169 255 0 0 0 255 255 255 0 0 44 0 255
    0 255 0 255 210 0 0 76 255 255 224 255 255 255 0 0 0 255 255 255 17
    0 0 38 255 255 0 86 0 255 255 0 255 0 255 0 0 202 255 255 179 0 255
    255 255 0 255 0 0 243 255 255 0 0 255 255 255 0 0 0 255 255 255 255
    23 255 255 0 0 0 255 0 255 0 255 27 255 255 255 255 0 255 0 255 144
    255 0 0 0 244 255 202 255 0 0 74 154 0 20 255 255 255 0 0 0 94 255
    255 0 0 115 0 255 0 255 0 255 255 0 255 0 189 255 255 255 0 210 252
    255 255 0 0 0 255 253 255 0 255 0 255 255 0 255 94 255 0 255 255 75
    255 202 0 0 0 255 0 255 0 255 0 255 255 0 27 168 255 255 0 60 0 255
    115 0 255 255 255 0 0 6 0 133 0 255 0 255 0 218 255 255 0 0 0 255
    210 239 255 0 255 255 255 255 255 0 56 0 255 63 6 0 34 0 183 255 90
    0 32 0 255 255 127 0 255 0 255 0 174 255 0 0 0 255 255 0 138 255 255
    255 0 0 255 0 255 0 0 255 44 255 0 255 0 0 129 255 255 255 0 0 0 255
    201 255 0 0 0 255 255 0 0 255 255 255 0 255 255 255 0 0 186 0 186
    255 255 255 0 0 0 255 255 255 0 255 250 255 154 0 0 122 116 255 0
    142 255 255 255 25 255 0 0 255 0 22 0 1 0 255 255 0 255 119 255 0 41
    0 255 255 0 0 75 0 255 0 0 0 0 48 155 0 255 255 255 39 0 255 255 0 0
    0 255 0 0 0 255 96 255 88 249 0 0 255 255 0 184 163 255 0 0 0 0 255
    0 0 0 0 255 255 0 2 255 255 255 255 255 0 255 255 255 0 255 0 255 0
    107 255 0 255 0 31 0 253 0 255 0 255 0 80 0 0 0 154 0 255 215 255
    255 155 0 0 255 0 255 0 255 30 92 0 255 255 0 0 0 0 255 126 255 83 0
    255 0 0 0 199 255 255 0 0 0 255 0 53 152 255 185 255 255 255 172 0
    179 255 243 255 34 16 255 0 0 254 0 255 47 0 255 0 0 255 255 0 0 0
    255 182 22 0 0 212 0 0 0 0 255 255 255 255 255 255 255 152 0 0 255 7
    0 255 30 0 0 0 255 255 0 0 0 117 0 255 255 255 143 0 255 255 255 0
    185 0 255 255 0 0 255 0 255 255 255 255 0 0 0 255 255 255 0 0 255
    164 255 0 0 0 255 255 0 0 0 255 255 255 0 0 0 255 255 0 92 0 210 255
    170 255 0 0 1 114 255 255 0 151 0 0 0 255 255 0 0 255 255 255 0 0
    241 0 5 152 255 131 0 0 0 0 215 0 255 0 255 0 255 255 255 0 255 255
    0 167 0 0 156 33 0 255 0 255 0 255 0 255 48 0 0 246 0 0 255 88 31 0
    255 0 116 255 255 0 0 0 255 0 0 0 255 255 141 255 255 0 0 56 255 255
    107 144 0 255 0 255 0 255 250 255 255 255 255 0 203 255 255 5 0 151
    0 255 255 255 0 40 255 103 0 222 0 255 255 255 255 0 255 0 0 0 0 255
    255 233 0 0 255 188 186 0 0 41 255 255 0 0 0 255 255 0 255 121 0 0 0
    255 0 0 0 255 0 0 0 54 255 255 255 0 0 255 0 255 0 255 0 0 0 255 255
    255 0 0 210 255 0 255 255 70 0 0 255 255 255 110 255 78 255 0 99 255
    101 255 0 255 118 182 255 255 0 0 0 0 0 0 255 74 255 0 255 0 0 0 255
    0 0 0 0 255 255 0 0 0 0 255 255 255 0 0 87 0 84 0 255 0 255 255 0 0
    0 255 255 255 0 0 136 178 255 201 208 255 255 0 96 0 0 255 232 0 0
    255 114 160 255 255 255 0 0 0 0 255 0 255 0 255 0 255 111 0 0 255 0
    255 255 255 255 0 0 0 37 114 0 225 59 255 255 255 0 0 0 255 255 255
    255 52 255 90 226 0 255 255 0 35 0 0 255 255 255 0 88 0 255 0 255
    255 255 255 255 255 0 0 0 0 255 74 255 255 255 0 0 0 255 215 255 0
    122 255 255 0 255 0 12 0 0 255 255 255 0 255 214 255 255 0 255 0 0 0
    0 192 255 255 255 255 0 225 0 196 0 255 255 255 255 0 42 0 0 254 255
    255 0 0 0 255 0 0 0 255 0 255 0 255 190 0 255 255 255 0 0 255 0 255
    0 255 255 255 0 255 0 255 0 255 0 255 51 255 0 190 255 255 255 247
    255 0 0 0 255 255 255 0 156 0 198 216 0 255 200 0 255 232 255 255 0
    62 255 255 255 251 0 0 255 255 255 43 0 0 118 150 255 0 0 255 255 10
    0 61 190 255 0 255 39 255 0 0 255 115 255 255 255 255 0 0 0 0 255
    255 255 0 0 0 255 255 255 40 255 255 255 61 255 255 0 0 0 255 255
    255 88 0 215 0 255 255 171 255 218 247 99 255 255 255 0 0 0 0 255
    255 29 30 0 255 115 0 0 0 255 255 255 64 255 255 0 0 255 255 255 90
    0 0 0 191 87 0 252 255 0 255 0 0 255 0 107 0 0 125 188 0 0 255 159
    144 0 255 0 255 0 255 0 0 0 255 255 0 0 255 255 0 255 0 255 0 255 35
    0 175 255 116 0 0 0 0 255 255 0 0 0 255 255 255 179 255 255 255 0 0
    0 255 255 255 0 0 132 255 255 255 255 0 242 196 255 0 0 196 255 0
    255 0 117 0 255 255 0 255 0 255 0 255 0 255 255 255 213 0 0 255 255
    255 255 31 255 255 255 201 187 0 255 255 170 0 0 94 3 255 191 0 0
    194 0 0 255 255 255 149 206 141 255 100 255 0 0 255 255 0 255 0 0 0
    255 0 178 0 255 0 0 0 0 255 0 255 0 0 255 255 49 229 255 255 0 0 0
    120 255 60 252 0 0 255 0 255 0 189 255 0 0 0 255 255 232 51 0 255
    255 255 254 0 255 152 255 0 255 130 22 0 255 255 0 255 0 0 255 0 255
    0 0 255 255 255 101 255 0 0 0 0 255 234 255 0 0 0 39 223 68 255 191
    0 0 255 255 255 255 0 255 0 235 0 255 255 255 255 81 255 0 0 0 0 255
    255 255 187 0 0 0 0 255 255 255 0 255 217 255 255 0 230 0 0 255 255
    208 0 33 0 123 0 6 255 126 255 0 0 0 149 255 255 255 0 89 255 255 0
    0 255 157 0 0 0 221 0 190 34 0 19 255 255 0 0 255 0 4 219 180 0 232
    255 0 0 255 255 140 255 0 0 0 255 255 0 217 255 255 66 0 255 255 255
    255 0 0 0 0 255 255 255 0 2 255 255 0 0 0 147 255 255 255 105 255
    203 87 0 0 238 255 0 255 255 255 73 204 0 0 50 255 140 0 0 255 34
    255 0 0 0 255 255 180 0 0 0 0 255 0 255 0 0 255 255 255 0 0 157 255
    0 0 255 0 255 0 255 0 255 255 255 0 162 88 255 0 255 0 255 255 255 0
    255 0 255 255 249 255 0 0 0 202 0 255 255 255 35 0 255 255 255 255 0
    0 0 0 0 255 255 0 0 0 110 255 255 237 245 0 0 0 111 255 255 185 210
    255 86 0 0 255 255 255 0 255 255 0 228 255 255 0 121 0 0 255 0 157 0
    211 255 255 255 0 255 0 255 0 0 0 255 255 62 0 0 255 255 255 0 155 0
    255 229 0 153 131 255 0 255 0 255 0 180 192 255 0 255 0 0 0 255 0
    255 0 209 0 0 0 255 255 255 0 68 255 255 0 84 0 0 0 0 255 175 106 0
    255 99 255 0 255 0 255 0 0 0 114 0 0 0 255 102 148 255 214 255 0 255
    73 0 0 255 88 69 0 117 0 153 255 214 183 0 255 0 0 255 103 116 255
    255 211 255 255 255 0 0 255 255 0 0 0 255 255 36 255 0 255 0 255 255
    255 0 13 255 29 255 0 0 0 255 255 255 0 255 0 73 0 228 213 255 255 0
    0 40 255 255 0 174 255 255 255 0 0 255 255 78 0 48 0 0 0 185 255 0
    255 255 255 1 255 0 230 153 0 255 0 255 0 255 255 0 0 0 255 255 255
    194 255 255 0 201 0 0 152 21 255 255 255 255 0 0 0 255 0 74 201 176
    255 255 0 0 0 0 0 48 255 208 0 255 153 0 119 255 183 255 0 255 0 225
    0 255 0 0 195 255 0 255 255 255 0 0 0 255 255 0 133 255 255 255 0 0
    0 255 24 0 255 255 72 0 0 255 148 0 255 40 255 0 234 0 255 244 0 0 0
    255 241 255 255 51 0 255 0 0 0 255 0 0 255 97 0 0 255 138 0 0 126 0
    255 73 0 0 247 0 255 255 255 255 255 215 0 88 0 255 255 0 17 203 255
    0 255 255 255 255 0 0 255 0 255 255 255 255 0 0 255 255 228 37 255
    255 255 0 0 255 0 255 234 255 0 0 0 225 137 255 0 0 0 0 255 255 110
    0 254 0 0 0 3 255 255 0 0 30 0 253 255 0 0 255 0 78 0 57 255 255 0 0
    0 152 255 160 255 0 255 0 0 0 0 0 216 56 255 255 170 255 0 0 255 255
    255 0 0 255 0 255 96 255 0 255 0 255 0 255 0 255 249 128 0 0 255 224
    255 255 81 80 111 0 121 0 74 35 255 255 255 0 0 255 0 255 221 170 61
    0 255 0 255 71 255 250 0 0 0 255 253 0 0 0 255 0 235 85 255 255 0 0
    255 255 255 0 110 3 0 0 43 0 255 249 255 0 0 0 0 255 84 255 255 0 0
    255 132 255 255 255 166 0 0 0 47 24 255 0 16 154 0 0 255 255 0 86 0
    110 255 255 0 0 0 255 255 0 255 0 255 0 255 0 0 35 255 255 0 255 0
    255 0 255 70 0 0 0 0 0 255 10 255 255 0 0 0 0 0 255 255 0 255 255
    175 255 255 255 0 0 255 255 0 255 255 255 32 0 0 0 255 255 255 255
    255 255 105 0 255 255 255 0 255 0 205 255 255 0 0 0 255 0 255 255
    255 18 0 255 255 87 255 0 0 255 0 255 255 255 0 58 255 203 0 0 0 255
    255 255 0 0 255 255 255 42 0 37 35 2 130 255 255 0 255 0 255 0 255 0
    2 0 0 255 203 255 45 0 0 0 0 0 0 0 0 255 255 255 0 107 137 0 60 164
    205 255 255 0 255 0 255 0 255 255 0 0 0 255 255 0 0 0 90 255 69 133
    255 0 255 255 0 0 0 170 255 0 225 183 255 255 0 0 0 255 255 255 91 0
    255 255 255 255 0 0 0 0 255 255 255 25 0 0 0 255 255 255 255 0 255
    255 255 255 0 255 255 255 0 122 0 242 0 255 0 255 255 255 77 182 255
    171 0 116 180 193 4 255 143 0 255 255 255 255 255 255 255 255 44 0 0
    255 0 255 255 255 0 0 0 112 0 0 0 0 133 255 0 0 0 0 143 0 255 12 255
    0 0 2 255 255 255 58 255 0 84 0 209 0 255 255 155 0 0 0 255 0 255 0
    255 90 200 255 0 0 0 255 255 255 0 0 0 255 255 255 0 0 0 0 255 0 255
    0 0 255 195 0 255 0 0 0 0 0 141 255 255 255 27 213 0 0 0 255 255 177
    161 0 195 0 255 255 255 0 0 255 255 255 0 255 0 0 0 255 0 255 0 255
    95 255 255 0 255 0 239 85 0 0 255 0 0 255 255 87 0 197 0 18 255 255
    255 255 255 18 139 255 0 255 255 255 0 0 0 22 255 255 255 0 255 47 0
    0 255 254 255 255 198 0 255 0 255 0 255 112 0 255 0 255 0 179 253 0
    0 255 190 255 255 73 255 255 255 0 0 255 170 255 255 68 255 0 194
    187 94 0 219 0 255 255 106 34 0 255 118 0 0 255 255 28 195 0 0 0 255
    255 255 255 255 255 255 0 0 0 255 255 255 0 0 0 255 255 0 0 2 255 0
    255 0 0 0 255 255 255 0 154 255 255 0 0 0 0 255 103 255 76 255 0 0 0
    0 6 255 79 0 0 255 255 255 0 255 21 110 255 0 46 255 0 0 0 255 255 0
    255 0 255 0 255 0 0 0 0 0 0 23 0 0 0 255 241 255 106 0 0 255 239 255
    0 255 0 98 255 0 255 0 255 255 0 0 173 81 255 255 0 0 0 0 255 136
    202 255 132 0 168 255 255 89 42 0 0 255 0 0 255 255 0 0 0 255 255 43
    255 0 244 0 102 0 253 255 255 12 255 0 0 115 0 255 255 255 0 0 255
    255 0 128 126 255 255 110 23 255 255 255 0 0 0 255 135 99 0 255 60 0
    0 0 255 255 0 0 255 0 0 0 211 114 114 0 255 255 92 58 161 0 0 0 255
    255 45 183 0 129 0 255 255 0 237 0 0 62 255 255 255 101 0 255 232 0
    255 190 87 0 255 6 255 0 122 255 183 255 0 255 0 0 255 255 0 0 0 255
    255 255 9 0 50 55 255 29 255 0 244 8 255 0 0 0 255 255 255 68 244 0
    255 255 255 255 0 0 230 255 125 127 0 59 73 0 255 255 0 9 255 255 0
    70 255 255 255 0 255 255 255 0 255 255 255 0 255 255 255 0 0 255 255
    0 0 255 255 255 255 0 165 0 255 255 0 65 0 0 97 255 0 255 255 255
    122 160 0 0 255 237 255 27 0 255 255 255 0 0 139 255 0 255 255 204 0
    255 0 0 0 0 255 0 0 0 255 86 255 0 255 0 255 255 0 11 54 255 255 0
    174 255 255 184 0 228 0 255 0 255 0 0 255 255 255 105 255 0 0 0 0
    255 0 255 41 255 0 215 255 0 0 0 187 255 187 37 0 255 0 157 21 0 249
    0 255 255 255 0 0 25 134 255 0 0 128 255 255 0 0 94 0 255 167 74 255
    73 0 107 255 255 255 0 0 187 255 255 255 0 255 240 0 0 255 199 255 0
    255 220 255 0 0 255 255 255 0 255 255 255 0 0 77 0 255 228 255 255
    255 0 255 0 255 0 255 0 0 0 0 149 0 255 255 255 0 0 41 255 255 0 255
    0 0 0 255 99 255 0 121 0 0 0 255 0 255 255 255 235 255 12 0 0 255 0
    0 0 255 255 255 255 0 204 0 255 255 255 0 255 255 0 255 0 0 0 255
    255 255 255 254 255 19 0 0 255 255 255 0 255 255 255 255 0 0 188 255
    255 0 255 255 0 0 0 255 255 255 41 0 35 124 0 0 255 185 255 11 19 0
    0 114 0 255 0 255 0 255 0 251 183 0 132 255 0 213 255 248 255 255
    255 0 0 0 255 0 47 216 255 255 106 99 255 0 33 0 255 255 255 140 0 0
    255 255 255 0 229 0 130 122 24 0 255 255 0 205 112 255 146 255 0 255
    255 0 0 0 255 213 255 0 255 0 255 0 75 109 255 255 255 255 0 207 0
    74 255 253 0 0 255 217 206 255 255 0 0 0 0 114 0 255 0 255 0 0 51 3
    255 227 255 255 0 0 161 255 255 255 0 0 0 255 0 0 0 0 255 176 0 0 0
    255 34 0 0 0 255 0 255 0 0 6 255 42 124 0 44 255 144 255 0 255 171
    255 0 79 0 255 0 255 255 255 0 255 255 255 0 0 0 255 255 255 0 0 255
    255 0 0 255 255 255 0 0 0 0 0 0 255 85 255 255 255 210 0 0 255 0 255
    0 0 0 255 45 0 0 255 255 255 0 0 255 255 0 255 0 255 202 255 0 255
    255 0 0 0 255 247 255 255 0 0 0 255 255 255 0 55 0 255 0 0 0 255 255
    255 255 255 0 255 0 238 0 0 255 255 255 255 255 0 0 255 255 255 0
    255 255 255 255 229 0 0 255 0 0 0 0 255 165 255 255 0 164 0 255 0 0
    255 255 255 255 0 255 255 255 255 132 145 0 255 255 0 252 255 0 255
    63 255 255 175 0 255 0 255 0 255 255 255 0 0 255 0 255 86 255 138
    188 76 139 0 0 50 255 136 0 255 0 0 0 142 255 66 0 255 0 183 0 255
    255 255 0 0 0 0 255 255 255 0 7 148 0 255 0 255 0 255 0 255 0 0 0
    255 255 255 0 0 255 0 57 255 255 255 0 0 238 20 159 0 255 0 0 255
    255 249 255 0 255 255 255 255 0 0 0 255 0 0 255 0 255 0 18 0 255 227
    147 186 255 100 255 255 255 18 255 162 255 0 30 255 0 90 0 0 255 121
    0 255 255 255 0 0 0 169 255 179 255 0 0 255 255 163 0 0 0 255 0 0
    255 0 255 255 255 255 8 255 255 0 0 229 255 0 255 71 255 0 4 0 0 0 0
    255 9 255 136 61 0 162 48 0 0 255 0 0 0 255 255 255 0 0 0 255 0 0 0
    255 255 255 255 29 0 255 0 19 61 0 255 0 255 0 255 0 255 51 0 125 0
    255 236 0 255 255 255 0 0 255 255 255 255 255 0 0 0 255 255 255 0
    183 0 255 140 0 52 194 0 255 0 113 0 0 255 0 255 0 0 255 142 255 148
    255 255 255 255 255 0 0 255 255 0 0 0 255 132 255 0 255 0 0 244 157
    255 255 255 116 255 255 255 0 0 0 255 0 255 0 0 255 255 176 255 0 0
    0 255 255 255 114 255 0 0 255 0 23 255 0 255 167 255 0 0 255 0 150 0
    0 0 0 231 75 255 0 34 0 223 140 255 255 0 0 0 255 30 0 243 121 0 0 0
    226 255 255 255 255 0 0 255 255 255 0 255 0 255 34 255 0 175 0 255
    139 0 133 255 225 115 255 21 0 0 255 255 255 0 0 255 255 255 0 166 0
    255 0 255 0 255 235 0 0 255 0 255 0 255 255 255 0 0 255 0 0 0 255 0
    255 0 255 0 255 255 0 0 255 197 255 255 163 0 0 0 188 233 0 0 0 255
    255 0 255 255 0 83 230 255 0 0 0 200 255 255 255 219 0 255 255 0 0
    255 0 0 165 17 255 24 255 255 79 0 0 114 0 255 0 47 49 255 255 175
    255 255 0 255 0 0 47 255 48 187 0 77 117 255 158 255 0 124 0 255 0
    255 133 144 36 0 0 73 37 57 0 199 255 0 0 255 255 255 0 255 0 255 0
    0 0 0 255 255 255 255 0 255 255 0 255 74 255 0 247 0 255 0 239 255 0
    0 0 0 0 255 255 255 142 0 255 0 255 0 255 0 0 255 0 255 0 255 0 255
    0 170 255 255 255 0 254 125 255 0 255 255 255 0 0 0 0 255 255 0 0 0
    255 0 255 255 255 0 180 0 255 90 255 73 0 48 0 113 181 255 0 255 255
    136 255 0 255 0 201 0 0 59 0 0 0 255 0 255 255 0 0 255 255 255 0 145
    0 255 0 255 255 255 0 154 0 255 0 0 255 0 0 0 154 0 255 123 0 0 0
    255 82 255 0 123 255 255 0 0 255 0 0 154 255 255 93 0 255 71 255 0 0
    255 255 255 0 0 97 255 114 255 255 0 120 255 0 116 0 255 0 132 0 255
    0 255 0 255 0 255 255 255 0 255 0 78 255 255 0 0 255 255 255 0 0 0
    255 0 255 255 255 0 0 244 153 255 206 35 0 255 0 123 255 219 255 0 0
    0 0 255 0 255 255 0 255 1 255 0 49 0 255 0 255 0 66 0 255 255 255
    216 0 227 0 0 0 0 255 255 255 255 0 255 0 255 0 221 0 246 255 255
    149 147 0 255 0 0 68 0 0 0 0 0 255 255 204 0 0 0 255 255 0 0 0 255
    255 255 255 0 0 255 255 237 0 0 255 184 255 16 255 255 255 255 166
    255 0 0 0 255 196 255 0 0 0 255 28 0 225 123 0 41 0 255 0 255 145
    255 0 0 255 188 242 51 255 0 255 0 255 53 0 255 0 255 0 255 255 0
    255 0 0 0 255 255 255 255 179 0 34 70 107 0 135 255 0 255 0 255 0
    255 91 0 255 0 255 255 255 157 35 0 255 255 255 0 0 0 255 255 255 0
    21 0 255 255 0 0 0 0 255 0 255 37 0 0 164 255 149 0 0 255 255 0 255
    255 28 212 155 188 252 255 0 255 0 255 86 0 0 255 255 255 0 61 255
    255 255 255 253 255 255 0 255 155 255 0 41 0 187 0 255 255 0 0 255 0
    255 0 138 255 255 255 0 0 255 95 255 131 0 0 255 0 94 238 255 74 219
    0 0 0 0 255 255 149 0 0 255 0 255 214 74 37 255 0 255 255 255 255
    197 0 66 255 255 0 0 0 0 255 0 230 0 255 255 0 96 132 255 0 0 0 146
    255 48 255 149 255 0 0 255 255 255 255 104 99 0 255 255 178 132 0
    255 0 255 0 255 255 0 0 255 0 255 229 184 0 0 0 0 255 255 255 255 90
    255 0 255 0 255 240 255 145 0 160 255 131 255 0 255 0 255 249 255
    255 255 51 255 255 255 139 154 207 0 0 255 0 255 255 0 103 0 76 255
    255 0 0 18 255 255 0 0 255 255 0 0 0 255 0 0 59 255 32 255 255 255 0
    0 0 128 107 169 158 255 255 198 0 0 0 0 255 255 255 255 0 255 218
    176 255 0 255 255 255 0 255 202 255 255 255 0 56 0 255 0 0 0 255 255
    0 80 216 255 0 0 0 6 108 0 255 255 255 0 0 95 255 255 32 0 255 0 147
    255 255 0 0 218 251 0 0 245 255 0 0 255 22 0 255 0 0 255 97 0 247
    255 255 0 203 255 255 149 255 10 0 98 255 255 0 0 255 255 248 255 49
    18 0 161 0 255 0 238 174 35 53 0 0 0 255 2 0 255 185 255 0 227 255
    233 0 255 0 255 204 255 255 0 0 255 255 255 0 37 0 163 0 255 59 181
    137 0 0 255 221 148 255 255 0 0 0 0 255 255 255 255 0 66 0 255 103
    255 119 178 57 86 255 0 0 0 255 0 255 255 255 0 0 76 255 255 116 0 0
    0 0 0 255 255 255 0 255 24 255 0 255 0 255 0 7 0 255 0 255 0 255 0
    193 0 255 0 0 0 0 232 255 255 255 2 0 79 255 255 0 89 0 0 255 241
    162 69 255 255 255 255 255 255 0 0 255 207 255 178 0 0 231 255 0 0 0
    255 43 255 0 255 0 255 0 255 255 207 218 228 255 78 255 0 0 255 86
    222 89 255 153 0 0 255 85 0 0 0 255 158 255 191 255 255 0 0 0 255
    255 30 0 0 255 255 255 194 28 0 126 0 220 255 0 255 0 255 255 255
    255 0 0 0 0 0 88 235 255 0 0 87 0 0 255 255 255 255 255 0 0 0 0 0
    255 0 255 0 204 255 0 255 0 255 0 0 0 255 0 255 0 255 0 209 0 255
    145 255 122 255 0 64 255 0 76 103 255 6 41 0 255 0 0 0 95 255 0 187
    0 255 255 255 20 0 0 0 0 61 254 0 0 255 0 0 0 255 96 0 0 75 255 165
    255 0 0 0 255 251 200 131 0 255 255 18 0 3 255 255 66 255 255 255 0
    0 0 0 255 199 96 61 255 0 160 0 147 0 0 255 155 255 0 0 255 255 51
    255 0 255 255 255 255 207 255 0 255 0 255 255 255 248 0 0 0 255 0
    255 210 0 0 0 255 255 0 255 0 0 0 255 0 73 255 255 166 255 255 255 0
    6 0 255 255 103 255 0 0 0 95 0 255 255 254 255 0 0 0 255 90 74 0 24
    255 255 255 0 255 255 52 0 0 255 0 255 255 255 255 0 225 0 0 255 245
    33 43 0 255 0 199 255 0 255 0 255 0 255 255 255 0 190 255 255 0 32 0
    100 255 90 255 255 0 255 255 66 0 0 11 255 0 0 41 255 255 255 255 0
    0 0 255 0 255 0 255 255 184 255 255 49 0 255 255 255 14 0 0 41 255 0
    129 255 255 0 126 0 113 255 200 255 0 255 230 255 0 182 255 0 34 0
    255 16 255 0 151 255 255 156 0 20 0 255 0 135 0 226 0 115 0 255 0
    133 0 174 0 255 0 255 0 255 0 255 255 255 255 0 255 255 206 255 0 0
    0 244 255 255 255 167 0 0 0 71 255 0 0 0 255 0 255 0 255 0 255 0 0 0
    255 255 0 0 255 255 255 255 0 255 0 0 0 255 0 255 0 0 0 0 255 255
    255 0 255 255 255 0 0 255 255 0 255 0 255 0 255 12 53 0 0 255 255
    255 255 0 56 0 0 255 252 204 81 0 0 255 255 255 0 255 0 0 0 255 255
    255 0 0 241 255 24 255 255 0 0 0 255 255 255 255 0 255 0 0 125 255
    255 152 255 255 0 0 0 255 255 0 181 255 255 255 0 25 0 0 125 0 255 0
    0 0 80 255 0 255 255 255 186 0 0 0 255 255 0 255 255 255 255 55 255
    0 255 255 255 0 0 245 255 255 255 255 0 255 0 0 0 255 255 255 0 0
    255 0 255 0 0 65 0 255 0 255 255 255 49 0 0 32 255 255 143 0 0 255
    232 255 0 170 30 255 255 16 255 0 172 0 255 0 255 255 0 0 245 255
    157 0 255 134 0 255 7 255 0 229 0 86 101 81 116 255 90 0 0 255 255
    255 0 255 102 255 0 0 120 0 255 0 255 34 255 255 0 0 0 0 220 255 244
    13 214 0 0 0 255 103 249 255 0 229 113 255 0 192 255 216 60 98 0 255
    255 255 255 0 255 0 255 255 0 0 0 255 0 255 255 255 0 0 0 255 0 255
    255 255 0 255 0 255 255 255 60 85 0 255 217 255 0 25 0 255 0 255 0
    194 0 0 0 0 255 0 0 0 215 75 230 255 0 255 0 255 255 255 0 248 255
    255 0 0 0 255 255 0 11 57 0 0 255 255 0 0 0 0 255 116 255 0 0 0 255
    255 0 0 0 255 255 255 255 0 173 255 255 156 0 86 255 0 0 0 255 255
    255 255 0 0 0 255 31 0 0 255 255 0 255 0 0 86 255 0 0 0 255 74 255
    30 255 0 255 0 0 0 255 255 0 0 0 118 255 255 0 215 255 255 0 0 0 255
    255 255 0 0 0 0 255 255 255 13 0 255 255 124 255 255 64 255 0 250
    255 0 255 0 255 0 255 235 255 204 148 0 13 84 255 0 0 255 255 255 0
    163 0 0 229 255 255 255 0 255 171 203 236 255 255 71 255 255 255 0 0
    255 0 255 0 0 0 255 255 255 0 255 0 25 0 179 255 255 255 0 0 67 0 0
    0 10 0 255 0 255 0 0 0 0 71 0 255 50 255 255 0 255 94 255 0 0 0 0
    255 255 255 0 255 255 255 255 0 0 206 13 255 43 0 0 0 255 255 255 64
    0 0 0 255 0 255 255 255 0 241 255 29 255 0 255 207 153 0 0 0 255 255
    0 0 255 255 255 0 0 0 255 0 18 255 255 0 255 0 0 0 255 255 255 0 1
    218 0 0 183 255 255 0 255 255 0 0 0 0 255 0 255 255 255 255 0 255 0
    255 0 255 0 0 0 255 255 89 0 0 255 255 0 0 0 255 0 88 255 255 187 70
    94 0 0 216 0 190 0 206 6 0 112 0 255 0 0 13 255 255 255 187 0 0 255
    255 0 0 0 0 255 255 255 255 0 255 255 0 0 255 255 0 0 255 0 0 114
    219 170 255 255 0 244 255 255 255 0 0 255 0 255 109 255 255 222 0 0
    255 0 0 238 0 255 255 255 33 255 255 93 0 77 0 255 255 11 0 0 255
    255 88 0 255 0 255 255 192 255 255 0 0 0 255 255 0 135 0 255 0 0 0
    207 255 0 255 255 255 0 154 0 45 255 255 255 255 255 9 255 255 0 255
    255 0 0 27 0 255 0 255 0 255 0 255 0 255 0 255 26 255 0 90 255 0 41
    255 214 255 255 255 255 255 0 0 255 0 255 255 255 0 0 0 0 255 0 19 0
    40 255 255 0 36 0 255 255 0 255 0 255 255 0 0 255 255 255 75 250 0
    255 255 0 0 0 0 122 0 0 255 107 255 0 255 0 86 23 255 255 158 255 0
    255 255 255 0 0 0 85 9 0 0 0 255 255 40 0 255 255 0 0 0 56 0 255 255
    255 0 255 0 255 255 255 0 0 0 48 0 0 0 255 0 255 0 255 255 5 0 0 242
    0 255 135 255 132 0 0 255 255 59 255 143 7 173 0 255 255 255 255 46
    0 0 0 243 255 0 0 255 255 255 0 255 0 20 255 255 255 0 0 131 255 255
    0 0 255 223 255 0 0 151 1 169 0 0 22 255 0 0 255 94 0 0 255 255 0
    255 255 0 0 255 0 255 0 11 255 255 0 0 0 133 0 255 0 102 0 76 0 255
    0 159 0 69 0 0 255 255 0 31 255 255 0 255 115 0 0 57 255 255 255 255
    255 255 0 109 100 255 255 97 255 255 0 0 0 255 255 255 37 0 167 0 0
    255 0 255 0 255 0 0 255 0 255 255 255 255 255 255 0 63 0 255 35 255
    0 255 0 255 255 56 0 0 255 255 255 255 0 72 171 255 255 255 0 0 255
    255 255 0 255 0 0 255 255 0 0 0 255 255 0 255 0 255 0 0 0 0 255 0
    255 0 255 0 0 255 0 0 0 255 255 255 255 255 0 0 147 0 193 255 231
    255 0 102 0 166 10 0 0 255 0 255 0 0 0 255 255 255 255 0 255 0 255 0
    255 255 255 0 0 0 247 117 0 0 255 0 0 255 255 0 255 255 255 255 188
    255 45 0 0 95 144 255 0 0 215 255 0 0 0 27 0 255 1 0 0 255 0 0 0 255
    255 221 255 0 255 255 0 0 0 215 0 255 133 0 0 157 255 255 0 0 255 74
    255 255 255 0 0 0 0 108 255 107 173 0 232 107 231 193 28 255 0 255
    255 255 146 192 255 255 0 0 0 255 255 255 0 0 0 0 0 255 0 255 0 255
    0 255 0 255 34 255 0 255 255 255 255 0 198 0 255 255 7 255 255 255 0
    255 0 255 0 255 0 255 224 255 255 255 255 3 0 0 51 255 255 255 4 124
    0 177 41 0 27 0 55 255 255 255 0 225 0 255 0 10 0 255 0 0 0 0 0 255
    255 205 0 145 255 0 0 182 255 255 200 255 0 255 220 255 0 255 255 0
    255 0 0 0 0 255 251 0 0 255 255 0 0 255 0 255 0 13 255 0 0 33 144
    255 0 164 0 255 255 255 255 255 0 0 255 16 255 0 0 6 255 230 49 0
    255 0 255 0 255 0 255 255 255 255 0 255 0 0 0 255 173 255 255 0 0 0
    152 255 255 0 128 0 255 10 255 0 255 28 255 0 206 255 255 93 255 121
    0 0 0 161 255 255 255 174 0 255 0 255 255 120 255 255 0 255 0 0 141
    255 156 0 255 255 0 0 251 0 255 97 173 0 0 0 27 255 0 255 254 188 0
    0 0 255 255 213 0 0 0 255 79 255 0 170 255 0 0 0 0 255 255 255 255
    255 114 38 0 0 185 0 122 0 255 44 0 0 88 255 255 0 0 255 228 0 0 0
    255 148 255 0 24 0 255 0 214 255 255 0 0 169 255 0 56 0 255 0 255 0
    0 0 0 0 152 45 255 0 255 0 255 255 255 255 255 0 0 0 93 255 108 255
    255 0 255 255 102 0 16 0 255 255 0 0 0 0 255 40 0 0 154 116 255 0 0
    255 127 0 255 0 0 0 255 255 0 0 0 255 255 0 0 0 0 255 255 185 255 90
    255 0 255 112 165 102 165 0 0 255 0 255 0 255 0 255 0 255 89 255 126
    222 0 208 72 0 255 0 255 255 255 174 0 255 181 87 0 0 0 255 255 255
    0 0 0 255 255 255 253 0 0 0 0 0 116 121 255 14 255 255 0 0 0 255 0
    255 220 255 94 0 0 0 255 163 255 0 0 255 255 255 0 35 255 255 255
    255 0 0 0 255 255 114 0 255 255 0 0 0 178 0 255 255 255 0 0 14 255 0
    154 0 123 255 255 0 0 255 249 0 0 255 255 255 220 0 255 255 78 0 255
    0 255 255 255 0 0 255 255 255 113 0 228 255 0 255 255 0 38 255 255 0
    255 35 0 255 255 255 255 236 0 223 255 255 0 0 255 255 0 0 0 255 255
    255 255 0 0 0 0 0 0 0 255 140 255 0 255 212 255 0 255 0 0 255 242
    255 0 0 0 148 19 239 255 0 255 0 0 182 0 255 0 230 0 255 233 233 0 0
    255 0 0 0 255 0 0 178 0 124 0 112 0 255 237 255 255 7 0 117 0 184
    242 255 0 0 255 0 0 255 255 249 235 0 0 255 0 255 0 255 46 255 255
    255 0 0 0 255 0 209 255 255 255 0 255 117 255 0 0 0 255 0 255 255
    255 255 0 0 0 255 0 255 255 0 255 255 255 0 232 0 255 255 255 255 0
    0 0 100 110 255 224 38 0 136 0 255 59 0 0 0 255 7 255 0 255 0 255
    255 255 0 0 0 191 0 0 255 255 122 255 255 255 0 247 255 255 30 0 255
    0 255 0 255 255 255 255 220 255 0 255 168 236 0 0 255 0 255 0 255 0
    255 255 255 0 0 255 255 130 0 0 0 255 0 255 0 255 0 255 0 36 255 255
    0 255 0 235 0 0 255 255 255 255 255 137 0 0 0 0 184 255 0 255 0 0 0
    255 255 147 0 255 0 255 0 255 0 0 255 255 0 0 0 255 255 75 255 0 0
    255 0 0 0 255 255 255 0 251 255 255 0 0 0 255 255 245 132 38 0 255 0
    52 0 120 0 208 93 255 0 0 255 0 139 0 0 0 255 100 255 255 192 0 0
    255 255 0 0 255 149 0 0 243 255 255 255 0 114 0 255 0 0 255 0 255
    255 233 131 0 0 8 255 255 111 0 255 255 113 0 255 255 0 0 163 255
    185 255 0 255 0 255 255 255 0 0 0 0 244 255 135 0 82 255 0 255 0 255
    0 0 255 0 255 228 255 255 0 135 255 255 255 0 255 0 255 0 0 0 0 255
    255 255 0 149 0 78 255 255 255 0 70 255 255 0 255 255 255 0 255 0
    255 0 255 0 0 0 255 0 0 39 255 255 248 255 0 0 0 255 0 255 255 87
    119 0 219 49 255 0 25 0 255 255 255 0 0 0 255 255 255 255 0 255 0
    255 0 204 255 62 0 17 167 255 255 255 0 0 0 0 0 255 255 255 255 0 90
    214 99 0 255 255 0 0 0 255 0 235 0 255 0 255 0 249 0 255 255 0 81 0
    255 255 0 0 0 255 255 255 255 175 0 0 72 195 255 0 255 0 0 0 0 255
    17 255 0 160 157 255 79 0 0 255 146 0 0 255 255 0 0 0 255 0 0 59 0
    227 0 0 0 255 255 6 0 0 255 94 255 0 183 0 232 0 94 0 255 0 255 255
    131 138 0 255 255 0 47 255 0 83 226 13 0 179 255 120 0 0 58 102 74
    255 255 68 0 255 0 0 255 0 255 0 242 0 255 0 255 0 149 0 255 255 255
    255 147 0 255 0 96 0 255 0 0 73 0 0 0 255 253 255 0 255 0 255 255
    255 128 255 239 255 0 28 0 255 0 0 0 0 228 255 255 255 0 190 255 255
    255 0 0 23 255 255 71 255 0 255 255 255 110 255 0 255 255 127 153 0
    0 0 58 0 0 0 248 255 255 129 166 0 226 255 255 0 0 0 0 185 255 255 0
    255 255 115 0 0 255 0 160 0 255 255 255 255 0 0 0 95 0 58 255 255 0
    0 233 172 255 0 123 58 73 0 255 255 0 0 0 255 255 255 0 230 0 0 0 0
    191 0 0 0 0 0 0 0 255 255 191 0 255 0 255 28 255 241 255 0 52 0 197
    255 251 240 0 0 76 0 255 255 189 0 0 0 129 0 255 31 0 0 255 0 255
    184 208 98 0 186 255 255 255 69 255 255 255 0 255 0 255 255 255 255
    0 0 255 255 255 0 0 255 102 255 255 255 0 0 0 205 255 255 0 255 255
    0 0 255 109 255 255 183 0 255 255 105 0 0 255 0 158 0 255 0 211 0
    255 223 0 0 255 135 255 46 75 0 255 0 255 0 255 0 255 0 255 0 108 0
    255 0 255 0 255 0 0 71 0 146 0 255 141 255 130 255 0 0 0 0 255 202
    255 255 255 0 231 0 255 0 0 14 255 0 255 0 99 255 0 0 0 255 255 0 0
    49 255 85 255 0 85 0 75 0 255 255 255 0 0 255 0 0 255 6 186 0 255 0
    18 0 0 142 0 255 255 0 19 255 29 2 0 255 125 0 255 0 255 255 255 255
    0 0 172 255 255 0 0 255 255 0 0 0 255 223 209 0 219 0 255 111 255 0
    0 255 78 255 0 0 0 255 0 255 255 255 0 0 91 255 255 255 255 58 177 0
    191 0 255 0 255 0 255 0 0 0 255 255 255 0 0 105 255 175 255 0 255 0
    255 255 255 0 255 0 255 0 0 0 0 255 255 255 0 255 0 255 0 255 0 0 0
    113 0 255 0 0 255 255 0 0 175 0 0 255 255 111 255 0 255 255 0 0 124
    255 255 0 194 255 255 255 255 0 0 255 0 39 0 255 0 0 255 255 201 0
    255 255 255 255 255 37 0 0 255 255 255 8 255 255 230 255 0 0 255 255
    0 0 255 0 255 97 0 0 255 116 26 0 255 255 255 0 255 0 255 255 0 0 87
    255 135 255 255 255 0 0 0 0 0 0 255 0 0 0 0 255 255 255 137 0 255 0
    255 0 255 0 255 0 149 255 255 0 0 0 255 0 255 255 255 255 0 0 0 0
    255 0 255 255 255 255 255 255 255 0 177 0 255 0 84 255 255 0 93 0 0
    66 255 255 0 0 0 85 0 26 163 255 0 0 0 255 0 0 0 255 255 255 0 255
    38 255 0 255 0 174 255 0 0 0 149 0 255 255 0 255 0 255 0 0 198 255
    104 0 0 248 139 255 196 0 0 0 248 116 255 0 11 255 255 0 80 255 255
    255 0 255 0 255 255 208 0 255 196 0 0 255 255 255 0 0 0 255 255 106
    0 0 255 0 0 255 255 51 0 255 0 0 0 255 10 255 0 255 0 249 0 255 185
    0 255 0 255 0 255 122 0 10 0 255 255 255 0 0 255 255 255 255 118 255
    0 206 255 0 255 0 0 0 0 255 255 0 255 0 0 6 255 255 0 0 255 255 255
    0 0 0 0 255 0 0 255 255 255 0 0 191 255 0 0 0 255 255 96 83 0 203 0
    255 0 255 69 0 255 0 215 0 255 216 255 255 255 255 0 0 255 255 255
    255 255 70 0 0 255 0 255 255 0 120 233 255 255 143 0 0 255 255 255 0
    0 255 0 255 0 73 0 255 0 36 0 9 43 255 0 255 0 255 0 37 158 255 255
    255 255 255 255 0 255 186 0 255 162 255 255 0 255 0 255 0 255 0 255
    0 255 0 0 0 40 0 255 255 255 0 0 0 0 0 42 255 0 217 8 255 255 0 81 0
    0 0 255 255 105 255 0 255 0 255 0 255 255 0 0 0 61 255 255 0 0 206 0
    255 255 255 255 18 0 255 0 255 0 0 113 0 255 255 27 195 0 106 0 255
    255 0 171 255 170 30 154 0 134 0 255 0 255 114 255 255 0 255 0 0 0
    255 255 0 255 0 50 0 255 59 228 13 0 0 0 255 0 255 0 0 15 0 255 255
    29 0 0 0 0 0 255 0 0 0 210 255 255 198 0 0 255 0 0 255 0 255 219 255
    0 0 234 0 0 255 255 255 0 255 255 255 0 255 255 0 255 0 255 0 230
    160 202 1 255 0 255 0 255 255 255 0 255 0 0 224 255 255 0 255 0 255
    255 0 4 78 255 255 255 0 0 0 255 0 255 0 255 255 0 255 255 91 0 255
    0 255 0 214 255 255 89 0 0 63 255 255 0 0 255 140 0 255 29 255 255
    255 255 255 135 0 0 0 0 255 0 255 255 223 255 0 0 0 255 255 0 0 0 0
    255 0 255 255 0 0 23 255 0 0 255 206 255 0 0 95 186 129 98 255 255 0
    255 0 255 255 108 143 255 255 0 183 255 0 0 0 255 246 106 0 0 0 255
    255 95 255 0 255 0 255 44 0 0 0 255 0 255 0 0 0 0 255 255 0 0 0 255
    250 77 0 255 255 0 255 0 255 255 0 0 0 0 255 255 0 7 0 0 93 255 255
    0 255 255 0 0 255 255 255 0 81 0 0 255 255 50 0 255 255 255 0 255 0
    255 0 255 0 255 0 0 255 255 255 255 0 0 0 0 249 255 177 0 250 16 255
    0 0 0 0 255 200 255 0 255 0 0 0 255 255 221 0 0 203 0 88 199 4 0 232
    255 255 255 0 0 0 46 255 255 36 255 255 0 0 255 255 0 0 0 255 0 255
    16 255 255 108 0 255 0 255 0 255 0 255 255 255 140 0 15 0 0 0 255
    255 255 0 0 0 30 255 255 184 0 219 255 0 255 255 255 0 255 0 0 255
    58 255 0 0 0 255 255 96 0 0 0 255 0 0 165 255 255 255 0 255 0 18 0 0
    162 37 0 255 255 0 0 0 255 104 90 0 136 186 255 87 255 255 255 255 0
    54 255 180 255 255 255 0 0 119 86 255 0 255 0 0 0 255 0 255 200 255
    87 0 119 255 0 255 0 255 155 255 0 255 255 0 0 255 246 0 255 107 255
    0 195 0 0 255 0 255 255 215 241 0 255 149 0 0 35 0 0 255 0 247 0 245
    0 255 255 81 0 255 255 255 255 255 84 0 0 31 255 255 255 255 0 61 80
    0 0 255 255 255 255 0 255 0 255 253 0 255 0 255 255 0 0 0 0 26 0 255
    0 0 0 255 21 255 0 255 179 255 0 186 0 255 0 0 0 229 255 255 255 255
    102 0 60 105 255 0 201 218 255 0 0 0 255 0 255 0 42 0 255 255 0 255
    0 255 41 255 0 0 0 242 255 255 236 255 0 255 0 255 0 255 0 255 0 0 0
    255 0 255 255 151 0 255 0 0 0 0 255 255 255 0 0 0 0 0 0 255 35 0 255
    0 0 0 0 255 255 255 0 255 0 157 0 255 255 0 0 0 255 252 0 255 0 255
    54 255 0 0 255 255 0 153 31 255 0 0 255 255 255 0 0 0 255 222 255
    255 255 0 0 0 255 0 168 255 238 199 52 0 0 255 255 161 200 255 0 0 0
    72 255 255 0 154 0 255 0 255 0 255 0 255 255 255 138 0 0 255 31 58
    255 0 120 0 255 255 255 0 255 255 255 142 0 0 255 233 0 0 0 255 67 0
    0 0 255 0 255 255 0 198 57 51 0 0 255 0 255 255 0 255 255 255 0 0 0
    255 255 0 0 0 255 37 0 0 255 0 255 255 255 255 255 0 101 255 255 255
    0 217 0 255 0 0 0 65 255 0 0 0 255 255 255 0 0 255 55 255 0 0 48 255
    116 255 0 0 0 255 255 255 0 0 0 255 255 255 77 255 255 0 0 0 255 0
    44 0 255 255 255 255 0 0 255 255 0 255 0 0 0 180 255 255 0 255 255
    255 34 0 255 255 255 144 0 255 49 0 0 255 255 255 255 0 185 182 218
    0 0 252 255 255 0 235 255 249 0 160 149 0 136 175 0 0 0 111 255 0
    255 33 244 0 255 255 255 255 255 0 183 255 255 0 0 255 255 0 0 79
    255 255 113 255 0 0 255 255 255 0 255 0 255 0 0 203 255 255 0 255 0
    255 0 255 255 255 119 189 255 0 0 52 54 255 45 255 0 255 0 0 198 255
    0 0 240 0 0 64 0 255 255 93 0 0 255 255 0 255 255 0 255 255 255 151
    61 0 120 255 255 255 255 255 0 0 255 255 127 255 255 0 0 0 255 255
    211 0 226 246 255 255 0 255 123 0 0 0 255 255 0 0 255 255 0 255 255
    255 255 0 255 0 4 180 0 255 0 255 255 255 255 241 0 0 0 0 255 255
    255 0 79 29 50 190 95 0 255 255 2 0 255 6 255 255 0 0 255 55 255 0
    255 255 255 0 0 0 255 255 255 0 0 255 255 132 0 255 255 198 0 118
    115 211 0 0 255 255 255 255 255 0 0 0 155 255 255 0 0 255 255 85 236
    0 122 215 255 0 99 0 255 0 255 255 2 255 0 255 255 0 250 255 0 255
    255 10 0 0 37 0 0 255 0 255 255 0 0 0 164 255 255 0 165 0 255 83 255
    0 255 255 0 255 107 255 8 177 0 0 85 0 255 0 0 0 39 134 255 0 255
    255 0 0 255 255 0 0 126 39 255 255 0 255 198 80 0 255 22 154 0 255
    164 255 255 255 255 255 0 0 0 255 111 0 255 0 154 0 0 255 255 255 0
    255 53 0 255 180 255 255 0 0 0 0 255 0 255 0 255 0 0 0 34 0 255 255
    0 255 255 0 255 49 200 245 0 75 255 255 255 0 255 255 255 0 255 255
    204 0 0 251 194 0 70 255 255 0 255 0 255 204 63 255 255 218 0 0 0 31
    255 255 240 142 0 226 0 80 94 255 0 0 61 255 255 255 255 0 0 0 255
    255 165 0 255 0 255 255 104 0 226 0 255 255 96 255 255 129 0 125 66
    0 0 255 79 255 255 255 150 0 255 0 0 0 0 26 255 255 186 0 157 255 0
    255 255 255 255 255 255 0 255 68 255 255 0 0 2 82 0 0 0 0 255 228
    255 255 189 0 255 0 255 255 0 0 0 0 255 0 255 30 255 111 102 87 135
    255 214 0 255 0 255 0 0 160 255 0 255 0 255 255 255 0 0 255 255 0
    220 255 255 0 0 0 255 0 255 0 255 255 0 0 0 0 255 63 240 112 255 255
    255 11 188 0 0 0 255 255 7 0 255 255 0 0 131 190 0 255 0 0 0 255 255
    255 255 255 0 97 255 0 255 0 44 0 255 40 255 255 255 0 255 255 255
    255 0 255 0 0 0 252 255 255 255 0 144 190 255 0 139 0 175 182 255
    255 0 0 0 34 139 255 0 255 0 255 0 0 0 255 29 0 245 255 190 0 0 0
    255 255 0 255 0 255 255 255 255 12 0 0 0 255 0 255 255 255 0 0 0 212
    57 255 0 0 0 255 255 255 213 126 255 162 0 255 0 0 0 255 255 255 0
    255 255 255 255 0 255 66 255 0 0 0 0 255 255 0 198 0 255 0 255 0 255
    137 48 0 255 82 255 255 0 0 0 255 255 255 0 49 255 121 255 0 255 0
    255 255 0 0 42 255 255 255 0 0 255 255 0 0 255 255 0 0 0 255 255 0 0
    0 59 255 255 103 0 0 0 0 0 115 0 255 255 0 115 0 0 0 0 255 0 255 0
    255 255 0 201 0 142 0 0 0 9 255 0 255 0 0 0 255 83 255 0 255 0 255 0
    0 0 255 0 255 0 105 14 181 0 255 221 0 255 255 255 0 0 103 255 255
    255 0 0 0 68 9 255 64 255 174 255 255 188 0 0 0 0 0 0 0 255 0 0 63 0
    255 184 255 255 255 202 0 0 255 255 127 76 255 255 255 255 255 0 0
    246 255 0 255 255 164 53 255 0 188 0 154 0 110 147 255 0 0 255 255 0
    0 255 255 0 0 0 255 0 255 0 255 107 0 255 0 255 145 0 157 255 255
    204 0 0 0 0 255 255 0 95 0 0 0 0 0 113 40 255 255 188 0 255 255 255
    255 0 0 205 0 255 0 255 99 255 0 0 0 255 255 0 0 188 17 255 0 255 0
    0 0 212 0 255 255 210 0 0 255 255 0 255 59 255 0 255 3 255 0 0 23
    214 0 0 111 0 255 216 245 0 254 11 12 141 255 182 255 0 255 255 76
    255 255 0 9 0 255 255 229 255 0 118 95 255 0 0 0 255 255 83 0 255
    107 255 0 255 255 255 0 0 0 0 255 64 255 255 0 96 0 255 127 0 255 98
    0 0 255 255 255 0 0 0 0 0 255 255 27 0 255 0 255 0 255 255 10 255
    255 255 255 0 0 255 255 255 255 255 0 0 32 255 30 30 0 255 255 255
    255 111 55 255 0 159 0 255 0 0 0 255 45 103 0 0 13 0 255 255 255 0 0
    0 239 255 0 0 255 255 248 0 138 255 255 0 255 0 160 0 255 255 255
    155 0 0 255 106 0 255 255 255 0 0 0 255 255 255 255 0 0 0 0 255 37 0
    0 169 0 255 0 164 0 0 0 255 255 255 255 255 255 255 0 0 0 0 255 0 0
    0 0 0 0 0 255 77 255 0 0 255 255 0 0 0 255 255 201 255 255 0 0 0 255
    0 255 151 255 0 255 255 0 0 255 255 0 255 0 255 47 125 73 0 74 0 0
    40 255 255 255 255 255 255 0 3 0 255 135 13 118 0 255 0 255 0 255
    255 255 0 255 255 152 0 255 0 255 0 255 255 255 255 0 0 0 255 255
    255 77 255 168 253 0 0 0 224 255 0 0 0 0 255 0 255 160 255 255 0 255
    255 255 0 0 204 0 0 255 255 255 0 0 20 0 255 255 0 184 0 166 255 255
    252 0 0 0 0 0 192 100 255 255 0 255 61 255 0 120 0 255 177 20 0 0
    255 29 0 0 255 255 0 125 34 255 255 0 0 0 28 255 255 255 0 0 255 0
    82 255 255 87 0 0 0 0 194 0 255 44 0 0 0 255 82 47 0 0 36 255 129
    255 84 0 255 197 255 255 255 255 202 255 90 255 0 0 8 255 91 255 255
    0 0 0 38 204 0 255 255 0 0 0 255 0 162 0 255 0 255 255 114 255 255
    227 0 0 255 255 255 255 0 255 0 255 0 255 0 255 202 255 0 0 0 210
    255 202 62 255 255 134 0 0 255 0 255 0 255 0 255 255 72 0 113 255
    255 255 215 0 0 0 209 255 255 255 0 255 30 255 247 255 0 100 255 72
    255 0 0 255 0 255 0 255 0 255 0 255 128 149 0 0 0 0 255 0 255 0 255
    0 0 0 148 255 0 255 255 255 0 0 255 255 90 0 153 252 255 43 0 255
    255 255 0 0 0 0 255 255 0 0 0 32 0 255 0 255 73 255 255 0 0 0 255 14
    0 255 255 0 255 0 255 0 255 247 0 255 255 255 255 0 255 0 255 140 78
    255 0 0 11 255 255 85 133 0 0 35 255 0 62 181 0 111 108 237 255 255
    0 255 0 0 255 0 240 0 255 0 0 255 19 255 234 163 57 0 255 161 255
    255 255 151 0 255 0 255 255 0 5 255 0 255 255 255 104 0 0 0 37 0 0
    255 255 32 0 0 255 0 52 0 0 0 0 0 255 0 255 0 255 0 255 0 255 0 99 0
    255 198 0 255 79 255 0 0 0 255 255 0 255 255 255 126 44 0 0 255 140
    255 0 73 0 0 0 0 0 255 255 255 255 0 0 87 206 255 0 255 186 255 255
    251 255 0 117 0 77 0 0 255 255 0 0 255 255 255 35 50 0 109 0 41 0
    255 255 255 117 9 255 255 0 255 255 255 255 255 255 0 80 255 255 0 0
    0 255 249 0 24 255 255 0 249 255 0 255 146 0 0 255 255 255 0 0 0 255
    255 255 0 0 255 255 255 0 0 0 165 255 255 166 0 0 255 126 255 0 0
    255 177 255 255 55 255 0 0 0 0 255 255 0 0 0 255 255 149 255 0 255
    255 255 51 0 89 162 177 255 0 255 0 255 0 0 0 0 0 51 237 255 112 0 0
    0 255 255 0 191 0 255 41 255 255 0 0 0 255 224 255 0 0 0 255 255 42
    255 125 255 0 0 255 0 255 101 26 0 255 255 255 255 0 0 0 249 255 81
    179 0 255 255 255 0 0 255 255 120 174 12 255 255 0 0 96 0 51 0 255
    255 0 255 0 0 255 135 171 185 255 0 0 255 255 0 169 255 182 255 255
    91 0 146 107 90 0 255 255 255 255 0 177 0 255 0 181 0 255 255 0 0
    255 11 110 255 255 255 97 18 0 0 0 255 255 255 0 53 255 255 0 0 0
    255 0 255 255 255 255 255 0 143 220 255 240 51 255 255 255 0 0 255
    255 12 0 0 0 166 0 255 255 255 88 255 56 255 255 140 219 255 0 0 0
    209 0 0 111 44 255 0 250 0 52 255 255 147 255 181 255 255 0 0 0 0
    255 89 0 0 76 255 0 255 0 0 0 0 255 0 255 0 255 0 255 0 150 255 0
    255 255 0 0 0 151 255 255 0 94 0 226 0 0 12 255 226 0 202 0 0 14 255
    0 249 255 255 136 0 0 0 255 255 255 0 255 0 0 244 175 255 255 253 0
    0 0 0 0 255 148 0 160 255 0 0 0 0 255 138 255 255 0 0 0 0 255 255 0
    0 0 255 255 255 0 0 0 42 255 0 255 0 255 255 125 251 0 0 255 115 0 0
    255 0 255 0 255 255 255 144 255 0 139 0 255 255 45 0 255 0 255 0 54
    0 0 0 250 255 121 249 0 0 0 78 0 215 0 255 0 255 0 255 159 0 255 255
    25 0 255 0 0 40 255 255 0 0 255 255 0 255 255 0 0 255 255 199 0 66 0
    255 255 255 0 0 0 255 0 255 12 255 0 0 0 147 35 255 0 0 255 255 0
    255 0 0 92 255 70 167 41 255 0 255 0 255 255 0 0 255 255 150 255 0
    132 231 255 255 75 0 255 255 255 99 255 0 255 0 0 255 0 255 0 255
    255 255 0 255 0 84 70 198 240 0 0 0 255 24 255 255 0 0 0 255 104 154
    0 255 157 35 0 241 255 33 0 188 227 255 0 255 0 82 110 255 255 255
    255 255 70 0 224 169 255 0 255 0 255 141 255 0 29 0 252 0 16 255 0 0
    255 255 0 0 0 0 255 0 226 191 255 255 0 0 255 255 0 85 255 255 0 255
    0 96 64 0 0 159 195 255 255 0 0 255 0 31 0 0 255 255 0 0 224 228 0 0
    255 0 0 0 0 0 207 255 122 255 0 255 0 255 253 255 255 0 255 255 0 0
    255 0 255 0 0 255 255 243 0 0 255 255 0 0 255 255 255 0 255 255 255
    11 255 0 187 0 169 255 0 255 0 255 183 0 152 107 0 166 0 0 159 16
    255 0 255 255 255 0 234 0 255 0 0 0 255 153 255 0 218 0 255 154 255
    0 255 0 0 0 255 255 0 0 0 255 255 0 0 0 0 255 255 0 0 255 0 255 255
    56 0 0 107 0 255 0 0 255 174 255 0 255 0 255 0 0 0 255 0 0 255 255 0
    0 0 255 65 255 255 0 255 0 255 0 255 0 255 255 193 89 217 255 0 255
    255 0 0 0 200 0 255 255 255 0 255 255 82 0 0 77 255 255 255 0 0 0 0
    0 255 0 255 255 255 0 0 0 255 255 255 0 255 0 0 0 255 255 172 87 0
    255 255 255 0 0 0 0 255 0 255 255 251 0 139 0 255 0 206 255 255 255
    3 41 0 255 255 255 86 255 0 0 0 0 147 209 255 255 255 103 0 102 255
    255 0 0 0 168 89 255 255 0 255 0 0 0 255 255 0 255 0 87 255 0 0 0
    255 0 47 255 255 33 0 255 255 16 255 58 0 0 179 31 255 0 0 0 255 80
    0 255 129 255 0 0 0 255 255 255 0 0 0 0 0 255 8 0 0 40 0 0 3 0 0 222
    121 255 255 255 255 0 0 0 255 255 0 0 255 255 255 0 0 182 255 255 0
    241 27 53 114 180 123 0 0 0 44 255 0 78 0 255 112 255 27 255 255 255
    255 159 0 255 0 2 255 0 0 105 218 33 39 0 0 255 255 0 255 151 22 0 0
    0 255 255 255 255 0 0 0 0 0 255 255 255 255 255 255 255 0 0 255 255
    108 0 31 255 255 255 255 0 0 255 255 0 0 156 0 255 255 255 0 0 0 255
    255 255 255 147 0 0 255 255 0 232 255 255 0 255 0 255 255 255 0 0
    118 255 0 0 0 64 159 255 255 255 105 129 0 220 255 0 255 255 0 236
    255 58 0 0 255 255 0 255 105 255 0 255 0 255 255 211 0 255 197 232 0
    255 0 55 255 0 255 255 255 0 199 255 0 255 0 255 255 255 63 213 73
    35 121 0 255 241 255 0 0 0 0 255 255 120 255 255 255 179 204 255 0
    114 0 255 255 118 255 247 69 255 0 255 255 78 0 251 255 255 0 116
    111 0 255 255 0 255 0 255 53 255 0 255 255 255 0 0 255 255 255 0 0 0
    255 0 184 0 255 0 0 255 0 0 0 242 0 0 255 0 255 0 0 0 255 254 255 23
    151 0 0 255 64 0 255 255 255 0 0 0 255 255 255 0 0 205 255 242 0 255
    0 255 255 0 194 0 0 0 255 255 165 0 193 255 255 6 191 0 255 0 255 0
    0 0 255 255 133 30 65 0 0 255 0 255 0 0 0 168 0 255 255 255 36 255
    250 0 0 0 247 255 255 255 0 0 60 255 255 23 255 255 0 0 255 36 255 0
    255 0 255 255 255 106 156 0 0 0 72 255 0 147 0 61 0 153 49 255 255
    255 255 255 255 0 0 0 0 16 255 0 13 255 0 255 0 6 0 174 255 255 0
    255 0 0 0 255 255 255 56 0 255 255 122 12 0 0 255 255 255 0 49 0 165
    255 157 0 97 0 255 21 52 255 0 255 255 16 0 0 0 255 255 255 255 255
    0 0 255 255 201 0 0 255 0 255 0 0 255 255 255 110 232 255 0 0 0 255
    0 131 0 255 0 205 255 255 0 0 67 226 236 0 255 0 0 0 255 255 103 195
    0 0 255 0 0 0 255 0 255 0 86 217 0 0 140 0 0 0 0 255 75 0 245 255
    255 255 0 129 0 158 75 0 255 255 255 255 0 65 255 0 0 0 0 255 255
    255 255 255 0 0 0 255 255 0 255 0 0 255 255 255 0 255 255 255 255
    255 0 0 255 32 255 58 0 255 255 255 0 0 109 0 255 0 255 143 0 0 0
    255 172 225 0 255 255 107 0 0 255 255 255 0 0 0 255 88 113 92 0 0
    255 132 157 0 0 78 255 255 0 255 0 255 255 255 0 255 0 0 0 255 0 0 0
    255 255 0 255 255 255 0 255 90 255 255 255 255 0 0 236 255 0 0 255 0
    0 255 0 0 0 0 255 114 255 0 255 0 0 0 2 255 255 140 0 141 0 255 0
    255 0 255 117 255 0 0 0 102 255 255 0 0 0 255 255 159 0 255 255 255
    135 0 0 0 82 0 59 0 166 0 255 234 255 255 255 0 0 255 255 122 0 255
    0 255 54 255 255 45 0 157 255 255 62 0 255 255 7 189 122 0 57 83 255
    177 255 255 0 255 0 255 255 255 0 0 10 0 255 255 211 0 255 0 0 255
    255 255 255 22 0 0 255 255 0 0 255 255 255 254 255 0 0 0 0 0 255 255
    255 255 0 24 255 255 0 0 0 0 233 255 255 255 0 255 255 255 89 0 72
    255 0 255 0 223 255 0 255 0 127 0 255 0 0 0 0 255 255 0 0 0 255 194
    255 0 255 255 0 147 40 0 68 255 255 0 0 0 169 0 255 197 255 0 0 0 0
    77 90 255 58 255 0 255 0 0 169 255 255 255 0 0 19 0 160 255 136 188
    32 255 0 255 255 255 194 0 0 0 255 0 0 0 255 255 27 0 255 0 99 0 255
    0 255 0 255 255 229 0 0 255 255 255 255 0 255 0 255 80 255 0 255 0
    145 255 0 0 255 44 255 255 255 0 0 255 254 0 0 255 0 0 0 255 203 48
    255 0 0 0 237 0 224 255 255 15 255 0 0 255 255 255 0 0 156 0 0 0 0
    255 0 255 0 255 60 255 123 255 255 0 0 255 78 131 255 255 255 0 0 0
    0 255 255 0 105 0 255 0 255 255 0 0 0 4 255 255 0 0 0 137 0 255 255
    255 0 0 255 255 255 0 0 80 0 0 255 193 0 0 255 255 236 216 0 255 255
    255 255 29 0 0 0 0 255 255 255 0 255 0 0 0 0 255 0 23 255 0 0 255
    255 255 0 255 0 255 0 255 255 255 0 0 255 217 255 0 0 0 255 255 0 0
    0 255 0 134 0 255 0 255 0 121 255 0 255 255 0 0 0 255 0 0 53 255 255
    0 0 111 255 255 0 255 255 255 0 0 255 0 214 0 255 0 255 178 0 0 255
    204 255 255 255 0 0 0 0 255 255 255 255 0 0 184 100 0 255 255 0 255
    255 255 255 25 0 0 0 255 255 179 0 0 42 0 255 255 255 0 0 0 255 66
    255 0 191 0 119 22 255 0 0 73 255 255 149 0 255 255 255 255 0 166 0
    255 208 255 255 26 140 255 0 255 0 255 39 0 0 37 255 0 0 255 0 255
    255 255 255 0 255 255 0 0 0 0 255 158 0 255 0 255 255 255 0 254 0
    255 0 255 0 255 0 255 0 255 255 255 255 0 255 248 255 0 0 255 0 195
    255 255 0 0 255 0 243 0 255 0 233 0 255 0 255 0 206 255 255 255 14 0
    0 255 255 255 255 0 0 93 255 0 0 255 0 255 255 28 0 0 159 0 255 201
    255 0 255 255 155 0 255 255 0 0 255 255 134 0 255 55 36 0 0 255 255
    255 70 255 0 255 242 255 0 255 255 255 255 255 0 255 94 255 218 0
    255 176 189 0 255 247 0 0 0 255 60 255 223 200 255 0 0 0 158 226 105
    247 50 255 148 255 181 0 222 0 0 0 187 60 255 0 199 210 0 0 140 0
    255 0 255 204 0 0 255 205 255 17 255 255 0 0 255 236 255 0 255 255
    150 0 222 9 148 0 255 255 227 255 255 255 23 255 0 255 0 73 0 0 0
    255 255 0 0 255 255 75 255 255 25 255 0 0 1 0 0 255 218 0 0 0 255 0
    255 244 255 255 0 0 0 222 255 255 255 0 255 0 0 0 255 255 255 255 0
    255 0 0 0 0 255 255 255 0 74 168 255 255 0 0 255 255 255 0 255 0 42
    255 255 255 0 255 255 0 0 0 0 255 255 104 0 0 0 255 0 255 0 0 0 255
    255 255 114 255 0 255 0 0 0 255 0 255 255 0 255 0 255 0 255 103 255
    255 255 250 9 0 0 0 217 255 255 0 0 255 0 255 56 0 255 0 255 248 0 0
    0 0 0 0 255 255 0 0 0 255 255 0 0 109 255 255 124 38 164 0 0 0 0 255
    255 255 0 0 0 255 255 255 255 130 255 0 0 255 255 255 0 0 255 157
    240 188 0 255 163 255 0 252 255 108 0 255 255 0 32 255 0 0 0 255 0 0
    67 255 147 254 0 255 0 0 255 255 255 0 0 255 31 0 0 0 255 0 0 0 255
    255 0 255 0 0 0 145 0 255 191 182 255 102 255 0 0 18 98 255 8 0 208
    255 255 225 0 0 253 255 0 0 0 125 255 255 255 0 255 223 255 0 88 255
    0 255 0 0 0 255 0 255 255 255 255 255 151 0 255 109 255 255 255 255
    255 255 255 0 255 255 0 0 255 255 255 255 213 219 0 255 255 127 255
    0 0 0 255 0 0 0 255 0 0 255 0 255 255 255 97 0 0 17 43 0 0 255 255
    255 243 0 255 255 0 224 0 0 191 117 255 255 0 0 0 0 0 0 255 0 0 201
    255 144 0 0 255 255 255 0 0 0 0 0 255 255 255 0 0 5 255 0 255 255
    255 255 0 0 0 255 0 255 255 202 105 0 0 0 0 0 255 0 0 0 255 255 23 0
    95 102 134 0 255 255 255 0 255 0 217 0 0 0 201 0 255 88 0 0 0 255 0
    0 183 23 255 0 255 255 230 255 0 0 140 0 48 2 255 0 73 0 0 255 255 0
    0 0 255 255 0 0 0 255 255 255 0 0 0 0 255 0 59 0 255 255 54 0 0 125
    0 0 0 255 77 255 0 255 0 0 155 255 255 0 226 255 255 255 0 0 0 255 0
    255 0 127 255 255 0 0 58 1 255 0 255 255 0 0 255 255 255 157 0 184
    255 255 255 151 255 0 86 129 255 0 255 122 255 0 255 255 234 255 0
    255 132 39 255 30 0 255 255 233 0 0 0 255 255 255 0 0 104 255 0 146
    255 0 255 0 4 0 255 0 255 0 142 255 0 255 255 245 0 214 255 255 255
    0 0 255 0 255 0 255 255 0 185 0 255 255 0 123 26 20 0 255 156 255 0
    0 255 255 244 0 255 0 0 255 255 0 60 219 255 255 0 213 255 170 255
    255 255 255 161 23 0 255 62 255 0 0 0 255 0 255 255 255 186 255 22 0
    255 0 0 109 0 255 255 255 255 0 255 0 0 0 244 58 0 255 0 255 0 0 0
    255 0 0 0 0 255 255 255 0 0 255 255 165 0 0 0 0 255 255 0 255 0 3
    255 255 0 255 0 103 0 255 0 0 0 255 255 20 0 0 255 255 0 255 148 165
    0 255 170 255 0 190 255 255 255 0 0 230 255 255 0 37 150 255 255 0 0
    255 0 69 0 255 63 255 0 12 0 255 255 80 127 255 255 121 255 0 0 222
    255 255 227 255 190 255 0 255 192 0 0 0 0 255 255 255 165 0 0 0 255
    0 0 0 255 255 0 0 255 255 0 255 0 255 0 42 0 255 255 51 255 24 255
    255 0 0 155 35 0 171 255 211 255 188 0 255 0 255 0 0 255 255 0 0 0
    10 255 0 229 0 255 0 191 0 0 0 0 0 255 0 255 255 249 0 131 0 219 0 0
    255 255 137 80 255 0 255 0 255 255 0 0 255 255 255 255 18 255 0 0
    255 0 255 0 117 255 255 29 0 255 255 0 0 255 255 1 0 255 0 255 255
    147 255 0 86 0 26 255 255 0 0 255 255 255 255 255 0 255 255 255 0
    255 0 0 92 255 255 97 148 20 255 0 0 0 255 97 0 49 80 0 255 255 0 0
    255 0 0 0 255 0 255 0 0 255 255 0 0 169 52 248 15 0 255 0 0 0 0 255
    255 0 1 60 102 234 0 255 243 255 194 0 0 255 0 0 0 0 255 0 255 123
    255 0 255 0 0 0 255 79 0 255 0 0 0 188 255 255 73 255 0 0 0 0 255
    255 255 0 0 0 46 209 232 255 151 255 99 0 0 0 0 255 204 255 0 0 87
    223 255 0 255 0 255 0 0 0 0 255 255 0 240 0 255 0 255 40 251 196 255
    3 0 255 0 0 255 255 255 145 255 0 98 0 255 0 255 0 255 0 0 255 0 0 0
    0 255 0 0 255 255 255 255 138 92 255 0 0 0 31 255 0 0 0 255 0 0 0
    255 0 255 255 188 0 255 88 7 255 255 255 0 0 0 255 0 255 0 255 255
    167 0 255 0 255 210 0 255 0 255 0 255 0 255 255 255 0 255 39 0 0 255
    152 226 0 0 0 0 255 241 255 255 0 0 0 255 255 255 0 0 0 184 255 111
    255 0 255 0 255 255 255 255 0 255 0 255 0 255 0 255 158 255 0 0 255
    94 255 255 0 255 0 0 0 0 255 255 0 255 255 255 0 255 0 255 0 255 255
    255 0 144 0 255 255 255 55 0 255 0 239 255 0 255 255 255 255 168 255
    0 255 0 255 0 255 255 0 0 255 255 255 0 0 112 255 0 0 255 255 255
    255 0 0 0 255 0 0 4 255 142 255 0 0 255 255 0 185 255 255 0 56 255 0
    0 0 0 255 255 255 0 255 255 0 255 0 23 96 0 0 0 255 255 0 46 93 255
    0 255 142 255 0 0 0 255 246 0 8 0 255 214 255 0 0 255 0 255 0 255
    255 0 0 255 74 255 0 0 0 0 147 0 255 0 255 0 74 0 78 0 111 131 255
    255 139 0 0 119 78 255 255 255 0 0 0 0 127 0 0 0 0 255 0 255 98 255
    255 53 0 0 249 255 0 255 149 255 0 151 0 0 255 255 255 0 255 255 255
    0 255 0 187 0 0 255 151 0 255 0 255 0 0 118 255 0 255 255 0 0 0 0 0
    255 0 0 255 0 255 0 255 0 0 0 0 255 55 60 0 255 255 166 0 0 255 255
    0 182 0 255 0 255 0 255 0 255 0 255 255 83 0 255 255 242 0 0 0 255
    255 181 0 0 255 255 255 0 0 255 255 255 255 0 255 255 255 255 0 0 0
    255 255 255 0 255 0 255 255 0 0 5 255 255 0 0 0 195 6 255 0 0 124 60
    255 0 0 0 144 255 199 255 0 0 255 255 84 0 255 0 255 255 255 0 0 255
    255 255 0 34 255 0 0 0 255 0 82 139 193 255 0 32 0 255 0 255 0 0 0
    255 255 0 22 255 255 0 0 211 255 0 0 255 255 255 255 212 0 0 0 0 255
    157 76 0 255 0 255 0 255 255 0 255 0 0 255 0 255 0 239 183 255 0 0
    255 255 255 255 255 0 189 255 0 0 114 0 255 255 255 0 11 0 0 190 255
    255 223 8 0 255 255 255 255 0 60 0 24 255 255 0 0 8 255 255 238 184
    0 255 43 3 0 255 255 255 255 0 255 0 255 255 0 255 0 255 0 0 50 0 0
    0 255 0 90 255 255 0 255 255 255 0 69 0 0 255 49 255 255 0 255 129 0
    0 255 0 220 0 0 0 255 255 0 0 255 255 255 255 28 0 255 161 255 0 255
    0 255 0 255 255 192 0 255 240 0 0 255 255 255 146 255 255 255 222 0
    0 255 255 255 255 0 0 74 0 255 0 75 255 255 0 0 255 255 245 0 255
    255 255 255 0 255 204 255 179 255 0 56 0 255 255 0 171 0 255 0 255 0
    255 6 0 0 0 255 0 255 255 122 255 69 0 233 0 255 0 255 255 255 0 0
    255 255 62 0 0 0 255 255 255 0 0 0 255 255 0 255 0 0 27 248 255 0
    255 0 255 0 88 255 255 255 0 0 255 0 0 0 255 0 255 130 28 0 116 0 0
    255 255 0 0 0 255 39 255 0 107 255 0 255 255 192 0 0 48 255 255 0
    112 0 255 255 255 0 0 0 0 255 87 233 109 0 0 255 0 255 255 7 255 255
    255 103 5 0 0 255 0 0 133 255 0 0 0 255 102 255 0 0 0 0 255 0 255
    255 255 0 178 0 255 29 0 96 0 17 0 255 0 255 0 0 255 25 255 255 255
    0 31 255 0 255 47 255 0 0 0 255 255 255 255 0 155 255 255 0 0 0 65 0
    0 255 0 0 0 255 0 0 0 255 255 18 159 255 255 104 0 0 0 255 0 255 66
    0 226 71 0 0 0 0 255 0 151 0 12 255 0 255 255 124 207 255 0 0 255 0
    37 0 0 0 255 0 214 255 255 0 0 0 226 0 0 217 0 144 0 255 255 0 140
    255 255 0 0 250 255 0 255 0 255 0 255 0 0 0 255 255 0 255 255 144 87
    144 255 190 32 255 34 11 0 0 0 255 255 0 0 0 0 0 0 0 0 255 122 0 0
    255 255 0 0 255 172 255 0 124 112 255 255 255 234 0 0 0 255 255 0 89
    0 255 0 255 0 0 255 169 255 255 4 0 156 0 0 255 50 77 89 103 255 255
    255 0 0 0 255 127 83 255 0 255 255 255 0 0 0 151 0 255 99 255 255 0
    0 255 255 255 255 90 255 0 255 255 255 0 239 0 255 0 35 0 0 255 0 0
    0 255 0 0 255 255 255 0 0 255 255 255 0 0 0 255 0 143 255 233 255 0
    255 255 18 255 255 18 255 0 255 255 0 0 255 249 252 0 255 255 255 0
    0 170 0 255 255 255 76 0 17 255 0 0 0 255 255 0 151 0 255 0 0 0 58
    255 255 0 255 0 255 255 255 6 0 0 255 0 0 0 255 98 255 51 255 255
    255 255 255 0 138 0 255 0 194 0 255 255 0 248 49 0 0 255 255 0 0 174
    0 245 198 255 0 16 255 255 255 0 255 0 255 0 255 255 0 237 255 255
    255 0 255 0 203 0 255 137 131 255 85 255 255 255 0 255 0 255 192 0
    255 0 0 255 255 180 0 255 197 0 0 0 255 0 0 0 255 255 15 90 255 0
    108 255 0 0 0 255 255 0 0 0 255 255 255 255 200 0 255 255 255 0 0
    163 255 255 0 0 0 0 0 255 169 37 0 0 255 0 255 0 0 0 0 130 235 42
    255 0 83 0 14 0 0 0 255 180 118 255 255 0 255 0 188 178 186 255 255
    255 0 243 31 0 0 255 255 0 255 0 255 0 255 0 0 0 255 248 56 0 0 99 0
    43 134 0 255 255 0 0 0 0 255 0 255 150 255 255 0 92 0 255 255 255
    224 255 242 0 255 0 0 0 255 0 0 0 255 0 0 255 255 255 236 0 0 255 0
    255 255 0 255 255 255 0 0 246 0 170 0 255 0 152 0 255 0 0 0 0 255
    255 255 0 64 57 113 0 0 255 0 255 0 134 0 236 255 146 0 195 255 0
    255 255 255 0 255 192 255 0 255 255 0 255 0 255 255 0 140 0 255 0
    255 0 0 0 255 0 199 0 255 47 70 0 255 0 0 0 255 255 255 0 0 0 0 255
    255 0 0 243 0 0 0 255 0 255 0 255 255 255 119 0 0 0 255 0 0 0 255
    255 141 255 0 41 255 39 172 69 10 0 255 255 255 255 255 0 0 0 0 255
    0 255 235 255 0 0 0 255 255 255 0 0 0 255 255 0 255 0 255 255 174
    255 255 0 0 0 255 0 0 58 255 255 0 0 18 255 255 255 255 132 0 0 255
    0 0 0 0 0 0 68 255 0 255 255 255 255 255 0 171 0 0 255 0 0 0 172 255
    255 0 169 255 0 255 0 215 0 224 0 34 255 255 255 0 126 71 255 255
    160 233 0 0 0 0 202 255 0 255 0 255 0 234 0 255 50 0 0 0 0 174 255
    255 255 255 255 255 0 255 255 255 0 0 0 255 255 255 0 0 0 26 0 56
    255 255 36 255 0 0 0 255 217 255 255 115 255 0 0 0 255 0 255 0 0 0 0
    255 255 255 9 255 255 207 0 255 117 255 0 255 198 255 0 255 255 0 0
    255 255 0 0 159 90 0 42 0 227 0 0 255 214 44 160 255 0 255 0 0 255
    255 0 47 255 255 0 255 0 123 16 0 0 0 228 255 255 255 0 255 148 0 0
    255 66 65 0 255 71 255 255 255 0 98 0 255 0 255 255 255 255 0 255 21
    255 255 0 25 0 255 255 0 0 0 255 255 255 0 227 0 255 255 13 61 0 57
    0 0 255 255 116 255 0 0 0 203 255 255 25 0 255 255 0 0 0 31 255 0
    217 0 255 255 255 122 0 0 255 255 255 255 0 0 255 95 255 255 0 44
    245 255 255 255 0 0 0 255 255 255 0 255 0 255 121 255 255 75 0 0 255
    255 255 0 216 255 0 255 255 255 255 0 154 189 0 255 0 0 147 255 119
    255 0 255 0 255 0 195 69 0 0 0 255 190 26 255 30 0 255 255 255 0 0 0
    255 255 255 255 255 0 255 255 43 255 0 255 0 255 51 255 0 255 0 255
    0 255 0 0 255 255 188 0 0 255 0 183 255 255 255 255 222 0 0 0 214
    239 255 225 255 255 0 55 255 16 255 0 0 255 117 255 0 204 255 255 88
    135 255 0 0 57 112 255 255 255 0 76 148 0 0 255 255 0 98 49 0 0 32
    255 99 177 255 0 0 0 255 0 189 0 0 0 0 255 255 255 158 0 255 255 132
    0 0 0 255 255 255 255 0 0 174 91 0 255 0 255 84 255 91 238 255 3 144
    0 0 255 255 255 0 0 95 0 255 55 255 0 255 161 255 0 255 255 0 99 0 0
    134 0 255 255 255 66 0 0 0 255 0 220 255 0 140 0 193 255 255 255 19
    255 255 0 255 0 255 255 0 0 238 0 255 0 255 0 14 0 0 255 40 22 0 0
    52 0 255 0 0 255 255 0 0 255 255 255 5 255 0 255 235 255 255 255 255
    0 25 0 0 64 255 255 255 231 0 0 0 255 255 0 0 255 254 0 255 255 255
    0 0 0 0 255 255 255 0 0 0 0 255 66 128 0 255 255 255 0 0 255 255 0 0
    255 255 0 0 0 255 248 0 104 0 230 0 0 173 0 126 255 173 255 0 255 0
    255 0 255 64 255 0 255 255 28 0 255 0 0 0 255 255 255 0 255 0 0 0
    255 255 49 255 255 255 255 255 255 0 213 0 255 202 255 255 69 0 61 0
    255 255 255 255 255 191 0 255 255 255 0 255 255 163 0 0 20 214 255
    255 0 255 255 255 0 182 0 165 15 23 255 62 255 255 255 0 255 173 255
    28 0 255 119 112 0 10 0 0 255 26 135 255 0 4 0 255 0 0 0 255 0 196
    255 181 255 255 255 0 0 0 255 129 255 0 255 0 0 255 0 255 0 255 255
    255 255 0 96 255 150 41 0 0 0 255 72 255 0 255 0 132 0 255 0 255 0 0
    255 19 0 0 0 255 0 255 0 47 255 0 255 53 255 0 255 255 149 0 255 255
    255 121 0 0 255 9 255 0 9 0 255 255 53 255 0 255 255 45 0 0 255 255
    255 69 0 255 255 255 107 0 0 0 255 0 255 255 0 0 0 255 255 58 0 255
    0 0 0 0 255 255 89 255 255 255 0 0 255 255 255 0 185 61 255 0 0 50 0
    255 0 255 255 255 255 42 214 0 255 21 255 0 0 105 255 255 255 0 63
    242 255 0 0 137 0 158 204 255 255 119 255 67 0 255 0 0 0 70 0 5 199
    255 0 0 0 255 255 255 0 0 0 0 255 255 255 0 0 0 255 255 255 0 0 175
    255 255 199 0 221 255 0 0 0 199 255 0 255 0 0 0 12 255 0 255 120 0 0
    255 10 255 0 255 0 255 255 255 255 0 255 0 255 29 0 0 139 0 255 255
    120 0 0 255 116 0 0 255 0 255 255 255 45 255 0 255 161 0 99 0 0 158
    0 218 255 0 255 145 198 0 255 255 255 0 0 0 7 8 255 255 255 0 230
    144 255 0 255 0 0 0 255 118 0 0 255 0 255 0 0 255 255 255 0 0 255 0
    255 128 255 0 255 0 0 0 60 108 224 255 0 255 0 0 138 255 0 158 0 0
    76 255 255 255 0 0 0 68 192 255 207 9 0 0 255 255 0 145 0 112 15 255
    0 255 0 27 255 255 255 255 0 65 0 0 255 240 255 255 0 0 255 255 0 0
    0 0 0 255 255 241 0 0 255 164 99 0 0 194 255 255 0 255 0 0 0 0 255
    255 255 0 255 0 0 0 255 51 0 0 255 255 255 0 0 0 0 0 255 0 198 0 255
    0 20 92 255 0 0 51 0 16 0 0 255 0 194 252 255 255 255 0 0 0 0 0 255
    255 255 255 0 0 0 240 255 255 255 0 0 0 255 101 0 255 255 255 0 0
    255 255 255 255 255 201 0 0 255 0 255 0 0 123 0 46 255 255 255 55
    138 172 255 0 9 0 255 94 62 0 255 255 0 255 255 117 0 0 47 0 255 0 4
    27 0 0 0 0 255 255 255 0 255 0 255 255 255 0 255 0 86 92 0 140 255
    177 252 30 0 0 0 0 255 255 0 255 255 0 0 255 255 255 0 255 255 255 0
    0 74 225 192 157 0 255 245 255 0 255 255 0 94 0 255 255 255 255 0 0
    0 255 255 0 0 189 0 103 195 255 0 255 228 255 39 126 0 255 0 255 255
    155 0 0 0 255 0 255 0 255 0 255 175 103 0 0 198 255 250 255 255 0 0
    0 0 255 0 255 0 0 255 255 0 255 255 109 0 255 253 255 0 150 0 255
    255 0 0 255 255 0 255 255 0 0 0 255 255 0 0 0 91 255 255 0 0 0 19
    255 255 255 0 255 0 255 0 255 0 0 0 255 52 146 0 255 0 0 245 0 0 71
    255 255 0 31 222 0 0 0 63 0 0 109 0 255 0 71 0 124 255 0 255 255 0 0
    255 78 0 0 255 0 255 0 0 132 255 196 0 255 0 0 255 255 0 0 83 0 0
    143 255 255 33 255 0 51 116 0 0 0 255 0 107 0 255 0 51 255 255 255 0
    255 158 37 0 0 255 255 255 0 255 0 0 255 255 255 0 8 0 18 0 86 255
    255 0 0 0 18 0 255 205 21 255 0 255 0 255 0 255 182 0 0 255 0 0 0 0
    0 255 0 0 0 110 255 82 71 255 255 77 255 12 255 0 49 0 0 255 0 255 0
    255 255 0 255 0 255 0 183 255 227 255 0 0 0 255 190 0 0 0 255 255
    255 255 255 255 0 255 154 255 0 255 0 35 0 0 157 21 255 0 255 0 0 72
    255 92 152 0 255 255 255 255 255 255 0 255 255 255 0 255 255 255 0 0
    73 0 108 12 0 0 255 255 255 0 245 0 255 176 255 0 57 255 0 113 0 255
    255 255 255 255 0 112 0 0 0 0 0 255 255 255 0 0 0 255 136 255 255 73
    0 0 0 0 255 106 0 255 255 255 255 0 255 0 207 0 0 255 25 0 0 255 0
    255 0 3 128 255 255 0 191 0 64 0 0 255 0 116 0 255 255 255 255 255
    40 0 0 0 255 0 135 0 255 0 0 0 255 0 255 255 255 0 57 245 0 255 0
    255 255 0 255 0 255 255 0 4 255 51 153 0 0 255 255 255 255 255 253 0
    0 255 101 0 0 0 0 255 5 255 0 0 0 0 0 255 0 255 0 255 173 142 255 71
    255 0 255 255 255 0 0 52 0 255 107 255 253 0 0 255 255 0 182 0 255
    255 0 0 255 255 96 255 0 255 255 255 0 255 255 0 255 255 0 0 163 255
    255 0 255 165 83 255 0 145 0 255 0 255 0 0 94 90 255 0 255 255 255
    255 255 0 33 0 0 255 255 0 0 255 255 255 223 0 255 216 255 255 155 0
    0 0 0 87 255 255 255 0 0 0 255 182 255 0 0 0 255 255 255 0 157 255
    255 255 0 0 0 232 41 255 222 0 203 0 67 0 255 0 0 0 255 0 0 0 255
    255 0 255 0 255 255 0 0 0 255 255 255 255 90 255 59 255 255 0 0 5 0
    0 255 255 255 118 255 0 255 0 255 255 0 0 0 0 255 165 255 0 255 0 0
    0 85 255 255 236 255 0 255 0 0 102 255 173 0 0 0 255 255 225 255 0 0
    0 27 255 255 255 199 137 255 0 238 255 33 0 255 255 255 178 0 255 0
    0 0 255 255 37 0 0 244 255 255 255 0 0 0 255 169 255 0 0 0 255 255
    255 0 255 0 147 0 255 255 0 32 0 79 0 255 255 38 147 0 71 226 255
    255 255 116 0 0 255 0 255 255 255 255 255 0 0 0 0 0 255 255 39 35 6
    255 139 0 0 0 64 0 255 0 0 255 255 255 255 0 255 0 255 0 0 0 0 45
    255 255 33 255 0 232 255 0 255 61 0 0 0 255 255 0 0 0 255 0 248 219
    164 255 255 255 0 0 168 255 255 171 142 255 0 0 1 132 0 255 255 255
    0 0 255 0 0 255 0 75 255 0 0 255 0 0 0 238 255 0 255 0 0 0 255 84 28
    238 255 255 0 194 0 0 255 0 255 255 255 0 0 192 0 255 255 0 0 0 255
    144 255 255 219 0 0 255 255 255 179 255 255 0 0 255 255 223 0 255 0
    89 12 255 0 0 0 255 159 255 0 255 0 255 0 0 0 120 0 255 0 255 0 0
    255 255 0 0 50 255 0 255 0 0 0 63 41 0 120 0 65 0 255 255 211 0 255
    132 0 245 255 255 255 255 0 0 0 255 238 255 255 255 255 255 255 0 0
    0 0 255 0 228 255 255 0 0 0 255 255 255 0 0 0 255 255 255 255 255
    255 255 0 98 255 255 0 0 0 17 255 255 0 255 0 232 0 255 155 255 255
    255 170 255 255 255 0 0 0 0 255 255 46 0 0 255 255 255 0 0 240 255
    78 0 255 177 153 0 35 255 0 0 255 0 255 255 255 0 255 255 0 255 255
    83 0 255 0 70 255 0 255 0 255 0 53 0 45 0 255 255 34 0 255 0 255 255
    255 0 0 0 255 0 217 253 0 169 160 115 135 255 0 0 0 255 0 243 255 0
    255 248 172 0 255 255 255 104 63 0 0 0 255 0 255 0 255 255 255 255 0
    0 0 255 0 121 0 255 0 255 183 255 0 0 255 255 255 0 0 0 0 143 255
    255 151 0 163 38 66 255 255 255 255 0 255 255 0 0 0 255 255 0 0 0
    255 255 0 0 0 0 0 255 255 255 0 0 0 255 0 255 233 255 255 90 0 0 255
    255 255 0 0 0 255 255 0 255 8 255 0 0 148 255 0 223 255 250 255 0
    255 0 187 255 255 0 0 0 255 137 125 0 255 255 0 0 0 255 255 0 255
    255 255 0 0 0 150 99 93 255 255 255 255 255 0 226 0 0 135 255 255
    255 255 255 0 255 0 0 0 0 255 0 161 0 255 0 0 0 255 255 0 44 0 0 0
    131 255 255 255 255 0 255 255 0 0 0 255 0 60 0 0 55 0 77 255 255 255
    0 0 0 40 0 255 51 255 0 255 0 240 0 0 255 0 255 0 255 7 0 255 0 151
    0 0 0 255 255 207 0 0 0 255 0 255 0 255 0 173 0 255 255 255 0 147
    222 0 255 0 0 255 255 255 0 0 0 255 255 255 0 0 255 255 0 0 255 67 0
    0 0 57 255 255 137 0 255 115 255 0 48 255 255 233 0 252 0 255 255
    255 0 0 0 255 255 255 0 0 255 0 132 255 201 86 0 0 48 0 255 255 255
    105 251 0 255 0 0 255 255 0 255 146 0 0 228 255 255 0 255 255 255 0
    255 0 166 0 255 36 255 0 255 0 255 0 255 0 255 2 244 0 255 112 255
    255 255 0 255 0 167 255 255 0 0 0 255 0 255 90 0 255 255 0 0 255 185
    255 255 255 129 0 0 0 255 0 243 162 0 255 0 255 68 89 0 0 255 195 0
    255 255 234 0 128 0 255 0 185 255 255 73 175 0 255 197 255 0 142 255
    0 0 0 255 255 0 0 0 255 255 0 255 0 0 0 255 255 255 0 75 0 255 255
    142 0 0 0 255 10 255 0 196 255 255 1 0 0 191 255 106 0 0 0 255 0 0
    23 81 255 34 187 255 0 0 0 255 255 119 0 234 255 0 255 19 255 200 0
    81 255 0 76 255 255 255 0 0 16 31 255 255 255 0 0 0 255 0 255 0 0
    255 0 255 0 255 98 0 0 255 0 0 255 255 0 255 255 0 255 0 0 0 0 255
    255 0 0 128 255 0 255 8 255 255 0 0 255 0 255 0 0 0 255 255 50 0 255
    8 0 0 255 182 0 255 0 0 0 255 255 255 255 255 0 255 0 0 255 255 255
    0 0 0 255 159 181 0 255 34 255 255 255 199 0 255 22 255 255 0 91 203
    255 0 255 255 255 0 0 0 255 0 255 243 255 0 255 255 255 156 0 255 0
    0 0 193 255 255 255 135 0 0 0 0 0 255 0 0 255 47 0 0 0 0 34 255 0
    255 0 0 255 250 255 0 255 255 255 0 0 88 255 255 0 255 0 0 20 255
    255 0 0 44 0 0 136 255 0 0 0 255 247 255 255 255 255 36 0 0 255 255
    156 29 255 0 171 0 0 255 255 255 0 255 0 255 0 255 0 255 0 255 255
    37 0 0 0 255 255 255 0 255 56 255 112 255 0 0 0 0 255 0 0 0 255 255
    0 0 255 255 255 0 0 255 185 0 255 13 255 0 0 0 255 0 0 34 0 0 183 69
    0 0 0 255 255 255 0 0 255 255 0 0 215 255 255 255 128 0 67 202 0 0 0
    184 255 255 55 20 0 0 0 0 0 225 0 255 255 139 0 255 86 255 255 255 0
    255 255 255 45 255 255 53 0 255 255 255 0 244 170 0 0 255 255 207
    255 0 135 54 255 0 255 0 255 255 0 255 0 0 0 0 255 255 163 255 255
    255 0 0 0 255 0 255 0 0 0 255 255 0 34 0 255 255 0 0 0 12 255 255
    165 0 0 255 0 207 0 255 255 0 0 0 255 252 255 255 255 77 16 255 255
    255 0 0 0 255 0 255 39 255 0 255 0 255 0 255 0 255 0 172 155 255 255
    0 21 0 255 12 155 0 0 0 211 255 0 0 255 255 0 255 255 5 233 0 0 0
    255 0 84 0 255 204 255 0 177 255 0 0 0 67 0 68 125 255 255 255 255 0
    0 0 55 53 255 0 255 255 0 255 255 255 255 0 119 0 202 0 0 0 255 255
    255 255 255 255 0 255 11 255 0 255 0 255 0 0 0 0 255 0 255 193 143
    228 0 0 255 255 255 0 0 0 255 255 255 255 0 171 0 0 232 255 255 0
    188 0 0 255 255 0 255 0 255 190 0 255 255 255 0 0 128 255 0 255 255
    255 255 0 255 0 255 143 255 255 120 0 0 0 237 0 255 255 0 255 0 255
    110 61 132 0 255 255 255 113 107 231 0 206 255 255 255 216 0 255 0
    255 0 255 255 0 0 255 255 255 255 89 0 52 0 255 255 255 0 0 0 79 0
    255 255 255 11 255 0 0 255 255 255 35 255 0 255 255 255 65 0 0 255 0
    255 0 255 160 35 255 185 255 0 124 255 255 0 0 255 255 0 0 0 26 67
    255 255 255 0 0 0 255 0 0 0 255 164 255 255 0 255 255 255 255 0 90
    255 205 0 255 255 170 255 230 0 212 206 184 255 0 255 0 255 0 255 0
    220 0 0 0 0 254 255 255 255 11 0 209 166 255 255 164 0 0 255 0 0 49
    150 255 27 255 255 255 0 0 0 255 255 0 204 255 255 0 0 227 0 255 193
    255 0 0 0 111 52 0 255 0 255 89 87 254 24 0 255 255 224 255 0 0 0
    255 0 255 0 255 255 158 0 0 115 255 163 255 23 0 0 0 43 97 209 245 0
    255 84 255 255 255 0 0 255 0 60 116 255 255 0 179 0 255 255 188 255
    255 0 0 255 0 0 0 97 255 255 255 255 0 0 0 0 255 254 0 154 0 188 0
    255 255 240 255 255 0 255 126 182 102 255 0 234 171 255 0 0 255 255
    255 0 255 255 0 255 117 172 255 0 0 255 255 0 0 0 255 0 255 255 255
    255 207 0 0 120 0 255 0 255 0 84 0 255 255 142 255 0 0 255 0 255 255
    0 0 0 37 255 0 255 255 255 255 255 0 0 0 154 0 255 0 255 0 255 0 70
    0 255 255 255 0 0 178 255 255 255 255 50 0 0 0 255 255 255 35 255 0
    0 150 0 0 255 255 255 0 255 0 193 0 255 177 28 255 0 111 255 0 255
    52 153 193 0 255 16 255 129 220 138 39 255 0 255 0 255 0 255 0 255
    255 0 0 0 0 0 255 255 0 255 255 255 255 64 0 0 129 0 255 255 0 0 0
    255 0 52 255 132 69 0 0 255 255 255 255 158 255 255 255 255 216 255
    255 0 117 0 255 255 255 0 1 0 255 11 255 255 255 0 0 0 0 0 255 255
    255 0 0 255 255 255 56 99 0 255 102 172 0 0 255 255 0 0 0 255 239
    255 0 255 137 255 93 255 0 0 72 173 5 255 255 0 0 0 208 255 163 0 0
    73 255 255 210 222 255 198 64 0 121 81 0 0 111 5 0 255 255 255 255
    31 0 0 198 11 203 131 255 20 0 0 255 255 255 0 255 254 255 187 115 0
    10 0 160 0 255 255 255 255 196 176 255 0 179 255 255 255 0 255 255
    255 0 0 255 255 255 255 239 255 0 132 0 0 255 82 255 255 255 9 183 0
    0 0 0 255 255 0 0 255 255 22 0 0 0 240 238 162 0 255 255 0 58 255 0
    255 0 255 255 83 255 255 255 0 0 248 255 255 0 0 0 255 0 0 0 255 121
    0 255 0 255 46 0 0 255 70 255 0 255 0 255 32 255 236 0 129 0 255 255
    255 255 255 0 255 255 255 255 0 114 0 255 110 183 23 0 0 255 255 0 0
    255 255 255 0 0 0 255 0 0 0 255 255 0 0 15 255 0 255 255 101 255 255
    167 64 255 217 0 0 0 255 255 255 0 20 255 255 0 77 0 255 67 255 0
    247 255 0 255 7 255 37 79 101 255 0 0 255 159 255 255 0 0 0 236 255
    14 213 0 255 0 255 0 0 0 255 0 0 0 0 0 255 255 255 255 0 146 0 255
    77 0 255 78 255 0 255 0 0 0 0 255 255 255 255 255 76 255 0 255 59 0
    98 0 0 0 0 255 255 255 255 104 11 208 46 42 0 202 0 0 0 255 0 0 24
    165 0 0 0 201 255 255 0 0 255 255 0 200 0 0 0 255 255 255 0 255 135
    255 32 255 0 0 0 0 220 0 255 255 255 0 0 255 152 0 0 255 0 255 0 255
    0 255 0 0 255 255 255 0 255 77 0 0 126 0 0 31 255 0 0 0 255 255 115
    0 0 0 57 0 255 66 0 0 79 255 215 0 0 255 255 119 0 255 0 118 0 255
    170 255 255 0 177 0 255 46 255 33 0 255 255 255 0 255 60 255 0 0 255
    255 0 255 0 255 0 199 0 98 95 0 255 255 255 0 255 150 211 0 255 255
    0 255 0 0 0 255 255 55 114 0 255 0 255 255 196 0 0 152 0 0 26 0 224
    1 255 0 255 0 0 0 255 255 255 145 0 255 255 0 231 223 20 255 0 0 72
    255 236 0 255 0 255 0 166 255 0 255 0 248 255 255 0 0 255 255 255 0
    0 0 255 255 255 255 255 121 144 255 195 0 0 0 255 0 203 0 240 240 0
    255 0 255 0 255 0 0 0 255 127 45 255 0 255 255 255 0 19 0 255 0 178
    0 50 0 3 255 255 255 0 0 0 255 29 143 255 0 255 255 0 135 0 255 255
    255 0 0 88 220 72 0 0 210 0 255 255 255 0 0 255 255 255 0 0 200 255
    255 173 177 0 255 0 0 196 0 0 100 0 255 0 255 0 0 40 255 0 242 48 0
    0 255 0 255 137 105 255 255 0 0 0 0 255 255 255 0 255 249 255 128
    255 0 156 255 255 0 0 255 78 255 235 255 255 39 0 0 54 255 0 255 0 0
    0 255 255 173 255 255 162 0 6 255 255 215 0 0 175 0 255 255 0 0 217
    0 255 68 255 255 0 0 0 255 255 255 0 255 255 0 0 193 137 89 0 253
    108 0 255 0 0 0 0 255 0 0 101 0 255 0 255 0 255 0 0 0 255 255 228
    255 255 255 227 157 255 0 0 255 81 255 255 101 0 0 255 255 0 0 255
    255 0 0 0 255 255 255 0 198 255 193 0 0 255 255 255 0 221 0 0 0 255
    255 0 0 142 255 1 255 191 0 75 48 120 0 117 0 174 0 255 255 242 214
    255 0 255 191 5 0 0 0 255 255 211 255 0 53 255 0 0 165 255 176 0 236
    0 72 0 0 0 86 255 0 0 0 253 255 67 0 0 0 255 255 107 0 255 0 255 255
    255 106 0 0 0 255 0 255 159 255 0 0 255 242 255 0 0 0 255 255 255 0
    123 0 242 28 255 0 255 255 0 0 0 255 255 0 0 0 255 255 255 0 255 0
    215 0 104 255 0 255 255 255 0 255 255 255 0 0 0 255 255 18 255 132
    255 0 154 27 255 255 255 0 0 0 255 0 255 0 207 0 0 98 0 255 0 196 10
    255 0 255 255 255 0 255 0 0 0 255 252 175 0 255 255 255 255 0 255 0
    255 255 255 203 255 0 255 0 0 151 255 255 220 0 0 0 255 255 255 255
    0 0 96 255 255 158 0 255 0 159 247 255 0 255 0 0 0 0 35 255 0 255
    232 59 0 255 255 221 255 255 255 0 0 0 0 255 255 187 0 78 0 255 255
    255 137 0 0 255 255 255 0 255 0 203 243 255 255 255 0 0 255 255 0
    255 0 255 0 255 0 86 0 0 0 255 255 255 255 255 255 0 0 255 255 14
    255 0 255 255 0 0 0 255 0 255 255 0 0 0 0 255 255 255 114 255 100
    255 255 0 0 0 255 255 255 255 5 208 0 0 0 255 255 86 205 255 0 0 0
    255 0 255 255 255 0 0 0 255 255 255 50 255 0 0 255 0 207 255 200 158
    255 255 81 0 0 255 255 255 0 255 255 255 255 255 255 255 0 0 0 255 4
    14 204 255 255 255 181 0 0 255 255 255 0 0 0 81 255 0 255 85 255 0 0
    255 0 255 95 255 0 0 235 255 0 0 200 255 255 0 0 0 0 0 255 255 0 255
    0 82 0 191 0 150 255 148 255 86 0 255 0 0 44 255 255 255 0 0 0 0 233
    255 255 212 251 83 0 0 126 255 0 0 34 194 0 0 235 0 255 255 0 255 0
    255 0 0 167 255 0 94 0 112 0 186 255 255 255 0 0 0 255 0 255 255 255
    0 255 0 0 159 255 0 255 255 103 255 0 0 0 0 255 77 0 61 255 0 255 0
    255 0 0 0 255 164 0 255 0 0 0 255 255 0 0 0 0 255 255 0 0 255 255
    255 255 0 170 98 6 174 68 213 255 0 0 0 0 123 0 255 50 255 213 184 0
    0 0 147 255 203 0 255 255 19 203 0 255 255 255 0 0 0 0 255 255 21 0
    54 57 255 255 202 0 0 45 71 0 0 255 255 255 255 255 255 0 0 0 0 255
    201 255 0 255 8 255 0 255 0 255 226 255 0 255 86 255 15 255 0 27 0
    255 0 255 255 0 0 255 255 0 255 255 255 0 0 0 255 0 0 223 0 255 68
    255 241 0 255 0 178 0 0 0 255 0 0 0 255 255 255 0 0 255 255 0 0 255
    255 255 0 255 115 76 255 0 139 14 64 0 39 45 61 104 69 0 255 255 255
    0 255 0 0 0 255 255 101 196 0 255 0 255 0 255 0 202 255 74 0 0 255
    255 255 255 0 213 0 0 0 255 255 255 0 0 0 255 255 0 140 0 255 25 142
    255 255 112 0 0 255 143 0 0 0 255 255 0 255 63 33 0 0 255 255 255
    255 110 0 0 255 255 255 255 255 0 124 146 255 255 0 0 240 255 255 0
    255 143 0 0 255 255 255 0 255 255 255 37 178 15 0 48 255 0 255 0 0 0
    0 255 255 0 0 255 169 0 255 0 255 255 255 0 255 127 0 255 255 255 0
    0 201 255 255 0 255 0 255 255 0 0 142 255 0 255 255 105 0 147 0 0
    255 0 255 0 255 255 83 0 65 0 0 60 255 255 255 255 83 0 0 10 255 255
    255 255 255 0 0 0 151 0 0 0 255 255 255 0 0 0 255 255 255 0 0 0 0
    255 255 102 0 174 255 255 255 0 48 0 255 0 0 117 255 0 0 104 255 0 0
    255 255 255 236 255 122 0 0 240 0 0 239 48 255 190 255 255 0 0 255
    255 17 255 255 255 0 255 0 255 0 255 255 0 75 0 0 0 0 255 255 0 0
    107 0 255 0 255 0 0 255 98 188 0 159 255 255 0 255 0 255 255 255 0 0
    0 255 85 255 0 255 0 0 183 255 255 255 255 19 255 0 255 0 0 0 255
    255 255 255 28 255 255 255 0 0 0 255 255 241 255 0 0 0 255 0 255 255
    255 0 255 0 255 255 0 255 217 0 75 0 255 0 255 0 0 0 255 0 154 255
    255 0 0 255 255 220 255 0 0 134 255 202 63 82 255 255 255 0 255 0 0
    0 0 255 255 255 0 0 0 52 0 0 0 219 255 255 255 0 61 49 253 255 0 0 0
    255 161 0 255 255 0 255 0 255 214 0 0 255 0 0 189 125 255 188 255 0
    255 236 255 0 0 255 255 255 0 0 255 255 251 184 0 255 255 0 0 63 255
    0 255 0 255 255 0 9 54 255 133 0 50 255 255 255 0 159 72 85 0 0 0 0
    64 0 189 255 255 255 0 0 0 255 255 147 0 0 255 255 255 136 255 0 0
    255 0 255 0 0 255 0 0 0 0 74 0 255 255 128 0 0 71 0 0 255 203 255 0
    0 255 0 35 0 255 0 252 124 0 255 174 255 0 0 255 0 192 0 179 92 0 72
    245 255 0 0 29 0 255 255 0 199 25 0 255 255 255 37 255 142 59 0 0
    255 255 0 255 255 255 255 0 0 0 255 255 255 0 0 0 255 255 255 255
    152 0 255 0 120 255 255 0 255 240 255 0 195 0 0 44 0 255 255 255 157
    0 0 0 226 29 255 0 255 235 88 255 0 255 255 255 255 255 255 0 255
    255 255 0 80 0 0 25 255 0 0 0 255 0 255 0 255 0 159 0 255 0 255 39 0
    46 255 255 0 0 0 255 174 255 255 39 0 0 11 255 255 0 160 6 255 255 0
    255 0 255 127 255 0 187 103 143 155 180 52 146 255 255 25 0 0 0 255
    255 255 0 0 255 255 255 255 0 0 255 255 0 0 255 255 28 255 0 237 13
    255 114 255 255 0 0 0 255 0 0 255 0 255 0 221 255 255 0 16 0 0 232
    255 0 59 0 255 0 35 0 255 255 71 0 255 60 0 188 255 255 255 0 175 0
    0 255 255 0 255 255 0 0 0 255 255 77 0 0 0 0 255 0 0 0 154 0 255 255
    0 225 255 0 0 188 0 4 0 255 255 255 0 0 0 26 255 0 201 0 0 0 255 0
    255 44 0 255 255 255 0 255 0 0 40 0 255 0 255 255 255 0 42 255 255
    255 255 255 0 0 62 255 255 0 0 0 255 255 0 100 255 255 61 0 0 255 0
    255 0 255 3 0 0 0 255 0 0 76 255 243 0 255 255 255 0 0 255 236 131 0
    255 0 0 255 255 0 0 0 0 0 0 0 255 0 255 0 0 227 255 0 255 255 255
    195 255 252 255 255 0 255 255 255 255 0 0 0 0 0 255 0 255 146 255 0
    255 0 255 0 255 0 255 0 255 216 255 255 255 147 0 255 0 0 0 255 255
    137 0 255 255 85 36 0 0 0 255 255 255 255 238 183 0 0 0 105 255 255
    255 255 0 0 0 0 74 255 255 255 255 0 0 0 0 0 255 255 255 96 0 146
    255 255 64 199 0 0 0 255 255 0 255 255 0 0 255 255 0 106 255 255 255
    0 0 255 163 0 0 0 139 0 255 0 42 0 0 6 255 0 255 0 0 0 255 255 255
    21 0 0 0 12 0 255 255 0 255 225 255 0 255 255 133 255 255 255 235
    233 0 255 255 0 255 255 20 0 255 0 255 255 74 255 0 255 124 255 255
    0 0 0 0 0 255 0 91 0 255 0 0 0 255 255 48 0 0 0 255 0 255 0 255 255
    255 0 0 0 255 255 255 0 0 255 0 255 0 255 255 0 255 0 255 255 136 0
    0 224 255 255 0 0 0 255 255 255 255 0 0 0 0 0 0 88 0 223 255 255 66
    0 255 0 232 0 255 0 0 0 255 0 255 0 130 0 236 187 215 255 255 0 255
    23 0 0 255 255 0 0 255 255 255 255 151 0 0 0 132 0 241 255 255 255
    255 255 0 0 255 0 255 19 255 255 255 0 0 11 0 255 0 187 255 255 0 0
    0 255 255 255 255 0 0 0 255 0 255 0 228 255 255 255 0 62 255 255 0 0
    255 255 196 0 0 255 255 255 0 255 255 0 199 0 0 0 255 167 255 0 255
    255 95 255 255 255 208 0 0 255 253 90 0 255 0 255 0 255 0 0 203 255
    123 255 0 255 0 168 0 20 0 0 255 255 255 255 0 149 120 255 255 255 0
    255 0 0 255 0 255 77 255 0 88 0 255 255 255 0 0 0 0 255 0 0 206 91
    33 255 0 255 0 175 0 255 0 0 255 0 159 0 0 0 255 255 0 0 0 5 0 255
    255 0 121 0 255 0 255 0 0 0 255 255 255 0 0 255 177 255 255 255 0 97
    91 34 0 0 255 0 0 255 0 255 0 255 222 0 0 0 5 0 133 0 255 0 0 3 255
    255 0 63 255 0 255 0 184 0 255 0 255 0 255 0 255 0 0 0 255 0 166 56
    0 255 255 63 255 0 0 255 146 0 137 255 255 255 0 0 0 189 255 255 0 0
    0 0 255 255 255 208 249 0 255 11 177 0 0 0 0 0 255 255 255 0 188 0
    255 0 0 255 0 211 0 255 255 0 255 0 255 255 255 0 255 167 66 255 0
    22 0 255 255 0 0 235 255 0 0 0 0 167 255 255 255 0 0 0 255 0 222 0
    255 255 255 144 87 0 255 0 255 0 0 255 255 255 255 255 0 8 255 255
    35 0 255 0 163 0 119 81 11 34 0 145 255 255 76 0 255 255 255 255 0 0
    0 255 180 255 174 0 175 255 255 0 0 255 255 255 0 255 0 255 154 225
    0 255 154 255 255 255 255 0 93 0 255 255 255 0 0 0 255 255 255 32
    255 0 255 255 72 255 255 255 110 0 0 255 255 0 67 255 255 245 0 255
    29 54 0 0 0 212 179 0 255 255 255 0 255 87 255 0 105 0 255 255 0 0
    255 255 255 0 0 0 0 255 255 255 0 0 255 81 211 0 129 255 255 0 0 0
    255 255 151 0 0 0 255 0 255 0 255 255 255 255 227 255 0 0 174 255
    255 0 0 203 0 23 0 0 0 0 14 145 255 0 0 255 0 255 0 255 133 0 152
    255 0 255 0 0 0 255 255 255 0 0 0 174 255 255 0 241 0 255 0 255 255
    255 255 0 0 255 5 255 0 0 238 0 0 255 0 255 255 0 240 0 255 255 0 0
    134 0 0 0 0 0 0 0 0 0 0 0 214 255 0 9 22 255 255 0 48 255 255 0 166
    255 0 0 0 255 255 255 255 249 0 0 255 255 255 0 255 131 255 255 0
    255 0 237 0 255 255 0 0 0 87 255 230 255 255 255 149 0 0 159 255 255
    0 0 255 255 255 0 255 58 255 255 255 40 0 0 152 21 255 255 0 0 0 208
    255 0 255 174 18 0 134 255 255 0 0 59 0 255 100 94 0 0 0 0 255 0 255
    0 255 0 255 255 255 255 242 255 0 255 0 0 255 0 255 0 255 0 0 59 0 0
    255 255 112 0 0 255 0 255 0 0 88 0 255 0 255 76 0 255 0 137 55 255
    255 201 255 0 255 255 255 72 0 0 0 255 255 255 0 0 176 255 255 156
    108 0 255 0 0 0 255 255 0 0 255 255 0 255 47 0 0 0 255 0 255 0 255
    255 0 0 0 255 0 0 255 213 255 0 0 0 255 166 227 0 255 0 0 0 255 255
    255 0 0 0 0 255 0 255 208 255 255 255 238 255 31 0 228 255 0 0 255 0
    212 0 185 255 0 198 0 0 0 255 0 255 255 0 0 49 0 0 255 255 255 0 0 0
    255 0 255 255 0 0 0 0 0 0 0 0 255 181 209 0 255 255 13 0 255 0 255 0
    0 227 130 0 0 255 255 59 255 0 153 255 0 32 98 0 255 21 255 14 78
    255 0 116 63 255 0 0 0 0 0 0 0 255 0 73 194 255 90 255 0 0 155 0 255
    0 255 255 254 0 41 255 255 203 218 0 255 0 0 0 255 0 255 209 169 83
    255 0 255 255 255 255 0 255 0 97 0 255 191 255 26 255 255 255 0 123
    255 255 255 0 0 255 0 255 0 255 0 255 255 255 0 0 0 255 255 255 0 0
    0 0 255 255 255 178 255 0 255 0 0 0 255 255 17 0 105 0 185 255 0 230
    0 255 255 151 255 0 175 0 0 255 255 40 0 0 0 255 210 255 255 0 168 0
    2 255 255 255 59 0 169 67 255 0 0 0 255 0 0 0 255 255 255 255 255 0
    255 255 0 255 0 0 255 215 67 0 255 0 13 0 255 0 10 255 255 0 255 0
    255 255 0 0 255 255 255 0 255 0 255 130 255 255 0 0 0 0 255 0 255 0
    0 0 255 57 255 0 255 0 0 255 255 255 0 255 0 255 255 255 0 0 0 255
    255 255 0 0 0 130 0 122 0 255 28 255 255 76 255 0 0 221 71 255 0 254
    212 13 255 0 255 100 0 52 0 255 0 51 255 255 0 255 255 0 0 0 0 0 28
    0 0 67 255 255 0 0 0 255 0 0 255 131 255 255 175 255 255 255 0 0 0
    255 255 255 6 255 0 255 159 0 0 255 255 0 5 0 255 0 0 255 0 255 0 0
    0 0 255 255 255 191 141 31 0 0 255 157 0 0 182 255 255 21 0 174 255
    255 108 0 48 255 0 0 0 233 0 255 0 210 255 0 0 0 255 255 255 255 255
    0 91 0 0 255 147 251 0 82 0 0 0 0 117 88 255 255 255 255 0 255 0 255
    0 12 0 255 177 233 255 255 0 0 212 0 255 0 255 255 255 164 255 255
    255 255 255 142 0 255 8 255 0 57 0 0 158 255 255 255 255 0 255 255 0
    255 0 0 0 27 255 255 230 0 255 255 255 0 0 55 0 0 0 255 220 0 0 0 0
    255 0 255 255 0 0 0 0 255 215 255 0 255 255 255 0 255 255 0 255 149
    255 255 4 255 255 255 0 255 255 255 255 72 255 0 0 0 59 0 0 0 170
    255 255 0 88 39 0 31 0 255 0 0 0 255 255 0 0 0 0 0 236 255 0 255 0
    255 0 255 0 255 255 255 73 0 255 211 255 0 0 255 167 255 0 83 189
    255 0 255 0 164 0 185 11 255 255 0 150 0 255 0 255 0 0 190 168 143
    224 255 255 0 255 255 0 0 255 0 255 0 255 0 255 255 255 241 0 255
    255 0 0 0 255 0 255 0 255 53 255 0 255 57 82 172 0 255 255 96 255 30
    255 0 255 0 255 0 255 0 0 122 255 255 255 143 224 255 255 255 0 51 0
    0 255 255 228 93 0 95 0 170 255 255 231 255 0 255 0 40 168 255 0 0
    255 255 0 0 0 255 157 255 255 146 232 255 0 0 0 255 255 40 0 187 120
    26 0 0 0 136 255 255 255 54 133 255 0 0 255 91 255 0 0 0 255 255 0 0
    0 255 160 255 0 0 167 255 255 255 0 139 255 0 0 0 251 0 255 255 255
    255 255 255 0 255 0 255 255 98 255 0 255 0 255 255 79 255 92 129 255
    255 255 0 0 255 255 255 166 14 0 59 255 255 255 218 0 255 255 0 0
    255 255 255 0 0 255 255 255 235 0 0 255 0 0 163 255 255 188 0 255
    134 255 0 0 255 0 255 0 255 255 0 255 0 0 255 255 255 255 255 255 0
    174 255 155 0 183 125 255 0 202 0 0 255 255 255 255 0 0 255 255 255
    0 0 0 255 0 255 255 117 255 0 91 0 0 255 255 0 0 0 0 0 0 255 255 255
    0 0 255 2 255 220 255 0 55 94 255 0 0 255 0 255 110 255 209 255 234
    0 255 0 255 0 148 0 114 0 0 128 255 117 255 8 0 0 0 255 0 0 199 255
    255 255 0 0 109 199 255 232 255 255 0 255 0 255 15 0 0 255 255 255 0
    255 0 255 0 0 9 255 0 0 0 255 0 0 0 255 0 255 255 0 255 255 255 0
    255 92 255 0 255 255 0 0 0 112 0 255 0 0 255 255 255 0 255 0 0 255
    113 0 0 0 255 255 255 241 47 0 255 0 255 255 255 0 0 0 152 0 0 255
    40 192 0 255 255 79 255 0 0 0 0 255 255 255 0 0 0 255 255 83 0 30
    255 0 0 0 172 92 0 0 0 147 255 255 255 255 255 0 255 5 232 0 255 0
    26 255 229 255 160 0 255 0 255 0 255 255 255 255 121 123 0 255 255
    99 255 255 255 0 0 0 167 58 0 0 255 0 255 255 255 0 186 24 255 0 0
    255 255 0 255 143 255 0 28 0 139 0 134 202 0 77 255 255 255 0 27 0
    255 0 0 0 162 255 255 255 0 113 83 255 255 0 255 0 0 0 255 174 255 0
    255 0 0 226 0 255 144 176 0 44 164 0 255 0 255 11 255 0 255 0 255
    255 255 2 0 255 255 0 0 255 13 255 180 0 0 0 0 107 125 255 0 255 255
    0 0 0 255 255 100 0 255 0 255 0 220 255 255 0 0 28 255 209 255 255
    17 94 62 206 255 0 0 76 255 255 0 255 255 255 0 60 0 255 192 255 0
    255 227 0 255 0 255 0 0 255 0 255 255 0 0 126 0 255 255 0 0 0 0 255
    255 131 255 255 66 32 0 255 255 8 0 255 37 255 244 255 0 0 255 0 0
    255 0 117 0 0 255 255 255 0 255 0 0 255 255 255 0 255 115 218 0 0
    255 0 0 0 255 83 255 255 255 0 0 0 153 255 255 255 0 0 255 255 255 7
    255 0 255 255 0 70 255 255 255 0 255 255 114 255 255 255 0 0 0 241
    255 0 255 87 255 0 0 0 0 255 0 255 255 255 0 0 255 255 255 0 0 0 255
    0 0 0 255 255 0 0 0 255 255 61 0 0 0 255 0 255 0 255 103 0 0 87 25 9
    255 0 255 0 0 0 255 0 92 4 0 0 0 255 178 255 255 0 171 255 134 255 0
    251 255 255 255 0 88 0 255 0 255 114 220 0 189 255 0 0 0 255 112 0
    255 159 0 248 0 255 142 0 0 0 84 0 43 255 0 255 47 255 0 0 0 0 27 0
    0 0 128 0 252 255 255 255 70 0 177 0 0 82 255 111 0 0 118 255 255
    255 255 255 0 0 71 0 255 0 255 0 255 255 74 255 44 255 0 255 240 255
    0 255 0 255 0 27 255 0 255 255 94 103 255 0 49 0 255 0 255 0 190 244
    255 255 0 127 0 255 191 255 255 111 0 0 137 0 255 255 80 255 0 255 0
    0 0 255 255 0 255 0 45 190 255 0 0 255 109 0 0 0 0 0 255 255 255 0 0
    0 222 0 59 0 255 0 255 34 255 255 0 0 157 0 255 124 0 255 0 255 0 0
    0 255 255 220 0 24 0 0 0 0 255 220 169 0 0 0 255 255 0 0 255 255 255
    0 59 233 255 0 0 102 38 255 88 0 0 255 255 255 0 255 0 255 255 255
    21 255 0 0 255 0 255 0 0 0 88 119 0 0 222 255 208 0 255 255 255 255
    255 137 255 0 0 255 163 100 0 0 255 0 59 0 255 0 255 70 255 0 0 0
    255 255 255 0 0 233 148 255 255 0 255 255 255 0 0 237 255 0 0 0 255
    255 125 0 253 0 255 171 37 255 0 255 0 0 0 0 0 255 255 255 255 52 0
    0 0 0 255 0 255 229 151 255 0 0 255 0 255 134 255 255 255 238 0 0
    121 17 255 255 0 0 255 211 0 0 255 0 208 54 255 0 0 255 255 255 199
    0 0 0 255 255 175 255 0 253 75 255 245 0 0 255 255 0 26 0 0 255 255
    255 0 255 0 255 255 91 0 0 0 74 255 255 0 132 255 241 255 0 237 255
    255 255 0 213 255 0 255 255 255 0 0 0 255 113 255 0 235 178 0 147
    131 255 0 0 0 255 255 29 255 30 255 0 7 0 0 255 0 255 132 255 46 0 0
    0 210 0 255 0 255 255 0 0 255 120 2 0 255 255 0 255 255 6 0 0 0 255
    255 255 72 0 0 193 0 255 0 255 0 255 0 50 0 0 255 183 255 255 0 255
    0 0 0 145 239 30 28 0 255 0 0 0 242 0 255 255 85 0 255 0 255 0 0 16
    0 255 209 255 0 255 0 0 0 0 219 255 255 0 0 255 0 255 0 97 0 248 255
    255 255 0 255 234 255 0 251 152 93 0 255 111 255 0 255 255 255 0 0
    155 255 255 255 255 255 255 0 255 255 255 0 0 96 255 0 0 179 0 0 234
    84 0 0 0 255 255 255 245 0 177 255 255 0 203 255 246 255 255 237 0 0
    0 255 0 0 0 0 255 255 0 255 255 255 255 0 13 0 116 146 255 89 0 255
    41 222 0 255 119 255 0 29 0 255 255 0 0 0 107 0 255 50 255 0 0 255 0
    255 0 255 203 0 0 0 29 255 255 0 0 0 255 0 0 20 255 255 255 239 255
    255 0 0 0 255 0 255 255 255 255 0 255 255 0 255 0 32 0 255 255 0 255
    0 0 255 103 255 0 161 255 0 255 0 72 0 255 255 255 255 255 0 255 0
    14 0 255 255 0 66 0 255 100 159 203 36 35 0 165 0 0 255 255 255 255
    255 255 0 0 0 49 255 0 0 26 204 255 13 0 0 0 255 255 255 255 255 255
    59 0 0 255 255 255 196 255 255 255 255 0 255 255 255 255 255 255 0
    255 0 0 0 92 0 0 0 255 255 255 52 255 0 0 255 0 0 0 255 255 255 206
    0 0 0 0 0 76 255 220 29 197 176 255 0 0 245 75 255 14 255 0 255 0
    255 255 255 61 255 0 255 197 255 80 255 0 255 0 255 0 255 0 255 0
    255 63 0 255 255 0 0 255 255 255 0 255 68 206 255 255 255 0 0 0 255
    255 0 36 0 0 89 0 255 1 0 0 36 255 255 255 155 0 214 255 255 0 255
    66 89 255 255 255 0 0 0 114 0 0 255 255 255 0 0 0 0 0 0 255 255 209
    0 0 0 0 255 68 0 0 255 8 255 0 255 255 255 81 255 0 0 255 0 255 255
    255 0 0 0 255 255 0 18 211 0 255 71 255 0 255 42 0 255 203 0 255 0
    255 166 52 0 255 0 255 0 0 0 255 0 255 255 255 0 0 0 255 255 190 255
    202 0 196 255 255 0 0 103 0 255 255 0 215 114 0 255 0 255 0 0 234
    255 0 255 0 255 0 0 255 255 232 255 0 255 255 0 0 0 255 255 255 0
    255 0 255 0 255 255 0 255 0 106 0 0 255 25 0 0 255 0 255 183 255 255
    191 255 220 75 0 0 214 255 0 0 255 255 255 247 255 191 108 255 255 0
    0 0 255 255 120 0 90 116 255 255 250 0 50 0 215 0 255 0 0 0 255 255
    255 255 214 169 0 146 174 0 255 233 255 255 255 0 0 0 0 255 0 0 255
    255 255 255 0 0 0 255 7 0 0 0 255 255 255 0 255 0 255 0 179 0 20 104
    255 94 255 229 0 0 33 0 255 61 255 0 255 80 0 0 255 255 0 255 0 255
    0 255 0 255 0 255 255 0 255 67 0 0 47 255 0 255 0 255 255 255 0 255
    0 255 0 0 255 0 255 255 255 238 0 0 255 0 0 0 255 255 255 0 255 0
    255 0 255 255 188 0 105 255 255 255 197 0 0 255 0 255 217 255 0 255
    0 255 22 255 255 255 0 255 255 255 0 0 255 0 168 0 4 13 76 177 255 0
    255 171 255 0 0 0 177 255 0 176 255 255 255 255 0 0 0 255 110 199 0
    255 193 0 0 255 0 255 116 255 141 0 0 255 0 255 0 107 255 0 255 255
    255 49 0 195 0 0 255 255 255 0 255 255 0 255 188 255 255 0 0 255 255
    0 255 255 255 0 0 0 0 255 0 0 15 255 0 113 0 255 255 0 0 0 255 255
    255 0 255 0 119 255 137 255 0 255 144 0 255 0 37 0 0 255 0 255 255
    255 255 255 0 0 0 255 33 0 255 29 152 255 0 255 58 255 0 202 0 0 0
    190 45 255 0 255 255 0 0 0 64 0 255 0 255 255 183 2 209 255 255 0 15
    0 255 18 203 0 80 241 255 255 255 0 0 63 0 255 255 152 255 0 255 0
    255 255 0 255 0 255 0 255 0 255 0 132 124 0 255 0 0 255 255 255 7 0
    0 255 0 164 255 255 255 255 0 0 0 0 26 255 255 255 214 255 0 255 255
    0 255 0 0 0 255 0 0 0 255 0 0 255 0 255 255 249 255 0 255 0 255 0 78
    255 255 0 0 0 255 255 255 0 0 255 255 0 255 88 255 255 19 0 129 137
    45 0 255 255 179 0 0 5 0 0 0 255 0 255 255 38 255 0 255 68 255 0 0 0
    120 255 255 9 255 0 0 0 0 0 255 247 121 49 255 0 0 0 0 255 255 38
    255 108 255 0 0 255 255 255 255 182 0 0 0 0 42 255 255 255 0 0 92
    255 255 255 0 0 0 0 0 255 0 0 255 255 181 0 178 104 255 3 0 255 255
    69 255 0 207 0 255 255 255 71 0 0 23 171 0 0 255 0 0 255 255 0 255 0
    255 255 255 12 0 0 255 134 146 0 255 200 0 0 0 255 255 255 0 73 215
    0 0 255 255 255 255 6 0 0 53 131 0 43 0 62 249 0 255 0 255 255 0 0 0
    255 255 0 0 0 0 0 255 255 0 86 0 0 127 0 193 0 255 255 255 255 255
    80 0 56 0 255 0 255 118 255 255 0 35 250 255 255 0 0 255 0 255 0 255
    0 199 0 214 0 255 255 255 255 0 255 255 0 0 0 113 88 255 0 0 0 255 0
    144 141 255 255 0 255 255 24 0 255 255 85 255 0 25 255 255 0 0 255
    255 255 0 255 255 0 125 0 255 0 255 255 200 0 255 255 0 255 255 255
    0 233 251 0 255 230 200 255 255 0 255 0 7 0 255 161 255 114 69 0 0
    255 255 255 0 0 0 255 0 255 0 255 0 0 0 255 255 255 255 255 0 255 0
    66 0 255 0 0 28 0 14 255 202 0 32 255 210 0 0 255 75 255 0 0 31 0
    255 0 0 255 0 255 0 0 0 0 255 248 255 0 0 0 0 0 253 216 0 0 0 255 0
    238 0 0 68 0 0 147 231 0 0 255 0 0 0 59 0 255 255 96 255 255 255 255
    255 0 43 17 255 102 204 232 16 0 255 148 0 255 255 255 0 255 162 255
    0 0 232 35 0 0 255 255 255 0 212 0 0 0 0 255 255 255 0 0 0 30 255
    255 0 0 255 206 255 0 0 255 255 255 212 196 0 255 255 115 255 0 178
    255 121 78 32 0 255 255 0 59 0 255 255 255 255 0 0 0 255 255 0 0 57
    0 0 109 0 183 255 0 0 0 0 255 207 0 0 255 184 9 0 255 255 255 36 0
    255 0 255 0 255 115 235 255 0 0 255 255 0 249 255 255 184 0 255 255
    0 0 113 255 255 182 0 0 0 105 105 40 0 0 0 0 255 255 255 0 255 255
    255 0 0 255 255 255 0 0 0 0 255 255 255 0 255 0 255 0 0 255 255 0
    255 255 126 0 0 255 255 0 0 255 255 255 0 0 255 255 0 0 255 0 0 0
    255 0 0 195 255 0 255 0 255 255 0 255 255 130 255 0 0 0 255 255 255
    0 0 255 0 255 255 0 255 255 0 255 255 255 0 198 255 255 255 0 255 50
    86 0 245 0 255 0 255 193 0 5 255 28 0 255 255 0 0 0 255 255 199 0
    255 236 0 0 255 255 255 255 0 0 0 255 255 0 255 0 255 0 0 0 0 0 140
    0 0 2 0 255 255 255 0 255 255 255 17 0 255 255 0 0 0 23 255 255 76 0
    0 197 255 187 255 0 107 0 255 255 0 91 0 255 0 0 244 0 0 255 75 155
    0 255 1 255 0 191 0 70 158 0 255 0 0 0 255 14 255 0 35 255 0 0 0 255
    255 255 255 0 0 0 29 255 0 255 42 255 0 255 0 130 0 255 43 255 255
    255 0 70 0 75 47 255 49 0 188 0 0 2 255 0 0 255 255 0 255 0 125 0
    255 255 152 0 28 255 0 0 255 91 135 0 0 0 255 255 255 0 255 255 0 0
    255 255 0 146 255 255 255 0 255 0 255 0 0 255 255 255 202 222 255 0
    255 0 255 192 108 0 255 185 0 0 255 134 0 0 0 255 255 0 0 255 255
    129 255 255 255 255 0 0 255 255 255 196 0 0 0 255 255 255 0 209 0
    107 0 0 255 206 0 48 255 255 255 0 0 0 0 0 255 0 0 255 255 0 0 0 163
    68 0 0 255 255 0 255 111 0 255 33 255 27 255 0 0 0 218 0 0 0 28 28
    255 125 0 255 0 255 255 223 255 0 191 255 255 73 255 255 216 221 255
    0 0 0 0 255 255 0 0 181 255 69 0 0 0 186 255 255 255 255 255 0 0 0 0
    255 0 95 255 255 255 255 0 255 252 0 0 0 255 113 255 0 255 0 255 0
    255 0 0 255 255 255 0 0 3 0 255 255 255 0 255 0 255 0 255 61 59 255
    255 0 255 232 255 182 157 0 255 236 0 0 0 0 0 0 0 255 145 0 255 255
    98 0 0 255 255 0 255 0 255 232 248 243 0 0 255 255 0 111 0 255 0 0
    255 0 152 0 242 255 0 142 0 255 0 255 0 255 0 255 0 243 0 70 0 255
    177 49 255 0 255 255 255 255 0 0 0 0 10 0 255 0 0 0 0 17 0 255 228 0
    217 0 255 255 0 0 255 255 255 0 0 0 128 80 126 0 0 255 0 255 0 255
    255 255 0 0 255 255 141 0 255 255 238 255 60 202 255 255 101 0 0 255
    255 0 255 0 255 0 0 0 0 0 255 255 73 0 0 255 255 255 0 78 0 255 0
    255 255 0 0 2 0 169 255 255 16 0 255 23 255 235 255 0 0 0 255 255 0
    255 255 255 255 0 0 0 255 201 255 255 255 255 175 255 0 0 0 5 255
    255 194 54 223 255 255 157 255 0 18 255 0 255 0 78 0 255 255 0 0 255
    63 255 0 8 9 255 255 0 255 0 255 19 226 255 255 0 255 0 246 255 0
    140 110 215 73 255 243 0 131 0 0 255 255 0 55 209 255 0 129 0 255
    142 255 0 0 255 255 255 0 255 0 192 0 51 46 255 255 255 0 255 255
    130 0 193 255 255 0 181 23 255 0 176 0 255 187 30 0 255 0 255 255 0
    46 49 0 0 0 0 0 0 255 255 148 252 255 0 255 0 255 0 255 255 0 255 0
    176 0 131 0 0 0 255 0 0 255 255 255 0 255 0 0 0 255 0 255 255 255 0
    219 0 0 62 255 255 198 255 255 255 0 65 0 255 178 0 255 0 255 0 255
    0 12 255 126 255 0 0 0 0 255 255 0 0 0 255 255 255 0 0 0 0 255 0 207
    41 255 255 0 93 0 255 255 44 0 255 255 255 79 0 255 79 199 0 255 0
    255 0 255 255 32 0 255 255 255 0 0 0 234 255 255 90 0 255 0 182 0
    255 0 148 255 255 95 95 255 48 255 0 255 0 239 0 0 255 0 0 255 255
    255 0 0 255 255 255 0 72 246 212 0 167 255 255 0 255 255 21 183 36
    255 0 255 0 0 0 0 131 255 255 176 0 255 133 0 204 255 0 0 0 199 255
    255 255 0 255 0 0 41 0 0 255 0 255 255 255 0 246 255 255 142 255 255
    255 0 0 29 0 255 255 112 255 255 0 0 0 21 255 112 255 255 0 255 0 0
    255 255 0 0 0 255 0 0 185 0 163 0 218 121 255 32 255 255 0 255 162 0
    0 255 255 255 0 128 0 0 255 0 0 101 0 90 0 255 255 255 208 0 57 255
    255 100 255 255 0 255 155 160 0 0 233 217 0 0 255 255 255 0 255 0 0
    0 255 255 0 0 0 228 255 255 0 0 171 0 0 255 255 255 0 255 0 255 0
    255 255 167 0 255 255 255 32 255 95 0 0 246 0 255 0 0 0 46 255 255
    255 233 0 255 255 255 0 255 0 255 0 0 0 255 255 255 149 205 87 0 0
    233 62 255 0 152 255 255 0 0 255 0 255 0 255 255 0 0 0 97 255 255
    255 255 255 135 0 0 0 145 255 0 0 0 255 255 14 255 249 26 0 255 255
    52 0 207 255 255 0 0 0 0 0 0 255 255 255 0 0 255 255 0 0 0 255 255
    255 0 0 255 0 255 0 0 255 255 108 0 0 0 255 255 0 255 255 255 0 0
    183 0 245 255 82 0 64 0 235 255 0 0 0 255 240 0 255 255 255 0 255 35
    0 255 255 255 0 70 255 255 255 0 255 114 255 0 255 0 174 63 255 0
    255 0 0 0 255 0 255 0 100 255 183 159 0 255 0 0 209 255 0 178 0 255
    242 255 255 255 0 255 0 4 255 255 0 255 0 137 167 0 0 40 255 255 255
    0 0 255 255 255 68 255 255 255 0 255 0 255 255 26 0 255 255 5 255
    255 255 0 0 0 255 0 255 255 167 255 0 255 77 255 0 255 9 255 255 255
    0 0 255 171 0 0 0 255 255 213 0 255 243 53 255 255 255 0 0 156 255 0
    95 255 0 255 31 255 240 255 0 255 255 255 0 0 0 255 188 255 0 255 0
    0 0 255 0 255 0 255 0 0 0 255 255 255 0 0 255 255 255 0 0 0 0 0 0 0
    209 255 255 0 0 207 0 0 0 255 255 0 0 255 255 255 0 229 15 255 0 255
    228 0 132 2 0 255 0 52 255 255 113 0 92 0 255 255 255 0 236 255 255
    255 0 0 0 255 0 0 0 255 255 0 255 255 255 168 0 0 0 0 255 255 255
    255 136 255 86 43 0 255 0 0 255 255 40 255 255 0 45 255 0 240 105 0
    255 16 255 0 0 125 255 0 0 0 0 255 255 203 74 0 255 255 105 0 52 0 0
    255 0 255 0 255 0 0 38 60 255 52 0 0 255 97 0 137 255 92 24 0 0 0 0
    255 255 0 255 0 255 255 255 0 0 225 255 0 52 0 255 255 13 255 0 255
    0 255 14 255 255 87 255 0 202 255 255 145 0 0 0 0 3 0 255 0 0 255
    192 200 0 255 255 0 255 0 255 118 255 0 255 140 255 10 71 255 26 0 0
    255 255 255 255 0 0 255 36 255 0 0 255 207 255 0 0 255 157 255 255 0
    68 255 228 0 0 0 255 37 0 255 255 0 255 0 255 0 0 0 255 255 0 0 255
    0 255 0 230 255 146 255 255 255 255 0 0 9 148 255 255 255 0 190 255
    0 0 0 175 187 255 0 255 0 106 255 255 0 0 255 0 0 0 171 255 147 0
    255 154 255 116 0 255 0 255 248 0 0 255 255 0 0 255 255 255 0 0 35 0
    98 63 255 255 255 255 0 0 0 255 225 0 0 0 255 255 255 255 255 0 236
    12 255 255 255 35 0 176 0 201 0 23 255 255 0 255 160 142 0 0 63 0 24
    255 255 0 255 0 0 0 0 255 255 9 22 255 204 146 32 255 122 255 0 0
    255 149 0 0 255 255 242 255 255 255 255 255 255 0 0 255 0 255 141 0
    255 255 255 0 0 3 226 181 255 0 0 118 30 0 255 0 255 57 0 255 255
    172 0 177 0 255 255 0 0 78 0 0 199 255 255 0 191 255 181 0 255 134
    121 0 255 255 255 255 0 0 0 0 255 255 0 0 0 0 77 255 0 88 255 255 0
    0 210 255 255 115 0 255 0 255 0 255 0 255 255 255 255 0 0 0 106 255
    199 255 255 223 0 255 215 255 180 0 255 255 0 255 0 255 0 0 255 255
    255 255 255 123 0 0 0 255 255 101 0 0 61 255 0 0 235 255 255 0 21 0
    135 255 255 0 128 0 255 255 255 0 247 0 255 0 0 0 245 0 0 0 255 0 0
    244 255 255 247 255 255 255 0 0 0 0 255 0 255 189 17 244 0 0 0 26
    241 255 255 255 0 0 0 255 0 144 0 0 255 0 255 249 145 46 0 255 175 0
    0 255 240 0 14 0 255 255 85 0 39 0 255 0 0 65 255 255 0 0 0 255 0 0
    0 255 24 151 255 0 0 183 255 0 255 255 0 0 187 255 255 240 255 255
    234 54 0 255 0 255 255 255 0 255 255 255 0 255 68 0 180 55 255 0 0
    255 255 255 198 244 255 111 255 0 0 0 145 255 0 200 0 255 255 0 255
    255 0 0 255 0 255 0 0 0 212 0 255 0 255 255 255 255 33 0 0 255 255
    174 0 74 255 0 0 255 0 0 255 255 121 255 255 255 42 255 0 255 255
    255 246 0 0 0 0 255 255 255 255 255 255 0 0 255 255 255 0 0 0 0 0
    149 31 255 153 255 0 255 255 255 255 0 255 0 0 0 0 255 255 255 255 0
    255 255 255 0 255 25 0 0 0 255 0 255 238 255 255 236 116 0 47 0 255
    161 255 255 0 0 255 255 255 0 0 2 0 255 41 255 0 0 0 255 152 255 111
    255 0 234 0 255 255 0 255 0 255 0 255 255 82 0 0 3 255 255 255 0 0
    255 255 255 255 255 0 0 164 83 255 255 87 0 0 0 255 255 54 0 0 0 6
    255 255 255 0 255 255 0 255 0 0 42 0 255 255 255 0 0 0 255 255 0 255
    255 255 255 0 0 0 67 77 183 0 255 0 255 255 255 255 232 0 0 0 255
    255 255 0 0 157 0 238 255 222 255 255 0 255 0 255 0 0 255 251 0 255
    0 0 107 255 0 0 255 0 186 131 255 120 0 0 255 0 84 255 255 124 150
    255 255 0 0 0 255 0 0 255 255 0 0 0 112 255 0 255 0 0 255 255 255 0
    62 0 156 0 255 0 0 255 255 0 37 0 104 0 255 255 116 255 0 0 255 0
    255 0 255 255 255 0 0 0 255 0 255 0 255 0 0 255 0 0 255 255 255 255
    255 0 255 0 255 255 243 255 0 0 126 255 0 255 0 0 109 255 234 189 0
    0 0 48 255 0 0 255 255 255 0 0 255 0 255 255 145 0 255 0 255 0 255
    255 255 0 255 0 0 0 255 0 0 255 255 255 0 0 0 0 255 0 255 255 0 0 0
    255 118 255 255 5 46 36 255 85 255 196 0 0 255 0 255 0 0 0 255 0 255
    0 0 255 255 0 0 57 68 237 0 0 2 255 0 0 0 0 77 255 255 255 255 85 0
    226 0 108 200 0 194 0 255 170 255 0 255 0 255 0 0 28 134 0 0 0 255
    133 255 255 255 127 0 77 0 77 0 255 237 255 255 0 0 0 0 42 0 255 0 0
    255 255 255 255 0 255 0 255 0 255 0 247 0 255 0 85 184 255 0 0 0 126
    255 255 255 114 0 0 92 255 255 255 0 97 112 0 0 255 255 0 0 48 255
    255 0 255 255 255 93 0 0 0 0 255 0 255 156 255 0 255 255 0 0 0 0 255
    5 71 255 0 255 255 255 255 96 0 255 255 255 255 0 0 255 255 155 221
    0 0 255 255 255 0 255 255 65 0 0 255 255 20 0 255 0 0 0 255 0 0 0
    255 255 0 0 0 255 255 255 144 255 255 0 221 255 255 0 255 255 255
    253 0 0 255 255 255 255 243 0 0 0 255 0 0 0 255 255 255 0 0 0 255
    255 184 255 255 197 255 0 127 0 255 255 161 0 0 255 153 38 0 0 60
    255 255 255 255 0 255 0 255 0 0 0 120 255 0 22 0 255 0 44 255 255
    255 0 0 84 0 255 255 0 0 124 255 43 255 255 158 255 16 255 58 80 0
    255 255 255 120 61 0 0 0 0 255 0 255 255 236 0 255 0 0 0 221 255 105
    255 0 0 47 255 255 253 0 255 83 86 0 0 255 0 255 0 38 0 0 0 0 0 255
    0 255 255 0 255 0 255 129 0 255 0 255 0 0 0 255 255 255 255 255 0 0
    255 0 0 0 255 167 0 0 0 0 255 126 0 255 0 255 39 255 255 255 0 53 0
    255 0 255 0 255 255 255 0 255 255 255 255 0 125 0 12 255 0 33 255 0
    0 255 255 255 0 0 0 0 255 255 0 0 0 0 255 255 0 255 0 255 233 84 0
    255 230 255 94 0 0 46 31 255 0 0 0 255 0 126 255 221 240 255 0 247 0
    255 43 199 0 0 255 0 0 255 0 255 255 255 0 255 255 0 0 255 0 255 255
    0 0 203 255 255 255 0 102 136 255 213 255 255 255 28 0 255 255 255 0
    255 0 255 255 0 195 67 255 0 151 63 255 255 227 0 255 1 255 0 255
    109 33 192 0 255 0 255 0 0 0 255 255 255 255 0 255 255 20 0 255 255
    255 0 255 255 255 0 0 0 255 0 0 0 255 0 0 255 0 255 0 255 0 46 255 0
    255 130 255 0 0 255 90 255 202 255 0 0 209 255 255 255 0 0 209 0 255
    157 0 216 0 0 214 0 255 0 180 0 99 157 0 0 207 255 255 25 0 255 255
    255 255 0 0 191 24 0 255 27 255 255 0 0 0 255 0 255 252 113 156 0
    255 0 0 255 255 142 0 106 155 255 255 0 0 244 255 255 0 0 194 0 14
    26 255 255 90 255 0 89 255 255 0 0 0 255 255 255 255 0 0 0 255 0 196
    237 255 255 0 81 102 255 0 0 196 255 255 255 255 255 0 0 0 230 255
    255 255 0 0 0 0 255 0 67 0 0 24 93 204 151 255 255 0 0 0 255 255 255
    0 29 255 255 0 0 255 0 255 255 255 255 0 0 122 0 255 27 255 0 255 0
    0 187 255 255 0 0 0 67 255 255 255 0 240 255 255 0 0 0 255 213 255 0
    255 255 63 0 255 255 255 67 255 0 138 162 0 255 255 255 0 215 67 255
    255 0 0 52 0 0 0 255 255 255 0 94 0 255 255 255 0 255 0 255 222 0
    225 0 255 255 255 104 20 0 0 255 255 255 0 106 0 0 255 255 255 0 255
    255 255 255 255 221 14 0 0 255 127 36 198 255 0 206 0 0 0 255 255
    255 255 0 0 0 0 255 255 0 255 0 255 0 42 0 0 0 0 0 204 0 255 192 255
    0 124 255 255 138 0 0 59 255 255 0 0 0 0 0 0 255 251 255 0 0 87 255
    255 255 0 0 0 225 255 255 255 0 0 0 255 255 255 57 255 0 0 0 255 255
    255 0 255 0 255 0 0 255 255 0 255 149 255 0 96 255 0 147 0 0 255 255
    130 0 255 40 254 0 0 253 255 255 255 255 0 0 0 255 255 89 255 0 0 0
    0 255 134 255 255 0 0 3 0 118 255 0 0 255 210 255 0 0 0 175 255 0 0
    0 64 0 255 255 255 0 0 0 255 255 75 0 0 255 255 0 255 0 255 255 253
    255 255 255 255 170 255 84 0 255 0 255 0 0 0 0 255 255 0 255 0 255 0
    255 0 226 66 255 255 255 255 0 0 24 255 255 255 0 0 255 255 239 255
    0 255 214 255 255 0 0 243 0 255 255 0 0 162 255 255 126 0 0 0 255
    255 255 0 0 255 255 219 0 0 0 255 255 255 0 255 255 0 0 0 255 255
    255 255 0 0 255 255 255 26 255 255 0 0 0 48 255 255 48 255 0 0 0 0 0
    255 255 0 0 0 255 255 0 36 0 44 255 240 75 0 0 255 0 255 0 0 255 0 0
    0 255 52 0 152 0 255 8 255 0 255 255 255 255 255 255 0 18 255 255
    255 0 99 0 255 255 255 0 0 0 255 0 255 255 0 0 0 0 255 255 0 0 0 0 0
    255 255 0 0 0 0 0 255 213 255 0 255 0 0 22 0 255 255 0 0 0 255 255
    255 255 0 0 0 218 255 255 47 0 255 125 255 255 255 255 0 197 255 255
    0 114 0 255 255 0 255 0 255 0 0 255 255 255 0 0 0 0 255 192 255 155
    0 255 255 48 0 255 0 0 255 0 0 0 255 82 0 0 0 178 255 0 0 0 160 0 0
    0 78 0 255 0 91 173 0 233 0 0 225 163 148 255 255 255 255 0 255 128
    0 0 0 0 255 0 51 255 0 170 0 27 255 0 255 0 0 255 0 255 0 0 0 255
    255 0 255 101 255 255 255 255 23 159 255 0 0 0 0 255 255 83 255 255
    255 255 0 0 0 0 255 232 0 200 0 255 197 51 255 0 255 0 255 147 0 255
    0 0 0 255 5 223 109 255 156 54 0 255 255 0 255 255 0 216 0 255 244 0
    0 0 255 255 255 0 225 0 255 108 0 0 255 255 0 0 255 255 50 255 0 255
    255 255 255 0 0 0 255 0 255 0 38 0 255 117 255 0 51 0 255 0 0 0 255
    255 255 0 0 151 0 255 0 0 0 255 255 255 255 0 255 255 255 255 0 0 0
    0 255 165 255 0 34 255 255 255 255 0 0 0 103 255 0 203 240 255 0 255
    0 255 255 0 255 0 255 237 255 0 0 255 255 0 255 255 74 255 255 0 0
    255 0 255 255 255 0 168 255 0 0 0 255 17 255 255 0 0 0 255 228 0 255
    19 255 0 255 255 255 227 0 0 0 255 0 0 255 235 60 255 0 255 0 255
    128 0 255 255 255 46 142 0 255 255 255 255 238 0 0 193 0 255 0 0 227
    255 255 0 255 27 0 0 0 255 196 0 0 0 255 0 255 244 255 24 0 75 244
    255 255 0 255 168 0 0 255 158 255 126 87 255 0 255 0 0 65 0 255 0
    139 213 0 255 255 255 0 0 0 255 255 0 190 0 255 21 255 255 0 246 0
    83 255 255 255 0 255 255 0 145 255 255 109 139 255 89 255 0 0 255 0
    255 84 255 255 0 255 0 0 0 255 0 161 255 255 0 121 255 255 0 0 0 162
    255 255 123 255 153 255 0 61 0 255 0 255 41 255 255 255 145 0 255 0
    243 137 122 255 255 0 0 0 255 0 255 255 0 33 255 255 255 0 0 255 0
    243 0 6 0 246 255 92 188 0 255 102 0 98 255 108 0 0 255 0 255 255 0
    154 81 0 0 255 0 192 255 220 255 255 255 0 0 255 255 0 0 255 0 255 0
    255 255 249 0 0 255 255 255 24 0 59 0 204 255 255 255 255 255 0 0
    255 255 255 199 0 0 0 255 255 0 165 0 255 0 0 0 0 0 255 0 255 255
    255 255 0 0 97 255 255 62 255 190 255 255 0 255 0 0 0 0 255 0 0 255
    213 255 0 0 127 255 0 255 20 255 0 0 255 0 0 151 255 155 255 0 0 255
    255 0 0 255 255 255 162 255 0 255 0 0 0 0 255 0 255 0 255 0 255 255
    163 255 0 0 0 255 0 255 255 255 255 0 81 255 0 255 248 255 0 0 0 0
    255 217 39 0 0 0 0 0 255 0 24 0 255 255 0 255 0 0 255 0 0 0 255 255
    221 0 119 0 0 255 92 0 0 255 7 255 0 255 255 255 0 63 255 65 0 255
    255 71 138 109 255 0 0 255 228 28 0 0 142 255 0 255 255 0 255 28 255
    0 0 255 0 255 0 255 111 0 255 99 255 255 255 150 0 0 50 255 71 255 0
    255 255 3 255 0 255 255 255 0 0 0 255 0 255 0 255 0 255 255 0 255 64
    255 0 254 0 44 255 57 255 255 0 0 255 255 0 0 0 0 255 255 0 0 255
    255 255 255 255 255 255 42 255 0 0 0 147 0 0 255 255 255 0 118 178
    146 177 210 255 0 255 255 163 0 255 255 0 255 0 255 149 255 0 0 55 0
    255 255 138 59 255 0 240 10 78 0 71 255 0 0 0 255 255 255 255 0 255
    167 255 0 0 165 255 214 255 0 0 255 255 0 35 162 255 0 0 0 255 0 255
    230 255 0 0 0 255 255 255 0 255 134 255 0 0 0 120 255 0 255 255 73 0
    0 0 0 133 46 0 0 255 255 255 0 255 0 0 112 255 255 0 255 0 0 204 0
    255 0 255 255 0 0 0 0 255 217 191 255 0 0 0 255 255 255 136 0 0 0 41
    52 7 255 255 74 0 0 255 255 255 255 255 255 6 0 96 255 0 0 0 255 255
    96 0 255 255 255 0 255 0 255 255 0 103 255 255 180 0 0 114 0 255 205
    255 0 68 0 198 255 142 0 0 124 255 140 0 0 255 0 110 0 255 0 0 0 255
    255 255 255 76 0 0 255 255 254 36 0 0 255 255 255 0 0 0 172 255 255
    255 198 88 255 0 0 206 0 0 255 255 0 255 0 255 255 255 0 0 150 112
    171 0 255 255 0 0 255 255 77 84 255 74 0 0 255 0 125 0 255 255 33 0
    255 255 255 0 169 173 52 0 0 247 255 255 35 255 0 0 255 202 210 0
    255 0 66 0 255 0 255 255 227 255 176 0 0 255 255 255 164 255 85 255
    0 255 255 234 0 0 255 0 77 0 255 0 255 255 179 0 255 0 255 0 0 0 255
    126 159 255 0 255 0 255 0 255 0 0 202 255 140 255 187 0 255 255 0 0
    255 0 255 0 89 0 255 129 174 0 0 255 255 250 16 255 255 0 0 0 81 255
    255 0 0 0 0 255 255 255 0 0 111 0 0 0 255 255 255 0 255 0 0 255 190
    254 0 0 0 152 0 0 0 255 0 255 0 0 0 0 0 0 0 255 104 255 0 255 0 255
    0 255 255 255 255 0 0 0 0 255 0 79 0 255 139 255 255 182 255 0 0 0 0
    255 255 255 255 255 255 0 0 0 255 255 0 103 255 255 255 33 255 230 0
    0 30 255 0 255 242 255 104 0 255 183 0 160 0 0 0 0 255 255 255 255
    255 0 0 0 119 0 0 0 255 255 0 213 0 255 255 255 255 255 0 255 255 0
    75 255 255 0 49 0 81 255 255 255 255 36 0 0 255 255 255 0 255 255
    255 0 190 0 0 255 115 0 255 0 0 255 0 0 0 255 0 255 40 196 0 0 26
    255 255 255 0 255 0 0 255 255 95 0 253 0 0 0 71 255 255 255 0 0 0
    255 0 255 169 255 255 0 0 0 255 167 0 255 0 255 255 255 0 0 255 0
    255 0 255 0 0 0 122 0 220 0 255 255 0 0 255 255 255 0 255 0 0 14 162
    255 255 0 0 0 255 255 255 255 255 0 255 0 255 0 255 255 255 0 255 0
    255 0 147 255 0 178 0 255 0 255 0 255 0 255 0 87 0 75 0 255 0 0 0
    255 255 163 0 128 0 61 231 255 206 0 215 255 0 0 255 188 0 0 255 0
    255 0 45 0 255 57 205 255 129 255 255 147 255 0 0 0 0 255 255 0 130
    0 255 0 0 0 255 255 0 0 255 255 255 0 255 0 255 255 255 221 180 27 8
    0 0 0 255 255 255 255 255 255 26 255 0 0 0 0 255 202 255 0 0 0 0 255
    0 255 0 255 0 255 255 0 0 0 255 0 255 0 255 0 255 0 255 255 86 0 0
    255 144 255 55 255 7 163 0 0 255 255 255 0 0 255 255 0 0 0 174 103
    255 0 255 217 0 255 64 72 0 255 0 226 0 255 255 255 255 255 0 0 0 0
    255 255 0 0 139 219 0 133 243 0 255 244 171 0 255 0 0 183 255 255
    243 0 101 255 255 0 0 24 255 255 153 0 255 0 180 0 255 255 255 0 255
    255 76 0 0 85 255 227 255 57 93 255 1 82 27 123 14 93 255 255 254 0
    185 255 0 255 255 0 0 255 255 37 0 0 0 255 255 0 0 255 255 246 0 0
    255 255 255 152 0 255 255 255 0 0 255 253 0 0 255 255 255 0 0 255
    255 0 255 0 239 0 255 255 131 255 123 255 0 0 255 255 255 0 0 0 255
    255 255 0 255 151 0 255 0 255 0 255 255 0 255 0 73 0 255 255 255 0 0
    162 255 255 0 0 255 255 0 255 0 255 0 0 0 255 255 255 0 0 232 0 255
    255 0 0 0 0 0 255 255 0 0 0 255 255 255 255 255 255 255 86 0 0 0 0 0
    255 0 255 202 182 0 255 255 255 0 0 255 255 210 42 255 82 0 0 255
    255 166 255 0 255 147 255 216 0 0 144 255 255 0 255 0 255 228 176
    255 0 0 0 2 155 255 0 255 0 255 0 158 0 0 93 0 0 255 0 255 255 255 0
    0 255 37 149 0 0 255 255 55 160 66 255 0 175 0 0 93 122 0 0 0 255
    255 186 0 178 255 255 0 0 0 255 255 255 0 0 133 255 255 255 255 0
    255 0 255 255 255 0 255 0 0 255 0 255 0 183 0 255 255 172 255 0 255
    0 91 0 255 0 255 0 100 0 0 240 169 255 255 255 255 0 0 255 0 255 0
    255 255 85 55 255 255 0 0 0 11 255 255 255 46 150 0 255 255 0 255
    255 255 255 0 255 255 255 255 0 0 119 255 255 0 0 255 0 255 0 0 255
    0 255 78 255 255 27 255 0 0 255 209 255 0 255 0 255 255 0 255 164 0
    0 255 209 113 0 0 255 255 0 153 0 0 136 0 209 233 255 0 255 255 255
    251 0 233 0 241 255 200 0 247 255 255 255 124 41 255 255 255 0 255
    175 0 0 79 255 255 255 0 0 0 0 0 155 255 0 255 0 0 133 225 255 0 255
    0 255 0 255 0 0 0 255 0 0 0 255 46 229 0 255 0 255 0 235 255 173 0
    255 0 247 80 255 127 255 0 0 255 114 0 145 255 255 0 0 255 255 0 0
    126 255 0 255 0 255 0 165 255 255 255 0 0 0 255 255 255 255 255 255
    0 0 79 255 0 0 147 0 67 0 232 0 0 255 255 0 255 255 0 255 0 92 255
    255 0 255 255 0 255 71 255 0 0 121 0 255 255 255 0 0 255 255 0 255 0
    255 155 0 0 0 0 255 86 7 0 255 255 0 0 0 255 219 0 0 0 0 215 234 0
    255 75 0 255 0 255 0 255 0 255 255 0 0 0 255 255 0 0 0 255 0 255 0
    255 255 255 255 0 255 255 255 65 255 0 255 148 255 0 255 0 255 0 255
    0 37 255 255 0 0 0 255 255 0 255 24 255 255 0 255 0 255 255 153 102
    134 144 255 0 255 0 240 0 0 0 39 0 255 165 28 0 255 30 255 255 0 0 0
    0 255 255 255 255 0 0 0 255 186 0 0 255 255 0 255 255 148 243 50 124
    0 55 255 0 0 39 255 255 0 0 222 0 0 0 255 255 255 240 0 177 0 255 0
    255 0 255 46 0 0 50 255 255 0 150 255 255 255 0 0 255 0 0 0 255 0
    255 255 255 0 0 0 255 0 0 0 38 0 255 212 128 255 0 0 255 255 0 0 255
    0 249 0 0 255 71 205 0 255 255 212 0 0 0 255 0 0 0 255 192 254 0 255
    255 255 255 255 185 255 0 255 0 255 242 0 255 85 201 0 255 0 255 255
    255 165 43 0 184 255 167 255 255 71 0 255 0 0 255 127 8 0 99 86 255
    255 255 255 69 0 0 0 255 0 255 0 106 49 0 0 0 119 255 132 255 0 255
    255 255 0 0 255 0 255 255 0 164 0 0 255 255 255 255 255 0 0 0 0 255
    255 255 239 0 255 0 0 0 255 173 255 0 255 0 181 255 14 255 0 255 0
    255 0 0 146 255 255 0 0 0 255 255 248 255 255 255 86 0 0 255 0 255 0
    0 255 84 162 92 255 255 255 0 0 206 255 20 0 23 207 117 0 0 255 255
    255 0 230 0 0 0 0 255 255 255 0 255 0 255 255 0 0 0 255 255 0 0 0 0
    255 255 255 0 255 0 255 0 255 0 0 255 255 255 98 0 0 190 255 255 255
    0 32 64 0 255 255 100 0 218 70 255 255 255 255 0 0 12 255 255 85 255
    0 255 0 0 0 255 255 255 0 255 0 255 0 166 0 0 0 112 0 0 0 255 21 255
    255 255 255 255 255 17 255 255 0 255 255 255 255 0 0 0 255 255 0 0 0
    139 255 158 255 255 0 0 0 255 255 0 85 0 255 0 218 102 0 199 0 255
    21 255 172 255 255 0 0 47 255 255 255 0 255 0 255 255 3 33 255 0 0
    255 0 81 68 255 220 255 0 0 0 0 143 255 0 255 163 255 0 255 83 0 0
    255 255 0 0 0 156 0 255 0 255 0 255 255 255 0 0 255 0 0 126 255 255
    0 123 0 255 255 160 247 0 255 0 255 3 255 0 255 29 187 9 0 0 0 255 0
    255 255 255 159 52 0 156 0 255 115 0 0 255 0 0 255 0 255 38 255 0
    255 0 100 0 0 191 0 3 255 0 255 0 0 0 255 0 255 255 255 255 0 214
    152 0 255 255 255 142 255 96 228 58 0 255 255 0 0 0 255 101 0 255 0
    255 255 255 255 7 0 31 12 255 145 0 85 255 255 0 141 83 255 255 0 94
    255 255 228 0 88 0 0 255 212 255 151 168 0 255 0 255 0 26 255 255
    255 0 89 123 0 236 242 255 0 0 150 255 255 39 0 74 83 187 255 255
    180 0 0 0 0 0 255 177 255 255 255 0 0 255 0 255 0 0 0 255 0 255 0
    255 255 0 0 255 0 255 255 0 52 44 187 0 0 255 0 0 250 0 255 204 0
    255 0 0 195 0 255 0 255 0 255 255 255 0 0 255 17 255 183 0 0 70 0 42
    0 255 255 255 0 0 255 255 0 0 0 255 255 255 255 255 0 255 0 255 0
    186 0 0 255 255 146 103 0 0 255 245 255 0 0 0 0 255 0 255 0 248 0 0
    255 255 10 0 255 19 255 63 0 0 255 216 255 74 0 255 0 255 176 255 0
    211 255 0 162 255 255 0 0 255 255 255 0 0 77 255 0 0 255 94 255 0
    255 8 255 0 255 255 255 0 255 0 50 255 167 255 144 0 81 0 255 255
    115 0 0 49 179 177 0 0 0 0 255 0 222 0 0 255 255 255 0 0 0 63 255 0
    16 0 255 0 222 0 255 170 234 27 0 255 255 255 255 0 0 255 0 255 160
    24 255 0 0 255 6 255 0 0 255 0 163 8 219 255 255 0 59 59 255 0 255
    255 0 0 0 255 100 0 0 255 0 253 43 255 255 0 255 53 255 0 255 0 255
    0 0 134 255 146 255 0 253 0 255 56 0 0 0 255 255 255 255 255 255 0 0
    221 0 2 255 255 0 255 0 177 0 0 255 255 0 97 0 0 255 0 255 0 0 255 0
    255 137 255 0 255 255 0 0 0 134 102 192 0 0 0 0 255 0 255 0 0 255 0
    6 255 0 255 94 255 0 119 0 0 255 172 117 60 255 255 255 0 0 0 255 0
    255 255 0 0 0 0 255 255 0 0 0 255 255 145 6 255 49 0 72 22 0 255 0
    255 162 255 255 101 255 0 0 255 255 255 255 0 255 0 0 22 57 255 0 0
    0 255 0 0 255 0 255 255 0 185 0 255 255 255 0 0 0 255 0 128 0 174
    150 255 255 161 255 255 255 255 0 0 215 189 255 103 0 42 255 0 255
    255 0 255 116 255 0 0 255 21 234 255 230 0 255 0 255 255 255 210 0 0
    0 0 255 0 172 75 0 0 226 255 255 255 255 255 255 255 255 57 0 21 255
    255 255 0 0 0 255 0 255 255 255 0 255 255 55 0 118 255 231 255 255
    255 255 99 255 255 137 255 255 0 0 0 249 251 0 255 0 255 87 0 0 255
    0 255 0 255 255 255 255 0 0 255 255 255 255 0 0 0 77 18 0 175 255 0
    255 255 255 0 0 227 0 255 255 254 0 255 255 255 0 0 0 255 252 255 0
    255 0 255 0 255 255 255 83 0 255 0 0 0 255 255 255 255 8 0 0 255 255
    255 0 255 124 0 0 103 255 211 255 255 0 0 255 73 255 0 255 44 255 0
    0 0 0 0 0 255 0 255 0 192 207 255 67 255 255 255 0 255 0 222 0 0 85
    0 255 255 188 21 0 255 255 255 89 0 0 255 90 205 137 25 0 0 255 148
    205 0 255 255 0 255 0 255 255 193 0 0 255 255 255 0 255 209 255 188
    0 115 49 0 255 239 0 0 0 0 164 0 0 255 0 255 0 255 0 0 30 0 255 255
    255 116 0 0 0 255 0 255 158 255 255 13 255 0 0 255 0 255 0 255 0 255
    255 255 255 0 255 255 77 0 228 136 255 255 158 0 0 255 255 248 0 0 0
    255 255 255 255 50 255 144 0 255 0 0 14 0 31 0 255 0 248 255 172 0 0
    52 255 255 0 27 0 159 255 113 79 0 5 255 255 255 0 108 255 0 255 255
    0 0 255 255 255 227 255 0 255 33 0 255 0 0 0 0 83 255 255 174 0 255
    255 255 0 255 0 0 254 0 255 0 255 0 108 0 0 0 62 0 40 0 0 55 255 156
    255 0 0 255 255 22 255 0 231 0 255 255 106 255 228 211 110 255 0 0 0
    255 255 255 255 161 255 255 255 255 0 0 229 216 221 0 255 255 255 0
    0 0 0 255 255 225 0 0 0 73 255 255 180 0 0 255 0 255 255 0 255 0 255
    255 255 255 0 255 255 0 0 0 255 0 255 126 255 191 0 0 0 0 125 255
    255 255 255 240 255 0 167 0 255 156 0 0 0 0 255 255 18 0 78 255 255
    0 255 0 229 255 0 0 0 0 0 0 177 0 255 10 255 198 255 255 78 4 0 207
    255 0 0 255 137 255 0 255 0 255 195 255 255 230 0 0 0 255 5 255 255
    255 0 0 255 0 211 0 255 80 184 255 0 255 255 0 21 0 0 255 0 255 255
    255 255 0 255 0 0 255 255 82 0 0 255 26 255 255 186 0 255 0 255 255
    0 255 0 0 0 0 0 141 0 255 0 66 0 255 0 255 255 255 255 255 0 255 78
    255 0 87 0 0 0 255 255 86 221 0 255 0 255 255 255 255 255 0 0 0 191
    255 0 23 255 255 225 255 255 222 0 0 0 255 0 0 255 233 205 0 29 255
    120 255 255 255 52 255 154 0 255 0 183 255 105 255 255 0 0 0 220 0 0
    254 255 255 0 0 0 20 0 25 81 0 255 0 146 0 255 223 182 163 254 255 0
    0 0 116 255 51 255 0 0 255 130 0 0 255 204 255 255 0 0 0 0 0 255 255
    255 0 0 0 255 0 0 58 255 255 0 222 205 104 255 255 222 255 0 255 0
    255 255 255 0 5 0 255 255 255 255 0 255 3 76 0 255 0 255 21 204 108
    0 142 255 46 255 0 0 0 255 171 255 0 216 187 145 0 108 255 255 255 0
    0 0 255 0 0 0 210 10 255 0 255 0 52 0 255 44 255 106 0 0 123 255 0 0
    105 22 0 255 75 0 0 255 210 255 0 0 255 255 255 255 255 0 0 0 199 0
    0 0 255 162 255 25 0 0 255 193 0 255 0 255 166 103 0 48 255 255 0
    255 0 86 255 255 255 255 0 255 0 37 0 255 0 26 0 255 0 0 0 0 255 255
    255 0 0 255 255 0 0 0 255 0 234 202 255 31 255 0 0 255 255 0 0 0 255
    0 255 0 255 255 255 105 116 0 154 28 0 255 0 255 248 255 63 0 255
    255 0 0 7 255 0 255 93 187 0 0 39 255 109 255 155 255 0 0 255 0 0 0
    255 0 255 255 241 255 0 255 0 255 153 255 0 31 0 255 0 0 0 0 0 102
    219 0 255 0 255 0 0 58 255 255 136 0 0 255 0 0 0 255 255 0 105 0 255
    255 255 255 41 255 255 0 0 255 0 255 230 0 0 0 255 255 255 0 255 0
    201 0 255 255 44 191 0 0 0 255 97 0 255 255 255 241 0 0 255 0 228 0
    255 0 255 0 0 0 255 245 170 255 255 255 0 233 255 32 255 0 255 255
    248 0 0 18 0 255 189 255 0 0 255 255 255 255 0 255 0 255 255 0 53
    158 255 0 31 177 0 255 0 4 80 0 255 0 255 255 77 255 255 255 95 255
    255 0 206 0 255 0 30 0 0 0 232 255 255 0 0 0 255 255 116 0 0 0 0 205
    0 255 255 229 0 0 15 255 255 14 0 2 163 0 0 255 192 115 255 214 255
    0 0 255 255 32 0 0 255 255 255 143 11 242 255 0 255 0 170 255 169
    171 255 255 255 199 105 0 255 0 255 0 41 235 0 0 255 0 0 0 50 0 116
    255 255 255 66 255 0 255 0 166 7 255 255 255 30 0 75 186 0 236 255
    255 43 0 0 255 85 111 0 0 255 255 0 143 255 255 191 255 0 255 210
    255 0 255 255 0 0 0 255 146 255 0 0 0 255 85 255 0 0 100 0 0 255 41
    255 0 255 0 255 0 255 222 255 0 255 0 255 83 255 255 255 255 236 0 0
    193 32 255 0 0 234 0 0 255 255 255 209 18 0 0 158 0 0 229 255 255
    255 0 255 0 0 0 0 75 0 255 0 255 255 251 0 0 178 255 255 255 0 255 0
    0 0 0 255 255 0 0 0 230 0 99 0 94 0 255 255 119 0 255 0 81 255 0 255
    0 255 149 255 255 255 0 0 14 0 0 0 99 255 0 255 0 0 89 255 255 255 0
    255 0 255 0 10 255 0 0 0 255 255 255 22 55 255 255 0 0 0 168 0 0 0
    255 255 255 0 12 0 255 5 36 255 255 77 83 0 255 218 255 255 255 0
    255 0 0 255 255 0 5 0 255 0 147 0 0 0 255 0 70 167 0 0 255 255 255 0
    0 255 255 255 255 182 0 0 31 0 20 255 255 0 31 255 255 0 0 157 173
    204 104 255 0 120 0 234 255 255 255 0 255 255 255 0 0 255 255 255 0
    0 0 109 7 213 83 255 0 0 255 255 255 255 0 0 0 255 255 0 0 0 255 40
    255 0 0 255 0 0 97 255 255 255 0 165 0 0 1 244 255 255 231 0 255 0
    255 35 255 0 255 255 0 255 0 0 217 0 0 0 0 213 255 77 255 0 255 0 0
    255 0 0 0 255 0 100 255 255 255 0 0 46 93 255 0 255 255 117 0 26 255
    0 16 0 0 0 255 255 255 0 255 0 255 0 0 255 255 255 0 0 255 255 255 0
    125 255 72 85 255 0 255 0 255 255 151 255 255 0 0 17 255 255 114 0 0
    0 0 0 255 255 255 0 209 255 255 255 83 0 0 255 0 125 27 255 0 82 255
    0 0 0 0 255 255 0 255 59 0 0 255 255 18 0 0 255 75 255 255 237 0 0
    255 174 86 0 255 58 185 0 255 0 255 0 255 255 0 216 255 255 0 255
    123 0 255 0 0 0 33 255 255 0 255 255 157 0 69 106 0 0 85 255 0 255
    255 214 0 235 0 255 0 255 0 225 0 25 255 209 0 255 224 18 0 255 0 0
    158 215 255 197 0 0 255 0 236 255 0 0 255 255 255 145 51 0 42 255
    255 0 0 255 255 0 241 255 255 255 0 255 255 255 25 60 255 0 0 255
    255 255 255 0 119 0 87 153 255 0 0 252 255 255 255 66 255 107 0 240
    233 0 181 39 255 36 0 0 0 0 232 255 0 255 0 255 255 255 0 0 255 0
    255 255 134 154 0 0 0 0 255 0 255 0 255 0 255 135 255 0 0 168 255 0
    0 255 255 133 0 0 209 255 0 192 0 31 0 255 0 0 0 210 247 255 0 0 116
    215 0 61 216 104 255 255 159 184 215 255 255 0 255 255 0 0 0 255 0
    255 84 38 0 255 255 255 0 0 227 255 255 0 255 0 255 0 255 0 0 0 255
    150 255 201 0 255 255 255 0 255 191 0 0 0 255 255 255 255 255 0 255
    255 0 0 0 0 54 207 255 0 0 0 255 0 159 0 0 0 229 255 255 255 0 0 255
    255 255 0 255 0 255 255 47 0 0 0 255 0 255 0 255 0 255 0 209 255 154
    255 130 0 255 255 255 0 0 0 255 212 255 228 255 122 255 0 255 255
    255 0 57 223 0 190 255 255 178 0 0 255 255 255 197 0 255 255 0 0 0
    255 255 0 255 0 38 0 230 0 0 0 255 255 96 0 255 0 255 255 255 0 255
    0 255 255 114 0 0 216 255 255 255 241 0 0 85 255 156 0 0 0 255 123
    255 0 255 255 255 0 234 73 46 233 0 0 255 255 255 237 0 0 0 0 0 255
    255 169 255 255 0 255 0 115 0 0 255 255 0 0 0 255 0 255 0 0 255 22
    255 0 0 0 0 255 255 255 67 255 255 255 0 255 124 255 0 232 0 255 0
    255 0 0 208 84 0 255 151 88 255 255 255 133 255 0 0 255 0 74 0 255
    57 255 0 255 0 0 29 255 0 0 111 255 255 163 0 0 255 69 183 22 255 0
    0 0 255 255 255 0 158 0 255 255 255 255 0 0 255 255 17 0 0 255 0 0
    15 255 68 0 0 255 0 255 0 244 0 56 255 85 255 0 114 255 0 133 0 255
    0 0 0 255 0 255 0 255 255 255 0 255 0 0 0 107 119 201 0 0 255 106
    255 255 94 183 0 43 0 0 67 26 255 255 0 36 255 0 255 59 255 0 126
    255 0 255 51 120 98 255 149 0 0 0 255 255 255 0 255 0 0 0 255 255 0
    0 255 255 255 103 255 0 0 255 0 255 12 242 0 61 0 255 236 255 0 255
    0 255 178 255 0 70 64 124 0 0 231 182 255 255 255 0 255 152 0 0 255
    0 165 0 0 255 254 0 0 0 202 74 0 89 223 236 255 0 0 0 0 0 255 255
    255 255 255 186 70 255 255 255 0 255 111 0 0 255 255 255 0 0 0 0 242
    0 0 255 255 121 255 0 16 0 0 0 0 0 38 255 32 255 115 95 0 0 91 255
    54 255 0 255 191 255 0 0 255 255 255 0 0 255 255 255 28 0 0 42 83 33
    0 24 0 255 0 255 255 28 255 165 255 142 0 0 0 255 255 0 0 95 0 255
    145 201 4 0 255 104 255 0 255 0 255 0 0 0 215 0 255 255 173 233 0
    255 0 0 24 255 15 255 61 255 0 135 255 0 255 0 255 0 230 223 255 255
    130 16 120 255 0 0 0 255 205 0 208 255 255 0 0 0 208 255 0 255 255
    189 0 0 255 255 255 0 0 0 255 255 255 255 255 255 0 255 255 255 255
    255 0 255 0 255 255 255 0 255 0 255 0 255 0 255 124 0 232 255 0 0
    255 231 144 0 0 0 255 255 0 138 0 0 255 255 255 0 0 0 255 255 0 255
    255 255 0 255 0 93 0 255 0 0 0 255 255 255 0 52 187 255 255 255 0 0
    0 255 255 0 0 0 0 255 255 255 193 255 255 255 0 0 55 255 255 0 255
    255 255 255 0 255 0 0 0 255 255 0 255 255 255 255 0 0 0 255 255 255
    0 0 255 187 255 0 255 0 255 1 255 0 255 0 0 0 36 255 255 0 255 255 0
    0 0 239 255 255 25 28 0 255 255 255 0 0 140 255 255 0 0 0 15 0 255
    255 255 0 255 255 0 0 11 255 0 255 191 255 0 119 0 255 159 0 0 120
    255 0 255 0 0 0 255 255 205 255 0 0 0 214 255 219 0 255 0 255 0 255
    149 246 0 255 152 0 0 0 0 255 0 0 255 255 78 45 182 0 0 0 255 255 0
    255 176 255 0 0 70 255 255 0 255 255 255 0 255 0 0 255 82 255 0 255
    255 187 0 0 255 255 0 0 0 255 237 255 255 255 0 0 75 125 173 0 13
    255 255 0 255 0 255 255 0 0 0 255 255 255 255 255 255 255 255 0 0
    255 255 190 0 0 8 255 255 0 0 0 0 255 0 53 255 182 255 53 215 0 255
    55 255 0 255 255 255 99 0 152 255 88 255 255 0 191 0 0 74 255 23 255
    255 51 255 255 255 0 0 255 0 255 204 255 0 0 0 0 255 7 107 0 11 0 0
    255 41 255 0 255 255 4 0 107 255 255 100 255 0 255 255 255 0 255 238
    255 228 32 255 255 255 0 255 0 255 0 47 244 255 0 0 0 185 76 255 0
    255 255 255 255 27 28 0 0 0 0 0 0 0 255 255 255 0 255 255 147 255 0
    255 0 0 0 255 255 255 0 0 0 255 255 0 0 247 255 172 255 0 255 0 255
    0 0 255 0 255 0 0 146 0 255 84 255 255 255 255 0 0 119 255 255 255
    255 0 200 0 29 70 255 0 255 0 0 255 255 255 0 0 19 0 203 255 44 0 0
    8 0 0 0 0 0 153 25 255 0 255 255 0 0 0 0 255 255 255 0 255 0 255 38
    0 0 255 0 255 0 255 0 0 0 255 0 255 0 54 212 255 62 0 0 0 0 0 255
    255 0 0 255 255 255 130 44 140 255 255 0 0 0 0 255 0 180 255 0 255
    240 0 239 0 255 255 255 0 0 0 247 4 0 255 255 255 255 0 0 255 0 0 0
    255 255 118 255 193 255 0 0 13 1 255 0 255 0 255 168 227 255 255 255
    255 255 0 0 38 0 255 255 255 0 0 0 252 0 156 0 255 255 0 0 249 255
    255 0 0 255 0 255 255 255 255 58 255 0 255 255 255 255 24 255 0 255
    246 118 22 0 255 255 0 0 37 255 255 255 0 0 0 0 255 0 175 255 0 0
    255 199 255 0 255 0 255 142 255 61 19 255 0 0 0 255 255 41 0 31 255
    255 255 0 255 255 0 0 101 255 255 32 255 0 248 0 255 255 0 110 255
    255 0 0 0 0 255 255 255 0 0 255 76 0 255 100 0 104 48 206 156 0 0
    224 255 55 0 255 0 255 0 0 0 255 255 0 31 71 0 22 255 255 58 0 0 0 0
    0 237 0 0 255 134 191 255 246 0 238 255 255 0 255 0 19 102 0 255 0
    53 0 255 255 255 255 0 0 48 0 255 0 255 0 255 0 0 153 238 255 255
    179 3 0 255 255 0 0 255 43 255 255 0 0 255 255 255 0 156 255 255 0 0
    0 0 0 255 255 255 0 0 0 255 255 57 0 0 0 255 255 0 0 255 255 255 255
    0 255 0 0 0 0 255 0 255 255 255 233 255 215 255 0 182 0 97 240 255 0
    255 8 181 0 0 255 255 255 4 96 0 110 255 255 176 0 0 175 0 0 255 255
    0 0 0 255 120 115 193 147 0 255 0 223 0 227 244 0 255 72 117 0 0 104
    255 0 52 0 6 0 255 255 255 255 0 0 0 255 240 255 148 255 239 0 0 95
    255 255 0 0 255 255 255 17 255 255 0 0 0 138 255 255 255 0 0 255 255
    0 0 238 255 255 0 70 0 0 0 255 255 255 142 255 0 0 0 255 0 66 0 255
    255 255 0 0 5 0 255 149 255 255 0 255 255 228 0 255 124 255 0 255 0
    184 0 255 255 255 255 0 0 65 28 255 0 255 216 185 0 255 0 255 0 255
    0 255 0 0 0 0 255 0 0 255 255 255 0 255 255 255 0 0 255 0 0 74 0 255
    0 255 255 64 255 0 255 0 0 0 255 247 255 73 255 30 0 0 255 255 0 0 0
    144 0 0 255 0 255 0 255 0 0 0 0 255 88 255 255 255 0 0 39 247 0 0 0
    214 255 252 255 0 229 0 0 255 0 255 255 255 255 0 0 255 0 255 0 255
    0 255 0 95 0 0 136 116 255 255 255 0 0 0 255 255 0 0 255 255 154 222
    255 0 119 0 255 0 0 125 57 255 255 255 255 255 255 93 0 0 255 0 255
    0 0 0 255 207 255 0 255 0 255 1 255 0 0 255 255 0 255 255 255 0 0
    170 0 88 255 255 142 0 255 255 255 0 17 255 255 0 255 0 88 0 255 255
    0 0 0 255 0 255 0 0 255 0 255 0 0 0 76 104 0 0 0 0 0 89 151 0 252
    255 136 0 255 255 190 223 24 0 114 0 202 53 0 0 0 0 0 0 255 255 0 0
    7 255 0 0 0 71 255 222 165 229 0 255 199 0 255 0 0 0 0 255 200 251
    255 255 255 255 0 255 0 0 255 255 255 0 0 0 255 255 0 211 255 0 10 0
    255 255 87 127 31 0 166 255 0 255 0 255 255 255 95 255 0 255 0 255 0
    0 0 255 255 0 0 0 255 255 255 0 231 255 255 255 0 255 255 0 255 0
    101 0 57 80 255 0 255 255 255 0 0 0 0 255 0 0 0 120 0 255 255 255
    255 255 0 0 255 255 255 0 254 0 0 255 13 0 0 0 0 0 0 251 0 255 19 0
    255 0 255 255 5 255 0 255 255 255 255 0 255 113 255 0 255 0 0 30 0
    255 0 0 255 255 0 0 0 255 255 255 0 0 0 0 0 0 255 255 255 234 0 0 0
    255 255 255 53 0 255 0 255 0 255 0 255 255 0 0 0 75 255 132 0 0 125
    0 255 255 0 0 0 0 255 83 255 255 255 0 255 255 227 0 0 0 0 0 255 255
    0 0 177 255 0 255 0 109 36 216 253 0 0 0 255 255 255 255 0 0 0 255
    255 0 255 0 0 0 0 20 255 255 0 249 0 50 0 255 255 0 255 0 0 0 100 0
    255 33 130 255 255 255 0 0 255 255 36 0 0 255 255 255 255 0 0 0 0 0
    104 0 0 0 255 255 255 0 180 0 101 217 0 0 21 0 0 255 123 127 110 255
    132 171 0 0 0 255 255 0 146 0 0 0 255 255 0 43 0 255 0 255 0 0 255
    255 0 0 0 255 255 7 0 255 181 255 255 255 255 255 255 0 0 0 0 0 32
    255 255 255 0 0 255 255 0 66 0 255 62 255 216 0 231 0 255 255 255 0
    0 68 203 255 0 255 0 199 0 0 0 13 255 0 15 255 255 0 255 0 255 255
    255 255 255 0 255 255 255 0 36 0 255 0 141 0 255 0 255 0 255 255 255
    0 208 198 101 255 0 255 44 255 163 0 123 255 255 255 255 0 255 255 0
    0 0 255 103 255 0 255 31 255 255 0 0 255 255 255 0 13 0 255 0 141
    181 0 255 255 255 255 0 255 0 0 176 0 51 255 255 0 0 0 255 249 255 5
    84 30 255 0 0 255 255 77 0 255 0 255 0 255 0 255 255 255 0 0 178 255
    255 255 225 79 201 0 0 255 255 255 255 0 0 0 0 255 255 255 0 0 0 255
    209 0 218 29 0 0 0 58 255 0 0 0 130 19 84 255 61 255 0 255 0 222 248
    255 0 0 0 99 255 0 255 0 0 255 0 255 255 255 227 201 184 0 0 255 0
    255 255 255 255 255 0 25 0 255 255 255 0 0 165 255 0 255 255 0 255 0
    199 0 255 255 255 0 255 0 255 210 255 0 145 255 255 255 0 255 255
    255 255 0 0 192 0 255 22 0 255 255 0 0 0 255 255 255 47 218 37 255
    255 0 120 255 255 0 0 0 255 255 0 0 255 0 255 60 255 72 255 255 255
    255 0 0 0 255 255 255 255 0 0 0 255 0 181 0 255 0 255 255 214 255 0
    255 37 39 255 251 255 0 0 255 0 195 70 255 255 51 251 255 0 0 0 255
    255 0 255 0 255 0 255 255 255 255 215 38 0 0 255 0 255 0 255 255 230
    0 255 255 0 0 255 76 157 255 0 255 0 255 255 50 255 0 255 255 0 255
    0 255 0 255 0 0 255 255 0 0 0 0 255 255 255 0 0 255 255 255 162 255
    0 255 0 0 255 136 255 0 0 255 0 255 83 0 0 0 255 0 190 255 255 255
    255 0 0 255 255 0 0 0 48 0 236 0 191 255 0 83 0 255 255 255 2 255 64
    0 0 255 255 0 0 0 94 0 0 255 255 255 112 0 255 255 0 219 203 255 0 0
    0 0 255 255 255 0 0 0 156 110 0 255 255 0 0 143 255 0 255 255 0 90
    137 255 255 255 255 255 0 255 0 0 255 255 255 255 0 0 0 0 255 0 255
    0 45 255 150 255 255 255 0 0 0 255 8 255 255 255 44 255 134 255 255
    255 114 0 144 0 255 0 0 255 9 0 0 24 228 89 0 0 0 255 255 255 0 0 0
    85 255 255 31 255 112 0 217 255 204 0 255 255 9 0 0 162 255 216 255
    255 0 0 0 0 151 0 255 255 0 0 0 0 120 255 255 255 0 0 89 18 223 0
    255 255 212 0 200 255 255 0 0 0 0 255 0 0 0 47 30 213 0 255 0 48 156
    255 67 0 255 255 0 0 255 68 0 28 255 255 255 126 255 0 255 60 255
    255 0 0 0 56 255 0 255 0 255 0 220 0 255 0 146 255 255 5 255 0 255
    37 255 0 0 255 255 0 15 28 255 0 170 255 255 0 0 11 255 255 81 255 0
    255 0 41 0 0 255 255 0 150 255 255 255 255 255 255 0 213 255 255 245
    0 0 0 255 255 0 118 0 206 231 33 0 0 0 255 255 255 0 88 0 255 0 255
    37 0 0 255 255 255 136 0 227 0 255 223 0 119 68 255 255 255 0 0 0 0
    0 30 0 255 0 66 255 255 255 6 255 255 189 0 0 255 255 0 0 255 255 0
    255 0 200 0 255 239 0 255 0 255 0 255 128 255 0 0 0 199 255 235 255
    0 255 0 255 0 255 0 255 0 105 255 255 13 175 255 0 0 0 255 255 0 0 0
    255 255 255 255 0 0 0 0 0 0 60 255 255 0 255 0 255 120 255 255 12
    255 0 255 0 255 88 255 0 0 255 102 255 92 1 48 255 0 0 0 0 255 255
    132 83 0 0 0 255 0 0 0 255 255 0 0 0 255 255 255 255 0 0 255 255 105
    0 140 255 255 0 215 255 255 228 0 255 0 190 0 0 47 255 0 255 255 255
    0 176 0 19 0 255 180 0 0 255 0 0 0 255 255 255 0 0 218 102 255 6 255
    255 0 255 255 255 0 219 0 0 255 82 0 255 0 255 0 192 255 0 255 255
    255 32 0 0 0 230 0 0 255 140 87 255 0 255 0 50 114 0 255 0 255 255 0
    255 141 0 0 0 0 255 0 255 210 255 0 255 0 0 0 176 255 0 255 47 60 0
    255 255 0 255 0 0 215 212 203 0 0 255 255 79 255 0 0 0 42 255 255 0
    186 255 0 0 95 255 255 0 198 0 0 255 255 0 255 255 255 255 0 0 0 0
    255 255 0 0 255 255 0 255 0 255 230 43 255 255 255 162 0 0 0 0 207
    255 255 210 5 0 255 0 255 0 106 255 0 255 0 255 0 0 0 255 107 0 255
    255 0 0 0 0 255 0 0 0 255 255 253 255 255 151 0 255 0 138 0 255 255
    142 0 255 255 255 0 0 234 0 255 0 32 195 255 205 255 0 0 0 97 42 156
    255 0 255 121 22 4 0 255 44 18 0 0 0 0 60 255 255 255 255 0 255 255
    255 255 39 255 255 255 120 71 0 0 255 255 120 180 0 255 0 0 182 255
    255 0 255 0 255 0 255 255 0 0 255 255 255 0 0 0 255 255 0 0 147 0 0
    255 0 0 141 156 216 255 255 255 56 96 0 0 0 0 118 0 255 255 118 255
    0 223 0 0 185 255 255 255 255 0 242 255 255 87 89 33 255 255 0 0 255
    0 0 255 15 255 241 0 0 0 213 174 255 187 255 0 0 0 255 255 255 0 0 0
    255 150 54 0 0 255 255 255 0 0 0 255 255 255 0 0 0 255 255 0 223 0
    26 255 0 0 255 0 255 27 255 0 0 0 255 36 255 0 161 0 0 0 0 118 0 0
    255 0 255 255 0 255 152 0 0 255 255 255 181 0 255 255 255 0 0 255
    206 86 0 255 0 48 0 0 255 255 255 0 0 255 0 131 255 255 0 0 255 255
    255 0 0 255 0 0 0 255 56 255 255 255 174 255 255 69 255 0 255 255 0
    255 255 255 0 0 0 196 87 0 0 76 0 0 255 255 255 139 255 0 255 85 17
    169 0 255 158 0 255 0 41 0 255 3 111 0 0 255 0 0 0 102 255 255 255
    65 0 234 97 255 255 185 0 255 0 255 0 255 255 255 255 0 255 0 0 0
    255 255 122 0 17 255 255 255 0 255 0 255 0 255 255 0 255 0 204 0 202
    138 255 0 255 0 255 0 255 0 255 0 255 255 255 255 0 255 255 0 255 0
    106 0 0 255 255 255 0 0 161 0 255 0 0 255 255 255 0 143 255 250 255
    0 255 0 255 255 0 0 86 211 35 212 255 0 189 255 0 0 0 255 255 255 0
    0 218 255 255 255 116 255 255 255 0 143 0 137 0 0 0 209 0 255 0 255
    0 255 0 255 255 255 0 255 0 0 255 0 255 215 255 0 0 0 34 255 255 255
    255 0 0 0 255 171 255 169 0 255 0 255 40 16 255 0 0 5 0 0 0 0 255
    255 0 255 74 255 0 218 255 164 255 0 255 255 255 85 200 0 0 0 132
    255 255 255 0 0 0 0 255 0 122 255 0 0 0 255 0 0 0 255 0 255 0 0 0
    255 255 0 0 255 70 255 255 0 255 255 255 0 0 0 255 255 255 32 0 86 0
    255 255 0 0 0 255 255 112 0 0 99 0 0 255 255 0 255 0 255 0 255 103
    255 0 0 250 0 0 56 255 0 0 255 220 255 0 255 255 255 97 0 0 0 84 0
    255 120 9 0 0 255 255 255 255 225 0 213 255 255 255 255 0 0 0 255
    255 34 195 252 0 201 0 255 255 255 182 255 0 0 0 0 255 111 255 0 227
    255 255 0 77 255 255 200 0 255 0 0 0 255 0 0 0 255 0 255 0 255 255 0
    0 0 255 255 0 255 46 0 251 255 255 230 147 38 221 0 255 0 0 0 255 0
    39 188 255 255 255 0 250 0 34 255 0 255 0 0 0 255 255 192 0 255 255
    29 255 255 255 255 229 109 255 255 0 0 0 255 255 255 0 255 0 0 255
    255 0 0 0 255 255 255 104 255 0 255 0 255 0 0 255 0 255 255 255 0 0
    255 255 133 255 62 0 255 255 6 0 255 0 255 187 255 255 255 255 255 0
    0 255 0 142 255 0 255 0 0 0 255 183 0 0 255 255 255 255 0 0 0 255 0
    0 0 0 0 197 255 255 255 0 187 0 255 254 0 0 255 255 255 145 0 198
    255 195 149 0 0 0 0 71 0 255 45 0 0 255 0 234 255 255 255 255 255 81
    0 0 255 180 0 149 0 163 0 255 255 255 255 255 76 146 4 39 149 255 0
    0 199 0 255 0 255 255 134 0 0 0 255 255 255 211 235 255 160 0 0 0
    255 255 0 0 255 223 255 0 255 255 255 255 0 255 0 255 0 255 0 255
    178 234 100 255 0 13 0 255 0 73 247 0 133 0 0 255 219 0 255 255 0
    255 0 255 0 255 131 255 255 255 0 0 255 0 255 69 255 255 255 255 0 0
    46 0 255 215 60 0 0 255 0 102 0 255 0 255 0 255 240 255 255 255 0
    145 0 255 0 182 99 203 255 0 148 125 0 255 255 255 0 0 255 255 255 0
    255 255 255 44 0 0 0 133 255 0 255 0 0 0 0 0 255 255 255 127 255 255
    0 0 0 255 0 255 255 255 0 0 105 0 255 255 119 0 0 0 210 255 255 243
    255 0 0 255 125 0 18 255 255 28 0 0 55 0 67 126 0 0 255 255 255 255
    0 255 0 255 0 255 255 255 0 0 204 0 255 0 255 50 255 0 97 0 255 42
    255 0 0 51 0 255 0 255 0 255 71 255 255 0 0 255 255 0 255 140 255 0
    25 255 248 255 32 0 255 0 255 107 255 0 0 238 0 0 12 255 75 255 0 2
    0 0 255 255 0 0 203 255 0 112 70 245 255 255 0 255 0 0 0 255 255 255
    52 255 0 255 0 255 114 255 0 0 255 255 13 121 237 255 208 232 0 116
    255 255 255 0 0 0 255 248 12 255 255 0 54 0 0 0 0 0 115 255 255 216
    0 255 0 255 137 0 119 0 255 255 255 255 135 87 255 255 205 0 152 255
    255 255 0 0 47 0 0 0 255 255 255 209 255 255 0 182 0 255 43 115 0
    212 0 255 255 0 255 255 160 25 255 255 255 0 0 255 255 0 255 255 255
    255 255 0 0 255 255 255 0 10 255 0 204 255 0 255 0 228 255 0 0 201
    255 0 0 0 34 233 255 248 255 255 0 0 255 101 255 255 8 0 16 255 0 45
    0 255 255 25 255 255 15 0 255 255 0 0 255 56 0 77 0 255 255 0 186
    255 255 255 0 0 0 0 250 0 0 255 255 255 255 0 25 202 73 12 255 255
    255 138 159 206 0 255 0 255 0 255 0 255 255 0 87 0 0 0 0 0 255 0 255
    0 255 0 255 0 0 255 164 231 255 0 0 255 0 255 0 255 0 255 29 0 255
    255 255 255 211 0 0 255 0 0 2 255 0 85 0 127 0 0 0 0 255 186 255 209
    223 255 255 129 0 255 0 0 189 244 6 255 255 255 0 0 103 251 255 0 52
    0 137 0 255 30 0 255 106 255 255 25 242 0 0 157 0 255 0 255 17 255 0
    255 0 255 80 255 140 110 0 0 0 255 114 255 255 0 254 255 40 0 104
    255 255 105 0 0 0 255 242 0 0 0 0 0 255 255 255 187 246 255 255 0 0
    0 0 245 255 255 0 255 0 232 0 32 122 255 0 255 255 0 255 0 0 139 255
    0 61 0 187 115 0 0 0 120 0 255 0 255 255 239 0 0 0 255 0 0 255 0 255
    226 255 117 170 42 0 255 0 255 0 0 0 145 5 255 255 0 0 0 255 101 0
    255 255 255 0 255 0 0 255 0 255 255 255 255 0 255 1 0 255 255 255 0
    0 0 255 255 255 151 0 0 255 255 255 0 0 0 255 255 255 255 0 0 148
    150 255 0 0 0 255 255 255 255 255 0 11 255 150 243 0 0 255 255 0 0
    24 0 255 0 255 183 70 0 52 237 158 255 255 255 0 255 0 255 0 255 0
    255 0 255 255 255 255 195 218 255 0 26 0 208 255 255 255 0 0 255 255
    255 110 0 5 255 0 0 0 183 255 0 0 0 255 0 30 0 253 0 255 0 0 0 17 0
    255 112 255 255 255 0 255 65 255 255 0 0 255 255 255 0 0 0 0 85 0 0
    0 255 255 255 255 0 195 0 225 0 255 255 255 141 190 0 255 0 255 255
    255 0 0 255 255 255 0 214 0 144 0 255 0 0 255 34 255 0 255 255 0 0 0
    255 255 56 18 89 255 255 255 0 0 0 0 255 255 199 255 255 0 0 0 255
    255 123 255 246 255 0 143 255 0 255 0 0 10 255 229 0 255 255 0 255 0
    255 34 0 0 255 255 255 255 255 255 0 0 255 255 0 198 0 255 95 137 0
    238 0 255 174 255 255 255 0 255 0 0 255 0 126 255 14 255 0 170 0 0
    255 255 255 0 255 255 0 0 0 131 255 255 94 0 255 255 255 0 148 255
    255 255 255 255 0 0 0 0 249 255 86 0 0 0 255 0 255 0 95 0 255 255
    255 169 0 255 0 224 255 0 255 0 255 0 190 0 0 0 46 255 0 255 0 255 0
    0 0 22 0 255 255 255 0 0 255 0 51 0 52 0 236 255 255 255 43 18 255 0
    0 147 255 220 255 0 0 0 0 255 255 102 0 0 255 0 255 0 171 255 0 0 0
    120 255 255 41 255 255 255 0 200 0 255 255 255 0 0 18 0 0 6 255 255
    255 0 238 0 69 0 0 84 255 0 0 207 0 255 0 255 255 173 255 0 113 0
    255 0 0 0 255 255 0 255 0 255 0 255 144 255 225 0 0 0 255 0 255 0
    255 0 0 215 0 0 0 255 255 0 0 0 0 0 247 255 0 255 255 255 239 0 0
    255 255 255 2 255 0 0 255 0 255 255 255 195 0 0 0 231 255 0 0 0 255
    26 0 255 0 161 0 176 0 0 212 0 51 0 255 255 255 0 54 0 255 255 255 0
    0 0 69 0 255 0 127 0 0 255 255 51 0 47 255 0 255 0 59 0 255 255 0 0
    185 150 255 0 0 0 0 255 255 0 245 255 211 0 0 0 179 255 255 255 255
    0 255 255 255 0 0 0 255 255 161 0 255 255 0 255 0 108 0 39 255 255
    90 191 0 0 0 255 255 253 0 255 0 255 0 255 255 255 0 145 0 185 0 255
    255 0 0 91 255 50 0 255 255 255 0 255 255 255 0 0 0 0 0 255 255 255
    0 255 0 255 0 46 0 255 255 255 0 0 0 0 255 0 255 255 255 255 255 255
    0 183 255 255 0 0 255 246 255 0 0 0 0 255 255 255 0 0 0 0 255 0 255
    0 0 0 238 173 255 255 140 255 0 255 127 255 0 107 255 255 0 1 214 0
    0 255 255 171 0 0 255 255 0 255 0 255 241 255 0 0 3 0 0 255 255 189
    49 0 0 0 0 255 58 0 0 0 255 0 255 255 255 0 112 0 255 0 181 30 255 0
    255 0 0 255 0 204 0 0 255 93 58 255 255 255 255 228 0 192 201 255
    255 255 255 0 57 0 0 255 0 255 25 255 255 0 54 0 255 255 0 0 76 112
    255 255 255 0 255 0 255 0 255 0 255 255 164 0 255 29 255 0 255 139
    74 255 0 255 255 0 0 0 255 255 0 0 255 0 156 0 255 21 0 0 255 255 0
    255 135 255 0 0 255 255 124 0 255 0 255 0 255 255 255 0 0 0 6 255
    255 255 0 203 0 16 0 255 0 0 0 255 255 255 0 106 156 0 35 121 255 0
    0 0 255 255 0 255 255 255 255 255 255 255 0 178 64 220 185 255 255
    255 0 0 0 255 255 0 255 1 255 0 0 0 255 255 76 255 255 0 0 255 255 0
    0 180 255 255 255 138 131 36 135 0 255 255 0 255 0 255 83 0 255 93 0
    0 184 0 0 255 0 255 0 255 255 132 255 255 255 0 0 161 255 143 51 0 0
    255 0 255 255 0 104 213 255 0 0 255 0 255 165 50 255 255 0 203 255
    255 0 255 255 45 0 0 0 0 255 10 196 237 0 129 0 0 255 255 255 13 0
    255 0 255 0 255 0 255 0 255 0 0 0 0 0 255 0 0 14 177 255 0 0 255 255
    0 0 255 255 255 0 35 255 0 0 0 255 255 255 255 0 53 0 255 157 255
    255 255 125 0 255 0 0 0 255 255 192 0 0 0 0 0 255 0 255 59 255 77
    255 0 0 255 26 55 255 255 255 0 0 219 255 100 255 24 0 0 0 69 96 255
    255 0 0 0 0 255 255 0 0 0 88 255 255 255 255 0 255 255 255 255 0 0
    209 10 255 0 0 0 255 0 255 255 255 81 205 0 255 255 112 0 255 0 0 0
    1 213 255 0 0 0 54 255 0 0 104 255 255 255 255 141 0 255 255 237 125
    0 255 255 255 0 255 255 107 255 0 255 0 255 0 45 0 255 37 255 0 255
    0 0 81 99 215 107 126 0 0 255 219 0 255 255 255 0 255 0 202 0 255
    255 255 0 255 0 255 255 57 236 0 0 255 0 0 0 255 0 0 0 255 0 255 120
    251 0 0 255 255 0 0 79 255 0 255 217 255 0 183 87 0 255 122 0 214 0
    0 0 255 0 2 0 0 255 255 255 0 0 0 255 255 0 0 0 255 107 0 255 0 255
    255 255 0 0 255 255 255 255 0 199 0 0 0 255 255 255 255 0 0 0 255
    137 255 255 255 255 0 20 255 127 0 255 44 255 19 255 0 106 0 255 0
    255 0 255 206 0 0 255 255 96 0 0 0 0 255 255 255 43 0 255 255 255 0
    0 255 0 255 0 255 252 0 255 255 0 0 0 255 255 255 255 0 0 0 0 255 0
    0 0 255 255 132 0 38 0 255 95 255 0 255 183 97 0 255 106 97 0 164 0
    255 0 0 0 0 187 0 255 255 132 0 255 0 255 0 255 0 111 0 242 255 255
    47 0 255 0 255 156 255 122 0 0 0 255 255 0 255 255 255 0 255 148 70
    0 0 255 255 134 0 0 54 255 0 0 0 255 255 255 0 41 0 232 255 0 0 255
    255 230 255 0 255 0 0 255 255 255 255 109 255 0 0 255 131 0 56 0 255
    255 0 0 255 255 255 255 255 0 0 0 255 0 255 0 255 0 255 255 0 0 31
    255 0 0 146 255 255 0 255 180 255 0 255 0 186 103 255 255 41 255 0
    174 35 0 247 0 255 211 255 255 255 255 0 0 0 236 255 255 255 0 84
    255 53 255 0 255 0 0 255 255 51 0 255 97 0 213 155 0 255 0 255 0 255
    255 255 192 0 255 255 0 0 0 255 255 0 255 0 255 0 255 0 0 0 255 255
    0 255 0 0 0 130 255 255 255 0 0 255 212 255 0 255 173 0 0 0 0 0 0
    255 255 210 0 0 255 123 0 255 0 70 0 255 246 255 0 255 3 0 255 255 0
    0 255 0 255 0 0 255 255 0 0 255 255 255 255 0 217 56 255 255 255 0 0
    0 255 200 255 0 0 0 255 117 255 0 255 131 113 0 184 144 0 0 0 238
    255 56 217 0 0 0 0 254 255 255 255 0 255 255 0 0 0 255 0 255 0 0 31
    255 255 255 0 0 0 0 98 0 12 0 255 255 0 0 255 0 255 0 255 0 95 0 255
    255 0 255 0 255 255 167 0 255 32 0 0 0 255 0 132 47 255 157 0 0 255
    78 255 0 0 225 255 0 255 0 255 0 255 0 255 255 255 18 124 147 235
    255 0 0 0 255 9 255 255 0 255 0 255 0 255 30 0 255 0 161 0 0 0 255
    255 0 61 199 255 255 255 31 0 255 255 255 255 255 121 255 0 64 50 0
    255 54 0 0 81 133 255 255 255 0 255 0 255 222 129 0 0 0 255 178 0 0
    0 0 0 255 255 141 0 0 255 4 255 0 0 0 0 255 255 0 255 0 255 255 167
    0 0 255 0 0 200 0 0 255 215 0 0 0 255 167 229 176 14 255 147 0 0 0
    90 255 0 0 170 255 0 0 255 0 255 255 255 255 182 0 0 0 255 255 0 0
    255 255 255 0 255 0 255 255 255 0 0 84 0 255 255 0 29 255 255 150
    255 0 67 0 255 255 255 8 196 72 255 0 0 0 136 0 0 0 255 181 0 255 96
    255 0 0 0 255 255 0 255 0 3 0 255 0 0 178 0 0 255 0 0 0 0 40 0 0 255
    255 255 0 255 0 59 255 255 255 0 103 165 0 255 255 255 0 255 255 255
    0 0 255 255 0 0 0 31 206 13 255 0 0 255 202 255 0 165 255 255 0 0 0
    255 255 0 0 255 255 0 255 255 0 0 0 255 255 255 0 255 0 255 0 60 0
    255 255 0 0 255 255 0 255 0 255 0 255 255 0 194 0 0 255 255 133 0
    255 0 44 123 255 0 0 0 255 0 255 0 0 255 255 0 0 0 255 212 255 144 0
    0 255 0 0 12 97 0 0 170 255 0 255 212 255 0 170 255 107 0 255 0 255
    0 255 255 255 255 0 255 0 223 254 255 0 255 0 146 59 60 50 0 255 255
    255 255 0 255 255 255 0 0 255 0 0 255 255 255 0 0 227 171 3 255 21 0
    128 255 255 255 255 0 133 0 255 165 179 0 0 255 239 255 0 0 199 255
    225 135 120 255 255 255 255 255 54 63 0 0 255 255 0 0 0 255 187 245
    0 255 0 255 255 255 255 255 0 0 0 255 255 0 255 0 34 183 255 0 182
    29 255 0 0 0 62 0 0 255 255 255 136 169 255 255 255 255 0 130 0 96 0
    255 0 255 255 0 0 0 48 255 0 0 255 0 63 0 0 255 183 255 0 0 0 255 0
    255 0 0 0 255 255 0 255 0 0 0 255 255 255 255 0 65 82 255 255 0 255
    255 0 255 0 255 196 60 0 255 255 255 0 255 138 0 0 255 0 0 255 0 0
    250 0 255 0 255 0 0 0 5 255 71 255 255 232 255 0 255 0 255 0 205 0
    255 255 255 250 0 0 255 255 230 0 0 255 0 0 0 255 138 255 0 0 255 0
    0 255 0 0 255 255 46 0 0 255 184 255 255 0 0 255 255 0 0 0 0 0 255
    255 94 0 0 46 0 255 0 9 204 240 255 0 0 0 255 255 255 255 255 0 255
    0 0 255 0 255 255 255 78 0 0 255 0 221 0 255 255 255 0 0 255 255 0
    255 130 255 231 0 0 209 255 255 44 0 0 255 45 255 0 0 0 255 255 255
    0 0 0 70 255 255 0 255 255 255 255 51 255 0 255 0 255 0 255 255 0
    255 0 255 255 255 255 255 0 255 86 0 41 255 255 182 0 94 255 80 255
    0 157 255 255 0 205 255 255 255 0 117 255 255 255 255 0 46 0 255 255
    255 0 0 255 240 0 0 255 87 182 0 0 255 255 255 172 255 255 255 0 0 0
    255 68 255 255 71 255 159 0 0 255 65 255 235 0 0 255 255 46 0 0 0
    107 255 0 255 0 255 0 247 0 255 255 102 185 255 255 146 0 255 0 255
    0 223 0 255 0 0 0 255 0 255 0 255 0 0 0 255 255 0 0 0 0 255 62 0 0 0
    120 255 255 41 0 4 99 255 0 255 255 255 0 255 0 255 47 255 255 255
    255 0 0 0 0 0 141 0 255 0 0 255 0 255 0 255 255 255 125 255 255 0
    184 0 255 255 0 255 255 15 255 0 0 221 255 142 0 0 0 255 255 255 206
    0 255 231 255 255 255 255 0 0 209 255 255 0 254 0 0 0 0 0 0 255 0
    255 0 255 255 255 255 0 255 219 255 255 0 255 255 0 0 0 255 0 255 0
    255 255 255 0 0 231 255 255 255 255 255 0 101 0 255 136 255 219 255
    0 255 0 0 186 0 0 48 228 0 0 255 255 0 0 0 255 131 242 255 255 0 1 0
    169 255 0 255 255 31 140 0 0 255 255 0 0 152 0 255 255 255 0 0 0 104
    243 255 255 0 0 154 255 0 0 0 24 255 0 255 255 255 255 36 255 255
    255 241 255 103 255 0 255 255 106 0 0 0 255 255 255 255 0 255 0 255
    0 0 246 255 255 0 0 255 255 105 121 255 141 0 190 255 0 255 255 0 0
    0 0 0 245 0 0 0 0 255 0 255 0 255 0 133 181 255 165 0 0 138 198 255
    0 154 0 96 255 255 0 187 255 84 0 0 0 7 255 0 214 255 255 0 5 255
    255 255 0 90 68 194 0 0 0 255 255 255 0 0 0 255 246 0 0 255 255 0
    170 84 0 225 0 0 0 255 117 255 9 255 71 0 255 0 0 0 255 0 255 0 228
    255 255 0 0 0 255 255 162 0 255 47 118 0 0 0 255 0 255 255 255 165 0
    0 255 4 255 0 0 0 255 73 255 0 0 0 0 255 46 0 0 91 255 255 0 45 255
    255 0 202 51 0 0 0 134 210 101 255 0 0 198 0 0 151 165 255 255 255 0
    255 0 192 0 255 0 255 0 126 0 95 0 255 255 255 0 0 255 246 255 255 0
    0 255 255 66 0 255 184 255 255 127 255 255 255 9 255 255 255 255 255
    226 255 0 0 255 171 255 0 255 0 255 141 255 10 0 0 255 36 221 0 0 89
    255 0 255 0 255 0 255 0 255 170 255 206 0 0 140 0 255 255 255 0 19
    105 255 0 255 255 255 0 0 0 255 0 255 255 255 0 99 255 255 255 156
    255 0 0 122 255 255 0 255 0 255 188 0 251 175 81 248 0 5 255 0 0 255
    255 0 70 204 255 0 163 0 255 97 255 255 0 6 0 0 0 0 255 255 235 0 0
    0 255 0 255 46 255 0 255 255 255 0 245 38 255 0 42 255 255 154 255 0
    0 114 0 255 255 0 0 0 0 255 255 255 0 0 93 255 0 0 255 0 0 0 255 255
    255 0 0 0 111 61 255 8 255 255 0 0 0 152 255 255 255 130 0 255 254 0
    0 0 26 255 255 255 0 0 255 0 0 0 255 0 255 0 0 255 157 0 0 0 0 0 255
    255 0 255 255 64 255 0 6 156 255 0 0 139 0 0 255 0 255 255 255 63
    255 203 255 0 255 83 255 198 0 0 0 255 255 219 0 0 63 255 21 255 0
    255 0 243 0 164 242 255 255 100 0 200 0 0 0 255 36 0 0 0 255 0 255 0
    0 91 0 255 0 255 0 0 171 255 214 168 0 0 0 157 0 255 255 255 0 0 185
    255 0 255 255 0 0 255 255 255 0 255 192 255 214 0 243 0 0 0 255 255
    0 0 245 0 255 255 0 0 255 255 255 251 255 0 0 0 255 0 0 137 255 255
    193 0 0 0 255 255 255 255 131 255 0 0 43 0 255 0 132 55 255 0 143 0
    81 0 0 6 255 255 255 133 255 255 0 255 0 255 0 0 0 255 140 255 0 255
    255 255 0 255 255 255 0 0 255 0 255 0 0 255 255 255 51 255 255 255
    255 0 189 0 255 255 0 0 94 0 0 0 208 17 0 217 55 255 0 0 0 255 0 255
    0 0 255 0 138 0 68 0 0 248 255 0 0 0 206 0 0 0 194 255 255 254 0 0 0
    255 0 255 0 240 0 255 34 0 0 91 255 255 0 255 0 255 0 48 0 169 234 0
    255 255 0 0 0 255 0 200 255 255 0 0 0 0 165 0 0 255 255 212 0 255 0
    255 0 31 255 0 255 0 119 255 214 0 0 0 24 255 255 0 0 255 150 0 255
    255 255 204 255 255 0 0 255 255 255 0 0 0 255 102 255 0 0 0 132 255
    255 0 0 0 255 132 255 211 0 191 21 127 255 255 255 0 0 0 191 0 8 176
    255 255 0 0 255 255 156 0 0 255 255 0 126 255 0 0 255 255 255 255 0
    255 84 255 255 255 0 0 255 0 255 255 0 0 0 0 135 255 81 255 255 255
    0 255 0 255 0 255 255 255 33 255 0 0 155 0 255 255 0 255 0 255 255 0
    255 255 255 255 0 11 0 255 255 255 255 255 255 180 0 0 255 255 0 255
    0 255 0 255 196 255 0 113 255 191 0 0 255 0 255 255 12 0 0 255 0 0
    255 0 255 255 255 0 255 33 36 65 0 79 255 0 255 0 0 116 158 255 255
    255 72 255 57 80 144 255 255 0 0 0 95 156 255 0 53 0 0 255 0 0 255
    255 0 97 0 0 142 255 255 255 185 232 0 199 0 0 255 255 222 255 0 0
    255 255 0 255 0 0 255 255 255 56 255 0 0 203 255 255 0 255 0 255 0
    255 255 255 0 0 0 255 255 55 0 255 255 0 255 0 0 0 255 128 0 0 0 234
    0 0 0 255 255 255 255 0 255 0 255 0 133 255 58 0 255 174 255 255 255
    4 0 255 0 255 255 255 0 0 12 157 244 27 255 0 255 255 105 138 0 0
    255 255 0 0 0 255 255 67 0 0 255 255 255 255 161 0 54 0 15 255 255
    255 255 149 255 255 255 255 188 255 255 255 0 255 255 0 255 255 255
    129 0 255 0 8 108 86 0 255 255 255 0 0 255 171 255 223 0 0 0 255 0 0
    0 255 211 31 0 255 0 255 0 255 20 0 255 213 0 0 225 0 0 0 255 0 0
    255 255 0 255 0 0 255 255 255 0 0 0 255 255 248 255 190 255 0 0 0
    255 255 255 255 0 0 255 255 71 255 0 255 0 0 255 255 255 255 0 0 0
    47 255 0 255 0 0 98 255 0 0 255 255 141 0 0 0 255 0 18 0 255 0 0 255
    255 255 255 161 0 0 85 255 255 0 0 72 159 255 146 255 255 255 255
    255 0 0 255 0 0 255 141 0 0 0 255 0 255 193 0 0 255 255 255 0 0 199
    255 255 40 112 0 0 255 255 54 22 255 255 0 0 255 0 160 46 255 199
    255 255 201 0 202 0 255 0 255 0 109 87 255 255 255 0 255 0 145 0 255
    0 89 197 255 127 0 0 173 255 0 248 87 255 92 0 236 255 0 28 0 179 0
    0 143 255 255 0 0 0 255 0 77 255 0 0 103 255 0 255 0 0 255 255 0 0 5
    255 139 0 0 255 150 0 199 0 255 255 86 0 0 255 0 255 0 0 255 255 255
    32 255 0 96 0 255 121 0 0 255 255 255 255 255 0 0 0 255 0 255 147 53
    255 255 255 0 255 184 255 0 0 0 255 0 255 255 167 72 127 0 0 0 0 255
    255 255 255 0 0 255 237 255 0 0 102 72 255 0 255 0 255 255 123 0 255
    0 239 255 17 255 255 255 0 0 137 56 0 255 0 255 0 255 255 255 255
    255 0 255 106 255 0 28 255 165 0 0 0 255 255 0 0 45 0 0 249 255 255
    0 255 0 255 255 255 0 0 0 255 255 255 0 255 255 255 0 0 0 255 177 0
    174 0 255 0 255 255 0 0 0 255 0 255 0 154 0 0 0 255 0 255 0 39 0 255
    255 255 36 0 0 0 0 255 255 255 0 179 50 255 0 0 0 0 0 0 255 0 255 0
    0 255 0 140 255 0 255 113 255 0 255 196 103 0 255 255 154 0 0 255 0
    0 188 0 230 232 255 0 255 0 255 255 255 0 255 133 255 0 0 0 255 255
    71 0 0 56 0 255 255 174 255 0 0 0 0 157 255 0 178 119 255 127 128
    255 0 255 0 255 255 108 0 255 0 0 0 255 0 255 255 255 0 0 189 255
    255 0 0 0 255 255 255 70 212 255 0 0 0 0 104 63 17 255 255 255 139
    255 0 215 0 255 205 255 255 0 0 0 252 255 5 113 0 255 238 255 0 0
    255 0 255 155 226 255 0 255 0 0 0 255 255 255 183 0 0 0 16 255 0 0 0
    213 255 0 255 255 255 103 0 0 255 146 0 0 0 0 255 0 54 0 113 255 98
    0 255 0 255 94 255 0 0 255 255 0 0 255 0 255 255 174 0 0 255 190 255
    0 0 255 74 255 255 255 255 255 244 121 0 191 229 116 103 255 0 255
    255 151 0 255 171 0 0 255 116 254 57 255 0 255 204 0 255 37 59 255
    255 232 180 0 0 159 255 255 255 106 255 255 0 0 0 255 0 0 0 255 60
    255 59 0 101 56 99 255 0 255 255 244 36 101 132 0 255 216 118 255 0
    0 255 158 255 255 6 255 165 255 255 33 0 174 0 255 255 255 0 0 0 0 0
    255 255 0 0 0 255 0 255 87 255 0 255 0 0 0 255 0 255 0 0 255 0 255
    255 0 0 0 0 199 255 255 129 0 0 255 0 255 255 0 248 0 0 255 112 255
    71 0 0 255 0 201 255 181 129 147 255 255 0 0 0 242 187 214 0 113 119
    106 155 255 255 28 0 0 62 222 251 244 116 0 251 255 0 255 0 255 255
    0 0 0 255 255 58 255 0 255 0 65 255 209 0 77 255 255 255 0 0 255 255
    0 7 0 0 0 255 0 255 255 0 255 0 255 255 255 255 255 154 75 87 0 160
    0 255 0 255 0 255 255 255 0 56 255 255 255 255 0 255 185 95 255 255
    255 0 0 255 0 255 0 255 0 0 0 255 255 255 255 255 252 0 0 0 0 255
    255 255 91 255 255 0 0 255 255 128 0 0 0 0 255 255 102 190 12 243
    255 0 255 255 255 0 0 0 255 255 0 0 0 0 0 255 255 255 255 255 255 0
    103 122 255 0 0 3 255 0 0 255 255 71 0 255 255 255 95 255 52 255 0
    145 0 24 0 255 255 0 255 184 255 164 255 0 173 255 0 0 255 0 0 0 255
    0 255 255 0 75 0 0 57 255 255 255 0 173 0 255 255 165 0 0 255 0 255
    0 116 0 94 255 255 0 0 0 242 255 255 41 158 200 0 255 255 255 0 255
    255 255 0 185 0 0 0 0 0 32 23 255 0 0 0 255 255 0 0 0 255 32 0 0 255
    255 255 0 255 255 255 0 255 0 58 255 255 0 253 255 255 0 0 73 255 0
    62 0 37 166 255 0 255 0 0 255 0 0 255 0 0 0 0 0 17 255 255 29 255 0
    255 0 255 0 169 255 255 0 0 0 0 248 255 255 222 0 214 255 255 0 0 0
    255 255 0 17 0 255 255 255 0 220 231 255 112 255 255 255 0 0 168 255
    122 0 0 0 0 0 255 255 255 0 255 255 0 0 255 0 255 255 255 0 255 255
    128 0 0 255 255 255 255 255 0 255 0 255 12 91 0 0 255 0 255 251 255
    255 255 0 0 64 134 0 0 255 255 255 255 255 255 0 255 0 0 255 255 255
    201 0 255 0 255 0 255 0 255 255 0 0 0 0 255 255 255 74 0 181 168 255
    209 0 0 0 217 0 0 0 255 255 0 0 111 247 251 255 255 255 0 0 255 255
    255 0 0 0 40 255 255 0 255 156 255 0 255 57 0 0 0 0 255 0 90 255 255
    255 0 255 255 255 0 255 243 255 255 43 255 255 0 0 0 255 255 96 0 0
    255 255 0 255 255 22 255 0 255 114 0 0 122 0 0 75 255 255 0 1 0 0
    255 251 0 0 255 255 255 0 0 0 255 129 23 0 255 255 27 0 0 255 162
    255 0 178 0 95 0 255 0 255 0 0 177 86 255 255 194 255 255 255 170 0
    0 255 0 0 0 255 255 255 255 0 255 0 104 255 255 0 255 255 0 0 204
    255 255 255 0 0 0 0 255 0 0 188 255 255 255 0 25 0 0 255 80 0 0 0
    255 123 255 0 155 255 0 0 0 0 0 255 255 255 155 255 0 88 255 255 255
    44 255 0 0 255 0 255 255 255 0 255 98 0 255 0 255 0 255 0 0 0 0 0 30
    255 255 0 0 0 0 0 255 163 255 0 255 0 0 0 255 255 199 0 0 255 255 0
    0 0 255 255 255 255 0 0 255 0 0 255 255 0 25 255 0 133 255 22 0 0
    255 255 255 0 255 0 216 255 255 166 0 0 165 255 255 0 255 182 86 89
    255 0 255 224 0 0 0 82 0 255 0 255 181 255 255 0 0 0 67 115 97 255
    183 0 218 0 255 201 0 255 0 0 199 255 248 217 0 0 0 0 28 255 255 0 0
    200 0 255 94 0 0 0 90 255 169 0 0 255 255 0 255 0 0 0 255 255 31 255
    0 240 255 0 255 255 0 255 0 255 0 255 0 0 50 255 0 255 0 232 0 166
    255 255 0 255 255 255 50 0 224 255 0 0 0 0 255 0 0 0 192 0 157 255 0
    71 0 255 255 0 255 255 255 0 255 255 255 28 0 33 0 255 0 255 151 255
    0 222 214 255 0 255 255 255 255 255 158 255 0 0 0 0 255 255 86 255 0
    0 0 255 199 255 39 0 0 255 255 255 0 0 0 0 255 255 57 143 0 0 0 112
    255 255 0 0 0 161 255 255 237 87 150 255 140 255 146 0 0 65 255 255
    0 204 0 15 109 255 0 255 0 255 229 255 255 255 245 0 255 0 0 0 165 0
    57 0 62 0 172 0 255 255 0 0 185 0 255 255 0 0 255 255 255 255 0 0 53
    255 255 0 80 0 0 255 255 0 130 150 255 150 0 26 0 255 39 255 255 255
    0 0 255 211 255 113 0 255 234 0 0 39 113 255 0 255 243 255 0 132 228
    255 142 255 73 126 54 42 0 255 255 0 255 0 0 0 255 255 244 0 255 0 0
    0 0 0 255 55 0 78 255 255 255 0 0 0 0 151 65 255 87 0 132 0 255 255
    90 0 255 23 255 0 255 0 255 255 197 0 0 255 0 255 255 255 62 0 2 255
    255 255 0 0 100 0 255 255 0 0 0 255 255 255 0 49 255 0 6 152 0 255
    255 255 255 0 0 0 255 255 134 0 220 0 0 255 255 255 255 0 123 0 255
    255 0 0 230 255 217 0 255 255 255 0 0 177 0 227 0 255 255 255 255 0
    0 0 0 0 255 255 255 0 0 255 0 255 255 0 255 0 222 0 255 0 0 0 255 0
    255 255 255 0 255 255 255 226 255 0 255 255 255 0 255 204 64 0 3 255
    167 255 0 96 0 255 6 255 255 96 0 0 255 255 255 255 0 84 255 244 255
    0 255 73 255 255 255 255 0 157 0 245 0 0 0 255 185 255 0 255 255 0
    153 0 255 0 0 36 188 120 150 0 255 192 84 170 0 255 255 255 0 255 0
    255 255 255 0 0 0 255 255 121 0 0 7 255 37 255 70 0 255 0 255 93 0
    255 191 255 151 255 197 0 133 197 0 255 255 255 86 178 255 56 0 0
    255 127 21 0 255 0 0 255 193 255 255 235 0 255 0 255 0 255 120 255
    255 255 0 0 255 255 0 0 0 255 0 255 0 31 224 255 255 0 0 0 0 255 140
    255 255 0 0 0 0 0 165 255 38 255 0 0 255 255 255 255 83 0 0 0 255
    255 223 0 0 42 0 255 145 255 0 0 255 255 0 79 255 0 0 0 0 255 255
    167 255 0 255 27 180 255 0 255 255 255 0 0 254 255 255 0 0 255 0 0 0
    185 255 255 0 0 149 255 255 255 255 68 152 0 0 0 255 0 0 255 46 255
    255 162 0 127 0 255 0 0 255 0 255 255 255 128 255 0 0 142 255 255 0
    255 0 255 228 255 144 108 102 255 255 204 255 255 0 0 0 255 255 144
    0 255 255 0 255 255 0 0 0 182 141 0 255 152 0 0 0 0 183 255 0 0 64
    255 255 255 0 0 0 255 0 0 63 0 0 255 0 0 255 255 255 124 255 255 255
    255 7 255 0 198 0 255 255 255 234 0 0 218 0 255 255 255 0 0 159 255
    255 0 0 188 255 255 255 0 180 0 255 0 0 9 255 0 114 44 255 255 109
    255 0 255 92 143 133 0 0 0 0 255 0 191 0 0 0 255 255 255 109 0 255
    255 255 0 0 0 255 255 255 0 255 0 255 0 192 255 0 255 255 255 0 0 0
    255 66 44 0 224 0 255 0 255 255 255 255 16 255 0 219 255 255 0 179
    236 156 0 0 62 255 255 255 255 0 0 247 0 255 249 255 0 0 0 255 131
    255 92 255 255 0 0 0 0 0 48 255 255 0 0 0 135 255 169 255 0 70 50
    255 255 0 185 0 0 0 255 255 255 0 255 255 0 255 0 255 13 204 38 255
    86 0 235 92 255 35 141 0 255 0 0 0 255 0 255 255 0 0 255 255 255 0 0
    255 0 11 255 255 255 0 0 255 71 167 255 255 0 0 255 255 0 0 255 255
    255 0 0 93 255 185 255 236 255 167 140 255 0 255 0 255 255 255 59 95
    255 0 255 0 255 0 54 0 255 0 193 0 0 177 169 255 255 0 0 255 0 255
    209 255 0 255 0 0 255 255 255 0 0 255 58 0 95 183 0 0 0 115 255 255
    77 0 0 0 255 0 255 0 0 255 255 255 0 255 0 0 0 0 255 255 255 255 0
    255 0 0 0 0 65 230 0 235 0 255 0 255 255 102 0 0 69 199 255 0 0 0
    199 255 0 0 0 255 255 255 255 0 10 0 255 0 0 243 229 255 0 255 0 255
    0 255 66 255 0 255 0 255 0 255 0 255 255 0 255 0 255 0 255 252 74
    255 0 0 0 0 14 0 255 255 255 0 0 42 255 0 255 255 255 0 255 0 255 0
    255 255 255 0 255 30 0 138 0 255 0 255 255 255 168 255 0 255 0 255 0
    0 255 255 0 255 93 0 255 51 0 0 43 255 255 255 0 255 255 0 0 209 255
    0 0 0 255 0 255 0 217 0 255 205 101 255 255 106 0 0 0 255 255 255
    255 0 0 0 0 0 112 0 255 0 255 0 255 0 0 255 255 56 0 0 0 0 255 29
    255 82 255 255 255 255 255 255 0 255 0 0 255 255 224 0 0 255 255 94
    255 199 255 0 0 140 0 255 255 0 0 0 0 255 0 0 0 245 255 255 255 0 0
    0 255 255 0 0 0 0 0 255 255 4 255 46 0 0 255 0 255 0 84 255 147 0 0
    175 255 255 0 255 76 255 0 0 0 178 0 255 255 255 0 0 0 84 255 214
    241 218 0 255 0 255 255 0 0 255 0 255 0 10 20 0 85 255 255 1 0 0 29
    255 255 0 164 255 255 0 0 255 255 255 16 0 134 126 0 0 168 255 255 0
    0 255 255 255 0 0 205 255 0 0 255 0 255 255 0 0 173 83 255 0 209 0
    255 0 255 255 255 0 0 172 46 255 86 255 244 96 0 255 0 255 255 255
    175 115 0 255 255 255 134 0 144 255 255 0 0 0 255 255 0 0 112 0 19
    255 255 0 255 0 255 0 0 255 0 255 0 255 86 255 255 216 255 255 255 0
    0 45 255 255 0 0 0 255 118 78 0 255 129 0 202 0 255 0 0 0 11 255 255
    226 143 197 0 255 0 0 0 0 194 72 255 255 255 0 0 0 255 214 255 0 255
    48 255 0 152 122 255 0 0 165 0 255 32 0 255 255 255 0 255 130 0 255
    0 0 0 0 0 255 255 0 0 0 0 255 134 0 255 0 0 0 255 0 255 255 255 0 0
    67 68 255 0 247 0 255 81 255 0 255 255 255 0 0 255 255 148 0 255 255
    88 0 255 123 0 67 94 249 45 0 255 0 255 168 255 0 255 0 102 255 255
    0 127 178 255 11 53 255 255 255 255 0 0 0 255 0 132 0 255 255 36 213
    184 255 0 255 255 255 255 255 0 0 0 255 0 0 0 255 255 255 255 255 0
    0 255 59 255 255 0 255 0 255 0 0 0 0 255 255 255 0 147 255 0 0 255
    166 255 0 255 255 0 0 0 255 255 0 255 255 255 255 0 0 0 160 0 255
    255 0 197 126 0 0 255 255 252 0 0 108 255 230 0 0 0 0 239 168 255
    189 0 211 0 255 255 255 0 0 39 0 255 255 107 34 119 218 255 0 255 0
    255 0 255 0 0 255 255 248 53 255 0 0 0 255 255 0 0 0 51 0 255 107
    255 0 247 255 198 255 0 0 157 152 0 0 0 0 0 255 255 124 255 0 255
    101 255 0 0 255 255 200 0 255 0 0 255 255 0 0 0 0 0 158 0 0 0 0 115
    255 254 251 0 0 255 255 255 255 255 0 255 0 0 255 133 255 0 255 255
    255 255 255 0 182 0 255 255 0 255 0 39 255 0 255 0 255 0 255 0 255 0
    255 255 0 0 255 0 255 255 255 0 0 255 0 255 255 255 0 0 0 255 34 61
    0 0 255 0 255 0 255 0 255 0 255 241 46 255 0 255 226 0 255 176 255
    255 0 201 0 0 0 109 11 255 0 255 0 237 54 255 0 27 255 187 0 0 255 0
    255 0 217 0 0 0 255 255 46 0 0 255 229 148 0 116 255 0 253 255 255 0
    0 114 255 255 255 172 201 0 0 0 255 255 255 0 0 195 255 0 255 43 255
    0 255 75 255 0 255 0 255 255 255 0 0 0 190 255 255 255 242 255 0 0
    163 255 0 0 128 181 255 0 255 255 0 0 107 0 198 255 255 255 0 0 255
    0 0 255 255 0 0 149 0 0 255 255 255 255 255 0 0 255 201 0 0 0 255 55
    0 0 255 255 255 255 0 255 111 146 0 221 0 0 0 255 0 255 0 0 255 0 0
    0 255 255 255 255 255 174 0 0 192 255 0 255 0 255 177 0 255 0 255
    255 101 255 188 255 0 0 255 255 255 0 255 255 255 255 255 68 124 0 0
    220 255 255 0 0 0 0 0 134 0 0 241 0 42 0 255 114 0 255 0 0 0 255 255
    0 0 188 255 97 0 117 255 184 0 0 0 255 189 255 255 0 0 255 121 255 0
    91 0 255 0 255 0 0 255 255 0 0 255 255 0 0 80 0 202 255 255 255 26 0
    255 0 255 220 255 149 0 235 0 102 0 0 0 255 255 0 0 255 203 0 229
    150 0 0 0 101 255 255 255 250 0 0 255 72 60 0 255 0 0 0 255 255 0 42
    255 160 0 255 0 0 0 255 255 255 255 96 12 0 255 0 255 53 255 255 0 0
    255 255 255 0 11 233 255 0 0 0 255 0 255 0 255 0 255 84 0 0 0 255
    255 255 0 255 0 136 255 255 0 0 0 255 0 255 0 0 255 255 255 223 0 0
    156 206 255 215 255 255 255 216 0 255 45 0 174 255 255 0 254 0 0 0
    191 255 0 255 223 115 255 0 0 0 255 255 0 91 255 255 255 0 0 0 0 124
    255 255 255 0 0 228 215 255 255 84 255 0 255 255 159 255 255 19 0 0
    255 0 57 0 163 0 255 0 255 0 255 255 255 255 255 0 92 0 255 255 0 0
    102 0 0 255 0 0 0 255 255 45 0 0 0 92 255 218 255 255 243 96 205 0
    255 0 255 0 255 0 255 0 255 0 255 0 30 0 255 223 0 0 0 0 0 255 85 45
    255 255 255 0 0 0 194 255 29 255 0 0 0 166 0 0 0 255 236 0 255 255
    250 0 0 92 24 0 0 0 255 156 0 0 0 0 183 255 0 255 0 255 0 255 255 0
    0 255 255 255 219 116 155 255 0 255 0 234 0 0 255 255 255 0 0 0 255
    0 246 0 0 255 255 0 0 241 255 255 0 255 255 22 0 255 255 0 0 255 255
    0 0 197 255 61 79 255 0 0 0 255 0 0 192 255 44 90 255 255 75 255 104
    0 255 0 255 22 0 0 0 255 255 217 0 255 255 255 0 0 121 255 0 0 215 0
    255 0 255 0 255 255 0 0 147 0 255 0 255 0 255 255 0 30 0 255 134 0
    131 255 255 0 255 0 255 0 255 255 255 0 0 249 255 255 255 57 0 255
    31 255 255 166 0 0 255 0 200 0 0 255 255 255 0 0 0 72 223 187 0 0
    165 123 255 0 0 0 0 0 255 0 255 0 255 0 255 0 255 255 255 255 170
    225 0 255 0 55 255 255 255 143 0 0 255 255 255 0 0 0 0 255 255 46 0
    111 255 178 0 255 0 255 255 0 255 255 0 255 0 0 0 0 255 255 0 255 0
    70 0 215 255 255 0 255 0 0 0 0 255 77 255 62 0 0 108 255 0 0 0 255
    255 255 0 255 213 0 0 0 255 255 255 0 105 0 0 0 255 0 47 255 0 0 209
    247 22 255 0 0 174 255 255 255 255 255 255 0 98 0 0 145 255 255 0 0
    24 0 0 0 255 86 255 0 0 0 0 0 255 0 0 0 255 255 255 0 107 14 247 0
    255 255 254 149 156 0 255 255 255 255 255 255 183 0 0 255 118 159 0
    255 255 27 0 255 65 255 255 0 0 0 232 0 0 173 0 255 0 86 60 255 112
    255 0 255 244 0 0 255 255 255 255 255 55 0 255 0 255 0 227 0 255 255
    255 255 255 0 0 0 255 0 0 0 255 198 255 255 0 0 255 0 155 255 255
    255 0 0 255 0 255 0 0 0 0 255 137 0 49 255 38 0 255 0 255 255 48 0 0
    255 0 79 255 115 255 62 0 0 0 255 83 0 0 255 255 0 0 237 255 0 0 104
    0 255 0 255 255 255 0 93 255 255 91 0 255 0 0 141 0 255 0 255 189
    109 94 0 255 0 255 0 0 255 255 255 206 255 0 0 0 255 255 0 0 0 255 0
    62 139 0 255 0 2 255 255 106 255 152 255 255 0 0 255 140 171 0 255
    255 0 0 0 255 255 77 52 0 255 58 0 0 133 0 0 0 255 0 0 0 6 255 0 255
    0 0 35 216 255 255 255 14 0 0 0 255 255 0 255 255 255 0 0 255 255 0
    0 255 255 255 255 0 74 150 255 0 97 0 255 0 0 255 255 0 0 0 218 255
    0 255 0 0 0 0 255 255 255 255 0 0 0 255 255 0 203 0 255 255 255 255
    0 0 53 0 131 0 255 255 255 0 183 165 0 0 255 255 255 255 255 0 255
    255 255 142 255 236 255 0 15 0 255 255 0 0 0 191 255 219 0 39 255 0
    0 0 255 255 0 255 0 255 0 0 255 74 255 0 113 255 0 87 255 255 255 0
    0 195 255 255 175 0 255 0 0 255 0 0 224 255 206 0 126 0 0 0 51 255
    137 255 255 193 0 110 0 0 255 255 0 255 0 0 19 0 255 255 0 0 0 255 0
    0 255 0 255 0 255 0 255 0 181 0 255 0 255 0 255 0 255 255 255 0 0 0
    255 0 255 0 255 0 128 0 89 232 255 43 0 0 0 0 0 0 0 255 255 246 0 0
    0 109 0 0 255 255 255 255 0 255 255 255 0 255 0 255 0 255 87 0 0 80
    206 255 0 0 0 255 0 255 0 255 255 255 183 0 0 255 152 0 0 0 182 254
    0 0 255 255 255 255 0 69 255 203 255 255 0 0 196 255 0 207 255 255 0
    0 255 255 255 0 190 0 0 0 255 91 255 113 0 0 0 255 255 221 255 255
    255 0 150 98 255 0 255 255 0 0 0 255 255 0 0 255 161 255 0 0 255 255
    255 0 162 0 0 0 255 89 255 66 255 0 0 0 0 0 255 255 255 0 58 255 255
    225 154 0 255 255 50 175 105 255 0 0 0 103 255 226 255 255 0 109 255
    255 255 0 198 0 255 184 204 255 255 0 0 0 35 255 255 254 255 255 255
    0 0 255 181 255 0 255 173 255 255 0 0 0 255 0 255 0 0 0 0 255 0 0 0
    255 255 0 0 15 255 255 0 0 0 213 0 255 0 255 0 255 0 255 0 201 113 0
    0 255 125 82 255 0 255 254 255 0 255 255 255 186 0 77 0 255 0 255
    255 255 255 255 0 0 255 255 187 0 18 255 0 255 0 255 0 255 209 0 255
    0 0 0 241 255 255 255 255 0 10 0 255 0 255 0 7 0 255 255 0 0 255 0
    255 100 0 0 0 0 246 0 5 255 0 255 0 255 255 255 0 253 60 255 0 255
    222 0 105 255 255 0 0 255 0 255 255 131 134 0 218 0 255 0 255 255
    255 8 255 0 0 0 129 255 255 95 77 0 37 0 255 255 154 255 0 42 0 255
    255 0 0 65 255 255 104 0 0 255 0 255 255 255 0 104 0 0 0 255 255 39
    255 100 0 0 0 255 0 0 0 255 255 0 145 0 255 96 84 183 255 0 0 255
    255 255 255 0 10 16 0 255 81 255 0 221 0 255 0 255 183 255 0 255 255
    1 0 0 231 255 255 255 0 0 255 0 255 255 255 255 136 0 159 217 86 0
    255 255 0 0 255 255 0 0 108 255 255 206 0 0 0 255 255 255 0 0 120
    255 255 255 255 0 0 107 255 0 108 0 0 48 255 255 0 0 255 255 0 0 255
    136 255 44 255 255 0 255 27 0 255 0 255 255 0 255 0 214 255 255 255
    255 0 0 255 163 252 255 255 75 0 0 255 119 255 255 0 0 56 0 255 255
    255 255 0 0 0 0 255 255 255 0 0 23 0 255 0 255 255 255 255 255 0 0
    229 255 255 255 0 255 112 0 0 255 241 0 255 33 255 255 255 255 0 255
    30 251 0 0 0 255 2 0 0 255 0 0 0 0 255 0 255 0 0 21 255 142 255 11 0
    0 255 255 255 255 0 0 7 0 0 255 0 122 238 255 255 0 0 255 255 255
    113 255 0 255 255 0 0 255 0 255 0 255 0 255 161 0 0 139 223 255 0
    255 0 255 0 0 255 255 255 0 130 255 0 0 0 255 255 255 0 0 149 255
    255 255 79 255 255 0 0 255 130 167 0 0 255 208 182 0 255 255 0 255 0
    0 0 0 255 0 0 255 0 255 0 255 0 255 0 0 25 0 255 255 163 0 197 202
    255 219 0 211 255 255 202 0 255 0 255 0 0 0 255 158 0 0 128 0 0 255
    0 255 0 255 255 255 0 0 255 255 255 0 0 0 255 236 255 255 255 0 0 0
    156 0 0 0 0 255 0 255 255 255 0 255 0 0 255 255 0 255 255 224 255
    255 255 22 223 0 0 0 255 53 196 255 70 0 0 255 255 255 0 0 0 255 0 0
    0 255 255 255 92 0 255 0 255 176 0 159 0 231 255 255 215 255 0 91
    255 255 75 0 152 255 255 164 255 255 255 0 147 0 255 0 255 255 255 0
    0 255 0 255 108 167 190 0 0 255 24 255 0 0 255 255 0 0 0 255 255 187
    0 255 255 255 255 0 255 0 255 0 255 57 33 88 0 255 0 255 255 255 0 0
    255 0 0 0 255 255 255 0 255 255 0 255 0 0 255 255 255 0 0 0 255 167
    229 255 0 255 97 255 184 255 0 0 0 0 209 0 255 0 160 255 255 255 0
    230 0 220 105 255 0 255 101 184 0 0 0 255 200 0 194 255 243 0 133 98
    0 0 0 255 255 255 255 0 255 0 0 0 188 44 255 0 255 255 29 183 0 0
    255 255 255 0 0 0 255 255 255 41 255 255 246 240 0 255 0 255 33 0
    234 0 255 255 255 255 255 255 0 0 0 0 25 27 0 255 255 255 0 0 0 0
    224 255 0 255 0 238 0 255 0 99 0 237 255 0 255 255 141 0 0 255 255
    165 0 0 255 255 0 182 0 255 255 255 255 0 255 255 0 64 0 97 255 236
    0 204 0 255 255 255 255 0 0 255 0 255 234 255 255 11 0 130 0 0 169
    255 255 0 255 255 255 0 0 189 255 255 0 0 255 0 0 0 255 0 0 255 255
    255 0 255 255 255 255 0 90 0 255 0 255 230 255 255 0 0 0 255 0 46 0
    0 0 255 255 38 0 255 0 0 0 0 0 209 255 255 34 103 22 255 255 0 0 255
    255 0 0 0 255 0 0 255 255 126 0 255 0 255 0 255 0 167 0 255 156 10 0
    255 0 0 0 255 0 255 181 14 255 247 0 176 255 0 0 0 0 238 67 0 255
    255 73 0 158 15 255 0 255 0 249 0 98 0 0 87 0 255 0 255 0 231 0 0 0
    40 255 0 0 0 0 255 255 255 0 0 0 255 255 255 155 0 255 79 255 6 255
    255 0 255 0 255 0 0 0 0 255 255 255 0 0 255 255 255 0 0 255 0 255 0
    118 10 255 0 0 0 255 255 255 61 0 0 0 35 255 255 255 255 255 73 0 0
    255 255 47 0 0 255 129 255 155 255 226 0 168 255 4 255 255 0 158 0
    255 0 255 0 0 205 255 0 255 0 255 252 232 245 0 255 98 255 255 255
    255 0 185 0 0 255 30 129 255 255 0 114 191 0 172 0 0 255 255 0 255 0
    0 107 0 0 0 0 255 255 255 255 255 255 255 214 0 0 255 255 255 0 255
    0 255 255 0 25 61 255 255 255 0 255 255 19 0 0 255 0 61 84 0 255 255
    255 255 0 0 0 0 255 255 155 0 0 93 0 0 0 205 255 213 0 156 0 255 255
    4 255 0 0 0 0 0 182 255 255 255 70 255 0 0 0 0 255 0 0 0 255 0 255
    147 20 0 187 255 255 255 0 0 0 0 186 201 255 0 0 0 0 0 255 255 255
    51 0 0 0 255 255 255 0 0 18 255 0 0 181 255 255 255 255 0 0 0 255
    255 0 226 0 224 255 0 255 0 251 0 0 21 255 208 255 255 35 0 54 79 0
    247 255 255 0 0 0 255 255 0 112 0 255 25 255 0 255 0 0 255 0 0 255
    42 0 0 203 0 255 255 5 255 0 255 255 87 255 0 255 255 141 255 222 47
    0 255 0 0 141 255 0 0 255 0 184 255 255 255 0 0 0 0 255 255 255 255
    0 103 63 186 0 255 255 255 0 0 0 255 85 255 0 38 0 255 255 255 0 0 0
    255 0 255 255 190 255 0 0 255 0 0 0 0 0 131 24 253 129 255 255 0 0 0
    255 95 0 0 255 255 255 0 255 255 255 0 0 255 219 255 255 255 0 118 0
    232 0 255 255 0 0 101 255 255 215 46 255 59 255 242 255 255 0 255 39
    0 255 0 255 0 255 255 177 115 0 112 255 255 0 104 14 0 255 255 0 0
    139 0 56 255 0 0 0 255 255 0 255 61 255 255 250 180 0 102 208 255
    255 255 0 0 0 255 109 255 255 255 255 255 175 71 255 0 0 209 255 243
    35 0 255 149 255 0 255 255 255 0 0 6 255 0 255 89 255 16 255 0 255 0
    255 0 255 104 255 108 0 67 0 11 255 255 255 9 104 0 0 0 255 0 0 255
    0 255 0 255 255 255 220 0 112 123 19 0 255 164 255 0 255 255 0 255 0
    255 0 255 255 105 255 255 43 255 0 0 255 157 255 0 255 0 255 0 255 0
    0 255 255 255 0 0 0 0 165 255 255 109 9 0 0 0 0 202 255 0 0 0 255
    255 255 0 78 0 0 255 0 0 0 0 98 254 109 255 255 0 0 0 255 0 168 0
    255 255 242 45 255 0 0 255 255 255 0 255 0 255 92 255 178 0 255 0
    255 255 255 0 9 255 0 0 0 255 255 255 255 255 255 222 255 0 255 255
    0 0 255 255 255 255 255 0 0 0 255 212 255 255 255 0 255 0 31 255 42
    0 220 136 30 255 0 147 6 255 255 0 255 0 255 255 192 0 0 0 205 0 255
    0 0 0 162 255 255 255 255 0 255 255 211 63 255 0 222 255 81 255 0 0
    255 143 255 255 255 255 0 0 137 0 0 0 177 255 255 86 0 0 255 111 255
    255 255 255 21 36 188 179 0 255 255 255 0 115 0 255 255 255 255 255
    84 0 0 255 255 0 0 255 255 255 0 21 0 255 0 0 0 255 255 0 105 0 255
    255 31 0 0 255 255 255 0 0 0 255 22 255 254 0 17 169 255 255 255 0
    255 240 0 0 255 255 0 255 255 255 255 0 255 0 245 255 77 250 0 0 0
    255 139 0 0 255 255 0 0 238 255 0 0 0 255 255 255 0 0 0 255 255 0 8
    0 7 170 5 255 0 255 0 34 129 255 0 0 255 255 0 0 255 100 0 0 255 0
    255 255 255 131 0 255 255 255 0 215 0 255 255 255 0 0 255 255 0 0 0
    255 255 255 0 0 0 0 105 255 228 255 0 255 0 0 255 255 0 0 0 255 0 0
    0 255 255 75 0 255 0 196 0 255 0 0 0 255 255 255 0 0 0 255 239 0 0 0
    255 255 255 0 0 0 0 0 0 255 209 0 0 62 255 255 255 0 163 0 255 255
    255 255 255 0 109 172 255 0 255 255 255 0 255 0 0 255 255 255 0 255
    0 255 255 255 255 0 255 255 255 255 0 0 4 248 0 0 0 255 0 0 255 73
    189 0 0 255 255 187 0 0 0 255 255 255 0 0 186 255 255 255 255 0 0 0
    0 255 255 255 255 177 255 0 0 191 255 255 0 255 255 255 0 0 92 255 0
    0 255 0 0 0 243 255 211 0 255 255 255 219 0 255 0 255 255 0 0 196
    255 255 0 255 0 0 255 0 255 255 0 0 62 255 0 0 0 255 255 255 0 0 0
    132 0 255 0 255 255 0 255 35 123 0 255 0 84 255 0 122 255 255 0 255
    0 0 0 255 255 255 0 0 0 255 0 111 85 255 255 255 130 255 0 0 255 0 0
    0 0 255 255 255 255 0 202 0 0 22 255 255 0 0 255 255 255 0 255 0 255
    0 255 0 255 0 255 255 0 0 0 0 0 255 62 255 173 39 0 0 255 0 255 67
    255 0 255 0 0 0 0 255 67 255 0 216 255 0 0 255 0 0 0 0 255 204 255
    34 92 255 0 0 255 0 0 255 126 255 255 135 0 255 189 0 0 0 255 0 255
    255 255 82 255 0 0 0 0 255 0 255 0 255 220 156 204 255 0 161 0 255
    255 8 229 255 255 255 0 0 255 0 239 255 255 132 0 0 255 175 255 0
    127 0 255 0 255 0 255 255 255 0 0 0 255 229 0 0 165 255 114 124 0 0
    0 255 0 255 255 255 0 255 0 255 0 255 28 236 0 0 255 0 161 0 255 13
    255 0 0 255 0 0 0 0 255 255 255 0 255 130 0 0 0 241 170 55 0 0 183 0
    191 0 255 255 255 0 80 0 0 255 17 45 0 8 255 255 255 196 255 254 255
    0 255 0 255 48 119 0 0 255 255 255 255 27 0 0 69 0 255 100 0 0 0 0
    255 255 255 0 0 0 0 234 226 212 255 81 255 0 0 255 0 0 0 255 0 0 212
    0 255 73 255 0 0 10 255 255 0 255 255 0 0 255 0 0 0 0 0 255 255 0
    255 0 255 0 255 0 0 0 27 255 255 165 0 17 169 255 68 255 204 0 255
    255 255 255 0 0 0 255 0 255 0 0 255 255 255 0 0 0 255 255 255 0 161
    0 255 255 255 0 0 100 0 0 209 255 0 255 0 0 255 242 255 0 203 70 255
    255 255 0 0 232 0 255 0 255 255 255 255 0 0 255 0 0 45 255 255 255
    98 12 0 255 242 255 58 0 255 35 198 255 241 29 255 205 76 255 0 0 0
    0 111 153 95 173 221 0 252 0 225 0 255 0 255 0 255 0 43 170 157 132
    5 255 0 0 39 255 255 0 138 0 0 0 133 128 75 255 0 0 0 255 255 255 0
    181 0 255 0 255 0 255 0 0 255 255 255 0 255 0 255 0 255 29 255 0 255
    255 0 0 255 255 0 255 0 255 0 255 0 255 255 255 128 181 0 0 0 255
    255 0 0 0 83 255 255 0 32 0 255 255 0 0 0 255 255 163 255 255 0 255
    0 0 255 255 98 255 0 255 0 52 231 255 255 0 255 0 0 0 255 255 255
    124 0 0 0 122 0 255 255 15 62 0 255 2 0 0 0 28 255 255 255 255 255
    255 255 0 97 0 230 0 82 255 255 0 255 255 123 255 0 0 16 0 58 255
    255 0 107 0 255 255 255 255 0 255 255 255 255 0 0 0 154 255 255 20 0
    14 255 255 102 0 95 0 255 255 0 255 179 255 10 0 0 255 28 255 255 0
    0 0 255 211 15 0 255 0 0 0 255 255 255 0 0 0 255 255 255 0 255 31 73
    253 255 255 255 0 255 0 255 11 0 95 255 255 0 0 255 255 0 0 0 255 0
    114 0 0 255 255 255 255 0 0 0 255 3 230 255 0 0 0 255 255 255 0 255
    0 0 0 0 255 255 255 255 0 0 0 255 0 255 255 0 0 0 255 0 255 255 246
    0 0 255 0 255 0 0 255 255 0 189 216 255 255 255 0 255 0 0 180 255
    255 255 0 0 98 255 255 255 225 255 0 0 93 88 255 255 255 0 70 255
    255 255 255 0 255 0 0 0 255 255 255 0 0 0 0 255 171 0 40 0 0 0 255 0
    218 0 255 142 0 194 255 0 0 0 255 255 255 0 0 0 255 0 255 155 255 0
    255 0 0 0 255 163 255 0 255 255 255 133 0 12 147 71 0 0 255 255 0 0
    0 53 0 0 110 148 255 255 173 255 255 0 255 0 255 0 255 0 193 0 0 255
    255 255 255 0 0 0 0 255 255 255 0 255 0 78 115 0 255 255 0 0 0 255
    255 0 0 0 0 0 255 255 255 0 0 0 171 255 255 0 0 255 0 0 0 0 255 255
    116 0 0 0 255 89 255 247 255 0 255 0 0 255 255 0 255 0 128 0 255 0
    255 255 255 122 9 0 0 0 233 255 18 255 0 24 0 41 157 255 255 255 0 1
    0 50 255 255 189 255 0 255 255 74 92 0 255 0 255 0 255 255 255 10 0
    255 0 255 0 0 0 255 255 0 0 2 255 0 0 255 255 222 88 213 255 255 255
    0 255 0 255 71 255 0 255 0 226 0 43 212 255 255 255 248 0 0 255 0
    127 82 0 0 0 255 255 255 253 255 0 255 146 0 0 255 255 211 255 255
    255 0 0 0 255 0 255 255 17 0 255 255 255 0 255 0 255 0 255 154 255
    255 255 0 0 255 255 0 0 255 255 255 255 181 255 0 0 255 94 255 0 0 0
    255 77 87 0 0 255 0 255 0 0 255 255 0 255 0 255 224 255 255 128 0 0
    255 156 131 0 168 255 0 255 255 0 0 219 255 231 255 53 255 0 255 0
    255 255 255 255 0 255 0 0 255 255 255 0 255 255 153 0 102 255 146 0
    255 91 236 0 0 0 14 255 161 255 0 255 0 255 0 74 0 255 255 0 255 119
    255 5 57 0 0 255 255 255 0 0 0 255 218 255 0 0 255 255 0 39 255 0 0
    0 0 255 0 0 255 255 255 183 255 0 255 178 0 255 255 255 0 169 0 255
    0 255 0 0 0 0 255 255 255 0 255 0 242 255 172 255 0 255 0 38 0 255 0
    0 105 255 255 176 0 0 212 0 255 0 255 0 255 0 115 255 255 0 0 255 0
    255 0 0 255 1 255 255 255 0 255 255 220 0 255 0 255 91 255 0 151 114
    131 255 255 0 255 255 255 0 0 0 65 255 0 0 0 255 255 255 0 213 235
    255 255 25 0 109 53 255 255 121 255 255 255 0 255 0 255 0 0 255 255
    173 241 255 0 0 135 255 255 115 241 170 131 249 255 255 255 255 0 0
    255 79 181 16 255 255 255 255 0 44 0 255 0 255 51 0 255 255 222 255
    0 0 0 212 0 255 0 255 158 0 250 255 255 0 222 92 0 0 255 255 255 0 0
    0 0 0 255 0 255 255 255 0 255 17 255 135 76 0 255 139 255 0 0 167 0
    0 223 255 0 255 15 255 0 255 0 255 0 145 0 156 0 101 255 0 0 0 236
    255 0 0 255 255 255 0 0 0 0 255 255 143 49 0 0 155 255 150 255 0 225
    0 236 0 171 63 0 255 0 103 0 0 255 0 0 0 0 0 255 255 0 255 0 0 0 0
    255 91 255 255 0 0 0 255 0 35 255 0 255 255 255 255 0 0 0 255 255
    255 186 0 255 255 255 0 255 0 255 0 255 255 64 41 0 0 255 0 0 255
    144 0 141 148 255 255 0 255 0 0 0 0 255 255 255 0 83 97 112 87 0 255
    0 0 0 0 0 0 255 0 0 0 0 255 0 0 0 255 255 238 0 0 255 164 255 0 255
    0 0 0 255 255 255 0 255 182 255 0 0 90 255 255 255 213 0 255 0 255
    255 255 0 124 255 0 0 0 255 0 255 0 0 255 0 255 0 185 231 255 26 0 0
    0 255 0 0 0 255 255 255 255 255 0 0 0 58 255 0 0 0 255 255 0 255 0
    255 0 0 24 255 255 255 255 12 0 0 0 255 255 0 0 0 125 255 255 255
    222 255 0 0 255 255 255 255 104 0 255 194 204 0 0 216 73 149 50 0
    225 214 255 0 255 0 255 255 255 0 255 0 255 255 0 0 0 255 145 255 0
    255 0 255 0 255 0 255 0 255 24 255 0 0 255 255 255 255 0 255 0 8 255
    0 184 180 255 255 255 0 76 255 0 0 255 255 255 0 0 0 255 0 0 0 255
    255 173 160 0 255 0 130 0 0 255 255 0 149 133 106 255 255 255 255 0
    255 0 255 0 0 0 255 0 255 255 0 0 0 56 0 255 139 255 105 255 0 195
    255 255 0 0 255 0 0 0 255 20 255 0 88 0 255 0 255 255 0 0 0 34 52 0
    0 255 255 255 0 0 0 255 0 0 255 143 0 0 0 0 255 255 246 0 0 0 255 0
    255 255 255 0 255 0 0 104 216 0 0 255 255 255 0 0 0 255 177 101 17
    255 0 0 0 255 255 255 0 255 255 51 255 0 255 0 255 129 0 0 255 255
    82 0 255 255 255 0 255 255 255 255 255 0 4 0 255 0 248 255 255 0 76
    255 30 0 101 0 0 255 215 255 0 0 255 0 255 0 23 0 255 133 0 55 255
    255 255 104 255 0 59 0 60 0 0 255 223 0 149 216 255 255 227 0 0 255
    187 255 255 0 188 255 0 0 56 0 255 0 0 0 255 255 255 107 12 255 255
    255 0 0 255 255 255 0 0 255 255 255 255 71 95 0 49 0 255 255 65 0 44
    255 255 0 255 0 127 0 255 0 0 90 0 255 104 0 255 202 0 255 0 0 2 255
    255 0 255 0 0 255 255 255 255 0 255 0 255 112 0 255 0 255 0 255 255
    255 255 0 255 0 255 0 0 255 0 255 0 0 0 255 255 255 0 0 255 255 79 0
    174 255 0 255 0 46 0 146 204 255 0 0 255 255 255 61 0 255 255 255
    255 235 255 255 255 0 0 0 0 255 255 255 0 0 0 0 255 255 0 0 255 0
    255 0 255 0 61 0 255 0 33 0 255 255 0 0 255 0 255 0 0 0 255 0 255 0
    0 0 0 255 255 255 0 0 0 0 0 255 255 0 0 255 189 255 0 0 0 0 166 0
    255 0 255 0 89 0 0 55 189 255 255 0 255 255 0 0 0 255 255 255 0 255
    0 255 0 255 0 0 0 0 255 255 215 0 0 81 255 255 255 255 170 57 0 0
    255 255 0 255 230 0 147 0 255 0 0 0 255 255 0 0 34 255 228 255 255 0
    179 0 123 0 255 216 149 255 255 0 0 255 255 255 0 14 65 255 83 255 0
    255 197 0 255 0 255 0 0 255 0 255 255 255 4 0 216 0 255 0 11 0 255
    139 255 0 255 255 93 255 255 255 255 255 22 255 129 0 194 0 255 255
    255 0 0 0 58 170 0 0 0 255 0 0 0 255 255 0 255 0 255 74 0 255 255
    255 0 255 255 0 255 0 255 255 255 255 255 206 0 0 161 255 0 255 226
    255 99 116 0 0 255 15 255 0 0 0 255 0 255 0 0 0 255 0 255 0 255 255
    255 0 0 0 49 255 0 255 0 255 0 0 105 0 95 0 230 7 0 101 0 0 249 0 0
    0 0 255 255 255 0 73 255 0 0 255 0 0 255 72 255 0 0 0 30 25 255 255
    0 255 0 197 0 255 255 0 255 0 0 0 255 255 255 0 255 255 255 0 205 0
    255 95 255 135 0 0 0 68 0 11 0 255 0 0 0 255 0 0 0 135 0 255 0 255
    255 0 255 65 255 0 0 0 218 255 228 255 255 255 170 255 72 66 0 0 0 0
    255 244 255 0 255 0 5 207 255 255 0 255 0 255 0 255 255 255 1 12 67
    0 241 204 255 135 255 0 255 0 44 0 0 0 0 255 155 255 3 255 246 0 128
    0 255 218 255 0 0 255 255 177 92 0 200 255 210 0 0 255 255 0 0 247
    255 255 0 255 0 255 255 255 0 57 255 5 255 0 0 0 0 0 0 255 0 211 0
    255 0 0 0 255 255 255 0 0 255 255 0 138 0 0 255 255 0 255 164 255 0
    0 255 255 255 255 0 255 255 255 0 0 64 0 0 255 255 255 0 0 100 80 0
    90 183 0 255 137 0 255 0 255 0 255 255 0 0 0 147 255 0 255 0 255 0
    255 0 255 255 255 36 0 255 255 16 0 0 0 0 0 255 255 255 27 0 0 0 255
    255 255 0 255 238 255 255 0 0 0 255 255 0 61 0 255 0 128 255 255 0
    187 0 0 0 0 0 96 0 0 255 0 37 0 105 0 0 25 255 63 173 255 255 255
    255 0 59 49 255 255 0 255 255 255 0 107 199 255 255 86 0 0 255 255
    255 255 255 47 255 255 255 0 0 0 255 255 255 255 76 255 255 0 0 0 0
    0 255 0 0 104 255 255 255 255 0 255 255 83 0 0 255 255 255 0 0 251
    126 0 255 255 255 0 0 148 0 0 0 117 255 255 0 159 255 31 32 0 0 0
    190 43 0 255 242 255 255 32 255 255 255 255 0 0 4 255 0 255 0 255 0
    0 0 0 111 255 255 255 12 255 93 0 0 0 255 86 0 0 255 255 255 0 0 0 0
    255 255 255 0 0 255 26 255 255 74 0 0 0 255 13 255 0 0 0 59 0 255
    255 255 223 0 255 0 89 255 255 109 0 0 255 255 255 0 0 255 137 0 0 0
    0 255 255 0 0 9 71 255 255 255 198 255 0 245 87 0 248 0 255 0 0 242
    255 255 62 255 0 62 89 0 0 0 255 37 0 255 194 0 0 255 255 112 0 0
    255 0 255 255 255 0 0 255 45 0 255 255 0 0 217 255 255 255 0 0 255
    255 255 0 255 255 255 255 0 0 255 0 255 0 255 30 66 147 220 0 255 0
    255 255 255 255 0 0 0 255 113 255 0 255 255 0 0 0 209 255 255 255 0
    0 255 0 255 0 255 255 217 0 255 0 255 61 8 203 255 106 255 191 0 255
    0 0 0 0 128 255 255 255 0 0 0 255 168 109 0 200 255 255 255 0 0 0 0
    171 255 246 0 255 16 255 20 255 0 255 0 0 0 0 255 255 255 0 0 255
    255 83 0 12 255 163 137 0 0 255 116 0 0 255 0 255 57 255 66 0 0 0
    255 142 255 204 0 255 150 0 0 160 0 0 74 202 237 0 255 89 255 255 0
    0 0 255 135 62 0 0 255 0 0 255 0 255 48 255 255 0 255 255 255 0 252
    183 255 0 0 0 255 255 0 0 0 255 255 110 255 255 255 22 255 204 255 0
    68 0 255 0 0 0 255 255 0 25 0 0 9 0 255 227 255 0 19 255 0 8 255 0
    255 255 255 255 223 255 0 255 0 255 47 120 239 255 156 0 0 255 255
    255 0 255 255 255 0 255 0 0 215 255 0 255 255 255 255 252 64 92 28
    54 255 93 0 194 0 255 255 0 0 0 255 255 255 255 0 0 0 255 0 255 255
    255 0 0 0 255 222 0 0 0 0 0 255 255 0 0 51 19 0 255 255 255 133 0
    255 0 193 255 0 255 255 255 200 91 255 0 255 0 255 32 0 65 135 0 0
    255 0 255 0 105 255 255 102 177 0 0 255 255 138 0 255 0 255 0 255
    255 255 255 0 13 0 255 0 255 255 33 57 16 0 255 0 201 0 0 72 0 255 0
    136 255 243 255 0 0 73 255 255 120 0 0 0 0 115 0 222 255 255 0 255 0
    255 145 255 255 255 255 0 119 250 255 255 0 255 0 255 0 43 0 255 0
    255 0 35 255 255 0 0 32 255 114 0 0 255 147 0 0 255 255 0 255 0 0
    255 0 255 29 255 0 67 0 255 0 255 255 255 201 0 0 0 255 255 255 0
    255 255 255 255 0 126 255 255 255 0 0 0 201 255 255 0 0 0 0 255 0
    104 0 255 255 255 255 4 0 0 255 255 198 0 255 0 255 0 255 237 0 170
    144 255 245 255 0 0 0 255 228 255 255 0 0 0 134 0 255 0 92 255 255
    72 255 255 236 68 0 255 0 82 255 255 0 54 246 255 0 255 0 255 198
    255 0 255 171 0 0 0 255 255 255 0 0 73 0 99 0 210 0 255 207 255 0 0
    0 255 255 255 0 0 0 255 0 0 0 0 255 0 255 0 0 0 255 0 255 255 255 0
    255 0 255 0 119 0 255 5 235 0 255 0 184 255 0 0 0 227 255 255 255
    234 0 0 0 255 255 255 0 255 255 255 255 253 35 0 255 255 108 0 75 0
    0 255 255 255 255 0 0 73 255 0 219 122 0 255 255 255 0 255 97 160 0
    146 255 255 0 12 40 255 59 255 0 0 255 168 83 19 255 255 255 255 255
    255 255 0 255 0 0 255 255 59 0 0 255 255 255 49 0 255 185 255 0 71 0
    0 255 255 255 0 0 0 255 255 0 255 255 106 0 255 255 255 0 255 0 130
    255 0 0 0 255 210 0 0 0 17 156 255 255 255 0 20 0 255 255 0 0 255 0
    255 255 0 255 0 250 0 0 255 255 255 255 0 0 0 255 0 0 0 255 255 26
    220 64 255 255 0 0 255 255 255 255 0 255 255 255 255 0 148 99 255
    153 0 88 255 27 255 0 130 2 255 57 255 255 57 0 255 134 255 0 0 0
    255 255 255 0 255 255 255 255 30 0 0 255 0 189 255 255 0 250 255 255
    237 0 0 0 0 147 255 255 0 0 255 178 255 0 49 0 130 92 255 0 255 114
    255 0 255 0 199 152 247 255 0 255 0 95 255 0 0 0 255 255 255 255 255
    254 228 93 255 255 255 0 0 255 0 187 0 0 0 0 7 0 255 143 252 253 255
    153 0 0 0 0 0 255 255 157 0 108 255 0 255 255 0 0 255 0 89 180 255
    255 255 121 255 118 255 255 255 0 0 255 255 84 100 0 0 255 57 0 0
    255 255 255 255 255 255 255 255 255 90 0 160 0 255 205 0 183 0 255
    255 211 0 255 0 255 255 0 0 0 255 255 255 0 0 255 0 0 0 37 0 255 0
    255 8 255 0 255 255 255 255 182 0 255 255 255 0 0 0 255 169 0 77 41
    255 255 0 255 0 255 0 255 4 0 0 117 0 0 255 255 255 0 0 28 117 255
    255 255 0 67 0 255 0 229 255 255 0 0 255 0 255 0 0 255 0 0 159 255
    255 255 0 0 83 0 255 0 255 255 74 0 0 64 0 255 0 255 0 0 0 255 255
    255 255 255 255 192 0 255 13 255 0 255 255 255 255 255 255 255 255 0
    0 232 0 255 233 110 38 0 255 255 255 0 0 255 0 255 255 0 0 0 14 255
    255 12 255 0 0 0 0 255 255 53 223 0 0 0 196 255 249 255 255 0 255
    255 8 0 0 0 0 255 255 48 16 255 141 0 255 0 0 0 0 255 255 255 0 255
    0 0 0 255 0 0 0 255 255 255 0 255 185 255 106 120 236 255 255 0 0 0
    0 0 255 0 96 255 147 0 0 0 255 0 255 0 255 0 35 255 0 255 0 255 0 0
    0 255 255 255 0 187 255 255 255 0 255 0 0 0 255 0 255 153 25 255 157
    255 0 255 255 255 255 255 167 139 0 0 0 255 255 0 0 118 255 0 255 0
    255 0 0 0 0 255 255 255 255 0 255 0 125 255 225 255 0 0 54 0 0 88 0
    255 255 255 0 250 0 0 0 0 255 255 255 0 0 255 0 255 47 255 0 130 34
    242 0 27 0 255 0 133 255 255 255 0 0 0 0 203 255 76 0 43 255 255 0
    255 255 0 0 0 255 255 255 255 0 1 0 236 0 242 0 255 255 255 255 0 0
    93 255 255 255 0 255 0 255 0 230 255 214 255 255 85 0 0 0 211 0 0
    255 141 130 0 255 255 0 0 0 0 255 0 255 0 0 0 142 130 0 255 255 255
    0 0 54 182 16 0 0 255 0 0 0 176 164 102 216 255 255 255 255 0 0 0
    255 255 18 0 114 0 171 0 255 3 0 0 255 255 255 255 0 227 0 255 236
    255 0 0 255 255 160 255 41 23 0 255 255 255 0 0 0 0 0 0 0 231 0 0
    255 62 255 0 255 255 0 131 0 255 255 255 0 255 0 255 255 0 175 159
    255 36 0 0 255 255 255 224 110 0 255 0 0 147 255 0 255 0 255 0 255 0
    61 255 0 0 221 255 69 249 0 0 0 255 158 8 0 255 255 255 0 0 36 0 231
    255 255 255 0 255 255 255 255 0 255 0 255 195 0 41 255 255 255 183 2
    255 255 255 0 255 255 0 0 0 0 178 0 255 255 255 0 0 0 217 255 138 0
    255 141 253 0 0 255 0 0 0 236 0 255 0 106 147 186 0 0 0 41 255 255 0
    0 0 0 0 145 0 0 240 0 154 0 255 0 255 0 0 0 0 255 0 255 124 255 0 75
    0 255 0 255 165 0 255 0 255 85 255 137 201 93 70 0 0 0 140 255 255
    255 0 255 255 255 0 0 255 0 0 168 255 255 8 0 94 82 255 198 255 255
    255 255 255 0 0 242 239 224 0 55 0 255 255 255 0 190 255 255 255 237
    12 0 130 255 0 135 254 255 255 255 255 0 255 0 0 0 255 255 255 255 0
    187 0 255 255 255 255 129 212 0 31 255 255 198 255 0 0 255 255 255
    255 0 36 0 0 255 255 232 0 125 0 255 167 0 0 0 0 0 0 255 255 68 0
    255 255 255 0 255 0 0 255 0 0 168 0 255 255 120 0 161 255 255 255 0
    201 0 0 0 255 255 0 0 0 255 0 193 255 255 0 0 179 255 0 0 0 115 255
    0 255 2 255 255 0 255 0 0 0 255 0 0 206 193 0 119 36 43 0 0 0 0 0
    176 0 0 0 0 172 255 255 255 0 0 145 28 0 0 255 255 255 0 255 0 225
    255 233 0 187 0 221 255 255 0 0 0 255 24 255 61 0 160 0 255 255 0
    203 255 0 0 0 255 255 255 155 255 201 232 227 0 255 255 127 0 0 255
    0 62 0 0 128 255 255 0 255 0 255 0 255 0 210 164 255 0 0 255 0 171 0
    189 0 255 0 255 255 0 255 0 255 0 0 0 255 253 85 0 43 13 0 92 255 0
    255 0 255 0 0 197 255 255 255 255 255 255 0 30 0 0 255 255 255 175 0
    255 0 255 0 0 0 21 255 255 0 0 0 255 255 255 0 29 255 59 251 255 255
    0 255 255 0 0 0 255 0 149 0 255 126 255 0 255 54 0 169 0 255 255 255
    114 255 65 58 255 255 255 0 0 255 4 0 0 0 255 255 0 255 0 255 0 165
    0 255 64 255 0 255 0 107 0 0 225 255 255 141 255 255 255 0 255 0 0 0
    0 0 0 0 212 255 255 0 100 255 255 255 146 255 178 255 63 255 112 255
    135 255 255 0 0 0 255 0 0 255 133 97 0 181 255 255 255 0 0 0 255 255
    123 0 255 255 126 255 0 0 0 255 0 0 255 255 0 0 17 0 255 215 255 70
    255 0 255 0 0 0 255 174 0 255 255 0 48 0 175 27 246 0 255 255 255 0
    230 232 0 64 0 255 255 0 0 0 50 255 0 0 0 233 0 0 255 0 255 255 80
    93 0 0 255 255 201 0 255 0 231 0 255 0 0 255 0 255 115 0 0 255 255
    255 124 209 255 255 255 0 255 255 230 0 255 0 255 0 255 255 0 0 8 0
    0 45 0 255 0 255 255 3 0 255 255 0 255 255 255 0 255 255 13 0 34 68
    0 0 255 255 157 255 0 0 0 0 247 255 0 255 255 25 255 255 255 255 0 0
    255 36 171 255 0 0 0 0 0 255 181 255 255 0 0 13 255 255 0 0 255 255
    0 255 0 0 131 222 255 255 255 87 0 0 98 252 255 255 255 125 0 0 255
    255 255 255 48 0 0 255 0 255 255 255 0 0 255 255 0 34 124 81 255 255
    173 206 0 0 120 255 0 0 0 0 42 0 0 0 34 0 255 255 0 255 25 0 0 222
    255 73 0 255 255 0 0 0 255 255 184 75 30 0 255 255 181 0 255 255 133
    0 255 255 255 0 0 137 255 255 0 122 255 0 0 0 255 50 255 0 255 255
    255 255 255 0 0 76 255 96 255 115 13 255 24 0 255 255 255 0 0 0 0
    255 0 255 0 255 255 197 0 89 0 255 0 0 0 255 255 38 0 133 0 255 0
    255 84 245 0 255 255 255 255 255 0 0 246 4 127 164 0 0 116 255 255
    255 0 172 255 0 255 0 0 66 196 28 60 0 0 0 255 0 0 79 205 255 255
    255 0 0 0 0 255 255 255 0 0 255 0 255 74 0 0 255 0 255 0 0 0 0 230 0
    255 0 0 150 255 0 0 255 0 255 0 224 178 255 0 177 82 129 255 255 0 0
    0 0 255 0 0 84 0 0 0 255 205 85 0 149 255 255 0 0 0 0 255 255 208
    255 0 0 0 255 255 171 255 255 255 0 255 0 0 0 255 255 0 0 255 255 0
    230 255 255 255 0 0 0 255 255 255 255 0 0 152 255 255 255 133 0 0
    255 0 89 0 255 85 255 0 255 0 255 255 255 255 0 255 0 255 62 225 0
    67 255 255 0 255 0 119 0 255 255 255 174 247 255 0 0 186 255 43 40
    255 0 136 0 255 255 255 0 0 0 207 83 0 9 255 0 255 9 255 192 255 0
    255 0 255 0 129 20 255 255 255 255 255 255 6 0 0 0 0 255 153 255 255
    255 0 0 255 239 255 124 0 255 255 0 179 34 255 0 0 0 0 255 0 255 255
    121 0 255 255 0 255 0 196 0 255 0 0 255 255 255 162 0 0 0 0 255 255
    235 0 255 0 255 0 200 0 255 255 255 0 255 255 255 255 0 255 0 255
    255 0 255 184 255 0 0 0 0 0 255 0 255 0 0 255 255 255 255 255 0 255
    0 0 163 255 0 0 255 96 255 255 0 215 255 255 2 255 255 0 0 255 255
    255 102 0 0 169 28 255 255 0 0 56 0 10 255 0 226 0 17 0 171 255 133
    0 255 255 0 255 0 255 0 255 13 255 147 0 0 255 255 255 0 0 197 255 0
    0 0 0 255 255 255 255 255 255 116 0 255 36 238 0 255 0 255 0 255 255
    0 0 255 0 255 255 0 255 0 255 0 0 43 255 255 0 181 255 0 53 222 238
    255 0 255 255 0 255 0 255 0 255 0 255 2 255 0 220 255 255 0 0 255 0
    255 255 0 255 228 255 255 0 0 0 255 229 255 0 0 0 0 8 162 255 255
    255 255 137 217 0 0 0 255 255 0 0 255 0 0 255 255 215 0 0 3 0 0 255
    207 255 255 255 0 0 56 0 254 255 0 255 255 80 255 149 255 0 99 255
    255 255 255 255 0 0 0 0 255 131 255 0 0 0 189 0 255 0 255 0 0 0 255
    255 255 0 0 63 255 153 255 0 255 0 255 0 163 255 255 0 255 255 0 0
    76 255 255 255 255 0 133 0 255 21 255 255 0 255 255 255 255 255 0 0
    0 0 0 2 0 255 0 255 0 255 0 246 255 0 0 66 0 255 255 255 0 0 20 255
    255 121 0 0 0 255 0 0 0 31 255 0 0 0 255 255 0 255 0 255 117 4 0 255
    0 131 255 255 0 255 0 255 0 122 209 255 255 255 0 255 0 255 0 255
    225 21 0 255 0 154 0 0 248 255 221 0 255 0 0 137 255 255 255 48 78
    255 255 255 87 0 0 255 185 0 255 173 0 255 0 255 0 0 255 255 0 255 0
    229 0 255 255 255 0 0 255 0 0 255 0 0 0 82 255 255 0 0 166 255 255
    114 0 0 255 0 255 164 115 0 150 0 255 255 255 255 0 0 255 0 0 255
    255 255 31 0 0 0 255 0 255 255 255 0 255 0 0 181 179 255 255 255 255
    97 255 255 255 0 83 0 255 255 255 0 0 0 0 255 197 0 145 0 0 255 255
    255 255 185 255 255 0 0 0 255 255 150 0 255 255 255 0 255 255 255
    255 0 0 255 255 2 0 0 60 255 255 0 0 0 255 255 255 0 0 3 255 0 0 0 0
    255 255 255 0 0 0 0 0 255 255 239 255 255 38 0 196 255 255 255 0 0 0
    255 0 0 255 255 255 255 255 255 0 255 252 255 0 0 255 0 14 17 192
    255 33 18 255 0 255 0 89 0 0 20 255 0 255 0 13 255 255 255 43 0 0 0
    0 0 255 167 0 255 75 0 0 28 255 0 255 0 29 0 255 0 255 0 0 255 255 0
    0 0 255 255 255 0 0 0 255 0 255 0 255 255 176 255 152 255 255 0 0
    138 255 136 255 255 255 255 0 0 127 255 255 0 0 0 255 255 0 0 0 255
    255 255 0 245 0 235 0 0 153 255 0 0 0 216 0 193 255 255 0 208 0 255
    0 255 0 255 0 0 255 0 255 0 0 0 255 255 119 255 255 255 255 0 255
    255 255 0 150 137 0 131 0 255 0 255 0 255 255 0 0 255 0 0 0 255 255
    0 0 255 117 255 0 255 54 255 0 255 0 139 255 255 0 0 255 90 150 166
    0 0 0 0 255 24 255 244 255 255 255 255 0 56 255 255 255 0 0 0 255
    255 103 106 0 255 255 0 48 120 255 255 0 0 255 146 41 0 255 0 0 38
    255 255 255 0 0 0 255 255 255 255 0 255 0 201 255 255 0 0 0 61 255 0
    0 0 255 255 255 86 255 0 255 255 255 0 0 147 255 0 255 255 255 0 0 0
    255 255 255 255 99 0 63 0 0 0 122 0 255 209 5 255 0 255 0 197 217 0
    255 0 255 221 255 0 0 155 255 0 255 255 0 0 0 255 82 0 0 255 0 0 221
    116 255 0 0 255 0 60 255 255 0 0 0 255 255 110 0 30 255 255 255 255
    0 0 246 255 59 0 0 0 255 0 0 0 255 70 255 0 0 59 0 255 228 255 255 0
    0 0 255 239 0 255 78 129 255 0 255 0 0 0 102 0 46 175 255 0 0 0 0
    255 255 143 0 0 5 255 0 0 255 255 0 0 255 255 45 0 255 0 127 0 255
    43 231 0 255 0 63 0 0 255 255 0 0 255 39 255 255 255 0 158 0 255 0 0
    116 255 255 0 255 255 255 0 0 204 255 255 255 0 0 0 255 255 255 0 0
    31 0 217 0 0 0 47 0 255 252 255 255 127 0 0 0 255 255 0 0 255 255 61
    255 113 39 255 0 255 255 0 0 255 221 255 0 255 255 0 0 0 124 140 159
    183 200 0 255 255 50 209 255 175 156 0 0 0 255 255 255 0 0 0 20 0
    207 62 0 0 0 255 255 255 255 0 255 255 255 201 255 255 255 255 0 255
    0 0 6 255 255 255 22 0 0 255 115 0 255 0 255 0 0 255 0 255 0 255 0 0
    0 199 255 133 30 255 98 0 255 255 0 255 130 255 255 50 0 0 255 255
    255 0 255 255 0 255 91 255 255 250 255 0 0 0 0 0 255 0 0 0 0 255 1 0
    0 211 0 255 12 0 0 0 255 0 0 255 255 0 198 255 255 228 0 153 255 255
    255 0 0 0 255 0 116 118 255 68 139 255 0 0 255 0 0 0 255 0 0 255 213
    0 0 0 0 255 255 255 0 255 255 198 127 0 67 255 255 255 0 0 0 0 255
    255 0 0 0 60 255 93 0 255 0 136 0 164 255 255 5 255 0 153 64 0 0 143
    255 0 211 255 255 0 0 0 224 0 255 0 193 0 0 0 255 255 0 65 0 255 29
    255 118 157 0 0 255 255 0 255 255 255 0 0 0 36 31 255 255 255 0 0
    255 0 255 0 0 255 255 255 0 69 0 255 0 255 0 255 0 255 0 255 0 0 0 0
    255 255 255 96 0 0 0 26 229 255 179 255 255 255 255 255 0 94 0 0 0
    255 255 255 0 0 0 255 0 255 0 0 0 239 153 255 0 0 255 109 0 255 0
    255 0 0 0 255 255 0 228 0 0 209 255 255 0 255 0 232 255 255 255 255
    0 0 0 255 255 0 0 127 45 0 0 0 255 0 255 0 9 0 255 255 0 0 232 255
    255 0 0 0 24 255 255 190 0 255 0 255 0 120 19 255 0 0 0 137 255 0
    255 255 255 255 0 255 255 255 0 255 173 255 0 255 0 0 0 0 255 255 0
    255 255 255 189 255 255 255 32 0 0 0 0 0 0 52 255 0 107 0 255 0 255
    0 255 255 0 0 255 0 0 0 0 255 154 255 0 255 0 0 255 115 134 0 255 74
    255 0 71 0 149 0 0 0 109 0 255 255 182 0 0 0 255 255 255 113 25 255
    54 0 198 233 218 255 182 0 0 19 158 146 176 255 255 0 0 0 255 130 0
    255 222 128 55 255 35 255 0 255 175 255 0 255 0 255 0 255 0 255 204
    255 0 0 255 0 255 0 255 0 255 135 0 0 255 0 112 255 0 255 0 255 178
    0 0 255 255 0 255 255 255 0 0 0 0 255 255 255 135 0 138 0 0 236 0
    255 0 0 79 255 0 255 255 0 190 0 255 0 255 0 201 255 107 85 26 0 255
    198 0 0 0 255 117 255 0 255 255 0 255 164 255 0 255 37 78 0 0 184
    255 0 0 0 0 255 180 59 47 255 0 0 0 0 255 255 0 118 0 0 255 167 182
    0 255 0 255 255 255 0 0 255 0 83 255 0 255 0 0 255 255 63 78 255 255
    255 255 255 0 0 0 255 0 76 0 255 255 255 0 255 255 255 255 0 235 255
    0 0 0 0 190 255 78 0 241 0 255 0 0 255 255 255 0 255 255 255 0 255
    255 255 0 255 255 255 0 31 58 107 0 0 255 0 160 0 255 167 101 0 255
    0 0 0 255 255 0 0 0 255 255 255 0 0 0 0 255 0 0 51 255 255 0 0 255 0
    255 0 255 252 255 5 0 0 137 255 255 208 188 35 255 255 255 0 255 255
    141 255 255 44 255 0 0 255 0 255 0 0 176 250 255 0 0 255 255 255 254
    0 255 67 9 0 0 242 0 255 0 0 0 255 255 255 35 255 255 0 0 43 0 123
    255 255 255 0 0 109 255 0 0 0 0 0 0 0 255 255 255 0 0 0 0 255 0 47 0
    0 52 158 16 63 255 0 0 149 255 0 189 255 29 0 255 255 0 0 255 255
    255 0 255 255 255 0 0 255 73 255 255 0 0 198 0 0 0 0 0 0 255 0 255
    255 255 0 0 0 255 255 214 0 0 255 0 0 103 255 255 255 54 0 0 23 0
    144 115 255 0 24 255 255 0 0 0 51 255 253 255 255 0 54 255 255 0 38
    255 255 0 255 0 255 255 0 255 0 111 0 0 255 255 255 255 0 255 9 255
    134 255 0 0 16 255 255 0 0 0 255 0 0 0 0 255 255 36 0 0 0 0 0 255
    255 255 0 255 0 255 255 0 0 0 196 255 255 255 255 0 255 255 255 0 0
    0 0 255 255 6 255 0 255 0 255 0 255 0 0 0 255 255 0 0 115 255 255
    255 226 0 0 255 0 251 0 0 255 255 211 255 0 0 0 255 255 255 255 0
    199 0 255 0 0 255 255 0 97 255 119 255 0 0 21 255 29 255 0 0 0 255
    255 255 97 0 0 0 255 0 255 0 0 0 103 255 0 255 0 255 113 255 99 43
    255 255 255 0 255 87 218 255 255 58 73 125 255 0 0 0 138 0 255 255
    255 159 227 0 255 255 0 0 255 255 255 255 0 0 255 0 40 0 0 22 255 0
    190 255 255 0 0 0 255 0 0 0 255 255 255 255 255 156 0 0 220 255 0 0
    255 255 0 0 255 140 107 0 171 255 0 0 0 255 192 255 0 0 255 255 255
    255 55 0 0 0 0 255 0 183 66 0 0 186 0 255 148 192 0 255 0 255 218
    255 0 0 0 191 0 255 0 0 0 255 255 86 56 255 0 255 201 255 196 152 0
    0 255 0 255 14 0 255 0 41 255 58 181 0 255 0 0 56 0 255 75 0 0 181
    255 0 0 255 201 255 0 255 6 255 255 0 109 0 0 174 163 255 255 255 0
    0 0 0 172 0 255 0 255 255 255 255 0 239 4 0 149 219 255 255 255 0 0
    255 255 255 239 0 255 0 55 204 0 255 0 122 0 55 154 255 255 0 0 124
    0 223 0 255 130 0 255 0 255 0 255 0 0 255 0 0 115 255 161 255 0 255
    0 255 0 255 0 0 0 170 0 255 255 255 255 0 255 255 0 0 255 0 255 96
    255 255 0 151 0 255 192 255 8 0 0 96 0 255 41 0 93 255 255 0 255 233
    255 0 0 0 255 255 255 0 0 255 0 0 255 0 255 255 255 114 255 0 255 0
    255 0 255 255 146 171 165 114 185 0 0 255 255 190 255 0 0 0 145 197
    255 0 0 136 255 184 255 255 255 0 104 0 0 255 0 0 190 82 255 0 255 0
    255 0 255 0 255 164 255 0 255 184 0 255 255 255 255 0 255 0 0 0 0 0
    0 255 0 255 0 84 79 42 0 255 255 255 255 0 245 0 0 0 0 255 0 255 0
    255 0 0 255 255 255 0 0 255 0 0 0 255 255 255 255 255 255 0 255 158
    255 108 255 255 0 0 198 255 44 0 0 91 255 0 23 255 255 255 6 0 255
    255 85 0 250 31 0 64 255 66 201 255 108 255 0 0 0 0 0 0 255 0 0 0
    255 255 136 191 255 0 0 0 255 255 255 0 0 0 255 227 255 255 0 255 0
    0 0 0 0 0 255 255 113 255 255 249 255 255 44 0 185 0 0 26 255 255
    255 0 255 255 0 0 177 0 255 81 255 185 0 214 255 255 255 255 255 0
    45 0 0 0 100 255 255 255 150 255 0 255 0 85 0 18 255 213 217 0 255
    255 255 0 0 219 255 0 0 0 0 0 0 255 0 40 0 255 0 0 172 0 255 0 255 0
    255 0 255 0 0 0 255 255 0 255 0 255 255 0 0 255 255 216 0 112 255
    255 255 7 0 255 255 0 248 5 0 255 255 88 0 51 0 0 255 255 255 0 255
    0 255 0 255 0 0 0 0 0 0 255 0 255 0 35 255 0 144 0 255 255 0 145 0
    255 255 255 0 0 0 255 255 0 0 255 0 255 0 153 0 0 120 0 255 0 204 20
    0 255 255 255 255 0 0 0 255 104 255 0 0 255 241 0 255 0 0 0 0 0 20
    186 0 255 0 255 0 255 127 255 0 0 0 117 255 0 0 47 0 255 41 255 147
    0 0 231 0 255 255 208 255 211 0 0 255 255 0 0 0 0 255 255 0 0 255
    234 0 203 220 42 0 35 0 0 0 255 0 0 111 0 255 0 255 0 0 0 0 255 255
    0 0 0 0 255 115 255 0 255 255 213 28 255 0 255 102 0 255 255 255 255
    0 127 87 0 255 255 255 255 0 170 46 81 0 0 255 153 255 200 0 53 0 0
    255 0 0 255 255 50 106 255 103 0 0 0 255 43 134 18 180 0 252 255 0
    255 255 255 196 76 255 54 0 255 140 255 0 88 255 255 255 255 255 0 0
    0 255 255 0 0 255 161 0 0 15 255 255 119 0 255 255 255 0 255 255 255
    0 0 0 255 0 255 89 90 255 255 255 0 255 255 255 255 63 228 44 0 0 0
    64 0 0 255 0 255 255 183 254 255 255 255 0 0 113 255 0 165 0 1 0 0
    219 0 0 0 255 0 207 255 0 255 103 0 0 0 255 255 255 255 189 25 49 0
    33 198 255 0 0 255 255 142 0 0 0 88 255 185 96 0 0 255 0 255 115 0 0
    42 255 255 255 255 255 65 0 0 0 0 255 8 94 255 176 255 0 255 255 0
    255 99 255 0 0 255 0 255 255 255 10 0 255 0 0 101 255 255 255 255 0
    255 0 0 255 0 0 0 255 255 0 255 255 255 0 255 80 230 0 0 13 0 255 0
    255 0 255 0 0 0 0 0 255 113 0 29 194 255 0 0 0 0 225 0 255 255 142 0
    0 0 255 255 255 0 0 23 255 12 255 0 255 0 255 94 0 165 247 0 255 0
    255 255 0 255 0 255 255 255 255 255 255 0 0 107 0 0 255 136 0 0 0
    205 0 255 151 255 0 255 0 255 0 255 0 0 134 255 255 0 255 95 255 0 0
    0 189 255 255 0 0 0 0 255 143 255 255 255 0 255 0 0 0 255 0 255 0
    255 0 0 69 0 255 115 0 218 115 255 27 255 0 24 255 255 0 187 35 255
    128 255 255 118 255 0 0 0 255 0 162 0 0 255 255 255 255 0 0 23 255 0
    150 163 255 255 0 255 0 255 192 255 204 255 182 0 0 0 0 207 0 255 0
    255 0 255 0 93 255 255 255 0 0 169 54 0 0 255 255 255 255 0 0 255 0
    255 255 255 0 0 0 255 255 0 131 0 255 255 255 255 255 255 0 255 0
    255 255 255 255 0 0 243 255 0 87 255 0 0 0 255 158 255 0 0 0 196 255
    255 217 0 0 0 202 255 15 153 255 0 11 0 255 255 187 255 153 255 255
    0 255 0 6 255 0 0 255 255 255 255 0 145 0 137 0 0 0 0 255 255 255
    255 236 255 0 0 255 255 0 155 255 255 255 255 44 0 0 255 0 0 0 255 0
    255 255 255 0 255 156 255 255 255 0 0 188 255 255 255 0 0 0 0 255
    255 0 255 255 0 0 255 255 216 0 255 255 0 113 0 255 0 0 0 73 0 0 255
    255 255 0 0 0 248 0 0 255 255 0 0 255 10 255 255 255 0 0 255 255 0 0
    255 232 255 0 255 255 255 255 0 255 0 255 0 0 0 255 255 255 114 0
    255 255 0 0 0 255 255 0 0 0 0 255 0 0 255 26 255 101 0 148 181 255
    203 0 0 0 255 0 0 0 13 255 255 0 0 0 0 130 255 0 188 178 255 0 255
    255 255 255 0 202 255 0 124 255 0 21 0 94 0 255 255 255 0 0 255 0 75
    255 255 179 0 255 0 0 26 255 189 97 255 0 220 0 213 255 255 255 0 0
    71 60 255 255 82 0 255 47 255 255 0 181 255 255 255 65 255 66 0 0
    255 156 111 84 255 255 0 255 0 0 1 255 23 255 255 255 0 0 0 255 255
    7 0 255 0 255 255 0 255 0 152 0 0 181 0 254 0 255 0 0 0 255 0 0 0
    255 255 0 0 255 14 201 79 255 0 0 156 255 81 0 0 0 255 86 0 0 255
    183 255 0 255 0 255 255 0 0 0 205 255 0 255 0 255 255 255 0 0 0 255
    0 255 0 255 0 255 118 255 184 0 255 0 0 18 255 255 255 0 0 0 254 255
    255 0 203 0 120 0 255 255 0 255 0 255 0 19 255 255 0 0 0 255 0 244 0
    255 0 255 0 255 255 0 255 0 0 255 0 255 193 244 0 0 255 255 0 0 0 0
    0 255 255 255 255 255 0 255 0 255 0 130 197 255 255 122 0 14 57 255
    0 61 255 255 43 255 0 128 0 255 255 0 0 0 0 0 58 255 255 0 0 0 255 0
    255 255 255 0 46 0 255 255 0 255 0 0 0 255 57 0 0 255 255 0 255 0
    252 0 0 255 0 0 0 255 255 255 255 249 0 0 20 255 255 255 255 0 0 255
    0 0 255 141 255 255 255 255 255 0 0 0 255 0 0 255 144 255 255 131
    255 255 255 255 0 0 255 255 255 0 74 255 255 255 0 221 255 255 0 4
    255 255 0 116 0 255 0 255 255 0 189 0 255 0 55 0 201 0 0 0 14 255 0
    255 255 255 0 0 255 255 255 0 97 0 255 91 0 0 0 255 255 255 43 0 88
    255 255 212 189 0 255 0 255 0 0 23 255 255 255 87 255 0 0 255 0 255
    0 0 0 168 47 171 255 255 255 0 0 0 255 255 0 0 255 255 255 0 255 0
    255 0 243 0 146 0 0 9 231 255 204 0 197 255 255 255 28 0 144 0 0 0
    255 255 0 0 255 255 0 0 0 255 255 0 0 255 255 200 0 255 0 255 0 0 0
    255 255 214 0 164 68 255 0 255 0 0 255 255 0 255 0 0 173 255 255 255
    133 255 255 255 0 19 255 255 255 0 255 0 255 0 0 120 0 255 255 255
    255 0 255 0 0 139 255 115 239 0 255 0 0 0 255 255 0 255 0 255 0 0 0
    44 0 46 0 255 255 255 0 255 0 255 255 0 0 0 255 255 0 255 225 0 0
    255 0 255 0 255 0 255 255 255 0 255 220 255 0 255 0 255 0 231 0 0
    255 255 0 255 0 0 7 0 255 255 0 0 0 0 0 46 255 255 0 0 0 255 255 255
    0 0 0 0 255 0 0 255 255 0 0 165 0 0 0 255 255 255 0 255 255 255 255
    255 0 0 0 255 9 105 255 255 0 0 148 255 255 0 0 255 255 255 109 255
    238 80 255 0 245 255 170 0 0 255 255 255 0 255 69 0 0 255 154 0 0 54
    255 255 195 255 0 0 0 5 255 255 0 208 255 216 255 0 0 0 255 0 255
    255 173 0 0 0 0 0 244 255 0 255 255 255 0 0 255 255 255 157 255 192
    255 133 0 0 0 255 255 255 40 0 255 255 255 255 0 255 67 0 0 0 238
    255 0 255 255 0 75 175 255 255 75 255 255 113 0 0 22 0 255 2 0 162
    255 0 0 171 0 255 0 255 0 86 0 255 255 255 255 255 12 0 111 0 255 24
    0 255 255 255 255 185 0 0 0 0 0 255 255 255 255 255 113 255 85 255 0
    0 0 63 174 255 0 255 255 225 0 0 255 45 0 0 0 255 0 0 0 93 0 255 0
    255 0 0 255 0 255 0 255 0 255 0 255 0 0 0 0 0 255 185 255 12 0 0 255
    255 244 0 0 0 222 255 255 220 255 35 0 32 91 255 255 255 255 0 0 255
    255 255 0 0 0 0 206 255 255 0 125 0 255 214 255 255 255 0 255 169
    255 255 113 0 0 255 255 0 0 0 255 255 255 255 0 0 255 0 255 255 0 87
    223 255 125 0 255 0 0 0 255 0 255 0 255 255 0 0 0 255 215 255 0 255
    255 249 41 153 0 255 0 30 230 255 255 0 64 255 255 0 255 255 0 0 255
    255 255 0 255 155 224 38 0 255 223 0 146 255 0 0 255 255 255 0 0 196
    255 0 112 0 255 0 255 0 255 0 255 221 26 0 0 247 0 255 255 255 0 0 0
    75 232 255 77 0 255 255 0 0 255 153 0 255 0 255 90 35 255 135 255 0
    0 81 131 64 0 255 0 255 0 150 106 106 0 255 0 255 255 9 255 255 255
    255 255 255 0 200 0 255 0 115 0 0 21 28 0 222 0 152 0 193 0 0 0 0
    255 0 255 0 179 255 229 242 255 255 255 0 255 152 0 27 0 255 98 127
    255 0 255 0 0 255 255 255 255 0 0 126 194 255 222 255 255 255 84 0
    255 0 255 71 255 0 0 0 0 255 255 255 255 176 0 67 0 0 0 255 0 255 0
    255 255 0 0 252 0 255 255 0 0 0 255 255 0 0 255 255 255 0 255 0 255
    0 255 0 0 0 0 0 255 0 127 0 0 0 255 0 255 0 255 0 241 255 0 255 0
    122 255 182 255 0 243 0 0 152 0 183 0 0 0 255 255 255 255 255 94 0 0
    255 0 255 0 255 0 255 102 255 0 0 0 113 207 255 0 255 0 142 0 255 0
    246 0 0 0 255 129 255 0 127 0 0 255 235 0 0 0 255 255 0 0 0 255 255
    255 0 255 255 255 82 0 0 0 255 0 0 255 0 255 0 0 0 255 0 255 11 255
    188 155 196 0 0 0 0 255 0 40 0 0 0 0 255 255 77 255 88 255 0 255 255
    145 0 0 255 255 255 255 118 0 0 0 255 0 255 0 255 255 0 255 0 255 0
    255 0 0 255 189 255 255 209 0 0 255 27 0 0 255 255 0 255 0 0 130 255
    255 0 101 255 255 255 0 188 0 0 255 0 0 0 255 0 156 0 255 0 255 255
    47 0 255 0 255 0 21 0 169 6 255 54 0 255 0 49 0 245 0 255 255 255 0
    255 0 255 0 255 76 255 0 59 107 0 255 143 0 0 255 0 0 158 255 255 0
    0 0 255 255 255 255 47 0 71 0 248 112 255 75 193 0 0 255 255 255 0 0
    199 73 192 0 255 255 154 255 0 145 0 255 0 255 0 103 0 255 173 73 0
    255 255 72 255 98 2 219 255 32 170 0 255 255 255 0 255 0 255 255 255
    0 0 0 0 0 0 255 255 255 255 0 30 255 255 0 0 0 255 0 243 0 255 0 0 0
    0 255 255 255 255 255 255 0 255 0 255 0 0 0 0 255 0 0 124 255 255 0
    0 0 255 255 255 203 3 0 70 255 255 255 0 0 153 0 255 0 166 0 15 255
    0 255 255 255 0 35 0 111 151 164 255 0 109 255 240 0 131 0 255 0 50
    80 255 157 255 255 0 0 0 106 0 0 0 255 255 0 0 0 255 150 0 0 255 230
    255 255 0 0 0 255 37 255 228 255 255 255 196 0 0 255 0 255 0 255 0 0
    0 126 255 255 255 0 255 0 255 14 149 181 255 0 0 255 255 198 255 0 0
    0 0 167 255 255 255 51 255 255 255 0 30 255 0 69 135 255 2 0 0 255
    16 255 0 255 0 67 117 255 31 221 255 0 255 0 109 0 255 250 27 0 0 0
    255 255 116 255 0 255 255 30 255 0 255 0 255 255 143 228 223 255 0 0
    0 255 255 144 255 0 39 0 255 29 255 179 244 0 255 0 255 0 255 0 0 0
    0 255 245 255 0 255 255 0 170 71 255 255 0 0 0 123 255 255 0 255 50
    0 0 255 255 255 0 159 0 255 0 63 255 7 255 255 255 255 0 0 108 255
    255 255 255 255 0 0 0 255 255 0 255 0 255 255 255 188 0 255 255 0 0
    0 255 255 255 0 97 255 255 255 128 0 255 172 255 255 13 0 255 197
    255 0 255 0 0 0 255 255 255 0 164 0 201 255 0 0 255 0 0 0 0 0 255 0
    0 0 74 194 255 0 0 255 0 159 0 237 255 255 0 68 0 255 255 255 119 0
    93 255 255 74 255 0 0 0 0 0 255 0 0 0 255 123 0 6 255 255 255 255 0
    0 68 0 30 0 255 0 145 0 0 239 0 255 255 0 0 0 255 255 255 0 0 255 0
    255 0 255 0 255 0 255 0 255 202 255 0 100 0 255 236 255 255 0 0 0
    255 255 255 0 134 0 255 0 255 104 0 30 0 255 255 0 255 48 0 255 255
    0 0 255 255 255 232 0 0 0 255 117 255 0 255 0 50 41 255 255 255 143
    255 255 255 92 0 255 255 185 0 135 255 255 0 255 255 255 255 44 67 0
    219 164 255 255 0 0 208 0 255 0 255 0 3 0 0 89 255 174 182 0 255 255
    255 0 255 0 185 0 255 0 255 34 255 255 0 216 0 255 255 255 255 255 0
    0 0 255 255 255 255 0 0 0 0 255 0 255 255 255 0 0 0 144 255 202 51 0
    1 135 255 0 0 186 255 255 0 255 0 255 255 59 53 0 31 255 255 142 0 0
    255 255 209 0 255 255 209 0 0 255 255 255 0 255 0 0 28 255 0 255 0
    255 255 0 255 9 255 255 255 255 0 0 241 255 0 87 138 255 255 0 0 48
    129 0 255 255 255 0 255 255 255 0 0 0 255 255 255 0 54 255 255 255
    255 224 255 0 255 0 234 0 255 255 181 0 0 0 255 0 239 255 199 255
    255 255 255 255 46 183 0 71 0 0 255 0 0 0 0 255 0 255 132 255 255 0
    88 0 0 0 255 255 255 25 255 255 255 50 0 158 255 243 255 0 255 110 0
    0 0 255 255 0 255 255 0 0 156 255 255 36 255 0 0 255 19 0 132 3 0 0
    255 255 255 175 255 0 0 0 255 130 255 0 255 0 0 0 0 255 255 255 0 0
    255 255 204 0 0 91 0 0 0 0 0 255 255 255 157 23 214 0 0 0 255 255
    232 0 0 255 255 255 209 255 0 0 0 0 27 0 255 0 255 0 255 0 0 255 255
    0 0 255 255 255 255 0 0 255 255 0 189 0 255 255 255 0 0 0 55 0 0 115
    204 0 255 0 255 255 0 0 242 0 255 0 0 0 0 0 255 255 255 0 0 0 0 255
    0 133 240 255 0 255 0 255 255 255 0 0 0 0 255 139 255 255 255 255 0
    0 222 255 200 255 0 255 0 255 0 217 0 0 255 0 255 0 255 0 255 7 255
    0 0 198 255 255 0 0 255 242 255 104 255 0 111 0 255 142 0 0 0 118 0
    255 255 255 0 84 0 96 0 255 255 255 255 0 42 22 255 255 0 0 0 207 90
    98 255 0 82 0 255 176 255 144 255 0 255 255 255 0 0 133 0 0 1 255
    255 13 0 255 255 255 255 255 0 255 0 0 255 255 57 0 255 0 0 9 255 0
    0 0 255 255 101 0 0 255 55 0 255 255 0 255 255 255 0 0 0 0 255 67
    255 0 255 242 0 255 0 123 0 255 0 0 0 255 255 255 0 250 0 165 255
    255 0 0 210 0 132 0 255 0 180 0 0 242 111 0 0 203 0 255 148 31 0 0
    93 0 255 207 65 0 163 255 0 255 0 255 77 0 0 110 255 255 0 0 0 255
    65 0 0 255 0 0 255 255 255 255 255 0 255 0 255 0 255 0 0 0 255 255
    30 188 255 14 241 204 255 255 255 97 255 0 255 0 0 0 216 255 255 255
    179 0 255 255 0 0 0 0 0 0 0 255 255 63 255 255 255 0 195 0 0 199 255
    255 0 255 255 255 207 0 157 0 255 0 255 0 255 0 0 255 255 85 67 0
    255 155 255 126 42 255 255 255 0 255 131 255 0 0 0 0 255 255 255 0 0
    0 172 255 39 0 0 13 255 0 255 0 0 0 255 255 255 0 0 255 0 0 0 255
    255 255 0 0 0 255 20 0 153 0 255 0 0 255 255 255 255 255 0 0 255 255
    0 255 255 0 0 0 148 255 255 0 0 61 0 0 0 255 255 255 255 163 0 120
    255 0 21 0 0 31 255 0 0 0 121 60 255 0 255 255 255 17 255 0 0 0 255
    255 255 50 0 255 0 255 0 255 0 255 255 255 255 0 255 0 252 20 255
    206 0 0 0 255 255 0 0 0 136 255 255 0 0 0 0 255 62 255 255 0 0 0 255
    255 202 90 255 255 39 0 0 39 255 79 255 0 255 0 0 0 255 255 178 255
    0 0 255 255 0 255 255 14 255 185 0 229 255 255 215 0 0 127 255 255
    252 0 17 160 255 94 255 255 255 255 30 0 255 161 255 136 0 133 255
    255 0 217 41 0 0 255 255 0 240 255 255 0 255 48 0 0 255 255 0 0 0
    255 60 255 0 55 255 255 255 255 0 0 137 255 117 0 200 16 255 0 255 0
    0 243 75 255 255 0 0 167 37 171 255 255 255 255 0 255 123 255 255 0
    0 255 255 0 45 255 255 255 0 0 250 203 255 255 255 255 0 237 255 255
    0 57 255 255 0 255 255 255 255 255 255 0 0 137 0 255 0 252 135 94 0
    255 0 0 0 255 0 0 255 255 64 0 0 255 0 0 0 255 189 0 178 0 255 255
    255 0 255 157 0 146 255 205 255 0 255 0 0 63 0 255 219 65 0 255 0
    255 255 255 0 179 0 0 0 255 0 0 255 255 236 255 26 80 74 94 255 10 0
    197 37 255 0 0 217 255 255 0 156 0 255 2 255 0 255 0 255 255 231 0
    255 255 255 0 255 0 0 0 109 0 0 255 255 127 0 0 0 0 255 0 255 255 0
    255 2 0 255 0 255 255 255 107 255 0 0 212 0 255 255 102 255 142 149
    0 0 0 255 255 255 0 0 245 159 255 255 0 223 0 0 0 255 255 0 0 0 0 0
    245 0 0 255 0 232 0 62 0 0 255 255 255 0 0 0 255 255 0 0 0 255 139
    255 255 0 255 0 255 0 110 0 0 255 255 0 0 0 255 255 255 0 255 0 255
    255 158 0 182 0 255 0 0 40 255 255 0 0 255 255 255 139 255 255 0 0
    255 255 30 0 255 255 0 0 0 255 255 255 225 0 171 0 200 0 255 255 255
    0 0 0 0 183 255 163 0 184 250 255 239 255 255 0 0 0 255 0 255 117
    255 255 255 0 255 255 3 0 79 220 255 255 0 255 255 255 255 0 255 255
    255 255 0 0 0 255 255 0 0 0 255 255 255 0 255 255 255 0 0 255 60 83
    0 6 239 255 0 115 0 0 158 255 255 255 191 0 0 255 255 255 255 255
    255 115 255 0 184 255 217 110 186 255 255 186 255 0 37 208 255 255
    63 255 56 232 255 255 0 0 111 255 0 255 255 67 126 0 0 193 0 203 255
    168 0 0 255 255 255 15 141 0 0 0 255 255 255 0 255 0 255 152 255 0
    25 57 0 222 255 0 104 0 255 0 0 0 255 255 0 0 0 20 155 66 185 0 0
    255 255 255 10 62 255 255 255 223 252 0 142 136 0 62 255 255 255 0 0
    0 0 0 0 244 255 11 0 255 255 159 0 0 255 255 255 255 0 228 154 0 0
    182 255 255 0 89 0 0 0 255 255 255 31 130 134 255 255 54 155 0 255 0
    0 0 10 255 32 255 255 255 255 179 255 159 0 0 0 54 23 0 0 255 0 0 0
    201 255 255 255 0 0 0 255 0 40 0 255 255 0 255 0 255 0 255 0 0 0 255
    255 0 123 132 255 251 255 0 255 255 255 255 0 255 0 0 134 0 255 0
    255 235 0 0 255 122 255 255 255 255 0 0 0 255 255 0 255 0 96 0 9 41
    255 80 0 0 0 0 255 255 255 0 0 42 0 0 255 0 255 0 0 255 0 255 255
    255 255 0 0 255 255 0 164 2 0 255 255 255 57 255 0 0 0 0 0 255 255
    255 192 0 255 255 57 0 0 123 0 255 255 255 255 0 255 255 87 0 0 255
    0 255 74 0 0 255 255 0 255 0 0 227 42 255 255 255 39 255 0 0 0 0 0 0
    0 255 0 255 0 255 0 255 255 0 255 0 255 133 0 255 255 255 0 11 255
    255 0 255 255 0 0 0 255 222 225 109 255 0 0 255 0 232 255 255 0 0
    255 9 255 0 255 255 255 255 0 255 2 177 0 0 0 0 255 119 134 0 255 0
    255 255 255 255 0 214 0 0 219 255 255 0 255 118 0 0 255 255 255 255
    0 0 0 0 255 0 0 0 255 255 0 107 0 135 0 61 255 255 255 255 0 0 0 0
    255 255 255 0 86 255 255 255 255 0 73 255 255 0 0 255 255 118 255
    195 255 255 0 245 255 146 255 0 255 0 255 0 255 0 255 0 0 255 0 16 0
    59 255 0 255 0 219 4 255 255 0 23 0 0 255 255 255 0 255 255 0 222
    255 255 0 0 122 0 255 0 0 0 255 169 255 0 0 0 0 255 255 255 151 0 0
    255 255 0 0 0 220 0 0 255 255 255 0 255 135 189 172 0 255 0 255 255
    66 21 0 255 0 0 212 255 0 255 215 210 183 198 0 255 0 132 0 0 0 0 0
    255 0 181 255 255 255 255 255 0 220 0 255 0 255 255 0 255 59 33 0 0
    0 0 255 191 255 0 255 0 255 0 0 0 255 255 255 255 255 255 255 0 255
    0 255 0 0 255 233 255 80 98 0 69 0 0 255 255 0 0 0 230 0 251 255 171
    0 0 255 255 0 243 255 255 51 0 0 253 0 255 50 50 255 0 255 0 0 0 255
    255 0 0 0 255 131 255 0 0 0 255 0 0 0 83 0 96 255 255 209 0 0 105
    255 255 255 0 230 255 0 0 0 0 0 0 255 0 255 0 255 0 252 255 255 255
    0 0 0 255 0 135 78 255 0 255 245 255 0 37 0 255 0 0 255 0 240 0 249
    255 0 0 0 255 179 255 0 0 255 8 165 255 255 255 0 255 0 255 150 0 0
    255 47 0 244 0 255 0 255 0 255 0 255 119 255 0 2 255 255 0 0 0 255 2
    255 0 255 255 0 0 0 66 0 255 154 0 255 0 255 0 255 84 72 255 0 255
    15 255 0 147 0 255 4 237 0 0 255 0 234 0 21 255 0 255 224 255 255
    255 158 0 0 255 66 59 255 255 255 255 255 0 0 0 0 255 0 255 0 255
    255 226 255 255 0 0 0 255 255 255 232 0 0 0 158 201 255 0 255 255
    255 0 0 0 209 0 255 0 255 0 255 0 168 255 255 255 0 0 255 0 255 255
    255 255 255 8 255 255 255 108 0 0 0 255 0 255 173 0 255 0 0 0 0 255
    0 255 0 0 97 153 255 16 255 0 255 255 30 228 0 255 0 255 0 255 255
    72 111 0 0 255 0 22 0 0 0 0 0 4 255 255 0 255 0 227 250 255 238 0 0
    255 0 0 0 255 0 255 0 174 28 0 0 0 255 255 19 0 255 255 0 0 236 255
    0 133 0 0 255 255 255 0 255 255 255 0 211 0 255 0 255 239 255 255 0
    255 0 255 255 0 0 255 0 0 0 255 255 0 0 0 255 255 255 21 0 181 255
    255 255 255 255 0 0 0 0 255 0 255 255 99 255 0 255 0 7 0 133 0 61 0
    0 255 171 255 0 0 0 255 255 255 0 0 0 255 255 215 255 0 255 138 255
    255 255 31 0 246 0 0 0 255 32 225 0 70 0 255 0 0 255 255 255 0 0 0
    255 169 255 255 255 0 0 0 99 135 255 0 255 0 102 0 255 0 255 82 255
    94 255 0 231 36 255 60 0 216 0 0 0 0 179 255 0 0 70 0 245 0 255 173
    0 0 255 0 255 0 255 66 255 0 255 0 82 215 255 255 0 13 0 255 0 255 0
    255 0 255 0 0 0 144 203 0 0 255 255 255 255 255 0 255 255 255 0 255
    0 0 0 0 255 255 212 255 0 0 0 0 0 0 255 255 0 255 0 77 255 0 0 22 0
    255 255 255 0 111 255 149 0 48 26 255 0 255 120 0 255 255 0 0 0 255
    0 255 0 0 255 255 0 255 0 255 0 255 255 0 255 255 0 0 255 0 0 0 215
    255 0 228 0 255 169 255 255 255 0 0 255 255 0 0 149 15 0 0 54 255 47
    247 0 0 255 174 255 90 0 0 175 204 0 0 255 255 255 255 0 0 0 0 0 0
    255 254 255 0 0 110 0 255 255 197 0 0 0 0 255 255 255 245 0 0 186
    255 255 0 0 0 255 9 255 255 255 0 0 0 0 255 51 255 199 0 0 243 0 49
    255 255 255 255 29 244 0 0 255 255 255 0 255 255 255 0 144 255 0 0 0
    0 0 255 255 255 255 0 4 0 255 0 0 255 0 177 0 138 0 255 0 255 8 255
    255 214 255 255 0 0 0 15 0 124 0 65 112 255 0 255 255 141 0 105 255
    255 224 128 255 255 0 0 80 255 255 255 0 0 0 255 255 255 0 0 255 255
    255 255 0 0 255 233 212 0 199 255 0 0 0 152 35 255 255 0 255 255 255
    195 255 0 101 255 255 0 255 255 255 255 255 0 0 232 177 255 255 0 99
    255 0 255 0 229 0 255 255 255 139 218 0 0 0 255 255 255 0 255 0 74 0
    0 255 255 0 255 143 255 204 0 0 255 255 27 255 77 203 0 0 183 255 0
    255 0 255 255 255 0 0 0 255 255 255 0 0 0 104 255 99 255 0 0 0 255
    255 255 0 0 0 255 255 122 0 0 0 255 194 255 0 255 170 0 0 255 190
    255 0 255 255 151 0 0 0 0 255 255 255 255 255 0 0 255 0 255 0 255
    255 0 0 0 0 255 0 0 235 0 255 88 0 255 0 255 0 0 255 255 255 171 255
    255 0 255 0 33 0 255 0 0 0 255 255 0 0 255 159 255 255 0 255 0 80 0
    0 0 93 48 0 0 0 5 0 255 255 111 0 0 255 255 252 129 0 133 10 255 255
    0 0 0 255 255 145 0 0 255 0 0 0 26 255 63 0 29 0 255 255 255 241 0 0
    253 255 221 234 0 0 0 251 255 255 255 255 0 0 0 255 188 255 0 201
    255 215 255 255 255 255 255 0 0 255 0 0 0 255 0 255 0 94 255 0 0 20
    0 76 255 255 22 255 255 122 37 0 0 255 0 212 0 255 221 0 255 236 0 0
    255 255 255 255 0 255 144 255 255 101 255 255 0 0 0 231 0 59 255 71
    171 0 198 255 255 255 0 0 181 0 242 255 255 255 181 0 255 0 255 0 0
    242 255 255 0 0 0 255 0 255 0 255 0 0 0 8 255 255 0 255 0 0 105 0
    255 0 104 255 255 0 158 105 255 0 255 0 173 0 180 255 255 0 255 255
    255 0 255 255 255 210 0 255 202 0 0 0 255 245 255 255 255 189 0 0 0
    255 252 0 255 0 0 0 255 255 0 0 0 255 255 255 0 255 0 248 0 115 255
    255 255 0 0 255 255 0 0 0 0 255 255 255 0 0 255 255 255 98 150 0 0 0
    255 0 0 0 0 0 255 98 0 255 116 255 71 255 0 212 0 114 255 255 255 0
    0 0 117 255 0 255 255 0 0 201 253 255 0 210 0 255 255 255 91 130 24
    11 0 255 122 255 0 255 0 255 0 0 255 255 255 73 0 255 0 0 0 93 0 255
    224 255 0 255 255 255 79 0 158 0 255 63 255 0 255 255 32 0 0 255 255
    248 255 255 0 255 255 255 0 0 0 131 0 255 0 238 0 255 0 255 0 255 10
    0 0 255 255 255 0 255 255 0 255 255 255 255 136 0 0 0 58 64 255 10 0
    255 0 255 0 255 0 255 129 255 255 0 255 0 0 0 255 0 255 255 0 255
    255 0 255 10 255 0 255 115 0 251 0 255 0 255 255 255 255 35 0 0 0 34
    150 255 255 0 0 255 191 255 59 163 255 0 255 255 255 0 0 0 87 255 0
    255 0 0 0 0 255 155 255 255 255 218 255 255 201 0 255 255 112 210 58
    255 255 0 0 177 255 0 0 0 0 0 156 89 0 0 0 255 0 0 255 255 57 0 255
    36 201 255 255 0 0 255 255 255 255 0 56 153 72 0 0 255 0 248 255 255
    77 255 255 255 0 255 121 255 0 0 162 52 255 0 255 255 255 255 255
    255 0 255 255 0 0 0 0 191 255 124 0 0 0 255 255 178 213 0 255 0 255
    255 0 0 255 255 0 0 255 0 255 255 255 77 0 255 255 255 211 25 255 0
    255 255 255 49 181 255 0 65 0 0 0 0 255 235 255 207 255 245 255 50
    255 0 20 255 255 255 0 139 0 255 255 255 0 0 255 255 0 0 0 176 255
    94 255 0 204 255 176 0 0 255 255 255 255 0 255 0 255 255 150 11 0 0
    255 0 0 180 0 0 0 0 255 255 255 204 234 0 0 0 0 255 0 255 0 0 0 0
    255 20 255 0 2 255 218 255 255 255 0 159 134 138 255 255 0 0 0 117
    255 255 255 0 0 196 255 255 0 0 0 255 0 255 0 255 0 201 0 184 205 0
    0 255 18 207 255 0 0 255 255 0 255 0 255 0 255 142 0 255 255 255 0 0
    0 255 255 255 0 27 255 243 255 0 214 210 0 0 255 255 255 209 255 10
    255 255 0 30 255 255 0 255 0 180 0 255 255 255 255 0 255 0 255 255
    25 0 0 255 209 0 255 0 0 255 116 0 255 67 0 0 0 0 221 180 255 0 255
    255 176 109 0 0 255 255 255 0 191 0 255 255 0 238 255 0 255 7 255 53
    255 255 255 255 0 255 255 255 0 0 0 255 255 0 65 0 255 0 108 87 146
    0 255 0 255 55 255 255 0 255 0 247 103 0 255 0 175 0 0 0 96 255 0
    110 96 255 0 0 0 255 243 255 255 0 0 0 255 153 0 0 255 255 0 255 255
    255 0 218 0 0 0 146 0 255 0 121 0 255 255 255 236 59 0 18 0 0 255 0
    0 96 255 255 0 255 0 0 255 0 46 101 0 255 255 255 0 239 255 255 255
    0 0 0 0 0 255 186 255 0 255 255 255 0 74 0 255 255 220 213 221 0 255
    255 0 255 0 255 0 255 255 255 113 0 14 0 255 0 0 0 255 165 0 255 0
    248 0 173 255 255 255 0 0 0 191 255 255 0 255 0 255 255 0 255 255 0
    0 0 255 0 255 255 0 0 255 205 255 213 32 0 0 0 255 255 255 0 54 0 0
    207 255 255 255 0 255 0 255 0 255 0 184 255 255 0 0 184 56 74 0 107
    0 255 35 255 0 255 110 255 0 255 222 45 0 0 0 100 255 255 255 0 0 0
    0 213 255 0 255 0 255 0 0 0 255 86 0 0 255 255 255 0 0 0 72 0 255
    235 255 235 0 0 227 101 255 0 69 233 213 0 255 0 0 255 221 255 0 154
    0 255 231 0 222 0 0 70 0 25 51 255 255 5 0 32 0 255 7 255 0 43 255
    126 0 0 255 255 255 202 255 255 255 18 255 0 0 0 0 255 255 0 255 0
    89 0 255 0 255 255 22 0 0 255 255 255 0 255 255 255 255 58 255 170
    255 0 255 241 255 255 255 0 255 0 255 146 255 0 0 0 255 255 255 255
    255 255 0 255 255 255 83 0 0 0 83 0 255 173 255 39 0 0 82 0 124 255
    18 255 0 123 0 33 0 0 255 255 99 255 0 0 0 0 255 0 255 0 255 255 255
    0 0 0 0 0 255 79 90 108 77 0 104 142 0 117 0 7 0 255 255 255 0 0 190
    255 255 255 0 0 0 0 255 255 255 255 0 255 255 255 0 149 0 255 255 0
    255 255 0 255 255 0 0 0 0 255 255 255 0 0 0 255 0 0 255 0 0 0 255
    255 51 255 0 255 24 240 0 255 255 228 255 0 0 0 216 255 255 27 57 0
    122 0 255 0 0 255 255 0 255 255 0 0 0 255 163 255 255 255 0 138 0
    255 0 139 0 0 0 255 255 59 255 0 0 0 0 0 255 255 255 255 0 40 0 255
    222 0 255 255 255 0 0 124 255 255 0 0 255 45 14 175 0 255 0 255 0 0
    0 0 255 0 255 0 255 255 0 0 255 255 255 255 255 255 0 0 0 0 255 255
    0 220 0 0 0 255 255 255 0 255 0 0 0 255 191 255 113 255 147 0 18 0 0
    255 255 0 255 0 255 0 0 0 0 255 255 255 114 255 0 255 0 255 255 0
    255 0 206 0 255 255 255 0 0 0 255 255 255 0 247 0 0 47 255 255 255
    255 0 0 37 255 255 255 121 0 0 0 255 255 30 0 0 255 102 0 255 255
    255 0 255 255 21 0 255 255 255 0 0 0 255 255 255 0 0 102 255 255 255
    255 0 0 0 255 124 255 0 0 16 255 114 0 156 247 255 98 0 0 0 255 17
    255 0 255 0 255 0 0 0 0 0 255 255 255 0 0 0 255 255 255 255 255 255
    225 255 0 0 255 157 255 255 0 255 0 255 255 255 255 0 0 113 255 0 0
    0 211 255 255 255 0 0 0 183 0 255 0 255 0 0 0 194 255 255 169 0 0
    255 255 0 0 0 255 255 255 185 0 255 0 0 0 213 255 202 255 0 0 17 255
    255 0 0 0 255 111 255 0 237 232 60 112 255 0 0 255 255 0 0 0 130 255
    0 0 64 0 59 0 0 0 255 148 255 0 255 0 255 0 221 0 79 0 0 221 255 254
    0 0 0 0 255 255 0 255 255 227 0 0 0 255 255 255 255 185 255 220 255
    0 189 0 0 0 255 35 255 255 0 0 255 183 0 255 0 255 0 255 255 255 232
    0 0 195 255 255 255 0 255 255 153 0 0 255 255 0 0 0 255 255 185 0
    207 0 0 148 129 255 101 255 104 255 0 89 255 252 255 55 8 0 0 215
    255 0 0 255 255 0 255 255 86 0 0 0 55 0 255 255 0 41 0 0 255 255 0 0
    133 255 255 255 0 0 48 0 255 255 97 255 151 255 0 255 0 255 178 0
    255 0 255 49 127 13 70 0 255 0 255 0 0 255 255 255 0 255 0 255 0 255
    0 255 0 0 0 255 255 255 255 0 0 255 255 255 0 0 0 0 96 153 0 255 0
    255 255 255 0 0 255 0 0 193 255 255 255 255 0 0 0 0 0 132 0 255 0 0
    255 198 255 255 255 11 255 0 255 0 184 255 255 102 143 20 0 255 0
    255 148 0 0 0 255 255 0 0 255 255 0 177 0 74 255 255 255 255 0 0 0
    255 136 0 0 255 0 255 255 0 0 177 0 255 255 255 0 0 211 0 255 255 0
    0 0 0 255 0 0 0 255 255 255 255 255 255 37 0 0 255 255 255 255 255 0
    237 255 255 0 0 0 0 0 0 6 255 19 98 255 0 177 0 0 255 255 255 255 0
    14 255 255 0 0 0 255 216 255 0 255 0 18 0 135 21 110 255 36 0 241
    103 255 232 224 0 253 0 51 255 0 255 255 0 0 0 255 0 0 0 0 255 88 0
    0 255 0 255 7 255 0 0 150 255 255 100 0 255 0 0 255 0 79 0 0 242 0
    50 64 255 123 0 255 0 0 255 204 17 255 255 255 255 0 0 0 116 255 237
    0 146 255 255 88 194 255 0 0 0 255 255 255 0 0 0 255 255 0 0 0 245 0
    0 0 0 0 69 255 255 0 23 0 255 255 255 0 255 0 255 0 255 0 255 0 82
    255 65 255 255 80 255 0 0 0 255 255 255 0 0 147 255 255 255 0 0 0
    255 36 127 255 0 196 0 0 255 106 0 0 0 255 255 0 255 255 0 255 255
    255 0 0 255 0 255 0 255 0 255 242 0 255 255 255 255 0 255 0 255 255
    255 255 0 0 255 231 112 80 78 0 0 0 0 70 255 112 56 149 255 73 0 0 0
    255 255 255 24 0 255 26 255 0 255 0 255 215 0 0 24 148 255 0 0 255 0
    255 255 255 255 0 255 255 0 0 0 0 255 255 0 255 41 0 0 0 85 255 0
    204 0 0 255 255 255 247 255 0 0 2 255 0 0 33 255 255 255 255 0 255 0
    255 255 0 117 239 61 255 255 255 0 0 255 255 255 0 255 9 42 0 8 0 0
    0 255 255 255 0 0 0 255 0 255 0 0 255 255 0 11 0 0 0 255 255 255 14
    84 21 0 255 27 255 255 255 255 255 0 0 0 255 80 3 0 255 36 255 0 0
    178 0 255 0 0 0 0 0 79 0 255 0 255 0 0 0 255 45 145 0 0 255 255 121
    232 0 0 255 0 39 0 12 0 0 2 225 255 255 0 0 255 255 255 0 0 0 65 159
    0 255 0 0 0 77 255 255 0 0 0 24 0 255 255 255 0 255 255 255 255 255
    0 255 0 0 0 255 255 101 255 255 255 0 0 255 255 198 0 255 108 255
    255 255 255 255 98 0 0 255 255 255 0 255 255 255 0 0 0 131 255 0 222
    0 252 255 0 255 255 217 0 0 255 255 255 0 255 0 220 0 255 0 0 0 255
    255 255 255 255 0 255 0 0 255 20 0 106 92 255 255 255 255 0 0 0 255
    50 255 255 0 107 0 122 0 255 0 255 0 118 255 0 82 0 255 0 255 0 149
    22 255 255 255 104 70 0 0 255 255 118 242 0 0 255 0 255 255 255 0
    255 102 0 255 255 255 0 255 255 255 20 255 255 132 0 0 0 255 255 0
    255 0 0 255 40 255 40 255 60 106 0 255 0 114 0 255 0 255 0 0 0 91
    255 0 233 0 0 23 255 0 0 0 255 140 255 161 27 255 0 255 149 255 255
    0 255 255 255 142 255 0 0 0 255 2 255 255 0 149 238 255 0 190 255 0
    255 0 255 0 0 155 0 136 255 255 255 0 101 0 231 0 255 0 255 255 255
    255 46 255 0 255 0 188 255 0 255 0 144 0 255 0 255 0 0 0 255 0 255 0
    0 197 205 255 255 255 254 255 0 255 40 0 255 255 255 255 0 0 126 0 0
    0 0 255 255 255 255 0 255 255 255 0 255 0 0 0 255 255 255 0 0 0 255
    0 186 255 255 255 0 0 0 214 255 255 0 0 0 0 255 255 255 0 255 0 0 0
    255 255 0 255 0 255 0 255 215 255 255 244 0 0 0 0 100 255 255 255 0
    0 255 188 255 244 255 0 101 0 255 255 255 0 255 0 255 255 0 0 255
    203 0 0 255 0 218 0 255 255 255 35 0 0 255 0 0 0 0 255 255 255 0 255
    255 255 0 0 0 255 0 255 255 0 255 255 255 255 0 255 0 75 0 255 174 0
    255 255 123 255 0 0 0 255 255 124 0 255 0 0 0 0 89 162 255 0 255 255
    0 255 0 0 0 255 255 0 0 233 235 255 255 0 255 255 255 255 0 0 255
    181 255 255 255 255 0 255 220 255 255 0 0 0 179 255 255 102 0 255 0
    0 213 18 255 0 255 0 255 255 18 0 0 11 120 4 0 255 0 255 255 255 255
    0 0 95 217 0 113 255 112 0 0 255 30 255 0 255 255 255 227 255 255 0
    0 0 255 255 255 0 0 0 161 0 255 0 255 0 255 0 255 213 0 71 0 183 255
    255 255 255 0 255 240 0 0 255 255 254 0 254 0 0 255 255 0 0 255 255
    241 255 255 193 0 0 183 0 255 161 255 255 255 255 0 0 0 0 0 255 0 0
    0 255 255 71 255 255 233 0 255 0 0 106 25 255 56 255 0 0 23 255 0
    195 6 168 0 255 255 0 0 255 255 0 255 0 255 27 255 0 0 108 255 255
    255 255 255 255 0 0 0 255 0 0 2 0 0 255 0 255 0 255 0 0 0 255 255
    255 0 0 0 0 255 172 0 255 0 255 0 255 255 77 197 255 255 255 0 0 255
    255 255 0 0 0 0 255 66 0 0 255 255 255 0 0 0 176 255 255 0 122 0 255
    255 0 0 0 255 0 0 255 175 208 255 255 255 0 141 0 0 255 255 255 255
    255 0 0 0 255 255 0 144 128 255 255 255 0 131 0 255 240 255 0 172
    255 255 255 87 0 0 255 255 255 0 200 22 255 0 0 255 255 73 0 255 24
    255 255 41 0 255 255 37 0 23 255 255 0 255 83 255 0 0 0 166 255 0
    255 0 0 0 102 0 255 0 255 0 0 255 255 255 0 0 0 255 255 0 0 255 0
    156 0 12 198 255 255 0 0 0 206 255 255 22 0 0 0 0 0 255 0 255 255
    255 0 255 0 255 0 160 0 0 200 255 255 255 255 204 0 0 0 0 154 255
    255 185 0 255 255 173 0 255 0 193 0 255 255 11 0 0 255 0 255 22 255
    250 0 255 255 0 0 255 0 255 0 0 0 255 18 0 152 0 255 0 0 0 255 255 0
    0 0 255 255 255 255 0 0 0 0 95 255 0 255 0 0 0 255 255 0 175 86 255
    0 0 0 26 255 255 221 178 255 0 255 255 0 255 0 255 16 255 218 95 76
    255 153 0 0 255 0 0 0 201 255 255 255 235 255 255 139 255 139 0 0
    255 255 14 255 0 88 255 0 0 0 0 0 255 255 0 255 0 255 0 0 0 0 255 0
    200 0 103 0 255 255 16 255 0 255 0 255 0 231 0 0 0 255 255 255 96
    115 255 162 255 255 0 107 255 255 0 255 19 255 255 255 0 0 238 255
    255 70 0 57 0 97 182 255 0 255 255 155 255 168 0 0 0 255 0 0 255 0
    255 0 255 255 0 186 43 255 0 23 255 255 38 255 215 94 135 0 0 0 252
    255 0 0 255 0 255 0 243 0 255 0 148 95 255 255 110 255 255 0 104 243
    0 97 255 0 0 255 0 0 0 255 0 0 255 255 114 0 149 0 255 202 255 0 165
    0 255 0 255 255 255 242 0 0 0 0 255 255 0 0 0 255 0 255 0 0 143 255
    255 0 0 0 0 255 158 255 204 0 0 255 134 255 0 0 0 0 0 255 255 255
    255 162 255 0 237 0 0 85 124 0 0 47 255 255 0 0 74 255 186 255 0 171
    32 0 255 0 0 0 114 255 255 255 0 236 0 0 226 0 255 255 0 255 199 255
    255 200 255 0 39 255 0 255 0 39 255 0 255 0 255 0 255 0 0 255 0 255
    12 229 0 16 0 255 255 255 0 0 0 142 255 27 255 97 154 205 255 244
    255 255 251 207 0 255 0 0 255 255 0 157 0 206 89 0 0 36 255 151 255
    0 76 0 77 255 255 67 251 255 0 255 41 0 0 255 204 255 0 255 255 15
    182 122 255 0 0 219 255 150 0 99 0 0 255 255 0 255 0 255 0 0 255 255
    0 133 0 255 0 0 0 255 0 255 219 82 0 0 189 0 255 255 255 0 0 255 5 0
    0 213 0 32 0 255 0 0 0 28 52 0 0 0 255 255 0 212 31 255 255 0 255 0
    0 255 255 255 0 11 110 0 100 168 0 0 0 0 255 255 255 255 11 255 0 0
    255 255 188 0 0 255 79 255 155 0 0 0 0 0 128 255 255 255 126 0 0 255
    255 255 0 0 0 255 255 0 255 0 255 0 254 0 255 255 255 0 30 255 255
    164 255 0 255 0 125 0 255 255 0 255 27 255 146 76 0 0 0 118 182 0
    232 0 2 0 13 255 172 0 0 255 255 0 255 0 0 0 255 0 0 0 0 255 2 255 0
    0 86 0 255 255 0 255 255 145 0 151 255 107 189 255 33 0 218 0 255 0
    255 0 255 0 198 0 255 255 0 245 255 255 0 255 0 255 255 255 0 255 0
    255 0 255 0 134 0 255 0 0 0 0 224 114 0 255 255 0 196 255 0 0 0 255
    255 0 0 20 255 255 255 0 0 0 255 20 0 255 0 0 255 255 255 0 0 0 0 0
    255 0 255 180 255 0 0 214 0 0 0 255 255 121 0 255 255 255 255 199 52
    255 237 0 0 0 0 255 0 255 255 255 0 0 0 255 255 126 0 182 0 255 255
    177 72 255 0 8 0 67 255 0 255 18 0 0 255 0 0 0 0 255 255 136 0 0 255
    255 255 0 255 0 96 255 0 0 0 239 0 255 0 0 255 107 203 255 0 140 0
    255 255 255 73 190 255 0 97 0 255 0 0 0 237 0 255 255 255 0 255 0
    255 0 0 0 0 136 110 255 255 255 255 0 0 0 255 255 255 0 220 124 0
    255 255 255 0 250 0 0 0 255 255 255 255 0 0 255 0 0 255 0 62 0 255
    56 255 255 0 255 255 255 236 0 255 255 0 0 16 0 255 0 255 0 37 92
    255 0 0 255 255 0 0 0 255 255 255 255 41 55 255 166 0 255 0 255 0
    255 0 255 0 0 214 0 0 181 255 255 47 255 0 255 255 255 255 78 0 0 0
    0 175 255 204 255 0 138 0 65 0 0 35 0 255 0 0 255 255 255 0 0 255
    255 255 255 187 255 255 107 255 114 0 0 0 255 255 255 255 255 0 0
    123 255 0 0 255 255 255 0 255 197 255 255 0 0 187 0 0 255 34 255 159
    255 0 255 0 255 162 255 204 255 255 255 0 255 0 20 0 255 0 89 0 255
    0 0 255 255 221 0 255 0 0 0 0 255 0 255 0 0 0 36 0 255 0 0 255 255 0
    0 0 255 213 0 0 67 255 255 172 0 166 241 255 0 255 255 0 0 169 0 255
    255 191 255 0 0 190 0 0 255 255 255 255 199 0 0 0 255 255 200 0 0 0
    255 0 255 0 171 0 0 0 143 255 0 255 0 205 123 255 0 0 0 255 210 0
    255 64 0 0 255 255 255 255 255 0 0 105 0 255 255 255 0 0 39 255 0 0
    255 0 0 0 255 0 0 0 180 255 255 0 255 0 244 0 255 28 255 255 0 0 0
    201 255 182 194 0 255 0 97 0 22 255 255 255 0 0 0 255 0 0 255 209
    255 0 255 255 255 255 255 98 255 0 0 0 0 255 255 255 0 255 212 255 0
    36 0 70 75 116 177 2 0 41 0 255 255 123 0 0 0 255 154 255 231 167 0
    255 255 255 0 255 233 255 14 255 187 255 0 255 255 255 255 0 255 0 0
    0 139 255 202 255 255 255 255 255 255 97 255 0 255 255 51 255 255
    202 71 0 22 0 255 255 0 0 255 64 255 255 255 61 0 0 94 255 255 0 0
    255 148 0 0 255 0 255 255 255 0 233 0 0 99 255 255 112 0 0 46 255
    255 255 24 0 0 255 0 255 255 255 0 255 108 255 0 171 215 255 255 255
    0 0 255 255 0 0 0 255 255 255 86 0 12 0 0 255 22 0 121 255 113 0 255
    255 255 255 0 255 213 255 0 255 255 0 63 0 255 235 255 255 0 255 0
    255 0 49 186 255 255 255 248 255 255 255 165 27 255 0 99 0 255 0 255
    161 255 0 255 0 247 255 255 255 0 255 0 255 0 0 255 255 255 255 0
    217 0 0 0 255 0 0 250 255 0 255 255 255 255 11 255 241 255 0 255 0 0
    0 0 154 0 255 0 0 0 96 71 84 255 24 107 0 0 255 255 255 195 71 0 255
    255 227 236 0 255 255 0 0 0 255 255 0 0 255 255 0 0 255 164 255 0 97
    0 60 0 255 0 255 0 255 51 255 255 255 151 68 0 60 0 255 255 0 0 0 0
    255 0 255 255 255 0 0 0 0 255 0 255 34 0 0 97 255 255 255 255 255 0
    170 0 0 33 255 255 0 0 0 223 0 0 255 0 245 0 0 246 0 255 255 255 0
    145 255 60 255 0 0 255 255 255 255 255 0 221 0 255 0 0 255 255 211
    255 255 0 88 0 227 255 255 0 255 136 0 45 0 255 73 255 110 255 113
    255 0 0 0 81 0 136 255 255 0 2 0 255 243 3 47 255 138 39 0 0 255 255
    0 255 0 0 0 0 255 255 255 0 0 0 0 255 255 79 0 0 0 0 255 255 255 255
    0 255 0 0 0 255 0 0 0 255 0 10 0 255 255 255 255 0 0 0 0 208 0 32 0
    255 21 255 255 0 0 0 0 255 255 255 255 255 231 0 255 254 181 255 255
    190 0 0 255 0 255 0 17 118 0 188 0 255 255 255 170 235 193 255 255
    255 0 0 0 63 255 255 0 121 0 0 255 255 255 242 255 0 132 255 0 203 0
    255 5 255 255 255 255 255 177 255 0 0 0 0 255 0 255 204 255 0 0 175
    255 255 255 252 55 0 255 255 158 0 0 255 5 255 0 255 0 0 0 255 0 255
    0 0 0 255 255 255 255 255 255 0 0 0 72 0 255 200 255 89 0 181 0 82
    255 255 255 0 108 64 255 43 0 0 255 210 0 186 255 0 0 255 0 0 214
    255 0 32 0 255 255 208 0 0 255 255 255 255 0 255 255 157 0 0 0 255
    140 255 0 255 0 255 255 255 0 0 255 255 0 47 255 255 255 0 255 255
    255 0 255 0 112 0 71 0 0 0 212 0 255 228 255 255 0 0 255 255 255 0
    255 0 255 10 0 220 188 255 112 242 0 255 255 255 0 0 0 0 87 255 255
    0 0 0 0 159 245 255 255 255 0 0 0 255 0 77 0 173 255 0 0 255 246 0
    255 255 255 0 255 0 45 0 255 12 0 0 255 85 114 0 0 0 0 255 255 0 0 0
    255 255 255 34 0 255 103 255 255 255 255 0 255 0 255 255 0 0 230 255
    0 0 0 0 50 229 0 0 255 0 212 0 232 23 142 255 255 0 74 255 0 0 255
    255 0 89 0 255 255 7 0 255 0 19 0 0 0 0 255 0 255 0 103 0 255 255
    255 255 0 255 0 0 0 191 255 0 255 0 255 255 255 0 0 255 255 255 0 0
    222 0 255 0 0 255 255 0 0 255 255 0 0 0 118 0 2 0 255 255 0 0 255 76
    0 0 255 129 26 0 248 145 0 255 184 0 0 119 206 0 255 236 255 187 255
    255 0 0 11 0 0 248 0 255 0 28 0 0 211 29 255 255 31 131 255 0 0 255
    255 0 0 255 255 203 0 255 58 0 0 0 255 255 255 255 53 252 0 0 255
    130 0 0 0 255 255 199 255 0 200 0 0 0 134 255 255 0 255 0 255 0 0
    192 255 255 255 155 0 0 0 0 255 0 0 0 67 255 255 255 255 5 49 255
    255 255 0 0 255 255 0 0 0 0 255 255 255 0 0 255 255 255 0 129 0 255
    255 255 255 0 0 173 255 255 255 255 0 0 0 54 255 0 0 0 255 0 255 102
    255 255 255 0 0 0 255 255 255 0 0 255 0 255 146 0 0 255 255 0 0 0
    129 0 43 0 255 0 0 255 255 255 0 255 0 255 255 255 0 255 255 255 0
    255 0 83 255 79 255 255 252 255 98 255 235 0 0 0 255 255 255 0 0 0 0
    255 255 255 255 255 0 230 0 255 155 255 255 0 255 0 255 255 255 0 0
    0 255 64 255 255 0 0 0 255 115 0 255 255 0 214 0 255 0 0 0 74 255 0
    255 0 255 132 255 0 255 211 0 0 0 0 222 255 255 0 255 255 255 255
    255 255 203 67 11 255 0 0 255 255 255 9 255 0 255 255 255 0 0 0 255
    0 255 0 0 255 133 255 0 255 255 0 0 0 255 237 0 0 0 0 0 0 0 118 255
    255 255 173 0 0 255 255 255 0 0 0 255 255 255 255 255 0 0 0 65 255
    255 255 0 0 0 255 0 0 0 156 255 0 135 0 68 120 255 0 70 0 0 0 255 0
    0 0 255 0 0 255 255 255 0 0 154 116 0 255 255 155 0 0 0 255 0 0 0
    255 0 0 0 177 255 157 0 255 242 0 255 54 255 36 255 255 0 0 0 255
    130 255 0 255 0 0 255 255 255 0 255 0 255 0 0 0 0 200 0 255 0 0 169
    255 255 255 255 0 0 0 108 0 0 255 255 255 255 255 0 49 255 255 0 0 0
    0 0 103 255 96 255 38 0 0 0 255 255 254 255 0 98 0 255 46 247 0 0
    255 0 151 169 255 0 0 0 255 255 65 255 255 255 144 185 0 255 255 0
    90 0 0 255 255 255 255 255 46 244 255 255 0 0 0 255 255 255 255 214
    0 133 255 0 0 255 245 255 0 0 255 255 255 0 0 255 255 255 0 255 255
    255 0 0 0 255 255 109 239 194 255 255 0 53 218 0 0 0 255 0 255 0 255
    0 255 0 255 0 140 255 255 251 0 0 0 0 255 0 255 0 0 100 182 11 0 44
    168 255 0 0 0 255 255 0 255 58 255 255 255 0 0 0 255 213 255 0 255
    255 255 22 0 0 219 255 0 0 255 27 255 0 0 241 0 0 0 0 1 233 0 0 255
    138 255 255 255 0 0 0 255 0 255 255 255 0 255 0 255 0 255 255 255
    255 255 255 255 0 255 255 255 255 0 255 255 138 20 0 0 0 255 0 0 22
    0 255 255 255 255 0 0 255 255 255 0 0 68 255 255 255 0 0 255 255 255
    0 0 255 0 255 0 255 175 255 255 0 196 0 0 0 13 255 255 0 255 0 255 0
    211 255 255 164 255 255 101 255 255 255 255 0 0 236 255 255 255 0
    166 0 255 255 0 0 0 255 255 255 255 173 255 0 0 0 255 255 255 0 0
    109 90 255 0 255 0 0 0 255 240 124 0 255 255 255 0 0 0 255 0 0 0 255
    255 62 78 0 124 119 255 0 255 0 0 255 255 255 255 255 0 172 0 255 37
    148 255 18 0 255 179 112 255 124 255 255 255 101 255 255 255 0 255
    100 255 0 0 0 255 0 255 255 71 55 23 255 255 0 0 255 255 255 120 0
    255 0 255 0 0 255 153 0 0 255 255 0 255 0 0 104 0 255 0 0 0 130 255
    0 0 138 255 239 255 0 255 0 95 19 255 255 0 0 0 0 127 255 255 0 0
    255 255 0 0 255 245 255 255 0 0 0 0 210 255 0 255 0 0 134 186 0 0
    255 255 255 0 0 169 0 0 255 221 0 35 47 193 255 255 20 255 4 194 255
    255 0 118 18 67 0 0 244 255 255 0 0 255 255 255 30 255 218 168 255 0
    74 0 204 0 0 0 255 143 0 2 107 255 255 0 192 0 255 255 0 154 0 224 0
    255 255 0 0 80 0 255 0 255 228 255 0 255 255 0 255 255 0 0 255 52
    129 9 255 251 0 0 0 255 0 255 0 0 50 255 0 255 0 151 255 255 255 0 0
    0 0 255 255 255 255 0 229 224 15 255 0 199 0 0 0 161 0 0 255 220 255
    193 255 0 128 255 255 255 255 255 0 0 44 255 255 180 255 0 167 189
    255 0 255 0 255 255 239 0 0 0 255 255 0 255 59 255 0 0 255 255 255 0
    1 255 255 0 0 0 255 255 255 255 255 255 233 83 0 0 255 255 255 255 0
    255 0 129 231 0 0 255 255 255 129 0 0 255 255 0 0 255 255 163 229
    255 255 255 0 182 0 255 255 255 20 0 127 255 255 255 255 0 0 0 255
    255 255 53 5 0 0 0 255 0 0 255 255 0 0 255 255 255 0 0 255 255 255
    255 255 0 255 52 255 115 247 0 255 255 0 0 0 137 0 232 52 0 0 0 255
    255 255 0 255 0 0 255 255 0 0 174 255 255 20 255 47 255 0 255 0 201
    0 255 173 125 255 255 0 255 0 0 0 0 0 237 228 0 255 154 0 255 0 30 0
    255 255 0 72 0 0 255 255 255 199 0 0 255 255 255 255 255 255 0 255 0
    255 0 0 255 0 0 70 0 255 90 255 0 255 0 219 217 0 255 0 255 255 46
    255 0 231 0 0 0 0 255 249 0 255 0 0 255 0 255 143 255 214 75 0 182
    255 255 0 255 0 255 0 0 32 0 244 0 255 0 0 159 0 0 156 0 44 255 198
    255 255 227 0 0 0 255 255 255 255 0 233 0 255 0 255 255 50 0 0 0 255
    0 0 255 170 255 255 255 255 255 255 0 0 0 255 255 255 253 255 223 0
    0 255 89 171 255 255 0 0 0 89 254 255 0 255 214 255 0 255 255 0 0
    234 18 255 0 255 0 255 0 255 33 2 0 255 0 0 255 255 108 145 255 106
    255 0 0 0 255 255 164 26 213 255 0 174 70 255 255 43 255 0 0 255 255
    0 0 0 255 255 0 0 0 255 255 0 0 255 0 255 255 51 197 157 255 0 0 255
    91 255 255 181 255 0 206 0 221 255 255 0 0 0 0 255 255 164 0 255 0
    157 255 0 0 9 0 0 123 0 31 0 0 255 255 0 28 0 0 255 247 255 0 0 255
    0 33 0 255 177 0 0 255 255 180 0 255 255 0 4 0 255 255 228 0 0 0 0
    255 208 255 0 0 0 127 255 255 0 0 0 255 255 255 0 255 255 0 0 108
    168 248 183 194 193 0 27 255 255 240 142 255 255 255 0 255 0 0 0 255
    255 255 255 0 255 0 55 72 0 255 44 255 255 255 0 0 255 0 255 0 0 255
    109 0 0 255 214 255 0 134 255 255 255 0 0 185 0 0 0 0 255 27 0 30
    255 255 0 0 0 0 0 75 255 255 255 0 255 146 255 0 255 0 255 180 229
    255 255 0 0 0 255 0 0 255 0 255 0 255 212 0 0 44 0 255 0 255 219 255
    0 0 0 70 255 255 255 255 255 0 0 178 0 254 255 255 0 0 0 0 255 255
    255 133 255 0 255 0 255 255 255 6 206 101 255 0 255 35 255 255 255 0
    255 0 255 72 0 0 0 0 255 255 0 40 0 255 255 255 0 0 0 0 0 50 255 0
    255 0 255 61 255 0 0 0 255 255 255 0 255 0 255 255 255 255 255 0 255
    0 0 0 0 255 0 0 255 167 0 0 116 0 7 139 255 255 255 255 241 0 195 0
    255 255 162 76 0 49 255 255 39 130 255 0 218 255 221 255 255 141 178
    19 0 255 0 0 255 255 255 145 255 86 62 0 203 0 0 0 0 206 255 255 255
    0 255 0 246 0 255 87 255 0 255 255 0 0 0 0 255 255 0 0 0 255 0 255
    255 255 0 0 255 255 255 0 0 255 255 255 91 0 0 25 255 255 0 0 255 0
    0 0 242 0 0 255 0 58 0 255 0 0 0 0 223 255 0 59 255 0 0 255 0 242 0
    255 0 0 0 0 0 149 255 255 255 255 160 0 169 0 255 0 255 0 99 0 255
    196 0 255 58 255 255 0 244 195 255 0 0 0 255 0 0 0 0 255 255 255 255
    0 255 0 255 0 255 0 255 26 223 255 255 255 0 255 152 171 255 255 255
    255 0 0 0 176 255 255 0 0 255 0 0 255 255 255 0 0 0 255 255 140 255
    0 255 0 255 0 120 228 0 0 255 0 255 0 0 255 255 72 130 155 0 0 255 0
    255 0 255 0 0 0 255 190 49 0 255 255 0 173 255 48 255 254 0 0 255 0
    255 255 255 0 0 255 255 255 255 0 0 0 255 255 255 10 0 0 0 0 0 255
    255 255 242 255 0 0 254 0 0 255 0 255 0 255 0 255 0 255 162 0 0 0 17
    255 0 255 0 25 72 255 255 255 0 255 0 255 0 255 255 255 0 255 0 179
    0 0 255 255 255 0 0 0 255 255 255 0 198 255 255 255 255 255 255 0 0
    0 255 255 0 0 0 0 212 0 50 255 168 0 0 255 255 176 0 0 0 47 166 0
    255 255 255 13 255 0 255 0 0 0 59 0 255 0 255 72 255 181 0 0 35 119
    177 0 255 0 42 164 0 255 131 103 133 255 255 255 0 0 184 255 25 0
    255 255 255 0 0 255 0 255 255 33 113 0 255 255 255 255 0 0 249 152 0
    236 255 255 255 0 255 0 36 255 10 127 43 255 0 0 255 0 255 0 255 255
    0 255 0 0 255 69 255 255 255 0 0 153 255 0 0 150 40 255 255 0 0 255
    0 255 0 255 0 89 255 255 255 0 0 169 0 255 255 255 255 29 129 0 0
    194 255 255 0 74 255 255 0 0 255 255 0 0 255 255 0 0 0 106 180 194
    255 0 255 255 255 0 8 94 255 0 0 0 255 255 255 255 217 0 92 255 255
    0 0 46 119 255 0 0 0 255 255 255 255 0 0 255 95 0 125 0 255 0 29 0 0
    190 0 255 194 0 142 0 255 255 0 255 197 239 0 0 255 0 255 0 0 255
    255 255 221 0 0 0 0 255 255 255 255 38 0 0 0 240 145 0 0 255 255 255
    255 255 0 0 0 255 255 0 255 0 0 48 208 255 87 255 255 255 255 44 0
    255 0 255 0 255 249 255 0 255 255 0 0 255 255 255 0 177 0 0 0 255
    255 0 0 0 0 255 239 255 0 255 0 255 109 0 255 47 0 0 0 255 186 255
    255 194 255 103 255 0 204 0 0 78 0 255 0 127 249 255 103 255 255 255
    255 0 27 164 31 0 0 148 0 255 255 255 255 36 122 0 255 255 255 255 0
    255 0 255 0 0 255 255 255 0 255 255 255 255 0 0 0 255 255 255 55 255
    0 0 255 255 58 255 255 0 0 255 0 0 0 11 75 255 0 0 98 255 255 255 0
    131 0 255 82 0 0 0 0 255 180 255 127 229 0 255 0 0 0 0 255 255 255
    108 0 0 0 0 255 6 255 0 0 255 96 0 0 67 0 0 11 255 0 255 255 255 0 0
    0 255 0 255 0 255 255 255 255 213 47 215 255 255 151 0 0 255 255 255
    0 0 0 186 255 0 0 85 54 255 255 255 255 0 0 0 255 208 245 255 0 255
    255 165 76 0 0 179 255 255 0 255 205 0 255 255 255 0 0 0 0 0 255 255
    255 0 255 255 0 0 255 0 0 255 80 255 0 255 133 0 0 255 170 255 0 0
    146 255 0 255 0 0 0 255 0 0 0 255 0 255 171 255 255 0 160 0 255 255
    255 255 255 0 0 0 238 2 2 0 0 255 255 255 255 0 255 0 255 0 0 0 255
    255 0 0 255 87 0 7 248 255 0 139 255 57 255 255 0 255 0 255 0 0 0 0
    40 255 255 255 255 0 255 0 255 0 147 255 233 0 255 255 255 85 0 0
    255 0 0 255 255 255 0 143 255 255 255 255 255 0 255 89 0 203 0 255
    255 0 255 255 255 0 0 0 224 0 255 0 5 255 255 255 0 0 0 255 255 255
    255 17 0 255 255 255 0 149 167 0 255 0 0 255 255 0 255 0 255 0 40
    255 0 0 255 255 255 180 120 255 255 114 0 227 0 0 142 0 50 255 255
    255 0 0 0 255 255 0 255 255 255 255 98 0 0 141 255 255 255 255 132
    255 255 0 0 255 58 65 0 0 0 250 255 255 255 209 0 255 255 255 0 155
    128 0 255 255 31 79 0 0 255 146 255 153 255 181 0 0 0 255 255 255
    186 0 0 72 255 0 0 221 0 255 0 255 255 255 0 255 255 255 0 0 0 255 0
    0 0 255 255 255 255 255 0 118 74 0 255 29 255 217 0 0 0 255 255 255
    255 0 0 0 0 255 204 255 0 248 255 0 0 255 0 255 0 255 255 255 0 0
    255 150 0 255 0 14 133 0 0 255 255 0 41 0 0 0 222 255 213 0 0 251 0
    0 0 219 0 255 255 230 0 0 0 0 255 255 255 0 0 0 255 255 255 0 0 155
    51 56 0 255 0 28 0 0 0 255 255 0 255 255 111 0 0 0 0 255 90 255 255
    101 0 0 255 0 255 0 0 0 0 255 255 164 0 255 57 255 255 255 0 0 255
    255 255 0 0 255 255 255 210 255 0 255 255 224 0 0 255 255 122 0 0 0
    255 255 255 0 255 255 0 0 255 204 255 255 255 0 0 0 255 255 255 243
    0 61 0 0 255 0 48 255 255 255 255 0 255 255 146 4 0 158 0 255 0 255
    40 0 0 175 0 255 0 255 255 255 255 0 0 0 255 255 255 40 255 255 0 0
    255 0 255 83 255 0 53 255 255 0 0 5 255 0 0 160 255 0 0 0 255 255
    255 0 0 255 255 255 0 0 0 255 58 0 93 0 255 255 0 255 255 255 0 255
    255 0 0 0 255 255 0 0 255 255 0 0 0 255 255 0 255 255 255 0 6 235 0
    255 0 89 255 16 255 0 0 0 255 135 255 0 0 140 255 255 255 0 0 0 255
    0 255 255 81 0 0 61 255 0 0 0 0 87 255 0 255 0 255 255 0 230 0 255
    255 0 0 0 255 19 255 255 171 152 61 0 0 0 253 255 14 255 255 255 0 0
    0 0 0 255 0 255 0 255 255 255 11 255 255 0 0 0 255 255 255 0 255 0 0
    10 147 0 255 0 241 0 255 255 35 0 158 255 0 201 212 14 255 0 0 0 255
    255 255 154 0 255 42 255 255 67 0 150 255 255 13 0 0 0 0 255 255 0
    255 0 255 255 255 0 255 255 0 0 124 255 255 0 0 172 180 255 255 124
    0 0 255 255 0 0 83 255 255 212 188 255 117 255 255 255 255 37 0 255
    95 255 255 255 0 255 0 255 0 255 0 255 0 255 0 129 35 255 255 255 0
    255 0 0 47 255 255 0 28 255 255 149 0 255 163 255 35 0 0 48 182 172
    255 113 255 255 255 0 0 0 0 0 248 5 255 0 0 93 255 169 243 0 255 255
    0 54 0 0 255 57 255 178 255 255 255 0 0 0 0 255 0 255 0 87 0 255 0
    103 0 255 0 255 255 255 0 0 255 255 255 0 255 255 255 98 255 0 0 141
    0 0 0 255 255 0 0 0 255 0 255 13 0 0 252 15 0 0 255 255 0 0 0 255
    255 255 221 255 0 0 255 255 216 0 255 255 155 255 27 255 0 26 0 255
    0 0 0 255 255 255 0 0 69 212 0 255 0 34 104 255 255 255 0 255 75 0 0
    0 0 0 0 255 255 79 224 226 0 0 255 255 255 0 255 0 225 244 69 144
    255 86 0 0 0 255 255 255 255 0 191 255 195 0 0 0 255 0 0 255 255 59
    0 0 0 255 255 255 0 0 255 0 0 0 255 151 255 5 255 51 0 161 255 13 0
    255 255 0 0 0 255 193 255 243 0 0 255 255 255 0 0 255 70 255 255 255
    0 209 255 244 0 95 0 0 236 255 255 0 0 79 255 255 255 0 255 255 255
    0 20 0 255 139 255 0 186 255 215 0 255 255 0 0 0 255 0 0 0 118 245
    255 255 255 255 0 255 0 0 0 107 0 255 0 0 255 0 255 0 0 196 222 255
    0 116 255 196 184 0 0 255 0 0 0 255 0 151 255 242 81 255 0 255 255
    255 255 255 0 0 0 225 0 0 0 255 0 255 0 0 255 255 255 255 0 21 0 0
    255 255 255 255 163 255 83 0 0 96 255 255 255 255 0 158 0 255 255
    255 0 178 0 255 0 255 107 169 0 0 255 0 255 0 255 255 255 255 0 0
    255 157 255 0 255 255 0 255 0 255 0 0 161 255 255 0 0 0 255 255 99 0
    0 255 0 0 0 255 69 255 111 0 255 0 255 0 0 0 255 43 0 255 0 0 102
    255 255 19 0 255 0 97 255 255 0 0 0 255 255 255 70 255 0 0 0 89 0 0
    255 255 34 0 0 255 166 87 0 255 0 0 0 152 255 0 0 255 193 255 137
    255 0 0 255 255 0 255 228 123 5 255 0 0 0 255 0 0 255 255 65 0 50 0
    255 152 0 0 255 255 42 0 0 0 224 0 255 107 255 255 0 248 0 255 255
    255 255 0 180 0 7 0 255 212 22 0 0 194 167 255 255 0 0 0 255 183 255
    255 255 52 0 0 255 255 255 0 0 0 43 255 255 0 255 255 255 0 92 0 49
    3 0 28 0 0 0 255 0 255 0 255 0 255 255 255 0 33 0 255 0 0 0 140 255
    0 31 255 255 0 38 0 255 255 255 0 0 0 169 92 205 255 0 0 25 255 255
    0 218 86 28 0 0 255 255 246 0 0 0 255 255 0 0 213 1 0 61 255 255 255
    0 0 0 255 0 244 255 218 0 0 41 255 255 0 17 0 0 0 255 59 255 255 0
    195 0 215 255 255 255 0 255 0 255 0 255 255 0 0 255 255 255 255 50 0
    0 0 255 255 255 0 0 0 255 255 0 0 0 255 255 255 0 255 0 255 0 255
    255 255 0 252 255 255 255 0 0 74 255 0 255 0 220 0 0 0 255 255 255 0
    0 255 74 255 0 0 82 255 255 0 255 0 255 0 255 0 0 0 0 79 6 0 0 28
    161 64 0 8 255 141 255 255 0 255 0 255 0 255 0 255 0 255 0 132 0 255
    255 213 173 255 0 131 255 158 0 196 0 255 191 255 0 255 255 0 0 0 0
    0 214 239 255 0 131 0 0 255 255 0 79 255 0 255 60 83 125 0 0 255 0
    255 209 255 8 0 202 0 255 129 133 0 0 255 0 255 0 255 0 255 0 255 0
    255 0 58 0 255 0 0 121 0 0 72 0 192 0 255 253 255 0 52 0 255 255 255
    0 0 114 0 196 232 255 0 255 229 255 255 255 0 0 0 255 0 246 0 0 28 0
    255 0 122 255 9 255 246 0 0 0 255 0 255 0 255 0 211 0 61 255 18 255
    0 0 255 40 87 255 0 255 255 0 0 0 255 0 0 255 255 169 0 232 255 255
    209 0 187 134 255 0 0 255 0 255 255 115 0 79 255 132 44 255 0 229
    255 255 216 253 0 255 255 172 255 0 0 0 255 255 0 255 255 255 0 255
    255 255 0 77 150 4 255 255 223 255 0 255 0 255 255 0 9 0 95 255 255
    255 147 0 0 255 255 0 66 0 0 0 255 255 136 0 0 255 255 0 0 0 0 156
    255 0 0 255 255 105 223 255 255 94 255 255 194 255 255 0 0 47 99 255
    255 255 255 0 0 0 0 255 255 255 255 0 0 0 255 255 255 255 242 0 172
    175 255 0 0 255 0 80 255 225 255 0 0 78 0 255 0 133 156 210 255 255
    255 255 255 255 0 0 0 255 238 255 0 255 194 255 0 0 0 190 255 0 0
    160 0 255 0 16 175 255 28 0 255 0 255 0 255 0 53 255 181 161 0 184 0
    255 255 255 0 0 0 255 0 255 0 129 255 255 162 255 255 0 90 0 131 0 0
    255 0 255 0 0 0 255 144 255 255 0 255 0 255 255 255 0 0 0 0 103 255
    0 179 255 255 255 0 0 182 0 0 255 255 255 255 0 0 29 0 0 0 255 37 1
    203 217 255 0 0 255 255 255 255 0 0 0 255 0 196 113 255 0 0 255 255
    179 0 0 132 255 204 255 255 101 7 0 255 255 0 0 0 142 255 0 0 0 240
    0 255 0 255 0 255 255 0 255 0 255 0 255 0 255 255 0 207 255 0 0 0 0
    0 255 255 0 255 255 241 0 0 0 0 255 255 0 0 255 92 209 255 255 255
    255 46 2 255 255 255 0 12 149 255 255 0 0 0 0 0 255 124 255 255 248
    255 0 0 4 0 0 255 255 188 172 255 130 255 255 0 215 255 0 0 0 255 0
    75 0 0 0 255 0 255 255 81 66 0 255 0 255 185 255 255 144 255 255 255
    0 255 86 255 255 111 255 255 159 0 0 0 255 255 255 58 16 0 0 0 255 0
    255 0 255 252 255 0 0 0 255 40 211 255 255 255 0 255 146 255 255 255
    214 89 255 123 0 255 0 255 0 255 58 0 0 0 255 255 255 255 60 0 0 255
    83 222 0 255 88 177 0 0 255 255 255 0 10 255 0 255 255 255 132 0 0
    169 0 84 255 255 255 0 0 0 255 0 255 8 255 255 0 255 0 0 142 68 0 0
    255 0 0 0 0 255 255 255 255 255 0 0 0 255 255 45 0 0 224 255 255 255
    0 0 255 255 255 0 0 5 255 255 255 255 0 255 0 255 202 255 0 0 255
    255 0 255 255 0 0 0 0 255 0 255 0 255 255 0 0 0 0 255 0 255 255 255
    0 0 0 255 0 255 138 255 255 255 0 0 0 255 0 0 0 255 255 0 255 0 78
    172 0 255 255 255 0 133 145 0 87 255 0 255 255 255 0 255 0 0 0 0 255
    0 55 0 0 255 220 255 255 255 0 0 0 255 255 255 255 255 0 255 0 99 0
    46 255 255 0 0 255 212 57 0 0 0 255 255 255 0 198 255 0 170 0 255
    255 0 41 255 192 255 255 20 255 0 255 3 255 0 255 255 255 255 0 156
    0 69 255 255 0 0 255 255 0 0 123 255 122 255 255 35 255 71 0 255 255
    255 0 46 0 0 0 255 0 255 0 0 0 255 255 0 255 255 0 255 0 0 255 145
    255 0 255 0 255 255 144 0 0 0 0 67 255 0 255 0 0 255 70 255 102 91
    255 0 0 0 255 255 0 255 0 52 0 255 255 0 95 255 255 0 175 0 255 1 18
    0 0 255 255 106 0 0 255 255 255 0 0 255 0 255 66 255 255 0 255 255
    255 156 0 255 0 255 255 90 0 0 255 78 0 0 255 0 156 255 141 192 0 0
    255 0 0 255 255 255 173 0 0 0 0 191 0 0 255 255 255 255 0 247 0 0
    255 0 255 0 85 0 255 255 0 0 255 255 255 0 255 0 125 255 0 0 0 255 0
    178 255 255 255 0 0 0 255 255 255 214 255 255 0 0 0 0 255 0 255 0 0
    0 0 255 255 255 158 0 58 0 0 255 0 0 0 201 255 205 84 255 0 255 0
    255 255 248 0 41 175 43 150 255 0 0 0 255 0 255 0 0 0 0 255 255 255
    0 255 255 255 255 255 255 255 0 0 255 255 0 0 0 255 255 164 255 145
    255 0 83 0 255 0 255 0 0 255 255 255 255 0 0 0 0 216 255 0 247 0 255
    0 255 0 255 0 255 53 255 255 0 0 153 91 13 10 255 255 0 255 255 255
    255 0 0 255 0 255 0 251 0 255 255 255 0 0 0 0 101 160 149 0 255 0 0
    0 255 255 255 0 0 129 0 255 255 255 208 0 0 0 186 255 255 53 255 0 0
    255 138 255 0 255 255 255 255 0 100 39 0 140 168 255 0 0 0 255 0 0 0
    127 255 0 56 0 255 247 49 255 143 47 0 255 0 0 255 0 55 0 255 0 255
    0 255 0 255 155 255 0 255 178 255 255 255 255 99 9 255 0 255 186 255
    0 0 0 0 162 86 0 255 255 161 255 0 0 83 255 255 0 0 0 255 255 73 109
    14 0 0 255 0 255 255 164 0 255 0 0 255 0 255 0 255 0 0 255 0 206 0
    255 0 255 255 255 0 0 136 255 201 144 0 0 255 243 255 38 0 0 74 2
    255 0 0 0 0 0 255 255 255 0 0 109 255 0 255 20 255 0 144 0 89 255
    255 0 0 0 209 0 255 0 0 255 0 0 0 149 255 255 255 255 247 0 0 255 0
    0 0 235 255 205 0 255 73 255 255 0 197 0 41 255 255 0 255 0 255 81
    255 0 255 255 0 28 0 255 0 255 0 0 0 255 0 255 0 0 88 0 255 186 200
    0 155 0 255 255 255 255 0 165 0 255 100 0 0 255 255 255 0 0 0 255
    255 0 0 255 255 255 0 255 0 129 0 0 255 141 255 0 255 112 255 0 0 0
    216 108 255 0 233 0 10 255 0 255 126 255 0 0 0 255 255 0 99 0 255
    255 0 255 87 255 255 255 0 109 0 255 0 255 0 0 255 255 255 255 0 0
    138 255 0 255 0 99 0 0 255 1 56 0 0 255 207 255 255 255 255 0 0 0
    255 0 0 0 0 255 0 255 0 255 255 36 255 255 0 255 0 0 0 0 220 122 255
    161 255 0 255 169 255 255 255 0 0 198 255 167 255 158 255 0 0 0 0 66
    0 0 255 255 0 81 212 255 255 255 0 255 0 255 0 0 0 0 255 255 28 255
    255 92 255 0 0 0 0 255 255 0 0 255 255 0 168 0 255 0 255 0 0 255 255
    255 0 0 255 255 255 0 255 255 0 174 134 255 0 176 0 0 0 255 0 0 0
    255 154 255 255 255 0 149 0 255 0 0 255 255 102 0 0 0 59 255 255 0
    48 0 255 255 255 0 0 30 255 110 255 255 0 119 255 0 0 141 0 255 193
    0 0 65 255 255 0 0 255 255 129 255 0 255 0 0 80 255 0 160 255 255
    255 255 0 255 0 255 0 255 0 255 255 255 255 0 227 0 0 255 0 0 0 0
    255 0 113 0 0 0 53 75 232 139 255 29 0 0 0 255 255 255 255 0 0 178
    255 9 255 0 255 255 0 0 75 0 255 0 255 230 0 0 0 153 255 0 46 255
    255 199 0 0 0 0 255 65 63 0 255 116 0 166 0 255 255 46 182 161 0 255
    61 255 0 255 37 0 0 0 0 255 0 255 0 0 255 0 180 0 255 255 255 0 0
    223 163 255 255 255 0 255 255 255 0 0 102 255 43 255 255 155 0 0 255
    255 255 255 108 255 0 255 255 0 11 0 0 0 255 255 255 0 0 0 255 255
    255 221 255 92 0 255 255 0 0 0 232 0 255 29 0 255 255 255 0 156 0 0
    146 255 126 255 255 255 0 238 0 255 0 220 255 0 0 0 0 255 255 110
    255 45 0 0 0 255 255 255 0 255 0 0 0 0 255 0 255 255 255 248 255 255
    0 0 255 0 255 255 0 0 0 0 255 0 0 0 0 70 71 255 131 0 0 255 255 255
    0 239 255 255 255 0 0 0 163 0 255 255 0 255 0 0 80 255 255 0 255 0 0
    101 0 255 227 0 0 0 255 255 137 0 0 0 0 104 255 255 171 0 0 56 255 0
    0 105 255 255 0 255 0 255 0 3 0 255 0 255 255 44 255 34 0 0 255 255
    255 255 255 23 0 255 77 0 255 150 0 0 163 60 0 0 253 255 0 0 0 0 180
    0 255 255 0 0 0 255 87 182 155 0 255 255 255 0 255 204 153 0 0 0 255
    255 0 0 130 0 255 0 255 255 235 93 0 255 88 231 0 0 0 255 202 0 255
    26 255 255 255 0 0 0 255 255 0 255 255 255 255 255 207 0 71 255 0 0
    0 255 255 255 255 121 0 255 255 255 0 216 0 0 79 255 255 0 0 245 0
    255 0 0 0 143 255 0 255 0 0 151 0 255 176 255 255 255 174 255 145 38
    0 255 255 0 242 255 26 255 255 0 71 0 255 0 0 255 255 255 69 0 210
    255 0 0 0 0 159 255 0 0 255 255 175 0 91 0 255 255 255 0 84 255 0
    255 0 220 0 255 255 255 0 255 86 255 255 136 0 0 255 98 255 255 254
    56 0 0 0 255 255 0 189 83 255 233 233 255 17 0 81 255 255 43 0 0 0
    255 0 211 255 45 255 255 255 0 0 0 0 147 255 255 255 0 0 155 0 188
    192 0 0 255 255 24 255 255 48 255 0 255 11 0 255 255 255 255 255 0
    255 0 110 255 255 0 255 255 105 0 0 255 255 255 255 255 22 39 0 0
    165 24 255 255 0 196 249 0 255 255 255 255 255 241 255 0 0 0 255 0 0
    0 0 255 255 255 0 0 0 74 254 255 0 97 0 255 0 0 0 0 0 255 159 255 0
    6 255 0 255 0 255 100 255 0 250 0 255 34 255 0 69 0 255 87 0 0 168
    255 255 255 255 62 255 0 255 28 241 66 175 255 0 255 255 200 255 0
    255 255 255 255 0 0 255 255 0 255 76 172 42 0 255 166 168 255 0 255
    0 255 139 0 0 0 255 241 255 0 255 0 147 0 255 255 255 255 221 230 0
    255 94 255 0 255 0 0 255 255 255 126 255 0 91 255 24 255 0 255 255
    255 0 0 0 255 255 255 255 255 255 0 255 0 255 0 0 0 255 255 202 255
    204 26 0 0 255 190 255 255 0 0 0 0 178 255 0 255 0 24 0 255 0 0 0
    255 78 215 217 255 0 255 0 255 255 19 255 0 0 0 0 255 255 255 255
    255 0 0 0 255 0 255 59 255 0 255 0 255 0 255 245 0 255 0 0 255 255 0
    0 0 255 127 218 0 255 213 255 0 255 0 255 255 0 0 255 198 255 130 0
    0 204 0 255 0 255 0 255 0 0 115 203 255 0 0 255 221 255 132 0 232
    255 2 255 255 255 23 255 0 44 0 255 255 255 0 0 255 147 255 255 0
    255 0 255 0 189 0 0 0 255 134 0 0 255 35 0 0 255 255 0 0 0 255 0 255
    0 255 0 255 203 0 255 234 255 0 0 255 0 255 0 0 0 171 255 255 255 0
    0 0 255 0 255 68 127 0 255 0 255 0 255 255 155 0 0 0 255 191 217 255
    255 0 0 255 255 255 0 82 0 125 255 0 0 255 0 156 0 255 255 183 201 0
    0 219 255 255 255 20 0 255 159 0 0 91 255 0 255 255 0 255 205 0 0 0
    0 0 166 255 255 255 84 0 0 121 255 255 255 0 0 0 255 255 0 0 245 255
    0 0 0 255 255 255 0 0 0 75 255 0 255 255 255 0 245 0 255 0 240 255
    255 244 0 37 255 255 0 99 213 158 0 0 255 255 197 0 0 255 255 0 255
    255 219 196 0 227 255 255 0 254 255 0 0 255 0 0 255 188 255 255 0 0
    0 0 255 255 0 0 0 93 255 255 183 248 255 255 71 255 0 255 0 0 0 255
    203 255 255 236 143 0 0 255 255 255 0 36 255 255 31 255 0 255 255
    255 199 0 0 154 0 255 220 0 255 0 244 255 255 255 48 0 255 255 0 108
    255 0 0 0 0 0 226 255 255 0 54 0 255 120 255 35 0 0 255 165 173 0
    255 255 173 21 177 255 124 255 0 0 0 53 255 255 0 255 142 255 255 59
    255 255 0 0 140 255 255 0 255 218 255 255 255 0 255 0 255 255 0 255
    84 255 0 0 255 0 0 0 101 0 255 0 0 0 0 255 0 255 255 255 255 0 0 255
    0 230 255 211 0 0 206 0 255 255 0 0 255 255 169 1 0 214 254 255 81 0
    181 0 0 255 0 0 255 0 255 0 30 255 143 48 0 34 0 255 0 0 0 0 255 255
    255 0 0 255 0 146 0 255 255 0 96 0 65 255 76 0 0 116 255 173 0 0 0 0
    255 125 137 255 0 255 0 0 0 0 168 163 255 0 255 0 0 131 255 0 255
    126 0 131 0 0 0 255 0 90 0 255 3 63 0 255 255 255 209 0 0 0 255 255
    0 0 255 0 136 0 0 0 183 255 0 0 77 50 255 255 255 255 255 0 0 255 0
    255 0 255 0 0 255 255 243 243 255 255 74 0 0 0 255 255 255 255 0 0
    255 166 0 176 0 83 255 21 255 0 255 255 255 0 24 0 0 255 255 255 86
    197 0 0 255 255 0 0 0 255 255 255 64 255 0 255 0 255 255 255 0 0 0
    255 0 255 0 255 0 255 0 0 0 255 0 21 255 255 255 255 0 0 0 0 0 0 0
    255 255 64 0 0 255 255 0 79 255 255 208 19 255 0 0 255 255 255 255
    27 0 0 0 255 170 255 212 0 0 0 255 0 255 0 0 0 0 255 0 255 0 0 0 0
    255 0 255 82 255 222 88 255 115 255 0 0 0 203 56 0 255 255 255 0 255
    0 255 255 0 0 255 255 255 3 0 0 255 255 8 0 255 50 255 217 255 255
    255 0 255 255 255 0 0 136 255 255 255 137 0 0 255 255 255 108 0 0 49
    255 255 0 0 255 186 255 255 179 22 0 0 255 0 177 255 221 255 181 255
    255 255 214 0 255 0 0 0 216 255 78 255 47 0 0 0 255 255 47 0 0 9 255
    255 255 0 0 255 255 255 255 0 0 50 255 255 255 0 0 0 255 255 98 0
    255 255 0 255 0 0 255 255 162 255 0 0 255 255 255 255 0 0 0 255 255
    255 255 0 255 0 255 2 255 255 104 255 150 255 255 220 0 0 112 255 0
    0 0 255 255 255 0 255 0 255 0 0 0 0 255 255 255 50 255 255 0 255 0 0
    0 0 97 212 241 0 255 0 15 0 255 255 255 255 255 138 0 255 159 255 0
    0 114 255 255 0 0 255 240 255 0 214 0 0 255 114 255 0 148 0 0 255
    255 255 0 0 255 0 0 0 255 59 167 255 0 0 255 0 0 255 255 0 0 0 255
    255 255 0 255 255 255 166 0 255 255 255 255 0 255 255 255 255 0 0 0
    113 255 42 0 0 0 255 0 19 0 255 255 255 0 255 0 255 255 255 255 251
    255 0 0 0 255 0 255 0 255 0 0 53 212 0 24 0 255 255 104 0 0 237 255
    255 0 0 255 255 0 7 0 0 0 0 255 255 0 0 0 255 255 0 0 0 0 255 255 0
    0 0 0 255 255 0 255 255 255 0 0 200 255 255 255 0 5 0 0 72 255 255
    41 255 255 13 0 114 0 35 0 255 255 255 0 0 0 245 255 0 255 81 0 255
    0 0 0 0 255 255 0 144 0 225 255 0 168 255 0 0 0 255 255 255 0 255
    187 0 0 175 255 255 255 0 255 255 255 255 255 0 75 0 57 0 255 0 255
    196 56 0 28 255 42 48 0 255 0 0 178 255 0 255 0 143 0 0 255 0 255 0
    255 255 138 0 0 141 255 0 0 255 196 38 255 0 255 0 255 212 0 0 230
    165 0 0 255 0 0 0 255 55 255 126 255 255 0 255 0 0 125 0 255 255 0 0
    255 255 255 255 0 255 197 0 255 255 255 0 255 255 66 0 0 255 160 0
    255 174 255 0 0 255 255 0 0 163 0 0 0 255 255 255 0 255 0 255 255
    255 179 0 0 0 255 0 255 255 255 255 255 0 0 0 255 255 151 255 255
    255 255 255 121 255 0 255 255 255 109 104 0 99 0 255 0 147 0 255 0 0
    255 255 142 255 0 216 10 29 255 255 255 163 0 0 0 0 37 255 255 0 255
    61 151 255 255 0 0 0 255 0 0 0 255 0 224 0 0 255 0 255 255 255 0 0
    101 111 0 0 0 255 255 0 0 255 255 0 0 0 255 255 255 0 0 0 0 0 0 0
    255 255 0 0 0 0 0 255 255 255 0 255 255 229 229 255 0 0 108 0 0 123
    255 0 0 0 119 0 0 0 3 209 255 255 255 255 159 0 255 0 0 0 0 0 235
    255 0 255 0 2 255 255 77 34 0 0 255 255 255 255 0 255 112 122 167 0
    0 183 255 187 255 60 255 0 255 0 255 246 0 0 0 255 0 208 92 255 104
    255 129 90 78 179 0 0 0 0 255 255 0 0 0 0 255 255 255 0 255 0 255 0
    255 255 255 0 0 0 255 0 0 255 24 255 0 255 0 255 0 0 0 255 177 255 0
    255 255 255 0 0 0 255 0 72 0 0 255 42 255 0 91 255 255 255 0 39 255
    255 255 21 0 0 99 0 0 0 155 255 255 255 215 129 177 0 255 255 0 0
    255 255 0 255 255 0 0 0 255 255 0 255 0 220 255 21 255 0 255 0 255
    139 255 0 209 0 0 0 0 255 0 255 0 255 205 0 0 0 0 119 0 0 113 0 255
    150 0 255 255 255 0 160 0 255 0 0 255 255 0 0 37 153 255 255 0 255 0
    255 255 0 255 0 255 0 255 255 255 0 0 255 255 0 0 0 202 255 255 0 0
    0 255 0 255 255 0 255 0 255 0 0 24 0 119 255 81 0 0 255 255 0 0 255
    255 238 114 0 255 0 190 0 255 255 80 255 195 0 0 255 0 255 0 255 0
    219 0 255 0 0 224 255 255 0 151 255 194 48 0 255 104 255 0 0 255 255
    255 255 0 0 234 255 0 255 0 55 255 0 46 255 255 255 255 0 0 255 92
    115 92 0 0 255 0 255 95 255 255 255 255 208 2 0 0 255 0 0 0 255 255
    255 64 0 0 255 255 255 255 47 0 0 26 255 0 0 0 255 0 0 255 255 255 0
    255 0 255 0 0 255 0 0 0 255 81 255 255 255 0 0 136 255 209 0 0 0 255
    255 255 255 0 0 217 255 255 174 0 0 0 255 255 255 0 255 0 0 228 95
    255 0 0 0 255 0 245 255 255 255 255 255 112 0 0 255 33 255 191 255 0
    128 0 255 66 255 0 255 0 255 0 0 0 255 0 255 0 255 0 0 0 255 255 73
    0 0 255 255 255 59 255 0 255 255 255 255 240 0 255 68 55 0 157 255 0
    255 255 255 255 255 255 0 255 0 75 58 255 255 137 255 230 93 0 255
    18 0 255 139 255 0 0 0 255 49 10 0 0 0 0 255 255 255 255 255 0 0 255
    255 250 255 0 24 0 255 255 0 0 114 255 0 0 0 255 255 255 0 42 255
    255 0 0 0 255 255 255 0 255 0 255 0 255 0 41 255 255 255 0 129 255
    255 0 0 26 255 0 0 255 255 73 255 137 255 213 255 0 12 0 162 0 0 0
    255 0 255 34 190 255 94 0 0 154 0 27 146 135 255 0 255 255 255 0 0 0
    255 255 255 255 255 0 0 255 243 36 0 93 0 0 255 255 255 0 255 234 0
    0 242 236 27 255 0 255 255 255 255 0 255 0 0 255 44 255 0 255 202 0
    78 127 255 198 149 203 0 0 0 255 255 255 0 0 83 255 0 255 0 255 255
    255 255 255 162 0 0 0 0 255 0 133 255 61 0 0 189 255 255 0 255 0 106
    0 255 0 255 0 0 0 255 0 255 0 255 7 255 0 148 255 255 255 0 0 132
    255 127 255 255 0 255 255 245 103 0 255 255 255 255 0 55 0 255 0 0
    255 255 170 255 147 138 0 0 255 75 255 255 238 0 255 0 255 0 255 0 0
    255 255 255 255 0 0 0 187 255 0 255 255 255 0 255 255 0 255 255 70
    143 0 255 255 0 0 107 255 255 255 255 0 0 255 0 255 113 0 255 67 255
    255 255 0 0 255 0 255 0 255 255 255 255 0 0 63 255 0 0 0 255 255 255
    0 0 255 0 255 237 0 0 0 0 255 0 255 255 255 0 255 0 255 0 255 0 0 32
    255 255 0 0 0 0 168 255 255 0 0 255 0 35 0 255 255 255 20 0 255 77
    255 0 83 255 255 0 0 0 0 255 0 0 255 0 255 0 0 255 255 255 255 255 0
    28 255 255 255 0 0 0 255 176 255 255 255 255 255 0 72 0 255 156 255
    9 0 0 33 0 225 0 0 0 255 255 255 24 0 207 0 255 255 255 0 0 255 255
    255 255 0 0 0 255 255 104 0 200 255 255 252 255 0 255 110 146 255 0
    255 0 0 255 204 255 255 37 255 138 0 255 0 0 0 0 0 0 255 84 255 0
    255 83 255 0 255 19 204 255 0 0 0 255 255 0 0 255 255 249 0 0 0 255
    0 0 166 0 255 143 255 5 67 255 0 255 255 255 0 0 0 255 255 0 0 45 12
    0 0 255 0 255 0 43 0 255 255 55 0 255 0 255 0 0 0 255 255 66 241 0
    186 0 0 255 0 255 255 255 187 0 255 255 255 0 255 255 255 0 61 0 0 0
    255 255 255 0 0 28 100 255 0 0 199 0 121 185 0 0 0 0 255 201 255 255
    255 0 103 86 255 255 255 0 255 78 0 0 218 255 150 228 0 0 255 255
    137 212 255 255 255 0 255 0 255 133 0 0 255 255 255 0 0 0 255 0 0
    255 255 0 0 0 255 130 255 255 0 0 255 255 255 189 68 0 0 37 255 255
    0 0 151 255 0 0 0 255 0 0 255 255 199 0 228 255 255 0 255 222 255 0
    0 0 255 107 255 0 255 0 242 0 11 255 12 150 0 255 255 0 0 255 255 0
    192 255 0 0 0 255 255 0 0 0 0 255 52 255 0 208 0 0 0 255 255 255 59
    255 0 255 0 255 0 255 255 255 255 0 189 0 255 255 255 0 0 0 255 255
    0 255 28 255 255 0 231 0 0 255 255 235 0 255 0 255 0 116 187 255 255
    82 255 4 255 0 255 0 96 255 255 0 0 7 0 0 255 255 224 0 193 255 38
    255 0 255 155 237 0 0 0 255 0 0 255 0 152 255 255 0 104 0 0 255 255
    255 35 255 0 255 0 0 255 255 0 0 103 0 255 0 166 0 0 146 255 203 0
    255 0 255 170 0 0 0 153 0 0 0 255 255 255 0 173 225 255 0 0 0 255 0
    0 255 255 255 62 255 0 255 0 47 255 255 255 0 0 107 0 189 255 255
    255 255 255 0 94 9 255 0 152 0 0 0 46 255 0 255 255 255 0 0 255 255
    255 54 0 0 0 255 255 255 255 183 255 76 0 0 0 158 0 255 0 23 255 255
    0 0 0 0 0 255 255 255 0 175 0 255 247 0 11 0 0 248 255 255 0 0 255
    255 0 127 210 0 0 0 232 255 255 0 185 116 108 0 255 255 0 0 64 255
    255 255 0 0 255 255 255 0 13 0 0 255 255 0 0 0 255 0 255 255 255 0 0
    221 51 255 255 250 255 255 0 0 0 0 255 0 255 255 0 255 0 255 0 0 255
    82 0 255 255 255 0 0 255 255 0 255 255 255 0 0 0 0 255 255 0 0 0 255
    0 255 255 255 0 98 0 255 0 255 0 255 16 255 175 0 224 132 217 255 0
    193 255 58 255 243 255 255 255 90 255 0 29 0 203 0 0 255 215 255 0
    186 0 193 0 0 191 255 255 255 0 5 0 193 0 0 0 255 255 0 0 0 255 253
    181 0 225 0 0 224 255 181 0 255 208 255 0 222 0 0 255 255 255 255
    255 255 0 255 0 255 0 255 0 5 0 0 255 0 0 255 255 0 255 0 0 0 0 255
    255 0 0 255 255 255 0 100 181 255 0 7 255 255</data></my_img>
<your_img type_id="opencv-matrix">
  <rows>128</rows>
  <cols>256</cols>
  <dt>"3u"</dt>
  <data>
    255 255 255 0 255 19 255 0 255 40 0 0 255 255 255 0 243 0 0 0 255 17
    255 183 0 0 0 138 255 0 0 0 255 0 158 255 0 0 0 255 244 50 0 255 255
    255 0 0 142 255 0 255 0 0 0 0 111 255 0 145 91 255 255 172 0 0 255 0
    0 188 255 0 0 0 255 199 255 0 93 255 255 0 0 0 255 255 255 31 0 121
    205 110 255 255 255 0 188 255 255 0 255 0 0 255 255 0 255 0 255 58
    104 196 255 255 0 216 0 255 0 0 255 255 0 255 214 255 255 49 0 0 0
    31 255 58 0 255 255 255 0 255 255 0 103 242 255 255 0 146 255 0 255
    185 255 0 255 0 255 0 255 255 236 255 242 208 0 255 97 71 27 0 115 0
    0 0 200 255 0 255 0 255 0 0 0 0 255 255 255 198 0 0 0 0 255 255 255
    0 0 255 255 255 255 0 255 0 255 255 193 0 0 157 155 255 0 255 255
    255 0 255 233 0 146 255 16 0 255 255 255 255 255 255 0 0 0 0 0 255 0
    255 96 0 0 255 255 202 0 0 0 255 255 255 99 0 255 0 214 0 255 255
    255 239 93 255 255 255 255 255 255 0 0 96 0 255 0 255 0 0 255 12 159
    0 255 120 255 0 14 0 255 0 255 255 255 0 0 141 0 134 255 204 231 255
    162 255 255 0 0 0 0 255 211 255 0 187 0 255 255 48 155 255 255 0 0 0
    0 255 255 255 255 255 255 255 0 0 0 147 116 166 156 0 255 0 255 0
    255 0 0 0 255 28 255 0 255 0 240 0 255 255 0 0 94 0 255 0 255 0 0
    255 0 0 122 0 141 255 255 0 255 0 255 0 255 0 255 0 245 0 255 81 119
    209 0 0 255 171 255 144 255 255 0 0 0 255 0 255 0 255 100 255 255 0
    0 72 255 255 255 255 0 0 0 0 0 0 49 93 255 255 255 0 255 0 0 0 236 0
    0 84 255 0 0 255 39 255 0 255 0 255 0 0 10 255 255 255 0 0 0 0 0 0 0
    255 242 255 0 0 255 0 0 0 0 255 255 0 0 0 116 111 255 0 255 255 0
    255 0 255 45 89 255 0 0 0 0 255 0 255 108 255 0 0 255 255 0 255 85
    255 0 0 0 0 255 18 0 150 0 0 0 69 255 255 255 0 0 255 0 255 0 0 0 0
    255 0 255 80 255 205 0 0 255 255 255 0 255 255 0 0 0 255 0 255 0 0 0
    255 255 255 0 0 255 255 255 0 0 0 171 0 255 255 172 255 0 60 255 255
    255 255 174 0 0 121 255 0 0 255 255 0 0 255 255 255 10 0 255 255 0
    255 255 255 255 0 0 255 255 0 255 233 255 0 0 0 0 0 255 0 255 255
    205 0 255 246 0 0 255 0 255 0 0 255 126 0 0 0 255 255 255 0 255 0
    192 0 228 255 255 255 0 150 0 255 0 0 0 0 255 0 255 0 0 255 0 255
    255 166 141 0 255 255 241 0 255 0 255 0 244 0 255 7 198 160 0 0 0
    120 0 97 0 50 255 244 255 255 255 0 0 255 255 102 0 0 255 0 255 255
    255 0 255 255 255 0 0 0 193 0 0 0 0 255 0 255 255 255 0 0 0 216 255
    0 0 255 101 255 17 255 255 255 255 0 0 0 255 24 0 255 0 0 236 0 255
    198 0 0 0 0 74 0 254 0 255 0 94 126 255 0 0 255 0 0 187 0 255 255
    255 0 0 255 0 0 0 255 219 0 0 208 0 0 255 12 255 238 246 255 11 222
    0 255 0 255 255 0 66 173 0 255 255 255 0 153 0 255 255 255 0 255 255
    208 255 0 0 0 255 255 255 255 0 0 0 0 255 255 255 0 255 0 255 0 0 7
    255 0 0 255 205 30 255 255 255 255 0 255 204 249 255 0 0 31 255 255
    255 0 44 0 208 255 159 0 0 0 0 51 0 0 0 255 255 0 255 0 201 255 255
    255 0 0 255 255 255 0 255 0 255 0 255 82 0 0 255 0 255 0 0 255 0 255
    0 255 0 255 255 0 89 0 255 0 255 255 255 255 252 0 255 255 183 255
    72 255 0 255 0 0 158 255 255 255 205 0 4 0 0 0 255 0 255 0 255 0 255
    255 0 0 0 0 255 0 255 255 194 255 0 0 0 0 255 255 255 255 255 80 23
    243 255 0 0 0 0 255 0 255 155 79 255 255 255 0 0 0 255 0 95 0 255 0
    193 53 0 0 0 0 255 255 255 0 255 91 255 0 0 47 255 236 174 0 255 255
    173 0 95 255 255 255 0 255 31 17 0 0 0 0 161 255 255 255 255 0 0 0
    255 255 255 0 62 195 0 255 255 0 255 0 255 247 0 0 0 255 255 255 0 0
    0 67 255 255 0 0 97 255 255 255 255 0 0 245 255 151 255 0 0 128 255
    0 255 87 121 87 255 228 255 255 0 0 0 0 0 255 255 255 190 0 0 255
    115 0 0 0 0 104 255 255 255 0 255 255 51 239 255 255 0 0 255 255 79
    255 255 127 255 0 0 255 0 255 255 255 0 0 0 116 0 255 255 0 255 255
    0 255 255 0 0 0 255 139 182 219 0 255 0 255 0 0 0 105 0 255 255 255
    0 0 65 170 218 0 255 234 44 0 255 0 255 0 0 0 206 77 176 0 160 249 0
    177 255 255 44 0 0 15 255 255 78 255 0 255 0 255 0 50 122 234 0 144
    0 255 255 0 0 255 0 255 255 0 145 55 116 0 255 0 0 0 255 153 144 57
    255 67 255 77 255 0 90 0 255 255 255 0 0 159 0 166 255 255 255 0 0 0
    0 255 239 67 0 0 0 117 255 0 255 0 172 0 2 255 255 0 0 0 255 0 215 0
    255 255 255 255 235 255 255 0 255 0 255 255 255 255 255 0 0 255 255
    255 244 255 0 255 0 255 5 255 109 0 195 164 0 0 247 255 3 0 255 0 0
    0 255 255 255 255 255 0 136 0 255 21 166 22 255 255 255 255 0 0 255
    225 255 0 255 0 0 0 255 0 0 194 255 0 0 0 255 255 83 255 214 0 0 0 0
    255 0 255 255 0 0 0 192 255 255 124 255 0 0 0 0 255 255 255 0 0 0
    255 0 0 255 255 0 0 27 255 255 34 55 255 255 0 230 0 0 120 255 255
    104 27 0 0 0 0 255 0 0 0 255 255 0 0 0 255 255 255 41 0 0 0 255 0
    255 0 245 0 255 223 0 0 255 255 255 0 255 0 255 255 255 25 0 0 86
    255 255 0 255 0 255 0 0 112 255 0 255 7 255 0 0 0 0 107 255 255 177
    0 255 0 0 0 255 0 255 255 255 28 255 0 255 0 255 0 0 255 255 255 124
    43 0 255 142 8 255 0 105 0 255 0 255 0 0 255 237 157 255 0 160 255
    255 238 255 0 255 255 207 0 0 72 0 255 0 255 199 243 0 255 255 0 255
    255 255 255 255 0 0 0 255 0 0 255 255 0 0 163 255 0 255 129 0 59 67
    0 255 0 155 191 212 0 65 255 255 255 0 0 0 0 0 255 255 52 0 255 0
    255 0 0 255 255 0 63 11 0 255 255 0 33 255 255 0 0 255 0 0 255 0 255
    15 255 255 127 255 255 255 0 125 255 0 171 0 255 255 0 0 255 252 212
    255 0 0 0 136 255 152 255 0 0 255 82 255 0 255 255 255 227 139 255 0
    255 104 255 255 255 0 0 0 130 0 73 23 3 255 0 255 255 255 74 255 255
    255 0 0 255 213 243 109 0 0 255 255 0 0 255 0 255 0 255 255 255 0
    255 255 227 11 255 127 0 0 0 255 0 179 255 255 255 105 0 0 255 0 255
    0 4 0 255 173 0 255 23 255 0 0 0 255 255 255 45 33 255 0 0 255 255
    255 0 255 255 255 125 0 0 0 255 255 10 59 0 255 0 0 255 0 255 0 255
    163 0 74 15 0 0 0 255 134 255 0 0 0 255 0 255 0 255 0 0 44 255 0 28
    0 255 0 163 255 131 0 0 255 255 0 0 46 19 255 255 0 0 0 255 255 255
    255 0 0 0 99 255 0 255 255 106 0 181 255 255 255 0 0 255 255 255 0
    125 255 255 0 0 0 121 255 255 255 0 0 0 255 255 0 0 0 255 255 255
    255 0 0 255 103 0 0 0 160 236 0 14 0 0 0 0 255 0 0 0 0 255 255 0 0 0
    255 255 0 0 188 171 255 0 255 0 0 0 212 0 0 0 255 255 255 255 0 255
    149 0 255 0 0 0 255 0 255 0 255 0 0 0 0 255 51 221 0 0 0 255 203 0
    255 0 0 141 38 255 0 0 255 233 255 0 255 0 0 0 0 255 255 0 61 70 0
    255 0 0 0 255 0 255 106 0 0 0 255 0 255 255 255 238 255 255 0 255 0
    255 0 0 54 0 255 255 255 0 0 0 255 0 255 0 255 53 0 255 255 0 255
    188 255 0 254 0 255 0 0 0 255 0 255 216 0 16 216 255 0 0 206 0 255
    255 255 33 0 83 95 255 255 194 0 0 255 0 255 255 255 0 0 255 0 15
    255 255 241 0 20 255 0 255 198 0 255 0 255 255 255 255 70 0 141 200
    0 255 255 255 0 101 255 255 0 0 0 0 71 255 255 0 0 0 255 255 54 0 0
    255 112 128 144 192 0 255 255 0 255 0 0 0 0 255 0 0 153 0 255 0 255
    255 255 0 0 255 0 255 0 255 0 255 0 255 255 255 94 0 0 216 255 0 255
    0 255 1 0 104 0 255 255 32 0 255 0 255 0 227 0 0 201 255 0 255 170
    255 0 0 0 255 222 0 255 104 255 0 0 255 255 255 255 0 0 0 0 255 255
    255 0 255 121 0 0 255 255 255 0 191 0 0 0 252 87 255 0 255 0 255 90
    0 79 255 24 239 255 255 255 0 0 104 255 255 158 0 255 255 0 255 0
    255 255 164 0 128 253 0 0 0 255 255 0 116 0 0 8 254 93 0 255 255 255
    255 255 255 0 255 0 255 255 0 0 99 0 255 0 186 0 255 255 0 0 0 0 0
    255 255 56 112 255 0 0 212 255 255 255 0 0 51 0 255 0 255 0 0 0 255
    0 255 0 0 255 243 0 0 255 255 0 0 33 255 255 0 56 32 0 255 255 236
    255 13 255 255 0 0 0 255 255 255 0 255 147 255 0 0 154 255 255 0 0
    97 0 0 134 255 255 0 255 255 0 0 0 255 1 255 0 255 0 0 255 89 255
    255 0 0 0 255 255 0 0 0 0 255 255 0 0 255 255 0 0 47 255 255 0 0 255
    255 0 0 255 0 0 255 0 0 101 255 0 0 255 255 0 255 0 255 255 0 0 0 0
    255 0 255 32 255 0 0 255 0 255 0 255 255 110 0 0 255 255 255 255 155
    255 248 132 0 255 0 185 255 255 255 0 0 0 113 0 0 0 255 197 0 0 0
    124 237 255 0 0 0 167 0 255 255 255 0 255 135 255 0 0 0 17 0 255 255
    255 0 255 81 0 0 110 133 255 0 255 97 0 0 0 0 0 255 255 78 255 0 255
    255 255 0 255 0 255 108 0 0 46 236 255 255 106 255 0 219 0 255 255
    43 0 72 121 255 202 186 0 0 255 0 255 255 0 255 0 255 255 255 0 0 0
    255 255 255 48 113 102 35 255 255 255 0 0 255 105 0 0 0 0 255 255
    255 255 0 255 255 255 115 0 0 255 0 48 255 255 0 255 74 0 255 255
    255 125 0 0 255 255 0 0 0 255 255 255 255 0 0 255 44 255 0 255 0 255
    255 97 0 0 0 255 0 255 255 0 220 0 0 0 0 255 0 165 0 145 0 225 0 255
    255 255 0 5 23 0 96 255 255 255 0 0 146 0 255 0 97 96 255 255 255 0
    255 255 0 0 255 0 13 0 255 255 255 0 255 0 170 225 111 102 215 255
    255 0 0 96 0 255 0 255 186 254 251 0 26 255 0 255 12 122 255 59 17 0
    4 0 248 0 255 238 255 0 255 0 255 255 255 136 0 0 255 50 255 255 255
    0 0 0 0 0 255 255 255 0 0 0 255 255 39 0 255 199 249 255 255 255 255
    0 255 0 26 123 255 255 255 255 0 237 255 255 255 0 255 0 64 241 0
    255 131 0 58 70 255 255 255 96 255 255 255 98 0 0 255 0 255 0 0 0
    255 255 255 255 255 0 255 0 255 51 0 255 0 0 23 255 255 0 9 223 255
    255 254 0 0 0 255 255 255 0 0 0 0 255 255 255 0 41 0 255 0 220 0 255
    0 0 0 255 0 255 0 255 255 255 0 255 0 35 161 0 255 0 0 12 255 255 0
    255 76 0 0 250 255 255 0 55 101 0 0 255 255 255 255 255 0 53 185 0
    150 0 0 0 255 0 0 0 64 0 255 255 255 222 0 0 122 255 118 0 0 255 255
    255 255 0 255 255 255 0 255 0 0 255 0 255 255 255 255 0 0 0 0 153
    255 101 41 0 255 0 255 144 0 83 255 255 255 0 0 255 255 255 255 0 0
    255 255 0 0 218 255 255 0 255 76 255 0 255 255 5 255 0 0 255 108 0
    255 255 255 255 0 255 178 255 217 146 0 0 255 255 255 0 255 255 255
    0 255 0 0 15 0 47 156 211 0 255 0 255 0 255 255 0 0 0 255 255 0 255
    255 0 56 0 255 255 255 0 218 0 172 255 255 255 78 255 0 255 0 255 0
    255 0 205 0 199 0 255 0 0 0 0 0 255 0 0 0 255 255 255 0 0 0 0 0 255
    0 0 0 255 255 205 255 255 0 0 0 255 255 255 0 31 0 104 255 92 0 255
    255 104 0 149 255 0 255 243 255 255 255 31 0 55 0 0 0 255 0 255 0
    255 183 0 0 255 0 255 255 255 255 0 0 255 255 255 0 11 150 0 0 0 255
    0 255 0 0 0 255 20 255 0 0 0 255 0 0 0 0 255 166 255 255 202 187 255
    225 255 0 0 0 255 255 255 0 255 0 255 0 255 0 255 0 0 0 255 20 0 209
    255 255 0 0 0 0 0 0 255 255 0 83 0 0 255 255 0 0 255 255 56 255 255
    0 152 215 0 217 255 255 255 0 0 0 255 178 255 0 0 0 255 255 255 255
    255 7 104 0 0 255 0 0 253 0 53 0 255 255 0 62 0 83 169 255 0 255 0
    255 0 255 0 255 0 0 0 206 103 255 184 255 255 0 255 210 255 255 0
    176 0 255 255 255 0 255 159 255 0 255 0 255 69 255 255 255 0 0 0 0
    255 255 0 0 0 255 255 35 0 0 96 255 0 255 195 113 0 255 255 0 255
    248 255 0 68 0 255 0 69 0 253 255 71 0 255 255 0 109 255 255 0 255 0
    141 0 208 0 0 255 0 255 0 0 0 255 255 229 0 0 0 255 255 237 255 0
    255 0 255 154 255 255 0 0 0 255 255 255 0 0 0 0 255 0 255 255 0 0
    255 255 0 255 0 255 0 120 255 255 255 0 255 255 55 143 0 255 0 0 255
    0 255 255 255 255 19 0 0 4 49 255 54 0 0 0 255 255 62 48 255 0 212 0
    255 255 255 0 211 0 185 255 255 0 255 0 255 255 19 255 0 232 255 114
    255 0 0 255 0 0 255 0 255 0 87 0 0 0 80 255 60 77 255 0 241 255 255
    0 176 0 0 25 186 255 230 255 0 255 255 230 255 39 0 233 255 197 255
    255 255 0 0 0 0 0 255 255 0 0 255 255 134 0 0 0 255 255 0 0 255 255
    255 0 0 204 255 255 0 255 255 255 0 0 0 121 0 255 255 37 239 0 75
    105 255 0 0 0 0 67 0 255 222 0 0 255 255 0 106 0 255 255 88 0 255
    255 255 255 90 0 0 255 255 255 0 26 255 135 116 255 0 0 0 255 255
    255 0 0 0 255 255 255 162 255 183 0 0 0 0 36 255 255 255 0 255 24 0
    0 0 140 159 255 37 0 0 0 255 255 94 0 0 255 0 219 0 0 0 0 255 39 0
    58 0 255 0 54 255 255 255 0 0 0 0 255 0 255 0 148 0 161 255 255 0
    128 255 255 100 0 255 0 0 255 141 113 130 0 0 192 255 255 255 0 79
    255 0 0 0 0 95 255 0 255 255 255 255 69 255 84 0 255 125 0 0 159 255
    255 255 0 0 0 255 255 255 0 0 255 255 255 241 255 0 0 61 255 255 0 0
    255 0 255 255 183 0 255 255 189 0 255 22 255 255 0 251 0 22 0 255
    255 255 0 0 0 255 245 19 145 255 255 255 255 250 0 0 255 255 137 0 0
    0 255 246 213 255 255 0 255 0 255 67 0 255 0 0 255 111 153 0 19 203
    0 255 0 0 0 0 255 0 255 227 255 66 0 255 255 0 207 57 0 255 255 255
    220 255 0 0 0 255 255 255 255 0 255 109 0 255 49 20 0 0 255 255 0
    255 255 199 0 255 167 255 0 0 0 0 255 73 0 255 255 64 0 113 0 255
    255 255 255 0 255 0 61 183 255 255 2 255 0 255 0 69 255 255 0 255 0
    255 88 78 255 0 0 0 255 111 38 0 0 255 171 0 0 0 255 0 255 0 13 0 0
    0 255 0 255 0 255 0 0 255 0 0 255 240 0 255 255 255 0 255 186 245 0
    0 255 255 255 255 0 255 0 0 0 255 0 255 0 207 255 255 255 0 255 198
    255 0 252 255 0 255 57 0 110 0 0 0 0 105 255 255 0 108 255 0 0 0 255
    201 255 0 0 218 255 255 255 0 11 255 255 114 255 136 0 255 255 255
    175 34 0 0 255 0 0 243 255 255 0 0 255 192 46 0 0 255 255 0 0 255
    250 255 0 146 255 255 219 0 255 255 29 14 0 0 255 143 0 0 255 130 0
    255 0 255 255 255 0 0 243 255 190 255 0 0 0 0 255 0 255 0 255 0 255
    0 0 255 0 70 63 255 0 255 162 255 112 0 0 0 255 255 226 255 255 14
    255 0 255 0 255 0 255 133 0 255 255 0 0 255 255 0 0 0 255 183 255 0
    0 255 205 0 166 0 255 0 0 0 0 255 0 255 0 255 0 255 0 255 255 226 0
    255 74 74 0 255 255 32 0 0 113 80 234 0 0 255 255 255 0 0 255 255
    255 0 182 255 255 255 0 255 0 255 0 99 255 202 255 0 51 0 0 255 255
    81 68 144 0 252 0 255 255 78 225 109 0 163 255 255 0 0 255 255 255
    255 102 0 255 0 255 0 0 255 0 255 252 255 48 255 8 86 199 173 255
    255 255 255 0 255 47 0 0 0 255 171 255 0 0 0 255 255 255 255 0 0 0
    255 0 239 0 124 255 0 255 0 0 29 255 255 0 0 255 255 247 255 0 0 253
    0 255 0 255 255 255 197 255 0 255 3 140 0 255 255 255 0 255 0 255 0
    12 0 255 255 255 0 0 0 255 38 255 0 0 0 255 0 255 0 255 0 255 0 255
    255 255 255 255 0 0 255 255 255 0 0 0 255 255 255 0 0 34 189 255 0
    255 0 49 217 0 0 0 255 225 255 255 0 0 4 156 255 175 255 0 0 0 255
    54 255 161 153 255 0 0 255 211 0 255 250 255 255 0 0 0 89 0 0 255
    255 0 103 255 255 255 0 0 0 0 191 255 249 0 255 103 255 0 0 0 0 0 0
    116 58 137 255 0 0 255 0 158 255 0 0 255 255 255 0 10 255 255 255 0
    34 255 255 0 0 0 71 0 0 157 255 255 255 188 0 255 255 0 0 0 255 255
    255 0 0 59 0 0 255 0 255 0 255 0 0 0 0 255 194 13 0 255 0 255 0 255
    59 0 0 0 255 255 0 0 0 255 50 37 255 255 144 129 0 255 0 255 255 0 0
    255 130 255 0 0 140 0 0 255 255 255 0 0 0 27 255 0 0 0 0 255 255 255
    0 34 255 0 0 208 0 0 255 255 255 137 255 255 255 0 0 0 0 255 255 33
    227 255 0 223 0 255 0 255 0 0 0 255 0 78 255 255 255 0 0 0 255 0 0
    255 42 140 0 0 0 255 229 0 46 255 255 145 0 0 255 255 130 91 0 173 0
    0 255 255 74 168 0 66 0 86 255 255 255 0 0 255 206 255 0 190 0 0 255
    0 255 0 255 255 255 0 55 0 255 210 0 51 0 255 255 166 13 255 0 255 0
    255 255 255 255 255 0 0 0 0 0 255 76 255 192 0 213 0 255 56 255 11
    255 255 181 0 255 232 0 0 255 17 255 44 255 0 0 0 56 255 255 255 255
    0 66 0 0 255 255 0 0 0 255 255 255 255 161 0 255 255 255 0 0 255 255
    0 255 0 171 0 255 255 255 0 0 0 255 255 255 255 255 141 255 0 255 0
    255 0 0 0 0 255 0 255 0 0 0 255 255 255 0 255 189 255 54 255 0 255 0
    255 0 0 0 0 0 0 255 255 209 0 0 0 255 67 255 255 255 0 255 48 255
    255 0 255 255 0 0 0 255 255 0 255 116 0 0 0 164 255 228 0 255 0 255
    255 43 0 0 151 255 255 255 0 243 0 0 0 0 255 255 255 197 255 0 255 0
    0 255 255 255 255 17 0 0 110 255 117 255 0 123 0 0 255 0 0 0 255 255
    255 0 255 0 255 255 248 0 0 255 0 0 255 0 0 0 255 27 255 168 255 255
    0 66 0 255 255 0 255 255 255 0 255 255 26 255 8 255 0 10 0 255 255
    12 124 65 0 255 255 255 0 0 255 235 255 35 0 255 0 255 0 255 255 255
    0 0 199 255 255 0 0 237 131 255 255 146 255 204 255 0 0 0 255 255
    255 0 255 0 0 0 255 0 156 130 0 0 0 83 255 100 255 255 0 255 255 87
    0 0 0 255 255 255 0 153 0 255 255 0 0 0 255 0 255 255 255 0 0 36 255
    190 255 0 0 133 0 255 255 255 255 0 0 249 0 22 0 0 165 255 255 255
    255 255 0 0 0 255 255 0 128 36 255 102 255 0 0 0 255 0 0 0 255 0 0 0
    255 255 255 255 255 0 255 0 0 255 226 0 255 255 0 255 0 255 230 255
    75 255 0 0 74 0 0 199 0 255 255 255 99 0 0 255 187 0 101 0 255 0 21
    75 0 255 0 87 3 255 255 255 185 0 58 0 255 255 0 255 0 0 148 255 0
    255 0 0 0 255 0 255 216 255 0 255 0 255 255 255 255 0 179 0 255 174
    255 0 0 255 255 255 0 0 0 255 255 255 0 36 0 255 56 0 0 0 255 255 0
    255 255 255 255 255 255 0 255 255 255 255 255 0 255 0 255 0 0 58 255
    0 0 0 255 187 255 255 255 0 0 255 0 4 0 255 255 255 0 0 255 255 118
    0 0 0 0 255 255 255 255 255 0 255 0 213 255 255 255 0 166 101 0 255
    25 255 0 177 0 90 0 255 255 255 247 0 0 255 0 172 0 0 54 255 255 0 0
    255 255 140 0 255 255 255 255 0 165 98 26 0 255 255 255 59 255 0 134
    0 190 0 255 0 212 255 255 100 255 103 255 0 212 255 231 255 0 0 255
    255 255 0 0 255 0 0 20 153 255 255 0 255 0 204 0 58 255 0 255 133 0
    255 181 255 0 0 255 0 33 149 255 255 255 0 250 255 10 0 0 255 255 0
    0 0 255 255 255 255 0 255 68 0 0 179 255 255 0 0 0 255 255 255 0 255
    123 0 255 0 255 145 255 0 127 255 0 72 0 255 0 255 0 0 255 252 255 0
    255 255 161 255 0 255 208 0 255 0 255 183 0 255 255 118 0 163 168
    255 245 0 0 255 144 0 239 255 115 12 255 0 255 0 255 172 255 0 0 0
    13 255 70 0 249 0 0 255 255 255 255 97 255 0 162 0 255 0 30 0 202 0
    255 0 130 255 183 255 0 255 255 0 4 0 255 0 255 0 0 0 0 255 0 255 0
    0 0 255 255 189 0 0 0 0 0 107 4 48 0 255 255 0 255 255 0 0 255 244
    73 0 255 255 255 39 44 0 0 0 164 0 255 255 0 0 0 255 255 255 0 0 0 0
    255 105 255 0 188 255 0 184 0 0 255 255 255 0 0 0 255 196 255 0 86 0
    255 0 255 0 255 0 255 0 255 0 255 0 255 0 0 131 255 255 0 215 255 95
    177 185 0 213 255 157 0 255 191 255 0 255 182 255 94 195 0 255 0 255
    0 255 255 176 0 255 255 85 0 255 255 0 111 0 52 0 255 0 0 0 114 255
    255 255 255 0 255 56 255 124 255 0 0 0 0 0 0 0 99 255 255 0 255 0
    255 0 255 0 0 0 255 255 0 255 226 0 0 0 255 0 255 0 255 0 255 0 59 0
    255 255 230 0 0 0 255 0 109 0 255 0 0 110 0 0 255 0 255 38 25 255
    255 0 0 47 255 0 255 0 158 56 255 255 0 0 0 255 219 165 0 0 209 0 0
    255 255 255 129 6 0 255 0 255 0 255 243 0 107 0 255 0 0 255 0 197
    255 0 255 0 0 94 255 255 0 0 0 255 255 0 255 0 255 0 0 0 38 255 255
    0 0 0 193 255 255 255 255 0 0 255 0 255 121 0 0 0 255 255 62 255 0 0
    0 0 156 144 255 0 255 146 230 255 0 0 0 255 0 158 255 32 255 50 255
    202 255 0 0 0 255 0 246 0 255 44 0 255 156 0 0 115 252 255 255 255 0
    185 0 255 0 7 255 255 255 0 0 255 255 255 0 255 0 255 0 255 0 255 0
    255 0 255 0 255 0 0 52 0 0 143 0 255 30 0 255 255 0 238 255 0 255 0
    0 255 248 0 0 19 119 255 255 0 0 255 0 0 67 255 255 0 58 255 122 192
    0 255 255 0 1 235 104 255 0 58 0 99 251 255 0 90 0 0 255 255 255 0 0
    212 255 0 22 255 255 255 0 0 255 142 0 111 131 255 0 0 255 0 0 0 141
    255 72 255 0 0 0 0 255 255 255 255 0 0 0 0 255 0 255 188 0 159 0 255
    255 255 0 5 0 255 0 140 0 0 0 197 255 255 255 0 0 0 255 255 0 0 188
    255 15 255 0 255 0 255 100 150 36 255 0 255 0 0 0 255 0 0 0 255 0 19
    255 72 0 15 0 189 0 212 162 0 0 108 0 255 255 255 255 0 255 0 255
    255 255 23 0 0 0 0 81 162 255 255 255 0 217 0 0 0 218 250 255 254
    255 0 255 0 0 0 255 255 255 0 0 255 255 255 225 0 38 255 255 255 189
    131 0 255 0 255 0 0 0 255 255 255 94 177 0 0 78 255 157 0 0 255 0
    255 255 255 82 255 152 0 255 0 255 255 255 15 0 75 255 102 255 0 96
    255 255 255 255 255 228 0 0 0 255 41 255 0 0 0 0 255 255 255 255 198
    255 48 0 0 255 38 255 0 0 0 255 0 255 247 255 0 255 0 244 0 0 255 0
    0 210 255 48 247 255 0 0 255 189 0 0 255 255 211 255 210 0 255 0 0
    251 255 255 0 0 255 96 255 0 255 255 134 127 255 0 255 0 255 255 255
    255 1 255 147 78 0 255 0 255 187 255 0 0 37 255 0 255 255 255 0 73 0
    255 0 255 0 255 0 180 255 0 255 0 255 0 252 255 255 255 255 0 0 150
    124 255 0 255 0 130 0 0 255 0 255 0 0 0 255 255 198 255 214 255 227
    255 255 255 255 0 0 0 255 255 255 42 58 255 0 0 0 0 0 255 255 0 255
    0 0 255 0 255 255 255 0 0 0 255 255 78 0 138 255 255 255 0 163 0 0
    60 255 0 46 0 255 255 255 255 0 255 0 255 0 0 208 255 255 0 81 127
    255 255 255 34 0 0 0 255 124 0 255 86 255 255 33 0 78 0 0 0 119 255
    107 255 150 0 0 0 255 0 0 53 0 255 11 255 0 0 255 53 255 0 255 255 0
    255 0 188 19 255 0 0 0 255 183 255 255 149 0 194 75 0 0 255 255 0 0
    255 255 0 30 79 210 0 0 0 255 0 0 0 255 255 224 0 0 255 255 118 188
    255 0 0 255 255 255 0 0 255 138 255 0 0 0 0 0 255 255 146 222 0 255
    255 255 0 0 78 70 255 0 255 255 255 19 0 255 127 0 129 255 255 208
    127 0 0 0 255 255 255 0 55 243 255 255 0 0 255 0 255 122 255 82 183
    255 0 0 0 255 0 0 0 0 0 255 93 255 190 0 255 0 255 0 255 0 0 255 255
    0 0 149 0 255 5 0 160 184 255 0 0 102 213 255 0 255 149 255 0 192 0
    2 0 216 255 255 255 0 255 0 0 0 0 255 255 255 255 255 0 0 54 50 255
    42 255 0 0 255 109 255 255 255 0 255 255 240 255 0 110 0 95 255 105
    53 0 255 0 255 98 26 0 1 255 255 75 0 0 255 255 255 71 0 98 208 255
    0 0 255 131 0 66 255 255 0 0 0 228 255 0 0 225 255 0 0 0 255 255 255
    209 205 219 255 0 0 0 0 255 255 11 0 0 193 255 255 255 255 255 0 0 0
    255 116 255 0 40 0 255 61 0 255 171 255 197 0 0 43 0 255 255 0 255 0
    116 255 255 255 0 0 255 156 255 255 255 255 255 0 0 0 255 255 141 0
    255 0 255 255 0 0 0 255 0 255 148 255 0 0 0 255 17 255 0 0 0 0 255
    117 255 0 255 0 255 255 255 0 113 0 255 0 0 255 0 255 0 0 0 255 255
    255 0 0 0 0 255 156 255 0 0 0 0 0 106 255 255 255 255 255 255 0 101
    0 0 0 0 255 255 0 164 0 128 255 89 255 0 180 0 255 0 60 0 0 255 0 0
    255 255 255 234 0 38 162 255 149 255 0 255 160 255 255 255 0 0 0 50
    255 255 255 255 95 0 209 0 0 0 0 255 0 255 0 255 0 255 165 255 0 0 0
    255 242 0 0 97 0 0 0 0 255 255 255 62 255 0 107 56 255 197 126 0 249
    0 0 0 255 0 255 0 0 0 255 0 255 0 34 0 255 235 91 0 0 8 255 0 122
    255 255 255 0 0 159 0 255 255 78 0 0 0 255 255 255 255 0 255 0 0 255
    227 255 0 0 200 241 255 0 0 255 255 255 0 0 0 0 255 255 255 57 35 0
    0 0 0 255 255 255 0 0 255 187 22 255 255 226 0 255 255 255 205 255 0
    6 255 0 6 0 36 255 227 255 0 0 255 5 0 164 255 0 0 241 0 255 255 255
    255 255 255 255 0 255 0 68 0 255 0 255 0 255 245 255 255 255 255 0 0
    236 0 255 0 17 0 255 255 255 136 0 249 0 0 0 0 255 0 10 234 255 0
    255 0 255 0 255 0 255 0 71 0 0 255 74 0 0 86 0 89 44 0 255 255 255 0
    0 0 127 255 255 0 255 0 255 0 255 0 0 255 0 255 0 0 0 0 0 0 0 255
    255 255 0 0 0 255 0 160 50 255 0 255 0 0 10 255 0 255 255 255 0 255
    0 255 0 33 169 132 0 160 255 255 0 255 0 255 0 255 255 0 79 116 255
    255 255 32 0 11 255 255 102 255 0 255 0 255 231 59 255 0 0 0 255 255
    255 0 0 0 40 255 0 255 236 0 0 0 0 101 219 255 177 171 0 133 255 0
    143 0 180 255 0 0 255 0 255 0 255 255 0 255 255 0 22 0 255 0 0 0 62
    0 255 0 255 0 255 58 0 255 230 255 0 255 255 0 0 255 255 200 0 45
    242 220 255 0 255 83 0 255 0 255 166 255 255 0 255 0 255 254 229 0
    255 0 255 0 0 0 255 0 0 0 255 255 0 0 255 255 0 0 255 255 255 255
    184 0 0 0 255 0 255 0 0 226 150 0 0 255 255 255 0 0 255 255 255 109
    0 50 255 0 255 255 255 0 255 65 230 0 0 199 8 0 255 0 43 255 255 181
    0 255 255 255 153 0 255 255 255 0 0 255 255 255 0 0 255 255 0 0 235
    215 0 216 98 255 197 0 0 85 255 255 0 0 0 255 0 64 0 255 255 255 255
    255 255 0 0 233 255 0 255 0 255 255 203 0 0 255 255 0 66 0 255 23 0
    0 129 8 255 255 0 255 0 199 255 131 148 255 218 58 149 255 0 255 0
    255 0 255 0 255 255 0 0 255 225 255 0 255 92 255 255 255 255 0 0 255
    0 171 0 7 12 0 205 236 236 204 0 0 0 255 255 255 0 255 255 255 0 0 0
    255 0 255 0 255 0 255 118 255 0 255 0 255 255 0 255 250 0 0 255 255
    255 0 79 0 255 188 255 0 0 68 17 255 0 0 0 0 88 255 176 35 255 187 0
    0 255 28 0 0 0 0 255 255 255 0 0 0 255 255 181 0 0 67 255 255 33 125
    0 255 216 0 161 255 255 0 255 50 255 192 114 0 0 255 255 255 191 0
    82 175 123 0 0 0 0 0 255 0 0 0 0 255 255 255 216 255 0 27 0 234 0 0
    255 255 255 0 0 0 188 255 255 0 255 0 255 255 0 255 255 0 255 0 0 0
    255 170 0 255 255 255 255 255 0 255 0 255 144 255 0 0 0 255 255 118
    0 0 0 255 0 0 0 0 255 0 255 0 101 123 39 0 0 255 255 255 0 0 255 0
    123 181 255 0 0 255 255 255 0 255 0 255 255 149 0 0 255 0 0 255 255
    0 150 255 255 255 255 0 255 226 0 148 148 255 255 255 0 0 0 255 255
    0 0 255 255 255 0 255 255 255 255 0 0 61 198 255 0 253 0 16 0 0 255
    255 255 255 0 0 0 255 255 255 109 0 209 17 0 0 255 255 0 0 211 0 255
    82 255 0 0 0 255 0 255 0 255 0 255 0 0 190 255 255 0 67 0 255 243 0
    0 255 0 53 0 255 255 0 0 0 170 0 0 255 255 203 255 255 0 61 0 0 203
    255 0 255 0 0 0 0 0 255 255 255 0 255 0 255 0 255 255 255 0 0 255
    255 0 0 0 255 130 112 0 237 255 255 0 0 210 0 255 0 255 0 34 0 0 255
    255 255 0 0 255 255 0 0 158 0 0 117 255 255 0 0 54 255 255 0 0 255 0
    255 255 255 0 241 255 255 0 255 0 130 255 126 255 183 255 255 0 31
    255 255 168 255 255 0 0 157 0 178 0 255 0 255 160 255 255 0 114 0
    255 33 0 255 255 255 255 91 106 81 0 255 165 158 255 0 255 0 255 0
    255 255 110 219 255 0 219 0 188 0 255 0 255 7 255 0 95 255 255 255 0
    0 255 219 255 0 0 246 255 255 255 0 88 0 255 255 0 0 0 184 255 0 255
    0 0 255 0 243 0 255 18 255 255 255 0 0 57 255 255 255 0 254 0 255
    255 255 0 0 0 0 255 255 255 255 240 0 255 216 255 255 0 0 165 255
    176 255 255 255 0 255 255 0 0 0 255 255 0 0 255 90 56 255 0 0 0 255
    255 0 130 0 0 255 74 255 0 5 50 255 255 0 0 179 0 255 0 93 255 0 0 0
    0 0 90 39 0 128 179 255 0 221 0 160 255 255 255 0 0 255 255 255 0 0
    0 0 0 255 0 255 0 29 0 184 255 255 255 255 106 0 0 0 0 255 0 0 0 255
    255 0 115 255 0 6 0 255 161 255 0 0 255 255 67 255 0 255 255 255 0 0
    0 94 109 255 0 0 255 0 255 0 255 0 255 255 0 255 0 0 0 255 255 255 0
    0 255 255 0 244 255 241 255 218 255 0 255 0 0 255 111 0 0 54 1 255 0
    255 0 0 134 0 255 255 255 0 130 182 255 0 255 255 0 255 255 0 240 0
    255 255 54 255 255 255 2 0 0 0 255 255 0 153 0 255 111 0 255 255 255
    91 0 0 255 206 255 0 0 0 255 255 255 18 0 255 255 0 88 0 132 255 255
    255 0 0 0 255 255 255 255 0 0 0 255 255 255 255 0 0 255 255 255 0 0
    204 0 255 255 0 255 0 255 0 255 0 255 93 156 215 124 0 0 13 0 255 0
    16 0 0 67 255 17 255 19 0 161 255 255 0 255 0 255 222 0 0 0 255 0
    160 0 255 128 255 26 255 255 255 255 255 0 29 0 255 0 255 255 0 255
    255 255 255 0 0 0 0 255 255 74 255 0 0 0 255 255 255 0 0 255 255 255
    0 231 255 0 255 56 241 255 255 255 0 255 255 102 255 0 0 0 255 0 255
    0 0 255 255 255 77 255 255 255 39 0 121 255 75 181 0 0 255 0 255 0 0
    130 255 0 0 0 255 255 0 0 255 255 0 0 46 0 0 0 255 255 143 0 218 255
    255 0 0 0 255 255 255 255 0 255 255 0 255 85 255 0 255 255 0 0 255
    255 255 0 189 255 255 0 255 0 255 118 255 0 0 255 255 255 0 255 255
    255 255 61 0 0 255 255 0 118 229 255 0 0 0 255 255 255 255 115 0 174
    255 66 0 105 39 236 255 255 255 255 0 83 0 245 0 255 255 0 0 0 255
    255 255 0 255 0 0 255 255 95 255 0 0 93 255 0 0 0 192 255 255 255
    255 0 255 0 127 138 255 0 37 160 255 255 255 255 255 0 255 0 255 0
    85 0 0 255 0 253 0 133 255 0 0 0 192 255 166 255 0 0 255 0 255 255 0
    86 255 255 0 0 0 255 0 255 60 0 0 0 24 255 0 255 0 255 255 255 0 255
    0 255 0 255 0 255 0 255 0 0 0 111 255 255 165 0 255 255 203 255 76
    255 0 255 0 130 255 0 180 176 0 0 0 255 255 255 0 0 255 0 0 255 255
    255 0 255 0 2 255 210 255 0 0 87 255 0 204 255 255 255 0 255 255 255
    0 219 255 0 255 255 255 0 0 89 39 208 0 24 219 0 122 0 255 221 41
    255 0 217 0 197 0 0 0 255 0 46 0 255 255 255 255 0 175 0 0 252 0 0 0
    255 255 0 0 0 190 255 15 0 0 0 20 0 255 255 255 0 0 255 211 207 255
    0 255 178 0 0 0 190 255 0 189 0 255 255 255 0 255 0 0 133 255 0 0
    255 255 255 0 255 162 0 255 255 255 0 0 0 0 143 255 108 255 0 0 0
    225 0 164 255 163 255 255 0 0 204 255 255 0 0 0 255 0 0 0 255 65 202
    0 149 255 255 199 97 255 219 0 155 88 0 0 0 0 0 0 255 255 255 255 0
    0 0 0 255 255 255 50 255 255 0 9 0 0 255 63 0 255 210 255 57 255 255
    92 27 0 0 255 255 255 122 255 255 136 255 0 0 255 255 255 0 0 0 255
    255 255 45 0 0 0 0 0 0 255 255 0 0 0 255 0 37 255 255 255 0 0 21 255
    255 0 238 255 255 255 0 0 149 255 180 0 255 0 253 0 0 0 0 238 255
    255 0 0 0 123 255 255 255 255 0 255 0 255 255 255 255 255 74 241 0
    255 0 0 124 0 255 40 255 255 255 14 255 0 125 255 255 0 0 0 255 17
    119 0 0 255 0 29 0 255 255 255 255 255 255 0 0 255 255 0 0 0 0 95 50
    0 0 255 255 255 255 0 0 0 233 255 0 178 0 255 255 0 0 0 255 255 0 0
    0 97 255 255 255 255 0 255 255 159 0 0 0 255 255 255 255 0 255 0 0 0
    255 255 0 0 255 255 52 0 0 0 255 255 255 255 0 0 255 255 0 0 0 255
    45 0 255 0 0 50 0 255 250 198 0 105 0 255 0 114 0 255 52 255 0 255
    198 0 0 63 197 255 255 0 85 65 255 255 0 0 255 0 0 0 255 41 255 0
    255 0 110 255 255 255 220 0 255 255 255 0 0 0 255 0 255 0 38 0 92 0
    255 255 255 0 0 255 0 0 0 0 255 0 255 0 0 0 255 0 255 255 0 255 255
    37 0 10 0 255 255 255 0 0 0 255 255 255 0 0 201 255 139 0 0 0 255
    255 80 253 71 255 255 255 0 0 255 0 0 0 255 136 255 255 255 0 0 249
    255 246 255 200 0 174 255 255 255 255 255 0 0 0 0 0 255 255 255 217
    188 0 0 0 224 0 255 0 31 0 0 204 255 255 102 11 1 0 21 0 255 0 255
    255 255 255 0 255 0 0 0 220 255 255 0 103 0 255 255 255 255 19 0 255
    0 255 0 255 0 0 0 0 0 255 255 41 89 225 255 0 255 0 255 0 0 0 0 0
    255 255 255 0 83 0 255 255 255 0 0 255 0 0 255 0 0 152 255 255 255
    255 214 0 0 95 255 1 255 0 0 0 0 227 0 255 0 255 0 255 255 255 255
    255 84 135 255 0 0 255 0 255 255 255 0 0 0 27 255 0 255 0 183 0 255
    255 0 0 0 255 0 100 135 255 0 0 0 255 255 255 255 0 255 0 255 0 255
    255 0 255 0 255 240 255 0 255 0 255 255 255 0 255 75 254 0 255 0 255
    0 0 0 144 168 255 255 255 64 176 0 95 255 255 0 0 137 0 255 186 0
    255 0 234 0 43 255 0 255 255 255 0 0 136 255 255 0 0 0 255 227 0 255
    255 0 0 0 0 0 0 255 255 255 0 255 0 255 0 255 255 205 255 0 255 100
    0 0 0 255 0 255 0 0 0 255 255 255 0 122 255 255 61 70 255 255 52 0 0
    255 255 255 0 65 0 255 0 0 255 255 255 0 255 0 255 239 0 0 255 255
    255 0 85 124 255 255 255 255 185 0 255 0 0 255 255 255 0 165 255 255
    0 0 121 255 0 4 245 0 255 179 0 255 53 239 0 255 0 255 255 0 0 0 255
    255 255 139 83 0 0 255 0 0 255 54 255 0 255 255 255 255 0 0 255 255
    0 0 121 255 91 0 255 0 255 0 0 255 255 78 0 0 0 225 255 13 0 255 255
    255 0 222 0 255 0 255 0 128 0 255 255 255 0 255 255 255 249 255 255
    0 0 0 0 63 255 255 255 0 25 0 0 0 255 255 255 158 0 0 0 0 0 255 255
    0 255 0 255 255 0 0 255 0 4 255 255 0 255 0 255 0 0 255 98 255 10
    255 255 0 131 66 0 58 255 255 255 0 69 0 255 48 122 70 255 255 226
    248 0 0 177 255 255 0 255 0 255 255 255 107 0 255 0 112 0 116 0 0
    172 255 255 255 0 0 0 255 255 0 0 0 206 255 208 255 0 0 255 255 255
    0 255 0 68 0 0 255 68 0 0 164 65 255 0 255 23 188 255 255 0 0 0 229
    255 222 255 0 105 255 0 0 255 0 0 0 255 0 0 205 255 255 0 0 255 255
    0 255 175 0 0 0 9 85 93 255 0 255 255 0 0 0 255 255 0 255 255 255 0
    0 0 255 255 255 255 224 0 0 255 255 0 0 0 255 189 255 0 198 255 255
    255 255 255 255 0 0 0 114 255 117 255 0 255 86 0 255 154 0 0 255 154
    6 0 255 0 0 0 83 255 255 255 0 255 0 7 255 255 226 255 0 255 255 0
    255 0 255 255 248 0 0 255 0 193 136 167 255 255 255 0 0 0 255 255
    255 0 255 255 0 10 146 0 0 218 211 0 255 51 0 99 0 0 171 255 255 251
    0 0 0 255 0 0 159 0 255 0 255 79 0 255 34 255 48 142 0 255 210 255 0
    149 0 255 0 0 255 0 0 0 255 0 255 212 255 0 106 255 134 255 255 0 0
    255 255 14 255 255 255 255 25 89 255 255 0 245 255 255 255 0 0 255
    255 0 0 0 0 0 255 255 255 0 255 3 179 255 255 220 0 0 0 160 255 255
    255 255 116 0 0 48 0 255 255 255 255 255 0 0 0 255 255 255 255 0 0 0
    255 0 0 255 0 24 0 255 0 255 0 0 0 48 113 63 9 255 119 0 145 255 236
    0 255 197 0 0 0 0 0 0 255 255 255 255 255 52 255 0 0 0 0 255 0 255 0
    0 255 0 255 255 255 255 0 0 255 255 175 255 0 98 0 31 255 0 255 255
    255 0 255 0 0 0 255 255 0 0 255 255 255 0 197 149 0 255 255 255 255
    0 255 0 255 234 255 0 0 0 255 255 0 125 27 0 255 255 0 0 45 255 255
    255 196 0 255 255 255 70 0 0 233 255 255 0 255 0 255 0 255 255 0 255
    87 255 0 255 0 255 0 0 255 0 255 0 255 255 120 0 255 255 255 87 0 0
    255 175 72 255 45 0 0 0 32 255 255 0 255 0 255 5 255 255 130 210 0
    141 0 255 255 147 0 0 122 0 0 0 4 0 255 255 0 0 177 255 255 141 56
    255 10 237 255 0 255 0 106 0 255 65 0 189 0 255 0 0 0 255 0 0 0 255
    127 255 255 0 0 16 255 255 255 216 0 0 255 255 37 75 0 0 0 255 183 0
    255 0 0 0 255 255 255 43 153 0 255 255 255 130 0 255 255 0 0 0 47
    255 83 255 66 255 255 255 9 0 0 0 255 0 17 0 0 187 255 255 39 255
    255 255 0 0 255 255 145 0 0 27 0 0 0 255 255 0 52 0 0 255 255 0 0 50
    0 0 255 177 255 0 255 61 255 0 0 0 255 255 255 0 255 0 92 202 255 0
    0 0 61 255 0 255 0 255 155 255 255 70 255 0 188 232 0 255 157 255
    255 0 0 0 191 0 0 255 0 255 0 255 255 255 0 0 255 0 255 0 255 0 255
    217 0 0 189 255 255 255 0 182 255 0 0 135 0 255 255 0 91 255 92 255
    0 43 255 255 255 255 0 255 0 205 0 112 0 13 255 0 205 255 0 255 183
    44 255 0 0 255 0 255 0 255 255 138 0 0 220 255 255 255 0 0 255 170
    255 255 255 255 0 240 0 0 179 255 255 252 179 0 252 231 255 0 0 0 0
    232 0 0 255 140 255 17 255 0 211 255 255 255 255 255 0 255 0 255 0
    120 0 255 255 255 222 0 0 0 255 0 0 255 255 255 89 255 242 255 0 0 0
    255 255 255 0 0 0 0 255 255 255 102 0 113 155 0 6 228 255 130 255 82
    0 175 255 255 255 44 255 0 0 255 255 255 0 255 242 255 255 255 0 0 0
    255 0 0 255 255 0 0 0 152 0 0 86 0 0 146 255 252 0 0 159 255 255 213
    20 33 0 34 0 255 180 0 0 78 255 0 0 0 255 255 255 0 227 0 255 0 175
    255 255 255 0 255 255 255 0 255 255 0 255 0 255 0 15 255 0 0 136 255
    255 255 106 0 0 0 255 54 0 0 255 255 0 239 86 0 0 0 43 0 255 48 0 0
    0 255 255 255 255 0 0 181 255 255 255 150 0 255 255 0 0 0 101 255
    255 255 0 0 0 208 255 255 0 255 255 255 42 0 0 255 0 0 231 255 255 0
    0 0 0 54 255 255 0 122 95 0 0 0 255 73 255 255 255 0 255 144 0 0 255
    255 0 0 240 0 255 255 255 0 0 255 255 255 13 27 0 0 0 53 80 0 255 0
    255 255 255 255 5 255 184 255 88 255 72 0 0 255 0 255 255 255 255 0
    255 0 255 0 0 0 255 255 255 255 0 0 255 0 0 0 255 26 255 255 150 0 0
    0 0 255 0 255 0 145 0 255 255 255 255 128 255 212 255 0 237 160 255
    255 240 0 0 0 255 255 255 255 0 0 0 255 255 255 163 255 174 255 8 0
    0 0 255 255 0 255 255 255 255 0 255 255 249 255 124 0 32 0 255 0 255
    0 102 197 255 206 255 255 255 255 0 255 0 255 0 255 0 0 255 255 255
    255 0 0 0 0 255 255 255 0 76 0 0 255 255 158 0 0 0 255 255 255 0 255
    254 160 0 0 203 255 255 255 0 0 0 0 255 255 161 0 0 255 255 255 0
    194 91 0 255 68 0 0 0 255 103 84 0 0 255 255 156 0 0 255 0 255 214
    255 172 58 139 234 0 239 0 0 0 255 255 0 155 118 0 255 0 0 255 79 56
    255 246 0 0 255 0 255 211 255 0 21 40 255 171 255 103 0 0 0 255 255
    255 255 0 26 0 116 0 165 37 255 0 0 0 0 0 255 97 255 0 0 255 255 255
    0 255 0 255 0 255 255 255 255 0 0 0 0 0 0 255 225 0 49 255 255 0 0
    255 23 255 0 255 0 255 0 0 147 255 255 255 255 0 0 255 0 147 0 0 0
    255 0 0 0 255 109 255 0 255 0 255 255 0 175 0 60 255 255 52 0 0 0
    255 83 255 255 0 0 0 0 0 0 255 255 255 0 0 15 0 189 255 93 0 0 0 255
    255 255 0 255 167 0 0 152 190 7 0 0 0 12 143 255 255 31 0 255 0 255
    255 255 0 255 0 0 0 255 255 255 0 0 255 0 255 0 191 0 0 0 0 0 255
    255 255 0 0 242 255 0 255 0 187 113 255 255 255 0 255 0 0 0 255 255
    0 168 255 255 0 186 255 0 255 14 255 0 255 0 129 0 10 255 105 0 255
    0 0 255 255 0 0 0 255 0 0 68 255 0 0 0 255 0 255 7 255 125 0 0 0 139
    255 0 255 0 0 85 255 0 131 0 106 170 255 255 0 89 0 0 0 255 255 0 43
    255 164 182 0 0 255 255 26 4 0 98 0 255 0 0 0 255 0 67 0 255 255 255
    255 255 249 0 0 255 189 255 255 0 0 0 0 0 255 0 255 0 15 0 0 0 0 255
    101 255 0 0 191 0 255 0 255 0 0 181 0 255 255 255 255 40 0 0 255 255
    255 255 0 0 255 0 255 255 255 255 61 35 0 0 255 9 255 255 0 78 0 199
    0 255 255 255 0 229 0 255 0 0 0 255 0 0 255 255 255 0 221 0 255 255
    0 40 0 255 0 255 95 255 0 255 0 255 0 111 218 255 255 0 0 255 255
    255 0 255 0 0 0 255 0 16 0 0 255 255 255 0 255 0 255 255 30 0 0 0
    255 242 206 0 255 0 255 95 255 199 255 0 255 0 255 178 255 255 255
    225 255 0 0 0 255 255 0 0 111 0 0 0 0 255 0 210 0 57 0 255 0 255 0 0
    0 255 163 0 255 0 211 0 0 0 0 45 221 255 255 255 255 71 255 0 255
    255 0 0 0 255 0 255 0 255 0 0 255 255 255 0 103 0 255 0 255 200 0
    255 0 255 0 255 255 255 0 0 0 92 255 0 0 0 142 255 255 109 255 255 0
    255 102 0 0 255 255 0 0 255 0 49 0 20 198 255 65 0 0 255 255 194 0 0
    0 98 28 255 255 0 0 255 0 255 0 9 0 0 255 255 255 0 0 230 0 255 0
    255 255 0 0 0 75 0 255 255 0 255 0 128 255 0 255 0 255 0 142 255 249
    0 0 0 0 69 0 56 255 65 0 125 255 0 0 47 255 111 0 255 255 255 128 0
    0 255 0 40 0 0 255 255 255 0 0 183 140 255 0 0 255 0 255 0 255 0 255
    0 255 69 255 237 0 0 255 255 255 0 0 255 0 255 0 255 244 0 0 0 255 0
    255 0 255 255 0 158 0 29 255 0 255 90 255 255 0 0 255 112 255 0 0
    255 255 255 62 0 0 0 255 255 255 0 0 255 18 255 220 0 255 0 255 255
    255 0 0 0 0 79 210 255 0 0 0 142 0 198 0 255 255 0 255 0 252 255 255
    0 0 0 105 0 132 0 0 252 0 255 255 245 0 0 255 255 255 0 0 239 23 0
    209 0 255 255 0 255 0 255 0 255 0 0 255 255 0 0 88 0 255 42 36 76 0
    255 0 255 0 255 255 255 0 0 159 234 255 0 0 0 0 255 0 0 255 54 255 0
    195 255 0 0 213 255 29 0 255 14 0 122 0 46 255 255 0 0 0 255 111 37
    255 255 0 255 82 255 0 72 0 255 255 255 0 255 255 246 0 255 255 21 0
    77 0 255 255 255 0 0 255 255 36 0 0 0 255 0 0 0 255 160 255 0 0 255
    0 56 199 255 255 224 117 0 0 0 0 0 255 255 255 0 0 0 0 255 143 255
    255 0 0 255 255 255 41 145 0 0 0 255 255 255 255 0 0 158 0 178 255
    255 255 0 101 255 255 255 90 255 0 0 255 0 227 255 255 0 255 0 255
    255 255 255 0 0 0 255 103 192 0 0 255 255 255 255 0 0 78 87 142 0
    235 255 94 0 255 255 255 182 255 255 0 0 255 255 255 0 0 0 136 215
    31 255 0 255 0 255 209 255 9 0 255 0 0 13 255 255 255 0 109 0 178
    255 144 255 0 255 255 255 0 52 218 0 255 0 255 0 255 0 255 255 0 255
    0 0 0 255 255 150 255 0 0 0 255 0 0 88 255 53 255 79 255 0 0 0 255
    255 255 0 255 255 42 92 0 255 31 0 0 0 255 255 241 0 78 255 0 0 0 0
    106 255 255 0 0 0 255 0 255 0 140 0 16 255 255 255 255 139 109 0 255
    0 0 255 255 25 73 72 0 255 255 0 255 0 0 0 219 255 255 0 0 0 255 0
    147 255 255 250 255 255 0 255 0 0 255 0 0 0 0 0 255 0 255 0 0 255 0
    255 255 129 113 127 255 0 0 0 255 255 255 255 0 255 0 255 0 255 0 0
    0 255 255 0 250 204 0 0 255 255 69 249 255 255 0 0 82 80 255 85 34 0
    54 255 255 255 255 255 65 64 0 0 255 255 255 0 0 0 0 70 255 255 0
    255 0 0 0 255 255 255 0 0 0 255 21 0 255 145 0 0 0 0 255 58 255 0
    255 0 0 255 0 178 0 255 0 255 63 255 0 255 0 255 255 129 255 255 255
    0 0 0 255 0 38 255 255 255 255 0 255 0 251 229 0 0 0 255 0 0 255 162
    49 0 0 133 0 100 255 255 82 98 0 0 209 0 255 0 255 254 255 0 255 0
    48 0 0 0 255 255 255 255 0 255 255 174 0 255 107 99 0 0 255 96 0 138
    255 255 0 0 255 255 255 0 138 255 130 255 218 255 0 255 0 0 255 192
    94 0 255 255 255 255 255 0 0 0 255 255 255 0 255 0 255 8 0 0 225 22
    123 217 255 255 255 255 255 255 0 0 255 0 255 0 255 255 255 255 0 0
    255 255 0 255 255 255 255 62 155 0 255 0 255 189 255 255 255 0 0 0
    255 177 229 177 255 255 82 0 255 255 255 255 0 255 0 255 0 255 0 255
    226 255 0 255 0 255 0 255 0 0 79 195 0 255 255 255 0 0 255 255 255 0
    0 0 255 0 0 255 255 255 0 58 0 255 0 255 255 0 0 0 0 41 255 0 0 0
    190 70 0 255 255 255 255 224 255 0 0 0 255 255 255 206 99 255 255
    255 255 0 248 255 255 0 199 255 255 0 130 151 255 0 255 0 0 0 0 119
    255 255 255 0 9 0 255 0 143 255 255 255 0 255 255 255 111 0 255 255
    124 87 0 255 96 0 0 0 255 255 4 255 62 255 30 0 0 255 0 0 0 255 149
    255 224 35 0 255 112 118 255 255 255 215 0 0 255 255 0 243 106 255 0
    255 255 255 0 215 255 255 255 255 255 0 255 255 255 255 0 8 0 34 168
    255 255 0 255 0 0 0 255 173 255 0 0 0 0 0 255 0 255 60 255 117 0 255
    0 255 255 255 139 0 0 255 255 255 0 0 255 255 0 255 0 0 0 30 255 0
    223 255 97 255 0 182 197 255 255 255 255 0 159 49 255 255 255 0 255
    0 255 255 0 255 42 255 255 255 0 255 4 255 0 153 255 255 6 255 116
    195 0 0 214 22 255 255 70 47 225 203 0 0 65 11 0 255 0 112 0 255 0
    255 35 255 180 16 0 0 219 255 255 255 0 255 255 0 59 255 125 255 0
    255 234 255 0 255 255 255 0 255 0 255 48 0 0 0 93 255 0 0 255 255
    217 0 255 0 0 255 255 255 0 169 0 255 0 0 0 255 255 0 0 0 255 0 255
    0 255 60 0 0 0 0 39 255 255 255 0 255 163 255 174 198 193 2 0 0 255
    0 255 0 0 0 255 255 144 255 0 87 0 255 0 0 255 0 255 255 255 57 0 0
    0 255 0 255 0 0 0 255 255 255 0 232 0 255 0 255 0 0 0 255 255 222 32
    0 255 255 223 255 0 246 0 255 0 255 255 0 255 0 255 255 0 154 20 255
    0 247 0 255 0 255 0 0 54 241 0 0 0 255 255 241 0 255 255 187 0 0 255
    63 255 0 255 243 0 255 116 201 9 0 255 0 113 0 0 255 24 59 29 37 47
    255 255 255 0 255 0 255 0 255 147 255 255 255 0 0 255 0 0 255 255 91
    0 0 255 255 71 255 255 255 255 0 0 255 163 255 255 0 255 0 255 0 255
    255 40 0 0 255 255 0 0 0 0 0 255 255 109 255 253 1 255 0 255 255 255
    255 0 0 0 0 255 65 255 153 0 255 255 255 42 255 0 67 4 255 255 0 0
    255 0 134 0 255 255 255 2 255 0 255 0 255 0 255 0 255 255 255 0 213
    255 255 0 255 206 0 129 73 255 255 255 255 0 252 255 0 46 0 255 64
    255 77 0 255 129 141 205 0 0 0 0 255 179 255 0 255 0 255 0 135 0 0
    255 0 212 0 255 0 0 0 59 255 255 255 0 0 0 255 178 255 13 255 0 185
    255 255 255 0 0 255 0 0 255 137 0 0 255 60 182 0 0 16 0 255 255 222
    0 173 255 255 0 255 0 255 0 255 255 0 255 255 255 208 255 0 255 255
    255 255 0 0 0 0 0 0 200 255 224 170 145 0 0 0 0 255 255 91 255 255
    255 0 255 206 123 255 112 0 202 255 213 242 0 119 255 255 0 0 0 247
    255 255 255 255 0 30 0 255 255 0 0 0 212 255 96 255 33 255 0 0 0 183
    255 240 0 0 0 142 0 255 255 255 0 0 255 130 185 0 0 0 0 0 255 0 255
    255 255 255 255 0 0 0 255 36 96 147 255 0 0 0 0 255 0 255 0 0 255
    255 160 0 24 3 255 255 255 194 0 255 0 6 232 255 0 0 65 255 255 255
    0 109 0 255 240 255 255 255 0 255 0 0 0 255 255 255 255 0 0 0 0 255
    255 255 0 0 179 0 0 255 255 255 0 0 255 255 255 255 255 255 0 255 0
    255 0 0 0 201 0 255 255 0 0 158 255 255 0 0 180 0 0 229 255 255 255
    0 255 255 255 0 255 188 0 255 0 255 144 255 255 255 0 0 0 255 0 255
    255 255 255 0 0 0 255 0 220 0 255 145 0 0 212 255 0 255 255 255 0 0
    138 0 255 0 98 0 255 255 0 255 0 255 0 255 0 0 255 22 255 255 0 255
    0 0 255 255 255 0 181 92 255 255 0 0 255 0 255 255 111 0 255 255 87
    0 0 26 255 255 15 0 0 0 255 255 255 0 255 0 255 0 0 255 255 255 0
    228 0 0 156 0 255 255 179 2 0 255 0 23 0 255 0 255 255 255 187 0 255
    0 0 255 0 255 0 57 0 255 0 0 255 255 0 0 0 0 255 255 255 0 0 0 244
    255 47 0 0 155 255 255 255 240 63 250 162 255 255 255 0 0 0 0 0 0
    255 255 0 93 255 255 255 0 0 0 255 178 255 0 199 0 255 255 255 182
    42 253 246 0 0 255 255 0 0 0 255 255 0 0 0 0 107 0 112 0 255 255 255
    255 0 255 0 255 0 255 255 255 0 0 0 0 255 255 255 0 0 0 0 0 0 255
    219 255 255 255 0 255 0 255 0 255 0 0 246 252 0 255 0 255 255 255 5
    255 0 231 0 255 0 255 0 255 255 191 255 110 108 255 99 255 0 215 255
    0 0 79 255 247 244 0 255 255 0 0 0 255 0 0 0 0 92 255 255 255 33 0 0
    255 35 0 0 0 255 3 255 255 31 0 0 162 255 140 0 255 66 255 255 87
    255 63 0 0 0 255 0 255 0 255 148 248 0 0 224 188 255 0 255 255 255
    255 0 30 0 0 255 255 255 0 0 255 255 110 255 0 0 0 255 0 0 0 255 91
    5 50 255 255 255 255 227 255 0 0 255 117 0 0 255 0 255 0 163 0 255 0
    38 0 162 0 255 255 0 255 0 19 250 255 0 185 0 255 0 255 131 255 255
    255 0 0 0 0 0 255 255 97 212 0 81 0 255 86 39 0 255 33 255 0 255 0
    255 0 255 0 255 0 255 0 57 0 255 255 255 255 0 0 0 0 0 0 126 0 25
    215 0 255 0 0 20 0 255 255 255 0 37 0 93 255 255 0 0 211 255 255 255
    255 130 255 255 0 0 7 0 0 0 255 0 159 255 0 255 241 0 0 0 186 0 255
    255 68 0 255 255 255 0 18 0 0 255 255 255 0 12 0 225 255 47 142 255
    0 38 0 255 115 32 255 0 255 84 255 255 255 0 0 106 0 255 0 255 86
    255 255 255 255 0 0 0 0 0 255 255 0 193 0 255 0 26 255 0 0 255 43 0
    255 255 46 0 255 255 0 85 100 0 255 102 255 196 255 0 29 0 15 255
    255 199 0 0 0 0 136 255 255 0 0 255 255 255 255 0 255 225 255 75 58
    255 255 0 196 146 255 223 0 255 89 255 18 174 255 255 255 255 0 255
    0 255 0 0 255 255 255 0 24 255 0 31 255 255 0 0 0 255 255 0 186 255
    255 185 255 0 11 0 252 255 0 110 0 0 255 255 255 0 0 255 63 0 46 255
    255 130 0 186 0 106 255 222 0 0 68 0 255 219 0 0 255 121 247 255 255
    255 0 255 255 255 255 0 0 0 61 255 84 170 114 0 0 255 255 255 0 255
    81 255 0 172 255 255 0 87 255 255 255 0 108 0 255 133 0 200 0 255
    233 255 249 0 0 0 0 255 255 255 0 255 255 255 0 134 255 2 255 0 255
    0 255 0 255 0 253 0 130 0 255 0 255 0 0 0 255 0 0 255 255 255 220 0
    169 0 0 255 255 255 0 0 0 0 255 255 61 25 0 0 255 255 255 255 255
    255 163 76 0 111 255 0 255 255 255 0 255 255 0 0 0 255 0 0 0 255 0
    255 255 255 0 0 0 255 145 255 0 255 0 57 0 81 255 0 191 0 212 255
    255 0 74 255 0 255 0 255 255 0 70 255 140 0 10 255 255 255 255 255
    255 0 37 0 0 0 255 5 255 0 255 255 0 0 194 0 0 79 255 255 0 0 255
    255 255 234 0 255 163 255 17 0 0 255 0 251 0 74 0 255 255 255 0 255
    255 0 0 255 255 0 9 0 0 0 0 255 255 67 0 0 196 255 0 255 0 255 123
    104 0 255 255 32 0 255 0 0 44 78 255 209 255 255 82 201 0 255 0 255
    0 36 0 255 255 255 255 0 0 0 0 255 255 0 0 0 255 0 255 0 238 202 255
    0 255 255 255 55 255 38 34 0 35 0 255 0 0 0 255 255 255 0 255 0 255
    255 255 0 16 0 255 0 255 0 255 255 255 0 255 0 255 0 0 0 255 255 0 0
    41 0 255 255 255 135 255 71 241 0 255 255 255 0 76 0 0 0 255 0 0 0
    255 255 0 0 0 0 0 0 255 255 255 255 0 0 0 0 240 255 133 0 255 255
    255 0 87 201 0 93 255 0 255 0 0 255 0 255 0 255 110 255 0 255 199
    255 0 0 255 245 225 255 171 255 255 0 17 255 98 255 0 255 0 255 181
    255 255 255 206 255 27 255 0 255 0 0 0 255 0 255 255 255 0 255 255
    255 0 0 255 0 0 255 255 255 255 255 255 0 0 162 255 255 0 0 0 35 0
    255 82 0 0 0 255 255 117 255 236 255 255 255 0 0 0 186 255 75 255 80
    0 255 0 0 0 255 255 255 0 255 255 102 39 0 0 0 199 255 0 0 0 0 255 0
    255 41 255 255 223 119 255 0 41 0 255 210 255 0 0 0 0 255 203 255 46
    255 0 255 0 255 0 140 255 255 255 169 0 0 81 255 255 255 0 0 0 255 0
    255 0 0 0 0 37 255 0 42 254 0 0 0 255 255 171 56 0 0 0 255 255 0 255
    255 255 82 0 0 255 124 255 255 0 255 255 255 123 0 83 0 255 0 96 0
    255 255 255 0 0 0 128 0 255 0 255 0 255 0 255 0 69 255 225 255 26
    205 0 255 0 0 255 0 0 0 255 255 255 0 0 0 0 255 255 255 0 0 57 255
    255 0 0 132 255 255 0 201 0 255 0 29 225 156 0 0 255 255 255 191 255
    0 0 255 0 255 0 33 0 5 255 0 231 0 255 0 255 0 166 0 255 14 177 145
    255 255 0 0 255 255 255 0 0 0 0 0 0 255 0 255 255 143 0 0 255 112 0
    0 0 255 0 0 255 255 183 255 50 0 255 255 0 89 0 0 208 255 255 0 0
    235 217 255 255 0 0 0 255 0 255 255 255 0 0 2 255 255 255 255 0 0
    255 255 236 14 255 0 0 0 255 255 255 0 140 249 255 0 0 255 0 255 0
    255 255 255 0 0 255 0 0 244 255 0 255 0 113 255 255 144 0 255 255
    255 0 255 255 255 0 255 0 255 0 255 0 255 0 255 229 255 255 0 0 255
    0 255 0 112 0 0 255 0 0 0 74 0 255 255 255 0 0 0 255 0 0 233 0 255
    255 255 34 255 0 255 0 255 0 182 0 161 0 255 255 255 0 25 250 0 0
    255 0 0 255 255 120 0 0 255 255 0 0 104 255 255 67 245 255 72 255
    255 0 0 0 0 255 0 201 0 0 0 255 255 0 0 0 0 0 255 201 255 255 255
    255 255 255 0 0 0 0 0 0 255 255 0 255 0 162 0 178 141 255 255 0 255
    0 255 255 255 0 0 88 255 255 109 255 0 0 255 0 255 65 255 0 0 0 255
    255 0 0 0 255 255 0 255 0 255 47 0 0 189 0 255 0 255 0 255 0 0 0 0
    55 255 255 9 255 0 0 0 255 255 255 0 255 0 0 0 255 255 233 0 255 255
    255 0 255 0 255 0 255 0 133 222 80 0 0 255 0 0 0 255 0 197 0 244 255
    255 173 255 255 0 255 0 255 250 0 255 95 240 255 188 255 255 255 0 0
    0 255 255 255 255 0 141 0 255 255 0 53 107 255 41 255 0 58 0 173 0
    255 0 2 0 0 255 0 255 255 255 0 0 0 255 0 0 0 255 255 255 169 0 255
    255 0 223 0 255 0 0 157 255 255 68 0 255 0 255 237 255 16 0 255 255
    255 255 0 255 0 255 0 255 183 204 0 255 255 0 255 0 0 255 255 255 0
    0 255 131 255 255 195 0 76 0 0 255 255 255 255 0 255 0 255 0 255 0
    224 0 222 0 255 180 0 129 26 255 50 0 255 255 255 255 255 255 0 0
    255 0 252 194 0 174 22 0 0 149 255 0 99 255 255 33 0 0 0 255 0 0 0
    255 0 118 255 0 0 0 47 0 31 233 140 0 0 255 255 255 255 255 0 63 0 0
    255 0 249 0 255 0 0 255 255 0 0 255 3 255 0 255 255 255 81 0 255 255
    43 255 26 255 173 255 0 255 0 0 255 255 161 0 0 255 255 255 0 22 0 0
    162 255 255 38 158 0 0 0 255 255 255 0 0 255 119 0 255 0 255 255 255
    255 0 0 0 255 255 0 255 0 255 0 0 0 0 255 255 255 0 255 171 255 255
    255 123 0 0 255 62 255 0 255 0 0 0 173 144 0 0 255 255 45 255 0 0 0
    255 0 255 255 17 0 7 0 255 0 153 255 0 255 224 0 108 0 255 255 0 239
    235 0 1 255 255 0 0 0 255 255 255 0 0 255 255 84 0 255 204 255 0 255
    7 49 0 255 200 88 0 231 255 0 255 0 123 0 255 255 255 0 0 0 186 0
    255 151 0 0 111 255 255 255 0 0 255 255 255 0 255 0 0 94 190 0 255
    255 0 255 255 70 0 240 255 255 0 0 255 255 108 0 0 0 73 255 255 238
    0 55 0 255 255 255 124 255 58 255 160 0 0 0 255 0 0 255 0 255 0 255
    19 255 205 0 0 255 255 0 255 255 0 0 0 255 255 255 255 255 0 149 0
    255 255 255 0 0 0 0 231 255 255 255 0 72 0 0 132 0 80 255 0 20 232 0
    0 255 255 0 0 255 0 255 255 224 0 0 43 255 0 209 0 255 0 0 1 255 0 0
    255 255 255 0 255 0 255 0 255 255 255 0 0 0 255 255 240 255 180 220
    0 0 0 90 255 255 63 254 0 255 0 75 255 0 255 213 0 0 0 0 0 0 255 55
    0 0 255 255 0 138 60 0 255 0 255 0 255 0 0 255 255 97 0 0 255 0 255
    0 255 255 255 48 0 99 255 0 255 0 0 0 0 140 255 39 47 0 111 0 0 0
    255 255 0 0 0 0 0 0 89 255 255 248 87 255 4 0 49 121 0 135 2 255 0
    255 0 31 255 192 0 0 0 255 40 0 0 0 255 255 0 0 128 0 255 255 255
    255 0 0 0 0 255 0 255 0 255 0 0 255 255 255 255 0 0 0 113 152 0 255
    255 255 0 255 173 0 255 0 255 255 255 0 0 0 13 0 255 80 255 14 0 0
    255 255 0 0 0 0 250 255 255 255 224 0 0 0 255 255 255 0 0 255 255
    233 255 0 0 0 255 0 0 255 255 255 0 0 255 0 255 0 255 255 255 0 255
    164 129 0 0 255 12 255 0 0 0 137 235 159 51 255 0 184 0 0 0 0 255
    197 213 255 255 251 3 255 255 255 0 255 255 145 0 255 255 0 255 255
    255 255 0 0 255 159 0 0 0 255 0 60 157 0 0 0 92 255 255 255 0 0 0
    255 255 255 0 255 255 0 104 0 0 255 255 255 255 234 0 255 0 255 0
    255 0 255 255 255 249 255 0 160 0 161 0 0 255 0 96 255 255 234 29
    255 0 252 0 255 180 255 255 0 255 0 255 0 0 255 255 0 201 0 253 0 37
    255 155 0 255 0 255 0 255 255 255 0 0 245 0 255 0 255 0 255 0 255 0
    255 0 255 0 0 255 226 255 255 255 255 255 0 0 160 0 194 0 0 0 255 0
    255 255 255 0 255 28 255 23 0 0 0 0 255 0 0 0 35 114 0 255 114 29 0
    0 135 255 255 230 4 255 0 0 131 255 0 0 0 255 0 255 255 0 255 255
    193 0 255 255 185 0 0 0 255 255 255 255 255 0 0 255 0 0 0 85 255 127
    255 0 152 255 0 0 0 255 0 0 0 255 0 118 0 255 255 0 0 0 55 219 255
    255 255 0 255 128 95 0 0 0 255 0 255 0 255 0 255 0 255 227 0 0 225
    255 255 255 0 57 255 0 255 0 255 0 0 0 0 255 0 76 68 255 0 0 0 162
    131 255 0 0 0 140 255 0 255 199 255 255 0 75 255 255 0 148 0 0 255 0
    255 0 0 0 0 255 0 255 47 0 255 255 255 0 11 0 255 255 255 255 255 0
    180 0 0 0 255 255 255 0 255 0 255 255 255 255 0 0 255 255 0 255 0 0
    119 135 250 255 255 255 0 255 120 12 255 0 0 0 0 0 0 0 255 255 255
    255 0 0 0 255 177 0 236 250 255 0 0 255 0 0 87 255 0 255 172 112 0
    186 255 255 0 255 0 0 33 255 255 0 0 0 109 0 133 183 255 0 75 249
    255 255 255 0 0 255 0 255 0 255 0 255 0 0 255 0 255 0 255 19 0 49 0
    152 0 0 117 165 0 0 0 255 0 255 0 0 255 0 0 0 255 224 255 255 0 154
    0 73 0 0 0 185 255 255 142 0 0 0 0 43 0 0 0 193 255 0 0 255 255 255
    255 255 0 0 255 0 0 128 255 101 255 255 0 226 255 255 255 0 0 0 255
    255 0 255 0 45 0 255 255 255 11 255 0 0 97 255 255 0 0 181 255 91
    188 255 47 0 0 234 255 120 0 0 0 165 255 0 0 0 255 10 163 255 0 92
    255 0 0 101 0 255 0 164 0 0 255 0 160 136 0 255 0 255 255 255 255 0
    255 0 0 0 255 36 0 255 255 255 0 0 0 0 0 0 21 255 255 255 255 0 0
    255 255 255 0 255 255 0 1 255 255 255 0 0 0 255 255 109 255 0 17 203
    197 0 0 255 255 255 0 255 147 255 0 255 255 255 255 0 0 255 9 255
    255 255 255 255 0 0 0 0 92 0 0 255 255 0 255 177 0 200 0 255 65 250
    255 0 0 0 0 255 255 236 255 0 255 0 255 255 255 255 255 0 0 255 255
    255 0 255 0 186 0 255 248 159 0 255 255 0 0 255 0 255 0 0 112 255
    255 0 0 207 255 255 0 0 252 255 255 35 0 86 255 206 255 0 255 25 255
    0 255 0 255 255 0 0 255 255 43 255 0 255 255 255 244 148 255 224 2
    255 255 255 0 0 255 12 255 0 196 152 249 255 0 255 255 255 255 214
    113 255 175 0 0 160 255 255 255 165 0 0 255 194 255 0 0 255 0 255 0
    205 0 218 0 0 0 255 176 166 0 255 2 255 217 0 0 255 255 73 0 0 183 0
    255 33 255 255 0 255 0 0 0 202 255 255 255 96 0 0 255 255 255 0 0 0
    0 255 5 0 88 0 255 0 255 255 0 118 0 255 109 255 0 254 255 255 255 0
    0 0 0 255 105 0 0 255 255 255 0 255 0 255 4 0 255 255 255 255 255 0
    255 0 255 255 255 0 255 147 0 0 170 0 255 142 0 92 0 255 0 195 0 255
    0 0 0 255 255 0 0 255 0 255 4 255 0 0 0 0 255 0 255 255 0 255 0 255
    0 255 255 253 0 0 0 255 255 255 0 255 0 255 255 0 0 0 0 17 0 0 255 0
    0 0 237 255 255 0 255 255 45 0 0 0 255 255 255 0 0 0 255 255 0 0 0 0
    0 255 255 0 233 0 255 255 255 0 0 0 255 255 255 2 255 255 255 0 0
    255 0 255 255 0 0 0 255 107 177 0 255 255 255 0 255 255 255 0 255 0
    255 255 255 0 0 0 31 255 255 255 0 0 255 255 0 0 0 0 255 255 0 0 255
    255 255 0 0 0 255 255 0 255 0 187 255 184 255 255 248 0 0 255 42 0 0
    255 255 52 0 195 255 0 255 0 255 0 86 0 0 113 255 255 255 0 0 0 255
    255 255 133 0 0 0 255 0 255 0 255 0 0 0 0 255 255 0 255 0 255 0 0 0
    0 0 0 255 0 255 112 255 167 0 255 255 40 17 26 255 255 0 255 0 255 0
    255 0 255 255 193 169 0 255 235 255 255 101 255 255 255 255 255 0 0
    0 47 255 255 255 111 0 233 105 255 58 0 0 255 255 0 129 233 255 251
    0 0 255 255 94 0 0 0 135 255 255 255 255 0 0 255 0 255 49 0 210 255
    0 255 31 0 180 42 42 0 255 124 16 0 255 0 255 0 255 255 255 255 0
    255 0 255 0 0 168 255 255 0 255 255 255 255 191 0 255 12 10 0 0 0 0
    45 0 255 0 178 0 255 0 255 255 255 255 118 0 0 0 255 255 255 255 0
    253 60 255 211 0 0 0 0 255 244 252 26 251 255 0 255 83 164 0 255 123
    255 255 0 122 0 22 255 255 255 0 197 0 0 0 0 255 0 0 0 255 0 255 255
    255 255 233 0 255 255 255 0 0 0 74 255 255 255 0 255 0 255 0 255 0
    255 255 177 0 236 0 0 34 255 0 255 84 0 255 255 73 0 63 255 101 255
    255 255 255 0 255 0 255 0 0 255 255 255 0 255 0 255 0 0 0 255 250
    145 255 255 255 0 0 0 0 255 175 255 255 0 0 0 0 255 0 255 255 0 187
    20 0 0 0 255 255 255 0 33 0 255 213 0 0 255 255 0 255 255 255 0 255
    255 139 166 0 0 255 0 255 255 0 135 10 210 0 255 255 0 207 255 78
    255 0 255 0 0 255 0 255 0 255 0 255 255 0 0 0 0 0 0 255 116 255 0 0
    0 49 41 255 255 255 255 255 255 255 0 0 0 255 64 255 178 208 255 0
    255 0 0 0 132 90 255 0 76 133 255 191 0 0 255 0 0 0 217 255 108 255
    116 0 255 255 0 0 0 255 255 255 0 0 0 255 0 255 0 255 0 255 255 44
    255 0 0 0 0 0 0 76 255 0 0 0 255 0 255 0 0 255 0 255 255 255 0 34 0
    255 0 160 255 255 225 0 0 79 0 255 71 0 19 255 255 255 255 255 0 255
    0 255 0 8 169 255 255 255 255 0 157 0 255 255 255 75 0 0 255 255 255
    0 255 255 255 0 0 0 0 255 255 255 168 32 255 255 255 0 106 0 251 0
    255 0 203 0 0 255 0 255 119 0 255 0 255 239 255 255 255 0 0 0 255 0
    0 0 255 255 29 255 0 48 255 255 0 0 0 255 255 255 255 0 0 255 0 0 0
    255 255 89 255 255 0 0 0 0 0 77 96 0 0 81 113 255 255 255 0 255 253
    255 0 6 152 255 167 255 255 0 255 52 255 0 255 255 255 80 8 114 255
    255 0 237 24 255 0 0 255 255 0 0 255 91 204 10 0 255 0 0 0 255 255
    99 0 0 255 221 0 0 255 255 201 0 0 0 255 199 0 255 255 255 0 90 0
    100 255 255 0 0 0 27 255 0 255 255 255 0 29 156 0 0 0 255 255 0 255
    0 0 0 0 255 255 255 0 145 0 0 255 255 244 105 255 4 255 255 255 0
    231 255 0 0 0 208 255 255 255 255 0 0 255 0 255 75 255 255 0 0 0 255
    0 255 255 255 255 0 229 0 255 0 199 0 0 63 255 0 0 0 0 255 0 0 255
    255 0 255 255 223 255 0 0 0 255 0 255 255 87 0 255 0 0 0 255 255 185
    255 0 0 0 0 255 213 0 37 255 255 0 255 255 173 0 255 172 255 0 0 255
    255 39 0 220 114 255 0 0 15 255 255 189 213 13 225 167 0 0 0 0 255
    31 33 0 0 198 73 0 255 0 255 59 255 0 0 0 0 0 255 255 0 33 0 0 0 17
    204 255 160 0 0 255 49 255 0 0 0 255 255 255 240 0 0 255 255 89 0 0
    255 255 255 0 20 183 0 234 127 255 79 255 255 255 255 255 0 0 0 230
    255 0 0 255 15 0 255 0 255 0 255 0 148 255 158 0 0 255 171 255 255 0
    0 0 182 206 255 44 255 0 255 255 65 255 139 0 0 0 0 255 255 255 255
    0 255 34 238 0 255 0 255 0 255 188 255 255 255 80 0 0 0 0 255 0 0
    255 255 144 0 255 0 0 95 255 99 255 255 255 53 0 141 0 218 0 255 255
    255 0 0 0 114 100 0 255 0 255 0 255 0 41 0 0 255 98 255 0 255 0 255
    0 255 255 255 178 255 0 15 0 255 0 176 255 255 255 0 255 255 255 255
    0 255 0 255 125 0 0 28 255 255 0 0 0 255 255 66 0 255 255 0 255 0
    255 187 255 255 0 208 0 255 255 0 0 0 0 255 199 129 0 26 255 0 81
    255 86 0 0 41 233 241 255 224 0 255 255 255 0 0 0 0 157 0 255 218
    227 62 0 0 0 255 0 255 0 255 0 245 0 255 255 255 178 0 0 0 255 0 183
    0 0 0 255 32 255 0 0 0 255 0 255 255 50 0 0 86 0 0 0 0 255 155 255
    255 208 0 31 255 0 19 255 0 255 0 255 255 121 255 181 136 255 255 0
    0 91 255 255 255 0 0 0 255 77 0 0 86 0 255 0 255 255 255 0 0 0 195
    255 255 0 64 0 255 215 0 0 166 255 255 0 0 0 255 0 255 255 255 114 0
    0 0 0 255 255 18 255 0 0 0 0 0 255 255 25 255 244 0 0 255 249 0 0 0
    0 255 255 0 0 0 255 255 255 87 255 255 131 244 255 0 231 0 255 255
    255 255 255 255 255 0 0 255 0 255 0 0 87 255 255 19 255 255 0 0 0
    255 0 255 60 255 0 207 0 255 103 0 173 0 0 255 163 255 171 0 0 32
    255 255 255 0 0 57 114 0 255 0 255 255 255 0 126 255 0 0 0 255 255
    255 255 255 0 113 0 255 255 255 255 0 255 0 255 0 0 0 0 255 255 0 0
    255 255 255 0 0 0 0 255 26 255 236 76 0 255 255 255 46 0 255 0 255 0
    255 255 0 0 255 213 255 0 0 0 255 0 0 0 255 0 255 255 255 255 0 92 0
    0 0 255 0 255 118 255 0 0 0 153 114 255 72 255 114 255 255 0 255 0
    255 0 255 0 0 0 0 255 0 255 0 0 0 255 255 0 0 0 255 0 0 255 255 0 0
    0 0 0 0 255 255 255 55 0 230 255 0 0 255 205 255 242 0 0 0 255 255
    255 255 255 0 255 0 53 255 0 255 0 252 235 0 0 0 255 255 255 0 0 255
    255 255 255 0 0 0 255 255 255 149 199 0 255 255 0 156 0 255 182 37 0
    0 255 37 255 143 0 0 0 0 255 210 255 0 0 255 255 250 100 0 166 255 0
    255 0 255 255 255 0 255 0 195 255 0 255 255 255 79 0 255 0 255 255
    255 255 255 0 0 104 32 255 255 255 255 255 255 0 148 0 255 0 255 0 0
    0 255 255 119 0 0 255 255 255 255 0 0 255 137 0 0 44 0 0 178 242 0
    255 255 255 255 0 255 255 0 0 0 0 255 255 0 0 0 255 255 255 0 221
    199 0 116 73 0 0 255 255 255 255 0 0 0 255 0 255 255 255 0 255 150
    255 0 0 247 255 255 255 22 255 255 255 255 255 255 0 255 94 255 37 0
    0 0 0 119 255 118 0 217 255 255 0 32 0 0 0 255 0 255 0 255 0 0 254 0
    255 0 0 0 255 0 0 0 255 60 0 169 255 0 0 0 255 255 255 0 0 44 0 255
    0 255 0 255 210 0 0 76 255 255 224 255 255 255 0 0 0 255 255 255 17
    0 0 38 255 255 0 86 0 255 255 0 255 0 255 0 0 202 255 255 179 0 255
    255 255 0 255 0 0 243 255 255 0 0 255 255 255 0 0 0 255 255 255 255
    23 255 255 0 0 0 255 0 255 0 255 27 255 255 255 255 0 255 0 255 144
    255 0 0 0 244 255 202 255 0 0 74 154 0 20 255 255 255 0 0 0 94 255
    255 0 0 115 0 255 0 255 0 255 255 0 255 0 189 255 255 255 0 210 252
    255 255 0 0 0 255 253 255 0 255 0 255 255 0 255 94 255 0 255 255 75
    255 202 0 0 0 255 0 255 0 255 0 255 255 0 27 168 255 255 0 60 0 255
    115 0 255 255 255 0 0 6 0 133 0 255 0 255 0 218 255 255 0 0 0 255
    210 239 255 0 255 255 255 255 255 0 56 0 255 63 6 0 34 0 183 255 90
    0 32 0 255 255 127 0 255 0 255 0 174 255 0 0 0 255 255 0 138 255 255
    255 0 0 255 0 255 0 0 255 44 255 0 255 0 0 129 255 255 255 0 0 0 255
    201 255 0 0 0 255 255 0 0 255 255 255 0 255 255 255 0 0 186 0 186
    255 255 255 0 0 0 255 255 255 0 255 250 255 154 0 0 122 116 255 0
    142 255 255 255 25 255 0 0 255 0 22 0 1 0 255 255 0 255 119 255 0 41
    0 255 255 0 0 75 0 255 0 0 0 0 48 155 0 255 255 255 39 0 255 255 0 0
    0 255 0 0 0 255 96 255 88 249 0 0 255 255 0 184 163 255 0 0 0 0 255
    0 0 0 0 255 255 0 2 255 255 255 255 255 0 255 255 255 0 255 0 255 0
    107 255 0 255 0 31 0 253 0 255 0 255 0 80 0 0 0 154 0 255 215 255
    255 155 0 0 255 0 255 0 255 30 92 0 255 255 0 0 0 0 255 157 255 83 0
    255 0 0 0 199 255 255 0 0 0 255 0 53 152 255 185 255 255 255 172 0
    179 255 243 255 34 16 255 0 0 254 0 255 47 0 255 0 0 255 255 0 0 0
    255 182 22 0 0 212 0 0 0 0 255 255 255 255 255 255 255 152 0 0 255 7
    0 255 30 0 0 0 255 255 0 0 0 117 0 255 255 255 143 0 255 255 255 0
    185 0 255 255 0 0 255 0 255 255 255 255 0 0 0 255 255 255 0 0 255
    164 255 0 0 0 255 255 0 0 0 255 255 255 0 0 0 255 255 0 92 0 210 255
    170 255 0 0 1 114 255 255 0 151 0 0 0 255 255 0 0 255 255 255 0 0
    241 0 5 152 255 131 0 0 0 0 215 0 255 0 255 0 255 255 255 0 255 255
    0 167 0 0 156 33 0 255 0 255 0 255 0 255 48 0 0 246 0 0 255 88 31 0
    255 0 116 255 255 0 0 0 255 0 0 0 255 255 141 255 255 0 0 56 255 255
    107 144 0 255 0 255 0 255 250 255 255 255 255 0 203 255 255 5 0 151
    0 255 255 255 0 40 255 103 0 222 0 255 255 255 255 0 255 0 0 0 0 255
    255 233 0 0 255 188 186 0 0 41 255 255 0 0 0 255 255 0 255 121 0 0 0
    255 0 0 0 255 0 0 0 54 255 255 255 0 0 255 0 255 0 255 0 0 0 255 255
    255 0 0 210 255 0 255 255 70 0 0 255 255 255 110 255 78 255 0 99 255
    101 255 0 255 118 182 255 255 0 0 0 0 0 0 255 74 255 0 255 0 0 0 255
    0 0 0 0 255 255 0 0 0 0 255 255 255 0 0 87 0 84 0 255 0 255 255 0 0
    0 255 255 255 0 0 136 178 255 201 208 255 255 0 96 0 0 255 232 0 0
    255 114 160 255 255 255 0 0 0 0 255 0 255 0 255 0 255 111 0 0 255 0
    255 255 255 255 0 0 0 37 114 0 225 59 255 255 255 0 0 0 255 255 255
    255 52 255 90 226 0 255 255 0 35 0 0 255 255 255 0 88 0 255 0 255
    255 255 255 255 255 0 0 0 0 255 74 255 255 255 0 0 0 255 215 255 0
    122 255 255 0 255 0 12 0 0 255 255 255 0 255 214 255 255 0 255 0 0 0
    0 192 255 255 255 255 0 225 0 196 0 255 255 255 255 0 42 0 0 254 255
    255 0 0 0 255 0 0 0 255 0 255 0 255 190 0 255 255 255 0 0 255 0 255
    0 255 255 255 0 255 0 255 0 255 0 255 51 255 0 190 255 255 255 247
    255 0 0 0 255 255 255 0 156 0 198 216 0 255 200 0 255 232 255 255 0
    62 255 255 255 251 0 0 255 255 255 43 0 0 118 150 255 0 0 255 255 10
    0 61 190 255 0 255 39 255 0 0 255 115 255 255 255 255 0 0 0 0 255
    255 255 0 0 0 255 255 255 40 255 255 255 61 255 255 0 0 0 255 255
    255 88 0 215 0 255 255 171 255 218 247 99 255 255 255 0 0 0 0 255
    255 29 30 0 255 115 0 0 0 255 255 255 64 255 255 0 0 255 255 255 90
    0 0 0 191 87 0 252 255 0 255 0 0 255 0 107 0 0 125 188 0 0 255 159
    144 0 255 0 255 0 255 0 0 0 255 255 0 0 255 255 0 255 0 255 0 255 35
    0 175 255 116 0 0 0 0 255 255 0 0 0 255 255 255 179 255 255 255 0 0
    0 255 255 255 0 0 132 255 255 255 255 0 242 196 255 0 0 196 255 0
    255 0 117 0 255 255 0 255 0 255 0 255 0 255 255 255 213 0 0 255 255
    255 255 31 255 255 255 201 187 0 255 255 170 0 0 94 3 255 191 0 0
    194 0 0 255 255 255 149 206 141 255 100 255 0 0 255 255 0 255 0 0 0
    255 0 178 0 255 0 0 0 0 255 0 255 0 0 255 255 49 229 255 255 0 0 0
    120 255 60 252 0 0 255 0 255 0 189 255 0 0 0 255 255 232 51 0 255
    255 255 254 0 255 152 255 0 255 130 22 0 255 255 0 255 0 0 255 0 255
    0 0 255 255 255 101 255 0 0 0 0 255 234 255 0 0 0 39 223 68 255 191
    0 0 255 255 255 255 0 255 0 235 0 255 255 255 255 81 255 0 0 0 0 255
    255 255 187 0 0 0 0 255 255 255 0 255 217 255 255 0 230 0 0 255 255
    208 0 33 0 123 0 6 255 126 255 0 0 0 149 255 255 255 0 89 255 255 0
    0 255 157 0 0 0 221 0 190 34 0 19 255 255 0 0 255 0 4 219 180 0 232
    255 0 0 255 255 140 255 0 0 0 255 255 0 217 255 255 66 0 255 255 255
    255 0 0 0 0 255 255 255 0 2 255 255 0 0 0 147 255 255 255 105 255
    203 87 0 0 238 255 0 255 255 255 73 204 0 0 50 255 140 0 0 255 34
    255 0 0 0 255 255 180 0 0 0 0 255 0 255 0 0 255 255 255 0 0 157 255
    0 0 255 0 255 0 255 0 255 255 255 0 162 88 255 0 255 0 255 255 255 0
    255 0 255 255 249 255 0 0 0 202 0 255 255 255 35 0 255 255 255 255 0
    0 0 0 0 255 255 0 0 0 110 255 255 237 245 0 0 0 111 255 255 185 210
    255 86 0 0 255 255 255 0 255 255 0 228 255 255 0 121 0 0 255 0 157 0
    211 255 255 255 0 255 0 255 0 0 0 255 255 62 0 0 255 255 255 0 155 0
    255 229 0 153 131 255 0 255 0 255 0 180 192 255 0 255 0 0 0 255 0
    255 0 209 0 0 0 255 255 255 0 68 255 255 0 84 0 0 0 0 255 175 106 0
    255 99 255 0 255 0 255 0 0 0 114 0 0 0 255 102 148 255 214 255 0 255
    73 0 0 255 88 69 0 117 0 153 255 214 183 0 255 0 0 255 103 116 255
    255 211 255 255 255 0 0 255 255 0 0 0 255 255 36 255 0 255 0 255 255
    255 0 13 255 29 255 0 0 0 255 255 255 0 255 0 73 0 228 213 255 255 0
    0 40 255 255 0 174 255 255 255 0 0 255 255 78 0 48 0 0 0 185 255 0
    255 255 255 1 255 0 230 153 0 255 0 255 0 255 255 0 0 0 255 255 255
    194 255 255 0 201 0 0 152 21 255 255 255 255 0 0 0 255 0 74 201 176
    255 255 0 0 0 0 0 48 255 208 0 255 153 0 119 255 183 255 0 255 0 225
    0 255 0 0 195 255 0 255 255 255 0 0 0 255 255 0 133 255 255 255 0 0
    0 255 24 0 255 255 72 0 0 255 148 0 255 40 255 0 234 0 255 244 0 0 0
    255 241 255 255 51 0 255 0 0 0 255 0 0 255 97 0 0 255 138 0 0 126 0
    255 73 0 0 247 0 255 255 255 255 255 215 0 88 0 255 255 0 17 203 255
    0 255 255 255 255 0 0 255 47 255 255 255 252 0 0 255 255 228 37 255
    255 255 0 0 255 0 255 234 255 0 0 0 225 137 255 0 0 0 0 255 255 110
    0 254 0 0 0 3 255 255 0 0 30 0 253 255 0 0 255 0 78 0 57 255 255 0 0
    0 152 255 160 255 0 255 0 0 0 0 0 216 56 255 255 170 255 0 0 255 255
    255 0 0 255 0 255 96 255 0 255 0 255 0 255 0 255 249 128 0 0 255 224
    255 255 81 80 111 0 121 0 74 35 255 255 255 0 0 255 0 255 221 170 61
    0 255 0 255 71 255 250 0 0 0 255 253 0 0 0 255 0 235 85 255 255 0 0
    255 255 255 0 110 3 0 0 43 0 255 249 255 0 0 0 0 255 84 255 255 0 0
    255 132 255 255 255 166 0 0 0 47 24 255 0 16 154 0 0 255 255 0 86 0
    110 255 255 0 0 0 255 255 0 255 0 255 0 255 0 0 35 255 255 0 255 0
    255 0 255 70 0 0 0 0 0 255 10 255 255 0 0 0 0 0 255 255 0 255 255
    175 255 255 255 0 0 255 255 0 255 255 255 32 0 0 0 255 255 255 255
    255 255 105 0 255 255 255 0 255 0 205 255 255 0 0 0 255 0 255 255
    255 18 0 255 255 87 255 0 0 255 0 255 255 255 0 58 255 203 0 0 0 255
    255 255 0 0 255 255 255 42 0 37 35 2 130 255 255 0 255 0 255 0 255 0
    2 0 0 255 203 255 45 0 0 0 0 0 0 0 0 255 255 255 0 107 137 0 60 164
    205 255 255 0 255 0 255 0 255 255 0 0 0 255 255 0 0 0 90 255 69 133
    255 0 255 255 0 0 0 170 255 0 225 183 255 255 0 0 0 255 255 255 91 0
    255 255 255 255 0 0 0 0 255 255 255 25 0 0 0 255 255 255 255 0 255
    255 255 255 0 255 255 255 0 122 0 242 0 255 0 255 255 255 77 182 255
    171 0 116 180 193 4 255 143 0 255 255 255 255 255 255 255 255 44 0 0
    255 0 255 255 255 0 0 0 112 0 0 0 0 133 255 0 0 0 0 143 0 255 12 255
    0 0 2 255 255 255 58 255 0 84 0 209 0 255 255 155 0 0 0 255 0 255 0
    255 90 200 255 0 0 0 255 255 255 0 0 0 255 255 255 0 0 0 0 255 0 255
    0 0 255 195 0 255 0 0 0 0 0 141 255 255 255 27 213 0 0 0 255 255 177
    161 0 195 0 255 255 255 0 0 255 255 255 0 255 0 0 0 255 0 255 0 255
    95 255 255 0 255 0 239 85 0 0 255 0 0 255 255 87 0 197 0 18 255 255
    255 255 255 18 139 255 0 255 255 255 0 0 0 22 255 255 255 0 255 47 0
    0 255 254 255 255 198 0 255 0 255 0 255 112 0 255 0 255 0 179 253 0
    0 255 190 255 255 73 255 255 255 0 0 255 170 255 255 68 255 0 194
    187 94 0 219 0 255 255 106 34 0 255 118 0 0 255 255 28 195 0 0 0 255
    255 255 255 255 255 255 0 0 0 255 255 255 0 0 0 255 255 0 0 2 255 0
    255 0 0 0 255 255 255 0 154 255 255 0 0 0 0 255 103 255 76 255 0 0 0
    0 6 255 79 0 0 255 255 255 0 255 21 110 255 0 46 255 0 0 0 255 255 0
    255 0 255 0 255 0 0 0 0 0 0 23 0 0 0 255 241 255 106 0 0 255 239 255
    0 255 0 98 255 0 255 0 255 255 0 0 173 81 255 255 0 0 0 0 255 136
    202 255 132 0 168 255 255 89 42 0 0 255 0 0 255 255 0 0 0 255 255 43
    255 0 244 0 102 0 253 255 255 12 255 0 0 115 0 255 255 255 0 0 255
    255 0 128 126 255 255 110 23 255 255 255 0 0 0 255 135 99 0 255 60 0
    0 0 255 255 0 0 255 0 0 0 211 114 114 0 255 255 92 58 161 0 0 0 255
    255 45 183 0 129 0 255 255 0 237 0 0 62 255 255 255 101 0 255 232 0
    255 190 87 0 255 6 255 0 122 255 183 255 0 255 0 0 255 255 0 0 0 255
    255 255 9 0 50 55 255 29 255 0 244 8 255 0 0 0 255 255 255 68 244 0
    255 255 255 255 0 0 230 255 125 127 0 59 73 0 255 255 0 9 255 255 0
    70 255 255 255 0 255 255 255 0 255 255 255 0 255 255 255 0 0 255 255
    0 0 255 255 255 255 0 165 0 255 255 0 65 0 0 97 255 0 255 255 255
    122 160 0 0 255 237 255 27 0 255 255 255 0 0 139 255 0 255 255 204 0
    255 0 0 0 0 255 0 0 0 255 86 255 0 255 0 255 255 0 11 54 255 255 0
    174 255 255 184 0 228 0 255 0 255 0 0 255 255 255 105 255 0 0 0 0
    255 0 255 41 255 0 215 255 0 0 0 187 255 187 37 0 255 0 157 21 0 249
    0 255 255 255 0 0 25 134 255 0 0 128 255 255 0 0 94 0 255 167 74 255
    73 0 107 255 255 255 0 0 187 255 255 255 0 255 240 0 0 255 199 255 0
    255 220 255 0 0 255 255 255 0 255 255 255 0 0 77 0 255 228 255 255
    255 0 255 0 255 0 255 0 0 0 0 149 0 255 255 255 0 0 41 255 255 0 255
    0 0 0 255 99 255 0 121 0 0 0 255 0 255 255 255 235 255 12 0 0 255 0
    0 0 255 255 255 255 0 204 0 255 255 255 0 255 255 0 255 0 0 0 255
    255 255 255 254 255 19 0 0 255 255 255 0 255 255 255 255 0 0 188 255
    255 0 255 255 0 0 0 255 255 255 41 0 35 124 0 0 255 185 255 11 19 0
    0 114 0 255 0 255 0 255 0 251 183 0 132 255 0 213 255 248 255 255
    255 0 0 0 255 0 47 216 255 255 106 99 255 0 33 0 255 255 255 140 0 0
    255 255 255 0 229 0 130 122 24 0 255 255 0 205 112 255 146 255 0 255
    255 0 0 0 255 213 255 0 255 0 255 0 75 109 255 255 255 255 0 207 0
    74 255 253 0 0 255 217 206 255 255 0 0 0 0 114 0 255 0 255 0 0 51 3
    255 227 255 255 0 0 161 255 255 255 0 0 0 255 0 0 0 0 255 176 0 0 0
    255 34 0 0 0 255 0 255 0 0 6 255 42 124 0 44 255 144 255 0 255 171
    255 0 79 0 255 0 255 255 255 0 255 255 255 0 0 0 255 255 255 0 0 255
    255 0 0 255 255 255 0 0 0 0 0 0 255 85 255 255 255 210 0 0 255 0 255
    0 0 0 255 45 0 0 255 255 255 0 0 255 255 0 255 0 255 202 255 0 255
    255 0 0 0 255 247 255 255 0 0 0 255 255 255 0 55 0 255 0 0 0 255 255
    255 255 255 0 255 0 238 0 0 255 255 255 255 255 0 0 255 255 255 0
    255 255 255 255 229 0 0 255 0 0 0 0 255 165 255 255 0 133 0 255 0 0
    255 255 255 255 0 255 255 255 255 132 145 0 255 255 0 252 255 0 255
    63 255 255 175 0 255 0 255 0 255 255 255 0 0 255 0 255 86 255 138
    188 76 139 0 0 50 255 136 0 255 0 0 0 142 255 66 0 255 0 183 0 255
    255 255 0 0 0 0 255 255 255 0 7 148 0 255 0 255 0 255 0 255 0 0 0
    255 255 255 0 0 255 0 57 255 255 255 0 0 238 20 159 0 255 0 0 255
    255 249 255 0 255 255 255 255 0 0 0 255 0 0 255 0 255 0 18 0 255 227
    147 186 255 100 255 255 255 18 255 162 255 0 30 255 0 90 0 0 255 121
    0 255 255 255 0 0 0 169 255 179 255 0 0 255 255 163 0 0 0 255 0 0
    255 0 255 255 255 255 8 255 255 0 0 229 255 0 255 71 255 0 4 0 0 0 0
    255 9 255 136 61 0 162 48 0 0 255 0 0 0 255 255 255 0 0 0 255 0 0 0
    255 255 255 255 29 0 255 0 19 61 0 255 0 255 0 255 0 255 51 0 125 0
    255 236 0 255 255 255 0 0 255 255 255 255 255 0 0 0 255 255 255 0
    183 0 255 140 0 52 194 0 255 0 113 0 0 255 0 255 0 0 255 142 255 148
    255 255 255 255 255 0 0 255 255 0 0 0 255 132 255 0 255 0 0 244 157
    255 255 255 116 255 255 255 0 0 0 255 0 255 0 0 255 255 176 255 0 0
    0 255 255 255 114 255 0 0 255 0 23 255 0 255 167 255 0 0 255 0 150 0
    0 0 0 231 75 255 0 34 0 223 140 255 255 0 0 0 255 30 0 243 121 0 0 0
    226 255 255 255 255 0 0 255 255 255 0 255 0 255 34 255 0 175 0 255
    139 0 133 255 225 115 255 21 0 0 255 255 255 0 0 255 255 255 0 166 0
    255 0 255 0 255 235 0 0 255 0 255 0 255 255 255 0 0 255 0 0 0 255 0
    255 0 255 0 255 255 0 0 255 197 255 255 163 0 0 0 188 233 0 0 0 255
    255 0 255 255 0 83 230 255 0 0 0 200 255 255 255 219 0 255 255 0 0
    255 0 0 165 17 255 24 255 255 79 0 0 114 0 255 0 47 49 255 255 175
    255 255 0 255 0 0 47 255 48 187 0 77 117 255 158 255 0 124 0 255 0
    255 133 144 36 0 0 73 37 57 0 199 255 0 0 255 255 255 0 255 0 255 0
    0 0 0 255 255 255 255 0 255 255 0 255 74 255 0 247 0 255 0 239 255 0
    0 0 0 0 255 255 255 142 0 255 0 255 0 255 0 0 255 0 255 0 255 0 255
    0 170 255 255 255 0 254 125 255 0 255 255 255 0 0 0 0 255 255 0 0 0
    255 0 255 255 255 0 180 0 255 90 255 73 0 48 0 113 181 255 0 255 255
    136 255 0 255 0 201 0 0 59 0 0 0 255 0 255 255 0 0 255 255 255 0 145
    0 255 0 255 255 255 0 154 0 255 0 0 255 0 0 0 154 0 255 123 0 0 0
    255 82 255 0 123 255 255 0 0 255 0 0 154 255 255 93 0 255 71 255 0 0
    255 255 255 0 0 97 255 114 255 255 0 120 255 0 116 0 255 0 132 0 255
    0 255 0 255 0 255 255 255 0 255 0 78 255 255 0 0 255 255 255 0 0 0
    255 0 255 255 255 0 0 244 153 255 206 35 0 255 0 123 255 219 255 0 0
    0 0 255 0 255 255 0 255 41 255 0 49 0 255 0 255 0 66 0 255 255 255
    216 0 227 0 0 0 0 255 255 255 255 0 255 0 255 0 221 0 246 255 255
    149 147 0 255 0 0 68 0 0 0 0 0 255 255 204 0 0 0 255 255 0 0 0 255
    255 255 255 0 0 255 255 237 0 0 255 184 255 16 255 255 255 255 166
    255 0 0 0 255 196 255 0 0 0 255 28 0 225 123 0 41 0 255 0 255 145
    255 0 0 255 188 242 51 255 0 255 0 255 53 0 255 0 255 0 255 255 0
    255 0 0 0 255 255 255 255 179 0 34 70 107 0 135 255 0 255 0 255 0
    255 91 0 255 0 255 255 255 157 35 0 255 255 255 0 0 0 255 255 255 0
    21 0 255 255 0 0 0 0 255 0 255 37 0 0 164 255 149 0 0 255 255 0 255
    255 28 212 155 188 252 255 0 255 0 255 86 0 0 255 255 255 0 61 255
    255 255 255 253 255 255 0 255 155 255 0 41 0 187 0 255 255 0 0 255 0
    255 0 138 255 255 255 0 0 255 95 255 131 0 0 255 0 94 238 255 74 219
    0 0 0 0 255 255 149 0 0 255 0 255 214 74 37 255 0 255 255 255 255
    197 0 66 255 255 0 0 0 0 255 0 230 0 255 255 0 96 132 255 0 0 0 146
    255 48 255 149 255 0 0 255 255 255 255 104 99 0 255 255 178 132 0
    255 0 255 0 255 255 0 0 255 0 255 229 184 0 0 0 0 255 255 255 255 90
    255 0 255 0 255 240 255 145 0 160 255 131 255 0 255 0 255 249 255
    255 255 51 255 255 255 139 154 207 0 0 255 0 255 255 0 103 0 76 255
    255 0 0 18 255 255 0 0 255 255 0 0 0 255 0 0 59 255 32 255 255 255 0
    0 0 128 107 169 158 255 255 198 0 0 0 0 255 255 255 255 0 255 218
    176 255 0 255 255 255 0 255 202 255 255 255 0 56 0 255 0 0 0 255 255
    0 80 216 255 0 0 0 6 108 0 255 255 255 0 0 95 255 255 32 0 255 0 147
    255 255 0 0 218 251 0 0 245 255 0 0 255 22 0 255 0 0 255 97 0 247
    255 255 0 203 255 255 149 255 10 0 98 255 255 0 0 255 255 248 255 49
    18 0 161 0 255 0 238 174 35 53 0 0 0 255 2 0 255 185 255 0 227 255
    233 0 255 0 255 204 255 255 0 0 255 255 255 0 37 0 163 0 255 59 181
    137 0 0 255 221 148 255 255 0 0 0 0 255 255 255 255 0 66 0 255 103
    255 119 178 57 86 255 0 0 0 255 0 255 255 255 0 0 76 255 255 116 0 0
    0 0 0 255 255 255 0 255 24 255 0 255 0 255 0 7 0 255 0 255 0 255 0
    193 0 255 0 0 0 0 232 255 255 255 2 0 79 255 255 0 89 0 0 255 241
    162 69 255 255 255 255 255 255 0 0 255 207 255 178 0 0 231 255 0 0 0
    255 43 255 0 255 0 255 0 255 255 207 218 228 255 78 255 0 0 255 86
    222 89 255 153 0 0 255 85 0 0 0 255 158 255 191 255 255 0 0 0 255
    255 30 0 0 255 255 255 194 28 0 126 0 220 255 0 255 0 255 255 255
    255 0 0 0 0 0 88 235 255 0 0 87 0 0 255 255 255 255 255 0 0 0 0 0
    255 0 255 0 204 255 0 255 0 255 0 0 0 255 0 255 0 255 0 209 0 255
    145 255 122 255 0 0 255 0 62 128 255 6 41 0 255 0 0 0 95 255 0 187 0
    255 255 255 20 0 0 0 0 61 254 0 0 255 0 0 0 255 96 0 0 75 255 165
    255 0 0 0 255 251 200 131 0 255 255 18 0 3 255 255 66 255 255 255 0
    0 0 0 255 199 96 61 255 0 160 0 147 0 0 255 155 255 0 0 255 255 51
    255 0 255 255 255 255 207 255 0 255 0 255 255 255 248 0 0 0 255 0
    255 210 0 0 0 255 255 0 255 0 0 0 255 0 73 255 255 166 255 255 255 0
    6 0 255 255 103 255 0 0 0 95 0 255 255 254 255 0 0 0 255 90 74 0 24
    255 255 255 0 255 255 52 0 0 255 0 255 255 255 255 0 225 0 0 255 245
    33 43 0 255 0 199 255 0 255 0 255 0 255 255 255 0 190 255 255 0 32 0
    100 255 90 255 255 0 255 255 66 0 0 11 255 0 0 41 255 255 255 255 0
    0 0 255 0 255 0 255 255 184 255 255 49 0 255 255 255 14 0 0 41 255 0
    129 255 255 0 126 0 113 255 200 255 0 255 230 255 0 182 255 0 34 0
    255 16 255 0 151 255 255 156 0 20 0 255 0 135 0 226 0 115 0 255 0
    133 0 174 0 255 0 255 0 255 0 255 255 255 255 0 255 255 206 255 0 0
    0 244 255 255 255 167 0 0 0 71 255 0 0 0 255 0 255 0 255 0 255 0 0 0
    255 255 0 0 255 255 255 255 0 255 0 0 0 255 0 255 0 0 0 0 255 255
    255 0 255 255 255 0 0 255 255 0 255 0 255 0 255 12 53 0 0 255 255
    255 255 0 56 0 0 255 252 204 81 0 0 255 255 255 0 255 0 0 0 255 255
    255 0 0 241 255 24 255 255 0 0 0 255 255 255 255 0 255 0 0 125 255
    255 152 255 255 0 0 0 255 255 0 181 255 255 255 0 25 0 0 125 0 255 0
    0 0 80 255 0 255 255 255 186 0 0 0 255 255 0 255 255 255 255 55 255
    0 255 255 255 0 0 245 255 255 255 255 0 255 0 0 0 255 255 255 0 0
    255 0 255 0 0 65 0 255 0 255 255 255 49 0 0 32 255 255 143 0 0 255
    232 255 0 170 30 255 255 16 255 0 172 0 255 0 255 255 0 0 245 255
    157 0 255 134 0 255 7 255 0 229 0 86 101 81 116 255 90 0 0 255 255
    255 0 255 102 255 0 0 120 0 255 0 255 34 255 255 0 0 0 0 220 255 244
    13 214 0 0 0 255 103 249 255 0 229 113 255 0 192 255 216 60 98 0 255
    255 255 255 0 255 0 255 255 0 0 0 255 0 255 255 255 0 0 0 255 0 255
    255 255 0 255 0 255 255 255 60 85 0 255 217 255 0 25 0 255 0 255 0
    194 0 0 0 0 255 0 0 0 215 75 230 255 0 255 0 255 255 255 0 248 255
    255 0 0 0 255 255 0 11 57 0 0 255 255 0 0 0 0 255 116 255 0 0 0 255
    255 0 0 0 255 255 255 255 0 173 255 255 156 0 86 255 0 0 0 255 255
    255 255 0 0 0 255 31 0 0 255 255 0 255 0 0 86 255 0 0 0 255 74 255
    30 255 0 255 0 0 0 255 255 0 0 0 118 255 255 0 215 255 255 0 0 0 255
    255 255 0 0 0 0 255 255 255 13 0 255 255 124 255 255 64 255 0 250
    255 0 255 0 255 0 255 235 255 204 148 0 13 84 255 0 0 255 255 255 0
    163 0 0 229 255 255 255 0 255 171 203 236 255 255 71 255 255 255 0 0
    255 0 255 0 0 0 255 255 255 0 255 0 25 0 179 255 255 255 0 0 67 0 0
    0 10 0 255 0 255 0 0 0 0 71 0 255 50 255 255 0 255 94 255 0 0 0 0
    255 255 255 0 255 255 255 255 0 0 206 13 255 43 0 0 0 255 255 255 64
    0 0 0 255 0 255 255 255 0 241 255 29 255 0 255 207 153 0 0 0 255 255
    0 0 255 255 255 0 0 0 255 0 18 255 255 0 255 0 0 0 255 255 255 0 1
    218 0 0 183 255 255 0 255 255 0 0 0 0 255 0 255 255 255 255 0 255 0
    255 0 255 0 0 0 255 255 89 0 0 255 255 0 0 0 255 0 88 255 255 187 70
    94 0 0 216 0 190 0 206 6 0 112 0 255 0 0 13 255 255 255 187 0 0 255
    255 0 0 0 0 255 255 255 255 0 255 255 0 0 255 255 0 0 255 0 0 114
    219 170 255 255 0 244 255 255 255 0 0 255 0 255 109 255 255 222 0 0
    255 0 0 238 0 255 255 255 33 255 255 93 0 77 0 255 255 11 0 0 255
    255 88 0 255 0 255 255 192 255 255 0 0 0 255 255 0 135 0 255 0 0 0
    207 255 0 255 255 255 0 154 0 45 255 255 255 255 255 9 255 255 0 255
    255 0 0 27 0 255 0 255 0 255 0 255 0 255 0 255 26 255 0 90 255 0 41
    255 214 255 255 255 255 255 0 0 255 0 255 255 255 0 0 0 0 255 0 19 0
    40 255 255 0 36 0 255 255 0 255 0 255 255 0 0 255 255 255 75 250 0
    255 255 0 0 0 0 122 0 0 255 107 255 0 255 0 86 23 255 255 158 255 0
    255 255 255 0 0 0 85 9 0 0 0 255 255 40 0 255 255 0 0 0 56 0 255 255
    255 0 255 0 255 255 255 0 0 0 48 0 0 0 255 0 255 0 255 255 5 0 0 242
    0 255 135 255 132 0 0 255 255 59 255 143 7 173 0 255 255 255 255 46
    0 0 0 243 255 0 0 255 255 255 0 255 0 20 255 255 255 0 0 131 255 255
    0 0 255 223 255 0 0 151 1 169 0 0 22 255 0 0 255 94 0 0 255 255 0
    255 255 0 0 255 0 255 0 11 255 255 0 0 0 133 0 255 0 102 0 76 0 255
    0 159 0 69 0 0 255 255 0 31 255 255 0 255 115 0 0 57 255 255 255 255
    255 255 0 109 100 255 255 97 255 255 0 0 0 255 255 255 37 0 167 0 0
    255 0 255 0 255 0 0 255 0 255 255 255 255 255 255 0 63 0 255 35 255
    0 255 0 255 255 56 0 0 255 255 255 255 0 72 171 255 255 255 0 0 255
    255 255 0 255 0 0 255 255 0 0 0 255 255 0 255 0 255 0 0 0 0 255 0
    255 0 255 0 0 255 0 0 0 255 255 255 255 255 0 0 147 0 193 255 231
    255 0 102 0 166 10 0 0 255 0 255 0 0 0 255 255 255 255 0 255 0 255 0
    255 255 255 0 0 0 247 117 0 0 255 0 0 255 255 0 255 255 255 255 188
    255 45 0 0 95 144 255 0 0 215 255 0 0 0 27 0 255 1 0 0 255 0 0 0 255
    255 221 255 0 255 255 0 0 0 215 0 255 133 0 0 157 255 255 0 0 255 74
    255 255 255 0 0 0 0 108 255 107 173 0 255 233 12 255 0 255 0 255 255
    255 146 192 255 255 0 0 0 255 255 255 0 0 0 0 0 255 0 255 0 255 0
    255 0 255 34 255 0 255 255 255 255 0 198 0 255 255 7 255 255 255 0
    255 0 255 0 255 0 255 224 255 255 255 255 3 0 0 51 255 255 255 4 124
    0 177 41 0 27 0 55 255 255 255 0 225 0 255 0 10 0 255 0 0 0 0 0 255
    255 205 0 145 255 0 0 182 255 255 200 255 0 255 220 255 0 255 255 0
    255 0 0 0 0 255 251 0 0 255 255 0 0 255 0 255 0 13 255 0 0 33 144
    255 0 164 0 255 255 255 255 255 0 0 255 16 255 0 0 6 255 230 49 0
    255 0 255 0 255 0 255 255 255 255 0 255 0 0 0 255 173 255 255 0 0 0
    152 255 255 0 128 0 255 10 255 0 255 28 255 0 206 255 255 93 255 121
    0 0 0 161 255 255 255 174 0 255 0 255 255 120 255 255 0 255 0 0 141
    255 156 0 255 255 0 0 251 0 255 97 173 0 0 0 27 255 0 255 254 188 0
    0 0 255 255 213 0 0 0 255 79 255 0 170 255 0 0 0 0 255 255 255 255
    255 114 38 0 0 185 0 122 0 255 44 0 0 88 255 255 0 0 255 228 0 0 0
    255 148 255 0 24 0 255 0 214 255 255 0 0 169 255 0 56 0 255 0 255 0
    0 0 0 0 152 45 255 0 255 0 255 255 255 255 255 0 0 0 93 255 108 255
    255 0 255 255 102 0 16 0 255 255 0 0 0 0 255 40 0 0 154 116 255 0 0
    255 127 0 255 0 0 0 255 255 0 0 0 255 255 0 0 0 0 255 255 185 255 90
    255 0 255 112 165 102 165 0 0 255 0 255 0 255 0 255 0 255 89 255 126
    222 0 208 72 0 255 0 255 255 255 174 0 255 181 87 0 0 0 255 255 255
    0 0 0 255 255 255 253 0 0 0 0 0 116 121 255 14 255 255 0 0 0 255 0
    255 220 255 94 0 0 0 255 163 255 0 0 255 255 255 0 35 255 255 255
    255 0 0 0 255 255 114 0 255 255 0 0 0 178 0 255 255 255 0 0 14 255 0
    154 0 123 255 255 0 0 255 249 0 0 255 255 255 220 0 255 255 78 0 255
    0 255 255 255 0 0 255 255 255 113 0 228 255 0 255 255 0 38 255 255 0
    255 35 0 255 255 255 255 236 0 223 255 255 0 0 255 255 0 0 0 255 255
    255 255 0 0 0 0 0 0 0 255 140 255 0 255 212 255 0 255 0 0 255 242
    255 0 0 0 148 19 239 255 0 255 0 0 182 0 255 0 230 0 255 233 233 0 0
    255 0 0 0 255 0 0 178 0 124 0 112 0 255 237 255 255 7 0 117 0 184
    242 255 0 0 255 0 0 255 255 249 235 0 0 255 0 255 0 255 46 255 255
    255 0 0 0 255 0 209 255 255 255 0 255 117 255 0 0 0 255 0 255 255
    255 255 0 0 0 255 0 255 255 0 255 255 255 0 232 0 255 255 255 255 0
    0 0 100 110 255 224 38 0 136 0 255 59 0 0 0 255 7 255 0 255 0 255
    255 255 0 0 0 191 0 0 255 255 122 255 255 255 0 247 255 255 30 0 255
    0 255 0 255 255 255 255 220 255 0 255 168 236 0 0 255 0 255 0 255 0
    255 255 255 0 0 255 255 130 0 0 0 255 0 255 0 255 0 255 0 36 255 255
    0 255 0 11 0 0 255 255 255 255 255 137 0 0 0 0 184 255 0 255 0 0 0
    255 255 147 0 255 0 255 0 255 0 0 255 255 0 0 0 255 255 75 255 0 0
    255 0 0 0 255 255 255 0 251 255 255 0 0 0 255 255 245 132 38 0 255 0
    52 0 120 0 208 93 255 0 0 255 0 139 0 0 0 255 100 255 255 192 0 0
    255 255 0 0 255 149 0 0 243 255 255 255 0 114 0 255 0 0 255 0 255
    255 233 131 0 0 8 255 255 111 0 255 255 113 0 255 255 0 0 163 255
    185 255 0 255 0 255 255 255 0 0 0 0 244 255 135 0 82 255 0 255 0 255
    0 0 255 0 255 228 255 255 0 135 255 255 255 0 255 0 255 0 0 0 0 255
    255 255 0 149 0 78 255 255 255 0 70 255 255 0 255 255 255 0 255 0
    255 0 255 0 0 0 255 0 0 39 255 255 248 255 0 0 0 255 0 255 255 87
    119 0 219 49 255 0 25 0 255 255 255 0 0 0 255 255 255 255 0 255 0
    255 0 204 255 62 0 17 167 255 255 255 0 0 0 0 0 255 255 255 255 0 90
    214 99 0 255 255 0 0 0 255 0 235 0 255 0 255 0 249 0 255 255 0 81 0
    255 255 0 0 0 255 255 255 255 175 0 0 72 195 255 0 255 0 0 0 0 255
    17 255 0 160 157 255 79 0 0 255 146 0 0 255 255 0 0 0 255 0 0 59 0
    227 0 0 0 255 255 6 0 0 255 94 255 0 183 0 232 0 94 0 255 0 255 255
    131 138 0 255 255 0 47 255 0 83 226 13 0 179 255 120 0 0 58 102 74
    255 255 68 0 255 0 0 255 0 255 0 242 0 255 0 255 0 149 0 255 255 255
    255 147 0 255 0 96 0 255 0 0 73 0 0 0 255 253 255 0 255 0 255 255
    255 128 255 239 255 0 28 0 255 0 0 0 0 228 255 255 255 0 190 255 255
    255 0 0 23 255 255 71 255 0 255 255 255 110 255 0 255 255 127 153 0
    0 0 58 0 0 0 248 255 255 129 166 0 226 255 255 0 0 0 0 185 255 255 0
    255 255 115 0 0 255 0 160 0 255 255 255 255 0 0 0 95 0 58 255 255 0
    0 233 172 255 0 123 58 73 0 255 255 0 0 0 255 255 255 0 230 0 0 0 0
    191 0 0 0 0 0 0 0 255 255 191 0 255 0 255 28 255 241 255 0 52 0 197
    255 251 240 0 0 76 0 255 255 189 0 0 0 129 0 255 31 0 0 255 0 255
    184 208 98 0 186 255 255 255 69 255 255 255 0 255 0 255 255 255 255
    0 0 255 255 255 0 0 255 102 255 255 255 0 0 0 205 255 255 0 255 255
    0 0 255 109 255 255 183 0 255 255 105 0 0 255 0 158 0 255 0 211 0
    255 223 0 0 255 135 255 46 75 0 255 0 255 0 255 0 255 0 255 0 108 0
    255 0 255 0 255 0 0 71 0 146 0 255 141 255 130 255 0 0 0 0 255 202
    255 255 255 0 231 0 255 0 0 14 255 0 255 0 99 255 0 0 0 255 255 0 0
    49 255 85 255 0 85 0 75 0 255 255 255 0 0 255 0 0 255 6 186 0 255 0
    18 0 0 142 0 255 255 0 19 255 29 2 0 255 125 0 255 0 255 255 255 255
    0 0 172 255 255 0 0 255 255 0 0 0 255 223 209 0 219 0 255 111 255 0
    0 255 78 255 0 0 0 159 0 255 255 255 0 0 91 255 255 255 255 58 177 0
    191 0 255 0 255 0 255 0 0 0 255 255 255 0 0 105 255 175 255 0 255 0
    255 255 255 0 255 0 255 0 0 0 0 255 255 255 0 255 0 255 0 255 0 0 0
    113 0 255 0 0 255 255 0 0 175 0 0 255 255 111 255 0 255 255 0 0 124
    255 255 0 194 255 255 255 255 0 0 255 0 39 0 255 0 0 255 255 201 0
    255 255 255 255 255 37 0 0 255 255 255 8 255 255 230 255 0 0 255 255
    0 0 255 0 255 97 0 0 255 116 26 0 255 255 255 0 255 0 255 255 0 0 87
    255 135 255 255 255 0 0 0 0 0 0 255 0 0 0 0 255 255 255 137 0 255 0
    255 0 255 0 255 0 149 255 255 0 0 0 255 0 255 255 255 255 0 0 0 0
    255 0 255 255 255 255 255 255 255 0 177 0 255 0 84 255 255 0 93 0 0
    66 255 255 0 0 0 85 0 26 163 255 0 0 0 255 0 0 0 255 255 255 0 255
    38 255 0 255 0 174 255 0 0 0 149 0 255 255 0 255 0 255 0 0 198 255
    104 0 0 248 139 255 196 0 0 0 248 116 255 0 11 255 255 0 80 255 255
    255 0 255 0 255 255 208 0 255 196 0 0 255 255 255 0 0 0 255 255 106
    0 0 255 0 0 255 255 51 0 255 0 0 0 255 10 255 0 255 0 249 0 255 185
    0 255 0 255 0 255 122 0 10 0 255 255 255 0 0 255 255 255 255 118 255
    0 206 255 0 255 0 0 0 0 255 255 0 255 0 0 6 255 255 0 0 255 255 255
    0 0 0 0 255 0 0 255 255 255 0 0 191 255 0 0 0 255 255 96 83 0 203 0
    255 0 255 69 0 255 0 215 0 255 216 255 255 255 255 0 0 255 255 255
    255 255 70 0 0 255 0 255 255 0 120 233 255 255 143 0 0 255 255 255 0
    0 255 0 255 0 73 0 255 0 36 0 9 43 255 0 255 0 255 0 37 158 255 255
    255 255 255 255 0 255 186 0 255 162 255 255 0 255 0 255 0 255 0 255
    0 255 0 0 0 40 0 255 255 255 0 0 0 0 0 42 255 0 217 8 255 255 0 81 0
    0 0 255 255 105 255 0 255 0 255 0 255 255 0 0 0 61 255 255 0 0 206 0
    255 255 255 255 18 0 255 0 255 0 0 113 0 255 255 27 195 0 106 0 255
    255 0 171 255 170 30 154 0 134 0 255 0 255 114 255 255 0 255 0 0 0
    255 255 0 255 0 50 0 255 59 228 13 0 0 0 255 0 255 0 0 15 0 255 255
    29 0 0 0 0 0 255 0 0 0 210 255 255 198 0 0 255 0 0 255 0 255 219 255
    0 0 234 0 0 255 255 255 0 255 255 255 0 255 255 0 255 0 255 0 230
    160 202 1 255 0 255 0 255 255 255 0 255 0 0 224 255 255 0 255 0 255
    255 0 4 78 255 255 255 0 0 0 255 0 255 0 255 255 0 255 255 91 0 255
    0 255 0 214 255 255 89 0 0 63 255 255 0 0 255 140 0 255 29 255 255
    255 255 255 135 0 0 0 0 255 0 255 255 223 255 0 0 0 255 255 0 0 0 0
    255 0 255 255 0 0 23 255 0 0 255 206 255 0 0 95 186 129 98 255 255 0
    255 0 255 255 108 143 255 255 0 183 255 0 0 0 255 246 106 0 0 0 255
    255 95 255 0 226 0 255 237 0 0 0 255 0 255 0 0 0 0 255 255 0 0 0 255
    250 77 0 255 255 0 255 0 255 255 0 0 0 0 255 255 0 7 0 0 93 255 255
    0 255 255 0 0 255 255 255 0 81 0 0 255 255 50 0 255 255 255 0 255 0
    255 0 255 0 255 0 0 255 255 255 255 0 0 0 0 249 255 177 0 250 16 255
    0 0 0 0 255 200 255 0 255 0 0 0 255 255 221 0 0 203 0 88 199 4 0 232
    255 255 255 0 0 0 46 255 255 36 255 255 0 0 255 255 0 0 0 255 0 255
    16 255 255 108 0 255 0 255 0 255 0 255 255 255 140 0 15 0 0 0 255
    255 255 0 0 0 30 255 255 184 0 219 255 0 255 255 255 0 255 0 0 255
    58 255 0 0 0 255 255 96 0 0 0 255 0 0 165 255 255 255 0 255 0 18 0 0
    162 37 0 255 255 0 0 0 255 104 90 0 136 186 255 87 255 255 255 255 0
    54 255 180 255 255 255 0 0 119 86 255 0 255 0 0 0 255 0 255 200 255
    87 0 119 255 0 255 0 255 155 255 0 255 255 0 0 255 246 0 255 107 255
    0 195 0 0 255 0 255 255 215 241 0 255 149 0 0 35 0 0 255 0 247 0 245
    0 255 255 81 0 255 255 255 255 255 84 0 0 31 255 255 255 255 0 61 80
    0 0 255 255 255 255 0 255 0 255 253 0 255 0 255 255 0 0 0 0 26 0 255
    0 0 0 255 21 255 0 255 179 255 0 186 0 255 0 0 0 229 255 255 255 255
    102 0 60 105 255 0 201 218 255 0 0 0 255 0 255 0 42 0 255 255 0 255
    0 255 41 255 0 0 0 242 255 255 236 255 0 255 0 255 0 255 0 255 0 0 0
    255 0 255 255 151 0 255 0 0 0 0 255 255 255 0 0 0 0 0 0 255 35 0 255
    0 0 0 0 255 255 255 0 255 0 157 0 255 255 0 0 0 255 252 0 255 0 255
    54 255 0 0 255 255 0 153 31 255 0 0 255 255 255 0 0 0 255 222 255
    255 255 0 0 0 255 0 168 255 238 199 52 0 0 255 255 161 200 255 0 0 0
    72 255 255 0 154 0 255 0 255 0 255 0 255 255 255 138 0 0 255 31 58
    255 0 120 0 255 255 255 0 255 255 255 142 0 0 255 233 0 0 0 255 67 0
    0 0 255 0 255 255 0 198 57 51 0 0 255 0 255 255 0 255 255 255 0 0 0
    255 255 0 0 0 255 37 0 0 255 0 255 255 255 255 255 0 101 255 255 255
    0 217 0 255 0 0 0 65 255 0 0 0 255 255 255 0 0 255 55 255 0 0 48 255
    116 255 0 0 0 255 255 255 0 0 0 255 255 255 77 255 255 0 0 0 255 0
    44 0 255 255 255 255 0 0 255 255 0 255 0 0 0 180 255 255 0 255 255
    255 34 0 255 255 255 144 0 255 49 0 0 255 255 255 255 0 185 182 218
    0 0 252 255 255 0 235 255 249 0 160 149 0 136 175 0 0 0 111 255 0
    255 33 244 0 255 255 255 255 255 0 183 255 255 0 0 255 255 0 0 79
    255 255 113 255 0 0 255 255 255 0 255 0 255 0 0 203 255 255 0 255 0
    255 0 255 255 255 119 189 255 0 0 52 54 255 45 255 0 255 0 0 198 255
    0 0 240 0 0 64 0 255 255 93 0 0 255 255 0 255 255 0 255 255 255 151
    61 0 175 255 255 255 255 255 0 0 255 255 127 255 255 0 0 0 255 255
    211 0 226 246 255 255 0 255 123 0 0 0 255 255 0 0 255 255 0 255 255
    255 255 0 255 0 4 180 0 255 0 255 255 255 255 241 0 0 0 0 255 255
    255 0 79 29 50 190 95 0 255 255 2 0 255 6 255 255 0 0 255 55 255 0
    255 255 255 0 0 0 255 255 255 0 0 255 255 132 0 255 255 198 0 118
    115 211 0 0 255 255 255 255 255 0 0 0 155 255 255 0 0 255 255 85 236
    0 122 215 255 0 99 0 255 0 255 255 2 255 0 255 255 0 250 255 0 255
    255 10 0 0 37 0 0 255 0 255 255 0 0 0 164 255 255 0 165 0 255 83 255
    0 255 255 0 255 107 255 8 177 0 0 85 0 255 0 0 0 39 134 255 0 255
    255 0 0 255 255 0 0 126 39 255 255 0 255 198 80 0 255 22 154 0 255
    164 255 255 255 255 255 0 0 0 255 111 0 255 0 154 0 0 255 255 255 0
    255 53 0 255 180 255 255 0 0 0 0 255 0 255 0 255 0 0 0 34 0 255 255
    0 255 255 0 255 49 200 245 0 75 255 255 255 0 255 255 255 0 255 255
    204 0 0 251 194 0 70 255 255 0 255 0 255 204 63 255 255 218 0 0 0 31
    255 255 240 142 0 226 0 80 94 255 0 0 61 255 255 255 255 0 0 0 255
    255 165 0 255 0 255 255 104 0 226 0 255 255 96 255 255 129 0 125 66
    0 0 255 79 255 255 255 150 0 255 0 0 0 0 26 255 255 186 0 157 255 0
    255 255 255 255 255 255 0 255 68 255 255 0 0 2 82 0 0 0 0 255 228
    255 255 189 0 255 0 255 255 0 0 0 0 255 0 255 30 255 111 102 87 135
    255 214 0 255 0 255 0 0 160 255 0 255 0 255 255 255 0 0 255 255 0
    220 255 255 0 0 0 255 0 255 0 255 255 0 0 0 0 255 63 240 112 255 255
    255 11 188 0 0 0 255 255 7 0 255 255 0 0 131 190 0 255 0 0 0 255 255
    255 255 255 0 97 255 0 255 0 44 0 255 40 255 255 255 0 255 255 255
    255 0 255 0 0 0 252 255 255 255 0 144 190 255 0 139 0 175 182 255
    255 0 0 0 34 139 255 0 255 0 255 0 0 0 255 29 0 245 255 190 0 0 0
    255 255 0 255 0 255 255 255 255 12 0 0 0 255 0 255 255 255 0 0 0 212
    57 255 0 0 0 255 255 255 213 126 255 162 0 255 0 0 0 255 255 255 0
    255 255 255 255 0 255 66 255 0 0 0 0 255 255 0 198 0 255 0 255 0 255
    137 48 0 255 82 255 255 0 0 0 255 255 255 0 49 255 121 255 0 255 0
    255 255 0 0 42 255 255 255 0 0 255 255 0 0 255 255 0 0 0 255 255 0 0
    0 59 255 255 103 0 0 0 0 0 115 0 255 255 0 115 0 0 0 0 255 0 255 0
    255 255 0 201 0 142 0 0 0 9 255 0 255 0 0 0 255 83 255 0 255 0 255 0
    0 0 255 0 255 0 105 14 181 0 255 221 0 255 255 255 0 0 103 255 255
    255 0 0 0 68 9 255 64 255 174 255 255 188 0 0 0 0 0 0 0 255 0 0 63 0
    255 184 255 255 255 202 0 0 255 255 127 76 255 255 255 255 255 0 0
    246 255 0 255 255 164 53 255 0 188 0 154 0 110 147 255 0 0 255 255 0
    18 255 255 0 0 0 255 0 255 0 255 107 0 255 0 255 145 0 157 255 255
    204 0 0 0 0 255 255 0 95 0 0 0 0 0 113 40 255 255 188 0 255 255 255
    255 0 0 205 0 255 0 255 99 255 0 0 0 255 255 0 0 188 17 255 0 255 0
    0 0 212 0 255 255 210 0 0 255 255 0 255 59 255 0 255 3 255 0 0 23
    214 0 0 111 0 255 216 245 0 254 11 12 141 255 182 255 0 255 255 76
    255 255 0 9 0 255 255 229 255 0 118 95 255 0 0 0 255 255 83 0 255
    107 255 0 255 255 255 0 0 0 0 255 64 255 255 0 96 0 255 127 0 255 98
    0 0 255 255 255 0 0 0 0 0 255 255 27 0 255 0 255 0 255 255 10 255
    255 255 255 0 0 255 255 255 255 255 0 0 32 255 30 30 0 255 255 255
    255 111 55 255 0 159 0 255 0 0 0 255 45 103 0 0 13 0 255 255 255 0 0
    0 239 255 0 0 255 255 248 0 138 255 255 0 255 0 160 0 255 255 255
    155 0 0 255 106 0 255 255 255 0 0 0 255 255 255 255 0 0 0 0 255 37 0
    0 169 0 255 0 164 0 0 0 255 255 255 255 255 255 255 0 0 0 0 255 0 0
    0 0 0 0 0 255 77 255 0 0 255 255 0 0 0 255 255 201 255 255 0 0 0 255
    0 255 151 255 0 255 255 0 0 255 255 0 255 0 255 47 125 73 0 74 0 0
    40 255 255 255 255 255 255 0 3 0 255 135 13 118 0 255 0 255 0 255
    255 255 0 255 255 152 0 255 0 255 0 255 255 255 255 0 0 0 255 255
    255 77 255 168 253 0 0 0 224 255 0 0 0 0 255 0 255 160 255 255 0 255
    255 255 0 0 204 0 0 255 255 255 0 0 20 0 255 255 0 184 0 166 255 255
    252 0 0 0 0 0 192 100 255 255 0 255 61 255 0 120 0 255 177 20 0 0
    255 29 0 0 255 255 0 125 34 255 255 0 0 0 28 255 255 255 0 0 255 0
    82 255 255 87 0 0 0 0 194 0 255 44 0 0 0 255 82 47 0 0 36 255 129
    255 84 0 255 197 255 255 255 255 202 255 90 255 0 0 8 255 91 255 255
    0 0 0 38 204 0 255 255 0 0 0 255 0 162 0 255 0 255 255 114 255 255
    227 0 0 255 255 255 255 0 255 0 255 0 255 0 255 202 255 0 0 0 210
    255 202 62 255 255 134 0 0 255 0 255 0 255 0 255 255 72 0 113 255
    255 255 215 0 0 0 209 255 255 255 0 255 30 255 247 255 0 100 255 72
    255 0 0 255 0 255 0 255 0 255 0 255 128 149 0 0 0 0 255 0 255 0 255
    0 0 0 148 255 0 255 255 255 0 0 255 255 90 0 153 252 255 43 0 255
    255 255 0 0 0 0 255 255 0 0 0 32 0 255 0 255 73 255 255 0 0 0 255 14
    0 255 255 0 255 0 255 0 255 247 0 255 255 255 255 0 255 0 255 140 78
    255 0 0 11 255 255 85 133 0 0 35 255 0 62 181 0 111 108 237 255 255
    0 255 0 0 255 0 240 0 255 0 0 255 19 255 234 163 57 0 255 161 255
    255 255 151 0 255 0 255 255 0 5 255 0 255 255 255 104 0 0 0 37 0 0
    255 255 32 0 0 255 0 52 0 0 0 0 0 255 0 255 0 255 0 255 0 255 0 99 0
    255 198 0 251 0 255 0 0 0 255 255 0 255 255 255 126 44 0 0 255 140
    255 0 73 0 0 0 0 0 255 255 255 255 0 0 87 206 255 0 255 186 255 255
    251 255 0 117 0 77 0 0 255 255 0 0 255 255 255 35 50 0 109 0 41 0
    255 255 255 117 9 255 255 0 255 255 255 255 255 255 0 80 255 255 0 0
    0 255 249 0 24 255 255 0 249 255 0 255 146 0 0 255 255 255 0 0 0 255
    255 255 0 0 255 255 255 0 0 0 165 255 255 166 0 0 255 126 255 0 0
    255 177 255 255 55 255 0 0 0 0 255 255 0 0 0 255 255 149 255 0 255
    255 255 51 0 89 162 177 255 0 255 0 255 0 0 0 0 0 51 237 255 112 0 0
    0 255 255 0 191 0 255 41 255 255 0 0 0 255 224 255 0 0 0 255 255 42
    255 125 255 0 0 255 0 255 101 26 0 255 255 255 255 0 0 0 249 255 81
    179 0 255 255 255 0 0 255 255 120 174 12 255 255 0 0 96 0 51 0 255
    255 0 255 0 0 255 135 171 185 255 0 0 255 255 0 169 255 182 255 255
    91 0 146 107 90 0 255 255 255 255 0 177 0 255 0 181 0 255 255 0 0
    255 11 110 255 255 255 97 18 0 0 0 255 255 255 0 53 255 255 0 0 0
    255 0 255 255 255 255 255 0 143 220 255 240 51 255 255 255 0 0 255
    255 12 0 0 0 166 0 255 255 255 88 255 56 255 255 140 219 255 0 0 0
    209 0 0 111 44 255 0 250 0 52 255 255 147 255 181 255 255 0 0 0 0
    255 89 0 0 76 255 0 255 0 0 0 0 255 0 255 0 255 0 255 0 150 255 0
    255 255 0 0 0 151 255 255 0 94 0 226 0 0 12 255 226 0 202 0 0 14 255
    0 249 255 255 136 0 0 0 255 255 255 0 255 0 0 244 175 255 255 253 0
    0 0 0 0 255 148 0 160 255 0 0 0 0 255 138 255 255 0 0 0 0 255 255 0
    0 0 255 255 255 0 0 0 42 255 0 255 0 255 255 125 251 0 0 255 115 0 0
    255 0 255 0 255 255 255 144 255 0 139 0 255 255 45 0 255 0 255 0 54
    0 0 0 250 255 121 249 0 0 0 78 0 215 0 255 0 255 0 255 159 0 255 255
    25 0 255 0 0 40 255 255 0 0 255 255 0 255 255 0 0 255 255 199 0 66 0
    255 255 255 0 0 0 255 0 255 12 255 0 0 0 147 35 255 0 0 255 255 0
    255 0 0 92 255 70 167 41 255 0 255 0 255 255 0 0 255 255 150 255 0
    132 231 255 255 75 0 255 255 255 99 255 0 255 0 0 255 0 255 0 255
    255 255 0 255 0 84 70 198 240 0 0 0 255 24 255 255 0 0 0 255 104 154
    0 255 157 35 0 241 255 33 0 188 227 255 0 255 0 82 110 255 255 255
    255 255 70 0 224 169 255 0 255 0 255 141 255 0 29 0 252 0 16 255 0 0
    255 255 0 0 0 0 255 0 226 191 255 255 0 0 255 255 0 85 255 255 0 255
    0 96 64 0 0 159 195 255 255 0 0 255 0 31 0 0 255 255 0 0 224 228 0 0
    255 0 0 0 0 0 207 255 122 255 0 255 0 255 253 255 255 0 255 255 0 0
    255 0 255 0 0 255 255 243 0 0 255 255 0 0 255 255 255 0 255 255 255
    11 255 0 187 0 169 255 0 255 0 255 183 0 152 130 0 54 0 0 255 16 255
    0 255 255 255 0 234 0 255 0 0 0 255 153 255 0 218 0 255 154 255 0
    255 0 0 0 255 255 0 0 0 255 255 0 0 0 0 255 255 0 0 255 0 255 255 56
    0 0 107 0 255 0 0 255 174 255 0 255 0 255 0 0 0 255 0 0 255 255 0 0
    0 255 65 255 255 0 255 0 255 0 255 0 255 255 193 89 217 255 0 255
    255 0 0 0 200 0 255 255 255 0 255 255 82 0 0 77 255 255 255 0 0 0 0
    0 255 0 255 255 255 0 0 0 255 255 255 0 255 0 0 0 255 255 172 87 0
    255 255 255 0 0 0 0 255 0 255 255 251 0 139 0 255 0 206 255 255 255
    3 41 0 255 255 255 86 255 0 0 0 0 147 209 255 255 255 103 0 102 255
    255 0 0 0 168 89 255 255 0 255 0 0 0 255 255 0 255 0 87 255 0 0 0
    255 0 47 255 255 33 0 255 255 16 255 58 0 0 179 31 255 0 0 0 255 80
    0 255 129 255 0 0 0 255 255 255 0 0 0 0 0 255 8 0 0 40 0 0 3 0 0 222
    121 255 255 255 255 0 0 0 255 255 0 0 255 255 255 0 0 182 255 255 0
    241 27 53 114 180 123 0 0 0 44 255 0 78 0 255 112 255 27 255 255 255
    255 159 0 255 0 2 255 0 0 105 218 33 39 0 0 255 255 0 255 151 22 0 0
    0 255 255 255 255 0 0 0 0 0 255 255 255 255 255 255 255 0 0 255 255
    108 0 31 255 255 255 255 0 0 255 255 0 0 156 0 255 255 255 0 0 0 255
    255 255 255 147 0 0 255 255 0 232 255 255 0 255 0 255 255 255 0 0
    118 255 0 0 0 64 159 255 255 255 105 129 0 220 255 0 255 255 0 236
    255 58 0 0 255 255 0 255 105 255 0 255 0 255 255 211 0 255 197 232 0
    255 0 55 255 0 255 255 255 0 199 255 0 255 0 255 255 255 63 213 73
    35 121 0 255 241 255 0 0 0 0 255 255 120 255 255 255 179 204 255 0
    114 0 255 255 118 255 247 69 255 0 255 255 78 0 251 255 255 0 116
    111 0 255 255 0 255 0 255 53 255 0 255 255 255 0 0 255 255 255 0 0 0
    255 0 184 0 255 0 0 255 0 0 0 242 0 0 255 0 255 0 0 0 255 254 255 23
    151 0 0 255 64 0 255 255 255 0 0 0 255 255 255 0 0 205 255 242 0 255
    0 255 255 0 194 0 0 0 255 255 165 0 193 255 255 6 191 0 255 0 255 0
    0 0 255 255 133 30 65 0 0 255 0 255 0 0 0 168 0 255 255 255 36 255
    250 0 0 0 247 255 255 255 0 0 60 255 255 23 255 255 0 0 255 36 255 0
    255 0 255 255 255 106 156 0 0 0 72 255 0 147 0 61 0 153 49 255 255
    255 255 255 255 0 0 0 0 16 255 0 13 255 0 255 0 6 0 174 255 255 0
    255 0 0 0 255 255 255 56 0 255 255 122 12 0 0 255 255 255 0 49 0 165
    255 157 0 97 0 255 21 52 255 0 255 255 16 0 0 0 255 255 255 255 255
    0 0 255 255 201 0 0 255 0 255 0 0 255 255 255 110 232 255 0 0 0 255
    0 131 0 255 0 205 255 255 0 0 67 226 236 0 255 0 0 0 255 255 103 195
    0 0 255 0 0 0 255 0 255 0 86 217 0 0 140 0 0 0 0 255 75 0 102 255
    255 255 0 129 0 158 75 0 255 255 255 255 0 65 255 0 0 0 0 255 255
    255 255 255 0 0 0 255 255 0 255 0 0 255 255 255 0 255 255 255 255
    255 0 0 255 32 255 58 0 255 255 255 0 0 109 0 255 0 255 143 0 0 0
    255 172 225 0 255 255 107 0 0 255 255 255 0 0 0 255 88 113 92 0 0
    255 132 157 0 0 78 255 255 0 255 0 255 255 255 0 255 0 0 0 255 0 0 0
    255 255 0 255 255 255 0 255 90 255 255 255 255 0 0 236 255 0 0 255 0
    0 255 0 0 0 0 255 114 255 0 255 0 0 0 2 255 255 140 0 141 0 255 0
    255 0 255 117 255 0 0 0 102 255 255 0 0 0 255 255 159 0 255 255 255
    135 0 0 0 82 0 59 0 166 0 255 234 255 255 255 0 0 255 255 122 0 255
    0 255 54 255 255 45 0 157 255 255 62 0 255 255 7 189 122 0 57 83 255
    177 255 255 0 255 0 255 255 255 0 0 10 0 255 255 211 0 255 0 0 255
    255 255 255 22 0 0 255 255 0 0 255 255 255 254 255 0 0 0 0 0 255 255
    255 255 0 24 255 255 0 0 0 0 233 255 255 255 0 255 255 255 89 0 72
    255 0 255 0 223 255 0 255 0 127 0 255 0 0 0 0 255 255 0 0 0 255 194
    255 0 255 255 0 147 40 0 68 255 255 0 0 0 169 0 255 197 255 0 0 0 0
    77 90 255 58 255 0 255 0 0 169 255 255 255 0 0 19 0 160 255 136 188
    32 255 0 255 255 255 194 0 0 0 255 0 0 0 255 255 27 0 255 0 99 0 255
    0 255 0 255 255 229 0 0 255 255 255 255 0 255 0 255 80 255 0 255 0
    145 255 0 0 255 44 255 255 255 0 0 255 254 0 0 255 0 0 0 255 203 48
    255 0 0 0 237 0 224 255 255 15 255 0 0 255 255 255 0 0 156 0 0 0 0
    255 0 255 0 255 60 255 123 255 255 0 0 255 78 131 255 255 255 0 0 0
    0 255 255 0 105 0 255 0 255 255 0 0 0 4 255 255 0 0 0 137 0 255 255
    255 0 0 255 255 255 0 0 80 0 0 255 193 0 0 255 255 236 216 0 255 255
    255 255 29 0 0 0 0 255 255 255 0 255 0 0 0 0 255 0 23 255 0 0 255
    255 255 0 255 0 255 0 255 255 255 0 0 255 217 255 0 0 0 255 255 0 0
    0 255 0 134 0 255 0 255 0 121 255 0 255 255 0 0 0 255 0 0 53 255 255
    0 0 111 255 255 0 255 255 255 0 0 255 0 214 0 255 0 255 178 0 0 255
    204 255 255 255 0 0 0 0 255 255 255 255 0 0 184 100 0 255 255 0 255
    255 255 255 25 0 0 0 255 255 179 0 0 42 0 255 255 255 0 0 0 255 66
    255 0 191 0 119 22 255 0 0 73 255 255 149 0 255 255 255 255 0 166 0
    255 208 255 255 26 140 255 0 255 0 255 39 0 0 37 255 0 0 255 0 255
    255 255 255 0 255 255 0 0 0 0 255 158 0 255 0 255 255 255 0 254 0
    255 0 255 0 255 0 255 0 255 255 255 255 0 255 248 255 0 0 255 0 195
    255 255 0 0 255 0 243 0 255 0 233 0 255 0 255 0 206 255 255 255 14 0
    0 255 255 255 255 0 0 93 255 0 0 255 0 255 255 28 0 0 159 0 255 201
    255 0 255 255 212 0 255 232 0 0 255 255 134 0 255 55 36 0 0 255 255
    255 70 255 0 255 242 255 0 255 255 255 255 255 0 255 94 255 218 0
    255 176 189 0 255 247 0 0 0 255 60 255 223 200 255 0 0 0 158 226 105
    247 50 255 148 255 181 0 222 0 0 0 187 60 255 0 199 210 0 0 140 0
    255 0 255 204 0 0 255 205 255 17 255 255 0 0 255 236 255 0 255 255
    150 0 222 9 148 0 255 255 227 255 255 255 23 255 0 255 0 73 0 0 0
    255 255 0 0 255 255 75 255 255 25 255 0 0 1 0 0 255 218 0 0 0 255 0
    255 244 255 255 0 0 0 222 255 255 255 0 255 0 0 0 255 255 255 255 0
    255 0 0 0 0 255 255 255 0 74 168 255 255 0 0 255 255 255 0 255 0 42
    255 255 255 0 255 255 0 0 0 0 255 255 104 0 0 0 255 0 255 0 0 0 255
    255 255 114 255 0 255 0 0 0 255 0 255 255 0 255 0 255 0 255 103 255
    255 255 250 9 0 0 0 217 255 255 0 0 255 0 255 56 0 255 0 255 248 0 0
    0 0 0 0 255 255 0 0 0 255 255 0 0 109 255 255 124 38 164 0 0 0 0 255
    255 255 0 0 0 255 255 255 255 130 255 0 0 255 255 255 0 0 255 157
    240 188 0 255 163 255 0 252 255 108 0 255 255 0 32 255 0 0 0 255 0 0
    67 255 147 254 0 255 0 0 255 255 255 0 0 255 31 0 0 0 255 0 0 0 255
    255 0 255 0 0 0 145 0 255 191 182 255 102 255 0 0 18 98 255 8 0 208
    255 255 225 0 0 253 255 0 0 0 125 255 255 255 0 255 223 255 0 88 255
    0 255 0 0 0 255 0 255 255 255 255 255 151 0 255 109 255 255 255 255
    255 255 255 0 255 255 0 0 255 255 255 255 213 219 0 255 255 127 255
    0 0 0 255 0 0 0 255 0 0 255 0 255 255 255 97 0 0 17 43 0 0 255 255
    255 243 0 255 255 0 224 0 0 191 117 255 255 0 0 0 0 0 0 255 0 0 201
    255 144 0 0 255 255 255 0 0 0 0 0 255 255 255 0 0 5 255 0 255 255
    255 255 0 0 0 255 0 255 255 202 105 0 0 0 0 0 255 0 0 0 255 255 23 0
    95 102 134 0 255 255 255 0 255 0 217 0 0 0 201 0 255 88 0 0 0 255 0
    0 183 23 255 0 255 255 230 255 0 0 140 0 48 2 255 0 73 0 0 255 255 0
    0 0 255 255 0 0 0 255 255 255 0 0 0 0 255 0 59 0 255 255 54 0 0 125
    0 0 0 255 77 255 0 255 0 0 155 255 255 0 226 255 255 255 0 0 0 255 0
    255 0 127 255 255 0 0 58 1 255 0 255 255 0 0 255 255 255 157 0 184
    255 255 255 151 255 0 86 129 255 0 255 122 255 0 255 255 234 255 0
    255 132 39 255 30 0 255 255 233 0 0 0 255 255 255 0 0 104 255 0 146
    255 0 255 0 4 0 255 0 255 0 142 255 0 255 255 245 0 214 255 255 255
    0 0 255 0 255 0 255 255 0 185 0 255 255 0 123 26 20 0 255 156 255 0
    0 255 255 244 0 255 0 0 255 255 0 60 219 255 255 0 213 255 170 255
    255 255 255 161 23 0 255 62 255 0 0 0 255 0 255 255 255 186 255 22 0
    255 0 0 109 0 255 255 255 255 0 255 0 0 0 255 36 0 255 0 255 0 0 0
    255 0 0 0 0 255 255 255 0 0 255 255 165 0 0 0 0 255 255 0 255 0 3
    255 255 0 255 0 103 0 255 0 0 0 255 255 20 0 0 255 255 0 255 148 165
    0 255 170 255 0 190 255 255 255 0 0 230 255 255 0 37 150 255 255 0 0
    255 0 69 0 255 63 255 0 12 0 255 255 80 127 255 255 121 255 0 0 222
    255 255 227 255 190 255 0 255 192 0 0 0 0 255 255 255 165 0 0 0 255
    0 0 0 255 255 0 0 255 255 0 255 0 255 0 42 0 255 255 51 255 24 255
    255 0 0 155 35 0 171 255 211 255 188 0 255 0 255 0 0 255 255 0 0 0
    10 255 0 229 0 255 0 191 0 0 0 0 0 255 0 255 255 249 0 131 0 219 0 0
    255 255 137 80 255 0 255 0 255 255 0 0 255 255 255 255 18 255 0 0
    255 0 255 0 117 255 255 29 0 255 255 0 0 255 255 1 0 255 0 255 255
    147 255 0 86 0 26 255 255 0 0 255 255 255 255 255 0 255 255 255 0
    255 0 0 92 255 255 97 148 20 255 0 0 0 255 97 0 49 80 0 255 255 0 0
    255 0 0 0 255 0 255 0 0 255 255 0 0 169 52 248 15 0 255 0 0 0 0 255
    255 0 1 60 102 234 0 255 243 255 194 0 0 255 0 0 0 0 255 0 255 123
    255 0 255 0 0 0 255 79 0 255 0 0 0 188 255 255 73 255 0 0 0 0 255
    255 255 0 0 0 46 209 232 255 151 255 99 0 0 0 0 255 204 255 0 0 87
    223 255 0 255 0 255 0 0 0 0 255 255 0 240 0 255 0 255 40 251 196 255
    3 0 255 0 0 255 255 255 145 255 0 98 0 255 0 255 0 255 0 0 255 0 0 0
    0 255 0 0 255 255 255 255 138 92 255 0 0 0 31 255 0 0 0 255 0 0 0
    255 0 255 255 188 0 255 88 7 255 255 255 0 0 0 255 0 255 0 255 255
    167 0 255 0 255 210 0 255 0 255 0 255 0 255 255 255 0 255 39 0 0 255
    152 226 0 0 0 0 255 241 255 255 0 0 0 255 255 255 0 0 0 184 255 111
    255 0 255 0 255 255 255 255 0 255 0 255 0 255 0 255 158 255 0 0 255
    94 255 255 0 255 0 0 0 0 255 255 0 255 255 255 0 255 0 255 0 255 255
    255 0 144 0 255 255 255 55 0 255 0 239 255 0 255 255 255 255 168 255
    0 255 0 255 0 255 255 0 0 255 255 255 0 0 112 255 0 0 255 255 255
    255 0 0 0 255 0 0 4 255 142 255 0 0 255 255 0 185 255 255 0 56 255 0
    0 0 0 255 255 255 0 255 255 0 255 0 23 96 0 0 0 255 255 0 46 93 255
    0 255 142 255 0 0 0 255 246 0 8 0 255 214 255 0 0 255 0 255 0 255
    255 0 0 255 74 255 0 0 0 0 147 0 255 0 255 0 74 0 78 0 111 131 255
    255 139 0 0 119 78 255 255 255 0 0 0 0 127 0 0 0 0 255 0 255 98 255
    255 53 0 0 249 255 0 255 149 255 0 151 0 0 255 255 255 0 255 255 255
    0 255 0 187 0 0 255 151 0 255 0 255 0 0 118 255 0 255 255 0 0 0 0 0
    255 0 0 255 0 255 0 255 0 0 0 0 255 55 60 0 255 255 166 0 0 255 255
    0 182 0 255 0 255 0 255 0 255 0 255 255 83 0 255 255 242 0 0 0 255
    255 181 0 0 255 255 255 0 0 255 255 255 255 0 255 255 255 255 0 0 0
    255 255 255 0 255 0 255 255 0 0 5 255 255 0 0 0 195 6 255 0 0 124 60
    255 0 0 0 144 255 199 255 0 0 255 255 84 0 255 0 255 255 255 0 0 255
    255 255 0 34 255 0 0 0 255 0 82 139 193 255 0 32 0 255 0 255 0 0 0
    255 255 0 22 255 255 0 0 211 255 0 0 255 255 255 255 212 0 0 0 0 255
    157 76 0 255 0 255 0 255 255 0 255 0 0 255 0 255 0 239 183 255 0 0
    255 255 255 255 255 0 189 255 0 0 114 0 255 255 255 0 11 0 0 190 255
    255 223 8 0 255 255 255 255 0 60 0 24 255 255 0 0 8 255 255 238 184
    0 255 43 3 0 255 255 255 255 0 255 0 255 255 0 255 0 255 0 0 50 0 0
    0 255 0 90 255 255 0 255 255 255 0 69 0 0 255 49 255 255 0 255 129 0
    0 255 0 220 0 0 0 255 255 0 0 255 255 255 255 28 0 255 161 255 0 255
    0 255 0 255 255 192 0 255 240 0 0 255 255 255 146 255 255 255 222 0
    0 255 255 255 255 0 0 74 0 255 0 75 255 255 0 0 255 255 245 0 255
    255 255 255 0 255 204 255 179 255 0 56 0 255 255 0 171 0 255 0 255 0
    255 6 0 0 0 255 0 255 255 122 255 69 0 233 0 255 0 255 255 255 0 0
    255 255 62 0 0 0 255 255 255 0 0 0 255 255 0 255 0 0 27 248 255 0
    255 0 255 0 88 255 255 255 0 0 255 0 0 0 255 0 255 130 28 0 116 0 0
    255 255 0 0 0 255 39 255 0 107 255 0 255 255 192 0 0 48 255 255 0
    112 0 255 255 255 0 0 0 0 255 87 233 109 0 0 255 0 255 255 7 255 255
    255 103 5 0 0 255 0 0 133 255 0 0 0 255 102 255 0 0 0 0 255 0 255
    255 255 0 178 0 255 29 0 96 0 17 0 255 0 255 0 0 255 25 255 255 255
    0 31 255 0 255 47 255 0 0 0 255 255 255 255 0 155 255 255 0 0 0 65 0
    0 255 0 0 0 255 0 0 0 255 255 18 159 255 255 104 0 0 0 255 0 255 66
    0 226 71 0 0 0 0 255 0 151 0 12 255 0 255 255 124 207 255 0 0 255 0
    37 0 0 0 255 0 214 255 255 0 0 0 226 0 0 217 0 144 0 255 255 0 140
    255 255 0 0 250 255 0 255 0 255 0 255 0 0 0 255 255 0 255 255 144 87
    144 255 190 32 255 34 11 0 0 0 255 255 0 0 0 0 0 0 0 0 255 122 0 0
    255 255 0 0 255 172 255 0 124 112 255 255 255 234 0 0 0 255 255 0 89
    0 255 0 255 0 0 255 169 255 255 4 0 156 0 0 255 50 77 89 103 255 255
    255 0 0 0 255 127 83 255 0 255 255 255 0 0 0 151 0 255 99 255 255 0
    0 255 255 255 255 90 255 0 255 255 255 0 239 0 255 0 35 0 0 255 0 0
    0 255 0 0 255 255 255 0 0 255 255 255 0 0 0 255 0 143 255 233 255 0
    255 255 18 255 255 18 255 0 255 255 0 0 255 249 252 0 255 255 255 0
    0 170 0 255 255 255 76 0 17 255 0 0 0 255 255 0 151 0 255 0 0 0 58
    255 255 0 255 0 255 255 255 0 0 0 255 0 0 0 255 98 255 51 255 255
    255 255 255 0 138 0 255 0 194 0 255 255 0 248 49 0 0 255 255 0 0 174
    0 245 198 255 0 16 255 255 255 0 255 0 255 0 255 255 0 237 255 255
    255 0 255 0 203 0 255 137 131 255 85 255 255 255 0 255 0 255 192 0
    255 0 0 255 255 180 0 255 197 0 0 0 255 0 0 0 255 255 15 90 255 0
    108 255 0 0 0 255 255 0 0 0 255 255 255 255 200 0 255 255 255 0 0
    163 255 255 0 0 0 0 0 255 169 37 0 0 255 0 255 0 0 0 0 130 235 42
    255 0 83 0 14 0 0 0 255 180 118 255 255 0 255 0 188 178 186 255 255
    255 0 243 31 0 0 255 255 0 255 0 255 0 255 0 0 0 255 248 56 0 0 99 0
    43 134 0 255 255 0 0 0 0 255 0 255 150 255 255 0 92 0 255 255 255
    224 255 242 0 255 0 0 0 255 0 0 0 255 0 0 255 255 255 236 0 0 255 0
    255 255 0 255 255 255 0 0 246 0 170 0 255 0 152 0 255 0 0 0 0 255
    255 255 0 64 57 113 0 0 255 0 255 0 134 0 236 255 146 0 195 255 0
    255 255 255 0 255 192 255 0 255 255 0 255 0 255 255 0 140 0 255 0
    255 0 0 0 255 0 199 0 255 47 70 0 255 0 0 0 255 255 255 0 0 0 0 255
    255 0 0 243 0 0 0 255 0 255 0 255 255 255 119 0 0 0 255 0 0 0 255
    255 141 255 0 41 255 39 172 69 10 0 255 255 255 255 255 0 0 0 0 255
    0 255 235 255 0 0 0 255 255 255 0 0 0 255 255 0 255 0 255 255 174
    255 255 0 0 0 255 0 0 58 255 255 0 0 18 255 255 255 255 132 0 0 255
    0 0 0 0 0 0 68 255 0 255 255 255 255 255 0 171 0 0 255 0 0 0 172 255
    255 0 169 255 0 255 0 215 0 224 0 34 255 255 255 0 126 71 255 255
    160 233 0 0 0 0 202 255 0 255 0 255 0 234 0 255 50 0 0 0 0 174 255
    255 255 255 255 255 0 255 255 255 0 0 0 255 255 255 0 0 0 26 0 56
    255 255 36 255 0 0 0 255 217 255 255 115 255 0 0 0 255 0 255 0 0 0 0
    255 255 255 9 255 255 207 0 255 117 255 0 255 198 255 0 255 255 0 0
    255 255 0 0 159 90 0 42 0 227 0 0 255 214 44 160 255 0 255 0 0 255
    255 0 47 255 255 0 255 0 123 16 0 0 0 228 255 255 255 0 255 148 0 0
    255 66 65 0 255 71 255 255 255 0 98 0 255 0 255 255 255 255 0 255 21
    255 255 0 25 0 255 255 0 0 0 255 255 255 0 227 0 255 255 13 61 0 57
    0 0 255 255 116 255 0 0 0 203 255 255 25 0 255 255 0 0 0 31 255 0
    217 0 255 255 255 122 0 0 255 255 255 255 0 0 255 95 255 255 0 44
    245 255 255 255 0 0 0 255 255 255 0 255 0 255 121 255 255 75 0 0 255
    255 255 0 216 255 0 255 255 255 255 0 154 189 0 255 0 0 147 255 119
    255 0 255 0 255 0 195 69 0 0 0 255 190 26 255 30 0 255 255 255 0 0 0
    255 255 255 255 255 0 255 255 43 255 0 255 0 255 51 255 0 255 0 255
    0 255 0 0 255 255 188 0 0 255 0 183 255 255 255 255 242 0 0 0 171
    103 255 225 255 255 0 55 255 16 255 0 0 255 117 255 0 204 255 255 88
    135 255 0 0 57 112 255 255 255 0 76 148 0 0 255 255 0 98 49 0 0 32
    255 99 177 255 0 0 0 255 0 189 0 0 0 0 255 255 255 158 0 255 255 132
    0 0 0 255 255 255 255 0 0 174 91 0 255 0 255 84 255 91 238 255 3 144
    0 0 255 255 255 0 0 95 0 255 55 255 0 255 161 255 0 255 255 0 99 0 0
    134 0 255 255 255 66 0 0 0 255 0 220 255 0 140 0 193 255 255 255 19
    255 255 0 255 0 255 255 0 0 238 0 255 0 255 0 14 0 0 255 40 22 0 0
    52 0 255 0 0 255 255 0 0 255 255 255 5 255 0 255 235 255 255 255 255
    0 25 0 0 64 255 255 255 231 0 0 0 255 255 0 0 255 254 0 255 255 255
    0 0 0 0 255 255 255 0 0 0 0 255 66 128 0 255 255 255 0 0 255 255 0 0
    255 255 0 0 0 255 248 0 104 0 230 0 0 173 0 126 255 173 255 0 255 0
    255 0 255 64 255 0 255 255 28 0 255 0 0 0 255 255 255 0 255 0 0 0
    255 255 49 255 255 255 255 255 255 0 213 0 255 202 255 255 69 0 61 0
    255 255 255 255 255 191 0 255 255 255 0 255 255 163 0 0 20 214 255
    255 0 255 255 255 0 182 0 165 15 23 255 62 255 255 255 0 255 173 255
    28 0 255 119 112 0 10 0 0 255 26 135 255 0 4 0 255 0 0 0 255 0 196
    255 181 255 255 255 0 0 0 255 129 255 0 255 0 0 255 0 255 0 255 255
    255 255 0 96 255 150 41 0 0 0 255 72 255 0 255 0 132 0 255 0 255 0 0
    255 19 0 0 0 255 0 255 0 47 255 0 255 53 255 0 255 255 149 0 255 255
    255 121 0 0 255 9 255 0 9 0 255 255 53 255 0 255 255 45 0 0 255 255
    255 69 0 255 255 255 107 0 0 0 255 0 255 255 0 0 0 255 255 58 0 255
    0 0 0 0 255 255 89 255 255 255 0 0 255 255 255 0 185 61 255 0 0 50 0
    255 0 255 255 255 255 42 214 0 255 21 255 0 0 105 255 255 255 0 63
    242 255 0 0 137 0 158 204 255 255 119 255 67 0 255 0 0 0 70 0 5 199
    255 0 0 0 255 255 255 0 0 0 0 255 255 255 0 0 0 255 255 255 0 0 175
    255 255 199 0 221 255 0 0 0 199 255 0 255 0 0 0 12 255 0 255 120 0 0
    255 10 255 0 255 0 255 255 255 255 0 255 0 255 29 0 0 139 0 255 255
    120 0 0 255 116 0 0 255 0 255 255 255 45 255 0 255 161 0 99 0 0 158
    0 218 255 0 255 145 198 0 255 255 255 0 0 0 7 8 255 255 255 0 230
    144 255 0 255 0 0 0 255 118 0 0 255 0 255 0 0 255 255 255 0 0 255 0
    255 128 255 0 255 0 0 0 60 108 224 255 0 255 0 0 138 255 0 158 0 0
    76 255 255 255 0 0 0 68 192 255 207 9 0 0 255 255 0 145 0 112 15 255
    0 255 0 27 255 255 255 255 0 65 0 0 255 240 255 255 0 0 255 255 0 0
    0 0 0 255 255 241 0 0 255 164 99 0 0 194 255 255 0 255 0 0 0 0 255
    255 255 0 255 0 0 0 255 51 0 0 255 255 255 0 0 0 0 0 255 0 255 0 255
    0 128 92 255 0 0 51 0 16 0 0 255 0 194 252 255 255 255 0 0 0 0 0 255
    255 255 255 0 0 0 240 255 255 255 0 0 0 255 101 0 255 255 255 0 0
    255 255 255 255 255 201 0 0 255 0 255 0 0 123 0 46 255 255 255 55
    138 172 255 0 9 0 255 94 62 0 255 255 0 255 255 117 0 0 47 0 255 0 4
    27 0 0 0 0 255 255 255 0 255 0 255 255 255 0 255 0 86 92 0 140 255
    177 252 30 0 0 0 0 255 255 0 255 255 0 0 255 255 255 0 255 255 255 0
    0 74 225 192 157 0 255 245 255 0 255 255 0 94 0 255 255 255 255 0 0
    0 255 255 0 0 189 0 103 195 255 0 255 228 255 39 126 0 255 0 255 255
    155 0 0 0 255 0 255 0 255 0 255 175 103 0 0 198 255 250 255 255 0 0
    0 0 255 0 255 0 0 255 255 0 255 255 109 0 255 253 255 0 150 0 255
    255 0 0 255 255 0 255 255 0 0 0 255 255 0 0 0 91 255 255 0 0 0 19
    255 255 255 0 255 0 255 0 255 0 0 0 255 52 146 0 255 0 0 245 0 0 71
    255 255 0 31 222 0 0 0 63 0 0 109 0 255 0 71 0 124 255 0 255 255 0 0
    255 78 0 0 255 0 255 0 0 132 255 196 0 255 0 0 255 255 0 0 83 0 0
    143 255 255 33 255 0 51 116 0 0 0 255 0 107 0 255 0 51 255 255 255 0
    255 158 37 0 0 255 255 255 0 255 0 0 255 255 255 0 8 0 18 0 86 255
    255 0 0 0 18 0 255 205 21 255 0 255 0 255 0 255 182 0 0 255 0 0 0 0
    0 255 0 0 0 110 255 82 71 255 255 77 255 12 255 0 49 0 0 255 0 255 0
    255 255 0 255 0 255 0 183 255 227 255 0 0 0 255 190 0 0 0 255 255
    255 255 255 255 0 255 154 255 0 255 0 35 0 0 157 21 255 0 255 0 0 72
    255 92 152 0 255 255 255 255 255 255 0 255 255 255 0 255 255 255 0 0
    73 0 108 12 0 0 255 255 255 0 245 0 255 176 255 0 57 255 0 113 0 255
    255 255 255 255 0 112 0 0 0 0 0 255 255 255 0 0 0 255 136 255 255 73
    0 0 0 0 255 106 0 255 255 255 255 0 255 0 207 0 0 255 25 0 0 255 0
    255 0 3 128 255 255 0 191 0 64 0 0 255 0 116 0 255 255 255 255 255
    40 0 0 0 255 0 135 0 255 0 0 0 255 0 255 255 255 0 57 245 0 255 0
    255 255 0 255 0 255 255 0 4 255 51 153 0 0 255 255 255 255 255 253 0
    0 255 101 0 0 0 0 255 5 255 0 0 0 0 0 255 0 255 0 255 173 142 255 71
    255 0 255 255 255 0 0 52 0 255 107 255 253 0 0 255 255 0 182 0 255
    255 0 0 255 255 96 255 0 255 255 255 0 255 255 0 255 255 0 0 163 255
    255 0 255 165 83 255 0 145 0 255 0 255 0 0 94 90 255 0 255 255 255
    255 255 0 33 0 0 255 255 0 0 255 255 255 223 0 255 216 255 255 155 0
    0 0 0 87 255 255 255 0 0 0 255 182 255 0 0 0 255 255 255 0 157 255
    255 255 0 0 0 232 41 255 222 0 203 0 67 0 255 0 0 0 255 0 0 0 255
    255 0 255 0 255 255 0 0 0 255 255 255 255 90 255 68 203 255 127 0 0
    0 0 255 255 255 118 255 0 255 0 255 255 0 0 0 0 255 165 255 0 255 0
    0 0 85 255 255 236 255 0 255 0 0 102 255 173 0 0 0 255 255 225 255 0
    0 0 27 255 255 255 199 137 255 0 238 255 33 0 255 255 255 178 0 255
    0 0 0 255 255 37 0 0 244 255 255 255 0 0 0 255 169 255 0 0 0 255 255
    255 0 255 0 147 0 255 255 0 32 0 79 0 255 255 38 147 0 71 226 255
    255 255 116 0 0 255 0 255 255 255 255 255 0 0 0 0 0 255 255 39 35 6
    255 139 0 0 0 64 0 255 0 0 255 255 255 255 0 255 0 255 0 0 0 0 45
    255 255 33 255 0 232 255 0 255 61 0 0 0 255 255 0 0 0 255 0 248 219
    164 255 255 255 0 0 168 255 255 171 142 255 0 0 1 132 0 255 255 255
    0 0 255 0 0 255 0 75 255 0 0 255 0 0 0 238 255 0 255 0 0 0 255 84 28
    238 255 255 0 194 0 0 255 0 255 255 255 0 0 192 0 255 255 0 0 0 255
    144 255 255 219 0 0 255 255 255 179 255 255 0 0 255 255 223 0 255 0
    89 12 255 0 0 0 255 159 255 0 255 0 255 0 0 0 120 0 255 0 255 0 0
    255 255 0 0 50 255 0 255 0 0 0 63 41 0 120 0 65 0 255 255 211 0 255
    132 0 245 255 255 255 255 0 0 0 255 238 255 255 255 255 255 255 0 0
    0 0 255 0 228 255 255 0 0 0 255 255 255 0 0 0 255 255 255 255 255
    255 255 0 98 255 255 0 0 0 17 255 255 0 255 0 232 0 255 155 255 255
    255 170 255 255 255 0 0 0 0 255 255 46 0 0 255 255 255 0 0 240 255
    78 0 255 177 153 0 35 255 0 0 255 0 255 255 255 0 255 255 0 255 255
    83 0 255 0 70 255 0 255 0 255 0 53 0 45 0 255 255 34 0 255 0 255 255
    255 0 0 0 255 0 217 253 0 169 160 115 135 255 0 0 0 255 0 243 255 0
    255 248 172 0 255 255 255 104 63 0 0 0 255 0 255 0 255 255 255 255 0
    0 0 255 0 121 0 255 0 255 183 255 0 0 255 255 255 0 0 0 0 143 255
    255 151 0 163 38 66 255 255 255 255 0 255 255 0 0 0 255 255 0 0 0
    255 255 0 0 0 0 0 255 255 255 0 0 0 255 0 255 233 255 255 90 0 0 255
    255 255 0 0 0 255 255 0 255 8 255 0 0 148 255 0 223 255 250 255 0
    255 0 187 255 255 0 0 0 255 137 125 0 255 255 0 0 0 255 255 0 255
    255 255 0 0 0 150 99 93 255 255 255 255 255 0 226 0 0 135 255 255
    255 255 255 0 255 0 0 0 0 255 0 161 0 255 0 0 0 255 255 0 44 0 0 0
    131 255 255 255 255 0 255 255 0 0 0 255 0 60 0 0 55 0 77 255 255 255
    0 0 0 40 0 255 51 255 0 255 0 240 0 0 255 0 255 0 255 7 0 255 0 151
    0 0 0 255 255 207 0 0 0 255 0 255 0 255 0 173 0 255 255 255 0 147
    222 0 255 0 0 255 255 255 0 0 0 255 255 255 0 0 255 255 0 0 255 67 0
    0 0 57 255 255 137 0 255 115 255 0 48 255 255 233 0 252 0 255 255
    255 0 0 0 255 255 255 0 0 255 0 132 255 201 86 0 0 48 0 255 255 255
    0 142 0 255 0 0 255 255 0 255 146 0 0 228 255 255 0 255 255 255 0
    255 0 166 0 255 36 255 0 255 0 255 0 255 0 255 2 244 0 255 112 255
    255 255 0 255 0 167 255 255 0 0 0 255 0 255 90 0 255 255 0 0 255 185
    255 255 255 129 0 0 0 255 0 243 162 0 255 0 255 68 89 0 0 255 195 0
    255 255 234 0 128 0 255 0 185 255 255 73 175 0 255 197 255 0 142 255
    0 0 0 255 255 0 0 0 255 255 0 255 0 0 0 255 255 255 0 75 0 255 255
    142 0 0 0 255 10 255 0 196 255 255 1 0 0 191 255 106 0 0 0 255 0 0
    23 81 255 34 187 255 0 0 0 255 255 119 0 234 255 0 255 19 255 200 0
    81 255 0 76 255 255 255 0 0 16 31 255 255 255 0 0 0 255 0 255 0 0
    255 0 255 0 255 98 0 0 255 0 0 255 255 0 255 255 0 255 0 0 0 0 255
    255 0 0 128 255 0 255 8 255 255 0 0 255 0 255 0 0 0 255 255 50 0 255
    8 0 0 255 182 0 255 0 0 0 255 255 255 255 255 0 255 0 0 255 255 255
    0 0 0 255 159 181 0 255 34 255 255 255 199 0 255 22 255 255 0 91 203
    255 0 255 255 255 0 0 0 255 0 255 243 255 0 255 255 255 156 0 255 0
    0 0 193 255 255 255 135 0 0 0 0 0 255 0 0 255 47 0 0 0 0 34 255 0
    255 0 0 255 250 255 0 255 255 255 0 0 88 255 255 0 255 0 0 20 255
    255 0 0 44 0 0 136 255 0 0 0 255 247 255 255 255 255 36 0 0 255 255
    156 29 255 0 171 0 0 255 255 255 0 255 0 255 0 255 0 255 0 255 255
    37 0 0 0 255 255 255 0 255 56 255 112 255 0 0 0 0 255 0 0 0 255 255
    0 0 255 255 255 0 0 255 185 0 255 13 255 0 0 0 255 0 0 34 0 0 183 69
    0 0 0 255 255 255 0 0 255 255 0 0 215 255 255 255 128 0 67 202 0 0 0
    184 255 255 55 20 0 0 0 0 0 225 0 255 255 139 0 255 86 255 255 255 0
    255 255 255 45 255 255 53 0 255 255 255 0 244 170 0 0 255 255 207
    255 0 135 54 255 0 255 0 255 255 0 255 0 0 0 0 255 255 163 255 255
    255 0 0 0 255 0 255 0 0 0 255 255 0 34 0 255 255 0 0 0 12 255 255
    165 0 0 255 0 207 0 255 255 0 0 0 255 252 255 255 255 77 16 255 255
    255 0 0 0 255 0 255 39 255 0 255 0 255 0 255 0 255 0 172 155 255 255
    0 21 0 255 12 155 0 0 0 211 255 0 0 255 255 0 255 255 5 233 0 0 0
    255 0 84 0 255 204 255 0 177 255 0 0 0 67 0 68 125 255 255 255 255 0
    0 0 55 53 255 0 255 255 0 255 255 255 255 0 119 0 202 0 0 0 255 255
    255 255 255 255 0 255 11 255 0 255 0 255 0 0 0 0 255 0 255 193 143
    228 0 0 255 255 255 0 0 0 255 255 255 255 0 171 0 0 232 255 255 0
    188 0 0 255 255 0 255 0 255 190 0 255 255 255 0 0 128 255 0 255 255
    255 255 0 255 0 255 143 255 255 120 0 0 0 237 0 255 255 0 255 0 255
    110 61 132 0 255 255 255 113 107 231 0 206 255 255 255 216 0 255 0
    255 0 255 255 0 0 255 255 255 255 255 0 52 0 255 255 255 0 0 0 79 0
    255 255 255 11 255 0 0 255 255 255 35 255 0 255 255 255 65 0 0 255 0
    255 0 255 160 35 255 185 255 0 124 255 255 0 0 255 255 0 0 0 26 67
    255 255 255 0 0 0 255 0 0 0 255 164 255 255 0 255 255 255 255 0 90
    255 205 0 255 255 170 255 230 0 212 206 184 255 0 255 0 255 0 255 0
    220 0 0 0 0 254 255 255 255 11 0 209 166 255 255 164 0 0 255 0 0 49
    150 255 27 255 255 255 0 0 0 255 255 0 204 255 255 0 0 227 0 255 193
    255 0 0 0 111 52 0 255 0 255 89 87 254 24 0 255 255 224 255 0 0 0
    255 0 255 0 255 255 158 0 0 115 255 163 255 23 0 0 0 43 97 209 245 0
    255 84 255 255 255 0 0 255 0 60 116 255 255 0 179 0 255 255 188 255
    255 0 0 255 0 0 0 97 255 255 255 255 0 0 0 0 255 254 0 154 0 188 0
    255 255 240 255 255 0 255 126 182 102 255 0 234 171 255 0 0 255 255
    255 0 255 255 0 255 117 172 255 0 0 255 255 0 0 0 255 0 255 255 255
    255 207 0 0 120 0 255 0 255 0 84 0 255 255 142 255 0 0 255 0 255 255
    0 0 0 37 255 0 255 255 255 255 255 0 0 0 154 0 255 0 255 0 255 0 70
    0 255 255 255 0 0 178 255 255 255 255 50 0 0 0 255 255 255 35 255 0
    0 150 0 0 255 255 255 0 255 0 193 0 255 177 28 255 0 111 255 0 255
    52 153 193 0 255 16 255 129 220 138 39 255 0 255 0 255 0 255 0 255
    255 0 0 0 0 0 255 255 0 255 255 255 255 64 0 0 129 0 255 255 0 0 0
    255 0 52 255 132 69 0 0 255 255 255 255 158 255 255 255 255 216 255
    255 0 117 0 255 255 255 0 1 0 255 11 255 255 255 0 0 0 0 0 255 255
    255 0 0 255 255 255 56 99 0 255 102 172 0 0 255 255 0 0 0 255 239
    255 0 255 137 255 93 255 0 0 72 173 5 255 255 0 0 0 208 255 163 0 0
    73 255 255 210 222 255 198 64 0 121 81 0 0 111 5 0 255 255 255 255
    31 0 0 198 11 203 131 255 20 0 0 255 255 255 0 255 254 255 187 115 0
    10 0 160 0 255 255 255 255 196 176 255 0 179 255 255 255 0 255 255
    255 0 0 255 255 255 255 239 255 0 132 0 0 255 82 255 255 255 9 183 0
    0 0 0 255 255 0 0 255 255 22 0 0 0 240 238 162 0 255 255 0 58 255 0
    255 0 255 255 83 255 255 255 0 0 248 255 255 0 0 0 255 0 0 0 255 121
    0 255 0 255 46 0 0 255 70 255 0 255 0 255 32 255 236 0 129 0 255 255
    255 255 255 0 255 255 255 255 0 114 0 255 110 183 23 0 0 255 255 0 0
    255 255 255 0 0 0 255 0 0 0 255 255 0 0 15 255 0 255 255 101 255 255
    167 64 255 217 0 0 0 255 255 255 0 20 255 255 0 77 0 255 67 255 0
    247 255 0 255 7 255 37 79 101 255 0 0 255 159 255 255 0 0 0 236 255
    14 213 0 255 0 255 0 0 0 255 0 0 0 0 0 255 255 255 255 0 146 0 255
    77 0 255 78 255 0 255 0 0 0 0 255 255 255 255 255 76 255 0 255 59 0
    98 0 0 0 0 255 255 255 255 53 33 255 156 42 0 202 0 0 0 255 0 0 24
    165 0 0 0 201 255 255 0 0 255 255 0 200 0 0 0 255 255 255 0 255 135
    255 32 255 0 0 0 0 220 0 255 255 255 0 0 255 152 0 0 255 0 255 0 255
    0 255 0 0 255 255 255 0 255 77 0 0 126 0 0 31 255 0 0 0 255 255 115
    0 0 0 57 0 255 66 0 0 79 255 215 0 0 255 255 119 0 255 0 118 0 255
    170 255 255 0 177 0 255 46 255 33 0 255 255 255 0 255 60 255 0 0 255
    255 0 255 0 255 0 199 0 98 95 0 255 255 255 0 255 150 211 0 255 255
    0 255 0 0 0 255 255 55 114 0 255 0 255 255 196 0 0 152 0 0 26 0 224
    1 255 0 255 0 0 0 255 255 255 145 0 255 255 0 231 223 20 255 0 0 72
    255 236 0 255 0 255 0 166 255 0 255 0 248 255 255 0 0 255 255 255 0
    0 0 255 255 255 255 255 121 144 255 195 0 0 0 255 0 203 0 240 240 0
    255 0 255 0 255 0 0 0 255 127 45 255 0 255 255 255 0 19 0 255 0 178
    0 50 0 3 255 255 255 0 0 0 255 29 143 255 0 255 255 0 135 0 255 255
    255 0 0 88 220 72 0 0 210 0 255 255 255 0 0 255 255 255 0 0 200 255
    255 173 177 0 255 0 0 196 0 0 100 0 255 0 255 0 0 40 255 0 242 48 0
    0 255 0 255 137 105 255 255 0 0 0 0 255 255 255 0 255 249 255 128
    255 0 156 255 255 0 0 255 78 255 235 255 255 39 0 0 54 255 0 255 0 0
    0 255 255 173 255 255 162 0 6 255 255 215 0 0 175 0 255 255 0 0 217
    0 255 68 255 255 0 0 0 255 255 255 0 255 255 0 0 193 137 89 0 253
    108 0 255 0 0 0 0 255 0 0 101 0 255 0 255 0 255 0 0 0 255 255 228
    255 255 255 227 157 255 0 0 255 81 255 255 101 0 0 255 255 0 0 255
    255 0 0 0 255 255 255 0 198 255 193 0 0 255 255 255 0 221 0 0 0 255
    255 0 0 142 255 1 255 191 0 75 48 120 0 117 0 174 0 255 255 242 214
    255 0 255 191 5 0 0 0 255 255 211 255 0 53 255 0 0 165 255 176 0 236
    0 72 0 0 0 86 255 0 0 0 253 255 67 0 0 0 255 255 107 0 255 0 255 255
    255 106 0 0 0 255 0 255 159 255 0 0 255 242 255 0 0 0 255 255 255 0
    123 0 242 28 255 0 255 255 0 0 0 255 255 0 0 0 255 255 255 0 255 0
    215 0 104 255 0 255 255 255 0 255 255 255 0 0 0 255 255 18 255 132
    255 0 154 27 255 255 255 0 0 0 255 0 255 0 207 0 0 98 0 255 0 196 10
    255 0 255 255 255 0 255 0 0 0 255 252 175 0 255 255 255 255 0 255 0
    255 255 255 203 255 0 255 0 0 151 255 255 220 0 0 0 255 255 255 255
    0 0 96 255 255 158 0 255 0 159 247 255 0 255 0 0 0 0 35 255 0 255
    232 59 0 255 255 221 255 255 255 0 0 0 0 255 255 187 0 78 0 255 255
    255 137 0 0 255 255 255 0 255 0 203 243 255 255 255 0 0 255 255 0
    255 0 255 0 255 0 86 0 0 0 255 255 255 255 255 255 0 0 255 255 14
    255 0 255 255 0 0 0 255 0 255 255 0 0 0 0 255 255 255 0 255 178 255
    255 0 0 0 255 255 255 255 5 208 0 0 0 255 255 86 205 255 0 0 0 255 0
    255 255 255 0 0 0 255 255 255 50 255 0 0 255 0 207 255 200 158 255
    255 81 0 0 255 255 255 0 255 255 255 255 255 255 255 0 0 0 255 4 14
    204 255 255 255 181 0 0 255 255 255 0 0 0 81 255 0 255 85 255 0 0
    255 0 255 95 255 0 0 235 255 0 0 200 255 255 0 0 0 0 0 255 255 0 255
    0 82 0 191 0 150 255 148 255 86 0 255 0 0 44 255 255 255 0 0 0 0 233
    255 255 212 251 83 0 0 126 255 0 0 34 194 0 0 235 0 255 255 0 255 0
    255 0 0 167 255 0 94 0 112 0 186 255 255 255 0 0 0 255 0 255 255 255
    0 255 0 0 159 255 0 255 255 103 255 0 0 0 0 255 77 0 61 255 0 255 0
    255 0 0 0 255 164 0 255 0 0 0 255 255 0 0 0 0 255 255 0 0 255 255
    255 255 0 170 98 6 174 68 213 255 0 0 0 0 123 0 255 50 255 213 184 0
    0 0 147 255 203 0 255 255 19 203 0 255 255 255 0 0 0 0 255 255 21 0
    54 57 255 255 202 0 0 45 71 0 0 255 255 255 255 255 255 0 0 0 0 255
    201 255 0 255 8 255 0 255 0 255 226 255 0 255 86 255 15 255 0 27 0
    255 0 255 255 0 0 255 255 0 255 255 255 0 0 0 255 0 0 223 0 255 68
    255 241 0 255 0 178 0 0 0 255 0 0 0 255 255 255 0 0 255 255 0 0 255
    255 255 0 255 115 76 255 0 139 14 64 0 39 45 61 104 69 0 255 255 255
    0 255 0 0 0 255 255 101 196 0 255 0 255 0 255 0 202 255 74 0 0 255
    255 255 255 0 213 0 0 0 255 255 255 0 0 0 255 255 0 140 0 255 25 142
    255 255 112 0 0 255 143 0 0 0 255 255 0 255 63 33 0 0 255 255 255
    255 110 0 0 255 255 255 255 255 0 124 146 255 255 0 0 240 255 255 0
    255 143 0 0 255 255 255 0 255 255 255 37 178 15 0 48 255 0 255 0 0 0
    0 255 255 0 0 255 169 0 255 0 255 255 255 0 255 127 0 255 255 255 0
    0 201 255 255 0 255 0 255 255 0 0 142 255 0 255 255 105 0 147 0 0
    255 0 255 0 255 255 83 0 65 0 0 60 255 255 255 255 83 0 0 10 255 255
    255 255 255 0 0 0 151 0 0 0 255 255 255 0 0 0 255 255 255 0 0 0 0
    255 255 102 0 174 255 255 255 0 48 0 255 0 0 117 255 0 0 104 255 0 0
    255 255 255 236 255 122 0 0 240 0 0 239 48 255 190 255 255 0 0 255
    255 17 255 255 255 0 255 0 255 0 255 255 0 75 0 0 0 0 255 255 0 0
    107 0 255 0 255 0 0 255 98 188 0 159 255 255 0 255 0 255 255 255 0 0
    0 255 85 255 0 255 0 0 183 255 255 255 255 19 255 0 255 0 0 0 255
    255 255 255 28 255 255 255 0 0 0 255 255 241 255 0 0 0 255 0 255 255
    255 0 255 0 255 255 0 255 217 0 75 0 255 0 255 0 0 0 255 0 154 255
    255 0 0 255 255 220 255 0 0 134 255 202 63 82 255 255 255 0 255 0 0
    0 0 255 255 255 0 0 0 52 0 0 0 219 255 255 255 0 61 49 253 255 0 0 0
    255 169 0 255 255 0 255 0 255 214 0 0 255 0 0 189 125 255 188 255 0
    255 236 255 0 0 255 255 255 0 0 255 255 251 184 0 255 255 0 0 63 255
    0 255 0 255 255 0 9 54 255 133 0 50 255 255 255 0 159 72 85 0 0 0 0
    64 0 189 255 255 255 0 0 0 255 255 147 0 0 255 255 255 136 255 0 0
    255 0 255 0 0 255 0 0 0 0 74 0 255 255 128 0 0 71 0 0 255 203 255 0
    0 255 0 35 0 255 0 252 124 0 255 174 255 0 0 255 0 192 0 179 92 0 72
    245 255 0 0 29 0 255 255 0 199 25 0 255 255 255 37 255 142 59 0 0
    255 255 0 255 255 255 255 0 0 0 255 255 255 0 0 0 255 255 255 255
    152 0 255 0 120 255 255 0 255 240 255 0 195 0 0 44 0 255 255 255 157
    0 0 0 226 29 255 0 255 235 88 255 0 255 255 255 255 255 255 0 255
    255 255 0 80 0 0 25 255 0 0 0 255 0 255 0 255 0 159 0 255 0 255 39 0
    46 255 255 0 0 0 255 174 255 255 39 0 0 11 255 255 0 160 6 255 255 0
    255 0 255 127 255 0 187 103 143 155 180 52 146 255 255 25 0 0 0 255
    255 255 0 0 255 255 255 255 0 0 255 255 0 0 255 255 28 255 0 237 13
    255 114 255 255 0 0 0 255 0 0 255 0 255 0 221 255 255 0 16 0 0 232
    255 0 59 0 255 0 35 0 255 255 71 0 255 60 0 188 255 255 255 0 175 0
    0 255 255 0 255 255 0 0 0 255 255 77 0 0 0 0 255 0 0 0 154 0 255 255
    0 225 255 0 0 188 0 4 0 255 255 255 0 0 0 26 255 0 201 0 0 0 255 0
    255 44 0 255 255 255 0 255 0 0 40 0 255 0 255 255 255 0 42 255 255
    255 255 255 0 0 62 255 255 0 0 0 255 255 0 100 255 255 61 0 0 255 0
    255 0 255 3 0 0 0 255 0 0 76 255 243 0 255 255 255 0 0 255 236 131 0
    255 0 0 255 255 0 0 0 0 0 0 0 255 0 255 0 0 227 255 0 255 255 255
    195 255 252 255 255 0 255 255 255 255 0 0 0 0 0 255 0 255 146 255 0
    255 0 255 0 255 0 255 0 255 216 255 255 255 147 0 255 0 0 0 255 255
    137 0 255 255 85 36 0 0 0 255 255 255 255 238 183 0 0 0 105 255 255
    255 255 0 0 0 0 74 255 255 255 255 0 0 0 0 0 255 255 255 96 0 146
    255 255 64 199 0 0 0 255 255 0 255 255 0 0 255 255 0 106 255 255 255
    0 0 255 163 0 0 0 139 0 255 0 42 0 0 6 255 0 255 0 0 0 255 255 255
    21 0 0 0 12 0 255 255 0 255 225 255 0 255 255 133 255 255 255 235
    233 0 255 255 0 255 255 20 0 255 0 255 255 74 255 0 255 124 255 255
    0 0 0 0 0 255 0 91 0 255 0 0 0 255 255 48 0 0 0 255 0 255 0 255 255
    255 0 0 0 255 255 255 0 0 255 0 255 0 255 255 0 255 0 255 255 136 0
    0 224 255 255 0 0 0 255 255 255 255 0 0 0 0 0 0 88 0 223 255 255 66
    0 255 0 232 0 255 0 0 0 255 0 255 0 130 0 236 187 215 255 255 0 255
    23 0 0 255 255 0 0 255 255 255 255 151 0 0 0 132 0 241 255 255 255
    249 255 0 0 255 0 255 19 255 255 255 0 0 11 0 255 0 187 255 255 0 0
    0 255 255 255 255 0 0 0 255 0 255 0 228 255 255 255 0 62 255 255 0 0
    255 255 196 0 0 255 255 255 0 255 255 0 199 0 0 0 255 167 255 0 255
    255 95 255 255 255 208 0 0 255 253 90 0 255 0 255 0 255 0 0 203 255
    123 255 0 255 0 168 0 20 0 0 255 255 255 255 0 149 120 255 255 255 0
    255 0 0 255 0 255 77 255 0 88 0 255 255 255 0 0 0 0 255 0 0 206 91
    33 255 0 255 0 175 0 255 0 0 255 0 159 0 0 0 255 255 0 0 0 5 0 255
    255 0 121 0 255 0 255 0 0 0 255 255 255 0 0 255 177 255 255 255 0 97
    91 34 0 0 255 0 0 255 0 255 0 255 222 0 0 0 5 0 133 0 255 0 0 3 255
    255 0 63 255 0 255 0 184 0 255 0 255 0 255 0 255 0 0 0 255 0 166 56
    0 255 255 63 255 0 0 255 146 0 137 255 255 255 0 0 0 189 255 255 0 0
    0 0 255 255 255 208 249 0 255 11 177 0 0 0 0 0 255 255 255 0 188 0
    255 0 0 255 0 211 0 255 255 0 255 0 255 255 255 0 255 167 66 255 0
    22 0 255 255 0 0 235 255 0 0 0 0 167 255 255 255 0 0 0 255 0 222 0
    255 255 255 144 87 0 255 0 255 0 0 255 255 255 255 255 0 8 255 255
    35 0 255 0 163 0 119 81 11 34 0 145 255 255 76 0 255 255 255 255 0 0
    0 255 180 255 174 0 175 255 255 0 0 255 255 255 0 255 0 255 154 225
    0 255 154 255 255 255 255 0 93 0 255 255 255 0 0 0 255 255 255 32
    255 0 255 255 72 255 255 255 110 0 0 255 255 0 67 255 255 245 0 255
    29 54 0 0 0 212 179 0 255 255 255 0 255 87 255 0 105 0 255 255 0 0
    255 255 255 0 0 0 0 255 255 255 0 0 255 81 211 0 129 255 255 0 0 0
    255 255 151 0 0 0 255 0 255 0 255 255 255 255 227 255 0 0 174 255
    255 0 0 203 0 23 0 0 0 0 14 145 255 0 0 255 0 255 0 255 133 0 152
    255 0 255 0 0 0 255 255 255 0 0 0 174 255 255 0 241 0 255 0 255 255
    255 255 0 0 255 5 255 0 0 238 0 0 255 0 255 255 0 240 0 255 255 0 0
    134 0 0 0 0 0 0 0 0 0 0 0 214 255 0 9 22 255 255 0 48 255 255 0 166
    255 0 0 0 255 255 255 255 249 0 0 255 255 255 0 255 131 255 255 0
    255 0 237 0 255 255 0 0 0 87 255 230 255 255 255 149 0 0 159 255 255
    0 0 255 255 255 0 255 58 255 255 255 40 0 0 152 21 255 255 0 0 0 208
    255 0 255 174 18 0 134 255 255 0 0 59 0 255 100 94 0 0 0 0 255 0 255
    0 255 0 255 255 255 255 242 255 0 255 0 0 255 0 255 0 255 0 0 59 0 0
    255 255 112 0 0 255 0 255 0 0 88 0 255 0 255 76 0 255 0 137 55 255
    255 201 255 0 255 255 255 72 0 0 0 255 255 255 0 0 176 255 255 156
    108 0 255 0 0 0 255 255 0 0 255 255 0 255 47 0 0 0 255 0 255 0 255
    255 0 0 0 255 0 0 255 213 255 0 0 0 255 166 227 0 255 0 0 0 255 255
    255 0 0 51 0 255 0 255 208 255 255 255 238 255 31 0 228 255 0 0 255
    0 212 0 185 255 0 198 0 0 0 255 0 255 255 0 0 49 0 0 255 255 255 0 0
    0 255 0 255 255 0 0 0 0 0 0 0 0 255 181 209 0 255 255 13 0 255 0 255
    0 0 227 130 0 0 255 255 59 255 0 153 255 0 32 98 0 255 21 255 14 78
    255 0 116 63 255 0 0 0 0 0 0 0 255 0 73 194 255 90 255 0 0 155 0 255
    0 255 255 254 0 41 255 255 203 218 0 255 0 0 0 255 0 255 209 169 83
    255 0 255 255 255 255 0 255 0 97 0 255 191 255 26 255 255 255 0 123
    255 255 255 0 0 255 0 255 0 255 0 255 255 255 0 0 0 255 255 255 0 0
    0 0 255 255 255 178 255 0 255 0 0 0 255 255 17 0 105 0 185 255 0 230
    0 255 255 151 255 0 175 0 0 255 255 40 0 0 0 255 210 255 255 0 168 0
    2 255 255 255 59 0 169 67 255 0 0 0 255 0 0 0 255 255 255 255 255 0
    255 255 0 255 0 0 255 215 67 0 255 0 13 0 255 0 10 255 255 0 255 0
    255 255 0 0 255 255 255 0 255 0 255 130 255 255 0 0 0 0 255 0 255 0
    0 0 255 57 255 0 255 0 0 255 255 255 0 255 0 255 255 255 0 0 0 255
    255 255 0 0 0 130 0 122 0 255 28 255 255 76 255 0 0 221 71 255 0 254
    212 13 255 0 255 100 0 52 0 255 0 51 255 255 0 255 255 0 0 0 0 0 28
    0 0 67 255 255 0 0 0 255 0 0 255 131 255 255 175 255 255 255 0 0 0
    255 255 255 6 255 0 255 159 0 0 255 255 0 5 0 255 0 0 255 0 255 0 0
    0 0 255 255 255 191 141 31 0 0 255 157 0 0 182 255 255 21 0 174 255
    255 108 0 48 255 0 0 0 233 0 255 0 210 255 0 0 0 255 255 255 255 255
    0 91 0 0 255 147 251 0 82 0 0 0 0 117 88 255 255 255 255 0 255 0 255
    0 12 0 255 177 233 255 255 0 0 212 0 255 0 255 255 255 164 255 255
    255 255 255 142 0 255 8 255 0 57 0 0 158 255 255 255 255 0 255 255 0
    255 0 0 0 27 255 255 230 0 255 255 255 0 0 55 0 0 0 255 220 0 0 0 0
    255 0 255 255 0 0 0 0 255 215 255 0 255 255 255 0 255 255 0 255 149
    255 255 4 255 255 255 0 255 255 255 255 72 255 0 0 0 59 0 0 0 170
    255 255 0 88 39 0 31 0 255 0 0 0 255 255 0 0 0 0 0 236 255 0 255 0
    255 0 255 0 255 255 255 73 0 255 211 255 0 0 255 167 255 0 83 189
    255 0 255 0 164 0 185 11 255 255 0 150 0 255 0 255 0 0 190 168 143
    224 255 255 0 255 255 0 0 255 0 255 0 255 0 255 255 255 241 0 255
    255 0 0 0 255 0 255 0 255 53 255 0 255 57 82 172 0 255 255 96 255 30
    255 0 255 0 255 0 255 0 0 122 255 255 255 143 224 255 255 255 0 51 0
    0 255 255 228 93 0 95 0 170 255 255 231 255 0 255 0 40 168 255 0 0
    255 255 0 0 0 255 157 255 255 146 232 255 0 0 0 255 255 40 0 187 120
    26 0 0 0 136 255 255 255 54 133 255 0 0 255 91 255 0 0 0 255 255 0 0
    0 255 133 255 0 0 3 255 255 255 0 139 255 0 0 0 251 0 255 255 255
    255 255 255 0 255 0 255 255 98 255 0 255 0 255 255 79 255 92 129 255
    255 255 0 0 255 255 255 166 14 0 59 255 255 255 218 0 255 255 0 0
    255 255 255 0 0 255 255 255 235 0 0 255 0 0 163 255 255 188 0 255
    134 255 0 0 255 0 255 0 255 255 0 255 0 0 255 255 255 255 255 255 0
    174 255 155 0 183 125 255 0 202 0 0 255 255 255 255 0 0 255 255 255
    0 0 0 255 0 255 255 117 255 0 91 0 0 255 255 0 0 0 0 0 0 255 255 255
    0 0 255 2 255 220 255 0 55 94 255 0 0 255 0 255 110 255 209 255 234
    0 255 0 255 0 148 0 114 0 0 128 255 117 255 8 0 0 0 255 0 0 199 255
    255 255 0 0 109 199 255 232 255 255 0 255 0 255 15 0 0 255 255 255 0
    255 0 255 0 0 9 255 0 0 0 255 0 0 0 255 0 255 255 0 255 255 255 0
    255 92 255 0 255 255 0 0 0 112 0 255 0 0 255 255 255 0 255 0 0 255
    113 0 0 0 255 255 255 241 47 0 255 0 255 255 255 0 0 0 152 0 0 255
    40 192 0 255 255 79 255 0 0 0 0 255 255 255 0 0 0 255 255 83 0 30
    255 0 0 0 172 92 0 0 0 147 255 255 255 255 255 0 255 5 232 0 255 0
    26 255 229 255 160 0 255 0 255 0 255 255 255 255 121 123 0 255 255
    99 255 255 255 0 0 0 167 58 0 0 255 0 255 255 255 0 186 24 255 0 0
    255 255 0 255 143 255 0 28 0 139 0 134 202 0 77 255 255 255 0 27 0
    255 0 0 0 162 255 255 255 0 113 83 255 255 0 255 0 0 0 255 174 255 0
    255 0 0 226 0 255 144 176 0 44 164 0 255 0 255 11 255 0 255 0 255
    255 255 2 0 255 255 0 0 255 13 255 180 0 0 0 0 107 125 255 0 255 255
    0 0 0 255 255 100 0 255 0 255 0 220 255 255 0 0 28 255 209 255 255
    17 94 62 206 255 0 0 76 255 255 0 255 255 255 0 60 0 255 192 255 0
    255 227 0 255 0 255 0 0 255 0 255 255 0 0 126 0 255 255 0 0 0 0 255
    255 131 255 255 66 32 0 255 255 8 0 255 37 255 244 255 0 0 255 0 0
    255 0 117 0 0 255 255 255 0 255 0 0 255 255 255 0 255 115 218 0 0
    255 0 0 0 255 83 255 255 255 0 0 0 153 255 255 255 0 0 255 255 255 7
    255 0 255 255 0 70 255 255 255 0 255 255 114 255 255 255 0 0 0 241
    255 0 255 87 255 0 0 0 0 255 0 255 255 255 0 0 255 255 255 0 0 0 255
    0 0 0 255 255 0 0 0 255 255 61 0 0 0 255 0 255 0 255 103 0 0 87 25 9
    255 0 255 0 0 0 255 0 92 4 0 0 0 255 178 255 255 0 171 255 134 255 0
    251 255 255 255 0 88 0 255 0 255 114 220 0 189 255 0 0 0 255 112 0
    255 159 0 248 0 255 142 0 0 0 84 0 43 255 0 255 47 255 0 0 0 0 27 0
    0 0 128 0 252 255 255 255 70 0 177 0 0 82 255 111 0 0 118 255 255
    255 255 255 0 0 71 0 255 0 255 0 255 255 74 255 44 255 0 255 240 255
    0 255 0 255 0 27 255 0 255 255 94 103 255 0 0 0 255 0 255 0 190 244
    255 255 0 127 0 255 191 255 255 111 0 0 137 0 255 255 80 255 0 255 0
    0 0 255 255 0 255 0 45 190 255 0 0 255 109 0 0 0 0 0 255 255 255 0 0
    0 222 0 59 0 255 0 255 34 255 255 0 0 157 0 255 124 0 255 0 255 0 0
    0 255 255 220 0 24 0 0 0 0 255 220 169 0 0 0 255 255 0 0 255 255 255
    0 59 233 255 0 0 102 38 255 88 0 0 255 255 255 0 255 0 255 255 255
    21 255 0 0 255 0 255 0 0 0 88 119 0 0 222 255 208 0 255 255 255 255
    255 137 255 0 0 255 163 100 0 0 255 0 59 0 255 0 255 70 255 0 0 0
    255 255 255 0 0 233 148 255 255 0 255 255 255 0 0 237 255 0 0 0 255
    255 125 0 253 0 255 171 37 255 0 255 0 0 0 0 0 255 255 255 255 52 0
    0 0 0 255 0 255 229 151 255 0 0 255 0 255 134 255 255 255 238 0 0
    121 17 255 255 0 0 255 211 0 0 255 0 208 54 255 0 0 255 255 255 199
    0 0 0 255 255 175 255 0 253 75 255 245 0 0 255 255 0 26 0 0 255 255
    255 0 255 0 255 255 91 0 0 0 74 255 255 0 132 255 241 255 0 237 255
    255 255 0 213 255 0 255 255 255 0 0 0 255 113 255 0 235 178 0 147
    131 255 0 0 0 255 255 29 255 30 255 0 7 0 0 255 0 255 132 255 46 0 0
    0 210 0 255 0 255 255 0 0 255 120 2 0 255 255 0 255 255 6 0 0 0 255
    255 255 72 0 0 193 0 255 0 255 0 255 0 50 0 0 255 183 255 255 0 255
    0 0 0 145 239 30 28 0 255 0 0 0 242 0 255 255 85 0 255 0 255 0 0 16
    0 255 209 255 0 255 0 0 0 0 219 255 255 0 0 255 0 255 0 97 0 248 255
    255 255 0 255 234 255 0 251 152 93 0 255 111 255 0 255 255 255 0 0
    155 255 255 255 255 255 255 0 255 255 255 0 0 96 255 0 0 179 0 0 234
    84 0 0 0 255 255 255 245 0 177 255 255 0 203 255 246 255 255 237 0 0
    0 255 0 0 0 0 255 255 0 255 255 255 255 0 13 0 116 146 255 89 0 255
    41 222 0 255 119 255 0 29 0 255 255 0 0 0 107 0 255 50 255 0 0 255 0
    255 0 255 203 0 0 0 29 255 255 0 0 0 255 0 0 20 255 255 255 239 255
    255 0 0 0 255 0 255 255 255 255 0 255 255 0 255 0 32 0 255 255 0 255
    0 0 255 103 255 0 161 255 0 255 0 72 0 255 255 255 255 255 0 255 0
    14 0 255 255 0 66 0 255 100 159 203 36 35 0 165 0 0 255 255 255 255
    255 255 0 0 0 49 255 0 0 26 204 255 13 0 0 0 255 255 255 255 255 255
    59 0 0 255 255 255 196 255 255 255 255 0 255 255 255 255 255 255 0
    255 0 0 0 92 0 0 0 255 255 255 52 255 0 0 255 0 0 0 255 255 255 206
    0 0 0 0 0 76 255 220 29 197 176 255 0 0 245 75 255 14 255 0 255 0
    255 255 255 61 255 0 255 197 255 80 255 0 255 0 255 0 255 0 255 0
    255 63 0 255 255 0 0 255 255 255 0 255 68 206 255 255 255 0 0 0 255
    255 0 36 0 0 89 0 255 1 0 0 36 255 255 255 155 0 214 255 255 0 255
    57 187 255 255 255 0 0 0 114 0 0 255 255 255 0 0 0 0 0 0 255 255 209
    0 0 0 0 255 68 0 0 255 8 255 0 255 255 255 81 255 0 0 255 0 255 255
    255 0 0 0 255 255 0 18 211 0 255 71 255 0 255 42 0 255 203 0 255 0
    255 166 52 0 255 0 255 0 0 0 255 0 255 255 255 0 0 0 255 255 190 255
    202 0 196 255 255 0 0 103 0 255 255 0 215 114 0 255 0 255 0 0 234
    255 0 255 0 255 0 0 255 255 232 255 0 255 255 0 0 0 255 255 255 0
    255 0 255 0 255 255 0 255 0 106 0 0 255 25 0 0 255 0 255 183 255 255
    191 255 220 75 0 0 214 255 0 0 255 255 255 247 255 191 108 255 255 0
    0 0 255 255 120 0 90 116 255 255 250 0 50 0 215 0 255 0 0 0 255 255
    255 255 214 169 0 146 174 0 255 233 255 255 255 0 0 0 0 255 0 0 255
    255 255 255 0 0 0 255 7 0 0 0 255 255 255 0 255 0 255 0 179 0 20 104
    255 94 255 229 0 0 33 0 255 61 255 0 255 80 0 0 255 255 0 255 0 255
    0 255 0 255 0 255 255 0 255 67 0 0 47 255 0 255 0 255 255 255 0 255
    0 255 0 0 255 0 255 255 255 238 0 0 255 0 0 0 255 255 255 0 255 0
    255 0 255 255 188 0 105 255 255 255 197 0 0 255 0 255 217 255 0 255
    0 255 22 255 255 255 0 255 255 255 0 0 255 0 168 0 4 13 76 177 255 0
    255 171 255 0 0 0 177 255 0 176 255 255 255 255 0 0 0 255 110 199 0
    255 193 0 0 255 0 255 116 255 141 0 0 255 0 255 0 107 255 0 255 255
    255 49 0 195 0 0 255 255 255 0 255 255 0 255 188 255 255 0 0 255 255
    0 255 255 255 0 0 0 0 255 0 0 15 255 0 113 0 255 255 0 0 0 255 255
    255 0 255 0 119 255 137 255 0 255 144 0 255 0 37 0 0 255 0 255 255
    255 255 255 0 0 0 255 33 0 255 29 152 255 0 255 58 255 0 202 0 0 0
    190 45 255 0 255 255 0 0 0 64 0 255 0 255 255 183 2 209 255 255 0 15
    0 255 18 203 0 80 241 255 255 255 0 0 63 0 255 255 152 255 0 255 0
    255 255 0 255 0 255 0 255 0 255 0 132 124 0 255 0 0 255 255 255 7 0
    0 255 0 164 255 255 255 255 0 0 0 0 26 255 255 255 214 255 0 255 255
    0 255 0 0 0 255 0 0 0 255 0 0 255 0 255 255 249 255 0 255 0 255 0 78
    255 255 0 0 0 255 255 255 0 0 255 255 0 255 88 255 255 19 0 129 137
    45 0 255 255 179 0 0 5 0 0 0 255 0 255 255 38 255 0 255 68 255 0 0 0
    120 255 255 9 255 0 0 0 0 0 255 247 121 49 255 0 0 0 0 255 255 38
    255 108 255 0 0 255 255 255 255 182 0 0 0 0 42 255 255 255 0 0 92
    255 255 255 0 0 0 0 0 255 0 0 255 255 181 0 178 104 255 3 0 255 255
    69 255 0 207 0 255 255 255 71 0 0 23 171 0 0 255 0 0 255 255 0 255 0
    255 255 255 12 0 0 255 134 146 0 255 200 0 0 0 255 255 255 0 73 215
    0 0 255 255 255 255 6 0 0 53 131 0 43 0 62 249 0 255 0 255 255 0 0 0
    255 255 0 0 0 0 0 255 255 0 86 0 0 127 0 193 0 255 255 255 255 255
    80 0 56 0 255 0 255 118 255 255 0 35 250 255 255 0 0 255 0 255 0 255
    0 199 0 214 0 255 255 255 255 0 255 255 0 0 0 113 88 255 0 0 0 255 0
    144 141 255 255 0 255 255 24 0 255 255 85 255 0 25 255 255 0 0 255
    255 255 0 255 255 0 125 0 255 0 255 255 200 0 255 255 0 255 255 255
    0 233 251 0 255 230 200 255 255 0 255 0 7 0 255 161 255 114 69 0 0
    255 255 255 0 0 0 255 0 255 0 255 0 0 0 255 255 255 255 255 0 255 0
    66 0 255 0 0 28 0 14 255 202 0 32 255 210 0 0 255 75 255 0 0 31 0
    255 0 0 255 0 255 0 0 0 0 255 248 255 0 0 0 0 0 253 216 0 0 0 255 0
    238 0 0 68 0 0 147 231 0 0 255 0 0 0 59 0 255 255 96 255 255 255 255
    255 0 43 17 255 102 204 232 16 0 255 148 0 255 255 255 0 255 162 255
    0 0 232 35 0 0 255 255 255 0 212 0 0 0 0 255 255 255 0 0 0 30 255
    255 0 0 255 206 255 0 0 255 255 255 212 196 0 255 255 115 255 0 178
    255 121 78 32 0 255 255 0 59 0 255 255 255 255 0 0 0 255 255 0 0 57
    0 0 109 0 183 255 0 0 0 0 255 207 0 0 255 184 9 0 255 255 255 36 0
    255 0 255 0 255 115 235 255 0 0 255 255 0 249 255 255 184 0 255 255
    0 0 113 255 255 182 0 0 0 105 105 40 0 0 0 0 255 255 255 0 255 255
    255 0 0 255 255 255 0 0 0 0 255 255 255 0 255 0 255 0 0 255 255 0
    255 255 126 0 0 255 255 0 0 255 255 255 0 0 255 255 0 0 255 0 0 0
    255 0 0 195 255 0 255 0 255 255 0 255 255 130 255 0 0 0 255 255 255
    0 0 255 0 255 255 0 255 255 0 255 255 255 0 198 255 255 255 0 255 50
    86 0 245 0 255 0 255 193 0 5 255 28 0 255 255 0 0 0 255 255 199 0
    255 236 0 0 255 255 255 255 0 0 0 255 255 0 255 0 255 0 0 0 0 0 140
    0 0 2 0 255 255 255 0 255 255 255 17 0 255 255 0 0 0 23 255 255 76 0
    0 197 255 187 255 0 107 0 255 255 0 91 0 255 0 0 244 0 0 255 75 155
    0 255 1 255 0 191 0 70 158 0 255 0 0 0 255 14 255 0 35 255 0 0 0 255
    255 255 255 0 0 0 29 255 0 255 42 255 0 255 0 130 0 255 43 255 255
    255 0 70 0 75 47 255 49 0 188 0 0 2 255 0 0 255 255 0 255 0 125 0
    255 255 152 0 28 255 0 0 255 91 135 0 0 0 255 255 255 0 255 255 0 0
    255 255 0 146 255 255 255 0 255 0 255 0 0 255 255 255 202 222 255 0
    255 0 255 192 108 0 255 185 0 0 255 134 0 0 0 255 255 0 0 255 255
    129 255 255 255 255 0 0 255 255 255 196 0 0 0 255 255 255 0 209 0
    107 0 0 255 206 0 48 255 255 255 0 0 0 0 0 255 0 0 255 255 0 0 0 163
    68 0 0 255 255 0 255 111 0 255 33 255 27 255 0 0 0 218 0 0 0 28 28
    255 125 0 255 0 255 255 223 255 0 191 255 255 73 255 255 216 221 255
    0 0 0 0 255 255 0 0 118 255 189 0 0 0 186 255 255 255 255 255 0 0 0
    0 255 0 95 255 255 255 255 0 255 252 0 0 0 255 113 255 0 255 0 255 0
    255 0 0 255 255 255 0 0 3 0 255 255 255 0 255 0 255 0 255 61 59 255
    255 0 255 232 255 182 157 0 255 236 0 0 0 0 0 0 0 255 145 0 255 255
    98 0 0 255 255 0 255 0 255 232 248 243 0 0 255 255 0 111 0 255 0 0
    255 0 152 0 242 255 0 142 0 255 0 255 0 255 0 255 0 243 0 70 0 255
    177 49 255 0 255 255 255 255 0 0 0 0 10 0 255 0 0 0 0 17 0 255 228 0
    217 0 255 255 0 0 255 255 255 0 0 0 128 80 126 0 0 255 0 255 0 255
    255 255 0 0 255 255 141 0 255 255 238 255 60 202 255 255 101 0 0 255
    255 0 255 0 255 0 0 0 0 0 255 255 73 0 0 255 255 255 0 78 0 255 0
    255 255 0 0 2 0 169 255 255 16 0 255 23 255 235 255 0 0 0 255 255 0
    255 255 255 255 0 0 0 255 201 255 255 255 255 175 255 0 0 0 5 255
    255 194 54 223 255 255 157 255 0 18 255 0 255 0 78 0 255 255 0 0 255
    63 255 0 8 9 255 255 0 255 0 255 19 226 255 255 0 255 0 246 255 0
    140 110 215 73 255 243 0 131 0 0 255 255 0 55 209 255 0 129 0 255
    142 255 0 0 255 255 255 0 255 0 192 0 51 46 255 255 255 0 255 255
    130 0 193 255 255 0 181 23 255 0 176 0 255 187 30 0 255 0 255 255 0
    46 49 0 0 0 0 0 0 255 255 148 252 255 0 255 0 255 0 255 255 0 255 0
    176 0 131 0 0 0 255 0 0 255 255 255 0 255 0 0 0 255 0 255 255 255 0
    219 0 0 62 255 255 198 255 255 255 0 65 0 255 178 0 255 0 255 0 255
    0 12 255 126 255 0 0 0 0 255 255 0 0 0 255 255 255 0 0 0 0 255 0 207
    41 255 255 0 93 0 255 255 44 0 255 255 255 79 0 255 79 199 0 255 0
    255 0 255 255 32 0 255 255 255 0 0 0 234 255 255 90 0 255 0 182 0
    255 0 148 255 255 95 95 255 48 255 0 255 0 239 0 0 255 0 0 255 255
    255 0 0 255 255 255 0 72 246 212 0 167 255 255 0 255 255 21 183 36
    255 0 255 0 0 0 0 131 255 255 176 0 255 133 0 204 255 0 0 0 199 255
    255 255 0 255 0 0 41 0 0 255 0 255 255 255 0 246 255 255 142 255 255
    255 0 0 29 0 255 255 112 255 255 0 0 0 21 255 112 255 255 0 255 0 0
    255 255 0 0 0 255 0 0 185 0 163 0 218 121 255 32 255 255 0 255 162 0
    0 255 255 255 0 128 0 0 255 0 0 101 0 90 0 255 255 255 208 0 57 255
    255 100 255 255 0 255 155 160 0 0 233 217 0 0 255 255 255 0 255 0 0
    0 255 255 0 0 0 228 255 255 0 0 171 0 0 255 255 255 0 255 0 255 0
    255 255 167 0 255 255 255 32 255 95 0 0 246 0 255 0 0 0 46 255 255
    255 233 0 255 255 255 0 255 0 255 0 0 0 255 255 255 149 205 87 0 0
    233 62 255 0 152 255 255 0 0 255 0 255 0 255 255 0 0 0 97 255 255
    255 255 255 135 0 0 0 145 255 0 0 0 255 255 14 255 249 26 0 239 255
    0 0 188 255 255 0 0 0 0 0 0 255 255 255 0 0 255 255 0 0 0 255 255
    255 0 0 255 0 255 0 0 255 255 108 0 0 0 255 255 0 255 255 255 0 0
    183 0 245 255 82 0 64 0 235 255 0 0 0 255 240 0 255 255 255 0 255 35
    0 255 255 255 0 70 255 255 255 0 255 114 255 0 255 0 174 63 255 0
    255 0 0 0 255 0 255 0 100 255 183 159 0 255 0 0 209 255 0 178 0 255
    242 255 255 255 0 255 0 4 255 255 0 255 0 137 167 0 0 40 255 255 255
    0 0 255 255 255 68 255 255 255 0 255 0 255 255 26 0 255 255 5 255
    255 255 0 0 0 255 0 255 255 167 255 0 255 77 255 0 255 9 255 255 255
    0 0 255 171 0 0 0 255 255 213 0 255 243 53 255 255 255 0 0 156 255 0
    95 255 0 255 31 255 240 255 0 255 255 255 0 0 0 255 188 255 0 255 0
    0 0 255 0 255 0 255 0 0 0 255 255 255 0 0 255 255 255 0 0 0 0 0 0 0
    209 255 255 0 0 207 0 0 0 255 255 0 0 255 255 255 0 229 15 255 0 255
    228 0 132 2 0 255 0 52 255 255 113 0 92 0 255 255 255 0 236 255 255
    255 0 0 0 255 0 0 0 255 255 0 255 255 255 168 0 0 0 0 255 255 255
    255 136 255 86 43 0 255 0 0 255 255 40 255 255 0 45 255 0 240 105 0
    255 16 255 0 0 125 255 0 0 0 0 255 255 203 74 0 255 255 105 0 52 0 0
    255 0 255 0 255 0 0 38 60 255 52 0 0 255 97 0 137 255 92 24 0 0 0 0
    255 255 0 255 0 255 255 255 0 0 225 255 0 52 0 255 255 13 255 0 255
    0 255 14 255 255 87 255 0 202 255 255 145 0 0 0 0 3 0 255 0 0 255
    192 200 0 255 255 0 255 0 255 118 255 0 255 140 255 10 71 255 26 0 0
    255 255 255 255 0 0 255 36 255 0 0 255 207 255 0 0 255 157 255 255 0
    68 255 228 0 0 0 255 37 0 255 255 0 255 0 255 0 0 0 255 255 0 0 255
    0 255 0 230 255 146 255 255 255 255 0 0 9 148 255 255 255 0 190 255
    0 0 0 175 187 255 0 255 0 106 255 255 0 0 255 0 0 0 171 255 147 0
    255 154 255 116 0 255 0 255 248 0 0 255 255 0 0 255 255 255 0 0 35 0
    98 63 255 255 255 255 0 0 0 255 225 0 0 0 255 255 255 255 255 0 236
    12 255 255 255 35 0 176 0 201 0 23 255 255 0 255 160 142 0 0 63 0 24
    255 255 0 255 0 0 0 0 255 255 9 22 255 204 146 32 255 122 255 0 0
    255 149 0 0 255 255 242 255 255 255 255 255 255 0 0 255 0 255 141 0
    255 255 255 0 0 3 226 181 255 0 0 118 30 0 255 0 255 57 0 255 255
    172 0 177 0 255 255 0 0 78 0 0 199 255 255 0 191 255 181 0 255 134
    121 0 255 255 255 255 0 0 0 0 255 255 0 0 0 0 77 255 0 88 255 255 0
    0 210 255 255 115 0 255 0 255 0 255 0 255 255 255 255 0 0 0 106 255
    199 255 255 223 0 255 215 255 180 0 255 255 0 255 0 255 0 0 255 255
    255 255 255 123 0 0 0 255 255 101 0 0 61 255 0 0 235 255 255 0 21 0
    135 255 255 0 128 0 255 255 255 0 66 0 255 12 0 0 245 0 0 0 255 0 0
    244 255 255 247 255 255 255 0 0 0 0 255 0 255 189 17 244 0 0 0 26
    241 255 255 255 0 0 0 255 0 144 0 0 255 0 255 249 145 46 0 255 175 0
    0 255 240 0 14 0 255 255 85 0 39 0 255 0 0 65 255 255 0 0 0 255 0 0
    0 255 24 151 255 0 0 183 255 0 255 255 0 0 187 255 255 240 255 255
    234 54 0 255 0 255 255 255 0 255 255 255 0 255 68 0 180 55 255 0 0
    255 255 255 198 244 255 111 255 0 0 0 145 255 0 200 0 255 255 0 255
    255 0 0 255 0 255 0 0 0 212 0 255 0 255 255 255 255 33 0 0 255 255
    174 0 74 255 0 0 255 0 0 255 255 121 255 255 255 42 255 0 255 255
    255 246 0 0 0 0 255 255 255 255 255 255 0 0 255 255 255 0 0 0 0 0
    149 31 255 153 255 0 255 255 255 255 0 255 0 0 0 0 255 255 255 255 0
    255 255 255 0 255 25 0 0 0 255 0 255 238 255 255 236 116 0 47 0 255
    161 255 255 0 0 255 255 255 0 0 2 0 255 41 255 0 0 0 255 152 255 111
    255 0 234 0 255 255 0 255 0 255 0 255 255 82 0 0 3 255 255 255 0 0
    255 255 255 255 255 0 0 164 83 255 255 87 0 0 0 255 255 54 0 0 0 6
    255 255 255 0 255 255 0 255 0 0 42 0 255 255 255 0 0 0 255 255 0 255
    255 255 255 0 0 0 67 77 183 0 255 0 255 255 255 255 232 0 0 0 255
    255 255 0 0 157 0 238 255 222 255 255 0 255 0 255 0 0 255 251 0 255
    0 0 107 255 0 0 255 0 186 131 255 120 0 0 255 0 84 255 255 124 150
    255 255 0 0 0 255 0 0 255 255 0 0 0 112 255 0 255 0 0 255 255 255 0
    62 0 156 0 255 0 0 255 255 0 37 0 104 0 255 255 116 255 0 0 255 0
    255 0 255 255 255 0 0 0 255 0 255 0 255 0 0 255 0 0 255 255 255 255
    255 0 255 0 255 255 243 255 0 0 126 255 0 255 0 0 109 255 234 189 0
    0 0 48 255 0 0 255 255 255 0 0 255 0 255 255 145 0 255 0 255 0 255
    255 255 0 255 0 0 0 255 0 0 255 255 255 0 0 0 0 255 0 255 255 0 0 0
    255 118 255 255 5 46 36 255 85 255 196 0 0 255 0 255 0 0 0 255 0 255
    0 0 255 255 0 0 57 68 237 0 0 2 255 0 0 0 0 77 255 255 255 255 85 0
    226 0 108 200 0 194 0 255 170 255 0 255 0 255 0 0 28 134 0 0 0 255
    133 255 255 255 127 0 77 0 77 0 255 237 255 255 0 0 0 0 42 0 255 0 0
    255 255 255 255 0 255 0 255 0 255 0 247 0 255 0 85 184 255 0 0 0 126
    255 255 255 114 0 0 92 255 255 255 0 97 112 0 0 255 255 0 0 48 255
    255 0 255 255 255 93 0 0 0 0 255 0 255 156 255 0 255 255 0 0 0 0 255
    5 71 255 0 255 255 255 255 96 0 255 255 255 255 0 0 255 255 155 221
    0 0 255 255 255 0 255 255 65 0 0 255 255 20 0 255 0 0 0 255 0 0 0
    255 255 0 0 0 255 255 255 144 255 255 0 221 255 255 0 255 255 255
    253 0 0 255 255 255 255 243 0 0 0 255 0 0 0 255 255 255 0 0 39 255
    255 184 255 255 197 255 0 127 0 255 255 161 0 0 255 153 38 0 0 60
    255 255 255 255 0 255 0 255 0 0 0 120 255 0 22 0 255 0 44 255 255
    255 0 0 84 0 255 255 0 0 124 255 43 255 255 158 255 16 255 58 80 0
    255 255 255 120 61 0 0 0 0 255 0 255 255 236 0 255 0 0 0 221 255 105
    255 0 0 47 255 255 253 0 255 83 86 0 0 255 0 255 0 38 0 0 0 0 0 255
    0 255 255 0 255 0 255 129 0 255 0 255 0 0 0 255 255 255 255 255 0 0
    255 0 0 0 255 167 0 0 0 0 255 126 0 255 0 255 39 255 255 255 0 53 0
    255 0 255 0 255 255 255 0 255 255 255 255 0 125 0 12 255 0 33 255 0
    0 255 255 255 0 0 0 0 255 255 0 0 0 0 255 255 0 255 0 255 233 84 0
    255 230 255 94 0 0 46 31 255 0 0 0 255 0 126 255 221 240 255 0 247 0
    255 43 199 0 0 255 0 0 255 0 255 255 255 0 255 255 0 0 255 0 255 255
    0 0 203 255 255 255 0 102 136 255 213 255 255 255 28 0 255 255 255 0
    255 0 255 255 0 195 67 255 0 151 63 255 255 227 0 255 1 255 0 255
    109 33 192 0 255 0 255 0 0 0 255 255 255 255 0 255 255 20 0 255 255
    255 0 255 255 255 0 0 0 255 0 0 0 255 0 0 255 0 255 0 255 0 46 255 0
    255 130 255 0 0 255 90 255 202 255 0 0 209 255 255 255 0 0 209 0 255
    157 0 216 0 0 214 0 255 0 180 0 99 157 0 0 207 255 255 25 0 255 255
    255 255 0 0 191 24 0 255 27 255 255 0 0 0 255 0 255 252 113 156 0
    255 0 0 255 255 142 0 106 155 255 255 0 0 244 255 255 0 0 194 0 14
    26 255 255 90 255 0 89 255 255 0 0 0 255 255 255 255 0 0 0 255 0 196
    237 255 255 0 81 102 255 0 0 196 255 255 255 255 255 0 0 0 230 255
    255 255 0 0 0 0 255 0 67 0 0 24 93 204 151 255 255 0 0 0 255 255 255
    0 29 255 255 0 0 255 0 255 255 255 255 0 0 122 0 255 27 255 0 255 0
    0 187 255 255 0 0 0 67 255 255 255 0 240 255 255 0 0 0 255 213 255 0
    255 255 63 0 255 255 255 67 255 0 138 162 0 255 255 255 0 215 67 255
    255 0 0 52 0 0 0 255 255 255 0 94 0 255 255 255 0 255 0 255 222 0
    225 0 255 255 255 104 20 0 0 255 255 255 0 106 0 0 255 255 255 0 255
    255 255 255 255 221 14 0 0 255 127 36 198 255 0 206 0 0 0 255 255
    255 255 0 0 0 0 255 255 0 255 0 255 0 42 0 0 0 0 0 204 0 255 192 255
    0 124 255 255 138 0 0 59 255 255 0 0 0 0 0 0 255 251 255 0 0 87 255
    255 255 0 0 0 225 255 255 255 0 0 0 255 255 255 57 255 0 0 0 255 255
    255 0 255 0 255 0 0 255 255 0 255 149 255 0 96 255 0 147 0 0 255 255
    130 0 255 40 254 0 0 253 255 255 255 255 0 0 0 255 255 89 255 0 0 0
    0 255 134 255 255 0 0 3 0 118 255 0 0 255 210 255 0 0 0 175 255 0 0
    0 64 0 255 255 255 0 0 0 255 255 75 0 0 255 255 0 255 0 255 255 253
    255 188 255 255 255 255 255 0 255 0 255 0 0 0 0 255 255 0 255 0 255
    0 255 0 226 66 255 255 255 255 0 0 24 255 255 255 0 0 255 255 239
    255 0 255 214 255 255 0 0 243 0 255 255 0 0 162 255 255 126 0 0 0
    255 255 255 0 0 255 255 219 0 0 0 255 255 255 0 255 255 0 0 0 255
    255 255 255 0 0 255 255 255 26 255 255 0 0 0 48 255 255 48 255 0 0 0
    0 0 255 255 0 0 0 255 255 0 36 0 44 255 240 75 0 0 255 0 255 0 0 255
    0 0 0 255 52 0 152 0 255 8 255 0 255 255 255 255 255 255 0 18 255
    255 255 0 99 0 255 255 255 0 0 0 255 0 255 255 0 0 0 0 255 255 0 0 0
    0 0 255 255 0 0 0 0 0 255 213 255 0 255 0 0 22 0 255 255 0 0 0 255
    255 255 255 0 0 0 218 255 255 47 0 255 125 255 255 255 255 0 197 255
    255 0 114 0 255 255 0 255 0 255 0 0 255 255 255 0 0 0 0 255 192 255
    155 0 255 255 48 0 255 0 0 255 0 0 0 255 82 0 0 0 178 255 0 0 0 160
    0 0 0 78 0 255 0 91 173 0 233 0 0 225 163 148 255 255 255 255 0 255
    128 0 0 0 0 255 0 51 255 0 170 0 27 255 0 255 0 0 255 0 255 0 0 0
    255 255 0 255 101 255 255 255 255 23 159 255 0 0 0 0 255 255 83 255
    255 255 255 0 0 0 0 255 232 0 200 0 255 197 51 255 0 255 0 255 147 0
    255 0 0 0 255 5 223 109 255 156 54 0 255 255 0 255 255 0 216 0 255
    244 0 0 0 255 255 255 0 225 0 255 108 0 0 255 255 0 0 255 255 50 255
    0 255 255 255 255 0 0 0 255 0 255 0 38 0 255 117 255 0 51 0 255 0 0
    0 255 255 255 0 0 151 0 255 0 0 0 255 255 255 255 0 255 255 255 255
    0 0 0 0 255 165 255 0 34 255 255 255 255 0 0 0 103 255 0 203 240 255
    0 255 0 255 255 0 255 0 255 237 255 0 0 255 255 0 255 255 74 255 255
    0 0 255 0 255 255 255 0 168 255 0 0 0 255 17 255 255 0 0 0 255 228 0
    255 19 255 0 255 255 255 227 0 0 0 255 0 0 255 235 60 255 0 255 0
    255 128 0 255 255 255 46 142 0 255 255 255 255 238 0 0 193 0 255 0 0
    227 255 255 0 255 27 0 0 0 255 196 0 0 0 255 0 255 244 255 24 0 75
    244 255 255 0 255 168 0 0 255 158 255 126 87 255 0 255 0 0 65 0 255
    0 139 213 0 255 255 255 0 0 0 255 255 0 190 0 255 21 255 255 0 246 0
    83 255 255 255 0 255 255 0 145 255 255 109 139 255 89 255 0 0 255 0
    255 84 255 255 0 255 0 0 0 255 0 161 255 255 0 121 255 255 0 0 0 162
    255 255 123 255 153 255 0 61 0 255 0 255 41 255 255 255 145 0 255 0
    243 137 122 255 255 0 0 0 255 0 255 255 0 33 255 255 255 0 0 255 0
    243 0 6 0 246 255 92 188 0 255 102 0 98 255 108 0 0 255 0 255 255 0
    154 81 0 0 255 0 192 255 220 255 255 255 0 0 255 255 0 0 255 0 255 0
    255 255 249 0 0 255 255 255 24 0 59 0 204 255 255 255 255 255 0 0
    255 255 255 199 0 0 0 255 255 0 22 0 255 23 0 0 0 0 255 0 255 255
    255 255 0 0 97 255 255 62 255 190 255 255 0 255 0 0 0 0 255 0 0 255
    213 255 0 0 127 255 0 255 20 255 0 0 255 0 0 151 255 155 255 0 0 255
    255 0 0 255 255 255 162 255 0 255 0 0 0 0 255 0 255 0 255 0 255 255
    163 255 0 0 0 255 0 255 255 255 255 0 81 255 0 255 248 255 0 0 0 0
    255 217 39 0 0 0 0 0 255 0 24 0 255 255 0 255 0 0 255 0 0 0 255 255
    221 0 119 0 0 255 92 0 0 255 7 255 0 255 255 255 0 63 255 65 0 255
    255 71 138 109 255 0 0 255 228 28 0 0 142 255 0 255 255 0 255 28 255
    0 0 255 0 255 0 255 111 0 255 99 255 255 255 150 0 0 50 255 71 255 0
    255 255 3 255 0 255 255 255 0 0 0 255 0 255 0 255 0 255 255 0 255 64
    255 0 254 0 44 255 57 255 255 0 0 255 255 0 0 0 0 255 255 0 0 255
    255 255 255 255 255 255 42 255 0 0 0 147 0 0 255 255 255 0 118 178
    146 177 210 255 0 255 255 163 0 255 255 0 255 0 255 149 255 0 0 55 0
    255 255 138 59 255 0 240 10 78 0 71 255 0 0 0 255 255 255 255 0 255
    167 255 0 0 165 255 214 255 0 0 255 255 0 35 162 255 0 0 0 255 0 255
    230 255 0 0 0 255 255 255 0 255 134 255 0 0 0 120 255 0 255 255 73 0
    0 0 0 133 46 0 0 255 255 255 0 255 0 0 112 255 255 0 255 0 0 204 0
    255 0 255 255 0 0 0 0 255 217 191 255 0 0 0 255 255 255 136 0 0 0 41
    52 7 255 255 74 0 0 255 255 255 255 255 255 6 0 96 255 0 0 0 255 255
    96 0 255 255 255 0 255 0 255 255 0 103 255 255 180 0 0 114 0 255 205
    255 0 68 0 198 255 142 0 0 124 255 140 0 0 255 0 110 0 255 0 0 0 255
    255 255 255 76 0 0 255 255 254 36 0 0 255 255 255 0 0 0 172 255 255
    255 198 88 255 0 0 206 0 0 255 255 0 255 0 255 255 255 0 0 150 112
    171 0 255 255 0 0 255 255 77 84 255 74 0 0 255 0 125 0 255 255 33 0
    255 255 255 0 169 173 52 0 0 247 255 255 35 255 0 0 255 202 210 0
    255 0 66 0 255 0 255 255 227 255 176 0 0 255 255 255 164 255 85 255
    0 255 255 234 0 0 255 0 77 0 255 0 255 255 179 0 255 0 255 0 0 0 255
    126 159 255 0 255 0 255 0 255 0 0 202 255 140 255 187 0 255 255 0 0
    255 0 255 0 89 0 255 129 174 0 0 255 255 250 16 255 255 0 0 0 81 255
    255 0 0 0 0 255 255 255 0 0 111 0 0 0 255 255 255 0 255 0 0 255 190
    254 0 0 0 152 0 0 0 255 0 255 0 0 0 0 0 0 0 255 104 255 0 255 0 255
    0 255 255 255 255 0 0 0 0 255 0 79 0 255 139 255 255 182 255 0 0 0 0
    255 255 255 255 255 255 0 0 0 255 255 0 103 255 255 255 33 255 230 0
    0 30 255 0 255 242 255 104 0 255 183 0 160 0 0 0 0 255 255 255 255
    255 0 0 0 119 0 0 0 255 255 0 213 0 255 255 255 255 255 0 255 255 0
    75 255 255 0 49 0 81 255 255 255 255 36 0 0 255 255 255 0 255 255
    255 0 190 0 0 255 115 0 255 0 0 255 0 0 0 255 0 255 40 196 0 0 26
    255 255 255 0 255 0 0 255 255 95 0 253 0 0 0 71 255 255 255 0 0 0
    255 0 255 169 255 255 0 0 0 255 167 0 255 0 255 255 255 0 0 255 0
    255 0 255 0 0 0 122 0 220 0 255 255 0 0 255 255 255 0 255 0 0 14 162
    255 255 0 0 0 255 255 255 255 255 0 255 0 255 0 255 255 255 0 255 0
    255 0 147 255 0 178 0 255 0 255 0 255 0 255 0 87 0 75 0 255 0 0 0
    255 255 163 0 128 0 61 231 255 206 0 215 255 0 0 255 188 0 0 255 0
    255 0 45 0 255 57 205 255 129 255 255 147 255 0 0 0 0 255 255 0 130
    0 255 0 0 0 255 255 0 0 255 255 255 0 255 0 255 255 255 221 180 27 8
    0 0 0 255 255 255 255 255 255 26 255 0 0 0 0 255 202 255 0 0 0 0 255
    0 255 0 255 0 255 255 0 0 0 255 0 255 0 255 0 255 0 255 255 86 0 0
    255 144 255 55 255 7 163 0 0 255 255 255 0 0 255 255 0 0 0 174 103
    255 0 255 217 0 255 64 72 0 255 0 226 0 255 255 255 255 255 0 0 0 0
    255 255 0 0 139 219 0 133 243 0 255 244 171 0 255 0 0 183 255 255
    243 0 101 255 255 0 0 24 255 255 153 0 255 0 180 0 255 255 255 0 255
    255 76 0 0 85 255 227 255 57 93 255 1 82 27 123 14 93 255 255 254 0
    185 255 0 255 255 0 0 255 255 37 0 0 0 255 255 0 0 255 255 246 0 0
    255 255 255 152 0 255 255 255 0 0 255 253 0 0 255 255 255 0 0 255
    255 0 255 0 239 0 255 255 131 255 123 255 0 0 255 255 255 0 0 0 255
    255 255 0 255 151 0 255 0 255 0 255 255 0 255 0 73 0 255 255 255 0 0
    162 255 255 0 0 255 255 0 255 0 255 0 0 0 255 255 255 0 0 232 0 255
    255 0 0 0 0 0 255 255 0 0 0 255 255 255 255 255 255 255 86 0 0 0 0 0
    255 0 255 202 182 0 255 255 255 0 0 255 255 210 42 255 82 0 0 255
    255 166 255 0 255 147 255 216 0 0 144 255 255 0 255 0 255 228 176
    255 0 0 0 2 155 255 0 255 0 255 0 158 0 0 93 0 0 255 0 255 255 255 0
    0 255 37 149 0 0 255 255 55 160 66 255 0 175 0 0 93 122 0 0 0 255
    255 186 0 178 255 255 0 0 0 255 255 255 0 0 133 255 255 255 255 0
    255 0 255 255 255 0 255 0 0 255 0 255 0 183 0 255 255 172 255 0 255
    0 91 0 255 0 255 0 100 0 0 240 169 255 255 255 255 0 0 255 0 255 0
    255 255 85 55 255 255 0 0 0 11 255 255 255 46 150 0 255 255 0 255
    255 255 255 0 255 255 255 255 0 0 119 255 255 0 0 255 0 255 0 0 255
    0 255 78 255 255 27 255 0 0 255 209 255 0 255 0 255 255 0 255 164 0
    0 255 209 113 0 0 255 255 0 153 0 0 136 0 209 233 255 0 255 255 255
    251 0 233 0 241 255 200 0 247 255 255 255 124 41 255 255 255 0 255
    175 0 0 79 255 255 255 0 0 0 0 0 155 255 0 255 0 0 133 225 255 0 255
    0 255 0 255 0 0 0 255 0 0 0 255 7 255 0 255 0 255 0 235 255 173 0
    255 0 247 80 255 127 255 0 0 255 114 0 145 255 255 0 0 255 255 0 0
    126 255 0 255 0 255 0 165 255 255 255 0 0 0 255 255 255 255 255 255
    0 0 79 255 0 0 147 0 67 0 232 0 0 255 255 0 255 255 0 255 0 92 255
    255 0 255 255 0 255 71 255 0 0 121 0 255 255 255 0 0 255 255 0 255 0
    255 155 0 0 0 0 255 86 7 0 255 255 0 0 0 255 219 0 0 0 0 215 234 0
    255 75 0 255 0 255 0 255 0 255 255 0 0 0 255 255 0 0 0 255 0 255 0
    255 255 255 255 0 255 255 255 65 255 0 255 148 255 0 255 0 255 0 255
    0 37 255 255 0 0 0 255 255 0 255 24 255 255 0 255 0 255 255 153 102
    134 144 255 0 255 0 240 0 0 0 39 0 255 165 28 0 255 30 255 255 0 0 0
    0 255 255 255 255 0 0 0 255 186 0 0 255 255 0 255 255 148 243 50 124
    0 55 255 0 0 39 255 255 0 0 222 0 0 0 255 255 255 240 0 177 0 255 0
    255 0 255 46 0 0 50 255 255 0 150 255 255 255 0 0 255 0 0 0 255 0
    255 255 255 0 0 0 255 0 0 0 38 0 255 212 128 255 0 0 255 255 0 0 255
    0 249 0 0 255 71 205 0 255 255 212 0 0 0 255 0 0 0 255 192 254 0 255
    255 255 255 255 185 255 0 255 0 255 242 0 255 85 201 0 255 0 255 255
    255 165 43 0 184 255 167 255 255 71 0 255 0 0 255 127 8 0 99 86 255
    255 255 255 69 0 0 0 255 0 255 0 106 49 0 0 0 119 255 132 255 0 255
    255 255 0 0 255 0 255 255 0 164 0 0 255 255 255 255 255 0 0 0 0 255
    255 255 239 0 255 0 0 0 255 173 255 0 255 0 181 255 14 255 0 255 0
    255 0 0 146 255 255 0 0 0 255 255 248 255 255 255 86 0 0 255 0 255 0
    0 255 84 162 92 255 255 255 0 0 206 255 20 0 23 207 117 0 0 255 255
    255 0 230 0 0 0 0 255 255 255 0 255 0 255 255 0 0 0 255 255 0 0 0 0
    255 255 255 0 255 0 255 0 255 0 0 255 255 255 98 0 0 190 255 255 255
    0 32 64 0 255 255 100 0 218 70 255 255 255 255 0 0 12 255 255 85 255
    0 255 0 0 0 255 255 255 0 255 0 255 0 166 0 0 0 112 0 0 0 255 21 255
    255 255 255 255 255 17 255 255 0 255 255 255 255 0 0 0 255 255 0 0 0
    139 255 158 255 255 0 0 0 255 255 0 85 0 255 0 218 102 0 199 0 255
    21 255 172 255 255 0 0 47 255 255 255 0 255 0 255 255 3 33 255 0 0
    255 0 81 68 255 220 255 0 0 0 0 143 255 0 255 163 255 0 255 83 0 0
    255 255 0 0 0 156 0 255 0 255 0 255 255 255 0 0 255 0 0 126 255 255
    0 123 0 255 255 160 247 0 255 0 255 3 255 0 255 29 187 9 0 0 0 255 0
    255 255 255 159 52 0 156 0 255 115 0 0 255 0 0 255 0 255 38 255 0
    255 0 100 0 0 191 0 3 255 0 255 0 0 0 255 0 255 255 255 255 0 214
    152 0 255 255 255 142 255 96 228 58 0 255 255 0 0 0 255 101 0 255 0
    255 255 255 255 7 0 31 12 255 145 0 85 255 255 0 166 255 253 255 0
    94 255 255 228 0 88 0 0 255 212 255 151 168 0 255 0 255 0 26 255 255
    255 0 89 123 0 236 242 255 0 0 150 255 255 39 0 74 83 187 255 255
    180 0 0 0 0 0 255 177 255 255 255 0 0 255 0 255 0 0 0 255 0 255 0
    255 255 0 0 255 0 255 255 0 52 44 187 0 0 255 0 0 250 0 255 204 0
    255 0 0 195 0 255 0 255 0 255 255 255 0 0 255 17 255 183 0 0 70 0 42
    0 255 255 255 0 0 255 255 0 0 0 255 255 255 255 255 0 255 0 255 0
    186 0 0 255 255 146 103 0 0 255 245 255 0 0 0 0 255 0 255 0 248 0 0
    255 255 10 0 255 19 255 63 0 0 255 216 255 74 0 255 0 255 176 255 0
    211 255 0 162 255 255 0 0 255 255 255 0 0 77 255 0 0 255 94 255 0
    255 8 255 0 255 255 255 0 255 0 50 255 167 255 144 0 81 0 255 255
    115 0 0 49 179 177 0 0 0 0 255 0 222 0 0 255 255 255 0 0 0 63 255 0
    16 0 255 0 222 0 255 170 234 27 0 255 255 255 255 0 0 255 0 255 160
    24 255 0 0 255 6 255 0 0 255 0 163 8 219 255 255 0 59 59 255 0 255
    255 0 0 0 255 100 0 0 255 0 253 43 255 255 0 255 53 255 0 255 0 255
    0 0 134 255 146 255 0 253 0 255 56 0 0 0 255 255 255 255 255 255 0 0
    221 0 2 255 255 0 255 0 177 0 0 255 255 0 97 0 0 255 0 255 0 0 255 0
    255 137 255 0 255 255 0 0 0 134 102 192 0 0 0 0 255 0 255 0 0 255 0
    6 255 0 255 94 255 0 119 0 0 255 172 117 60 255 255 255 0 0 0 255 0
    255 255 0 0 0 0 255 255 0 0 0 255 255 145 6 255 49 0 72 22 0 255 0
    255 162 255 255 101 255 0 0 255 255 255 255 0 255 0 0 22 57 255 0 0
    0 255 0 0 255 0 255 255 0 185 0 255 255 255 0 0 0 255 0 128 0 174
    150 255 255 161 255 255 255 255 0 0 215 189 255 103 0 42 255 0 255
    255 0 255 116 255 0 0 255 21 234 255 230 0 255 0 255 255 255 210 0 0
    0 0 255 0 172 75 0 0 226 255 255 255 255 255 255 255 255 57 0 21 255
    255 255 0 0 0 255 0 255 255 255 0 255 255 55 0 118 255 231 255 255
    255 255 99 255 255 137 255 255 0 0 0 249 251 0 255 0 255 87 0 0 255
    0 255 0 255 255 255 255 0 0 255 255 255 255 0 0 0 77 18 0 175 255 0
    255 255 255 0 0 227 0 255 255 254 0 255 255 255 0 0 0 255 252 255 0
    255 0 255 0 255 255 255 83 0 255 0 0 0 255 255 255 255 8 0 0 255 255
    255 0 255 124 0 0 103 255 211 255 255 0 0 255 73 255 0 255 44 255 0
    0 0 0 0 0 255 0 255 0 192 207 255 67 255 255 255 0 255 0 222 0 0 85
    0 255 255 188 21 0 255 255 255 89 0 0 255 90 205 137 25 0 0 255 148
    205 0 255 255 0 255 0 255 255 193 0 0 255 255 255 0 255 209 255 188
    0 115 49 0 255 239 0 0 0 0 164 0 0 255 0 255 0 255 0 0 30 0 255 255
    255 116 0 0 0 255 0 255 158 255 255 13 255 0 0 255 0 255 0 255 0 255
    255 255 255 0 255 255 179 0 228 136 255 255 158 0 0 255 255 248 0 0
    0 255 255 255 255 50 255 144 0 255 0 0 14 0 31 0 255 0 248 255 172 0
    0 52 255 255 0 27 0 159 255 113 79 0 5 255 255 255 0 108 255 0 255
    255 0 0 255 255 255 227 255 0 255 33 0 255 0 0 0 0 83 255 255 174 0
    255 255 255 0 255 0 0 254 0 255 0 255 0 108 0 0 0 62 0 40 0 0 55 255
    156 255 0 0 255 255 22 255 0 231 0 255 255 106 255 228 211 110 255 0
    0 0 255 255 255 255 161 255 255 255 255 0 0 229 216 221 0 255 255
    255 0 0 0 0 255 255 225 0 0 0 73 255 255 180 0 0 255 0 255 255 0 255
    0 255 255 255 255 0 255 255 0 0 0 255 0 255 126 255 191 0 0 0 0 125
    255 255 255 255 240 255 0 167 0 255 156 0 0 0 0 255 255 18 0 78 255
    255 0 255 0 229 255 0 0 0 0 0 0 177 0 255 10 255 198 255 255 78 4 0
    207 255 0 0 255 137 255 0 255 0 255 195 255 255 230 0 0 0 255 5 255
    255 255 0 0 255 0 211 0 255 80 184 255 0 255 255 0 21 0 0 255 0 255
    255 255 255 0 255 0 0 255 255 82 0 0 255 26 255 255 186 0 255 0 255
    255 0 255 0 0 0 0 0 141 0 255 0 66 0 255 0 255 255 255 255 255 0 255
    78 255 0 87 0 0 0 255 255 86 221 0 255 0 255 255 255 255 255 0 0 0
    191 255 0 23 255 255 225 255 255 222 0 0 0 255 0 0 255 233 205 0 29
    255 120 255 255 255 52 255 154 0 255 0 183 255 105 255 255 0 0 0 220
    0 0 254 255 255 0 0 0 20 0 25 81 0 255 0 146 0 255 223 182 163 254
    255 0 0 0 116 255 51 255 0 0 255 130 0 0 255 204 255 255 0 0 0 0 0
    255 255 255 0 0 0 255 0 0 58 255 255 0 222 205 104 255 255 222 255 0
    255 0 255 255 255 0 5 0 255 255 255 255 0 255 3 76 0 255 0 255 21
    204 108 0 142 255 46 255 0 0 0 255 171 255 0 216 187 145 0 108 255
    255 255 0 0 0 255 0 0 0 210 10 255 0 255 0 52 0 255 44 255 106 0 0
    123 255 0 0 105 22 0 255 75 0 0 255 210 255 0 0 255 255 255 255 255
    0 0 0 199 0 0 0 255 162 255 25 0 0 255 193 0 255 0 255 166 103 0 48
    255 255 0 255 0 86 255 255 255 255 0 255 0 37 0 255 0 26 0 255 0 0 0
    0 255 255 255 0 0 255 255 0 0 0 255 0 234 202 255 31 255 0 0 255 255
    0 0 0 255 0 255 0 255 255 255 105 116 0 154 28 0 255 0 255 248 255
    63 0 255 255 0 0 7 255 0 255 93 187 0 0 39 255 109 255 155 255 0 0
    255 0 0 0 255 0 255 255 241 255 0 255 0 255 153 255 0 31 0 255 0 0 0
    0 0 102 219 0 255 0 255 0 0 58 255 255 136 0 0 255 0 0 0 255 255 0
    105 0 255 255 255 255 41 255 255 0 0 255 0 255 230 0 0 0 255 255 255
    0 255 0 201 0 255 255 44 191 0 0 0 255 97 0 255 255 255 241 0 0 255
    0 228 0 255 0 255 0 0 0 255 245 170 255 255 255 0 233 255 32 255 0
    255 255 248 0 0 18 0 255 189 255 0 0 255 255 255 255 0 255 0 255 255
    0 53 158 255 0 31 177 0 255 0 4 80 0 255 0 255 255 77 255 255 255 95
    255 255 0 206 0 255 0 30 0 0 0 232 255 255 0 0 0 255 255 116 0 0 0 0
    205 0 255 255 229 0 0 15 255 255 14 0 2 163 0 0 255 192 115 255 214
    255 0 0 255 255 32 0 0 255 255 255 143 11 242 255 0 255 0 170 255
    169 171 255 255 255 199 105 0 255 0 255 0 41 235 0 0 255 0 0 0 50 0
    116 255 255 255 66 255 0 255 0 166 7 255 255 255 30 0 75 186 0 236
    255 255 43 0 0 255 85 111 0 0 255 255 0 143 255 255 191 255 0 255
    210 255 0 255 255 0 0 0 255 146 255 0 0 0 255 85 255 0 0 100 0 0 255
    41 255 0 255 0 255 0 255 222 255 0 255 0 255 83 255 255 255 255 236
    0 0 193 32 255 0 0 234 0 0 255 255 255 209 18 0 0 158 0 0 229 255
    255 255 0 255 0 0 0 0 75 0 255 0 255 255 251 0 0 178 255 255 255 0
    255 0 0 0 0 255 255 0 0 0 230 0 99 0 94 0 255 255 119 0 255 0 81 255
    0 255 0 255 149 255 255 255 0 0 14 0 0 0 99 255 0 255 0 0 89 255 255
    255 0 255 0 255 0 10 255 0 0 0 255 255 255 22 55 255 255 0 0 0 168 0
    0 0 255 255 255 0 12 0 255 5 36 255 255 77 83 0 255 218 255 255 255
    0 255 0 0 255 255 0 5 0 255 0 147 0 0 0 255 0 70 167 0 0 255 255 255
    0 0 255 255 255 255 182 0 0 31 0 20 255 255 0 31 255 255 0 0 157 173
    204 104 255 0 120 0 234 255 255 255 0 255 255 255 0 0 255 255 255 0
    0 0 109 7 213 83 255 0 0 255 255 255 255 0 0 0 255 255 0 0 0 255 40
    255 0 0 255 0 0 97 255 255 255 0 165 0 0 1 244 255 255 231 0 255 0
    255 35 255 0 255 255 0 255 0 0 217 0 0 0 0 213 255 77 255 0 255 0 0
    255 0 0 0 255 0 100 255 255 255 0 0 46 93 255 0 255 255 117 0 26 255
    0 16 0 0 0 255 255 255 0 255 0 255 0 0 255 255 255 0 0 255 255 255 0
    125 255 72 85 255 0 255 0 255 255 151 255 255 0 0 17 255 255 114 0 0
    0 0 0 255 255 255 0 209 255 255 255 83 0 0 255 0 125 27 255 0 82 255
    0 0 0 0 255 255 0 255 59 0 0 255 255 18 0 0 255 75 255 255 237 0 0
    255 174 86 0 255 58 185 0 255 0 255 0 255 255 0 216 255 255 0 255
    123 0 255 0 0 0 33 255 255 0 255 255 157 0 69 106 0 0 85 255 0 255
    255 214 0 235 0 255 0 255 0 225 0 25 255 209 0 255 224 18 0 255 0 0
    158 215 255 197 0 0 255 0 236 255 0 0 255 255 255 145 51 0 42 255
    255 0 0 255 255 0 241 255 255 255 0 255 255 255 25 60 255 0 0 255
    255 255 255 0 119 0 87 153 255 0 0 252 255 255 255 66 255 107 0 240
    233 0 181 39 255 36 0 0 0 0 232 255 0 255 0 255 255 255 0 0 255 0
    255 255 134 154 0 0 0 0 255 0 255 0 255 0 255 135 255 0 0 168 255 0
    0 255 255 133 0 0 209 255 0 192 0 31 0 255 0 0 0 255 255 255 0 0 56
    215 0 61 216 104 255 255 159 184 215 255 255 0 255 255 0 0 0 255 0
    255 84 38 0 255 255 255 0 0 227 255 255 0 255 0 255 0 255 0 0 0 255
    150 255 201 0 255 255 255 0 255 191 0 0 0 255 255 255 255 255 0 255
    255 0 0 0 0 54 207 255 0 0 0 255 0 159 0 0 0 229 255 255 255 0 0 255
    255 255 0 255 0 255 255 47 0 0 0 255 0 255 0 255 0 255 0 209 255 154
    255 130 0 255 255 255 0 0 0 255 212 255 228 255 122 255 0 255 255
    255 0 57 223 0 190 255 255 178 0 0 255 255 255 197 0 255 255 0 0 0
    255 255 0 255 0 38 0 230 0 0 0 255 255 96 0 255 0 255 255 255 0 255
    0 255 255 114 0 0 216 255 255 255 241 0 0 85 255 156 0 0 0 255 123
    255 0 255 255 255 0 234 73 46 233 0 0 255 255 255 237 0 0 0 0 0 255
    255 169 255 255 0 255 0 115 0 0 255 255 0 0 0 255 0 255 0 0 255 22
    255 0 0 0 0 255 255 255 67 255 255 255 0 255 124 255 0 232 0 255 0
    255 0 0 208 84 0 255 151 88 255 255 255 133 255 0 0 255 0 74 0 255
    57 255 0 255 0 0 29 255 0 0 111 255 255 163 0 0 255 69 183 22 255 0
    0 0 255 255 255 0 158 0 255 255 255 255 0 0 255 255 17 0 0 255 0 0
    15 255 68 0 0 255 0 255 0 244 0 56 255 85 255 0 114 255 0 133 0 255
    0 0 0 255 0 255 0 255 255 255 0 255 0 0 0 107 119 201 0 0 255 106
    255 255 94 183 0 43 0 0 67 26 255 255 0 36 255 0 255 59 255 0 126
    255 0 255 51 120 98 255 149 0 0 0 255 255 255 0 255 0 0 0 255 255 0
    0 255 255 255 103 255 0 0 255 0 255 12 242 0 61 0 255 236 255 0 255
    0 255 178 255 0 70 64 124 0 0 231 182 255 255 255 0 255 152 0 0 255
    0 165 0 0 255 254 0 0 0 202 74 0 89 223 236 255 0 0 0 0 0 255 255
    255 255 255 186 70 255 255 255 0 255 111 0 0 255 255 255 0 0 0 0 242
    0 0 255 255 121 255 0 16 0 0 0 0 0 38 255 32 255 115 95 0 0 91 255
    54 255 0 255 191 255 0 0 255 255 255 0 0 255 255 255 28 0 0 42 83 33
    0 24 0 255 0 255 255 28 255 165 255 142 0 0 0 255 255 0 0 95 0 255
    145 201 4 0 255 104 255 0 255 0 255 0 0 0 215 0 255 255 173 233 0
    255 0 0 24 255 15 255 61 255 0 135 255 0 255 0 255 0 230 223 255 255
    130 16 120 255 0 0 0 255 205 0 208 255 255 0 0 0 208 255 0 255 255
    189 0 0 255 255 255 0 0 0 255 255 255 255 255 255 0 255 255 255 255
    255 0 255 0 255 255 255 0 255 0 255 0 255 0 255 124 0 232 255 0 0
    255 231 144 0 0 0 255 255 0 138 0 0 255 255 255 0 0 0 255 255 0 255
    255 255 0 255 0 93 0 255 0 0 0 255 255 255 0 52 187 255 255 255 0 0
    0 255 255 0 0 0 0 255 255 255 193 255 255 255 0 0 55 255 255 0 255
    255 255 255 0 255 0 0 0 255 255 0 255 255 255 255 0 0 0 255 255 255
    0 0 255 187 255 0 255 0 255 1 255 0 255 0 0 0 73 255 255 0 255 255 0
    0 0 239 255 255 25 28 0 255 255 255 0 0 140 255 255 0 0 0 15 0 255
    255 255 0 255 255 0 0 11 255 0 255 191 255 0 119 0 255 159 0 0 120
    255 0 255 0 0 0 255 255 205 255 0 0 0 214 255 219 0 255 0 255 0 255
    149 246 0 255 152 0 0 0 0 255 0 0 255 255 78 45 182 0 0 0 255 255 0
    255 176 255 0 0 70 255 255 0 255 255 255 0 255 0 0 255 82 255 0 255
    255 187 0 0 255 255 0 0 0 255 237 255 255 255 0 0 75 125 173 0 13
    255 255 0 255 0 255 255 0 0 0 255 255 255 255 255 255 255 255 0 0
    255 255 190 0 0 8 255 255 0 0 0 0 255 0 53 255 182 255 53 215 0 255
    55 255 0 255 255 255 99 0 152 255 88 255 255 0 191 0 0 74 255 23 255
    255 51 255 255 255 0 0 255 0 255 204 255 0 0 0 0 255 7 107 0 11 0 0
    255 41 255 0 255 255 4 0 107 255 255 100 255 0 255 255 255 0 255 238
    255 228 32 255 255 255 0 255 0 255 0 47 244 255 0 0 0 185 76 255 0
    255 255 255 255 27 28 0 0 0 0 0 0 0 255 255 255 0 255 255 147 255 0
    255 0 0 0 255 255 255 0 0 0 255 255 0 0 247 255 172 255 0 255 0 255
    0 0 255 0 255 0 0 146 0 255 84 255 255 255 255 0 0 119 255 255 255
    255 0 200 0 29 70 255 0 255 0 0 255 255 255 0 0 19 0 203 255 44 0 0
    8 0 0 0 0 0 153 25 255 0 255 255 0 0 0 0 255 255 255 0 255 0 255 38
    0 0 255 0 255 0 255 0 0 0 255 0 255 0 54 212 255 62 0 0 0 0 0 255
    255 0 0 255 255 255 130 44 140 255 255 0 0 0 0 255 0 180 255 0 255
    240 0 239 0 255 255 255 0 0 0 247 4 0 255 255 255 255 0 0 255 0 0 0
    255 255 118 255 193 255 0 0 13 1 255 0 255 0 255 168 227 255 255 255
    255 255 0 0 38 0 255 255 255 0 0 0 252 0 156 0 255 255 0 0 249 255
    255 0 0 255 0 255 255 255 255 58 255 0 255 255 255 255 24 255 0 255
    246 118 22 0 255 255 0 0 37 255 255 255 0 0 0 0 255 0 175 255 0 0
    255 199 255 0 255 0 255 142 255 61 19 255 0 0 0 255 255 41 0 31 255
    255 255 0 255 255 0 0 101 255 255 32 255 0 248 0 255 255 0 110 255
    255 0 0 0 0 255 255 255 0 0 255 76 0 255 100 0 104 48 206 156 0 0
    224 255 55 0 255 0 255 0 0 0 255 255 0 31 71 0 22 255 255 58 0 0 0 0
    0 237 0 0 255 134 191 255 246 0 238 255 255 0 255 0 19 102 0 255 0
    53 0 255 255 255 255 0 0 48 0 255 0 255 0 255 0 0 153 238 255 255
    179 3 0 255 255 0 0 255 43 255 255 0 0 255 255 255 0 156 255 255 0 0
    0 0 0 255 255 255 0 0 0 255 255 57 0 0 0 255 255 0 0 255 255 255 255
    0 255 0 0 0 0 255 0 255 255 255 233 255 215 255 0 182 0 97 240 255 0
    255 8 181 0 0 255 255 255 4 96 0 110 255 255 176 0 0 175 0 0 255 255
    0 0 0 255 120 115 193 147 0 255 0 223 0 227 244 0 255 27 134 0 0 112
    255 0 52 0 6 0 255 255 255 255 0 0 0 255 240 255 148 255 239 0 0 95
    255 255 0 0 255 255 255 17 255 255 0 0 0 138 255 255 255 0 0 255 255
    0 0 238 255 255 0 70 0 0 0 255 255 255 142 255 0 0 0 255 0 66 0 255
    255 255 0 0 5 0 255 149 255 255 0 255 255 228 0 255 124 255 0 255 0
    184 0 255 255 255 255 0 0 65 28 255 0 255 216 185 0 255 0 255 0 255
    0 255 0 0 0 0 255 0 0 255 255 255 0 255 255 255 0 0 255 0 0 74 0 255
    0 255 255 64 255 0 255 0 0 0 255 247 255 73 255 30 0 0 255 255 0 0 0
    144 0 0 255 0 255 0 255 0 0 0 0 255 88 255 255 255 0 0 39 247 0 0 0
    214 255 252 255 0 229 0 0 255 0 255 255 255 255 0 0 255 0 255 0 255
    0 255 0 95 0 0 136 116 255 255 255 0 0 0 255 255 0 0 255 255 154 222
    255 0 119 0 255 0 0 125 57 255 255 255 255 255 255 93 0 0 255 0 255
    0 0 0 255 207 255 0 255 0 255 1 255 0 0 255 255 0 255 255 255 0 0
    170 0 88 255 255 142 0 255 255 255 0 17 255 255 0 255 0 88 0 255 255
    0 0 0 255 0 255 0 0 255 0 255 0 0 0 76 104 0 0 0 0 0 89 151 0 252
    255 136 0 255 255 190 223 24 0 114 0 202 53 0 0 0 0 0 0 255 255 0 0
    7 255 0 0 0 71 255 222 165 229 0 255 199 0 255 0 0 0 0 255 200 251
    255 255 255 255 0 255 0 0 255 255 255 0 0 0 255 255 0 211 255 0 10 0
    255 255 87 127 31 0 166 255 0 255 0 255 255 255 95 255 0 255 0 255 0
    0 0 255 255 0 0 0 255 255 255 0 231 255 255 255 0 255 255 0 255 0
    101 0 57 80 255 0 255 255 255 0 0 0 0 255 0 0 0 120 0 255 255 255
    255 255 0 0 255 255 255 0 254 0 0 255 13 0 0 0 0 0 0 251 0 255 19 0
    255 0 255 255 5 255 0 255 255 255 255 0 255 113 255 0 255 0 0 30 0
    255 0 0 255 255 0 0 0 255 255 255 0 0 0 0 0 0 255 255 255 234 0 0 0
    255 255 255 53 0 255 0 255 0 255 0 255 255 0 0 0 75 255 132 0 0 125
    0 255 255 0 0 0 0 255 83 255 255 255 0 255 255 227 0 0 0 0 0 255 255
    0 0 177 255 0 255 0 109 36 216 253 0 0 0 255 255 255 255 0 0 0 255
    255 0 255 0 0 0 0 20 255 255 0 249 0 50 0 255 255 0 255 0 0 0 100 0
    255 33 130 255 255 255 0 0 255 255 36 0 0 255 255 255 255 0 0 0 0 0
    104 0 0 0 255 255 255 0 180 0 101 217 0 0 21 0 0 255 123 127 110 255
    132 171 0 0 0 255 255 0 146 0 0 0 255 255 0 43 0 255 0 255 0 0 255
    255 0 0 0 255 255 7 0 255 181 255 255 255 255 255 255 0 0 0 0 0 32
    255 255 255 0 0 255 255 0 66 0 255 62 255 216 0 231 0 255 255 255 0
    0 68 203 255 0 255 0 199 0 0 0 13 255 0 15 255 255 0 255 0 255 255
    255 255 255 0 255 255 255 0 36 0 255 0 141 0 255 0 255 0 255 255 255
    0 208 198 101 255 0 255 44 255 102 0 38 234 255 255 255 0 255 255 0
    0 0 255 103 255 0 255 31 255 255 0 0 255 255 255 0 13 0 255 0 141
    181 0 255 255 255 255 0 255 0 0 176 0 51 255 255 0 0 0 255 249 255 5
    84 30 255 0 0 255 255 77 0 255 0 255 0 255 0 255 255 255 0 0 178 255
    255 255 225 79 201 0 0 255 255 255 255 0 0 0 0 255 255 255 0 0 0 255
    209 0 218 29 0 0 0 58 255 0 0 0 130 19 84 255 61 255 0 255 0 222 248
    255 0 0 0 99 255 0 255 0 0 255 0 255 255 255 227 201 184 0 0 255 0
    255 255 255 255 255 0 25 0 255 255 255 0 0 165 255 0 255 255 0 255 0
    199 0 255 255 255 0 255 0 255 210 255 0 145 255 255 255 0 255 255
    255 255 0 0 192 0 255 22 0 255 255 0 0 0 255 255 255 47 218 37 255
    255 0 120 255 255 0 0 0 255 255 0 0 255 0 255 60 255 72 255 255 255
    255 0 0 0 255 255 255 255 0 0 0 255 0 181 0 255 0 255 255 214 255 0
    255 37 39 255 251 255 0 0 255 0 195 70 255 255 51 251 255 0 0 0 255
    255 0 255 0 255 0 255 255 255 255 215 38 0 0 255 0 255 0 255 255 230
    0 255 255 0 0 255 76 157 255 0 255 0 255 255 50 255 0 255 255 0 255
    0 255 0 255 0 0 255 255 0 0 0 0 255 255 255 0 0 255 255 255 162 255
    0 255 0 0 255 136 255 0 0 255 0 255 83 0 0 0 255 0 190 255 255 255
    255 0 0 255 255 0 0 0 48 0 236 0 191 255 0 83 0 255 255 255 2 255 64
    0 0 255 255 0 0 0 94 0 0 255 255 255 112 0 255 255 0 219 203 255 0 0
    0 0 255 255 255 0 0 0 156 110 0 255 255 0 0 143 255 0 255 255 0 90
    137 255 255 255 255 255 0 255 0 0 255 255 255 255 0 0 0 0 255 0 255
    0 45 255 150 255 255 255 0 0 0 255 8 255 255 255 44 255 134 255 255
    255 114 0 144 0 255 0 0 255 9 0 0 24 228 89 0 0 0 255 255 255 0 0 0
    85 255 255 31 255 112 0 217 255 204 0 255 255 9 0 0 162 255 216 255
    255 0 0 0 0 151 0 255 255 0 0 0 0 120 255 255 255 0 0 89 18 223 0
    255 255 212 0 200 255 255 0 0 0 0 255 0 0 0 47 30 213 0 255 0 48 156
    255 67 0 255 255 0 0 255 68 0 28 255 255 255 126 255 0 255 60 255
    255 0 0 0 56 255 0 255 0 255 0 220 0 255 0 146 255 255 5 255 0 255
    37 255 0 0 255 255 0 15 28 255 0 170 255 255 0 0 11 255 255 81 255 0
    255 0 41 0 0 255 255 0 150 255 255 255 255 255 255 0 213 255 255 245
    0 0 0 255 255 0 118 0 206 231 33 0 0 0 255 255 255 0 88 0 255 0 255
    37 0 0 255 255 255 136 0 227 0 255 223 0 119 68 255 255 255 0 0 0 0
    0 30 0 255 0 66 255 255 255 6 255 255 189 0 0 255 255 0 0 255 255 0
    255 0 200 0 255 239 0 255 0 255 0 255 128 255 0 0 0 199 255 235 255
    0 255 0 255 0 255 0 255 0 105 255 255 13 175 255 0 0 0 255 255 0 0 0
    255 255 255 255 0 0 0 0 0 0 60 255 255 0 255 0 255 120 255 224 33
    255 0 247 0 255 88 255 0 0 255 102 255 92 1 48 255 0 0 0 0 255 255
    132 83 0 0 0 255 0 0 0 255 255 0 0 0 255 255 255 255 0 0 255 255 105
    0 140 255 255 0 215 255 255 228 0 255 0 190 0 0 47 255 0 255 255 255
    0 176 0 19 0 255 180 0 0 255 0 0 0 255 255 255 0 0 218 102 255 6 255
    255 0 255 255 255 0 219 0 0 255 82 0 255 0 255 0 192 255 0 255 255
    255 32 0 0 0 230 0 0 255 140 87 255 0 255 0 50 114 0 255 0 255 255 0
    255 141 0 0 0 0 255 0 255 210 255 0 255 0 0 0 176 255 0 255 47 60 0
    255 255 0 255 0 0 215 212 203 0 0 255 255 79 255 0 0 0 42 255 255 0
    186 255 0 0 95 255 255 0 198 0 0 255 255 0 255 255 255 255 0 0 0 0
    255 255 0 0 255 255 0 255 0 255 230 43 255 255 255 162 0 0 0 0 207
    255 255 210 5 0 255 0 255 0 106 255 0 255 0 255 0 0 0 255 107 0 255
    255 0 0 0 0 255 0 0 0 255 255 253 255 255 151 0 255 0 138 0 255 255
    142 0 255 255 255 0 0 234 0 255 0 32 195 255 205 255 0 0 0 97 42 156
    255 0 255 121 22 4 0 255 44 18 0 0 0 0 60 255 255 255 255 0 255 255
    255 255 39 255 255 255 120 71 0 0 255 255 120 180 0 255 0 0 182 255
    255 0 255 0 255 0 255 255 0 0 255 255 255 0 0 0 255 255 0 0 147 0 0
    255 0 0 141 156 216 255 255 255 56 96 0 0 0 0 118 0 255 255 118 255
    0 223 0 0 185 255 255 255 255 0 242 255 255 87 89 33 255 255 0 0 255
    0 0 255 15 255 241 0 0 0 213 174 255 187 255 0 0 0 255 255 255 0 0 0
    255 150 54 0 0 255 255 255 0 0 0 255 255 255 0 0 0 255 255 0 223 0
    26 255 0 0 255 0 255 27 255 0 0 0 255 36 255 0 161 0 0 0 0 118 0 0
    255 0 255 255 0 255 152 0 0 255 255 255 181 0 255 255 255 0 0 255
    206 86 0 255 0 48 0 0 255 255 255 0 0 255 0 131 255 255 0 0 255 255
    255 0 0 255 0 0 0 255 56 255 255 255 174 255 255 69 255 0 255 255 0
    255 255 255 0 0 0 196 87 0 0 76 0 0 255 255 255 139 255 0 255 85 17
    169 0 255 158 0 255 0 41 0 255 3 111 0 0 255 0 0 0 102 255 255 255
    65 0 234 97 255 255 185 0 255 0 255 0 255 255 255 255 0 255 0 0 0
    255 255 122 0 17 255 255 255 0 255 0 255 0 255 255 0 255 0 204 0 202
    138 255 0 255 0 255 0 255 0 255 0 255 255 255 255 0 255 255 0 255 0
    106 0 0 255 255 255 0 0 161 0 255 0 0 255 255 255 0 143 255 250 255
    0 255 0 255 255 0 0 86 211 35 212 255 0 189 255 0 0 0 255 255 255 0
    0 218 255 255 255 116 255 255 255 0 143 0 137 0 0 0 209 0 255 0 255
    0 255 0 255 255 255 0 255 0 0 255 0 255 215 255 0 0 0 34 255 255 255
    255 0 0 0 255 171 255 169 0 255 0 255 40 16 255 0 0 5 0 0 0 0 255
    255 0 255 74 255 0 218 255 164 255 0 255 255 255 85 200 0 0 0 132
    255 255 255 0 0 0 0 255 42 216 255 0 0 0 255 0 0 0 255 0 255 0 0 0
    255 255 0 0 255 70 255 255 0 255 255 255 0 0 0 255 255 255 32 0 86 0
    255 255 0 0 0 255 255 112 0 0 99 0 0 255 255 0 255 0 255 0 255 103
    255 0 0 250 0 0 56 255 0 0 255 220 255 0 255 255 255 97 0 0 0 84 0
    255 120 9 0 0 255 255 255 255 225 0 213 255 255 255 255 0 0 0 255
    255 34 195 252 0 201 0 255 255 255 182 255 0 0 0 0 255 111 255 0 227
    255 255 0 77 255 255 200 0 255 0 0 0 255 0 0 0 255 0 255 0 255 255 0
    0 0 255 255 0 255 46 0 251 255 255 230 147 38 221 0 255 0 0 0 255 0
    39 188 255 255 255 0 250 0 34 255 0 255 0 0 0 255 255 192 0 255 255
    29 255 255 255 255 229 109 255 255 0 0 0 255 255 255 0 255 0 0 255
    255 0 0 0 255 255 255 104 255 0 255 0 255 0 0 255 0 255 255 255 0 0
    255 255 133 255 62 0 255 255 6 0 255 0 255 187 255 255 255 255 255 0
    0 255 0 142 255 0 255 0 0 0 255 183 0 0 255 255 255 255 0 0 0 255 0
    0 0 0 0 197 255 255 255 0 187 0 255 254 0 0 255 255 255 145 0 198
    255 195 149 0 0 0 0 71 0 255 45 0 0 255 0 234 255 255 255 255 255 81
    0 0 255 180 0 149 0 163 0 255 255 255 255 255 76 146 4 39 149 255 0
    0 199 0 255 0 255 255 134 0 0 0 255 255 255 211 235 255 160 0 0 0
    255 255 0 0 255 223 255 0 255 255 255 255 0 255 0 255 0 255 0 255
    178 234 100 255 0 13 0 255 0 73 247 0 133 0 0 255 219 0 255 255 0
    255 0 255 0 255 131 255 255 255 0 0 255 0 255 69 255 255 255 255 0 0
    46 0 255 215 60 0 0 255 0 102 0 255 0 255 0 255 240 255 255 255 0
    145 0 255 0 182 99 203 255 0 148 125 0 255 255 255 0 0 255 255 255 0
    255 255 255 44 0 0 0 133 255 0 255 0 0 0 0 0 255 255 255 127 255 255
    0 0 0 255 0 255 255 255 0 0 105 0 255 255 119 0 0 0 210 255 255 243
    255 0 0 255 125 0 18 255 255 28 0 0 55 0 67 126 0 0 255 255 255 255
    0 255 0 255 0 255 255 255 0 0 204 0 255 0 255 50 255 0 97 0 255 42
    255 0 0 51 0 255 0 255 0 255 71 255 255 0 0 255 255 0 255 140 255 0
    25 255 248 255 32 0 255 0 255 107 255 0 0 238 0 0 12 255 75 255 0 2
    0 0 255 255 0 0 203 255 0 112 70 245 255 255 0 255 0 0 0 255 255 255
    52 255 0 255 0 255 114 255 0 0 255 255 13 121 237 255 208 232 0 116
    255 255 255 0 0 0 255 248 12 255 255 0 54 0 0 0 0 0 115 255 255 216
    0 255 0 255 137 0 119 0 255 255 255 255 135 87 255 255 205 0 152 255
    255 255 0 0 47 0 0 0 255 255 255 209 255 255 0 182 0 255 43 115 0
    212 0 255 255 0 255 255 160 25 255 255 255 0 0 255 255 0 255 255 255
    255 255 0 0 255 255 255 0 10 255 0 204 255 0 255 0 228 255 0 0 201
    255 0 0 0 34 233 255 248 255 255 0 0 255 101 255 255 8 0 16 255 0 45
    0 255 255 14 255 172 15 0 255 255 0 0 255 56 0 77 0 255 255 0 186
    255 255 255 0 0 0 0 250 0 0 255 255 255 255 0 25 202 73 12 255 255
    255 138 159 206 0 255 0 255 0 255 0 255 255 0 87 0 0 0 0 0 255 0 255
    0 255 0 255 0 0 255 164 231 255 0 0 255 0 255 0 255 0 255 29 0 255
    255 255 255 211 0 0 255 0 0 2 255 0 85 0 127 0 0 0 0 255 186 255 209
    223 255 255 129 0 255 0 0 189 244 6 255 255 255 0 0 103 251 255 0 52
    0 137 0 255 30 0 255 106 255 255 25 242 0 0 157 0 255 0 255 17 255 0
    255 0 255 80 255 140 110 0 0 0 255 114 255 255 0 254 255 40 0 104
    255 255 105 0 0 0 255 242 0 0 0 0 0 255 255 255 187 246 255 255 0 0
    0 0 245 255 255 0 255 0 232 0 32 122 255 0 255 255 0 255 0 0 139 255
    0 61 0 187 115 0 0 0 120 0 255 0 255 255 239 0 0 0 255 0 0 255 0 255
    226 255 117 170 42 0 255 0 255 0 0 0 145 5 255 255 0 0 0 255 101 0
    255 255 255 0 255 0 0 255 0 255 255 255 255 0 255 1 0 255 255 255 0
    0 0 255 255 255 151 0 0 255 255 255 0 0 0 255 255 255 255 0 0 148
    150 255 0 0 0 255 255 255 255 255 0 11 255 150 243 0 0 255 255 0 0
    24 0 255 0 255 183 70 0 52 237 158 255 255 255 0 255 0 255 0 255 0
    255 0 255 255 255 255 195 218 255 0 26 0 208 255 255 255 0 0 255 255
    255 110 0 5 255 0 0 0 183 255 0 0 0 255 0 30 0 253 0 255 0 0 0 17 0
    255 112 255 255 255 0 255 65 255 255 0 0 255 255 255 0 0 0 0 85 0 0
    0 255 255 255 255 0 195 0 225 0 255 255 255 141 190 0 255 0 255 255
    255 0 0 255 255 255 0 214 0 144 0 255 0 0 255 34 255 0 255 255 0 0 0
    255 255 56 18 89 255 255 255 0 0 0 0 255 255 199 255 255 0 0 0 255
    255 123 255 246 255 0 143 255 0 255 0 0 10 255 229 0 255 255 0 255 0
    255 34 0 0 255 255 255 255 255 255 0 0 255 255 0 198 0 255 95 137 0
    238 0 255 174 255 255 255 0 255 0 0 255 0 126 255 14 255 0 170 0 0
    255 255 255 0 255 255 0 0 0 131 255 255 94 0 255 255 255 0 148 255
    255 255 255 255 0 0 0 0 249 255 86 0 0 0 255 0 255 0 95 0 255 255
    255 169 0 255 0 224 255 0 255 0 255 0 190 0 0 0 46 255 0 255 0 255 0
    0 0 22 0 255 255 255 0 0 255 0 51 0 52 0 236 255 255 255 43 18 255 0
    0 147 255 220 255 0 0 0 0 255 255 102 0 0 255 0 255 0 171 255 0 0 0
    120 255 255 41 255 255 255 0 200 0 255 255 255 0 0 18 0 0 6 255 255
    255 0 238 0 69 0 0 84 255 0 0 207 0 255 0 255 255 173 255 0 113 0
    255 0 0 0 255 255 0 255 0 255 0 255 144 255 225 0 0 0 255 0 255 0
    255 0 0 215 0 0 0 255 255 0 0 0 0 0 247 255 0 255 255 255 239 0 0
    255 255 255 2 255 0 0 255 0 255 255 255 195 0 0 0 231 255 0 0 0 255
    26 0 255 0 161 0 255 0 0 255 0 0 0 255 255 255 0 54 0 255 255 255 0
    0 0 69 0 255 0 127 0 0 255 255 51 0 47 255 0 255 0 59 0 255 255 0 0
    185 150 255 0 0 0 0 255 255 0 245 255 211 0 0 0 179 255 255 255 255
    0 255 255 255 0 0 0 255 255 161 0 255 255 0 255 0 108 0 39 255 255
    90 191 0 0 0 255 255 253 0 255 0 255 0 255 255 255 0 145 0 185 0 255
    255 0 0 91 255 50 0 255 255 255 0 255 255 255 0 0 0 0 0 255 255 255
    0 255 0 255 0 46 0 255 255 255 0 0 0 0 255 0 255 255 255 255 255 255
    0 183 255 255 0 0 255 246 255 0 0 0 0 255 255 255 0 0 0 0 255 0 255
    0 0 0 238 173 255 255 140 255 0 255 127 255 0 107 255 255 0 1 214 0
    0 255 255 171 0 0 255 255 0 255 0 255 241 255 0 0 3 0 0 255 255 189
    49 0 0 0 0 255 58 0 0 0 255 0 255 255 255 0 112 0 255 0 181 30 255 0
    255 0 0 255 0 204 0 0 255 93 58 255 255 255 255 228 0 192 201 255
    255 255 255 0 57 0 0 255 0 255 25 255 255 0 54 0 255 255 0 0 76 112
    255 255 255 0 255 0 255 0 255 0 255 255 164 0 255 29 255 0 255 139
    74 255 0 255 255 0 0 0 255 255 0 0 255 0 156 0 255 21 0 0 255 255 0
    255 135 255 0 0 255 255 124 0 255 0 255 0 255 255 255 0 0 0 6 255
    255 255 0 203 0 16 0 255 0 0 0 255 255 255 0 106 156 0 35 121 255 0
    0 0 255 255 0 255 255 255 255 255 255 255 0 178 64 220 185 255 255
    255 0 0 0 255 255 0 255 1 255 0 0 0 255 255 76 255 255 0 0 255 255 0
    0 180 255 255 255 138 131 36 135 0 255 255 0 255 0 255 83 0 255 93 0
    0 184 0 0 255 0 255 0 255 255 132 255 255 255 0 0 161 255 143 51 0 0
    255 0 255 255 0 104 213 255 0 0 255 0 255 165 50 255 255 0 203 255
    255 0 255 255 45 0 0 0 0 255 10 196 237 0 129 0 0 255 255 255 13 0
    255 0 255 0 255 0 255 0 255 0 0 0 0 0 255 0 0 14 177 255 0 0 255 255
    0 0 255 255 255 0 35 255 0 0 0 255 255 255 255 0 53 0 255 157 255
    255 255 125 0 255 0 0 0 255 255 192 0 0 0 0 0 255 0 255 59 255 77
    255 0 0 255 26 55 255 255 255 0 0 219 255 100 255 24 0 0 0 69 96 255
    255 0 0 0 0 255 255 0 0 0 88 255 255 255 255 0 255 255 255 255 0 0
    209 10 255 0 0 0 255 0 255 255 255 81 205 0 255 255 112 0 255 0 0 0
    1 213 255 0 0 0 54 255 0 0 104 255 255 255 255 141 0 255 255 237 125
    0 255 255 255 0 255 255 107 255 0 255 0 255 0 45 0 255 37 255 0 255
    0 0 81 99 215 107 126 0 0 255 219 0 255 255 255 0 255 0 202 0 255
    255 255 0 255 0 255 255 57 236 0 0 255 0 0 0 255 0 0 0 255 0 255 120
    251 0 0 255 255 0 0 79 255 0 255 217 255 0 183 87 0 255 122 0 214 0
    0 0 255 0 2 0 0 255 255 255 0 0 0 255 255 0 0 0 255 107 0 255 0 255
    255 255 0 0 255 255 255 255 0 94 0 0 0 255 255 255 255 0 0 0 255 137
    255 255 255 255 0 20 255 127 0 255 44 255 19 255 0 106 0 255 0 255 0
    255 206 0 0 255 255 96 0 0 0 0 255 255 255 43 0 255 255 255 0 0 255
    0 255 0 255 252 0 255 255 0 0 0 255 255 255 255 0 0 0 0 255 0 0 0
    255 255 132 0 38 0 255 95 255 0 255 183 97 0 255 106 97 0 164 0 255
    0 0 0 0 187 0 255 255 132 0 255 0 255 0 255 0 111 0 242 255 255 47 0
    255 0 255 156 255 122 0 0 0 255 255 0 255 255 255 0 255 148 70 0 0
    255 255 134 0 0 54 255 0 0 0 255 255 255 0 41 0 232 255 0 0 255 255
    230 255 0 255 0 0 255 255 255 255 109 255 0 0 255 131 0 56 0 255 255
    0 0 255 255 255 255 255 0 0 0 255 0 255 0 255 0 255 255 0 0 31 255 0
    0 146 255 255 0 255 180 255 0 255 0 186 103 255 255 41 255 0 174 35
    0 247 0 255 211 255 255 255 255 0 0 0 236 255 255 255 0 84 255 53
    255 0 255 0 0 255 255 51 0 255 97 0 213 155 0 255 0 255 0 255 255
    255 192 0 255 255 0 0 0 255 255 0 255 0 255 0 255 0 0 0 255 255 0
    255 0 0 0 130 255 255 255 0 0 255 212 255 0 255 173 0 0 0 0 0 0 255
    255 210 0 0 255 123 0 255 0 70 0 255 246 255 0 255 3 0 255 255 0 0
    255 0 255 0 0 255 255 0 0 255 255 255 255 0 217 56 255 255 255 0 0 0
    255 200 255 0 0 0 255 117 255 0 255 131 113 0 184 144 0 0 0 238 255
    56 217 0 0 0 0 254 255 255 255 0 255 255 0 0 0 255 0 255 0 0 31 255
    255 255 0 0 0 0 98 0 12 0 255 255 0 0 255 0 255 0 255 0 95 0 255 255
    0 255 0 255 255 167 0 255 32 0 0 0 255 0 132 47 255 157 0 0 255 78
    255 0 0 225 255 0 255 0 255 0 255 0 255 255 255 18 124 147 235 255 0
    0 0 255 9 255 255 0 255 0 255 0 255 30 0 255 0 161 0 0 0 255 255 0
    61 199 255 255 255 31 0 255 255 255 255 255 121 255 0 64 50 0 255 54
    0 0 81 133 255 255 255 0 255 0 255 222 129 0 0 0 255 178 0 0 0 0 0
    255 255 141 0 0 255 4 255 0 0 0 0 255 255 0 255 0 255 255 167 0 0
    255 0 0 200 0 0 255 215 0 0 0 255 167 229 176 14 255 147 0 0 0 90
    255 0 0 170 255 0 0 255 0 255 255 255 255 182 0 0 0 255 255 0 0 255
    255 255 0 255 0 255 255 255 0 0 84 0 255 255 0 29 255 255 150 255 0
    67 0 255 255 255 8 196 72 255 0 0 0 136 0 0 0 255 181 0 255 96 255 0
    0 0 255 255 0 255 0 3 0 255 0 0 178 0 0 255 0 0 0 0 40 0 0 255 255
    255 0 255 0 59 255 255 255 0 103 165 0 255 255 255 0 255 255 255 0 0
    255 255 0 0 0 31 206 13 255 0 0 255 202 255 0 165 255 255 0 0 0 255
    255 0 0 255 255 0 255 255 0 0 0 255 255 255 0 255 0 255 0 60 0 255
    255 0 0 255 255 0 255 0 255 0 255 255 0 194 0 0 255 255 133 0 255 0
    44 123 255 0 0 0 255 0 255 0 0 255 255 0 0 0 255 212 255 144 0 0 255
    0 0 12 97 0 0 170 255 0 255 212 255 0 170 255 107 0 255 0 255 0 255
    255 255 255 0 255 0 223 254 255 0 255 0 146 59 60 50 0 255 255 255
    255 0 255 255 255 0 0 255 0 0 255 255 255 0 0 227 171 3 255 21 0 128
    255 255 255 255 0 133 0 255 165 179 0 0 255 239 255 0 0 199 255 225
    135 120 255 255 255 255 255 54 63 0 0 255 255 0 0 0 255 187 245 0
    255 0 255 255 255 255 255 0 0 0 255 255 0 255 0 34 183 255 0 182 29
    255 0 0 0 62 0 0 255 255 255 136 169 255 255 255 255 0 130 0 96 0
    255 0 255 255 0 0 0 48 255 0 0 255 0 63 0 0 255 183 255 0 0 0 255 0
    255 0 0 0 255 255 0 255 0 0 0 255 255 255 255 0 65 82 255 255 0 255
    255 0 255 0 255 196 60 0 255 255 255 0 255 138 0 0 255 0 0 255 0 0
    250 0 255 0 255 0 0 0 5 255 71 255 255 232 255 0 255 0 255 0 205 0
    255 255 255 250 0 0 255 255 230 0 0 255 0 0 0 255 138 255 0 0 255 0
    0 255 0 0 255 255 46 0 0 255 184 255 255 0 0 255 255 0 0 0 0 0 255
    255 94 0 0 46 0 255 0 9 204 240 255 0 0 0 255 255 255 255 255 0 255
    0 0 255 0 255 255 255 78 0 0 255 0 221 0 255 255 255 0 0 255 255 0
    255 130 255 231 0 0 209 255 255 44 0 0 255 45 255 0 0 0 255 255 255
    0 0 0 70 255 255 0 255 255 255 255 51 255 0 255 0 255 0 255 255 0
    255 0 255 255 255 255 255 0 255 86 0 41 255 255 182 0 94 255 80 255
    0 157 255 255 0 205 255 255 255 0 117 255 255 255 255 0 46 0 255 255
    255 0 0 255 240 0 0 255 87 182 0 0 255 255 255 172 255 255 255 0 0 0
    255 68 255 255 71 255 159 0 0 255 65 255 235 0 0 255 255 46 0 0 0
    107 255 0 255 0 255 0 247 0 255 255 102 185 255 255 146 0 255 0 255
    0 223 0 255 0 0 0 255 0 255 0 255 0 0 0 255 255 0 0 0 0 255 62 0 0 0
    120 255 255 41 0 4 99 255 0 255 255 255 0 255 0 255 47 255 255 255
    255 0 0 0 0 0 141 0 255 0 0 255 0 255 0 255 255 255 125 255 255 0
    184 0 255 255 0 255 255 15 255 0 0 221 255 142 0 0 0 255 255 255 206
    0 255 231 255 255 255 255 0 0 209 255 255 0 254 0 0 0 0 0 0 255 0
    255 0 255 255 255 255 0 255 219 255 255 0 255 255 0 0 0 255 0 255 0
    255 255 255 0 0 231 255 255 255 255 255 0 101 0 255 136 255 219 255
    0 255 0 0 186 0 0 48 228 0 0 255 255 0 0 0 255 131 242 255 255 0 1 0
    169 255 0 255 255 31 140 0 0 255 255 0 0 152 0 255 255 255 0 0 0 104
    243 255 255 0 0 154 255 0 0 0 24 255 0 255 255 255 255 36 255 255
    255 241 255 103 255 0 255 255 106 0 0 0 255 255 255 255 0 255 0 255
    0 0 246 255 255 0 0 255 255 105 121 255 141 0 190 255 0 255 255 0 0
    0 0 0 245 0 0 0 0 255 0 255 0 255 0 133 181 255 165 0 0 138 198 255
    0 154 0 159 255 255 0 255 255 84 0 0 0 7 255 0 214 255 255 0 5 255
    255 255 0 90 68 194 0 0 0 255 255 255 0 0 0 255 246 0 0 255 255 0
    170 84 0 225 0 0 0 255 117 255 9 255 71 0 255 0 0 0 255 0 255 0 228
    255 255 0 0 0 255 255 162 0 255 47 118 0 0 0 255 0 255 255 255 165 0
    0 255 4 255 0 0 0 255 73 255 0 0 0 0 255 46 0 0 91 255 255 0 45 255
    255 0 202 51 0 0 0 134 210 101 255 0 0 198 0 0 151 165 255 255 255 0
    255 0 192 0 255 0 255 0 126 0 95 0 255 255 255 0 0 255 246 255 255 0
    0 255 255 66 0 255 184 255 255 127 255 255 255 9 255 255 255 255 255
    226 255 0 0 255 171 255 0 255 0 255 141 255 10 0 0 255 36 221 0 0 89
    255 0 255 0 255 0 255 0 255 170 255 206 0 0 140 0 255 255 255 0 19
    105 255 0 255 255 255 0 0 0 255 0 255 255 255 0 99 255 255 255 156
    255 0 0 122 255 255 0 255 0 255 188 0 251 175 81 248 0 5 255 0 0 255
    255 0 70 204 255 0 163 0 255 97 255 255 0 6 0 0 0 0 255 255 235 0 0
    0 255 0 255 46 255 0 255 255 255 0 245 38 255 0 42 255 255 154 255 0
    0 114 0 255 255 0 0 0 0 255 255 255 0 0 93 255 0 0 255 0 0 0 255 255
    255 0 0 0 111 61 255 8 255 255 0 0 0 152 255 255 255 130 0 255 254 0
    0 0 26 255 255 255 0 0 255 0 0 0 255 0 255 0 0 255 157 0 0 0 0 0 255
    255 0 255 255 64 255 0 6 156 255 0 0 139 0 0 255 0 255 255 255 63
    255 203 255 0 255 83 255 198 0 0 0 255 255 219 0 0 63 255 21 255 0
    255 0 243 0 164 242 255 255 100 0 200 0 0 0 255 36 0 0 0 255 0 255 0
    0 91 0 255 0 255 0 0 171 255 214 168 0 0 0 157 0 255 255 255 0 0 185
    255 0 255 255 0 0 255 255 255 0 255 192 255 214 0 243 0 0 0 255 255
    0 0 245 0 255 255 0 0 255 255 255 251 255 0 0 0 255 0 0 137 255 255
    193 0 0 0 255 255 255 255 131 255 0 0 43 0 255 0 132 55 255 0 143 0
    81 0 0 6 255 255 255 133 255 255 0 255 0 255 0 0 0 255 140 255 0 255
    255 255 0 255 255 255 0 0 255 0 255 0 0 255 255 255 51 255 255 255
    255 0 189 0 255 255 0 0 94 0 0 0 208 17 0 217 55 255 0 0 0 255 0 255
    0 0 255 0 138 0 68 0 0 248 255 0 0 0 206 0 0 0 194 255 255 254 0 0 0
    255 0 255 0 240 0 255 34 0 0 91 255 255 0 255 0 255 0 48 0 169 234 0
    255 255 0 0 0 255 0 200 255 255 0 0 0 0 165 0 0 255 255 212 0 255 0
    255 0 31 255 0 255 0 119 255 214 0 0 0 24 255 255 0 0 255 150 0 255
    255 255 204 255 255 0 0 255 255 255 0 0 0 255 102 255 0 0 0 132 255
    255 0 0 0 255 132 255 211 0 191 21 127 255 255 255 0 0 0 191 0 8 176
    255 255 0 0 255 255 156 0 0 255 255 0 126 255 0 0 255 255 255 255 0
    255 84 255 255 255 0 0 255 0 255 255 0 0 0 0 135 255 81 255 255 255
    0 255 0 255 0 255 255 255 33 255 0 0 155 0 255 255 0 255 0 255 255 0
    255 255 255 255 0 11 0 255 255 255 255 255 255 180 0 0 255 255 0 255
    0 255 0 255 196 255 0 113 255 191 0 0 255 0 255 255 12 0 0 255 0 0
    255 0 255 255 255 0 255 33 36 65 0 79 255 0 255 0 0 116 158 255 255
    255 72 255 57 80 144 255 255 0 0 0 95 156 255 0 53 0 0 255 0 0 255
    255 0 97 0 0 142 255 255 255 185 232 0 199 0 0 255 255 222 255 0 0
    255 255 0 255 0 0 255 255 255 56 255 0 0 203 255 255 0 255 0 255 0
    255 255 255 0 0 0 255 255 55 0 255 255 0 255 0 0 0 255 128 0 0 0 234
    0 0 0 255 255 255 255 0 255 0 255 0 133 255 58 0 255 174 255 255 255
    4 0 255 0 255 255 255 0 0 12 157 244 27 255 0 255 255 105 138 0 0
    255 255 0 0 0 255 255 67 0 0 255 255 255 255 161 0 54 0 15 255 255
    255 255 149 255 255 255 255 188 255 255 255 0 255 255 0 255 255 255
    129 0 255 0 8 108 86 0 255 255 255 0 0 255 171 255 223 0 0 0 255 0 0
    0 255 211 31 0 255 0 255 0 255 20 0 255 213 0 0 225 0 0 0 255 0 0
    255 255 0 255 0 0 255 255 255 0 0 0 255 255 248 255 190 255 0 0 0
    255 255 255 255 0 0 255 255 71 255 0 255 0 0 255 255 255 255 0 0 0
    47 255 0 255 0 0 98 255 0 0 255 255 141 0 0 0 255 0 18 0 255 0 0 255
    255 255 255 161 0 0 85 255 255 0 0 72 159 255 146 255 255 255 255
    255 0 0 255 0 0 255 141 0 0 0 255 0 255 193 0 0 255 255 255 0 0 199
    255 255 40 112 0 0 255 255 54 22 255 255 0 0 255 0 160 46 255 199
    255 255 201 0 202 0 255 0 255 0 109 87 255 255 255 0 255 0 145 0 255
    0 89 197 255 127 0 0 173 255 0 248 87 255 92 0 236 255 0 28 0 179 0
    0 143 255 255 0 0 0 255 0 77 255 0 0 103 255 0 255 0 0 255 255 0 0 5
    255 139 0 0 255 150 0 199 0 255 255 86 0 0 255 0 255 0 0 255 255 255
    32 255 0 96 0 255 121 0 0 255 255 255 255 255 0 0 0 255 0 255 147 53
    255 255 255 0 255 184 255 0 0 0 255 0 255 255 167 72 127 0 0 0 0 255
    255 255 255 0 0 255 237 255 0 0 102 72 255 0 255 0 255 255 123 0 255
    0 239 255 17 255 255 255 0 0 137 56 0 255 0 255 0 255 255 255 255
    255 0 255 106 255 0 28 255 165 0 0 0 255 255 0 0 45 0 0 249 255 255
    0 255 0 255 255 255 0 0 0 255 255 255 0 255 255 255 0 0 0 255 177 0
    174 0 255 0 255 255 0 0 0 255 0 255 0 154 0 0 0 255 0 255 0 39 0 255
    255 255 36 0 0 0 0 255 255 255 0 179 50 255 0 0 0 0 0 0 255 0 255 0
    0 255 0 140 255 0 255 113 255 0 255 196 103 0 255 255 154 0 0 255 0
    0 188 0 230 232 255 0 255 0 255 255 255 0 255 133 255 0 0 0 255 255
    71 0 0 56 0 255 255 174 255 0 0 0 0 157 255 0 178 119 255 127 128
    255 0 255 0 255 255 108 0 255 0 0 0 255 0 255 255 255 0 0 189 255
    255 0 0 0 255 255 255 70 212 255 0 0 0 0 104 63 17 255 255 255 139
    255 0 215 0 255 205 255 255 0 0 0 252 255 5 113 0 255 238 255 0 0
    255 0 255 155 226 255 0 255 0 0 0 255 255 255 183 0 0 0 16 255 0 0 0
    213 255 0 255 255 255 103 0 0 255 146 0 0 0 0 255 0 54 0 113 255 98
    0 255 0 255 94 255 0 0 255 255 0 0 255 0 255 255 174 0 0 255 190 255
    0 0 255 74 255 255 255 255 255 244 121 0 191 229 116 103 255 0 255
    255 151 0 255 171 0 0 255 116 254 57 255 0 255 204 0 255 37 59 255
    255 232 180 0 0 159 255 255 255 106 255 255 0 0 0 255 0 0 0 255 60
    255 59 0 101 56 99 255 0 255 255 244 36 101 132 0 255 216 118 255 0
    0 255 158 255 255 6 255 165 255 255 33 0 174 0 255 255 255 0 0 0 0 0
    255 255 0 0 0 255 0 255 87 255 0 255 0 0 0 255 0 255 0 0 255 0 255
    255 0 0 0 0 199 255 255 129 0 0 255 0 255 255 0 248 0 0 255 112 255
    71 0 0 255 0 201 255 181 129 147 255 255 0 0 0 242 187 214 0 113 119
    106 155 255 255 28 0 0 62 222 251 244 116 0 251 255 0 255 0 255 255
    0 0 0 255 255 58 255 0 255 0 65 255 209 0 77 255 255 255 0 0 255 255
    0 7 0 0 0 255 0 255 255 0 255 0 255 255 255 255 255 154 75 87 0 160
    0 255 0 255 0 255 255 255 0 56 255 255 255 255 0 255 185 95 255 255
    255 0 0 255 0 255 0 255 0 0 0 255 255 255 255 255 252 0 0 0 0 255
    255 255 91 255 255 0 0 255 255 128 0 0 0 0 255 255 102 190 12 243
    255 0 255 255 255 0 0 0 255 255 0 0 0 0 0 255 255 255 255 255 255 0
    103 122 255 0 0 3 255 0 0 255 255 71 0 255 255 255 95 255 52 255 0
    145 0 24 0 255 255 0 255 184 255 164 255 0 173 255 0 0 255 0 0 0 255
    0 255 255 0 75 0 0 57 255 255 255 0 173 0 255 255 165 0 0 255 0 255
    0 116 0 94 255 255 0 0 0 242 255 255 41 158 200 0 255 255 255 0 255
    255 255 0 185 0 0 0 0 0 32 23 255 0 0 0 255 255 0 0 0 255 32 0 0 255
    255 255 0 255 255 255 0 255 0 58 255 255 0 253 255 255 0 0 73 255 0
    62 0 37 166 255 0 255 0 0 255 0 0 255 0 0 0 0 0 17 255 255 29 255 0
    255 0 255 0 169 255 255 0 0 0 0 248 255 255 222 0 214 255 255 0 0 0
    255 255 0 17 0 255 255 255 0 220 231 255 112 255 255 255 0 0 168 255
    122 0 0 0 0 0 255 255 255 0 255 255 0 0 255 0 255 255 255 0 255 255
    128 0 0 255 255 255 255 255 0 255 0 255 12 91 0 0 255 0 255 251 255
    255 255 0 0 64 134 0 0 255 255 255 255 255 255 0 255 0 0 255 255 255
    201 0 255 0 255 0 255 0 255 255 0 0 0 0 255 255 255 74 0 181 168 255
    209 0 0 0 217 0 0 0 255 255 0 0 111 247 251 255 255 255 0 0 255 255
    255 0 0 0 40 255 255 0 255 156 255 0 255 57 0 0 0 0 255 0 90 255 255
    255 0 255 177 255 0 255 217 255 255 43 255 255 0 0 0 255 255 96 0 0
    255 255 0 255 255 22 255 0 255 114 0 0 122 0 0 75 255 255 0 1 0 0
    255 251 0 0 255 255 255 0 0 0 255 129 23 0 255 255 27 0 0 255 162
    255 0 178 0 95 0 255 0 255 0 0 177 86 255 255 194 255 255 255 170 0
    0 255 0 0 0 255 255 255 255 0 255 0 104 255 255 0 255 255 0 0 204
    255 255 255 0 0 0 0 255 0 0 188 255 255 255 0 25 0 0 255 80 0 0 0
    255 123 255 0 155 255 0 0 0 0 0 255 255 255 155 255 0 88 255 255 255
    44 255 0 0 255 0 255 255 255 0 255 98 0 255 0 255 0 255 0 0 0 0 0 30
    255 255 0 0 0 0 0 255 163 255 0 255 0 0 0 255 255 199 0 0 255 255 0
    0 0 255 255 255 255 0 0 255 0 0 255 255 0 25 255 0 133 255 22 0 0
    255 255 255 0 255 0 216 255 255 166 0 0 165 255 255 0 255 182 86 89
    255 0 255 224 0 0 0 82 0 255 0 255 181 255 255 0 0 0 67 115 97 255
    183 0 218 0 255 201 0 255 0 0 199 255 248 217 0 0 0 0 28 255 255 0 0
    200 0 255 94 0 0 0 90 255 169 0 0 255 255 0 255 0 0 0 255 255 31 255
    0 240 255 0 255 255 0 255 0 255 0 255 0 0 50 255 0 255 0 232 0 166
    255 255 0 255 255 255 50 0 224 255 0 0 0 0 255 0 0 0 192 0 157 255 0
    71 0 255 255 0 255 255 255 0 255 255 255 28 0 33 0 255 0 255 151 255
    0 222 214 255 0 255 255 255 255 255 158 255 0 0 0 0 255 255 86 255 0
    0 0 255 199 255 39 0 0 255 255 255 0 0 0 0 255 255 57 143 0 0 0 112
    255 255 0 0 0 161 255 255 237 87 150 255 140 255 146 0 0 65 255 255
    0 204 0 15 109 255 0 255 0 255 229 255 255 255 245 0 255 0 0 0 165 0
    57 0 62 0 172 0 255 255 0 0 185 0 255 255 0 0 255 255 255 255 0 0 53
    255 255 0 80 0 0 255 255 0 130 150 255 150 0 26 0 255 39 255 255 255
    0 0 255 211 255 113 0 255 234 0 0 39 113 255 0 255 243 255 0 132 228
    255 142 255 73 126 54 42 0 255 255 0 255 0 0 0 255 255 244 0 255 0 0
    0 0 0 255 55 0 78 255 255 255 0 0 0 0 151 65 255 87 0 132 0 255 255
    90 0 255 23 255 0 255 0 255 255 197 0 0 255 0 255 255 255 62 0 2 255
    255 255 0 0 100 0 255 255 0 0 0 255 255 255 0 49 255 0 6 152 0 255
    255 255 255 0 0 0 255 255 134 0 220 0 0 255 255 255 255 0 123 0 255
    255 0 0 230 255 217 0 255 255 255 0 0 177 0 227 0 255 255 255 255 0
    0 0 0 0 255 255 255 0 0 255 0 255 255 0 255 0 222 0 255 0 0 0 255 0
    255 255 255 0 255 255 255 226 255 0 255 255 255 0 255 204 64 0 3 255
    167 255 0 96 0 255 6 255 255 96 0 0 255 255 255 255 0 84 255 244 255
    0 255 73 255 255 255 255 0 157 0 245 0 0 0 255 185 255 0 255 255 0
    153 0 255 0 0 36 188 120 150 0 255 192 84 170 0 255 255 255 0 255 0
    255 255 255 0 0 0 255 255 121 0 0 111 255 228 255 70 0 255 0 255 93
    0 255 191 255 151 255 197 0 133 197 0 255 255 255 86 178 255 56 0 0
    255 127 21 0 255 0 0 255 193 255 255 235 0 255 0 255 0 255 120 255
    255 255 0 0 255 255 0 0 0 255 0 255 0 31 224 255 255 0 0 0 0 255 140
    255 255 0 0 0 0 0 165 255 38 255 0 0 255 255 255 255 83 0 0 0 255
    255 223 0 0 42 0 255 145 255 0 0 255 255 0 79 255 0 0 0 0 255 255
    167 255 0 255 27 180 255 0 255 255 255 0 0 254 255 255 0 0 255 0 0 0
    185 255 255 0 0 149 255 255 255 255 68 152 0 0 0 255 0 0 255 46 255
    255 162 0 127 0 255 0 0 255 0 255 255 255 128 255 0 0 142 255 255 0
    255 0 255 228 255 144 108 102 255 255 204 255 255 0 0 0 255 255 144
    0 255 255 0 255 255 0 0 0 182 141 0 255 152 0 0 0 0 183 255 0 0 64
    255 255 255 0 0 0 255 0 0 63 0 0 255 0 0 255 255 255 124 255 255 255
    255 7 255 0 198 0 255 255 255 234 0 0 218 0 255 255 255 0 0 159 255
    255 0 0 188 255 255 255 0 180 0 255 0 0 9 255 0 114 44 255 255 109
    255 0 255 92 143 133 0 0 0 0 255 0 191 0 0 0 255 255 255 109 0 255
    255 255 0 0 0 255 255 255 0 255 0 255 0 192 255 0 255 255 255 0 0 0
    255 66 44 0 224 0 255 0 255 255 255 255 16 255 0 219 255 255 0 179
    236 156 0 0 62 255 255 255 255 0 0 247 0 255 249 255 0 0 0 255 131
    255 92 255 255 0 0 0 0 0 48 255 255 0 0 0 135 255 169 255 0 70 50
    255 255 0 185 0 0 0 255 255 255 0 255 255 0 255 0 255 13 204 38 255
    86 0 235 92 255 35 141 0 255 0 0 0 255 0 255 255 0 0 255 255 255 0 0
    255 0 11 255 255 255 0 0 255 71 167 255 255 0 0 255 255 0 0 255 255
    255 0 0 93 255 185 255 236 255 167 140 255 0 255 0 255 255 255 59 95
    255 0 255 0 255 0 54 0 255 0 193 0 0 177 169 255 255 0 0 255 0 255
    209 255 0 255 0 0 255 255 255 0 0 255 58 0 95 183 0 0 0 115 255 255
    77 0 0 0 255 0 255 0 0 255 255 255 0 255 0 0 0 0 255 255 255 255 0
    255 0 0 0 0 65 230 0 235 0 255 0 255 255 102 0 0 69 199 255 0 0 0
    199 255 0 0 0 255 255 255 255 0 10 0 255 0 0 243 229 255 0 255 0 255
    0 255 66 255 0 255 0 255 0 255 0 255 255 0 255 0 255 0 255 252 74
    255 0 0 0 0 14 0 255 255 255 0 0 42 255 0 255 255 255 0 255 0 255 0
    255 255 255 0 255 30 0 138 0 255 0 255 255 255 168 255 0 255 0 255 0
    0 255 255 0 255 93 0 255 51 0 0 43 255 255 255 0 255 255 0 0 209 255
    0 0 0 255 0 255 0 217 0 255 205 101 255 255 106 0 0 0 255 255 255
    255 0 0 0 0 0 112 0 255 0 255 0 255 0 0 255 255 56 0 0 0 0 255 29
    255 82 255 255 255 255 255 255 0 255 0 0 255 255 224 0 0 255 255 94
    255 199 255 0 0 140 0 255 255 0 0 0 0 255 0 0 0 245 255 255 255 0 0
    0 255 255 0 0 0 0 0 255 255 4 255 46 0 0 255 0 255 0 84 255 147 0 0
    175 255 255 0 255 76 255 0 0 0 178 0 255 255 255 0 0 0 84 255 214
    241 218 0 255 0 255 255 0 0 255 0 255 0 10 20 0 85 255 255 1 0 0 29
    255 255 0 164 255 255 0 0 255 255 255 16 0 134 126 0 0 168 255 255 0
    0 255 255 255 0 0 205 255 0 0 255 0 255 255 0 0 173 83 255 0 209 0
    255 0 255 255 255 0 0 172 46 255 86 255 244 96 0 255 0 255 255 255
    175 115 0 255 255 255 134 0 144 255 255 0 0 0 255 255 0 0 112 0 19
    255 255 0 255 0 255 0 0 255 0 255 0 255 86 255 255 216 255 255 255 0
    0 45 255 255 0 0 0 255 118 78 0 255 129 0 202 0 255 0 0 0 11 255 255
    226 143 197 0 255 0 0 0 0 194 72 255 255 255 0 0 0 255 214 255 0 255
    48 255 0 152 122 255 0 0 165 0 255 32 0 255 255 255 0 255 130 0 255
    0 0 0 0 0 255 255 0 0 0 0 255 134 0 255 0 0 0 255 0 255 255 255 0 0
    67 68 255 0 247 0 255 81 255 0 255 255 255 0 0 255 255 148 0 255 255
    88 0 255 123 0 67 94 249 45 0 255 0 255 168 255 0 255 0 102 255 255
    0 127 178 255 11 53 255 255 255 255 0 0 0 255 0 132 0 255 255 36 213
    184 255 0 255 255 255 255 255 0 0 0 255 0 0 0 255 255 255 255 255 0
    0 255 59 255 255 0 255 0 255 0 0 0 0 255 255 255 0 147 255 0 0 255
    166 255 0 255 255 0 0 0 255 255 0 255 255 255 255 0 0 0 160 0 255
    255 0 197 126 0 0 255 255 252 0 0 108 255 230 0 0 0 0 239 168 255
    189 0 211 0 255 255 255 0 0 39 0 255 255 107 34 119 218 255 0 255 0
    255 0 255 0 0 255 255 248 53 255 0 0 0 255 255 0 0 0 51 0 255 107
    255 0 247 255 198 255 0 0 157 152 0 0 0 0 0 255 255 124 255 0 255
    101 255 0 0 255 255 200 0 255 0 0 255 255 0 0 0 0 0 158 0 0 0 0 115
    255 254 251 0 0 255 255 255 255 255 0 255 0 0 255 133 255 0 255 255
    255 255 255 0 182 0 255 255 0 255 0 39 255 0 255 0 255 0 255 0 255 0
    255 255 0 0 255 0 255 255 255 0 0 255 0 255 255 255 0 0 0 255 34 61
    0 0 255 0 255 0 255 0 255 0 255 241 46 255 0 255 226 0 255 176 255
    255 0 201 0 0 0 109 11 255 0 255 0 237 54 255 0 27 255 187 0 0 255 0
    255 0 217 0 0 0 255 255 46 0 0 255 229 148 0 116 255 0 253 255 255 0
    0 114 255 255 255 172 201 0 0 0 255 255 255 0 0 195 255 0 255 43 255
    0 255 75 255 0 255 0 255 255 255 0 0 0 190 255 255 255 242 255 0 0
    163 255 0 0 128 181 255 0 255 255 0 0 107 0 198 255 255 255 0 0 255
    0 0 255 255 0 0 149 0 0 255 255 255 255 255 0 0 255 201 0 0 0 255 55
    0 0 255 255 255 255 0 255 111 146 0 221 0 0 0 255 0 255 0 0 255 0 0
    0 255 255 255 255 255 174 0 0 192 255 0 255 0 255 177 0 255 0 255
    255 101 255 188 255 0 0 255 255 255 0 255 255 255 255 255 68 124 0 0
    220 255 255 0 0 0 0 0 134 0 0 241 0 42 0 255 114 0 255 0 0 0 255 255
    0 0 188 255 97 0 117 255 184 0 0 0 255 189 255 255 0 0 255 121 255 0
    91 0 255 0 255 0 0 255 255 0 0 255 255 0 0 80 0 202 255 255 255 26 0
    255 0 255 220 255 149 0 235 0 102 0 0 0 255 255 0 0 255 203 0 229
    150 0 0 0 101 255 255 255 250 0 0 255 72 60 0 255 0 0 0 255 255 0 42
    255 160 0 255 0 0 0 255 255 255 255 96 12 0 255 0 255 53 255 255 0 0
    255 255 255 0 11 233 255 0 0 0 255 0 255 0 255 0 255 84 0 0 0 255
    255 255 0 255 0 136 255 255 0 0 0 255 0 255 0 0 255 255 255 223 0 0
    156 206 255 215 255 255 255 216 0 255 45 0 174 255 255 0 254 0 0 0
    191 255 0 255 223 115 255 0 0 0 255 255 0 91 255 255 255 0 0 0 0 124
    255 255 255 0 0 228 215 255 255 84 255 0 255 255 159 255 255 19 0 0
    255 0 57 0 163 0 255 0 255 0 255 255 255 255 255 0 92 0 255 255 0 0
    102 0 0 255 0 0 0 255 255 45 0 0 0 92 255 218 255 255 243 96 205 0
    255 0 255 0 255 0 255 0 255 0 255 0 30 0 255 223 0 0 0 0 0 255 85 45
    255 255 255 0 0 0 194 255 29 255 0 0 0 166 0 0 0 255 236 0 255 255
    250 0 0 92 24 0 0 0 255 156 0 0 0 0 183 255 0 255 0 255 0 255 255 0
    0 255 255 255 219 116 155 255 0 255 0 234 0 0 255 255 255 0 0 0 255
    0 246 0 0 255 255 0 0 241 255 255 0 255 255 22 0 255 255 0 0 255 255
    0 0 197 255 61 79 255 0 0 0 255 0 0 192 255 44 90 255 255 75 255 104
    0 255 0 255 22 0 0 0 255 255 217 0 255 255 255 0 0 121 255 0 0 215 0
    255 0 255 0 255 255 0 0 147 0 255 0 255 0 255 255 0 30 0 255 134 0
    131 255 255 0 255 0 255 0 255 255 255 0 0 249 255 255 255 57 0 255
    31 255 255 166 0 0 255 0 200 0 0 255 255 255 0 0 0 72 223 187 0 0
    165 123 255 0 0 0 0 0 255 0 255 0 255 0 255 0 255 255 255 255 170
    225 0 255 0 55 255 255 255 143 0 0 255 255 255 0 0 0 0 255 255 46 0
    111 255 178 0 255 0 255 255 0 255 255 0 255 0 0 0 0 255 255 0 255 0
    70 0 215 255 255 0 255 0 0 0 0 255 77 255 62 0 0 108 255 0 0 0 255
    255 255 0 255 213 0 0 0 255 255 255 0 105 0 0 0 255 0 47 255 0 0 209
    247 22 255 0 0 174 255 255 255 255 255 255 0 98 0 0 145 255 255 0 0
    24 0 0 0 255 86 255 0 0 0 0 0 255 0 0 0 255 255 255 0 107 14 247 0
    255 255 254 149 156 0 255 255 255 255 255 255 183 0 0 255 118 159 0
    255 255 27 0 255 65 255 255 0 0 0 232 0 0 173 0 255 0 86 60 255 112
    255 0 255 244 0 0 255 255 255 255 255 55 0 255 0 255 0 227 0 255 255
    255 255 255 0 0 0 255 0 0 0 255 198 255 255 0 0 255 0 155 255 255
    255 0 0 255 0 255 0 0 0 0 255 255 0 54 255 207 0 255 0 255 255 48 0
    0 255 0 79 255 115 255 62 0 0 0 255 83 0 0 255 255 0 0 237 255 0 0
    104 0 255 0 255 255 255 0 93 255 255 91 0 255 0 0 141 0 255 0 255
    189 109 94 0 255 0 255 0 0 255 255 255 206 255 0 0 0 255 255 0 0 0
    255 0 62 139 0 255 0 2 255 255 106 255 152 255 255 0 0 255 140 171 0
    255 255 0 0 0 255 255 77 52 0 255 58 0 0 133 0 0 0 255 0 0 0 6 255 0
    255 0 0 35 216 255 255 255 14 0 0 0 255 255 0 255 255 255 0 0 255
    255 0 0 255 255 255 255 0 74 150 255 0 97 0 255 0 0 255 255 0 0 0
    218 255 0 255 0 0 0 0 255 255 255 255 0 0 0 255 255 0 203 0 255 255
    255 255 0 0 53 0 131 0 255 255 255 0 183 165 0 0 255 255 255 255 255
    0 255 255 255 142 255 236 255 0 15 0 255 255 0 0 0 191 255 219 0 39
    255 0 0 0 255 255 0 255 0 255 0 0 255 74 255 0 113 255 0 87 255 255
    255 0 0 195 255 255 175 0 255 0 0 255 0 0 224 255 206 0 126 0 0 0 51
    255 137 255 255 193 0 110 0 0 255 255 0 255 0 0 19 0 255 255 0 0 0
    255 0 0 255 0 255 0 255 0 255 0 181 0 255 0 255 0 255 0 255 255 255
    0 0 0 255 0 255 0 255 0 128 0 89 232 255 43 0 0 0 0 0 0 0 255 255
    246 0 0 0 109 0 0 255 255 255 255 0 255 255 255 0 255 0 255 0 255 87
    0 0 80 206 255 0 0 0 255 0 255 0 255 255 255 183 0 0 255 152 0 0 0
    182 254 0 0 255 255 255 255 0 69 255 203 255 255 0 0 196 255 0 207
    255 255 0 0 255 255 255 0 190 0 0 0 255 91 255 113 0 0 0 255 255 221
    255 255 255 0 150 98 255 0 255 255 0 0 0 255 255 0 0 255 161 255 0 0
    255 255 255 0 162 0 0 0 255 89 255 66 255 0 0 0 0 0 255 255 255 0 58
    255 255 225 154 0 255 255 50 175 105 255 0 0 0 103 255 226 255 255 0
    109 255 255 255 0 198 0 255 184 204 255 255 0 0 0 35 255 255 254 255
    255 255 0 0 255 181 255 0 255 173 255 255 0 0 0 255 0 255 0 0 0 0
    255 0 0 0 255 255 0 0 15 255 255 0 0 0 213 0 255 0 255 0 255 0 255 0
    201 113 0 0 255 125 82 255 0 255 254 255 0 255 255 255 186 0 77 0
    255 0 255 255 255 255 255 0 0 255 255 187 0 18 255 0 255 0 255 0 255
    209 0 255 0 0 0 241 255 255 255 255 0 10 0 255 0 255 0 7 0 255 255 0
    0 255 0 255 100 0 0 0 0 246 0 5 255 0 255 0 255 255 255 0 253 60 255
    0 255 222 0 105 255 255 0 0 255 0 255 255 131 134 0 218 0 255 0 255
    255 255 8 255 0 0 0 129 255 255 95 77 0 37 0 255 255 154 255 0 42 0
    255 255 0 0 65 255 255 104 0 0 255 0 255 255 255 0 104 0 0 0 255 255
    39 255 100 0 0 0 255 0 0 0 255 255 0 145 0 255 96 84 183 255 0 0 255
    255 255 255 0 10 16 0 255 81 255 0 221 0 255 0 255 183 255 0 255 255
    1 0 0 231 255 255 255 0 0 255 0 255 255 255 255 20 0 159 217 86 0
    255 255 0 0 255 255 0 0 108 255 255 206 0 0 0 255 255 255 0 0 120
    255 255 255 255 0 0 107 255 0 108 0 0 48 255 255 0 0 255 255 0 0 255
    136 255 44 255 255 0 255 27 0 255 0 255 255 0 255 0 214 255 255 255
    255 0 0 255 163 252 255 255 75 0 0 255 119 255 255 0 0 56 0 255 255
    255 255 0 0 0 0 255 255 255 0 0 23 0 255 0 255 255 255 255 255 0 0
    229 255 255 255 0 255 112 0 0 255 241 0 255 33 255 255 255 255 0 255
    30 251 0 0 0 255 2 0 0 255 0 0 0 0 255 0 255 0 0 21 255 142 255 11 0
    0 255 255 255 255 0 0 7 0 0 255 0 122 238 255 255 0 0 255 255 255
    113 255 0 255 255 0 0 255 0 255 0 255 0 255 161 0 0 139 223 255 0
    255 0 255 0 0 255 255 255 0 130 255 0 0 0 255 255 255 0 0 149 255
    255 255 79 255 255 0 0 255 130 167 0 0 255 208 182 0 255 255 0 255 0
    0 0 0 255 0 0 255 0 255 0 255 0 255 0 0 25 0 255 255 163 0 197 202
    255 219 0 211 255 255 202 0 255 0 255 0 0 0 255 158 0 0 128 0 0 255
    0 255 0 255 255 255 0 0 255 255 255 0 0 0 255 236 255 255 255 0 0 0
    156 0 0 0 0 255 0 255 255 255 0 255 0 0 255 255 0 255 255 224 255
    255 255 22 223 0 0 0 255 53 196 255 70 0 0 255 255 255 0 0 0 255 0 0
    0 255 255 255 92 0 255 0 255 176 0 159 0 231 255 255 215 255 0 91
    255 255 75 0 152 255 255 164 255 255 255 0 147 0 255 0 255 255 255 0
    0 255 0 255 108 167 190 0 0 255 24 255 0 0 255 255 0 0 0 255 255 187
    0 255 255 255 255 0 255 0 255 0 255 57 33 88 0 255 0 255 255 255 0 0
    255 0 0 0 255 255 255 0 255 255 0 255 0 0 255 255 255 0 0 0 255 167
    229 255 0 255 97 255 184 255 0 0 0 0 209 0 255 0 160 255 255 255 0
    230 0 220 105 255 0 255 101 184 0 0 0 255 200 0 194 255 243 0 133 98
    0 0 0 255 255 255 255 0 255 0 0 0 188 44 255 0 255 255 29 183 0 0
    255 255 255 0 0 0 255 255 255 41 255 255 246 240 0 255 0 255 33 0
    234 0 255 255 255 255 255 255 0 0 0 0 25 27 0 255 255 255 0 0 0 0
    224 255 0 255 0 238 0 255 0 99 0 237 255 0 255 255 141 0 0 255 255
    165 0 0 255 255 0 182 0 255 255 255 255 0 255 255 0 64 0 97 255 236
    0 204 0 255 255 255 255 0 0 255 0 255 234 255 255 11 0 130 0 0 169
    255 255 0 255 255 255 0 0 189 255 255 0 0 255 0 0 0 255 0 0 255 255
    255 0 255 255 255 255 0 90 0 255 0 255 230 255 255 0 0 0 255 0 46 0
    0 0 255 255 38 0 255 0 0 0 0 0 209 255 255 34 103 22 255 255 0 0 255
    255 0 0 0 255 0 0 255 255 126 0 255 0 255 0 255 0 167 0 255 156 10 0
    255 0 0 0 255 0 255 181 14 255 247 0 176 255 0 0 0 0 238 67 0 255
    255 73 0 158 15 255 0 255 0 249 0 98 0 0 87 0 255 0 255 0 231 0 0 0
    175 255 0 0 0 0 255 255 255 0 0 0 255 255 255 155 0 255 79 255 6 255
    255 0 255 0 255 0 0 0 0 255 255 255 0 0 255 255 255 0 0 255 0 255 0
    118 10 255 0 0 0 255 255 255 61 0 0 0 35 255 255 255 255 255 73 0 0
    255 255 47 0 0 255 129 255 155 255 226 0 168 255 4 255 255 0 158 0
    255 0 255 0 0 205 255 0 255 0 255 252 232 245 0 255 98 255 255 255
    255 0 185 0 0 255 30 129 255 255 0 114 191 0 172 0 0 255 255 0 255 0
    0 107 0 0 0 0 255 255 255 255 255 255 255 214 0 0 255 255 255 0 255
    0 255 255 0 25 61 255 255 255 0 255 255 19 0 0 255 0 61 84 0 255 255
    255 255 0 0 0 0 255 255 155 0 0 93 0 0 0 205 255 213 0 156 0 255 255
    4 255 0 0 0 0 0 182 255 255 255 70 255 0 0 0 0 255 0 0 0 255 0 255
    147 20 0 187 255 255 255 0 0 0 0 186 201 255 0 0 0 0 0 255 255 255
    51 0 0 0 255 255 255 0 0 18 255 0 0 181 255 255 255 255 0 0 0 255
    255 0 226 0 224 255 0 255 0 251 0 0 21 255 208 255 255 35 0 54 79 0
    247 255 255 0 0 0 255 255 0 112 0 255 25 255 0 255 0 0 255 0 0 255
    42 0 0 203 0 255 255 5 255 0 255 255 87 255 0 255 255 141 255 222 47
    0 255 0 0 141 255 0 0 255 0 184 255 255 255 0 0 0 0 255 255 255 255
    0 103 63 186 0 255 255 255 0 0 0 255 85 255 0 38 0 255 255 255 0 0 0
    255 0 255 255 190 255 0 0 255 0 0 0 0 0 131 24 253 129 255 255 0 0 0
    255 95 0 0 255 255 255 0 255 255 255 0 0 255 219 255 255 255 0 118 0
    232 0 255 255 0 0 101 255 255 215 46 255 59 255 242 255 255 0 255 39
    0 255 0 255 0 255 255 177 115 0 112 255 255 0 104 14 0 255 255 0 0
    139 0 56 255 0 0 0 255 255 0 255 61 255 255 250 180 0 102 208 255
    255 255 0 0 0 255 109 255 255 255 255 255 175 71 255 0 0 209 255 243
    35 0 255 149 255 0 255 255 255 0 0 6 255 0 255 89 255 16 255 0 255 0
    255 0 255 104 255 108 0 67 0 11 255 255 255 9 104 0 0 0 255 0 0 255
    0 255 0 255 255 255 220 0 112 123 19 0 255 164 255 0 255 255 0 255 0
    255 0 255 255 105 255 255 43 255 0 0 255 157 255 0 255 0 255 0 255 0
    0 255 255 255 0 0 0 0 165 255 255 109 9 0 0 0 0 202 255 0 0 0 255
    255 255 0 78 0 0 255 0 0 0 0 98 254 109 255 255 0 0 0 255 0 168 0
    255 255 242 45 255 0 0 255 255 255 0 255 0 255 92 255 178 0 255 0
    255 255 255 0 9 255 0 0 0 255 255 255 255 255 255 222 255 0 255 255
    0 0 255 255 255 255 255 0 0 0 255 212 255 255 255 0 255 0 31 255 42
    0 220 136 30 255 0 147 6 255 255 0 255 0 255 255 192 0 0 0 205 0 255
    0 0 0 162 255 255 255 255 0 255 255 211 63 255 0 222 255 81 255 0 0
    255 143 255 255 255 255 0 0 137 0 0 0 177 255 255 86 0 0 255 111 255
    255 255 255 21 36 188 179 0 255 255 255 0 115 0 255 242 255 255 255
    84 0 0 255 255 0 0 255 255 255 0 21 0 255 0 0 0 255 255 0 105 0 255
    255 31 0 0 255 255 255 0 0 0 255 22 255 254 0 17 169 255 255 255 0
    255 240 0 0 255 255 0 255 255 255 255 0 255 0 245 255 77 250 0 0 0
    255 139 0 0 255 255 0 0 238 255 0 0 0 255 255 255 0 0 0 255 255 0 8
    0 7 170 5 255 0 255 0 34 129 255 0 0 255 255 0 0 255 100 0 0 255 0
    255 255 255 131 0 255 255 255 0 215 0 255 255 255 0 0 255 255 0 0 0
    255 255 255 0 0 0 0 105 255 228 255 0 255 0 0 255 255 0 0 0 255 0 0
    0 255 255 75 0 255 0 196 0 255 0 0 0 255 255 255 0 0 0 255 239 0 0 0
    255 255 255 0 0 0 0 0 0 255 209 0 0 62 255 255 255 0 163 0 255 255
    255 255 255 0 109 172 255 0 255 255 255 0 255 0 0 255 255 255 0 255
    0 255 255 255 255 0 255 255 255 255 0 0 4 248 0 0 0 255 0 0 255 73
    189 0 0 255 255 187 0 0 0 255 255 255 0 0 186 255 255 255 255 0 0 0
    0 255 255 255 255 177 255 0 0 191 255 255 0 255 255 255 0 0 92 255 0
    0 255 0 0 0 243 255 211 0 255 255 255 219 0 255 0 255 255 0 0 196
    255 255 0 255 0 0 255 0 255 255 0 0 62 255 0 0 0 255 255 255 0 0 0
    132 0 255 0 255 255 0 255 35 123 0 255 0 84 255 0 122 255 255 0 255
    0 0 0 255 255 255 0 0 0 255 0 111 85 255 255 255 130 255 0 0 255 0 0
    0 0 255 255 255 255 0 202 0 0 22 255 255 0 0 255 255 255 0 255 0 255
    0 255 0 255 0 255 255 0 0 0 0 0 255 62 255 173 39 0 0 255 0 255 67
    255 0 255 0 0 0 0 255 67 255 0 216 255 0 0 255 0 0 0 0 255 204 255
    34 92 255 0 0 255 0 0 255 126 255 255 135 0 255 189 0 0 0 255 0 255
    255 255 82 255 0 0 0 0 255 0 255 0 255 220 156 204 255 0 161 0 255
    255 8 229 255 255 255 0 0 255 0 239 255 255 132 0 0 255 175 255 0
    127 0 255 0 255 0 255 255 255 0 0 0 255 229 0 0 165 255 114 124 0 0
    0 255 0 255 255 255 0 255 0 255 0 255 28 236 0 0 255 0 161 0 255 13
    255 0 0 255 0 0 0 0 255 255 255 0 255 130 0 0 0 241 170 55 0 0 183 0
    191 0 255 255 255 0 80 0 0 255 17 45 0 8 255 255 255 196 255 254 255
    0 255 0 255 48 119 0 0 255 255 255 255 27 0 0 69 0 255 100 0 0 0 0
    255 255 255 0 0 0 0 234 226 212 255 81 255 0 0 255 0 0 0 255 0 0 212
    0 255 73 255 0 0 10 255 255 0 255 255 0 0 255 0 0 0 0 0 255 255 0
    255 0 255 0 255 0 0 0 27 255 255 165 0 17 169 255 68 255 204 0 255
    255 255 255 0 0 0 255 0 255 0 0 255 255 255 0 0 0 255 255 255 0 161
    0 255 255 255 0 0 100 0 0 209 255 0 255 0 0 255 242 255 0 203 70 255
    255 255 0 0 232 0 255 0 255 255 255 255 0 0 255 0 0 45 255 255 255
    98 12 0 255 242 255 58 0 255 35 198 255 241 68 255 255 152 255 0 0 0
    0 111 153 95 173 221 0 252 0 225 0 255 0 255 0 255 0 43 170 157 132
    5 255 0 0 39 255 255 0 138 0 0 0 133 128 75 255 0 0 0 255 255 255 0
    181 0 255 0 255 0 255 0 0 255 255 255 0 255 0 255 0 255 29 255 0 255
    255 0 0 255 255 0 255 0 255 0 255 0 255 255 255 128 181 0 0 0 255
    255 0 0 0 83 255 255 0 32 0 255 255 0 0 0 255 255 163 255 255 0 255
    0 0 255 255 98 255 0 255 0 52 231 255 255 0 255 0 0 0 255 255 255
    124 0 0 0 122 0 255 255 15 62 0 255 2 0 0 0 28 255 255 255 255 255
    255 255 0 97 0 230 0 82 255 255 0 255 255 123 255 0 0 16 0 58 255
    255 0 107 0 255 255 255 255 0 255 255 255 255 0 0 0 154 255 255 20 0
    14 255 255 102 0 95 0 255 255 0 255 179 255 10 0 0 255 28 255 255 0
    0 0 255 211 15 0 255 0 0 0 255 255 255 0 0 0 255 255 255 0 255 31 73
    253 255 255 255 0 255 0 255 11 0 95 255 255 0 0 255 255 0 0 0 255 0
    114 0 0 255 255 255 255 0 0 0 255 3 230 255 0 0 0 255 255 255 0 255
    0 0 0 0 255 255 255 255 0 0 0 255 0 255 255 0 0 0 255 0 255 255 246
    0 0 255 0 255 0 0 255 255 0 189 216 255 255 255 0 255 0 0 180 255
    255 255 0 0 98 255 255 255 225 255 0 0 93 88 255 255 255 0 70 255
    255 255 255 0 255 0 0 0 255 255 255 0 0 0 0 255 171 0 40 0 0 0 255 0
    218 0 255 142 0 194 255 0 0 0 255 255 255 0 0 0 255 0 255 155 255 0
    255 0 0 0 255 163 255 0 255 255 255 133 0 12 147 71 0 0 255 255 0 0
    0 53 0 0 110 148 255 255 173 255 255 0 255 0 255 0 255 0 193 0 0 255
    255 255 255 0 0 0 0 255 255 255 0 255 0 78 115 0 255 255 0 0 0 255
    255 0 0 0 0 0 255 255 255 0 0 0 171 255 255 0 0 255 0 0 0 0 255 255
    116 0 0 0 255 89 255 247 255 0 255 0 0 255 255 0 255 0 128 0 255 0
    255 255 255 122 9 0 0 0 233 255 18 255 0 24 0 41 157 255 255 255 0 1
    0 50 255 255 189 255 0 255 255 74 92 0 255 0 255 0 255 255 255 10 0
    255 0 255 0 0 0 255 255 0 0 2 255 0 0 255 255 222 88 213 255 255 255
    0 255 0 255 71 255 0 255 0 226 0 43 212 255 255 255 248 0 0 255 0
    127 82 0 0 0 255 255 255 253 255 0 255 146 0 0 255 255 211 255 255
    255 0 0 0 255 0 255 255 17 0 255 255 255 0 255 0 255 0 255 154 255
    255 255 0 0 255 255 0 0 255 255 255 255 181 255 0 0 255 94 255 0 0 0
    255 77 87 0 0 255 0 255 0 0 255 255 0 255 0 255 224 255 255 128 0 0
    255 156 131 0 168 255 0 255 255 0 0 219 255 231 255 53 255 0 255 0
    255 255 255 255 0 255 0 0 255 255 255 0 255 255 153 0 102 255 146 0
    255 91 236 0 0 0 14 255 161 255 0 255 0 255 0 74 0 255 255 0 255 119
    255 5 57 0 0 255 255 255 0 0 0 255 218 255 0 0 255 255 0 39 255 0 0
    0 0 255 0 0 255 255 255 183 255 0 255 178 0 255 255 255 0 169 0 255
    0 255 0 0 0 0 255 255 255 0 255 0 242 255 172 255 0 255 0 38 0 255 0
    0 105 255 255 176 0 0 212 0 255 0 255 0 255 0 115 255 255 0 0 255 0
    255 0 0 255 1 255 255 255 0 255 255 220 0 255 0 255 91 255 0 151 114
    131 255 255 0 255 255 255 0 0 0 65 255 0 0 0 255 255 255 0 213 235
    255 255 25 0 109 53 255 255 121 255 255 255 0 255 0 255 0 0 255 255
    173 241 255 0 0 135 255 255 115 241 170 131 249 255 255 255 255 0 0
    255 79 181 16 255 255 255 255 0 44 0 255 0 255 51 0 255 255 222 255
    0 0 0 212 0 255 0 255 158 0 250 255 255 0 222 92 0 0 255 255 255 0 0
    0 0 0 255 0 255 255 255 0 255 17 255 135 76 0 255 139 255 0 0 167 0
    0 223 255 0 255 15 255 0 255 0 255 0 145 0 156 0 101 255 0 0 0 236
    255 0 0 255 255 255 0 0 0 0 255 255 143 49 0 0 155 255 150 255 0 225
    0 236 0 171 63 0 255 0 103 0 0 255 0 0 0 0 0 255 255 0 255 0 0 0 0
    255 91 255 255 0 0 0 255 0 35 255 0 255 255 255 255 0 0 0 255 255
    255 186 0 255 255 255 0 255 0 255 0 255 255 64 41 0 0 255 0 0 255
    144 0 141 148 255 255 0 255 0 0 0 0 255 255 255 0 83 97 112 87 0 255
    0 0 0 0 0 0 255 0 0 0 0 255 0 0 0 255 255 238 0 0 255 164 255 0 255
    0 0 0 255 255 255 0 255 182 255 0 0 90 255 255 255 213 0 255 0 255
    255 255 0 124 255 0 0 0 255 0 255 0 0 255 0 255 0 185 231 255 26 0 0
    0 255 0 0 0 255 255 255 255 255 0 0 0 58 255 0 0 0 255 255 0 255 0
    255 0 0 24 255 255 255 255 12 0 0 0 255 255 0 0 0 125 255 255 255
    222 255 0 0 255 255 255 255 104 0 255 194 204 0 0 216 73 149 50 0
    225 214 255 0 255 0 255 255 255 0 255 0 255 255 0 0 0 255 145 255 0
    255 0 255 0 255 0 255 0 255 24 255 0 0 255 255 255 255 0 255 0 8 255
    0 184 180 255 255 255 0 76 255 0 0 255 255 255 0 0 0 255 0 0 0 255
    255 173 160 0 255 0 130 0 0 255 255 0 149 133 106 255 255 255 255 0
    255 0 255 0 0 0 255 0 255 255 0 0 0 56 0 255 139 255 105 255 0 195
    255 255 0 0 255 0 0 0 255 20 255 0 88 0 255 0 255 255 0 0 0 34 52 0
    0 255 255 255 0 0 0 255 0 0 255 143 0 0 0 0 255 255 246 0 0 0 255 0
    255 255 255 0 255 0 0 104 216 0 0 255 255 255 0 0 0 255 177 101 17
    255 0 0 0 255 255 255 0 255 255 51 255 0 255 0 255 129 0 0 255 255
    82 0 255 255 255 0 255 255 255 255 255 0 4 0 255 0 248 255 255 0 76
    255 30 0 101 0 0 255 215 255 0 0 255 0 255 0 23 0 255 133 0 55 255
    255 255 104 255 0 59 0 60 0 0 255 223 0 149 216 255 255 227 0 0 255
    187 255 255 0 188 255 0 0 56 0 255 0 0 0 255 255 255 107 12 255 255
    255 0 0 255 255 255 0 0 206 255 255 255 0 138 0 49 0 255 255 65 0 44
    255 255 0 255 0 127 0 255 0 0 90 0 255 104 0 255 202 0 255 0 0 2 255
    255 0 255 0 0 255 255 255 255 0 255 0 255 112 0 255 0 255 0 255 255
    255 255 0 255 0 255 0 0 255 0 255 0 0 0 255 255 255 0 0 255 255 79 0
    174 255 0 255 0 46 0 146 204 255 0 0 255 255 255 61 0 255 255 255
    255 235 255 255 255 0 0 0 0 255 255 255 0 0 0 0 255 255 0 0 255 0
    255 0 255 0 61 0 255 0 33 0 255 255 0 0 255 0 255 0 0 0 255 0 255 0
    0 0 0 255 255 255 0 0 0 0 0 255 255 0 0 255 189 255 0 0 0 0 166 0
    255 0 255 0 89 0 0 55 189 255 255 0 255 255 0 0 0 255 255 255 0 255
    0 255 0 255 0 0 0 0 255 255 215 0 0 81 255 255 255 255 170 57 0 0
    255 255 0 255 230 0 147 0 255 0 0 0 255 255 0 0 34 255 228 255 255 0
    179 0 123 0 255 216 149 255 255 0 0 255 255 255 0 14 65 255 83 255 0
    255 197 0 255 0 255 0 0 255 0 255 255 255 4 0 216 0 255 0 11 0 255
    139 255 0 255 255 93 255 255 255 255 255 22 255 129 0 194 0 255 255
    255 0 0 0 58 170 0 0 0 255 0 0 0 255 255 0 255 0 255 74 0 255 255
    255 0 255 255 0 255 0 255 255 255 255 255 206 0 0 161 255 0 255 226
    255 99 116 0 0 255 15 255 0 0 0 255 0 255 0 0 0 255 0 255 0 255 255
    255 0 0 0 49 255 0 255 0 255 0 0 105 0 95 0 230 7 0 101 0 0 249 0 0
    0 0 255 255 255 0 73 255 0 0 255 0 0 255 72 255 0 0 0 30 25 255 255
    0 255 0 197 0 255 255 0 255 0 0 0 255 255 255 0 255 255 255 0 205 0
    255 95 255 135 0 0 0 68 0 11 0 255 0 0 0 255 0 0 0 135 0 255 0 255
    255 0 255 65 255 0 0 0 218 255 228 255 255 255 170 255 72 66 0 0 0 0
    255 244 255 0 255 0 5 207 255 255 0 255 0 255 0 255 255 255 1 12 67
    0 241 204 255 135 255 0 255 0 44 0 0 0 0 255 155 255 3 255 246 0 128
    0 255 218 255 0 0 255 255 177 92 0 200 255 210 0 0 255 255 0 0 247
    255 255 0 255 0 255 255 255 0 57 255 5 255 0 0 0 0 0 0 255 0 211 0
    255 0 0 0 255 255 255 0 0 255 255 0 138 0 0 255 255 0 255 164 255 0
    0 255 255 255 255 0 255 255 255 0 0 64 0 0 255 255 255 0 0 100 80 0
    90 183 0 255 137 0 255 0 255 0 255 255 0 0 0 147 255 0 255 0 255 0
    255 0 255 255 255 36 0 255 255 16 0 0 0 0 0 255 255 255 27 0 0 0 255
    255 255 0 255 238 255 255 0 0 0 255 255 0 61 0 255 0 128 255 255 0
    187 0 0 0 0 0 96 0 0 255 0 37 0 105 0 0 25 255 63 173 255 255 255
    255 0 59 49 255 255 0 255 255 255 0 107 199 255 255 86 0 0 255 255
    255 255 255 47 255 255 255 0 0 0 255 255 255 255 76 255 255 0 0 0 0
    0 255 0 0 104 255 255 255 255 0 255 255 83 0 0 255 255 255 0 0 251
    126 0 255 255 255 0 0 139 0 0 0 117 255 255 0 159 255 31 32 0 0 0
    190 43 0 255 242 255 255 32 255 255 255 255 0 0 4 255 0 255 0 255 0
    0 0 0 111 255 255 255 12 255 93 0 0 0 255 86 0 0 255 255 255 0 0 0 0
    255 255 255 0 0 255 26 255 255 74 0 0 0 255 13 255 0 0 0 59 0 255
    255 255 223 0 255 0 89 255 255 109 0 0 255 255 255 0 0 255 137 0 0 0
    0 255 255 0 0 9 71 255 255 255 198 255 0 245 87 0 248 0 255 0 0 242
    255 255 62 255 0 62 89 0 0 0 255 37 0 255 194 0 0 255 255 112 0 0
    255 0 255 255 255 0 0 255 45 0 255 255 0 0 217 255 255 255 0 0 255
    255 255 0 255 255 255 255 0 0 255 0 255 0 255 30 66 147 220 0 255 0
    255 255 255 255 0 0 0 255 113 255 0 255 255 0 0 0 209 255 255 255 0
    0 255 0 255 0 255 255 217 0 255 0 255 61 8 203 255 106 255 191 0 255
    0 0 0 0 128 255 255 255 0 0 0 255 168 109 0 200 255 255 255 0 0 0 0
    171 255 246 0 255 16 255 20 255 0 255 0 0 0 0 255 255 255 0 0 255
    255 83 0 12 255 163 137 0 0 255 116 0 0 255 0 255 57 255 66 0 0 0
    255 142 255 204 0 255 150 0 0 160 0 0 74 202 237 0 255 89 255 255 0
    0 0 255 135 62 0 0 255 0 0 255 0 255 48 255 255 0 255 255 255 0 252
    183 255 0 0 0 255 255 0 0 0 255 255 110 255 255 255 22 255 204 255 0
    68 0 255 0 0 0 255 255 0 25 0 0 9 0 255 227 255 0 19 255 0 8 255 0
    255 255 255 255 223 255 0 255 0 255 47 120 239 255 156 0 0 255 255
    255 0 255 255 255 0 255 0 0 215 255 0 255 255 255 255 252 64 92 28
    54 255 93 0 194 0 255 255 0 0 0 255 255 255 255 0 0 0 255 0 255 255
    255 0 0 0 255 222 0 0 0 0 0 255 255 0 0 51 19 0 255 255 255 133 0
    255 0 193 255 0 255 255 255 200 91 255 0 255 0 255 32 0 65 135 0 0
    255 0 255 0 105 255 255 102 177 0 0 255 255 138 0 255 0 255 0 255
    255 255 255 0 13 0 255 0 255 255 33 57 16 0 255 0 201 0 0 72 0 255 0
    136 255 243 255 0 0 73 255 255 120 0 0 0 0 115 0 222 255 255 0 255 0
    255 145 255 255 255 255 0 119 250 255 255 0 255 0 255 0 43 0 255 0
    255 0 35 255 255 0 0 32 255 114 0 0 255 147 0 0 255 255 0 255 0 0
    255 0 255 29 255 0 67 0 255 0 255 255 255 201 0 0 0 255 255 255 0
    255 255 255 255 0 126 255 255 255 0 0 0 201 255 255 0 0 0 0 255 0
    104 0 255 255 255 255 4 0 0 255 255 198 0 255 0 255 0 255 237 0 170
    144 255 245 255 0 0 0 255 228 255 255 0 0 0 134 0 255 0 92 255 255
    72 255 255 236 68 0 255 0 82 255 255 0 54 246 255 0 255 0 255 198
    255 0 255 171 0 0 0 255 255 255 0 0 73 0 99 0 210 0 255 207 255 0 0
    0 255 255 255 0 0 0 255 0 0 0 0 255 0 255 0 0 0 255 0 255 255 255 0
    255 0 255 0 119 0 255 5 235 0 255 0 184 255 0 0 0 241 255 255 255
    255 0 0 0 255 255 255 0 255 255 255 255 253 35 0 255 255 108 0 75 0
    0 255 255 255 255 0 0 73 255 0 219 122 0 255 255 255 0 255 97 160 0
    146 255 255 0 12 40 255 59 255 0 0 255 168 83 19 255 255 255 255 255
    255 255 0 255 0 0 255 255 59 0 0 255 255 255 49 0 255 185 255 0 71 0
    0 255 255 255 0 0 0 255 255 0 255 255 106 0 255 255 255 0 255 0 130
    255 0 0 0 255 210 0 0 0 17 156 255 255 255 0 20 0 255 255 0 0 255 0
    255 255 0 255 0 250 0 0 255 255 255 255 0 0 0 255 0 0 0 255 255 26
    220 64 255 255 0 0 255 255 255 255 0 255 255 255 255 0 148 99 255
    153 0 88 255 27 255 0 130 2 255 57 255 255 57 0 255 134 255 0 0 0
    255 255 255 0 255 255 255 255 30 0 0 255 0 189 255 255 0 250 255 255
    237 0 0 0 0 147 255 255 0 0 255 178 255 0 49 0 130 92 255 0 255 114
    255 0 255 0 199 152 247 255 0 255 0 95 255 0 0 0 255 255 255 255 255
    254 228 93 255 255 255 0 0 255 0 187 0 0 0 0 7 0 255 143 252 253 255
    153 0 0 0 0 0 255 255 157 0 108 255 0 255 255 0 0 255 0 89 180 255
    255 255 121 255 118 255 255 255 0 0 255 255 84 100 0 0 255 57 0 0
    255 255 255 255 255 255 255 255 255 90 0 160 0 255 205 0 183 0 255
    255 211 0 255 0 255 255 0 0 0 255 255 255 0 0 255 0 0 0 37 0 255 0
    255 8 255 0 255 255 255 255 182 0 255 255 255 0 0 0 255 169 0 77 41
    255 255 0 255 0 255 0 255 4 0 0 117 0 0 255 255 255 0 0 28 117 255
    255 255 0 67 0 255 0 229 255 255 0 0 255 0 255 0 0 255 0 0 159 255
    255 255 0 0 83 0 255 0 255 255 74 0 0 64 0 255 0 255 0 0 0 255 255
    255 255 255 255 192 0 255 13 255 0 255 255 255 255 255 255 255 255 0
    0 232 0 255 233 110 38 0 255 255 255 0 0 255 0 255 255 0 0 0 14 255
    255 12 255 0 0 0 0 255 255 53 223 0 0 0 196 255 249 255 255 0 255
    255 8 0 0 0 0 255 255 48 16 255 141 0 255 0 0 0 0 255 255 255 0 255
    0 0 0 255 0 0 0 255 255 255 0 255 185 255 106 120 236 255 255 0 0 0
    0 0 255 0 96 255 147 0 0 0 255 0 255 0 255 0 35 255 0 255 0 255 0 0
    0 255 255 255 0 187 255 255 255 0 255 0 0 0 255 0 255 153 25 255 157
    255 0 255 255 255 255 255 167 139 0 0 0 255 255 0 0 118 255 0 255 0
    255 0 0 0 0 255 255 255 255 0 255 0 125 255 225 255 0 0 54 0 0 88 0
    255 255 255 0 250 0 0 0 0 255 255 255 0 0 255 0 255 47 255 0 130 34
    242 0 27 0 255 0 133 255 255 255 0 0 0 0 203 255 76 0 43 255 255 0
    255 255 0 0 0 255 255 255 255 0 1 0 236 0 242 0 255 255 255 255 0 0
    93 255 255 255 0 255 0 255 0 230 255 214 255 255 85 0 0 0 211 0 0
    255 141 130 0 255 255 0 0 0 0 255 0 255 0 0 0 142 130 0 255 255 255
    0 0 54 182 16 0 0 255 0 0 0 176 255 149 102 255 255 255 255 0 0 0
    255 255 18 0 114 0 171 0 255 3 0 0 255 255 255 255 0 227 0 255 236
    255 0 0 255 255 160 255 41 23 0 255 255 255 0 0 0 0 0 0 0 231 0 0
    255 62 255 0 255 255 0 131 0 255 255 255 0 255 0 255 255 0 175 159
    255 36 0 0 255 255 255 224 110 0 255 0 0 147 255 0 255 0 255 0 255 0
    61 255 0 0 221 255 69 249 0 0 0 255 158 8 0 255 255 255 0 0 36 0 231
    255 255 255 0 255 255 255 255 0 255 0 255 195 0 41 255 255 255 183 2
    255 255 255 0 255 255 0 0 0 0 178 0 255 255 255 0 0 0 217 255 138 0
    255 141 253 0 0 255 0 0 0 236 0 255 0 106 147 186 0 0 0 41 255 255 0
    0 0 0 0 145 0 0 240 0 154 0 255 0 255 0 0 0 0 255 0 255 124 255 0 75
    0 255 0 255 165 0 255 0 255 85 255 137 201 93 70 0 0 0 140 255 255
    255 0 255 255 255 0 0 255 0 0 168 255 255 8 0 94 82 255 198 255 255
    255 255 255 0 0 242 239 224 0 55 0 255 255 255 0 190 255 255 255 237
    12 0 130 255 0 135 254 255 255 255 255 0 255 0 0 0 255 255 255 255 0
    187 0 255 255 255 255 129 212 0 31 255 255 198 255 0 0 255 255 255
    255 0 36 0 0 255 255 232 0 125 0 255 167 0 0 0 0 0 0 255 255 68 0
    255 255 255 0 255 0 0 255 0 0 168 0 255 255 120 0 161 255 255 255 0
    201 0 0 0 255 255 0 0 0 255 0 193 255 255 0 0 179 255 0 0 0 115 255
    0 255 2 255 255 0 255 0 0 0 255 0 0 206 193 0 119 36 43 0 0 0 0 0
    176 0 0 0 0 172 255 255 255 0 0 145 28 0 0 255 255 255 0 255 0 225
    255 233 0 187 0 221 255 255 0 0 0 255 24 255 61 0 160 0 255 255 0
    203 255 0 0 0 255 255 255 155 255 201 232 227 0 255 255 127 0 0 255
    0 62 0 0 128 255 255 0 255 0 255 0 255 0 210 164 255 0 0 255 0 171 0
    189 0 255 0 255 255 0 255 0 255 0 0 0 255 253 85 0 43 13 0 92 255 0
    255 0 255 0 0 197 255 255 255 255 255 255 0 30 0 0 255 255 255 175 0
    255 0 255 0 0 0 21 255 255 0 0 0 255 255 255 0 29 255 59 251 255 255
    0 255 255 0 0 0 255 0 149 0 255 126 255 0 255 54 0 169 0 255 255 255
    114 255 65 58 255 255 255 0 0 255 4 0 0 0 255 255 0 255 0 255 0 165
    0 255 64 255 0 255 0 107 0 0 225 255 255 141 255 255 255 0 255 0 0 0
    0 0 0 0 212 255 255 0 100 255 255 255 146 255 178 255 63 255 112 255
    135 255 255 0 0 0 255 0 0 255 133 97 0 181 255 255 255 0 0 0 255 255
    123 0 255 255 126 255 0 0 0 255 0 0 255 255 0 0 17 0 255 215 255 70
    255 0 255 0 0 0 255 174 0 255 255 0 48 0 175 27 246 0 255 255 255 0
    230 232 0 64 0 255 255 0 0 0 50 255 0 0 0 233 0 0 255 0 255 255 80
    93 0 0 255 255 201 0 255 0 231 0 255 0 0 255 0 255 115 0 0 255 255
    255 124 209 255 255 255 0 255 255 230 0 255 0 255 0 255 255 0 0 0 0
    0 62 0 255 0 255 255 3 0 255 255 0 255 255 255 0 255 255 13 0 34 68
    0 0 255 255 157 255 0 0 0 0 247 255 0 255 255 25 255 255 255 255 0 0
    255 36 171 255 0 0 0 0 0 255 181 255 255 0 0 13 255 255 0 0 255 255
    0 255 0 0 131 222 255 255 255 87 0 0 98 252 255 255 255 125 0 0 255
    255 255 255 48 0 0 255 0 255 255 255 0 0 255 255 0 34 124 81 255 255
    173 206 0 0 120 255 0 0 0 0 42 0 0 0 34 0 255 255 0 255 25 0 0 222
    255 73 0 255 255 0 0 0 255 255 184 75 30 0 255 255 181 0 255 255 133
    0 255 255 255 0 0 137 255 255 0 122 255 0 0 0 255 50 255 0 255 255
    255 255 255 0 0 76 255 96 255 115 13 255 24 0 255 255 255 0 0 0 0
    255 0 255 0 255 255 197 0 89 0 255 0 0 0 255 255 38 0 133 0 255 0
    255 84 245 0 255 255 255 255 255 0 0 246 4 127 164 0 0 116 255 255
    255 0 172 255 0 255 0 0 66 196 28 60 0 0 0 255 0 0 79 205 255 255
    255 0 0 0 0 255 255 255 0 0 255 0 255 74 0 0 255 0 255 0 0 0 0 230 0
    255 0 0 150 255 0 0 255 0 255 0 224 178 255 0 177 82 129 255 255 0 0
    0 0 255 0 0 84 0 0 0 255 205 85 0 149 255 255 0 0 0 0 255 255 208
    255 0 0 0 255 255 171 255 255 255 0 255 0 0 0 255 255 0 0 255 255 0
    230 255 255 255 0 0 0 255 255 255 255 0 0 152 255 255 255 133 0 0
    255 0 89 0 255 85 255 0 255 0 255 255 255 255 0 255 0 255 62 225 0
    67 255 255 0 255 0 119 0 255 255 255 174 247 255 0 0 186 255 43 40
    255 0 136 0 255 255 255 0 0 0 207 83 0 9 255 0 255 9 255 192 255 0
    255 0 255 0 129 20 255 255 255 255 255 255 6 0 0 0 0 255 153 255 255
    255 0 0 255 239 255 124 0 255 255 0 179 34 255 0 0 0 0 255 0 255 255
    121 0 255 255 0 255 0 196 0 255 0 0 255 255 255 162 0 0 0 0 255 255
    235 0 255 0 255 0 200 0 255 255 255 0 255 255 255 255 0 255 0 255
    255 0 255 184 255 0 0 0 0 0 255 0 255 0 0 255 255 255 255 255 0 255
    0 0 163 255 0 0 255 96 255 255 0 215 255 255 2 255 255 0 0 255 255
    255 102 0 0 169 28 255 255 0 0 56 0 10 255 0 226 0 17 0 171 255 133
    0 255 255 0 255 0 255 0 255 13 255 147 0 0 255 255 255 0 0 197 255 0
    0 0 0 255 255 255 255 255 255 116 0 255 36 238 0 255 0 255 0 255 255
    0 0 255 0 255 255 0 255 0 255 0 0 43 255 255 0 181 255 0 53 222 238
    255 0 255 255 0 255 0 255 0 255 0 255 2 255 0 220 255 255 0 0 255 0
    255 255 0 255 228 255 255 0 0 0 255 229 255 0 0 0 0 8 162 255 255
    255 255 137 217 0 0 0 255 255 0 0 255 0 0 255 255 215 0 0 3 0 0 255
    207 255 255 255 0 0 56 0 254 255 0 255 255 80 255 149 255 0 99 255
    255 255 255 255 0 0 0 0 255 131 255 0 0 0 189 0 255 0 255 0 0 0 255
    255 255 0 0 63 255 182 175 0 255 0 255 0 163 255 255 0 255 255 0 0
    76 255 255 255 255 0 133 0 255 21 255 255 0 255 255 255 255 255 0 0
    0 0 0 2 0 255 0 255 0 255 0 246 255 0 0 66 0 255 255 255 0 0 20 255
    255 121 0 0 0 255 0 0 0 31 255 0 0 0 255 255 0 255 0 255 117 4 0 255
    0 131 255 255 0 255 0 255 0 122 209 255 255 255 0 255 0 255 0 255
    225 21 0 255 0 154 0 0 248 255 221 0 255 0 0 137 255 255 255 48 78
    255 255 255 87 0 0 255 185 0 255 173 0 255 0 255 0 0 255 255 0 255 0
    229 0 255 255 255 0 0 255 0 0 255 0 0 0 82 255 255 0 0 166 255 255
    114 0 0 255 0 255 164 115 0 150 0 255 255 255 255 0 0 255 0 0 255
    255 255 31 0 0 0 255 0 255 255 255 0 255 0 0 181 179 255 255 255 255
    97 255 255 255 0 83 0 255 255 255 0 0 0 0 255 197 0 145 0 0 255 255
    255 255 185 255 255 0 0 0 255 255 150 0 255 255 255 0 255 255 255
    255 0 0 255 255 2 0 0 60 255 255 0 0 0 255 255 255 0 0 3 255 0 0 0 0
    255 255 255 0 0 0 0 0 255 255 239 255 255 38 0 196 255 255 255 0 0 0
    255 0 0 255 255 255 255 255 255 0 255 252 255 0 0 255 0 14 17 192
    255 33 18 255 0 255 0 89 0 0 20 255 0 255 0 13 255 255 255 43 0 0 0
    0 0 255 167 0 255 75 0 0 28 255 0 255 0 29 0 255 0 255 0 0 255 255 0
    0 0 255 255 255 0 0 0 255 0 255 0 255 255 176 255 152 255 255 0 0
    138 255 136 255 255 255 255 0 0 127 255 255 0 0 0 255 255 0 0 0 255
    255 255 0 245 0 235 0 0 153 255 0 0 0 216 0 193 255 255 0 208 0 255
    0 255 0 255 0 0 255 0 255 0 0 0 255 255 119 255 255 255 255 0 255
    255 255 0 150 137 0 131 0 255 0 255 0 255 255 0 0 255 0 0 0 255 255
    0 0 255 117 255 0 255 54 255 0 255 0 139 255 255 0 0 255 90 150 166
    0 0 0 0 255 24 255 244 255 255 255 255 0 56 255 255 255 0 0 0 255
    255 103 106 0 255 255 0 48 120 255 255 0 0 255 146 41 0 255 0 0 38
    255 255 255 0 0 0 255 255 255 255 0 255 0 201 255 255 0 0 0 61 255 0
    0 0 255 255 255 86 255 0 255 255 255 0 0 147 255 0 255 255 255 0 0 0
    255 255 255 255 99 0 63 0 0 0 122 0 255 209 5 255 0 255 0 197 217 0
    255 0 255 221 255 0 0 155 255 0 255 255 0 0 0 255 82 0 0 255 0 0 221
    116 255 0 0 255 0 60 255 255 0 0 0 255 255 110 0 30 255 255 255 255
    0 0 246 255 59 0 0 0 255 0 0 0 255 70 255 0 0 59 0 255 228 255 255 0
    0 0 255 239 0 255 78 129 255 0 255 0 0 0 102 0 46 175 255 0 0 0 0
    255 255 143 0 0 5 255 0 0 255 255 0 0 255 255 45 0 255 0 127 0 255
    43 231 0 255 0 63 0 0 255 255 0 0 255 39 255 255 255 0 158 0 255 0 0
    116 255 255 0 255 255 255 0 0 204 255 255 255 0 0 0 255 255 255 0 0
    31 0 217 0 0 0 47 0 255 252 255 255 200 0 0 0 255 255 0 0 255 255 61
    255 113 39 255 0 255 255 0 0 255 221 255 0 255 255 0 0 0 124 140 159
    183 200 0 255 255 50 209 255 175 156 0 0 0 255 255 255 0 0 0 20 0
    207 62 0 0 0 255 255 255 255 0 255 255 255 201 255 255 255 255 0 255
    0 0 6 255 255 255 22 0 0 255 115 0 255 0 255 0 0 255 0 255 0 255 0 0
    0 199 255 133 30 255 98 0 255 255 0 255 130 255 255 50 0 0 255 255
    255 0 255 255 0 255 91 255 255 250 255 0 0 0 0 0 255 0 0 0 0 255 1 0
    0 211 0 255 12 0 0 0 255 0 0 255 255 0 198 255 255 228 0 153 255 255
    255 0 0 0 255 0 116 118 255 68 139 255 0 0 255 0 0 0 255 0 0 255 213
    0 0 0 0 255 255 255 0 255 255 198 127 0 67 255 255 255 0 0 0 0 255
    255 0 0 0 60 255 93 0 255 0 136 0 164 255 255 5 255 0 153 64 0 0 143
    255 0 211 255 255 0 0 0 224 0 255 0 193 0 0 0 255 255 0 65 0 255 29
    255 118 157 0 0 255 255 0 255 255 255 0 0 0 36 31 255 255 255 0 0
    255 0 255 0 0 255 255 255 0 69 0 255 0 255 0 255 0 255 0 255 0 0 0 0
    255 255 255 96 0 0 0 26 229 255 179 255 255 255 255 255 0 94 0 0 0
    255 255 255 0 0 0 255 0 255 0 0 0 239 153 255 0 0 255 109 0 255 0
    255 0 0 0 255 255 0 228 0 0 209 255 255 0 255 0 232 255 255 255 255
    0 0 0 255 255 0 0 127 45 0 0 0 255 0 255 0 9 0 255 255 0 0 232 255
    255 0 0 0 24 255 255 190 0 255 0 255 0 120 19 255 0 0 0 137 255 0
    255 255 255 255 0 255 255 255 0 255 173 255 0 255 0 0 0 0 255 255 0
    255 255 255 189 255 255 255 32 0 0 0 0 0 0 52 255 0 107 0 255 0 255
    0 255 255 0 0 255 0 0 0 0 255 154 255 0 255 0 0 255 115 134 0 255 74
    255 0 71 0 149 0 0 0 109 0 255 255 182 0 0 0 255 255 255 113 25 255
    54 0 198 233 218 255 182 0 0 19 158 146 176 255 255 0 0 0 255 130 0
    255 222 128 55 255 35 255 0 255 175 255 0 255 0 255 0 255 0 255 204
    255 0 0 255 0 255 0 255 0 255 135 0 0 255 0 112 255 0 255 0 255 178
    0 0 255 255 0 255 255 255 0 0 0 0 255 255 255 135 0 138 0 0 236 0
    255 0 0 79 255 0 255 255 0 190 0 255 0 255 0 201 255 107 85 26 0 255
    198 0 0 0 255 117 255 0 255 255 0 255 164 255 0 255 37 78 0 0 184
    255 0 0 0 0 255 180 59 47 255 0 0 0 0 255 255 0 118 0 0 255 167 182
    0 255 0 255 255 255 0 0 255 0 83 255 0 255 0 0 255 255 63 78 255 255
    255 255 255 0 0 0 255 0 76 0 255 255 255 0 255 255 255 255 0 235 255
    0 0 0 0 190 255 78 0 241 0 255 0 0 255 255 255 0 255 255 255 0 255
    255 255 0 255 255 255 0 31 58 107 0 0 255 0 160 0 255 167 101 0 255
    0 0 0 255 255 0 0 0 255 255 255 0 0 0 0 255 0 0 51 255 255 0 0 255 0
    255 0 255 252 255 5 0 0 69 255 255 102 0 35 255 255 255 0 255 255
    141 255 255 44 255 0 0 255 0 255 0 0 176 250 255 0 0 255 255 255 254
    0 255 67 9 0 0 242 0 255 0 0 0 255 255 255 35 255 255 0 0 43 0 123
    255 255 255 0 0 109 255 0 0 0 0 0 0 0 255 255 255 0 0 0 0 255 0 47 0
    0 52 158 16 63 255 0 0 149 255 0 189 255 29 0 255 255 0 0 255 255
    255 0 255 255 255 0 0 255 73 255 255 0 0 198 0 0 0 0 0 0 255 0 255
    255 255 0 0 0 255 255 214 0 0 255 0 0 103 255 255 255 54 0 0 23 0
    144 115 255 0 24 255 255 0 0 0 51 255 253 255 255 0 54 255 255 0 38
    255 255 0 255 0 255 255 0 255 0 111 0 0 255 255 255 255 0 255 9 255
    134 255 0 0 16 255 255 0 0 0 255 0 0 0 0 255 255 36 0 0 0 0 0 255
    255 255 0 255 0 255 255 0 0 0 196 255 255 255 255 0 255 255 255 0 0
    0 0 255 255 6 255 0 255 0 255 0 255 0 0 0 255 255 0 0 115 255 255
    255 226 0 0 255 0 251 0 0 255 255 211 255 0 0 0 255 255 255 255 0
    199 0 255 0 0 255 255 0 97 255 119 255 0 0 21 255 29 255 0 0 0 255
    255 255 97 0 0 0 255 0 255 0 0 0 103 255 0 255 0 255 113 255 99 43
    255 255 255 0 255 87 218 255 255 58 73 125 255 0 0 0 138 0 255 255
    255 159 227 0 255 255 0 0 255 255 255 255 0 0 255 0 40 0 0 22 255 0
    190 255 255 0 0 0 255 0 0 0 255 255 255 255 255 156 0 0 220 255 0 0
    255 255 0 0 255 140 107 0 171 255 0 0 0 255 192 255 0 0 255 255 255
    255 55 0 0 0 0 255 0 183 66 0 0 186 0 255 148 192 0 255 0 255 218
    255 0 0 0 191 0 255 0 0 0 255 255 86 56 255 0 255 201 255 196 152 0
    0 255 0 255 14 0 255 0 41 255 58 181 0 255 0 0 56 0 255 75 0 0 181
    255 0 0 255 201 255 0 255 6 255 255 0 109 0 0 174 163 255 255 255 0
    0 0 0 172 0 255 0 255 255 255 255 0 239 4 0 149 219 255 255 255 0 0
    255 255 255 239 0 255 0 55 204 0 255 0 122 0 55 154 255 255 0 0 124
    0 223 0 255 130 0 255 0 255 0 255 0 0 255 0 0 115 255 161 255 0 255
    0 255 0 255 0 0 0 170 0 255 255 255 255 0 255 255 0 0 255 0 255 96
    255 255 0 151 0 255 192 255 8 0 0 96 0 255 41 0 93 255 255 0 255 233
    255 0 0 0 255 255 255 0 0 255 0 0 255 0 255 255 255 114 255 0 255 0
    255 0 255 255 146 171 165 114 185 0 0 255 255 190 255 0 0 0 145 197
    255 0 0 136 255 184 255 255 255 0 104 0 0 255 0 0 190 82 255 0 255 0
    255 0 255 0 255 164 255 0 255 184 0 255 255 255 255 0 255 0 0 0 0 0
    0 255 0 255 0 84 79 42 0 255 255 255 255 0 245 0 0 0 0 255 0 255 0
    255 0 0 255 255 255 0 0 255 0 0 0 255 255 255 255 255 255 0 255 158
    255 108 255 255 0 0 198 255 44 0 0 91 255 0 23 255 255 255 6 0 255
    255 85 0 250 31 0 64 255 66 201 255 108 255 0 0 0 0 0 0 255 0 0 0
    255 255 136 191 255 0 0 0 255 255 255 0 0 0 255 227 255 255 0 255 0
    0 0 0 0 0 255 255 113 255 255 249 255 255 44 0 185 0 0 26 255 255
    255 0 255 255 0 0 177 0 255 81 255 185 0 214 255 255 255 255 255 0
    45 0 0 0 100 255 255 255 150 255 0 255 0 85 0 18 255 213 217 0 255
    255 255 0 0 219 255 0 0 0 0 0 0 255 0 40 0 255 0 0 172 0 255 0 255 0
    255 0 255 0 0 0 255 255 0 255 0 255 255 0 0 255 255 216 0 112 255
    255 255 7 0 255 255 0 248 5 0 255 255 88 0 51 0 0 255 255 255 0 255
    0 255 0 255 0 0 0 0 0 0 255 0 255 0 35 255 0 144 0 255 255 0 145 0
    255 255 255 0 0 0 255 255 0 0 255 0 255 0 153 0 0 120 0 255 0 204 20
    0 255 255 255 255 0 0 0 255 104 255 0 0 255 241 0 255 0 0 0 0 0 20
    186 0 255 0 255 0 255 127 255 0 0 0 117 255 0 0 47 0 255 41 255 147
    0 0 231 0 255 255 208 255 211 0 0 255 255 0 0 0 0 255 255 0 0 255
    234 0 203 220 42 0 35 0 0 0 255 0 0 111 0 255 0 255 0 0 0 0 255 255
    0 0 0 0 255 115 255 0 255 255 213 28 255 0 255 102 0 255 255 255 255
    0 127 87 0 255 255 255 255 0 170 46 81 0 0 255 153 255 200 0 53 0 0
    255 0 0 255 255 50 106 255 103 0 0 0 255 43 134 18 180 0 252 255 0
    255 255 255 196 76 255 54 0 255 140 255 0 88 255 255 255 255 255 0 0
    0 255 255 0 0 255 161 0 0 15 255 255 119 0 255 255 255 0 255 255 255
    0 0 0 255 0 255 89 90 255 255 255 0 255 255 255 255 63 228 44 0 0 0
    64 0 0 255 0 255 255 183 254 255 255 255 0 0 113 255 0 165 0 1 0 0
    219 0 0 0 255 0 207 255 0 255 103 0 0 0 255 255 255 255 189 25 49 0
    33 198 255 0 0 255 255 142 0 0 0 88 255 185 96 0 0 255 0 255 115 0 0
    42 255 255 255 255 255 65 0 0 0 0 255 8 94 255 176 255 0 255 255 0
    255 99 255 0 0 255 0 255 255 255 10 0 255 0 0 101 255 255 255 255 0
    255 0 0 255 0 0 0 255 255 0 255 255 255 0 255 80 230 0 0 13 0 255 0
    255 0 255 0 0 0 0 0 255 113 0 29 194 255 0 0 0 0 225 0 255 255 142 0
    0 0 255 255 255 0 0 23 255 12 255 0 255 0 255 94 0 165 247 0 255 0
    255 255 0 255 0 255 255 255 255 255 255 0 0 107 0 0 255 136 0 0 0
    205 0 255 151 255 0 255 0 255 0 255 0 0 134 255 255 0 255 95 255 0 0
    0 189 255 255 0 0 0 0 255 143 255 255 255 0 255 0 0 0 255 0 255 0
    255 0 0 69 0 255 115 0 218 115 255 27 255 0 24 255 255 0 187 35 255
    128 255 255 118 255 0 0 0 255 0 162 0 0 255 255 255 255 0 0 23 255 0
    150 163 255 255 0 255 0 255 192 255 204 255 182 0 0 0 0 207 0 255 0
    255 0 255 0 93 255 255 255 0 0 169 54 0 0 255 255 255 255 0 0 255 0
    255 255 255 0 0 0 255 255 0 131 0 255 255 255 230 255 255 0 255 0
    255 255 255 255 0 0 243 255 0 87 255 0 0 0 255 158 255 0 0 0 196 255
    255 217 0 0 0 202 255 15 153 255 0 11 0 255 255 187 255 153 255 255
    0 255 0 6 255 0 0 255 255 255 255 0 145 0 137 0 0 0 0 255 255 255
    255 236 255 0 0 255 255 0 155 255 255 255 255 44 0 0 255 0 0 0 255 0
    255 255 255 0 255 156 255 255 255 0 0 188 255 255 255 0 0 0 0 255
    255 0 255 255 0 0 255 255 216 0 255 255 0 113 0 255 0 0 0 73 0 0 255
    255 255 0 0 0 248 0 0 255 255 0 0 255 10 255 255 255 0 0 255 255 0 0
    255 232 255 0 255 255 255 255 0 255 0 255 0 0 0 255 255 255 114 0
    255 255 0 0 0 255 255 0 0 0 0 255 0 0 255 26 255 101 0 148 181 255
    203 0 0 0 255 0 0 0 13 255 255 0 0 0 0 130 255 0 188 178 255 0 255
    255 255 255 0 202 255 0 124 255 0 21 0 94 0 255 255 255 0 0 255 0 75
    255 255 179 0 255 0 0 26 255 189 97 255 0 220 0 213 255 255 255 0 0
    71 60 255 255 82 0 255 47 255 255 0 181 255 255 255 65 255 66 0 0
    255 156 111 84 255 255 0 255 0 0 1 255 23 255 255 255 0 0 0 255 255
    7 0 255 0 255 255 0 255 0 152 0 0 181 0 254 0 255 0 0 0 255 0 0 0
    255 255 0 0 255 14 201 79 255 0 0 156 255 81 0 0 0 255 86 0 0 255
    183 255 0 255 0 255 255 0 0 0 205 255 0 255 0 255 255 255 0 0 0 255
    0 255 0 255 0 255 118 255 184 0 255 0 0 18 255 255 255 0 0 0 254 255
    255 0 203 0 120 0 255 255 0 255 0 255 0 19 255 255 0 0 0 255 0 244 0
    255 0 255 0 255 255 0 255 0 0 255 0 255 193 244 0 0 255 255 0 0 0 0
    0 255 255 255 255 255 0 255 0 255 0 130 197 255 255 122 0 14 57 255
    0 61 255 255 43 255 0 128 0 255 255 0 0 0 0 0 58 255 255 0 0 0 255 0
    255 255 255 0 46 0 255 255 0 255 0 0 0 255 57 0 0 255 255 0 255 0
    252 0 0 255 0 0 0 255 255 255 255 249 0 0 20 255 255 255 255 0 0 255
    0 0 255 141 255 255 255 255 255 0 0 0 255 0 0 255 144 255 255 131
    255 255 255 255 0 0 255 255 255 0 74 255 255 255 0 221 255 255 0 4
    255 255 0 116 0 255 0 255 255 0 189 0 255 0 55 0 201 0 0 0 14 255 0
    255 255 255 0 0 255 255 255 0 97 0 255 91 0 0 0 255 255 255 43 0 88
    255 255 212 189 0 255 0 255 0 0 23 255 255 255 87 255 0 0 255 0 255
    0 0 0 168 47 171 255 255 255 0 0 0 255 255 0 0 255 255 255 0 255 0
    255 0 243 0 146 0 0 9 231 255 204 0 197 255 255 255 28 0 144 0 0 0
    255 255 0 0 255 255 0 0 0 255 255 0 0 255 255 200 0 255 0 255 0 0 0
    255 255 214 0 164 68 255 0 255 0 0 255 255 0 255 0 0 173 255 255 255
    133 255 255 255 0 19 255 255 255 0 255 0 255 0 0 120 0 255 255 255
    255 0 255 0 0 139 255 115 239 0 255 0 0 0 255 255 0 255 0 255 0 0 0
    57 0 0 0 255 255 255 0 255 0 255 255 0 0 0 255 255 0 255 225 0 0 255
    0 255 0 255 0 255 255 255 0 255 220 255 0 255 0 255 0 231 0 0 255
    255 0 255 0 0 7 0 255 255 0 0 0 0 0 46 255 255 0 0 0 255 255 255 0 0
    0 0 255 0 0 255 255 0 0 165 0 0 0 255 255 255 0 255 255 255 255 255
    0 0 0 255 9 105 255 255 0 0 148 255 255 0 0 255 255 255 109 255 238
    80 255 0 245 255 170 0 0 255 255 255 0 255 69 0 0 255 154 0 0 54 255
    255 195 255 0 0 0 5 255 255 0 208 255 216 255 0 0 0 255 0 255 255
    173 0 0 0 0 0 244 255 0 255 255 255 0 0 255 255 255 157 255 192 255
    133 0 0 0 255 255 255 40 0 255 255 255 255 0 255 67 0 0 0 238 255 0
    255 255 0 75 175 255 255 75 255 255 113 0 0 22 0 255 2 0 162 255 0 0
    171 0 255 0 255 0 86 0 255 255 255 255 255 12 0 111 0 255 24 0 255
    255 255 255 185 0 0 0 0 0 255 255 255 255 255 113 255 85 255 0 0 0
    63 174 255 0 255 255 225 0 0 255 45 0 0 0 255 0 0 0 93 0 255 0 255 0
    0 255 0 255 0 255 0 255 0 255 0 0 0 0 0 255 185 255 12 0 0 255 255
    244 0 0 0 222 255 255 220 255 35 0 32 91 255 255 255 255 0 0 255 255
    255 0 0 0 0 206 255 255 0 125 0 255 214 255 255 255 0 255 169 255
    255 113 0 0 255 255 0 0 0 255 255 255 255 0 0 255 0 255 255 0 87 223
    255 125 0 255 0 0 0 255 0 255 0 255 255 0 0 0 255 215 255 0 255 255
    249 41 153 0 255 0 30 230 255 255 0 64 255 255 0 255 255 0 0 255 255
    255 0 255 155 224 38 0 255 223 0 146 255 0 0 255 255 255 0 0 196 255
    0 112 0 255 0 255 0 255 0 255 221 26 0 0 247 0 255 255 255 0 0 0 75
    232 255 77 0 255 255 0 0 255 153 0 255 0 255 90 35 255 135 255 0 0
    81 131 64 0 255 0 255 0 150 106 106 0 255 0 255 255 9 255 255 255
    255 255 255 0 200 0 255 0 115 0 0 21 28 0 222 0 152 0 193 0 0 0 0
    255 0 255 0 179 255 229 242 255 255 255 0 255 152 0 27 0 255 98 127
    255 0 255 0 0 255 255 255 255 0 0 126 194 255 222 255 255 255 84 0
    255 0 255 71 255 0 0 0 0 255 255 255 255 176 0 67 0 0 0 255 0 255 0
    255 255 0 0 252 0 255 255 0 0 0 255 255 0 0 255 255 255 0 255 0 255
    0 255 0 0 0 0 0 255 0 127 0 0 0 255 0 255 0 255 0 241 255 0 255 0
    122 255 182 255 0 243 0 0 152 0 183 0 0 0 255 255 255 255 255 94 0 0
    255 0 255 0 255 0 255 102 255 0 0 0 113 207 255 0 255 0 142 0 255 0
    246 0 0 0 255 129 255 0 127 0 0 255 235 0 0 0 255 255 0 0 0 255 255
    255 0 255 255 255 82 0 0 0 255 0 0 255 0 255 0 0 0 255 0 255 11 255
    188 155 196 0 0 0 0 255 0 40 0 0 0 0 255 255 77 255 88 255 0 255 255
    145 0 0 255 255 255 255 118 0 0 0 255 0 255 0 255 255 0 255 0 255 0
    255 0 0 255 81 255 255 209 0 0 255 27 0 0 255 255 0 255 0 0 130 255
    255 0 101 255 255 255 0 188 0 0 255 0 0 0 255 0 156 0 255 0 255 255
    47 0 255 0 255 0 21 0 169 6 255 54 0 255 0 49 0 245 0 255 255 255 0
    255 0 255 0 255 76 255 0 59 107 0 255 143 0 0 255 0 0 158 255 255 0
    0 0 255 255 255 255 47 0 71 0 248 112 255 75 193 0 0 255 255 255 0 0
    199 73 192 0 255 255 154 255 0 145 0 255 0 255 0 103 0 255 173 73 0
    255 255 72 255 98 2 219 255 32 170 0 255 255 255 0 255 0 255 255 255
    0 0 0 0 0 0 255 255 255 255 0 30 255 255 0 0 0 255 0 243 0 255 0 0 0
    0 255 255 255 255 255 255 0 255 0 255 0 0 0 0 255 0 0 124 255 255 0
    0 0 255 255 255 203 3 0 70 255 255 255 0 0 153 0 255 0 166 0 15 255
    0 255 255 255 0 35 0 111 151 164 255 0 109 255 240 0 131 0 255 0 50
    80 255 157 255 255 0 0 0 106 0 0 0 255 255 0 0 0 255 150 0 0 255 230
    255 255 0 0 0 255 37 255 228 255 255 255 196 0 0 255 0 255 0 255 0 0
    0 126 255 255 255 0 255 0 255 14 149 181 255 0 0 255 255 198 255 0 0
    0 0 167 255 255 255 51 255 255 255 0 30 255 0 69 135 255 2 0 0 255
    16 255 0 255 0 67 117 255 31 221 255 0 255 0 109 0 255 250 27 0 0 0
    255 255 116 255 0 255 255 30 255 0 255 0 255 255 143 228 223 255 0 0
    0 255 255 144 255 0 39 0 255 29 255 179 244 0 255 0 255 0 255 0 0 0
    0 255 245 255 0 255 255 0 170 71 255 255 0 0 0 123 255 255 0 255 50
    0 0 255 255 255 0 159 0 255 0 63 255 7 255 255 255 255 0 0 108 255
    255 255 255 255 0 0 0 255 255 0 255 0 255 255 255 188 0 255 255 0 0
    0 255 255 255 0 97 255 255 255 128 0 255 172 255 255 13 0 255 197
    255 0 255 0 0 0 255 255 255 0 164 0 201 255 0 0 255 0 0 0 0 0 255 0
    0 0 74 194 255 0 0 255 0 159 0 237 255 255 0 68 0 255 255 255 119 0
    93 255 255 74 255 0 0 0 0 0 255 0 0 0 255 123 0 6 255 255 255 255 0
    0 68 0 30 0 255 0 145 0 0 239 0 255 255 0 0 0 255 255 255 0 0 255 0
    255 0 255 0 255 0 255 0 255 202 255 0 100 0 255 236 255 255 0 0 0
    255 255 255 0 134 0 255 0 255 104 0 30 0 255 255 0 255 48 0 255 255
    0 0 255 255 255 232 0 0 0 255 117 255 0 255 0 50 41 255 255 255 143
    255 255 255 92 0 255 255 185 0 135 255 255 0 255 255 255 255 44 67 0
    219 164 255 255 0 0 208 0 255 0 255 0 3 0 0 89 255 174 182 0 255 255
    255 0 255 0 185 0 255 0 255 34 255 255 0 216 0 255 255 255 255 255 0
    0 0 255 255 255 255 0 0 0 0 255 0 255 255 255 0 0 0 144 255 202 51 0
    1 135 255 0 0 186 255 255 0 255 0 255 255 59 53 0 31 255 255 142 0 0
    255 255 209 0 255 255 209 0 0 255 255 255 0 255 0 0 28 255 0 255 0
    255 255 0 255 9 255 255 255 255 0 0 128 255 0 87 138 255 255 0 0 48
    129 0 255 255 255 0 255 255 255 0 0 0 255 255 255 0 54 255 255 255
    255 224 255 0 255 0 234 0 255 255 181 0 0 0 255 0 239 255 199 255
    255 255 255 255 46 183 0 71 0 0 255 0 0 0 0 255 0 255 132 255 255 0
    88 0 0 0 255 255 255 25 255 255 255 50 0 158 255 243 255 0 255 110 0
    0 0 255 255 0 255 255 0 0 156 255 255 36 255 0 0 255 19 0 132 3 0 0
    255 255 255 175 255 0 0 0 255 130 255 0 255 0 0 0 0 255 255 255 0 0
    255 255 204 0 0 91 0 0 0 0 0 255 255 255 157 23 214 0 0 0 255 255
    232 0 0 255 255 255 209 255 0 0 0 0 27 0 255 0 255 0 255 0 0 255 255
    0 0 255 255 255 255 0 0 255 255 0 189 0 255 255 255 0 0 0 55 0 0 115
    204 0 255 0 255 255 0 0 242 0 255 0 0 0 0 0 255 255 255 0 0 0 0 255
    0 133 240 255 0 255 0 255 255 255 0 0 0 0 255 139 255 255 255 255 0
    0 222 255 200 255 0 255 0 255 0 217 0 0 255 0 255 0 255 0 255 7 255
    0 0 198 255 255 0 0 255 242 255 104 255 0 111 0 255 142 0 0 0 118 0
    255 255 255 0 84 0 96 0 255 255 255 255 0 42 22 255 255 0 0 0 207 90
    98 255 0 82 0 255 176 255 144 255 0 255 255 255 0 0 133 0 0 1 255
    255 13 0 255 255 255 255 255 0 255 0 0 255 255 57 0 255 0 0 9 255 0
    0 0 255 255 101 0 0 255 55 0 255 255 0 255 255 255 0 0 0 0 255 67
    255 0 255 242 0 255 0 123 0 255 0 0 0 255 255 255 0 250 0 165 255
    255 0 0 210 0 132 0 255 0 180 0 0 242 111 0 0 203 0 255 148 31 0 0
    93 0 255 207 65 0 163 255 0 255 0 255 77 0 0 110 255 255 0 0 0 255
    65 0 0 255 0 0 255 255 255 255 255 0 255 0 255 0 255 0 0 0 255 255
    30 188 255 14 241 204 255 255 255 97 255 0 255 0 0 0 216 255 255 255
    179 0 255 255 0 0 0 0 0 0 0 255 255 63 255 255 255 0 195 0 0 199 255
    255 0 255 255 255 207 0 157 0 255 0 255 0 255 0 0 255 255 85 67 0
    255 155 255 126 42 255 255 255 0 255 131 255 0 0 0 0 255 255 255 0 0
    0 172 255 39 0 0 13 255 0 255 0 0 0 255 255 255 0 0 255 0 0 0 255
    255 255 0 0 0 255 20 0 153 0 255 0 0 255 255 255 255 255 0 0 255 255
    0 255 255 0 0 0 148 255 255 0 0 61 0 0 0 255 255 255 255 163 0 120
    255 0 21 0 0 31 255 0 0 0 121 60 255 0 255 255 255 17 255 0 0 0 255
    255 255 50 0 255 0 255 0 255 0 255 255 255 255 0 255 0 252 20 255
    206 0 0 0 255 255 0 0 0 136 255 255 0 0 0 0 255 62 255 255 0 0 0 255
    255 202 90 255 255 39 0 0 39 255 79 255 0 255 0 0 0 255 255 178 255
    0 0 255 255 0 255 255 14 255 185 0 229 255 255 215 0 0 127 255 255
    252 0 17 160 255 94 255 255 255 255 30 0 255 161 255 136 0 133 255
    255 0 217 41 0 0 255 255 0 240 255 255 0 255 48 0 0 255 255 0 0 0
    255 60 255 0 55 255 255 255 255 0 0 137 255 117 0 200 16 255 0 255 0
    0 243 75 255 255 0 0 167 37 171 255 255 255 255 0 255 123 255 255 0
    0 255 255 0 45 255 255 255 0 0 250 203 255 255 255 255 0 237 255 255
    0 57 255 255 0 255 255 255 255 255 255 0 0 137 0 255 0 252 135 94 0
    255 0 0 0 255 0 0 255 255 64 0 0 255 0 0 0 255 189 0 178 0 255 255
    255 0 255 157 0 146 255 205 255 0 255 0 0 63 0 255 219 65 0 255 0
    255 255 255 0 179 0 0 0 255 0 0 255 255 236 255 26 80 74 94 255 10 0
    197 37 255 0 0 217 255 255 0 156 0 255 2 255 0 255 0 255 255 231 0
    255 255 255 0 255 0 0 0 109 0 0 255 255 127 0 0 0 0 255 0 255 255 0
    255 2 0 255 0 255 255 255 107 255 0 0 212 0 255 255 102 255 142 149
    0 0 0 255 255 255 0 0 245 159 255 255 0 223 0 0 0 255 255 0 0 0 0 0
    245 0 0 255 0 232 0 62 0 0 255 255 255 0 0 0 255 255 0 0 0 255 139
    255 255 0 255 0 255 0 110 0 0 255 255 0 0 0 255 255 255 0 255 0 255
    255 158 0 182 0 255 0 0 40 255 255 0 0 255 255 255 139 255 255 0 0
    255 255 30 0 255 255 0 0 0 255 255 255 225 0 171 0 200 0 255 255 255
    0 0 0 0 183 255 163 0 184 250 255 239 255 255 0 0 0 255 0 255 117
    255 255 255 0 255 255 3 0 79 220 255 255 0 255 255 255 255 0 255 255
    255 255 0 0 0 255 255 0 0 0 255 255 255 0 255 255 255 0 0 255 60 83
    0 6 239 255 0 115 0 0 158 255 255 255 191 0 0 255 255 255 255 255
    255 115 255 0 184 255 217 110 186 255 255 186 255 0 37 208 255 255
    63 255 56 232 255 255 0 0 111 255 0 255 255 67 126 0 0 193 0 203 255
    168 0 0 255 255 255 15 141 0 0 0 255 255 255 0 255 0 255 152 255 0
    25 57 0 222 255 0 104 0 255 0 0 0 255 255 0 0 0 20 155 66 185 0 0
    255 255 255 10 62 255 255 255 223 252 0 142 136 0 62 255 255 255 0 0
    0 0 0 0 244 255 11 0 255 255 159 0 0 255 255 255 255 0 228 154 0 0
    182 255 255 0 89 0 0 0 255 255 255 31 130 134 255 255 54 155 0 255 0
    0 0 10 255 32 255 255 255 255 179 255 159 0 0 0 54 23 0 0 255 0 0 0
    201 255 255 255 0 0 0 255 0 40 0 255 255 0 255 0 255 0 255 0 0 0 255
    255 0 123 132 255 251 255 0 255 255 255 255 0 255 0 0 134 0 255 0
    255 235 0 0 255 122 255 255 255 255 0 0 0 255 255 0 255 0 96 0 9 41
    255 80 0 0 0 0 255 255 255 0 0 42 0 0 255 0 255 0 0 255 0 255 255
    255 255 0 0 255 255 0 164 2 0 255 255 255 57 255 0 0 0 0 0 255 255
    255 192 0 255 255 57 0 0 123 0 255 255 255 255 0 255 255 87 0 0 255
    0 255 74 0 0 255 255 0 255 0 0 227 42 255 255 255 39 255 0 0 0 0 0 0
    0 255 0 255 0 255 0 255 255 0 255 0 255 133 0 255 255 255 0 11 255
    255 0 255 255 0 0 0 255 222 225 109 255 0 0 255 0 255 255 255 0 0
    255 9 255 0 255 255 255 255 0 255 2 177 0 0 0 0 255 119 134 0 255 0
    255 255 255 255 0 214 0 0 219 255 255 0 255 118 0 0 255 255 255 255
    0 0 0 0 255 0 0 0 255 255 0 107 0 135 0 61 255 255 255 255 0 0 0 0
    255 255 255 0 86 255 255 255 255 0 73 255 255 0 0 255 255 118 255
    195 255 255 0 245 255 146 255 0 255 0 255 0 255 0 255 0 0 255 0 16 0
    59 255 0 255 0 219 4 255 255 0 23 0 0 255 255 255 0 255 255 0 222
    255 255 0 0 122 0 255 0 0 0 255 169 255 0 0 0 0 255 255 255 151 0 0
    255 255 0 0 0 220 0 0 255 255 255 0 255 135 189 172 0 255 0 255 255
    66 21 0 255 0 0 212 255 0 255 215 210 183 198 0 255 0 132 0 0 0 0 0
    255 0 181 255 255 255 255 255 0 220 0 255 0 255 255 0 255 59 33 0 0
    0 0 255 191 255 0 255 0 255 0 0 0 255 255 255 255 255 255 255 0 255
    0 255 0 0 255 233 255 80 98 0 69 0 0 255 255 0 0 0 230 0 251 255 171
    0 0 255 255 0 243 255 255 51 0 0 253 0 255 50 50 255 0 255 0 0 0 255
    255 0 0 0 255 131 255 0 0 0 255 0 0 0 83 0 96 255 255 209 0 0 105
    255 255 255 0 230 255 0 0 0 0 0 0 255 0 255 0 255 0 252 255 255 255
    0 0 0 255 0 135 78 255 0 255 245 255 0 37 0 255 0 0 255 0 240 0 249
    255 0 0 0 255 179 255 0 0 255 8 165 255 255 255 0 255 0 255 150 0 0
    255 47 0 244 0 255 0 255 0 255 0 255 119 255 0 2 255 255 0 0 0 255 2
    255 0 255 255 0 0 0 66 0 255 154 0 255 0 255 0 255 84 72 255 0 255
    15 255 0 147 0 255 4 237 0 0 255 0 234 0 21 255 0 255 224 255 255
    255 158 0 0 255 66 59 255 255 255 255 255 0 0 0 0 255 0 255 0 255
    255 226 255 255 0 0 0 255 255 255 232 0 0 0 158 201 255 0 255 255
    255 0 0 0 209 0 255 0 255 0 255 0 168 255 255 255 0 0 255 0 255 255
    255 255 255 8 255 255 255 108 0 0 0 255 0 255 173 0 255 0 0 0 0 255
    0 255 0 0 97 153 255 16 255 0 255 255 30 228 0 255 0 255 0 255 255
    72 111 0 0 255 0 22 0 0 0 0 0 4 255 255 0 255 0 227 250 255 238 0 0
    255 0 0 0 255 0 255 0 174 28 0 0 0 255 255 19 0 255 255 0 0 236 255
    0 133 0 0 255 255 255 0 255 255 255 0 211 0 255 0 255 239 255 255 0
    255 0 255 255 0 0 255 0 0 0 255 255 0 0 0 255 255 255 21 0 181 255
    255 255 255 255 0 0 0 0 255 0 255 255 99 255 0 255 0 7 0 133 0 61 0
    0 255 171 255 0 0 0 255 255 255 0 0 0 255 255 215 255 0 255 138 255
    255 255 31 0 246 0 0 0 255 32 225 0 70 0 255 0 0 255 255 255 0 0 0
    255 169 255 255 255 0 0 0 99 135 255 0 255 0 102 0 255 0 255 82 255
    94 255 0 231 36 255 60 0 216 0 0 0 0 179 255 0 0 70 0 245 0 255 173
    0 0 255 0 255 0 255 66 255 0 255 0 255 48 255 255 0 148 0 255 0 255
    0 255 0 255 0 0 0 144 203 0 0 255 255 255 255 255 0 255 255 255 0
    255 0 0 0 0 255 255 212 255 0 0 0 0 0 0 255 255 0 255 0 77 255 0 0
    22 0 255 255 255 0 111 255 149 0 48 26 255 0 255 120 0 255 255 0 0 0
    255 0 255 0 0 255 255 0 255 0 255 0 255 255 0 255 255 0 0 255 0 0 0
    215 255 0 228 0 255 169 255 255 255 0 0 255 255 0 0 149 15 0 0 54
    255 47 247 0 0 255 174 255 90 0 0 175 204 0 0 255 255 255 255 0 0 0
    0 0 0 255 254 255 0 0 110 0 255 255 197 0 0 0 0 255 255 255 245 0 0
    186 255 255 0 0 0 255 9 255 255 255 0 0 0 0 255 51 255 199 0 0 243 0
    49 255 255 255 255 29 244 0 0 255 255 255 0 255 255 255 0 144 255 0
    0 0 0 0 255 255 255 255 0 4 0 255 0 0 255 0 177 0 138 0 255 0 255 8
    255 255 214 255 255 0 0 0 15 0 124 0 65 112 255 0 255 255 141 0 105
    255 255 224 128 255 255 0 0 80 255 255 255 0 0 0 255 255 255 0 0 255
    255 255 255 0 0 255 233 212 0 199 255 0 0 0 152 35 255 255 0 255 255
    255 195 255 0 101 255 255 0 255 255 255 255 255 0 0 232 177 255 255
    0 99 255 0 255 0 229 0 255 255 255 139 218 0 0 0 255 255 255 0 255 0
    74 0 0 255 255 0 255 143 255 204 0 0 255 255 27 255 77 203 0 0 183
    255 0 255 0 255 255 255 0 0 0 255 255 255 0 0 0 104 255 99 255 0 0 0
    255 255 255 0 0 0 255 255 122 0 0 0 255 194 255 0 255 170 0 0 255
    190 255 0 255 255 151 0 0 0 0 255 255 255 255 255 0 0 255 0 255 0
    255 255 0 0 0 0 255 0 0 235 0 255 88 0 255 0 255 0 0 255 255 255 171
    255 255 0 255 0 33 0 255 0 0 0 255 255 0 0 255 159 255 255 0 255 0
    80 0 0 0 93 48 0 0 0 5 0 255 255 111 0 0 255 255 252 129 0 133 10
    255 255 0 0 0 255 255 145 0 0 255 0 0 0 26 255 63 0 29 0 255 255 255
    241 0 0 253 255 221 234 0 0 0 251 255 255 255 255 0 0 0 255 188 255
    0 201 255 215 255 255 255 255 255 0 0 255 0 0 0 255 0 255 0 94 255 0
    0 20 0 76 255 255 22 255 255 122 37 0 0 255 0 212 0 255 221 0 255
    236 0 0 255 255 255 255 0 255 144 255 255 101 255 255 0 0 0 231 0 59
    255 71 171 0 198 255 255 255 0 0 181 0 242 255 255 255 181 0 255 0
    255 0 0 242 255 255 0 0 0 255 0 255 0 255 0 0 0 8 255 255 0 255 0 0
    105 0 255 0 104 255 255 0 158 105 255 0 255 0 173 0 180 255 255 0
    255 255 255 0 255 255 255 210 0 255 202 0 0 0 255 245 255 255 255
    189 0 0 0 255 252 0 255 0 0 0 255 255 0 0 0 255 255 255 0 255 0 248
    0 115 255 255 255 0 0 255 255 0 0 0 0 255 255 255 0 0 255 255 255 98
    150 0 0 0 255 0 0 0 0 0 255 98 0 255 116 255 71 255 0 212 0 114 255
    255 255 0 0 0 117 255 0 255 255 0 0 201 253 255 0 210 0 255 255 255
    65 255 0 11 0 255 122 255 0 255 0 255 0 0 255 255 255 73 0 255 0 0 0
    93 0 255 224 255 0 255 255 255 79 0 158 0 255 63 255 0 255 255 32 0
    0 255 255 248 255 255 0 255 255 255 0 0 0 131 0 255 0 238 0 255 0
    255 0 255 10 0 0 255 255 255 0 255 255 0 255 255 255 255 136 0 0 0
    58 64 255 10 0 255 0 255 0 255 0 255 129 255 255 0 255 0 0 0 255 0
    255 255 0 255 255 0 255 10 255 0 255 115 0 251 0 255 0 255 255 255
    255 35 0 0 0 34 150 255 255 0 0 255 191 255 59 163 255 0 255 255 255
    0 0 0 87 255 0 255 0 0 0 0 255 155 255 255 255 218 255 255 201 0 255
    255 112 210 58 255 255 0 0 177 255 0 0 0 0 0 156 89 0 0 0 255 0 0
    255 255 57 0 255 36 201 255 255 0 0 255 255 255 255 0 56 153 72 0 0
    255 0 248 255 255 77 255 255 255 0 255 121 255 0 0 162 52 255 0 255
    255 255 255 255 255 0 255 255 0 0 0 0 191 255 124 0 0 0 255 255 178
    213 0 255 0 255 255 0 0 255 255 0 0 255 0 255 255 255 77 0 255 255
    255 211 25 255 0 255 255 255 49 181 255 0 65 0 0 0 0 255 235 255 207
    255 245 255 50 255 0 20 255 255 255 0 139 0 255 255 255 0 0 255 255
    0 0 0 176 255 94 255 0 204 255 176 0 0 255 255 255 255 0 255 0 255
    255 150 11 0 0 255 0 0 180 0 0 0 0 255 255 255 204 234 0 0 0 0 255 0
    255 0 0 0 0 255 20 255 0 2 255 218 255 255 255 0 159 134 138 255 255
    0 0 0 117 255 255 255 0 0 196 255 255 0 0 0 255 0 255 0 255 0 201 0
    184 205 0 0 255 18 207 255 0 0 255 255 0 255 0 255 0 255 142 0 255
    255 255 0 0 0 255 255 255 0 27 255 243 255 0 214 210 0 0 255 255 255
    209 255 10 255 255 0 30 255 255 0 255 0 180 0 255 255 255 255 0 255
    0 255 255 25 0 0 255 209 0 255 0 0 255 116 0 255 67 0 0 0 0 221 180
    255 0 255 255 176 109 0 0 255 255 255 0 191 0 255 255 0 238 255 0
    255 7 255 53 255 255 255 255 0 255 255 255 0 0 0 255 255 0 65 0 255
    0 108 87 146 0 255 0 255 55 255 255 0 255 0 247 103 0 255 0 175 0 0
    0 96 255 0 110 96 255 0 0 0 255 243 255 255 0 0 0 255 153 0 0 255
    255 0 255 255 255 0 218 0 0 0 146 0 255 0 121 0 255 255 255 236 59 0
    18 0 0 255 0 0 96 255 255 0 255 0 0 255 0 46 101 0 255 255 255 0 239
    255 255 255 0 0 0 0 0 255 186 255 0 255 255 255 0 74 0 255 255 220
    213 221 0 255 255 0 255 0 255 0 255 255 255 113 0 14 0 255 0 0 0 255
    165 0 255 0 248 0 173 255 255 255 0 0 0 191 255 255 0 255 0 255 255
    0 255 255 0 0 0 255 0 255 255 0 0 255 205 255 213 32 0 0 0 255 255
    255 0 54 0 0 207 255 255 255 0 255 0 255 0 255 0 184 255 255 0 0 184
    56 74 0 107 0 255 35 255 0 255 110 255 0 255 222 45 0 0 0 100 255
    255 255 0 0 0 0 213 255 0 255 0 255 0 0 0 255 192 0 0 255 255 255 0
    0 0 72 0 255 235 255 235 0 0 227 101 255 0 69 233 213 0 255 0 0 255
    221 255 0 154 0 255 231 0 222 0 0 70 0 25 51 255 255 5 0 32 0 255 7
    255 0 43 255 126 0 0 255 255 255 202 255 255 255 18 255 0 0 0 0 255
    255 0 255 0 89 0 255 0 255 255 22 0 0 255 255 255 0 255 255 255 255
    58 255 170 255 0 255 241 255 255 255 0 255 0 255 146 255 0 0 0 255
    255 255 255 255 255 0 255 255 255 83 0 0 0 83 0 255 173 255 39 0 0
    82 0 124 255 18 255 0 123 0 33 0 0 255 255 99 255 0 0 0 0 255 0 255
    0 255 255 255 0 0 0 0 0 255 79 90 108 77 0 104 142 0 117 0 7 0 255
    255 255 0 0 190 255 255 255 0 0 0 0 255 255 255 255 0 255 255 255 0
    149 0 255 255 0 255 255 0 255 255 0 0 0 0 255 255 255 0 0 0 255 0 0
    255 0 0 0 255 255 51 255 0 255 24 240 0 255 255 228 255 0 0 0 216
    255 255 27 57 0 122 0 255 0 0 255 255 0 255 255 0 0 0 255 163 255
    255 255 0 138 0 255 0 139 0 0 0 255 255 59 255 0 0 0 0 0 255 255 255
    255 0 40 0 255 222 0 255 255 255 0 0 124 255 255 0 0 255 45 14 175 0
    255 0 255 0 0 0 0 255 0 255 0 255 255 0 0 255 255 255 255 255 255 0
    0 0 0 255 255 0 220 0 0 0 255 255 255 0 255 0 0 0 255 191 255 113
    255 147 0 18 0 0 255 255 0 255 0 255 0 0 0 0 255 255 255 114 255 0
    255 0 255 255 0 255 0 206 0 255 255 255 0 0 0 255 255 255 0 247 0 0
    47 255 255 255 255 0 0 37 255 255 255 121 0 0 0 255 255 30 0 0 255
    102 0 255 255 255 0 255 255 21 0 255 255 255 0 0 0 255 255 255 0 0
    102 255 255 255 255 0 0 0 255 124 255 0 0 16 255 114 0 156 247 255
    98 0 0 0 255 17 255 0 255 0 255 0 0 0 0 0 255 255 255 0 0 0 255 255
    255 255 255 255 225 255 0 0 255 157 255 255 0 255 0 255 255 255 255
    0 0 113 255 0 0 0 211 255 255 255 0 0 0 183 0 255 0 255 0 0 0 194
    255 255 169 0 0 255 255 0 0 0 255 255 255 185 0 255 0 0 0 213 255
    202 255 0 0 17 255 255 0 0 0 255 111 255 0 237 232 60 112 255 0 0
    255 255 0 0 0 130 255 0 0 64 0 59 0 0 0 255 148 255 0 255 0 255 0
    221 0 79 0 0 221 255 254 0 0 0 0 255 255 0 255 255 227 0 0 0 255 255
    255 255 185 255 220 255 0 189 0 0 0 255 35 255 255 0 0 255 183 0 255
    0 255 0 255 255 255 232 0 0 195 255 255 255 0 255 255 153 0 0 255
    255 0 0 0 255 255 185 0 207 0 0 148 129 255 101 255 104 255 0 89 255
    252 255 55 8 0 0 215 255 0 0 255 255 0 255 255 86 0 0 0 55 0 255 255
    0 41 0 0 255 255 0 0 133 255 255 255 0 0 48 0 255 255 97 255 151 255
    0 255 0 255 178 0 255 0 255 49 127 13 70 0 255 0 255 0 0 255 255 255
    0 255 0 255 0 255 0 255 0 0 0 255 255 255 255 0 0 255 255 255 0 0 0
    0 0 255 0 255 0 255 255 255 0 0 255 0 0 193 255 255 255 255 0 0 0 0
    0 132 0 255 0 0 255 198 255 255 255 11 255 0 255 0 184 255 255 102
    143 20 0 255 0 255 148 0 0 0 255 255 0 0 255 255 0 177 0 74 255 255
    255 255 0 0 0 255 136 0 0 255 0 255 255 0 0 177 0 255 255 255 0 0
    211 0 255 255 0 0 0 0 255 0 0 0 255 255 255 255 255 255 37 0 0 255
    255 255 255 255 0 237 255 255 0 0 0 0 0 0 6 255 19 98 255 0 177 0 0
    255 255 255 255 0 14 255 255 0 0 0 255 216 255 0 255 0 18 0 135 21
    110 255 36 0 241 103 255 232 224 0 253 0 51 255 0 255 255 0 0 0 255
    0 0 0 0 255 88 0 0 255 0 255 7 255 0 0 150 255 255 100 0 255 0 0 255
    0 79 0 0 242 0 50 64 255 123 0 255 0 0 255 204 17 255 255 255 255 0
    0 0 116 255 237 0 146 255 255 88 194 255 0 0 0 255 255 255 0 0 0 255
    255 0 0 0 245 0 0 0 0 0 69 255 255 0 23 0 255 255 255 0 255 0 255 0
    255 0 255 0 82 255 65 255 255 80 255 0 0 0 255 255 255 0 0 147 255
    255 255 0 0 0 255 36 127 255 0 196 0 0 255 106 0 0 0 255 255 0 255
    255 0 255 255 255 0 0 255 0 255 0 255 0 255 242 0 255 255 255 255 0
    255 0 255 255 255 255 0 0 255 231 112 80 78 0 0 0 0 70 255 112 56
    149 255 73 0 0 0 255 255 255 24 0 255 26 255 0 255 0 255 215 0 0 24
    148 255 0 0 255 0 255 255 255 255 0 255 255 0 0 0 0 255 255 0 255 41
    0 0 0 85 255 0 204 0 0 255 255 255 247 255 0 0 2 255 0 0 33 255 255
    255 255 0 255 0 255 255 0 117 239 61 255 255 255 0 0 255 255 255 0
    255 9 42 0 8 0 0 0 255 255 255 0 0 0 255 0 255 0 0 255 255 0 11 0 0
    0 255 255 255 14 84 21 0 255 27 255 255 255 255 255 0 0 0 255 80 3 0
    255 36 255 0 0 178 0 255 0 0 0 0 0 79 0 255 0 255 0 0 0 255 45 145 0
    0 255 255 121 232 0 0 255 0 39 0 12 0 0 2 225 255 255 0 0 255 255
    255 0 0 0 65 159 0 255 0 0 0 77 255 255 0 0 0 24 0 255 255 255 0 255
    255 255 255 255 0 255 0 0 0 255 255 101 255 255 255 0 0 255 255 198
    0 255 108 255 255 255 255 255 98 0 0 255 255 255 0 255 255 255 0 0 0
    131 255 0 222 0 252 255 0 255 255 217 0 0 255 255 255 0 255 0 220 0
    255 0 0 0 255 255 255 255 255 0 255 0 0 255 20 0 106 92 255 255 255
    255 0 0 0 255 50 255 255 0 107 0 122 0 255 0 255 0 118 255 0 82 0
    255 0 255 0 149 22 255 255 255 104 70 0 0 255 255 118 242 0 0 255 0
    255 255 255 0 255 102 0 255 255 255 0 255 255 255 20 255 255 132 0 0
    0 255 255 0 255 0 0 255 40 255 40 255 60 106 0 255 0 114 0 255 0 255
    0 0 0 91 255 0 233 0 0 23 255 0 0 0 255 140 255 161 27 255 0 255 149
    255 255 0 255 255 255 142 255 0 0 0 255 2 255 255 0 149 238 255 0
    127 255 0 255 33 255 0 0 155 0 136 255 255 255 0 101 0 231 0 255 0
    255 255 255 255 46 255 0 255 0 188 255 0 255 0 144 0 255 0 255 0 0 0
    255 0 255 0 0 197 205 255 255 255 254 255 0 255 40 0 255 255 255 255
    0 0 126 0 0 0 0 255 255 255 255 0 255 255 255 0 255 0 0 0 255 255
    255 0 0 0 255 0 186 255 255 255 0 0 0 214 255 255 0 0 0 0 255 255
    255 0 255 0 0 0 255 255 0 255 0 255 0 255 215 255 255 244 0 0 0 0
    100 255 255 255 0 0 255 188 255 244 255 0 101 0 255 255 255 0 255 0
    255 255 0 0 255 203 0 0 255 0 218 0 255 255 255 35 0 0 255 0 0 0 0
    255 255 255 0 255 255 255 0 0 0 255 0 255 255 0 255 255 255 255 0
    255 0 75 0 255 174 0 255 255 123 255 0 0 0 255 255 124 0 255 0 0 0 0
    89 162 255 0 255 255 0 255 0 0 0 255 255 0 0 233 235 255 255 0 255
    255 255 255 0 0 255 181 255 255 255 255 0 255 220 255 255 0 0 0 179
    255 255 102 0 255 0 0 213 18 255 0 255 0 255 255 18 0 0 11 120 4 0
    255 0 255 255 255 255 0 0 95 217 0 113 255 112 0 0 255 30 255 0 255
    255 255 227 255 255 0 0 0 255 255 255 0 0 0 161 0 255 0 255 0 255 0
    255 213 0 71 0 183 255 255 255 255 0 255 240 0 0 255 255 254 0 254 0
    0 255 255 0 0 255 255 241 255 255 193 0 0 183 0 255 161 255 255 255
    255 0 0 0 0 0 255 0 0 0 255 255 71 255 255 233 0 255 0 0 106 25 255
    56 255 0 0 23 255 0 195 6 168 0 255 255 0 0 255 255 0 255 0 255 27
    255 0 0 108 255 255 255 255 255 255 0 0 0 255 0 0 2 0 0 255 0 255 0
    255 0 0 0 255 255 255 0 0 0 0 255 172 0 255 0 255 0 255 255 77 197
    255 255 255 0 0 255 255 255 0 0 0 0 255 66 0 0 255 255 255 0 0 0 176
    255 255 0 122 0 255 255 0 0 0 255 0 0 255 175 208 255 255 255 0 141
    0 0 255 255 255 255 255 0 0 0 255 255 0 144 128 255 255 255 0 131 0
    255 240 255 0 172 255 255 255 87 0 0 255 255 255 0 200 22 255 0 0
    255 255 73 0 255 24 255 255 41 0 255 255 37 0 23 255 255 0 255 83
    255 0 0 0 166 255 0 255 0 0 0 102 0 255 0 255 0 0 255 255 255 0 0 0
    255 255 0 0 255 0 156 0 12 198 255 255 0 0 0 206 255 255 22 0 0 0 0
    0 255 0 255 255 255 0 255 0 255 0 160 0 0 200 255 255 255 255 204 0
    0 0 0 154 255 255 185 0 255 255 173 0 255 0 193 0 255 255 11 0 0 255
    0 255 22 255 250 0 255 255 0 0 255 0 255 0 0 0 255 18 0 152 0 255 0
    0 0 255 255 0 0 0 255 255 255 255 0 0 0 0 95 255 0 255 0 0 0 255 255
    0 175 86 255 0 0 0 26 255 255 221 178 255 0 255 255 0 255 0 255 16
    255 218 95 76 255 153 0 0 255 0 0 0 201 255 255 255 235 255 255 139
    255 139 0 0 255 255 14 255 0 88 255 0 0 0 0 0 255 255 0 255 0 255 0
    0 0 0 255 0 200 0 103 0 255 255 17 255 0 255 0 255 0 231 0 0 0 255
    255 255 96 115 255 162 255 255 0 107 255 255 0 255 19 255 255 255 0
    0 238 255 255 70 0 57 0 97 182 255 0 255 255 155 255 168 0 0 0 255 0
    0 255 0 255 0 255 255 0 186 43 255 0 23 255 255 38 255 215 94 135 0
    0 0 252 255 0 0 255 0 255 0 243 0 255 0 148 95 255 255 110 255 255 0
    104 243 0 97 255 0 0 255 0 0 0 255 0 0 255 255 114 0 149 0 255 202
    255 0 165 0 255 0 255 255 255 242 0 0 0 0 255 255 0 0 0 255 0 255 0
    0 143 255 255 0 0 0 0 255 158 255 204 0 0 255 134 255 0 0 0 0 0 255
    255 255 255 162 255 0 237 0 0 85 124 0 0 47 255 255 0 0 74 255 186
    255 0 171 32 0 255 0 0 0 114 255 255 255 0 236 0 0 226 0 255 255 0
    255 199 255 255 200 255 0 39 255 0 255 0 39 255 0 255 0 255 0 255 0
    0 255 0 255 12 229 0 16 0 255 255 255 0 0 0 142 255 27 255 97 154
    205 255 244 255 255 251 207 0 255 0 0 255 255 0 157 0 206 89 0 0 36
    255 151 255 0 76 0 77 255 255 67 251 255 0 255 41 0 0 255 204 255 0
    255 255 15 182 122 255 0 0 219 255 150 0 99 0 0 255 255 0 255 0 255
    0 0 255 255 0 133 0 255 0 0 0 255 0 255 219 82 0 0 189 0 255 255 255
    0 0 255 5 0 0 213 0 32 0 255 0 0 0 28 52 0 0 0 255 255 0 212 31 255
    255 0 255 0 0 255 255 255 0 11 110 0 100 168 0 0 0 0 255 255 255 255
    11 255 0 0 255 255 188 0 0 255 79 255 155 0 0 0 0 0 128 255 255 255
    126 0 0 255 255 255 0 0 0 255 255 0 255 0 255 0 254 0 255 255 255 0
    30 255 255 164 255 0 255 0 125 0 255 255 0 255 27 255 146 76 0 0 0
    118 182 0 232 0 2 0 13 255 172 0 0 255 255 0 255 0 0 0 255 0 0 0 0
    255 2 255 0 0 86 0 255 255 0 255 255 145 0 151 255 107 189 255 33 0
    218 0 255 0 255 0 255 0 198 0 255 255 0 245 255 255 0 255 0 255 255
    255 0 255 0 255 0 255 0 134 0 255 0 0 0 0 224 114 0 255 255 0 196
    255 0 0 0 255 255 0 0 20 255 255 255 0 0 0 255 20 0 255 0 0 255 255
    255 0 0 0 0 0 255 0 255 180 255 0 0 214 0 0 0 255 255 121 0 255 255
    255 255 199 52 255 237 0 0 0 0 255 0 255 255 255 0 0 0 255 255 126 0
    182 0 255 255 177 72 255 0 8 0 67 255 0 255 18 0 0 255 0 0 0 0 255
    255 136 0 0 255 255 255 0 255 0 96 255 0 0 0 239 0 255 0 0 255 107
    203 255 0 140 0 255 255 255 73 190 255 0 97 0 255 0 0 0 237 0 255
    255 255 0 255 0 255 0 0 0 0 136 110 255 255 255 255 0 0 0 255 255
    255 0 220 124 0 255 255 255 0 250 0 0 0 255 255 255 255 0 0 255 0 0
    255 0 62 0 255 56 255 255 0 255 255 255 236 0 255 255 0 0 16 0 255 0
    255 0 37 92 255 0 0 255 255 0 0 0 255 255 255 255 41 55 255 166 0
    255 0 255 0 255 0 255 0 0 214 0 139 130 255 255 60 255 0 255 255 255
    255 78 0 0 0 0 175 255 204 255 0 138 0 65 0 0 35 0 255 0 0 255 255
    255 0 0 255 255 255 255 187 255 255 107 255 114 0 0 0 255 255 255
    255 255 0 0 123 255 0 0 255 255 255 0 255 197 255 255 0 0 187 0 0
    255 34 255 159 255 0 255 0 255 162 255 204 255 255 255 0 255 0 20 0
    255 0 89 0 255 0 0 255 255 221 0 255 0 0 0 0 255 0 255 0 0 0 36 0
    255 0 0 255 255 0 0 0 255 213 0 0 67 255 255 172 0 166 241 255 0 255
    255 0 0 169 0 255 255 191 255 0 0 190 0 0 255 255 255 255 199 0 0 0
    255 255 200 0 0 0 255 0 255 0 171 0 0 0 143 255 0 255 0 205 123 255
    0 0 0 255 210 0 255 64 0 0 255 255 255 255 255 0 0 105 0 255 255 255
    0 0 39 255 0 0 255 0 0 0 255 0 0 0 180 255 255 0 255 0 244 0 255 28
    255 255 0 0 0 201 255 182 194 0 255 0 97 0 22 255 255 255 0 0 0 255
    0 0 255 209 255 0 255 255 255 255 255 98 255 0 0 0 0 255 255 255 0
    255 212 255 0 36 0 70 75 116 177 2 0 41 0 255 255 123 0 0 0 255 154
    255 231 167 0 255 255 255 0 255 233 255 14 255 187 255 0 255 255 255
    255 0 255 0 0 0 139 255 202 255 255 255 255 255 255 97 255 0 255 255
    51 255 255 202 71 0 22 0 255 255 0 0 255 64 255 255 255 61 0 0 94
    255 255 0 0 255 148 0 0 255 0 255 255 255 0 233 0 0 99 255 255 112 0
    0 46 255 255 255 24 0 0 255 0 255 255 255 0 255 108 255 0 171 215
    255 255 255 0 0 255 255 0 0 0 255 255 255 86 0 12 0 0 255 22 0 121
    255 113 0 255 255 255 255 0 255 213 255 0 255 255 0 63 0 255 235 255
    255 0 255 0 255 0 49 186 255 255 255 248 255 255 255 165 27 255 0 99
    0 255 0 255 161 255 0 255 0 247 255 255 255 0 255 0 255 0 0 255 255
    255 255 0 217 0 0 0 255 0 0 250 255 0 255 255 255 255 11 255 241 255
    0 255 0 0 0 0 154 0 255 0 0 0 96 71 84 255 24 107 0 0 255 255 255
    195 71 0 255 255 227 236 0 255 255 0 0 0 255 255 0 0 255 255 0 0 255
    164 255 0 97 0 60 0 255 0 255 0 255 51 255 255 255 151 68 0 60 0 255
    255 0 0 0 0 255 0 255 255 255 0 0 0 0 255 0 255 34 0 0 97 255 255
    255 255 255 0 170 0 0 33 255 255 0 0 0 223 0 0 255 0 245 0 0 246 0
    255 255 255 0 145 255 60 255 0 0 255 255 255 255 255 0 221 0 255 0 0
    255 255 211 255 255 0 88 0 227 255 255 0 255 136 0 45 0 255 73 255
    110 255 113 255 0 0 0 81 0 136 255 255 0 2 0 255 243 3 47 255 138 39
    0 0 255 255 0 255 0 0 0 0 255 255 255 0 0 0 0 255 255 79 0 0 0 0 255
    255 255 255 0 255 0 0 0 255 0 0 0 255 0 10 0 255 255 255 255 0 0 0 0
    208 0 32 0 255 21 255 255 0 0 0 0 255 255 255 255 255 231 0 255 254
    181 255 255 190 0 0 255 0 255 0 17 118 0 188 0 255 255 255 170 235
    193 255 255 255 0 0 0 58 255 255 0 121 0 0 255 255 255 242 255 0 132
    255 0 203 0 255 5 255 255 255 255 255 177 255 0 0 0 0 255 0 255 204
    255 0 0 175 255 255 255 252 55 0 255 255 158 0 0 255 5 255 0 255 0 0
    0 255 0 255 0 0 0 255 255 255 255 255 255 0 0 0 72 0 255 200 255 89
    0 181 0 82 255 255 255 0 108 64 255 43 0 0 255 210 0 186 255 0 0 255
    0 0 214 255 0 32 0 255 255 208 0 0 255 255 255 255 0 255 255 157 0 0
    0 255 140 255 0 255 0 255 255 255 0 0 255 255 0 47 255 255 255 0 255
    255 255 0 255 0 112 0 71 0 0 0 212 0 255 228 255 255 0 0 255 255 255
    0 255 0 255 10 0 220 188 255 112 242 0 255 255 255 0 0 0 0 87 255
    255 0 0 0 0 159 245 255 255 255 0 0 0 255 0 77 0 173 255 0 0 255 246
    0 255 255 255 0 255 0 45 0 255 12 0 0 255 85 114 0 0 0 0 255 255 0 0
    0 255 255 255 34 0 255 103 255 255 255 255 0 255 0 255 255 0 0 230
    255 0 0 0 0 50 229 0 0 255 0 212 0 232 23 142 255 255 0 74 255 0 0
    255 255 0 89 0 255 255 7 0 255 0 19 0 0 0 0 255 0 255 0 103 0 255
    255 255 255 0 255 0 0 0 191 255 0 255 0 255 255 255 0 0 255 255 255
    0 0 222 0 255 0 0 255 255 0 0 255 255 0 0 0 118 0 2 0 255 255 0 0
    255 76 0 0 255 129 26 0 248 145 0 255 184 0 0 119 206 0 255 236 255
    187 255 255 0 0 11 0 0 248 0 255 0 28 0 0 211 29 255 255 31 131 255
    0 0 255 255 0 0 255 255 203 0 255 58 0 0 0 255 255 255 255 53 252 0
    0 255 130 0 0 0 255 255 199 255 0 200 0 0 0 134 255 255 0 255 0 255
    0 0 192 255 255 255 155 0 0 0 0 255 0 0 0 67 255 255 255 255 5 49
    255 255 255 0 0 255 255 0 0 0 0 255 255 255 0 0 255 255 255 0 129 0
    255 255 255 255 0 0 173 255 255 255 255 0 0 0 54 255 0 0 0 255 0 255
    102 255 255 255 0 0 0 255 255 255 0 0 255 0 255 146 0 0 255 255 0 0
    0 129 0 43 0 255 0 0 255 255 255 0 255 0 255 255 255 0 255 255 255 0
    255 0 83 255 79 255 255 252 255 98 255 235 0 0 0 255 255 255 0 0 0 0
    255 255 255 255 255 0 230 0 255 155 255 255 0 255 0 255 255 255 0 0
    0 255 64 255 255 0 0 0 255 115 0 255 255 0 214 0 255 0 0 0 74 255 0
    255 0 255 132 255 0 255 211 0 0 0 0 222 255 255 0 255 255 255 255
    255 255 203 67 11 255 0 0 255 255 255 9 255 0 255 255 255 0 0 0 255
    0 255 0 0 255 133 255 0 255 255 0 0 0 255 237 0 0 0 0 0 0 0 118 255
    255 255 173 0 0 255 255 255 0 0 0 255 255 255 255 255 0 0 0 65 255
    255 255 0 0 0 255 0 0 0 156 255 0 135 0 68 120 255 0 70 0 0 0 255 0
    0 0 255 0 0 255 255 255 0 0 154 116 0 255 255 155 0 0 0 255 0 0 0
    255 0 0 0 177 255 157 0 255 242 0 255 54 255 36 255 255 0 0 0 255
    130 255 0 252 0 0 255 222 255 0 255 0 255 0 0 0 0 200 0 255 0 0 169
    255 255 255 255 0 0 0 108 0 0 255 255 255 255 255 0 49 255 255 0 0 0
    0 0 103 255 96 255 38 0 0 0 255 255 254 255 0 98 0 255 46 247 0 0
    255 0 151 169 255 0 0 0 255 255 65 255 255 255 144 185 0 255 255 0
    90 0 0 255 255 255 255 255 46 244 255 255 0 0 0 255 255 255 255 214
    0 133 255 0 0 255 245 255 0 0 255 255 255 0 0 255 255 255 0 255 255
    255 0 0 0 255 255 109 239 194 255 255 0 53 218 0 0 0 255 0 255 0 255
    0 255 0 255 0 140 255 255 251 0 0 0 0 255 0 255 0 0 100 182 11 0 44
    168 255 0 0 0 255 255 0 255 58 255 255 255 0 0 0 255 213 255 0 255
    255 255 22 0 0 219 255 0 0 255 27 255 0 0 241 0 0 0 0 1 233 0 0 255
    138 255 255 255 0 0 0 255 0 255 255 255 0 255 0 255 0 255 255 255
    255 255 255 255 0 255 255 255 255 0 255 255 138 20 0 0 0 255 0 0 22
    0 255 255 255 255 0 0 255 255 255 0 0 68 255 255 255 0 0 255 255 255
    0 0 255 0 255 0 255 175 255 255 0 196 0 0 0 13 255 255 0 255 0 255 0
    211 255 255 164 255 255 101 255 255 255 255 0 0 236 255 255 255 0
    166 0 255 255 0 0 0 255 255 255 255 173 255 0 0 0 255 255 255 0 0
    109 90 255 0 255 0 0 0 255 240 124 0 255 255 255 0 0 0 255 0 0 0 255
    255 62 78 0 124 119 255 0 255 0 0 255 255 255 255 255 0 172 0 255 37
    148 255 18 0 255 179 112 255 124 255 255 255 101 255 255 255 0 255
    100 255 0 0 0 255 0 255 255 71 55 23 255 255 0 0 255 255 255 120 0
    255 0 255 0 0 255 153 0 0 255 255 0 255 0 0 104 0 255 0 0 0 130 255
    0 0 138 255 239 255 0 255 0 95 19 255 255 0 0 0 0 127 255 255 0 0
    255 255 0 0 255 245 255 255 0 0 0 0 210 255 0 255 0 0 134 186 0 0
    255 255 255 0 0 169 0 0 255 221 0 35 47 193 255 255 20 255 4 194 255
    255 0 118 18 67 0 0 244 255 255 0 0 255 255 255 30 255 218 168 255 0
    74 0 204 0 0 0 255 143 0 2 107 255 255 0 192 0 255 255 0 154 0 224 0
    255 255 0 0 80 0 255 0 255 228 255 0 255 255 0 255 255 0 0 255 52
    129 9 255 251 0 0 0 255 0 255 0 0 50 255 0 255 0 151 255 255 255 0 0
    0 0 255 255 255 255 0 229 224 15 255 0 199 0 0 0 161 0 0 255 220 255
    193 255 0 128 255 255 255 255 255 0 0 44 255 255 180 255 0 167 189
    255 0 255 0 255 255 239 0 0 0 255 255 0 255 59 255 0 0 255 255 255 0
    1 255 255 0 0 0 255 255 255 255 255 255 233 83 0 0 255 255 255 255 0
    255 0 129 231 0 0 255 255 255 129 0 0 255 255 0 0 255 255 163 229
    255 255 255 0 182 0 255 255 255 20 0 127 255 255 255 255 0 0 0 255
    255 255 53 5 0 0 0 255 0 0 255 255 0 0 255 255 255 0 0 255 255 255
    255 255 0 255 52 255 115 247 0 255 255 0 0 0 137 0 232 52 0 0 0 255
    255 255 0 255 0 8 255 255 0 0 174 255 255 20 255 47 255 0 255 0 201
    0 255 173 125 255 255 0 255 0 0 0 0 0 237 228 0 255 154 0 255 0 30 0
    255 255 0 72 0 0 255 255 255 199 0 0 255 255 255 255 255 255 0 255 0
    255 0 0 255 0 0 70 0 255 90 255 0 255 0 219 217 0 255 0 255 255 46
    255 0 231 0 0 0 0 255 249 0 255 0 0 255 0 255 143 255 214 75 0 182
    255 255 0 255 0 255 0 0 32 0 244 0 255 0 0 159 0 0 156 0 44 255 198
    255 255 227 0 0 0 255 255 255 255 0 233 0 255 0 255 255 50 0 0 0 255
    0 0 255 170 255 255 255 255 255 255 0 0 0 255 255 255 253 255 223 0
    0 255 89 171 255 255 0 0 0 89 254 255 0 255 214 255 0 255 255 0 0
    234 18 255 0 255 0 255 0 255 33 2 0 255 0 0 255 255 108 145 255 106
    255 0 0 0 255 255 164 26 213 255 0 174 70 255 255 43 255 0 0 255 255
    0 0 0 255 255 0 0 0 255 255 0 0 255 0 255 255 51 197 157 255 0 0 255
    91 255 255 181 255 0 206 0 221 255 255 0 0 0 0 255 255 164 0 255 0
    157 255 0 0 9 0 0 123 0 31 0 0 255 255 0 28 0 0 255 247 255 0 0 255
    0 33 0 255 177 0 0 255 255 180 0 255 255 0 4 0 255 255 228 0 0 0 0
    255 208 255 0 0 0 127 255 255 0 0 0 255 255 255 0 255 255 0 0 108
    168 248 183 194 193 0 27 255 255 240 142 255 255 255 0 255 0 0 0 255
    255 255 255 0 255 0 55 72 0 255 44 255 255 255 0 0 255 0 255 0 0 255
    109 0 0 255 214 255 0 134 255 255 255 0 0 185 0 0 0 0 255 27 0 30
    255 255 0 0 0 0 0 75 255 255 255 0 255 146 255 0 255 0 255 180 229
    255 255 0 0 0 255 0 0 255 0 255 0 255 212 0 0 44 0 255 0 255 219 255
    0 0 0 70 255 255 255 255 255 0 0 178 0 254 255 255 0 0 0 0 255 255
    255 133 255 0 255 0 255 255 255 6 206 101 255 0 255 35 255 255 255 0
    255 0 255 72 0 0 0 0 255 255 0 40 0 255 255 255 0 0 0 0 0 50 255 0
    255 0 255 61 255 0 0 0 255 255 255 0 255 0 255 255 255 255 255 0 255
    0 0 0 0 255 0 0 255 167 0 0 116 0 7 139 255 255 255 255 241 0 195 0
    255 255 162 76 0 49 255 255 39 130 255 0 218 255 221 255 255 141 178
    19 0 255 0 0 255 255 255 145 255 86 62 0 203 0 0 0 0 206 255 255 255
    0 255 0 246 0 255 87 255 0 255 255 0 0 0 0 255 255 0 0 0 255 0 255
    255 255 0 0 255 255 255 0 0 255 255 255 91 0 0 25 255 255 0 0 255 0
    0 0 242 0 0 255 0 58 0 255 0 0 0 0 223 255 0 59 255 0 0 255 0 242 0
    255 0 0 0 0 0 149 255 255 255 255 160 0 169 0 255 0 255 0 99 0 255
    196 0 255 58 255 255 0 244 195 255 0 0 0 255 0 0 0 0 255 255 255 255
    0 255 0 255 0 255 0 255 26 223 255 255 255 0 255 152 171 255 255 255
    255 0 0 0 176 255 255 0 0 255 0 0 255 255 255 0 0 0 255 255 140 255
    0 255 0 255 0 74 59 0 0 255 0 255 0 0 255 255 72 130 155 0 0 255 0
    255 0 255 0 0 0 255 190 49 0 255 255 0 173 255 48 255 254 0 0 255 0
    255 255 255 0 0 255 255 255 255 0 0 0 255 255 255 10 0 0 0 0 0 255
    255 255 242 255 0 0 254 0 0 255 0 255 0 255 0 255 0 255 162 0 0 0 17
    255 0 255 0 25 72 255 255 255 0 255 0 255 0 255 255 255 0 255 0 179
    0 0 255 255 255 0 0 0 255 255 255 0 198 255 255 255 255 255 255 0 0
    0 255 255 0 0 0 0 212 0 50 255 168 0 0 255 255 176 0 0 0 47 166 0
    255 255 255 13 255 0 255 0 0 0 59 0 255 0 255 72 255 181 0 0 35 119
    177 0 255 0 42 164 0 255 131 103 133 255 255 255 0 0 184 255 25 0
    255 255 255 0 0 255 0 255 255 33 113 0 255 255 255 255 0 0 249 152 0
    236 255 255 255 0 255 0 36 255 10 127 43 255 0 0 255 0 255 0 255 255
    0 255 0 0 255 69 255 255 255 0 0 153 255 0 0 150 40 255 255 0 0 255
    0 255 0 255 0 89 255 255 255 0 0 169 0 255 255 255 255 29 129 0 0
    194 255 255 0 74 255 255 0 0 255 255 0 0 255 255 0 0 0 106 180 194
    255 0 255 255 255 0 8 94 255 0 0 0 255 255 255 255 217 0 92 255 255
    0 0 46 119 255 0 0 0 255 255 255 255 0 0 255 95 0 125 0 255 0 29 0 0
    190 0 255 194 0 142 0 255 255 0 255 197 239 0 0 255 0 255 0 0 255
    255 255 221 0 0 0 0 255 255 255 255 38 0 0 0 240 145 0 0 255 255 255
    255 255 0 0 0 255 255 0 255 0 0 48 208 255 87 255 255 255 255 44 0
    255 0 255 0 255 249 255 0 255 255 0 0 255 255 255 0 177 0 0 0 255
    255 0 0 0 0 255 239 255 0 255 0 255 109 0 255 47 0 0 0 255 186 255
    255 194 255 103 255 0 204 0 0 78 0 255 0 127 249 255 103 255 255 255
    255 0 27 164 31 0 0 148 0 255 255 255 255 36 122 0 255 255 255 255 0
    255 0 255 0 0 255 255 255 0 255 255 255 255 0 0 0 255 255 255 55 255
    0 0 255 255 58 255 255 0 0 255 0 0 0 11 75 255 0 0 98 255 255 255 0
    131 0 255 82 0 0 0 0 255 180 255 127 229 0 255 0 0 0 0 255 255 255
    108 0 0 0 0 255 6 255 0 0 255 96 0 0 67 0 0 11 255 0 255 255 255 0 0
    0 255 0 255 0 255 255 255 255 213 47 215 255 255 151 0 0 255 255 255
    0 0 0 186 255 0 0 85 54 255 255 255 255 0 0 0 255 208 245 255 0 255
    255 165 76 0 0 179 255 255 0 255 205 0 255 255 255 0 0 0 0 0 255 255
    255 0 255 255 0 0 255 0 0 255 80 255 0 255 133 0 0 255 170 255 0 0
    146 255 0 255 0 0 0 255 0 0 0 255 0 255 171 255 255 0 160 0 255 255
    255 255 255 0 0 0 238 2 2 0 0 255 255 255 255 0 255 0 255 0 0 0 255
    255 0 0 255 87 0 7 248 255 0 139 255 57 255 255 0 255 0 255 0 0 0 0
    40 255 255 255 255 0 255 0 255 0 147 255 233 0 255 255 255 85 0 0
    255 0 0 255 255 255 0 143 255 255 255 255 255 0 255 80 0 194 0 255
    255 0 255 255 255 0 0 0 224 0 255 0 5 255 255 255 0 0 0 255 255 255
    255 17 0 255 255 255 0 149 167 0 255 0 0 255 255 0 255 0 255 0 40
    255 0 0 255 255 255 180 120 255 255 114 0 227 0 0 142 0 50 255 255
    255 0 0 0 255 255 0 255 255 255 255 98 0 0 141 255 255 255 255 132
    255 255 0 0 255 58 65 0 0 0 250 255 255 255 209 0 255 255 255 0 155
    128 0 255 255 31 79 0 0 255 146 255 153 255 181 0 0 0 255 255 255
    186 0 0 72 255 0 0 221 0 255 0 255 255 255 0 255 255 255 0 0 0 255 0
    0 0 255 255 255 255 255 0 118 74 0 255 29 255 217 0 0 0 255 255 255
    255 0 0 0 0 255 204 255 0 248 255 0 0 255 0 255 0 255 255 255 0 0
    255 150 0 255 0 14 133 0 0 255 255 0 41 0 0 0 222 255 213 0 0 251 0
    0 0 219 0 255 255 230 0 0 0 0 255 255 255 0 0 0 255 255 255 0 0 155
    51 56 0 255 0 28 0 0 0 255 255 0 255 255 111 0 0 0 0 255 90 255 255
    101 0 0 255 0 255 0 0 0 0 255 255 164 0 255 57 255 255 255 0 0 255
    255 255 0 0 255 255 255 210 255 0 255 255 224 0 0 255 255 122 0 0 0
    255 255 255 0 255 255 0 0 255 204 255 255 255 0 0 0 255 255 255 243
    0 61 0 0 255 0 48 255 255 255 255 0 255 255 146 4 0 158 0 255 0 255
    40 0 0 175 0 255 0 255 255 255 255 0 0 0 255 255 255 40 255 255 0 0
    255 0 255 83 255 0 53 255 255 0 0 5 255 0 0 160 255 0 0 0 255 255
    255 0 0 255 255 255 0 0 0 255 58 0 93 0 255 255 0 255 255 255 0 255
    255 0 0 0 255 255 0 0 255 255 0 0 0 255 255 0 255 255 255 0 6 235 0
    255 0 89 255 16 255 0 0 0 255 135 255 0 0 140 255 255 255 0 0 0 255
    0 255 255 81 0 0 61 255 0 0 0 0 87 255 0 255 0 255 255 0 230 0 255
    255 0 0 0 255 19 255 255 171 152 61 0 0 0 253 255 14 255 255 255 0 0
    0 0 0 255 0 255 0 255 255 255 11 255 255 0 0 0 255 255 255 0 255 0 0
    10 147 0 255 0 241 0 255 255 35 0 158 255 0 201 212 14 255 0 0 0 255
    255 255 154 0 255 42 255 255 67 0 150 255 255 13 0 0 0 0 255 255 0
    255 0 255 255 255 0 255 255 0 0 124 255 255 0 0 172 180 255 255 124
    0 0 255 255 0 0 83 255 255 212 188 255 117 255 255 255 255 37 0 255
    95 255 255 255 0 255 0 255 0 255 0 255 0 255 0 129 35 255 255 255 0
    255 0 0 47 255 255 0 28 255 255 149 0 255 163 255 35 0 0 48 182 172
    255 113 255 255 255 0 0 0 0 0 248 5 255 0 0 93 255 169 243 0 255 255
    0 54 0 0 255 57 255 178 255 255 255 0 0 0 0 255 0 255 0 87 0 255 0
    103 0 255 0 255 255 255 0 0 255 255 255 0 255 255 255 98 255 0 0 141
    0 0 0 255 255 0 0 0 255 0 255 13 0 0 252 15 0 0 255 255 0 0 0 255
    255 255 221 255 0 0 255 255 216 0 255 255 155 255 27 255 0 26 0 255
    0 0 0 255 255 255 0 0 69 212 0 255 0 34 104 255 255 255 0 255 75 0 0
    0 0 0 0 255 255 79 224 226 0 0 255 255 255 0 255 0 225 244 69 144
    255 86 0 0 0 255 255 255 255 0 191 255 195 0 0 0 255 0 0 255 255 59
    0 0 0 255 255 255 0 0 255 0 0 0 255 151 255 5 255 51 0 161 255 13 0
    255 255 0 0 0 255 193 255 243 0 0 255 255 255 0 0 255 70 255 255 255
    0 209 255 244 0 95 0 0 236 255 255 0 0 79 255 255 255 0 255 255 255
    0 20 0 255 139 255 0 186 255 215 0 255 255 0 0 0 255 0 0 0 118 245
    255 255 255 255 0 255 0 0 0 107 0 255 0 0 255 0 255 0 0 196 222 255
    0 116 255 196 184 0 0 255 0 0 0 255 0 151 255 242 81 255 0 255 255
    255 255 255 0 0 0 225 0 0 0 255 0 255 0 0 255 255 255 255 0 21 0 0
    255 255 255 255 163 255 83 0 0 96 255 255 255 255 0 158 0 255 255
    255 0 178 0 255 0 255 107 169 0 0 255 0 255 0 255 255 255 255 0 0
    255 157 255 0 255 255 0 255 0 255 0 0 161 255 255 0 0 0 255 255 99 0
    0 255 0 0 0 255 69 255 111 0 255 0 255 0 0 0 255 43 0 255 0 0 102
    255 255 19 0 255 0 97 255 255 0 0 0 255 255 255 70 255 0 0 0 89 0 0
    255 255 34 0 0 255 166 87 0 255 0 0 0 152 255 0 0 255 193 255 137
    255 0 0 255 255 0 255 228 123 5 255 0 0 0 255 0 0 255 255 65 0 50 0
    255 152 0 0 255 255 42 0 0 0 224 0 255 107 255 255 0 248 0 255 255
    255 255 0 180 0 7 0 255 212 22 0 0 194 167 255 255 0 0 0 255 183 255
    255 255 52 0 0 255 255 255 0 0 0 43 255 255 0 255 255 255 0 92 0 49
    3 0 28 0 0 0 255 0 255 0 255 0 255 255 255 0 33 0 255 0 0 0 140 255
    0 31 255 255 0 38 0 255 255 255 0 0 0 169 92 205 255 0 0 25 255 255
    0 218 86 28 0 0 255 255 246 0 0 0 255 255 0 0 213 1 0 61 255 255 255
    0 0 0 255 0 244 255 218 0 0 41 255 255 0 17 0 0 0 255 59 255 255 0
    195 0 215 255 255 255 0 255 0 255 0 255 255 0 0 255 255 255 255 50 0
    0 0 255 255 255 0 0 0 255 255 0 0 0 255 255 255 0 255 0 255 0 255
    255 255 0 252 255 255 255 0 0 74 255 0 255 0 220 0 0 0 255 255 255 0
    0 255 74 255 0 0 82 255 255 0 255 0 255 0 255 0 0 0 0 79 6 0 0 28
    161 64 0 8 255 141 255 255 0 255 0 255 0 255 0 255 0 255 0 132 0 255
    255 213 173 255 0 131 255 158 0 196 0 255 191 255 0 255 255 0 0 0 0
    0 214 239 255 0 131 0 0 255 255 0 79 255 0 255 60 83 125 0 0 255 0
    255 209 255 8 0 202 0 255 129 133 0 0 255 0 255 0 255 0 255 0 255 0
    255 0 58 0 255 0 0 121 0 0 72 0 192 0 255 253 255 0 52 0 255 255 255
    0 0 114 0 196 232 255 0 255 229 255 255 255 0 0 0 255 0 246 0 0 28 0
    255 0 122 255 9 255 246 0 0 0 255 0 255 0 255 0 211 0 61 255 76 255
    0 0 255 30 87 255 0 255 255 0 0 0 255 0 0 255 255 169 0 232 255 255
    209 0 187 134 255 0 0 255 0 255 255 115 0 79 255 132 44 255 0 229
    255 255 216 253 0 255 255 172 255 0 0 0 255 255 0 255 255 255 0 255
    255 255 0 77 150 4 255 255 223 255 0 255 0 255 255 0 9 0 95 255 255
    255 147 0 0 255 255 0 66 0 0 0 255 255 136 0 0 255 255 0 0 0 0 156
    255 0 0 255 255 105 223 255 255 94 255 255 194 255 255 0 0 47 99 255
    255 255 255 0 0 0 0 255 255 255 255 0 0 0 255 255 255 255 242 0 172
    175 255 0 0 255 0 80 255 225 255 0 0 78 0 255 0 133 156 210 255 255
    255 255 255 255 0 0 0 255 238 255 0 255 194 255 0 0 0 190 255 0 0
    160 0 255 0 16 175 255 28 0 255 0 255 0 255 0 53 255 181 161 0 184 0
    255 255 255 0 0 0 255 0 255 0 129 255 255 162 255 255 0 90 0 131 0 0
    255 0 255 0 0 0 255 144 255 255 0 255 0 255 255 255 0 0 0 0 103 255
    0 179 255 255 255 0 0 182 0 0 255 255 255 255 0 0 29 0 0 0 255 37 1
    203 217 255 0 0 255 255 255 255 0 0 0 255 0 196 113 255 0 0 255 255
    179 0 0 132 255 204 255 255 101 7 0 255 255 0 0 0 142 255 0 0 0 240
    0 255 0 255 0 255 255 0 255 0 255 0 255 0 255 255 0 207 255 0 0 0 0
    0 255 255 0 255 255 241 0 0 0 0 255 255 0 0 255 92 209 255 255 255
    255 46 2 255 255 255 0 12 149 255 255 0 0 0 0 0 255 124 255 255 248
    255 0 0 4 0 0 255 255 188 172 255 130 255 255 0 215 255 0 0 0 255 0
    75 0 0 0 255 0 255 255 81 66 0 255 0 255 185 255 255 144 255 255 255
    0 255 86 255 255 111 255 255 159 0 0 0 255 255 255 58 16 0 0 0 255 0
    255 0 255 252 255 0 0 0 255 40 211 255 255 255 0 255 146 255 255 255
    214 89 255 123 0 255 0 255 0 255 58 0 0 0 255 255 255 255 60 0 0 255
    83 222 0 255 88 177 0 0 255 255 255 0 10 255 0 255 255 255 132 0 0
    169 0 84 255 255 255 0 0 0 255 0 255 8 255 255 0 255 0 0 142 68 0 0
    255 0 0 0 0 255 255 255 255 255 0 0 0 255 255 45 0 0 224 255 255 255
    0 0 255 255 255 0 0 5 255 255 255 255 0 255 0 255 202 255 0 0 255
    255 0 255 255 0 0 0 0 255 0 255 0 255 255 0 0 0 0 255 0 255 255 255
    0 0 0 255 0 255 138 255 255 255 0 0 0 255 0 0 0 255 255 0 255 0 78
    172 0 255 255 255 0 133 145 0 87 255 0 255 255 255 0 255 0 0 0 0 255
    0 55 0 0 255 220 255 255 255 0 0 0 255 255 255 255 255 0 255 0 99 0
    46 255 255 0 0 255 212 57 0 0 0 255 255 255 0 198 255 0 170 0 255
    255 0 41 255 192 255 255 20 255 0 255 3 255 0 255 255 255 255 0 156
    0 69 255 255 0 0 255 255 0 0 123 255 122 255 255 35 255 71 0 255 255
    255 0 46 0 0 0 255 0 255 0 0 0 255 255 0 255 255 0 255 0 0 255 145
    255 0 255 0 255 255 144 0 0 0 0 82 255 0 255 0 0 255 70 255 102 91
    255 0 0 0 255 255 0 255 0 52 0 255 255 0 95 255 255 0 175 0 255 1 18
    0 0 255 255 106 0 0 255 255 255 0 0 255 0 255 66 255 255 0 255 255
    255 156 0 255 0 255 255 90 0 0 255 78 0 0 255 0 156 255 141 192 0 0
    255 0 0 255 255 255 173 0 0 0 0 191 0 0 255 255 255 255 0 247 0 0
    255 0 255 0 85 0 255 255 0 0 255 255 255 0 255 0 125 255 0 0 0 255 0
    178 255 255 255 0 0 0 255 255 255 214 255 255 0 0 0 0 255 0 255 0 0
    0 0 255 255 255 158 0 58 0 0 255 0 0 0 201 255 205 84 255 0 255 0
    255 255 248 0 41 175 43 150 255 0 0 0 255 0 255 0 0 0 0 255 255 255
    0 255 255 255 255 255 255 255 0 0 255 255 0 0 0 255 255 164 255 145
    255 0 83 0 255 0 255 0 0 255 255 255 255 0 0 0 0 216 255 0 247 0 255
    0 255 0 255 0 255 53 255 255 0 0 153 91 13 10 255 255 0 255 255 255
    255 0 0 255 0 255 0 251 0 255 255 255 0 0 0 0 101 160 149 0 255 0 0
    0 255 255 255 0 0 129 0 255 255 255 208 0 0 0 186 255 255 53 255 0 0
    255 138 255 0 255 255 255 255 0 100 39 0 140 168 255 0 0 0 255 0 0 0
    127 255 0 56 0 255 247 49 255 143 47 0 255 0 0 255 0 55 0 255 0 255
    0 255 0 255 155 255 0 255 178 255 255 255 255 99 9 255 0 255 186 255
    0 0 0 0 162 86 0 255 255 161 255 0 0 83 255 255 0 0 0 255 255 73 109
    14 0 0 255 0 255 255 164 0 255 0 0 255 0 255 0 255 0 0 255 0 206 0
    255 0 255 255 255 0 0 136 255 201 144 0 0 255 243 255 38 0 0 74 2
    255 0 0 0 0 0 255 255 255 0 0 109 255 0 255 20 255 0 144 0 89 255
    255 0 0 0 209 0 255 0 0 255 0 0 0 149 255 255 255 255 247 0 0 255 0
    0 0 235 255 205 0 255 73 255 255 0 197 0 41 255 255 0 255 0 255 81
    255 0 255 255 0 28 0 255 0 255 0 0 0 255 0 255 0 0 88 0 255 186 200
    0 155 0 255 255 255 255 0 165 0 255 100 0 0 255 255 255 0 0 0 255
    255 0 0 255 255 255 0 255 0 129 0 0 255 141 255 0 255 112 255 0 0 0
    216 108 255 0 233 0 10 255 0 255 126 255 0 0 0 255 255 0 99 0 255
    255 0 255 87 255 255 255 0 109 0 255 0 255 0 0 255 255 255 255 0 0
    138 255 0 255 0 99 0 0 255 1 56 0 0 255 207 255 255 255 255 0 0 0
    255 0 0 0 0 255 0 255 0 255 255 36 255 255 0 255 0 0 0 0 220 122 255
    161 255 0 255 169 255 255 255 0 0 198 255 167 255 158 255 0 0 0 0 66
    0 0 255 255 0 81 212 255 255 255 0 255 0 255 0 0 0 0 255 255 28 255
    255 92 255 0 0 0 0 255 255 0 0 255 255 0 168 0 255 0 255 0 0 255 255
    255 0 0 255 255 255 0 255 255 0 174 134 255 0 176 0 0 0 255 0 0 0
    255 154 255 255 255 0 149 0 255 0 0 255 255 102 0 0 0 59 255 255 0
    48 0 255 255 255 0 0 30 255 110 255 255 0 0 255 0 0 215 0 255 193 0
    0 65 255 255 0 0 255 255 129 255 0 255 0 0 80 255 0 160 255 255 255
    255 0 255 0 255 0 255 0 255 255 255 255 0 227 0 0 255 0 0 0 0 255 0
    113 0 0 0 53 75 232 139 255 29 0 0 0 255 255 255 255 0 0 178 255 9
    255 0 255 255 0 0 75 0 255 0 255 230 0 0 0 153 255 0 46 255 255 199
    0 0 0 0 255 65 63 0 255 116 0 166 0 255 255 46 182 161 0 255 61 255
    0 255 37 0 0 0 0 255 0 255 0 0 255 0 180 0 255 255 255 0 0 223 163
    255 255 255 0 255 255 255 0 0 102 255 43 255 255 155 0 0 255 255 255
    255 108 255 0 255 255 0 11 0 0 0 255 255 255 0 0 0 255 255 255 221
    255 92 0 255 255 0 0 0 232 0 255 29 0 255 255 255 0 156 0 0 146 255
    126 255 255 255 0 238 0 255 0 220 255 0 0 0 0 255 255 110 255 45 0 0
    0 255 255 255 0 255 0 0 0 0 255 0 255 255 255 248 255 255 0 0 255 0
    255 255 0 0 0 0 255 0 0 0 0 70 71 255 131 0 0 255 255 255 0 239 255
    255 255 0 0 0 163 0 255 255 0 255 0 0 80 255 255 0 255 0 0 101 0 255
    227 0 0 0 255 255 137 0 0 0 0 104 255 255 171 0 0 56 255 0 0 105 255
    255 0 255 0 255 0 3 0 255 0 255 255 44 255 34 0 0 255 255 255 255
    255 23 0 255 77 0 255 150 0 0 163 60 0 0 253 255 0 0 0 0 180 0 255
    255 0 0 0 255 87 182 155 0 255 255 255 0 255 204 153 0 0 0 255 255 0
    0 130 0 255 0 255 255 235 93 0 255 88 231 0 0 0 255 202 0 255 26 255
    255 255 0 0 0 255 255 0 255 255 255 255 255 207 0 71 255 0 0 0 255
    255 255 255 121 0 255 255 255 0 216 0 0 79 255 255 0 0 245 0 255 0 0
    0 143 255 0 255 0 0 151 0 255 176 255 255 255 174 255 145 38 0 255
    255 0 242 255 26 255 255 0 71 0 255 0 0 255 255 255 69 0 210 255 0 0
    0 0 159 255 0 0 255 255 175 0 91 0 255 255 255 0 84 255 0 255 0 220
    0 255 255 255 0 255 86 255 255 136 0 0 255 98 255 255 254 56 0 0 0
    255 255 0 189 83 255 233 233 255 17 0 81 255 255 43 0 0 0 255 0 211
    255 45 255 255 255 0 0 0 0 147 255 255 255 0 0 155 0 188 192 0 0 255
    255 24 255 255 48 255 0 255 11 0 255 255 255 255 255 0 255 0 110 255
    255 0 255 255 105 0 0 255 255 255 255 255 22 39 0 0 165 24 255 255 0
    196 249 0 255 255 255 255 255 241 255 0 0 0 255 0 0 0 0 255 255 255
    0 0 0 74 254 255 0 97 0 255 0 0 0 0 0 255 159 255 0 6 255 0 255 0
    255 100 255 0 250 0 255 34 255 0 69 0 255 87 0 0 168 255 255 255 255
    62 255 0 255 28 241 66 175 255 0 255 255 200 255 0 255 255 255 255 0
    0 255 255 0 255 76 172 42 0 255 166 168 255 0 255 0 255 139 0 0 0
    255 241 255 0 255 0 147 0 255 255 255 255 221 230 0 255 94 255 0 255
    0 0 255 255 255 126 255 0 91 255 24 255 0 255 255 255 0 0 0 255 255
    255 255 255 255 0 255 0 255 0 0 0 255 255 202 255 204 26 0 0 255 190
    255 255 0 0 0 0 178 255 0 255 0 24 0 255 0 0 0 255 78 215 217 255 0
    255 0 255 255 19 255 0 0 0 0 255 255 255 255 255 0 0 0 255 0 255 59
    255 0 255 0 255 0 255 245 0 255 0 0 255 255 0 0 0 255 127 218 0 255
    213 255 0 255 0 255 255 0 0 255 198 255 130 0 0 204 0 255 0 255 0
    255 0 0 115 203 255 0 0 255 221 255 132 0 232 255 2 255 255 255 23
    255 0 44 0 255 255 255 0 0 255 147 255 255 0 255 0 255 0 189 0 0 0
    255 134 0 0 255 35 0 0 255 255 0 0 0 255 0 255 0 255 0 255 203 0 255
    234 255 0 0 255 0 255 0 0 0 171 255 255 255 0 0 0 255 0 255 68 127 0
    255 0 255 0 255 255 155 0 0 0 255 191 217 255 255 0 0 255 255 255 0
    82 0 125 255 0 0 255 0 156 0 255 255 183 201 0 0 219 255 255 255 20
    0 255 159 0 0 91 255 0 255 255 0 255 205 0 0 0 0 0 166 255 255 255
    84 0 0 121 255 255 255 0 0 0 255 255 0 0 245 255 0 0 0 255 255 255 0
    0 0 75 255 0 255 255 255 0 245 0 255 0 240 255 255 244 0 37 255 255
    0 99 213 158 0 0 255 255 197 0 0 255 255 0 255 255 219 196 0 227 255
    255 0 254 255 0 0 255 0 0 255 188 255 255 0 0 0 0 255 255 0 0 0 93
    255 255 183 248 255 255 71 255 0 255 0 0 0 255 203 255 255 236 143 0
    0 255 255 255 0 36 255 255 31 255 0 255 255 255 199 0 0 154 0 255
    220 0 255 0 244 255 255 255 48 0 255 255 0 108 255 0 0 0 0 0 226 255
    255 0 54 0 255 120 255 35 0 0 255 165 173 0 255 255 173 21 177 255
    124 255 0 0 0 53 255 255 0 255 142 255 255 59 255 255 0 0 140 255
    255 0 255 218 255 255 255 0 255 0 255 255 0 255 84 255 0 0 255 0 0 0
    101 0 255 0 0 0 0 255 0 255 255 255 255 0 0 255 0 230 255 211 0 0
    206 0 255 255 0 0 255 255 169 1 0 214 254 255 81 0 181 0 0 255 0 0
    255 0 255 0 30 255 143 48 0 34 0 255 0 0 0 0 255 255 255 0 0 255 0
    146 0 255 255 0 96 0 65 255 76 0 0 116 255 173 0 0 0 0 255 125 137
    255 0 255 0 0 0 0 168 163 255 0 255 0 0 131 255 0 255 126 0 131 0 0
    0 255 0 90 0 255 3 63 0 255 255 255 209 0 0 0 255 255 0 0 255 0 136
    0 0 0 183 255 0 0 77 50 255 255 255 255 255 0 0 255 0 255 0 255 0 0
    255 255 243 243 255 255 74 0 0 0 255 255 255 255 0 0 255 166 0 176 0
    83 255 21 255 0 255 255 255 0 24 0 0 255 255 255 86 197 0 0 255 255
    0 0 0 255 255 255 64 255 0 255 0 255 255 255 0 0 0 255 0 255 0 255 0
    255 0 0 0 255 0 21 255 255 255 255 0 0 0 0 0 0 0 255 255 64 0 0 255
    255 0 79 255 255 208 19 255 0 0 255 255 255 255 27 0 0 0 255 170 255
    212 0 0 0 255 0 255 0 0 0 0 255 0 255 0 0 0 0 255 0 255 82 255 222
    88 255 115 255 0 0 0 150 0 0 255 255 255 0 255 0 255 255 0 0 255 255
    255 3 0 0 255 255 8 0 255 50 255 217 255 255 255 0 255 255 255 0 0
    136 255 255 255 137 0 0 255 255 255 108 0 0 49 255 255 0 0 255 186
    255 255 179 22 0 0 255 0 177 255 221 255 181 255 255 255 214 0 255 0
    0 0 216 255 78 255 47 0 0 0 255 255 47 0 0 9 255 255 255 0 0 255 255
    255 255 0 0 50 255 255 255 0 0 0 255 255 98 0 255 255 0 255 0 0 255
    255 162 255 0 0 255 255 255 255 0 0 0 255 255 255 255 0 255 0 255 2
    255 255 104 255 150 255 255 220 0 0 112 255 0 0 0 255 255 255 0 255
    0 255 0 0 0 0 255 255 255 50 255 255 0 255 0 0 0 0 97 212 241 0 255
    0 15 0 255 255 255 255 255 138 0 255 159 255 0 0 114 255 255 0 0 255
    240 255 0 214 0 0 255 114 255 0 148 0 0 255 255 255 0 0 255 0 0 0
    255 59 167 255 0 0 255 0 0 255 255 0 0 0 255 255 255 0 255 255 255
    166 0 255 255 255 255 0 255 255 255 255 0 0 0 113 255 42 0 0 0 255 0
    19 0 255 255 255 0 255 0 255 255 255 255 251 255 0 0 0 255 0 255 0
    255 0 0 53 212 0 24 0 255 255 104 0 0 237 255 255 0 0 255 255 0 7 0
    0 0 0 255 255 0 0 0 255 255 0 0 0 0 255 255 0 0 0 0 255 255 0 255
    255 255 0 0 200 255 255 255 0 5 0 0 72 255 255 41 255 255 13 0 114 0
    35 0 255 255 255 0 0 0 245 255 0 255 81 0 255 0 0 0 0 255 255 0 144
    0 225 255 0 168 255 0 0 0 255 255 255 0 255 187 0 0 175 255 255 255
    0 255 255 255 255 255 0 75 0 57 0 255 0 255 196 56 0 28 255 42 48 0
    255 0 0 178 255 0 255 0 143 0 0 255 0 255 0 255 255 138 0 0 141 255
    0 0 255 196 38 255 0 255 0 255 212 0 0 230 165 0 0 255 0 0 0 255 55
    255 126 255 255 0 255 0 0 125 0 255 255 0 0 255 255 255 255 0 255
    197 0 255 255 255 0 255 255 66 0 0 255 160 0 255 174 255 0 0 255 255
    0 0 163 0 0 0 255 255 255 0 255 0 255 255 255 179 0 0 0 255 0 255
    255 255 255 255 0 0 0 255 255 151 255 255 255 255 255 121 255 0 255
    255 255 109 104 0 99 0 255 0 147 0 255 0 0 255 255 142 255 0 216 10
    29 255 255 255 163 0 0 0 0 37 255 255 0 255 61 151 255 255 0 0 0 255
    0 0 0 255 0 224 0 0 255 0 255 255 255 0 0 101 111 0 0 0 255 255 0 0
    255 255 0 0 0 255 255 255 0 0 0 0 0 0 0 255 255 0 0 0 0 0 255 255
    255 0 255 255 229 229 255 0 0 108 0 0 123 255 0 0 0 119 0 0 0 3 209
    255 255 255 255 159 0 255 0 0 0 0 0 235 255 0 255 0 2 255 255 77 34
    0 0 255 255 255 255 0 255 112 122 167 0 0 183 255 187 255 60 255 0
    255 0 255 246 0 0 0 255 0 208 92 255 104 255 129 90 78 179 0 0 0 0
    255 255 0 0 0 0 255 255 255 0 255 0 255 0 255 255 255 0 0 0 255 0 0
    255 24 255 0 255 0 255 0 0 0 255 255 255 0 255 255 255 0 0 0 255 0
    72 0 0 255 42 255 0 91 255 255 255 0 39 255 255 255 21 0 0 99 0 0 0
    155 255 255 255 215 129 177 0 255 255 0 0 255 255 0 255 255 0 0 0
    255 255 0 255 0 220 255 21 255 0 255 0 255 139 255 0 209 0 0 0 0 255
    0 255 0 255 205 0 0 0 0 119 0 0 113 0 255 150 0 255 255 255 0 160 0
    255 0 0 255 255 0 0 37 153 255 255 0 255 0 255 255 0 255 0 255 0 255
    255 255 0 0 255 255 0 0 0 202 255 255 0 0 0 255 0 255 255 0 255 0
    255 0 0 24 0 119 255 81 0 0 255 255 0 0 255 255 238 114 0 255 0 190
    0 255 255 80 255 195 0 0 255 0 255 0 255 0 219 0 255 0 0 224 255 255
    0 151 255 194 48 0 255 104 255 0 0 255 255 255 255 0 0 234 255 0 255
    0 55 255 0 46 255 255 255 255 0 0 255 92 115 92 0 0 255 0 255 95 255
    255 255 255 208 2 0 0 255 0 0 0 255 255 255 64 0 0 255 255 255 255
    47 0 0 26 255 0 0 0 255 0 0 255 255 255 0 255 0 255 0 0 255 0 0 0
    255 81 255 255 255 0 0 136 255 209 0 0 0 255 255 255 255 0 0 217 255
    255 174 0 0 0 255 255 255 0 255 0 0 228 95 255 0 0 0 255 0 245 255
    255 255 255 255 112 0 0 255 33 255 191 255 0 128 0 255 66 255 0 255
    0 255 0 0 0 255 0 255 0 255 0 0 0 255 255 73 0 0 255 255 255 59 255
    0 255 255 255 255 240 0 255 68 55 0 157 255 0 255 255 255 255 255
    255 0 255 0 75 58 255 255 137 255 230 93 0 255 18 0 255 139 255 0 0
    0 255 49 10 0 0 0 0 255 255 255 255 255 0 0 255 255 250 255 0 24 0
    255 255 0 0 114 255 0 0 0 255 255 255 0 42 255 255 0 0 0 255 255 255
    0 255 0 255 0 255 0 41 255 255 255 0 129 255 255 0 0 26 255 0 0 255
    255 73 255 137 255 213 255 0 12 0 162 0 0 0 255 0 255 34 190 255 94
    0 0 154 0 27 146 135 255 0 255 255 255 0 0 0 255 255 255 255 255 0 0
    255 243 36 0 93 0 0 255 255 255 0 255 234 0 0 242 236 27 255 0 255
    255 255 255 0 255 0 0 255 44 255 0 255 202 0 78 127 255 198 149 203
    0 0 0 255 255 255 0 0 83 255 0 255 0 255 255 255 255 255 162 0 0 0 0
    255 0 133 255 61 0 0 189 255 255 0 255 0 106 0 255 0 255 0 0 0 255 0
    255 0 255 7 255 0 148 255 255 255 0 0 132 255 127 255 255 0 255 255
    245 103 0 255 255 255 255 0 55 0 255 0 0 255 255 170 255 147 138 0 0
    255 75 255 255 238 0 255 0 255 0 255 0 0 255 255 255 255 0 0 0 187
    255 0 255 255 255 0 255 255 0 255 255 70 143 0 255 255 0 0 107 255
    255 255 255 0 0 255 0 255 113 0 255 67 255 255 255 0 0 255 0 255 0
    255 255 255 255 0 0 63 255 0 0 0 255 255 255 0 0 255 0 255 237 0 0 0
    0 255 0 255 255 255 0 255 0 255 0 255 0 0 32 255 255 0 0 0 0 168 255
    255 0 0 255 0 35 0 255 255 255 20 0 255 77 255 0 83 255 255 0 0 0 0
    255 135 0 255 0 255 0 96 243 255 255 255 255 0 86 255 255 255 0 0 0
    255 171 255 255 234 255 255 0 164 0 255 68 255 0 0 0 0 0 94 0 0 0
    255 255 255 24 0 76 0 255 255 255 0 0 255 255 255 255 0 0 0 255 255
    227 0 16 255 241 157 255 0 255 67 58 255 0 255 0 0 255 255 228 255
    47 255 255 0 255 0 0 16 0 0 0 255 0 255 0 255 140 255 0 255 212 255
    255 0 0 2 255 255 0 0 255 129 255 0 0 0 252 0 0 231 0 255 255 255 68
    15 219 0 255 255 255 0 0 0 255 255 0 54 0 119 83 0 255 0 255 0 0 0
    255 255 115 0 223 0 255 0 0 0 255 255 120 54 0 235 0 0 255 0 255 254
    255 205 0 255 255 255 0 255 255 255 0 10 0 0 0 255 255 224 0 0 97
    201 255 0 0 113 0 154 108 0 0 0 0 255 118 255 255 255 0 38 0 255 255
    255 0 255 0 0 0 197 255 255 255 0 0 255 255 64 111 255 255 255 0 255
    106 255 0 0 0 255 255 255 0 0 0 255 0 25 255 255 0 0 0 255 191 255
    255 0 0 255 255 255 255 54 0 0 19 255 255 0 0 63 138 0 0 0 255 0 0
    255 255 194 0 255 122 255 0 255 255 255 0 0 0 255 161 255 0 201 0
    255 0 0 255 0 208 0 255 255 0 0 255 255 0 139 255 0 0 0 255 255 49
    33 0 0 255 201 255 0 0 0 0 18 255 255 255 191 255 0 255 0 209 0 77
    255 255 255 0 154 0 255 255 255 0 0 0 255 255 0 255 0 149 255 0 82 0
    0 255 255 255 0 80 0 255 0 0 255 255 255 33 255 0 255 0 171 0 0 213
    255 0 136 68 0 0 195 255 255 66 0 255 0 255 0 255 255 81 0 0 0 255 0
    9 255 19 20 178 255 0 255 0 0 255 255 255 0 255 0 255 0 0 255 255 47
    0 0 0 255 0 0 0 0 172 255 197 0 255 0 255 138 0 0 0 204 0 0 0 255
    255 255 0 255 144 255 0 0 0 255 0 0 48 255 255 241 255 0 255 0 127
    255 255 255 0 0 51 0 183 184 255 255 255 255 0 122 0 255 0 21 0 0 0
    0 255 0 255 255 255 0 0 255 255 255 122 0 0 0 255 255 255 223 255
    255 0 0 0 0 221 0 255 0 0 255 83 0 0 0 0 0 255 255 255 0 166 0 255
    114 0 0 0 0 255 146 212 0 37 255 255 0 107 42 0 0 0 187 255 255 0
    255 128 255 9 255 255 0 0 95 255 255 255 0 0 255 255 255 0 96 0 0
    255 255 0 0 0 255 0 255 255 255 0 0 198 45 233 255 255 255 255 0 0 0
    0 255 0 255 255 0 255 0 255 0 0 255 214 0 255 255 255 0 0 255 126 0
    238 255 255 0 0 0 0 255 255 0 0 0 255 0 255 255 255 0 0 0 255 0 255
    0 208 220 255 88 0 255 0 206 255 0 67 255 0 255 73 255 255 255 26
    157 0 0 0 255 0 0 255 255 255 163 0 0 156 0 0 168 255 255 255 0 248
    0 0 0 0 0 255 255 0 0 0 255 43 5 0 255 0 0 255 255 149 0 255 255 255
    0 255 0 0 255 255 255 255 255 255 0 255 0 255 0 255 26 82 0 0 255 0
    0 255 255 0 255 0 0 0 0 255 255 0 0 255 255 255 0 0 176 255 112 84
    255 255</data></your_img>
</opencv_storage>
