<?xml version="1.0"?>
<opencv_storage>
<filter_type>0</filter_type>
<only_luma>0</only_luma>
<r1>1</r1>
<r2>2</r2>
<L2_diff>1.1361324746700975e+03</L2_diff>
<test_img type_id="opencv-matrix">
  <rows>128</rows>
  <cols>256</cols>
  <dt>u</dt>
  <data>
    100 99 208 203 147 165 4 46 41 168 7 133 243 81 11 111 191 135 239
    202 152 160 137 106 230 88 173 236 165 31 16 96 202 147 251 131 174
    75 216 221 240 163 133 255 190 174 206 88 251 8 49 110 79 161 70 248
    123 163 111 168 129 217 155 20 13 61 72 53 139 126 157 182 246 222
    246 9 155 161 125 187 168 224 53 223 145 223 35 77 234 68 254 55 101
    9 249 116 241 156 131 62 14 140 146 223 40 221 243 171 204 110 178
    11 193 9 196 0 80 197 68 65 29 191 107 52 116 118 139 22 120 216 162
    137 123 140 119 245 212 227 187 17 194 121 166 185 99 48 135 153 156
    106 98 203 162 120 87 242 130 15 41 176 57 159 152 110 130 168 99
    105 172 23 76 123 66 20 167 23 240 142 42 237 68 28 240 124 90 90 7
    119 83 224 135 99 161 116 232 126 140 23 82 230 193 172 212 164 168
    240 244 9 7 54 209 181 138 145 113 31 142 190 253 86 167 41 10 26 57
    144 245 78 39 248 164 219 55 55 147 134 30 160 161 227 244 202 29 95
    124 57 111 107 150 156 83 215 123 121 234 255 96 160 54 138 37 231
    241 245 185 122 248 103 212 147 48 129 139 55 15 251 146 248 142 129
    98 19 25 233 240 60 58 0 129 51 241 232 126 95 78 5 75 204 226 245
    199 56 119 67 159 196 6 109 168 94 218 140 226 55 52 104 194 0 219
    124 225 112 163 22 185 126 123 79 143 110 79 90 125 239 31 73 121 1
    51 148 225 228 63 95 26 15 23 73 81 32 129 9 191 5 90 1 57 136 245
    88 120 232 155 44 126 95 201 212 192 137 15 235 226 101 120 229 9
    162 169 108 117 67 6 79 84 30 127 221 190 77 255 242 198 128 149 65
    227 23 1 205 200 201 189 118 136 11 118 55 111 77 175 218 3 10 228
    33 224 133 148 181 174 40 144 154 73 184 67 12 137 90 194 82 74 40
    54 112 113 246 40 62 47 147 134 207 180 255 4 35 5 90 158 99 176 246
    47 66 151 196 47 184 73 237 59 148 79 97 173 198 13 28 151 217 78 71
    156 47 151 54 224 58 219 181 50 231 100 148 75 198 0 215 36 62 18
    183 223 85 24 48 58 152 144 37 13 220 109 55 24 0 4 138 151 111 217
    107 94 205 164 144 2 184 146 100 139 109 165 111 180 17 143 84 14 52
    255 200 158 251 138 60 42 237 134 219 5 35 8 9 21 94 248 202 62 234
    2 130 53 253 199 174 2 103 217 80 53 208 78 46 164 65 10 45 107 205
    12 238 183 125 242 160 100 6 247 46 163 175 205 107 133 212 156 15
    171 175 148 207 49 201 246 141 253 62 204 191 113 134 67 156 230 77
    109 127 76 24 135 210 161 199 241 141 133 15 107 240 0 105 143 254
    100 88 88 39 103 21 24 75 158 254 183 113 226 248 90 154 195 133 177
    211 211 251 84 84 105 211 233 86 153 18 130 226 242 238 52 70 28 3
    173 79 195 156 238 44 8 222 49 209 71 12 90 4 18 11 153 150 113 180
    232 62 16 76 183 228 8 43 132 70 151 249 143 18 101 164 175 95 89
    141 74 8 250 200 67 133 64 206 238 24 111 120 17 150 142 37 192 225
    146 118 127 127 181 33 173 190 161 92 250 133 81 208 31 138 88 44
    168 240 130 200 80 31 135 156 14 168 131 85 177 162 93 196 51 133 14
    182 156 65 12 168 35 9 201 67 245 95 245 46 31 8 184 240 184 163 126
    199 120 111 248 55 163 214 203 178 37 243 90 192 181 139 17 11 107
    48 201 171 31 2 166 32 22 130 132 173 102 126 142 120 190 182 207 99
    148 129 114 183 139 59 203 22 28 110 16 125 156 167 55 140 48 194
    168 216 48 200 120 139 88 131 11 190 13 180 37 250 26 69 151 249 126
    55 154 99 167 60 134 49 197 2 98 238 165 152 103 237 120 190 216 165
    231 252 222 81 11 63 47 20 251 1 83 138 80 233 89 57 252 182 143 115
    46 231 1 119 35 168 219 70 213 105 158 114 172 215 62 101 146 200 85
    100 69 62 6 70 237 15 154 178 53 169 103 85 130 147 184 21 141 154
    16 202 59 192 45 6 73 113 151 41 186 129 174 207 94 1 23 222 162 225
    243 193 60 189 3 50 251 224 43 212 101 220 252 247 198 181 181 91
    105 8 153 86 101 172 0 179 65 124 134 217 246 246 225 186 59 236 206
    152 117 56 46 253 117 190 156 148 150 38 21 152 111 40 198 125 194
    166 43 154 44 165 230 90 167 237 54 154 118 207 75 224 3 34 198 7
    135 119 34 13 254 189 84 17 71 74 7 81 99 190 73 28 247 216 113 176
    45 112 145 179 56 195 60 32 31 163 199 186 193 52 197 203 243 87 185
    225 246 231 166 80 192 162 166 242 125 68 232 70 110 134 159 117 61
    91 12 51 96 209 214 195 237 233 124 113 184 98 147 164 115 31 68 102
    17 59 183 27 118 50 90 85 165 248 243 12 140 8 15 54 101 7 232 179
    214 75 51 160 57 11 116 192 75 215 63 251 208 123 213 222 154 84 12
    47 181 216 46 117 68 14 205 139 116 64 229 150 230 163 254 80 56 204
    65 91 247 94 222 210 251 144 176 58 27 93 55 53 170 168 185 199 12
    36 235 254 209 91 193 36 147 82 177 61 127 125 173 217 117 18 99 190
    13 239 226 117 109 123 33 130 75 1 46 114 21 182 241 183 145 18 191
    62 180 128 179 19 81 70 237 120 164 215 127 84 179 165 2 36 12 119
    44 239 146 197 165 152 128 121 189 8 64 162 233 23 55 206 24 63 19
    148 112 45 7 201 133 101 1 223 192 32 252 214 119 25 4 206 152 126
    196 254 81 181 208 31 185 215 65 2 141 8 96 250 144 52 242 159 103
    196 4 76 110 190 150 136 37 107 81 88 221 88 44 170 162 173 32 24 42
    135 79 228 57 39 28 183 16 38 177 198 100 73 36 212 62 89 21 2 134
    36 82 42 192 113 84 58 120 191 147 22 59 34 233 155 226 223 193 233
    173 152 245 186 202 143 227 84 145 242 128 25 206 4 216 88 162 21
    185 217 131 194 157 173 218 119 192 99 241 205 223 170 122 101 108
    192 116 67 51 62 245 37 59 245 152 74 153 95 35 183 11 141 87 220
    152 96 67 134 93 237 15 40 188 192 127 189 181 148 163 131 136 124
    51 15 143 133 74 102 199 40 126 69 18 18 221 180 35 23 113 180 63 98
    93 17 132 111 31 175 8 43 173 97 212 150 49 201 95 209 39 230 221
    197 0 181 77 193 30 7 232 228 108 5 166 55 198 110 34 52 96 130 223
    162 180 123 84 20 89 75 96 230 248 60 132 19 129 157 44 7 51 250 82
    86 84 126 129 119 122 45 75 137 63 254 110 68 34 30 76 183 107 203
    90 53 4 115 74 155 52 53 28 61 218 194 15 90 164 95 224 251 227 185
    113 92 46 198 112 50 161 151 2 68 139 236 69 34 69 88 93 129 80 91
    255 216 167 246 107 176 198 82 32 242 128 19 20 207 208 134 158 145
    18 109 82 116 167 217 9 64 121 188 115 24 199 141 72 142 76 171 88
    97 55 153 98 105 147 65 9 154 52 5 23 138 109 107 20 137 99 215 18
    206 254 107 82 196 240 184 82 246 58 126 48 94 20 125 216 157 112
    235 21 102 227 80 136 128 214 116 118 239 253 51 29 183 220 234 183
    61 253 225 183 38 139 30 176 144 150 171 113 20 196 38 4 216 195 125
    54 137 195 212 57 27 242 123 149 54 85 49 186 251 75 32 51 135 237
    247 11 156 110 87 198 215 202 47 243 204 224 141 238 80 47 128 13 27
    76 82 37 169 239 97 56 5 175 73 234 71 155 119 198 24 234 98 227 148
    111 193 190 223 183 160 243 52 11 62 172 246 144 205 198 94 140 167
    230 154 51 190 41 119 254 243 241 152 141 179 222 25 151 205 37 126
    167 146 58 133 203 42 109 52 245 231 246 244 44 139 122 173 245 75
    251 247 170 97 181 143 1 103 41 107 227 180 13 15 77 126 68 183 112
    183 16 97 124 53 223 151 55 69 11 232 165 207 3 80 11 75 18 108 123
    176 8 185 208 240 167 149 208 19 78 65 164 245 5 176 20 211 233 192
    79 86 96 242 190 52 167 57 131 224 184 223 170 175 48 156 47 25 158
    177 107 255 240 101 51 126 194 93 45 92 206 185 38 162 179 177 114
    242 64 212 125 147 171 46 218 146 83 94 173 207 245 129 20 85 245 49
    189 93 110 161 129 201 132 86 118 165 102 230 247 39 239 13 86 145 1
    5 83 17 241 238 91 136 101 63 26 55 204 91 160 67 41 140 102 20 40
    108 224 235 120 22 56 114 242 24 37 211 54 45 105 154 23 222 161 241
    81 177 154 142 161 227 220 105 78 82 144 21 225 147 81 223 97 240
    167 182 132 57 242 12 5 54 80 230 136 231 206 51 124 94 109 163 26
    233 144 64 176 147 174 187 85 51 219 238 246 119 84 201 176 79 218
    68 196 218 227 252 55 225 128 247 252 106 229 43 126 196 91 211 1
    133 37 84 190 208 26 76 15 208 32 24 217 191 59 167 113 44 83 41 171
    185 105 209 48 48 22 146 198 183 98 112 101 106 80 40 192 172 31 32
    245 225 98 43 37 54 176 1 118 245 255 138 20 88 153 35 86 141 195 68
    50 37 251 137 153 65 46 93 50 49 161 105 239 35 252 91 135 35 254
    223 184 161 22 231 205 33 234 172 165 189 193 21 181 216 48 241 226
    136 90 17 24 201 249 57 138 35 66 170 25 23 130 225 140 204 68 170
    26 254 235 18 250 201 254 93 83 223 238 42 249 235 68 198 119 140
    219 217 233 93 114 3 126 103 98 4 97 106 55 197 245 20 109 76 143 20
    231 106 77 179 71 107 38 28 193 10 85 209 207 62 70 201 106 184 247
    206 36 21 66 183 23 249 80 147 138 4 220 87 158 118 42 225 180 161
    156 205 128 208 75 160 190 74 122 171 20 136 225 13 160 250 163 69
    243 149 41 221 148 237 241 74 215 143 54 42 22 176 87 182 246 177
    222 214 80 46 225 79 117 175 193 233 193 5 172 219 156 95 30 96 253
    25 146 252 42 20 58 56 124 26 83 67 109 44 135 159 105 16 146 73 31
    178 150 184 132 169 189 161 53 92 114 244 137 225 2 108 100 26 23
    123 228 60 117 133 199 104 153 224 62 171 230 43 146 228 73 249 88
    184 199 42 126 138 124 119 53 53 234 34 28 207 162 211 200 115 51
    116 100 253 58 123 176 47 150 76 138 149 30 198 45 170 64 88 204 187
    135 173 226 184 181 113 75 20 125 207 191 254 116 142 44 92 75 81
    105 58 143 42 100 5 219 115 52 44 133 150 249 178 112 18 142 144 218
    34 204 77 68 23 71 75 193 57 243 83 178 102 84 206 60 66 57 186 108
    164 178 159 133 196 185 29 58 182 216 207 220 222 8 18 222 47 57 228
    186 199 221 240 0 164 252 96 64 229 220 194 18 119 21 210 137 218 70
    252 66 84 183 140 82 235 159 5 99 88 226 241 93 13 215 168 137 166 3
    15 139 159 252 86 120 61 85 17 17 19 252 88 229 47 54 47 224 168 72
    196 191 103 13 129 224 231 252 135 123 159 209 170 72 120 0 168 251
    232 229 189 112 56 195 116 31 67 41 42 26 164 108 152 129 224 252
    178 183 164 64 148 29 127 211 72 247 130 81 146 3 142 60 6 168 230
    232 17 116 47 176 77 57 197 37 74 156 169 27 141 34 231 246 90 9 234
    58 99 55 85 59 81 194 61 8 191 40 7 184 23 83 8 12 84 164 146 29 123
    242 157 185 134 107 227 69 209 253 111 167 85 91 188 11 139 99 246
    192 205 4 181 4 186 238 126 177 73 200 157 249 5 248 179 114 159 71
    59 231 37 8 95 12 224 78 50 245 208 212 150 125 198 50 38 9 155 196
    163 233 46 228 113 8 243 51 147 249 214 108 212 229 118 104 17 43 61
    104 252 77 135 48 242 144 138 238 18 87 20 50 129 169 54 151 197 156
    254 234 218 179 175 163 245 43 241 173 94 52 113 215 230 25 123 205
    236 247 87 162 25 21 166 198 155 232 57 3 56 27 254 171 6 158 92 242
    172 62 253 162 92 178 122 68 176 59 118 194 89 54 107 196 160 58 174
    118 70 169 82 47 82 218 0 188 214 8 136 4 205 122 180 251 204 250 97
    117 185 217 25 198 182 7 144 250 7 199 127 114 32 13 168 152 205 5
    140 157 35 26 50 231 101 54 116 87 10 247 159 118 133 192 12 79 198
    74 182 176 245 106 107 233 59 70 54 254 168 106 38 62 78 168 154 62
    223 87 151 120 9 255 122 33 96 234 149 207 9 185 149 227 154 86 235
    212 41 85 70 176 201 226 61 145 219 94 133 205 172 79 161 167 241
    183 188 240 37 41 94 193 55 88 36 217 253 207 148 66 75 240 18 64
    205 9 176 222 61 223 63 6 90 252 199 209 234 21 156 216 250 6 150
    178 53 203 33 184 215 253 31 74 207 99 225 182 139 75 57 174 86 85 0
    231 11 60 32 32 141 30 49 7 10 231 149 130 219 65 163 164 200 208 94
    108 123 107 80 167 82 115 16 167 216 140 170 86 214 85 74 226 77 202
    205 89 0 185 168 83 94 210 55 98 199 187 202 146 77 176 192 127 153
    104 0 11 157 141 0 8 210 93 23 131 159 100 162 182 144 131 129 57
    185 93 122 230 204 232 80 211 10 152 227 84 148 130 16 60 236 213
    225 143 4 125 223 115 162 213 149 35 68 48 179 72 65 37 232 5 133 46
    248 106 179 154 36 120 132 45 9 187 130 8 243 98 202 206 37 151 57
    34 28 122 85 110 238 220 163 171 79 203 102 108 215 187 133 51 151
    231 228 165 182 192 159 120 249 188 108 219 101 77 147 205 169 192
    81 183 92 123 163 175 70 252 127 66 108 201 26 167 213 21 1 85 176
    140 242 22 46 168 159 35 168 2 217 43 143 143 100 44 135 254 39 166
    68 143 67 139 90 199 230 83 207 133 77 76 118 158 19 189 213 208 19
    146 206 89 77 210 190 137 25 88 209 220 244 18 249 0 211 147 60 60
    71 231 102 145 48 23 88 102 128 40 56 210 188 194 153 72 186 195 110
    36 216 129 49 227 102 237 161 92 217 238 139 85 37 13 16 206 92 144
    197 168 255 201 1 109 185 174 153 84 134 23 206 93 12 145 41 73 68
    47 162 155 180 134 75 149 241 133 66 39 65 144 122 65 219 239 163
    146 203 1 141 142 93 178 91 192 56 212 173 128 246 103 44 116 194
    115 66 24 42 84 194 130 133 233 255 191 35 48 213 69 217 222 189 166
    151 112 183 67 4 4 143 52 146 45 202 122 31 205 106 213 157 67 50
    157 177 169 179 30 154 177 162 128 127 36 181 243 208 255 46 18 88
    65 71 67 220 157 87 149 117 238 217 241 213 106 87 81 134 140 172
    136 182 34 240 196 148 188 32 238 177 254 153 125 200 18 252 129 9
    92 32 104 222 116 30 113 20 140 253 105 65 184 176 119 164 51 239
    186 178 69 189 215 42 146 108 235 51 186 78 168 99 119 237 35 189
    227 4 41 97 237 156 196 123 173 147 232 114 12 201 201 213 56 65 3
    236 81 158 113 150 116 25 118 35 17 44 228 67 27 124 134 86 41 36
    186 87 102 249 63 91 195 59 30 211 68 80 196 229 170 254 42 82 154
    194 206 16 24 39 233 0 216 68 110 34 10 80 248 46 138 87 128 96 53
    248 95 207 202 106 91 1 48 155 172 40 90 133 226 8 17 76 2 27 8 48
    78 42 4 226 201 143 75 152 76 88 49 33 199 191 117 79 76 120 236 189
    120 213 131 101 229 217 103 115 118 235 29 133 230 2 45 119 243 0
    145 23 124 31 102 22 145 125 136 84 246 116 75 138 139 219 176 255
    206 171 31 151 44 4 82 246 106 71 49 144 169 57 125 226 178 12 155
    186 64 185 102 171 38 101 91 183 137 153 63 220 196 234 96 101 65 29
    99 236 10 69 125 29 147 28 72 43 221 158 163 32 206 62 47 231 214
    180 122 113 68 213 146 147 241 152 252 85 62 245 108 181 3 141 188
    246 178 36 145 217 106 5 238 7 149 174 116 51 182 252 109 120 219 7
    182 239 6 94 211 77 97 176 139 163 0 111 1 20 132 39 147 69 200 238
    233 76 57 116 42 63 223 63 55 255 47 128 253 82 11 230 134 81 26 94
    106 239 155 153 0 36 4 68 188 128 10 179 141 149 106 30 18 224 80
    123 148 127 188 201 117 25 180 3 153 204 76 42 101 140 93 239 105
    106 210 20 188 167 83 255 68 64 151 206 131 17 23 56 134 5 63 28 148
    69 247 219 145 255 96 210 4 17 156 236 255 68 171 116 100 21 146 178
    8 80 185 12 18 244 81 72 195 42 91 17 53 97 55 163 165 232 160 31 99
    245 33 45 20 149 65 79 81 161 230 176 98 200 46 145 76 243 250 174
    197 41 97 238 215 63 28 172 255 201 220 138 88 124 100 51 46 41 83
    62 222 119 84 124 36 135 185 81 106 208 238 138 85 25 67 17 190 156
    15 186 39 224 184 1 49 8 238 53 58 203 49 166 164 80 27 39 213 245
    197 112 75 30 36 243 108 226 240 0 133 205 83 117 48 13 101 106 252
    79 162 108 166 208 117 57 241 123 124 96 196 102 210 24 176 75 194
    221 207 253 61 5 4 25 143 2 82 224 84 125 164 187 185 94 23 2 183 13
    8 92 121 118 174 95 153 2 167 237 178 248 246 22 131 47 21 242 180
    116 181 85 237 161 68 136 33 252 188 161 195 214 37 239 242 236 91
    88 86 182 174 167 181 79 47 162 147 225 209 57 89 166 225 244 5 142
    29 52 157 182 197 47 39 98 132 142 145 71 13 225 118 103 20 140 70
    67 21 253 45 38 233 1 19 40 93 47 216 63 170 38 130 255 108 125 200
    193 141 3 175 143 82 223 210 126 77 142 28 113 79 5 20 142 186 109
    246 142 77 202 155 156 66 206 230 72 124 71 227 100 169 99 187 211
    208 103 72 93 179 115 123 126 120 251 18 234 21 36 44 25 169 224 212
    41 41 32 50 15 208 177 12 197 126 180 46 236 136 221 182 131 8 249
    79 6 226 149 31 181 51 74 239 34 9 17 59 65 163 155 252 110 164 124
    108 122 72 124 108 180 158 27 188 204 17 243 222 72 235 253 108 32
    182 210 242 213 117 58 52 141 57 189 232 64 87 254 56 220 24 30 240
    194 141 50 122 246 43 98 14 168 20 223 30 224 112 254 92 154 201 166
    236 244 241 141 229 110 251 164 172 110 181 89 218 67 51 39 22 238
    225 148 95 45 83 61 142 62 140 82 178 30 21 166 0 86 140 245 47 241
    202 167 174 88 224 217 77 230 150 74 107 14 47 93 71 152 19 83 95 16
    125 110 49 238 39 14 76 196 223 127 5 63 21 132 229 212 110 54 83 41
    25 185 209 142 44 190 255 155 229 249 218 245 118 178 210 55 179 156
    177 210 83 71 184 24 68 29 133 252 170 20 57 131 113 7 238 237 63
    199 59 36 76 166 157 127 184 196 78 163 116 41 47 252 170 56 200 72
    248 21 30 220 3 192 71 42 246 78 63 100 163 49 140 77 57 32 255 190
    208 80 167 144 4 10 48 119 149 215 1 31 117 23 176 197 221 159 207
    13 44 63 5 4 7 10 219 104 81 45 14 17 89 64 177 42 119 227 63 85 31
    48 37 117 69 222 91 39 201 101 31 13 3 115 56 146 134 81 37 205 28
    229 192 223 158 185 245 158 40 159 61 211 89 23 242 153 140 84 59
    102 57 22 192 243 72 179 66 225 233 72 6 99 88 88 56 208 237 22 12
    74 67 176 147 151 115 215 57 153 59 126 221 90 137 184 146 1 77 66
    236 70 126 228 87 13 187 22 148 18 115 167 136 203 36 19 105 123 254
    114 188 207 17 17 3 210 206 60 89 216 149 2 89 72 99 189 240 11 68
    211 41 90 253 184 165 155 184 232 180 32 101 84 71 89 145 181 254
    206 131 95 108 19 198 100 34 221 114 77 224 159 23 47 52 82 250 156
    241 221 7 184 97 60 171 233 237 14 94 223 74 250 92 64 234 209 60
    153 100 179 141 24 131 138 29 92 70 108 196 27 211 185 24 218 54 4
    174 82 150 0 53 179 192 20 99 68 113 199 236 197 91 104 128 27 155
    167 178 81 100 177 155 201 216 230 131 236 152 75 21 18 136 19 211
    176 200 118 205 40 22 63 166 179 71 30 223 76 77 44 27 51 253 175
    175 74 66 177 189 116 50 35 160 194 132 97 96 18 245 45 177 153 222
    117 206 62 65 39 81 242 212 58 64 183 6 230 104 196 237 230 58 90
    229 236 99 120 15 55 94 212 62 144 104 68 27 119 15 121 253 83 165
    111 232 19 152 132 78 77 255 15 14 87 164 113 116 25 11 10 70 50 6
    193 2 70 166 40 251 77 61 201 69 65 189 17 46 115 194 140 119 5 169
    171 137 117 127 58 167 208 155 222 98 177 153 77 109 228 149 230 241
    45 68 19 204 75 87 196 181 171 155 199 240 226 107 87 64 232 153 61
    184 251 89 105 227 86 224 87 159 111 99 224 150 239 100 13 70 65 26
    174 219 183 123 225 154 106 168 182 206 102 91 138 110 15 38 78 233
    241 176 167 166 198 149 134 65 228 34 131 232 120 35 68 129 182 102
    97 66 64 105 170 86 167 167 122 112 243 172 195 49 155 102 102 2 2
    213 20 74 155 227 1 81 49 91 19 88 54 102 162 36 74 111 145 8 12 92
    116 202 98 63 103 55 245 57 252 100 209 191 72 77 115 170 97 53 30
    190 249 127 251 219 108 161 243 72 49 46 215 63 121 213 17 210 32
    101 239 24 182 157 10 60 163 161 95 171 253 127 148 150 77 234 189
    140 204 18 255 195 34 116 234 20 35 81 127 190 169 2 63 161 59 247
    206 194 197 112 147 65 128 82 194 233 230 202 149 212 41 0 153 220
    68 156 70 89 207 61 215 245 98 249 210 235 200 6 50 10 143 97 122 14
    106 25 150 120 94 32 209 192 225 225 192 227 52 43 60 198 110 11 182
    225 166 91 213 87 174 4 129 41 18 233 215 143 11 84 62 17 0 81 33
    169 109 208 88 125 91 114 231 196 209 187 53 248 20 33 27 233 250
    137 119 13 172 17 153 199 3 88 51 4 32 78 85 87 198 52 126 164 50
    229 192 92 198 71 252 174 31 53 72 57 134 201 173 237 160 211 62 29
    50 89 38 107 190 236 167 131 184 103 198 207 202 123 207 29 148 154
    43 87 76 167 207 203 43 192 10 100 179 195 244 200 129 13 78 115 154
    73 227 189 234 151 13 13 215 160 0 143 246 211 202 189 230 109 26
    222 169 184 45 121 127 42 42 107 252 17 216 112 217 137 84 236 186
    143 112 126 10 245 236 235 62 202 22 82 100 216 35 191 50 135 75 196
    89 171 227 78 250 225 104 65 79 152 130 54 30 77 223 228 242 159 201
    138 168 211 57 15 211 236 9 82 104 163 169 201 170 135 247 192 180
    79 134 25 7 76 125 168 106 28 197 159 207 51 41 201 238 149 132 173
    115 158 204 69 127 17 213 233 209 77 7 34 3 44 144 168 119 97 99 52
    250 58 81 98 233 58 78 39 67 113 132 96 37 218 147 234 25 8 214 59
    113 76 30 53 21 216 147 76 225 16 4 227 32 219 80 218 109 21 234 148
    229 95 245 8 236 241 109 63 248 163 157 48 165 134 27 180 228 209
    228 215 203 161 222 33 25 243 147 181 155 57 201 122 54 122 92 162
    240 254 58 245 86 143 102 63 185 186 103 167 218 227 68 16 178 36
    202 43 239 8 171 105 146 113 106 42 84 192 121 155 232 157 239 5 126
    84 73 24 41 160 77 47 229 41 156 23 129 27 135 165 48 23 142 138 206
    86 216 49 21 3 19 15 112 41 112 59 223 20 150 115 115 109 115 242 92
    194 56 227 211 5 33 179 103 18 207 119 24 229 65 191 19 127 65 9 227
    128 215 23 172 143 25 238 213 204 1 66 232 22 151 237 121 179 220 88
    4 0 51 27 183 90 39 0 61 116 7 239 1 75 103 235 243 184 19 121 165
    140 94 43 80 99 25 44 108 38 36 165 188 199 156 173 89 106 197 80
    184 112 24 140 11 206 38 56 215 170 193 23 71 80 254 91 32 23 125
    145 49 108 233 24 99 97 25 227 194 98 44 167 6 179 227 203 129 180
    182 133 98 1 103 10 99 14 87 6 149 53 106 102 162 158 175 160 254 23
    99 142 251 20 122 117 133 35 186 168 3 45 168 154 156 4 85 179 235
    184 119 186 242 221 235 108 50 104 107 59 38 223 106 89 216 44 113
    198 129 244 160 36 27 54 5 145 179 140 74 74 203 172 0 80 82 222 216
    216 182 219 52 202 190 191 25 139 129 61 255 103 241 172 99 102 11
    248 237 247 27 219 54 204 211 235 240 52 2 132 144 115 78 110 134 6
    52 22 43 99 127 210 100 102 112 161 194 50 184 164 227 221 29 181 24
    174 145 194 79 220 141 183 221 117 219 131 251 241 136 208 1 197 143
    79 214 97 68 242 94 142 82 153 1 37 88 238 151 197 173 13 166 132
    124 139 245 26 71 28 174 246 193 27 90 207 54 120 245 173 100 54 112
    103 18 171 183 90 7 246 16 128 75 181 127 59 253 57 190 119 245 141
    208 212 226 56 116 178 1 90 134 168 201 173 89 85 78 102 152 35 126
    43 122 99 78 224 29 8 187 232 145 2 24 92 151 252 75 221 236 82 29
    210 58 233 226 106 26 249 20 78 38 18 51 14 44 14 21 225 92 143 230
    25 149 78 90 110 118 117 179 3 167 7 124 46 233 165 125 117 5 64 124
    231 75 63 198 34 21 41 39 34 97 99 78 16 112 201 123 129 63 40 28 16
    41 234 186 241 192 68 145 33 220 220 235 82 239 190 80 14 107 232 55
    158 142 57 71 181 171 127 105 243 24 0 93 17 192 193 157 214 50 54
    45 35 128 107 37 114 61 53 165 132 228 46 190 178 116 228 76 114 233
    71 58 121 143 180 67 31 126 212 55 212 152 91 174 90 161 253 109 144
    3 136 239 231 195 201 191 157 14 196 106 196 59 237 103 94 127 37
    202 40 225 161 50 98 164 67 129 96 173 109 202 166 110 78 122 191
    227 0 235 69 6 183 16 118 250 112 181 49 220 132 202 139 236 88 162
    201 216 138 93 178 138 39 8 83 236 177 136 125 167 172 189 125 23
    213 1 2 123 25 18 252 118 213 198 71 68 235 202 126 38 225 62 120 99
    118 212 182 249 152 12 205 110 92 56 112 235 31 219 67 2 131 142 83
    45 248 133 207 17 216 78 230 86 46 15 234 45 121 2 154 239 203 0 70
    235 235 14 88 5 51 136 48 123 47 172 76 134 97 107 155 68 107 60 179
    175 254 73 58 246 136 65 199 24 153 150 93 213 21 55 147 230 73 196
    31 165 165 154 180 161 76 130 150 175 201 122 199 93 12 207 2 104
    202 49 18 21 102 137 137 49 217 167 10 212 151 250 195 29 40 2 88
    180 17 199 250 120 46 67 216 216 41 79 16 168 203 36 158 228 166 90
    86 111 126 139 249 186 16 102 170 158 129 55 96 107 59 106 212 161
    75 195 5 44 185 122 34 71 222 209 5 179 144 16 0 57 160 76 114 129
    93 11 191 84 18 48 69 146 131 229 230 14 77 222 218 208 239 212 234
    39 90 124 221 24 8 10 153 144 231 52 240 36 88 117 232 174 23 118
    239 254 114 2 75 145 105 72 37 176 36 19 49 99 224 102 253 26 191
    190 254 189 236 122 228 2 51 229 199 16 108 187 204 199 240 227 83
    202 158 133 60 178 232 175 30 20 91 90 40 94 77 110 108 192 229 125
    37 139 237 41 26 125 71 16 126 113 58 106 1 114 247 205 118 194 2 42
    161 240 19 168 155 188 49 159 24 62 3 169 122 78 107 253 26 60 117
    137 125 26 247 164 35 251 243 34 169 146 59 13 117 24 135 127 109 48
    92 163 136 126 209 6 29 75 255 201 231 200 196 56 195 130 27 78 162
    53 174 253 253 187 39 182 218 194 130 204 225 130 191 98 218 111 200
    222 163 166 125 77 61 225 127 96 183 76 65 10 39 139 212 45 225 80
    168 12 161 107 170 161 245 167 44 185 81 110 194 202 128 190 193 109
    41 128 91 220 74 186 168 170 208 24 135 72 36 30 141 84 192 238 91
    113 35 56 41 14 35 219 219 164 95 136 173 89 226 222 194 211 86 107
    98 194 40 170 221 46 248 150 205 233 53 37 228 55 94 1 17 204 124 66
    134 40 77 141 91 195 34 101 119 142 82 41 149 77 173 67 35 220 130
    65 91 199 123 128 92 248 217 89 227 0 203 136 222 57 68 80 105 164
    83 87 1 255 133 61 174 255 198 70 156 81 33 112 35 210 226 189 1 201
    120 45 228 252 212 163 242 81 82 12 61 175 84 138 203 59 9 107 12 33
    149 165 19 97 90 77 132 155 80 229 93 212 200 145 215 32 58 149 243
    19 64 57 88 3 186 229 174 105 187 50 176 127 199 229 0 43 174 61 176
    214 64 55 66 114 174 204 227 122 210 184 171 66 23 138 7 102 255 38
    2 107 16 180 219 6 85 205 235 114 122 109 47 148 43 88 167 177 188
    181 233 145 171 231 242 153 179 182 167 43 194 202 138 131 187 57
    232 207 197 152 249 201 52 153 235 163 151 230 26 91 182 57 87 156
    92 65 220 178 115 87 32 247 53 140 211 195 90 126 43 62 42 42 155 69
    205 106 253 5 248 255 37 96 213 226 79 183 214 217 126 149 174 11
    159 130 225 165 132 156 199 232 93 178 170 78 112 241 66 244 155 149
    212 164 235 29 43 140 50 205 236 202 198 211 212 247 76 125 183 174
    97 211 166 46 236 200 142 252 24 71 152 84 109 234 65 229 85 198 22
    13 86 61 210 86 42 245 201 38 99 252 57 247 19 101 216 62 40 175 244
    90 12 129 20 69 142 61 220 90 85 73 87 177 77 151 203 106 35 40 98
    103 92 198 135 47 161 3 232 177 64 180 45 183 240 154 194 220 27 127
    54 52 115 151 0 99 61 28 134 248 139 199 44 253 239 0 31 233 156 135
    229 208 209 97 220 77 215 185 112 153 132 45 175 229 74 5 185 95 244
    101 54 38 57 72 108 91 42 6 62 149 159 4 204 93 47 181 155 75 207 30
    172 164 45 209 229 100 171 22 161 130 233 161 251 3 62 212 116 134
    189 5 195 189 194 200 187 216 139 199 186 37 250 32 215 73 163 64 68
    134 210 63 97 187 143 17 92 148 214 151 72 246 108 157 21 239 116 56
    32 255 217 51 123 153 204 83 170 149 229 132 24 139 241 207 214 7 1
    132 255 139 97 149 224 195 181 138 43 195 212 122 212 174 224 73 59
    87 171 163 139 45 150 142 107 11 102 33 108 157 0 198 80 10 222 118
    97 246 90 76 105 171 248 53 181 83 226 118 51 135 23 81 198 177 9
    101 223 98 125 144 103 130 253 224 143 43 203 62 88 76 38 32 238 97
    145 87 30 237 75 109 178 98 246 96 161 78 149 53 12 7 227 132 29 211
    129 140 61 76 182 62 53 32 222 85 13 226 252 194 151 77 195 245 141
    175 224 61 209 111 175 8 119 45 136 103 129 230 155 53 166 114 95
    120 228 249 230 215 7 52 127 149 185 244 44 111 197 88 228 188 216
    186 137 203 180 207 246 40 173 139 162 78 143 153 169 13 82 60 116
    189 252 191 75 175 45 119 239 58 52 216 128 126 55 33 151 146 62 181
    244 26 129 194 14 232 68 56 174 181 125 64 84 18 142 158 43 243 216
    67 189 4 217 165 151 62 157 235 14 36 85 83 8 126 49 130 111 33 115
    78 250 105 254 214 214 198 132 89 207 56 58 231 4 16 254 101 249 211
    83 237 57 243 109 117 5 132 133 20 79 174 95 54 199 200 124 161 55
    244 55 246 213 173 194 63 238 84 2 213 70 189 85 237 253 118 84 160
    41 80 185 51 176 130 205 188 37 127 9 181 170 28 187 151 48 227 200
    182 100 69 167 207 37 64 58 113 43 70 141 93 246 213 8 164 139 131
    88 37 87 17 154 86 16 81 89 167 215 12 193 218 166 155 178 70 16 117
    38 199 183 74 68 58 16 65 183 27 91 80 194 174 103 184 239 1 76 140
    125 154 90 148 189 190 23 122 188 11 16 140 51 101 211 38 127 230
    195 27 11 133 177 190 172 26 4 154 16 191 184 131 15 195 100 177 26
    2 203 237 103 172 41 44 4 28 61 243 131 242 7 18 102 143 52 73 218
    53 24 91 176 115 104 163 62 151 119 23 107 136 224 16 53 95 157 206
    2 233 95 196 248 124 180 210 253 82 214 198 225 25 13 247 218 225
    180 206 99 253 159 186 37 152 12 53 125 115 104 239 229 47 242 117
    38 229 126 205 29 120 76 192 217 183 216 131 13 203 112 38 244 140
    251 46 222 166 168 82 77 177 79 193 36 141 200 232 144 128 187 253
    196 161 54 113 130 149 249 49 9 18 88 161 241 87 23 181 250 230 175
    210 195 39 83 248 44 137 235 88 198 106 225 225 252 238 12 108 36 23
    251 3 233 27 101 60 218 108 241 15 205 117 189 48 10 181 221 208 253
    139 101 82 161 205 231 210 197 17 25 196 137 168 217 94 154 103 141
    208 139 241 118 223 70 208 127 157 116 195 117 126 175 79 118 141 22
    47 34 230 229 252 34 165 1 137 175 238 135 133 56 132 137 146 134
    145 197 50 219 1 18 145 203 186 140 111 72 42 94 244 142 114 235 137
    56 30 105 30 119 19 81 12 143 36 120 5 41 82 247 63 179 206 211 25
    50 186 73 111 79 49 60 55 169 116 199 133 141 230 14 255 92 225 42
    144 72 248 204 195 117 199 138 79 73 21 56 242 0 51 133 104 33 76
    207 15 234 166 3 226 5 191 155 16 59 229 90 150 28 195 210 167 178
    187 96 197 194 229 232 97 147 148 23 30 132 131 127 162 136 122 129
    3 247 36 125 186 146 67 94 18 117 130 149 241 85 53 229 197 244 155
    195 192 42 127 230 173 111 111 113 164 135 161 121 231 194 31 231 59
    139 104 132 89 64 146 229 79 254 229 20 59 2 100 190 90 226 141 229
    241 171 217 114 107 52 232 80 192 187 11 243 185 144 197 138 6 190
    229 147 190 126 129 185 67 156 63 35 9 101 74 10 6 199 95 227 102
    182 41 192 82 167 193 50 131 60 203 54 129 49 204 185 223 69 0 149
    204 200 20 219 94 228 39 51 17 167 115 132 129 105 234 172 150 215
    36 215 166 84 103 172 162 118 64 39 118 18 114 63 150 133 178 152 92
    113 18 110 3 194 69 8 15 220 58 94 231 5 29 41 37 234 163 107 54 192
    236 54 235 213 63 185 229 47 80 110 142 35 166 166 91 76 40 125 91
    98 25 13 221 15 202 41 59 235 29 210 144 25 46 251 39 178 224 57 207
    228 215 186 92 254 251 216 170 236 8 91 3 213 30 194 205 170 152 45
    13 226 180 46 47 11 230 43 104 104 43 35 126 5 60 197 90 179 148 118
    233 202 147 53 82 114 146 89 223 157 16 232 38 116 112 182 74 202
    178 227 170 161 86 50 179 163 138 205 102 1 150 134 52 179 209 51 95
    192 204 26 248 58 5 204 205 50 7 219 89 216 55 53 51 19 37 247 233
    191 7 83 112 182 132 31 82 129 208 67 203 33 230 169 193 154 198 220
    163 176 218 31 147 255 13 7 1 147 114 28 205 111 105 151 158 174 99
    231 0 142 33 50 54 104 155 193 83 223 69 207 87 79 67 55 33 193 183
    199 24 50 147 145 132 179 178 241 58 179 13 39 168 100 127 8 172 215
    29 68 222 116 35 239 76 49 68 34 109 224 83 95 14 119 30 29 123 236
    29 36 231 134 32 114 115 136 79 39 86 146 216 181 83 193 85 84 167
    122 224 32 138 84 20 97 44 70 84 69 45 125 101 143 76 25 173 130 175
    51 77 112 127 189 201 252 121 28 81 251 190 238 22 94 50 155 175 79
    72 233 107 2 52 206 107 73 132 77 25 176 217 176 165 228 236 240 7
    106 198 205 71 254 26 142 237 141 103 32 54 136 14 95 159 139 244 73
    132 142 218 53 53 212 217 217 192 216 214 132 246 173 183 112 218
    243 205 15 218 173 76 227 139 134 51 144 167 146 170 47 85 238 78 62
    207 57 100 34 128 51 162 24 249 30 26 126 16 188 41 246 215 15 148 3
    23 37 135 130 17 170 192 200 89 117 13 42 79 90 123 180 89 135 246
    170 36 228 227 57 86 253 197 14 218 65 1 5 96 86 125 33 202 244 198
    13 94 100 159 136 26 108 136 202 83 132 4 250 228 146 44 64 239 48
    26 183 111 104 254 24 6 183 50 73 175 29 121 107 240 22 66 38 132
    166 187 154 113 12 79 156 196 72 193 202 162 235 127 10 212 76 154
    146 24 130 23 184 13 36 76 26 139 202 161 162 68 240 90 133 154 175
    232 254 190 135 54 217 106 79 146 1 25 180 37 178 134 212 203 21 231
    193 224 118 128 195 191 36 37 78 223 39 63 59 175 32 139 224 236 205
    151 95 253 175 98 151 182 113 223 215 115 233 74 182 39 129 215 195
    163 213 187 62 73 164 250 79 79 37 31 112 220 158 164 112 199 55 187
    180 194 128 22 101 155 43 172 245 111 121 194 114 254 73 27 9 210
    237 120 157 31 49 52 234 71 12 94 12 208 124 1 139 243 123 129 68
    140 172 150 47 234 71 127 121 201 12 132 136 216 157 98 185 34 108
    110 253 58 207 68 218 61 63 219 71 131 195 176 19 35 124 110 107 227
    127 7 116 224 105 202 55 96 193 125 243 182 148 107 241 150 78 158
    221 204 18 153 113 204 219 91 185 204 228 242 232 54 182 234 169 167
    251 208 112 138 220 89 148 65 94 40 239 177 154 225 173 174 208 27
    123 114 12 57 36 22 0 122 113 248 190 86 21 178 166 79 14 143 170 18
    231 53 171 193 205 73 123 228 72 249 155 23 11 151 198 51 113 25 197
    188 163 229 141 133 140 175 131 57 133 135 254 128 234 137 218 225
    247 100 139 115 105 24 74 103 235 52 56 218 5 77 167 84 183 108 41
    161 175 12 201 171 178 52 27 185 45 50 212 206 29 141 68 200 250 128
    243 239 209 182 29 58 222 69 250 32 147 193 200 140 198 6 219 77 33
    45 108 193 223 251 75 194 225 195 208 184 168 97 176 220 50 201 55
    80 88 181 75 126 28 5 136 100 67 164 166 99 239 252 1 12 7 106 87
    100 112 191 200 164 107 81 189 15 202 213 1 37 114 196 184 131 84
    179 32 133 4 25 8 218 110 42 18 47 224 6 158 177 137 37 154 235 157
    131 125 113 148 133 231 88 20 37 45 175 142 123 60 35 89 217 245 101
    176 57 186 229 96 186 196 18 87 177 39 140 160 204 189 209 9 6 213
    122 111 132 66 45 33 225 61 20 119 51 125 67 205 252 180 19 201 38
    186 210 234 116 216 142 12 146 153 139 67 104 243 242 230 81 176 182
    225 25 193 53 51 17 20 206 97 197 28 167 29 176 41 250 19 88 236 245
    100 29 142 8 137 171 0 85 28 121 95 139 81 65 226 157 231 223 46 188
    15 91 94 245 212 92 19 186 164 197 195 231 22 249 224 250 42 71 70
    74 94 21 226 58 165 168 64 85 144 254 114 231 228 96 11 251 90 170
    118 205 77 164 26 250 186 6 197 224 191 237 153 195 108 172 235 142
    23 13 36 133 57 26 185 47 74 245 129 159 79 85 108 184 102 70 87 58
    163 206 146 221 157 25 85 104 41 204 186 56 185 26 131 207 236 151
    254 208 166 150 0 107 43 119 204 21 42 89 106 79 214 50 28 241 161
    110 111 114 193 153 144 171 104 237 146 220 248 13 131 66 43 103 114
    205 50 22 114 144 136 230 145 112 198 226 99 217 132 164 124 42 135
    16 200 11 195 30 161 214 107 87 154 54 170 5 76 205 111 0 242 180
    244 107 4 18 131 209 110 10 194 150 15 204 217 217 196 19 78 14 56
    128 46 81 22 216 13 3 236 24 62 69 36 104 26 125 158 74 79 221 244
    146 38 53 243 181 253 94 233 155 157 53 141 127 231 125 19 120 15
    161 252 121 206 180 72 21 112 170 191 119 168 172 153 82 43 10 61 89
    183 89 255 143 139 128 61 18 228 204 244 84 160 69 152 90 217 199
    161 225 114 171 219 30 41 96 188 163 176 14 143 190 187 170 91 128
    118 193 105 91 57 198 116 224 8 223 227 69 234 129 199 86 82 159 100
    119 186 177 223 140 143 233 4 99 79 2 80 79 221 234 122 131 62 201
    236 220 15 120 212 72 72 148 167 236 149 127 59 145 67 139 209 81 11
    243 92 245 143 0 171 78 213 30 5 205 97 182 211 55 60 92 123 174 185
    185 99 142 112 129 113 182 236 59 33 234 32 189 119 15 15 238 186 86
    65 237 13 218 182 247 100 150 188 138 250 4 89 44 139 235 117 24 81
    44 232 88 212 88 220 185 190 98 88 11 155 208 160 176 218 133 25 160
    130 14 176 235 247 52 187 103 54 128 33 168 159 238 196 199 180 228
    35 90 242 200 220 208 183 134 76 197 243 161 168 134 41 73 87 123 22
    107 95 206 238 201 40 24 92 118 96 193 153 178 155 51 48 121 82 33
    45 232 241 182 88 158 159 141 170 220 135 43 28 15 208 196 35 208 18
    40 89 244 176 182 62 28 43 18 92 189 5 22 152 60 182 223 79 41 80
    117 46 25 124 32 238 121 170 118 204 16 226 64 243 19 154 42 128 209
    115 207 185 126 90 156 240 14 61 75 230 198 215 81 151 126 232 175
    88 163 143 134 87 50 4 235 11 20 135 251 38 75 162 138 116 196 169
    111 232 20 150 66 91 165 82 245 128 135 35 165 111 153 46 119 60 58
    156 151 143 33 246 62 26 127 205 1 117 12 162 62 248 64 176 135 221
    239 198 239 112 45 127 239 118 45 158 32 149 233 10 218 104 14 14
    176 98 87 39 111 91 133 43 170 228 8 116 223 163 208 24 79 252 235
    115 200 171 75 129 40 94 4 199 158 119 206 223 116 72 50 215 206 30
    143 231 221 220 224 89 72 19 33 203 226 175 159 143 59 155 217 90
    142 35 83 154 160 154 10 214 219 170 60 25 196 162 229 117 222 44
    159 111 121 65 135 119 140 48 159 186 108 169 90 224 159 206 155 217
    114 240 173 123 38 76 218 135 18 204 66 191 192 11 178 121 160 198
    55 57 136 63 96 37 152 70 72 72 161 8 198 137 109 131 201 84 167 62
    31 179 60 61 196 153 6 55 207 196 86 166 245 193 204 57 239 144 153
    37 252 193 233 69 150 27 160 34 91 217 161 162 19 92 89 184 13 1 123
    112 4 72 45 131 246 94 173 168 68 48 61 208 146 230 91 48 21 78 158
    101 131 44 113 238 7 235 105 83 126 144 248 189 241 161 123 123 14
    92 251 172 160 90 155 165 53 192 59 129 42 130 76 109 139 53 251 16
    164 6 183 14 171 62 139 237 216 134 6 67 80 130 232 121 75 242 40
    128 141 229 248 149 227 228 120 174 132 250 135 94 36 38 221 118 33
    140 234 200 165 231 188 116 165 210 101 57 129 241 62 190 93 44 66
    100 174 199 28 61 217 4 99 153 164 30 104 237 207 133 4 137 61 237
    20 118 34 42 113 179 252 77 150 134 238 142 13 97 231 141 226 71 95
    10 176 125 190 106 249 215 106 78 169 178 123 39 117 65 142 92 93
    105 243 58 220 206 228 206 95 143 61 210 116 57 219 29 233 203 51 65
    67 214 43 151 32 154 73 189 22 75 242 91 131 156 120 204 14 67 163
    102 244 128 8 252 96 248 198 161 69 120 217 87 221 48 221 149 166
    204 28 216 59 147 113 82 65 250 117 89 4 90 84 252 59 129 215 215
    226 14 154 175 143 49 178 218 218 245 153 216 252 174 207 132 179 17
    215 130 0 254 21 140 177 170 246 250 149 27 12 51 249 203 43 194 45
    161 94 33 65 52 100 228 224 28 122 160 99 96 137 118 250 20 159 253
    206 238 203 57 163 230 243 105 66 234 224 87 5 48 93 102 123 116 168
    7 220 188 40 167 218 138 49 234 42 149 96 76 243 12 229 157 80 244
    209 160 31 120 123 178 198 228 218 235 137 79 211 166 23 138 112 107
    126 77 59 157 245 96 122 157 16 234 9 71 152 224 140 78 156 191 166
    86 186 188 44 114 114 75 136 184 118 164 69 90 161 200 77 241 172
    234 200 48 147 200 236 228 102 102 76 118 32 131 173 11 5 205 19 70
    113 236 156 188 2 120 84 249 183 46 26 151 167 40 231 191 174 242 95
    63 79 56 130 151 80 100 194 231 85 133 254 252 255 199 41 88 164 162
    15 207 139 20 92 94 241 248 137 202 123 125 120 91 71 71 232 248 95
    157 207 55 56 137 183 43 84 246 34 234 74 187 176 211 180 198 150 71
    220 254 78 46 228 210 52 121 40 103 162 28 193 174 157 132 132 225 0
    62 143 114 84 163 66 251 234 254 134 150 248 55 23 117 24 36 141 37
    44 45 236 159 242 206 239 118 52 16 8 91 138 129 182 124 74 199 117
    92 139 21 209 92 63 150 93 202 177 195 68 116 201 220 40 135 85 194
    48 147 141 131 10 73 182 88 183 113 101 30 22 196 255 4 191 247 181
    201 75 141 196 68 192 191 96 227 90 45 222 190 12 154 219 149 236 38
    49 9 121 161 94 35 22 254 212 247 65 221 74 6 251 122 207 141 1 244
    136 56 25 7 121 185 238 157 114 58 182 96 250 188 236 170 165 138
    162 73 231 226 81 88 211 227 50 4 96 177 169 166 154 100 235 204 21
    36 157 156 124 78 249 226 15 7 122 79 200 202 73 108 110 40 151 184
    203 106 158 150 181 208 113 200 200 232 193 30 142 83 48 252 172 164
    248 199 30 53 70 18 65 16 149 193 88 79 211 62 194 119 80 174 192
    246 30 147 193 0 235 26 30 23 162 164 38 212 193 247 117 197 156 71
    164 19 136 76 251 202 182 151 237 196 158 3 147 253 204 43 253 116
    193 206 236 214 136 240 37 68 8 157 98 23 8 219 161 179 192 248 171
    89 3 62 91 231 27 98 61 212 22 243 84 52 30 5 141 213 208 13 158 101
    103 119 201 204 157 197 238 117 156 79 248 113 235 242 60 164 128 35
    172 218 221 152 55 120 252 86 185 188 31 122 120 8 26 9 146 184 63
    56 214 36 159 187 154 218 171 118 115 184 22 202 119 139 152 237 27
    132 37 164 159 53 153 124 237 145 6 247 28 160 214 42 165 156 188 34
    242 115 23 218 14 111 254 176 3 121 209 6 203 49 90 161 89 16 89 30
    85 98 43 123 209 129 17 63 192 107 194 29 248 8 172 26 110 248 19 36
    164 129 201 238 241 195 89 43 249 47 37 0 105 220 81 147 200 70 106
    95 121 227 153 141 93 66 72 154 166 178 175 238 62 96 105 161 17 11
    13 181 71 14 127 235 191 122 134 80 171 13 23 72 215 224 90 14 52 28
    81 151 195 205 202 165 112 125 55 5 194 186 2 169 197 93 33 147 172
    86 240 53 177 167 232 143 228 46 205 136 73 5 207 166 178 20 193 28
    142 127 27 244 60 16 59 59 30 235 16 51 90 171 103 175 52 136 251
    125 102 74 99 192 146 55 235 130 164 116 43 235 198 66 30 17 104 129
    199 129 210 211 7 226 222 227 191 233 62 77 111 85 211 195 37 86 132
    57 250 227 123 53 10 7 77 130 108 103 14 128 103 176 125 36 77 98
    167 181 242 105 227 191 38 219 143 163 82 19 204 125 47 83 59 165
    113 69 10 224 133 203 74 232 171 206 156 198 29 45 99 203 197 15 14
    63 126 60 91 101 14 83 28 110 208 35 245 163 39 138 99 239 249 141
    231 62 172 138 93 17 148 211 155 215 219 106 43 49 72 53 254 250 9
    41 239 40 161 126 209 218 188 7 120 217 57 34 35 197 100 129 132 192
    249 146 253 57 42 17 181 113 220 235 71 152 197 218 108 92 204 27 1
    247 114 80 159 228 54 118 233 181 178 113 210 168 77 124 101 21 65
    77 177 231 53 196 139 173 45 74 14 86 95 171 155 100 97 149 46 169 9
    16 5 188 250 31 172 155 73 99 240 105 106 102 181 215 119 25 130 222
    244 39 100 94 77 12 46 120 225 167 9 123 136 239 53 71 236 196 132
    205 22 215 120 186 207 106 155 9 85 117 36 0 194 100 8 92 69 80 44
    147 249 188 255 212 84 11 16 128 176 105 58 45 88 113 166 89 178 62
    217 46 102 185 120 12 79 190 241 201 57 6 147 201 52 122 1 63 58 57
    149 62 100 178 84 169 71 178 151 97 241 101 139 197 53 77 208 140
    142 119 153 37 21 62 185 85 244 134 223 191 108 79 24 217 49 235 77
    199 211 112 147 22 94 214 149 211 253 37 199 28 72 222 232 97 194
    147 174 112 25 161 165 149 172 251 48 48 112 218 174 243 225 58 153
    147 180 9 110 103 226 249 121 234 82 94 80 39 2 158 43 39 113 137
    108 94 95 5 47 26 25 121 219 234 225 110 242 42 249 27 119 147 107
    224 100 22 164 11 15 84 77 37 42 237 129 159 136 167 76 171 191 127
    237 234 228 134 203 35 255 175 9 17 147 132 231 227 54 161 2 136 175
    228 188 45 71 213 197 40 126 26 8 138 254 129 27 67 251 84 180 213
    119 166 192 104 7 34 107 166 121 154 165 123 112 209 92 188 156 137
    21 195 179 66 27 167 19 255 21 161 183 24 57 156 252 237 7 40 71 190
    217 233 194 123 97 25 247 178 45 248 89 59 100 201 27 117 110 100 33
    251 137 96 198 113 4 72 82 150 131 181 96 184 73 174 250 190 210 96
    243 181 158 32 211 54 65 51 47 145 78 62 211 182 123 69 84 71 225 48
    184 82 111 56 163 186 4 12 187 36 51 89 236 78 224 128 229 250 219
    41 118 145 242 199 254 200 91 226 226 146 182 158 179 25 14 191 158
    100 114 63 116 255 135 67 180 93 44 182 24 189 192 246 27 193 55 166
    34 204 199 170 109 74 76 189 64 230 49 116 156 133 78 55 98 168 205
    248 251 60 230 213 202 72 157 127 97 247 108 56 98 36 139 172 31 218
    86 167 115 6 177 124 233 75 251 244 39 112 109 159 174 144 206 219
    14 111 112 61 148 73 239 154 206 61 205 77 39 64 219 196 1 174 106
    87 77 83 153 52 166 5 236 197 67 249 66 104 190 76 109 248 182 43
    207 80 118 124 176 72 52 51 109 86 40 20 90 219 121 113 247 112 72
    205 8 20 87 139 254 225 46 147 170 233 218 21 13 187 121 66 51 209
    123 97 223 71 192 212 142 33 183 193 204 44 98 3 125 3 54 123 192
    107 128 170 214 74 106 78 79 78 24 139 20 255 182 238 111 175 152
    196 212 41 156 85 222 53 23 38 191 111 99 27 24 37 10 51 66 215 52
    102 193 101 11 136 157 27 103 30 37 133 68 119 85 236 192 225 78 3
    129 97 207 21 110 238 194 6 58 39 10 248 212 121 101 123 189 254 198
    91 30 230 116 202 109 23 240 39 71 113 150 136 1 92 226 82 164 138
    30 231 78 165 138 37 73 111 168 51 163 47 252 102 156 219 122 95 37
    182 251 204 93 21 247 96 85 102 147 119 86 61 71 145 7 14 159 21 110
    61 61 35 101 96 47 210 40 224 39 59 235 41 232 112 8 203 121 99 188
    227 186 32 125 55 25 25 40 169 241 154 59 184 9 251 150 124 101 165
    216 114 126 161 24 73 229 88 202 158 187 253 132 115 166 145 81 36
    181 82 98 14 75 61 150 107 208 53 250 24 25 185 25 227 88 121 245
    174 240 235 100 188 6 39 232 156 133 66 83 9 214 199 220 94 230 135
    156 156 155 159 66 68 209 151 86 117 150 50 184 40 163 236 116 7 117
    205 173 205 120 99 68 46 17 151 30 195 193 46 170 69 230 104 111 191
    28 40 19 116 49 185 201 169 100 123 29 32 164 243 31 138 159 115 248
    180 137 40 125 40 132 15 197 92 228 236 113 173 82 76 33 91 212 0 48
    80 171 214 188 158 81 223 59 4 2 74 144 88 202 182 218 108 91 247
    210 214 145 175 217 106 81 127 102 216 39 163 201 75 206 84 106 176
    11 20 35 187 0 186 230 33 115 149 105 8 148 56 24 121 204 207 103
    109 150 116 11 164 9 56 138 65 148 98 92 36 112 54 181 7 173 240 243
    105 18 195 166 83 225 33 32 154 42 153 216 17 255 131 124 108 140 4
    248 248 243 205 25 203 64 238 225 241 240 87 169 56 92 2 62 194 97
    192 235 124 123 49 214 24 133 208 232 155 115 58 140 96 27 230 145
    97 138 46 244 97 245 174 28 196 164 98 15 134 211 158 71 20 116 230
    36 125 221 67 198 82 97 217 186 44 89 145 128 200 89 46 130 181 125
    108 87 209 10 162 36 119 254 184 142 45 2 113 40 3 10 187 243 174 10
    34 96 209 63 161 8 21 25 162 59 170 114 145 144 230 4 176 6 202 213
    143 229 138 164 125 234 180 249 27 204 17 36 88 129 106 159 128 65
    208 161 47 181 141 148 36 17 21 86 70 167 93 42 212 83 12 45 196 121
    39 177 83 166 140 50 116 179 7 96 212 163 67 117 44 159 74 203 112
    203 2 10 150 226 122 206 128 11 12 179 160 30 165 67 160 18 75 182
    185 79 27 254 68 133 50 4 235 224 167 85 87 165 112 74 189 241 207
    195 19 23 78 238 218 45 136 85 72 192 201 96 214 116 230 49 186 187
    180 128 120 223 209 126 209 22 245 216 92 110 207 209 242 9 207 132
    149 223 241 238 201 206 93 189 105 73 206 47 198 60 235 36 29 159
    198 92 46 117 58 211 181 192 226 155 177 116 193 88 182 69 104 14 26
    126 227 176 200 143 5 41 100 36 146 142 111 163 43 18 182 47 122 224
    52 5 162 36 42 67 209 151 186 228 1 54 144 45 133 228 144 172 161 88
    242 6 22 209 179 108 12 43 8 148 83 111 84 146 57 3 83 187 118 50
    106 252 161 103 90 94 246 175 255 18 193 242 17 152 70 133 127 169
    38 81 54 31 141 94 56 166 144 145 187 69 102 35 62 54 35 205 214 239
    239 44 239 7 182 167 28 77 146 153 117 181 14 80 176 22 118 101 65 5
    85 4 213 220 188 177 2 111 101 175 63 20 189 1 210 216 205 221 5 72
    65 18 181 20 184 93 248 144 113 91 78 26 105 197 207 217 37 189 206
    65 21 232 138 188 100 194 40 202 220 131 53 22 39 197 66 231 6 32
    252 60 32 132 247 115 234 225 198 254 233 207 44 150 119 250 141 11
    49 102 81 216 246 87 246 150 83 252 241 240 123 250 216 16 3 111 66
    71 176 221 153 195 85 185 39 120 158 153 209 191 249 85 254 222 85
    50 120 43 120 112 81 193 216 0 92 35 57 83 138 38 94 45 231 212 62
    171 20 23 161 85 190 231 50 88 141 201 102 140 168 141 47 195 109
    215 33 40 180 246 186 0 149 247 235 145 27 152 86 58 108 27 90 232
    115 43 70 132 31 254 40 72 191 164 197 189 165 224 104 177 25 10 154
    85 12 151 28 74 71 246 125 18 207 31 128 26 210 229 45 3 205 222 11
    248 43 59 40 183 102 219 145 222 16 87 65 153 43 255 252 5 101 215
    193 26 184 11 136 225 231 5 19 168 27 51 147 2 123 123 36 101 137
    160 241 156 20 163 80 46 123 10 84 24 141 143 132 92 193 146 251 227
    4 178 202 160 111 169 210 54 225 183 253 113 251 216 141 255 121 142
    194 210 179 12 74 184 110 97 59 42 31 182 198 217 140 21 198 92 13
    104 180 250 5 245 114 28 98 89 150 168 125 204 36 197 177 184 194
    252 86 32 195 215 252 189 101 29 170 83 176 48 26 218 149 122 75 114
    207 200 132 253 161 80 158 162 148 209 211 88 196 13 112 243 45 135
    18 113 217 130 35 93 188 249 9 56 224 235 140 251 208 96 48 149 160
    5 115 208 169 230 182 146 0 104 18 188 57 147 53 157 68 49 110 5 73
    12 138 107 204 205 95 89 114 74 208 55 249 238 165 211 178 58 76 173
    44 72 184 238 98 151 252 161 115 113 4 27 250 181 109 182 55 200 97
    160 3 139 175 82 48 7 225 214 187 95 144 255 198 65 13 88 224 71 129
    136 204 19 91 89 57 180 201 185 99 112 64 43 249 19 129 224 49 53
    252 251 225 168 47 201 223 83 229 197 224 127 93 217 255 199 33 222
    241 210 50 208 105 42 70 2 130 12 224 42 80 76 201 87 247 148 163
    183 19 21 233 180 90 28 2 126 72 129 160 150 140 35 45 255 123 80 7
    94 18 159 32 110 217 138 102 219 53 54 229 7 178 70 183 118 238 153
    245 96 208 254 207 168 50 83 224 154 76 225 240 89 176 218 108 82 53
    58 90 249 153 161 1 157 9 161 2 178 11 58 216 233 242 36 56 94 93
    102 204 206 177 174 210 195 98 125 225 93 171 97 78 103 245 161 243
    100 113 149 158 192 82 141 176 122 133 141 131 3 4 96 146 37 253 155
    61 151 116 9 109 91 81 92 31 3 135 50 132 200 161 85 244 46 88 82
    185 31 176 146 69 153 134 45 133 156 193 242 105 54 248 227 74 102
    251 235 225 131 167 41 12 35 192 185 145 154 103 247 194 60 161 240
    134 5 115 148 222 208 242 92 195 49 216 142 172 152 207 176 100 73
    255 236 76 109 107 150 148 166 252 214 75 14 147 10 167 140 52 69
    167 39 204 117 124 44 132 90 18 162 28 43 88 191 255 107 43 235 114
    159 195 79 190 155 103 85 227 209 97 24 72 128 171 169 165 167 171
    92 144 130 172 190 32 6 136 36 244 241 116 66 19 161 155 224 159 98
    125 65 114 184 248 50 48 249 154 64 124 221 168 120 96 187 105 228
    140 232 56 97 96 53 26 134 166 105 145 224 133 234 109 83 53 17 124
    44 151 78 114 156 79 171 39 27 224 182 242 174 249 235 168 205 76
    245 199 79 180 137 206 54 189 115 251 147 208 67 61 206 96 82 78 127
    79 194 136 80 106 137 96 221 48 201 23 202 101 193 55 241 226 177
    203 47 57 22 71 68 44 19 191 6 40 137 234 193 196 153 150 205 67 6
    160 184 45 244 133 82 162 173 196 104 196 161 184 33 204 150 153 204
    41 254 55 64 163 59 248 51 54 130 37 218 19 80 129 148 130 211 59
    191 237 147 33 40 221 188 72 70 186 78 46 153 81 223 46 184 22 214
    170 83 253 225 123 7 177 225 160 57 57 33 97 129 192 118 141 58 164
    4 41 181 233 36 137 45 199 35 165 77 230 124 106 167 82 7 91 144 44
    156 233 182 15 11 85 23 34 213 169 190 255 162 12 154 253 182 43 197
    126 95 30 81 59 160 82 57 172 149 95 22 116 153 135 131 180 253 225
    204 241 114 200 180 17 89 68 28 73 0 155 155 228 115 138 234 134 98
    58 176 80 222 203 104 30 209 131 207 64 55 6 1 206 252 150 211 127
    208 89 111 225 234 146 57 244 195 235 65 128 152 221 144 90 45 14 34
    212 29 184 181 225 80 236 36 76 135 24 100 195 191 201 116 114 114
    23 15 14 235 122 179 6 12 200 2 161 78 252 235 62 209 148 30 251 0
    212 49 247 215 21 114 12 172 121 133 50 197 222 169 52 245 178 65
    155 142 86 34 14 37 98 80 72 55 232 231 245 251 29 133 253 247 200 5
    217 136 25 146 105 98 238 127 122 92 226 172 66 103 175 184 193 166
    172 12 48 205 209 247 207 248 165 219 93 96 245 118 125 230 187 45
    165 129 151 183 170 57 2 175 139 57 65 69 140 125 183 104 15 97 84
    213 224 70 17 199 18 245 19 181 161 143 5 75 171 10 250 20 55 130
    185 20 34 199 122 244 36 197 68 13 29 25 220 109 44 26 80 187 182
    117 156 198 164 245 15 65 200 195 146 202 224 143 193 216 230 148
    195 126 219 241 3 221 249 254 128 80 128 204 61 213 229 98 16 220
    194 22 6 236 141 70 46 242 93 159 170 52 16 252 6 69 96 93 194 32 92
    161 67 175 142 72 115 245 79 169 118 64 180 158 145 136 49 185 222
    82 84 17 207 237 142 113 210 81 75 212 175 252 97 108 196 19 122 165
    125 84 191 210 23 224 95 188 93 46 110 169 49 76 202 113 126 157 185
    137 138 7 130 105 236 147 130 120 87 34 178 161 116 82 130 100 49
    175 82 154 191 237 128 247 58 118 161 166 16 59 79 43 92 43 117 255
    16 192 251 63 75 115 196 150 179 59 195 33 91 50 247 124 127 166 67
    39 236 7 119 44 90 213 221 125 175 117 112 144 206 86 6 26 156 195
    147 240 208 141 11 231 14 177 197 205 40 187 175 127 88 62 160 136
    100 82 216 97 152 244 104 37 216 31 250 220 176 182 132 150 196 56
    110 127 135 217 115 4 177 8 113 197 224 30 167 12 95 56 14 120 165
    248 0 36 0 6 56 69 11 23 108 251 206 144 246 53 61 73 34 156 56 172
    0 174 250 65 208 71 22 254 231 108 207 246 95 21 117 102 190 160 141
    129 148 140 206 214 121 1 124 186 216 33 126 162 135 40 2 105 247 54
    141 78 17 194 98 226 13 104 67 143 101 209 153 184 194 2 196 156 179
    217 121 61 141 109 4 25 45 18 218 121 167 152 225 64 240 248 26 150
    224 37 77 77 158 102 88 190 193 252 250 58 88 71 160 65 225 144 179
    147 188 48 13 21 7 34 219 153 224 6 219 252 41 70 137 218 252 98 200
    144 36 106 10 118 160 10 182 46 78 155 15 73 54 38 41 217 170 149
    133 99 204 56 132 227 85 41 215 255 230 232 238 147 244 211 23 68 46
    182 101 248 85 217 198 176 239 101 155 146 52 208 186 27 190 21 199
    126 210 42 213 117 78 35 129 126 147 57 40 148 170 133 175 101 162
    157 13 254 89 5 247 77 210 184 250 17 87 9 141 224 25 89 247 245 154
    96 5 66 92 217 251 140 11 160 142 196 132 100 226 104 87 207 205 0
    17 8 87 83 124 119 123 94 81 145 92 72 218 0 94 54 17 238 209 37 168
    102 43 236 123 182 105 42 77 55 252 126 54 217 80 220 224 36 150 30
    78 240 228 42 142 147 186 6 71 21 228 115 60 179 34 198 235 218 208
    212 1 27 201 92 217 118 234 208 6 91 127 166 228 189 61 194 215 48
    105 179 178 245 67 185 144 194 115 25 11 255 218 215 63 169 146 163
    239 146 0 155 171 190 71 150 33 131 237 199 203 152 214 119 194 16
    77 175 197 61 113 42 183 168 200 40 71 146 70 39 96 168 88 194 4 203
    73 118 70 124 214 186 84 179 94 22 189 136 230 181 17 182 22 22 60
    14 223 155 219 58 103 15 138 171 214 192 197 226 158 130 78 192 97
    237 93 240 11 117 210 211 127 85 71 8 23 200 130 200 123 221 44 246
    101 143 28 99 201 19 37 251 35 182 172 28 210 192 85 151 63 40 103
    18 232 122 217 30 143 2 247 95 27 185 190 140 114 185 188 83 41 241
    159 220 23 214 204 218 60 212 101 144 205 26 254 51 137 185 195 8
    247 67 135 155 241 243 217 108 182 70 250 160 45 61 119 51 33 27 126
    97 207 19 114 106 30 33 153 12 158 195 100 83 208 52 175 121 176 195
    82 82 59 145 56 87 24 13 185 125 75 48 199 70 203 73 212 207 29 224
    107 76 68 21 142 188 225 141 157 181 77 226 60 159 125 55 245 188
    179 234 54 144 50 187 49 192 160 142 124 202 48 54 197 231 8 123 211
    235 1 86 143 230 129 2 202 118 212 237 46 56 97 98 43 178 120 186 23
    33 153 213 87 72 67 177 198 179 36 214 243 169 147 72 135 48 243 250
    84 31 222 216 57 111 208 103 36 68 123 18 157 53 178 109 161 204 64
    143 133 14 169 101 204 62 221 78 248 73 182 26 123 167 59 74 168 80
    69 113 53 74 58 28 22 151 219 173 3 222 202 79 200 155 28 197 174
    182 244 38 2 242 42 108 88 240 136 121 76 206 215 130 133 51 196 107
    198 231 50 26 159 96 217 247 103 16 100 167 1 109 241 253 80 7 39
    182 97 251 74 120 243 61 166 55 2 209 230 145 136 195 76 139 9 246
    144 140 142 242 26 88 243 159 27 166 47 36 44 70 217 122 92 224 138
    218 145 62 245 11 189 42 98 0 250 76 120 162 121 225 92 0 194 94 38
    65 1 203 60 164 123 158 77 25 247 80 218 200 17 36 41 147 135 53 130
    195 69 151 182 128 59 36 51 115 148 252 87 214 8 43 63 94 147 21 238
    66 112 56 54 194 194 187 104 50 187 248 197 89 121 249 210 159 34
    141 140 200 193 157 107 118 112 157 46 203 127 9 26 168 142 243 248
    197 48 70 222 36 173 126 157 235 183 78 119 4 199 193 157 219 30 54
    103 18 174 235 78 216 190 9 228 153 215 222 48 122 126 221 57 96 25
    250 105 43 4 82 82 207 80 42 4 40 11 172 65 223 237 234 155 67 117
    186 194 48 175 80 17 178 64 139 58 57 208 13 144 209 146 220 166 2
    156 132 246 36 221 207 223 139 16 141 91 103 47 38 180 47 2 243 152
    217 219 152 179 145 202 181 7 190 137 71 154 97 224 75 174 132 199
    54 236 160 128 204 11 102 116 42 24 124 6 55 221 102 81 155 187 99
    180 41 19 135 63 173 226 179 213 35 87 221 135 231 29 48 16 121 144
    10 229 204 14 194 221 34 106 156 215 54 50 144 206 213 193 107 81 93
    199 228 173 109 77 224 186 247 220 39 89 39 183 2 68 227 237 252 229
    70 140 176 128 104 133 100 129 48 83 231 254 232 58 126 224 49 59
    253 203 229 33 137 200 134 181 161 210 102 105 244 1 31 95 169 36 57
    246 236 96 61 209 13 96 185 81 117 12 125 231 219 140 190 30 244 166
    73 150 198 22 77 238 188 5 72 27 146 156 97 91 138 26 191 99 113 151
    77 93 190 113 33 196 82 48 135 0 128 143 86 95 73 51 227 131 13 178
    31 183 32 189 47 82 98 207 116 232 150 152 147 137 112 175 26 50 190
    54 220 120 84 223 29 155 67 119 103 103 84 234 17 229 72 121 67 79
    217 167 99 167 61 119 17 231 68 60 32 218 220 200 94 145 76 41 10
    183 30 210 9 107 126 249 132 113 77 125 123 185 88 153 79 220 248
    147 238 19 16 89 54 138 101 185 212 232 17 44 227 89 177 5 225 142
    73 0 183 207 4 156 198 54 212 90 128 0 126 127 109 151 177 44 19 179
    243 195 110 115 201 138 142 166 152 9 164 240 230 123 9 20 191 71 61
    170 147 208 146 28 48 131 167 69 30 253 203 100 110 3 200 112 179 62
    244 138 43 92 52 37 73 63 4 145 107 163 174 189 162 200 249 93 0 162
    38 76 49 147 73 35 210 250 178 207 141 5 227 159 227 142 31 201 248
    225 101 188 175 26 110 97 180 16 97 50 172 12 7 92 71 132 91 65 99
    61 113 160 209 133 231 81 146 122 207 189 0 209 219 143 59 40 121
    199 134 244 79 63 50 34 24 35 2 206 221 203 184 227 218 129 54 103
    150 200 209 29 0 52 196 91 123 164 176 94 247 200 195 253 23 240 248
    184 240 197 79 210 201 128 24 250 153 29 43 116 134 252 77 169 118
    55 84 43 239 68 244 220 141 110 8 193 225 48 11 112 164 226 229 110
    220 219 162 78 161 211 16 180 199 196 95 227 151 135 108 206 15 196
    82 139 130 181 234 2 72 10 117 3 138 87 24 176 125 6 30 137 205 198
    52 83 187 20 91 178 18 219 71 195 51 234 232 112 115 213 149 67 96
    103 48 242 140 12 8 224 56 125 121 126 255 208 50 214 24 201 52 246
    198 102 114 148 201 174 176 19 0 36 233 99 108 113 31 255 30 202 141
    10 125 32 123 3 170 148 94 225 194 176 101 170 15 91 157 69 197 15
    74 40 145 121 250 51 193 139 140 110 14 157 111 58 74 19 190 19 29
    247 194 238 59 228 117 180 11 185 234 221 91 95 110 81 111 64 199 83
    97 135 251 5 168 145 74 27 237 206 98 133 69 187 171 10 19 191 116
    67 141 209 121 64 112 131 232 11 77 108 255 120 42 52 91 203 57 174
    103 50 225 141 166 237 149 121 159 196 49 144 94 132 3 194 46 112 73
    31 244 157 181 134 98 107 144 220 167 99 234 86 108 254 172 45 17 74
    2 64 97 93 53 65 222 57 35 96 126 244 158 237 215 52 254 88 76 8 179
    247 37 3 52 234 94 51 141 209 32 188 159 97 213 101 18 173 165 67 47
    166 148 32 113 234 60 113 151 237 113 68 208 185 76 233 206 2 106 69
    49 222 39 216 147 131 218 69 109 33 52 214 133 112 134 156 70 94 54
    115 97 191 151 33 18 47 136 127 113 31 135 203 221 110 234 228 21 23
    200 191 121 207 228 194 134 56 236 25 239 241 13 211 65 34 15 206
    254 61 127 25 141 84 69 77 190 104 212 83 73 221 125 140 6 103 191
    167 238 15 8 69 26 158 182 238 35 34 157 77 210 226 111 2 249 130 7
    234 239 102 149 129 154 171 102 150 162 19 238 124 5 30 155 73 35
    173 11 145 25 203 102 249 176 211 92 62 105 170 166 223 37 161 185
    20 18 112 141 241 131 76 100 58 241 121 251 183 207 149 233 34 72 19
    105 202 238 134 34 43 36 56 97 146 78 62 50 43 253 5 51 145 81 113
    117 34 178 33 37 171 246 116 179 231 153 12 190 49 22 225 161 162 20
    186 4 217 150 23 198 22 63 62 56 111 223 85 219 135 225 157 129 182
    131 76 59 151 145 103 31 68 227 2 157 85 72 48 44 240 94 8 35 109 60
    244 162 215 75 180 105 21 15 77 106 142 139 131 104 63 86 34 67 118
    11 140 141 149 247 10 19 38 2 26 203 101 30 170 103 0 187 52 238 106
    198 230 27 110 206 210 192 25 19 49 134 110 96 112 222 202 18 225
    242 4 203 120 174 182 167 188 72 2 39 52 11 30 17 38 107 33 145 90
    57 177 214 175 90 252 197 17 16 47 252 54 177 57 57 210 214 158 108
    55 169 115 48 94 166 210 244 206 228 174 54 197 73 107 145 140 8 58
    96 152 106 10 123 186 253 88 174 177 101 175 81 16 205 205 44 232 86
    125 156 178 147 11 228 135 198 31 195 109 164 96 105 228 171 102 73
    191 153 199 37 165 129 111 207 31 151 187 29 127 70 141 182 7 245
    221 65 245 86 44 46 12 121 134 241 123 193 202 6 154 50 57 92 250
    161 73 99 138 64 120 192 214 205 229 247 239 242 225 63 51 235 250
    32 168 157 65 218 235 94 219 146 126 49 193 105 173 137 26 164 41
    159 103 140 254 105 210 16 238 131 222 180 68 50 152 53 50 155 130
    225 214 27 101 38 23 53 15 158 154 108 4 140 86 170 87 177 211 221
    60 151 112 25 15 29 194 183 165 78 46 6 117 109 5 11 140 233 83 213
    26 64 188 236 113 171 104 209 109 97 195 54 30 53 51 15 211 130 7
    189 46 20 141 242 130 168 240 70 47 149 195 41 192 180 176 199 79 31
    141 198 237 102 180 82 34 140 182 171 110 221 227 9 104 140 29 54
    122 229 162 225 253 42 155 172 145 49 192 70 70 17 189 104 108 115
    230 137 0 94 200 238 224 16 231 119 128 131 58 25 154 43 233 109 145
    48 85 122 206 17 96 143 99 45 246 40 58 160 144 107 170 80 155 231
    16 162 103 14 152 83 64 230 3 2 55 191 1 145 241 3 129 175 46 243
    124 188 67 186 110 193 222 230 159 213 50 8 188 202 154 116 249 229
    169 118 84 26 236 151 201 123 37 139 60 232 30 176 81 10 183 162 226
    70 220 208 209 198 107 87 216 178 16 72 99 146 190 221 28 6 77 144
    151 150 74 228 153 159 61 166 137 47 40 175 113 178 223 109 30 248
    103 216 152 52 241 50 156 35 5 72 29 0 195 225 193 7 163 159 250 190
    201 3 41 154 15 245 185 65 253 70 55 231 121 8 156 56 141 236 92 187
    4 241 179 70 171 95 232 62 205 176 183 201 53 223 255 65 151 28 247
    144 162 186 222 202 235 56 81 121 71 26 190 148 214 52 180 8 37 208
    95 232 88 43 200 58 142 20 147 128 138 47 164 190 61 139 112 208 152
    73 31 191 41 75 55 183 137 108 166 122 167 38 219 69 19 175 138 60
    37 201 137 192 153 129 251 96 59 98 77 228 68 80 147 138 47 237 234
    223 117 118 216 5 201 230 49 72 36 228 84 167 48 13 105 168 131 191
    71 149 230 155 105 64 236 128 198 25 40 143 38 94 71 190 180 170 94
    142 106 135 134 70 227 61 196 84 113 253 217 154 116 178 136 130 155
    89 15 215 18 48 250 9 125 245 86 57 226 196 196 105 58 135 11 213 86
    133 149 165 158 98 41 57 51 205 52 50 212 251 101 128 124 103 58 254
    146 149 83 152 174 212 144 123 50 73 112 80 111 24 210 123 255 146
    249 238 60 139 107 134 158 150 140 34 135 115 248 90 38 120 27 250
    188 153 26 30 66 63 74 94 180 55 204 3 16 15 64 144 80 141 242 160
    73 59 177 232 180 94 227 139 26 158 114 244 213 33 171 127 66 65 59
    195 220 119 152 5 237 128 196 138 15 199 72 193 134 76 20 189 194 43
    203 156 219 54 244 29 155 122 177 220 226 186 137 178 168 70 71 0
    147 92 149 99 215 148 20 215 92 79 215 165 14 223 78 54 147 197 154
    180 63 107 74 36 210 52 5 78 116 90 128 162 42 193 50 234 184 93 153
    157 105 249 158 170 155 241 83 214 205 161 79 24 164 252 247 247 39
    116 82 186 58 65 50 120 42 253 35 19 179 147 51 28 130 152 190 223
    195 45 195 5 211 60 71 184 214 122 209 36 27 50 12 176 217 114 51 56
    32 207 138 61 234 56 229 68 195 108 58 67 209 198 35 39 234 213 232
    3 177 50 92 172 244 244 141 88 2 236 117 170 146 112 61 157 77 77 41
    176 3 64 239 16 82 74 170 130 165 148 254 191 230 239 189 222 233
    122 249 186 107 15 157 151 251 245 189 209 12 94 86 235 167 69 22 40
    239 61 29 254 205 88 200 40 131 254 8 123 58 201 143 250 162 119 4
    145 150 167 71 184 245 201 37 3 217 173 145 122 164 24 96 35 23 220
    127 242 26 88 18 127 130 103 87 216 26 141 168 36 127 206 86 88 81
    138 12 2 191 177 147 197 85 118 127 157 75 126 64 168 221 105 139
    216 241 188 237 39 14 65 166 72 138 38 209 218 110 235 123 224 193
    135 37 5 245 145 37 241 79 20 50 59 5 115 24 31 25 153 17 11 115 8
    51 64 107 151 75 197 194 160 24 26 50 98 49 202 216 125 131 178 240
    89 7 207 181 232 60 61 26 120 172 87 34 234 246 24 10 21 147 89 161
    17 141 86 133 157 207 148 121 173 175 9 253 138 7 202 234 218 178 36
    205 95 36 237 75 95 129 163 110 174 82 108 181 42 79 80 78 149 49 4
    249 146 191 242 48 27 170 248 79 81 94 155 125 22 180 6 249 14 40 31
    109 255 33 163 172 166 36 23 164 90 104 86 216 50 238 255 90 1 234
    51 103 251 253 2 2 51 213 46 73 141 114 199 217 225 125 193 178 24
    17 203 148 168 167 202 121 169 20 98 179 2 164 131 51 161 156 2 230
    127 169 63 180 82 55 85 70 206 44 177 111 210 97 37 188 107 83 71
    189 238 111 211 223 227 95 169 85 237 199 155 50 249 192 202 86 82
    70 230 178 158 93 136 28 45 34 229 160 12 232 232 1 54 132 207 123
    246 37 96 241 167 77 9 188 87 134 142 191 169 118 69 167 237 125 242
    10 5 72 179 107 25 95 179 37 136 186 95 222 42 251 230 128 238 217
    32 179 83 59 33 98 191 151 94 94 19 72 138 3 137 42 118 29 147 122
    54 12 109 103 70 58 34 254 105 152 100 181 75 164 37 45 131 201 92
    24 2 45 146 128 141 115 59 168 210 123 98 20 220 75 140 109 171 126
    185 103 19 29 139 7 59 221 239 11 160 23 194 218 54 31 171 118 100
    75 45 162 42 198 155 186 144 4 82 153 32 250 92 9 44 144 233 116 136
    9 201 7 176 45 97 150 152 135 83 58 74 116 238 196 94 133 14 111 50
    83 62 149 177 38 155 67 150 74 78 50 174 246 95 42 200 57 191 57 203
    14 32 86 78 161 237 70 150 216 95 64 11 60 50 118 189 99 80 184 163
    234 214 95 20 183 250 51 14 209 115 199 182 84 56 201 75 70 41 143
    180 36 97 69 172 121 28 58 6 142 197 28 152 215 119 129 69 181 92
    209 33 235 63 249 180 152 145 20 249 53 189 1 115 138 124 209 3 156
    100 212 238 197 36 76 93 211 130 69 227 178 146 180 182 184 45 250
    93 108 28 232 156 111 129 196 221 177 176 51 162 117 160 245 29 55
    192 186 154 161 37 55 246 80 245 94 194 103 232 5 30 61 7 240 42 152
    7 77 125 161 60 253 246 19 71 119 241 89 154 84 100 26 201 12 193 45
    182 245 138 104 180 83 155 198 180 97 28 50 46 19 200 26 210 112 37
    228 97 18 190 177 143 253 163 205 238 88 3 14 217 75 129 17 224 151
    95 159 209 37 145 162 121 94 70 220 249 88 180 230 200 122 85 180
    164 249 193 240 39 162 89 105 62 241 69 96 83 81 113 163 103 222 168
    253 236 195 113 88 93 81 68 64 166 64 201 97 251 208 8 157 202 103
    193 127 67 152 174 155 47 218 19 118 137 98 175 26 73 76 44 72 203
    184 18 139 167 129 35 20 244 55 124 187 169 237 16 149 232 101 247
    72 34 2 184 234 41 247 34 17 194 226 165 159 64 255 135 49 194 243
    149 242 123 142 229 147 178 118 147 176 177 121 226 33 129 199 177
    253 197 119 179 218 220 230 209 57 102 27 178 50 168 44 185 161 140
    206 1 220 221 163 57 92 73 23 90 37 118 208 235 24 202 76 22 236 130
    187 113 134 74 168 226 53 139 168 132 94 22 65 210 84 89 247 115 79
    22 196 86 92 193 46 174 7 147 97 236 123 223 76 151 179 89 235 175
    241 168 166 240 73 90 190 143 161 203 173 19 54 54 140 154 194 60
    208 252 99 126 61 225 199 140 204 139 124 204 210 215 165 182 100
    237 233 151 117 212 170 98 226 198 240 30 220 22 157 147 124 226 30
    98 193 135 115 50 130 39 168 101 138 58 195 217 95 185 205 123 182 6
    69 222 54 152 34 207 150 187 10 21 247 34 189 59 40 126 25 113 23
    106 142 76 36 189 236 225 216 58 125 22 85 28 227 228 216 220 141 43
    83 216 14 7 243 194 229 210 112 183 2 128 93 71 30 126 136 20 205
    198 176 244 183 90 37 132 231 38 219 35 57 194 152 1 184 207 223 73
    141 166 230 207 100 36 193 45 114 3 213 24 241 167 19 206 199 67 26
    139 7 172 11 213 54 80 152 122 14 19 218 140 42 17 55 141 66 12 182
    65 100 80 8 117 1 113 190 177 61 213 223 207 124 107 148 236 236 117
    117 0 102 59 175 251 78 171 92 7 21 238 31 204 109 4 160 72 186 204
    186 44 8 237 170 212 234 99 175 168 26 163 77 127 59 26 21 246 170
    146 239 221 114 216 138 7 91 148 101 136 83 92 12 78 186 225 224 120
    241 11 137 184 49 115 127 18 154 231 135 134 33 166 181 16 37 56 235
    66 141 156 53 77 172 20 58 31 113 96 118 175 208 118 2 244 144 51 97
    227 187 129 203 149 37 217 161 126 40 7 169 98 190 228 2 54 31 150 0
    245 105 7 21 250 117 32 28 95 173 206 243 222 235 197 64 207 166 0
    26 90 87 73 24 85 73 2 24 99 204 234 77 194 109 219 35 129 16 81 128
    61 251 16 135 246 180 67 64 110 24 36 13 33 255 62 74 236 242 252 16
    154 42 230 43 43 120 214 117 147 42 0 240 133 116 234 196 84 146 174
    201 10 22 8 133 34 200 223 50 35 189 129 56 0 79 40 6 4 195 235 123
    253 188 148 231 195 76 83 163 229 214 126 68 255 22 203 18 219 88 0
    57 21 143 126 116 9 41 184 67 45 136 62 31 8 229 216 195 181 90 79
    194 22 38 163 175 111 251 240 95 85 73 72 3 82 241 34 214 77 250 12
    183 58 109 231 43 194 151 15 249 84 4 157 53 125 109 255 50 118 0 18
    3 68 185 95 179 184 187 24 129 157 162 200 187 4 254 139 134 182 84
    200 125 177 159 216 13 241 230 191 142 200 128 138 36 253 159 219
    248 220 79 37 66 232 147 205 187 51 5 119 60 134 148 83 201 244 228
    79 199 222 30 240 41 62 206 57 233 164 8 241 112 168 129 71 130 242
    127 204 211 14 29 91 198 194 25 160 127 227 104 78 237 152 148 63
    203 166 77 121 62 183 37 182 10 101 57 81 168 115 104 156 254 50 234
    5 46 34 12 1 31 120 191 186 182 177 147 239 215 12 96 58 151 11 243
    197 143 89 190 19 53 67 55 180 80 105 86 94 141 53 140 51 75 176 93
    93 65 123 71 29 128 212 253 112 82 76 252 250 61 145 30 5 130 210
    193 206 72 96 239 202 109 144 204 185 243 239 116 69 161 133 85 24
    100 246 253 35 210 43 105 56 81 220 162 59 82 200 50 54 201 18 118
    183 96 20 230 95 251 186 101 110 68 1 12 48 138 59 191 31 41 56 12
    183 159 42 18 137 112 80 211 151 42 254 215 118 78 121 74 251 102
    146 66 123 11 136 255 89 83 148 211 239 188 184 82 112 226 68 128
    223 154 9 48 166 199 135 56 119 49 242 215 87 124 177 195 118 152
    213 250 115 251 27 249 203 82 223 201 200 134 67 57 20 240 188 8 32
    181 172 20 180 165 35 52 255 130 209 13 110 44 40 7 27 169 56 93 192
    188 49 90 84 152 149 143 68 243 226 169 150 69 233 175 25 166 173 41
    218 177 192 138 72 203 94 13 53 208 149 123 128 197 96 101 97 242
    127 116 39 212 232 7 227 41 181 199 191 238 206 26 226 35 19 157 105
    231 60 104 87 20 7 227 228 63 162 73 47 189 78 20 38 250 52 156 253
    197 217 9 175 146 207 2 11 208 115 12 179 41 105 35 218 32 92 196
    125 59 74 180 88 136 20 58 22 233 3 178 119 226 6 92 72 187 193 241
    127 157 243 140 152 205 28 108 255 182 184 189 11 111 147 81 144 130
    98 231 10 208 225 18 162 183 28 211 190 64 80 141 14 25 166 89 176
    32 168 255 180 113 116 227 250 57 187 61 146 17 211 33 212 206 212
    240 84 233 68 27 48 99 34 108 108 242 244 136 154 82 193 196 32 252
    51 123 247 56 52 181 90 156 83 10 168 94 152 22 154 56 234 227 243
    247 216 174 35 254 44 6 156 241 51 192 192 225 215 51 179 250 93 203
    223 252 241 149 97 131 84 120 82 50 98 64 212 87 41 196 26 124 47
    226 41 134 119 171 4 26 250 130 224 206 22 195 44 108 7 217 55 164
    33 85 187 156 207 217 154 27 75 216 52 176 184 76 239 78 229 249 42
    108 178 175 55 124 118 29 209 120 147 124 14 159 124 53 19 86 160
    117 48 174 23 100 57 209 41 225 133 240 161 13 72 23 106 11 242 1 22
    1 136 67 60 131 8 210 253 205 85 44 94 35 242 126 126 213 66 136 226
    17 72 64 208 148 123 60 14 252 229 132 133 244 141 243 98 176 181
    238 221 156 154 218 145 181 145 238 63 19 147 165 130 87 9 4 250 42
    194 222 102 104 164 145 148 199 232 157 185 92 237 58 242 196 200
    186 125 208 179 16 88 58 138 76 32 164 208 29 102 165 183 135 220
    104 38 243 133 175 204 203 76 180 99 19 57 47 243 20 238 70 151 198
    254 148 57 91 177 196 243 79 183 128 155 156 157 190 106 131 174 148
    98 2 145 11 155 221 225 157 134 240 225 63 148 29 235 120 27 22 254
    138 89 3 96 190 49 28 187 34 112 51 225 215 43 47 238 207 114 22 120
    80 53 48 15 85 128 163 79 181 88 169 82 112 146 176 49 247 141 63 19
    48 108 90 188 125 31 217 133 207 205 17 192 206 145 5 19 29 42 141
    17 29 247 97 206 117 247 139 235 233 234 22 90 102 50 126 205 12 236
    225 98 217 254 84 185 0 56 42 107 128 106 6 255 25 24 219 14 100 248
    84 108 235 76 100 38 161 5 140 72 87 39 127 123 96 202 240 59 238
    201 12 187 203 8 73 188 15 141 152 32 236 174 200 57 6 244 43 169
    110 146 152 176 245 185 180 35 75 138 131 15 94 83 179 76 4 225 107
    251 184 12 152 20 253 105 242 239 151 96 176 95 15 107 21 232 149
    138 184 150 151 63 134 148 224 248 38 56 218 44 235 18 238 182 161
    31 241 177 249 108 169 164 140 50 151 169 111 4 149 200 31 144 78
    186 199 164 240 234 205 161 194 70 192 228 114 85 133 65 209 84 33
    116 26 135 18 4 80 96 251 50 36 168 179 107 75 162 86 33 178 13 11
    207 100 141 220 75 254 42 173 181 133 89 118 254 190 171 37 69 183
    215 102 143 140 207 134 0 59 98 10 102 191 97 108 85 167 1 253 184
    239 202 116 148 196 65 62 35 109 68 15 19 237 220 14 55 173 202 210
    238 188 217 147 134 244 139 213 11 234 96 3 95 218 20 172 153 253
    234 145 58 226 197 218 56 11 253 123 174 246 38 138 232 194 248 51
    18 73 39 120 216 171 158 128 96 13 83 97 8 53 196 178 92 184 132 7
    106 30 121 202 79 157 222 242 175 41 80 150 249 24 213 148 253 36 5
    40 25 147 23 80 143 78 196 208 223 9 232 60 228 124 52 93 35 235 132
    199 84 165 30 82 248 27 72 224 41 5 76 23 54 114 139 37 213 193 126
    230 205 83 188 53 38 107 186 4 206 160 45 169 141 181 63 104 247 181
    115 159 137 40 196 110 203 35 173 123 83 91 249 171 95 4 106 127 20
    14 250 187 102 137 176 93 226 152 106 68 160 150 193 207 14 247 135
    78 123 11 195 203 251 44 123 170 193 57 145 74 98 110 210 230 93 92
    85 199 166 148 197 126 22 13 90 130 136 208 236 237 148 64 196 111
    31 21 200 109 79 155 254 80 66 161 231 202 6 135 49 110 244 57 99 68
    40 227 48 25 149 102 234 204 167 57 236 85 220 165 84 116 210 172
    232 139 183 196 104 218 244 127 223 68 97 238 13 208 100 100 99 104
    193 154 17 226 163 208 65 22 20 55 151 109 181 39 182 197 9 44 73
    178 34 158 211 144 248 90 172 5 253 82 98 15 159 116 178 41 193 26
    30 110 144 226 115 167 141 247 92 7 75 236 113 99 121 30 109 198 36
    248 65 11 140 116 208 164 114 99 149 102 107 184 43 80 248 179 213
    119 30 36 184 42 120 181 191 72 133 117 159 12 81 193 243 50 35 122
    116 88 87 15 206 167 154 251 42 162 129 141 153 178 24 53 185 195
    231 84 221 66 194 135 31 159 42 76 80 2 122 41 59 45 53 41 158 12 79
    158 4 80 207 19 20 115 138 28 251 247 10 109 102 241 197 202 25 128
    237 25 254 162 153 94 127 23 175 97 68 74 234 178 76 1 85 29 202 181
    5 164 106 212 173 38 28 111 19 81 157 36 32 76 235 11 172 208 2 85
    251 143 177 110 137 119 210 230 90 18 129 246 104 144 30 31 249 238
    171 65 47 241 149 51 15 107 96 34 23 3 226 179 163 238 4 154 146 216
    6 61 175 213 77 89 239 195 235 239 11 152 101 162 20 255 32 157 231
    83 85 169 10 123 255 162 46 67 58 198 236 68 163 252 83 123 85 88
    238 162 113 56 251 21 173 36 114 252 195 37 136 180 230 247 181 219
    234 56 164 116 19 102 17 151 107 78 240 152 202 179 137 110 42 206
    236 20 119 16 129 60 190 63 252 175 138 250 238 102 77 24 215 114 90
    185 144 161 107 218 215 131 220 29 231 164 80 255 144 202 185 162
    254 240 156 133 213 234 161 229 24 170 31 58 30 164 153 126 59 20 55
    8 21 203 66 60 39 114 71 137 2 43 248 23 91 168 240 242 144 29 37 60
    238 33 231 101 87 54 11 129 146 232 173 106 7 92 204 148 165 48 190
    172 116 134 35 173 74 33 113 158 222 51 102 121 15 180 83 177 243
    230 80 153 32 253 58 48 53 153 189 145 118 145 119 62 18 19 74 87 54
    1 70 108 149 77 35 62 28 71 11 237 250 48 22 123 34 54 50 135 219 60
    159 108 168 47 192 119 186 252 156 227 14 162 195 111 17 47 122 83
    10 155 137 252 89 245 189 60 60 214 23 99 70 162 114 42 122 9 141 28
    154 28 92 86 243 94 62 84 71 76 179 130 178 183 170 80 137 17 65 79
    135 5 67 153 239 20 213 88 122 30 219 34 218 201 130 31 115 23 158
    205 105 228 25 119 69 151 146 95 107 42 179 241 197 181 105 47 99
    178 72 57 81 102 42 86 7 238 180 160 41 106 101 238 227 17 242 251
    229 193 105 170 81 5 201 17 245 45 24 219 18 175 65 161 239 120 40
    13 125 181 137 17 23 229 21 191 99 151 29 168 28 185 92 229 18 90 31
    34 149 24 231 237 254 102 74 47 165 7 241 237 211 228 213 104 4 243
    129 110 7 53 179 165 109 7 100 6 214 19 73 251 164 4 99 75 210 157
    178 52 60 247 202 177 147 241 103 154 251 237 16 194 37 74 49 111 60
    168 228 58 82 14 149 172 60 93 166 145 170 249 172 191 64 185 97 15
    22 4 20 181 82 37 177 48 36 101 32 183 254 137 116 161 184 87 1 23 3
    117 210 221 83 186 132 215 52 46 197 216 147 219 91 72 228 29 226
    156 56 62 171 19 124 251 169 37 223 137 123 75 189 158 139 211 140
    168 140 179 114 92 68 80 208 106 150 112 143 181 52 168 162 252 163
    151 66 58 21 22 87 53 166 235 154 194 241 248 193 132 28 48 222 170
    90 125 233 16 232 64 112 163 128 162 250 148 187 15 159 90 11 159
    200 164 223 254 236 40 232 88 126 160 32 234 24 234 143 168 5 1 24
    252 154 32 5 221 112 128 42 200 186 5 56 51 151 227 71 5 13 61 166
    125 184 92 108 213 217 238 54 201 136 17 224 232 15 81 31 147 206
    177 21 56 51 96 248 116 71 98 215 233 87 223 81 214 19 236 188 41 43
    243 45 1 5 123 227 120 135 139 213 208 50 246 191 80 119 136 133 52
    162 78 148 220 181 21 0 117 20 34 215 31 25 30 246 164 64 35 72 94
    11 102 42 225 206 119 64 81 114 43 228 0 209 90 143 181 191 161 4 90
    245 2 204 212 58 163 178 158 169 33 186 113 22 5 197 6 70 46 92 115
    196 106 73 97 204 212 65 199 26 106 104 154 115 79 187 118 182 245
    18 158 27 214 175 188 232 79 153 208 191 230 244 144 77 12 22 250
    228 101 34 119 0 111 94 218 67 40 36 209 222 8 58 203 124 2 35 107
    87 151 234 58 223 255 253 243 216 20 226 250 54 210 166 136 0 59 98
    216 144 191 42 122 171 232 4 196 10 225 183 238 212 242 192 62 229
    181 26 27 243 30 152 59 195 196 254 71 23 56 210 227 15 184 96 141
    203 12 146 157 188 180 180 249 163 67 4 214 135 144 148 129 165 249
    115 172 38 145 85 91 150 106 14 216 221 173 67 231 5 184 199 231 192
    242 116 75 151 153 116 202 9 95 72 93 41 71 30 129 145 215 63 86 1
    204 191 16 243 142 68 83 205 129 0 106 147 97 105 48 159 101 209 118
    102 136 141 215 237 11 153 251 157 153 240 91 176 70 107 124 120 171
    254 150 179 213 112 77 49 171 133 58 170 30 148 222 4 236 58 110 108
    94 101 228 1 212 241 102 209 107 40 140 226 203 136 127 114 57 184
    134 248 109 35 144 203 6 149 39 242 199 45 13 6 145 12 3 76 153 212
    135 187 78 63 226 173 250 167 93 35 11 121 194 200 227 119 104 160
    167 146 252 213 110 59 58 131 79 134 213 164 194 179 249 23 2 182
    218 76 242 183 171 102 84 173 236 105 117 7 130 21 181 11 121 180
    157 190 167 42 21 28 233 56 67 72 127 201 52 166 151 255 79 204 99
    171 76 186 51 17 195 200 247 203 122 159 252 42 36 244 90 148 179
    212 130 22 72 96 71 201 197 235 145 254 102 96 138 0 201 154 165 8
    129 246 80 49 22 22 159 230 169 3 254 118 94 183 144 95 196 13 22 86
    225 48 23 132 219 153 168 115 183 223 17 61 111 122 103 18 22 37 237
    160 13 194 221 128 13 48 245 191 236 163 82 57 95 185 215 227 6 59
    20 49 12 6 9 241 157 160 60 52 118 105 218 4 86 107 2 30 39 61 121
    218 181 62 21 93 171 253 122 116 171 170 63 140 192 200 133 50 195
    126 28 165 144 121 29 195 80 236 181 15 161 8 99 92 17 186 15 15 35
    168 87 71 81 17 170 6 56 149 116 7 101 227 128 95 19 186 14 104 178
    31 210 81 24 27 45 22 2 40 125 137 1 134 91 163 201 232 247 61 100
    239 148 234 102 135 24 200 76 25 230 82 150 175 130 212 16 77 79 173
    25 107 233 180 50 150 191 144 35 31 78 212 4 49 18 159 174 181 134
    253 76 101 152 223 52 159 173 46 44 83 248 93 188 4 245 248 97 184
    202 31 253 183 130 236 176 72 89 72 200 24 66 163 49 184 138 15 89
    153 5 171 16 164 126 220 184 93 44 28 152 24 19 104 140 178 251 219
    65 98 65 227 141 70 222 36 180 228 9 55 88 0 225 197 184 65 243 72
    114 176 21 24 53 178 224 118 168 110 23 212 124 102 84 199 220 43 29
    147 195 232 136 179 51 48 2 180 161 176 95 211 41 218 56 97 9 106
    166 253 76 197 255 113 198 29 246 128 234 188 102 201 113 58 182 67
    160 96 212 186 232 242 178 118 54 53 49 19 99 181 228 162 243 202 13
    109 131 203 200 143 79 249 136 171 71 105 162 25 93 188 222 37 130 1
    74 41 5 124 48 175 215 177 31 29 64 112 206 26 218 12 119 157 110
    110 67 164 246 43 27 212 187 216 227 139 163 159 106 223 132 162 170
    174 122 1 166 134 197 201 116 171 18 57 164 222 61 200 45 86 56 161
    34 73 199 164 12 128 197 12 28 128 249 162 175 82 144 141 100 246
    183 214 74 41 91 147 236 155 244 171 169 39 211 221 95 114 236 115
    234 175 243 251 249 31 140 127 150 255 111 54 170 81 208 33 221 232
    87 223 23 190 169 63 134 200 97 9 202 218 19 149 215 182 49 17 233
    110 31 189 29 219 33 159 122 13 151 10 238 231 114 239 159 13 5 120
    206 159 202 238 235 132 203 7 61 125 190 71 64 146 113 105 117 195
    80 77 254 2 201 24 15 186 125 203 138 239 150 251 76 232 209 154 128
    250 180 247 151 247 146 229 240 184 218 243 54 65 191 253 111 178
    114 40 191 0 221 86 50 5 38 58 171 36 8 5 145 202 247 62 35 31 148
    159 241 99 128 82 196 27 184 138 253 175 42 163 193 106 129 207 168
    143 15 3 28 85 186 6 71 252 12 103 174 124 16 240 64 65 156 99 55
    182 225 72 90 108 105 162 199 189 215 61 132 182 72 242 5 125 224
    155 162 63 75 110 254 51 146 152 193 118 71 198 233 175 41 39 113 77
    69 105 61 206 112 150 47 217 65 191 151 48 3 124 126 112 138 10 194
    234 44 42 180 234 128 196 210 187 254 210 81 23 209 39 111 64 185
    107 201 219 20 99 137 115 188 38 188 59 214 234 161 48 76 254 186
    216 32 57 130 43 119 107 56 240 222 36 61 24 153 109 57 163 30 175
    200 221 159 125 57 12 12 185 5 127 11 151 151 98 62 38 55 200 49 188
    206 254 253 76 16 113 166 54 195 185 210 29 64 112 13 124 218 168
    154 199 142 162 72 209 103 131 52 150 87 38 41 22 187 52 128 16 38
    186 232 112 128 64 110 24 73 110 61 228 235 100 180 159 111 216 59
    91 72 174 56 27 130 55 205 247 100 23 223 189 12 191 170 66 125 60
    160 254 197 158 15 37 60 169 103 94 86 31 51 176 86 71 211 8 119 50
    222 149 42 218 9 132 48 32 107 233 186 14 124 119 29 20 170 86 40
    196 108 167 110 90 253 243 220 228 74 245 240 221 43 234 105 197 119
    40 127 203 240 21 86 28 153 61 62 17 97 252 97 58 115 239 4 81 175
    52 181 160 92 147 21 40 102 171 79 232 142 247 93 7 18 73 160 253
    127 171 23 87 80 227 113 192 200 79 127 84 128 112 169 165 79 38 144
    0 220 53 136 90 102 247 213 151 180 122 236 182 24 71 57 190 197 112
    5 5 66 45 196 157 27 206 70 31 54 154 26 20 77 62 75 116 185 245 121
    164 22 212 22 184 140 170 209 37 196 127 28 218 26 68 110 0 47 84
    140 110 29 100 5 214 252 112 67 152 244 20 226 196 125 54 162 58 253
    59 23 69 70 216 57 195 75 34 31 75 53 184 63 207 4 116 157 178 119
    31 249 19 228 1 100 210 108 135 29 79 14 8 31 66 157 236 125 109 39
    100 45 140 23 24 71 223 82 132 175 244 106 9 185 71 47 250 58 74 62
    246 43 20 5 28 47 187 93 156 119 88 201 14 139 254 253 21 103 105
    231 111 160 115 121 170 153 71 89 129 212 212 35 16 168 208 78 186
    205 211 195 234 157 8 172 82 85 227 87 220 252 224 110 50 242 240 5
    45 53 230 222 250 93 100 111 42 142 239 82 122 155 176 249 134 219
    120 208 233 78 184 169 41 227 54 213 16 77 169 209 174 41 28 239 58
    215 89 216 20 83 226 64 24 149 176 178 56 108 97 116 53 49 183 199
    232 156 21 138 20 196 72 223 134 133 126 3 122 208 19 149 155 193
    206 253 144 156 167 60 65 241 166 45 237 243 161 233 183 53 64 141
    177 155 223 187 102 181 121 33 134 171 48 138 222 182 171 94 70 92
    16 177 197 118 90 31 157 131 165 243 149 65 103 32 80 218 84 154 155
    132 217 48 34 137 148 102 56 82 146 81 70 41 196 164 243 160 243 146
    126 22 86 152 166 1 146 101 101 96 234 57 197 106 200 217 41 191 194
    89 156 102 207 103 239 56 55 250 240 69 168 16 236 254 81 98 212 92
    4 249 115 99 149 1 213 61 18 168 10 230 147 47 205 35 46 253 169 187
    59 81 150 18 2 34 201 182 244 82 134 76 176 180 159 106 230 49 162
    46 148 2 161 10 20 2 238 221 3 109 84 163 143 240 102 154 40 237 159
    48 172 175 135 113 162 88 183 242 210 170 101 144 22 153 19 90 58
    187 103 161 61 8 20 6 187 93 127 183 145 227 34 171 204 200 253 87
    56 232 184 68 53 94 34 236 31 82 117 77 73 245 243 135 63 165 118 7
    183 208 224 98 81 181 196 121 239 173 158 74 129 238 91 19 117 102
    238 64 188 25 128 92 99 188 47 219 27 165 199 163 25 104 215 56 107
    177 164 250 6 15 127 3 155 131 77 187 59 9 117 217 85 165 74 228 49
    141 164 163 197 77 119 27 72 38 231 207 35 183 47 201 196 23 232 18
    166 195 149 250 240 91 178 188 181 136 148 107 8 216 49 88 236 15
    200 10 227 2 147 170 178 96 45 44 235 67 97 39 29 110 188 176 25 126
    68 29 101 229 249 140 72 158 181 141 19 5 187 1 153 147 92 149 150
    137 6 47 105 12 55 26 49 17 100 67 160 112 9 33 154 230 165 233 57
    227 151 88 215 124 103 56 45 25 36 144 252 154 234 151 225 42 228
    120 112 147 46 14 214 10 161 206 35 208 229 97 111 214 115 155 102
    44 179 138 93 227 3 9 102 195 118 109 176 19 12 35 190 252 139 204 6
    186 243 132 169 216 73 208 58 217 47 60 233 6 33 74 154 161 170 80
    132 55 241 95 232 124 153 223 82 8 110 241 123 23 134 80 89 219 180
    217 96 211 224 242 249 125 67 70 202 38 39 252 184 105 96 125 243
    165 114 103 36 230 8 25 104 151 133 82 227 243 163 253 87 41 155 140
    35 228 106 233 255 146 92 9 148 179 144 65 151 63 153 31 215 74 81
    173 240 89 171 6 239 253 154 208 54 254 137 34 244 156 70 96 31 185
    254 50 226 118 135 115 148 110 85 73 251 99 141 237 82 228 17 255
    193 107 136 104 207 85 215 74 125 113 231 61 245 232 67 58 107 98 16
    114 28 112 136 227 152 82 47 204 37 133 214 182 25 233 249 123 125
    220 91 195 41 192 214 250 98 185 59 152 224 73 98 141 239 15 40 74
    202 69 165 96 224 3 17 213 107 208 1 57 141 194 157 174 234 255 96
    132 253 141 171 2 227 33 62 252 171 246 251 34 98 105 235 30 85 196
    253 63 78 64 189 105 115 91 130 242 68 144 75 50 38 67 164 123 76
    249 129 225 70 223 21 132 120 138 26 59 120 181 51 102 58 215 10 31
    84 60 9 242 117 7 119 93 236 105 8 199 229 218 0 19 161 138 11 138
    232 53 28 3 155 47 232 145 108 230 163 95 236 210 147 0 199 246 41
    21 181 241 154 145 166 84 151 131 25 168 177 219 33 107 180 94 217
    114 163 162 76 162 9 103 95 87 142 238 43 255 164 73 164 142 9 10
    179 17 79 88 105 168 183 211 222 165 198 202 236 171 215 108 61 161
    159 91 30 197 37 127 26 161 239 125 117 107 91 231 84 196 10 168 98
    0 94 75 175 243 227 246 127 235 74 149 164 69 170 185 189 175 182
    173 148 224 166 122 49 255 61 160 254 242 26 248 99 116 235 148 226
    94 41 92 35 19 86 115 31 46 191 193 141 187 198 81 49 8 223 135 38
    10 61 90 223 203 106 244 121 173 101 100 17 140 217 19 149 103 52 57
    186 84 5 105 163 43 56 107 99 232 5 244 113 83 111 81 102 26 15 41
    185 124 222 15 103 54 68 186 189 107 112 226 238 127 49 162 240 2
    143 97 61 10 17 244 42 176 61 27 45 16 140 226 35 138 55 177 38 182
    227 40 137 126 137 247 170 164 171 218 210 169 66 17 144 68 1 131 57
    56 189 11 164 231 50 47 251 174 79 116 254 230 81 193 10 62 211 146
    28 128 43 29 252 211 130 43 241 24 100 178 205 175 14 115 209 72 255
    180 153 98 35 158 93 36 174 7 10 210 25 73 114 172 36 63 144 239 15
    205 34 53 239 221 168 111 28 247 195 3 217 183 98 74 140 223 1 143
    164 236 27 59 193 227 163 194 134 56 75 57 129 253 132 201 121 216
    136 223 255 250 64 232 211 85 31 217 61 104 143 1 61 199 120 22 67
    175 74 183 11 83 249 41 129 59 77 216 21 35 122 22 39 222 65 232 67
    165 224 20 228 174 101 37 94 204 245 198 150 25 8 83 77 99 15 189
    233 15 120 174 58 114 132 152 185 102 206 34 124 160 54 65 158 202
    118 108 80 21 30 89 155 180 72 69 149 52 63 195 122 67 168 157 203
    99 6 195 179 113 174 230 176 36 244 152 50 155 187 202 192 200 248
    173 114 8 50 45 118 128 250 73 151 79 84 220 156 126 248 91 47 129
    183 206 57 185 224 181 129 59 228 151 36 242 10 127 251 22 56 60 57
    6 11 86 151 136 66 154 237 182 4 250 161 114 214 200 98 54 198 230
    89 127 165 191 56 141 102 235 109 243 61 149 95 75 167 45 132 166
    200 159 1 236 252 220 139 140 86 24 204 250 59 128 214 142 34 164
    176 49 154 185 64 31 183 58 99 77 248 128 236 62 237 59 48 51 190
    175 102 59 38 190 94 137 252 78 48 214 130 85 168 33 89 114 86 52
    195 74 35 246 233 8 8 196 111 150 200 155 201 31 108 243 55 221 11
    116 185 237 152 195 88 14 247 240 9 44 135 121 69 51 49 125 163 185
    147 214 147 242 18 147 242 143 205 252 2 251 222 201 234 79 107 200
    71 156 112 114 35 37 168 4 192 105 132 175 168 108 213 26 127 242
    230 188 32 252 18 128 21 186 76 27 74 126 82 92 154 163 190 96 96
    184 35 77 149 246 34 145 17 245 49 130 75 244 165 187 0 46 170 198
    24 7 103 154 61 156 82 159 88 187 98 76 195 211 117 31 245 61 142 26
    226 25 81 193 32 200 139 82 18 160 48 67 233 16 71 146 33 130 207 84
    192 232 101 27 113 93 123 20 146 219 84 19 130 158 4 31 38 117 55 4
    45 109 230 94 134 111 98 75 107 230 249 160 155 103 77 147 12 240 85
    243 223 121 251 254 139 128 204 39 7 135 42 229 134 242 49 143 42 60
    241 69 71 111 226 14 124 209 44 148 32 46 182 218 138 72 132 232 133
    215 68 155 250 146 61 115 144 142 85 66 191 112 169 178 73 147 140
    136 228 93 170 86 3 213 124 196 135 251 7 155 93 157 87 145 62 59
    128 247 168 39 30 115 67 6 221 154 254 222 44 104 75 102 171 242 76
    67 187 252 32 38 93 101 78 218 85 82 31 7 68 22 173 210 225 69 3 140
    117 149 209 178 61 236 140 176 237 32 71 77 25 44 10 228 70 110 138
    52 46 178 105 102 5 221 77 124 112 81 14 151 189 179 39 115 61 98 13
    192 211 102 49 98 1 34 219 96 204 226 44 60 79 4 150 131 31 26 82
    249 53 235 137 114 9 244 40 251 118 251 65 219 67 81 106 58 73 75
    175 33 87 161 146 146 128 26 50 139 22 224 214 227 182 67 114 251 55
    154 96 217 36 63 199 8 173 203 218 161 91 13 102 175 83 191 127 95
    39 221 125 73 65 31 165 28 48 124 204 233 222 119 154 97 192 132 189
    254 101 62 163 71 189 42 99 23 184 163 97 37 11 105 22 217 133 51
    116 203 116 232 180 58 192 226 204 154 236 229 222 77 49 15 208 8
    162 193 146 78 168 243 6 114 168 28 9 39 110 14 91 72 103 152 15 77
    103 233 14 154 80 35 235 75 129 232 235 171 124 142 126 107 166 159
    70 251 63 166 150 162 182 125 88 129 35 126 134 35 248 54 19 214 185
    35 125 180 6 143 210 67 119 211 8 197 66 13 45 176 213 96 50 64 105
    107 172 212 36 128 93 97 43 158 76 45 127 126 40 89 145 126 174 121
    170 82 231 47 69 36 214 209 60 14 211 245 91 42 255 164 99 44 31 162
    135 16 191 215 170 49 74 199 35 50 39 52 215 182 201 49 203 43 18
    109 245 243 225 232 169 226 58 69 163 195 95 219 56 221 164 234 37
    99 128 113 26 254 255 54 146 117 186 75 36 170 3 165 124 243 59 229
    104 223 8 207 96 200 160 29 117 207 40 110 183 113 88 152 200 5 74
    214 173 248 19 191 122 98 82 202 130 175 157 232 6 9 56 246 14 7 186
    51 86 240 51 49 253 170 75 169 134 4 14 60 255 55 113 85 7 64 17 41
    112 11 3 35 137 163 237 3 186 252 48 38 177 252 58 213 146 59 158
    240 129 186 235 126 199 9 105 229 144 32 239 63 179 132 213 90 31
    228 180 108 115 60 255 182 14 253 15 140 183 222 98 47 107 163 216
    180 153 70 241 228 144 146 191 134 247 213 155 200 232 211 72 140 77
    162 107 77 125 103 244 182 141 210 103 132 176 209 151 108 159 157
    186 142 184 155 173 249 6 93 176 0 104 245 116 225 217 211 187 46 56
    82 75 171 184 101 214 122 164 130 25 164 59 163 254 195 160 137 184
    19 223 117 221 190 20 127 60 54 79 127 131 226 16 143 103 196 242 63
    246 72 132 9 92 255 238 9 131 15 245 208 39 65 113 177 178 196 216
    85 151 43 104 178 1 89 85 150 236 243 0 109 155 178 57 217 194 212
    43 82 215 3 97 71 22 26 222 215 17 47 101 83 27 6 171 65 209 89 142
    173 146 69 104 166 227 13 53 10 78 139 172 222 129 135 180 78 153
    119 33 12 32 55 136 93 10 244 70 241 127 132 78 246 45 196 135 137
    186 29 23 174 238 170 137 195 34 55 222 41 114 21 252 208 191 143
    203 133 31 110 51 37 83 158 247 250 248 80 102 18 24 23 181 105 173
    219 192 41 151 22 145 68 83 114 13 201 91 24 167 218 101 243 77 18
    65 148 14 110 152 249 165 117 185 231 34 223 97 131 150 231 47 181
    239 101 191 103 146 173 105 95 177 88 201 35 251 233 62 235 30 31
    106 100 85 3 175 146 110 171 106 244 87 25 198 26 72 125 246 24 121
    70 194 250 104 131 211 148 39 165 214 165 116 73 43 121 129 186 117
    141 186 27 248 96 164 22 93 72 215 171 200 163 60 244 95 216 143 178
    201 104 131 206 241 98 70 17 41 128 148 126 117 83 52 178 61 181 219
    142 13 124 125 234 107 22 155 89 244 224 114 137 21 147 107 222 48
    48 137 89 226 186 125 192 233 196 159 104 142 66 100 199 25 50 14
    230 67 31 111 199 165 216 1 60 60 77 218 248 227 221 89 128 175 140
    127 56 144 2 235 43 41 87 101 241 232 204 87 244 211 170 217 150 226
    211 110 112 62 228 42 231 116 24 58 70 161 154 112 122 114 248 234
    157 84 49 11 20 226 35 82 57 32 155 35 217 102 51 215 164 7 182 242
    241 204 27 114 131 164 2 8 165 69 157 40 145 18 115 107 140 54 190
    227 87 90 44 233 40 213 236 162 52 127 163 10 216 217 93 240 4 16 98
    149 71 155 24 124 55 130 87 236 163 235 165 222 123 136 231 166 12
    195 255 164 60 226 56 156 18 170 122 134 78 100 123 146 4 54 54 50
    93 118 9 166 186 137 184 142 126 150 64 166 249 182 32 28 187 44 136
    160 126 184 233 51 223 153 39 124 10 133 69 66 59 43 5 95 239 66 180
    193 63 147 226 163 154 180 34 6 211 174 4 234 29 145 170 103 46 93
    217 179 117 85 95 248 232 175 247 159 102 113 165 3 61 110 138 114
    93 18 150 62 206 37 236 134 251 4 59 178 189 111 214 173 175 194 238
    251 27 15 65 70 225 181 84 187 157 137 36 18 166 137 240 129 207 117
    18 218 229 216 57 172 251 232 245 36 202 217 123 175 104 0 157 44
    106 170 13 249 110 202 200 206 25 90 181 12 127 231 153 205 202 252
    28 153 145 254 249 221 236 2 95 11 59 134 44 95 235 234 49 43 254
    192 235 209 126 209 60 23 29 70 246 214 9 160 103 18 11 137 154 181
    22 141 150 78 232 176 245 2 50 239 79 182 240 108 204 88 76 165 247
    133 42 223 104 164 139 9 165 23 9 110 198 95 92 131 114 93 19 167
    201 191 84 242 199 89 245 201 44 145 68 144 52 96 125 68 91 3 204
    193 26 189 19 181 114 16 58 42 143 175 70 70 37 221 202 249 25 211
    178 189 197 73 0 174 152 69 249 159 202 220 201 174 139 213 27 133
    158 237 94 213 99 78 143 22 248 35 47 78 159 185 168 120 231 195 81
    248 11 80 206 196 102 19 133 196 112 204 165 120 242 223 170 98 251
    210 211 240 249 69 80 198 105 220 1 36 94 21 117 214 149 231 226 28
    77 49 13 6 95 171 138 44 15 182 239 151 245 70 167 35 182 91 154 118
    207 215 219 87 205 97 255 137 42 211 113 37 159 15 67 168 70 163 25
    134 119 19 137 200 2 210 52 108 64 108 59 8 207 240 220 89 195 15
    174 198 9 80 6 51 82 108 19 154 8 177 78 209 162 249 233 129 43 117
    131 184 90 9 2 7 194 52 197 63 218 202 164 179 211 15 95 24 207 86
    246 177 61 145 196 51 243 247 109 140 152 230 46 162 135 23 151 0
    243 183 126 163 178 172 117 17 151 210 186 190 233 240 211 222 223
    185 188 100 117 253 53 137 13 235 154 86 106 124 52 64 122 95 59 112
    12 167 134 69 254 120 165 242 200 156 46 146 158 217 247 252 20 244
    121 230 117 2 98 144 51 141 17 93 90 239 217 31 161 51 121 247 29 74
    53 85 183 204 219 52 7 125 106 12 34 156 125 106 117 123 177 36 239
    30 188 50 207 167 181 3 250 104 33 106 120 173 5 26 170 211 192 141
    39 244 116 251 221 132 11 116 56 55 15 187 161 180 66 120 229 95 121
    159 223 179 204 16 45 85 20 184 226 49 25 172 143 159 101 96 177 141
    192 131 202 76 90 80 131 70 178 36 209 201 99 240 138 127 246 64 117
    138 5 217 235 136 140 72 162 84 184 90 159 15 38 222 168 33 161 157
    1 41 19 88 72 29 181 129 83 91 134 101 92 60 197 75 104 59 35 153 99
    95 107 67 85 15 242 29 60 46 174 38 90 235 124 124 34 80 141 108 58
    30 152 4 171 98 43 11 45 124 99 43 87 12 208 92 246 62 98 144 171 30
    186 202 181 64 57 165 3 6 100 161 208 196 48 255 0 252 180 95 100 70
    252 181 153 114 126 58 168 24 98 75 84 233 110 235 120 75 86 43 26
    24 100 199 33 83 167 199 104 88 40 176 3 52 247 190 215 228 84 110
    128 216 231 117 68 132 69 246 15 66 239 95 26 180 101 254 1 160 12
    36 246 38 79 153 171 207 167 162 54 225 156 151 131 133 61 241 141
    100 75 141 81 201 118 237 202 53 113 194 4 23 53 51 90 67 131 206
    176 139 250 200 81 208 96 102 230 240 42 239 57 126 183 110 177 202
    238 120 47 138 162 214 190 216 159 60 83 140 244 101 1 113 8 185 154
    243 36 168 38 16 250 177 158 193 106 20 54 251 131 119 217 43 100
    235 141 20 43 101 180 167 151 39 175 241 45 57 240 213 183 40 239
    213 108 12 149 244 72 232 168 175 38 222 81 5 9 127 204 3 196 17 125
    59 132 137 172 243 40 79 23 47 131 10 169 1 194 79 146 27 1 79 233
    58 250 9 166 10 130 172 254 125 185 127 250 214 194 113 226 101 32
    94 12 76 153 165 142 77 160 114 2 116 200 190 1 251 86 228 143 158
    183 4 126 75 27 156 138 185 215 79 162 181 132 123 12 127 183 21 223
    191 7 43 89 223 112 2 232 77 105 23 39 182 179 145 247 1 195 226 179
    196 115 150 157 247 136 81 98 202 163 192 244 173 216 234 108 134
    150 225 234 18 45 158 174 232 106 206 104 53 93 212 163 251 13 4 52
    190 231 51 209 22 86 216 136 17 244 5 76 62 145 128 82 189 61 43 9
    165 122 20 174 113 194 185 199 156 60 17 158 113 26 46 163 134 145
    29 199 83 146 165 116 135 194 144 193 230 21 56 163 241 246 246 255
    147 151 186 92 197 100 75 117 84 215 80 187 213 249 215 99 72 211 28
    245 157 11 95 216 187 200 135 22 168 206 196 195 39 41 204 114 228
    209 83 22 110 147 223 63 229 6 120 226 127 59 166 11 203 201 93 69
    252 78 244 86 63 146 94 179 189 71 19 238 185 235 241 46 147 96 0
    133 204 154 15 177 18 60 166 44 1 68 218 235 106 35 94 126 250 55 43
    163 33 90 102 135 71 141 51 163 168 167 107 95 64 222 164 252 83 89
    171 174 220 219 167 110 223 232 25 33 210 88 64 18 251 249 163 4 191
    175 139 86 199 186 236 178 226 0 96 156 63 17 55 17 113 194 246 213
    85 231 85 43 48 239 55 255 226 218 132 32 11 84 241 106 192 74 43
    247 173 111 141 50 115 103 248 174 11 12 8 244 119 176 89 237 180 33
    172 150 225 148 55 5 24 227 57 224 220 73 12 77 149 143 158 233 52
    54 26 106 135 173 83 225 72 166 124 12 175 49 101 55 110 118 87 26
    195 233 0 197 15 203 247 148 123 101 239 228 33 119 82 55 21 4 106
    52 237 221 136 154 148 0 82 95 61 28 180 137 0 188 102 111 244 235
    63 222 9 175 209 67 165 69 157 95 218 115 114 203 173 220 163 68 221
    197 153 184 75 238 120 185 222 252 87 2 9 206 182 28 225 88 78 63
    123 175 165 184 173 254 253 221 246 19 10 221 183 239 235 152 123
    160 76 83 65 67 157 29 23 159 236 206 53 202 36 34 121 219 85 115
    225 117 29 17 39 89 243 121 151 87 45 168 84 193 15 103 91 154 34
    181 151 0 97 253 5 202 211 133 170 136 85 166 62 99 205 102 55 230
    244 142 155 175 209 157 166 113 223 42 67 216 145 118 74 111 100 82
    40 156 38 149 247 67 163 63 33 130 20 50 238 195 244 30 200 245 118
    213 212 185 238 177 61 87 92 47 254 81 230 203 123 156 35 116 204 73
    230 190 65 7 92 189 142 199 131 118 123 191 227 250 103 13 36 154
    161 27 59 254 199 110 22 36 113 126 56 23 55 78 232 121 134 205 95
    55 86 20 106 16 118 146 222 48 196 46 74 102 56 87 155 64 82 65 197
    178 235 190 203 5 42 177 250 85 250 249 66 157 89 151 47 19 247 38
    202 54 103 229 90 66 183 49 190 47 108 50 9 47 168 206 187 155 222
    152 53 127 86 82 220 247 218 228 247 240 99 13 48 185 204 158 22 238
    104 127 19 116 147 15 129 20 224 21 205 99 136 149 122 171 149 210
    220 7 48 15 4 133 67 6 120 8 202 5 150 178 197 182 5 35 80 224 143
    19 36 232 3 61 175 54 193 248 73 180 237 167 156 10 49 131 54 153 64
    118 54 220 71 29 46 88 237 226 35 25 22 6 254 161 64 188 17 120 148
    76 84 125 247 34 195 43 17 149 118 136 125 69 230 129 68 184 245 213
    229 187 142 24 179 234 18 13 165 190 93 21 134 209 171 229 65 28 111
    223 166 142 250 124 164 186 120 138 156 98 114 96 47 108 69 235 211
    23 164 142 38 9 178 48 34 86 42 91 216 10 141 64 145 138 67 84 218
    26 129 57 249 165 201 73 194 21 26 37 137 125 186 27 52 87 134 244
    67 11 168 113 193 9 135 7 199 243 193 80 94 41 31 246 205 218 168 54
    248 243 83 206 90 140 169 5 88 180 32 76 82 186 42 70 105 133 185
    215 66 149 184 252 238 125 93 189 22 89 253 15 32 114 100 141 22 57
    112 131 214 13 252 109 33 143 81 252 69 195 79 1 10 204 73 192 178
    110 133 244 42 67 74 143 80 172 83 117 231 22 139 99 239 85 233 137
    67 44 177 173 164 212 66 159 21 95 162 237 224 2 184 107 193 223 220
    249 72 79 28 158 152 199 199 84 225 38 184 137 28 15 208 115 91 234
    104 89 51 148 109 85 111 73 216 237 235 25 1 220 143 79 138 244 20
    243 179 251 127 196 22 139 27 112 54 148 211 80 0 29 149 48 235 28
    107 1 196 125 79 111 148 211 89 235 61 17 177 203 129 142 209 168 30
    108 144 113 27 162 138 152 69 205 223 12 222 197 6 253 149 147 230
    78 15 153 28 223 211 175 130 69 223 105 97 198 24 48 8 197 56 166 50
    179 5 222 26 125 3 11 233 111 54 152 106 149 108 76 214 64 182 2 101
    103 247 36 168 83 34 107 233 15 226 239 9 130 54 213 51 244 63 9 222
    219 61 103 143 175 11 41 191 165 167 63 74 210 115 75 87 0 201 106
    207 138 143 141 49 162 199 34 122 100 218 122 121 28 35 77 86 228 74
    72 109 74 49 149 219 130 162 18 129 126 133 127 2 224 243 198 208
    107 78 161 30 42 223 105 82 40 207 121 226 176 135 161 254 38 113
    182 41 50 165 39 206 154 219 47 162 143 149 154 218 217 169 87 69
    250 110 126 116 181 27 159 52 195 103 112 48 249 160 136 0 166 119
    214 223 65 92 4 241 210 237 230 158 228 102 99 99 154 63 223 30 155
    241 151 193 141 75 115 13 218 155 38 8 73 106 120 215 124 205 172
    227 204 251 172 58 164 128 29 164 155 141 40 147 109 176 162 14 90
    196 27 14 33 180 91 218 203 48 11 88 121 80 2 66 208 147 93 212 48
    204 3 156 65 198 219 29 164 48 138 129 26 159 133 117 66 55 195 24
    15 58 51 113 189 80 40 37 7 230 20 111 201 242 134 243 206 246 87
    150 171 85 186 28 150 234 71 125 210 203 76 219 159 220 252 85 103
    205 251 76 63 27 0 10 50 108 178 117 62 36 208 178 173 97 137 231 68
    161 28 123 170 3 190 81 139 26 15 187 93 27 84 165 110 251 37 133
    119 198 27 244 20 137 60 231 81 112 3 122 81 156 188 20 6 249 17 38
    27 230 150 156 114 68 113 102 21 183 203 173 162 93 68 91 15 176 71
    164 109 129 20 88 3 85 251 111 159 39 216 186 189 61 124 24 63 42
    109 255 81 111 217 182 197 171 42 15 201 206 226 230 159 230 255 100
    172 98 52 145 47 72 121 56 126 178 6 244 139 44 15 83 102 103 169
    167 1 192 63 162 194 130 146 216 10 16 94 217 231 12 90 82 206 199
    35 210 145 24 56 23 84 186 38 233 222 218 193 102 232 165 239 201
    141 112 66 136 84 21 164 18 98 107 118 82 21 170 88 115 228 230 94
    78 30 165 245 228 133 100 212 238 46 5 237 233 215 225 45 138 63 128
    225 226 254 8 231 46 110 53 5 80 3 14 107 7 30 145 239 88 246 208 13
    236 141 101 33 163 169 83 46 196 79 94 241 128 110 176 148 220 241
    46 37 150 66 177 208 25 75 165 138 215 254 5 212 119 142 36 31 7 228
    104 127 85 189 51 142 83 109 181 251 103 179 175 215 245 235 172 65
    13 148 115 170 14 151 167 161 91 124 178 129 172 109 55 118 74 210
    172 40 131 204 235 78 26 36 251 168 178 111 179 23 27 85 223 225 150
    118 67 97 166 235 112 61 153 214 181 61 210 39 83 254 183 51 43 144
    148 81 88 79 74 248 56 64 90 133 101 161 233 26 246 207 181 119 222
    63 41 148 48 30 7 249 55 99 112 248 124 179 199 206 187 90 164 138
    83 133 11 62 57 218 224 158 57 23 94 81 110 29 192 25 110 252 219
    105 12 227 64 253 25 213 241 226 223 142 151 1 119 73 31 185 248 26
    118 178 44 27 151 59 244 173 75 192 24 75 15 48 121 36 4 64 213 238
    165 122 112 144 86 82 7 18 188 51 91 168 226 71 81 197 133 62 217
    103 44 121 188 11 237 234 192 46 145 81 23 226 207 185 121 145 79
    225 203 222 83 75 155 19 225 182 171 155 144 115 208 136 69 24 58
    124 224 113 78 167 158 28 177 93 133 163 27 228 192 152 230 9 246
    120 135 4 43 179 53 175 243 252 91 96 15 66 30 168 140 90 220 107
    243 157 26 249 42 81 132 181 147 224 115 221 40 191 145 210 79 6 53
    56 154 32 37 149 236 28 118 155 163 74 129 14 153 221 199 109 182
    170 56 99 112 218 121 135 21 79 3 12 213 204 64 17 101 141 207 135
    255 160 95 70 142 152 114 229 69 240 168 166 115 229 254 174 78 92
    154 233 193 7 158 194 82 81 50 122 230 42 81 107 108 159 219 105 69
    50 224 84 35 158 212 161 19 235 96 176 222 146 76 61 125 38 117 225
    184 51 170 232 134 125 143 189 60 55 190 122 152 77 96 202 190 121
    51 245 149 162 24 70 74 141 71 140 147 91 158 223 126 121 206 114 30
    64 231 35 25 142 138 27 228 33 85 251 80 138 63 15 36 11 97 168 239
    175 190 199 38 0 149 2 32 227 236 83 16 59 119 202 106 194 209 94 7
    57 204 30 235 157 179 90 153 131 200 163 64 197 84 227 177 65 42 211
    207 108 15 22 210 133 100 239 241 215 191 173 103 74 116 126 166 155
    38 169 26 62 45 34 190 195 53 241 240 105 178 147 140 194 231 63 37
    38 247 46 172 35 123 226 169 246 121 12 21 92 93 238 157 245 133 119
    135 197 255 233 107 74 129 229 1 1 19 210 189 128 238 163 78 139 83
    53 225 62 76 219 238 154 96 178 208 64 234 216 255 184 96 48 81 123
    107 172 230 209 187 76 154 245 78 192 67 25 95 247 95 1 117 74 74 43
    92 118 210 23 193 227 156 188 53 81 205 37 73 91 94 235 172 14 156 2
    110 198 86 148 237 29 186 193 58 157 3 16 2 215 19 163 122 163 241
    243 6 42 210 2 114 115 126 118 250 227 95 99 144 108 86 180 133 109
    41 15 103 22 148 23 47 152 127 138 26 107 68 211 108 35 203 199 139
    189 20 129 8 107 15 31 250 83 34 193 67 150 117 202 34 219 121 255
    40 192 50 188 172 71 224 251 43 20 78 140 192 13 174 63 137 42 108
    182 36 6 36 98 206 29 138 215 212 6 201 25 136 107 173 158 96 236
    212 146 252 165 57 217 9 144 215 78 96 189 251 109 214 222 37 141 81
    145 248 185 246 162 182 39 129 88 8 77 56 27 207 34 200 224 24 177
    157 96 223 188 134 112 117 77 223 96 59 169 150 248 197 188 201 36
    227 15 108 177 158 242 230 172 203 49 199 129 177 253 168 170 97 118
    29 105 42 26 75 63 61 213 81 10 179 88 12 220 178 132 215 164 12 119
    236 181 212 227 19 25 47 1 120 205 36 179 7 90 147 12 175 59 3 23 46
    222 119 106 80 76 61 215 12 103 214 203 192 87 230 172 243 217 216
    50 20 113 56 139 245 208 41 169 221 14 189 18 204 112 143 60 37 22
    153 74 114 32 96 163 112 32 178 66 171 39 126 151 190 192 6 96 129
    186 118 110 146 125 160 117 85 188 224 106 248 211 151 56 202 92 147
    190 126 214 58 43 206 12 15 3 11 222 39 209 184 67 25 230 4 54 71
    119 255 26 201 60 246 47 183 69 197 224 47 233 53 176 224 11 208 127
    22 242 183 9 3 40 41 227 170 83 62 148 105 32 232 7 216 244 49 85 5
    237 117 46 164 174 28 234 3 253 17 68 238 203 78 172 42 73 133 53 64
    25 237 250 226 27 173 232 182 78 125 200 189 196 192 218 9 207 138
    92 3 122 212 202 165 79 246 95 103 250 182 54 236 252 98 170 254 243
    207 2 56 215 54 72 210 54 225 64 33 92 180 212 235 153 181 241 26 72
    182 2 84 165 202 113 10 51 39 226 113 89 19 172 255 41 117 138 241
    154 111 188 127 9 218 164 109 66 44 215 228 201 25 22 101 54 217 53
    109 163 206 106 61 75 80 25 224 39 209 13 49 60 67 85 92 87 92 170
    111 60 182 79 153 236 1 163 53 176 133 219 207 154 122 153 157 246
    120 222 167 31 144 213 68 22 180 125 105 170 121 183 159 216 99 89
    56 62 184 35 50 242 184 139 99 32 212 39 16 80 170 254 156 172 44 42
    23 30 215 125 109 202 152 243 7 157 26 125 55 44 181 134 56 193 6
    246 184 17 101 136 54 79 168 244 234 168 194 247 242 183 194 35 217
    177 141 87 110 90 100 86 84 4 221 84 1 67 193 141 116 32 0 14 216
    114 144 126 83 155 201 94 2 112 25 199 213 236 183 121 29 144 66 67
    235 40 128 99 49 157 226 109 150 225 47 117 107 143 148 86 214 97 60
    58 90 239 208 87 175 17 88 138 25 132 128 173 77 102 105 186 186 59
    224 119 109 134 101 253 173 79 5 74 0 28 81 27 34 145 198 154 251 39
    189 151 37 80 181 168 110 65 83 217 211 131 57 253 49 54 229 205 189
    123 134 114 242 243 70 206 186 192 184 102 218 68 141 219 109 104
    103 186 169 114 38 101 84 42 49 118 244 109 12 206 92 140 170 188
    226 30 100 197 195 137 108 174 138 168 234 87 10 73 114 1 109 208
    108 63 179 93 20 115 56 0 150 19 126 227 81 131 160 198 44 235 150
    122 71 225 71 103 42 208 70 132 134 148 193 219 126 249 62 79 118
    106 13 190 118 107 148 108 146 226 176 29 87 250 191 43 232 33 131
    243 191 218 192 123 201 188 68 51 26 147 41 59 167 21 160 248 37 90
    24 244 0 121 3 236 193 193 161 67 236 1 156 189 228 201 127 23 132
    35 11 157 71 12 113 37 173 156 236 147 245 206 182 146 206 172 233
    66 73 214 235 159 166 138 238 39 251 172 221 88 70 204 11 19 62 205
    219 185 149 35 175 231 164 246 127 149 156 22 104 198 91 49 44 66
    213 20 155 186 156 97 179 251 161 148 25 14 95 42 45 241 114 170 51
    102 235 54 220 68 142 97 199 104 149 27 60 7 238 202 73 14 156 252
    241 159 94 56 99 44 209 148 232 164 92 191 28 165 203 50 174 104 67
    56 132 60 49 200 235 164 94 215 94 150 111 3 13 61 125 43 248 92 8
    195 121 161 123 37 77 126 45 248 92 194 234 26 40 177 162 187 9 122
    207 177 153 80 119 164 12 86 232 74 138 79 202 50 232 24 67 196 141
    65 153 175 19 175 90 152 229 33 52 45 207 116 61 176 61 79 89 25 217
    219 11 202 6 77 119 229 75 216 217 161 174 215 32 82 143 211 117 41
    98 183 63 23 208 120 186 197 115 163 188 39 234 117 158 225 71 174
    232 242 72 163 190 254 225 198 220 134 112 137 239 133 140 243 216
    178 96 222 253 243 68 68 248 27 244 79 111 179 149 234 111 54 22 12
    194 40 183 224 116 32 97 159 6 52 205 255 60 232 41 145 52 103 68 31
    124 174 37 255 192 198 200 184 131 177 95 189 142 217 207 177 83 1
    214 36 241 135 185 154 157 242 216 218 87 60 249 212 124 91 179 169
    7 181 108 111 177 140 137 93 37 216 99 92 199 41 76 156 122 48 178
    248 114 142 75 85 123 217 65 252 100 96 168 81 99 176 20 219 70 130
    145 46 117 114 188 202 153 53 147 123 170 4 186 238 153 33 189 144
    161 203 135 47 97 70 7 0 221 148 118 72 157 85 157 106 143 224 40
    114 125 227 3 119 166 23 151 169 221 90 79 35 86 96 20 42 147 163
    116 173 92 101 203 179 221 122 252 103 112 210 28 182 195 222 231
    240 6 32 202 126 76 216 93 185 201 10 247 221 50 246 9 72 18 60 37
    136 135 203 248 53 77 240 171 180 72 140 238 123 208 159 124 12 173
    117 9 251 19 82 143 16 48 224 114 160 16 67 14 109 38 210 4 99 39
    185 143 172 153 128 213 10 121 38 15 130 10 207 192 170 180 213 45
    93 28 5 80 250 114 128 89 117 239 153 244 48 50 51 178 92 54 106 137
    193 107 157 158 128 195 145 20 126 233 155 226 36 38 87 191 163 143
    194 75 202 114 206 45 59 215 161 217 8 144 126 98 215 99 167 207 46
    10 146 17 12 195 83 4 18 22 177 64 241 9 20 229 102 40 171 219 43 40
    141 100 236 101 165 227 197 227 117 241 52 173 235 199 28 222 33 221
    58 81 249 70 82 42 220 51 181 118 248 73 80 194 113 186 226 138 1
    224 49 49 47 43 128 212 37 92 250 53 8 176 149 64 19 223 59 175 24
    16 233 139 145 76 41 120 189 124 148 129 53 185 18 187 149 169 13
    246 56 180 48 174 6 219 250 43 51 48 228 25 236 130 192 176 21 217
    85 75 104 220 222 147 162 165 150 60 230 160 50 226 244 43 142 13 95
    33 242 142 134 32 227 131 115 12 11 88 235 164 112 174 5 211 98 243
    42 126 218 40 140 43 173 191 68 159 172 243 156 188 240 17 35 66 7
    67 69 198 222 172 123 14 91 203 148 191 15 136 228 71 82 178 3 237
    16 222 255 71 250 32 165 206 182 170 139 129 163 47 166 45 60 70 166
    43 13 62 176 150 90 86 104 18 76 57 190 19 108 67 36 33 45 145 54
    156 209 104 124 166 170 117 79 120 53 21 227 179 40 23 200 220 149
    230 13 34 233 33 122 161 19 84 63 187 30 238 63 131 165 157 138 56
    162 101 66 243 8 231 151 87 56 172 35 177 69 58 183 173 215 96 114
    127 37 113 72 251 182 22 71 0 195 170 5 91 57 4 132 173 66 60 21 111
    73 187 162 249 109 159 119 233 80 214 57 39 85 0 57 6 89 160 79 220
    59 113 14 26 120 237 130 117 4 32 191 2 227 186 200 55 251 234 163
    182 212 131 35 184 234 38 166 111 212 2 176 147 16 179 104 84 209 66
    125 233 13 195 4 203 100 206 59 64 148 157 161 18 75 59 246 159 144
    127 18 202 139 208 155 139 188 218 228 115 186 194 44 131 82 239 53
    251 155 230 9 128 91 102 80 176 237 123 71 207 105 9 4 128 240 139
    163 97 3 227 180 123 180 163 70 237 82 222 82 183 248 147 123 65 97
    91 218 180 225 2 61 54 4 112 62 19 242 116 86 139 199 103 209 42 63
    68 103 128 24 126 115 240 35 10 178 210 247 89 168 100 204 173 119
    65 127 177 178 157 27 50 92 57 253 141 139 250 77 231 62 2 213 10
    208 224 190 73 233 64 22 144 100 208 210 52 2 12 40 75 70 140 236
    131 76 244 151 63 28 193 10 126 193 82 168 248 5 127 76 158 252 134
    119 207 246 6 100 69 14 145 82 52 193 41 14 127 159 53 239 225 76
    195 106 10 49 178 125 60 106 234 250 84 25 229 50 245 176 187 36 46
    51 105 26 160 181 215 2 240 107 166 83 130 179 15 179 245 55 36 127
    155 122 252 195 93 76 182 26 93 16 151 43 207 209 4 88 250 97 137
    161 65 248 33 18 194 235 248 132 115 161 56 123 149 216 228 90 213
    115 218 40 158 24 227 68 243 205 227 201 224 18 37 85 110 9 166 18
    166 231 196 36 178 181 53 121 11 202 210 203 142 48 157 80 1 123 131
    56 243 109 31 153 223 161 89 208 50 236 118 63 110 251 84 210 238 71
    42 194 39 65 0 255 186 169 22 156 25 242 146 200 93 186 224 12 237
    66 60 32 22 41 12 173 254 120 9 2 170 148 121 60 249 58 13 169 15 90
    62 174 95 254 226 64 182 56 149 155 127 144 120 76 208 214 182 202
    92 143 142 71 29 127 57 25 200 0 238 221 220 81 71 191 199 202 202
    41 161 84 204 118 206 94 219 156 70 186 32 78 63 179 165 244 49 106
    14 19 252 49 237 216 163 22 23 179 21 106 32 57 184 249 31 229 8 117
    127 60 189 95 100 18 136 72 31 107 224 55 147 243 39 163 92 154 29
    98 130 181 180 2 220 85 99 247 242 41 217 87 200 181 39 28 225 146
    65 70 142 48 9 83 39 187 53 147 242 218 151 174 238 163 232 107 81
    200 91 191 248 60 160 36 93 149 110 96 77 25 124 133 57 197 23 100
    235 4 171 92 208 225 121 0 212 224 34 147 55 245 240 240 116 17 117
    199 152 160 131 165 210 217 17 229 52 55 29 133 15 71 107 83 193 214
    113 68 13 155 226 212 11 80 98 245 194 157 240 195 63 47 26 101 79
    210 205 121 106 42 218 5 167 50 32 47 145 91 158 143 227 130 250 7
    27 222 136 217 150 198 158 69 221 55 220 32 6 179 26 141 66 201 157
    212 42 48 17 83 178 159 207 60 251 74 57 184 33 48 249 48 76 194 28
    202 221 129 116 164 32 113 38 76 90 97 153 77 7 180 161 199 89 138
    232 181 231 230 18 14 167 170 71 39 79 11 138 20 61 37 76 166 65 220
    77 71 176 174 121 178 254 247 195 201 36 252 34 111 239 146 99 143
    52 147 76 56 90 211 194 244 190 46 22 81 206 164 12 61 41 171 141
    179 252 231 3 223 251 54 255 29 200 55 67 102 125 48 129 148 6 172
    185 44 116 246 66 66 45 110 215 173 159 251 89 15 55 15 135 2 254
    213 148 105 224 12 135 106 135 116 195 244 49 247 56 2 152 142 58 88
    73 22 254 112 136 172 16 54 37 117 105 50 155 108 244 160 254 211
    147 226 141 37 88 220 233 77 97 99 107 25 241 60 13 62 243 231 10 27
    203 56 25 255 198 251 32 116 166 0 193 7 112 237 64 90 128 122 112
    152 233 135 201 240 109 31 152 21 172 59 106 233 244 143 126 151 200
    176 1 140 6 94 142 243 18 76 42 13 13 40 174 243 180 211 65 94 246
    237 9 137 93 137 90 108 158 225 110 169 113 115 137 126 209 147 31
    158 199 21 137 182 234 140 21 226 151 254 237 56 46 50 38 13 7 103
    108 105 95 253 140 57 251 192 25 142 56 112 54 96 115 44 26 55 211
    196 207 251 15 73 151 60 207 71 10 86 137 106 222 196 187 103 9 247
    104 148 104 183 112 75 160 208 214 251 217 229 153 137 224 90 131
    160 134 85 213 243 177 39 9 126 153 10 183 159 113 168 30 84 132 37
    6 171 108 10 206 123 61 121 128 90 21 149 248 157 230 207 74 173 178
    254 27 70 207 42 112 86 214 51 221 21 224 216 43 203 220 204 232 88
    21 221 121 207 247 75 164 81 20 234 197 124 100 65 88 179 165 217 86
    147 229 54 20 109 42 82 64 253 254 10 102 22 83 172 83 16 172 58 14
    229 144 232 103 147 148 69 141 138 173 28 202 25 136 47 234 87 207
    161 1 139 198 1 213 190 170 163 135 154 155 188 122 45 197 248 185
    101 53 16 13 33 48 122 119 15 148 44 200 128 137 140 122 216 158 70
    187 163 57 46 110 20 18 208 250 158 128 226 128 236 203 175 74 108
    145 201 50 237 61 29 161 99 234 169 160 98 169 224 46 221 230 49 241
    37 187 18 206 175 174 25 27 120 171 116 74 184 177 173 147 208 142
    254 52 43 217 144 183 45 214 156 124 205 138 8 132 76 125 76 175 157
    64 46 99 40 190 107 107 233 66 196 200 99 177 12 85 168 13 37 141
    111 219 139 70 74 87 130 232 45 251 119 236 88 13 93 236 198 85 194
    165 1 151 177 113 22 151 81 224 213 153 71 61 140 246 58 34 211 78
    134 171 214 69 217 146 33 17 125 232 57 70 8 48 139 130 244 116 20
    195 209 22 170 46 248 213 18 108 180 151 195 150 194 138 103 165 0
    65 165 40 229 204 252 29 79 183 225 90 100 9 58 152 49 52 163 235 47
    231 59 53 185 167 207 143 134 78 31 158 116 169 5 247 122 245 161
    131 226 106 210 78 107 16 209 48 0 97 72 192 61 104 173 142 141 99
    142 27 93 187 29 198 198 11 58 139 52 227 169 88 150 176 78 250 18
    112 65 80 249 139 13 104 115 6 195 69 174 156 80 136 7 157 53 226
    161 175 186 130 30 18 49 89 213 135 19 122 116 76 51 110 39 254 126
    203 216 253 180 205 160 219 185 132 73 185 11 227 179 97 200 56 54
    157 212 4 10 52 116 160 225 16 207 183 223 248 148 252 33 17 47 115
    195 73 132 215 91 104 96 18 242 200 129 167 98 97 39 177 60 232 191
    175 233 73 220 6 77 107 244 7 122 18 165 219 240 166 84 46 223 161
    235 245 48 10 156 197 208 30 82 0 217 187 239 153 169 227 184 43 33
    155 32 137 64 194 200 70 219 224 175 185 134 124 92 7 47 11 207 54
    20 8 30 133 197 49 94 98 105 46 126 221 141 6 27 246 53 221 18 28 72
    65 250 26 157 158 246 192 101 6 197 35 242 255 36 189 249 78 170 65
    244 13 227 203 90 38 253 211 201 190 148 147 81 233 159 194 176 19
    133 227 140 239 218 110 80 192 69 111 244 253 71 145 12 103 248 206
    104 97 99 174 23 233 216 191 47 116 97 174 62 89 87 89 108 12 72 244
    187 253 212 108 147 130 88 36 17 59 170 153 0 160 235 249 143 53 23
    215 66 137 41 9 100 160 133 243 164 113 189 145 225 155 218 183 226
    181 132 154 195 205 108 192 65 69 166 184 23 228 222 64 88 153 161
    215 89 2 45 38 56 115 171 130 79 54 14 40 115 30 182 115 25 89 8 0
    15 58 36 208 247 41 151 245 84 202 193 114 38 163 163 133 148 55 30
    230 205 4 176 59 80 183 84 12 48 101 196 20 20 163 146 53 44 129 218
    98 131 97 68 250 68 159 122 127 197 186 205 106 123 213 92 5 176 166
    5 53 155 213 49 204 111 227 28 44 135 165 104 43 199 148 25 217 172
    228 153 238 33 252 75 142 255 197 247 220 246 48 253 190 225 201 163
    146 107 119 11 113 202 5 41 115 34 113 44 231 149 210 134 110 202 35
    139 127 213 125 42 180 147 168 107 67 205 52 72 215 228 83 17 45 29
    180 253 203 26 50 103 171 218 75 158 228 194 173 96 166 118 196 104
    115 25 41 114 80 187 87 107 15 86 65 38 42 187 157 224 227 81 249
    169 229 102 21 247 99 49 207 188 103 32 40 127 231 144 137 244 123
    89 144 172 163 224 164 170 86 96 195 68 146 255 134 232 182 189 183
    225 223 37 209 192 9 155 147 158 27 228 233 224 235 155 196 32 187
    61 233 48 106 78 199 148 67 30 160 14 48 2 184 104 65 98 7 88 116 41
    212 214 150 109 58 89 87 3 230 44 118 120 54 37 210 71 74 165 179
    255 112 111 203 24 162 2 144 136 241 247 141 180 60 53 42 245 83 133
    22 207 12 230 154 241 73 184 200 92 77 79 92 59 212 75 50 122 201 17
    6 124 246 103 19 192 80 200 196 95 236 30 25 93 192 209 226 242 167
    212 128 44 129 194 229 151 248 78 24 202 107 46 209 141 217 199 109
    71 202 123 127 46 37 253 211 137 186 53 95 174 253 132 236 143 210
    113 5 146 236 107 121 205 80 233 39 184 12 142 185 82 143 115 182 68
    221 13 58 134 16 197 165 117 69 92 200 52 233 1 147 138 55 89 1 167
    201 122 119 206 56 47 144 214 106 94 227 202 96 124 139 150 169 123
    234 50 169 150 142 99 205 0 204 4 145 23 69 63 128 207 37 122 79 52
    147 178 169 119 222 196 150 217 184 144 177 196 47 190 46 10 212 82
    173 141 247 5 217 91 90 189 244 204 60 47 0 201 76 227 201 114 137
    55 103 225 163 38 137 138 197 88 253 183 121 209 11 96 64 246 169
    201 126 153 193 145 82 78 124 41 239 104 170 244 217 55 72 248 184
    195 19 132 30 61 129 40 189 214 36 42 17 181 69 252 15 197 203 255
    190 125 125 198 110 32 86 66 201 133 116 49 33 209 20 227 179 14 196
    138 143 48 153 31 195 124 132 123 149 130 13 202 18 167 120 16 179
    154 175 158 232 57 181 165 136 99 114 40 30 19 30 176 100 45 44 110
    246 47 172 25 20 21 166 31 141 184 116 31 11 119 81 127 27 196 109
    140 174 139 59 213 29 218 86 211 152 55 167 107 95 107 96 154 94 148
    15 46 36 199 209 251 202 50 187 4 219 172 219 183 168 246 232 216 52
    240 30 182 58 226 60 99 9 85 190 248 226 90 196 87 71 236 164 155 24
    163 101 30 162 245 224 119 25 59 31 46 172 150 121 24 128 19 18 219
    90 28 123 112 155 170 91 255 85 184 198 253 241 25 151 111 18 143 85
    155 49 143 79 57 170 227 43 77 28 230 42 235 76 113 99 210 108 154
    114 18 216 57 202 118 96 97 80 102 130 63 157 126 198 244 232 181
    240 208 67 185 52 177 233 17 206 153 27 194 39 127 159 188 104 217
    58 219 119 237 224 73 143 150 126 107 145 95 0 4 66 14 229 177 204
    110 149 253 248 41 101 66 231 24 30 65 68 191 9 88 97 12 58 102 137
    60 76 202 45 228 59 99 109 66 211 140 111 86 254 131 40 212 60 217
    243 211 66 120 8 248 8 238 156 76 219 2 172 242 104 204 2 38 11 237
    18 138 216 162 249 216 37 106 198 220 147 3 79 36 208 221 187 24 21
    163 131 215 128 156 92 229 193 127 160 26 173 34 150 98 82 85 171 35
    226 229 119 117 114 48 202 153 26 55 153 0 52 40 211 154 89 65 44
    250 72 221 9 198 203 77 70 180 87 34 212 199 206 186 202 65 212 241
    161 66 152 29 209 93 215 81 162 81 211 38 224 188 13 147 219 84 90
    175 204 185 214 96 62 19 124 213 184 184 115 124 244 109 65 33 27
    147 206 129 138 206 217 112 244 177 55 165 224 64 121 150 196 5 42
    92 143 190 5 183 43 70 123 37 129 64 3 193 218 27 42 200 121 85 59
    224 130 124 64 183 59 35 26 134 176 9 222 221 81 247 197 236 6 5 117
    250 36 236 151 251 247 133 252 131 34 57 110 3 81 177 193 65 247 224
    101 151 135 58 135 52 218 172 243 26 209 16 243 53 2 55 145 208 14
    192 192 251 66 60 127 253 118 240 164 211 94 13 75 128 23 16 120 48
    244 254 250 12 107 161 114 223 244 12 210 124 143 61 241 131 30 25
    118 153 56 244 167 104 244 153 153 248 240 253 17 197 126 22 10 151
    152 212 51 37 165 65 28 163 139 203 43 112 20 119 205 174 35 150 197
    99 234 185 230 210 207 222 62 72 144 125 19 76 229 98 208 46 208 35
    131 226 82 77 142 13 205 219 74 226 45 19 133 134 168 179 32 227 238
    53 139 253 65 16 29 111 34 105 72 130 55 236 153 82 56 231 59 168
    219 64 163 51 96 233 125 231 187 45 222 92 238 101 221 213 52 64 177
    248 255 12 240 62 254 104 81 118 240 117 82 62 229 148 160 75 154
    176 164 198 8 190 246 97 198 62 185 131 115 79 60 106 218 165 29 238
    108 131 246 43 78 148 239 234 9 167 137 13 223 68 2 122 164 161 186
    172 226 36 121 9 44 104 28 227 237 201 104 39 7 75 189 53 237 232 88
    178 80 111 252 119 166 147 138 224 220 55 183 246 153 26 164 54 161
    201 151 75 149 164 130 114 191 207 184 32 90 228 154 86 233 220 60
    202 240 58 33 217 153 38 68 26 65 161 203 235 221 245 199 181 46 184
    238 235 131 180 37 28 145 99 78 231 180 117 139 109 67 107 144 109
    88 83 214 216 70 82 129 135 27 154 93 47 2 75 76 164 186 27 105 127
    68 154 236 65 173 177 47 101 239 95 19 247 87 110 203 170 176 230
    158 182 232 111 90 128 76 62 254 247 74 55 49 115 192 122 255 195
    189 62 103 25 255 144 222 49 250 149 39 212 75 127 109 225 9 219 176
    239 211 237 109 59 176 144 159 172 80 236 32 200 87 125 193 219 218
    252 129 75 147 9 156 118 229 215 49 6 130 133 207 240 227 78 188 121
    111 135 62 207 50 200 46 153 184 11 133 144 231 220 141 207 7 162
    245 168 123 219 62 8 150 238 113 112 36 67 160 130 19 194 31 231 194
    134 163 248 209 71 94 237 37 156 255 208 13 132 167 46 137 142 122
    124 141 97 221 58 232 226 199 251 209 158 187 242 147 2 86 139 173
    206 233 169 83 204 191 9 188 166 179 226 65 111 55 134 250 166 5 227
    28 35 120 215 18 227 78 128 164 144 68 167 111 67 101 1 11 102 141
    249 55 175 11 52 88 226 190 229 48 20 29</data></test_img>
<my_img type_id="opencv-matrix">
  <rows>128</rows>
  <cols>256</cols>
  <dt>u</dt>
  <data>
    0 0 255 255 95 255 0 0 0 255 0 234 255 0 0 85 255 123 255 224 143
    175 194 0 255 0 255 255 183 0 0 169 255 229 255 0 255 0 255 255 255
    170 0 255 255 245 255 0 255 0 26 255 0 255 0 255 0 255 0 255 0 255
    208 0 0 32 21 0 84 134 255 255 255 255 255 0 255 97 184 255 255 255
    0 255 5 255 0 0 255 0 255 0 135 0 255 0 255 192 110 55 0 228 0 255 0
    255 255 255 255 0 255 0 255 0 255 0 0 255 0 0 0 255 0 0 255 138 255
    0 38 255 252 0 27 255 0 255 183 255 255 0 255 38 255 255 0 0 65 215
    178 255 0 255 208 151 0 255 255 0 0 255 0 255 255 0 68 255 0 69 255
    0 33 255 0 0 255 0 255 255 0 255 0 0 255 61 143 69 0 176 0 255 251 0
    255 0 255 0 124 0 0 255 170 112 255 170 224 255 255 0 0 0 255 169
    255 255 72 0 185 255 255 0 255 0 0 0 0 209 255 0 0 255 51 255 0 0
    255 255 0 255 128 255 255 255 0 29 75 0 203 43 255 255 0 255 46 62
    255 255 0 255 0 191 0 255 255 255 255 0 255 0 255 255 0 255 177 0 0
    255 0 255 38 48 0 0 0 255 255 0 209 0 255 0 255 255 0 0 12 0 0 255
    255 255 255 0 255 0 64 255 0 53 255 0 255 0 255 0 0 0 255 0 255 31
    255 0 255 0 255 150 90 0 75 0 0 25 0 255 0 0 215 0 4 40 255 255 0
    247 0 0 0 72 132 0 125 0 255 0 237 0 0 28 255 0 0 255 123 0 180 0
    255 255 255 215 0 255 255 0 99 255 0 255 255 0 111 0 0 35 101 0 27
    255 255 0 255 255 255 0 255 0 255 0 0 255 255 255 249 0 255 0 255 0
    88 0 255 255 0 0 255 0 255 0 203 255 255 0 255 255 0 255 0 0 255 37
    255 43 0 0 68 113 7 255 0 0 0 255 208 255 180 255 0 0 0 163 119 0
    255 255 0 0 62 255 0 255 0 255 0 255 0 0 215 255 0 0 216 255 0 0 248
    0 237 0 255 0 255 255 0 255 0 77 0 255 0 255 0 0 0 255 255 0 0 0 0
    255 255 0 0 255 0 0 0 0 0 255 71 0 255 0 0 255 255 255 0 255 77 0
    112 0 255 0 255 0 255 0 0 0 255 96 107 255 100 0 0 255 0 255 0 0 0 0
    0 0 255 255 0 255 0 255 0 255 179 255 0 130 255 0 0 255 0 0 255 0 0
    0 217 255 0 255 255 0 255 152 3 0 255 0 255 255 255 0 255 255 255 0
    255 233 211 255 0 255 255 0 255 0 255 255 83 255 0 255 255 0 0 255
    36 0 255 255 0 255 255 0 132 0 143 255 0 150 0 255 60 0 7 0 246 0 0
    0 149 255 255 0 255 255 0 255 255 2 138 255 180 255 0 0 19 255 255 0
    255 0 137 255 255 255 0 244 0 0 255 0 255 44 255 0 0 255 0 255 0 0
    201 0 0 0 255 187 17 255 255 0 0 0 255 255 0 0 255 0 153 255 255 0
    186 255 185 0 162 255 115 0 255 255 0 107 0 255 255 0 211 202 0 182
    255 0 255 255 80 0 131 53 255 0 255 255 161 0 255 224 0 255 0 200 52
    0 255 255 114 255 58 0 254 255 0 255 136 0 255 255 0 255 0 255 0 255
    255 0 0 255 0 0 255 0 255 0 255 0 0 0 255 255 255 255 122 255 26 0
    255 0 156 255 255 255 0 255 0 255 255 242 0 0 255 0 255 255 0 0 255
    0 0 207 110 172 0 25 245 0 255 177 255 0 170 235 0 255 255 0 255 0 0
    255 0 197 255 177 0 255 0 255 206 255 0 255 0 148 0 255 0 255 0 255
    0 255 0 0 255 255 0 0 120 100 255 0 255 0 255 0 0 255 112 255 0 255
    0 255 255 0 255 255 255 0 0 0 0 0 255 0 164 255 0 255 6 0 255 255 55
    0 0 255 0 161 0 255 255 0 255 0 255 0 200 255 0 0 0 255 0 255 26 0 0
    0 255 0 255 255 0 255 0 0 0 255 255 0 255 255 0 255 0 255 0 0 0 173
    255 0 255 0 255 255 0 0 0 255 156 255 255 255 0 255 0 0 255 255 0
    255 0 255 255 255 255 255 255 0 24 0 255 0 51 255 0 255 0 77 139 255
    255 255 255 255 0 255 255 255 63 0 0 255 56 255 255 255 255 0 0 255
    255 0 255 0 255 202 0 255 0 175 255 0 255 255 0 255 0 255 0 255 0 0
    255 0 31 255 0 0 255 255 0 0 0 0 0 0 100 255 0 0 255 255 0 255 0 39
    123 255 0 255 0 0 0 255 255 232 255 0 255 255 255 0 255 255 255 255
    255 0 255 58 157 255 146 0 255 0 125 255 149 230 0 214 0 0 0 255 255
    255 255 255 0 0 255 0 180 255 47 0 0 92 0 0 255 0 255 0 0 0 150 255
    255 0 255 0 0 0 90 0 255 92 255 0 0 250 0 0 39 255 0 255 0 255 255
    69 255 255 154 8 0 0 255 255 0 231 0 0 255 39 179 0 255 38 255 0 255
    0 0 255 0 0 255 0 255 255 255 0 255 0 0 188 49 0 193 255 255 255 0 0
    255 255 255 0 255 0 255 0 255 0 255 22 255 255 255 0 0 255 0 255 255
    0 116 255 0 90 0 0 0 129 0 255 255 255 41 0 255 0 255 6 255 0 84 0
    255 0 157 255 3 0 255 255 0 0 0 185 0 255 0 255 122 124 255 45 255 0
    0 255 255 0 0 255 0 79 0 255 255 0 0 255 131 216 0 255 255 0 255 255
    122 0 0 255 255 75 255 255 0 198 255 0 255 255 0 0 255 0 0 255 255 0
    255 255 0 255 0 8 72 255 108 243 0 153 72 0 255 0 0 233 240 255 0 0
    0 255 0 255 0 0 0 255 0 0 245 255 45 40 0 255 0 0 0 0 255 0 107 0
    255 31 116 0 255 255 255 0 0 0 255 0 255 255 255 255 255 173 255 255
    255 77 255 0 117 255 237 0 255 0 255 0 218 0 255 255 171 255 255 255
    255 0 255 0 255 166 255 255 0 3 36 255 44 0 0 0 255 0 0 255 209 0
    232 10 0 255 0 255 0 255 152 53 0 189 0 255 0 0 255 225 0 255 255
    165 119 0 117 255 0 0 255 255 0 135 255 0 255 0 0 0 255 143 0 0 59
    255 0 37 0 0 162 63 0 255 0 0 255 0 255 223 0 255 0 255 0 255 255
    255 0 255 0 255 0 0 255 255 0 0 255 0 255 106 0 0 0 51 255 140 255
    205 0 0 204 0 0 255 255 0 205 0 253 255 0 0 0 255 0 0 0 215 123 113
    255 0 137 255 0 255 163 0 0 0 57 255 0 255 0 0 0 255 0 255 0 0 0 0
    255 255 0 97 255 0 255 255 255 255 179 36 0 255 2 0 255 213 0 26 157
    255 0 0 131 102 156 152 0 0 255 255 200 255 63 255 255 0 0 255 114 0
    0 255 255 247 255 255 0 127 144 0 255 255 0 0 140 255 185 0 255 255
    0 255 0 255 0 97 0 255 0 0 255 0 0 255 0 0 0 255 47 137 0 255 0 255
    0 255 255 33 0 255 255 255 0 255 0 183 0 183 0 124 255 255 0 255 0 0
    255 0 119 49 255 88 74 255 255 0 0 255 255 255 255 0 255 255 255 0
    255 0 255 255 255 255 40 0 255 0 0 255 255 132 0 197 255 255 0 0 255
    189 255 0 24 0 255 255 0 0 0 255 255 255 0 255 89 0 255 255 255 0
    255 255 255 0 255 0 0 255 0 0 78 75 0 213 255 0 0 0 255 0 255 0 255
    223 255 0 255 0 255 116 0 255 255 255 255 81 255 0 0 0 255 255 6 255
    255 0 0 167 255 255 0 255 0 214 255 255 255 74 63 154 255 0 255 255
    0 183 255 208 0 140 255 0 255 0 255 255 255 255 0 255 209 135 255 0
    255 255 229 0 255 255 0 154 0 0 255 255 0 0 176 141 0 255 0 255 0
    171 251 0 255 255 0 159 0 255 208 255 0 116 0 99 0 0 0 255 0 255 255
    255 255 22 255 0 98 0 241 255 0 255 0 255 255 255 0 0 0 255 205 0
    255 0 44 255 201 255 255 255 0 255 0 0 255 255 0 255 255 0 0 37 255
    0 0 0 255 255 0 255 255 255 0 255 0 255 78 88 255 0 255 134 0 0 217
    255 255 77 0 0 255 0 255 8 0 92 0 255 225 0 0 154 0 255 255 0 255 0
    35 255 0 0 188 0 255 255 0 255 159 0 0 0 255 0 255 0 0 255 0 0 0 13
    255 255 87 0 0 56 255 0 0 255 0 0 193 255 0 255 2 255 0 255 69 136
    156 255 255 0 34 0 255 0 255 100 0 255 0 255 218 255 0 0 255 0 0 92
    0 255 0 255 255 0 44 0 0 255 0 255 255 0 255 0 146 255 0 0 255 255
    255 32 0 255 255 0 255 0 255 255 255 255 0 255 0 255 255 0 255 0 255
    255 0 255 0 255 0 0 255 255 0 184 0 255 0 0 255 248 0 255 0 0 255 0
    255 255 0 255 0 47 0 255 255 255 0 118 154 119 0 0 255 255 0 0 255
    255 0 0 12 0 255 0 127 255 255 101 0 0 255 0 0 241 255 0 0 0 255 0
    255 0 0 0 0 0 255 0 255 0 255 0 255 0 255 255 255 255 0 255 255 0
    255 252 125 255 255 0 255 255 0 255 255 129 208 0 0 255 255 0 255 0
    0 255 0 0 225 255 0 255 0 255 0 255 255 0 255 255 255 0 0 255 255 0
    255 255 0 255 0 174 255 255 255 0 170 0 177 114 119 0 241 177 0 255
    255 0 142 0 255 0 255 149 0 255 0 131 0 0 255 0 166 255 255 0 0 255
    0 255 255 255 0 0 0 255 0 255 0 211 195 0 255 0 255 243 0 255 68 123
    243 255 0 255 0 222 255 0 129 255 0 167 255 0 210 255 255 0 255 143
    0 255 22 255 255 0 255 87 0 0 0 255 0 199 255 95 255 255 0 0 255 0
    247 196 130 255 255 0 255 255 44 0 0 0 255 0 175 255 0 0 0 0 195 0
    138 0 255 0 253 220 113 0 255 0 0 255 168 255 188 255 255 255 0 178
    22 255 0 255 0 193 255 0 0 12 255 0 255 12 255 38 236 255 0 255 255
    0 255 255 0 255 0 255 255 0 11 255 255 255 0 0 255 0 0 255 100 255
    238 53 0 137 16 255 0 221 255 0 255 0 202 255 0 255 0 255 0 0 255
    179 0 255 255 255 243 0 0 0 0 255 255 255 0 255 0 255 170 0 125 0
    255 0 142 0 255 131 0 0 255 126 255 204 142 0 80 255 255 0 255 0 106
    0 0 0 255 0 255 0 255 91 0 255 0 0 0 255 16 189 255 255 0 255 255 0
    0 255 255 255 255 255 0 0 255 0 0 255 255 255 255 255 0 255 255 0 0
    255 255 255 0 114 0 255 29 255 0 255 0 0 255 255 0 255 255 0 189 0
    255 255 0 0 255 27 114 255 0 0 255 57 255 0 34 0 133 0 0 0 255 0 255
    0 0 0 255 255 0 255 255 55 0 96 255 255 255 0 0 45 255 255 0 255 0
    255 255 255 255 255 0 0 255 132 0 135 0 0 0 229 177 255 54 255 255
    255 255 255 0 255 0 226 255 0 255 116 0 255 0 255 0 0 239 255 255 0
    79 0 255 0 0 255 0 113 255 255 0 255 0 255 255 0 0 255 0 89 0 172 0
    0 255 0 0 255 0 0 255 0 48 0 0 121 180 255 0 76 255 0 255 130 0 255
    0 255 255 0 255 0 0 255 0 255 0 255 255 255 0 255 0 255 255 0 220 0
    255 18 255 0 255 255 0 255 15 0 255 0 0 140 0 255 0 0 255 255 255
    245 22 255 0 0 0 255 255 161 255 0 255 156 0 255 0 255 255 255 0 255
    255 142 175 0 23 0 140 255 0 215 0 255 97 0 255 0 4 0 0 121 255 0
    117 255 206 255 255 255 255 135 123 255 0 255 255 4 0 0 255 255 0 23
    255 255 255 0 255 0 0 157 255 184 255 0 0 0 0 255 255 0 255 0 255
    255 0 255 197 0 255 187 0 255 0 122 255 0 0 146 255 255 0 255 0 6
    255 0 0 0 255 0 255 255 0 255 0 255 0 169 255 198 255 0 196 255 255
    0 255 255 0 42 255 0 255 0 255 0 0 255 241 255 0 255 255 0 0 0 255 0
    0 254 129 0 255 255 0 140 255 0 0 255 0 255 82 255 0 81 255 0 10 0
    255 55 122 0 0 0 255 150 0 255 0 255 255 0 255 54 0 47 255 131 255 0
    255 72 255 255 0 255 255 0 135 0 255 255 255 0 63 255 0 186 255 190
    0 182 178 255 255 255 255 0 19 0 255 0 0 0 255 255 255 191 0 0 255 0
    0 255 0 255 255 0 255 0 0 114 255 255 255 255 0 129 255 255 0 149
    255 0 255 0 255 255 255 0 0 255 0 255 173 255 148 0 255 0 50 0 255 0
    0 0 0 255 0 37 0 0 255 200 7 255 0 255 127 255 255 0 188 234 150 56
    255 0 177 0 201 255 0 255 0 255 0 0 255 0 255 255 0 0 255 255 0 0
    255 0 0 255 255 255 104 0 246 255 248 255 196 0 0 255 151 0 0 255
    169 0 169 255 0 255 255 175 111 166 0 255 1 136 255 204 255 0 255 0
    255 255 0 255 35 0 0 255 255 255 255 0 54 255 0 127 255 217 0 68 0
    255 0 0 0 255 0 255 0 255 0 255 255 0 123 113 0 0 255 255 0 255 0
    255 255 0 255 0 0 0 255 0 0 255 255 6 255 0 255 0 0 255 111 155 0
    255 255 255 169 255 255 223 0 255 255 0 255 26 0 255 200 173 255 0
    255 0 24 255 255 0 255 0 0 8 255 0 255 255 0 0 0 255 18 255 0 0 244
    242 0 255 0 255 0 233 0 225 0 205 255 0 255 0 255 0 104 0 255 255 0
    255 121 0 3 33 199 0 255 255 255 0 197 255 0 0 255 255 141 0 84 255
    255 255 0 255 0 255 184 0 0 0 255 0 207 0 0 9 57 255 0 0 255 255 255
    255 0 255 255 16 0 255 0 0 255 0 255 255 0 255 255 210 31 0 0 0 255
    0 178 255 93 255 255 0 178 221 245 255 0 255 0 255 0 0 255 0 0 118 0
    255 255 255 220 0 205 255 178 0 0 0 255 249 0 255 255 255 157 255 0
    255 255 0 255 0 255 0 255 255 0 255 29 0 0 255 54 0 0 90 0 255 0 154
    255 255 255 0 0 255 0 255 255 250 129 199 0 255 0 0 0 225 0 255 0
    255 255 0 255 0 255 255 0 0 255 255 255 255 0 255 255 76 189 84 0
    255 255 255 255 0 0 119 0 0 0 255 211 0 255 67 255 209 255 255 54 68
    0 193 157 255 0 255 0 255 198 186 255 0 255 66 255 104 12 255 0 255
    20 0 0 0 0 255 154 0 255 0 72 255 8 0 255 184 9 255 0 255 196 255 0
    255 255 0 255 0 255 0 255 0 255 75 0 255 0 255 255 0 0 0 255 120 255
    130 255 143 255 69 0 255 255 255 0 0 0 255 0 151 73 255 64 0 255 0 0
    0 255 0 0 160 245 31 0 0 255 31 0 255 0 0 255 0 0 255 0 0 255 255 24
    255 0 0 248 255 255 0 0 0 255 0 255 0 255 0 0 20 255 0 225 0 206 0 0
    255 0 255 255 67 241 0 0 255 255 0 0 239 255 0 0 0 0 0 0 62 0 0 0
    255 255 255 0 255 0 0 0 0 255 255 255 0 0 123 255 255 0 255 76 0 255
    255 0 78 0 255 0 95 255 0 0 0 255 0 255 0 145 0 255 0 255 0 173 0
    255 0 0 252 174 255 187 255 255 255 0 255 0 0 0 255 0 0 0 255 255 0
    0 255 255 0 255 255 0 255 12 255 0 30 0 255 255 255 0 255 255 255 0
    33 0 0 0 255 0 0 255 0 255 0 0 0 255 185 255 0 255 0 0 255 255 144 0
    0 0 255 219 0 255 141 255 66 0 255 0 255 0 255 247 255 255 0 47 255
    65 0 255 0 168 255 110 0 198 255 0 0 255 0 255 255 0 152 255 0 113
    255 0 255 0 255 0 0 222 0 255 0 255 255 255 0 0 255 0 0 255 0 0 255
    0 143 255 0 0 255 161 116 0 110 102 255 216 255 0 0 0 0 255 0 0 255
    91 255 235 0 0 255 0 79 255 0 255 255 0 0 255 0 255 255 0 0 78 255 0
    255 0 88 255 0 255 255 0 255 0 0 255 255 210 0 0 55 255 0 65 0 255 0
    255 255 141 255 0 255 0 0 255 255 255 0 255 0 147 0 255 255 0 0 255
    0 0 255 0 0 255 0 255 0 0 167 0 236 250 255 255 0 124 255 0 98 0 255
    0 149 0 255 255 255 0 255 0 255 0 255 255 181 255 0 49 255 255 0 0
    255 255 155 255 255 55 154 169 23 0 0 131 0 255 0 0 252 0 47 255 0
    131 255 255 255 0 0 125 0 255 255 0 255 0 255 255 0 0 0 255 0 0 255
    0 255 255 42 0 0 255 255 234 22 169 0 0 255 0 255 255 0 132 255 0 89
    0 0 255 0 255 0 255 7 239 255 86 0 255 3 55 0 255 47 255 0 255 0 255
    255 255 255 0 0 0 0 255 0 0 255 0 0 128 255 255 41 0 0 255 0 0 173 0
    0 255 33 255 0 255 255 87 255 255 0 255 0 0 255 255 0 255 0 255 255
    0 95 0 255 255 219 255 255 0 255 255 255 0 40 0 255 255 163 255 0 0
    255 65 255 255 0 0 255 255 255 0 255 0 0 255 254 255 0 0 87 122 212
    255 0 0 255 0 29 0 255 0 33 0 255 0 0 255 0 0 0 54 0 255 0 255 0 17
    255 0 220 255 255 239 0 255 149 0 255 255 94 36 162 0 255 6 0 0 255
    255 0 255 61 0 255 210 255 0 255 255 0 209 0 255 0 255 0 255 255 255
    0 55 0 255 0 0 136 0 255 0 255 0 0 0 0 255 255 255 0 0 0 102 0 255
    255 0 255 0 255 0 255 143 255 255 255 0 255 0 0 255 255 0 255 0 0
    255 0 0 0 0 17 255 255 255 0 255 0 154 225 0 255 178 255 255 0 255
    255 0 255 255 0 255 255 0 0 255 236 255 255 226 0 0 255 0 255 255 0
    0 255 0 255 0 0 255 250 193 0 38 255 0 255 0 255 0 255 0 255 0 255 0
    255 255 0 255 255 255 0 255 0 255 255 182 94 255 0 255 0 0 0 0 255
    255 0 17 0 0 36 255 0 255 0 255 0 0 255 0 6 47 255 0 255 255 255 255
    0 255 255 0 255 206 23 255 0 0 0 0 255 0 0 188 0 37 135 0 255 0 0 0
    255 255 255 0 18 0 182 255 255 21 0 67 7 0 255 255 133 0 255 255 65
    255 255 255 255 0 255 255 0 255 193 206 255 0 0 255 0 85 0 110 255
    255 0 0 133 255 0 255 255 0 255 0 0 70 255 255 44 215 255 0 255 255
    0 0 255 255 0 255 0 255 0 0 255 0 255 0 0 255 0 0 77 255 0 255 0 0 0
    255 76 255 0 255 255 0 0 0 255 255 255 0 3 112 0 255 255 255 147 255
    0 0 0 0 0 0 0 255 170 3 0 0 0 138 0 255 0 128 255 0 231 0 0 0 255 0
    255 0 0 255 0 0 0 0 255 0 255 255 0 0 255 0 255 255 255 96 116 255
    62 0 255 0 255 55 0 255 255 255 0 0 30 33 0 255 255 0 255 0 255 255
    0 0 214 81 0 0 255 255 0 0 50 0 255 56 224 0 255 0 255 0 0 255 0 64
    255 76 0 206 0 255 0 0 255 53 0 255 0 255 0 81 255 0 255 0 0 216 0
    255 0 255 255 0 0 0 255 255 0 0 255 255 0 60 83 100 255 255 0 0 255
    0 0 255 255 255 0 255 255 255 0 77 16 0 80 210 255 255 255 145 0 193
    0 255 70 0 255 202 0 255 210 0 0 0 0 255 0 255 255 0 255 0 0 255 255
    255 0 0 255 0 255 0 0 255 255 0 255 0 255 255 0 255 255 0 98 0 83
    255 0 255 255 0 255 0 0 255 0 255 0 0 255 255 0 191 0 153 255 255
    255 10 152 255 0 255 255 255 0 0 255 78 255 255 255 93 255 199 0 0 0
    255 0 255 194 255 0 255 0 0 0 255 255 88 0 255 0 0 0 0 0 255 187 255
    16 0 255 255 0 0 0 255 255 255 0 255 0 255 0 255 102 255 49 255 0 41
    0 0 255 255 0 0 255 0 255 0 255 255 255 0 0 255 255 0 255 0 0 0 255
    0 246 57 0 0 163 0 30 255 0 165 0 255 0 255 255 125 0 255 0 0 113
    255 0 234 0 0 0 0 0 0 255 0 42 255 0 255 0 0 255 0 0 255 0 0 113 255
    140 77 0 255 255 218 58 226 0 255 255 0 255 0 214 255 0 233 255 40
    255 255 0 0 0 255 0 48 255 217 255 168 255 255 255 0 0 0 255 92 0
    241 255 0 105 255 0 255 0 206 0 16 255 162 255 0 0 150 0 0 255 255
    255 97 255 255 0 138 255 255 0 116 107 229 0 0 0 255 255 255 136 190
    252 84 232 0 255 0 186 255 116 0 0 28 255 71 41 0 0 0 255 0 190 255
    0 0 255 161 255 0 255 0 184 0 0 255 0 0 31 255 0 251 0 144 0 139 0 0
    255 0 33 168 190 0 0 58 0 255 0 0 149 0 255 0 255 0 255 255 0 134
    223 255 0 50 0 255 255 0 255 255 0 58 255 0 43 0 255 0 151 255 0 255
    0 0 255 0 255 213 0 0 255 154 0 223 255 0 255 255 0 255 255 189 255
    0 255 255 0 0 255 0 0 0 71 255 255 0 88 255 0 255 255 255 255 54 192
    0 192 0 255 255 255 255 187 255 0 0 255 255 0 255 0 0 255 0 255 255
    0 255 255 255 255 0 0 0 255 0 255 0 255 0 255 0 182 0 255 255 255
    255 255 255 0 0 0 255 216 0 255 255 255 0 255 0 255 0 158 0 0 255
    255 255 0 0 0 0 0 175 0 255 0 255 0 121 20 163 255 239 255 255 0 255
    0 0 0 255 255 0 177 0 255 0 255 255 0 107 0 0 0 0 0 0 255 0 161 255
    0 255 255 0 255 0 255 255 0 0 0 0 159 255 127 255 33 255 0 0 0 0 0
    255 255 255 84 159 255 59 255 255 255 7 255 0 255 255 0 0 0 255 255
    255 0 255 0 74 255 255 255 255 202 0 57 229 255 0 255 217 255 255 0
    0 255 255 0 255 255 255 255 255 255 193 0 255 0 255 0 127 255 0 0 0
    255 0 255 0 255 252 0 255 255 238 0 255 0 255 255 255 0 255 0 69 58
    255 0 255 0 250 9 255 0 174 255 0 255 255 0 0 0 138 35 0 0 114 255
    255 255 146 255 255 255 255 0 0 255 255 0 0 0 111 255 255 152 6 255
    255 255 0 255 0 0 8 196 232 105 0 255 0 255 0 0 255 255 202 99 233
    135 16 255 0 134 0 255 255 255 0 0 55 0 25 233 255 187 127 0 0 255 0
    32 0 255 0 189 0 67 176 42 0 0 255 0 255 0 0 255 0 255 0 0 65 0 255
    255 0 255 0 0 255 0 255 0 255 0 0 255 0 255 0 255 0 255 255 46 0 255
    255 255 0 236 255 0 255 255 255 255 255 255 198 255 0 0 255 79 255
    255 0 255 65 0 149 0 255 255 255 0 255 0 186 57 0 255 255 100 255
    255 255 0 0 255 0 255 0 255 0 255 0 181 129 0 0 0 255 116 233 255 0
    255 0 255 0 193 0 0 252 0 0 255 0 255 0 255 0 122 255 0 0 255 230
    255 0 255 0 0 0 0 0 90 0 207 0 255 0 255 15 79 79 103 255 0 255 0
    255 255 0 0 255 0 0 255 41 0 255 0 255 0 107 73 0 255 0 255 0 255
    145 0 255 255 255 0 0 255 0 147 255 39 255 255 0 0 0 0 0 255 0 0 0 0
    247 0 255 0 0 13 255 255 249 0 92 255 125 0 0 0 254 0 0 206 0 0 221
    244 255 95 255 0 103 255 0 255 30 0 255 0 255 0 0 255 255 255 0 0 0
    255 127 0 0 168 255 0 69 255 0 49 82 0 255 255 0 0 255 0 255 255 255
    205 255 255 133 255 0 246 0 255 0 255 0 255 0 79 88 235 255 255 27
    255 0 83 135 255 0 6 17 159 0 255 255 0 0 255 255 176 0 64 255 255
    255 101 255 255 255 255 0 0 73 87 77 0 255 30 0 255 0 0 255 4 255
    208 0 0 0 0 106 255 255 0 0 255 255 0 94 0 255 255 255 192 255 0 255
    225 255 0 243 142 0 255 0 255 255 0 138 0 255 255 255 0 255 0 255
    255 255 255 0 0 255 84 255 0 190 255 0 117 0 0 0 65 255 0 158 102
    255 255 0 255 224 255 255 0 255 0 255 51 255 0 255 104 163 255 0 255
    86 255 255 0 255 0 255 255 0 255 0 0 255 0 255 0 255 0 0 0 255 68
    255 207 0 255 121 101 186 255 0 0 0 156 255 255 0 0 255 0 10 255 255
    119 0 255 107 0 255 255 0 0 255 0 255 0 255 255 0 255 0 255 91 255 0
    255 248 255 0 122 255 0 83 177 200 255 255 64 0 0 0 255 0 255 0 165
    180 0 255 0 0 255 255 255 0 0 94 133 255 0 255 255 0 0 255 0 255 255
    0 0 255 0 0 0 0 125 0 0 0 0 255 0 255 255 0 255 2 0 108 54 31 255 0
    255 0 255 0 255 96 137 255 0 0 255 255 0 0 255 0 0 0 0 0 3 61 0 0 0
    255 81 175 0 0 0 0 0 255 117 255 255 0 255 0 255 255 255 0 255 255 0
    0 166 255 0 255 255 0 0 246 255 103 0 255 0 0 59 0 255 255 182 255 0
    31 0 0 231 65 0 66 0 0 255 0 255 0 255 100 0 255 0 0 255 0 0 198 173
    255 0 0 183 255 0 255 255 0 255 0 197 255 0 255 0 73 255 255 255 255
    255 255 0 255 0 255 0 255 0 40 107 0 255 0 255 255 0 0 233 0 202 0
    255 0 255 222 255 113 243 215 255 0 255 0 0 255 0 0 255 80 255 0 255
    0 255 155 255 0 255 255 255 172 30 255 255 0 0 0 255 232 181 0 255
    140 255 4 0 255 0 0 255 0 0 255 0 255 253 0 0 255 255 240 0 255 0
    236 148 103 255 255 255 255 0 255 0 0 0 8 255 0 255 0 0 255 255 10 0
    255 29 255 0 255 0 255 0 0 0 255 0 255 0 255 255 255 0 77 255 255 0
    74 0 0 98 0 255 0 255 0 255 0 0 255 0 157 0 255 63 255 0 0 255 170 0
    255 0 255 143 0 255 0 62 255 255 0 255 0 255 109 246 255 255 22 255
    255 255 255 0 255 0 0 255 0 0 255 0 0 0 0 255 255 0 255 255 0 255
    111 255 255 0 0 0 0 255 0 255 255 0 0 0 255 255 0 255 0 255 255 0
    167 255 255 0 16 5 140 0 255 255 0 139 255 130 255 0 123 51 0 22 255
    255 0 255 0 0 255 133 0 0 255 255 0 255 255 0 0 0 247 0 113 255 0 0
    255 0 0 0 0 255 145 255 255 0 0 255 255 255 255 225 255 0 0 107 255
    0 0 0 255 43 255 0 255 0 13 54 255 255 0 5 255 255 33 0 0 242 185 0
    0 255 0 0 0 0 255 0 255 0 255 255 255 152 255 0 255 0 0 255 255 0
    255 255 249 255 255 255 0 255 64 164 0 255 255 255 0 0 226 0 0 59 0
    101 0 255 255 222 0 174 255 0 0 255 0 0 255 229 0 255 0 140 255 255
    0 255 0 0 209 255 0 255 65 255 0 255 0 0 0 255 211 99 65 255 0 0 167
    166 199 0 255 255 0 255 255 0 255 255 0 0 255 0 255 212 0 0 0 255 88
    0 255 0 0 0 255 221 255 255 255 0 255 87 0 65 255 0 128 255 255 255
    0 255 255 255 0 255 255 32 255 0 255 0 208 255 238 148 64 0 0 255
    136 37 255 0 0 0 0 172 255 0 255 0 255 0 255 0 255 255 255 255 0 255
    0 99 255 255 0 255 255 0 0 210 0 255 0 255 255 255 255 0 255 0 0 0
    153 0 255 255 0 134 0 0 0 0 0 255 255 255 0 255 255 0 255 255 255
    255 0 0 0 255 0 255 255 0 255 0 248 255 0 0 255 0 176 0 0 255 0 0
    135 0 0 254 0 255 0 4 232 180 0 0 255 0 255 0 0 255 176 0 46 255 174
    97 0 255 255 0 255 0 255 0 255 0 0 187 131 151 0 88 0 255 0 0 255
    255 255 0 255 0 0 245 0 255 255 255 0 255 227 0 255 255 255 63 255 0
    182 0 0 255 0 231 255 64 0 224 0 0 255 255 0 17 0 0 255 255 0 255 0
    255 255 23 255 0 0 134 255 0 78 0 34 0 255 255 255 0 255 0 247 0 255
    255 0 0 255 0 255 255 0 0 0 198 255 255 255 0 255 255 255 58 0 255 0
    41 255 0 0 255 0 255 255 0 0 255 255 0 0 25 0 255 0 0 255 255 196
    224 255 62 10 255 255 0 255 255 255 0 255 255 36 34 255 0 255 255
    255 138 255 255 0 255 255 255 133 255 0 23 255 0 35 255 66 0 255 202
    110 0 0 255 0 69 255 255 23 56 0 4 0 0 255 0 255 0 255 0 255 255 0 0
    255 255 0 255 255 255 0 132 255 0 255 39 255 51 0 116 255 255 0 255
    255 0 0 255 0 255 27 3 255 255 255 0 0 255 0 255 255 255 221 255 255
    255 0 95 255 255 0 255 255 0 255 255 34 255 0 0 255 0 127 255 0 255
    0 255 0 0 0 0 255 0 0 255 255 0 62 255 0 255 0 0 255 0 0 227 255 26
    0 255 0 0 255 0 255 0 34 0 36 255 0 83 255 53 0 0 212 255 0 255 255
    0 255 0 255 255 0 255 0 255 255 178 255 255 0 255 0 0 143 255 0 59 0
    0 170 255 0 255 0 255 255 0 0 255 111 36 255 255 255 0 255 0 255 255
    0 255 149 0 255 255 0 0 255 0 255 7 0 0 0 116 255 107 0 0 0 255 255
    0 255 0 0 255 255 0 255 0 255 255 0 255 255 0 255 0 255 0 255 0 255
    0 0 255 0 119 255 0 255 196 255 245 116 255 0 255 255 0 255 0 255 0
    255 0 0 79 255 0 4 255 255 0 88 255 255 186 0 255 0 211 0 255 0 0 0
    255 255 0 115 255 255 0 255 3 255 159 0 58 255 255 255 0 0 47 255 72
    0 75 255 255 255 92 0 255 255 0 255 139 255 0 0 0 255 75 255 0 155
    186 86 0 190 0 75 255 0 255 0 0 255 0 0 255 0 32 0 177 255 0 255 0
    255 44 0 142 0 49 255 255 0 0 255 0 52 81 211 117 255 255 150 0 255
    0 0 130 0 0 255 0 255 147 0 255 0 0 255 0 255 0 255 0 255 0 0 0 255
    255 0 255 126 255 0 0 255 0 0 0 255 0 0 255 255 255 63 0 255 255 52
    255 255 0 255 0 255 0 255 0 222 72 255 255 254 0 255 35 98 0 255 255
    255 255 0 0 178 121 255 255 0 0 255 0 255 255 255 255 103 255 184
    138 255 0 255 122 255 0 212 255 255 0 53 0 185 255 255 255 0 255 0
    82 255 0 0 255 0 211 0 0 255 112 0 255 255 0 11 255 0 255 0 10 255
    147 46 0 0 0 240 163 0 255 255 0 255 0 255 255 174 0 44 255 0 0 200
    0 0 255 0 183 173 0 155 0 255 0 255 153 255 255 108 0 255 0 0 255 0
    0 255 0 255 255 0 255 0 255 17 204 0 62 103 0 146 255 0 0 255 255 26
    255 0 255 0 255 255 155 255 0 255 0 0 255 0 255 0 255 255 23 0 255 0
    0 255 0 255 0 255 255 0 255 0 255 255 0 255 241 0 255 205 255 0 0
    255 255 0 0 0 148 0 0 158 0 255 255 0 255 122 8 0 0 0 0 255 81 0 60
    0 193 255 0 255 255 255 165 255 0 0 255 0 255 255 0 174 152 0 0 255
    0 185 0 255 255 0 255 255 0 0 255 181 183 0 122 255 255 0 153 255 0
    0 255 0 21 255 0 154 255 255 0 0 110 255 255 255 0 0 255 0 255 225
    205 0 255 0 255 0 0 255 255 0 255 0 0 0 0 0 255 0 255 0 0 0 255 0 0
    255 0 0 17 255 91 54 212 0 188 229 0 193 151 255 0 46 0 255 255 0
    255 0 255 255 0 88 255 255 0 255 128 255 0 0 255 255 255 255 255 0
    255 135 255 0 255 0 0 8 84 0 255 255 0 255 138 0 255 52 255 0 255 0
    255 255 218 255 254 0 255 0 0 255 0 255 0 255 12 255 0 0 255 0 255 0
    59 255 255 138 28 255 255 255 255 0 176 62 253 255 0 0 0 142 86 255
    0 0 230 255 255 195 255 255 0 0 255 0 0 255 0 255 0 255 255 255 255
    0 255 0 0 255 0 255 0 58 0 255 0 255 0 255 0 255 0 0 255 255 255 255
    222 42 0 150 255 255 255 255 0 0 255 183 255 255 0 255 5 255 255 0
    255 0 255 0 255 0 255 0 255 20 182 255 0 20 255 0 0 0 255 255 255 0
    255 0 169 255 255 0 255 0 255 243 187 255 132 255 0 255 0 0 255 255
    255 242 239 0 0 49 255 0 108 255 30 0 0 252 0 255 0 251 0 255 0 255
    0 0 0 255 0 255 255 255 0 0 255 0 255 98 0 0 0 255 169 255 0 255 255
    0 255 0 255 0 255 0 255 255 255 0 255 248 0 0 0 0 255 0 0 255 0 0 0
    255 0 255 255 0 255 0 255 255 0 0 255 0 255 0 255 255 90 255 255 24
    255 255 255 255 0 207 183 0 0 55 132 251 236 156 0 255 0 255 0 0 255
    145 0 190 0 123 168 0 255 0 0 255 167 255 116 255 255 0 20 255 255 0
    0 95 255 0 92 0 255 255 0 255 0 233 193 239 142 0 221 255 0 255 255
    0 0 0 91 255 0 255 0 255 255 33 255 0 60 0 255 0 255 255 0 255 255 0
    255 223 0 255 255 91 255 0 205 255 0 255 0 0 0 27 0 0 0 255 0 255 0
    255 0 255 0 255 255 0 255 0 255 0 255 0 255 160 255 0 0 255 255 255
    0 255 0 255 0 0 0 255 8 255 189 0 255 179 0 255 0 255 255 0 0 255
    255 84 0 0 255 0 255 0 255 0 255 255 0 118 0 255 0 255 22 0 0 255 0
    0 255 0 0 0 0 255 231 205 0 255 255 0 255 255 0 255 255 0 0 0 255 0
    255 255 0 119 0 255 50 16 0 0 255 0 255 0 0 255 0 255 255 0 0 255 0
    255 255 0 255 255 255 255 0 255 255 255 77 255 0 9 0 255 0 255 237
    255 255 0 0 255 162 0 0 0 255 0 192 100 0 0 149 0 0 255 0 255 242 0
    255 255 157 0 0 74 159 0 255 187 0 255 0 255 0 255 0 255 192 255 170
    255 0 0 255 207 82 255 34 0 255 181 0 255 255 0 0 255 255 0 255 0 0
    255 255 0 0 255 0 255 0 0 0 0 0 255 255 255 0 0 192 255 227 0 0 4
    255 0 255 0 255 255 223 135 255 243 37 255 255 0 255 255 0 0 0 255
    64 0 255 76 106 255 255 255 0 255 0 255 0 0 10 0 209 255 0 255 0 255
    0 0 0 17 0 255 255 255 0 0 255 255 11 255 210 255 0 255 0 0 255 0
    255 0 255 255 0 0 255 0 0 255 0 7 0 0 0 255 8 209 0 255 0 0 124 255
    0 0 255 132 0 73 232 159 0 0 0 0 255 255 0 255 13 48 255 0 255 0 255
    0 0 155 0 0 0 0 0 255 29 233 0 0 255 58 255 0 119 172 68 255 255 255
    0 0 0 255 149 255 0 37 0 255 255 0 0 255 2 0 0 255 0 0 255 0 0 255
    255 98 163 255 255 255 0 19 254 255 0 255 0 166 255 139 101 0 0 255
    0 155 255 12 255 0 191 49 255 0 0 255 213 237 255 255 255 37 255 113
    255 0 255 255 255 0 255 250 0 255 27 185 0 169 255 255 244 0 0 255 0
    12 255 0 141 0 248 0 255 0 255 0 0 255 0 255 0 255 255 0 255 0 0 0
    255 255 0 255 130 255 114 255 0 0 0 162 167 255 0 30 255 255 0 255
    255 0 0 255 255 0 255 0 0 0 255 17 255 0 255 255 255 0 18 0 234 70 0
    35 232 255 0 255 0 255 255 26 0 0 255 0 0 255 174 0 255 0 0 255 0 90
    255 0 89 0 255 0 34 0 255 255 255 200 254 0 2 119 255 0 255 255 110
    255 65 0 255 0 255 130 0 255 0 255 0 0 0 0 255 255 35 255 0 255 0 31
    255 216 255 255 120 3 0 255 34 0 255 0 0 255 0 255 42 255 255 0 255
    255 255 72 65 255 255 0 0 0 255 0 0 0 255 0 32 255 255 255 174 0 255
    43 0 172 255 0 255 255 0 255 0 255 0 0 255 255 255 255 255 0 0 213
    255 0 0 0 0 0 255 0 255 0 255 0 243 255 255 255 0 104 255 0 255 255
    0 91 255 0 255 0 0 0 255 255 2 255 0 0 0 255 0 0 64 0 255 207 0 76
    255 15 255 0 213 242 233 0 255 0 225 35 255 0 87 165 255 255 0 255 0
    214 0 255 0 255 0 255 0 0 255 0 108 255 255 0 0 255 127 0 255 141 0
    143 255 0 255 0 52 255 0 255 87 85 105 255 27 0 255 255 255 0 207
    134 255 255 0 255 255 255 255 255 0 255 255 225 205 255 255 0 0 255
    0 253 41 0 0 255 255 88 255 255 255 255 0 255 77 0 0 0 0 0 140 0 255
    255 0 0 255 255 0 0 147 255 0 255 0 255 143 255 0 0 255 0 255 255 0
    0 221 255 0 255 0 255 255 255 255 91 88 0 220 215 0 218 107 255 0
    255 0 255 255 255 0 68 0 255 0 18 0 255 0 0 255 0 0 255 0 255 0 0
    255 255 0 255 208 255 0 0 255 0 0 255 255 0 208 0 255 255 0 255 255
    255 253 0 0 255 0 255 0 255 255 255 0 255 0 255 0 0 0 9 225 255 255
    0 255 255 252 255 255 255 0 255 255 0 255 0 131 37 255 0 255 0 0 255
    0 0 182 240 0 255 255 0 0 0 255 0 228 0 255 255 255 64 0 255 0 255
    255 0 0 76 255 255 66 0 255 0 255 0 0 0 255 111 0 0 0 255 0 255 255
    82 0 146 255 3 86 219 0 255 0 255 0 0 69 0 255 110 156 0 0 0 255 255
    0 255 0 255 255 0 255 255 0 0 255 0 255 104 255 255 255 0 0 255 0 0
    62 0 0 0 255 0 0 255 0 234 0 255 255 173 0 255 0 255 255 255 0 255
    183 0 170 28 255 0 43 255 255 255 0 255 232 255 0 255 0 0 0 0 255 53
    255 0 255 0 255 0 255 0 0 255 255 0 0 255 0 255 255 0 255 0 255 0
    188 0 0 255 177 255 255 0 255 0 142 0 255 255 0 0 255 76 255 189 255
    0 255 255 255 0 177 6 0 183 0 255 0 255 255 0 0 149 255 0 255 255 0
    0 255 0 255 0 255 0 255 0 255 238 0 255 255 142 255 255 255 0 255
    255 255 0 0 0 255 0 0 255 0 30 255 0 255 0 0 29 255 0 0 40 0 255 255
    0 255 255 0 149 69 0 255 255 0 255 0 255 255 255 0 255 255 173 240 0
    255 0 57 255 0 0 0 49 0 255 0 0 255 220 0 211 214 255 0 26 255 0 255
    228 255 255 0 255 0 0 178 0 255 0 0 107 58 52 255 148 0 255 255 0
    255 0 246 0 0 255 0 255 0 255 0 255 255 120 0 254 0 255 0 0 255 67 0
    255 255 255 0 0 0 72 255 0 0 255 255 0 255 255 255 255 0 248 0 0 255
    0 152 0 255 0 0 255 0 0 3 0 47 0 255 255 0 0 255 255 131 0 0 255 46
    255 0 255 0 111 0 244 52 255 217 0 140 0 255 255 0 255 250 83 0 255
    255 255 0 255 255 255 178 0 0 114 0 255 0 255 122 161 152 0 0 255
    208 255 0 255 0 255 0 255 255 158 255 0 255 255 0 0 0 255 0 255 0
    255 255 255 255 0 255 43 255 0 10 0 255 0 255 0 255 255 0 255 0 255
    0 84 214 185 39 255 219 255 35 0 255 0 21 17 0 0 0 255 255 118 173 0
    255 255 255 0 0 255 0 15 255 255 255 124 206 0 255 0 151 255 0 0 255
    0 255 255 0 255 0 255 0 0 255 0 212 255 0 0 0 231 255 255 255 0 245
    237 113 44 255 255 0 0 255 0 255 189 0 0 255 234 0 0 255 0 255 173
    255 0 161 255 0 255 0 218 0 208 255 0 0 73 0 255 0 255 0 255 145 255
    27 0 0 136 255 132 255 255 175 0 255 147 0 255 255 255 0 255 132 0
    79 0 255 231 255 198 191 193 255 0 0 255 105 255 198 255 233 0 255
    255 131 255 240 0 0 40 255 0 255 0 255 255 255 0 0 0 155 0 255 74
    218 255 0 0 228 0 0 0 255 255 255 0 255 208 115 255 255 255 0 0 0
    255 255 0 255 0 0 0 255 202 255 0 0 0 0 131 255 0 0 255 0 255 255 0
    0 0 51 0 0 255 0 255 0 201 0 255 0 255 0 255 0 255 0 39 255 0 255
    255 152 0 157 255 0 26 0 255 208 255 0 255 0 255 255 0 255 0 220 4
    52 0 255 0 0 174 255 0 28 219 74 159 255 255 0 255 0 255 0 0 255 0
    255 0 132 0 255 0 255 0 255 0 0 255 253 255 0 255 0 0 159 255 0 255
    0 255 0 255 0 255 242 255 255 255 255 0 0 49 255 55 0 255 0 232 255
    0 255 1 0 0 255 100 28 0 15 0 255 0 107 255 0 53 255 255 255 0 0 255
    255 0 255 140 0 255 0 187 0 255 255 89 255 255 98 0 0 255 255 0 149
    255 255 255 255 0 56 0 0 255 255 181 211 244 0 118 255 0 255 0 0 205
    98 255 0 255 255 255 0 0 255 0 255 0 255 0 255 160 115 0 188 60 255
    0 245 255 0 255 0 255 64 255 90 255 0 255 165 255 0 0 255 219 0 255
    0 255 255 0 255 0 255 255 0 0 255 0 40 0 255 31 40 0 255 0 255 108
    141 8 255 0 255 0 0 255 0 0 255 255 0 0 255 255 0 255 255 255 255 0
    255 115 255 0 255 58 255 0 255 0 255 0 31 255 241 255 0 19 0 255 0 0
    94 19 0 118 0 117 255 0 255 194 0 0 0 255 0 255 0 14 0 156 127 2 255
    0 0 255 0 255 4 16 107 0 255 196 255 131 166 255 0 0 255 255 244 0
    149 255 0 255 0 254 0 255 0 0 255 0 255 0 255 0 255 0 255 0 114 255
    255 105 0 0 0 0 255 37 0 255 0 255 74 255 255 0 255 255 0 255 99 255
    0 0 0 0 255 166 0 224 255 235 255 255 244 0 232 255 0 0 0 255 0 255
    147 0 0 0 255 255 0 0 255 0 36 242 255 0 0 255 255 39 0 236 0 255 0
    255 0 0 0 121 255 0 255 0 255 141 0 104 255 131 255 0 211 0 255 0
    255 0 255 255 0 0 255 255 155 0 177 0 255 0 0 101 255 0 255 171 255
    255 0 255 0 255 119 0 255 0 255 255 0 0 0 255 0 255 0 255 0 255 0 0
    255 0 31 218 7 255 0 0 255 0 255 255 0 255 0 255 173 255 0 115 255 0
    255 0 255 0 255 255 0 255 0 199 0 0 0 255 0 134 0 115 0 255 0 199
    255 255 255 0 255 229 198 0 255 255 255 255 207 255 255 48 255 0 255
    0 255 255 0 255 0 255 255 182 255 255 141 0 0 0 255 255 0 255 0 255
    131 0 0 0 20 255 255 0 42 255 0 29 255 0 255 0 185 255 255 255 255 0
    255 255 255 0 0 255 255 22 0 53 0 200 31 162 255 0 255 247 0 255 255
    109 0 255 0 255 0 0 255 0 255 20 0 255 192 142 0 118 0 170 213 255
    255 255 29 0 255 255 0 101 0 0 193 0 0 255 255 0 21 255 0 255 0 94
    255 255 103 0 245 255 222 16 255 255 0 194 41 0 49 255 76 255 0 0
    255 255 0 255 222 255 255 0 168 255 255 255 0 31 0 255 0 223 255 0 0
    255 0 105 0 255 50 255 0 228 0 255 255 0 0 255 255 0 255 255 104 255
    0 0 0 0 240 252 0 0 248 255 0 0 255 255 255 255 0 68 255 255 0 255
    235 0 0 0 255 255 0 255 244 168 28 162 0 0 255 255 0 71 255 0 0 79
    255 0 0 255 0 255 0 255 203 255 250 255 131 0 255 255 0 0 255 255 0
    145 0 0 228 0 255 255 255 128 152 255 0 0 255 0 0 255 0 255 255 255
    84 255 255 0 0 186 0 0 255 0 0 0 255 255 255 255 255 83 0 0 0 29 175
    88 255 115 0 255 0 97 212 0 255 0 0 255 0 255 157 255 0 0 255 255 0
    234 0 255 0 190 83 255 0 116 255 0 255 109 0 0 0 255 255 0 255 255
    255 255 0 83 255 0 255 255 0 255 61 0 255 255 0 255 255 0 255 0 0 0
    84 255 0 0 0 255 205 255 0 255 70 0 255 0 255 219 0 255 168 0 0 0
    184 255 255 212 104 0 255 0 255 211 255 255 189 72 255 0 255 255 0 0
    255 255 0 0 0 255 154 69 27 0 255 255 0 0 255 255 108 0 255 255 0 0
    255 0 255 255 0 96 225 0 255 255 255 0 192 133 254 255 0 255 255 255
    255 0 255 60 0 255 59 47 255 255 0 0 1 0 35 0 255 255 101 0 255 0
    255 22 0 185 255 255 0 255 255 0 255 0 0 0 255 255 0 255 210 255 0
    255 196 0 255 0 255 0 255 255 170 0 255 255 178 0 255 255 255 0 255
    0 255 255 255 255 17 255 0 0 0 255 255 0 0 255 221 255 255 255 138 0
    0 0 0 255 0 50 0 255 0 255 0 0 0 0 35 255 255 0 255 1 96 0 255 255
    91 255 255 0 255 0 255 4 255 255 0 255 255 0 255 255 255 255 0 0 255
    0 255 255 0 214 162 0 0 0 128 255 0 0 255 0 255 255 0 255 255 0 33
    255 0 255 48 132 59 255 0 137 0 255 200 0 255 31 255 130 0 255 0 255
    255 0 255 255 255 0 255 0 0 255 0 118 255 255 0 13 255 0 255 0 43
    255 54 0 13 0 28 89 0 161 255 182 0 0 255 0 255 0 255 0 255 0 0 255
    0 0 255 0 255 255 255 255 0 0 255 0 0 0 0 255 0 211 255 0 23 0 12
    255 127 133 40 33 0 255 255 196 187 255 0 0 101 255 0 0 0 255 0 0
    255 255 255 100 155 0 255 0 0 0 255 255 18 0 116 0 0 246 255 255 255
    188 32 43 106 0 255 255 0 255 255 57 0 255 255 0 255 0 255 14 255
    159 255 0 255 255 0 0 255 255 255 0 255 0 255 90 0 255 0 0 0 0 0 255
    0 0 71 255 0 255 0 255 255 0 114 0 0 255 255 0 255 109 255 0 0 255
    255 0 0 0 255 162 255 126 255 255 0 255 255 255 214 255 0 0 134 0
    255 255 0 0 28 0 255 255 128 0 0 0 75 184 28 184 0 255 0 255 144 0
    149 0 255 255 255 0 255 255 0 255 0 255 0 0 255 119 0 129 0 255 65 0
    0 255 0 255 0 255 255 255 140 255 0 0 0 255 255 0 0 0 40 4 0 216 0
    117 0 102 255 0 255 255 0 215 0 255 255 0 255 0 255 46 47 0 198 255
    111 255 255 136 0 0 15 0 255 255 0 0 255 0 255 76 255 255 255 0 104
    255 0 0 0 255 60 249 16 211 255 118 255 0 0 0 255 0 255 255 0 243
    255 255 122 0 255 0 0 255 0 0 255 255 0 0 255 255 255 0 255 255 0
    172 0 0 84 46 255 255 0 255 57 255 0 161 0 65 0 255 238 0 0 255 0
    255 0 0 0 255 255 0 226 255 0 0 255 0 0 66 255 255 16 0 54 255 255 0
    182 79 0 0 0 172 255 255 0 255 255 255 0 0 255 255 46 255 0 255 0
    195 255 0 255 0 0 106 0 0 255 81 0 150 0 0 0 255 255 0 255 255 57 0
    0 68 255 66 0 0 255 13 255 0 255 0 255 0 95 255 0 0 0 255 255 255 0
    0 194 255 0 255 0 0 0 0 255 0 34 255 0 255 0 255 129 0 255 0 7 255 0
    0 255 151 255 192 169 0 0 0 255 0 255 93 255 255 0 0 0 255 0 255 0
    255 255 0 255 0 23 255 148 255 255 0 255 0 0 255 255 0 255 150 255 9
    0 231 255 0 156 255 0 0 0 255 207 255 255 0 255 0 255 0 239 0 255
    255 0 255 0 19 0 13 0 255 0 0 44 255 92 0 211 0 71 0 0 60 255 255
    255 0 255 0 255 0 7 255 0 255 144 0 255 0 0 92 0 0 0 255 23 255 47
    255 0 255 218 0 255 255 255 7 255 0 255 255 0 0 255 0 255 255 0 255
    0 232 255 255 255 0 0 255 255 0 255 0 0 255 255 52 0 0 255 0 255 255
    0 255 255 0 0 0 0 255 83 57 255 255 41 255 0 255 255 241 0 255 255 0
    0 255 0 255 0 196 255 0 0 185 255 255 0 0 0 255 255 255 255 255 18 0
    255 255 0 255 0 0 0 255 0 158 170 255 0 255 142 0 255 80 0 0 0 252 0
    255 0 255 0 255 255 255 255 0 255 255 255 0 255 0 102 0 0 255 0 0
    255 255 107 0 93 0 255 0 255 0 91 0 242 255 0 0 255 0 0 18 255 0 255
    119 255 255 255 0 0 53 255 255 255 184 0 255 255 0 255 115 255 0 0
    255 255 0 4 0 62 255 55 0 255 6 0 255 0 255 255 255 0 255 0 255 0
    255 255 222 0 0 0 255 0 255 0 162 255 255 0 0 61 201 255 255 255 0
    255 255 255 0 255 223 0 255 81 34 250 0 255 255 0 255 0 255 0 0 255
    71 255 0 255 255 0 163 0 255 255 201 255 255 0 23 18 0 255 0 255 0
    255 0 255 0 0 0 255 255 0 255 31 147 0 0 212 0 255 0 255 255 0 255 0
    137 255 0 0 255 255 0 255 0 0 173 255 0 0 0 140 0 0 0 0 255 166 0
    255 36 0 255 0 0 81 136 255 255 0 255 219 255 255 0 0 255 255 0 0
    255 40 0 255 0 241 255 255 0 255 255 255 0 76 0 255 0 0 145 255 0
    244 254 255 0 181 19 0 83 0 209 0 255 200 255 89 255 106 255 255 0
    255 0 255 0 0 0 255 54 0 0 0 79 0 85 0 255 0 28 255 3 0 157 255 0
    255 0 0 255 0 255 0 255 148 255 77 0 255 109 255 0 0 255 255 0 0 0 0
    255 255 0 0 0 97 255 255 0 0 255 0 255 0 0 255 0 0 68 255 255 0 0
    255 0 190 255 0 255 0 255 148 0 166 0 255 0 255 0 255 0 255 255 211
    71 0 255 255 255 0 0 255 39 0 103 136 0 0 0 0 239 0 0 255 0 255 0 59
    0 60 255 0 255 0 255 0 0 255 0 255 0 0 255 0 0 255 255 255 0 195 0 0
    0 0 255 255 217 0 255 0 255 0 255 0 223 255 9 21 255 0 0 255 0 255
    221 233 255 0 175 89 107 129 0 255 0 189 0 0 0 255 114 255 0 255 0 0
    255 0 255 0 0 255 255 255 255 0 255 0 0 255 29 255 0 166 0 255 174
    255 0 255 0 129 255 255 255 0 0 255 64 0 78 255 0 255 0 255 255 146
    0 144 255 255 255 57 159 0 0 0 255 0 255 255 0 255 0 255 0 2 255 0 0
    0 255 0 255 255 242 0 255 0 0 162 255 0 255 203 21 255 255 255 0 255
    0 255 0 255 0 255 255 24 255 0 155 0 40 255 0 0 55 255 255 213 229 0
    255 0 0 0 91 245 0 255 255 255 70 0 255 255 255 56 230 255 0 0 201
    119 255 0 188 255 0 255 1 66 255 0 0 0 255 0 255 255 0 255 105 49 0
    255 52 0 188 255 255 0 109 188 245 0 255 0 0 255 0 255 0 46 0 95 0
    255 0 255 255 255 0 0 255 255 0 255 0 0 255 0 255 255 0 255 0 19 0
    255 0 255 255 255 255 0 255 0 255 255 255 255 0 255 0 166 0 0 255 0
    255 255 0 255 0 255 0 255 255 255 87 60 0 255 235 0 255 160 0 218 0
    255 0 255 255 0 255 121 177 0 255 255 255 0 0 0 255 0 255 255 0 255
    0 0 255 252 0 0 31 189 255 0 0 83 255 160 254 0 255 0 255 0 154 255
    255 138 0 0 255 0 0 0 255 255 254 0 0 35 255 0 255 0 0 0 255 0 255
    54 255 246 255 0 255 0 255 255 40 255 126 255 61 255 191 255 0 255 0
    0 0 243 0 255 255 0 255 233 0 255 224 255 0 0 0 101 0 255 131 0 255
    0 0 0 255 146 0 255 0 255 204 0 141 255 0 0 255 255 0 255 0 255 0
    255 0 255 0 0 254 255 0 255 0 0 0 255 210 0 255 0 255 0 0 255 255 0
    0 255 0 255 0 0 255 255 255 139 0 255 255 0 234 255 255 255 0 0 0
    255 255 0 255 0 0 255 255 0 255 0 255 0 255 255 255 0 0 255 255 0
    255 0 255 255 0 14 255 150 255 0 255 77 198 255 255 255 221 255 0
    255 5 0 255 0 255 0 255 0 0 150 255 0 0 255 0 255 255 255 255 230
    191 0 255 0 255 0 252 0 0 0 255 250 255 169 0 0 25 0 255 120 95 202
    0 0 255 0 0 255 0 0 255 0 0 0 255 186 213 255 0 0 255 0 240 255 72
    115 255 0 255 0 0 255 255 0 0 0 0 255 0 255 0 255 0 0 0 255 183 6 0
    255 255 228 0 0 255 255 255 0 255 255 0 255 4 255 69 255 0 0 0 0 255
    116 0 255 0 176 255 0 75 0 0 0 0 255 255 255 255 0 255 0 255 255 0
    23 255 240 67 255 0 0 255 0 255 190 26 0 239 0 255 255 255 255 0 185
    0 255 33 0 255 0 255 255 255 255 0 0 0 0 255 0 255 0 255 14 134 44 0
    0 106 255 255 255 0 255 255 0 0 255 0 255 0 255 0 255 255 0 39 0 0
    255 0 255 0 0 255 0 0 110 255 0 255 246 255 255 255 255 0 255 0 255
    202 0 0 236 0 255 255 0 255 120 0 255 255 255 0 255 255 0 0 61 0 0
    185 255 0 255 0 255 0 67 59 30 255 255 255 0 255 255 0 0 169 0 2 227
    23 255 255 0 255 0 0 0 206 0 161 0 255 255 0 255 0 0 255 11 255 255
    0 61 78 255 0 184 255 255 0 255 0 255 0 0 255 255 255 0 255 255 255
    255 0 255 0 0 17 0 75 255 152 0 0 150 0 255 0 0 255 255 255 235 58
    255 59 255 0 0 255 53 0 255 0 203 0 255 19 0 255 0 218 0 255 255 0 0
    255 255 0 255 0 17 0 255 0 255 197 255 0 72 0 255 0 255 255 0 0 255
    255 0 255 0 154 255 255 0 0 255 0 0 255 0 255 255 0 167 83 199 255
    255 0 255 0 0 255 0 255 0 92 42 147 0 255 49 255 255 0 255 255 255 0
    53 255 0 255 255 255 0 255 255 0 255 0 32 255 255 255 0 0 255 0 0 0
    0 0 255 255 255 117 0 255 0 0 0 250 255 0 255 82 0 199 0 255 255 0
    255 0 255 255 255 255 255 0 0 255 255 255 209 0 0 255 0 255 0 0 255
    0 125 0 0 255 255 0 255 178 0 254 255 121 255 255 0 255 0 0 255 0
    255 0 88 255 104 0 0 255 255 0 0 255 255 33 255 255 103 0 253 255 0
    239 255 215 255 255 255 0 255 0 255 0 255 0 255 0 0 237 0 164 0 255
    0 255 255 0 41 112 0 255 0 255 255 0 255 255 0 0 255 0 0 255 255 0
    100 255 255 50 0 0 0 255 255 0 255 0 255 0 255 0 186 255 0 0 0 255
    255 217 0 255 255 255 0 0 0 255 0 156 255 255 0 0 0 0 255 255 255 0
    32 0 0 255 0 255 255 0 0 255 255 255 255 0 245 255 0 255 238 255 137
    0 255 255 255 0 255 255 255 0 255 0 0 12 0 255 0 255 0 9 0 255 0 255
    43 245 255 0 0 255 210 0 0 0 255 0 2 255 222 255 0 0 255 0 0 0 142 0
    255 0 0 255 0 0 255 0 0 255 0 255 0 255 0 255 6 255 0 255 255 255
    255 0 0 255 210 0 255 255 0 235 255 0 0 0 0 0 255 243 209 0 255 0
    255 0 255 0 0 255 255 255 0 0 32 0 83 255 255 255 167 255 255 0 0
    255 0 255 0 9 0 255 0 255 0 0 255 134 255 0 255 255 120 141 255 255
    0 0 0 255 0 255 73 0 122 145 0 237 0 17 99 0 0 255 0 32 255 255 0
    255 0 51 0 255 0 255 182 0 255 236 0 78 255 255 255 97 0 255 255 0 0
    255 250 255 0 248 0 0 0 255 255 130 214 0 255 255 0 255 255 255 0
    150 8 255 255 255 0 255 0 255 0 231 242 255 255 0 0 255 255 0 49 0
    255 255 161 255 255 0 0 255 0 255 255 0 0 255 0 255 138 255 0 233
    125 0 255 0 35 0 255 255 0 0 255 0 241 255 0 239 173 139 0 255 255
    189 0 0 27 255 244 212 255 255 121 252 169 181 255 0 0 212 0 255 255
    0 0 0 255 89 255 255 178 255 0 21 255 255 0 0 255 255 0 132 255 255
    138 125 255 0 255 0 255 0 113 71 0 0 255 255 0 124 255 0 255 0 100 0
    0 117 0 255 0 0 255 0 255 0 0 255 197 255 116 255 255 74 255 0 255
    255 0 255 0 255 0 255 0 255 28 255 0 0 255 93 122 0 255 0 255 0 0
    153 149 0 255 0 255 0 255 0 255 0 255 255 135 255 0 84 0 0 0 0 0 255
    0 0 173 255 255 255 227 233 255 0 0 255 255 0 255 255 0 167 210 255
    0 255 204 255 0 255 213 0 255 0 255 0 0 255 0 255 0 0 151 0 255 0 0
    134 132 0 255 0 255 255 255 0 0 255 232 0 0 255 0 0 255 0 255 0 255
    0 255 255 0 255 255 5 0 255 255 255 0 0 0 206 84 255 0 255 0 255 0 0
    255 255 0 255 0 255 0 255 0 255 16 0 255 0 0 112 255 0 255 255 255 0
    0 223 0 0 255 243 93 255 139 0 255 255 255 0 255 0 0 0 76 0 255 0 0
    255 70 130 0 12 130 91 70 255 255 255 255 255 0 255 255 0 177 62 0
    37 0 255 85 255 0 0 255 255 0 0 255 0 255 255 135 0 255 67 255 0 0 0
    0 255 255 143 255 0 255 0 0 255 255 108 0 255 255 255 0 130 220 255
    172 107 0 0 0 255 0 255 255 255 0 255 0 0 120 0 0 255 234 255 165 41
    149 0 0 0 255 9 255 0 0 255 0 255 0 255 255 0 255 255 0 255 0 255 0
    255 255 0 121 0 255 0 210 0 255 255 255 0 255 255 42 255 255 0 0 0 0
    207 0 0 0 255 255 255 255 0 242 255 255 255 0 255 153 0 255 10 0 255
    64 231 0 255 255 0 90 165 255 255 191 255 0 0 255 255 255 255 255 91
    255 0 0 255 3 0 255 255 0 255 124 255 255 255 0 0 255 225 0 0 0 149
    40 255 255 0 0 0 255 255 0 0 255 0 255 0 255 202 255 0 10 255 0 255
    0 0 255 255 0 0 255 0 255 0 255 39 0 7 0 255 76 0 0 0 255 255 0 235
    255 88 255 0 0 255 255 40 255 255 132 255 255 255 47 255 0 255 255 0
    255 255 255 30 0 28 255 0 255 255 130 0 255 255 0 0 255 191 123 0
    255 0 255 255 0 0 255 0 0 225 0 255 0 136 228 0 255 205 46 56 255 0
    179 86 0 255 148 255 255 0 255 255 0 0 0 255 255 0 0 255 0 0 255 255
    255 0 116 255 0 8 246 0 10 255 255 0 255 0 255 0 0 33 255 0 93 255 0
    19 142 255 255 127 0 255 11 255 0 69 76 0 0 255 255 115 0 61 96 0
    255 0 170 255 255 52 255 0 0 255 255 0 0 0 0 156 0 188 255 0 255 255
    0 0 0 226 0 255 0 255 0 71 0 255 0 122 255 0 0 255 0 255 0 0 255 255
    105 255 0 0 194 255 89 0 0 221 255 0 255 255 119 0 255 0 255 255 255
    0 255 255 238 0 0 222 179 30 0 255 51 213 255 74 0 255 0 255 255 255
    255 12 135 255 0 255 0 170 255 61 0 255 0 102 255 255 0 255 0 135 68
    0 103 212 255 0 0 0 0 0 253 0 0 205 255 255 44 255 0 0 0 0 255 0 255
    0 255 255 0 255 0 0 255 255 0 255 255 0 0 231 0 255 68 102 255 255
    121 255 255 101 0 255 172 255 0 221 101 255 0 0 0 255 0 169 0 0 255
    0 255 0 158 0 255 0 255 200 219 255 0 255 0 255 255 94 0 255 0 0 0
    70 0 255 0 239 205 255 0 255 255 0 255 255 0 0 0 255 4 0 255 207 255
    255 0 0 0 255 0 255 0 255 255 255 0 0 0 0 0 255 0 255 0 255 255 0 0
    0 255 255 0 255 255 0 187 0 157 255 0 255 0 47 255 0 0 0 0 0 255 185
    105 187 32 255 0 127 255 0 0 255 255 255 255 255 21 255 255 0 127 0
    255 0 255 0 255 255 56 255 0 191 255 0 255 255 0 255 0 255 0 255 0
    255 16 147 0 255 119 255 0 0 255 255 59 255 0 108 255 0 255 0 0 255
    0 255 241 255 0 34 0 255 255 0 0 255 255 78 0 0 25 0 255 255 197 0
    255 0 255 114 0 255 0 0 255 255 0 0 0 204 87 255 177 204 0 40 255 36
    25 255 0 255 103 0 255 255 0 255 163 0 255 0 255 69 0 206 0 255 114
    0 255 0 255 255 0 255 0 0 255 255 0 119 40 255 0 73 0 255 52 0 255 0
    255 255 255 255 255 0 0 255 0 255 0 255 255 0 0 230 62 255 255 0 255
    255 0 97 255 75 255 0 255 0 255 234 0 0 255 255 255 0 255 0 72 255
    255 0 255 227 255 0 255 0 255 255 255 255 169 255 0 255 0 0 255 255
    0 155 0 255 255 255 0 0 255 0 0 209 255 0 255 0 255 0 177 0 213 255
    255 0 255 5 0 255 141 255 255 0 255 0 0 0 0 255 234 255 0 255 0 166
    255 255 255 255 255 244 159 0 255 0 255 0 255 0 138 255 255 255 0 42
    0 0 255 163 255 0 255 0 255 0 255 0 0 255 0 0 255 0 255 242 0 255
    255 0 255 0 0 207 0 255 0 255 0 255 0 255 37 0 255 255 140 0 255 219
    0 0 255 245 255 0 255 255 255 0 255 0 72 255 0 255 0 172 255 255 0
    255 0 255 255 255 255 255 0 255 0 255 255 0 0 114 0 0 0 255 7 255 0
    107 224 0 0 255 0 180 255 16 0 255 0 255 0 255 255 0 189 0 255 0 0 0
    0 255 182 0 0 255 0 255 0 255 255 0 255 113 69 0 0 255 180 255 82
    165 255 0 255 0 255 98 0 255 204 45 255 0 255 0 255 0 255 255 0 0
    255 0 0 255 255 0 54 255 255 0 104 255 255 68 0 255 0 255 255 0 0
    255 125 0 255 0 255 0 0 99 255 0 50 0 255 255 255 0 255 255 255 207
    0 255 0 255 255 0 0 255 255 0 0 255 0 0 0 255 0 255 0 255 0 255 255
    0 255 255 0 255 0 255 0 255 0 255 0 255 0 9 255 0 48 255 0 0 0 0 0 0
    0 0 113 255 186 0 255 255 0 255 255 0 255 197 255 255 0 0 255 0 151
    0 255 216 7 0 255 255 131 255 0 255 0 255 255 0 0 255 0 255 255 0 0
    0 255 0 113 255 255 0 0 0 255 0 255 0 43 255 0 255 0 0 255 255 104
    117 255 0 225 0 255 0 255 0 255 0 0 255 255 0 255 0 0 0 0 255 0 0
    255 0 255 185 0 255 0 255 0 129 0 255 0 49 235 15 255 5 0 255 0 0
    164 0 255 0 255 49 168 0 0 255 0 255 255 0 5 0 255 255 0 120 255 0
    199 255 66 0 0 0 47 102 255 0 255 0 0 0 0 255 0 255 0 255 28 0 255
    255 255 0 0 255 255 255 0 11 255 255 232 0 255 0 217 255 172 19 0
    118 255 0 255 255 0 0 255 82 255 255 255 0 0 255 0 255 0 255 255 255
    0 255 0 255 255 0 255 0 0 200 0 255 255 0 255 255 0 255 255 255 255
    0 255 0 255 0 232 0 255 0 0 0 68 0 255 0 0 0 0 0 255 0 255 255 255
    71 0 31 255 255 0 255 117 0 255 0 255 34 0 255 0 255 255 0 255 255 0
    255 147 255 0 255 255 255 198 0 255 26 105 0 0 255 0 0 255 111 255
    255 109 255 205 255 255 0 255 227 0 255 0 255 0 255 170 255 0 255
    255 0 255 0 199 255 0 0 255 0 0 255 143 0 254 255 0 255 0 0 255 0
    255 255 33 255 0 0 255 2 255 0 0 0 137 255 0 255 255 0 255 255 0 182
    50 255 0 0 255 255 255 255 213 0 0 255 255 154 0 0 255 255 255 255 0
    255 0 255 0 0 255 255 255 255 0 91 255 180 49 231 0 162 0 0 255 255
    255 0 171 255 0 0 255 135 255 0 97 255 19 255 93 255 143 0 255 0 0
    33 255 0 0 255 255 0 0 255 0 149 255 0 255 0 150 255 255 37 255 0
    255 255 0 255 255 0 0 255 255 0 0 0 255 255 47 0 255 0 255 0 30 255
    39 44 255 0 0 255 0 0 255 0 255 224 0 38 0 0 255 135 0 255 0 255 0
    255 0 8 0 255 0 255 75 255 124 147 0 255 0 0 255 0 255 202 0 255 0
    255 0 139 0 79 0 255 0 255 0 182 0 0 255 118 0 255 0 255 0 255 0 0 0
    255 255 255 0 121 39 0 0 255 0 255 0 85 119 255 40 8 0 67 23 255 0
    255 0 255 255 109 255 0 0 0 0 255 20 255 255 255 0 0 255 10 255 0
    255 169 28 0 255 255 0 255 255 0 255 0 255 0 255 95 0 231 255 0 0
    255 255 255 0 27 255 117 255 191 255 0 169 255 255 7 0 0 255 0 10
    255 0 255 173 0 0 104 255 0 0 255 255 78 100 0 255 0 255 0 255 44 0
    127 0 0 0 0 0 255 0 255 255 255 71 255 255 0 0 255 0 78 0 255 60 0
    255 255 175 255 162 0 255 0 255 62 0 255 255 255 0 255 255 0 255 0
    255 0 255 0 255 0 0 156 0 255 0 0 52 0 85 255 255 49 255 0 213 168
    255 255 0 255 255 255 0 0 192 255 0 255 0 35 0 0 0 0 0 255 255 255
    242 255 255 252 0 0 255 255 255 0 0 0 255 0 255 255 255 0 255 255
    255 255 0 255 255 181 255 255 0 255 255 255 0 255 255 0 0 87 220 255
    0 255 228 0 112 0 255 0 255 255 85 121 0 255 255 0 0 255 255 255 255
    0 255 255 255 0 255 255 0 255 255 255 0 255 255 143 0 255 0 255 0
    245 56 119 255 0 61 0 248 0 156 252 0 255 255 0 0 49 255 255 0 63
    255 0 28 255 0 255 0 255 0 255 255 0 0 255 102 0 164 255 0 255 224 0
    0 255 0 159 0 0 255 255 0 255 0 255 0 255 255 0 0 255 255 232 255 0
    0 0 255 0 0 255 0 255 0 255 255 0 190 0 255 0 255 143 0 255 255 255
    0 255 0 231 255 0 255 0 26 0 255 0 255 0 255 43 255 232 0 255 255 0
    0 0 255 0 0 255 242 255 0 255 0 255 0 255 255 255 3 0 188 13 255 0
    255 0 0 66 255 0 255 221 0 0 255 255 0 255 0 255 255 0 0 255 76 0 0
    255 81 0 0 19 255 0 73 0 255 0 0 0 116 255 0 255 192 0 255 49 218
    255 0 163 255 255 0 255 0 255 0 255 0 179 0 0 255 35 214 179 0 0 255
    255 107 0 255 0 117 255 210 0 0 79 0 130 229 88 0 0 255 0 0 107 77
    255 0 255 255 0 255 6 245 0 188 255 0 0 0 255 0 0 131 255 0 255 255
    0 255 0 0 255 255 0 0 255 255 0 145 255 0 152 189 255 0 0 255 255 0
    255 255 0 255 0 0 255 0 255 153 0 255 0 69 0 0 255 123 0 255 255 0 0
    0 255 45 255 248 0 0 0 236 0 249 0 191 255 255 0 255 255 0 0 255 255
    144 255 255 255 205 0 255 0 255 255 0 255 0 0 0 255 255 0 255 0 255
    0 0 59 255 0 255 0 0 255 1 229 0 48 255 26 255 0 0 68 0 255 255 255
    0 0 255 0 255 255 81 0 255 51 0 255 255 0 223 148 255 255 0 43 255 0
    255 72 0 0 255 0 0 255 0 255 0 255 0 255 218 255 0 6 52 243 210 255
    0 212 255 0 0 183 30 255 255 0 180 0 255 0 255 172 255 0 255 0 184 0
    0 255 255 223 0 0 18 0 130 255 0 0 0 0 255 0 0 255 0 9 139 0 255 0 0
    235 255 73 69 255 255 0 255 0 0 255 157 255 0 255 0 255 233 0 255 0
    65 86 0 80 255 0 255 0 255 97 49 184 59 0 0 255 179 255 0 0 255 0
    255 92 137 0 0 255 0 0 0 255 0 255 0 255 0 255 0 0 0 0 138 255 255 0
    83 0 104 0 64 255 0 255 255 0 255 0 0 74 0 0 255 0 0 255 0 0 255 0
    255 0 255 255 0 0 255 255 255 0 0 0 118 157 72 0 255 255 0 255 255 0
    255 0 135 255 255 255 0 0 0 0 0 0 0 0 57 0 142 0 0 255 255 255 0 255
    233 0 0 0 255 0 255 0 0 255 255 255 237 0 255 110 0 0 198 255 255
    255 255 255 0 255 0 0 255 255 0 0 17 99 148 0 122 255 255 0 255 255
    0 255 15 0 255 255 0 255 0 89 255 255 160 0 255 0 255 0 255 0 255 0
    23 255 242 203 0 255 206 255 0 255 0 75 255 0 210 255 0 238 0 236
    255 0 255 255 0 255 0 0 0 0 236 22 255 0 255 255 0 255 0 0 0 255 255
    0 21 255 0 0 255 255 255 255 255 255 255 255 0 0 255 255 0 255 141 0
    255 255 0 255 215 175 0 255 0 255 122 0 255 0 255 0 0 255 0 255 0
    255 0 255 255 0 0 255 0 0 255 173 255 255 0 162 0 0 24 0 255 255 255
    0 255 0 255 0 255 224 255 0 255 186 0 0 0 255 216 255 0 108 0 173
    255 0 0 75 255 0 255 0 0 255 255 0 255 0 255 0 0 255 0 0 0 0 0 255
    105 0 255 0 0 180 255 0 255 255 0 0 253 255 0 255 255 239 255 0 0
    150 255 255 0 255 46 0 255 255 255 94 255 255 0 139 170 0 0 0 255
    172 255 255 0 255 208 255 0 255 0 0 0 255 0 0 93 255 191 0 0 255 255
    255 0 255 0 49 101 0 0 255 0 255 0 255 0 33 0 255 0 95 255 27 0 255
    0 0 255 0 0 255 0 50 255 0 255 164 0 255 0 0 255 0 0 0 255 0 255 255
    0 41 255 0 255 0 255 0 255 0 255 255 255 56 255 7 0 255 255 0 82 255
    255 255 159 0 0 255 20 255 236 0 255 0 255 0 255 0 0 255 255 255 0
    255 255 198 176 0 0 255 255 0 0 0 255 255 255 0 0 0 255 192 255 0
    255 74 255 0 255 191 0 0 255 49 255 255 53 0 255 0 255 135 0 255 0
    255 0 0 0 0 0 255 255 255 0 255 235 255 255 255 0 28 255 0 255 255 0
    255 0 0 255 77 0 255 0 0 255 0 255 0 255 254 0 255 0 255 0 255 84
    255 255 0 255 255 0 255 0 255 15 213 255 255 255 255 0 0 255 0 0 255
    255 255 0 255 0 0 255 0 255 0 0 255 0 255 0 255 232 225 0 131 255 0
    225 87 255 82 0 0 255 0 216 0 255 211 3 255 0 255 0 255 13 0 255 194
    0 0 255 180 255 205 0 255 0 0 60 0 255 0 0 138 239 0 255 255 255 107
    208 255 0 255 255 0 111 0 255 0 255 0 0 203 255 15 255 0 137 255 255
    6 0 255 0 255 0 0 255 0 218 0 255 255 255 0 255 225 240 212 0 255 0
    255 0 72 255 255 190 0 255 0 61 202 0 0 255 0 0 255 0 0 255 0 0 255
    255 255 0 0 239 0 255 22 0 255 172 255 169 0 0 0 255 0 0 255 255 0
    255 91 81 0 255 63 222 0 91 248 255 119 55 0 0 84 0 191 0 255 0 255
    0 255 255 0 255 0 61 255 135 255 0 135 79 255 0 0 255 0 255 255 255
    0 0 0 0 0 0 255 0 255 0 0 0 75 147 0 117 255 255 0 0 255 255 254 0
    255 171 0 243 37 255 255 0 255 176 0 35 0 255 255 0 255 0 255 0 255
    255 0 255 0 255 0 0 0 255 255 0 255 175 255 0 255 0 223 165 255 255
    255 147 0 255 255 0 0 0 255 0 207 0 255 80 0 255 0 0 255 255 0 255
    35 0 255 255 206 255 0 161 36 0 255 0 0 83 159 138 255 255 0 255 0
    255 148 0 255 255 0 255 254 255 1 255 0 255 176 209 86 0 147 255 255
    255 0 255 0 255 0 0 0 255 0 255 0 0 255 255 0 0 232 219 132 255 255
    0 255 0 255 0 33 243 255 0 255 0 0 0 0 255 255 146 0 0 0 255 123 0
    255 0 255 0 255 49 51 0 255 255 0 0 255 255 255 0 255 0 0 255 255
    255 182 78 0 255 0 255 181 0 0 255 0 0 0 255 0 0 255 0 0 0 255 0 255
    171 255 255 255 255 87 255 255 4 255 255 150 0 255 25 255 255 117
    255 0 209 0 255 225 0 0 0 255 0 0 255 255 86 255 0 122 255 0 255 0
    255 21 255 81 255 0 255 255 255 0 255 255 255 0 0 255 255 170 0 255
    0 83 0 0 255 0 255 0 126 0 205 255 0 0 255 0 255 255 0 0 255 0 0 136
    255 0 0 255 255 109 255 0 255 25 220 0 191 0 255 255 0 120 255 255
    189 255 0 0 0 255 0 255 0 255 255 0 255 64 255 255 255 0 0 255 84 0
    255 0 0 0 0 0 201 0 38 0 255 0 0 255 0 0 0 184 255 0 255 255 255 0 0
    0 0 0 255 255 0 166 235 255 3 0 255 150 255 0 0 0 249 255 0 0 255
    255 0 0 0 255 0 255 0 255 0 169 195 255 0 14 255 255 0 255 185 0 255
    255 255 255 0 255 0 0 255 0 0 118 255 150 255 0 116 255 0 0 133 0
    255 0 0 255 10 255 255 0 0 255 255 0 0 26 248 195 0 255 0 255 0 0 0
    0 255 0 255 255 255 0 0 255 104 0 44 255 0 255 255 0 0 255 0 0 255
    255 0 0 0 255 0 14 255 16 255 255 255 0 255 255 0 0 255 0 255 255
    255 0 255 0 0 255 0 225 237 0 130 255 0 255 0 255 0 255 0 0 0 0 255
    0 255 0 255 58 0 255 0 23 0 255 255 0 255 255 255 0 255 0 255 255
    255 0 255 213 255 0 50 0 255 223 168 65 222 0 0 0 255 230 0 255 255
    0 0 60 255 0 255 0 0 255 255 1 0 255 0 24 164 255 255 0 0 255 255 0
    255 0 0 0 255 0 0 183 255 0 152 255 0 255 0 255 255 6 255 255 0 255
    0 68 0 48 255 255 131 189 0 0 255 0 255 0 255 0 255 107 0 0 234 86 0
    0 0 255 0 255 0 255 0 255 0 0 184 255 0 0 0 0 255 109 255 164 0 255
    255 148 0 0 255 0 246 41 255 0 255 51 0 0 203 0 28 255 255 0 255 0
    255 255 0 0 255 200 54 0 0 255 0 255 0 255 255 0 0 255 0 255 10 0 0
    124 255 0 255 0 255 0 255 0 193 255 255 168 0 0 0 0 255 255 5 255 0
    255 0 23 0 204 242 0 255 0 255 0 0 0 255 255 69 0 255 0 255 0 255 0
    0 97 0 255 255 0 217 255 0 0 0 0 0 202 255 27 0 255 142 255 255 0 0
    255 255 0 0 255 51 255 255 0 0 255 0 106 0 171 255 0 209 0 255 167 0
    0 0 42 255 0 119 255 0 140 0 255 0 255 0 255 0 255 92 4 198 0 255 0
    255 0 0 234 159 255 0 255 0 255 255 255 0 8 81 255 0 0 255 237 212
    255 255 255 0 255 0 228 0 255 173 24 203 255 255 247 255 0 237 173
    163 255 0 0 255 255 0 255 0 0 255 0 255 0 255 0 255 0 0 167 0 255 0
    255 0 135 118 255 0 255 255 0 0 14 255 0 255 0 142 0 255 0 255 0 255
    255 56 0 255 0 240 255 255 88 0 0 0 0 255 0 255 83 0 255 0 0 255 193
    0 255 126 255 255 0 0 0 255 0 255 0 255 94 0 255 255 0 255 255 254 0
    0 255 255 0 255 255 255 77 0 196 176 255 255 255 0 255 0 255 0 255 0
    255 120 0 135 255 0 255 165 255 255 255 82 0 206 97 0 0 255 0 255 0
    255 255 0 255 255 0 255 0 0 255 147 255 0 255 0 191 227 0 255 0 0
    100 0 0 255 255 0 245 255 149 0 0 255 0 83 177 169 255 0 255 255 0
    255 0 0 0 255 255 0 255 0 0 255 255 215 255 0 255 175 0 255 255 48
    255 0 255 255 106 255 125 159 255 255 0 255 0 255 222 113 255 255
    144 168 255 255 255 255 0 222 0 255 0 255 0 255 222 84 255 0 255 255
    255 0 0 0 0 208 0 241 255 255 0 255 0 0 255 0 255 0 197 0 255 255 0
    110 138 255 253 0 0 255 0 0 255 0 152 0 255 0 19 255 0 255 0 255 0
    255 0 255 0 255 255 0 255 17 255 255 255 255 0 0 255 144 192 255 255
    0 103 0 120 255 255 0 255 255 0 124 0 255 255 195 255 101 110 255
    255 255 28 255 5 255 255 166 0 255 127 0 255 255 255 0 255 0 255 101
    0 255 0 0 255 96 188 0 255 0 255 0 255 0 255 255 0 255 255 57 255 0
    0 255 0 255 0 255 0 255 0 0 255 0 255 0 0 255 0 208 0 167 255 107 0
    255 255 255 255 0 255 0 132 0 255 255 255 255 64 0 0 255 0 0 255 255
    255 255 56 255 0 255 116 0 0 9 255 0 255 212 255 255 255 0 0 121 255
    0 255 0 0 255 255 0 255 255 255 0 210 255 255 255 40 0 255 0 174 0
    255 0 255 255 0 255 255 0 0 180 0 255 0 255 0 0 255 0 0 0 255 8 0 0
    0 186 0 0 255 0 155 64 0 255 0 22 255 255 0 255 255 255 0 0 39 255
    255 80 251 0 255 0 182 255 0 243 111 0 0 255 0 255 0 0 255 0 255 255
    255 0 0 255 255 252 255 0 112 255 0 255 0 255 0 0 0 255 255 156 255
    255 0 255 212 0 0 255 0 164 0 0 0 0 255 255 255 0 255 0 192 255 0
    129 255 0 97 255 0 50 0 255 255 0 0 0 255 0 255 255 0 0 255 0 0 0
    200 0 142 203 255 199 0 255 0 0 0 255 255 0 255 217 0 255 36 130 0 0
    255 0 255 255 0 0 0 255 0 255 39 0 0 255 209 0 0 0 255 255 255 255
    255 255 0 255 255 0 0 28 210 0 0 121 79 0 0 0 255 255 0 255 0 255 0
    255 0 32 251 0 255 0 148 255 255 0 0 255 0 0 0 0 255 0 0 255 255 255
    0 255 0 255 0 0 74 255 166 255 0 0 255 98 63 255 255 0 217 255 255 0
    0 0 255 0 255 255 0 0 255 255 0 0 0 0 0 0 255 255 0 255 255 0 255
    216 0 27 190 255 255 255 0 255 0 255 0 255 50 0 1 0 255 232 255 0 0
    255 0 0 255 0 0 0 255 255 179 198 0 0 255 0 0 255 255 0 255 255 17
    194 175 0 0 0 255 0 255 0 255 0 255 0 33 255 0 255 238 0 255 0 0 255
    0 200 0 255 0 146 0 0 0 0 255 0 252 255 255 0 209 255 255 255 255 0
    255 0 76 255 0 255 0 240 158 255 0 255 255 237 0 255 20 157 0 255 85
    255 255 255 0 0 0 255 118 255 255 0 0 254 0 252 255 0 255 255 255 0
    255 255 0 255 0 0 255 0 255 255 0 255 0 255 73 0 92 255 0 255 255 0
    0 196 255 255 0 255 43 255 0 0 255 59 255 0 255 194 0 255 0 255 0
    255 0 226 0 139 255 0 38 0 255 0 255 0 0 0 0 0 0 255 241 255 181 250
    35 255 255 0 159 0 255 0 255 255 166 0 255 0 0 21 0 255 0 99 102 0
    214 0 255 29 0 255 68 0 0 255 22 0 166 255 255 92 30 0 255 255 0 255
    0 0 146 255 255 255 0 159 255 255 0 0 255 203 255 255 56 0 235 162 0
    0 0 255 255 0 255 0 255 0 0 255 157 0 0 255 0 0 255 0 42 255 182 0
    255 0 255 231 30 126 3 0 0 0 255 0 255 0 0 0 0 255 255 0 0 255 0 0
    255 255 0 255 255 18 9 225 0 255 0 234 0 227 0 96 255 0 0 255 255
    255 255 255 0 67 255 0 152 255 255 0 0 229 255 182 0 108 0 255 255 0
    0 255 255 0 175 255 255 0 255 0 255 255 0 255 220 223 0 0 0 0 255
    255 0 0 255 255 0 255 255 0 0 255 0 255 0 255 0 0 0 0 255 0 0 255
    255 0 114 0 255 255 152 0 255 255 255 121 0 255 255 0 255 255 0 255
    172 234 246 0 255 0 0 0 255 70 86 144 255 0 246 0 255 29 233 0 255
    255 0 255 0 255 255 255 255 255 0 255 0 0 245 0 255 0 213 0 0 0 255
    255 0 255 0 0 255 32 0 0 255 0 215 255 255 255 0 255 14 255 0 0 255
    0 0 255 0 118 0 255 0 6 255 29 0 0 242 0 255 0 42 0 255 0 255 0 255
    0 0 0 255 255 255 0 7 255 102 255 255 0 130 255 149 201 255 0 42 255
    0 221 170 0 255 0 255 255 0 255 255 0 255 255 0 87 255 0 0 255 0 255
    0 255 255 255 0 0 255 255 0 255 0 255 0 255 0 255 255 255 255 0 255
    0 0 0 137 0 176 0 255 255 20 186 0 255 255 0 255 0 0 255 0 0 255 0
    255 36 0 255 0 255 0 255 0 255 255 255 255 182 255 0 255 0 0 255 255
    0 255 255 255 255 0 255 255 0 255 255 255 255 143 71 212 0 255 155 0
    189 0 255 0 0 255 0 248 0 255 0 255 201 255 0 0 255 35 255 255 0 255
    0 120 0 255 0 255 0 0 255 255 255 255 255 0 0 255 0 255 255 0 255 0
    255 255 0 90 255 255 0 124 136 0 255 0 255 126 0 255 0 115 0 168 255
    50 0 255 0 255 0 255 0 255 0 255 255 0 161 0 255 0 255 0 0 0 255 0 0
    255 0 255 255 255 0 0 0 0 255 255 0 255 0 28 255 0 0 0 255 255 0 88
    0 255 255 87 39 255 0 255 16 255 255 255 255 133 194 255 244 255 9
    255 0 0 255 239 135 0 0 0 255 0 255 255 0 50 255 255 17 255 255 54
    255 0 255 0 255 255 208 255 147 255 255 0 255 0 255 24 0 250 255 0
    40 116 255 19 255 0 0 255 56 255 255 255 0 255 0 0 0 0 255 0 255 0
    255 255 255 207 0 0 255 215 255 0 255 80 255 198 255 255 0 68 255
    251 82 0 255 0 213 255 255 226 106 255 255 0 255 0 255 0 0 0 255 208
    59 0 0 255 0 0 255 0 81 0 255 255 0 0 255 255 146 0 255 0 0 14 0 51
    179 255 0 255 0 255 0 0 255 255 0 255 255 114 0 0 0 0 255 38 0 255 0
    255 255 0 255 255 188 0 0 0 0 255 0 0 255 0 255 0 255 0 255 221 255
    0 92 184 0 128 255 0 255 255 0 255 255 0 255 0 180 0 0 139 190 0 255
    0 0 255 0 0 255 0 0 255 0 255 0 255 0 255 32 166 0 164 157 0 255 255
    0 255 255 0 255 255 0 6 255 0 255 255 0 255 166 255 0 0 255 0 255 0
    187 213 255 255 227 238 0 0 255 182 0 189 0 255 11 0 255 0 255 255 0
    255 0 255 0 255 255 255 0 255 144 0 149 0 255 16 80 255 89 255 0 255
    0 255 255 0 0 255 0 255 0 255 200 255 0 255 0 255 0 255 222 224 0
    255 255 0 0 229 255 0 255 0 255 255 164 255 255 255 154 255 0 255
    255 98 0 221 0 255 0 0 145 0 255 0 0 0 0 255 0 0 255 255 0 0 255 0 0
    255 0 0 255 0 1 255 0 255 0 255 255 236 0 135 255 180 255 0 0 255
    255 0 242 0 255 255 0 0 208 0 149 255 85 255 0 255 0 255 182 255 255
    0 126 255 0 0 0 23 0 0 0 255 255 0 0 255 255 255 255 40 255 159 0
    255 0 255 0 255 184 0 74 255 0 255 114 255 255 185 0 255 125 255 0 0
    255 0 255 255 0 51 255 183 255 0 0 226 0 255 255 237 207 255 0 0 251
    65 0 0 255 255 0 214 255 0 255 0 255 255 0 255 255 255 255 0 0 170
    255 0 255 98 255 0 0 0 0 255 0 2 255 0 255 255 255 0 255 0 255 49 0
    154 0 255 0 255 0 255 0 0 255 0 0 255 0 0 0 0 0 0 255 0 255 232 0
    255 255 0 255 0 0 212 255 0 255 255 0 255 163 255 0 74 255 255 0 255
    255 0 255 0 255 0 255 118 0 0 255 147 54 0 0 122 0 0 255 231 0 56
    255 0 255 255 0 0 255 63 247 255 0 255 212 0 64 0 255 255 255 0 115
    255 255 0 255 0 129 124 255 255 74 165 0 255 255 226 255 255 0 0 255
    255 0 255 255 255 227 0 255 0 0 0 255 0 0 108 255 12 0 87 255 255 0
    239 0 72 255 0 176 157 0 255 0 0 255 0 255 212 244 0 255 0 255 112 0
    135 255 114 255 26 255 255 0 255 255 0 255 0 0 255 0 255 48 0 0 0
    255 255 0 255 50 255 0 0 0 0 255 0 255 0 255 255 0 106 0 255 0 47
    255 86 255 0 255 0 255 0 120 0 255 0 255 0 255 0 0 201 136 255 0 222
    62 255 32 0 0 255 0 43 255 0 0 255 0 255 0 0 86 106 255 255 0 82 255
    88 80 255 0 0 255 225 255 115 0 0 255 0 5 255 255 0 187 0 255 0 0
    242 255 0 0 255 255 0 255 0 255 255 239 255 0 255 108 27 254 255 0 0
    255 255 255 0 255 0 255 122 0 255 0 48 222 0 82 0 0 0 0 0 255 0 0
    255 0 0 255 0 0 98 255 0 255 255 0 255 0 255 255 255 0 127 255 0 255
    214 255 0 242 0 255 0 0 0 255 255 0 0 91 0 255 255 0 255 0 255 255 0
    0 191 0 136 255 0 0 0 255 0 255 255 0 0 255 31 255 0 255 130 255 255
    0 0 22 255 0 255 0 0 255 255 165 0 0 255 209 0 0 255 118 0 28 0 255
    229 160 255 0 255 133 255 0 0 255 255 0 0 255 255 255 255 0 255 0
    255 0 255 0 255 255 0 0 255 0 67 255 255 0 60 0 255 255 0 255 255 0
    255 0 0 255 255 0 0 255 0 255 0 133 255 255 0 110 216 255 255 117
    255 255 0 255 239 0 192 0 255 171 0 255 0 255 255 174 22 0 255 255 0
    255 0 255 0 255 0 255 220 0 255 255 0 0 0 255 161 0 255 22 255 89
    255 255 0 255 0 255 255 0 255 18 255 233 255 255 255 227 93 255 255
    70 255 0 255 0 0 0 255 238 217 0 0 0 0 0 255 0 0 0 255 0 180 0 0 255
    0 66 131 255 255 255 0 0 0 255 0 255 136 13 112 0 225 126 255 255
    195 0 73 255 204 255 0 255 130 117 169 0 255 0 0 255 133 255 0 35
    215 0 255 0 255 255 255 0 255 0 255 0 0 0 245 255 46 231 139 185 0 0
    0 216 15 81 0 0 237 255 24 0 53 0 0 0 255 255 0 0 255 0 0 0 0 255 0
    255 0 255 0 255 0 163 255 39 255 0 255 255 136 0 0 213 230 0 255 0
    255 0 255 255 0 0 255 0 130 0 245 149 0 206 0 255 0 255 0 95 0 255 0
    48 0 0 0 255 0 255 255 255 0 255 0 5 0 201 0 0 0 255 0 255 0 32 0
    255 0 255 255 13 0 255 0 239 255 0 255 0 239 0 231 239 7 34 0 255
    255 255 255 0 0 0 255 0 0 85 43 0 7 0 255 255 255 0 255 0 255 255 0
    255 255 255 255 29 255 0 0 255 0 255 0 0 255 0 255 0 255 255 0 0 0
    151 255 78 0 0 255 0 255 0 216 0 255 0 255 0 255 0 139 0 0 255 0 255
    255 255 0 0 0 255 0 255 255 255 255 255 160 0 255 0 0 0 0 255 255 16
    0 123 0 255 0 0 255 238 0 243 0 255 255 255 0 0 255 150 200 137 255
    13 149 255 255 0 255 0 114 0 244 0 255 255 0 0 0 255 255 0 0 255 251
    158 255 27 255 0 255 0 0 0 0 0 255 116 0 255 0 0 255 0 255 255 138
    198 171 218 0 0 0 0 212 255 255 0 255 0 255 0 0 255 255 87 255 0 0
    255 0 255 179 0 0 255 0 255 255 255 0 255 0 180 0 255 137 209 255
    184 255 203 255 0 255 0 0 255 142 255 74 92 255 0 255 96 255 0 153 0
    0 0 0 169 0 255 255 206 255 255 255 202 228 0 0 255 255 0 72 255 0
    255 0 6 255 0 165 255 0 255 0 255 99 0 255 255 159 255 255 255 0 255
    0 255 255 0 255 0 255 125 255 0 0 0 255 255 0 0 255 0 255 0 255 255
    0 4 0 255 255 0 0 0 0 255 0 255 0 103 255 255 255 0 255 145 0 255
    255 0 0 0 105 255 255 0 0 34 0 255 0 0 0 255 255 0 255 0 255 0 255
    255 0 0 255 0 0 0 58 255 86 253 3 255 255 0 255 255 0 33 255 224 0
    255 0 129 255 255 0 0 255 0 0 255 0 0 0 255 255 0 0 0 175 0 190 0
    255 255 15 13 6 255 0 255 0 255 0 54 255 255 255 0 0 255 0 255 255 0
    255 255 255 255 0 255 32 0 0 255 0 20 0 222 91 255 0 34 44 255 255 0
    255 0 205 0 104 86 0 255 0 255 255 0 255 0 255 255 255 255 0 106 255
    248 255 255 255 0 0 0 255 255 0 0 237 0 255 0 255 0 0 0 255 255 0 0
    255 102 0 0 171 13 72 255 0 255 255 255 255 255 0 255 255 0 255 246
    152 0 0 0 255 0 255 0 250 108 255 0 255 0 255 20 255 255 255 255 0
    255 255 0 0 255 0 255 0 255 255 255 0 0 0 255 255 0 255 27 34 255 0
    255 118 255 255 201 255 255 114 0 255 0 140 255 0 143 255 0 255 0
    179 191 255 255 80 0 255 255 255 0 255 0 255 255 255 255 255 0 0 255
    255 157 255 0 204 0 75 0 175 0 109 119 255 0 51 0 255 255 0 255 157
    0 81 255 185 0 255 255 0 0 0 255 0 255 0 202 105 56 255 255 0 255
    255 1 109 255 0 255 0 88 154 169 255 255 223 255 255 0 0 0 255 238 0
    255 0 255 255 0 255 0 122 207 57 0 255 0 255 255 0 255 90 0 255 255
    255 129 3 255 0 255 0 255 128 0 241 255 0 255 0 255 255 0 0 0 255 0
    0 0 255 255 0 255 33 0 255 111 255 73 0 0 0 143 255 255 255 0 29 97
    255 133 255 255 0 0 0 229 102 255 255 12 255 255 255 0 0 255 255 0
    255 255 255 0 133 255 255 0 255 0 255 0 255 0 204 176 108 214 187 0
    0 0 255 0 0 0 0 255 0 255 0 255 0 255 0 255 0 255 0 0 255 255 255
    255 0 45 255 0 0 255 26 57 255 255 231 0 0 0 0 255 255 255 0 255 0 0
    202 0 255 160 255 0 70 255 0 0 0 0 255 255 255 0 255 0 0 255 27 25
    255 0 0 9 255 0 0 79 255 201 255 7 255 255 0 0 0 237 255 0 0 0 255
    255 0 255 255 185 0 0 255 118 255 216 48 10 20 255 255 255 0 4 0 0 0
    0 0 255 53 255 0 0 219 0 255 0 23 210 0 0 0 0 0 255 255 0 0 78 255
    255 0 5 155 160 0 157 255 255 138 0 255 25 0 255 255 179 0 255 0 255
    255 0 255 0 93 255 0 255 0 0 0 255 25 0 50 0 255 0 0 255 171 0 52
    255 107 0 0 255 0 0 255 0 255 26 0 0 67 0 0 0 143 198 0 255 0 216
    163 255 255 0 171 255 0 255 0 230 0 255 0 0 255 0 184 255 193 255 0
    144 0 255 0 0 255 255 0 186 255 172 0 0 0 255 0 0 0 255 169 255 0
    255 0 45 220 255 0 255 255 0 0 0 255 0 255 0 255 255 0 255 255 0 255
    255 0 255 255 0 227 0 255 0 0 255 0 255 37 0 222 255 0 255 0 255 0
    255 255 0 0 0 255 0 0 94 165 255 255 255 0 0 0 255 255 0 255 0 255
    255 0 0 13 0 255 255 255 0 255 0 13 255 0 0 0 255 255 64 192 182 0
    255 0 0 0 255 255 0 0 255 255 255 0 255 0 0 0 255 255 255 0 255 0
    255 0 255 0 0 145 255 0 255 255 63 255 0 255 0 255 255 0 255 180 0
    255 0 255 0 255 255 255 255 168 41 0 18 0 0 0 187 255 48 255 255 0
    155 22 255 255 243 0 255 204 255 0 165 255 0 160 255 255 0 255 0 165
    0 0 255 0 255 255 255 0 0 0 111 255 0 255 0 178 255 110 0 0 255 255
    0 0 255 254 255 255 173 255 255 0 255 202 255 156 255 255 0 255 67
    255 255 0 255 0 0 255 255 0 255 0 81 0 255 0 0 255 255 0 0 255 0 0 0
    255 83 188 0 193 101 0 255 211 255 0 0 78 252 255 0 255 162 255 0
    255 255 0 0 255 0 255 255 255 255 255 0 255 255 0 255 30 0 255 0 255
    0 255 255 0 255 0 255 255 0 141 255 68 0 255 255 0 173 255 255 19 0
    255 0 0 255 0 255 0 255 213 0 255 0 255 255 0 255 255 0 0 255 255
    239 255 255 255 0 255 0 0 15 255 0 0 255 148 65 132 255 34 0 255 0
    255 0 0 255 0 255 36 255 0 255 0 255 255 0 0 255 172 255 148 255 34
    255 255 77 255 255 0 0 255 255 0 255 53 0 255 0 255 64 0 0 0 0 255 0
    0 0 255 255 255 0 0 0 255 0 255 0 194 25 255 0 255 0 255 200 0 246
    255 67 94 255 104 255 0 0 0 20 255 0 0 255 0 0 255 255 0 255 0 0 255
    0 0 234 255 0 134 119 72 255 255 255 255 0 212 255 0 255 0 215 255
    94 255 0 0 0 255 0 189 210 255 0 0 255 255 255 0 0 204 0 0 0 0 255
    168 255 0 255 0 255 255 0 0 103 247 31 169 0 255 255 0 0 255 255 0
    255 255 255 255 255 0 0 255 0 165 0 255 0 207 255 0 96 245 21 255 0
    255 0 255 255 93 0 0 255 141 255 0 0 255 0 255 244 0 255 255 0 0 0
    255 0 0 255 0 255 255 255 156 255 0 0 0 255 0 255 0 255 133 57 114 0
    3 255 0 255 255 255 255 81 0 0 255 0 255 255 255 0 0 255 0 0 255 141
    125 255 255 255 0 255 48 147 0 255 7 0 0 0 255 0 143 0 0 255 255 0
    255 0 255 0 124 118 0 255 255 0 255 157 0 255 0 71 0 255 0 0 255 0
    255 255 0 0 255 255 0 255 255 0 255 0 255 255 255 255 0 0 0 255 0
    205 131 0 0 255 0 0 255 0 181 0 255 173 0 255 0 255 0 0 106 255 255
    0 255 253 0 0 255 0 0 255 0 255 34 0 255 255 255 255 0 255 255 255 0
    255 0 255 31 0 100 255 255 0 107 0 255 0 72 0 0 255 0 0 0 255 0 0
    255 0 255 255 0 255 0 0 49 255 0 255 0 255 0 0 0 17 255 255 82 255 0
    108 0 255 0 255 255 5 229 0 201 0 232 255 0 0 255 0 255 0 255 63 0
    255 255 255 255 0 255 225 0 31 0 255 255 255 0 0 21 0 255 255 0 255
    0 0 0 255 0 0 0 0 0 0 255 255 0 255 0 255 0 255 222 255 255 0 255 89
    0 255 0 0 255 0 0 0 255 180 0 255 0 255 255 0 0 0 255 0 255 255 107
    0 255 0 255 0 0 0 0 255 0 255 0 0 0 43 0 255 0 255 0 238 255 255 255
    0 255 0 255 0 60 255 0 255 0 81 0 0 0 0 172 255 0 113 0 21 0 255 0 0
    0 255 0 255 255 255 71 0 255 82 0 255 0 0 0 255 0 0 0 0 0 255 26 255
    255 0 255 0 159 255 255 0 227 0 255 0 255 14 49 255 255 0 234 51 255
    255 0 0 209 255 0 255 255 255 120 255 255 0 255 0 0 255 0 255 255
    255 114 0 255 255 0 0 0 255 255 255 0 35 0 0 182 255 0 255 255 255
    255 0 255 0 255 255 0 255 245 0 255 0 255 0 111 255 255 255 0 0 255
    0 255 0 255 0 0 255 0 0 255 255 255 0 176 0 49 0 0 255 255 255 255 0
    255 0 255 0 255 23 205 216 0 24 255 0 203 255 149 255 255 41 249 255
    0 0 255 255 0 255 255 166 255 255 0 0 255 255 162 255 255 0 255 190
    0 147 255 0 255 255 255 198 12 0 138 0 255 255 68 48 0 255 22 255
    255 121 0 142 0 0 255 0 188 199 33 255 0 0 170 255 0 0 0 255 0 0 0
    255 255 255 87 255 190 255 0 0 255 255 0 255 144 0 0 255 0 255 0 255
    255 0 255 255 0 255 0 255 50 255 0 0 255 255 0 255 0 255 255 0 162
    255 147 0 255 0 0 241 0 255 0 0 255 0 255 255 0 255 0 0 255 255 255
    0 78 255 0 0 0 255 175 255 0 255 0 255 187 255 0 255 0 255 0 255 0
    255 0 0 0 255 255 0 255 0 245 8 255 0 255 0 255 255 0 234 255 155 0
    195 0 255 255 255 255 0 255 0 255 0 72 0 255 78 255 0 0 0 0 255 0 55
    255 63 255 0 255 233 250 255 0 0 255 255 0 0 151 0 255 0 0 188 0 0
    255 255 44 0 255 255 0 255 255 255 0 0 255 255 0 255 104 197 0 255
    255 170 0 255 0 255 0 255 0 238 0 109 255 0 255 0 118 255 202 0 74
    255 0 0 255 12 255 0 0 255 0 255 208 0 255 0 0 86 255 0 255 0 255 0
    100 157 238 255 0 255 0 248 0 255 255 0 255 0 255 255 0 255 0 255
    255 79 255 255 0 255 194 171 196 255 138 0 255 0 0 255 0 255 0 255 0
    253 255 255 13 0 0 255 0 77 0 0 150 255 255 0 255 0 0 22 255 255 65
    0 228 255 208 0 0 255 0 255 55 0 255 72 255 0 0 146 0 0 0 0 0 136 0
    248 255 0 0 255 255 255 255 0 255 78 0 255 0 70 0 0 0 0 255 255 217
    255 0 255 0 255 150 19 255 0 0 255 0 174 255 0 255 255 30 109 255 0
    95 240 0 255 205 0 255 0 0 190 255 0 0 255 0 0 0 255 255 30 255 0
    255 255 2 255 255 0 255 0 255 0 0 255 0 0 84 112 255 255 0 151 0 255
    0 255 0 154 255 0 0 89 255 143 0 255 0 7 255 184 255 0 255 255 255
    255 0 0 53 255 0 0 255 255 0 0 34 255 127 0 72 0 255 0 0 10 255 31 0
    255 255 182 255 0 0 255 53 0 255 0 255 255 137 81 0 255 255 233 0
    255 0 255 0 255 0 0 155 255 0 255 0 255 255 76 255 0 255 196 0 255
    228 0 227 0 255 255 0 255 0 255 0 221 255 0 0 255 0 0 255 0 255 0
    255 255 1 151 0 255 0 255 0 54 0 255 0 255 255 0 0 0 29 0 234 0 213
    9 255 196 7 0 255 0 255 255 255 0 255 255 0 69 255 0 255 0 255 218
    255 0 255 0 238 255 0 164 77 255 0 0 2 255 0 255 5 255 0 0 255 0 255
    0 0 234 255 210 255 255 255 0 11 255 173 255 0 255 0 0 255 0 255 255
    0 136 0 255 0 0 255 255 0 0 0 255 0 28 0 59 255 0 255 0 0 0 0 255
    255 0 255 0 255 0 255 0 255 102 110 0 0 217 255 0 22 0 255 0 0 61 0
    0 255 0 0 255 0 255 64 0 255 255 255 0 0 165 220 0 108 255 0 0 0 255
    0 255 159 48 255 255 0 255 245 171 0 255 255 0 0 236 255 255 38 208
    0 189 174 0 255 255 255 0 56 255 41 255 0 255 255 0 255 0 95 54 0
    215 255 0 255 147 0 182 255 0 0 255 0 0 8 20 255 243 255 255 188 255
    167 255 255 255 31 0 138 255 2 0 255 0 255 0 183 255 0 186 0 0 255 0
    255 0 255 143 0 249 0 163 255 255 255 0 255 0 77 255 0 255 255 129
    255 218 255 141 255 232 255 0 255 0 205 255 255 0 255 0 114 255 0
    255 84 0 0 0 0 0 251 0 0 255 255 185 187 255 0 0 0 255 50 0 0 0 0
    255 255 0 255 0 255 34 106 0 255 255 0 255 222 0 0 255 0 0 248 255 0
    0 139 0 255 0 255 0 0 41 77 2 0 0 0 255 0 255 0 161 0 0 255 255 0 0
    255 255 239 0 255 255 0 255 0 46 0 0 255 0 255 0 0 0 0 255 255 0 196
    0 255 0 255 255 0 255 48 10 255 255 204 255 255 255 255 0 0 255 34 0
    255 0 0 255 0 135 255 0 0 255 172 5 0 255 255 0 255 0 0 255 103 0
    190 0 0 255 255 117 0 255 0 255 255 239 195 0 67 255 0 255 111 255 6
    0 255 204 0 255 0 0 255 0 33 66 255 0 0 75 255 0 255 0 0 255 255 154
    42 0 255 255 0 255 255 0 0 172 255 0 255 75 255 0 0 255 255 138 255
    226 0 0 0 255 255 69 255 0 255 0 255 255 255 0 255 255 0 0 255 0 46
    255 0 0 255 243 0 0 255 0 255 0 0 255 0 216 0 0 255 0 0 255 0 0 255
    0 255 0 85 255 0 255 193 0 0 188 255 255 255 255 0 0 179 0 35 0 255
    255 0 235 255 0 57 255 181 255 0 255 0 244 255 0 0 255 255 109 39 0
    0 0 0 255 255 0 0 255 0 0 255 243 0 255 0 255 0 0 255 255 0 255 255
    255 0 255 186 0 255 255 255 255 255 255 185 160 0 0 0 226 84 255 0
    255 0 28 255 255 0 255 0 0 255 255 255 0 255 255 255 143 0 255 77 0
    255 0 155 255 0 0 0 0 0 0 0 255 255 0 255 255 255 0 255 22 90 255
    255 88 0 255 255 0 105 98 255 0 207 112 255 0 255 0 255 0 0 255 0
    115 255 255 255 0 255 255 255 255 217 15 0 250 255 0 158 255 255 0
    255 255 0 255 255 0 0 255 0 192 0 255 0 255 0 255 0 0 0 255 255 163
    0 0 255 0 0 255 0 0 255 122 0 255 0 255 123 0 0 255 0 0 255 255 0 0
    255 15 179 255 0 255 0 0 255 0 255 0 145 255 255 223 255 13 0 255
    255 0 0 255 0 67 0 0 229 178 255 122 255 171 255 0 255 255 36 255
    255 0 255 255 235 255 0 0 255 0 255 0 62 0 0 255 0 255 0 233 255 255
    0 255 0 142 255 255 255 0 255 0 255 0 255 0 0 124 255 0 0 255 171
    255 71 121 255 0 0 131 255 0 255 0 255 0 255 0 255 160 255 0 0 255
    255 0 0 169 255 0 234 0 219 0 255 0 0 255 255 156 0 255 0 255 0 255
    0 0 255 0 255 235 0 0 255 0 0 255 0 81 255 0 12 255 0 217 255 37 0
    217 0 160 0 255 255 42 0 255 255 0 0 0 255 0 0 0 0 255 0 47 0 0 0 0
    255 255 137 158 0 0 255 0 255 0 255 255 0 255 255 49 215 255 0 0 250
    0 255 0 255 0 252 0 0 255 0 0 0 255 0 141 255 0 255 0 0 255 255 71 0
    89 255 0 255 0 255 255 255 0 255 182 234 12 0 255 0 255 255 0 255
    255 63 255 0 255 0 0 255 1 255 0 255 0 255 0 255 62 214 0 0 0 255
    255 0 0 109 25 0 255 125 255 255 0 171 0 70 255 255 0 0 255 255 0 0
    211 196 0 255 0 0 0 0 188 0 219 255 255 0 0 232 31 60 255 255 0 255
    177 255 255 0 37 131 0 99 0 255 0 131 146 0 0 255 0 0 0 255 0 15 238
    107 0 204 255 255 0 134 0 255 0 255 255 104 0 204 0 0 255 0 255 255
    0 0 37 0 255 0 0 0 77 255 0 255 217 198 0 255 0 255 0 255 0 255 0 0
    0 0 0 0 255 0 63 255 194 255 255 0 0 194 0 255 255 255 255 0 0 255 0
    255 36 255 0 0 255 0 255 255 255 189 0 0 157 255 0 255 137 0 0 255
    136 0 160 0 255 0 0 255 255 255 255 0 255 0 229 0 255 255 0 0 255 0
    255 0 94 0 255 216 129 0 0 255 0 255 218 0 0 255 0 255 255 0 255 255
    255 6 255 255 255 0 0 0 255 0 228 255 216 0 243 255 0 118 255 0 0 0
    255 0 45 0 91 255 0 0 22 255 0 255 0 0 255 0 61 255 255 103 30 194 5
    0 255 255 0 255 0 255 205 219 255 0 0 255 0 184 255 0 255 0 0 255
    255 0 232 255 0 48 255 0 0 255 0 255 0 0 0 155 255 42 0 158 182 0
    252 255 0 231 50 163 0 255 0 0 219 126 0 0 203 130 255 20 255 0 255
    0 32 0 255 255 0 0 255 255 143 0 255 255 96 0 0 255 255 0 255 255
    255 0 0 255 0 65 0 0 255 255 255 0 255 0 0 157 255 255 255 255 140
    255 0 0 255 255 0 255 0 255 89 255 0 0 208 14 0 255 255 0 255 96 255
    117 0 255 0 255 0 255 0 255 0 255 0 255 0 255 248 0 152 255 0 41 255
    65 0 255 255 0 0 255 140 255 0 255 58 17 0 255 201 255 221 255 0 0 0
    255 0 0 255 0 0 255 0 0 255 253 0 255 255 0 0 0 255 0 255 227 0 92 0
    18 245 0 0 0 151 255 255 0 255 255 0 0 156 255 0 255 120 0 245 255 0
    255 255 0 255 0 0 255 146 0 255 0 255 39 255 143 0 255 255 0 227 0
    255 255 0 255 0 99 255 255 0 0 162 37 255 229 241 0 255 255 0 135
    255 0 255 255 107 255 255 255 0 255 0 255 100 0 167 61 255 211 43
    255 0 55 255 255 122 0 255 204 255 117 255 255 170 255 0 117 255 0
    66 255 0 255 255 255 255 0 0 48 3 255 255 0 255 2 241 255 0 255 0
    255 255 255 184 134 255 0 255 0 255 248 0 255 0 0 0 175 30 255 0 255
    0 255 255 0 255 0 255 0 96 255 255 0 255 0 255 255 0 42 0 255 48 130
    255 0 255 0 29 255 0 92 0 119 255 255 0 99 127 255 0 255 144 255 0 0
    255 0 255 0 0 0 255 255 0 0 255 4 0 0 255 0 255 0 242 242 255 0 0
    255 255 0 0 0 126 144 225 255 37 0 255 0 255 37 0 0 0 0 255 198 0
    255 0 255 0 255 0 255 0 255 0 72 255 0 0 255 255 255 54 255 0 0 255
    0 255 0 255 255 255 235 255 104 0 255 0 0 0 255 255 255 255 0 255 0
    0 0 255 0 255 255 255 0 255 0 255 0 0 255 0 255 0 0 255 255 0 255 0
    0 0 255 0 127 255 255 127 0 255 255 0 255 0 141 0 255 0 226 255 0
    255 0 41 255 0 0 255 0 255 0 255 255 0 255 0 0 55 4 35 0 255 255 7
    255 0 255 0 0 255 0 0 26 255 0 255 0 255 255 7 0 255 129 0 235 255
    216 235 0 0 223 30 255 0 211 255 0 255 0 255 0 51 0 255 240 255 255
    0 255 0 255 255 208 255 130 32 255 255 0 116 0 0 38 65 185 45 79 0
    255 0 123 255 255 0 255 19 255 130 0 255 0 255 255 0 255 0 255 0 255
    0 0 255 0 255 122 74 255 255 172 187 0 255 0 122 255 0 124 0 255 0 0
    85 255 255 255 0 0 19 83 255 255 241 255 0 0 229 84 255 0 218 0 255
    0 0 0 0 255 255 255 0 255 255 103 255 255 255 255 79 168 0 255 0 255
    0 0 0 0 255 52 0 11 12 255 255 234 0 0 0 0 255 0 53 0 0 255 0 255 0
    0 255 255 0 255 255 255 255 0 147 116 255 0 0 255 0 255 0 255 0 0 86
    255 0 255 255 0 128 0 255 0 255 255 222 0 96 255 0 255 255 0 255 0 0
    0 255 0 255 0 255 0 244 0 255 29 255 0 255 0 0 255 255 0 255 255 232
    0 255 0 255 0 255 45 251 106 12 155 255 0 0 0 0 56 255 0 255 255 0
    255 117 35 125 0 255 255 255 0 0 255 0 126 255 0 173 255 0 255 255 0
    205 0 255 0 0 4 0 0 32 255 0 255 255 0 126 255 180 102 255 0 0 255
    255 0 255 0 89 255 25 0 41 255 190 25 0 0 255 255 95 255 158 16 87
    255 0 0 208 255 163 127 0 255 0 255 0 255 27 255 0 0 255 255 0 255
    169 77 173 255 255 0 0 0 0 255 255 0 255 12 255 0 0 221 0 255 0 255
    255 0 255 255 255 0 255 255 255 255 0 255 255 219 203 250 0 255 0 16
    255 0 255 0 255 227 255 0 0 255 0 255 255 19 255 255 255 0 255 170
    255 255 255 255 0 171 0 0 255 0 176 255 255 0 0 255 255 255 255 0
    255 0 0 0 44 255 255 0 255 249 0 0 255 207 255 0 255 222 0 255 223
    255 0 0 255 0 181 255 0 255 0 0 255 255 4 0 255 0 255 95 0 255 0 0
    227 255 0 110 157 255 0 0 255 255 255 0 255 255 0 255 255 0 255 0
    255 0 19 236 0 128 0 255 255 0 255 0 255 230 0 107 0 255 255 0 0 0
    255 255 255 0 255 147 255 255 0 0 255 255 0 255 215 255 255 255 255
    68 255 0 255 255 255 0 255 18 43 255 0 255 0 0 68 145 238 255 51 255
    255 0 255 0 4 255 255 121 0 229 255 0 255 255 0 255 255 255 0 255
    255 255 255 255 0 0 255 0 255 0 0 52 0 53 255 105 255 255 0 0 0 0 0
    96 255 185 0 0 255 255 0 255 0 255 0 255 0 158 12 255 255 255 0 255
    0 255 187 0 255 105 0 255 0 0 255 0 255 0 204 38 0 226 255 0 255 0
    255 0 255 54 0 255 255 255 0 255 0 255 255 0 255 0 0 0 175 0 255 0
    255 0 255 18 255 255 255 0 255 121 255 123 0 0 0 255 0 255 0 255 255
    161 255 255 0 255 0 255 0 255 255 0 255 255 0 255 255 38 154 69 255
    0 251 64 0 255 0 255 255 0 242 143 255 255 0 255 255 255 213 255 255
    202 255 255 255 255 27 0 255 0 255 0 255 255 0 0 196 0 0 226 181 0
    89 0 255 199 0 255 0 255 255 255 255 0 143 186 255 255 255 0 255 0
    255 142 0 205 255 0 255 0 14 67 255 255 0 255 0 255 255 0 181 0 0
    253 191 255 0 0 74 210 0 0 251 208 0 116 177 255 0 255 0 255 0 255
    209 255 0 255 19 0 78 220 255 0 0 255 255 225 78 0 255 0 255 250 0 0
    176 0 0 0 255 12 255 0 0 255 0 188 201 255 231 255 0 0 0 0 255 255 0
    0 255 135 137 76 0 255 138 199 0 255 0 21 124 255 0 255 0 255 255 0
    255 0 134 255 0 161 190 0 255 255 49 255 0 255 0 255 0 255 0 0 255
    255 0 255 255 0 0 0 119 0 0 255 165 0 220 108 64 165 0 255 0 132 0 0
    255 216 45 164 0 12 0 255 0 36 0 255 0 0 255 9 255 0 163 190 106 0 0
    255 0 255 47 0 0 0 255 50 0 255 0 255 0 255 0 15 197 255 0 255 255
    255 0 0 255 0 0 24 255 255 255 0 255 0 255 152 0 0 0 255 155 235 0
    87 0 255 0 255 13 10 255 0 255 0 0 155 16 0 0 39 255 0 47 224 255 0
    0 0 255 0 0 255 255 255 255 0 0 50 255 255 0 0 255 0 255 0 0 255 0 0
    255 0 255 0 255 0 0 255 0 138 255 255 255 16 255 0 255 212 240 201
    255 0 255 171 0 0 255 0 255 0 255 255 0 15 255 0 0 0 0 13 0 255 255
    207 0 255 255 0 255 0 0 255 255 0 255 0 200 255 0 219 185 255 139 0
    145 91 255 42 255 164 0 78 91 255 1 0 255 0 255 12 255 0 255 0 0 255
    255 0 255 216 0 0 255 0 76 255 0 0 255 117 0 0 14 255 138 255 0 255
    255 0 0 255 255 255 0 255 255 218 0 255 255 0 255 255 255 0 255 20 0
    0 199 255 0 255 0 219 0 32 65 255 255 0 179 0 0 255 0 255 0 255 0
    255 0 0 0 255 0 255 0 255 0 255 255 255 123 255 94 255 255 255 83
    255 0 0 255 0 139 94 255 0 0 255 93 0 128 255 255 0 255 0 255 255
    248 255 0 255 0 0 197 255 129 255 0 255 255 0 54 0 100 255 0 255 255
    0 0 78 255 31 0 255 0 108 0 0 255 229 45 255 0 255 255 255 255 105
    61 255 255 31 0 0 255 226 255 255 74 255 255 0 255 255 255 255 0 0
    255 217 255 0 255 110 0 40 255 101 255 0 0 0 240 255 0 255 0 0 255
    83 0 255 0 66 0 214 189 0 255 0 0 0 255 255 0 255 64 255 255 255 255
    0 0 255 227 0 0 255 31 255 0 255 0 255 242 168 218 255 117 255 255 0
    0 255 255 255 255 255 52 235 255 0 255 0 0 255 0 255 0 255 255 255
    255 103 0 255 0 255 118 0 114 255 95 255 171 0 255 255 191 255 0 0
    255 0 255 255 58 0 131 151 255 0 255 0 250 255 14 0 255 0 255 255 0
    0 255 0 255 0 0 255 0 255 255 0 0 255 255 255 255 0 255 134 0 232
    255 218 0 255 0 0 255 0 0 3 255 255 163 0 57 0 255 0 0 255 0 0 143
    149 0 235 0 189 255 255 82 39 0 255 0 255 0 0 255 255 255 255 111 57
    255 255 0 0 255 0 1 0 255 255 183 0 255 114 210 0 255 252 255 255
    255 0 255 249 0 0 35 0 98 255 255 255 0 255 0 13 0 255 0 255 255 255
    0 0 0 0 255 0 255 0 0 255 182 0 255 0 45 0 255 255 0 0 0 255 15 255
    0 255 255 0 244 0 255 255 0 0 0 255 0 255 255 0 0 0 255 196 142 255
    0 0 0 172 228 255 0 255 0 255 255 0 255 0 159 0 68 153 32 0 255 255
    0 255 0 255 255 29 0 0 255 255 0 157 0 0 0 0 255 0 255 255 202 255
    98 0 0 23 0 0 255 255 0 255 0 45 255 255 0 255 0 202 255 0 255 0 255
    0 255 150 0 255 37 255 145 0 255 255 140 255 0 255 0 231 255 255 79
    0 0 255 255 0 255 110 0 0 114 255 178 255 75 255 255 255 255 0 0 255
    255 255 255 215 0 255 0 0 0 0 255 0 0 216 255 255 0 255 0 0 159 255
    0 0 255 83 0 0 0 118 255 0 243 31 0 255 0 255 0 245 81 255 0 255 255
    0 103 255 0 255 255 0 255 216 0 255 0 0 255 106 0 255 255 129 130
    255 255 255 79 0 255 0 0 255 23 98 0 171 0 0 0 255 0 114 255 0 255 0
    0 174 0 0 255 39 255 0 255 255 0 255 255 119 255 255 0 102 38 0 255
    0 255 255 0 255 0 255 255 0 255 255 75 0 40 255 62 255 104 0 59 255
    255 255 0 0 0 255 255 0 0 255 255 219 0 0 68 255 0 0 0 0 255 122 73
    255 0 0 148 0 171 0 60 255 255 0 255 0 0 136 0 0 255 0 183 0 255 170
    255 255 255 0 0 255 255 0 255 255 0 255 0 183 0 0 255 0 255 0 78 255
    0 0 255 0 255 0 99 0 0 0 255 255 151 255 255 255 0 255 0 0 255 255
    255 255 255 255 0 0 0 255 255 82 0 255 0 117 0 240 255 0 197 0 255 0
    255 6 76 175 58 255 14 254 255 0 0 0 0 255 0 0 127 0 255 0 255 237
    255 255 0 0 90 255 84 0 0 255 0 55 255 0 255 255 0 255 255 191 255 0
    0 255 0 255 0 231 0 255 0 0 21 0 255 255 0 0 0 0 255 34 0 255 0 160
    255 0 103 47 255 0 255 0 0 255 0 234 104 0 255 109 0 255 255 164 255
    211 255 0 255 255 0 0 255 255 0 0 133 255 255 255 0 0 0 255 0 252
    255 0 255 180 0 82 76 0 255 79 0 154 0 255 255 0 255 247 0 0 255 0 0
    0 0 24 255 0 255 0 255 235 0 0 255 0 255 0 255 72 255 0 255 0 0 0
    255 163 255 0 0 143 250 255 0 0 255 0 255 0 255 0 255 255 255 0 0 0
    0 255 255 255 255 0 255 255 0 255 0 53 255 0 0 255 0 0 0 255 0 0 207
    56 255 255 0 255 54 255 255 212 13 255 0 0 255 0 0 255 88 255 0 0 42
    105 255 0 255 0 0 250 0 255 0 255 0 0 0 255 0 255 255 14 0 255 0 0 0
    255 0 255 0 74 255 0 185 57 255 0 255 189 0 0 255 160 0 255 0 255 0
    0 255 255 255 0 255 0 255 255 255 255 0 11 0 250 255 255 255 0 255 0
    255 255 0 0 255 0 0 255 0 181 0 255 195 0 255 0 255 255 255 0 0 255
    166 0 177 255 0 255 41 255 0 255 0 255 0 199 0 178 255 0 0 0 255 0
    255 0 234 0 255 59 77 54 0 255 0 255 0 0 255 255 234 255 255 255 0
    255 255 0 0 255 99 255 0 255 255 0 255 255 0 255 177 80 255 21 0 255
    0 255 255 104 171 0 255 12 31 255 0 120 0 255 0 255 0 255 0 255 0
    252 0 0 255 71 0 255 0 216 0 0 255 0 255 0 44 0 255 0 255 23 0 0 255
    0 255 255 0 255 0 255 0 255 0 0 255 255 0 0 1 255 0 0 255 54 255 0 0
    255 95 153 85 0 255 0 255 44 143 255 0 255 255 0 166 0 255 0 0 0 0
    72 0 255 0 0 255 92 0 255 255 185 255 0 131 241 92 255 0 255 255 84
    255 0 0 255 0 0 255 0 0 0 255 0 255 255 179 22 255 0 223 255 0 0 255
    0 255 197 255 0 255 255 160 13 255 255 255 0 0 255 0 0 0 255 0 255 0
    255 0 108 0 255 255 241 0 255 0 255 255 0 163 0 255 255 255 255 74
    255 0 142 29 255 0 255 0 255 255 0 221 181 106 177 0 255 182 0 0 0
    134 0 255 0 255 251 255 208 255 210 0 255 255 0 255 255 163 0 255
    137 255 255 0 31 255 0 0 0 255 0 255 255 0 0 21 239 82 0 0 255 255 0
    255 0 255 0 255 0 255 255 0 255 0 141 25 0 255 5 255 0 0 255 0 0 0 0
    221 255 2 0 42 0 255 0 48 255 255 0 255 247 255 0 63 255 0 255 0 229
    255 0 0 255 255 0 255 187 255 255 0 67 255 255 0 0 0 0 0 0 222 255
    255 0 0 255 202 182 63 112 255 0 255 0 123 255 0 255 0 143 0 0 255
    103 0 0 255 0 255 0 255 0 255 0 255 0 255 0 255 0 255 0 255 0 202
    255 0 0 255 0 0 0 255 255 255 135 0 43 224 0 255 255 126 202 45 0
    189 0 255 0 255 173 226 0 8 0 0 255 0 255 0 255 255 255 0 255 0 0 0
    40 255 0 0 255 97 255 225 0 0 255 255 255 255 0 255 255 0 219 39 0
    255 0 0 251 0 92 255 0 255 255 0 0 0 0 0 255 255 0 255 0 255 255 137
    0 255 0 0 0 255 255 0 28 0 255 255 0 255 255 0 40 0 0 255 0 255 255
    255 255 0 255 0 255 255 45 188 0 255 106 0 255 0 211 0 136 92 0 255
    0 0 255 255 133 0 0 255 255 255 58 0 255 255 0 0 255 255 255 255 0
    255 0 112 255 255 255 0 255 0 200 0 0 255 0 0 241 0 0 221 255 0 255
    255 0 255 52 0 0 255 255 0 0 255 0 0 255 103 68 211 180 255 255 0 0
    236 0 161 255 0 0 255 55 255 255 0 255 0 253 0 0 0 255 99 70 0 255 0
    255 0 56 255 255 0 255 255 255 255 255 255 0 0 255 85 255 0 255 219
    255 0 200 255 119 142 255 0 246 0 255 255 0 136 255 255 0 0 0 255
    255 255 0 255 0 0 0 255 255 92 148 0 32 224 255 0 0 144 255 255 0
    255 0 0 255 255 0 0 112 255 0 0 0 0 255 0 0 36 255 11 168 255 0 255
    255 167 0 255 0 0 255 0 0 0 255 0 0 78 255 0 255 255 255 255 0 255
    171 0 255 0 65 0 255 255 255 0 0 65 75 105 0 255 0 0 255 255 207 0
    255 0 255 0 255 255 255 255 231 255 0 255 19 0 255 255 0 27 255 0 0
    255 0 255 255 0 255 0 243 0 0 255 0 0 0 255 255 255 255 27 255 0 0 0
    0 255 0 0 255 255 0 0 255 152 0 255 0 0 0 255 0 255 255 255 0 137 0
    0 255 255 255 22 255 0 255 255 255 0 42 255 0 255 160 255 255 4 0
    255 131 0 0 0 119 255 110 0 232 255 0 255 0 163 255 0 255 240 77 255
    0 255 39 208 0 0 255 0 126 255 255 0 255 0 22 0 255 188 0 255 0 255
    255 0 255 0 0 90 255 0 255 0 255 0 255 80 255 164 0 17 0 255 0 0 180
    255 0 255 255 255 0 255 0 161 255 255 0 255 255 0 0 0 255 0 255 0
    163 0 0 255 255 0 0 27 0 255 0 255 211 0 0 183 255 0 255 0 255 255
    255 0 255 255 232 0 0 255 255 255 0 255 255 0 12 0 109 255 0 0 85
    147 172 255 178 0 0 255 0 0 255 255 180 0 255 0 255 255 51 84 0 255
    0 151 255 255 0 255 255 124 168 147 255 0 0 255 0 255 17 86 255 255
    88 0 255 0 255 0 3 0 255 0 255 255 0 89 255 148 0 255 200 0 0 255 0
    0 162 255 0 255 0 0 255 0 228 0 0 0 0 22 255 255 113 255 255 0 0 255
    0 0 255 255 0 0 0 81 255 54 255 255 214 0 0 255 0 255 255 255 0 164
    0 255 170 0 255 0 255 255 0 0 255 255 58 0 0 255 131 0 255 255 255
    255 255 0 0 56 19 209 255 0 255 0 0 46 0 255 255 0 255 255 0 255 255
    93 232 255 0 0 0 255 0 255 0 174 255 36 255 0 0 0 174 1 255 102 255
    0 0 9 255 255 255 11 0 29 255 0 0 0 255 255 155 255 255 0 255 24 0
    255 0 0 255 255 83 0 255 255 0 255 255 255 124 108 0 166 255 117 255
    255 245 255 0 201 255 0 255 0 0 62 255 0 0 255 0 123 0 119 19 255 0
    255 255 57 255 0 0 255 0 59 0 6 255 255 0 255 0 48 255 0 240 255 0
    255 255 0 255 0 0 0 255 0 255 76 244 255 255 0 0 255 0 146 0 207 67
    255 255 0 21 224 0 0 255 101 61 0 0 134 0 255 0 0 249 49 185 0 157 0
    255 17 0 255 255 138 255 0 255 0 255 0 0 255 42 0 255 0 255 0 255 0
    255 0 255 0 255 0 255 255 0 255 255 0 0 170 188 255 0 255 0 255 0
    130 255 0 0 0 22 255 0 223 255 255 0 255 0 252 90 255 216 0 255 255
    0 255 221 0 255 0 113 255 0 65 255 255 0 255 255 0 255 0 0 255 255
    255 56 255 0 255 0 0 52 0 0 255 0 255 255 0 255 88 0 255 139 6 144
    123 0 255 0 0 255 3 255 255 81 255 0 255 0 30 255 181 255 255 96 255
    0 255 0 255 255 106 255 112 255 0 131 0 0 9 0 0 255 80 0 255 146 0
    255 59 0 255 227 0 255 255 77 255 255 0 0 0 0 255 255 0 255 0 167
    255 0 255 0 0 0 0 255 0 255 0 152 0 255 0 86 255 255 255 0 255 139
    255 255 255 0 0 235 0 0 255 255 0 255 255 0 255 0 255 0 190 0 0 0
    255 65 255 0 161 255 122 0 255 0 255 0 174 255 255 255 0 0 0 255 100
    155 139 172 255 80 0 255 255 0 255 255 255 0 255 0 217 255 48 255 0
    0 255 0 0 0 0 255 0 255 255 0 0 255 0 0 94 0 255 0 255 0 255 0 255 0
    255 255 0 255 0 255 255 0 255 255 0 255 251 0 0 26 0 255 255 0 43
    255 93 0 255 0 255 255 0 255 0 255 141 0 214 255 0 255 0 255 0 0 255
    255 0 255 0 0 217 0 0 0 255 255 255 0 255 255 138 0 41 255 255 255
    209 255 0 255 247 154 0 229 255 236 255 0 255 0 0 255 190 0 255 255
    0 149 255 255 255 0 0 255 0 33 255 0 255 0 0 0 177 255 255 220 131
    255 0 0 255 0 0 255 255 0 0 126 0 255 0 0 0 255 255 0 255 0 255 94 0
    255 208 0 255 93 0 0 0 255 255 255 0 0 255 0 255 0 0 255 255 0 29 71
    84 0 255 0 255 0 0 0 70 0 0 0 0 255 85 0 255 0 125 255 0 255 0 255 5
    255 255 255 0 255 71 255 0 255 255 0 255 255 0 0 255 83 63 255 98
    255 148 255 0 103 0 0 255 0 0 255 255 120 193 0 255 0 0 0 255 255 0
    255 0 0 0 0 255 176 0 255 0 255 0 255 0 255 23 0 255 64 0 255 0 255
    255 0 255 255 0 0 255 255 255 116 116 255 255 255 255 0 255 105 160
    0 22 206 0 84 255 0 255 177 0 64 255 13 1 0 0 0 255 32 42 224 0 181
    255 0 0 137 0 255 228 255 255 0 0 255 32 0 255 0 255 0 0 252 255 81
    177 255 0 0 0 255 182 0 255 0 0 0 0 255 255 0 255 0 0 255 0 134 0
    255 0 235 0 255 255 0 255 148 5 106 0 255 59 0 0 255 0 0 147 0 0 255
    228 55 255 0 255 65 0 0 255 252 192 16 0 255 255 58 0 255 0 0 255
    255 255 99 255 0 255 255 0 255 56 255 255 0 255 0 89 255 100 181 56
    255 69 70 0 166 55 0 0 207 255 0 0 255 0 169 208 255 255 0 0 255 255
    200 0 255 103 255 255 0 0 95 82 0 45 255 66 0 255 66 0 84 0 0 255 0
    208 255 0 40 75 255 0 255 118 251 0 255 0 153 0 255 0 21 255 122 255
    255 0 255 0 0 4 99 0 255 49 148 255 0 109 255 255 0 49 255 255 0 255
    0 155 255 154 255 255 0 255 255 0 0 0 255 0 0 255 0 122 255 0 119 0
    255 0 225 0 255 126 186 207 0 255 0 255 255 255 255 57 0 255 0 0 255
    0 0 255 0 255 190 255 0 255 255 245 69 255 243 255 0 0 255 255 137
    255 0 255 0 255 93 255 0 0 255 0 0 0 255 255 211 157 0 252 255 213
    255 0 255 220 0 0 255 0 0 0 0 255 0 145 255 255 0 255 255 255 200 0
    0 137 0 0 255 0 255 0 0 255 0 255 0 255 22 255 0 255 0 157 0 255 255
    0 0 225 255 255 255 0 0 255 0 255 0 255 255 0 255 0 255 255 0 255 33
    0 0 116 0 0 255 255 155 0 255 0 255 164 0 0 63 197 0 255 18 0 255 8
    255 225 0 0 255 0 255 0 255 255 0 0 255 125 255 0 222 255 255 255 0
    0 255 0 0 255 0 225 0 255 0 255 0 0 255 255 0 180 255 0 255 36 255
    255 0 62 0 255 5 0 255 0 0 249 0 255 255 0 255 0 0 28 255 0 255 255
    68 255 255 0 0 36 255 0 0 0 255 0 0 255 0 255 255 0 253 255 0 255 0
    231 255 0 255 255 255 0 255 255 255 255 125 255 120 52 80 255 127
    255 255 255 178 0 255 255 255 0 0 255 0 255 0 51 255 232 255 0 0 0 0
    255 0 237 255 25 0 0 255 0 0 255 255 0 255 0 255 0 102 0 0 126 255 0
    255 255 200 255 255 118 248 0 255 0 255 249 255 0 0 255 0 255 60 255
    184 255 255 255 255 0 0 255 255 139 0 255 167 0 255 0 154 255 173
    188 7 0 255 36 0 255 0 0 255 37 0 154 255 0 255 0 192 0 255 0 255 0
    0 255 0 102 255 0 255 0 39 244 0 139 0 255 255 169 0 161 145 255 0
    255 255 233 0 255 0 255 255 155 0 193 224 0 0 255 255 106 0 255 0
    255 28 142 255 0 131 110 255 0 214 255 0 255 255 255 0 81 0 0 191 0
    0 255 255 184 255 0 0 255 200 255 66 255 42 105 255 0 255 255 255
    255 255 0 0 255 255 0 255 0 255 255 0 255 255 0 255 0 0 0 0 0 255
    129 168 255 0 0 255 50 255 0 255 255 0 255 255 255 0 255 255 0 255 0
    0 255 0 0 255 0 255 0 11 0 97 0 255 0 198 0 255 0 255 109 0 255 0
    140 0 0 255 0 255 255 6 232 255 0 142 0 0 0 255 34 92 6 0 255 62 255
    0 0 0 255 0 0 203 255 255 122 255 255 0 255 242 0 187 255 159 255 0
    0 0 255 56 49 255 0 255 10 255 0 0 255 0 255 0 255 255 0 255 0 255
    255 0 0 255 0 0 255 93 0 0 0 255 0 255 0 0 255 122 0 255 255 0 0 182
    0 255 0 255 255 160 255 0 255 0 255 255 255 0 255 0 255 0 0 255 0
    160 0 255 0 255 31 255 0 14 255 0 154 255 151 0 255 0 0 82 0 62 255
    0 0 255 0 0 255 255 0 0 255 0 255 0 0 255 128 234 35 0 41 255 188
    122 85 0 255 0 255 255 255 0 255 0 255 0 255 0 255 255 0 0 0 255 0
    255 0 255 251 0 255 0 0 0 255 255 0 115 255 210 0 255 159 0 255 255
    0 255 0 255 0 255 66 22 0 255 101 255 0 0 0 255 0 14 255 0 255 0 255
    0 0 255 0 255 0 255 255 0 255 0 255 104 255 255 0 0 51 0 80 0 255
    255 255 137 0 0 255 38 255 0 193 255 0 0 255 0 255 0 255 255 0 255 0
    255 255 242 255 182 221 255 0 255 0 44 0 255 0 0 61 255 96 0 93 142
    0 0 0 255 0 199 0 0 0 0 255 0 234 255 8 124 95 255 0 0 255 0 0 255
    255 0 0 255 255 255 255 0 0 255 0 247 255 0 253 0 255 0 255 0 179
    255 255 255 0 255 142 0 255 0 255 255 0 0 255 0 255 0 0 255 234 255
    0 216 98 0 231 0 255 255 0 141 0 255 255 0 128 2 0 214 255 0 35 0
    154 0 255 236 255 0 184 26 255 0 255 0 0 232 0 61 0 27 255 0 255 0
    255 0 0 99 255 217 255 0 0 255 0 255 255 255 0 255 255 255 199 255
    14 0 255 255 0 255 0 255 0 255 255 0 255 0 0 255 0 0 255 0 255 0 255
    0 255 0 0 255 171 255 0 80 0 255 18 183 23 0 255 58 255 255 153 255
    255 255 0 255 255 0 255 0 255 0 255 0 255 0 172 47 95 0 255 255 24 0
    255 0 0 0 148 255 0 187 13 0 255 255 105 255 255 0 255 0 255 0 255
    255 0 86 0 158 0 255 240 255 0 60 0 0 35 0 0 255 198 0 192 255 0 255
    0 40 0 5 255 0 172 0 255 0 0 255 255 255 0 255 0 255 255 111 0 130
    255 255 255 0 0 85 0 255 117 37 255 0 255 0 0 255 0 255 255 255 0
    255 0 0 169 0 255 255 0 0 0 0 0 0 0 255 35 0 255 205 0 0 255 0 255
    255 0 255 255 0 230 0 255 255 99 6 255 255 0 153 0 0 255 0 0 255 0 0
    251 255 0 255 255 0 255 161 0 0 255 78 0 52 255 255 0 0 255 0 255
    255 255 0 0 0 167 0 255 255 255 0 255 22 195 0 210 255 0 255 255 0 0
    253 255 0 255 185 0 0 255 0 0 0 255 0 255 255 0 0 255 0 223 242 0
    255 0 0 255 255 255 0 193 255 0 255 40 255 255 0 255 85 255 0 255 0
    255 0 255 69 255 255 255 0 0 0 117 0 255 0 255 255 255 0 255 255 0
    255 0 255 201 255 116 0 255 0 0 191 255 0 255 0 0 249 255 255 0 255
    0 255 115 0 0 255 0 255 255 0 0 255 0 157 0 255 201 255 0 255 0 255
    81 255 0 255 255 0 255 0 0 0 0 53 0 221 255 0 0 0 255 134 227 0 255
    0 0 255 0 135 0 255 0 255 255 0 255 0 255 178 131 93 2 0 255 255 255
    255 0 255 156 10 0 255 124 0 255 0 255 255 255 0 0 255 255 255 255 0
    255 14 255 129 255 0 255 218 0 255 0 0 0 255 33 255 0 96 0 0 255 0
    255 255 155 0 0 255 0 88 0 0 255 255 0 255 0 13 227 0 255 0 128 0
    255 56 0 3 255 0 7 255 0 255 0 255 0 255 0 255 255 0 255 22 0 255
    255 0 255 0 255 255 0 0 255 247 0 0 255 0 0 255 0 255 0 255 255 255
    122 255 255 255 255 100 0 255 0 163 255 0 255 0 0 239 182 0 158 0 14
    137 0 255 0 27 255 0 255 0 255 255 0 0 255 255 0 255 0 255 255 255 0
    0 48 255 255 255 0 255 255 255 0 255 0 131 0 255 0 0 172 0 255 255 0
    166 0 255 255 255 0 145 0 255 255 46 255 255 0 0 0 133 0 255 255 0
    177 0 255 0 255 0 0 0 255 0 255 67 255 0 255 0 0 255 135 255 0 255
    106 0 255 0 255 0 0 255 0 255 0 255 44 255 0 0 0 47 255 115 255 0
    255 0 0 255 0 0 255 0 0 255 0 255 255 176 33 255 0 255 0 6 27 66 255
    0 0 255 0 255 0 6 255 249 255 255 0 0 255 255 0 0 0 0 255 0 0 0 0
    255 0 255 0 0 248 133 17 255 255 255 171 255 0 255 0 107 255 5 0 207
    0 255 0 0 0 255 255 255 255 0 0 0 255 255 0 54 0 255 0 255 255 255 0
    255 255 0 255 0 255 0 0 193 194 0 222 255 0 255 244 0 0 255 0 18 0 0
    255 255 22 255 58 0 0 0 255 0 255 229 228 0 255 0 93 65 255 0 255
    255 0 255 0 0 255 117 0 89 78 0 255 0 174 255 0 0 0 255 167 0 255 0
    255 49 255 255 162 255 255 0 0 255 255 0 178 0 115 0 255 0 0 0 255
    255 0 0 255 0 0 255 143 255 0 7 255 0 255 0 0 255 0 15 195 0 0 70
    255 1 255 255 63 0 255 0 255 0 84 255 255 255 21 255 255 255 0 255 0
    0 0 255 0 150 37 0 0 0 255 255 38 255 0 0 255 255 0 229 91 253 0 0
    250 255 53 255 103 143 32 0 255 255 0 255 255 0 219 255 255 255 0
    255 41 255 255 0 0 0 0 0 0 140 65 52 0 255 241 0 255 255 0 255 0 224
    0 0 255 0 0 0 255 255 255 255 0 22 255 0 255 0 0 0 255 0 255 201 255
    42 0 255 0 163 140 255 91 0 59 255 255 255 255 255 91 207 255 0 0
    203 222 0 255 255 255 0 0 255 255 0 255 255 0 255 0 0 135 0 0 255 0
    0 255 35 0 234 129 0 0 87 255 230 255 255 0 255 255 255 0 0 255 0
    227 69 255 0 255 0 255 255 0 255 255 255 255 0 0 255 0 255 255 0 255
    54 0 255 255 0 209 36 0 255 203 255 41 255 255 0 0 255 0 149 0 255
    255 0 164 0 0 255 61 0 255 0 0 255 0 255 0 255 255 0 149 0 255 0 255
    0 255 0 255 0 255 255 0 255 255 0 255 188 255 255 43 255 123 255 133
    0 255 255 240 67 0 0 0 0 0 192 102 0 255 0 255 114 255 186 242 255
    255 0 255 255 0 43 255 0 0 255 255 15 61 255 0 255 255 248 0 165 204
    255 0 255 0 0 255 0 255 109 71 0 255 255 0 255 255 0 255 0 255 0 255
    41 255 0 0 140 255 255 11 255 255 211 243 255 0 255 0 0 255 145 255
    0 255 151 71 255 236 0 255 0 248 0 255 255 0 0 105 0 255 92 0 255 0
    255 255 0 255 0 34 255 0 0 255 78 255 0 0 0 0 0 255 0 255 0 255 0 0
    0 255 255 0 255 255 0 255 255 0 0 255 0 255 255 212 40 0 22 255 0 0
    255 0 166 255 255 0 255 221 0 0 149 255 0 0 0 17 255 0 255 158 0 255
    255 0 255 0 255 255 0 94 255 83 255 255 255 114 0 255 0 0 255 0 255
    87 255 0 0 255 255 0 0 0 0 221 0 0 166 255 0 255 0 0 255 108 255 97
    101 123 0 244 55 255 0 255 0 255 213 9 255 0 255 0 255 0 255 0 0 82
    0 255 0 52 255 7 255 0 255 0 26 255 0 255 255 0 23 144 0 255 217 0
    255 255 0 255 0 255 0 0 255 73 0 6 182 0 255 0 255 202 0 255 0 255 0
    255 32 165 255 161 0 0 0 0 255 188 0 176 0 0 0 207 0 255 0 255 255
    255 122 255 64 255 192 0 0 255 0 255 255 0 255 0 0 255 255 0 0 30 2
    167 255 0 255 255 255 255 161 255 0 0 0 0 255 0 0 255 90 38 119 0
    255 255 91 255 0 245 0 255 0 255 231 255 255 0 255 0 240 0 255 0 255
    0 148 255 255 255 66 0 255 0 255 255 0 0 255 255 255 0 90 0 255 148
    255 153 133 255 255 0 0 255 0 255 0 255 255 0 255 255 230 255 55 0 0
    0 0 0 255 0 0 0 0 148 255 0 0 0 0 0 180 255 162 0 0 255 0 255 0 0 53
    0 255 0 255 39 255 255 105 0 255 0 255 255 0 255 255 0 255 0 255 0
    255 255 0 0 255 255 255 190 91 250 0 255 58 255 255 0 230 255 0 255
    255 0 0 255 0 0 255 255 0 255 0 152 255 255 131 120 114 255 0 255
    255 255 0 88 0 255 0 88 0 0 192 0 0 255 255 255 255 0 203 102 0 0 0
    0 255 255 0 255 255 255 202 0 0 255 0 255 0 0 135 227 0 255 255 0
    255 172 255 167 255 255 255 179 82 86 255 255 60 255 0 0 255 255 0
    255 255 0 33 137 238 255 153 0 70 0 0 244 255 228 116 0 0 0 255 0
    255 121 0 166 0 0 0 0 0 255 255 0 255 255 0 255 255 0 0 255 255 192
    174 0 0 255 255 0 255 0 0 255 0 0 0 176 255 0 0 255 86 0 0 255 255 0
    161 0 0 255 0 243 72 65 255 255 255 0 0 255 0 0 255 226 0 0 247 255
    0 255 0 255 0 0 255 255 0 0 255 44 0 255 79 255 161 255 0 255 0 217
    255 255 255 255 255 0 255 163 255 255 255 144 0 218 0 0 255 0 0 255
    0 186 0 255 0 255 0 0 255 0 194 63 255 0 0 255 70 255 117 0 255 0 0
    255 255 63 0 0 0 195 255 255 0 0 46 255 255 0 232 255 223 255 0 255
    0 255 46 108 0 0 254 0 255 0 62 0 196 0 0 0 255 0 255 255 0 255 247
    255 135 0 255 73 0 255 255 0 0 0 33 255 9 17 255 62 17 223 187 219
    255 220 255 0 0 255 0 0 255 0 255 255 255 97 255 255 0 255 255 0 167
    66 255 0 255 255 255 255 111 255 0 255 0 255 0 99 0 255 156 29 0 255
    0 0 0 255 81 3 255 0 105 82 0 255 255 170 167 0 0 44 0 255 0 255 255
    0 0 255 0 57 255 213 255 0 0 255 0 255 0 255 22 255 255 0 255 0 0 0
    255 0 255 0 255 0 255 100 255 0 255 255 91 0 0 29 0 255 0 0 161 255
    0 0 4 255 29 0 255 0 255 255 0 255 0 0 0 255 255 255 255 124 255 240
    0 198 255 255 32 255 68 0 255 0 0 255 62 255 255 122 0 255 0 219 0 0
    255 255 0 255 0 73 197 255 0 255 12 255 202 0 255 255 0 0 255 0 255
    0 255 0 123 255 0 206 204 255 0 255 0 0 145 0 255 244 0 23 0 255 0
    255 0 255 255 0 38 0 255 255 45 0 255 0 0 255 255 0 3 255 255 0 152
    255 196 255 59 255 0 255 255 255 0 255 0 255 0 255 0 0 0 255 255 0
    255 0 0 161 255 255 0 255 255 115 255 255 127 255 255 0 255 0 0 255
    0 255 0 255 0 255 0 0 255 255 255 0 81 0 255 0 255 255 0 255 0 0 255
    119 0 81 143 255 0 255 255 55 255 0 240 0 255 211 255 189 255 255
    158 18 0 255 0 255 0 66 255 255 0 0 255 245 255 0 255 0 12 255 0 255
    255 0 0 0 255 0 255 0 255 255 255 255 0 52 255 82 0 214 0 255 43 239
    0 0 255 0 255 255 0 255 27 218 0 255 0 255 22 141 42 199 155 0 255 0
    255 163 0 255 148 255 181 255 0 255 255 255 114 228 0 0 0 0 255 0 0
    0 0 255 0 255 0 0 0 255 0 94 255 127 0 0 217 0 248 0 255 0 37 220
    255 0 255 0 255 0 255 87 0 237 0 137 81 0 255 0 255 0 0 0 255 255
    255 255 0 255 0 255 104 255 255 255 255 255 255 0 255 0 255 0 255 0
    239 0 23 255 255 255 0 255 17 0 255 158 255 0 255 0 0 84 255 255 75
    0 5 0 0 226 222 48 0 255 0 0 255 0 0 215 135 180 255 0 255 0 255 255
    255 255 0 233 155 0 239 0 255 0 255 0 0 255 255 0 212 0 255 0 255 0
    255 0 255 0 255 151 0 255 0 255 0 68 0 0 0 218 0 255 0 255 255 255
    161 255 255 0 255 0 144 255 0 255 255 0 255 0 48 136 255 0 255 0 255
    0 255 255 0 194 249 108 0 92 0 0 0 147 0 255 255 255 0 103 255 255 0
    86 0 255 0 0 0 0 255 0 0 209 0 0 0 204 0 0 255 0 255 0 0 178 0 255
    192 0 0 255 255 0 255 0 255 255 255 0 200 0 255 0 255 255 0 255 0
    255 255 0 255 0 0 0 255 0 184 255 0 255 255 0 34 255 255 255 0 171 0
    255 255 255 0 0 255 246 255 0 255 13 255 255 43 239 0 255 0 255 0 79
    0 255 0 255 255 0 147 101 0 255 255 0 0 255 0 0 0 255 201 0 0 0 255
    0 255 0 255 255 0 0 255 52 0 255 255 255 255 255 0 255 255 217 0 255
    0 255 0 255 0 255 0 255 0 255 225 0 153 255 7 0 255 250 255 255 0 15
    0 193 255 178 255 0 87 255 0 11 0 0 201 255 0 0 255 255 0 255 255 0
    193 255 0 66 255 255 0 0 67 255 255 0 255 0 0 255 0 255 0 0 255 255
    0 0 255 215 0 0 255 0 255 0 255 0 0 0 115 255 0 255 255 0 255 241
    255 0 0 199 255 0 255 0 255 255 0 255 0 0 0 14 0 0 255 255 0 255 255
    0 255 247 0 172 0 255 88 255 0 255 0 255 0 0 0 248 255 0 255 255 255
    0 0 204 255 0 255 255 255 48 0 107 255 0 0 122 0 255 255 255 0 255
    188 0 255 255 0 255 119 255 0 255 0 0 0 54 255 0 255 239 0 255 247
    139 255 255 255 0 255 135 0 0 255 197 255 0 0 255 69 0 255 74 255 0
    255 0 0 255 255 0 194 255 0 255 255 255 255 255 255 0 0 120 255 0 0
    255 0 255 0 255 0 255 255 0 39 255 0 255 255 0 255 0 0 218 99 255
    255 0 255 255 0 193 255 0 0 0 67 0 117 0 223 0 255 136 0 0 255 0 255
    255 0 255 0 0 255 19 255 255 0 255 0 255 0 255 255 0 0 242 255 255 0
    255 0 255 0 56 29 255 0 0 0 255 134 227 0 44 165 250 255 0 255 255 0
    255 0 255 255 72 0 0 0 255 255 0 255 23 43 255 0 0 255 255 255 0 255
    255 0 255 0 0 53 255 255 255 255 255 0 216 0 0 104 0 255 255 255 0 0
    0 0 255 0 255 255 0 255 0 0 255 5 255 50 0 255 255 0 255 255 255 0
    255 0 82 255 231 0 255 255 9 0 255 255 255 0 12 255 196 0 255 255 0
    255 255 0 0 255 255 0 190 0 27 255 255 255 255 255 255 255 0 255 255
    255 0 255 0 0 255 204 0 255 255 230 240 0 0 0 135 57 0 0 255 255 0 0
    175 157 0 255 158 0 0 0 0 255 255 0 122 59 0 130 255 0 255 255 0 0
    255 18 0 255 0 5 255 138 110 255 148 255 255 0 172 255 0 0 255 255 0
    0 0 0 255 0 255 255 255 0 167 0 255 171 255 0 255 242 0 255 0 144 0
    255 0 255 255 255 255 255 115 0 255 3 103 255 0 255 0 255 0 103 255
    255 255 255 193 0 255 0 255 84 255 255 0 0 255 125 255 255 255 0 255
    121 0 255 0 255 0 255 0 255 255 0 165 182 255 255 0 255 0 255 255
    213 0 255 0 0 255 255 0 248 0 0 255 103 0 255 0 255 255 89 71 255
    255 0 2 255 0 255 255 255 0 79 255 0 181 255 104 255 216 0 255 0 255
    255 255 255 255 237 116 255 82 0 37 90 200 255 255 255 0 255 255 0
    255 255 255 255 0 156 0 144 255 255 0 255 0 0 142 255 0 255 0 255
    255 113 0 255 0 0 150 0 0 255 226 255 0 255 0 0 0 255 77 255 0 0 0</data></my_img>
<your_img type_id="opencv-matrix">
  <rows>128</rows>
  <cols>256</cols>
  <dt>u</dt>
  <data>
    110 0 255 255 255 212 0 0 0 255 0 209 255 0 0 95 255 135 255 117 106
    15 135 0 255 0 255 255 78 0 0 255 255 180 255 0 255 0 255 255 255 34
    0 255 123 255 255 0 255 0 115 204 0 255 0 255 0 255 120 255 0 255
    100 0 0 0 0 10 146 82 231 255 255 255 255 0 255 47 215 255 187 255 0
    255 0 255 0 0 255 0 255 0 255 0 255 72 255 255 255 163 0 255 0 255 0
    255 255 255 255 0 255 0 255 0 255 0 0 255 0 0 0 255 0 0 176 201 255
    0 194 255 203 0 0 255 0 255 192 255 255 0 255 199 255 250 0 0 96 238
    249 254 0 255 255 197 0 255 255 0 0 255 0 255 195 0 24 255 0 0 255 0
    100 255 0 0 255 0 255 255 0 255 0 0 255 166 142 59 0 91 0 255 255
    129 255 7 255 60 199 0 63 255 255 63 255 72 255 255 255 0 0 0 255
    162 255 255 87 0 255 255 255 0 255 0 0 0 0 56 255 0 0 255 203 255 1
    0 255 255 0 243 0 255 255 255 0 18 180 0 255 0 255 255 0 255 255 0
    255 255 0 255 0 191 0 255 255 255 255 0 255 0 255 255 0 255 177 0 0
    255 0 255 38 48 0 0 0 255 255 0 209 0 255 0 255 255 0 0 12 0 0 255
    255 255 255 0 255 0 64 255 0 53 255 0 255 0 255 0 0 0 255 0 255 31
    255 0 255 0 255 150 90 0 75 0 0 25 0 255 0 0 215 0 4 40 255 255 0
    247 0 0 0 72 132 0 125 0 255 0 237 0 0 28 255 0 0 255 123 0 180 0
    255 255 255 215 0 255 255 0 99 255 0 255 255 0 111 0 0 35 101 0 27
    255 255 0 255 255 255 0 255 0 255 0 0 255 255 255 249 0 255 0 255 0
    88 0 255 255 0 0 255 0 255 0 203 255 255 0 255 255 0 255 0 0 255 37
    255 43 0 0 68 113 7 255 0 0 0 255 208 255 180 255 0 0 0 163 119 0
    255 255 0 0 62 255 0 255 0 255 0 255 0 0 215 255 0 0 216 255 0 0 248
    0 237 0 255 0 255 255 0 255 0 77 0 255 0 255 0 0 0 255 255 0 0 0 0
    255 255 0 0 255 0 0 0 0 0 255 71 0 255 0 0 255 255 255 0 255 77 0
    112 0 255 0 255 0 255 0 0 0 255 96 107 255 100 0 0 255 0 255 0 0 0 0
    0 0 255 255 0 255 0 255 0 255 179 255 0 130 255 0 0 255 0 0 255 0 0
    0 217 255 0 255 255 0 255 152 3 0 255 0 255 255 255 0 255 255 255 0
    255 233 211 255 0 255 255 0 255 0 255 255 83 255 0 255 255 0 0 255
    36 0 255 255 0 255 255 0 132 0 143 255 0 150 0 255 60 0 7 0 246 0 0
    0 149 255 255 0 255 255 0 255 255 2 138 255 180 255 0 0 19 255 255 0
    255 0 137 255 255 255 0 244 0 0 255 0 255 44 255 0 0 255 0 255 0 0
    201 0 0 0 255 187 17 255 255 0 0 0 255 255 0 0 255 0 153 255 255 0
    186 255 185 0 162 255 115 0 255 255 0 107 0 255 255 0 211 202 0 182
    255 0 255 255 80 0 131 53 255 0 255 255 161 0 255 224 0 255 0 200 52
    0 255 255 114 255 58 0 254 255 0 255 136 0 255 255 0 255 0 255 0 255
    255 0 0 255 0 0 255 0 255 0 255 0 0 0 255 255 255 255 122 255 26 0
    255 0 156 255 255 255 0 255 0 255 255 242 0 0 255 0 255 255 0 0 255
    0 0 207 110 172 0 25 245 0 255 177 255 0 170 235 0 255 255 0 255 0 0
    255 0 197 255 177 0 255 0 255 206 255 0 255 0 148 0 255 0 255 0 255
    0 255 0 0 255 255 0 0 120 100 255 0 255 0 255 0 0 255 112 255 0 255
    0 255 255 0 255 255 255 0 0 0 0 0 255 0 164 255 0 255 6 0 255 255 55
    0 0 255 0 161 0 255 255 0 255 0 255 0 200 255 0 0 0 255 0 255 26 0 0
    0 255 0 255 255 0 255 0 0 0 255 255 0 255 255 0 255 0 255 0 0 0 173
    255 0 255 0 255 255 0 0 0 255 156 255 255 255 0 255 0 0 255 255 0
    255 0 255 255 255 255 255 255 0 24 0 255 0 51 255 0 255 0 77 139 255
    255 255 255 255 0 255 255 255 63 0 0 255 56 255 255 255 255 0 0 255
    255 0 255 0 255 202 0 255 0 175 255 0 255 255 0 255 0 255 0 255 0 0
    255 0 127 255 0 0 255 255 0 0 0 0 0 0 100 255 0 0 255 255 0 255 0 39
    123 255 0 255 0 0 0 255 255 232 255 0 255 255 255 0 255 255 255 255
    255 0 255 58 157 255 146 0 255 0 125 255 149 230 0 214 0 0 0 255 255
    255 255 255 0 0 255 0 180 255 47 0 0 92 0 0 255 0 255 0 0 0 150 255
    255 0 255 0 0 0 90 0 255 92 255 0 0 250 0 0 39 255 0 255 0 255 255
    69 255 255 154 8 0 0 255 255 0 231 0 0 255 39 179 0 255 38 255 0 255
    0 0 255 0 0 255 0 255 255 255 0 255 0 0 188 49 0 193 255 255 255 0 0
    255 255 255 0 255 0 255 0 255 0 255 22 255 255 255 0 0 255 0 255 255
    0 116 255 0 90 0 0 0 129 0 255 255 255 41 0 255 0 255 6 255 0 84 0
    255 0 157 255 3 0 255 255 0 0 0 185 0 255 0 255 122 124 255 45 255 0
    0 255 255 0 0 255 0 79 0 255 255 0 0 255 131 216 0 255 255 0 255 255
    122 0 0 255 255 75 255 255 0 198 255 0 255 255 0 0 255 0 0 255 255 0
    255 255 0 255 0 8 72 255 108 243 0 153 72 0 255 0 0 233 240 255 0 0
    0 255 0 255 0 0 0 255 0 0 245 255 45 40 0 255 0 0 0 0 255 0 107 0
    255 31 116 0 255 255 255 0 0 0 255 0 255 255 255 255 255 173 255 255
    255 77 255 0 117 255 237 0 255 0 255 0 218 0 255 255 171 255 255 255
    255 0 255 0 255 166 255 255 0 3 36 255 44 0 0 0 255 0 0 255 209 0
    232 10 0 255 0 255 0 255 152 53 0 189 0 255 0 0 255 225 0 255 255
    165 119 0 117 255 0 0 255 255 0 135 255 0 255 0 0 0 255 143 0 0 59
    255 0 37 0 0 162 63 0 255 0 0 255 0 255 223 0 255 0 255 0 255 255
    255 0 255 0 255 0 0 255 255 0 0 255 0 255 106 0 0 0 51 255 140 255
    205 0 0 204 0 0 255 255 0 205 0 253 255 0 0 0 255 0 0 0 215 123 113
    255 0 137 255 0 255 163 0 0 0 57 255 0 255 0 0 0 255 0 255 0 0 0 0
    255 255 0 97 255 0 255 255 255 255 179 36 0 255 2 0 255 213 0 26 157
    255 0 0 131 102 156 152 0 0 255 255 200 255 63 255 255 0 0 255 114 0
    0 255 255 247 255 255 0 127 144 0 255 255 0 0 140 255 185 0 255 255
    0 255 0 255 0 97 0 255 0 0 255 0 0 255 0 0 0 255 47 137 0 255 0 255
    0 255 255 33 0 255 255 255 0 255 0 183 0 183 0 124 255 255 0 255 0 0
    255 0 119 49 255 88 74 255 255 0 0 255 255 255 255 0 255 255 255 0
    255 0 255 255 255 255 40 0 255 0 0 255 255 132 0 197 255 255 0 0 255
    189 255 0 24 0 255 255 0 0 0 255 255 255 0 255 89 0 255 255 255 0
    255 255 255 0 255 0 0 255 0 0 78 75 0 213 255 0 0 0 255 0 255 0 255
    223 255 0 255 0 255 116 0 255 255 255 255 81 255 0 0 0 255 255 6 255
    255 0 0 167 255 255 0 255 0 214 255 255 255 74 63 154 255 0 255 255
    0 183 255 208 0 140 255 0 255 0 255 255 255 255 0 255 209 135 255 0
    255 255 229 0 255 255 0 255 0 0 255 255 0 0 176 141 0 255 0 255 0
    171 251 0 255 255 0 159 0 255 208 255 0 116 0 99 0 0 0 255 0 255 255
    255 255 22 255 0 98 0 241 255 0 255 0 255 255 255 0 0 0 255 205 0
    255 0 44 255 201 255 255 255 0 255 0 0 255 255 0 255 255 0 0 37 255
    0 0 0 255 255 0 255 255 255 0 255 0 255 78 88 255 0 255 134 0 0 217
    255 255 77 0 0 255 0 255 8 0 92 0 255 225 0 0 154 0 255 255 0 255 0
    35 255 0 0 188 0 255 255 0 255 159 0 0 0 255 0 255 0 0 255 0 0 0 13
    255 255 87 0 0 56 255 0 0 255 0 0 193 255 0 255 2 255 0 255 69 136
    156 255 255 0 34 0 255 0 255 100 0 255 0 255 218 255 0 0 255 0 0 92
    0 255 0 255 255 0 44 0 0 255 0 255 255 0 255 0 146 255 0 0 255 255
    255 32 0 255 255 0 255 0 255 255 255 255 0 255 0 255 255 0 255 0 255
    255 0 255 0 255 0 0 255 255 0 184 0 255 0 0 255 248 0 255 0 0 255 0
    255 255 0 255 0 47 0 255 255 255 0 118 154 119 0 0 255 255 0 0 255
    255 0 0 12 0 255 0 127 255 255 101 0 0 255 0 0 241 255 0 0 0 255 0
    255 0 0 0 0 0 255 0 255 0 255 0 255 0 255 255 255 255 0 255 255 0
    255 252 125 255 255 0 255 255 0 255 255 129 208 0 0 255 255 0 255 0
    0 255 0 0 225 255 0 255 0 255 0 255 255 0 255 255 255 0 0 255 255 0
    255 255 0 255 0 174 255 255 255 0 170 0 177 114 119 0 241 177 0 255
    255 0 142 0 255 0 255 149 0 255 0 131 0 0 255 0 166 255 255 0 0 255
    0 255 255 255 0 0 0 255 0 255 0 211 195 0 255 0 255 243 0 255 68 123
    243 255 0 255 0 222 255 0 129 255 0 167 255 0 210 255 255 0 255 143
    0 255 22 255 255 0 255 87 0 0 0 255 0 199 255 95 255 255 0 0 255 0
    247 196 130 255 255 0 255 255 44 0 0 0 255 0 175 255 0 0 0 0 195 0
    138 0 255 0 253 220 113 0 255 0 0 255 168 255 188 255 255 255 0 255
    0 255 0 255 0 193 255 0 0 12 255 0 255 12 255 38 236 255 0 255 255 0
    255 255 0 255 0 255 255 0 11 255 255 255 0 0 255 0 0 255 100 255 238
    53 0 137 16 255 0 221 255 0 255 0 202 255 0 255 0 255 0 0 255 179 0
    255 255 255 243 0 0 0 0 255 255 255 0 255 0 255 170 0 125 0 255 0
    142 0 255 131 0 0 255 126 255 204 142 0 80 255 255 0 255 0 106 0 0 0
    255 0 255 0 255 91 0 255 0 0 0 255 16 189 255 255 0 255 255 0 0 255
    255 255 255 255 0 0 255 0 0 255 255 255 255 255 0 255 255 0 0 255
    255 255 0 114 0 255 29 255 0 255 0 0 255 255 0 255 255 0 189 0 255
    255 0 0 255 27 114 255 0 0 255 57 255 0 34 0 133 0 0 0 255 0 255 0 0
    0 255 255 0 255 255 55 0 96 255 255 255 0 0 45 255 255 0 255 0 255
    255 255 255 255 0 0 255 132 0 135 0 0 0 229 177 255 54 255 255 255
    255 255 0 255 0 226 255 0 255 116 0 255 0 255 0 0 239 255 255 0 139
    0 255 0 0 255 0 113 255 255 0 255 0 255 255 0 0 255 0 89 0 172 0 0
    255 0 0 255 0 0 255 0 48 0 0 121 180 255 0 76 255 0 255 130 0 255 0
    255 255 0 255 0 0 255 0 255 0 255 255 255 0 255 0 255 255 0 220 0
    255 18 255 0 255 255 0 255 15 0 255 0 0 140 0 255 0 0 255 255 255
    245 22 255 0 0 0 255 255 161 255 0 255 156 0 255 0 255 255 255 0 255
    255 142 175 0 23 0 140 255 0 215 0 255 97 0 255 0 4 0 0 121 255 0
    117 255 206 255 255 255 255 135 123 255 0 255 255 4 0 0 255 255 0 23
    255 255 255 0 255 0 0 157 255 184 255 0 0 0 0 255 255 0 255 0 255
    255 0 255 197 0 255 187 0 255 0 122 255 0 0 146 255 255 0 255 0 6
    255 0 0 0 255 0 255 255 0 255 0 255 0 169 255 198 255 0 196 255 255
    0 255 255 0 42 255 0 255 0 255 0 0 255 241 255 0 255 255 0 0 0 255 0
    0 254 129 0 255 255 0 140 255 0 0 255 0 255 82 255 0 91 255 0 10 0
    255 55 122 0 0 0 255 150 0 255 0 255 255 0 255 54 0 47 255 131 255 0
    255 72 255 255 0 255 255 0 135 0 255 255 255 0 63 255 0 186 255 190
    0 182 178 255 255 255 255 0 19 0 255 0 0 0 255 255 255 191 0 0 255 0
    0 255 0 255 255 0 255 0 0 114 255 255 255 255 0 129 255 255 0 149
    255 0 255 0 255 255 255 0 0 255 0 255 173 255 148 0 255 0 50 0 255 0
    0 0 0 255 0 37 0 0 255 200 7 255 0 255 127 255 255 0 188 234 150 56
    255 0 177 0 201 255 0 255 0 255 0 0 255 0 255 255 0 0 255 255 0 0
    255 0 0 255 255 255 104 0 246 255 248 255 196 0 0 255 151 0 0 255
    169 0 169 255 0 255 255 175 111 166 0 255 1 136 255 204 255 0 255 0
    255 255 0 255 35 0 0 255 255 255 255 0 54 255 0 127 255 217 0 68 0
    255 0 0 0 255 0 255 0 255 0 255 255 0 123 113 0 0 255 255 0 255 0
    255 255 0 255 0 0 0 255 0 0 255 255 6 255 0 255 0 0 255 195 155 0
    255 255 255 169 255 255 223 0 255 255 0 255 26 0 255 200 173 255 0
    255 0 24 255 255 0 255 0 0 8 255 0 255 255 0 0 0 255 18 255 0 0 244
    242 0 255 0 255 0 233 0 225 0 205 255 0 255 0 255 0 104 0 255 255 0
    255 121 0 3 33 199 0 255 255 255 0 197 255 0 0 255 255 141 0 84 255
    255 255 0 255 0 255 184 0 0 0 255 0 207 0 0 9 57 255 0 0 255 255 255
    255 0 255 255 16 0 255 0 0 255 0 255 255 0 255 255 210 31 0 0 0 255
    0 178 255 93 255 255 0 178 221 245 255 0 255 0 255 0 0 255 0 0 118 0
    255 255 255 220 0 205 255 178 0 0 0 255 249 0 255 255 255 157 255 0
    255 255 0 255 0 255 0 255 255 0 255 29 0 0 255 54 0 0 90 0 255 0 154
    255 255 255 0 0 255 0 255 255 250 129 199 0 255 0 0 0 225 0 255 0
    255 255 0 255 0 255 255 0 0 255 255 255 255 0 255 255 76 189 84 0
    255 255 255 255 0 0 119 0 0 0 255 211 0 255 67 255 158 255 255 54 68
    0 193 157 255 0 255 0 255 198 186 255 0 255 66 255 104 12 255 0 255
    20 0 0 0 0 255 154 0 255 0 72 255 8 0 255 184 9 255 0 255 196 255 0
    255 255 0 255 0 255 0 255 0 255 75 0 255 0 255 255 0 0 0 255 120 255
    130 255 143 255 69 0 255 255 255 0 0 0 255 0 151 73 255 64 0 255 0 0
    0 255 0 0 160 245 31 0 0 255 31 0 255 0 0 255 0 0 255 0 0 255 255 24
    255 0 0 248 255 255 0 0 0 255 0 255 0 255 0 0 20 255 0 225 0 206 0 0
    255 0 255 255 67 241 0 0 255 255 0 0 239 255 0 0 0 0 0 0 62 0 0 0
    255 255 255 0 255 0 0 0 0 255 255 255 0 0 123 255 255 0 255 76 0 255
    255 0 78 0 255 0 95 255 0 0 0 255 0 255 0 145 0 255 0 255 0 173 0
    255 0 0 252 174 255 187 255 255 255 0 255 0 0 0 255 0 0 0 255 255 0
    0 255 255 0 255 255 0 255 12 255 0 30 0 255 255 255 0 255 255 255 0
    33 0 0 0 255 0 0 255 0 255 0 0 0 255 185 255 0 255 0 0 255 255 144 0
    0 0 255 219 0 255 141 255 66 0 255 0 255 0 255 247 255 255 0 47 255
    65 0 255 0 168 255 110 0 198 255 0 0 255 0 255 255 0 152 255 0 113
    255 0 255 0 255 0 0 222 0 255 0 255 255 255 0 0 255 0 0 255 0 0 255
    0 143 255 0 0 255 161 116 0 110 102 255 216 255 0 0 0 0 255 0 0 255
    91 255 235 0 0 255 0 79 255 0 255 255 0 0 255 0 255 255 0 0 78 255 0
    255 0 88 255 0 255 255 0 255 0 0 255 255 210 0 0 55 255 0 65 0 255 0
    255 255 141 255 0 255 0 0 255 255 255 0 255 0 147 0 255 255 0 0 255
    0 0 255 0 0 255 0 255 0 0 167 0 236 250 255 255 0 124 255 0 98 0 255
    0 149 0 255 255 255 0 255 0 255 0 255 255 181 255 0 49 255 255 0 0
    255 255 155 255 255 55 154 169 23 0 0 131 0 255 0 0 252 0 47 255 0
    131 255 255 255 0 0 125 0 255 255 0 255 0 255 255 0 0 0 255 0 0 255
    0 255 255 42 0 0 255 255 234 22 169 0 0 255 0 255 255 0 132 255 0 89
    0 0 255 0 255 0 255 7 239 255 86 0 255 3 55 0 255 47 255 0 255 0 255
    255 255 255 0 0 0 0 255 0 0 255 0 0 128 255 255 41 0 0 255 0 0 173 0
    0 255 33 255 0 255 255 87 255 255 0 255 0 0 255 255 0 255 0 255 255
    0 95 0 255 255 219 255 255 0 255 255 255 0 40 0 255 255 163 255 0 0
    255 65 255 255 0 0 255 255 255 0 255 0 0 255 254 255 0 0 87 122 212
    255 0 0 255 0 29 0 255 0 33 0 255 0 0 255 0 0 0 54 0 255 0 255 0 17
    255 0 220 255 255 239 0 255 149 0 255 255 94 36 162 0 255 6 0 0 255
    255 0 255 61 0 255 210 255 0 255 255 0 209 0 255 0 255 0 255 255 255
    0 55 0 255 0 0 136 0 255 0 255 0 0 0 0 255 255 255 0 0 0 102 0 255
    255 0 255 0 255 0 255 143 255 255 255 0 255 0 0 255 255 0 255 0 0
    255 0 0 0 0 17 255 255 255 0 255 0 154 225 0 255 178 255 255 0 255
    255 0 255 255 0 255 255 0 0 255 236 255 255 226 0 0 255 0 255 255 0
    0 255 0 255 0 0 255 250 193 0 38 255 0 255 0 255 0 255 0 255 0 255 0
    255 255 0 255 255 255 0 255 0 255 255 182 94 255 0 255 0 0 0 0 255
    255 0 17 0 0 36 255 0 255 0 255 0 0 255 0 6 47 255 0 255 255 255 255
    0 255 255 0 255 206 23 255 0 0 0 0 255 0 0 188 0 37 135 0 255 0 0 0
    255 255 255 0 18 0 182 255 255 21 0 67 7 0 255 255 133 0 255 255 65
    255 255 255 255 0 255 255 0 255 193 206 255 0 0 255 0 85 0 110 255
    255 0 0 133 255 0 255 255 0 255 0 0 70 255 255 44 215 255 0 255 255
    0 0 255 255 0 255 0 255 0 0 255 0 255 0 0 255 0 0 77 255 0 255 0 0 0
    255 76 255 0 255 255 0 0 0 255 255 255 0 3 112 0 255 255 255 147 255
    0 0 0 0 0 0 0 255 170 3 0 0 0 138 0 255 0 128 255 0 231 0 0 0 255 0
    255 0 0 255 0 0 0 0 255 0 255 255 0 0 255 0 255 255 255 96 116 255
    62 0 255 0 255 55 0 255 255 255 0 0 30 33 0 255 255 0 255 0 255 255
    0 0 214 81 0 0 255 255 0 0 50 0 255 56 224 0 255 0 255 0 0 255 0 64
    255 76 0 206 0 255 0 0 255 53 0 255 0 255 0 81 255 0 255 0 0 216 0
    255 0 255 255 0 0 0 255 255 0 0 255 255 0 60 83 100 255 255 0 0 255
    0 0 255 255 255 0 255 255 255 0 77 16 0 80 210 255 255 255 145 0 193
    0 255 70 0 255 202 0 255 210 0 0 0 0 255 0 255 255 0 255 0 0 255 255
    255 0 0 255 0 255 0 0 255 255 0 255 0 255 255 0 255 255 0 98 0 83
    255 0 255 255 0 255 0 0 255 0 255 0 0 255 255 0 191 0 153 255 255
    255 10 152 255 0 255 255 255 0 0 255 78 255 255 255 93 255 199 0 0 0
    255 0 255 194 255 0 255 0 0 0 255 255 88 0 255 0 0 0 0 0 255 187 255
    16 0 255 255 0 0 0 255 255 255 0 255 0 255 0 255 102 255 49 255 0 41
    0 0 255 255 0 0 255 0 255 0 255 255 255 0 0 255 255 0 255 0 0 0 255
    0 246 57 0 0 163 0 30 255 0 165 0 255 0 255 255 125 0 255 0 0 113
    255 0 234 0 0 0 0 0 0 255 0 42 255 0 255 0 0 255 0 0 255 0 0 113 255
    140 77 0 255 255 218 58 226 0 255 255 0 255 0 214 255 0 233 255 40
    255 255 0 0 0 255 0 48 255 217 255 168 255 255 255 0 0 0 255 92 0
    241 255 0 105 255 0 255 0 206 0 16 255 162 255 0 0 150 0 0 255 255
    255 97 255 255 0 138 255 255 0 116 107 229 0 0 0 255 255 255 136 190
    252 84 232 0 255 0 186 255 116 0 0 28 255 71 41 0 0 0 255 0 190 255
    0 0 255 161 255 0 255 0 184 0 0 255 0 0 31 255 0 251 0 144 0 139 0 0
    255 0 33 168 190 0 0 58 0 255 0 0 149 0 255 0 255 0 255 255 0 134
    223 255 0 50 0 255 255 0 255 255 0 58 255 0 43 0 255 0 151 255 0 255
    0 0 255 0 255 213 0 0 255 154 0 223 255 0 255 255 0 255 255 189 255
    0 255 255 0 0 255 0 0 0 71 255 255 0 88 255 0 255 255 255 255 54 192
    0 192 0 255 255 255 255 187 255 0 0 255 255 0 255 0 0 255 0 255 255
    0 255 255 255 255 0 0 0 255 0 255 0 255 0 255 0 182 0 255 255 255
    255 255 255 0 0 0 255 216 0 255 255 255 0 255 0 255 0 158 0 0 255
    255 255 0 0 0 0 0 175 0 255 0 255 0 121 20 163 255 239 255 255 0 255
    0 0 0 255 255 0 177 0 255 0 255 255 0 107 0 0 0 0 0 0 255 0 161 255
    0 255 255 0 255 0 255 255 0 0 0 0 159 255 127 255 33 255 0 0 0 0 0
    255 255 255 84 159 255 59 255 255 255 7 255 0 255 255 0 0 0 255 255
    255 0 255 0 74 255 255 255 255 202 0 57 229 255 0 255 217 255 255 0
    0 255 255 0 255 255 255 255 255 255 193 0 255 0 255 0 127 255 0 0 0
    255 0 255 0 255 252 0 255 255 238 0 255 0 255 255 255 0 255 0 69 77
    255 0 255 0 250 9 255 0 174 255 0 255 255 0 0 0 138 35 0 0 114 255
    255 255 146 255 255 255 255 0 0 255 255 0 0 0 111 255 255 152 6 255
    255 255 0 255 0 0 8 196 232 105 0 255 0 255 0 0 255 255 202 99 233
    135 16 255 0 134 0 255 255 255 0 0 55 0 25 233 255 187 127 0 0 255 0
    32 0 255 0 189 0 67 176 42 0 0 255 0 255 0 0 255 0 255 0 0 65 0 255
    255 0 255 0 0 255 0 255 0 255 0 0 255 0 255 0 255 0 255 255 46 0 255
    255 255 0 236 255 0 255 255 255 255 255 255 198 255 0 0 255 79 255
    255 0 255 65 0 149 0 255 255 255 0 255 0 186 57 0 255 255 100 255
    255 255 0 0 255 0 255 0 255 0 255 0 181 129 0 0 0 255 116 233 255 0
    255 0 255 0 193 0 0 252 0 0 255 0 255 0 255 0 122 255 0 0 255 230
    255 0 255 0 0 0 0 0 90 0 207 0 255 0 255 15 79 79 103 255 0 255 0
    255 255 0 0 255 0 0 255 41 0 255 0 255 0 107 73 0 255 0 255 0 255
    145 0 255 255 255 0 0 255 0 147 255 39 255 255 0 0 0 0 0 255 0 0 0 0
    247 0 255 0 0 13 255 255 249 0 92 255 125 0 0 0 254 0 0 206 0 0 221
    244 255 95 255 0 103 255 0 255 30 0 255 0 255 0 0 255 255 255 0 0 0
    255 127 0 0 168 255 0 69 255 0 49 82 0 255 255 0 0 255 0 255 255 255
    205 255 255 133 255 0 246 0 255 0 255 0 255 0 79 88 235 255 255 27
    255 0 83 135 255 0 6 17 159 0 255 255 0 0 255 255 176 0 64 255 255
    255 101 255 255 255 255 0 0 73 87 77 0 255 30 0 255 0 0 255 4 255
    208 0 0 0 0 106 255 255 0 0 255 255 0 94 0 255 255 255 192 255 0 255
    225 255 0 243 142 0 255 0 255 255 0 138 0 255 255 255 0 255 0 255
    255 255 255 0 0 255 84 255 0 190 255 0 117 0 0 0 65 255 0 158 102
    255 255 0 255 224 255 255 0 255 0 255 51 255 0 255 104 163 255 0 255
    86 255 255 0 255 0 255 255 0 255 0 0 255 0 255 0 255 0 0 0 255 68
    255 207 0 255 121 101 186 255 0 0 0 156 255 255 0 0 255 0 10 255 255
    119 0 255 107 0 255 255 0 0 255 0 255 0 255 255 0 255 0 255 91 255 0
    255 248 255 0 122 255 0 83 177 200 255 255 64 0 0 0 255 0 255 0 165
    180 0 255 0 0 255 255 255 0 0 94 133 255 0 255 255 0 0 255 0 255 255
    0 0 255 0 0 0 0 125 0 0 0 0 255 0 255 255 0 255 2 0 108 54 31 255 0
    255 0 255 0 255 96 137 255 0 0 255 255 0 0 255 0 0 0 0 0 3 61 0 0 0
    255 81 175 0 0 0 0 0 255 117 255 255 0 255 0 255 255 255 0 255 255 0
    0 166 255 0 255 255 0 0 246 255 103 0 255 0 0 59 0 255 255 182 255 0
    31 0 0 231 65 0 66 0 0 255 0 255 0 255 100 0 255 0 0 255 0 0 198 173
    255 0 0 183 255 0 255 255 0 255 0 197 255 0 255 0 73 255 255 255 255
    255 255 0 255 0 255 0 255 0 40 107 0 255 0 255 255 0 0 233 0 202 0
    255 0 255 236 255 113 243 215 255 0 255 0 0 255 0 0 255 80 255 0 255
    0 255 155 255 0 255 255 255 172 30 255 255 0 0 0 255 232 181 0 255
    140 255 4 0 255 0 0 255 0 0 255 0 255 253 0 0 255 255 240 0 255 0
    236 148 103 255 255 255 255 0 255 0 0 0 8 255 0 255 0 0 255 255 10 0
    255 29 255 0 255 0 255 0 0 0 255 0 255 0 255 255 255 0 77 255 255 0
    74 0 0 98 0 255 0 255 0 255 0 0 255 0 157 0 255 63 255 0 0 255 170 0
    255 0 255 143 0 255 0 62 255 255 0 255 0 255 109 246 255 255 22 255
    255 255 255 0 255 0 0 255 0 0 255 0 0 0 0 255 255 0 255 255 0 255
    111 255 255 0 0 0 0 255 0 255 255 0 0 0 255 255 0 255 0 255 255 0
    167 255 255 0 16 5 140 0 255 255 0 139 255 130 255 0 123 51 0 22 255
    255 0 255 0 0 255 133 0 0 255 255 0 255 255 0 0 0 247 0 113 255 0 0
    255 0 0 0 0 255 145 255 255 0 0 255 255 255 255 225 255 0 0 183 255
    0 0 0 255 43 255 0 255 0 13 54 255 255 0 5 255 255 33 0 0 242 185 0
    0 255 0 0 0 0 255 0 255 0 255 255 255 152 255 0 255 0 0 255 255 0
    255 255 249 255 255 255 0 255 64 164 0 255 255 255 0 0 226 0 0 59 0
    101 0 255 255 222 0 174 255 0 0 255 0 0 255 229 0 255 0 140 255 255
    0 255 0 0 209 255 0 255 65 255 0 255 0 0 0 255 211 99 65 255 0 0 167
    166 199 0 255 255 0 255 255 0 255 255 0 0 255 0 255 212 0 0 0 255 88
    0 255 0 0 0 255 221 255 255 255 0 255 87 0 65 255 0 128 255 255 255
    0 255 255 255 0 255 255 32 255 0 255 0 208 255 238 148 64 0 0 255
    136 37 255 0 0 0 0 172 255 0 255 0 255 0 255 0 255 255 255 255 0 255
    0 99 255 255 0 255 255 0 0 210 0 255 0 255 255 255 255 0 255 0 0 0
    153 0 255 255 0 134 0 0 0 0 0 255 255 255 0 255 255 0 255 255 255
    255 0 0 0 255 0 255 255 0 255 0 248 255 0 0 255 0 204 0 0 255 0 0
    135 0 0 254 0 255 0 4 232 180 0 0 255 0 255 0 0 255 176 0 46 255 174
    97 0 255 255 0 255 0 255 0 255 0 0 187 131 151 0 88 0 255 0 0 255
    255 255 0 255 0 0 245 0 255 255 255 0 255 227 0 255 255 255 63 255 0
    182 0 0 255 0 231 255 64 0 224 0 0 255 255 0 17 0 0 255 255 0 255 0
    255 255 23 255 0 0 134 255 0 78 0 34 0 255 255 255 0 255 0 247 0 255
    255 0 0 255 0 255 255 0 0 0 198 255 255 255 0 255 255 255 58 0 255 0
    41 255 0 0 255 0 255 255 0 0 255 255 0 0 25 0 255 0 0 255 255 196
    224 255 62 10 255 255 0 255 255 255 0 255 255 36 34 255 0 255 255
    255 138 255 255 0 255 255 255 133 255 0 23 255 0 35 255 66 0 255 202
    110 0 0 255 0 69 255 255 23 56 0 4 0 0 255 0 255 0 255 0 255 255 0 0
    255 255 0 255 255 255 0 132 255 0 255 39 255 51 0 116 255 255 0 255
    255 0 0 255 0 255 27 3 255 255 255 0 0 255 0 255 255 255 221 255 255
    255 0 95 255 255 0 255 255 0 255 255 34 255 0 0 255 0 127 255 0 255
    0 255 0 0 0 0 255 0 0 255 255 0 62 255 0 255 0 0 255 0 0 227 255 26
    0 255 0 0 255 0 255 0 34 0 36 255 0 83 255 53 0 0 212 255 0 255 255
    0 255 0 255 255 0 255 0 255 255 178 255 255 0 255 0 0 143 255 0 59 0
    0 170 255 0 255 0 255 255 0 0 255 111 36 255 255 255 0 255 0 255 255
    0 255 149 0 255 255 0 0 255 0 255 7 0 0 0 116 255 107 0 0 0 255 255
    0 255 0 0 255 255 0 255 0 255 255 0 255 255 0 255 0 255 0 255 0 255
    0 0 255 0 119 255 0 255 196 255 245 116 255 0 255 255 0 255 0 255 0
    255 0 0 79 255 0 4 255 255 0 88 255 255 186 0 255 0 211 0 255 0 0 0
    255 255 0 115 255 255 0 255 3 255 159 0 58 255 255 255 0 0 47 255 72
    0 75 255 255 255 92 0 255 255 0 255 139 255 0 0 0 255 75 255 0 155
    186 86 0 190 0 0 255 0 255 0 0 255 0 0 255 0 32 0 177 255 0 255 0
    255 44 0 142 0 49 255 255 0 0 255 0 52 81 211 117 255 255 150 0 255
    0 0 130 0 0 255 0 255 147 0 255 0 0 255 0 255 0 255 0 255 0 0 0 255
    255 0 255 126 255 0 0 255 0 0 0 255 0 0 255 255 255 63 0 255 255 52
    255 255 0 255 0 255 0 255 0 222 72 255 255 254 0 255 35 98 0 255 255
    255 255 0 0 178 121 255 255 0 0 255 0 255 255 255 255 103 255 184
    138 255 0 255 122 255 0 212 255 255 0 53 0 185 255 255 255 0 255 0
    82 255 0 0 255 0 211 0 0 255 112 0 255 255 0 11 255 0 255 0 10 255
    147 46 0 0 0 240 163 0 255 255 0 255 0 255 255 174 0 44 255 0 0 200
    0 0 255 0 183 173 0 155 0 255 0 255 153 255 255 108 0 255 0 0 255 0
    0 255 0 255 255 0 255 0 255 17 204 0 62 103 0 146 255 0 0 255 255 26
    255 0 255 0 255 255 155 255 0 255 0 0 255 0 255 0 255 255 23 0 255 0
    60 255 0 255 0 255 255 0 255 0 255 255 0 255 241 0 255 205 255 0 0
    255 255 0 0 0 148 0 0 158 0 255 255 0 255 122 8 0 0 0 0 255 81 0 60
    0 193 255 0 255 255 255 165 255 0 0 255 0 255 255 0 174 152 0 0 255
    0 185 0 255 255 0 255 255 0 0 255 181 183 0 122 255 255 0 153 255 0
    0 255 0 21 255 0 154 255 255 0 0 110 255 255 255 0 0 255 0 255 225
    205 0 255 0 255 0 0 255 255 0 255 0 0 0 0 0 255 0 255 0 0 0 255 0 0
    255 0 0 17 255 91 54 212 0 188 229 0 193 151 255 0 46 0 255 255 0
    255 0 255 255 0 88 255 255 0 255 128 255 0 0 255 255 255 255 255 0
    255 135 255 0 255 0 0 8 84 0 255 255 0 255 138 0 255 52 255 0 255 0
    255 255 218 255 254 0 255 0 0 255 0 255 0 255 12 255 0 0 255 0 255 0
    59 255 255 138 28 255 255 255 255 0 176 62 253 255 0 0 0 142 86 255
    0 0 230 255 255 195 255 255 0 0 255 0 0 255 0 255 0 255 255 255 255
    0 255 0 0 255 0 255 0 58 0 255 0 255 0 255 0 255 0 0 255 255 255 255
    222 42 0 150 255 255 255 255 0 0 255 183 255 255 0 255 5 255 255 0
    255 0 255 0 255 0 255 0 255 20 182 255 0 20 255 0 0 0 255 255 255 0
    255 0 169 255 255 0 255 0 255 243 187 255 132 255 0 255 0 0 255 255
    255 242 239 0 0 49 255 0 108 255 30 0 0 252 0 255 0 251 0 255 0 255
    0 0 0 255 0 255 255 255 0 0 255 0 255 98 0 0 0 255 169 255 0 255 255
    0 255 0 255 0 255 0 255 255 255 0 255 248 0 0 0 0 255 0 0 255 0 0 0
    255 0 255 255 0 255 0 255 255 0 0 255 0 255 0 255 255 90 255 255 24
    255 255 255 255 0 207 183 0 0 55 132 251 236 156 0 255 0 255 0 0 255
    145 0 190 0 123 168 0 255 0 0 255 167 255 116 255 255 0 20 255 255 0
    0 95 255 0 92 0 255 255 0 255 0 233 193 239 142 0 221 255 0 255 255
    0 0 0 91 255 0 255 0 255 255 33 255 0 60 0 255 0 255 255 0 255 255 0
    255 223 0 255 255 91 255 0 205 255 0 255 0 0 0 27 0 0 0 255 0 255 0
    255 0 255 0 255 255 0 255 0 255 0 255 0 255 160 255 0 0 255 255 255
    0 255 0 255 0 0 0 255 8 255 189 0 255 179 0 255 0 255 255 0 0 255
    255 84 0 0 255 0 255 0 255 0 255 255 0 118 0 255 0 255 22 0 0 255 0
    0 255 0 0 0 0 255 231 205 0 255 255 0 255 255 0 255 255 0 0 0 255 0
    255 255 0 119 0 255 50 16 0 0 255 0 255 0 0 255 0 255 255 0 0 255 0
    255 255 0 255 255 255 255 0 255 255 255 77 255 0 9 0 255 0 255 237
    255 255 0 0 255 162 0 0 0 255 0 192 100 0 0 149 0 0 255 0 255 242 0
    255 255 157 0 0 74 159 0 255 187 0 255 0 255 0 255 0 255 192 255 170
    255 0 0 255 207 82 255 34 0 255 181 0 255 255 0 0 255 255 0 255 0 0
    255 255 0 0 255 0 255 0 0 0 0 0 255 255 255 0 0 192 255 227 0 0 4
    255 0 255 0 255 151 223 135 255 243 37 255 255 0 255 255 0 0 0 255
    64 0 255 76 106 255 255 255 0 255 0 255 0 0 10 0 209 255 0 255 0 255
    0 0 0 17 0 255 255 255 0 0 255 255 11 255 210 255 0 255 0 0 255 0
    255 0 255 255 0 0 255 0 0 255 0 7 0 0 0 255 8 209 0 255 0 0 124 255
    0 0 255 132 0 73 232 159 0 0 0 0 255 255 0 255 13 48 255 0 255 0 255
    0 0 155 0 0 0 0 0 255 29 233 0 0 255 58 255 0 119 172 68 255 255 255
    0 0 0 255 149 255 0 37 0 255 255 0 0 255 2 0 0 255 0 0 255 0 0 255
    255 98 163 255 255 255 0 19 254 255 0 255 0 166 255 139 101 0 0 255
    0 155 255 12 255 0 191 49 255 0 0 255 213 237 255 255 255 37 255 113
    255 0 255 255 255 0 255 250 0 255 27 185 0 169 255 255 244 0 0 255 0
    12 255 0 141 0 248 0 255 0 255 0 0 255 0 255 0 255 255 0 255 0 0 0
    255 255 0 255 130 255 114 255 0 0 0 162 167 255 0 30 255 255 0 255
    255 0 0 255 255 0 255 0 0 0 255 17 255 0 255 255 255 0 18 0 234 70 0
    35 232 255 0 255 0 255 255 26 0 0 255 0 0 255 174 0 255 0 0 255 0 90
    255 0 89 0 255 0 34 0 255 255 255 200 254 0 2 119 255 0 255 255 110
    255 65 0 255 0 255 130 0 255 0 255 0 0 0 0 255 255 35 255 0 255 0 31
    255 216 255 255 120 3 0 255 34 0 255 0 0 255 0 255 42 255 255 0 255
    255 255 72 65 255 255 0 0 0 255 0 0 0 255 0 32 255 255 255 174 0 255
    43 0 172 255 0 255 255 0 255 0 255 0 0 255 255 255 255 255 0 0 213
    255 0 0 0 0 0 255 0 255 0 255 0 243 255 255 255 0 104 255 0 255 255
    0 91 255 0 255 0 0 0 255 255 2 255 0 0 0 255 0 0 64 0 255 207 0 76
    255 15 255 0 213 242 233 0 255 0 225 35 255 0 87 165 255 255 0 255 0
    214 0 255 0 255 0 255 0 0 255 0 108 255 255 0 0 255 127 0 255 141 0
    143 255 0 255 0 52 255 0 255 87 85 185 255 27 0 255 255 255 0 207
    134 255 255 0 255 255 255 255 255 0 255 255 225 205 255 255 0 0 255
    0 253 41 0 0 255 255 88 255 255 255 255 0 255 77 0 0 0 0 0 140 0 255
    255 0 0 255 255 0 0 147 255 0 255 0 255 143 255 0 0 255 0 255 255 0
    0 221 255 0 255 0 255 255 255 255 91 88 0 220 215 0 218 107 255 0
    255 0 255 255 255 0 68 0 255 0 18 0 255 0 0 255 0 0 255 0 255 0 0
    255 255 0 255 208 255 0 0 255 0 0 255 255 0 208 0 255 255 0 255 255
    255 253 0 0 255 0 255 0 255 255 255 0 255 0 255 0 0 0 9 225 255 255
    0 255 255 252 255 255 255 0 255 255 0 255 0 131 37 255 0 255 0 0 255
    0 0 182 240 0 255 255 0 0 0 255 0 228 0 255 255 255 64 0 255 0 255
    255 0 0 76 255 255 66 0 255 0 255 0 0 0 255 111 0 0 0 255 0 255 255
    82 0 146 255 3 86 219 0 255 0 255 0 0 69 0 255 110 156 0 0 0 255 255
    0 255 0 255 255 0 255 255 0 0 255 0 255 104 255 255 255 0 0 255 0 0
    62 0 0 0 255 0 0 255 0 234 0 255 255 173 0 255 0 255 255 255 0 255
    183 0 170 28 255 0 43 255 255 255 0 255 232 255 0 255 0 0 0 0 255 53
    255 0 255 0 255 0 255 0 0 255 255 0 0 255 0 255 255 0 255 0 255 0
    188 0 0 255 177 255 255 0 255 0 142 0 255 255 0 0 255 76 255 189 255
    0 255 255 255 0 177 6 0 183 0 255 0 255 255 0 0 149 255 0 255 255 0
    0 255 0 255 0 255 0 255 0 255 238 0 255 255 142 255 255 255 0 255
    255 255 0 0 0 255 0 0 255 0 30 255 0 255 0 0 29 255 0 0 40 0 255 255
    0 255 255 0 149 69 0 255 255 0 255 0 255 255 255 0 255 255 173 240 0
    255 0 57 255 0 0 0 49 0 255 0 0 255 220 0 211 214 255 0 26 255 0 255
    228 255 255 0 255 0 0 178 0 255 0 0 107 58 52 255 148 0 255 255 0
    255 0 246 0 0 255 0 255 0 255 0 255 255 120 0 254 0 255 0 0 255 67 0
    255 255 255 0 0 0 72 255 0 0 255 255 0 255 255 255 255 0 248 0 0 255
    0 152 0 255 0 0 255 0 0 3 0 47 0 255 255 0 0 255 255 131 0 0 255 46
    255 0 255 0 111 0 244 52 255 217 0 140 0 255 255 0 255 250 83 0 255
    255 255 0 255 255 255 178 0 0 114 0 255 0 255 122 161 152 0 0 255
    208 255 0 255 0 255 0 255 255 158 255 0 255 255 0 0 0 255 0 255 0
    255 255 255 255 0 255 43 255 0 10 0 255 0 255 0 255 255 0 255 0 255
    0 84 214 185 39 255 219 255 35 0 255 0 21 17 0 0 0 255 255 118 173 0
    255 255 255 0 0 255 0 15 255 255 255 124 206 0 255 0 151 255 0 0 255
    0 255 255 0 255 0 255 0 0 255 0 212 255 0 0 0 231 255 255 255 0 245
    237 113 44 255 255 0 0 255 0 255 189 0 0 255 234 0 0 255 0 255 173
    255 0 161 255 0 255 0 218 0 208 255 0 0 73 0 255 0 255 0 255 145 255
    27 0 0 136 255 132 255 255 175 0 255 147 0 255 255 255 0 255 132 0
    255 0 255 231 255 198 191 193 255 0 0 255 105 255 198 255 233 0 255
    255 131 255 240 0 0 40 255 0 255 0 255 255 255 0 0 0 155 0 255 74
    218 255 0 0 228 0 0 0 255 255 255 0 255 208 115 255 255 255 0 0 0
    255 255 0 255 0 0 0 255 202 255 0 0 0 0 131 255 0 0 255 0 255 255 0
    0 0 51 0 0 255 0 255 0 201 0 255 0 255 0 255 0 255 0 39 255 0 255
    255 152 0 157 255 0 26 0 255 208 255 0 255 0 255 255 0 255 0 220 4
    52 0 255 0 0 174 255 0 28 219 74 159 255 255 0 255 0 255 0 0 255 0
    255 0 132 0 255 0 255 0 255 0 0 255 253 255 0 255 0 0 159 255 0 255
    0 255 0 255 0 255 242 255 255 255 255 0 0 49 255 55 0 255 0 232 255
    0 255 1 0 0 255 100 28 0 15 0 255 0 107 255 0 53 255 255 255 0 0 255
    255 0 255 140 0 255 0 187 0 255 255 89 255 255 98 0 0 255 255 0 149
    255 255 255 255 0 56 0 0 255 255 181 211 244 0 118 255 0 255 0 0 255
    98 255 0 255 255 255 0 0 255 0 255 0 255 0 255 160 115 0 188 60 255
    0 245 255 0 255 0 255 64 255 90 255 0 255 165 255 0 0 255 219 0 255
    0 255 255 0 255 0 255 255 0 0 255 0 40 0 255 31 40 0 255 0 255 108
    141 8 255 0 255 0 0 255 0 0 255 255 0 0 255 255 0 255 255 255 255 0
    255 115 255 0 255 58 255 0 255 0 255 0 31 255 241 255 0 19 0 255 0 0
    94 19 0 118 0 117 255 0 255 194 0 0 0 255 0 255 0 14 0 156 127 2 255
    0 0 255 0 255 4 16 107 0 255 196 255 131 166 255 0 0 255 255 244 0
    149 255 0 255 0 254 0 255 0 0 255 0 255 0 255 0 255 0 255 0 114 255
    255 105 0 0 0 0 255 37 0 255 0 255 74 255 255 0 255 255 0 255 99 255
    0 0 0 0 255 166 0 224 255 235 255 255 244 0 232 255 0 0 0 255 0 255
    147 0 0 0 255 255 0 0 255 0 36 242 255 0 0 255 255 39 0 236 0 255 0
    255 0 0 0 121 255 0 255 0 255 141 0 104 255 0 255 0 211 0 255 0 255
    0 255 255 0 0 255 255 155 0 177 0 255 0 0 101 255 0 255 171 255 255
    0 255 0 255 119 0 255 0 255 255 0 0 0 255 0 255 0 255 0 255 0 0 255
    0 31 218 7 255 0 0 255 0 255 255 0 255 0 255 173 255 0 115 255 0 255
    0 255 0 255 255 0 255 0 199 0 0 0 255 0 134 0 115 0 255 0 199 255
    255 255 0 255 229 198 0 255 255 255 255 207 255 255 48 255 0 255 0
    255 255 0 255 0 255 255 182 255 255 141 0 0 0 255 255 0 255 0 255
    131 0 0 0 20 255 255 0 42 255 0 29 255 0 255 0 185 255 255 255 255 0
    255 255 255 0 0 255 255 22 0 53 0 200 31 162 255 0 255 247 0 255 255
    109 0 255 0 255 0 0 255 0 255 20 0 255 192 142 0 118 0 170 213 255
    255 255 29 0 255 255 0 101 0 0 193 0 0 255 255 0 21 255 0 255 0 94
    255 255 103 0 245 255 222 16 255 255 0 194 41 0 49 255 76 255 0 0
    255 255 0 255 222 255 255 0 168 255 255 255 0 31 0 255 0 223 255 0 0
    255 0 105 0 255 50 255 0 228 0 255 255 0 0 255 255 0 255 255 104 255
    0 0 0 0 240 252 0 0 248 255 0 0 255 255 255 255 0 68 255 255 0 255
    235 0 0 0 255 255 0 255 244 168 28 162 0 0 255 255 0 71 255 0 0 79
    255 0 0 255 0 255 0 255 203 255 250 255 131 0 255 255 0 0 255 255 0
    145 0 0 228 0 255 255 255 128 152 255 0 0 255 0 0 255 0 255 255 255
    84 255 255 0 0 186 0 0 255 0 0 0 255 255 255 255 255 83 0 0 0 29 175
    88 255 115 0 255 0 97 212 0 255 0 0 255 0 255 157 255 0 0 255 255 0
    234 0 255 0 190 83 255 0 116 255 0 255 109 0 0 0 255 255 0 255 255
    255 255 0 83 255 0 255 255 0 255 61 0 255 255 0 255 255 0 255 0 0 0
    84 255 0 0 0 255 205 255 0 255 70 0 255 0 255 219 0 255 168 0 0 0
    184 255 255 212 104 0 255 0 255 211 255 255 189 72 255 0 255 255 0 0
    255 255 0 0 0 255 154 69 27 0 255 255 0 0 255 255 108 0 255 255 0 0
    255 0 255 255 0 96 225 0 255 255 255 0 192 133 254 255 0 255 255 255
    255 0 255 60 0 255 59 47 255 255 0 0 1 0 35 0 255 255 101 0 255 0
    255 22 0 185 255 255 0 255 255 0 255 0 0 0 255 255 0 255 210 255 0
    255 196 0 255 0 255 0 255 255 170 0 255 255 178 0 255 255 255 0 255
    0 255 255 255 255 17 255 0 0 0 255 255 0 0 255 221 255 255 255 138 0
    0 0 0 255 0 50 0 255 0 255 0 0 0 0 35 255 255 0 255 1 96 0 255 255
    91 255 255 0 255 0 255 4 255 255 0 255 255 0 255 255 255 255 0 0 255
    0 255 255 0 214 162 0 0 0 128 255 0 0 255 0 255 255 0 255 255 0 33
    255 0 255 48 132 59 255 0 137 0 255 200 0 255 31 255 130 0 255 0 255
    255 0 255 255 255 0 255 0 0 255 0 118 255 255 0 13 255 0 255 0 43
    255 54 0 13 0 28 89 0 161 255 182 0 0 255 0 255 0 255 0 255 0 0 255
    0 0 255 0 255 255 255 255 0 0 255 0 0 0 0 255 0 211 255 0 23 0 12
    255 127 133 40 33 0 255 255 196 187 255 0 0 101 255 0 0 0 255 0 0
    255 255 255 100 155 0 255 0 0 0 255 255 18 0 116 0 0 246 255 255 255
    188 32 43 106 0 255 255 0 255 255 57 0 255 255 0 255 0 255 14 255
    159 255 0 255 255 0 0 255 255 255 0 255 0 255 90 0 255 0 0 0 0 0 255
    0 0 71 255 0 255 0 255 255 0 114 0 0 255 255 0 255 109 255 0 0 255
    255 0 0 0 255 162 255 126 255 255 0 255 255 255 214 255 0 0 134 0
    255 255 0 0 28 0 255 255 128 0 0 0 75 184 28 184 0 255 0 255 144 0
    149 0 255 255 255 0 255 255 0 255 0 255 0 0 255 119 0 129 0 255 65 0
    0 255 0 255 0 255 255 255 140 255 0 0 0 255 255 0 0 0 40 4 0 216 0
    117 0 102 255 0 255 255 0 215 0 255 255 0 255 0 255 46 47 0 198 255
    111 255 255 136 0 0 15 0 255 255 0 0 255 0 255 76 255 255 255 0 104
    255 0 0 0 255 60 249 0 181 255 118 255 0 0 0 255 0 255 255 0 243 255
    255 122 0 255 0 0 255 0 0 255 255 0 0 255 255 255 0 255 255 0 172 0
    0 84 46 255 255 0 255 57 255 0 161 0 65 0 255 238 0 0 255 0 255 0 0
    0 255 255 0 226 255 0 0 255 0 0 66 255 255 16 0 54 255 255 0 182 79
    0 0 0 172 255 255 0 255 255 255 0 0 255 255 46 255 0 255 0 195 255 0
    255 0 0 106 0 0 255 81 0 150 0 0 0 255 255 0 255 255 57 0 0 68 255
    66 0 0 255 13 255 0 255 0 255 0 95 255 0 0 0 255 255 255 0 0 194 255
    0 255 0 0 0 0 255 0 34 255 0 255 0 255 129 0 255 0 7 255 0 0 255 151
    255 192 169 0 0 0 255 0 255 93 255 255 0 0 0 255 0 255 0 255 255 0
    255 0 23 255 148 255 255 0 255 0 0 255 255 0 255 150 255 9 0 231 255
    0 156 255 0 0 0 255 207 255 255 0 255 0 255 0 239 0 255 255 0 255 0
    19 0 13 0 255 0 0 44 255 92 0 211 0 71 0 0 60 255 255 255 0 255 0
    255 0 7 255 0 255 144 0 255 0 0 92 0 0 0 255 23 255 47 255 0 255 218
    0 255 255 255 7 255 0 255 255 0 0 255 0 255 255 0 255 0 232 255 255
    255 0 0 255 255 0 255 0 0 255 255 52 0 0 255 0 255 255 0 255 255 0 0
    0 0 255 83 57 255 255 41 255 0 255 255 241 0 255 255 0 0 255 0 255 0
    196 255 0 0 185 255 255 0 0 0 255 255 255 255 255 18 0 255 255 0 255
    0 0 0 255 0 158 170 255 0 255 142 0 255 80 0 0 0 252 0 255 0 255 0
    255 255 255 255 0 255 255 255 0 255 0 102 0 0 255 0 0 255 255 107 0
    93 0 255 0 255 0 91 0 242 255 0 0 255 0 0 18 255 0 255 119 255 255
    255 0 0 53 255 255 255 184 0 255 255 0 255 115 255 0 0 255 255 0 4 0
    62 255 55 0 255 6 0 255 0 255 255 255 0 255 0 255 0 255 255 222 0 0
    0 255 0 255 0 162 255 255 0 0 61 201 255 255 255 0 255 255 255 0 255
    223 0 255 81 34 250 0 255 255 0 255 0 255 0 0 255 71 255 0 255 255 0
    163 0 255 255 201 255 255 0 23 18 0 255 0 255 0 255 0 255 0 0 0 255
    255 0 255 31 147 0 0 212 0 255 0 255 255 0 255 0 137 255 0 0 255 255
    0 255 0 0 173 255 0 0 0 140 0 0 0 0 255 166 0 255 36 0 255 0 0 81
    136 255 255 0 255 219 255 255 0 0 255 255 0 0 255 40 0 255 0 241 255
    255 0 255 255 255 0 76 0 255 0 0 145 255 0 244 254 255 0 181 19 0 83
    0 209 0 255 200 255 89 255 106 255 255 0 255 0 255 0 0 0 255 54 0 0
    0 79 0 85 0 255 0 28 255 3 0 157 255 0 255 0 0 255 0 255 0 255 148
    255 77 0 255 109 255 0 0 255 255 0 0 0 0 255 255 0 0 0 97 255 255 0
    0 255 0 255 0 0 255 0 0 68 255 255 0 0 255 0 190 255 0 255 0 255 148
    0 166 0 255 0 255 0 255 0 255 255 211 71 0 255 255 255 0 0 255 39 0
    103 136 0 0 0 0 239 0 0 255 0 255 0 59 0 60 255 0 255 0 255 0 0 255
    0 255 0 0 255 0 0 255 255 255 0 195 0 0 0 0 255 255 217 0 255 0 255
    0 255 0 223 255 9 21 255 0 0 255 0 255 221 233 255 0 175 89 107 129
    0 255 0 189 0 0 0 255 114 255 0 255 0 0 255 0 255 0 0 255 255 255
    255 0 255 0 0 255 29 255 0 166 0 255 174 255 0 255 0 129 255 255 255
    0 0 255 64 0 78 255 0 255 0 255 255 146 0 144 255 255 255 57 159 0 0
    0 255 0 255 255 0 255 0 255 0 2 255 0 0 0 255 0 255 255 242 0 255 0
    0 162 255 0 255 203 21 255 255 255 0 255 0 255 0 255 0 255 255 24
    255 0 155 0 40 255 0 0 55 255 255 213 229 0 255 0 0 0 91 245 0 255
    255 255 70 0 255 255 255 56 230 255 0 0 201 119 255 0 188 255 0 255
    1 66 255 0 0 0 255 0 255 255 0 255 105 49 0 255 52 0 188 255 255 0
    109 188 245 0 255 0 0 255 0 255 0 46 0 95 0 255 0 255 255 255 0 0
    255 255 0 255 0 0 255 0 255 255 0 255 0 112 0 255 0 255 255 255 255
    0 255 0 255 255 255 255 0 255 0 166 0 0 255 0 255 255 0 255 0 255 0
    255 255 255 87 60 0 255 235 0 255 160 0 218 0 255 0 255 255 0 255
    121 177 0 255 255 255 0 0 0 255 0 255 255 0 255 0 0 255 252 0 0 31
    189 255 0 0 83 255 160 254 0 255 0 255 0 154 255 255 138 0 0 255 0 0
    0 255 255 254 0 0 35 255 0 255 0 0 0 255 0 255 54 255 246 255 0 255
    0 255 255 40 255 126 255 61 255 191 255 0 255 0 0 0 243 0 255 255 0
    255 233 0 255 224 255 0 0 0 101 0 255 131 0 255 0 0 0 255 146 0 255
    0 255 204 0 141 255 0 0 255 255 0 255 0 255 0 255 0 255 0 0 254 255
    0 255 0 0 0 255 210 0 255 0 255 0 0 255 255 0 0 255 0 255 0 0 255
    255 255 139 0 255 255 0 234 255 255 255 0 0 0 255 255 0 255 0 0 255
    255 0 255 0 255 0 255 255 255 0 0 255 255 0 255 0 255 255 0 14 255
    150 255 0 255 77 198 255 255 255 221 255 0 255 5 0 255 0 255 0 255 0
    0 150 255 0 0 255 0 255 255 255 255 230 191 0 255 0 255 0 252 0 0 0
    255 250 255 169 0 0 25 0 255 120 95 202 0 0 255 0 0 255 0 0 255 0 0
    0 255 186 213 255 0 0 255 0 240 255 72 115 255 0 255 0 0 255 255 0 0
    0 0 255 0 255 0 255 0 0 0 255 183 6 0 255 255 228 0 0 255 255 255 0
    255 255 0 255 4 255 69 255 0 0 0 0 255 116 0 255 0 176 255 0 75 0 0
    0 0 255 255 255 255 0 255 0 255 255 0 23 255 240 67 255 0 0 255 0
    255 190 26 0 239 0 255 255 255 255 0 185 0 255 33 0 255 0 255 255
    255 255 0 0 0 0 255 0 255 0 255 14 134 44 0 0 106 255 255 255 0 255
    255 0 0 255 0 255 0 255 0 255 255 0 39 0 0 255 0 255 0 0 255 0 0 110
    255 0 255 246 255 255 255 255 0 255 0 255 202 0 0 236 0 255 255 0
    255 120 0 255 255 255 0 255 255 0 0 61 0 0 185 255 0 255 0 255 0 67
    59 30 255 238 255 0 255 255 0 0 169 0 2 227 23 255 255 0 255 0 0 0
    206 0 161 0 255 255 0 255 0 0 255 11 255 255 0 61 78 255 0 184 255
    255 0 255 0 255 0 0 255 255 255 0 255 255 255 255 0 255 0 0 17 0 75
    255 152 0 0 150 0 255 0 0 255 255 255 235 58 255 59 255 0 0 255 53 0
    255 0 203 0 255 19 0 255 0 218 0 255 255 0 0 255 255 0 255 0 17 0
    255 0 255 197 255 0 72 0 255 0 255 255 0 0 255 255 0 255 0 154 255
    255 0 0 255 0 0 255 0 255 255 0 167 83 199 255 255 0 255 0 0 255 0
    255 0 92 42 147 0 255 49 255 255 0 255 255 255 0 53 255 0 255 255
    255 0 255 255 0 255 0 32 255 255 255 0 0 255 0 0 0 0 0 255 255 255
    117 0 255 0 0 0 250 255 0 255 82 0 199 0 255 255 0 255 0 255 255 255
    255 255 0 0 255 255 255 209 0 0 255 0 255 0 0 255 0 125 0 0 255 255
    0 255 178 0 254 255 121 255 255 0 255 0 0 255 0 255 0 88 255 104 0
    201 189 255 0 0 255 255 33 255 255 103 0 253 255 0 239 255 215 255
    255 255 0 255 0 255 0 255 0 255 0 0 237 0 164 0 255 0 255 255 0 41
    112 0 255 0 255 255 0 255 255 0 0 255 0 0 255 255 0 100 255 255 50 0
    0 0 255 255 0 255 0 255 0 255 0 186 255 0 0 0 255 255 217 0 255 255
    255 0 0 0 255 0 156 255 255 0 0 0 0 255 255 255 0 32 0 0 255 0 255
    255 0 0 255 255 255 255 0 245 255 0 255 238 255 137 0 255 255 255 0
    255 255 255 0 255 0 0 12 0 255 0 255 0 9 0 255 0 255 43 245 255 0 0
    255 210 0 0 0 255 0 2 255 222 255 0 0 255 0 0 0 142 0 255 0 0 255 0
    0 255 0 0 255 0 255 0 255 0 255 6 255 0 255 255 255 255 0 0 255 210
    0 255 255 0 235 255 0 0 0 0 0 255 243 209 0 255 0 255 0 255 0 0 255
    255 255 0 0 32 0 83 255 255 255 167 255 255 0 0 255 0 255 0 9 0 255
    0 255 0 0 255 134 255 0 255 255 120 141 255 255 0 0 0 255 0 255 73 0
    122 145 0 237 0 17 99 0 0 255 0 32 255 255 0 255 0 51 0 255 0 255
    182 0 255 236 0 78 255 255 255 97 0 255 255 0 0 255 250 255 0 248 0
    0 0 255 255 130 214 0 255 255 0 255 255 255 0 150 8 255 255 255 0
    255 0 255 0 231 242 255 255 0 0 255 255 0 49 0 255 255 161 255 255 0
    0 255 0 255 255 0 0 255 0 255 138 255 0 233 125 0 255 0 35 0 255 255
    0 0 255 0 241 255 0 239 173 139 0 255 255 189 0 0 27 255 244 212 255
    255 121 252 169 181 255 0 0 212 0 255 255 0 0 0 255 89 255 255 178
    255 0 21 255 255 0 0 255 255 0 132 255 255 138 125 255 0 255 0 255 0
    113 71 0 0 255 255 0 124 255 0 255 0 100 0 0 117 0 255 0 0 255 0 255
    0 0 255 197 255 116 255 255 74 255 0 255 255 0 255 0 255 0 255 0 255
    28 255 0 0 255 93 122 0 255 0 255 0 0 153 149 0 255 0 255 0 255 0
    255 0 255 255 135 255 0 84 0 0 0 0 0 255 0 0 173 255 255 255 227 233
    255 0 0 255 255 0 255 255 0 167 210 255 0 255 204 255 0 255 213 0
    255 0 255 0 0 255 0 255 0 0 151 0 255 0 0 134 132 0 255 0 255 255
    255 0 0 255 232 0 0 255 0 0 255 0 255 0 255 0 255 255 0 255 255 5 0
    255 255 255 0 0 0 206 84 255 0 255 0 255 0 0 255 255 0 255 0 255 0
    255 0 255 16 0 255 0 0 112 255 0 255 255 255 0 0 223 0 0 255 243 93
    255 139 0 255 255 255 0 255 0 0 0 76 0 255 0 0 255 70 130 0 12 130
    91 70 255 255 255 255 255 0 255 255 0 177 62 0 37 0 255 85 255 0 0
    255 255 0 0 255 0 255 255 135 0 255 67 255 0 0 0 0 255 255 143 255 0
    255 0 0 255 255 108 0 255 255 255 0 130 220 255 172 107 0 0 0 255 0
    255 255 255 0 255 0 0 120 0 0 255 234 255 165 41 149 0 0 0 255 9 255
    0 0 255 0 255 0 255 255 0 255 255 0 255 0 255 0 255 255 0 121 0 255
    0 210 0 255 255 255 0 255 255 0 255 255 0 0 0 0 207 0 0 0 255 255
    255 255 0 242 255 255 255 0 255 153 0 255 10 0 255 64 231 0 255 255
    0 90 165 255 255 191 255 0 0 255 255 255 255 255 91 255 0 0 255 3 0
    255 255 0 255 124 255 255 255 0 0 255 225 0 0 0 149 40 255 255 0 0 0
    255 255 0 0 255 0 255 0 255 202 255 0 10 255 0 255 0 0 255 255 0 0
    255 0 255 0 255 39 0 7 0 255 76 0 0 0 255 255 0 235 255 88 255 0 0
    255 255 40 255 255 132 255 255 255 47 255 0 255 255 0 255 255 255 30
    0 28 255 0 255 255 130 0 255 255 0 0 255 191 123 0 255 0 255 255 0 0
    255 0 0 225 0 255 0 136 228 0 255 205 46 56 255 0 179 86 0 255 148
    255 255 0 255 255 0 0 0 255 255 0 0 255 0 0 255 255 255 0 116 255 0
    8 246 0 10 255 255 0 255 0 255 0 0 33 255 0 93 255 0 19 142 255 255
    127 0 255 11 255 0 69 76 0 0 255 255 115 0 61 96 0 255 0 170 255 255
    52 255 0 0 255 255 0 99 0 0 156 0 188 255 0 255 255 0 0 0 226 0 255
    0 255 0 71 0 255 0 122 255 0 0 255 0 255 0 0 255 255 105 255 0 0 194
    255 89 0 0 221 255 0 255 255 119 0 255 0 255 255 255 0 255 255 238 0
    0 222 179 30 0 255 51 213 255 74 0 255 0 255 255 255 255 12 135 255
    0 255 0 170 255 61 0 255 0 102 255 255 0 255 0 135 68 0 103 212 255
    0 0 0 0 0 253 0 0 205 255 255 44 255 0 0 0 0 255 0 255 0 255 255 0
    255 0 0 255 255 0 255 255 0 0 231 0 255 68 102 255 255 121 255 255
    101 0 255 172 255 0 221 101 255 0 0 0 255 0 169 0 0 255 0 255 0 158
    0 255 0 255 200 219 255 0 255 0 255 255 94 0 255 0 0 0 70 0 255 0
    239 205 255 0 255 255 0 255 255 0 0 0 255 4 0 255 207 255 255 0 0 0
    255 0 255 0 255 255 255 0 0 0 0 0 255 0 255 0 255 255 0 0 0 255 255
    0 255 255 0 187 0 157 255 0 255 0 47 255 0 0 0 0 0 255 185 105 187 0
    255 0 127 255 0 0 255 255 255 255 255 21 255 255 0 127 0 255 0 255 0
    255 255 56 255 0 191 255 0 255 255 0 255 0 255 0 255 0 255 16 147 0
    255 119 255 0 0 255 255 59 255 0 108 255 0 255 0 0 255 0 255 241 255
    0 34 0 255 255 0 0 255 255 78 0 0 25 0 255 255 197 0 255 0 255 114 0
    255 0 0 255 255 0 0 0 204 87 255 177 204 0 40 255 36 25 255 0 255
    103 0 255 255 0 255 163 0 255 0 255 69 0 206 0 255 114 0 255 0 255
    255 0 255 0 0 255 255 0 119 40 255 0 73 0 255 52 0 255 0 255 255 255
    255 255 0 0 255 0 255 0 255 255 0 0 230 62 255 255 0 255 255 0 97
    255 75 255 0 255 0 255 234 0 0 255 255 255 0 255 0 72 255 255 0 255
    227 255 0 255 0 255 255 255 255 169 255 0 255 0 0 255 255 0 155 0
    255 255 255 0 0 255 0 0 209 255 0 255 0 255 0 177 0 213 255 255 0
    255 5 0 255 141 255 255 0 255 0 0 0 0 255 234 255 0 255 0 166 255
    255 255 255 255 244 159 0 255 0 255 0 255 0 138 255 255 255 0 42 0 0
    255 163 255 0 255 0 255 0 255 0 0 255 0 0 255 0 255 242 0 255 255 0
    255 0 0 207 0 255 0 255 0 255 0 255 37 0 255 255 140 0 255 219 0 0
    255 245 255 0 255 255 255 0 255 0 72 255 0 255 0 172 255 255 0 255 0
    255 255 255 255 255 0 255 0 255 255 0 0 114 0 0 0 255 7 255 0 107
    224 0 0 255 0 180 255 16 0 255 0 255 0 255 255 0 189 0 255 0 0 0 0
    255 182 0 0 255 0 255 0 255 255 0 255 113 69 0 0 255 180 255 82 165
    255 0 255 0 255 98 0 255 204 45 255 0 255 0 255 0 255 255 0 0 255 0
    0 255 255 0 54 255 255 0 104 255 255 68 0 255 0 255 255 0 0 255 125
    0 255 0 255 0 0 99 255 0 50 0 255 255 255 0 255 255 255 207 0 255 0
    255 255 0 0 255 255 0 0 255 0 0 0 255 0 255 0 255 0 255 255 0 255
    255 0 255 0 255 0 255 0 255 0 255 0 9 255 0 48 255 0 0 96 0 0 0 0 0
    113 255 186 0 255 255 0 255 255 0 255 197 255 255 0 0 255 0 151 0
    255 216 7 0 255 255 131 255 0 255 0 255 255 0 0 255 0 255 255 0 0 0
    255 0 113 255 255 0 0 0 255 0 255 0 43 255 0 255 0 0 255 255 104 117
    255 0 225 0 255 0 255 0 255 0 0 255 255 0 255 0 0 0 0 255 0 0 255 0
    255 185 0 255 0 255 0 129 0 255 0 49 235 15 255 5 0 255 0 0 164 0
    255 0 255 49 168 0 0 255 0 255 255 0 5 0 255 255 0 120 255 0 199 255
    66 0 0 0 47 102 255 0 255 0 0 0 0 255 0 255 0 255 28 0 255 255 255 0
    0 255 255 255 0 11 255 255 232 0 255 0 217 255 172 19 0 118 255 0
    255 255 0 0 255 82 255 255 255 0 0 255 0 255 0 255 255 255 0 255 0
    255 255 0 255 0 0 200 0 255 255 0 255 255 0 255 255 255 255 0 255 0
    255 0 232 0 255 0 0 0 68 0 255 0 0 0 0 0 255 0 255 255 255 71 0 31
    255 255 0 255 117 0 255 0 255 44 0 255 0 255 255 0 255 255 0 255 147
    255 0 255 255 255 198 0 255 26 105 0 0 255 0 0 255 111 255 255 109
    255 205 255 255 0 255 227 0 255 0 255 0 255 170 255 0 255 255 0 255
    0 199 255 0 0 255 0 0 255 143 0 254 255 0 255 0 0 255 0 255 255 33
    255 0 0 255 2 255 0 0 0 137 255 0 255 255 0 255 255 0 182 50 255 0 0
    255 255 255 255 213 0 0 255 255 154 0 0 255 255 255 255 0 255 0 255
    0 0 255 255 255 255 0 91 255 180 49 231 0 162 0 0 255 255 255 0 171
    255 0 0 255 135 255 0 97 255 19 255 93 255 143 0 255 0 0 33 255 0 0
    255 255 0 0 255 0 149 255 0 255 0 150 255 255 37 255 0 255 255 0 255
    255 0 0 255 255 0 0 0 255 255 47 0 255 0 255 0 30 255 39 44 255 0 0
    255 0 0 255 0 255 224 0 38 0 0 255 135 0 255 0 255 0 255 0 8 0 255 0
    255 75 255 124 147 0 255 0 0 255 0 255 202 0 255 0 255 0 139 0 79 0
    255 0 255 0 182 0 0 255 118 0 255 0 255 0 255 0 0 0 255 255 255 0
    121 39 0 0 255 0 255 0 85 119 255 40 8 0 67 23 255 0 255 0 255 255
    109 255 0 0 0 0 255 20 255 255 255 0 0 255 10 255 0 255 169 28 0 255
    255 0 255 255 0 255 0 255 0 255 95 0 231 255 0 0 255 255 255 0 27
    255 117 255 191 255 0 169 255 255 7 0 0 255 0 10 255 0 255 173 0 0
    104 255 0 0 255 255 78 100 0 255 0 255 0 255 44 0 127 0 0 0 0 0 255
    0 255 255 255 71 255 255 0 0 255 0 78 0 255 60 0 255 255 175 255 162
    0 255 0 255 62 0 255 255 255 0 255 255 0 255 0 255 0 255 0 255 0 0
    156 0 255 0 0 52 0 85 255 255 49 255 0 213 168 255 255 0 255 255 255
    0 0 192 255 0 255 0 35 0 0 0 0 0 255 255 255 242 255 255 252 0 0 255
    255 255 0 0 0 255 0 255 255 255 0 255 255 255 255 0 255 255 181 255
    255 0 255 255 255 0 255 255 0 0 87 220 255 0 255 228 0 112 0 255 0
    255 255 0 255 0 255 255 0 0 255 255 255 255 0 255 255 255 0 255 255
    0 255 255 255 0 255 255 143 0 255 0 255 0 245 56 119 255 0 61 0 248
    0 156 252 0 255 255 0 0 49 255 255 0 63 255 0 28 255 0 255 0 255 0
    255 255 0 0 255 102 0 164 255 0 255 224 0 0 255 0 159 0 0 255 255 0
    255 0 255 0 255 255 0 0 255 255 232 255 0 0 0 255 0 0 255 0 255 0
    255 255 0 190 0 255 0 255 143 0 255 255 255 0 255 0 231 255 0 255 0
    26 0 255 0 255 0 255 43 255 232 0 255 255 0 0 0 255 0 0 255 242 255
    0 255 0 255 0 255 255 255 3 0 188 13 255 0 255 0 0 66 255 0 255 221
    0 0 255 255 0 255 0 255 255 0 0 255 76 0 0 255 81 0 0 19 255 0 73 0
    255 0 0 0 116 255 0 255 192 0 255 49 218 255 0 163 255 255 0 255 0
    255 0 255 0 179 0 0 255 35 214 179 0 0 255 255 107 0 255 0 117 255
    210 0 0 79 0 130 229 88 0 0 255 0 0 107 77 255 0 255 255 0 255 75
    245 0 188 255 0 0 0 255 0 0 131 255 0 255 255 0 255 0 0 255 255 0 0
    255 255 0 145 255 0 152 189 255 0 0 255 255 0 255 255 0 255 0 0 255
    0 255 153 0 255 0 69 0 0 255 123 0 255 255 0 0 0 255 45 255 248 0 0
    0 236 0 249 0 191 255 255 0 255 255 0 0 255 255 144 255 255 255 205
    0 255 0 255 255 0 255 0 0 0 255 255 0 255 0 255 0 0 59 255 0 255 0 0
    255 1 229 0 48 255 26 255 0 0 68 0 255 255 255 0 0 255 0 255 255 81
    0 255 51 0 255 255 0 223 148 255 255 0 43 255 0 255 72 0 0 255 0 0
    255 0 255 0 255 0 255 218 255 0 6 52 243 210 255 0 212 255 0 0 183
    30 255 255 0 180 0 255 0 255 172 255 0 255 0 184 0 0 255 255 223 0 0
    18 0 130 255 0 0 0 0 255 0 0 255 0 9 139 0 255 0 0 235 255 73 69 255
    255 0 255 0 0 255 157 255 0 255 0 255 233 0 255 0 65 86 0 80 255 0
    255 0 255 97 49 184 59 0 0 255 116 255 0 0 255 0 255 92 137 0 0 255
    0 0 0 255 0 255 0 255 0 255 0 0 0 0 138 255 255 0 83 0 104 0 64 255
    0 255 255 0 255 0 0 74 0 0 255 0 0 255 0 0 255 0 255 0 255 255 0 0
    255 255 255 0 0 0 118 157 72 0 255 255 0 255 255 0 255 0 135 255 255
    255 0 0 0 0 0 0 0 0 57 0 142 0 0 255 255 255 0 255 233 0 0 0 255 0
    255 0 0 255 255 255 237 0 255 110 0 0 198 255 255 255 255 255 0 255
    0 0 255 255 0 0 17 99 148 0 122 255 255 0 255 255 0 255 15 0 255 255
    0 255 0 89 255 255 160 0 255 0 255 0 255 0 255 0 23 255 242 203 0
    255 206 255 0 255 0 75 255 0 210 255 0 238 0 236 255 0 255 255 0 255
    0 0 0 0 236 22 255 0 255 255 0 255 0 0 0 255 255 0 21 255 0 0 255
    255 255 255 255 255 255 255 0 0 255 255 0 255 141 0 255 255 0 255
    215 175 0 255 0 255 122 0 255 0 255 0 0 255 0 255 0 255 0 255 255 0
    0 255 0 0 255 173 255 255 0 162 0 0 24 0 255 255 255 0 255 0 255 0
    255 224 255 0 255 186 0 0 0 255 216 255 0 108 0 173 255 0 0 75 255 0
    255 0 0 255 255 0 255 0 255 0 0 255 0 0 0 0 0 255 105 0 255 0 0 180
    255 0 255 255 0 0 253 255 0 255 255 239 255 0 0 150 255 255 0 255 46
    0 255 255 255 94 255 255 0 139 170 0 0 0 255 172 255 255 0 255 208
    255 0 255 0 0 0 255 0 0 93 255 191 0 0 255 255 255 0 255 0 49 101 0
    0 255 0 255 0 255 0 33 0 255 0 95 255 27 0 255 0 0 255 0 0 255 0 50
    255 0 255 164 0 255 0 0 255 0 0 0 255 0 255 255 0 41 255 0 255 0 255
    0 255 0 255 255 255 56 255 7 0 255 255 0 82 255 255 255 159 0 0 255
    20 255 236 0 255 0 255 0 255 0 0 255 255 255 0 255 255 198 176 0 0
    255 255 0 0 0 255 255 255 0 0 0 255 192 255 0 255 74 255 0 255 191 0
    0 255 49 255 255 53 0 255 0 255 135 0 255 0 255 0 0 0 0 0 255 255
    255 0 255 235 255 255 255 0 28 255 0 255 255 0 255 0 0 255 77 0 255
    0 0 255 0 255 0 255 254 0 255 0 255 0 255 84 255 255 0 255 255 0 255
    0 255 15 213 255 255 255 255 0 0 255 0 0 255 255 255 0 255 0 0 255 0
    255 0 0 255 0 255 0 255 232 225 0 131 255 0 225 87 255 82 0 0 255 0
    216 0 255 211 3 255 0 255 0 255 13 0 255 194 0 0 255 180 255 205 0
    255 0 0 60 0 255 0 0 138 239 0 255 255 255 107 208 255 0 255 255 0
    111 0 255 0 255 0 0 203 255 15 255 0 137 255 255 6 0 255 0 255 0 0
    255 0 218 0 255 255 255 0 255 225 240 212 0 255 0 255 0 72 255 255
    190 0 255 0 61 202 0 0 255 0 0 255 0 0 255 0 0 255 255 255 0 0 239 0
    255 22 0 255 172 255 169 0 0 0 255 0 0 255 255 0 255 91 81 0 255 63
    222 0 91 248 255 119 55 0 0 84 0 191 0 255 0 255 0 255 255 0 255 0
    61 255 135 255 0 135 79 255 0 0 255 0 255 255 255 0 0 0 0 0 0 255 0
    255 0 0 0 75 147 0 117 255 255 0 0 255 255 254 0 255 171 0 243 37
    255 255 0 255 176 0 35 0 255 255 0 255 0 255 0 255 255 0 255 0 255 0
    0 0 255 255 0 255 175 255 0 255 0 223 165 255 255 255 147 0 255 255
    0 0 0 255 0 207 0 255 80 0 255 0 0 255 255 0 255 35 0 255 255 206
    255 0 161 36 0 255 0 0 83 159 138 255 255 0 255 0 255 148 0 255 255
    0 255 254 255 1 255 0 255 176 209 86 0 147 255 255 255 0 255 0 255 0
    0 0 255 0 255 0 0 255 255 0 0 232 219 132 255 255 0 255 0 255 0 33
    243 255 0 255 0 0 0 0 255 255 146 0 0 0 255 123 0 255 0 255 0 255 49
    51 0 255 255 0 0 255 255 255 0 255 0 0 255 255 255 182 78 0 255 0
    255 181 0 0 255 0 0 0 255 0 0 255 0 0 0 255 0 255 171 255 255 255
    255 87 255 255 4 255 255 150 0 255 25 255 255 117 255 0 209 0 255
    225 0 0 0 255 0 0 255 255 0 255 0 122 255 0 255 0 255 21 255 81 255
    0 255 255 255 0 255 255 255 0 0 255 255 170 0 255 0 83 0 0 255 0 255
    0 126 0 205 255 0 0 255 0 255 255 0 0 255 0 0 136 255 0 0 255 255
    109 255 0 255 25 220 0 191 0 255 255 0 120 255 255 189 255 0 0 0 255
    0 255 0 255 255 0 255 64 255 255 255 0 0 255 84 0 255 0 0 0 0 0 201
    0 38 0 255 0 0 255 0 0 0 184 255 0 255 255 255 0 0 0 0 0 255 255 0
    166 235 255 3 0 255 150 255 0 0 0 249 255 0 0 255 255 0 0 0 255 0
    255 0 255 0 169 195 255 0 14 255 255 0 255 185 0 255 255 255 255 0
    255 0 0 255 0 0 118 255 150 255 0 116 255 0 0 133 0 255 0 0 255 10
    255 255 0 0 255 255 0 0 26 248 195 0 255 0 255 0 0 0 0 255 0 255 255
    255 0 0 255 104 0 44 255 0 255 255 0 0 255 0 0 255 255 0 0 0 255 0
    14 255 16 255 255 255 0 255 255 0 0 255 0 255 255 255 0 255 0 0 255
    0 174 237 0 130 255 0 255 0 255 0 255 0 0 0 0 255 0 255 0 255 58 0
    255 0 23 0 255 255 0 255 255 255 0 255 0 255 255 255 0 255 213 255 0
    50 0 255 223 168 65 222 0 0 0 255 230 0 255 255 0 0 60 255 0 255 0 0
    255 255 1 0 255 0 24 164 255 255 0 0 255 255 0 255 0 0 0 255 0 0 183
    255 0 152 255 0 255 0 255 255 6 255 255 0 255 0 68 0 48 255 255 131
    189 0 0 255 0 255 0 255 0 255 107 0 0 234 86 0 0 0 255 0 255 0 255 0
    255 0 0 184 255 0 0 0 0 255 109 255 164 0 255 255 148 0 0 255 0 246
    41 255 0 255 51 0 0 203 0 28 255 255 0 255 0 255 255 0 0 255 200 54
    0 0 255 0 255 0 255 255 0 0 255 0 255 10 0 0 124 255 0 255 0 255 0
    255 0 193 255 255 168 0 0 0 0 255 255 5 255 0 255 0 23 0 204 242 0
    255 0 255 0 0 0 255 255 69 0 255 0 255 0 255 0 0 97 0 255 255 0 217
    255 0 0 0 0 0 202 255 27 0 255 142 255 255 0 0 255 255 0 0 255 51
    255 255 0 0 255 0 106 0 171 255 0 209 0 255 167 0 0 0 42 255 0 119
    255 0 140 0 255 0 255 0 255 0 255 92 4 198 0 255 0 255 0 0 234 159
    255 0 255 0 255 255 255 0 8 81 255 0 0 255 237 212 255 255 255 0 255
    0 228 0 255 173 24 203 255 255 247 255 0 237 173 163 255 0 0 255 255
    0 255 0 0 255 0 255 0 255 0 255 0 0 167 0 255 0 255 0 135 118 255 0
    255 255 0 0 14 255 0 255 0 142 0 255 0 255 0 255 255 56 0 255 0 240
    255 255 88 0 0 0 0 255 0 255 83 0 255 0 0 255 193 0 255 126 255 255
    0 0 0 255 0 255 0 255 94 0 255 255 0 255 255 254 0 0 255 255 0 255
    255 255 77 0 196 176 255 255 255 0 255 0 255 0 255 0 255 120 0 135
    255 0 255 165 255 255 255 82 0 206 97 0 0 255 0 255 0 255 255 0 255
    255 0 255 0 0 255 147 255 0 255 0 191 227 0 255 0 0 100 0 0 255 255
    0 245 255 149 0 0 255 0 83 177 169 255 0 255 255 0 255 0 0 0 255 255
    0 255 0 0 255 255 215 255 0 255 175 0 255 255 48 255 0 255 255 106
    255 125 159 255 255 0 255 0 255 222 113 255 255 144 168 255 255 255
    255 0 222 0 255 0 255 0 255 222 84 255 0 255 255 255 0 0 0 0 208 0
    241 255 255 0 255 0 0 255 0 255 0 197 0 255 255 0 110 138 255 253 0
    0 255 0 0 255 0 152 0 255 0 19 255 0 255 0 255 0 255 0 255 0 255 255
    0 255 17 255 255 255 255 0 0 255 144 192 255 255 0 103 0 120 255 255
    0 255 255 0 124 0 255 255 195 255 101 110 255 255 255 28 255 5 255
    255 166 0 255 127 0 255 255 255 0 255 0 255 101 0 255 0 0 255 96 188
    0 255 0 255 0 255 0 255 255 0 255 255 57 255 0 0 255 0 255 0 255 0
    255 0 0 255 0 255 0 0 255 0 208 0 167 255 107 0 255 255 255 255 0
    255 0 132 0 255 255 255 255 64 0 0 255 0 0 255 255 255 255 56 255 0
    255 116 0 0 9 255 0 255 212 255 255 255 0 0 121 255 0 255 0 0 255
    255 0 255 255 255 0 210 255 255 255 40 0 255 0 174 0 255 0 255 255 0
    255 255 0 0 180 0 255 0 255 0 0 255 0 0 0 255 8 0 0 0 186 0 0 255 0
    155 64 0 255 0 22 255 255 0 255 255 255 0 0 39 255 255 80 251 0 255
    0 182 255 0 243 111 0 0 255 0 255 0 0 255 0 255 255 255 0 0 255 255
    252 255 0 112 255 0 255 0 255 0 0 0 255 255 156 255 255 0 255 212 0
    0 255 0 164 0 0 0 0 255 255 255 0 255 0 192 255 0 129 255 0 97 255 0
    50 0 255 255 0 0 0 255 0 255 255 0 0 255 0 0 0 200 0 142 203 255 199
    0 255 0 0 0 255 255 0 255 217 0 255 36 130 0 0 255 0 255 255 0 0 0
    255 0 255 39 0 0 255 209 0 0 0 255 255 255 255 255 255 0 255 255 0 0
    28 210 0 0 121 79 0 0 0 255 255 0 255 0 255 0 255 0 32 251 0 255 0
    148 255 255 0 0 255 0 0 0 0 255 0 0 255 255 255 0 255 0 255 0 0 74
    255 113 255 0 0 255 98 63 255 255 0 217 255 255 0 0 0 255 0 255 255
    0 0 255 255 0 0 0 0 0 0 255 255 0 255 255 0 255 216 0 27 190 255 255
    255 0 255 0 255 0 255 50 0 1 0 255 232 255 0 0 255 0 0 255 0 0 0 255
    255 179 198 0 0 255 0 0 255 255 0 255 255 17 194 175 0 0 0 255 0 255
    0 255 0 255 0 33 255 0 255 238 0 255 0 0 255 0 200 0 255 0 146 0 0 0
    0 255 0 252 255 255 0 209 255 255 255 255 0 255 0 76 255 0 255 0 240
    158 255 0 255 255 237 0 255 20 157 0 255 85 255 255 255 0 0 0 255
    118 255 255 0 0 254 0 252 255 0 255 255 255 0 255 255 0 255 0 0 255
    0 255 255 0 255 0 255 73 0 92 255 0 255 255 0 0 196 255 255 0 255 43
    255 0 0 255 59 255 0 255 194 0 255 0 255 0 255 0 226 0 139 255 0 38
    0 255 0 255 0 0 0 0 0 0 255 241 255 181 250 35 255 255 0 159 0 255 0
    255 255 166 0 255 0 0 21 0 255 0 99 102 0 255 0 255 29 0 255 68 0 0
    255 22 0 166 255 255 92 30 0 255 255 0 255 0 0 146 255 255 255 0 159
    255 255 0 0 255 203 255 255 56 0 235 162 0 0 0 255 255 0 255 0 255 0
    0 255 157 0 0 255 0 0 255 0 42 255 182 0 255 0 255 231 30 126 3 0 0
    0 255 0 255 0 0 0 0 255 255 0 0 255 0 0 255 255 0 255 255 18 9 225 0
    255 0 234 0 227 0 96 255 0 0 255 255 255 255 255 0 67 255 0 152 255
    255 0 0 229 255 182 0 108 0 255 255 0 0 255 255 0 175 255 255 0 255
    0 255 255 0 255 220 223 0 0 0 0 255 255 0 0 255 255 0 255 255 0 0
    255 0 255 0 255 0 0 0 0 255 0 0 255 255 0 114 0 255 255 152 0 255
    255 255 121 0 255 255 0 255 255 0 255 172 234 246 0 255 0 0 0 255 70
    86 144 255 0 246 0 255 29 233 0 255 255 0 255 0 255 255 255 255 255
    0 255 0 0 245 0 255 0 213 0 0 0 255 255 0 255 0 0 255 32 0 0 255 0
    215 255 255 255 0 255 49 255 0 0 255 0 0 255 0 118 0 255 0 6 255 29
    0 0 242 0 255 0 42 0 255 0 255 0 255 0 0 0 255 255 255 0 7 255 102
    255 255 0 130 255 149 201 255 0 42 255 0 221 170 0 255 0 255 255 0
    255 255 0 255 255 0 87 255 0 0 255 0 255 0 255 255 255 0 0 255 255 0
    255 0 255 0 255 0 255 255 255 255 0 255 0 0 0 137 0 176 0 255 255 20
    186 0 255 255 0 255 0 0 255 0 0 255 0 255 36 0 255 0 255 0 255 0 255
    255 255 255 182 255 0 255 0 0 255 255 0 255 255 255 255 0 255 255 0
    255 255 255 255 143 71 212 0 255 155 0 189 0 255 0 0 255 0 248 0 255
    0 255 201 255 0 0 255 35 255 255 0 255 0 120 0 255 0 255 0 0 255 255
    255 255 255 0 0 255 0 255 255 0 255 0 255 255 0 90 255 255 0 124 136
    0 255 0 255 126 0 255 0 115 0 168 255 50 0 255 0 255 0 255 0 255 0
    255 255 0 161 0 255 0 255 0 0 0 255 0 0 255 0 255 255 255 0 0 0 0
    255 159 0 255 0 28 255 0 0 0 255 255 0 88 0 255 255 87 39 255 0 255
    16 255 255 255 255 133 194 255 244 255 9 255 0 0 255 239 135 0 0 0
    255 0 255 255 0 50 255 255 17 255 255 54 255 0 255 0 255 255 208 255
    147 255 255 0 255 0 255 24 0 250 255 0 40 116 255 19 255 0 0 255 56
    255 255 255 0 255 0 0 0 0 255 0 255 0 255 255 255 207 0 0 255 215
    255 0 255 80 255 198 255 255 0 68 255 251 82 0 255 0 213 255 255 226
    106 255 255 0 255 0 255 0 0 0 255 208 59 0 0 255 0 0 255 0 81 0 255
    255 0 0 255 255 146 0 255 0 0 14 0 51 179 255 0 255 0 255 0 0 255
    255 0 255 255 114 0 0 0 0 255 38 0 255 0 255 255 0 255 255 188 0 0 0
    0 255 0 0 255 0 255 0 255 0 255 221 255 0 92 184 0 128 255 0 255 255
    0 255 255 0 255 0 180 0 0 139 190 0 255 0 0 255 0 0 255 0 0 255 0
    255 0 255 0 255 32 166 0 164 157 0 255 255 0 255 255 0 255 255 0 0
    255 0 255 255 0 255 166 255 0 0 255 0 255 0 187 213 255 255 227 238
    0 0 255 182 0 189 0 255 11 0 255 0 255 255 0 255 0 255 0 255 255 255
    0 255 144 0 149 0 255 16 80 255 89 255 0 255 0 255 255 0 0 255 0 255
    0 255 200 255 0 255 0 255 0 255 222 224 0 255 255 0 0 229 255 0 255
    0 255 255 164 255 255 255 154 255 0 255 255 98 0 221 0 255 0 0 145 0
    255 0 0 0 0 255 0 0 255 255 0 0 255 0 0 255 0 0 255 0 1 255 0 255 0
    255 255 236 0 135 255 180 255 0 0 255 255 0 242 0 255 255 0 0 208 0
    149 255 85 255 0 255 0 255 182 255 255 0 126 255 0 0 0 23 0 0 0 255
    255 0 0 255 255 255 255 40 255 159 0 255 0 255 0 255 184 0 74 255 0
    255 114 255 255 185 0 255 125 255 0 0 255 0 255 255 0 51 255 183 255
    0 0 226 0 255 255 237 207 255 0 0 251 65 0 0 255 255 0 214 255 0 255
    0 255 255 0 255 255 255 255 0 0 170 255 0 255 98 255 0 0 0 0 255 0 2
    255 0 255 255 255 0 255 0 255 49 0 154 0 255 0 255 0 255 0 0 255 0 0
    255 0 0 0 0 0 0 255 0 255 232 0 255 255 0 255 0 0 212 255 0 255 255
    0 255 163 255 0 74 255 255 0 255 255 0 255 0 255 0 255 118 0 0 255
    147 54 0 0 122 0 0 255 231 0 56 255 0 255 255 0 0 255 63 247 255 0
    255 212 0 64 0 255 255 255 0 115 255 255 0 255 0 129 124 255 255 74
    165 0 255 255 226 255 255 0 0 255 255 0 255 255 255 227 0 255 0 0 0
    255 0 0 108 255 12 0 87 255 255 0 239 0 72 255 0 176 157 0 255 0 0
    255 0 255 212 244 0 255 0 255 112 0 135 255 114 255 26 255 255 0 255
    255 0 255 0 0 255 0 255 48 0 0 0 255 255 0 255 50 255 0 0 0 0 255 0
    255 0 255 255 0 106 0 255 0 47 255 86 255 0 255 0 255 0 120 0 255 0
    255 0 255 0 0 201 136 255 0 222 62 255 32 0 0 255 0 43 255 0 0 255 0
    255 0 0 86 106 255 255 0 82 255 71 80 255 0 0 255 225 255 115 0 0
    255 0 5 255 255 0 187 0 255 0 0 242 255 0 0 255 255 0 255 0 255 255
    239 255 0 255 108 27 254 255 0 0 255 255 255 0 255 0 255 122 0 255 0
    48 222 0 82 0 0 0 0 0 255 0 0 255 0 0 255 0 0 98 255 0 255 255 0 255
    0 255 255 255 0 127 255 0 255 214 255 0 242 0 255 0 0 0 255 255 0 0
    91 0 255 255 0 255 0 255 255 0 0 191 0 136 255 0 0 0 255 0 255 255 0
    0 255 31 255 0 255 130 255 255 0 0 22 255 0 255 0 0 255 255 165 0 0
    255 209 0 0 255 118 0 28 0 255 229 160 255 0 255 133 255 0 0 255 255
    0 0 255 255 255 255 0 255 0 255 0 255 0 255 255 0 0 255 0 67 255 255
    0 60 0 255 255 0 255 255 0 255 0 0 255 255 0 0 255 0 255 0 133 255
    255 0 110 216 255 255 117 255 255 0 255 239 0 192 0 255 171 0 255 0
    255 255 174 22 0 255 255 0 255 0 255 0 255 0 255 220 0 255 255 0 0 0
    255 161 0 255 22 255 89 255 255 0 255 0 255 255 0 255 18 255 233 255
    255 255 227 93 255 255 70 255 0 255 0 0 0 255 238 217 0 0 0 0 0 255
    0 0 0 255 0 180 0 0 255 0 66 131 255 255 255 0 0 0 255 0 255 136 13
    112 0 225 126 255 255 195 0 73 255 204 255 0 255 130 117 169 0 255 0
    0 255 133 255 0 35 215 0 255 0 255 255 255 0 255 0 255 0 0 0 245 255
    46 231 139 185 0 0 0 216 15 81 0 0 237 255 24 0 53 0 0 0 255 255 0 0
    255 0 0 0 0 255 0 255 0 255 0 255 0 163 255 39 255 0 255 255 136 0 0
    213 230 0 255 0 255 0 255 255 0 0 255 0 130 0 245 149 0 206 0 255 0
    255 0 95 0 255 0 48 0 0 0 255 0 255 255 255 0 255 0 5 0 201 0 0 0
    255 0 255 0 32 0 255 0 255 255 13 0 255 0 239 255 0 255 0 239 0 231
    239 7 34 0 255 255 255 255 0 0 0 255 0 0 85 43 0 7 0 255 255 255 0
    255 0 255 255 0 255 255 255 255 29 255 0 0 255 0 255 0 0 255 0 255 0
    255 255 0 0 0 151 255 78 0 0 255 0 255 0 216 0 255 0 255 0 255 0 139
    0 0 255 0 255 255 255 0 0 0 255 0 255 255 255 255 255 160 0 255 0 0
    0 0 255 255 16 0 123 0 255 0 0 255 238 0 243 0 255 255 255 0 0 255
    150 200 137 255 13 149 255 255 0 255 0 114 0 244 0 255 255 0 0 0 255
    255 0 0 255 251 158 255 27 255 0 255 0 0 0 0 0 255 116 0 255 0 0 255
    0 255 255 138 198 171 218 0 0 0 0 212 255 255 0 255 0 255 0 0 255
    255 87 255 0 0 255 0 255 179 0 0 255 0 255 255 255 0 255 0 180 0 255
    137 209 255 184 255 203 255 0 255 0 0 255 142 255 74 92 255 0 255 96
    255 0 153 0 0 0 0 169 0 255 255 206 255 255 255 202 228 0 0 255 255
    0 72 255 0 255 0 6 255 0 165 255 0 255 0 255 99 0 255 255 159 255
    255 255 0 255 0 255 255 0 255 0 255 125 255 0 0 0 255 255 0 0 255 0
    255 0 255 255 0 4 0 255 255 0 0 0 0 255 0 255 0 103 255 255 255 0
    255 145 0 255 255 0 0 0 105 255 255 0 0 34 0 255 0 0 0 255 255 0 255
    0 255 0 255 255 0 0 255 0 0 0 58 255 86 253 3 255 255 0 255 255 0 33
    255 224 0 255 0 129 255 255 0 0 255 0 0 255 0 0 0 255 255 0 0 0 175
    0 190 0 255 255 15 13 6 255 0 255 0 255 0 54 255 255 255 0 0 255 0
    255 255 0 255 255 255 255 0 255 32 0 0 255 0 20 0 222 91 255 0 34 44
    255 255 0 255 0 205 0 104 86 0 255 0 255 255 0 255 0 255 255 255 255
    0 106 255 248 255 255 255 0 0 0 255 255 0 0 237 0 255 0 255 0 0 0
    255 255 0 0 255 102 0 0 171 13 72 255 0 255 255 255 255 255 0 255
    255 0 255 246 152 0 0 0 255 0 255 0 250 108 255 0 255 0 255 20 255
    255 255 255 0 255 255 0 0 255 0 255 0 255 255 255 0 0 0 255 255 0
    255 27 34 255 0 255 118 255 255 201 255 255 114 0 255 0 140 255 0
    143 255 0 255 0 179 51 128 255 80 0 255 255 255 0 255 0 255 255 255
    255 255 0 0 255 255 157 255 0 204 0 75 0 175 0 109 119 255 0 51 0
    255 255 0 255 157 0 81 255 185 0 255 255 0 0 0 255 0 255 0 202 105
    56 255 255 0 255 255 1 109 255 0 255 0 88 154 169 255 255 223 255
    255 0 0 0 255 238 0 255 0 255 255 0 255 0 122 207 57 0 255 0 255 255
    0 255 90 0 255 255 255 129 3 255 0 255 0 255 128 0 241 255 0 255 0
    255 255 0 0 0 255 0 0 0 255 255 0 255 33 0 255 111 255 73 0 0 0 143
    255 255 255 0 29 97 255 133 255 255 0 0 0 229 102 255 255 12 255 255
    255 0 0 255 255 0 255 255 255 0 133 255 255 0 255 0 255 0 255 0 204
    176 108 214 187 0 0 0 255 0 0 0 0 255 0 255 0 255 0 255 0 255 0 255
    0 0 255 255 255 255 0 45 255 0 0 255 26 57 255 255 231 0 0 0 0 255
    255 255 0 255 0 0 202 0 255 160 255 0 70 255 0 0 0 0 255 255 255 0
    255 0 0 255 27 25 255 0 0 9 255 0 0 79 255 201 255 7 255 255 0 0 0
    237 255 0 0 0 255 255 0 255 255 185 0 0 255 118 255 216 48 10 20 255
    255 255 0 4 0 0 0 0 0 255 53 255 0 0 219 0 255 0 23 210 0 0 0 0 0
    255 255 0 0 78 255 255 0 5 155 160 0 157 255 255 138 0 255 25 0 255
    255 179 0 255 0 255 255 0 255 0 93 255 0 255 0 0 0 255 25 0 50 0 255
    0 0 255 171 0 52 255 107 0 0 255 0 0 255 0 255 26 0 0 67 0 0 0 143
    198 0 255 0 216 163 255 255 0 171 255 0 255 0 230 0 255 0 0 255 0
    184 255 193 255 0 144 0 255 0 0 255 255 0 186 255 172 0 0 0 255 0 0
    0 255 169 255 0 255 0 45 220 255 0 255 255 0 0 0 255 0 255 0 255 255
    0 255 255 0 255 255 0 255 255 0 227 0 255 0 0 255 0 255 37 0 222 255
    0 255 0 255 0 255 255 0 0 0 255 0 0 94 165 255 255 255 0 0 0 255 255
    0 255 0 255 255 0 0 13 0 255 255 255 0 255 0 13 255 0 0 0 255 255 64
    192 182 0 255 0 0 0 255 255 0 0 255 255 255 0 255 0 0 0 255 255 255
    0 255 0 255 0 255 0 0 145 255 0 255 255 63 255 0 255 0 255 255 0 255
    180 0 255 0 255 0 255 255 255 255 168 41 0 18 0 0 0 187 255 48 255
    255 0 155 22 255 255 243 0 255 204 255 0 165 255 0 160 255 255 0 255
    0 165 0 0 255 0 255 255 255 0 0 0 111 255 0 255 0 178 255 110 0 0
    255 255 0 0 255 254 255 255 173 255 255 0 255 202 255 156 255 255 0
    255 67 255 255 0 255 0 0 255 255 0 255 0 81 0 255 0 0 255 255 0 0
    255 0 0 0 255 83 188 0 193 101 0 255 211 255 0 0 78 252 255 0 255
    162 255 0 255 255 0 0 255 0 255 255 255 255 255 0 255 255 0 255 30 0
    255 0 255 0 255 255 0 255 0 255 255 0 141 255 68 0 255 255 0 173 255
    255 19 0 255 0 0 255 0 255 0 255 213 0 255 0 255 255 0 255 255 0 0
    255 255 239 255 255 255 0 255 0 0 15 255 0 0 255 148 0 87 255 34 0
    255 0 255 0 0 255 0 255 36 255 0 255 0 255 255 0 0 255 172 255 148
    255 34 255 255 77 255 255 0 0 255 255 0 255 53 0 255 0 255 64 0 0 0
    0 255 0 0 0 255 255 255 0 0 0 255 0 255 0 194 25 255 0 255 0 255 200
    0 246 255 67 94 255 104 255 0 0 0 20 255 0 0 255 0 0 255 255 0 255 0
    0 255 0 0 234 255 0 134 119 72 255 255 255 255 0 212 255 0 255 0 215
    255 94 255 0 0 0 255 0 189 210 255 0 0 255 255 255 0 0 204 0 0 0 0
    255 168 255 0 255 0 255 255 0 0 103 247 31 169 0 255 255 0 0 255 255
    0 255 255 255 255 255 0 0 255 0 165 0 255 0 207 255 0 96 245 21 255
    0 255 0 255 255 93 0 0 255 141 255 0 0 255 0 255 244 0 255 255 0 0 0
    255 0 0 255 0 255 255 255 156 255 0 0 0 255 0 255 0 255 133 57 114 0
    3 255 0 255 255 255 255 81 0 0 255 0 255 255 255 0 0 255 0 0 255 141
    125 255 255 255 0 255 48 147 0 255 85 0 0 0 255 0 143 0 0 255 255 0
    255 0 255 0 124 118 0 255 255 0 255 157 0 255 0 71 0 255 0 0 255 0
    255 255 0 0 255 255 0 255 255 0 255 0 255 255 255 255 0 0 0 255 0
    205 131 0 0 255 0 0 255 0 181 0 255 173 0 255 0 255 0 0 106 255 255
    0 255 253 0 0 255 0 0 255 0 255 34 0 255 255 255 255 0 255 255 255 0
    255 0 255 31 0 100 255 255 0 107 0 255 0 72 0 0 255 0 0 0 255 0 0
    255 0 255 255 0 255 0 0 49 255 0 255 0 255 0 0 0 17 255 255 82 255 0
    108 0 255 0 255 255 5 229 0 201 0 232 255 0 0 255 0 255 0 255 63 0
    255 255 255 255 0 255 225 0 31 0 255 255 255 0 0 21 0 255 255 0 255
    0 0 0 255 0 0 0 0 0 0 255 255 0 255 0 255 0 255 222 255 255 0 255 89
    0 255 0 0 255 0 0 0 255 180 0 255 0 255 255 0 0 0 255 0 255 255 107
    0 255 0 255 0 0 0 0 255 0 255 0 0 0 43 0 255 0 255 0 255 246 255 255
    0 255 0 255 0 60 255 0 255 0 81 0 0 0 0 172 255 0 113 0 21 0 255 0 0
    0 255 0 255 255 255 71 0 255 82 0 255 0 0 0 255 0 0 0 0 0 255 26 255
    255 0 255 0 159 255 255 0 227 0 255 0 255 14 49 255 255 0 234 51 255
    255 0 0 209 255 0 255 255 255 120 255 255 0 255 0 0 255 0 255 255
    255 114 0 255 255 0 0 0 255 255 255 0 35 0 0 182 255 0 255 255 255
    255 0 255 0 255 255 0 255 245 0 255 0 255 0 111 255 255 255 0 0 255
    0 255 0 255 0 0 255 0 0 255 255 255 0 176 0 49 0 0 255 255 255 255 0
    255 0 255 0 255 23 205 216 0 24 255 0 203 255 149 255 255 41 249 255
    0 0 255 255 0 255 255 166 255 255 0 0 255 255 162 255 255 0 255 190
    0 147 255 0 255 255 255 198 12 0 138 0 255 255 68 48 0 255 22 255
    255 121 0 142 0 0 255 0 188 199 33 255 0 0 170 255 0 0 0 255 0 0 0
    255 255 255 87 255 190 255 0 0 255 255 0 255 144 0 0 255 0 255 0 255
    255 0 255 255 0 255 0 255 50 255 0 0 255 255 0 255 0 255 255 0 162
    255 147 0 255 0 0 241 0 255 0 0 255 0 255 255 0 255 0 0 255 255 255
    0 78 255 0 0 0 255 175 255 0 255 0 255 187 255 0 255 0 255 0 255 0
    255 0 0 0 255 255 0 255 0 245 8 255 0 255 0 255 255 0 234 255 155 0
    195 0 255 255 255 255 0 255 0 255 0 72 0 255 78 255 0 0 0 0 255 0 55
    255 63 255 0 255 233 250 255 0 0 255 255 0 0 151 0 255 0 0 188 0 0
    255 255 44 0 255 255 0 255 255 255 0 0 255 255 0 255 104 197 0 255
    255 170 0 255 0 255 0 255 0 238 0 109 255 0 255 0 118 255 202 0 74
    255 0 0 255 12 255 0 0 255 0 255 208 0 255 0 0 86 255 0 255 0 255 0
    100 157 238 255 0 255 0 248 0 255 255 0 255 0 255 255 0 255 0 255
    255 79 255 255 0 255 194 171 196 255 138 0 255 0 0 255 0 255 0 255 0
    253 255 255 13 0 0 255 0 77 0 0 150 255 255 0 255 0 0 22 255 255 65
    0 228 255 208 0 0 255 0 255 55 0 255 72 255 0 0 146 0 0 0 0 0 136 0
    248 255 0 0 255 255 255 255 0 255 78 0 255 0 70 0 0 0 0 255 255 217
    255 0 255 0 255 150 19 255 0 0 255 0 174 255 0 255 255 30 109 255 0
    95 240 0 255 205 0 255 0 0 190 255 0 0 255 0 0 0 255 255 30 255 0
    255 255 2 255 255 0 255 0 255 0 0 255 0 0 84 112 255 255 0 151 0 255
    0 255 0 154 255 0 0 89 255 143 0 255 0 7 255 184 255 0 255 255 255
    255 0 0 53 255 0 0 255 255 0 0 34 255 127 0 72 0 255 0 0 10 255 31 0
    255 255 182 255 0 0 255 53 0 255 0 255 255 137 81 0 255 255 233 0
    255 0 255 0 255 0 0 155 255 0 255 0 255 255 76 255 0 255 196 0 255
    228 0 227 0 255 255 0 255 0 255 0 221 255 0 0 255 0 0 255 0 255 0
    255 255 1 151 0 255 0 255 0 54 0 255 0 255 255 0 0 0 29 0 234 0 213
    9 255 196 7 0 255 0 255 255 255 0 255 255 0 69 255 0 255 0 255 218
    255 0 255 0 238 255 0 164 77 255 0 0 2 255 0 255 5 255 0 0 255 0 255
    0 0 234 255 210 255 255 255 0 11 255 173 255 0 255 0 0 255 0 255 255
    0 136 0 255 0 0 255 255 0 0 0 255 0 28 0 59 255 0 255 0 0 0 0 255
    255 0 255 0 255 0 255 0 255 102 110 0 0 217 255 0 22 0 255 0 0 61 0
    0 255 0 0 255 0 255 64 0 255 255 255 0 0 165 220 0 108 255 0 0 0 255
    0 255 159 48 255 255 0 255 245 171 0 255 255 0 0 236 255 255 38 208
    0 189 174 0 255 255 255 0 56 255 41 255 0 255 255 0 255 0 95 54 0
    215 255 0 255 147 0 182 255 0 0 255 0 0 8 20 255 243 255 255 188 255
    167 255 255 255 31 0 138 255 2 0 255 0 255 0 183 255 0 186 0 0 255 0
    255 0 255 143 0 249 0 163 255 255 255 0 255 0 77 255 0 255 255 129
    255 218 255 141 255 232 255 0 255 0 205 255 255 0 255 0 114 255 0
    255 84 0 0 0 0 0 251 0 0 255 255 185 187 255 0 0 0 255 50 0 0 0 0
    255 255 0 255 0 255 34 106 0 255 255 0 255 222 0 0 255 0 0 248 255 0
    0 139 0 255 0 255 0 0 41 77 2 0 0 0 255 0 255 0 161 0 0 255 255 0 0
    255 255 239 0 255 255 0 255 0 46 0 0 255 0 255 0 0 0 0 255 255 0 196
    0 255 0 255 255 0 255 48 10 255 255 204 255 255 255 255 0 0 255 34 0
    255 0 0 255 0 135 255 0 0 255 172 5 0 255 255 0 255 0 0 255 103 0
    190 0 0 255 255 117 0 255 0 255 255 239 195 0 67 255 0 255 111 255 6
    0 255 204 0 255 0 0 255 0 33 66 255 0 0 75 255 0 255 0 0 255 255 154
    42 0 255 255 0 255 255 0 0 172 255 0 255 75 255 0 0 255 255 138 255
    226 0 0 0 255 255 69 255 0 255 0 255 255 255 0 255 255 0 0 255 0 46
    255 0 0 255 243 0 0 255 0 255 0 0 255 0 216 0 0 255 0 0 255 0 0 255
    0 255 0 85 255 0 255 193 0 0 243 255 255 255 255 0 0 179 0 35 0 255
    255 0 235 255 0 57 255 181 255 0 255 0 244 255 0 0 255 255 109 39 0
    0 0 0 255 255 0 0 255 0 0 255 243 0 255 0 255 0 0 255 255 0 255 255
    255 0 255 186 0 255 255 255 255 255 255 185 160 0 0 0 226 84 255 0
    255 0 28 255 255 0 255 0 0 255 255 255 0 255 255 255 143 0 255 77 0
    255 0 155 255 0 0 0 0 0 0 0 255 255 0 255 255 255 0 255 22 90 255
    255 88 0 255 255 0 105 98 255 0 207 112 255 0 255 0 255 0 0 255 0
    115 255 255 255 0 255 255 255 255 217 15 0 250 255 0 158 255 255 0
    255 255 0 255 255 0 0 255 0 192 0 255 0 255 0 255 0 0 0 255 255 163
    0 0 255 0 0 255 0 0 255 122 0 255 0 255 123 0 0 255 0 0 255 255 0 0
    255 15 179 255 0 255 0 0 255 0 255 0 145 255 255 223 255 13 0 255
    255 0 0 255 0 67 0 0 229 178 255 122 255 171 255 0 255 255 36 255
    255 0 255 255 235 255 0 0 255 0 255 0 255 0 0 255 0 255 0 233 255
    255 0 255 0 142 255 255 255 0 255 0 255 0 255 0 0 124 255 0 0 255
    171 255 71 121 255 0 0 131 255 0 255 0 255 0 255 0 255 160 255 0 0
    255 255 0 0 169 255 0 234 0 219 0 255 0 0 255 255 156 0 255 0 255 0
    255 0 0 255 0 255 235 0 0 255 0 0 255 0 81 255 0 12 255 0 217 255 37
    0 217 0 160 0 255 255 42 0 255 255 0 0 0 255 0 0 0 0 255 0 47 0 0 0
    0 255 255 137 158 0 0 255 0 255 0 255 255 0 255 255 49 215 255 0 0
    250 0 255 0 255 0 252 0 0 255 0 0 0 255 0 141 255 0 255 0 0 255 255
    71 0 89 255 0 255 0 255 255 255 0 255 182 234 12 0 255 0 255 255 0
    255 255 63 255 0 255 0 0 255 1 255 0 255 0 255 0 255 62 214 0 0 0
    255 255 0 0 109 25 0 255 125 255 255 0 171 0 70 255 255 0 0 255 255
    0 0 211 196 0 255 0 0 0 0 188 0 219 255 255 0 0 232 31 60 255 255 0
    255 177 255 255 0 37 131 0 99 0 255 0 131 146 0 0 255 0 0 0 255 0 15
    238 107 0 204 255 255 0 134 0 255 0 255 255 104 0 204 0 0 255 0 255
    255 0 0 37 0 255 0 0 0 77 255 0 255 217 198 0 255 0 255 0 255 0 255
    0 0 0 0 0 0 255 0 63 255 194 255 255 0 0 194 0 255 255 255 255 0 0
    255 0 255 36 255 0 0 255 0 255 255 255 189 0 0 157 255 0 255 137 0 0
    255 136 0 160 0 255 0 0 255 255 255 255 0 255 0 229 0 255 255 0 0
    255 0 255 0 94 0 255 216 129 0 0 255 0 255 218 0 0 255 0 255 255 0
    255 255 255 6 255 255 255 0 0 0 255 0 228 255 216 0 243 255 0 118
    255 0 0 0 255 0 45 0 91 255 0 0 22 255 0 255 0 0 255 0 61 255 255
    103 30 194 5 0 255 255 0 255 0 255 205 219 255 0 0 255 0 184 255 0
    255 0 0 255 255 0 232 255 0 48 255 0 0 255 0 255 0 0 0 155 255 42 0
    158 182 0 252 255 0 231 50 163 0 255 0 0 219 126 0 0 146 120 255 20
    255 0 255 0 32 0 255 255 0 0 255 255 143 0 255 255 96 0 0 255 255 0
    255 255 255 0 0 255 0 65 0 0 255 255 255 0 255 0 0 157 255 255 255
    255 140 255 0 0 255 255 0 255 0 255 89 255 0 0 208 14 0 255 255 0
    255 96 255 117 0 255 0 255 0 255 0 255 0 255 0 255 0 255 248 0 152
    255 0 41 255 65 0 255 255 0 0 255 140 255 0 255 58 17 0 255 201 255
    221 255 0 0 0 255 0 0 255 0 0 255 0 0 255 253 0 255 255 0 0 0 255 0
    255 227 0 92 0 18 245 0 0 0 151 255 255 0 255 255 0 0 156 255 0 255
    120 0 245 255 0 255 255 0 255 0 0 255 146 0 255 0 255 39 255 143 0
    255 255 0 227 0 255 255 0 255 0 99 255 255 0 0 162 37 255 229 241 0
    255 255 0 135 255 0 255 255 107 255 255 255 0 255 0 255 100 0 167 61
    255 211 43 255 0 55 255 255 122 0 255 204 255 117 255 255 170 255 0
    117 255 0 66 255 0 255 255 255 255 0 0 48 3 255 255 0 255 2 245 255
    0 255 0 255 255 255 184 134 255 0 255 0 255 248 0 255 0 0 0 175 30
    255 0 255 0 255 255 0 255 0 255 0 96 255 255 0 255 0 255 255 0 42 0
    255 48 130 255 0 255 0 29 255 0 92 0 119 255 255 0 99 127 255 0 255
    144 255 0 0 255 0 255 0 0 0 255 255 0 0 255 4 0 0 255 0 255 0 242
    242 255 0 0 255 255 0 0 0 126 144 225 255 37 0 255 0 255 37 0 0 0 0
    255 198 0 255 0 255 0 255 0 255 0 255 0 72 255 0 0 255 255 255 54
    255 0 0 255 0 255 0 255 255 255 235 255 104 0 255 0 0 0 255 255 255
    255 0 255 0 0 0 255 0 255 255 255 0 255 0 255 0 0 255 0 255 0 0 255
    255 0 255 0 0 0 255 0 127 255 255 127 0 255 255 0 255 0 141 0 255 0
    226 255 0 255 0 41 255 0 0 255 0 255 0 255 255 0 255 0 0 55 4 35 0
    255 255 7 255 0 255 0 0 255 0 0 26 255 0 255 0 255 255 7 0 255 129 0
    235 255 216 235 0 0 223 30 255 0 211 255 0 255 0 255 0 51 0 255 240
    255 255 0 255 0 255 255 208 255 130 32 255 255 0 116 0 0 38 65 185
    45 79 0 255 0 123 255 255 0 255 19 255 130 0 255 0 255 255 0 255 0
    255 0 255 0 0 255 0 255 122 74 255 255 172 187 0 255 0 122 255 0 124
    0 255 0 0 85 255 255 255 0 0 19 83 255 255 241 255 0 0 229 84 255 0
    218 0 255 0 0 0 0 255 255 255 0 255 255 103 255 255 255 255 79 168 0
    255 0 255 0 0 0 0 255 52 0 11 12 255 255 234 0 0 0 0 255 0 53 0 0
    255 0 255 0 0 255 255 0 255 255 255 255 0 147 116 255 0 0 255 0 255
    0 255 0 0 86 255 0 255 255 0 128 0 255 0 255 255 222 0 96 255 0 255
    255 0 255 0 0 0 255 0 255 0 255 0 244 0 255 29 255 0 255 0 0 255 255
    0 255 255 232 0 255 0 255 0 255 45 251 106 12 155 255 0 0 0 0 56 255
    0 255 255 0 255 117 35 125 0 255 255 255 0 0 255 0 126 255 0 173 255
    0 255 255 0 205 0 255 0 0 39 0 0 32 255 0 255 255 0 126 255 180 102
    255 0 0 255 255 0 255 0 89 255 25 0 41 255 190 25 0 0 255 255 95 255
    158 16 87 255 0 0 208 255 163 127 0 255 0 255 0 255 27 255 0 0 255
    255 0 255 169 77 173 255 255 0 0 0 0 255 255 0 255 12 255 0 0 221 0
    255 0 255 255 0 255 255 255 0 255 255 255 255 0 255 255 219 203 250
    0 255 0 16 255 0 255 0 255 227 255 0 0 255 0 255 255 19 255 255 255
    0 255 170 255 255 255 255 0 171 0 0 255 0 176 255 255 0 0 255 255
    255 255 0 255 0 0 0 44 255 255 0 255 249 0 0 255 207 255 0 255 222 0
    255 223 255 0 0 255 0 181 255 0 255 0 0 255 255 4 0 255 0 255 95 0
    255 0 0 227 255 0 110 157 255 0 0 255 255 255 0 255 255 0 255 255 0
    255 0 255 0 19 236 0 128 0 255 255 0 255 0 255 230 0 107 0 255 255 0
    0 0 255 255 255 0 255 147 255 255 0 0 255 255 0 255 215 255 255 255
    255 68 255 0 255 255 255 0 255 18 3 255 0 255 0 0 68 145 238 255 51
    255 255 0 255 0 4 255 255 121 0 229 255 0 255 255 0 255 255 255 0
    255 255 255 255 255 0 0 255 0 255 0 0 52 0 53 255 105 255 255 0 0 0
    0 0 96 255 185 0 0 255 255 0 255 0 255 0 255 0 158 12 255 255 255 0
    255 0 255 187 0 255 105 0 255 0 0 255 0 255 0 204 38 0 226 255 0 255
    0 255 0 255 54 0 255 255 255 0 255 0 255 255 0 255 0 0 0 175 0 255 0
    255 0 255 18 255 255 255 0 255 121 255 123 0 0 0 255 0 255 0 255 255
    161 255 255 0 255 0 255 0 255 255 0 255 255 0 255 255 38 154 69 255
    0 251 64 0 255 0 255 255 0 242 143 255 255 0 255 255 255 213 255 255
    202 255 255 255 255 27 0 255 0 255 0 255 255 0 0 196 0 0 226 181 0
    89 0 255 199 0 255 0 255 255 255 255 0 143 186 255 255 255 0 255 0
    255 142 0 205 255 0 255 0 14 67 255 255 0 255 0 255 255 0 181 0 0
    253 191 255 0 0 74 210 0 0 251 208 0 116 203 255 0 255 0 255 0 255
    209 255 0 255 19 0 78 220 255 0 0 255 255 225 78 0 255 0 255 250 0 0
    176 0 0 0 255 12 255 0 0 255 0 188 201 255 231 255 0 0 0 0 255 255 0
    0 255 135 137 76 0 255 138 199 0 255 0 21 124 255 0 255 0 255 255 0
    255 0 134 255 0 161 190 0 255 255 49 255 0 255 0 255 0 255 0 0 255
    255 0 255 255 0 0 0 119 0 0 255 165 0 220 108 64 165 0 255 0 132 0 0
    255 216 45 164 0 12 0 255 0 36 0 255 0 0 255 9 255 0 163 190 106 0 0
    255 0 255 47 0 0 0 255 50 0 255 0 255 0 255 0 15 197 255 0 255 255
    255 0 0 255 0 0 24 255 255 255 0 255 0 255 152 0 0 0 255 155 235 0
    87 0 255 0 255 13 10 255 0 255 0 0 155 16 0 0 39 255 0 47 224 255 0
    0 0 255 0 0 255 255 255 255 0 0 50 255 255 0 0 255 0 255 0 0 255 0 0
    255 0 255 0 255 0 0 255 0 138 255 255 255 16 255 0 255 212 240 201
    255 0 255 171 33 0 255 0 255 0 255 255 0 15 255 0 0 0 0 13 0 255 255
    207 0 255 255 0 255 0 0 255 255 0 255 0 200 255 0 219 185 255 139 0
    145 91 255 42 255 164 0 78 91 255 1 0 255 0 255 12 255 0 255 0 0 255
    255 0 255 216 0 0 255 0 76 255 0 0 255 117 0 0 14 255 138 255 0 255
    255 0 0 255 255 255 0 255 255 218 0 255 255 0 255 255 255 0 255 20 0
    0 199 255 0 255 0 219 0 32 65 255 255 0 179 0 0 255 0 255 0 255 0
    255 0 0 0 255 0 255 0 255 0 255 255 255 123 255 94 255 255 255 83
    255 0 0 255 0 139 94 255 0 0 255 93 0 128 255 255 0 255 0 255 255
    248 255 0 255 0 0 197 255 129 255 0 255 255 0 54 0 100 255 0 255 255
    0 0 78 255 31 0 255 0 108 0 0 255 229 45 255 0 255 255 255 255 105
    61 255 255 31 0 0 255 226 255 255 74 255 255 0 255 255 255 255 0 0
    255 217 255 0 255 110 0 40 255 101 255 0 0 0 240 255 0 255 0 0 255
    83 0 255 0 66 0 221 189 0 255 0 0 0 255 255 0 255 64 255 255 255 255
    0 0 255 227 0 0 255 31 255 0 255 0 255 242 168 218 255 117 255 255 0
    0 255 255 255 255 255 52 235 255 0 255 0 0 255 0 255 0 255 255 255
    255 103 0 255 0 255 118 0 114 255 95 255 171 0 255 255 191 255 0 0
    255 0 255 255 58 0 131 151 255 0 255 0 250 255 14 0 255 0 255 255 0
    0 255 0 255 0 0 255 0 255 255 0 0 255 255 255 255 0 255 134 0 232
    255 218 0 255 0 0 255 0 0 3 255 255 163 0 57 0 255 0 0 255 0 0 143
    149 0 235 0 189 255 255 82 39 0 255 0 255 0 0 255 255 255 255 111 57
    255 255 0 0 255 0 1 0 255 255 183 0 255 114 210 0 255 252 255 255
    255 0 255 249 0 0 35 0 98 255 255 255 0 255 0 13 0 255 0 255 255 255
    0 0 0 0 255 0 255 0 0 255 182 0 255 0 45 0 255 255 0 0 0 255 15 255
    0 255 255 0 244 0 255 255 0 0 0 255 0 255 255 0 0 0 255 196 142 255
    0 0 0 172 255 255 0 255 0 255 255 0 255 0 159 0 68 153 32 0 255 255
    0 255 0 255 255 29 0 0 255 255 0 157 0 0 0 0 255 0 255 255 202 255
    98 0 0 23 0 0 255 255 0 255 0 45 255 255 0 255 0 202 255 0 255 0 255
    0 255 150 0 255 37 255 145 0 255 255 140 255 0 255 0 231 255 255 79
    0 0 255 255 0 255 110 0 0 114 255 178 255 75 255 255 255 255 0 0 255
    255 255 255 215 0 255 0 0 0 0 255 0 0 216 255 255 0 255 0 0 159 255
    0 0 255 83 0 0 0 118 255 0 243 31 0 255 0 255 0 245 81 255 0 255 255
    0 103 255 0 255 255 0 255 216 0 255 0 0 255 106 0 255 255 129 130
    255 255 255 79 0 255 0 0 255 23 98 0 171 0 0 0 255 0 114 255 0 255 0
    0 174 0 0 255 39 255 0 255 255 0 255 255 119 255 255 0 102 38 0 255
    0 255 255 0 255 0 255 255 0 255 255 75 0 40 255 62 255 104 0 59 255
    255 255 0 0 0 255 255 0 0 255 255 219 0 0 68 255 0 0 0 0 255 122 125
    255 0 0 148 0 171 0 60 255 255 0 255 0 0 136 0 0 255 0 183 0 255 170
    255 255 255 0 0 255 255 0 255 255 0 255 0 183 0 0 255 0 255 0 78 255
    0 0 255 0 255 0 99 0 0 0 255 255 151 255 255 255 0 255 0 0 255 255
    255 255 255 255 0 0 0 255 255 82 0 255 0 117 0 240 255 0 197 0 255 0
    255 6 76 175 58 255 14 254 255 0 0 0 0 255 0 0 127 0 255 0 255 237
    255 255 0 0 90 255 84 0 0 255 0 55 255 0 255 255 0 255 255 191 255 0
    0 255 0 255 0 231 0 255 0 0 21 0 255 255 0 0 0 0 255 34 0 255 0 160
    255 0 103 47 255 0 255 0 0 255 0 234 104 0 255 109 0 255 255 164 255
    211 255 0 255 255 0 0 255 255 0 0 133 255 255 255 0 0 0 255 0 252
    255 0 255 180 0 82 76 0 255 79 0 154 0 255 255 0 255 247 0 0 255 0 0
    0 0 24 255 0 255 0 255 235 0 0 255 0 255 0 255 72 255 0 255 0 0 0
    255 163 255 0 0 143 250 255 0 0 255 0 255 0 255 0 255 255 255 0 0 0
    0 255 255 255 255 0 255 255 0 255 0 53 255 0 0 255 0 0 0 255 0 0 207
    56 255 255 0 255 54 255 255 212 13 255 0 0 255 0 0 255 88 255 0 0 42
    105 255 0 255 0 0 250 0 255 0 255 0 0 0 255 0 255 255 14 0 255 0 0 0
    255 0 255 0 74 255 0 185 57 255 0 255 189 0 0 255 160 0 255 0 255 0
    0 255 255 255 0 255 0 255 255 255 255 0 11 0 250 255 255 255 0 255 0
    255 255 0 0 255 0 0 255 0 181 0 255 195 0 255 0 255 255 255 0 0 255
    166 0 177 255 0 255 41 255 0 255 0 255 0 199 0 178 255 0 0 0 255 0
    255 0 234 0 255 59 77 54 0 255 0 255 0 0 255 255 234 255 255 255 0
    255 255 0 0 255 99 255 0 255 255 0 255 255 0 255 177 80 255 21 0 255
    0 255 255 104 171 0 255 12 31 255 0 120 0 255 0 255 0 255 0 255 0
    252 0 0 255 71 0 255 0 216 0 0 255 0 255 0 44 0 255 0 255 23 0 0 255
    0 255 255 0 255 0 255 0 255 0 0 255 255 0 0 1 255 0 0 255 54 255 0 0
    255 95 153 85 0 255 0 255 44 143 255 0 255 255 0 166 0 255 0 0 0 0
    72 0 255 0 0 255 92 0 255 255 185 255 0 131 241 92 255 0 255 255 84
    255 0 0 255 0 0 255 0 0 0 255 0 255 255 179 22 255 0 223 255 0 0 255
    0 255 197 255 0 255 255 160 13 255 255 255 0 0 255 0 0 0 255 0 255 0
    255 0 108 0 255 255 241 0 255 0 255 255 0 163 0 255 255 255 255 74
    255 0 142 29 255 0 255 0 255 255 0 221 181 106 177 0 255 182 0 0 0
    134 0 255 0 255 251 255 208 255 210 0 255 255 0 255 255 163 0 255
    137 255 255 0 31 255 0 0 0 255 0 255 255 0 0 21 239 82 0 0 255 255 0
    255 0 255 0 255 0 255 255 0 255 0 141 25 0 255 5 255 0 0 255 0 0 0 0
    221 255 2 0 42 0 255 0 48 255 255 0 255 247 255 0 63 255 0 255 0 229
    255 0 0 255 255 0 255 187 255 255 0 67 255 255 0 0 0 0 0 0 222 255
    255 0 0 255 202 182 63 112 255 0 255 0 123 255 0 255 0 143 0 0 255
    103 0 0 255 0 255 0 255 0 255 0 255 0 255 0 255 0 255 0 255 0 202
    255 0 0 255 0 0 0 255 255 255 135 0 43 224 0 255 255 126 202 45 0
    189 0 255 0 255 173 226 0 8 0 0 255 0 255 0 255 255 255 0 255 0 0 0
    40 255 0 0 255 97 255 225 0 0 255 255 255 255 0 255 255 0 219 39 0
    255 0 0 251 0 92 255 0 255 255 0 0 0 0 0 255 255 0 255 0 255 255 137
    0 255 0 0 0 255 255 0 28 0 255 255 0 255 255 0 40 0 0 255 0 255 255
    255 255 0 255 0 255 255 45 188 0 255 106 0 255 0 211 0 136 92 0 255
    0 0 255 255 133 0 0 255 255 255 58 0 255 255 0 0 255 255 255 255 0
    255 0 112 255 255 255 0 255 0 200 0 0 255 0 0 241 0 0 221 255 0 255
    255 0 255 52 0 0 255 255 0 0 255 0 0 255 103 68 211 180 255 255 0 0
    236 0 161 255 0 0 255 55 255 255 0 255 0 253 0 0 0 255 99 70 0 255 0
    255 0 56 255 255 0 255 255 255 255 255 255 0 0 255 85 255 0 255 219
    255 0 200 255 119 142 255 0 246 0 255 255 0 136 255 255 0 0 0 255
    255 255 0 255 0 0 0 255 255 92 148 0 32 224 255 0 0 144 255 255 0
    255 0 0 255 255 0 0 112 255 0 0 0 0 255 0 0 36 255 11 168 255 0 255
    255 167 0 255 0 0 255 0 0 0 255 0 0 78 255 0 255 255 255 255 0 255
    171 0 255 0 65 0 255 255 255 0 0 65 75 105 0 255 0 0 255 255 207 0
    255 0 255 0 255 255 255 255 231 255 0 255 19 0 255 255 0 27 255 0 0
    255 0 255 255 0 255 0 243 0 0 255 0 0 0 255 255 255 255 27 255 0 0 0
    0 255 0 0 255 255 0 0 255 152 0 255 0 0 0 255 0 255 255 255 0 137 0
    0 255 255 255 22 255 0 255 255 255 0 42 255 0 255 160 255 255 4 0
    255 131 0 0 0 119 255 110 0 232 255 0 255 0 163 255 0 255 240 77 255
    0 255 39 208 0 0 255 0 114 255 255 0 255 0 22 0 255 188 0 255 0 255
    255 0 255 0 0 90 255 0 255 0 255 0 255 80 255 164 0 17 0 255 0 0 180
    255 0 255 255 255 0 255 0 161 255 255 0 255 255 0 0 0 255 0 255 0
    163 0 0 255 255 0 0 27 0 255 0 255 211 0 0 183 255 0 255 0 255 255
    255 0 255 255 232 0 0 255 255 255 0 255 255 0 12 0 109 255 0 0 85
    147 172 255 178 0 0 255 0 0 255 255 180 0 255 0 255 255 51 84 0 255
    0 151 255 255 0 255 255 124 168 147 255 0 0 255 0 255 17 86 255 255
    88 0 255 0 255 0 3 0 255 0 255 255 0 89 255 148 0 255 200 0 0 255 0
    0 162 255 0 255 0 0 255 0 228 0 0 0 0 22 255 255 113 255 255 0 0 255
    0 0 255 255 0 0 0 81 255 54 255 255 214 0 0 255 0 255 255 255 0 164
    0 255 170 0 255 0 255 255 0 0 255 255 58 0 0 255 131 0 255 255 255
    255 255 0 0 56 19 209 255 0 255 0 0 46 0 255 255 0 255 255 0 255 255
    93 232 255 0 0 0 255 0 255 0 174 255 36 255 0 0 0 174 1 255 102 255
    0 0 9 255 255 255 11 0 29 255 0 0 0 255 255 155 255 255 0 255 24 0
    255 0 0 255 255 83 0 255 255 0 255 255 255 124 108 0 166 255 117 255
    255 245 255 0 201 255 0 255 0 0 62 255 0 0 255 0 123 0 119 19 255 0
    255 255 57 255 0 0 255 0 59 0 6 255 255 0 255 0 48 255 0 240 255 0
    255 255 0 255 0 0 0 255 0 255 76 244 255 255 0 0 255 0 146 0 207 67
    255 255 0 21 224 0 0 255 101 61 0 0 134 0 255 0 0 249 49 185 0 157 0
    255 17 0 255 255 138 255 0 255 0 255 0 0 255 42 0 255 0 255 0 255 0
    255 0 255 0 255 0 255 255 0 255 255 0 0 170 188 255 0 255 0 255 0
    130 255 0 0 0 22 255 0 223 255 255 0 255 0 252 90 255 216 0 255 255
    0 255 221 0 255 0 113 255 0 65 255 255 0 255 255 0 255 0 0 255 255
    255 56 255 0 255 0 0 52 0 0 255 0 255 255 0 255 88 0 255 139 0 209
    123 0 255 0 0 255 3 255 255 81 255 0 255 0 30 255 181 255 255 96 255
    0 255 0 255 255 106 255 112 255 0 131 0 0 9 0 0 255 80 0 255 146 0
    255 59 0 255 227 0 255 255 77 255 255 0 0 0 0 255 255 0 255 0 167
    255 0 255 0 0 0 0 255 0 255 0 152 0 255 0 86 255 255 255 0 255 139
    255 255 255 0 0 235 0 0 255 255 0 255 255 0 255 0 255 0 190 0 0 0
    255 65 255 0 161 255 122 0 255 0 255 0 174 255 255 255 0 0 0 255 100
    155 139 172 255 80 0 255 255 0 255 255 255 0 255 0 217 255 48 255 0
    0 255 0 0 0 0 255 0 255 255 0 0 255 0 0 94 0 255 0 255 0 255 0 255 0
    255 255 0 255 0 255 255 0 255 255 0 255 251 0 0 26 0 255 255 0 43
    255 93 0 255 0 255 255 0 255 0 255 141 0 214 255 0 255 0 255 0 0 255
    255 0 255 0 0 217 0 0 0 255 255 255 0 255 255 138 0 41 255 255 255
    209 255 0 255 247 154 0 229 255 236 255 0 255 0 0 255 52 0 255 255 0
    149 255 255 255 0 0 255 0 33 255 0 255 0 0 0 177 255 255 220 131 255
    0 0 255 0 0 255 255 0 0 126 0 255 0 0 0 255 255 0 255 0 255 94 0 255
    208 0 255 93 0 0 0 255 255 255 0 0 255 0 255 0 0 255 255 0 29 71 84
    0 255 0 255 0 0 0 70 0 0 0 0 255 85 0 255 0 125 255 0 255 0 255 5
    255 255 255 0 255 71 255 0 255 255 0 255 255 0 0 255 83 63 255 98
    255 148 255 0 103 0 0 255 0 0 255 255 120 193 0 255 0 0 0 255 255 0
    255 0 0 0 0 255 176 0 255 0 255 0 255 0 255 23 0 255 64 0 255 0 255
    255 0 255 255 0 0 255 255 255 116 116 255 255 255 255 0 255 105 160
    0 22 206 0 84 255 0 255 177 0 64 255 13 1 0 0 0 255 32 42 224 0 181
    255 0 0 137 0 255 228 255 255 0 0 255 32 0 255 0 255 0 0 252 255 81
    177 255 0 0 0 255 182 0 255 0 0 0 0 255 255 0 255 0 0 255 0 134 0
    255 0 235 0 255 255 0 255 153 5 106 0 255 59 0 0 255 0 0 147 0 0 255
    228 55 255 0 255 65 0 0 255 252 192 16 0 255 255 58 0 255 0 0 255
    255 255 99 255 0 255 255 0 255 56 255 255 0 255 0 89 255 100 181 56
    255 69 70 0 166 55 0 0 207 255 0 0 255 0 169 208 255 255 0 0 255 255
    200 0 255 103 255 255 0 0 95 82 0 45 255 66 0 255 66 0 84 0 0 255 0
    208 255 0 40 75 255 0 255 118 251 0 255 0 153 0 255 0 21 255 122 255
    255 0 255 0 0 4 99 0 255 49 148 255 0 109 255 255 0 49 255 255 0 255
    0 155 255 154 255 255 0 255 255 0 0 0 255 0 0 255 0 122 255 0 119 0
    255 0 225 0 255 126 186 207 0 255 0 255 255 255 255 57 0 255 0 0 255
    0 0 255 0 255 190 255 0 255 255 245 69 255 243 255 0 0 255 255 137
    255 0 255 0 255 93 255 0 0 255 0 0 0 255 255 211 157 0 252 255 213
    255 0 255 220 0 0 255 0 0 0 0 255 0 145 255 255 0 255 255 255 200 0
    0 137 0 0 255 0 255 0 0 255 0 255 0 255 22 255 0 255 0 157 0 255 255
    0 0 225 255 255 255 0 0 255 0 255 0 255 255 0 255 0 255 255 0 255 33
    0 0 116 0 0 255 255 155 0 255 0 255 164 0 0 63 197 0 255 18 0 255 8
    255 225 0 0 255 0 255 0 255 255 0 0 255 125 255 0 222 255 255 255 0
    0 255 0 0 255 0 225 0 255 0 255 0 0 255 255 0 180 255 0 255 36 255
    255 0 62 0 255 5 0 255 0 0 249 0 255 255 0 255 0 0 28 255 0 255 255
    68 255 255 0 0 36 255 0 0 0 255 0 0 255 0 255 255 0 253 255 0 255 0
    231 255 0 255 255 255 0 255 255 255 255 125 255 120 52 80 255 127
    255 255 255 178 0 255 255 255 0 0 255 0 255 0 51 255 232 255 0 0 0 0
    255 0 237 255 25 0 0 255 0 0 255 255 0 255 0 255 0 102 0 0 126 255 0
    255 255 200 255 255 118 248 0 255 0 255 249 255 0 0 255 0 255 60 255
    184 255 255 255 255 0 0 255 255 139 0 255 167 0 255 0 154 255 173
    188 7 0 255 36 0 255 0 0 255 37 0 154 255 0 255 0 192 0 255 0 255 0
    0 255 0 102 255 0 255 0 39 244 0 139 0 255 255 169 0 161 145 255 0
    255 255 233 0 255 0 255 255 155 0 193 224 0 0 255 255 106 0 255 0
    255 28 142 255 0 131 110 255 0 214 255 0 255 255 255 0 81 0 0 191 0
    0 255 255 184 255 0 0 255 200 255 66 255 42 105 255 0 255 255 255
    255 255 0 0 255 255 0 255 0 255 255 0 255 255 0 255 0 0 0 0 0 255
    129 168 255 0 0 255 50 255 0 255 255 0 255 255 255 0 255 255 0 255 0
    0 255 0 0 255 0 255 0 11 0 97 0 255 0 198 0 255 0 255 109 0 255 0
    140 0 0 255 0 255 255 6 232 255 0 142 0 0 0 255 34 92 6 0 255 62 255
    0 0 0 255 0 0 203 255 255 122 255 255 0 255 242 0 187 255 159 255 0
    0 0 255 56 49 255 0 255 10 255 0 0 255 0 255 0 255 255 0 255 0 255
    255 0 0 255 0 0 255 93 0 0 0 255 0 255 0 0 255 122 0 255 255 0 0 254
    0 255 0 255 255 160 255 0 255 0 255 255 255 0 255 0 255 0 0 255 0
    160 0 255 0 255 31 255 0 14 255 0 154 255 151 0 255 0 0 82 0 62 255
    0 0 255 0 0 255 255 0 0 255 0 255 0 0 255 128 234 35 0 41 255 188
    122 85 0 255 0 255 255 255 0 255 0 255 0 255 0 255 255 0 0 0 255 0
    255 0 255 251 0 255 0 0 0 255 255 0 115 255 210 0 255 159 0 255 255
    0 255 0 255 0 255 66 22 0 255 101 255 0 0 0 255 0 14 255 0 255 0 255
    0 0 255 0 255 0 255 255 0 255 0 255 104 255 255 0 0 51 0 80 0 255
    255 255 137 0 0 255 38 255 0 193 255 0 0 255 0 255 0 255 255 0 255 0
    255 255 242 255 182 221 255 0 255 0 44 0 255 0 0 61 255 96 0 93 142
    0 0 0 255 0 199 0 0 0 0 255 0 234 255 8 124 95 255 0 0 255 0 0 255
    255 0 0 255 255 255 255 0 0 255 0 247 255 0 253 0 255 0 255 0 179
    255 255 255 0 255 142 0 255 0 255 255 0 0 255 0 255 0 0 255 234 255
    0 216 98 0 231 0 255 255 0 141 0 255 255 0 128 2 0 214 255 0 35 0
    154 0 255 236 255 0 184 26 255 0 255 0 0 232 0 61 0 27 255 0 255 0
    255 0 0 99 255 217 255 0 0 255 0 255 255 255 0 255 255 255 199 255
    14 0 255 255 0 255 0 255 0 255 255 0 255 0 0 255 0 0 255 0 255 0 255
    0 255 0 0 255 171 255 0 80 0 255 18 183 23 0 255 58 255 255 153 255
    255 255 0 255 255 0 255 0 255 0 255 0 255 0 172 47 95 0 255 255 24 0
    255 0 0 0 148 255 0 187 13 0 255 255 105 255 255 0 255 0 255 0 255
    255 0 86 0 158 0 255 240 255 0 60 0 0 35 0 0 255 198 0 192 255 0 255
    0 40 0 5 255 0 172 0 255 0 0 255 255 255 0 255 0 255 255 111 0 130
    255 255 255 0 0 85 0 255 117 37 255 0 255 0 0 255 0 255 255 255 0
    255 0 0 169 0 255 255 0 0 0 0 0 0 0 255 35 0 255 205 0 0 255 0 255
    255 0 255 255 0 230 0 255 255 99 6 255 255 0 153 0 0 255 0 0 255 0 0
    251 255 0 255 255 0 255 161 0 0 255 78 0 52 255 255 0 0 255 0 255
    255 255 0 0 0 167 0 255 255 255 0 255 22 195 0 210 255 0 255 255 0 0
    253 255 0 255 185 0 0 255 0 0 0 255 0 255 255 0 0 255 0 223 242 0
    255 0 0 255 255 255 0 193 255 0 255 40 255 255 0 255 85 255 0 255 0
    255 0 255 69 255 255 255 0 0 0 117 0 255 0 255 255 255 0 255 255 0
    255 0 255 201 255 116 0 255 0 0 191 255 0 255 0 0 249 255 255 0 255
    0 255 115 0 0 255 0 255 255 0 0 255 0 157 0 255 201 255 0 255 0 255
    81 255 0 255 255 0 255 0 0 0 0 53 0 221 255 0 0 0 255 134 227 0 255
    0 0 255 0 135 0 255 0 255 255 0 255 0 255 178 131 93 2 0 255 255 255
    255 0 255 156 10 0 255 124 0 255 0 255 255 255 0 0 255 255 255 255 0
    255 14 255 129 255 0 255 218 0 255 0 0 0 255 33 255 0 96 0 0 255 0
    255 255 191 0 0 255 0 88 0 0 255 255 0 255 0 13 227 0 255 0 128 0
    255 56 0 3 255 0 7 255 0 255 0 255 0 255 0 255 255 0 255 22 0 255
    255 0 255 0 255 255 0 0 255 247 0 0 255 0 0 255 0 255 0 255 255 255
    122 255 255 255 255 100 0 255 0 163 255 0 255 0 0 239 182 0 158 0 14
    137 0 255 0 27 255 0 255 0 255 255 0 0 255 255 0 255 0 255 255 255 0
    0 48 255 255 255 0 255 255 255 0 255 0 131 0 255 0 0 172 0 255 255 0
    166 0 255 255 255 0 145 0 255 255 46 255 255 0 0 0 133 0 255 255 0
    177 0 255 0 255 0 0 0 255 0 255 67 255 0 255 0 0 255 135 255 0 255
    106 0 255 0 255 0 0 255 0 255 0 255 44 255 0 0 0 47 255 115 255 0
    255 0 0 255 0 0 255 0 0 255 0 255 255 176 33 255 0 255 0 6 27 66 255
    0 0 255 0 255 0 6 255 249 255 255 0 0 255 255 0 0 0 0 255 0 0 0 0
    255 0 255 0 0 248 133 17 255 255 255 171 255 0 255 0 0 255 5 0 207 0
    255 0 0 0 255 255 255 255 0 0 0 255 255 0 54 0 255 0 255 255 255 0
    255 255 0 255 0 255 0 0 193 194 0 222 255 0 255 244 0 0 255 0 18 0 0
    255 255 22 255 58 0 0 0 255 0 255 229 228 0 255 0 93 65 255 0 255
    255 0 255 0 0 255 117 0 89 78 0 255 0 174 255 0 0 0 255 167 0 255 0
    255 49 255 255 162 255 255 0 0 255 255 0 178 0 115 0 255 0 0 0 255
    255 0 0 255 0 0 255 143 255 0 7 255 0 255 0 0 255 0 15 195 0 0 70
    255 1 255 255 63 0 255 0 255 0 84 255 255 255 21 255 255 255 0 255 0
    0 0 255 0 150 37 0 0 0 255 255 38 255 0 0 255 255 0 229 91 253 0 0
    250 255 53 255 103 143 32 0 255 255 0 255 255 0 219 255 255 255 0
    255 41 255 255 0 0 0 0 0 0 140 65 52 0 255 241 0 255 255 0 255 0 224
    0 0 255 0 0 0 255 255 255 255 0 22 255 0 255 0 0 0 255 0 255 201 255
    42 0 255 0 163 140 255 19 0 59 255 255 255 255 255 91 207 255 0 0
    203 222 0 255 255 255 0 0 255 255 0 255 255 0 255 0 0 135 0 0 255 0
    0 255 35 0 234 129 0 0 87 255 230 255 255 0 255 255 255 0 0 255 0
    227 69 255 0 255 0 255 255 0 255 255 255 255 0 0 255 0 255 255 0 255
    54 0 255 255 0 209 36 0 255 203 255 41 255 255 0 0 255 0 149 0 255
    255 0 164 0 0 255 61 0 255 0 0 255 0 255 0 255 255 0 149 0 255 0 255
    0 255 0 255 0 255 255 0 255 255 0 255 188 255 255 43 255 123 255 133
    0 255 255 240 67 0 0 0 0 0 192 102 0 255 0 255 114 255 186 242 255
    255 0 255 255 0 43 255 0 0 255 255 15 61 255 0 255 255 248 0 165 204
    255 0 255 0 0 255 0 255 109 71 0 255 255 0 255 255 0 255 0 255 0 255
    41 255 0 0 140 255 255 11 255 255 211 243 255 0 255 0 0 255 145 255
    0 255 151 71 255 236 0 255 0 248 0 255 255 0 0 105 0 255 92 0 255 0
    255 255 0 255 0 34 255 0 0 255 0 255 0 0 0 0 0 255 0 255 0 255 0 0 0
    255 255 0 255 255 0 255 255 0 0 255 0 255 255 212 40 0 22 255 0 0
    255 0 166 255 255 0 255 221 0 0 149 255 0 0 0 17 255 0 255 158 0 255
    255 0 255 0 255 255 0 94 255 83 255 255 255 114 0 255 0 0 255 0 255
    87 255 0 0 255 255 0 0 0 0 221 0 0 166 255 0 255 0 0 255 108 255 97
    101 123 0 244 55 255 0 255 0 255 213 9 255 0 255 0 255 0 255 0 0 82
    0 255 0 52 255 7 255 0 255 0 26 255 0 255 255 0 23 144 0 255 217 0
    255 255 0 255 0 255 0 0 255 73 0 6 182 0 255 0 255 202 0 255 0 255 0
    255 32 165 255 161 0 0 0 0 255 188 0 176 0 0 0 207 0 255 0 255 255
    255 122 255 64 255 192 0 0 255 0 255 255 0 255 0 0 255 255 0 0 30 2
    167 255 0 255 255 255 255 161 255 0 0 0 0 255 0 0 255 90 38 119 0
    255 255 91 255 0 245 0 255 0 255 231 255 255 0 255 0 240 0 255 0 255
    0 58 255 255 255 66 0 255 0 255 255 0 0 255 255 255 0 90 0 255 148
    255 153 133 255 255 0 0 255 0 255 0 255 255 0 255 255 230 255 55 0 0
    0 0 0 255 0 0 0 0 148 255 0 0 0 0 0 180 255 162 0 0 255 0 255 0 0 53
    0 255 0 255 39 255 255 105 0 255 0 255 255 0 255 255 0 255 0 255 0
    255 255 0 0 255 255 255 190 91 250 0 255 58 255 255 0 230 255 0 255
    255 0 0 255 0 0 255 255 0 255 0 152 255 255 131 120 114 255 0 255
    255 255 0 88 0 255 0 88 0 0 192 0 0 255 255 255 255 0 203 102 0 0 0
    0 255 255 0 255 255 255 202 0 0 255 0 255 0 0 135 227 0 255 255 0
    255 172 255 167 255 255 255 179 82 86 255 255 60 255 0 0 255 255 0
    255 255 0 33 137 238 255 153 0 70 0 0 244 255 228 116 0 0 0 255 0
    255 121 0 166 0 0 0 0 0 255 255 0 255 255 0 255 255 0 0 255 255 192
    174 0 0 255 255 0 255 0 0 255 0 0 0 176 255 0 0 255 86 0 0 255 255 0
    161 0 0 255 0 243 72 65 255 255 255 0 0 255 0 0 255 226 0 0 247 255
    0 255 0 255 0 0 255 255 0 0 255 44 0 255 79 255 161 255 0 255 0 217
    255 255 255 255 255 0 255 163 255 255 255 144 0 218 0 0 255 0 0 255
    0 186 0 255 0 255 0 0 255 0 194 63 255 0 0 255 70 255 117 0 255 0 0
    255 255 63 0 0 0 195 255 255 0 0 46 255 255 0 232 255 223 255 0 255
    0 255 46 108 0 0 254 0 255 0 62 0 196 0 0 0 255 0 255 255 0 255 247
    255 135 0 255 73 0 255 255 0 0 0 33 255 9 17 255 62 17 223 187 219
    255 220 255 0 0 255 0 0 255 0 255 255 255 97 255 255 0 255 255 0 167
    66 255 0 255 255 255 255 111 255 0 255 0 255 0 99 0 255 156 29 0 255
    0 0 0 255 81 3 255 0 105 82 0 255 255 170 167 0 0 44 0 255 0 255 255
    0 0 255 0 57 255 213 255 0 0 255 0 255 0 255 22 255 255 0 255 0 0 0
    255 0 255 0 255 0 255 100 255 0 255 255 91 0 0 29 0 255 0 0 161 255
    0 0 4 255 29 0 255 0 255 255 0 255 0 0 0 255 255 255 255 124 255 240
    0 198 255 255 32 255 68 0 255 0 0 255 62 255 255 122 0 255 0 219 0 0
    255 255 0 255 0 73 197 255 0 255 12 255 202 0 255 255 0 0 255 0 255
    0 255 0 123 255 0 206 204 255 0 255 0 0 145 0 255 244 0 23 0 255 0
    255 0 255 255 0 38 0 255 255 45 0 255 0 0 255 255 0 3 255 255 0 152
    255 196 255 59 255 0 255 255 255 0 255 0 255 0 255 0 0 0 255 255 0
    255 0 0 161 255 255 0 255 255 115 255 255 127 255 255 0 255 0 0 255
    0 255 0 255 0 255 0 0 255 255 255 0 81 0 255 0 255 255 0 255 0 0 255
    119 0 81 143 255 0 255 255 55 255 0 240 0 255 211 255 189 255 255
    158 18 0 255 0 255 0 66 255 255 0 0 255 245 255 0 255 0 12 255 0 255
    255 0 0 0 255 0 255 0 255 255 255 255 0 52 255 82 0 214 0 255 43 239
    0 0 255 0 255 255 0 255 27 218 0 255 0 255 22 141 42 199 155 0 255 0
    255 163 0 255 148 255 181 255 0 255 255 255 114 228 0 0 0 0 255 0 0
    0 0 255 0 255 0 0 0 255 0 94 255 127 0 0 217 0 248 0 255 0 37 220
    255 0 255 0 255 0 255 87 0 237 0 137 81 0 255 0 255 0 0 0 255 255
    255 255 0 255 0 255 104 255 255 255 255 255 255 0 255 0 255 0 255 0
    239 0 23 255 255 255 0 255 17 0 255 158 255 0 255 0 0 84 255 255 75
    0 5 0 0 226 222 48 0 255 0 0 255 0 0 215 135 180 255 0 255 0 255 255
    255 255 0 233 155 0 239 0 255 0 255 0 0 255 255 0 212 0 255 0 255 0
    255 0 255 0 255 151 0 255 0 255 0 68 0 0 0 218 0 255 0 255 255 255
    161 255 255 0 255 0 144 255 0 255 255 0 255 0 48 136 255 0 255 0 255
    0 255 255 0 194 249 108 0 92 0 0 0 147 0 255 255 255 0 103 255 255 0
    86 0 255 0 0 0 0 255 0 0 209 0 0 0 204 0 0 255 0 255 0 0 178 0 255
    192 0 0 255 255 0 255 0 255 255 255 0 200 0 255 0 255 255 0 255 0
    255 255 0 255 0 0 0 255 0 184 255 0 255 255 0 34 255 255 255 0 171 0
    255 255 255 0 0 255 246 255 0 255 13 255 255 43 239 0 255 0 255 0 79
    0 255 0 255 255 0 147 101 0 255 255 0 0 255 0 0 0 255 201 0 0 0 255
    0 255 0 255 255 0 0 255 52 0 255 255 255 255 255 0 255 255 217 0 255
    0 255 0 255 0 255 0 255 0 255 225 0 153 255 7 0 255 250 255 255 0 15
    0 193 255 178 255 0 87 255 0 11 0 0 201 255 0 0 255 255 0 255 255 0
    193 255 0 66 255 255 0 0 67 255 255 0 255 0 0 255 0 255 0 0 255 255
    0 0 255 215 0 0 255 0 255 0 255 0 0 0 115 255 0 255 255 0 255 241
    255 0 0 199 255 0 255 0 255 255 0 255 0 0 0 14 0 0 255 255 0 255 255
    0 255 247 0 172 0 255 88 255 0 255 0 255 0 0 0 248 255 0 255 255 255
    0 0 204 255 0 255 255 255 48 0 107 255 0 0 122 0 255 255 255 0 255
    188 0 255 255 0 255 119 255 0 255 0 0 0 54 255 0 255 239 0 255 247
    139 255 255 255 0 255 135 0 0 255 197 255 0 0 255 69 0 255 74 255 0
    255 0 0 255 255 0 194 255 0 255 255 255 255 255 255 0 0 120 255 0 0
    255 0 255 0 255 0 255 255 0 39 255 0 255 255 0 255 0 0 218 99 255
    255 0 255 255 0 193 255 0 0 0 67 0 117 0 223 0 255 136 0 0 255 0 255
    255 0 255 0 0 255 19 255 255 0 255 0 255 0 255 255 0 0 242 255 255 0
    255 0 255 0 56 29 255 0 0 0 255 134 227 0 44 165 250 255 0 255 255 0
    255 0 255 255 72 0 0 0 255 255 0 255 23 43 255 0 0 255 255 255 0 255
    255 0 255 0 0 53 255 255 255 255 255 0 216 0 0 104 0 255 255 255 0 0
    0 0 255 0 255 255 0 255 0 0 255 5 255 50 0 255 255 0 255 255 255 0
    255 0 82 255 231 0 255 255 9 0 255 255 255 0 12 255 196 0 255 255 0
    255 255 0 0 255 255 0 190 0 27 255 255 255 255 255 226 255 0 255 255
    255 0 255 0 0 255 150 0 255 255 216 233 33 7 0 170 105 0 0 255 255 0
    0 255 125 0 255 244 0 0 0 39 255 255 0 255 136 0 60 255 0 255 255 0
    0 255 0 0 255 0 0 255 51 66 255 254 255 255 0 173 255 0 0 255 255 0
    82 0 0 255 9 255 255 255 0 255 0 255 205 255 0 255 98 0 255 0 255 0
    255 0 255 255 255 255 255 105 0 255 0 173 255 0 255 0 255 0 217 255
    255 255 255 68 0 255 0 209 21 255 255 0 0 255 200 255 255 255 0 255
    182 0 255 0 255 0 255 0 255 255 0 190 206 255 255 0 255 0 178 255
    255 0 255 0 0 255 255 95 199 0 0 255 0 0 255 0 255 255 17 0 255 255
    0 0 255 0 255 255 255 0 158 255 0 45 255 102 255 255 0 255 0 255 255
    255 255 255 244 157 255 17 0 113 80 255 255 255 255 0 255 255 0 255
    255 137 255 0 255 0 255 255 173 0 255 0 0 90 255 0 255 0 255 255 32
    0 255 0 0 255 0 0 242 255 255 0 255 0 109 32 255 89 255 0 0 0</data></your_img>
</opencv_storage>
