<?xml version="1.0"?>
<opencv_storage>
<filter_type>0</filter_type>
<only_luma>0</only_luma>
<r1>1</r1>
<r2>2</r2>
<L2_diff>1.2015993508653373e+03</L2_diff>
<test_img type_id="opencv-matrix">
  <rows>128</rows>
  <cols>256</cols>
  <dt>u</dt>
  <data>
    89 52 76 184 40 181 186 89 84 0 233 188 112 150 233 71 30 175 13 97
    55 137 95 131 181 234 113 126 85 62 39 152 165 248 43 72 90 54 6 111
    34 101 101 147 118 155 25 55 143 109 23 47 207 7 232 153 52 182 176
    95 61 29 104 223 102 157 45 164 92 197 100 114 209 32 27 193 105 13
    29 3 71 57 107 27 31 156 212 108 177 191 229 6 149 217 50 44 187 101
    124 78 179 126 20 136 133 29 245 31 160 34 174 169 136 152 142 156
    90 66 145 48 241 76 76 46 59 243 35 231 135 178 225 30 44 61 56 20
    41 178 160 85 134 77 223 32 128 185 182 218 197 53 64 251 250 115
    223 140 220 159 190 152 112 172 3 175 62 137 130 197 21 59 37 178 79
    202 255 252 103 161 107 203 214 147 78 7 232 42 42 35 114 83 107 4 0
    231 157 200 245 22 201 195 210 72 145 42 173 86 95 242 134 146 24
    108 110 234 161 131 28 68 224 107 248 239 162 83 152 63 206 253 220
    209 40 228 37 236 2 110 16 146 202 63 172 246 3 177 191 47 188 4 226
    101 121 105 58 219 89 24 165 182 215 60 91 5 71 174 29 112 61 250 56
    140 228 224 186 156 152 223 90 36 109 92 104 110 75 204 229 37 221
    107 128 178 193 173 221 106 177 7 114 78 35 246 157 237 58 10 10 37
    131 176 10 239 211 115 213 244 88 170 219 236 228 22 136 76 159 131
    246 5 125 106 223 70 93 201 115 125 49 208 1 152 3 80 75 209 14 174
    6 121 144 254 248 127 181 17 248 228 118 150 45 16 101 133 10 120 47
    112 138 125 23 121 195 8 55 210 220 125 243 3 244 91 44 54 233 207
    43 74 14 157 252 237 111 91 249 122 184 36 50 43 181 154 176 212 177
    79 40 47 136 79 51 81 174 109 245 131 226 98 144 237 135 177 117 227
    129 214 215 196 251 153 179 198 224 233 54 3 254 242 101 171 63 182
    147 254 65 175 245 152 238 28 60 12 183 12 111 252 179 135 39 67 76
    155 220 170 35 97 127 21 52 89 215 142 204 80 141 68 164 8 124 96
    250 161 5 255 252 13 242 141 206 153 45 175 20 79 154 109 198 95 103
    116 184 239 21 82 113 124 184 95 204 34 189 124 244 171 222 144 11
    48 52 239 218 182 206 141 113 59 101 146 73 99 67 128 252 108 244
    198 59 192 22 186 1 96 173 72 219 64 153 47 88 45 112 132 101 13 187
    36 183 11 197 105 94 135 225 162 110 183 219 90 243 131 137 214 105
    121 78 200 196 175 229 148 20 72 107 135 47 237 95 116 116 230 90 14
    239 154 17 62 131 23 87 242 141 0 236 18 121 236 33 167 169 87 230
    33 177 6 143 83 163 63 155 209 95 196 208 27 168 180 187 248 239 39
    131 158 196 105 149 54 242 59 175 106 205 47 131 84 122 81 131 203
    13 96 157 74 125 98 215 198 135 30 158 172 157 73 6 240 102 130 189
    171 180 15 176 206 111 85 201 12 215 255 165 178 168 88 187 118 95
    122 47 85 163 104 177 72 142 53 29 109 178 222 73 147 60 217 158 249
    61 184 206 82 126 122 101 142 80 70 164 83 218 63 97 35 107 166 63
    53 168 217 123 112 11 81 253 205 71 64 5 9 81 95 73 195 55 94 104
    246 23 98 107 49 47 216 187 207 104 226 109 173 21 121 226 133 74 62
    4 156 184 152 75 66 239 220 149 63 137 180 101 151 220 244 41 162 22
    168 72 132 33 223 129 142 46 158 194 43 12 17 73 0 136 173 213 64
    235 57 51 159 244 49 26 47 214 90 196 61 108 88 35 49 111 187 12 53
    180 167 242 214 67 161 18 21 244 128 4 111 126 169 134 68 231 50 120
    242 222 189 173 133 94 191 248 29 21 61 124 7 5 231 180 211 214 42
    229 243 148 25 122 206 8 161 151 224 5 203 99 146 102 93 110 247 218
    3 125 178 225 162 245 99 87 173 9 160 79 32 193 79 78 208 171 227
    186 35 205 118 108 36 97 208 70 85 169 190 138 26 227 132 111 167
    251 244 88 96 194 32 89 62 18 86 82 68 126 26 100 93 255 112 106 51
    100 32 44 93 117 200 183 190 218 228 215 140 184 129 134 56 130 62
    71 238 182 3 195 100 97 139 231 122 92 211 134 254 37 147 211 175
    217 176 23 181 29 83 56 164 88 64 22 110 89 197 167 156 224 240 134
    51 211 89 117 17 188 150 54 197 254 152 158 25 173 234 27 203 233 13
    67 44 228 251 75 146 2 238 104 33 101 231 127 242 67 5 188 217 18 17
    6 86 79 175 104 43 102 147 190 45 95 93 164 188 25 85 68 29 220 237
    168 113 44 208 26 138 176 240 152 12 146 162 73 228 97 23 228 226
    183 72 50 168 181 192 35 13 246 225 144 190 45 217 82 113 9 109 23
    58 249 14 48 79 152 244 70 205 231 127 142 51 218 228 239 39 112 14
    132 8 144 41 8 155 103 89 22 249 69 158 33 190 43 49 11 42 214 49
    104 114 3 245 198 127 76 255 51 145 184 189 94 183 122 228 39 74 208
    73 193 110 248 83 49 5 156 219 212 156 150 250 170 161 169 213 148 2
    251 93 205 145 106 143 163 104 33 165 82 223 244 145 173 175 60 107
    212 31 107 9 228 145 167 104 191 250 52 180 132 231 134 169 210 8 9
    83 69 56 214 252 150 49 161 185 231 18 145 15 140 48 213 216 129 110
    166 139 107 107 63 205 55 98 197 41 57 93 66 49 28 62 45 232 202 189
    113 41 4 217 177 224 10 121 11 254 81 133 155 175 135 140 234 61 163
    214 4 39 46 248 88 91 3 213 155 194 198 73 200 137 186 153 203 138
    84 20 201 178 1 226 250 165 98 71 209 196 185 211 217 192 6 73 197
    214 142 241 110 50 238 165 245 177 30 124 61 137 55 124 90 107 157
    170 48 142 68 158 158 220 236 212 4 82 237 222 139 238 114 89 136 44
    31 37 75 210 165 141 26 156 65 53 88 221 175 151 105 108 196 219 125
    196 135 132 68 183 41 246 176 203 192 57 234 97 82 95 65 99 172 149
    139 108 140 68 233 13 207 234 84 168 71 165 141 200 67 219 39 180 45
    90 81 19 173 36 211 174 156 237 188 44 56 113 48 18 45 46 215 185
    101 163 249 127 135 233 1 76 130 218 180 113 47 123 67 97 3 88 26 44
    176 13 31 216 174 9 150 124 79 67 0 167 150 96 75 49 189 98 39 202
    146 44 9 181 65 105 142 202 3 246 208 138 126 226 117 114 96 96 208
    98 117 110 7 152 113 228 158 182 16 119 200 215 174 251 230 113 244
    191 107 23 66 211 240 160 28 245 14 111 71 141 84 45 223 246 26 112
    235 3 92 195 87 233 166 66 107 69 156 152 23 74 234 98 165 246 115
    143 37 231 111 93 107 50 249 49 202 227 43 189 100 204 249 75 144 3
    218 117 127 161 1 148 168 205 13 162 172 58 240 150 10 78 140 121
    190 2 125 120 147 153 145 63 199 200 23 114 249 150 48 22 57 123 50
    118 6 108 43 196 193 181 144 76 196 95 170 100 247 174 43 141 75 84
    197 32 203 145 168 134 212 121 179 27 25 99 224 90 226 67 26 9 53
    237 4 128 209 117 203 168 178 229 21 57 118 180 43 77 154 7 228 218
    114 76 148 21 158 44 172 69 19 218 201 109 74 233 116 175 76 117 117
    148 158 172 203 96 37 100 142 166 61 127 66 109 224 189 83 5 166 131
    198 187 24 200 174 85 248 230 51 36 177 118 119 230 113 84 59 4 245
    202 68 59 157 50 146 57 155 2 101 143 86 237 236 173 55 227 64 174
    169 187 152 193 25 177 26 48 66 123 106 188 82 27 183 253 180 149
    155 152 183 169 76 78 129 232 165 84 156 159 17 243 232 62 227 8 15
    111 1 97 228 123 80 61 96 107 59 64 76 120 237 36 118 142 201 191
    223 99 208 242 132 226 158 104 33 229 191 17 78 137 173 167 27 210
    72 20 165 71 87 115 193 44 100 207 11 127 144 66 172 156 151 47 27
    25 99 236 141 20 96 18 171 220 160 107 88 96 133 113 111 71 126 97
    105 8 245 46 25 104 52 192 151 188 253 201 255 30 99 111 63 165 124
    27 250 107 74 101 40 116 215 153 170 46 103 12 181 96 24 36 120 205
    235 6 86 252 51 105 29 67 125 166 19 63 0 244 254 97 134 47 124 181
    67 237 59 254 109 107 146 22 54 90 159 127 242 214 73 53 111 244 81
    116 90 51 184 31 123 1 0 189 39 236 153 6 20 28 54 101 253 147 75 48
    142 25 151 2 50 22 144 145 229 56 7 81 56 104 203 90 110 201 154 105
    113 240 14 118 127 48 200 109 61 182 79 30 26 211 14 94 231 6 2 169
    144 64 206 56 50 5 90 2 60 105 234 213 112 26 230 9 196 101 54 48
    186 34 80 224 227 235 21 171 2 44 118 247 45 23 8 200 53 15 82 45
    231 116 26 89 124 157 9 111 19 204 50 70 161 32 65 111 165 32 219
    203 31 185 172 0 161 249 165 46 101 129 75 105 170 115 20 45 79 122
    120 56 156 77 41 153 19 14 199 100 88 213 106 93 12 39 15 25 148 202
    59 109 8 8 102 182 136 96 252 184 196 94 136 5 217 202 151 217 251
    81 36 92 217 49 229 204 123 221 251 120 196 251 114 144 1 149 104
    102 30 93 7 161 224 232 252 128 17 186 54 195 103 201 91 137 68 13
    31 242 126 190 70 32 22 51 58 122 76 7 190 73 17 82 121 64 7 33 43
    97 147 125 179 160 241 151 249 93 104 206 166 169 9 88 15 9 254 132
    95 80 125 135 116 231 81 17 166 216 163 50 144 74 212 136 106 221
    171 123 141 45 28 253 36 108 87 14 100 29 138 208 187 15 71 184 113
    93 26 127 111 209 171 82 133 30 70 58 90 139 112 15 226 154 241 211
    126 76 236 210 106 63 88 79 255 155 151 81 207 215 241 137 21 142
    247 220 196 28 141 50 181 115 37 86 57 188 197 219 220 1 20 235 158
    31 194 85 216 236 166 39 5 19 110 246 14 52 86 222 101 25 233 83 155
    156 98 91 124 166 237 183 45 157 204 135 174 78 53 103 244 52 4 22
    205 159 197 72 220 11 81 69 48 2 118 94 32 83 124 160 244 84 122 41
    190 218 77 209 223 204 156 85 192 124 50 57 174 56 124 200 51 147 14
    153 8 116 117 1 183 164 217 92 6 89 166 157 72 161 112 143 251 83 93
    50 66 249 252 108 99 36 91 142 193 194 174 20 75 201 174 211 155 73
    47 34 247 141 186 177 209 86 31 111 92 242 147 247 102 235 230 18
    246 67 60 184 203 43 129 156 223 54 152 50 121 68 207 247 234 115
    106 24 90 43 224 69 116 171 88 94 186 5 19 207 174 105 56 102 35 30
    178 41 45 172 89 56 235 0 152 0 216 188 196 230 246 78 114 210 62
    242 81 11 119 72 54 155 222 9 104 54 71 65 6 112 252 67 184 216 245
    231 34 1 159 249 131 202 243 85 235 105 35 83 157 120 134 253 158 81
    39 255 48 85 212 71 85 40 122 89 228 237 240 70 168 245 72 179 193
    135 252 176 213 2 183 160 115 241 73 195 115 253 104 168 37 92 202
    178 247 80 244 101 226 252 3 89 213 51 111 147 184 76 32 51 206 98
    46 45 25 121 75 198 150 133 190 31 118 112 78 219 48 116 96 2 248 99
    45 81 231 214 196 149 113 204 92 242 251 116 186 179 117 139 80 253
    80 211 39 99 12 241 154 188 87 48 96 155 2 85 193 40 177 191 150 205
    156 81 25 32 110 117 77 8 2 154 162 220 28 226 115 94 169 207 207 27
    181 29 155 161 36 92 15 15 225 205 205 176 168 169 161 47 14 191 183
    140 29 72 178 80 224 224 113 120 180 25 202 99 128 193 237 53 62 141
    98 12 64 44 6 159 95 4 29 137 158 67 105 73 152 205 26 204 191 246
    37 118 48 1 213 210 246 163 41 217 190 22 5 12 134 121 86 235 43 121
    1 102 187 103 181 235 131 13 35 110 112 73 103 251 179 104 204 192
    208 158 80 180 114 102 182 136 231 213 166 53 12 61 168 141 128 238
    40 114 88 223 178 132 185 172 183 0 243 109 45 73 76 97 202 228 248
    81 50 12 67 208 142 57 33 208 110 174 116 126 192 18 233 86 30 84 59
    159 81 50 130 65 219 48 227 92 175 242 47 234 2 63 221 75 148 171
    152 218 158 13 78 119 135 168 44 22 213 241 212 215 38 146 194 184
    169 34 196 14 140 242 209 95 7 71 197 77 250 151 208 243 53 252 219
    18 245 202 153 36 85 116 19 68 241 118 40 75 60 140 230 148 154 125
    226 228 53 172 181 48 9 79 176 191 187 159 230 5 107 209 174 155 245
    111 222 230 177 5 63 134 110 82 25 92 66 13 30 191 75 96 218 162 27
    51 142 227 21 80 226 58 92 89 164 187 166 227 183 57 23 195 7 234 4
    243 96 167 153 129 177 152 3 152 3 91 108 221 187 214 147 110 205
    127 141 84 49 222 160 124 65 164 66 140 151 64 249 28 175 52 227 58
    245 94 105 197 77 36 60 101 77 39 197 124 36 164 4 196 68 56 130 49
    165 134 169 193 39 122 78 74 154 8 179 211 105 80 70 23 101 154 248
    104 39 248 215 42 226 153 202 112 243 60 150 185 15 141 157 46 103
    206 92 178 123 16 255 155 153 71 145 158 16 175 73 206 21 7 72 188
    90 219 194 19 242 196 42 2 141 240 140 154 169 228 84 87 28 23 52
    209 73 152 140 117 254 112 55 243 134 242 91 65 111 57 53 135 50 109
    252 198 255 163 129 54 217 211 50 104 87 71 43 73 114 120 187 211
    133 213 232 31 237 207 183 122 192 59 219 194 163 9 236 143 150 10 4
    235 246 183 186 52 200 108 223 189 96 136 37 138 146 232 243 48 128
    28 92 110 68 5 151 33 161 15 176 77 141 125 29 16 8 58 189 209 110
    235 109 118 57 251 203 109 43 170 253 169 186 17 197 175 78 115 43
    69 184 25 238 27 88 97 154 2 193 104 106 29 215 237 175 14 114 205
    72 136 214 45 151 135 6 210 115 222 76 141 180 125 254 48 29 249 222
    44 126 157 177 144 123 254 92 84 16 102 160 150 173 38 123 217 96 24
    104 205 169 58 3 26 77 89 150 50 178 213 148 201 8 92 80 166 241 200
    44 188 176 19 11 56 92 207 213 135 19 73 135 91 202 246 240 203 98
    122 81 235 26 156 100 135 170 89 227 176 1 60 175 24 73 198 211 34
    168 216 218 221 61 54 115 127 244 165 159 208 188 2 13 150 28 32 35
    123 255 214 47 253 89 135 44 204 122 189 128 174 213 69 81 49 18 6
    209 139 111 36 196 105 191 117 166 2 242 169 154 226 130 35 227 238
    112 153 86 180 23 127 239 178 159 103 10 217 126 218 31 182 213 20
    55 22 73 35 60 84 47 120 128 8 104 252 190 112 101 163 232 40 21 96
    118 11 48 95 158 94 133 203 236 232 252 59 112 245 99 221 119 194
    141 110 170 68 182 29 176 32 183 166 190 68 235 252 166 216 50 121
    211 50 225 123 134 217 231 76 209 38 72 122 179 252 214 253 168 68
    192 28 122 197 142 21 184 69 217 242 247 134 162 255 155 103 210 64
    179 187 82 133 56 111 186 11 246 40 92 174 197 62 90 227 130 22 92
    187 13 223 194 68 118 87 193 61 64 219 23 71 179 231 90 49 196 252
    36 199 148 244 73 89 203 237 1 104 156 139 147 82 43 103 0 41 47 10
    146 29 190 29 248 210 170 111 160 175 33 180 221 222 228 180 191 103
    48 50 171 108 110 237 131 177 22 145 107 91 3 239 220 219 130 86 115
    25 13 31 40 168 139 70 116 106 112 3 24 199 131 114 15 208 97 177 48
    241 4 236 32 169 73 168 109 53 7 147 85 68 245 232 187 237 127 170
    252 226 218 172 151 119 174 7 136 233 215 34 19 162 169 27 151 120
    196 26 91 73 75 22 21 4 169 75 9 188 247 191 43 75 250 148 18 23 149
    126 193 56 164 71 141 160 155 184 158 160 86 197 108 217 101 127 123
    10 0 62 201 47 221 167 0 253 180 206 170 184 176 246 62 120 153 228
    62 244 248 221 29 203 28 251 226 72 15 221 212 80 232 94 44 175 222
    166 233 105 77 186 40 73 35 161 74 115 44 102 201 51 202 217 1 29
    120 141 57 84 89 232 157 184 69 26 153 254 16 101 37 41 64 126 94
    103 135 24 42 206 210 76 151 138 21 10 56 12 24 103 166 127 57 159
    31 1 111 18 159 40 205 142 191 44 186 3 140 183 14 186 19 151 159
    196 39 147 193 175 56 30 188 118 96 225 63 189 65 145 106 2 207 141
    217 188 246 108 159 242 149 231 8 249 121 47 217 108 156 239 28 22
    165 9 188 142 62 177 31 152 66 103 115 107 239 236 50 192 86 21 161
    114 199 3 22 16 111 137 115 73 163 154 147 246 90 48 232 243 9 189 6
    87 178 48 26 43 105 208 12 144 101 202 187 192 185 11 38 89 19 165
    113 7 244 185 102 155 75 143 48 246 120 152 118 231 178 92 220 155
    100 168 182 110 60 81 1 222 65 189 151 183 114 198 100 60 42 75 196
    76 13 194 162 82 84 198 10 207 74 93 236 191 197 246 74 85 125 82
    243 158 99 77 224 5 39 98 48 134 247 169 36 233 141 65 18 231 97 85
    216 177 46 191 105 118 141 221 215 205 140 241 162 21 219 169 214
    180 6 137 242 29 146 103 77 46 184 224 11 200 123 98 140 34 209 115
    211 201 123 230 251 193 30 99 244 161 125 136 94 6 180 133 73 26 252
    252 12 195 161 17 217 31 6 212 15 60 14 198 248 147 19 91 255 131 19
    139 92 73 225 214 18 201 172 56 88 68 79 196 172 30 36 155 97 28 247
    241 105 6 241 141 4 40 95 247 152 191 209 184 210 178 146 171 238 38
    201 147 2 40 220 90 120 203 223 7 199 32 17 133 1 253 243 178 124
    207 167 20 56 187 215 144 122 166 163 124 66 137 64 220 88 72 181
    191 127 233 75 123 211 81 107 100 211 220 82 111 197 13 240 133 20
    143 34 184 3 10 124 166 119 159 3 138 72 162 137 242 148 221 175 232
    177 70 44 236 222 49 68 24 108 43 154 140 179 136 236 131 100 186
    127 52 149 194 155 176 33 245 232 143 114 245 70 172 237 251 75 142
    37 228 198 47 64 16 23 79 242 227 67 48 120 106 13 249 227 72 8 141
    169 75 226 127 208 65 115 97 150 229 38 143 174 194 183 208 41 5 26
    59 43 193 127 38 243 3 150 83 245 107 133 205 166 252 78 218 105 52
    240 214 192 57 48 187 138 108 229 252 159 172 106 181 168 26 74 207
    58 69 120 192 133 63 193 9 82 21 124 81 18 43 187 227 106 6 106 159
    7 243 138 91 65 98 184 128 149 63 247 211 45 153 188 95 52 100 57
    196 223 110 160 65 210 192 77 170 123 105 236 219 158 45 113 198 158
    92 53 164 253 126 55 168 68 39 198 255 105 62 200 203 219 85 211 113
    34 125 246 58 140 243 195 201 41 10 120 113 209 9 93 214 114 151 229
    170 202 53 118 251 56 243 217 27 172 239 50 110 192 233 2 183 217 2
    159 55 113 42 47 71 211 43 0 37 129 160 232 248 217 123 200 74 130
    190 127 23 84 115 44 108 93 143 203 66 37 105 45 29 68 39 80 172 250
    11 88 96 49 118 176 153 117 183 21 42 244 105 159 29 226 244 14 106
    41 187 160 61 139 234 151 190 35 226 154 205 179 186 239 52 185 119
    254 231 145 144 25 90 5 174 142 84 101 206 120 125 90 71 99 147 187
    176 74 95 225 227 52 208 62 221 247 254 190 104 102 28 100 209 130
    132 145 23 60 71 248 136 164 202 221 27 129 197 53 31 182 92 63 177
    191 210 97 172 112 93 52 33 77 105 231 177 66 215 232 18 93 41 25 94
    200 211 51 192 122 74 100 198 10 227 31 199 249 3 228 107 142 164
    208 87 64 242 90 149 59 20 36 244 37 177 149 48 96 161 52 38 255 120
    51 190 6 201 154 73 179 33 180 188 77 182 126 2 253 31 99 69 163 117
    236 4 152 214 32 193 254 115 115 82 155 99 39 53 188 23 40 74 24 243
    141 145 124 250 94 239 149 74 61 102 117 208 6 77 118 20 209 172 7
    27 208 62 104 25 227 4 195 93 51 65 2 73 254 104 198 135 226 150 168
    53 229 30 55 224 92 95 125 185 212 55 215 43 71 140 10 194 200 72
    165 32 95 115 252 150 134 114 131 18 138 61 208 31 217 177 216 172
    165 121 126 168 238 71 51 237 115 23 200 255 143 204 51 114 128 118
    91 85 25 150 164 76 78 69 102 31 156 74 80 175 140 23 212 128 84 64
    217 34 33 92 246 17 142 115 42 191 95 137 181 243 14 144 248 72 150
    63 49 233 208 90 48 100 15 111 83 88 57 202 13 245 132 163 107 57 66
    120 142 233 176 182 254 247 202 11 101 136 127 188 179 238 4 35 111
    196 87 35 87 12 171 83 247 230 34 222 16 246 153 156 230 156 132 141
    213 255 80 212 179 223 191 116 231 255 240 5 31 29 112 161 185 16 8
    226 123 199 219 228 111 35 47 9 54 227 201 180 151 178 242 101 162
    182 4 193 129 35 138 161 204 161 11 43 219 7 224 59 208 236 108 58 8
    139 21 105 34 131 59 159 248 40 78 215 248 149 86 146 232 202 49 44
    69 194 105 56 157 115 24 236 46 167 1 112 39 119 251 156 56 18 29
    232 59 216 48 163 232 229 33 131 177 108 147 45 182 0 131 129 81 131
    96 97 50 110 19 103 151 63 27 119 79 57 197 130 121 173 206 118 95 2
    191 248 150 119 247 165 101 79 10 222 231 252 230 171 96 45 253 230
    25 59 194 191 154 111 150 61 65 142 226 245 128 173 148 109 176 162
    215 103 240 148 233 101 56 61 123 219 97 144 24 239 85 226 127 43
    188 181 75 26 232 117 175 81 236 45 11 233 56 67 124 169 149 208 157
    89 23 29 217 216 120 26 75 54 49 118 251 191 11 196 60 129 21 13 16
    45 177 127 45 5 249 36 106 220 160 24 190 254 117 61 16 92 195 224
    56 79 197 183 103 168 20 20 108 14 124 177 54 80 121 40 70 36 40 56
    244 7 18 156 70 118 72 157 65 205 35 173 204 75 74 175 154 103 80
    131 139 250 21 146 98 242 74 4 120 212 112 74 154 95 68 24 105 6 186
    98 238 25 30 47 123 181 130 204 143 123 63 136 174 99 197 149 212
    106 51 203 93 118 186 13 100 182 253 162 197 212 93 75 225 162 123
    13 41 239 69 173 8 79 98 112 62 213 101 67 168 94 174 250 70 1 30
    134 83 28 251 234 191 122 62 44 155 26 199 4 118 118 29 14 59 83 162
    109 198 26 188 191 185 3 190 12 162 99 81 215 160 197 238 99 25 193
    236 176 217 67 251 149 64 187 5 157 22 157 211 255 106 19 178 100 94
    24 161 59 67 191 126 17 240 52 58 230 158 255 197 24 217 122 185 96
    107 169 45 13 65 161 109 227 255 238 106 251 35 119 229 225 122 8
    116 189 11 189 227 102 126 244 108 252 232 95 150 157 98 132 214 157
    182 195 129 60 54 236 153 158 12 205 82 100 137 8 72 160 46 94 29 81
    205 239 80 223 218 45 1 240 34 204 250 37 228 176 215 141 19 114 197
    128 15 224 12 103 129 182 182 41 34 1 100 143 59 134 41 166 124 113
    25 72 98 193 134 86 236 243 20 75 50 195 33 4 117 217 234 249 146
    120 17 117 216 143 150 98 213 15 48 43 221 65 5 227 129 74 241 93
    247 25 33 37 141 139 55 71 44 61 215 86 33 217 243 147 29 66 211 207
    185 168 109 189 170 63 151 85 93 93 14 232 164 83 141 3 42 16 65 33
    211 169 146 35 199 126 147 110 37 204 65 121 86 140 217 174 58 129
    132 68 102 133 250 145 74 252 234 123 63 79 131 10 163 200 113 49
    133 174 87 65 177 184 151 112 214 200 69 61 45 118 61 139 50 203 151
    29 110 74 214 211 242 210 235 34 63 223 195 182 92 47 90 253 197 110
    181 62 201 155 21 173 18 27 93 105 230 206 96 224 226 79 145 84 228
    219 196 241 197 120 215 225 177 120 12 161 79 210 184 35 98 185 41
    196 222 7 20 126 107 38 174 105 130 128 64 16 10 43 176 138 11 15
    191 226 33 216 121 160 154 111 87 103 118 175 22 28 57 199 253 192
    167 193 56 8 163 199 89 112 30 218 203 44 33 234 164 191 22 123 139
    4 102 135 77 114 79 251 229 152 141 198 115 184 182 239 69 3 79 147
    22 45 201 221 118 73 142 109 153 78 19 137 139 52 10 204 90 115 217
    5 222 183 28 171 50 35 136 31 87 230 41 160 50 85 179 139 94 233 145
    209 98 201 140 162 227 1 184 21 126 126 104 254 111 77 17 159 3 44
    164 116 238 6 108 98 118 59 148 84 252 249 67 242 165 194 92 183 18
    64 110 178 8 186 82 129 139 88 43 64 10 96 140 52 169 127 79 231 131
    87 5 29 215 93 152 132 184 43 75 150 227 76 180 115 221 210 97 164
    64 4 244 172 113 98 84 202 126 194 227 226 84 43 82 162 134 255 167
    3 59 152 194 107 154 106 137 24 17 234 252 237 62 234 95 68 124 16
    95 95 211 113 232 237 128 192 129 246 130 27 183 20 221 20 211 66 92
    203 201 139 154 141 247 235 194 47 226 131 247 33 222 52 154 158 124
    27 10 8 94 175 86 182 229 251 33 229 180 133 233 157 16 125 81 159
    182 101 157 156 244 190 195 238 99 19 105 252 101 202 127 19 61 65
    226 201 114 195 252 154 111 228 71 26 215 22 194 41 142 48 207 176
    151 44 79 179 83 161 243 139 75 127 53 120 80 165 124 229 28 252 13
    206 178 63 120 126 88 228 242 85 170 193 22 54 224 227 246 149 227
    246 87 158 101 188 50 111 6 215 61 197 63 103 224 196 74 36 119 168
    77 44 208 4 169 163 147 211 156 155 80 95 211 209 226 29 180 123 91
    73 174 146 176 44 135 206 147 247 28 101 51 155 82 68 20 226 216 152
    228 129 19 29 109 50 82 25 36 56 187 227 71 3 112 21 86 87 243 154
    101 125 59 11 98 15 238 187 74 233 65 43 21 226 61 253 198 131 246
    247 243 94 227 55 191 227 218 210 5 221 210 44 68 211 104 84 1 236
    254 222 39 14 83 169 40 206 142 215 56 232 87 197 112 113 12 235 81
    196 72 40 14 63 160 98 57 88 39 14 231 37 82 18 166 110 112 165 129
    162 204 13 231 29 3 67 38 40 234 3 37 224 1 167 122 223 167 68 250
    19 244 106 34 22 92 238 31 242 60 182 135 172 200 52 85 28 128 152
    67 115 16 4 151 71 150 94 46 34 168 185 185 32 212 154 138 171 128
    14 50 231 118 208 104 155 107 131 241 23 12 136 74 235 122 217 177
    53 238 34 61 121 133 253 136 189 251 148 176 18 113 134 19 142 109
    164 175 185 68 171 11 198 1 30 124 249 113 230 190 216 139 182 79
    106 129 124 24 97 160 75 241 69 116 151 51 6 60 217 244 26 41 52 90
    89 187 195 236 7 154 120 155 136 246 151 75 91 141 129 186 6 165 108
    157 53 115 101 75 148 57 55 120 134 110 245 225 28 103 225 52 251
    144 175 150 159 46 249 208 41 179 3 154 239 253 41 12 101 16 2 82
    252 99 18 237 245 169 236 105 172 230 39 186 150 5 207 126 41 249
    173 103 5 138 53 216 126 136 60 90 115 117 209 103 135 11 104 181
    195 70 107 85 146 226 116 212 179 98 242 4 113 234 181 109 152 228
    95 209 67 27 241 46 171 182 123 123 150 117 19 116 9 6 228 198 245
    78 4 152 122 249 220 33 33 189 139 239 115 154 142 9 198 48 228 215
    38 253 196 135 105 25 76 105 88 12 76 7 133 78 130 97 177 250 66 101
    197 158 173 99 54 88 219 85 53 52 161 147 184 72 201 159 140 183 108
    201 68 222 160 79 38 44 76 168 51 250 157 2 158 245 173 207 113 98
    51 231 130 125 70 98 137 51 123 204 78 157 193 103 102 74 225 249 41
    155 73 102 202 9 72 79 228 33 128 112 202 233 25 118 199 59 58 72 83
    163 227 71 109 198 132 182 79 58 117 44 153 165 143 164 131 53 106
    30 142 167 168 245 74 225 210 186 192 160 202 232 236 19 127 184 223
    250 124 194 169 211 175 101 162 218 232 130 252 178 30 74 152 111 96
    111 143 59 52 163 131 160 68 47 207 240 64 105 194 164 112 50 144
    110 236 105 120 158 87 120 245 221 243 59 53 24 90 18 77 136 15 22
    187 236 15 19 180 18 149 102 168 124 214 180 13 167 103 211 3 29 54
    187 62 13 19 22 70 69 170 66 203 178 18 101 187 241 121 22 55 230 70
    16 8 246 32 19 20 107 47 218 162 149 187 168 35 116 163 184 196 146
    136 140 210 151 95 255 92 62 103 70 254 217 109 29 251 48 95 155 103
    175 247 51 2 95 133 89 15 76 214 150 20 36 73 90 142 23 0 163 109 11
    156 26 41 12 103 104 94 22 159 189 51 231 60 228 43 210 55 125 241
    89 93 184 50 203 41 97 98 91 76 25 141 3 169 79 157 230 52 9 252 45
    34 247 212 198 15 89 217 13 84 210 110 203 103 175 196 253 192 105
    34 177 0 193 146 54 114 188 35 13 167 32 63 90 245 186 238 205 166
    140 110 15 5 243 65 143 160 87 192 206 83 168 177 144 115 50 243 247
    65 96 159 26 48 227 226 68 165 108 89 241 4 232 233 217 200 255 226
    218 114 227 80 219 201 18 110 22 242 32 180 157 107 15 21 115 111
    135 11 176 250 28 189 161 233 145 212 111 73 14 233 207 199 103 9
    232 102 67 22 207 154 164 11 250 231 211 210 191 21 205 128 230 50
    222 133 90 128 221 251 75 56 64 199 56 37 249 20 157 168 31 85 158
    218 106 60 61 99 37 222 214 240 111 225 163 99 151 132 113 48 43 1
    126 20 206 163 238 167 29 52 60 204 131 3 125 208 110 176 135 8 32
    41 198 147 220 138 202 142 94 15 13 195 71 133 13 14 86 156 175 24
    61 241 27 183 153 63 85 131 100 15 36 169 78 96 83 182 68 189 182 68
    2 155 222 126 252 222 195 98 223 57 237 21 36 180 76 62 85 51 200 98
    207 155 0 126 76 138 2 104 206 148 120 46 227 176 207 5 173 3 114 40
    122 175 21 49 8 128 243 211 161 65 151 227 61 50 113 78 60 111 143
    40 56 161 115 217 239 242 249 73 25 198 100 176 115 220 110 28 113
    98 239 78 66 251 204 117 100 201 245 240 84 72 83 88 22 20 143 190
    152 215 107 93 84 254 199 97 210 5 110 122 161 100 12 146 94 23 190
    177 181 110 56 210 64 123 235 75 247 72 119 40 95 74 72 60 104 56 52
    204 56 97 231 7 175 154 111 188 4 211 232 37 95 144 105 9 25 80 24
    229 116 100 52 81 189 15 153 101 2 145 82 111 76 223 80 73 213 169
    42 35 232 128 219 73 177 202 158 96 98 76 196 207 164 162 4 33 23 98
    233 196 95 100 186 125 89 129 108 120 57 43 21 49 211 169 88 106 80
    228 168 211 154 20 180 171 164 97 38 104 28 52 31 119 108 213 65 16
    119 211 50 177 228 20 208 245 210 25 38 194 191 169 133 10 247 121
    35 164 14 96 138 119 238 44 42 1 167 113 131 109 225 42 80 221 154
    35 72 149 231 103 24 132 5 61 190 131 246 170 90 19 130 185 242 179
    127 37 251 142 5 70 16 166 164 94 152 101 125 0 242 175 94 31 236 14
    197 148 26 88 247 110 133 59 101 107 88 217 78 65 143 46 238 47 207
    172 212 55 89 104 142 170 210 88 245 215 81 222 0 66 35 41 92 233
    124 83 32 9 168 70 91 105 237 77 21 150 237 52 117 69 14 133 232 57
    137 90 86 192 223 27 65 32 20 155 182 14 73 218 77 218 182 76 176 32
    48 218 8 121 57 248 59 120 153 72 187 166 183 222 162 122 18 47 53
    127 252 241 161 5 191 236 70 1 235 99 202 202 121 206 157 112 200 34
    112 57 61 118 65 88 229 15 254 43 190 114 2 15 93 249 226 255 50 203
    189 73 96 131 111 176 213 96 75 160 74 222 230 64 67 3 162 208 226
    194 3 194 146 158 113 184 123 86 212 86 189 174 221 164 2 30 242 151
    177 133 109 131 90 216 225 110 212 229 21 153 89 52 110 205 188 148
    230 82 167 35 0 234 109 224 71 16 92 254 85 36 255 44 39 117 151 172
    235 247 115 24 183 5 154 31 82 100 249 147 222 169 92 120 122 185
    111 246 177 254 212 30 110 166 88 167 96 3 203 116 137 146 35 137
    196 74 7 86 108 34 107 249 185 121 127 152 110 215 113 95 150 52 181
    232 127 250 225 199 134 15 157 193 216 213 241 176 8 250 12 11 114
    243 192 102 36 231 115 5 123 80 106 46 91 87 213 232 163 22 133 109
    146 62 217 26 194 243 208 79 11 166 52 243 222 236 95 174 146 83 210
    46 61 212 142 212 55 58 18 10 35 138 225 218 37 21 156 181 114 210
    161 84 156 122 222 204 135 214 144 168 15 215 129 242 68 64 100 199
    196 162 170 42 186 164 50 87 114 59 212 224 58 15 228 64 16 75 23
    132 155 30 205 98 155 104 21 95 104 51 62 68 116 130 27 123 10 28 63
    47 42 24 38 78 157 5 252 152 38 48 111 53 33 154 170 83 248 185 52
    88 90 40 36 43 198 76 179 30 106 71 65 104 132 20 6 178 188 230 192
    159 150 175 169 107 169 75 92 244 28 90 219 251 163 67 68 228 20 137
    42 210 106 189 242 161 182 162 158 75 255 253 243 68 226 239 214 223
    155 53 165 24 239 173 99 12 118 94 223 117 110 244 78 151 96 169 251
    154 130 177 174 161 13 97 192 20 3 22 8 76 130 134 176 127 206 47
    162 148 49 40 87 86 164 112 35 0 50 162 7 162 217 9 118 162 42 209
    241 63 21 253 53 202 178 25 40 165 164 53 101 124 16 66 54 179 159
    157 59 54 229 148 50 172 75 142 128 250 60 51 125 211 189 196 98 92
    166 109 137 29 32 9 54 114 184 45 40 183 130 145 72 160 29 59 181
    195 246 130 129 250 48 70 6 39 136 203 30 172 243 72 57 158 212 69
    40 88 67 98 46 45 72 151 201 31 230 223 232 89 114 218 27 154 114
    122 206 83 140 2 234 70 83 4 217 213 187 133 87 4 162 185 134 228 25
    195 32 170 95 99 124 105 152 123 164 90 160 58 235 54 135 243 33 226
    51 50 251 225 191 144 15 150 86 209 185 99 120 171 228 38 203 206
    122 198 92 188 112 240 238 12 91 56 137 74 73 17 23 13 13 75 212 175
    254 139 53 20 229 227 61 173 143 86 128 180 156 136 172 43 93 175
    254 218 84 197 0 118 144 36 96 172 161 20 195 219 14 227 95 185 143
    174 26 152 220 232 127 115 28 175 175 251 214 45 121 109 154 15 48
    175 152 169 247 222 167 87 140 34 7 35 177 209 23 150 176 57 140 71
    241 141 165 73 125 77 12 146 159 251 159 231 206 101 79 108 201 249
    198 109 235 56 221 213 152 10 240 251 65 117 68 86 88 163 82 159 64
    23 181 244 182 41 80 234 222 8 89 168 117 223 193 35 52 233 7 88 13
    227 246 101 109 91 3 67 107 36 48 101 128 165 71 113 70 168 108 62
    133 25 101 28 26 38 21 145 154 131 126 132 66 27 108 57 118 244 124
    50 214 32 36 252 118 151 187 103 219 250 113 35 149 231 242 190 153
    220 21 221 248 96 251 81 78 157 189 93 145 33 239 146 251 72 232 76
    4 245 140 129 198 47 210 8 231 16 10 176 113 203 84 190 94 252 128
    109 66 123 85 12 43 104 111 57 229 143 45 170 126 83 122 189 94 67
    25 246 246 102 233 189 76 144 30 67 160 40 220 75 135 176 197 90 40
    42 198 129 87 26 233 43 54 199 139 29 251 90 94 182 158 88 74 69 21
    32 231 4 198 141 203 18 151 57 66 44 155 125 62 221 67 246 19 11 69
    217 11 128 118 64 53 240 138 85 55 163 223 197 34 108 87 252 7 4 123
    246 42 9 201 237 44 205 191 232 16 169 63 72 162 58 129 109 186 127
    166 228 59 57 220 90 121 246 250 209 132 66 1 121 236 193 224 64 200
    5 49 66 22 94 72 246 33 16 208 82 134 122 79 145 26 172 196 176 124
    192 139 13 91 196 211 188 168 153 188 204 242 223 61 54 238 187 28
    95 117 192 247 215 126 38 33 80 227 182 157 77 81 226 115 61 45 43
    63 172 75 145 212 155 240 133 250 90 186 141 193 124 222 175 93 34
    222 29 72 99 101 73 83 79 9 95 196 150 163 132 143 60 22 200 54 252
    25 90 168 209 221 180 37 164 117 136 28 100 145 191 218 125 156 252
    99 128 50 69 7 115 242 176 217 65 199 5 8 45 61 96 96 80 96 69 169
    91 203 25 2 107 65 48 230 87 113 141 106 179 208 251 231 210 199 235
    156 25 103 31 205 73 246 106 87 208 15 76 226 219 81 11 250 35 155
    111 77 48 121 112 55 151 150 41 71 109 246 199 105 232 175 240 247
    235 126 25 52 190 100 87 185 206 2 167 22 218 83 8 109 25 251 93 99
    112 138 168 166 50 94 10 162 4 142 191 150 166 66 133 103 134 177 3
    93 165 123 40 244 80 63 51 209 83 21 240 254 31 96 234 63 149 114 44
    201 88 249 177 212 52 164 29 130 171 153 181 34 99 16 199 140 218
    113 34 141 215 115 137 146 197 251 239 51 111 117 81 49 100 219 70
    14 204 93 11 3 119 187 195 70 125 27 97 226 8 141 206 133 107 186 25
    107 103 227 46 44 98 40 250 1 194 214 89 220 6 62 56 37 163 85 86 29
    178 20 178 167 130 139 54 15 212 194 176 151 189 51 44 169 78 232 87
    26 127 242 131 101 213 68 187 204 251 4 203 21 199 94 40 133 254 186
    85 0 48 156 75 192 64 204 125 176 206 150 31 137 39 31 101 234 112
    218 144 58 31 216 253 114 33 66 234 24 157 186 90 62 124 28 130 162
    19 102 20 9 58 158 136 98 175 158 154 215 219 158 5 44 190 17 159
    245 186 131 133 180 159 253 28 56 133 111 101 136 188 196 59 14 28
    109 242 185 229 131 91 11 62 154 64 215 28 120 113 116 176 102 129
    237 52 212 254 135 61 144 32 91 72 195 240 65 208 148 2 214 16 209
    199 186 55 216 30 84 29 137 122 105 186 71 133 169 14 142 0 103 106
    13 202 102 190 142 12 136 232 61 32 192 17 253 56 121 230 67 149 63
    17 210 61 48 198 31 126 50 29 165 184 143 124 89 42 240 214 232 36
    115 98 88 10 75 5 158 91 14 101 181 175 1 33 116 202 141 232 238 146
    98 61 73 184 192 30 51 31 73 8 216 64 75 205 220 243 52 92 90 86 151
    254 117 78 222 65 246 244 178 40 207 94 34 164 45 50 106 184 143 76
    202 213 172 212 135 167 97 188 49 216 14 240 30 164 235 128 34 213
    215 133 47 172 60 146 52 33 80 150 87 100 147 245 111 104 187 34 210
    152 41 254 238 84 21 49 232 149 182 151 148 100 203 92 161 155 97
    251 173 90 154 47 204 62 112 105 55 169 8 201 101 185 142 134 199
    119 18 174 142 55 127 181 120 19 51 46 8 89 14 73 158 125 194 60 55
    255 230 214 53 178 44 11 76 114 25 188 238 235 187 251 13 123 141
    215 179 54 108 246 104 202 116 40 5 249 99 61 172 209 170 86 79 193
    157 230 197 10 103 114 1 136 77 175 23 217 206 179 141 227 175 98 72
    82 238 37 184 226 139 4 57 71 52 118 11 119 5 153 5 209 148 125 16
    72 67 81 82 67 54 231 2 164 34 84 25 255 122 219 239 5 50 116 164 39
    230 180 107 51 91 36 53 36 51 175 100 67 76 3 89 58 139 190 206 100
    26 224 140 168 123 13 82 200 199 76 34 171 134 11 66 98 67 223 246
    172 12 241 192 114 108 10 111 178 156 127 57 137 140 16 4 205 84 119
    20 204 160 216 108 103 215 177 76 55 14 37 249 65 25 218 33 209 181
    225 202 102 151 99 141 39 64 71 224 102 19 76 107 111 194 15 12 93
    201 43 90 137 21 42 38 21 145 32 32 206 1 142 10 10 61 24 117 43 111
    63 178 19 114 153 243 1 100 162 2 142 66 124 103 105 123 23 12 49
    109 213 8 237 244 88 68 250 41 21 249 94 107 220 176 232 184 205 147
    190 67 36 65 92 3 179 220 88 248 25 12 33 204 185 183 242 227 13 71
    1 249 104 96 197 41 139 224 12 97 143 19 13 216 211 145 96 53 254
    116 153 138 155 144 129 208 198 145 135 132 95 104 150 20 145 246 33
    48 193 130 83 61 97 144 255 4 188 60 40 194 9 228 43 60 52 113 100
    229 5 243 216 67 83 135 33 17 79 90 220 153 15 205 149 11 211 95 11
    246 61 84 169 10 51 210 203 167 101 156 35 141 166 42 113 64 92 78
    161 31 177 57 188 68 194 204 228 66 97 98 132 174 85 145 244 113 184
    1 232 204 64 93 131 212 136 226 164 211 49 82 151 85 211 75 253 91
    56 88 36 240 144 66 133 190 239 244 64 196 82 67 211 80 101 220 198
    154 108 87 59 86 139 38 203 10 22 25 171 115 94 246 67 54 212 93 58
    136 171 236 91 144 164 165 76 154 38 176 101 218 129 8 18 154 51 206
    133 225 70 101 236 73 171 125 81 229 144 89 140 85 35 233 237 6 197
    201 5 225 198 65 116 141 173 118 233 85 208 47 194 249 200 190 146
    113 139 193 236 212 77 152 111 151 36 206 174 243 255 147 65 76 244
    18 218 182 139 130 215 205 50 99 108 219 22 244 129 29 133 95 169
    158 13 93 230 40 27 7 10 199 182 2 114 182 118 124 77 243 224 29 30
    26 133 25 202 240 167 18 210 200 34 183 3 94 202 136 18 224 150 86
    128 160 159 211 178 94 197 210 151 146 89 26 192 130 188 210 191 167
    186 104 11 55 133 98 99 40 193 246 22 79 16 142 251 208 234 144 101
    52 133 151 63 119 217 183 158 148 11 59 86 25 23 30 7 22 31 225 36
    101 162 33 125 186 158 187 215 69 178 211 180 24 210 99 118 177 87
    103 221 207 227 79 28 32 226 219 110 142 156 93 30 155 125 165 229
    128 13 161 38 64 53 180 251 40 106 215 197 223 131 100 220 26 15 167
    182 196 150 123 122 16 192 124 63 123 190 219 243 32 148 20 199 50
    107 111 28 137 192 41 197 158 122 96 14 62 40 67 219 131 146 98 142
    116 187 94 121 207 237 207 107 243 41 185 34 192 188 205 25 36 153
    243 38 223 153 158 98 21 225 89 59 17 250 90 47 203 27 255 67 228
    114 151 252 234 161 100 215 110 19 19 210 63 30 51 190 64 10 233 119
    247 195 65 12 82 159 106 223 248 173 215 166 179 79 98 213 38 150
    128 1 113 162 92 91 25 252 179 215 123 224 68 162 196 26 241 48 218
    190 91 58 183 114 127 25 49 148 247 3 70 132 195 238 193 15 221 80
    42 199 193 101 151 50 87 235 228 73 206 7 108 205 244 7 151 144 38
    48 57 42 76 176 106 249 5 34 254 43 187 95 45 40 211 35 121 255 176
    230 120 51 58 175 251 0 106 36 200 223 53 122 240 202 44 145 179 48
    205 229 198 118 173 68 80 227 70 173 114 221 245 225 36 80 83 127
    219 46 57 165 244 193 183 188 234 61 115 42 68 167 8 221 107 251 235
    45 220 79 30 107 255 44 189 219 57 66 107 64 98 77 233 87 77 199 159
    225 101 87 131 147 160 31 147 194 78 223 101 214 42 151 54 6 252 235
    212 13 32 24 158 26 156 2 203 42 171 44 36 12 185 34 68 70 25 243 99
    231 144 145 52 0 62 126 42 137 116 226 239 235 89 213 128 155 42 143
    59 131 48 37 210 170 254 52 169 22 192 43 66 18 63 125 186 39 49 225
    237 151 130 62 246 246 140 199 28 197 42 162 58 127 75 67 123 252
    173 239 171 58 246 48 208 80 207 34 128 64 4 27 198 121 93 180 183
    34 171 19 230 86 12 117 87 255 194 157 230 141 70 34 94 116 55 244
    194 187 137 208 111 140 141 122 205 121 96 104 77 129 41 107 32 34
    202 11 47 115 226 110 51 105 99 211 51 169 164 106 38 250 102 176 45
    99 134 125 173 182 188 138 120 78 80 108 197 163 140 95 97 50 87 173
    4 98 106 56 123 196 34 255 195 68 81 34 56 243 41 144 20 98 193 22
    127 230 51 187 94 23 124 57 41 229 140 193 4 65 245 96 181 128 101
    61 236 158 77 9 163 1 27 89 6 153 210 68 240 133 73 240 17 26 120
    138 120 80 247 165 17 47 150 179 176 23 49 198 232 241 137 188 196
    204 56 190 228 28 120 96 216 108 111 236 78 7 38 186 97 239 199 59
    62 203 195 60 167 103 121 101 27 90 217 110 154 178 97 25 174 137 70
    85 174 152 110 38 134 179 224 186 58 125 114 85 198 69 100 83 72 93
    124 87 88 70 132 136 65 235 220 96 13 69 252 152 64 185 175 124 169
    64 155 254 139 252 145 22 199 15 120 27 22 150 166 64 81 123 153 76
    145 135 79 104 136 5 127 243 145 174 184 35 124 60 135 42 58 18 212
    26 152 174 216 228 41 176 103 13 153 79 46 143 86 11 62 92 66 4 209
    61 132 162 128 148 162 47 77 166 223 228 78 145 48 33 188 43 58 68
    231 173 162 44 26 95 157 125 201 106 155 134 78 117 164 213 209 162
    131 226 237 102 182 25 4 72 232 82 180 109 215 194 8 114 136 155 251
    124 86 100 6 164 77 222 105 91 61 68 28 111 40 115 38 129 156 220
    159 108 20 44 48 248 220 55 47 245 42 97 66 166 59 125 67 177 23 46
    207 160 103 247 120 178 223 4 176 6 51 206 180 60 158 243 214 119
    232 205 91 13 84 171 132 230 131 107 16 230 235 117 254 146 97 91
    120 177 131 252 115 125 235 15 132 121 225 236 204 221 184 73 209
    162 231 121 12 135 239 39 93 127 191 130 219 222 88 192 165 72 86 96
    159 93 151 148 23 150 170 198 84 47 117 130 133 199 51 48 91 13 107
    88 59 207 123 122 203 130 60 39 138 225 172 61 43 131 251 154 147
    128 240 124 170 229 148 133 184 162 159 122 255 212 250 82 82 241
    212 39 96 173 73 11 88 12 45 192 228 174 34 66 76 58 116 163 132 164
    235 141 120 138 208 166 245 59 217 6 146 106 186 1 230 195 16 217
    196 157 176 253 136 242 162 187 194 250 161 189 57 34 255 103 96 64
    30 22 237 140 140 204 159 240 194 179 116 177 38 110 39 38 0 254 145
    84 44 145 237 105 109 14 66 174 86 22 180 229 1 69 209 21 221 106
    218 153 108 197 102 243 3 42 34 11 212 160 89 208 178 30 170 203 106
    115 92 134 137 187 211 220 228 34 205 226 30 84 193 124 51 197 101
    66 83 154 195 91 3 40 34 221 65 239 135 242 65 83 68 186 153 32 12
    19 130 192 91 97 3 66 126 171 218 186 155 11 226 96 74 127 168 235
    62 143 247 190 94 39 216 102 62 255 251 20 139 207 137 137 212 45 51
    122 118 85 68 189 224 206 65 160 148 196 59 86 99 88 46 215 95 253
    249 79 253 207 202 255 204 241 43 1 84 37 121 35 203 205 249 204 160
    175 178 11 99 124 10 142 129 36 56 42 18 164 203 217 55 54 198 59
    119 151 113 111 19 193 66 16 139 134 4 203 48 180 46 130 222 64 48
    194 22 221 215 195 179 248 166 149 15 140 169 196 128 20 153 208 125
    62 29 35 30 186 89 241 125 229 233 31 163 252 175 46 152 100 162 20
    13 194 236 201 231 8 128 223 100 9 26 251 129 105 253 232 176 103
    241 251 149 75 198 24 38 209 244 140 23 25 210 142 74 241 65 209 39
    240 151 72 117 40 83 68 178 253 20 103 11 57 253 69 62 87 158 190 19
    6 13 122 248 44 97 109 255 127 146 161 193 213 10 233 24 234 66 122
    214 159 8 101 232 24 95 100 29 16 106 245 126 210 215 10 148 118 210
    173 1 161 3 199 243 153 53 109 90 199 106 10 25 143 80 92 104 71 189
    59 58 232 30 52 34 168 55 141 17 144 26 141 223 21 224 61 103 195
    235 5 76 222 31 130 147 239 167 194 70 76 145 103 117 239 40 142 73
    0 109 12 230 24 48 247 228 150 40 62 126 221 191 17 35 23 111 178 5
    180 28 153 250 195 255 230 117 13 199 237 187 189 198 203 81 111 187
    144 182 168 232 197 17 99 120 21 237 213 28 254 41 243 255 101 63 53
    138 124 121 166 103 213 128 5 249 19 87 247 75 62 189 125 101 9 202
    4 131 227 79 243 202 116 252 79 21 81 174 26 9 169 229 13 31 143 109
    198 219 128 187 108 238 253 119 96 86 134 229 162 52 162 160 220 172
    33 195 165 189 18 235 174 39 230 174 18 51 28 14 115 57 226 31 94
    135 9 84 85 176 197 118 80 204 82 37 140 214 27 181 54 249 179 103
    222 109 81 250 129 43 221 194 90 115 242 195 122 209 48 186 252 192
    243 161 210 98 184 233 204 78 37 206 127 118 198 97 59 237 187 138
    196 141 106 0 101 189 192 130 170 200 7 25 34 172 136 141 82 156 139
    198 88 67 85 48 11 18 144 111 90 134 46 90 156 62 27 48 150 44 30 74
    212 13 252 7 147 27 61 216 65 20 248 76 242 170 53 183 231 165 101
    181 182 42 163 178 5 112 149 150 214 155 157 194 233 229 27 201 37
    245 15 174 215 180 140 231 38 196 33 231 225 255 15 12 138 242 20
    121 225 83 69 64 191 143 238 99 165 141 60 207 17 49 167 151 245 118
    166 232 235 232 219 167 100 216 25 117 155 185 19 85 89 57 63 58 13
    213 12 97 40 5 147 255 168 33 177 57 157 253 28 193 166 128 202 122
    4 31 199 79 32 86 212 23 42 100 214 138 140 193 141 194 249 196 120
    51 97 124 212 36 62 28 47 98 116 11 188 52 120 65 136 88 118 48 79
    182 208 113 185 81 23 189 59 27 105 42 94 74 133 224 83 148 57 215
    242 155 193 110 148 191 33 212 89 179 58 71 113 164 66 164 41 160 19
    101 218 87 20 75 155 198 110 253 54 255 20 14 209 234 143 191 4 211
    132 114 41 164 137 94 4 76 0 121 162 67 17 200 218 137 8 136 175 243
    76 124 28 38 57 161 48 164 101 95 59 66 158 140 72 125 210 130 82
    222 191 159 251 178 130 21 51 124 0 49 222 131 117 39 17 155 188 175
    152 62 200 148 143 115 217 145 16 164 166 82 131 93 83 25 10 54 206
    117 75 2 249 109 154 7 79 66 16 79 145 160 23 65 125 172 94 246 109
    21 73 6 248 180 223 78 221 84 217 102 131 6 46 87 154 235 73 26 97
    238 111 28 100 241 235 32 98 147 192 234 121 96 143 249 182 62 84 11
    103 133 85 182 228 117 67 217 185 197 37 39 23 106 38 214 226 82 38
    194 231 223 212 140 220 70 5 113 95 240 80 141 97 57 24 111 61 39 11
    85 233 24 90 206 194 240 245 18 183 205 142 209 62 193 141 99 236
    192 188 30 211 198 152 172 122 212 150 70 191 55 116 55 186 162 141
    32 83 154 2 125 85 101 198 101 211 77 20 116 155 8 130 84 90 176 29
    77 140 150 116 102 115 224 1 14 170 141 134 77 245 143 117 170 233
    233 187 47 112 86 111 118 176 140 160 162 212 189 214 2 0 51 172 220
    215 185 51 198 141 220 201 152 243 83 19 167 240 162 46 165 24 69
    233 183 42 15 235 69 34 90 185 191 234 177 67 141 62 121 243 228 22
    69 164 136 206 194 144 11 68 62 48 116 121 212 233 111 222 152 191
    190 88 14 194 166 121 110 193 15 229 99 195 116 170 191 229 155 171
    108 40 60 53 139 220 248 144 253 211 214 8 221 25 55 60 73 199 28 39
    195 77 140 165 227 2 120 234 197 206 51 208 188 147 213 200 243 54
    163 181 222 191 45 231 87 111 193 176 247 141 51 68 127 56 26 125
    144 38 67 56 53 146 73 161 184 48 4 74 84 68 176 92 37 138 193 65
    224 105 248 154 165 136 137 108 25 43 25 124 48 118 13 209 212 73 98
    109 247 171 72 158 173 137 50 77 120 223 71 162 93 53 158 171 150
    219 17 186 226 87 243 44 239 51 139 33 192 82 237 159 11 164 12 132
    222 42 185 173 201 119 126 129 40 206 48 210 211 25 12 15 73 238 53
    211 171 252 207 133 128 138 187 75 186 135 37 19 228 169 42 35 9 232
    10 161 9 149 121 118 31 190 195 166 88 136 175 122 78 70 244 27 203
    85 229 226 247 106 51 109 250 11 47 157 74 255 226 225 225 21 58 183
    90 179 37 212 228 114 168 226 1 182 215 242 123 205 217 133 40 177
    186 25 2 135 113 14 153 70 22 186 74 123 212 135 193 22 164 53 209
    255 107 162 87 15 153 188 162 21 211 58 210 119 93 231 221 241 181
    84 56 191 98 41 11 92 187 110 252 193 192 62 245 243 240 70 53 140
    230 145 37 246 15 249 115 100 102 223 58 135 170 100 52 56 221 48
    242 109 202 11 63 73 93 108 89 63 232 104 80 24 142 33 60 218 94 36
    217 176 103 15 78 184 28 148 216 160 135 222 89 79 72 137 195 1 52
    234 100 133 211 30 5 65 145 151 102 4 241 13 91 220 49 56 134 188 19
    234 182 102 37 50 40 121 245 229 171 217 233 170 108 95 99 52 194 90
    25 59 190 206 161 149 114 191 86 149 113 93 148 127 0 93 142 99 100
    243 61 80 141 190 177 61 149 218 36 240 6 160 118 0 246 187 221 254
    1 130 86 70 75 96 12 33 96 252 98 178 221 39 35 123 126 21 41 252
    212 28 85 142 196 88 43 230 152 245 70 3 165 91 90 33 25 241 192 167
    229 224 68 216 227 202 176 232 90 252 242 28 152 139 223 68 103 203
    49 218 233 99 189 224 208 69 246 38 120 72 189 74 0 118 187 89 179
    123 110 82 39 224 55 34 112 71 102 51 131 180 93 197 96 133 140 120
    9 251 20 159 199 67 3 72 172 81 147 35 11 179 127 91 145 197 110 207
    239 39 36 96 61 168 210 225 41 254 135 37 202 197 172 45 25 225 87
    26 198 36 237 204 157 169 193 172 101 208 131 64 193 149 30 71 210
    39 42 172 81 1 177 136 184 215 78 60 232 230 85 179 198 12 58 7 242
    176 214 93 233 133 96 179 167 141 228 92 102 9 192 85 101 57 81 23
    124 145 96 157 116 24 41 130 30 85 56 247 84 247 183 241 62 238 60
    195 207 89 43 204 105 237 176 28 195 109 140 117 64 51 190 236 221
    229 252 219 173 81 187 243 200 142 205 124 84 188 208 45 121 224 173
    180 67 30 206 238 195 69 115 19 12 241 10 81 242 138 117 106 3 174
    119 141 213 47 241 240 19 53 133 85 166 186 12 60 197 180 117 86 224
    113 55 116 73 130 43 85 198 206 190 95 155 226 187 140 93 88 246 112
    215 70 39 13 84 135 97 216 169 19 146 229 105 46 186 213 233 197 173
    91 145 30 235 3 160 79 151 106 61 186 224 73 254 214 44 31 58 159 10
    207 162 206 126 175 74 70 128 119 43 169 149 236 146 23 187 219 241
    241 197 17 77 77 174 21 251 244 226 239 248 219 101 170 171 194 178
    86 196 153 149 185 198 113 157 37 79 228 214 222 154 78 154 170 72
    250 105 182 239 88 21 25 115 187 238 87 155 175 112 99 106 216 185
    42 118 59 119 220 134 146 31 212 120 163 169 51 120 230 18 231 200
    137 126 127 32 64 133 114 49 8 131 68 34 182 101 68 4 42 54 6 23 168
    172 169 85 120 110 17 74 216 77 0 101 102 204 24 192 139 187 14 151
    220 170 150 34 88 109 149 92 107 211 81 177 178 81 17 155 128 51 6
    248 101 175 7 89 81 84 127 101 106 27 217 194 108 139 151 99 150 199
    92 43 192 69 76 97 117 151 64 160 141 36 61 57 32 53 159 19 218 218
    36 160 192 241 191 160 137 12 136 155 249 55 194 25 134 201 84 178
    56 56 51 66 69 37 116 39 96 38 32 185 179 232 250 65 179 75 92 251
    177 149 233 203 52 242 81 142 107 88 102 0 11 117 136 140 109 18 176
    184 151 220 26 247 135 79 156 78 46 133 180 206 184 225 26 133 153 8
    17 45 193 128 183 47 127 83 40 167 79 245 99 226 144 150 78 8 116
    117 68 32 242 162 178 11 145 66 214 50 1 160 35 189 235 201 207 179
    31 28 114 113 133 231 83 49 105 28 141 159 30 54 44 179 37 236 193
    20 18 186 191 112 57 59 1 219 72 2 80 64 55 90 25 152 238 57 199 120
    198 133 63 40 156 179 15 84 228 216 125 213 73 171 106 147 135 178
    101 176 125 4 48 126 26 182 109 93 0 238 120 142 142 182 92 65 253
    120 82 111 214 144 167 91 238 223 43 194 77 207 194 145 219 116 4 96
    182 17 155 240 142 42 206 102 243 95 198 176 58 230 88 7 109 94 51
    46 3 200 120 135 27 45 155 77 243 192 132 207 102 13 220 160 219 244
    28 71 236 66 180 255 15 138 245 15 180 34 162 13 97 200 134 53 149
    200 216 139 208 71 156 52 228 224 172 49 74 97 217 54 132 49 127 6
    31 38 202 181 254 77 145 182 237 29 161 68 52 202 58 163 57 21 215
    129 186 61 236 78 253 217 199 79 90 193 230 112 189 183 76 184 40
    196 11 155 189 21 225 83 74 186 15 90 203 182 52 115 28 46 10 222
    183 56 214 132 57 211 166 28 72 182 10 86 147 171 105 56 64 59 23 6
    139 102 70 4 231 197 132 78 87 82 182 233 42 237 131 122 177 255 214
    189 136 147 164 106 94 164 10 150 90 156 134 228 105 95 94 55 27 82
    7 185 33 200 95 161 54 124 174 67 253 122 160 156 86 111 185 203 151
    218 88 249 52 4 184 242 31 23 104 255 120 65 1 223 131 10 146 134 32
    129 66 18 112 55 231 183 229 108 189 207 178 86 51 181 110 42 201
    125 5 204 12 102 120 237 154 118 246 88 96 159 171 15 184 35 59 138
    225 176 153 94 108 112 210 38 254 119 2 140 163 99 167 41 98 252 243
    80 169 58 164 184 117 13 49 47 63 150 246 42 212 111 0 57 35 223 24
    116 220 201 38 48 203 205 76 31 168 10 60 104 239 137 41 200 194 201
    219 192 220 180 115 224 191 208 158 224 250 174 150 113 249 251 228
    206 67 60 208 74 28 82 142 248 169 73 192 92 84 166 157 197 216 57
    24 88 209 113 26 11 63 141 232 120 134 63 250 124 18 134 144 143 45
    146 29 103 191 170 249 146 61 182 199 187 24 247 207 16 71 230 173
    217 212 20 159 68 95 41 135 134 150 116 51 255 62 207 118 97 194 27
    132 200 74 86 38 15 222 157 133 25 144 232 151 163 80 136 14 247 23
    238 155 239 27 114 102 120 199 72 32 119 27 219 33 73 151 197 55 122
    200 4 171 134 60 210 67 201 41 111 78 118 210 187 79 202 246 210 38
    216 115 181 210 115 10 177 78 227 213 149 80 1 34 189 238 74 210 237
    27 189 42 85 103 111 16 115 176 172 168 94 91 56 67 92 250 59 155
    251 152 252 63 40 149 84 147 174 215 224 41 27 34 225 200 135 245 60
    158 110 162 89 184 95 30 213 255 113 103 55 157 66 139 15 118 63 144
    40 109 222 73 91 237 159 15 158 58 16 78 131 48 86 223 24 155 16 50
    140 34 27 164 44 249 107 56 90 171 138 134 77 17 139 115 46 26 138
    167 123 36 226 100 248 66 173 41 182 147 134 190 191 81 149 78 98
    154 52 175 43 10 20 106 247 93 50 183 120 222 244 112 252 63 199 204
    82 35 20 90 114 209 51 54 122 20 109 122 99 153 195 101 233 66 10
    188 51 103 76 226 21 65 202 230 37 182 174 114 142 128 43 150 93 149
    145 82 249 31 245 241 49 5 73 165 209 134 140 91 28 193 86 49 179 44
    188 120 129 58 136 20 92 92 197 78 189 61 250 84 230 50 140 173 64
    101 42 168 115 126 218 137 18 31 207 10 78 249 54 32 77 58 60 121
    131 73 22 23 82 229 25 250 213 249 66 190 154 36 45 27 34 250 80 111
    105 97 157 66 105 107 154 147 248 193 1 227 216 159 62 23 154 175
    140 146 69 214 215 158 32 161 98 205 100 23 18 107 186 252 134 150
    205 214 155 222 74 181 146 252 115 201 234 190 239 0 77 49 34 47 82
    48 66 203 156 100 40 11 212 180 250 181 1 241 182 250 80 187 15 130
    157 142 220 181 200 186 134 20 155 85 17 79 25 227 212 23 195 232
    246 169 58 163 193 102 69 21 199 229 58 139 160 110 194 159 52 186
    195 46 219 75 95 82 51 216 76 18 204 225 9 91 103 175 167 163 106
    204 2 136 164 241 241 1 190 63 38 127 206 212 201 131 102 131 44 157
    203 187 115 0 252 224 131 61 109 120 156 229 118 216 40 241 155 133
    0 171 26 113 176 212 187 81 218 53 148 25 103 155 133 16 144 208 119
    111 113 91 203 147 17 241 52 207 120 150 203 235 105 224 154 1 50
    251 83 203 22 149 72 174 136 8 19 166 7 101 132 91 121 54 2 12 150
    214 172 75 210 129 75 246 228 116 55 126 137 222 80 243 17 166 83
    189 71 166 158 0 124 221 144 203 53 115 109 155 9 189 69 221 6 97
    195 112 33 117 51 125 253 135 198 2 116 0 4 235 51 228 145 57 86 180
    101 31 155 227 179 119 238 33 163 135 94 69 36 192 41 174 231 45 16
    95 208 177 30 181 90 152 85 144 101 86 11 27 113 23 172 23 93 75 210
    208 217 123 51 54 6 47 206 131 218 115 70 121 205 52 4 46 127 158
    162 120 243 197 133 207 185 28 143 106 50 164 118 148 57 198 196 237
    236 122 86 242 168 144 143 175 174 102 228 164 47 217 177 67 79 192
    102 6 113 29 120 25 122 249 23 47 179 151 34 202 202 8 188 48 144 5
    120 60 69 33 137 212 3 58 215 151 81 229 173 38 19 97 166 60 167 45
    57 39 249 143 204 227 50 5 251 205 229 28 5 179 113 221 120 180 236
    160 195 110 78 83 245 227 239 91 103 66 154 30 118 149 52 82 189 124
    145 193 234 65 38 237 171 239 70 179 178 69 129 248 242 170 167 247
    236 6 49 246 229 72 211 215 246 219 136 218 184 216 60 185 128 80 98
    45 150 116 25 78 153 10 1 18 102 148 134 58 121 181 52 187 63 191
    196 203 168 63 175 217 21 130 103 118 213 223 155 213 158 180 226
    127 2 13 186 252 81 145 205 113 83 208 59 33 163 142 174 136 194 199
    81 250 151 197 186 4 98 81 155 68 10 47 62 186 254 39 156 216 216 36
    173 117 105 225 55 177 238 71 78 43 250 220 75 230 119 222 239 16
    124 57 2 83 241 195 65 112 195 143 37 210 12 136 232 113 72 96 110
    70 231 18 185 79 181 111 175 98 197 99 231 213 67 120 204 155 247
    186 104 120 191 122 66 22 241 237 212 69 76 104 58 46 228 7 9 243 51
    130 87 250 225 187 254 252 78 28 189 139 159 175 220 19 60 38 44 230
    120 103 137 172 163 53 29 118 43 246 78 171 134 201 102 233 106 154
    11 236 245 99 150 71 86 86 184 202 230 11 44 9 106 46 129 230 14 191
    249 26 122 24 156 22 192 193 190 143 95 162 141 38 246 119 24 208
    173 146 69 146 127 220 206 24 196 87 114 208 196 195 178 237 117 211
    14 66 44 138 165 152 198 33 201 219 97 13 171 17 9 77 219 238 62 146
    180 225 108 71 125 154 166 94 246 137 70 130 227 90 110 253 70 237
    166 87 252 254 66 36 178 211 60 136 124 252 53 132 153 121 96 209 1
    244 166 33 149 56 42 176 78 230 212 154 103 174 103 73 109 58 252 63
    32 13 116 74 173 19 136 66 214 135 178 240 165 92 175 111 23 250 176
    187 3 51 151 5 143 18 97 220 96 226 148 68 224 146 176 204 57 147 83
    175 39 136 183 100 139 198 111 220 117 62 5 188 178 140 233 235 125
    247 169 78 237 171 224 177 70 128 222 8 101 198 3 114 102 141 83 157
    55 219 155 127 142 186 245 20 163 200 110 205 172 28 91 58 211 210
    47 249 4 140 233 188 144 11 229 248 211 41 12 92 26 191 238 240 35
    24 227 77 118 107 116 159 3 29 172 77 143 142 78 62 25 214 181 184
    132 143 120 173 197 138 207 74 130 89 120 213 135 89 218 32 48 38 97
    88 13 183 59 11 154 44 6 130 99 237 71 172 229 187 15 93 68 60 178
    116 142 239 62 139 240 212 52 188 205 147 128 54 27 213 34 136 247
    209 68 152 85 44 175 7 146 249 143 223 187 207 132 75 255 66 85 111
    26 151 57 32 249 30 11 83 191 69 240 129 84 236 227 128 63 167 248
    51 92 156 225 221 233 111 81 183 239 249 245 192 182 120 216 100 107
    42 11 103 104 182 246 209 196 172 177 163 78 137 151 74 120 46 243
    124 218 125 85 228 183 189 210 156 113 137 13 117 188 13 144 177 27
    86 182 151 129 82 64 117 5 80 72 77 80 103 179 246 86 41 151 59 9
    193 72 52 167 54 126 160 168 36 221 129 168 104 202 248 188 113 167
    253 202 212 11 184 105 114 111 199 91 27 233 117 249 154 121 101 54
    93 76 203 108 116 184 27 246 160 242 117 131 249 36 119 99 168 140
    181 198 46 131 72 182 156 253 146 194 138 157 248 171 134 24 71 14
    145 52 0 141 113 137 221 11 240 45 88 246 161 40 199 146 203 68 255
    166 22 120 221 97 238 214 113 247 254 54 9 132 225 236 21 65 106 226
    222 200 49 49 119 177 208 134 134 92 197 28 171 252 50 138 3 81 175
    15 231 239 237 198 183 108 32 170 17 198 63 249 199 216 62 65 198
    235 245 236 114 209 199 112 13 45 164 142 55 73 102 43 97 126 42 23
    174 72 125 146 165 7 73 181 91 191 119 154 17 77 222 70 69 214 117
    193 122 244 42 248 46 201 216 99 55 181 61 191 5 21 217 150 235 226
    73 149 83 100 192 121 2 143 129 209 183 226 235 224 159 2 22 224 232
    203 28 203 182 125 95 217 79 123 24 112 119 178 223 139 127 118 189
    152 3 21 30 245 160 87 39 221 214 33 126 88 125 243 33 182 240 243
    15 152 18 84 163 84 198 89 199 43 30 66 78 7 35 37 118 12 129 155
    172 63 233 127 181 133 219 20 164 217 220 112 7 192 96 84 32 26 53
    45 187 3 224 12 44 25 13 97 113 51 143 185 145 109 104 31 135 6 19
    191 68 103 242 83 149 18 109 8 254 245 132 190 6 150 0 126 247 40 68
    154 224 226 121 57 228 182 55 204 236 159 191 159 28 13 113 25 251
    135 73 171 43 50 230 215 197 59 19 27 121 250 180 221 214 233 246
    155 80 28 187 70 194 219 47 46 107 98 47 153 183 5 8 92 106 211 26
    247 65 207 34 23 140 103 32 70 196 162 50 119 18 233 40 111 245 161
    191 104 110 58 52 210 224 102 72 191 135 73 147 149 193 148 230 102
    226 42 19 85 125 237 187 157 14 64 113 178 226 6 153 176 201 143 75
    98 128 81 69 213 234 56 11 145 169 172 216 129 157 226 121 159 244
    158 242 183 193 33 164 27 102 138 86 134 197 178 206 176 9 68 245 47
    206 39 143 218 222 177 47 112 4 153 56 125 155 129 40 188 169 214 70
    138 235 145 212 13 16 113 167 213 165 244 156 121 214 121 135 78 9
    174 0 55 26 247 177 65 15 252 62 152 45 81 85 29 87 73 111 73 98 108
    144 88 172 31 226 50 133 151 74 48 54 2 149 14 239 47 203 59 202 66
    110 75 118 94 212 239 160 208 2 87 206 35 187 188 130 85 58 114 213
    162 90 183 180 134 178 15 4 19 42 223 168 31 52 154 172 56 7 145 223
    103 15 157 127 51 73 60 36 240 84 246 161 36 129 171 32 248 179 142
    222 163 43 226 138 238 22 164 96 246 108 134 246 151 71 164 27 233
    116 82 113 148 169 147 232 43 204 168 185 70 61 170 79 228 244 155
    138 251 97 40 43 12 76 166 24 6 107 181 198 93 180 218 41 213 245
    222 113 16 53 200 171 178 114 179 31 22 205 191 242 101 53 245 142
    188 14 123 80 185 56 102 6 236 229 127 67 205 219 49 84 85 122 218
    130 24 204 103 94 214 77 199 204 36 186 24 230 20 249 98 2 54 100 61
    233 175 68 193 213 65 149 90 104 86 31 137 157 157 18 213 153 46 73
    236 173 199 38 6 83 26 112 221 154 55 243 232 197 39 162 221 137 8
    23 225 135 71 214 91 75 12 135 176 124 206 138 38 72 142 248 202 234
    105 211 245 170 172 160 225 96 41 68 15 218 66 21 254 71 186 34 216
    16 62 65 117 63 197 19 103 1 78 66 176 221 27 245 20 181 109 168 57
    126 235 222 206 244 93 178 133 142 52 244 122 47 221 116 62 106 213
    229 15 86 1 41 242 208 229 178 4 50 25 224 86 110 202 91 182 118 13
    47 84 218 59 235 204 180 17 158 53 46 236 7 187 151 107 245 65 1 149
    184 243 46 74 10 202 219 216 191 156 29 40 44 154 17 114 96 168 9
    251 144 255 186 104 60 47 2 192 117 34 173 125 38 64 19 106 24 11
    200 169 219 160 223 95 55 206 121 156 26 180 2 156 76 213 227 61 119
    248 95 59 75 195 34 24 56 78 234 83 69 93 150 122 152 22 76 13 185
    174 253 55 252 94 230 142 50 200 10 98 242 181 183 62 250 105 42 20
    128 81 251 177 231 195 99 70 174 132 24 255 92 140 88 237 217 249
    191 37 17 58 174 81 142 42 13 120 70 149 31 32 165 97 154 120 65 44
    140 104 200 72 137 155 160 221 27 57 183 9 255 34 205 72 34 226 184
    218 224 187 162 231 238 57 60 11 247 77 242 108 240 176 75 120 174
    110 23 109 95 185 48 148 231 176 193 177 236 34 135 185 7 72 60 102
    35 95 215 131 136 246 244 36 124 130 57 24 65 130 15 144 120 239 118
    189 107 116 123 31 188 14 231 254 175 171 132 46 150 85 211 222 211
    100 96 251 93 112 194 40 72 250 178 123 73 19 6 139 54 255 156 182
    18 41 238 125 57 223 178 65 88 169 116 94 31 50 105 250 131 89 183
    47 112 17 216 166 172 109 4 12 85 109 180 109 78 104 230 90 206 48
    234 76 246 72 221 124 71 230 251 2 56 189 114 116 106 208 84 191 187
    30 235 176 25 14 160 71 14 204 106 13 78 44 252 223 50 173 48 201
    149 218 98 151 107 33 40 10 212 238 159 94 118 180 160 187 240 11
    221 142 85 107 66 54 142 147 142 26 221 116 49 65 240 185 67 160 250
    32 213 244 143 66 3 229 179 253 121 11 224 254 0 85 252 153 219 120
    226 122 146 252 204 220 14 38 198 244 23 39 4 244 57 252 76 247 133
    86 51 165 40 160 1 97 237 92 10 53 87 224 187 232 125 148 240 111
    124 197 68 237 52 114 31 3 16 241 69 169 53 215 235 126 76 146 160
    27 152 0 161 72 222 50 183 153 247 202 227 180 122 251 59 248 109
    119 7 167 172 99 4 86 223 255 3 216 160 200 101 79 174 18 105 167
    235 71 36 162 230 237 102 90 80 136 218 78 229 91 154 250 72 96 99
    61 198 48 217 56 55 242 153 66 215 53 88 61 178 223 194 74 141 55
    105 0 24 254 201 64 206 60 117 109 249 194 157 98 212 149 251 121 35
    22 146 173 158 83 43 23 184 221 57 245 209 134 192 219 16 222 227
    156 160 200 207 58 38 78 55 158 186 153 195 213 202 175 73 156 166
    102 220 91 97 73 182 124 2 163 114 189 69 156 241 65 29 192 143 7
    126 27 254 129 85 238 229 51 199 136 31 111 82 229 108 44 117 187
    223 35 182 15 27 145 165 158 181 114 118 38 195 38 95 123 197 49 254
    52 100 218 74 238 45 147 96 19 239 170 214 209 45 117 24 226 91 229
    211 131 143 211 157 140 236 122 1 159 104 199 7 49 6 208 51 89 75 31
    126 182 182 129 252 152 16 209 199 140 156 217 241 76 67 66 130 190
    182 215 208 81 15 43 27 20 155 14 190 186 59 207 182 158 120 68 227
    193 213 121 203 41 151 77 127 97 43 228 170 146 228 1 10 254 189 28
    117 176 245 206 139 79 128 249 230 29 172 97 37 49 213 125 142 38 39
    171 77 27 104 90 53 38 139 192 29 58 236 107 225 245 140 177 249 46
    158 85 77 165 203 247 144 172 218 7 190 16 1 199 114 234 227 101 236
    140 153 1 217 202 96 34 103 253 45 235 166 2 122 62 69 21 179 250
    117 46 201 92 60 159 185 38 194 74 146 245 127 90 235 165 99 44 148
    186 165 25 54 12 24 141 144 66 210 57 245 132 54 252 42 242 232 55
    111 247 168 129 228 25 210 10 90 249 15 105 125 194 177 223 4 109
    204 213 218 101 12 245 37 66 216 109 248 147 194 248 123 98 95 11 70
    129 78 170 3 87 80 174 142 199 172 215 12 179 230 146 191 106 89 117
    133 229 58 5 3 20 150 192 251 74 105 105 161 17 162 44 159 13 253 31
    113 19 144 169 66 134 249 182 119 83 86 67 232 79 94 135 55 36 250
    109 35 145 148 188 142 194 48 220 170 33 245 156 77 208 243 187 171
    63 59 20 48 89 71 189 246 115 181 130 203 165 4 216 125 32 1 48 54
    153 216 55 111 216 140 36 171 9 172 230 38 0 252 182 109 122 240 82
    54 94 1 167 250 15 52 221 250 250 174 134 162 176 235 183 161 104
    252 62 143 54 75 124 110 140 78 35 191 169 249 88 126 84 163 246 57
    235 87 253 176 134 152 239 101 57 7 243 167 98 172 41 237 155 166 69
    96 15 139 70 192 95 139 148 232 43 33 136 150 59 106 67 57 45 29 53
    45 106 7 246 75 247 237 102 203 195 246 125 225 42 32 148 236 237 91
    57 251 101 81 135 27 79 2 60 59 228 139 95 185 211 111 97 183 253
    108 188 120 35 229 152 49 8 235 70 209 26 172 185 96 30 76 37 234 2
    101 18 187 148 211 83 26 137 163 236 152 34 24 187 140 38 51 77 78
    90 201 157 216 91 216 27 132 63 34 53 38 5 99 238 255 58 188 226 138
    222 22 26 150 140 200 44 43 29 106 80 141 35 111 46 253 159 196 112
    163 64 215 21 95 246 222 85 192 75 139 82 67 119 65 15 55 243 53 123
    178 247 125 222 130 72 254 67 28 58 184 157 56 69 126 22 214 225 108
    151 49 121 16 255 17 168 104 51 205 64 155 70 120 236 108 136 252
    134 179 41 130 6 134 234 40 197 46 176 148 19 86 32 115 238 51 105
    39 46 230 102 0 62 116 146 42 227 76 82 248 252 52 24 132 166 188 64
    160 224 184 109 8 111 61 78 221 178 180 77 149 86 124 82 160 75 92
    64 163 180 54 33 62 112 132 14 186 148 11 152 53 162 209 66 210 178
    102 132 200 210 163 149 138 217 133 82 203 158 108 198 137 206 161
    205 173 103 82 231 54 158 74 202 81 43 180 225 14 100 227 98 43 191
    227 214 211 221 76 139 158 25 24 250 223 14 208 251 54 23 71 239 35
    178 58 209 235 155 211 133 36 163 73 225 77 109 153 206 84 42 173
    191 218 236 37 7 75 197 152 37 123 56 167 200 18 20 26 180 50 108
    201 65 126 107 169 53 194 87 253 96 42 221 156 127 134 82 11 33 118
    154 20 70 32 209 158 39 17 219 232 177 170 203 106 135 254 83 74 18
    229 126 53 180 174 12 65 222 155 58 4 52 85 71 127 22 67 162 234 49
    191 30 56 156 180 185 125 151 16 233 130 52 19 153 21 27 14 38 163
    175 161 135 204 251 64 25 97 241 163 56 123 37 28 20 230 223 201 67
    0 240 146 180 206 185 73 50 145 250 136 114 67 188 178 196 95 82 87
    121 44 207 98 142 243 190 120 215 151 104 111 12 245 205 231 103 31
    204 13 199 249 63 221 196 223 113 175 247 75 196 171 82 62 246 66
    142 214 118 68 109 108 126 63 215 118 21 232 28 251 70 34 74 229 211
    150 226 210 101 20 115 65 104 148 188 184 118 180 209 169 65 28 41
    39 171 112 52 254 81 13 173 189 143 150 89 10 117 202 216 89 122 129
    151 141 1 128 35 131 136 55 112 219 201 159 126 225 40 4 255 165 193
    33 20 187 139 26 78 255 117 157 239 18 71 70 158 118 155 4 50 253
    249 209 231 248 115 164 15 57 64 26 224 24 189 14 253 79 150 236 55
    205 91 52 40 123 231 57 55 45 73 9 211 158 7 74 165 253 165 93 210
    109 247 100 0 126 160 114 87 158 231 238 77 176 216 149 211 50 67
    137 85 154 131 212 50 252 216 9 17 76 99 154 48 48 7 168 186 221 112
    73 185 40 222 231 54 168 43 125 239 20 228 91 118 135 51 243 145 161
    139 108 169 133 116 99 122 184 22 248 102 228 177 112 68 206 243 39
    76 151 78 232 62 97 6 122 52 110 98 27 4 207 150 23 188 196 124 42
    33 83 24 138 4 102 107 99 25 74 139 235 178 56 168 229 35 79 182 78
    138 116 10 212 95 5 196 253 54 148 187 223 186 102 3 7 145 14 151
    231 187 172 4 139 47 190 147 199 26 142 177 202 211 37 210 126 4 69
    81 180 148 57 212 207 102 220 213 106 101 27 57 183 107 194 71 59
    168 169 254 66 128 202 98 211 241 179 162 140 173 69 60 247 134 16
    64 61 55 18 158 251 158 53 38 244 15 161 27 134 99 143 207 3 148 219
    247 29 62 212 182 114 186 204 137 151 63 114 145 54 84 215 80 25 221
    78 4 211 235 32 154 129 70 150 53 57 178 87 28 62 218 86 77 159 121
    136 124 237 134 125 229 215 247 42 199 200 64 249 137 137 208 36 58
    212 192 151 17 219 147 13 108 130 213 169 20 117 133 249 95 50 26 48
    130 198 216 97 239 80 223 159 215 208 184 108 156 57 236 255 243 137
    83 16 114 146 149 68 248 198 92 15 230 142 27 244 130 53 214 58 187
    128 196 42 159 109 136 184 210 184 82 35 93 73 84 253 179 182 205
    197 207 188 101 155 58 176 190 40 85 89 144 122 187 45 157 23 201 73
    178 148 248 185 220 184 145 180 195 40 169 186 107 225 117 84 131 70
    30 185 45 134 151 132 34 207 100 23 230 219 251 79 129 252 41 138
    253 138 152 11 72 39 243 67 124 6 167 37 6 150 112 10 48 79 103 210
    244 78 152 50 17 159 143 122 53 221 94 34 237 157 36 70 50 59 40 125
    23 125 201 183 144 190 69 163 126 212 19 113 220 4 73 15 19 122 134
    149 85 163 245 89 133 140 172 156 173 40 12 157 246 112 181 8 196 53
    154 54 28 211 126 232 64 252 110 105 43 8 23 255 38 146 225 239 192
    224 11 89 102 242 62 74 22 120 166 11 230 143 90 250 202 183 21 18
    111 4 104 248 185 157 161 158 56 250 183 171 32 70 143 72 92 220 27
    38 220 242 78 228 170 253 24 124 170 169 77 125 138 78 210 214 87
    178 14 54 89 137 68 199 198 103 29 131 191 91 61 153 244 101 6 210
    203 185 82 185 134 246 179 103 71 122 13 212 0 64 217 194 207 15 222
    45 239 95 173 211 11 167 42 161 236 37 61 91 228 248 106 199 253 184
    3 161 120 18 83 26 27 154 14 143 147 116 86 106 248 247 91 57 9 173
    162 123 101 137 27 66 112 161 244 90 212 169 167 162 16 32 153 180
    85 35 12 71 239 78 47 49 10 220 21 113 135 120 26 229 144 23 135 14
    137 250 253 249 11 60 156 105 90 138 115 236 253 181 147 141 210 108
    179 109 161 156 15 109 78 92 46 58 209 229 117 228 128 30 85 195 8
    121 41 235 96 165 207 127 47 253 186 225 151 222 184 115 132 32 91
    237 14 16 214 211 76 23 47 120 40 32 249 16 56 26 142 31 55 57 238
    243 185 250 144 34 166 131 177 66 109 88 55 152 71 22 219 244 241
    161 64 33 164 100 230 138 15 51 134 74 132 97 95 110 122 80 48 90
    104 13 16 158 206 224 220 197 34 34 137 161 3 115 203 109 109 127
    206 201 56 104 163 27 134 189 41 239 26 94 179 10 106 98 183 8 150
    63 175 52 179 77 205 210 25 19 53 91 83 127 7 206 23 18 103 8 204
    224 120 179 28 154 1 188 11 99 150 177 218 57 50 214 45 57 49 227 7
    84 209 98 172 237 180 33 222 13 34 198 123 3 3 131 69 192 221 11 127
    141 10 224 98 102 228 186 44 152 227 155 106 127 204 226 224 12 132
    147 64 100 49 219 138 29 127 228 118 164 231 222 232 198 67 240 160
    21 209 35 147 222 228 124 1 246 235 179 76 163 181 66 246 231 107 87
    80 172 37 203 54 217 145 189 230 41 251 87 164 207 113 104 216 161
    107 102 1 248 58 25 240 179 198 45 231 54 224 129 242 77 58 63 16
    255 234 32 242 73 17 172 28 71 191 42 141 245 183 234 1 1 76 126 254
    192 54 110 118 170 192 131 175 159 92 85 91 46 51 123 17 222 24 126
    212 85 128 32 80 166 167 223 109 206 17 31 40 1 59 87 241 116 185 96
    205 134 93 19 91 39 7 15 167 32 172 68 57 130 5 31 201 225 49 222 92
    145 207 94 143 152 109 182 42 209 104 241 250 192 56 209 149 136 119
    182 173 189 10 26 21 74 73 34 74 222 238 90 245 201 192 114 224 141
    26 109 60 88 78 225 135 99 191 89 50 199 171 165 49 191 19 179 64
    217 107 199 219 180 161 163 181 156 136 88 96 73 40 209 110 65 109
    36 54 233 118 33 122 218 113 34 230 49 105 116 250 183 104 115 7 153
    165 232 235 180 72 1 47 249 60 58 126 169 142 182 218 213 153 75 114
    16 99 243 186 121 152 150 188 234 209 233 13 223 70 198 6 254 246
    133 119 254 161 211 88 103 237 82 177 102 30 136 137 250 223 32 250
    235 88 202 79 4 34 173 218 246 167 70 11 197 143 78 61 41 10 21 11
    238 137 74 5 155 141 145 148 16 254 184 29 26 231 123 73 42 167 110
    245 112 255 143 123 127 65 248 205 168 195 25 171 202 27 191 83 248
    134 215 89 10 13 219 163 240 105 46 89 78 186 188 159 153 124 24 249
    179 106 177 175 23 202 203 20 230 41 37 77 245 38 108 150 38 95 100
    236 8 110 239 216 164 40 27 202 217 171 128 24 185 251 222 253 217
    23 88 104 108 185 63 49 95 47 245 55 19 132 8 225 158 226 88 52 70
    236 53 26 102 94 119 8 73 220 175 162 243 145 59 83 28 82 84 58 88
    90 166 136 76 176 167 95 75 68 241 28 254 205 12 66 167 42 188 101
    200 1 254 68 204 227 123 127 229 240 9 214 110 141 134 208 234 176
    147 91 240 97 251 180 137 99 143 59 28 53 79 173 217 142 71 210 119
    36 128 234 254 212 77 196 129 191 80 34 122 95 81 104 111 161 102 91
    54 228 233 233 29 218 79 104 68 60 111 156 246 213 137 58 227 251 92
    38 182 165 171 146 217 110 199 88 254 216 73 165 187 226 101 208 162
    163 246 30 172 87 222 149 234 137 241 39 197 97 175 41 50 226 223
    129 244 100 242 233 255 88 127 150 235 213 1 242 245 221 145 8 226
    29 129 160 16 255 134 134 113 249 125 86 198 135 165 117 216 83 146
    41 56 75 97 138 129 164 251 242 98 212 97 200 31 35 178 200 142 191
    123 41 14 169 121 240 158 43 205 195 234 52 245 178 163 204 127 68
    53 226 199 10 68 25 193 253 39 151 128 184 176 225 36 224 84 34 242
    193 181 13 195 226 242 30 137 189 118 230 197 87 169 102 176 180 133
    208 75 151 246 52 140 18 206 27 54 221 8 43 140 10 37 247 152 203
    181 92 226 207 230 54 171 150 237 217 27 53 222 85 203 163 48 86 72
    109 119 119 205 146 57 210 123 73 81 166 132 67 184 247 176 156 18
    14 119 6 218 190 119 201 242 177 102 91 192 108 191 70 133 157 106
    230 6 140 106 27 54 32 58 107 150 37 154 2 218 85 115 174 222 161
    224 189 182 25 44 216 168 3 149 219 244 91 52 172 178 173 149 207
    138 251 207 211 205 151 168 20 209 34 35 194 180 159 77 73 131 244
    88 75 75 143 90 179 215 110 121 59 227 156 112 133 35 71 155 128 176
    114 150 253 193 207 64 76 198 73 71 25 115 30 252 207 72 251 111 158
    209 101 244 222 114 131 254 88 125 47 8 136 73 202 190 152 127 190
    142 195 248 51 158 84 4 164 241 67 44 42 232 168 92 147 23 164 237
    16 87 142 76 200 100 156 220 205 32 138 240 121 176 117 80 142 14
    224 54 153 106 89 61 114 249 148 162 117 164 212 4 200 62 91 218 84
    253 190 8 8 215 215 190 28 174 9 160 90 250 169 176 123 150 203 9
    131 218 186 248 201 216 137 177 190 204 225 64 11 249 234 249 113
    202 28 210 47 30 146 147 83 69 178 6 137 229 76 58 249 77 250 62 145
    68 190 226 41 212 179 4 146 155 9 132 79 233 6 157 61 170 249 64 218
    208 222 171 3 106 32 182 196 181 170 75 203 100 206 68 77 141 95 64
    16 71 12 24 238 119 82 235 118 146 125 64 32 131 199 83 253 28 234
    240 107 254 219 125 20 196 238 43 21 173 31 40 135 16 241 235 67 121
    240 112 59 153 146 12 167 185 5 122 232 246 78 127 135 31 253 123 38
    117 193 192 73 47 114 116 133 55 161 202 39 13 107 53 96 242 91 69
    129 134 191 29 77 99 128 143 243 143 54 102 205 128 193 119 110 121
    239 47 6 100 131 97 89 22 198 58 111 184 215 252 120 148 15 113 67
    202 189 47 6 230 193 94 90 252 76 73 186 246 161 72 9 76 152 167 83
    86 0 38 56 129 87 230 153 112 5 8 206 94 198 55 146 159 226 208 240
    172 147 183 138 212 68 33 74 47 220 154 153 97 92 166 226 160 44 12
    121 94 230 228 70 187 29 139 128 59 199 178 143 18 50 51 108 76 176
    35 84 239 169 50 130 117 120 26 89 8 69 170 50 254 126 184 230 76
    174 244 221 167 14 102 175 117 37 252 139 189 1 55 52 225 21 20 93
    54 21 64 244 65 55 65 53 90 218 195 202 178 178 225 200 31 193 89 79
    149 234 157 32 178 97 128 183 175 181 58 107 16 148 144 212 144 101
    211 142 224 88 25 161 107 64 252 129 215 86 81 191 43 23 184 18 215
    179 65 1 100 36 45 17 200 13 170 246 209 221 216 154 202 77 225 231
    13 150 192 154 5 145 155 235 210 123 116 123 32 23 150 171 161 176
    101 231 2 12 74 115 188 12 107 232 205 122 43 44 155 83 4 60 207 67
    122 234 92 192 35 227 21 152 205 12 216 239 69 163 81 61 14 191 227
    229 135 37 176 221 87 57 139 170 222 106 255 187 118 32 81 32 186
    226 16 166 46 97 115 31 215 15 114 244 26 83 253 244 255 82 121 25
    151 236 40 76 4 122 244 102 227 208 146 193 16 70 55 10 1 21 231 63
    120 72 77 9 160 235 138 147 18 64 241 129 59 147 180 34 4 116 132 17
    167 154 173 118 73 70 172 173 78 138 245 222 184 117 175 235 218 211
    221 31 235 233 201 62 85 205 20 225 232 10 6 243 44 7 208 29 203 82
    100 236 155 165 205 44 103 33 116 21 102 115 63 235 56 196 2 5 155 9
    229 177 195 60 170 15 28 182 164 250 233 188 240 124 5 28 218 34 201
    45 190 235 39 113 101 223 225 27 236 121 204 175 1 191 64 173 123
    118 29 114 205 208 62 210 47 59 79 234 232 101 109 175 139 120 253
    223 241 224 214 193 57 255 229 87 3 44 174 35 249 115 204 209 7 99
    182 39 26 150 150 7 51 112 214 206 101 221 172 13 110 168 204 126
    155 247 117 41 164 69 119 207 88 176 39 102 132 213 149 197 71 33
    248 119 238 212 162 92 3 112 156 1 78 55 255 97 174 69 29 180 23 132
    240 111 73 2 204 218 79 9 94 37 39 185 226 121 36 170 74 237 184 98
    196 89 48 25 60 229 145 5 243 59 138 69 159 7 201 90 53 235 92 117
    12 233 170 22 153 209 143 102 146 137 78 130 210 141 167 36 55 25
    110 15 244 165 33 206 5 82 128 86 253 197 217 207 98 77 55 123 162
    90 194 247 146 69 254 139 47 206 5 76 248 55 72 4 69 138 55 104 88
    27 198 111 95 181 7 90 50 106 53 150 98 62 195 111 246 69 135 186 84
    174 65 141 130 134 136 230 197 33 82 96 201 215 76 141 11 147 81 108
    12 109 199 39 230 190 243 139 23 114 133 171 245 33 181 49 75 209
    211 86 162 245 222 167 204 240 195 126 189 218 195 62 235 214 173
    152 144 140 153 249 172 99 217 204 61 246 103 43 177 134 241 93 214
    43 44 218 159 181 112 15 244 100 85 190 48 80 101 188 82 140 89 126
    180 252 161 63 227 131 223 43 40 158 77 193 78 10 149 103 37 159 115
    131 46 142 156 63 71 230 227 19 166 221 28 154 88 142 251 157 226
    182 249 80 192 90 75 70 115 193 207 134 37 111 100 227 33 75 189 109
    166 75 19 207 78 179 70 101 49 34 26 197 50 218 130 18 195 250 237
    52 92 141 53 201 143 191 185 174 140 123 164 23 90 44 23 57 212 187
    33 98 9 232 124 177 147 133 252 109 238 3 207 230 100 14 213 4 244
    237 80 223 198 63 234 248 143 193 23 170 80 108 89 240 73 76 2 197
    197 89 160 252 97 178 128 143 243 94 219 50 125 227 62 35 135 85 130
    247 195 50 145 8 77 240 77 210 59 242 58 30 163 218 110 138 59 42 79
    26 242 33 47 183 6 30 9 70 150 130 20 40 73 72 33 54 233 216 21 165
    66 57 145 51 244 204 36 212 176 209 191 134 141 110 157 89 251 8 69
    177 80 30 215 83 101 228 182 24 176 34 160 15 180 182 242 170 22 191
    149 239 183 109 238 64 206 113 27 238 33 42 190 186 104 243 188 18
    236 47 49 41 197 210 179 30 41 68 245 155 234 82 205 140 221 242 231
    149 245 184 231 242 235 201 60 135 91 100 215 14 114 124 194 61 108
    72 43 190 135 75 42 217 167 44 126 237 29 18 226 169 82 245 69 131
    28 93 133 162 192 189 103 117 101 25 72 4 184 158 87 150 48 67 60 21
    92 75 240 188 186 40 195 14 128 22 93 249 49 24 39 85 23 209 192 207
    230 4 160 189 93 94 53 24 31 159 88 158 32 230 25 189 119 108 110
    162 29 43 235 188 57 23 130 164 244 139 73 98 176 149 145 184 148
    126 50 56 6 234 82 242 6 75 182 37 25 147 152 41 28 89 145 48 60 106
    93 81 58 47 152 193 165 234 97 136 139 86 231 131 154 194 246 21 209
    236 179 220 232 143 87 8 36 74 47 48 152 181 119 82 10 158 8 163 172
    109 226 151 3 132 174 186 216 70 228 191 126 149 127 42 248 56 226
    147 89 64 28 177 140 179 75 117 71 96 151 86 184 152 92 215 53 53
    237 97 31 154 185 207 4 13 113 56 128 74 222 201 68 231 185 101 161
    168 47 107 111 33 87 120 228 240 150 143 75 201 219 151 253 164 32
    170 185 205 153 138 233 83 17 98 222 178 222 108 42 232 153 211 215
    1 180 4 12 181 216 84 95 66 254 80 65 70 65 45 190 63 65 147 13 104
    215 231 72 195 165 29 81 141 136 242 155 196 170 163 99 245 8 228
    172 211 81 73 221 236 130 22 50 36 51 44 88 40 33 239 47 24 106 130
    151 115 243 130 228 250 213 123 117 61 122 179 48 154 107 56 238 113
    175 240 249 178 49 16 99 215 211 6 191 218 162 41 228 81 148 126 0
    114 242 124 205 122 77 44 115 225 32 251 169 78 187 148 64 118 217
    69 87 166 51 125 126 26 125 88 54 204 140 228 203 246 145 71 212 33
    186 127 249 109 237 240 183 135 240 254 82 188 139 145 128 52 175
    120 34 245 200 240 254 85 11 215 0 226 178 235 74 14 235 208 9 212
    122 40 222 51 154 197 248 227 247 84 84 31 126 72 1 228 27 3 121 108
    206 66 172 209 205 92 114 56 60 178 32 168 58 238 180 105 5 10 129
    140 102 198 166 25 206 253 150 170 54 126 158 44 35 83 182 13 231 94
    39 148 188 15 98 51 73 36 217 124 27 94 78 177 241 98 42 5 118 226
    41 21 228 209 66 22 201 47 105 81 61 215 163 107 14 14 152 239 5 86
    51 151 236 235 214 173 174 166 84 41 126 12 41 151 55 116 133 18 213
    0 70 201 233 69 111 141 0 125 230 61 212 178 126 217 11 149 77 28
    254 170 72 68 90 18 235 4 119 211 164 15 46 57 69 177 68 146 78 99
    170 246 68 206 23 21 56 126 160 153 7 223 80 117 122 239 26 27 29
    237 114 10 62 72 155 102 115 184 100 240 98 131 16 135 77 32 175 215
    154 122 65 52 217 102 5 138 148 78 15 53 36 182 63 58 211 0 61 208
    231 197 28 142 101 184 111 243 185 82 86 121 136 71 244 158 163 14
    86 125 70 156 70 73 149 147 245 233 239 238 99 12 65 151 254 88 101
    236 114 43 142 246 15 127 165 162 12 138 97 22 54 161 222 206 129 54
    8 63 8 233 191 205 133 194 180 150 197 227 136 72 237 129 13 61 169
    76 111 115 105 141 201 93 106 136 86 144 4 204 42 183 113 21 133 85
    115 89 235 62 26 17 4 55 238 75 47 91 38 145 33 79 245 194 55 243 14
    121 153 175 58 98 27 124 62 108 156 118 85 118 147 75 144 101 117
    228 201 56 150 26 132 62 213 176 108 153 197 187 171 31 27 205 148
    72 121 169 124 33 31 137 145 183 5 103 208 90 221 101 56 8 219 209
    11 163 75 143 123 197 54 108 206 8 188 180 179 220 97 234 183 192
    123 103 182 34 174 126 75 63 93 137 107 137 107 35 150 23 225 246 38
    224 44 241 60 163 48 175 214 196 169 220 61 241 76 176 55 29 74 240
    253 153 176 47 99 38 185 14 245 172 175 181 4 131 81 255 58 214 4 77
    6 251 228 192 193 225 46 247 177 10 175 10 200 124 58 37 98 111 30
    146 129 32 123 247 245 209 209 205 26 129 171 33 173 82 156 96 15
    157 77 75 134 75 37 129 158 154 169 38 122 63 137 179 63 137 108 11
    48 35 235 231 246 232 174 49 73 114 91 26 205 112 233 108 108 204
    191 251 19 221 188 89 95 31 172 78 19 37 65 186 237 4 217 75 67 18
    82 102 36 164 78 108 225 44 161 76 14 196 12 191 85 47 18 128 77 100
    50 192 226 5 230 193 192 8 65 164 210 111 51 116 59 64 54 2 63 237
    40 120 228 187 254 241 75 233 61 136 66 207 194 63 135 84 30 73 170
    4 237 104 71 105 205 222 54 41 245 57 216 166 219 94 30 230 117 45
    142 221 246 107 19 10 90 241 228 159 200 138 50 103 210 36 234 21 3
    42 35 75 227 13 156 220 73 255 48 147 14 1 136 19 220 93 230 188 164
    85 96 195 26 181 107 141 70 212 25 172 101 184 118 76 134 229 176
    197 170 186 203 183 1 90 175 86 29 198 33 3 4 74 33 92 154 238 241
    146 141 239 245 141 10 164 112 193 230 172 245 181 116 183 164 53
    226 19 96 1 215 6 20 62 214 211 171 35 238 205 126 133 153 95 192
    160 82 204 150 236 88 219 247 226 3 68 150 215 105 32 1 9 96 210 121
    76 233 169 120 231 119 177 235 134 126 40 149 63 11 11 84 180 246
    236 234 40 193 116 56 194 189 233 135 70 133 0 141 170 93 149 213
    109 209 159 96 98 234 43 133 108 205 43 43 155 78 222 78 138 34 23
    183 194 154 179 149 144 208 38 5 170 228 198 154 59 141 7 241 165 85
    133 213 94 38 170 188 15 227 171 123 158 55 42 109 72 105 247 206 80
    226 244 213 18 180 120 9 252 51 66 156 168 194 227 168 170 101 11
    236 154 44 95 249 160 200 194 154 91 168 99 176 184 200 119 154 12
    55 161 171 39 20 84 206 236 138 27 247 65 59 245 229 127 81 29 78
    174 205 232 88 47 17 52 250 198 99 118 1 254 219 143 39 72 223 158
    98 163 185 162 35 236 156 228 72 227 219 63 162 88 228 19 84 240 252
    18 9 2 200 38 195 75 58 39 208 186 43 198 10 236 45 70 203 132 180 6
    12 142 106 172 33 186 140 140 210 242 202 86 134 211 205 153 253 45
    251 204 243 28 1 35 41 48 208 26 119 123 202 66 233 41 241 173 96
    111 188 87 254 43 187 93 34 55 233 67 69 213 176 179 197 193 55 253
    85 141 215 169 184 26 139 19 220 17 191 6 70 95 118 191 170 143 60
    138 35 111 108 150 237 197 224 150 205 172 131 176 111 34 186 129
    110 137 18 185 166 88 189 69 200 112 255 70 69 114 112 83 72 47 105
    250 118 72 6 41 45 93 34 32 96 73 59 57 231 60 122 87 214 80 172 172
    72 254 123 235 84 118 87 33 60 136 51 131 102 130 203 212 102 242
    180 105 183 192 66 96 102 195 172 174 88 148 194 229 210 112 2 164
    175 1 53 108 47 183 212 74 96 121 165 52 130 118 151 51 192 61 202
    227 137 42 15 128 17 247 165 234 37 160 100 26 106 113 130 22 66 112
    162 5 66 217 211 175 123 196 255 55 110 1 191 69 63 60 99 183 213 5
    80 169 13 36 162 8 91 225 168 37 185 52 131 109 171 135 143 90 105
    166 89 128 227 146 131 178 203 38 69 101 171 174 196 147 117 4 132
    219 89 139 247 160 53 27 84 92 66 57 241 199 90 25 87 121 179 252 61
    155 238 131 220 22 106 174 190 201 15 23 39 81 134 96 197 65 151 141
    181 197 108 107 201 78 141 203 181 199 159 28 235 22 103 43 11 166
    122 247 202 90 204 199 171 193 201 204 56 34 155 24 175 38 169 102
    175 144 126 145 167 156 131 39 31 86 232 82 165 162 83 118 32 196 42
    38 44 91 34 190 1 117 112 235 95 81 67 43 210 39 201 171 86 177 227
    230 229 150 56 173 25 51 209 128 25 96 15 98 204 250 212 33 201 220
    153 102 80 14 170 176 145 244 91 19 186 28 43 164 79 237 86 106 9 60
    206 82 199 93 155 226 184 233 154 27 240 231 117 156 152 199 33 100
    44 138 162 239 32 238 181 57 208 120 114 30 233 176 87 232 22 115
    180 91 181 123 70 225 114 88 16 49 203 153 89 75 158 126 130 72 92
    129 3 206 107 0 30 163 15 205 112 131 123 67 147 94 17 6 148 231 221
    227 5 156 135 26 77 107 212 148 202 232 119 15 177 215 189 131 236
    221 98 43 219 118 131 170 168 218 16 18 6 22 233 109 50 251 157 187
    43 42 51 24 125 198 210 121 176 166 56 77 41 237 30 232 229 30 229
    102 27 51 88 243 45 224 161 188 29 219 16 167 30 76 115 198 56 69 84
    196 19 49 72 75 126 131 219 21 91 112 111 115 106 165 100 126 17 254
    236 176 147 75 66 8 164 49 143 162 33 161 40 217 129 6 168 110 37 69
    104 177 232 46 57 136 87 125 128 102 157 170 255 85 213 59 0 179 202
    173 245 121 41 116 24 232 154 151 59 74 91 162 235 81 206 164 94 183
    2 168 144 49 247 108 238 218 46 47 77 10 187 208 225 64 254 202 140
    108 205 250 108 243 76 88 245 96 237 175 124 241 175 53 64 232 95 91
    130 143 95 4 6 106 212 185 119 30 4 83 134 255 109 81 225 88 151 186
    230 52 158 247 132 212 45 100 34 236 147 191 61 147 155 29 168 19
    206 95 241 199 180 34 60 94 152 77 244 155 208 102 86 69 192 188 141
    131 48 126 4 170 128 95 91 110 32 174 222 202 242 4 237 78 108 187
    115 42 224 61 29 118 56 171 92 79 5 235 38 197 146 137 152 187 58 90
    69 91 167 44 202 124 79 28 197 44 96 105 25 242 0 71 200 98 255 85
    12 179 63 115 72 85 19 38 135 107 54 35 97 144 218 206 248 150 99 60
    94 193 228 14 204 85 104 236 89 137 230 96 186 100 69 218 139 48 103
    180 135 235 171 97 125 10 246 185 37 123 36 117 25 132 123 137 146
    44 168 78 66 230 13 9 147 233 26 161 186 173 85 159 125 173 135 232
    232 145 169 241 122 110 161 141 86 154 101 64 232 189 40 163 126 130
    146 219 10 177 105 7 207 20 250 63 121 22 242 227 45 199 246 131 74
    37 200 15 161 208 106 97 198 53 199 123 209 68 197 73 43 37 200 10
    111 115 79 231 196 254 131 189 133 253 55 229 205 33 188 142 16 152
    37 28 228 184 159 25 92 200 36 64 237 122 104 66 57 248 36 22 183
    101 220 183 71 10 116 207 173 228 69 252 135 157 232 137 154 136 220
    216 56 98 18 21 177 212 198 44 190 200 2 136 184 5 235 5 246 192 144
    74 71 208 141 182 44 73 221 74 3 117 203 210 108 163 136 230 49 113
    134 124 11 210 162 13 89 136 12 81 77 218 87 214 136 131 101 248 85
    233 38 228 210 212 139 170 22 182 175 105 108 79 19 217 190 65 136
    132 24 128 1 239 110 25 5 49 57 42 223 156 21 197 155 57 85 218 150
    237 221 144 27 233 46 23 225 104 26 30 32 75 113 65 255 88 139 248
    239 11 19 199 255 108 49 141 58 157 225 60 165 105 206 10 214 146
    143 81 174 33 137 50 238 226 74 42 57 67 66 54 219 175 159 170 249
    47 193 14 101 28 213 244 171 248 119 221 89 234 89 211 148 161 205
    193 179 251 227 7 27 63 58 142 12 184 249 203 245 120 205 254 59 228
    228 75 160 223 206 196 10 36 136 2 20 106 144 12 46 100 10 212 245
    182 166 144 53 118 45 75 77 111 205 127 203 199 234 180 192 247 82
    43 210 42 189 110 100 252 163 158 200 52 1 5 12 140 131 0 214 132 26
    0 154 130 145 67 68 95 48 61 32 182 252 171 29 128 131 127 75 158
    152 27 188 38 73 49 237 229 220 249 217 179 169 140 62 206 224 139
    213 66 51 192 142 101 232 166 67 33 173 172 195 171 247 107 64 152
    136 211 157 92 169 246 19 9 50 209 145 216 84 24 180 205 155 81 32
    221 134 135 112 39 203 44 54 15 44 8 164 95 84 149 37 221 144 231
    161 168 23 230 194 133 79 123 199 35 179 75 161 236 97 73 82 202 92
    57 237 165 52 161 72 58 44 77 224 9 79 210 243 246 221 128 223 66
    233 216 108 201 208 167 82 80 248 79 163 169 172 253 57 4 2 163 49
    73 187 93 145 31 192 47 236 242 73 193 141 178 54 188 208 255 81 197
    95 5 213 149 12 62 31 85 16 135 118 222 90 206 87 150 151 197 26 164
    147 102 104 61 60 108 14 11 42 198 187 0 82 177 6 36 171 185 185 18
    11 201 18 10 63 170 88 220 189 180 146 220 95 154 207 193 61 129 20
    182 0 190 187 172 176 94 96 204 247 103 50 181 41 139 37 54 211 252
    20 73 62 64 6 205 200 233 54 147 231 75 150 11 248 241 211 151 176
    211 30 188 45 63 156 112 50 80 8 173 44 183 215 146 101 17 226 131
    74 18 207 65 102 253 66 86 31 61 135 178 140 161 50 172 7 171 6 93
    218 18 27 188 212 136 52 255 250 33 140 11 251 22 157 40 173 147 253
    48 100 232 248 16 83 136 181 43 49 193 177 237 143 45 25 52 113 34
    74 106 231 85 139 246 192 210 148 214 99 130 164 187 172 174 75 193
    28 43 203 35 183 176 240 110 194 90 124 81 236 52 71 247 68 250 87
    39 29 72 190 245 115 0 156 44 64 172 222 132 150 166 81 220 237 32
    95 254 247 150 107 65 94 142 9 143 181 86 0 161 173 14 203 164 32
    171 78 199 49 147 237 241 40 66 136 197 55 27 90 91 49 62 33 36 204
    73 254 98 96 236 181 32 30 54 35 45 150 13 104 226 105 211 0 233 117
    185 45 6 185 251 62 202 136 51 83 114 233 178 196 214 186 0 19 163
    20 176 15 230 64 102 195 96 241 231 4 97 254 130 7 154 91 30 138 150
    228 202 228 128 139 44 125 227 38 13 80 102 115 204 41 221 131 87 54
    233 6 85 171 103 156 7 51 237 187 69 219 99 0 53 145 233 37 55 0 179
    226 246 238 95 142 146 1 136 163 227 181 233 88 32 35 233 35 94 43
    201 138 247 201 149 22 220 167 82 81 217 85 47 169 228 122 79 145 44
    184 204 43 140 47 245 96 54 42 228 24 5 16 140 70 222 193 8 205 243
    147 91 111 199 0 107 91 184 70 112 88 164 54 170 223 194 56 230 55
    238 131 147 247 144 15 143 245 131 128 31 47 103 18 74 124 129 188
    13 253 45 200 180 6 167 47 240 252 135 60 105 76 102 225 4 81 21 30
    142 159 184 21 235 62 8 48 150 145 140 73 108 147 72 142 77 233 190
    206 186 109 154 115 62 90 185 53 115 186 127 124 80 158 125 192 88
    175 139 7 48 60 149 113 9 26 60 125 83 49 198 176 180 65 175 145 250
    241 248 173 232 251 24 91 12 205 48 159 229 104 126 133 46 89 58 92
    43 201 137 46 29 217 49 157 237 178 44 30 171 218 178 175 176 113
    228 156 178 69 148 157 1 182 176 173 2 39 87 122 20 126 105 173 89
    97 111 111 170 90 15 66 120 198 142 240 218 99 235 243 251 20 187 58
    213 80 185 226 104 78 222 250 175 241 116 172 142 151 94 235 45 211
    123 73 234 144 209 53 159 77 18 198 253 220 12 39 54 63 76 186 119
    123 148 199 184 213 124 150 140 195 87 193 115 249 110 207 83 28 151
    139 117 18 111 13 52 235 161 228 113 57 27 219 144 105 203 142 189
    111 173 140 243 221 247 178 216 125 187 103 176 225 177 116 15 50 33
    200 36 249 129 242 126 93 90 174 21 86 219 190 21 50 25 119 7 209
    152 201 17 197 4 165 194 58 18 5 129 204 50 69 105 202 187 169 124
    219 141 11 207 121 135 23 24 24 139 220 97 74 121 172 174 197 60 192
    109 55 228 223 22 202 150 246 85 236 144 214 153 60 24 221 153 14 26
    244 46 246 182 66 202 22 97 110 55 197 2 104 210 91 242 93 45 60 132
    210 178 204 156 30 60 15 59 113 19 71 166 64 215 95 117 39 47 250 63
    11 213 108 20 110 200 98 54 94 219 62 74 48 21 41 118 148 170 155
    127 33 244 12 252 54 178 199 98 79 205 108 53 23 124 224 151 60 95
    57 196 142 255 28 253 214 15 48 76 253 35 29 187 135 171 50 209 178
    119 251 119 134 101 199 158 126 26 96 144 197 61 250 252 221 113 37
    63 237 248 50 5 54 73 208 1 208 104 199 247 1 194 68 24 130 126 59
    48 85 213 197 13 45 200 234 17 112 72 3 103 1 6 20 176 223 78 62 117
    147 80 143 200 215 98 160 239 80 128 226 191 13 168 134 18 202 134
    133 121 255 106 4 80 105 60 37 168 204 14 64 219 180 44 123 61 244
    178 1 62 240 229 239 185 36 203 123 91 33 76 143 4 241 79 223 164 49
    69 94 245 24 207 96 41 24 115 182 50 101 206 170 68 246 108 133 144
    39 220 121 161 211 184 163 240 249 217 97 55 42 255 190 198 79 183
    45 81 43 243 215 62 235 131 198 197 52 203 138 218 49 84 150 87 121
    206 105 146 43 45 177 255 97 37 243 212 17 236 197 123 25 18 181 190
    66 194 63 157 115 190 201 67 53 157 81 137 113 220 194 54 235 95 212
    187 223 244 82 239 143 12 245 110 207 105 178 160 124 12 109 67 108
    17 111 156 60 200 9 59 19 91 71 21 248 255 238 119 181 76 253 110 65
    56 103 247 31 51 105 208 210 60 107 95 63 26 125 100 176 230 17 40
    247 37 171 35 9 68 2 91 12 197 51 7 37 17 110 195 220 233 4 74 229
    58 72 53 88 242 186 161 225 169 88 180 34 204 92 184 125 171 209 241
    204 149 12 134 64 188 30 130 147 124 189 205 3 181 238 222 6 189 146
    64 149 38 125 113 8 69 24 234 100 33 170 178 81 115 44 192 128 225
    132 56 0 244 63 209 5 65 170 42 67 61 240 36 3 205 239 125 224 11 53
    39 23 148 233 113 160 198 18 167 67 30 98 25 75 166 9 236 54 214 193
    160 229 10 151 41 92 145 91 43 105 224 194 40 58 208 71 16 100 113
    33 254 152 179 141 179 84 30 212 56 154 102 205 196 149 31 181 197
    230 144 204 160 164 5 89 156 84 161 242 103 36 189 38 143 158 24 81
    99 81 9 99 231 100 215 182 121 210 81 109 56 243 171 158 131 125 144
    54 112 109 73 103 162 18 170 17 96 21 224 95 125 23 198 186 211 19
    142 35 1 133 66 83 247 5 194 207 19 207 104 54 165 214 80 207 228 50
    136 59 241 205 37 46 68 237 39 204 81 157 204 218 210 178 188 161
    155 151 96 144 76 182 98 18 119 213 15 237 167 137 72 68 237 254 11
    70 225 201 151 246 204 220 75 63 75 158 173 180 252 89 213 12 209
    229 90 246 206 169 77 217 91 90 74 206 60 195 246 6 252 239 242 166
    102 154 16 174 215 40 90 169 102 236 4 121 65 244 239 66 149 105 46
    242 99 198 56 253 67 246 37 126 190 58 194 19 35 200 99 225 183 103
    17 160 200 74 99 164 127 194 60 148 112 154 64 206 24 233 142 27 62
    10 163 188 16 165 79 27 166 73 206 179 142 253 223 214 56 46 28 168
    18 168 31 231 115 115 174 180 132 224 226 54 213 141 97 177 227 73
    77 28 230 24 119 193 136 204 83 169 150 220 113 214 33 187 221 165
    247 120 25 15 171 29 103 30 250 179 57 20 165 33 220 178 210 7 212
    80 42 14 110 49 171 54 126 248 155 30 22 208 53 239 207 79 171 202
    116 135 118 62 106 74 23 193 178 48 88 201 121 28 83 31 128 49 72 90
    40 180 214 190 53 204 114 233 67 184 142 213 2 31 179 171 83 31 146
    90 202 91 191 207 60 175 130 188 186 221 23 240 29 222 64 19 177 117
    99 128 128 167 160 251 40 47 13 170 182 63 154 12 212 191 90 199 214
    6 31 131 166 76 214 222 120 182 3 192 227 79 84 239 213 11 64 63 13
    197 147 102 52 110 130 122 249 246 250 27 251 160 99 155 165 103 12
    122 7 217 218 128 243 107 141 81 114 26 6 86 98 80 154 249 58 64 166
    120 173 59 166 241 145 41 36 118 223 145 128 54 150 56 224 57 230 67
    104 106 95 36 14 56 80 131 46 11 135 165 164 115 65 128 130 191 38
    72 213 234 239 90 75 242 145 189 165 103 10 121 108 46 236 209 3 161
    33 11 109 58 226 195 210 196 12 39 66 143 62 20 128 40 244 82 2 179
    84 180 125 213 119 26 232 97 223 176 156 47 89 61 87 98 205 101 52
    19 244 29 58 8 122 11 134 157 68 247 172 8 180 208 221 140 126 120
    21 13 48 50 11 16 243 143 88 219 18 106 124 181 206 53 3 147 162 58
    158 121 30 115 72 221 246 126 170 131 145 17 225 120 142 135 242 12
    184 44 15 173 51 15 185 238 255 221 121 177 149 171 219 160 136 83
    180 121 211 125 205 103 160 86 161 90 223 7 214 164 101 72 43 133 3
    11 99 57 108 126 0 170 118 220 34 201 248 208 130 140 167 164 255
    131 132 136 3 218 164 183 106 218 222 255 244 177 86 79 244 141 95
    195 244 136 156 49 38 167 148 74 224 38 232 136 28 158 140 249 217
    204 73 174 203 238 126 236 247 122 69 104 182 216 98 97 172 249 145
    17 169 35 5 147 49 131 158 74 154 116 141 134 252 36 224 31 171 63
    141 169 0 166 33 177 8 77 237 108 239 142 203 102 128 221 171 218 84
    205 141 231 192 36 170 157 228 99 166 224 96 240 32 45 97 84 183 129
    56 228 108 222 58 74 20 180 51 228 117 45 144 225 7 157 75 246 14 93
    34 36 144 72 156 24 54 194 164 228 98 246 177 216 248 190 17 185 0
    108 181 40 248 59 81 7 182 20 223 220 6 179 155 85 165 28 249 66 80
    245 109 43 23 110 203 87 104 120 75 163 189 187 61 71 198 247 223
    145 92 177 96 94 45 152 118 103 226 98 19 78 118 196 241 53 97 107
    43 143 122 70 103 251 220 113 37 213 139 210 108 231 104 7 146 102
    87 59 148 237 49 211 156 224 202 159 61 195 249 229 184 81 57 81 195
    63 34 146 80 138 191 219 219 179 93 191 178 174 51 246 72 209 243
    193 4 12 236 12 240 60 238 90 27 16 119 58 229 96 179 202 119 41 135
    50 20 154 41 127 195 51 33 138 80 56 157 92 225 128 141 76 221 72
    140 191 236 88 71 12 111 17 0 78 202 195 247 240 248 36 190 100 142
    9 109 186 33 111 151 190 128 228 202 7 169 81 156 184 232 6 213 129
    15 34 27 154 238 165 210 234 150 246 103 157 74 217 11 61 65 203 87
    185 146 171 57 105 234 26 67 198 64 119 167 103 202 129 170 232 186
    21 20 12 249 144 148 167 100 103 219 240 189 32 171 53 184 141 107
    86 200 194 84 76 1 139 168 197 31 212 154 93 209 125 97 131 249 231
    170 158 110 84 16 24 119 176 56 50 197 176 19 175 6 113 79 253 14 41
    16 232 150 178 151 240 99 25 240 51 73 206 221 241 160 190 196 231
    62 21 82 247 44 202 109 146 46 171 33 126 82 23 212 48 30 120 203
    148 217 216 33 78 122 87 223 73 101 187 87 68 59 8 99 214 223 12 216
    28 255 194 48 176 194 171 9 222 164 152 101 73 20 187 171 111 13 163
    38 119 52 105 13 189 151 38 140 73 65 180 226 144 222 40 225 239 34
    241 186 28 34 22 137 154 12 58 36 139 110 249 171 240 70 212 44 97
    205 141 115 24 71 78 8 128 10 131 199 89 204 187 21 21 191 187 188
    104 229 120 109 100 202 12 243 63 205 136 137 180 243 232 188 189
    181 2 86 226 162 22 241 212 174 229 132 234 111 138 83 114 70 37 136
    66 162 195 210 170 174 167 69 131 69 80 9 138 16 205 174 22 21 102
    236 248 68 16 224 177 6 148 41 107 243 52 213 45 149 218 133 21 81
    13 223 233 46 216 170 56 17 57 98 238 14 87 10 6 58 254 173 31 124
    223 61 76 51 21 20 38 55 94 119 42 92 213 142 110 171 16 233 88 75
    134 215 199 212 11 7 50 187 183 207 184 218 180 178 27 31 91 200 149
    27 135 141 228 148 230 170 161 234 239 229 99 30 116 30 42 211 159
    89 112 133 197 19 242 139 202 213 250 75 194 161 228 204 207 38 232
    115 82 201 180 41 198 43 126 246 99 190 6 42 175 251 71 241 49 114
    246 227 202 226 209 177 91 42 172 121 180 51 239 149 129 138 159 235
    255 37 239 133 142 254 70 253 6 178 9 16 75 195 78 245 251 254 155
    209 71 17 89 89 69 39 229 194 235 159 194 19 4 96 69 201 158 187 252
    68 32 121 124 109 228 5 122 123 60 24 83 192 217 238 30 52 207 93
    122 185 63 150 138 97 53 179 225 28 119 231 191 57 249 219 76 210
    134 23 89 130 155 68 124 241 50 52 238 5 108 141 247 139 179 132 176
    166 16 225 253 93 27 65 136 94 237 51 74 235 110 21 249 157 227 132
    64 57 11 100 246 100 49 215 137 184 134 11 145 82 4 127 12 170 245
    118 168 235 122 154 198 157 162 195 10 16 229 192 240 119 82 126 233
    41 184 146 117 233 60 118 65 26 187 134 111 114 29 127 240 2 95 142
    168 237 44 2 223 139 16 60 215 195 185 52 53 178 37 154 231 120 143
    255 146 189 175 149 1 34 237 221 216 6 208 70 152 120 34 253 40 141
    14 106 205 13 120 55 94 44 82 252 11 31 74 211 63 140 73 43 133 246
    128 122 232 7 20 85 2 75 186 58 149 44 71 14 13 96 163 158 188 67
    146 169 248 229 1 149 231 145 121 10 236 195 131 172 136 72 38 147
    71 202 77 206 99 225 109 66 200 135 223 61 230 138 224 70 120 60 22
    213 236 215 131 82 181 0 93 199 157 45 119 149 213 244 65 0 170 101
    157 173 39 172 140 91 233 69 6 200 233 199 101 130 193 132 151 32
    179 181 51 0 127 44 241 63 201 254 19 191 11 39 200 219 24 118 234
    249 11 54 220 147 56 97 142 214 240 100 82 45 154 207 95 201 156 180
    223 93 177 15 64 131 64 5 41 150 62 131 168 132 178 5 53 71 227 38
    184 160 251 76 37 61 249 67 217 133 35 57 88 109 119 98 243 220 3
    104 231 173 225 181 66 159 199 89 243 103 0 134 162 165 19 184 248
    176 161 254 49 110 73 249 167 240 117 175 201 215 129 105 228 219 33
    210 184 171 199 176 213 177 65 109 52 133 46 115 190 1 19 15 121 33
    222 221 236 62 4 21 37 217 185 105 148 27 184 92 199 135 205 97 171
    146 107 217 161 46 216 54 246 32 239 2 52 109 207 56 242 193 249 177
    68 44 103 235 219 11 120 137 230 99 113 194 50 46 248 92 220 33 107
    38 100 216 146 189 239 107 72 119 113 214 55 122 242 196 150 15 56
    162 31 72 29 233 221 71 248 210 228 91 238 234 62 133 137 164 253 66
    249 89 118 107 117 28 168 148 110 158 146 146 191 100 56 138 186 32
    77 150 55 16 122 118 251 213 82 172 99 2 165 7 55 75 214 65 7 244
    103 67 88 35 255 234 127 206 167 12 231 135 139 32 67 86 32 129 51
    130 171 206 120 27 209 85 251 204 187 2 20 229 151 168 161 74 24 22
    208 17 235 58 243 34 175 44 100 166 74 180 38 230 51 231 203 164 54
    60 27 119 5 146 113 240 78 131 162 138 121 217 123 12 143 12 39 165
    146 220 173 56 95 204 43 203 26 47 22 106 97 161 127 69 236 146 35
    40 218 218 173 94 33 65 255 32 183 43 23 91 211 236 215 174 136 217
    70 93 132 143 232 252 105 98 133 92 53 93 91 23 7 67 96 224 22 158
    13 91 73 126 169 227 147 230 183 148 222 107 75 240 213 10 130 185
    87 91 180 116 170 31 171 196 169 152 239 199 121 202 178 127 238 80
    241 238 216 5 32 158 170 178 95 39 92 229 0 205 117 254 141 18 75
    208 137 96 143 74 98 13 162 159 122 199 236 106 94 124 54 160 141 16
    11 103 97 160 228 147 105 2 191 4 243 204 165 236 171 49 35 57 148
    72 37 158 170 79 90 12 79 33 135 76 68 102 148 5 201 37 74 240 153
    89 98 25 202 254 39 52 183 161 107 253 254 190 90 204 28 180 168 25
    131 95 76 119 11 45 10 180 231 137 53 41 209 39 219 182 224 114 90
    81 255 177 102 30 251 84 125 11 70 102 2 26 89 83 3 248 52 112 124
    205 138 31 141 19 54 7 239 144 245 183 95 66 115 96 183 197 239 102
    32 8 100 12 158 117 190 142 116 171 210 72 145 104 128 108 199 70
    193 95 166 251 27 24 169 248 29 222 153 37 77 69 44 171 152 218 240
    152 48 151 86 207 20 170 248 222 196 153 119 227 224 231 150 178 37
    222 68 66 78 101 226 104 214 62 122 100 202 128 114 95 184 115 108
    197 14 60 211 189 183 180 93 49 192 118 168 163 186 227 159 243 19
    140 201 50 244 8 247 185 122 136 104 145 45 223 55 149 243 99 145
    128 44 243 212 208 16 50 220 118 101 37 104 104 158 67 165 217 107
    124 187 130 142 58 211 181 203 50 157 65 251 34 15 51 21 247 131 220
    47 20 99 253 251 103 20 140 197 217 125 17 165 36 115 81 38 125 60
    163 212 75 24 176 142 246 188 237 28 175 111 68 108 151 130 251 209
    209 153 121 75 206 121 74 23 47 233 229 136 44 51 79 67 40 163 118
    254 170 59 216 249 86 2 29 183 8 176 122 52 143 105 103 66 157 69
    241 74 136 14 96 181 30 115 131 215 14 16 235 84 203 190 210 140 47
    179 81 238 2 52 156 16 248 245 206 177 240 242 87 211 96 210 222 57
    129 223 160 0 17 206 148 109 4 160 75 2 204 21 21 1 124 146 174 49
    145 94 8 161 192 47 194 116 120 24 117 4 232 99 202 43 79 41 245 84
    158 18 117 253 99 93 10 36 197 26 170 67 169 49 109 254 146 214 172
    92 29 159 97 170 99 208 89 2 243 46 174 168 97 101 10 235 100 250 13
    194 155 184 232 94 35 190 205 6 50 233 54 227 105 113 58 246 108 125
    80 181 186 63 255 161 185 73 54 152 115 206 63 234 40 209 59 157 227
    115 56 98 10 49 91 176 140 202 59 72 165 15 34 21 83 58 8 247 244
    154 203 171 160 140 121 228 238 37 25 48 213 215 198 93 221 18 75 51
    239 12 141 32 238 91 17 186 33 85 93 74 154 249 30 159 57 34 191 22
    54 201 7 12 26 137 118 101 130 238 182 198 81 139 195 133 29 47 37
    90 248 155 133 24 91 87 251 153 4 28 198 245 52 65 224 144 2 110 26
    188 123 48 142 32 167 163 250 14 20 200 190 176 203 16 70 90 21 190
    148 20 66 198 6 202 73 117 34 81 189 101 147 215 223 136 74 220 241
    192 196 245 147 124 58 121 40 44 246 88 138 222 23 192 42 145 56 134
    106 153 245 65 158 4 42 129 192 137 69 190 72 81 125 182 251 126 142
    16 253 156 103 217 94 29 19 90 92 180 14 6 153 113 79 198 169 89 143
    170 235 235 42 162 77 50 35 75 219 121 8 34 4 39 54 9 117 181 48 232
    65 19 205 240 35 145 156 76 166 126 93 19 66 201 197 46 197 192 147
    218 110 230 39 35 247 203 178 230 76 216 188 195 207 43 112 103 211
    43 19 121 78 150 237 185 15 150 2 39 152 220 30 176 9 144 191 127
    200 156 47 231 233 172 150 66 36 58 71 4 194 165 178 37 22 143 248
    77 252 126 3 214 202 130 222 97 144 154 131 142 243 131 65 94 191
    231 149 111 224 184 225 191 80 178 164 180 1 21 38 219 50 124 7 28
    117 87 35 210 146 218 44 217 107 68 251 217 250 70 52 0 55 215 100
    180 218 94 230 73 156 93 66 48 68 116 216 253 87 20 243 74 129 251
    237 45 144 192 251 248 154 32 71 37 215 92 186 29 233 231 61 128 103
    16 69 218 136 50 191 137 164 132 35 85 180 238 157 25 53 108 86 132
    23 16 27 169 48 3 69 208 139 198 185 191 19 239 52 163 249 32 30 208
    127 69 120 187 213 139 164 193 197 195 182 169 145 46 27 16 244 247
    83 182 144 93 213 12 8 213 194 58 109 74 104 221 79 90 169 28 130
    238 174 52 85 191 218 114 206 218 138 181 170 143 28 162 3 210 141
    27 10 44 178 31 103 204 43 197 203 68 215 215 0 113 43 3 32 102 179
    140 163 59 115 4 226 254 29 218 174 22 172 204 122 61 211 131 69 248
    133 238 60 169 14 145 26 168 21 3 177 189 234 153 73 154 19 244 237
    197 166 98 249 206 16 147 173 93 163 197 75 66 203 25 88 202 175 84
    169 58 201 110 165 233 65 159 167 78 247 120 179 240 155 26 217 39
    135 113 83 33 229 211 6 113 90 236 225 43 50 163 250 220 126 112 194
    82 48 164 100 2 185 212 125 59 250 240 6 144 210 184 172 6 20 209
    144 133 234 224 231 18 255 163 36 244 57 85 240 42 145 81 31 188 251
    182 22 42 79 34 216 83 57 81 247 253 22 91 103 22 169 137 243 136
    242 103 16 54 186 123 50 254 234 10 5 75 196 195 128 55 127 231 183
    76 197 163 200 83 229 187 11 77 99 3 185 242 149 220 156 15 137 145
    120 209 175 125 216 102 136 64 65 254 34 78 180 47 68 94 46 184 45
    118 66 97 190 138 249 223 227 92 121 211 85 157 183 206 252 242 0
    242 107 1 122 134 110 70 82 91 185 199 236 201 8 169 145 43 47 19
    214 36 74 210 152 164 104 86 57 27 17 101 220 223 3 207 70 107 222
    46 164 69 37 215 50 55 50 2 211 222 61 87 236 125 164 149 14 185 204
    102 232 11 30 219 124 246 142 63 139 241 230 97 252 107 69 121 140
    163 108 167 20 207 138 226 185 133 199 127 163 84 183 34 115 68 234
    120 8 88 150 179 13 107 35 7 68 82 33 152 215 150 197 249 37 252 123
    37 212 106 170 64 144 140 125 60 18 72 104 64 44 97 8 63 30 200 48
    124 193 36 205 67 116 20 39 119 218 45 187 110 11 117 60 162 192 146
    181 152 135 184 106 233 51 32 214 40 82 41 183 157 228 222 233 192 6
    94 97 77 89 82 182 91 118 30 232 221 187 39 210 150 201 173 199 239
    104 115 185 164 82 137 252 53 95 132 226 159 198 235 196 167 145 206
    163 37 112 115 167 193 92 212 62 95 141 10 2 35 139 99 56 181 178 73
    218 43 95 54 144 99 202 47 144 60 146 87 95 243 233 142 63 152 141
    79 23 86 127 231 2 32 18 14 96 179 16 64 170 44 74 40 78 135 33 46
    40 72 230 199 188 48 122 139 64 48 187 147 190 138 249 143 98 208
    106 228 88 110 125 254 246 95 186 183 212 103 182 36 49 21 157 152
    151 146 253 135 32 21 191 78 70 133 97 175 176 226 239 120 213 208
    106 113 191 220 159 238 238 11 153 237 205 116 143 222 38 239 159
    104 11 30 231 113 241 68 207 69 118 253 132 191 105 156 242 220 118
    248 133 99 81 19 157 253 85 129 12 64 206 226 90 120 50 127 16 120
    153 38 217 67 181 98 125 204 38 4 104 94 19 245 80 133 226 15 41 151
    190 116 164 34 101 62 233 80 234 99 176 176 73 98 147 178 104 178 17
    140 162 46 114 165 180 75 48 144 80 37 229 240 33 226 227 64 6 58 18
    49 124 106 141 77 134 235 205 59 50 56 78 9 238 210 21 27 150 91 4 1
    12 111 196 173 168 115 142 181 180 206 35 13 95 163 176 74 218 15 51
    131 37 137 51 62 32 158 97 115 219 224 39 104 102 156 75 107 236 249
    137 32 217 215 41 42 34 18 16 74 10 213 228 170 144 24 155 144 111
    164 182 209 62 103 68 94 204 222 55 102 74 51 245 104 5 14 191 158
    212 1 229 198 75 114 195 193 1 145 41 176 210 93 215 87 15 195 51
    233 117 206 83 254 125 50 12 97 232 120 99 253 133 73 216 60 213 104
    83 234 79 15 56 200 210 248 199 175 74 208 222 160 39 0 236 15 96
    197 223 80 35 103 34 84 238 93 68 47 58 222 38 72 95 11 145 231 120
    179 104 61 252 67 148 46 59 190 165 62 172 105 186 176 7 184 57 220
    227 61 133 169 140 165 142 30 204 168 110 93 69 61 111 185 152 105
    159 137 104 149 73 246 212 143 179 29 105 222 162 77 30 153 3 149
    191 149 5 64 84 24 162 27 126 178 126 94 18 146 199 199 90 205 88
    185 108 160 194 15 183 243 243 175 141 188 24 136 182 201 52 139 130
    236 212 81 85 30 195 52 127 150 159 162 198 19 218 85 183 53 151 251
    47 99 247 32 107 212 142 217 230 126 6 202 20 35 230 68 121 107 98
    118 0 255 254 156 34 158 95 242 217 57 127 228 247 209 198 127 102
    140 83 178 192 44 145 31 16 23 39 16 235 138 254 10 100 44 41 197 96
    183 11 119 41 254 47 14 48 156 177 212 100 171 232 251 52 23 59 173
    200 201 91 168 218 92 210 34 183 137 8 99 87 143 100 121 57 9 206
    143 204 224 91 62 62 224 44 117 238 46 51 106 232 91 88 127 53 48 18
    234 29 130 226 221 221 223 72 67 68 148 248 213 125 88 7 27 120 150
    194 147 173 23 136 103 147 235 84 167 57 134 253 37 19 252 25 105
    220 51 3 189 216 76 61 232 150 111 142 167 60 65 214 71 82 57 216
    121 235 75 116 49 15 123 227 180 226 131 31 10 1 182 66 169 121 136
    13 53 241 168 55 192 122 11 67 71 125 36 122 115 18 92 191 22 201
    121 125 108 240 127 133 137 52 58 245 100 7 195 61 255 16 227 116 3
    129 22 211 174 28 219 11 251 121 42 158 25 8 25 211 201 75 163 188
    134 53 219 175 209 207 41 87 255 215 246 217 75 35 115 125 63 123
    247 151 133 199 123 122 73 154 22 44 252 126 73 157 237 57 191 27 54
    15 184 122 5 153 68 34 180 154 22 213 104 151 60 164 238 202 37 170
    108 84 201 98 239 205 21 195 226 247 25 163 42 130 171 23 69 222 136
    150 40 96 60 113 206 22 93 193 221 20 245 39 113 86 137 76 102 100
    89 254 33 93 163 80 243 249 41 45 29 246 75 56 19 173 19 104 163 162
    247 226 35 56 155 244 171 210 122 41 229 74 140 139 78 189 5 35 29 5
    243 67 124 165 145 30 228 170 23 160 227 130 195 115 45 119 92 218
    116 31 8 166 55 187 198 145 218 143 179 135 47 138 167 225 225 31 36
    168 47 111 238 52 169 37 237 205 119 234 190 240 40 231 26 255 210
    14 190 234 115 4 55 184 112 227 205 220 126 27 50 106 88 237 182 48
    125 35 145 180 172 255 100 49 172 208 62 55 94 189 96 157 167 71 183
    110 170 16 148 54 254 91 109 153 158 197 71 49 143 192 227 244 193
    141 87 191 222 113 53 29 146 126 77 158 119 105 58 217 147 104 220
    232 83 78 224 75 225 85 73 69 57 115 6 117 70 190 6 231 55 186 141
    182 131 71 29 236 4 244 15 190 252 231 239 105 177 7 104 217 172 99
    83 124 225 4 244 20 248 196 89 211 146 46 7 198 95 147 43 54 53 124
    26 4 133 249 163 132 160 218 155 219 163 27 162 39 122 121 23 199
    196 199 89 22 35 163 14 98 162 106 242 160 231 69 169 149 63 193 144
    230 188 243 4 36 96 139 76 77 6 73 113 14 255 118 25 115 43 149 197
    182 192 159 153 89 87 39 68 234 160 48 44 207 195 205 19 9 192 141
    59 87 56 56 50 91 233 36 19 102 52 199 203 137 253 181 198 248 81
    122 6 247 156 51 187 170 192 200 52 211 158 183 129 182 89 180 196
    87 227 80 79 202 241 59 90 184 143 120 50 21 47 18 142 62 64 7 180
    120 71 39 63 91 204 71 45 228 220 119 56 16 145 31 247 244 243 6 70
    111 168 76 197 120 148 90 153 13 82 207 141 245 243 188 20 241 58
    136 204 69 175 136 185 114 37 112 219 169 230 212 75 95 87 230 155
    229 44 179 252 149 14 229 164 43 86 77 233 248 184 211 129 116 209
    17 154 13 75 35 82 104 94 1 129 59 111 206 220 1 110 178 121 5 87
    224 161 193 81 168 204 172 61 169 201 132 168 63 231 145 131 177 194
    11 36 190 249 228 213 222 140 60 144 181 34 228 150 61 185 190 140
    134 49 107 129 18 94 204 10 33 134 74 136 228 167 95 41 233 171 239
    80 75 187 77 7 195 138 104 102 3 241 208 130 227 52 105 132 96 167
    71 70 26 94 141 37 252 139 118 191 82 43 50 10 15 167 142 159 216
    115 193 20 28 194 60 252 244 244 116 82 28 62 241 15 20 249 74 163
    124 29 162 26 195 42 153 187 97 185 85 23 124 149 211 92 142 157 55
    115 87 6 16 178 74 76 55 110 221 53 139 211 201 109 136 221 33 66 99
    243 236 92 101 249 222 80 253 90 31 245 164 108 24 126 25 188 6 233
    4 230 110 177 47 193 60 46 154 22 181 11 1 190 140 105 7 35 147 82
    207 141 94 237 44 147 140 148 50 35 106 232 151 172 28 201 7 129 102
    148 85 82 165 187 244 33 31 110 146 77 91 200 220 234 71 20 185 79
    16 73 75 89 169 19 113 98 116 42 51 120 125 111 108 173 26 6 172 177
    204 71 166 207 243 85 193 97 77 212 243 237 171 145 94 204 104 242
    218 245 132 231 17 116 252 17 32 61 112 61 199 199 86 234 96 180 50
    228 76 67 154 204 120 164 10 179 0 239 244 155 55 250 156 78 75 240
    169 57 95 237 64 15 160 234 160 94 21 183 47 185 82 151 152 113 243
    178 60 211 149 233 135 153 214 217 37 47 125 242 67 251 119 39 233 9
    125 153 79 127 84 168 214 168 208 177 155 227 86 35 194 255 252 210
    32 240 204 23 231 22 87 19 74 167 47 241 253 78 133 199 250 206 229
    202 72 79 5 173 95 206 86 215 194 200 91 116 44 71 200 50 207 133 2
    4 248 222 7 201 124 13 116 8 142 225 52 106 113 62 111 179 5 170 74
    68 123 197 229 231 78 133 214 237 157 97 0 127 20 60 9 32 147 229
    171 118 156 177 188 34 181 44 134 156 1 36 194 122 236 135 137 75 94
    11 14 173 106 187 83 86 143 196 165 55 38 120 100 130 57 193 179 137
    202 52 55 40 150 105 208 30 37 146 226 63 241 139 90 10 119 249 233
    145 129 11 240 228 188 32 17 32 34 54 153 236 169 203 97 223 71 81
    154 71 143 174 140 26 1 88 160 51 9 175 73 192 9 111 216 254 112 207
    18 109 204 47 165 12 193 252 232 44 99 170 154 18 111 196 216 139
    168 9 202 59 78 247 148 31 65 90 161 125 254 202 211 154 170 146 27
    114 79 251 196 124 25 85 249 219 45 182 202 165 168 134 193 32 19
    168 191 162 125 128 236 93 213 82 130 117 85 249 158 18 25 245 127
    90 216 219 253 159 96 124 217 29 24 134 93 124 127 153 92 99 254 128
    212 247 217 146 11 11 157 225 247 51 132 121 71 140 211 203 169 24
    210 136 105 185 252 38 161 65 23 31 47 78 183 121 42 117 28 136 148
    136 201 77 242 214 25 122 116 122 30 100 91 232 126 171 106 149 75
    126 208 59 31 69 85 68 2 122 177 233 117 16 223 251 217 174 124 97
    194 52 34 58 93 2 4 202 166 150 84 86 234 251 79 188 76 167 216 75
    140 9 121 65 51 45 108 160 91 244 190 224 6 65 234 133 229 126 182
    124 101 155 106 6 9 205 12 9 156 90 58 129 95 130 124 18 216 91 249
    121 135 80 87 30 205 30 14 3 63 148 85 222 244 150 35 78 56 54 106
    46 106 153 171 198 194 94 32 189 73 39 78 234 200 243 155 122 192
    151 203 186 122 157 200 214 36 208 229 158 109 148 155 253 236 236
    98 203 104 8 126 23 157 189 254 62 98 8 178 209 147 154 102 71 205
    70 78 181 160 30 32 164 62 203 73 14 126 171 228 203 128 115 29 183
    73 5 9 189 213 78 238 149 203 254 133 121 243 112 29 126 80 72 121
    249 148 130 175 107 50 153 177 136 78 2 233 144 11 38 190 106 17 89
    94 69 156 176 210 252 110 205 47 52 12 69 140 153 111 145 189 14 38
    131 220 201 186 28 250 77 173 167 102 202 78 14 11 194 12 73 110 180
    30 64 173 8 226 158 233 220 239 150 153 11 54 87 104 92 157 243 86
    199 11 49 218 206 242 194 127 240 175 202 133 255 44 233 227 10 218
    0 176 137 180 210 105 225 111 111 110 122 180 155 79 76 135 253 87
    236 57 32 180 184 235 15 182 234 46 187 53 217 211 150 104 199 212
    82 248 148 71 234 69 93 194 14 67 174 211 108 132 169 117 245 42 174
    42 24 199 206 97 237 89 93 49 219 178 151 31 190 85 219 65 62 155 30
    173 240 211 89 29 70 155 104 50 131 108 210 142 200 183 77 193 248
    187 210 31 163 102 103 250 162 18 180 13 20 140 237 164 115 11 169
    52 117 225 67 71 163 218 178 15 14 251 193 194 112 95 85 7 171 46
    170 6 252 120 227 61 131 177 38 79 62 72 105 225 135 225 15 169 95
    210 164 225 129 51 29 255 177 112 157 193 177 78 173 157 188 251 130
    191 58 120 162 206 117 111 211 102 247 39 136 86 112 94 69 138 19 84
    180 75 203 17 81 80 11 163 106 207 176 11 207 108 79 46 14 123 117
    224 106 161 135 56 25 175 119 235 152 229 91 1 29 255 30 60 178 138
    82 55 251 42 247 224 225 103 177 80 73 55 160 36 93 59 218 4 202 143
    226 108 251 88 223 245 250 251 125 113 13 197 80 72 134 223 156 147
    251 179 171 134 14 158 56 171 66 69 95 141 222 120 200 254 231 222
    75 210 4 85 20 40 32 112 149 5 31 96 240 192 196 228 154 51 146 94
    217 209 103 252 8 42 81 58 205 206 39 183 67 108 135 65 156 13 65 44
    167 70 189 155 214 81 186 157 162 224 156 65 123 249 208 11 105 136
    137 19 201 77 108 72 103 215 184 165 12 25 25 5 190 183 82 82 214 58
    253 128 144 146 35 18 216 170 150 133 49 40 179 216 45 142 36 157
    158 43 159 173 178 32 90 186 140 76 85 70 107 149 24 231 137 67 71
    58 142 167 182 12 15 237 99 38 198 39 153 15 212 110 81 149 137 139
    86 8 134 74 218 106 239 162 104 198 150 183 135 63 54 172 156 53 240
    208 156 157 128 6 250 235 249 177 158 26 217 226 33 82 62 27 68 117
    75 52 25 255 114 15 97 174 1 69 49 141 90 73 244 45 29 92 249 9 23
    216 15 194 91 95 132 52 222 80 160 153 241 63 24 41 164 10 245 196
    55 129 229 26 245 119 118 161 162 108 100 22 40 163 95 254 45 172 99
    232 194 194 56 141 207 186 160 54 93 77 104 84 75 56 218 248 50 37
    154 240 118 206 6 139 169 153 118 24 19 96 118 225 64 13 45 186 237
    196 68 207 53 22 180 115 244 77 168 193 32 131 247 165 27 126 11 52
    52 61 205 75 41 133 243 246 185 166 154 152 177 28 132 243 134 44
    204 181 192 214 79 192 54 114 181 236 50 78 8 144 211 198 104 106
    195 18 148 142 46 254 54 194 146 119 6 130 156 126 193 45 211 187
    255 99 55 182 235 154 185 227 45 181 176 36 157 171 222 207 84 176
    71 178 191 141 60 62 229 253 16 112 62 140 142 130 235 169 187 57
    161 239 121 203 106 183 9 67 2 170 181 248 22 109 87 255 122 86 49
    226 190 121 0 90 217 8 51 148 90 2 24 67 251 7 181 59 243 63 253 182
    223 160 82 116 199 42 196 207 244 121 250 185 160 154 119 77 252 156
    48 9 11 162 190 53 7 244 186 99 245 56 131 59 144 198 39 207 30 77
    125 16 118 112 251 236 136 126 87 139 209 203 159 16 47 12 158 153
    10 146 146 182 132 183 160 5 86 105 198 25 223 117 27 254 141 111
    135 174 194 103 138 51 127 126 132 171 122 229 83 75 69 247 93 178
    202 68 82 73 144 255 125 248 224 133 74 26 120 113 198 187 228 138
    168 89 79 85 126 114 205 91 79 49 9 153 19 60 228 139 250 125 57 127
    64 87 36 236 232 90 72 59 227 241 16 80 173 1 142 86 59 53 105 155
    92 229 37 87 45 240 133 55 254 18 178 254 8 120 166 194 17 91 223 59
    56 152 225 84 138 205 132 126 53 245 241 227 208 13 2 164 102 208
    166 246 82 47 64 221 144 59 43 123 220 249 181 134 150 55 80 183 207
    210 44 175 152 98 250 71 246 109 47 209 150 207 182 40 252 219 46
    122 175 57 102 79 191 147 217 210 55 83 162 17 101 129 133 5 85 187
    53 153 169 227 208 58 147 60 92 103 115 35 61 62 220 205 160 152 15
    194 98 43 162 243 153 192 105 148 43 30 133 59 180 0 94 114 11 85
    245 151 125 245 20 212 110 56 223 120 82 143 69 76 145 123 136 11 34
    44 195 101 21 242 61 75 249 216 226 50 153 104 2 157 174 156 138 55
    118 158 20 125 254 218 251 96 229 185 83 157 152 209 143 123 126 8
    164 222 41 250 132 192 84 169 236 17 213 150 22 255 136 247 2 59 173
    78 172 21 30 118 244 168 45 129 160 89 181 26 35 152 98 184 39 198
    50 199 128 253 2 169 133 233 208 229 229 76 23 184 125 217 219 214
    84 253 248 185 51 143 183 21 161 146 112 47 151 48 200 133 0 24 198
    15 24 255 191 162 10 14 90 177 185 181 58 131 154 203 19 113 71 224
    169 220 161 100 126 183 187 101 116 157 226 42 216 12 241 209 84 47
    32 254 67 213 208 48 180 87 140 4 233 109 8 152 92 123 149 251 245
    52 157 177 49 235 224 15 159 104 8 159 140 101 80 77 106 161 20 84
    54 83 73 247 21 240 221 31 37 195 122 111 249 210 68 209 28 16 168
    89 95 242 157 96 93 55 56 223 173 15 47 139 149 62 239 238 111 30 47
    32 71 11 160 103 78 131 75 158 114 254 104 167 122 95 14 204 221 18
    217 216 155 166 9 237 164 110 59 248 226 200 83 174 172 72 74 134 99
    175 97 36 129 89 58 198 15 6 235 112 87 165 112 18 203 189 63 174
    245 155 185 227 135 187 211 14 35 186 215 64 225 151 102 186 72 252
    253 139 78 61 245 58 28 69 60 82 165 179 36 224 10 147 65 80 43 170
    61 55 80 172 159 215 133 21 33 73 214 88 112 155 164 98 82 248 63
    153 116 76 93 165 31 195 93 79 54 240 26 9 234 191 50 128 255 86 157
    149 246 234 219 157 125 199 19 234 177 67 194 147 152 54 80 233 124
    177 239 96 188 92 195 42 198 135 194 136 49 184 76 245 57 117 231
    144 113 174 69 42 255 157 129 139 116 193 232 165 117 134 187 0 114
    15 0 156 36 137 189 91 188 246 146 24 86 171 98 252 14 104 27 150
    115 142 127 150 29 193 238 60 191 151 21 230 222 43 158 241 0 116
    228 85 230 149 21 42 208 97 180 4 239 150 222 171 77 59 113 124 126
    72 248 124 97 16 106 69 119 158 136 51 121 37 55 99 204 93 101 214
    57 139 165 168 251 195 60 230 169 217 120 132 124 187 191 16 178 38
    248 144 62 60 180 166 15 159 44 166 203 228 153 13 74 208 150 162
    171 52 215 171 121 139 133 43 49 69 145 137 187 204 177 54 78 27 138
    244 75 4 48 115 249 130 32 181 68 114 229 136 156 26 135 194 55 138
    181 9 111 183 182 157 170 92 206 135 82 107 171 50 76 113 18 162 185
    108 95 41 57 201 118 27 11 151 154 231 56 7 202 194 39 11 14 164 152
    118 89 26 171 163 217 174 199 182 109 7 136 58 127 36 65 1 71 207
    171 121 165 248 142 253 152 22 85 176 23 243 88 144 242 122 34 207
    174 76 108 170 133 249 144 193 16 75 38 133 233 125 42 183 193 22
    207 203 213 10 1 79 45 224 72 69 19 187 57 243 166 104 118 136 4 111
    206 155 120 97 79 161 80 198 105 211 125 134 239 19 210 104 35 102
    38 72 238 253 65 27 155 5 80 233 213 214 222 178 180 13 115 66 49 79
    139 131 54 244 143 56 0 243 233 201 227 243 245 95 246 241 149 141
    135 156 5 189 89 163 69 100 159 9 23 251 98 39 252 126 245 236 174
    13 232 183 230 81 245 191 126 123 49 8 230 187 215 162 247 63 163
    223 195 84 207 129 71 62 187 220 33 226 191 161 24 164 28 250 204
    160 85 23 191 216 68 43 86 15 36 198 3 68 118 239 128 207 204 123
    162 119 244 2 165 98 187 128 165 56 240 159 236 108 186 106 22 214
    147 76 140 229 121 144 223 72 62 48 250 241 151 123 90 106 209 129
    35 194 78 226 39 34 167 120 135 191 201 99 43 121 43 74 122 131 231
    143 138 203 213 249 103 58 146 194 120 22 234 63 135 30 11 138 96
    255 112 58 119 13 169 89 118 123 196 177 241 108 103 246 36 208 220
    146 185 65 235 40 6 99 140 134 161 57 239 225 209 211 185 255 69 202
    178 77 143 236 42 196 152 251 177 77 143 195 225 197 45 153 250 252
    81 23 253 212 24 164 39 92 54 156 115 94 124 52 148 128 42 99 49 188
    179 134 76 7 5 237 159 37 88 34 55 132 246 157 147 84 153 115 154 19
    13 161 103 123 22 204 137 50 31 109 99 68 98 65 184 50 119 180 234
    133 244 31 109 225 236 34 135 192 61 41 118 218 244 200 69 51 20 197
    84 165 119 187 42 79 100 102 198 168 168 171 185 176 223 169 164 86
    17 128 96 145 69 140 127 79 192 164 46 88 136 238 223 83 130 238 248
    168 182 74 73 209 203 74 102 219 79 63 211 251 152 113 238 120 174
    55 217 23 79 102 27 168 181 225 51 246 245 250 222 52 62 197 204 84
    222 200 205 77 243 16 149 111 211 64 160 224 131 42 117 135 65 47 20
    210 246 6 106 31 161 249 22 13 72 129 132 234 91 100 149 4 34 139
    116 177 22 113 43 50 250 195 236 146 107 215 53 232 35 138 55 30 36
    150 97 112 150 18 9 17 205 24 111 124 214 64 230 149 221 185 101 163
    25 230 152 31 72 169 142 211 146 102 101 246 165 13 181 81 23 149
    227 87 73 88 112 185 74 233 184 119 206 122 121 252 222 60 7 20 54
    109 72 148 155 30 198 16 11 4 131 133 83 126 167 152 13 3 74 188 41
    52 77 230 157 54 221 30 195 169 185 40 232 251 209 48 247 128 52 2
    63 17 13 152 43 114 210 70 109 101 102 122 12 133 185 51 71 87 88
    152 84 101 213 145 130 190 236 27 45 141 84 4 97 45 13 79 9 68 34 86
    35 122 133 96 8 212 149 173 210 148 106 4 163 38 185 27 122 227 145
    29 124 75 147 216 141 141 34 60 171 95 206 245 147 58 116 214 77 236
    186 19 83 180 151 157 203 27 56 174 235 146 183 152 80 28 195 109
    182 177 89 201 4 132 116 3 73 115 215 81 193 118 80 158 231 65 237
    205 29 14 31 101 8 153 127 78 192 49 49 52 133 61 136 154 176 106
    116 231 200 121 248 102 92 48 119 181 142 172 217 152 238 12 38 221
    41 67 71 173 12 25 76 105 27 143 164 252 200 210 133 71 175 140 243
    31 163 133 87 219 243 26 50 84 89 31 225 136 125 7 119 168 155 156
    10 17 199 20 124 26 177 68 97 250 210 228 154 222 140 95 4 75 97 11
    112 154 115 196 100 106 214 237 247 117 161 2 127 187 88 193 254 128
    199 12 50 25 173 48 245 192 51 135 104 6 35 79 8 21 140</data></test_img>
<my_img type_id="opencv-matrix">
  <rows>128</rows>
  <cols>256</cols>
  <dt>u</dt>
  <data>
    35 0 0 255 0 255 255 0 174 0 255 255 149 252 255 0 0 255 0 85 0 255
    0 255 255 255 79 157 0 61 0 255 196 255 0 0 0 0 0 255 0 208 218 173
    86 255 0 88 255 255 0 0 255 0 255 255 0 255 255 0 0 0 36 255 0 255 0
    255 0 255 35 31 255 0 0 255 63 0 20 0 199 0 203 0 0 212 255 0 255
    242 255 0 94 255 0 0 255 0 149 0 255 232 0 255 255 0 255 0 255 0 255
    255 32 255 255 255 0 0 255 0 255 0 56 0 0 255 0 255 238 255 255 0 0
    0 0 0 0 255 255 0 255 0 255 0 140 255 236 255 255 0 0 255 255 0 255
    0 255 70 255 0 89 255 0 255 0 208 0 255 0 8 0 255 0 255 255 255 0
    220 0 255 255 18 58 0 255 0 0 0 188 116 255 0 0 255 107 221 255 0
    255 255 255 0 255 0 255 0 0 255 162 255 0 54 0 255 77 255 0 76 255 0
    255 255 255 0 166 0 255 255 195 255 0 255 0 255 0 255 0 163 255 0
    255 255 0 255 255 0 255 0 255 20 204 187 0 255 0 0 255 255 255 0 132
    0 0 255 0 255 0 255 0 167 255 255 255 159 124 255 77 0 255 0 136 41
    0 255 255 0 255 0 102 255 255 247 255 65 255 0 255 129 0 255 90 255
    0 0 0 0 200 255 0 255 255 0 255 255 0 248 255 255 255 0 255 0 255 0
    255 0 255 0 255 0 77 255 0 255 0 255 0 255 0 53 0 255 0 255 0 28 83
    255 255 0 255 0 255 255 0 255 0 0 181 209 0 255 0 255 125 250 0 0
    255 0 0 255 255 0 255 0 255 32 0 0 255 255 0 0 0 255 255 255 170 0
    255 83 255 0 0 0 255 255 133 255 255 0 0 0 255 25 0 0 250 0 255 0
    255 0 0 255 0 206 13 255 0 255 255 199 255 154 255 255 255 255 0 0
    255 255 0 255 0 255 148 255 0 255 255 0 255 0 0 0 255 0 33 255 183
    255 0 0 0 255 255 255 0 71 255 0 0 0 255 71 255 0 143 0 255 0 255 0
    255 216 0 255 255 0 255 0 255 207 0 255 0 0 255 0 255 0 0 57 255 255
    0 0 94 214 255 0 255 0 255 16 255 0 255 246 0 0 0 255 255 237 255 50
    255 0 167 174 31 0 0 0 255 0 255 255 0 255 0 255 0 23 255 0 255 0
    255 0 0 0 164 227 0 0 255 0 255 0 255 0 0 0 255 255 15 255 255 0 255
    0 111 255 0 50 0 255 255 45 255 255 0 107 49 148 0 255 0 130 0 255 0
    0 255 255 0 0 255 0 0 255 174 0 255 0 197 255 0 173 255 0 255 0 255
    0 255 0 255 0 255 255 0 255 255 0 255 255 239 255 255 0 255 93 255
    23 150 0 255 0 255 0 255 0 255 0 255 0 22 255 0 134 197 0 131 88 255
    255 155 0 161 89 255 27 0 255 0 218 255 255 255 0 255 255 0 0 255 0
    255 255 175 255 255 0 255 0 0 125 0 0 187 0 255 0 197 0 0 105 255
    255 0 255 0 255 0 255 0 255 255 0 109 117 93 130 0 0 255 0 255 0 138
    0 243 255 0 0 255 255 0 87 0 0 255 255 0 185 0 0 0 143 0 255 0 101 0
    255 0 182 170 0 0 255 125 255 0 255 0 255 0 0 255 45 0 75 0 255 255
    225 0 0 255 255 222 0 255 255 43 20 255 255 0 255 0 255 0 255 0 255
    188 255 0 255 255 0 0 0 255 0 255 255 255 0 255 0 0 255 255 0 0 0
    255 0 255 0 158 118 0 0 190 255 0 0 255 40 255 255 0 255 0 0 255 213
    0 211 106 255 52 0 255 0 0 255 255 255 230 54 0 255 255 0 0 0 255 0
    0 255 255 255 255 0 255 255 255 0 255 255 0 255 0 255 0 255 0 201 0
    63 0 255 255 0 52 255 255 0 255 0 0 255 0 255 0 0 255 0 0 255 89 255
    251 0 255 0 94 0 0 255 0 88 162 255 144 0 255 0 0 255 255 255 0 0
    255 0 76 0 0 52 0 86 253 0 42 0 255 83 0 0 200 0 0 0 0 255 220 255
    255 255 255 141 255 3 193 0 255 0 0 255 255 0 255 0 0 0 255 0 0 255
    0 255 0 140 255 255 255 255 0 255 0 246 0 255 104 0 0 33 0 255 255
    91 255 255 255 0 255 0 255 0 255 138 0 255 255 41 255 0 255 255 0
    255 255 0 171 0 255 255 0 255 0 255 0 0 34 255 0 255 0 0 255 255 0 0
    0 94 0 255 0 0 62 89 255 0 68 0 255 255 0 140 0 0 255 255 255 212 0
    255 0 191 199 255 116 0 255 255 0 255 50 0 255 255 255 0 0 255 255
    255 0 0 255 255 94 255 0 255 0 172 0 255 0 0 255 0 0 0 198 255 0 255
    255 0 175 0 255 255 255 0 83 0 255 0 255 0 0 255 26 10 0 255 0 255 0
    255 0 0 0 0 255 0 255 95 0 255 255 49 0 255 0 255 255 255 0 255 0
    255 0 0 255 0 255 0 255 21 34 0 170 255 255 220 0 255 196 197 255
    255 255 0 255 0 255 255 0 217 255 69 0 255 0 255 255 60 255 255 0 53
    255 0 255 0 255 141 255 1 255 255 0 255 59 255 144 120 255 0 0 0 0 0
    255 255 189 0 255 255 255 0 255 0 255 0 255 255 0 0 255 29 139 0 0
    255 0 0 255 0 0 0 52 45 0 0 0 255 255 255 232 0 0 255 136 255 0 255
    0 255 0 255 187 240 219 0 255 0 255 255 0 0 0 255 0 253 0 255 25 223
    255 0 255 0 255 255 255 123 0 0 255 255 0 255 255 255 194 0 255 255
    255 255 255 255 0 0 255 255 0 255 0 0 255 235 255 252 0 255 0 241 0
    184 0 0 157 255 0 255 0 186 255 255 255 255 0 0 255 255 11 255 15 1
    157 0 0 0 0 255 145 227 0 255 18 0 0 255 252 251 0 0 255 255 0 255
    180 255 0 255 0 255 255 255 255 0 255 0 1 56 0 1 255 0 255 46 255 0
    255 0 255 255 0 255 0 255 189 255 0 255 0 255 0 0 0 0 255 0 255 100
    254 255 255 0 0 179 0 0 75 0 255 224 0 182 255 0 0 255 0 31 42 255
    120 58 0 156 0 187 0 77 0 0 255 0 0 255 255 0 255 255 0 23 0 255 102
    60 0 0 255 10 0 255 255 0 0 255 0 83 255 255 0 255 255 0 91 255 58
    124 0 35 255 0 155 255 0 171 0 255 59 255 0 103 255 255 220 255 255
    0 255 255 238 0 0 255 255 255 0 255 0 255 0 210 0 0 255 255 0 0 255
    0 0 255 0 255 96 0 14 0 255 255 0 0 255 0 255 255 0 255 0 255 0 0
    179 0 255 0 255 255 0 255 0 255 255 0 255 0 255 0 0 255 0 255 255
    255 0 175 255 0 255 255 0 0 96 0 255 0 255 78 255 255 255 0 255 255
    0 110 255 191 0 0 0 108 0 251 0 239 0 255 255 255 203 0 255 0 255 0
    255 255 0 255 0 49 255 0 255 107 255 146 255 0 255 0 0 0 255 0 255 0
    0 0 0 255 0 86 255 0 255 255 197 255 0 0 154 255 0 68 255 0 255 255
    46 0 255 0 255 0 255 0 0 255 255 200 0 255 0 255 0 0 93 185 255 255
    255 194 0 174 0 255 0 255 0 103 255 255 170 0 255 0 255 255 0 255
    255 0 255 255 0 0 255 176 103 255 63 121 0 0 255 255 18 0 255 0 255
    0 255 0 90 255 0 255 255 255 0 255 0 255 255 255 112 255 0 255 0 8 0
    255 0 255 24 0 255 255 255 0 89 5 255 255 0 0 43 255 234 0 255 231 0
    255 255 0 255 0 0 205 0 0 255 55 113 0 39 64 0 41 0 173 255 0 106 0
    255 255 255 0 255 255 4 255 125 102 0 255 255 0 179 158 255 255 0
    255 0 0 255 0 187 92 255 0 0 255 0 255 255 0 255 255 255 0 0 0 213
    255 175 0 66 0 255 255 137 72 0 252 114 0 73 0 66 110 185 0 255 0 0
    89 0 255 67 255 255 128 255 0 255 48 0 255 254 0 255 0 0 59 0 23 255
    53 255 0 157 0 255 0 0 0 116 255 255 0 77 255 0 255 0 0 255 255 0 0
    0 255 255 0 255 0 171 255 0 255 0 255 0 52 198 0 0 0 255 0 255 255 0
    28 0 255 0 111 0 0 255 0 255 0 0 255 0 255 221 0 0 0 0 0 255 118 0 0
    255 0 255 0 56 0 255 192 255 0 0 127 0 0 255 0 182 255 176 0 0 255 0
    255 255 0 255 0 0 255 0 0 0 255 0 147 255 0 0 255 163 0 255 0 0 0 67
    0 0 0 255 255 48 0 255 0 255 17 0 0 255 0 0 255 255 255 0 255 0 0 12
    255 0 0 0 255 0 0 113 0 255 69 0 132 255 255 0 255 0 255 0 0 255 0 0
    39 208 0 255 255 0 255 255 0 255 255 154 0 168 255 0 0 242 255 0 0 0
    175 255 0 255 74 0 255 0 0 255 85 0 255 195 2 0 0 0 0 206 255 0 255
    0 0 5 255 182 0 255 105 255 0 255 0 255 255 42 255 255 0 0 110 255 0
    255 255 26 255 255 0 255 255 0 255 0 255 107 175 0 255 0 255 255 255
    255 54 0 255 0 255 0 255 0 255 0 0 0 255 0 255 0 0 0 0 0 174 0 0 255
    28 0 0 2 52 0 0 0 60 255 12 255 58 255 0 255 0 61 255 206 255 0 133
    0 0 255 0 0 59 255 176 0 255 0 0 255 255 255 0 255 0 255 255 0 255
    106 156 246 0 0 255 0 255 149 0 251 0 143 255 255 0 46 255 0 227 0
    243 0 255 255 0 255 0 0 0 0 153 255 0 255 24 255 255 86 0 255 255
    220 0 0 0 255 60 255 0 255 255 255 233 0 158 255 255 255 0 203 0 255
    239 0 57 0 255 158 255 255 0 0 255 223 0 255 0 255 255 255 0 0 0 17
    255 0 0 0 255 5 0 255 0 255 255 0 150 187 211 255 255 0 255 255 14
    255 118 0 0 255 0 0 0 255 255 255 0 255 0 198 0 0 0 90 144 0 25 127
    204 255 0 255 0 255 255 0 255 255 255 226 0 255 16 0 0 255 0 216 255
    0 255 0 255 0 255 249 0 255 163 255 0 0 0 211 255 0 255 23 14 255 0
    134 0 0 255 255 0 132 0 78 126 255 255 251 0 0 255 255 255 255 0 0 0
    255 0 255 255 255 0 0 51 0 255 195 255 0 255 255 0 255 0 0 255 255 0
    255 202 255 0 255 0 210 0 255 255 255 0 192 0 188 0 255 0 220 255 0
    0 255 0 0 255 255 0 0 255 0 0 255 0 0 255 0 0 255 0 255 0 255 248
    255 255 255 0 8 255 0 255 0 0 255 62 0 242 255 0 252 0 0 0 0 62 255
    0 255 255 255 255 0 0 153 255 0 255 255 0 255 0 0 46 255 7 0 255 120
    0 0 255 0 0 255 0 0 0 83 0 255 255 255 0 255 255 0 255 255 0 255 240
    255 0 255 255 0 255 0 255 0 255 13 255 0 0 255 255 255 0 255 0 255
    255 0 10 255 0 85 103 255 0 0 0 255 0 0 0 0 255 0 255 203 88 255 0
    56 108 0 255 0 255 174 0 255 13 6 0 255 255 123 201 0 255 0 255 255
    0 167 186 0 255 0 255 0 255 0 255 0 255 230 255 0 0 115 255 0 1 255
    0 255 255 255 255 152 0 0 0 59 250 0 0 0 255 125 255 0 255 0 145 255
    255 255 0 255 0 255 255 0 7 0 0 255 255 255 255 167 112 255 0 0 255
    255 157 0 0 255 0 255 255 0 45 255 0 255 0 123 255 255 0 0 255 213 0
    54 0 0 255 19 0 0 255 157 0 128 0 255 255 0 255 255 255 0 255 0 0
    255 255 255 255 0 255 255 0 0 0 255 255 0 255 0 255 0 120 255 0 255
    255 255 0 0 255 158 0 0 255 255 0 255 255 255 255 0 255 0 0 255 13
    255 255 157 0 0 0 180 255 0 255 0 247 0 255 251 0 255 255 255 0 255
    0 0 0 2 151 255 255 255 0 0 0 0 255 255 0 0 255 0 255 0 101 255 0
    255 0 0 134 0 162 0 0 255 0 255 0 255 0 245 255 0 255 0 0 255 0 255
    165 53 255 255 0 0 227 255 255 0 0 255 255 199 255 0 255 255 234 255
    0 255 0 255 255 255 40 0 0 255 0 255 117 255 255 0 255 255 0 255 239
    247 0 0 80 0 0 255 0 0 0 0 170 255 200 178 0 255 255 0 255 255 0 0 0
    255 255 255 236 255 0 93 255 255 187 255 0 255 255 255 0 0 232 0 39
    0 105 0 0 0 255 0 63 255 190 0 0 78 255 0 0 255 0 87 0 255 255 0 255
    255 0 0 255 0 255 0 255 0 156 57 248 255 234 0 255 0 255 71 255 255
    255 255 0 255 81 209 32 0 255 255 0 0 255 0 208 255 0 255 0 255 0
    255 0 255 0 56 255 0 0 0 109 98 0 255 227 0 255 0 255 0 19 255 0 255
    62 255 255 0 223 0 0 255 0 255 255 109 67 0 0 0 73 255 107 0 255 255
    0 255 0 255 0 255 0 255 255 0 226 245 0 0 255 30 255 170 0 255 0 80
    0 255 255 0 255 0 255 0 0 0 255 0 255 255 0 255 255 0 0 255 255 0
    197 255 255 0 140 0 0 0 255 0 139 216 59 255 127 0 255 0 255 0 74
    159 0 0 255 0 219 255 73 255 0 255 0 255 255 0 196 0 31 0 0 0 26 255
    255 34 255 255 0 255 255 255 0 255 0 255 255 255 0 255 93 255 0 0
    255 255 255 255 0 255 0 255 255 0 255 0 240 21 255 255 0 152 0 0 172
    0 0 255 0 255 0 255 0 111 157 0 9 0 0 255 255 0 255 0 159 0 255 255
    82 0 255 255 232 255 0 255 255 0 255 0 0 255 0 255 0 0 118 255 0 255
    0 251 0 255 255 254 0 0 255 0 0 255 0 255 233 0 255 0 255 0 211 255
    96 255 0 0 255 255 0 255 115 255 255 0 255 0 37 0 208 185 236 255 0
    219 255 156 0 35 255 255 0 0 0 230 0 255 0 255 255 0 255 0 75 0 248
    255 255 0 255 255 0 0 87 0 255 255 255 0 0 255 0 255 255 255 255 0
    97 0 255 0 255 146 214 255 0 255 209 0 0 255 0 0 255 255 0 225 255
    255 255 0 0 255 238 255 66 193 255 255 0 0 255 0 0 0 0 255 255 0 255
    0 214 0 255 133 255 131 209 255 0 26 0 0 0 255 0 102 0 255 0 255 0
    255 0 255 132 0 255 124 0 255 255 100 255 0 255 0 180 255 255 236 62
    0 255 0 255 0 255 255 0 0 0 46 0 0 156 0 255 213 0 63 255 176 15 0
    255 255 0 0 0 255 0 0 0 255 0 2 255 255 255 255 0 0 255 0 255 0 255
    55 0 255 0 255 0 255 0 255 4 255 0 255 255 255 255 0 163 255 0 255 7
    0 255 255 0 255 0 0 185 255 255 255 255 255 0 255 0 148 255 185 0
    255 0 255 255 255 0 255 255 114 0 255 0 255 255 0 51 0 71 255 0 255
    0 123 229 255 0 0 255 14 0 0 255 0 255 255 0 251 0 255 0 0 255 0 128
    255 255 0 0 255 255 0 255 0 255 0 0 255 255 0 120 255 30 234 0 0 109
    0 109 0 0 255 0 255 0 255 255 255 132 105 255 0 255 255 255 255 4
    255 0 0 0 255 123 0 255 84 255 0 255 61 138 0 255 255 255 96 0 255 0
    0 0 0 255 248 0 130 255 255 0 0 255 255 255 0 255 0 255 0 255 0 255
    0 255 0 241 102 0 0 255 14 0 255 255 250 255 20 222 255 255 255 255
    37 90 255 0 255 255 255 0 0 255 255 0 255 0 255 0 77 0 152 0 0 0 255
    0 0 255 255 255 0 0 255 166 0 0 255 97 255 0 255 0 255 255 3 255 255
    255 0 255 0 255 0 110 255 0 0 0 255 0 255 255 0 255 79 255 220 255
    56 255 0 255 193 255 0 255 255 255 0 255 0 255 255 0 0 255 255 0 255
    0 0 255 255 132 255 0 0 255 0 0 0 255 0 255 0 39 255 0 255 255 0 0
    172 194 0 0 0 255 0 255 0 0 255 255 0 148 0 0 0 255 24 0 255 0 0 255
    255 0 197 79 0 0 0 0 0 207 255 139 0 255 0 0 109 0 255 0 255 0 255 0
    255 0 216 255 0 255 0 255 204 255 0 225 255 255 39 0 255 255 0 255 0
    255 0 203 209 0 255 0 255 106 255 0 7 255 0 255 0 255 0 0 255 0 82
    255 0 0 255 0 255 189 0 255 0 255 0 131 228 0 255 255 0 255 0 0 255
    41 255 0 0 0 255 31 180 0 255 28 204 255 49 0 255 255 0 255 0 0 255
    0 0 0 0 255 0 255 0 255 255 255 255 0 0 222 0 255 106 0 255 175 0
    255 0 240 0 255 67 213 0 255 255 34 255 255 126 230 206 0 0 138 0
    255 0 255 85 255 0 255 45 0 0 0 255 0 0 255 211 0 0 255 0 255 0 98
    255 255 255 255 0 0 255 0 255 136 77 0 255 0 22 142 0 72 255 191 0
    255 255 0 0 255 0 0 255 208 0 255 0 245 255 255 255 255 0 255 228 0
    255 255 255 255 0 117 255 0 255 23 0 0 255 255 0 255 212 0 255 0 255
    0 255 255 0 255 255 255 0 0 255 241 114 166 60 0 255 197 0 0 255 255
    0 255 255 0 255 0 0 255 0 0 0 255 255 255 0 13 255 176 0 255 17 0
    255 255 0 255 255 0 0 0 0 255 231 0 0 255 0 0 255 255 57 0 255 117 0
    7 0 255 0 255 255 225 255 253 34 0 255 0 255 255 0 0 255 0 245 255
    255 0 255 0 0 255 0 255 255 255 0 255 255 0 0 255 255 192 0 255 208
    137 0 255 0 255 0 0 255 255 0 255 0 98 255 0 186 0 255 255 0 157 255
    0 255 160 0 255 0 255 0 0 59 255 102 255 0 255 0 255 0 255 82 255
    144 255 255 0 0 255 255 0 9 0 3 0 255 103 255 37 255 85 65 255 255 0
    104 255 132 255 0 255 255 188 0 255 0 255 255 255 0 210 0 255 255 0
    0 0 0 0 255 255 0 0 58 95 0 255 255 0 0 255 255 0 255 0 255 0 173 8
    219 255 0 255 92 209 255 255 0 0 0 0 0 255 162 0 255 0 255 0 255 0
    255 255 0 255 0 255 0 0 255 217 255 0 0 255 192 0 255 255 63 222 0
    255 255 0 30 255 0 0 148 255 84 0 255 0 255 0 66 0 0 0 255 255 0 0
    255 243 0 255 93 51 0 0 255 52 91 0 255 255 0 255 255 1 11 0 0 255
    255 51 255 0 255 255 0 255 192 0 255 255 255 0 0 255 255 21 0 85 255
    129 0 255 0 0 255 255 0 0 255 235 255 0 255 115 0 60 255 0 161 255
    255 255 0 0 210 0 255 0 0 255 55 0 255 201 255 0 6 255 0 255 255 0
    255 255 0 90 255 255 0 255 255 0 255 0 206 0 38 0 255 0 0 0 202 146
    255 255 255 158 255 0 175 255 255 0 0 230 0 118 0 58 255 0 0 255 0 0
    0 0 0 255 255 0 0 185 0 168 165 255 0 255 0 0 255 0 255 0 255 255 0
    95 0 255 255 0 20 255 205 255 0 255 50 255 255 255 255 0 255 0 255
    255 74 255 0 0 0 255 232 0 0 255 0 254 13 9 0 255 255 255 19 0 255
    255 0 255 0 255 255 255 255 0 202 0 0 255 111 202 255 0 0 0 255 0
    255 162 255 0 74 255 0 0 255 0 0 255 85 255 0 255 88 0 0 0 0 0 255
    255 0 255 255 0 126 66 0 141 255 255 0 255 141 0 0 255 0 255 0 255
    255 0 255 0 76 119 255 0 0 255 0 255 0 0 0 255 0 255 255 0 0 255 0 0
    255 89 0 255 0 255 137 0 255 0 255 255 0 255 189 0 255 0 189 0 227 0
    255 0 123 255 0 255 255 0 236 0 255 104 0 0 255 0 3 137 0 255 30 236
    0 255 0 255 0 0 0 235 88 255 0 0 119 0 255 169 0 0 255 0 255 0 255 0
    255 146 0 0 0 0 255 0 255 0 255 65 228 0 255 0 0 255 0 0 137 255 255
    0 255 0 60 255 0 255 255 0 255 0 63 59 255 19 0 219 255 0 255 0 255
    0 255 104 255 255 255 0 0 195 255 0 0 255 21 0 255 255 0 255 0 90
    223 84 33 0 0 130 227 0 0 0 0 0 255 0 0 255 255 0 255 199 4 0 255 0
    0 0 255 0 255 172 0 255 0 156 241 255 0 156 255 0 255 0 0 255 255 0
    0 97 0 255 133 200 0 255 0 255 0 255 137 0 0 170 164 255 255 174 255
    255 255 0 69 232 214 255 143 255 0 0 98 255 0 0 178 0 255 0 255 255
    0 255 0 255 160 31 255 171 224 147 255 255 0 255 197 255 255 35 255
    255 255 0 44 0 255 146 255 0 0 255 59 255 255 255 0 0 0 0 0 255 255
    225 197 255 255 0 255 255 0 255 52 0 241 255 255 255 0 0 255 0 255 0
    255 255 8 0 0 255 0 255 0 255 0 255 255 0 0 255 255 0 0 55 255 255 0
    0 0 255 72 0 255 255 0 255 0 255 0 219 0 107 255 255 0 0 0 255 0 255
    0 255 255 255 0 255 255 29 255 0 255 0 243 216 0 249 0 255 0 255 0
    87 255 0 0 255 0 0 255 191 0 197 255 136 149 0 255 255 94 0 255 103
    0 13 0 255 255 255 255 255 0 0 255 255 0 0 255 246 206 0 255 0 0 234
    255 255 0 255 255 0 255 255 255 0 255 0 255 0 0 0 34 255 0 255 0 255
    0 255 159 0 255 224 0 0 255 0 255 0 255 0 0 255 0 0 165 255 93 255
    255 0 0 0 255 255 195 0 65 0 0 76 255 255 0 255 0 146 0 0 0 0 255
    177 0 0 255 0 224 255 255 0 255 255 103 0 0 121 255 255 0 0 255 255
    0 255 0 0 255 0 19 255 0 0 255 0 0 0 0 0 255 0 0 255 0 153 0 255 0
    255 0 255 255 0 0 255 209 29 92 134 63 255 0 255 0 255 0 0 234 255
    128 0 247 0 0 0 255 0 255 16 255 0 0 0 150 255 16 255 120 255 0 255
    255 0 255 225 255 0 0 255 25 0 255 0 227 255 255 0 255 255 0 0 255
    163 243 0 0 255 0 255 0 50 102 255 0 255 101 0 255 0 148 255 0 0 0
    255 69 0 255 255 255 88 0 0 255 0 255 0 255 207 0 0 97 0 255 5 255 0
    255 255 255 0 255 0 255 0 0 255 0 238 255 41 0 255 255 114 255 0 255
    246 0 255 0 255 0 255 255 255 0 0 255 52 57 0 255 0 0 255 156 0 255
    0 0 255 0 255 255 0 255 0 255 0 16 248 0 0 0 255 0 255 255 255 0 255
    0 130 255 255 189 0 255 255 0 255 255 0 29 255 0 255 255 0 255 255
    19 255 255 166 177 255 255 0 0 255 174 255 0 255 0 0 255 0 0 255 0
    64 0 44 255 255 0 255 255 0 0 255 0 255 255 0 255 70 255 255 0 122
    255 207 0 255 0 143 255 255 255 0 0 0 255 255 0 201 0 255 135 13 0 0
    0 255 248 0 255 255 0 129 0 255 0 0 124 255 255 255 222 88 0 226 255
    50 255 0 255 0 0 0 255 0 0 255 85 0 255 0 255 0 0 0 176 255 0 0 0 0
    255 0 0 255 255 255 0 0 255 255 249 80 0 255 255 0 255 124 82 3 0
    255 255 0 255 0 0 0 0 0 255 152 187 0 255 100 255 168 0 255 0 34 0
    146 255 255 0 255 254 6 51 143 255 255 0 255 255 122 0 146 163 0 255
    255 10 0 205 255 0 0 255 255 0 0 255 255 0 11 0 245 0 255 0 255 255
    0 198 0 255 255 255 255 255 0 0 255 255 255 0 0 0 255 245 96 255 0
    255 61 0 255 0 0 24 90 255 255 0 255 255 0 255 0 255 187 255 255 255
    49 255 255 207 255 0 255 0 255 255 0 0 255 0 255 255 0 0 255 51 0
    255 0 111 224 37 0 0 0 255 163 0 0 255 255 0 255 0 208 255 95 111 70
    0 255 0 0 0 255 255 62 255 255 0 0 255 255 0 255 0 255 255 0 0 255
    131 255 0 44 255 0 122 255 0 230 0 255 255 48 80 255 89 255 255 255
    0 0 0 255 0 0 255 255 139 0 255 0 255 0 0 255 255 0 0 255 0 85 255 0
    255 255 0 255 0 0 255 0 0 255 0 255 0 48 255 68 0 255 176 255 0 255
    230 190 255 0 255 0 64 189 0 255 0 0 0 255 0 0 255 0 255 0 92 58 201
    0 255 0 255 255 0 255 96 255 0 255 0 0 189 255 0 255 0 132 33 0 0
    109 0 212 255 0 255 186 0 255 32 173 0 0 255 1 129 41 255 0 0 255
    255 0 255 0 255 255 0 255 62 0 255 132 36 23 0 255 0 255 255 255 0 0
    0 174 13 255 255 0 0 114 255 56 255 0 104 0 0 255 255 255 0 255 13 0
    255 0 47 0 255 0 255 255 0 255 0 255 167 0 255 0 255 0 255 0 0 255
    255 112 140 159 255 255 255 0 255 162 255 0 255 0 255 255 71 0 0 0
    255 255 0 234 255 255 0 255 255 0 255 255 0 179 3 187 255 0 255 179
    255 255 209 255 0 0 131 255 0 255 174 0 41 0 255 255 0 190 255 184 0
    255 0 0 255 0 255 0 255 0 255 215 255 0 0 255 0 104 255 139 0 143 0
    255 0 255 47 255 0 255 0 255 255 0 96 255 0 255 255 0 246 255 0 0
    255 255 255 39 255 255 0 123 5 255 0 198 0 255 0 255 0 0 255 255 0 0
    0 255 0 0 255 0 255 28 6 255 255 255 57 51 255 255 255 0 255 126 0 0
    255 145 255 0 217 255 0 255 0 135 0 255 0 0 0 255 255 132 255 176 0
    0 231 0 92 0 0 0 255 255 0 0 255 0 0 0 255 208 39 183 0 0 225 0 255
    255 0 255 0 0 0 255 0 255 255 0 255 255 255 0 255 0 255 255 255 255
    0 255 255 0 0 255 0 148 0 255 255 255 0 0 0 255 0 255 124 255 0 255
    0 255 0 149 0 255 0 255 0 0 0 0 228 158 0 255 0 0 255 0 0 0 255 0 0
    255 8 255 255 0 255 0 0 238 0 0 255 0 0 255 0 255 0 255 161 0 255 0
    255 0 0 0 0 255 0 255 0 255 59 255 255 0 143 0 255 255 0 63 0 0 255
    0 255 36 0 0 255 158 255 0 255 31 147 255 168 0 0 255 0 255 0 255 0
    103 255 0 0 255 0 255 0 255 255 0 255 0 0 69 165 255 0 222 255 180
    255 0 255 187 0 255 0 150 255 255 0 255 0 255 0 0 152 255 0 255 255
    255 255 255 0 0 119 255 0 0 255 0 255 0 120 255 0 0 0 255 255 0 0 0
    185 0 255 200 255 0 255 62 255 64 255 120 0 121 125 0 255 0 255 0
    255 0 255 120 0 159 0 0 0 142 0 255 255 0 0 255 0 255 0 255 255 255
    0 255 255 0 255 0 215 255 255 0 0 255 0 0 0 255 0 0 255 255 193 255
    0 255 255 0 255 220 0 255 132 0 255 213 255 0 255 0 255 0 154 0 255
    0 0 255 30 255 0 0 255 255 0 62 0 184 255 0 255 255 44 255 0 61 255
    255 132 157 255 0 255 0 0 255 0 255 255 222 160 255 58 0 255 0 0 255
    68 255 0 0 255 134 255 255 0 0 255 0 255 0 195 255 0 255 0 255 255 0
    255 245 255 0 0 0 71 48 0 62 0 255 0 190 22 255 255 0 0 255 234 255
    132 0 0 255 0 0 0 255 226 255 0 255 255 33 255 0 255 0 255 255 0 1 0
    0 255 0 255 223 0 255 255 255 255 41 102 0 255 0 171 0 28 255 0 174
    255 0 255 255 0 0 0 255 255 0 255 0 0 255 0 0 0 255 0 121 46 255 255
    0 149 255 0 0 0 76 255 255 0 207 255 0 255 0 0 255 0 255 255 186 67
    255 0 167 0 185 73 194 255 0 255 255 255 255 0 255 255 255 0 255 255
    255 255 0 255 217 255 255 0 230 255 255 0 255 246 0 0 255 42 0 90
    255 0 0 255 0 191 0 0 255 255 0 50 255 239 78 0 126 0 255 0 0 242 45
    68 255 255 255 0 132 0 133 0 204 243 0 0 255 255 0 0 255 0 255 0 255
    0 255 255 0 255 0 255 0 0 0 255 0 0 0 0 126 0 255 0 255 255 0 0 255
    255 2 0 0 255 0 0 0 255 0 0 0 255 0 255 197 192 255 255 0 0 128 255
    255 149 51 0 255 171 0 255 0 0 147 0 255 255 0 0 255 0 54 255 82 255
    255 0 0 249 255 114 0 0 255 255 0 0 0 0 255 0 0 255 255 0 255 0 0 0
    16 96 15 0 255 255 0 255 0 255 0 255 0 0 255 0 14 255 0 255 0 54 138
    0 115 0 255 0 255 0 201 255 0 0 255 0 0 255 255 255 0 0 255 0 84 255
    0 255 16 255 196 255 255 26 0 255 0 255 234 0 192 255 0 0 255 0 0 0
    255 26 255 255 255 255 44 0 0 255 0 255 255 0 255 255 0 255 248 0 54
    0 255 255 0 0 255 0 0 255 255 0 255 0 0 255 0 255 255 235 199 255
    255 255 0 255 0 255 255 0 255 0 255 0 255 255 85 0 0 0 166 201 0 255
    255 0 255 201 255 71 255 60 0 0 255 151 255 73 0 255 0 189 0 255 255
    255 0 255 255 255 255 255 0 255 0 255 0 255 255 0 125 255 255 0 0 0
    255 0 0 255 0 255 255 0 0 90 255 0 0 0 180 0 255 182 255 0 255 241
    116 255 255 45 0 0 0 255 0 255 207 255 255 0 0 0 255 97 0 175 255 0
    255 255 0 0 0 255 37 255 0 255 215 130 0 0 255 0 255 0 0 52 255 255
    0 0 255 0 255 219 0 170 255 0 0 0 255 0 157 90 255 0 255 255 0 0 255
    255 95 255 255 255 0 255 0 255 0 0 255 0 0 0 0 255 0 255 255 0 254 0
    255 0 241 255 0 119 0 255 197 255 0 255 0 255 0 21 255 0 12 0 193
    255 255 255 0 50 255 0 0 255 15 0 207 255 0 0 255 19 255 255 255 255
    0 0 255 0 255 0 255 70 0 210 0 255 0 0 255 255 0 132 255 255 255 0 0
    105 204 0 0 255 255 156 255 0 193 0 255 190 0 255 0 191 92 124 190 0
    255 197 0 255 255 255 101 0 255 0 255 255 0 255 0 125 0 157 0 17 0
    251 0 0 255 0 0 255 0 255 255 0 255 0 255 255 0 77 255 0 0 0 136 0
    255 0 203 0 15 255 0 255 16 0 255 0 255 0 255 0 0 255 255 0 0 255 61
    255 0 255 255 255 0 55 0 255 232 151 255 0 0 0 0 255 255 61 58 255
    108 0 221 0 255 0 0 0 0 255 255 0 0 0 255 143 255 255 0 255 190 111
    0 0 255 0 35 0 128 28 255 0 0 57 255 0 255 255 0 255 255 255 0 0 255
    255 255 255 0 255 0 0 255 0 123 201 0 255 0 0 0 255 0 87 0 255 0 0
    255 255 0 0 255 255 109 0 255 0 0 255 0 255 191 148 0 63 151 255 255
    82 0 255 255 0 255 0 255 255 0 255 42 255 0 255 242 0 0 255 0 255
    255 0 0 255 0 240 0 133 133 0 255 0 0 130 0 255 0 255 72 255 0 0 85
    255 150 255 0 255 255 0 255 0 0 0 0 0 255 115 125 0 0 255 0 0 0 255
    0 0 176 255 0 60 0 0 218 255 0 255 0 0 255 255 0 0 0 0 255 255 0 0
    255 0 255 255 0 255 0 0 255 0 255 0 255 0 81 181 0 255 184 194 255
    255 5 0 0 0 0 255 255 255 0 255 255 0 0 255 0 255 255 0 255 255 0
    255 0 255 0 0 255 0 0 255 0 255 0 255 207 0 0 22 255 255 255 0 255
    255 0 245 255 215 255 255 0 0 255 0 255 255 0 0 0 255 255 255 255 0
    255 120 255 0 255 125 0 255 0 255 246 255 255 0 0 255 213 255 156 41
    223 32 255 255 0 255 255 0 255 0 0 0 255 255 0 255 0 255 0 0 255 0
    255 81 0 10 255 0 0 255 0 0 120 177 255 255 255 0 0 255 0 255 0 0 13
    255 108 255 255 0 243 0 255 0 255 145 255 255 0 131 255 0 255 175 0
    255 0 246 255 0 255 255 145 0 64 196 0 0 255 152 98 174 255 0 255 35
    67 255 0 255 255 25 255 255 255 1 0 252 255 255 255 255 255 0 255 0
    0 0 255 255 0 0 255 203 0 255 0 226 0 131 0 255 255 241 0 247 17 255
    0 255 0 255 255 255 0 0 255 0 255 255 255 0 255 255 18 255 0 0 255
    173 255 0 0 0 0 0 255 255 255 0 0 255 137 72 255 255 0 251 0 255 255
    0 255 255 255 0 255 0 255 0 49 0 255 255 255 210 0 255 159 0 0 153 0
    255 255 0 0 255 0 0 246 0 255 255 0 255 0 255 196 0 97 0 0 7 0 168
    239 0 255 0 0 0 0 0 0 0 0 255 0 255 255 0 0 195 0 0 255 216 0 255
    255 0 62 24 0 0 0 255 0 255 0 0 0 0 0 255 0 0 240 69 255 255 168 255
    255 255 128 255 0 0 255 0 0 255 255 255 0 0 255 0 255 0 255 0 255
    255 201 255 255 255 0 255 255 255 0 255 255 255 255 255 0 255 0 255
    139 204 0 255 0 255 0 0 255 0 255 0 217 255 47 48 255 115 255 0 25
    255 0 0 0 0 0 85 108 255 0 255 0 255 255 0 0 173 0 255 252 0 0 0 255
    0 255 255 0 250 255 0 255 255 0 0 255 0 255 255 0 0 255 255 0 0 255
    0 170 0 255 255 255 0 0 255 255 0 255 0 255 0 255 0 0 75 255 255 255
    61 0 255 0 255 0 0 0 0 198 255 0 0 255 158 255 34 255 0 0 255 229
    255 89 38 255 0 0 0 0 149 255 0 255 255 0 0 208 255 0 0 0 15 255 0 0
    0 76 255 0 255 255 255 0 31 255 0 255 17 25 255 0 255 0 255 0 33 0
    255 255 186 191 26 0 255 255 6 255 0 255 0 255 0 176 121 126 255 30
    255 0 255 0 255 0 109 255 0 255 0 0 255 255 244 77 0 255 0 255 255
    135 89 255 255 0 255 255 96 255 0 255 4 255 255 0 170 0 159 0 0 0 0
    0 0 0 255 255 255 62 0 0 255 255 0 255 216 0 181 255 0 148 255 0 0
    255 255 255 0 255 0 119 255 0 96 255 217 0 255 255 0 255 0 255 67
    255 0 145 255 255 125 5 0 255 250 255 255 0 255 109 255 0 0 255 255
    207 255 255 255 0 255 0 0 0 255 255 0 255 255 0 255 0 255 0 255 0
    195 167 0 255 227 255 0 255 255 0 74 1 250 255 255 0 255 0 255 255
    255 0 255 255 0 231 0 215 0 255 16 255 0 0 255 255 255 0 0 255 255 0
    145 255 0 255 255 0 0 255 0 110 0 255 255 0 35 0 0 0 255 0 0 0 100
    255 0 0 0 255 178 0 255 0 195 0 0 0 0 166 167 245 255 255 41 0 255 0
    5 255 0 0 255 0 0 255 0 108 255 0 255 255 0 0 255 255 255 255 189
    255 0 255 255 0 255 0 0 255 255 0 255 0 255 0 255 0 255 0 0 255 45
    81 255 0 255 0 255 0 0 255 36 255 0 255 0 255 22 25 0 190 0 0 0 150
    105 0 255 155 0 255 116 0 23 255 0 97 0 255 255 0 255 255 0 255 0 0
    250 0 255 0 215 255 255 0 0 0 255 168 65 0 255 0 0 255 255 0 255 0 0
    255 255 42 0 102 0 0 255 0 255 0 255 0 255 0 0 0 255 21 0 255 0 255
    0 0 0 255 0 255 255 0 0 255 208 32 0 255 255 255 0 164 0 255 0 0 26
    255 0 0 255 255 0 255 174 255 0 255 0 0 255 0 75 0 255 1 60 255 0 0
    255 0 0 255 255 255 50 0 0 255 255 77 255 0 255 0 0 0 0 36 0 255 0 0
    255 0 255 129 0 255 0 255 255 140 0 255 255 0 122 255 255 234 34 238
    255 255 255 255 0 0 255 255 0 40 200 255 255 255 128 0 0 8 255 255
    255 6 0 255 90 0 0 0 33 255 0 255 255 73 255 69 255 0 255 0 255 0
    255 255 0 0 255 0 68 0 0 0 0 0 0 5 255 217 50 186 255 0 0 255 0 255
    0 0 86 255 255 255 0 222 51 255 0 26 38 255 255 187 237 255 0 224 0
    0 0 0 255 255 255 0 255 0 0 0 0 122 17 34 70 0 255 0 255 0 0 244 0 0
    255 0 76 167 0 255 255 255 255 255 172 255 255 0 104 0 255 0 255 63
    0 255 0 0 255 255 0 0 255 0 255 113 12 0 255 214 0 255 131 0 0 59
    255 255 0 255 206 255 255 255 154 0 0 255 84 26 255 255 0 255 0 255
    0 0 239 0 255 0 0 54 181 188 255 0 255 0 255 0 255 255 6 255 0 255 0
    129 255 0 129 255 177 0 255 0 0 0 255 0 0 255 255 0 0 255 0 127 184
    0 255 0 255 175 255 0 255 0 255 255 181 255 0 1 0 255 25 255 14 0
    234 255 108 210 0 198 255 255 0 255 214 33 0 39 255 0 0 255 0 0 0
    255 255 255 0 201 0 0 255 0 255 255 127 106 255 0 177 96 255 0 0 140
    0 255 0 255 255 0 255 0 0 0 0 255 0 0 0 255 0 255 255 146 244 37 0
    255 255 255 105 255 0 0 255 0 255 0 0 91 255 0 77 255 0 255 255 255
    0 255 0 255 54 0 255 255 255 0 0 0 255 0 255 0 255 142 255 255 230 0
    160 0 0 186 255 0 255 197 0 0 255 255 0 0 0 255 0 255 255 107 0 255
    0 214 255 0 255 0 0 0 255 55 0 255 255 192 255 255 193 0 0 255 0 255
    255 246 241 255 200 202 255 0 0 195 0 0 255 255 255 33 0 0 4 255 111
    255 0 0 0 0 255 0 255 0 251 0 2 254 87 99 255 0 255 255 79 0 206 0
    173 0 255 255 0 255 255 0 255 0 255 234 255 0 255 0 117 0 182 255 52
    255 0 255 255 0 255 0 143 255 0 255 0 255 255 0 255 255 0 0 255 0
    255 0 25 255 0 255 17 0 255 0 0 255 0 131 0 0 255 255 102 134 0 0
    255 255 255 0 255 140 164 0 211 0 255 210 0 48 255 255 0 0 132 255
    61 255 255 255 0 0 0 255 255 0 0 0 153 0 255 0 0 255 255 255 0 10 0
    90 84 255 35 0 255 0 255 255 255 0 255 0 0 255 0 0 173 255 46 0 255
    255 255 255 0 255 0 255 0 255 0 255 0 240 255 85 0 255 255 129 0 255
    0 255 0 0 0 255 173 125 33 255 0 21 255 0 255 255 0 255 255 0 0 0
    255 209 255 255 255 75 255 0 255 255 0 255 255 0 255 0 255 0 255 104
    0 255 0 255 98 255 124 0 255 0 0 255 198 0 200 255 107 0 66 0 0 5 0
    0 255 0 255 0 0 255 255 255 0 255 0 0 229 255 0 250 255 255 91 255 0
    255 0 255 255 0 79 255 0 255 139 0 0 255 0 0 255 255 255 0 0 255 29
    255 255 0 35 255 0 255 0 255 0 255 255 255 0 255 255 0 0 0 255 0 255
    255 255 0 47 100 0 255 0 255 0 255 0 255 116 255 0 44 0 117 6 0 0
    255 0 255 0 255 0 255 94 255 255 0 0 121 255 0 255 255 0 0 0 0 0 0 0
    255 141 41 88 0 255 0 235 253 255 47 0 255 0 117 130 0 1 255 255 0 0
    255 255 0 147 117 0 255 255 255 0 255 255 14 115 0 134 218 255 133 0
    170 210 0 0 255 0 253 0 255 145 255 0 0 255 255 0 0 0 0 255 0 0 255
    0 255 255 255 255 0 255 53 255 0 0 0 255 28 0 0 203 163 255 0 0 61
    255 0 0 255 0 79 0 0 255 0 0 255 0 255 0 0 0 0 255 0 173 0 255 0 72
    13 255 0 98 255 0 255 0 149 30 125 254 0 0 0 0 255 0 255 255 0 0 255
    0 0 255 0 57 255 227 255 255 255 30 255 0 0 0 0 0 203 255 0 255 0 0
    0 255 211 120 255 255 0 229 0 255 0 0 255 0 51 255 0 56 255 0 0 255
    255 239 63 0 255 92 204 43 145 115 206 255 255 255 232 255 0 227 207
    0 113 255 0 0 255 119 139 0 41 48 255 0 255 0 0 255 0 255 0 106 0
    198 0 255 0 255 255 0 0 255 0 0 0 45 255 255 0 255 175 0 255 0 0 255
    0 0 255 0 0 255 255 255 116 255 0 255 255 0 234 0 255 0 255 0 255 0
    255 0 255 233 255 0 146 146 63 255 0 175 255 0 255 0 255 255 0 0 60
    255 0 255 48 255 0 20 255 0 255 0 255 0 0 251 0 255 170 0 0 255 255
    255 0 255 0 0 255 34 62 255 255 216 0 135 0 25 255 0 255 0 0 0 255
    230 0 255 0 0 255 0 0 225 255 255 0 214 255 255 0 255 0 255 0 255
    255 0 0 255 0 255 5 255 0 0 255 0 255 101 0 255 12 0 255 0 0 255 255
    0 255 255 0 255 255 0 255 84 240 18 255 0 255 0 255 255 255 255 255
    0 142 159 255 255 0 255 0 255 0 255 114 255 255 176 0 0 255 0 255
    255 188 0 255 255 0 201 209 255 0 255 0 0 229 0 255 255 0 105 255 0
    0 0 0 255 255 0 142 255 0 102 0 255 255 0 0 0 255 0 255 255 242 0
    255 255 0 255 0 155 255 69 0 255 120 0 116 126 255 255 255 0 255 255
    198 110 218 0 255 0 255 255 255 255 255 0 0 0 255 15 160 0 255 255 0
    5 0 255 255 255 255 0 11 0 255 255 0 53 255 255 116 255 0 62 10 0 0
    0 0 0 0 255 0 1 255 0 129 255 255 212 255 0 255 255 255 0 255 4 10
    255 0 0 255 255 255 0 0 0 255 255 0 109 255 8 0 146 100 255 255 140
    0 255 0 0 0 255 255 0 95 255 242 255 180 0 255 0 0 255 255 255 255
    85 213 0 255 0 0 207 255 255 255 0 255 0 255 0 0 154 0 255 255 0 255
    1 0 124 0 70 0 0 255 0 255 0 218 7 255 1 211 255 255 255 0 255 0 255
    0 255 201 255 0 0 162 255 0 255 0 182 0 0 255 0 0 0 255 0 0 255 0
    255 0 255 62 68 255 255 255 0 255 10 0 0 255 0 0 0 255 0 0 255 0 255
    255 0 0 0 255 0 255 255 202 255 15 255 0 0 255 0 255 255 0 0 255 77
    160 0 255 106 255 0 255 0 255 255 0 255 0 255 255 102 0 255 69 83 0
    0 208 255 0 0 1 255 255 255 0 255 0 0 255 250 0 255 0 47 255 255 0
    255 0 0 255 255 0 255 255 0 0 56 0 0 255 0 255 0 0 255 0 255 43 0 0
    255 0 8 255 92 255 91 0 0 255 255 0 255 0 255 255 0 183 255 255 0
    181 255 0 255 255 255 7 255 0 40 255 0 255 0 255 255 255 0 0 35 255
    255 0 0 185 255 189 255 255 255 0 126 0 0 255 0 255 0 255 255 0 255
    0 0 0 255 0 255 255 0 0 221 0 33 0 255 0 0 255 230 255 0 0 26 178
    255 0 255 255 0 255 0 255 0 255 0 0 255 255 255 0 0 0 255 0 255 0
    255 0 255 0 0 0 255 0 0 47 0 255 0 255 0 231 0 0 51 255 0 255 0 255
    255 255 0 255 49 255 0 178 0 255 0 0 255 250 255 0 255 0 255 0 81 0
    0 221 255 0 0 255 255 129 121 0 255 255 0 255 0 255 0 255 0 27 0 0 0
    255 75 255 255 0 255 0 255 0 255 0 255 0 0 0 255 94 0 157 255 0 255
    0 255 80 0 254 0 255 163 221 255 206 0 0 32 252 0 255 191 255 51 255
    0 255 255 0 255 199 0 236 0 130 0 241 0 0 255 0 0 67 255 0 0 255 0
    255 0 255 208 0 0 255 0 255 0 96 200 134 211 255 255 10 44 0 0 50
    255 77 0 136 52 5 8 255 0 176 0 0 104 255 0 255 255 0 0 0 0 255 0
    255 0 0 255 0 77 255 0 255 137 0 255 0 0 255 0 255 0 0 255 0 255 255
    201 0 255 159 45 0 255 0 0 156 0 255 255 0 255 0 0 255 0 0 162 255
    98 0 255 255 0 0 209 255 255 0 0 255 255 255 46 154 255 255 0 255
    255 0 0 0 255 109 59 255 0 0 0 255 0 255 255 0 0 255 255 0 255 84
    167 0 0 0 255 0 191 255 127 0 255 174 0 0 255 49 106 0 239 255 255
    255 0 174 255 0 255 0 10 144 0 117 115 0 166 64 255 255 0 255 255 0
    0 0 255 252 0 255 255 0 255 0 255 255 0 255 229 0 255 0 215 0 0 255
    186 0 0 179 104 0 136 255 70 37 161 0 198 255 52 255 255 0 250 0 255
    0 109 0 255 0 214 198 255 255 0 255 151 0 255 0 0 255 0 0 0 104 0 0
    255 0 255 204 93 186 255 0 0 255 255 255 0 239 0 0 255 0 0 0 255 255
    255 0 0 0 255 0 255 0 34 76 0 28 255 255 255 255 70 255 255 0 255 0
    0 0 255 0 255 0 255 255 0 0 215 251 255 228 0 59 0 255 0 255 0 24 16
    0 0 255 0 255 0 186 212 255 157 0 0 0 0 255 255 0 0 255 0 185 0 255
    0 255 0 255 0 0 255 255 0 255 0 216 255 0 255 0 0 255 252 0 255 255
    255 0 255 255 176 0 0 206 31 255 119 118 0 255 255 0 255 255 0 34
    147 255 0 255 98 0 255 0 231 150 255 255 255 255 208 0 255 62 255
    135 0 255 255 0 84 241 255 0 255 255 0 255 255 0 69 0 255 0 255 226
    0 219 55 255 0 0 134 52 8 255 0 27 178 0 248 4 0 255 24 11 255 60 0
    0 152 255 255 0 0 71 255 78 255 67 255 0 255 255 158 124 255 252 255
    0 255 255 255 0 0 255 255 0 93 255 0 0 11 0 0 255 255 255 0 7 0 0 41
    244 102 85 255 0 90 255 255 90 255 0 255 0 255 0 255 0 255 255 0 255
    255 13 133 255 0 255 0 255 255 255 82 255 0 0 255 0 0 12 0 0 255 123
    0 255 0 255 255 200 0 255 0 236 0 0 0 255 127 104 0 255 255 0 129 0
    0 255 0 0 255 255 0 0 255 0 255 0 255 218 0 255 0 255 0 0 70 0 255
    255 0 255 255 0 203 255 46 172 0 0 134 255 255 182 255 0 255 255 0 0
    255 175 0 255 6 0 0 0 255 0 0 149 0 255 0 255 13 255 0 0 0 255 255 0
    0 0 249 255 9 18 0 2 255 210 255 255 255 0 255 37 0 48 255 255 0 137
    255 255 0 0 255 0 0 255 255 0 183 255 79 85 255 0 0 208 220 36 0 255
    255 255 0 253 146 255 0 164 0 178 0 255 0 255 255 0 255 255 240 255
    255 255 0 0 255 0 255 0 255 171 255 255 101 255 255 0 35 97 0 255
    255 0 0 0 0 255 162 255 0 0 255 0 0 148 116 47 0 255 0 0 255 233 0
    255 0 255 0 158 255 33 0 255 0 255 255 255 187 255 216 255 0 255 143
    255 225 0 127 255 0 18 0 29 0 255 0 255 0 255 255 0 227 255 182 0
    255 0 255 0 0 255 255 215 255 0 102 255 12 0 0 255 0 0 255 255 151 0
    255 255 129 0 255 0 0 255 255 0 0 0 255 255 0 255 0 255 0 255 153 0
    255 0 92 0 179 255 0 199 0 0 255 0 0 0 255 255 0 0 0 0 255 0 0 115
    255 0 144 108 255 255 0 255 0 255 0 255 255 220 0 0 255 0 63 0 0 0
    45 255 0 255 255 0 255 0 255 255 0 255 0 255 255 201 0 231 0 255 124
    0 0 255 144 66 120 0 255 0 0 255 0 73 0 255 0 255 0 255 0 14 255 0
    255 0 0 255 255 0 0 255 0 255 0 255 186 255 0 0 255 0 0 255 0 255 0
    0 255 0 255 0 0 255 255 192 0 50 0 255 255 0 0 0 115 255 0 255 0 255
    255 127 255 255 61 0 255 255 255 245 255 255 0 86 255 249 255 245
    255 255 0 59 164 0 255 255 0 255 0 255 255 146 0 0 255 139 182 255
    33 255 142 0 255 0 50 255 0 0 255 0 172 0 255 0 2 255 0 255 255 0
    255 56 0 0 255 0 0 154 255 0 0 255 0 255 255 47 255 0 255 255 182 0
    0 0 255 255 0 255 220 255 255 0 255 216 255 0 255 173 0 255 255 0 0
    0 0 255 0 255 0 174 255 0 178 0 255 255 126 0 255 0 0 216 255 0 255
    0 255 255 0 255 0 0 255 199 0 255 255 116 129 255 255 142 255 0 177
    255 66 255 0 255 72 147 255 255 0 0 255 20 143 255 0 0 255 255 202
    255 176 0 0 89 237 255 3 255 255 0 0 0 255 140 206 0 255 184 255 0 0
    241 53 0 0 255 92 0 215 0 0 205 0 0 0 255 0 0 0 255 0 255 0 255 0 0
    255 0 0 255 0 255 255 0 255 255 181 0 255 255 0 255 255 0 255 255
    255 255 178 255 255 255 255 0 255 0 255 0 255 255 194 249 255 0 255
    0 255 255 255 0 0 0 255 0 165 255 0 0 0 255 82 255 0 255 58 0 255 0
    0 255 255 255 0 224 255 255 255 250 241 0 255 0 93 238 255 0 185 34
    0 0 0 0 255 0 129 0 0 255 255 255 0 255 0 245 255 0 255 35 0 255 12
    0 0 255 0 0 0 255 0 0 156 255 116 110 255 179 255 255 255 10 0 20 0
    255 0 0 0 0 0 189 0 255 0 82 0 255 0 78 0 0 255 255 0 255 113 0 255
    0 0 176 0 204 27 199 255 0 255 0 255 255 202 255 0 255 255 0 255 0
    255 0 0 220 255 0 255 0 255 0 0 255 0 0 0 255 255 0 255 0 255 0 0
    255 255 0 255 0 255 32 139 0 255 156 0 0 236 0 251 255 0 0 255 255
    131 0 77 255 255 0 255 0 0 0 255 0 255 134 179 0 0 255 255 0 163 255
    134 0 255 184 114 255 255 239 0 0 255 0 0 255 173 62 0 0 255 255 255
    227 0 255 15 166 0 255 175 0 255 255 57 123 0 171 0 0 0 255 50 0 0
    255 0 255 0 114 0 0 0 218 255 0 0 206 192 0 255 45 0 255 0 255 114
    255 0 255 0 255 0 191 0 0 16 49 255 0 0 0 255 0 0 0 255 255 0 0 0
    169 255 0 0 234 255 255 0 187 0 214 255 0 255 255 0 0 255 255 255 0
    0 0 252 0 255 255 0 0 255 255 255 255 0 255 0 0 138 0 255 0 255 137
    39 0 255 0 0 0 0 255 0 27 255 255 255 255 0 255 255 112 255 0 255 2
    0 255 255 255 0 255 255 92 255 0 255 196 0 255 0 255 0 255 249 255 0
    0 255 0 255 10 0 255 0 255 0 0 88 255 0 255 0 0 255 0 40 255 255 49
    66 19 255 0 0 255 198 159 0 255 0 83 208 255 255 255 0 249 7 115 82
    255 241 255 153 255 255 255 0 0 0 255 255 255 255 0 255 252 255 255
    0 255 0 0 255 255 113 0 255 0 0 255 255 0 0 255 0 0 11 255 255 255
    197 0 230 0 255 255 255 0 0 188 0 255 255 255 0 54 17 0 236 63 255
    255 0 255 128 255 255 0 0 255 255 193 2 255 0 255 0 255 60 106 255
    255 157 255 53 0 35 0 41 255 255 10 255 255 255 0 255 0 0 0 0 255 0
    0 255 0 116 255 255 0 47 255 255 255 0 255 232 123 255 221 255 0 255
    255 255 255 0 255 0 23 227 247 255 250 0 0 255 0 0 123 255 0 0 0 0
    255 0 255 255 0 0 41 118 0 255 0 0 88 255 0 255 0 255 125 100 255
    248 47 0 8 0 255 0 255 0 255 255 0 0 0 255 71 0 255 231 132 0 0 0
    255 0 255 18 0 255 59 0 255 0 255 255 0 255 0 255 0 255 0 255 0 255
    255 0 255 0 192 255 0 255 141 255 155 124 225 0 255 0 255 255 0 0 0
    0 255 0 255 162 255 255 160 0 54 255 0 255 205 0 0 255 255 0 0 0 255
    0 255 0 255 141 103 0 255 255 255 0 217 255 0 0 0 255 0 255 0 255
    255 255 122 0 0 255 0 0 255 0 255 255 255 255 0 0 255 0 255 0 255
    255 0 136 255 0 248 255 255 0 255 255 0 0 255 255 0 0 255 111 0 255
    0 0 255 0 15 255 100 255 0 255 0 255 255 1 255 28 0 255 255 255 0
    255 0 255 1 35 255 255 255 255 0 0 255 0 53 0 58 255 0 255 125 255 0
    255 255 255 0 0 247 255 0 0 255 0 255 0 0 0 255 0 168 255 71 0 0 255
    0 255 0 255 0 0 0 102 226 0 0 255 12 0 0 255 0 0 255 0 0 255 255 242
    0 0 255 0 225 255 255 42 255 0 0 0 171 255 0 0 255 0 170 255 0 0 48
    255 214 42 0 255 0 0 255 0 0 137 255 0 255 255 0 0 0 0 20 255 255
    185 224 255 128 0 92 62 0 255 0 0 19 255 255 73 194 155 255 0 178 0
    0 83 95 0 123 205 0 0 255 0 0 140 255 255 0 255 255 0 255 0 255 17 0
    255 255 255 255 0 187 183 89 0 86 0 0 183 255 0 255 255 0 0 96 255 0
    0 255 255 0 68 247 255 0 0 255 0 255 0 0 255 0 232 0 0 255 255 162
    255 255 0 255 255 255 142 255 0 255 255 0 255 71 255 0 74 255 0 255
    255 0 219 255 255 0 255 0 255 0 255 164 0 254 255 0 255 17 0 53 0
    255 0 0 188 0 255 0 175 255 0 255 0 255 108 255 0 255 0 109 255 0 0
    0 255 0 255 0 0 255 4 52 0 255 0 255 255 0 0 143 0 235 249 255 0 255
    220 0 255 255 255 0 0 255 0 0 255 0 255 255 98 136 255 255 0 255 255
    0 255 255 0 0 255 0 0 255 66 0 255 241 234 255 0 0 255 255 0 252 255
    0 0 0 255 115 255 0 255 198 0 255 255 113 255 0 255 0 255 0 227 0 0
    0 255 243 75 255 242 0 0 176 0 117 0 255 0 255 105 255 0 255 0 255
    255 0 0 255 0 255 255 0 255 0 204 83 0 0 255 255 255 255 255 255 255
    0 255 255 255 0 255 244 0 255 255 0 86 255 255 203 0 0 255 255 255 0
    67 0 0 255 0 7 255 118 178 255 0 255 146 134 255 0 255 255 0 0 255 0
    187 255 0 0 255 255 255 0 255 0 0 255 0 255 0 67 255 255 255 0 159
    255 255 88 0 0 255 0 255 0 0 0 55 176 0 255 255 0 255 255 0 0 240
    255 255 255 243 0 255 0 255 0 255 0 255 53 0 255 255 0 255 255 0 0 0
    255 0 255 60 255 0 255 0 0 255 255 0 209 192 255 225 0 255 255 255
    255 255 0 54 0 255 0 255 255 255 255 255 255 0 255 255 255 255 0 255
    165 112 255 255 0 255 0 0 255 255 255 159 0 54 255 0 255 0 253 255 0
    0 0 0 255 255 0 255 255 58 0 22 255 255 0 86 0 236 255 8 255 0 255 0
    255 255 0 0 255 0 255 255 70 91 255 0 0 43 171 0 0 216 0 0 255 0 111
    0 0 122 0 0 255 255 255 13 255 119 0 0 255 0 0 184 0 255 0 255 13
    255 0 255 255 81 255 0 111 0 233 0 0 255 0 255 221 0 0 217 211 0 0
    255 0 255 0 97 0 0 255 144 69 0 255 255 174 30 159 0 255 255 44 0
    255 0 1 0 97 255 0 255 116 0 43 0 0 0 255 0 255 255 0 255 193 255
    255 255 236 0 255 113 255 0 255 0 106 255 0 255 0 0 0 6 0 0 147 0
    183 0 0 255 255 255 255 0 255 0 0 255 229 160 255 255 0 255 0 126 51
    37 116 0 0 142 184 217 55 0 255 255 75 255 0 255 0 0 255 0 0 233 255
    255 94 255 0 255 255 0 0 0 255 0 255 0 255 15 0 253 0 255 0 255 210
    143 45 0 139 0 0 0 255 118 255 0 255 0 255 0 0 255 0 255 255 209 255
    255 0 0 25 0 201 255 0 0 21 0 122 196 0 28 0 255 0 255 255 0 0 255
    255 0 0 0 0 255 53 0 107 0 0 139 0 216 255 0 255 16 254 255 0 0 255
    255 0 0 255 255 0 255 0 255 0 218 137 255 0 255 255 0 103 255 0 255
    0 137 0 255 137 255 58 255 0 0 255 0 0 0 255 66 255 0 255 255 0 255
    0 255 255 118 255 0 0 0 255 0 255 255 129 0 255 0 255 0 255 255 0
    255 0 0 128 245 0 0 0 255 0 255 0 0 255 0 255 255 16 255 9 0 255 188
    255 255 0 0 255 0 208 255 0 155 255 0 255 0 255 0 97 255 78 0 167
    255 255 236 255 0 255 0 255 255 255 0 0 0 255 0 255 0 255 0 0 0 255
    210 255 0 125 26 255 0 255 0 0 255 0 255 0 0 255 171 255 0 255 0 255
    255 255 0 3 255 255 0 255 255 0 255 0 255 0 255 255 0 255 0 0 255 0
    41 255 255 0 255 0 0 0 255 255 0 255 0 0 255 255 0 0 255 0 221 77
    255 25 59 0 8 0 0 255 0 147 0 255 255 0 0 112 0 255 255 0 255 0 96
    255 255 255 204 163 218 255 0 149 233 0 255 0 131 68 255 43 97 120 0
    0 255 0 255 0 255 0 255 0 213 255 0 255 0 255 255 0 0 255 255 28 255
    0 255 0 0 255 255 0 0 26 255 0 85 0 255 255 0 255 250 0 255 29 0 107
    0 255 174 255 0 255 255 255 0 0 255 0 0 255 131 0 255 0 141 0 255
    255 0 255 0 15 248 255 0 255 0 0 87 255 255 255 0 46 100 255 0 255
    183 0 246 255 0 255 0 0 255 255 0 255 0 255 255 50 0 0 0 0 148 255 0
    255 0 0 0 0 255 0 171 255 255 0 0 255 255 0 0 255 0 0 106 255 246 0
    255 226 255 255 255 255 255 0 255 255 255 160 255 255 63 109 0 255
    255 255 255 0 0 255 0 0 0 245 255 155 0 255 80 0 255 63 148 255 0 0
    0 255 0 0 0 24 27 255 0 255 0 255 217 0 255 255 218 0 255 0 14 255
    100 255 141 0 255 255 255 0 255 255 0 0 255 116 255 255 0 255 0 133
    0 255 233 255 228 0 255 0 255 0 0 255 0 181 255 0 0 0 0 255 222 255
    0 205 255 104 255 0 255 0 255 0 255 130 255 0 0 87 0 255 0 0 255 0
    255 0 0 255 255 0 213 255 0 255 239 0 255 0 255 0 173 0 0 255 255 0
    255 255 255 0 255 0 255 255 136 0 255 0 255 255 238 107 0 0 255 255
    0 255 255 0 255 0 72 0 134 0 140 255 255 198 0 154 0 0 0 255 0 150
    255 0 255 0 0 255 0 41 255 255 255 0 0 0 255 255 0 255 0 165 0 255 0
    255 85 0 255 255 0 56 0 255 0 255 0 255 0 255 0 39 255 0 0 255 255 0
    255 0 0 77 193 0 0 255 0 255 0 0 255 0 0 255 0 255 0 0 0 255 126 73
    0 0 255 254 0 0 231 255 28 0 255 0 255 0 255 0 255 255 178 255 255 0
    255 0 0 226 0 255 0 0 0 0 255 0 0 255 0 255 255 37 255 0 255 255 0 0
    0 0 45 255 0 0 190 0 142 255 0 56 255 0 255 0 0 255 0 148 0 255 0 0
    255 255 0 255 255 0 213 255 0 255 0 255 255 0 255 0 255 255 0 0 55
    255 255 100 255 8 0 255 0 0 255 0 255 0 150 0 255 0 18 0 255 0 255 0
    255 0 255 0 255 255 0 255 0 255 206 134 255 180 0 0 255 0 0 255 0 0
    39 0 0 114 255 0 0 0 0 255 0 255 192 255 0 255 255 0 0 0 0 255 0 101
    247 0 255 0 83 0 241 189 255 255 0 255 255 255 0 0 255 178 234 202 0
    255 255 113 0 255 0 255 0 0 0 149 255 255 0 127 255 255 255 255 0
    255 146 255 0 255 255 134 255 0 156 0 0 0 191 0 0 255 239 142 0 0
    255 86 255 255 0 255 255 255 0 255 0 255 255 134 255 255 255 255 255
    0 255 83 0 122 0 255 255 0 255 255 255 206 0 255 255 33 0 0 255 255
    0 68 255 16 255 255 0 255 255 0 255 0 7 7 0 255 0 0 255 255 0 143 84
    255 255 255 0 255 0 129 121 255 255 0 255 19 0 127 255 255 255 50
    131 242 0 255 255 255 106 0 255 255 9 0 0 224 255 255 0 255 0 255
    255 255 0 255 0 153 255 255 255 0 255 0 255 0 0 255 167 0 6 255 0
    227 187 0 255 255 0 255 0 255 0 254 255 255 0 255 255 0 0 255 0 255
    0 255 0 255 6 0 0 255 0 187 255 0 189 0 0 0 60 255 255 0 255 134 0
    255 255 185 0 255 127 255 0 255 0 255 0 255 0 203 255 0 212 255 90
    255 0 195 45 204 0 255 0 255 0 88 255 0 0 131 0 0 255 0 255 0 255 0
    0 255 0 255 166 0 0 255 203 0 255 255 255 19 255 0 255 0 0 0 0 255 0
    255 255 0 0 0 255 255 0 255 0 255 0 255 68 154 0 0 255 0 255 0 249
    18 255 213 255 0 0 0 0 0 255 0 255 74 0 0 255 0 0 0 255 255 255 0
    255 255 164 255 255 0 155 87 0 255 39 255 0 255 255 255 255 0 0 255
    90 144 0 213 255 0 255 255 0 255 255 0 0 255 160 0 255 0 255 0 224
    255 0 0 255 88 0 255 255 0 255 0 255 0 255 0 0 0 179 255 0 0 255 199
    0 255 255 0 0 0 255 0 255 0 0 0 255 0 255 255 0 0 255 255 255 0 0
    255 0 255 0 255 255 255 255 76 0 0 255 252 255 0 123 0 255 0 202 141
    0 0 255 0 64 255 255 0 0 255 156 255 0 255 255 0 50 255 255 255 255
    255 255 0 0 255 255 0 255 255 255 255 0 255 78 255 0 255 50 45 139 0
    255 106 0 0 255 0 0 0 165 255 181 0 76 255 0 255 0 255 250 255 255 0
    255 255 0 255 0 88 255 255 110 255 84 245 255 153 0 0 255 255 0 2
    255 0 0 255 0 0 255 0 255 0 185 255 0 255 111 255 255 0 112 0 255
    117 0 0 0 255 255 0 221 255 255 0 255 129 0 255 0 255 255 0 180 0
    255 255 0 255 0 255 255 0 193 0 0 0 255 255 0 101 255 255 0 255 0
    216 255 0 0 0 82 0 255 0 255 0 255 0 255 0 255 0 255 255 0 0 255 52
    255 255 0 5 255 75 37 0 255 255 255 0 0 253 0 0 255 0 0 255 0 255 0
    255 255 196 255 255 0 0 255 202 128 248 255 0 0 0 0 255 40 15 255
    140 179 0 0 255 0 255 0 255 125 255 0 255 0 255 0 255 255 0 255 0 87
    0 255 232 255 0 0 0 73 0 161 255 0 252 255 0 239 0 255 0 255 255 255
    165 0 255 206 0 255 130 0 255 255 77 0 168 76 255 255 0 255 0 0 244
    255 255 169 255 0 255 0 0 0 208 255 0 255 0 255 255 57 0 255 0 0 34
    255 255 0 255 255 255 10 0 11 255 255 0 255 31 0 130 255 0 28 255 0
    255 245 0 255 255 0 0 255 255 0 255 0 255 0 220 93 0 0 255 0 255 225
    0 255 0 0 255 0 255 255 153 2 232 0 0 32 0 255 0 0 0 255 0 255 0 98
    0 255 0 214 255 137 0 255 0 0 255 192 255 0 45 255 0 255 0 0 255 0
    255 255 0 255 167 217 255 0 255 0 255 0 207 255 0 156 255 0 255 26
    64 0 255 209 174 255 255 0 255 121 0 255 68 255 218 0 0 255 0 90 255
    0 144 98 255 0 255 0 255 232 133 255 255 255 0 255 255 0 255 255 0 0
    0 255 255 0 255 0 156 255 207 103 0 255 255 255 0 0 173 0 255 255
    255 0 0 255 0 255 0 128 255 0 0 255 0 255 13 0 20 0 255 255 255 3 58
    0 255 255 255 255 0 255 0 70 255 0 0 255 0 0 0 0 116 0 255 0 0 255 0
    0 255 0 255 0 255 255 255 0 0 0 0 255 170 160 255 0 0 255 255 0 255
    255 255 225 0 0 255 0 167 255 255 0 255 0 0 255 0 46 255 69 255 255
    255 128 0 255 0 39 253 0 255 9 0 255 0 0 0 255 0 255 143 0 255 255
    255 0 91 255 0 0 94 255 255 255 78 0 255 255 255 255 255 255 85 255
    0 255 0 0 11 0 255 255 255 255 237 177 255 0 255 219 0 81 0 255 0
    255 165 0 255 130 255 255 164 124 214 0 118 255 0 255 255 0 0 255 97
    198 0 0 255 0 147 0 0 76 70 242 255 71 0 255 0 0 255 0 0 255 0 255
    255 255 0 255 0 255 0 255 255 255 0 238 255 255 255 0 255 0 0 176
    255 0 0 255 0 255 17 0 0 0 142 0 255 0 56 255 0 255 97 255 0 66 255
    0 198 107 255 67 236 255 0 199 0 255 169 255 172 255 80 58 255 255
    255 0 131 0 255 0 0 255 252 29 255 0 255 0 19 255 81 0 255 139 255 0
    255 152 0 0 255 0 255 255 0 255 255 0 0 207 255 255 0 0 0 255 255
    255 0 0 59 238 255 24 26 0 255 0 255 255 0 240 0 39 255 0 255 255
    255 255 255 28 0 255 0 255 0 255 255 255 0 0 255 255 255 255 68 255
    255 0 0 0 181 198 0 0 218 0 153 255 0 0 255 0 242 255 255 0 0 255 0
    255 0 255 0 0 255 0 0 255 8 255 0 255 0 255 0 255 255 0 0 255 0 255
    0 0 255 231 255 255 0 171 0 0 255 8 0 255 0 255 164 255 255 255 255
    0 0 255 255 255 0 255 220 59 0 255 0 255 0 234 0 255 255 0 180 33
    255 255 0 0 0 255 255 0 0 255 255 0 233 0 23 255 0 255 255 255 0 255
    0 0 255 0 255 0 255 0 0 0 178 0 0 0 255 0 232 217 255 0 255 101 255
    0 255 0 255 255 255 191 0 255 0 134 0 0 93 0 255 0 255 0 0 0 0 201
    47 0 188 255 255 71 96 0 255 0 0 255 0 13 255 0 255 0 255 0 255 255
    135 255 0 255 0 255 255 0 16 9 255 255 71 0 255 255 0 255 255 145
    255 255 0 0 255 0 255 57 0 255 0 0 255 255 255 0 0 0 57 255 255 255
    255 255 255 193 0 0 255 0 255 255 0 0 189 88 0 214 255 0 0 91 0 255
    0 255 0 255 0 0 255 50 0 0 255 77 0 255 0 255 0 59 255 221 255 0 88
    0 0 255 255 0 0 255 173 0 255 198 255 0 255 0 255 0 0 13 0 255 255
    125 0 0 187 184 255 0 255 223 255 104 0 0 255 0 0 255 255 0 0 101
    255 255 255 69 144 255 141 88 255 59 255 230 255 0 255 0 255 224 0
    123 255 109 255 255 0 0 255 0 255 0 255 255 255 255 0 178 0 255 0
    157 255 6 0 255 255 255 0 131 255 135 255 0 0 161 107 255 216 255
    255 0 255 101 64 66 0 255 0 7 0 255 255 58 0 255 0 255 0 107 0 0 0 0
    30 0 49 40 236 0 255 0 255 0 255 255 84 0 17 0 255 0 255 0 255 0 255
    0 200 0 55 4 255 255 37 255 0 0 255 0 248 255 0 126 0 158 255 210 0
    255 255 0 255 0 0 0 0 255 255 0 0 247 214 0 0 255 255 93 0 255 255 0
    50 0 0 255 0 255 255 0 0 255 0 255 255 229 255 64 0 255 0 255 0 255
    0 255 0 3 255 145 0 255 0 255 27 0 123 255 255 88 255 0 255 36 255 0
    0 255 0 255 255 255 86 255 27 0 0 0 124 255 0 0 133 255 255 0 255
    255 0 255 255 255 71 0 0 255 255 255 0 255 0 0 255 175 255 0 0 255
    229 255 0 255 0 255 0 179 0 255 255 219 0 255 255 0 0 108 44 255 9 0
    255 0 0 255 0 255 255 0 255 0 255 0 255 131 0 0 68 0 255 255 0 255
    255 0 253 10 50 19 0 30 78 255 0 255 255 0 0 255 255 255 0 0 183 0
    78 255 105 0 255 255 255 0 183 255 154 0 0 255 138 0 255 79 8 0 255
    255 178 255 85 0 0 0 255 145 255 0 255 255 99 255 50 255 0 0 65 0
    255 0 0 255 0 255 0 255 0 51 0 255 0 255 0 251 0 185 0 255 255 0 255
    0 255 0 255 0 8 255 255 255 255 0 255 87 192 0 255 0 0 255 0 42 63
    255 255 0 71 0 0 255 247 255 255 0 0 0 255 0 42 255 0 255 255 0 0 0
    255 0 255 255 255 0 255 0 0 255 0 255 255 0 255 0 0 145 255 255 0
    113 0 255 255 255 255 255 0 0 0 255 0 255 0 255 0 255 0 255 255 0 0
    0 0 255 28 0 255 255 0 0 0 251 0 0 255 144 255 24 255 0 0 255 0 255
    0 255 0 255 0 255 255 0 0 255 0 0 0 255 0 0 116 0 255 0 15 0 255 39
    255 0 66 0 255 255 255 0 255 0 255 255 0 255 0 0 255 227 255 0 255
    183 0 0 241 0 255 164 255 255 0 0 255 25 0 255 0 201 0 255 255 255
    255 0 0 0 255 0 255 0 0 196 0 255 0 0 255 0 201 82 0 0 255 0 255 0
    245 223 255 255 0 0 255 0 255 0 255 0 0 255 251 255 255 175 19 255
    255 0 0 0 255 0 255 0 255 255 0 95 255 118 0 0 0 255 0 99 255 255
    255 255 255 0 215 255 0 62 0 37 0 18 255 33 63 255 255 0 255 67 0 0
    0 255 0 197 72 255 0 255 82 50 178 0 255 0 255 255 255 255 172 0 255
    0 255 255 255 90 0 255 0 0 255 0 0 255 255 232 0 0 0 189 0 255 0 255
    0 0 255 0 0 255 216 0 100 255 109 0 0 0 9 255 0 0 255 0 255 0 255
    139 255 134 0 0 149 0 255 0 0 85 255 0 255 0 255 0 255 0 255 42 0
    255 255 0 0 255 8 122 0 255 0 255 255 0 255 255 0 0 255 0 0 255 97 0
    56 0 255 255 0 255 0 255 0 255 23 255 58 0 0 0 255 255 193 0 0 255 0
    255 255 0 255 0 58 242 0 0 103 255 105 0 255 145 0 0 255 255 0 250
    255 0 255 255 184 0 0 255 225 255 50 0 255 255 0 96 255 43 255 0 255
    1 255 255 255 255 0 0 255 255 0 0 0 255 0 255 0 255 165 0 0 255 0
    255 0 182 255 0 0 0 0 255 239 255 0 4 255 0 11 255 0 255 0 189 0 0 0
    255 0 255 0 255 255 120 0 160 255 0 255 0 255 0 255 0 255 142 255
    255 255 255 0 255 0 255 0 255 0 255 255 41 0 45 255 255 0 255 127
    255 0 0 255 0 0 255 255 0 0 248 255 255 0 12 0 133 255 0 255 0 197
    255 0 211 30 0 255 0 255 0 0 255 245 0 255 0 105 0 224 255 255 0 208
    0 255 0 0 255 255 0 255 0 132 89 255 255 255 70 255 0 255 0 0 0 255
    255 255 84 0 0 255 255 0 255 255 34 176 255 0 255 255 0 66 255 255 0
    0 137 0 155 255 168 255 255 255 255 0 255 202 0 255 0 161 0 255 150
    0 255 57 255 0 140 255 0 0 255 255 0 255 0 255 0 0 255 255 0 255 50
    0 255 0 255 145 0 72 255 255 0 255 0 0 255 255 255 255 0 255 0 255 0
    21 0 255 0 255 0 39 255 0 255 0 234 225 0 255 15 255 255 0 255 0 255
    0 255 255 158 14 255 249 224 255 116 0 255 0 255 0 0 0 255 0 0 135 0
    94 255 255 79 255 133 0 255 255 88 148 255 255 0 0 0 255 255 255 255
    255 0 0 0 0 0 255 0 255 255 0 255 255 255 0 0 255 255 255 0 255 0
    255 0 255 16 0 255 151 158 255 0 0 255 255 0 0 33 255 255 0 0 102
    255 255 0 255 15 0 0 255 93 255 0 0 255 0 0 23 39 0 0 150 255 0 0
    255 0 255 255 0 255 255 0 255 0 0 255 255 255 0 29 255 0 255 0 0 255
    0 255 255 0 255 8 255 0 255 255 0 0 0 255 0 255 255 0 208 0 0 0 255
    255 72 0 255 0 0 255 255 0 255 0 139 255 133 0 255 186 11 0 252 255
    182 0 0 0 0 214 204 0 255 0 255 163 0 255 0 255 255 0 80 255 255 0
    255 0 255 0 0 255 0 170 0 255 154 255 0 255 255 255 255 138 0 255 0
    3 255 0 255 255 255 255 55 0 0 0 3 246 0 255 0 255 20 255 0 255 141
    255 0 255 255 0 255 12 0 255 0 255 0 0 0 0 255 95 255 0 0 0 255 0
    255 0 255 0 255 0 255 0 255 255 0 112 255 255 2 20 0 0 255 0 0 255 0
    0 255 35 0 250 27 255 194 255 0 255 255 0 255 254 0 255 255 255 255
    0 0 0 44 61 0 255 255 11 255 51 255 255 0 255 177 0 0 0 9 99 255 0 0
    255 255 0 255 0 255 255 0 0 255 255 0 6 255 0 0 121 0 255 255 0 0
    255 255 255 255 202 255 255 255 255 255 0 255 0 255 0 0 108 0 83 0 0
    255 154 255 0 95 0 157 255 0 255 0 255 255 0 93 255 0 0 0 255 181 75
    255 0 255 158 255 0 255 0 255 3 255 0 255 196 255 0 0 255 144 0 242
    0 0 0 0 0 0 16 0 255 0 255 255 0 255 134 255 0 255 0 0 100 255 255 0
    0 255 168 0 90 0 24 0 86 0 255 0 0 180 255 0 42 255 255 60 255 29 0
    255 8 27 0 255 0 255 0 255 203 0 0 0 0 255 0 218 0 255 135 255 0 0
    255 191 255 255 0 0 255 255 0 0 4 88 0 255 22 255 0 255 0 255 0 0
    123 3 0 0 255 255 0 255 255 39 255 0 0 255 255 255 0 0 0 255 0 255 0
    67 0 255 44 255 0 237 0 255 0 0 255 255 0 255 0 255 0 0 255 78 0 0
    255 0 176 255 255 0 255 118 0 255 0 0 0 255 200 0 0 233 0 255 255 30
    255 0 255 0 255 0 255 0 0 255 0 255 0 59 255 0 0 255 183 255 0 255 0
    0 255 0 255 0 255 149 0 121 0 0 255 0 51 0 0 255 0 0 0 25 255 0 255
    0 0 255 255 0 0 159 126 255 0 255 255 179 0 0 148 0 0 255 156 244 0
    255 0 222 0 255 0 74 0 163 255 0 0 3 209 181 0 255 255 0 255 0 255
    255 0 255 255 0 221 255 255 198 180 129 255 149 0 255 117 0 255 0
    255 0 255 152 9 0 255 0 255 0 255 0 0 255 255 0 7 255 17 0 255 255
    255 233 255 0 242 255 0 0 255 255 0 255 255 0 0 0 255 0 255 0 255
    255 44 255 188 0 255 0 255 0 89 0 255 0 0 255 255 255 255 0 0 27 255
    222 0 235 0 130 255 0 0 0 255 0 2 255 0 255 0 255 0 255 0 255 0 0
    255 255 88 254 70 0 0 255 255 0 211 0 255 178 0 0 255 255 124 207
    255 0 134 255 0 0 0 255 196 0 255 255 0 0 255 255 0 0 0 0 0 165 0 12
    255 255 0 255 0 0 255 255 255 0 255 0 255 217 0 0 255 0 0 0 0 255
    255 199 128 255 255 0 0 0 255 158 0 210 0 0 0 255 255 255 0 0 255 50
    255 255 255 0 0 223 255 45 255 0 255 255 255 0 0 163 243 0 255 0 0
    255 255 21 255 165 170 141 0 255 255 255 117 0 255 0 255 255 0 255
    255 255 0 255 255 0 255 202 0 0 255 0 255 255 107 0 35 192 255 0 255
    131 0 255 0 255 0 0 0 255 255 0 255 255 16 0 121 0 0 185 255 255 0
    220 255 255 0 0 0 0 255 159 0 255 0 0 255 208 207 255 0 0 0 255 255
    0 155 3 219 255 0 241 0 207 183 0 129 255 255 255 13 255 0 0 255 113
    255 0 0 255 230 0 0 255 0 255 255 0 0 0 255 28 255 0 0 255 255 255
    255 255 0 255 0 0 0 0 255 0 255 0 255 0 228 255 0 255 49 30 0 101
    255 0 0 0 201 0 255 255 0 0 155 255 211 0 255 0 255 0 0 115 255 0 0
    255 255 255 0 255 255 0 255 0 0 248 0 255 217 255 0 255 255 0 0 0 86
    234 0 32 0 255 133 255 0 0 255 0 255 255 0 255 0 192 255 0 255 0 80
    234 0 255 204 255 0 0 255 13 181 176 93 255 0 255 0 255 146 60 0 255
    255 0 58 255 0 255 0 97 0 192 0 108 64 0 0 255 255 0 255 255 107 0 0
    85 0 255 0 131 0 59 0 27 0 255 180 0 255 255 0 0 255 0 142 132 0 255
    45 0 255 255 0 151 255 255 255 6 0 0 255 0 238 255 255 166 0 255 0
    255 0 255 0 255 197 255 255 0 255 231 0 0 0 255 246 0 255 255 0 255
    255 103 255 0 0 255 0 255 0 0 255 255 255 0 106 255 0 255 255 226
    255 54 255 0 0 255 169 0 23 0 0 0 255 255 212 0 0 255 0 255 0 255 7
    14 255 0 106 255 255 0 0 255 248 190 255 255 0 255 0 0 255 0 72 255
    0 0 255 133 0 255 255 0 234 0 0 198 0 0 255 0 0 0 255 0 0 255 0 134
    150 255 0 0 255 255 255 0 255 255 0 255 0 68 255 0 0 255 255 255 0
    255 200 0 255 154 255 216 0 0 79 255 0 0 0 0 228 255 255 0 255 0 255
    0 255 255 255 23 255 0 255 255 255 103 0 0 119 223 169 0 255 197 0 0
    255 160 0 255 58 0 255 0 255 0 255 0 250 0 112 255 217 255 0 0 106 0
    21 255 255 243 255 255 255 255 0 161 0 255 255 0 169 13 255 178 255
    0 255 0 255 0 255 124 255 116 255 252 102 255 255 0 255 255 0 255
    239 0 255 23 0 255 0 157 135 90 0 255 114 0 255 255 255 0 0 255 0
    208 255 0 255 0 149 0 255 0 192 0 255 0 0 255 66 0 0 127 0 255 255 0
    255 0 0 255 230 90 0 255 0 0 255 187 0 89 0 0 0 255 0 0 255 202 46
    255 0 178 113 255 0 30 255 0 0 0 0 151 175 57 0 102 255 0 205 220
    255 195 255 0 0 255 255 0 255 0 255 0 255 0 0 255 0 255 0 255 0 104
    0 0 0 255 0 255 255 255 255 255 0 123 0 255 0 0 0 165 255 0 255 159
    0 255 255 255 0 0 154 0 0 255 255 110 255 255 0 255 255 255 0 0 255
    0 0 255 0 0 255 255 0 255 127 255 0 175 255 255 0 185 137 0 255 255
    0 255 0 0 0 255 0 255 255 0 0 246 255 110 0 104 255 168 0 255 255
    255 0 255 189 255 255 204 0 244 0 255 0 0 255 249 255 0 255 0 255 0
    255 255 0 255 0 118 255 0 0 0 255 255 0 255 255 255 0 255 154 0 181
    0 0 255 0 255 171 58 0 0 255 255 0 0 0 255 118 11 32 205 0 0 0 255
    255 0 255 232 255 255 0 0 255 255 0 0 0 0 255 0 0 0 0 255 0 255 223
    178 0 255 255 0 236 0 255 255 255 255 0 0 255 0 0 235 12 255 255 129
    125 37 255 0 255 84 139 240 0 255 0 116 0 0 255 255 0 255 0 0 0 255
    0 255 0 255 0 255 255 255 0 255 84 255 0 255 255 0 255 0 0 255 0 0
    255 255 0 0 0 255 0 0 255 0 92 0 255 0 0 0 255 255 255 255 255 0 255
    0 255 0 0 0 0 255 0 0 255 255 255 174 0 0 255 0 255 108 0 0 255 0
    173 120 71 66 144 34 0 125 194 0 0 255 255 255 255 255 0 0 255 255 0
    0 255 0 0 0 255 255 0 0 255 0 66 255 0 255 0 0 255 0 160 0 255 0 255
    0 255 0 255 0 255 255 0 0 0 0 0 219 0 255 0 0 232 0 255 255 0 255 0
    255 0 255 0 128 233 255 255 0 0 255 0 0 0 255 0 11 255 0 201 255 255
    0 255 0 0 255 240 0 0 255 0 255 255 0 106 255 0 255 0 0 255 255 0
    163 255 87 0 8 255 255 255 0 197 255 0 49 0 255 208 0 72 255 0 255
    255 255 255 255 0 255 255 0 255 0 255 255 255 0 0 255 255 255 0 54
    255 0 255 255 0 61 0 255 0 255 0 255 0 255 255 0 255 0 255 255 205 0
    255 144 59 255 0 255 0 0 255 255 255 0 255 0 255 0 255 0 0 0 0 255
    255 0 255 0 0 255 0 62 255 0 159 255 0 255 0 0 141 0 255 255 0 255
    83 255 255 66 255 223 0 0 50 0 0 255 0 255 0 255 255 0 255 0 0 255
    103 255 0 255 0 0 0 0 0 0 255 0 255 0 255 30 179 0 125 0 0 0 255 0
    255 0 0 200 0 0 255 255 0 255 66 126 255 0 107 164 0 255 0 255 0 255
    255 255 0 255 255 255 0 255 163 255 0 3 0 143 0 0 0 255 255 0 255
    255 255 0 255 85 0 194 0 255 0 255 89 0 255 0 0 255 255 250 0 255 0
    255 0 255 0 255 255 255 255 58 255 179 226 0 79 0 0 255 0 0 170 0 0
    255 180 0 82 255 0 0 255 0 253 0 255 255 0 135 0 255 160 255 255 249
    0 0 0 255 0 0 105 223 98 254 255 255 159 0 255 0 0 255 230 0 255 68
    255 255 141 255 0 255 0 255 0 255 255 10 0 255 0 255 0 0 255 0 255 0
    0 222 64 255 255 0 255 255 0 255 0 0 0 255 247 255 249 0 0 255 255 0
    0 0 0 0 0 255 52 0 0 255 121 150 255 0 255 255 0 0 255 12 22 0 255
    95 255 0 255 0 255 220 0 255 195 232 255 0 255 255 0 255 0 255 0 255
    12 0 0 255 255 255 140 0 0 0 255 255 132 218 64 0 255 255 122 255
    255 0 255 255 0 255 0 0 0 255 0 128 255 0 255 0 255 0 0 255 255 255
    0 0 255 255 255 30 0 255 255 255 255 255 0 95 58 0 255 0 0 6 0 255 0
    0 255 0 255 32 255 0 0 0 255 0 0 35 0 255 0 0 255 239 150 255 255 0
    47 0 177 0 0 156 0 255 185 0 255 173 0 0 0 255 0 255 255 0 0 255 0
    255 0 255 0 255 0 255 255 0 27 255 255 0 255 0 177 156 255 255 139
    255 0 255 0 255 255 5 0 255 0 0 0 0 243 255 242 0 255 0 0 206 255
    255 255 0 255 0 255 42 0 255 136 0 140 0 255 0 0 0 255 247 255 0 255
    0 151 0 0 57 85 255 255 151 0 255 255 0 0 255 191 210 0 255 0 255 0
    255 255 0 255 255 255 0 255 62 0 255 0 255 0 255 49 255 90 255 0 255
    0 255 0 0 255 255 0 255 0 255 255 255 0 210 239 255 255 0 255 255
    255 101 0 255 0 97 255 0 255 12 30 0 255 0 0 255 131 255 0 255 0 197
    0 0 0 84 180 17 203 255 255 0 255 0 255 0 0 246 255 204 255 157 0 0
    255 72 255 186 0 255 230 255 0 255 108 185 255 0 0 0 255 255 0 34 0
    255 255 0 223 0 215 92 255 0 255 50 0 255 255 255 0 238 255 255 0
    243 250 0 255 255 8 255 0 255 255 0 255 0 223 255 0 237 0 255 0 0
    255 0 0 255 0 0 255 0 255 255 0 255 255 255 0 255 168 255 255 0 0
    255 0 255 255 0 60 0 36 101 0 255 151 0 255 111 0 52 255 138 0 240
    255 97 255 0 0 154 0 255 255 0 255 255 255 57 0 255 0 255 0 244 255
    0 255 0 255 145 0 18 0 0 255 255 0 255 0 255 0 68 255 255 99 255 107
    255 0 0 255 255 0 158 255 255 0 0 255 255 255 100 255 10 255 255 255
    211 205 255 0 255 0 0 255 255 145 0 0 54 255 0 104 0 255 0 188 255
    39 78 0 255 255 49 255 0 0 255 19 192 105 128 255 197 255 0 0 255 0
    122 0 246 0 255 255 0 255 0 255 255 0 255 255 0 0 255 0 245 0 0 255
    0 255 255 204 179 255 44 232 255 0 255 1 0 255 255 0 33 0 255 123 0
    255 0 255 255 0 0 146 0 255 0 113 255 255 0 240 255 0 255 174 0 237
    0 255 0 255 1 0 8 0 255 0 161 0 255 255 0 255 0 0 255 0 255 243 0 0
    255 255 255 0 255 0 255 0 255 9 227 11 162 255 0 248 255 247 255 255
    255 21 255 255 255 255 12 0 255 255 255 0 255 0 255 0 0 255 99 0 0
    255 0 135 255 0 0 255 0 255 0 255 0 255 255 0 255 255 0 255 255 0
    255 0 255 0 255 0 255 255 0 255 255 255 193 0 215 0 255 255 255 255
    0 255 0 255 0 4 249 146 27 0 94 0 0 255 105 0 255 0 228 140 0 0 0
    255 0 255 0 255 255 0 255 255 61 0 255 255 0 0 255 0 0 255 0 255 255
    0 0 255 0 0 255 150 0 255 255 0 17 255 255 0 155 220 0 255 0 0 23
    255 255 0 0 251 148 252 0 244 255 0 0 204 0 0 255 56 0 137 74 255 0
    183 0 108 255 255 100 0 0 255 0 255 143 0 0 255 0 0 139 83 123 0 0
    255 0 0 225 215 255 112 255 0 255 0 255 255 0 0 255 255 0 0 255 0 0
    255 255 179 68 0 4 255 165 0 201 0 0 0 73 0 255 199 255 0 0 255 0
    255 0 255 0 255 185 255 163 0 255 25 255 0 0 185 0 255 255 255 0 0
    162 255 218 0 0 255 0 255 255 0 255 0 255 195 0 255 133 164 0 0 0
    153 0 255 0 0 255 100 0 253 0 194 0 153 0 0 255 0 255 0 255 255 0
    249 255 255 255 0 215 255 97 0 255 131 255 0 63 0 255 0 0 255 0 0 0
    255 0 0 97 0 0 255 229 255 175 255 255 255 0 255 70 0 168 255 218 0
    255 0 255 255 222 255 0 178 0 255 86 255 160 0 255 216 255 0 0 245
    255 0 255 0 255 0 0 255 0 0 255 0 255 255 26 0 10 0 0 0 255 0 226
    255 184 255 255 0 255 0 255 255 0 255 255 255 0 197 68 255 255 0 0
    255 0 0 255 255 255 255 0 255 0 0 18 204 255 0 18 255 255 0 0 0 255
    59 0 0 255 0 168 255 0 255 0 255 0 255 255 0 255 255 0 255 156 0 0
    255 255 255 0 0 255 255 15 0 243 168 255 0 255 255 73 0 10 0 255 255
    0 255 0 194 255 0 255 0 41 255 0 0 255 255 255 0 241 0 243 255 0 69
    0 209 255 0 255 192 65 255 0 0 0 0 0 0 255 0 165 0 129 0 180 255 0
    255 0 0 255 100 0 255 255 0 0 234 255 0 233 90 255 87 28 0 255 255 0
    193 255 255 255 27 152 255 255 255 255 0 255 255 255 0 0 255 0 255
    255 0 0 255 0 0 255 0 255 0 0 255 221 255 255 0 172 0 255 0 226 0 0
    255 0 255 0 0 255 0 255 187 255 0 255 0 0 255 158 255 255 255 255
    239 0 0 255 0 255 0 255 255 0 180 0 255 255 0 255 0 255 255 0 255 0
    255 0 226 0 0 255 255 0 255 0 0 0 255 255 0 52 255 0 0 255 129 255
    255 255 255 0 255 255 0 0 0 255 0 255 0 255 255 0 0 255 0 0 255 255
    0 0 0 255 232 0 255 255 0 0 255 255 0 120 255 176 0 255 0 255 255 0
    255 0 0 97 255 229 255 0 0 255 0 255 255 255 0 0 183 255 0 0 0 255 0
    255 0 0 255 0 93 255 25 0 0 255 255 0 0 72 0 0 255 255 67 0 255 0
    255 255 0 255 0 0 0 0 255 133 0 255 0 255 0 255 0 255 0 0 255 0 255
    0 255 255 0 255 255 140 60 255 157 0 176 255 0 255 0 0 0 62 0 255
    255 0 255 0 0 255 0 255 255 255 255 0 0 0 55 255 0 255 255 157 0 255
    0 0 255 0 0 255 0 0 0 0 255 0 102 0 0 255 0 4 255 0 117 0 255 0 255
    46 0 255 0 255 0 246 255 0 255 0 137 255 166 235 255 255 0 5 0 255
    255 0 255 0 255 0 157 0 74 255 0 255 233 255 230 0 255 45 191 255 0
    255 0 0 255 255 0 134 255 255 129 255 255 255 0 255 255 255 0 255
    224 255 255 173 135 132 255 223 0 255 255 0 255 0 0 255 0 255 0 255
    0 0 255 189 255 0 0 255 0 0 255 0 165 162 255 0 255 0 219 255 255
    144 0 255 110 255 0 0 255 0 255 0 0 237 18 0 235 137 183 0 255 228 0
    0 255 255 0 234 255 0 252 0 204 255 0 255 255 255 0 255 68 0 0 201
    218 255 163 0 214 0 255 0 0 255 64 255 128 0 255 0 255 0 66 0 0 0
    255 0 255 126 0 255 255 255 0 0 255 0 255 115 255 255 255 255 0 255
    0 141 0 0 0 255 255 0 255 0 255 45 255 183 0 255 0 255 0 255 255 0 0
    255 0 255 255 0 255 207 0 255 255 0 255 0 255 0 155 0 255 0 2 0 255
    255 0 255 255 0 255 95 255 255 0 255 0 200 255 0 0 255 0 159 255 255
    0 255 0 0 255 0 255 0 255 0 0 255 255 0 160 0 0 104 0 255 0 0 255 0
    0 0 0 255 175 0 0 69 36 0 0 255 255 0 255 0 0 255 0 255 255 0 255
    136 255 175 105 210 0 255 0 255 0 0 255 0 0 255 0 0 255 255 0 255 0
    127 0 255 235 255 175 0 255 99 255 255 0 255 0 255 58 0 255 0 0 255
    255 0 255 255 0 255 0 0 0 255 255 255 0 0 0 255 63 255 0 255 93 255
    255 255 0 255 255 255 255 255 255 0 182 0 51 255 0 255 0 255 0 146 0
    0 255 255 0 0 255 158 0 35 255 0 0 255 236 0 255 0 255 0 52 174 16
    255 255 0 109 98 0 255 0 255 129 0 255 0 0 56 0 255 0 255 255 255 0
    255 0 255 0 35 255 0 0 0 59 0 255 167 255 255 0 255 255 0 0 7 0 0
    255 0 253 0 255 0 255 0 93 0 255 0 0 255 255 0 0 235 97 255 201 0 0
    255 109 255 255 235 99 0 0 0 255 0 255 0 0 255 0 0 214 255 0 0 152
    244 0 0 0 76 0 0 0 245 255 0 255 0 255 147 0 255 0 203 193 255 0 255
    255 190 255 255 255 30 0 0 9 0 0 255 255 255 0 0 255 0 255 255 61
    255 255 0 55 255 255 255 0 255 255 0 61 161 0 255 0 255 214 92 0 0
    255 0 255 0 196 0 19 153 0 255 200 0 255 0 0 255 143 0 255 255 255 0
    0 245 0 161 0 255 255 0 255 255 0 255 255 0 108 129 0 0 173 255 255
    130 255 0 255 255 217 255 255 0 255 238 255 0 66 255 0 0 0 255 241
    255 0 0 255 61 255 255 0 255 0 0 255 255 34 65 0 255 0 0 0 0 0 255 0
    0 254 0 233 255 255 0 255 255 0 74 255 0 255 75 255 155 255 0 255 0
    255 7 255 0 0 255 255 255 0 23 0 0 0 98 0 0 255 0 0 164 0 255 142
    255 37 255 255 255 0 93 0 40 255 0 255 249 0 255 0 255 255 255 139 0
    0 23 255 255 0 255 255 202 0 255 0 248 216 0 5 255 0 255 48 58 0 81
    255 0 255 255 0 255 195 0 132 255 0 27 255 0 255 255 0 255 155 0 255
    114 255 252 255 228 0 255 0 255 0 255 0 255 255 250 0 255 255 0 255
    97 113 141 0 255 255 0 255 223 255 255 0 0 255 0 255 167 255 0 0 255
    255 0 255 169 0 255 0 255 254 255 255 255 0 0 0 172 32 0 255 0 0 163
    0 255 0 255 255 255 0 102 0 0 255 0 255 0 255 255 71 0 0 255 255 0
    255 255 0 255 255 217 232 0 255 255 0 0 2 255 0 255 63 0 218 255 0
    255 0 21 0 255 133 0 1 0 118 255 0 0 0 255 255 0 0 255 255 0 0 255 0
    35 163 0 255 255 0 0 0 255 255 0 232 0 222 255 255 255 227 255 255
    173 0 214 0 0 255 0 255 255 0 255 0 0 255 255 0 25 248 0 159 255 0
    255 255 0 255 0 255 104 0 255 255 0 0 152 0 255 0 91 255 255 0 0 6 0
    255 0 255 0 49 255 255 0 255 0 0 0 55 255 134 0 255 0 204 107 255 0
    0 0 255 100 0 0 0 255 85 215 255 0 255 0 255 0 255 0 0 255 255 89
    132 0 0 255 0 0 254 255 0 0 0 0 255 0 0 255 0 0 255 255 255 0 255 0
    255 0 255 255 0 0 111 182 0 255 0 255 0 126 195 0 255 0 0 255 0 255
    255 255 255 100 0 125 81 255 0 0 255 0 0 255 255 0 255 206 255 0 255
    0 0 0 213 255 255 186 0 0 45 0 255 163 255 0 255 193 0 255 255 79 0
    255 186 0 0 255 0 119 68 27 255 255 0 132 255 0 255 0 255 0 255 82 0
    240 57 255 0 255 0 0 0 0 0 255 0 0 127 0 255 0 0 255 255 0 255 0 229
    255 255 0 115 0 255 0 0 255 207 0 124 183 0 255 0 32 255 255 0 255 0
    255 0 255 255 0 221 194 255 255 0 0 255 255 38 78 255 147 0 0 255
    162 255 0 56 255 0 255 0 152 0 255 255 0 255 0 162 214 255 0 216 255
    0 255 255 255 255 0 255 214 223 83 0 255 0 255 203 0 0 0 255 0 37
    131 0 255 0 255 255 0 255 0 255 0 255 0 190 255 255 255 255 0 255 0
    255 0 0 0 255 255 10 255 0 255 0 255 0 255 133 214 255 0 255 0 255 0
    255 0 133 0 255 255 185 240 255 0 255 255 0 255 0 255 219 0 0 211
    122 0 255 210 0 0 255 255 255 255 255 0 163 255 0 255 0 255 0 0 234
    0 0 255 0 0 255 252 255 255 0 255 0 68 255 0 156 108 0 0 0 255 255
    255 255 255 0 0 172 61 0 255 0 255 0 39 255 131 255 0 255 255 90 0 0
    255 0 0 0 0 255 255 0 255 0 3 0 0 205 0 255 0 0 255 0 255 97 0 255 0
    255 12 0 0 255 0 128 0 255 255 0 255 255 255 0 13 169 255 79 0 125 0
    94 0 0 0 255 0 172 255 255 255 255 0 255 0 81 0 255 255 0 255 0 0 0
    255 0 255 0 0 48 255 255 0 0 255 0 255 202 255 0 0 255 137 0 60 255
    255 50 0 0 0 255 255 165 255 213 0 0 255 0 255 0 0 0 0 0 255 0 255
    255 0 255 0 255 0 0 255 0 255 0 255 155 221 0 11 255 0 255 77 141 0
    255 0 255 0 255 44 0 0 255 231 255 163 255 255 255 0 16 255 71 0 255
    0 0 0 255 0 0 222 255 255 0 194 255 255 104 0 255 185 230 255 21 255
    133 30 248 197 0 255 0 126 0 255 0 0 0 255 255 237 0 255 255 6 129
    120 0 255 255 0 255 0 255 0 255 255 255 0 25 79 255 54 0 0 0 0 255
    128 0 255 134 0 255 24 255 255 133 6 0 212 0 0 0 0 255 255 255 255 0
    255 32 0 255 255 255 255 0 255 0 203 255 0 211 255 0 255 128 0 122
    255 0 255 47 255 0 0 255 0 255 0 255 0 0 255 255 255 255 255 255 255
    0 0 255 255 255 242 0 255 0 255 255 3 146 255 48 0 255 255 0 255 255
    151 121 0 0 119 0 0 255 255 0 255 255 255 0 255 136 0 255 0 0 193
    255 255 255 255 255 0 0 255 255 0 0 255 73 255 255 255 0 255 0 255
    140 239 60 255 0 0 255 255 0 0 5 255 255 15 0 255 0 0 255 255 3 0 0
    0 207 255 255 7 0 0 0 255 255 0 255 0 255 255 197 0 0 255 233 0 255
    255 255 0 255 116 255 0 255 255 0 255 0 255 0 0 255 255 0 0 0 255 0
    255 0 29 0 255 255 0 255 0 255 0 0 255 98 255 0 0 225 0 255 0 255
    126 0 255 255 209 0 224 255 255 209 255 0 255 116 255 0 0 0 0 0 255
    0 16 3 255 0 255 0 255 108 0 22 255 0 255 0 255 147 0 0 255 0 0 255
    54 255 255 255 0 255 0 243 255 255 255 0 255 0 255 0 255 0 0 48 0
    255 255 87 0 255 0 255 0 255 255 252 255 28 255 255 0 255 118 0 255
    220 0 255 0 255 255 0 255 0 255 0 255 0 0 5 208 0 0 0 0 255 196 23 0
    0 0 156 0 0 0 0 0 0 255 0 255 0 255 0 255 255 0 255 0 255 0 255 0 0
    0 255 0 244 0 151 255 255 0 255 255 68 255 255 0 0 0 255 255 255 0
    222 255 255 255 0 0 216 255 0 0 110 0 255 255 0 98 232 255 0 147 31
    255 0 255 0 255 255 55 0 0 187 0 255 241 255 0 255 0 0 233 57 255 0
    0 85 255 0 18 255 255 255 75 255 255 0 255 0 255 0 121 0 81 170 255
    0 0 255 0 0 255 0 0 255 105 0 255 0 159 179 255 179 220 15 0 218 0
    111 255 0 97 255 255 0 0 216 255 243 255 80 233 0 255 255 0 95 255
    255 0 0 0 0 0 0 255 255 0 0 78 183 255 255 0 255 255 0 255 0 0 255
    105 255 0 0 0 0 194 0 255 0 255 99 255 255 137 0 255 0 171 255 255
    206 255 0 255 0 140 0 0 255 0 255 255 0 255 255 245 255 255 255 0 0
    255 0 255 0 255 0 255 107 76 192 255 89 220 0 0 0 255 0 255 200 0
    255 0 255 0 0 0 205 0 255 0 255 0 255 54 0 0 0 255 0 255 255 24 255
    255 255 255 255 0 255 0 0 255 162 0 85 0 0 255 255 255 0 255 255 255
    94 156 0 255 227 0 255 0 0 255 0 0 255 0 255 0 152 0 0 255 0 255 0
    71 255 255 255 240 0 255 255 56 255 187 255 0 117 0 255 255 255 0
    255 255 0 255 0 132 0 255 255 0 255 0 0 255 0 255 102 0 255 66 141 0
    0 255 255 0 0 137 0 149 0 0 255 0 255 0 0 0 255 0 255 0 227 196 0
    255 144 0 0 255 255 255 255 0 255 140 0 0 107 255 158 255 255 144 0
    204 255 255 0 255 255 65 0 255 0 133 207 189 255 0 0 0 0 255 11 0
    255 61 255 0 31 0 0 217 255 255 0 255 255 0 35 0 255 0 255 255 0 255
    0 0 79 0 255 0 255 99 255 0 255 0 255 0 68 6 255 0 0 0 255 0 0 0 18
    91 171 255 0 131 0 0 220 0 240 0 85 0 255 255 255 83 0 35 0 255 0
    255 255 0 255 0 255 123 0 255 29 0 113 0 154 255 0 0 167 47 213 244
    0 255 16 255 0 255 0 0 255 255 234 255 126 0 255 0 255 120 149 0 0
    17 92 255 0 255 255 0 255 0 255 178 0 255 0 255 255 0 0 174 0 255
    255 255 0 255 255 6 114 255 255 0 255 0 0 255 0 255 255 0 255 255 0
    0 255 0 14 43 6 156 0 0 80 255 255 255 0 0 10 72 255 0 0 255 0 255
    255 255 0 255 255 122 255 0 255 0 255 18 255 0 255 255 0 255 0 255 0
    255 255 255 0 0 0 255 0 255 225 255 32 67 0 255 255 73 199 0 255 0
    255 0 20 0 8 0 255 255 255 255 0 255 0 0 255 224 0 255 0 0 211 0 255
    63 142 0 255 0 255 66 156 255 255 0 220 0 0 255 0 255 21 99 0 255 0
    168 0 0 255 0 0 255 0 255 0 0 255 0 193 0 167 0 0 255 0 82 0 35 192
    255 255 255 194 32 0 81 248 255 0 255 0 30 255 0 147 255 0 255 201 0
    255 255 0 149 255 47 255 251 0 143 0 255 255 0 255 0 255 0 209 231
    163 255 0 255 45 0 255 0 0 246 255 0 255 255 255 0 234 91 255 56 255
    255 185 27 255 100 0 103 238 0 255 145 0 255 197 0 250 159 83 201
    255 0 255 0 0 255 0 255 0 149 0 255 255 0 255 255 104 0 0 255 0 152
    255 0 0 255 0 255 0 255 0 255 1 0 0 255 0 162 132 0 255 255 255 0
    255 0 255 0 255 255 0 255 210 0 255 0 0 255 98 255 0 0 255 0 0 255
    107 74 0 0 255 0 0 255 0 255 255 0 0 0 255 236 255 0 255 0 152 255
    170 255 151 255 255 0 90 0 0 255 255 255 0 255 255 0 255 255 0 255 0
    255 211 205 0 0 255 11 255 0 0 255 0 0 145 255 255 0 255 164 255 0
    131 233 69 0 255 255 0 8 181 0 134 0 255 0 255 83 85 0 255 0 255 0
    255 255 255 255 255 0 255 221 118 141 45 0 255 255 0 255 255 0 255 0
    255 45 0 0 0 0 0 255 255 0 255 94 0 0 255 30 255 255 255 0 255 0 0
    255 0 0 0 0 0 246 0 255 0 155 255 255 0 0 255 255 53 0 250 0 114 255
    0 255 0 255 0 255 195 169 0 255 0 255 0 255 255 0 0 0 0 0 0 255 14
    255 139 255 0 255 0 154 0 255 255 228 255 0 255 0 255 0 255 247 255
    255 255 111 255 255 0 0 0 14 255 0 255 255 255 255 27 255 255 0 255
    255 0 221 255 255 255 0 0 255 0 0 155 255 0 0 43 0 255 255 130 225
    28 0 109 0 27 0 2 255 0 255 255 255 118 198 255 0 0 255 0 255 0 0
    255 255 125 255 0 0 0 0 255 255 0 255 0 0 0 255 24 243 0 0 0 0 0 0
    199 255 255 0 255 67 105 0 255 255 0 255 0 0 0 255 255 150 255 255
    255 248 196 0 255 255 99 255 0 0 255 74 0 255 196 0 0 255 255 255
    255 255 0 0 255 176 255 220 20 255 255 0 0 0 255 26 255 0 0 255 230
    31 0 0 255 111 204 162 0 255 0 49 0 0 0 255 61 78 255 0 255 19 255
    209 255 0 255 255 106 0 0 255 0 255 0 255 255 0 7 0 255 0 0 255 255
    0 255 0 47 0 0 255 0 0 255 255 255 255 0 255 0 255 255 45 255 225
    255 0 0 255 0 116 255 200 255 0 0 0 255 0 0 255 0 255 0 255 0 255
    255 0 255 53 255 0 255 255 255 0 255 62 0 255 102 0 6 0 76 0 255 0
    255 0 255 0 255 255 255 0 255 255 21 73 0 0 255 0 0 0 255 255 0 0
    255 0 0 255 255 255 0 0 255 0 0 0 255 0 255 114 255 145 255 28 174
    255 255 0 255 0 255 0 255 255 220 168 0 93 255 255 146 0 255 0 163 0
    0 255 255 0 51 123 99 0 255 233 255 0 229 255 0 255 0 255 255 255
    204 255 255 0 255 0 0 255 128 0 131 0 255 0 255 255 186 0 0 255 11 0
    0 255 0 0 255 0 0 0 41 255 190 184 255 0 255 0 255 0 0 255 0 0 255
    255 47 0 255 255 0 255 0 255 0 255 0 255 0 255 0 0 255 255 0 207 190
    255 0 0 255 59 255 174 0 0 23 204 0 146 0 255 0 150 255 255 255 239
    255 0 60 255 246 245 255 0 255 0 0 255 0 255 124 255 28 255 0 255 0
    255 0 0 255 0 255 0 0 0 0 255 255 0 0 255 0 0 255 255 117 255 255 0
    255 255 0 0 255 255 255 255 0 69 255 0 255 255 146 0 255 221 0 255
    206 0 255 0 255 0 9 255 255 0 22 80 255 0 0 109 143 0 0 0 0 255 0
    255 0 0 255 255 0 0 0 0 0 255 0 122 255 0 255 0 255 0 255 0 0 255
    255 0 255 255 0 99 198 255 233 255 255 255 0 0 255 0 255 0 255 0 78
    255 0 255 255 0 0 255 67 0 255 0 0 255 202 255 239 255 217 255 0 212
    255 0 0 106 21 0 255 0 255 26 160 0 255 0 0 216 0 255 0 0 255 255 0
    255 0 0 0 205 255 0 0 0 255 255 255 255 0 244 255 0 255 139 255 255
    255 0 0 0 255 0 213 0 255 15 255 255 255 0 255 255 0 0 255 0 0 107
    255 13 0 156 0 255 255 0 255 0 255 53 0 0 255 0 0 0 255 0 255 255 0
    255 255 157 1 47 255 0 149 0 255 0 0 0 221 0 143 255 255 0 255 0 255
    79 149 255 255 0 255 255 0 0 0 0 255 0 126 95 62 255 0 255 0 255 255
    0 255 0 255 255 255 0 151 0 37 255 0 26 0 0 196 30 255 0 255 0 0 0
    255 220 205 85 153 255 0 255 0 255 255 255 255 0 255 89 0 99 255 0
    73 255 109 31 0 255 104 255 0 255 255 0 0 0 255 0 0 0 0 235 7 0 255
    255 255 0 255 92 255 255 255 255 255 255 0 164 0 255 0 255 255 14
    255 255 0 37 0 99 0 255 255 6 0 255 0 255 255 255 0 0 255 255 212
    255 255 0 255 255 255 0 255 255 0 255 196 255 0 0 0 255 0 255 115
    255 0 62 90 210 255 0 0 81 8 255 0 255 255 0 255 255 255 0 255 0 255
    0 255 255 0 0 255 255 86 255 0 230 191 178 0 255 0 255 0 0 255 0 255
    0 255 136 0 255 255 255 0 0 0 0 0 255 100 68 0 255 255 255 5 234 150
    255 0 255 0 255 0 255 0 0 255 255 128 0 255 0 0 255 0 255 194 0 0
    255 225 0 255 103 255 0 191 134 255 255 255 255 255 0 255 0 188 255
    185 2 0 0 0 255 0 255 0 255 250 138 0 255 0 0 255 255 0 0 0 123 0
    255 0 255 0 255 0 255 255 0 0 0 255 255 0 111 43 255 135 255 0 255
    255 0 255 0 255 0 0 0 255 255 6 0 25 255 95 255 0 255 52 0 255 255 0
    255 120 255 0 255 0 255 220 0 0 255 239 0 0 255 0 255 255 0 255 0 0
    173 0 255 0 42 255 0 255 0 0 0 111 255 255 238 255 0 0 0 0 255 0 0
    255 0 255 0 157 0 0 255 0 0 255 48 0 187 255 0 0 0 255 0 0 0 0 0 14
    152 255 51 161 0 255 0 255 0 255 255 40 0 255 74 0 0 3 255 255 0 147
    0 255 0 255 0 255 255 0 0 0 255 0 0 255 60 255 0 255 102 0 255 0 215
    4 255 255 35 0 82 255 255 0 255 255 255 80 0 0 255 255 0 0 116 32
    255 0 255 0 255 255 0 255 0 0 255 59 0 0 0 255 255 0 0 255 255 0 207
    0 0 159 0 0 0 255 255 0 28 219 172 0 141 234 255 0 114 255 0 0 255
    255 0 255 234 0 255 90 161 0 255 223 0 80 104 7 0 255 255 0 0 255
    255 0 255 0 255 255 0 2 255 255 255 255 0 255 0 170 0 0 255 0 255 0
    255 255 0 0 0 255 0 255 0 0 0 0 255 0 172 255 255 0 255 54 188 255 0
    255 0 255 255 213 142 255 255 255 0 0 0 255 228 255 0 255 0 114 0
    255 255 0 255 74 211 255 0 255 66 255 0 22 178 2 44 255 0 184 0 0
    255 255 0 0 255 255 0 255 255 235 0 0 255 255 0 255 0 255 0 255 255
    0 0 255 0 255 0 255 255 0 255 0 255 255 255 255 0 255 255 0 255 0
    255 0 255 35 255 0 232 19 244 0 191 255 0 255 0 97 0 166 132 0 255
    255 255 0 255 0 255 0 0 40 137 255 0 0 12 255 255 0 0 0 0 0 139 0
    255 255 0 0 255 0 255 0 0 201 0 211 0 255 0 0 0 0 60 255 255 255 0 0
    255 0 118 6 0 255 255 94 255 106 0 255 0 255 0 255 0 255 255 255 255
    255 0 255 0 255 0 104 95 0 255 255 0 255 255 255 0 255 82 0 255 0
    219 255 0 0 0 255 0 0 255 255 0 255 0 255 0 255 189 0 0 255 0 255 0
    0 255 0 0 0 255 0 0 255 255 0 255 0 0 0 0 255 255 0 207 255 0 255
    104 0 151 0 0 255 0 255 0 255 242 168 255 0 255 0 189 255 0 0 0 255
    255 0 0 255 0 0 105 0 0 255 107 255 125 255 95 0 255 0 255 0 255 255
    255 0 255 206 255 89 255 255 255 0 14 214 0 255 255 0 0 255 0 57 255
    0 65 45 239 0 0 255 0 255 255 14 255 0 158 0 255 171 159 80 207 255
    0 255 0 0 0 255 0 255 0 85 0 255 0 255 0 255 255 255 0 255 0 0 255 0
    0 255 0 255 255 0 255 115 0 255 255 0 255 255 0 255 0 255 255 0 0 0
    255 0 255 0 83 255 255 255 241 255 116 255 88 0 255 0 255 76 0 230
    255 0 255 210 183 0 0 255 255 0 0 255 255 0 255 255 255 0 87 70 255
    119 213 255 0 255 0 255 255 0 255 255 198 0 255 0 18 0 255 0 255 255
    0 255 255 255 51 0 255 0 241 255 0 0 255 29 255 0 194 0 255 255 0
    199 149 0 255 0 255 0 255 0 255 0 207 255 0 255 0 0 255 0 255 255
    130 0 198 255 14 0 255 0 255 0 255 196 255 0 255 0 255 172 0 60 0
    255 255 0 255 0 0 255 0 255 255 0 255 255 255 0 0 0 255 0 255 0 255
    81 182 131 255 237 255 255 0 255 185 0 225 255 0 242 0 255 0 214 255
    0 255 0 255 162 255 0 255 0 255 255 242 255 147 0 0 255 0 178 0 255
    255 0 0 255 0 255 255 255 0 255 0 0 0 255 0 255 0 0 255 145 0 0 255
    0 255 255 0 255 255 0 255 209 0 152 40 0 255 245 0 0 255 72 0 197 0
    255 0 0 112 0 255 255 255 0 255 0 255 0 255 0 255 0 0 255 215 125 0
    255 0 255 0 255 255 0 255 0 255 197 255 0 255 0 255 0 0 255 205 0
    110 107 255 1 255 0 42 0 255 255 0 255 0 255 255 0 255 255 0 0 99
    202 0 255 255 0 255 0 255 255 0 0 255 255 0 49 0 0 255 132 0 0 255 0
    0 255 255 255 0 255 227 0 255 255 95 0 255 0 255 255 0 255 0 151 0
    255 0 0 0 142 0 127 255 0 0 255 0 255 0 255 255 199 0 0 193 255 67
    192 0 255 0 255 0 255 0 0 141 45 0 0 0 0 255 26 0 255 161 255 104 0
    255 0 255 0 0 255 244 255 0 0 255 125 236 255 136 0 99 30 0 255 255
    0 255 0 0 166 0 255 233 255 255 0 0 0 255 8 0 255 0 255 0 0 255 0
    255 124 255 121 0 255 0 255 255 230 0 180 0 0 0 255 0 0 0 255 0 26 0
    255 0 255 255 0 255 255 0 255 255 255 103 255 66 0 0 0 84 0 0 255 4
    0 255 0 204 107 255 255 0 0 206 255 0 255 255 0 177 0 255 255 0 255
    56 255 0 255 0 162 9 255 0 255 0 0 255 0 0 255 255 255 255 0 157 117
    199 255 44 112 0 255 0 255 0 255 29 255 0 255 0 255 0 255 30 27 10 0
    254 0 0 89 0 88 250 0 255 0 255 0 255 255 255 0 2 255 25 255 0 115
    220 0 255 0 255 61 255 255 255 255 255 0 0 255 228 0 255 255 157 165
    0 0 255 199 0 255 0 255 76 0 255 17 255 255 255 0 255 255 255 0 255
    255 0 0 14 188 255 0 144 237 255 255 0 255 0 0 255 0 255 245 0 214
    219 116 172 255 0 255 0 255 0 191 255 0 255 0 255 0 19 255 0 255 43
    255 0 0 255 0 255 0 255 21 255 255 0 255 205 255 0 184 255 0 255 0 0
    13 56 255 13 0 255 0 255 0 20 0 255 0 255 48 0 199 255 0 255 0 255 0
    151 0 0 218 0 255 0 0 255 111 255 0 255 255 255 255 255 0 255 0 255
    255 0 255 0 0 0 255 0 255 255 0 255 255 0 255 0 255 0 0 255 163 0 0
    0 255 0 91 136 0 226 255 255 0 0 255 255 255 0 0 255 0 8 0 255 48 30
    255 0 0 39 23 255 255 0 241 254 0 255 0 0 43 255 255 0 0 255 103 255
    0 255 0 0 255 0 27 0 224 255 0 255 0 255 255 255 0 255 255 255 255 0
    6 0 255 0 0 255 62 31 179 255 255 255 0 255 218 255 0 255 0 255 255
    255 0 0 255 0 255 0 255 0 0 0 240 0 255 0 255 255 255 0 255 0 0 255
    0 23 255 0 0 231 0 0 255 0 255 0 255 0 255 0 169 255 255 0 136 0 163
    0 0 67 255 255 255 255 255 0 255 31 242 0 72 255 0 103 42 255 0 255
    255 0 255 0 241 143 255 0 255 75 0 0 0 255 255 119 255 255 24 255 0
    207 0 255 0 0 0 255 0 255 255 207 0 167 255 0 0 255 0 120 255 0 255
    51 255 255 255 0 0 0 255 0 255 255 74 0 255 255 255 0 255 0 255 255
    156 0 255 255 42 43 0 56 83 255 0 255 255 0 255 255 0 212 255 255
    160 255 0 0 0 0 69 255 0 0 255 255 0 255 0 255 0 255 0 0 0 255 47
    246 0 255 138 0 255 0 0 255 255 255 125 255 255 255 0 0 0 255 0 255
    49 255 0 255 0 255 85 0 255 0 0 0 255 0 255 255 0 0 133 0 255 0 0
    255 0 0 30 0 181 255 255 0 255 0 255 255 0 255 198 255 0 255 24 230
    20 0 0 255 255 0 0 255 0 75 0 157 0 255 221 0 255 0 0 255 255 190
    255 0 255 255 0 255 255 0 0 0 76 255 0 130 0 255 53 255 255 255 0
    255 0 0 255 255 157 0 0 25 0 255 0 255 255 0 255 255 0 0 255 255 255
    0 255 0 0 0 255 0 255 0 255 255 110 255 255 255 189 161 255 0 0 255
    255 0 255 255 0 255 0 255 38 255 68 139 0 0 255 0 255 249 255 62 255
    196 0 255 0 103 0 227 0 255 255 0 0 0 255 255 0 0 255 255 0 255 0 0
    255 0 255 0 133 255 63 0 87 0 255 255 0 255 255 28 0 0 0 255 0 95 0
    0 0 255 217 0 255 255 0 0 0 0 0 0 0 0 143 0 0 255 253 148 255 0 255
    0 0 175 255 153 255 0 0 0 255 255 255 40 255 255 255 0 0 14 255 255
    0 255 0 255 2 255 8 24 255 255 255 0 0 81 0 0 255 116 71 60 154 255
    0 255 80 255 255 255 0 255 255 255 255 255 0 255 129 0 255 255 0 255
    0 0 255 0 255 0 0 255 255 0 255 0 208 255 255 255 255 255 255 0 0
    255 173 255 0 255 96 252 240 2 255 255 0 255 24 12 255 0 255 0 255 0
    0 0 255 0 255 255 255 0 255 0 0 0 39 0 0 255 255 255 109 255 0 0 210
    0 255 231 255 255 1 0 101 88 0 255 0 255 141 0 0 56 255 255 255 0 0
    255 0 36 255 0 255 0 0 0 255 255 0 255 255 255 0 255 255 0 255 189 0
    47 255 239 0 173 255 0 0 255 0 0 0 255 0 255 22 211 255 0 255 255 0
    0 0 255 0 255 0 0 255 214 0 255 255 255 178 0 0 0 0 255 51 0 255 38
    255 255 0 148 139 0 255 0 255 255 0 214 255 46 255 255 255 0 255 0 0
    255 255 255 41 78 136 255 0 255 207 164 255 0 158 52 0 255 0 58 101
    0 41 255 0 153 200 255 255 0 0 255 133 0 0 255 255 255 0 0 255 0 184
    255 0 58 255 79 255 108 255 0 0 255 255 255 0 255 0 255 255 0 255 0
    255 0 71 255 0 139 0 0 0 0 255 0 0 0 255 0 255 0 0 11 255 121 0 255
    0 0 0 0 0 255 0 255 0 0 0 0 0 240 255 255 0 255 255 255 255 0 255
    255 100 95 0 255 255 0 232 255 0 0 234 0 255 0 255 0 255 0 0 255 0
    255 0 255 76 255 0 13 0 0 255 255 255 217 0 255 0 0 255 171 0 252
    255 255 255 0 0 255 0 255 255 0 255 34 0 255 0 0 255 255 255 0 0 255
    158 255 0 255 255 0 0 186 0 255 0 255 255 0 255 0 0 255 255 0 79 255
    255 0 2 255 232 0 19 169 255 255 0 129 0 56 255 0 255 76 255 255 0
    255 0 0 255 0 0 0 255 0 255 255 180 255 0 40 0 255 0 255 124 255 0 0
    0 255 0 255 176 0 0 39 0 112 0 255 255 0 53 255 205 255 255 0 239
    255 0 255 70 0 71 255 255 0 255 255 231 167 255 0 232 0 255 216 255
    0 102 255 255 69 0 255 255 0 255 255 255 255 54 255 255 0 91 0 219 0
    7 255 0 0 0 187 0 255 255 255 0 0 0 0 255 255 0 255 0 255 0 255 0
    255 0 255 52 0 255 255 0 255 0 255 0 255 0 0 48 255 0 255 193 255
    255 0 0 0 255 255 0 201 159 255 0 0 255 0 0 255 0 255 0 141 0 125
    255 0 111 255 34 0 130 57 255 0 37 255 255 255 0 0 255 0 59 0 255
    255 0 255 255 255 0 255 255 0 104 152 255 255 0 255 0 72 19 160 0
    255 161 31 255 219 134 255 1 0 255 255 0 0 255 35 0 95 13 255 255 0
    255 17 0 255 0 0 0 255 8 0 255 0 0 65 0 255 255 0 255 255 0 255 0
    255 0 0 139 0 255 0 77 226 255 76 0 255 0 255 255 255 0 0 255 79 255
    248 0 0 0 255 0 255 0 255 0 255 0 185 255 0 255 0 255 0 255 255 255
    0 8 0 247 0 255 0 255 0 120 59 85 215 255 55 0 255 0 0 255 30 255
    136 0 70 255 0 255 0 0 0 140 0 76 255 0 255 0 0 0 255 255 255 0 0 0
    255 0 255 0 0 0 255 255 255 172 0 255 0 0 255 9 255 255 6 59 255 19
    0 34 25 0 0 107 0 255 0 255 0 214 0 201 109 255 0 255 255 129 255 0
    0 255 255 0 17 255 0 23 255 0 255 0 255 255 47 125 255 255 0 255 220
    72 255 0 255 255 255 0 0 255 121 255 0 0 0 255 0 255 0 255 93 0 0
    255 110 0 255 0 54 0 255 255 54 255 255 0 8 189 0 255 30 0 0 255 0 0
    255 49 192 0 255 0 255 255 247 255 255 0 0 0 255 0 0 255 255 0 243 0
    0 0 255 0 0 32 255 0 255 0 0 255 229 41 81 0 255 255 0 0 255 65 0
    255 255 255 0 255 0 255 255 0 237 93 0 255 0 0 0 255 255 185 0 0 255
    0 255 255 255 0 0 0 255 142 83 0 255 0 255 0 0 255 0 0 0 255 0 255 0
    15 39 255 255 0 255 0 0 0 255 20 255 208 0 0 123 0 255 255 255 5 0 0
    255 0 255 65 255 222 0 161 255 0 255 0 255 0 255 0 255 0 241 255 0 0
    243 255 0 255 241 0 0 10 0 255 112 255 255 227 0 255 0 255 0 250 255
    255 255 255 0 255 255 255 210 255 0 255 0 0 0 32 255 0 255 0 255 0
    255 134 66 0 255 0 35 255 0 0 255 255 236 255 0 0 255 0 255 138 255
    255 0 255 0 234 255 0 255 0 255 255 0 219 0 255 0 255 0 187 255 0
    255 219 0 255 255 255 0 0 255 0 52 0 189 0 255 0 255 255 0 173 255
    103 255 0 255 255 255 0 255 0 255 0 0 0 0 255 0 255 0 0 0 255 255 0
    0 49 255 255 255 0 255 0 255 0 0 210 0 255 255 73 0 255 146 255 60
    255 0 255 32 0 146 255 0 255 255 255 255 207 0 255 0 0 0 0 255 255
    246 0 0 215 0 0 255 0 255 255 0 255 255 38 0 0 255 0 255 0 0 255 79
    237 0 255 0 255 0 255 0 24 255 0 212 109 255 0 0 255 0 255 223 255
    255 0 255 0 255 0 0 255 0 255 255 255 109 255 255 0 255 0 255 255 0
    206 255 255 0 0 255 8 95 0 255 86 0 255 0 0 0 255 113 179 0 255 144
    0 255 255 0 255 0 255 0 255 0 255 0 255 0 0 0 255 0 255 0 73 255 0
    57 0 0 255 0 255 0 255 0 33 255 0 255 255 0 0 255 21 255 0 255 132 0
    255 0 255 255 39 6 0 255 0 255 0 255 244 220 255 0 0 255 255 0 0 255
    0 255 0 0 0 255 0 103 0 255 216 0 255 0 255 0 0 255 0 255 0 255 0
    255 0 255 255 38 0 81 0 0 11 255 46 255 0 0 255 0 0 0 86 0 0 255 255
    136 255 255 206 230 0 255 255 0 0 0 255 255 255 0 255 0 255 0 255 0
    255 0 255 0 0 255 0 144 65 0 10 255 0 255 0 0 255 0 0 255 0 0 0 255
    193 0 55 255 255 255 0 99 255 95 0 0 0 0 255 163 117 0 0 0 255 255 0
    0 255 255 0 0 255 255 0 255 0 255 154 0 173 0 255 255 255 0 0 255
    206 227 255 0 0 27 0 255 249 0 0 255 0 255 0 195 0 38 255 0 144 255
    255 91 0 255 255 181 255 255 57 0 0 255 0 0 255 0 255 255 0 255 0
    255 0 255 0 70 255 0 255 0 17 87 253 255 0 255 0 115 125 255 255 0
    202 0 255 188 0 255 0 0 0 70 0 255 0 0 255 214 0 255 255 0 153 160
    255 255 0 255 65 0 0 0 255 0 0 104 0 0 0 0 92 255 0 255 0 0 255 255
    0 140 186 0 255 137 0 0 0 255 255 0 255 255 52 255 0 255 0 0 255 255
    23 255 0 255 255 255 255 0 255 0 255 0 0 147 0 255 255 255 0 255 0 0
    255 255 0 255 0 255 255 220 255 255 0 255 255 169 255 0 0 0 6 0 255
    210 255 0 0 137 255 0 255 255 0 255 255 12 255 3 62 255 141 40 255
    29 0 0 255 255 126 0 255 231 255 255 0 255 255 255 0 0 0 255 0 212 0
    0 164 101 0 255 23 255 0 255 0 0 255 255 255 0 0 0 0 255 0 97 255 0
    255 0 255 127 143 0 0 115 255 255 0 0 255 0 255 255 255 0 40 255 255
    255 255 0 0 0 255 0 255 0 255 255 0 255 0 0 0 255 86 0 255 0 67 133
    0 0 255 255 255 0 42 103 0 255 0 0 0 255 0 0 0 255 0 255 94 255 0
    255 0 198 255 0 0 255 101 0 70 200 255 177 209 255 224 231 255 176
    200 0 0 0 255 255 0 255 112 0 255 0 0 255 255 0 112 0 0 255 0 0 255
    0 44 255 255 0 0 255 255 0 255 255 136 255 255 255 0 255 0 255 127 0
    0 0 255 0 69 255 0 255 255 0 255 255 0 128 0 0 0 69 255 27 255 0 255
    0 255 255 0 255 255 0 255 255 217 0 255 188 0 255 116 255 0 255 0
    255 0 255 0 0 255 255 255 8 0 255 0 255 255 255 234 0 255 255 0 255
    255 0 169 255 0 0 255 0 0 255 168 0 255 0 255 8 124 255 0 255 255 0
    255 0 255 255 255 0 255 0 255 15 53 0 255 255 0 93 0 255 255 0 0 241
    255 255 129 0 255 28 0 255 40 0 255 255 255 0 255 255 0 255 255 255
    255 0 0 255 92 126 255 255 255 0 255 255 0 255 0 0 255 0 245 0 0 255
    255 255 0 0 0 0 255 0 0 0 255 255 0 35 177 0 255 45 255 33 255 0 0 0
    255 204 0 255 255 0 0 43 255 255 255 0 28 255 255 0 255 68 255 0 255
    255 0 37 222 0 255 255 0 255 240 0 255 180 0 255 255 30 255 13 255 0
    0 255 0 0 255 0 0 245 0 255 0 255 0 68 255 0 255 255 255 0 31 255 0
    255 255 173 255 255 0 255 58 0 255 231 148 0 172 0 255 255 255 255 0
    255 180 0 0 0 255 0 0 255 199 255 37 128 0 0 0 0 255 255 0 255 0 0
    255 0 255 0 0 255 0 78 0 0 255 255 0 0 255 0 255 255 0 255 255 0 255
    0 0 255 0 255 169 0 48 255 255 0 255 0 0 238 90 237 0 255 0 255 16
    255 255 0 255 159 204 0 255 0 101 0 255 0 0 13 131 255 0 0 0 0 0 171
    0 255 255 52 255 255 0 255 30 0 255 0 255 0 250 91 146 7 0 89 155 0
    0 227 0 61 0 255 0 0 255 0 255 0 255 0 0 13 255 0 255 66 0 255 0 255
    255 0 255 255 0 255 0 255 0 0 255 0 193 0 255 255 255 255 255 255 0
    0 255 0 0 53 255 0 208 0 255 255 255 0 255 0 255 152 255 255 83 202
    212 148 0 255 255 0 103 255 255 97 200 255 181 192 199 255 255 0 188
    41 255 255 0 255 0 112 255 0 0 0 255 136 0 255 255 0 255 0 159 0 255
    0 255 0 255 0 255 65 0 255 255 149 0 255 255 0 0 0 0 255 0 0 0 0 69
    255 0 0 255 0 136 0 0 143 0 0 0 0 255 255 255 0 18 255 0 0 255 0 255
    51 255 148 121 255 0 255 0 37 0 255 255 0 255 215 255 0 255 0 13 0
    255 133 164 119 255 12 0 0 255 0 0 255 0 255 255 255 255 0 255 255 0
    0 255 255 0 255 255 0 141 255 255 0 134 255 0 255 233 133 0 0 255 0
    255 0 255 0 0 255 63 255 0 75 255 255 0 255 102 153 195 0 133 255 0
    194 0 0 255 255 0 134 0 255 0 122 255 0 255 0 255 0 169 255 0 0 255
    0 0 255 0 186 255 0 0 255 255 0 255 0 117 0 255 0 255 0 255 255 0 0
    255 255 0 255 0 255 255 0 151 255 255 0 0 171 0 0 255 255 0 255 255
    0 0 0 0 0 92 0 255 0 0 255 255 0 0 0 9 0 255 255 0 0 253 98 0 0 0
    169 255 181 173 45 118 126 255 255 0 0 25 139 255 0 255 0 0 255 0
    255 0 60 0 255 0 68 255 255 0 169 72 255 0 0 255 255 131 0 255 255 0
    0 0 0 0 87 0 255 255 216 255 0 255 255 0 210 255 255 0 255 28 0 255
    255 0 216 136 0 255 57 0 0 255 36 255 0 255 255 0 139 255 255 0 255
    0 233 255 0 255 0 0 255 0 255 0 255 0 255 215 83 0 0 255 0 0 255 245
    0 255 0 255 45 0 255 0 0 0 255 255 255 255 255 0 255 255 80 0 0 255
    0 0 255 255 0 0 119 0 17 255 0 0 0 0 255 0 55 127 0 255 255 28 255 0
    0 255 0 255 0 0 255 255 0 255 0 255 255 0 255 0 255 255 0 205 255
    131 255 82 0 255 255 48 33 138 0 0 255 225 0 255 255 7 255 0 255 255
    72 255 0 0 255 223 0 0 255 0 255 255 255 0 0 210 0 255 0 62 255 119
    53 0 255 255 255 0 255 0 255 155 77 255 0 255 255 255 255 89 255 0
    223 255 255 0 203 104 255 255 74 68 0 255 0 208 210 255 255 255 0
    255 0 255 0 222 255 0 0 255 0 161 255 0 255 255 132 0 255 0 0 255 0
    244 136 124 125 0 255 255 151 0 255 0 255 255 0 91 255 255 255 255
    113 55 255 0 255 255 0 255 0 0 0 0 0 255 0 255 0 179 0 0 255 0 255 0
    255 0 255 0 0 0 255 176 255 0 255 255 255 0 0 0 192 255 255 6 242
    255 0 255 0 255 210 0 134 0 159 73 0 0 0 255 179 175 255 14 0 0 255
    0 80 255 0 0 0 255 0 0 123 0 0 0 255 0 47 255 255 255 255 0 151 24 0
    255 255 124 60 0 0 15 255 255 94 255 0 255 115 183 255 0 255 0 173
    255 0 0 255 0 16 255 0 0 255 255 0 0 255 255 43 207 255 0 0 255 0
    105 0 255 5 255 0 106 0 0 255 255 52 255 103 0 0 0 255 0 255 0 198 0
    0 255 255 0 255 140 0 202 0 255 0 255 199 0 127 255 0 255 39 215 0
    255 20 45 134 0 0 255 0 0 255 0 255 0 255 0 0 255 0 255 255 0 255 0
    255 41 0 255 0 0 0 255 255 0 255 255 148 0 255 12 255 255 0 0 255
    255 255 255 0 0 130 236 0 0 255 252 43 255 253 0 0 255 0 0 255 234 0
    0 255 0 255 0 0 0 255 189 0 255 0 0 255 255 0 255 0 255 0 255 255
    255 0 255 124 0 255 0 255 255 0 255 255 255 0 255 0 147 255 0 0 255
    0 178 0 253 0 28 255 0 204 255 255 0 255 0 237 0 255 0 138 20 0 255
    0 113 255 0 255 255 0 0 0 255 0 59 0 255 0 217 255 89 255 255 0 0
    255 255 231 255 114 0 255 0 204 162 0 255 0 0 0 0 255 0 0 226 255 0
    255 255 0 255 255 0 255 108 0 255 0 255 112 0 0 255 0 255 208 36 255
    0 255 199 0 209 209 255 255 0 0 255 0 27 255 0 255 0 255 255 0 255
    255 255 0 255 0 255 255 0 255 255 255 0 0 255 0 255 255 255 255 0 0
    246 0 255 255 0 251 0 255 255 165 255 0 0 255 255 0 0 0 255 0 255
    255 0 255 0 255 0 255 0 255 0 54 141 255 255 0 0 125 255 255 255 255
    192 0 255 255 70 23 0 255 102 0 177 154 116 0 255 191 0 255 255 0 0
    255 0 255 0 0 0 0 255 0 255 0 255 0 255 0 255 186 255 39 0 0 255 0
    255 0 255 255 255 255 0 255 0 24 255 255 0 0 0 255 0 255 0 255 255 0
    255 255 0 0 255 0 170 0 0 0 113 0 0 220 255 78 124 241 255 153 255
    255 0 255 0 234 255 0 255 225 255 0 0 0 255 0 0 255 0 255 0 255 0
    255 255 0 255 15 255 255 255 0 0 154 254 0 128 0 58 137 0 255 2 0
    145 0 213 255 255 255 255 210 0 70 0 0 255 255 3 0 255 187 255 0 0
    255 255 0 0 0 24 0 0 255 0 0 59 0 255 255 0 255 236 178 255 0 255 0
    255 255 0 255 191 250 255 0 255 171 255 0 255 0 255 255 0 255 0 0
    255 255 0 115 255 0 157 0 0 0 0 255 0 49 0 255 0 0 10 9 57 255 0 0
    255 255 174 0 0 255 0 255 255 255 0 160 255 255 0 255 91 255 0 255 0
    0 255 0 255 255 255 0 255 0 115 255 0 255 100 247 97 0 61 255 120
    255 255 0 40 0 255 129 255 0 255 255 42 0 255 255 0 148 0 255 255
    147 255 226 60 255 0 255 0 137 0 154 5 137 0 255 0 0 255 255 0 160
    172 255 0 0 255 0 255 0 255 255 255 0 255 255 0 175 0 255 255 0 112
    255 0 0 255 255 255 255 255 141 0 246 255 0 255 255 0 255 255 52 253
    0 138 118 0 0 255 0 0 255 0 0 255 255 150 0 255 255 255 0 0 255 10 0
    255 37 49 189 0 255 196 0 255 0 156 130 0 255 0 30 0 143 255 0 255
    49 26 255 0 0 0 0 0 255 211 182 255 0 255 0 0 255 0 255 255 255 0 0
    0 0 255 0 0 255 0 255 255 0 255 0 255 0 255 149 0 255 0 0 254 255
    255 0 255 195 0 26 0 0 0 255 0 51 0 135 255 0 255 255 255 0 141 255
    0 95 0 255 255 0 91 255 255 0 255 0 0 255 255 213 0 255 0 255 0 255
    0 255 0 255 0 255 10 0 255 0 255 0 0 255 173 4 0 0 255 0 255 166 0
    255 0 186 0 255 0 0 33 255 255 255 0 255 0 255 0 138 0 0 255 255 255
    0 0 25 135 0 0 255 255 255 0 0 255 78 0 0 0 0 255 0 242 42 255 0 0
    204 230 229 0 255 0 0 255 255 255 0 255 255 255 0 255 0 0 255 255
    255 162 82 0 255 0 255 255 255 112 255 0 0 255 0 0 0 136 0 255 255 0
    255 0 255 0 255 0 0 255 255 0 255 0 255 0 255 255 255 0 255 255 0 0
    255 255 0 0 255 0 0 101 255 227 0 0 255 0 255 0 255 255 0 255 238 0
    255 0 255 25 115 255 255 0 0 4 255 0 255 0 0 255 0 255 255 15 56 0
    255 255 58 255 255 127 255 0 0 255 255 255 255 0 255 255 0 255 0 228
    0 0 255 0 255 255 0 224 255 255 141 255 255 0 48 0 255 0 255 0 255
    255 255 18 82 0 0 255 0 255 255 0 0 255 255 0 255 255 0 255 0 40 255
    0 0 150 0 0 255 0 255 0 0 200 255 255 255 0 14 255 255 255 82 0 255
    0 103 0 0 176 255 255 0 128 255 255 0 255 0 229 255 0 0 255 0 255 4
    255 23 44 0 0 255 66 255 0 0 191 255 255 0 0 230 0 255 0 255 229 3
    255 0 0 0 255 21 255 0 0 239 255 0 255 140 176 0 64 255 255 114 255
    0 255 255 255 0 0 0 0 0 222 255 0 255 0 255 0 0 255 0 55 255 255 0 0
    0 255 0 0 255 0 255 0 219 255 255 0 255 0 0 255 0 255 0 255 255 255
    0 5 236 255 0 255 255 255 0 255 0 255 0 0 255 255 0 0 159 255 0 255
    255 255 93 255 255 0 72 0 255 255 177 0 0 255 255 0 255 255 58 255 0
    255 0 0 255 255 49 140 0 255 0 255 53 255 28 0 255 201 0 0 255 0 0
    255 255 255 255 0 0 255 0 0 183 0 255 77 255 0 0 255 5 255 255 255
    255 0 0 187 255 255 0 255 147 0 0 255 224 255 0 255 96 0 255 255 0
    255 77 0 0 0 0 255 130 0 237 0 255 250 121 255 0 255 255 0 255 115
    105 0 145 0 255 0 255 0 113 0 64 255 0 0 45 184 34 0 128 255 255 178
    0 255 255 255 158 34 0 255 0 0 0 255 0 0 255 24 255 0 0 255 255 0
    255 0 245 255 0 255 0 255 22 0 0 148 235 0 255 123 255 0 18 255 0
    255 0 255 90 0 255 39 0 0 255 0 0 255 0 0 254 0 255 165 0 255 0 255
    20 255 0 130 0 255 0 0 0 0 255 0 255 255 78 0 122 116 0 185 0 255
    251 255 255 255 0 0 255 0 0 0 255 255 255 137 41 255 0 255 255 0 45
    255 255 0 255 255 210 0 255 154 255 255 255 0 255 80 0 255 0 255 215
    255 0 179 0 255 255 255 255 0 0 255 0 0 255 255 0 0 255 0 255 0 0
    255 202 255 255 118 228 0 255 0 0 0 255 255 0 255 122 255 255 112
    110 255 0 0 205 0 0 0 255 180 5 255 56 0 255 255 164 0 0 255 18 0 0
    255 36 0 0 0 0 255 255 255 255 0 255 0 96 0 46 210 223 0 211 255 0 0
    255 255 255 255 0 255 0 255 255 0 255 0 0 0 255 0 30 180 255 0 0 255
    0 255 78 255 228 255 0 172 0 38 31 176 58 255 255 0 255 0 0 255 117
    255 201 0 255 151 255 0 255 0 255 255 0 255 0 255 109 96 255 0 255 0
    0 0 231 255 255 0 35 226 255 0 255 0 0 240 50 255 0 217 255 0 255 0
    255 255 131 60 255 255 0 255 216 0 255 0 0 255 0 0 255 255 98 92 255
    0 255 0 255 0 0 255 255 0 255 17 40 0 255 255 255 0 255 0 255 0 0
    255 0 255 255 255 0 0 22 255 0 0 53 0 255 36 255 220 0 255 255 252
    255 0 255 0 0 255 180 0 255 0 0 199 255 255 176 0 255 0 70 255 0 0
    255 255 255 0 0 255 255 255 23 168 52 0 255 0 255 0 255 0 255 0 109
    255 0 109 0 0 0 255 205 255 0 255 0 255 83 255 0 0 0 255 255 58 255
    255 255 0 163 170 163 255 0 255 0 20 213 255 212 0 255 0 255 0 255 0
    163 189 0 211 0 0 255 0 255 0 223 214 0 255 0 255 255 0 255 0 0 0 0
    124 209 255 19 250 201 0 0 255 142 255 0 255 129 0 0 255 0 0 255 152
    0 0 255 0 255 255 255 18 255 36 0 0 255 0 0 0 255 0 255 0 255 0 255
    0 255 255 255 255 0 28 0 255 0 0 182 255 0 37 255 255 255 255 0 255
    0 255 0 0 0 255 255 0 255 255 255 255 0 255 0 255 0 0 0 0 255 0 0 0
    255 80 255 255 204 0 255 0 255 255 0 255 0 0 0 0 255 255 0 255 0 78
    91 0 255 0 0 0 255 0 255 189 255 0 255 129 233 255 255 0 0 255 255 0
    254 169 245 0 255 0 173 0 0 255 255 255 0 0 0 0 255 255 0 0 255 0
    255 100 255 255 0 0 255 255 23 255 0 0 255 255 0 184 0 255 255 0 229
    163 255 0 63 255 196 0 0 11 4 255 0 255 240 0 130 0 255 255 255 0 0
    255 44 0 255 0 255 0 255 139 115 102 39 112 104 0 255 0 255 0 255 0
    0 255 255 255 50 0 0 255 254 0 255 255 99 255 184 0 255 255 255 212
    184 0 255 255 0 193 0 0 0 114 0 0 0 255 102 0 30 255 0 62 0 243 0 0
    255 0 0 0 255 0 0 255 0 255 97 0 255 0 255 0 198 210 255 0 0 0 255 0
    255 255 0 255 255 0 255 75 98 236 169 0 0 0 0 255 0 255 0 255 0 255
    255 255 0 108 255 242 115 0 25 3 218 0 47 0 255 255 0 0 202 255 0
    255 0 230 255 195 255 0 0 55 13 255 0 0 0 255 255 255 0 255 0 0 255
    0 255 0 255 255 0 255 255 255 0 255 0 0 0 0 255 0 0 255 255 255 114
    255 191 215 255 0 187 255 48 0 255 255 255 255 0 255 0 0 255 255 0
    15 0 255 255 255 0 0 255 0 255 255 0 255 0 255 147 233 0 255 242 0
    255 0 255 54 255 0 0 255 255 0 255 255 0 255 255 0 255 82 255 255 0
    255 0 255 255 250 0 0 255 255 0 205 0 255 146 8 255 255 255 0 255
    255 0 255 0 255 0 0 0 255 175 255 0 255 0 255 0 0 0 255 255 200 0 0
    255 0 0 240 91 0 0 0 255 0 255 0 255 0 255 222 255 255 0 0 255 0 255
    255 255 0 255 220 255 44 145 0 255 255 0 0 0 255 255 0 0 255 255 0
    255 0 255 0 255 255 0 255 0 35 241 0 157 0 255 255 255 255 0 255 255
    209 255 0 0 0 154 255 0 255 238 255 21 255 255 0 107 0 255 0 255 0 0
    255 55 0 100 198 255 0 255 0 228 255 124 255 0 255 0 0 0 255 0 255
    255 0 78 0 138 255 101 255 255 64 0 0 255 0 209 145 255 0 255 87 0
    79 152 10 255 0 184 0 0 255 0 0 255 0 255 24 0 210 0 126 0 255 255 0
    0 0 255 255 0 0 255 0 236 27 0 0 126 255 0 255 0 0 0 255 164 0 255 0
    255 255 0 255 255 255 0 0 255 0 0 157 255 0 174 255 0 180 0 255 255
    255 255 0 0 255 0 255 115 255 0 0 0 255 186 0 0 0 255 255 151 111
    255 0 0 255 255 255 0 255 196 0 255 0 255 18 0 255 0 255 255 0 255
    255 0 118 255 0 246 0 255 0 255 255 0 0 255 0 138 255 255 0 60 255 0
    255 255 255 255 92 255 0 0 3 27 0 0 0 255 255 71 255 0 255 0 0 35
    255 59 255 19 255 0 0 255 0 255 0 91 254 0 0 255 119 0 255 0 255 0 0
    255 0 0 255 0 0 244 112 236 0 0 0 255 0 0 255 0 0 255 255 255 0 255
    130 0 229 255 255 84 0 204 255 0 255 255 255 255 0 255 255 0 149 65
    255 34 255 255 0 243 255 0 255 33 255 0 26 255 0 255 255 0 255 6 255
    0 0 255 0 255 0 0 56 255 255 0 132 255 0 255 0 0 255 0 255 0 255 0
    255 57 255 0 255 0 255 255 255 255 0 0 255 0 255 255 255 0 255 255
    255 0 255 255 0 255 255 105 0 255 0 255 221 0 0 255 0 0 255 166 208
    0 0 13 183 255 255 0 255 192 255 0 255 0 255 75 255 255 0 30 130 255
    72 89 135 255 0 255 0 255 255 0 0 0 255 0 255 255 0 255 0 255 0 255
    0 0 255 0 108 31 255 255 0 224 255 0 255 255 0 255 163 0 255 255 13
    18 0 0 255 0 48 0 0 0 255 0 255 255 0 0 255 0 0 255 255 0 255 0 0
    255 0 0 255 255 136 140 0 0 255 219 0 0 255 255 0 255 255 0 0 0 0
    214 0 255 125 0 255 0 255 0 255 0 255 163 0 0 255 255 0 255 255 120
    255 0 255 80 60 0 255 255 255 0 255 255 0 0 194 0 255 0 0 217 0 0
    255 0 0 255 44 0 255 255 0 255 255 0 255 255 106 255 255 0 136 255 0
    0 255 255 0 255 0 0 255 0 255 255 255 0 0 255 0 0 1 36 0 209 255 0
    255 0 255 0 17 0 255 0 0 0 255 188 255 236 0 0 0 255 0 178 95 255 0
    0 255 0 163 83 84 187 255 0 255 0 8 0 255 0 0 255 255 0 255 255 0
    255 255 255 255 255 101 98 255 0 255 255 0 255 205 255 0 0 255 0 197
    255 0 255 0 255 0 255 0 255 0 0 255 0 255 0 63 255 94 0 255 0 0 255
    0 52 255 215 255 255 39 6 249 255 0 255 0 0 255 0 172 255 0 248 255
    95 0 0 255 0 255 0 253 0 255 36 255 0 255 0 255 255 0 255 206 0 255
    255 0 255 255 0 107 255 0 255 255 0 0 255 0 255 0 255 0 255 255 0 0
    56 125 151 0 255 165 52 0 147 0 0 141 255 0 255 0 0 125 255 48 97
    255 0 255 152 44 255 255 0 255 152 255 0 255 0 213 255 0 255 0 255
    113 0 0 201 255 0 255 0 255 255 255 255 0 0 255 218 174 255 0 255
    255 32 79 192 0 0 110 125 0 255 255 255 0 88 0 255 255 0 0 0 0 255
    182 0 255 0 85 255 0 178 0 212 255 0 237 255 0 117 255 255 40 255 0
    255 11 0 58 255 0 94 255 0 194 255 0 103 0 0 255 113 0 0 209 185 255
    0 0 255 255 0 0 0 255 255 80 86 0 255 44 255 242 192 162 203 0 214 0
    255 0 0 0 0 255 255 0 255 255 0 255 172 0 0 255 0 255 0 36 255 130 0
    255 255 0 0 255 0 255 0 255 0 0 0 143 255 149 0 255 255 0 255 183
    255 0 0 79 0 255 0 0 0 255 0 255 255 0 89 224 0 101 255 0 121 239 0
    255 0 255 63 255 199 0 255 0 255 73 0 116 0 0 255 255 0 0 255 0 0
    255 255 255 255 255 255 0 229 0 0 26 255 255 0 255 180 0 0 255 255
    217 255 255 255 0 255 255 159 255 75 255 0 255 0 255 0 142 255 0 0
    255 8 0 255 0 255 255 255 0 255 185 255 0 255 232 6 237 0 0 255 244
    255 120 255 0 255 255 255 0 255 53 0 0 255 255 0 255 255 255 0 255 0
    255 255 230 0 0 255 255 0 0 13 0 0 255 0 0 106 255 67 255 230 0 255
    0 255 0 255 0 255 239 255 0 255 13 255 0 255 0 0 255 53 0 127 255 0
    185 255 0 0 0 255 255 57 155 0 126 255 0 0 255 0 255 0 0 255 81 0
    255 255 209 0 106 0 74 244 147 255 0 36 255 255 255 65 0 226 255 235
    0 255 0 255 0 0 255 0 255 52 0 255 0 255 0 255 0 255 192 255 56 118
    255 0 255 255 31 255 0 255 0 0 89 255 73 255 0 255 255 255 255 110
    255 0 255 255 0 192 255 0 255 255 255 255 0 204 255 255 255 0 126
    255 255 0 0 255 255 0 255 0 136 0 255 14 64 109 0 255 255 0 255 0
    255 255 255 0 0 0 255 234 0 106 0 0 116 255 255 224 11 216 0 255 0 0
    255 22 199 0 255 152 0 0 255 59 0 165 0 255 0 251 255 255 0 255 0 0
    255 255 0 255 255 0 0 0 255 255 255 0 0 0 255 0 255 20 255 0 166 80
    0 255 226 219 255 255 153 255 162 209 0 0 255 0 255 0 240 40 0 255
    191 0 0 26 255 255 0 0 255 255 255 255 5 0 255 255 0 0 255 0 0 255
    255 151 0 255 29 255 0 255 0 0 202 0 255 196 255 0 255 255 255 255 0
    0 255 255 0 255 255 255 0 255 0 255 0 255 0 66 255 255 0 255 166 96
    0 0 255 255 0 243 0 255 255 0 0 0 204 0 255 0 0 180 0 0 255 0 255 0
    255 0 0 255 255 255 28 37 255 0 255 0 255 0 0 0 255 0 0 179 0 0 0
    255 0 0 118 255 0 255 35 255 255 0 255 0 255 35 0 0 255 26 255 193 0
    0 255 224 0 255 0 0 176 255 0 0 0 0 255 0 255 255 0 255 249 0 255
    255 0 0 0 0 26 0 255 255 0 255 0 0 0 215 135 0 234 255 255 0 0 0 255
    0 0 0 255 220 0 255 0 255 255 255 0 255 255 255 0 255 53 0 0 77 0 0
    255 0 222 255 0 158 59 0 255 0 255 255 0 0 157 4 255 0 2 255 121 0
    255 255 0 0 255 90 0 170 0 0 255 0 52 0 170 0 64 255 0 0 255 14 244
    255 235 253 0 255 0 255 0 0 255 226 0 255 0 189 255 25 187 0 0 255 0
    255 255 202 0 50 255 0 255 255 0 58 255 0 255 255 0 0 255 255 31 255
    255 0 0 255 0 255 204 0 255 0 207 89 0 0 0 255 0 255 60 0 255 255 0
    255 255 0 0 0 106 0 255 255 0 255 0 0 0 255 0 255 222 255 0 0 255
    255 0 255 102 25 0 135 244 195 168 255 65 255 0 0 255 0 0 0 255 0 0
    136 255 0 255 126 255 136 255 214 0 255 44 255 0 255 119 0 255 255 0
    0 11 255 0 255 142 210 0 255 154 110 255 0 0 255 0 255 0 255 0 0 255
    255 255 0 255 178 70 0 0 86 0 35 129 0 255 128 0 255 255 255 0 255 0
    12 255 0 255 255 0 255 0 0 0 255 0 255 255 0 242 201 0 0 240 0 0 255</data></my_img>
<your_img type_id="opencv-matrix">
  <rows>128</rows>
  <cols>256</cols>
  <dt>u</dt>
  <data>
    11 0 0 255 0 255 255 0 255 0 255 95 110 125 255 0 0 255 0 0 0 255 0
    195 255 255 55 24 0 112 0 255 169 255 0 0 0 0 0 255 0 214 187 24 0
    158 0 87 255 255 0 0 255 0 255 251 0 194 255 0 0 0 0 255 0 255 0 255
    0 255 0 49 255 0 0 255 89 0 31 0 255 0 255 0 0 119 255 0 255 255 255
    0 26 255 0 0 255 0 205 0 255 255 0 255 255 0 255 0 255 0 255 255 0
    255 255 128 0 0 125 0 255 0 170 0 0 255 0 255 238 216 255 0 0 23 0 0
    0 255 255 45 146 0 255 0 69 255 255 255 255 0 0 255 255 0 255 0 255
    189 255 0 0 255 0 255 0 65 0 255 0 0 0 255 0 210 255 255 0 111 0 255
    255 79 0 0 255 0 0 0 0 138 255 0 0 255 132 94 255 0 255 255 255 0
    171 0 255 0 0 255 178 255 0 122 0 255 158 255 0 72 255 0 255 255 255
    0 110 0 230 255 226 255 0 255 0 255 0 255 0 255 255 0 183 255 0 255
    255 0 255 0 255 90 21 98 0 255 0 0 255 255 255 0 132 0 0 255 0 255 0
    255 0 167 255 255 255 159 124 255 77 0 255 0 136 41 0 255 255 0 255
    0 102 255 255 247 255 65 255 0 255 129 0 255 90 255 0 0 0 0 200 255
    0 255 255 0 255 255 0 248 255 255 255 0 255 0 255 0 255 0 255 0 255
    0 77 255 0 255 0 255 0 255 0 53 0 255 0 255 0 28 83 255 255 0 255 0
    255 255 0 255 0 0 181 209 0 255 0 255 125 250 0 0 255 0 0 255 255 0
    255 0 255 32 0 0 255 255 0 0 0 255 255 255 170 0 255 83 255 0 0 0
    255 255 133 255 255 0 0 0 255 25 0 0 250 0 255 0 255 0 0 255 0 206
    13 255 0 255 255 199 255 154 255 255 255 255 0 0 255 255 0 255 0 255
    148 255 0 255 255 0 255 0 0 0 255 0 33 255 183 255 0 0 0 255 255 255
    0 71 255 0 0 0 255 71 255 0 143 0 255 0 255 0 255 216 0 255 255 0
    255 0 255 207 0 255 0 0 255 0 255 0 0 57 255 255 0 0 94 214 255 0
    255 0 255 16 255 0 255 189 0 0 0 255 255 237 255 50 255 0 167 174 31
    0 0 0 255 0 255 255 0 255 0 255 0 23 255 0 255 0 255 0 0 0 164 227 0
    0 255 0 255 0 255 0 0 0 255 255 15 255 255 0 255 0 111 255 0 50 0
    255 255 45 255 255 0 107 49 148 0 255 0 130 0 255 0 0 255 255 0 0
    255 0 0 255 174 0 255 0 197 255 0 173 255 0 255 0 255 0 255 0 255 0
    255 255 0 255 255 0 255 255 239 255 255 0 255 93 255 23 150 0 255 0
    255 0 255 0 255 0 255 0 22 255 0 134 197 0 131 88 255 255 155 0 161
    89 255 27 0 255 0 218 255 255 255 0 255 255 0 0 255 0 255 255 175
    255 255 0 255 0 0 125 0 0 187 0 255 0 197 0 0 105 255 255 0 255 0
    255 0 255 0 255 255 0 109 117 93 130 0 0 255 0 255 0 138 0 243 255 0
    0 255 255 0 87 0 0 255 255 0 185 0 0 0 143 0 255 0 101 0 255 0 182
    170 0 0 255 125 255 0 255 0 255 0 0 255 45 0 75 0 255 255 225 0 0
    255 255 222 0 255 255 43 20 255 255 0 255 0 255 0 255 0 255 188 255
    0 255 255 0 0 0 255 0 255 255 255 0 255 0 0 255 255 0 0 0 255 0 255
    0 158 118 0 0 190 255 0 0 255 40 255 255 0 255 0 0 255 213 0 211 106
    255 52 0 255 0 0 255 255 255 230 54 0 255 255 0 0 0 255 0 0 255 255
    255 255 0 255 255 255 0 255 255 0 255 0 255 0 255 0 201 0 63 0 255
    255 0 52 255 255 0 255 0 0 255 0 255 0 0 255 0 0 255 89 255 251 0
    255 0 94 0 0 255 0 88 162 255 144 0 255 0 0 255 255 255 0 0 255 0 76
    0 0 52 0 86 253 0 42 0 255 83 0 0 200 0 0 0 0 255 220 255 255 255
    255 141 255 3 193 0 255 0 0 255 255 0 255 0 0 0 255 0 0 255 0 255 0
    140 255 255 255 255 0 255 0 246 0 255 104 0 0 33 0 255 255 91 255
    255 255 0 255 0 255 0 255 138 0 255 255 41 255 0 255 255 0 255 255 0
    171 0 255 255 0 255 0 255 0 0 34 255 0 255 0 0 255 255 0 0 0 94 0
    255 0 0 62 89 255 0 68 0 255 255 0 140 0 0 255 255 255 212 0 255 0
    191 199 255 116 0 255 255 0 255 50 0 255 255 255 0 0 255 255 255 0 0
    255 255 94 255 0 255 0 172 0 255 0 0 255 0 0 0 198 255 0 255 255 0
    175 0 255 255 255 0 83 0 255 0 255 0 0 255 26 10 0 255 0 255 0 255 0
    0 0 0 255 0 255 95 0 255 255 49 0 255 0 255 255 255 0 255 0 255 0 0
    255 0 255 0 255 21 34 0 170 255 255 220 0 255 196 197 255 255 255 0
    255 0 255 255 0 217 255 69 0 255 0 255 255 60 255 255 0 53 255 0 255
    0 255 141 255 1 255 255 0 255 59 255 144 120 255 0 0 0 0 0 255 255
    189 0 255 255 255 0 255 0 255 0 255 255 0 0 255 29 139 0 0 255 0 0
    255 0 0 0 52 45 0 0 0 255 255 255 232 0 0 255 136 255 0 255 0 255 0
    255 187 240 219 0 255 0 255 255 0 0 0 255 0 253 0 255 25 223 255 0
    255 0 255 255 255 123 0 0 255 255 0 255 255 233 198 0 255 255 255
    255 255 255 0 0 255 255 0 255 0 0 255 235 255 252 0 255 0 241 0 184
    0 0 157 255 0 255 0 186 255 255 255 255 0 0 255 255 11 255 15 1 157
    0 0 0 0 255 145 227 0 255 18 0 0 255 252 251 0 0 255 255 0 255 180
    255 0 255 0 255 255 255 255 0 255 0 1 56 0 1 255 0 255 46 255 0 255
    0 255 255 0 255 0 255 189 255 0 255 0 255 0 0 0 0 255 0 255 100 254
    255 255 0 0 179 0 0 75 0 255 224 0 182 255 0 0 255 0 31 42 255 120
    58 0 156 0 187 0 77 0 0 255 0 0 255 255 0 255 255 0 23 0 255 102 60
    0 0 255 10 0 255 255 0 0 255 0 83 255 255 0 255 255 0 91 255 58 124
    0 35 255 0 155 255 0 171 0 255 59 255 0 103 255 255 220 255 255 0
    255 255 238 0 0 255 255 255 0 255 0 255 0 210 0 0 255 255 0 0 255 0
    0 255 0 255 96 0 14 0 255 255 0 0 255 0 255 255 0 255 0 255 0 0 179
    0 255 0 255 255 0 255 0 255 255 0 255 0 255 0 0 255 0 255 255 255 0
    175 255 0 255 255 0 0 96 0 255 0 255 78 255 255 255 0 255 255 0 110
    255 191 0 0 0 108 0 251 0 239 0 255 255 255 203 0 255 0 255 0 255
    255 0 255 0 49 255 0 255 107 255 146 255 0 255 0 0 0 255 0 255 0 0 0
    0 255 0 86 255 0 255 255 197 255 0 0 154 255 0 68 255 0 255 255 46 0
    255 0 255 0 255 0 0 255 255 200 0 255 0 255 0 0 93 185 255 255 255
    194 0 174 0 255 0 255 0 103 255 255 170 0 255 0 255 255 0 255 255 0
    255 255 0 0 255 176 103 255 63 121 0 0 255 255 18 0 255 0 255 0 255
    0 90 255 0 255 255 255 0 255 0 255 255 255 112 255 0 255 0 8 0 255 0
    255 24 0 255 255 255 0 89 5 255 255 0 0 43 255 234 0 255 231 0 255
    255 0 255 0 0 205 0 0 255 55 113 0 39 64 0 41 0 173 255 0 106 0 255
    255 255 0 255 255 4 255 125 102 0 255 255 0 179 158 255 255 0 255 0
    0 255 0 187 92 255 0 0 255 0 255 255 0 255 255 255 0 0 0 213 255 175
    0 66 0 255 255 137 72 0 252 114 0 73 0 66 110 185 0 255 0 0 89 0 255
    67 255 255 128 255 0 255 48 0 255 254 0 255 0 0 59 0 23 255 53 255 0
    157 0 255 0 0 0 116 255 255 0 77 255 0 255 0 0 255 255 0 0 0 255 255
    0 255 0 171 255 0 255 0 255 0 52 198 0 0 0 255 0 255 255 0 28 0 255
    0 111 0 0 255 0 255 0 0 255 0 255 221 0 0 0 0 0 255 118 0 0 255 0
    255 0 56 0 255 192 255 0 0 127 0 0 255 0 182 255 176 0 0 255 0 255
    255 0 255 0 0 255 0 0 0 255 0 147 255 0 0 255 163 0 255 0 0 0 67 0 0
    0 255 255 48 0 255 0 255 17 0 0 255 0 0 255 255 255 0 255 0 0 12 255
    0 0 0 255 0 0 113 0 255 69 0 132 255 255 0 255 0 255 0 0 255 0 0 39
    208 0 255 255 0 255 255 0 255 255 154 0 168 255 0 0 242 255 0 0 0
    175 255 0 255 74 0 255 0 0 255 85 0 255 143 2 0 0 0 0 206 255 0 255
    0 0 5 255 182 0 255 105 255 0 255 0 255 255 42 255 255 0 0 110 255 0
    255 255 26 255 255 0 255 255 0 255 0 255 107 175 0 255 0 255 255 255
    255 54 0 255 0 255 0 255 0 255 0 0 0 255 0 255 0 0 0 0 0 174 0 0 255
    28 0 0 2 52 0 0 0 60 255 12 255 58 255 0 255 0 61 255 206 255 0 133
    0 0 255 0 0 59 255 176 0 255 0 0 255 255 255 0 255 0 255 255 0 255
    106 156 246 0 0 255 0 255 149 0 251 0 143 255 255 0 46 255 0 227 0
    243 0 255 255 0 255 0 0 0 0 153 255 0 255 24 255 255 86 0 255 255
    220 0 0 0 255 60 255 0 255 255 255 233 0 158 255 255 255 0 203 0 255
    239 0 57 0 255 158 255 255 0 0 255 223 0 255 0 255 255 255 0 0 0 17
    255 0 0 0 255 5 0 255 0 255 255 0 150 187 211 255 255 0 255 255 14
    255 118 0 0 255 0 0 0 255 255 255 0 255 0 198 0 0 0 90 144 0 25 127
    204 255 0 255 0 255 255 0 255 255 255 226 0 255 16 0 0 255 0 216 255
    0 255 0 255 0 255 249 0 255 163 255 0 0 0 211 255 0 255 23 14 255 0
    134 0 0 255 255 0 132 0 78 126 255 255 251 0 0 255 255 255 255 0 0 0
    255 0 255 255 255 0 0 51 0 255 195 255 0 255 255 0 255 0 0 255 255 0
    255 202 255 0 255 0 210 0 255 255 255 0 192 0 188 0 255 0 220 255 0
    0 255 0 0 255 255 0 0 255 0 0 255 0 0 255 0 0 255 0 255 0 255 248
    255 255 255 0 8 255 0 255 0 0 255 62 0 242 255 0 252 0 0 0 0 62 255
    0 255 255 255 255 0 0 153 255 0 255 255 0 255 0 0 46 255 7 0 255 120
    0 0 255 0 0 255 0 0 0 83 0 255 255 255 0 255 255 0 255 255 0 255 240
    255 0 255 255 0 255 0 255 0 255 13 255 0 0 255 255 255 0 255 0 255
    255 0 10 255 0 85 103 255 0 0 0 255 0 0 0 0 255 0 255 203 88 255 0
    56 108 0 255 0 255 174 0 255 13 6 0 255 255 123 201 0 255 0 255 255
    0 167 186 0 255 0 255 0 255 0 255 0 255 230 255 0 0 115 255 0 1 255
    0 255 255 255 255 152 0 0 0 59 250 0 0 0 255 125 255 0 255 0 145 255
    255 255 0 255 0 255 255 0 7 0 0 255 255 255 255 167 112 255 0 0 255
    255 157 0 0 255 0 255 255 0 45 255 0 255 0 123 255 255 0 0 255 213 0
    54 0 0 255 19 0 0 255 157 0 128 0 255 255 0 255 255 255 0 255 0 0
    255 255 255 255 0 255 255 0 0 0 255 255 0 255 0 255 0 120 255 0 255
    255 255 0 0 255 158 0 0 255 255 0 255 255 255 255 0 255 0 0 255 13
    255 255 157 0 0 0 180 255 0 255 0 247 0 255 251 0 255 255 255 0 255
    0 0 0 2 151 255 255 255 0 0 0 0 255 255 0 0 255 0 255 0 101 255 0
    255 0 0 134 0 162 0 0 255 0 255 0 255 0 245 255 0 255 0 0 255 0 255
    165 53 255 255 0 0 227 255 255 0 0 255 255 199 255 0 255 255 234 255
    0 255 0 255 255 255 40 0 0 255 0 255 117 255 255 0 255 255 0 255 239
    247 0 0 80 0 0 255 0 0 0 0 170 255 200 178 0 255 255 0 255 255 0 0 0
    255 255 255 236 255 0 93 255 255 187 255 0 255 255 255 0 0 232 0 39
    0 105 0 0 0 255 0 63 255 190 0 0 78 255 0 0 255 0 87 0 255 255 0 255
    255 0 0 255 0 255 0 255 0 156 57 248 255 234 0 255 0 255 71 255 255
    255 255 0 255 81 209 32 0 255 255 0 0 255 0 208 255 0 255 0 255 0
    255 0 255 0 56 255 0 0 0 109 98 0 255 227 0 255 0 255 0 19 255 0 255
    62 255 255 0 223 0 0 255 0 255 255 109 67 0 0 0 73 255 107 0 255 255
    0 255 0 255 0 255 0 255 255 0 226 245 0 0 255 30 255 170 0 255 0 80
    0 255 255 0 255 0 255 0 0 0 255 0 255 255 0 255 255 0 0 255 255 0
    197 255 255 0 140 0 0 0 255 0 139 216 59 255 127 0 255 0 255 0 74
    159 0 0 255 0 219 255 73 255 0 255 0 255 255 0 196 0 31 0 0 0 26 255
    255 34 255 255 0 255 136 255 0 255 0 255 255 255 0 255 93 255 0 0
    255 255 255 255 0 255 0 255 255 0 255 0 240 21 255 255 0 152 0 0 172
    0 0 255 0 255 0 255 0 111 157 0 9 0 0 255 255 0 255 0 159 0 255 255
    82 0 255 255 232 255 0 255 255 0 255 0 0 255 0 255 0 0 118 255 0 255
    0 251 0 255 255 254 0 0 255 0 0 255 0 255 233 0 255 0 255 0 211 255
    96 255 0 0 255 255 0 255 115 255 255 0 255 0 37 0 208 185 236 255 0
    219 255 156 0 35 255 255 0 0 0 230 0 255 0 255 255 0 255 0 75 0 248
    255 255 0 255 255 0 0 87 0 255 255 255 0 0 255 0 255 255 255 255 0
    97 0 255 0 255 146 214 255 0 255 209 0 0 255 0 0 255 255 0 225 255
    255 255 0 0 255 238 255 66 193 255 255 0 0 255 0 0 0 0 255 255 0 255
    0 214 0 255 133 255 131 209 255 0 26 0 0 0 255 0 102 0 255 0 255 0
    255 0 255 132 0 255 124 0 255 255 100 255 0 255 0 180 255 255 236 62
    0 255 0 255 0 255 255 0 0 0 46 0 0 156 0 255 213 0 63 255 176 15 0
    255 255 0 0 0 255 0 0 0 255 0 2 255 255 255 255 0 0 255 0 255 0 255
    55 0 255 0 255 0 255 0 255 4 255 0 255 255 255 255 0 163 255 0 255 7
    0 255 255 0 255 0 0 185 255 255 255 255 255 0 255 0 148 255 185 0
    255 0 255 255 255 0 255 255 114 0 255 0 255 255 0 51 0 71 255 0 255
    0 123 229 255 0 0 255 14 0 0 255 0 255 255 0 251 0 255 0 0 255 0 128
    255 255 0 0 255 255 0 255 0 255 0 0 255 255 0 120 255 30 234 0 0 109
    0 109 0 0 255 0 255 0 255 255 255 132 105 255 0 255 255 255 255 4
    255 0 0 0 255 123 0 255 84 255 0 255 61 138 0 255 255 255 96 0 255 0
    0 0 0 255 248 0 130 255 255 0 0 255 255 255 0 255 0 255 0 255 0 255
    0 255 0 241 102 0 0 255 14 0 255 255 250 255 20 222 255 255 255 255
    37 90 255 0 255 255 255 0 0 255 255 0 255 0 255 0 77 0 152 0 0 0 255
    0 0 255 255 255 0 0 255 166 0 0 255 97 255 0 255 0 255 255 3 255 255
    255 0 255 0 255 0 110 255 0 0 0 255 0 255 255 0 255 79 255 220 255
    56 255 0 255 193 255 0 255 255 255 0 255 0 255 255 0 0 255 255 0 255
    0 0 255 255 132 255 0 0 255 0 0 0 255 0 255 0 39 255 0 255 255 0 0
    172 194 0 0 0 255 0 255 0 0 255 255 0 148 0 0 0 255 24 0 255 0 0 255
    255 0 197 79 0 0 0 0 0 207 255 139 0 255 0 0 109 0 255 0 255 0 255 0
    255 0 216 255 0 255 0 255 204 255 0 225 255 255 39 0 255 255 0 255 0
    255 0 203 209 0 255 0 255 106 255 0 7 255 0 255 0 255 0 0 255 0 82
    255 0 0 255 0 255 189 0 255 0 255 0 131 228 0 255 255 0 255 0 0 255
    41 255 0 0 0 255 31 180 0 255 28 204 255 49 0 255 255 0 255 0 0 255
    0 0 0 0 255 0 255 0 255 255 255 255 0 0 222 0 255 106 0 255 175 0
    255 0 240 0 255 67 213 0 255 255 34 255 217 1 230 206 0 0 138 0 255
    0 255 85 255 0 255 45 0 0 0 255 0 0 255 211 0 0 255 0 255 0 98 255
    255 255 255 0 0 255 0 255 136 77 0 255 0 22 142 0 72 255 191 0 255
    255 0 0 255 0 0 255 208 0 255 0 245 255 255 255 255 0 255 228 0 255
    255 255 255 0 117 255 0 255 23 0 0 255 255 0 255 212 0 255 0 255 0
    255 255 0 255 255 255 0 0 255 241 114 166 60 0 255 197 0 0 255 255 0
    255 255 0 255 0 0 255 0 0 0 255 255 255 0 13 255 176 0 255 17 0 255
    255 0 255 255 0 0 0 0 255 231 0 0 255 0 0 255 255 57 0 255 117 0 7 0
    255 0 255 255 225 255 253 34 0 255 0 255 255 0 0 255 0 245 255 255 0
    255 0 0 255 0 255 255 255 0 255 255 0 0 255 255 192 0 255 208 137 0
    255 0 255 0 0 255 255 0 255 0 98 255 0 186 0 255 255 0 157 255 0 255
    160 0 255 0 255 0 0 59 255 102 255 0 255 0 255 0 255 82 255 144 255
    255 0 0 255 255 0 9 0 3 0 255 103 255 37 255 85 65 255 255 0 104 255
    132 255 0 255 255 188 0 255 0 255 255 255 0 210 0 255 255 0 0 0 0 0
    255 255 0 0 58 95 0 255 255 0 0 255 255 0 255 0 255 0 173 8 219 255
    0 255 92 209 255 255 0 0 0 0 0 255 162 0 255 0 255 0 255 0 255 255 0
    255 0 255 0 0 255 217 255 0 0 255 192 0 255 255 63 222 0 255 255 0
    30 255 0 0 148 255 84 0 255 0 255 0 66 0 0 0 255 255 0 0 255 243 0
    255 93 51 0 0 255 52 91 0 255 255 0 255 255 1 11 0 0 255 255 51 255
    0 255 255 0 255 192 0 255 255 255 0 0 255 255 21 0 85 255 129 0 255
    0 0 255 255 0 0 255 235 255 0 255 115 0 60 255 0 161 255 255 255 0 0
    210 0 255 0 0 255 55 0 255 201 255 0 6 255 0 255 255 0 255 255 0 90
    255 255 0 255 255 0 255 0 206 0 38 0 255 0 0 0 202 146 255 255 255
    158 255 0 175 255 255 0 0 230 0 118 0 58 255 0 0 255 0 0 0 0 0 255
    255 0 0 185 0 168 165 255 0 255 0 0 255 0 255 0 255 255 0 95 0 255
    255 0 20 255 205 255 0 255 50 255 255 255 255 0 255 0 255 255 74 255
    0 0 0 255 232 0 0 255 0 254 13 9 0 255 255 255 19 0 255 255 0 255 0
    255 255 255 255 0 202 0 0 255 111 202 255 0 0 0 255 0 255 162 255 0
    74 255 0 0 255 0 0 255 85 255 0 255 88 0 0 0 0 0 255 255 0 255 255 0
    126 66 0 141 255 255 0 255 141 0 0 255 0 255 0 255 255 0 255 0 76
    119 255 0 0 255 0 255 0 0 0 255 0 255 255 0 0 255 0 0 255 89 0 255 0
    255 137 0 255 0 255 255 0 255 189 0 255 0 189 0 227 0 255 0 123 255
    0 255 255 0 236 0 255 104 0 0 255 0 3 137 0 255 30 236 0 255 0 255 0
    0 0 235 88 255 0 0 119 0 255 169 0 0 255 0 255 0 255 0 255 146 0 0 0
    0 255 0 255 0 255 65 228 0 255 0 0 255 0 0 137 255 255 0 255 0 60
    255 0 255 255 0 255 0 63 59 255 19 0 173 255 0 255 0 255 0 255 104
    255 255 255 0 0 195 255 0 0 255 21 0 255 255 0 255 0 90 223 84 33 0
    0 130 227 0 0 0 0 0 255 0 0 255 255 0 255 199 4 0 255 0 0 0 255 0
    255 172 0 255 0 156 241 255 0 156 255 0 255 0 0 255 255 0 0 97 0 255
    133 200 0 255 0 255 0 255 137 0 0 170 164 255 255 174 255 255 255 0
    69 232 214 255 143 255 0 0 98 255 0 0 178 0 255 0 255 255 0 255 0
    255 160 31 255 171 224 147 255 255 0 255 197 255 255 35 255 255 255
    0 44 0 255 146 255 0 0 255 59 255 255 255 0 0 0 0 0 255 255 225 197
    255 255 0 255 255 0 255 52 0 241 255 255 255 0 0 255 0 255 0 255 255
    8 0 0 255 0 255 0 255 0 255 255 0 0 255 255 0 0 55 255 255 0 0 0 255
    72 0 255 255 0 255 0 255 0 219 0 107 255 255 0 0 0 255 0 255 0 255
    255 255 0 255 255 29 255 0 255 0 243 216 0 249 0 255 0 255 0 87 255
    0 0 255 0 0 255 191 0 197 255 61 150 0 255 255 94 0 255 103 0 13 0
    255 255 255 255 255 0 0 255 255 0 0 255 246 206 0 255 0 0 234 255
    255 0 255 255 0 255 255 255 0 255 0 255 0 0 0 34 255 0 255 0 255 0
    255 159 0 255 224 0 0 255 0 255 0 255 0 0 255 0 0 165 255 93 255 255
    0 0 0 255 255 195 0 65 0 0 76 255 255 0 255 0 146 0 0 0 0 255 177 0
    0 255 0 224 255 255 0 255 255 103 0 0 121 255 255 0 0 255 255 0 255
    0 0 255 0 19 255 0 0 255 0 0 0 0 0 255 0 0 255 0 153 0 255 0 255 0
    255 255 0 0 255 209 29 92 134 63 255 0 255 0 255 0 0 234 255 128 0
    247 0 0 0 255 0 255 16 255 0 0 0 150 255 16 255 120 255 0 255 255 0
    255 225 255 0 0 255 25 0 255 0 227 255 255 0 255 255 0 0 255 163 243
    0 0 255 0 255 0 50 102 255 0 255 101 0 255 0 148 255 0 0 0 255 69 0
    255 255 255 88 0 0 255 0 255 0 255 207 0 0 97 0 255 5 255 0 255 255
    255 0 255 0 255 0 0 255 0 238 255 41 0 255 255 114 255 0 255 246 0
    255 0 255 0 255 255 255 0 0 255 52 57 0 255 0 0 255 156 0 255 0 0
    255 0 255 255 0 255 0 255 0 16 248 0 0 0 255 0 255 255 255 0 255 0
    130 255 255 189 0 255 255 0 255 255 0 29 255 0 255 255 0 255 255 19
    255 255 166 177 255 255 0 0 255 174 255 0 255 0 0 255 0 0 255 0 64 0
    44 255 255 0 255 255 0 0 255 0 255 255 0 255 70 255 255 0 122 255
    207 0 255 0 143 255 255 255 0 0 0 255 255 0 201 0 255 135 13 0 0 0
    255 248 0 255 255 0 129 0 255 0 0 124 255 255 255 222 88 0 226 255
    50 255 0 255 0 0 0 255 0 0 255 85 0 255 0 255 0 0 0 176 255 0 0 0 0
    255 0 0 255 255 255 0 0 255 255 249 80 0 255 255 0 255 124 82 3 0
    255 255 0 255 0 0 0 0 0 255 152 187 0 255 100 255 168 0 255 0 34 0
    146 255 255 0 255 254 6 51 143 255 255 0 255 255 122 0 146 163 0 255
    255 93 0 205 255 0 0 255 255 0 0 255 255 0 11 0 245 0 255 0 255 255
    0 198 0 255 255 255 255 255 0 0 255 255 255 0 0 0 255 245 96 255 0
    255 61 0 255 0 0 24 90 255 255 0 255 255 0 255 0 255 187 255 255 255
    49 255 255 207 255 0 255 0 255 255 0 0 255 0 255 255 0 0 255 51 0
    255 0 111 224 37 0 0 0 255 163 0 0 255 255 0 255 0 208 255 95 111 70
    0 255 0 0 0 255 255 62 255 255 0 0 255 255 0 255 0 255 255 0 0 255
    131 255 0 44 255 0 122 255 0 230 0 255 255 48 80 255 89 255 255 255
    0 0 0 255 0 0 255 255 139 0 255 0 255 0 0 255 255 0 0 255 0 85 255 0
    255 255 0 255 0 0 255 0 0 255 0 255 0 48 255 68 0 255 176 255 0 255
    230 190 255 0 255 0 64 189 0 255 0 0 0 255 0 0 255 0 255 0 92 58 201
    0 255 0 255 255 0 255 96 255 0 255 0 0 189 255 0 255 0 132 33 0 0
    109 0 212 255 0 255 186 0 255 32 173 0 0 255 1 129 2 255 0 0 255 255
    0 255 0 255 255 0 255 62 0 255 132 36 23 0 255 0 255 255 255 0 0 0
    174 13 255 255 0 0 114 255 56 255 0 104 0 0 255 255 255 0 255 13 0
    255 0 47 0 255 0 255 255 0 255 0 255 167 0 255 0 255 0 255 0 0 255
    255 112 140 159 255 255 255 0 255 162 255 0 255 0 255 255 71 0 0 0
    255 255 0 234 255 255 0 255 255 0 255 255 0 179 3 187 255 0 255 179
    255 255 209 255 0 0 131 255 0 255 174 0 41 0 255 255 0 190 255 184 0
    255 0 0 255 0 255 0 255 0 255 215 255 0 0 255 0 104 255 139 0 143 0
    255 0 255 47 255 0 255 0 255 255 0 96 255 0 255 255 0 246 255 0 0
    255 255 255 39 255 255 0 123 5 255 0 198 0 255 0 255 0 0 255 255 0 0
    0 255 0 0 255 0 255 28 6 255 255 255 57 51 255 255 255 0 255 126 0 0
    255 145 255 0 217 255 0 255 0 135 0 255 0 0 0 255 255 132 255 176 0
    0 231 0 92 0 0 0 255 255 0 0 255 0 0 0 255 149 0 183 0 0 225 0 255
    255 0 255 0 0 0 255 0 255 255 0 255 255 255 0 255 0 255 255 255 255
    0 255 255 0 0 255 0 148 0 255 255 255 0 0 0 255 0 255 124 255 0 255
    0 255 0 149 0 255 0 255 0 0 0 0 228 158 0 255 0 0 255 0 0 0 255 0 0
    255 8 255 255 0 255 0 0 238 0 0 255 0 0 255 0 255 0 255 161 0 255 0
    255 0 0 0 0 255 0 255 0 255 59 255 255 0 143 0 255 255 0 63 0 0 255
    0 255 36 0 0 255 158 255 0 255 31 147 255 168 0 0 255 0 255 0 255 0
    103 255 0 0 255 0 255 0 255 255 0 255 0 0 69 165 255 0 222 255 180
    255 0 255 187 0 255 0 150 255 255 0 255 0 255 0 0 152 255 0 255 255
    255 255 255 0 0 119 255 0 0 255 0 255 0 120 255 0 0 0 255 255 0 0 0
    185 0 255 200 255 0 255 62 255 64 255 120 0 121 125 0 255 0 255 0
    255 0 255 120 0 159 0 0 0 142 0 255 255 0 0 255 0 255 0 255 255 255
    0 255 255 0 255 0 28 255 255 0 0 255 0 0 0 255 0 0 255 255 193 255 0
    255 255 0 255 220 0 255 132 0 255 213 255 0 255 0 255 0 154 0 255 0
    0 255 30 255 0 0 255 255 0 62 0 184 255 0 255 255 44 255 0 61 255
    255 132 157 255 0 255 0 0 255 0 255 255 222 160 255 58 0 255 0 0 255
    68 255 0 0 255 134 255 255 0 0 255 0 255 0 195 255 0 255 0 255 255 0
    255 245 255 0 0 0 71 48 0 62 0 255 0 190 22 255 255 0 0 255 234 255
    132 0 0 255 0 0 0 255 226 255 0 255 255 33 255 0 255 0 255 255 0 1 0
    0 255 0 255 223 0 255 255 255 255 41 102 0 255 0 171 0 28 255 0 174
    255 0 255 255 0 0 0 255 255 0 255 0 0 255 0 0 0 255 0 121 46 255 255
    0 149 255 0 0 0 76 255 255 0 207 255 0 255 0 0 255 0 255 255 186 67
    255 0 167 0 185 73 194 255 0 255 255 255 255 0 255 255 255 0 255 255
    255 255 0 255 217 255 255 0 230 255 255 0 255 246 0 0 255 42 0 90
    255 0 0 255 0 191 0 0 255 255 0 50 255 239 78 0 126 0 255 0 0 242 45
    68 255 255 255 0 132 0 133 0 204 243 0 0 255 255 0 0 255 0 255 0 255
    0 255 255 0 255 0 255 0 0 0 255 0 0 0 0 126 0 255 0 255 255 0 0 255
    255 2 0 0 255 0 0 0 255 0 0 0 255 0 255 197 192 255 255 0 0 128 255
    255 149 51 0 255 171 0 255 0 0 147 0 255 255 0 0 255 0 54 255 82 255
    255 0 0 249 255 114 0 0 255 255 0 0 0 0 255 0 0 255 255 0 255 0 0 0
    16 96 15 0 255 255 0 255 0 255 0 255 0 0 255 0 14 255 0 255 0 54 138
    0 115 0 255 0 255 0 201 255 0 0 255 0 0 255 255 255 0 0 255 0 84 255
    0 255 16 255 196 255 255 26 0 255 0 255 234 0 192 255 0 0 255 0 0 0
    255 26 255 255 255 255 44 0 0 255 0 255 255 0 255 255 0 255 248 0 54
    0 255 255 0 0 255 0 0 255 255 0 255 0 0 255 0 255 255 235 199 255
    255 255 0 255 0 255 255 0 255 0 255 0 255 255 85 0 0 0 166 201 0 255
    255 0 255 201 255 71 255 60 0 0 255 151 255 73 0 255 0 189 0 255 255
    255 0 255 255 255 255 255 0 255 0 255 0 255 255 0 125 255 255 0 0 0
    255 0 0 255 0 255 255 0 0 90 255 0 0 0 180 0 255 182 255 0 255 241
    116 255 255 45 0 0 0 255 0 255 207 255 255 0 0 0 255 97 0 175 255 0
    255 255 0 0 0 255 37 255 0 255 215 130 0 0 255 0 255 0 0 52 255 255
    0 0 255 0 255 219 0 170 255 0 0 0 255 0 157 90 255 0 255 255 0 0 255
    255 95 255 255 255 0 255 0 255 0 0 255 0 0 0 0 255 0 255 255 0 254 0
    255 0 241 255 0 119 0 255 197 255 0 255 0 255 0 21 255 0 12 0 193
    255 255 255 0 50 255 0 0 255 15 0 207 255 0 0 255 19 255 255 255 255
    0 0 255 0 255 0 255 70 0 210 0 255 0 0 255 255 0 132 255 255 255 0 0
    105 204 0 0 255 255 156 255 0 193 0 255 190 0 255 0 191 92 124 190 0
    255 197 0 255 236 255 101 0 255 0 255 255 0 255 0 125 0 157 0 17 0
    251 0 0 255 0 0 255 0 255 255 0 255 0 255 255 0 77 255 0 0 0 136 0
    255 0 203 0 15 255 0 255 16 0 255 0 255 0 255 0 0 255 255 0 0 255 61
    255 0 255 255 255 0 55 0 255 232 151 255 0 0 0 0 255 255 61 58 255
    108 0 221 0 255 0 0 0 0 255 255 0 0 0 255 143 255 255 0 255 190 111
    0 0 255 0 35 0 128 28 255 0 0 57 255 0 255 255 0 255 255 255 0 0 255
    255 255 255 0 255 0 0 255 0 123 201 0 255 0 0 0 255 0 87 0 255 0 0
    255 255 0 0 255 255 109 0 255 0 0 255 0 255 191 148 0 63 151 255 255
    82 0 255 255 0 255 0 255 255 0 255 42 255 0 255 242 0 0 255 0 255
    255 0 0 255 0 240 0 133 133 0 255 0 0 130 0 255 0 255 72 255 0 0 85
    255 150 255 0 255 255 0 255 0 0 0 0 0 255 115 125 0 0 255 0 0 0 255
    0 0 176 255 0 60 0 0 218 255 0 255 0 0 255 255 0 0 0 0 255 255 0 0
    255 0 255 255 0 255 0 0 255 0 255 0 255 0 81 181 0 255 184 194 255
    255 5 0 0 0 0 255 255 255 0 255 255 0 0 255 0 255 255 0 255 255 0
    255 0 255 0 0 255 0 0 255 0 255 0 255 207 0 0 22 255 255 255 0 255
    255 0 245 255 215 255 255 0 0 255 0 255 255 0 0 0 255 255 255 255 0
    255 120 255 0 255 125 0 255 0 255 246 255 255 0 0 255 213 255 156 41
    223 32 255 255 0 255 255 0 255 0 0 0 255 255 0 255 0 255 0 0 255 0
    255 81 0 10 255 0 0 255 0 0 120 177 255 255 255 0 0 255 0 255 0 0 13
    255 108 255 255 0 243 0 255 0 255 145 255 255 0 131 255 0 255 175 0
    255 0 246 255 0 255 255 145 0 64 196 0 0 255 152 98 174 255 0 255 35
    67 255 0 255 255 25 255 255 255 1 0 252 255 255 255 255 255 0 255 0
    0 0 255 255 0 0 255 203 0 255 0 226 0 131 0 255 255 241 0 247 17 255
    0 255 0 255 255 255 0 0 255 0 255 255 255 0 255 255 18 255 0 0 255
    173 255 0 0 0 0 0 255 255 255 0 0 255 137 72 255 255 0 251 0 255 255
    0 255 255 255 0 255 0 255 0 49 0 255 255 255 210 0 255 159 0 0 153 0
    255 255 0 0 255 0 0 246 0 255 255 0 255 0 255 196 0 97 0 0 7 0 168
    239 0 255 0 0 0 0 0 0 0 0 255 0 255 255 0 0 195 0 0 255 216 0 255
    255 0 62 24 0 0 0 255 0 255 0 0 0 0 0 255 0 0 240 69 255 255 168 255
    255 255 128 255 0 0 255 0 0 255 255 255 0 0 255 0 255 0 255 0 255
    255 201 255 255 255 0 255 255 255 0 255 255 255 255 255 0 255 0 255
    139 204 0 255 0 255 0 0 255 0 255 0 217 255 47 48 255 115 255 0 25
    255 0 0 0 0 0 85 108 255 0 255 0 255 255 0 0 173 0 255 252 0 0 0 255
    0 255 255 0 250 255 0 255 255 0 0 255 0 255 255 0 0 255 255 0 0 255
    0 170 0 255 255 255 0 0 255 255 0 255 0 255 0 255 0 0 75 255 255 255
    61 0 255 0 255 0 0 0 0 198 255 0 0 255 158 255 34 255 0 0 255 229
    255 89 38 255 0 0 0 0 149 255 0 255 255 0 0 208 255 0 0 0 15 255 0 0
    0 76 255 0 255 255 255 0 31 255 0 255 17 25 255 0 255 0 255 0 33 0
    255 255 186 191 26 0 255 255 6 255 0 255 0 255 0 176 121 126 255 30
    255 0 255 0 255 0 109 255 0 255 0 0 255 255 244 77 0 255 0 255 255
    135 89 255 255 0 255 255 96 255 0 255 4 255 255 0 170 0 159 0 0 0 0
    0 0 0 255 255 255 62 0 0 255 255 0 255 216 0 181 255 0 148 255 0 0
    255 255 255 0 255 0 119 255 0 96 255 217 0 255 255 0 255 0 255 67
    255 0 145 255 255 125 5 0 255 250 255 255 0 255 109 255 0 0 255 255
    207 255 255 255 0 255 0 0 0 255 255 0 255 255 0 255 0 255 0 255 0
    195 167 0 255 227 255 0 255 255 0 74 1 250 255 255 0 255 0 255 255
    255 0 255 255 0 231 0 215 0 255 16 255 0 0 255 255 255 0 0 255 255 0
    145 255 0 255 255 0 0 255 0 110 0 255 255 0 35 0 0 0 255 0 0 0 100
    255 0 0 0 255 178 0 255 0 195 0 0 0 0 166 167 245 255 255 41 0 255 0
    5 255 0 0 255 0 0 255 0 108 255 0 255 255 0 0 255 255 255 255 189
    255 0 255 255 0 255 0 0 255 255 0 255 0 255 0 255 0 255 0 0 255 45
    81 255 0 255 0 255 0 0 255 36 255 0 255 0 255 22 25 0 190 0 0 0 150
    105 0 255 155 0 255 116 0 23 255 0 97 0 255 255 0 255 255 0 255 0 0
    250 0 255 0 215 255 255 0 0 0 255 168 65 0 255 0 0 255 255 0 255 0 0
    255 255 42 0 102 0 0 255 0 255 0 255 0 255 0 0 0 255 21 0 255 0 255
    0 0 0 255 0 255 255 0 0 255 208 32 0 255 255 255 0 164 0 255 0 0 26
    255 0 0 255 255 0 255 174 255 0 255 0 0 255 0 75 0 255 1 60 255 0 0
    255 0 0 255 255 255 50 0 0 255 255 77 255 0 255 0 0 0 0 36 0 255 0 0
    255 0 255 129 0 255 0 255 255 140 0 255 255 0 122 255 255 234 34 238
    255 255 255 255 0 0 255 255 0 40 200 255 255 255 128 0 0 8 255 255
    255 6 0 255 90 0 0 0 33 255 0 255 255 73 255 69 255 0 255 0 255 0
    255 255 0 0 255 0 68 0 0 0 0 0 0 5 255 217 50 186 255 0 0 255 0 255
    0 0 86 255 255 255 0 222 51 255 0 26 38 255 255 187 237 255 0 224 0
    0 0 0 255 255 255 0 255 0 0 0 0 122 17 34 70 0 255 0 255 0 0 244 0 0
    255 0 76 167 0 255 255 255 255 255 172 255 255 0 104 0 255 0 255 63
    0 255 0 0 255 255 0 0 255 0 255 113 12 0 255 214 0 255 131 0 0 59
    255 255 0 255 206 255 255 255 154 0 0 255 84 26 255 255 0 255 0 255
    0 0 239 0 255 0 0 54 181 188 255 0 255 0 255 0 255 255 6 255 0 255 0
    129 255 0 129 255 177 0 255 0 0 0 255 0 0 255 255 0 0 255 0 127 184
    0 255 0 255 175 255 0 255 0 255 255 181 255 0 1 0 255 25 255 14 0
    234 255 108 210 0 198 255 255 0 255 214 33 0 39 255 0 0 255 0 0 0
    255 255 255 0 201 0 0 255 0 255 255 127 106 255 0 177 96 255 0 0 140
    0 255 0 255 255 0 255 0 0 0 0 255 0 0 0 255 0 255 255 146 244 37 0
    255 255 255 105 255 0 0 255 0 255 0 0 91 255 0 77 255 0 255 255 255
    0 255 0 255 54 0 255 255 255 0 0 0 255 0 255 0 255 142 255 255 230 0
    160 0 0 186 255 0 255 197 0 0 255 255 0 0 0 255 0 255 255 107 0 255
    0 214 255 0 255 0 0 0 255 55 0 255 255 192 255 255 193 0 0 255 0 255
    255 246 241 255 200 202 255 0 0 195 0 0 255 255 255 33 0 0 4 255 111
    255 0 0 0 0 255 0 255 0 251 0 2 254 87 99 255 0 255 255 79 0 206 0
    173 0 255 255 0 255 255 0 255 0 255 234 255 0 255 0 117 0 182 255 52
    255 0 255 255 0 255 0 143 255 0 255 0 255 255 0 255 255 0 0 255 0
    255 0 25 255 0 255 17 0 255 0 0 255 0 131 0 0 255 255 102 134 0 0
    255 255 255 0 255 140 164 0 211 0 255 210 0 48 255 255 0 0 132 255
    61 255 255 255 0 0 0 255 255 0 0 0 153 0 255 0 0 255 255 255 0 10 0
    90 84 255 35 0 255 0 255 255 255 0 255 0 0 255 0 0 173 255 46 0 255
    255 255 255 0 255 0 255 0 255 0 255 0 240 255 85 0 255 255 129 0 255
    0 255 0 0 0 255 173 125 33 255 0 21 255 0 255 255 0 255 255 0 0 0
    255 209 255 255 255 75 255 0 255 255 0 255 255 0 255 0 255 0 255 104
    0 255 0 255 98 255 124 0 255 0 0 255 198 0 200 255 107 0 66 0 0 5 0
    0 255 0 255 0 0 255 255 255 0 255 0 0 229 255 0 250 255 255 91 255 0
    255 0 255 255 0 79 255 0 255 139 0 0 255 0 0 255 255 255 0 0 255 29
    255 255 0 35 255 0 255 0 255 0 255 255 255 0 255 255 0 0 0 255 0 255
    255 255 0 47 100 0 255 0 255 0 255 0 255 116 255 0 44 0 117 6 0 0
    255 0 255 0 255 0 255 94 255 255 0 0 121 255 0 255 255 0 0 0 0 0 0 0
    255 141 41 88 0 255 0 235 253 255 47 0 255 0 117 130 0 1 255 255 0 0
    255 255 0 147 117 0 255 255 255 0 255 255 14 115 0 134 218 255 133 0
    170 210 0 0 255 0 253 0 255 145 255 0 0 255 255 0 0 0 0 255 0 0 255
    0 255 255 255 255 0 255 53 255 0 0 0 255 28 0 0 203 163 255 0 0 61
    255 0 0 255 0 79 0 0 255 0 0 255 0 255 0 0 0 0 255 0 173 0 255 0 72
    13 255 0 98 255 0 255 0 149 30 125 254 0 0 0 0 255 0 255 255 0 0 255
    0 0 255 0 57 255 227 255 255 255 30 255 0 0 0 0 0 203 255 0 255 0 0
    0 255 211 120 255 255 0 229 0 255 0 0 255 0 51 255 0 56 255 0 0 255
    255 239 63 0 255 92 204 43 145 115 206 255 255 255 232 255 0 227 207
    0 113 255 0 0 255 119 139 0 41 48 255 0 255 0 0 255 0 255 0 106 0
    198 0 255 0 255 255 0 0 255 0 0 0 45 255 255 0 255 175 0 255 0 0 255
    0 0 255 0 0 255 255 255 2 255 0 255 255 0 234 0 255 0 255 0 255 0
    255 0 255 233 255 0 146 146 63 255 0 175 255 0 255 0 255 255 0 0 60
    255 0 255 48 255 0 20 255 0 255 0 255 0 0 251 0 255 170 0 0 255 255
    255 0 255 0 0 255 34 62 255 255 216 0 135 0 25 255 0 255 0 0 0 255
    230 0 255 0 0 255 0 0 225 255 255 0 214 255 255 0 255 0 255 0 255
    255 0 0 255 0 255 5 255 0 0 255 0 255 101 0 255 12 0 255 0 0 255 255
    0 255 255 0 255 255 0 255 84 240 18 255 0 255 0 255 255 255 255 255
    0 142 159 255 255 0 255 0 255 0 255 114 255 255 176 0 0 255 0 255
    255 188 0 255 255 0 201 209 255 0 255 0 0 229 0 255 255 0 105 255 0
    0 0 0 255 255 0 142 255 0 102 0 255 255 0 0 0 255 0 255 255 242 0
    255 255 0 255 0 155 255 69 0 255 120 0 116 126 255 255 255 0 255 255
    198 110 218 0 255 0 255 255 255 255 255 0 0 0 255 15 160 0 255 255 0
    5 0 255 255 255 255 0 11 0 255 255 0 53 255 255 116 255 0 62 10 0 0
    0 0 0 0 255 0 1 255 0 129 255 255 212 255 0 255 255 255 0 255 4 10
    255 0 0 255 255 255 0 0 0 255 255 0 109 255 8 0 146 100 255 255 140
    0 255 0 0 0 255 255 0 95 255 242 255 180 0 255 0 0 255 255 255 255
    85 213 0 255 0 0 207 255 255 255 0 255 0 255 0 0 154 0 255 255 0 255
    1 0 124 0 70 0 0 255 0 255 0 218 7 255 1 211 255 255 255 0 255 0 255
    0 255 201 255 0 0 162 255 0 255 0 182 0 0 255 0 0 0 255 0 0 255 0
    255 0 255 62 68 255 255 255 0 255 10 0 0 255 0 0 0 255 0 0 255 0 255
    255 0 0 0 255 0 255 255 202 255 15 255 0 0 255 0 255 255 0 0 255 77
    160 0 255 106 255 0 255 0 255 255 0 255 0 255 255 102 0 255 69 83 0
    0 208 255 0 0 1 255 255 255 0 255 0 0 255 250 0 255 0 47 255 255 0
    255 0 0 255 255 0 255 255 0 0 56 0 0 255 0 255 0 0 255 0 255 43 0 0
    255 0 8 255 92 255 91 0 0 255 255 0 255 0 255 255 0 183 255 255 0
    181 255 0 255 255 255 7 255 0 40 255 0 255 0 255 255 255 0 0 35 255
    255 0 0 185 255 189 255 255 255 0 126 0 0 255 0 255 0 255 255 0 255
    0 0 0 255 0 255 255 0 0 221 0 33 0 255 0 0 255 230 255 0 0 26 178
    255 0 255 255 0 255 0 255 0 255 0 0 255 255 255 0 0 0 255 0 255 0
    255 0 255 0 0 0 255 0 0 47 0 255 0 255 0 231 0 0 51 255 0 255 0 255
    255 255 0 255 49 255 0 178 0 255 0 0 255 250 255 0 255 0 255 0 81 0
    0 221 255 0 0 255 255 129 121 0 255 255 0 255 0 255 0 255 0 27 0 0 0
    255 75 255 255 0 255 0 255 0 255 0 255 0 0 0 255 94 0 157 255 0 255
    0 255 80 0 254 0 255 163 221 255 206 0 0 32 252 0 255 191 255 51 255
    0 255 255 0 255 199 0 236 0 130 0 241 0 0 255 0 0 67 255 0 0 255 0
    255 0 255 208 0 0 255 0 255 0 96 200 211 135 255 255 10 44 0 0 50
    255 77 0 136 52 5 8 255 0 176 0 0 104 255 0 255 255 0 0 0 0 255 0
    255 0 0 255 0 77 255 0 255 137 0 255 0 0 255 0 255 0 0 255 0 255 255
    201 0 255 159 45 0 255 0 0 156 0 255 255 0 255 0 0 255 0 0 162 255
    98 0 255 255 0 0 209 255 255 0 0 255 255 255 46 154 255 255 0 255
    255 0 0 0 255 109 59 255 0 0 0 255 0 255 255 0 0 255 255 0 255 84
    167 0 0 0 255 0 191 255 127 0 255 174 0 0 255 49 106 0 239 255 255
    255 0 174 255 0 255 0 10 144 0 117 115 0 166 64 255 255 0 255 255 0
    0 0 255 252 0 255 255 0 255 0 255 255 0 255 229 0 255 0 215 0 0 255
    186 0 0 179 104 0 136 255 70 37 161 0 198 255 52 255 255 0 250 0 255
    0 109 0 255 0 214 198 255 255 0 255 151 0 255 0 0 255 0 0 0 104 0 0
    255 0 255 204 93 186 255 0 0 255 255 255 0 239 0 0 255 0 0 0 255 255
    255 0 0 0 255 0 255 0 140 76 0 28 255 255 255 255 70 255 255 0 255 0
    0 0 255 0 255 0 255 255 0 0 215 251 255 228 0 59 0 255 0 255 0 24 16
    0 0 255 0 255 0 186 212 255 157 0 0 0 0 255 255 0 0 255 0 185 0 255
    0 255 0 255 0 0 255 255 0 255 0 216 255 0 255 0 0 255 252 0 255 255
    255 0 255 255 176 0 0 206 31 255 119 118 0 255 255 0 255 255 0 34
    147 255 0 255 98 0 255 0 231 150 255 255 255 255 208 0 255 62 255
    135 0 255 255 0 84 241 255 0 255 255 0 255 255 0 69 0 255 0 255 226
    0 219 55 255 0 0 134 52 8 255 0 27 178 0 248 4 0 255 24 11 255 60 0
    0 152 255 255 0 0 71 255 78 255 67 255 0 255 255 158 124 255 252 255
    0 255 255 255 0 0 255 255 0 93 255 0 0 11 0 0 255 255 255 0 7 0 0 41
    244 102 85 255 0 90 255 255 90 255 0 255 0 255 0 255 0 255 255 0 255
    255 13 133 255 0 255 0 255 255 255 82 255 0 0 255 0 0 12 0 0 255 123
    0 255 0 255 216 200 0 255 0 236 0 0 0 255 127 104 0 255 255 0 129 0
    0 255 0 0 255 255 0 0 255 0 255 0 255 218 0 255 0 255 0 0 70 0 255
    255 0 255 255 0 203 255 46 172 0 0 134 255 255 182 255 0 255 255 0 0
    255 175 0 255 6 0 0 0 255 0 0 149 0 255 0 255 13 255 0 0 0 255 255 0
    0 0 249 255 9 18 0 2 255 210 255 255 255 0 255 37 0 48 255 255 0 137
    255 255 0 0 255 0 0 255 255 0 183 255 79 85 255 0 0 208 220 36 0 255
    255 255 0 253 146 255 0 164 0 178 0 255 0 255 255 0 255 255 240 255
    255 255 0 0 255 0 255 0 255 171 255 255 101 255 255 0 35 97 0 255
    255 0 0 0 0 255 162 255 0 0 255 0 0 148 116 47 0 255 0 0 255 233 0
    255 0 255 0 158 255 33 0 255 0 255 255 255 187 255 216 255 0 255 143
    255 225 0 127 255 0 18 0 29 0 255 0 255 0 255 255 0 227 255 182 0
    255 0 255 0 0 255 255 215 255 0 102 255 12 0 0 255 0 0 255 255 151 0
    255 255 129 0 255 0 0 255 255 0 0 0 255 255 0 255 0 255 0 255 153 0
    255 0 92 0 179 255 0 199 0 0 255 0 0 0 255 255 0 0 0 0 255 0 0 115
    255 0 144 108 255 255 0 255 0 255 0 255 255 220 0 0 255 0 63 0 0 0
    45 255 0 255 255 0 255 0 255 255 0 255 0 255 255 201 0 231 0 255 124
    0 0 255 144 66 120 0 255 0 0 255 0 73 0 255 0 255 0 255 0 14 255 0
    255 0 0 255 255 0 0 255 0 255 0 255 186 255 0 0 255 0 0 255 0 255 0
    0 255 0 255 0 0 255 255 192 0 50 0 255 255 0 0 0 115 255 0 255 0 255
    255 127 255 255 61 0 255 255 255 245 255 255 0 86 255 249 255 245
    255 255 0 59 164 0 255 255 0 255 0 255 255 146 0 0 255 139 182 255
    33 255 142 0 255 0 50 255 0 0 255 0 172 0 255 0 2 255 0 255 255 0
    255 56 0 0 255 0 0 154 255 0 0 255 0 255 255 47 255 0 255 255 182 0
    0 0 255 255 0 255 220 255 255 0 255 216 255 0 255 179 0 255 255 0 0
    0 0 255 0 255 0 174 255 0 178 0 255 255 126 0 255 0 0 216 255 0 255
    0 255 255 0 255 0 0 255 199 0 255 255 116 129 255 255 142 255 0 177
    255 66 255 0 255 72 147 255 255 0 0 255 20 143 255 0 0 255 255 202
    255 176 0 0 89 237 255 3 255 255 0 0 0 255 140 206 0 255 184 255 0 0
    241 53 0 0 255 92 0 215 0 0 205 0 0 0 255 0 0 0 255 0 255 0 255 0 0
    255 0 0 255 0 255 255 0 255 255 181 0 255 255 0 255 255 0 255 255
    255 255 178 255 255 255 255 0 255 0 255 0 255 255 194 249 255 0 255
    0 255 255 255 0 0 0 255 0 165 255 0 0 0 255 82 255 0 255 58 0 255 0
    0 255 255 255 0 224 255 255 255 250 241 0 255 0 93 238 255 0 185 34
    0 0 0 0 255 0 129 0 0 255 255 255 0 255 0 245 255 0 255 35 0 255 12
    0 0 255 0 0 0 255 0 0 156 255 116 110 255 179 255 255 255 10 0 20 0
    255 0 0 0 0 0 189 0 255 0 82 0 255 0 29 0 0 255 255 0 255 113 0 255
    0 0 176 0 204 27 199 255 0 255 0 255 255 202 255 0 255 255 0 255 0
    255 0 0 220 255 0 255 0 255 0 0 255 0 0 0 255 255 0 255 0 255 0 0
    255 255 0 255 0 255 32 139 0 255 156 0 0 236 0 251 255 0 0 255 255
    131 0 77 255 255 0 255 0 0 0 255 0 255 134 179 0 0 255 255 0 163 255
    134 0 255 184 114 255 255 239 0 0 255 0 0 255 173 62 0 0 255 255 255
    227 0 255 15 166 0 255 175 0 255 255 57 123 0 171 0 0 0 255 50 0 0
    255 0 255 0 114 0 0 0 218 255 0 0 206 192 0 255 45 0 255 0 255 114
    255 0 255 0 255 0 191 0 0 16 49 255 0 0 0 255 0 0 0 255 255 0 0 0
    169 255 0 0 234 255 255 0 187 0 214 255 0 255 255 0 0 255 255 255 0
    0 0 252 0 255 255 0 0 255 255 255 255 0 255 0 0 138 0 255 0 255 137
    39 0 255 0 0 0 0 255 0 27 255 255 255 255 0 255 255 112 255 0 255 2
    0 255 255 255 0 255 255 92 255 0 255 196 0 255 0 255 0 255 249 255 0
    0 255 0 255 10 0 255 0 255 0 0 88 255 0 255 0 0 255 0 40 255 255 49
    66 19 255 0 0 255 198 159 0 255 0 83 208 255 255 255 0 249 7 115 82
    255 241 255 153 255 255 255 0 0 0 255 255 255 255 0 255 252 255 255
    0 255 0 0 255 255 113 0 255 0 0 255 255 0 0 255 0 0 11 255 255 255
    197 0 230 0 255 255 255 0 0 188 0 255 255 255 0 54 17 0 236 63 255
    255 0 255 128 255 255 0 0 255 255 193 2 255 0 255 0 255 60 106 255
    255 157 255 53 0 35 0 41 255 255 10 255 255 255 0 255 0 0 0 0 255 0
    0 255 0 116 255 255 0 47 255 255 255 0 255 232 123 255 221 255 0 255
    255 255 255 0 255 0 23 227 247 255 250 0 0 255 0 0 123 255 0 0 0 0
    255 0 255 255 0 0 41 118 0 255 0 0 88 255 0 255 0 255 125 100 255
    248 47 0 8 0 255 0 255 0 255 255 0 0 0 255 71 0 255 231 132 0 0 0
    255 0 255 18 0 255 99 0 255 0 255 255 0 255 0 255 0 255 0 255 0 255
    255 0 255 0 192 255 0 255 141 255 155 124 225 0 255 0 255 255 0 0 0
    0 255 0 255 162 255 255 160 0 54 255 0 255 205 0 0 255 255 0 0 0 255
    0 255 0 255 141 103 0 255 255 255 0 217 255 0 0 0 255 0 255 0 255
    255 255 122 0 0 255 0 0 255 0 255 255 255 255 0 0 255 0 255 0 255
    255 0 136 255 0 248 255 255 0 255 255 0 0 255 255 0 0 255 111 0 255
    0 0 255 0 15 255 100 255 0 255 0 255 255 1 255 28 0 255 255 255 0
    255 0 255 1 35 255 255 255 255 0 0 255 0 53 0 58 255 0 255 125 255 0
    255 255 255 0 0 247 255 0 0 255 0 255 0 0 0 255 0 168 255 71 0 0 255
    0 255 0 255 0 0 0 102 226 0 0 255 12 0 0 255 0 0 255 0 0 255 255 242
    0 0 255 0 225 255 255 42 255 0 0 0 171 255 0 0 255 0 170 255 0 0 48
    255 214 42 0 255 0 0 255 0 0 137 255 0 255 255 0 0 0 0 20 255 243
    209 224 255 128 0 92 62 0 255 0 0 19 255 255 73 194 155 255 0 178 0
    0 83 95 0 123 205 0 0 255 0 0 140 255 255 0 255 255 0 255 0 255 17 0
    255 255 255 255 0 187 183 89 0 86 0 0 183 255 0 255 255 0 0 96 255 0
    0 255 255 0 68 247 255 0 0 255 0 255 0 0 255 0 232 0 0 255 255 162
    255 255 0 255 255 255 142 255 0 255 255 0 255 71 255 0 74 255 0 255
    255 0 219 255 255 0 255 0 255 0 255 164 0 254 255 0 255 17 0 53 0
    255 0 0 188 0 255 0 175 255 0 255 0 255 108 255 0 255 0 109 255 0 0
    0 255 0 255 0 0 255 4 52 0 255 0 255 255 0 0 143 0 235 249 255 0 255
    220 0 255 255 255 0 0 255 0 0 255 0 255 255 98 136 255 255 0 255 255
    0 255 255 0 0 255 0 0 255 66 0 255 241 234 255 0 0 255 255 0 252 255
    0 0 0 255 115 255 0 255 198 0 255 255 113 255 0 255 0 255 0 227 0 0
    0 255 243 75 255 242 0 0 176 0 117 0 255 0 255 105 255 0 255 0 255
    255 0 0 255 0 255 255 0 255 0 204 83 0 0 255 255 255 255 255 255 255
    0 255 255 255 0 255 244 0 255 255 0 86 255 255 203 0 0 255 255 255 0
    67 0 0 255 0 7 255 118 178 255 0 255 146 134 255 0 255 255 0 0 255 0
    187 255 0 0 255 255 255 0 255 0 0 255 0 255 0 67 255 255 255 0 159
    255 255 88 0 0 255 0 255 0 0 0 55 176 0 255 255 0 255 255 0 0 240
    255 255 255 243 0 255 0 255 0 255 0 255 53 0 255 255 0 255 255 0 0 0
    255 0 255 60 255 0 255 0 0 255 255 0 209 192 255 225 0 255 255 255
    255 255 0 54 0 255 0 255 255 255 255 255 255 0 255 255 255 255 0 255
    165 112 255 255 0 255 0 0 255 255 255 159 0 54 255 0 255 0 253 255 0
    0 0 0 255 255 0 255 255 58 0 22 255 255 0 86 0 236 255 8 255 0 255 0
    255 255 0 0 255 0 255 255 70 91 255 0 0 43 171 0 0 216 0 0 255 0 111
    0 0 122 0 0 255 255 255 13 255 119 0 0 255 0 0 174 0 255 0 255 13
    255 0 255 255 81 255 0 111 0 233 0 0 255 0 255 221 0 0 217 211 0 0
    255 0 255 0 97 0 0 255 144 69 0 255 255 174 30 159 0 255 255 44 0
    255 0 1 0 97 255 0 255 116 0 43 0 0 0 255 0 255 255 0 255 193 255
    255 255 236 0 255 113 255 0 255 0 106 255 0 255 0 0 0 6 0 0 147 0
    183 0 0 255 255 255 255 0 255 0 0 255 229 160 255 255 0 255 0 126 51
    37 116 0 0 142 184 217 55 0 255 255 75 255 0 255 0 0 255 0 0 233 255
    255 94 255 0 255 255 0 0 0 255 0 255 0 255 15 0 253 0 255 0 255 210
    143 45 0 139 0 0 0 255 118 255 0 255 0 255 0 0 255 0 255 255 209 255
    255 0 0 25 0 201 255 0 0 21 0 122 196 0 28 0 255 0 255 255 0 0 255
    255 0 0 0 0 255 53 0 107 0 0 139 0 216 255 0 255 16 254 255 0 0 255
    255 0 0 255 255 0 255 0 255 0 218 137 255 0 255 255 0 103 255 0 255
    0 137 0 255 137 255 58 255 0 0 255 0 0 0 255 66 255 0 255 255 0 255
    0 255 255 118 255 0 0 0 255 0 255 255 129 0 255 0 255 0 255 255 0
    255 0 0 128 245 0 0 0 255 0 255 0 0 255 0 255 255 16 255 9 0 255 188
    255 255 0 0 255 0 208 255 0 155 255 0 255 0 255 0 97 255 78 0 167
    255 255 236 255 0 255 0 255 255 255 0 0 0 255 0 255 0 255 0 0 0 255
    210 255 0 125 26 255 0 255 0 0 255 0 255 0 0 255 171 255 0 255 0 255
    255 255 0 3 255 255 0 255 255 0 255 0 255 0 255 255 0 255 0 0 255 0
    41 255 255 0 255 0 0 0 255 255 0 255 0 0 255 255 0 0 255 0 221 77
    255 25 59 0 8 0 0 255 0 147 0 255 255 0 0 112 0 255 255 0 255 0 96
    255 255 255 204 163 218 255 0 149 233 0 255 0 131 68 255 43 97 120 0
    0 255 0 255 0 255 0 255 0 213 255 0 255 0 255 255 0 0 255 255 28 255
    0 255 0 0 255 255 0 0 26 255 0 85 0 255 255 0 255 250 0 255 29 0 107
    0 255 155 255 0 255 255 255 0 0 255 0 0 255 131 0 255 0 141 0 255
    255 0 255 0 15 248 255 0 255 0 0 87 255 255 255 0 46 100 255 0 255
    183 0 246 255 0 255 0 0 255 255 0 255 0 255 255 50 0 0 0 0 148 255 0
    255 0 0 0 0 255 0 171 255 255 0 0 255 255 0 0 255 0 0 106 255 246 0
    255 226 255 255 255 255 255 0 255 255 255 160 255 255 63 109 0 255
    255 255 255 0 0 255 0 0 0 245 255 155 0 255 80 0 255 63 148 255 0 0
    0 255 0 0 0 24 27 255 0 255 0 255 217 0 255 255 218 0 255 0 14 255
    100 255 141 0 255 255 255 0 255 255 0 0 255 116 255 255 0 255 0 133
    0 255 233 255 228 0 255 0 255 0 0 255 0 181 255 0 0 0 0 255 222 255
    0 205 255 104 255 0 255 0 255 0 255 130 255 0 0 87 0 255 0 0 255 0
    255 0 0 255 255 0 213 255 0 255 239 0 255 0 255 0 173 0 0 255 255 0
    255 255 255 0 255 0 255 255 136 0 255 0 255 255 238 107 0 0 255 255
    0 255 255 0 255 0 72 0 134 0 140 255 255 198 0 154 0 0 0 255 0 150
    255 0 255 0 0 255 0 41 255 255 255 0 0 0 255 255 0 255 0 165 0 255 0
    255 85 0 255 255 0 56 0 255 0 255 0 255 0 255 0 39 255 0 0 255 255 0
    255 0 0 77 193 0 0 255 0 255 0 0 255 0 0 255 0 255 0 0 0 255 126 73
    0 0 255 254 0 0 231 255 28 0 255 0 255 0 255 0 255 255 178 255 255 0
    255 0 0 226 0 255 0 0 0 0 255 0 0 255 0 255 255 37 255 0 255 255 0 0
    0 0 45 255 0 0 190 0 142 255 0 56 255 0 255 0 0 255 0 148 0 255 0 0
    255 255 0 255 255 0 213 255 0 255 0 255 255 0 255 0 255 255 0 0 55
    255 255 100 255 8 0 255 0 0 255 0 255 0 150 0 255 0 18 0 255 0 255 0
    255 0 255 0 255 255 0 255 0 255 206 134 255 180 0 0 255 0 0 255 0 0
    39 0 0 114 255 0 0 0 0 255 0 255 192 255 0 255 255 0 0 0 0 255 0 101
    247 0 255 0 83 3 206 189 255 255 0 255 255 255 0 0 255 178 234 202 0
    255 255 113 0 255 0 255 0 0 0 149 255 255 0 127 255 255 255 255 0
    255 146 255 0 255 255 134 255 0 156 0 0 0 191 0 0 255 239 142 0 0
    255 86 255 255 0 255 255 255 0 255 0 255 255 134 255 255 255 255 255
    0 255 83 0 122 0 255 255 0 255 255 255 206 0 255 255 33 0 0 255 255
    0 68 255 16 255 255 0 255 255 0 255 0 7 7 0 255 0 0 255 255 0 143 84
    255 255 255 0 255 0 129 121 255 255 0 255 19 0 127 255 255 255 50
    131 242 0 255 255 255 106 0 255 255 9 0 0 224 255 255 0 255 0 255
    255 255 0 255 0 153 255 255 255 0 255 0 255 0 0 255 167 0 6 255 0
    227 187 0 255 255 0 255 0 255 0 254 255 255 0 255 255 0 0 255 0 255
    0 255 0 255 6 0 0 255 0 187 255 0 189 0 0 0 60 255 255 0 255 134 0
    255 255 185 0 255 127 255 0 255 0 255 0 255 0 203 255 0 212 255 90
    255 0 195 45 204 0 255 0 255 0 88 255 0 0 131 0 0 255 0 255 0 255 0
    0 255 0 255 166 0 0 255 203 0 255 255 255 19 255 0 255 0 0 0 0 255 0
    255 255 0 0 0 255 255 0 255 0 255 0 255 68 154 0 0 255 0 255 0 249
    18 255 213 255 0 0 0 0 0 255 0 255 74 0 0 255 0 0 0 255 255 255 0
    255 255 164 255 255 0 155 87 0 255 39 255 0 255 255 255 255 0 0 255
    90 144 0 213 255 0 255 255 0 255 255 0 0 255 160 0 255 0 255 0 224
    255 0 0 255 88 0 255 255 0 255 0 255 0 255 0 0 0 179 255 0 0 255 199
    0 255 255 0 0 0 255 0 255 0 0 0 255 0 255 255 0 0 255 255 255 0 0
    255 0 255 0 255 255 255 255 76 0 0 255 252 255 0 123 0 255 0 202 141
    0 0 255 0 64 255 255 0 0 255 156 255 0 255 255 0 50 255 255 255 255
    255 255 0 0 255 255 0 255 255 255 255 0 255 78 255 0 255 50 45 139 0
    255 106 0 0 255 0 0 0 165 255 181 0 76 255 0 255 0 255 250 255 255 0
    255 255 0 255 0 18 255 255 110 255 84 245 255 153 0 0 255 255 0 2
    255 0 0 255 0 0 255 0 255 0 185 255 0 255 111 255 255 0 112 0 255
    117 0 0 0 255 255 0 221 255 255 0 255 129 0 255 0 255 255 0 180 0
    255 255 0 255 0 255 255 0 193 0 0 0 255 255 0 101 255 255 0 255 0
    216 255 0 0 0 82 0 255 0 255 0 255 0 255 0 255 0 255 255 0 0 255 52
    255 255 0 5 255 75 37 0 255 255 255 0 0 253 0 0 255 0 0 255 0 255 0
    255 255 196 255 255 0 0 255 202 128 248 255 0 0 0 0 255 40 15 255
    140 179 0 0 255 0 255 0 255 125 255 0 255 0 255 0 255 255 0 255 0 87
    0 255 232 255 0 0 0 73 0 161 255 0 252 255 0 239 0 255 0 255 255 255
    165 0 255 206 0 255 130 0 255 255 77 0 168 76 255 255 0 255 0 0 244
    255 255 169 255 0 255 0 0 0 208 255 0 255 0 255 255 57 0 255 0 0 34
    255 255 0 255 255 255 10 0 11 255 255 0 255 31 0 130 255 0 28 255 0
    255 245 0 255 255 0 0 255 255 0 255 0 255 0 220 93 0 0 255 0 255 225
    0 255 0 0 255 0 255 255 153 2 232 0 0 32 0 255 0 0 0 255 0 255 0 98
    0 255 0 214 255 137 0 255 0 0 255 192 255 0 45 255 0 255 0 0 255 0
    255 255 0 255 167 217 255 0 255 0 255 0 207 255 0 156 255 0 255 26
    64 0 255 209 174 255 255 0 255 121 0 255 68 255 218 0 0 255 0 90 255
    0 144 98 255 0 255 0 255 232 133 255 255 255 0 255 255 0 255 255 0 0
    0 255 255 0 255 0 156 255 207 103 0 255 255 255 0 0 173 0 255 255
    255 0 0 255 0 255 0 128 255 0 0 255 0 255 13 0 20 0 255 255 255 3 58
    0 255 255 255 255 0 255 0 70 255 0 0 255 0 0 0 0 116 0 255 0 0 255 0
    0 255 0 255 0 255 255 255 0 0 0 0 255 170 160 255 0 0 255 255 0 255
    255 255 225 0 0 255 0 167 255 255 0 255 0 0 255 0 46 255 69 255 255
    255 128 0 255 0 39 253 0 255 9 0 255 0 0 0 255 0 255 143 0 255 255
    255 0 91 255 0 0 94 255 255 255 78 0 255 255 255 255 255 255 85 255
    0 255 0 0 11 0 255 255 255 255 237 177 255 0 255 219 0 81 0 255 0
    255 165 0 255 130 255 255 164 124 214 0 118 255 0 255 255 0 0 255 97
    198 0 0 255 0 147 0 0 76 70 242 255 71 0 255 0 0 255 0 0 255 0 255
    255 255 0 255 0 255 0 255 255 255 0 238 255 255 255 0 255 0 0 176
    255 0 0 255 0 255 17 0 0 0 142 0 255 0 56 255 0 255 97 255 0 66 255
    0 198 107 255 67 236 255 0 199 0 255 169 255 172 255 80 58 255 255
    255 0 131 0 255 0 0 255 252 29 255 0 255 0 19 255 81 0 255 139 255 0
    255 152 0 0 255 0 255 255 0 255 255 0 0 207 255 255 0 0 0 255 255
    255 0 0 59 238 255 24 26 0 255 0 255 255 0 240 0 39 255 0 255 255
    255 255 255 28 0 255 0 255 0 255 255 255 0 0 255 255 255 255 68 255
    255 0 0 0 181 198 0 0 218 0 153 255 0 0 255 0 242 255 255 0 0 255 0
    255 0 255 0 0 255 0 0 255 8 255 0 255 0 255 0 255 255 0 0 255 0 255
    0 0 255 231 255 255 0 171 0 0 255 8 0 255 0 255 164 255 255 255 255
    0 0 255 255 255 0 255 220 59 0 255 0 255 0 234 0 255 255 0 180 33
    255 255 0 0 0 255 255 0 0 255 255 0 233 0 23 255 0 255 255 255 0 255
    0 0 255 0 255 0 255 0 0 0 178 0 0 0 255 0 232 217 255 0 255 101 255
    0 255 0 255 255 255 191 0 255 0 134 0 0 93 0 255 0 255 0 0 0 0 201
    47 0 188 255 255 71 96 0 255 0 0 255 0 13 255 0 255 0 255 0 255 255
    135 255 0 255 0 255 255 0 16 9 255 255 71 0 255 255 0 255 255 145
    255 255 0 0 255 0 255 57 0 255 0 0 255 255 255 0 0 0 57 255 255 255
    255 255 255 193 0 0 255 0 255 255 0 0 189 88 0 214 255 0 0 91 0 255
    0 255 0 255 0 0 255 50 0 0 255 77 0 255 0 255 0 59 255 221 255 0 88
    0 0 255 255 0 0 255 173 0 255 198 255 0 255 0 255 0 0 13 0 255 255
    125 0 0 187 184 255 0 255 223 255 104 0 0 255 0 0 255 255 0 0 101
    255 255 255 69 144 255 141 88 255 59 255 230 255 0 255 0 255 224 0
    123 255 109 255 255 0 0 255 0 255 0 255 255 255 255 0 178 0 255 0
    157 255 6 0 255 255 255 0 131 255 135 255 0 0 161 107 255 216 255
    255 0 255 101 64 66 0 255 0 7 0 255 255 58 0 255 0 255 0 107 0 0 0 0
    30 0 49 40 236 0 255 0 255 0 255 255 84 0 17 0 255 0 255 0 255 0 255
    0 200 0 55 4 255 255 37 255 0 0 255 0 248 255 0 126 0 158 255 210 0
    255 255 0 255 0 0 0 0 255 255 0 0 247 214 0 0 255 255 93 0 255 255 0
    50 0 0 255 0 255 255 0 0 255 0 255 255 229 255 64 0 255 0 255 0 255
    0 255 0 3 255 145 0 255 0 255 27 0 123 255 255 88 255 0 255 36 255 0
    0 255 0 255 255 255 86 255 27 0 0 0 124 255 0 0 133 255 255 0 255
    255 0 255 255 255 71 0 0 255 255 255 0 255 0 0 255 175 255 0 0 255
    229 255 0 255 0 255 0 179 0 255 255 219 0 255 255 0 0 108 44 255 9 0
    255 0 0 255 0 255 255 0 255 0 255 0 255 131 0 0 68 0 255 255 0 255
    255 0 253 10 50 19 0 30 78 255 0 255 255 0 0 255 255 255 0 0 183 0
    78 255 105 0 255 255 255 0 183 255 154 0 0 255 138 0 255 79 8 0 255
    255 178 255 85 0 0 0 255 145 255 0 255 255 99 255 50 255 0 0 65 0
    255 0 0 255 0 255 0 255 0 51 0 255 0 255 0 251 0 185 0 255 255 0 255
    0 255 0 255 0 8 255 255 255 255 0 255 87 192 0 255 0 0 255 0 42 63
    255 255 0 71 0 0 255 247 255 255 0 0 0 255 0 42 255 0 255 255 0 0 0
    255 0 255 255 255 0 255 0 0 255 0 255 255 0 255 0 0 145 255 255 0
    113 0 255 255 255 255 255 0 0 0 255 0 255 0 255 0 255 0 255 255 0 0
    0 0 255 28 0 255 255 0 0 0 251 0 0 255 144 255 24 255 0 0 255 0 255
    0 255 0 255 0 255 255 0 0 255 0 0 0 255 0 0 116 0 255 0 15 0 255 39
    255 0 66 0 255 255 255 0 255 0 255 255 0 255 0 0 255 227 255 0 255
    183 0 0 241 0 255 164 255 255 0 0 255 25 0 255 0 201 0 255 255 255
    255 0 0 0 255 0 255 0 0 196 0 255 0 0 255 0 201 82 0 0 255 0 255 0
    245 223 255 255 0 0 255 0 255 0 255 0 0 255 251 255 255 175 19 255
    255 0 0 0 255 0 255 0 255 255 0 95 255 118 0 0 0 255 0 99 255 255
    255 255 255 0 215 255 0 62 0 37 0 18 255 33 63 255 255 0 255 67 0 0
    0 255 0 197 72 255 0 255 82 50 178 0 255 0 255 255 255 255 172 0 255
    0 255 255 255 90 0 255 0 0 255 0 0 255 255 232 0 0 0 189 0 255 0 255
    0 0 255 0 0 255 216 0 100 255 109 0 0 0 9 255 0 0 255 0 255 0 255
    139 255 134 0 0 149 0 255 0 0 85 255 0 255 0 255 0 255 0 255 42 0
    255 255 0 0 255 8 122 0 255 0 255 255 0 255 255 0 0 255 0 0 255 97 0
    56 0 255 255 0 255 0 255 0 255 23 255 58 0 0 0 255 255 193 0 0 255 0
    255 255 0 255 0 58 242 0 0 103 255 105 0 255 145 0 0 255 255 0 250
    255 0 255 255 184 0 0 255 225 255 50 0 255 255 0 96 255 43 255 0 255
    1 255 255 255 255 0 0 255 255 0 0 0 255 0 255 0 255 165 0 0 255 0
    255 0 182 255 0 0 0 0 255 239 255 0 4 255 0 11 255 0 255 0 189 0 0 0
    255 0 255 0 255 255 120 0 160 255 0 255 0 255 0 255 0 255 142 255
    255 255 255 0 255 0 255 0 255 0 255 255 41 0 45 255 255 0 255 127
    255 0 0 255 0 0 255 255 0 0 248 255 255 0 12 0 133 255 0 255 0 197
    255 0 211 30 0 255 0 255 0 0 255 245 0 255 0 105 0 224 255 255 0 208
    0 255 0 0 255 255 0 255 0 132 89 255 255 255 70 255 0 255 0 0 0 255
    255 255 84 0 0 255 255 0 255 255 34 176 255 0 255 255 0 66 255 255 0
    0 137 0 155 255 168 255 255 255 255 0 255 202 0 255 0 161 0 255 150
    0 255 57 255 0 140 255 0 0 255 255 0 255 0 255 0 0 255 255 0 255 50
    0 255 0 255 145 0 72 255 255 0 255 0 0 255 255 255 255 0 255 0 255 0
    21 0 255 0 255 0 39 255 0 255 0 234 225 0 255 15 255 255 0 255 0 255
    0 255 255 158 14 255 249 224 255 116 0 255 0 255 0 0 0 255 0 0 135 0
    94 255 255 79 255 133 0 255 255 88 148 255 255 0 0 0 255 255 255 255
    255 0 0 0 0 0 255 0 255 255 0 255 255 255 0 0 255 255 255 0 255 0
    255 0 255 16 0 255 151 158 255 0 0 255 255 0 0 33 255 255 0 0 102
    255 255 0 255 15 0 0 255 93 255 0 0 255 0 0 23 39 0 0 150 255 0 0
    255 0 255 255 0 255 255 0 255 0 0 255 255 255 0 29 255 0 255 0 0 255
    0 255 255 0 255 8 255 0 255 255 0 0 0 255 0 255 255 0 208 0 0 0 255
    255 72 0 255 0 0 255 255 0 255 0 139 255 133 0 255 186 11 0 252 255
    182 0 0 0 0 214 204 0 255 0 255 255 0 255 0 255 255 0 80 255 255 0
    255 0 255 0 0 255 0 170 0 255 154 255 0 255 255 255 255 138 0 255 0
    3 255 0 255 255 255 255 55 0 0 0 3 246 0 255 0 255 20 255 0 255 141
    255 0 255 255 0 255 12 0 255 0 255 0 0 0 0 255 95 255 0 0 0 255 0
    255 0 255 0 255 0 255 0 255 255 0 112 255 255 2 20 0 0 255 0 0 255 0
    0 255 35 0 250 27 255 194 255 0 255 255 0 255 254 0 255 255 255 255
    0 0 0 44 61 0 255 255 11 255 51 255 255 0 255 177 0 0 0 9 99 255 0 0
    255 255 0 255 0 255 255 0 0 255 255 0 6 255 0 0 121 0 255 255 0 0
    255 255 255 255 202 255 255 255 255 255 0 255 0 255 0 0 108 0 83 0 0
    255 154 255 0 95 0 157 255 0 255 0 255 255 0 93 255 0 0 0 255 181 75
    255 0 255 158 255 0 255 0 255 3 255 0 255 196 255 0 0 255 144 0 242
    0 0 0 0 0 0 16 0 255 0 255 255 0 255 134 255 0 255 0 0 100 255 255 0
    0 255 168 0 90 0 24 0 86 0 255 0 0 180 255 0 42 255 255 60 255 29 0
    255 8 27 0 255 0 255 0 255 203 0 0 0 0 255 0 218 0 255 135 255 0 0
    255 191 255 255 0 0 255 255 0 0 4 88 0 255 22 255 0 255 0 255 0 0
    123 3 0 0 255 255 0 255 255 39 255 0 0 255 255 255 0 0 0 255 0 255 0
    67 0 255 44 255 0 237 0 255 0 0 255 255 0 255 0 255 0 0 255 78 0 0
    255 0 176 255 255 0 255 118 0 255 0 0 0 255 200 0 0 233 0 255 255 30
    255 0 255 0 255 0 255 0 0 255 0 255 0 59 255 0 0 255 183 255 0 255 0
    0 255 0 255 0 255 149 0 121 0 0 255 0 51 0 0 255 0 0 0 25 255 0 255
    0 0 255 255 0 0 159 126 255 0 255 255 179 0 0 148 0 0 255 156 244 0
    255 0 222 0 255 0 74 0 163 255 0 0 3 209 181 0 255 255 0 255 0 255
    255 0 255 255 0 221 255 255 198 180 129 255 149 0 255 117 0 255 0
    255 0 255 152 9 0 255 0 255 0 255 0 0 255 255 0 7 255 17 0 255 255
    255 233 255 0 242 255 0 0 255 255 0 255 255 0 0 0 255 0 255 0 255
    255 44 255 188 0 255 0 255 0 89 0 255 0 0 255 255 255 255 0 0 27 255
    222 0 235 0 130 255 0 0 0 255 0 2 255 0 255 0 255 0 255 0 255 0 0
    255 255 88 254 70 0 0 255 255 0 211 0 255 178 0 0 255 255 124 207
    255 0 134 255 0 0 0 255 196 0 255 255 0 0 255 255 0 0 0 0 0 165 0 12
    255 255 0 255 0 0 255 255 255 0 255 0 255 217 0 0 255 0 0 0 0 255
    255 199 128 255 255 0 0 0 255 158 0 210 0 0 0 255 255 255 0 0 255 50
    255 255 255 0 0 223 255 45 255 0 255 255 255 0 0 163 243 0 255 0 0
    255 255 21 255 165 170 141 0 255 255 255 117 0 255 0 255 255 0 255
    255 255 0 255 255 0 255 202 0 0 255 0 255 255 107 0 35 192 255 0 255
    131 0 255 0 255 0 0 0 255 255 0 255 255 16 0 121 0 0 185 255 255 0
    220 255 255 0 0 0 0 255 31 0 255 0 0 255 208 207 255 0 0 0 255 255 0
    155 3 219 255 0 241 0 207 183 0 129 255 255 255 13 255 0 0 255 113
    255 0 0 255 230 0 0 255 0 255 255 0 0 0 255 28 255 0 0 255 255 255
    255 255 0 255 0 0 0 0 255 0 255 0 255 0 228 255 0 255 49 30 0 101
    255 0 0 0 201 0 255 255 0 0 155 255 211 0 255 0 255 0 0 115 255 0 0
    255 255 255 0 255 255 0 255 0 0 248 0 255 217 255 0 255 255 0 0 0 86
    234 0 32 0 255 133 255 0 0 255 0 255 255 0 255 0 192 255 0 255 0 80
    234 0 255 204 255 0 0 255 13 181 176 93 255 0 255 0 255 146 60 0 255
    255 0 58 255 0 255 0 97 0 192 0 108 64 0 0 255 255 0 255 255 107 0 0
    85 0 255 0 131 0 59 0 27 0 255 180 0 255 255 0 0 255 0 142 132 0 255
    45 0 255 255 0 151 255 255 255 6 0 0 255 0 238 255 255 166 0 255 0
    255 0 255 0 255 197 255 255 0 255 231 0 0 0 255 246 0 255 255 0 255
    255 0 255 0 0 255 0 255 0 0 255 255 255 0 106 255 0 255 255 226 255
    54 255 0 0 255 169 0 23 0 0 0 255 255 212 0 0 255 0 255 0 255 7 14
    255 0 106 255 255 0 0 255 248 190 255 255 0 255 0 0 255 0 72 255 0 0
    255 133 0 255 255 0 234 0 0 198 0 0 255 0 0 0 255 0 0 255 0 134 150
    255 0 0 255 255 255 0 255 255 0 255 0 68 255 0 0 255 255 255 0 255
    200 0 255 154 255 216 0 0 79 255 0 0 0 0 228 255 255 0 255 0 255 0
    255 255 255 23 255 0 255 255 255 103 0 0 119 223 169 0 255 197 0 0
    255 160 0 255 58 0 255 0 255 0 255 0 250 0 112 255 217 255 0 0 106 0
    21 255 255 243 255 255 255 255 0 161 0 255 255 0 169 13 255 178 255
    0 255 0 255 0 255 124 255 116 255 252 102 255 255 0 255 255 0 255
    239 0 255 23 0 255 0 157 135 90 0 255 114 0 255 255 255 0 0 255 0
    208 255 0 255 0 149 0 255 0 192 0 255 0 0 255 66 0 0 127 0 255 255 0
    255 0 0 255 230 90 0 255 0 0 255 187 0 89 0 0 0 255 0 0 255 202 46
    255 0 178 113 255 0 30 255 0 0 0 0 151 175 57 0 102 255 0 205 220
    255 195 255 0 0 255 255 0 255 0 255 0 255 0 0 255 0 255 0 255 0 104
    0 0 0 255 0 255 255 255 255 255 0 123 0 255 0 0 0 165 255 0 255 159
    0 255 255 255 0 0 154 0 0 255 255 110 255 255 0 255 255 255 0 0 255
    0 0 255 0 0 255 255 0 255 127 255 0 175 255 255 0 185 137 0 255 255
    0 255 0 0 0 255 0 255 255 0 0 246 255 110 0 104 255 168 0 255 255
    255 0 255 189 255 255 204 0 244 0 255 0 0 255 249 255 0 255 0 255 0
    255 255 0 255 0 118 255 0 0 0 255 255 0 255 255 255 0 255 154 0 181
    0 0 255 0 255 171 58 0 0 255 255 0 0 0 255 118 11 32 205 0 0 0 255
    255 0 255 232 255 255 0 0 255 255 0 0 0 0 255 0 0 0 0 255 0 255 223
    178 0 255 255 0 236 0 255 255 255 255 0 0 255 0 0 235 12 255 255 129
    125 37 255 0 255 84 139 240 0 255 0 116 0 0 255 255 0 255 0 0 0 255
    0 255 0 255 0 255 255 255 0 255 84 255 0 255 255 0 255 0 0 255 0 0
    255 255 0 0 0 255 0 0 255 0 92 0 255 0 0 0 255 255 255 255 255 0 255
    0 255 0 0 0 0 255 0 0 255 255 255 174 0 0 255 0 255 108 0 0 255 0
    173 120 71 66 144 34 0 125 194 0 0 255 255 255 255 255 0 0 255 255 0
    0 255 0 0 0 255 255 0 0 255 0 66 255 0 255 0 0 255 0 160 0 255 0 255
    0 255 0 255 0 255 255 0 0 0 0 0 219 0 255 0 0 232 0 255 255 0 255 0
    255 0 255 0 128 233 255 255 0 0 255 0 0 0 255 0 11 255 0 201 255 255
    0 255 0 0 255 240 0 0 255 0 255 255 0 106 255 0 255 0 0 255 255 0
    163 255 87 0 8 255 255 255 0 197 255 0 49 0 255 208 0 72 255 0 255
    255 255 255 255 0 255 255 0 255 0 255 255 255 0 0 255 255 255 0 54
    255 0 255 255 0 61 0 255 0 255 0 255 0 255 255 0 255 0 255 255 205 0
    255 144 59 255 0 255 0 0 255 255 255 0 255 0 255 0 255 0 0 0 0 255
    255 0 255 0 0 255 0 62 255 0 159 255 0 255 0 0 141 0 255 255 0 255
    83 255 255 66 255 223 0 0 50 0 0 255 0 255 0 255 255 0 255 0 0 255
    103 255 0 255 0 0 0 0 0 0 255 0 255 0 255 30 179 0 125 0 0 0 255 0
    255 0 0 200 0 0 255 255 0 255 66 126 255 0 107 164 0 255 0 255 0 255
    255 255 0 255 255 255 0 255 163 255 0 3 0 143 0 0 0 255 255 0 255
    255 255 0 255 85 0 194 0 255 0 255 89 0 255 0 0 255 255 250 0 255 0
    255 0 255 0 255 255 255 255 58 255 179 226 0 79 0 0 255 0 0 170 0 0
    255 180 0 82 255 0 0 255 0 253 0 255 255 0 135 0 255 160 255 255 249
    0 0 0 255 0 0 105 223 98 254 255 255 159 0 255 0 0 255 230 0 255 68
    255 255 141 255 0 255 0 255 0 255 255 10 0 255 0 255 0 0 255 0 255 0
    0 246 0 255 255 0 255 255 0 255 0 0 0 255 247 255 249 0 0 255 255 0
    0 0 0 0 0 255 52 0 0 255 121 150 255 0 255 255 0 0 255 12 22 0 255
    95 255 0 255 0 255 220 0 255 195 232 255 0 255 255 0 255 0 255 0 255
    12 0 0 255 255 255 140 0 0 0 255 255 132 218 64 0 255 255 122 255
    255 0 255 255 0 255 0 0 0 255 0 128 255 0 255 0 255 0 0 255 255 255
    0 0 255 255 255 30 0 255 255 255 255 255 0 95 58 0 255 0 0 6 0 255 0
    0 255 0 255 32 255 0 0 0 255 0 0 35 0 255 0 0 255 239 150 255 255 0
    47 0 177 0 0 156 0 255 185 0 255 173 0 0 0 255 0 255 255 0 0 255 0
    255 0 255 0 255 0 255 255 0 27 255 255 0 255 0 177 156 255 255 139
    255 0 255 0 255 255 5 0 255 0 0 0 0 243 255 242 0 255 0 0 206 255
    255 255 0 255 0 255 42 0 255 136 0 140 0 255 0 0 0 255 247 255 0 255
    0 151 0 0 57 85 255 255 151 0 255 255 0 0 255 191 182 0 255 0 255 0
    255 255 0 255 255 255 0 255 62 0 255 0 255 0 255 49 255 90 255 0 255
    0 255 0 0 255 255 0 255 0 255 255 255 0 210 239 255 255 0 255 255
    255 101 0 255 0 97 255 0 255 12 30 0 255 0 0 255 131 255 0 255 0 197
    0 0 0 84 180 17 203 255 255 0 255 0 255 0 0 246 255 204 255 157 0 0
    255 72 255 186 0 255 230 255 0 255 108 185 255 0 0 0 255 255 0 34 0
    255 255 0 223 0 215 92 255 0 255 50 0 255 255 255 0 238 255 255 0
    243 250 0 255 255 8 255 0 255 255 0 255 0 223 255 0 237 0 255 0 0
    255 0 0 255 0 0 255 0 255 255 0 255 255 255 0 255 168 255 255 0 0
    255 0 255 255 0 60 0 36 101 0 255 151 0 255 111 0 52 255 138 0 240
    255 97 255 0 0 154 0 255 255 0 255 255 255 57 0 255 0 255 0 244 255
    0 255 0 255 145 0 18 0 0 255 255 0 255 0 255 0 68 255 255 99 255 107
    255 0 0 255 255 0 158 255 255 0 0 255 255 255 100 255 10 255 255 255
    211 205 255 0 255 0 0 255 255 145 0 0 54 255 0 104 0 255 0 188 255
    39 78 0 255 255 49 255 0 0 255 19 192 105 128 255 197 255 0 0 255 0
    122 0 246 0 255 255 0 255 0 255 255 0 255 255 0 0 255 0 245 0 0 255
    0 255 255 204 179 255 44 232 255 0 255 1 0 255 255 0 33 0 255 123 0
    255 0 255 255 0 0 146 0 255 0 113 255 255 0 240 255 0 255 174 0 237
    0 255 0 255 1 0 8 0 255 0 161 0 255 255 0 255 0 0 255 0 255 243 0 0
    255 255 255 0 255 0 255 0 255 9 227 11 162 255 0 248 255 247 255 255
    255 21 255 255 255 255 12 0 255 255 255 0 255 0 255 0 0 255 99 0 0
    255 0 135 255 0 0 255 0 255 0 255 0 255 255 0 255 255 0 255 255 0
    255 0 255 0 255 0 255 255 0 255 255 255 193 0 215 0 255 255 255 255
    0 255 0 255 0 4 249 146 27 0 94 0 0 255 105 0 255 0 228 140 0 0 0
    255 0 255 0 255 255 0 255 255 61 0 255 255 0 0 255 0 0 255 0 255 255
    0 0 255 0 0 255 150 0 255 255 0 17 255 255 0 155 220 0 255 0 0 23
    255 255 0 0 251 148 252 0 244 255 0 0 204 0 0 255 56 0 137 74 255 0
    183 0 108 255 255 100 0 0 255 0 255 143 0 0 255 0 0 139 83 123 0 0
    255 0 0 225 215 255 112 255 0 255 0 255 255 0 0 255 255 0 0 255 0 0
    255 255 179 68 0 4 255 165 0 201 0 0 0 73 0 255 199 255 0 0 255 0
    255 0 255 0 255 185 255 163 0 255 25 255 0 0 185 0 255 255 255 0 0
    162 255 218 0 0 255 0 255 255 0 255 0 255 195 0 255 133 164 0 0 0
    153 0 255 0 0 255 100 0 253 0 194 0 153 0 0 255 0 255 0 255 255 0
    249 255 255 255 0 215 255 97 0 255 131 255 0 63 0 255 0 0 255 0 0 0
    255 0 0 97 0 0 255 229 255 175 255 255 255 0 255 70 0 168 255 218 0
    255 0 255 255 222 255 0 178 0 255 86 255 160 0 255 216 255 0 0 245
    255 0 255 0 255 0 0 255 0 0 255 0 255 255 26 0 250 0 0 0 255 0 226
    255 184 255 255 0 255 0 255 255 0 255 255 255 0 197 68 255 255 0 0
    255 0 0 255 255 255 255 0 255 0 0 18 204 255 0 18 255 255 0 0 0 255
    59 0 0 255 0 168 255 0 255 0 255 0 255 255 0 255 255 0 255 156 0 0
    255 255 255 0 0 255 255 15 0 243 168 255 0 255 255 73 0 10 0 255 255
    0 255 0 194 255 0 255 0 41 255 0 0 255 255 255 0 241 0 243 255 0 69
    0 209 255 0 255 192 65 255 0 0 0 0 0 0 255 0 165 0 129 0 180 255 0
    255 0 0 255 100 0 255 255 0 0 234 255 0 233 90 255 87 28 0 255 255 0
    193 255 255 255 27 152 255 255 255 255 0 255 255 255 0 0 255 0 255
    255 0 0 255 0 0 255 0 255 0 0 255 221 255 255 0 172 0 255 0 226 0 0
    255 0 255 0 0 255 0 255 187 255 0 255 0 0 255 158 255 255 255 255
    239 0 0 255 0 255 0 255 255 0 180 0 255 255 0 255 0 255 255 0 255 0
    255 0 226 0 0 255 255 0 255 0 0 0 255 255 2 52 255 0 0 255 129 255
    255 255 255 0 255 255 0 0 0 255 0 255 0 255 255 0 0 255 0 0 255 255
    0 0 0 255 232 0 255 255 0 0 255 255 0 120 255 176 0 255 0 255 255 0
    255 0 0 97 255 229 255 0 0 255 0 255 255 255 0 0 183 255 0 0 0 255 0
    255 0 0 255 0 93 255 25 0 0 255 255 0 0 72 0 0 255 255 67 0 255 0
    255 255 0 255 0 0 0 0 255 133 0 255 0 255 0 255 0 255 0 0 255 0 255
    0 255 255 0 255 255 140 60 255 157 0 176 255 0 255 0 0 0 62 0 255
    255 0 255 0 0 255 0 255 255 255 255 0 0 0 55 255 0 255 255 157 0 255
    0 0 255 0 0 255 0 0 0 0 255 0 102 0 0 255 0 4 255 0 117 0 255 0 255
    46 0 255 0 255 0 246 255 0 255 0 137 255 166 235 255 255 0 5 0 255
    255 0 255 0 255 0 157 0 74 255 0 255 233 255 230 0 255 45 191 255 0
    255 0 0 255 255 0 134 255 255 129 255 255 255 0 255 255 255 0 255
    224 255 255 173 135 93 255 223 0 255 255 0 255 0 0 255 0 255 0 255 0
    0 255 189 255 0 0 255 0 0 255 0 165 162 255 0 255 0 219 255 255 144
    0 255 110 255 0 0 255 0 255 0 0 237 18 0 235 137 183 0 255 228 0 0
    255 255 0 234 255 0 252 0 204 255 0 255 255 255 0 255 68 0 0 201 218
    255 163 0 214 0 255 0 0 255 64 255 128 0 255 0 255 0 66 0 0 0 255 0
    255 126 0 255 255 255 0 0 255 0 255 115 255 255 255 255 0 255 0 141
    0 0 0 255 255 0 255 0 255 45 255 183 0 255 0 255 0 255 255 0 0 255 0
    255 255 0 255 207 0 255 255 0 255 0 255 0 155 0 255 0 2 0 255 255 0
    255 255 0 255 95 255 255 0 255 0 200 255 0 0 255 0 159 255 255 0 255
    0 0 255 0 255 0 255 0 0 255 255 0 160 0 0 104 0 255 0 0 255 0 0 0 0
    255 175 0 0 69 36 0 0 255 255 0 255 0 0 255 0 255 255 0 255 136 255
    175 105 210 0 255 0 255 0 0 255 0 0 255 0 0 255 255 0 255 0 255 0
    255 235 255 175 0 255 99 255 255 0 255 0 255 58 0 255 0 0 255 255 0
    255 255 0 255 0 0 0 255 255 255 0 0 0 255 63 255 0 255 93 255 255
    255 0 255 255 255 255 255 255 0 182 0 51 255 0 255 0 255 0 146 0 0
    255 255 0 0 255 158 0 35 255 0 0 255 236 0 255 0 255 0 52 174 16 255
    255 0 109 98 0 255 0 255 129 0 255 0 0 56 0 255 0 255 255 255 0 255
    0 255 0 35 255 0 0 0 59 0 255 167 255 255 0 255 255 0 0 7 0 0 255 0
    253 0 255 0 255 0 93 0 255 0 0 255 255 0 0 235 97 255 201 0 0 255
    109 255 255 235 99 0 0 0 255 0 255 0 0 255 0 0 214 255 0 0 152 244 0
    0 0 76 0 0 0 245 255 0 255 0 255 147 0 255 0 203 193 255 0 255 255
    190 255 255 255 30 0 0 9 0 0 255 255 255 0 0 255 0 255 255 61 255
    255 0 55 255 255 255 0 255 255 0 61 161 0 255 0 255 214 92 0 0 255 0
    255 0 196 0 19 153 0 255 200 0 255 0 0 255 170 0 255 255 255 0 0 245
    0 161 0 255 255 0 255 255 0 255 255 0 108 129 0 0 173 255 255 130
    255 0 255 255 217 255 255 0 255 238 255 0 66 255 0 0 0 255 241 255 0
    0 255 61 255 255 0 255 0 0 255 255 34 65 0 255 0 0 0 0 0 255 0 0 254
    0 233 255 255 0 255 255 0 74 255 0 255 75 255 155 255 0 255 0 255 7
    255 0 0 255 255 255 0 23 0 0 0 98 0 0 255 0 0 164 0 255 142 255 37
    255 255 255 0 93 0 40 255 0 255 249 0 255 0 255 255 255 139 0 0 23
    255 255 0 255 255 202 0 255 0 248 216 0 5 255 0 255 48 58 0 81 255 0
    255 255 0 255 195 0 132 255 0 27 255 0 255 255 0 255 155 0 255 114
    255 252 255 228 0 255 0 255 0 255 0 255 255 250 0 255 255 0 255 97
    113 141 0 255 255 0 255 223 255 255 0 0 255 0 255 167 255 0 0 255
    255 0 255 169 0 255 0 255 254 255 255 255 0 0 0 172 32 0 255 0 0 163
    0 255 0 255 255 255 0 102 0 0 255 0 255 0 255 255 71 0 0 255 255 0
    255 255 0 255 255 217 232 0 255 255 0 0 2 255 0 255 63 0 218 255 0
    255 0 21 0 255 133 0 1 0 118 255 0 0 0 255 255 0 0 255 255 0 0 255 0
    35 163 0 255 255 0 0 0 255 255 0 232 0 222 255 255 255 227 255 255
    173 0 214 0 0 255 0 255 255 0 255 0 0 255 255 0 25 248 0 159 255 0
    255 255 0 255 0 255 104 0 255 255 0 0 152 0 255 0 91 255 255 0 0 6 0
    255 0 255 0 49 255 255 0 255 0 0 0 55 255 134 0 255 0 204 107 255 0
    0 0 255 100 0 0 0 255 85 215 255 0 255 0 255 0 255 0 0 255 255 89
    132 0 0 255 0 0 254 255 0 0 0 0 255 0 0 255 0 0 255 255 255 0 255 0
    255 0 255 255 0 0 111 182 0 255 0 255 0 126 195 0 255 0 0 255 0 255
    255 255 255 100 0 125 81 255 0 0 255 0 0 255 255 0 255 206 255 0 255
    0 0 0 213 255 255 186 0 0 45 0 255 163 255 0 255 193 0 255 255 79 0
    255 186 0 0 255 0 119 68 27 255 255 0 132 255 0 255 0 255 0 255 82 0
    240 57 255 0 255 0 0 0 0 0 255 0 0 127 0 255 0 0 255 255 0 255 0 229
    255 255 0 115 0 255 0 0 255 207 0 124 183 0 255 0 32 255 255 0 255 0
    255 0 255 255 0 221 194 255 255 0 0 255 255 38 78 255 147 0 0 255
    162 255 0 56 255 0 255 0 152 0 255 255 0 255 0 162 214 255 0 216 255
    0 255 255 255 255 0 255 214 223 83 0 255 0 255 203 0 0 0 255 0 37
    131 0 255 0 255 255 0 255 0 255 0 255 0 190 255 255 255 255 0 255 0
    255 0 0 0 255 255 10 255 0 255 0 255 0 255 133 214 255 0 255 0 255 0
    255 0 133 0 255 255 185 240 255 0 255 255 0 255 0 255 219 0 0 211
    122 0 255 210 0 0 255 255 255 255 255 0 163 255 0 255 0 255 0 0 234
    0 0 255 0 0 255 252 255 255 0 255 0 68 255 0 156 108 0 0 0 255 255
    255 255 255 0 0 172 61 0 255 0 255 0 39 255 131 255 0 255 255 90 0 0
    255 0 0 0 0 255 255 0 255 0 3 0 0 205 0 255 0 0 255 0 255 97 0 255 0
    255 12 0 0 255 0 128 0 255 255 0 255 255 255 0 13 169 255 79 0 125 0
    94 0 0 0 255 0 172 255 255 255 255 0 255 0 81 0 255 255 0 255 0 0 0
    255 0 255 0 0 48 255 255 0 0 255 0 255 202 255 0 0 255 137 0 60 255
    255 50 0 0 0 255 255 165 255 213 0 0 255 0 255 0 0 0 0 0 255 0 255
    255 0 255 0 255 0 0 255 0 255 0 255 155 221 0 11 255 0 255 77 141 0
    255 0 255 0 255 44 0 0 255 231 255 163 255 255 255 0 16 255 71 0 255
    0 0 0 255 0 0 222 255 255 0 194 255 255 104 0 255 185 230 255 21 255
    133 30 248 197 0 255 0 126 0 255 0 0 0 255 255 237 0 255 255 6 129
    120 0 255 255 0 255 0 255 0 255 255 255 0 25 79 255 54 0 0 0 0 255
    128 0 255 134 0 255 24 255 255 133 6 0 212 0 0 0 0 255 255 255 255 0
    255 32 0 255 255 255 255 0 255 0 203 255 0 211 255 0 255 128 0 122
    255 0 255 47 255 0 0 255 0 255 0 255 0 0 255 255 255 255 255 255 255
    0 0 255 255 255 242 0 255 0 255 255 3 146 255 48 0 255 255 0 255 255
    151 121 0 0 119 0 0 255 255 0 255 255 255 0 255 136 0 255 0 0 193
    255 255 255 255 255 0 0 255 255 0 0 255 73 255 255 255 0 255 0 255
    140 239 60 255 0 0 255 255 0 0 5 255 255 15 0 255 0 0 255 255 3 0 0
    0 207 255 255 7 0 0 0 255 255 0 255 0 255 255 197 0 0 255 233 0 255
    255 255 0 255 116 255 0 255 255 0 255 0 255 0 0 255 255 0 0 0 255 0
    255 0 29 0 255 255 0 255 0 255 0 0 255 98 255 0 0 225 0 255 0 255
    126 0 255 255 209 0 224 255 255 209 255 0 255 116 255 0 0 0 0 0 255
    0 16 3 255 0 255 0 255 108 0 22 255 0 255 0 255 147 0 0 255 0 0 255
    54 255 255 255 0 255 0 243 255 255 255 0 255 0 255 0 255 0 0 48 0
    255 255 87 0 255 0 255 0 255 255 252 255 28 255 255 0 255 118 0 255
    220 0 255 0 255 255 0 255 0 255 0 255 0 0 5 208 0 0 0 0 255 196 23 0
    0 0 156 0 0 0 0 0 0 255 0 255 0 255 0 255 255 0 255 0 255 0 255 0 0
    0 255 0 244 0 151 255 255 0 255 255 68 255 255 0 0 0 255 255 255 0
    222 255 255 255 0 0 216 255 0 0 110 0 255 255 0 98 232 255 0 147 31
    255 0 255 0 255 255 55 0 0 187 0 255 241 255 0 255 0 0 233 57 255 0
    0 85 255 0 18 255 255 255 75 255 255 0 255 0 255 0 121 0 81 170 255
    0 0 255 0 0 255 0 0 255 105 0 255 0 159 179 255 179 220 15 0 218 0
    111 255 0 97 255 255 0 0 216 255 243 255 80 233 0 255 255 0 95 255
    255 0 0 0 0 0 0 255 255 0 0 78 183 255 255 0 255 255 0 255 0 0 255
    105 255 0 0 0 0 194 0 255 0 255 99 255 255 137 0 255 0 171 255 255
    206 255 0 255 0 140 0 0 255 0 255 255 0 255 255 245 255 255 255 0 0
    255 0 255 0 255 0 255 107 104 58 255 89 220 0 0 0 255 0 255 200 0
    255 0 255 0 0 0 205 0 255 0 255 0 255 54 0 0 0 255 0 255 255 24 255
    255 255 255 255 0 255 0 0 255 162 0 85 0 0 255 255 255 0 255 255 255
    94 156 0 255 227 0 255 0 0 255 0 0 255 0 255 0 152 0 0 255 0 255 0
    71 255 255 255 240 0 255 255 56 255 187 255 0 117 0 255 255 255 0
    255 255 0 255 0 132 0 255 255 0 255 0 0 255 0 255 102 0 255 66 141 0
    0 255 255 0 0 137 0 149 0 0 255 0 255 0 0 0 255 0 255 0 227 196 0
    255 144 0 0 255 255 255 255 0 255 140 0 0 107 255 158 255 255 144 0
    204 255 255 0 255 255 65 0 255 0 133 207 189 255 0 0 0 0 255 11 0
    255 61 255 0 31 0 0 217 255 255 0 255 255 0 35 0 255 0 255 255 0 255
    0 0 79 0 255 0 255 99 255 0 255 0 255 0 68 6 255 0 0 0 255 0 0 0 18
    91 171 255 0 131 0 0 220 0 240 0 85 0 255 255 255 83 0 35 0 255 0
    255 255 0 255 0 255 123 0 255 29 0 113 0 154 255 0 0 167 47 213 244
    0 255 16 255 0 255 0 0 255 255 234 255 126 0 255 0 255 120 149 0 0
    17 92 255 0 255 255 0 255 0 255 178 0 255 0 255 255 0 0 174 0 255
    255 255 0 255 255 6 114 255 255 0 255 0 0 255 0 255 255 0 255 255 0
    0 255 0 14 43 6 156 0 0 80 255 255 255 0 0 10 72 255 0 0 255 0 255
    255 255 0 255 255 122 255 0 255 0 255 18 255 0 255 255 0 255 0 255 0
    255 255 255 0 0 0 255 0 255 225 255 32 67 0 255 255 73 199 0 255 0
    255 0 20 0 8 0 255 255 255 255 0 255 0 0 255 224 0 255 0 0 211 0 255
    63 142 0 255 0 255 66 156 255 255 0 220 0 0 255 0 255 21 99 0 255 0
    168 0 0 255 0 0 255 0 255 0 0 255 0 193 0 167 0 0 255 0 82 0 35 192
    255 255 255 194 32 0 81 248 255 0 255 0 30 255 0 147 255 0 255 201 0
    255 255 0 149 255 47 255 251 0 143 0 255 255 0 255 0 255 0 209 255
    75 255 0 255 45 0 255 0 0 246 255 0 255 255 255 0 234 91 255 56 255
    255 185 27 255 100 0 103 238 0 255 145 0 255 197 0 250 159 83 201
    255 0 255 0 0 255 0 255 0 149 0 255 255 0 255 255 104 0 0 255 0 152
    255 0 0 255 0 255 0 255 0 255 1 0 0 255 0 162 132 0 255 255 255 0
    255 0 255 0 255 255 0 255 210 0 255 0 0 255 98 255 0 0 255 0 0 255
    107 74 0 0 255 0 0 255 0 255 255 0 0 0 255 236 255 0 255 0 152 255
    170 255 151 255 255 0 90 0 0 255 255 255 0 255 255 0 255 255 0 255 0
    255 211 205 0 0 255 11 255 0 0 255 0 0 145 255 255 0 255 164 255 0
    131 233 69 0 255 255 0 8 181 0 134 0 255 0 255 83 85 0 255 0 255 0
    255 255 255 255 255 0 255 221 118 141 45 0 255 255 0 255 255 0 255 0
    255 45 0 0 0 0 0 255 255 0 255 94 0 0 255 30 255 255 255 0 255 0 0
    255 0 0 0 0 0 246 0 255 0 155 255 255 0 0 255 255 53 0 250 0 0 255 0
    255 0 255 0 255 195 169 0 255 0 255 0 255 255 0 0 0 0 0 0 255 14 255
    139 255 0 255 0 154 0 255 255 228 255 0 255 0 255 0 255 247 255 255
    255 111 255 255 0 0 0 14 255 0 255 255 255 255 27 255 255 0 255 255
    0 221 255 255 255 0 0 255 0 0 155 255 0 0 43 0 255 255 130 225 28 0
    109 0 27 0 2 255 0 255 255 255 118 198 255 0 0 255 0 255 0 0 255 255
    125 255 0 0 0 0 255 255 0 255 0 0 0 255 24 243 0 0 0 0 0 0 199 255
    255 0 255 67 105 0 255 255 0 255 0 0 0 255 255 150 255 255 255 248
    196 0 255 255 99 255 0 0 255 74 0 255 196 0 0 255 255 255 255 255 0
    0 255 176 255 220 20 255 255 0 0 0 255 26 255 0 0 255 230 31 0 0 255
    111 204 162 0 255 0 49 0 0 0 255 61 78 255 0 255 19 255 209 255 0
    255 255 106 0 0 255 0 255 0 255 255 0 7 0 255 0 0 255 255 0 255 0 47
    0 0 255 0 0 255 255 255 255 0 255 0 255 255 0 255 225 255 0 0 255 0
    116 255 200 255 0 0 0 255 0 0 255 0 255 0 255 0 255 255 0 255 53 255
    0 255 255 255 0 255 62 0 255 102 0 6 0 76 0 255 0 255 0 255 0 255
    255 255 0 255 255 21 73 0 0 255 0 0 0 255 255 0 0 255 0 0 255 255
    255 0 0 255 0 0 0 255 0 255 114 255 145 255 28 174 255 255 0 255 0
    255 0 255 255 220 168 0 93 255 255 146 0 255 0 163 0 0 255 255 0 51
    123 99 0 255 233 255 0 229 255 0 255 0 255 255 255 204 255 255 0 255
    0 0 255 128 0 131 0 255 0 255 255 186 0 0 255 11 0 0 255 0 0 255 0 0
    0 41 255 190 184 255 0 255 0 255 0 0 255 0 0 255 255 47 0 255 255 0
    255 0 255 0 255 0 255 0 255 0 0 255 255 0 207 190 255 0 0 255 59 255
    174 0 0 23 204 0 146 0 255 0 150 255 255 255 239 255 0 60 255 246
    245 255 0 255 0 0 255 0 255 124 255 28 255 0 255 0 255 0 0 255 0 255
    0 0 0 0 255 255 0 0 255 0 48 113 255 117 255 255 0 255 255 0 0 255
    255 255 255 0 69 255 0 255 255 146 0 255 221 0 255 206 0 255 0 255 0
    9 255 255 0 22 80 255 0 0 109 143 0 0 0 0 255 0 255 0 0 255 255 0 0
    0 0 0 255 0 122 255 0 255 0 255 0 255 0 0 255 255 0 255 255 0 99 198
    255 233 255 255 255 0 0 255 0 255 0 255 0 78 255 0 255 255 0 0 255
    67 0 255 0 0 255 202 255 239 255 217 255 0 212 255 0 0 106 21 0 255
    0 255 26 160 0 255 0 0 216 0 255 0 0 255 255 0 255 0 0 0 205 255 0 0
    0 255 255 255 255 0 244 255 0 255 139 255 255 255 0 0 0 255 0 213 0
    255 15 255 255 255 0 255 255 0 0 255 0 0 107 255 13 0 156 0 255 255
    0 255 0 255 53 0 0 255 0 0 0 255 0 255 255 0 255 255 157 1 47 255 0
    149 0 255 0 0 0 221 0 143 255 255 0 255 0 255 79 149 255 255 0 255
    255 0 0 0 0 255 0 126 95 62 255 0 255 0 255 255 0 255 0 255 255 255
    0 151 48 0 255 0 26 0 0 196 30 255 0 255 0 0 0 255 220 205 85 153
    255 0 255 0 255 255 255 255 0 255 89 0 99 255 0 73 255 109 31 0 255
    104 255 0 255 255 0 0 0 255 0 0 0 0 235 7 0 255 255 255 0 255 92 255
    255 255 255 255 255 0 164 0 255 0 255 255 14 255 255 0 37 0 99 0 255
    255 6 0 255 0 255 255 255 0 0 255 255 212 255 255 0 255 255 255 0
    255 255 0 255 196 255 0 0 0 255 0 255 115 255 0 62 90 210 255 0 0 81
    8 255 0 255 255 0 255 255 255 0 255 0 255 0 255 255 0 0 255 255 86
    255 0 230 191 178 0 255 0 255 0 0 255 0 255 0 255 136 0 255 255 255
    0 0 0 0 0 255 100 68 0 255 255 255 5 234 150 255 0 255 0 255 0 255 0
    0 255 255 128 0 255 0 0 255 0 255 194 0 0 255 225 0 255 103 255 0
    191 134 255 255 255 255 255 0 255 0 188 255 185 2 0 0 0 255 0 255 0
    255 250 138 0 255 0 0 255 255 0 0 0 123 0 255 0 255 0 255 0 255 255
    0 0 0 255 255 0 111 43 255 135 255 0 255 255 0 255 0 255 0 0 0 255
    255 6 0 25 255 95 255 0 255 52 0 255 255 0 255 120 255 0 255 0 255
    220 0 0 255 239 0 0 255 0 255 255 0 255 0 0 173 0 255 0 42 255 0 255
    0 0 0 111 255 255 238 255 0 0 0 0 255 0 0 255 0 255 0 157 0 0 255 0
    0 255 48 0 187 255 0 0 0 255 0 0 0 0 0 14 152 255 51 161 0 255 0 255
    0 255 255 40 0 255 74 0 0 3 255 255 0 147 0 255 0 255 0 255 255 0 0
    0 255 0 0 255 60 255 0 255 102 0 255 0 215 4 255 255 35 0 82 255 255
    0 255 255 255 80 0 0 255 255 0 0 116 32 255 0 255 0 255 255 0 255 0
    0 255 59 0 0 0 255 255 0 0 255 255 0 207 0 0 159 0 0 0 255 255 0 28
    219 172 0 141 234 255 0 114 255 0 0 255 255 0 255 234 0 255 90 161 0
    255 223 0 80 104 7 0 255 255 0 0 255 255 0 255 0 255 255 0 2 255 255
    255 255 0 255 0 170 0 0 255 0 255 0 255 255 0 0 0 255 0 255 0 0 0 0
    255 0 172 255 255 0 255 54 188 255 0 255 0 255 255 213 142 255 255
    255 0 0 0 255 228 255 0 255 0 114 0 255 255 0 255 74 211 255 0 255
    66 255 0 22 178 2 44 255 0 184 0 0 255 255 0 0 255 255 0 255 255 235
    0 0 255 255 0 255 0 255 0 255 255 0 0 255 0 255 0 255 255 0 255 0
    255 255 255 255 0 255 255 0 255 0 255 0 255 35 255 0 232 19 244 0
    191 255 0 255 0 97 0 166 132 0 255 255 255 0 255 0 255 0 0 40 137
    255 0 0 12 255 255 0 0 0 0 0 139 0 255 255 0 0 255 0 255 0 0 201 0
    211 0 255 0 0 0 0 60 255 255 255 0 0 255 0 118 6 0 255 255 94 255
    106 0 255 0 255 0 255 0 255 255 255 255 255 0 255 0 255 0 104 95 0
    255 255 0 255 255 255 0 255 82 0 255 0 219 255 0 0 0 255 0 0 255 255
    0 255 0 255 0 255 189 0 0 255 0 255 0 0 255 0 0 0 255 0 0 255 255 0
    255 0 0 33 0 255 255 0 207 255 0 255 104 0 151 0 0 255 0 255 0 255
    242 168 255 0 255 0 189 255 0 0 0 255 255 0 0 255 0 0 105 0 0 255
    107 255 125 255 95 0 255 0 255 0 255 255 255 0 255 206 255 89 255
    255 255 0 14 214 0 255 255 0 0 255 0 57 255 0 65 45 239 0 0 255 0
    255 255 14 255 0 158 0 255 171 159 80 207 255 0 255 0 0 0 255 0 255
    0 85 0 255 0 255 0 255 255 255 0 255 0 0 255 0 0 255 0 255 255 0 255
    115 0 255 255 0 255 255 0 255 0 255 255 0 0 0 255 0 255 0 83 255 255
    255 241 255 116 255 88 0 255 0 255 76 0 230 255 0 255 210 183 0 0
    255 255 0 0 255 255 0 255 255 255 0 87 70 255 119 213 255 0 255 0
    255 255 0 255 255 198 0 255 0 18 0 255 0 255 255 0 255 255 255 51 0
    255 0 241 255 0 0 255 29 255 0 194 0 255 255 0 199 149 0 255 0 255 0
    255 0 255 0 207 255 0 255 0 0 255 0 255 255 130 0 198 255 14 0 255 0
    255 0 255 109 255 0 255 0 255 172 0 60 0 255 255 0 255 0 0 255 0 255
    255 0 255 255 255 0 0 0 255 0 255 0 255 81 182 131 255 237 255 255 0
    255 185 0 225 255 0 242 0 255 0 214 255 0 255 0 255 162 255 0 255 0
    255 255 242 255 147 0 0 255 0 178 0 255 255 0 0 255 0 255 255 255 0
    255 0 0 0 255 0 255 0 0 255 145 0 0 255 0 255 255 0 255 255 0 255
    209 0 152 40 0 255 245 0 0 255 72 0 197 0 255 0 0 112 0 255 255 255
    0 255 0 255 0 255 0 255 0 0 255 215 125 0 255 0 255 0 255 255 0 255
    0 255 197 255 0 255 0 255 0 0 255 205 0 110 107 255 1 255 0 42 0 255
    255 0 255 0 255 255 0 255 255 0 0 99 202 0 255 255 0 255 0 255 255 0
    0 255 255 0 49 0 0 255 132 0 0 255 0 0 255 255 255 0 255 227 0 255
    255 95 0 255 0 255 255 0 255 0 151 0 255 0 0 0 142 0 127 255 0 0 255
    0 255 0 255 255 199 0 0 193 255 67 192 0 255 0 255 0 255 0 0 141 45
    0 0 0 0 255 26 0 255 161 255 104 0 255 0 255 0 0 255 244 255 0 0 255
    125 236 255 136 0 99 30 0 255 255 0 255 0 0 166 0 255 233 255 255 0
    0 0 255 8 0 255 0 255 0 0 255 0 255 124 255 121 0 255 0 255 255 230
    0 180 0 0 0 255 0 0 0 255 0 26 0 255 0 255 255 0 255 255 0 255 255
    255 103 255 66 0 0 0 84 0 0 255 4 0 255 0 204 107 255 255 0 0 206
    255 0 255 255 0 177 0 255 255 0 255 56 255 0 255 0 162 9 255 0 255 0
    0 255 0 0 255 255 255 255 0 157 117 199 255 44 112 0 255 0 255 0 255
    29 255 0 255 0 255 0 255 30 27 10 0 254 0 0 89 0 88 250 0 255 0 255
    0 255 255 255 0 2 255 25 255 0 115 220 0 255 0 255 61 255 255 255
    255 255 0 0 255 228 0 255 255 157 165 0 0 255 199 0 255 0 255 76 0
    255 17 255 255 255 0 255 255 255 0 255 255 0 0 14 188 255 0 144 237
    255 255 0 255 0 0 255 0 255 245 0 214 219 116 135 255 0 255 0 255 0
    191 255 0 255 0 255 0 19 255 0 255 43 255 0 0 255 0 255 0 255 21 255
    255 0 255 205 255 0 184 255 0 255 0 0 13 56 255 13 0 255 0 255 0 20
    0 255 0 255 48 0 199 255 0 255 0 255 0 151 0 0 218 0 255 0 0 255 111
    255 0 255 255 255 255 255 0 255 0 255 255 0 255 0 0 0 255 0 255 255
    0 255 255 0 255 0 255 0 0 255 163 0 0 0 255 0 91 136 0 226 255 255 0
    0 255 255 255 0 0 255 0 8 0 255 48 30 255 0 0 39 23 255 255 0 241
    254 0 255 0 0 43 255 255 0 0 255 103 255 0 255 0 0 255 0 27 0 224
    255 0 255 0 255 255 255 0 255 255 255 255 0 6 0 255 0 0 255 62 31
    179 255 255 255 0 255 218 255 0 255 0 255 255 255 0 0 255 0 255 0
    255 0 0 0 240 0 255 0 255 255 255 0 255 0 0 255 0 23 255 0 0 231 0 0
    255 0 255 0 255 0 255 0 169 255 255 0 136 0 163 0 0 67 255 255 255
    255 255 0 255 31 242 0 72 255 0 103 42 255 0 255 255 0 255 0 241 143
    255 0 255 75 0 0 0 255 255 119 255 255 24 255 0 207 0 255 0 0 0 255
    0 255 255 207 0 167 255 0 0 255 0 120 255 0 255 51 255 255 255 0 0 0
    255 0 255 255 74 0 255 255 255 0 255 0 255 255 156 0 255 255 42 43 0
    56 83 255 0 255 255 0 255 255 0 212 255 255 160 255 0 0 0 0 69 255 0
    0 255 255 0 255 0 255 0 255 0 0 0 255 47 246 0 255 138 0 255 0 0 255
    255 255 125 255 255 255 0 0 0 255 0 255 49 255 0 255 0 255 85 0 255
    0 0 0 255 0 255 255 0 0 133 0 255 0 0 255 0 0 30 0 181 255 255 0 255
    0 255 255 0 255 198 255 0 255 24 230 20 0 0 255 255 0 0 255 0 75 0
    157 0 255 221 0 255 0 0 255 255 190 255 0 255 255 0 255 255 0 0 0 76
    255 0 130 0 255 53 255 255 255 0 255 0 0 255 255 157 0 0 25 0 255 0
    255 255 0 255 255 0 0 255 255 255 0 255 0 0 0 255 0 255 0 255 255
    110 255 255 255 189 161 255 0 0 255 255 0 255 255 0 255 0 255 38 255
    68 139 0 0 255 0 255 249 255 62 255 196 0 255 0 103 0 227 0 255 255
    0 0 0 255 255 0 0 255 255 0 255 0 0 255 0 255 0 133 255 63 0 87 0
    255 255 0 255 255 28 0 0 0 255 0 95 0 0 0 255 217 0 255 255 0 0 0 0
    0 0 0 0 143 0 0 255 253 148 255 0 255 0 0 175 255 153 255 0 0 0 255
    255 255 40 255 255 255 0 0 14 255 255 0 255 0 255 2 255 8 24 255 255
    255 0 0 81 0 0 255 116 71 60 154 255 0 255 80 255 255 255 0 255 255
    255 255 255 0 255 129 0 255 255 0 255 0 0 255 0 255 0 0 255 255 0
    255 0 208 255 255 255 255 255 255 0 0 255 173 255 0 255 96 252 240 2
    255 255 0 255 24 12 255 0 255 0 255 0 0 0 255 0 255 255 255 0 255 0
    0 0 39 0 0 255 255 255 109 255 0 0 210 0 255 231 255 255 1 0 101 88
    0 255 0 255 141 0 0 56 255 255 255 0 0 255 0 36 255 0 255 17 4 0 255
    255 0 255 255 255 0 255 255 0 255 189 0 47 255 239 0 173 255 0 0 255
    0 0 0 255 0 255 22 211 255 0 255 255 0 0 0 255 0 255 0 0 255 214 0
    255 255 255 178 0 0 0 0 255 51 0 255 38 255 255 0 148 139 0 255 0
    255 255 0 214 255 46 255 255 255 0 255 0 0 255 255 255 41 78 136 255
    0 255 207 164 255 0 158 52 0 255 0 58 101 0 41 255 0 153 200 255 255
    0 0 255 133 0 0 255 255 255 0 0 255 0 184 255 0 58 255 79 255 108
    255 0 0 255 255 255 0 255 0 255 255 0 255 0 255 0 71 255 0 139 0 0 0
    0 255 0 0 0 255 0 255 0 0 11 255 121 0 255 0 0 0 0 0 255 0 255 0 0 0
    0 0 240 255 255 0 255 255 255 255 0 255 255 100 95 0 255 255 0 232
    255 0 0 234 0 255 0 255 0 255 0 0 255 0 255 0 255 76 255 0 13 0 0
    255 255 255 217 0 255 0 0 255 171 0 252 255 255 255 0 0 255 0 255
    255 0 255 34 0 255 0 0 255 255 255 0 0 255 89 255 0 255 255 0 0 186
    0 255 0 255 255 0 255 0 0 255 255 0 79 255 255 0 2 255 232 0 19 169
    255 255 0 129 0 56 255 0 255 76 255 255 0 255 0 0 255 0 0 0 255 0
    255 255 180 255 0 40 0 255 0 255 124 255 0 0 0 255 0 255 176 0 0 39
    0 112 0 255 255 0 53 255 205 255 255 0 239 255 0 255 70 0 71 255 255
    0 255 255 231 167 255 0 232 0 255 216 255 0 102 255 255 69 0 255 255
    0 255 255 255 255 54 255 255 0 91 0 219 0 7 255 0 0 0 187 0 255 255
    255 0 0 0 0 255 255 0 255 0 255 0 255 0 255 0 255 52 0 255 255 0 255
    0 255 0 255 0 0 48 255 0 255 193 255 255 0 0 0 255 255 0 201 159 255
    0 0 255 0 0 255 0 255 0 141 0 125 255 0 111 255 34 0 130 57 255 0 37
    255 255 255 0 0 255 0 59 0 255 255 0 255 255 255 0 255 255 0 104 152
    255 255 0 255 0 72 19 160 0 255 161 31 255 219 134 255 1 0 255 255 0
    0 255 35 0 95 13 255 255 0 255 17 0 255 0 0 0 255 8 0 255 0 0 65 0
    255 255 0 255 255 0 255 0 255 0 0 139 0 255 0 77 226 255 76 0 255 0
    255 255 255 0 0 255 79 255 248 0 0 0 255 0 255 0 255 0 255 0 185 255
    0 255 0 255 0 255 255 255 0 8 0 247 0 255 0 255 0 120 59 85 215 255
    55 0 255 0 0 255 30 255 136 0 70 255 0 255 0 0 0 140 0 76 255 0 255
    0 0 0 255 255 255 0 0 0 255 0 255 0 0 0 255 255 255 172 0 255 0 0
    255 9 255 255 6 59 255 19 0 34 25 0 0 107 0 255 0 255 0 214 0 201
    109 255 0 255 255 129 255 0 0 255 255 0 17 255 0 23 255 0 255 0 255
    255 47 125 255 255 0 255 220 72 255 0 255 255 255 0 0 255 121 255 0
    0 0 255 0 255 0 255 93 0 0 255 110 0 255 0 54 0 255 255 54 255 255 0
    8 189 0 255 30 0 0 255 0 0 255 49 192 0 255 0 255 255 247 255 255 0
    0 0 255 0 0 255 255 0 243 0 0 0 255 0 0 32 255 0 255 0 103 255 229
    41 81 0 255 255 0 0 255 65 0 255 255 255 0 255 0 255 255 0 237 93 0
    255 0 0 0 255 255 185 0 0 255 0 255 255 255 0 0 0 255 142 83 0 255 0
    255 0 0 255 0 0 0 255 0 255 0 15 39 255 255 0 255 0 0 0 255 20 255
    208 0 0 123 0 255 255 255 5 0 0 255 0 255 65 255 222 0 161 255 0 255
    0 255 0 255 0 255 0 241 255 0 0 243 255 0 255 241 0 0 10 0 255 112
    255 255 227 0 255 0 255 0 250 255 255 255 255 0 255 255 255 210 255
    0 255 0 0 0 32 255 0 255 0 255 0 255 134 66 0 255 0 35 255 0 0 255
    255 236 255 0 0 255 0 255 138 255 255 0 255 0 234 255 0 255 0 255
    255 0 219 0 255 0 255 0 187 255 0 255 219 0 255 255 255 0 0 255 0 52
    0 189 0 255 0 255 255 0 173 255 103 255 0 255 255 255 0 255 0 255 0
    0 0 0 255 0 255 0 0 0 255 255 0 0 49 255 255 255 0 255 0 255 0 0 210
    0 255 255 73 0 255 146 255 60 255 0 255 97 0 146 255 0 255 255 255
    255 207 0 255 0 0 0 0 255 255 246 0 0 215 0 0 255 0 255 255 0 255
    255 38 0 0 255 0 255 0 0 255 79 237 0 255 0 255 0 255 0 24 255 0 212
    109 255 0 0 255 0 255 223 255 255 0 255 0 255 0 0 255 0 255 255 255
    109 255 255 0 255 0 255 255 0 206 255 255 0 0 255 8 95 0 255 86 0
    255 0 0 0 255 113 179 0 255 144 0 255 255 0 255 0 255 0 255 0 255 0
    255 0 0 0 255 0 255 0 73 255 0 57 0 0 255 0 255 0 255 0 33 255 0 255
    255 0 0 255 21 255 0 255 132 0 255 0 255 255 39 6 0 255 0 255 0 255
    244 220 255 0 0 255 255 0 0 255 0 255 0 0 0 255 0 103 0 255 216 0
    255 0 255 0 0 255 0 255 0 255 0 255 0 255 255 38 0 81 0 0 11 255 46
    255 0 0 255 0 0 0 86 0 0 255 255 136 255 255 206 230 0 255 255 0 0 0
    255 255 255 0 255 0 255 0 255 0 255 0 255 0 0 255 0 144 65 0 10 255
    0 255 0 0 255 0 0 255 0 0 0 255 193 0 55 255 255 255 0 99 255 95 0 0
    0 0 255 163 117 0 0 0 255 255 0 0 255 255 0 0 255 255 0 255 0 255
    154 0 173 0 255 255 255 0 0 255 206 227 255 0 0 27 0 255 249 0 0 255
    0 255 0 195 0 38 255 0 144 255 255 91 0 255 255 181 255 255 57 0 0
    255 0 0 255 0 255 255 0 255 0 255 0 255 0 70 255 0 255 0 17 87 253
    255 0 255 0 115 125 255 255 0 202 0 255 188 0 255 0 0 0 70 0 255 0 0
    255 214 0 255 255 0 153 160 255 255 0 255 65 0 0 0 255 0 0 104 0 0 0
    0 92 255 0 255 0 0 255 255 0 140 186 0 255 137 0 0 0 255 255 0 255
    255 52 255 0 255 0 0 255 255 23 255 0 255 255 255 255 0 255 0 255 0
    0 147 0 255 255 255 0 255 0 0 255 255 0 255 0 255 255 220 255 255 0
    255 255 169 255 0 0 0 6 0 255 210 255 0 0 137 255 0 255 255 0 255
    255 12 255 3 62 255 141 40 255 29 0 0 255 255 126 0 255 198 255 255
    0 255 255 255 0 0 0 255 0 212 0 0 164 101 0 255 23 255 0 255 0 0 255
    255 255 0 0 0 0 255 0 97 255 0 255 0 255 127 143 0 0 115 255 255 0 0
    255 0 255 255 255 0 40 255 255 255 255 0 0 0 255 0 255 0 255 255 0
    255 0 0 0 255 86 0 255 0 67 133 0 0 255 255 255 0 42 103 0 255 0 0 0
    255 0 0 0 255 0 255 94 255 0 255 0 198 255 0 0 255 101 0 70 200 255
    177 209 255 224 231 255 176 200 0 0 0 255 255 0 255 112 0 255 0 0
    255 255 0 112 0 0 255 0 0 255 0 44 255 255 0 0 255 255 0 255 255 136
    255 255 255 0 255 0 255 127 0 0 0 255 0 69 255 0 255 255 0 255 255 0
    128 0 0 0 69 255 27 255 0 255 0 255 255 0 255 255 0 255 255 217 0
    255 188 0 255 116 255 0 255 0 255 0 255 0 0 255 255 255 8 0 255 0
    255 255 255 234 0 255 255 0 255 255 0 169 255 0 0 255 0 0 255 168 0
    255 0 255 8 124 255 0 255 255 0 255 0 255 255 255 0 255 0 255 15 53
    0 255 255 0 93 0 255 255 0 0 241 255 255 129 0 255 28 0 255 40 0 255
    255 255 0 255 255 0 255 255 255 255 0 0 255 92 126 255 255 255 0 255
    255 0 255 0 0 255 0 245 0 0 255 255 255 0 0 0 0 255 0 0 0 255 255 0
    35 177 0 255 45 255 33 255 0 0 0 255 204 0 255 255 0 0 43 255 255
    255 0 28 255 255 0 255 68 255 0 255 255 0 37 222 0 255 255 0 255 240
    0 255 180 0 255 255 30 255 13 255 0 0 255 0 0 255 0 0 245 0 255 0
    255 0 68 255 0 255 255 255 0 31 255 0 255 255 173 255 255 0 255 58 0
    255 231 148 0 172 0 255 255 255 255 0 255 180 0 0 0 255 0 0 255 199
    255 37 128 0 0 0 0 255 255 0 255 0 0 255 0 255 0 0 255 0 78 0 0 255
    255 0 0 255 0 255 255 0 255 255 0 255 0 0 255 0 255 169 0 48 255 255
    0 255 0 0 238 90 237 0 255 0 255 16 255 255 0 255 159 204 0 255 0
    101 0 255 0 0 13 131 255 0 49 0 0 0 171 0 255 255 52 255 255 0 255
    30 0 255 0 255 0 250 91 146 7 0 89 155 0 0 227 0 61 0 255 0 0 255 0
    255 0 255 0 0 13 255 0 255 66 0 255 0 255 255 0 255 255 0 255 0 255
    0 0 255 0 193 0 255 255 255 255 255 255 0 0 255 0 0 53 255 0 208 0
    255 255 255 0 255 0 255 152 255 255 83 202 212 148 0 255 255 0 103
    255 255 97 200 255 181 192 199 255 255 0 188 41 255 255 0 255 0 112
    255 0 0 0 255 136 0 255 255 0 255 0 159 0 255 0 255 0 255 0 255 65 0
    255 255 149 0 255 255 0 0 0 0 255 0 0 0 0 69 255 0 0 255 0 136 0 0
    143 0 0 0 0 255 255 255 0 18 255 0 0 255 0 255 51 255 148 121 255 0
    255 0 37 0 255 255 0 255 215 255 0 255 0 13 0 255 133 164 119 255 12
    0 0 255 0 0 255 0 255 255 255 255 0 255 255 0 0 255 255 0 255 255 0
    141 255 255 0 134 255 0 255 233 133 0 0 255 0 255 0 255 0 0 255 63
    255 0 75 255 255 0 255 102 153 195 0 133 255 0 194 0 0 255 255 0 134
    0 255 0 122 255 0 255 0 255 0 169 255 0 0 255 0 0 255 0 186 255 0 0
    255 255 0 255 0 117 0 255 0 255 0 255 255 0 0 255 255 0 255 0 255
    255 0 151 255 255 0 0 171 0 0 255 255 0 255 255 0 0 0 0 0 92 0 255 0
    0 255 255 0 0 0 9 0 255 255 0 0 253 98 0 0 0 169 255 181 173 45 118
    126 255 255 0 0 25 139 255 0 255 0 0 255 0 255 0 60 0 255 0 68 255
    255 0 169 72 255 0 0 255 255 131 0 255 255 0 0 0 0 0 87 0 255 255
    216 255 0 255 255 0 210 255 255 0 255 28 0 255 255 0 216 136 0 255
    57 0 0 255 36 255 0 255 255 0 139 255 255 0 255 0 233 255 0 255 0 0
    255 0 255 0 255 0 255 215 83 0 0 255 0 0 255 245 0 255 0 255 45 0
    255 0 0 0 255 255 255 255 255 0 255 255 80 0 0 255 0 0 255 255 0 0
    119 0 17 255 0 0 0 0 255 0 55 127 0 255 255 28 255 0 0 255 0 255 0 0
    255 255 0 255 0 255 255 0 255 0 255 255 0 205 255 131 255 82 0 255
    255 48 33 138 0 0 255 225 0 255 255 7 255 0 255 255 72 255 0 0 255
    223 0 0 255 0 255 255 255 0 0 210 0 255 0 62 255 119 53 0 255 255
    255 0 255 0 255 155 77 255 0 255 255 255 255 89 255 0 223 255 255 0
    203 104 255 255 74 68 0 255 0 208 210 255 255 255 0 255 0 255 0 222
    255 0 0 255 0 161 255 0 255 255 132 0 255 0 0 255 0 244 136 124 125
    0 255 255 151 0 255 0 255 255 0 91 255 255 255 255 113 55 255 0 255
    255 0 255 0 0 0 0 0 255 0 255 0 179 0 0 255 0 255 0 255 0 255 0 0 0
    255 176 255 0 255 255 255 0 0 0 192 255 255 6 242 255 0 255 0 255
    210 0 134 0 159 73 0 0 0 255 179 175 255 14 0 0 255 0 80 255 0 0 0
    255 0 0 123 0 0 0 255 0 47 255 255 255 255 0 151 24 0 255 255 124 60
    0 0 15 255 255 94 255 0 255 115 183 255 0 255 0 173 255 0 0 255 0 16
    255 0 0 255 255 0 0 255 255 43 207 255 0 0 255 0 105 0 255 5 255 0
    106 0 0 255 255 52 255 103 0 0 0 255 0 255 0 198 0 0 255 255 0 255
    140 0 202 0 255 0 255 199 0 127 255 0 255 39 215 0 255 20 45 134 0 0
    255 0 0 255 0 255 0 255 0 0 255 0 255 255 0 255 0 255 41 0 255 0 0 0
    255 255 0 255 255 148 0 255 12 255 255 0 0 255 255 255 255 0 0 130
    236 0 0 255 252 43 255 253 0 0 255 0 0 255 234 0 0 255 0 255 0 0 0
    255 189 0 255 0 0 255 255 0 255 0 255 0 255 255 255 0 255 124 0 255
    0 255 255 0 255 255 255 0 255 0 147 255 0 0 255 0 178 0 253 0 28 255
    0 204 255 255 0 255 0 237 0 255 0 138 20 0 255 0 113 255 0 255 255 0
    0 0 255 0 59 0 255 0 217 255 89 255 255 0 0 255 255 231 255 114 0
    255 0 204 162 0 255 0 0 0 0 255 0 0 226 255 0 255 255 0 255 255 0
    255 108 0 255 0 255 112 0 0 255 0 255 208 36 255 0 255 199 0 209 209
    255 255 0 0 255 0 27 255 0 255 0 255 255 0 255 255 255 0 255 0 255
    255 0 255 255 255 0 0 255 0 255 255 255 255 0 0 246 0 255 255 0 251
    0 255 255 165 255 0 0 255 255 0 0 0 255 0 255 255 0 255 0 255 0 255
    0 255 0 54 141 255 255 0 0 125 255 255 255 255 192 0 255 255 70 23 0
    255 102 0 177 154 116 0 255 191 0 255 255 0 0 255 0 255 0 0 0 0 255
    0 255 0 255 0 255 0 255 186 255 39 0 0 255 0 255 0 255 255 255 255 0
    255 0 24 255 255 0 0 0 255 0 255 0 255 255 0 255 255 0 0 255 0 170 0
    0 0 113 0 0 220 255 78 124 241 255 153 255 255 0 255 0 234 255 0 255
    225 255 0 0 0 255 0 0 255 0 255 0 255 0 255 255 0 255 15 255 255 255
    0 0 154 254 0 128 0 58 137 0 255 2 0 145 0 213 255 255 255 255 210 0
    70 0 0 255 255 3 0 255 187 255 0 0 255 255 0 0 0 24 0 0 255 0 0 59 0
    255 255 0 255 225 178 255 0 255 0 255 255 0 255 191 250 255 0 255
    171 255 0 255 0 255 255 0 255 0 0 255 255 0 115 255 0 157 0 0 0 0
    255 0 49 0 255 0 0 10 9 57 255 0 0 255 255 174 0 0 255 0 255 255 255
    0 160 255 255 0 255 91 255 0 255 0 0 255 0 255 255 255 0 255 0 115
    255 0 255 100 247 97 0 61 255 120 255 255 0 40 0 255 129 255 0 255
    255 42 0 255 255 0 148 0 255 255 147 255 226 60 255 0 255 0 137 0
    154 5 137 0 255 0 0 255 255 0 160 172 255 0 0 255 0 255 0 255 255
    255 0 255 255 0 175 0 255 255 0 112 255 0 0 255 255 255 255 255 141
    0 246 255 0 255 255 0 255 255 52 253 0 138 118 0 0 255 0 0 255 0 0
    255 255 150 0 255 255 255 0 0 255 10 0 255 37 49 189 0 255 196 0 255
    0 156 130 0 255 0 30 0 143 255 0 255 49 26 255 0 0 0 0 0 255 211 182
    255 0 255 0 0 255 0 255 255 255 0 0 0 0 255 0 0 255 0 255 255 0 255
    0 255 0 255 177 0 255 0 0 254 255 255 0 255 195 0 26 0 0 0 255 0 51
    0 135 255 0 255 255 255 0 141 255 0 95 0 255 255 0 91 255 255 0 255
    0 0 255 255 213 0 255 0 255 0 255 0 255 0 255 0 255 10 0 255 0 255 0
    0 255 173 4 0 0 255 0 255 166 0 255 0 186 0 255 0 0 33 255 255 255 0
    255 0 255 0 138 0 0 255 255 255 0 0 25 135 0 0 255 255 255 0 0 255
    78 0 0 0 0 255 0 242 42 255 0 0 204 230 229 0 255 0 0 255 255 255 0
    255 255 255 0 255 0 0 255 255 255 162 82 0 255 0 255 255 255 112 255
    0 0 255 0 0 0 136 0 255 255 0 255 0 255 0 255 0 0 255 255 0 255 0
    255 0 255 255 255 0 255 255 0 0 255 255 0 0 255 0 0 101 255 227 0 0
    255 0 255 0 255 255 0 255 238 0 255 0 255 25 115 255 255 0 0 4 255 0
    255 0 0 255 0 255 255 15 56 0 255 255 58 255 255 127 255 0 0 255 255
    255 255 0 255 255 0 255 0 228 0 0 255 0 255 255 0 224 255 255 141
    255 255 0 48 0 255 0 255 0 255 255 255 18 82 0 0 255 0 255 255 0 0
    255 255 0 255 255 0 255 0 40 255 0 0 150 0 0 255 0 255 0 0 200 255
    255 255 0 14 255 255 255 82 0 255 0 103 0 0 176 255 255 0 128 255
    255 0 255 0 229 255 0 0 255 0 255 4 255 23 44 0 0 255 66 255 0 0 191
    255 255 0 0 230 0 255 0 255 229 3 255 0 0 0 255 21 255 0 0 239 255 0
    255 140 176 0 64 255 255 114 255 0 255 255 255 0 0 0 0 0 222 255 0
    255 0 255 0 0 255 0 55 255 255 0 0 0 255 0 0 255 0 255 0 219 255 255
    0 255 0 0 255 0 255 0 255 255 255 0 5 236 255 0 255 255 255 0 255 0
    255 0 0 255 255 0 0 159 255 0 255 255 255 93 255 255 0 72 0 255 255
    177 0 0 255 255 0 255 255 58 255 0 255 0 0 255 255 49 140 0 255 0
    255 53 255 28 0 255 201 0 0 255 0 0 255 255 255 255 0 0 255 0 0 183
    0 255 77 255 0 0 255 5 255 255 255 255 0 0 68 255 255 0 255 147 0 0
    255 224 255 0 255 96 0 255 255 0 255 77 0 0 0 0 255 130 0 237 0 255
    250 121 255 0 255 255 0 255 115 105 0 145 0 255 0 255 0 113 0 64 255
    0 0 45 184 34 0 128 255 255 178 0 255 255 255 158 34 0 255 0 0 0 255
    0 0 255 24 255 0 0 255 255 0 255 0 245 255 0 255 0 255 22 0 0 148
    235 0 255 123 255 0 18 255 0 255 0 255 90 0 255 39 0 0 255 0 0 255 0
    0 254 0 255 165 0 255 0 255 20 255 0 130 0 255 0 0 0 0 255 0 255 255
    78 0 122 116 0 185 0 255 251 255 255 255 0 0 255 0 0 0 255 255 255
    137 41 255 0 255 255 0 45 255 255 0 255 255 210 0 255 154 255 255
    255 0 255 80 0 255 0 255 215 255 0 179 0 255 255 255 255 0 0 255 0 0
    255 255 0 0 255 0 255 0 0 255 202 255 255 118 228 0 255 0 0 0 255
    255 0 255 122 255 255 112 110 255 0 0 205 0 0 0 255 180 5 255 56 0
    255 255 164 0 0 255 18 0 0 255 3 0 0 0 0 255 255 255 255 0 255 0 96
    0 46 210 223 0 211 255 0 0 255 255 255 255 0 255 0 255 255 0 255 0 0
    0 255 0 30 180 255 0 0 255 0 255 78 255 228 255 0 172 0 38 31 176 58
    255 255 0 255 0 0 255 117 255 201 0 255 151 255 0 255 0 255 255 0
    255 0 255 109 96 255 0 255 0 0 0 231 255 255 0 35 226 255 0 255 0 0
    240 50 255 0 217 255 0 255 0 255 255 131 60 255 255 0 255 216 0 255
    0 0 255 0 0 255 255 98 92 255 0 255 0 255 0 0 255 255 0 255 17 40 0
    255 255 255 0 255 0 255 0 0 255 0 255 255 255 0 0 22 255 0 0 53 0
    255 36 255 220 0 255 255 252 255 0 255 0 0 255 180 0 255 0 0 199 255
    255 176 0 255 0 70 255 0 0 255 255 255 0 0 255 255 255 23 168 52 0
    255 0 255 0 255 0 255 0 109 255 0 109 0 0 0 255 205 255 0 255 0 255
    83 255 0 0 0 255 255 58 255 255 255 0 163 170 163 255 0 255 0 20 213
    255 212 0 255 0 255 0 255 32 163 189 0 211 0 0 255 0 255 0 223 214 0
    255 0 255 255 0 255 0 0 0 0 124 209 255 19 250 201 0 0 255 142 255 0
    255 129 0 0 255 0 0 255 152 0 0 255 0 255 255 255 18 255 36 0 0 255
    0 0 0 255 0 255 0 255 0 255 0 255 255 255 255 0 28 0 255 0 0 182 255
    0 37 255 255 255 255 0 255 0 255 0 0 0 255 255 0 255 255 255 255 0
    255 0 255 0 0 0 0 255 0 0 0 255 80 255 255 204 0 255 0 255 255 0 255
    0 0 0 0 255 255 0 255 0 78 91 0 255 0 0 0 255 0 255 189 255 0 255
    129 233 255 255 0 0 255 255 0 254 169 245 0 255 0 173 0 0 255 255
    255 0 0 0 0 255 255 0 0 255 0 255 100 255 255 0 0 255 255 23 255 0 0
    255 255 0 184 0 255 255 0 229 163 255 0 63 255 196 0 0 11 4 255 0
    255 240 0 130 0 255 255 255 0 0 255 44 0 255 0 255 0 255 139 115 102
    39 112 104 0 255 0 255 0 255 0 0 255 255 255 50 0 0 255 254 0 255
    255 0 255 184 0 255 255 255 212 184 0 255 255 0 193 0 0 0 114 0 0 0
    255 102 0 30 255 0 62 0 243 0 0 255 0 0 0 255 0 0 255 0 255 97 0 255
    0 255 0 198 210 255 0 0 0 255 0 255 255 0 255 255 0 255 75 98 236
    169 0 0 0 0 255 0 255 0 255 0 255 255 255 0 108 255 242 115 0 25 3
    218 0 47 0 255 255 0 0 202 255 0 255 0 230 255 195 255 0 0 55 13 255
    0 0 0 255 255 255 0 255 0 0 255 0 255 0 255 255 0 255 255 255 0 255
    0 0 0 0 255 0 0 255 255 255 114 255 191 215 255 0 187 255 48 0 255
    255 255 255 0 255 0 0 255 255 0 15 0 255 255 255 0 0 255 0 255 255 0
    255 0 255 147 233 0 255 242 0 255 0 255 54 255 0 0 255 255 0 255 255
    0 255 255 0 255 82 255 255 0 255 0 255 255 250 0 0 255 255 0 205 0
    255 146 8 255 255 255 0 255 255 0 255 0 255 0 0 0 255 175 255 0 255
    0 255 0 0 0 255 255 200 0 0 255 0 0 240 91 0 0 0 255 0 255 0 255 0
    255 222 255 255 0 0 255 0 255 255 255 0 255 220 255 44 145 0 255 255
    0 0 0 255 255 0 0 255 255 0 255 0 255 0 255 255 0 255 0 35 241 0 157
    0 255 255 255 255 0 255 255 209 255 0 0 0 154 255 0 255 238 255 21
    255 255 0 107 0 255 0 255 0 0 255 55 0 100 198 255 0 255 0 228 255
    124 255 0 255 0 0 0 255 0 255 255 0 78 0 138 255 101 255 255 64 0 0
    255 0 209 145 255 0 255 87 0 79 152 10 255 0 184 0 0 255 0 0 255 0
    255 24 0 210 0 126 0 255 255 0 0 0 255 255 0 0 255 0 236 27 0 0 126
    255 0 255 0 0 0 255 164 0 255 0 255 255 0 255 255 255 0 0 255 0 0
    157 255 0 174 255 0 180 0 255 255 255 255 0 0 255 0 255 115 255 0 0
    0 255 186 0 0 0 255 255 151 111 255 0 0 255 255 255 0 255 196 0 255
    0 255 18 0 255 0 255 255 0 255 255 0 118 255 0 246 0 255 0 255 255 0
    0 255 0 138 255 255 0 60 255 0 255 255 255 255 0 255 0 0 3 27 0 0 0
    255 255 71 255 0 255 0 0 35 255 59 255 19 255 0 0 255 0 255 0 91 254
    0 0 255 119 0 255 0 255 0 0 255 0 0 255 0 0 244 112 236 0 0 0 255 0
    0 255 0 0 255 255 255 0 255 130 0 229 255 255 84 0 204 255 0 255 255
    255 255 0 255 255 0 149 65 255 34 255 255 0 243 255 0 255 33 255 0
    26 255 0 255 255 0 255 6 255 0 0 255 0 255 0 0 56 255 255 0 132 255
    0 255 0 0 255 0 255 0 255 0 255 57 255 0 255 0 255 255 255 255 0 0
    255 0 255 255 255 0 255 255 255 0 255 255 0 255 255 105 0 255 0 255
    221 0 0 255 0 0 255 166 208 0 0 13 183 255 255 0 255 192 255 0 255 0
    255 75 255 255 0 30 130 255 72 89 135 255 0 255 0 255 255 0 0 0 255
    0 255 255 0 255 0 255 0 255 0 0 255 0 108 31 255 255 0 224 255 0 255
    255 0 255 163 0 255 255 13 18 0 0 255 0 48 0 0 0 255 0 255 255 0 0
    255 0 0 255 255 0 255 0 0 255 0 0 255 255 136 140 0 0 255 219 0 0
    255 255 0 255 255 0 0 0 0 214 0 255 125 0 255 0 255 0 255 0 255 163
    0 0 255 255 0 255 255 120 255 0 255 80 60 0 255 255 255 0 255 255 0
    0 194 0 255 0 0 217 0 0 255 0 0 255 44 0 255 255 0 255 255 0 255 255
    106 255 255 0 136 255 0 0 255 255 0 255 0 0 255 0 255 255 255 0 0
    255 0 0 1 36 0 209 255 0 255 0 255 0 17 0 255 0 0 0 255 188 255 236
    0 0 0 255 0 178 95 255 0 0 255 0 163 83 84 187 255 0 255 0 8 0 255 0
    0 255 255 0 255 255 0 255 255 255 255 255 101 98 255 0 255 255 0 255
    205 255 0 0 255 0 197 255 0 255 0 255 0 255 0 255 0 0 255 0 255 0 63
    255 94 0 255 0 0 255 0 52 255 215 255 255 39 6 249 255 0 255 0 0 255
    0 172 255 0 248 255 95 0 0 255 0 255 0 253 0 255 36 255 0 255 0 255
    255 0 255 206 0 255 255 0 255 255 0 107 255 0 255 255 0 0 255 0 255
    0 255 0 255 255 0 0 56 125 151 0 255 165 52 0 147 0 0 141 255 0 255
    0 0 125 255 48 97 255 0 255 152 44 255 255 0 255 152 255 0 255 0 213
    255 0 255 0 255 113 0 0 201 255 0 255 0 255 255 255 255 0 0 255 218
    174 255 0 255 255 32 79 192 0 0 110 125 0 255 255 255 0 88 0 255 255
    0 0 0 0 255 182 0 255 0 85 255 0 178 0 212 255 0 237 255 0 117 255
    255 40 255 0 255 11 0 58 255 0 94 255 0 194 255 0 103 0 0 255 113 0
    0 209 185 255 0 0 255 255 0 0 0 255 255 80 86 0 255 44 255 242 192
    162 203 0 214 0 255 0 0 0 0 255 255 0 255 255 0 255 172 0 0 255 0
    255 0 36 255 130 0 255 255 0 0 255 0 255 0 255 0 0 0 143 255 149 0
    255 255 0 255 183 255 0 0 79 0 255 0 0 0 255 0 255 255 0 89 224 0
    101 255 0 121 239 0 255 0 255 63 255 199 0 255 0 255 73 0 116 0 0
    255 255 0 0 255 0 0 255 255 255 255 255 255 0 229 0 0 26 204 255 0
    255 180 0 0 255 255 217 255 255 255 0 255 255 159 255 75 255 0 255 0
    255 0 142 255 0 0 255 8 0 255 0 255 255 255 0 255 185 255 0 255 232
    6 237 0 0 255 244 255 120 255 0 255 255 255 0 255 53 0 0 255 255 0
    255 255 255 0 255 0 255 255 230 0 0 255 255 0 0 13 0 0 255 0 0 106
    255 67 255 230 0 255 0 255 0 255 0 255 239 255 0 255 13 255 0 255 0
    0 255 53 0 127 255 0 185 255 0 0 0 255 255 57 155 0 126 255 0 0 255
    0 255 0 0 255 81 0 255 255 209 0 106 0 74 244 147 255 0 36 255 255
    255 65 0 226 255 235 0 255 0 255 0 0 255 0 255 52 0 255 0 255 0 255
    0 255 192 255 56 118 255 0 255 255 31 255 0 255 0 0 89 255 73 255 0
    255 255 255 255 110 255 0 255 255 0 192 255 0 255 255 255 255 0 204
    255 255 255 0 126 255 255 0 0 255 255 0 255 0 136 0 255 14 64 109 0
    255 255 0 255 0 255 255 255 0 0 0 255 234 0 106 0 0 116 255 255 224
    11 255 0 255 0 0 255 22 199 0 255 152 0 0 255 59 0 165 0 255 0 251
    255 255 0 255 0 0 255 255 0 255 255 0 0 0 255 255 255 0 0 0 255 0
    255 20 255 0 166 80 0 255 226 219 255 255 153 255 162 209 0 0 255 0
    255 0 240 40 0 255 191 0 0 26 255 255 0 0 255 255 255 255 5 0 255
    255 0 0 255 0 0 255 255 151 0 255 29 255 0 255 0 0 202 0 255 196 255
    0 255 255 255 255 0 0 255 255 0 255 255 255 0 255 0 255 0 255 0 66
    255 255 0 255 166 96 0 0 255 255 0 243 0 255 255 0 0 0 204 0 255 0 0
    180 0 0 255 0 255 0 255 0 0 255 255 255 28 37 255 0 255 0 255 0 0 0
    255 0 0 179 0 0 0 255 0 0 118 255 0 255 35 255 255 0 255 0 255 35 0
    0 255 26 255 193 0 0 255 224 0 255 0 0 176 255 0 0 0 0 255 0 255 255
    0 255 249 0 255 255 0 0 0 0 26 0 255 255 0 255 0 0 0 215 135 0 234
    255 255 0 0 0 255 0 0 0 255 220 0 255 0 255 245 255 0 255 255 255 0
    255 0 0 0 234 0 0 255 0 187 255 0 136 0 0 230 0 255 255 0 0 208 0
    204 45 126 255 0 0 184 255 0 17 182 107 0 198 0 0 215 0 93 0 25 0
    100 77 0 0 255 32 255 255 168 186 0 255 0 255 0 0 255 255 0 244 0 0
    255 88 54 0 0 255 0 255 255 26 0 104 255 0 255 253 0 0 255 0 191 255
    0 0 255 255 108 255 161 0 0 255 0 134 114 0 255 0 146 37 0 0 0 255 0
    255 255 0 255 255 0 255 255 0 0 0 196 0 255 255 0 255 0 0 16 230 0
    255 255 255 0 0 255 255 0 255 162 242 0 134 255 255 255 255 205 255
    0 0 255 0 0 9 255 0 0 140 255 0 224 231 255 238 255 255 13 254 234
    255 0 223 255 0 255 255 0 0 0 255 0 255 255 255 0 136 144 159 255 0
    0 255 0 212 0 255 0 0 255 255 255 96 255 235 0 0 36 0 0 153 39 0 255
    184 176 255 255 255 0 255 0 50 255 38 255 255 0 255 0 0 0 255 0 255
    255 0 255 225 0 0 244 0 0 255</data></your_img>
</opencv_storage>
