<?xml version="1.0"?>
<opencv_storage>
<filter_type>2</filter_type>
<only_luma>0</only_luma>
<r1>1</r1>
<r2>5</r2>
<L2_diff>1.</L2_diff>
<test_img type_id="opencv-matrix">
  <rows>128</rows>
  <cols>256</cols>
  <dt>"3u"</dt>
  <data>
    70 43 0 47 142 74 197 210 177 160 15 158 59 10 179 7 249 125 190 207
    173 144 230 7 11 136 251 116 98 226 205 1 199 96 37 200 114 162 155
    224 213 50 10 34 227 189 71 250 202 130 27 73 83 178 16 81 0 209 238
    48 57 105 195 1 102 159 205 239 176 105 124 238 170 195 149 216 232
    245 157 30 67 9 99 94 143 224 160 73 114 98 216 61 18 3 250 9 64 4
    91 128 220 149 159 75 196 226 203 40 93 250 57 104 69 92 136 90 211
    66 15 55 54 185 39 63 231 136 219 237 167 204 155 230 49 37 251 77
    187 110 224 169 79 63 58 33 79 129 238 147 155 65 252 125 63 47 210
    85 214 198 39 197 14 100 85 167 59 172 168 125 252 178 250 79 209
    245 224 184 49 24 215 123 239 153 24 36 158 121 101 206 80 159 225
    110 195 145 65 18 96 33 113 68 40 120 167 180 54 180 56 102 157 227
    96 68 55 217 145 162 242 139 138 191 170 152 187 141 105 89 241 16
    255 236 72 65 135 223 174 43 17 192 205 94 36 77 219 43 200 186 48
    189 122 242 225 29 229 179 20 31 3 223 181 114 130 159 57 184 65 24
    42 27 132 133 170 249 133 196 30 136 23 31 9 94 131 158 9 166 220
    248 25 122 193 58 103 207 64 83 167 233 15 92 154 27 207 88 230 215
    239 227 12 1 149 239 211 119 54 186 157 242 183 35 169 16 56 9 185
    12 220 254 186 162 251 111 87 144 172 226 74 200 143 208 225 188 23
    150 228 81 150 72 203 135 50 144 86 103 213 133 33 243 74 11 177 33
    218 187 66 43 15 127 146 10 186 31 128 7 127 180 76 224 32 36 83 231
    193 161 153 237 125 198 94 88 80 193 160 241 236 46 107 3 136 168
    184 171 120 219 43 91 212 98 163 110 245 231 46 140 82 123 29 118
    176 173 245 84 75 167 157 4 133 147 178 75 216 16 59 46 148 237 97
    84 133 46 244 46 24 3 22 224 66 148 126 116 175 31 210 197 174 97
    126 193 187 164 92 200 228 23 250 20 206 118 105 12 219 198 25 38
    103 179 214 152 191 62 15 19 57 38 19 177 35 6 10 5 157 43 23 41 127
    96 75 105 207 128 92 50 218 44 121 94 140 35 144 247 73 79 113 36
    137 66 30 105 37 95 247 9 4 94 127 181 15 84 251 100 57 105 4 11 148
    161 208 161 16 140 189 46 25 214 107 181 100 58 124 223 9 87 248 179
    243 143 74 13 141 188 230 221 115 106 132 241 199 25 210 21 236 10
    90 36 87 161 250 162 51 45 216 105 5 164 132 225 33 248 122 182 18
    202 145 145 240 41 57 236 83 186 172 180 83 62 76 2 39 153 181 0 142
    126 37 188 224 244 9 143 93 25 169 105 165 4 2 102 130 247 240 38
    138 39 10 241 135 253 104 232 83 161 27 196 153 167 67 85 238 9 71
    179 75 20 222 205 99 1 212 64 211 115 208 139 215 141 185 58 254 61
    151 196 182 241 85 181 112 4 66 220 214 164 179 105 30 176 3 80 246
    174 34 91 22 90 37 165 37 49 22 185 204 77 31 96 165 65 254 84 180
    127 34 2 20 244 114 140 207 55 223 99 41 94 112 5 61 129 189 239 91
    215 170 145 35 140 212 209 100 148 93 86 38 84 32 192 174 5 232 218
    153 102 99 247 68 38 125 102 56 87 81 161 181 173 18 220 253 133 225
    133 230 168 75 88 21 43 179 151 56 246 114 126 180 103 152 208 196
    86 249 117 83 122 206 12 77 162 50 78 71 80 28 56 183 1 116 249 151
    40 164 133 157 32 43 235 142 27 135 125 188 255 236 98 218 168 37 13
    219 252 88 49 124 78 231 197 201 113 193 206 94 65 239 90 127 127 64
    2 89 99 66 200 187 86 25 44 92 154 190 199 233 18 139 202 209 242
    199 210 17 48 142 140 165 87 185 146 97 199 9 90 18 46 163 227 23
    135 238 28 193 157 246 194 77 9 49 227 242 82 133 117 109 149 38 220
    227 62 20 85 74 33 117 94 182 152 41 48 186 52 17 56 19 54 138 48
    191 2 91 69 163 225 176 203 65 48 137 14 117 207 137 60 180 217 127
    28 87 155 47 188 201 159 250 96 219 175 136 118 139 93 72 74 73 44
    39 3 5 117 167 43 245 59 21 30 8 31 164 166 66 83 141 122 127 7 142
    127 207 168 138 63 166 209 84 169 185 113 219 15 181 20 72 84 97 81
    190 170 49 99 129 149 164 120 11 103 46 127 112 151 91 98 210 171 8
    131 128 1 216 144 71 103 149 14 108 156 180 68 100 114 224 14 7 6
    238 187 20 15 199 181 230 112 196 224 231 51 53 8 178 80 245 76 129
    143 141 51 91 50 102 85 91 15 218 153 134 240 169 152 75 142 210 68
    210 253 191 93 126 36 19 18 84 91 199 129 86 18 78 21 26 60 39 87 60
    79 213 162 240 226 64 206 159 163 66 29 210 206 3 254 110 23 47 215
    220 9 75 232 33 93 141 117 45 156 234 6 63 142 160 120 43 233 125
    221 168 36 165 214 30 56 193 219 93 236 198 253 144 202 41 239 188
    36 127 208 99 215 91 98 104 126 109 15 96 123 34 45 31 214 164 132
    173 238 163 210 17 193 231 116 183 20 41 248 113 9 4 103 153 79 67
    81 249 177 245 102 215 146 128 92 27 100 143 36 188 207 168 5 193
    199 165 227 131 96 181 38 127 101 102 44 18 95 10 125 103 221 167
    229 12 125 199 160 28 2 206 177 135 249 169 221 205 140 199 64 83 83
    165 200 208 180 236 237 39 87 237 150 252 180 74 207 18 209 71 57
    157 211 25 175 129 188 6 55 35 160 180 198 237 240 244 34 183 62 192
    185 89 41 178 114 103 67 250 121 76 117 105 89 11 158 119 58 155 186
    51 110 55 150 6 156 73 137 191 78 91 155 214 61 39 79 56 24 195 98
    95 55 134 208 100 90 206 20 64 219 213 133 230 94 17 247 201 246 194
    10 165 95 26 52 170 20 15 168 241 255 240 93 41 107 171 245 50 197
    82 85 254 237 6 61 86 213 141 4 59 106 98 18 164 126 220 23 166 66
    198 79 169 79 130 23 210 72 216 239 137 29 22 117 233 11 149 5 117
    252 78 243 242 224 235 138 150 34 179 92 146 67 0 63 40 151 246 250
    117 58 6 90 199 141 1 155 196 209 40 171 90 224 66 142 253 125 127
    119 184 197 234 155 216 249 202 61 19 85 230 59 163 154 126 253 163
    10 242 12 102 221 127 151 221 198 68 182 48 157 227 82 247 117 61 34
    2 39 47 187 186 80 159 54 19 28 187 129 73 78 207 242 72 172 35 33
    155 133 49 40 142 236 225 225 182 20 58 31 66 252 27 242 4 96 43 106
    21 91 150 87 150 252 55 186 251 55 183 186 81 153 39 201 184 9 213
    19 72 180 108 144 84 45 234 222 141 82 102 88 74 206 200 198 62 176
    141 53 150 156 182 18 47 165 136 102 181 42 238 25 99 109 202 91 226
    179 183 202 31 65 94 131 27 176 18 104 41 40 222 72 17 76 56 193 110
    205 117 200 151 241 123 60 116 150 209 201 121 200 145 144 34 162
    180 87 88 129 80 170 227 201 222 50 223 212 203 96 204 249 125 55
    204 19 151 89 110 113 146 161 80 130 136 194 142 230 23 146 164 84
    174 252 40 14 146 139 55 120 13 32 206 3 229 218 56 204 49 188 234
    176 247 241 10 62 44 45 88 39 210 190 231 156 226 211 173 75 107 7
    128 218 127 205 150 208 47 69 127 229 184 157 144 135 81 111 120 39
    254 85 37 126 171 7 127 189 249 212 85 140 186 151 191 5 0 193 4 96
    92 145 101 27 225 162 238 155 51 141 63 136 213 6 217 164 117 240
    168 232 95 179 60 144 61 3 187 41 228 59 112 99 54 3 31 15 56 91 43
    16 200 1 106 39 27 107 186 200 29 20 145 152 108 75 59 222 110 8 2
    96 238 85 233 3 28 35 4 118 70 54 108 253 107 107 226 92 110 39 119
    61 4 108 11 25 117 106 206 21 182 171 79 80 121 116 115 153 191 104
    53 212 18 204 102 85 107 55 37 141 54 70 8 134 143 160 162 143 126
    198 155 13 14 151 35 58 112 151 114 210 245 25 251 133 228 224 54
    222 174 98 37 161 34 84 237 112 120 141 112 113 73 206 36 115 124
    105 46 165 73 61 199 235 93 124 160 175 64 55 227 131 107 221 76 72
    165 204 218 49 213 42 103 10 180 89 91 96 240 161 164 148 8 126 142
    48 54 79 106 84 14 10 41 102 26 178 203 55 97 16 76 91 10 76 72 49
    76 33 57 161 125 238 153 101 146 235 87 228 237 240 252 182 113 198
    205 182 218 203 8 183 30 224 23 153 161 50 122 31 130 70 110 126 96
    51 23 254 26 68 0 5 204 26 36 53 242 110 211 70 219 13 64 121 119
    152 111 87 190 12 47 213 105 187 79 13 128 74 40 0 84 242 202 248
    109 5 119 54 53 146 212 6 177 254 179 0 130 4 181 206 96 254 124 32
    162 154 83 253 21 210 111 87 51 11 111 169 219 34 2 14 72 148 194
    191 134 44 63 8 244 137 157 63 103 11 4 68 5 174 156 83 196 153 154
    200 36 74 209 167 5 66 60 95 115 208 217 191 31 146 197 202 248 52
    229 10 80 148 25 30 16 121 155 27 62 38 4 156 164 235 250 70 213 70
    148 67 207 202 110 6 87 89 59 203 159 14 132 46 253 223 4 73 139 9
    46 33 222 237 128 97 21 245 212 100 180 188 208 81 223 63 52 29 138
    52 245 103 108 68 45 157 173 184 157 128 253 226 145 167 92 88 118
    103 56 217 237 79 240 103 103 51 67 20 206 96 164 154 56 144 51 18
    63 210 134 250 231 8 186 195 204 81 127 130 25 197 155 212 9 5 1 195
    224 56 95 198 82 30 240 78 123 66 166 151 207 82 5 9 19 230 58 229
    195 185 178 202 173 123 24 134 30 16 235 128 227 38 213 121 52 241
    61 39 75 48 163 174 5 157 143 158 179 101 233 224 202 148 65 20 221
    184 233 78 192 59 166 33 162 138 95 154 35 111 215 40 231 167 180
    191 129 180 112 155 81 106 218 197 230 37 80 106 70 1 64 9 78 22 80
    164 156 84 235 121 250 230 163 86 208 221 121 66 189 85 190 35 249
    244 144 114 116 25 86 44 216 165 217 25 112 101 201 104 153 133 185
    137 88 111 45 158 204 52 11 236 53 34 114 197 75 34 160 129 139 204
    112 213 53 248 105 113 142 80 37 165 244 204 136 178 164 103 203 80
    177 51 131 223 161 133 5 247 31 237 65 124 151 195 113 171 232 170
    188 147 221 13 207 48 201 91 25 11 31 252 71 187 169 38 180 69 3 249
    47 85 223 170 128 84 180 122 151 118 235 248 155 26 53 182 47 184
    227 76 44 238 96 157 239 245 71 41 206 230 88 23 250 156 116 207 68
    183 108 27 175 202 6 224 189 179 78 228 18 41 86 135 133 86 18 4 140
    202 36 230 95 211 42 180 4 159 247 132 42 219 220 164 17 156 168 249
    28 114 254 116 93 113 14 31 15 219 189 59 250 9 240 79 208 200 176
    209 201 156 68 199 4 9 30 106 5 181 224 155 96 96 234 199 183 43 53
    193 136 7 225 231 126 60 135 106 78 128 138 73 37 144 134 249 70 82
    107 97 6 109 52 80 10 171 39 107 240 49 238 155 73 185 150 102 44
    212 182 51 255 183 128 243 128 184 21 204 32 178 211 178 73 232 238
    117 177 169 137 142 92 184 235 122 1 111 93 254 51 131 5 210 237 87
    42 254 247 109 164 84 148 196 51 51 134 41 139 23 56 69 31 246 196 0
    154 20 160 15 55 91 221 198 139 199 155 40 52 58 77 88 99 89 179 42
    107 116 144 67 110 62 103 248 195 165 195 207 154 104 157 106 32 158
    248 192 145 112 31 0 176 25 146 16 182 141 18 248 91 142 98 29 96 38
    219 99 72 96 133 52 141 161 254 115 236 12 13 141 66 42 17 205 224
    189 8 133 63 114 192 20 6 60 53 226 76 60 228 21 187 83 75 112 91 28
    146 92 166 19 246 173 185 109 212 244 30 74 243 151 118 232 246 63
    18 6 238 19 105 58 26 0 69 104 199 80 198 48 49 198 17 167 215 226
    177 211 103 151 151 204 115 125 26 117 159 226 62 223 144 255 199 72
    2 222 144 108 8 55 149 28 9 119 91 134 113 194 137 189 55 43 172 129
    190 87 197 71 211 204 36 68 147 139 43 250 149 210 238 159 136 249 6
    184 246 76 84 166 65 118 12 12 49 155 129 253 51 17 210 186 77 184
    60 34 165 188 193 121 45 122 83 19 74 1 167 40 69 82 249 63 197 191
    244 40 128 11 61 135 218 48 12 224 255 213 40 48 247 65 94 55 164
    148 173 79 237 63 80 231 203 8 114 178 24 221 30 196 142 146 167 238
    51 25 89 127 137 34 52 241 245 44 153 72 44 187 143 100 14 177 57
    121 37 120 175 143 16 232 249 86 201 208 198 49 208 132 80 66 146
    141 246 25 214 105 157 227 57 43 235 56 141 149 166 226 70 72 60 227
    74 100 81 165 167 50 135 41 171 87 71 199 22 207 10 195 112 13 42
    212 27 154 137 24 129 187 90 14 176 150 152 218 102 102 119 47 21
    100 87 222 196 115 80 162 34 8 193 168 18 152 115 203 95 175 101 38
    48 242 117 200 165 9 80 176 164 20 218 208 168 107 213 29 7 39 215
    187 161 94 38 10 183 229 221 51 49 109 97 176 31 5 99 26 52 62 132
    72 146 255 154 193 143 130 35 28 55 126 207 57 65 145 188 242 60 34
    152 86 95 81 85 175 209 188 38 58 210 67 253 217 38 201 48 206 216
    224 110 15 20 161 98 8 231 77 202 64 240 127 36 34 178 213 202 173
    21 255 121 98 253 156 27 205 29 138 139 202 92 37 229 187 23 94 115
    10 45 20 194 43 88 138 151 92 172 72 130 174 218 21 79 15 126 148
    105 104 122 238 102 146 254 160 132 203 234 122 234 121 122 43 162
    37 182 55 101 136 178 250 199 162 153 116 212 87 7 194 228 30 126
    217 220 136 34 123 179 116 82 203 182 185 206 107 29 220 216 240 159
    197 69 241 253 236 212 251 215 109 49 130 207 15 134 119 7 202 138
    109 210 16 45 231 115 113 43 115 80 205 11 128 71 143 58 7 29 49 86
    116 36 167 129 21 52 193 95 109 45 149 27 78 205 18 231 111 135 18
    125 63 165 125 201 156 188 153 161 12 78 185 17 138 162 20 204 117
    158 207 180 15 245 20 119 35 70 157 71 255 15 91 60 81 84 241 207
    107 199 126 229 178 113 12 131 32 235 205 55 40 16 237 43 155 102
    119 84 10 123 21 12 218 65 202 16 172 173 187 79 200 100 26 31 23
    214 138 70 15 135 9 136 113 10 179 8 58 5 194 33 207 59 79 219 244
    179 230 149 208 114 81 144 57 136 33 117 84 0 247 212 208 251 7 189
    158 73 101 191 54 132 157 138 102 143 43 231 116 246 172 128 154 236
    199 208 29 55 252 94 80 189 194 177 85 47 157 179 105 99 189 119 32
    60 219 199 124 215 205 214 92 61 177 231 26 146 151 161 182 212 126
    242 118 137 179 202 179 233 92 104 195 119 158 177 65 240 177 254 69
    4 25 135 196 74 151 207 55 103 16 103 31 68 101 214 28 15 223 184
    243 154 89 35 140 227 126 69 78 150 175 138 152 42 146 34 105 226 18
    34 182 155 168 51 70 50 162 251 14 42 25 239 131 125 180 239 141 36
    175 220 64 40 31 217 99 162 136 69 135 146 11 63 29 131 196 10 82 40
    167 3 191 82 190 47 18 239 250 223 43 127 251 61 175 37 200 122 231
    33 144 60 73 243 166 177 152 91 76 82 111 20 21 53 179 18 217 24 131
    132 60 32 68 71 241 69 100 176 250 146 97 158 112 60 57 242 11 106
    193 145 198 209 40 41 116 57 201 97 184 214 137 78 50 177 134 213 68
    60 64 197 17 1 156 15 43 175 247 106 37 119 34 201 121 100 65 193
    113 232 58 139 155 250 102 159 152 69 24 104 185 186 215 110 228 31
    27 82 196 217 252 214 253 232 241 244 61 31 74 93 99 207 131 4 119
    74 45 114 189 188 58 153 214 155 131 172 239 175 168 224 110 130 187
    125 41 173 176 239 190 102 225 126 97 254 185 96 225 56 140 193 105
    93 164 30 151 4 18 51 178 99 90 125 151 212 105 4 56 77 16 44 227 73
    143 75 187 95 195 158 96 147 241 193 253 117 2 222 34 127 14 125 32
    120 98 142 92 19 114 173 72 251 167 81 190 29 166 101 200 150 238
    230 212 83 107 135 104 146 184 172 19 113 189 106 209 85 75 81 159
    32 18 77 86 223 72 99 61 160 29 160 21 7 106 157 73 190 80 216 180
    90 90 209 237 238 170 162 91 90 105 164 3 151 49 44 47 212 129 152
    110 114 140 20 205 138 178 106 96 216 6 11 110 245 8 187 220 124 6
    198 234 241 12 206 78 66 172 6 78 80 96 137 65 212 123 246 46 191 33
    61 64 63 151 251 169 12 102 29 110 170 113 102 13 86 237 146 55 222
    22 174 194 63 215 42 212 197 159 51 152 215 117 6 224 195 113 83 27
    9 149 123 22 171 231 44 43 43 119 58 206 220 121 209 207 53 138 110
    5 19 72 85 26 240 151 37 44 95 226 210 64 59 238 247 253 147 119 49
    212 203 149 160 54 9 209 236 142 30 189 70 136 63 203 224 210 204
    146 8 188 196 155 204 53 185 190 205 37 75 135 125 102 243 246 86
    164 25 154 21 158 48 160 243 74 162 227 146 169 118 28 81 171 225 7
    167 4 154 80 18 85 142 170 75 114 12 98 90 149 136 18 60 249 81 219
    207 215 82 204 141 50 80 125 2 89 132 183 68 248 153 170 115 165 183
    223 228 85 228 134 238 211 47 110 226 234 51 7 137 48 84 132 117 244
    193 106 128 30 58 46 218 4 23 49 64 62 64 96 219 162 239 27 232 30
    146 92 156 253 215 149 206 181 171 68 219 27 4 245 128 32 107 110
    201 106 217 170 107 5 84 43 59 132 98 210 254 26 133 45 168 207 40
    193 20 76 98 90 184 17 126 95 12 116 180 111 154 242 122 177 15 129
    215 202 134 228 31 58 197 189 75 108 106 226 48 146 174 7 32 51 23
    234 212 151 0 186 20 90 233 30 249 225 61 178 96 213 14 215 216 138
    144 82 255 146 10 91 251 210 19 42 8 24 107 187 219 167 63 143 178
    102 9 99 166 251 203 193 153 167 44 146 239 78 35 45 61 246 119 237
    0 151 177 135 239 232 155 9 210 41 146 9 242 66 225 169 163 42 134
    178 96 252 147 230 35 41 31 5 123 152 85 39 79 250 139 86 21 253 217
    202 60 10 123 45 164 1 61 197 50 241 122 191 220 177 165 144 150 137
    19 89 230 182 38 193 138 18 57 173 211 107 169 209 67 253 55 78 225
    215 237 187 45 13 255 181 32 220 94 74 49 30 49 115 71 112 197 172
    172 242 78 243 234 10 204 8 202 164 183 139 21 102 36 192 180 155
    141 147 55 135 93 242 235 68 144 192 243 47 37 217 66 73 135 204 48
    45 109 24 68 7 227 145 192 100 25 64 217 61 172 171 32 206 52 255
    247 202 31 196 15 203 254 38 233 23 91 77 155 134 245 255 143 153
    205 133 110 135 208 6 108 34 87 78 95 207 230 224 206 165 142 103
    191 108 122 109 65 241 66 206 94 68 18 179 168 241 76 186 145 113
    115 238 199 45 197 20 116 159 155 3 113 63 110 4 148 212 37 231 21
    112 103 93 125 97 179 115 14 123 11 84 229 164 173 1 127 238 103 245
    21 16 44 130 97 50 21 91 147 101 105 157 0 231 229 167 60 26 245 232
    168 132 76 26 108 70 137 229 188 39 173 27 38 19 251 208 76 10 103
    227 39 196 92 174 213 222 151 153 161 29 155 146 244 146 20 142 32
    171 216 153 164 43 75 115 6 30 92 197 157 220 124 248 61 112 54 32
    247 117 129 247 61 215 178 42 70 178 62 212 199 219 5 98 4 213 2 196
    110 208 134 107 47 245 3 239 135 250 206 36 61 2 248 209 66 77 66
    229 2 202 81 87 239 168 31 143 241 224 14 69 59 24 171 209 152 70
    138 188 161 51 109 65 166 234 174 44 176 89 223 49 134 20 13 16 97
    87 201 188 25 146 23 197 53 43 164 179 167 209 73 58 72 74 66 225
    161 176 142 175 181 39 240 83 55 63 133 238 48 44 149 0 47 110 6 253
    148 34 254 4 254 118 21 81 229 77 52 213 222 120 38 224 124 8 160 63
    31 14 105 111 110 83 228 185 238 39 74 19 58 209 43 134 169 55 154
    239 250 50 63 236 85 101 13 79 168 140 184 113 156 3 155 121 196 104
    30 36 89 43 220 73 109 131 74 13 2 221 46 141 224 225 173 3 1 206 44
    130 18 203 58 23 168 135 125 140 190 249 59 65 21 160 234 203 193
    160 127 175 63 179 99 131 127 117 230 126 249 209 26 134 92 44 149
    251 124 127 170 16 220 188 112 9 129 192 189 161 100 245 193 19 170
    32 237 167 189 206 227 15 89 118 51 83 247 169 22 142 38 157 20 189
    175 248 182 97 76 45 189 5 183 155 93 134 206 137 121 18 234 255 7
    181 178 205 199 230 223 113 180 6 111 99 193 248 166 70 211 135 163
    228 165 38 90 69 185 89 201 202 174 141 87 89 184 23 173 139 141 5
    218 209 30 3 207 255 99 228 43 172 204 22 118 199 161 238 150 88 154
    94 56 71 155 102 151 98 32 49 205 19 13 96 126 150 65 118 123 14 233
    113 124 243 165 190 75 113 158 25 103 102 85 136 174 170 32 110 194
    113 78 4 146 97 151 218 224 84 192 139 23 183 110 141 133 248 78 53
    135 106 18 41 22 18 213 236 122 57 143 145 88 122 129 77 174 153 45
    2 43 234 48 101 159 125 41 41 63 214 116 251 74 30 214 234 121 63 33
    18 158 216 88 75 220 66 180 189 116 106 26 252 13 158 180 90 171 54
    216 213 85 178 160 107 56 62 135 99 34 105 126 40 100 234 121 167
    135 80 72 102 34 237 151 49 181 202 48 95 94 95 238 0 225 233 161 28
    51 77 11 67 124 174 156 128 89 81 32 239 210 57 87 144 121 252 84
    241 12 229 179 48 85 172 148 96 83 239 152 52 36 99 155 221 60 249
    69 56 92 87 199 142 8 182 199 128 60 171 158 89 168 63 16 157 42 91
    128 44 18 111 233 23 211 169 167 37 138 74 86 153 188 6 172 136 28
    135 72 58 212 152 129 55 145 165 218 125 21 213 19 229 181 107 99
    224 255 34 56 238 148 218 18 130 169 35 177 112 80 56 111 228 220
    164 22 184 228 210 75 130 104 237 35 226 110 53 40 101 157 108 152
    17 237 244 175 214 203 60 250 93 143 126 109 223 107 238 138 159 27
    34 197 179 17 119 141 113 196 181 20 152 191 14 115 252 122 40 173
    151 8 187 62 254 209 179 212 138 38 146 211 92 189 213 194 191 241
    97 203 225 155 64 21 197 87 102 234 211 118 7 66 35 108 120 0 221 86
    42 91 53 162 22 104 232 107 15 109 10 162 92 236 233 35 128 8 81 197
    111 86 199 69 217 168 222 92 67 230 15 197 233 153 54 197 81 80 22
    41 0 48 27 55 50 170 119 162 118 247 59 39 202 115 160 140 142 114
    205 223 155 165 163 122 44 218 154 213 222 111 44 2 198 31 196 171
    226 101 200 49 83 231 104 26 133 152 65 31 83 142 226 16 59 241 159
    210 119 229 109 170 47 20 144 180 28 160 68 234 245 93 149 230 50
    231 162 31 241 40 173 112 183 113 149 7 4 220 28 200 7 203 140 6 239
    36 202 52 52 226 88 225 250 215 239 106 244 4 240 30 40 97 9 7 102
    113 200 173 34 180 155 12 190 100 161 161 31 95 63 161 13 19 160 219
    162 22 47 96 37 252 110 78 44 151 56 62 164 219 142 112 218 58 55
    206 254 221 182 130 78 118 120 76 173 77 104 190 152 145 215 197 132
    168 197 228 202 114 57 120 74 186 48 183 190 80 189 252 192 49 5 182
    22 44 199 81 193 84 192 17 231 36 22 53 84 125 50 145 4 250 150 157
    42 45 94 126 247 72 76 193 119 228 133 196 227 180 79 177 44 56 128
    234 42 84 128 221 85 206 75 145 33 24 119 243 10 30 0 6 68 178 44 72
    28 220 60 223 181 152 96 210 164 49 217 87 129 7 12 80 145 86 78 237
    220 237 215 163 138 4 174 118 88 75 101 91 147 240 213 251 4 1 50
    135 74 50 138 178 124 127 40 254 164 4 136 195 51 196 237 55 156 145
    82 144 80 51 41 189 86 170 23 255 99 169 100 16 101 253 42 32 40 136
    108 37 16 102 238 207 182 148 2 19 24 160 8 112 254 189 150 110 122
    190 130 219 179 8 8 158 157 146 151 168 173 90 128 249 80 6 36 238
    20 78 123 59 229 165 220 127 241 55 207 55 228 203 6 9 176 178 87 62
    143 220 151 219 99 79 223 89 220 223 186 36 58 104 41 66 84 161 208
    146 9 72 94 190 199 193 31 230 104 255 192 117 161 240 14 182 196
    200 114 133 224 48 231 146 30 198 118 173 63 174 23 21 186 46 6 141
    14 235 137 170 228 128 124 240 136 10 49 200 218 41 169 9 61 4 146
    10 76 6 185 13 25 181 157 77 235 97 167 219 116 179 128 91 143 104
    249 182 129 184 25 53 127 3 137 22 147 80 115 245 144 78 177 128 4
    62 195 91 176 153 99 182 128 237 158 79 245 108 107 181 144 173 213
    22 205 116 212 108 145 126 15 214 51 200 196 97 59 142 60 103 128 54
    178 250 160 218 165 131 228 33 129 8 115 195 235 251 100 79 87 141
    186 139 3 167 88 247 1 1 73 123 87 141 87 51 9 106 10 101 175 38 106
    251 53 75 39 78 239 132 118 13 26 9 164 230 43 143 97 236 23 61 106
    185 13 82 168 137 145 15 78 245 212 211 61 151 121 158 97 64 170 83
    137 14 24 133 252 49 104 29 86 170 122 95 205 33 88 130 37 18 141
    114 78 171 7 213 168 225 210 112 209 245 108 12 81 167 40 3 236 125
    70 137 136 89 151 63 193 94 31 81 31 180 7 212 27 128 64 237 120 104
    80 178 115 183 35 235 120 175 141 57 42 21 241 92 195 147 191 249
    103 190 189 118 239 178 147 153 108 161 237 33 83 46 54 39 58 131 91
    107 165 192 158 54 160 145 105 47 19 225 199 184 35 38 128 125 21
    105 141 115 219 113 7 225 219 189 68 72 190 9 55 35 57 88 193 100
    213 134 216 196 88 227 184 84 127 105 174 192 122 82 5 74 110 18 249
    41 37 190 180 86 213 106 102 20 140 27 208 93 15 124 4 160 199 122
    208 102 247 183 196 61 172 32 80 110 62 168 253 49 120 124 51 238
    111 96 39 73 189 140 34 64 204 216 57 223 159 181 126 79 212 228 199
    173 42 91 143 20 190 122 181 5 249 60 64 192 128 229 230 152 64 76
    179 120 206 68 131 101 188 238 121 174 147 84 202 58 134 121 250 107
    180 33 196 5 44 79 179 38 222 137 10 252 119 134 227 14 79 227 148
    229 26 136 153 18 174 115 168 166 160 37 44 193 62 204 66 130 120
    141 44 250 97 229 75 143 150 147 35 80 48 199 85 16 156 166 231 161
    124 250 181 24 228 60 126 184 232 245 140 250 125 76 154 67 45 16
    184 192 5 246 34 192 84 147 158 36 141 174 40 29 109 8 77 143 165 28
    94 42 1 9 82 124 87 102 4 237 103 229 182 229 241 189 11 214 135 173
    250 251 250 91 175 20 12 130 74 102 187 184 54 132 50 10 202 84 135
    123 89 228 172 192 181 6 192 68 95 116 122 171 16 85 213 251 213 152
    115 107 167 92 62 207 153 202 143 51 66 207 149 123 46 175 62 230 65
    92 91 96 191 121 131 163 152 251 168 150 126 118 221 4 135 92 148
    160 114 145 132 55 185 64 50 70 59 62 91 136 135 79 56 89 196 119
    103 33 19 30 28 1 39 7 204 217 1 224 104 244 111 183 43 6 181 52 248
    190 235 238 154 200 51 242 118 237 46 242 99 11 146 70 39 40 82 220
    204 154 196 78 82 20 101 169 5 120 94 113 74 124 153 251 68 15 53
    227 43 225 176 250 109 21 229 31 232 105 40 167 137 173 142 23 144
    76 126 39 247 186 210 208 45 244 157 23 135 202 43 123 212 251 39
    117 232 189 143 218 47 225 193 13 189 86 42 74 145 180 12 195 205
    129 237 183 132 243 16 79 130 47 173 36 191 32 205 85 75 255 62 232
    83 240 216 61 233 4 13 189 59 197 184 148 103 241 85 172 25 21 71
    184 168 107 52 192 201 169 184 184 103 188 184 219 105 210 140 222
    21 49 199 123 105 144 189 33 143 220 30 90 48 233 104 100 0 226 122
    184 144 82 145 185 44 162 239 246 65 20 218 141 38 55 206 195 167 60
    74 81 115 52 84 85 248 144 179 132 59 69 218 223 69 85 128 217 20
    228 10 205 29 210 118 140 23 190 221 3 8 53 11 127 135 239 169 28
    142 224 175 11 128 104 115 103 87 219 192 110 14 161 21 143 87 245
    248 145 25 156 195 45 100 22 182 158 248 95 194 44 151 89 164 98 5
    71 161 232 151 88 166 38 99 177 128 205 148 238 119 128 204 27 166
    67 79 248 4 213 16 235 66 35 207 237 5 105 234 229 84 149 155 56 168
    84 115 95 106 3 123 32 118 124 197 186 193 180 97 187 247 65 84 67
    75 37 75 112 158 193 26 137 60 68 178 214 137 188 17 195 98 51 131
    104 78 99 70 36 140 5 178 8 7 135 186 79 210 151 168 74 194 148 74
    55 7 165 148 212 32 24 247 99 241 243 255 51 69 218 148 228 30 10
    161 63 175 203 62 46 227 100 253 252 135 2 159 200 61 108 189 176
    148 136 208 165 161 213 197 198 17 174 193 112 52 62 209 92 242 21
    94 167 29 33 185 28 76 24 121 151 184 203 174 117 32 238 198 38 38
    38 218 125 32 128 58 160 148 223 191 227 73 80 193 25 198 162 106 26
    13 148 208 60 168 167 55 42 216 162 83 105 226 66 86 241 233 28 253
    148 125 142 111 115 210 255 178 95 90 219 138 202 106 121 51 36 43
    103 117 167 249 124 43 32 89 95 177 174 177 60 230 56 132 231 108 83
    160 56 114 112 155 62 162 208 133 225 187 225 124 19 153 155 226 157
    237 12 147 98 215 198 43 23 63 198 26 108 211 64 175 123 180 213 171
    95 207 91 151 159 105 202 33 65 8 168 49 191 233 132 12 5 18 190 161
    48 127 195 37 174 181 122 125 187 31 126 197 12 128 229 237 166 185
    242 237 11 174 209 143 17 28 242 23 131 104 245 123 39 55 118 118 30
    171 191 42 134 35 235 105 182 120 90 201 93 29 183 69 188 156 166
    158 211 122 253 150 117 21 44 40 90 7 59 208 177 190 64 28 31 164
    193 83 207 29 15 175 34 139 71 222 166 146 185 48 223 68 92 105 76
    196 93 246 39 136 114 55 19 61 161 173 71 106 92 200 202 204 141 40
    27 65 189 67 8 101 138 42 42 39 34 13 8 96 17 53 189 46 133 57 56
    227 63 140 126 203 236 145 5 75 244 241 14 100 74 200 242 227 171
    177 45 38 165 180 158 103 148 149 175 221 236 122 155 35 25 14 169
    59 25 168 188 135 81 199 97 18 243 122 117 144 193 12 195 206 113
    182 33 41 195 249 45 203 145 2 66 62 138 5 72 212 53 242 73 110 73
    74 115 168 91 19 37 149 15 88 173 184 41 22 37 4 4 96 49 96 91 64 16
    95 239 90 50 91 117 66 34 78 86 52 68 88 102 214 213 79 158 191 245
    184 97 130 0 200 115 120 171 195 76 49 134 194 141 224 192 253 139
    118 180 23 154 16 43 129 112 229 252 15 7 250 108 224 246 108 44 72
    119 135 10 250 15 56 18 187 36 26 141 160 146 233 226 218 221 7 207
    211 109 197 186 197 127 17 185 208 115 145 253 206 188 30 219 34 187
    204 110 146 125 55 82 61 34 26 110 126 10 0 61 30 183 213 117 242
    229 178 155 7 200 187 188 75 97 101 150 239 114 15 101 185 93 181 78
    120 49 219 224 144 134 140 69 123 246 2 135 167 140 37 127 67 96 225
    100 78 135 208 44 203 194 125 162 169 56 168 190 30 162 164 199 56
    27 100 37 254 163 208 224 100 222 85 7 24 37 249 242 89 187 24 63
    185 65 239 69 56 177 121 227 202 172 226 18 134 20 249 119 183 227
    244 241 189 170 0 238 218 231 49 149 41 240 13 70 54 134 47 131 76
    249 250 27 111 166 32 159 110 124 22 112 32 110 96 220 176 54 236
    108 140 46 100 101 184 194 253 49 41 235 208 163 6 64 171 248 213
    197 199 32 177 145 221 129 105 201 87 52 2 70 23 197 12 131 59 16 68
    27 20 69 137 8 206 30 112 229 12 246 67 127 170 173 63 76 246 223
    228 130 4 115 7 87 21 44 175 244 190 155 115 210 229 215 198 62 177
    24 177 30 73 150 230 119 58 67 218 172 252 31 17 88 142 241 171 182
    209 190 121 248 39 20 31 232 119 85 142 196 159 240 252 233 19 113
    170 242 157 188 246 130 128 72 136 246 27 201 219 171 52 93 17 74
    110 56 44 146 132 231 113 138 65 31 54 220 105 251 114 183 228 97 25
    14 187 206 217 6 215 120 37 149 235 143 191 92 42 187 153 87 22 24
    169 248 229 16 72 173 23 153 213 148 10 152 61 7 216 148 253 196 175
    206 164 170 164 46 117 138 53 39 115 185 168 212 247 74 161 191 24
    142 75 101 100 136 162 30 88 70 238 223 106 209 223 145 142 114 246
    82 239 84 84 218 14 8 104 227 11 124 87 124 208 47 157 187 237 215
    100 218 215 208 178 248 226 17 112 94 93 231 19 79 19 244 182 44 94
    190 228 68 113 24 12 59 199 78 138 186 69 95 25 42 55 148 180 115
    249 15 187 68 131 128 246 156 55 234 54 64 8 21 119 66 145 3 6 209
    14 8 192 22 89 79 193 124 87 46 51 118 26 157 78 145 59 10 216 95 15
    90 210 131 190 86 173 141 110 72 231 121 204 94 128 32 55 213 22 84
    38 1 102 253 47 174 82 194 21 138 225 235 22 186 208 126 99 172 68
    172 145 159 175 24 54 125 77 69 118 5 173 228 201 18 29 195 48 179
    157 18 183 9 121 12 192 135 146 9 134 229 144 126 129 27 174 79 3
    171 234 168 111 60 78 164 26 114 139 183 97 252 76 252 166 231 118
    102 136 75 189 194 160 26 111 137 88 131 218 159 190 210 65 215 71
    249 214 100 104 66 2 4 120 9 38 129 32 245 144 89 191 198 145 94 64
    59 105 89 127 179 122 32 217 52 42 67 32 228 251 74 209 205 16 188
    40 115 101 63 215 207 181 130 115 61 221 21 38 94 117 111 235 28 140
    206 99 78 146 114 69 57 175 8 247 5 19 121 156 166 65 222 100 62 203
    167 115 189 51 57 222 79 76 232 16 66 248 132 165 54 114 214 251 93
    36 87 208 122 124 144 213 10 12 214 211 40 48 147 130 219 40 163 108
    242 52 176 11 55 157 66 122 83 1 69 141 60 244 48 102 67 146 30 176
    205 89 87 253 91 2 96 9 15 162 185 48 32 118 180 35 199 226 218 111
    110 122 216 189 32 16 87 63 147 185 155 212 75 31 114 215 71 186 47
    182 134 162 75 3 236 131 115 224 141 129 205 138 145 17 123 56 113
    54 226 29 146 8 120 186 172 86 233 92 179 90 200 134 83 209 12 211
    142 189 147 161 34 254 173 116 212 52 32 239 110 126 1 157 233 226
    231 74 177 74 102 193 199 141 19 63 32 122 27 110 208 180 87 56 203
    97 79 136 121 61 131 245 187 216 219 52 35 182 127 129 225 182 75 96
    195 240 160 129 171 1 195 210 172 51 12 52 221 161 42 228 212 126 30
    134 217 187 170 123 188 1 198 207 46 202 151 181 150 243 234 229 84
    136 98 201 6 89 50 196 118 29 40 158 37 35 65 255 11 180 155 64 66
    151 240 170 79 68 201 31 245 157 123 16 147 195 7 201 143 82 24 116
    187 210 2 141 47 219 51 14 59 99 24 157 229 113 158 50 218 135 237
    183 109 163 140 218 121 47 224 110 53 1 211 193 32 45 69 59 85 138
    251 231 253 246 182 242 138 155 225 253 150 201 73 12 72 77 242 229
    3 99 252 127 146 177 222 190 63 150 104 50 33 58 200 36 21 213 77 85
    163 133 71 90 242 198 78 28 177 17 17 228 46 98 118 118 94 161 18
    255 191 171 35 100 13 199 41 248 104 39 234 206 46 173 160 5 166 159
    55 82 249 122 56 216 225 86 196 20 120 168 79 232 52 85 238 170 182
    32 85 17 111 222 132 155 174 95 85 203 36 64 247 167 197 122 127 155
    169 23 209 16 17 71 178 165 140 18 240 111 74 153 174 7 63 228 219
    167 230 82 207 210 38 196 136 66 95 102 249 94 33 180 58 162 148 235
    43 178 125 121 142 232 214 191 21 217 21 219 54 75 0 128 139 59 214
    195 226 14 186 74 255 1 140 54 20 112 117 20 70 64 191 96 32 106 100
    114 2 192 167 200 218 223 57 85 111 61 14 191 104 126 70 241 254 65
    128 68 18 214 1 126 179 136 182 2 147 138 60 56 36 195 194 32 78 30
    119 181 177 34 86 76 202 33 79 252 58 200 228 191 21 98 79 99 85 25
    72 201 75 90 213 178 21 55 229 33 252 60 215 138 186 71 224 235 6
    159 232 79 43 53 203 235 229 215 145 214 174 59 50 166 217 8 239 250
    243 19 83 68 248 114 24 16 229 203 179 226 144 49 214 119 25 239 206
    17 17 46 232 59 27 64 86 0 255 179 229 134 107 72 169 109 68 34 195
    188 229 199 242 142 48 36 48 57 147 144 78 204 197 74 156 144 32 205
    158 27 24 154 162 132 107 250 161 86 201 133 30 207 210 82 103 221
    114 76 151 53 197 252 57 177 184 229 118 153 228 47 159 109 20 57
    170 21 195 81 242 130 47 223 20 239 85 16 172 92 41 237 203 109 159
    192 162 149 159 192 114 162 193 186 52 185 58 82 78 43 208 148 186
    26 208 216 4 124 139 70 36 173 163 233 42 71 158 44 10 111 154 9 140
    149 179 71 194 247 156 182 98 109 55 4 31 115 170 37 115 57 229 195
    136 42 255 251 41 210 216 122 23 167 50 10 97 226 97 218 17 243 32
    26 139 247 60 224 30 208 167 2 188 80 222 32 73 21 191 66 125 145
    136 149 89 169 21 206 224 91 62 227 221 57 239 97 230 102 120 136
    205 246 16 102 30 89 228 100 236 201 189 160 199 88 106 95 71 21 85
    23 221 239 140 49 54 9 71 166 84 11 173 187 3 234 13 11 73 104 197 4
    65 133 185 243 253 194 102 11 235 134 6 48 199 133 81 77 169 101 118
    110 44 114 129 33 19 134 39 130 42 72 143 229 154 147 13 81 255 246
    29 204 166 123 10 175 26 152 3 232 25 126 25 188 248 133 230 85 228
    104 63 111 167 219 114 225 199 34 104 123 12 104 28 73 136 36 248
    137 98 164 47 94 169 222 86 4 3 135 108 162 224 169 101 118 22 157
    75 92 64 114 237 67 254 80 181 241 80 60 200 207 183 202 56 207 61
    29 35 3 233 14 163 198 72 123 132 55 59 206 48 62 209 245 3 108 5 27
    245 242 23 146 255 45 99 52 189 200 21 78 158 251 202 42 53 94 214
    114 85 105 88 19 196 22 119 165 240 31 115 17 192 101 93 48 134 18
    43 29 128 255 184 89 212 109 209 8 9 181 212 19 179 158 21 86 99 100
    127 66 59 119 163 204 161 89 127 245 48 202 178 163 5 158 12 185 101
    215 146 117 185 131 85 238 131 13 210 117 249 10 201 247 23 98 160
    202 221 214 35 76 133 102 94 146 159 2 230 149 98 72 16 9 247 169 26
    248 72 45 88 37 3 224 67 100 34 148 59 87 213 131 53 56 60 214 20 2
    249 84 239 50 51 80 129 174 233 81 2 41 33 201 83 9 20 5 241 98 218
    104 88 187 6 99 152 223 11 57 101 142 93 120 139 63 229 251 246 171
    116 62 9 78 221 36 209 4 154 46 124 135 15 45 113 253 180 104 235
    204 149 23 192 36 119 85 1 165 252 139 6 106 205 17 106 223 63 145
    74 31 62 28 60 174 150 16 223 46 107 7 0 38 71 94 167 39 171 147 81
    102 138 218 211 176 26 68 248 176 69 187 231 137 59 83 16 154 26 180
    18 126 68 13 45 64 130 38 225 139 216 79 233 48 68 102 202 144 88
    108 158 39 85 48 38 70 152 10 133 229 75 143 185 137 186 80 176 237
    7 242 110 11 211 209 36 152 111 26 152 68 134 76 4 29 208 36 65 179
    138 57 27 221 110 27 26 177 71 187 27 42 74 234 183 232 110 15 213
    183 142 238 7 209 12 39 198 50 100 155 126 163 36 70 226 167 89 203
    93 209 15 34 1 89 169 213 238 158 79 214 218 52 85 165 252 144 60
    106 250 152 198 0 58 162 117 17 163 89 91 73 58 246 226 136 216 102
    119 250 156 240 84 9 2 106 163 127 175 130 235 61 32 177 147 171 195
    198 47 164 238 187 25 92 32 81 119 251 69 71 56 71 239 81 151 225
    200 199 121 75 179 152 254 207 179 217 60 218 10 222 79 211 177 134
    19 76 108 103 82 240 240 142 144 158 209 186 7 175 142 108 190 222
    36 251 23 72 155 91 234 156 36 154 162 187 135 212 251 156 52 125 51
    80 160 212 116 211 61 235 239 17 236 80 104 68 23 74 215 158 109 200
    14 60 119 223 240 148 175 240 89 120 55 77 22 207 1 55 249 115 114
    106 17 50 240 98 92 195 38 242 123 101 165 6 72 10 203 68 102 30 18
    131 134 92 70 174 217 112 155 24 217 163 28 185 146 254 190 240 23
    252 87 13 168 96 10 199 151 72 17 96 23 145 235 85 164 23 33 206 44
    211 28 222 130 92 129 50 173 206 52 139 192 204 137 129 145 223 205
    67 11 96 204 61 232 59 149 255 78 89 4 108 175 129 190 104 54 179
    103 158 37 95 55 26 220 180 171 75 137 70 54 23 23 208 125 66 145 89
    142 212 239 234 91 29 94 34 97 216 62 2 176 165 84 189 211 248 222
    105 212 50 117 184 41 48 18 208 11 242 75 110 15 217 11 176 109 41
    13 211 142 214 18 202 145 77 80 87 84 99 197 201 247 198 118 93 130
    120 7 152 55 48 133 198 139 8 207 251 183 68 27 105 203 93 219 203
    223 155 184 238 108 80 13 225 1 219 176 66 75 144 21 183 106 123 197
    232 15 9 17 55 204 25 149 97 62 9 103 167 219 240 123 23 161 93 54
    233 52 205 185 59 86 137 143 241 251 103 204 71 160 253 53 131 16
    148 48 177 95 195 84 36 167 77 17 251 180 185 8 135 165 202 234 172
    188 156 22 199 85 24 113 223 190 5 206 140 69 150 179 126 111 0 166
    193 31 74 213 224 102 165 104 69 67 51 45 140 116 121 98 189 139 25
    75 70 151 10 171 114 82 247 25 199 234 117 8 142 38 141 150 71 191
    146 140 26 242 42 170 208 122 4 142 16 249 222 165 165 107 174 9 197
    22 229 202 165 112 159 0 96 96 37 4 91 128 245 85 184 112 164 14 52
    172 166 122 92 195 25 14 226 10 34 46 225 69 212 162 142 36 108 202
    121 76 52 231 16 170 175 15 7 190 196 197 82 48 27 106 56 41 181 188
    189 224 176 57 231 23 83 197 150 230 71 185 205 94 62 217 195 130 55
    59 218 186 99 176 195 10 58 218 105 30 119 49 61 14 223 6 76 202 50
    80 80 20 149 53 160 202 34 140 88 122 13 255 129 54 99 16 141 57 7
    91 17 242 32 43 105 145 90 207 101 225 110 202 81 241 108 226 30 74
    208 152 91 25 192 173 188 204 227 12 103 209 211 195 104 226 25 237
    206 191 14 123 122 240 93 44 209 84 5 229 104 32 119 132 36 91 221
    213 93 175 52 195 35 53 38 15 189 251 242 22 32 176 11 247 203 83
    178 153 0 69 228 45 134 129 164 161 2 97 254 202 146 243 176 185 208
    170 225 212 120 130 32 211 14 212 176 251 158 119 23 195 125 101 32
    38 4 88 117 211 50 207 147 81 231 118 66 147 174 93 136 206 79 204
    44 250 76 198 122 176 180 122 200 190 159 9 183 56 58 81 1 31 147
    246 187 28 192 110 240 3 190 199 85 127 103 44 44 97 229 49 185 17
    109 92 29 205 6 143 230 197 89 35 178 173 85 39 112 87 154 252 241
    119 140 184 211 242 33 121 103 219 29 185 122 72 211 2 71 197 208
    138 19 139 168 127 239 101 167 82 238 74 145 16 56 153 95 38 241 126
    213 124 55 69 243 74 245 180 219 202 124 10 137 12 178 110 163 245
    175 5 39 134 82 11 253 48 55 44 136 128 87 67 117 7 120 4 172 250
    170 6 54 177 71 182 154 23 22 203 217 15 166 41 89 57 244 187 207
    215 1 71 117 156 187 214 143 185 123 14 102 119 3 108 204 141 116
    207 70 136 85 27 11 172 112 71 18 154 37 118 188 209 193 199 143 147
    131 241 190 73 26 235 47 159 128 121 179 18 34 21 221 163 111 120 79
    27 156 96 229 150 227 217 49 154 72 222 101 102 208 255 46 110 37
    120 63 82 117 208 228 149 102 61 26 76 58 159 57 156 165 233 229 11
    81 112 111 79 177 98 66 90 224 237 88 65 157 147 29 211 189 207 62
    90 86 33 6 213 250 192 206 140 251 230 204 240 27 63 164 45 103 7
    249 229 60 137 50 16 197 192 209 241 88 174 237 231 90 234 163 5 94
    167 204 230 43 218 195 109 120 142 105 63 180 225 48 6 143 98 251 77
    169 9 33 18 29 146 60 224 162 106 150 77 136 3 109 58 166 168 84 90
    86 219 8 206 132 52 237 26 135 177 218 92 241 153 135 197 34 16 46
    220 63 13 244 17 156 5 172 52 239 106 176 39 123 74 35 210 42 53 240
    125 198 137 13 97 19 214 168 56 23 219 43 246 192 10 11 253 197 27
    142 187 185 158 38 235 169 217 74 28 216 126 183 57 170 0 208 201 1
    210 47 100 242 15 7 210 108 87 38 173 168 6 141 134 173 62 85 214
    247 72 158 221 67 5 7 235 254 83 180 239 172 128 241 184 51 150 247
    208 160 86 166 250 135 217 2 58 25 232 131 161 218 219 80 224 78 171
    115 239 181 186 123 167 32 162 199 150 94 10 200 159 49 124 43 201 0
    39 186 79 215 117 110 118 214 210 27 237 132 83 33 171 251 248 2 230
    30 115 30 54 23 238 34 39 218 23 148 29 231 195 155 161 4 198 95 167
    202 49 4 203 10 73 111 32 51 13 236 187 175 19 84 103 106 166 49 163
    224 134 148 155 81 102 86 83 145 186 190 231 73 178 24 130 46 88 154
    26 236 94 155 123 235 20 167 255 48 209 79 223 41 229 188 137 74 108
    163 99 170 241 9 243 79 43 77 224 171 13 226 182 103 245 180 110 166
    176 169 43 149 207 37 8 154 237 194 136 145 123 76 106 184 153 19 32
    215 146 146 80 140 207 134 94 246 48 29 213 106 12 71 85 52 134 82
    91 137 75 157 52 0 125 160 137 61 74 161 102 55 10 123 68 119 84 208
    112 81 120 126 76 231 198 204 102 76 143 241 57 210 209 61 245 226
    195 108 199 46 169 110 236 122 36 116 251 92 89 240 203 203 215 108
    251 139 68 108 114 137 32 193 208 170 119 204 255 114 50 136 253 168
    120 239 100 9 102 54 244 56 114 173 201 230 72 139 60 88 193 205 190
    194 129 44 21 85 169 175 161 43 216 203 87 128 71 238 185 139 129
    152 86 68 175 143 153 47 83 25 230 100 164 162 93 190 153 170 193
    237 57 173 202 26 35 75 125 44 108 114 139 176 13 161 106 198 248 30
    216 225 181 138 219 5 162 179 195 118 255 203 168 124 22 147 103 212
    63 164 57 85 157 181 62 224 103 192 246 30 38 159 216 156 148 158 98
    254 241 29 178 17 185 228 134 95 234 104 104 120 222 235 222 242 149
    6 81 66 35 248 228 206 87 36 211 217 43 27 87 43 30 43 184 139 178
    102 71 132 25 219 203 4 54 38 30 169 98 12 229 255 176 118 217 50 61
    243 217 194 141 89 230 10 42 105 71 224 76 51 93 252 47 27 171 255
    25 3 124 85 85 218 30 63 234 179 115 203 169 9 228 228 19 50 134 254
    197 227 61 111 179 26 204 35 234 195 56 186 21 188 71 67 160 145 73
    180 35 183 206 149 75 153 86 115 44 87 100 241 39 223 77 191 13 198
    4 51 221 145 124 229 104 107 34 82 206 233 2 146 88 122 223 61 36
    201 73 192 220 151 134 167 255 25 151 209 2 127 41 175 136 2 121 224
    84 67 8 154 91 236 180 1 104 145 59 240 55 151 206 245 155 93 10 230
    123 152 28 30 9 134 109 201 193 223 134 10 68 90 159 93 175 22 19
    105 183 29 95 244 120 112 34 82 108 115 87 97 109 249 70 246 64 183
    114 105 224 164 234 130 77 78 78 212 31 144 61 239 120 11 165 116 3
    187 104 92 249 59 67 123 107 249 180 36 131 198 98 236 122 210 117
    84 213 158 63 190 228 160 58 201 8 50 27 185 116 171 131 146 78 188
    126 233 58 90 11 151 53 139 8 145 181 84 174 36 36 126 192 150 143
    208 186 98 122 64 84 135 250 30 253 75 81 4 159 45 221 132 128 24
    153 255 6 159 203 184 135 33 201 224 238 135 62 75 61 218 142 252
    144 82 244 49 232 213 209 53 128 33 116 212 174 105 46 168 5 134 133
    228 15 198 92 6 176 120 130 67 10 58 64 81 136 62 225 60 199 95 61
    238 85 250 113 159 96 24 52 40 255 248 179 81 243 194 15 64 155 42 9
    74 147 188 25 82 234 108 230 64 235 1 82 114 129 63 182 141 78 30 72
    11 62 253 38 227 228 134 167 96 181 116 23 126 94 199 81 109 73 21
    179 127 104 90 51 157 40 219 100 123 153 179 249 25 216 112 132 118
    236 68 40 247 250 154 59 67 16 241 116 240 112 254 236 177 181 19
    100 160 183 104 156 213 235 133 44 125 193 133 128 135 168 48 17 241
    79 238 239 50 163 215 189 221 251 128 80 62 53 235 209 77 241 25 161
    174 9 215 24 69 176 47 175 154 9 25 154 73 129 120 234 238 176 25
    225 232 190 93 184 223 204 221 9 13 181 141 78 97 105 81 14 114 91
    250 61 29 18 21 60 79 205 16 72 16 220 193 152 136 231 126 221 77 67
    24 9 58 48 182 187 244 17 220 224 180 8 157 100 147 209 216 6 191 18
    66 122 126 85 121 255 163 88 93 119 226 75 198 114 217 88 117 59 49
    232 164 56 222 107 243 209 26 216 200 40 164 75 104 109 246 10 60 64
    225 175 55 39 9 244 217 143 156 171 33 212 202 202 144 53 126 46 127
    123 187 18 230 182 107 213 1 90 180 226 75 24 14 135 54 205 61 56 93
    254 6 108 102 178 16 212 233 239 127 221 19 41 194 176 85 188 239 87
    71 22 133 129 61 88 143 31 211 8 85 247 53 159 67 62 59 85 24 11 69
    18 207 53 139 183 228 143 231 216 76 25 201 0 68 105 173 120 245 106
    250 142 232 203 117 140 158 173 50 131 9 199 53 11 198 213 130 110
    31 203 96 96 65 8 32 162 107 23 230 21 200 119 151 222 152 88 177
    148 93 23 114 73 161 127 145 101 106 245 225 227 225 173 79 192 77
    32 181 242 118 216 0 204 95 166 35 204 138 145 239 129 80 34 143 255
    87 136 140 197 187 232 113 221 101 118 9 225 27 221 191 68 36 247
    221 77 107 119 197 213 88 90 188 13 108 201 63 171 104 128 72 154 35
    110 37 16 75 70 71 179 21 2 21 149 208 163 164 123 253 25 137 224
    237 246 144 191 10 182 54 193 99 216 194 234 110 148 4 105 178 56 77
    218 128 125 149 45 98 67 144 77 213 162 3 131 27 177 190 59 97 82
    161 80 103 65 247 0 185 161 124 214 206 160 223 152 93 202 155 102
    151 92 121 186 249 86 53 172 110 110 210 174 77 42 253 152 104 146
    185 139 136 18 209 148 222 175 75 129 166 27 233 57 129 156 7 132
    152 41 185 205 128 120 193 160 115 133 38 136 8 234 76 18 191 67 129
    81 48 141 255 241 216 123 110 213 185 218 8 181 246 246 108 89 183
    46 218 103 206 75 87 140 44 180 32 218 238 94 223 169 70 112 135 196
    99 232 169 35 255 58 114 240 178 88 157 64 61 127 106 140 7 253 8 82
    17 135 22 67 188 222 216 89 176 214 237 145 199 201 192 89 189 96 11
    13 6 219 102 38 204 32 216 9 81 82 145 206 238 89 253 7 184 122 142
    195 191 92 13 56 16 239 6 244 114 89 3 194 40 184 105 63 25 242 83
    42 238 61 140 39 221 66 11 190 112 186 8 122 113 143 74 62 99 249
    135 127 70 174 133 20 33 46 131 174 244 37 252 241 3 34 205 86 142
    172 143 233 143 222 117 10 119 2 90 45 79 228 229 129 43 229 176 221
    174 115 20 157 26 17 85 234 226 109 168 10 253 30 237 106 232 218
    215 162 205 116 222 220 49 69 56 156 66 216 49 50 229 41 79 252 33
    233 82 208 247 7 47 127 126 187 183 47 107 26 6 154 125 55 15 183
    144 142 44 94 242 82 211 47 246 78 53 204 120 199 136 132 77 103 9
    47 46 34 201 253 97 225 1 217 148 0 52 153 137 207 28 111 251 101
    169 218 238 120 146 185 95 2 25 11 180 172 57 108 199 84 25 115 36
    240 177 88 76 87 74 175 181 35 96 10 192 207 22 97 196 17 139 199 22
    161 175 48 126 238 17 136 8 61 38 48 104 138 3 244 57 151 242 228
    148 204 155 29 142 236 162 254 135 106 128 215 10 64 92 10 145 33
    206 87 106 81 195 233 90 154 88 184 227 237 251 133 133 142 118 206
    123 59 103 86 236 220 131 223 172 75 115 11 169 142 215 32 183 116
    72 131 26 72 217 70 180 145 19 57 195 85 28 76 170 217 155 40 36 138
    231 101 85 90 180 139 140 239 182 41 105 206 181 122 82 55 55 198 96
    97 185 156 157 127 188 134 184 23 84 64 84 13 101 161 215 101 39 72
    158 250 86 2 113 236 42 189 130 198 48 167 224 114 26 230 189 194
    181 30 51 75 14 97 66 88 248 88 126 217 48 138 245 213 76 54 192 164
    10 91 176 144 8 108 81 145 226 251 59 12 190 24 73 38 238 148 11 246
    16 38 190 114 240 208 173 208 111 151 235 184 64 229 112 235 184 184
    34 249 36 9 98 194 72 154 208 146 255 248 6 220 142 198 175 39 154
    231 245 200 250 181 141 71 100 196 78 84 193 87 5 59 203 62 191 161
    66 103 157 207 229 33 93 241 8 198 109 106 114 208 228 1 125 236 206
    178 219 181 34 78 192 134 248 15 114 124 214 48 85 169 11 250 141 92
    55 122 39 90 32 128 23 127 61 242 195 236 116 73 150 54 5 45 107 153
    117 204 194 145 233 11 62 68 128 95 183 220 53 60 197 75 26 36 16 59
    50 76 119 232 191 146 180 160 145 185 59 34 112 11 158 45 22 24 91
    88 123 217 133 23 189 47 72 177 27 114 154 197 166 185 183 90 123
    254 112 215 246 243 16 61 75 120 118 27 17 63 210 96 250 154 106 46
    15 98 130 187 233 101 183 149 185 210 190 71 2 131 167 61 239 131 69
    163 83 31 87 126 83 23 69 92 232 176 168 242 91 104 146 89 83 197
    199 223 5 209 101 77 23 9 11 135 99 12 169 90 162 229 181 97 1 213
    176 243 15 29 71 169 186 148 4 184 104 139 158 99 118 170 36 245 55
    140 254 100 37 247 107 25 255 143 213 202 201 31 111 19 96 21 202 10
    105 108 161 231 182 71 136 233 119 234 117 169 1 6 6 22 194 207 33
    71 102 109 195 0 23 22 5 156 68 68 36 200 170 133 216 27 33 167 16
    41 214 240 103 63 64 119 174 104 235 204 42 37 35 209 66 124 203 94
    36 53 12 180 136 152 207 16 116 245 40 232 227 183 94 192 139 33 206
    46 78 116 198 46 97 252 79 239 100 52 244 136 170 117 121 118 122
    210 227 194 122 102 52 38 33 36 176 230 61 101 5 34 250 76 19 76 85
    86 9 178 18 199 112 113 131 221 118 37 156 167 140 71 110 77 8 180
    246 137 184 33 80 36 174 160 60 122 59 47 138 118 44 169 183 79 87
    215 95 216 82 183 187 23 28 75 58 228 16 125 58 40 7 14 231 84 99
    224 46 14 42 232 76 33 10 60 224 234 27 246 186 122 68 112 226 180
    144 48 2 154 22 188 181 255 6 28 152 115 24 201 56 4 62 29 252 76
    215 44 130 199 141 49 253 189 42 248 55 225 116 66 186 235 216 112
    235 209 217 190 148 41 243 110 148 32 18 179 211 138 81 209 138 235
    113 245 236 99 122 22 100 77 131 90 134 211 118 81 137 177 48 88 6
    51 69 254 82 82 110 101 8 236 228 72 116 77 140 152 185 179 170 237
    205 64 160 82 18 6 61 164 226 230 72 66 68 51 4 41 233 85 0 248 170
    175 89 213 228 85 195 223 177 60 216 25 195 116 118 226 160 217 212
    100 32 52 116 170 119 147 89 206 175 142 26 235 145 30 98 225 97 53
    82 161 190 116 72 13 199 158 43 241 214 163 245 49 54 33 124 125 155
    131 109 148 82 103 0 43 18 151 21 67 136 230 100 191 237 31 157 59
    118 9 104 68 69 250 145 197 237 46 205 220 16 210 18 221 0 214 5 242
    168 84 93 54 242 218 107 183 119 3 40 102 65 14 14 75 68 192 30 59
    246 1 18 173 78 163 84 190 85 215 123 146 252 102 152 171 152 183
    215 169 152 20 59 35 151 157 96 47 5 130 10 105 247 86 221 47 212 26
    236 139 132 78 47 238 97 124 97 83 164 44 192 111 38 64 252 219 65
    10 97 42 222 95 19 130 226 24 143 99 202 88 247 199 186 220 64 97
    131 174 147 37 137 100 205 204 74 71 14 8 16 22 240 215 81 224 168
    61 41 35 173 52 83 24 62 158 74 209 86 201 244 32 253 58 138 154 235
    112 110 58 33 119 172 5 119 223 150 108 177 58 25 226 136 201 138
    233 217 227 19 255 55 24 195 212 116 164 223 246 80 246 50 200 252
    86 84 148 116 202 21 179 240 50 135 46 38 65 180 208 26 188 180 225
    58 179 149 250 73 103 77 212 67 85 237 79 220 202 154 152 133 181 36
    44 217 67 88 3 112 15 229 88 30 64 185 93 227 4 158 122 212 164 207
    92 87 221 237 83 21 109 76 94 64 152 185 190 118 21 82 12 144 125
    126 138 98 41 226 197 44 88 65 214 5 141 94 182 149 203 57 12 66 83
    128 246 192 202 78 186 25 133 197 147 220 83 1 214 79 74 235 49 114
    186 228 145 168 170 127 169 233 86 205 74 107 37 86 20 217 72 180 65
    203 64 86 130 73 244 24 76 69 154 204 243 237 185 108 190 96 125 227
    193 75 128 167 31 98 103 161 249 148 10 25 171 58 209 143 74 223 57
    184 218 163 72 194 87 98 127 227 43 246 208 93 79 250 140 146 72 253
    184 186 176 152 1 120 1 120 125 22 199 85 237 90 155 108 57 79 188
    157 143 135 86 28 179 19 244 14 147 173 212 233 142 26 153 215 172
    44 242 156 136 246 33 56 232 176 83 87 247 109 53 70 104 131 20 20
    231 126 75 18 36 34 88 255 255 235 62 103 130 111 22 113 33 38 28
    221 149 252 160 77 58 129 12 161 155 167 3 105 160 122 70 135 37 53
    98 29 235 39 172 143 51 218 124 199 156 152 33 185 96 162 42 169 123
    218 155 193 11 74 228 101 87 17 1 224 186 180 246 24 253 124 133 228
    85 230 4 127 169 196 200 191 21 60 168 186 240 114 243 52 50 127 6
    181 178 65 24 134 206 132 179 232 137 141 25 68 54 9 26 249 219 219
    231 162 65 46 136 59 156 228 44 245 114 236 71 140 209 132 13 217 49
    108 91 100 225 3 243 48 237 147 174 49 194 248 208 162 16 42 72 132
    6 150 232 138 235 215 218 154 126 6 149 255 219 83 129 220 101 158
    55 99 81 33 28 11 175 18 33 91 85 104 91 133 208 140 52 236 72 130 3
    53 138 83 74 34 250 39 148 135 64 188 5 191 35 51 63 133 12 99 24
    220 28 186 107 136 50 56 128 191 137 171 85 217 110 79 25 71 163 114
    135 127 13 163 174 191 59 48 190 57 101 87 122 142 208 3 109 114 4
    98 21 155 242 80 175 193 170 220 23 79 34 40 236 10 146 106 207 221
    236 26 214 148 80 44 242 179 122 239 156 166 232 177 66 0 35 244 16
    247 58 191 240 49 135 127 54 60 24 199 24 200 47 195 65 223 55 89
    167 121 202 189 17 141 145 197 196 57 119 232 145 249 208 6 231 225
    200 216 219 73 170 141 179 219 83 138 65 217 169 215 134 28 201 16
    239 223 254 19 245 39 166 12 247 42 160 0 36 75 236 221 175 44 193
    106 162 71 24 62 117 4 10 201 246 80 31 103 43 199 5 35 183 71 212
    169 16 215 5 202 10 73 5 56 84 102 209 168 3 121 191 87 23 139 184
    204 50 139 191 52 80 61 35 154 132 243 236 111 219 220 97 100 19 148
    169 178 157 202 231 200 110 37 76 30 89 75 87 42 51 161 212 73 217
    17 65 89 135 225 112 138 27 39 102 174 223 153 1 159 52 100 144 99 1
    242 96 93 42 95 43 10 17 255 97 161 118 18 131 122 65 63 203 240 19
    235 50 1 50 12 19 232 173 111 237 223 10 46 21 134 164 32 61 75 24
    106 100 254 181 69 209 105 250 251 92 134 188 116 54 206 79 156 212
    121 90 120 41 194 101 163 115 227 219 176 215 100 76 241 70 228 100
    188 147 189 111 71 153 163 138 198 195 126 155 30 8 212 156 46 57
    151 197 131 66 107 109 43 174 193 198 215 110 155 152 174 80 149 97
    119 205 214 140 78 219 194 200 112 177 48 67 115 184 195 97 93 124
    110 143 78 162 25 102 52 13 13 243 18 189 107 141 188 43 114 19 188
    204 198 85 85 30 16 208 195 225 116 126 118 92 159 100 1 201 165 26
    194 136 7 248 104 145 195 75 91 156 251 15 220 131 40 217 42 239 54
    201 92 154 141 120 166 165 252 87 130 177 174 44 196 190 200 65 229
    139 45 49 154 200 6 14 198 176 109 233 41 133 249 231 38 30 177 237
    162 8 225 227 20 108 125 227 175 97 152 57 106 82 101 156 142 23 196
    122 211 182 95 148 208 25 106 172 49 232 49 46 188 126 254 93 111
    112 3 148 26 34 20 171 11 94 231 155 155 202 2 3 106 152 201 205 68
    101 210 52 136 128 171 0 161 131 24 238 68 182 33 37 81 30 108 30
    102 92 227 17 187 83 55 74 176 69 232 31 81 194 77 0 46 212 14 126
    75 123 63 112 229 101 219 104 111 212 45 73 155 186 240 201 112 191
    172 86 132 255 42 145 168 214 6 98 214 243 100 153 234 45 246 184
    139 16 181 254 12 175 9 102 152 243 4 102 96 241 191 123 107 156 101
    217 31 19 203 103 218 255 196 37 44 186 239 51 171 123 208 81 31 14
    106 27 249 195 145 230 28 122 87 237 3 230 29 38 195 167 2 118 140
    93 238 248 75 150 96 255 132 109 190 233 82 32 235 144 151 83 135
    221 35 82 77 99 90 177 55 189 136 57 52 35 8 165 62 50 133 217 95
    175 236 14 81 123 96 32 20 32 221 114 131 120 92 100 12 6 215 173
    204 78 3 112 255 80 97 84 114 183 127 81 131 107 207 121 202 195 242
    164 54 221 7 168 86 139 24 251 153 236 242 137 36 92 33 186 195 2
    145 62 25 236 54 208 139 220 69 238 55 33 34 11 45 62 197 253 164
    166 158 32 91 216 21 121 167 105 140 179 86 218 68 184 228 254 92 12
    179 7 124 191 150 172 220 202 235 80 246 197 41 12 119 83 50 247 104
    194 82 252 239 197 183 99 167 206 56 41 20 96 238 151 231 185 92 75
    138 35 177 232 117 62 180 79 157 231 161 105 213 27 210 33 104 117
    210 42 209 184 3 213 66 135 147 223 241 39 224 208 63 9 81 253 32
    152 203 84 39 139 77 113 206 190 170 194 196 74 6 149 212 83 42 68
    234 64 193 153 35 233 86 169 75 237 67 22 175 101 22 213 11 247 218
    159 226 92 110 46 226 186 220 228 238 27 137 103 51 161 168 94 217
    122 224 96 194 131 120 103 79 159 88 96 106 36 217 41 142 31 20 159
    115 221 131 123 142 1 90 83 80 77 214 121 7 202 200 121 11 95 215 93
    172 162 248 117 25 191 242 197 100 53 239 76 90 238 141 70 223 229
    120 199 214 46 234 105 248 24 91 75 171 248 243 247 112 192 217 43
    61 146 238 183 92 27 104 177 33 78 166 190 12 152 221 160 215 228 72
    190 118 149 63 212 218 51 216 177 17 123 247 78 232 220 230 55 189
    165 29 224 211 13 249 79 205 89 84 24 162 219 5 145 126 247 159 2 61
    250 152 123 134 251 77 172 29 114 37 17 166 225 208 250 225 135 230
    251 210 198 36 89 6 173 70 6 98 199 151 78 68 181 60 203 144 223 106
    50 203 141 38 150 80 15 48 132 16 16 23 150 109 26 60 188 143 176
    239 66 205 7 94 0 239 90 12 37 45 41 210 34 57 39 34 128 78 202 75
    55 5 225 164 77 57 214 79 57 212 92 72 88 161 36 121 222 45 167 32
    219 31 96 188 195 249 161 166 2 238 146 59 93 62 220 73 105 125 96
    185 74 39 187 106 216 134 122 154 217 135 150 65 6 44 158 2 66 27 72
    42 42 119 35 49 38 56 206 206 169 105 197 164 192 118 180 72 48 238
    0 122 116 177 118 132 180 230 29 149 101 103 34 10 125 252 200 141
    111 10 21 136 63 37 170 22 101 229 131 101 171 117 178 90 163 162
    255 141 93 186 241 173 8 13 25 197 162 216 169 0 95 46 104 180 161
    64 6 200 164 97 205 201 240 209 27 248 148 241 6 97 254 13 182 61 51
    134 30 176 57 156 123 89 225 82 14 161 43 39 193 136 205 233 115 241
    100 99 1 232 86 161 61 217 190 89 241 54 238 121 141 115 227 54 135
    0 130 152 108 41 187 89 185 21 204 71 33 236 233 161 85 120 50 35 71
    70 111 118 98 207 32 222 28 31 114 201 1 212 199 159 50 26 98 108 83
    129 53 169 177 5 161 241 211 102 34 56 221 110 88 31 110 5 38 3 150
    46 13 216 177 112 127 83 223 29 160 144 140 137 167 68 195 111 111
    126 168 19 35 180 43 255 235 170 11 46 41 19 212 254 221 78 111 147
    248 22 88 69 133 35 83 60 244 83 245 90 189 29 152 176 70 111 40 123
    76 129 21 80 93 27 249 90 42 178 219 4 166 12 9 7 7 185 206 183 121
    113 44 119 244 255 162 174 128 235 245 171 161 216 134 111 122 137
    106 111 245 203 127 254 18 130 51 82 50 220 136 138 112 48 132 70
    247 22 204 209 98 239 4 82 119 232 83 193 127 48 255 204 154 41 115
    100 27 39 70 169 143 103 234 230 56 56 139 83 136 27 226 15 92 57
    246 230 13 203 215 138 5 173 30 80 185 30 250 240 98 76 223 56 95
    218 14 57 170 171 142 245 234 246 31 234 140 38 113 227 28 149 208
    163 70 149 65 190 228 134 94 246 66 21 118 248 212 237 251 120 15 48
    236 254 201 176 210 28 40 144 67 203 211 87 46 103 40 207 206 189
    247 0 23 131 168 230 29 65 224 184 212 29 192 239 18 44 125 19 162
    40 218 91 94 82 0 247 65 167 17 116 248 35 227 108 247 38 94 162 132
    11 31 9 228 232 153 175 59 154 7 154 186 107 190 187 35 164 60 65 57
    231 131 2 102 249 219 121 106 151 148 6 6 46 157 33 8 178 203 66 149
    163 94 18 66 225 101 43 114 141 37 137 136 13 78 74 163 117 190 175
    110 164 25 168 30 252 20 45 207 233 181 158 238 172 46 202 247 81 44
    171 225 255 69 11 83 83 12 25 183 244 15 179 151 120 149 195 42 230
    69 20 234 117 188 228 40 213 52 153 169 0 38 125 95 127 229 11 31
    132 245 16 175 107 217 50 207 236 165 41 149 132 79 203 44 218 110
    210 97 233 174 44 214 30 4 150 199 120 20 134 178 207 243 57 222 250
    170 155 76 49 134 56 76 127 246 114 158 160 184 228 97 251 84 205 85
    238 50 149 50 89 48 76 24 26 94 160 184 0 142 157 170 13 158 26 61
    218 19 207 208 209 254 170 138 35 22 36 131 243 98 13 245 141 68 194
    0 119 217 109 140 41 230 104 196 161 8 95 33 15 218 33 228 62 165
    179 82 65 182 102 75 211 195 175 204 63 107 163 217 155 129 217 229
    93 52 207 247 163 161 30 169 245 111 31 19 32 171 208 112 216 63 191
    73 54 27 183 58 142 122 122 100 175 159 15 60 147 113 221 152 132 74
    253 48 209 84 110 168 163 164 12 198 216 13 155 175 169 91 158 58 28
    160 130 120 138 1 193 248 67 207 244 224 215 146 108 80 118 189 20
    102 178 32 27 64 23 123 127 221 12 219 103 196 198 137 130 52 123 49
    144 254 182 245 244 60 3 179 59 219 4 141 104 215 20 44 50 65 117 19
    208 252 215 192 170 184 66 217 79 241 219 38 116 104 8 80 118 161
    243 154 212 230 154 158 153 98 191 221 18 90 15 194 27 202 228 245
    42 66 236 181 221 89 153 95 65 229 138 239 81 82 200 209 27 104 225
    75 66 131 35 180 66 205 248 75 42 140 5 81 27 142 109 199 140 109
    114 151 63 238 172 129 86 5 65 45 227 25 132 7 140 253 234 211 246
    224 248 51 12 10 194 192 193 0 209 220 152 94 223 85 136 159 215 25
    37 122 219 186 13 93 249 44 35 140 31 100 71 183 166 172 7 248 243
    122 165 166 151 159 84 27 52 51 200 250 8 219 235 75 52 176 18 199
    162 70 74 7 164 205 32 21 239 54 60 5 204 148 230 158 7 85 212 163
    163 191 252 209 95 200 246 161 204 104 34 230 120 40 34 83 182 77
    174 137 226 23 68 137 69 71 6 8 178 107 229 164 165 28 50 34 7 2 139
    59 150 204 24 126 17 104 189 102 190 226 26 209 152 66 31 209 27 52
    39 176 42 138 29 208 234 59 189 232 197 250 245 125 89 237 193 123
    173 43 105 239 74 30 149 213 180 246 232 14 180 150 234 145 32 223
    50 240 108 122 165 132 209 77 79 214 205 3 65 41 210 80 71 24 217
    144 185 2 183 172 53 211 48 245 144 205 28 111 27 186 210 126 69 32
    152 210 232 124 98 82 60 29 118 151 117 39 147 57 142 182 172 200 66
    219 30 86 145 23 214 243 251 53 172 233 167 243 210 22 154 201 40 25
    205 112 150 164 20 109 88 14 193 124 41 153 133 185 69 192 131 203
    184 141 98 195 155 183 73 164 48 247 126 1 114 79 173 28 190 142 255
    34 33 12 192 126 0 121 64 78 12 40 57 63 212 9 142 89 154 100 212
    117 35 66 241 5 174 12 224 40 138 249 60 242 159 72 123 75 172 95
    238 113 157 95 213 22 142 149 109 118 132 29 52 117 210 174 198 81
    247 139 179 238 137 181 57 203 121 28 165 141 106 33 79 97 40 82 116
    217 13 110 133 208 217 218 214 62 153 91 162 104 44 114 90 223 227
    170 250 209 35 98 84 242 214 49 123 243 242 115 189 165 63 191 230
    161 135 103 50 72 247 223 57 47 71 249 170 229 64 244 88 101 234 201
    100 86 220 165 226 28 109 150 233 11 227 190 33 133 175 122 141 45
    145 31 35 184 244 164 111 47 254 107 194 177 140 88 221 242 179 245
    183 44 52 98 195 173 160 58 197 14 177 119 64 239 245 216 175 65 242
    233 17 54 82 87 108 76 42 221 156 3 118 194 25 53 221 21 192 55 230
    107 214 34 1 12 196 219 207 51 84 116 251 104 96 56 185 138 240 234
    118 81 61 197 21 3 195 170 34 123 62 239 94 40 4 101 228 177 231 116
    30 41 233 51 192 155 193 209 203 15 98 151 155 157 76 44 14 148 226
    223 56 99 130 136 253 118 89 69 231 153 37 51 36 47 21 117 138 218
    131 111 145 106 41 66 247 148 166 183 172 215 14 201 18 202 102 253
    18 4 143 147 202 112 81 120 30 155 153 50 7 89 11 18 236 132 169 249
    60 235 153 182 106 110 217 157 140 160 89 205 2 34 28 106 28 198 223
    27 4 24 36 232 237 42 182 234 54 198 38 167 84 55 15 129 130 152 192
    140 90 237 164 239 27 129 222 69 74 152 166 156 192 106 93 249 161
    152 22 187 42 119 87 133 113 28 66 193 247 142 177 22 61 0 106 191
    91 58 64 181 236 141 22 41 174 232 154 144 187 102 178 136 199 51
    241 80 21 167 249 122 167 90 6 30 102 108 167 47 252 68 173 53 126
    35 172 98 40 66 130 108 123 62 51 4 238 15 168 236 15 88 165 142 155
    166 229 88 176 33 236 250 46 221 196 62 158 79 222 134 44 119 57 34
    188 109 241 5 45 34 82 219 198 23 67 91 231 94 56 1 224 161 63 84 8
    220 100 189 97 49 178 158 9 11 150 242 111 212 59 137 205 164 11 58
    159 167 182 112 47 176 95 138 198 233 188 185 126 169 177 45 189 88
    155 247 250 250 52 218 192 72 194 230 23 114 146 224 118 179 69 163
    14 30 239 168 184 137 188 165 129 2 185 42 249 170 168 109 54 199
    105 247 171 54 204 82 106 255 30 65 100 77 92 99 41 217 74 190 186
    91 88 234 173 35 58 206 6 235 227 204 227 226 63 147 231 44 201 249
    130 111 220 241 184 93 242 4 8 64 135 38 170 156 207 85 220 108 228
    6 167 179 95 216 220 151 254 122 228 75 162 147 66 58 17 140 39 148
    155 247 99 61 203 155 120 181 38 162 114 245 75 205 130 82 46 217
    248 233 201 106 10 178 0 232 13 222 228 60 233 209 252 0 25 25 113
    106 237 207 59 75 149 177 73 60 19 33 45 47 60 245 176 17 190 46 67
    199 98 28 157 101 187 109 117 103 199 246 147 255 255 248 130 27 81
    246 255 255 65 163 221 44 48 221 8 148 238 5 52 80 6 131 114 213 207
    177 100 251 197 199 158 219 252 199 183 240 105 118 128 165 49 223
    19 234 68 24 163 217 82 116 122 78 12 36 254 78 167 27 236 40 140
    107 157 202 49 52 224 9 58 168 122 43 211 164 178 193 55 160 206 200
    184 140 101 49 239 138 100 215 194 117 95 52 62 91 225 177 65 252 33
    208 52 89 94 254 73 13 207 137 229 33 219 103 22 150 168 129 205 94
    192 230 13 103 91 210 245 139 98 100 71 216 64 157 114 58 253 154
    196 31 10 102 142 186 53 46 74 70 35 113 183 218 148 56 177 127 36
    79 81 166 59 80 119 198 83 230 124 108 28 210 212 96 238 228 168 83
    173 32 153 217 118 130 81 171 33 243 174 116 3 164 27 170 216 240
    100 11 240 213 49 165 241 198 202 234 214 38 91 164 210 217 236 109
    216 183 139 141 68 97 78 120 230 126 171 91 11 159 9 102 8 77 123
    217 58 176 133 69 95 156 138 203 58 146 174 84 155 209 4 195 111 54
    130 138 6 2 145 110 153 214 60 59 102 103 60 74 196 22 228 189 104
    149 239 97 182 8 223 182 178 17 215 56 7 223 97 224 85 215 233 126
    69 167 233 146 242 44 221 149 213 17 10 113 69 112 8 156 46 208 87
    66 0 187 144 239 243 204 77 153 242 128 104 211 116 243 41 108 244
    243 86 137 140 79 172 207 84 125 32 120 23 186 202 66 200 97 8 138
    209 23 33 179 90 13 202 165 8 189 232 195 28 68 238 141 73 118 131
    80 97 208 121 89 225 240 73 40 64 149 45 193 162 47 81 14 222 127
    201 88 86 10 214 249 42 217 158 185 251 239 202 193 22 73 128 247 65
    241 156 79 170 30 110 20 200 176 50 235 133 252 95 31 235 163 53 57
    146 9 190 23 213 246 135 109 139 253 52 9 98 126 138 81 13 115 84
    209 145 224 15 13 227 124 35 45 97 71 54 45 248 218 93 118 175 60 56
    58 218 70 131 239 170 247 161 247 62 229 50 218 2 39 8 159 25 161
    124 186 76 60 137 242 217 167 56 183 126 121 183 130 90 185 212 182
    239 38 229 179 250 74 30 115 121 36 38 136 90 17 1 179 232 36 237 96
    99 132 54 1 123 48 174 251 240 146 255 72 147 157 237 76 58 170 46
    91 39 81 134 250 48 9 166 211 119 18 202 47 75 254 142 163 9 135 185
    26 42 199 73 92 116 94 39 240 84 223 26 147 97 207 247 97 170 17 102
    56 109 193 167 20 79 141 222 22 190 178 207 87 238 183 43 227 137 44
    143 240 45 82 210 77 52 224 87 26 130 226 101 219 23 198 28 192 71
    168 36 126 20 121 70 6 160 53 210 37 81 203 104 253 121 69 84 18 132
    197 171 148 74 240 89 201 5 56 209 7 2 27 82 155 220 113 185 110 13
    134 8 198 72 84 190 8 99 109 200 47 189 26 249 59 41 33 235 135 2 82
    65 88 166 105 143 87 38 116 228 6 0 216 25 88 104 117 57 158 193 167
    172 96 161 7 140 101 177 193 201 84 13 208 208 218 153 153 8 106 145
    162 147 80 154 2 36 30 2 161 114 60 31 105 118 93 200 27 134 146 242
    71 213 134 14 152 203 113 229 90 243 171 96 132 92 120 55 159 44 181
    184 234 144 64 128 105 102 67 7 255 232 113 193 145 64 60 0 114 95
    66 57 159 202 201 212 40 225 228 117 213 111 51 21 97 168 255 7 253
    42 136 170 2 43 246 5 53 151 27 153 159 90 96 58 183 170 104 116 60
    60 192 137 132 198 115 28 28 35 91 34 232 102 158 117 203 136 100 14
    27 108 215 52 226 158 210 47 3 97 135 142 94 212 234 225 27 22 165
    128 250 187 183 81 148 205 36 46 183 125 154 79 54 194 110 63 182
    215 233 183 12 208 218 64 35 215 76 172 218 248 179 138 127 32 255
    24 253 18 74 49 210 236 188 110 229 108 112 74 179 64 62 114 243 23
    176 37 176 128 185 77 254 2 223 21 79 75 191 48 84 243 62 7 44 96
    128 17 189 140 15 166 233 72 132 75 131 34 188 101 133 219 41 106 73
    116 233 149 226 155 0 224 237 195 75 218 20 92 69 124 175 199 236
    137 47 112 11 25 233 22 37 16 73 72 239 108 107 251 235 91 60 250
    105 202 138 88 208 241 49 156 159 66 131 194 47 38 124 96 238 252
    205 113 43 20 254 70 109 37 170 20 202 84 201 173 3 96 103 71 9 251
    109 245 109 28 213 226 118 147 35 203 89 2 107 39 173 69 250 124 158
    12 133 142 156 253 38 169 50 106 49 195 172 35 85 242 69 28 187 136
    245 68 55 107 231 142 181 100 232 0 44 128 36 147 210 96 179 8 71
    201 208 135 20 63 231 100 177 22 13 200 247 86 177 79 63 33 86 34 47
    49 1 42 134 9 238 221 108 191 176 9 226 202 183 77 132 242 166 3 255
    207 39 142 101 95 73 46 60 141 118 10 185 66 230 79 69 150 120 216
    232 102 72 55 15 40 162 13 124 49 32 215 212 89 33 53 94 242 210 68
    117 72 159 44 231 120 198 198 173 104 160 56 160 122 19 90 10 21 120
    113 211 220 162 19 19 166 183 237 87 120 29 168 113 29 158 194 73 6
    101 25 148 214 16 16 143 197 175 106 209 78 9 90 20 153 187 98 66 6
    194 202 60 243 251 205 152 222 73 59 68 142 30 177 105 24 112 216
    246 3 106 51 148 120 24 29 154 96 221 215 26 61 30 29 151 89 137 223
    204 101 104 73 10 70 106 195 25 234 225 238 148 38 1 68 148 190 8
    224 191 161 104 170 232 31 228 205 110 133 151 130 0 186 62 224 18
    99 4 73 21 31 94 55 32 170 171 212 241 232 15 197 190 65 62 115 61
    64 181 144 250 241 175 21 150 140 76 44 247 80 77 83 209 206 18 135
    218 109 237 58 193 66 99 218 47 216 84 137 107 218 65 188 158 27 139
    191 205 150 141 217 25 91 10 175 19 66 192 77 67 77 122 183 5 110
    138 173 31 36 27 237 255 120 241 85 93 87 231 113 134 149 12 213 221
    249 190 58 1 43 18 138 210 158 141 49 192 51 133 191 97 188 132 234
    203 84 160 139 209 120 109 222 200 111 212 192 216 213 111 201 155
    109 54 185 171 112 254 44 233 29 50 61 70 231 126 5 184 206 246 63
    151 135 49 22 164 159 142 233 136 34 48 134 107 240 47 253 100 160
    77 194 143 17 48 234 61 76 71 83 211 30 96 145 221 125 91 40 100 126
    155 147 247 59 178 7 118 11 19 211 138 166 173 197 214 149 212 88
    232 199 154 157 230 118 150 75 181 142 74 207 134 12 241 173 6 221
    63 177 251 137 30 124 54 54 52 113 80 81 167 188 73 185 113 3 201 68
    0 37 171 112 106 53 178 243 176 197 245 177 193 195 173 17 98 112
    142 180 17 0 73 204 112 69 38 97 112 83 2 245 165 179 32 223 162 190
    241 87 187 5 103 158 127 129 138 237 37 50 89 87 225 66 84 253 28
    169 58 61 160 201 60 199 51 189 24 36 91 85 227 178 229 109 73 51
    201 95 49 247 57 78 43 60 205 34 173 128 185 124 4 94 84 0 183 206
    149 31 30 168 37 82 131 29 127 83 7 162 70 230 114 218 27 72 227 15
    236 167 61 62 39 240 212 72 115 154 36 79 184 210 21 240 111 113 94
    57 185 241 175 30 142 174 130 41 227 198 79 203 47 110 37 205 203 26
    203 231 63 155 47 160 19 148 44 200 211 233 3 131 26 123 157 86 47
    24 52 67 91 32 242 148 205 143 136 211 143 85 212 158 86 80 179 180
    242 107 65 22 81 65 21 219 114 195 154 103 183 142 33 67 168 236 0
    101 12 88 255 139 8 252 235 227 155 247 104 119 118 168 4 54 130 119
    41 34 82 212 53 236 101 162 132 220 66 9 229 155 218 249 155 182 41
    139 137 183 173 155 91 4 109 172 85 50 77 154 109 41 152 130 34 253
    139 100 110 199 93 202 222 214 91 49 61 51 141 38 60 200 52 0 165 91
    165 247 125 146 180 4 42 146 156 24 208 11 138 47 198 171 3 190 138
    200 101 27 54 206 191 48 8 83 24 62 36 56 77 51 218 13 205 202 192
    90 195 2 215 167 162 193 117 162 217 15 27 28 228 214 32 76 203 189
    191 137 163 148 170 46 181 178 213 203 24 200 64 26 130 150 122 87 5
    105 113 230 2 116 26 225 224 58 218 97 187 73 180 142 231 213 118
    247 6 173 151 149 111 121 72 212 39 165 43 77 32 78 6 31 215 208 42
    43 163 23 110 9 235 31 106 212 209 28 119 226 96 90 54 70 152 30 78
    220 7 4 96 220 93 23 170 88 108 117 68 235 3 21 164 133 188 141 106
    164 200 72 213 35 243 30 34 42 90 172 217 255 49 6 41 239 109 105 40
    43 225 58 23 194 144 37 230 47 120 183 42 90 63 99 153 159 151 242
    79 89 137 251 220 253 150 94 58 85 33 163 242 115 66 200 84 204 45
    28 111 109 172 58 116 139 178 138 173 223 88 97 115 242 10 86 182 36
    227 8 247 185 75 220 140 7 71 248 123 87 197 123 166 68 145 198 174
    178 24 28 223 41 112 239 193 193 178 43 86 38 152 100 245 190 78 174
    17 130 195 250 119 25 38 138 199 128 202 160 68 26 166 150 115 79 77
    17 25 202 33 26 170 189 103 27 217 90 147 166 88 192 221 43 39 138
    59 175 102 41 227 208 67 33 233 171 112 254 4 193 122 169 219 60 40
    110 81 243 88 163 163 21 83 139 42 127 32 108 243 49 227 76 131 45
    216 248 41 146 215 183 41 154 87 45 95 59 103 0 40 38 87 192 163 16
    101 91 48 188 2 98 57 115 82 11 32 118 217 69 139 170 7 240 102 96
    49 59 242 17 18 218 228 198 153 149 26 113 127 245 105 124 47 118 2
    182 222 62 3 38 47 194 145 246 62 81 55 118 204 103 240 255 5 206 94
    149 237 62 203 2 246 239 113 90 171 23 127 248 43 211 231 173 5 135
    69 2 25 217 204 180 196 16 80 239 83 170 43 255 197 145 16 21 42 92
    241 233 21 28 213 236 1 246 53 206 80 22 38 84 128 36 197 201 139
    168 234 107 93 71 54 220 104 204 64 168 191 79 183 132 133 105 41 94
    232 255 217 1 232 37 226 117 86 216 97 37 87 250 245 75 132 119 20
    31 152 208 41 180 199 115 216 232 214 152 232 193 222 17 166 84 254
    227 16 185 217 248 107 64 25 211 80 110 139 118 106 250 127 255 46
    51 225 59 186 7 172 141 111 56 140 96 247 220 255 243 45 229 218 128
    46 163 220 153 136 31 255 138 55 170 212 46 65 124 116 196 227 154 2
    114 232 82 94 58 220 181 101 87 180 2 11 217 12 227 133 27 196 234
    116 44 53 124 71 180 120 158 250 195 89 124 108 129 125 150 69 146
    29 92 46 62 162 113 105 172 7 101 58 166 1 126 67 95 151 9 206 109
    110 189 75 248 197 185 195 149 231 74 190 10 25 243 121 202 134 43
    88 39 20 203 152 236 221 210 147 212 127 77 35 90 219 250 189 20 49
    2 188 130 181 54 93 230 9 163 29 89 105 48 207 167 208 69 18 166 238
    109 160 222 172 39 100 251 210 154 119 200 138 135 0 147 93 42 203
    191 240 135 193 34 157 109 45 225 229 21 129 144 109 45 57 166 36
    194 192 236 202 13 168 18 255 2 49 178 229 38 235 192 216 173 96 144
    159 228 60 202 69 211 236 73 102 0 12 19 137 48 105 147 15 56 16 44
    133 100 243 224 138 251 214 168 177 173 197 44 210 77 45 12 112 214
    245 192 159 151 230 236 24 88 227 128 56 196 148 199 87 121 117 90
    79 235 117 220 138 241 195 254 167 159 206 176 76 184 245 216 226
    136 6 38 198 129 50 117 169 98 194 0 23 40 252 164 155 245 191 27
    198 169 156 138 164 8 105 178 13 217 55 29 192 110 83 108 209 233
    171 220 228 154 157 133 24 103 39 255 119 18 226 84 238 22 175 136
    169 245 150 147 200 105 8 214 11 67 147 244 199 4 240 119 149 92 93
    99 235 115 108 145 73 116 64 46 25 216 120 158 98 0 75 127 56 56 222
    155 67 7 164 151 17 16 218 163 187 166 246 185 236 165 5 117 98 188
    203 234 58 180 103 179 188 249 180 138 222 87 226 170 205 242 245
    106 241 87 169 72 137 97 167 215 84 213 110 38 100 93 159 13 183 52
    56 42 28 150 211 176 83 152 37 245 35 206 69 199 78 133 95 180 93
    193 128 62 16 183 154 152 208 139 98 148 148 144 22 100 226 22 27 39
    42 239 148 243 154 130 144 205 151 63 65 42 131 197 163 151 32 12
    254 237 142 12 137 25 227 112 240 140 163 72 172 69 108 178 154 169
    240 226 46 63 232 136 31 151 228 33 138 199 194 118 40 0 154 226 190
    146 21 165 35 129 22 211 179 90 132 66 76 213 253 78 36 105 155 157
    16 125 48 78 179 166 7 174 84 17 163 123 251 169 128 48 142 74 108
    27 165 122 10 11 238 75 9 157 245 227 0 5 43 138 195 147 171 32 129
    17 209 107 12 224 92 118 150 159 198 181 141 133 42 242 79 43 71 13
    158 101 205 37 200 77 20 7 109 184 191 41 88 199 127 199 110 226 56
    172 9 145 80 196 85 229 116 227 153 124 138 157 232 152 208 115 204
    219 36 43 61 59 243 23 19 75 66 213 64 215 133 240 11 47 5 239 241
    77 87 124 188 114 164 44 113 140 162 43 78 140 194 195 251 234 93 35
    86 47 36 109 203 216 45 90 234 12 108 172 84 189 63 186 22 63 148
    139 3 214 53 83 183 177 244 43 234 119 2 173 134 27 174 19 241 31 49
    87 138 252 169 206 39 105 208 249 244 8 207 203 85 118 216 140 203
    133 197 114 83 77 254 251 221 226 142 14 157 19 16 180 180 129 247
    57 166 213 187 244 120 170 5 207 144 160 255 103 65 181 68 183 58
    155 159 178 170 110 65 200 102 233 102 185 196 136 146 12 209 189
    162 100 149 78 99 24 176 67 134 107 224 242 97 95 246 205 36 200 230
    174 30 105 255 252 132 149 157 63 185 245 203 13 119 141 53 88 57
    140 118 77 147 61 108 238 185 70 85 6 193 50 105 192 125 204 95 174
    96 225 42 1 227 232 140 192 52 182 143 60 207 104 151 226 100 92 29
    245 92 16 55 102 39 90 207 93 120 65 174 52 88 16 160 41 32 134 80
    255 147 251 64 71 68 230 149 50 238 226 187 193 211 164 184 211 68 5
    191 96 174 204 138 159 86 74 54 53 134 32 190 72 50 220 148 98 100
    34 208 81 254 161 162 101 28 113 215 25 94 246 154 171 67 21 133 107
    207 89 81 116 8 27 29 11 86 194 90 136 2 204 163 154 109 109 2 11 7
    101 49 122 35 187 101 143 170 243 114 93 113 81 156 76 232 96 7 79
    17 232 37 212 238 90 11 211 131 215 230 96 166 85 64 204 143 41 116
    29 105 210 221 154 88 166 111 113 198 195 133 97 62 119 169 245 185
    93 143 232 124 51 152 189 228 110 227 240 150 228 186 62 115 232 52
    52 51 35 23 89 101 71 177 177 52 82 200 63 145 14 185 60 70 127 101
    59 225 89 75 239 10 142 171 204 148 169 35 227 200 186 221 139 190
    109 95 201 11 50 142 94 34 132 227 106 98 121 11 249 44 131 40 97
    123 235 163 79 112 17 244 249 165 130 17 62 26 62 50 35 231 207 144
    130 42 215 8 46 50 67 128 89 97 236 240 62 19 41 124 27 96 238 113
    215 186 133 233 61 148 222 135 163 192 123 215 80 211 50 26 144 110
    89 255 250 186 23 94 171 216 95 5 15 225 219 155 38 198 134 14 235 8
    98 218 236 98 50 89 120 44 18 196 109 10 239 55 170 182 83 135 53 76
    252 130 251 19 153 75 101 177 126 184 56 0 183 252 151 20 236 164
    234 13 104 11 254 146 245 107 108 152 1 119 209 89 70 207 65 88 81
    83 13 15 77 47 66 12 211 66 108 93 24 92 226 105 117 227 244 240 116
    162 255 213 93 26 4 124 182 160 194 210 163 87 205 212 125 48 103
    254 164 217 230 172 50 225 61 109 127 148 121 181 156 232 92 24 20
    33 244 239 105 16 224 99 14 41 160 55 58 207 109 39 249 115 164 102
    193 246 200 131 17 1 78 242 37 238 111 220 106 44 138 67 172 189 107
    134 225 128 97 121 13 180 94 164 80 146 59 104 114 24 253 60 46 143
    120 27 92 171 138 185 152 221 246 69 217 182 170 175 247 136 160 92
    193 190 94 90 145 138 201 110 188 165 198 45 10 218 140 240 138 40
    172 98 87 246 160 1 55 122 165 150 8 97 215 61 182 125 253 231 9 65
    70 147 68 8 19 134 237 36 125 16 210 186 129 58 39 211 251 237 16
    126 211 165 56 254 185 176 131 135 41 69 137 228 163 175 155 67 144
    118 187 215 62 225 43 219 223 203 70 215 129 250 4 210 63 143 146
    143 157 200 72 93 132 20 73 204 128 116 187 132 228 109 249 30 64
    237 15 23 144 250 159 41 118 102 247 232 118 235 176 117 225 46 235
    39 247 95 208 117 98 252 190 59 167 202 108 175 34 79 167 205 73 17
    158 207 63 232 63 253 109 248 36 148 243 120 235 197 145 49 110 134
    90 33 21 72 169 36 59 228 255 26 250 204 83 121 72 68 63 225 241 187
    63 71 70 154 231 0 14 123 6 166 88 207 41 215 120 132 120 122 21 92
    29 14 49 203 175 95 206 210 48 63 43 228 233 38 92 124 59 4 63 167
    202 11 54 146 51 9 144 213 71 164 132 68 193 73 71 253 213 250 62
    215 76 241 124 203 188 31 160 22 147 93 30 131 165 57 125 98 75 241
    239 204 177 32 166 52 0 234 107 151 236 28 195 110 11 110 184 24 81
    254 223 113 184 11 1 56 188 205 71 40 159 158 240 78 197 55 238 90
    29 2 231 138 246 149 39 184 62 44 198 62 175 166 175 188 192 181 66
    22 51 59 29 28 24 44 44 118 91 72 242 231 219 17 111 42 2 136 15 10
    33 49 216 247 194 55 82 98 66 1 219 59 222 144 160 166 241 125 248
    138 187 236 76 158 58 179 85 223 197 37 112 194 208 250 9 243 137 5
    31 80 207 10 191 32 21 93 71 167 249 239 180 129 45 56 92 242 240
    254 45 10 65 30 120 87 197 101 66 82 103 46 64 28 199 85 145 111 115
    122 55 143 132 172 2 3 215 253 46 6 89 101 212 44 87 110 99 18 49
    208 111 198 99 245 196 195 214 82 97 220 73 69 87 175 79 201 223 51
    133 95 16 78 91 205 156 237 81 103 162 232 157 24 166 175 48 155 59
    32 141 5 124 170 252 119 242 179 178 127 53 24 122 69 198 45 1 183
    28 215 216 241 134 175 2 15 141 159 123 140 4 20 201 53 126 223 206
    49 155 145 172 54 190 94 126 12 25 228 89 241 176 23 253 150 86 212
    102 4 2 31 182 19 202 176 221 200 95 85 218 216 61 146 180 180 182
    129 231 202 32 31 58 95 97 26 241 159 22 109 213 78 160 240 8 97 243
    140 57 195 86 42 167 87 152 0 97 138 0 115 108 165 251 185 229 57
    230 89 20 167 22 87 78 141 152 254 43 49 64 155 155 95 253 155 140
    77 144 89 202 63 88 154 45 148 173 225 251 229 211 149 96 21 212 103
    168 85 119 230 161 122 208 95 204 184 172 98 36 204 83 29 28 167 195
    9 211 203 152 103 14 132 47 189 174 62 212 55 156 156 206 246 165
    225 41 107 125 227 213 176 62 85 2 27 218 75 203 170 30 55 29 63 194
    252 117 9 149 211 76 96 96 135 170 235 225 174 5 213 18 101 192 106
    238 40 154 176 219 115 240 141 119 73 88 222 248 248 200 185 154 54
    198 86 138 97 234 94 163 174 251 93 66 106 133 62 14 195 174 122 129
    194 84 45 120 41 62 217 130 92 244 38 152 229 249 139 195 30 187 1
    176 91 238 111 101 88 194 158 186 34 44 97 37 222 224 50 139 205 6
    212 167 56 76 88 88 226 150 115 61 147 180 38 129 33 24 28 23 182 45
    202 41 87 27 198 119 154 235 62 117 151 84 157 136 251 174 182 184
    82 36 13 153 34 215 219 34 246 45 145 214 155 135 201 71 81 2 135 20
    231 107 183 82 111 107 165 147 1 75 137 5 242 31 202 75 11 53 44 114
    112 230 112 141 207 104 205 211 211 137 167 145 68 106 40 155 193
    208 166 68 117 92 51 31 106 117 32 112 107 15 4 162 74 48 47 198 129
    141 214 44 27 51 8 68 73 99 53 187 178 229 106 94 179 225 88 179 88
    249 92 175 87 72 161 24 173 245 188 20 15 215 216 7 28 100 112 178
    212 190 154 57 244 127 12 27 196 135 224 248 38 232 188 240 139 230
    216 87 243 94 72 157 50 142 136 60 152 241 37 51 183 126 4 155 81 36
    208 115 255 122 110 2 44 187 240 142 0 245 248 95 221 43 21 220 95
    30 62 9 143 237 247 184 223 11 181 33 107 174 232 251 70 237 142 135
    107 31 217 185 168 161 106 32 85 163 62 189 181 147 246 70 237 77
    207 137 124 35 95 151 170 73 151 21 254 67 5 189 222 201 241 75 246
    163 112 237 13 147 253 200 236 174 56 152 214 131 215 76 168 130 173
    173 11 225 41 20 229 34 202 173 16 124 76 119 104 226 109 237 57 178
    32 176 116 62 119 128 95 149 38 139 66 230 57 162 156 89 124 219 42
    22 55 116 247 234 229 208 163 214 83 158 99 224 246 31 175 120 80
    114 85 119 224 239 66 203 175 81 57 79 83 10 0 170 33 165 62 71 68
    178 100 159 53 115 175 215 54 3 4 147 86 97 215 54 86 89 200 65 224
    249 183 141 12 195 187 108 163 147 36 5 152 158 19 255 243 174 125
    217 163 248 183 134 236 90 91 83 123 101 114 24 158 171 208 163 23
    174 27 124 225 103 235 75 68 157 22 1 152 73 14 167 70 213 122 106
    44 155 127 151 192 111 19 123 214 190 34 102 4 132 43 43 24 167 199
    67 61 167 47 100 156 81 70 217 151 124 217 68 82 46 136 143 15 66 45
    94 128 216 48 131 145 30 117 166 44 18 76 72 141 102 62 248 205 32
    231 238 191 121 227 81 139 173 163 16 9 45 31 159 48 236 251 34 188
    99 75 4 175 79 180 31 171 226 22 32 131 130 96 169 191 223 152 21 44
    9 192 178 115 209 209 53 202 242 212 222 64 48 28 178 80 26 152 147
    182 95 133 60 34 4 35 94 73 128 5 103 228 120 19 204 100 187 133 132
    195 98 50 168 85 162 168 196 119 171 98 211 125 198 38 163 13 5 5 28
    117 47 143 125 138 230 232 103 45 44 248 5 156 122 157 16 70 3 191
    222 177 222 16 64 68 88 86 36 84 243 93 166 24 162 173 57 37 210 179
    43 133 1 84 6 239 131 250 29 238 134 194 18 91 107 107 215 101 122
    76 154 184 61 18 98 70 220 124 232 244 160 99 194 151 43 161 252 139
    190 208 240 14 226 6 163 172 23 168 34 122 121 35 109 121 88 254 49
    92 163 194 183 60 188 229 246 150 156 186 161 68 208 45 68 216 65
    229 30 217 93 176 147 162 83 139 103 200 86 222 0 46 88 223 131 235
    214 252 201 149 74 179 182 99 124 98 239 236 17 123 165 145 165 243
    255 85 189 178 15 178 172 81 164 110 159 0 0 68 147 23 169 66 167
    155 214 117 195 249 80 239 206 62 2 123 132 209 35 153 36 221 48 188
    111 45 202 31 102 162 70 218 13 133 125 189 168 178 56 27 168 118
    102 108 31 69 161 233 79 202 198 241 30 136 255 133 158 92 117 135
    195 113 57 10 161 22 149 7 151 83 28 135 113 247 241 28 162 66 248
    147 200 210 102 59 180 183 60 68 131 26 80 244 107 105 202 53 24 151
    235 230 175 150 179 195 133 247 71 149 20 137 9 41 8 197 16 247 84
    48 157 135 221 202 21 74 154 62 50 218 144 116 233 211 12 241 56 146
    211 175 227 122 87 213 155 20 78 250 42 81 11 2 168 7 228 16 197 188
    49 124 195 164 205 114 198 199 43 239 94 4 5 175 129 39 242 209 55
    160 51 51 60 25 25 120 17 225 39 237 191 106 61 255 14 99 168 235
    209 250 214 58 188 24 89 133 254 127 94 25 102 142 1 154 12 214 212
    145 97 164 98 227 241 57 181 0 231 82 75 179 7 79 137 81 124 40 131
    49 189 189 92 13 9 210 133 92 39 214 159 210 184 254 96 223 119 25
    210 247 178 73 244 82 52 156 41 57 163 103 69 116 11 140 85 2 228
    191 244 187 135 30 36 25 29 10 180 244 82 211 117 220 249 247 203
    139 187 181 236 106 207 159 27 32 194 20 130 51 157 139 252 123 46
    240 112 39 42 134 216 90 94 168 236 34 19 46 149 185 153 14 48 209
    30 53 35 69 18 7 39 62 147 118 187 245 61 173 159 234 115 206 136
    146 98 81 0 187 47 228 178 242 25 179 34 14 243 14 30 47 1 172 118
    154 37 228 22 103 9 110 3 116 226 122 222 11 39 63 84 30 233 3 210
    33 191 97 119 85 4 130 67 184 74 112 199 127 190 6 28 35 184 149 94
    106 51 217 235 245 117 44 232 18 42 90 135 189 41 93 211 177 148 139
    41 12 216 121 118 240 149 140 178 125 10 109 48 207 38 56 105 209 48
    26 23 73 46 94 233 134 33 242 187 136 38 179 236 22 51 159 120 217
    169 235 14 208 164 66 49 111 222 254 207 116 95 15 37 52 254 193 11
    160 27 158 141 204 203 162 132 109 21 180 115 16 138 195 135 118 175
    42 214 0 136 54 225 86 177 103 42 169 198 47 144 82 17 103 224 49 95
    185 222 223 19 184 33 183 189 187 68 191 218 110 98 10 77 148 214
    169 163 127 192 190 139 242 175 218 63 241 217 166 84 98 96 7 45 197
    66 196 150 77 22 162 59 81 27 27 170 186 45 98 139 53 24 63 127 116
    16 8 51 189 33 158 4 13 219 56 236 228 234 155 187 125 234 26 51 99
    255 107 234 108 253 230 222 228 84 237 233 125 115 92 135 7 176 224
    112 70 169 213 233 57 76 126 168 65 231 48 73 166 221 182 38 77 157
    185 216 113 250 145 178 82 245 133 89 212 236 113 201 137 44 5 236
    191 246 123 169 48 244 35 53 253 39 0 55 217 99 67 88 136 150 251
    129 197 156 25 128 185 55 39 211 245 63 212 212 228 132 19 71 112
    173 165 181 106 152 7 158 52 108 120 254 176 210 150 28 200 245 113
    193 24 34 113 248 235 232 24 212 42 23 204 213 119 203 240 119 7 158
    178 247 10 217 30 224 67 182 203 184 44 104 67 155 233 47 242 23 173
    184 227 176 9 170 27 27 187 134 149 253 82 23 64 37 160 67 155 96 7
    212 182 153 94 82 138 8 137 190 114 189 125 137 41 106 254 198 67
    219 104 134 14 54 88 107 195 98 34 174 56 77 158 183 177 25 176 77
    183 69 110 159 110 83 163 154 166 25 81 230 83 181 228 17 39 198 210
    11 100 208 207 149 79 237 199 107 16 60 76 6 107 230 168 106 144 202
    36 222 171 161 163 168 232 22 105 38 49 227 150 42 212 35 15 138 251
    25 235 153 166 238 224 0 15 98 47 37 121 192 80 113 196 107 108 97
    211 74 7 143 3 173 158 152 187 101 138 89 1 204 195 201 74 153 157
    28 195 61 77 61 249 148 163 122 72 30 185 41 213 220 149 226 90 169
    33 167 252 179 173 68 217 121 121 232 39 245 221 133 101 230 129 14
    218 57 215 217 74 255 126 56 45 7 36 168 46 179 10 19 170 82 20 45
    57 13 16 185 191 104 123 20 209 83 202 8 239 184 156 194 185 212 250
    72 61 221 78 40 108 75 107 227 139 23 6 183 225 236 20 209 231 123
    70 55 138 54 68 123 39 119 81 131 213 86 100 52 154 50 66 15 25 181
    219 8 49 166 144 39 217 121 145 226 96 154 146 118 62 47 194 44 237
    51 24 251 32 225 192 181 166 201 245 10 92 237 174 154 171 171 228
    68 131 152 102 156 89 51 8 124 250 137 190 118 131 185 153 239 156
    228 33 209 85 129 119 145 9 138 102 220 84 169 169 128 129 1 130 132
    155 41 44 71 197 81 116 193 103 200 169 198 180 62 19 64 208 185 241
    128 101 52 159 252 82 52 96 169 223 136 36 23 154 184 123 99 142 227
    143 111 80 74 9 241 35 219 248 55 229 198 208 43 34 68 180 115 86
    233 62 26 125 167 14 135 144 83 142 90 188 150 71 39 91 228 42 200
    100 48 120 232 30 173 31 26 145 91 255 208 70 206 102 4 35 65 174 75
    51 195 224 75 65 229 52 157 78 158 76 69 249 131 218 115 192 212 12
    253 241 238 94 164 146 158 206 92 34 82 183 156 178 127 73 132 67 56
    7 12 151 16 207 131 213 3 84 162 87 192 255 157 150 189 49 78 65 75
    99 219 177 159 205 192 32 51 23 166 37 79 132 197 240 255 240 212 5
    228 252 191 211 8 200 15 166 119 83 71 94 143 175 97 183 120 153 82
    8 191 112 239 250 174 88 7 53 6 216 188 63 120 1 209 177 23 48 18
    160 140 70 102 19 118 38 244 230 160 4 67 74 241 194 189 212 30 32
    31 107 6 93 81 254 115 161 129 130 5 146 106 84 254 135 106 200 67
    174 30 224 28 139 108 43 43 122 66 225 244 77 136 100 99 148 244 12
    211 4 202 228 49 238 62 180 208 155 125 84 24 30 35 103 123 15 217
    149 128 186 191 38 99 42 108 31 183 69 142 138 252 14 6 253 254 43
    104 144 209 118 243 197 73 35 237 35 116 122 212 66 249 67 10 109
    127 85 197 109 133 101 195 21 13 191 17 168 92 43 225 30 16 20 47
    183 253 191 122 234 197 77 240 169 155 49 82 112 71 192 84 46 131
    103 15 28 43 71 204 155 154 71 75 92 129 210 155 29 163 227 188 137
    24 54 60 119 59 124 190 6 168 133 160 27 102 100 215 210 167 182 33
    40 92 149 129 34 93 2 97 126 144 34 13 66 174 78 222 36 17 113 251
    149 219 122 123 135 253 53 171 0 180 29 53 33 186 203 129 134 245
    144 212 229 232 115 22 181 183 19 170 230 4 33 232 153 89 182 127
    167 33 134 167 155 43 50 246 121 16 107 138 144 255 17 4 124 169 50
    9 109 4 252 204 120 174 76 47 76 30 198 118 40 146 6 132 158 131 204
    221 116 76 204 180 44 227 44 25 2 146 193 142 240 49 238 101 175 161
    28 109 68 251 141 10 140 221 65 113 232 243 239 20 182 24 158 208
    139 252 210 194 251 109 105 204 192 254 87 183 18 243 108 168 20 25
    122 169 58 246 182 5 45 75 252 102 135 255 138 180 7 25 86 220 222
    89 23 134 96 220 253 137 111 47 204 77 175 223 114 186 34 123 127
    148 108 104 196 11 84 28 162 76 84 198 94 19 68 64 98 225 154 106 53
    144 165 180 196 144 167 81 253 145 240 44 244 22 76 30 140 111 121
    205 38 182 182 45 236 83 46 220 83 221 171 247 31 36 62 216 187 55
    50 86 64 60 58 122 50 24 233 114 240 245 74 124 162 174 135 77 29
    221 58 226 177 125 32 103 32 102 208 217 232 95 131 159 140 72 136
    54 108 189 131 234 34 177 219 141 250 193 220 234 79 53 185 1 49 165
    10 59 206 63 7 141 137 22 232 204 129 205 64 142 66 124 115 239 164
    96 192 17 215 92 114 167 59 136 126 246 42 99 133 224 29 186 236 96
    227 75 20 20 236 19 254 148 127 173 45 174 109 235 156 194 245 185
    230 121 140 54 240 212 142 248 35 185 226 13 246 173 24 161 33 1 62
    3 54 154 50 246 183 198 11 118 61 131 21 72 117 90 19 249 227 119
    110 23 159 227 18 253 154 50 157 83 20 126 4 168 214 165 239 4 155
    48 22 161 152 56 152 2 206 95 114 193 86 131 186 239 39 22 212 219
    102 253 234 190 175 59 114 86 2 237 190 126 116 25 111 96 39 50 163
    217 212 139 225 25 58 110 26 216 62 164 7 19 80 129 161 255 122 26
    117 214 173 247 185 85 50 31 149 159 210 239 82 87 220 141 105 139
    29 150 205 161 120 218 104 99 77 42 4 15 234 158 222 147 244 115 76
    184 120 42 68 60 34 195 85 29 144 186 158 127 29 82 59 228 76 202
    246 163 105 69 229 29 63 254 162 64 177 205 46 69 85 99 156 34 222
    56 135 225 198 36 120 74 90 216 86 22 133 21 108 43 205 239 239 183
    64 26 170 190 3 194 233 98 44 188 201 162 118 79 101 174 134 121 149
    121 157 228 236 238 174 141 51 194 255 120 80 219 8 94 2 59 46 7 25
    241 77 249 75 166 101 117 31 188 125 107 190 224 33 152 49 173 58
    210 211 51 218 145 203 132 90 9 67 48 72 66 40 205 10 83 185 211 224
    232 193 214 182 173 17 125 131 49 233 152 35 176 198 183 224 46 197
    216 96 112 42 244 140 53 242 108 61 205 100 166 3 57 247 126 31 61
    204 33 103 79 93 219 146 40 121 26 116 193 18 36 229 87 195 190 236
    23 245 154 61 172 227 17 211 30 199 207 12 202 248 45 183 224 74 36
    229 241 112 33 27 136 129 126 31 116 196 207 225 84 226 44 2 22 131
    236 94 1 166 116 192 244 126 12 207 130 249 65 68 62 100 214 77 199
    180 150 240 193 251 63 62 213 9 168 2 10 39 38 22 76 214 159 236 190
    52 76 128 230 247 150 107 120 56 199 227 157 128 123 126 252 33 20
    79 196 189 152 215 32 75 69 93 21 169 179 190 188 242 4 60 34 115 65
    215 234 76 166 55 15 51 144 234 141 173 8 60 52 20 157 228 133 43
    246 63 222 232 221 29 41 67 97 152 91 217 210 236 128 162 115 3 19
    191 130 189 245 175 5 104 42 52 85 160 190 139 181 33 244 44 94 149
    160 85 204 209 194 111 80 218 250 72 140 222 73 130 237 234 43 83
    111 166 59 34 232 144 169 53 56 164 243 53 14 160 215 49 119 13 21
    125 12 198 165 207 21 190 79 14 207 141 38 78 100 98 42 114 1 55 25
    60 244 220 53 9 70 76 224 42 154 130 106 8 177 143 36 2 231 83 183
    21 13 143 136 46 78 151 233 129 60 227 244 97 170 137 47 17 240 155
    235 253 21 54 60 249 25 90 170 162 156 58 86 145 59 236 41 48 136
    144 114 239 28 199 138 40 240 224 129 72 26 20 112 17 240 156 220
    110 45 214 71 213 248 239 53 213 92 174 194 76 211 110 109 32 195
    135 126 142 116 193 224 239 80 70 81 207 165 207 170 61 197 252 157
    49 191 204 51 81 104 50 82 207 146 121 10 89 248 43 101 171 124 209
    84 58 165 149 11 104 211 67 126 111 80 59 251 172 9 46 142 110 143
    125 80 1 242 80 25 7 104 12 31 110 116 252 124 35 203 16 216 163 251
    6 78 225 161 56 102 120 107 217 254 253 198 181 30 24 87 114 134 83
    98 213 68 196 254 40 82 13 130 27 229 47 42 61 127 58 51 112 103 105
    48 218 180 91 205 99 119 29 93 21 163 210 24 193 23 194 65 247 195
    85 137 221 123 175 73 182 100 81 214 203 143 94 57 112 9 22 170 36
    126 180 52 198 79 160 107 190 150 242 215 202 80 229 208 42 192 81
    58 40 159 105 18 54 206 83 46 166 218 146 150 204 100 17 120 45 96
    224 106 35 189 118 169 26 192 8 101 6 140 92 111 147 72 55 203 63
    233 99 1 254 88 171 228 1 214 246 41 226 91 100 152 32 128 195 120
    234 85 214 109 24 36 74 119 104 134 69 225 108 212 246 246 175 49
    209 218 232 225 239 35 85 97 4 88 27 245 147 144 121 13 144 172 132
    115 208 135 107 214 162 223 237 81 80 165 145 249 1 31 193 144 148
    124 202 225 88 7 225 180 78 98 61 0 133 201 2 48 161 212 0 100 197
    39 112 180 146 77 55 110 163 209 15 231 195 22 174 14 253 213 167 71
    117 123 206 131 229 102 22 255 89 62 214 74 91 183 190 77 162 110 82
    90 247 249 66 221 13 129 167 174 190 188 53 202 59 93 54 218 154 149
    200 105 34 24 49 136 139 153 50 149 148 8 161 90 179 135 181 221 254
    246 128 1 212 160 14 158 224 146 101 202 76 171 41 238 141 152 215
    246 216 210 16 14 199 190 183 32 157 48 145 30 211 183 213 133 228
    255 0 163 91 88 227 27 194 248 130 134 233 226 25 42 91 39 138 185 8
    59 214 172 55 45 22 148 236 93 125 108 197 21 230 4 130 88 23 200
    175 214 225 148 187 56 241 69 117 45 193 178 243 5 190 123 57 155
    221 221 160 212 180 64 254 203 207 159 112 101 66 28 245 37 91 217
    28 140 239 135 98 107 52 96 26 208 130 232 41 201 70 111 88 2 30 211
    200 63 164 25 37 46 6 196 147 147 14 88 205 34 231 138 160 143 83 77
    149 202 224 52 112 161 198 124 103 122 7 30 146 238 248 112 189 117
    8 241 118 208 236 46 0 167 163 240 97 142 122 246 240 49 18 241 210
    132 25 45 83 183 207 170 164 37 43 177 51 105 61 100 158 127 111 161
    250 101 203 69 74 166 115 71 189 111 183 99 148 46 45 178 191 114
    229 165 162 59 31 40 35 85 5 227 88 13 167 240 13 238 124 101 166
    190 128 93 27 204 5 142 154 73 121 135 29 54 210 8 178 94 165 143
    133 92 112 86 51 209 49 252 182 37 56 85 153 143 31 151 76 69 14 253
    79 23 155 167 161 241 231 191 225 113 167 66 49 172 11 20 59 100 189
    100 190 0 30 19 26 236 231 249 131 19 77 208 152 249 33 153 101 198
    63 149 88 163 144 189 17 38 52 90 214 29 196 62 248 198 85 74 35 53
    49 135 252 28 43 147 187 186 1 49 238 208 2 64 148 2 0 193 163 233
    125 203 136 245 137 198 92 140 35 13 55 222 213 173 244 163 144 131
    175 253 171 116 41 72 120 135 210 45 213 185 30 17 24 237 234 204 37
    140 95 132 56 27 191 58 174 14 35 166 236 138 213 113 87 202 63 120
    146 154 137 223 240 17 176 224 117 42 165 160 52 27 140 202 245 243
    145 197 195 39 192 78 78 70 117 211 82 143 84 198 250 70 246 244 37
    122 234 54 149 80 11 167 25 132 134 72 115 38 122 54 160 62 69 130
    162 36 32 124 111 106 157 185 193 244 253 81 50 167 15 81 71 48 21
    29 245 147 147 76 206 64 122 237 82 31 202 90 241 42 121 193 159 41
    176 203 122 102 184 22 62 70 96 96 222 251 54 110 178 209 163 250 30
    149 44 154 152 47 215 248 3 1 185 123 115 70 169 121 222 20 34 109
    165 198 2 26 69 155 92 59 225 224 221 72 246 52 145 47 65 48 90 162
    251 119 78 62 142 82 171 19 50 149 251 34 179 0 231 226 248 161 68
    232 254 50 97 149 148 55 66 234 228 141 91 96 172 221 184 217 252
    185 182 137 80 183 52 195 139 54 46 37 130 73 102 36 173 30 120 37
    57 52 109 50 0 186 210 105 249 138 15 151 182 16 63 187 1 127 51 179
    48 206 242 216 233 223 206 74 136 201 99 145 20 102 216 229 209 99
    214 181 58 69 75 234 18 217 80 44 239 94 187 189 170 109 210 238 30
    133 115 25 151 201 246 100 34 123 112 94 105 8 73 207 154 72 134 124
    84 119 58 162 214 16 219 40 28 57 12 98 31 101 18 228 121 14 136 79
    115 166 218 93 196 120 85 228 5 146 73 236 142 249 253 82 134 112
    129 84 154 205 6 45 146 231 158 126 249 62 90 254 38 11 241 7 26 137
    186 11 54 227 103 141 94 94 150 248 13 177 159 174 26 42 247 174 100
    163 171 160 53 209 42 102 193 185 108 252 69 171 166 249 14 52 129
    39 17 185 182 211 44 192 50 24 224 244 109 74 197 88 149 200 197 153
    209 143 11 137 164 30 158 71 58 72 144 83 101 88 65 123 192 249 159
    255 229 211 154 199 39 27 59 161 31 142 247 95 112 184 155 25 27 25
    8 121 245 157 128 74 181 186 196 82 145 85 173 226 248 125 206 185
    238 222 159 56 8 203 52 42 135 235 116 254 71 0 205 14 40 189 86 171
    2 30 188 151 244 101 152 165 153 38 145 113 80 80 212 233 44 207 42
    239 59 175 93 100 17 90 222 85 78 179 6 91 61 213 16 41 243 242 102
    7 25 240 152 115 136 156 39 254 67 125 165 244 84 27 218 63 1 114
    255 221 228 240 58 185 24 3 216 6 120 93 41 132 126 3 238 111 199
    168 208 214 8 215 238 210 69 210 195 21 100 128 125 247 55 199 68
    193 40 233 65 100 64 15 0 68 97 5 223 207 226 157 154 234 87 22 74
    137 41 100 113 174 151 136 98 141 82 197 253 46 121 225 128 129 131
    19 147 200 92 87 28 233 73 34 8 115 164 190 151 173 32 59 143 176
    111 171 171 126 43 24 136 185 2 62 20 246 194 249 44 87 213 81 182
    33 18 185 184 162 227 40 232 230 144 159 137 98 179 255 110 182 143
    238 210 193 48 82 152 18 224 26 128 23 13 215 141 36 41 89 177 226
    250 203 241 60 124 149 173 33 136 31 52 150 223 82 91 169 49 41 38
    237 48 246 180 68 235 221 13 166 202 221 209 96 135 84 180 214 60
    202 215 18 172 245 154 228 7 211 168 2 216 171 155 248 114 115 69
    118 106 245 125 68 212 36 154 234 133 103 218 120 145 228 202 99 116
    129 49 137 126 45 80 29 151 110 197 237 10 165 16 63 25 115 129 26
    91 231 223 224 42 50 80 144 221 201 238 136 204 197 184 2 68 217 178
    97 204 116 97 85 65 231 234 194 179 184 101 168 60 67 119 131 116 17
    185 144 224 160 2 100 49 7 200 15 26 138 162 150 80 34 117 249 47 9
    155 142 105 198 19 67 83 219 160 90 69 110 146 97 208 66 58 195 187
    15 235 119 229 181 153 90 109 18 253 10 89 54 177 196 219 108 127
    217 232 81 180 118 5 55 185 25 216 40 218 118 69 236 106 104 238 174
    199 221 228 78 70 228 79 156 109 60 33 74 136 156 17 206 181 66 147
    105 196 175 235 156 93 118 202 205 157 195 188 38 61 114 55 134 83
    130 235 9 123 34 45 115 218 132 252 161 149 188 147 76 85 185 114
    125 254 48 84 130 58 87 100 62 222 170 78 99 1 46 73 166 88 251 49
    118 88 234 14 174 244 222 122 239 143 157 218 197 117 200 227 123
    141 217 18 90 176 93 180 104 29 73 239 188 201 185 74 102 169 147
    113 12 140 215 82 218 71 171 28 72 111 117 138 169 55 36 17 223 147
    203 157 45 88 163 96 39 34 146 213 135 149 57 104 242 126 102 186
    205 34 184 253 82 21 219 251 99 191 4 53 224 91 202 221 214 240 248
    186 247 29 153 254 142 37 170 133 193 192 0 202 129 23 175 23 27 141
    143 39 20 112 201 7 28 249 126 79 65 161 188 170 221 31 208 145 82
    184 103 195 179 162 232 23 173 112 139 21 224 150 199 45 142 239 40
    47 137 245 147 92 189 231 45 40 121 102 178 203 16 55 86 137 154 153
    32 135 181 20 192 100 44 216 22 43 7 124 4 185 251 89 165 109 163
    188 112 58 166 188 202 159 148 63 101 26 63 175 234 207 46 212 9 35
    194 232 96 188 26 80 132 47 58 181 55 163 207 115 156 226 128 244 28
    1 93 185 238 68 13 136 249 185 126 172 103 25 20 63 27 77 58 236 3
    139 232 36 141 143 167 97 175 140 140 172 234 172 168 157 197 32 94
    72 182 231 182 187 4 138 183 172 66 155 142 70 69 40 87 180 126 224
    96 197 38 149 124 42 42 62 76 26 58 225 141 168 108 153 106 42 136
    240 133 230 149 194 217 231 250 13 247 94 142 150 104 193 160 164 87
    249 169 131 3 225 29 36 111 54 153 190 164 240 95 194 148 112 254
    130 182 179 98 84 119 83 43 128 174 202 21 231 230 233 86 97 24 105
    137 169 147 175 78 62 245 204 140 30 33 104 121 169 79 203 193 71
    103 17 250 243 110 4 110 146 21 96 171 215 214 181 3 62 13 72 68 188
    145 202 221 81 26 192 63 0 130 176 144 111 246 252 36 176 94 206 254
    43 250 219 179 197 105 2 72 196 243 227 76 147 124 60 75 188 148 70
    175 4 189 127 39 108 180 9 255 11 87 8 228 68 52 2 45 65 225 40 54
    33 55 89 127 132 237 113 55 201 72 71 8 111 171 41 187 151 163 142
    193 231 170 186 26 93 190 236 205 121 218 171 163 17 169 170 157 236
    47 242 217 255 128 246 47 78 60 157 205 59 50 43 108 247 2 5 58 202
    67 5 160 113 252 100 224 73 72 141 4 18 114 9 44 67 105 83 230 123
    19 40 59 105 41 184 161 185 177 105 171 58 239 52 35 195 155 19 142
    4 126 33 129 215 164 204 107 173 0 223 175 131 222 20 71 177 238 165
    45 28 151 70 110 210 199 89 23 160 180 101 169 244 175 215 124 19
    180 200 154 147 61 55 219 118 2 62 18 170 133 253 112 88 141 30 27 7
    33 20 86 54 79 148 40 92 202 47 18 135 52 29 69 27 15 80 197 221 111
    162 205 77 63 84 56 232 134 32 187 233 140 40 13 49 116 224 76 126 7
    133 234 117 126 166 205 75 32 158 197 248 121 139 64 87 201 71 121
    218 155 170 146 38 247 48 181 49 241 16 52 125 171 178 24 218 87 140
    141 43 240 13 180 21 4 68 184 146 93 1 136 175 161 218 0 112 253 4
    107 36 57 152 251 141 124 174 9 169 39 168 13 243 85 226 19 148 156
    31 234 111 137 125 90 96 227 102 82 203 6 83 78 102 216 187 206 76
    185 19 21 208 202 154 117 164 175 26 242 120 91 94 82 18 199 92 98
    103 138 233 117 194 120 96 34 191 45 141 192 124 158 139 137 101 150
    250 56 13 63 47 130 234 90 174 174 54 12 204 205 171 132 95 237 87
    240 174 75 67 87 95 239 199 135 89 227 96 228 25 155 70 18 107 34 90
    69 225 165 226 194 36 251 159 80 70 141 54 111 151 136 44 83 53 29
    145 201 135 95 169 214 66 109 62 240 217 5 24 42 161 27 146 128 39 9
    213 115 252 208 34 110 243 172 132 194 31 186 170 74 169 243 230 130
    207 192 62 100 156 186 228 168 26 59 179 122 108 195 8 122 13 105
    122 86 49 214 241 159 67 80 50 71 130 237 151 128 194 235 208 110
    205 64 198 144 175 163 182 72 105 249 227 212 191 72 181 217 138 68
    169 89 180 145 49 87 198 122 134 37 209 249 2 212 182 38 140 133 223
    69 211 14 95 206 167 3 33 36 30 233 235 163 208 162 200 51 110 236
    241 204 110 246 42 129 41 70 201 164 224 50 87 191 0 102 0 87 197
    213 1 97 68 118 150 71 186 182 106 84 143 141 6 254 133 28 13 37 56
    203 154 87 97 120 88 175 164 220 212 252 161 41 9 8 60 179 64 7 10
    18 102 145 192 11 117 78 88 151 92 197 250 193 225 78 133 210 189 14
    48 228 12 239 59 4 219 8 4 169 133 37 149 131 39 168 246 136 123 183
    219 101 100 152 159 198 33 178 140 61 9 130 28 95 90 25 77 177 76
    246 49 135 24 154 213 130 35 45 241 101 212 158 92 194 204 17 17 66
    210 111 58 236 52 121 69 8 33 242 116 73 1 146 88 174 204 145 102 61
    168 142 168 58 205 27 163 144 97 45 116 98 209 27 55 117 206 213 208
    147 231 108 51 40 186 126 79 153 249 166 222 65 94 201 54 145 180 56
    5 186 196 218 62 42 215 117 173 95 36 25 57 66 68 162 151 23 175 88
    160 158 121 224 128 166 119 44 113 103 61 213 92 169 84 43 105 122
    57 11 197 33 113 172 196 246 215 174 236 186 81 154 16 19 27 236 133
    81 3 120 171 78 87 197 230 33 75 241 6 182 2 98 234 245 245 101 16
    254 85 173 212 161 107 111 160 135 11 213 157 7 82 148 199 238 96 74
    184 121 237 126 34 59 193 71 202 240 221 127 125 123 20 10 60 212 79
    72 234 212 187 22 93 12 98 226 233 9 139 251 201 135 33 156 252 2 54
    39 11 182 174 222 200 101 244 221 79 181 16 211 179 89 113 178 103
    44 215 21 218 142 246 114 239 189 179 67 224 41 197 220 44 38 172
    110 55 44 102 192 79 43 242 155 127 220 56 169 216 240 247 123 129
    236 19 227 85 3 51 55 48 135 102 232 3 238 159 180 56 83 100 67 0
    144 9 216 97 128 105 212 56 72 34 122 178 70 7 219 154 12 221 170 7
    84 205 70 252 111 237 70 43 69 65 139 9 233 168 160 75 75 248 48 104
    91 17 186 13 115 27 105 80 104 50 85 0 161 235 99 107 55 21 248 202
    140 124 145 198 152 151 31 16 56 207 209 39 15 89 191 255 93 100 56
    150 240 147 231 111 153 106 253 102 147 97 74 230 55 168 175 145 18
    235 195 43 65 98 67 80 105 155 16 130 235 211 107 197 35 115 31 182
    147 95 207 67 123 36 216 117 169 172 170 15 173 144 71 247 94 101 43
    151 26 222 209 161 97 51 20 230 51 229 114 6 192 54 201 93 79 74 137
    249 236 153 124 3 136 16 115 197 112 207 188 10 24 198 160 187 131
    150 52 139 44 191 113 110 83 229 48 128 41 152 30 45 99 232 111 62
    66 44 91 251 101 31 119 36 128 216 100 3 215 98 134 140 67 138 172
    19 206 74 247 244 15 155 92 63 174 19 210 231 80 117 20 241 146 110
    167 147 167 74 2 20 248 65 61 97 80 168 86 12 186 238 116 72 107 66
    160 8 65 49 138 150 168 114 206 113 134 152 186 209 36 244 155 33 57
    39 190 95 31 250 54 70 11 173 88 243 109 168 45 78 220 227 183 172
    61 145 64 91 50 44 48 6 217 52 196 135 138 46 129 109 101 224 168
    227 47 21 107 174 218 248 180 212 222 242 22 98 147 82 183 87 158
    151 99 107 55 86 119 106 21 181 172 54 230 41 47 60 16 110 170 235
    26 20 133 237 192 75 230 196 157 240 221 74 94 247 74 206 89 142 82
    69 95 174 56 170 191 176 63 198 47 211 232 139 110 54 147 193 78 219
    138 250 228 69 36 192 117 116 130 142 138 130 63 191 114 33 30 98
    136 69 159 224 22 203 185 153 80 90 7 255 15 132 248 28 141 58 198
    59 207 188 45 27 183 66 181 248 211 105 69 157 178 232 188 96 102 28
    174 33 83 131 177 208 161 60 206 166 238 68 127 243 81 211 243 226
    118 41 77 141 33 167 42 188 28 7 113 122 75 4 134 20 1 252 21 206 30
    36 118 157 112 86 207 145 91 32 200 62 186 106 30 132 38 132 29 157
    121 9 186 98 203 168 16 242 21 196 158 119 22 219 238 149 42 125 119
    232 170 165 204 88 60 135 82 242 140 185 101 31 137 86 42 197 72 174
    71 53 87 124 28 48 125 34 70 250 245 49 126 169 16 156 60 2 167 128
    4 19 126 224 49 239 4 145 54 3 114 193 37 178 156 76 116 157 180 1
    80 199 200 83 196 29 67 121 144 53 157 53 228 210 225 7 58 251 121
    157 48 246 213 93 49 87 21 23 94 221 154 111 82 99 44 224 240 63 140
    57 62 209 166 145 36 68 127 249 130 64 108 40 239 219 27 51 28 229
    39 148 200 107 156 234 229 226 173 125 158 11 102 185 100 32 60 26 0
    179 68 211 83 188 88 248 73 81 151 145 53 220 34 222 97 188 190 62
    162 164 148 97 9 100 47 252 43 140 96 226 208 116 27 73 65 149 244
    147 190 170 41 87 113 184 227 40 204 217 141 217 129 32 159 187 26
    113 127 168 64 21 14 153 158 194 233 74 112 62 178 220 107 193 80
    179 233 64 76 83 185 69 78 29 26 195 82 27 41 194 127 98 139 97 169
    219 17 184 15 30 211 61 253 217 14 175 224 46 24 142 78 48 244 25 98
    169 52 111 194 127 216 109 166 144 113 208 6 199 190 226 243 184 6
    55 248 39 119 135 205 154 128 170 117 76 179 152 37 9 180 27 183 43
    192 96 8 191 79 61 98 173 199 92 60 27 108 174 87 173 125 204 221 84
    126 48 153 41 112 128 10 47 37 8 251 41 167 114 173 190 110 164 235
    173 209 51 196 171 187 48 202 118 61 210 83 161 78 22 200 255 193 46
    20 8 88 161 102 144 211 226 228 80 170 162 156 114 0 220 77 19 120
    182 66 112 113 189 107 105 7 134 35 76 24 107 43 224 249 186 217 112
    226 41 120 176 51 231 240 8 105 219 126 123 210 195 80 161 192 84 81
    161 124 190 161 56 95 32 238 95 245 182 29 12 165 84 59 178 175 230
    103 160 99 75 43 108 248 153 193 8 57 165 7 195 106 55 182 124 136
    218 193 102 22 136 124 251 5 16 141 44 248 119 206 7 41 71 177 23
    167 149 26 190 64 8 252 103 144 229 33 71 223 142 95 70 246 68 215
    41 194 210 219 110 140 40 104 77 160 32 180 83 28 56 23 64 105 62
    170 187 247 103 198 124 155 248 184 45 223 192 129 32 194 72 223 29
    238 156 31 123 73 223 117 84 74 16 80 4 226 90 138 37 251 147 89 74
    107 44 230 66 88 77 153 126 254 152 109 196 141 15 184 63 175 241 97
    213 217 51 37 118 67 169 211 201 181 208 199 190 54 43 198 49 71 97
    190 63 169 142 203 5 90 36 134 3 14 219 16 43 35 203 59 175 98 118
    68 7 32 214 127 126 152 220 184 25 197 143 154 130 215 64 15 50 61
    191 58 150 81 59 206 238 0 192 155 183 154 106 232 142 97 16 64 148
    139 176 73 27 107 107 183 253 76 73 219 117 150 255 247 6 110 155
    186 213 159 149 57 90 100 7 127 116 238 21 236 181 201 204 61 206
    147 123 124 194 32 156 210 85 215 56 19 245 173 164 221 153 93 163
    145 197 60 41 245 234 224 209 223 1 238 127 223 42 108 83 151 40 189
    39 83 108 36 74 125 106 70 50 120 36 151 198 160 126 74 159 154 105
    212 241 164 73 128 94 138 243 90 55 221 142 85 80 92 220 167 175 32
    246 80 111 253 24 142 228 78 207 107 139 165 130 53 149 190 223 106
    11 225 255 37 119 66 94 225 84 232 132 9 14 173 64 44 2 73 32 237
    194 60 230 209 252 98 45 6 146 85 156 18 40 77 30 180 33 138 233 143
    44 28 83 148 174 253 133 9 237 111 253 189 171 47 190 154 250 140 46
    179 157 190 234 119 123 159 70 37 160 229 252 159 140 125 51 179 12
    167 40 10 24 107 234 135 179 92 84 155 2 151 254 108 188 219 117 102
    116 232 137 49 11 124 47 60 185 246 145 21 93 21 1 116 233 138 27 98
    241 77 160 211 183 55 217 71 250 163 72 154 254 77 114 238 86 216
    190 91 75 123 129 215 247 106 41 214 83 126 191 205 233 46 111 101
    52 100 87 0 21 217 82 58 136 88 175 21 144 192 28 106 238 113 14 60
    248 157 23 239 216 240 71 211 199 4 245 127 137 38 70 130 200 135
    112 231 206 220 115 55 209 155 10 192 9 226 224 160 52 35 163 82 150
    44 202 246 20 64 48 108 52 51 231 246 214 163 138 112 97 68 221 147
    42 91 23 145 138 196 227 97 150 152 143 130 46 219 116 221 118 201
    64 214 95 138 58 39 182 244 240 16 190 93 224 134 86 194 51 59 145
    153 33 250 145 223 202 63 120 74 159 97 224 164 105 59 220 140 173
    30 77 162 1 84 11 215 134 144 143 9 153 175 1 22 4 121 229 250 49 91
    22 72 175 239 126 82 146 139 158 25 13 79 24 105 165 12 144 166 170
    223 8 145 199 68 50 117 190 38 45 70 195 180 38 62 105 150 116 13
    201 93 212 148 117 171 19 202 67 134 48 154 188 62 67 128 1 87 172
    41 252 175 0 36 170 153 130 67 57 83 70 200 88 135 108 249 216 8 114
    7 194 197 230 194 23 16 116 125 171 87 106 195 93 13 203 118 85 228
    123 73 50 233 64 196 17 169 71 223 120 167 172 64 125 167 142 154
    161 39 210 194 113 70 8 48 229 70 75 158 206 60 74 196 125 40 156
    128 255 112 221 54 95 38 209 26 230 87 151 156 0 162 130 48 250 182
    153 223 158 99 84 148 195 68 136 218 70 147 189 159 109 241 127 111
    98 201 22 114 85 81 2 48 40 95 24 144 127 81 38 103 227 149 255 122
    39 77 214 211 53 38 20 98 129 11 7 44 245 35 148 157 123 224 173 205
    14 221 173 69 96 107 44 179 164 0 116 221 172 215 226 56 144 38 87
    124 100 8 235 195 208 54 156 244 227 198 120 178 11 116 178 116 223
    250 158 117 49 207 68 73 147 45 238 95 189 109 39 193 66 221 131 65
    81 48 67 172 78 45 198 81 8 173 128 50 156 21 53 96 236 84 203 235
    111 212 39 187 221 149 173 106 163 62 156 250 137 14 227 239 111 246
    57 108 26 233 128 186 226 27 135 25 134 140 136 192 95 132 104 209
    238 220 90 239 68 197 159 54 165 74 94 63 0 7 32 92 8 79 104 242 157
    4 241 90 37 247 230 231 105 247 227 98 20 112 77 129 210 112 47 84
    220 166 140 83 34 102 204 41 233 20 222 16 132 72 162 144 151 50 57
    49 10 101 54 82 133 105 100 252 68 155 46 208 59 33 89 50 187 207
    186 142 233 61 121 73 136 214 108 64 141 158 238 109 11 28 207 109
    71 187 62 91 100 153 212 27 18 7 183 69 99 21 77 201 186 176 63 27
    213 89 207 34 190 83 174 25 241 60 181 56 96 209 219 221 83 235 43
    106 0 44 73 74 219 141 212 109 237 130 23 214 122 223 96 175 54 178
    214 78 75 29 169 240 232 167 215 246 41 178 210 5 213 217 149 52 5
    111 40 250 112 117 188 197 167 2 236 243 43 55 23 251 178 208 91 241
    64 166 149 174 165 243 239 132 223 134 127 115 57 224 237 141 243
    240 7 95 40 248 235 5 180 98 46 170 203 134 5 70 205 215 83 88 10
    102 20 215 64 242 94 108 148 58 181 97 193 85 62 26 176 190 215 146
    113 101 238 177 11 6 191 33 53 126 12 2 254 213 15 113 13 50 222 69
    115 81 223 254 176 52 70 8 87 235 96 240 22 3 184 81 119 21 229 85
    138 90 199 209 202 24 14 149 209 38 70 219 80 231 185 71 211 57 9
    243 211 181 51 248 141 208 239 195 102 57 103 64 215 133 85 29 83 81
    118 174 75 99 241 25 83 179 118 29 224 94 145 176 20 158 16 147 198
    116 236 29 220 164 187 183 124 254 61 141 207 42 133 240 132 192 169
    126 115 32 205 193 197 140 176 196 150 98 191 45 198 151 63 30 10 59
    68 28 198 68 74 210 167 90 162 199 199 35 107 120 200 16 149 122 109
    155 77 197 159 251 212 6 54 90 21 85 237 108 162 30 210 168 76 187
    140 189 170 15 87 47 13 159 26 199 108 77 167 252 224 224 32 0 172
    10 96 4 182 208 84 144 198 168 14 33 162 16 135 218 57 175 161 236
    30 215 3 240 65 58 48 194 188 143 39 115 198 30 180 7 68 156 84 199
    198 204 240 221 13 228 157 192 1 42 199 35 87 173 13 116 242 54 172
    229 163 183 17 248 212 232 137 130 131 170 39 11 29 62 80 35 101 212
    27 213 134 213 82 85 73 227 112 136 25 123 2 246 185 158 41 153 67
    15 24 74 225 191 218 112 41 41 248 120 250 81 35 248 130 61 233 43
    47 85 131 237 207 83 56 186 208 92 223 28 57 189 98 141 71 247 14
    154 20 199 201 249 157 39 47 189 72 149 5 106 252 50 31 129 218 26
    195 46 138 140 221 143 130 113 79 191 103 244 127 156 140 181 96 63
    69 240 50 197 227 114 88 157 116 114 249 70 120 249 33 96 105 96 40
    206 83 22 236 121 85 33 50 190 55 18 255 210 91 163 250 93 154 234
    246 192 78 203 102 77 188 21 244 25 138 76 67 44 142 61 91 96 97 121
    60 237 38 128 156 219 187 6 19 89 237 144 83 123 236 204 2 187 228
    194 6 233 118 205 22 67 58 232 90 50 224 51 176 182 146 47 230 59
    255 63 121 49 222 239 82 212 165 238 155 165 94 12 225 37 78 230 76
    62 17 142 254 141 204 11 123 167 44 28 68 49 57 201 202 116 87 21
    138 232 107 216 79 117 204 45 164 65 169 19 22 101 196 108 181 74 62
    118 104 26 87 217 130 223 222 222 45 51 228 168 90 126 230 224 151
    160 202 215 8 165 68 113 60 68 186 38 239 105 68 228 66 153 2 31 89
    78 247 187 149 172 238 152 76 123 1 205 15 74 190 32 181 227 143 102
    80 87 249 39 206 34 166 92 117 120 104 37 4 214 76 51 8 96 6 103 101
    251 25 17 103 144 254 208 146 224 183 253 23 151 159 131 220 191 91
    72 41 196 142 37 10 81 177 241 21 163 37 201 119 28 20 206 183 101
    34 224 102 64 141 38 179 199 222 163 14 104 93 64 58 223 61 109 245
    146 110 143 79 121 96 73 39 236 53 26 44 239 46 13 231 21 146 63 95
    235 206 50 121 49 33 51 82 194 121 107 20 30 170 188 146 121 107 87
    178 185 23 12 255 217 80 29 95 27 241 34 34 100 207 123 178 72 19
    192 228 61 187 193 98 212 157 207 208 141 71 21 9 72 39 176 147 225
    61 153 87 84 165 128 112 212 21 148 137 160 81 126 208 16 150 73 154
    114 11 6 180 160 5 85 53 121 134 113 7 188 157 238 180 110 175 205
    80 210 89 102 30 8 252 196 157 70 158 155 58 103 37 129 212 82 143
    176 115 110 9 146 79 89 152 155 231 85 139 14 59 205 100 246 112 106
    237 82 82 33 238 173 211 138 200 213 105 198 27 34 166 144 246 109
    186 50 127 47 157 255 253 33 244 174 119 187 208 171 87 42 151 130
    216 12 77 233 45 207 196 208 107 231 29 186 21 197 112 59 95 223 68
    123 98 109 23 173 219 105 222 36 64 97 94 80 12 36 204 181 255 96
    205 216 115 45 148 123 224 227 230 138 14 172 26 67 220 51 184 93
    204 142 118 9 204 30 240 86 36 74 171 126 247 245 134 163 161 109 2
    223 11 199 175 55 130 153 205 162 180 87 99 203 82 133 247 239 76
    132 162 28 224 194 233 14 253 195 98 12 247 164 95 15 156 181 83 131
    99 226 204 96 53 189 67 33 65 86 186 196 95 93 227 16 60 156 35 87
    73 191 243 207 173 198 245 129 128 72 169 101 59 155 44 197 135 11
    224 177 233 176 162 244 56 26 153 102 64 220 32 216 69 19 179 189
    195 200 2 17 191 179 176 197 55 203 233 98 62 86 245 80 23 83 28 179
    36 219 103 252 41 69 89 129 26 170 21 69 7 53 117 157 30 223 204 145
    77 217 91 125 250 213 244 9 97 47 184 34 69 16 175 216 61 18 200 36
    14 140 0 54 175 207 75 125 138 176 181 14 183 186 212 113 147 183
    208 255 2 73 180 184 63 41 214 206 3 92 238 199 204 111 52 82 29 172
    92 98 37 23 8 113 10 88 193 116 136 33 171 28 90 29 87 190 52 213
    179 164 138 245 216 138 232 243 26 16 10 206 28 90 138 3 226 28 241
    184 138 110 163 134 65 14 111 13 239 90 104 117 172 227 21 231 233
    146 20 151 114 68 11 155 73 25 120 68 234 133 200 165 174 5 154 236
    2 209 203 100 5 187 183 6 212 164 121 144 69 19 46 166 51 13 85 113
    74 5 32 154 116 71 104 210 41 213 181 22 227 76 169 45 231 143 59 43
    214 68 26 23 38 218 59 122 146 98 116 129 13 143 32 57 185 106 83 28
    236 101 116 16 24 18 130 120 175 210 240 197 254 191 206 178 221 8
    199 255 174 95 251 233 81 44 172 109 61 130 177 32 30 160 169 123
    172 233 161 4 107 150 239 100 48 65 90 73 154 51 109 177 193 42 64
    83 11 7 151 58 217 77 15 102 34 198 235 128 254 251 42 76 195 101
    167 41 200 226 189 153 180 174 186 39 239 115 60 178 228 163 137 141
    12 69 180 163 222 184 242 66 66 62 90 168 77 171 195 252 168 147 23
    238 115 224 121 118 115 8 190 77 194 52 225 117 155 109 84 233 48
    148 35 87 26 234 197 3 11 62 41 208 97 87 248 4 147 107 56 126 110
    220 204 165 57 15 183 252 83 38 216 65 207 129 192 244 225 209 130
    187 154 77 252 117 19 191 152 44 168 113 242 175 130 108 3 133 234
    241 180 211 143 49 49 248 95 242 146 63 217 80 134 237 8 44 144 147
    148 190 245 0 2 226 208 231 140 231 251 100 128 240 161 216 95 238
    193 167 91 145 53 16 27 71 96 233 82 32 159 16 17 7 52 118 145 30 17
    2 11 240 203 35 14 186 129 0 32 28 45 172 156 69 1 24 13 97 82 86
    139 254 57 204 29 224 157 7 1 184 3 95 243 102 239 109 107 31 26 250
    91 191 27 173 45 230 1 176 239 34 7 129 225 53 72 152 78 250 37 151
    237 153 37 84 144 225 227 223 140 194 42 51 174 239 119 226 149 190
    207 247 35 84 24 31 254 110 104 44 115 212 169 157 229 239 39 177
    139 125 147 215 49 54 79 174 59 83 40 16 188 246 79 134 38 104 121
    19 38 124 157 169 202 250 101 247 136 121 40 38 19 100 244 188 51
    234 236 17 47 105 155 19 245 59 178 89 76 127 116 154 157 60 118 96
    224 46 121 22 227 225 134 164 203 145 71 43 154 154 173 134 156 164
    111 203 176 72 2 68 133 109 201 178 124 195 230 238 173 253 127 123
    89 132 87 63 129 40 67 147 75 239 116 230 170 223 93 83 100 210 121
    41 240 120 146 178 55 210 197 9 112 151 184 146 124 73 208 235 188
    249 88 134 5 160 253 33 0 165 76 36 150 143 195 202 155 218 71 85
    185 34 29 215 173 159 202 193 201 160 214 161 96 73 243 87 241 251
    112 48 101 128 112 99 143 133 224 3 32 32 10 193 99 24 116 96 41 216
    133 77 29 166 113 17 120 143 253 229 83 109 213 169 154 243 16 90 39
    225 116 218 135 153 146 67 171 133 41 185 161 25 236 24 162 85 79 65
    231 226 63 86 197 56 108 241 152 165 76 108 247 221 140 201 212 65
    37 170 243 236 135 100 66 115 188 218 119 152 169 26 78 178 251 65
    205 6 214 116 53 182 108 217 135 225 12 41 168 42 200 176 24 71 119
    183 233 189 124 181 78 128 144 122 239 244 114 126 156 83 225 170
    149 68 37 254 96 229 89 53 175 29 74 66 207 33 45 74 186 149 15 116
    210 221 54 224 252 181 38 113 250 58 84 38 94 128 88 51 93 116 102 7
    162 245 173 213 33 84 212 8 185 122 40 240 101 55 33 125 180 230 117
    30 72 200 117 104 27 109 79 200 121 171 60 241 118 8 180 15 252 119
    70 139 108 111 101 103 173 222 175 214 169 119 210 46 168 143 69 51
    101 16 5 47 17 200 28 222 251 239 69 176 161 81 177 252 45 217 12 43
    60 59 154 165 141 159 113 250 233 44 109 53 133 241 212 6 62 220 65
    25 113 143 160 190 192 91 11 103 184 147 7 184 187 113 160 28 120
    170 185 1 109 149 119 45 194 71 244 100 90 238 31 46 52 194 119 96
    163 12 78 108 75 110 152 203 71 189 22 28 230 237 252 5 208 56 184
    130 38 42 41 218 109 44 5 31 159 200 194 144 134 134 165 200 241 2
    58 255 56 40 72 91 14 159 166 149 149 33 251 84 206 102 149 156 66 1
    178 19 132 19 134 114 205 32 94 19 55 205 221 65 149 68 87 52 176
    122 120 67 10 91 56 30 255 215 75 82 183 32 141 216 229 229 0 174 37
    224 73 98 178 4 104 18 77 236 254 232 70 85 35 128 134 12 134 89 29
    68 80 183 227 230 108 101 134 243 42 127 242 241 46 180 34 34 69 167
    249 146 254 73 133 108 67 92 218 156 21 130 238 151 158 147 228 30
    170 138 58 145 217 61 180 61 102 1 49 26 33 99 100 93 214 151 198
    238 57 16 180 40 145 47 225 86 113 114 88 206 133 212 196 57 168 130
    179 76 59 14 231 137 186 67 109 176 67 142 245 133 95 0 46 199 200
    205 56 51 141 67 42 29 168 224 36 229 175 232 241 91 50 58 180 205
    120 185 2 215 255 45 214 31 125 73 104 60 120 148 32 253 233 48 204
    128 224 64 177 181 54 220 8 25 223 47 252 152 232 227 132 104 175
    206 197 227 194 93 19 47 154 181 161 51 211 16 24 156 240 177 112 37
    252 185 164 236 112 41 174 251 162 26 222 198 179 185 230 26 100 225
    184 34 254 166 20 76 51 115 144 63 72 17 133 99 141 49 61 151 127 3
    194 188 136 250 215 221 120 17 213 78 94 63 188 221 135 193 111 106
    197 8 115 159 219 36 148 30 12 13 142 80 118 60 51 8 95 141 137 161
    16 237 95 91 236 178 1 30 213 206 241 212 173 134 242 47 4 36 160 52
    220 197 169 231 64 249 81 184 148 80 253 29 186 110 55 9 69 20 215
    88 43 117 40 131 157 143 159 152 86 254 151 153 204 142 117 66 47
    190 245 103 208 241 40 174 15 176 28 10 76 119 200 1 128 88 121 157
    151 153 49 221 106 240 50 127 182 51 139 91 194 62 146 237 88 254
    126 144 34 119 90 127 225 154 23 195 187 59 175 80 161 210 37 131
    126 57 203 219 3 22 91 226 219 80 242 56 222 34 33 216 170 14 162 29
    48 238 107 241 109 50 224 101 246 116 49 153 12 30 126 151 54 168 13
    74 221 35 199 116 153 110 216 197 231 81 30 78 248 47 143 118 183
    126 237 90 185 201 72 79 155 2 142 115 15 48 149 135 195 220 40 201
    87 33 111 104 36 87 182 77 117 215 243 67 237 139 255 156 71 42 80
    62 244 138 50 55 83 224 46 130 165 125 136 8 169 92 196 95 54 80 94
    59 63 244 219 52 88 248 30 125 161 230 41 110 230 64 199 180 86 89
    79 81 52 137 29 216 143 120 219 79 97 34 245 2 125 61 46 165 168 242
    54 146 105 36 130 13 68 118 202 22 47 86 122 55 12 82 198 77 135 24
    58 194 166 139 101 42 175 5 43 215 131 196 14 34 116 74 118 31 183
    129 252 204 142 56 146 250 166 126 78 151 50 214 224 49 128 53 165
    158 33 192 2 113 38 152 94 84 2 73 121 143 100 39 71 187 252 58 192
    241 247 14 241 33 160 47 107 109 52 170 228 146 224 175 167 215 188
    98 34 28 108 103 234 162 55 21 3 50 13 132 215 67 43 142 46 70 227
    194 42 165 51 224 244 30 54 205 251 28 139 201 128 112 104 188 72
    144 134 50 100 78 121 251 87 154 168 23 123 116 138 87 248 78 170
    223 119 203 28 157 151 85 252 120 224 136 120 63 146 96 22 60 133
    183 178 113 128 40 243 201 192 93 234 81 180 121 126 171 56 176 188
    62 143 134 153 175 1 226 15 29 28 108 140 135 48 162 93 112 154 126
    162 134 166 7 43 222 52 63 12 134 251 69 40 190 232 218 100 227 85
    94 22 58 46 144 199 86 41 121 51 212 245 102 27 15 181 44 244 171
    102 7 5 140 232 218 231 178 163 207 149 205 180 13 192 165 149 45
    117 69 124 126 154 55 182 155 209 110 44 230 28 59 5 129 110 44 40
    155 195 73 239 148 146 160 81 0 171 107 163 24 114 125 105 80 129
    102 148 86 162 254 40 69 165 203 229 123 247 153 102 237 105 211 122
    151 89 10 155 15 29 81 218 231 89 113 42 153 122 191 57 99 70 179
    218 24 212 149 81 218 99 219 102 107 141 242 237 177 231 60 241 168
    99 71 93 85 152 154 112 133 19 82 94 96 215 173 127 89 103 43 147 76
    122 96 171 180 167 122 72 141 14 33 143 50 221 230 210 142 112 168
    238 60 46 145 133 42 71 191 196 213 188 217 92 115 195 188 99 238 7
    76 192 173 232 82 206 139 66 68 180 15 194 174 64 151 36 95 20 237
    34 59 13 139 81 61 249 82 208 193 56 182 246 0 209 147 212 69 199
    214 213 200 76 146 25 113 91 253 7 178 84 221 91 250 143 243 125 210
    118 204 19 89 253 192 255 143 74 157 67 116 127 45 81 161 244 45 195
    92 254 188 223 101 92 168 73 109 39 32 106 178 7 193 39 30 144 59
    239 130 18 254 14 231 238 15 61 72 130 101 45 203 124 71 18 175 244
    7 230 100 3 186 224 228 119 64 75 233 178 233 25 58 46 161 107 31 12
    147 50 76 65 110 67 119 234 77 40 32 175 99 241 39 173 147 58 24 47
    104 180 175 175 253 101 228 34 220 137 253 139 26 93 49 179 30 248
    20 184 214 123 235 25 26 125 66 144 246 123 130 107 249 26 119 6 133
    95 157 147 35 38 22 0 189 7 95 107 208 222 76 241 139 201 121 228
    140 215 229 48 20 29 88 84 19 163 6 22 58 246 201 72 102 238 189 207
    96 110 76 82 207 222 190 184 169 44 94 180 228 191 176 223 32 143 32
    223 46 148 105 96 201 93 30 120 175 139 105 153 162 74 176 43 249
    203 97 196 80 220 87 18 196 232 192 39 206 139 146 97 100 217 8 154
    39 74 164 46 228 176 15 248 55 201 91 87 87 192 123 165 182 180 86
    68 234 76 136 156 251 105 236 178 106 1 200 62 54 96 243 130 253 240
    225 117 164 114 68 224 18 248 173 195 94 125 162 65 130 59 183 14
    233 66 207 67 137 222 148 10 105 63 88 185 105 235 17 187 243 46 79
    151 84 124 116 51 202 131 7 154 232 217 221 60 44 166 100 33 246 126
    11 250 70 221 119 229 74 195 243 135 134 46 198 49 2 114 139 92 45
    138 75 185 82 205 51 102 86 202 73 177 141 166 102 244 68 106 9 127
    209 103 50 142 147 116 189 139 187 112 140 91 236 218 155 80 104 137
    154 68 175 135 239 79 133 171 107 239 130 248 199 88 92 145 19 205
    229 245 181 207 234 229 107 157 125 45 34 238 17 159 87 103 69 220
    10 112 86 194 204 4 196 28 247 238 42 120 170 222 196 126 49 201 41
    6 29 234 108 220 180 93 231 117 232 91 82 89 100 163 47 39 196 244
    69 96 211 53 159 18 210 78 81 80 187 34 101 124 190 83 73 250 20 134
    162 70 200 250 211 237 6 19 250 255 90 78 58 26 133 129 243 2 153
    120 195 25 132 129 201 129 14 217 108 215 208 60 126 250 134 153 137
    226 31 34 161 154 113 182 203 163 242 53 68 33 178 152 234 2 223 29
    71 250 126 100 9 172 47 132 239 23 15 9 222 69 216 28 20 114 226 13
    217 216 218 171 22 50 70 251 69 6 45 64 180 37 212 65 4 151 101 130
    91 67 48 171 76 134 198 147 83 199 101 222 94 203 200 16 219 245 72
    66 122 248 24 135 137 250 93 133 121 104 71 112 40 240 75 111 200
    211 143 253 53 189 169 208 185 0 186 168 5 172 106 181 242 158 137
    39 137 13 82 1 127 158 126 251 198 30 198 212 187 180 62 68 49 253
    176 90 213 123 16 6 62 31 229 197 201 170 43 28 16 93 30 124 184 25
    110 25 213 78 227 158 43 104 113 243 116 62 95 66 137 112 125 23 249
    19 127 23 180 104 190 72 190 159 2 181 218 47 45 188 240 136 114 121
    167 135 248 242 90 232 8 58 23 206 246 255 162 241 70 169 189 142 75
    107 106 78 208 69 134 209 151 172 120 22 162 23 204 23 235 9 197 177
    129 223 112 84 233 131 249 151 17 131 251 237 166 10 17 220 107 48
    105 133 212 68 145 75 176 155 213 242 137 149 36 49 176 225 115 129
    193 124 197 24 198 210 252 127 198 64 34 140 167 182 57 245 234 152
    224 40 41 24 75 179 211 127 1 221 125 187 71 193 149 214 97 92 225
    89 230 83 124 45 182 203 15 168 148 11 75 74 8 154 205 200 189 52
    156 74 226 11 187 39 58 169 222 7 46 20 241 101 147 58 44 197 14 236
    104 3 117 77 8 28 100 194 96 185 212 63 191 122 32 29 23 138 163 45
    18 247 177 102 97 87 47 63 170 193 24 163 98 208 247 135 161 103 138
    251 191 11 244 85 58 175 0 156 245 249 105 254 215 204 95 94 13 206
    147 99 9 64 44 181 220 210 68 11 156 10 15 194 169 52 2 45 168 8 57
    6 137 150 144 89 46 167 156 51 220 144 241 163 17 70 165 202 222 235
    182 41 159 89 128 62 221 133 64 82 56 130 72 112 145 157 187 8 25 70
    212 144 43 82 5 64 219 86 2 252 59 23 168 133 132 99 114 13 189 221
    229 125 67 244 3 87 22 160 30 108 32 35 230 26 179 47 75 26 16 177
    132 89 130 115 23 252 228 126 98 158 26 68 124 85 117 89 45 241 50
    74 14 164 20 226 109 139 165 7 187 146 113 20 19 80 157 3 191 143
    156 42 37 197 54 161 182 58 206 255 240 166 225 29 248 116 126 251
    128 121 46 224 186 5 46 149 35 175 45 18 245 229 201 242 130 124 188
    144 118 215 240 10 156 123 31 115 83 46 8 66 70 233 75 252 43 117
    111 174 243 54 231 92 234 72 60 162 55 85 58 162 98 43 23 195 127 69
    29 207 42 148 116 72 76 171 7 217 57 245 129 127 5 202 100 160 17 75
    240 72 58 220 34 83 87 224 135 99 124 195 23 61 30 221 142 47 8 99
    183 208 19 35 140 95 142 13 28 193 250 219 239 166 130 67 57 85 203
    155 55 168 100 42 5 101 152 217 83 227 91 76 202 124 238 176 68 234
    84 211 175 74 56 74 112 46 20 97 75 9 72 206 112 244 0 58 233 184 41
    18 148 157 185 73 53 78 57 226 236 158 4 222 154 0 23 13 1 7 83 149
    89 47 228 174 118 172 237 130 75 186 156 113 37 242 149 11 113 186
    198 77 96 28 232 72 92 2 22 227 104 148 28 93 158 144 79 210 255 125
    53 253 0 176 130 105 47 100 181 238 81 209 181 14 53 84 118 197 72
    144 126 152 230 0 241 231 230 88 61 223 229 81 75 3 136 118 114 25
    118 1 249 48 115 224 1 250 33 151 169 81 232 98 160 225 204 23 204
    60 139 15 44 163 59 33 229 31 85 51 141 206 61 190 54 197 196 243 3
    145 184 46 230 205 105 183 246 90 170 189 17 153 58 174 21 140 150
    82 238 127 44 236 0 84 222 202 64 222 48 120 19 11 85 14 147 225 212
    8 242 151 159 164 200 239 28 3 249 19 183 177 87 224 43 227 141 196
    54 1 134 245 35 13 152 196 129 168 184 140 62 114 195 22 140 43 136
    46 12 209 175 231 42 62 201 73 14 92 232 145 215 59 172 13 53 181 68
    179 183 207 15 144 244 212 209 209 97 170 75 171 230 100 46 165 238
    153 138 175 93 229 176 134 198 168 184 223 146 225 209 1 51 142 78 8
    223 12 96 28 3 230 169 123 51 56 215 38 120 32 156 115 31 201 217 71
    208 183 5 254 90 99 43 36 68 31 152 202 147 129 215 114 216 112 41
    227 109 37 199 90 168 1 92 57 243 110 155 82 238 163 102 67 253 120
    20 139 6 176 53 121 73 119 131 39 123 233 196 234 0 212 145 21 120
    43 87 76 76 183 169 184 16 230 62 222 102 79 111 210 81 130 171 117
    227 89 23 66 216 148 164 21 213 84 60 159 99 123 145 218 127 250 44
    172 218 243 212 159 221 8 59 114 27 175 28 44 93 193 64 127 100 58
    248 219 100 49 73 80 169 137 224 77 134 132 115 198 250 204 65 37 90
    187 205 72 178 23 196 214 62 23 58 196 184 6 199 185 234 71 240 222
    128 27 239 183 12 140 169 67 29 74 25 255 180 28 102 85 190 100 194
    58 102 122 31 166 38 24 165 209 18 68 59 107 213 118 93 23 86 250 1
    13 133 93 181 71 58 57 152 216 60 30 227 222 9 123 93 236 195 126
    149 57 66 114 14 15 115 17 213 114 143 224 248 163 89 234 27 225 179
    69 160 25 250 185 142 100 165 141 222 44 163 129 150 230 182 206 162
    48 241 90 177 234 140 131 145 201 2 52 152 8 79 174 3 178 64 239 83
    214 34 189 44 98 173 234 23 110 249 183 118 68 140 232 209 126 101
    47 249 61 242 168 229 197 170 237 244 202 98 130 55 146 220 132 132
    248 33 63 124 84 193 35 97 203 245 80 11 153 203 94 67 100 90 16 168
    136 183 136 67 236 55 194 15 202 157 199 93 245 84 207 111 213 169
    47 39 231 138 97 134 112 162 95 21 238 108 109 205 118 59 178 202
    137 211 51 145 60 24 26 66 51 79 246 79 119 118 230 133 236 14 164
    23 128 67 26 44 250 235 141 148 174 66 23 29 204 41 146 170 139 66
    73 53 225 46 53 23 230 1 64 46 119 73 87 237 33 89 244 143 194 145
    73 235 191 18 148 254 203 31 51 190 5 58 30 165 41 210 73 251 32 59
    93 109 58 107 15 212 204 3 101 60 174 123 65 201 179 238 197 105 200
    208 64 150 175 111 15 119 44 8 144 52 198 196 17 215 110 205 124 181
    127 7 242 72 230 62 153 2 8 238 165 238 246 125 5 212 92 227 226 158
    255 70 7 212 133 134 145 51 203 3 12 8 116 145 91 165 240 186 45 18
    202 195 125 134 70 145 247 211 98 225 126 23 126 4 200 48 148 162 87
    131 58 110 5 151 36 39 122 207 243 26 55 108 189 187 145 92 235 153
    190 173 186 253 144 97 127 129 10 43 48 202 90 3 144 75 73 169 34
    108 198 16 15 75 24 148 169 27 239 62 150 163 60 3 217 157 146 98 32
    161 79 160 97 28 226 20 127 116 34 209 45 225 230 69 0 92 249 208 0
    145 26 128 86 249 193 192 237 115 99 179 28 210 245 81 70 204 179
    198 123 123 185 175 208 196 243 227 96 82 57 198 151 239 196 11 127
    93 186 156 21 118 26 71 228 20 217 1 82 58 158 78 148 190 180 14 162
    109 107 11 31 171 184 246 69 146 23 61 93 98 183 70 197 196 84 54
    121 8 118 112 58 178 89 140 7 149 193 164 77 44 4 73 194 213 2 150
    197 126 82 198 129 6 50 66 224 41 136 64 249 28 212 187 196 79 88
    245 150 231 171 243 200 90 26 59 189 193 165 131 174 210 56 61 52
    177 44 70 204 60 112 61 200 239 37 168 25 167 1 59 167 148 228 235
    162 153 187 50 217 126 91 43 27 44 58 180 58 137 4 182 8 197 73 129
    201 64 141 129 230 188 104 214 160 61 95 171 248 213 215 128 32 246
    99 14 127 251 230 70 144 86 125 18 137 99 144 67 53 222 198 194 42
    200 66 204 50 241 58 125 82 7 245 64 209 26 5 2 176 83 254 93 228
    198 145 32 238 151 221 210 114 66 144 1 191 143 221 111 240 157 195
    118 110 81 66 20 99 161 81 125 233 217 155 41 4 186 56 183 181 24
    124 231 29 72 158 38 42 145 174 111 101 207 189 109 189 236 197 254
    118 99 54 67 57 87 175 105 248 199 200 223 56 191 176 63 229 10 164
    254 83 250 188 38 174 215 138 145 203 96 55 42 88 211 175 23 43 99
    49 87 218 178 212 167 120 185 172 87 57 66 192 191 83 170 42 176 228
    122 231 109 144 236 129 152 41 99 146 85 191 90 11 167 167 104 133
    154 218 7 196 203 130 28 47 121 194 190 115 173 172 30 140 224 26
    202 220 201 21 74 237 10 10 227 213 135 200 80 54 159 241 85 77 94
    162 152 244 207 25 225 228 145 124 231 204 156 173 216 131 2 25 177
    145 152 77 239 196 28 115 10 34 88 233 200 145 177 178 192 49 207 40
    143 117 221 163 143 183 224 168 93 149 219 210 23 79 253 164 53 234
    156 242 219 227 188 195 235 172 167 215 32 22 16 56 118 18 47 172
    177 209 97 255 254 223 112 135 239 248 47 24 130 8 76 205 101 17 181
    139 82 58 188 97 170 253 143 237 69 50 85 114 198 245 29 135 162 3
    208 151 17 69 108 183 27 96 86 19 146 127 13 169 139 232 138 186 188
    197 126 135 249 46 148 207 230 124 159 180 67 198 108 17 190 225 143
    32 0 252 146 152 177 74 197 240 60 137 26 33 103 78 90 93 79 204 75
    197 96 33 240 46 168 181 59 168 38 80 113 75 62 83 233 240 35 174
    184 121 161 5 201 216 134 135 175 5 7 136 118 22 246 120 120 254 62
    63 206 177 178 41 137 75 196 74 181 93 7 76 122 84 146 129 197 112
    34 234 171 109 21 141 251 191 95 84 231 65 144 66 54 142 201 180 52
    171 180 145 87 209 95 192 21 236 102 235 159 204 8 43 81 121 224 92
    53 62 89 236 196 97 166 191 81 151 187 168 247 222 159 145 174 188
    224 77 122 151 199 127 252 23 235 239 35 98 98 204 70 133 15 255 22
    49 145 89 119 157 103 1 150 0 21 127 114 193 82 140 90 116 84 2 146
    67 132 26 27 126 124 66 82 16 253 7 186 105 217 225 113 49 230 34
    183 43 238 223 50 30 22 6 140 176 254 129 133 248 147 170 49 15 173
    97 19 32 27 152 214 111 219 25 244 16 252 71 225 0 134 239 23 15 192
    162 100 155 68 136 193 24 52 150 173 206 62 151 171 162 155 56 222
    198 187 168 117 104 196 108 182 3 124 228 183 186 138 133 168 198 57
    246 63 48 236 26 99 47 40 58 38 156 93 123 199 31 202 122 206 109
    201 7 20 42 25 64 189 112 186 254 34 190 140 33 249 66 104 110 137
    143 200 117 154 237 30 159 253 74 53 72 59 33 165 148 0 159 215 69
    86 252 13 206 121 74 5 34 86 69 153 179 248 131 244 202 14 3 199 228
    21 169 53 251 67 42 128 98 207 190 112 171 173 13 167 40 173 27 163
    204 216 225 17 161 142 8 162 207 12 116 198 12 54 79 92 25 184 34
    239 102 89 55 164 99 200 186 137 160 100 101 116 160 218 206 10 183
    117 223 168 7 111 196 77 162 85 23 191 80 139 78 203 192 76 239 210
    113 173 109 112 67 134 182 193 32 62 144 134 45 150 97 15 128 82 115
    102 115 17 211 245 109 61 164 80 53 228 95 78 50 124 61 244 242 124
    188 157 99 129 20 42 82 254 40 235 223 237 239 56 38 120 71 120 255
    234 209 238 121 207 119 211 110 99 71 198 149 217 95 47 108 95 212
    142 235 19 183 254 35 194 48 217 66 139 152 252 172 249 170 227 227
    150 129 9 229 174 12 99 176 72 180 177 190 182 131 108 244 67 229
    225 245 122 130 254 54 149 254 219 204 33 189 10 72 79 254 85 65 210
    185 1 50 1 244 246 8 211 248 190 14 221 197 77 26 98 217 61 242 210
    62 27 234 186 143 241 126 102 231 206 209 199 237 196 114 7 162 18
    187 124 58 103 154 196 155 146 45 116 29 237 68 36 82 100 47 245 230
    97 255 42 176 99 50 70 51 1 135 108 31 247 91 106 149 76 7 250 255 9
    181 46 173 251 37 70 17 174 173 34 246 137 78 23 101 92 150 173 240
    133 15 153 10 176 203 25 46 174 235 93 113 77 230 85 124 75 212 76
    198 70 76 32 212 4 148 71 28 16 36 185 227 146 240 137 249 76 153 45
    152 130 203 191 223 174 19 193 129 181 66 242 252 217 197 160 209
    147 247 122 58 19 44 0 247 119 172 111 48 242 20 221 188 192 148 66
    166 67 255 132 144 109 140 159 110 47 67 129 184 239 192 222 173 156
    222 11 165 21 222 139 154 63 41 144 191 208 188 243 255 171 230 124
    242 152 162 93 42 243 43 22 12 113 227 190 109 31 14 241 151 250 162
    237 19 141 48 44 140 149 145 134 46 245 210 38 143 184 222 129 10
    125 233 76 60 171 223 63 177 32 78 140 141 56 49 115 175 41 140 147
    76 130 93 49 237 203 210 86 152 109 74 224 244 196 227 23 202 176
    155 181 252 150 83 150 174 36 199 42 203 235 142 215 5 58 53 137 47
    7 199 225 57 254 43 155 131 175 255 181 65 142 146 172 230 115 56 21
    160 45 249 165 161 153 84 39 5 192 72 168 15 33 120 244 156 60 91 79
    67 154 117 89 125 248 176 36 224 31 133 116 56 101 59 4 232 108 60
    188 95 143 172 73 232 123 25 163 236 247 114 191 159 5 155 49 191
    124 2 7 64 50 114 39 172 219 112 24 195 125 240 110 167 180 183 72
    117 21 183 138 235 13 194 30 176 33 79 218 3 252 65 9 175 183 120
    161 203 16 203 194 12 22 247 137 18 116 6 187 62 5 91 83 207 189 51
    132 208 71 50 187 225 25 31 110 39 21 31 96 218 77 199 45 216 65 192
    146 157 131 133 181 1 113 14 195 159 22 137 171 179 168 97 13 2 23
    114 220 183 151 210 97 204 205 179 182 157 41 172 79 110 195 159 183
    205 174 37 234 175 87 149 6 9 149 221 1 153 155 227 46 155 93 134 94
    241 179 15 6 187 204 43 107 213 6 200 175 228 154 204 166 193 133
    117 76 121 95 143 243 205 77 113 246 1 132 37 27 163 83 189 244 251
    93 45 94 26 191 54 111 169 201 195 22 59 206 17 95 167 45 11 152 120
    39 97 163 124 108 7 126 50 195 48 60 162 91 232 40 182 94 191 43 227
    78 143 125 163 22 100 207 161 214 136 194 21 245 19 23 174 108 94 3
    16 149 234 10 115 81 3 87 217 155 131 44 220 195 48 137 46 63 244
    181 156 119 84 49 205 170 99 215 192 253 58 197 209 11 141 199 206
    68 197 118 104 102 132 45 55 187 138 97 140 29 126 252 181 215 100
    230 105 29 191 97 5 126 24 142 137 51 181 63 111 231 131 128 128 71
    191 193 97 229 62 159 21 191 233 177 30 242 157 80 163 141 181 140
    250 137 39 198 23 202 223 180 244 39 181 95 91 128 248 175 222 101
    140 20 64 35 39 229 175 57 214 214 68 149 244 212 95 218 87 83 228
    239 195 206 81 73 90 19 197 50 81 247 109 108 13 121 26 73 27 34 49
    227 30 133 164 179 50 167 153 82 230 185 42 233 185 130 66 129 9 198
    200 10 94 167 252 1 26 15 47 19 25 229 0 220 155 244 98 156 83 214
    241 143 15 14 104 227 106 69 199 168 88 208 59 73 5 1 59 39 21 13
    242 184 129 129 185 138 212 57 107 178 15 77 63 145 5 221 250 82 158
    218 89 10 32 54 103 84 39 25 224 145 2 243 236 166 7 123 46 252 131
    42 188 229 143 179 81 133 244 123 153 100 42 92 66 171 105 112 31 26
    249 175 156 53 120 23 200 79 118 99 105 185 115 28 252 22 131 150
    242 128 157 118 53 226 134 72 163 72 208 116 194 127 171 42 101 182
    31 207 108 227 1 63 217 167 115 145 162 231 237 43 170 192 200 53
    148 157 200 0 163 47 90 248 177 111 209 53 86 172 195 253 236 52 164
    130 127 185 9 55 47 200 13 22 57 11 228 49 20 75 169 51 19 240 242
    134 31 133 26 231 198 242 1 150 161 247 202 11 254 246 198 109 83
    107 59 31 243 55 180 110 43 116 195 79 15 42 126 93 21 138 59 160
    200 226 141 246 56 142 215 170 47 182 73 55 193 105 145 173 143 221
    175 55 248 204 13 230 37 18 214 57 104 89 146 57 179 105 248 208 228
    97 117 221 71 99 49 205 43 226 139 42 101 29 125 217 238 64 94 30
    180 161 67 0 225 192 235 114 47 33 109 24 42 80 26 74 24 36 13 148
    189 135 60 71 220 199 239 63 140 41 224 205 211 225 70 210 77 141
    170 98 146 7 42 249 187 104 45 169 96 209 233 10 214 46 200 3 245
    204 45 113 171 157 2 238 73 174 232 49 81 129 65 113 147 36 230 60
    244 198 34 55 41 41 102 43 58 206 118 66 18 51 192 164 111 129 35 5
    217 247 132 240 151 68 109 12 198 112 48 208 225 231 71 122 128 139
    188 103 163 226 99 194 10 58 65 75 187 7 245 222 178 112 142 207 255
    208 39 53 125 40 103 185 182 167 254 100 114 198 97 182 170 138 141
    151 129 9 217 40 214 230 220 104 200 36 44 204 93 190 218 62 30 184
    9 195 188 67 234 252 141 14 190 1 160 169 1 179 203 12 186 98 234
    239 193 73 132 139 173 251 213 162 189 110 141 43 218 7 196 91 115
    104 147 173 215 45 112 62 3 183 86 10 74 113 114 30 134 155 132 13
    237 76 211 2 201 119 111 102 119 206 225 80 192 110 72 246 95 90 87
    49 27 107 144 233 48 119 141 172 136 244 235 41 89 234 147 119 167
    136 245 235 53 210 125 8 42 254 15 245 135 41 124 6 61 0 198 50 174
    124 32 187 101 139 138 79 30 79 162 138 20 154 115 4 1 81 117 178
    121 164 120 66 28 14 38 159 213 181 74 200 236 190 251 104 62 177
    248 210 242 197 81 126 250 121 225 129 133 240 254 243 24 107 166
    165 19 218 109 91 136 25 239 192 250 165 87 97 251 143 57 118 211
    179 23 214 160 168 9 163 29 111 146 105 241 71 237 206 239 1 198 106
    122 154 245 136 173 120 229 239 213 116 4 236 129 162 103 242 160
    253 129 102 246 50 153 155 245 110 162 144 214 4 111 180 199 29 32 8
    150 88 182 135 193 151 44 246 187 208 134 176 135 159 185 124 244
    191 88 93 2 144 177 13 253 124 163 238 98 32 67 115 119 161 172 69
    34 229 61 239 47 150 245 222 152 61 60 20 32 78 201 86 147 203 146
    138 138 77 203 3 87 234 67 16 4 176 93 221 45 62 124 33 248 102 162
    22 116 148 170 103 1 151 145 2 240 51 219 236 123 132 51 80 178 189
    50 182 0 3 235 41 190 98 5 243 97 97 205 24 202 180 54 63 94 72 208
    229 186 211 141 162 137 224 11 92 65 101 164 199 151 99 213 155 174
    249 154 39 20 89 139 19 31 39 56 25 92 89 231 110 17 182 176 2 18 68
    10 35 156 121 195 137 30 179 8 41 98 19 149 161 93 62 58 211 155 211
    247 211 133 238 124 38 47 81 102 41 138 231 71 215 59 200 116 10 151
    153 70 209 168 29 116 152 176 86 73 179 41 175 137 198 253 34 16 129
    67 191 242 188 106 248 22 184 67 164 70 156 36 41 73 115 97 168 43
    99 64 130 124 153 186 175 38 147 119 106 20 185 85 23 243 41 22 99
    233 110 132 66 135 113 125 51 11 104 135 126 51 151 41 195 14 34 88
    205 194 91 79 201 179 212 115 217 75 65 11 205 157 155 3 233 123 119
    202 169 151 108 87 95 41 209 55 46 51 83 156 241 59 125 166 242 216
    248 190 192 154 158 38 202 166 122 166 199 215 115 208 240 108 97
    116 144 231 34 82 41 238 52 162 75 79 232 113 109 138 125 18 80 208
    183 92 70 69 91 138 164 205 125 233 128 33 247 198 129 126 135 120
    73 128 230 245 96 88 117 125 226 194 214 245 219 192 7 7 79 37 44
    210 139 66 105 5 191 40 220 190 236 195 155 172 181 116 2 139 251 48
    39 25 64 199 10 224 83 186 157 12 152 175 116 170 221 15 10 185 74
    84 53 195 82 121 83 97 129 114 167 29 196 82 242 109 67 150 118 92
    247 192 216 197 43 213 137 171 127 236 65 222 192 89 161 14 209 166
    201 229 122 69 2 137 228 35 207 98 199 178 240 48 191 18 84 37 210
    227 254 204 126 204 239 56 168 101 62 31 181 87 78 85 254 154 209
    172 43 76 91 86 69 115 48 188 92 3 49 160 253 61 88 224 44 104 5 216
    71 30 224 163 152 93 106 31 211 32 171 67 62 179 196 108 131 131 224
    190 62 72 87 246 235 142 179 240 242 2 255 153 55 63 17 181 86 233
    252 41 229 233 220 221 121 25 39 169 130 187 76 14 210 91 136 244 68
    172 97 95 196 171 75 177 122 190 27 178 96 211 177 107 2 92 7 171 70
    77 203 131 216 144 230 62 81 197 250 3 143 247 7 102 253 227 24 137
    35 186 87 145 101 221 247 213 21 174 24 23 19 5 241 112 101 44 115
    92 222 62 11 89 202 197 8 182 2 201 227 51 69 50 165 53 142 41 49
    100 167 218 244 234 163 142 96 214 87 252 226 156 71 31 191 25 201
    106 43 253 37 109 108 198 133 81 13 88 97 201 48 63 27 21 10 50 152
    44 122 113 57 174 242 23 101 77 236 78 182 27 61 114 197 236 108 134
    198 234 19 235 234 139 166 251 108 117 40 63 27 1 153 150 51 81 75
    184 250 103 238 72 67 86 194 132 59 75 41 192 14 228 246 165 238 231
    159 95 49 94 114 215 241 54 174 167 40 124 72 186 136 155 74 63 127
    3 44 14 123 50 179 180 129 175 136 253 242 20 47 155 50 152 89 210
    222 80 37 88 138 227 87 162 4 59 221 88 5 49 224 9 49 43 30 84 101
    68 132 22 193 200 10 6 15 48 99 221 14 159 2 99 41 136 189 108 163
    58 41 37 252 219 216 36 44 48 152 180 115 26 34 135 122 167 252 16
    16 56 179 72 158 87 23 130 182 36 45 2 16 164 230 97 36 222 128 230
    249 69 188 192 208 240 54 166 207 244 91 59 51 254 98 73 191 110 72
    86 120 66 211 241 45 137 40 20 178 75 53 187 158 13 181 16 11 158
    194 202 164 245 160 203 216 193 66 75 203 115 48 123 67 85 156 252
    95 174 6 174 130 139 8 72 249 72 8 12 217 65 172 31 221 126 67 82 17
    35 204 191 255 178 125 216 94 218 223 223 195 65 66 239 220 68 26
    232 43 50 207 51 166 129 38 8 31 207 187 31 112 102 247 230 132 28
    157 134 161 4 159 200 168 249 40 243 203 113 9 75 241 217 32 42 2
    113 163 188 151 113 110 123 147 223 83 123 183 34 155 37 23 234 28
    193 65 163 200 193 35 87 59 9 222 73 139 100 67 130 151 17 90 212 71
    159 204 58 34 131 251 53 188 14 236 205 40 76 136 73 152 28 78 218
    180 36 210 76 105 196 100 128 24 224 57 84 174 113 85 142 183 166
    203 117 94 76 124 52 222 201 191 107 140 37 22 81 233 20 83 1 76 116
    77 90 47 191 252 186 126 9 241 247 171 62 107 1 30 121 240 139 211
    147 253 85 228 250 178 188 200 234 130 135 233 159 28 42 49 187 180
    76 42 107 88 149 34 129 157 96 174 211 71 247 8 16 45 117 184 135
    184 162 36 32 154 207 63 59 26 29 216 99 193 173 140 12 139 129 1 0
    59 52 136 42 44 81 11 88 74 170 231 147 95 8 126 75 233 28 247 86
    111 5 97 20 205 15 138 131 8 238 182 22 124 181 184 116 62 225 240
    220 216 156 245 183 101 183 167 218 128 181 183 18 136 52 230 68 152
    63 237 118 34 86 20 142 84 203 203 255 177 78 10 193 0 73 113 84 116
    162 217 205 204 219 193 224 138 71 100 62 251 156 126 92 237 202 236
    153 70 35 190 119 36 244 142 72 178 77 249 134 183 82 243 131 252
    238 105 102 231 45 135 103 59 27 49 201 23 120 92 25 51 249 207 88
    230 80 163 185 239 145 99 119 183 77 40 81 55 211 111 157 192 168 72
    246 138 39 4 216 7 72 61 101 44 8 114 250 190 196 157 230 74 164 221
    114 136 249 8 49 116 127 180 250 113 172 111 133 75 94 248 64 23 233
    4 244 128 177 254 81 107 156 184 77 137 134 139 227 97 82 143 247
    124 60 251 50 178 116 200 24 26 103 51 214 251 104 79 230 51 0 47
    130 86 175 204 150 124 223 52 0 106 79 61 38 188 93 100 111 40 58
    132 128 41 141 132 163 51 73 123 151 159 122 61 162 17 56 216 228 89
    126 163 111 137 122 203 217 205 236 59 204 240 178 39 216 137 108
    220 26 24 51 232 137 184 118 200 27 46 226 192 152 227 179 67 227
    138 125 51 208 61 33 231 124 56 82 202 82 151 179 153 110 94 232 229
    140 67 182 57 20 208 163 219 102 184 192 186 216 185 237 216 192 186
    104 25 247 141 235 69 43 208 134 35 58 68 39 172 217 125 164 5 214
    127 111 172 240 127 237 165 93 133 7 247 54 86 168 25 186 179 192
    144 35 97 175 176 230 217 101 21 154 26 46 84 115 143 188 238 44 149
    197 69 115 159 189 95 159 98 7 251 97 190 101 83 67 66 229 95 90 182
    240 238 57 196 15 217 142 15 59 253 126 138 193 241 126 13 176 100
    63 155 137 80 208 232 141 250 138 199 220 195 200 172 183 197 57 120
    36 196 77 161 172 81 85 249 69 251 169 17 70 227 146 12 210 253 251
    26 99 137 223 115 53 115 100 202 0 61 226 226 160 206 176 33 204 74
    51 102 175 111 205 252 116 8 99 185 21 205 212 243 26 249 143 85 100
    79 205 110 194 110 77 118 225 173 11 46 233 27 202 133 60 233 173 37
    225 59 126 193 28 40 255 56 6 152 0 161 239 141 143 245 10 105 112
    45 56 215 152 182 48 54 11 160 159 244 69 29 98 136 168 8 89 62 212
    31 108 67 179 234 41 228 132 212 212 138 27 115 60 196 4 126 37 13
    118 158 121 164 0 102 209 208 17 135 30 220 203 104 26 231 114 172
    247 132 225 160 133 185 61 39 191 252 228 130 142 63 190 11 99 163
    226 186 204 224 201 26 83 128 63 197 15 80 130 89 214 72 4 223 157 1
    204 241 6 38 126 172 140 78 149 155 21 32 238 108 217 137 191 43 77
    245 210 85 156 190 121 15 217 99 21 11 20 151 219 141 15 26 172 14
    221 171 13 156 232 136 156 211 74 243 122 213 232 40 77 63 153 72
    241 239 21 109 137 1 91 137 101 77 165 17 248 64 112 6 44 243 166
    247 197 218 161 186 41 200 142 128 146 174 13 236 123 110 163 101
    156 149 72 105 170 169 164 130 43 193 249 158 27 10 186 123 39 38
    251 5 247 110 36 255 186 162 235 170 111 193 82 0 24 19 25 204 209
    70 149 158 202 106 145 151 149 42 120 185 178 175 206 28 136 8 173
    110 135 73 118 50 240 27 154 2 61 253 209 67 97 107 171 71 7 237 219
    189 53 198 121 217 67 77 143 109 188 190 218 112 216 26 208 122 180
    110 26 143 195 241 59 229 186 228 151 20 233 177 115 227 7 77 161 52
    23 29 96 8 148 82 179 34 219 164 123 110 27 113 32 253 237 254 201
    215 189 182 66 213 137 87 10 3 78 213 197 47 146 68 92 112 130 158
    96 144 174 171 5 96 252 87 112 77 180 40 139 156 223 52 145 157 243
    223 204 241 103 103 52 202 240 54 220 78 172 202 253 6 165 74 23 56
    242 80 41 112 50 51 221 237 237 33 130 75 80 41 48 30 59 80 196 193
    219 20 125 128 141 169 190 105 52 35 80 171 29 95 21 31 60 251 224
    160 197 106 218 91 175 35 79 200 142 103 7 23 22 57 134 145 233 156
    16 10 188 75 201 179 85 63 45 171 199 221 132 203 124 214 235 86 32
    112 7 71 179 190 208 146 236 118 212 16 33 124 188 68 75 154 206 39
    40 165 217 86 71 236 208 26 238 8 58 25 251 107 75 74 127 192 239
    228 222 23 27 88 185 186 236 184 26 230 107 70 180 41 236 253 189 51
    240 38 35 196 34 51 171 136 148 195 6 207 82 144 217 185 109 41 63
    34 131 141 136 65 11 219 129 58 122 82 9 80 142 175 4 112 180 158
    161 65 151 21 156 235 206 14 64 104 134 201 101 241 172 143 250 151
    98 129 195 186 120 80 42 65 101 48 105 171 134 19 223 95 81 237 117
    71 17 112 72 161 59 227 165 161 23 205 69 39 100 162 115 228 245 91
    2 161 185 236 122 10 47 241 1 8 120 70 19 253 232 5 77 246 250 72
    204 145 187 33 145 198 174 162 29 228 2 104 113 184 56 7 90 117 54
    120 242 31 169 217 11 91 22 169 52 139 219 34 38 18 44 137 218 183
    228 207 2 37 179 133 230 67 102 85 166 63 129 233 119 229 83 231 115
    2 188 29 238 30 234 192 113 190 130 92 160 181 162 61 181 136 173 96
    232 56 245 26 155 253 109 1 246 20 168 66 233 219 152 20 143 7 254 1
    54 199 2 201 183 63 94 69 149 184 71 225 147 79 30 145 92 55 151 59
    73 9 174 26 192 214 35 147 165 215 145 142 58 56 201 88 78 38 72 197
    206 72 237 238 59 64 109 82 170 90 81 86 164 135 1 37 167 231 147
    158 158 70 88 82 85 104 106 101 80 218 69 113 158 168 47 12 173 103
    203 228 140 35 110 192 121 58 94 89 183 107 172 68 143 99 22 125 239
    57 41 214 175 89 33 146 245 36 186 4 50 174 143 41 101 163 221 130
    34 236 0 9 202 124 159 64 91 29 238 161 177 215 182 8 153 164 35 54
    76 226 37 168 35 42 50 189 247 131 236 179 2 30 134 247 187 158 207
    137 36 187 138 212 150 124 73 103 133 229 17 59 239 41 89 242 240 6
    204 5 179 119 185 64 43 252 52 35 82 45 239 210 38 135 48 117 218
    231 14 55 185 99 136 154 205 130 207 191 246 198 253 27 153 108 101
    60 1 48 193 161 145 120 236 9 74 252 102 150 185 2 108 131 41 168
    165 92 170 153 8 72 40 42 112 254 104 72 97 182 240 180 32 71 5 72
    43 37 12 11 191 6 69 52 187 160 5 120 12 104 21 198 254 223 105 179
    158 194 89 227 161 177 161 58 223 114 24 93 68 226 28 157 248 222
    163 55 198 127 3 67 151 22 59 112 119 66 48 84 126 165 180 3 194 201
    179 28 202 210 97 64 177 160 225 3 25 111 242 169 172 139 89 247 192
    232 163 238 137 85 133 236 125 50 106 121 16 11 203 57 165 143 226
    117 125 109 12 162 102 73 231 158 205 121 169 35 130 112 67 26 148
    173 183 221 135 217 48 226 103 138 65 225 72 145 197 215 42 201 13
    48 123 235 231 55 171 4 254 40 129 211 5 218 238 96 132 241 248 115
    165 222 154 122 139 98 55 193 169 253 94 86 114 194 194 251 250 22
    157 196 118 150 174 57 152 95 180 218 250 237 90 74 95 221 47 166
    101 226 245 202 120 107 42 52 10 15 144 232 31 119 125 97 52 200 29
    142 6 157 235 20 126 126 55 237 29 25 97 255 25 177 172 178 0 226 7
    136 48 93 248 167 97 133 118 142 43 234 246 211 44 222 238 150 86 96
    159 95 196 203 1 246 50 212 212 175 247 70 60 195 157 1 23 89 63 131
    123 155 39 214 121 129 55 153 242 62 175 87 209 192 81 180 49 214 56
    233 149 41 248 243 136 13 154 245 13 240 76 44 140 116 51 21 24 50
    126 51 181 85 196 120 147 88 74 70 207 104 113 40 98 146 16 7 235
    126 151 204 204 163 174 126 90 181 195 49 47 112 197 236 239 120 235
    237 51 11 98 139 36 47 109 108 79 65 132 118 146 184 1 202 94 35 77
    221 12 107 182 1 85 88 19 107 148 118 126 192 137 30 13 99 209 88
    179 231 75 135 214 27 191 102 215 224 23 152 37 129 109 45 250 36
    208 82 102 116 1 48 17 35 122 53 91 61 17 154 69 38 167 36 251 6 182
    234 49 87 31 147 70 207 154 174 213 244 24 17 196 35 100 147 152 154
    142 57 64 83 176 63 160 102 165 97 238 119 72 70 50 34 120 55 41 71
    96 190 192 191 40 28 200 37 155 196 126 68 50 213 195 97 28 110 210
    182 164 12 127 28 151 9 127 236 111 231 118 29 98 151 203 131 177 75
    47 47 168 68 123 186 200 38 119 199 205 114 180 222 17 148 81 21 114
    79 151 33 56 127 92 229 97 134 42 106 135 40 234 127 254 69 254 180
    75 121 140 44 85 226 92 65 161 211 69 175 177 177 146 37 236 110 248
    14 255 2 29 185 88 27 144 70 24 10 94 42 49 192 232 5 58 12 143 42 4
    217 81 51 171 35 96 25 233 132 101 204 33 183 79 196 26 223 66 78
    253 153 167 192 191 3 64 160 106 19 198 178 133 113 186 167 233 4 70
    28 217 113 159 190 103 50 19 115 76 118 112 211 10 26 111 236 119 47
    232 24 176 11 252 158 162 157 212 38 47 87 77 18 228 42 245 193 122
    77 5 227 175 188 70 232 6 101 241 64 75 78 55 113 84 254 222 250 137
    7 134 109 170 106 35 162 76 222 172 97 190 135 166 156 26 110 121 91
    26 120 160 104 243 7 209 59 207 164 127 238 94 204 170 254 2 11 29
    66 158 184 214 108 144 209 198 8 108 213 201 182 142 225 129 95 175
    130 127 184 65 64 51 146 229 218 193 2 94 245 89 87 128 106 53 168
    161 111 122 196 174 4 176 25 21 187 8 136 156 78 196 43 27 138 95
    156 115 216 57 93 74 51 231 70 225 189 122 215 205 245 89 217 133 35
    249 45 139 201 247 140 240 92 104 194 34 100 199 219 65 76 102 2 164
    177 154 56 98 14 109 162 226 112 167 135 88 62 101 205 161 182 68 72
    16 85 27 22 107 248 250 35 221 8 164 85 248 216 28 49 198 126 28 11
    6 161 125 166 91 247 109 145 223 199 203 221 169 149 40 61 47 136 33
    121 120 244 216 249 186 110 2 136 37 75 248 162 238 70 193 60 63 178
    149 192 62 155 50 138 113 190 5 247 185 97 177 186 178 22 202 23 129
    201 131 207 246 107 227 183 135 102 103 204 248 14 59 174 137 69 87
    90 203 12 248 196 184 234 50 196 211 100 11 29 16 113 158 128 87 213
    3 187 173 80 201 14 186 18 253 149 175 88 61 148 72 113 52 112 44
    103 83 218 198 161 202 56 172 190 234 7 71 83 78 218 81 20 106 31
    146 12 161 139 165 126 139 98 70 88 110 85 224 13 60 235 120 55 174
    38 234 254 229 172 183 204 168 67 150 98 117 60 229 34 60 150 186
    155 211 200 253 119 242 193 131 63 225 185 15 14 172 163 117 149 25
    160 218 73 78 228 137 157 132 41 125 129 53 66 50 38 48 101 45 14 41
    169 193 167 72 243 209 216 62 126 173 234 166 251 27 54 69 52 213
    144 77 59 254 4 37 127 66 63 100 204 182 86 234 188 34 126 173 109
    22 222 29 18 46 105 210 163 77 81 200 72 15 90 19 136 205 101 218
    196 168 177 77 79 22 57 249 91 196 163 32 162 223 102 7 123 29 5 43
    161 53 12 25 192 246 141 7 38 235 129 3 98 71 176 22 245 105 2 147
    225 69 93 46 231 122 152 154 156 248 74 53 125 8 96 247 202 126 121
    47 115 90 95 170 150 117 10 96 220 40 2 177 60 150 40 75 240 253 24
    102 251 168 31 238 116 40 92 172 37 18 180 154 255 248 75 164 180 22
    8 177 129 198 182 160 131 79 82 115 147 159 12 107 164 95 53 45 132
    228 60 57 111 223 18 17 215 208 246 178 25 208 222 45 68 54 224 16
    213 159 245 196 152 255 47 108 107 123 30 175 116 124 41 17 88 156
    28 97 218 147 224 165 149 215 196 68 126 172 148 213 208 46 53 156
    113 45 123 127 73 172 171 219 129 218 234 145 44 31 112 24 165 224
    194 41 177 64 202 54 167 26 249 230 41 31 68 231 20 149 199 163 52
    208 161 132 238 35 116 253 32 10 158 184 177 9 190 199 10 164 193
    216 210 212 39 42 161 200 186 174 146 31 98 143 160 231 104 106 116
    123 22 69 231 167 90 141 225 198 80 241 112 154 130 28 71 89 101 10
    143 134 154 117 9 80 88 9 59 108 168 96 48 233 3 188 144 195 223 27
    58 171 32 246 145 202 203 173 204 147 167 217 152 30 112 246 143 53
    174 150 40 7 175 230 157 210 144 199 98 158 112 153 181 203 73 55
    149 11 255 192 182 64 185 146 194 197 51 87 159 138 133 150 68 166
    131 255 10 110 35 65 182 247 44 251 161 130 129 184 127 30 196 91
    195 115 160 169 237 164 2 107 131 136 178 6 241 12 198 53 48 81 139
    94 244 232 203 64 11 213 199 114 90 40 188 23 124 99 104 62 108 254
    20 129 109 72 78 162 213 71 16 133 138 51 57 33 119 25 41 75 130 167
    244 128 240 61 54 24 191 43 47 39 46 29 62 169 241 83 7 134 113 142
    44 214 99 140 154 160 174 246 96 78 247 104 190 111 206 245 209 104
    210 100 80 196 140 128 116 103 223 166 21 25 240 59 148 215 16 87 91
    23 146 145 57 250 143 106 31 99 148 48 70 185 23 28 18 22 233 220
    228 194 79 190 28 73 208 243 38 19 217 232 228 150 170 125 246 2 236
    196 98 159 195 122 246 132 90 90 166 59 138 8 134 150 239 159 87 186
    211 201 13 160 213 129 54 93 39 110 246 158 198 68 54 192 150 88 151
    213 51 162 121 182 176 143 38 76 137 176 85 112 128 22 45 250 144 52
    229 43 78 93 81 188 91 184 5 131 210 215 134 145 229 159 118 224 129
    119 241 98 248 12 15 121 41 213 148 93 180 188 186 216 92 85 80 217
    51 122 244 129 135 32 23 236 24 126 185 113 122 17 219 89 145 183
    158 37 69 183 1 213 35 234 102 18 189 21 188 217 166 49 28 193 16 65
    75 77 95 219 76 93 42 89 43 173 42 72 252 130 174 238 5 200 119 113
    95 231 182 185 219 232 7 99 142 245 87 23 99 176 95 75 109 42 243 89
    215 43 210 222 35 178 76 100 195 68 146 42 222 58 142 111 192 99 60
    18 176 141 92 9 109 157 103 152 234 71 212 100 27 106 122 254 248 50
    60 238 13 127 221 87 222 75 1 218 65 37 211 176 7 15 31 199 48 192
    247 239 28 118 231 187 21 222 78 243 229 140 88 182 160 181 61 206
    20 231 216 78 181 155 192 251 207 185 189 71 185 59 86 98 173 111
    143 96 225 38 185 176 161 100 70 104 227 80 168 178 4 245 213 70 14
    105 87 91 247 83 45 14 69 24 154 95 173 13 34 50 45 99 230 114 200
    173 10 198 9 197 66 209 242 142 16 244 184 170 103 88 42 76 6 187
    189 136 195 129 18 215 99 35 126 234 85 217 136 94 93 158 179 84 109
    33 209 49 165 111 14 246 144 25 167 179 134 152 116 92 160 35 186
    186 120 28 20 101 63 19 102 176 24 160 243 131 242 24 100 175 140 62
    17 163 31 251 100 184 34 225 208 179 202 108 102 215 245 61 39 42
    128 185 169 58 253 50 190 188 12 199 75 202 176 103 234 135 157 156
    188 189 217 144 94 128 4 70 26 43 106 173 145 111 28 228 162 56 26
    125 168 227 254 195 71 61 167 121 222 77 195 7 66 7 88 132 20 238 3
    247 172 20 123 162 227 74 170 151 11 45 9 187 143 137 142 43 215 223
    83 234 150 193 252 30 0 216 225 203 186 247 102 147 248 223 77 128
    10 231 159 13 42 26 121 102 21 139 101 3 157 62 74 92 44 95 11 213
    89 130 146 29 229 70 160 234 183 148 181 140 10 241 40 124 149 7 185
    56 112 82 58 115 51 211 185 14 201 0 57 65 225 108 70 143 207 162
    121 215 82 28 151 152 56 1 252 158 216 223 16 203 36 197 140 101 248
    63 131 144 153 235 94 199 39 77 155 61 64 106 213 252 75 154 234 201
    49 97 119 50 61 3 28 74 113 220 75 207 29 204 226 110 141 1 243 37
    245 192 81 218 142 23 232 29 14 23 212 27 14 143 165 116 215 90 56
    116 218 245 90 105 89 71 250 107 202 104 111 46 96 103 75 200 165
    150 147 153 162 85 219 191 0 255 121 232 40 242 108 189 142 172 46
    193 59 25 48 87 177 217 124 26 237 34 43 176 30 134 51 218 198 63 24
    47 194 0 238 140 140 52 0 217 75 167 113 165 214 119 5 16 103 129
    167 43 169 38 120 43 18 242 144 143 138 147 219 213 27 24 208 206
    193 12 122 115 29 239 190 153 51 98 11 56 26 152 15 191 161 230 44
    83 100 175 214 15 143 157 122 254 116 90 69 185 202 47 2 168 67 11
    240 142 115 17 36 186 198 22 17 118 135 125 180 87 56 230 78 88 36
    55 241 50 3 96 61 13 155 51 170 250 74 177 150 132 190 125 187 184
    141 51 72 59 238 233 151 55 241 204 116 70 237 34 9 9 204 156 130 87
    140 26 180 44 93 96 157 226 247 69 166 176 102 210 22 143 6 123 168
    172 8 170 99 135 192 179 11 20 32 88 130 14 5 30 124 188 65 248 193
    165 21 190 90 67 46 127 245 120 84 87 104 199 178 171 208 118 96 255
    184 200 102 171 211 173 143 14 76 102 248 246 90 46 22 144 74 103
    110 188 255 208 48 181 23 99 53 34 122 235 196 85 34 145 243 196 22
    210 45 221 151 111 111 30 68 232 37 221 245 219 140 114 118 209 78
    66 173 162 51 93 185 7 205 124 149 241 230 162 10 149 34 241 71 192
    106 198 244 44 213 11 214 168 42 23 243 203 24 79 131 0 27 93 101 73
    49 105 27 35 115 109 251 154 185 254 125 194 22 112 62 208 223 25
    205 233 57 76 213 162 55 154 142 181 122 62 165 22 127 184 178 9 234
    1 139 3 155 26 41 23 125 133 121 132 187 27 151 51 199 236 27 239
    200 93 168 98 145 67 238 178 30 63 202 153 124 48 52 126 66 218 111
    192 55 219 101 230 143 214 229 88 39 103 144 143 85 199 85 244 83 24
    146 168 251 164 121 102 138 199 201 112 204 96 97 158 144 18 208 183
    162 246 83 80 161 93 197 239 244 37 111 1 145 104 147 169 87 48 69
    214 147 82 63 242 126 39 93 125 56 152 212 158 223 226 132 154 240
    96 211 227 163 151 165 149 111 36 38 248 225 209 2 130 121 154 71
    186 10 192 98 177 185 219 56 197 49 182 187 167 16 251 24 50 54 95
    168 137 219 52 68 108 123 243 124 74 174 245 75 183 60 96 7 215 243
    238 3 193 185 177 224 21 90 22 52 111 114 196 10 66 242 192 71 242
    245 231 3 98 224 78 23 175 87 194 149 162 72 43 52 9 214 222 39 141
    176 71 82 30 43 112 33 174 27 58 171 27 80 56 169 105 66 221 231 7
    167 66 83 195 252 194 202 10 120 23 192 174 167 107 147 45 185 31 43
    137 161 2 116 222 155 26 47 176 54 114 253 164 163 153 52 139 54 106
    147 30 191 116 28 46 118 205 233 174 140 164 87 76 183 95 32 168 168
    80 88 54 76 28 5 131 221 129 139 227 253 237 27 99 13 160 10 50 71
    224 157 107 204 230 229 107 185 126 203 243 33 237 28 8 115 134 93
    192 120 193 208 52 95 50 11 98 241 3 131 201 229 121 6 89 247 34 40
    150 197 51 52 156 137 68 38 113 200 231 47 101 102 124 114 178 117
    196 205 13 75 3 217 122 58 227 151 61 99 244 52 183 51 57 171 234
    166 158 4 143 210 94 242 29 93 205 128 54 185 50 96 175 244 203 192
    245 48 241 131 99 250 154 140 178 99 49 115 13 174 162 26 207 49 145
    208 9 48 180 47 6 168 20 224 145 64 133 21 54 23 39 148 199 52 169 2
    50 146 168 222 192 159 1 80 192 236 1 233 156 225 118 105 16 179 59
    159 62 118 201 69 47 219 67 102 246 46 167 248 52 6 102 159 221 224
    77 134 107 141 245 101 36 154 217 232 71 17 215 112 187 150 90 126
    160 125 69 165 114 211 50 185 49 150 19 253 232 232 126 151 74 116
    136 5 93 157 107 221 2 172 79 27 171 145 214 251 124 195 71 108 49
    207 32 43 216 95 119 61 234 188 180 144 37 188 78 245 234 147 67 185
    175 72 78 99 111 218 226 69 111 226 242 30 207 214 35 168 48 102 108
    240 214 231 156 152 11 91 151 234 173 153 209 85 246 157 173 181 68
    154 160 191 177 127 215 30 5 120 46 41 221 5 94 19 69 232 66 207 1
    163 50 12 179 227 62 237 21 49 100 19 170 180 31 211 89 169 190 186
    249 5 146 184 243 119 97 19 159 209 249 18 230 229 190 10 224 162 93
    180 153 148 48 97 149 87 235 13 85 43 250 209 119 255 241 1 109 87
    38 155 12 124 4 1 159 11 141 131 225 137 30 148 166 155 115 254 223
    136 49 83 99 149 125 21 215 180 182 99 86 48 210 106 22 213 194 10
    189 230 3 236 235 130 84 165 249 53 161 232 80 53 197 142 21 203 151
    87 60 115 20 252 82 113 17 146 100 93 33 187 125 98 172 159 246 215
    11 241 55 26 91 15 136 115 250 121 18 42 210 219 114 110 49 29 249
    108 220 180 46 170 86 116 148 193 230 47 251 142 28 144 167 14 161
    50 209 128 205 49 149 106 95 199 115 50 232 114 91 62 55 220 6 5 24
    231 110 143 231 50 123 161 173 69 111 205 220 244 116 104 244 77 157
    120 239 145 161 127 58 97 134 94 199 89 227 65 154 12 60 186 109 155
    2 9 75 130 160 232 160 217 217 233 247 119 160 209 142 38 55 239 90
    199 73 132 252 63 24 218 77 46 253 68 86 20 60 107 54 103 70 0 21
    171 240 90 61 19 255 17 135 1 154 132 165 211 71 246 31 26 216 211
    50 146 254 60 102 217 54 12 220 167 118 59 108 203 136 176 9 98 64
    181 96 138 212 125 176 199 51 217 233 234 147 160 82 57 150 211 76 1
    238 130 83 92 174 230 185 176 231 15 210 121 157 205 147 91 93 104
    14 228 159 230 156 154 22 236 151 93 180 2 148 103 86 16 226 173 121
    237 192 240 116 31 196 84 52 153 213 46 144 19 150 212 185 248 71
    213 90 72 172 101 177 41 174 101 189 38 20 112 248 127 225 46 137 45
    3 52 244 209 232 92 140 132 197 231 25 222 133 8 168 19 6 219 246
    135 114 134 225 143 251 36 180 223 54 157 161 52 208 237 83 103 143
    82 120 183 152 106 4 240 129 239 182 66 63 243 66 43 80 154 225 185
    251 136 32 37 186 254 67 154 86 151 240 85 138 60 174 137 116 21 132
    171 82 148 131 244 216 237 255 5 26 213 61 234 187 203 10 183 149 44
    96 129 168 36 42 65 121 154 159 26 210 201 240 61 109 77 243 189 253
    198 85 100 64 88 195 223 50 35 206 97 22 91 244 123 134 250 6 112
    144 4 85 2 97 93 40 4 9 25 210 186 90 151 34 113 191 129 49 240 93
    116 210 234 110 241 6 51 170 253 106 139 250 2 152 32 197 246 206
    129 153 39 154 205 47 90 221 25 173 241 118 29 155 46 195 80 217 72
    93 95 231 215 136 64 114 191 41 183 64 28 77 24 25 166 77 106 185
    223 251 93 94 211 247 192 191 225 176 207 221 138 86 213 52 171 222
    218 99 117 148 249 49 198 204 200 185 78 185 56 78 182 237 58 220
    216 252 222 127 108 6 53 137 130 178 33 142 110 150 100 248 129 64 0
    185 27 189 112 236 107 225 229 182 135 241 195 17 251 159 163 97 225
    136 65 175 207 11 140 54 158 100 237 99 46 53 246 188 89 149 103 159
    176 141 241 248 183 105 30 28 42 139 130 25 107 26 133 133 253 48
    124 241 226 193 136 29 70 19 28 155 164 158 106 149 254 56 73 146
    166 188 76 175 79 184 168 80 139 126 76 243 180 29 89 48 146 29 50
    245 29 235 52 219 248 168 229 232 72 12 234 146 31 121 116 231 139
    212 123 122 249 50 175 130 125 146 155 21 240 36 55 165 238 80 116
    115 145 135 159 152 91 163 76 236 48 232 143 205 103 98 94 55 230
    251 108 112 246 237 246 140 243 215 58 76 82 134 78 209 96 214 28 83
    44 101 159 242 165 123 198 244 139 32 115 130 193 233 166 53 222 152
    233 161 244 205 230 139 191 202 183 100 231 3 65 119 161 120 144 236
    52 124 142 55 247 125 203 27 136 58 82 69 44 229 68 196 121 202 93
    152 159 10 17 3 99 125 167 238 137 115 94 222 93 215 130 68 213 239
    234 53 169 116 199 149 157 219 199 157 45 154 157 40 188 26 219 170
    51 123 140 67 233 24 93 86 40 229 28 123 4 254 86 116 228 241 255 9
    103 179 119 54 54 67 25 99 111 244 21 179 0 124 204 139 123 116 154
    187 86 211 233 104 202 151 242 141 193 138 159 204 51 55 9 88 214 25
    175 196 41 126 221 102 208 28 66 47 166 154 169 100 243 251 27 146
    253 10 241 81 95 142 156 196 96 25 3 154 67 118 55 52 140 170 188 20
    227 117 105 144 137 75 174 107 96 218 197 118 122 42 57 77 245 234
    219 54 170 108 161 165 153 157 92 136 12 183 212 197 176 70 72 45 22
    224 79 93 165 125 26 42 73 51 183 1 97 82 200 105 56 161 55 217 54
    53 225 82 4 163 77 143 49 155 109 237 97 180 81 221 245 134 14 128
    11 248 170 3 74 185 124 113 173 99 75 247 218 184 29 94 77 202 25
    201 207 198 116 144 54 152 101 5 85 185 51 209 221 221 215 37 214 9
    124 113 14 162 2 71 129 1 68 170 38 20 216 142 140 133 177 142 109
    13 141 65 134 251 229 139 80 133 203 92 130 148 218 42 54 54 242 9
    89 92 69 223 114 33 248 134 92 222 48 190 70 15 108 175 192 25 201
    238 193 95 44 25 91 81 208 148 250 150 103 165 106 59 67 109 226 158
    21 52 52 202 219 216 107 217 21 205 12 125 142 113 208 120 192 182
    67 79 139 59 185 182 204 77 85 97 237 157 207 64 70 143 228 165 228
    215 104 47 33 25 144 7 148 12 113 90 131 49 9 192 28 129 114 125 157
    83 131 206 235 247 191 255 100 235 118 173 67 41 74 137 7 173 141
    194 156 77 77 69 217 199 21 144 127 197 189 182 170 154 195 180 93
    223 126 37 137 240 130 70 119 145 53 114 43 2 2 134 247 226 63 162
    22 131 0 176 57 177 118 66 111 10 223 254 241 197 131 143 3 28 40
    182 211 113 78 248 184 0 166 36 211 168 212 254 248 20 15 73 40 214
    215 15 219 136 240 208 67 13 148 19 57 46 3 251 21 31 3 180 125 145
    184 46 104 158 203 199 128 198 28 117 220 250 33 79 72 192 11 137
    207 221 69 68 69 8 88 82 46 152 210 101 84 103 63 190 236 190 216 35
    134 64 221 140 102 48 85 228 111 141 190 30 134 131 223 23 10 43 98
    170 11 253 22 253 50 109 175 89 169 137 207 156 65 226 230 81 163
    218 146 186 14 134 210 25 172 28 111 174 98 249 203 143 110 120 173
    119 183 114 220 128 206 238 15 64 72 117 160 123 220 184 118 188 134
    90 38 92 114 8 61 60 61 99 16 210 227 129 113 73 78 191 58 110 57
    200 176 241 167 17 65 183 127 95 214 92 249 64 67 193 233 125 14 30
    93 7 2 55 206 187 245 243 245 149 67 140 92 16 127 201 195 107 242
    176 176 154 134 217 98 195 250 201 246 201 104 181 189 245 152 99 1
    31 111 76 70 112 40 239 175 7 88 182 19 94 100 126 101 115 204 255
    173 23 8 199 210 57 25 75 34 151 7 28 155 21 239 113 45 20 5 125 154
    3 143 214 45 146 28 60 115 200 199 198 99 221 233 252 30 177 223 117
    10 179 222 183 160 191 179 127 162 160 205 90 155 172 218 4 103 94
    125 187 237 143 117 214 24 38 99 144 68 194 121 107 210 175 161 131
    241 164 53 200 116 222 213 31 250 22 19 212 55 165 6 161 38 186 86
    154 120 70 224 204 18 100 53 233 108 221 226 152 180 39 218 41 128
    108 176 70 59 112 239 216 45 157 210 28 85 54 115 171 145 41 97 19
    251 194 207 173 123 155 20 89 16 242 191 134 200 169 109 230 173 73
    212 115 94 18 207 55 26 103 165 71 92 128 217 136 229 144 64 113 195
    206 157 105 176 19 239 94 223 219 174 232 88 240 203 53 125 109 52
    63 184 128 81 252 155 159 136 138 108 155 225 162 14 126 213 1 166
    57 123 213 217 184 188 255 60 95 70 125 204 17 86 163 3 199 237 36
    187 193 96 229 230 95 135 89 54 56 104 33 247 99 234 23 173 168 254
    149 136 122 241 136 106 56 189 52 64 9 23 83 31 122 94 161 252 165
    30 61 212 106 226 210 68 251 152 177 115 171 96 155 67 88 153 185
    156 122 72 196 35 160 157 178 235 154 9 254 52 219 82 24 193 224 37
    70 178 180 122 194 36 245 127 56 228 133 63 161 188 89 40 231 16 172
    232 115 234 59 185 57 238 238 99 194 65 28 217 209 204 46 232 208
    244 0 221 226 211 12 161 186 82 94 43 254 118 159 83 14 253 206 113
    106 124 123 165 65 141 98 244 121 65 241 3 94 85 129 181 255 96 5 49
    181 162 123 149 83 179 212 56 31 227 9 148 67 252 244 190 88 255 42
    191 251 157 65 232 181 57 206 52 30 83 35 61 66 180 28 196 113 236
    91 74 249 76 2 218 43 195 61 217 39 118 224 225 214 81 184 78 114 84
    140 169 140 111 135 104 103 108 75 45 219 38 148 202 167 125 161 24
    255 43 113 226 245 223 18 144 165 50 57 62 202 190 34 103 26 99 48
    87 75 31 160 21 147 176 92 116 212 55 13 85 42 197 29 253 225 206 56
    238 10 155 11 29 243 240 224 93 200 209 238 119 232 177 181 197 117
    184 74 249 30 108 196 30 179 239 155 198 249 124 172 146 37 106 240
    40 181 222 198 23 231 187 34 36 233 54 237 244 168 216 225 171 227
    224 117 12 213 234 28 249 2 211 113 24 16 182 27 200 130 158 33 238
    175 219 166 1 203 201 117 22 116 112 50 192 177 235 200 37 159 27
    238 95 154 144 192 204 123 159 93 154 125 10 39 106 36 171 8 129 62
    182 81 201 68 113 13 221 50 186 72 88 130 93 130 171 130 61 219 101
    25 111 168 124 236 157 119 243 133 120 180 186 207 77 123 130 124 38
    230 42 12 55 235 196 252 94 7 253 60 201 253 250 16 219 221 141 33
    191 181 178 253 70 180 206 231 237 13 8 33 115 214 207 77 191 212 97
    184 117 200 141 183 19 129 166 95 215 48 23 254 107 9 117 142 128 32
    241 194 10 108 161 102 162 242 149 114 108 234 19 128 128 142 32 116
    140 18 20 174 116 40 5 49 201 252 50 230 70 189 191 210 57 219 35
    165 78 137 146 72 34 39 40 123 123 154 113 46 62 254 223 98 0 118 93
    74 172 21 42 118 205 80 119 33 19 118 241 95 84 213 56 183 52 125
    109 95 144 108 42 243 199 159 157 123 117 129 184 206 248 155 239 24
    123 236 42 13 132 25 148 143 231 226 231 21 188 55 226 177 178 241
    229 90 111 120 192 16 60 229 141 153 220 194 51 121 253 43 108 105
    72 182 7 84 213 219 189 69 80 60 85 232 202 124 248 164 45 23 249
    208 159 224 189 105 207 79 14 169 83 75 231 181 123 195 134 34 18 79
    134 106 153 38 188 32 215 41 58 41 194 39 27 206 95 33 40 110 165 97
    183 216 68 198 89 172 56 90 17 240 7 211 122 49 210 51 237 13 2 121
    247 166 10 189 117 254 28 85 19 80 165 55 80 163 162 137 232 61 40
    44 139 197 18 203 99 99 39 161 107 162 66 169 128 200 4 158 57 203
    91 1 198 189 111 97 185 62 204 137 67 94 63 100 244 146 10 12 58 79
    128 122 227 191 153 34 150 233 221 102 249 164 119 195 107 47 128 28
    16 137 57 192 34 199 211 24 162 66 13 138 246 142 58 243 212 190 251
    41 73 100 170 64 234 107 29 250 61 201 44 163 237 225 31 66 92 68 44
    185 227 129 237 140 159 151 239 236 2 100 200 201 150 115 193 210 31
    157 215 144 84 183 47 137 151 98 227 217 80 112 51 130 227 141 107
    241 179 101 49 87 80 42 107 219 137 8 202 65 154 117 174 89 117 40
    253 88 32 10 75 4 44 13 4 4 168 73 62 155 223 195 39 11 116 171 184
    162 98 215 225 97 82 128 6 184 77 190 249 22 29 19 192 153 214 150
    79 43 160 202 50 124 183 157 183 133 253 226 162 203 150 177 18 104
    159 41 202 20 169 143 188 52 163 99 4 148 171 167 244 26 140 148 3
    37 137 160 45 29 117 226 120 38 155 132 98 111 17 193 148 98 118 34
    171 199 99 126 165 37 157 114 83 60 221 213 185 17 138 152 217 130
    41 190 163 141 139 122 233 221 189 60 17 79 104 151 221 162 188 104
    121 93 143 201 113 30 23 239 57 174 240 0 232 113 167 28 112 143 152
    168 3 57 199 125 215 236 14 136 81 137 13 33 234 213 128 77 73 37
    101 78 197 175 125 93 9 114 98 167 186 215 209 190 184 43 182 131
    163 101 88 83 130 24 152 219 137 128 59 174 122 183 176 255 85 33
    214 83 121 173 30 153 38 196 91 18 83 253 69 222 242 111 237 144 19
    204 169 79 177 56 196 243 55 225 101 32 170 131 254 74 109 154 28
    145 116 80 98 156 79 164 55 218 184 238 205 153 122 106 64 120 53
    235 220 148 152 220 61 238 192 69 124 84 152 228 26 109 199 4 201
    124 13 54 121 251 225 197 215 16 69 110 46 184 2 49 197 49 149 69
    192 229 20 177 89 252 99 205 178 93 29 174 123 54 91 110 41 65 190
    206 133 22 188 210 31 208 68 35 216 129 39 9 163 255 28 249 106 143
    251 203 76 94 241 44 186 71 103 179 103 175 32 245 84 40 109 215 20
    107 60 219 14 1 152 120 247 68 99 37 188 83 70 143 12 102 166 170 82
    59 218 75 8 123 32 10 213 23 95 69 107 70 43 187 129 109 134 75 81
    110 216 143 140 143 73 56 64 8 84 36 113 69 206 40 36 208 242 14 58
    251 103 188 112 43 252 163 58 100 233 211 216 60 43 2 244 121 222
    212 244 139 0 191 198 14 157 75 88 248 202 220 167 154 242 196 121
    235 124 48 114 199 179 29 18 230 57 99 166 118 119 111 0 125 159 240
    118 54 169 66 11 216 11 171 159 31 92 86 151 140 210 117 157 131 127
    59 186 255 196 144 42 46 15 47 221 187 42 78 76 41 87 21 184 193 224
    159 230 113 171 42 208 182 97 106 42 59 20 152 241 141 42 106 139
    255 85 148 123 63 87 255 233 21 18 14 219 180 32 159 173 194 193 148
    146 151 188 216 135 235 41 179 94 197 29 198 120 8 92 144 220 161
    132 80 76 77 231 240 143 213 181 207 150 93 125 110 218 62 108 237
    198 144 83 53 29 224 53 189 148 32 159 172 89 140 183 99 251 203 189
    73 132 137 195 2 0 139 207 184 104 138 138 178 74 113 190 15 36 118
    152 129 29 237 196 7 61 67 50 101 142 233 130 15 52 201 130 167 129
    161 193 17 242 94 52 236 110 69 137 89 139 120 85 32 29 157 252 249
    115 40 30 86 147 171 137 85 171 22 106 137 221 143 240 243 220 225
    171 147 137 88 192 222 149 131 170 38 26 64 56 5 105 81 225 16 16
    146 47 145 120 89 166 147 15 239 106 234 81 217 126 110 194 114 63
    53 18 192 191 54 23 29 213 50 86 88 83 12 167 191 223 244 96 220 231
    21 54 31 93 174 34 36 61 230 239 241 207 32 118 29 196 163 218 90
    233 236 172 99 180 169 208 33 168 112 187 135 101 226 5 100 184 23
    66 65 167 140 7 147 3 67 17 78 29 127 231 173 128 59 10 253 99 37
    140 36 236 79 172 176 17 52 40 248 215 71 54 49 189 87 116 208 96 73
    181 1 6 80 57 5 152 125 81 225 149 128 57 126 182 96 34 2 169 30 239
    247 147 98 219 109 53 188 74 188 14 148 70 85 28 56 12 86 226 129
    194 87 123 157 226 223 114 224 31 160 101 210 51 26 44 206 132 74
    110 194 39 187 137 61 19 97 229 61 192 205 217 166 239 210 88 157
    206 249 167 145 31 110 113 72 230 20 228 96 155 149 215 55 234 186
    96 228 186 119 204 57 127 220 133 216 160 29 205 188 144 82 207 206
    216 93 140 201 115 63 122 72 236 213 14 228 207 254 170 48 52 216 79
    33 202 65 184 241 223 72 167 179 77 111 254 150 70 170 36 245 150
    151 237 10 173 37 137 218 78 63 25 123 215 155 148 138 144 43 90 251
    199 170 48 111 104 55 168 236 127 15 106 26 151 70 225 201 59 112
    223 193 58 108 106 133 251 29 73 236 116 94 152 139 251 226 39 228
    207 26 121 225 14 59 73 162 141 222 201 155 134 88 5 33 200 105 125
    139 169 212 11 219 231 177 142 182 177 250 161 180 0 174 220 140 154
    112 18 89 98 157 194 10 233 246 244 175 159 242 211 32 195 215 220
    166 132 74 227 12 20 55 253 62 228 67 156 92 242 184 140 222 129 31
    139 81 108 248 250 174 220 181 226 245 181 162 1 210 42 220 247 38
    234 108 206 9 128 130 142 217 26 0 11 195 172 251 213 232 251 75 38
    37 90 251 110 255 235 235 181 20 207 218 222 215 106 246 88 18 120
    245 47 68 101 184 31 240 236 154 134 32 142 128 25 252 86 99 50 8
    180 67 3 133 214 24 142 134 53 211 205 34 40 184 61 201 73 172 56
    238 75 148 243 25 241 174 83 67 15 109 101 156 179 204 29 245 27 51
    9 121 133 255 117 242 203 75 134 73 78 207 161 8 248 144 251 196 172
    117 74 240 69 151 194 130 250 56 24 87 201 202 77 121 180 174 97 198
    141 212 77 90 138 148 79 71 100 237 20 37 250 177 97 27 60 22 32 250
    100 126 43 225 27 160 188 138 80 149 71 198 82 218 194 50 45 174 126
    64 217 137 154 40 86 254 73 188 163 244 200 6 207 228 39 205 40 88
    144 78 104 91 132 28 98 19 76 215 251 239 60 165 152 114 187 12 88
    52 71 16 130 209 6 90 155 119 16 182 133 130 87 105 141 144 44 156
    61 8 126 230 205 192 144 116 45 249 44 114 65 58 58 53 43 64 132 85
    9 185 45 34 37 0 124 152 44 18 38 235 93 155 53 149 148 35 23 199 53
    128 198 107 65 55 112 159 73 71 66 153 173 51 187 123 107 19 125 30
    46 32 182 118 47 195 113 170 193 160 155 170 143 83 6 6 159 146 49
    108 12 214 155 136 144 208 187 79 47 160 230 22 243 30 215 85 73 69
    97 167 251 150 204 63 158 163 117 142 119 124 158 160 55 30 193 3
    222 192 132 39 236 101 11 108 4 163 66 124 127 181 102 6 91 134 243
    34 34 134 18 201 239 244 218 24 160 185 18 55 8 101 254 42 13 209 97
    225 158 72 142 213 244 128 20 39 132 28 206 95 63 179 117 125 223
    193 82 236 219 229 190 115 41 91 104 246 8 2 169 146 162 71 77 69
    161 124 206 182 131 39 22 229 99 128 167 214 57 124 180 135 222 79
    69 179 238 106 210 9 21 192 251 79 254 229 206 33 230 229 23 76 201
    186 57 187 226 4 190 156 106 223 123 116 70 156 81 183 183 4 206 110
    139 103 172 34 145 208 110 149 208 210 74 158 65 6 139 16 107 15 88
    132 218 193 198 188 82 244 182 161 241 138 222 88 176 231 140 206
    159 180 151 105 62 48 51 14 150 248 78 175 175 210 230 237 232 208
    142 153 1 101 40 74 249 180 202 236 52 219 23 173 215 172 30 52 151
    221 204 94 13 172 101 240 67 175 162 0 81 198 188 226 59 212 157 34
    153 31 161 161 207 222 187 191 224 220 45 30 2 186 66 255 3 241 75
    154 124 107 112 148 181 236 24 111 74 231 255 34 81 78 98 91 190 244
    255 117 214 229 4 59 24 233 41 133 161 190 234 62 238 71 164 159 20
    214 208 68 167 197 172 28 238 166 3 158 98 8 19 86 146 227 84 82 207
    25 184 207 73 174 243 128 133 209 79 171 228 156 235 115 204 10 28
    199 201 67 226 87 62 216 152 22 198 96 19 154 147 3 210 57 222 232
    43 88 48 183 120 3 98 22 223 187 87 147 218 17 170 8 28 122 19 63
    152 127 70 52 109 64 171 49 112 232 30 208 37 151 210 248 189 175
    153 252 228 146 195 149 179 86 129 118 93 39 220 244 76 36 160 238 2
    182 112 188 248 26 174 148 166 206 254 188 250 190 229 38 200 199
    159 68 105 88 112 136 130 214 246 130 40 69 229 208 199 184 138 22 2
    1 107 146 241 199 235 94 94 236 210 29 29 128 211 82 143 239 220 194
    201 14 200 217 174 150 245 247 155 231 222 32 101 76 222 147 227 30
    245 130 201 244 197 249 194 45 218 195 15 109 43 43 97 234 123 151
    212 108 54 166 111 201 71 69 118 172 50 51 56 17 229 156 137 24 9
    101 26 178 179 208 28 215 68 11 152 252 37 234 160 32 128 74 226 236
    13 96 202 56 3 167 245 155 241 203 253 79 255 193 83 133 239 220 157
    172 118 53 182 50 69 100 56 145 242 171 34 49 166 227 57 161 153 215
    203 180 33 151 85 199 66 231 58 187 42 212 69 178 154 243 171 147
    180 219 177 19 120 85 104 141 234 235 193 58 82 203 132 145 51 16
    249 187 239 7 168 154 11 143 186 55 77 234 72 196 13 117 114 84 94
    214 70 180 231 131 176 146 222 190 145 234 164 160 98 29 237 247 204
    149 133 40 180 213 196 171 179 102 236 242 232 114 145 61 182 94 199
    153 10 59 232 245 178 99 124 54 111 151 213 108 148 198 254 60 48 0
    205 144 139 124 10 182 20 17 50 5 113 162 2 213 74 213 196 205 79 62
    241 35 194 157 127 87 55 202 150 170 59 118 121 90 78 192 104 103
    122 190 99 199 216 179 219 208 165 141 163 98 138 228 77 152 5 41 9
    96 175 180 36 207 251 98 128 165 3 200 238 105 161 83 231 59 204 19
    185 191 22 152 45 201 193 54 237 244 236 193 5 130 101 73 206 148
    135 178 97 252 181 221 96 235 179 202 205 131 172 66 186 233 184 29
    51 177 9 161 107 35 71 42 135 6 248 36 115 216 110 232 39 91 47 194
    104 147 23 254 37 239 210 205 89 103 57 69 176 194 179 85 231 106
    192 137 5 223 207 52 103 40 45 179 169 220 242 98 44 22 41 124 136
    167 245 49 240 174 64 102 116 254 175 191 122 199 250 237 188 237
    215 71 95 219 104 215 243 70 250 64 38 169 230 1 243 216 200 245 218
    94 99 19 51 112 141 165 214 43 68 65 232 122 209 163 142 184 24 167
    138 158 35 176 232 225 178 253 142 169 63 25 145 165 4 219 91 119 96
    169 210 149 180 71 25 116 235 149 76 230 199 248 97 154 243 227 84
    203 85 3 250 219 179 149 37 54 218 188 185 186 188 127 113 253 61
    220 42 15 28 230 159 107 222 23 213 217 147 85 141 66 148 143 6 140
    54 61 189 247 252 76 35 196 142 32 103 82 178 242 194 106 192 159 46
    9 228 199 96 27 177 107 24 153 247 48 181 127 54 255 65 248 138 0
    103 210 233 202 238 207 95 233 42 235 125 171 240 7 129 214 134 145
    120 97 170 157 248 222 255 213 9 182 36 7 29 116 144 205 71 21 156
    150 85 32 35 10 157 161 215 217 5 145 99 205 25 110 114 226 109 71
    94 48 175 221 183 96 242 164 225 38 224 24 242 44 29 209 231 165 50
    11 165 218 195 108 246 47 171 174 178 171 62 141 30 161 7 27 146 148
    244 64 31 89 38 57 117 125 148 69 116 114 135 147 135 104 146 242
    142 8 109 40 175 36 189 84 153 190 215 42 216 211 245 140 191 106 58
    30 183 20 66 155 161 167 240 28 175 68 103 1 166 168 185 136 250 43
    175 117 186 27 245 221 129 217 48 234 22 202 0 96 49 182 177 252 5
    154 141 67 48 173 93 26 17 59 244 161 177 40 34 225 228 188 173 25
    213 98 66 103 0 230 33 120 7 221 102 203 231 236 181 90 38 153 207
    191 217 96 166 158 34 78 91 81 121 169 254 64 93 2 40 65 160 218 99
    240 151 78 1 14 68 184 182 149 136 58 182 200 180 245 102 8 59 112
    248 190 235 5 198 87 236 17 11 216 164 136 142 22 19 250 68 82 235
    199 243 235 61 225 113 168 84 249 94 9 173 64 37 119 75 193 32 155
    216 36 6 103 196 28 19 78 184 97 2 201 246 209 223 93 160 105 102
    247 12 18 65 158 181 208 97 89 203 94 137 159 196 24 168 173 3 88 21
    93 169 112 1 29 33 123 122 124 1 38 166 155 158 88 36 32 24 15 130
    197 42 10 254 24 174 137 183 39 213 244 119 17 59 146 76 209 195 15
    0 255 23 7 12 144 214 94 38 69 235 199 133 188 63 251 108 55 253 116
    188 226 138 181 156 212 209 42 40 33 218 243 187 163 181 243 113 103
    230 34 4 12 36 80 146 220 225 8 56 215 195 182 226 16 70 31 57 8 29
    26 237 251 170 155 120 21 192 228 10 110 74 87 245 226 190 211 66 84
    42 158 86 42 208 5 152 20 11 15 110 175 112 54 203 217 230 126 171
    167 253 176 146 188 227 103 7 97 97 164 48 215 202 33 110 1 91 215
    192 118 242 165 152 95 122 73 217 125 19 153 160 147 21 252 46 109
    191 25 165 95 120 107 73 93 67 58 181 24 227 104 143 165 119 144 252
    188 153 149 144 131 50 122 106 205 91 192 76 53 155 183 249 8 233
    169 150 118 229 224 162 118 128 169 175 66 217 72 244 178 181 114
    200 219 253 111 68 90 93 209 94 122 227 202 22 104 93 221 224 45 15
    119 54 183 30 166 89 57 203 55 202 139 27 187 11 68 243 66 4 237 246
    204 215 11 54 244 17 145 91 105 234 16 173 158 248 241 13 96 13 78 5
    139 130 94 188 165 199 134 181 10 206 189 230 49 110 149 126 126 66
    67 49 107 109 25 215 52 2 105 1 129 22 86 101 144 215 45 195 208 152
    219 72 190 36 33 157 176 175 233 85 106 240 192 14 22 10 232 93 243
    118 175 64 178 168 183 106 100 108 241 99 208 63 113 56 53 152 91 1
    66 201 18 43 216 143 31 107 177 3 201 51 121 177 183 138 206 71 205
    139 216 196 255 154 154 179 214 47 158 185 11 223 129 48 131 43 8 94
    235 46 108 161 184 232 98 179 182 4 173 99 76 205 82 244 172 179 252
    22 128 62 155 99 36 112 6 101 177 91 17 73 56 72 169 251 141 98 45
    152 125 174 159 75 102 205 11 81 147 226 83 96 251 50 170 172 53 44
    139 161 36 219 2 2 251 77 94 153 148 96 143 208 221 86 24 81 42 101
    44 215 39 218 212 118 178 227 238 60 165 90 108 175 99 220 250 34 54
    76 128 47 225 138 177 171 145 124 19 177 81 114 28 58 36 131 247 138
    162 253 151 131 11 190 165 204 115 128 72 3 143 185 65 245 34 153
    179 52 37 135 110 16 98 159 202 175 78 68 154 114 82 166 26 44 173 7
    172 212 128 240 7 124 12 53 12 232 100 29 56 239 18 26 48 8 137 146
    93 174 157 84 250 206 146 215 56 120 90 163 57 243 217 4 39 162 1 43
    169 193 18 4 186 38 235 243 16 159 226 50 96 153 213 49 77 65 160
    124 111 151 201 177 63 242 154 44 142 35 164 251 156 115 92 201 72
    41 187 37 119 224 65 134 76 113 64 98 146 224 57 198 84 253 79 51
    196 135 252 103 155 75 92 51 244 71 211 218 91 76 238 135 233 8 110
    61 78 246 229 96 134 151 255 31 236 129 133 143 73 222 144 244 23
    201 194 138 129 165 49 113 119 104 63 216 253 56 237 98 89 9 68 138
    86 22 27 155 166 70 240 221 203 153 247 95 93 59 82 216 174 232 29
    81 59 154 189 96 117 230 58 133 17 225 6 104 245 105 175 21 139 78
    255 126 162 31 149 194 96 168 19 121 95 88 50 129 129 54 238 192 5
    199 105 135 66 63 106 191 204 254 42 149 115 42 9 130 158 183 185 10
    220 89 62 251 83 40 186 52 214 72 237 84 163 255 58 132 45 235 161
    30 21 124 146 200 88 105 148 122 73 183 176 29 218 131 157 201 12 0
    149 137 246 39 77 101 141 26 108 118 102 100 108 241 31 106 255 80
    140 234 193 255 119 202 70 162 136 28 92 202 167 119 118 233 30 152
    58 237 143 29 228 78 38 245 147 0 200 202 111 174 239 189 144 179
    198 85 19 236 210 153 199 76 99 103 227 95 181 178 174 83 73 4 118
    131 87 91 97 221 115 23 4 142 149 132 52 37 125 237 180 69 164 180
    191 94 247 2 77 110 122 207 209 117 67 51 106 103 211 86 182 19 12
    122 232 114 20 238 88 32 174 178 228 13 214 109 56 164 28 10 209 161
    234 140 54 101 251 145 32 7 230 172 164 86 45 4 207 116 76 140 203
    145 38 87 46 1 229 98 62 199 59 155 46 24 139 166 148 20 163 101 222
    5 64 27 16 59 246 182 155 67 210 129 166 107 236 222 242 60 155 238
    41 50 92 162 40 72 120 246 168 205 227 67 107 141 199 10 189 101 166
    78 169 12 207 151 137 133 215 33 77 93 252 210 128 150 180 132 29 25
    90 219 182 255 13 48 121 247 238 92 124 235 105 88 88 169 214 215
    213 37 68 180 179 62 3 222 39 83 59 114 244 113 92 125 225 144 127
    127 110 68 242 104 94 92 162 172 47 164 246 184 15 159 25 50 229 190
    144 61 185 61 106 100 152 107 63 166 185 196 221 32 98 212 122 78
    178 43 235 228 73 247 253 95 158 100 128 103 94 212 228 225 200 167
    144 8 64 130 206 43 244 23 126 168 122 50 183 199 47 6 23 229 21 87
    134 169 27 141 62 55 16 18 12 223 22 43 247 136 158 28 6 178 186 147
    1 241 93 179 152 61 95 44 236 154 225 166 126 145 212 174 21 73 103
    136 183 48 0 67 35 129 39 122 135 90 17 253 90 66 93 30 100 222 218
    185 226 56 155 158 8 171 231 220 250 106 246 168 237 251 187 62 231
    11 240 96 156 112 169 144 51 70 143 97 191 109 147 114 120 26 207
    229 156 161 246 67 156 44 95 204 164 210 67 38 28 116 166 53 166 138
    102 79 175 37 128 228 26 37 164 150 117 57 189 139 48 206 123 176 42
    135 228 138 33 40 172 107 52 27 13 39 238 155 61 18 252 126 37 159
    30 157 70 41 252 119 58 64 102 196 185 237 116 169 151 131 122 77
    135 196 40 182 224 192 242 81 164 193 214 59 179 113 25 58 149 134
    10 185 180 233 118 251 149 192 193 101 197 154 143 151 79 31 158 197
    254 106 178 173 158 132 124 236 237 33 120 191 221 40 118 198 35 217
    121 82 208 95 228 25 20 67 95 5 221 226 176 7 35 241 60 166 165 55
    180 86 91 46 94 63 91 14 20 202 39 174 45 148 139 89 176 219 181 49
    106 8 53 44 243 205 157 46 204 86 122 26 90 178 192 129 243 215 82
    196 227 53 95 191 104 193 204 52 188 100 246 80 134 17 12 144 199 62
    188 185 114 196 73 212 115 28 4 78 21 156 82 217 147 132 104 124 90
    221 68 34 205 129 20 26 166 139 173 157 93 249 236 140 160 222 122
    52 169 8 237 226 207 183 22 148 153 11 247 49 237 75 100 31 159 80
    14 123 151 146 78 85 33 117 63 138 163 147 158 14 240 129 118 168 20
    33 30 241 254 138 64 57 170 139 152 96 83 230 82 10 116 202 103 234
    13 162 231 135 220 241 56 63 42 146 175 166 106 197 6 78 110 15 85
    145 101 5 6 58 13 168 27 81 170 202 136 8 160 136 52 26 140 215 137
    254 227 240 154 4 19 193 230 63 4 33 210 171 180 51 237 54 51 188 44
    160 180 118 87 124 83 62 241 223 221 12 135 65 4 31 204 228 52 208
    126 161 211 162 34 212 160 203 217 196 148 232 86 212 204 12 166 66
    209 40 140 101 54 200 82 239 109 160 107 84 44 223 36 230 71 230 111
    29 21 40 18 191 212 96 236 205 127 170 34 98 154 192 58 2 175 245
    214 195 189 189 162 199 13 60 39 67 154 117 139 236 211 200 241 141
    0 29 106 197 247 129 1 108 59 70 138 208 93 195 208 119 96 47 209 95
    189 225 77 192 211 71 196 163 125 119 217 28 32 180 69 88 175 57 59
    215 162 79 73 95 13 109 61 108 143 230 43 198 56 157 7 102 3 101 12
    159 197 190 57 40 34 6 190 75 233 73 43 11 28 213 15 95 171 218 192
    114 205 139 92 228 178 250 103 36 130 211 66 161 157 71 179 68 221
    45 182 87 181 241 219 132 68 164 169 103 86 174 184 116 88 19 82 150
    238 152 135 16 100 190 198 217 210 143 7 40 206 72 198 36 185 190
    105 191 199 47 19 170 156 168 208 83 230 156 171 58 26 247 65 102
    241 123 109 185 150 67 173 240 155 159 161 13 72 158 145 97 123 249
    213 224 184 137 184 115 131 126 198 224 183 6 34 5 132 250 237 36 6
    17 163 4 198 171 61 98 38 102 15 202 18 193 184 43 159 115 64 223
    161 207 193 75 135 22 250 209 107 153 42 135 200 162 241 245 54 112
    174 95 107 63 254 13 213 136 146 126 189 123 160 174 247 55 95 232
    146 105 124 157 64 93 243 143 81 233 8 72 21 215 25 177 232 253 52
    117 76 133 23 250 83 244 211 188 234 89 181 210 11 23 141 228 174 2
    117 157 67 170 14 125 237 230 151 245 48 216 212 59 251 248 226 71
    196 204 240 60 134 121 137 10 112 238 111 134 2 106 92 193 158 162
    118 211 106 219 232 243 174 217 23 16 6 196 116 232 53 17 115 89 162
    215 155 115 236 176 21 32 49 198 115 62 15 166 86 147 60 232 218 229
    137 178 0 120 32 239 173 123 206 26 131 101 90 213 29 75 5 72 66 140
    72 63 131 246 39 65 84 61 127 207 33 186 138 6 74 172 187 118 224 91
    131 83 198 107 236 30 96 182 159 73 77 240 96 163 120 29 15 225 138
    235 242 193 186 239 199 5 67 165 93 118 75 124 169 111 221 226 236
    152 243 41 167 237 185 245 216 60 242 236 123 222 110 22 8 152 104
    142 206 253 153 66 41 42 245 182 35 44 142 77 83 16 167 120 254 170
    120 9 135 159 88 162 72 174 143 176 248 179 40 183 48 216 110 26 25
    202 91 75 234 124 134 126 170 243 56 170 178 223 251 205 223 228 55
    149 23 47 81 148 26 212 189 159 254 181 169 152 233 200 107 12 60 41
    73 232 78 78 157 175 220 156 223 103 27 20 213 236 58 146 120 38 206
    51 49 51 67 4 245 123 183 106 89 190 135 253 255 6 77 221 217 41 82
    37 212 247 100 150 123 128 37 109 235 162 66 28 26 153 71 9 45 150
    206 5 73 237 55 180 107 17 139 205 136 220 66 111 238 210 174 0 112
    153 220 134 0 214 45 215 26 117 83 78 219 79 155 39 215 13 204 182
    77 243 163 227 89 56 180 116 151 207 122 51 253 252 103 80 32 113 20
    231 7 113 100 19 75 36 112 18 166 134 173 191 95 168 148 156 2 225
    43 204 89 88 15 217 61 238 167 37 185 129 48 245 234 157 26 159 154
    92 117 252 25 90 148 211 60 100 154 251 253 56 187 32 82 238 152 192
    38 127 14 224 128 128 218 0 59 38 76 10 60 192 35 188 26 8 125 165
    211 150 219 181 226 150 78 44 86 12 99 225 2 216 196 159 153 248 70
    80 125 33 126 149 60 71 124 65 169 48 34 215 135 221 62 145 14 64
    247 24 209 199 184 119 185 85 34 223 150 138 29 195 173 238 9 79 197
    39 120 255 239 237 50 96 68 96 141 129 232 54 197 169 59 230 168 166
    181 229 199 72 38 219 203 166 93 237 163 94 161 5 212 58 49 184 218
    0 78 27 225 162 163 83 96 179 58 180 42 93 100 51 149 95 14 30 168
    78 7 203 82 104 49 250 190 34 85 194 111 165 34 19 33 251 23 32 124
    223 186 94 113 220 92 54 141 204 139 28 242 239 250 80 15 117 212
    204 29 133 201 206 15 243 28 163 34 184 87 178 5 198 44 194 40 206
    127 38 137 249 218 37 106 18 26 111 105 55 239 200 86 137 89 34 165
    29 159 214 208 53 152 47 8 211 16 71 81 147 99 37 60 249 180 245 6
    169 121 47 70 20 220 61 201 121 179 129 149 1 143 101 37 170 163 126
    118 163 199 86 181 236 218 156 32 33 201 182 30 151 165 170 121 155
    138 165 228 136 203 49 173 200 134 216 185 62 187 191 145 45 17 96
    175 184 230 205 95 81 168 156 15 105 22 12 114 192 27 30 108 78 72
    192 32 43 237 130 103 183 70 44 210 43 255 124 104 100 135 243 170
    73 236 205 113 20 181 40 152 99 121 229 13 44 35 210 163 41 34 29
    255 195 82 76 250 147 8 93 136 137 24 216 196 79 212 224 135 48 237
    53 199 114 70 104 5 146 103 140 16 180 220 181 227 81 88 204 249 209
    85 226 216 166 252 177 136 58 7 211 250 180 251 221 227 0 251 136 3
    160 69 98 190 124 43 145 150 33 254 158 145 100 154 157 64 143 200
    174 228 239 207 60 168 28 126 92 168 149 82 106 36 227 34 5 216 31
    42 222 13 216 24 19 172 72 40 245 133 38 134 188 90 170 153 126 200
    24 216 49 163 133 2 216 214 240 57 101 2 24 136 194 207 231 64 117
    24 29 195 254 214 83 123 66 31 33 243 50 128 55 103 114 161 208 102
    60 183 186 65 221 237 158 97 133 233 81 39 129 176 230 228 161 222
    36 181 154 29 32 245 215 71 66 39 208 193 251 13 57 240 10 64 89 199
    233 30 169 168 58 34 54 18 21 93 45 229 88 181 152 208 111 206 252
    242 75 147 77 97 34 212 19 160 193 173 136 110 218 68 66 130 61 197
    12 68 201 190 25 185 101 103 61 29 183 222 187 224 188 49 219 161 70
    74 253 77 122 100 204 179 57 202 125 70 108 119 127 16 90 190 24 56
    245 206 185 218 195 176 251 226 115 121 71 111 124 62 43 36 36 48 71
    15 147 166 84 252 206 25 183 12 222 39 132 44 167 239 138 196 227
    253 94 85 66 246 88 51 240 77 188 69 178 192 89 107 198 12 116 6 7
    153 76 126 180 180 38 5 253 36 42 126 117 14 53 113 149 224 204 81
    174 210 76 119 109 63 158 22 106 151 56 188 71 207 200 69 51 251 254
    226 53 89 83 246 252 50 235 2 19 46 201 172 37 184 46 78 111 45 178
    239 120 81 169 70 72 140 22 114 190 216 94 183 1 9 234 172 74 6 176
    35 27 102 50 91 70 202 180 120 85 96 242 144 118 169 176 230 167 241
    7 229 105 72 144 36 196 214 146 161 117 3 123 246 68 163 157 1 163
    223 11 3 244 225 160 168 71 113 170 203 126 125 117 42 102 44 160
    207 229 130 179 243 178 63 83 200 55 145 2 14 216 48 13 81 43 101 37
    151 153 109 195 57 169 25 61 152 55 251 233 211 240 247 115 113 78
    163 248 152 171 250 19 79 64 170 35 189 216 85 170 96 81 68 107 189
    164 240 71 135 68 163 233 234 209 220 46 24 181 243 116 196 224 230
    206 79 160 149 255 176 180 234 156 224 90 51 212 66 102 112 27 89
    207 243 113 209 50 56 22 30 55 200 1 212 178 16 53 163 94 181 235 62
    12 65 190 236 132 26 142 177 148 2 221 47 34 246 58 5 188 183 68 178
    81 75 19 230 8 250 174 32 9 133 154 24 71 71 100 76 50 6 208 45 60
    163 231 124 67 114 93 237 19 179 114 232 66 164 149 207 54 156 4 56
    95 89 45 131 217 144 8 230 246 252 244 168 8 69 0 199 6 245 131 65
    42 109 92 116 212 143 177 22 204 243 144 195 199 11 39 103 72 67 178
    140 189 214 186 33 221 1 74 11 177 227 180 189 76 213 159 232 115
    238 100 187 116 57 71 232 108 167 204 244 100 28 159 105 43 167 48
    114 52 115 141 120 32 4 155 145 77 106 109 27 124 39 135 176 92 72
    169 27 102 11 107 37 114 187 131 148 80 95 249 115 150 12 78 124 110
    203 74 227 201 223 51 230 67 53 113 180 60 62 189 182 156 251 51 114
    167 187 237 76 63 140 178 85 132 49 80 59 29 43 222 182 200 69 1 253
    255 146 149 253 193 59 201 233 219 168 94 150 105 30 153 19 39 186
    101 192 63 138 144 133 67 243 46 229 201 129 234 98 187 7 15 20 4 74
    132 7 27 247 57 158 56 28 194 151 12 23 182 201 73 41 36 43 7 48 242
    79 220 75 151 139 166 116 233 14 54 226 113 233 85 146 173 50 205
    182 169 87 23 29 234 211 170 37 16 150 107 123 135 221 178 255 222
    164 143 236 55 225 244 100 188 203 151 62 216 226 225 202 96 241 102
    151 149 157 186 228 143 253 182 204 168 159 50 143 110 42 148 252
    210 177 32 182 124 59 167 233 157 11 170 64 79 7 89 31 52 148 115 58
    38 232 5 242 28 52 10 231 18 131 34 214 20 44 130 71 24 233 179 42
    87 50 107 32 1 121 121 141 186 252 56 95 29 130 236 172 211 20 8 177
    100 88 251 57 143 201 71 195 128 5 43 190 121 156 172 40 55 171 112
    201 242 62 151 2 250 17 37 72 248 138 111 198 34 28 23 156 44 112
    147 165 12 111 84 78 122 206 193 74 109 111 102 42 230 195 104 145
    138 84 145 96 52 42 86 4 14 117 32 158 80 136 47 29 175 219 152 42
    225 135 75 123 180 242 44 152 243 201 120 229 139 21 47 91 146 109
    230 152 112 238 185 212 97 182 77 248 212 109 184 104 38 10 162 193
    200 175 39 239 110 33 132 110 224 129 18 28 105 16 62 162 85 32 213
    51 66 110 19 92 103 33 231 96 61 194 148 132 28 20 232 247 41 141 76
    2 27 148 17 23 137 244 213 79 20 70 2 216 54 130 135 61 32 168 103
    251 139 115 155 131 18 239 192 76 207 122 10 97 220 193 69 227 175
    212 239 13 187 213 18 6 194 115 236 83 157 75 162 42 238 130 153 114
    251 238 138 201 193 125 190 0 55 11 2 96 36 110 172 149 234 249 73
    223 45 91 67 22 116 234 125 203 12 200 184 204 78 210 220 20 133 19
    172 77 88 72 59 78 190 201 68 84 92 40 83 230 143 168 54 136 65 121
    220 87 251 140 150 4 133 233 94 149 152 137 49 222 77 22 102 131 116
    167 6 137 24 213 251 1 207 250 6 173 67 77 33 184 62 136 116 165 179
    38 13 209 170 151 249 206 62 43 245 104 216 180 67 102 69 23 132 84
    29 129 78 87 225 37 23 245 246 40 150 37 210 215 233 219 97 106 185
    182 125 167 129 210 66 191 201 93 46 184 55 124 3 166 171 164 79 97
    25 11 220 104 191 89 103 130 238 127 110 147 31 114 208 7 96 255 222
    150 160 247 171 1 228 238 39 20 195 130 172 230 170 49 215 226 2 235
    34 221 232 150 181 197 223 49 252 171 20 14 189 76 178 46 135 153
    206 206 142 126 242 182 32 53 231 105 78 170 219 80 98 5 85 251 38
    238 237 67 219 151 118 9 25 240 31 4 239 70 109 218 98 40 132 203
    240 107 181 194 193 114 62 153 20 21 32 21 155 255 237 95 139 60 198
    236 186 110 99 212 77 236 20 21 234 235 26 119 93 50 80 227 224 128
    254 212 55 162 85 81 8 229 39 77 0 35 248 220 138 30 12 127 217 167
    133 176 50 172 187 150 189 63 103 242 178 181 92 191 227 249 192 101
    188 189 154 186 71 65 91 85 218 29 60 45 60 2 80 223 142 186 158 130
    203 0 215 205 64 165 83 136 208 116 135 30 138 201 217 86 179 5 3 4
    110 238 151 118 29 198 25 164 97 128 194 172 138 32 63 38 118 214
    137 65 119 162 114 25 175 31 37 214 71 68 114 37 115 28 0 12 63 141
    158 15 177 245 244 194 206 130 73 86 196 89 52 74 217 225 170 111 7
    212 95 134 81 46 191 176 34 61 158 54 160 129 149 250 139 193 78 182
    189 49 32 208 202 119 202 154 132 132 196 76 234 176 130 17 148 201
    140 189 26 13 219 229 69 227 212 209 56 174 20 43 237 166 112 153
    202 223 13 101 175 251 150 167 36 248 73 201 55 96 57 11 157 134 45
    89 206 85 91 90 40 51 236 221 30 82 121 177 182 147 20 246 45 160
    208 231 30 134 203 173 94 88 254 112 236 255 197 61 34 163 90 4 225
    160 229 137 208 45 210 9 219 210 119 179 227 141 74 110 13 216 173
    164 250 255 125 215 142 221 32 243 230 252 223 27 196 220 234 173
    143 79 208 237 136 254 190 157 167 56 249 79 34 225 181 210 123 45
    22 54 46 182 13 214 61 200 193 67 14 178 150 196 110 223 228 151 237
    237 12 188 203 70 34 17 91 91 7 183 51 53 160 178 28 63 222 31 42
    185 49 134 205 170 201 216 137 88 130 151 80 123 68 167 150 138 248
    111 226 45 107 138 145 176 32 130 10 19 120 43 212 127 179 255 23 16
    197 102 212 185 137 110 32 152 18 19 238 27 159 202 159 221 20 244
    207 115 34 241 88 57 195 178 101 90 74 193 179 249 16 18 164 221 182
    219 120 255 187 201 103 240 186 136 210 75 62 87 255 31 6 29 127 208
    247 188 177 96 181 170 252 21 72 202 49 74 223 245 53 196 160 114 4
    90 160 53 37 48 55 145 219 206 225 232 244 48 135 8 151 175 22 235
    228 84 56 123 138 172 27 65 42 48 65 220 201 13 165 153 195 244 211
    198 8 233 233 116 130 194 7 224 159 107 227 255 56 174 224 78 105 34
    18 16 176 35 88 32 228 0 36 177 174 153 57 15 13 8 71 236 115 233
    217 84 46 232 54 86 104 248 136 159 218 117 156 104 150 25 10 99 1
    123 165 199 160 127 81 104 95 154 131 193 195 140 96 222 106 80 217
    77 76 186 80 102 120 119 100 251 156 156 223 181 207 4 120 50 50 229
    218 201 172 13 110 145 182 21 168 254 179 218 198 39 233 166 86 165
    75 29 216 233 233 7 143 51 34 173 191 224 35 61 206 164 53 66 65 255
    207 174 2 120 9 77 44 62 202 205 28 177 121 119 181 159 177 55 209
    180 25 247 35 192 94 197 116 32 60 122 87 201 214 34 237 5 50 183
    164 149 90 175 84 22 106 70 97 135 126 79 197 1 115 150 188 130 190
    238 144 121 40 222 133 27 139 166 222 185 60 194 255 27 98 129 28
    161 196 166 106 51 87 209 31 199 23 223 119 19 144 188 181 13 199
    255 85 203 120 102 138 250 76 17 190 139 57 45 197 202 210 137 186
    12 252 208 228 193 48 122 29 170 166 2 61 89 236 249 56 48 83 58 125
    98 8 131 162 55 188 233 126 99 204 10 144 210 31 229 124 150 148 157
    76 100 179 164 72 69 78 182 215 29 72 208 78 70 13 87 72 88 224 47
    222 180 9 111 237 26 98 216 209 153 62 8 27 115 49 172 169 159 21 93
    229 33 40 169 243 224 75 170 165 133 202 102 236 179 86 182 75 240
    184 241 27 136 108 113 222 196 235 247 29 196 246 204 200 169 7 187
    210 199 238 147 236 191 165 112 202 181 57 234 47 174 128 81 195 225
    21 59 143 17 47 139 137 208 29 183 202 47 126 63 23 53 177 107 208
    238 174 82 212 25 206 142 171 238 99 83 171 120 195 213 190 76 63
    156 31 196 50 87 149 168 248 236 10 250 33 148 147 50 71 11 164 106
    41 99 73 90 39 13 183 110 147 11 99 121 93 11 226 183 46 106 210 242
    146 114 234 62 74 230 220 172 235 79 232 198 130 204 112 150 159 144
    94 132 74 169 162 238 121 157 100 19 20 156 3 139 153 26 58 175 216
    31 3 155 75 115 131 3 133 234 126 150 152 206 201 135 149 16 31 2 40
    100 248 8 24 0 86 208 143 34 0 180 112 140 150 232 134 127 77 12 81
    60 221 134 137 205 212 46 103 185 74 239 159 210 96 212 200 90 104
    130 216 69 89 88 132 164 28 232 247 212 229 214 222 14 52 216 174 74
    206 28 168 43 106 169 210 166 78 71 42 135 140 85 49 95 62 232 136
    252 67 105 186 98 254 45 93 182 247 13 172 233 175 124 191 18 28 21
    92 226 66 204 212 215 66 193 12 201 82 169 197 25 88 118 87 80 21
    133 212 110 18 241 215 233 205 178 144 211 39 91 2 180 50 52 25 245
    122 58 8 73 91 145 162 138 124 236 198 124 76 1 45 166 74 11 246 79
    131 205 84 94 138 215 144 67 216 75 114 189 6 138 120 197 32 88 69
    211 5 124 39 129 94 68 155 122 128 64 225 53 224 202 34 141 131 26
    48 25 209 88 59 141 110 33 134 227 148 78 49 21 51 148 94 120 115
    134 27 60 231 38 24 241 76 102 31 87 223 122 72 66 63 7 182 55 249
    69 177 162 24 41 73 143 74 231 107 222 35 1 209 144 8 47 231 130 224
    66 158 99 217 155 27 12 192 252 89 25 245 221 63 9 96 222 52 31 17
    249 167 108 44 63 83 21 96 28 40 247 69 126 115 139 50 139 153 247
    166 47 92 69 232 27 251 213 190 73 244 88 9 154 81 247 82 45 59 46
    48 197 216 55 59 10 94 54 72 10 78 96 230 206 118 109 104 121 164 80
    21 41 30 204 27 7 111 101 62 122 170 147 223 108 141 57 55 52 179 82
    176 144 137 225 141 203 213 109 200 150 121 130 28 139 201 99 144 91
    21 177 151 55 114 150 93 26 215 173 204 228 95 32 179 64 1 240 195
    169 131 79 116 174 132 157 39 233 76 18 30 186 131 54 12 233 63 1 71
    218 111 242 191 52 119 58 60 79 39 80 102 65 163 45 109 237 126 32
    114 225 218 140 68 230 76 48 106 53 96 179 210 136 86 58 5 44 234
    135 155 237 248 195 232 186 141 16 82 177 242 241 141 9 73 113 157
    234 221 135 48 175 227 98 85 7 53 10 83 54 184 109 88 30 135 86 216
    214 16 196 143 62 206 158 182 154 145 161 232 139 77 155 71 62 231
    216 121 119 48 152 225 46 53 33 86 122 40 242 181 199 65 168 58 248
    42 107 4 131 27 183 169 211 165 80 34 157 123 199 98 230 42 130 165
    10 84 16 140 3 59 24 200 188 246 83 37 227 91 255 135 255 244 145
    185 110 60 20 136 89 62 46 71 165 38 199 189 195 189 90 13 124 189
    242 239 44 145 57 13 217 64 230 9 102 126 76 168 76 228 145 28 90 21
    228 250 162 11 5 142 52 46 219 63 125 247 241 137 73 38 216 51 133
    73 251 70 137 137 64 21 224 92 65 159 23 9 52 111 145 0 164 150 76
    10 37 86 40 248 53 107 251 95 116 52 247 164 101 60 144 176 106 190
    208 1 116 224 23 3 18 76 10 249 54 212 63 225 174 207 88 246 58 2 8
    126 158 140 85 176 15 143 209 29 21 237 49 156 132 198 183 53 139
    215 229 124 192 129 161 170 48 231 217 134 84 77 49 147 10 253 68
    187 97 245 190 130 89 76 210 4 196 195 109 4 61 93 231 176 193 169
    102 112 61 52 179 129 149 234 53 190 180 128 67 216 35 247 39 82 84
    33 118 53 81 216 215 168 52 115 220 248 6 132 176 86 94 168 192 228
    140 100 213 67 124 88 127 104 2 238 124 124 144 79 191 20 26 165 101
    88 51 249 85 168 37 208 255 227 35 104 212 137 43 224 70 236 40 72
    178 251 147 115 213 45 229 100 72 35 44 161 165 56 237 45 215 175 17
    237 107 49 35 212 151 36 181 156 129 113 25 67 177 154 152 244 23
    193 104 92 240 213 156 216 246 135 136 156 66 3 129 129 115 172 85
    72 128 65 235 74 33 247 41 76 159 222 250 69 105 178 224 218 147 238
    120 85 141 9 105 13 117 55 97 105 220 124 10 193 2 58 6 217 76 255
    92 212 168 33 132 136 237 244 115 68 50 6 244 230 62 220 156 156 211
    41 132 234 203 247 33 144 179 72 134 74 42 168 45 175 242 89 107 218
    94 180 103 72 186 121 189 53 136 19 118 202 167 55 191 84 212 69 107
    128 10 240 139 97 30 246 72 44 227 238 0 242 97 195 57 173 16 248 91
    18 34 186 112 124 96 15 142 68 243 189 202 222 222 252 167 132 197
    76 7 72 83 196 23 224 70 172 31 240 119 79 100 175 59 67 201 99 212
    11 118 24 140 32 31 69 113 211 249 118 88 58 93 6 200 201 59 92 189
    29 194 39 65 2 9 98 128 30 198 252 83 177 25 94 86 138 31 157 223
    217 36 12 70 53 240 247 144 219 252 139 68 91 167 185 190 122 80 214
    216 93 102 119 16 58 69 104 236 47 225 21 216 4 133 192 190 73 113
    124 84 227 99 156 190 236 40 135 187 54 144 5 3 145 226 31 200 232
    15 122 98 209 199 19 121 182 66 249 100 100 33 188 134 240 114 201
    125 37 234 8 29 8 193 250 133 145 117 145 145 52 194 192 216 9 167
    150 186 199 104 226 49 218 49 70 199 9 240 10 147 3 51 181 132 59 40
    34 70 168 200 25 130 19 67 245 114 206 40 91 190 219 81 131 186 41
    85 69 23 96 148 152 26 81 217 135 165 189 53 18 13 97 199 133 127 99
    45 224 204 69 59 85 65 24 230 230 183 155 3 67 153 237 76 125 164
    137 134 150 252 88 89 33 135 136 226 114 94 90 53 153 32 200 145 90
    50 208 135 190 189 30 243 250 52 9 168 51 186 32 69 151 133 200 56
    20 111 176 46 131 99 213 250 52 7 85 228 252 55 36 230 21 140 127
    195 1 170 126 166 196 254 131 8 239 173 93 148 235 50 255 99 33 91
    93 88 83 202 182 126 22 145 71 182 219 160 49 75 61 112 204 143 132
    171 81 173 212 102 114 251 150 8 122 102 232 109 213 146 15 155 78
    117 99 249 28 58 207 56 177 50 75 186 47 63 48 132 133 158 137 155
    107 24 152 166 201 41 139 148 99 244 155 64 16 109 2 114 192 134 220
    249 219 23 136 162 7 32 187 243 193 10 7 42 233 174 71 231 131 42
    137 173 173 7 80 17 214 12 243 195 48 19 233 46 238 72 90 238 100 75
    202 233 252 24 205 177 28 74 102 107 143 111 246 201 26 88 27 149
    222 60 98 8 112 163 153 236 194 240 229 104 64 217 67 26 232 246 34
    32 98 152 105 99 14 174 85 71 157 31 129 177 110 157 20 3 95 186 226
    17 125 192 75 73 37 238 128 176 234 36 80 123 219 137 38 64 191 63
    74 245 79 146 195 65 2 238 133 170 99 208 137 54 94 100 177 66 144
    72 195 44 80 226 204 224 203 10 158 96 143 17 76 14 81 3 165 49 109
    175 134 23 73 39 17 245 10 17 164 174 122 212 26 20 55 169 151 76 94
    217 100 164 141 186 103 68 128 55 79 233 182 23 100 170 161 209 28
    101 208 154 11 76 106 112 143 112 100 116 231 129 167 11 208 134 126
    108 179 220 144 227 179 71 68 10 124 180 30 184 20 177 119 165 105
    252 158 102 30 99 30 244 133 230 105 33 35 82 189 193 172 155 44 7
    213 248 36 51 226 20 12 231 196 177 194 247 62 167 162 119 102 119
    139 187 80 77 188 232 171 128 206 37 245 50 152 137 170 37 155 66
    177 185 227 19 90 126 218 66 36 70 213 118 113 225 36 130 210 137
    170 190 6 140 215 62 123 53 240 205 207 6 70 126 174 2 3 0 123 127
    108 221 37 119 209 34 78 229 20 94 125 169 115 225 143 127 14 178
    118 39 182 86 163 78 20 135 248 9 103 183 31 106 230 57 46 93 132 53
    181 250 171 253 157 68 28 169 119 207 67 122 128 97 39 250 248 69 78
    117 156 186 185 68 134 125 144 0 79 170 206 220 118 81 236 253 224
    177 228 128 15 97 20 54 13 14 3 230 120 181 49 108 9 104 178 58 62
    125 85 4 210 59 243 85 63 112 132 152 133 169 110 39 136 30 130 121
    6 193 152 122 215 255 234 162 105 121 233 242 206 87 229 253 24 107
    42 179 170 129 47 248 36 67 147 87 186 4 63 181 110 117 252 33 129
    13 26 27 20 102 241 141 194 171 27 127 201 187 227 104 58 88 61 148
    206 118 128 207 246 111 104 37 152 85 34 128 147 143 31 189 174 113
    47 209 209 33 8 198 229 230 173 118 82 125 121 77 152 117 121 188 54
    64 193 208 213 184 111 183 216 125 177 253 244 24 163 118 69 24 20
    47 232 1 50 224 187 234 111 126 49 113 146 253 196 24 41 87 115 106
    79 58 82 6 23 236 109 84 17 87 98 54 23 94 145 94 124 77 118 141 90
    56 206 211 107 163 44 157 118 251 169 19 183 157 86 75 49 120 122
    155 41 53 97 196 83 18 55 167 163 155 24 125 93 222 105 62 220 118
    82 171 53 188 217 49 202 39 119 117 22 242 23 86 44 123 224 244 112
    87 183 163 173 211 255 61 236 81 47 169 57 166 186 237 175 68 169 59
    197 9 197 31 249 80 207 233 248 51 127 146 154 170 211 214 87 184 51
    249 222 22 10 50 100 141 134 125 231 91 17 204 171 89 202 142 238
    249 140 83 52 47 50 100 43 54 8 161 133 43 3 213 253 245 214 181 59
    67 89 171 219 181 86 154 241 177 196 30 163 93 120 28 15 220 220 185
    238 12 7 119 188 133 20 211 167 58 53 171 202 4 140 73 12 67 14 137
    5 29 194 69 174 209 240 75 171 204 245 133 115 56 121 153 20 247 196
    173 172 209 253 183 198 138 213 57 128 111 39 128 93 11 62 234 238
    87 250 132 50 148 128 24 49 146 150 23 154 73 60 176 209 34 151 150
    123 57 179 8 253 130 135 133 10 188 165 251 74 141 35 100 50 0 68 18
    82 148 36 224 49 231 173 232 80 234 156 141 232 43 16 66 117 130 7
    237 164 93 153 220 85 11 106 190 31 130 92 106 244 242 53 180 128
    205 63 120 91 105 55 160 219 227 232 57 61 241 120 41 214 246 46 18
    222 212 43 22 99 42 76 85 114 228 58 53 66 234 105 213 248 231 150
    21 65 106 149 88 192 210 219 112 121 41 61 158 166 79 165 175 238
    188 142 205 23 14 137 243 147 158 203 10 87 29 157 132 78 184 92 123
    112 103 176 24 119 184 20 155 215 197 78 67 190 85 114 247 246 204
    166 76 138 43 69 48 167 162 212 83 102 229 28 127 80 39 60 185 164
    240 128 39 245 245 20 52 181 11 137 41 166 167 237 10 159 202 62 143
    85 86 137 208 122 138 147 99 224 68 143 0 188 230 234 192 138 165 54
    73 91 41 48 38 178 223 67 186 164 175 254 39 224 39 219 219 13 208
    227 77 32 230 192 196 255 87 239 53 124 163 237 24 220 142 82 111 24
    11 201 166 183 65 0 170 229 100 49 211 112 215 39 171 250 222 58 105
    126 93 6 150 33 119 116 202 119 186 56 205 10 66 239 227 98 55 90 37
    222 71 23 199 250 77 142 171 35 147 76 221 76 158 221 5 248 140 44
    90 217 142 249 182 227 251 213 94 116 176 16 11 230 135 102 11 80 41
    228 100 107 179 161 226 97 102 222 147 18 70 235 205 210 194 27 69
    166 186 201 152 201 125 237 252 107 230 139 249 84 19 44 43 121 142
    219 206 0 191 80 110 20 96 156 82 93 6 41 35 39 40 15 54 99 25 208
    196 104 88 187 133 2 0 244 236 144 96 181 15 90 129 164 234 198 116
    212 220 77 152 184 57 218 56 51 141 209 164 155 184 120 216 44 247
    19 90 3 56 28 131 84 254 217 16 54 56 174 107 168 110 44 202 140 186
    74 120 209 135 144 229 207 78 64 53 10 252 138 190 42 50 255 26 185
    5 122 127 18 172 175 229 151 116 115 44 175 0 125 58 101 142 81 126
    255 50 211 148 216 227 55 140 100 225 196 249 161 86 111 196 183 55
    173 246 119 113 213 91 175 85 181 68 208 136 86 198 86 118 26 164
    236 209 74 212 219 187 80 34 118 19 143 192 189 25 110 21 241 96 126
    146 188 243 131 0 8 237 187 181 26 79 121 219 49 50 245 211 78 197
    223 192 3 227 198 253 241 143 84 84 117 84 94 217 115 88 234 106 158
    33 114 204 228 232 4 221 167 116 158 126 218 158 185 140 129 93 29
    10 13 52 132 67 59 3 77 52 98 187 63 8 37 198 201 55 217 212 156 216
    170 131 240 235 59 115 51 35 83 188 226 173 39 3 63 92 8 233 229 47
    144 20 133 58 124 19 9 126 39 32 39 147 100 86 199 12 157 98 128 71
    211 214 45 218 7 17 33 203 18 205 43 133 236 76 108 208 46 173 49 21
    154 19 88 2 54 177 120 62 174 181 206 11 87 198 187 232 214 144 229
    215 191 242 83 12 203 49 132 136 133 211 84 105 199 143 57 85 79 212
    246 38 130 181 212 19 146 32 71 201 142 180 136 229 120 181 74 151
    11 195 53 148 37 181 241 206 246 41 82 138 163 42 167 153 192 139 67
    146 99 178 238 206 117 231 129 192 46 195 10 216 119 236 229 236 245
    44 54 118 225 229 132 223 104 190 23 29 240 190 231 197 238 121 42
    243 220 78 75 62 62 132 97 2 116 133 157 165 143 33 158 156 180 55
    242 175 12 193 44 56 28 101 249 76 219 10 53 172 168 198 206 91 193
    192 60 215 100 54 112 167 219 241 190 2 164 77 64 66 194 28 143 114
    63 216 178 21 220 208 52 177 125 221 3 244 196 8 104 76 148 77 80 44
    112 247 166 138 111 190 190 139 197 113 221 36 47 3 164 114 207 243
    243 91 226 216 236 229 160 247 232 59 152 236 50 62 86 139 252 210
    39 111 58 190 71 81 118 246 109 87 254 226 118 54 145 68 183 91 228
    104 44 1 234 132 88 65 35 255 148 47 49 111 119 107 39 106 221 101
    53 138 130 234 205 156 94 98 191 237 48 128 180 41 63 215 251 96 51
    245 5 87 2 73 167 209 191 241 165 29 119 70 71 166 38 223 17 203 157
    161 150 51 69 159 240 230 73 154 255 78 180 138 143 126 246 51 38 67
    68 142 218 249 95 125 103 107 250 57 49 12 62 203 4 96 107 159 221
    186 101 6 192 65 55 70 9 244 9 81 207 237 16 14 76 12 39 117 244 192
    159 97 96 187 130 229 193 96 220 0 6 228 20 232 136 238 78 19 35 157
    217 155 87 235 154 228 120 61 154 160 61 125 2 42 6 171 71 32 109
    208 38 9 16 183 62 96 161 52 14 153 76 231 219 193 169 21 41 189 201
    59 143 15 33 180 156 37 122 104 253 108 97 97 204 75 135 202 51 88
    59 225 17 98 95 160 217 169 62 155 255 169 12 236 251 101 136 146
    237 195 111 158 79 185 141 198 176 74 71 76 22 112 133 46 69 214 240
    154 29 215 92 240 234 74 51 233 94 223 164 250 22 130 23 119 202 94
    177 4 198 20 200 61 187 58 197 31 154 19 77 81 168 64 76 29 249 74
    42 154 118 88 85 40 74 59 20 63 50 153 10 184 197 137 33 170 233 102
    137 15 164 189 123 110 237 200 152 197 42 187 33 67 85 125 165 41
    233 16 243 16 91 101 194 178 79 209 158 82 69 79 239 92 131 23 26
    215 193 107 120 137 244 97 117 61 189 225 209 203 240 214 154 1 144
    255 224 27 147 17 157 127 121 103 36 144 198 151 246 223 178 116 212
    209 80 188 105 92 163 16 30 35 146 255 85 89 206 67 45 54 91 190 80
    53 87 228 178 131 77 252 102 0 48 139 64 6 203 221 140 245 17 62 75
    84 48 67 61 16 34 243 237 173 198 3 111 165 29 76 47 203 28 178 215
    173 19 234 57 238 159 125 9 95 99 124 23 59 171 222 138 68 210 53
    235 14 155 208 37 124 217 164 194 5 230 186 36 193 207 59 230 147
    231 202 91 203 215 234 81 183 57 152 32 175 207 188 239 209 83 93 37
    146 94 248 141 83 209 111 114 231 8 106 43 153 86 103 27 126 5 71
    186 216 213 122 66 77 207 73 174 30 85 119 54 150 149 248 241 193
    240 73 234 60 197 33 225 105 140 141 103 149 140 251 232 189 224 70
    182 156 62 30 208 197 145 138 12 79 181 20 149 65 250 134 7 244 226
    156 156 24 217 61 11 255 133 37 160 215 139 240 208 101 156 174 124
    114 238 196 132 43 109 221 238 128 139 50 252 168 153 13 162 182 97
    219 27 2 128 74 230 128 50 235 89 111 170 136 196 237 177 194 87 8
    169 81 216 139 9 161 181 246 203 244 49 193 19 27 208 178 236 162
    158 67 215 129 173 98 110 163 120 113 244 112 172 61 113 188 127 178
    34 98 122 114 95 236 48 144 47 224 181 47 165 7 49 114 215 28 190 83
    12 11 57 154 151 250 168 190 77 161 56 84 29 252 108 51 234 198 143
    156 23 147 254 140 140 176 78 7 41 145 134 82 211 144 145 187 232 12
    165 250 191 174 107 65 141 164 215 46 155 120 50 143 167 39 46 32 46
    123 24 48 5 72 30 88 40 95 231 230 223 86 33 255 41 242 175 36 171
    200 3 193 196 127 104 46 168 62 229 69 2 36 136 186 59 145 131 255
    218 143 180 118 112 165 27 5 24 22 187 141 252 48 182 151 30 179 131
    25 40 169 233 164 93 250 32 71 206 239 233 220 56 151 139 241 136
    227 239 183 155 132 15 157 172 14 102 159 195 2 75 134 157 218 142
    113 57 44 252 20 25 71 25 223 254 238 251 72 84 74 29 0 11 133 85 70
    176 218 155 55 4 222 44 7 225 248 132 90 175 249 196 51 174 168 24
    132 46 132 55 247 96 140 179 183 26 154 167 23 67 127 173 139 77 26
    107 221 6 119 192 169 187 140 188 0 166 75 107 96 129 253 2 177 7
    155 101 202 18 125 75 205 49 100 3 50 20 211 3 43 7 166 50 171 86
    140 158 19 229 49 164 147 129 245 22 118 230 24 193 111 39 102 73
    109 102 206 86 255 73 172 73 144 242 70 19 54 79 116 169 2 123 40
    122 254 53 247 70 79 204 128 47 175 150 76 190 213 24 101 216 195
    167 129 185 69 123 197 101 228 8 65 58 76 7 199 223 31 26 202 89 213
    57 160 248 25 166 28 151 158 239 153 4 152 161 24 80 187 91 82 176
    229 151 97 197 74 239 227 87 107 97 14 231 22 194 203 140 41 59 125
    63 61 107 100 184 19 209 248 194 173 115 14 101 246 188 240 85 83
    137 3 167 202 244 1 107 104 117 104 127 21 50 216 107 142 209 135
    248 253 61 222 197 118 95 235 246 231 166 6 57 244 1 24 151 235 255
    9 66 111 139 181 167 68 105 94 218 74 206 194 116 149 52 90 45 199
    77 192 97 117 156 138 71 15 219 128 157 241 89 208 177 69 138 246
    183 228 243 130 18 179 21 239 244 166 131 187 215 25 153 154 20 31
    184 152 77 139 12 199 130 102 103 20 31 183 177 179 219 92 44 235 52
    249 201 7 227 12 28 1 1 225 126 255 218 159 74 100 142 185 35 69 146
    73 90 31 0 16 244 241 158 218 31 228 86 252 75 2 62 117 238 191 118
    188 35 163 31 134 111 156 177 61 13 229 207 161 161 79 185 233 241
    213 144 248 148 242 88 185 216 144 190 166 8 64 89 206 9 126 233 182
    45 245 44 245 20 119 4 150 54 165 229 49 155 206 159 75 236 213 171
    241 243 40 218 114 131 224 130 64 233 53 140 185 195 248 56 179 33
    230 87 220 162 81 88 225 36 140 142 209 103 192 83 40 146 101 153 82
    76 2 21 34 18 137 130 245 72 27 150 94 180 39 53 35 255 254 114 111
    32 201 255 189 177 58 184 65 53 148 178 113 177 7 16 145 108 230 105
    168 188 54 126 105 200 33 173 41 182 13 88 11 145 245 241 86 1 199
    25 233 28 22 134 88 103 97 184 194 176 115 15 255 240 105 122 165
    237 18 38 87 8 244 152 1 188 22 211 88 2 41 218 211 105 220 1 2 122
    3 150 143 134 157 44 172 17 218 223 25 219 241 55 93 232 102 179 12
    49 4 75 77 171 13 237 147 26 121 148 195 210 14 122 155 185 12 214
    25 198 199 147 185 187 33 207 120 255 190 28 251 89 165 227 106 186
    230 62 18 211 240 27 105 76 117 215 166 206 16 104 186 63 91 12 219
    119 229 8 135 212 48 201 75 2 242 219 170 54 229 41 131 200 54 64
    177 234 139 26 124 150 13 157 231 242 251 165 232 222 235 17 152 153
    119 38 220 183 218 222 179 165 22 206 37 194 30 214 69 220 59 169 46
    26 35 159 99 180 236 111 111 189 175 207 163 88 249 165 122 43 135
    106 53 135 16 243 170 25 71 232 185 240 61 126 115 86 72 57 199 28
    250 94 124 87 107 131 4 47 164 168 42 233 4 6 214 40 59 215 198 153
    154 171 30 46 242 245 147 169 21 83 43 251 24 177 110 255 65 92 71
    145 41 56 40 233 189 38 66 192 227 75 44 154 14 112 96 118 156 224
    12 164 45 214 139 60 252 220 113 93 42 139 162 107 228 30 30 90 93
    126 155 13 214 100 55 50 78 179 4 144 202 67 106 82 119 250 187 58
    91 39 104 56 45 96 163 139 86 6 89 28 194 89 128 239 151 202 244 31
    24 243 80 245 205 212 16 21 85 192 73 57 196 231 154 131 74 123 119
    44 115 21 45 120 137 17 122 251 183 24 205 132 119 65 119 209 113 37
    10 50 56 142 206 90 81 110 95 221 230 55 97 131 251 99 175 34 182
    174 175 112 140 180 217 199 140 73 13 123 68 102 54 109 200 161 187
    207 133 103 4 167 118 174 96 85 152 17 62 154 197 68 109 238 175 48
    234 235 150 119 63 50 237 246 104 36 43 57 164 144 206 143 105 5 205
    47 177 136 100 191 26 61 179 164 56 57 160 178 53 79 225 228 9 9 177
    149 20 198 146 30 4 10 106 164 254 177 165 226 83 157 63 107 34 225
    136 197 226 31 199 101 8 40 71 131 148 194 236 161 220 69 56 164 0
    67 96 27 15 203 234 103 198 195 239 118 110 103 146 192 248 76 31
    155 106 108 194 21 108 245 7 254 130 22 230 26 17 195 5 120 128 192
    237 125 210 81 158 176 234 232 158 44 178 177 34 223 245 196 37 120
    147 76 80 245 82 45 111 87 13 3 239 237 153 127 128 102 205 155 190
    55 230 57 139 54 100 169 124 62 92 171 224 106 139 130 71 151 18 247
    31 192 74 88 236 173 111 154 228 85 81 251 159 244 66 222 169 16 13
    194 11 231 18 75 220 251 247 125 29 209 6 54 226 206 108 199 252 117
    67 236 48 217 169 59 46 230 139 219 20 24 168 28 34 144 178 65 28
    183 222 34 21 59 28 237 129 209 238 49 244 32 6 187 148 93 115 89
    145 34 122 56 81 85 144 192 142 245 84 4 55 2 245 190 157 187 41 13
    115 173 254 163 155 239 22 9 52 160 186 247 79 214 218 174 12 14 24
    171 149 123 226 186 138 29 56 74 38 51 205 67 160 110 30 175 135 197
    23 23 174 195 90 38 240 173 110 103 29 8 216 74 227 92 3 243 216 57
    126 215 67 56 28 163 22 191 80 218 105 178 162 181 140 218 228 118
    157 67 11 62 43 127 132 246 244 222 25 14 180 118 84 187 215 204 44
    159 166 90 136 241 135 140 150 227 22 152 170 99 24 165 150 119 208
    171 72 47 102 178 111 47 155 133 78 241 183 28 225 1 66 181 238 99
    134 37 124 196 59 71 62 28 57 132 8 158 124 136 225 84 43 170 90 216
    61 199 61 94 63 198 70 132 35 74 82 182 2 191 196 152 175 24 216 175
    101 16 50 159 17 149 171 31 117 80 232 88 117 115 177 147 20 211 150
    124 112 116 169 18 45 210 6 227 122 100 183 228 225 236 49 161 190
    142 183 187 140 84 113 30 140 190 155 40 11 233 190 114 15 74 170
    120 184 12 65 194 133 127 192 148 173 135 239 54 55 132 165 82 201
    20 103 67 164 89 172 164 252 120 30 70 206 234 173 11 225 183 73 83
    147 145 175 6 61 146 24 180 51 10 2 165 97 132 55 62 190 26 255 125
    196 196 157 181 22 208 171 225 144 113 182 119 204 113 81 136 50 184
    122 231 249 46 133 200 235 83 29 254 9 212 224 85 45 24 106 41 185
    105 216 131 199 180 6 60 117 80 255 180 146 191 22 45 128 24 107 211
    160 168 225 223 33 143 106 79 203 100 188 89 137 85 78 31 19 12 223
    159 254 116 106 255 91 117 240 154 231 37 218 11 213 30 70 133 79
    215 146 76 197 227 173 204 9 75 156 109 251 139 209 174 93 21 97 226
    112 21 119 102 139 64 7 176 37 2 208 155 219 0 194 144 26 208 229
    162 151 247 57 47 19 8 35 23 34 131 246 5 185 239 36 220 59 49 117
    30 203 7 157 157 63 225 163 146 161 79 218 41 143 112 36 46 165 140
    186 72 78 7 7 157 87 45 210 124 244 26 109 48 120 237 197 144 98 94
    14 18 152 44 145 249 228 233 212 46 98 189 226 139 237 38 160 222
    163 118 72 85 158 240 180 76 238 208 179 145 153 122 198 127 255 58
    27 176 1 213 137 113 6 177 198 202 109 223 203 144 24 146 211 215
    146 87 20 0 204 71 225 172 215 107 216 42 70 103 182 215 10 95 214
    90 199 177 196 87 190 16 126 94 1 105 68 245 214 2 40 52 206 222 41
    115 210 10 18 72 231 181 62 84 212 194 135 92 134 52 131 193 46 77
    36 99 213 210 60 51 97 82 119 32 211 86 19 217 248 158 189 218 137
    153 106 17 165 213 94 60 40 188 209 132 57 163 87 148 128 124 94 147
    20 254 47 127 168 174 245 252 183 198 209 26 172 43 96 80 58 21 251
    205 85 83 59 220 92 93 52 45 32 58 90 243 17 145 182 223 82 231 101
    110 55 0 142 238 7 85 56 252 183 168 34 63 246 97 55 160 2 43 207 85
    151 198 148 152 190 23 251 248 114 79 181 79 146 21 77 41 32 175 147
    120 24 30 107 19 149 97 167 75 217 2 198 29 120 233 153 241 177 184
    179 198 110 150 73 25 82 184 205 199 211 117 4 65 186 246 106 108
    169 252 105 192 226 176 146 207 29 160 86 8 229 248 185 27 154 67
    245 32 160 56 130 16 217 216 81 16 196 160 119 239 46 104 231 29 159
    10 221 195 167 123 222 227 251 10 138 228 128 114 96 8 7 74 42 171
    44 27 32 18 15 109 146 21 211 166 41 232 69 78 252 183 95 147 60 190
    206 120 38 218 81 43 100 105 15 77 36 207 249 241 27 6 115 51 208
    152 37 17 65 147 164 130 118 142 255 4 78 250 204 227 225 191 216 88
    216 123 241 87 9 88 163 226 198 161 235 188 229 62 68 252 189 15 139
    72 180 71 168 136 145 22 242 181 104 208 98 68 228 238 123 156 147
    41 166 246 52 71 125 31 159 238 103 130 52 248 0 41 57 199 70 237
    198 234 152 10 242 14 149 9 160 238 110 44 30 248 71 101 212 194 59
    20 138 100 16 155 170 50 26 231 15 255 209 230 133 93 162 102 67 172
    17 136 225 87 82 214 168 65 133 83 224 94 197 131 118 26 132 35 18
    127 54 204 150 177 35 229 95 77 3 139 46 19 161 165 88 40 213 145
    188 168 50 239 77 230 233 34 122 19 26 254 240 44 110 31 247 190 38
    91 117 126 160 240 93 74 91 70 186 237 140 91 254 18 112 8 82 41 2
    193 114 252 108 3 175 212 25 147 138 105 165 158 177 239 225 97 61
    86 235 64 14 18 121 59 31 45 28 101 129 195 217 52 205 218 231 189
    112 222 94 184 221 161 113 217 203 87 53 16 211 218 217 88 177 213
    198 9 227 215 31 171 152 66 19 18 30 154 218 112 107 193 12 1 240
    165 16 168 75 233 230 87 204 219 171 111 206 239 39 223 120 43 72 41
    41 12 143 80 114 119 105 85 154 70 124 66 186 161 225 138 247 25 154
    235 147 128 133 254 247 125 148 130 135 202 28 197 93 77 75 243 44
    175 227 128 82 12 100 189 204 172 214 11 204 116 17 89 199 89 136
    164 172 109 99 94 230 160 44 96 55 236 24 200 53 139 30 59 115 159
    27 123 189 237 94 92 70 158 137 98 36 22 98 46 185 128 206 112 194
    19 90 86 189 198 74 111 25 127 6 152 246 160 122 94 38 91 255 156 37
    114 49 124 83 4 108 128 9 235 191 186 206 25 35 143 55 213 35 201 41
    11 49 2 202 206 94 71 159 63 130 9 123 125 7 179 43 0 79 246 87 56
    87 140 75 93 116 74 69 228 43 14 132 195 43 212 147 182 139 65 0 233
    251 186 156 173 129 79 37 114 234 207 77 20 129 118 36 211 103 193
    38 239 52 206 102 129 115 236 118 214 157 87 222 115 110 114 44 250
    183 23 107 31 186 178 252 180 192 111 58 21 217 58 65 157 84 21 75
    38 46 114 88 192 192 119 16 134 74 60 185 205 209 30 196 179 190 105
    129 178 22 28 7 201 52 44 167 128 195 127 92 176 90 52 196 126 71 32
    20 145 209 45 171 167 131 8 134 10 127 86 91 225 67 241 121 123 18
    158 21 29 53 215 35 77 198 11 223 73 225 217 203 36 170 227 57 35 29
    58 210 157 142 73 251 253 162 133 63 92 175 48 81 244 157 244 132
    205 203 106 88 169 33 93 1 134 5 252 103 74 152 71 179 125 117 188
    63 100 173 104 14 195 203 142 212 236 87 86 161 252 169 146 194 175
    175 238 226 224 203 2 172 122 1 35 213 129 137 195 16 139 241 61 227
    62 196 74 254 146 234 109 16 152 4 135 70 150 130 99 105 210 94 177
    80 248 104 121 234 105 208 157 127 97 107 249 232 229 47 228 110 123
    189 181 22 67 123 45 96 176 104 244 171 175 6 156 220 236 72 126 200
    112 227 35 19 170 45 87 219 53 8 118 71 158 148 134 161 209 241 232
    66 191 163 174 73 239 125 8 255 114 197 76 12 53 44 184 41 0 164 66
    31 74 39 123 130 66 115 135 50 109 163 162 38 204 67 96 104 66 169
    165 194 83 60 98 167 72 34 88 132 47 203 187 18 240 66 208 99 172
    253 63 123 110 228 183 253 120 248 27 69 100 20 191 223 59 173 249
    201 164 23 60 20 207 58 181 124 155 146 98 9 223 28 159 49 160 46 92
    164 146 31 32 187 36 177 198 143 74 75 149 161 4 164 148 206 88 151
    232 102 212 22 152 62 243 173 187 164 64 154 25 119 238 96 37 35 27
    30 2 178 192 135 115 120 13 174 224 118 12 146 22 106 93 112 151 227
    182 124 33 154 71 80 6 214 117 50 58 236 177 83 31 78 130 150 56 32
    23 216 41 106 24 34 27 233 164 111 25 164 75 201 146 122 212 35 42
    94 212 238 136 161 202 115 49 197 114 74 16 159 21 186 179 4 125 142
    101 109 51 46 100 185 87 255 105 44 136 146 18 140 241 255 237 161
    32 223 105 89 105 191 82 245 230 200 204 190 175 178 47 212 171 72
    13 246 155 182 118 23 234 221 255 217 85 249 38 218 154 117 66 31
    140 235 132 224 216 118 12 226 49 136 82 255 144 80 39 187 166 1 184
    206 156 175 41 41 243 160 99 218 204 213 217 58 229 212 42 155 112
    121 109 21 48 248 68 37 192 157 67 201 82 116 9 249 134 151 179 53
    152 143 21 152 179 170 218 17 62 111 21 64 130 147 109 76 233 170
    117 215 136 219 36 253 49 130 189 187 151 107 73 22 75 171 176 187
    217 86 54 140 129 238 29 203 202 143 29 180 227 5 112 79 31 64 45
    118 55 175 57 58 31 54 37 110 172 102 121 67 235 216 149 228 159 170
    0 44 169 234 204 220 20 16 3 129 245 139 95 100 208 31 65 37 14 24
    94 89 206 170 140 128 20 158 231 90 153 2 194 226 72 40 99 22 205
    130 15 190 24 253 88 74 255 64 144 146 207 196 158 209 64 198 96 27
    84 52 120 19 191 14 39 154 68 181 28 220 48 98 112 196 178 181 158
    161 186 113 194 149 222 35 19 213 162 179 121 46 56 247 181 212 35
    184 143 241 238 172 180 10 129 213 191 82 44 232 47 248 197 105 186
    75 107 45 86 220 209 125 178 13 157 199 185 211 62 209 94 98 109 140
    49 222 90 217 116 93 181 79 59 91 139 114 79 208 137 70 19 13 117 71
    191 212 180 242 147 66 162 17 61 185 157 37 162 97 232 53 37 146 45
    20 18 124 173 108 77 243 192 97 240 64 246 80 96 121 150 62 149 120
    243 207 165 153 128 136 160 41 179 129 141 225 214 28 26 4 23 209
    142 133 217 95 19 51 217 21 189 204 219 47 196 232 117 110 154 171
    67 64 66 213 4 132 85 82 56 176 45 117 250 196 141 44 14 166 221 171
    126 69 134 6 211 183 201 254 33 120 56 161 148 244 218 161 109 105
    229 43 178 117 130 149 134 139 251 219 50 172 189 149 32 55 160 216
    172 89 168 141 91 221 165 38 169 0 216 209 207 161 194 193 16 149
    155 251 60 137 141 233 96 149 90 181 226 230 104 194 253 18 221 154
    148 87 195 11 127 42 24 132 109 236 9 10 122 129 188 129 33 86 49 14
    77 221 41 74 20 187 237 49 41 246 120 148 167 34 109 16 51 225 188
    183 198 79 242 27 240 22 6 130 162 66 190 108 90 88 39 167 245 126
    77 22 131 53 130 15 207 88 165 30 248 127 200 149 68 172 17 63 234
    88 74 34 198 179 8 230 110 27 215 136 150 255 37 183 79 66 239 147
    228 76 8 217 65 150 159 11 9 201 203 239 174 207 48 105 120 49 147
    144 150 171 106 100 240 25 162 66 179 6 205 141 202 4 68 34 178 8
    186 11 151 141 169 27 164 12 233 209 255 4 45 106 196 140 255 156
    167 50 157 224 132 255 17 104 207 237 207 161 79 139 242 45 60 125
    179 4 196 111 195 182 247 52 166 29 185 43 253 112 233 154 19 105
    121 100 148 244 69 186 82 72 43 70 107 109 120 107 10 245 100 158
    154 182 97 160 133 181 237 198 47 229 188 209 36 170 122 237 14 126
    213 64 111 248 209 147 19 129 118 227 69 102 144 113 230 204 190 38
    136 244 106 247 192 147 200 25 110 229 37 223 196 49 71 126 146 180
    166 110 74 192 185 36 167 5 33 178 185 215 47 10 190 16 142 225 30 0
    169 248 156 20 193 3 0 108 8 244 239 49 188 97 113 245 30 87 234 204
    181 157 60 15 106 233 155 247 187 154 55 39 150 181 35 53 157 173
    143 8 100 63 235 234 195 116 157 168 205 8 25 2 27 232 86 41 142 71
    213 129 199 34 9 225 206 19 174 39 12 2 96 40 217 46 249 251 180 192
    103 27 56 236 54 242 1 46 218 47 25 93 112 115 192 131 242 69 0 213
    157 96 96 147 93 126 80 180 246 193 207 235 151 85 132 72 40 100 25
    63 26 137 227 244 179 161 126 185 139 153 0 88 1 91 124 208 250 79
    162 238 47 229 246 191 148 116 63 208 212 127 34 119 102 3 229 157
    102 127 227 212 184 95 94 14 244 254 108 171 11 77 213 4 143 76 17
    241 149 31 41 127 129 77 65 230 243 60 148 197 185 160 113 82 49 89
    183 174 121 236 168 117 216 232 63 255 156 103 203 174 35 125 236 19
    108 192 190 152 90 80 195 201 245 141 248 243 136 117 141 177 99 97
    7 61 59 23 125 200 19 252 145 79 152 4 71 195 216 21 30 198 233 136
    36 189 80 167 212 173 236 178 28 107 227 77 245 152 179 38 111 81
    253 62 175 172 59 36 111 107 66 194 83 231 151 97 209 147 49 160 102
    235 43 165 91 85 49 201 78 248 127 185 182 120 81 42 234 255 136 225
    128 228 240 157 226 252 250 105 147 191 95 248 125 183 197 174 31
    195 75 122 61 108 134 201 93 126 182 12 137 5 78 6 153 34 59 140 250
    169 116 26 22 84 204 178 120 92 145 27 154 59 90 249 8 135 52 152
    185 133 10 47 218 86 63 156 217 137 83 86 166 89 125 105 251 255 32
    204 79 158 88 73 41 63 18 102 38 85 90 149 166 248 201 235 251 101
    186 226 155 23 35 22 112 147 129 66 114 140 27 147 230 144 239 166
    187 183 165 49 55 232 108 7 33 44 188 5 236 211 188 217 126 65 248
    83 237 31 45 74 73 48 220 29 149 50 43 51 86 76 223 155 201 193 6
    188 14 55 210 244 174 170 71 174 148 56 8 4 49 6 160 75 79 39 157
    216 184 213 29 186 190 97 38 121 207 71 137 101 23 9 142 183 135 97
    47 0 12 16 201 206 174 54 49 104 210 103 105 231 152 189 251 46 251
    152 246 248 154 140 31 18 56 149 237 163 44 137 87 82 41 31 66 18
    227 66 146 251 99 249 37 211 251 1 62 42 111 54 182 18 220 148 114
    72 104 11 84 248 126 154 138 8 186 170 249 244 88 252 212 90 11 105
    30 49 114 45 153 135 179 123 62 87 44 5 210 238 174 89 162 198 226
    97 110 20 130 174 102 67 249 20 77 77 32 70 194 118 113 237 138 81
    26 149 56 67 198 167 87 178 27 149 55 56 39 87 107 55 102 64 2 30 69
    171 213 233 62 252 168 222 98 184 40 18 235 239 237 156 217 49 132
    233 41 57 5 83 196 248 215 238 111 33 97 66 225 151 166 209 195 121
    251 53 219 118 51 6 73 81 55 193 14 204 146 175 167 208 116 35 65
    106 155 90 35 59 138 228 153 214 190 47 179 12 183 143 82 106 105 29
    39 199 198 15 216 67 230 99 99 167 175 244 231 160 212 246 17 94 167
    44 92 89 116 5 48 67 11 126 47 64 134 85 117 205 219 15 224 128 196
    217 3 133 4 70 146 163 134 242 194 144 87 127 255 40 83 81 3 147 87
    240 194 153 223 165 135 96 0 163 109 169 106 173 236 126 147 237 176
    125 22 214 10 175 45 100 131 128 189 111 236 33 251 236 77 63 96 197
    90 54 254 255 226 9 127 158 20 112 164 168 240 108 98 188 169 31 146
    94 61 150 56 109 154 110 7 147 189 188 223 111 61 17 209 253 144 181
    84 134 248 40 23 38 101 212 10 73 18 57 90 76 98 196 218 161 219 224
    165 122 65 123 72 11 164 3 109 60 3 147 247 84 217 120 219 95 177
    131 26 230 20 241 121 123 231 207 12 142 89 40 124 234 253 147 26
    220 61 245 233 70 113 106 109 134 0 16 3 127 12 232 169 151 220 30
    126 215 224 110 18 124 13 126 176 19 117 135 39 27 188 99 208 25 205
    157 78 94 229 181 147 156 165 44 235 51 149 106 228 101 8 119 39 21
    50 64 89 132 41 80 33 0 245 55 187 213 121 60 95 221 177 113 36 99
    148 246 157 64 63 184 22 11 53 150 77 214 112 30 234 185 227 185 74
    154 229 225 243 71 27 250 219 36 191 73 187 124 37 249 148 158 59 92
    58 111 173 0 63 94 128 1 40 58 159 237 8 120 2 237 195 222 232 102
    51 48 16 179 234 173 157 233 23 78 164 68 144 138 209 154 68 68 197
    240 89 74 248 243 77 10 213 249 133 30 214 50 66 222 41 23 130 56 32
    236 167 198 144 157 139 5 141 180 118 60 167 52 137 80 9 155 115 44
    72 101 200 158 166 204 209 138 88 163 41 85 7 7 17 103 181 103 176
    113 241 15 124 234 70 221 144 245 108 245 214 196 59 126 3 197 28
    186 89 3 118 67 106 128 72 5 135 9 255 201 143 31 254 169 185 157 51
    250 26 250 97 105 79 199 145 176 65 88 103 64 206 134 98 214 228 253
    32 117 175 158 121 128 58 214 195 19 160 109 90 230 159 196 119 5
    200 206 56 210 225 204 180 214 106 25 133 125 45 76 81 33 178 101
    109 142 165 208 182 117 252 51 140 6 128 187 190 214 101 68 207 80
    154 172 164 204 139 24 113 165 85 233 143 171 239 130 52 191 42 111
    222 45 97 204 109 148 247 85 173 178 21 255 187 2 226 62 108 154 67
    167 208 80 234 138 17 128 202 15 92 247 83 112 154 82 228 234 195
    239 175 105 179 31 92 247 114 17 101 229 135 66 158 182 203 131 148
    91 250 46 208 202 107 16 161 134 98 234 164 2 117 107 192 1 61 220
    109 71 131 8 44 147 36 27 132 12 109 20 59 176 231 6 43 102 135 120
    23 199 19 229 210 174 77 84 144 235 117 169 183 4 228 2 238 37 24 96
    25 33 252 255 214 37 252 58 129 222 96 104 145 115 198 124 111 70 88
    236 102 210 255 180 96 179 165 124 142 198 251 198 81 14 112 9 117
    15 206 114 171 189 248 90 199 149 121 131 236 76 220 35 26 156 236
    165 159 114 200 184 218 67 47 154 95 228 235 226 185 159 108 231 77
    125 150 110 1 52 179 210 62 150 152 183 106 158 163 3 69 117 198 200
    213 171 156 78 112 13 175 12 207 19 212 75 23 140 47 110 157 151 57
    188 44 251 93 114 150 57 40 246 142 158 168 22 119 6 141 155 131 59
    68 146 67 30 194 61 166 104 156 99 119 160 81 45 14 121 31 124 158
    112 111 139 53 185 38 202 137 54 100 82 130 173 191 224 114 136 121
    218 168 192 130 102 45 83 208 142 59 179 200 151 102 254 40 89 186
    100 69 84 76 167 229 112 58 4 23 86 135 6 73 235 86 19 21 37 174 3
    160 143 16 8 116 25 34 20 221 228 138 164 120 108 215 161 60 240 115
    50 13 90 35 170 73 90 84 67 156 33 41 213 93 7 73 226 199 224 74 203
    108 131 65 218 12 198 24 153 88 226 39 192 159 199 52 118 163 128
    185 233 120 117 187 224 96 146 237 80 160 22 112 232 211 241 250 76
    171 46 165 217 124 29 59 208 231 3 72 51 178 79 24 98 76 105 77 122
    27 88 146 159 109 40 8 33 92 3 132 151 139 202 32 12 202 17 190 58
    222 148 198 232 103 87 236 206 41 66 27 167 125 161 101 218 85 110
    58 77 68 182 166 239 204 36 159 218 71 43 11 172 42 115 165 76 224
    40 43 168 175 122 241 155 29 235 4 214 189 241 120 206 40 74 66 59
    100 167 84 187 252 25 29 89 79 220 219 246 229 105 164 192 250 206
    28 242 87 189 127 115 170 229 102 180 47 15 172 123 112 30 25 82 70
    206 61 97 42 202 5 150 76 23 10 232 71 14 150 228 152 62 222 33 34
    49 245 201 195 192 201 221 175 121 65 203 7 203 192 147 231 100 222
    215 80 160 213 155 30 24 92 120 86 20 108 231 155 86 188 114 133 255
    177 229 6 71 194 247 111 103 69 248 205 132 72 118 87 44 100 225 168
    234 43 47 94 252 94 45 14 111 46 218 244 0 52 139 243 102 5 252 17
    215 207 51 58 156 220 191 206 180 140 163 232 242 41 150 30 3 68 60
    232 138 220 13 35 244 221 253 145 39 35 202 1 127 137 168 57 116 191
    190 77 131 226 242 130 155 139 182 252 235 28 63 121 29 108 138 223
    150 153 237 107 36 116 92 14 108 91 11 46 10 117 77 94 144 215 101
    77 141 126 57 80 87 75 240 101 46 38 186 8 91 78 53 172 186 190 61
    208 233 168 239 201 160 20 245 164 252 217 190 15 245 59 187 208 205
    223 15 184 235 21 7 202 26 176 18 97 39 210 35 79 71 110 102 207 202
    15 221 238 42 81 146 45 192 181 17 238 196 96 107 12 48 174 181 153
    217 118 80 173 101 159 143 239 238 37 44 160 188 248 68 34 236 216
    120 244 105 10 235 107 144 157 29 81 78 66 45 78 91 135 67 190 43
    174 47 79 8 246 76 197 104 128 232 16 173 164 168 171 233 193 61 27
    139 142 51 9 5 229 194 34 136 26 85 247 149 10 195 251 38 184 56 37
    35 44 235 120 31 108 246 147 159 249 82 44 215 152 98 215 201 120
    217 154 129 75 136 104 122 218 109 237 228 161 43 27 114 180 168 140
    137 33 198 174 23 141 210 243 194 158 237 156 103 145 219 243 2 144
    84 152 80 124 245 243 96 110 17 34 249 167 143 40 32 45 226 210 4 89
    126 246 29 89 215 17 211 32 10 239 120 234 80 206 116 144 42 53 104
    249 35 62 12 92 1 171 249 120 220 183 99 173 127 20 115 42 178 114
    208 228 141 79 119 95 112 57 2 232 188 198 111 235 74 17 120 85 2
    223 228 154 113 246 141 179 179 101 220 157 34 46 27 131 41 140 89
    133 180 31 237 139 112 157 33 217 147 210 114 65 137 102 166 2 237
    108 85 167 144 195 90 251 231 131 224 45 14 166 94 207 84 194 216 77
    170 28 97 217 91 31 52 21 82 81 90 174 156 161 183 68 141 78 34 65
    216 128 13 255 44 237 171 99 136 131 151 86 242 246 231 120 169 115
    21 247 176 134 102 150 202 72 1 27 202 133 193 184 43 70 50 197 99
    151 215 196 129 186 141 248 231 195 73 33 189 211 131 194 50 16 211
    231 196 214 111 214 249 13 118 59 68 71 60 114 64 43 79 105 145 30
    88 206 201 9 17 135 250 145 2 198 177 84 13 90 145 70 216 187 212 10
    191 38 138 111 250 36 227 99 115 147 219 115 219 2 195 130 65 52 247
    209 226 120 169 31 132 150 151 65 56 241 80 56 174 43 213 92 47 90
    166 150 134 49 246 74 210 53 213 180 196 95 131 123 57 220 193 193
    29 127 137 107 36 245 141 123 253 82 124 85 25 50 6 103 10 59 170 74
    78 175 216 90 5 105 219 84 126 113 130 50 124 185 71 187 110 18 7 4
    23 29 21 179 13 225 163 157 42 157 74 48 250 43 229 179 16 163 79
    216 56 28 142 142 112 119 1 138 214 241 11 100 209 203 122 224 22 33
    17 67 95 87 143 140 237 89 205 181 141 212 108 197 126 199 113 99
    254 212 11 202 167 100 197 82 240 0 169 226 123 145 74 65 254 23 61
    52 120 145 124 225 44 53 79 58 136 153 36 121 224 194 208 163 91 176
    29 140 23 225 155 33 66 36 171 204 255 68 138 42 98 199 78 235 39 43
    141 210 24 89 251 27 241 166 90 68 104 36 139 98 138 98 100 160 6
    105 140 101 115 98 28 136 19 124 244 79 194 100 50 32 224 153 53 200
    55 109 242 137 220 8 99 14 109 110 52 176 199 247 134 251 209 14 239
    113 185 110 105 247 125 170 242 85 207 101 23 48 56 100 146 214 45
    37 228 22 226 204 111 173 216 21 106 116 135 162 238 218 148 38 73
    14 168 32 128 139 119 165 212 214 200 37 219 39 141 3 183 42 118 213
    222 15 157 215 182 204 230 239 140 235 13 34 101 84 185 54 188 69
    193 140 225 131 217 187 92 63 92 105 142 72 232 55 100 51 63 212 252
    139 42 119 75 179 161 124 29 187 170 161 213 7 6 244 37 26 116 191
    236 151 98 148 48 20 86 169 184 154 223 238 112 132 14 197 179 63
    252 78 26 145 160 118 92 165 96 236 145 245 101 224 22 210 217 253
    168 12 197 3 230 84 25 45 51 22 20 71 235 75 167 149 32 231 166 38
    221 134 229 127 144 253 252 47 61 157 102 24 217 178 92 155 126 90
    217 38 67 194 168 133 143 229 153 7 5 217 150 87 101 97 107 9 49 175
    166 9 86 38 116 116 212 158 226 63 14 139 95 9 230 51 231 86 213 217
    202 108 29 96 218 249 42 107 85 94 39 216 102 185 219 161 174 88 253
    140 24 176 247 122 189 127 102 181 128 121 40 184 38 117 249 110 101
    20 251 36 194 254 41 211 110 93 195 66 31 40 154 131 161 88 232 233
    1 166 150 68 146 223 38 165 33 30 107 51 85 125 27 113 195 68 82 110
    142 187 121 97 22 65 54 5 57 29 58 226 165 8 167 189 147 117 217 212
    152 54 12 120 179 71 102 231 84 148 47 25 111 168 72 35 124 213 182
    141 139 106 110 9 16 32 37 123 169 189 238 151 112 56 173 30 164 106
    124 38 148 253 52 218 152 50 224 240 12 31 84 163 216 175 211 22 104
    85 207 229 86 71 219 2 7 205 42 166 115 217 115 74 238 146 13 66 68
    113 30 213 227 57 199 24 137 78 178 248 11 47 20 207 154 103 218 17
    172 109 77 160 189 204 19 227 178 201 232 156 4 31 25 22 139 31 30
    174 53 203 2 244 102 186 148 159 238 217 157 91 54 37 195 107 133
    240 36 126 245 142 175 167 119 89 194 113 55 27 21 137 168 198 50
    237 39 30 21 15 60 46 25 219 150 51 65 219 155 170 223 157 230 14
    121 162 97 75 47 61 223 245 107 208 11 207 130 169 209 136 254 154
    130 220 169 68 57 216 51 41 54 11 65 89 70 191 30 222 33 167 242 201
    21 19 160 170 146 240 161 95 152 45 191 165 215 30 62 61 189 151 253
    233 61 92 124 224 79 204 113 138 229 150 149 19 112 249 205 29 242
    209 15 199 80 180 67 28 106 152 24 234 106 136 101 245 104 28 208
    254 35 115 172 26 175 187 248 239 34 172 58 98 50 64 238 187 38 1
    177 21 3 20 243 26 47 201 1 248 119 48 146 133 238 12 60 230 230 60
    113 119 92 129 214 32 171 231 222 165 125 28 57 121 86 118 219 141
    233 56 13 78 161 14 109 108 223 247 57 70 171 106 36 154 61 215 218
    70 80 113 69 11 232 232 237 242 72 225 98 154 248 68 70 97 254 157
    40 200 169 142 133 214 22 214 18 157 236 94 247 58 5 29 196 139 215
    78 75 130 216 208 223 108 193 231 2 242 14 120 207 253 102 215 168
    43 138 176 30 200 128 163 196 251 254 42 120 223 27 189 248 203 187
    146 49 179 160 132 126 53 236 114 95 85 136 144 31 91 41 216 97 104
    163 112 222 44 60 17 149 203 143 121 195 34 186 221 64 43 149 144
    195 168 80 209 41 79 155 90 235 233 190 151 36 232 156 82 180 130
    233 123 126 44 19 255 241 91 31 220 234 133 112 201 22 155 57 220 54
    115 250 30 186 183 46 144 127 102 176 55 57 19 153 49 122 120 113 75
    63 117 36 218 72 140 109 202 194 167 200 94 192 210 192 73 17 86 50
    172 208 254 243 30 130 202 61 109 243 55 188 13 36 17 185 233 61 84
    9 216 243 8 153 193 249 217 187 43 245 254 164 242 225 131 190 137
    65 21 28 102 121 162 226 145 187 160 122 238 233 68 111 0 64 164 151
    160 207 16 157 86 166 95 78 102 238 136 228 251 210 164 168 221 139
    105 69 212 91 34 174 154 1 86 83 204 4 189 193 237 7 65 201 95 11
    205 73 65 3 242 196 145 44 70 85 145 7 164 166 25 119 181 152 36 124
    228 76 133 96 224 93 111 150 98 83 96 105 96 74 1 101 0 112 159 37
    114 162 124 18 191 51 58 122 167 51 55 30 67 63 193 123 238 86 205
    39 4 73 55 99 77 45 250 63 187 171 115 93 130 57 253 10 16 183 190
    204 231 94 214 87 130 125 119 62 193 152 95 206 178 211 224 211 76
    208 147 137 89 202 125 57 222 148 122 109 229 194 189 152 174 7 77
    146 100 61 234 136 231 234 94 120 28 84 42 132 149 222 203 207 217
    11 223 147 170 84 51 244 55 189 249 120 70 218 68 19 77 124 163 93
    220 26 23 35 120 176 59 101 248 94 34 217 126 129 68 199 98 216 81 7
    58 14 58 225 220 21 36 247 203 240 104 247 153 15 213 24 202 178 236
    91 11 167 45 232 113 215 58 214 75 212 145 125 0 88 254 2 33 205 187
    155 74 233 175 43 19 57 81 108 239 206 72 66 133 3 185 156 57 132
    152 161 204 62 24 165 28 27 35 132 196 64 215 40 174 13 211 38 80
    118 245 55 86 161 173 223 7 53 154 28 213 93 40 110 181 129 4 117
    133 113 179 254 145 54 59 192 249 169 89 118 239 228 235 18 218 136
    84 72 171 219 56 116 10 131 100 132 38 216 195 106 98 74 249 105 185
    246 38 49 162 235 57 83 242 196 234 194 44 255 151 159 177 173 117
    44 67 255 21 16 11 228 44 7 90 116 63 122 65 157 148 41 42 5 41 58
    164 181 65 64 1 168 145 183 8 132 55 14 238 206 52 246 93 108 113
    148 87 81 249 90 184 116 141 212 137 196 41 83 119 82 119 74 127 75
    123 241 5 24 122 1 25 27 117 241 221 94 163 156 29 103 153 166 214
    74 230 228 116 138 39 92 66 10 154 52 23 12 151 111 24 158 62 58 254
    105 179 17 5 115 252 112 224 157 188 65 3 84 28 202 232 112 20 174
    156 157 139 1 218 99 154 159 40 215 202 180 8 245 189 206 155 238
    118 69 41 121 139 93 229 0 193 99 213 222 243 243 70 191 217 101 255
    49 68 254 63 186 132 6 12 169 71 105 21 112 114 19 243 252 18 87 194
    135 56 121 251 71 227 69 33 168 8 244 253 207 63 125 76 198 212 197
    158 247 39 233 43 226 10 80 153 233 144 136 185 167 68 98 5 75 128
    102 151 180 139 75 205 28 218 22 144 114 93 53 11 30 141 0 14 43 150
    216 151 240 126 177 90 229 47 85 127 175 213 38 228 117 19 178 135
    102 30 132 41 40 190 154 133 150 42 175 195 215 168 200 174 119 226
    204 255 54 136 91 230 225 5 152 50 100 243 246 13 151 250 112 2 220
    223 5 202 25 224 78 99 113 34 205 131 87 11 113 204 60 114 5 70 62
    204 103 218 132 145 50 67 14 93 134 177 245 172 215 156 118 159 192
    28 235 161 82 195 47 237 142 50 152 218 71 227 113 76 198 230 201
    145 131 215 252 170 196 196 212 243 206 194 114 192 91 196 245 82
    248 175 140 125 124 104 6 46 130 105 235 150 174 255 158 2 84 179 65
    165 29 43 33 97 245 118 91 243 19 147 14 221 163 244 27 203 244 113
    44 177 251 46 207 75 174 211 214 120 160 9 150 189 238 72 35 65 228
    45 255 106 113 70 253 70 16 38 179 237 168 156 126 179 123 126 95 45
    43 155 248 169 67 111 76 203 223 45 83 110 245 105 2 145 41 200 88
    111 241 234 148 53 63 244 244 99 112 111 124 249 240 182 114 43 121
    71 56 134 253 120 191 250 229 81 175 55 72 85 7 236 214 205 251 0 24
    88 251 70 177 230 190 231 145 134 15 99 200 165 14 86 82 99 246 242
    179 22 170 250 214 244 19 123 47 41 51 10 141 151 215 80 241 136 158
    117 143 107 218 96 196 52 96 178 19 111 81 102 139 13 201 231 168
    129 132 46 213 49 109 152 136 51 16 247 109 33 215 236 191 83 188 51
    106 47 106 99 162 24 189 127 218 23 47 126 85 13 149 174 213 65 66
    144 117 144 194 118 118 203 37 82 97 120 92 168 249 42 178 61 60 61
    30 190 176 120 116 140 48 37 229 114 203 159 88 73 204 45 161 141
    244 177 85 9 91 133 141 53 166 186 139 212 55 216 107 73 148 180 120
    222 47 241 42 118 139 157 63 243 92 196 52 250 249 26 133 140 188
    106 137 196 152 156 44 190 48 175 74 54 33 182 228 85 99 171 34 204
    209 207 73 202 179 18 163 212 189 139 208 36 229 44 229 95 226 116
    94 103 209 184 127 161 161 36 34 11 62 105 186 59 158 235 8 109 27
    174 68 251 175 225 99 202 156 61 231 141 155 155 130 5 140 43 7 182
    124 187 234 62 55 75 180 47 226 46 173 157 132 179 197 201 49 223
    135 252 136 38 87 145 170 64 168 145 165 174 90 232 216 176 238 132
    213 209 47 38 207 182 86 120 231 248 13 230 3 219 87 225 174 54 244
    115 196 84 6 216 150 102 180 15 28 163 29 193 242 217 90 84 120 160
    167 59 209 146 239 54 243 183 106 158 238 216 96 87 12 31 221 105 66
    79 84 62 7 11 216 225 234 62 222 25 93 41 154 251 72 73 253 208 40
    89 239 217 189 17 85 142 248 156 7 190 223 176 13 201 42 147 22 109
    35 9 24 168 177 197 222 109 182 19 183 50 244 42 27 92 77 243 229 61
    240 103 86 41 156 246 167 87 10 231 103 89 138 79 222 140 94 68 26
    19 239 67 51 83 108 65 157 101 213 149 179 210 181 185 233 71 238
    100 207 9 139 53 112 66 10 48 207 219 147 229 142 120 78 244 176 180
    65 253 125 161 169 49 19 2 109 85 37 14 229 152 84 157 92 51 129 98
    101 126 29 44 155 140 104 115 211 237 97 162 1 1 42 161 68 185 190
    223 80 33 29 147 25 103 173 142 85 87 116 199 17 152 151 40 16 155
    83 219 243 38 136 182 34 203 221 154 47 45 151 112 30 38 31 25 181
    107 133 229 97 153 196 129 194 149 111 174 192 117 218 63 134 35 121
    157 197 166 93 203 215 10 86 164 174 165 171 105 13 206 244 118 34
    134 234 4 53 255 192 72 161 224 10 165 41 4 119 45 189 107 100 43 75
    218 47 79 205 142 210 35 228 209 175 220 235 55 226 70 40 8 76 129
    212 124 180 122 234 135 224 44 245 7 232 46 219 174 243 8 131 234
    132 243 240 26 205 144 122 236 162 6 92 247 64 50 88 183 69 28 127
    146 3 160 171 95 118 210 97 242 222 205 5 196 102 172 131 139 175 86
    0 90 58 42 228 9 37 177 202 138 84 182 30 72 119 84 248 118 189 237
    149 5 89 103 172 63 216 20 5 213 157 32 41 232 252 167 108 230 96 87
    90 93 95 218 99 245 180 230 64 83 22 29 2 110 137 33 122 230 155 147
    33 159 195 22 9 142 112 58 117 44 157 145 121 125 203 249 206 2 116
    25 81 193 138 14 72 144 203 93 220 127 145 178 191 127 57 48 55 5
    208 67 182 29 113 215 150 218 116 10 212 120 237 132 215 126 80 45
    81 16 2 230 97 41 68 112 22 20 148 196 39 31 213 159 121 108 152 218
    48 17 172 0 10 5 40 32 166 235 159 169 167 33 105 101 201 209 180 82
    143 225 254 226 79 194 147 201 35 67 122 57 244 53 211 183 229 35
    230 186 78 22 124 172 195 66 232 123 126 239 35 166 177 195 46 219
    10 11 44 231 69 223 254 75 170 79 115 50 15 148 215 36 168 200 74
    247 76 197 150 217 109 198 177 235 172 214 128 52 225 122 239 56 198
    159 40 62 188 231 79 124 43 128 71 37 238 210 124 198 122 198 42 163
    156 0 237 178 5 49 28 137 85 191 203 215 202 154 211 43 223 249 24
    36 178 215 251 193 32 101 15 160 58 84 177 211 241 67 252 93 140 14
    184 55 187 92 104 234 63 10 253 179 169 231 168 83 111 26 80 255 176
    76 203 77 248 223 125 255 27 221 255 81 216 71 230 175 83 130 115 42
    144 211 232 120 186 92 131 124 74 10 3 33 56 27 13 40 173 214 212
    180 216 230 190 242 189 130 61 13 232 60 222 125 250 246 42 166 39
    201 196 140 164 180 53 131 41 248 209 193 147 16 127 14 206 228 127
    236 251 72 59 159 109 95 165 40 39 189 152 56 100 189 32 195 161 12
    3 251 78 201 215 204 36 34 226 128 198 4 137 137 82 188 231 213 193
    219 109 70 194 173 50 24 192 172 54 130 169 21 168 213 200 104 205
    227 209 43 243 173 90 238 199 242 26 194 208 77 12 111 11 165 252
    122 205 29 22 51 166 164 25 241 143 179 16 220 172 218 20 176 234
    185 27 55 60 142 80 251 151 67 91 78 189 76 145 56 163 230 216 172
    89 207 161 130 39 112 5 148 192 143 219 194 192 200 244 116 45 10
    103 95 185 228 114 29 90 235 250 114 194 151 133 190 206 127 37 211
    165 63 86 124 44 231 86 132 180 98 49 195 144 107 186 227 233 15 153
    178 72 181 77 170 253 108 12 190 130 139 10 202 62 209 165 245 84
    100 147 10 212 220 111 104 215 3 50 25 66 133 159 242 90 107 112 254
    186 155 84 240 93 235 8 149 75 161 78 50 203 216 108 73 255 153 212
    40 44 65 208 4 5 161 194 138 113 41 197 44 251 56 24 48 203 96 42
    152 178 168 174 253 4 40 108 251 180 31 175 84 175 224 52 41 105 18
    36 52 184 192 83 100 18 138 164 46 211 84 138 63 137 219 92 111 38
    76 219 62 24 51 91 60 254 72 46 176 54 95 18 9 95 16 172 222 250 107
    58 85 29 184 125 134 22 27 229 152 48 168 65 15 166 239 174 116 122
    240 39 14 30 239 186 206 112 35 226 83 0 250 145 187 111 155 185 158
    3 219 144 120 199 210 2 34 60 95 130 135 99 20 171 102 162 238 85
    155 230 31 17 90 103 230 60 100 252 184 42 74 208 126 108 114 137 36
    99 106 43 216 172 163 161 117 24 126 143 211 200 235 87 123 32 242
    252 100 5 140 255 208 18 115 74 172 23 196 129 17 90 86 162 14 48 57
    220 218 35 175 184 87 162 232 201 174 97 94 200 109 118 19 177 161
    210 174 240 79 48 158 123 69 100 178 85 64 116 153 82 177 83 205 128
    64 212 10 208 239 215 39 9 27 221 158 57 151 241 59 74 123 255 255 9
    57 142 186 14 163 58 200 249 192 178 228 148 54 13 135 49 41 209 14
    74 204 30 149 0 228 200 192 44 170 159 228 157 2 210 232 186 25 141
    233 141 7 1 23 131 87 35 162 150 197 196 135 15 28 61 243 242 34 150
    21 199 96 206 220 237 134 100 29 57 134 140 168 12 243 236 73 73 0
    165 152 55 23 53 215 21 209 155 130 162 1 205 248 192 255 40 213 201
    113 5 16 43 172 98 66 115 152 141 214 62 116 41 80 245 207 226 164
    101 224 78 250 2 96 155 248 181 233 106 79 127 51 45 63 103 92 242
    243 121 223 207 3 67 182 224 172 189 89 114 109 33 23 83 84 181 138
    113 128 140 201 99 185 121 207 216 138 65 120 65 63 154 63 179 224
    24 32 214 44 152 209 147 142 18 129 182 187 72 129 187 166 98 44 17
    77 184 143 162 36 58 125 241 52 172 223 168 153 241 77 195 45 26 227
    21 140 74 117 116 47 122 22 246 248 104 160 88 202 182 134 130 88
    153 154 51 42 216 145 72 52 59 171 80 104 173 192 150 195 216 103 33
    88 220 14 73 232 130 215 51 113 81 251 155 82 126 100 253 74 187 54
    224 6 7 127 169 226 33 148 34 120 191 222 141 88 243 206 46 160 115
    107 136 7 119 173 131 129 58 209 208 250 209 59 239 183 70 142 33
    215 183 237 235 230 118 212 203 218 75 170 23 216 143 74 104 252 251
    164 165 227 89 10 206 169 35 168 180 240 202 191 90 49 91 56 215 209
    199 134 116 163 131 172 33 49 153 193 197 235 100 132 227 187 85 204
    83 172 65 200 104 122 199 206 163 52 234 217 9 137 34 186 73 173 223
    228 29 139 54 130 152 1 2 96 129 236 94 169 56 215 3 220 47 245 102
    239 100 243 193 222 98 50 118 98 134 233 58 188 57 211 16 202 197
    248 229 79 162 59 157 226 212 139 140 146 106 224 124 184 226 50 220
    247 85 10 204 254 177 246 60 175 182 214 107 144 228 55 247 40 82
    149 109 97 9 46 238 133 170 143 204 193 170 64 66 58 34 108 92 59
    209 250 73 212 160 218 225 81 144 165 154 37 174 57 232 211 202 170
    169 251 229 57 224 246 131 127 139 102 229 252 101 44 122 247 147
    164 8 164 143 232 35 152 155 95 152 54 11 34 154 81 171 182 213 8 41
    201 51 233 146 239 120 100 138 186 112 248 27 176 238 69 159 10 253
    120 156 114 239 125 118 229 99 78 73 190 204 243 13 217 144 139 141
    55 54 102 107 147 163 192 225 247 216 26 98 219 130 167 190 77 26 45
    245 193 73 195 206 248 234 101 165 48 119 97 187 146 231 25 120 165
    82 51 216 158 222 8 238 129 12 249 100 249 231 34 52 50 159 67 57
    112 71 17 51 100 202 100 249 30 246 85 152 134 155 194 196 192 227
    113 155 45 100 147 232 142 34 79 235 215 162 238 189 98 110 99 243
    201 106 222 199 106 125 119 189 166 216 17 235 175 83 15 238 12 112
    250 61 105 207 234 94 66 170 82 130 3 38 91 65 209 254 95 142 180 66
    26 28 151 118 46 149 218 108 22 94 140 129 72 227 214 56 159 199 161
    126 67 136 195 225 205 79 158 90 121 183 107 217 13 195 207 220 222
    212 148 99 47 28 228 186 52 29 241 91 198 129 189 26 239 251 120 109
    9 121 230 177 137 132 46 255 37 122 76 247 2 84 200 26 231 95 157 16
    18 199 13 254 195 78 16 190 36 189 113 251 64 43 193 242 255 225 217
    199 80 174 16 162 255 77 140 239 161 242 141 116 13 249 73 8 149 32
    109 65 128 155 145 38 187 125 196 84 179 213 183 138 241 232 18 212
    87 188 165 234 194 212 94 177 153 253 67 201 11 220 96 116 179 140
    193 146 5 94 224 13 232 113 170 216 186 245 65 54 97 75 123 27 16
    202 115 122 159 83 64 228 211 62 185 221 98 226 203 7 15 25 163 163
    22 57 80 49 148 65 78 238 231 184 168 69 1 95 8 40 163 203 220 105
    243 2 79 177 14 50 175 3 114 208 149 114 124 220 22 41 249 17 202 67
    216 80 247 150 205 58 209 240 151 138 193 244 132 32 215 180 188 105
    206 15 192 3 149 69 216 69 217 83 169 216 32 0 44 16 248 15 190 127
    229 40 80 187 155 232 44 181 221 15 126 141 29 115 34 246 67 222 52
    229 213 232 47 239 82 111 152 97 22 178 32 128 249 76 51 40 221 178
    75 14 97 26 127 24 57 106 230 159 137 99 220 205 209 172 223 22 120
    12 161 43 0 62 211 99 151 61 137 3 7 186 175 115 247 56 222 21 11
    160 173 135 195 50 150 145 224 47 14 175 54 12 95 168 180 114 122 80
    100 219 181 188 75 202 152 222 57 206 166 239 234 58 38 174 175 185
    65 174 177 21 81 28 99 29 24 238 202 254 32 223 103 98 106 196 75
    227 237 167 109 147 29 228 245 241 213 219 235 84 109 19 71 227 30
    109 118 15 105 254 153 45 240 24 60 184 95 66 70 63 239 42 114 180
    103 213 60 137 133 114 59 222 254 209 107 55 120 11 110 113 24 7 2
    69 3 64 185 231 47 182 165 156 21 33 51 114 178 187 220 79 196 249
    192 138 180 41 206 176 41 138 7 204 35 192 67 70 0 221 105 232 253
    169 188 171 241 148 190 121 246 78 227 58 230 252 2 105 51 156 159
    135 89 184 5 68 139 210 238 247 189 92 235 196 9 118 254 144 76 219
    193 148 8 94 175 235 3 102 111 122 140 99 22 196 19 67 141 231 140
    53 72 84 203 105 133 229 46 117 207 145 233 112 79 49 22 152 128 180
    222 157 17 181 123 73 104 123 32 86 88 19 216 82 77 148 24 34 249
    103 152 61 162 155 128 71 99 159 206 255 242 205 104 76 172 34 90
    154 149 81 90 85 78 88 108 68 84 62 88 48 246 209 146 252 104 202 89
    207 78 229 76 87 114 114 242 236 74 170 112 242 23 207 60 136 99 40
    56 0 41 129 73 22 162 91 31 205 41 244 35 182 113 143 211 153 66 59
    43 72 29 224 3 164 25 184 240 108 126 57 204 125 167 36 220 131 37 1
    220 143 36 68 2 83 80 85 205 78 207 4 50 75 192 170 43 75 143 254
    231 32 212 40 151 118 181 120 198 162 179 130 249 155 190 230 47 197
    200 210 28 170 107 206 18 41 72 124 218 249 76 22 37 190 203 200 15
    212 56 91 156 45 162 4 206 191 210 151 239 105 152 54 191 81 246 63
    183 57 46 28 180 123 47 180 56 51 81 83 107 69 125 49 4 98 221 110
    97 252 134 32 29 73 64 248 109 228 118 196 242 209 137 102 2 156 164
    38 13 197 175 226 25 194 189 15 211 167 114 215 16 225 145 133 197
    101 152 85 77 141 80 172 55 32 190 146 133 58 132 30 247 60 211 32
    176 141 52 95 158 92 253 136 50 52 235 139 6 189 132 57 208 51 113
    112 41 75 108 163 39 76 108 231 53 110 192 15 7 4 152 95 125 46 126
    90 45 23 94 58 219 243 118 78 190 209 113 116 73 85 103 138 25 168
    230 131 146 155 97 118 87 165 207 151 237 248 65 166 67 31 97 111 82
    53 152 35 123 117 192 59 176 107 188 246 41 130 66 187 191 144 73
    184 94 80 113 2 76 99 88 116 168 165 236 203 132 223 120 112 196 133
    100 202 114 247 244 255 19 63 148 212 195 127 16 136 114 166 46 217
    236 66 48 112 247 216 114 246 194 134 247 35 95 145 130 41 23 29 147
    14 235 203 232 14 52 248 234 128 162 4 107 106 121 96 218 27 185 149
    207 230 51 215 139 118 106 96 14 243 228 148 227 234 224 24 70 159
    222 57 66 87 164 116 12 237 133 189 145 252 246 152 149 155 201 212
    116 215 10 125 48 69 162 71 164 186 41 141 20 166 161 186 120 153 89
    149 143 53 92 53 23 44 85 5 31 40 200 122 242 98 34 32 20 193 57 206
    135 139 1 103 80 171 56 133 134 161 9 43 174 3 1 121 75 107 4 192
    142 35 118 186 220 32 131 2 64 250 200 185 147 45 208 146 129 83 23
    145 56 44 81 195 244 231 191 179 232 106 165 110 137 79 52 8 111 187
    207 66 111 244 222 161 225 65 87 123 19 167 57 91 193 241 36 217 223
    132 228 147 2 252 193 179 64 157 240 141 234 82 70 249 154 248 9 144
    21 29 39 203 213 148 158 27 183 96 43 37 11 3 234 105 45 153 17 46
    69 79 180 75 61 60 90 54 214 92 62 57 243 65 181 183 235 34 229 31
    191 82 110 205 4 248 61 52 241 249 134 177 36 238 229 78 111 240 21
    39 37 153 169 2 227 56 219 94 254 246 1 102 173 187 21 243 250 100
    235 16 248 221 125 166 252 205 49 30 67 168 17 227 26 53 135 32 54
    117 104 172 105 127 61 105 14 119 179 158 211 178 140 220 35 188 120
    10 142 203 244 35 146 107 97 196 12 182 51 100 160 192 206 20 26 78
    28 141 141 140 226 241 185 96 189 198 183 174 227 239 87 67 55 115
    126 61 60 162 85 49 222 67 123 83 255 172 136 225 86 116 242 149 214
    12 84 106 189 67 81 178 163 124 253 142 222 182 167 26 77 197 233 47
    122 142 58 134 247 18 223 81 3 57 255 235 15 195 37 42 237 25 115
    173 210 174 183 107 191 125 168 91 178 99 171 31 178 166 239 213 246
    56 87 157 214 125 110 4 225 32 56 199 153 110 147 144 182 48 94 218
    119 232 128 205 127 106 249 49 100 9 118 108 202 8 80 66 255 169 105
    205 211 52 237 0 102 226 207 243 228 79 172 114 182 12 42 147 70 51
    140 226 84 63 61 14 26 223 61 15 243 160 230 170 190 248 212 239 54
    238 254 166 70 227 239 243 216 66 109 172 4 239 210 156 130 108 220
    11 53 175 163 240 5 208 177 52 78 54 249 196 182 150 7 50 64 119 96
    9 186 37 38 53 40 45 242 85 15 89 78 19 46 43 137 211 210 39 25 146
    160 6 49 121 138 173 134 224 194 165 218 180 179 143 28 51 89 110 29
    127 125 13 74 234 51 218 34 175 236 254 124 79 239 89 96 119 206 181
    112 227 16 170 42 58 122 85 236 251 132 64 183 173 149 228 226 91
    160 22 98 150 19 80 15 185 250 187 17 213 179 173 93 84 228 241 127
    123 223 66 118 6 79 96 30 241 120 122 35 108 190 81 24 63 162 208 46
    117 233 250 143 51 18 70 161 154 39 242 211 72 234 15 120 196 15 120
    13 252 142 114 42 224 174 216 82 225 241 96 58 147 226 8 148 129 17
    193 154 253 212 155 139 57 131 200 207 235 178 252 178 8 144 98 48
    19 215 21 225 63 54 159 193 68 95 248 93 76 50 9 198 188 59 163 166
    242 250 199 53 246 199 0 67 188 253 12 165 43 246 222 74 137 178 138
    2 170 124 199 172 182 154 77 69 208 117 50 194 233 96 236 218 199
    219 93 68 134 189 236 169 177 19 208 230 131 162 20 113 178 187 182
    43 55 40 47 110 220 175 81 226 200 233 47 64 214 165 246 44 118 139
    172 129 91 39 80 152 73 253 125 71 161 124 137 36 83 226 131 129 242
    44 136 77 68 44 217 173 180 36 133 214 157 121 70 239 114 144 113
    111 46 63 97 41 203 221 158 193 19 159 15 101 155 103 143 70 26 37
    208 63 249 229 76 146 148 183 24 130 23 32 64 191 39 78 187 240 97
    156 152 147 186 173 191 37 107 26 146 25 65 114 220 204 250 119 150
    111 244 165 116 9 246 60 253 29 190 219 44 116 102 207 145 35 216
    196 168 17 0 72 93 200 14 174 156 175 196 48 44 155 197 247 28 177
    216 23 231 134 29 97 39 109 75 72 12 255 237 0 190 146 252 188 109
    255 69 60 175 154 153 151 211 115 85 38 139 118 16 7 127 168 221 157
    149 100 236 104 172 94 226 53 237 50 135 247 134 71 141 72 154 224
    47 210 36 40 251 117 22 234 3 73 51 44 128 187 249 81 116 115 160 22
    88 152 244 7 134 5 17 186 22 245 125 13 98 164 139 145 121 174 57 33
    165 236 163 79 132 40 190 181 142 38 207 200 231 162 47 177 10 24
    111 249 121 211 234 250 218 111 156 209 62 74 85 89 95 83 144 153 47
    189 226 178 135 103 127 87 141 50 180 159 1 151 34 74 36 101 220 1
    227 188 120 89 206 33 110 149 91 26 213 165 55 233 208 24 72 226 177
    15 193 53 61 239 152 242 228 69 161 202 40 32 176 70 90 33 167 77 92
    59 31 84 19 8 30 100 122 191 139 60 182 138 157 24 107 44 76 144 217
    211 90 198 19 183 205 197 15 154 219 125 23 21 169 8 225 158 119 172
    46 41 226 24 223 251 82 200 227 84 167 6 202 23 124 134 225 203 53
    207 102 125 186 140 229 195 208 18 196 183 187 13 22 224 224 76 100
    131 44 122 18 176 181 124 53 54 23 93 153 128 216 196 55 186 28 162
    41 5 142 75 201 6 214 121 8 73 183 51 177 115 132 21 199 84 159 50
    197 232 216 81 158 41 15 102 182 31 240 118 164 148 102 2 60 76 47
    171 131 38 108 223 213 94 91 149 174 42 81 178 239 115 84 252 164
    188 221 64 31 21 169 137 159 174 77 61 138 49 47 246 99 188 104 250
    182 81 9 124 67 10 148 209 14 13 133 86 0 59 236 102 221 158 241 56
    190 0 17 62 208 172 237 117 10 7 125 200 234 150 108 12 75 38 155 16
    169 197 95 198 77 125 223 53 206 145 128 182 70 52 88 127 58 218 220
    115 225 238 199 78 95 251 233 150 206 191 31 146 135 49 116 82 110
    20 157 173 197 80 16 110 79 127 181 252 237 148 126 86 5 222 234 135
    21 166 35 242 72 202 150 249 39 60 164 130 39 194 246 92 55 145 113
    53 194 192 70 96 225 205 223 178 46 111 23 137 133 59 176 4 181 103
    146 88 234 238 233 245 230 149 1 228 35 80 25 39 47 168 177 206 211
    242 117 216 218 93 223 3 134 212 146 162 159 119 167 66 31 168 148
    115 24 75 22 169 26 216 229 100 170 245 233 213 150 251 209 91 46
    115 216 211 184 113 91 60 254 188 66 194 241 35 187 50 20 91 229 102
    72 37 76 178 75 247 227 185 195 147 228 155 51 13 82 117 179 69 8
    143 92 123 24 202 124 211 0 99 143 248 78 31 248 82 103 214 6 103
    131 30 252 134 92 252 202 147 107 25 15 3 201 155 17 110 96 51 93 45
    149 113 222 223 19 148 69 60 32 14 191 244 35 65 63 38 193 195 155
    209 1 8 95 182 25 127 80 155 172 217 75 98 190 116 20 244 252 218 5
    156 102 66 158 76 238 87 66 240 53 194 118 136 135 215 196 77 111
    118 151 127 168 127 114 135 238 70 233 55 139 68 117 237 46 67 131
    92 236 207 177 94 101 116 36 155 195 78 30 1 94 55 19 164 221 38 97
    136 121 57 81 45 12 236 108 15 171 196 111 156 31 38 118 114 194 124
    175 42 222 177 214 154 59 95 50 18 90 220 118 94 53 183 166 35 85 48
    2 167 159 23 68 190 46 226 223 61 12 179 9 241 157 215 146 22 57 55
    126 188 249 10 52 17 53 170 86 110 42 210 238 30 139 186 239 99 196
    14 181 74 7 91 237 210 9 41 164 126 140 63 9 12 158 2 50 202 170 36
    133 253 180 175 73 222 101 58 247 192 74 195 166 51 245 134 94 252
    199 91 67 42 105 154 210 5 241 90 195 140 20 55 193 234 105 253 68
    90 212 206 45 45 173 63 123 24 224 243 210 13 61 156 106 58 230 121
    0 27 45 115 104 69 105 12 225 36 60 118 188 129 4 248 156 79 68 238
    213 54 90 97 111 175 50 110 82 71 139 250 66 226 15 14 224 82 81 66
    74 187 252 124 216 34 210 165 108 172 10 10 215 32 121 52 242 64 20
    75 96 117 88 98 178 235 70 56 122 22 23 112 82 178 48 61 6 204 188
    247 163 157 22 241 81 110 49 205 182 60 80 169 135 114 97 172 86 85
    129 6 251 172 96 60 210 185 191 126 237 18 148 125 125 130 86 230 61
    250 96 34 50 52 239 100 138 213 43 220 222 109 33 44 129 31 238 149
    198 109 6 213 219 169 209 51 229 76 88 222 35 129 202 203 155 44 19
    205 213 81 195 84 151 235 142 26 9 205 11 227 6 133 184 181 154 42
    76 221 152 247 144 117 145 8 106 172 174 244 36 195 228 65 20 88 136
    221 157 26 53 174 183 176 211 210 101 64 147 135 204 217 243 186 10
    158 108 87 184 143 28 181 215 163 192 17 185 14 108 122 57 34 168
    122 113 95 139 234 101 173 26 123 113 236 100 135 149 66 144 112 23
    132 88 109 115 173 90 183 138 18 244 187 171 85 119 172 107 117 34
    86 67 70 84 229 43 93 122 18 53 177 198 126 151 136 64 208 130 154
    112 119 217 99 22 246 19 122 182 131 47 189 165 23 246 243 236 154
    209 19 18 32 192 129 9 45 142 197 229 124 1 254 253 21 73 211 130 8
    239 251 27 185 129 28 151 157 153 241 44 71 191 3 168 110 27 44 9
    133 215 83 93 44 218 62 252 61 222 39 212 202 157 30 114 19 111 168
    158 73 154 223 129 73 182 55 213 150 31 147 241 165 1 163 57 182 54
    222 115 30 180 132 116 175 152 148 178 15 12 232 252 39 113 151 202
    39 235 132 16 202 35 47 119 204 94 105 113 89 197 141 149 30 73 188
    225 25 212 9 65 122 63 117 156 209 72 56 130 10 254 130 213 41 143
    24 178 138 54 117 54 6 99 85 61 252 56 234 205 131 149 173 0 160 99
    132 162 18 24 187 16 171 100 164 251 131 115 168 229 114 188 130 102
    169 127 189 62 254 95 196 65 128 22 36 111 195 230 98 21 75 231 221
    50 24 37 79 117 74 75 171 194 175 70 198 129 61 148 235 104 220 151
    98 68 196 52 118 177 125 77 146 195 190 209 135 13 40 211 210 120
    105 164 219 3 73 46 42 186 171 197 64 181 235 206 148 34 188 150 109
    41 204 79 95 89 253 109 245 196 55 153 12 27 76 200 69 169 246 29 30
    158 78 209 114 38 168 170 243 146 117 98 36 221 181 135 202 214 245
    76 97 74 250 34 36 161 10 185 150 88 130 0 43 149 179 61 198 218 198
    57 78 93 238 10 70 193 157 89 3 62 187 236 41 21 159 62 179 113 244
    251 158 72 75 255 242 32 59 249 24 4 43 29 212 110 218 249 30 53 217
    253 243 37 178 254 156 186 152 140 60 67 129 145 26 153 39 224 64 73
    64 124 72 121 244 150 170 159 168 129 178 48 141 211 73 50 226 198
    157 90 100 35 117 160 117 86 190 126 194 212 66 201 53 27 137 123
    125 34 22 166 198 24 194 24 217 26 242 144 210 32 64 53 222 235 110
    241 217 95 209 162 172 229 196 12 23 162 185 103 202 33 250 14 186
    243 33 182 89 121 224 119 103 37 55 67 51 111 54 100 205 33 220 253
    229 36 76 86 19 28 197 179 156 147 234 227 88 142 246 191 86 69 89
    253 50 89 157 133 27 8 159 106 225 69 143 82 7 52 98 51 43 250 188
    225 32 66 137 80 112 236 181 90 95 117 51 227 159 5 190 8 122 208 11
    26 92 146 149 28 138 48 87 51 11 61 219 118 197 208 169 76 196 39 27
    86 90 215 3 209 8 216 19 41 190 1 249 251 122 240 253 200 54 48 72
    96 83 137 168 157 246 59 123 230 28 200 108 83 173 24 7 146 169 231
    74 110 191 111 181 142 252 25 66 176 245 145 8 130 51 32 254 82 206
    122 6 87 227 49 235 0 25 143 187 128 138 84 181 255 249 61 146 23 45
    177 235 233 231 212 167 145 41 229 146 167 129 117 177 4 5 70 158 84
    132 190 10 155 172 196 162 74 232 254 22 121 133 214 241 98 164 18
    143 123 4 238 26 254 57 10 230 65 189 114 96 59 101 189 141 50 206
    151 54 119 246 107 142 225 57 193 116 56 32 105 9 251 2 145 164 135
    90 182 110 131 248 239 134 134 111 19 142 61 15 183 213 43 49 212
    133 44 206 32 218 88 196 157 19 161 125 69 44 234 220 240 143 18 103
    91 253 172 246 112 151 20 110 209 227 34 247 134 237 164 24 33 23
    237 241 131 138 57 228 118 167 166 19 64 109 159 154 88 84 72 167 83
    14 10 25 120 37 147 110 186 207 12 202 141 248 212 146 16 173 17 159
    160 158 240 177 203 148 94 164 167 121 190 241 136 168 249 113 144
    142 209 35 109 85 71 116 203 93 97 225 57 16 202 162 62 206 191 144
    216 22 94 67 112 19 8 112 185 230 184 9 99 30 157 78 165 0 174 64
    246 129 226 29 20 202 93 77 252 116 182 130 158 9 104 223 248 152
    107 226 9 252 7 50 158 159 142 164 167 117 178 29 234 22 36 136 134
    159 167 182 251 184 59 139 66 231 194 231 87 227 77 205 14 185 28 63
    97 238 55 116 140 70 113 10 32 219 219 163 130 65 84 99 218 99 131
    36 36 108 183 95 153 120 64 76 232 68 160 43 66 191 241 173 166 14
    244 115 141 7 186 252 158 246 83 180 10 135 155 57 187 33 160 255
    175 144 46 150 208 191 184 250 217 57 55 131 194 59 15 227 249 88
    176 230 53 191 193 46 233 235 65 6 27 151 124 176 60 193 3 113 170
    37 200 54 124 213 207 236 199 191 80 126 89 108 238 8 1 39 155 233
    33 24 13 186 161 217 126 31 222 131 39 132 231 175 182 19 159 52 41
    253 51 103 52 225 12 91 0 211 119 185 143 67 146 218 59 241 225 245
    78 13 150 84 120 114 163 25 59 47 53 243 86 89 185 241 74 125 203 86
    145 235 3 133 178 229 25 123 149 138 161 74 86 154 241 76 61 66 168
    3 31 72 208 229 51 182 51 81 6 132 226 72 226 173 31 14 171 172 198
    206 99 15 80 28 7 141 244 138 214 200 68 152 235 234 195 207 147 100
    253 236 233 3 113 49 148 105 20 55 131 21 254 150 186 233 228 144 12
    151 133 118 72 45 23 163 222 95 17 173 86 110 137 192 118 64 7 202
    206 245 244 153 112 80 59 144 88 225 71 115 194 1 121 141 43 69 240
    32 229 149 231 106 211 84 79 151 205 186 126 70 62 228 93 230 216 29
    141 206 198 177 153 27 73 93 198 219 146 153 141 19 234 10 248 149
    83 239 116 58 224 222 248 95 253 21 185 15 43 142 15 15 157 96 106
    78 131 73 194 32 58 0 76 181 247 195 24 215 181 176 87 44 57 38 227
    73 38 119 174 133 255 177 228 26 10 174 39 213 130 223 100 74 232 56
    17 170 49 21 234 86 19 146 80 63 129 87 152 80 223 8 239 205 38 31
    205 0 147 119 27 157 181 109 68 152 114 202 253 88 123 252 233 116
    207 82 88 174 125 232 201 81 74 39 159 62 114 0 239 168 232 201 73
    207 170 247 223 181 151 57 95 35 78 165 132 89 245 252 177 9 95 115
    71 205 62 226 47 28 48 220 174 34 189 135 32 197 35 96 232 232 33
    157 6 70 183 174 255 207 22 87 126 139 129 26 186 214 118 218 136 96
    40 159 23 149 57 42 237 61 231 125 50 79 64 86 143 158 136 164 128
    38 124 35 225 23 202 126 94 0 233 21 151 137 83 152 18 234 224 122
    123 191 114 101 115 91 245 20 122 83 160 255 216 81 228 203 167 86
    156 158 225 162 110 136 146 25 125 196 128 107 1 77 147 138 170 193
    6 180 25 81 95 132 230 244 207 227 55 160 203 230 180 100 92 85 164
    243 167 24 186 148 234 17 42 140 92 76 97 103 135 5 228 28 48 71 132
    215 133 100 134 179 22 222 215 97 196 211 209 242 199 106 52 253 127
    133 199 35 67 205 53 102 227 18 170 90 127 243 236 64 48 213 151 119
    49 131 37 153 18 198 58 178 70 245 212 115 8 184 58 186 36 68 193
    117 47 148 89 176 247 88 143 249 120 112 204 6 179 117 3 51 228 141
    75 186 131 178 102 123 61 244 239 19 85 44 128 61 177 254 102 76 50
    203 182 49 151 247 28 93 246 116 63 61 157 209 138 97 192 138 131
    103 118 77 162 109 113 184 182 208 207 71 150 22 122 139 249 253 13
    206 156 5 75 181 74 31 78 97 237 103 42 22 113 124 135 205 26 33 184
    153 108 125 178 82 18 26 30 84 32 94 225 23 117 10 166 145 116 228
    122 232 222 178 238 192 43 116 145 206 87 45 71 75 166 120 9 176 12
    128 224 83 200 103 242 229 142 166 40 85 179 47 237 119 75 141 87
    224 231 253 207 128 61 157 181 148 95 30 211 81 67 175 147 232 166
    137 97 139 151 58 109 187 44 175 62 202 222 20 197 149 10 120 133 7
    13 144 84 180 141 208 128 209 161 62 64 153 19 95 130 1 132 62 37
    220 237 40 148 68 39 215 106 121 42 255 121 12 86 198 132 155 102 71
    38 151 246 93 4 174 172 79 158 126 36 242 17 15 137 24 252 120 44 14
    170 7 85 190 69 162 221 241 173 133 245 167 18 184 102 234 154 150
    127 64 76 252 108 255 55 209 18 21 51 68 222 213 116 213 10 148 9
    121 232 175 19 92 169 214 66 181 122 156 128 210 74 236 84 87 145
    143 8 227 65 147 57 79 143 101 89 109 15 169 200 170 70 21 242 209
    246 147 133 131 4 106 144 80 64 168 41 117 233 43 145 101 172 47 155
    19 71 41 81 133 187 66 158 155 215 142 73 93 50 146 237 28 134 103
    149 197 132 44 230 228 166 113 74 136 207 74 173 194 59 214 205 19
    189 67 48 253 60 11 204 100 203 22 154 177 6 5 137 44 242 195 254
    114 69 1 120 215 179 2 172 106 29 239 193 146 89 154 159 18 159 168
    35 53 56 77 202 118 223 95 19 84 66 96 231 217 191 222 8 239 243 169
    203 112 240 99 70 77 198 241 214 194 196 86 142 86 38 168 73 100 14
    150 48 236 93 118 159 226 84 35 237 162 221 116 91 255 63 25 37 208
    248 44 87 176 205 35 171 180 63 202 250 79 40 202 181 152 38 31 174
    17 36 213 72 21 70 78 70 100 95 244 225 66 162 56 242 138 139 80 22
    58 168 244 246 230 141 134 238 179 165 53 5 218 26 135 9 66 157 92
    111 134 232 233 214 115 50 6 79 117 65 117 30 139 95 81 73 123 158
    222 157 192 189 89 177 227 105 57 237 98 197 8 27 80 247 212 219 245
    201 220 104 156 96 49 91 165 244 93 244 119 199 80 70 79 86 139 71
    103 150 114 183 154 103 93 139 227 7 129 241 34 22 25 181 39 207 24
    19 52 81 74 201 52 11 159 8 220 97 137 188 236 27 182 187 196 32 209
    247 36 249 25 52 125 155 136 52 202 121 192 111 118 56 69 168 49 248
    241 248 190 93 170 123 183 47 18 202 187 75 30 107 46 237 112 117 15
    237 83 152 148 137 135 184 4 161 162 110 46 212 139 105 155 4 31 101
    217 182 124 162 177 37 11 45 154 248 34 110 179 55 21 93 10 140 56
    95 149 240 22 23 61 96 240 174 6 74 2 168 76 100 213 35 62 32 191
    221 246 212 240 180 170 130 85 195 55 244 42 58 88 3 19 1 25 45 25
    176 79 29 158 239 24 176 183 234 241 169 138 178 4 231 13 199 252 27
    0 142 18 77 222 90 199 60 158 117 76 47 198 222 74 167 202 13 171 77
    217 155 243 229 250 241 128 14 168 16 32 10 83 32 26 179 47 238 195
    127 222 34 2 150 15 168 24 208 236 147 28 31 154 116 127 107 24 245
    136 86 42 202 252 80 66 62 78 176 247 229 232 181 108 244 199 182
    176 249 79 238 148 199 61 224 139 131 28 11 187 67 164 86 14 86 103
    198 26 92 199 199 145 226 50 129 61 133 4 181 96 20 0 49 248 30 11
    165 103 83 245 205 156 186 58 217 241 69 146 6 176 156 184 83 44 131
    125 191 84 182 164 61 83 156 78 19 66 8 186 67 213 199 108 161 77 42
    159 38 209 199 15 173 65 98 198 166 242 28 144 9 251 49 26 76 3 255
    100 152 108 87 25 246 18 193 39 33 215 252 74 141 12 190 196 37 134
    177 37 125 95 179 185 27 97 63 91 139 251 191 212 102 146 119 117 56
    211 177 121 226 211 81 50 74 19 195 38 194 25 22 148 68 155 39 193
    86 112 237 129 63 215 47 150 252 245 154 220 61 152 213 197 41 71 39
    185 47 138 252 102 18 120 106 236 143 204 227 200 145 248 115 181
    156 52 37 86 162 168 37 131 199 155 22 115 36 255 69 218 103 73 221
    177 220 141 10 50 249 7 228 190 28 56 203 2 201 48 163 90 77 50 106
    98 126 70 113 58 220 185 32 223 94 139 247 116 25 191 17 129 41 231
    43 152 7 9 92 4 227 68 95 87 243 182 115 33 121 11 204 208 96 159
    159 59 219 183 247 17 77 69 125 32 8 233 16 110 216 152 64 15 238 34
    133 219 41 194 17 71 33 197 189 249 63 67 175 228 191 170 136 60 54
    241 33 34 147 176 152 92 249 19 134 167 46 235 7 225 243 87 7 237 84
    204 80 0 254 68 178 208 223 69 117 34 40 87 219 182 113 3 136 75 145
    152 197 142 177 127 165 74 147 53 218 89 13 192 205 196 222 42 163
    115 126 147 109 249 87 48 118 234 190 113 152 252 11 120 15 195 219
    42 174 193 30 166 108 92 123 197 174 77 58 107 23 186 163 41 252 49
    0 109 133 83 187 234 213 223 11 108 36 181 16 33 248 64 86 157 18
    209 150 221 188 164 190 118 185 27 76 222 171 182 94 155 68 9 253 37
    9 226 221 20 76 216 33 28 158 244 231 30 236 104 210 70 59 185 215
    178 32 108 65 107 248 220 171 198 7 121 52 66 126 30 59 50 178 36 79
    164 121 250 203 174 81 238 240 48 162 132 2 221 108 89 183 94 212
    107 163 18 173 68 26 50 165 131 59 174 210 205 108 64 201 11 123 87
    241 139 77 221 244 134 73 223 204 140 181 148 47 232 68 35 114 241
    64 66 252 0 42 177 91 207 72 200 98 217 57 214 27 132 169 238 194
    175 23 91 155 51 18 208 100 117 37 94 224 104 61 183 29 82 96 18 188
    72 88 246 180 103 169 219 133 46 231 235 84 192 194 189 129 93 106
    83 179 48 19 23 6 210 133 7 16 212 76 161 237 248 61 186 0 190 108
    180 115 146 83 144 30 54 41 22 115 105 224 186 162 0 86 134 1 88 176
    78 202 102 111 103 252 114 30 103 218 121 249 157 75 24 131 54 124
    191 41 15 187 237 14 49 242 204 61 104 104 51 204 7 36 232 136 17
    122 189 138 169 32 141 184 40 138 69 17 85 71 243 3 245 76 193 50 18
    104 111 8 118 218 62 167 27 46 40 242 219 138 57 34 203 255 169 213
    217 182 180 210 197 166 93 36 210 239 244 81 225 78 65 132 25 171
    230 28 161 93 148 40 253 136 166 20 204 247 23 43 166 3 254 162 27
    58 249 120 40 37 232 45 253 79 151 235 196 56 159 171 134 238 220 3
    207 224 69 192 5 209 90 103 143 102 15 43 105 224 173 204 231 243 43
    88 101 251 93 5 40 74 63 153 78 189 50 123 191 208 253 41 0 173 28
    170 238 9 190 119 194 83 203 209 74 11 49 212 59 250 238 131 103 164
    99 28 74 110 193 97 169 123 242 142 221 198 173 224 103 136 178 141
    92 35 242 198 125 255 45 198 177 38 72 64 105 151 132 39 54 85 232
    10 181 113 163 180 3 54 122 161 96 85 145 115 159 213 231 86 101 61
    221 22 145 144 131 187 110 181 230 85 68 130 20 127 109 39 54 39 170
    6 107 64 85 44 158 97 9 60 181 122 253 57 44 190 29 15 104 92 196
    188 117 98 168 219 112 14 127 252 44 99 29 226 168 126 45 47 89 95
    94 54 160 229 53 123 224 186 0 95 33 165 230 114 66 113 29 166 194
    213 156 30 207 6 158 4 155 212 110 157 83 122 43 129 98 57 24 247 0
    62 131 145 37 18 183 161 26 48 97 249 53 83 157 246 16 165 49 61 92
    27 219 164 100 228 30 67 28 172 24 214 250 16 87 159 95 211 41 18 59
    203 68 137 100 197 105 52 210 3 48 236 187 205 219 94 50 89 51 99 12
    62 202 122 228 94 11 71 74 52 82 221 25 68 137 66 124 195 119 127 86
    10 80 199 133 62 229 19 4 196 35 106 214 53 122 42 29 202 46 226 203
    4 81 236 190 5 79 65 110 179 57 123 147 69 11 24 112 249 3 75 218
    237 126 113 40 5 85 134 32 188 55 147 35 89 17 28 73 118 133 52 85
    155 35 153 18 60 79 133 48 184 65 166 36 134 225 61 85 254 195 37
    182 154 239 111 86 165 153 143 129 140 166 115 147 198 214 3 150 149
    129 235 145 221 139 115 147 147 52 125 130 183 88 98 107 96 214 184
    213 112 92 225 253 56 231 92 32 107 222 4 78 143 20 235 113 111 35
    251 62 45 64 76 67 65 203 241 189 130 155 77 43 248 157 90 161 48
    251 166 162 161 28 241 218 165 106 214 108 56 195 136 22 96 242 40
    121 62 169 206 76 44 65 69 23 63 200 55 165 164 9 176 108 10 191 45
    50 26 199 133 195 193 146 71 191 251 96 165 249 150 141 56 116 23
    144 246 130 241 21 183 165 88 87 241 163 220 214 142 27 7 221 201
    239 59 138 206 181 222 36 146 14 192 100 230 232 209 94 87 11 145 99
    92 234 104 105 203 229 235 221 144 55 65 128 37 85 172 62 241 145 34
    96 142 93 223 190 160 220 18 201 177 35 134 42 20 231 149 140 210 60
    96 221 86 157 73 205 155 114 142 91 3 144 25 205 158 115 54 151 82
    42 156 65 28 142 71 97 232 232 67 209 249 56 38 223 6 31 187 135 42
    208 44 245 65 65 53 86 20 206 15 235 116 184 212 181 255 147 33 6 89
    125 159 93 124 92 141 108 190 64 151 37 205 211 247 93 126 98 125 94
    114 236 29 214 71 47 74 235 7 79 73 27 92 235 79 137 192 139 61 107
    75 33 218 230 242 122 216 160 178 220 106 145 143 255 76 93 241 207
    10 101 8 4 159 31 130 190 184 218 89 151 139 237 28 117 251 141 247
    114 90 162 233 195 117 110 139 148 35 103 239 253 39 107 229 89 152
    16 62 88 251 239 107 31 75 106 92 132 33 128 164 215 53 17 115 10 27
    236 77 77 22 185 32 116 171 93 59 88 246 61 60 141 24 233 105 181
    109 183 36 49 81 214 28 138 232 110 152 241 53 47 222 243 125 212 65
    83 164 67 253 4 171 115 37 249 118 59 29 91 68 237 198 192 180 113
    157 17 107 126 91 169 228 51 224 212 104 196 41 78 221 203 155 24
    108 62 27 197 146 57 165 80 34 232 200 101 246 62 48 10 79 108 121
    63 229 10 243 168 78 84 157 90 198 188 198 84 46 203 92 199 96 62
    186 142 139 209 88 180 232 179 29 40 176 113 182 194 253 53 78 202
    62 231 2 68 61 222 249 131 109 236 170 211 25 32 233 164 247 233 237
    131 234 84 121 164 98 244 24 110 148 181 23 167 67 195 84 44 0 225
    87 26 44 225 110 141 129 119 200 138 45 253 240 219 141 219 249 53
    43 5 165 48 190 62 94 217 219 213 223 159 159 42 32 106 82 148 230
    181 119 241 116 157 115 221 159 196 27 102 223 0 255 251 134 116 49
    23 83 205 85 121 69 197 171 241 168 141 163 183 111 190 221 242 220
    70 179 84 155 203 14 31 151 138 152 132 204 212 212 172 16 207 99
    141 3 64 130 59 249 91 176 227 208 204 112 44 182 169 151 31 122 74
    112 33 184 213 216 93 232 144 211 125 197 172 102 127 209 10 82 133
    23 66 93 140 37 247 36 153 185 15 61 121 254 226 127 4 22 68 218 3
    249 43 162 164 227 104 90 51 17 192 154 79 100 96 77 226 217 15 26
    169 114 135 255 168 164 126 101 212 226 193 45 58 169 226 88 108 50
    241 33 83 82 177 248 147 96 26 21 88 250 182 35 167 150 20 24 228
    145 203 228 59 199 212 135 63 117 190 164 97 180 0 125 250 218 104
    35 11 222 132 123 17 70 26 164 64 156 21 192 84 240 38 239 71 94 102
    165 178 19 215 239 119 186 54 116 114 11 28 200 133 83 69 91 154 105
    201 135 76 112 28 183 94 132 234 236 76 105 12 71 146 90 166 2 65
    157 89 110 62 23 225 164 129 5 12 176 188 251 58 121 190 197 162 73
    181 91 37 2 46 127 223 184 169 122 80 133 84 111 113 239 125 206 110
    127 72 149 34 165 107 146 95 203 49 125 210 55 245 199 232 160 63 74
    216 17 181 156 179 64 33 17 119 246 84 115 92 162 237 246 19 224 80
    86 128 115 240 33 95 187 66 16 232 101 91 182 74 95 215 91 167 8 79
    180 94 77 151 221 66 149 207 243 125 203 243 78 227 192 103 117 138
    11 18 98 52 102 250 199 151 221 51 139 229 35 205 16 59 172 60 49 16
    111 201 253 115 126 128 212 214 99 82 122 177 192 142 83 59 20 69
    210 110 150 17 97 62 102 213 248 8 11 67 214 36 222 38 180 124 153
    14 108 78 53 35 114 34 37 248 41 202 247 25 28 43 148 63 247 252 135
    157 120 174 147 132 40 247 135 18 55 4 76 97 54 189 26 150 138 1 219
    114 87 127 171 208 56 56 187 134 123 168 47 138 119 224 239 244 13
    44 118 96 192 198 94 212 147 96 90 57 196 4 254 42 165 188 157 45 53
    231 104 54 73 161 201 27 179 160 249 172 155 181 228 89 21 177 11
    118 208 219 70 101 56 148 110 102 192 42 161 223 237 103 104 248 217
    54 115 24 244 181 255 42 123 34 28 208 162 71 102 208 42 59 95 12
    213 60 6 89 220 16 47 64 128 210 211 81 191 53 107 40 43 109 83 155
    196 194 64 1 9 175 180 124 116 93 45 139 206 108 99 211 150 82 158
    146 131 228 5 100 207 67 4 226 154 44 83 19 50 100 145 240 27 156
    120 202 247 243 1 9 228 5 140 49 55 134 151 113 123 109 103 136 15
    194 204 218 222 89 2 137 180 229 166 68 173 200 129 165 234 107 210
    228 131 106 8 47 248 82 166 19 36 242 56 239 80 95 199 231 66 15 80
    4 166 166 7 179 163 84 199 202 243 20 61 107 253 25 237 35 179 148
    144 253 106 158 10 244 222 6 166 69 42 213 108 154 25 167 143 135 1
    221 33 198 182 191 125 180 49 188 248 235 104 207 147 223 224 181
    102 148 140 71 71 31 90 46 208 148 120 105 137 8 101 12 254 61 61
    198 217 151 228 202 75 67 74 170 200 81 33 91 41 165 71 247 72 38 33
    19 28 249 155 172 189 104 222 143 222 4 22 39 136 31 227 216 145 213
    111 246 2 37 246 184 213 147 100 100 78 101 224 61 218 105 125 17
    209 36 124 167 86 22 123 37 95 221 5 130 36 232 143 255 154 221 86
    33 48 230 207 149 212 245 71 134 101 21 83 131 192 218 150 224 122
    204 21 113 177 234 188 52 30 188 91 197 108 5 219 189 98 182 156 210
    110 53 224 94 7 151 185 235 234 76 97 73 81 167 183 0 3 74 248 248
    173 36 193 221 224 130 187 234 154 192 25 187 194 217 2 190 226 205
    127 194 254 63 124 88 18 178 183 13 130 49 70 43 25 143 46 2 244 248
    69 176 117 186 43 152 40 246 138 192 211 31 7 42 101 34 57 93 202
    181 36 52 86 166 216 2 173 58 132 86 80 199 48 143 250 61 145 85 64
    207 4 126 99 188 15 28 148 129 8 237 2 125 19 235 102 150 115 81 212
    103 188 152 240 46 171 15 106 251 2 113 205 134 159 47 5 106 102 191
    119 104 105 50 155 180 103 114 179 151 236 93 188 240 229 85 221 143
    108 0 170 27 143 210 227 24 137 16 88 135 6 126 175 57 73 17 80 117
    113 50 183 188 63 72 59 139 107 98 194 227 159 32 0 121 129 119 156
    178 124 163 104 82 56 36 7 184 50 216 250 108 254 67 42 154 65 223
    33 147 115 249 38 87 7 118 247 211 60 167 139 34 150 242 112 112 154
    83 163 54 81 20 165 123 124 222 56 88 252 45 173 200 128 47 29 150
    205 207 155 153 72 214 118 142 228 48 47 150 218 122 2 144 152 1 228
    146 70 231 147 25 56 91 226 122 135 213 179 33 227 65 252 167 4 235
    224 92 13 178 141 244 118 222 167 28 148 36 198 5 177 97 24 86 88
    165 227 82 98 109 250 137 24 58 148 103 233 80 246 111 238 129 177
    166 156 116 82 30 35 30 90 134 91 25 49 137 231 191 102 64 191 92 28
    199 145 248 109 216 133 143 47 96 202 41 247 33 216 163 204 62 227
    199 114 74 63 99 139 161 38 222 133 243 109 103 36 96 159 44 100 205
    143 77 135 35 237 58 164 27 112 211 250 209 145 131 238 214 116 49
    128 70 214 17 26 176 23 25 242 237 184 187 150 10 33 240 128 13 86
    201 73 126 240 95 0 97 111 79 164 133 229 104 132 53 9 236 175 117
    66 57 67 163 15 83 34 217 194 151 120 88 126 247 178 50 216 31 128
    126 218 179 163 196 213 197 67 234 233 95 65 34 16 131 39 212 225 30
    98 115 142 6 224 210 63 203 30 124 134 138 203 219 64 59 237 149 35
    207 75 144 38 145 16 103 161 136 14 131 218 42 248 184 39 130 0 109
    171 96 81 247 15 99 88 253 240 189 71 236 26 150 253 44 22 236 121
    216 21 136 26 48 72 38 192 202 200 243 172 148 159 54 220 51 117 251
    6 57 190 61 153 89 205 197 235 59 50 164 9 33 199 253 72 23 254 99 0
    127 189 155 197 222 122 255 156 5 116 192 250 213 213 219 53 22 64
    219 8 243 79 253 107 245 175 51 75 35 193 19 251 163 197 255 42 119
    15 2 22 177 12 11 232 234 99 61 3 237 141 163 5 106 120 189 0 16 137
    133 164 48 70 224 76 42 103 65 33 146 146 85 245 154 199 51 79 250
    254 3 91 132 105 22 86 92 147 108 55 162 92 89 222 62 44 237 47 44
    84 63 98 125 238 83 217 4 85 138 26 237 252 2 39 238 28 253 157 37
    185 121 226 225 220 169 236 184 162 10 30 135 170 30 122 38 156 127
    125 121 189 36 244 243 227 46 17 138 235 136 59 104 63 15 254 247 19
    113 102 29 250 73 227 239 228 22 133 197 79 166 200 153 110 226 33
    207 72 215 21 16 164 93 175 150 143 56 5 175 192 180 99 224 73 180
    195 119 77 108 236 75 40 64 52 24 9 207 81 250 185 45 242 44 196 143
    104 212 240 38 128 40 142 56 26 7 122 76 29 13 193 83 161 224 232
    137 231 202 205 2 76 1 22 238 66 127 200 195 91 195 41 87 236 135
    109 135 120 157 113 13 182 50 49 250 209 193 91 164 48 1 150 4 206
    49 131 154 227 15 135 155 45 194 29 181 142 86 37 141 12 248 129 128
    29 115 211 123 33 112 135 132 191 164 217 149 176 81 187 24 2 51 136
    147 225 90 133 4 204 8 202 163 147 138 225 85 89 137 103 180 115 138
    87 110 210 217 51 83 143 216 240 194 140 151 7 229 242 165 100 138
    189 33 193 120 116 45 78 83 118 161 70 129 28 77 5 186 231 69 71 232
    254 65 13 83 11 93 202 141 193 75 33 170 84 190 150 171 174 76 36
    219 168 205 72 174 143 109 57 39 41 67 207 228 11 211 49 124 4 240
    37 148 234 240 183 222 78 86 153 94 221 223 136 163 147 45 10 221
    143 183 199 207 193 15 83 228 229 44 82 172 251 79 86 68 48 119 44
    138 9 193 232 174 54 79 242 150 15 196 255 17 90 146 224 246 90 192
    248 194 17 0 167 69 167 212 204 134 162 234 224 218 228 158 27 184
    60 118 226 173 75 42 222 73 121 24 28 134 243 66 248 159 255 2 112
    165 205 215 105 39 123 46 119 204 40 173 30 210 5 81 71 53 200 215
    26 61 119 13 97 210 238 173 137 147 157 241 55 43 151 15 84 111 115
    230 97 35 90 121 51 200 139 37 102 233 27 168 218 69 220 192 134 178
    72 187 185 239 223 231 132 180 151 148 52 115 18 166 186 93 41 233
    168 149 173 252 190 158 25 118 224 102 44 155 135 180 42 255 228 177
    45 71 5 172 32 18 80 139 13 202 210 132 171 251 169 140 173 12 217
    82 208 229 91 107 223 49 253 25 126 203 41 164 153 100 137 208 231
    59 29 224 247 103 96 95 148 100 21 185 31 44 164 253 131 67 149 252
    99 36 35 18 185 216 189 29 37 139 87 51 159 5 45 15 106 58 217 156
    137 165 224 64 20 185 154 117 135 167 115 152 36 194 145 34 36 75
    119 242 185 158 25 26 46 88 8 32 247 131 14 215 132 176 114 228 196
    64 197 103 67 255 131 3 13 170 252 76 163 105 61 44 17 254 4 172 58
    242 135 207 43 82 17 33 21 236 71 167 122 79 87 234 226 96 98 76 248
    201 43 178 78 3 235 34 105 212 109 76 166 55 34 149 218 176 210 218
    138 73 227 76 57 135 121 131 38 140 160 235 64 116 80 23 240 41 87
    134 208 41 75 221 44 198 144 2 86 93 182 81 246 201 222 1 133 235
    148 141 101 236 112 238 134 157 250 137 71 104 231 201 110 122 163
    87 96 125 151 25 126 23 3 197 143 188 7 213 82 113 117 254 48 97 43
    125 0 35 216 11 65 98 91 34 56 74 12 224 38 151 71 38 22 251 220 9
    183 37 68 23 150 194 216 220 42 99 49 189 237 200 197 106 172 48 55
    106 89 117 216 127 77 196 188 51 107 203 53 104 209 0 69 201 199 197
    127 156 105 93 159 189 176 200 242 85 242 60 73 218 222 113 84 156
    47 76 164 172 104 170 10 39 23 201 82 253 181 191 132 211 64 104 132
    20 184 203 89 118 180 118 119 207 68 138 162 188 21 104 57 19 132 9
    208 182 141 202 238 225 165 61 162 77 215 124 223 164 20 106 51 42
    129 52 213 162 200 49 77 220 35 38 99 19 210 90 221 57 13 156 63 185
    89 227 36 13 249 201 230 165 34 44 37 180 247 134 195 214 62 104 78
    46 96 164 228 168 242 247 6 165 76 150 125 60 186 223 194 42 45 79
    144 129 254 221 203 27 67 199 245 27 153 18 26 48 80 234 249 220 42
    66 181 159 159 165 73 36 180 24 237 74 164 231 76 53 172 181 153 252
    170 79 70 216 47 78 87 227 252 228 239 59 6 68 101 115 74 55 220 114
    90 115 24 97 181 21 24 66 102 146 8 243 130 220 36 230 8 94 97 94 10
    118 79 26 246 43 188 217 177 87 103 129 11 20 166 228 224 48 110 60
    127 9 14 222 206 49 19 179 155 48 9 20 79 198 243 33 48 41 21 2 29
    188 125 7 12 148 208 79 139 21 158 221 14 107 28 13 15 157 220 63 93
    182 194 10 200 158 241 238 142 214 126 163 68 135 148 180 249 239 99
    70 46 68 24 91 25 178 228 140 61 176 75 86 180 232 191 163 198 99
    119 148 190 236 195 244 229 36 239 54 51 104 81 122 215 16 76 132
    178 243 1 121 43 205 105 100 14 127 102 113 48 188 244 70 14 73 29
    168 136 236 165 179 84 212 113 199 193 255 111 30 104 72 46 42 42 21
    235 58 126 89 155 68 18 140 209 16 44 234 79 220 124 83 209 211 152
    46 158 186 70 213 1 251 255 216 189 132 33 4 126 252 148 180 92 21
    122 226 184 116 200 31 139 15 222 151 33 108 182 104 191 181 84 202
    157 156 35 209 82 254 203 87 153 237 77 34 133 206 183 127 209 124
    10 222 223 98 246 101 28 61 14 120 245 37 244 190 184 191 237 3 235
    113 225 63 240 158 128 98 237 60 127 113 253 5 96 153 32 112 99 31 5
    193 217 218 110 147 209 56 138 111 126 240 197 209 33 164 231 104 34
    222 15 213 235 51 158 117 180 8 179 3 196 84 182 87 148 118 185 175
    179 55 148 121 125 147 200 216 90 202 135 226 159 177 236 42 76 16
    188 207 229 243 249 163 97 181 225 183 3 87 215 177 131 190 28 61 53
    191 125 247 88 241 40 237 92 142 149 173 57 134 131 172 25 38 102
    130 29 73 42 216 160 80 131 96 29 131 77 54 229 113 117 210 11 139
    165 183 22 146 7 221 88 14 74 133 85 167 110 118 2 39 52 114 59 209
    117 157 28 202 199 202 178 216 139 164 93 14 181 10 162 190 19 176
    241 36 190 103 17 94 196 207 97 35 213 16 159 145 90 139 115 210 77
    102 195 239 219 208 56 127 129 130 98 103 146 134 110 179 94 191 138
    178 167 83 142 119 33 120 36 193 155 239 239 161 32 116 120 247 16
    114 133 112 129 155 60 130 233 24 93 48 12 10 231 59 57 50 195 247
    253 167 41 248 108 216 28 45 56 5 12 190 102 249 3 199 133 227 254
    55 198 114 169 88 137 215 7 67 138 129 89 191 13 159 141 232 13 84
    203 79 105 22 40 232 111 54 115 27 186 94 254 110 249 9 246 78 8 150
    96 83 18 219 84 148 18 187 80 70 50 51 196 0 64 244 243 52 173 140
    122 133 229 214 28 5 6 185 5 150 125 192 53 112 146 140 199 51 209
    206 229 165 123 9 154 233 228 163 211 207 95 163 72 14 248 154 237
    171 91 221 23 11 171 150 166 241 72 225 156 163 65 220 76 42 176 58
    213 42 135 73 91 60 44 64 194 178 195 230 194 191 190 221 47 60 32
    110 85 56 33 243 41 145 202 247 104 232 231 96 103 227 208 89 187 94
    107 102 193 157 241 84 91 44 66 239 179 5 129 84 207 202 78 233 13
    227 100 88 161 254 47 210 69 212 174 188 126 131 184 219 148 242 8
    19 148 220 165 27 89 59 169 243 172 66 70 228 31 101 35 11 104 134
    122 231 11 132 40 75 87 108 210 161 93 188 104 236 249 60 190 204
    112 172 137 175 120 9 43 207 135 156 24 251 47 79 156 105 172 72 201
    138 193 237 180 43 43 72 23 174 112 139 200 98 94 107 35 227 82 72
    212 109 206 22 179 122 215 101 3 164 8 255 104 135 66 245 189 6 222
    88 209 135 159 3 183 56 93 16 98 109 31 241 10 136 131 125 95 84 7
    217 109 136 1 149 194 81 25 103 196 152 215 112 250 209 181 164 120
    174 64 9 146 36 64 47 56 215 140 31 174 230 84 23 40 141 240 49 244
    1 116 141 203 213 194 110 24 67 106 122 217 18 105 128 188 75 18 102
    7 59 9 172 162 2 228 251 86 74 158 64 121 106 91 76 178 75 47 0 35
    66 248 166 104 251 16 182 210 225 100 238 94 144 128 6 126 191 40
    119 239 92 245 159 248 8 228 252 251 142 133 32 115 45 131 56 117
    175 137 166 190 43 211 124 181 205 106 255 180 130 79 184 104 108
    161 116 142 29 141 27 106 83 252 236 40 199 234 39 38 94 215 2 164
    178 225 135 182 189 3 112 71 21 17 86 208 165 253 104 61 198 173 210
    13 13 70 181 210 11 72 198 55 107 217 163 10 89 196 229 38 138 115
    32 244 49 25 161 90 70 209 211 110 217 191 80 230 54 13 56 19 240
    166 237 220 103 100 138 48 179 174 209 189 24 34 223 21 55 190 224
    128 141 70 21 31 242 233 201 226 15 8 14 18 166 223 70 129 187 254
    157 96 107 239 15 53 54 182 59 45 127 147 138 54 172 235 145 56 207
    120 14 120 48 35 21 195 234 174 170 104 231 26 18 145 248 165 116
    119 84 217 114 107 252 141 10 236 54 221 135 198 146 49 9 241 62 44
    250 91 245 74 224 51 149 205 59 231 179 199 207 74 83 54 160 179 199
    7 61 8 82 241 140 76 242 76 255 89 136 21 132 232 127 10 58 141 71
    13 14 117 221 43 27 151 61 198 235 189 5 18 106 12 189 17 131 128
    191 156 135 54 158 199 137 170 125 198 86 86 37 203 72 132 125 175
    59 123 197 119 60 173 16 50 169 239 141 157 229 68 93 238 255 194
    108 198 223 154 142 187 37 200 193 94 34 183 243 114 145 125 152 26
    134 138 171 208 177 138 9 126 13 183 234 0 250 160 96 236 54 147 112
    104 72 197 213 12 137 119 163 221 10 235 197 14 42 73 3 124 194 125
    21 221 61 211 120 77 8 103 207 170 168 89 10 71 127 175 14 61 217
    149 149 141 185 29 103 180 250 171 88 254 186 245 110 107 23 104 199
    186 209 13 226 182 85 201 186 35 23 2 107 54 187 197 75 112 183 45
    55 182 202 195 195 105 64 86 197 101 68 244 95 234 37 53 162 162 93
    95 69 228 244 24 47 236 76 15 229 209 27 24 153 16 115 65 124 188
    241 114 143 253 80 187 35 217 223 0 103 219 248 166 205 120 195 137
    100 107 183 237 85 87 229 10 118 212 42 218 222 205 112 185 111 103
    54 107 70 41 68 234 205 238 208 226 101 164 33 232 115 11 177 60 214
    252 190 240 128 44 193 6 19 222 181 212 1 213 53 185 56 143 253 62
    112 66 172 182 227 35 17 215 74 75 141 117 20 106 102 67 248 220 239
    41 187 112 54 72 159 120 104 238 192 209 225 179 75 174 95 224 74 29
    8 255 22 2 111 216 229 152 221 44 5 169 4 189 52 81 72 203 10 153 81
    251 127 60 245 125 135 192 239 160 246 124 47 164 98 31 200 115 23
    200 72 50 88 63 40 18 164 118 124 77 179 138 181 76 136 102 235 8 8
    118 179 167 5 245 69 200 148 225 86 167 215 103 66 200 12 205 238
    248 225 144 197 234 128 165 130 35 205 124 68 135 58 130 210 53 90
    91 7 66 77 161 244 75 220 141 233 27 113 105 199 187 29 252 112 249
    255 188 35 73 129 54 32 42 57 191 1 195 64 38 229 186 158 56 152 17
    237 147 245 65 96 64 47 156 1 224 83 119 116 149 154 200 87 127 24
    57 213 10 36 21 205 169 97 253 140 15 110 32 6 25 121 61 238 242 84
    83 31 16 114 175 177 139 32 71 122 216 251 223 158 198 140 223 131
    75 100 246 168 86 35 191 184 133 42 36 200 240 0 189 207 229 112 227
    177 188 128 88 81 129 28 2 226 0 225 187 239 145 203 131 63 158 100
    7 236 98 111 172 36 111 218 206 91 221 149 110 1 170 112 176 36 151
    160 175 21 168 173 179 180 190 66 140 28 199 227 70 135 254 204 130
    164 92 103 18 8 4 16 220 157 240 255 153 29 30 21 34 203 118 241 149
    124 10 97 65 91 104 195 90 227 118 200 50 42 52 175 3 203 13 153 157
    1 175 215 104 9 132 44 35 135 138 174 50 191 115 184 123 56 5 30 223
    146 46 242 83 119 155 194 173 215 125 105 231 30 156 49 190 145 49
    25 249 177 41 69 220 128 41 240 5 161 169 135 39 229 3 71 190 243
    235 247 216 90 25 63 139 11 177 208 22 100 198 90 89 154 61 0 97 29
    6 97 145 101 180 90 42 253 23 35 133 89 34 251 237 219 184 25 151
    179 31 41 102 220 202 112 172 242 34 16 202 113 234 234 210 105 133
    151 3 21 224 204 207 159 204 145 199 222 104 118 90 253 154 86 243
    156 0 78 147 177 128 164 29 177 131 152 120 137 75 48 174 29 138 193
    62 149 134 5 10 135 232 200 58 227 31 182 8 80 55 80 191 52 176 168
    163 94 18 12 23 51 2 105 197 172 53 218 90 16 56 10 132 120 67 30
    192 152 162 216 143 18 5 12 99 46 164 89 191 252 94 92 123 251 97
    233 195 71 236 102 164 235 72 216 228 1 36 231 205 112 251 28 32 204
    8 153 158 27 67 185 73 152 149 160 203 15 90 5 102 205 77 48 133 10
    195 90 2 45 66 150 97 243 126 209 206 84 168 181 28 213 55 107 244
    51 164 9 52 6 134 113 128 207 199 51 233 140 162 201 82 255 100 84
    184 20 100 99 9 180 10 65 129 19 163 20 63 31 187 226 120 172 232 4
    185 142 46 185 119 188 76 153 2 86 189 6 217 109 206 42 0 76 123 199
    198 139 183 86 224 221 99 85 224 146 235 226 77 64 238 110 14 176 43
    191 99 144 206 171 33 149 166 193 119 60 231 77 8 181 124 92 239 118
    100 111 46 200 107 90 213 131 246 117 192 82 182 17 132 128 195 2 11
    20 255 71 28 29 26 14 35 230 251 53 115 80 32 30 80 2 6 21 171 202 7
    84 136 18 38 232 18 172 155 107 214 11 44 17 255 171 79 86 233 64 8
    155 184 49 118 68 20 123 118 116 133 254 136 74 164 253 113 207 133
    127 45 195 55 53 252 58 100 192 59 244 88 30 139 23 2 147 169 92 210
    29 204 102 50 152 10 20 216 120 66 41 61 122 235 97 197 249 125 56
    242 77 242 154 70 168 241 150 209 189 254 40 12 184 41 222 231 194
    130 226 136 94 195 0 240 11 79 116 84 187 129 141 75 45 248 156 19
    125 227 113 108 133 37 52 110 142 20 112 245 92 133 35 248 10 35 155
    77 83 22 178 70 100 121 69 211 181 112 210 34 128 3 57 159 114 31
    217 66 121 248 24 91 124 99 170 213 240 149 251 48 88 163 17 106 142
    67 3 153 41 231 13 212 11 239 103 216 211 144 215 238 29 134 52 143
    226 107 169 232 20 244 210 162 255 0 43 67 82 84 182 37 189 75 11
    109 135 4 208 128 156 83 215 200 129 1 12 78 186 69 142 202 223 155
    250 146 162 78 94 208 221 227 124 116 161 81 113 206 213 71 147 98
    39 18 36 156 126 224 157 171 202 25 103 168 157 143 33 34 164 230
    201 98 255 100 137 179 76 156 249 103 20 13 255 91 217 204 196 54
    129 199 132 57 27 228 49 222 64 57 149 123 183 85 47 119 37 71 223
    205 61 116 234 48 230 103 194 14 55 62 207 82 90 175 0 7 211 236 73
    49 254 62 48 58 155 129 140 174 118 38 46 109 69 120 250 140 141 31
    38 57 51 79 25 222 12 230 149 147 88 35 37 208 72 43 228 255 183 12
    54 108 58 170 52 130 192 59 24 241 189 215 144 252 128 176 100 250
    90 63 155 28 39 210 133 225 43 197 213 42 114 207 223 95 164 226 142
    242 137 212 142 190 233 194 178 158 222 68 124 188 225 2 3 8 2 46 97
    222 181 120 217 142 150 234 92 146 148 55 201 59 135 168 180 193 195
    133 109 233 70 156 213 7 148 18 93 17 198 213 214 165 90 98 160 11
    163 212 67 127 157 151 68 123 13 220 91 58 244 151 107 4 228 187 154
    197 76 214 25 176 131 150 52 251 52 44 68 195 247 250 38 50 203 182
    182 208 12 211 106 164 66 145 34 22 238 100 52 138 22 243 28 37 255
    250 145 77 239 166 130 108 108 146 178 171 17 236 102 213 225 76 254
    89 94 143 249 141 140 150 151 189 178 239 68 61 115 254 10 50 94 93
    139 118 60 10 54 193 243 246 201 137 116 207 140 101 198 187 227 94
    165 117 182 46 27 132 62 138 255 236 120 107 206 169 47 215 249 13
    113 152 52 75 196 37 94 80 95 216 113 0 143 75 111 160 98 166 48 111
    123 240 239 165 250 158 118 7 250 106 140 26 219 158 157 225 3 128
    58 30 21 184 79 17 237 119 200 67 231 217 81 88 194 212 10 196 251
    126 22 122 108 15 220 157 0 100 135 38 43 45 10 18 200 23 207 142 13
    153 255 85 194 252 218 0 5 205 111 47 71 76 182 99 64 125 23 32 213
    238 203 137 218 102 221 124 97 0 178 132 56 237 13 142 178 55 189 16
    37 173 124 130 113 133 42 212 79 0 156 136 231 73 101 19 145 43 219
    105 176 179 230 39 248 156 118 229 248 104 15 221 182 186 189 139
    237 170 143 164 212 225 178 129 7 186 17 209 62 97 32 19 226 182 221
    13 103 165 140 76 30 131 64 235 161 237 214 193 50 74 10 7 11 113 94
    175 144 97 240 223 56 105 157 225 126 21 199 173 224 235 224 251 203
    186 164 134 59 15 225 138 228 84 196 223 198 230 71 245 219 47 197
    214 180 242 244 129 2 75 253 183 193 44 106 7 184 81 94 7 139 10 194
    38 168 92 2 213 133 41 218 238 241 21 222 144 187 138 22 81 67 192 7
    187 238 85 198 212 208 54 234 109 127 102 221 169 57 58 32 237 184
    219 133 234 66 172 108 37 27 255 133 180 39 243 210 242 120 22 237
    93 25 196 243 13 110 67 151 165 167 198 149 44 34 225 88 245 225 19
    35 119 173 163 88 2 190 198 220 177 180 176 131 78 180 109 64 135
    255 232 95 222 106 158 194 168 125 39 151 94 136 52 150 153 92 127
    96 31 222 23 153 151 240 8 69 46 210 1 57 199 192 157 122 227 93 247
    59 225 162 188 122 209 219 224 5 220 138 62 55 39 202 251 169 206 62
    46 192 155 32 160 13 161 153 94 93 142 194 240 14 199 70 33 124 71
    168 33 249 140 0 60 105 39 116 152 4 137 205 132 230 43 214 215 173
    167 185 95 126 95 248 53 21 3 119 21 85 55 88 43 230 163 147 217 16
    138 200 231 232 122 38 232 213 46 228 210 171 245 143 58 203 254 54
    223 1 107 109 145 194 28 91 36 110 39 114 56 165 88 8 193 146 213
    242 163 79 175 49 10 44 61 41 232 184 15 251 187 105 52 76 110 215
    105 95 27 153 105 134 182 148 128 72 107 197 169 249 239 154 157 235
    243 194 253 193 134 155 149 252 151 194 20 139 25 120 40 150 103 232
    11 209 107 75 76 80 32 159 49 166 39 98 55 37 47 35 225 111 243 106
    14 196 67 244 54 98 159 246 54 217 92 173 227 213 17 97 54 3 99 227
    65 82 135 164 252 145 151 212 123 252 239 151 198 230 111 214 42 177
    173 212 179 169 147 147 165 198 174 215 70 40 92 77 160 92 141 51
    224 236 187 196 54 150 15 217 240 131 195 135 180 207 53 180 124 190
    95 218 4 37 172 61 188 208 200 202 109 228 162 78 87 211 42 164 50
    44 17 144 189 50 67 52 41 97 118 39 131 176 247 37 164 1 113 195 11
    214 57 194 112 123 67 6 27 65 71 244 170 232 173 76 192 87 124 30 92
    35 102 41 255 246 221 14 94 117 22 100 83 165 208 152 48 24 145 32
    128 120 5 106 189 212 228 8 123 243 135 176 166 245 92 148 27 52 170
    173 77 68 80 37 143 84 231 142 241 153 28 134 139 178 136 49 124 164
    164 230 156 17 151 120 47 159 194 118 186 153 170 16 81 225 12 24
    133 133 187 230 241 20 3 83 44 207 69 238 225 165 43 58 217 29 72
    216 107 197 43 31 132 129 30 52 61 58 253 178 133 82 247 138 45 74
    223 230 83 77 61 190 94 152 154 114 68 203 146 138 165 96 53 131 24
    26 113 235 117 127 166 26 197 22 230 7 117 247 29 214 78 196 81 57
    251 224 239 138 70 66 186 238 119 113 220 0 12 0 70 100 249 104 138
    160 202 8 132 58 193 75 242 205 47 254 255 147 134 210 146 164 187
    174 164 99 13 32 157 91 219 124 91 51 183 119 151 157 124 202 12 171
    15 158 35 46 17 184 19 167 102 177 224 23 202 216 127 237 71 43 178
    216 33 206 121 178 229 17 186 151 168 114 157 206 99 69 247 127 159
    174 54 99 202 137 226 130 229 9 14 177 208 207 166 30 170 254 194 4
    223 224 168 17 63 26 14 99 178 92 84 225 43 165 0 13 106 153 252 233
    86 212 227 80 170 49 20 184 180 107 69 55 84 245 41 149 22 1 200 2
    142 33 75 153 229 170 141 223 62 249 160 255 83 78 183 123 53 101
    195 94 236 168 200 251 2 158 34 253 130 173 27 13 154 67 164 207 252
    64 43 130 22 137 48 183 209 254 140 119 200 39 32 17 158 22 202 24
    64 96 33 208 187 107 80 209 71 100 166 187 232 27 186 237 192 118 31
    150 78 11 238 39 233 65 113 135 21 44 249 45 241 24 74 220 57 241
    109 10 217 202 57 87 65 238 55 239 3 7 231 231 60 217 114 240 181
    234 35 69 206 245 224 154 2 46 150 92 123 217 86 138 39 121 140 4 26
    52 22 159 182 76 211 211 151 71 250 199 41 86 8 77 234 49 168 233
    118 151 40 111 192 87 199 130 57 134 195 54 227 199 99 127 51 145 42
    222 120 153 229 73 180 116 224 56 12 14 222 210 196 182 54 104 125
    67 136 225 184 200 61 154 90 216 4 107 215 76 147 17 150 86 40 63 89
    112 4 193 183 133 196 92 192 21 152 138 74 115 143 238 1 197 203 96
    82 30 186 239 165 67 10 155 93 28 162 108 172 103 136 152 30 130 23
    66 47 152 136 85 62 66 216 101 142 17 68 76 87 81 39 146 169 165 91
    128 158 26 246 126 222 180 66 59 36 196 76 42 247 224 44 181 234 37
    142 60 54 79 125 10 64 173 137 231 33 130 76 246 148 140 245 19 246
    211 55 164 242 58 11 142 15 162 8 117 104 46 113 220 117 95 115 254
    169 51 251 57 233 36 32 206 102 65 24 129 101 45 57 28 55 75 212 183
    29 150 72 45 92 65 73 146 102 169 176 108 236 63 94 158 217 208 224
    102 221 151 133 44 21 169 24 66 10 43 177 61 212 205 30 116 113 238
    203 181 80 155 150 141 162 147 236 46 161 95 128 32 175 204 30 152
    164 20 241 224 31 187 69 140 143 138 216 96 74 255 65 175 224 87 109
    63 27 99 84 13 162 241 197 240 66 35 248 103 133 70 13 140 164 80 87
    50 44 28 196 251 205 42 51 108 246 68 36 24 135 47 140 169 88 45 125
    103 146 150 126 128 121 59 117 219 116 144 245 63 230 104 208 55 26
    197 84 165 132 120 14 37 236 207 250 51 222 148 55 245 237 130 199
    247 4 84 138 147 243 116 39 191 1 20 164 120 255 184 193 199 100 169
    217 187 19 107 83 212 20 231 128 5 47 37 55 28 140 221 111 33 250 51
    220 209 218 91 166 117 63 45 44 132 230 107 208 219 210 174 163 13
    16 96 214 31 139 226 175 86 144 41 143 238 232 41 42 189 217 28 72
    169 162 186 207 136 131 182 79 47 248 230 153 3 107 221 61 237 50 3
    222 89 117 34 69 125 18 235 246 202 143 34 117 45 153 27 243 224 222
    249 230 251 66 210 107 145 239 221 9 3 210 141 11 162 206 15 236 37
    248 152 42 214 195 244 159 224 36 68 146 149 201 40 191 230 185 13
    191 66 13 102 14 246 164 159 243 35 1 136 55 182 142 156 223 42 118
    241 235 237 227 77 53 111 228 78 200 238 128 109 72 128 25 243 57
    223 130 23 211 168 51 154 203 203 7 11 217 176 154 214 22 28 136 252
    69 153 178 137 25 14 29 247 174 84 68 25 53 238 221 191 178 64 85 97
    143 221 53 219 229 164 92 209 164 117 80 66 242 154 4 83 224 0 246
    215 26 173 147 25 244 154 135 182 118 206 17 45 181 66 148 117 230 2
    214 219 148 204 25 82 78 251 184 188 88 77 56 160 108 251 197 7 253
    204 232 248 45 145 42 82 237 58 64 239 41 137 76 151 13 173 32 227
    192 100 29 67 14 20 156 164 89 74 97 138 255 71 20 43 119 240 147
    204 13 186 212 210 2 68 215 167 59 182 165 70 25 8 57 123 160 2 5 89
    205 188 19 135 57 140 142 77 62 22 207 100 89 36 40 218 252 105 72
    151 85 127 97 242 87 116 171 108 132 167 35 97 25 152 9 24 157 51
    139 170 35 250 87 97 154 98 41 239 165 188 10 43 173 124 229 1 206
    212 125 66 9 195 190 50 50 118 145 184 120 81 231 45 100 52 13 63
    132 44 230 130 141 48 213 49 235 208 188 109 245 231 82 144 225 228
    165 138 188 0 81 105 137 197 41 69 190 62 221 149 210 132 187 45 105
    214 177 254 156 246 12 97 26 78 63 149 168 177 47 22 139 48 163 88
    219 88 222 65 8 51 229 234 151 203 135 94 157 139 250 122 90 32 21
    129 0 60 189 211 122 197 196 180 96 164 103 190 106 237 136 167 140
    208 226 84 250 106 108 156 116 154 113 223 92 167 102 163 159 126 12
    61 210 86 9 7 144 210 209 235 192 179 226 178 89 237 75 201 155 153
    31 136 140 86 251 65 183 214 189 54 95 250 119 236 156 250 248 124
    166 229 86 220 226 78 62 3 238 55 57 104 78 99 148 137 161 71 118 39
    60 224 90 102 28 81 76 153 72 96 126 249 121 126 139 164 159 239 18
    169 184 185 24 141 100 158 5 171 126 191 231 61 233 254 244 223 151
    229 132 45 199 39 80 205 129 134 160 194 186 160 32 135 94 232 239
    95 175 126 102 72 25 202 23 137 239 199 113 200 2 58 133 21 80 229
    128 85 111 73 69 51 72 213 85 185 214 253 68 221 204 182 62 206 116
    167 233 193 215 56 110 76 36 187 60 157 42 239 183 216 181 89 124
    188 222 88 63 177 25 117 64 213 202 44 27 51 175 173 125 179 175 112
    179 20 118 69 181 36 241 77 14 5 132 240 154 132 35 141 115 46 204
    250 75 164 26 33 52 82 60 162 142 83 11 101 202 200 5 17 183 243 145
    98 172 27 126 157 222 100 138 186 113 244 196 73 91 129 236 96 94 79
    49 132 175 144 189 49 0 212 156 227 14 61 88 230 146 21 57 146 174
    209 222 103 80 252 103 241 69 94 12 161 27 224 3 8 187 13 162 186
    118 151 110 134 254 191 233 79 224 37 63 86 47 86 187 105 111 18 217
    164 213 78 116 218 95 142 77 225 55 16 78 176 82 210 85 51 85 52 213
    14 13 196 67 114 105 230 11 145 232 139 54 31 81 160 251 10 51 40 7
    199 120 198 6 226 99 95 140 75 63 138 234 120 164 116 99 195 212 32
    155 33 88 254 101 127 107 145 150 99 246 104 253 10 17 193 153 242
    245 83 130 245 75 11 27 234 81 125 244 247 84 98 246 109 199 145 196
    22 53 144 168 250 121 49 121 229 225 21 182 44 82 23 120 98 130 22
    63 162 81 223 165 149 67 86 27 8 172 5 8 151 38 58 178 13 98 34 66
    39 82 74 71 143 249 102 198 10 179 218 201 63 190 162 245 209 163 44
    37 140 179 185 109 137 154 48 13 112 21 199 121 37 128 107 146 81 84
    243 33 104 3 8 51 195 123 37 207 161 164 204 36 140 75 39 216 141
    115 227 254 252 160 224 195 94 50 55 58 176 109 182 209 198 59 79
    116 5 143 76 128 153 19 81 25 1 222 207 222 197 222 196 201 29 109
    98 134 115 39 214 5 105 163 60 171 71 229 15 24 63 142 207 240 203
    70 244 204 248 246 100 118 173 241 58 121 169 119 37 12 34 38 227
    150 43 241 195 26 229 117 209 101 39 156 21 240 171 78 144 84 39 149
    244 8 247 164 213 189 203 30 156 242 193 173 12 206 166 188 114 153
    165 221 24 98 205 156 23 107 204 199 34 222 28 22 173 83 37 99 156
    156 213 147 178 39 113 108 110 237 238 194 141 72 97 106 187 22 150
    246 175 201 212 211 48 2 126 169 147 60 255 48 114 64 238 146 231
    254 203 91 238 121 223 138 243 38 120 195 85 95 57 158 62 100 147
    233 27 166 54 116 205 140 132 151 85 126 197 220 245 186 106 1 248 8
    217 132 158 0 90 149 170 69 118 91 43 162 57 181 168 47 61 71 245
    136 230 155 91 2 88 143 71 55 236 245 43 94 20 226 128 8 69 120 180
    138 183 87 201 174 187 94 83 21 115 88 103 52 8 249 56 68 180 233 80
    238 177 210 253 190 108 18 13 215 174 170 107 86 15 222 145 100 221
    44 17 216 142 109 238 152 211 84 38 133 55 193 134 226 68 235 162 75
    162 30 191 150 153 102 134 143 1 166 194 158 8 156 57 215 115 16 131
    111 23 55 125 79 59 160 253 201 61 15 121 220 42 230 129 9 126 25 55
    197 138 234 60 98 241 188 72 140 159 234 122 242 107 218 178 78 135
    6 236 144 84 54 72 159 193 35 9 113 144 109 35 82 62 207 205 204 14
    187 23 247 49 207 79 51 143 54 233 66 204 115 40 244 25 232 114 142
    145 96 41 67 230 110 199 101 179 253 103 117 225 136 235 6 147 43 91
    116 252 111 76 245 129 245 35 68 60 67 246 225 99 137 118 253 5 43
    62 80 133 52 21 145 55 148 174 240 95 134 92 56 95 180 89 254 117 95
    74 66 200 218 66 38 61 90 184 48 149 90 54 164 116 208 16 65 48 81
    14 87 32 34 221 169 26 34 33 225 53 171 153 212 91 6 145 15 123 242
    173 55 173 98 238 84 2 14 10 152 49 73 169 136 199 49 105 220 53 188
    218 214 115 84 27 122 197 222 95 87 121 152 200 157 238 65 78 207
    105 2 33 191 110 215 22 84 179 65 157 107 216 188 36 233 106 229 249
    113 82 69 166 30 11 186 1 109 92 47 113 123 107 23 21 201 171 129
    234 229 89 106 97 255 192 173 201 232 76 164 247 207 251 210 166 212
    94 180 139 175 98 169 141 35 219 81 98 117 67 237 221 10 134 125 189
    252 230 103 117 229 254 38 116 180 61 77 162 126 142 207 53 127 78
    155 28 230 146 219 186 80 56 186 72 194 29 240 235 24 152 39 156 34
    65 16 252 211 182 157 176 219 229 55 62 207 47 60 112 150 121 29 49
    104 218 235 249 26 119 229 167 83 18 198 189 12 174 15 144 98 79 230
    221 7 220 130 192 179 91 26 229 211 61 57 216 50 70 60 18 150 17 123
    141 192 153 52 212 142 137 158 49 138 83 75 74 149 112 83 119 7 99
    130 66 9 244 210 159 26 203 82 217 43 236 40 72 227 222 64 62 165 0
    145 140 106 23 227 205 212 46 82 216 128 201 36 233 71 140 161 189
    58 77 29 17 72 230 43 233 117 118 21 146 170 34 141 98 50 15 106 51
    101 14 228 146 168 24 48 131 117 59 51 25 12 165 0 69 109 245 61 72
    0 115 17 9 244 102 53 173 189 135 189 41 69 3 95 20 252 192 110 88
    70 20 186 250 39 13 23 228 244 240 183 202 48 148 152 150 254 188
    168 159 74 181 56 162 69 178 91 44 9 192 207 133 199 203 155 182 179
    78 159 209 99 112 201 66 105 232 247 221 99 93 42 181 229 13 97 48
    238 255 50 95 92 9 115 43 232 235 17 249 63 34 40 161 195 187 215 55
    5 135 77 85 201 6 160 152 187 56 15 143 78 89 142 43 25 210 4 213 95
    143 211 69 215 192 167 169 94 234 191 128 103 6 200 160 27 225 124
    122 175 209 124 61 7 44 207 68 233 145 119 167 91 138 41 171 30 229
    234 150 165 44 36 212 152 121 161 173 41 26 116 52 79 76 29 195 75
    254 245 117 140 161 156 182 253 246 110 136 147 112 49 207 26 134
    241 214 101 125 156 197 115 39 229 192 238 138 34 4 137 56 179 0 11
    173 150 251 146 206 48 87 192 202 176 129 92 10 29 169 176 92 139 0
    124 176 151 221 36 253 55 224 110 160 210 107 13 144 196 142 121 101
    36 11 226 134 226 61 102 175 110 49 87 17 68 242 173 201 181 133 8
    181 152 170 39 97 154 134 122 13 161 75 243 150 13 64 113 157 11 153
    197 223 66 237 72 18 10 159 214 22 66 65 20 201 76 164 106 197 246
    55 101 197 100 130 146 175 101 178 44 58 62 110 216 247 191 252 193
    202 103 197 169 27 14 172 239 220 67 115 43 83 192 76 1 41 8 239 161
    78 217 215 126 108 79 177 20 237 96 56 7 215 84 19 156 246 220 121
    194 239 34 25 1 159 255 228 160 170 24 254 200 223 98 82 123 229 5
    61 205 182 34 155 96 61 172 75 102 144 134 65 27 174 148 59 104 211
    82 19 94 67 92 201 84 1 135 66 38 198 184 69 188 177 181 1 191 232
    180 117 4 101 188 223 175 228 140 198 157 131 247 229 40 130 189 239
    241 69 149 77 228 224 170 88 106 198 252 14 92 60 172 48 208 133 62
    139 208 145 147 59 3 46 94 78 189 170 251 239 115 102 93 27 172 178
    72 183 138 192 204 248 70 178 38 170 230 253 241 60 10 123 61 231
    124 49 139 1 161 179 83 17 21 129 218 57 35 138 108 239 145 238 95
    114 210 210 220 166 44 179 190 170 217 64 96 196 9 120 208 183 213 9
    53 205 5 57 138 252 41 90 172 248 142 207 148 58 131 143 42 107 121
    238 52 23 176 223 252 175 230 210 50 77 255 186 205 12 165 68 247
    102 46 246 57 110 251 112 162 65 51 236 177 194 207 144 125 49 3 71
    165 101 115 212 165 116 72 13 129 194 143 228 2 247 117 104 78 72 67
    74 200 33 21 172 37 59 31 61 242 178 17 132 21 247 183 181 159 158
    249 227 37 229 111 49 189 134 41 77 8 254 45 131 233 89 212 119 67
    167 156 36 86 212 125 136 28 96 178 178 144 70 98 65 195 125 217 25
    117 183 133 56 237 129 7 130 193 66 172 195 142 182 33 38 79 95 155
    193 252 95 88 199 79 168 84 113 241 24 37 223 36 63 77 25 7 148 174
    30 62 150 82 4 168 144 86 66 27 178 219 110 40 175 110 135 14 151
    103 94 221 18 61 255 251 237 156 174 218 185 112 50 60 211 63 38 165
    37 220 121 149 148 218 37 156 221 213 96 120 27 39 75 119 163 149
    111 245 229 56 5 236 81 166 144 3 225 81 198 94 227 56 61 135 168
    152 40 57 15 186 27 195 147 140 39 225 74 130 72 212 233 196 195 239
    74 154 253 13 150 169 73 47 39 198 240 110 59 228 124 43 112 115 61
    189 8 148 198 58 122 67 123 252 199 189 237 139 39 76 124 216 3 4
    152 147 59 85 40 68 180 244 45 243 228 29 209 31 90 18 167 67 63 251
    159 19 135 199 132 192 161 215 153 211 188 251 180 133 245 246 224
    22 181 211 61 132 134 221 3 155 179 28 8 97 132 120 201 251 126 163
    13 166 169 161 237 2 150 255 105 36 21 236 187 162 151 11 30 156 206
    48 159 119 17 85 45 102 102 187 217 96 20 251 40 77 96 115 137 100
    235 111 111 196 171 76 245 88 154 142 141 6 125 244 145 191 191 165
    93 54 87 42 135 226 11 123 200 6 89 23 202 150 163 57 103 8 14 102
    168 232 9 123 163 235 170 7 203 77 58 194 59 5 193 246 39 152 109
    118 142 28 0 43 188 133 213 194 171 174 5 98 40 11 201 103 24 174 16
    171 95 138 134 158 166 168 7 244 248 94 24 105 92 117 89 19 65 203
    110 193 187 135 176 118 78 216 250 49 230 3 189 51 153 122 245 19 73
    224 210 75 192 189 74 128 1 185 19 230 226 200 247 152 234 81 23 11
    232 155 130 224 114 37 62 112 124 170 172 235 214 155 8 124 47 120
    205 186 232 235 88 85 83 60 241 59 174 186 240 52 203 30 139 228 127
    5 163 41 114 176 94 235 1 55 93 212 84 139 102 189 170 207 125 133
    32 23 185 96 8 54 127 141 175 117 160 34 58 139 14 111 40 227 66 139
    251 237 254 96 51 164 205 159 204 29 36 243 119 214 25 7 120 150 2
    64 143 18 181 206 192 97 131 112 2 170 161 10 163 140 168 34 246 197
    100 23 189 186 163 11 2 205 206 232 198 70 35 128 75 81 59 194 191
    20 120 172 244 58 17 12 232 177 195 171 21 89 61 247 198 181 147 76
    200 81 139 152 226 151 139 0 91 17 187 229 65 60 241 190 67 152 126
    106 58 213 121 55 32 196 194 88 66 204 31 67 216 40 140 117 27 141
    132 89 151 214 96 21 217 89 188 182 118 136 60 99 178 172 96 223 112
    203 152 108 226 56 209 189 134 135 24 172 67 204 105 23 134 67 127
    167 53 191 195 70 154 185 14 127 204 244 222 201 140 45 202 116 149
    228 184 88 226 83 138 1 24 194 126 120 214 63 105 191 50 226 78 168
    191 134 121 232 29 56 18 232 131 178 251 228 190 190 37 255 226 116
    11 111 156 180 175 111 27 250 199 77 120 20 123 128 72 49 174 50 163
    208 43 181 149 123 167 118 207 192 175 216 237 53 110 220 31 172 155
    234 218 14 7 151 85 200 43 92 224 237 141 191 65 39 10 66 4 152 83
    220 59 172 19 120 97 20 140 172 239 24 170 89 78 211 108 154 192 102
    28 5 186 236 215 13 198 244 181 129 142 188 234 136 161 170 208 148
    176 58 135 252 24 89 153 170 196 74 59 25 181 131 229 213 218 211
    232 246 86 226 22 209 105 201 4 247 227 105 172 147 186 184 21 88
    104 188 66 12 113 110 122 188 25 179 48 103 3 240 21 223 134 67 122
    143 115 242 49 41 129 233 36 138 36 152 111 66 36 212 3 151 245 195
    120 182 114 128 59 248 153 70 255 113 22 8 164 180 45 89 126 57 216
    132 170 84 42 91 241 104 13 245 30 225 209 101 240 15 69 136 128 247
    168 214 39 208 244 38 235 12 209 3 38 49 197 249 235 19 195 239 242
    135 92 79 132 62 62 175 84 199 12 122 245 245 48 205 8 244 172 72 4
    221 18 78 62 185 170 226 96 209 69 210 232 208 31 153 109 148 7 62
    181 175 1 14 185 143 181 4 71 66 200 9 130 25 126 239 89 177 68 95
    223 205 104 14 72 106 248 37 158 23 127 130 244 19 205 67 44 146 81
    188 191 46 74 193 254 86 152 124 62 89 137 251 99 228 244 111 111
    139 43 36 43 85 129 133 119 24 165 251 161 82 168 123 249 187 44 46
    10 81 161 12 93 205 224 174 185 99 85 114 38 132 2 233 86 227 108
    215 36 69 73 170 199 114 92 177 170 149 25 90 51 16 180 154 34 115
    56 105 47 99 29 204 248 201 26 173 248 205 29 217 232 195 181 153
    237 0 127 20 62 213 178 81 129 106 149 247 59 133 254 240 8 18 18
    185 64 9 88 81 4 113 59 51 65 99 228 251 120 72 251 191 126 219 162
    182 61 68 107 235 192 62 178 65 21 232 196 212 228 32 81 42 130 228
    82 205 71 69 162 104 249 77 181 114 65 114 250 101 18 164 50 91 121
    61 191 88 106 213 116 29 23 145 61 224 202 9 189 170 89 170 84 184
    137 122 167 186 134 109 100 161 94 143 65 157 237 51 164 115 30 33
    80 252 159 153 117 126 160 150 205 53 240 254 72 39 180 65 173 52 42
    158 145 192 78 78 69 165 154 248 235 209 222 83 133 114 202 179 214
    135 65 168 173 179 25 86 146 16 57 192 102 83 15 107 114 148 90 44
    112 61 209 34 162 113 129 16 207 104 161 188 104 161 200 44 75 152
    196 133 254 102 117 142 150 210 163 225 163 61 229 215 251 3 182 3
    117 193 198 124 168 12 248 179 40 231 236 74 126 91 2 220 94 61 202
    71 5 199 226 196 67 103 171 123 101 98 10 46 2 146 60 87 196 239 247
    223 193 112 60 215 121 175 165 88 26 126 211 192 19 112 99 224 140
    90 227 239 82 145 241 12 174 8 112 8 9 218 26 103 152 158 195 209
    167 132 92 131 116 53 108 33 161 25 212 45 162 93 58 55 21 32 204
    225 65 151 26 53 53 179 124 103 176 103 182 233 52 138 227 19 201 20
    196 10 110 229 114 40 218 30 185 19 179 212 8 75 17 192 198 43 235
    53 252 150 23 93 252 133 156 62 238 150 55 109 214 17 211 180 129 89
    183 205 55 161 222 158 144 31 16 9 14 238 84 117 153 147 156 155 226
    66 160 157 140 57 164 30 175 171 249 22 219 15 237 88 52 222 144 75
    34 118 158 94 121 208 132 69 197 223 86 245 59 205 210 90 96 189 7
    169 149 57 60 139 147 56 51 226 54 224 18 128 8 69 21 166 182 201
    176 239 120 253 192 79 85 235 133 72 56 197 126 46 46 13 84 230 9
    160 201 123 233 47 85 200 165 243 59 191 83 116 111 55 3 18 53 6 175
    143 136 80 191 60 252 222 106 120 113 138 84 67 81 116 107 81 34 112
    103 21 244 200 185 173 229 182 197 138 140 178 69 100 254 2 203 245
    213 176 212 73 69 206 117 237 232 16 242 183 190 76 91 155 137 133
    96 5 69 28 199 180 228 159 231 225 58 17 75 78 143 108 238 94 10 166
    104 116 245 212 208 236 53 68 176 51 98 26 243 53 72 124 240 190 17
    144 125 255 28 115 245 46 103 57 191 44 28 123 141 200 18 247 106 35
    95 84 162 191 22 109 177 48 174 121 92 102 250 250 180 115 0 106 233
    216 111 29 80 67 98 231 43 53 26 55 150 48 139 231 34 240 146 89 58
    179 128 59 182 244 120 186 109 90 217 209 58 8 28 206 138 69 11 230
    255 69 41 237 25 58 131 90 178 164 185 178 140 206 132 21 217 77 212
    84 148 241 170 223 66 88 200 253 52 244 23 229 4 146 68 165 65 46 73
    166 206 74 1 198 50 167 236 213 87 37 55 53 95 84 115 175 11 162 29
    115 108 192 170 39 7 126 74 255 12 222 213 185 167 176 188 51 41 174
    253 242 47 67 133 94 253 183 98 54 85 135 237 7 229 65 69 5 146 51
    59 20 159 223 75 213 144 149 48 208 114 216 2 9 216 39 193 241 78 19
    217 58 181 229 146 121 246 212 45 167 82 220 147 111 119 28 70 212
    163 255 58 29 82 128 31 148 174 29 97 24 42 164 186 239 185 197 192
    184 239 110 253 140 204 64 198 11 90 216 185 59 162 58 126 173 194
    195 99 47 144 233 148 51 39 49 136 194 99 8 242 86 66 183 179 179
    231 173 113 226 77 184 204 16 15 44 206 161 2 1 19 125 24 155 135 8
    251 183 119 170 185 187 221 107 222 15 23 6 212 251 68 136 175 171
    40 95 125 243 48 190 6 208 28 188 189 245 122 55 198 45 195 255 132
    54 218 193 122 149 27 56 71 105 227 144 19 47 122 129 191 93 39 217
    57 243 89 76 190 114 45 170 184 0 242 207 93 89 9 200 85 98 117 77
    149 76 130 184 239 129 124 20 249 105 217 39 43 31 158 2 67 85 116
    186 188 17 139 43 180 66 93 173 72 184 245 202 115 80 178 181 1 233
    48 7 39 56 117 49 17 112 221 227 10 193 33 197 154 88 101 207 152
    134 72 8 243 145 103 135 239 251 81 178 152 32 192 182 41 161 111 98
    41 134 253 21 72 156 84 2 174 254 200 26 235 199 107 5 186 8 84 217
    142 6 176 87 194 99 26 127 44 40 98 253 6 159 115 217 85 92 51 29
    245 83 127 228 244 2 13 72 153 102 70 208 234 158 242 25 111 120 124
    108 8 24 234 163 149 121 155 1 32 188 181 18 235 188 72 80 99 242
    223 123 215 24 179 77 63 188 162 40 169 116 1 44 188 159 42 221 189
    63 96 185 45 162 99 20 233 224 113 136 158 117 137 131 221 204 12
    210 74 51 170 41 196 7 98 141 89 76 120 96 210 95 58 213 23 97 144
    73 149 8 158 176 222 9 127 191 52 16 174 196 240 57 143 21 0 102 201
    187 183 18 56 103 44 26 144 80 149 234 171 84 206 84 57 43 93 124
    214 156 158 16 70 239 27 94 34 48 247 60 104 100 229 28 28 179 128
    135 254 51 52 96 135 124 13 81 181 118 50 44 98 196 4 27 88 102 27
    85 79 86 129 117 230 137 102 179 226 184 225 218 14 96 230 244 225 7
    216 175 72 34 87 63 164 0 138 195 32 116 72 41 222 83 223 242 248
    137 210 181 218 199 32 165 84 23 136 47 215 9 35 58 225 34 45 180
    111 182 255 67 240 99 147 167 88 70 104 229 90 14 111 123 19 47 127
    91 187 85 139 55 155 135 87 167 226 248 221 31 122 89 207 231 211
    153 160 145 161 223 121 239 43 163 20 10 246 92 182 23 169 64 99 173
    181 106 119 224 54 63 156 53 182 157 129 60 138 46 212 208 122 187
    235 148 219 194 60 24 205 138 8 30 27 144 246 81 61 200 32 73 95 144
    53 55 13 62 55 181 232 2 228 131 224 55 218 122 180 89 39 112 100
    238 167 131 225 223 29 13 254 9 201 160 59 206 241 152 169 112 162 0
    17 224 208 221 6 217 155 13 132 17 151 220 4 20 91 70 164 75 49 155
    110 7 195 225 190 2 14 56 245 106 74 51 93 96 235 168 103 133 21 160
    166 227 148 211 242 146 240 72 124 243 243 72 159 148 239 130 88 175
    180 165 7 101 126 62 182 184 106 151 67 132 253 48 102 244 94 251
    116 183 212 174 232 64 143 144 197 156 83 110 193 224 141 157 171
    187 240 183 71 234 215 183 251 92 224 207 5 99 196 158 232 159 198
    37 190 134 166 253 211 130 0 172 226 213 129 122 60 214 49 56 228
    174 91 199 115 50 209 94 155 159 77 46 24 80 216 158 146 18 59 254
    250 17 116 98 166 142 138 78 142 150 230 240 56 120 86 126 251 97 65
    31 109 241 185 64 92 169 194 143 70 90 129 241 82 197 152 7 236 134
    165 73 233 105 22 191 8 213 150 49 91 113 139 42 60 4 196 211 238
    252 80 103 144 62 230 246 141 43 208 248 75 105 24 120 156 99 104
    164 145 154 114 226 116 242 92 75 20 108 135 201 176 168 22 128 222
    189 219 138 56 239 217 172 235 65 117 173 109 96 133 167 20 118 135
    26 212 8 83 125 69 32 142 167 42 106 138 196 179 143 71 167 240 150
    1 185 233 115 181 30 74 251 167 80 183 209 186 193 32 170 165 2 86
    248 255 196 246 25 196 30 100 229 69 124 56 57 226 83 176 95 65 144
    110 185 54 72 228 212 205 185 242 97 129 101 58 209 169 62 67 19 64
    46 87 176 52 120 184 14 131 236 124 137 168 63 219 216 157 132 217
    49 167 252 180 157 207 131 54 76 101 148 249 159 137 137 229 106 107
    190 255 28 67 166 158 244 61 86 26 215 32 56 154 212 126 87 49 146
    127 47 239 48 108 247 186 174 6 66 4 212 136 73 157 166 88 22 165
    251 214 135 80 13 253 76 93 91 114 40 151 189 87 172 50 153 32 193
    226 253 241 240 249 182 135 36 114 135 252 17 62 229 184 68 189 5
    147 187 140 114 29 243 198 124 203 104 1 43 174 57 137 36 77 142 48
    106 202 81 78 173 198 164 95 70 74 202 61 193 71 153 24 46 181 38 25
    140 114 192 49 62 87 168 70 255 34 209 148 61 142 249 153 83 152 19
    47 5 238 104 228 203 222 6 25 179 105 224 251 50 52 246 34 5 36 91
    208 224 129 159 57 174 148 160 175 41 227 119 84 25 199 237 242 56
    128 88 250 143 41 101 186 110 165 250 27 145 39 150 0 111 92 251 102
    216 36 115 130 174 249 195 84 75 227 135 153 212 184 220 117 79 220
    38 103 14 42 115 64 113 62 60 91 110 169 206 240 232 27 35 238 55
    163 197 104 244 158 76 223 209 248 27 62 101 15 73 202 230 34 228 5
    35 44 43 159 153 185 20 180 239 166 149 139 231 156 216 158 146 255
    87 229 118 158 60 236 147 219 21 217 144 164 6 69 180 10 217 21 203
    141 217 14 42 182 121 88 73 202 239 24 129 242 90 138 169 212 66 81
    111 6 155 152 60 10 169 85 196 145 79 240 79 117 199 58 217 183 161
    189 242 224 208 161 183 253 151 156 18 25 1 58 122 244 4 228 195 39
    2 101 227 56 144 85 255 26 114 103 170 145 159 42 229 149 182 76 209
    140 201 127 252 50 39 89 76 86 46 204 127 207 86 24 245 169 226 99
    93 130 121 209 179 94 232 185 57 128 225 160 19 49 179 247 177 141
    169 16 98 232 44 127 68 91 229 133 7 219 79 190 238 154 98 129 194
    146 226 152 253 80 208 34 246 89 249 133 205 18 212 62 90 190 235 49
    58 62 229 98 255 152 179 52 235 39 214 145 251 120 189 49 153 93 96
    178 12 177 216 172 221 19 220 107 88 245 70 245 145 133 230 14 178
    195 48 255 215 124 214 122 180 114 7 183 71 74 16 25 137 228 81 8 4
    229 152 150 241 183 93 199 132 209 216 30 139 98 78 62 177 72 74 197
    197 166 253 6 185 130 50 255 233 26 213 234 229 70 138 228 79 235
    228 148 54 73 0 166 1 96 255 124 65 132 82 221 191 165 147 139 131
    19 125 53 5 4 5 178 146 128 217 237 179 107 198 39 23 7 25 25 116 61
    243 213 68 184 38 4 210 27 250 42 217 213 59 179 154 52 29 38 63 244
    47 152 90 162 202 197 206 72 109 206 182 200 235 141 101 52 203 54
    81 169 173 255 32 92 84 125 237 131 187 40 193 143 51 164 63 254 153
    218 239 230 17 80 27 193 205 61 40 39 1 247 45 160 246 182 136 239
    44 120 246 43 71 118 53 35 219 186 238 26 234 127 159 165 83 109 102
    107 124 228 79 190 130 178 36 23 182 195 1 175 6 79 252 20 248 114
    153 80 116 4 214 28 218 164 201 170 167 54 61 132 235 88 61 183 89
    101 217 235 154 45 71 35 241 85 5 53 194 62 246 226 168 197 11 173
    195 111 84 144 241 6 80 91 77 1 20 61 193 246 199 97 90 199 245 18
    153 132 169 103 235 35 240 134 116 43 160 6 161 154 117 199 93 27
    112 81 137 89 68 30 245 62 251 172 214 233 205 222 25 30 225 216 96
    125 164 255 54 206 216 69 243 149 103 153 163 39 145 159 120 234 222
    155 138 177 165 217 177 216 61 140 226 81 212 3 58 60 146 224 82 106
    253 88 106 34 247 237 238 221 87 92 132 10 150 170 128 113 245 127
    27 134 102 126 234 34 152 58 48 121 154 225 206 47 136 24 190 9 70
    206 189 220 12 178 219 162 103 32 114 153 148 64 67 128 159 79 210
    221 241 129 131 27 31 240 204 55 26 148 44 169 167 48 134 177 106
    142 52 57 250 129 92 247 203 213 223 211 78 184 63 11 55 170 106 205
    186 110 111 124 225 114 36 43 159 66 227 125 41 21 155 100 197 2 104
    78 72 112 44 49 109 103 232 200 253 106 149 244 254 231 75 133 246
    152 93 164 154 165 155 19 210 100 104 133 133 201 194 231 42 120 163
    82 118 5 239 148 56 171 159 56 235 197 167 232 63 79 213 139 125 152
    23 94 63 144 64 243 100 39 13 91 164 252 61 34 8 148 198 179 143 103
    45 32 105 59 88 131 12 225 118 182 140 109 254 154 84 195 177 184
    251 247 115 253 58 177 76 161 23 116 149 184 221 169 206 119 73 150
    36 50 158 248 176 67 42 172 144 132 58 43 53 112 240 23 158 69 191 9
    78 172 125 162 84 154 48 243 253 125 210 67 111 15 8 18 110 60 94
    104 53 44 155 5 46 91 104 216 250 15 24 213 127 251 126 145 205 2 29
    133 47 109 193 64 48 129 109 60 77 6 216 62 124 17 108 94 108 120
    112 37 72 138 26 147 162 120 137 238 186 126 137 169 62 30 119 18
    158 85 2 239 237 105 253 112 61 59 245 250 19 96 17 189 145 206 221
    26 41 202 146 216 177 71 14 204 170 19 219 108 141 222 223 69 150
    103 17 20 149 58 105 149 55 189 228 93 153 152 135 137 229 247 2 240
    89 167 179 228 53 66 97 184 225 191 56 81 50 97 150 1 58 56 135 225
    11 179 214 33 109 21 8 236 162 91 61 87 99 128 149 132 125 87 115
    211 87 106 171 253 87 228 70 115 189 110 120 90 162 162 211 227 62
    18 194 11 50 31 210 236 239 120 250 170 226 87 4 187 197 207 146 50
    65 208 234 110 131 4 191 140 143 198 0 206 106 244 125 70 98 76 74
    20 224 90 234 134 225 44 25 87 177 51 138 169 72 108 104 150 125 239
    19 76 171 24 2 72 6 62 122 163 129 154 16 2 116 210 171 28 24 173
    165 189 48 152 30 111 179 246 195 215 241 2 221 191 26 148 79 249
    123 115 213 223 80 230 6 207 31 35 20 200 30 78 193 15 143 179 41
    106 238 122 137 13 148 134 109 233 240 6 223 4 2 252 208 135 146 225
    213 24 207 90 56 37 218 241 87 56 193 143 180 14 70 102 199 245 30
    160 211 191 103 225 231 186 110 37 151 243 7 234 177 114 248 149 99
    148 143 132 35 230 200 177 188 112 1 174 130 191 81 229 246 59 251
    75 248 114 234 15 0 152 84 30 59 0 133 93 27 73 55 106 48 76 195 7
    101 101 231 122 209 34 162 28 226 199 105 82 137 93 208 92 231 131
    241 64 210 81 75 135 139 116 61 59 146 197 223 237 165 97 133 28 240
    76 63 120 212 23 242 183 233 2 115 128 237 74 85 160 19 205 48 196
    88 175 93 4 4 188 95 139 196 70 214 177 253 197 142 243 120 144 219
    55 218 170 40 209 29 131 121 87 146 133 105 143 119 13 136 12 127 71
    224 61 86 207 208 210 192 242 128 142 77 55 152 248 9 36 120 81 143
    230 232 43 149 221 115 92 122 197 118 117 180 7 175 167 2 14 5 244
    124 102 182 129 16 70 231 223 250 189 217 106 45 150 158 42 185 169
    245 242 57 91 22 164 24 192 199 164 75 18 29 212 237 6 117 79 50 155
    67 118 52 113 3 178 196 78 100 247 9 73 60 99 13 195 182 209 125 158
    255 214 242 129 102 36 19 135 76 75 240 240 50 82 49 1 63 253 168
    178 176 84 50 176 233 80 71 93 178 166 70 133 249 135 123 87 41 12
    237 95 146 169 226 117 238 121 97 202 244 145 216 157 239 153 51 250
    23 83 109 189 132 20 176 90 215 168 252 70 177 197 3 168 30 131 254
    104 157 250 244 125 104 15 240 210 220 84 18 24 52 46 57 214 16 162
    61 81 85 244 192 51 235 60 185 107 98 255 207 175 26 255 118 127 159
    12 48 161 240 209 125 127 201 120 120 105 132 231 130 162 158 233
    103 56 138 71 224 142 26 203 21 210 201 162 87 88 63 56 144 234 231
    84 142 36 192 112 179 8 236 150 79 158 248 37 253 194 185 176 30 181
    190 246 38 100 63 177 85 115 212 212 131 172 178 222 119 232 80 246
    229 84 76 62 90 62 6 159 165 156 234 100 232 89 142 170 151 127 72
    248 2 131 185 15 148 153 42 121 111 215 185 111 121 156 98 61 99 154
    123 174 119 11 108 191 33 105 35 6 11 239 200 127 93 106 243 51 23
    106 113 234 240 181 126 154 194 214 182 50 201 106 192 15 132 149
    116 55 13 49 34 251 126 157 71 232 2 47 61 138 35 128 78 114 114 10
    73 201 32 216 202 140 55 106 145 228 232 200 209 29 44 8 161 89 131
    242 49 134 86 83 227 123 128 32 103 20 155 170 59 37 208 143 60 191
    124 19 70 236 12 188 59 249 255 95 32 162 65 241 211 115 58 17 202
    112 243 25 38 106 139 170 178 25 3 156 18 32 62 179 183 216 139 242
    217 204 30 217 171 115 6 241 180 62 156 218 235 252 95 174 243 63 97
    168 151 162 108 253 236 165 143 215 129 188 154 99 134 200 184 231
    118 55 84 12 253 46 123 227 27 80 51 58 229 58 56 217 177 250 195
    201 215 127 205 167 139 243 7 136 196 228 107 157 44 30 212 143 202
    177 111 75 247 41 77 32 142 10 46 255 175 19 38 14 29 59 158 158 12
    234 229 20 10 88 66 141 202 53 93 155 39 119 34 147 173 128 174 196
    151 191 212 251 150 160 73 73 63 188 24 31 129 48 86 106 133 113 6
    130 136 177 255 192 44 247 50 90 75 41 143 106 209 82 124 175 159 33
    166 47 237 176 202 19 38 77 222 120 107 247 15 144 98 83 216 205 45
    75 131 179 104 223 226 168 166 149 237 189 20 164 198 147 179 84 79
    16 0 142 52 32 227 111 200 150 210 10 49 247 64 36 255 74 175 225
    112 116 194 58 122 142 9 129 39 172 121 53 210 3 14 199 155 120 143
    198 54 132 106 212 18 51 32 23 45 189 107 42 27 182 221 142 62 110
    221 115 171 112 20 228 203 186 206 162 88 19 113 203 65 94 110 77
    208 187 9 164 141 221 72 47 79 58 75 195 240 31 200 199 237 74 156
    75 189 234 34 47 175 99 249 125 17 17 17 155 87 7 156 205 31 220 182
    11 68 166 71 39 111 214 48 20 60 112 61 32 232 229 37 215 97 51 191
    130 18 129 215 121 29 154 140 203 87 44 97 206 11 252 188 154 36 86
    176 151 242 173 28 199 251 195 9 176 103 206 5 203 99 241 25 107 203
    155 153 75 152 61 16 194 233 182 43 142 216 8 248 236 100 109 33 36
    49 231 2 8 24 79 157 239 183 42 104 240 46 41 251 95 210 213 46 124
    10 164 69 98 25 101 10 76 12 106 243 117 98 174 53 192 24 185 7 145
    113 27 45 46 188 41 210 4 229 118 100 8 246 253 238 76 194 116 57 69
    46 40 190 226 211 40 106 27 175 140 188 111 30 205 107 137 22 240 68
    5 67 88 54 200 52 114 218 123 93 202 164 141 241 39 175 159 206 120
    243 206 159 154 197 34 57 162 83 164 25 107 191 8 73 143 101 144 24
    110 211 237 153 184 195 241 171 22 79 174 53 123 97 139 238 21 135
    119 145 215 124 101 101 244 212 54 195 172 25 222 254 8 249 59 135
    113 22 196 121 190 40 73 23 135 45 115 192 193 159 27 133 38 208 115
    3 10 214 222 118 223 70 73 49 227 79 107 47 160 24 190 26 101 137 78
    204 237 51 253 27 186 89 106 40 182 167 196 20 215 247 132 153 76
    122 22 197 45 254 190 177 3 232 242 177 30 66 80 144 142 143 165 174
    46 1 223 72 45 119 216 153 249 34 72 235 247 115 206 126 78 48 218
    128 65 115 93 87 225 233 42 95 61 79 54 43 85 210 15 165 42 102 199
    213 38 110 178 234 59 25 57 230 184 196 24 84 192 40 147 101 180 168
    78 57 5 233 27 239 39 109 1 138 162 150 187 125 208 21 70 252 219 37
    73 77 136 135 6 188 227 226 20 68 131 135 192 48 101 11 47 223 118
    22 96 190 145 88 231 71 185 193 148 66 199 7 251 74 207 218 89 244
    103 89 199 244 163 223 168 92 188 127 143 203 102 59 31 91 203 46
    176 214 105 38 76 9 217 240 218 203 6 102 28 40 77 225 184 61 90 5
    50 25 39 102 6 17 196 196 200 39 199 229 173 142 48 71 52 77 119 34
    190 202 88 32 232 128 13 176 213 199 214 177 161 217 206 49 137 221
    80 35 91 90 216 19 187 205 8 248 193 219 42 244 246 41 173 25 130
    191 77 136 71 221 252 141 41 43 25 22 32 169 115 121 206 213 57 45
    86 34 105 197 54 211 103 77 158 220 116 54 72 119 211 247 92 50 234
    196 16 196 149 183 58 123 143 149 21 201 142 137 94 1 138 252 211
    201 113 39 59 180 79 147 22 219 148 60 16 193 205 183 239 238 97 253
    27 152 71 204 166 254 248 54 125 20 38 177 30 247 122 253 236 1 137
    0 241 57 250 15 52 82 2 31 236 174 43 198 107 6 128 108 13 4 252 187
    53 19 211 205 189 238 1 115 144 219 128 221 223 156 231 115 209 10
    99 146 249 81 225 150 54 176 187 249 87 103 19 150 232 86 77 6 3 18
    65 220 199 88 91 33 114 255 116 23 216 208 193 150 196 214 60 147
    254 69 219 147 233 90 235 106 18 176 17 216 14 80 228 115 15 45 217
    230 41 111 251 15 2 191 193 206 211 196 108 1 243 43 201 190 124 105
    9 122 188 50 175 54 16 5 18 246 11 166 160 136 247 31 208 233 229 57
    196 72 150 85 36 180 99 118 254 188 105 182 197 130 135 9 96 228 59
    126 120 174 133 84 128 127 162 169 157 233 29 42 68 67 165 112 160
    84 11 230 169 43 199 158 94 255 84 143 105 150 45 250 219 79 199 173
    69 235 41 159 86 252 29 212 43 34 67 229 146 136 28 201 5 153 45 206
    83 89 53 243 119 207 252 76 103 6 60 8 2 14 211 46 61 130 35 221 1
    187 43 177 127 216 182 168 109 205 236 71 66 21 31 44 176 144 108 47
    48 192 74 28 27 252 10 253 147 181 0 112 145 60 205 178 18 220 187
    38 15 167 66 111 255 231 117 233 62 203 247 66 129 241 236 103 210
    243 85 88 173 1 27 134 73 27 240 5 1 170 240 6 220 25 38 43 50 243
    91 239 18 110 201 91 135 154 249 233 252 26 189 210 124 62 186 3 14
    197 79 120 91 117 97 158 160 215 64 94 50 237 224 107 67 193 55 93
    125 17 4 20 228 29 20 27 152 60 221 36 82 87 189 66 156 146 23 229
    25 1 186 133 111 69 255 130 233 240 208 245 221 62 178 231 136 50 8
    122 183 156 2 0 85 12 20 82 201 226 122 86 124 85 143 189 61 192 8
    83 206 227 131 191 142 153 118 108 200 25 173 45 184 25 33 59 111 41
    208 220 69 64 207 19 125 134 14 107 208 69 140 16 103 190 122 250
    147 65 210 243 77 86 164 83 155 52 46 147 118 232 102 9 226 234 173
    61 253 151 92 113 22 136 119 247 189 151 163 31 95 22 142 223 53 237
    66 86 50 195 44 209 151 39 48 72 239 24 49 66 120 236 96 131 136 152
    243 78 18 250 94 18 246 66 104 185 88 78 82 108 177 0 246 74 249 7
    122 28 240 122 209 196 37 226 102 143 60 207 111 161 56 121 85 54
    235 173 139 222 170 237 59 95 152 113 228 233 196 218 155 11 104 143
    187 82 215 173 162 217 124 30 184 201 123 160 138 136 176 37 91 91
    72 163 218 27 25 36 254 234 188 199 12 171 196 227 225 202 120 109 2
    219 106 191 178 115 132 12 120 68 87 88 53 126 142 88 13 215 20 77
    25 101 13 236 65 228 132 202 24 122 92 86 29 239 30 51 149 134 143
    57 218 128 228 104 123 161 56 148 113 53 165 251 32 89 169 230 8 54
    251 98 145 95 90 239 31 173 144 59 233 42 173 196 117 67 29 39 216
    85 190 136 31 235 183 120 29 107 87 64 223 117 9 59 226 117 57 63 47
    201 178 220 162 90 169 10 155 8 140 252 168 250 71 85 16 243 252 142
    40 135 131 11 153 50 232 221 187 105 116 45 80 85 164 207 201 76 45
    84 69 87 72 53 204 209 46 178 237 91 213 133 244 183 254 160 222 95
    234 241 216 55 251 89 148 169 39 147 132 129 206 136 32 247 85 130
    119 244 118 171 161 30 220 162 185 38 86 164 19 159 203 25 9 182 129
    237 139 60 177 13 149 149 219 135 99 141 94 110 95 43 122 23 166 91
    243 72 166 240 144 106 97 105 81 134 208 108 36 9 54 208 240 58 6
    145 20 4 1 222 132 214 43 254 62 97 111 99 91 45 176 233 163 123 61
    244 17 102 240 136 15 153 227 211 154 146 144 2 71 59 182 19 94 118
    0 159 145 100 10 168 245 209 42 103 144 159 28 61 121 242 77 157 253
    31 218 104 209 140 177 2 102 152 128 73 35 17 172 237 21 251 60 58
    183 119 31 228 236 240 8 11 49 165 207 170 199 203 192 34 252 93 242
    125 37 128 135 8 221 74 22 151 107 196 122 18 164 14 153 195 12 128
    235 96 253 88 88 188 97 116 28 226 154 71 161 40 61 231 38 159 40
    236 90 106 184 201 13 201 124 115 246 122 111 154 196 106 111 39 245
    51 162 92 173 121 246 159 216 185 21 116 218 43 254 134 207 206 26
    252 87 200 222 38 224 220 14 54 178 178 208 92 127 153 123 243 86 68
    114 119 172 243 41 232 64 78 7 86 179 238 109 82 225 236 19 53 249
    43 176 90 164 116 162 233 113 25 193 223 198 235 191 7 120 63 97 52
    83 186 99 141 236 141 43 140 246 109 197 103 11 84 179 78 176 125
    215 39 223 46 167 158 234 176 43 145 17 165 142 100 247 74 93 187
    144 136 238 129 177 202 65 35 46 158 130 169 252 110 200 193 205 75
    36 41 210 99 24 160 124 117 33 216 123 207 128 6 120 153 31 26 231
    203 107 72 148 96 62 147 219 93 111 74 110 62 83 201 108 75 165 67
    18 52 110 131 158 223 119 66 149 35 126 139 170 152 207 148 30 113
    64 225 185 249 242 46 208 127 5 83 1 112 91 128 84 165 163 56 242 77
    120 11 205 47 82 206 143 135 68 62 240 76 93 155 167 159 215 209 31
    172 235 61 31 142 226 189 232 45 124 69 245 0 213 128 124 73 93 63 8
    18 130 63 249 219 119 53 198 157 156 8 4 22 181 190 223 66 236 205
    97 127 230 158 97 90 210 112 99 174 32 145 214 207 123 142 124 120
    155 116 199 225 89 254 221 66 223 122 224 32 157 166 1 158 32 212 3
    8 49 98 71 152 116 122 151 55 34 128 124 214 189 169 176 52 33 112
    11 14 150 84 6 188 187 222 125 249 139 180 102 26 179 132 249 199 98
    112 183 119 38 134 169 247 208 72 241 130 157 212 238 199 181 47 42
    21 42 187 132 251 109 169 108 251 138 161 125 21 137 50 38 209 19
    251 150 45 3 242 123 39 36 42 97 28 162 106 61 20 11 248 5 212 172
    115 125 93 129 80 144 15 36 182 44 141 238 177 34 144 93 66 162 238
    77 219 168 10 141 158 194 46 163 240 243 189 242 140 11 15 23 113
    182 229 26 58 28 178 86 241 185 58 128 33 121 148 70 123 34 28 112
    254 56 37 43 159 119 183 151 70 231 100 130 118 103 186 106 239 181
    198 133 186 137 110 199 43 239 19 32 118 111 62 59 159 61 176 82 121
    12 75 206 200 124 183 174 44 0 176 5 90 9 50 157 50 20 60 0 36 133
    229 62 217 97 138 219 69 169 163 160 121 182 185 229 33 62 95 134
    163 250 162 53 251 92 181 55 120 221 210 141 242 139 111 12 195 113
    143 9 116 254 164 203 188 32 170 202 59 62 12 169 74 61 151 147 151
    186 191 169 151 189 237 136 131 145 95 222 67 143 6 225 33 38 201 84
    191 82 239 77 180 243 145 79 61 69 209 49 44 99 31 79 145 244 182
    114 18 160 34 48 8 219 236 136 134 28 154 199 174 74 206 190 147 236
    80 237 172 45 218 233 160 116 164 69 169 177 171 231 255 218 136 38
    243 219 113 59 60 175 172 8 112 17 236 151 252 109 240 12 155 14 67
    64 199 161 245 61 73 38 114 63 254 5 80 255 165 192 121 178 183 18
    113 70 201 163 194 10 16 28 183 251 90 129 96 23 37 146 8 53 141 75
    160 72 182 233 154 54 216 199 165 36 24 238 221 45 131 33 228 37 138
    161 90 115 134 193 183 35 168 189 218 84 20 60 222 118 43 255 30 17
    143 81 189 142 8 193 186 116 34 97 84 147 114 195 107 171 80 241 182
    118 77 52 98 235 186 112 33 22 42 192 237 157 163 159 101 44 34 178
    246 210 41 140 241 149 126 141 77 71 40 97 40 58 78 12 35 209 154 41
    184 136 120 234 251 198 52 211 159 169 38 172 172 137 11 64 40 249
    244 30 141 60 223 64 36 224 218 121 25 0 255 174 30 225 80 39 185
    193 75 240 108 50 135 185 126 159 96 121 209 221 94 31 105 37 159
    109 120 188 241 222 128 21 41 61 82 185 156 105 206 228 70 2 1 148
    92 198 5 105 78 243 24 214 66 68 26 217 63 95 71 47 11 73 167 189
    142 244 85 233 216 123 201 209 198 105 48 185 116 213 244 151 143
    243 60 57 105 159 29 218 49 13 38 36 4 43 40 171 73 10 62 209 159
    236 86 16 101 164 239 78 227 187 162 30 163 210 108 146 72 127 135
    169 75 126 57 166 42 45 240 26 114 220 95 93 188 9 44 130 157 17 76
    253 194 75 166 59 91 100 41 46 243 250 169 227 193 77 64 247 141 182
    216 125 80 44 134 45 254 196 25 140 123 44 215 38 47 245 187 92 232
    209 99 83 183 246 23 158 82 193 62 193 68 159 178 109 36 41 178 41
    24 187 26 241 196 129 188 52 194 117 149 174 21 76 66 188 56 28 122
    184 10 153 5 86 38 209 192 146 102 150 46 232 210 114 100 119 49 81
    40 21 15 254 206 81 89 5 139 96 47 104 187 96 148 211 203 201 64 0 2
    132 178 46 156 193 194 72 249 99 39 27 93 226 8 100 174 176 26 63
    249 144 49 53 222 111 120 97 228 104 46 45 160 19 1 197 195 201 209
    28 28 29 63 143 84 85 143 102 110 109 45 90 233 15 158 248 45 16 29
    208 64 183 141 226 214 151 246 137 104 18 181 73 55 252 145 180 14
    201 63 35 170 102 202 196 191 69 160 11 220 99 17 96 26 31 182 56 51
    231 178 217 225 57 241 52 3 125 72 100 9 215 64 210 23 239 38 78 131
    27 135 6 142 205 240 121 249 113 44 15 75 55 86 130 38 250 235 192
    176 66 178 168 234 9 37 43 225 86 116 198 51 248 89 65 144 66 126
    149 126 160 123 203 79 83 222 225 181 243 169 154 223 209 116 240
    118 95 149 213 178 17 247 210 210 29 106 99 196 245 238 126 31 208 3
    26 54 10 90 56 187 106 251 241 39 170 194 80 104 52 168 1 13 216 190
    16 80 211 207 57 222 55 195 49 228 173 236 119 82 103 219 17 77 185
    255 220 0 252 233 201 240 75 230 57 51 114 57 70 162 158 26 176 67
    226 89 106 249 35 69 43 47 27 5 231 112 238 60 98 87 198 44 116 99
    190 31 81 249 220 226 164 92 195 66 20 72 207 176 111 86 162 110 147
    226 137 146 58 91 119 161 98 218 80 168 11 9 78 34 1 156 120 9 71
    146 141 128 63 91 193 149 189 231 0 153 76 137 98 4 226 131 4 69 200
    23 12 218 98 188 208 14 51 246 144 108 151 56 202 89 20 235 56 84 27
    13 32 222 96 242 162 197 68 164 30 57 5 129 27 33 248 204 150 189 64
    193 74 138 133 84 64 150 78 101 8 234 226 164 102 115 147 235 85 154
    97 15 138 18 219 143 223 115 154 165 60 156 56 74 172 239 251 253
    183 24 212 60 151 175 43 185 146 200 193 217 49 119 160 241 38 64
    149 30 236 122 76 109 237 57 66 214 113 17 77 62 184 150 85 207 39
    33 83 198 206 160 184 158 89 149 105 124 25 105 178 67 198 220 104
    49 165 202 216 225 61 139 90 143 107 247 102 212 207 64 12 52 73 236
    115 14 202 55 87 117 233 44 181 200 1 104 146 30 200 168 208 34 109
    86 73 116 149 73 223 229 148 85 156 56 242 205 136 249 187 24 112
    252 4 153 240 101 93 159 89 131 132 130 222 124 105 125 5 107 155
    250 163 91 77 140 62 58 151 205 131 238 189 112 75 98 66 60 89 193
    99 76 89 51 1 151 226 249 225 129 73 182 130 119 201 108 131 73 216
    50 143 163 155 9 179 206 211 137 117 115 147 154 65 18 219 86 122
    247 129 40 247 147 7 67 12 60 149 101 155 236 0 86 64 232 47 124 54
    3 214 219 239 42 81 236 41 220 196 140 152 153 20 108 32 88 29 197
    237 136 232 36 28 60 129 103 63 149 249 19 138 4 87 115 31 70 124 9
    165 149 114 39 161 100 38 143 183 246 73 82 91 183 64 22 185 201 230
    48 198 160 33 27 222 136 162 160 49 126 56 250 165 27 214 192 102
    146 77 237 15 84 190 214 78 253 191 27 102 156 228 10 92 106 108 61
    148 229 145 170 66 112 119 48 224 122 185 74 165 33 227 17 9 79 243
    240 194 7 161 189 60 177 175 112 218 19 14 206 11 47 38 254 215 191
    52 181 177 142 156 238 216 253 146 34 131 49 115 209 148 141 105 243
    31 56 103 86 131 180 103 14 81 25 226 82 33 88 134 109 133 194 210
    51 1 76 101 168 101 92 217 158 166 126 95 123 240 10 153 84 76 76
    232 37 245 147 81 9 81 243 116 207 45 42 162 182 130 182 228 154 128
    184 155 10 4 160 34 160 81 71 129 240 166 77 217 3 111 4 151 4 135
    144 169 55 130 73 48 29 90 49 72 13 231 188 91 225 188 239 92 153 26
    189 35 232 118 114 164 49 104 52 214 228 159 221 93 156 57 81 104
    216 132 221 36 152 60 87 113 104 223 254 118 20 133 218 94 247 77 80
    201 10 190 13 191 144 238 180 254 5 160 7 218 94 135 103 167 235 2
    244 198 143 188 211 36 111 80 79 2 92 78 59 58 237 11 128 160 74 253
    103 137 12 76 221 53 152 95 64 139 232 59 31 80 98 230 131 58 140
    254 14 59 192 89 56 152 161 231 109 12 254 150 25 137 43 172 243 132
    74 23 161 248 20 129 111 238 44 101 75 132 115 6 29 192 61 133 55 57
    25 123 0 81 218 109 66 20 57 30 70 2 213 151 25 240 187 202 86 254
    147 122 163 116 229 176 153 79 12 184 223 92 116 109 14 93 208 219
    127 224 181 10 109 41 85 221 164 157 142 104 31 226 133 190 121 222
    177 74 112 91 131 100 145 176 124 2 117 28 78 158 68 196 66 191 176
    212 192 16 111 104 144 202 80 245 150 13 51 146 225 139 12 10 20 34
    186 48 68 181 29 175 83 194 62 255 230 211 214 33 110 56 116 83 137
    60 63 200 231 152 133 53 179 37 97 236 179 94 83 176 222 143 38 188
    37 229 194 101 25 52 201 74 75 180 214 39 217 122 22 229 98 147 107
    62 255 39 119 29 93 216 103 87 26 37 48 6 253 190 98 130 17 121 250
    101 109 63 57 154 162 134 122 192 134 141 69 142 71 180 18 211 8 27
    226 41 56 136 239 70 57 99 110 85 148 135 127 238 30 159 173 178 42
    106 249 62 164 211 102 103 255 230 73 0 76 218 61 220 11 149 209 222
    84 135 26 236 114 249 28 1 109 253 154 247 120 101 246 146 32 211
    128 47 11 181 16 48 10 227 111 186 123 210 61 75 105 87 223 129 84
    138 84 245 42 104 104 47 93 244 152 122 148 100 85 89 148 177 137 26
    203 3 26 179 28 157 44 191 117 131 17 48 182 239 178 17 94 157 23 96
    198 57 19 190 43 127 0 65 234 72 25 103 155 234 205 174 204 32 228
    189 139 239 78 255 206 32 17 211 77 161 160 120 169 238 70 235 15 40
    161 135 68 86 161 230 152 94 235 4 112 224 211 157 215 79 103 218 5
    153 222 2 118 18 228 133 189 180 222 75 49 63 241 42 42 243 125 71
    215 20 239 48 158 172 162 12 33 146 113 33 111 48 82 52 201 30 176
    103 61 130 252 166 169 247 201 181 131 254 46 129 18 69 200 114 206
    43 60 219 166 206 74 156 139 215 72 136 127 87 247 200 107 215 232
    148 143 42 157 74 47 102 48 67 156 229 83 77 253 209 157 89 225 118
    158 152 185 187 111 206 110 45 124 68 132 171 172 56 57 0 248 84 205
    91 194 182 32 39 240 206 183 112 156 70 54 15 104 15 31 131 181 42
    132 187 93 56 95 201 19 162 61 93 175 200 8 136 22 79 111 251 15 202
    66 40 222 199 66 156 110 84 147 84 206 56 1 54 209 140 185 113 99
    225 129 134 241 255 224 72 194 82 130 210 22 69 130 51 139 148 90
    128 88 130 35 115 73 167 234 10 104 172 121 126 23 250 154 54 202
    217 18 95 110 71 159 126 179 33 28 11 96 49 248 125 158 14 48 24 209
    76 145 170 130 94 69 81 61 245 166 215 115 126 46 190 149 140 35 192
    86 62 216 233 161 180 9 36 93 180 157 119 243 85 190 70 78 185 119
    97 133 78 34 138 225 157 243 50 189 157 228 139 254 222 217 250 28
    12 233 133 200 121 238 104 180 5 124 140 74 214 25 160 73 235 81 51
    190 23 104 233 94 120 197 120 150 175 187 166 201 17 67 19 165 135
    165 106 162 217 52 122 186 233 130 28 98 132 199 232 127 92 136 88
    94 24 190 105 146 41 213 9 0 108 223 226 136 39 7 225 176 192 9 229
    253 60 108 125 143 97 45 186 212 5 81 214 252 69 33 56 88 190 52 56
    36 153 193 229 134 234 37 158 30 107 243 60 226 172 172 137 21 14 83
    222 14 10 93 34 164 80 143 51 87 54 119 73 188 94 20 210 190 20 240
    204 123 9 224 207 68 66 107 6 102 100 33 179 15 221 116 116 93 35
    115 90 153 100 253 75 144 8 42 71 214 79 20 238 135 55 87 98 184 0
    249 234 125 6 166 69 195 254 156 129 181 113 46 164 166 158 4 49 150
    9 152 45 167 254 23 111 221 26 186 61 54 68 198 129 208 30 69 19 52
    216 165 14 89 73 146 92 103 146 47 131 228 47 151 174 49 156 191 113
    15 190 63 28 15 3 252 124 82 170 28 187 137 114 93 56 203 141 26 244
    176 134 124 145 53 125 249 104 123 11 74 74 28 179 101 234 45 243 42
    248 250 117 23 161 236 87 183 134 155 80 116 9 120 15 127 218 14 8
    165 195 84 235 226 213 99 254 66 35 111 2 196 154 231 166 27 28 126
    14 141 59 74 10 97 156 174 105 186 20 37 37 157 15 184 122 181 113
    226 12 248 33 93 221 141 202 76 82 249 120 176 48 176 201 194 114 85
    244 33 33 10 136 4 85 67 71 96 93 105 34 64 165 244 86 51 204 148
    205 236 58 167 143 48 158 192 47 176 80 208 83 255 162 245 94 209
    137 168 41 65 174 101 140 164 135 192 208 141 252 122 101 13 152 153
    15 178 60 104 103 22 221 121 200 80 186 242 17 218 232 159 173 175
    252 88 46 239 114 160 152 244 152 121 0 104 143 243 162 88 188 6 153
    87 175 197 204 183 232 84 117 225 17 235 190 133 4 63 45 58 155 19
    209 168 190 241 78 166 45 67 8 56 183 174 165 35 240 120 104 244 49
    222 122 88 86 90 202 11 20 185 205 151 167 233 246 115 44 151 78 223
    178 212 207 97 34 146 184 209 93 105 240 214 193 207 100 47 238 222
    52 191 180 36 206 132 250 154 245 9 111 81 213 50 196 128 204 22 181
    16 80 187 245 103 61 210 236 191 136 152 96 78 131 126 87 110 250
    149 149 123 139 158 93 48 88 117 4 60 199 72 28 97 196 250 107 166
    176 9 153 54 195 64 107 212 201 182 42 211 41 94 206 69 226 50 86 57
    215 150 90 76 22 189 97 162 209 142 101 70 55 75 24 65 187 5 214 254
    84 49 184 136 23 216 15 13 233 159 108 157 100 239 22 71 116 59 189
    7 151 0 222 193 14 167 144 225 192 1 178 40 51 77 157 182 61 66 3
    134 135 199 214 148 23 87 186 67 161 55 243 251 183 184 79 208 93
    252 230 168 201 161 129 233 132 163 225 108 32 213 247 130 79 63 143
    209 53 138 133 48 186 141 235 175 202 216 213 54 55 86 126 139 1 97
    252 2 158 26 227 21 105 95 241 77 62 194 99 171 103 177 218 110 13
    215 177 253 18 188 206 158 242 103 63 213 246 61 58 120 105 199 144
    150 249 149 50 30 201 175 65 112 69 20 75 225 148 231 155 23 14 204
    137 110 100 67 162 121 66 42 51 97 218 123 136 97 166 198 33 160 201
    82 146 98 142 85 122 34 228 105 101 165 59 91 116 190 212 147 187
    171 250 162 90 185 147 72 159 60 164 97 52 239 93 141 243 187 167
    117 7 81 31 168 37 127 95 216 176 61 9 39 66 143 89 153 183 188 254
    246 75 223 171 118 254 168 9 165 114 182 80 72 100 111 205 255 125
    30 214 255 79 226 248 92 75 42 197 18 99 200 171 101 159 195 196 177
    241 183 14 152 30 4 103 10 209 171 115 229 135 232 123 124 244 40
    125 167 114 209 124 222 185 252 87 147 235 107 114 9 170 208 234 99
    0 20 221 200 149 255 66 164 79 130 231 83 184 55 42 7 220 97 215 226
    187 146 88 99 222 221 49 66 13 236 183 232 82 242 219 38 44 249 38
    135 161 113 100 113 141 235 139 183 44 28 55 69 90 28 221 68 38 112
    222 159 1 84 48 240 69 189 165 81 228 93 144 157 163 157 59 70 207
    15 50 24 164 207 29 254 102 5 73 133 200 116 118 140 148 165 65 74
    104 60 58 241 89 143 60 215 166 41 160 60 135 200 238 46 126 53 227
    136 26 194 20 158 181 163 3 173 95 164 73 101 34 134 152 146 223 206
    106 10 231 95 53 53 191 32 31 36 22 6 123 189 55 216 153 236 159 207
    230 241 16 56 223 186 37 223 233 213 252 137 191 67 84 95 137 219 98
    7 11 65 149 222 33 100 218 26 36 96 55 245 138 228 61 161 5 168 140
    23 53 97 15 30 145 98 18 122 63 68 171 183 178 16 246 177 69 225 250
    89 70 236 119 125 132 158 137 147 25 123 212 87 124 83 32 172 93 205
    59 58 14 236 141 175 189 252 190 157 231 234 242 249 228 149 37 228
    242 61 236 39 45 232 249 118 90 55 86 44 247 133 75 85 164 64 137
    244 196 58 110 188 168 154 101 64 133 115 216 84 240 81 78 137 96
    181 21 163 133 20 195 235 86 165 110 41 117 19 12 77 0 116 247 247
    160 78 61 56 116 16 162 49 140 209 198 63 126 157 98 194 133 70 156
    202 60 218 154 72 129 73 175 81 167 191 108 79 120 26 172 105 215
    116 130 191 70 153 169 93 30 219 213 128 161 166 76 19 8 216 252 219
    16 145 26 92 60 68 102 231 11 105 118 218 56 185 88 181 155 177 184
    13 123 187 229 130 159 53 13 77 2 140 80 215 21 30 128 62 147 163
    153 140 152 211 10 206 154 178 255 22 96 9 194 179 152 228 33 116 80
    49 114 212 216 115 213 136 128 72 78 116 177 254 72 45 105 8 176 149
    81 220 225 225 138 134 28 108 203 90 37 232 28 116 93 236 13 8 143
    243 110 102 27 76 134 104 239 66 167 74 141 5 152 255 100 67 45 4
    148 220 74 24 211 187 178 146 191 120 25 146 39 13 243 219 73 114
    218 39 128 156 251 181 228 25 127 19 215 253 142 217 77 4 145 158 69
    86 63 192 229 204 148 173 123 133 212 81 18 233 131 11 249 52 17 145
    110 0 154 158 248 36 237 247 92 207 99 87 175 204 37 27 23 0 113 233
    253 60 111 57 23 126 144 63 148 205 194 227 20 251 43 112 253 166
    153 106 86 190 157 50 47 240 77 137 160 231 147 85 58 108 223 15 41
    33 215 42 146 133 181 206 87 177 55 190 111 154 157 172 110 2 167
    242 120 13 236 224 4 206 67 142 80 246 105 52 110 120 9 174 68 223
    214 219 251 72 60 41 6 130 135 223 185 2 10 26 3 69 187 159 75 0 254
    165 170 251 98 11 167 188 253 248 22 169 1 26 99 146 81 134 36 13 97
    210 65 183 251 93 139 103 180 224 67 235 110 9 65 129 179 234 101
    249 35 102 34 207 76 2 77 97 132 23 118 142 250 168 139 67 185 244
    120 245 108 31 100 16 7 243 173 165 178 64 101 100 74 230 112 16 83
    143 8 11 123 35 33 123 6 250 251 141 101 173 104 204 24 23 175 132
    193 51 229 153 85 33 33 219 102 81 86 128 52 250 113 17 200 71 117
    49 255 225 121 196 126 77 223 164 220 121 57 172 103 252 99 177 217
    3 223 36 58 218 158 133 36 33 160 174 153 48 129 72 12 110 212 161
    100 11 30 116 102 250 29 114 86 21 181 236 117 99 38 69 97 42 75 67
    87 122 64 91 252 230 126 36 136 136 201 208 109 230 135 148 228 21
    181 114 10 117 174 85 138 68 197 188 218 67 66 138 125 204 135 160
    105 193 55 186 185 118 123 194 91 77 215 123 49 249 79 7 192 235 163
    121 106 190 233 47 236 88 207 69 190 10 7 154 153 12 226 181 180 158
    183 108 59 212 55 96 76 232 50 37 136 95 212 75 69 218 199 125 215
    184 186 11 177 29 168 233 119 102 251 245 45 189 79 54 14 62 225 9
    115 136 232 135 220 115 187 65 149 133 15 54 159 181 172 148 90 1
    137 135 123 251 49 92 68 172 231 124 63 70 206 22 174 119 217 115
    111 112 182 185 156 172 67 114 194 202 223 240 167 203 178 56 53 250
    106 43 76 132 246 50 123 241 152 171 89 110 12 160 111 97 118 21 55
    103 210 187 249 75 123 119 40 152 155 249 186 112 160 145 134 222
    174 155 67 255 19 213 115 213 243 94 34 241 254 190 217 74 167 176
    180 27 24 245 13 127 65 194 25 8 144 180 84 136 72 179 109 12 82 169
    137 75 176 172 22 87 1 223 58 116 154 160 60 124 129 163 21 115 155
    196 75 138 76 20 188 173 148 211 1 170 241 183 201 114 154 63 46 223
    66 224 156 224 234 88 132 105 229 141 243 184 121 112 16 147 173 236
    67 179 168 124 93 170 233 6 10 234 199 31 156 21 123 220 79 181 95
    198 155 118 25 191 255 104 95 104 15 179 101 145 41 17 31 0 88 12
    239 130 193 163 226 216 250 7 165 225 21 64 95 155 117 94 123 223 51
    174 206 157 81 96 180 54 214 97 65 169 56 221 25 126 137 139 120 66
    207 181 170 191 164 99 37 131 188 22 188 250 177 68 126 191 58 109
    50 162 248 110 45 161 169 64 1 10 164 205 240 29 58 37 254 207 82
    147 161 222 70 43 40 169 88 105 107 114 176 241 159 210 160 227 250
    125 59 221 114 194 76 179 185 23 200 208 218 57 99 69 131 25 91 76
    109 246 242 168 238 239 167 21 45 157 191 9 230 151 87 214 44 235 55
    122 89 33 207 181 88 39 104 23 14 62 62 208 89 136 146 32 121 154 74
    128 122 216 3 56 103 172 75 159 90 41 75 232 199 43 140 27 51 255
    162 183 142 77 82 133 237 80 58 97 57 142 46 93 151 42 33 59 47 59
    73 64 34 66 167 38 142 151 208 165 186 111 47 38 145 108 160 37 89
    185 246 214 175 98 180 200 69 197 186 58 86 213 48 172 38 17 134 165
    201 78 50 255 126 171 104 40 91 89 226 73 21 22 250 183 171 141 31
    245 202 124 129 254 186 64 186 87 124 234 224 136 83 68 13 125 180
    139 25 193 221 225 149 166 246 216 214 224 191 13 96 52 128 52 26
    117 56 146 157 211 204 191 9 225 67 109 246 47 226 87 151 209 224
    110 6 118 55 119 127 45 206 97 17 35 130 59 81 229 171 30 47 22 9
    205 39 41 62 161 146 66 196 5 64 52 179 141 133 88 140 183 187 148
    218 155 155 136 16 18 58 158 192 118 169 25 129 82 58 92 182 161 208
    134 17 9 233 103 210 107 134 99 137 231 99 60 99 227 170 17 30 231
    136 222 87 141 61 164 19 228 68 32 91 141 213 14 241 112 177 58 165
    41 77 59 59 221 163 120 148 228 250 231 24 199 154 43 221 140 230
    174 119 180 38 234 130 184 48 120 4 244 78 196 99 9 252 148 162 190
    51 63 22 37 21 229 184 187 222 205 241 177 184 125 186 229 248 95
    189 244 63 51 80 136 184 107 200 232 78 207 243 223 199 14 159 126
    62 45 18 185 222 46 64 239 146 29 187 118 118 8 174 158 61 161 62 88
    204 197 175 10 185 35 34 7 60 221 9 136 28 175 159 185 120 232 195
    188 111 36 22 76 200 223 81 191 254 95 189 62 224 169 141 24 159 64
    49 201 35 84 218 238 236 89 199 34 221 108 66 28 67 115 206 206 91
    194 135 75 7 253 102 56 48 207 214 93 41 100 5 112 123 25 8 47 128
    133 17 210 223 52 107 3 159 74 56 110 35 27 128 123 38 107 254 93 20
    144 124 181 142 26 167 114 253 142 187 226 22 178 16 27 65 77 205
    130 164 7 35 150 95 254 133 169 209 200 146 163 37 115 55 175 100
    129 107 22 227 211 193 212 88 194 29 103 182 18 74 107 153 121 233
    36 215 61 214 71 239 224 252 75 194 139 87 235 28 70 229 170 19 166
    44 156 51 66 93 74 73 59 61 66 180 77 101 219 40 93 137 126 165 145
    252 145 115 230 127 138 56 76 251 138 126 212 96 36 95 226 188 191
    119 100 147 105 155 102 211 218 127 224 117 27 11 220 223 195 139
    215 44 34 119 137 65 30 183 74 37 196 38 171 185 221 236 18 255 34
    126 197 94 33 145 53 5 192 55 61 246 74 156 64 8 58 255 244 99 196 8
    140 173 222 58 6 88 196 199 238 13 70 110 44 65 105 37 30 187 19 63
    175 35 203 88 93 205 247 147 139 195 22 148 154 22 52 237 87 40 71
    184 225 105 207 210 172 181 29 43 228 189 43 78 229 11 16 189 232
    192 98 168 173 156 227 180 21 98 87 224 152 61 236 184 64 99 0 215
    217 69 120 172 230 65 154 120 249 188 91 12 48 249 227 35 77 58 17
    111 101 202 248 19 162 39 140 16 90 40 9 157 205 64 40 219 26 144 92
    67 124 241 66 232 72 188 214 196 20 143 37 178 45 22 153 208 135 195
    97 19 34 204 239 64 78 161 120 132 239 216 65 84 137 143 189 44 79
    61 85 106 24 169 221 231 113 202 17 11 122 192 162 122 139 172 140
    83 99 134 89 63 246 127 217 99 86 139 243 13 122 32 99 181 20 214
    251 166 207 9 113 168 13 191 19 223 254 179 49 153 42 159 96 104 130
    138 55 225 109 33 241 177 60 7 145 223 232 35 200 101 65 249 151 206
    244 245 5 137 82 88 187 87 243 220 134 145 25 209 150 243 130 132 6
    17 255 221 179 167 133 208 35 214 101 89 100 2 156 68 0 142 81 208
    64 171 161 225 185 6 77 68 52 74 239 46 237 137 18 68 48 121 230 138
    99 28 177 34 185 14 244 67 188 72 101 2 245 204 62 139 226 118 84
    132 180 91 235 141 46 200 70 1 118 114 70 11 205 140 130 130 44 204
    238 222 188 198 171 107 38 0 3 131 240 196 239 136 241 217 161 136
    46 229 179 140 158 93 120 139 229 222 58 161 55 103 25 74 241 64 202
    2 83 177 45 14 2 166 125 71 151 8 89 58 76 39 73 96 198 159 86 145
    14 133 68 172 223 131 131 21 30 108 16 214 156 142 178 118 176 207
    24 184 228 138 179 216 110 55 91 166 222 74 53 204 45 85 252 179 103
    235 228 240 68 10 220 84 60 28 230 184 69 123 246 154 53 51 148 64
    25 165 231 93 10 173 171 87 170 72 37 113 112 153 104 189 183 112
    180 137 207 102 88 229 245 246 175 127 166 209 17 6 110 119 113 4 33
    248 146 7 161 121 32 46 195 67 69 74 72 240 160 113 60 184 242 214
    174 113 174 39 42 22 9 93 13 237 189 112 53 32 130 34 18 169 232 93
    71 43 93 209 37 202 233 254 75 77 111 192 233 159 227 51 210 210 173
    218 53 206 80 71 174 22 0 244 9 29 192 250 189 29 143 224 204 114
    194 122 224 158 243 183 78 153 31 246 19 181 24 210 64 249 85 169 71
    113 59 255 231 24 207 65 34 22 18 137 225 238 114 251 181 205 40 139
    12 162 133 34 161 244 200 14 132 210 140 151 80 155 187 29 89 243 9
    2 156 7 59 37 19 197 157 73 11 115 39 239 166 208 31 216 41 199 177
    207 44 248 161 105 194 91 136 63 185 171 252 33 65 20 106 194 57 30
    238 178 42 32 139 119 190 122 184 192 17 166 90 151 135 126 212 8 4
    113 57 3 113 0 127 15 72 41 17 79 125 83 97 177 175 205 133 129 74
    234 215 159 47 118 217 147 199 137 196 23 251 156 77 46 215 122 142
    179 124 152 225 204 95 101 106 147 54 249 105 168 135 48 193 194 238
    118 217 173 50 15 234 116 241 164 232 234 247 85 142 165 145 106 98
    214 5 30 72 193 151 135 140 123 129 105 131 141 198 188 124 191 7 74
    212 133 237 217 84 12 254 244 176 6 177 12 31 24 99 7 43 145 34 160
    74 32 60 8 251 3 85 208 17 130 157 46 10 153 168 255 48 249 110 182
    135 237 109 213 144 41 72 198 90 166 75 48 64 78 182 4 245 12 247 31
    16 7 134 86 87 181 230 145 178 253 115 39 217 94 237 209 13 194 156
    180 5 138 239 209 162 231 26 84 52 187 18 109 150 79 123 68 5 69 71
    172 34 11 29 97 97 72 222 90 75 133 183 168 231 11 74 93 150 91 243
    160 180 106 77 154 233 97 169 53 56 34 115 255 123 94 140 96 29 11 1
    110 143 137 25 229 42 236 14 160 209 238 104 178 139 61 25 101 161
    252 255 47 60 157 90 100 165 55 168 246 227 156 2 155 152 242 210
    131 137 43 199 67 71 173 41 154 47 244 213 209 152 66 217 36 83 155
    32 228 122 194 127 74 132 217 112 58 210 193 64 156 77 147 213 128
    40 244 198 15 170 206 247 224 59 117 188 57 135 41 95 254 142 177
    252 244 154 5 38 131 253 58 30 82 104 115 110 1 107 88 43 59 183 47
    155 126 92 70 237 52 253 2 228 190 233 235 165 169 245 120 41 74 147
    54 51 176 209 132 50 206 205 64 162 105 225 205 204 49 93 100 108 46
    191 158 57 182 82 144 169 172 170 73 82 246 250 162 248 233 172 192
    31 133 79 215 246 103 14 175 112 138 24 31 92 5 208 239 198 66 254
    95 229 19 8 59 88 107 115 136 137 170 235 218 136 61 48 228 53 129
    112 74 213 198 174 107 250 142 82 90 14 62 118 60 81 46 166 67 197
    166 247 0 162 111 63 243 52 41 116 114 228 102 38 212 176 15 99 196
    19 104 249 36 76 1 27 29</data></test_img>
<my_img type_id="opencv-matrix">
  <rows>128</rows>
  <cols>256</cols>
  <dt>"3u"</dt>
  <data>
    17 0 0 9 154 27 239 255 190 180 0 174 22 0 212 0 255 120 243 255 182
    171 255 0 0 130 255 116 69 255 255 0 255 83 0 255 121 171 176 255
    255 15 0 0 255 229 41 255 252 122 0 15 50 199 0 33 0 236 255 0 13 90
    230 0 85 170 238 255 209 79 123 255 175 234 162 255 255 255 139 0 24
    0 86 78 139 255 181 51 114 96 255 31 0 0 255 0 31 0 83 144 235 184
    188 27 223 255 235 5 84 255 24 92 34 73 159 56 239 8 0 11 11 216 0
    24 255 124 255 255 198 252 157 255 7 0 255 55 235 107 255 194 53 32
    11 0 46 125 255 168 187 20 255 132 23 37 255 56 255 242 0 225 0 73
    64 183 12 208 196 103 255 210 255 63 255 255 255 216 29 0 255 116
    255 174 0 0 177 120 68 246 66 180 255 116 243 153 40 0 63 0 98 52 0
    105 210 216 9 220 36 81 206 255 87 48 28 255 163 188 255 163 167 242
    213 159 235 158 91 93 255 0 255 255 55 63 152 255 207 9 0 247 255 83
    0 80 255 0 255 230 5 251 129 255 255 0 255 219 0 0 0 255 206 110 173
    165 5 209 33 0 0 0 152 152 199 255 162 242 0 137 0 0 0 53 149 188 0
    191 255 255 0 128 255 0 89 255 35 56 198 255 0 82 168 0 255 75 255
    255 255 255 0 0 143 255 255 109 48 245 165 255 219 0 191 0 0 0 223 0
    255 255 230 199 255 116 71 157 185 255 55 251 139 255 255 213 0 172
    255 35 152 52 236 135 0 165 60 85 255 124 0 255 48 0 204 0 255 234
    19 10 0 128 148 0 215 0 133 0 147 236 29 255 0 0 82 255 239 199 191
    255 130 251 97 78 81 233 176 255 255 0 105 0 147 195 197 206 116 255
    0 67 255 78 184 63 255 255 0 136 29 114 0 99 198 193 255 76 67 201
    188 0 148 164 191 59 255 0 57 12 172 255 75 96 164 1 255 0 0 0 0 255
    20 153 119 106 205 0 247 255 217 95 121 243 225 194 64 227 255 0 255
    0 255 127 89 0 255 221 0 0 96 233 246 161 253 22 0 0 15 0 0 191 0 0
    0 0 165 0 0 9 119 86 43 109 233 124 57 18 255 5 127 101 169 0 161
    255 52 70 104 0 161 27 0 116 0 76 255 0 0 95 111 227 0 58 255 95 10
    106 0 0 150 179 255 195 0 147 236 0 0 255 84 206 88 6 140 255 0 72
    255 210 255 167 48 0 155 206 255 255 105 115 114 255 255 0 250 0 255
    0 58 0 57 165 255 194 20 23 255 71 0 189 132 255 0 255 120 220 0 255
    158 123 255 19 20 255 62 219 193 205 67 21 77 0 0 168 215 0 167 125
    0 205 255 255 0 171 86 0 163 80 188 0 0 74 112 255 255 0 174 1 0 255
    142 255 105 255 86 172 0 239 159 191 58 79 255 0 15 210 57 0 247 255
    89 0 249 44 242 120 250 151 255 168 207 0 255 32 161 249 218 255 62
    196 100 0 42 255 254 176 228 96 0 207 0 31 255 180 0 75 0 90 0 162 1
    13 0 227 255 27 0 94 157 37 255 62 227 130 0 0 0 255 113 144 255 12
    255 104 0 78 88 0 28 123 227 255 67 255 225 162 13 139 246 248 78
    163 76 76 0 71 0 215 212 0 255 255 173 101 98 255 47 0 135 94 14 68
    50 176 223 194 0 255 255 116 255 138 255 193 50 63 0 0 191 156 17
    255 122 145 200 103 167 244 233 61 255 110 54 118 255 0 48 194 3 30
    40 41 0 26 216 0 128 255 171 0 176 155 174 0 0 255 146 0 145 120 230
    255 255 98 255 202 0 0 254 255 43 0 113 55 255 227 232 107 227 243
    58 28 255 63 108 110 15 0 61 87 21 217 222 63 0 0 68 153 206 229 255
    0 165 244 246 255 246 253 0 4 145 148 190 40 226 169 60 243 0 51 0 0
    165 255 0 133 255 0 224 159 255 228 44 0 0 255 255 59 130 116 107
    148 0 255 255 21 0 67 49 0 119 80 216 166 1 0 220 11 0 28 0 22 144 4
    231 0 97 53 180 255 209 244 38 14 148 0 96 246 138 19 194 255 134 0
    66 173 1 216 244 175 255 85 255 202 139 124 153 69 50 35 44 7 0 0 0
    115 194 0 255 21 0 0 0 0 170 196 33 60 159 125 123 0 164 120 255 204
    142 34 184 255 64 207 230 111 255 0 218 0 44 69 87 70 226 192 34 102
    144 163 183 139 0 89 0 141 132 166 92 85 255 193 0 149 127 0 255 172
    54 87 177 0 87 156 216 50 69 118 255 0 0 0 255 212 0 0 244 221 255
    122 249 255 255 25 0 0 197 49 255 66 120 159 157 23 52 11 81 51 74 0
    255 173 139 255 192 161 40 151 255 33 255 255 238 76 124 0 0 0 77 63
    228 149 60 0 54 0 0 13 0 59 33 48 255 189 255 255 33 248 172 177 25
    0 255 233 0 255 102 0 0 255 255 0 53 255 0 75 148 110 0 179 255 0 38
    151 180 114 5 255 143 255 202 0 192 255 0 14 245 255 82 255 255 255
    153 255 0 255 231 0 156 255 88 255 82 95 91 126 106 0 80 131 0 0 0
    252 195 136 195 255 182 255 0 232 255 97 219 0 0 255 88 0 0 88 147
    46 32 75 255 204 255 96 255 159 137 81 0 102 154 0 228 251 199 0 247
    251 188 255 160 85 219 0 127 86 72 0 0 73 0 116 99 255 197 255 0 138
    231 166 0 0 255 202 131 255 228 255 244 149 235 28 63 44 189 255 250
    217 255 255 0 73 255 151 255 215 43 255 0 248 61 9 168 255 0 190 129
    211 0 22 0 166 216 230 255 255 255 0 236 34 224 227 70 5 228 108 92
    44 255 123 62 116 98 81 0 191 132 22 183 227 21 101 12 160 0 180 57
    147 238 66 70 174 255 29 0 63 17 0 228 90 67 13 142 255 89 65 243 0
    22 255 255 140 255 93 0 255 255 255 233 0 193 54 0 0 180 0 0 198 255
    255 255 78 0 103 185 255 0 234 72 74 255 255 0 31 64 255 142 0 37
    105 78 0 177 115 255 0 188 48 233 42 181 60 124 0 255 54 254 255 143
    0 0 110 255 0 156 0 114 255 54 255 255 255 255 152 171 1 206 71 150
    32 0 47 0 163 255 255 123 25 0 60 249 139 0 181 239 234 0 206 64 255
    34 145 255 123 125 108 228 225 255 184 255 255 243 32 0 51 255 14
    183 186 120 255 180 0 255 0 95 255 129 159 253 249 37 211 30 173 255
    74 255 100 24 0 0 0 15 216 222 52 173 27 0 0 234 134 55 61 255 255
    42 205 0 0 169 125 24 4 154 255 255 255 214 0 35 0 43 255 0 255 0 81
    0 81 0 59 175 87 178 255 24 234 255 7 214 218 55 164 0 251 217 0 255
    0 50 198 94 149 53 5 255 237 147 48 91 73 56 246 249 245 6 209 162 0
    175 173 211 0 0 185 149 76 204 8 255 0 84 99 240 88 255 206 218 255
    0 24 84 141 0 184 0 100 0 0 255 32 0 64 15 227 105 239 112 235 166
    255 124 11 114 154 255 231 121 229 153 156 0 164 195 54 51 129 40
    181 255 245 255 5 255 255 229 72 250 255 115 15 253 0 155 60 82 126
    152 177 60 126 139 228 154 255 0 170 184 57 198 255 0 0 142 137 6
    106 0 0 242 0 255 255 0 252 3 229 255 196 255 255 0 6 0 10 53 0 255
    222 255 183 255 255 199 47 117 0 135 255 129 255 170 255 16 41 146
    255 224 174 158 151 63 119 108 0 255 61 0 135 188 0 137 225 255 255
    60 160 197 149 238 0 0 232 0 64 71 159 79 0 255 180 255 179 10 153
    36 135 255 0 255 202 132 255 195 255 70 215 24 146 25 0 222 0 255 11
    120 96 0 0 0 0 9 68 0 0 249 0 98 0 0 88 217 255 0 0 178 167 108 65
    20 255 100 0 0 104 255 58 255 0 0 0 0 111 40 17 106 255 97 104 255
    74 110 0 132 25 0 114 0 0 98 94 255 0 211 191 58 71 117 114 121 155
    241 92 7 255 0 233 99 63 98 10 0 143 10 31 0 136 163 168 190 160 126
    241 174 0 0 159 0 0 106 171 100 255 255 0 255 127 255 255 15 255 214
    77 0 192 0 50 255 94 112 147 115 99 49 254 0 94 131 68 0 178 39 12
    235 255 62 114 172 201 26 0 255 128 85 255 51 42 186 250 255 0 255 0
    96 0 191 94 79 100 255 175 197 166 0 127 148 6 15 47 94 66 0 0 0 88
    0 201 242 11 80 0 54 78 0 52 39 0 57 0 7 175 115 255 180 84 167 255
    74 255 255 255 255 216 111 233 255 194 255 242 0 215 0 255 0 158 201
    7 131 0 146 41 97 111 98 12 0 255 0 31 0 0 253 0 0 24 255 114 245 42
    255 0 28 129 97 165 91 65 229 0 2 255 72 233 47 0 131 28 0 0 48 255
    255 255 95 0 122 0 0 145 255 0 189 255 214 0 129 0 210 247 92 255
    125 0 196 165 62 255 0 255 93 57 28 0 84 184 255 0 0 0 53 166 226
    222 143 3 35 0 255 145 182 38 92 0 0 49 0 210 176 61 251 178 187 255
    0 52 255 176 0 40 31 70 110 250 255 235 0 184 255 239 255 0 255 0 50
    157 0 0 0 117 152 0 30 0 0 164 192 255 255 45 255 38 176 45 239 242
    90 0 68 67 0 248 168 0 155 14 255 255 0 48 133 0 0 0 255 255 127 88
    0 255 254 100 209 225 255 56 255 37 15 0 148 12 255 84 109 50 7 167
    204 215 183 130 255 255 168 182 68 65 124 86 6 255 255 49 255 99 88
    25 32 0 243 76 182 164 13 154 5 0 32 254 151 255 255 0 213 238 250
    55 120 138 0 234 146 255 0 0 0 222 255 0 71 241 55 0 255 51 116 39
    183 145 232 54 0 0 0 255 11 255 255 216 211 253 203 118 0 151 0 0
    255 124 255 0 255 128 6 255 29 0 45 2 190 200 0 183 150 176 224 91
    255 255 231 176 46 0 255 218 255 61 232 33 183 0 179 150 74 177 0
    101 255 0 255 201 217 253 109 219 103 165 79 99 255 252 255 0 60 96
    32 0 17 0 47 0 48 201 163 59 255 110 255 255 185 74 224 255 118 23
    219 72 219 0 255 255 157 117 96 0 74 0 255 180 255 0 103 91 242 100
    168 144 231 138 73 110 0 180 255 19 0 255 27 0 94 254 38 0 199 122
    146 255 119 255 24 255 86 104 162 56 0 188 255 240 142 205 173 89
    240 51 202 10 126 255 173 124 0 255 0 255 33 101 169 230 110 174 255
    205 207 169 255 0 245 0 223 47 0 0 0 255 19 213 210 0 200 41 0 255 0
    64 255 196 141 47 202 133 150 122 255 255 154 0 19 209 1 215 255 39
    0 255 92 167 255 255 38 0 250 255 53 0 255 175 118 255 31 233 106 0
    216 244 0 255 242 201 58 255 0 0 70 138 138 62 0 0 156 227 0 255 76
    242 5 199 0 159 255 122 3 255 255 183 0 167 205 255 0 110 255 90 65
    111 0 0 0 255 235 37 255 0 255 49 255 254 199 255 255 176 32 255 0 0
    0 89 0 202 255 183 108 78 255 232 210 0 9 246 146 0 255 255 121 36
    155 97 55 118 159 63 0 161 156 255 40 73 112 96 0 97 12 54 0 200 13
    102 255 0 255 176 38 232 165 104 0 255 215 11 255 215 134 255 128
    229 0 247 0 211 255 204 59 255 255 106 193 200 145 152 90 222 255
    120 0 99 74 255 8 133 0 250 255 63 0 255 255 100 202 72 161 240 8 9
    132 0 126 0 10 39 0 255 239 0 170 0 189 0 5 94 255 236 134 253 180 0
    21 28 49 58 69 64 203 0 75 103 146 16 95 32 75 255 241 186 234 255
    171 79 167 99 0 174 255 227 149 116 0 0 196 0 164 0 219 155 0 255 71
    145 89 0 88 0 255 85 21 97 143 21 155 190 255 100 255 0 0 154 41 0 0
    243 255 224 0 156 39 85 226 0 0 29 3 255 27 25 255 0 208 46 38 111
    58 0 148 79 177 0 255 205 203 104 255 255 0 49 255 169 105 255 255
    25 0 0 255 0 65 45 0 0 24 104 233 35 255 4 24 250 0 200 255 255 204
    255 99 176 166 239 106 119 0 109 190 255 25 255 169 255 242 43 0 255
    162 105 0 14 161 0 0 108 66 144 100 226 159 217 4 4 192 117 230 63
    236 41 248 245 0 41 153 156 0 255 169 251 255 188 165 255 0 205 255
    46 72 188 26 95 0 0 11 166 127 255 21 0 255 209 41 226 44 0 200 220
    243 130 1 116 64 0 31 0 188 0 22 71 255 43 236 244 255 6 138 0 18
    132 255 22 0 255 255 255 0 1 255 16 61 14 192 173 178 54 255 13 50
    255 250 0 115 202 0 255 0 253 176 143 196 255 21 0 61 113 134 0 12
    255 255 7 168 41 0 221 151 90 0 203 38 112 0 115 208 145 0 255 255
    65 254 255 232 12 255 139 40 43 150 148 255 0 255 101 151 255 5 0
    255 9 154 167 186 255 38 26 33 255 48 74 61 184 175 9 138 0 207 62
    43 241 0 252 0 218 103 0 0 255 0 179 148 0 117 226 59 0 211 158 164
    255 81 87 114 0 0 83 62 255 222 89 41 200 0 0 251 187 0 183 115 225
    73 189 83 0 14 255 126 232 189 0 55 218 195 0 255 255 191 92 255 0 0
    0 255 205 186 93 7 0 204 255 255 22 26 107 76 196 0 0 78 0 9 16 142
    51 163 255 186 235 179 132 0 0 7 111 253 17 31 178 229 255 40 0 177
    55 74 54 65 186 254 235 0 45 255 21 255 255 0 255 0 248 255 245 114
    0 0 178 84 0 255 62 221 28 255 123 0 0 215 252 239 201 0 255 117 69
    255 171 0 250 0 153 142 250 71 0 255 228 0 101 118 0 7 0 228 6 54
    157 165 76 206 59 123 187 255 0 61 0 115 162 91 93 122 255 80 153
    255 183 140 247 255 133 255 122 99 0 161 0 195 9 94 155 195 255 240
    169 175 103 255 54 0 225 255 0 116 255 255 135 0 133 205 97 49 255
    187 217 255 75 0 255 249 255 201 240 46 255 255 255 255 255 255 91 0
    127 236 0 136 128 0 234 132 97 255 0 8 255 96 111 1 113 58 250 0 136
    39 146 22 0 0 6 55 110 0 191 147 0 0 228 86 88 1 179 0 56 255 0 255
    106 137 0 106 22 180 122 228 173 222 188 178 0 64 212 0 142 181 0
    244 117 176 255 205 0 255 0 127 0 41 169 38 255 0 82 22 49 58 255
    255 102 255 139 255 211 119 0 141 0 255 253 30 0 0 255 0 173 91 114
    72 0 145 0 0 255 54 255 0 221 215 221 60 245 95 0 0 0 255 145 43 0
    160 0 144 113 0 207 0 17 0 228 0 248 43 65 255 255 212 255 157 255
    103 51 151 0 137 0 103 74 0 255 249 255 255 0 236 182 31 106 217 24
    117 188 152 96 149 3 255 114 255 215 151 187 255 235 255 0 18 255 75
    53 229 237 216 64 0 168 223 83 78 232 127 0 20 255 255 113 255 248
    255 84 19 215 255 0 157 168 187 214 253 118 255 117 150 204 249 205
    255 71 92 234 100 182 221 56 255 212 255 25 0 0 140 240 37 167 255
    26 90 0 71 0 37 72 255 0 0 255 219 255 183 92 0 163 255 122 51 64
    170 203 140 176 7 173 0 95 255 0 0 212 151 179 23 52 0 179 255 0 0 0
    255 136 116 200 255 148 0 200 255 26 0 0 255 81 175 140 42 150 152 0
    53 0 134 239 0 56 14 174 0 223 56 245 20 0 255 255 255 2 133 255 19
    207 3 246 126 255 0 168 39 33 255 189 202 182 71 57 58 102 0 0 10
    195 0 255 0 129 141 0 0 26 26 255 32 80 224 255 139 98 167 95 29 4
    255 0 93 221 152 213 242 1 0 112 28 249 78 225 255 143 63 11 203 132
    250 36 19 31 235 0 0 189 0 0 202 255 90 0 126 0 231 127 78 49 226
    109 255 34 140 191 255 77 186 165 37 0 103 200 232 255 96 255 0 0 68
    228 255 255 255 255 255 255 255 24 0 42 71 57 244 126 0 118 55 0 109
    215 230 26 164 255 169 136 200 255 205 198 255 113 133 218 127 9 191
    209 255 231 95 255 137 78 255 214 70 255 7 136 249 93 66 185 0 146 0
    0 17 204 91 65 125 168 255 84 0 17 50 0 7 255 49 146 56 229 85 225
    187 83 164 255 235 255 112 0 255 0 102 0 120 0 105 87 143 70 0 108
    185 37 255 184 53 242 0 190 92 240 162 255 255 255 73 113 130 86 144
    215 202 0 106 235 86 244 58 46 42 190 0 0 50 56 255 20 98 35 156 0
    158 0 0 94 156 42 221 54 255 223 72 84 255 255 255 194 193 94 78 89
    187 0 153 3 0 6 255 132 164 88 124 159 0 246 143 201 89 71 255 0 0
    112 255 0 212 255 123 0 252 255 255 0 252 45 15 191 0 56 44 94 154
    46 255 119 255 9 222 0 29 55 34 158 255 184 0 98 0 88 187 100 73 0
    80 255 133 6 255 0 196 222 39 255 0 255 255 161 10 152 255 113 0 255
    226 97 66 0 0 159 115 0 190 255 0 13 12 105 39 255 255 119 255 255 7
    145 101 0 0 51 71 0 255 158 0 12 85 255 250 15 34 255 255 255 171
    129 2 255 232 149 189 18 0 255 255 117 0 219 25 131 21 237 255 235
    251 173 0 221 232 181 244 6 206 225 255 0 45 158 140 81 255 255 62
    171 0 164 0 183 9 154 255 41 166 255 147 184 114 0 42 191 255 0 184
    0 152 46 0 58 131 183 44 93 0 77 69 143 151 0 37 255 49 255 255 255
    63 255 155 0 55 125 0 73 146 225 50 255 179 202 114 195 233 255 255
    83 255 134 255 254 14 109 255 255 0 0 147 0 71 132 114 255 221 87
    137 0 15 0 255 0 0 10 35 27 22 81 255 174 255 0 255 0 150 86 163 255
    255 169 255 215 209 35 255 0 0 255 123 0 90 110 255 89 255 203 93 0
    59 6 19 141 80 248 255 0 149 8 201 255 0 253 0 56 96 70 217 0 117 77
    0 111 221 108 177 255 126 215 0 133 255 228 124 255 0 19 234 218 50
    100 105 255 0 158 187 0 0 0 0 255 234 154 0 228 0 79 255 0 255 255
    18 199 80 255 0 255 255 140 166 45 255 171 0 76 255 240 0 3 0 0 87
    222 255 194 35 152 211 96 0 103 199 255 253 242 181 195 0 152 255 37
    0 8 33 255 112 255 0 171 204 133 255 255 163 0 255 0 153 0 255 36
    255 198 167 0 154 203 75 255 157 255 0 0 0 0 108 174 54 0 67 255 154
    69 0 255 255 230 31 0 117 0 202 0 34 237 0 255 128 223 255 210 197
    170 166 152 0 73 255 208 0 230 149 0 17 213 252 88 198 255 28 255 18
    42 255 255 255 226 7 0 255 218 0 255 69 35 3 0 22 103 34 121 250 202
    212 255 68 255 255 0 255 0 243 201 207 157 0 92 4 233 230 154 159
    168 14 143 63 255 255 39 154 229 255 0 0 255 40 36 143 238 0 0 94 0
    29 0 255 175 217 112 0 34 255 7 184 230 0 255 29 255 255 246 0 229 0
    227 255 0 255 0 78 56 163 151 255 255 160 183 236 166 96 127 252 0
    90 0 71 39 90 255 255 255 255 199 168 89 236 108 125 102 33 255 34
    242 77 27 0 206 202 255 51 238 174 107 110 255 230 0 236 0 104 174
    143 0 80 2 95 0 151 255 0 255 0 107 91 66 121 61 211 103 0 126 0 62
    255 165 204 0 141 255 75 255 0 0 3 126 71 12 0 74 165 66 98 185 0
    255 255 199 34 0 255 255 194 142 52 0 95 32 135 255 209 0 199 0 0 0
    255 255 54 0 100 255 0 237 96 192 255 255 156 172 190 0 166 154 255
    153 0 167 0 203 255 162 184 0 40 104 0 0 80 232 176 255 129 255 19
    102 22 0 255 104 131 255 0 255 208 0 54 232 30 255 240 255 0 77 0
    251 0 218 93 244 156 96 0 255 0 255 148 255 254 0 46 0 255 239 30 46
    31 255 0 242 58 54 255 182 0 149 255 255 0 52 33 0 187 251 162 31
    154 216 182 0 116 33 178 255 191 11 210 67 255 10 137 0 0 0 84 60
    232 227 0 154 0 241 18 0 207 224 197 247 57 20 45 50 21 255 180 204
    159 207 234 0 255 72 28 33 129 255 0 0 188 0 0 99 0 255 152 0 255 0
    255 117 0 31 255 42 12 255 255 114 0 255 119 0 170 23 0 0 78 109 108
    68 255 214 255 0 50 0 23 255 0 139 209 30 176 255 255 26 41 255 66
    87 0 60 190 150 208 116 182 0 163 107 211 96 0 0 59 0 255 40 95 123
    28 0 0 255 2 128 255 255 216 0 0 254 0 117 0 238 18 0 203 134 117
    138 234 255 17 32 0 165 255 241 233 178 135 189 24 219 77 125 124
    106 255 118 255 251 0 137 74 0 152 255 103 127 179 0 255 208 90 0
    144 222 219 194 75 255 223 0 194 0 255 201 218 255 255 0 80 133 7 55
    255 198 0 154 12 175 0 239 213 255 228 90 57 28 220 0 232 182 70 149
    250 139 133 0 255 255 0 215 223 244 236 255 255 96 223 0 98 85 230
    255 187 41 255 161 180 255 196 0 61 45 231 63 255 254 211 157 63 73
    226 0 200 163 146 0 255 255 0 0 255 255 76 255 0 198 255 0 143 243
    172 255 157 77 175 83 23 59 170 92 156 88 0 0 234 0 0 77 129 152 34
    128 125 0 255 110 124 255 193 247 43 105 174 0 94 98 60 149 201 182
    0 109 218 96 54 0 158 85 148 255 255 34 238 151 0 227 102 129 131
    255 39 7 144 74 0 0 0 0 246 255 114 26 158 142 72 124 130 43 214 174
    0 0 0 255 0 74 197 125 0 0 27 254 82 255 54 0 255 255 102 26 0 0 170
    255 44 47 255 27 213 222 94 101 0 255 0 167 208 59 195 0 255 254 45
    207 179 95 18 12 140 72 0 99 117 1 84 255 117 178 145 62 54 83 0 255
    170 2 205 255 17 87 59 88 255 0 255 255 169 0 5 61 0 34 135 195 165
    129 82 58 0 255 255 19 81 160 124 255 49 255 0 255 221 3 67 196 152
    72 49 255 180 0 0 83 185 255 14 255 45 27 69 53 251 138 0 224 246
    149 34 211 198 74 201 24 0 178 0 75 128 0 0 113 255 0 255 200 190 0
    136 44 52 171 218 0 204 141 0 144 38 25 255 157 135 32 163 178 255
    128 0 255 0 255 232 120 88 255 255 0 26 255 156 255 0 146 190 0 182
    88 67 15 91 255 255 166 0 210 255 255 59 125 107 255 0 255 91 6 6 72
    159 98 173 0 255 255 195 255 255 20 255 75 164 123 112 255 96 255
    142 178 0 0 228 199 0 119 152 105 223 203 0 176 231 0 102 255 125 0
    195 160 0 206 35 255 236 208 255 142 0 162 238 62 226 255 233 239
    255 83 248 255 167 33 0 232 61 86 255 255 111 0 31 0 91 107 0 255 70
    0 69 12 188 0 97 255 73 0 105 0 180 60 255 255 0 138 0 65 247 83 85
    243 31 255 196 255 86 27 255 0 220 255 170 28 231 71 47 0 0 0 0 0 0
    8 183 121 166 111 255 9 0 253 91 179 148 147 113 255 255 179 180 191
    117 0 255 170 252 255 109 0 0 245 0 213 194 255 85 246 12 61 255 82
    0 138 160 30 0 59 156 255 0 35 255 177 255 137 255 104 179 0 0 151
    193 0 178 41 255 255 52 181 255 0 255 173 0 255 0 188 107 198 98 178
    0 0 255 0 240 0 249 150 0 255 0 248 15 10 255 59 255 255 255 255 101
    255 0 255 0 0 82 0 0 87 97 255 209 0 226 165 0 234 81 181 188 0 79
    20 196 0 0 179 255 181 0 17 83 0 255 103 26 0 177 24 23 196 255 141
    125 255 15 18 255 255 255 227 152 48 109 116 33 188 36 89 229 147
    167 255 247 149 208 248 255 246 104 29 112 48 221 8 226 254 62 237
    255 232 0 0 232 0 0 237 72 233 82 233 0 255 0 0 15 52 117 6 160 0
    255 154 167 0 0 70 104 255 43 47 245 124 255 136 228 255 196 50 211
    11 5 125 255 1 56 135 255 73 237 42 152 0 0 127 255 0 0 0 0 23 188 0
    37 0 255 15 255 222 159 73 255 176 7 255 53 120 0 0 52 148 55 42 255
    255 255 255 186 163 0 191 109 51 60 97 85 177 255 255 255 0 0 3 141
    53 0 153 216 122 125 23 255 200 0 133 236 12 220 255 27 177 159 57
    157 51 18 0 217 72 175 0 255 102 183 115 0 75 255 0 0 0 155 92 2 0
    93 255 251 214 174 0 0 0 195 0 109 255 217 172 114 125 237 114 255
    214 0 0 196 169 136 152 204 212 72 127 255 63 0 0 255 0 51 136 18
    255 204 255 137 255 18 255 5 255 255 0 0 208 198 62 34 159 255 162
    255 85 84 255 67 255 255 224 0 15 103 0 25 66 161 247 159 0 47 80
    210 246 232 0 255 97 255 237 105 175 255 0 189 248 228 102 142 255 0
    255 161 0 245 109 175 24 200 0 0 220 0 0 161 0 255 148 206 255 127
    114 255 164 0 0 255 255 0 189 0 16 0 147 0 23 0 223 0 0 211 166 40
    255 79 193 255 95 228 121 62 160 80 255 209 108 222 0 12 105 0 142 0
    159 62 103 255 148 36 203 138 0 11 249 68 204 182 88 212 135 255 169
    52 255 100 104 218 144 206 255 0 255 107 250 115 151 141 0 255 0 234
    235 77 24 154 27 79 117 2 215 255 171 255 184 126 255 0 138 0 109
    224 255 255 76 62 77 119 213 154 0 178 68 255 0 0 50 118 71 126 70
    14 0 104 0 76 235 0 90 255 16 51 0 54 255 126 120 0 0 0 180 255 0
    164 84 255 0 8 97 210 0 44 182 146 144 0 54 255 248 255 40 180 107
    182 94 39 199 52 148 0 0 137 255 6 96 1 62 183 134 83 255 0 64 133 0
    0 143 102 27 178 0 252 178 255 255 102 255 255 82 0 58 188 0 0 255
    123 22 147 139 74 152 25 242 64 0 59 0 197 0 253 0 128 44 255 141 84
    64 200 109 204 0 255 104 192 148 10 0 0 255 65 243 154 214 255 78
    223 235 94 255 203 173 165 93 181 255 0 61 0 0 0 5 136 69 94 177 243
    184 4 182 148 95 12 0 255 233 223 0 0 130 111 0 96 165 95 255 116 0
    255 255 220 44 31 221 0 0 0 14 67 229 95 255 130 255 238 70 255 213
    55 153 96 198 243 112 62 0 52 92 0 255 0 0 231 188 68 252 92 89 0
    141 0 246 73 0 134 0 173 237 116 255 88 255 224 233 17 198 0 41 117
    8 182 255 4 128 132 0 255 92 63 0 28 229 147 0 26 250 255 16 255 181
    226 142 44 255 255 243 199 0 85 144 0 212 115 209 0 255 28 18 240
    127 255 255 175 29 51 215 105 250 36 133 85 232 255 113 202 162 65
    247 20 134 137 255 109 206 0 238 0 2 50 216 0 255 166 0 255 112 148
    255 0 87 255 159 255 0 154 176 0 207 124 203 193 189 7 2 234 29 238
    50 123 122 156 8 255 84 255 73 143 181 159 0 50 0 251 64 0 169 213
    255 172 130 255 215 0 255 26 124 236 255 255 160 255 118 44 169 23 0
    0 217 226 0 255 0 232 72 160 188 0 143 191 0 0 90 0 45 162 202 0 75
    9 0 0 49 120 56 85 0 255 121 255 243 255 255 228 0 255 143 217 255
    255 255 73 221 0 0 129 42 70 222 215 3 143 8 0 253 61 150 136 59 255
    183 233 212 0 232 35 65 114 105 198 0 62 255 255 255 179 118 91 176
    70 29 250 161 233 159 21 32 248 153 124 17 190 25 255 29 76 85 54
    222 107 122 186 165 255 193 179 127 118 255 0 144 78 142 173 91 167
    136 9 235 43 0 38 20 18 70 134 136 84 11 73 249 105 89 3 0 0 0 0 3 0
    247 255 0 255 87 255 85 211 10 0 214 17 255 224 255 255 177 255 23
    255 120 255 0 255 105 0 170 49 0 2 58 255 246 176 229 57 77 0 90 190
    0 119 77 107 53 103 157 255 34 0 37 255 0 255 199 255 106 0 255 0
    255 91 0 192 145 200 142 0 166 43 145 0 255 237 248 255 2 255 170 0
    142 255 10 122 255 255 5 110 255 234 160 255 0 255 229 0 242 58 0 41
    145 206 0 236 255 140 255 223 145 255 0 61 126 0 183 0 220 0 239 53
    49 255 27 255 64 255 255 26 255 0 0 227 23 233 220 163 98 255 61 208
    0 0 41 213 188 98 19 244 255 191 232 216 89 221 224 255 94 237 154
    255 0 5 243 108 89 151 239 0 141 255 0 57 14 255 86 88 0 255 111 206
    153 50 162 215 0 183 255 255 40 0 255 159 0 6 255 232 175 33 44 53
    102 16 54 73 255 133 208 131 33 47 255 255 48 45 147 255 0 255 0 247
    0 255 114 146 0 205 255 0 0 18 0 126 132 255 199 0 151 255 195 0 126
    92 109 104 51 254 222 85 0 199 0 151 73 255 255 164 0 188 242 0 94 0
    212 184 255 85 245 18 157 79 183 81 0 61 183 255 180 55 199 0 93 208
    132 255 161 255 123 119 245 0 197 18 50 255 0 255 0 255 57 0 255 255
    0 100 255 255 62 169 167 15 186 62 114 84 76 0 121 0 123 127 239 228
    242 213 91 219 255 40 35 26 39 0 30 100 172 216 0 146 9 22 194 244
    137 209 0 252 87 0 140 97 44 85 49 0 132 0 197 0 0 154 215 66 245
    179 215 43 234 160 37 15 0 201 145 255 0 0 255 91 255 255 255 24 29
    255 147 255 0 0 184 22 182 235 16 19 255 72 255 255 131 0 174 250 3
    100 232 214 158 130 255 193 176 252 239 251 0 222 221 103 15 24 248
    79 255 0 83 209 0 0 217 0 53 0 128 161 207 235 215 113 0 255 236 0 3
    0 255 124 0 128 37 181 175 255 223 255 41 56 242 0 224 175 96 0 0
    179 255 21 206 194 22 0 255 179 46 90 255 37 51 255 255 0 255 164
    120 144 101 104 231 255 206 71 91 255 131 232 98 121 2 0 0 86 117
    178 255 120 9 0 69 91 190 209 203 30 255 27 129 255 90 47 174 16 106
    91 181 16 181 255 132 255 232 255 122 0 158 178 255 159 255 0 161 83
    248 246 10 0 28 239 0 89 255 29 224 138 216 255 195 77 255 70 184
    177 96 242 0 19 0 204 11 217 255 143 0 0 0 220 189 0 145 243 0 211
    227 113 122 239 0 120 255 0 122 255 255 202 217 255 255 0 201 255
    152 0 0 255 0 121 91 255 125 0 21 107 104 0 190 201 0 151 0 255 100
    213 105 58 249 64 0 213 33 228 163 196 185 255 120 255 171 112 0 0 0
    68 0 31 255 192 232 36 0 0 182 212 57 255 0 0 181 0 155 38 255 207
    158 217 15 255 33 97 96 47 255 72 255 0 123 100 16 0 7 186 197 40 93
    67 246 232 230 156 0 0 30 231 20 0 96 133 0 0 0 0 0 0 81 0 2 216 2
    135 18 24 255 33 157 144 232 255 167 0 38 255 255 0 97 59 220 255
    255 193 221 4 0 189 209 165 83 169 160 192 255 255 116 166 0 0 0 190
    15 0 214 222 135 65 246 79 0 255 120 118 162 243 0 229 249 123 210 0
    12 223 255 8 255 157 0 38 12 172 0 42 255 0 255 39 126 42 40 125 181
    76 0 0 162 0 52 209 225 0 0 0 0 0 78 7 76 76 44 0 79 255 72 14 73
    114 17 0 56 53 11 53 66 70 255 255 60 198 221 255 222 78 133 0 245
    109 99 198 219 53 0 133 236 138 255 223 255 152 127 208 0 167 0 0
    137 94 255 255 0 0 255 82 255 255 98 12 41 127 128 0 255 0 14 0 206
    0 0 157 195 165 255 255 255 255 0 255 255 74 238 199 239 120 0 201
    255 115 144 255 253 221 0 255 0 210 255 97 162 144 6 63 31 0 0 111
    106 0 0 33 0 223 255 121 255 255 211 189 0 239 226 218 50 91 100 155
    255 101 0 96 212 63 201 43 117 11 255 254 147 157 149 43 109 255 0
    138 192 149 0 127 24 74 255 81 47 156 255 2 247 230 128 197 193 11
    190 222 0 174 180 245 0 0 106 0 255 190 251 255 79 255 68 0 0 0 255
    255 55 255 0 26 219 15 255 30 4 223 114 255 239 214 255 0 134 0 255
    105 216 255 255 255 231 203 0 255 255 255 4 152 12 255 0 37 16 136
    17 129 49 255 255 0 146 190 0 185 99 106 0 107 0 109 74 255 216 20
    255 106 138 8 102 100 208 240 255 4 0 255 255 161 0 47 195 255 242
    242 252 0 217 177 255 134 93 255 66 10 0 37 0 225 0 124 10 0 31 0 0
    42 141 0 253 0 110 255 0 255 31 113 204 186 29 52 255 255 255 122 0
    105 0 46 0 1 193 255 230 181 127 255 255 255 255 18 211 0 196 0 46
    163 255 135 28 52 255 180 255 0 0 83 152 255 194 227 255 211 124 255
    7 0 0 255 92 50 183 238 173 255 255 255 0 98 208 255 166 227 255 136
    136 33 142 255 0 236 255 195 12 63 0 42 90 17 0 156 127 255 108 136
    40 0 32 255 90 255 108 213 255 86 0 0 222 243 255 0 255 144 0 172
    255 162 237 77 0 214 160 55 0 0 188 255 255 0 53 221 0 152 255 153 0
    197 42 0 255 182 255 248 229 255 187 202 191 10 110 135 13 0 111 219
    202 250 255 40 185 215 0 156 38 79 87 108 178 0 57 30 255 255 79 255
    255 171 154 127 255 72 255 57 52 255 0 0 94 255 0 129 63 115 255 0
    172 219 255 255 108 255 255 255 200 255 255 0 109 62 52 255 0 51 0
    255 203 0 84 219 255 15 98 0 0 20 255 34 144 221 42 91 0 0 17 162
    213 120 255 0 220 44 128 136 255 186 27 255 19 12 0 0 108 22 154 0 0
    255 0 0 234 0 62 51 230 122 45 21 17 108 0 177 56 142 19 0 255 61 0
    89 255 139 224 81 199 151 92 28 255 118 218 69 125 0 0 244 0 57 0 0
    84 255 4 198 65 243 0 144 255 255 0 232 255 119 70 208 41 190 145
    181 209 0 33 133 36 38 117 0 197 255 235 0 0 247 11 193 178 0 188 0
    122 0 206 156 148 0 157 255 145 126 137 0 196 45 0 203 255 174 109
    21 55 187 0 100 149 196 89 255 49 255 191 255 115 99 146 37 226 218
    182 0 91 162 63 129 255 169 229 255 39 255 44 255 255 59 91 38 0 0
    103 0 0 132 0 255 157 61 224 233 156 67 21 26 84 64 134 207 116 0
    253 0 0 50 0 255 255 44 255 251 0 226 0 104 95 53 255 250 231 144
    105 50 255 0 6 88 105 133 255 0 177 255 68 72 150 96 41 19 197 0 255
    0 0 145 174 183 27 255 104 24 255 198 122 224 8 18 255 40 54 255 0
    28 255 134 186 32 132 255 255 91 0 73 255 118 110 170 255 0 0 255
    252 0 10 165 150 254 0 178 112 255 13 199 0 17 159 11 114 63 0 45
    146 16 255 0 70 32 141 0 192 255 74 72 255 57 0 83 0 0 166 201 0 0
    126 225 0 221 255 255 110 114 121 254 236 0 0 74 28 145 199 175 248
    40 0 115 255 41 215 0 203 141 164 46 0 255 124 110 255 162 145 243
    156 156 0 128 24 83 21 255 0 158 0 107 241 201 74 255 87 225 80 239
    132 61 255 0 249 144 219 155 194 0 255 183 111 255 6 0 255 96 132 0
    186 255 255 255 56 219 53 87 220 237 140 0 18 0 118 0 98 255 209 61
    23 248 93 43 129 121 28 136 255 221 255 255 0 0 238 102 122 255 212
    64 91 241 255 173 126 201 0 228 255 206 1 0 27 255 179 0 255 255 123
    0 156 255 215 175 117 213 0 224 255 0 251 182 210 154 255 255 255 86
    128 90 244 0 47 18 223 108 0 0 182 10 0 27 255 0 197 195 24 31 164
    255 177 58 55 255 0 255 172 134 0 148 238 0 227 159 64 0 104 245 248
    0 150 2 250 11 0 32 88 0 175 255 115 180 16 255 144 255 219 122 188
    159 255 116 6 255 101 14 0 234 234 0 0 36 33 55 142 255 255 255 255
    211 255 157 172 255 255 151 237 40 0 38 36 255 255 0 96 255 126 173
    217 255 243 21 173 107 0 0 26 247 0 0 255 45 76 181 154 46 63 255
    252 41 0 225 0 0 255 0 69 100 97 92 164 0 255 232 172 6 80 0 235 0
    255 106 0 255 255 0 190 178 0 192 180 21 44 255 126 0 255 255 54 230
    0 116 190 42 255 12 54 255 188 220 0 77 0 95 255 137 159 214 80 67
    255 0 33 255 190 233 150 141 185 196 0 255 0 0 35 193 192 145 0 255
    104 31 173 212 0 42 255 255 203 255 75 255 255 0 255 145 41 98 72
    255 65 0 207 18 169 162 255 4 204 137 117 144 255 255 204 0 255 0
    255 1 26 0 138 143 10 255 248 255 0 209 63 255 0 138 26 0 91 114 0
    49 17 233 64 0 99 83 103 0 241 196 227 255 255 19 51 110 14 0 226 84
    113 52 255 255 16 146 31 0 255 0 140 204 136 220 0 152 154 13 21 0
    222 216 0 63 0 103 222 201 0 55 61 243 0 49 255 34 236 255 233 0 91
    61 82 72 0 39 255 51 61 255 224 0 28 255 0 255 21 255 155 210 31 255
    255 0 171 255 59 0 9 239 255 255 255 166 255 206 34 0 193 255 0 255
    255 255 0 57 51 255 79 0 0 255 239 201 255 163 0 255 132 0 255 251 0
    0 0 255 26 0 43 69 0 255 212 255 155 110 25 178 118 23 0 252 209 255
    255 255 156 7 0 0 23 128 161 56 238 223 42 194 152 0 251 171 0 0 154
    189 140 103 255 181 55 249 138 0 255 255 58 97 255 110 46 170 9 240
    255 29 229 218 255 125 161 255 6 161 115 0 22 193 0 227 46 255 134
    13 255 0 255 53 0 211 68 0 255 248 93 186 231 187 177 171 234 112
    174 243 218 5 217 16 46 45 0 240 163 233 0 250 255 0 118 167 39 0
    199 196 255 0 66 168 0 0 99 167 0 136 165 238 42 238 255 176 214 94
    110 10 0 0 94 186 0 107 19 255 239 146 5 255 255 0 255 255 121 0 188
    26 0 89 255 80 255 0 255 4 0 140 255 30 255 0 255 192 0 213 52 255 0
    38 0 228 27 122 152 131 180 67 193 0 240 255 70 29 255 255 21 255 93
    255 81 119 147 242 255 0 95 0 58 255 81 255 255 219 193 235 60 89 68
    31 0 63 0 255 255 145 8 15 0 53 184 70 0 213 221 0 255 0 0 31 72 237
    0 22 149 218 255 255 245 63 0 255 122 0 0 227 138 46 47 209 94 114
    114 4 88 143 0 0 139 0 135 10 48 157 255 169 174 0 54 255 255 0 255
    193 116 0 198 0 160 0 255 0 119 0 240 255 131 255 53 255 101 0 116
    199 255 114 255 245 0 105 126 0 94 0 40 150 0 255 153 90 198 20 76
    183 255 49 0 0 147 90 186 255 189 103 113 0 186 40 72 37 98 255 38
    255 49 220 255 50 22 245 254 236 236 2 250 13 0 0 0 255 0 158 245 28
    111 148 0 21 246 0 12 253 255 0 107 0 0 255 255 0 160 255 11 78 0
    220 255 0 67 163 255 248 0 22 99 253 101 55 102 41 0 245 0 111 182
    255 0 117 0 230 85 45 0 131 0 0 0 112 255 225 76 253 103 249 0 0 219
    245 0 207 185 0 63 81 65 138 31 32 127 191 254 192 97 138 255 22 228
    221 182 0 191 0 192 94 255 150 109 239 131 62 255 122 0 255 114 255
    0 235 255 0 87 175 238 255 255 0 53 140 78 66 159 177 0 255 168 84
    48 0 0 255 181 0 255 46 2 81 0 0 255 39 84 0 177 26 45 255 135 0 23
    12 255 0 0 255 60 255 11 6 54 110 208 255 44 0 0 0 236 35 0 0 0 255
    78 255 82 61 235 0 76 184 255 0 12 87 133 60 134 143 17 255 255 255
    191 110 33 0 52 255 0 246 0 160 0 108 145 0 15 114 255 222 93 255
    255 160 0 233 0 124 77 0 176 255 143 0 111 251 0 96 255 37 159 45 0
    41 0 21 220 149 0 255 0 108 0 0 0 34 66 178 2 189 151 56 99 139 255
    255 212 0 34 255 217 23 210 255 119 25 56 0 153 0 192 0 107 38 0 0
    25 127 0 255 151 255 57 255 16 39 92 237 150 55 90 167 0 45 8 0 30
    154 0 119 255 41 149 225 148 227 48 200 255 0 255 90 0 255 241 0 169
    111 0 164 27 135 61 0 0 255 0 21 211 155 0 0 255 113 0 0 200 45 215
    0 13 40 255 216 255 125 0 255 228 147 255 0 255 0 0 251 0 96 157 137
    182 0 32 255 188 65 246 74 248 0 0 0 74 191 253 255 180 49 255 255 7
    74 188 255 165 41 104 255 166 249 0 10 178 93 0 180 68 62 43 20 255
    255 143 255 98 134 255 167 255 47 0 0 71 192 137 197 146 255 4 0 230
    138 172 255 229 19 196 255 207 0 55 0 50 93 255 39 28 15 43 255 50
    161 255 224 246 114 50 212 163 255 254 214 255 31 255 0 255 49 253
    202 131 0 48 92 88 55 255 255 173 146 192 255 206 0 215 147 79 232
    255 0 255 0 42 193 52 255 183 0 195 178 228 166 255 255 181 15 129
    29 46 179 255 116 255 21 255 255 0 255 67 86 33 0 30 255 168 96 235
    0 32 111 255 255 158 198 255 84 118 15 59 0 246 0 0 255 107 100 109
    0 0 255 92 81 250 2 255 114 85 189 0 59 0 231 19 105 0 0 134 147 83
    32 208 255 121 171 0 255 168 0 245 151 255 236 255 0 255 53 0 206 64
    0 247 162 32 0 74 0 136 255 58 203 0 0 248 0 255 0 255 143 71 138 9
    209 255 11 150 227 244 161 128 155 255 241 53 0 79 233 12 255 17 166
    255 60 67 0 101 190 103 240 96 14 217 98 182 0 90 20 0 255 211 188
    47 136 53 20 0 0 246 101 20 179 71 147 255 255 255 84 0 66 0 65 238
    15 0 201 191 69 219 255 255 255 108 255 7 128 212 0 11 0 255 0 255
    59 94 0 255 0 187 128 0 0 255 143 255 0 235 148 48 34 72 65 70 239
    251 255 244 129 64 137 112 0 175 19 0 135 253 155 0 253 255 213 43 0
    114 251 70 255 255 255 186 223 255 98 63 0 255 0 255 205 39 61 162 0
    210 90 118 234 255 0 0 0 11 251 0 158 73 17 0 78 189 255 255 116 0
    183 61 15 255 0 245 211 24 64 145 139 255 255 90 255 32 181 255 0
    115 0 165 3 189 91 230 56 0 201 45 0 255 209 235 0 160 219 234 255
    192 249 177 0 247 63 0 102 255 233 0 255 166 32 147 208 133 99 0 201
    212 0 40 255 255 95 190 107 33 46 0 0 150 117 120 89 223 147 0 41 47
    169 0 187 118 70 255 0 236 255 110 0 156 0 167 141 46 224 162 155 0
    255 3 171 245 110 0 159 0 255 255 189 162 103 194 0 234 0 255 255
    175 94 187 0 62 81 0 0 63 138 255 69 196 110 193 0 19 213 180 111 94
    240 0 0 255 0 0 3 255 36 251 214 158 0 106 234 114 44 3 255 0 189
    199 0 0 221 237 226 50 0 0 78 28 0 212 215 220 255 195 39 255 0 65
    235 155 255 38 197 255 66 18 255 216 130 5 22 255 224 79 188 244 0 3
    255 82 0 114 20 5 0 255 0 35 246 3 74 61 0 181 11 170 251 0 154 70
    104 0 255 125 8 97 0 155 16 0 79 0 255 0 0 82 165 82 244 105 255 104
    255 75 255 93 255 0 43 255 164 68 0 230 187 220 250 255 0 94 255 255
    214 100 255 0 255 255 203 0 114 121 255 72 0 255 54 0 255 79 0 123
    148 0 86 255 254 77 215 16 223 0 19 0 0 207 255 255 0 0 208 0 255
    243 60 211 166 0 42 255 0 135 122 192 187 0 92 255 238 162 255 208
    242 255 197 255 255 119 129 0 255 0 255 216 255 189 95 0 248 115 65
    0 0 0 73 113 255 14 255 178 54 255 114 28 166 207 69 143 247 47 255
    1 255 56 237 132 208 223 121 253 215 168 0 203 0 4 68 0 0 157 255
    215 0 249 108 255 0 214 238 60 130 63 7 0 70 255 1 209 0 102 67 0
    255 0 138 255 245 69 0 227 180 54 0 102 79 170 255 255 125 137 222
    255 255 0 123 86 255 0 208 105 35 253 0 39 225 241 146 0 146 199 131
    255 101 186 47 255 35 141 0 13 172 63 0 255 104 248 123 7 26 255 54
    255 219 255 230 121 0 135 0 211 74 169 255 185 0 0 142 53 0 255 6 14
    0 145 135 51 49 101 0 125 0 195 255 203 0 31 204 37 205 166 0 0 243
    255 0 189 13 71 13 255 225 228 255 0 38 119 169 219 250 133 214 138
    0 99 112 0 107 241 134 121 255 38 148 71 0 0 189 87 40 0 172 3 110
    236 255 253 239 179 176 126 255 230 44 0 255 4 163 137 107 202 0 0 0
    255 181 77 132 50 0 175 79 255 153 255 255 13 160 44 255 81 84 255
    255 15 90 0 134 20 61 135 245 255 158 100 15 0 34 18 182 20 156 184
    255 255 0 63 100 94 49 195 80 51 65 255 255 47 30 192 160 0 252 222
    242 17 50 83 0 0 255 255 220 255 164 255 255 241 255 0 46 182 3 105
    0 255 255 0 147 24 0 233 224 255 255 90 213 255 255 57 255 193 0 64
    186 244 255 12 255 228 103 144 153 101 37 195 255 11 0 164 91 255 44
    203 0 0 0 0 150 25 255 178 89 174 39 143 0 94 15 188 181 61 67 62
    255 0 249 144 7 255 0 138 202 255 70 255 168 135 231 0 0 2 255 11 0
    255 0 154 0 202 27 255 108 209 0 129 27 0 255 0 23 255 111 233 157 0
    86 0 255 200 16 0 255 5 255 233 0 0 255 233 0 165 243 217 173 0 255
    192 255 47 0 255 118 192 32 194 0 255 246 0 255 0 73 255 0 0 241 114
    49 0 214 197 0 152 144 194 39 60 255 255 20 166 255 37 0 0 255 255
    43 233 255 206 119 255 235 0 158 255 255 187 78 201 255 128 255 0 16
    0 255 143 174 255 255 57 255 54 207 119 255 221 215 133 213 0 181
    243 174 70 0 252 172 14 120 10 253 0 0 213 51 255 101 111 116 255
    255 0 255 143 53 0 196 255 255 0 255 0 94 0 0 0 255 0 0 255 0 160 0
    255 216 169 194 0 230 69 170 255 0 0 255 0 21 108 4 0 0 255 217 204
    0 72 104 96 177 25 195 255 150 166 165 63 83 65 70 158 221 236 255
    50 225 0 142 16 57 164 0 255 91 160 138 255 0 213 255 11 253 67 255
    0 255 226 141 27 97 197 57 182 255 0 255 41 0 46 255 192 0 255 224
    77 255 215 101 196 207 196 0 164 248 0 0 182 255 221 127 163 129 49
    98 208 173 0 0 255 167 159 72 159 255 142 76 255 10 0 255 106 0 39
    76 20 137 76 82 133 58 186 20 0 134 168 133 32 40 173 82 5 0 127 33
    101 46 252 95 51 125 128 44 255 238 239 101 44 152 255 20 255 255 31
    255 255 236 107 238 15 189 108 255 133 0 121 255 71 68 255 255 253
    255 113 255 147 35 91 110 141 0 220 255 195 100 253 255 110 20 143
    255 193 103 255 101 0 84 14 255 16 130 203 239 255 47 144 36 55 242
    237 233 234 154 14 0 53 193 196 190 0 255 254 75 125 49 255 223 142
    137 184 63 41 195 154 163 6 66 0 255 64 185 176 64 229 168 193 235
    255 17 210 243 0 0 40 107 0 89 98 146 221 0 194 65 246 255 0 255 255
    191 136 255 0 171 223 231 116 255 253 203 114 0 154 84 255 39 163 23
    59 169 216 19 255 91 230 255 0 0 159 255 173 149 181 67 255 255 0
    199 0 208 255 113 83 255 92 99 109 255 255 255 255 167 0 52 32 0 255
    255 249 72 0 255 255 0 0 50 0 0 0 214 130 214 103 39 147 0 241 237 0
    1 0 0 183 76 0 255 255 188 113 255 21 24 255 255 244 148 66 255 0 0
    106 47 255 55 0 77 255 14 0 199 255 0 0 134 36 55 255 0 44 255 203
    104 255 188 0 255 255 0 5 145 255 221 255 20 102 224 0 253 0 255 232
    30 224 0 239 53 15 198 145 33 229 0 214 255 156 49 169 70 107 11 57
    92 255 0 255 55 221 0 243 0 5 255 154 131 255 88 98 0 43 244 255 0
    165 82 99 255 15 0 239 48 232 255 181 125 191 255 0 160 255 0 134 0
    203 143 0 123 255 59 38 0 183 74 255 206 0 92 146 16 255 19 172 242
    255 200 59 0 255 100 141 0 0 0 138 80 237 218 253 144 0 43 79 166 64
    209 0 0 76 221 0 76 255 99 113 0 59 90 102 65 66 111 255 35 255 51
    217 123 107 255 185 255 107 71 64 39 255 0 144 23 255 112 0 201 108
    0 233 81 73 255 26 56 135 81 255 216 0 151 250 97 255 124 255 116 69
    255 177 32 245 255 174 20 227 0 0 0 212 99 196 130 167 52 225 123
    255 36 72 0 161 0 139 0 152 205 65 195 0 0 127 231 169 161 255 216
    81 118 30 76 134 255 0 255 58 63 0 167 14 255 146 150 0 178 255 0
    171 255 210 151 4 236 255 255 136 32 49 26 255 146 255 144 73 255 24
    255 255 250 9 130 0 104 250 203 93 11 191 0 136 133 255 0 245 70 0
    214 120 125 25 0 39 24 53 143 18 255 4 251 78 33 255 59 255 93 176
    74 0 7 0 255 255 207 62 255 248 0 6 168 0 0 36 156 227 0 70 255 91
    255 29 255 0 63 127 127 18 212 161 56 0 40 0 24 255 0 255 255 135
    197 73 227 107 0 147 62 235 56 93 43 0 200 105 102 63 20 166 0 255
    85 101 162 213 255 0 255 111 124 118 255 43 0 255 255 145 35 44 0
    255 118 255 125 255 255 210 224 0 84 214 218 111 184 255 255 147 0
    133 252 139 133 135 195 4 0 255 45 255 255 32 200 255 241 255 255
    139 55 40 15 255 250 57 255 0 183 205 0 255 0 24 214 0 201 165 0 0
    162 43 119 111 255 255 211 0 255 255 218 86 219 255 240 255 0 0 212
    149 38 80 92 52 0 102 54 255 35 0 0 0 13 34 239 0 46 0 255 241 164
    166 255 138 255 53 39 0 0 35 0 221 234 255 0 255 255 214 0 184 107
    161 254 255 0 238 0 13 114 138 68 109 255 175 67 78 111 255 37 227
    107 255 55 118 26 0 255 184 5 255 87 255 255 0 255 246 0 192 60 83
    101 255 0 23 30 255 199 26 0 0 255 255 144 203 217 0 255 231 241 154
    0 125 17 103 114 237 0 255 217 91 255 0 57 210 255 28 0 0 139 2 244
    36 11 83 255 0 90 95 198 0 255 255 255 128 255 0 0 234 218 60 232
    255 59 40 0 144 121 24 79 137 0 255 0 71 255 0 179 31 19 9 51 0 0 24
    0 249 24 145 226 255 163 255 255 35 0 241 0 40 107 208 121 255 99
    255 162 255 241 125 153 177 203 7 128 0 245 10 0 252 255 127 102 0
    227 92 63 25 0 0 164 107 0 255 0 250 109 154 255 136 75 205 136 76 0
    86 49 166 103 148 99 77 255 255 255 255 185 38 227 63 0 208 255 97
    255 0 242 74 184 0 238 135 157 255 128 50 0 157 255 52 152 153 233
    227 255 111 255 84 120 0 255 0 255 225 32 0 255 255 67 96 130 243
    255 67 76 241 0 92 255 23 196 113 133 55 175 0 97 1 0 41 33 44 186 0
    0 0 171 255 176 193 133 255 0 156 255 255 255 155 233 0 204 33 224
    97 255 234 255 102 180 0 88 217 16 51 255 135 117 165 14 95 33 165
    31 250 189 0 139 0 191 229 14 73 72 186 38 90 30 255 0 228 177 123
    255 245 183 255 165 74 232 157 86 184 70 110 223 255 52 13 199 88
    101 255 211 55 0 255 189 65 152 224 141 135 0 255 153 255 228 45 138
    189 0 255 32 114 170 0 130 167 0 206 249 143 110 246 185 89 131 1
    129 0 255 29 0 234 15 123 70 9 148 255 255 255 132 100 247 214 255 0
    214 255 255 107 94 225 0 255 91 249 59 53 150 5 193 0 255 255 68 255
    191 41 128 136 228 77 255 196 0 255 21 112 255 199 75 185 17 30 126
    94 146 0 255 0 44 0 145 0 30 241 255 255 78 220 255 255 176 249 255
    236 61 226 79 0 0 0 255 82 0 244 0 255 0 57 77 150 251 255 57 255 0
    228 126 141 247 226 77 0 9 0 255 0 255 120 64 0 228 0 220 96 24 0
    255 38 0 255 33 154 0 255 48 0 220 122 210 0 131 108 138 48 35 80
    255 133 119 39 172 133 0 0 0 117 197 255 0 255 255 0 0 255 48 154
    216 156 255 150 255 115 0 129 0 79 9 35 255 255 142 5 255 209 255
    203 101 0 188 0 0 51 255 255 90 207 0 255 0 255 91 255 255 255 192
    249 111 255 255 0 54 19 156 18 255 15 0 255 0 43 255 0 255 52 255
    255 0 21 143 113 232 198 0 105 0 0 166 132 5 0 215 141 161 0 75 255
    54 252 11 255 46 10 255 121 237 141 135 58 71 0 0 5 0 251 255 73 255
    0 255 166 0 14 168 139 255 0 98 255 76 200 255 255 121 171 239 82 0
    0 0 212 199 9 103 248 75 0 107 0 255 192 70 66 66 35 182 207 0 89 0
    230 255 0 94 241 0 150 223 0 191 221 15 130 255 0 136 0 3 0 0 80 138
    0 255 10 163 255 255 155 250 173 0 166 255 159 255 146 85 126 255 0
    25 68 0 134 0 240 60 91 67 229 255 68 183 91 220 255 255 255 133 142
    172 107 243 112 25 106 74 255 255 146 255 198 55 95 0 200 137 255 1
    215 120 48 137 0 36 254 41 203 157 0 15 228 65 0 42 195 248 167 0 0
    139 255 80 69 74 218 136 148 255 206 0 67 255 201 98 48 28 11 227 74
    73 225 186 175 131 226 133 219 0 50 27 53 0 86 167 254 109 2 42 180
    255 61 0 106 255 0 209 142 237 6 177 255 102 0 255 230 229 213 0 8
    49 0 78 20 61 255 66 118 255 12 151 255 255 57 0 237 194 0 73 200
    143 0 101 54 152 255 255 34 0 214 0 43 0 255 139 0 255 0 0 242 110
    255 255 195 255 116 153 255 212 31 255 111 255 225 218 0 255 2 0 95
    240 34 172 255 135 255 255 0 255 127 255 218 0 178 255 255 246 255
    202 146 53 67 238 53 54 235 73 0 18 255 10 209 209 25 78 191 242 255
    0 89 255 0 242 91 95 94 237 255 0 108 255 249 181 255 222 0 51 225
    123 255 0 91 122 241 0 49 203 0 255 133 69 4 117 0 56 0 113 0 121 18
    255 239 255 102 43 160 21 0 0 100 189 83 255 230 147 255 0 22 42 140
    71 223 255 0 29 243 34 0 0 0 7 2 49 130 255 232 174 224 193 166 214
    24 0 106 0 174 0 0 0 67 79 110 255 148 0 228 3 39 210 0 107 163 239
    176 216 228 69 127 255 114 255 255 255 0 33 38 109 99 0 0 42 255 66
    255 160 99 13 0 103 110 220 255 88 237 179 208 255 229 33 0 140 187
    12 255 125 48 194 51 0 57 113 59 0 38 65 255 186 179 255 80 73 171
    62 54 232 242 255 0 252 76 37 0 0 0 143 75 0 213 74 173 255 220 82 0
    251 193 255 0 0 65 178 205 164 0 221 104 125 183 85 112 187 0 255 7
    147 255 65 0 255 94 0 255 152 255 246 238 0 88 0 79 0 223 0 101 99
    168 255 222 35 166 255 118 255 101 188 0 0 0 0 228 241 0 42 72 104
    209 0 0 0 0 177 39 22 0 250 194 140 255 0 0 208 0 0 255 255 84 38 28
    135 207 71 255 255 5 0 0 255 33 112 249 71 0 11 0 224 133 156 255 0
    123 255 0 255 255 201 83 240 156 0 255 0 49 94 252 0 87 255 51 255
    85 7 255 135 184 128 109 133 119 255 255 244 115 79 24 0 0 0 211 255
    35 94 0 0 255 39 0 52 45 67 0 197 0 220 112 116 132 255 108 0 169
    182 128 15 114 43 0 213 255 145 215 0 59 0 190 186 20 133 18 6 142
    94 5 183 217 46 68 255 99 255 62 226 229 0 0 30 3 255 0 119 22 0 0 0
    255 38 73 255 14 0 5 255 48 0 0 18 255 255 0 255 216 127 49 112 255
    209 149 5 0 183 0 222 214 255 0 0 182 91 0 250 10 0 39 0 255 61 255
    1 115 253 159 10 255 225 12 255 23 255 121 28 217 255 255 122 255
    255 254 232 165 0 255 103 156 0 0 205 250 137 57 255 143 255 106 255
    255 86 128 0 95 42 150 70 128 255 125 41 141 196 16 62 0 9 39 255 49
    47 115 111 0 255 255 27 110 56 145 165 216 208 199 255 250 23 176 50
    0 0 26 180 255 255 43 37 31 9 0 0 255 49 0 255 199 204 62 255 255 46
    233 255 177 19 250 0 226 118 108 255 158 255 242 66 0 0 102 181 125
    149 76 253 207 157 0 255 174 0 90 255 94 17 57 182 212 110 40 0 249
    175 0 255 255 174 255 16 6 0 135 120 182 130 97 166 58 77 0 0 0 169
    0 17 147 255 75 246 255 0 177 26 105 0 81 36 34 255 154 237 255 0
    255 255 0 255 0 255 0 253 0 255 169 58 85 4 255 255 80 222 141 0 0
    84 23 0 0 33 31 231 0 18 255 0 0 193 52 175 57 232 61 255 125 171
    255 87 185 207 171 217 255 192 164 0 20 0 162 154 72 9 0 133 0 102
    255 61 255 26 255 0 255 143 115 54 9 255 66 122 71 65 184 0 230 102
    0 33 255 255 43 0 68 0 248 72 0 128 255 0 148 107 245 70 255 244 204
    255 39 87 130 194 142 0 152 79 245 249 28 39 0 0 0 0 255 255 27 255
    184 0 0 0 194 8 62 0 22 173 21 255 60 240 255 0 255 12 162 158 255
    126 98 14 0 121 198 0 100 255 163 89 194 26 0 255 157 223 150 255
    255 255 0 255 7 0 237 251 104 157 255 255 52 255 0 227 255 45 66 157
    102 246 0 211 255 0 129 5 0 24 222 253 0 220 216 255 17 191 176 255
    40 105 68 255 35 57 255 54 255 245 184 187 132 222 0 0 255 19 56 0
    94 0 255 75 0 55 212 83 255 0 196 137 247 204 255 82 74 255 255 65 0
    102 70 69 21 174 213 215 108 0 49 0 144 112 113 154 81 1 255 244 11
    58 34 250 0 161 93 192 155 235 17 0 59 66 131 255 222 243 54 230 0
    133 248 148 255 71 0 255 43 44 255 16 116 216 255 151 188 218 114
    197 255 57 231 49 86 0 52 0 255 34 214 20 233 41 68 122 34 255 0 42
    46 159 238 255 255 216 104 232 83 137 255 225 39 142 187 10 76 59
    193 255 150 0 0 197 12 241 142 59 255 13 216 255 168 47 228 69 74
    124 255 0 255 255 80 52 255 148 143 32 255 215 195 203 164 0 131 0
    110 115 0 246 52 255 58 169 110 4 52 235 176 149 153 47 0 223 0 255
    0 151 195 255 255 144 0 162 255 215 0 255 176 142 255 0 22 255 211
    49 64 255 116 0 50 96 130 0 0 255 120 30 0 2 0 58 255 255 255 40 93
    143 92 0 108 0 0 0 255 160 255 176 46 31 138 0 174 171 187 0 90 203
    97 28 155 0 9 77 0 255 0 204 171 17 255 119 244 167 154 6 212 89 182
    6 189 147 255 169 248 0 47 255 60 72 0 0 255 202 216 255 0 255 129
    131 255 53 255 0 120 209 230 234 233 0 30 188 223 255 110 255 0 15
    125 0 203 209 23 0 141 255 134 212 255 152 155 0 24 12 0 0 255 255
    255 255 188 23 21 153 14 182 255 3 255 114 255 48 122 255 141 0 255
    18 90 70 87 255 0 255 2 255 167 203 23 235 255 255 172 0 0 32 136 0
    157 255 142 255 255 255 180 142 0 150 255 255 61 148 255 74 173 22
    60 46 0 0 0 187 0 0 75 55 97 55 124 255 127 0 255 37 138 0 2 151 50
    39 0 255 0 157 138 17 223 0 221 3 0 48 134 0 73 0 255 0 201 105 144
    29 30 141 216 154 191 63 255 97 40 0 41 175 96 154 123 0 199 193 217
    11 0 200 13 88 70 127 153 251 0 89 105 0 88 0 149 255 50 209 223 203
    255 0 70 0 0 255 0 142 92 219 255 255 0 255 173 36 0 255 193 118 255
    171 189 255 190 46 0 0 255 0 255 25 228 255 0 144 133 5 16 0 228 0
    218 18 242 39 255 18 71 200 112 239 232 0 152 165 236 238 14 118 255
    156 255 255 0 255 255 244 255 255 64 188 143 194 255 57 148 35 255
    195 255 137 0 254 0 255 255 255 0 255 0 194 0 255 0 153 0 0 55 255
    255 204 11 236 97 175 32 0 34 116 0 0 249 255 60 0 100 5 219 0 0 222
    28 255 203 0 255 0 235 0 41 0 11 63 72 241 207 0 114 236 53 0 137
    214 255 3 135 222 12 33 34 0 172 126 255 255 108 255 255 76 96 0 168
    196 192 182 255 255 246 85 0 45 0 50 42 38 1 0 175 255 49 255 0 44
    72 125 255 86 144 0 0 73 188 255 161 0 181 13 60 152 76 0 255 83 40
    6 64 0 0 0 255 64 180 100 0 143 106 30 37 247 255 0 255 0 0 10 0 0
    255 182 114 255 255 0 0 0 137 167 0 37 32 0 98 80 255 222 39 255 81
    255 255 53 129 221 95 10 255 53 160 255 96 79 126 0 214 86 171 120
    255 255 204 255 88 45 255 36 255 101 214 174 221 114 42 173 192 155
    230 230 116 184 0 0 255 175 8 19 171 246 130 43 106 100 16 193 234
    232 255 108 184 161 195 53 171 90 121 230 255 158 56 255 247 223 112
    231 14 45 104 208 244 78 74 141 109 142 63 167 0 85 13 0 0 255 0 223
    102 156 233 0 119 0 212 255 227 58 73 0 0 248 226 255 122 132 116 76
    169 96 0 240 196 0 241 148 0 255 89 156 228 57 65 169 255 0 255 142
    0 255 0 255 24 236 78 167 150 122 194 180 255 58 132 212 196 0 239
    243 225 29 255 147 0 5 169 231 0 0 245 206 101 255 7 124 255 255 0 0
    226 255 177 0 255 255 0 103 116 255 189 74 185 1 95 68 59 161 145 0
    246 122 254 221 63 148 249 0 97 183 0 255 3 9 230 108 255 71 104 96
    0 155 0 0 0 205 0 71 255 175 170 236 0 0 86 183 231 255 45 92 254 32
    136 123 212 0 188 158 0 255 44 199 0 0 52 0 108 0 71 97 255 0 216 77
    9 57 196 44 255 0 46 238 43 0 16 255 0 123 40 128 33 97 255 73 255
    88 94 255 8 46 179 214 255 237 118 229 211 50 142 255 4 144 208 255
    0 85 255 255 78 182 255 5 255 217 177 0 208 255 0 207 0 64 166 255 0
    95 93 255 229 123 111 178 74 255 0 0 255 95 250 255 238 0 5 230 255
    0 198 122 240 55 0 0 103 0 255 229 149 255 0 123 71 255 0 255 0 0
    225 185 0 119 164 70 255 255 53 170 84 255 144 112 250 255 68 0 255
    157 170 57 146 255 0 62 74 77 74 230 11 211 149 0 2 0 0 190 25 9 132
    255 68 208 255 0 59 131 72 0 0 0 255 89 114 124 64 83 0 0 251 186
    240 38 0 107 255 43 94 51 110 206 101 61 119 90 246 124 238 232 255
    165 19 255 0 189 66 134 0 255 179 255 255 143 0 74 0 219 231 0 165
    33 0 255 19 255 156 255 39 255 8 0 0 0 11 27 253 255 191 196 186 0
    82 255 0 131 187 89 151 201 68 255 38 201 255 255 71 0 217 0 121 224
    156 208 255 255 255 40 255 235 0 0 118 50 0 255 98 232 66 255 255
    216 228 84 176 252 0 0 0 76 255 163 255 216 56 39 142 0 199 255 108
    23 206 52 161 255 192 101 251 0 255 0 89 116 248 0 255 217 0 255 53
    129 168 255 255 0 255 255 33 0 66 255 0 159 255 49 0 157 49 120 254
    240 188 220 246 65 0 154 250 52 0 50 255 5 237 147 0 255 61 194 35
    255 33 0 209 80 0 255 0 255 255 182 255 76 97 5 255 224 255 255 255
    0 163 119 0 193 206 76 255 136 255 106 246 121 131 99 42 181 56 75
    92 0 255 0 158 0 0 163 106 255 129 117 149 0 84 56 47 58 255 108 0
    249 243 109 0 92 255 50 177 174 255 112 0 235 255 232 78 15 255 21
    64 255 151 34 255 255 113 246 255 3 255 85 255 0 63 56 182 255 255
    255 88 224 255 2 25 153 255 208 59 0 101 211 0 35 189 223 0 159 255
    164 255 255 36 239 118 155 32 254 255 11 255 193 0 148 255 52 255
    255 255 25 221 186 0 255 242 0 255 63 255 76 73 0 173 255 0 152 125
    255 185 0 38 255 173 116 134 255 39 189 0 103 0 0 189 255 234 255
    255 141 255 255 254 229 0 69 0 187 37 0 73 241 167 34 43 223 30 233
    165 255 99 9 253 143 0 176 53 0 2 114 0 0 0 172 88 0 33 245 146 207
    255 35 248 0 84 0 255 73 0 0 0 0 244 0 22 0 0 120 35 255 62 14 0 255
    185 42 15 255 57 13 255 85 40 68 203 0 110 255 0 178 0 255 0 96 228
    243 255 176 204 0 255 168 32 69 33 255 34 96 130 77 227 38 0 232 89
    252 147 118 185 255 129 161 34 0 0 179 0 16 0 35 0 0 116 0 8 0 0 255
    247 195 98 249 188 223 113 208 41 0 255 0 108 110 207 128 132 211
    255 0 144 71 85 0 0 127 255 238 137 106 0 0 127 39 0 189 0 81 255
    130 91 190 127 208 78 206 177 255 164 66 213 255 181 0 0 0 219 163
    255 187 0 83 0 74 196 175 19 0 245 184 76 255 239 255 254 0 255 171
    255 0 84 255 0 211 24 22 141 0 217 22 152 146 74 255 65 0 183 8 0
    219 159 254 255 136 255 86 86 0 255 69 169 13 255 228 69 255 29 255
    136 155 121 255 25 138 0 120 187 88 0 213 72 228 0 255 51 0 255 255
    183 52 126 16 0 34 36 98 111 92 253 0 255 0 0 118 227 0 255 236 170
    24 0 83 93 46 132 3 180 224 0 171 255 251 93 2 13 255 94 49 0 97 0 0
    0 174 1 0 255 205 93 130 52 255 0 172 160 138 158 182 24 233 113 86
    122 177 0 0 215 0 255 255 189 0 17 0 0 255 255 255 75 97 161 255 0
    66 44 107 0 55 36 255 67 255 95 236 0 174 208 33 99 0 126 50 138 0
    68 79 0 255 69 0 225 255 0 198 0 0 0 0 214 243 211 126 111 28 117
    255 255 187 206 138 255 255 187 171 255 149 92 116 154 83 96 255 231
    131 255 0 126 16 44 0 255 125 140 101 0 136 36 255 0 235 255 78 255
    0 41 121 255 61 221 141 0 255 255 170 0 120 82 0 0 27 213 152 73 255
    255 14 27 157 66 144 0 255 0 76 18 255 255 0 255 255 158 0 193 0 65
    222 0 255 255 85 57 255 15 80 255 0 24 200 194 149 255 255 255 0 255
    157 0 98 255 0 162 250 168 32 158 37 214 255 132 74 255 43 0 121 255
    243 255 255 105 0 8 255 255 233 194 255 0 0 147 22 228 248 55 0 88 0
    253 238 217 255 0 0 139 162 255 0 44 255 234 255 0 234 255 0 1 138 0
    173 0 255 58 77 66 0 255 28 190 0 118 255 0 255 98 255 7 39 190 120
    0 0 0 255 255 157 202 15 182 0 169 230 75 234 218 0 185 18 18 6 255
    133 0 95 255 255 122 81 173 145 0 0 0 181 0 0 217 242 19 168 199 71
    0 41 255 83 5 116 152 0 128 159 0 50 64 178 118 228 205 103 179 0
    190 0 255 0 5 255 255 202 173 255 216 0 242 255 68 9 184 255 255 20
    0 63 49 0 0 200 255 0 190 165 97 160 228 0 255 40 0 255 104 221 255
    0 255 5 175 167 0 0 123 59 134 255 0 0 144 255 0 185 112 255 0 237
    255 183 0 162 134 50 244 0 255 112 244 91 255 226 0 255 0 0 156 250
    124 0 158 201 241 255 32 255 255 198 164 43 14 137 13 37 124 255 121
    171 185 236 255 97 255 77 251 81 255 4 161 8 72 0 38 0 0 51 171 213
    0 130 168 186 0 173 0 10 255 0 255 255 241 255 170 149 0 0 0 124 255
    70 0 255 132 21 246 0 117 255 111 147 0 255 88 230 185 0 100 0 0 255
    0 255 32 188 215 54 27 218 109 37 255 228 200 255 45 88 184 255 185
    126 255 255 72 13 251 255 182 196 0 197 255 92 0 0 0 196 253 117 255
    32 231 52 0 0 203 33 141 120 123 90 199 192 0 23 166 107 255 178 129
    46 255 7 255 69 103 197 186 193 0 255 255 0 186 210 182 77 177 26 0
    165 107 122 139 0 246 255 17 255 255 255 255 156 104 70 119 228 0 96
    196 0 0 18 0 110 128 255 0 255 103 241 228 141 147 0 119 7 161 255
    208 255 255 45 0 197 16 255 0 150 91 248 0 0 0 49 121 0 255 255 251
    233 204 231 44 255 44 255 255 0 95 80 0 60 116 174 255 168 255 255
    179 176 180 64 223 255 0 67 0 247 0 213 255 255 4 41 255 204 255 69
    161 90 39 255 158 255 48 72 254 243 0 80 255 42 33 127 1 227 15 255
    255 14 19 143 0 52 0 141 106 252 151 104 124 174 34 255 186 131 66 0
    18 3 255 0 137 0 142 255 255 255 255 255 255 16 0 0 220 237 215 0
    255 255 159 92 255 69 150 155 255 0 0 129 255 221 0 81 255 0 0 126 0
    83 27 212 187 189 0 255 255 120 201 195 160 173 48 0 8 0 234 255 0
    255 255 52 18 199 0 241 156 39 50 0 179 254 0 0 255 6 25 0 248 147
    255 186 0 65 255 172 189 220 255 255 73 255 255 167 255 110 0 255
    114 0 0 59 201 57 191 148 255 0 19 162 27 32 0 0 216 91 255 191 180
    0 5 7 0 0 156 22 159 248 0 137 0 88 247 91 249 255 0 250 168 21 0
    246 0 4 0 200 7 132 0 251 255 21 240 255 241 255 255 138 90 255 233
    111 192 0 82 255 38 0 164 255 185 255 255 0 218 164 255 142 0 255 5
    255 94 119 184 137 255 65 39 255 232 0 22 0 244 73 32 0 255 147 225
    0 208 197 5 255 18 255 153 255 0 114 0 197 255 121 24 0 176 248 255
    135 76 73 23 0 107 157 95 0 166 8 150 211 202 247 34 255 0 62 151 0
    247 255 255 15 211 255 169 255 255 0 168 247 0 0 240 74 163 186 0
    125 62 0 230 122 0 180 130 210 45 218 127 246 218 139 90 224 156 214
    47 193 3 255 116 0 102 56 217 0 206 168 255 0 0 0 245 118 0 120 30
    49 0 3 9 23 254 0 172 73 159 87 255 121 0 54 255 0 196 0 255 0 127
    255 6 255 190 41 123 41 189 66 255 114 165 96 253 0 143 150 80 111
    125 0 6 101 255 204 233 57 255 145 199 255 144 212 11 253 117 0 184
    155 101 0 45 80 0 55 105 255 0 106 156 255 255 255 255 40 180 84 175
    94 3 104 78 255 255 196 255 255 7 94 59 255 255 8 128 255 255 102
    225 219 37 213 255 175 127 91 10 28 255 252 11 0 41 255 193 255 25
    255 48 83 255 238 77 71 255 178 255 0 80 169 255 0 255 238 0 143 201
    119 133 0 144 0 0 216 255 189 91 4 255 79 213 205 135 61 255 255 198
    255 216 0 25 80 201 217 171 3 248 0 195 136 16 255 255 255 201 23
    255 255 0 17 48 69 94 43 0 255 177 0 126 242 0 20 255 0 229 16 255
    84 252 0 0 0 233 255 246 26 53 110 255 74 73 20 219 126 255 255 119
    74 9 248 0 0 229 190 0 124 23 255 82 0 0 75 255 208 255 127 0 11 255
    30 233 173 226 255 244 0 98 176 157 174 54 4 0 153 255 255 10 109
    150 144 255 120 72 49 255 163 0 14 0 0 0 118 147 255 134 97 153 107
    0 12 255 168 191 217 224 255 0 252 0 241 80 255 0 0 167 159 232 106
    63 115 0 174 168 7 0 59 0 0 255 127 201 255 24 255 169 220 115 83
    255 167 153 184 62 242 0 0 0 103 0 218 255 0 0 0 0 255 255 0 227 255
    15 228 0 191 48 12 0 122 125 162 235 165 76 255 189 255 0 118 255 34
    39 175 192 179 245 108 78 255 189 151 0 244 0 129 72 135 113 0 27
    249 255 119 220 0 20 0 93 226 59 32 27 204 255 131 0 0 191 255 170
    166 231 113 201 156 241 4 255 63 0 202 255 97 172 89 0 0 92 110 173
    7 255 34 205 15 114 0 182 79 2 49 115 96 126 24 21 0 255 0 179 255 0
    78 172 171 170 179 255 73 204 0 255 255 0 255 236 24 198 54 255 158
    0 124 27 0 218 90 255 0 6 0 32 255 253 0 33 84 255 68 18 0 255 180
    19 64 0 255 76 229 87 0 207 164 0 0 146 255 108 255 26 154 240 184 0
    16 187 183 194 103 11 195 75 159 244 255 227 223 139 193 206 0 232
    72 188 255 255 255 7 255 238 25 238 255 0 110 152 255 120 193 27 197
    0 0 255 179 215 163 215 203 115 0 223 0 255 185 204 107 17 247 93
    255 202 17 253 56 82 255 0 26 96 40 72 86 8 255 25 229 236 57 60 255
    208 0 49 255 0 255 255 246 255 255 34 173 255 0 245 255 143 114 255
    255 231 69 255 0 0 38 125 0 181 183 232 75 255 85 255 0 188 213 67
    255 255 178 255 131 255 41 189 165 20 5 0 135 0 144 162 255 92 17
    255 152 114 221 0 178 98 255 38 254 134 59 14 255 255 255 240 107 0
    193 0 255 0 255 255 9 255 252 255 0 0 0 85 83 255 255 30 64 155 204
    38 2 0 0 0 7 24 255 222 0 232 5 25 234 77 0 165 87 230 94 118 100
    241 255 146 255 255 255 133 0 68 255 255 255 40 187 255 0 0 255 0
    145 255 0 2 54 0 130 88 255 246 195 97 255 228 245 178 255 255 231
    204 255 95 98 140 169 0 255 0 255 50 0 189 255 32 103 127 53 0 3 255
    51 191 0 255 5 136 113 172 255 0 19 255 0 18 189 135 0 255 201 220
    222 13 191 248 237 228 139 93 7 255 147 74 255 228 106 72 6 31 65
    255 190 53 255 0 250 27 49 75 255 28 0 253 134 255 0 255 97 0 174
    182 142 249 65 218 255 0 97 83 255 255 132 92 92 29 255 21 192 106
    26 255 174 246 0 0 96 140 215 0 0 39 38 0 108 226 255 161 15 208 121
    0 61 52 176 23 53 136 235 43 255 125 97 0 255 255 64 255 255 186 73
    195 0 155 255 109 131 56 197 0 255 207 87 0 197 0 189 255 255 85 0
    255 255 3 194 255 241 242 255 255 0 73 187 251 253 255 113 255 194
    150 137 26 83 34 87 255 130 201 75 0 158 0 89 0 58 126 237 17 199
    129 32 67 167 144 253 10 161 217 45 169 243 0 232 105 0 140 144 0 0
    166 101 165 255 36 22 87 87 23 50 244 0 255 237 86 172 255 92 209 0
    255 197 193 0 255 20 0 255 87 255 40 255 255 120 42 214 255 170 255
    21 255 170 248 0 0 111 37 97 0 164 0 246 79 33 0 232 155 255 255 255
    55 176 255 129 96 255 113 255 0 90 255 255 64 148 145 46 202 251 57
    115 0 118 0 221 250 21 244 86 0 145 241 0 0 215 64 0 255 197 0 228
    255 248 0 59 255 138 42 128 142 56 94 255 123 73 255 255 37 0 28 164
    0 221 193 9 52 0 255 120 240 71 73 0 255 255 0 255 188 230 255 255
    255 242 0 51 128 255 23 255 181 47 196 0 111 0 239 212 0 255 148 255
    93 0 255 190 0 32 164 0 214 0 255 255 144 95 150 255 17 0 81 129 149
    39 0 123 56 255 155 255 0 0 255 129 0 2 96 40 5 0 255 255 62 113 198
    24 19 12 255 49 123 255 211 255 187 255 27 255 20 253 0 0 0 156 0
    166 113 216 50 19 146 255 255 179 19 215 141 93 224 147 79 223 254
    209 255 14 255 186 255 48 0 120 122 0 0 139 61 0 0 210 255 0 255 82
    93 131 1 0 118 0 204 255 255 172 255 57 173 179 255 44 31 192 0 61 0
    41 140 255 0 0 206 250 102 0 255 9 23 255 145 181 0 154 220 0 4 237
    32 68 101 89 0 255 64 255 0 168 91 233 255 81 192 0 82 11 89 235 179
    0 56 144 255 0 229 211 243 67 255 217 0 255 140 0 158 255 4 48 252
    38 3 255 71 0 134 255 67 255 0 233 0 218 49 191 0 110 0 101 32 0 176
    6 252 0 51 255 75 255 121 30 73 0 142 229 192 170 47 255 72 251 0 27
    255 0 0 0 56 174 255 100 230 108 0 163 0 251 34 66 229 0 81 105 252
    11 212 0 255 31 0 0 255 128 0 58 39 74 186 87 162 51 0 101 255 0 0
    255 0 57 93 113 23 155 242 194 174 73 179 0 134 96 188 234 248 48 0
    255 246 253 158 185 0 95 146 176 129 43 163 0 2 0 0 182 86 18 0 106
    96 77 249 0 139 168 255 19 251 147 0 171 253 110 255 72 255 205 91
    128 77 115 0 180 13 203 229 255 156 33 149 88 97 43 0 255 255 82 222
    159 25 15 0 99 72 32 12 163 231 249 255 0 255 255 94 255 92 0 0 60
    198 255 0 255 0 122 193 0 0 255 0 0 172 0 155 174 69 79 2 214 176 73
    112 12 20 232 111 130 234 90 0 0 0 57 0 255 82 182 125 235 161 64 0
    0 91 255 21 255 185 255 5 0 78 139 162 68 255 255 255 0 0 210 105
    255 234 209 54 148 250 0 0 216 122 172 39 0 236 98 29 217 255 255
    201 0 253 255 30 0 255 43 194 255 255 201 154 125 0 255 0 255 0 35
    24 250 255 223 111 255 122 98 46 204 25 25 116 255 0 201 8 196 142
    209 54 255 0 255 0 38 51 234 0 52 255 30 0 0 90 115 0 221 157 0 200
    255 42 134 46 142 0 212 66 131 255 0 101 53 110 255 143 255 187 0
    255 255 211 39 255 0 72 45 101 201 211 255 145 0 110 0 0 255 0 0 0
    34 38 255 110 86 255 255 84 25 255 93 241 153 75 245 255 0 157 172
    31 121 224 6 0 125 78 255 255 247 129 0 0 255 29 79 0 194 0 242 58
    241 198 0 79 93 41 0 255 102 255 105 0 255 255 122 181 0 247 73 0 94
    8 190 40 255 138 178 0 148 161 173 255 0 203 6 86 0 221 194 0 51 255
    53 0 227 157 255 28 24 117 255 167 208 89 255 0 0 145 0 159 252 78
    218 0 49 243 241 139 0 29 255 78 199 0 0 245 255 49 202 60 36 0 55 0
    0 1 0 0 138 0 255 255 76 221 225 0 255 251 213 59 130 255 188 0 255
    239 0 151 80 80 36 0 14 155 113 0 222 38 255 57 45 183 108 255 255
    95 56 11 0 0 158 0 140 0 0 255 236 68 0 20 71 255 234 31 109 50 178
    2 255 124 242 246 198 111 188 13 179 102 0 70 0 0 134 92 243 255 181
    0 0 190 220 255 73 118 0 192 113 0 158 230 26 0 92 0 166 255 0 0 168
    237 191 80 255 62 0 74 0 158 229 89 50 0 252 250 22 255 255 255 181
    255 48 24 33 156 0 191 89 0 86 255 255 0 100 23 146 101 0 0 164 68
    255 241 0 17 0 0 160 56 140 255 242 85 95 43 0 11 89 238 0 255 255
    255 161 11 0 21 165 231 0 255 236 167 108 209 255 0 255 246 96 137
    160 141 0 205 36 255 0 74 0 24 0 0 68 21 0 202 198 255 255 255 0 245
    241 18 19 104 19 36 230 145 255 255 199 0 154 146 41 0 255 69 38 53
    255 250 0 165 255 88 255 4 243 35 80 255 8 240 74 142 100 255 21 210
    173 0 131 224 255 155 145 255 0 69 0 207 0 19 239 43 20 43 119 208 0
    88 146 192 0 0 0 255 255 119 255 73 84 67 255 87 136 170 0 255 255
    255 230 8 0 1 0 139 237 183 146 1 252 0 144 224 90 235 117 255 255
    70 200 144 255 132 96 255 255 100 255 235 255 255 123 248 176 115 11
    224 194 99 255 0 255 0 3 28 19 255 124 0 217 255 255 22 158 154 17 0
    184 185 154 255 153 0 0 133 109 255 0 255 85 172 47 216 173 0 0 255
    19 49 34 69 243 0 73 155 255 122 67 0 77 139 154 156 255 0 197 0 117
    0 0 255 125 187 195 236 255 172 255 73 255 250 158 175 255 119 167
    59 211 143 32 254 135 0 255 210 0 255 27 198 255 133 0 118 14 7 9
    121 71 55 188 245 29 219 107 0 251 43 0 0 194 95 86 4 201 255 193
    237 255 224 219 233 201 0 86 90 141 197 0 0 42 238 123 10 0 74 112
    36 0 255 177 198 0 255 189 208 255 58 206 0 84 173 112 118 124 255 0
    2 77 62 255 19 63 255 0 191 33 20 194 228 35 255 0 210 0 0 86 62 255
    214 255 101 44 19 235 73 0 255 26 46 0 17 250 0 208 129 205 127 0 81
    53 0 206 247 153 0 0 199 0 39 137 0 130 43 0 181 22 255 93 255 0 47
    255 0 255 175 20 25 0 255 255 8 111 170 0 53 226 255 0 255 111 105
    90 9 202 255 206 0 154 210 140 0 255 229 51 252 12 97 0 248 255 0
    249 255 30 161 10 178 0 163 9 235 255 255 0 148 0 91 183 49 0 0 0 41
    63 0 255 159 255 150 150 255 132 68 255 184 54 60 193 193 255 88 36
    0 58 38 0 255 104 216 156 81 218 132 0 22 170 255 0 82 0 58 255 149
    0 255 255 255 164 255 118 102 124 196 0 0 133 103 0 0 78 250 21 255
    89 180 135 255 40 0 255 167 255 255 185 217 19 148 139 222 185 169
    95 0 95 202 67 6 62 174 82 4 179 131 0 255 163 66 133 243 89 233 255
    255 85 4 23 15 140 0 9 242 3 0 182 75 190 255 117 168 223 0 0 158
    163 0 255 0 153 0 228 205 0 234 159 246 102 0 23 251 227 0 0 40 0 10
    0 0 34 5 255 0 235 253 227 62 230 0 250 190 167 225 111 179 255 0 0
    0 255 255 0 69 255 217 230 163 180 159 209 8 212 205 255 255 0 247
    29 0 141 150 114 64 0 82 111 255 0 128 0 255 255 3 255 86 213 49 227
    140 255 255 111 255 0 191 174 157 110 114 47 239 0 185 0 45 0 47 0 0
    249 252 0 5 182 0 84 0 255 0 96 255 255 0 116 255 81 80 5 42 167 0
    41 255 0 0 91 255 70 0 215 73 94 113 30 255 0 0 189 135 206 157 95
    201 241 45 251 0 255 0 0 26 71 195 255 255 13 0 0 255 94 82 4 0 255
    21 0 219 138 0 255 0 114 200 0 85 28 87 179 157 155 255 63 72 161
    255 255 255 169 64 16 54 0 175 255 110 43 255 49 236 0 0 111 88 185
    27 110 148 209 145 210 255 78 76 109 255 0 76 212 0 255 0 255 232 36
    255 153 0 19 255 129 58 251 147 198 51 165 249 190 213 0 0 255 0 102
    255 243 247 197 3 66 0 170 60 255 219 34 213 0 124 215 255 115 0 8
    121 239 111 232 188 39 0 182 154 89 44 47 0 0 242 0 0 194 220 91 0
    255 65 156 201 50 223 255 0 0 145 13 206 97 0 255 255 20 0 255 201
    96 255 0 220 120 176 255 13 0 106 49 255 62 190 193 0 56 141 0 137 0
    99 255 0 255 62 134 0 255 255 0 174 255 207 0 158 80 5 51 20 108 0 0
    0 45 231 187 0 100 61 0 214 0 72 9 101 60 0 0 107 255 39 154 198 0
    255 94 71 3 6 255 0 0 255 255 228 174 169 0 118 145 255 92 143 5 134
    0 207 255 14 0 2 7 223 136 255 34 54 24 115 255 75 255 255 0 255 75
    161 255 10 249 0 255 255 84 71 198 0 124 255 6 255 255 186 0 144 50
    0 0 255 237 194 248 0 53 255 54 186 0 255 237 142 0 0 0 52 255 255 0
    0 255 255 0 255 23 245 59 0 0 63 125 0 229 239 148 193 255 98 74 40
    28 255 93 254 32 186 233 34 205 125 130 95 0 67 255 255 255 0 255 0
    255 95 51 255 80 0 55 255 255 23 139 120 0 0 167 237 0 212 243 124
    255 255 255 170 255 226 255 0 194 67 255 255 0 225 255 255 86 37 0
    248 48 91 167 116 105 255 120 255 0 15 255 13 220 0 164 159 93 9 161
    92 255 255 255 255 11 255 255 141 11 176 255 165 143 0 255 149 11
    191 255 0 23 155 96 217 255 176 0 102 255 52 72 24 255 219 86 64 225
    0 0 255 0 255 132 0 244 255 99 0 18 131 41 200 112 165 255 217 77
    135 98 142 113 158 33 164 0 63 15 33 190 100 83 210 0 84 27 181 0
    145 14 85 161 0 255 94 81 237 41 255 252 218 241 169 255 29 231 0 0
    255 94 236 131 0 73 2 0 234 165 255 255 255 154 255 149 58 0 88 255
    255 214 0 0 0 219 109 204 25 66 255 0 171 0 89 93 1 255 184 244 71 0
    183 255 96 177 255 211 0 85 255 255 170 115 254 150 120 0 161 73 9
    255 221 255 141 216 2 172 94 0 255 255 0 121 157 113 0 21 201 0 231
    220 255 245 0 189 0 255 0 0 244 255 0 255 233 255 201 99 155 170 255
    17 255 48 255 255 44 79 0 0 0 144 0 92 148 0 17 0 0 135 79 255 255
    153 255 255 209 212 209 239 0 247 51 0 0 114 255 255 241 185 175 255
    255 0 72 255 126 33 235 165 251 57 106 116 46 59 255 90 255 151 255
    249 255 197 189 255 198 71 225 255 255 255 155 0 0 242 131 4 123 177
    75 229 0 0 13 255 192 171 255 246 0 247 199 176 134 202 0 78 219 0
    255 22 0 236 111 55 103 255 255 180 255 255 156 182 136 0 105 0 255
    134 0 255 65 255 0 210 154 194 255 171 176 255 84 0 255 0 26 152 255
    247 0 255 151 166 74 86 84 255 110 95 165 40 104 28 8 0 249 111 176
    87 0 49 127 23 0 255 163 11 0 191 166 0 0 255 199 230 186 255 226
    255 190 0 112 100 220 244 255 34 218 91 217 220 255 217 143 255 75
    255 196 243 255 255 107 255 70 180 39 141 70 199 255 45 255 94 0 75
    68 173 0 217 0 0 5 0 154 251 211 63 166 0 255 0 249 52 226 64 132 90
    202 82 226 133 32 0 226 184 142 255 158 77 154 166 165 0 89 255 0 0
    0 0 255 165 255 178 145 162 226 168 25 41 0 109 215 164 165 0 0 255
    255 127 0 152 0 255 99 255 149 180 51 204 22 94 210 158 189 255 255
    4 34 255 131 0 167 255 0 154 244 223 122 0 0 166 255 220 145 0 192 0
    113 0 255 187 69 144 38 38 246 255 37 0 84 172 163 0 130 0 36 204
    184 0 207 56 0 200 109 255 192 125 1 166 42 87 0 170 133 0 0 255 52
    0 170 255 251 0 0 0 144 234 147 186 0 126 0 254 97 0 255 63 112 177
    168 255 208 157 160 0 255 54 0 29 0 180 82 249 0 243 66 0 0 91 219
    228 0 84 255 126 235 111 255 28 207 0 152 78 228 62 255 113 255 171
    119 151 189 255 173 247 119 237 255 0 0 23 10 255 0 0 46 18 255 36
    252 143 255 0 8 0 255 255 40 59 134 219 104 179 0 99 136 180 0 42
    177 247 217 255 255 66 0 87 0 0 91 247 255 0 78 255 0 92 188 56 220
    23 220 0 25 175 144 0 255 14 41 215 209 255 6 255 122 0 210 139 0
    201 0 255 0 9 92 138 255 191 255 9 91 255 255 255 0 255 255 57 101
    255 146 229 120 223 111 59 54 255 255 255 255 162 0 167 0 0 197 199
    130 255 22 198 255 216 255 110 199 0 253 163 170 255 100 34 209 37
    216 0 165 193 187 216 88 23 246 91 255 87 215 226 148 185 0 255 240
    169 96 159 50 90 0 197 31 136 94 255 255 87 82 255 253 0 225 255 219
    0 97 255 255 117 173 201 40 209 255 251 0 108 155 4 73 11 138 112 47
    160 19 86 255 211 33 60 0 246 0 89 235 109 251 76 195 70 255 0 0 255
    255 150 236 23 239 155 26 255 94 154 255 91 77 0 255 76 0 5 96 0 65
    253 72 115 39 193 2 46 0 157 0 0 138 47 255 149 255 18 41 41 255 159
    15 255 255 236 233 255 192 214 255 40 0 219 77 212 246 154 194 56 54
    11 2 124 0 220 37 21 255 167 91 74 16 255 65 255 187 180 84 0 103
    255 0 64 255 163 192 28 0 124 89 234 59 69 103 0 0 0 0 72 230 74 160
    0 249 205 147 101 108 0 0 0 85 16 115 0 212 117 140 191 255 109 87
    115 71 176 36 255 71 0 73 0 255 0 246 255 68 0 255 147 250 255 81
    196 76 18 254 141 0 120 0 90 255 255 179 75 208 106 109 250 213 143
    89 29 100 187 255 239 83 137 255 139 8 155 235 255 103 255 255 174
    255 221 27 119 255 6 10 0 0 0 56 89 25 198 216 4 63 239 26 148 0 218
    17 33 133 96 20 255 69 56 255 0 141 197 237 170 191 0 255 239 221
    255 162 247 92 84 252 0 5 146 71 0 134 255 88 93 108 0 255 1 151 11
    70 127 255 170 69 110 0 255 255 179 142 0 21 0 26 15 0 255 255 167
    130 0 255 0 0 24 33 149 80 79 255 255 10 0 0 116 0 74 255 111 255
    211 138 255 25 172 255 127 187 230 132 255 46 255 4 0 167 108 55 255
    255 222 0 98 187 255 104 0 0 255 255 180 1 249 149 0 255 0 83 255
    255 81 0 71 103 0 0 239 102 0 255 10 174 211 34 151 0 56 255 132 255
    0 165 57 84 207 114 229 25 0 207 255 162 0 255 181 255 0 100 0 255
    156 255 94 101 164 0 118 255 48 46 251 27 73 53 55 0 0 48 6 15 0 249
    24 80 76 0 59 255 105 127 255 255 255 110 196 255 237 76 0 0 131 206
    167 228 255 186 66 229 255 126 5 82 255 171 246 255 197 0 255 28 81
    127 168 131 211 167 255 70 0 0 0 255 255 88 0 255 74 0 6 171 5 12
    244 100 0 255 102 199 86 230 255 212 123 0 0 58 255 0 255 99 255 98
    0 159 26 201 229 96 139 255 121 75 129 0 193 61 191 41 153 23 87 104
    0 255 25 0 142 119 0 77 184 148 215 173 255 255 35 255 215 190 215
    255 149 192 67 247 235 69 90 155 137 255 102 224 191 236 0 0 255 133
    255 136 0 222 86 46 255 187 0 25 116 194 164 0 91 255 29 230 125 255
    255 0 35 50 147 37 0 0 126 255 0 119 0 249 211 134 23 0 229 255 255
    0 139 255 171 28 255 219 204 152 126 0 33 134 255 174 203 171 52 157
    99 220 255 19 255 0 253 255 252 41 255 145 255 0 253 21 144 178 141
    187 249 24 87 144 0 41 253 127 106 229 130 255 107 255 0 28 255 0 0
    145 255 177 0 132 91 255 255 114 255 200 127 255 12 255 0 255 77 244
    110 64 255 237 11 184 251 92 192 0 46 184 241 40 0 185 236 22 255 38
    255 81 255 0 148 255 97 255 241 152 0 78 139 56 0 0 25 191 0 4 255
    255 0 255 251 48 120 58 28 45 255 255 230 34 44 36 159 255 0 0 111 0
    187 51 249 1 255 124 122 109 110 0 68 0 0 0 255 199 49 255 255 7 30
    0 255 255 0 60 135 20 0 19 179 231 0 26 180 10 0 150 255 23 181 145
    38 245 41 52 255 255 255 23 255 53 255 105 240 223 0 187 0 154 75 0
    136 167 25 137 97 55 255 255 250 213 0 196 19 0 255 84 151 255 0 238
    103 0 104 213 0 53 255 255 96 214 0 0 4 196 232 30 0 171 179 255 39
    233 5 255 70 0 0 255 154 255 158 0 215 18 0 237 22 217 201 213 228
    246 212 32 0 3 19 0 0 0 1 7 114 84 63 255 255 255 0 99 0 0 127 0 0 0
    0 255 255 227 16 43 96 24 0 255 30 255 153 190 192 255 146 255 155
    243 255 58 195 29 210 70 255 251 0 122 231 255 255 0 255 152 0 0 51
    244 0 221 0 0 99 39 180 255 255 211 142 30 33 90 255 255 255 4 0 48
    0 101 61 238 86 25 64 85 0 31 0 239 56 155 101 105 125 8 144 124 192
    0 0 255 255 0 0 80 73 230 0 60 96 82 0 0 255 104 232 98 255 239 236
    255 39 83 255 29 36 71 208 54 229 255 16 135 71 0 42 70 245 157 255
    78 99 185 255 181 0 198 198 0 166 14 0 150 0 123 198 255 129 255 212
    206 110 14 0 108 25 240 0 0 226 0 255 255 255 151 198 0 0 162 169
    109 157 0 0 255 14 119 255 248 7 163 156 185 15 237 71 138 0 0 255
    57 255 197 0 255 161 63 255 75 0 0 0 215 0 242 218 255 247 79 57 252
    255 23 158 224 220 218 136 255 255 0 0 25 72 68 0 255 181 0 122 255
    62 184 255 0 93 255 157 16 237 77 0 193 54 170 0 92 137 0 117 83 179
    255 209 255 3 255 61 0 183 0 58 51 128 171 255 0 0 27 172 161 79 255
    181 150 58 153 73 235 17 66 173 0 164 189 255 255 255 255 181 88 0
    247 87 186 61 113 255 178 134 255 71 255 210 198 80 0 249 60 0 0 187
    224 0 255 255 148 97 0 144 0 227 190 20 255 0 167 184 241 255 191
    255 0 99 131 255 255 189 7 74 0 0 255 37 226 195 0 15 0 17 219 255
    123 0 158 255 21 72 104 147 191 255 255 197 0 255 0 80 232 72 255 1
    167 215 255 94 255 149 114 46 52 255 255 255 226 245 165 24 239 60
    137 79 255 94 174 209 255 71 16 96 139 21 0 255 190 111 138 221 57 0
    118 0 34 255 109 76 255 0 178 255 255 160 230 0 219 0 209 68 255 123
    86 56 236 166 202 0 3 74 0 255 255 10 163 254 0 255 192 22 49 59 79
    255 154 133 32 165 204 0 134 0 0 0 0 211 0 246 6 78 0 242 117 170
    255 13 111 160 76 169 125 255 210 205 213 64 0 0 180 0 255 255 0 255
    6 161 255 171 140 221 41 45 0 132 0 255 84 214 59 100 105 174 148 0
    54 135 0 255 0 239 49 0 5 0 83 97 255 100 157 255 89 247 255 252 149
    204 158 42 107 0 187 236 254 193 28 116 66 0 0 113 115 0 101 105 0 0
    191 42 0 5 237 122 143 246 7 0 0 0 9 35 81 5 207 215 255 92 65 217
    255 64 197 68 255 66 187 47 31 195 0 178 255 211 0 0 255 250 0 0 86
    108 184 247 226 154 4 255 122 0 0 238 141 255 255 0 255 220 255 159
    255 255 58 255 81 47 170 0 146 131 4 186 255 0 11 213 122 0 165 53 0
    244 99 255 101 119 0 0 222 255 145 0 255 255 75 255 0 0 255 43 0 33
    0 155 255 255 228 255 0 229 0 91 207 255 255 21 255 163 138 116 0
    255 217 192 175 111 0 53 184 5 230 213 163 255 53 255 45 245 144 121
    2 77 166 177 38 159 0 255 50 0 250 255 250 255 38 255 168 85 255 0
    166 255 227 255 205 16 179 255 127 255 46 196 137 181 194 0 255 0 0
    255 0 249 196 0 120 51 99 91 255 99 255 27 212 0 223 120 14 126 129
    88 175 0 147 59 255 31 191 188 65 96 255 0 0 23 110 255 255 255 248
    197 255 69 192 85 255 255 0 189 121 64 111 79 121 255 255 34 255 208
    58 14 39 75 0 0 192 0 183 34 33 52 210 98 187 41 115 194 254 6 0 0
    170 44 78 255 24 63 88 255 22 255 255 212 166 0 253 245 83 167 164 0
    0 180 181 0 255 255 215 139 255 183 255 212 135 255 75 73 44 112 91
    108 0 169 183 252 179 0 213 0 114 255 80 255 40 16 154 0 0 156 41 0
    180 43 255 108 96 14 175 134 147 244 122 0 118 255 220 0 91 0 120 22
    0 0 185 233 29 36 185 0 88 186 56 31 255 150 101 255 48 53 0 139 134
    0 35 0 76 120 255 3 129 157 0 97 179 16 0 54 53 141 88 12 255 255 0
    255 255 221 125 255 71 144 204 173 0 0 8 0 187 0 255 255 0 238 98 51
    0 206 64 212 0 198 255 0 0 126 147 70 190 228 255 158 0 0 0 234 187
    100 255 255 20 253 255 255 255 33 8 0 203 54 0 170 167 210 65 144 35
    0 0 0 67 52 129 0 96 255 109 0 255 92 216 135 123 234 68 15 211 56
    198 188 226 122 192 72 241 122 226 0 186 0 0 0 0 114 0 159 148 137
    255 255 98 0 3 255 0 143 119 173 0 43 0 223 255 194 255 0 29 34 55
    65 0 58 255 87 199 0 205 216 16 0 255 203 0 138 0 55 0 255 137 255 0
    255 152 211 0 82 91 78 255 69 121 47 138 227 19 0 65 43 255 121 255
    255 160 69 236 155 0 186 255 155 221 255 255 0 255 0 183 185 0 209 0
    106 123 0 108 114 67 255 5 89 173 229 225 16 238 255 255 158 176 216
    184 34 255 0 34 255 25 255 0 255 84 196 169 162 66 147 109 217 68
    255 0 0 66 255 151 255 255 255 245 173 58 209 202 100 117 75 255 255
    0 135 186 149 194 255 255 53 216 209 0 192 205 44 172 99 173 0 0 35
    132 0 174 21 201 179 255 127 242 255 56 255 255 28 0 105 146 250 0
    175 1 255 8 230 111 0 255 0 91 203 24 255 0 150 129 217 205 216 17 0
    199 91 79 102 0 43 194 255 51 234 232 255 0 127 255 145 167 75 118
    145 214 104 11 0 162 0 138 0 161 57 0 156 90 255 255 0 189 38 255
    147 218 255 78 27 204 197 2 19 130 0 48 255 91 90 254 32 0 166 255
    255 201 176 228 224 153 255 47 168 0 135 0 0 0 230 0 255 78 15 175
    137 255 227 0 46 176 30 5 255 158 97 255 255 0 255 31 152 253 203
    255 114 55 255 185 0 56 255 0 38 0 0 175 0 255 0 243 228 0 123 242
    181 252 85 245 248 0 255 85 0 0 214 133 0 255 250 5 184 10 0 37 0 0
    117 0 255 0 255 242 78 18 255 0 67 200 255 242 255 255 17 237 0 54
    137 255 124 70 0 81 140 0 153 0 255 255 151 86 191 92 255 255 18 223
    0 255 37 23 233 0 57 152 52 111 0 138 5 210 233 73 0 0 243 115 59 0
    255 182 247 226 255 64 255 132 0 255 255 208 44 255 62 0 197 0 7 180
    65 37 110 0 156 64 0 255 227 255 232 146 0 0 0 0 0 205 255 49 255
    125 255 255 255 245 164 226 221 255 93 245 177 0 0 223 0 122 1 165
    147 255 113 0 255 116 0 0 143 255 68 68 188 255 0 0 22 155 226 191 0
    26 255 0 17 24 36 0 0 0 28 143 112 230 255 36 219 191 255 118 231
    154 156 81 54 0 215 13 255 201 255 0 221 0 0 255 0 0 0 0 206 104 161
    6 255 0 75 0 109 0 111 255 109 255 0 2 26 45 0 255 0 255 0 227 76
    100 75 0 133 48 217 47 102 251 121 226 0 0 0 205 164 85 106 30 255
    255 255 114 10 255 0 0 78 124 220 0 70 255 184 146 154 0 0 255 101
    111 255 155 143 224 120 0 94 0 251 0 0 97 241 0 0 0 38 2 60 255 145
    0 255 233 140 0 237 255 0 23 172 122 255 193 255 0 252 193 27 7 100
    255 255 250 108 88 0 0 0 255 197 0 185 0 175 157 234 255 186 150 101
    0 219 124 0 141 255 104 119 215 0 255 0 138 29 255 66 210 118 0 195
    243 0 162 79 0 74 255 0 76 219 255 255 0 227 1 206 217 230 27 235
    255 91 87 0 40 145 255 195 183 128 237 220 148 255 205 255 21 255
    255 178 52 80 85 0 5 233 30 221 164 58 0 173 44 62 0 0 196 211 0 90
    139 23 0 9 126 111 0 0 20 226 0 168 0 0 255 11 255 255 255 188 201
    134 255 0 10 95 255 84 255 87 255 255 255 255 64 255 255 122 120 76
    140 0 177 255 106 25 196 255 255 10 37 136 198 19 255 7 42 181 255
    215 0 49 189 225 255 95 255 170 202 64 255 141 62 255 255 94 242 152
    4 0 255 242 255 124 189 6 255 0 1 255 0 0 1 255 76 7 75 139 165 255
    136 239 168 0 129 216 0 0 255 255 33 253 255 255 139 0 61 100 182
    192 194 105 168 0 173 23 98 125 255 197 249 178 0 235 255 94 232 0 0
    101 255 255 255 0 255 7 0 255 253 112 241 255 116 0 169 216 255 0
    255 0 255 39 192 244 213 0 108 52 167 255 6 255 0 207 202 255 228 0
    184 0 0 232 136 141 255 48 0 40 0 159 19 171 78 0 255 197 160 62 56
    166 0 130 254 103 202 148 159 0 99 255 229 43 255 73 148 0 4 71 84
    235 79 0 200 15 63 178 224 218 0 211 46 224 30 103 207 96 49 185 171
    181 0 64 255 51 202 255 0 0 242 255 0 70 255 255 164 46 255 252 73 0
    30 23 0 89 255 182 89 158 253 0 255 218 201 178 181 255 0 93 5 0 255
    155 0 255 0 0 147 255 0 255 197 167 255 255 0 0 99 0 0 124 244 52
    111 247 93 121 73 255 50 0 163 0 191 187 180 231 79 166 85 0 255 239
    229 55 168 171 0 237 28 61 27 255 161 172 125 44 0 220 0 255 255 158
    255 81 206 0 176 255 204 195 47 255 122 112 255 0 255 255 145 76 255
    146 0 255 7 255 255 34 255 129 13 5 0 0 171 0 202 0 0 198 31 0 2 13
    0 0 187 221 99 106 0 255 51 245 0 255 229 173 225 224 255 255 44 21
    255 45 0 95 35 78 255 155 0 0 222 255 255 0 254 255 142 34 13 162 0
    31 121 0 119 45 135 255 71 82 11 152 0 41 0 0 206 255 0 10 187 151 0
    255 114 151 255 79 174 152 123 25 3 242 0 255 19 0 255 0 255 245 219
    178 246 255 0 81 255 174 167 187 193 255 28 139 164 69 162 65 11 0
    106 255 127 225 111 149 218 165 255 160 255 0 255 50 132 126 151 0
    128 94 255 54 192 200 138 134 0 136 146 166 0 1 50 244 64 109 240
    120 249 206 255 213 37 0 43 248 195 255 140 91 12 167 255 72 13 75
    184 255 132 0 0 164 213 135 76 169 255 136 103 71 44 0 255 0 255 255
    16 255 243 255 0 0 31 217 105 52 255 40 0 129 185 0 157 157 68 169
    84 211 176 45 0 76 255 0 245 103 0 129 255 0 206 0 0 169 71 255 250
    30 252 89 0 0 19 191 41 0 232 255 37 42 255 0 179 50 188 48 19 255
    127 255 112 250 255 0 255 255 255 87 180 174 173 238 88 1 51 215 166
    187 124 35 123 40 12 0 0 174 0 251 142 253 0 56 195 69 231 255 164
    165 233 5 35 24 47 82 255 201 175 251 217 0 5 0 172 0 41 159 238 255
    255 255 255 0 255 255 226 255 0 255 0 184 133 38 49 79 156 190 94
    210 102 180 47 0 255 111 255 255 188 66 0 9 0 255 222 27 122 0 249
    201 0 14 0 179 140 25 81 0 116 0 255 255 166 0 41 56 255 214 224 255
    0 0 0 72 0 52 55 255 109 167 157 137 0 176 99 46 255 147 92 254 59
    194 0 255 0 152 104 0 15 136 29 255 255 61 135 89 75 144 255 0 255 0
    255 255 0 255 36 190 247 144 119 43 0 0 0 87 120 0 255 180 110 227
    231 0 74 0 82 0 215 26 138 154 255 0 0 255 255 0 87 165 252 107 255
    255 26 0 255 0 98 130 255 20 255 40 0 109 125 68 235 114 132 76 238
    0 0 247 0 177 70 0 255 0 0 0 0 213 255 233 119 255 247 53 255 184
    168 5 47 84 25 219 50 0 114 91 0 0 0 50 231 153 163 36 58 88 127 255
    175 0 190 255 213 127 0 20 21 102 11 121 227 0 185 132 168 0 102 98
    255 233 190 206 0 0 72 160 124 0 80 0 66 121 149 0 0 21 189 33 255 0
    0 97 255 162 255 126 116 140 255 33 180 0 209 0 0 0 184 248 135 140
    255 168 234 255 255 107 0 231 219 0 204 255 0 0 255 185 59 208 142
    193 0 138 197 156 4 9 255 118 0 101 155 137 255 0 0 117 187 6 0 115
    0 255 251 111 202 52 11 71 0 241 115 0 152 0 133 179 146 246 255 126
    55 249 209 0 255 7 0 0 167 222 143 255 25 255 71 195 188 0 102 45
    255 157 0 150 255 19 120 255 255 255 0 238 0 161 251 145 255 255 235
    255 103 107 230 255 255 74 230 0 255 106 185 0 0 122 176 14 255 209
    0 5 44 255 92 160 255 126 217 0 0 65 255 255 59 0 150 66 255 255 151
    113 13 242 41 207 255 104 217 0 138 129 146 99 83 229 0 54 0 178 51
    42 254 66 0 49 24 89 255 170 104 12 169 182 205 237 168 189 63 255
    147 255 0 255 0 46 0 151 100 104 255 0 210 219 0 255 67 12 255 58
    255 187 255 0 0 36 255 203 0 22 47 15 13 0 119 2 0 255 113 255 255
    54 126 190 187 122 41 0 255 30 255 184 135 0 99 0 88 255 255 255 81
    144 171 148 46 139 10 98 229 135 255 0 211 255 144 255 223 255 255
    40 13 216 0 0 184 0 20 255 13 0 164 143 0 255 235 137 254 30 156 23
    121 108 255 177 99 245 0 255 61 88 217 23 146 125 255 10 76 138 255
    0 223 255 70 255 45 0 0 255 0 255 151 115 219 2 201 112 255 166 247
    255 219 255 132 151 27 255 255 152 255 0 222 255 0 255 197 0 189 0 0
    24 0 31 174 2 255 241 221 0 117 36 114 0 26 107 71 0 255 255 97 98 0
    194 255 0 255 173 0 172 49 0 141 0 202 255 174 255 0 174 28 0 187
    171 23 181 0 250 75 103 245 57 143 220 255 0 0 255 255 93 255 255
    226 220 32 107 67 0 255 226 129 106 0 101 87 0 19 171 255 246 146
    255 0 27 110 0 255 4 175 0 0 61 125 177 255 113 0 122 255 189 255
    209 55 15 0 169 172 255 255 66 72 255 152 87 144 0 172 245 188 121
    255 107 96 37 0 0 0 255 186 255 157 255 105 46 215 110 0 30 19 0 220
    65 0 154 205 171 116 0 55 24 255 50 245 255 184 91 36 255 0 13 255
    187 23 212 255 0 28 54 96 164 0 255 5 140 255 230 0 122 54 60 255 63
    0 133 0 114 0 234 255 255 241 33 0 211 205 0 219 255 94 5 221 240
    186 123 58 92 190 137 125 160 124 180 255 255 255 214 159 6 215 255
    106 53 255 0 54 0 0 0 0 0 255 59 255 43 195 96 96 0 233 122 107 240
    255 0 179 13 210 31 255 255 12 255 154 250 146 72 0 48 0 29 19 0 250
    0 54 217 255 255 255 236 255 210 200 0 130 121 0 255 155 0 208 221
    222 255 0 243 255 63 94 0 255 143 9 255 109 18 234 73 190 0 12 255
    107 0 41 243 0 94 48 52 255 150 0 122 0 97 247 0 0 255 72 228 232
    255 0 255 182 14 177 255 0 246 0 251 255 0 255 255 0 237 255 52 0
    255 255 102 0 0 133 105 107 0 119 224 251 255 30 255 7 0 0 122 255
    60 0 200 97 215 255 123 0 255 126 255 39 27 19 80 255 40 255 214 173
    255 231 255 29 19 255 0 187 0 0 0 0 0 55 255 170 255 232 14 57 144
    255 255 158 90 128 24 238 255 171 128 120 141 255 0 0 40 229 223 156
    255 0 23 25 66 0 186 228 210 216 255 0 22 4 97 12 255 255 37 188 17
    0 14 155 255 144 190 0 46 0 0 172 255 128 0 255 33 255 255 255 0 0
    42 82 157 75 255 251 255 129 193 123 0 0 234 124 215 255 211 0 98 0
    22 54 164 238 149 199 0 255 0 79 168 179 59 245 239 239 116 55 255
    255 36 146 255 58 106 255 255 0 54 97 185 18 0 255 157 200 29 0 183
    255 2 0 190 255 0 125 0 0 140 0 235 215 225 0 232 63 0 255 132 0 56
    93 90 0 110 0 13 0 31 255 255 23 0 49 56 255 0 168 135 84 0 196 166
    0 0 255 48 198 0 0 145 139 0 56 147 255 133 21 255 255 64 180 146 0
    0 255 159 255 255 0 1 21 255 0 63 205 172 170 20 68 161 25 255 0 24
    148 139 106 255 0 247 138 0 255 255 139 47 0 0 102 0 255 158 255 97
    22 255 52 255 255 255 30 255 73 205 218 25 254 86 90 0 205 146 132
    146 115 225 255 255 74 21 64 245 169 251 205 21 243 255 159 2 227
    255 15 59 104 10 50 247 154 119 0 69 255 0 89 197 124 255 55 17 192
    169 0 81 255 27 110 120 56 0 255 203 0 9 147 87 154 134 52 0 255 46
    0 0 89 0 0 105 104 255 100 0 255 0 255 178 255 0 43 255 180 6 97 132
    99 255 255 255 225 220 0 0 66 107 136 63 87 255 33 228 255 0 62 0
    119 0 255 5 0 29 129 11 7 99 89 95 5 255 199 81 255 74 118 0 71 0
    170 253 0 243 0 213 44 255 236 55 144 255 135 189 48 229 85 38 255
    239 148 78 22 105 0 0 201 0 115 211 18 254 57 187 105 234 175 255
    255 252 60 255 245 2 233 69 14 0 171 97 0 6 240 57 19 200 255 174
    154 255 89 0 124 0 66 255 88 0 220 126 179 0 221 0 99 0 135 79 81
    165 35 4 255 22 255 77 0 255 62 205 255 0 255 255 0 255 72 73 177 0
    116 223 115 255 50 255 87 0 0 38 78 89 134 23 255 106 253 255 255
    202 19 255 255 255 255 255 0 63 76 0 66 0 255 145 148 136 0 154 196
    124 106 255 143 75 255 186 255 255 69 75 177 148 255 0 0 230 151 160
    118 240 255 72 0 255 204 38 83 28 0 130 238 0 2 185 255 0 80 253 0
    83 201 160 36 32 101 187 255 0 255 238 0 210 0 255 255 176 38 125
    135 230 134 255 95 0 255 58 21 255 46 80 230 222 39 178 113 55 69
    255 255 21 255 0 122 194 182 227 220 16 255 7 78 17 255 175 158 238
    94 0 0 0 136 131 165 0 165 171 0 183 75 225 157 202 255 255 255 124
    0 255 191 0 157 255 150 87 253 48 201 0 255 149 165 255 255 255 255
    0 0 234 229 206 0 172 17 127 0 255 221 255 140 255 255 0 181 72 66
    255 0 251 255 130 142 255 255 0 0 77 0 146 211 0 15 255 191 8 0 0
    158 255 77 127 119 236 0 255 0 124 72 0 246 212 255 255 188 226 23
    255 36 103 0 210 221 255 0 223 126 11 173 255 255 171 255 237 23 255
    252 231 171 115 100 18 0 255 0 67 255 0 150 255 132 90 83 12 68 0
    253 131 255 0 239 57 101 95 0 0 255 233 17 182 0 0 0 0 238 152 168 0
    87 242 0 255 142 173 167 55 51 161 237 255 27 90 185 243 100 74 142
    0 0 170 255 255 103 228 108 0 255 93 249 255 1 0 170 172 255 76 151
    132 255 255 20 0 255 244 113 0 13 59 200 247 175 185 0 0 203 8 87 26
    101 162 145 110 175 255 95 250 31 53 199 108 57 224 104 203 85 160
    20 7 225 228 107 255 173 195 6 0 20 0 45 0 255 47 0 201 255 0 255
    132 92 190 215 134 70 0 246 0 142 159 40 130 124 0 11 248 0 198 75
    177 164 119 60 101 68 11 255 6 255 207 0 12 60 176 129 0 177 47 22 0
    255 49 0 178 220 189 255 255 232 255 116 202 22 0 211 0 0 17 83 229
    78 223 0 0 0 0 255 255 255 126 0 69 245 145 255 0 156 94 215 32 159
    64 175 152 219 0 0 8 65 248 0 249 23 255 233 41 41 0 0 0 138 255 0 0
    156 215 224 0 7 255 243 0 31 168 0 0 218 188 255 134 255 160 255 152
    243 49 159 2 0 15 255 255 192 255 195 170 130 202 255 200 110 0 56
    91 135 255 0 253 217 0 0 0 255 255 236 0 144 77 131 21 0 210 16 194
    0 0 191 255 134 255 109 74 249 26 126 151 164 127 255 255 0 198 255
    112 0 173 170 1 0 155 255 255 255 167 254 237 0 229 51 60 33 112 255
    53 154 69 255 255 46 255 255 0 124 255 9 174 56 0 195 0 152 146 48
    107 0 113 20 171 12 39 124 182 9 0 120 121 89 166 232 227 255 255 54
    9 198 0 54 36 2 0 0 255 156 154 50 246 37 109 255 65 0 244 78 255 0
    125 241 176 4 198 243 126 101 236 0 43 39 89 77 255 255 14 97 225
    247 185 255 0 155 0 189 170 0 255 255 0 0 216 128 94 52 197 112 255
    0 0 101 176 235 0 0 44 173 71 26 255 255 255 44 255 20 144 0 35 12
    60 181 255 120 65 25 148 64 181 0 2 149 255 0 209 0 255 255 255 207
    19 255 255 0 84 162 174 15 19 255 255 145 82 84 210 255 226 255 255
    226 213 143 68 214 0 228 129 8 0 0 131 34 90 0 173 0 107 0 13 8 77
    24 0 219 255 91 255 152 0 157 224 0 31 221 0 113 5 200 0 255 255 255
    255 255 255 58 140 239 72 160 0 89 255 255 252 83 253 208 34 44 28
    255 0 255 57 0 255 76 232 230 201 103 255 255 0 143 125 0 160 243
    255 102 0 121 120 71 84 0 44 239 163 40 135 141 49 122 27 174 248 0
    255 0 0 0 0 76 0 79 0 255 109 0 137 53 101 187 255 64 244 114 54 255
    0 158 56 255 153 255 255 66 138 125 139 42 169 255 0 10 159 255 171
    128 255 27 50 255 0 0 255 0 0 125 208 0 12 255 92 148 83 75 176 255
    0 203 176 199 0 0 255 197 73 186 190 180 0 255 3 81 234 214 107 255
    41 182 181 255 0 0 137 0 0 198 226 233 0 255 0 0 255 255 80 44 235
    70 175 236 245 165 253 170 0 143 179 0 178 38 12 40 148 60 86 63 33
    128 247 255 188 255 255 237 188 240 0 0 17 195 0 153 255 80 95 213
    167 0 0 0 0 108 255 169 131 46 207 224 219 70 165 65 204 255 255 145
    255 227 255 255 170 14 0 241 16 0 142 255 102 255 46 0 252 0 0 224
    61 205 0 0 230 160 255 88 161 206 174 0 158 110 66 47 255 255 4 255
    0 255 28 190 99 76 0 80 255 49 50 214 0 69 7 255 0 0 255 255 79 0 0
    255 169 101 144 163 0 255 35 129 196 255 51 0 255 45 0 115 255 255
    255 255 8 228 0 0 255 0 113 84 0 140 117 0 255 105 246 183 255 255 0
    255 255 252 31 255 240 0 104 122 123 255 19 231 50 239 0 255 24 70
    38 0 0 41 108 0 255 255 255 160 179 255 57 0 54 144 0 78 104 196 153
    139 92 156 44 240 255 0 112 255 127 124 137 0 154 239 82 47 0 255 38
    0 0 103 187 220 157 214 0 24 154 211 102 196 198 133 0 0 133 219 0
    31 0 255 239 255 20 82 255 64 219 0 0 231 206 190 255 15 255 255 168
    179 136 72 206 255 107 233 155 255 254 233 6 72 154 0 255 0 134 0 0
    255 131 0 0 61 205 255 255 245 255 25 146 169 185 0 132 0 3 171 255
    45 62 195 31 0 0 255 19 255 216 31 255 255 0 194 255 255 243 87 152
    56 211 255 0 254 255 0 201 255 159 255 0 254 195 0 255 200 163 255
    91 115 33 101 102 255 110 38 252 0 147 255 136 93 255 116 146 255
    246 65 120 141 0 130 123 0 67 0 164 96 236 255 0 196 0 11 0 94 141 0
    74 255 255 255 0 18 54 153 255 246 255 161 247 245 223 0 48 255 213
    73 252 129 80 68 36 255 255 239 231 229 101 196 33 46 111 127 117 0
    214 160 255 172 0 102 5 0 251 0 0 142 169 168 59 0 118 255 8 0 183
    146 100 236 0 47 55 255 184 76 35 112 170 78 255 33 12 255 229 0 255
    111 255 234 163 69 113 0 255 0 63 33 209 238 255 124 125 255 255 60
    207 112 0 4 210 0 247 3 255 111 20 255 83 101 255 206 236 255 255 68
    51 255 55 173 104 13 0 37 144 186 0 241 214 31 158 94 251 194 255
    176 92 121 248 249 172 225 225 5 18 107 22 128 49 139 255 0 125 0 0
    123 255 135 255 191 168 222 157 67 70 216 107 119 255 7 44 142 21 55
    78 26 255 194 47 76 0 0 39 179 57 255 11 103 73 255 0 197 255 255
    129 255 170 174 255 225 115 251 255 116 153 255 0 71 203 71 208 84 0
    56 255 229 236 218 43 91 177 172 120 0 167 255 50 255 28 197 0 26 96
    82 142 184 19 0 0 255 147 243 169 7 55 175 66 0 0 147 255 136 159 26
    107 255 128 91 232 255 0 220 255 78 0 255 255 71 228 0 16 255 74 239
    255 255 255 255 229 255 0 169 255 138 0 193 127 230 223 0 255 133 0
    206 0 0 145 150 3 0 93 244 0 0 255 131 32 41 187 219 204 255 0 255
    169 41 230 92 211 203 184 255 0 195 108 150 0 255 166 233 0 133 255
    0 0 144 255 161 79 229 255 0 3 126 73 203 234 0 22 53 138 168 170 0
    144 213 0 238 71 0 253 0 0 0 129 0 199 255 66 174 99 176 194 94 33
    186 221 253 154 151 40 65 0 29 183 255 243 0 255 0 0 236 255 69 230
    0 50 131 0 19 197 18 191 255 103 184 255 133 255 0 0 75 207 255 23 0
    144 255 210 121 204 85 0 0 19 0 30 0 255 0 142 255 0 139 172 185 60
    195 153 132 200 255 192 179 179 232 0 74 40 203 255 211 224 0 147
    239 194 24 175 142 33 33 0 76 205 133 255 80 251 0 165 126 0 0 25 51
    0 23 255 150 196 119 178 107 0 166 255 152 255 167 246 255 255 255 0
    255 70 154 157 96 238 185 185 95 255 190 141 0 255 0 0 105 20 171
    209 201 255 70 240 149 107 255 113 208 225 84 48 122 49 0 119 197
    237 0 255 255 255 70 77 0 100 136 198 149 219 64 16 255 252 140 0 0
    98 97 194 45 251 251 50 107 0 255 255 97 0 101 153 0 82 202 255 249
    211 0 29 0 60 38 201 168 237 255 58 0 235 37 0 129 201 151 86 255
    255 0 207 81 255 255 3 255 255 215 246 93 0 54 225 255 255 54 171
    144 24 43 225 152 36 210 0 219 146 0 111 213 0 255 0 68 0 255 39 0 0
    5 30 255 0 7 0 10 84 137 139 255 110 16 249 41 16 0 105 197 0 213
    152 202 147 231 255 182 221 0 81 219 255 242 117 255 192 185 0 197
    199 171 255 25 255 255 255 120 255 14 55 22 179 247 19 25 0 79 255 0
    0 29 255 27 0 186 99 255 84 255 58 37 146 0 0 90 0 0 36 78 42 255
    101 0 0 21 78 0 212 172 213 200 95 203 7 255 0 0 243 152 0 136 0 115
    0 126 255 178 246 98 206 0 255 195 116 255 0 46 207 255 188 0 0 173
    55 95 248 255 47 0 190 210 90 197 255 211 255 134 0 200 218 160 163
    23 21 255 91 0 35 0 190 134 255 105 58 153 0 0 0 0 0 72 7 44 165 0
    64 251 0 0 155 0 0 51 0 0 62 241 255 106 205 248 52 35 67 30 255 152
    0 235 255 145 2 0 15 106 255 58 125 0 145 255 110 133 191 254 56 0
    184 247 255 100 165 43 68 255 39 112 255 157 208 152 0 255 26 217 10
    255 0 7 113 201 185 0 255 47 149 152 0 255 0 200 0 0 21 212 158 63 0
    155 199 175 255 0 103 255 0 90 0 13 168 255 141 138 220 0 186 0 190
    0 255 65 255 0 158 185 0 255 106 149 120 71 80 255 77 60 255 0 66 36
    84 255 225 255 50 222 0 0 255 237 162 104 198 205 0 255 105 49 85 43
    0 244 69 88 83 136 255 102 219 133 78 0 222 0 142 245 116 180 160
    156 89 155 255 18 0 37 12 132 255 63 205 202 9 0 248 246 205 119 82
    255 65 255 211 35 42 68 74 255 233 126 90 255 73 255 0 173 25 0 89 0
    74 34 255 178 255 245 0 255 183 38 48 140 17 98 152 131 8 68 4 0 153
    251 150 80 194 255 47 105 26 255 255 0 0 0 160 0 127 120 0 0 255 118
    255 255 0 102 255 202 136 232 0 219 203 49 193 255 255 123 255 243
    18 87 187 209 255 192 0 26 211 99 105 241 0 106 0 73 123 66 0 255
    255 159 37 62 3 45 121 255 167 132 222 255 247 86 254 36 218 163 211
    171 213 59 108 255 255 255 231 53 209 255 147 50 193 58 208 155 6 68
    244 125 139 0 255 255 0 255 212 0 163 108 255 39 255 0 74 242 171 0
    0 0 0 255 255 189 244 189 250 0 98 255 255 248 110 255 0 124 0 30
    255 180 255 11 60 220 0 89 0 58 252 254 0 82 36 110 165 19 213 205
    95 61 155 146 0 255 139 0 0 0 18 230 159 65 96 101 84 201 191 255
    255 255 179 0 0 0 2 185 20 0 0 0 64 144 220 0 100 48 66 172 80 235
    255 231 255 51 130 254 218 0 9 255 0 255 25 0 255 0 0 200 131 0 174
    145 0 191 255 149 129 222 255 77 84 177 181 244 0 197 159 21 0 135 0
    57 63 0 53 192 58 255 6 154 0 159 255 122 0 10 255 59 255 175 57 248
    238 0 0 31 253 94 17 255 8 105 39 0 0 255 108 31 0 164 80 196 255
    162 81 26 190 146 196 25 255 0 162 162 76 0 94 70 255 0 23 123 250
    255 255 157 255 124 20 3 222 127 54 180 255 182 255 40 78 255 0 128
    240 2 0 229 234 255 26 0 255 94 184 73 0 0 13 27 20 175 153 0 218 63
    170 194 109 255 134 180 111 0 122 107 24 254 81 197 66 0 108 135 0 0
    239 0 103 212 243 255 255 212 255 228 47 191 0 0 0 255 136 66 0 115
    198 48 78 242 255 0 42 255 0 199 0 71 255 255 255 84 0 255 53 187
    255 174 91 92 171 134 0 255 166 0 57 155 220 255 92 45 223 111 255
    122 0 24 238 45 240 255 255 128 123 139 0 0 36 255 37 32 255 239 213
    0 72 0 80 255 255 0 137 255 239 148 0 174 255 0 8 6 0 211 181 255
    255 76 255 255 46 216 0 247 201 68 96 202 78 0 255 0 252 171 255 108
    255 237 208 36 255 0 235 255 0 0 183 99 11 0 82 225 45 0 255 153 136
    255 12 196 255 255 255 115 145 255 0 255 54 0 11 8 1 117 90 255 0
    255 172 197 27 49 97 26 0 150 0 255 70 126 94 245 27 35 0 115 222 45
    0 255 168 0 255 206 0 78 255 53 255 116 255 55 10 29 27 164 0 255
    201 190 68 59 255 0 103 66 0 234 0 99 0 88 60 85 16 77 0 180 255 79
    115 25 0 255 236 150 130 151 240 176 155 0 0 18 241 253 0 0 64 206
    255 86 85 14 177 255 155 255 108 178 92 255 81 152 83 64 255 0 177
    211 160 0 255 234 0 54 76 32 43 98 176 0 150 255 251 97 244 0 114 0
    237 148 71 249 32 113 0 255 112 189 204 205 0 217 153 41 255 68 81 0
    176 0 255 255 164 92 0 0 255 0 255 104 0 232 0 245 77 51 52 132 255
    255 160 136 0 138 0 107 240 88 251 226 0 0 242 177 210 132 157 30
    145 0 221 110 82 44 255 3 113 5 169 0 0 85 255 93 30 38 2 64 255 86
    0 123 0 116 254 86 0 255 77 135 151 29 144 193 0 255 37 255 255 0
    184 89 39 208 0 255 255 64 118 0 255 174 98 198 154 186 42 0 0 255
    31 20 77 54 199 59 0 246 255 99 51 89 20 177 0 14 10 124 157 197 96
    251 114 133 154 251 249 0 255 162 0 22 0 240 70 0 255 28 22 0 194 77
    255 99 186 6 52 255 255 220 185 29 150 24 63 0 0 3 0 255 0 224 134
    138 2 132 105 74 255 189 255 0 0 102 198 255 255 212 250 255 255 0
    98 176 38 221 75 172 165 82 83 19 60 102 102 0 219 194 10 255 0 0 30
    0 71 181 255 0 0 149 255 225 50 255 247 175 255 255 40 69 255 41 239
    68 151 35 21 88 197 12 185 230 195 33 234 7 255 255 140 112 18 167
    240 55 255 153 255 255 40 0 222 117 97 126 160 151 121 18 218 113 0
    0 86 142 10 171 255 0 239 245 155 59 78 0 255 0 148 255 0 145 15 231
    13 242 231 0 0 220 39 203 255 255 97 42 185 202 255 218 82 96 0 196
    0 64 128 195 251 191 22 255 178 255 35 127 255 59 255 255 255 120 0
    64 148 0 179 0 244 0 0 112 116 44 0 153 0 0 255 0 254 0 0 122 162
    105 69 255 145 74 0 239 36 208 84 0 137 0 139 0 167 129 0 210 73 242
    191 0 255 0 228 185 101 0 255 255 155 0 124 131 255 201 192 254 52
    32 146 46 255 134 209 98 0 141 71 0 234 40 199 20 8 67 119 0 6 126 0
    43 255 255 18 134 191 0 180 24 0 187 115 0 0 122 255 0 255 0 158 15
    0 109 217 0 215 174 41 97 166 203 0 51 241 228 71 224 0 37 103 153
    16 175 12 255 245 255 0 29 255 132 172 10 255 255 67 0 81 0 0 79 255
    182 112 66 97 9 255 255 31 164 22 42 255 172 153 7 49 134 255 123 57
    120 0 255 255 0 0 0 255 0 161 244 84 184 255 255 255 201 118 179 0
    68 205 79 0 14 0 0 197 29 255 62 216 72 255 29 48 164 133 18 255 0
    255 71 219 252 16 169 188 168 62 0 99 0 255 0 143 77 255 254 113 0
    38 42 181 255 145 236 212 0 68 98 200 255 0 255 255 142 255 146 0
    174 212 0 88 132 178 30 0 0 181 153 224 255 55 114 24 197 255 85 231
    37 215 255 27 41 55 211 18 34 0 0 216 44 0 0 230 134 77 157 82 198
    255 0 212 0 0 255 10 255 255 0 194 255 0 0 155 65 2 255 0 71 204 8
    100 229 126 255 87 213 151 109 255 0 237 241 255 255 231 0 23 255 0
    111 156 254 185 127 215 126 51 200 170 0 0 229 0 214 14 238 80 0 235
    61 47 88 196 255 52 34 0 105 201 72 207 124 255 255 57 131 3 157 0
    99 129 0 21 0 0 255 0 178 112 194 246 105 185 255 216 255 6 231 189
    206 2 244 118 22 255 52 178 75 0 242 255 221 0 0 0 53 178 81 157 255
    255 255 71 203 180 178 112 0 255 56 0 129 213 39 106 103 228 108 87
    0 123 0 39 0 102 10 255 255 221 255 113 255 0 121 218 0 255 255 0
    108 255 115 103 255 238 47 181 234 46 69 176 123 221 166 17 80 0 255
    71 255 218 0 0 187 50 14 222 202 255 86 184 87 53 0 100 255 158 231
    0 25 201 0 249 92 8 224 144 125 255 245 84 0 142 101 255 0 0 167 0
    255 106 245 0 0 36 200 0 189 160 0 238 37 0 255 78 156 255 0 32 255
    151 57 45 255 28 255 15 216 255 255 113 160 21 95 46 172 0 220 56 0
    5 0 35 75 20 197 236 255 102 246 131 184 255 216 0 255 234 127 0 225
    49 255 0 255 174 0 149 41 255 101 42 42 0 39 0 255 79 137 0 255 172
    61 65 96 0 255 33 60 64 167 131 255 177 84 231 155 0 224 29 200 255
    76 255 255 0 0 110 41 187 243 235 204 247 247 235 2 0 245 0 15 87
    223 18 185 155 231 0 68 0 147 0 0 255 0 0 0 248 22 190 70 107 42 0 0
    255 111 122 180 255 226 0 245 167 177 128 255 32 0 11 19 210 9 161
    49 2 255 255 0 231 174 221 172 88 255 158 78 0 31 143 124 204 42 0
    111 100 218 255 26 56 255 101 156 255 255 0 120 186 210 249 164 156
    21 71 78 0 112 112 255 0 255 222 242 253 23 255 152 121 129 226 0
    182 255 61 255 9 0 255 199 182 255 176 74 191 164 244 36 0 255 255
    255 255 255 0 255 141 255 5 92 59 162 0 219 0 48 101 0 62 110 89 28
    11 128 0 161 253 174 125 60 197 176 87 255 255 184 54 136 92 133 255
    83 5 255 157 65 61 73 255 191 202 0 255 42 101 255 0 154 255 56 245
    109 135 195 127 8 161 210 255 101 0 255 255 0 122 32 81 255 49 255
    143 0 0 184 13 0 0 50 0 255 236 24 255 255 255 91 12 0 160 48 143 0
    0 46 0 225 0 155 255 129 11 0 58 142 183 255 132 0 255 103 255 229
    195 18 234 157 255 154 4 222 181 219 255 120 131 184 43 5 170 255
    255 174 160 128 2 203 0 173 0 0 0 101 255 125 225 86 53 186 0 178
    255 103 219 255 122 85 119 255 149 0 0 128 8 25 234 255 139 0 98 0 0
    94 255 150 0 84 255 52 163 255 223 2 255 34 255 178 32 169 255 45
    116 255 51 255 218 71 49 126 119 252 255 79 0 255 64 117 237 233 255
    9 108 66 0 69 60 0 0 255 67 11 142 81 202 0 155 250 0 87 255 99 0 21
    255 170 0 255 255 255 26 255 255 0 255 138 135 0 35 129 242 147 101
    255 255 255 115 14 255 155 0 235 0 255 255 167 19 0 193 61 164 1 230
    255 0 17 4 85 0 2 255 255 254 188 133 113 88 20 255 147 0 78 0 150
    146 226 255 80 160 161 152 115 0 255 109 255 123 255 38 255 75 153
    39 0 204 255 255 0 238 77 255 142 52 238 19 26 155 168 0 255 158 255
    247 34 135 41 187 76 255 211 89 28 255 142 200 0 41 186 0 63 0 255
    125 177 173 0 169 196 0 0 0 103 255 255 9 108 0 39 199 255 131 62
    166 142 182 0 0 73 0 88 181 0 154 176 193 255 0 178 238 31 15 111
    226 0 0 52 231 212 0 38 92 160 88 0 241 69 253 141 120 191 0 246 39
    136 0 152 219 9 38 138 0 85 216 0 255 216 0 1 190 153 131 25 27 57
    39 255 74 153 110 255 255 0 123 0 229 224 255 235 0 0 121 127 179 69
    83 226 67 0 255 124 54 255 133 32 18 255 38 221 0 200 43 255 118 180
    207 19 120 202 135 175 184 0 255 220 94 38 0 0 255 34 40 188 244 18
    30 238 125 13 178 140 255 104 255 20 69 7 255 0 255 66 179 190 0 185
    149 0 255 216 153 255 178 93 64 179 218 27 142 255 30 153 229 179 96
    255 136 101 92 244 0 101 60 52 0 0 0 87 0 159 123 64 3 107 255 158
    255 134 0 68 255 250 20 0 0 74 130 0 0 11 255 0 162 193 121 255 217
    249 0 255 205 19 74 95 0 205 181 0 116 255 187 255 255 22 156 0 56
    119 71 0 255 245 253 32 204 255 255 247 121 222 0 113 209 120 255
    255 190 117 0 255 24 34 172 3 255 75 235 93 4 221 11 255 133 25 69 1
    25 215 43 0 239 49 0 196 117 9 165 0 5 87 255 61 244 255 105 255 0
    222 255 148 210 98 202 27 163 255 135 0 255 255 96 255 28 99 0 255
    125 219 255 0 156 0 133 143 126 226 83 124 99 255 255 255 86 255 40
    233 177 22 188 29 70 28 0 0 0 69 0 49 76 255 170 0 255 72 0 255 255
    255 79 255 255 66 0 108 46 122 255 95 13 70 249 198 130 62 0 103 230
    0 255 0 255 0 121 52 187 146 167 6 13 0 0 86 7 53 143 86 89 255 31
    165 0 250 25 0 71 7 200 255 227 153 255 40 111 56 129 255 97 48 148
    176 255 92 0 0 251 95 27 228 49 94 79 169 255 0 0 0 211 39 83 0 43
    248 214 204 22 0 255 66 242 0 217 66 189 0 255 24 210 28 82 255 255
    255 66 255 0 82 0 0 29 39 255 153 252 93 255 129 0 255 123 255 88
    217 15 191 252 43 48 0 187 255 255 196 255 255 2 222 255 0 255 250
    162 0 0 115 0 255 109 119 224 248 217 0 255 255 0 19 0 255 214 244
    90 255 51 196 174 212 199 255 255 129 255 141 131 130 22 255 255 133
    255 255 0 98 15 255 255 0 208 102 0 181 247 148 0 40 255 242 55 74 0
    93 0 252 34 255 78 103 173 22 206 98 230 50 25 0 183 223 255 169 106
    90 255 205 0 0 236 0 0 127 0 0 255 252 0 106 0 0 255 31 103 52 255
    255 193 5 43 0 52 255 60 255 0 0 223 42 99 0 255 70 147 75 242 255
    229 0 0 142 247 0 34 255 65 255 213 37 255 17 0 255 255 216 22 255
    156 246 255 224 83 23 95 25 236 132 61 0 58 63 100 191 33 82 255 0
    46 210 119 0 255 71 152 198 0 188 0 178 243 108 255 0 255 192 205
    211 133 255 22 131 255 0 119 255 138 222 198 142 112 0 246 226 230
    155 205 235 158 89 236 0 240 147 14 0 0 7 6 0 236 36 49 255 190 86
    174 245 232 0 86 138 245 0 170 119 98 179 56 232 166 255 244 0 19 76
    0 66 255 79 193 0 255 190 46 238 142 203 211 0 72 0 0 186 0 231 109
    76 208 255 255 255 0 0 188 0 67 0 232 255 58 156 225 190 0 0 185 0
    148 255 23 201 190 255 0 255 0 255 34 20 23 237 213 163 0 115 253 0
    216 0 11 166 81 255 223 244 255 255 0 255 169 230 0 0 241 0 40 220 0
    107 255 17 208 255 183 218 0 255 255 255 158 140 133 193 0 0 0 12 60
    0 81 255 0 255 141 255 73 55 51 255 110 140 0 133 0 255 224 178 0
    150 39 0 0 45 255 209 255 122 0 1 255 108 255 66 0 255 122 22 255 0
    6 63 124 255 253 64 31 222 248 73 255 0 0 217 93 133 32 255 0 173 0
    232 253 255 188 0 14 215 41 164 0 88 255 0 0 146 255 0 239 15 148
    148 255 153 139 111 63 229 82 255 135 169 154 213 92 18 48 255 0 232
    255 106 67 190 105 108 255 29 130 255 0 85 98 85 0 250 61 0 255 118
    70 0 4 245 18 0 255 255 51 203 255 69 167 255 255 223 55 255 94 59
    229 0 255 0 136 56 10 0 141 19 61 68 88 115 30 255 8 133 166 255 221
    0 0 59 255 170 68 103 255 255 0 239 255 230 0 255 114 242 0 24 32
    255 51 20 255 0 213 214 142 14 255 18 255 37 109 20 255 255 51 255
    181 255 173 189 81 0 255 0 43 255 34 23 0 148 255 155 255 0 133 195
    0 0 44 0 18 241 239 97 87 0 142 255 96 255 51 123 238 0 171 24 193 0
    0 95 243 68 212 57 21 119 88 0 70 255 132 255 255 255 10 7 255 192
    65 118 255 255 171 177 248 255 0 194 41 114 25 31 223 0 255 94 32
    255 15 176 0 0 70 38 255 227 175 188 255 164 49 137 0 234 0 36 235 0
    227 255 171 96 42 73 255 0 255 0 187 85 102 115 87 0 0 255 47 3 0 78
    0 69 86 255 0 0 102 146 255 254 164 255 202 255 0 174 200 130 255
    233 100 44 0 238 156 0 0 51 206 255 0 204 5 232 116 0 0 253 215 66 0
    255 88 23 160 0 215 235 255 177 0 82 86 6 6 255 29 74 255 161 105
    166 50 110 70 32 0 255 10 0 0 255 0 0 255 0 146 37 78 255 244 14 105
    8 0 3 48 218 121 90 0 0 196 221 148 125 107 54 200 228 0 0 255 255
    43 0 82 0 255 0 0 84 253 137 201 39 0 237 255 20 220 243 87 255 170
    248 246 156 52 0 0 37 0 188 141 255 38 169 84 76 169 109 110 255 0
    168 142 190 62 123 255 0 146 33 177 113 0 0 202 172 0 63 10 120 126
    108 0 227 163 255 225 90 209 255 44 254 78 80 0 0 255 233 173 36 168
    170 14 86 0 118 255 57 154 196 94 98 0 143 51 60 167 179 255 49 149
    0 5 250 66 255 101 83 255 46 60 0 255 205 255 144 249 255 76 234 0 0
    185 157 255 101 230 11 124 19 168 255 255 0 255 229 99 217 251 200
    62 4 163 115 255 0 48 255 0 230 222 248 109 255 0 222 0 226 101 0 95
    255 35 118 90 103 0 204 255 99 255 0 42 60 84 58 0 0 252 215 255 77
    246 255 86 0 178 116 255 255 255 130 0 215 0 23 255 0 214 75 242 152
    109 0 239 0 255 59 0 55 190 121 255 255 149 181 185 106 0 255 0 239
    219 9 135 171 235 185 215 51 93 255 48 125 255 255 33 139 180 0 255
    222 255 0 255 255 80 0 255 178 61 0 173 209 50 143 89 255 255 94 27
    237 35 0 35 56 212 224 73 82 255 0 21 181 0 58 50 218 255 255 205
    254 255 147 135 41 180 104 12 164 0 245 154 0 255 201 255 204 177
    255 16 0 180 104 21 255 0 254 43 0 201 223 231 232 0 0 227 199 201
    247 10 245 255 95 30 66 255 51 0 67 0 205 0 255 90 255 6 18 89 119 0
    195 0 39 0 12 114 161 0 255 251 160 33 255 90 133 255 255 255 0 83 0
    201 0 26 0 208 255 12 0 250 0 0 144 0 11 211 238 50 115 142 195 208
    0 216 226 255 120 166 207 255 255 0 43 209 210 17 0 255 255 0 83 255
    238 243 102 17 69 0 186 54 74 0 0 0 103 0 68 236 108 135 0 200 0 68
    0 66 229 0 255 224 187 145 255 255 139 255 255 0 0 0 250 0 58 147 0
    255 0 255 234 143 122 180 143 30 0 113 0 255 78 100 100 215 255 0
    255 255 156 0 173 128 33 0 175 42 0 113 42 255 133 237 196 215 0 175
    255 0 240 255 73 0 227 215 0 255 192 105 159 41 0 8 178 6 0 68 103
    45 0 0 169 94 39 95 255 0 255 203 0 255 54 188 0 255 160 12 0 255 27
    0 0 0 251 30 104 158 75 111 132 0 158 0 11 223 104 58 0 255 78 97 0
    0 0 135 121 220 255 255 240 255 240 232 223 255 0 239 255 201 74 255
    255 38 12 201 85 16 126 209 0 0 181 198 115 173 255 200 0 112 159
    255 80 0 25 62 51 157 21 92 198 227 0 32 62 0 0 179 14 255 51 0 116
    0 245 255 114 255 255 0 50 237 77 189 0 238 255 195 169 206 195 213
    0 255 109 36 223 255 176 145 150 0 40 215 193 255 212 255 33 31 25
    85 187 67 196 247 255 209 177 0 255 111 255 125 114 105 0 219 42 230
    19 255 113 175 103 81 255 0 170 0 77 0 255 229 0 0 45 0 244 72 75
    255 0 163 106 31 162 92 255 238 201 30 0 212 255 43 0 255 40 255 138
    230 255 255 255 138 232 174 45 255 114 0 235 161 0 214 117 255 190
    136 104 0 140 255 255 197 255 165 14 14 255 79 255 161 21 255 50 145
    255 0 0 161 144 137 215 255 0 0 255 249 255 161 255 255 79 138 255
    188 255 95 255 242 174 71 161 17 0 0 27 73 255 52 0 179 0 0 0 0 93
    143 0 0 0 0 255 237 0 0 218 118 0 0 0 0 176 156 31 0 0 0 75 58 83
    147 255 37 235 0 255 173 0 0 226 0 82 255 84 255 87 103 0 0 255 60
    232 0 197 20 255 0 202 255 0 0 119 255 0 46 159 65 255 0 166 255 147
    0 76 161 255 255 255 135 233 0 8 204 255 124 255 171 223 255 255 0
    68 0 0 255 101 85 0 113 255 198 165 255 255 0 217 150 104 148 250 5
    10 56 184 16 39 0 0 218 255 59 124 0 91 112 0 0 127 159 163 255 255
    82 255 134 105 0 0 0 82 255 210 4 255 255 0 0 93 176 0 255 33 200 69
    51 127 105 172 178 26 116 67 255 2 104 0 255 255 143 192 239 168 34
    0 168 144 198 152 183 193 91 238 197 23 0 25 135 79 255 212 132 248
    255 255 214 255 134 121 65 134 76 9 137 0 24 159 46 255 112 255 201
    255 86 65 93 255 118 0 255 122 145 221 13 246 232 0 103 156 222 160
    129 46 255 255 211 255 82 152 0 157 255 0 0 194 48 0 165 165 231 253
    169 255 33 50 234 0 0 255 207 173 243 250 237 177 251 190 81 57 255
    70 255 255 114 1 90 139 96 89 150 135 255 0 0 0 0 217 68 0 115 58 3
    255 127 51 0 182 112 0 113 153 255 255 53 120 255 177 182 255 0 75 0
    255 95 253 146 166 151 24 187 144 0 233 184 0 255 0 184 93 51 30 255
    255 14 72 249 6 108 255 162 208 50 97 255 255 136 255 255 18 0 178
    255 255 128 98 54 108 222 255 102 165 195 0 45 211 255 46 255 0 255
    116 16 216 96 255 140 255 0 0 195 0 219 202 0 49 112 210 255 214 127
    208 65 141 158 115 255 255 100 145 187 60 255 191 164 33 0 255 69
    255 82 0 218 0 32 15 241 0 0 49 212 165 0 113 255 255 14 255 255 201
    0 115 255 4 64 7 67 125 85 1 74 123 89 0 209 255 191 255 0 66 255 0
    242 135 0 255 95 16 0 129 198 255 116 0 42 237 102 91 0 89 67 232
    122 194 25 255 123 0 219 0 255 124 38 152 97 105 95 103 206 255 207
    255 206 129 255 15 188 148 26 10 78 0 0 0 0 246 0 255 255 255 59 196
    211 61 211 255 7 252 0 0 15 8 164 180 152 198 105 255 255 1 99 19
    125 255 255 0 41 255 22 0 101 146 173 218 242 90 0 91 232 151 0 237
    214 88 183 0 115 178 218 0 85 162 104 0 236 36 255 89 54 255 0 0 9
    243 116 68 190 0 56 95 47 85 169 240 34 228 0 0 255 255 255 0 255 3
    220 133 0 2 0 251 89 2 0 0 191 241 223 162 143 137 194 224 255 0 14
    255 11 0 39 70 0 164 187 164 158 0 255 57 241 102 141 189 26 0 221 0
    115 0 128 109 238 0 92 0 18 254 250 47 168 42 62 20 202 109 113 27 0
    79 17 0 255 255 38 53 217 0 138 255 255 255 0 227 0 255 45 68 216 0
    115 0 61 255 255 255 54 82 0 140 128 0 147 73 0 33 62 205 255 255
    110 93 145 255 0 116 255 255 1 216 0 0 38 181 255 159 255 37 137 107
    18 67 255 178 0 146 255 154 165 167 255 0 189 161 13 147 255 24 192
    23 80 0 0 0 0 72 72 74 255 162 225 255 12 0 201 0 144 0 255 62 107
    113 75 255 125 255 244 20 192 157 190 45 31 0 255 131 216 30 105 218
    15 148 255 136 89 0 13 243 244 248 15 9 160 25 1 0 184 255 0 255 208
    255 255 92 42 21 216 255 106 231 0 255 255 1 255 0 141 42 88 20 105
    169 0 255 255 13 255 133 255 41 210 194 0 255 0 0 255 0 255 172 255
    255 135 90 202 249 218 255 223 66 0 5 147 201 167 0 255 0 0 185 255
    210 107 0 255 210 173 255 102 0 193 255 174 0 255 243 191 224 255 0
    87 255 210 0 255 185 0 50 2 103 140 27 34 0 113 84 132 0 1 173 113 0
    250 236 124 255 249 255 109 0 250 57 78 21 222 255 126 240 83 83 252
    0 117 185 255 0 173 0 0 0 139 44 105 16 13 0 72 142 146 186 0 255 81
    52 255 196 0 0 255 255 255 255 193 132 255 0 0 0 169 0 255 230 206
    255 32 255 59 217 169 67 255 0 213 94 6 0 14 0 255 66 0 124 0 145
    169 145 184 177 69 255 185 169 241 145 123 34 10 226 255 77 255 255
    0 200 0 206 0 0 40 115 218 0 137 76 106 160 170 155 12 255 106 255
    13 134 213 4 131 57 221 15 167 255 62 255 122 155 0 107 56 110 255
    169 0 238 221 6 195 68 171 254 0 148 149 8 237 255 0 0 77 255 254 53
    255 39 255 0 0 255 198 0 174 0 35 255 79 255 106 13 255 73 255 100 0
    176 0 0 123 152 0 187 0 55 255 0 252 115 182 101 255 238 255 67 0 66
    255 3 147 120 225 129 255 90 203 239 44 65 162 0 146 88 0 0 160 148
    233 255 0 245 76 0 92 96 0 40 223 56 106 255 255 38 255 146 255 179
    36 14 51 13 255 130 4 18 62 255 0 127 173 137 141 0 200 68 223 78 0
    59 82 13 19 255 255 8 81 255 0 108 179 255 0 108 255 21 251 209 57
    65 59 42 0 145 0 255 141 109 255 71 67 0 255 0 103 29 18 177 194 255
    12 172 103 0 135 0 17 101 255 0 0 76 97 19 0 45 231 40 132 0 14 235
    177 146 93 1 225 0 8 255 124 251 0 0 112 45 96 0 211 134 255 242 159
    27 178 255 193 122 60 174 6 255 255 16 159 12 209 183 0 227 0 105 0
    151 71 63 0 33 118 148 76 15 34 243 255 18 231 255 255 0 255 0 158
    11 80 92 18 200 255 170 255 214 204 255 208 75 0 0 115 79 255 190 13
    0 0 10 0 119 255 19 0 157 8 22 255 222 0 196 6 255 255 0 8 255 255 0
    147 232 146 102 88 228 39 141 132 0 92 57 134 255 61 187 194 0 131
    110 135 83 255 47 198 255 126 255 0 182 182 56 255 131 255 150 112
    33 151 79 0 27 142 203 210 117 130 0 255 253 229 85 255 49 202 111
    118 205 0 193 231 20 153 142 176 190 0 255 0 0 0 79 154 122 8 183 89
    110 175 128 188 126 199 0 0 255 6 21 0 133 255 49 3 234 255 255 71
    255 63 78 0 11 0 148 236 55 24 125 0 255 255 102 0 0 215 0 255 195
    87 0 0 177 255 255 255 234 202 250 162 249 220 0 215 188 157 7 104
    42 105 129 163 15 226 173 253 99 0 255 0 20 0 120 109 0 0 167 229 46
    255 163 153 178 42 0 195 67 193 0 96 139 72 40 146 77 157 55 180 255
    0 40 182 244 255 99 255 177 89 255 77 244 113 149 62 0 183 0 0 55
    255 255 58 115 11 158 120 229 35 88 31 211 255 0 255 154 53 255 84
    255 108 110 157 255 255 217 255 55 255 205 98 37 74 63 162 171 112
    144 0 89 73 84 255 190 137 91 77 10 169 45 138 87 193 217 200 110 35
    164 0 0 148 20 255 255 255 158 110 185 255 19 0 141 119 0 32 215 235
    246 223 255 75 91 237 197 58 255 0 37 225 184 255 55 248 136 36 26
    188 0 234 195 30 160 0 83 0 255 0 4 0 158 35 17 255 44 255 247 0 217
    255 0 255 178 255 43 250 255 255 251 42 151 0 84 67 255 0 195 63 255
    65 255 172 255 133 255 109 243 0 53 255 214 255 143 52 186 9 113 128
    4 53 179 255 2 248 85 255 217 255 104 80 200 37 90 0 0 103 209 0 229
    0 0 160 0 255 126 0 255 0 255 255 0 24 36 134 70 0 232 119 32 0 198
    255 0 255 105 0 220 255 255 119 30 66 255 187 255 0 19 5 163 83 0 0
    160 0 43 42 100 45 114 255 62 0 0 200 66 255 0 195 165 18 0 0 90 186
    190 205 255 87 255 8 255 139 255 143 0 73 11 192 0 255 0 215 255 108
    255 0 0 140 9 138 255 110 128 90 255 0 105 0 134 77 167 158 0 0 0 0
    224 0 73 99 253 255 67 255 167 245 118 255 176 255 255 17 0 0 78 61
    0 189 0 0 22 255 237 44 122 255 218 255 83 107 46 50 245 255 222 214
    206 0 81 205 255 222 209 255 0 152 0 255 4 161 100 68 240 75 0 106
    203 161 72 168 181 43 207 0 255 241 73 231 33 255 60 0 241 255 230 0
    255 145 148 76 78 255 0 183 0 34 201 0 255 212 0 255 17 227 70 61 64
    242 123 169 212 222 65 40 255 45 138 176 255 99 255 218 81 0 233 20
    0 89 255 137 255 255 255 96 193 103 42 255 0 255 203 229 87 128 185
    23 116 26 208 0 255 37 255 45 139 255 140 0 99 17 58 217 97 255 0
    225 255 0 44 173 51 119 102 10 241 140 0 176 255 255 255 32 4 199 83
    0 255 129 0 255 44 255 113 255 51 247 255 138 129 12 230 7 0 100 149
    80 8 140 50 209 58 251 5 84 74 227 50 213 159 193 75 255 51 90 0 124
    255 90 12 168 166 118 225 162 214 122 159 69 255 255 168 65 103 160
    154 52 190 146 255 45 131 218 94 255 139 255 237 63 81 154 0 253 255
    255 230 255 255 255 93 172 144 0 0 255 0 165 73 72 45 255 0 111 58
    212 249 0 233 0 255 255 0 123 198 255 248 107 9 251 0 0 0 255 84 255
    227 76 255 109 255 85 45 73 87 199 0 0 248 255 31 67 255 19 172 0
    250 61 38 67 225 0 75 122 228 46 33 255 0 124 185 55 246 255 255 255
    0 0 255 255 54 50 27 0 107 133 255 0 160 124 241 0 129 117 251 130 0
    255 90 255 255 22 136 255 141 173 144 255 0 0 177 178 104 233 252
    179 255 38 46 0 214 164 255 0 255 0 41 255 113 88 0 206 22 119 255 0
    0 0 255 38 255 0 0 110 255 0 255 255 255 202 0 12 40 255 15 0 0 37
    199 0 255 31 0 178 85 121 80 40 7 186 58 130 239 148 75 235 89 255
    68 255 255 0 255 255 37 14 122 255 0 146 146 255 87 129 109 95 42 84
    0 255 34 97 245 237 158 255 7 227 189 242 212 0 230 190 0 208 80 209
    255 164 134 0 151 0 56 0 140 179 124 255 249 0 251 255 219 211 39 43
    8 255 202 61 255 126 0 0 34 0 255 231 244 217 0 0 0 73 0 134 210 0
    115 0 255 59 255 200 13 98 102 255 101 34 83 29 159 121 119 0 255 0
    110 0 195 102 229 52 217 181 0 213 255 0 0 219 255 121 109 116 187
    128 255 255 46 255 0 7 0 228 255 255 192 255 46 200 220 144 30 93 98
    41 255 44 143 241 161 209 116 0 171 0 247 0 255 0 224 218 115 255
    118 74 255 135 255 183 0 155 255 255 202 0 0 255 90 0 106 132 255 23
    161 48 205 171 255 255 148 144 0 0 196 255 104 134 226 122 238 0 243
    255 255 117 239 50 0 152 190 229 27 255 255 168 255 8 0 0 44 194 255
    116 0 255 121 225 52 240 157 255 79 77 255 59 255 65 111 0 209 236 0
    183 142 0 48 46 0 159 232 237 211 12 187 39 255 0 224 5 10 192 255 0
    14 0 255 68 157 18 2 245 0 255 95 0 116 41 0 0 90 249 66 215 255 14
    210 110 0 0 0 137 183 0 0 255 198 68 85 68 0 5 184 218 0 201 69 241
    255 137 196 72 128 255 214 0 255 52 5 198 0 164 255 255 109 255 255
    248 81 84 0 233 157 61 0 36 10 211 255 255 30 0 171 0 0 241 189 28 0
    0 204 0 0 0 144 148 145 86 0 195 184 6 255 150 255 183 0 46 192 252
    255 255 215 8 176 77 140 18 255 141 11 51 3 135 42 96 155 176 223 0
    0 31 245 159 0 57 0 0 255 56 0 255 23 0 186 132 115 70 115 0 225 255
    255 113 42 255 0 70 0 174 0 93 0 0 255 0 195 9 39 0 0 218 121 65 142
    117 0 255 255 123 79 167 0 27 119 48 115 62 0 255 0 17 0 165 0 255
    101 145 199 0 211 150 75 0 0 58 168 0 215 153 169 0 0 237 11 162 226
    26 255 255 255 202 255 0 255 103 111 255 137 130 0 255 228 0 0 165 0
    203 3 0 255 255 242 255 144 153 228 150 104 255 255 0 180 131 0 106
    51 1 0 43 38 255 60 255 16 130 109 197 255 1 255 77 255 37 14 188 7
    60 0 181 81 0 0 231 116 36 0 253 0 157 121 43 62 200 0 255 23 255
    142 133 0 245 90 170 0 60 255 21 8 255 0 52 67 255 159 64 119 244 0
    18 0 255 131 0 0 67 195 255 0 0 146 64 160 0 0 238 255 255 255 199
    149 50 11 56 254 166 0 193 85 0 0 65 155 255 51 255 82 46 253 133
    255 201 45 255 48 253 204 37 17 49 94 0 0 77 61 0 44 236 110 255 0
    17 255 222 0 0 158 161 202 18 32 62 15 255 255 158 0 255 173 0 0 0 0
    0 49 168 61 3 255 214 91 189 255 142 42 207 180 101 0 255 165 0 112
    221 228 42 80 0 255 25 76 0 0 255 79 151 0 85 184 160 60 254 255 108
    18 255 0 194 161 103 10 85 212 255 66 252 226 0 21 58 119 241 49 175
    109 180 255 0 255 255 255 76 40 255 255 54 47 0 145 107 97 0 116 0
    255 0 104 255 0 255 0 162 200 53 255 93 168 255 255 0 248 30 137 0 0
    200 10 0 255 0 72 28 137 241 33 228 23 238 233 255 0 167 207 11 255
    253 101 219 255 67 196 209 0 160 0 204 0 129 166 50 255 119 0 255 0
    34 255 224 17 255 3 115 0 0 61 0 148 255 255 0 255 188 172 205 232
    255 0 0 255 0 216 211 50 255 2 255 152 227 20 0 142 255 0 0 181 255
    116 191 234 155 21 131 225 0 152 0 155 8 0 255 202 255 6 41 247 50 0
    70 255 162 255 16 221 0 12 211 44 195 213 255 0 165 255 249 252 255
    68 203 45 186 255 60 8 183 255 165 144 200 58 255 179 143 249 202
    225 255 161 255 247 0 2 140 48 0 255 0 77 0 0 255 178 125 14 0 255 0
    116 0 176 119 0 252 255 36 255 219 0 255 57 72 0 0 43 0 163 246 159
    129 255 115 255 92 0 255 87 0 232 56 183 0 43 25 255 100 164 46 255
    186 75 12 255 117 0 142 0 187 0 111 36 114 138 0 149 255 246 255 0
    255 170 0 131 0 62 53 37 227 192 217 0 255 6 255 105 38 115 255 47
    135 196 105 255 82 0 35 248 139 168 0 254 79 7 166 100 108 150 255
    125 255 1 205 255 255 255 174 255 0 19 100 0 202 0 3 76 219 30 130
    85 11 255 255 78 19 52 53 185 141 255 31 141 155 105 224 255 238 27
    0 56 212 228 40 216 0 222 249 15 0 1 237 198 0 242 225 255 27 255
    255 121 0 255 225 0 144 192 27 0 66 0 255 206 0 87 81 226 78 235 29
    94 127 0 172 0 0 181 242 0 63 31 84 255 123 68 0 77 255 0 0 122 63
    205 31 15 7 166 255 8 0 255 255 0 133 83 255 222 105 179 15 28 110 0
    0 90 0 255 96 167 255 255 173 77 255 0 255 201 40 192 0 255 223 136
    111 178 143 255 0 192 142 157 255 217 255 188 6 255 78 198 255 141
    140 150 233 0 11 180 0 70 196 0 199 21 255 58 255 0 221 11 79 206
    255 0 87 255 196 113 52 144 255 254 138 66 12 255 20 255 198 255 247
    195 255 255 250 79 125 14 146 255 119 132 255 0 13 100 46 227 0 63
    245 255 60 0 166 250 63 12 85 75 0 184 128 208 138 37 255 8 223 0
    233 176 229 79 255 88 248 100 255 185 0 0 255 153 78 131 105 186 62
    0 255 82 92 251 135 24 218 241 150 251 12 167 8 0 0 29 0 45 255 48
    106 118 255 134 255 0 182 0 126 28 0 5 255 255 158 160 202 34 0 0
    255 0 149 199 157 41 40 1 255 8 0 0 255 0 28 0 118 42 44 255 0 63
    255 148 247 142 37 255 220 0 165 255 248 0 14 227 0 9 0 195 18 255
    46 255 0 0 78 99 11 96 0 251 237 0 78 12 215 111 15 255 189 255 249
    91 249 255 21 158 216 95 0 124 0 0 164 0 240 229 0 255 117 255 125
    215 130 0 255 33 255 22 176 0 0 255 179 255 255 134 0 255 93 255 255
    164 255 35 0 255 136 138 149 6 235 0 0 0 109 153 61 186 255 210 17 0
    240 227 120 153 49 156 255 255 67 255 114 0 133 0 243 0 152 178 70
    129 18 101 0 142 1 0 111 255 255 0 27 112 220 232 154 89 255 156 237
    220 219 255 161 73 132 146 0 0 14 250 61 0 165 62 34 201 0 103 247 0
    0 61 0 178 179 0 255 11 155 192 15 0 255 183 154 101 0 199 50 180 78
    0 255 0 131 99 0 255 0 255 255 46 0 83 255 228 0 164 0 126 56 255
    251 226 255 122 93 207 0 245 255 62 45 218 222 227 102 137 214 199
    255 231 255 255 77 58 29 237 140 255 239 0 132 59 206 168 0 129 0 37
    255 0 255 0 45 12 161 50 143 241 209 0 191 94 99 0 0 193 209 255 33
    164 0 28 96 83 232 53 237 240 63 21 111 0 93 105 21 185 80 164 0 154
    232 178 50 0 0 43 228 255 0 166 254 122 50 242 138 0 19 18 255 0 123
    30 255 0 248 221 239 59 58 255 150 255 211 255 232 67 0 12 217 223
    190 141 202 255 27 16 10 205 0 51 236 21 130 29 239 255 0 190 0 186
    0 35 191 157 255 255 175 192 215 15 255 121 65 0 0 0 17 187 22 130 0
    215 0 240 43 126 255 20 144 135 255 213 79 255 171 34 64 180 255 255
    255 132 0 255 87 0 120 255 255 19 141 65 111 0 143 75 141 40 5 255
    252 230 16 237 49 244 9 255 10 127 61 0 255 13 243 0 0 0 201 50 255
    76 255 254 161 0 255 172 255 244 84 41 137 0 208 152 255 108 255 177
    216 91 101 46 25 0 83 182 67 134 255 255 167 0 0 224 6 210 216 0 128
    255 0 32 187 0 0 161 186 98 73 255 229 102 224 255 234 255 120 91 11
    22 0 40 206 95 255 233 235 255 11 228 196 8 255 0 179 255 48 255 231
    0 211 255 121 155 255 75 17 0 60 229 196 0 6 107 0 58 255 209 246
    208 133 214 195 81 21 33 234 214 63 213 12 224 255 144 255 97 165
    255 129 174 0 83 152 51 226 63 0 202 190 86 126 166 255 0 230 241
    137 0 6 135 238 219 100 211 195 0 159 255 0 255 255 249 0 40 255 0 0
    255 254 131 232 73 17 176 255 67 51 96 175 157 255 255 0 255 255 145
    128 255 242 176 200 255 152 0 0 210 156 155 51 255 234 0 129 0 0 62
    255 248 162 202 214 224 24 246 0 156 124 255 191 147 223 255 200 62
    156 255 250 0 49 255 169 5 255 180 255 255 255 236 241 255 201 173
    255 0 0 0 2 114 0 0 199 201 245 86 255 255 255 91 143 255 255 0 0
    132 0 19 255 67 0 211 136 56 25 219 86 206 255 134 255 19 9 70 91
    236 255 0 155 187 0 255 173 0 56 102 220 0 79 71 0 148 130 0 183 140
    255 137 221 236 245 129 148 255 19 152 255 255 116 166 218 20 225
    108 0 228 255 157 0 0 255 150 181 233 48 255 255 14 140 0 0 83 44 70
    68 53 255 21 237 90 0 255 0 183 214 22 191 0 56 106 44 17 47 255 255
    0 208 215 117 187 0 255 255 126 135 216 0 0 152 107 0 255 107 111
    255 30 24 229 219 190 0 157 48 230 37 191 85 0 40 118 66 154 125 254
    94 0 255 198 110 0 159 255 223 97 67 255 27 151 56 10 156 236 209 9
    192 221 148 63 255 81 218 0 255 99 255 180 244 0 0 71 102 255 78 20
    39 63 255 216 81 197 222 63 177 236 194 255 255 184 166 198 216 255
    58 118 183 242 128 255 0 255 255 0 98 83 234 55 121 0 255 0 4 163 58
    117 195 73 0 155 0 0 117 95 253 53 154 74 109 71 0 141 29 139 0 0
    126 103 41 50 0 255 0 210 109 255 255 105 5 255 0 219 1 255 255 0 0
    0 0 132 207 255 141 155 255 159 199 16 0 190 75 0 0 0 166 255 106
    255 0 255 0 255 49 255 0 121 255 0 0 213 206 76 160 46 136 206 0 14
    138 216 232 0 180 199 156 179 19 255 255 214 185 115 77 201 88 219 0
    133 255 196 227 145 143 206 217 4 255 6 0 255 0 71 0 0 16 0 178 74
    123 227 0 246 133 243 92 243 0 0 0 0 19 218 120 225 255 0 247 161 0
    255 36 88 104 141 170 242 112 186 255 0 180 255 36 0 44 28 0 195 157
    0 184 255 9 77 255 0 248 117 40 0 0 43 32 158 203 255 137 255 252 0
    0 251 255 0 193 6 255 25 0 136 83 255 232 113 195 191 0 197 0 212 0
    177 255 255 255 0 193 159 0 187 250 0 112 235 0 9 63 88 0 212 0 255
    85 61 13 186 85 230 217 145 181 91 79 122 156 255 255 0 213 111 255
    194 0 102 217 27 178 50 0 226 40 128 45 248 218 41 255 255 107 191
    94 103 30 113 223 220 0 24 156 133 0 167 68 0 128 56 96 97 107 0 255
    255 99 27 197 37 0 255 64 36 8 122 25 255 255 106 227 173 84 119 0 0
    47 255 0 255 255 255 255 18 0 108 31 111 255 255 255 255 136 255 123
    255 102 76 32 243 154 255 85 0 104 79 243 145 255 0 219 255 0 223 0
    254 41 137 175 255 207 255 201 255 255 171 123 0 255 194 0 100 214
    44 197 200 221 207 130 94 255 41 255 255 255 117 129 255 12 155 255
    255 227 0 233 0 39 48 255 74 20 255 228 0 15 0 255 255 0 255 255 224
    0 255 255 44 0 89 255 31 255 255 37 0 255 236 136 255 131 96 255 249
    246 242 255 251 104 0 199 0 215 134 15 95 154 222 184 149 1 120 0
    255 48 0 55 112 5 255 255 80 255 0 191 75 2 51 4 0 144 92 0 255 53
    80 175 53 0 255 255 0 223 9 199 255 0 47 0 217 205 0 255 169 54 0
    100 97 171 199 255 125 0 178 0 210 249 0 2 196 255 83 89 47 255 53
    120 50 249 49 228 39 34 0 255 0 141 30 0 0 0 211 255 155 255 158 255
    44 181 0 166 135 234 196 255 205 0 232 137 203 32 255 255 255 253
    169 255 177 255 107 9 0 0 0 255 100 200 98 0 255 0 255 226 231 158
    34 201 17 255 143 153 107 149 172 106 3 35 149 206 255 243 255 212
    190 255 0 198 0 255 147 151 48 21 149 230 255 211 255 255 210 255
    124 255 183 185 56 3 255 0 0 0 95 255 199 103 0 0 255 173 255 195
    255 0 143 18 0 136 154 161 148 0 255 255 0 154 221 255 135 0 125 255
    43 14 186 255 13 201 0 39 148 154 16 0 115 200 0 140 166 43 138 83 3
    255 236 255 79 173 109 50 255 255 238 255 0 255 212 150 210 255 163
    46 170 205 0 233 0 248 255 148 255 0 23 22 143 6 0 255 255 6 255 2
    180 135 197 255 208 50 173 153 190 255 110 22 0 178 0 255 179 183
    168 70 0 0 218 27 185 0 0 122 255 164 30 79 57 35 168 121 66 118 255
    211 0 255 0 119 109 6 101 3 0 255 102 19 237 67 164 199 30 255 113 0
    189 255 255 108 217 183 0 166 6 209 123 0 0 6 5 98 0 205 255 97 0
    237 137 255 110 190 223 193 35 130 0 201 162 255 0 229 0 211 0 53
    255 0 255 30 0 194 215 111 178 247 0 245 245 0 0 255 143 0 118 0 206
    15 0 78 52 252 230 18 146 255 53 0 238 255 0 0 93 0 0 0 81 255 29
    255 11 243 47 223 143 187 124 114 228 0 76 0 225 159 0 143 187 207
    166 59 0 0 0 85 255 193 158 255 84 255 251 203 216 168 0 212 48 96
    250 168 210 255 193 0 255 201 58 167 0 0 172 255 0 161 178 255 0 159
    99 127 67 255 212 0 0 225 235 0 99 255 0 232 213 255 168 252 208 235
    133 115 56 122 78 143 255 245 46 108 255 0 145 0 0 198 52 234 255
    255 61 0 72 0 229 9 107 207 242 238 0 7 253 0 62 191 1 0 161 117 0
    84 179 133 99 0 132 2 241 0 46 179 71 255 1 217 97 218 0 255 52 130
    133 186 0 98 253 171 255 138 222 0 255 0 0 188 93 86 0 0 164 255 0
    111 73 0 66 255 161 135 0 255 219 0 157 4 27 255 184 155 130 36 0
    253 183 72 255 239 255 27 236 246 0 144 236 250 32 233 124 77 89 139
    6 0 222 131 67 163 0 132 255 232 255 92 255 90 0 232 62 0 129 0 141
    140 0 228 24 75 255 124 116 114 39 219 228 71 255 35 183 0 205 255
    180 0 255 177 50 193 156 219 137 255 136 0 244 0 247 255 208 255 0
    212 84 74 139 255 198 255 86 141 0 9 0 0 255 195 9 255 255 44 171
    255 254 63 255 84 59 255 255 222 255 51 56 68 0 244 11 53 255 105 84
    0 113 0 29 0 0 13 255 0 127 205 189 11 200 180 55 255 228 11 255 198
    124 54 121 0 249 237 0 77 189 255 0 0 0 8 0 0 255 0 255 175 255 83
    177 64 254 255 145 0 0 91 255 89 15 248 189 63 250 14 39 0 0 20 0 0
    0 255 221 140 147 205 162 255 5 110 214 0 47 50 137 0 255 255 51 183
    255 67 0 0 8 73 49 0 0 255 149 0 255 255 187 0 132 0 255 139 0 235
    255 162 213 79 155 255 135 177 84 1 70 20 202 83 96 0 0 255 202 160
    21 122 0 230 36 101 78 83 211 96 0 255 0 126 164 255 113 164 122 11
    255 133 38 186 30 255 95 211 138 192 0 100 220 0 240 83 255 0 27 255
    192 112 153 179 255 255 2 195 222 228 9 157 176 241 0 173 19 50 255
    198 105 255 14 67 198 233 255 255 19 190 132 132 196 0 18 0 254 0 0
    33 0 255 0 0 30 213 27 0 255 255 117 0 151 0 255 250 255 0 167 177
    255 245 0 255 255 207 110 41 103 23 0 255 9 202 120 3 118 226 63 0 0
    123 60 0 153 38 178 243 255 160 255 26 157 255 179 0 217 30 13 227
    83 171 203 153 255 214 15 255 244 0 255 0 0 255 8 83 71 152 11 222
    111 255 255 255 71 107 255 39 84 0 225 0 255 137 0 92 0 116 251 255
    33 80 0 203 185 43 0 255 238 255 106 2 0 98 0 0 59 0 42 0 0 0 147
    215 138 29 61 255 228 255 32 149 1 255 255 255 255 47 255 45 149 192
    93 163 0 0 255 228 89 11 202 85 254 255 0 255 19 255 0 255 248 0 102
    203 163 0 255 49 193 255 0 59 142 6 114 159 0 255 13 255 255 0 16 5
    0 82 0 12 238 111 13 0 11 221 170 100 139 0 0 255 255 143 255 169 37
    100 0 239 102 3 255 255 255 50 120 131 142 211 96 197 255 71 233 0
    19 24 44 214 0 255 255 201 110 156 255 255 255 0 18 125 0 86 226 213
    192 255 86 115 242 77 234 195 138 151 151 124 0 255 1 255 255 255 99
    237 0 0 245 78 214 254 31 0 207 0 228 213 34 255 255 144 0 223 0 151
    183 0 215 230 0 224 72 255 255 229 43 148 154 188 255 255 194 232
    119 140 0 255 0 229 86 91 94 160 194 255 1 109 23 0 207 58 0 40 97
    138 0 120 196 127 0 255 30 250 0 231 114 110 91 113 255 255 55 235
    93 40 255 64 65 80 1 0 100 160 255 0 119 162 190 154 255 255 10 69
    255 157 118 180 133 255 255 6 255 129 0 6 255 0 255 137 0 139 0 30 0
    252 18 190 137 0 240 81 145 146 49 0 44 193 157 0 157 126 0 0 61 121
    190 123 183 98 46 0 0 0 163 255 212 42 255 255 201 255 106 29 218
    255 237 255 241 55 138 255 109 255 139 138 255 255 255 0 84 194 187
    0 255 97 54 127 0 255 212 255 204 60 71 255 152 26 109 255 211 0 250
    186 174 0 195 0 87 152 89 255 59 255 255 255 0 222 103 114 147 255
    141 188 117 255 255 255 118 0 255 135 158 85 255 181 255 124 92 255
    4 147 169 255 100 163 164 255 0 86 194 221 0 0 0 152 62 198 135 251
    177 0 255 226 232 148 207 147 199 234 99 255 226 53 68 0 146 191 0
    255 109 170 255 68 0 29 100 102 163 207 41 0 255 23 255 7 148 255
    255 165 18 38 0 0 50 241 54 153 255 149 150 136 71 255 0 63 255 23 0
    0 193 70 255 0 48 122 0 255 88 159 0 111 151 197 85 0 161 123 0 255
    0 255 255 100 153 15 37 209 219 0 219 0 0 255 0 222 86 0 255 70 76
    255 0 227 199 12 26 62 50 255 255 247 255 153 189 155 255 0 85 13 88
    181 229 160 97 255 188 207 255 189 0 0 75 139 0 0 0 16 0 62 65 255
    119 0 215 216 0 0 53 0 0 190 112 240 150 0 236 0 0 92 0 145 185 70
    15 22 255 180 255 255 253 146 255 131 0 2 56 84 0 157 255 39 255 35
    235 122 0 169 170 21 255 181 0 114 157 204 46 40 225 0 194 133 230
    255 0 0 140 25 215 255 208 110 255 0 218 28 173 51 154 0 0 46 91 87
    182 0 78 35 123 134 157 215 202 0 153 120 80 0 221 53 0 255 0 0 94
    255 107 135 31 137 114 122 7 0 81 142 127 3 167 9 223 0 0 45 253 230
    65 44 250 209 255 98 247 69 24 0 245 169 159 0 255 124 116 255 181
    175 92 76 81 0 239 19 1 4 60 176 255 31 140 195 255 255 255 242 229
    172 177 0 236 187 116 186 244 255 108 255 255 97 93 107 159 255 0 44
    6 255 0 182 43 42 255 101 104 145 121 0 46 232 207 44 39 34 60 142
    179 226 118 255 120 0 255 229 129 127 133 131 36 130 255 255 76 84
    125 130 255 249 255 255 255 226 0 0 65 0 0 241 134 47 84 0 221 0 255
    239 255 253 184 192 225 123 0 138 255 0 0 0 33 240 0 255 60 231 191
    0 176 205 92 199 255 0 0 219 44 47 22 222 67 111 74 90 112 120 191 0
    237 56 255 110 12 178 130 70 255 223 255 231 0 255 150 203 124 255
    36 255 228 65 183 0 255 178 247 255 110 43 0 139 255 0 255 94 244
    221 255 7 214 0 64 0 246 255 255 255 145 255 255 14 182 80 5 0 203
    74 42 52 255 176 253 197 0 36 64 52 32 110 0 223 71 0 14 171 255 1
    75 255 0 94 0 255 46 0 255 194 158 64 91 0 232 0 191 21 19 204 220
    100 139 111 255 220 24 62 41 255 255 138 188 255 255 0 255 162 0 39
    0 216 44 255 255 0 255 255 255 255 120 0 0 211 109 224 61 0 255 87
    138 255 48 204 73 79 241 190 66 205 126 249 0 214 104 235 209 106 0
    80 0 193 27 53 248 128 255 156 255 33 44 243 255 0 147 255 0 75 255
    255 0 127 8 200 67 164 87 255 255 253 0 211 0 0 0 0 255 95 86 11 107
    67 255 36 0 67 253 230 0 235 0 254 255 9 47 18 187 11 152 0 9 101
    186 255 255 255 197 162 84 255 60 255 255 188 38 0 237 0 229 94 0
    255 8 85 100 250 131 64 0 49 83 240 0 25 0 0 0 0 153 0 116 101 12
    209 255 0 83 51 255 31 198 0 9 94 226 255 92 148 247 255 0 255 255
    138 198 255 97 112 0 29 0 0 155 149 0 61 58 218 255 97 255 61 25 54
    230 124 1 46 0 225 0 255 255 179 255 255 170 78 7 61 111 255 255 5
    199 190 0 127 33 227 135 168 42 21 109 0 0 0 108 0 187 220 132 218
    135 255 255 0 24 184 3 170 61 239 255 57 0 80 165 255 61 194 0 10
    255 64 0 23 255 0 0 0 0 55 80 31 137 0 225 246 0 0 0 4 106 255 0 177
    0 72 0 146 230 93 199 48 3 6 255 255 255 7 0 7 165 179 111 0 0 136
    121 177 255 0 0 18 205 25 154 72 0 134 189 0 12 0 0 191 255 67 0 255
    117 255 255 28 243 228 229 255 13 193 254 255 75 25 14 255 79 46 228
    114 37 54 133 36 244 255 0 142 4 0 213 37 0 209 171 0 213 0 0 167
    251 254 188 255 188 239 255 255 26 39 255 104 0 132 37 68 187 255 81
    224 0 186 144 141 0 57 255 44 0 0 255 31 183 0 255 127 32 78 0 0 255
    217 255 218 142 255 97 255 255 255 249 44 36 255 255 19 0 255 0 0
    255 3 168 132 0 0 0 240 217 0 117 89 255 255 130 0 183 131 175 0 166
    240 201 255 1 255 245 107 0 18 255 253 0 0 0 93 173 220 178 97 116
    132 142 255 60 110 218 0 184 0 0 255 0 220 31 191 232 233 0 78 37 0
    255 40 162 84 29 139 165 0 90 255 28 170 255 22 0 133 255 7 205 0
    255 248 0 44 139 25 145 0 50 255 196 0 255 33 112 245 74 147 0 255
    23 58 200 108 60 134 224 203 241 105 71 53 121 23 255 234 223 98 141
    0 0 40 255 0 55 0 20 96 44 67 0 229 255 225 128 0 255 255 174 26 91
    0 0 120 255 138 239 162 255 64 255 255 204 229 235 255 144 125 255
    184 0 0 20 204 212 41 0 107 60 152 0 142 184 81 216 251 54 255 0 0
    19 120 216 128 206 201 0 0 171 241 16 21 0 0 255 79 232 204 138 0
    130 121 0 0 25 0 129 0 0 63 0 73 40 202 255 159 91 0 122 61 255 0
    255 83 92 0 74 0 237 0 145 139 0 255 219 0 134 213 210 103 34 255
    255 255 255 180 255 204 84 224 181 255 116 218 212 0 128 11 255 28
    163 4 255 116 0 50 0 149 69 241 245 255 228 51 0 223 0 12 104 43 97
    193 255 251 255 255 222 255 147 32 81 3 255 163 126 77 255 248 255
    181 39 0 232 112 0 255 139 37 212 55 255 146 228 55 255 154 255 255
    89 92 255 0 119 108 23 0 4 236 0 107 83 0 0 255 231 76 255 48 203
    210 255 155 69 108 217 35 0 68 16 238 101 164 219 179 16 255 146 0 0
    255 0 27 35 86 0 0 94 255 219 224 188 255 44 210 255 105 153 255 0
    32 126 127 232 255 104 224 102 146 58 59 255 21 0 255 0 255 128 206
    255 62 94 172 230 35 144 136 130 255 80 54 159 255 113 38 255 2 199
    103 222 0 0 86 17 255 255 90 44 255 7 0 1 130 53 180 255 159 133 255
    3 0 115 66 9 0 220 90 93 103 3 26 135 126 4 147 134 183 23 58 132
    174 168 110 10 198 0 8 255 255 56 118 211 92 134 130 232 255 255 255
    26 255 255 200 0 255 138 104 255 0 0 5 255 127 199 119 243 0 11 255
    221 159 255 188 56 255 138 117 0 238 23 0 255 125 2 46 250 57 149
    213 176 101 72 255 255 124 34 222 18 0 245 179 255 93 238 251 211
    255 225 255 255 223 217 103 0 255 143 255 36 0 255 125 0 18 29 0 191
    255 119 184 0 255 128 99 197 255 128 255 185 78 132 0 255 0 65 196 0
    224 205 222 164 1 106 207 199 255 255 98 0 168 0 0 55 104 152 220
    255 5 158 253 48 94 182 238 65 182 89 0 255 79 221 90 72 23 41 255
    72 73 222 255 255 37 239 0 255 174 0 41 255 124 154 234 255 128 0
    219 96 22 152 145 72 255 255 170 255 144 255 255 241 255 184 207 241
    23 112 0 232 62 177 203 67 54 255 41 255 210 0 43 255 158 0 245 255
    255 0 93 133 255 110 22 81 89 239 0 28 255 255 183 255 191 0 255 30
    24 111 196 89 251 255 121 0 84 234 0 238 255 255 0 255 176 52 96 76
    248 98 242 110 43 125 255 192 0 3 255 0 255 149 21 255 200 5 255 8
    127 250 0 0 255 5 0 191 0 200 255 147 162 255 0 97 122 3 19 255 171
    204 9 18 0 188 166 255 55 0 80 129 196 0 55 40 246 0 106 26 200 255
    0 255 147 251 255 160 0 92 18 237 0 124 0 0 131 171 111 185 0 75 253
    246 0 152 0 255 249 84 0 255 127 199 255 132 255 172 142 224 18 5
    228 255 255 131 154 22 225 0 97 180 255 227 238 255 255 0 75 135 12
    241 0 52 129 70 255 46 0 255 177 0 251 255 0 0 118 190 138 46 152
    174 0 0 255 102 255 147 244 2 24 255 255 45 185 232 112 0 255 70 0 0
    0 160 255 134 0 0 180 0 255 198 0 180 255 128 171 255 32 255 111 252
    255 0 44 27 162 18 255 255 0 100 151 0 70 143 70 41 176 0 255 27 105
    0 1 255 183 255 245 255 196 220 5 238 144 123 168 189 0 255 123 110
    187 69 177 162 42 112 199 189 200 156 18 240 255 170 0 0 216 130 0 0
    255 0 255 112 0 255 207 170 255 197 81 241 56 0 0 0 0 247 238 38 172
    191 248 88 162 170 153 0 130 238 200 214 248 0 153 0 200 117 124 59
    107 13 255 0 184 0 11 255 255 41 80 86 213 39 0 255 255 227 22 223
    117 255 24 33 149 86 227 223 255 110 250 0 242 116 194 109 0 145 234
    255 11 255 219 255 174 0 255 203 102 255 0 37 158 0 0 0 69 0 146 67
    219 0 255 173 94 90 0 98 0 255 255 255 255 255 231 222 13 255 136 45
    0 0 35 255 224 0 145 44 54 108 144 170 85 143 198 203 0 73 255 63 80
    54 215 0 150 167 254 21 161 172 255 255 222 255 92 97 7 235 255 14
    255 47 190 238 255 0 186 49 0 1 255 40 0 104 27 6 254 255 255 0 122
    45 49 0 0 0 20 42 239 221 255 0 131 141 156 178 228 119 12 0 68 184
    0 84 0 0 29 255 255 191 243 104 255 83 203 0 47 248 116 84 0 0 0 1
    127 152 255 166 0 0 206 53 224 204 54 20 0 194 236 255 148 249 123
    255 255 44 0 113 0 55 217 228 255 163 255 115 253 0 0 132 234 46 34
    189 255 0 0 199 255 70 49 255 253 0 255 0 3 0 255 91 30 43 154 230
    255 255 255 0 0 75 208 227 255 211 0 255 90 44 219 0 255 255 228 8
    255 9 0 230 2 6 178 139 167 218 0 255 52 159 255 196 110 0 19 0 116
    128 146 19 0 255 125 0 132 62 0 45 157 198 0 116 211 154 176 38 172
    0 155 255 255 0 40 108 126 252 86 255 211 139 255 181 93 116 235 224
    105 55 0 29 77 0 88 189 142 0 255 85 52 255 124 36 0 103 57 169 10
    255 175 178 0 234 58 0 106 186 103 255 255 88 0 180 227 255 117 0 7
    255 0 0 129 46 0 255 255 0 37 255 255 33 248 181 218 0 171 252 193
    171 0 255 0 80 112 221 23 0 71 119 7 128 255 0 204 255 0 84 0 199 8
    133 255 0 0 0 0 166 255 213 255 254 0 6 208 126 255 28 73 78 189 10
    108 255 145 255 38 255 104 0 233 0 255 0 255 245 94 217 131 78 186
    195 177 18 197 145 182 61 255 27 255 0 166 255 106 0 255 0 196 18
    255 255 142 0 174 0 255 0 0 255 0 234 217 40 65 33 188 203 34 255
    172 44 0 156 58 8 162 26 32 0 209 0 227 255 0 180 194 255 168 150 45
    7 240 62 47 0 44 237 250 50 255 255 26 39 93 58 198 57 46 58 182 141
    0 0 190 255 157 188 186 27 81 63 63 90 91 87 59 255 36 104 167 205 6
    0 224 101 236 255 149 0 104 237 97 34 85 57 221 112 197 29 155 82 0
    140 255 15 0 255 193 79 0 162 255 0 214 0 0 201 145 0 83 169 255 120
    0 255 0 0 240 103 165 19 80 0 255 187 217 255 220 0 155 202 0 9 53
    255 0 181 0 0 10 216 255 130 255 216 0 0 139 255 214 164 255 132 0
    240 137 250 188 106 40 109 135 255 0 21 255 1 56 255 255 0 241 0 219
    95 225 29 0 255 6 0 61 0 255 235 0 155 3 109 255 255 0 13 222 60 130
    175 255 149 254 239 255 243 255 0 175 86 70 23 0 0 237 172 139 115
    255 0 39 255 73 154 218 0 100 143 0 201 195 64 200 169 0 48 7 0 101
    255 104 53 104 216 255 221 0 61 0 24 0 0 0 0 242 0 40 13 215 186 0
    118 0 82 0 225 255 255 103 203 184 241 72 255 181 212 201 17 255 110
    0 60 46 255 0 185 255 255 199 11 255 142 0 41 173 0 28 106 127 34 0
    79 119 185 205 0 236 249 205 0 245 255 70 22 201 178 250 0 0 96 255
    170 192 144 73 255 225 255 181 255 152 56 140 255 105 1 91 110 0 0
    235 22 188 156 255 122 114 102 0 166 80 31 255 177 255 101 205 0 104
    105 12 0 150 196 204 255 146 255 0 255 89 131 41 255 34 135 245 243
    0 241 0 13 116 255 255 16 190 0 255 0 129 255 0 255 255 74 135 255
    255 93 192 255 161 108 162 85 12 236 168 255 67 64 117 232 222 255
    255 0 180 237 105 141 200 6 180 85 214 255 255 255 80 52 86 255 0
    185 94 255 255 246 116 81 13 9 0 0 136 255 0 112 145 84 0 231 0 149
    0 187 255 0 147 137 12 255 0 0 109 255 0 197 208 195 0 255 0 136 11
    50 255 195 71 125 124 129 0 255 255 246 1 255 255 169 62 86 199 56
    236 255 0 255 17 254 244 189 255 52 31 231 176 0 0 68 22 127 145 180
    0 255 142 133 18 182 255 28 209 81 255 217 61 206 16 255 3 255 171 0
    255 255 137 0 176 255 0 255 44 4 138 102 9 0 0 11 95 8 227 53 248
    126 150 87 45 26 255 81 86 9 65 151 0 0 255 140 179 245 255 185 191
    126 64 189 222 7 0 114 245 255 255 120 255 255 6 0 77 147 0 0 103 92
    53 27 128 111 163 189 0 248 64 0 43 255 0 94 203 0 72 56 0 107 155
    121 114 235 144 0 0 91 255 61 194 255 50 135 255 0 216 82 255 255 0
    184 0 148 92 0 255 0 247 55 93 124 0 10 0 0 130 14 56 27 0 159 26 11
    181 0 255 0 219 255 0 70 0 140 40 255 171 185 255 255 0 0 240 0 66
    152 165 176 149 26 34 63 202 32 187 104 206 84 255 132 32 40 4 0 113
    6 0 21 86 228 203 242 12 0 242 0 155 233 129 17 0 255 215 58 0 118
    255 231 164 0 123 0 179 0 126 255 88 255 113 0 78 155 230 122 203 48
    0 5 198 14 116 219 235 0 126 246 255 86 210 255 0 145 72 0 95 42 180
    0 35 140 54 255 76 135 0 111 139 0 255 136 255 65 255 223 33 130 162
    0 48 255 86 5 190 255 44 201 209 221 153 13 255 101 255 0 255 0 0
    219 56 0 154 35 0 0 88 0 0 222 255 0 21 0 157 0 0 255 53 21 211 0 89
    0 255 124 85 255 0 215 67 238 0 255 36 55 255 145 185 240 220 0 28
    174 101 0 234 213 143 110 224 199 255 0 55 0 255 109 178 224 102 16
    0 111 43 80 116 253 0 0 99 255 97 0 255 0 191 0 255 179 158 180 248
    0 0 55 41 0 255 0 255 230 124 52 0 255 206 203 34 255 0 89 255 13 32
    60 28 111 74 255 255 255 151 0 148 87 204 85 0 193 32 255 210 73 227
    145 189 167 0 87 108 85 0 117 197 91 255 0 255 21 255 185 112 255 88
    234 180 255 0 0 0 19 146 212 255 103 146 255 232 0 108 255 238 206
    152 255 130 88 211 114 129 203 30 35 0 146 255 255 241 0 84 255 55
    69 132 91 9 187 179 106 112 251 218 0 225 0 0 229 0 147 176 48 241 0
    0 154 103 184 102 255 12 80 48 2 255 26 255 234 123 255 255 255 53
    255 121 0 255 5 155 255 255 152 255 68 85 248 0 76 241 255 24 47 83
    0 177 212 152 23 97 0 102 188 255 109 200 152 83 29 95 255 179 209
    41 29 0 55 0 0 101 255 255 0 255 0 181 49 255 255 0 0 238 109 0 0 0
    163 106 188 64 255 104 155 255 240 243 255 181 155 0 2 0 132 0 131
    141 255 255 255 213 101 0 142 0 36 255 180 255 33 245 23 7 202 149
    201 25 164 7 132 107 216 0 255 214 66 200 228 194 0 252 0 121 250
    114 255 255 101 255 204 140 91 84 238 255 0 15 217 131 40 51 77 255
    0 255 251 211 255 8 237 232 68 0 0 0 87 160 122 69 255 0 211 185 48
    244 0 221 0 255 159 193 64 36 154 30 91 0 102 0 88 58 255 237 199
    251 13 207 210 255 0 52 67 43 255 40 0 92 0 165 0 181 165 188 126
    157 87 47 85 84 49 255 0 14 255 100 29 204 0 255 255 255 193 217 255
    179 25 172 76 87 21 255 0 25 159 206 181 243 235 255 96 255 255 105
    26 255 217 0 0 202 158 108 168 0 179 255 46 57 255 145 191 143 2 126
    141 9 32 16 0 3 78 11 0 0 195 231 188 32 255 255 254 49 120 211 255
    162 255 0 10 31 8 241 154 46 0 255 0 0 135 46 3 105 255 213 65 255
    220 8 118 198 101 0 255 0 0 0 100 255 166 61 57 236 34 0 68 0 146
    244 77 255 246 182 214 49 59 0 14 255 65 233 198 0 187 255 78 0 122
    0 0 0 178 0 0 0 214 255 146 0 0 255 110 0 89 37 206 0 255 108 0 163
    255 37 83 0 255 133 154 183 169 255 25 30 120 0 90 255 234 136 109
    20 114 68 61 197 156 108 0 76 255 0 0 201 29 172 0 54 255 255 0 120
    255 193 0 255 107 0 65 185 0 0 212 181 255 255 38 187 215 0 0 216
    141 225 219 189 138 57 61 107 152 189 0 103 194 81 14 6 147 255 28
    21 86 255 0 0 255 255 255 225 0 255 255 1 18 5 255 0 247 182 255 232
    175 255 5 91 98 116 0 188 105 111 0 0 52 159 0 81 255 158 255 183
    159 255 218 35 132 192 142 254 249 14 12 168 107 0 120 127 32 192
    208 255 132 255 255 144 8 0 113 0 193 255 218 12 201 49 238 36 193 0
    255 255 0 0 57 255 0 155 252 176 0 255 190 120 255 0 93 255 0 0 179
    218 200 0 223 242 0 198 227 255 255 255 16 30 173 235 211 208 161 0
    93 145 186 255 84 105 110 135 0 31 255 184 77 155 255 247 66 255 109
    177 127 0 52 61 89 0 142 145 158 114 0 66 59 0 37 86 192 74 0 255 0
    232 166 226 255 0 31 197 0 255 165 230 251 207 255 162 175 255 165 0
    92 255 145 8 217 163 0 0 185 255 173 253 163 252 89 177 112 164 210
    253 37 14 177 0 255 237 217 44 217 160 232 245 14 70 191 132 122 156
    37 181 125 255 0 98 0 36 217 255 13 255 186 139 132 208 147 0 220 90
    242 105 178 196 255 194 0 104 136 146 209 0 255 0 212 23 0 50 151 75
    255 255 255 22 0 255 219 97 59 0 223 0 116 83 85 24 100 255 0 129 99
    70 48 177 255 43 0 151 133 3 12 0 110 0 5 70 138 211 255 131 255 43
    15 0 224 5 0 0 0 0 24 183 255 53 0 135 97 153 0 255 85 163 191 173
    206 255 76 58 255 74 230 106 230 255 238 95 255 86 36 236 143 124
    101 73 255 190 0 0 255 15 147 255 0 69 62 0 165 157 14 255 152 105 0
    95 173 0 38 217 0 0 0 0 255 255 255 239 48 243 0 31 232 255 0 0 255
    255 255 147 179 133 255 0 255 230 77 188 232 117 255 148 64 68 175 5
    133 0 129 136 255 180 60 237 255 240 0 176 247 119 10 73 1 108 255
    168 232 18 22 240 157 46 173 253 7 172 122 190 196 136 0 49 136 196
    42 87 128 0 0 255 152 5 255 0 47 80 46 204 71 228 0 138 255 254 142
    153 255 197 102 255 138 118 255 70 255 0 0 114 0 255 157 71 236 218
    206 255 76 48 45 255 0 113 255 119 141 0 0 255 0 113 210 92 120 0
    255 70 153 210 187 0 25 224 0 255 0 255 73 0 243 0 230 255 192 33 0
    245 0 25 62 48 76 255 54 68 3 70 0 208 0 42 255 121 197 255 0 242
    110 96 84 255 212 218 252 255 0 70 128 255 42 0 92 180 56 61 81 0
    255 56 254 13 236 255 0 213 38 90 221 33 170 0 255 19 159 119 222 92
    37 0 202 152 69 0 102 178 85 171 255 27 255 93 0 94 133 255 255 8 8
    255 0 105 255 67 255 31 0 255 29 0 250 218 0 0 0 245 0 226 255 255 0
    121 255 219 0 255 76 255 255 153 67 188 197 218 17 255 0 255 255 37
    218 180 228 255 250 235 233 32 228 17 51 86 186 102 152 99 255 0 218
    214 170 91 40 94 255 51 199 213 0 255 255 54 0 81 77 74 255 67 0 0
    44 0 168 73 195 0 0 11 2 68 255 110 235 195 0 228 0 233 15 239 255
    144 0 255 203 178 106 56 6 60 0 215 237 126 255 153 0 255 104 0 126
    255 76 255 154 88 74 180 206 61 97 0 246 0 191 89 0 255 157 0 207
    202 130 175 87 71 194 0 220 241 103 0 0 92 12 0 84 207 0 202 255 144
    255 0 86 214 138 32 0 176 0 255 87 211 0 255 255 191 238 91 91 251
    255 15 0 14 123 236 177 23 255 4 230 230 0 251 35 238 207 73 255 130
    171 182 228 226 255 149 77 125 0 31 0 0 74 180 165 92 0 255 174 17 0
    137 198 255 255 246 68 42 187 128 255 41 242 0 32 0 56 127 0 255 0
    255 214 0 130 183 255 47 196 156 0 7 0 216 160 136 169 0 255 255 60
    255 173 230 255 0 0 255 255 250 219 255 118 159 255 255 43 145 0 255
    181 0 0 0 130 86 0 165 83 0 183 14 38 65 0 82 0 255 61 126 167 0 255
    45 176 255 233 158 208 160 0 255 0 130 163 0 228 11 115 73 2 123 0
    255 204 0 250 0 5 29 255 108 42 156 255 179 115 255 50 0 148 148 8 0
    255 166 255 255 0 250 0 240 148 74 255 27 136 161 174 255 58 243 0
    21 162 21 40 83 255 255 50 175 255 246 4 80 109 0 10 0 0 40 95 255
    49 242 0 248 255 100 160 0 255 4 255 239 63 255 133 0 255 0 0 0 246
    0 0 155 184 98 255 66 35 96 255 255 50 89 84 39 255 106 233 78 87 0
    77 84 28 236 182 137 167 160 176 65 255 228 0 255 117 255 0 255 127
    210 152 201 15 223 19 0 8 55 201 255 125 0 255 0 11 209 0 154 20 255
    243 13 0 13 235 0 255 140 152 9 0 255 38 180 110 176 251 112 0 0 74
    122 174 0 189 0 114 0 0 255 156 144 146 151 255 255 0 0 254 236 218
    0 144 118 0 255 232 158 5 86 0 3 0 173 0 228 187 255 15 60 85 195
    255 0 164 168 119 255 111 76 26 202 236 0 0 197 29 0 255 158 113 0 0
    216 230 0 0 105 130 102 204 63 10 255 31 65 0 0 255 0 0 71 41 0 159
    14 199 255 40 209 153 146 231 109 217 211 142 34 42 9 255 255 159 13
    255 255 102 35 255 0 0 0 231 159 118 72 140 0 193 0 64 91 170 255
    255 30 200 209 77 255 0 143 0 114 188 190 0 195 79 138 227 191 0 0 0
    53 119 0 0 0 112 230 18 255 247 181 0 230 64 19 1 119 255 112 52 74
    91 233 197 191 242 124 89 255 216 244 95 207 249 186 161 0 42 94 255
    255 66 8 0 165 35 74 128 231 255 255 10 233 0 77 20 0 121 255 245 62
    0 161 255 231 0 255 4 254 167 85 95 0 22 255 0 248 255 255 138 104
    103 235 42 44 168 161 0 61 201 0 237 114 170 255 255 175 0 167 0 255
    35 248 83 240 255 0 255 0 255 208 2 0 255 239 0 60 149 0 0 68 87 36
    0 82 0 0 93 92 255 173 229 255 108 228 0 83 14 255 255 0 255 255 9
    56 255 193 6 159 151 220 104 51 198 0 129 213 196 0 255 0 141 0 156
    0 0 0 122 146 84 153 218 0 176 5 237 255 0 255 246 78 196 83 154 16
    255 206 0 14 255 155 115 6 14 121 32 255 100 219 32 255 105 255 163
    255 255 85 0 83 177 146 61 250 54 255 69 0 167 196 255 191 105 88
    160 229 241 109 235 75 75 170 151 0 244 227 194 255 53 75 187 86 227
    255 255 0 93 0 175 90 146 205 69 5 44 255 154 69 28 255 127 0 69 125
    23 149 255 189 255 255 141 178 255 97 243 255 197 162 185 168 110 0
    3 255 255 255 0 131 135 156 36 225 0 235 107 210 226 255 47 233 31
    203 230 180 0 255 0 12 8 78 180 122 255 18 41 87 108 255 103 33 202
    255 37 196 35 81 0 247 255 255 0 255 203 201 255 0 78 0 0 82 93 230
    0 27 255 228 35 255 255 255 0 87 255 33 0 217 55 229 158 172 52 16
    31 0 255 255 0 162 212 32 72 0 0 103 0 208 0 8 197 0 43 10 197 103
    19 255 255 0 179 39 41 246 255 230 233 0 111 0 219 200 190 119 141 0
    214 0 0 149 176 0 104 255 161 0 0 218 18 99 255 195 173 173 20 149 5
    104 160 0 230 113 0 5 112 250 255 212 155 183 74 29 217 86 0 186 203
    49 55 19 38 0 0 148 255 141 172 255 255 255 0 77 0 170 0 0 37 255
    162 92 255 255 255 100 230 122 250 255 0 255 0 0 108 112 82 237 128
    237 255 2 73 20 0 71 255 0 125 230 255 134 0 69 255 0 0 173 219 0 12
    182 140 49 0 107 241 255 0 100 94 101 109 213 93 242 246 0 46 0 255
    104 23 255 167 27 84 255 16 219 3 19 211 255 196 185 0 158 254 60
    255 0 72 253 115 4 228 21 76 184 255 233 238 255 1 255 129 64 255
    166 134 223 73 0 117 0 191 181 0 254 0 158 254 0 0 215 0 0 190 0 255
    155 12 155 0 11 0 0 171 241 16 195 0 13 162 200 255 244 200 0 55 245
    255 0 255 185 255 115 78 0 202 14 168 24 104 236 24 0 255 25 81 255
    3 166 255 4 0 96 165 255 255 44 157 102 122 255 97 0 185 250 255 35
    0 255 114 222 157 84 121 179 128 54 179 121 251 20 202 23 164 0 255
    255 255 135 169 52 98 131 0 70 170 81 255 0 194 46 0 207 151 241 255
    124 235 44 74 0 255 0 0 255 63 114 28 255 218 211 160 0 217 28 255
    255 143 38 218 186 45 55 82 104 255 255 65 105 255 255 0 241 255 0
    193 16 89 110 255 251 255 174 162 0 72 168 255 188 177 255 59 255
    173 194 227 41 178 172 238 202 111 255 0 0 112 7 0 255 0 81 0 41 255
    16 247 0 163 36 0 206 255 2 255 0 0 94 0 191 190 0 255 56 184 210
    231 255 0 158 217 255 126 83 0 178 250 255 0 255 255 237 0 255 192
    53 199 177 168 0 99 157 45 255 0 61 10 255 255 127 255 255 0 119 54
    0 161 0 146 0 0 193 0 155 126 255 133 0 167 188 161 88 255 255 130 0
    60 81 141 107 0 249 195 201 73 45 0 229 86 0 253 231 0 224 255 0 255
    255 140 44 187 255 0 178 255 45 8 251 158 0 242 168 67 34 101 0 255
    58 99 0 155 89 55 0 215 125 71 203 189 255 255 0 255 11 0 55 0 157
    88 255 134 0 10 251 255 102 111 12 0 255 86 255 213 0 218 55 108 173
    227 255 0 255 159 0 163 187 0 176 9 255 139 229 5 160 92 70 242 118
    0 255 92 67 26 0 255 0 0 0 255 91 141 255 4 110 190 204 42 112 246
    255 255 102 104 255 52 179 121 255 164 181 124 30 94 126 75 227 69
    255 38 179 0 19 221 74 166 0 0 38 134 161 255 194 255 255 255 255
    113 179 236 155 0 10 255 57 232 42 138 255 23 0 255 35 0 255 32 56 0
    17 81 0 78 36 0 0 185 255 70 10 0 255 0 142 0 169 153 180 253 42 255
    0 0 255 255 14 156 255 23 81 255 27 0 255 202 121 29 128 237 138 208
    0 75 40 206 75 133 255 98 209 245 2 255 255 255 147 179 67 7 158 234
    44 0 255 121 52 58 206 255 204 200 255 0 255 131 154 238 139 48 80
    81 0 255 180 255 188 170 0 255 159 55 221 0 155 103 66 0 255 213 109
    255 226 255 111 0 247 59 1 170 253 3 144 0 186 251 222 255 30 255 65
    30 191 90 206 0 200 86 210 1 0 107 255 144 255 0 133 3 0 20 255 253
    255 65 155 153 219 255 0 255 127 0 192 0 0 255 255 158 112 163 255
    145 255 0 210 255 8 196 192 8 255 255 39 92 167 61 123 199 157 95 0
    255 142 255 225 37 30 255 37 0 48 186 255 217 255 154 0 0 230 255 21
    182 65 144 255 60 149 25 183 139 103 0 131 193 59 167 135 255 255
    255 255 0 0 255 24 255 235 244 0 214 158 0 77 125 168 0 0 43 113 156
    180 0 249 234 255 29 95 59 255 220 255 230 74 118 33 55 237 255 5 0
    255 75 0 88 255 117 135 255 0 105 157 0 62 0 73 74 0 0 0 0 250 215
    64 149 0 120 230 123 2 255 81 95 255 255 92 255 0 9 187 255 92 140
    255 0 163 0 215 255 245 133 159 0 162 245 0 67 255 0 198 255 103 0
    156 0 219 37 255 75 70 80 255 255 141 40 111 228 4 209 21 0 63 0 0
    190 58 106 211 255 255 87 76 255 255 232 236 255 192 255 255 123 62
    255 8 184 255 255 102 106 159 255 2 234 249 230 203 58 232 14 35 218
    255 28 255 255 255 255 128 115 0 4 132 127 217 0 162 123 153 95 255
    145 18 0 203 0 217 101 255 104 255 255 209 139 255 228 0 255 172 171
    87 255 133 25 203 237 0 132 22 186 63 255 85 0 0 255 212 45 179 83
    171 210 150 255 255 208 90 0 0 0 134 98 0 94 0 144 126 255 28 127
    255 255 220 136 0 27 0 0 155 173 184 94 161 255 13 51 169 180 211 39
    212 67 217 195 50 140 139 43 255 211 0 76 0 164 0 12 255 0 255 15
    255 255 181 255 255 38 0 255 139 0 112 104 255 132 255 145 113 255 7
    196 130 108 168 155 0 255 0 15 187 255 61 92 126 154 125 175 145 52
    187 47 255 6 255 150 247 78 80 89 2 255 255 102 99 255 255 255 155
    255 255 27 51 63 143 53 255 77 251 0 63 19 74 187 255 180 140 234
    255 153 0 110 126 207 255 180 12 255 172 255 174 255 255 255 144 227
    239 189 93 255 0 33 101 168 114 130 255 15 109 151 21 255 112 248 0
    134 34 47 32 3 255 21 230 127 241 70 169 176 0 0 0 88 118 196 255
    146 120 78 255 82 255 140 37 255 255 255 15 183 121 235 152 174 255
    228 196 5 166 173 0 225 0 255 203 10 133 148 37 255 0 93 43 0 255 0
    120 0 255 68 118 255 255 255 0 90 233 101 3 11 23 0 74 112 255 0 224
    0 110 240 138 134 104 172 222 67 255 255 102 252 169 255 150 238 138
    168 253 8 8 0 67 255 0 205 248 0 136 255 84 252 0 31 5 181 171 197
    93 255 255 0 165 255 0 255 52 80 138 169 239 67 0 0 154 18 110 0 13
    144 168 224 0 255 111 94 143 143 50 206 109 79 255 227 101 117 1 18
    55 255 255 255 15 198 127 177 165 175 180 55 163 0 200 255 215 194
    41 59 0 0 255 42 76 197 119 0 1 36 11 208 0 97 58 222 92 18 176 16
    255 3 4 255 42 0 177 45 141 15 157 95 255 85 207 59 252 255 129 0
    112 0 255 187 0 29 221 118 89 208 98 39 255 255 216 0 75 46 230 0
    235 255 229 125 159 13 162 89 0 71 227 3 255 255 255 255 4 255 0 127
    116 0 185 0 24 138 0 26 212 0 0 255 162 148 146 229 135 104 0 156 25
    138 255 255 146 58 149 241 69 110 178 255 0 0 13 255 0 63 67 29 255
    88 0 255 121 88 255 0 232 39 0 79 211 231 0 255 255 208 101 0 0 73
    53 255 164 255 164 91 193 99 15 47 93 255 171 0 5 30 229 255 255 114
    255 0 246 0 125 143 89 255 113 234 227 30 52 150 19 215 208 237 46
    64 83 255 153 242 34 31 157 255 182 255 255 80 0 0 0 145 0 143 0 99
    56 134 1 0 228 0 121 102 125 171 59 134 253 255 255 243 255 98 255
    115 207 21 0 46 146 0 209 143 221 183 36 59 44 255 238 0 168 133 242
    223 223 213 165 238 208 76 255 140 0 137 255 140 19 112 141 0 103 10
    0 0 128 255 255 23 188 0 124 0 183 18 188 104 10 103 0 255 255 255
    241 119 156 0 0 0 196 251 99 28 255 207 0 190 0 255 203 231 255 255
    0 0 70 0 255 255 0 255 165 255 255 50 0 163 0 33 0 0 255 0 0 0 200
    121 141 232 11 98 171 232 241 125 244 0 90 255 255 0 48 57 210 0 142
    234 255 25 20 52 0 57 63 0 148 252 82 38 92 27 224 255 218 255 0 149
    26 255 131 83 0 72 255 82 155 236 0 139 142 255 0 0 0 72 179 0 255 0
    255 1 88 219 55 183 134 255 170 21 255 255 48 184 255 149 218 0 137
    255 0 196 0 96 187 87 255 241 145 102 121 199 102 220 120 255 130
    230 255 0 32 38 104 161 85 255 220 107 232 140 67 0 72 89 0 14 4 10
    90 0 255 255 121 120 48 49 215 17 113 22 233 209 255 188 0 30 217
    126 90 255 70 255 41 32 235 255 133 0 0 67 0 0 22 255 224 255 255
    255 169 25 159 60 0 127 247 232 100 255 213 202 162 152 255 69 237
    255 224 255 243 105 217 204 255 169 65 0 0 75 36 26 87 0 255 194 0
    67 191 0 64 87 132 93 105 247 255 204 0 0 239 252 0 0 64 0 170 0 0
    172 0 255 108 16 0 0 125 171 0 154 241 0 149 0 17 113 223 247 226 93
    255 255 255 0 199 255 92 0 215 255 180 179 218 206 147 163 186 255
    53 163 203 255 0 105 75 102 217 255 145 109 255 0 0 86 162 27 237
    136 83 251 198 180 136 255 191 13 255 96 255 255 0 255 0 0 253 20
    175 0 176 0 194 73 180 123 34 255 233 0 68 15 255 94 255 255 165 211
    0 255 0 129 82 197 70 6 106 255 255 0 192 255 0 82 15 98 206 146 0
    103 0 255 239 255 213 115 179 0 83 0 255 224 128 255 200 93 255 208
    40 255 109 70 0 255 19 0 104 175 29 61 137 255 137 255 166 36 118
    221 255 164 93 199 0 255 76 255 255 206 255 73 255 255 3 117 98 19
    11 215 129 33 255 166 160 155 160 78 157 255 174 0 130 249 0 197 3
    121 255 255 210 218 255 27 83 33 119 238 0 80 182 0 242 255 0 236
    237 98 255 255 84 130 55 29 17 82 0 255 74 255 0 179 219 255 168 147
    123 255 153 96 4 240 6 28 0 0 54 0 135 59 169 255 191 0 27 255 82
    255 255 28 255 161 193 109 190 79 166 25 56 172 200 156 118 31 231 0
    174 176 190 255 162 0 255 0 255 61 0 232 255 0 45 225 195 121 239 0
    255 132 4 255 151 28 182 243 50 4 255 0 206 255 114 255 20 225 25
    255 255 75 242 45 0 255 253 255 5 255 255 255 0 255 255 255 0 188
    215 63 74 0 255 113 157 76 0 255 247 109 92 126 138 169 36 157 64
    255 120 9 255 0 54 79 129 198 255 88 0 16 219 168 103 175 52 198 255
    12 0 255 0 152 43 255 255 220 88 255 0 219 255 174 44 255 207 15 254
    0 0 51 0 24 23 208 0 227 109 255 53 35 255 37 0 252 0 226 15 255 0
    107 255 255 252 47 220 47 95 56 136 196 129 104 128 88 84 99 27 0
    255 0 152 255 173 137 161 0 255 0 114 255 255 255 0 152 194 0 15 11
    235 203 0 74 0 96 0 59 42 0 182 0 140 215 83 98 253 12 0 45 11 235 0
    255 255 240 29 255 0 175 0 0 255 255 255 72 255 255 255 115 255 187
    225 232 113 213 35 255 0 88 231 0 214 255 173 230 255 103 185 157 0
    99 255 0 205 255 222 0 255 229 0 0 255 16 255 255 190 255 255 226
    255 255 142 0 255 255 0 255 0 243 100 0 0 199 0 229 138 183 0 255
    189 255 196 0 250 231 106 0 105 116 0 208 194 255 233 0 179 0 255 83
    147 150 223 235 127 189 65 174 117 0 0 70 0 179 0 128 15 198 42 238
    48 86 0 255 18 205 56 72 127 70 131 207 117 6 255 75 0 104 192 105
    255 154 107 255 121 100 206 217 230 37 109 127 114 0 255 0 0 3 255
    230 255 77 0 255 11 227 255 255 0 254 255 140 0 236 208 191 255 39
    226 237 255 255 0 0 0 107 252 239 53 229 253 75 215 115 238 144 208
    0 135 176 71 255 0 0 255 91 0 107 161 114 0 255 240 0 110 182 80 204
    255 173 119 111 255 0 125 145 150 0 97 165 0 0 199 122 0 0 20 251
    255 0 255 48 211 233 239 36 255 0 187 39 108 169 20 0 7 0 109 116
    148 111 5 8 255 255 59 0 118 45 30 194 0 0 124 225 31 106 0 0 99 255
    73 58 255 19 221 11 112 81 69 175 98 0 255 234 172 179 127 117 151
    228 255 255 166 255 0 121 255 0 0 133 0 149 160 255 255 255 0 209 16
    255 216 176 255 255 53 72 111 228 0 32 255 144 165 255 230 20 106
    255 0 89 70 23 215 0 68 255 255 224 51 51 29 52 255 237 124 255 185
    0 0 255 251 170 255 216 101 248 43 0 186 53 42 255 205 109 242 110 0
    0 47 133 85 149 0 228 0 255 0 0 8 228 0 0 251 73 0 0 90 198 62 230
    255 30 246 99 198 17 72 0 255 0 255 129 16 255 0 255 0 0 134 255 190
    0 231 99 255 0 52 0 50 190 15 56 199 176 142 255 19 4 0 144 233 0
    244 91 84 3 168 101 183 38 179 139 238 0 175 4 244 74 0 253 216 101
    94 222 28 246 143 32 90 14 70 255 132 0 0 1 63 137 117 255 229 153 0
    175 255 255 84 255 179 106 213 99 0 128 0 0 143 12 218 0 239 254 0
    192 22 0 145 255 159 27 255 255 230 255 8 38 81 196 12 255 102 0 255
    39 245 3 197 255 255 0 37 86 43 0 208 255 138 255 163 179 152 255
    255 0 98 250 235 162 98 253 255 0 185 255 143 51 203 0 145 144 68
    255 247 75 108 3 133 255 130 100 255 207 85 5 70 51 0 77 255 127 0
    255 35 152 111 197 86 99 0 255 63 0 0 44 0 0 0 0 0 170 60 10 171 255
    232 2 0 106 199 220 180 89 255 255 67 61 132 0 198 28 241 255 0 0 0
    224 156 251 168 61 0 160 255 0 105 223 171 213 155 255 255 194 255
    148 212 0 77 179 0 233 0 194 156 218 7 185 102 0 156 182 191 255 0
    140 161 0 0 124 154 6 0 103 255 124 0 184 138 69 102 0 219 148 87
    102 0 197 235 64 132 173 0 165 105 63 13 255 255 223 0 150 166 255
    126 0 222 182 132 156 122 255 255 214 21 0 53 85 149 255 177 227 98
    130 68 151 239 100 0 0 255 0 192 255 0 255 105 176 0 86 147 153 185
    0 14 248 107 253 255 0 135 54 138 0 0 255 245 119 72 29 0 86 40 224
    195 112 64 0 100 71 184 225 254 255 236 233 0 215 128 169 84 50 68
    148 0 160 255 139 133 27 202 108 222 204 255 79 0 255 44 97 203 0
    157 0 231 64 0 67 255 30 255 255 93 255 148 0 251 172 43 205 13 217
    255 2 255 77 0 194 111 255 37 77 201 0 139 141 42 80 180 59 181 34
    255 212 255 255 163 147 93 28 126 8 255 255 153 169 255 10 255 230
    25 133 71 165 255 0 112 229 0 226 119 0 30 120 255 255 220 255 0 29
    73 0 213 0 0 235 0 166 18 233 255 0 201 83 255 89 233 209 62 0 197
    123 0 64 105 0 19 214 243 130 0 216 239 0 254 26 0 255 112 0 0 170
    255 0 255 88 144 255 248 59 72 255 0 215 27 96 209 81 183 0 255 68 0
    106 255 0 81 0 251 0 0 158 102 255 21 79 0 216 47 31 159 0 88 176
    195 49 24 255 30 0 137 0 0 255 0 68 17 98 40 0 228 133 89 129 51 56
    95 255 150 151 166 32 24 26 0 63 0 84 39 255 0 0 255 255 0 18 255 92
    228 114 0 255 188 9 93 255 253 244 46 0 0 255 94 246 255 255 159 0
    227 237 0 160 54 70 255 236 255 190 172 255 219 113 255 118 12 93
    219 214 0 0 255 0 76 198 105 105 108 0 127 177 255 108 27 207 23 0
    255 0 196 182 0 90 66 178 154 255 114 167 126 128 29 217 255 224 155
    0 0 0 0 255 205 0 51 38 0 51 0 201 219 255 174 255 122 201 0 246 216
    65 87 0 26 0 154 255 148 7 105 151 255 42 156 136 24 61 255 255 0 0
    0 255 212 0 178 200 226 223 139 162 151 208 255 144 255 0 204 76 234
    0 226 132 0 72 156 255 166 141 55 43 43 255 255 161 255 214 255 153
    84 130 96 255 39 94 255 237 150 68 20 0 255 1 230 173 0 199 206 79
    152 215 108 255 255 226 69 128 148 228 0 0 155 246 206 98 139 150
    225 36 89 233 0 0 120 174 137 0 255 233 0 25 39 0 82 138 255 124 0
    12 253 121 182 135 182 228 0 255 83 0 255 93 41 137 70 149 108 63 0
    0 177 255 255 127 0 0 57 142 180 139 54 197 0 88 133 255 144 255 255
    255 255 196 162 144 68 223 255 166 106 203 0 0 42 0 0 92 56 255 0 0
    149 7 143 112 65 203 149 0 255 81 255 80 255 137 88 228 101 28 10 0
    231 231 11 0 0 255 8 39 70 58 0 201 217 255 255 64 255 255 0 8 0 58
    190 0 0 31 255 255 255 240 0 107 0 231 191 255 70 255 255 200 72 204
    204 248 0 206 103 219 124 79 255 0 78 227 0 30 13 180 144 0 138 0 13
    0 62 0 106 255 190 135 23 0 255 83 0 164 0 255 44 179 202 0 12 0 255
    255 17 23 0 218 71 97 253 73 32 201 0 0 32 16 0 154 118 67 255 166
    150 7 133 206 59 0 0 192 0 255 255 157 85 255 105 6 218 46 224 0 144
    39 42 0 0 0 59 255 124 221 84 133 150 255 255 80 255 0 160 77 255 0
    0 18 238 139 47 98 233 0 201 137 14 0 93 255 11 227 255 255 191 255
    255 68 164 252 255 189 154 0 96 81 35 255 0 255 76 159 177 255 14
    255 241 68 255 212 108 255 20 140 255 129 255 192 0 234 218 139 57
    236 255 254 80 147 248 92 25 118 32 255 255 0 255 249 255 204 0 11
    255 34 0 254 25 211 255 255 51 186 213 44 106 255 150 45 205 0 255
    157 153 255 0 198 0 124 255 44 29 0 125 255 163 156 134 158 0 53 255
    238 185 0 113 85 0 179 255 116 0 92 0 152 21 255 238 25 98 255 228
    16 76 91 128 255 0 37 255 129 74 151 159 255 255 0 255 251 0 123 255
    0 36 43 209 152 255 255 159 118 75 0 0 252 91 117 150 196 255 0 255
    255 209 162 218 217 255 179 216 0 188 255 131 153 118 0 69 73 175
    232 0 255 255 255 206 182 255 255 0 243 255 252 192 131 56 255 0 0
    25 255 18 255 44 172 65 255 210 139 255 129 0 153 58 89 255 255 202
    255 199 255 255 201 187 0 255 0 255 255 0 255 90 254 0 123 113 126
    245 0 0 0 242 202 255 254 255 255 26 0 0 60 255 85 255 255 255 224 0
    255 255 255 255 87 255 74 0 121 255 0 17 99 221 0 255 255 161 149 0
    171 132 0 255 61 78 3 0 196 26 0 144 255 0 156 148 4 248 255 0 0 224
    42 230 54 207 20 255 52 168 255 0 255 195 47 35 0 97 83 167 214 228
    0 255 0 0 0 121 136 255 120 255 243 42 138 32 31 254 186 0 255 163
    255 224 212 119 30 255 30 174 245 108 255 30 0 62 244 234 46 127 214
    210 88 233 159 255 44 66 153 164 54 48 76 255 0 0 255 214 73 0 39 0
    0 255 91 129 15 255 0 169 224 117 58 161 34 228 53 255 231 0 0 212
    128 19 255 131 187 0 75 255 39 221 182 255 247 0 255 255 0 255 0 77
    139 41 87 53 114 0 84 0 38 242 255 255 12 189 160 104 198 0 68 1 27
    0 114 243 0 66 172 120 0 210 149 124 70 93 156 143 0 161 30 0 125
    255 255 237 172 120 2 255 0 99 38 5 17 14 9 15 128 51 0 227 0 0 0 0
    113 156 4 0 0 255 77 183 26 168 172 0 0 231 8 122 244 99 40 5 95 189
    31 40 36 165 189 5 224 132 79 0 127 0 0 0 207 110 8 247 111 190 230
    185 173 198 143 61 0 0 166 148 0 104 0 255 179 148 158 250 227 59 0
    204 255 0 255 0 244 59 33 43 69 182 255 157 248 13 188 187 111 162
    102 120 166 163 10 0 224 0 255 228 140 0 255 89 0 70 0 185 22 110
    127 201 98 0 51 140 255 0 0 160 0 247 255 255 255 0 181 222 0 18 0
    84 255 0 0 255 70 255 180 50 158 255 255 128 0 0 130 0 249 66 24 200
    121 125 255 241 61 255 255 255 218 118 0 51 99 255 0 0 186 149 175
    33 58 40 189 110 239 206 135 0 0 255 65 126 201 255 29 125 216 145
    255 64 45 218 255 98 255 0 0 241 255 51 255 255 255 0 255 255 0 41
    249 214 3 221 255 0 229 160 103 255 121 122 38 172 49 214 202 0 243
    84 140 99 186 0 163 253 95 165 241 255 42 169 15 0 125 0 111 0 72
    139 253 230 251 226 58 255 205 194 255 141 255 71 196 255 151 249
    181 209 169 72 14 4 0 0 157 255 44 218 192 255 255 255 255 246 134
    186 0 87 6 26 255 208 253 255 22 255 0 189 250 193 0 0 170 255 244
    66 0 192 80 255 18 184 202 0 68 234 228 255 12 255 180 0 176 0 184
    179 244 255 237 227 255 255 0 0 0 200 28 255 0 255 56 156 133 90 101
    148 205 255 0 116 54 255 255 0 47 59 69 60 223 255 255 113 255 255 0
    9 0 255 0 137 184 228 255 32 255 37 194 164 0 255 251 26 200 242 171
    0 255 186 0 168 73 0 0 58 158 255 51 69 254 0 223 255 55 179 255 120
    132 248 58 192 255 176 255 110 248 0 0 243 221 27 255 54 39 255 134
    0 250 72 0 184 148 0 255 4 255 255 0 90 6 207 128 0 78 0 255 211 67
    169 255 0 199 0 0 118 0 31 158 109 53 16 91 35 192 0 126 255 0 255 0
    141 255 255 225 197 183 255 255 150 235 165 204 37 124 126 79 0 255
    255 49 0 178 255 0 216 99 222 255 0 205 174 170 255 255 225 255 233
    255 0 239 241 160 27 93 65 86 135 127 253 255 141 0 42 255 247 237
    202 144 0 0 0 76 155 255 242 255 97 74 255 255 0 0 111 244 54 145
    255 255 232 252 0 236 255 198 163 255 255 164 255 255 0 72 47 255
    169 255 0 255 143 233 255 233 255 237 5 255 222 0 99 4 0 74 255 118
    162 255 106 38 182 115 251 38 36 120 194 5 34 6 0 255 158 150 0 0
    103 0 186 203 249 0 255 44 0 169 255 0 255 166 0 129 46 255 255 0 80
    228 0 0 180 255 163 255 255 255 47 255 246 49 150 255 255 172 210
    117 0 196 3 48 97 13 154 255 204 0 0 208 255 5 194 185 252 245 214 0
    175 65 226 39 255 36 205 0 255 40 223 186 255 203 171 192 255 212 0
    111 67 92 143 255 255 239 17 61 251 120 149 11 0 255 219 255 0 189
    185 0 156 218 13 66 255 42 229 0 124 105 46 82 255 29 204 255 120
    213 165 255 240 147 255 178 177 73 0 255 255 220 165 145 0 202 255
    228 198 206 89 255 255 255 123 167 25 207 71 228 179 0 18 255 255
    183 80 123 10 97 177 255 103 155 224 255 29 0 0 238 147 161 126 0
    227 0 0 17 0 99 192 0 255 61 255 234 252 53 41 255 0 234 187 140 60
    19 255 162 190 25 117 137 60 42 232 92 79 127 230 85 241 255 203 255
    255 194 167 198 86 157 255 38 153 0 0 0 77 198 206 0 255 255 81 145
    195 0 242 255 104 185 50 255 11 251 0 212 215 0 172 0 242 245 5 255
    255 255 227 0 145 84 18 249 155 124 206 103 255 237 255 84 255 223
    225 255 165 194 45 226 255 228 0 14 214 0 167 92 0 27 7 150 0 255 0
    102 255 92 255 0 81 7 214 95 159 0 255 0 255 255 254 66 92 20 17 199
    229 208 62 255 89 226 160 0 255 253 0 113 0 0 212 162 255 255 74 0 0
    0 111 138 182 255 4 255 200 23 94 95 255 199 227 127 255 255 255 232
    255 255 57 89 255 96 255 255 49 255 25 0 198 255 0 255 255 244 255
    255 90 59 0 10 102 142 171 255 7 31 40 255 112 240 193 139 217 0 188
    138 178 0 194 255 255 190 255 156 193 29 0 150 182 0 255 64 114 70
    192 255 133 208 55 0 110 255 145 41 255 242 255 92 169 255 255 45
    255 64 0 255 255 198 156 0 14 247 212 212 220 237 135 105 255 21 255
    12 0 0 255 160 87 255 0 255 255 143 82 153 16 151 156 0 151 15 2 213
    255 255 42 0 230 149 0 87 71 192 255 223 93 229 191 0 0 255 230 67 0
    206 102 0 177 255 0 220 130 9 255 8 255 140 0 91 255 255 234 255 245
    77 255 0 255 102 175 255 0 134 248 114 135 99 80 195 175 255 255 255
    255 0 201 0 0 0 90 147 231 51 0 174 151 52 0 0 0 159 153 255 255 0
    156 91 246 0 85 98 255 71 44 99 6 204 255 209 85 255 185 255 0 255 0
    255 13 0 246 255 190 0 0 196 244 230 101 255 20 195 182 229 198 19
    159 0 167 0 0 151 164 255 10 5 99 0 27 106 117 172 32 104 110 143
    160 153 101 154 255 150 0 115 0 167 0 222 57 165 218 255 4 255 251
    255 153 211 108 4 0 210 0 21 175 169 181 255 0 191 25 85 0 164 187
    194 122 255 1 187 114 204 0 255 255 121 255 8 255 0 218 0 75 5 185
    201 255 0 153 159 19 0 175 57 0 0 10 255 173 217 3 0 255 255 231 203
    0 255 70 28 78 0 255 0 110 0 255 101 242 255 255 213 64 0 169 239
    229 255 74 176 158 0 49 62 58 113 187 255 23 71 0 0 13 174 253 84
    255 159 37 0 0 21 218 200 152 153 18 221 239 193 255 96 0 29 119 255
    222 255 0 240 83 255 0 0 255 176 139 141 0 0 255 34 48 255 243 255
    255 48 255 109 205 45 255 72 0 209 26 0 102 31 222 0 160 255 0 0 70
    229 0 0 43 203 83 0 240 255 253 255 85 197 96 74 255 0 0 39 162 212
    242 81 82 252 91 134 178 255 0 184 205 0 72 0 67 189 98 0 0 0 116
    112 113 0 12 183 173 172 68 0 0 0 0 119 224 0 0 255 0 196 162 227 0
    255 255 114 0 18 142 53 255 250 0 0 255 0 0 0 168 250 78 14 44 255
    244 120 228 38 255 86 19 255 102 221 255 145 224 160 247 255 0 0 0
    255 255 227 190 223 255 101 81 255 0 0 0 0 59 142 255 255 0 31 255
    225 212 255 0 35 0 0 0 0 0 255 255 182 191 135 0 245 255 0 103 66 71
    255 255 219 255 33 67 1 180 59 7 250 0 155 0 0 0 91 195 125 20 245
    255 255 131 203 211 255 219 170 220 255 94 0 94 81 187 0 255 238 0
    111 0 77 255 221 121 255 193 169 94 105 32 255 120 0 166 195 144 0
    255 0 113 225 0 188 75 107 95 29 70 37 22 209 0 255 101 135 185 100
    159 255 224 161 147 162 129 0 121 90 221 76 227 30 18 164 213 255 0
    255 217 181 104 255 255 180 125 138 207 207 45 255 50 255 217 212
    133 250 255 255 103 51 82 70 255 95 125 255 254 0 104 71 255 255 0 0
    125 14 218 0 184 64 5 244 20 238 133 0 232 0 33 255 16 0 255 255 229
    255 0 6 255 0 145 56 89 255 0 207 171 255 255 0 66 0 35 0 151 129 61
    221 195 222 137 231 0 246 240 255 1 121 158 114 124 25 19 5 75 94 0
    255 0 0 93 0 127 0 48 74 152 255 0 244 255 156 255 53 224 0 0 173
    186 193 255 64 101 255 214 0 0 0 255 68 255 115 206 29 203 188 201
    99 95 89 255 88 247 37 102 3 3 168 55 0 32 237 0 0 255 159 0 93 198
    0 223 6 117 208 200 132 245 40 255 150 255 253 255 159 171 213 255 0
    173 220 0 255 124 0 118 2 0 73 255 0 94 193 227 255 70 217 203 0 205
    84 41 249 47 255 182 187 255 0 139 31 160 78 0 106 0 78 204 57 0 41
    16 28 177 255 142 81 10 165 113 195 189 23 72 243 0 59 167 255 55 68
    255 0 179 187 7 0 130 159 0 255 0 0 255 33 54 162 177 73 147 244 255
    44 0 28 0 81 0 255 0 255 255 112 192 255 255 8 196 81 91 191 79 255
    255 0 0 52 134 0 255 148 195 209 170 117 0 201 41 117 0 11 0 126 255
    132 179 255 169 119 0 234 168 251 107 123 54 0 149 233 26 255 0 157
    220 22 0 132 138 0 74 198 240 201 66 40 182 120 46 181 0 5 204 0 201
    252 155 255 0 133 0 0 0 255 81 0 19 255 0 0 11 0 140 146 50 199 166
    50 255 238 145 255 11 112 70 181 0 255 255 0 0 187 0 0 171 223 0 0
    213 0 255 255 0 170 255 0 59 143 255 0 27 40 166 102 104 157 238 204
    29 255 156 0 148 0 198 255 167 106 70 255 46 0 230 0 116 255 26 126
    59 93 37 56 158 255 16 241 60 255 45 0 238 144 255 77 161 43 47 0
    255 23 252 255 63 64 255 114 255 0 97 31 40 255 255 78 130 156 255 0
    255 135 133 149 43 255 166 255 0 234 221 122 142 182 9 124 102 109
    29 255 255 10 255 96 75 0 24 148 54 0 0 176 202 50 255 255 252 168
    255 61 90 32 50 255 185 255 0 53 32 163 221 68 116 255 24 146 0 255
    0 76 255 68 199 0 157 49 255 121 184 0 160 228 77 181 0 127 67 70 7
    131 147 10 255 239 0 243 101 129 30 21 98 237 255 255 0 153 124 4 0
    130 172 221 225 0 255 77 10 255 42 0 222 11 255 47 255 61 167 255 20
    147 0 255 175 0 0 127 160 234 78 87 159 137 32 208 230 0 255 157 159
    250 0 0 158 137 255 0 48 93 141 0 86 94 86 67 91 255 0 65 255 46 154
    255 234 255 126 244 23 187 138 0 59 234 182 95 131 255 0 154 24 255
    146 0 255 53 0 255 149 0 241 255 94 208 255 225 149 219 248 68 0 255
    255 172 249 66 111 83 255 87 207 220 198 78 37 0 105 117 60 80 69
    255 107 0 0 152 130 127 20 0 135 255 208 59 199 209 216 71 255 0 46
    107 115 243 245 122 32 21 102 87 234 58 197 0 0 121 255 100 0 255 76
    0 193 196 255 0 255 110 0 189 0 0 253 173 255 166 10 84 255 145 0 0
    255 181 176 61 0 0 240 84 46 135 235 144 0 55 0 0 255 76 8 241 15
    174 0 0 148 180 150 0 183 98 255 0 16 1 0 21 255 225 168 64 255 141
    196 109 255 255 255 25 195 255 0 0 78 196 0 34 135 255 198 248 255
    46 89 156 242 0 203 90 181 37 196 0 226 171 129 130 255 0 49 61 255
    255 125 154 210 137 0 0 73 255 218 255 0 0 115 255 255 68 115 255 92
    67 67 210 241 253 255 0 26 215 204 3 0 255 0 73 12 91 255 103 65 141
    255 133 142 132 94 31 255 103 64 78 197 202 7 180 255 196 0 186 0 8
    255 211 144 20 221 16 67 74 176 97 27 192 220 215 255 0 78 255 114
    33 211 0 255 255 43 255 255 70 165 71 135 88 65 255 255 255 226 184
    148 0 20 118 236 0 255 0 113 197 122 0 208 229 9 0 0 255 0 49 148
    195 0 151 23 8 0 0 0 255 0 0 255 141 192 0 0 210 211 149 0 255 69
    208 148 37 79 0 255 153 255 197 127 161 244 195 0 58 83 133 217 0 0
    33 0 135 0 109 144 74 0 255 70 5 89 0 56 255 255 219 255 0 168 180 0
    189 255 255 255 111 255 196 255 255 210 25 255 0 255 65 161 121 187
    142 1 26 140 73 202 102 151 108 107 0 241 255 175 167 255 37 161 7
    88 247 181 255 12 0 0 99 193 18 180 153 86 47 214 0 113 255 0 0 181
    146 107 18 223 149 0 240 115 212 0 152 255 131 0 0 169 101 0 0 0 0
    255 187 30 0 255 128 0 211 0 179 57 0 255 127 17 39 104 223 205 255
    117 194 182 140 105 50 126 228 0 222 255 234 255 57 194 230 250 2
    206 106 0 11 156 129 0 221 207 255 102 255 162 238 234 97 248 157
    140 156 30 0 163 227 255 75 202 205 183 137 117 255 255 0 102 219
    255 0 100 243 0 255 125 64 242 72 255 0 0 54 70 0 255 255 198 0 0
    255 15 175 201 13 210 68 73 6 77 24 73 0 0 252 0 197 0 160 150 56
    200 255 197 0 95 0 0 0 255 240 175 2 242 60 118 0 72 210 210 119 255
    255 61 239 255 8 81 219 73 222 232 10 210 86 255 54 125 0 0 151 246
    12 219 220 93 235 43 255 121 0 0 56 0 150 63 255 144 123 108 123 67
    255 34 0 255 119 0 0 180 130 207 187 84 255 255 146 181 255 119 6
    204 0 255 255 225 227 0 169 168 0 255 0 255 40 92 0 172 47 0 135 165
    131 49 72 0 115 26 141 188 170 181 0 255 133 108 206 0 0 0 255 255
    142 44 41 203 149 159 88 61 255 62 0 122 239 94 255 0 185 255 121
    255 255 25 45 0 168 199 168 88 247 0 46 96 0 69 152 91 0 0 33 0 195
    0 54 195 255 142 0 193 120 7 0 154 255 156 255 255 255 157 0 0 213
    255 37 0 0 255 186 192 16 255 9 2 239 0 180 200 95 62 130 61 31 255
    255 253 0 123 32 0 0 252 255 0 255 133 163 255 191 0 255 185 239 255
    241 165 255 52 249 255 0 172 42 255 0 153 96 7 255 83 255 108 183
    118 54 12 255 0 255 40 255 93 0 0 1 0 214 255 86 255 252 137 199 0
    75 163 227 23 0 219 255 255 255 223 216 183 223 0 21 0 5 177 105 142
    255 245 234 255 149 0 0 107 213 255 120 0 102 16 25 160 255 67 234
    241 102 91 0 246 62 217 255 46 223 244 39 229 180 127 93 255 0 0 202
    20 48 206 12 10 249 179 36 23 71 0 86 27 70 170 255 6 227 20 164 0
    80 0 95 0 164 253 217 12 4 0 0 232 36 255 58 0 0 0 255 0 82 211 255
    234 114 249 169 81 255 218 255 83 0 155 239 30 176 168 47 192 32 255
    0 226 61 200 255 255 140 43 185 189 95 50 208 212 113 48 0 55 164
    255 163 133 0 84 229 218 255 255 168 0 0 238 39 225 0 224 232 84 244
    233 2 0 192 164 197 255 65 255 167 198 17 0 255 16 76 255 120 93 222
    166 52 201 255 149 176 176 0 38 145 167 74 117 255 255 255 216 139
    225 113 131 128 223 255 207 0 0 0 120 255 255 0 0 0 174 0 226 177 14
    89 0 86 0 236 0 217 212 0 195 105 30 255 174 248 232 48 154 0 255
    241 86 189 2 159 249 181 255 255 10 125 185 77 98 37 255 0 255 164
    159 118 226 133 169 215 255 11 78 255 145 77 128 166 33 64 255 152
    47 255 0 36 0 255 0 194 255 255 7 122 47 126 0 255 68 255 253 230
    255 60 205 255 0 0 142 255 202 0 97 174 8 178 0 122 255 255 173 255
    9 255 255 10 255 255 255 38 227 255 255 24 142 108 138 0 105 255 95
    130 0 93 72 219 184 158 114 255 96 255 255 255 212 255 0 0 0 217 98
    255 13 0 127 60 187 255 184 118 255 198 0 0 0 220 107 21 0 187 73
    153 15 255 255 255 154 215 0 129 0 255 196 119 255 0 149 79 84 255 0
    58 0 25 35 142 48 29 123 255 0 30 58 35 124 226 0 203 135 0 28 200
    220 112 255 89 125 43 238 98 255 0 69 210 157 22 55 255 61 172 120 0
    0 255 147 255 255 229 219 255 251 0 20 178 61 106 51 123 195 115 255
    255 255 167 255 0 191 255 225 255 255 29 255 255 109 255 103 0 0 143
    84 166 240 255 185 37 13 0 255 215 0 11 144 62 60 0 195 105 255 193
    117 0 145 179 47 189 44 194 167 197 255 215 0 190 3 235 86 0 0 247
    76 27 255 131 134 101 194 255 15 196 224 255 255 243 255 255 2 148 0
    0 53 155 0 252 230 177 255 208 188 174 255 231 88 0 29 0 46 255 43
    65 170 209 255 163 255 118 0 0 255 255 13 184 118 0 255 0 0 5 23 0
    255 104 206 108 70 236 125 255 255 0 57 255 255 0 57 0 244 255 70
    158 135 129 0 89 255 159 27 0 0 162 37 0 0 169 239 0 57 255 14 222
    98 0 159 235 150 255 38 123 255 255 223 0 111 170 255 142 0 255 2
    255 0 118 55 58 255 46 159 5 255 0 255 216 45 255 172 255 87 24 220
    109 161 255 134 5 255 255 107 69 0 119 0 255 0 111 94 0 45 0 119 0
    177 155 192 239 99 183 168 189 0 255 1 228 76 64 0 240 29 255 189 0
    225 129 0 255 255 179 0 175 188 54 100 255 0 66 164 249 18 79 174
    255 255 14 236 0 53 255 145 227 0 127 0 255 114 127 255 0 23 0 42 0
    9 213 0 207 0 0 117 193 255 176 255 235 255 164 48 4 56 0 87 255 0
    255 243 175 168 255 56 57 127 0 122 160 10 39 108 28 197 0 0 255 137
    255 22 168 0 23 255 0 252 240 225 117 220 84 0 255 186 147 0 235 202
    255 0 43 249 0 114 255 255 255 0 92 28 64 148 107 255 7 227 186 25
    255 193 205 202 255 255 28 0 255 234 182 88 255 167 82 172 0 255 18
    0 222 255 0 45 0 255 185 176 65 85 219 20 214 0 76 83 0 167 86 0 0
    206 41 0 247 76 97 6 255 235 0 52 246 109 170 0 0 0 255 0 0 135 255
    197 65 117 255 77 22 136 243 157 0 255 255 255 60 0 119 255 239 0
    130 248 244 0 255 0 178 0 191 73 195 0 232 0 205 0 238 137 0 148 255
    255 0 107 0 0 93 100 0 255 251 49 157 67 0 204 0 178 255 255 0 173 0
    0 252 0 32 47 142 96 0 25 255 207 255 0 200 111 0 33 0 255 13 221
    131 200 137 164 0 160 90 0 198 177 114 104 181 237 62 216 255 255
    172 0 0 251 194 0 163 183 179 111 180 136 193 255 140 245 8 203 241
    129 255 230 29 224 224 154 0 0 100 204 207 255 255 82 66 211 171 0
    107 0 0 107 207 0 0 94 45 43 223 0 0 255 141 84 212 26 4 250 0 255
    117 99 96 144 255 199 40 255 250 90 0 202 0 183 83 112 255 0 2 0 255
    167 0 0 0 255 233 47 47 255 140 0 81 150 130 0 255 241 39 246 255
    131 15 255 1 231 101 27 83 0 144 89 136 0 220 255 189 255 61 68 255
    255 255 82 255 255 196 255 206 152 21 0 255 255 205 255 255 255 0
    255 139 0 179 33 94 220 111 0 169 179 0 255 175 163 87 160 184 23
    170 245 205 255 255 251 32 176 0 139 62 199 167 38 104 0 255 0 0 255
    0 0 255 0 255 0 0 208 23 0 255 135 0 147 230 69 184 150 129 234 0
    255 0 166 147 0 255 255 255 4 83 0 0 146 217 245 255 28 124 0 0 237
    255 254 57 110 33 0 0 255 12 124 15 98 105 167 249 85 19 213 221 13
    255 255 174 72 126 255 44 0 135 203 255 255 185 255 0 224 169 0 0
    255 245 34 34 0 255 227 255 0 2 255 0 24 57 252 255 0 211 199 0 0 1
    0 0 64 0 255 58 194 179 250 105 250 255 255 53 152 35 63 0 239 0 164
    225 199 129 96 255 34 29 127 23 216 0 16 246 227 0 216 94 83 11 0
    207 255 207 255 221 6 255 184 20 51 255 56 130 74 247 205 0 255 140
    32 114 115 133 0 65 240 0 4 255 255 223 255 250 215 255 255 101 119
    37 96 113 13 0 0 0 0 41 0 156 200 47 255 249 0 208 0 255 0 136 0 198
    255 146 239 255 255 87 63 22 255 70 1 255 53 226 32 214 248 62 115
    235 0 120 0 0 192 47 112 219 213 0 0 255 0 0 127 117 0 17 107 163
    255 255 46 217 255 23 130 91 15 167 0 94 172 19 223 41 239 242 46 15
    255 255 255 34 100 63 255 255 0 255 0 0 0 246 197 0 231 0 63 103 0
    218 255 114 69 198 21 50 129 0 122 219 241 90 217 0 0 255 188 38 0
    203 0 0 86 23 50 33 243 207 112 76 70 255 156 126 191 206 255 199
    255 0 255 61 35 155 0 252 247 143 197 113 0 132 255 4 192 168 0 191
    255 0 0 255 255 174 203 66 121 195 248 140 122 110 1 78 0 183 255
    255 139 221 255 226 40 60 250 2 147 0 0 255 0 0 54 0 86 0 177 173 98
    247 11 186 0 17 166 8 255 255 255 255 255 118 114 51 193 255 137 207
    255 0 46 20 197 0 215 255 66 196 62 50 24 88 224 169 255 39 124 40
    187 255 255 255 255 0 0 192 255 117 229 255 255 255 53 186 165 255
    213 203 255 182 255 68 8 255 26 86 119 0 70 255 255 106 255 26 13 0
    0 18 244 0 255 227 0 30 198 73 191 255 47 0 25 234 255 130 0 156 188
    158 0 255 0 0 255 23 0 208 218 38 169 77 34 0 255 0 255 206 0 0 132
    162 0 22 37 75 45 0 0 255 0 21 179 255 105 40 83 73 255 0 186 118
    255 43 203 158 235 21 162 0 7 77 72 4 119 255 158 0 255 255 255 255
    210 0 26 0 226 0 255 127 13 0 99 60 97 255 157 213 0 253 255 145 224
    230 0 0 86 27 35 193 143 201 255 214 0 255 0 35 0 213 255 206 238 53
    255 191 255 97 255 92 206 117 10 33 255 99 181 255 255 85 0 186 82 0
    192 0 116 6 94 142 114 0 0 177 145 33 112 107 0 133 0 127 218 69 29
    201 0 71 0 102 0 101 230 123 178 61 71 255 104 155 0 42 112 94 253
    48 255 248 255 15 255 28 15 107 210 14 20 237 199 162 255 19 103 185
    207 255 51 18 139 192 61 139 0 35 27 0 0 255 199 241 36 0 255 255
    147 158 255 231 22 242 255 255 178 70 165 83 0 176 0 0 221 83 235 22
    137 178 130 36 255 1 255 254 120 255 86 198 0 0 0 0 49 129 0 0 255
    13 177 5 0 251 165 0 0 201 245 31 0 0 1 0 5 255 40 255 51 175 164
    181 126 255 0 9 255 91 255 64 155 223 10 251 216 187 76 0 0 255 255
    199 0 0 171 88 123 140 255 218 255 255 192 160 255 8 255 255 79 213
    242 168 13 255 255 255 224 76 255 73 156 175 180 220 255 156 255 218
    250 201 189 7 145 111 0 149 255 255 197 0 237 122 3 196 255 158 0
    190 26 34 0 70 0 0 159 105 0 0 255 0 255 0 0 0 255 0 120 0 249 0 0
    142 29 0 255 211 0 60 5 97 0 0 142 118 122 224 255 9 88 0 129 255
    177 250 0 0 215 79 60 255 9 158 235 32 224 101 0 0 214 105 170 192 0
    23 187 110 237 255 37 164 0 255 0 0 48 255 133 85 250 0 0 0 153 0
    103 146 171 0 92 59 50 117 247 226 34 111 118 72 0 255 224 94 171
    135 64 154 75 3 0 67 0 0 113 0 173 59 152 17 0 196 255 163 0 255 140
    34 112 210 255 1 171 255 239 112 255 149 0 6 68 139 75 255 171 111
    255 232 255 85 213 48 255 255 83 226 104 0 0 194 217 242 214 0 255
    125 0 125 125 255 130 0 0 92 0 19 191 65 0 255 16 18 113 0 76 91 0
    255 87 10 248 152 131 0 0 255 255 0 144 51 0 0 149 0 0 154 255 255
    53 0 49 0 255 23 113 150 21 0 207 93 255 150 114 189 138 0 255 230
    39 246 110 0 70 255 255 37 255 234 252 255 0 218 255 0 0 242 116 255
    59 181 56 165 3 255 132 163 118 255 255 149 250 232 140 217 0 0 0 0
    78 0 90 215 153 255 255 38 255 9 69 54 0 109 255 136 248 0 243 233
    255 69 255 255 0 141 0 191 28 46 43 8 41 234 246 31 69 80 0 67 255
    132 213 20 148 41 125 255 65 255 152 167 0 133 255 83 167 196 142 0
    255 48 0 99 138 96 201 0 144 0 255 255 0 255 255 0 202 19 47 0 214
    31 136 113 183 213 0 0 246 175 165 255 255 24 0 255 88 246 200 36 83
    22 0 114 46 0 117 36 68 255 0 0 255 255 0 166 0 254 255 255 255 80
    87 233 210 118 187 144 255 42 240 255 67 0 222 13 134 0 203 205 188
    47 101 0 0 255 88 225 79 99 162 255 130 114 167 0 108 248 0 94 255
    255 178 158 255 220 0 255 255 0 0 234 142 189 255 206 0 255 255 0
    255 0 255 255 156 226 246 255 0 255 208 0 0 210 52 190 2 143 175 243
    255 147 125 255 221 0 24 255 84 44 206 255 61 76 0 81 255 0 255 255
    5 255 175 97 0 0 255 0 0 255 20 92 255 78 0 142 255 255 100 219 224
    236 96 24 169 0 0 0 0 174 255 255 78 160 25 243 255 215 110 81 253
    40 255 0 0 255 255 0 106 72 8 50 255 255 140 255 255 21 176 68 52 0
    255 0 42 0 0 255 252 144 0 0 128 254 176 143 208 21 212 230 157 244
    32 94 255 214 207 100 252 255 255 236 77 247 231 158 226 27 27 81 48
    250 0 19 11 14 0 46 255 137 221 182 127 255 0 255 255 20 200 48 144
    253 94 146 0 147 250 248 46 203 0 0 0 91 255 163 108 0 242 0 174 81
    130 231 183 138 0 33 0 101 255 145 32 117 176 99 0 204 0 0 255 30 34
    100 0 87 0 0 0 11 154 173 0 223 255 255 237 248 139 52 60 231 84 0
    48 255 255 202 113 0 255 70 130 53 0 222 200 0 38 177 8 186 132 160
    255 153 216 52 217 223 10 0 255 244 104 255 188 145 132 241 45 255
    215 142 0 159 230 134 243 0 0 255 255 20 255 255 237 12 201 0 0 255
    175 98 150 237 255 0 83 194 255 163 182 0 255 26 238 10 71 22 0 167
    137 0 67 255 51 56 86 8 1 255 255 0 59 137 204 216 156 0 255 6 150
    254 255 0 139 255 192 63 76 255 123 255 255 230 42 0 202 71 0 255
    192 255 140 255 9 255 0 255 255 126 192 255 156 37 107 0 255 191 186
    255 255 142 255 164 255 0 255 255 255 255 0 246 255 255 209 142 47
    249 255 145 255 218 173 196 0 255 69 0 255 208 236 124 0 0 0 7 200 0
    255 6 230 237 12 0 213 158 221 102 255 255 155 255 255 0 211 252 26
    0 0 83 59 0 232 2 23 182 198 0 22 255 0 0 212 0 141 249 192 233 255
    160 73 132 164 65 133 38 196 170 166 255 102 255 9 95 152 140 199 0
    123 0 0 122 0 255 130 194 255 0 0 237 80 252 212 140 92 0 158 0 0
    255 0 167 255 200 255 0 255 255 104 0 255 72 27 225 207 105 74 56
    239 190 255 0 0 198 255 228 255 131 255 244 250 93 255 221 147 255
    40 30 58 255 0 0 0 131 255 255 228 217 80 206 216 255 0 55 255 0 47
    255 255 10 249 183 109 0 60 183 2 0 0 17 134 255 255 255 255 255 7
    136 0 158 209 0 255 255 79 21 111 163 184 0 24 15 0 28 255 249 0 213
    179 227 255 255 249 0 255 255 108 124 232 0 255 196 100 255 255 24
    206 255 41 89 0 0 0 187 5 51 0 255 0 0 207 187 160 18 0 0 0 32 255
    117 255 255 53 2 255 13 62 92 255 132 176 255 117 180 104 189 0 0 85
    0 124 193 232 181 141 60 108 89 151 135 235 226 156 68 255 91 61 255
    41 50 214 53 86 112 128 83 255 186 169 255 218 249 0 124 10 0 255
    249 240 208 0 100 159 197 0 189 255 193 255 228 0 255 167 41 200 32
    0 255 255 255 0 150 8 0 177 219 255 0 19 255 176 12 44 36 255 254
    202 0 130 0 56 0 25 255 249 0 249 121 113 221 183 226 30 255 208 0
    255 0 233 80 220 117 0 25 120 72 245 255 0 255 0 31 193 171 169 58
    193 57 0 103 38 92 141 107 61 225 0 112 182 221 143 243 255 171 120
    0 255 129 0 155 192 255 203 19 227 255 0 83 143 0 177 234 186 104 0
    76 245 0 242 0 255 129 0 143 245 222 0 255 255 43 253 119 83 149 255
    45 0 228 145 5 0 229 241 255 157 229 0 255 248 255 231 0 120 0 171
    189 0 41 77 255 255 18 14 50 11 98 70 0 143 165 13 232 255 110 89
    239 0 156 255 0 255 129 162 164 166 59 76 194 190 48 48 57 205 255 0
    41 255 43 39 0 78 36 65 255 0 255 223 0 98 255 0 81 255 253 171 25 0
    0 92 13 198 193 189 0 58 255 0 0 205 255 255 48 191 195 148 253 89
    255 201 60 232 60 255 216 255 0 149 103 96 255 220 255 255 0 229 255
    237 225 186 0 237 248 246 255 157 255 237 180 102 255 203 11 255 0
    203 134 58 245 255 0 20 166 0 18 138 140 255 0 219 238 0 124 14 0 1
    197 110 244 255 210 62 255 0 240 148 193 255 98 71 201 117 255 255
    244 54 30 179 0 224 8 68 181 180 255 255 0 255 0 138 169 8 39 0 185
    97 0 75 38 80 0 0 211 97 162 0 86 132 78 0 255 213 0 89 255 255 134
    90 255 27 24 255 253 196 255 46 255 232 112 240 99 155 178 151 62
    126 42 189 178 255 109 182 82 0 0 163 0 132 177 0 27 189 255 0 0 170
    29 96 146 0 140 255 134 184 180 255 235 144 161 0 0 0 0 74 255 0 0 0
    58 246 160 0 0 220 101 149 172 255 130 134 59 0 71 3 255 145 137 244
    255 0 101 231 24 255 185 247 78 255 253 58 92 129 255 44 46 55 142
    192 0 255 255 234 255 255 255 0 0 255 192 34 249 0 188 0 104 196 237
    193 63 56 0 123 136 46 11 84 30 255 132 255 45 93 215 88 255 8 72
    219 255 0 188 255 193 107 239 0 0 0 73 255 31 250 255 255 45 223 0
    253 38 189 243 0 72 111 63 58 0 129 255 91 0 255 255 255 255 217 164
    250 5 59 0 183 22 0 0 255 112 14 0 35 71 142 196 152 114 255 221 106
    59 0 0 192 33 0 255 44 127 255 75 74 147 255 164 34 255 60 107 225 0
    150 116 242 0 59 63 246 0 140 0 138 70 23 163 132 135 41 255 26 255
    255 0 160 125 0 20 0 255 58 11 156 102 0 150 255 155 53 34 0 17 164
    77 103 110 137 0 22 255 0 0 255 31 101 0 50 255 119 20 28 27 0 194
    22 255 18 222 164 0 0 45 131 55 255 90 255 0 0 255 165 0 26 255 126
    255 56 181 71 255 180 0 0 229 255 66 0 255 255 28 0 83 255 3 0 0 255
    184 91 4 39 53 0 94 0 0 255 30 108 126 135 10 155 174 255 168 0 57
    44 255 0 255 255 221 40 255 72 0 170 44 255 56 5 52 1 9 234 255 11
    19 0 63 13 39 0 44 89 255 250 120 100 93 124 175 48 0 0 0 242 0 0
    107 68 21 122 181 178 255 100 167 20 7 16 211 41 198 143 137 255 147
    251 255 66 245 161 109 128 0 136 236 85 133 63 0 189 167 9 73 158 83
    0 255 192 220 255 57 0 217 40 0 255 243 174 145 49 106 216 142 185 0
    255 46 0 0 218 154 1 0 255 31 0 66 255 102 255 248 19 133 22 13 72 0
    54 91 36 174 2 103 255 137 1 109 255 255 139 49 255 51 0 91 11 75
    200 255 138 48 29 0 0 255 138 161 255 255 242 255 232 140 0 66 189
    255 255 144 0 59 101 169 255 255 147 2 200 255 91 49 0 12 0 45 16
    203 105 70 0 147 70 255 255 0 254 155 30 237 166 217 182 136 175 255
    134 43 167 35 17 255 253 113 116 16 170 255 0 0 0 66 108 0 255 200
    237 49 197 17 255 0 91 0 124 0 202 185 255 198 43 13 172 116 234 82
    255 0 137 169 0 61 0 136 0 17 0 241 218 255 63 4 255 77 255 154 255
    255 159 222 99 26 0 138 49 7 0 46 181 0 236 229 223 206 75 0 129 215
    255 255 0 167 8 0 255 9 255 0 99 134 45 203 46 255 144 0 82 0 255
    255 177 0 0 139 0 0 255 22 122 255 255 155 39 0 255 0 117 38 255 26
    150 155 1 0 255 63 17 171 0 0 0 99 166 0 175 171 36 0 0 67 0 255 4
    104 255 91 113 12 255 181 65 45 158 209 92 230 255 0 86 255 0 0 0 56
    0 255 20 246 45 255 212 255 61 255 34 0 0 121 185 141 63 223 0 128
    255 0 0 255 0 165 132 242 226 4 155 255 255 119 232 142 186 210 3
    255 255 130 54 54 15 135 0 255 36 204 91 255 216 129 58 45 255 0 207
    225 82 0 19 65 255 190 221 191 78 89 31 12 216 120 175 255 5 223 219
    121 50 255 0 255 0 50 73 0 121 23 49 255 255 203 11 113 255 255 0
    145 207 68 72 191 222 255 142 99 255 24 113 59 147 101 0 255 126 116
    162 57 241 0 0 183 77 62 7 255 71 193 0 255 255 255 0 76 255 141 0
    255 40 255 0 31 199 255 148 104 250 0 255 61 46 0 0 200 170 0 255 0
    255 214 0 255 94 0 0 255 169 0 228 161 124 109 0 36 222 157 161 255
    0 230 118 65 255 255 169 255 255 147 131 178 37 0 125 146 88 194 56
    33 119 19 255 48 0 255 21 43 169 255 255 18 114 221 255 255 148 255
    116 46 145 0 70 0 99 21 81 86 255 121 0 228 0 1 0 255 43 255 81 255
    205 0 144 152 255 255 114 44 17 0 255 255 16 255 165 171 255 9 151
    255 240 255 0 161 212 31 125 47 2 194 5 198 255 71 114 255 79 215 99
    41 229 112 228 15 147 0 106 255 168 27 234 65 255 28 100 137 0 255
    143 78 0 255 50 0 255 255 0 255 100 230 28 199 0 255 87 0 0 209 97
    118 67 0 168 34 255 228 241 255 255 255 174 137 226 32 0 30 40 237 0
    248 45 188 0 255 128 43 103 196 7 42 242 72 249 0 124 0 147 0 0 56
    106 255 255 115 80 41 65 0 253 255 0 89 238 0 232 0 33 0 0 77 129 0
    233 255 64 205 0 81 74 145 0 157 255 255 0 0 43 1 255 255 131 255
    255 148 46 78 193 210 223 130 74 255 255 69 89 132 0 44 39 97 255 9
    255 0 255 0 138 246 224 46 105 124 73 255 83 167 210 255 7 126 223
    10 145 0 0 153 255 0 232 255 0 122 78 242 245 0 124 211 30 255 87 75
    0 231 146 255 101 242 107 0 255 0 0 0 210 255 117 139 112 165 131 4
    234 222 255 0 184 168 208 218 95 255 0 255 0 42 239 0 255 0 173 0 0
    201 135 27 0 0 38 178 239 0 151 0 44 255 102 255 10 76 241 255 49
    144 230 0 62 60 0 78 166 156 0 83 255 136 185 218 3 0 0 72 243 143
    125 90 0 255 227 31 17 63 45 0 255 255 217 165 0 27 160 255 54 103
    181 150 123 157 255 65 68 0 135 142 255 103 69 83 4 169 0 236 169 70
    7 250 145 239 243 0 255 255 1 0 189 13 193 0 33 149 119 225 12 0 103
    201 0 135 72 251 255 23 0 60 255 255 1 0 255 0 147 137 228 0 217 126
    195 221 255 153 0 255 222 65 158 255 2 255 105 0 72 90 62 52 248 220
    116 0 156 36 203 255 182 20 44 19 117 244 153 139 222 71 215 255 84
    92 255 151 0 124 87 255 94 255 154 0 169 46 99 66 255 0 30 255 15
    217 0 32 222 0 41 0 143 148 152 142 183 103 0 168 174 223 4 149 164
    67 255 164 11 0 98 0 103 230 140 255 255 255 0 118 179 0 0 201 255
    211 0 0 0 255 193 24 255 138 0 137 208 168 0 54 0 255 0 255 251 0 0
    255 0 255 41 47 255 85 31 254 255 255 0 253 203 0 33 82 93 143 75
    255 223 0 86 0 166 255 12 94 0 106 182 163 255 238 255 255 98 30 255
    43 0 255 255 0 0 101 153 89 82 0 207 54 54 184 0 143 205 84 172 0 0
    75 202 255 0 124 224 50 30 0 255 110 191 255 0 40 123 253 145 0 14
    214 16 28 255 51 151 239 17 0 255 131 177 84 255 144 10 85 95 203 27
    149 47 251 5 60 255 238 255 251 0 176 92 146 0 48 0 39 0 166 2 90
    181 137 0 52 0 0 255 0 0 191 207 115 250 0 0 13 185 171 46 70 255 85
    179 154 209 92 26 139 2 42 255 215 0 83 184 183 245 0 90 255 149 0
    45 91 96 136 97 86 116 255 129 175 0 250 136 96 105 198 255 155 255
    207 33 39 0 125 192 0 221 0 195 137 180 99 255 183 82 0 80 0 255 127
    255 94 0 0 52 236 202 180 180 0 0 255 255 0 15 255 0 0 255 234 187
    239 255 20 181 204 118 82 106 144 215 71 47 222 255 182 137 234 0
    255 8 156 153 184 0 182 28 212 213 255 0 78 124 255 27 0 66 255 95
    110 255 0 146 250 121 201 240 0 160 255 25 134 16 255 253 246 0 40
    119 186 0 0 0 114 125 82 255 0 126 255 0 52 255 0 68 139 200 121 255
    157 139 0 216 123 0 209 75 182 59 0 138 255 0 100 234 0 85 255 20 0
    84 148 10 217 255 211 255 191 33 0 187 124 237 35 129 142 84 0 255
    255 41 61 114 175 238 222 30 133 115 132 0 46 174 251 255 120 71 255
    255 255 215 255 118 0 68 0 8 0 0 0 255 106 214 7 102 0 87 221 22 17
    134 54 0 248 21 255 62 34 134 132 169 140 195 82 0 150 0 143 119 0
    248 171 107 255 255 255 201 109 133 255 255 248 57 255 255 0 94 15
    207 195 127 0 255 0 39 157 64 219 0 30 229 105 124 255 0 128 0 0 0 0
    97 255 153 234 211 0 126 243 221 255 89 44 63 22 161 236 135 140 255
    255 104 97 0 173 50 0 120 152 154 0 236 206 96 0 244 255 0 0 228 255
    255 196 114 75 107 107 51 149 95 92 214 11 35 220 244 255 198 84 233
    255 115 196 255 255 0 180 97 31 0 0 0 255 0 0 255 215 255 96 144 33
    125 156 255 253 0 0 86 96 82 54 16 81 0 0 255 112 63 0 66 93 30 0 76
    153 66 136 69 96 157 77 18 255 251 125 183 4 185 109 255 201 0 226
    185 66 48 7 97 97 163 0 6 83 230 49 0 22 158 182 170 0 134 67 255 94
    28 255 106 60 205 13 241 255 0 251 0 114 108 0 255 0 51 2 125 255
    255 108 59 216 200 171 253 255 9 255 54 0 199 24 178 203 255 193 30
    181 25 243 0 218 0 255 73 245 255 255 18 122 172 174 185 255 255 64
    245 6 255 255 0 0 21 84 133 149 110 255 79 0 255 202 70 245 168 255
    255 144 62 14 10 4 80 0 1 0 178 131 0 0 255 255 255 255 218 29 40 69
    180 255 201 64 181 255 202 235 0 169 79 111 0 0 255 255 206 255 0 0
    121 215 138 0 255 204 2 9 225 235 0 164 34 0 23 0 128 0 0 230 41 182
    254 255 57 187 252 255 135 102 7 107 164 0 255 243 202 204 249 255
    207 244 159 255 19 129 94 0 137 82 0 26 255 255 56 255 157 0 157 137
    0 8 158 149 0 163 27 27 219 242 0 162 159 100 9 201 0 255 121 158
    150 0 232 184 255 51 134 0 73 0 0 43 0 67 170 0 255 15 255 218 255
    76 255 164 137 255 0 0 29 120 126 0 255 190 57 183 255 61 0 88 211 0
    139 82 75 255 255 17 212 130 241 21 105 75 77 17 173 255 255 255 15
    24 255 113 0 255 255 0 0 254 255 0 0 80 0 44 45 93 255 28 11 51 255
    99 255 255 255 188 0 47 92 151 60 232 246 255 96 124 0 8 179 195 39
    204 214 255 219 144 254 0 0 137 255 161 178 249 0 54 0 176 120 43
    242 64 122 115 91 205 0 110 217 0 165 255 234 34 25 255 67 91 255
    255 254 193 38 128 3 31 0 179 173 255 52 84 255 0 121 53 0 21 207
    180 255 127 0 255 255 0 16 217 0 121 13 175 190 255 0 187 253 14 162
    63 56 147 251 103 154 140 79 255 37 157 0 214 255 255 233 149 206 2
    32 77 0 14 0 197 255 34 215 182 197 255 0 255 0 255 255 0 255 255 36
    0 255 230 232 255 71 255 30 127 193 255 0 255 157 39 106 0 0 221 187
    227 41 0 190 255 83 0 254 131 255 0 203 255 255 28 83 149 72 0 148 0
    114 113 244 118 213 23 255 0 43 255 255 87 31 74 1 255 43 0 254 255
    53 151 208 0 169 58 255 50 199 255 0 255 161 0 85 255 155 255 227
    255 255 255 73 116 214 0 0 255 135 81 0 41 0 255 86 88 224 192 255
    79 92 255 153 0 36 255 245 233 231 0 30 172 214 236 159 255 132 255
    255 103 255 157 255 56 0 15 0 106 147 255 252 0 249 68 113 0 78 166
    49 80 0 0 0 0 0 0 19 98 0 255 249 86 69 233 155 0 0 255 255 149 72
    213 0 66 125 205 255 252 120 255 255 62 170 220 2 255 27 3 135 253
    180 178 227 118 255 6 255 0 63 0 2 0 134 59 255 255 0 34 25 191 81
    204 102 0 249 144 219 48 102 255 159 142 255 250 27 23 26 0 255 152
    222 12 14 255 0 223 0 115 142 0 214 195 255 171 104 105 6 195 0 111
    17 81 173 32 123 255 0 255 157 253 255 22 147 86 255 214 255 195 51
    90 235 200 0 205 255 95 99 245 59 196 52 203 30 255 132 51 253 74
    123 0 190 255 255 55 255 255 229 46 0 132 0 148 221 216 0 93 0 255
    91 136 174 218 255 139 0 0 255 222 206 0 72 138 255 8 7 255 255 46
    245 255 241 0 255 255 255 255 139 72 61 99 63 56 255 103 74 255 91
    174 0 110 255 255 255 0 255 195 102 172 130 255 181 218 148 135 61 0
    0 0 8 107 20 17 0 36 0 71 212 25 0 0 246 238 0 255 255 161 255 199
    131 255 255 4 112 11 0 58 211 255 178 0 0 25 73 0 255 255 0 154 0
    125 11 121 0 0 135 0 0 0 152 52 54 245 0 181 90 128 37 255 255 0 254
    0 0 0 250 0 250 9 141 255 43 117 245 0 209 4 0 166 0 73 0 0 220 115
    18 194 205 255 0 58 241 220 255 255 152 255 255 222 255 55 0 255 13
    131 140 141 255 66 93 237 151 27 67 42 255 255 0 147 217 245 0 151 0
    36 232 153 217 150 255 130 206 52 158 0 209 7 154 0 194 255 253 255
    1 49 139 181 0 195 161 222 145 31 160 85 207 255 253 124 255 148 214
    12 232 0 255 120 255 255 255 255 7 22 101 255 255 123 255 99 216 0 0
    255 220 255 231 255 136 0 255 255 56 58 23 16 141 66 0 112 121 165
    198 140 3 172 185 212 27 255 210 0 225 3 11 0 78 255 31 255 0 9 207
    194 253 254 74 234 230 9 255 70 25 119 188 255 255 225 0 173 57 14
    25 228 0 149 115 13 255 207 0 255 248 17 207 133 255 0 255 244 0 89
    42 143 42 65 3 98 255 185 157 110 245 229 149 242 89 254 0 0 0 184
    106 240 255 255 79 255 255 255 255 186 255 255 24 174 255 0 34 61
    159 255 237 15 99 17 220 40 34 117 255 87 68 255 255 121 17 157 50
    203 62 255 104 0 0 255 120 75 46 0 255 155 0 5 88 99 85 0 92 255 84
    5 150 126 255 242 175 72 71 235 255 0 133 234 0 24 251 255 68 2 255
    0 57 0 29 191 255 223 255 188 0 124 27 44 179 0 255 0 239 186 176
    178 21 56 168 255 255 14 181 255 23 211 173 137 122 255 2 0 37 40
    146 255 255 88 143 82 86 255 4 0 0 13 240 0 88 103 177 255 224 104 0
    235 33 11 25 0 255 0 53 255 255 0 0 58 0 0 109 255 214 176 99 91 237
    133 255 224 80 255 0 0 255 0 255 142 255 63 0 0 170 255 184 74 255
    167 255 126 30 182 175 37 118 0 0 0 198 51 0 94 255 0 0 0 209 7 66
    186 5 0 186 53 255 255 228 206 0 0 222 235 7 161 0 0 201 180 0 117
    111 255 108 71 89 251 33 129 229 9 66 13 255 0 65 73 178 255 177 37
    164 255 206 0 255 255 95 129 147 255 221 113 196 59 238 155 248 203
    55 48 46 0 91 147 2 45 255 255 169 0 255 73 255 255 50 27 255 100
    255 179 255 0 146 0 96 233 73 191 0 255 0 230 38 198 27 227 0 162 0
    30 43 190 24 58 0 255 51 0 182 119 77 46 0 32 4 0 21 25 178 0 214
    245 146 0 190 255 87 134 0 181 226 129 99 255 251 163 235 4 214 0 42
    43 121 184 4 255 0 255 0 84 71 232 211 33 255 179 61 49 42 255 64
    135 0 0 252 208 111 94 142 255 64 112 42 218 255 251 224 255 255 162
    0 146 255 247 0 143 0 167 110 96 89 0 147 234 157 255 255 221 119
    255 255 53 226 80 63 190 0 0 0 159 255 52 69 255 22 8 18 80 230 59
    13 82 255 220 146 63 255 99 0 0 146 33 0 245 255 152 255 0 14 54 50
    0 29 25 0 0 255 255 208 255 0 119 183 0 57 0 253 0 182 255 192 0 255
    19 255 174 126 0 66 78 114 0 14 185 255 146 37 255 6 255 0 161 255 0
    125 255 189 222 0 255 226 0 230 233 18 255 147 255 255 74 254 255
    255 52 228 0 157 0 193 245 224 255 243 62 73 0 153 64 255 164 56 255
    87 109 255 0 90 0 158 61 61 0 130 0 49 215 255 255 125 32 64 245 35
    195 0 45 119 0 187 166 255 255 251 255 64 255 37 240 0 255 92 148
    154 97 179 146 255 255 223 255 33 208 161 24 0 253 227 138 159 0 59
    219 0 160 14 255 148 0 255 255 170 165 0 255 31 0 255 138 0 195 255
    157 255 255 83 178 192 128 99 255 253 145 1 92 255 255 136 134 1 255
    186 156 0 194 220 55 255 0 0 130 19 255 118 6 255 51 91 200 155 238
    255 207 226 77 0 171 43 255 156 0 198 217 255 247 255 7 220 0 0 231
    215 255 182 182 34 255 145 204 80 117 197 110 112 255 98 203 19 118
    224 123 214 0 76 144 112 77 255 17 156 14 255 218 0 192 0 0 115 255
    0 233 58 0 0 12 173 166 255 201 226 62 178 23 46 0 255 86 0 255 237
    157 180 0 155 255 130 149 197 34 0 0 159 131 40 255 162 143 217 255
    0 181 255 220 201 95 39 155 175 255 0 181 136 0 147 184 0 1 0 8 108
    0 0 0 17 0 57 0 75 255 255 255 80 0 255 0 255 206 0 208 231 0 224
    222 134 105 0 190 8 255 51 0 0 147 220 12 174 154 255 255 156 219
    121 93 175 0 0 0 0 227 153 255 0 227 191 0 201 130 0 0 179 255 176
    60 255 0 31 255 255 255 255 14 161 161 255 135 255 255 200 174 135 0
    186 185 0 86 157 214 0 57 153 182 255 146 109 28 0 255 0 0 61 0 255
    255 255 255 33 71 37 0 0 0 146 74 9 208 255 164 5 0 255 0 0 255 255
    143 84 205 255 239 0 210 176 0 123 0 134 2 255 71 149 228 215 0 170
    191 0 28 111 203 147 38 0 105 255 0 115 234 200 206 142 237 0 182 49
    92 80 140 255 0 212 0 153 93 248 0 141 59 253 2 61 0 0 0 255 0 0 0
    198 0 201 70 155 199 0 255 18 187 168 137 255 0 137 255 0 230 105 0
    98 38 99 91 248 61 255 61 214 49 130 255 37 0 32 47 98 186 0 146 0
    113 255 17 255 44 50 247 123 6 206 158 40 215 255 0 84 251 229 189
    109 222 34 110 238 74 255 0 24 10 31 0 221 255 0 0 255 70 255 20 196
    255 0 206 0 161 178 255 188 0 177 185 0 64 242 56 54 204 255 170 101
    241 62 255 255 51 103 71 0 255 0 234 239 142 0 7 121 36 0 86 98 212
    0 255 255 229 198 121 0 90 255 222 255 53 84 161 0 191 242 255 0 95
    107 109 93 135 0 11 255 78 143 255 122 255 255 22 255 250 120 85 255
    255 255 193 0 22 255 0 0 172 255 255 0 50 118 124 223 189 40 100 64
    255 56 240 223 112 155 18 76 0 224 62 217 63 102 160 133 48 0 255
    137 148 255 56 244 215 29 142 255 201 255 255 109 0 218 0 255 255
    184 138 225 255 0 159 174 0 0 209 162 53 147 0 251 128 86 106 0 0
    219 201 212 255 72 13 255 5 255 252 0 255 0 0 0 0 255 124 255 255
    176 65 80 153 212 0 48 139 12 72 0 0 0 255 255 186 255 0 255 51 255
    54 0 44 126 255 213 120 224 0 190 0 123 100 161 199 16 0 255 250 163
    195 48 232 255 255 255 157 255 168 255 70 224 255 130 225 195 0 6 59
    234 0 111 255 205 1 255 0 255 0 94 0 151 0 194 255 0 170 255 156 57
    255 255 203 255 255 0 255 119 127 255 116 34 255 7 159 227 229 255
    26 215 0 255 64 255 194 38 84 255 0 138 134 252 96 236 81 15 171 93
    172 44 55 0 0 0 0 151 120 255 54 0 182 68 189 0 24 0 255 255 106 118
    0 241 255 220 211 17 222 30 20 178 190 101 230 0 0 154 101 255 94
    194 235 19 120 104 250 0 194 7 194 0 68 0 133 255 255 37 0 255 0 255
    0 0 139 51 89 65 209 222 194 113 0 255 255 88 116 179 255 0 0 66 0
    255 150 0 235 0 251 63 0 0 255 234 68 255 0 0 125 0 154 139 115 169
    0 217 0 255 255 0 255 255 10 66 255 78 196 0 5 0 41 48 197 0 255 178
    0 118 169 235 248 0 124 176 205 0 255 0 246 239 149 235 245 0 255
    126 255 219 0 255 75 190 255 96 210 255 24 0 248 255 0 98 63 106 255
    184 250 0 96 220 27 62 0 255 109 255 0 142 255 0 255 41 0 255 255
    194 29 255 0 124 248 13 42 203 255 137 0 134 172 0 171 255 255 255
    179 255 255 255 0 163 164 106 0 255 212 255 251 216 188 0 229 0 208
    0 255 44 255 46 182 0 0 0 183 89 185 255 124 106 211 219 255 187 82
    255 183 123 0 132 86 0 137 0 255 204 0 55 255 230 255 39 130 101 61
    19 28 239 0 255 66 104 52 93 129 0 0 178 167 0 255 0 0 255 0 8 255
    236 158 150 223 0 2 255 255 152 202 0 49 14 255 0 216 103 255 37 67
    40 165 18 7 0 255 204 0 31 212 255 42 0 188 0 94 81 97 182 255 0 188
    14 255 143 17 255 255 108 87 1 148 172 78 255 0 0 73 78 116 172 0
    255 72 11 0 35 238 0 132 255 34 101 74 106 255 229 26 73 0 87 17 0
    69 168 151 62 0 77 0 239 70 127 255 161 234 255 0 0 255 61 255 255
    255 0 0 79 230 61 17 236 255 161 140 60 132 123 1 125 0 0 132 144 0
    110 255 224 0 255 147 117 43 125 254 106 0 0 18 13 139 246 65 72 128
    71 255 255 11 91 150 255 81 218 0 224 202 191 112 159 221 255 234
    145 36 0 111 10 82 14 86 255 189 214 234 144 78 0 191 111 194 79 49
    180 0 15 163 255 46 92 255 209 12 255 255 163 113 53 13 255 255 85 0
    0 35 165 155 233 148 98 0 241 7 202 124 68 240 0 34 210 174 7 0 185
    211 5 51 255 255 0 0 209 173 0 222 150 0 0 0 105 172 255 203 189 255
    64 182 22 94 0 255 143 232 255 0 253 84 0 0 36 135 151 219 255 184
    255 33 25 203 0 20 78 0 0 248 255 89 250 255 255 126 105 95 164 219
    255 53 0 178 96 91 246 0 99 255 0 255 126 0 255 0 0 222 0 126 110
    226 255 108 255 67 167 204 255 255 168 1 208 209 0 255 255 218 0 125
    165 36 51 255 48 0 87 64 0 0 255 255 156 150 147 97 246 173 216 12
    255 38 144 24 83 197 126 35 79 208 255 78 154 138 18 160 0 255 0 234
    44 55 255 225 96 168 255 55 58 255 172 255 41 255 208 0 0 220 0 255
    0 53 255 255 255 116 0 255 0 0 255 233 86 232 255 102 35 255 2 248
    200 5 0 255 142 255 0 0 200 0 0 135 207 21 0 222 255 0 0 12 0 255
    115 255 255 0 255 0 0 208 146 71 90 56 153 0 92 16 54 59 163 221 133
    255 66 0 27 0 255 215 171 225 0 0 106 209 255 185 174 255 0 0 18 156
    231 255 56 255 255 196 0 0 0 209 154 121 255 213 145 0 10 62 0 2 244
    18 188 107 0 202 126 243 0 0 189 233 59 0 255 188 79 100 0 0 255 45
    255 78 0 255 255 18 127 255 41 9 0 174 0 224 66 255 101 195 185 235
    144 255 255 106 165 22 0 20 9 143 125 255 255 255 0 0 211 98 36 209
    255 249 1 176 194 56 147 255 136 137 170 255 0 150 197 56 0 187 157
    107 241 210 41 0 83 208 102 6 184 130 39 255 197 0 255 0 36 192 255
    91 137 0 116 234 10 28 12 0 9 138 0 178 117 125 255 57 6 187 82 255
    10 236 44 71 23 234 33 140 0 25 61 218 0 237 243 172 202 0 255 217
    91 0 13 177 0 152 192 0 102 50 255 66 110 112 212 148 0 255 168 124
    106 98 205 0 0 245 0 255 129 94 229 255 255 255 0 186 238 145 216
    216 146 62 117 0 141 222 181 4 0 255 212 110 0 42 191 111 216 0 50
    240 122 117 241 158 189 129 255 17 22 142 170 60 213 0 99 38 170 99
    193 174 255 117 0 55 229 255 217 0 255 231 31 57 167 148 185 0 33
    144 0 197 6 0 0 170 79 133 2 24 224 0 255 129 223 235 170 221 0 236
    205 255 158 106 209 96 236 94 34 137 0 214 105 255 255 0 147 234 255
    49 0 255 0 249 255 54 4 0 92 0 203 80 255 151 224 229 0 31 118 45
    255 220 144 210 0 18 129 0 102 255 198 188 255 255 0 165 99 55 241
    88 219 57 136 69 30 0 0 0 255 164 255 119 102 255 86 116 255 165 255
    0 255 0 255 0 46 133 30 255 157 40 255 255 175 255 0 59 182 102 255
    141 254 194 74 0 84 255 102 0 126 75 138 21 0 217 0 0 255 171 255 0
    255 186 0 255 255 190 166 255 27 0 0 0 0 0 0 133 255 0 224 255 0 255
    29 5 104 0 255 0 192 193 30 255 196 169 182 57 255 0 150 122 0 19
    182 149 226 49 69 0 0 184 67 2 255 102 255 0 97 10 113 255 230 160
    88 76 0 0 150 0 151 255 255 255 255 7 91 217 255 164 255 0 194 255
    176 116 50 67 181 255 208 58 255 255 210 173 178 125 233 120 255 19
    0 196 0 244 130 107 0 191 247 240 90 255 247 151 0 168 241 255 148
    65 0 0 255 50 255 203 255 93 255 1 26 106 192 255 0 82 249 67 232
    217 243 74 232 0 121 76 0 95 8 255 255 0 5 0 254 255 0 102 255 0 0
    32 255 210 25 64 255 228 120 71 146 1 120 241 11 53 0 84 255 251 20
    10 97 53 109 0 255 58 0 255 255 188 215 255 155 168 103 0 186 243 77
    25 0 222 247 124 31 169 55 155 124 100 95 148 0 255 0 110 192 199
    255 255 206 255 248 0 192 0 64 61 0 0 255 225 82 79 32 255 80 71 22
    0 0 5 65 255 0 140 237 255 59 255 86 118 42 0 154 255 0 71 21 255
    214 201 0 44 255 71 0 191 0 0 240 75 153 255 160 174 233 0 255 255
    102 60 189 54 145 0 59 0 0 207 130 108 0 0 91 0 150 80 170 48 254 0
    239 0 100 255 166 255 190 203 213 224 85 156 41 0 52 218 250 209 255
    107 0 38 223 255 91 97 187 255 88 219 255 203 143 249 0 171 58 0 255
    255 224 0 166 53 255 0 166 31 133 0 255 255 47 0 244 183 108 255 0
    90 255 0 164 0 255 244 174 144 255 255 255 0 155 255 114 100 95 0 0
    43 0 185 0 0 0 0 0 98 160 0 255 204 0 255 48 57 255 210 91 168 34
    218 255 103 0 255 64 0 85 93 0 60 0 248 255 255 0 0 115 9 233 167 0
    0 23 170 176 134 114 145 255 0 55 255 234 255 255 244 255 65 255 106
    255 65 0 77 173 255 224 181 255 211 255 31 30 255 222 0 143 44 193
    30 174 152 164 0 255 227 90 255 89 35 255 255 108 187 181 0 193 255
    0 40 137 0 177 255 74 118 20 255 0 0 22 233 34 255 240 255 164 0 255
    0 171 0 174 255 81 8 0 255 26 88 247 241 17 0 155 85 0 164 208 4 0
    255 0 255 255 255 138 86 195 76 38 204 0 141 255 45 51 255 188 28
    135 76 255 81 234 127 112 0 118 0 0 129 0 243 178 207 0 255 67 44 0
    138 0 0 178 182 63 0 255 153 234 194 8 255 50 255 255 0 131 0 0 255
    255 0 106 0 255 217 0 73 118 114 166 255 75 46 78 33 218 255 141 87
    255 0 119 0 41 4 0 220 110 255 97 0 208 247 0 169 139 87 196 168 205
    255 255 94 24 63 255 26 0 0 113 0 0 0 0 78 119 233 255 6 246 255 255
    225 114 255 86 197 255 181 88 254 230 69 21 0 255 255 255 63 199 255
    240 0 255 255 0 183 171 20 0 0 0 173 255 99 84 233 0 0 255 204 0 195
    47 255 255 59 255 255 212 107 255 255 0 255 111 0 44 0 6 0 152 45 95
    121 85 47 175 46 122 38 221 192 255 159 255 0 179 255 161 133 139
    255 255 127 168 142 153 233 0 241 84 35 50 255 0 202 255 117 67 0 88
    229 238 219 255 0 255 122 0 64 244 66 136 179 198 122 92 59 255 176
    0 84 35 255 0 240 28 132 0 17 103 172 0 116 236 255 84 94 62 175 139
    73 0 0 100 0 224 136 239 106 244 0 78 71 237 234 49 103 0 136 0 165
    255 171 125 93 0 60 255 167 0 112 0 108 59 0 93 139 0 255 225 196
    255 0 0 139 9 255 0 245 0 0 17 0 245 251 75 32 182 33 120 0 118 116
    0 219 4 0 69 255 66 8 73 137 49 77 118 31 31 255 0 0 131 231 0 239
    163 212 141 36 0 255 255 215 172 201 137 45 0 99 255 251 39 0 156
    100 0 245 84 221 7 255 9 245 89 126 112 255 124 255 181 55 255 102
    98 115 0 255 217 0 92 0 225 205 255 209 234 97 6 0 255 13 6 170 62 0
    49 0 0 96 57 227 225 113 0 155 61 29 208 248 255 0 240 231 227 82
    145 219 0 0 0 235 23 0 190 141 227 125 90 210 57 23 229 120 32 0 0
    164 240 0 192 197 113 0 127 0 122 59 69 255 36 255 124 116 0 143 0 0
    0 255 0 57 245 0 255 65 255 255 251 0 185 255 14 0 0 19 255 172 153
    52 255 255 174 128 34 78 199 0 63 255 190 255 128 252 255 84 59 182
    0 56 0 141 0 255 108 26 166 38 212 114 127 222 14 84 193 80 0 228
    242 150 254 255 69 59 195 255 183 163 249 190 209 255 255 255 236 0
    200 116 0 0 248 117 124 244 0 151 255 29 255 27 245 55 255 145 255
    89 0 169 0 131 43 143 143 86 89 255 76 206 43 255 95 121 255 87 241
    172 150 73 115 255 255 255 24 255 108 102 219 209 0 24 127 0 73 190
    89 255 200 200 0 171 255 255 45 121 242 101 255 0 0 213 0 69 255 18
    0 121 31 182 171 144 204 255 255 255 49 248 200 201 37 255 127 0 255
    110 238 63 0 37 0 211 0 0 187 19 0 66 0 125 127 22 117 140 17 95 188
    174 0 255 42 64 104 31 186 179 231 65 17 85 178 31 0 49 130 0 244
    217 0 255 37 255 72 185 255 23 124 107 255 221 255 109 255 0 29 91 0
    228 255 32 205 255 246 189 0 33 0 255 23 211 127 159 164 90 0 255 0
    144 9 191 0 68 182 155 0 0 222 0 198 236 157 54 46 169 177 0 193 148
    249 74 155 255 78 255 0 179 33 255 196 208 183 37 169 0 111 255 59 0
    0 0 0 0 212 226 140 112 129 0 182 255 109 0 161 0 99 75 105 166 255
    217 132 0 171 54 43 0 255 116 0 28 255 203 60 0 45 130 132 17 0 0
    255 0 81 0 0 0 255 192 91 0 196 58 247 148 116 255 0 3 93 255 255
    135 194 242 113 1 215 111 31 0 190 0 200 213 0 132 145 88 94 0 15 86
    208 60 255 94 0 162 154 0 151 255 255 255 163 0 255 77 66 104 239 74
    255 255 255 255 223 209 213 0 255 203 22 0 255 153 223 111 0 255 255
    255 254 63 255 0 247 168 100 29 0 148 255 121 255 255 106 0 255 16
    140 39 255 169 53 0 231 197 0 222 254 174 207 0 2 255 180 75 255 255
    249 255 23 255 255 4 189 102 122 107 0 0 255 27 0 244 157 25 243 48
    109 0 255 144 165 221 7 161 158 0 176 192 198 255 0 14 110 0 27 130
    158 108 47 255 188 105 255 141 254 0 255 14 137 238 208 165 102 45 0
    30 192 190 220 255 76 27 149 136 255 0 255 255 159 0 214 255 0 106
    60 0 25 0 94 38 192 17 28 0 11 2 91 193 100 126 53 255 255 157 255
    181 198 0 0 195 255 239 255 0 0 0 133 255 149 93 103 255 0 32 0 0 0
    73 82 254 194 158 145 0 194 255 62 175 0 219 255 23 0 86 0 255 123 0
    237 0 255 57 27 255 22 166 151 253 235 168 255 31 245 64 0 54 0 101
    0 220 0 0 167 35 207 0 255 8 82 120 229 207 215 187 197 217 109 230
    148 255 0 0 255 171 179 120 0 19 255 217 235 0 228 149 255 255 197
    228 0 113 255 214 45 10 255 3 255 243 83 216 31 99 3 45 255 238 112
    210 0 170 247 212 253 35 255 67 55 105 154 2 255 73 255 105 68 218
    48 28 68 140 116 41 249 139 37 0 0 116 47 230 255 208 255 154 46 199
    0 13 223 187 0 176 90 255 0 0 149 0 0 0 103 214 93 41 255 228 72 255
    24 255 59 55 125 162 32 155 133 255 255 173 169 129 139 168 0 221
    135 145 255 255 0 0 0 0 252 147 135 255 96 0 18 255 0 216 255 255 3
    240 255 103 93 180 202 40 26 30 255 0 119 58 35 12 210 0 107 255 231
    158 4 0 194 255 192 119 42 140 0 255 200 231 255 0 106 42 163 154
    255 255 179 110 85 255 0 205 111 127 165 144 137 255 255 16 187 220
    155 0 17 184 255 206 60 179 163 32 255 179 0 207 0 251 255 255 165
    231 240 0 163 173 255 33 140 139 255 85 143 71 210 255 255 79 236
    255 0 255 164 151 65 218 0 134 0 0 134 63 255 0 0 136 121 205 119 0
    51 9 0 22 255 0 26 0 213 255 2 0 255 96 144 187 0 109 0 0 255 207
    219 243 58 255 0 255 0 0 154 190 47 217 116 100 72 0 193 255 127 66
    0 152 25 115 0 248 79 191 0 255 139 250 157 36 226 0 26 255 67 53 0
    232 208 0 255 107 0 255 131 175 255 0 224 56 16 255 167 255 36 0 255
    10 147 164 0 0 238 243 255 201 243 4 71 110 0 145 140 148 212 80 93
    255 0 168 26 200 0 236 156 241 0 27 10 186 0 228 0 153 160 171 0 199
    0 255 255 255 0 4 111 226 134 255 171 197 13 182 255 128 255 0 103
    245 255 246 182 46 157 255 8 9 117 205 0 237 104 234 212 255 28 191
    0 222 1 255 95 255 175 0 101 117 81 160 255 49 228 65 42 0 36 111 81
    109 98 0 255 89 173 190 214 98 184 139 213 255 236 2 255 223 255 1
    189 139 255 0 121 255 26 105 255 255 170 0 142 101 255 34 96 171 106
    255 251 231 0 152 255 89 255 221 154 255 0 121 255 0 255 239 0 45
    126 125 209 189 106 50 244 212 0 208 0 0 209 201 255 0 0 224 0 144
    255 0 0 190 255 155 0 234 0 0 110 0 255 255 14 248 91 100 255 0 77
    255 251 207 168 34 0 104 255 164 255 221 161 18 0 136 205 0 7 172
    176 120 0 88 21 255 255 238 116 175 195 235 0 0 0 0 255 38 3 172 34
    253 141 255 0 0 255 236 0 199 0 0 0 57 0 255 0 255 255 190 246 92 0
    13 255 0 255 0 0 255 9 0 92 104 111 224 132 255 33 0 254 171 61 67
    171 85 110 66 210 255 227 255 255 160 58 141 43 0 84 0 36 0 145 255
    255 218 199 150 216 131 159 0 70 0 74 118 240 255 41 182 255 0 255
    255 229 170 124 47 240 255 125 0 130 80 0 255 189 89 150 255 255 222
    81 100 0 255 255 114 216 0 61 255 0 156 52 0 255 180 0 0 131 127 60
    39 255 255 27 169 255 217 169 114 60 0 73 236 196 135 255 193 114
    255 255 33 255 172 85 255 201 0 116 255 0 80 220 206 174 60 66 237
    234 255 150 255 255 143 121 157 219 74 69 0 14 39 0 131 245 0 255
    155 68 175 0 27 230 255 0 0 234 255 139 0 224 62 179 255 196 255 211
    0 108 255 43 255 165 201 0 75 68 255 23 202 202 8 0 102 88 30 226 51
    255 160 68 255 163 0 161 94 255 0 172 86 48 11 223 50 255 128 216
    200 119 57 0 255 255 131 255 139 255 255 178 255 255 255 95 164 246
    85 255 135 213 242 194 0 234 63 118 47 109 142 252 67 122 207 0 136
    0 31 0 175 0 31 152 255 186 99 0 0 63 226 230 111 71 178 0 169 15 51
    255 0 143 12 151 222 140 0 0 255 50 16 166 255 145 60 55 207 71 114
    86 255 255 0 255 54 165 68 24 0 24 0 78 0 43 80 183 191 255 255 255
    255 94 218 255 159 0 0 0 93 144 127 25 113 170 0 154 255 155 255 188
    211 214 192 0 11 255 81 0 0 0 215 0 255 255 201 255 133 22 255 56
    255 0 0 42 23 0 255 0 147 12 0 5 53 36 255 166 252 219 0 232 0 11
    255 255 203 204 37 204 162 0 0 0 0 0 165 33 51 0 165 255 213 255 0
    229 230 67 0 117 246 14 139 83 0 0 144 192 131 51 0 0 0 0 237 219
    192 35 8 97 255 82 90 255 151 231 255 3 255 179 255 255 157 146 0 0
    16 142 255 164 0 143 69 62 0 0 43 0 255 36 162 255 100 255 0 255 255
    0 28 20 90 16 218 0 255 167 95 44 117 0 73 255 131 182 163 0 243 206
    255 255 79 255 255 70 0 99 0 3 105 0 171 129 214 117 14 68 0 0 248
    255 206 78 197 231 255 87 92 0 121 194 73 35 255 0 27 34 0 25 221
    106 102 255 132 49 0 151 25 14 250 194 57 197 0 135 3 14 0 47 112 0
    86 34 0 0 47 177 255 255 46 255 186 255 85 223 10 0 255 255 255 172
    255 11 112 255 0 28 0 56 232 255 255 255 102 0 75 19 255 167 189 255
    239 133 255 3 255 94 5 0 52 54 14 232 0 255 169 203 206 251 120 0 32
    80 166 63 0 31 142 255 159 255 227 21 216 0 215 156 46 106 97 0 0
    249 227 0 255 47 255 89 93 198 201 255 255 176 255 255 0 89 193 0 63
    61 99 0 2 16 0 131 0 32 142 67 98 252 255 0 255 136 231 255 0 147 0
    38 170 186 137 255 244 153 74 121 255 0 63 59 0 162 51 255 239 158
    255 176 134 86 0 170 105 184 75 187 255 127 171 255 208 128 0 255 0
    195 8 87 145 128 213 93 255 0 255 255 49 25 64 233 56 8 255 255 255
    0 119 169 0 90 183 201 255 95 91 226 194 0 145 69 23 166 6 104 185
    108 0 182 234 209 255 125 32 0 250 255 148 215 48 141 255 0 0 0 82
    255 0 37 0 13 65 57 74 231 255 182 255 255 198 117 35 141 35 0 178 0
    103 34 0 169 255 58 255 120 255 81 220 137 0 255 0 255 116 108 255
    242 0 161 84 0 123 255 255 155 0 255 17 255 255 27 111 81 105 113 0
    0 0 131 0 255 196 155 255 0 122 255 255 98 0 139 0 124 207 0 112 163
    5 0 227 85 255 0 252 181 36 86 255 212 157 184 193 4 255 15 161 108
    255 95 0 128 4 0 6 55 76 126 0 60 0 0 255 5 225 255 126 32 71 255
    198 113 0 96 167 255 174 22 29 213 0 0 20 150 20 255 105 0 255 210
    255 234 55 176 255 255 255 49 0 255 255 0 225 63 225 134 0 255 152
    175 23 76 25 94 196 0 25 69 100 0 1 12 166 255 0 119 0 255 222 255
    255 79 23 0 0 200 255 183 174 255 0 46 174 20 144 138 241 176 36 34
    244 255 61 40 255 255 41 0 254 255 111 0 255 0 18 255 0 0 126 0 0
    255 179 243 156 190 146 0 151 215 118 17 170 19 137 58 0 166 102 6
    41 96 239 179 188 255 255 155 66 179 3 50 0 0 0 89 217 94 201 113
    255 0 122 255 44 255 167 255 102 255 255 230 18 117 0 231 0 216 54 0
    119 19 76 125 31 0 143 0 255 255 147 0 255 195 199 175 27 255 0 255
    88 97 70 234 149 199 18 67 89 12 249 148 80 255 255 255 0 126 220
    168 128 128 6 255 231 0 194 111 68 255 165 244 128 0 246 241 14 255
    255 232 201 255 95 0 115 107 0 25 50 0 194 85 91 145 179 255 208 106
    255 0 148 0 122 207 220 255 84 22 255 45 175 200 179 240 138 0 100
    185 58 255 163 196 255 129 14 224 0 85 255 0 81 239 86 147 255 65
    209 218 0 255 220 0 255 22 88 179 25 173 247 50 255 147 0 123 247 0
    56 255 57 110 181 67 255 255 248 255 198 110 221 0 81 255 122 0 92
    255 134 15 185 203 234 141 161 90 255 0 249 255 83 0 202 128 68 255
    193 0 114 103 228 0 31 255 85 35 146 0 0 160 0 0 137 0 105 0 12 229
    255 0 8 85 156 118 0 255 0 255 255 209 44 67 170 255 99 208 207 0
    255 0 255 0 0 91 0 0 255 255 255 0 255 26 98 255 75 74 157 100 234
    115 95 26 64 255 75 255 255 197 79 211 181 120 161 236 255 255 42 0
    107 0 92 0 238 103 197 239 255 69 236 171 120 137 255 49 255 7 0 173
    255 181 181 104 247 219 255 21 10 175 77 255 255 255 220 170 106 255
    53 122 171 90 0 1 206 248 22 171 177 225 94 170 193 0 37 113 220 237
    255 209 175 76 106 0 203 0 246 0 255 54 0 150 3 100 183 169 33 237 6
    255 71 82 191 10 0 255 140 171 176 0 128 0 147 161 132 14 38 155 19
    0 228 23 188 103 161 85 111 168 59 0 0 120 0 113 168 88 99 141 23
    211 0 255 148 0 96 62 141 202 217 255 103 147 126 255 197 239 149 97
    2 60 255 145 18 206 254 158 82 255 10 55 230 82 31 62 32 191 255 103
    14 0 0 43 151 0 35 255 48 0 0 0 184 0 172 158 0 0 101 0 0 0 255 255
    130 199 110 84 255 178 22 255 84 0 0 47 0 189 24 65 75 25 186 0 0
    255 84 0 49 255 240 255 58 254 115 130 52 255 0 230 0 169 74 255 0
    238 185 220 16 107 190 123 202 255 112 114 228 255 68 162 255 58 179
    0 113 255 242 255 255 54 222 0 171 255 109 0 23 255 255 0 48 17 195
    42 0 90 32 88 51 118 0 69 142 175 83 0 0 0 79 0 114 172 130 255 0 0
    242 0 222 20 255 150 226 255 87 62 255 241 0 25 0 195 140 179 82 255
    55 91 30 44 42 210 184 255 255 0 190 255 43 0 0 204 0 124 183 41 255
    0 13 204 213 121 255 172 0 255 0 255 231 255 143 250 15 43 28 21 93
    193 62 226 255 0 0 74 67 255 244 255 255 101 203 209 255 255 0 255
    62 218 133 110 198 255 80 203 0 0 185 101 102 0 0 55 32 240 43 68 0
    244 0 144 60 0 0 255 39 0 169 255 160 22 255 0 0 0 255 233 220 255
    229 255 197 113 31 255 0 230 222 135 255 87 255 255 55 182 255 173 0
    0 75 90 63 0 85 255 163 53 227 110 141 255 188 255 0 34 229 255 104
    74 49 255 237 128 22 110 68 0 88 255 178 255 0 0 72 255 77 0 0 110 0
    245 255 0 6 144 255 70 0 255 0 255 255 14 25 186 255 221 255 222 157
    199 255 255 0 164 0 0 31 7 255 143 255 0 0 255 255 255 142 0 0 232 0
    125 135 191 21 100 228 224 42 117 255 255 139 185 156 196 255 255 0
    36 118 0 86 149 255 171 166 255 113 0 103 67 0 85 57 0 0 0 127 57 60
    164 255 91 44 149 111 25 59 57 48 255 86 0 12 236 0 70 50 0 189 204
    204 25 255 255 177 255 230 181 0 255 180 255 255 209 0 255 21 226
    239 254 255 0 213 255 0 0 251 0 193 0 80 0 241 0 52 44 99 78 231 242
    0 255 255 0 59 170 0 220 214 0 255 226 70 98 0 6 207 199 154 255 105
    55 203 80 175 141 255 255 0 0 182 221 255 32 0 255 255 95 255 101 0
    255 72 153 172 0 58 46 17 0 39 57 128 48 217 0 186 14 51 0 255 52
    240 96 126 255 0 202 206 190 194 255 237 32 0 157 144 0 0 0 255 220
    0 165 0 57 255 175 0 242 255 0 217 25 0 0 0 255 130 0 108 255 159
    185 255 78 8 255 173 88 255 242 124 255 167 151 45 145 106 120 255
    81 255 255 171 0 0 107 217 160 160 147 0 252 205 0 156 255 255 230
    166 255 185 94 139 255 255 0 149 57 165 44 119 255 255 85 100 0 0
    255 174 144 13 0 1 255 255 0 62 133 255 0 74 255 0 249 0 0 255 111
    255 50 249 107 145 0 0 86 255 0 22 0 73 0 188 255 113 255 227 71 185
    115 0 105 0 200 116 255 255 156 65 101 70 116 24 0 255 220 238 113
    255 42 0 114 76 0 255 255 177 105 255 167 218 232 91 255 171 0 0 0
    128 0 144 75 146 230 0 255 144 90 175 0 255 147 255 97 31 141 88 176
    0 255 105 54 184 156 247 73 255 255 116 255 5 0 195 75 251 64 224
    255 46 199 0 68 255 62 0 23 0 49 45 73 206 166 197 215 25 161 46 0
    22 255 137 0 255 0 255 198 73 154 128 166 63 255 255 255 118 193 115
    0 255 204 141 102 151 234 43 0 0 251 132 220 232 0 42 9 230 71 167
    255 237 137 214 149 255 255 232 52 0 223 239 109 238 27 0 255 255
    231 255 107 255 255 0 110 29 44 48 16 102 23 0 43 78 159 0 62 236
    235 0 0 129 255 149 0 230 196 49 0 72 153 32 255 232 255 0 210 12
    131 98 255 0 255 106 118 174 255 122 255 0 240 136 21 15 255 255 255
    123 203 0 116 168 178 24 9 255 45 17 208 0 255 74 0 64 175 165 131 0
    255 51 255 10 255 221 213 85 132 139 19 255 237 228 0 133 161 76 0
    255 158 112 255 60 121 67 0 0 0 79 0 20 206 59 40 207 255 78 0 96
    255 57 126 108 142 15 122 232 46 232 107 0 0 0 0 0 0 210 0 255 195
    176 0 169 65 0 255 0 255 228 0 172 37 255 26 0 158 145 92 116 0 134
    255 255 0 83 255 233 121 255 0 0 0 10 64 58 140 154 255 43 249 214
    144 255 104 220 148 250 105 76 255 255 0 255 189 101 243 67 255 0
    189 255 97 186 53 22 255 0 8 14 121 122 108 255 0 14 47 3 137 172 0
    130 255 227 255 170 66 206 0 132 0 254 171 0 31 0 185 231 255 37 154
    0 72 232 53 255 0 3 150 255 0 61 255 0 255 192 63 54 95 0 152 83 148
    80 74 170 0 84 153 100 95 68 0 152 0 120 255 34 247 94 10 0 255 181
    0 255 24 109 255 146 255 0 88 0 84 85 0 217 244 255 125 255 255 0
    255 79 209 111 80 255 125 191 255 53 246 80 0 10 9 81 146 255 0 0
    255 0 255 246 86 193 250 0 103 122 147 194 255 255 156 0 38 0 177 0
    121 145 112 197 253 255 244 0 255 0 136 0 211 0 98 255 255 0 184 255
    205 249 255 255 99 255 0 0 78 46 193 3 221 23 225 136 249 127 255
    204 69 25 60 79 140 26 255 13 77 20 33 240 255 135 3 138 29 199 170
    125 0 219 173 168 255 0 0 255 0 0 126 212 255 165 72 165 3 0 58 196
    203 155 255 255 110 140 0 243 196 9 255 34 0 152 177 109 59 176 100
    255 152 255 86 255 0 255 255 255 197 0 251 0 255 55 0 0 0 0 0 43 255
    37 192 182 0 255 186 3 255 140 255 134 149 255 255 3 15 197 107 0
    255 205 66 183 110 67 255 0 45 245 191 133 157 255 187 0 0 255 162
    56 96 84 90 0 11 198 182 0 66 1 122 114 251 182 255 32 0 156 63 0
    255 10 255 58 249 255 240 121 0 100 255 255 0 79 66 69 0 255 82 212
    255 189 192 65 255 156 0 209 255 111 216 132 103 208 112 115 0 221 0
    98 255 101 83 0 255 0 239 255 0 255 96 63 235 29 0 0 159 145 169 57
    255 255 0 188 164 29 149 255 0 189 0 0 93 0 57 133 0 88 222 21 57
    105 165 228 120 93 0 27 7 0 9 0 10 255 200 0 204 231 155 117 255 241
    166 34 0 135 214 22 84 255 45 155 14 0 107 199 33 0 145 253 226 159
    151 97 89 0 0 0 0 135 181 216 255 167 117 28 201 0 170 97 111 10 148
    255 12 252 181 0 255 255 0 0 69 187 255 203 255 0 98 67 232 255 56
    51 255 0 0 254 0 171 104 255 114 38 255 148 0 27 36 112 0 255 255 13
    255 0 141 44 193 255 0 0 0 255 149 78 255 0 186 107 43 174 230 255 0
    255 216 246 255 171 0 0 0 0 134 0 0 201 19 254 0 255 99 223 179 182
    255 255 166 75 18 0 225 96 118 255 0 131 255 150 189 190 131 71 229
    98 20 0 0 130 202 233 2 255 0 0 0 0 26 0 0 255 166 4 31 255 164 197
    255 165 255 0 108 173 62 35 0 13 255 255 97 243 0 251 129 170 255
    137 255 176 139 255 206 33 1 255 5 0 19 0 24 61 59 210 0 255 0 186
    255 235 0 0 191 189 154 255 188 79 163 10 217 186 254 0 36 32 228
    138 255 255 25 74 125 255 40 255 125 138 255 162 162 0 89 255 255 0
    255 255 0 237 47 201 35 0 93 168 0 255 102 136 100 255 89 0 255 255
    0 109 223 0 211 234 255 255 0 202 13 85 1 29 255 228 0 0 198 0 0 0
    255 0 2 249 0 255 117 4 136 142 255 0 13 255 255 12 94 109 73 130
    255 0 200 255 255 171 114 0 0 118 55 110 255 153 255 13 0 52 165 0
    96 94 255 255 14 33 217 94 0 171 33 255 255 28 59 96 40 0 255 255
    255 255 53 255 62 158 255 31 27 85 255 157 0 239 211 136 123 255 0
    255 0 179 255 64 255 13 0 0 219 135 253 55 55 140 255 243 255 95 230
    255 0 255 0 129 251 255 97 255 201 2 160 203 0 244 130 183 243 255
    255 7 133 255 0 225 255 247 230 154 9 205 173 152 120 23 255 92 85
    55 143 153 0 74 0 255 93 95 184 88 255 0 31 0 139 254 137 121 245 0
    194 255 29 0 173 145 212 185 59 255 0 55 182 59 255 255 220 183 0
    255 159 56 216 121 255 112 141 8 0 255 255 74 0 255 255 135 118 247
    0 175 20 255 11 100 255 0 223 231 11 154 134 80 193 5 21 0 170 9 109
    112 99 59 28 112 0 255 21 151 77 213 226 177 234 70 216 223 231 26 0
    72 6 172 245 255 255 0 130 243 25 91 255 1 212 0 0 0 201 255 13 80 0
    255 255 0 176 237 255 255 215 18 255 255 181 255 255 140 216 146 20
    0 0 101 112 182 255 165 232 187 102 255 255 19 108 0 27 179 148 182
    238 0 175 58 182 84 21 92 255 130 255 255 255 171 209 255 146 81 33
    255 69 0 204 169 0 59 70 247 0 227 247 255 0 25 255 63 0 252 48 25 0
    255 229 140 0 51 66 149 0 198 204 0 112 235 169 0 136 255 54 147 77
    255 85 86 174 83 49 79 94 78 52 0 88 0 112 165 0 117 176 116 0 224
    12 0 106 167 19 0 0 41 38 232 117 255 61 254 0 0 33 0 74 45 1 255 38
    203 207 113 86 126 0 255 0 0 211 205 255 255 82 255 59 125 123 106
    22 223 175 59 255 208 250 255 255 50 246 166 137 50 248 120 19 255
    163 117 113 255 232 212 164 201 0 51 160 71 23 255 144 255 255 70
    115 0 60 0 137 154 255 253 255 255 0 255 161 179 52 16 255 12 222
    255 116 42 255 39 0 54 128 164 44 255 0 0 0 117 200 8 79 255 64 0
    255 127 132 44 247 78 255 57 0 22 0 0 255 255 0 2 255 250 255 82 255
    155 0 251 0 254 186 255 78 0 191 3 255 115 255 18 251 58 242 155 130
    0 46 255 0 0 248 230 180 24 255 205 0 0 29 63 93 255 251 41 33 141 0
    213 161 29 158 156 187 246 11 0 190 0 0 0 122 229 21 253 11 177 0
    242 0 28 115 255 12 61 184 201 255 0 22 162 0 255 68 0 104 211 130 0
    113 165 97 203 255 168 17 43 228 255 190 62 116 255 255 255 0 255
    145 53 34 183 255 8 106 0 127 75 122 0 255 235 100 90 54 255 76 211
    255 0 0 191 255 19 49 255 222 255 244 0 255 161 153 206 194 107 0 32
    255 0 0 0 250 0 0 62 111 21 116 37 165 147 0 3 0 6 19 146 209 33 17
    0 184 145 205 0 122 24 0 255 237 4 255 90 94 103 165 63 51 255 74
    218 122 133 255 129 233 0 64 121 34 98 27 128 36 111 255 0 0 122 0 0
    0 114 255 255 81 195 178 0 98 183 184 255 54 255 255 112 152 0 84 19
    0 168 9 0 0 157 111 0 177 43 29 255 78 212 0 0 107 255 127 255 186
    226 31 0 75 0 254 255 77 0 200 173 177 136 0 255 78 145 179 0 255
    244 186 0 255 217 240 173 255 114 53 0 104 132 59 255 0 227 88 255
    255 255 255 35 233 255 74 255 17 36 255 5 212 139 0 0 191 29 70 0
    107 108 0 255 255 0 66 243 137 18 104 255 39 255 25 0 194 0 255 255
    240 37 127 69 229 255 225 187 255 0 255 0 255 0 46 182 255 153 141
    223 197 31 69 0 30 125 91 157 203 175 43 240 0 255 0 159 110 59 18 0
    0 149 0 0 0 169 255 159 255 146 207 85 255 4 60 128 212 255 0 255
    132 0 208 130 73 0 134 0 0 237 164 139 170 6 218 225 255 187 247 215
    127 255 250 255 7 152 75 255 255 0 172 4 75 255 255 0 158 255 113 0
    255 255 0 251 0 255 42 89 126 0 247 133 51 0 107 233 7 106 0 35 37
    243 81 255 124 152 18 28 0 68 144 212 255 204 255 181 114 179 222 0
    255 172 57 240 0 255 158 0 171 248 10 255 103 22 252 255 233 153 129
    255 255 186 211 241 255 255 255 242 96 233 59 237 255 41 255 216 142
    104 117 85 0 14 129 86 255 175 202 255 186 0 65 210 10 173 0 0 0 72
    255 100 66 255 0 141 0 255 196 255 0 253 255 99 0 210 255 0 250 57
    200 247 251 124 184 0 162 198 255 39 0 31 255 0 255 107 94 35 255 41
    0 0 205 255 186 183 146 223 106 120 73 4 0 166 255 194 28 124 56 237
    255 9 59 94 255 87 0 160 0 241 80 96 255 255 176 20 42 255 255 66
    121 121 121 255 255 224 122 0 133 51 6 150 255 120 225 255 255 41
    227 5 43 80 0 255 255 237 255 0 0 77 255 18 213 255 213 255 160 151
    0 92 239 166 0 76 60 74 255 255 219 0 217 255 244 255 0 121 0 0 0 0
    145 150 249 59 255 152 170 120 142 90 255 66 236 12 79 201 0 100 53
    88 146 0 242 255 170 132 131 2 255 0 106 165 142 5 0 255 100 0 255
    255 226 66 241 9 95 4 70 93 181 0 231 136 255 0 0 144 65 0 161 197
    255 19 45 159 100 151 243 99 109 245 0 66 74 131 61 189 255 0 211 24
    23 39 0 214 208 110 118 143 19 0 255 99 238 194 51 44 253 11 165 136
    255 207 64 0 58 137 141 0 185 231 134 255 19 234 95 42 155 204 136
    255 13 255 0 97 159 157 17 255 73 238 19 255 255 0 143 161 208 85
    148 234 179 179 10 224 2 176 50 17 0 209 255 49 101 210 0 254 255
    239 45 246 207 0 180 255 211 150 245 0 255 6 255 90 255 114 84 106
    255 209 135 174 173 0 0 0 27 95 235 9 181 255 0 100 0 193 20 255 206
    255 84 237 170 41 255 146 166 177 117 0 138 0 0 202 111 203 255 21
    22 61 200 5 255 5 200 190 135 215 243 239 2 255 143 255 131 0 62 141
    189 8 192 160 176 201 71 255 255 208 255 113 255 247 1 0 237 204 64
    107 255 255 0 255 0 255 43 255 209 0 255 112 218 55 0 255 156 81 202
    0 0 187 0 224 255 255 76 42 117 188 164 22 255 154 255 18 255 216 99
    176 255 246 72 72 0 0 255 86 19 42 46 24 0 0 251 255 255 38 255 0 77
    0 161 255 35 53 255 255 0 89 255 255 225 0 71 165 255 168 0 220 255
    204 0 246 0 141 0 85 0 0 0 212 213 244 255 124 209 0 204 0 255 1 0
    75 45 255 255 15 255 96 47 0 162 255 192 73 0 255 90 54 156 54 255
    130 71 24 0 0 255 18 0 56 67 41 168 82 255 162 202 255 200 231 255
    40 255 92 255 0 131 0 97 32 0 9 255 255 144 255 163 111 42 255 203
    207 22 255 120 156 181 0 0 0 101 47 0 0 255 151 48 170 82 12 122 69
    78 119 0 0 161 157 94 121 253 255 78 172 0 0 0 176 50 197 232 255 51
    0 0 156 0 92 192 143 77 58 108 240 0 147 167 0 0 163 73 255 255 0
    158 215 0 245 255 169 0 11 165 77 0 0 0 0 203 85 128 255 84 171 240
    135 239 163 102 215 224 102 255 19 136 0 96 170 240 184 57 250 255 0
    73 180 193 174 205 104 0 241 255 119 0 135 255 0 6 255 245 24 191
    255 0 182 0 0 103 0 221 89 86 6 37 255 0 64 255 146 254 2 255 255
    197 255 255 16 255 32 0 0 32 131 247 127 197 139 255 133 252 0 255 0
    255 0 247 189 255 0 123 255 124 255 255 0 255 141 112 255 164 0 50
    255 40 0 54 226 38 0 135 152 0 177 204 60 132 255 82 255 255 243 0
    249 87 193 121 125 202 61 0 88 4 0 255 0 0 218 242 139 59 235 0 40
    114 51 255 120 206 255 166 0 81 87 167 4 255 0 0 249 165 0 0 255 255
    167 89 255 77 46 59 46 86 255 92 255 227 255 20 61 0 0 0 96 149 0
    116 255 166 173 0 175 235 0 0 144 92 24 112 0 165 153 135 148 238
    255 255 0 118 0 50 227 127 0 44 166 237 64 255 142 160 217 239 135
    18 20 8 0 250 9 216 0 87 255 160 255 114 0 255 124 255 125 255 151
    44 0 74 0 0 255 80 0 35 98 0 0 165 237 0 0 255 199 121 97 157 255 0
    0 184 0 0 0 0 0 184 255 173 185 191 0 92 85 229 246 205 69 156 255
    255 255 67 226 148 240 0 34 106 21 255 1 255 217 255 0 255 240 39 0
    126 208 223 13 255 116 122 255 0 194 220 216 4 255 0 0 3 255 42 255
    255 62 187 55 101 0 0 177 255 0 206 239 33 255 42 224 177 255 122
    252 219 255 201 255 123 24 255 130 255 10 237 180 0 24 226 255 49
    116 0 127 38 0 255 248 112 241 108 238 0 160 177 0 255 201 0 0 0 139
    46 228 255 255 249 187 248 0 255 255 0 0 218 255 255 225 0 72 0 178
    20 48 204 255 255 39 255 101 145 0 223 11 206 74 83 255 25 0 255 226
    194 255 198 60 111 0 48 255 201 55 255 46 255 255 130 255 0 255 255
    64 255 43 255 202 50 144 105 0 162 255 255 122 228 86 133 114 28 0 0
    0 0 0 0 0 194 255 255 209 255 255 224 255 214 121 16 0 255 41 255
    119 255 255 1 201 0 232 250 136 184 208 11 141 0 255 240 226 146 0
    115 0 248 255 112 255 255 37 13 166 83 79 176 0 3 217 155 10 88 231
    0 214 180 0 0 255 40 243 254 255 0 0 255 116 217 0 139 136 56 247
    255 255 237 255 98 46 223 214 16 0 229 210 0 128 209 0 188 255 246
    98 248 255 255 1 255 205 56 255 248 255 0 226 255 34 0 103 0 205 255
    103 255 0 0 6 199 204 0 255 175 212 0 255 203 255 0 193 255 221 0 27
    26 145 49 255 142 53 70 48 223 46 143 18 173 255 255 213 71 255 177
    113 0 100 0 153 222 134 255 238 231 233 255 103 0 0 90 65 196 255 88
    0 81 255 255 97 232 179 145 207 235 137 0 247 189 0 59 116 0 255 60
    126 204 79 0 226 172 95 220 255 255 0 181 205 36 211 32 188 255 87 0
    236 122 137 0 248 34 246 170 255 62 70 168 0 244 255 97 78 255 0 4 0
    34 126 167 255 69 98 116 255 218 155 79 255 77 255 0 166 56 179 39 5
    235 255 108 42 255 182 247 0 2 27 250 0 0 197 222 154 109 21 240 0
    255 33 0 6 243 82 0 171 214 162 201 255 0 0 98 255 201 0 208 44 186
    255 0 1 86 0 0 2 204 219 48 82 0 153 182 0 255 61 146 20 130 255 76
    103 0 50 251 0 0 13 59 25 255 39 0 211 9 65 0 0 92 0 198 255 255 102
    18 82 0 202 126 133 0 0 255 160 0 215 43 0 186 255 223 103 125 255 0
    0 0 255 224 241 115 0 255 36 0 255 153 214 104 173 234 156 0 250 148
    83 232 226 0 0 13 59 98 120 83 0 176 79 176 255 58 166 255 0 0 53 94
    255 7 87 255 207 0 43 255 119 90 113 137 0 89 109 0 255 186 179 187
    105 0 134 159 255 249 255 84 140 0 255 255 97 0 147 255 255 0 101 58
    182 0 234 131 0 65 37 178 0 0 7 255 255 0 208 227 56 160 255 247 192
    83 68 228 92 104 0 203 189 241 194 255 66 0 179 104 21 78 208 57 27
    109 177 73 208 47 254 129 31 255 0 247 255 255 0 0 0 255 171 6 178
    255 25 42 115 255 255 0 3 161 213 0 182 37 235 255 230 221 255 154
    11 0 146 7 0 255 0 35 242 0 171 0 255 251 229 34 191 186 255 180 0
    255 255 215 0 142 255 145 0 0 0 134 58 0 189 164 236 231 131 0 0 2
    255 255 0 173 0 231 85 239 255 255 125 92 0 12 120 146 197 0 255 255
    34 50 0 167 166 0 0 16 254 0 251 161 119 208 0 255 255 234 255 0 250
    234 88 0 0 0 190 82 20 116 177 129 251 19 115 0 51 255 243 255 188
    101 255 47 255 0 62 176 255 200 255 96 45 127 18 0 38 87 60 255 255
    100 255 255 0 45 214 255 196 234 52 107 101 0 0 49 60 203 142 99 135
    133 237 102 217 119 255 255 142 18 107 31 24 156 23 190 255 0 0 249
    7 163 250 168 156 0 125 206 210 35 127 208 191 78 6 0 33 195 143 171
    0 23 131 255 8 194 255 194 144 255 45 238 0 0 255 0 135 41 115 112 0
    139 0 255 255 90 200 82 240 212 146 150 68 155 181 0 0 255 148 32 14
    39 192 50 105 211 241 175 248 255 105 0 76 255 0 47 255 123 255 11
    108 51 255 179 82 120 100 255 44 203 22 255 0 0 109 186 255 0 173 0
    106 224 255 138 63 255 252 0 180 88 81 133 0 113 182 128 118 16 244
    251 255 255 26 255 201 31 132 0 255 197 255 255 255 124 255 226 255
    61 191 0 250 146 33 91 255 255 181 179 255 76 0 240 174 0 183 221
    255 229 243 82 0 69 18 253 248 246 121 114 197 116 198 0 0 168 233
    233 255 100 133 255 221 61 248 67 198 41 250 89 124 249 247 195 12
    255 255 0 147 0 211 46 181 255 255 0 152 17 124 163 0 0 85 131 255
    80 193 9 255 0 255 8 255 101 255 96 255 239 255 77 2 126 58 150 255
    8 215 17 239 0 235 226 255 255 49 195 28 170 255 252 150 133 153 92
    255 124 226 255 0 255 255 68 0 249 255 205 255 36 222 207 255 99 157
    255 0 255 0 44 158 77 84 0 0 255 140 198 162 255 223 192 37 31 9 0
    101 72 4 255 255 28 255 163 255 255 56 151 185 157 0 200 25 255 255
    250 198 198 255 255 16 255 255 132 147 155 81 255 255 91 0 125 255
    151 198 0 177 158 255 0 178 166 67 174 0 0 0 171 47 197 211 255 0 0
    255 9 255 168 255 137 81 168 211 98 255 0 200 255 34 174 0 255 130
    155 103 255 120 111 255 90 41 55 218 238 255 0 255 158 119 159 10 10
    80 86 160 188 221 255 255 255 0 86 255 122 170 225 54 0 0 255 217 43
    255 255 255 255 90 187 6 118 76 209 152 255 0 130 212 25 27 255 170
    255 0 255 139 0 255 88 255 255 0 19 17 184 27 7 124 13 0 0 92 252 84
    255 0 255 60 145 151 155 239 212 227 255 96 159 0 64 151 255 143 0
    24 255 255 161 255 234 65 90 83 255 225 98 255 236 103 105 96 237
    201 255 0 255 208 44 0 255 0 88 255 30 99 255 255 77 46 189 68 131 0
    0 94 12 255 255 81 162 224 31 0 0 166 108 0 171 255 80 0 81 160 123
    42 255 255 7 165 246 163 127 41 155 236 255 246 62 187 52 113 210 83
    255 0 235 255 255 254 255 161 84 4 0 255 213 0 0 255 75 232 136 240
    0 255 255 104 112 0 108 255 207 143 138 16 255 0 96 51 255 0 59 243
    0 255 59 179 0 0 233 0 255 237 33 0 222 0 220 106 255 45 0 244 255
    255 255 255 255 57 206 0 179 255 24 183 255 186 255 150 114 0 255 29
    0 171 0 97 27 134 193 146 0 217 133 221 61 213 255 231 147 255 255 0
    247 82 227 180 255 236 255 90 204 168 255 25 231 0 252 80 96 211 126
    235 164 0 72 255 0 255 106 187 255 221 255 34 13 78 35 102 0 0 243
    97 104 191 60 26 255 249 10 231 255 55 255 253 0 0 0 161 171 0 5 50
    16 155 25 56 255 255 205 177 41 0 69 0 0 175 251 251 84 255 0 40 211
    0 0 212 0 79 248 154 95 135 255 0 0 255 0 244 34 255 62 255 170 253
    15 255 255 161 147 239 255 131 0 249 214 205 77 240 0 218 0 152 42
    255 32 255 73 184 245 0 0 0 0 255 0 218 129 255 0 56 226 170 255 0
    218 255 0 119 135 0 109 0 255 46 255 20 255 255 255 18 255 72 99 152
    82 0 210 0 120 255 45 20 0 255 202 39 0 88 0 102 0 14 90 255 191 147
    99 255 255 255 217 255 0 119 0 167 6 0 28 255 91 170 16 150 0 0 235
    200 98 255 22 255 0 0 189 178 141 227 7 179 137 255 0 0 213 1 0 69
    190 215 99 124 62 88 255 207 213 44 240 160 245 32 255 180 255 255 9
    9 201 177 211 30 173 212 0 22 0 100 0 0 255 233 255 0 255 76 72 101
    238 35 255 255 168 100 153 0 255 255 255 255 255 255 56 80 0 44 255
    0 106 121 0 97 255 150 0 255 0 21 222 60 38 21 20 255 0 105 212 75
    255 33 123 149 111 30 255 255 255 119 3 129 0 93 94 0 0 0 42 0 16
    232 255 7 205 175 188 0 0 24 100 195 211 255 58 250 255 242 144 225
    0 255 191 0 136 0 246 0 198 53 10 0 255 93 255 255 196 225 204 255
    159 210 126 255 48 255 13 255 255 0 86 9 179 162 122 56 199 0 44 148
    245 255 255 234 80 255 250 0 112 255 156 56 250 237 155 0 86 202 255
    0 105 113 112 163 61 0 239 0 15 148 255 144 16 55 45 255 87 120 255
    0 121 250 134 255 108 51 10 0 173 131 204 255 175 0 218 128 36 89
    129 0 62 62 0 255 39 40 159 0 0 255 82 176 21 181 181 115 36 96 173
    242 255 255 255 89 47 208 0 78 167 173 48 61 62 54 68 93 20 44 33 63
    0 255 255 153 255 97 244 76 239 50 255 40 53 116 88 255 255 57 202
    116 255 0 243 27 125 77 0 23 0 0 135 31 0 193 67 0 244 0 255 0 238
    118 147 255 164 49 23 1 25 0 255 0 181 0 219 255 112 137 13 255 137
    178 0 255 144 1 0 255 150 0 39 0 47 37 75 233 40 255 0 10 39 204 205
    0 61 148 255 255 0 255 0 159 115 196 122 209 196 188 124 255 154 224
    255 0 221 255 240 0 206 86 219 0 0 43 111 252 255 68 0 0 244 246 221
    0 255 17 79 168 0 180 0 251 241 255 172 255 117 161 20 236 65 255 35
    213 15 12 0 203 120 10 220 19 1 56 62 89 23 130 8 0 92 255 106 84
    255 152 0 0 48 23 255 95 255 121 246 255 234 150 81 0 171 160 0 0
    230 193 255 0 228 229 0 255 179 102 255 0 255 152 128 244 71 190 60
    49 157 43 200 12 0 239 158 125 22 130 0 255 25 242 0 200 159 0 86
    191 57 255 145 0 19 255 149 0 235 125 0 251 6 87 121 0 29 89 192 3
    44 102 255 5 95 217 0 0 0 174 51 113 15 97 71 0 0 84 11 255 255 126
    52 224 255 96 105 56 60 74 148 0 183 255 138 150 172 70 99 66 184
    242 166 255 255 28 196 30 0 61 88 39 7 166 0 109 127 227 8 206 81
    215 255 0 129 51 211 229 163 42 208 64 51 95 0 32 69 56 120 183 178
    255 255 145 255 114 112 240 127 91 239 112 255 255 255 0 17 157 247
    219 120 0 139 120 199 0 255 255 15 0 106 255 255 114 255 238 132 255
    0 63 139 117 0 0 0 149 0 255 242 255 0 8 255 255 111 193 0 89 92 101
    63 255 0 220 157 255 255 14 254 133 114 109 72 0 255 255 164 255 255
    255 0 40 183 255 17 23 54 181 99 0 255 154 222 172 255 255 176 172
    171 239 255 108 255 0 112 2 33 164 35 195 203 0 168 0 199 181 200
    125 185 61 169 158 0 69 10 0 0 51 0 0 0 233 106 255 90 0 0 0 229 26
    239 147 136 0 89 69 193 26 131 150 184 0 0 218 0 0 137 49 85 0 235
    136 0 129 219 255 0 139 0 28 255 233 234 152 3 255 151 123 57 0 148
    4 0 65 232 255 255 228 225 255 84 191 95 121 52 4 0 95 218 230 42
    113 255 255 173 255 50 58 104 0 182 0 53 242 255 0 255 255 139 255
    161 0 255 218 201 34 171 255 137 255 52 33 255 161 255 0 142 0 0 0
    236 255 161 180 0 202 79 0 0 0 0 255 82 0 172 0 10 17 35 219 24 20
    33 55 7 242 72 23 12 255 42 201 219 255 0 255 0 218 54 105 237 0 255
    19 20 255 255 150 217 0 255 255 20 102 255 0 0 0 163 190 0 255 24
    255 69 255 255 0 86 196 234 0 255 255 79 255 0 255 255 115 184 255
    239 11 0 42 180 0 255 0 0 132 0 7 89 80 202 76 116 32 87 0 116 194
    172 255 201 147 255 0 214 128 0 146 252 255 0 173 111 62 239 0 219 9
    92 172 223 255 0 0 70 0 146 158 151 255 255 214 72 240 242 214 216
    255 255 73 36 20 101 109 5 13 188 36 15 255 28 117 64 255 193 128
    255 66 114 255 159 255 0 61 95 204 30 46 214 191 118 255 160 255 203
    200 0 49 242 255 0 122 154 0 144 255 0 255 67 0 12 255 255 0 251 0 0
    255 0 115 210 232 220 199 96 221 131 176 65 191 70 181 0 211 199 255
    255 255 39 59 181 245 114 95 0 255 0 12 239 164 98 159 160 227 0 75
    255 103 255 137 255 142 90 255 0 84 0 79 109 224 0 50 46 255 202 79
    255 255 5 255 0 88 255 248 255 255 81 201 103 214 0 0 164 38 7 154
    255 55 23 34 0 0 255 22 0 255 173 255 190 236 255 255 255 15 255 255
    191 52 255 255 255 255 20 118 207 0 255 243 160 128 87 255 0 12 196
    184 255 0 255 217 0 75 29 255 227 212 153 0 12 29 111 83 0 218 0 0
    17 9 4 255 78 0 60 44 0 0 14 146 255 255 0 0 165 186 0 21 114 134
    211 131 255 250 190 255 214 194 148 0 9 59 102 0 124 131 0 43 255 0
    255 0 191 255 255 118 61 255 53 86 107 243 208 102 255 0 199 0 16
    132 36 255 255 124 46 225 198 155 255 255 81 196 0 82 148 0 49 0 208
    255 211 0 255 222 194 94 69 255 255 127 136 255 26 123 0 55 77 0 255
    113 117 0 98 216 49 0 38 180 247 9 109 255 255 160 0 0 47 157 167 0
    255 255 54 255 0 128 221 0 122 0 255 146 105 0 255 222 255 65 255
    255 78 14 144 255 0 151 142 0 230 174 255 240 170 150 19 146 226 255
    255 200 255 224 0 157 87 0 0 254 0 255 41 0 182 234 31 81 255 50 41
    12 0 243 218 15 208 198 255 255 241 0 255 240 0 16 215 255 0 193 13
    255 255 37 155 205 133 0 186 126 239 177 210 188 33 29 250 117 4 248
    255 81 255 255 228 255 83 48 129 216 255 185 204 0 255 255 132 180 0
    134 192 195 204 0 8 4 0 88 255 198 54 255 243 255 14 35 255 173 255
    0 112 143 200 138 69 0 51 156 42 255 127 37 174 119 138 0 62 255 119
    134 255 0 133 51 28 3 252 194 229 0 120 255 173 103 50 255 102 149
    108 81 5 39 72 0 255 255 189 234 0 185 0 71 166 81 140 36 0 2 255 28
    255 255 46 167 171 203 0 134 0 0 34 224 0 50 228 255 103 177 172 180
    215 194 238 0 103 0 166 0 33 125 255 255 255 128 167 111 255 208 118
    0 255 33 255 0 227 255 0 104 85 255 167 0 255 224 187 0 0 48 58 222
    0 193 152 185 235 0 0 166 226 255 0 209 255 0 255 142 0 58 0 102 38
    53 0 255 255 0 223 159 255 201 88 255 19 24 204 166 146 163 255 98
    66 0 137 100 0 0 143 194 252 193 175 100 255 104 185 91 255 13 255
    23 133 255 139 37 167 46 161 255 0 255 0 0 255 95 0 255 0 31 5 11
    115 213 255 61 106 124 169 0 70 155 255 0 147 0 0 204 0 255 120 0 93
    180 141 131 116 217 0 0 184 255 169 54 151 0 216 201 158 0 253 249
    255 170 0 211 0 0 105 255 117 248 255 255 255 96 181 255 11 43 63 66
    60 61 177 159 5 230 255 203 139 90 125 75 145 0 222 165 0 165 0 29 0
    93 255 0 255 225 130 71 255 0 102 174 74 0 255 186 11 255 255 0 34
    255 212 0 225 26 33 255 165 255 255 31 172 240 0 0 184 42 54 0 200
    55 52 31 0 58 0 0 0 90 115 228 153 35 204 147 159 0 94 0 41 146 255
    254 73 248 0 211 247 226 0 160 255 114 0 0 196 0 255 195 95 199 0 0
    255 0 255 255 42 255 255 65 176 0 251 0 111 139 255 234 0 255 81 115
    221 134 255 242 252 0 222 202 214 0 0 255 255 39 88 142 3 124 0 201
    215 120 0 21 0 79 167 123 255 233 22 224 0 194 0 0 156 49 224 0 255
    130 0 55 204 24 191 109 126 0 232 88 184 6 237 255 254 65 178 0 0 88
    209 0 255 127 178 161 75 0 24 39 0 196 129 0 101 255 255 63 82 152
    205 0 42 190 255 106 67 255 166 219 255 11 0 0 179 146 162 200 43 9
    150 5 0 255 98 226 84 255 213 57 0 130 44 0 165 250 0 0 135 58 0 31
    255 102 255 190 255 22 208 0 0 22 255 201 255 135 0 0 139 247 255
    170 102 0 54 0 172 0 187 247 84 249 52 123 255 11 255 153 123 202 22
    0 69 126 4 247 255 114 255 255 229 67 71 255 255 144 255 222 0 158
    133 0 95 52 80 0 183 189 220 56 0 102 69 132 206 255 255 154 147 74
    0 254 255 123 0 189 0 255 64 230 169 255 0 9 207 141 0 240 255 63 26
    158 111 10 240 223 42 96 255 246 255 212 6 110 0 147 137 19 185 0
    218 81 154 90 255 255 255 255 255 169 0 255 0 28 0 0 7 173 201 255
    255 255 134 255 255 71 255 0 129 244 146 177 175 112 203 22 0 181
    142 105 0 53 0 188 0 255 255 85 209 255 255 255 159 255 249 64 14
    114 251 255 221 116 82 27 255 244 25 235 255 0 223 28 0 50 255 68 20
    0 33 223 33 255 255 230 239 150 255 159 1 0 44 100 198 33 0 150 57
    109 0 217 115 255 0 79 148 255 63 0 255 46 61 255 0 76 130 0 255 143
    84 255 222 165 90 0 0 0 226 165 0 100 79 0 69 5 163 106 255 255 0
    156 28 10 0 0 228 255 0 42 27 0 226 229 174 255 0 0 78 206 0 124 54
    173 192 255 41 63 232 104 0 255 255 255 0 190 98 13 174 49 255 70 35
    255 8 221 113 142 153 255 240 58 97 132 158 123 188 135 115 146 255
    41 255 33 162 40 101 255 0 38 150 69 255 252 209 80 83 125 0 180 239
    50 0 0 80 17 0 193 255 0 92 145 115 7 64 14 0 255 96 0 201 239 95
    163 0 0 109 92 242 138 196 0 255 208 247 161 15 83 18 0 54 255 96 74
    17 218 162 0 76 0 0 186 163 0 36 223 8 255 255 19 0 194 0 255 149
    255 152 0 45 11 104 222 255 0 7 0 0 175 52 103 0 255 255 0 140 220
    255 88 221 0 217 62 0 73 255 247 0 11 191 115 156 18 0 0 171 0 8 250
    191 0 140 255 205 189 39 255 92 14 255 225 31 242 172 7 255 141 79
    255 234 79 27 7 77 170 255 0 255 70 219 145 0 27 227 255 70 255 55
    47 254 255 0 0 195 31 132 0 253 255 254 0 27 185 81 20 255 107 0 0 0
    105 77 30 82 0 255 0 20 113 228 133 0 255 186 62 28 255 255 0 74 90
    96 199 12 99 76 24 144 255 28 255 0 0 255 35 61 37 50 242 255 130
    255 0 255 193 90 206 0 0 255 0 113 11 255 25 0 58 88 104 69 85 194
    255 33 8 117 0 0 82 59 175 5 30 0 237 234 255 198 185 0 255 68 87 0
    245 221 11 62 202 141 113 79 185 60 54 126 0 255 201 61 26 244 229
    222 123 255 0 161 126 112 130 65 255 25 255 78 0 15 0 255 85 145 255
    1 255 255 108 0 0 135 0 255 157 236 106 0 255 255 186 251 0 255 38
    53 255 0 129 241 240 163 0 0 250 255 68 241 73 158 255 157 0 0 240 0
    255 0 143 230 202 177 7 52 255 154 255 172 117 161 0 99 187 204 255
    0 232 255 10 0 63 123 255 167 0 24 211 218 194 253 255 79 29 171 146
    255 255 255 222 0 181 91 36 216 154 0 208 255 179 232 0 212 0 86 99
    14 0 172 107 95 67 138 255 80 190 0 99 104 255 77 136 166 27 144 106
    0 130 74 97 104 211 76 226 162 0 255 220 207 88 114 215 100 99 0 64
    39 54 69 255 11 81 116 0 6 176 255 137 165 158 26 246 143 186 110
    120 255 59 0 255 0 121 217 135 6 228 184 0 255 255 255 173 255 0 0 0
    204 135 0 1 149 217 255 133 0 255 255 0 49 255 126 0 255 255 0 211
    130 0 168 151 169 255 0 41 220 0 181 96 0 14 0 130 253 58 57 18 255
    23 255 51 255 0 253 244 164 0 92 0 108 197 172 52 175 255 136 46 214
    10 255 165 0 154 255 185 0 192 17 201 5 255 113 0 210 112 117 192
    157 164 204 0 0 255 255 0 98 175 237 0 255 124 0 234 0 7 100 244 82
    88 112 77 229 133 164 0 32 241 255 0 255 0 24 130 20 120 151 252 30
    33 129 0 255 127 251 0 156 0 199 154 0 96 6 0 91 62 28 255 16 255
    255 135 172 198 0 170 80 112 175 0 0 212 0 189 70 173 255 128 114
    191 255 107 229 135 75 182 114 216 29 255 76 212 26 135 0 0 97 221
    255 96 0 49 255 241 0 0 0 29 110 24 43 206 225 202 50 241 146 32 166
    255 91 251 172 92 31 241 5 106 200 119 57 158 248 216 247 158 0 0
    255 253 122 100 185 255 0 45 4 0 232 204 233 38 198 255 255 157 0
    229 165 95 0 232 74 69 67 255 101 255 226 15 172 0 0 61 241 24 179
    255 0 0 172 37 255 110 0 201 190 255 147 108 89 0 255 207 157 242
    255 255 59 80 42 255 0 0 198 0 225 164 70 139 0 2 161 218 38 232 255
    248 30 40 84 255 0 40 229 167 85 0 16 212 255 0 0 192 23 214 107 255
    255 182 54 52 255 255 0 17 255 0 0 0 0 248 77 255 255 0 29 255 255
    255 0 225 255 155 214 177 147 30 40 116 148 0 158 0 255 14 36 47 125
    56 129 255 174 195 174 197 140 202 0 126 255 45 8 255 220 174 73 80
    0 105 184 106 53 228 143 234 255 34 255 17 0 144 111 132 0 0 190 234
    0 215 0 255 0 255 154 255 7 20 17 255 255 92 255 255 81 255 177 198
    255 238 0 0 195 217 76 242 0 255 0 213 255 0 232 60 125 255 102 102
    0 6 29 0 94 5 75 252 0 252 255 255 0 48 69 0 0 230 201 177 165 255
    255 59 145 255 219 51 38 67 255 1 49 181 145 0 0 183 91 255 36 155
    66 0 6 91 12 0 255 205 255 0 23 172 57 106 255 215 74 82 129 0 255
    192 0 238 0 107 255 0 0 68 164 157 0 139 20 52 19 0 22 255 120 229
    255 199 45 241 0 0 47 78 248 0 255 0 255 0 0 237 0 255 255 138 255
    255 241 13 0 48 86 35 154 201 176 255 16 132 255 0 242 91 51 190 0 0
    141 191 255 23 121 236 101 191 147 255 0 43 191 255 138 0 145 2 0
    255 43 243 135 0 66 255 0 255 0 0 148 210 126 144 68 214 255 255 16
    150 0 0 202 255 255 255 255 220 153 0 255 163 189 139 119 202 0 0 38
    181 30 135 243 0 161 216 240 181 48 255 255 0 142 139 255 255 79 188
    0 155 129 0 255 0 255 13 0 255 18 222 100 62 27 65 224 141 0 255 173
    0 118 255 94 150 255 20 220 121 3 0 92 0 255 0 162 187 133 73 210
    101 143 255 255 134 121 97 0 136 28 0 208 255 0 2 255 145 1 245 0
    255 58 249 184 0 191 140 41 10 255 255 255 153 0 114 94 255 210 255
    112 166 0 104 253 255 0 255 141 255 172 0 0 0 255 255 117 161 23 255
    118 190 187 0 41 93 183 172 63 80 39 178 63 0 0 0 109 0 171 93 219
    248 0 245 147 255 251 143 0 211 0 172 156 187 255 187 245 157 67 190
    182 109 231 255 131 201 255 104 164 149 235 0 99 43 30 102 236 66 70
    255 25 0 243 181 38 255 243 153 255 0 87 20 102 0 0 100 208 255 218
    0 90 0 166 42 181 0 200 23 255 132 255 0 0 255 59 40 255 102 197 130
    168 0 98 255 255 158 95 250 0 255 0 0 179 165 154 189 177 122 211 0
    255 0 0 147 144 164 186 220 255 217 31 143 41 255 249 255 89 255 61
    236 0 229 0 21 100 255 7 97 154 25 116 0 0 255 255 181 138 31 55 74
    246 86 127 0 0 108 203 80 160 122 17 51 255 29 185 0 32 238 255 208
    173 0 255 96 149 0 224 255 162 255 60 221 0 137 154 20 230 0 169 255
    195 150 6 177 255 243 206 255 255 21 0 138 213 11 0 255 255 84 204
    255 24 225 238 1 255 255 33 0 0 174 118 198 27 246 0 106 190 0 249
    20 131 255 250 255 250 252 69 136 78 88 255 0 0 0 170 255 0 0 0 236
    188 255 128 0 255 144 0 132 255 199 201 0 189 12 0 255 8 64 6 255 0
    60 0 250 106 203 152 25 171 255 18 255 255 255 55 0 151 48 104 102
    176 0 25 2 0 255 57 84 219 255 41 121 255 48 174 255 0 147 206 255 0
    126 178 165 170 45 83 183 255 65 21 45 198 0 0 56 255 255 0 224 7 68
    0 149 255 24 255 210 0 0 198 188 242 255 62 0 68 0 0 165 255 130 255
    255 51 184 255 255 243 255 183 102 255 255 255 0 119 7 133 90 0 9
    147 0 255 182 233 255 255 169 0 175 144 92 38 5 0 174 255 64 0 224
    57 85 138 208 117 36 0 255 255 255 255 169 123 45 21 167 57 255 48
    101 249 0 108 164 0 34 255 0 255 182 255 79 255 63 46 177 242 199
    141 30 20 255 60 255 255 0 164 255 219 214 165 0 47 80 236 255 156
    163 159 0 255 0 255 155 56 255 94 32 255 255 255 78 255 0 197 0 0
    150 0 0 177 81 81 58 140 32 215 0 15 0 40 211 255 234 0 255 215 183
    63 18 23 0 255 50 0 125 188 146 255 186 255 0 0 204 0 255 134 255
    106 52 255 16 0 205 1 0 255 55 0 176 50 26 126 61 172 72 255 0 255
    255 0 0 255 0 160 119 0 177 201 107 48 167 100 251 255 59 147 255
    255 117 246 56 65 216 117 255 252 58 66 0 160 27 101 0 255 197 255
    255 48 255 217 255 255 216 168 9 76 0 24 191 146 49 255 255 194 0 95
    98 16 235 21 255 18 0 9 255 182 0 230 129 0 242 0 77 255 255 0 169 0
    42 213 176 255 253 0 68 115 133 109 0 222 255 105 255 155 78 0 158 0
    151 23 4 255 16 255 115 1 74 17 58 164 172 124 203 134 0 113 0 255 0
    229 133 79 0 255 0 148 139 65 167 0 255 255 114 122 234 95 96 95 56
    255 0 128 71 154 255 255 55 255 249 195 67 179 173 255 180 106 136
    169 0 131 230 138 89 0 66 149 132 219 210 0 219 0 48 89 123 255 255
    255 255 35 184 255 255 204 83 82 82 179 255 198 0 230 156 255 0 3
    162 77 48 77 96 127 0 255 0 5 38 129 255 138 95 143 219 0 255 255 86
    252 249 255 255 236 114 16 255 137 132 251 0 30 249 15 87 255 0 196
    76 138 255 255 38 17 250 172 109 16 142 0 157 0 239 32 201 44 255
    255 93 0 219 12 212 0 17 212 116 0 145 72 192 255 71 144 255 109 92
    231 0 195 102 0 17 255 147 47 215 127 207 77 134 29 255 255 0 68 9
    144 13 193 255 80 49 26 253 232 1 174 255 0 71 255 109 31 13 199 255
    138 72 230 155 114 80 113 28 179 109 96 210 213 241 248 48 153 0 125
    134 255 255 0 240 194 0 32 203 46 0 49 84 255 71 4 0 110 119 136 255
    0 0 226 174 99 129 210 51 0 0 0 72 0 72 255 0 108 0 182 156 117 255
    122 255 255 215 255 222 0 119 146 255 60 0 52 35 181 113 0 208 0 115
    255 58 241 81 255 255 142 209 0 49 215 0 255 98 39 164 69 255 255
    255 255 132 33 186 195 154 72 0 255 47 20 205 169 255 194 148 98 126
    164 16 97 204 0 205 35 255 255 0 255 159 0 122 136 0 0 138 50 224
    150 254 133 255 179 32 42 169 0 70 130 0 144 50 0 255 255 0 177 37 0
    255 97 110 10 255 120 0 52 255 128 158 101 44 0 164 255 62 0 216 202
    46 189 123 0 255 0 0 133 0 255 115 0 0 203 0 39 226 35 186 255 255
    209 138 255 185 0 218 91 255 157 153 134 18 56 255 97 255 13 254 0 0
    13 33 255 249 105 255 0 172 0 92 255 208 0 74 210 253 47 219 130 168
    155 246 49 255 71 74 166 146 0 255 22 169 24 41 167 81 64 104 0 191
    241 211 33 0 255 246 255 158 142 134 0 84 143 42 31 202 0 100 255 0
    156 104 210 0 169 0 33 8 63 117 229 41 182 179 255 159 51 100 0 161
    255 0 152 93 141 255 151 0 255 255 169 115 60 152 246 35 197 249 26
    255 255 0 238 34 0 255 16 0 255 84 253 0 160 210 0 0 145 13 255 229
    255 109 48 0 89 255 207 0 221 98 0 255 226 153 75 169 191 0 179 189
    0 5 23 51 244 123 255 72 0 48 34 76 255 248 236 255 0 255 255 184
    255 84 255 83 31 59 228 255 254 235 247 64 154 67 0 175 35 74 0 140
    1 255 79 115 176 255 68 0 255 176 255 103 73 255 24 0 0 244 255 0 71
    206 245 0 201 243 12 244 255 61 0 248 222 160 0 0 213 0 0 255 37 0
    49 45 60 83 75 255 255 47 194 21 255 130 147 43 0 35 189 255 255 255
    158 152 255 206 212 0 0 255 0 114 0 23 169 93 102 135 255 255 255
    125 19 0 60 107 16 118 0 129 84 56 44 125 180 255 171 240 219 70 204
    255 97 25 255 55 218 0 0 65 255 255 255 255 244 255 96 160 82 0 64
    198 255 80 255 122 232 49 23 42 50 132 48 88 144 97 215 162 79 65
    146 255 0 117 255 0 0 0 207 0 235 0 0 8 62 28 236 16 0 180 0 255 73
    148 229 255 0 213 233 241 0 255 255 0 255 0 7 125 161 140 14 255 118
    231 96 110 12 32 196 0 255 255 255 230 83 203 118 206 8 0 243 208 37
    0 99 1 255 102 123 0 255 75 167 165 146 150 202 0 187 180 105 25 237
    139 83 167 0 0 87 255 216 117 174 216 0 0 0 162 255 0 104 208 12 0
    76 0 144 26 76 155 255 0 0 29 69 255 193 0 62 0 185 34 66 252 0 32 0
    225 255 255 255 255 213 221 127 61 246 9 255 0 3 69 0 0 0 0 0 0 213
    66 0 182 255 0 212 229 255 255 183 159 198 0 255 0 231 255 0 0 151 0
    43 255 61 222 14 181 103 18 0 233 255 32 185 233 0 186 35 255 183
    255 255 255 255 143 0 177 0 0 0 49 0 0 220 10 255 238 125 255 0 0
    158 0 208 0 249 255 154 1 0 167 105 145 98 0 255 163 58 2 246 255 41
    35 33 36 203 255 255 255 221 99 255 247 199 184 255 47 255 189 229
    11 255 142 124 0 0 217 20 184 71 0 74 80 220 0 77 249 234 155 255 18
    131 40 149 0 197 68 0 0 0 255 0 0 199 99 42 255 255 167 226 21 255
    255 48 166 0 196 161 220 51 0 140 127 220 66 205 201 18 59 177 44 0
    14 0 230 15 255 231 78 194 41 0 172 0 242 224 0 197 38 97 220 175
    255 0 162 0 255 0 0 48 0 255 87 151 106 58 0 255 0 224 11 0 255 255
    67 140 0 244 227 0 150 202 0 126 63 195 220 0 82 42 69 142 255 218
    255 92 153 121 112 17 255 211 126 255 255 52 14 55 0 219 0 231 0 0
    159 17 184 0 224 65 89 255 126 30 255 17 164 255 255 165 255 39 160
    255 235 0 38 9 218 4 115 255 72 0 125 90 255 151 242 255 236 167 255
    80 202 170 7 0 70 179 175 0 130 237 179 0 107 0 255 27 255 112 44
    255 208 246 165 0 6 255 0 255 232 0 33 255 0 239 12 168 73 47 21 81
    92 122 28 116 9 255 229 0 255 86 133 255 108 0 220 0 122 0 255 0 161
    0 0 62 0 255 28 70 78 255 208 99 0 117 0 238 240 84 188 189 50 255
    209 255 0 53 50 129 0 0 255 0 102 255 171 41 0 255 0 139 255 0 228 0
    45 0 212 222 255 27 43 213 255 225 198 162 17 13 255 0 7 153 189 178
    73 255 0 142 190 5 255 0 255 255 47 0 255 53 244 46 0 255 23 206 255
    255 42 127 0 0 67 255 206 110 0 141 48 153 163 245 160 200 127 192
    28 150 12 255 65 0 234 220 246 255 0 195 97 130 164 73 255 78 8 130
    255 239 99 169 255 0 126 0 231 255 0 211 247 0 191 110 72 120 224
    202 49 39 94 0 235 168 0 255 15 0 100 142 64 229 255 255 255 0 99 0
    213 0 0 255 9 68 191 0 255 175 255 234 199 222 123 250 0 50 255 197
    196 97 180 28 0 255 0 0 255 255 0 59 255 0 0 171 255 255 0 255 103
    235 48 20 208 250 216 0 102 59 95 255 255 189 238 0 126 0 24 119 0
    12 0 179 0 49 189 119 255 249 205 58 255 255 0 190 137 0 255 69 62
    217 70 255 110 181 0 193 34 0 0 189 138 23 209 255 235 91 29 238 0
    98 57 255 145 42 255 255 123 44 255 246 146 228 142 0 255 17 0 127
    255 15 33 255 0 15 210 72 253 34 232 91 255 9 255 0 130 199 255 227
    217 0 69 195 0 0 249 81 104 0 68 255 88 18 233 0 46 72 0 226 34 62
    255 220 90 190 255 134 0 255 255 59 236 238 218 125 83 108 41 213 0
    0 0 0 249 161 0 0 255 75 159 255 255 19 236 0 214 91 212 98 150 65
    136 0 23 0 0 111 95 255 227 193 0 65 134 0 74 212 40 255 105 113 91
    255 109 0 110 255 112 255 169 46 0 130 2 102 229 0 0 218 255 0 13
    255 247 10 80 102 5 252 0 0 255 144 0 113 228 141 194 0 151 211 0
    158 25 0 63 41 255 0 255 59 232 0 0 104 90 0 110 254 17 192 0 6 0
    255 255 128 3 0 247 255 187 255 255 224 214 220 242 198 58 0 255 255
    255 58 255 52 41 120 0 212 255 0 206 92 162 7 255 148 197 0 246 255
    0 18 209 0 255 187 0 27 255 117 0 1 255 1 255 66 166 255 225 11 175
    198 143 255 255 0 251 255 32 218 0 255 59 70 156 89 0 3 98 255 211
    244 255 255 20 72 71 255 63 0 3 40 26 171 55 222 18 134 235 255 255
    6 0 209 0 191 255 0 222 126 239 51 242 255 37 0 6 255 18 255 255 117
    85 176 92 0 27 109 221 80 205 142 255 167 255 237 194 255 77 132 214
    144 71 4 255 226 127 255 0 244 201 0 42 9 78 158 119 0 13 48 255 0
    219 94 169 215 0 9 112 176 62 70 158 123 172 255 255 71 84 29 255 0
    156 181 121 227 111 206 255 47 21 144 0 115 89 0 0 0 201 0 87 40 64
    0 176 85 0 41 218 118 255 15 0 240 0 0 102 68 229 236 120 75 207 255
    106 0 135 255 13 75 0 255 175 115 13 0 65 85 65 15 203 255 23 124
    255 220 0 75 0 160 255 100 38 102 0 186 220 248 177 0 241 0 160 0
    163 255 89 182 58 109 1 106 88 4 0 255 0 13 139 164 0 0 216 169 0 10
    83 255 13 45 177 255 0 178 5 16 68 0 255 171 101 255 0 38 0 190 0
    239 255 0 75 184 70 255 0 0 36 228 39 137 88 236 71 0 254 0 0 255
    226 253 255 93 0 56 7 87 0 41 244 112 255 77 0 67 31 0 66 255 0 33
    161 27 127 232 108 144 65 0 47 234 121 22 255 0 0 242 0 101 255 0
    117 0 0 255 0 255 250 0 66 255 224 0 60 53 91 221 23 112 157 39 0 0
    120 255 0 46 255 255 121 94 5 0 59 137 0 237 16 158 0 55 0 0 51 111
    132 9 65 166 0 177 0 14 55 148 0 208 35 175 0 138 255 23 60 255 228
    3 206 158 255 103 68 193 153 146 129 160 189 112 158 238 255 0 168
    183 120 255 162 255 156 99 166 167 19 124 127 207 55 80 100 84 255
    218 255 108 69 255 255 9 255 83 0 91 255 0 68 154 0 255 104 97 0 255
    41 0 39 64 51 37 249 255 221 135 211 49 0 255 170 71 194 11 255 194
    192 186 0 255 255 167 86 255 114 24 223 152 0 79 255 0 119 35 207
    244 30 8 21 42 0 27 243 11 185 183 0 214 80 0 227 0 9 0 219 133 241
    218 170 42 226 255 66 171 255 163 137 4 120 0 146 255 117 255 0 212
    185 54 72 255 185 255 255 160 0 0 255 237 255 17 149 255 203 246 0
    162 0 220 96 255 255 255 70 64 0 141 74 72 255 92 106 255 255 255
    255 151 23 21 137 0 68 191 17 255 155 0 103 146 67 255 209 179 255 0
    255 219 0 141 0 0 255 149 145 255 20 84 255 61 166 40 250 178 94 155
    58 0 138 0 255 177 93 20 168 58 0 184 13 0 163 35 83 255 255 52 255
    255 39 0 255 0 0 218 132 0 236 0 255 24 28 29 40 0 252 0 255 122 223
    255 213 255 149 0 0 56 132 167 77 140 72 153 106 225 34 176 0 245
    255 255 76 133 82 118 67 107 255 0 255 43 0 35 255 0 56 48 0 76 255
    47 136 238 140 42 92 55 5 255 255 255 138 255 174 209 255 96 151 145
    255 64 66 255 255 0 85 0 0 172 0 133 240 220 255 78 159 143 255 0 91
    255 142 255 122 66 177 255 223 84 94 159 133 0 90 255 255 0 92 255
    68 142 0 51 55 255 255 91 0 53 94 81 140 0 134 195 255 14 0 132 0 0
    255 49 41 0 230 0 118 203 66 10 77 255 15 29 141 0 255 94 197 95 210
    0 0 55 246 0 143 255 92 168 255 9 12 255 255 124 255 44 66 183 36
    255 0 188 124 0 255 110 12 0 72 45 255 251 243 218 109 177 0 102 128
    54 207 255 21 255 250 81 237 0 47 255 224 170 0 104 20 0 235 139 7
    199 56 0 255 242 77 255 26 0 0 48 93 95 41 255 0 255 185 31 74 176
    59 239 212 237 61 0 254 76 218 73 18 224 145 148 255 72 210 255 208
    0 1 203 104 214 219 255 17 52 255 20 255 0 54 12 255 255 129 113 255
    190 255 0 0 255 184 255 255 255 143 255 82 128 183 82 255 0 99 178
    193 0 199 44 246 73 0 0 255 62 0 11 255 113 152 143 130 255 154 6
    255 255 255 146 255 255 5 0 0 161 1 229 15 72 255 255 255 255 173
    207 0 0 109 58 130 255 192 101 255 121 175 111 255 159 237 0 86 255
    0 255 255 139 107 3 0 56 231 70 105 56 230 194 255 205 144 189 225
    110 226 255 255 255 46 209 64 182 242 0 0 147 122 174 139 249 255
    255 186 0 236 59 146 0 19 144 18 255 93 216 255 242 255 116 9 221
    185 153 0 106 53 93 0 216 255 255 81 255 164 247 132 242 195 82 135
    255 0 55 133 0 11 78 153 0 255 0 151 240 0 34 119 255 255 122 0 0 47
    255 0 255 10 179 183 255 96 66 17 0 216 168 45 99 77 44 255 255 0 0
    187 118 127 255 206 183 132 112 249 255 246 3 23 196 255 79 108 1
    255 0 51 67 202 255 147 97 0 0 78 255 210 0 201 183 0 0 255 157 245
    255 30 250 255 154 38 102 220 182 71 207 0 109 255 252 81 0 0 254
    123 105 0 21 0 173 28 162 0 225 75 255 0 255 46 68 86 195 216 0 255
    255 108 224 8 101 107 0 0 233 137 49 37 78 164 87 243 129 54 103 0
    220 91 130 255 255 48 111 0 51 146 73 201 0 21 180 58 102 42 0 255
    181 144 0 0 225 215 255 41 121 245 252 176 30 215 74 0 0 9 125 255
    205 193 121 61 133 76 112 108 255 145 244 96 129 42 144 1 181 97 172
    73 239 11 126 255 16 255 218 255 180 2 52 255 0 208 168 183 32 0 0
    112 255 43 96 90 163 255 255 0 255 60 63 124 102 255 0 69 240 27 0
    255 62 65 226 53 68 255 66 194 0 37 217 43 34 166 255 36 162 247 255
    112 249 255 48 255 232 76 96 143 0 0 81 6 76 255 232 154 255 2 148
    255 0 247 0 6 200 25 2 0 96 236 255 104 142 124 255 255 83 67 134
    203 229 154 51 29 0 36 238 94 152 0 94 25 67 255 255 0 0 48 252 0
    255 0 210 129 154 0 106 53 17 0 118 0 0 255 0 234 255 0 0 1 168 37
    255 255 131 161 125 198 156 137 0 255 144 0 30 0 41 56 0 227 0 169
    148 0 255 123 62 120 194 246 15 24 230 123 124 183 0 150 124 255 255
    255 0 8 127 77 226 238 74 255 159 82 69 28 236 0 255 0 165 223 184 9
    21 255 86 1 39 183 233 0 199 194 255 193 181 233 255 52 0 201 0 104
    255 255 50 87 13 174 86 94 228 0 182 255 255 91 74 255 255 17 92 0
    255 194 255 0 118 0 0 230 198 46 73 255 3 14 86 0 255 19 0 61 255 0
    0 54 131 255 255 46 246 4 91 14 0 104 52 182 217 232 56 0 0 204 208
    110 116 78 0 164 238 94 80 255 157 53 172 153 134 255 0 85 255 26 0
    255 161 0 63 0 2 75 152 255 0 190 130 249 255 255 0 0 255 0 148 25
    12 148 161 99 113 86 98 137 0 250 240 255 255 58 0 147 182 255 188
    25 211 242 118 181 255 101 255 255 121 99 0 2 255 48 197 0 0 255 0
    255 66 76 240 255 38 0 50 0 173 183 0 217 201 63 218 241 255 0 6 113
    255 0 255 0 209 162 144 255 95 169 0 255 255 0 203 41 0 253 88 169 0
    170 161 143 0 255 0 244 227 227 116 214 19 229 255 255 115 255 175
    255 255 222 95 177 138 39 42 0 73 8 255 180 118 98 139 0 96 0 255 42
    30 245 255 171 255 254 54 42 54 204 234 49 0 66 0 175 20 255 47 0 11
    0 0 255 174 186 245 105 255 150 255 0 0 9 125 0 255 255 148 255 102
    255 0 0 255 197 250 159 99 82 30 88 255 18 255 97 116 0 255 0 123
    182 51 0 125 0 79 255 0 130 0 255 166 255 151 255 65 0 38 255 250
    174 255 255 42 133 71 0 45 110 239 255 155 255 123 243 0 114 202 255
    234 3 0 222 57 228 100 0 255 239 86 209 183 255 110 5 255 76 0 171
    215 255 255 62 103 42 54 191 207 0 0 57 255 255 197 0 255 255 255
    130 219 255 178 214 0 212 242 255 0 234 255 247 134 227 255 24 116
    66 0 214 202 0 120 0 44 0 0 176 0 0 255 255 40 207 107 207 5 170 7
    255 123 235 255 0 0 6 92 0 36 64 244 222 0 32 68 198 255 0 200 26
    142 72 46 255 7 151 255 16 157 63 27 236 0 118 69 223 0 0 164 114 0
    255 0 102 0 255 95 150 125 46 255 94 233 162 255 0 200 0 85 255 0
    113 255 130 176 0 0 101 73 206 116 103 97 4 170 210 74 123 213 166
    255 76 231 255 255 70 255 162 86 0 209 0 136 255 255 0 152 0 72 145
    0 139 215 25 27 0 62 116 119 14 221 224 37 50 14 168 100 74 231 255
    171 0 0 132 123 121 177 204 133 171 92 63 24 0 0 217 0 255 255 82
    255 26 0 188 22 255 0 150 99 255 0 51 0 112 255 250 9 196 153 0 150
    255 112 89 156 62 183 1 60 0 190 112 104 255 6 71 255 0 182 242 124
    10 0 156 254 245 161 176 56 255 86 140 255 1 0 167 255 110 0 149 172
    0 255 166 24 255 155 0 15 66 255 105 108 255 197 0 255 26 255 185 0
    255 255 57 0 209 161 255 110 255 210 0 165 0 239 0 203 85 0 63 63
    189 255 73 74 96 255 132 0 37 160 82 255 46 255 122 255 137 218 192
    174 118 60 0 0 0 58 134 68 0 27 150 255 232 82 0 248 86 0 250 154
    255 112 255 135 171 3 70 245 0 255 0 254 203 255 27 255 236 98 49 18
    79 139 178 0 255 134 255 105 85 0 83 172 0 63 243 155 39 118 0 255
    17 191 0 98 255 255 255 168 146 255 255 103 10 129 30 255 0 0 212 0
    0 255 255 203 223 169 0 0 255 128 0 64 237 54 108 255 95 0 73 107 54
    176 141 255 96 157 14 0 255 190 94 38 1 22 171 0 63 0 252 234 159
    108 59 125 255 209 10 255 0 125 120 255 222 171 241 255 225 32 255
    255 63 31 0 0 124 0 255 255 0 94 121 167 0 255 255 20 248 0 132 152
    154 254 255 23 23 255 158 0 241 57 151 0 164 0 82 186 149 0 142 255
    0 255 229 0 127 0 108 213 54 59 255 0 86 75 255 255 234 43 255 0 161
    255 0 0 255 120 255 0 148 0 1 38 0 244 233 232 255 195 184 180 0 255
    0 93 255 0 3 233 26 160 70 255 231 255 37 6 195 0 0 245 255 29 0 255
    90 0 139 225 178 233 255 113 255 177 0 114 230 255 251 253 255 14 0
    43 242 0 255 69 255 107 255 208 0 37 0 225 0 255 197 238 255 0 112 0
    0 0 203 0 0 255 255 73 38 0 255 153 178 0 86 98 224 0 0 134 143 180
    8 48 255 38 0 93 34 0 158 173 60 255 182 255 27 52 255 255 0 73 149
    88 0 69 91 153 97 21 165 67 63 255 24 0 255 0 2 47 52 88 115 255 52
    254 0 67 145 0 255 255 0 7 255 0 255 168 0 236 122 255 255 255 202
    255 211 178 0 0 128 189 0 110 0 171 119 132 113 232 0 255 255 255 7
    0 146 255 128 18 100 19 0 255 255 0 115 88 0 255 25 255 255 255 0
    130 238 55 166 232 164 93 255 0 250 25 255 0 0 177 58 187 145 166 16
    0 213 234 199 89 255 45 208 243 117 59 102 255 31 0 18 6 0 0 255 53
    255 224 4 255 2 244 157 85 255 255 0 126 0 141 21 0 0 98 37 0 0 226
    64 166 255 255 160 255 250 255 0 50 0 0 255 38 121 251 242 73 239 0
    48 255 145 81 132 123 178 103 0 205 14 0 255 255 243 65 196 11 0 164
    0 246 2 128 171 255 0 151 179 7 239 0 214 167 45 9 147 0 255 139 118
    0 111 248 106 0 109 130 154 216 182 255 156 187 61 198 0 0 19 126
    172 255 66 143 0 246 0 254 190 168 144 255 63 72 145 80 199 113 156
    67 103 251 255 13 76 161 255 255 224 156 173 0 255 255 183 89 157
    238 0 231 115 98 0 55 56 124 170 35 131 4 40 0 238 255 39 52 255 255
    36 0 64 0 79 253 147 239 51 0 195 52 243 167 186 218 65 9 255 196
    248 48 221 149 92 26 0 0 34 249 255 0 255 14 119 0 255 20 152 255
    255 206 255 50 72 164 89 255 255 130 179 160 1 0 255 148 213 241 255
    242 0 48 255 255 0 62 200 255 42 63 40 1 108 8 153 0 222 255 189 7
    45 255 176 0 235 255 0 79 176 255 255 63 235 255 228 0 0 195 18 173
    255 252 143 177 255 255 255 255 186 0 221 28 93 255 203 50 0 255 32
    104 0 0 139 255 41 255 185 255 0 112 189 236 254 97 0 116 0 109 250
    0 193 0 250 0 43 38 3 230 255 0 27 139 0 85 255 255 192 157 180 169
    255 9 0 168 0 70 91 109 255 81 0 87 98 15 238 133 0 100 255 0 203
    255 39 255 215 144 213 47 221 231 255 255 255 148 223 169 150 12 109
    0 181 232 76 0 255 191 144 206 255 228 187 0 110 255 65 0 165 147
    200 7 255 255 202 6 41 0 180 0 0 65 125 0 242 255 135 192 255 179
    153 209 0 255 55 241 255 57 96 255 9 255 0 127 244 0 198 153 77 145
    249 255 33 0 255 255 71 75 81 172 70 0 216 0 0 176 255 130 22 175
    255 56 0 1 0 212 255 209 0 0 138 66 1 150 0 6 0 93 33 255 183 126
    181 255 27 0 234 176 105 147 185 117 158 0 246 151 0 0 61 101 255
    218 173 0 0 0 72 0 0 255 125 0 255 132 200 107 255 239 21 255 89 20
    255 130 0 0 204 255 41 181 106 28 1 0 255 0 215 26 255 147 241 20 61
    0 0 0 255 29 191 123 64 61 255 255 86 103 65 255 246 0 204 51 0 255
    0 80 255 84 46 195 5 0 171 255 204 255 255 142 34 255 50 14 129 116
    130 0 137 173 255 16 121 63 0 255 0 45 130 255 0 44 255 0 221 139 0
    46 84 207 51 255 251 255 0 127 255 164 144 98 255 103 255 145 175
    255 148 33 97 255 232 102 148 189 60 74 120 158 0 121 0 0 225 160
    214 0 255 66 97 126 255 0 74 0 120 0 0 255 0 26 101 79 0 35 46 0 255
    0 159 63 0 0 255 253 0 219 0 32 0 158 240 255 255 12 101 0 228 255
    239 255 98 195 5 18 86 77 115 255 125 48 237 220 9 90 247 0 86 255 0
    35 246 243 231 112 171 95 56 185 228 200 245 255 57 255 25 47 255
    255 95 67 174 0 52 191 194 81 179 0 0 0 240 60 255 217 228 126 232
    43 81 133 0 194 235 66 97 199 108 108 250 39 139 165 221 0 65 3 0
    135 0 255 221 124 255 255 255 185 34 182 57 255 108 255 181 0 95 0 0
    133 2 255 196 250 23 53 255 0 0 91 0 248 63 255 23 0 171 34 210 45
    255 0 0 255 225 255 182 0 3 0 208 255 129 255 249 2 90 35 3 95 176
    255 200 255 255 0 190 44 169 117 18 215 255 222 0 0 69 146 125 255
    255 245 0 31 245 255 0 176 0 0 11 60 255 255 255 20 47 215 199 164
    192 41 0 201 0 255 43 167 255 31 11 211 190 162 255 187 43 58 255 0
    61 71 255 255 255 255 53 0 19 92 103 38 21 255 104 74 120 0 78 213 0
    0 33 96 161 0 255 137 255 0 255 0 74 87 72 0 107 33 0 255 0 210 255
    215 36 90 137 0 0 176 255 255 24 97 25 136 0 0 255 255 0 0 221 180 7
    0 0 57 223 255 0 2 4 0 0 0 221 123 0 0 171 250 51 159 0 175 255 0 88
    0 0 0 179 255 35 78 224 224 0 229 174 255 255 147 255 127 186 43 137
    162 215 255 255 83 45 0 16 0 59 0 208 255 151 36 205 43 66 222 255
    229 185 255 89 129 165 220 255 220 255 255 0 255 11 6 102 49 112 249
    0 66 113 196 255 0 124 0 227 91 72 0 109 86 104 0 217 255 30 0 45 0
    185 120 255 182 188 60 255 103 238 236 255 117 0 80 33 0 0 0 0 255 6
    128 51 163 50 0 149 255 0 4 255 45 255 126 72 253 255 163 0 178 214
    43 255 0 255 255 241 218 139 12 0 118 255 156 210 77 0 126 255 214
    106 250 3 139 0 255 165 0 106 207 92 234 218 78 238 173 180 0 255 54
    255 241 68 169 255 56 0 136 255 209 124 255 125 0 255 255 67 255 95
    0 21 0 122 255 0 255 236 227 236 255 0 255 110 255 25 255 202 107 92
    255 23 106 109 255 0 82 181 0 97 80 0 0 220 255 255 101 157 249 8
    148 97 132 255 235 238 0 165 255 96 0 255 0 255 255 10 166 117 222 0
    191 0 234 53 189 78 160 113 205 228 215 4 172 139 109 152 242 242 85
    255 143 255 182 189 255 6 28 0 227 240 255 255 255 205 91 205 255
    215 0 69 255 188 134 221 0 26 0 221 136 255 71 255 0 255 83 140 161
    196 14 125 136 186 0 0 76 124 0 50 0 255 175 32 136 74 0 150 45 6
    255 112 118 255 0 142 206 206 0 166 0 255 58 0 69 148 56 185 95 109
    0 0 28 102 6 252 109 183 0 245 246 246 218 255 137 187 73 0 216 0
    193 230 0 215 255 0 234 102 0 87 240 255 75 0 255 0 171 161 65 148
    103 255 48 100 238 255 255 244 16 126 129 110 80 74 146 131 94 197
    70 229 126 197 196 29 150 113 0 112 0 218 180 255 255 191 0 104 120
    255 0 121 147 81 157 177 15 143 255 0 68 8 0 0 255 18 23 27 247 255
    255 214 2 255 114 255 0 0 28 0 0 207 96 255 0 255 146 255 255 15 253
    121 185 80 142 255 0 46 144 116 75 221 0 163 150 255 0 52 255 40 81
    0 5 255 101 27 110 0 222 71 255 109 255 0 255 58 0 159 77 54 0 255
    65 149 0 217 56 33 0 9 238 0 28 255 255 2 207 156 131 120 255 255 0
    0 0 208 0 145 120 236 21 100 141 149 226 12 255 255 255 214 113 0
    188 255 255 179 253 247 67 171 36 0 255 160 255 195 56 255 0 0 193
    144 179 255 47 255 174 184 36 255 58 0 208 17 255 0 142 42 49 24 0
    37 246 215 255 255 255 223 233 255 0 21 0 85 83 10 0 255 0 153 252
    255 87 255 255 58 108 255 253 57 216 78 80 98 223 170 255 67 62 2 16
    255 202 0 141 59 252 239 41 255 0 255 75 51 190 255 7 250 18 255 208
    209 158 147 230 255 151 255 0 0 157 253 188 0 72 47 207 255 216 39
    42 255 0 72 5 0 91 127 128 255 0 139 0 39 67 75 255 192 60 229 96
    255 255 23 219 248 124 200 134 208 114 0 13 241 127 171 0 255 13 50
    167 103 209 43 246 155 226 255 199 1 0 59 0 187 105 140 237 79 84 83
    0 255 49 34 255 92 255 0 210 129 254 75 0 199 0 255 93 141 46 255
    225 0 255 83 250 155 179 0 203 10 82 0 95 103 0 255 0 128 138 117 95
    55 0 255 129 140 0 158 229 70 0 90 237 158 255 122 255 254 222 189
    118 212 7 0 160 0 17 14 0 255 140 0 195 255 69 0 0 158 255 0 255 0
    111 166 235 255 220 100 0 46 91 122 255 0 94 125 212 33 0 97 0 25 0
    194 185 0 255 255 53 53 180 14 105 88 76 58 187 41 0 0 0 18 255 173
    93 255 0 204 255 255 76 255 64 156 119 0 131 217 0 129 255 77 255
    178 255 0 255 255 255 143 119 0 104 0 136 7 106 205 119 187 234 0
    254 137 213 255 95 255 230 130 71 221 86 95 177 108 141 0 150 0 100
    39 255 255 0 255 255 0 0 76 255 0 193 208 255 157 210 229 0 90 38 0
    0 79 255 178 255 107 28 251 165 242 0 0 32 213 246 0 36 230 0 87 255
    192 0 66 238 255 0 152 108 0 255 0 0 192 67 35 255 255 115 255 229
    41 255 0 0 14 0 255 175 255 255 72 89 151 16 202 196 250 219 0 0 255
    0 8 231 255 115 135 42 0 0 255 255 239 255 0 0 0 0 189 253 36 129
    233 255 186 69 92 255 0 0 14 221 14 0 119 153 139 9 197 255 142 14
    255 104 0 114 0 0 0 215 255 202 174 113 255 0 0 165 255 183 115 112
    68 255 102 103 255 129 0 255 19 255 126 219 176 0 0 255 19 0 255 60
    255 55 255 17 168 250 19 255 202 233 255 50 69 22 164 202 240 0 31 0
    47 255 132 56 255 50 255 83 164 0 136 255 140 0 26 148 49 0 0 116
    255 0 0 180 34 232 255 219 0 0 106 0 225 0 138 126 220 171 145 26
    170 248 144 189 124 237 54 53 0 236 39 144 131 194 33 124 241 99 9
    212 0 7 193 255 146 175 255 35 68 255 255 238 98 230 255 164 150 218
    0 221 238 72 0 216 255 90 147 137 147 0 149 122 184 240 191 153 0
    128 0 209 255 0 255 164 78 255 11 168 112 96 50 241 255 0 133 120
    191 255 0 255 224 0 5 49 0 98 250 130 0 255 38 254 109 61 0 84 255
    177 196 89 0 48 108 211 0 26 255 157 160 162 212 0 108 208 255 207
    88 255 247 255 88 129 0 78 249 216 255 0 255 219 48 250 197 2 0 0 97
    20 199 239 42 98 224 0 32 213 252 213 234 111 16 55 243 88 13 255 73
    255 0 10 178 175 72 86 40 255 255 0 7 255 52 0 255 255 0 0 175 0 98
    40 115 228 255 83 140 255 49 219 0 254 255 0 78 255 255 187 250 120
    226 136 85 83 196 255 53 69 255 0 111 255 0 255 255 255 89 210 105
    97 0 90 35 0 32 255 255 255 255 255 106 199 0 255 113 0 212 33 255
    255 223 255 132 0 252 0 0 255 214 255 0 253 13 227 11 139 255 26 97
    34 191 213 255 0 0 255 36 29 137 99 0 99 87 25 255 255 255 0 224 96
    0 35 169 96 99 255 224 255 255 202 64 202 70 255 50 0 0 255 0 0 118
    255 255 166 255 0 0 191 0 220 12 31 57 247 0 165 51 255 122 24 255
    125 151 225 255 191 255 123 0 174 67 0 245 92 0 239 21 6 63 23 0 0
    178 115 119 53 215 159 210 60 138 102 255 0 0 101 211 182 0 255 52
    226 177 255 56 195 255 67 33 255 0 255 255 255 255 157 247 255 122
    185 155 0 255 126 38 154 17 122 255 17 64 74 0 39 38 197 255 46 255
    155 255 0 125 101 247 221 0 255 118 255 255 222 0 40 134 11 0 10 14
    230 0 249 48 0 255 224 169 5 155 0 255 146 255 20 75 33 0 168 0 255
    42 98 127 156 170 248 52 138 0 6 255 0 0 0 253 186 77 255 140 0 92 0
    0 0 122 14 255 255 63 62 0 0 100 202 199 142 0 50 117 255 255 255
    199 239 135 255 134 39 84 255 192 67 0 220 230 127 0 0 254 255 0 227
    255 255 120 255 212 231 117 64 42 126 0 0 255 0 255 212 255 172 238
    128 28 179 78 0 255 78 94 214 0 98 255 251 73 255 173 93 0 192 107
    211 0 155 193 192 0 209 222 181 217 230 33 146 0 240 255 35 141 255
    248 114 211 42 75 0 0 0 0 255 176 255 255 162 0 0 0 0 221 93 255 149
    100 0 60 34 50 93 238 65 255 115 236 12 0 8 199 0 238 0 163 176 0
    203 255 98 0 134 0 0 128 148 190 10 241 112 212 134 12 0 0 255 142 4
    255 73 103 177 240 184 255 126 101 255 0 160 0 218 156 1 0 255 194 0
    15 255 134 0 255 0 173 191 117 0 255 0 25 234 255 255 255 255 73 0
    26 135 0 197 255 0 88 237 66 57 156 23 0 74 0 0 69 147 87 183 60 0
    255 0 0 134 67 0 255 255 255 222 0 159 200 0 0 87 255 235 78 201 255
    0 0 236 119 255 255 255 91 136 166 0 0 255 254 248 185 255 153 253
    255 95 112 62 255 186 58 255 183 0 62 172 199 126 193 0 225 139 158
    128 147 51 0 212 0 155 244 15 168 163 0 0 135 255 231 22 255 0 208 0
    59 9 56 223 2 213 202 170 83 0 0 0 3 0 81 241 188 16 255 62 0 18 0
    121 102 18 0 244 175 181 255 138 0 0 0 70 0 179 68 216 255 74 69 115
    255 69 255 243 53 255 87 186 255 25 255 255 0 0 255 247 84 255 0 0
    250 0 168 187 0 30 220 49 159 166 178 242 0 75 0 99 255 34 25 154 0
    229 64 0 13 23 166 105 255 138 255 255 43 208 206 0 255 12 103 255 0
    169 0 16 0 125 123 120 251 255 16 255 155 184 255 66 255 91 68 234 0
    99 70 0 227 0 30 128 0 175 0 34 0 218 255 96 218 255 0 240 156 0 220
    116 213 46 183 0 62 229 0 255 110 238 0 0 58 109 229 219 142 227 61
    255 255 97 72 255 160 255 255 51 26 255 90 0 202 0 218 70 144 255
    210 0 157 189 214 99 13 255 47 0 209 113 78 255 108 85 106 0 220 92
    71 255 139 255 110 225 53 200 0 124 120 241 0 0 0 255 11 0 0 0 0 0
    255 255 11 119 58 0 0 49 0 0 0 206 249 0 71 154 0 0 255 0 197 175 83
    255 0 6 0 255 194 37 69 255 26 0 189 214 2 115 25 0 113 104 95 115
    255 140 40 182 255 112 251 130 123 0 221 1 0 255 15 93 231 23 255 49
    0 158 0 0 160 168 70 255 0 236 92 0 190 0 0 251 95 41 0 29 129 255
    90 236 255 128 31 255 33 255 165 27 209 255 166 255 215 255 3 0 215
    0 255 255 247 137 255 144 73 229 0 255 0 64 124 47 225 129 152 55 0
    255 173 0 138 255 98 98 132 0 0 99 167 0 94 255 82 125 0 255 0 0 173
    54 56 0 211 37 75 120 43 255 203 103 253 0 145 0 14 194 90 0 255 21
    99 255 0 73 139 99 198 255 255 164 255 3 67 189 0 98 153 36 0 146 5
    255 0 255 0 255 111 255 255 146 255 255 0 134 22 147 255 90 211 255
    0 255 246 174 255 0 0 48 34 61 208 0 210 42 0 107 146 0 240 127 185
    69 255 253 120 0 0 43 211 29 158 255 255 193 255 150 189 51 76 255
    255 255 116 108 181 65 107 255 255 36 155 90 0 0 0 185 117 255 171
    188 255 0 80 184 166 136 0 0 171 255 241 69 255 98 128 220 34 151
    255 96 0 0 255 58 255 255 232 17 136 229 130 6 0 255 0 255 15 21 166
    117 219 55 0 120 0 28 255 255 11 125 255 11 255 108 238 0 14 34 238
    36 43 207 0 0 248 255 45 0 255 26 14 19 173 132 136 199 132 0 3 125
    26 93 255 134 140 0 3 1 10 34 0 255 0 255 176 146 72 0 0 250 48 0
    255 255 213 0 34 96 27 196 9 140 232 11 0 255 231 255 176 255 149
    201 86 255 54 13 179 0 0 246 146 255 3 231 255 0 117 255 255 73 197
    255 143 255 137 248 154 221 255 240 186 176 255 32 107 219 255 0 0 0
    0 0 66 255 220 112 255 159 160 255 60 156 160 10 247 28 140 188 213
    225 227 147 95 255 25 178 252 0 163 0 75 0 231 255 245 182 66 79 183
    0 181 255 27 110 176 144 12 109 0 255 65 19 255 156 98 0 255 228 164
    237 60 248 0 187 129 163 11 255 14 6 42 231 255 255 0 32 255 208 213
    255 0 255 98 177 50 161 0 0 255 77 20 149 0 255 0 0 255 255 164 58
    255 195 123 97 104 173 225 204 0 255 96 250 255 37 255 90 71 165 255
    152 149 167 163 213 200 255 55 33 101 255 0 1 78 61 133 102 24 0 10
    237 255 255 249 141 105 245 126 95 228 221 255 74 178 102 211 0 0
    146 15 142 255 255 111 104 254 194 1 255 255 0 94 197 0 25 246 0 62
    60 68 255 109 0 158 39 89 173 92 183 17 119 115 255 255 186 255 189
    108 0 255 81 149 0 255 182 168 255 0 140 21 0 0 217 56 0 255 134 249
    35 255 255 53 56 248 255 0 243 255 122 0 134 101 0 255 167 0 87 140
    0 0 0 0 0 226 0 231 163 0 163 255 62 235 255 255 0 0 255 96 0 40 53
    219 64 26 126 0 0 240 255 241 163 255 83 255 121 71 0 194 127 3 255
    0 151 200 0 244 0 0 214 104 125 126 120 0 255 44 0 175 144 255 28 71
    0 140 0 255 88 191 211 255 0 255 170 94 255 255 75 0 255 207 220 229
    153 255 217 151 182 255 255 211 141 0 207 0 255 4 88 0 0 255 210 255
    0 91 191 138 45 0 129 35 255 182 255 255 228 7 25 0 0 0 89 67 206
    165 83 255 255 14 111 166 255 119 0 242 208 255 255 255 255 242 213
    171 135 24 0 255 137 255 65 237 255 232 255 39 255 255 0 239 255 215
    255 255 141 0 46 255 208 202 5 101 0 211 66 62 0 150 0 233 0 183 80
    0 255 124 0 255 255 255 0 255 148 218 129 0 67 20 209 0 217 255 81
    233 255 255 0 255 113 121 68 255 188 21 41 0 255 215 255 125 255 32
    187 116 0 0 255 150 224 2 255 255 255 122 0 255 83 0 240 255 0 100
    46 171 181 168 255 154 0 0 255 53 255 255 0 0 115 181 183 71 0 245
    231 255 206 213 224 130 36 236 101 33 143 255 255 82 255 106 174 252
    194 129 0 160 70 141 19 150 165 57 129 76 0 255 0 152 170 255 0 25 4
    247 0 14 235 222 180 127 255 85 255 27 255 189 218 136 244 255 255 0
    255 144 11 22 0 243 255 178 255 37 0 239 163 0 193 0 158 171 61 93
    147 239 255 0 250 41 0 116 25 174 0 255 153 0 21 86 0 97 170 0 147
    250 129 255 0 255 255 187 216 225 89 127 74 255 8 0 0 96 0 42 23 76
    0 255 186 138 255 0 141 244 255 255 102 3 255 255 0 255 255 202 255
    158 11 239 255 0 255 0 102 93 146 237 0 63 0 85 0 105 21 182 63 0
    247 166 255 255 172 51 198 0 0 2 18 0 255 211 0 255 219 77 29 61 86
    255 104 77 0 183 90 125 222 152 130 60 102 228 187 255 255 171 176
    255 255 233 255 249 149 170 175 255 170 231 0 150 0 116 2 155 87 255
    0 249 111 45 47 49 0 180 14 186 0 87 20 0 17 0 255 86 255 92 0 234
    22 255 21 69 179 255 14 255 81 200 255 248 0 64 12 0 62 255 32 55
    134 195 255 132 180 255 103 255 255 140 250 255 105 255 0 215 197
    244 213 187 165 164 195 235 191 255 24 12 84 38 172 79 152 13 255
    255 220 236 5 172 0 252 255 139 227 137 214 235 10 215 114 216 58
    255 0 0 203 14 217 255 245 254 102 255 171 38 78 243 0 173 8 0 0 145
    214 0 40 6 0 61 110 10 128 202 255 0 198 0 107 243 0 254 28 233 110
    110 33 0 0 32 42 255 210 255 210 70 246 74 118 0 71 0 83 6 255 255
    255 0 94 117 0 86 52 195 238 170 2 0 153 0 127 128 0 97 227 255 255
    0 148 255 131 210 190 255 71 165 0 0 190 195 41 29 44 0 157 54 255
    149 255 188 0 139 131 201 120 1 126 175 172 255 159 0 170 102 0 191
    220 117 229 146 217 0 35 255 0 0 151 137 203 255 255 0 0 65 2 255 34
    255 255 184 12 19 255 0 40 255 85 231 0 0 126 113 0 14 29 10 255 203
    139 53 255 154 0 59 255 255 64 61 41 220 59 169 186 100 36 255 159
    131 191 64 3 140 0 0 111 255 107 120 193 0 225 0 255 0 117 255 0 255
    42 241 70 21 255 255 255 150 45 33 217 255 104 97 255 0 0 0 24 95
    255 98 137 196 219 0 123 17 225 29 255 251 8 255 255 162 122 250 165
    190 220 203 185 71 0 0 157 65 255 136 65 2 211 110 166 184 116 244 0
    179 0 169 0 0 0 205 0 182 78 208 255 0 247 255 133 255 44 6 222 255
    0 243 129 216 255 0 229 168 182 132 180 255 81 48 255 113 172 208 15
    97 246 144 255 135 255 0 0 204 237 239 198 0 195 255 240 0 255 255
    183 0 27 0 0 74 212 62 65 255 0 182 0 0 89 149 255 255 60 255 255 42
    199 0 0 203 206 68 49 9 50 255 0 161 0 0 220 0 160 0 42 176 255 202
    164 255 38 255 187 255 69 59 211 114 7 85 240 80 255 203 238 255 0
    197 0 255 127 188 0 0 170 22 178 239 255 43 0 115 0 134 0 219 248
    255 147 113 239 6 0 0 185 0 221 0 39 74 0 255 226 77 68 255 40 90
    189 217 255 0 228 255 224 105 0 194 37 0 255 0 255 30 87 149 0 3 255
    0 255 0 41 255 0 255 110 0 255 244 28 65 29 255 0 255 0 0 255 255 32
    255 114 255 207 255 0 44 244 255 255 172 0 4 169 65 125 255 67 159 0
    118 125 0 0 2 0 176 207 50 255 253 184 32 255 225 0 62 0 32 255 0
    189 255 109 157 0 97 219 61 248 143 15 142 236 20 255 229 92 108 8
    164 0 255 118 161 255 44 211 94 255 13 0 0 255 255 228 217 8 97 119
    24 136 255 211 248 41 174 62 255 0 93 255 41 160 0 167 61 0 15 61
    107 0 235 203 141 230 73 255 0 156 144 30 95 159 255 0 237 242 75 69
    0 212 255 170 34 0 177 75 0 185 95 204 79 156 165 0 132 0 33 0 157
    137 69 19 39 255 81 157 0 39 49 47 38 0 148 185 191 71 138 177 0 255
    130 255 218 26 32 0 228 39 0 255 255 5 218 255 0 135 27 5 52 116 0
    33 183 152 255 0 154 57 255 164 152 255 0 255 255 11 190 255 27 0
    164 0 174 0 122 92 0 103 255 118 92 91 255 188 5 255 6 255 0 0 253
    67 24 0 135 56 0 9 0 0 34 248 224 0 157 50 0 62 30 26 155 86 178 189
    93 255 24 80 185 255 255 255 90 255 162 129 1 0 183 0 19 0 0 191 13
    252 247 0 131 95 255 235 192 63 166 157 155 184 160 255 0 161 77 114
    0 198 254 0 178 196 0 255 255 0 241 32 140 157 127 255 70 45 255 30
    203 255 71 92 27 0 89 58 0 178 255 235 255 38 0 255 73 130 46 0 145
    164 41 78 2 11 0 222 255 249 2 19 110 255 33 0 0 138 0 137 224 75 13
    137 97 160 162 135 130 125 26 100 255 116 164 255 34 255 91 250 10 0
    255 46 171 136 119 0 0 255 244 255 6 255 179 14 255 255 136 237 255
    0 64 159 146 255 97 0 230 0 0 183 107 255 209 251 255 82 193 255 215
    0 86 56 253 0 255 139 0 0 0 12 0 123 255 71 0 255 8 255 255 255 70
    197 105 24 22 0 148 255 91 255 255 250 204 174 0 0 73 255 0 140 255
    186 65 177 0 127 255 255 0 0 219 243 0 43 200 184 215 255 142 121
    216 70 0 255 255 157 0 99 255 4 255 7 0 255 50 103 0 49 123 0 255
    255 255 162 0 115 12 168 0 255 255 255 255 255 255 34 255 99 135 255
    255 0 0 253 152 0 194 248 0 255 0 255 151 0 255 228 255 182 255 0 24
    152 150 242 0 213 255 204 0 238 41 0 84 0 255 177 168 255 0 0 140 11
    217 147 163 255 2 132 255 255 255 255 65 3 99 255 40 217 255 122 96
    50 139 0 255 18 255 141 0 255 197 0 166 241 255 0 0 255 197 160 255
    0 0 162 255 44 158 211 144 0 0 0 255 187 58 50 0 19 255 255 226 205
    35 85 82 144 255 12 255 255 178 81 255 198 104 45 32 255 161 0 61
    255 0 255 255 0 206 153 0 255 164 135 207 109 250 0 0 207 37 151 108
    255 0 246 255 149 245 0 72 59 255 226 198 82 61 29 189 100 255 241 0
    255 253 255 255 10 174 0 48 255 0 32 255 1 138 35 175 0 205 0 255
    220 69 0 13 0 0 158 185 57 40 70 137 255 47 0 0 117 255 153 248 0
    194 255 252 0 28 255 177 15 228 185 38 0 0 0 112 170 0 0 55 246 221
    0 136 3 148 128 44 39 0 252 91 54 1 0 248 255 89 44 161 69 122 85
    255 61 110 216 86 132 186 0 77 0 172 0 0 186 0 133 194 0 255 57 75
    181 80 0 255 182 219 0 0 203 131 255 0 249 255 114 44 0 226 224 0 11
    126 146 210 109 43 255 0 61 28 0 12 113 0 255 132 141 27 255 4 255
    255 218 111 255 255 63 154 255 255 184 140 233 0 51 95 117 232 0 37
    231 34 255 156 255 124 222 12 101 255 207 255 162 255 0 71 0 47 28
    158 177 199 0 0 133 0 195 68 255 55 255 47 0 25 255 255 150 255 149
    94 181 140 255 101 60 0 0 124 0 10 217 255 113 238 242 194 90 201 88
    216 82 255 146 187 149 255 255 56 255 100 105 180 109 178 109 255 92
    190 78 174 189 130 0 4 246 55 0 0 161 255 247 255 236 207 255 207 73
    255 57 239 148 161 0 139 150 58 255 38 210 255 222 21 76 255 116 255
    169 255 255 113 213 255 36 255 255 44 33 0 255 9 10 97 61 84 163 169
    175 36 129 0 23 255 59 87 0 44 48 164 35 96 144 255 134 131 159 172
    170 255 0 177 220 206 0 138 78 155 0 200 120 241 255 15 255 255 255
    255 159 255 146 0 238 0 47 245 132 122 187 223 226 166 0 141 67 255
    255 82 193 118 81 23 0 240 0 129 255 227 88 252 0 14 141 0 38 255
    121 49 106 30 39 0 24 255 51 208 255 255 38 255 255 211 24 255 108
    178 255 239 255 14 108 47 0 211 20 172 0 255 207 254 228 70 129 238
    255 61 25 211 0 110 35 240 246 0 0 10 199 192 126 209 193 119 216 0
    107 53 209 0 255 50 0 0 134 255 165 126 0 160 114 3 255 255 31 189 0
    0 29 53 25 177 147 58 0 73 240 255 0 0 225 255 131 72 207 0 133 162
    255 86 147 233 95 255 234 48 73 114 255 72 59 60 0 130 201 127 222
    18 0 255 179 255 0 29 72 255 139 0 27 170 190 243 255 85 48 255 77
    255 47 70 0 156 0 255 0 0 231 0 188 211 100 177 97 144 255 231 255
    63 255 0 23 65 0 54 222 78 91 0 255 176 255 41 111 255 75 133 48 255
    11 0 51 181 53 250 54 8 56 0 250 0 0 240 27 80 97 255 0 152 255 136
    28 0 49 164 255 0 6 5 0 240 116 227 0 255 85 55 164 42 32 148 255
    117 190 121 64 232 255 0 180 0 64 255 70 120 103 168 150 77 255 77
    255 0 0 253 168 255 255 45 129 255 44 0 0 255 51 94 255 255 51 88
    255 102 232 167 236 0 19 156 162 255 114 15 123 255 255 0 217 14 43
    0 102 57 133 0 30 195 55 255 180 165 11 63 0 0 190 0 0 171 0 22 205
    0 71 0 36 0 47 58 23 150 255 91 242 0 202 255 224 31 248 200 255 255
    181 2 0 167 204 219 112 138 169 0 0 100 0 239 118 0 134 98 182 42 45
    255 0 84 0 0 0 232 124 0 255 169 165 247 0 156 50 0 255 160 86 255
    255 255 192 255 238 65 6 15 33 195 101 226 252 247 36 54 115 0 133
    37 126 166 0 61 0 0 255 255 255 249 255 237 255 0 101 81 145 108 0
    255 0 81 191 27 198 45 255 0 0 25 139 255 255 228 39 255 251 255 255
    78 106 214 255 23 119 184 119 0 0 0 0 255 168 1 255 242 0 255 116
    255 88 0 176 0 255 192 40 157 57 0 162 255 0 255 206 255 217 244 0
    174 255 236 187 0 255 197 213 122 161 188 255 0 90 255 160 0 79 253
    219 0 255 0 0 193 39 0 76 166 171 242 154 215 0 111 94 96 255 255
    245 138 53 93 86 228 0 175 255 187 243 255 255 16 0 116 209 139 0
    255 8 88 32 255 163 255 255 249 81 255 132 255 149 255 0 113 239 52
    67 29 166 26 74 156 255 0 190 9 103 244 135 144 165 64 148 216 255
    255 211 90 0 255 0 255 134 163 0 63 158 191 44 123 65 0 181 2 214
    190 4 36 63 255 131 255 185 84 0 59 163 48 11 255 255 0 78 0 255 118
    0 38 130 211 142 235 68 241 210 215 79 65 0 103 51 92 12 0 255 14 31
    222 255 61 255 242 246 255 227 111 0 0 255 189 183 103 70 0 255 130
    83 255 7 0 255 149 100 255 157 255 50 4 120 31 218 128 255 35 255
    180 45 182 0 224 151 156 89 136 162 0 171 223 174 0 154 32 255 99 0
    130 92 0 0 116 82 9 168 255 235 35 0 123 255 3 255 135 0 125 0 19
    213 147 255 19 79 255 196 50 155 189 255 126 255 107 250 210 54 129
    0 255 145 76 27 16 190 232 0 0 94 133 94 0 55 29 236 251 243 0 214 0
    255 5 239 40 0 169 10 255 34 255 118 0 255 0 255 97 139 165 83 0 24
    255 88 236 88 219 255 79 120 255 131 255 0 175 0 58 118 255 94 58
    255 125 255 0 32 37 30 255 255 92 142 96 255 0 0 39 31 132 4 0 161
    20 157 206 255 72 139 82 2 94 209 59 255 104 72 68 29 240 255 29 0
    33 74 205 0 160 80 21 199 100 250 0 32 26 48 0 64 0 0 255 193 0 0 0
    255 2 196 168 255 84 0 159 0 102 255 203 19 205 97 255 54 0 0 0 169
    0 30 196 136 239 2 115 255 9 217 255 255 121 53 0 105 215 255 83 67
    130 161 228 186 255 19 38 239 99 0 0 210 90 255 0 64 224 17 180 96
    255 223 0 255 95 255 255 94 58 30 180 0 0 218 0 90 60 4 104 102 89 0
    0 240 190 110 255 255 72 100 69 255 231 185 239 255 62 178 255 250
    255 249 192 255 74 202 148 193 73 198 127 0 255 48 75 108 29 255 255
    0 145 139 219 255 255 110 119 255 255 0 97 211 21 48 198 112 164 249
    10 121 36 164 0 255 161 255 227 42 25 211 28 233 0 255 255 0 165 0
    165 0 14 0 255 255 214 159 211 255 255 11 29 255 4 6 95 143 110 0 11
    94 255 255 255 0 111 255 195 63 0 245 211 0 211 0 153 89 42 255 255
    0 255 123 210 222 55 0 255 254 8 24 255 0 45 11 0 168 0 121 158 221
    176 27 255 143 144 174 0 152 55 47 44 144 103 63 106 0 68 140 30 0
    255 255 169 0 250 63 248 0 255 0 35 255 255 16 43 184 0 146 166 88 0
    255 242 255 1 48 255 120 227 0 255 32 162 189 211 33 44 0 0 27 255 0
    255 122 106 0 164 206 0 154 85 0 0 72 6 94 0 255 167 181 0 16 127
    101 22 11 0 0 166 0 32 84 255 21 38 0 117 0 0 255 78 16 202 230 139
    199 2 36 0 91 0 255 222 107 61 46 0 207 255 0 0 0 255 255 255 216
    239 5 168 162 147 255 215 202 181 29 219 20 161 49 198 70 9 0 230
    255 141 237 254 181 220 225 54 186 248 58 108 250 26 98 255 255 255
    78 80 0 199 255 0 96 0 255 255 0 80 75 0 110 0 255 255 0 255 32 0 15
    171 236 207 255 16 0 136 28 65 247 0 163 167 219 2 0 162 48 52 169 0
    0 252 0 255 69 155 255 32 255 226 193 201 68 255 217 133 89 0 242
    161 0 255 132 117 204 250 108 37 0 0 245 25 255 147 115 182 70 139 0
    188 0 255 255 147 193 0 0 255 155 118 168 195 0 0 106 14 32 34 0 234
    35 255 255 113 160 195 174 218 255 255 112 145 169 96 15 255 0 145
    255 255 91 136 161 232 102 0 255 213 255 163 0 0 127 0 207 0 0 199
    161 255 168 255 6 75 248 235 191 123 61 0 0 194 204 61 162 0 119 191
    177 255 0 255 22 255 117 156 251 93 0 159 244 125 111 105 0 0 255
    129 255 18 70 202 90 0 71 0 54 255 188 236 223 137 0 203 153 198 0
    75 154 144 102 0 190 38 255 165 0 22 119 146 0 167 255 255 42 255 39
    0 0 152 255 0 35 60 0 236 48 174 105 240 255 21 99 239 88 118 149
    203 85 182 7 28 22 97 255 255 239 255 236 255 81 240 192 0 0 203 255
    255 17 107 11 47 208 40 0 0 0 255 171 46 255 255 143 85 65 200 0 255
    85 0 0 255 44 0 182 255 255 117 233 255 0 0 0 169 255 255 183 225 0
    255 239 255 96 54 128 255 0 19 251 210 0 164 72 24 199 30 82 150 137
    23 0 199 154 17 88 250 52 0 87 21 52 244 41 0 151 23 0 246 223 41
    219 203 228 0 228 255 197 103 0 83 218 255 198 255 166 237 179 141
    255 255 0 153 227 255 255 40 187 47 255 255 198 78 92 242 255 0 79
    31 190 0 249 137 29 161 255 153 144 24 0 1 75 66 225 188 255 255 94
    94 77 0 209 193 32 229 153 223 249 255 31 212 12 185 255 255 255 22
    0 126 27 255 106 16 156 0 183 209 50 0 0 123 255 0 0 161 97 255 153
    255 82 104 255 245 255 193 0 215 237 188 255 30 73 246 0 106 249 208
    255 0 28 255 0 13 132 255 2 73 211 255 148 250 162 5 124 142 0 80
    105 255 0 0 217 255 255 192 255 255 7 53 255 202 238 0 183 38 255 83
    0 255 15 90 255 91 180 39 9 255 212 226 255 160 124 9 0 30 177 85
    103 255 174 107 52 0 145 216 148 255 0 255 111 79 53 45 31 28 249 0
    0 192 0 29 0 0 255 185 0 159 0 255 238 218 186 185 255 255 0 255 104
    0 227 120 0 53 0 255 0 121 255 70 255 116 30 195 163 0 62 255 118
    146 0 78 197 208 149 65 80 27 234 133 255 0 113 231 125 15 255 134 0
    128 233 50 210 229 160 217 0 16 50 69 175 218 255 90 68 255 60 191
    59 99 255 0 0 255 0 9 48 0 0 157 188 0 13 153 69 0 180 156 52 17 0
    201 255 98 1 190 121 115 0 182 83 58 255 0 19 255 255 255 186 201
    255 213 103 8 19 255 9 0 185 0 255 119 161 163 255 0 167 255 255 65
    114 0 0 26 114 188 167 111 255 255 23 0 255 57 177 171 0 255 62 213
    78 255 26 30 148 184 159 5 6 0 234 0 236 166 147 12 255 50 123 47
    252 255 213 231 255 45 167 255 0 159 183 31 0 0 239 255 106 27 255
    132 0 106 120 30 214 0 165 234 20 122 44 122 255 237 221 255 165 0
    37 117 255 0 0 153 143 28 47 0 29 211 255 0 255 255 0 255 0 52 0 191
    15 17 255 177 0 161 237 129 225 190 255 183 253 221 255 220 136 255
    255 255 0 225 255 10 118 148 255 0 176 205 0 0 77 151 100 244 255
    110 194 0 194 188 175 255 0 158 255 77 0 0 255 214 170 174 0 0 181
    240 0 169 119 0 67 0 77 72 204 255 50 0 255 0 48 90 99 125 78 255
    100 96 246 187 60 255 66 159 130 141 0 123 255 166 230 232 194 66 13
    73 0 144 255 0 116 235 0 64 0 239 170 174 21 81 0 0 79 157 255 0 129
    190 255 185 0 246 37 0 230 31 0 235 255 0 166 102 113 153 0 0 0 229
    135 255 247 195 201 0 85 0 0 240 56 0 198 0 186 83 138 142 158 192
    213 0 255 255 62 0 103 60 98 61 0 37 255 74 211 226 140 201 137 58
    255 255 1 255 0 237 0 153 122 255 0 35 255 248 43 236 213 33 130 0
    207 0 255 255 255 255 155 255 66 0 0 255 154 124 255 105 0 24 103
    142 195 200 255 255 178 0 116 14 109 249 210 255 255 62 58 40 37 255
    12 198 209 255 17 235 0 144 255 124 0 187 0 110 187 73 255 0 21 90
    241 64 157 97 242 199 241 136 126 0 0 206 64 0 9 115 158 199 122 183
    0 30 132 0 92 0 255 38 144 255 255 255 89 25 179 244 165 255 0 0 255
    113 255 0 0 120 162 0 27 157 0 210 246 235 74 134 109 0 199 176 0
    178 159 203 0 255 243 81 0 229 217 191 0 0 255 240 255 254 44 0 124
    34 42 16 229 224 0 114 184 255 26 0 0 255 188 235 205 0 76 15 255
    232 216 160 50 255 77 149 177 255 168 135 0 74 0 211 255 37 22 255
    238 14 154 149 102 8 255 137 17 0 231 235 59 35 246 0 21 255 0 149
    96 0 155 130 77 174 255 75 0 255 67 218 205 122 136 25 92 212 193 81
    255 103 255 162 106 255 8 255 221 130 140 0 195 25 246 94 0 138 33
    126 182 14 215 238 27 165 228 0 131 241 255 255 224 169 13 245 113
    146 255 230 66 255 47 150 0 0 228 106 94 255 0 84 224 0 255 48 181
    246 113 109 255 0 24 0 255 141 211 255 255 243 221 0 255 255 101 0
    96 175 208 213 104 0 255 224 35 118 0 116 130 49 0 212 0 172 255 0
    212 177 119 185 121 255 223 200 255 255 11 102 255 0 199 164 255 255
    0 0 150 53 228 0 85 255 255 167 224 28 0 0 25 0 162 45 255 19 181 0
    124 82 0 151 208 255 0 202 79 47 255 88 171 237 73 0 0 207 255 255 0
    242 255 216 130 155 238 255 157 184 205 250 166 202 12 145 255 0 88
    166 176 244 28 25 0 215 156 255 255 255 255 255 255 73 255 0 239 94
    235 0 255 255 87 213 157 226 219 0 77 76 209 41 0 102 95 122 213 0
    194 2 87 0 255 0 255 141 33 130 140 123 255 16 0 139 255 0 129 0 149
    113 18 0 255 0 169 255 224 111 213 119 126 24 255 155 16 255 101 0 0
    189 212 0 74 144 28 242 136 213 61 0 61 255 90 0 255 0 255 252 87
    255 0 45 129 136 255 175 255 0 255 255 0 255 0 239 0 0 22 212 255
    255 0 250 255 255 140 78 43 136 26 10 200 65 247 0 108 255 255 12
    255 0 255 199 22 0 255 0 51 30 217 199 255 64 255 49 233 255 255 0
    168 104 135 0 27 196 196 0 0 221 138 205 0 40 34 226 0 141 0 113 255
    59 211 63 76 255 255 82 0 53 91 255 0 174 0 131 125 255 0 240 47 0
    169 32 234 220 1 37 230 255 42 163 136 23 59 125 255 73 255 255 91
    98 137 0 0 0 59 119 141 113 0 180 255 180 71 207 113 255 208 0 12 0
    58 187 0 68 255 255 184 210 73 67 105 0 118 0 255 71 255 89 246 3 20
    46 180 230 105 80 185 195 154 0 61 8 0 206 170 0 108 7 83 0 75 0 229
    255 235 0 184 255 238 0 255 255 229 217 170 255 0 118 0 16 255 197
    55 132 103 164 255 41 147 255 255 0 0 0 215 31 0 71 48 0 92 14 16 34
    77 255 255 109 48 255 219 129 255 179 211 19 44 110 255 211 10 217
    35 0 255 217 255 255 0 74 0 109 255 54 237 53 36 176 85 255 22 225
    130 22 109 255 82 0 191 7 69 100 15 233 61 79 255 97 0 0 150 32 255
    240 0 242 192 75 208 57 216 142 102 189 200 149 114 75 184 67 145 20
    166 255 12 173 102 0 0 18 255 160 150 126 106 176 163 245 4 255 255
    39 3 202 25 201 0 2 193 135 233 50 43 57 194 167 255 255 255 255 74
    131 110 247 200 255 142 43 191 206 217 0 48 158 0 0 225 68 54 0 80
    105 167 65 0 97 3 255 0 171 108 119 0 255 98 162 230 92 187 248 0 50
    169 240 130 255 92 109 166 161 255 185 255 197 47 255 255 255 0 212
    0 109 231 230 126 192 0 255 224 0 255 255 30 125 65 0 255 56 0 253
    36 0 228 255 229 33 95 200 101 73 68 0 0 0 150 14 60 254 255 255 255
    241 104 34 255 110 185 200 73 0 103 255 237 0 105 105 255 143 82 255
    255 45 169 255 0 187 0 97 0 0 255 0 70 172 172 231 255 198 140 88
    118 92 18 89 0 184 0 255 11 173 73 13 18 0 0 232 255 34 153 0 9 0
    191 102 83 208 80 211 255 0 145 255 0 247 0 235 0 85 255 101 0 255 1
    228 0 211 252 0 67 0 231 247 0 255 7 255 164 0 77 255 137 166 19 255
    161 0 112 255 0 250 217 124 67 210 251 10 178 255 168 146 0 0 0 0
    255 38 111 167 145 168 184 255 19 184 187 145 19 182 0 189 194 255 0
    255 0 255 73 0 255 161 60 0 113 189 56 118 255 141 29 250 255 64 255
    29 252 255 44 72 220 0 187 149 15 13 143 179 0 0 255 4 252 0 119 0
    43 0 186 215 251 218 255 128 255 248 56 56 255 151 46 0 238 126 0 0
    0 51 255 0 169 247 124 255 0 82 251 182 255 35 226 69 114 80 0 0 0 0
    0 186 154 148 38 228 24 255 255 106 121 111 148 48 37 53 91 94 57 0
    118 84 0 255 252 207 208 255 214 221 149 151 197 29 72 255 0 238 255
    255 207 254 57 37 251 104 255 255 0 255 223 228 50 67 179 120 135 74
    0 43 0 232 213 255 181 255 255 22 0 46 38 144 74 255 95 0 193 118
    106 255 255 250 255 17 29 199 15 72 0 255 0 41 116 255 236 0 161 129
    255 0 108 255 0 89 5 239 2 0 136 152 246 0 255 110 0 98 43 166 217 0
    110 211 0 191 142 84 86 255 255 203 120 0 105 255 250 92 0 65 51 76
    255 0 17 0 8 157 0 151 255 0 255 159 70 9 216 136 8 222 255 93 225
    122 51 251 255 22 0 0 230 149 34 0 255 255 38 0 255 0 0 137 83 199
    189 223 194 133 255 121 0 255 32 254 59 150 255 203 255 39 61 252
    255 15 255 0 255 0 147 37 170 35 0 37 178 238 31 0 248 13 177 255
    255 64 0 15 0 72 42 103 204 0 180 0 105 99 212 197 0 0 119 31 255 0
    255 255 207 182 207 230 18 0 190 255 255 0 43 144 63 255 224 66 32
    59 124 255 0 255 35 20 0 153 10 0 0 178 255 38 255 164 166 6 249 104
    250 0 0 255 0 216 255 31 0 255 21 204 255 157 107 255 253 0 193 63
    255 162 97 118 0 57 255 182 255 26 0 66 130 0 152 197 0 87 0 2 179
    225 255 212 250 253 229 255 116 255 154 238 28 245 0 43 255 208 26
    195 20 123 198 221 239 93 6 165 255 139 23 0 9 146 215 84 0 255 72
    33 212 218 215 255 206 119 255 44 201 237 0 0 0 255 160 0 0 0 115 0
    167 150 0 255 229 109 199 217 229 255 93 255 0 0 0 251 255 13 150
    200 179 0 66 125 255 0 203 0 235 0 233 214 255 117 4 247 5 214 255
    151 7 255 231 96 168 0 4 46 82 255 157 0 0 119 114 224 85 0 255 22
    255 70 43 236 110 7 209 212 0 255 255 74 63 0 247 52 80 114 48 166
    48 118 228 255 124 123 0 255 87 255 0 0 0 174 0 25 78 94 219 234 0
    147 0 205 22 78 208 25 213 255 249 126 55 225 210 0 255 16 0 0 1 104
    0 0 97 255 255 0 239 0 227 183 66 81 245 152 133 43 0 255 151 81 135
    255 255 42 220 177 0 228 198 0 173 98 82 0 130 255 0 37 187 65 0 184
    255 237 0 255 237 78 0 218 0 28 255 156 0 194 73 226 73 0 120 4 0 86
    255 0 160 88 255 50 60 18 0 255 63 121 255 255 0 0 44 167 75 49 249
    255 176 255 0 105 102 93 105 0 0 255 179 139 125 171 0 0 214 203 0
    255 222 30 72 93 255 255 103 255 0 210 50 22 234 175 0 206 92 0 0
    211 177 0 255 242 21 78 218 6 182 81 0 255 255 86 141 188 111 138
    131 255 242 0 255 48 1 183 0 238 0 80 159 43 53 108 55 254 86 0 255
    0 67 154 46 155 0 175 187 255 0 121 245 17 0 216 228 255 26 164 0 0
    94 229 214 185 0 29 82 0 0 143 58 156 255 198 49 251 64 2 0 69 115
    255 157 169 0 29 255 0 64 0 24 255 26 86 87 255 0 0 220 125 149 255
    19 12 81 129 132 0 50 218 103 0 4 88 219 0 0 53 83 0 44 53 61 121 97
    255 147 84 228 255 205 255 255 0 86 255 255 255 0 255 209 42 0 62 29
    189 0 153 216 0 115 18 0 255 57 255 255 255 151 251 192 255 241 0
    180 65 0 125 0 252 0 0 15 255 0 1 205 117 213 255 37 255 72 166 191
    69 38 91 255 74 0 92 138 0 11 129 62 207 48 154 22 170 142 83 206
    255 255 255 0 138 70 255 255 243 173 196 158 198 255 112 255 1 183 0
    0 255 63 218 0 198 35 73 223 196 93 131 255 5 41 180 13 213 149 135
    20 132 16 255 255 131 253 255 153 255 253 28 0 238 144 0 0 0 150 255
    36 28 255 0 38 62 147 12 15 0 31 0 212 255 0 255 132 255 24 255 115
    203 77 0 121 73 255 181 124 255 255 0 0 255 0 243 184 21 255 255 158
    198 108 191 0 0 255 255 255 0 255 181 0 146 0 152 255 0 0 67 35 162
    26 5 160 101 0 202 255 225 0 0 35 255 94 39 14 68 90 255 194 88 132
    0 180 184 255 163 255 255 157 255 56 115 255 255 37 181 161 255 132
    74 205 204 196 0 94 123 26 209 200 88 164 27 134 255 0 82 255 69 255
    125 213 246 202 255 37 142 136 230 160 58 100 210 255 157 162 198
    206 255 219 43 255 255 211 255 64 255 255 0 97 235 178 255 188 245 0
    228 150 177 255 255 135 0 186 255 243 124 113 26 255 0 15 255 193 67
    251 119 1 250 70 162 169 62 25 0 63 253 177 188 0 38 255 255 0 122
    88 189 160 131 62 176 154 255 255 20 128 77 104 255 66 14 0 95 255
    209 39 79 191 236 139 39 62 116 255 33 255 146 0 255 133 184 39 255
    91 0 219 0 255 162 14 73 103 134 0 32 0 227 255 255 255 43 109 140
    22 255 255 169 0 254 255 36 95 0 119 160 75 97 163 151 151 127 255
    103 255 78 31 0 77 129 245 180 179 0 120 255 213 255 151 26 255 255
    185 255 33 115 178 95 81 115 199 0 112 129 0 255 0 46 114 32 0 142
    190 0 92 154 234 206 162 37 187 255 159 0 225 255 116 225 0 36 255
    189 54 219 255 222 235 0 209 204 0 65 255 255 246 255 0 252 0 78 255
    26 131 15 17 255 46 201 67 20 150 84 222 13 51 255 253 253 216 255
    89 126 107 7 245 170 16 31 0 23 1 68 222 0 114 229 0 126 255 101 158
    203 22 255 255 160 145 255 1 192 255 202 172 252 128 8 49 79 154 255
    174 125 158 255 98 88 229 255 0 49 188 162 255 35 53 0 252 0 5 167
    252 133 54 0 176 113 0 255 0 86 255 209 205 0 35 0 255 143 17 177
    184 68 0 189 255 254 139 38 0 255 34 64 89 114 0 159 222 76 189 13
    175 0 219 255 255 255 255 255 210 145 0 96 129 255 0 11 255 193 32
    247 0 162 229 149 100 0 255 220 112 255 94 0 0 196 22 151 0 45 170 0
    94 254 50 49 203 241 192 86 47 54 233 14 219 42 180 0 0 218 0 0 148
    110 207 16 30 66 182 40 255 0 255 163 35 163 255 164 57 151 0 0 0
    255 91 255 255 255 0 0 235 81 255 255 0 11 255 0 0 0 64 254 255 123
    181 8 204 154 169 208 0 255 125 47 0 226 255 255 28 129 67 255 154 0
    81 213 104 192 255 0 149 0 159 0 90 89 255 96 252 0 113 130 200 255
    235 78 57 255 147 179 255 219 255 104 53 255 0 86 0 0 96 21 82 20 15
    84 102 191 247 255 255 0 0 255 2 184 249 97 255 178 57 255 245 255 0
    24 88 0 33 254 255 0 255 0 0 0 0 172 165 213 0 213 255 176 156 161
    255 172 255 165 174 255 48 255 122 157 28 255 145 255 0 242 153 181
    0 44 195 0 255 0 238 145 255 0 0 212 105 61 34 246 255 0 140 255 64
    144 194 255 35 51 97 0 154 164 28 0 202 55 230 147 43 255 53 124 239
    25 253 222 200 230 255 255 255 185 226 255 164 180 0 0 0 0 134 255 0
    255 255 0 0 97 255 19 143 73 255 0 91 95 185 167 174 0 255 171 213
    55 255 159 231 113 255 1 0 72 41 78 3 255 126 255 77 0 255 195 255
    81 82 140 113 255 215 57 255 229 9 139 255 170 0 14 215 255 195 148
    206 0 87 255 6 114 38 67 255 123 0 255 53 225 255 165 94 127 232 166
    255 180 255 52 253 15 255 70 255 127 238 0 248 41 61 217 255 11 10
    25 255 72 255 186 199 30 255 3 250 153 255 137 223 11 169 81 75 217
    0 217 255 192 255 0 255 92 65 255 23 255 144 133 255 0 216 226 0 255
    255 119 255 102 201 94 0 196 26 29 0 0 138 255 36 0 0 255 167 149
    255 222 75 245 140 255 255 0 144 80 44 25 190 57 24 253 231 174 255
    0 211 117 0 255 255 0 255 255 255 19 154 255 51 255 255 157 12 39 0
    200 0 77 255 105 43 146 70 255 221 205 187 161 139 0 110 24 0 0 0
    221 151 134 255 255 192 102 234 0 0 0 0 0 117 15 255 253 19 243 0 0
    250 0 255 0 255 255 7 225 146 18 0 0 36 255 0 173 90 168 255 232 249
    47 97 255 207 242 255 164 86 0 251 4 58 209 183 255 0 62 82 120 255
    118 233 0 226 147 6 189 38 255 173 255 255 255 0 63 0 209 246 2 0 0
    0 255 0 167 255 208 134 255 9 100 255 0 16 115 8 0 255 230 255 0 255
    134 166 202 42 111 103 73 148 255 49 233 144 199 0 0 219 239 0 201 0
    57 255 0 255 119 154 72 111 0 255 0 255 190 244 188 191 13 33 152
    255 63 19 237 72 83 255 255 175 3 46 0 255 66 0 9 235 9 255 255 195
    250 0 209 232 96 68 147 255 0 59 65 48 0 0 18 226 255 254 90 69 250
    255 0 163 148 183 93 255 0 255 140 95 0 173 0 179 176 103 239 78 0
    88 53 131 68 36 0 255 35 255 213 255 255 246 255 0 0 255 245 73 120
    197 255 20 254 255 48 255 158 98 173 171 5 145 172 130 255 255 166
    148 193 206 255 199 255 31 148 255 47 255 0 23 13 145 255 44 98 255
    61 92 0 255 255 255 255 57 63 145 0 171 205 135 100 255 131 0 136 88
    126 255 0 168 29 0 136 148 255 255 17 129 0 242 0 54 255 215 255 0
    214 255 196 83 0 119 162 160 45 29 144 184 60 255 255 255 134 155 0
    0 255 255 9 0 176 0 173 195 7 141 204 98 158 16 12 255 121 81 255
    255 255 255 255 50 201 36 0 0 204 99 244 232 122 101 124 255 101 0 4
    181 26 255 131 0 0 175 93 221 0 105 30 38 103 0 12 84 90 255 226 255
    111 166 255 255 255 61 139 255 166 62 193 168 186 164 0 255 72 100
    148 144 241 244 255 5 125 191 47 114 0 255 159 0 217 184 29 255 245
    202 255 38 68 255 131 123 148 0 75 29 141 0 255 75 0 0 53 165 255 12
    0 0 152 236 209 151 91 6 0 100 21 54 145 0 255 122 208 163 100 255
    161 55 237 204 219 255 255 99 255 28 197 59 171 0 110 176 196 255
    189 240 125 26 154 0 0 168 255 196 35 0 205 133 127 20 0 3 103 255 0
    186 36 212 0 48 193 110 185 61 176 11 255 255 116 254 28 87 0 0 0 96
    5 78 75 3 0 163 0 0 84 72 252 255 0 0 255 131 255 130 177 247 0 0
    138 1 97 213 35 0 127 108 33 35 0 255 15 116 0 95 91 98 111 118 0 45
    142 0 152 192 122 156 255 233 122 152 209 31 0 128 0 175 54 0 255
    255 93 255 114 31 19 255 255 0 92 0 211 144 243 255 0 5 244 144 246
    204 50 0 248 195 0 255 98 147 255 255 41 173 80 0 0 160 0 93 172 0
    245 255 68 189 155 152 137 255 255 0 255 79 170 200 255 27 20 95 204
    255 227 16 57 3 80 151 0 27 5 137 255 0 201 255 0 118 0 0 255 177 58
    34 79 85 125 151 141 132 66 110 255 86 91 201 255 57 255 31 101 223
    76 104 71 174 177 242 255 28 0 218 0 0 0 235 255 255 105 255 196 255
    66 0 212 229 236 146 20 21 244 255 103 129 0 223 114 156 226 0 255
    76 255 127 18 82 38 22 0 255 78 255 129 255 4 0 66 201 0 132 201 41
    117 90 151 122 255 0 53 211 0 0 34 0 32 114 188 134 163 0 0 105 250
    187 0 0 207 180 218 12 184 0 104 209 255 226 255 255 0 255 230 0 171
    42 255 125 96 255 255 66 255 0 237 0 0 0 239 0 19 235 0 124 224 0 80
    255 119 127 0 162 150 99 255 255 0 255 0 0 255 251 146 148 255 255 0
    254 82 11 0 255 255 66 22 216 139 211 0 36 98 239 255 0 180 255 225
    96 255 255 218 88 0 176 255 0 255 205 85 255 148 77 162 142 124 0
    255 235 205 230 96 0 196 150 239 48 255 255 24 255 63 255 121 255 0
    0 161 50 0 7 0 122 62 0 35 18 93 0 31 230 0 93 94 255 132 252 0 195
    0 255 249 82 57 143 87 253 80 255 162 255 28 255 53 49 137 126 91 25
    25 161 248 255 255 173 91 129 0 255 45 18 130 255 0 255 228 255 0
    120 145 255 35 66 180 0 239 0 230 79 168 82 0 0 224 57 116 245 31
    255 214 255 228 151 255 100 158 255 1 255 188 0 252 0 138 123 54 168
    148 68 143 111 0 131 0 124 44 255 37 56 255 255 246 235 255 126 156
    49 0 166 255 0 0 126 46 135 255 255 0 157 255 113 71 126 233 94 108
    229 0 181 187 0 0 0 255 117 84 216 134 0 45 255 255 255 212 255 107
    0 180 163 0 239 181 255 255 20 70 0 183 0 228 239 168 42 0 0 252 255
    0 120 78 3 164 48 122 22 108 0 212 243 44 85 255 0 32 33 85 0 230
    228 254 130 204 255 255 255 138 85 0 0 139 42 36 255 255 0 45 17 0
    22 255 202 221 206 78 17 182 255 53 13 79 224 193 52 147 255 133 128
    75 0 0 255 92 151 215 255 106 255 125 71 252 255 151 255 170 255 160
    0 255 0 44 102 207 117 0 215 66 255 191 255 40 200 226 0 200 0 127
    255 87 182 255 255 141 112 0 255 255 255 64 0 0 20 0 16 247 0 185 31
    57 68 255 229 4 255 21 231 108 67 255 250 204 0 255 100 102 177 0 8
    191 255 239 133 129 243 139 120 99 138 255 133 184 168 255 84 30 170
    20 255 150 0 251 0 236 247 185 61 76 30 16 131 255 255 62 133 0 215
    104 204 0 255 169 33 189 255 0 255 243 217 207 0 218 231 255 0 85 28
    211 70 83 255 249 140 192 221 255 129 255 51 255 255 48 50 19 72 13
    0 180 173 168 255 89 255 64 146 207 167 126 32 255 0 137 231 0 137
    172 0 114 104 255 203 97 125 164 99 31 80 179 116 194 134 0 106 226
    0 79 10 0 0 255 239 136 94 88 255 3 0 113 111 255 255 229 141 185
    227 255 220 0 238 94 236 0 142 162 99 8 0 0 0 255 133 180 21 255 0 0
    25 131 0 120 35 79 118 0 45 235 0 255 245 137 22 95 153 255 255 231
    255 0 0 0 170 56 129 255 0 160 53 56 255 104 118 0 82 0 157 184 6 0
    254 155 9 210 128 0 33 255 0 212 15 255 255 64 0 197 32 255 246 111
    26 0 249 96 255 0 0 107 128 190 224 0 0 177 0 0 25 205 217 255 147
    255 255 255 0 255 206 95 0 255 206 17 177 255 255 255 67 198 255 1
    85 197 159 181 117 255 255 189 148 255 131 216 165 79 126 232 214
    255 92 20 64 0 255 0 99 255 0 64 1 0 255 11 9 255 215 255 242 255
    255 111 243 182 135 255 0 140 241 255 89 187 11 0 255 154 239 224
    108 36 255 0 38 1 161 0 0 255 198 0 0 0 0 6 182 191 0 255 255 0 0 75
    38 144 253 0 73 175 0 125 0 155 206 117 200 254 163 215 255 255 146
    173 28 46 23 204 0 0 124 0 53 62 143 103 0 144 132 186 255 213 1 255
    1 49 57 0 140 100 232 73 123 199 166 0 180 0 255 215 239 0 0 48 255
    96 79 255 0 165 85 44 255 248 2 47 144 206 75 255 255 192 176 174
    255 219 0 190 216 150 196 53 48 0 0 157 2 0 255 101 236 164 255 0 0
    255 27 0 255 45 210 255 99 113 233 13 123 141 0 137 0 199 109 3 255
    0 0 237 166 113 155 254 22 124 101 238 0 5 0 0 0 222 100 0 0 221 255
    142 34 114 255 88 203 111 0 255 245 215 244 191 71 0 99 237 25 64
    108 45 255 227 0 199 156 249 59 0 65 30 35 236 255 0 232 255 255 44
    173 42 189 255 0 0 210 71 255 122 0 0 0 165 41 0 186 238 0 255 221 0
    18 198 37 0 107 255 7 0 11 103 17 0 255 255 0 255 79 6 236 134 0 132
    255 111 0 152 148 236 52 0 84 238 0 255 222 153 0 58 214 144 255 208
    0 231 255 224 0 194 98 224 0 243 84 255 0 80 248 164 162 52 183 20 0
    227 255 208 0 164 255 0 255 255 71 95 0 0 0 255 0 0 0 43 172 255 229
    0 84 255 0 0 255 85 249 255 14 134 0 177 52 66 0 81 0 39 0 87 255
    112 87 204 28 229 0 204 0 140 94 0 0 3 223 0 255 0 248 127 86 0 255
    255 255 48 242 94 8 48 0 0 232 255 244 3 107 0 196 139 220 94 0 251
    113 135 0 255 41 0 34 65 4 247 21 99 255 125 59 255 164 135 255 0
    191 169 245 99 255 254 167 168 247 0 5 174 47 191 0 89 240 0 55 148
    77 152 0 123 255 255 171 233 231 255 204 0 49 221 0 124 82 138 255 0
    141 116 156 255 113 112 91 255 255 17 244 215 0 255 255 0 255 14 147
    112 0 232 102 212 0 36 0 153 8 120 225 222 183 0 144 0 235 102 0 0
    255 255 96 255 47 26 5 255 47 86 0 167 0 201 0 79 144 40 255 255 6
    255 0 204 85 79 0 214 194 237 0 255 255 133 171 48 120 0 241 1 255
    247 207 0 255 255 198 0 39 48 145 147 144 193 204 12 0 255 54 0 130
    255 168 255 0 51 255 255 96 255 131 46 15 244 125 35 107 84 74 255
    255 0 58 50 49 7 0 64 255 0 195 9 88 253 255 10 121 213 255 38 0 29
    255 206 236 0 73 242 0 173 84 219 188 46 15 0 255 0 255 0 101 0 132
    171 169 220 122 255 0 33 255 255 0 50 35 144 146 0 214 255 255 0 42
    138 134 217 0 82 0 0 255 115 0 71 233 141 55 255 50 211 243 152 27
    246 0 255 46 239 255 60 255 85 58 252 255 187 255 187 83 235 119 164
    249 81 24 0 86 251 0 207 255 91 0 65 0 255 255 255 255 0 92 0 3 47
    255 205 10 73 0 0 0 0 98 0 0 233 240 235 0 249 255 181 145 0 26 8 40
    111 0 224 233 62 0 255 122 0 205 253 238 255 217 182 255 255 3 131
    255 41 0 58 75 255 0 232 247 0 255 233 255 0 255 255 0 210 0 112 228
    44 150 44 255 255 142 0 0 0 0 0 193 99 109 255 255 21 10 63 0 105
    224 23 255 95 78 184 255 118 28 43 136 255 255 83 2 255 239 0 240
    188 212 34 123 160 145 0 244 147 140 94 0 140 255 249 223 106 0 22
    196 47 147 0 255 156 28 0 215 255 205 255 255 86 255 0 158 45 246
    180 255 255 0 134 0 0 198 0 255 104 255 255 0 154 0 255 9 255 0 0 62
    0 0 255 203 0 237 87 0 127 106 0 0 255 206 8 0 255 235 199 255 0 98
    157 255 121 255 255 174 255 99 255 0 81 166 255 45 255 166 25 204
    214 255 67 119 0 163 255 35 46 0 0 0 25 255 232 82 76 0 101 255 109
    0 255 255 234 166 234 255 2 158 255 44 255 169 255 69 255 101 0 189
    0 255 0 29 255 109 0 2 255 255 0 98 255 0 0 240 229 238 249 244 100
    0 255 0 230 215 131 93 0 130 219 0 206 1 0 0 0 255 0 187 186 150 255
    0 255 255 255 38 233 49 149 44 0 216 71 107 255 231 98 199 226 126
    146 0 76 255 15 122 123 200 130 55 142 134 187 185 176 255 0 0 48 24
    174 114 197 51 0 255 182 0 240 172 80 255 63 136 93 176 0 255 255 45
    244 191 45 255 0 167 53 255 0 250 7 0 39 255 166 108 0 240 0 136 10
    230 72 58 14 255 106 238 255 42 82 0 23 0 0 0 254 3 16 134 0 255 0
    207 2 201 143 251 223 193 99 255 255 31 36 0 0 6 182 162 106 6 0 227
    58 0 0 255 0 255 167 192 0 103 160 13 255 203 0 255 222 0 0 191 44
    101 255 255 116 255 12 255 255 29 140 255 255 102 255 255 59 74 193
    0 0 126 25 0 255 0 0 200 255 0 255 0 0 0 8 255 56 255 0 93 250 60
    143 174 255 255 255 0 234 255 94 12 209 0 0 228 41 101 65 114 88 155
    163 253 31 67 3 255 255 82 42 246 5 79 119 0 0 0 255 0 0 3 169 22
    255 0 43 75 240 15 176 156 0 255 0 0 213 137 100 26 255 130 255 255
    251 255 255 23 206 255 135 13 0 121 206 162 0 0 69 0 0 65 250 255
    131 77 130 66 142 210 15 246 0 54 255 255 148 230 159 158 111 93 233
    0 199 0 203 0 0 16 107 0 242 255 24 27 255 0 118 146 0 76 255 30 145
    0 101 219 117 255 162 27 254 255 32 65 187 44 153 19 18 160 104 255
    92 0 255 255 199 15 255 163 72 106 0 144 118 255 232 156 185 0 91 0
    161 255 0 255 34 64 26 214 0 255 158 5 15 26 255 0 1 36 126 255 88
    147 148 175 255 62 0 255 69 0 255 22 81 238 67 62 47 100 201 0 255
    50 255 0 116 0 255 118 248 255 0 255 94 146 39 255 100 182 27 113 59
    9 255 196 154 255 197 255 11 87 181 107 255 255 231 255 188 0 88 152
    218 65 255 192 165 255 126 0 230 253 116 195 142 141 212 0 77 71 22
    169 255 0 0 5 255 255 222 255 0 208 243 255 255 242 127 105 0 255 96
    230 204 126 142 0 119 20 76 81 13 129 156 60 0 255 0 55 0 73 0 255
    31 255 142 245 0 101 86 56 0 255 0 14 167 149 146 5 255 117 255 93
    132 177 3 158 93 2 184 255 0 70 182 255 0 0 255 70 138 69 66 255 0
    195 152 9 255 0 186 240 110 44 0 0 255 42 230 144 0 255 202 105 0
    104 65 7 255 91 0 7 255 103 6 39 13 249 200 255 164 73 202 0 185 0
    148 255 181 255 65 72 0 255 255 154 0 140 139 0 165 28 255 255 209
    99 125 4 47 78 186 238 248 49 0 63 39 52 37 9 241 255 0 216 255 86
    239 142 255 211 255 199 255 93 255 255 252 13 255 68 158 205 0 155
    128 112 251 134 0 255 68 137 118 255 117 188 205 0 255 179 220 0 63
    196 0 173 255 0 0 208 127 255 127 20 216 0 152 156 255 149 86 154 55
    85 56 1 101 0 183 63 255 43 197 255 147 89 95 93 59 124 250 111 0 0
    9 252 255 20 0 155 0 0 0 255 149 255 0 255 29 66 110 88 69 0 213 255
    195 128 33 255 0 75 255 141 0 169 255 251 162 166 143 0 33 40 206 0
    85 126 0 172 166 96 0 195 255 249 0 87 158 187 0 18 133 255 44 176
    255 0 255 97 237 164 211 0 86 151 117 43 0 0 202 255 0 255 29 3 234
    115 0 255 255 255 0 0 0 188 243 195 233 250 242 0 255 80 255 122 0
    139 128 0 255 44 0 172 82 239 128 0 190 0 156 239 0 131 255 82 255
    59 72 233 79 114 0 255 178 15 187 0 6 255 0 163 5 255 73 86 227 230
    0 255 116 109 255 110 84 168 222 111 103 0 255 13 153 71 197 129 255
    168 254 246 0 120 255 0 255 129 252 245 0 255 63 245 255 0 255 255 0
    33 209 211 255 73 148 179 117 255 73 36 123 91 195 255 0 255 32 46 0
    72 202 255 106 74 255 255 0 34 255 0 205 72 188 112 173 255 112 0
    233 255 232 255 234 0 122 29 73 12 46 211 76 145 255 159 2 160 255
    86 217 88 0 53 208 61 198 134 255 0 255 9 198 167 255 191 0 176 0
    188 148 73 255 33 83 228 150 151 255 102 203 242 20 0 0 156 119 189
    255 103 232 229 233 42 0 0 255 73 0 197 134 109 0 255 126 255 140 0
    119 166 0 0 255 245 101 47 177 82 30 165 255 66 94 52 101 33 43 246
    88 40 179 12 0 12 94 129 177 255 117 31 159 0 135 135 184 175 252
    173 0 109 46 255 205 255 255 8 255 123 0 71 0 95 66 129 36 189 186
    20 255 65 113 0 251 0 49 248 161 132 34 25 255 37 74 177 201 176 255
    255 0 190 255 18 0 152 255 225 255 4 116 38 255 0 249 132 117 40 69
    12 0 0 126 18 255 255 124 19 234 169 171 0 0 0 202 245 255 31 255
    252 72 143 255 176 79 64 255 83 87 203 0 166 255 255 131 146 128 135
    173 110 255 255 72 255 255 30 255 122 255 0 174 202 0 170 0 254 0 0
    21 77 43 177 113 108 160 9 0 137 130 255 244 194 208 14 0 101 0 0
    166 56 0 226 232 255 116 255 148 196 90 0 216 136 255 255 85 105 204
    117 0 133 201 255 255 54 255 130 165 255 255 232 207 4 4 0 0 207 123
    255 107 195 116 255 133 161 133 0 139 1 7 244 0 255 171 0 0 255 101
    0 0 4 96 0 179 88 11 0 0 255 0 255 205 104 128 77 130 45 145 0 0 222
    0 152 255 213 0 165 86 47 177 255 44 255 201 0 149 179 237 0 198 255
    255 229 255 128 0 0 0 107 210 255 0 25 0 201 59 255 210 14 131 0 118
    136 20 127 0 0 87 255 0 0 4 169 113 208 178 33 255 80 118 111 100
    222 101 255 218 241 141 229 141 108 233 0 255 0 0 105 109 16 7 176
    22 194 58 137 0 57 255 219 130 215 214 20 0 201 0 54 0 12 168 0 0 22
    0 0 141 255 39 255 89 142 255 38 178 187 197 130 215 222 255 0 35 78
    129 191 255 195 31 255 86 209 2 120 255 232 154 255 150 87 0 226 113
    140 0 119 255 159 245 224 0 201 242 4 23 0 195 41 5 191 158 158 223
    229 200 168 247 255 153 151 143 84 255 20 137 0 255 0 0 251 63 221
    65 255 63 199 255 142 60 20 21 242 0 0 92 0 57 152 255 220 105 0 171
    0 5 0 255 255 130 135 0 181 254 204 39 255 238 160 255 66 255 220 0
    255 255 170 119 194 31 185 230 197 255 255 255 151 0 255 255 112 16
    11 211 194 0 113 0 255 180 255 115 255 0 168 0 35 35 232 182 255 36
    63 0 89 18 255 0 48 255 178 237 130 215 218 0 107 54 236 174 226 0 0
    0 209 255 76 144 99 0 0 151 0 1 143 49 172 42 218 255 157 23 255 235
    198 0 0 255 242 0 147 0 255 0 120 194 62 115 134 227 230 0 204 238
    255 59 0 32 255 105 0 255 0 0 147 57 222 152 0 209 227 118 0 77 67
    137 110 230 100 186 63 255 214 119 60 12 88 255 209 102 0 0 0 228
    255 167 176 184 76 0 0 205 255 255 0 150 255 144 123 160 47 44 0 69
    0 8 62 0 0 255 153 0 225 150 113 255 255 244 8 255 186 196 0 198 190
    125 0 41 0 255 255 0 163 18 255 46 0 255 255 130 0 0 255 195 0 255
    58 0 225 229 37 255 105 1 150 233 125 181 84 109 241 255 75 0 91 0
    172 95 114 223 255 255 139 0 0 23 35 212 187 83 247 255 27 0 0 144
    59 254 0 79 71 255 0 255 45 29 0 255 7 60 38 0 0 44 177 200 154 255
    54 255 255 121 247 247 231 101 0 216 108 255 255 162 165 255 29 10
    100 186 0 255 16 0 0 0 0 0 0 190 41 0 47 255 164 255 83 0 99 198 255
    54 255 217 186 0 170 247 89 151 50 135 126 180 42 110 11 194 0 13
    255 0 106 255 66 69 234 0 0 144 178 0 35 255 224 24 196 21 73 85 0 2
    255 255 177 255 237 65 31 255 153 212 250 122 58 4 135 0 255 229 0
    164 110 0 255 0 0 255 217 62 255 255 91 56 215 255 0 171 75 227 16
    232 26 170 202 91 2 0 213 0 0 227 0 255 219 143 220 13 250 116 140
    212 0 48 40 229 9 0 133 203 0 172 0 63 0 234 243 151 82 169 21 255
    255 108 88 116 14 43 3 0 0 255 226 46 76 0 149 78 0 84 234 67 162
    255 239 243 43 0 0 129 204 7 178 252 238 42 255 89 0 0 65 255 0 75
    206 212 0 16 255 168 0 14 255 101 103 95 255 90 0 0 180 0 0 251 222
    232 255 0 0 0 10 157 63 51 149 89 80 98 2 63 255 0 166 255 11 0 0
    255 28 206 154 255 251 162 255 138 81 0 219 48 11 255 154 209 0 254
    31 0 195 97 252 239 242 53 200 0 255 82 0 72 0 0 210 21 9 255 211
    255 255 22 255 0 0 120 35 81 0 251 50 250 0 255 0 35 144 0 133 0 137
    233 255 122 255 109 0 0 43 8 41 147 0 255 255 245 202 37 200 185 255
    0 0 0 255 40 119 246 10 255 65 31 159 23 122 153 128 169 125 252 68
    55 255 255 208 255 199 181 255 253 110 255 126 64 161 255 211 0 255
    236 255 1 98 106 243 255 255 115 0 255 0 0 27 0 62 20 220 89 255 255
    0 210 246 52 82 2 199 0 0 255 217 0 61 255 246 26 255 29 248 11 255
    226 255 131 23 63 255 0 50 211 255 255 0 255 255 234 255 30 255 20 0
    131 2 23 195 164 0 205 26 255 66 75 255 0 32 0 8 0 0 255 108 255 36
    79 81 236 0 97 79 236 0 61 255 252 255 187 66 246 35 0 51 238 189 94
    74 188 99 161 255 131 162 39 71 129 174 90 255 61 183 0 0 48 0 0 174
    120 0 50 160 154 132 37 92 255 146 221 255 0 180 39 145 78 0 255 126
    0 44 254 0 0 255 67 217 250 0 14 255 142 93 168 37 255 77 0 255 0 46
    0 0 0 255 99 255 186 237 36 169 0 19 0 126 0 0 255 239 163 245 23
    234 46 135 148 63 22 146 60 104 0 255 255 182 129 99 168 255 29 170
    87 0 144 0 255 143 255 109 166 194 0 154 35 43 194 255 255 255 222 0
    255 19 163 205 12 229 159 245 249 255 9 134 179 255 0 30 166 0 255
    120 62 94 255 26 19 255 110 0 44 33 216 148 59 255 1 0 57 238 253
    162 229 169 75 173 92 112 0 78 223 32 235 255 87 1 197 234 255 255
    29 145 79 146 104 255 81 237 255 16 0 0 43 255 93 0 248 15 50 105
    255 0 203 248 0 84 164 0 235 172 247 0 100 67 26 108 179 44 255 255
    150 81 179 13 255 255 130 255 234 0 110 255 0 149 255 81 85 175 64
    138 125 119 255 114 87 128 0 94 177 255 170 69 40 145 16 10 188 255
    128 255 210 87 59 78 31 30 70 224 90 24 57 15 0 160 255 255 255 139
    65 208 131 111 237 88 133 40 255 6 125 180 163 0 208 255 255 137 119
    107 145 161 21 0 255 43 94 255 133 0 255 164 0 35 0 14 171 70 179
    255 0 62 29 255 0 126 41 0 250 255 255 0 70 255 0 255 244 147 168
    172 0 96 0 68 0 240 255 139 255 0 0 15 114 88 12 156 255 0 132 0 63
    112 0 33 123 0 180 169 95 0 197 104 0 156 215 255 47 45 64 229 24 0
    227 235 255 0 241 189 0 0 255 137 150 182 11 127 7 255 189 0 255 232
    64 150 56 255 0 68 234 255 33 255 245 0 83 180 255 0 73 104 122 35
    152 255 146 184 44 107 103 11 255 121 223 65 173 0 255 0 0 47 255
    255 241 0 195 238 13 203 212 77 255 0 0 251 0 0 0 255 255 229 22 210
    216 156 168 255 254 255 169 0 139 0 101 255 162 142 99 255 0 20 108
    57 134 199 68 0 52 0 255 54 0 82 136 109 135 213 255 20 0 46 89 184
    93 67 255 188 191 125 75 133 255 0 167 74 35 61 255 0 255 151 63 0
    66 255 80 244 1 0 191 222 123 219 255 160 119 215 174 0 0 174 0 165
    58 18 140 255 170 51 255 0 103 0 143 0 127 144 187 21 128 57 5 0 63
    7 36 0 255 231 80 255 225 255 80 171 0 225 0 255 112 93 201 13 98 17
    255 255 179 255 57 182 29 40 97 254 132 255 1 143 47 58 106 93 255
    255 114 0 147 255 66 255 52 54 220 0 226 0 219 161 255 228 255 0 170
    0 255 71 126 90 187 255 0 255 255 147 243 255 0 99 50 41 0 69 53 10
    12 255 0 126 185 49 255 86 143 0 57 255 0 158 86 27 146 255 11 0 43
    81 255 124 10 162 255 0 19 221 81 8 167 180 255 102 0 255 171 0 169
    0 203 255 127 64 0 195 255 0 139 100 255 0 87 58 121 102 0 0 199 32
    140 7 19 0 124 0 21 248 92 18 0 5 0 32 0 255 164 0 255 226 234 50
    255 162 124 182 127 255 206 173 57 0 216 255 46 118 99 0 74 252 255
    122 255 209 0 97 0 58 255 170 163 172 95 0 255 126 235 117 255 215
    47 110 82 127 92 156 213 121 0 126 0 51 172 48 252 43 241 214 246
    245 0 100 96 162 244 56 255 167 0 12 154 255 135 0 0 0 0 222 0 32
    212 0 204 66 230 30 255 255 254 255 0 108 8 96 38 154 45 18 250 255
    175 136 15 222 0 77 255 206 82 69 218 255 143 11 237 0 255 233 62 0
    4 228 55 43 227 255 0 255 130 0 255 69 161 110 25 255 0 144 0 78 255
    68 60 0 0 2 0 255 220 76 144 0 136 255 76 101 4 7 155 171 132 139
    234 139 148 33 141 46 199 0 255 0 0 255 9 18 135 255 28 22 99 96 55
    183 135 133 255 0 177 215 203 0 118 255 12 198 255 97 84 255 255 45
    0 58 255 10 255 0 157 255 248 68 138 0 255 98 255 0 0 103 255 162
    255 132 82 255 148 0 253 137 0 0 207 0 0 0 255 103 208 131 242 16 52
    80 41 255 117 47 138 52 255 0 94 95 12 64 255 152 108 166 84 58 70
    162 202 118 0 245 0 0 209 0 167 0 213 118 126 0 14 206 255 205 0 86
    176 0 82 239 0 0 213 0 138 0 24 255 27 0 101 163 255 252 206 255 0
    255 227 156 255 56 255 251 0 0 254 43 171 188 135 217 255 42 255 0 0
    175 141 29 69 170 255 152 73 255 0 100 255 253 171 255 46 78 255 0
    161 255 0 113 0 255 133 206 214 255 46 0 31 255 0 0 255 126 43 255 0
    255 17 167 202 176 0 0 170 90 0 103 6 52 21 240 0 189 89 20 132 255
    197 203 255 255 225 115 255 0 133 0 26 240 119 253 0 27 255 181 249
    45 173 148 255 47 154 129 67 255 244 93 255 255 150 140 0 176 15 0
    102 5 26 169 255 48 52 255 255 172 60 255 123 168 152 243 213 78 255
    98 0 127 33 117 190 192 16 17 0 255 62 249 77 231 238 0 0 255 255
    205 107 195 53 6 0 86 0 0 135 210 0 122 230 82 16 73 238 0 181 44 72
    192 243 0 138 0 62 109 255 0 240 49 0 255 228 34 173 99 64 152 47
    246 6 0 26 255 145 213 99 72 255 135 145 255 255 255 37 248 53 122
    255 0 39 137 2 139 168 70 119 67 134 0 108 39 208 255 0 96 205 117
    125 0 255 181 9 244 255 0 85 111 52 154 115 203 0 0 0 73 15 255 120
    177 0 1 0 243 57 158 187 139 89 42 56 42 255 173 248 124 120 21 208
    157 148 0 235 68 29 255 255 168 191 0 0 67 218 176 117 255 58 216 51
    46 217 102 73 138 57 0 154 255 174 255 9 242 171 255 158 255 255 255
    255 0 0 255 155 239 113 255 96 205 0 140 143 51 255 0 184 39 255 54
    14 235 0 77 255 79 108 243 125 162 209 210 198 227 0 39 0 174 145
    177 87 167 255 6 113 230 255 139 0 89 132 240 255 136 70 140 71 75 0
    218 84 143 0 255 0 0 103 255 255 147 0 0 255 205 226 0 255 255 17 93
    124 152 56 0 244 254 0 60 255 255 28 0 40 53 209 18 29 0 170 247 255
    148 255 0 205 0 102 255 3 255 204 181 148 0 0 53 255 0 0 78 0 181 51
    147 28 45 24 104 31 227 72 0 255 216 0 255 239 104 0 255 255 8 21 95
    0 79 82 0 200 0 255 112 109 81 0 92 80 156 90 255 44 152 0 0 39 255
    53 0 255 121 0 76 91 223 0 255 255 105 0 200 42 228 255 180 130 217
    121 15 181 202 178 0 5 164 0 168 6 183 255 0 130 255 0 228 15 8 50
    232 124 253 0 37 0 0 255 198 0 64 48 138 58 86 166 1 131 255 0 157
    219 0 181 250 104 0 231 17 0 0 0 255 117 51 207 0 210 149 112 70 9
    254 150 0 255 190 144 136 167 16 130 255 90 135 0 44 38 0 193 96 255
    9 255 3 255 255 130 0 192 255 64 219 148 165 47 109 0 100 0 111 254
    0 0 196 245 77 255 255 255 75 255 23 0 107 0 230 167 255 200 0 0 114
    0 135 25 36 0 69 162 202 98 221 0 0 0 164 0 203 131 223 112 255 0
    255 0 85 255 135 255 50 55 255 118 210 4 211 250 225 98 56 255 0 0 0
    135 0 50 33 31 55 77 98 0 21 180 255 63 18 255 153 249 255 11 195
    156 0 171 205 0 203 49 247 79 255 198 255 82 245 148 182 0 35 187 61
    154 179 134 230 247 138 255 119 83 0 158 153 0 193 4 94 83 0 255 121
    234 47 223 255 0 255 255 173 210 196 255 76 22 255 112 183 161 255
    167 118 0 91 151 255 181 55 229 0 157 59 195 236 246 227 255 76 121
    255 0 255 220 123 0 15 0 9 167 0 255 185 232 255 45 184 0 23 0 9 205
    184 177 0 255 113 90 255 0 255 107 62 65 43 245 0 0 210 246 170 172
    255 255 106 9 184 50 255 206 232 253 105 0 166 222 252 77 114 255
    255 232 255 95 14 255 255 3 244 210 0 255 150 255 174 255 0 101 70
    255 5 233 139 224 0 220 0 54 213 255 88 31 255 255 231 134 181 77 53
    143 125 74 96 255 153 169 125 147 190 66 0 63 116 0 12 243 37 0 80
    236 255 75 200 205 0 162 0 231 28 79 255 244 206 0 255 0 69 250 23
    255 10 57 21 254 166 55 53 0 229 77 194 255 151 85 37 10 52 0 36 228
    0 255 255 65 14 216 139 0 255 0 0 255 171 107 170 99 255 0 41 112 11
    212 0 170 0 255 231 0 207 151 255 241 0 219 0 0 36 173 200 15 47 0
    124 130 226 255 160 0 72 223 35 187 20 255 255 209 228 59 255 86 255
    255 185 251 193 135 255 141 176 255 100 0 255 255 140 47 36 160 253
    0 135 139 6 220 160 255 207 233 255 255 12 27 66 112 159 0 91 255 0
    169 0 255 0 91 78 255 63 20 244 85 194 91 200 255 113 0 255 202 255
    0 220 254 154 255 93 26 253 255 32 4 120 88 229 159 169 255 187 10 0
    254 198 15 103 46 0 46 255 139 255 179 0 0 246 122 105 80 25 184 121
    22 6 3 61 255 114 121 98 191 246 0 178 232 52 157 64 163 68 109 0
    255 81 81 194 11 70 105 220 255 166 215 207 255 181 52 220 148 34
    167 18 176 80 17 255 77 161 255 205 198 99 0 70 0 176 0 125 86 255
    201 41 0 0 24 153 68 162 214 232 255 255 43 255 225 100 255 189 0
    212 109 194 55 51 73 88 251 255 135 0 255 255 45 255 255 83 38 0 234
    0 82 244 200 98 186 240 249 203 255 238 0 183 0 0 89 0 255 201 123
    255 155 255 126 134 255 9 132 198 102 255 133 255 220 255 74 155 255
    94 119 0 182 249 255 83 0 0 255 222 144 255 34 194 62 132 255 39 208
    18 0 0 255 93 247 255 218 164 72 84 255 248 14 32 0 255 211 255 49
    255 255 0 0 255 0 134 188 117 105 102 158 255 136 224 9 0 15 48 48 0
    255 50 0 87 255 169 0 70 0 255 28 225 188 56 255 64 148 170 185 193
    6 30 255 0 15 0 189 249 0 255 90 0 54 132 240 122 115 144 174 179 16
    45 93 20 25 255 67 150 28 255 196 0 189 47 130 243 255 0 149 13 255
    132 0 247 0 167 209 179 0 186 82 175 40 79 0 132 166 162 255 242 89
    0 255 72 6 20 217 0 0 0 0 0 114 215 17 255 188 255 182 255 255 255 0
    4 255 214 0 255 255 255 255 143 240 38 64 83 133 255 72 0 0 43 175
    255 0 84 255 0 0 93 30 255 134 255 40 187 0 182 156 0 19 73 0 0 149
    80 0 132 35 28 188 215 209 0 255 204 34 255 255 61 41 255 119 124
    118 174 165 152 0 130 254 59 130 53 0 197 52 231 26 2 0 255 147 204
    234 255 232 186 255 255 255 255 255 163 0 255 255 11 255 6 0 255 255
    101 55 26 57 0 255 128 33 82 178 13 160 255 245 25 95 246 179 174 93
    49 139 113 255 68 255 57 60 164 62 224 0 176 152 0 235 255 57 176
    100 0 94 0 0 48 0 115 255 255 172 45 20 33 83 0 171 0 141 251 229 29
    121 178 91 230 137 34 163 233 0 255 165 39 132 41 205 49 181 217 90
    65 101 0 193 67 255 102 116 239 31 166 195 78 0 255 255 121 153 199
    72 0 0 255 255 255 0 153 0 78 20 24 98 255 0 95 121 255 19 228 77
    223 170 200 241 0 136 224 255 132 199 1 0 63 0 127 56 245 0 0 130 19
    155 178 177 155 163 255 0 255 160 189 255 0 92 0 229 194 160 255 0
    111 62 0 98 255 255 107 255 150 133 47 48 109 191 255 34 0 104 0 189
    171 49 255 255 255 150 143 0 91 255 39 0 255 0 111 75 255 0 0 171
    255 99 100 0 69 132 76 255 39 182 60 169 0 178 255 70 58 14 0 162
    255 33 0 255 221 198 186 221 103 0 160 1 0 255 255 49 104 255 7 124
    199 255 200 255 0 129 0 255 255 137 255 50 0 154 173 29 72 18 222
    255 236 171 200 132 131 255 53 0 255 118 0 255 8 0 162 94 0 164 180
    255 0 255 255 80 255 87 65 194 238 0 0 0 0 95 255 255 26 115 40 0
    117 151 25 177 252 228 255 0 255 8 102 255 181 179 87 77 228 160 12
    3 255 62 138 185 255 156 73 21 98 255 0 0 0 251 0 157 123 224 255 36
    206 30 213 104 174 167 204 102 0 196 255 97 0 255 255 0 252 39 166
    45 255 88 0 98 107 0 185 38 255 255 255 255 20 37 7 0 141 129 255
    223 0 0 0 0 17 230 176 30 0 255 169 191 255 65 0 200 216 255 255 0
    210 0 0 82 129 43 115 0 0 66 251 20 209 255 92 155 94 222 255 3 255
    100 0 48 127 222 255 105 255 0 89 0 239 51 0 48 84 134 0 112 155 255
    196 166 43 208 255 105 255 86 0 77 0 0 255 197 173 201 37 104 83 47
    255 93 0 68 142 0 0 123 0 0 125 0 255 255 162 101 196 95 248 0 0 224
    149 248 25 255 180 78 0 0 255 88 50 83 140 0 255 100 0 237 32 114 5
    255 255 102 255 135 47 255 175 255 118 19 210 92 255 80 210 255 0
    255 0 4 255 158 145 0 0 184 202 154 0 127 49 0 82 239 178 91 0 0 115
    65 255 0 108 72 0 192 255 112 78 0 49 78 2 53 20 58 130 17 61 255
    255 122 0 161 139 234 250 84 255 133 161 255 0 217 108 0 108 187 67
    147 33 249 224 255 39 54 165 124 248 142 173 98 223 20 232 223 110
    133 243 72 47 255 111 2 255 58 0 228 255 188 122 108 247 255 8 255
    60 246 33 218 0 0 175 157 0 255 227 209 179 224 105 7 243 0 65 36
    255 10 0 143 68 255 36 47 255 244 125 255 209 213 0 196 0 189 255
    129 94 255 255 2 205 39 0 0 21 255 0 112 169 255 144 255 119 225 30
    157 158 0 19 168 221 197 168 93 0 151 146 116 255 20 102 44 217 255
    114 38 48 247 0 187 110 255 108 101 117 213 215 161 194 45 124 234
    234 255 255 201 255 225 25 10 255 88 4 33 141 255 0 129 255 150 194
    74 98 0 178 88 76 103 0 0 94 236 214 255 39 117 108 0 167 171 255
    211 104 171 150 143 255 200 151 30 255 0 248 106 240 255 66 8 255
    255 230 255 48 205 201 214 0 0 255 0 116 28 240 0 0 168 209 75 126
    42 219 91 0 62 192 142 37 198 203 0 51 0 255 0 92 181 156 5 122 133
    188 0 92 167 218 18 148 59 0 230 183 156 255 0 198 255 198 237 108
    162 14 0 255 30 255 169 255 255 60 138 92 255 135 255 205 117 102 0
    160 200 255 36 207 199 114 69 182 255 0 0 255 231 0 176 0 114 255 59
    188 72 240 158 124 0 220 255 96 76 109 0 198 72 173 0 0 0 0 63 0 255
    146 247 188 255 255 255 0 194 255 0 31 73 166 125 58 125 255 3 197
    238 175 52 81 220 0 255 83 32 191 25 255 0 118 142 139 127 36 255
    222 188 220 190 87 0 131 226 0 211 255 201 8 120 220 11 106 3 180
    255 91 0 171 196 21 0 0 171 251 255 0 28 0 255 255 56 169 188 255 46
    0 15 189 60 101 125 105 219 255 172 255 185 255 255 135 18 255 127
    220 53 226 223 0 248 248 255 26 84 38 138 0 80 52 88 255 255 188 255
    255 195 0 11 183 220 0 255 164 59 255 0 255 7 125 85 0 244 206 59 0
    83 0 0 20 18 238 66 138 166 0 118 154 38 113 127 255 0 19 109 182 29
    180 70 0 40 255 227 0 152 0 17 255 166 204 146 58 63 122 255 62 28
    101 1 155 0 62 168 0 0 13 9 13 23 31 0 21 199 0 145 186 253 177 204
    108 13 0 124 88 167 0 72 201 255 255 185 89 229 234 38 234 213 17 63
    244 1 208 0 0 139 172 255 45 10 255 101 183 92 0 64 61 255 40 0 0
    255 214 201 145 0 255 231 123 137 255 242 16 221 85 120 255 255 132
    48 43 0 117 219 149 0 227 255 255 180 204 255 255 235 255 215 0 73 1
    101 5 0 107 15 151 183 254 246 223 0 255 18 113 255 0 255 75 179 255
    255 121 0 126 7 116 131 0 238 77 0 0 144 23 53 255 184 0 0 0 0 246 0
    0 11 180 148 15 238 0 21 11 203 139 132 86 146 233 231 158 255 157
    161 146 0 0 24 193 214 131 203 0 146 64 11 98 216 179 255 147 0 0
    255 82 255 121 147 108 146 255 94 18 82 255 191 0 0 255 141 255 68
    151 33 168 0 255 36 0 63 156 255 0 255 113 191 12 188 0 43 19 10 255
    172 111 183 255 255 255 0 233 160 0 255 144 255 189 122 217 0 255
    139 186 12 124 0 255 63 234 95 0 255 165 184 221 9 28 0 0 0 255 222
    215 255 253 255 215 210 120 222 255 255 70 216 255 22 0 38 140 217
    75 247 255 66 255 255 255 253 0 162 138 21 0 0 224 255 4 40 255 164
    0 220 125 120 0 194 170 6 190 39 60 254 255 206 0 230 0 0 0 12 255 0
    123 0 207 184 214 148 255 239 214 92 0 0 47 220 255 45 218 255 93
    228 18 255 191 138 0 176 10 14 235 0 64 255 255 255 76 239 0 254 79
    20 0 3 108 255 219 69 227 158 36 0 255 102 14 22 248 255 65 0 115 0
    97 134 0 0 17 131 135 0 255 255 34 118 0 199 27 8 109 0 0 143 126 0
    104 255 76 0 156 111 207 140 0 202 97 255 156 204 255 0 200 0 0 25
    50 255 101 191 0 0 177 74 255 144 187 255 237 158 167 0 100 9 193 71
    117 85 0 255 250 214 254 48 231 0 60 202 0 31 93 136 118 255 0 250
    44 255 34 255 255 255 66 225 148 71 255 0 39 255 198 0 192 0 184 4
    22 77 54 49 16 34 53 208 44 96 255 0 91 140 127 194 142 255 184 89
    255 132 146 14 52 255 139 116 255 85 0 74 255 217 213 112 81 161 87
    157 85 255 254 110 255 107 0 0 255 255 214 128 255 0 0 108 128 35 0
    208 36 0 231 0 201 220 255 255 0 255 0 123 230 71 0 131 13 0 215 15
    31 255 34 180 24 0 51 255 255 87 242 0 166 176 255 34 0 70 251 228
    255 0 37 113 0 30 102 0 0 236 0 32 198 0 247 66 74 244 255 170 135
    243 0 151 172 0 4 255 52 0 30 221 255 91 249 255 201 204 0 0 255 217
    0 42 255 0 0 222 255 221 86 203 200 168 255 205 0 71 71 255 148 10
    255 219 17 83 0 255 255 35 104 205 255 51 167 119 255 235 87 0 6 255
    255 0 44 26 0 103 84 250 255 0 198 0 150 0 73 0 0 152 255 24 0 255 0
    136 70 47 128 255 47 255 40 221 255 230 0 142 0 215 0 0 183 241 123
    231 75 0 0 250 255 22 63 193 125 126 255 255 24 68 146 162 219 0 48
    15 50 95 0 187 255 255 104 251 0 0 115 231 198 98 147 202 140 50 89
    132 61 39 255 147 255 92 60 145 255 0 122 0 74 225 0 255 255 171 255
    0 106 189 0 233 0 255 255 216 18 158 6 172 71 94 131 142 29 255 99 0
    255 200 4 0 155 255 255 0 240 106 42 255 163 249 255 255 0 129 66 56
    216 61 255 253 144 150 0 255 149 255 145 129 0 0 255 247 215 197 142
    255 0 255 103 59 69 0 182 14 0 155 54 255 29 196 196 255 217 0 59 38
    8 26 255 0 255 128 0 43 0 114 255 151 79 0 211 0 192 0 255 28 223 43
    77 0 255 244 28 149 255 111 47 139 213 66 255 151 0 251 44 0 128 91
    50 0 251 139 132 140 0 255 255 255 234 241 205 102 0 0 0 138 255 228
    255 133 255 255 177 154 7 255 196 143 171 80 123 136 255 255 19 198
    28 96 0 33 255 35 252 0 69 208 0 0 0 186 134 41 179 0 61 22 50 0 55
    100 235 175 79 163 0 154 9 188 255 115 118 0 0 99 0 248 173 134 212
    91 220 243 0 215 255 148 186 255 100 23 65 181 255 31 0 247 12 52
    255 218 105 255 255 255 30 0 255 60 14 0 255 222 43 103 255 181 1 0
    185 2 0 198 255 78 0 226 210 75 199 45 0 79 99 153 85 237 219 102
    214 138 251 89 44 255 255 255 210 119 184 253 0 0 100 103 90 0 0 255
    161 0 191 139 0 0 239 19 5 43 55 255 180 118 29 238 255 254 205 126
    173 0 6 0 0 71 0 255 236 108 0 0 122 0 0 171 255 69 31 0 106 251 0
    255 255 255 62 56 83 211 255 172 255 18 255 255 210 255 0 255 39 20
    213 0 0 255 0 0 233 255 220 0 152 255 231 120 213 126 255 147 255
    224 53 169 0 255 0 187 0 249 35 255 78 218 63 99 38 255 255 0 255 8
    0 0 0 150 255 255 133 255 209 255 0 143 0 166 139 0 175 255 250 0
    145 252 131 168 61 153 217 0 36 255 0 0 192 0 10 0 0 212 164 53 0
    123 0 255 201 240 3 255 5 241 230 249 0 255 175 68 232 61 133 22 185
    197 255 0 35 0 82 213 0 0 255 182 0 0 137 121 196 112 211 219 0 213
    55 175 139 92 255 0 0 96 17 0 110 0 123 0 53 0 0 50 133 70 71 219
    215 245 157 155 50 255 255 166 9 143 255 176 249 140 253 0 255 168
    43 10 255 124 147 210 121 155 255 254 85 70 94 156 0 255 79 193 142
    0 241 215 255 89 255 218 0 0 255 86 255 190 255 255 255 57 147 180
    154 63 86 255 0 0 35 223 147 150 138 117 142 77 130 157 231 211 136
    231 0 79 235 115 255 255 86 0 255 255 216 0 220 0 0 0 115 0 9 168 0
    177 54 0 21 0 255 0 64 250 0 131 180 0 0 164 207 255 1 255 107 210
    144 255 87 255 153 0 37 234 78 181 43 22 35 51 191 0 255 0 255 0 0 0
    113 58 65 225 255 149 211 255 105 1 255 44 255 255 0 221 187 213 0
    138 255 255 190 255 0 60 32 214 0 94 189 51 114 28 0 48 53 185 0 0 0
    80 79 52 255 67 60 137 209 181 255 0 39 84 163 77 255 187 216 94 39
    187 255 80 200 18 11 3 106 255 106 63 134 79 0 0 0 86 155 145 0 255
    0 255 0 169 255 255 90 209 158 36 0 83 173 255 255 0 32 180 55 85
    189 31 208 255 255 185 0 176 159 255 255 127 156 9 233 26 37 183 0
    174 3 255 255 239 177 36 255 0 55 160 0 255 101 245 161 44 154 255
    97 29 255 228 29 208 59 182 255 123 0 255 235 0 204 251 255 255 17
    109 228 20 129 0 85 255 159 200 255 255 171 0 0 141 255 33 0 34 86
    90 81 0 100 68 0 12 194 17 153 147 66 37 255 0 255 0 255 238 255 255
    169 196 255 107 0 36 165 0 0 205 236 160 0 252 255 48 188 97 255 235
    247 0 84 91 98 0 220 152 0 221 62 149 182 172 210 31 64 255 255 169
    255 255 186 233 0 144 55 241 255 93 0 196 107 124 0 0 72 0 233 255
    242 37 255 75 255 0 0 20 49 116 119 161 170 207 255 255 143 0 0 255
    6 140 138 35 255 255 198 96 255 156 50 77 0 11 106 12 63 21 176 52
    222 192 255 0 212 121 29 255 29 6 109 114 255 104 11 255 223 0 85
    251 0 75 255 0 49 0 0 0</data></my_img>
<your_img type_id="opencv-matrix">
  <rows>128</rows>
  <cols>256</cols>
  <dt>"3u"</dt>
  <data>
    17 0 0 9 154 27 239 255 190 180 0 174 22 0 212 0 255 120 243 255 182
    171 255 0 0 130 255 116 69 255 255 0 255 83 0 255 121 171 176 255
    255 15 0 0 255 229 41 255 252 122 0 15 50 199 0 33 0 236 255 0 13 90
    230 0 85 170 238 255 209 79 123 255 175 234 162 255 255 255 139 0 24
    0 86 78 139 255 181 51 114 96 255 31 0 0 255 0 31 0 83 144 235 184
    188 27 223 255 235 5 84 255 24 92 34 73 159 56 239 8 0 11 11 216 0
    24 255 124 255 255 198 252 157 255 7 0 255 55 235 107 255 194 53 32
    11 0 46 125 255 168 187 20 255 132 23 37 255 56 255 242 0 225 0 73
    64 183 12 208 196 103 255 210 255 63 255 255 255 216 29 0 255 116
    255 174 0 0 177 120 68 246 66 180 255 116 243 153 40 0 63 0 98 52 0
    105 210 216 9 220 36 81 206 255 87 48 28 255 163 188 255 163 167 242
    213 159 235 158 91 93 255 0 255 255 55 63 152 255 207 9 0 247 255 83
    0 80 255 0 255 230 5 251 129 255 255 0 255 219 0 0 0 255 206 110 173
    165 5 209 33 0 0 0 152 152 199 255 162 242 0 137 0 0 0 53 149 188 0
    191 255 255 0 128 255 0 89 255 35 56 198 255 0 82 168 0 255 75 255
    255 255 255 0 0 143 255 255 109 48 245 165 255 219 0 191 0 0 0 223 0
    255 255 230 199 255 116 71 157 185 255 55 251 139 255 255 213 0 172
    255 35 152 52 236 135 0 165 60 85 255 124 0 255 48 0 204 0 255 234
    19 10 0 128 148 0 215 0 133 0 147 236 29 255 0 0 82 255 239 199 191
    255 130 251 97 78 81 233 176 255 255 0 105 0 147 195 197 206 116 255
    0 67 255 78 184 63 255 255 0 136 29 114 0 99 198 193 255 76 67 201
    188 0 148 164 191 59 255 0 57 12 172 255 75 96 164 1 255 0 0 0 0 255
    20 153 119 106 205 0 247 255 217 95 121 243 225 194 64 227 255 0 255
    0 255 127 89 0 255 221 0 0 96 233 246 161 253 22 0 0 15 0 0 191 0 0
    0 0 165 0 0 9 119 86 43 109 233 124 57 18 255 5 127 101 169 0 161
    255 52 70 104 0 161 27 0 116 0 76 255 0 0 95 111 227 0 58 255 95 10
    106 0 0 150 179 255 195 0 147 236 0 0 255 84 206 88 6 140 255 0 72
    255 210 255 167 48 0 155 206 255 255 105 115 114 255 255 0 250 0 255
    0 58 0 57 165 255 194 20 23 255 71 0 189 132 255 0 255 120 220 0 255
    158 123 255 19 20 255 62 219 193 205 67 21 77 0 0 168 215 0 167 125
    0 205 255 255 0 171 86 0 163 80 188 0 0 74 112 255 255 0 174 1 0 255
    142 255 105 255 86 172 0 239 159 191 58 79 255 0 15 210 57 0 247 255
    89 0 249 44 242 120 250 151 255 168 207 0 255 32 161 249 218 255 62
    196 100 0 42 255 254 176 228 96 0 207 0 31 255 180 0 75 0 90 0 162 1
    13 0 227 255 27 0 94 157 37 255 62 227 130 0 0 0 255 113 144 255 12
    255 104 0 78 88 0 28 123 227 255 67 255 225 162 13 139 246 248 78
    163 76 76 0 71 0 215 212 0 255 255 173 101 98 255 47 0 135 94 14 68
    50 176 223 194 0 255 255 116 255 138 255 193 50 63 0 0 191 156 17
    255 122 145 200 103 167 244 233 61 255 110 54 118 255 0 48 194 3 30
    40 41 0 26 216 0 128 255 171 0 176 155 174 0 0 255 146 0 145 120 230
    255 255 98 255 202 0 0 254 255 43 0 113 55 255 227 232 107 227 243
    58 28 255 63 108 110 15 0 61 87 21 217 222 63 0 0 68 153 206 229 255
    0 165 244 246 255 246 253 0 4 145 148 190 40 226 169 60 243 0 51 0 0
    165 255 0 133 255 0 224 159 255 228 44 0 0 255 255 59 130 116 107
    148 0 255 255 21 0 67 49 0 119 80 216 166 1 0 220 11 0 28 0 22 144 4
    231 0 97 53 180 255 209 244 38 14 148 0 96 246 138 19 194 255 134 0
    66 173 1 216 244 175 255 85 255 202 139 124 153 69 50 35 44 7 0 0 0
    115 194 0 255 21 0 0 0 0 170 196 33 60 159 125 123 0 164 120 255 204
    142 34 184 255 64 207 230 111 255 0 218 0 44 69 87 70 226 192 34 102
    144 163 183 139 0 89 0 141 132 166 92 85 255 193 0 149 127 0 255 172
    54 87 177 0 87 156 216 50 69 118 255 0 0 0 255 212 0 0 244 221 255
    122 249 255 255 25 0 0 197 49 255 66 120 159 157 23 52 11 81 51 74 0
    255 173 139 255 192 161 40 151 255 33 255 255 238 76 124 0 0 0 77 63
    228 149 60 0 54 0 0 13 0 59 33 48 255 189 255 255 33 248 172 177 25
    0 255 233 0 255 102 0 0 255 255 0 53 255 0 75 148 110 0 179 255 0 38
    151 180 114 5 255 143 255 202 0 192 255 0 14 245 255 82 255 255 255
    153 255 0 255 231 0 156 255 88 255 82 95 91 126 106 0 80 131 0 0 0
    252 195 136 195 255 182 255 0 232 255 97 219 0 0 255 88 0 0 88 147
    46 32 75 255 204 255 96 255 159 137 81 0 102 154 0 228 251 199 0 247
    251 188 255 160 85 219 0 127 86 72 0 0 73 0 116 99 255 197 255 0 138
    231 166 0 0 255 202 131 255 228 255 244 149 235 28 63 44 189 255 250
    217 255 255 0 73 255 151 255 215 43 255 0 248 61 9 168 255 0 190 129
    211 0 22 0 166 216 230 255 255 255 0 236 34 224 227 70 5 228 108 92
    44 255 123 62 116 98 81 0 191 132 22 183 227 21 101 12 160 0 180 57
    147 238 66 70 174 255 29 0 63 17 0 228 90 67 13 142 255 89 65 243 0
    22 255 255 140 255 93 0 255 255 255 233 0 193 54 0 0 180 0 0 198 255
    255 255 78 0 103 185 255 0 234 72 74 255 255 0 31 64 255 142 0 37
    105 78 0 177 115 255 0 188 48 233 42 181 60 124 0 255 54 254 255 143
    0 0 110 255 0 156 0 114 255 54 255 255 255 255 152 171 1 206 71 150
    32 0 47 0 163 255 255 123 25 0 60 249 139 0 181 239 234 0 206 64 255
    34 145 255 123 125 108 228 225 255 184 255 255 243 32 0 51 255 14
    183 186 120 255 180 0 255 0 95 255 129 159 253 249 37 211 30 173 255
    74 255 100 24 0 0 0 15 216 222 52 173 27 0 0 234 134 55 61 255 255
    42 205 0 0 169 125 24 4 154 255 255 255 214 0 35 0 43 255 0 255 0 81
    0 81 0 59 175 87 178 255 24 234 255 7 214 218 55 164 0 251 217 0 255
    0 50 198 94 149 53 5 255 237 147 48 91 73 56 246 249 245 6 209 162 0
    175 173 211 0 0 185 149 76 204 8 255 0 84 99 240 88 255 206 218 255
    0 24 84 141 0 184 0 100 0 0 255 32 0 64 15 227 105 239 112 235 166
    255 124 11 114 154 255 231 121 229 153 156 0 164 195 54 51 129 40
    181 255 245 255 5 255 255 229 72 250 255 115 15 253 0 155 60 82 126
    152 177 60 126 139 228 154 255 0 170 184 57 198 255 0 0 142 137 6
    106 0 0 242 0 255 255 0 252 3 229 255 196 255 255 0 6 0 10 53 0 255
    222 255 183 255 255 199 47 117 0 135 255 129 255 170 255 16 41 146
    255 224 174 158 151 63 119 108 0 255 61 0 135 188 0 137 225 255 255
    60 160 197 149 238 0 0 232 0 64 71 159 79 0 255 180 255 179 10 153
    36 135 255 0 255 202 132 255 195 255 70 215 24 146 25 0 222 0 255 11
    120 96 0 0 0 0 9 68 0 0 249 0 98 0 0 88 217 255 0 0 178 167 108 65
    20 255 100 0 0 104 255 58 255 0 0 0 0 111 40 17 106 255 97 104 255
    74 110 0 132 25 0 114 0 0 98 94 255 0 211 191 58 71 117 114 121 155
    241 92 7 255 0 233 99 63 98 10 0 143 10 31 0 136 163 168 190 160 126
    241 174 0 0 159 0 0 106 171 100 255 255 0 255 127 255 255 15 255 214
    77 0 192 0 50 255 94 112 147 115 99 49 254 0 94 131 68 0 178 39 12
    235 255 62 114 172 201 26 0 255 128 85 255 51 42 186 250 255 0 255 0
    96 0 191 94 79 100 255 175 197 166 0 127 148 6 15 47 94 66 0 0 0 88
    0 201 242 11 80 0 54 78 0 52 39 0 57 0 7 175 115 255 180 84 167 255
    74 255 255 255 255 216 111 233 255 194 255 242 0 215 0 255 0 158 201
    7 131 0 146 41 97 111 98 12 0 255 0 31 0 0 253 0 0 24 255 114 245 42
    255 0 28 129 97 165 91 65 229 0 2 255 72 233 47 0 131 28 0 0 48 255
    255 255 95 0 122 0 0 145 255 0 189 255 214 0 129 0 210 247 92 255
    125 0 196 165 62 255 0 255 93 57 28 0 84 184 255 0 0 0 53 166 226
    222 143 3 35 0 255 145 182 38 92 0 0 49 0 210 176 61 251 178 187 255
    0 52 255 176 0 40 31 70 110 250 255 235 0 184 255 239 255 0 255 0 50
    157 0 0 0 117 152 0 30 0 0 164 192 255 255 45 255 38 176 45 239 242
    90 0 68 67 0 248 168 0 155 14 255 255 0 48 133 0 0 0 255 255 127 88
    0 255 254 100 209 225 255 56 255 37 15 0 148 12 255 84 109 50 7 167
    204 215 183 130 255 255 168 182 68 65 124 86 6 255 255 49 255 99 88
    25 32 0 243 76 182 164 13 154 5 0 32 254 151 255 255 0 213 238 250
    55 120 138 0 234 146 255 0 0 0 222 255 0 71 241 55 0 255 51 116 39
    183 145 232 54 0 0 0 255 11 255 255 216 211 253 203 118 0 151 0 0
    255 124 255 0 255 128 6 255 29 0 45 2 190 200 0 183 150 176 224 91
    255 255 231 176 46 0 255 218 255 61 232 33 183 0 179 150 74 177 0
    101 255 0 255 201 217 253 109 219 103 165 79 99 255 252 255 0 60 96
    32 0 17 0 47 0 48 201 163 59 255 110 255 255 185 74 224 255 118 23
    219 72 219 0 255 255 157 117 96 0 74 0 255 180 255 0 103 91 242 100
    168 144 231 138 73 110 0 180 255 19 0 255 27 0 94 254 38 0 199 122
    146 255 119 255 24 255 86 104 162 56 0 188 255 240 142 205 173 89
    240 51 202 10 126 255 173 124 0 255 0 255 33 101 169 230 110 174 255
    205 207 169 255 0 245 0 223 47 0 0 0 255 19 213 210 0 200 41 0 255 0
    64 255 196 141 47 202 133 150 122 255 255 154 0 19 209 1 215 255 39
    0 255 92 167 255 255 38 0 250 255 53 0 255 175 118 255 31 233 106 0
    216 244 0 255 242 201 58 255 0 0 70 138 138 62 0 0 156 227 0 255 76
    242 5 199 0 159 255 122 3 255 255 183 0 167 205 255 0 110 255 90 65
    111 0 0 0 255 235 37 255 0 255 49 255 254 199 255 255 176 32 255 0 0
    0 89 0 202 255 183 108 78 255 232 210 0 9 246 146 0 255 255 121 36
    155 97 55 118 159 63 0 161 156 255 40 73 112 96 0 97 12 54 0 200 13
    102 255 0 255 176 38 232 165 104 0 255 215 11 255 215 134 255 128
    229 0 247 0 211 255 204 59 255 255 106 193 200 145 152 90 222 255
    120 0 99 74 255 8 133 0 250 255 63 0 255 255 100 202 72 161 240 8 9
    132 0 126 0 10 39 0 255 239 0 170 0 189 0 5 94 255 236 134 253 180 0
    21 28 49 58 69 64 203 0 75 103 146 16 95 32 75 255 241 186 234 255
    171 79 167 99 0 174 255 227 149 116 0 0 196 0 164 0 219 155 0 255 71
    145 89 0 88 0 255 85 21 97 143 21 155 190 255 100 255 0 0 154 41 0 0
    243 255 224 0 156 39 85 226 0 0 29 3 255 27 25 255 0 208 46 38 111
    58 0 148 79 177 0 255 205 203 104 255 255 0 49 255 169 105 255 255
    25 0 0 255 0 65 45 0 0 24 104 233 35 255 4 24 250 0 200 255 255 204
    255 99 176 166 239 106 119 0 109 190 255 25 255 169 255 242 43 0 255
    162 105 0 14 161 0 0 108 66 144 100 226 159 217 4 4 192 117 230 63
    236 41 248 245 0 41 153 156 0 255 169 251 255 188 165 255 0 205 255
    46 72 188 26 95 0 0 11 166 127 255 21 0 255 209 41 226 44 0 200 220
    243 130 1 116 64 0 31 0 188 0 22 71 255 43 236 244 255 6 138 0 18
    132 255 22 0 255 255 255 0 1 255 16 61 14 192 173 178 54 255 13 50
    255 250 0 115 202 0 255 0 253 176 143 196 255 21 0 61 113 134 0 12
    255 255 7 168 41 0 221 151 90 0 203 38 112 0 115 208 145 0 255 255
    65 254 255 232 12 255 139 40 43 150 148 255 0 255 101 151 255 5 0
    255 9 154 167 186 255 38 26 33 255 48 74 61 184 175 9 138 0 207 62
    43 241 0 252 0 218 103 0 0 255 0 179 148 0 117 226 59 0 211 158 164
    255 81 87 114 0 0 83 62 255 222 89 41 200 0 0 251 187 0 183 115 225
    73 189 83 0 14 255 126 232 189 0 55 218 195 0 255 255 191 92 255 0 0
    0 255 205 186 93 7 0 204 255 255 22 26 107 76 196 0 0 78 0 9 16 142
    51 163 255 186 235 179 132 0 0 7 111 253 17 31 178 229 255 40 0 177
    55 74 54 65 186 254 235 0 45 255 21 255 255 0 255 0 248 255 245 114
    0 0 178 84 0 255 62 221 28 255 123 0 0 215 252 239 201 0 255 117 69
    255 171 0 250 0 153 142 250 71 0 255 228 0 101 118 0 7 0 228 6 54
    157 165 76 206 59 123 187 255 0 61 0 115 162 91 93 122 255 80 153
    255 183 140 247 255 133 255 122 99 0 161 0 195 9 94 155 195 255 240
    169 175 103 255 54 0 225 255 0 116 255 255 135 0 133 205 97 49 255
    187 217 255 75 0 255 249 255 201 240 46 255 255 255 255 255 255 91 0
    127 236 0 136 128 0 234 132 97 255 0 8 255 96 111 1 113 58 250 0 136
    39 146 22 0 0 6 55 110 0 191 147 0 0 228 86 88 1 179 0 56 255 0 255
    106 137 0 106 22 180 122 228 173 222 188 178 0 64 212 0 142 181 0
    244 117 176 255 205 0 255 0 127 0 41 169 38 255 0 82 22 49 58 255
    255 102 255 139 255 211 119 0 141 0 255 253 30 0 0 255 0 173 91 114
    72 0 145 0 0 255 54 255 0 221 215 221 60 245 95 0 0 0 255 145 43 0
    160 0 144 113 0 207 0 17 0 228 0 248 43 65 255 255 212 255 157 255
    103 51 151 0 137 0 103 74 0 255 249 255 255 0 236 182 31 106 217 24
    117 188 152 96 149 3 255 114 255 215 151 187 255 235 255 0 18 255 75
    53 229 237 216 64 0 168 223 83 78 232 127 0 20 255 255 113 255 248
    255 84 19 215 255 0 157 168 187 214 253 118 255 117 150 204 249 205
    255 71 92 234 100 182 221 56 255 212 255 25 0 0 140 240 37 167 255
    26 90 0 71 0 37 72 255 0 0 255 219 255 183 92 0 163 255 122 51 64
    170 203 140 176 7 173 0 95 255 0 0 212 151 179 23 52 0 179 255 0 0 0
    255 136 116 200 255 148 0 200 255 26 0 0 255 81 175 140 42 150 152 0
    53 0 134 239 0 56 14 174 0 223 56 245 20 0 255 255 255 2 133 255 19
    207 3 246 126 255 0 168 39 33 255 189 202 182 71 57 58 102 0 0 10
    195 0 255 0 129 141 0 0 26 26 255 32 80 224 255 139 98 167 95 29 4
    255 0 93 221 152 213 242 1 0 112 28 249 78 225 255 143 63 11 203 132
    250 36 19 31 235 0 0 189 0 0 202 255 90 0 126 0 231 127 78 49 226
    109 255 34 140 191 255 77 186 165 37 0 103 200 232 255 96 255 0 0 68
    228 255 255 255 255 255 255 255 24 0 42 71 57 244 126 0 118 55 0 109
    215 230 26 164 255 169 136 200 255 205 198 255 113 133 218 127 9 191
    209 255 231 95 255 137 78 255 214 70 255 7 136 249 93 66 185 0 146 0
    0 17 204 91 65 125 168 255 84 0 17 50 0 7 255 49 146 56 229 85 225
    187 83 164 255 235 255 112 0 255 0 102 0 120 0 105 87 143 70 0 108
    185 37 255 184 53 242 0 190 92 240 162 255 255 255 73 113 130 86 144
    215 202 0 106 235 86 244 58 46 42 190 0 0 50 56 255 20 98 35 156 0
    158 0 0 94 156 42 221 54 255 223 72 84 255 255 255 194 193 94 78 89
    187 0 153 3 0 6 255 132 164 88 124 159 0 246 143 201 89 71 255 0 0
    112 255 0 212 255 123 0 252 255 255 0 252 45 15 191 0 56 44 94 154
    46 255 119 255 9 222 0 29 55 34 158 255 184 0 98 0 88 187 100 73 0
    80 255 133 6 255 0 196 222 39 255 0 255 255 161 10 152 255 113 0 255
    226 97 66 0 0 159 115 0 190 255 0 13 12 105 39 255 255 119 255 255 7
    145 101 0 0 51 71 0 255 158 0 12 85 255 250 15 34 255 255 255 171
    129 2 255 232 149 189 18 0 255 255 117 0 219 25 131 21 237 255 235
    251 173 0 221 232 181 244 6 206 225 255 0 45 158 140 81 255 255 62
    171 0 164 0 183 9 154 255 41 166 255 147 184 114 0 42 191 255 0 184
    0 152 46 0 58 131 183 44 93 0 77 69 143 151 0 37 255 49 255 255 255
    63 255 155 0 55 125 0 73 146 225 50 255 179 202 114 195 233 255 255
    83 255 134 255 254 14 109 255 255 0 0 147 0 71 132 114 255 221 87
    137 0 15 0 255 0 0 10 35 27 22 81 255 174 255 0 255 0 150 86 163 255
    255 169 255 215 209 35 255 0 0 255 123 0 90 110 255 89 255 203 93 0
    59 6 19 141 80 248 255 0 149 8 201 255 0 253 0 56 96 70 217 0 117 77
    0 111 221 108 177 255 126 215 0 133 255 228 124 255 0 19 234 218 50
    100 105 255 0 158 187 0 0 0 0 255 234 154 0 228 0 79 255 0 255 255
    18 199 80 255 0 255 255 140 166 45 255 171 0 76 255 240 0 3 0 0 87
    222 255 194 35 152 211 96 0 103 199 255 253 242 181 195 0 152 255 37
    0 8 33 255 112 255 0 171 204 133 255 255 163 0 255 0 153 0 255 36
    255 198 167 0 154 203 75 255 157 255 0 0 0 0 108 174 54 0 67 255 154
    69 0 255 255 230 31 0 117 0 202 0 34 237 0 255 128 223 255 210 197
    170 166 152 0 73 255 208 0 230 149 0 17 213 252 88 198 255 28 255 18
    42 255 255 255 226 7 0 255 218 0 255 69 35 3 0 22 103 34 121 250 202
    212 255 68 255 255 0 255 0 243 201 207 157 0 92 4 233 230 154 159
    168 14 143 63 255 255 39 154 229 255 0 0 255 40 36 143 238 0 0 94 0
    29 0 255 175 217 112 0 34 255 7 184 230 0 255 29 255 255 246 0 229 0
    227 255 0 255 0 78 56 163 151 255 255 160 183 236 166 96 127 252 0
    90 0 71 39 90 255 255 255 255 199 168 89 236 108 125 102 33 255 34
    242 77 27 0 206 202 255 51 238 174 107 110 255 230 0 236 0 104 174
    143 0 80 2 95 0 151 255 0 255 0 107 91 66 121 61 211 103 0 126 0 62
    255 165 204 0 141 255 75 255 0 0 3 126 71 12 0 74 165 66 98 185 0
    255 255 199 34 0 255 255 194 142 52 0 95 32 135 255 209 0 199 0 0 0
    255 255 54 0 100 255 0 237 96 192 255 255 156 172 190 0 166 154 255
    153 0 167 0 203 255 162 184 0 40 104 0 0 80 232 176 255 129 255 19
    102 22 0 255 104 131 255 0 255 208 0 54 232 30 255 240 255 0 77 0
    251 0 218 93 244 156 96 0 255 0 255 148 255 254 0 46 0 255 239 30 46
    31 255 0 242 58 54 255 182 0 149 255 255 0 52 33 0 187 251 162 31
    154 216 182 0 116 33 178 255 191 11 210 67 255 10 137 0 0 0 84 60
    232 227 0 154 0 241 18 0 207 224 197 247 57 20 45 50 21 255 180 204
    159 207 234 0 255 72 28 33 129 255 0 0 188 0 0 99 0 255 152 0 255 0
    255 117 0 31 255 42 12 255 255 114 0 255 119 0 170 23 0 0 78 109 108
    68 255 214 255 0 50 0 23 255 0 139 209 30 176 255 255 26 41 255 66
    87 0 60 190 150 208 116 182 0 163 107 211 96 0 0 59 0 255 40 95 123
    28 0 0 255 2 128 255 255 216 0 0 254 0 117 0 238 18 0 203 134 117
    138 234 255 17 32 0 165 255 241 233 178 135 189 24 219 77 125 124
    106 255 118 255 251 0 137 74 0 152 255 103 127 179 0 255 208 90 0
    144 222 219 194 75 255 223 0 194 0 255 201 218 255 255 0 80 133 7 55
    255 198 0 154 12 175 0 239 213 255 228 90 57 28 220 0 232 182 70 149
    250 139 133 0 255 255 0 215 223 244 236 255 255 96 223 0 98 85 230
    255 187 41 255 161 180 255 196 0 61 45 231 63 255 254 211 157 63 73
    226 0 200 163 146 0 255 255 0 0 255 255 76 255 0 198 255 0 143 243
    172 255 157 77 175 83 23 59 170 92 156 88 0 0 234 0 0 77 129 152 34
    128 125 0 255 110 124 255 193 247 43 105 174 0 94 98 60 149 201 182
    0 109 218 96 54 0 158 85 148 255 255 34 238 151 0 227 102 129 131
    255 39 7 144 74 0 0 0 0 246 255 114 26 158 142 72 124 130 43 214 174
    0 0 0 255 0 74 197 125 0 0 27 254 82 255 54 0 255 255 102 26 0 0 170
    255 44 47 255 27 213 222 94 101 0 255 0 167 208 59 195 0 255 254 45
    207 179 95 18 12 140 72 0 99 117 1 84 255 117 178 145 62 54 83 0 255
    170 2 205 255 17 87 59 88 255 0 255 255 169 0 5 61 0 34 135 195 165
    129 82 58 0 255 255 19 81 160 124 255 49 255 0 255 221 3 67 196 152
    72 49 255 180 0 0 83 185 255 14 255 45 27 69 53 251 138 0 224 246
    149 34 211 198 74 201 24 0 178 0 75 128 0 0 113 255 0 255 200 190 0
    136 44 52 171 218 0 204 141 0 144 38 25 255 157 135 32 163 178 255
    128 0 255 0 255 232 120 88 255 255 0 26 255 156 255 0 146 190 0 182
    88 67 15 91 255 255 166 0 210 255 255 59 125 107 255 0 255 91 6 6 72
    159 98 173 0 255 255 195 255 255 20 255 75 164 123 112 255 96 255
    142 178 0 0 228 199 0 119 152 105 223 203 0 176 231 0 102 255 125 0
    195 160 0 206 35 255 236 208 255 142 0 162 238 62 226 255 233 239
    255 83 248 255 167 33 0 232 61 86 255 255 111 0 31 0 91 107 0 255 70
    0 69 12 188 0 97 255 73 0 105 0 180 60 255 255 0 138 0 65 247 83 85
    243 31 255 196 255 86 27 255 0 220 255 170 28 231 71 47 0 0 0 0 0 0
    8 183 121 166 111 255 9 0 253 91 179 148 147 113 255 255 179 180 191
    117 0 255 170 252 255 109 0 0 245 0 213 194 255 85 246 12 61 255 82
    0 138 160 30 0 59 156 255 0 35 255 177 255 137 255 104 179 0 0 151
    193 0 178 41 255 255 52 181 255 0 255 173 0 255 0 188 107 198 98 178
    0 0 255 0 240 0 249 150 0 255 0 248 15 10 255 59 255 255 255 255 101
    255 0 255 0 0 82 0 0 87 97 255 209 0 226 165 0 234 81 181 188 0 79
    20 196 0 0 179 255 181 0 17 83 0 255 103 26 0 177 24 23 196 255 141
    125 255 15 18 255 255 255 227 152 48 109 116 33 188 36 89 229 147
    167 255 247 149 208 248 255 246 104 29 112 48 221 8 226 254 62 237
    255 232 0 0 232 0 0 237 72 233 82 233 0 255 0 0 15 52 117 6 160 0
    255 154 167 0 0 70 104 255 43 47 245 124 255 136 228 255 196 50 211
    11 5 125 255 1 56 135 255 73 237 42 152 0 0 127 255 0 0 0 0 23 188 0
    37 0 255 15 255 222 159 73 255 176 7 255 53 120 0 0 52 148 55 42 255
    255 255 255 186 163 0 191 109 51 60 97 85 177 255 255 255 0 0 3 141
    53 0 153 216 122 125 23 255 200 0 133 236 12 220 255 27 177 159 57
    157 51 18 0 217 72 175 0 255 102 183 115 0 75 255 0 0 0 155 92 2 0
    93 255 251 214 174 0 0 0 195 0 109 255 217 172 114 125 237 114 255
    214 0 0 196 169 136 152 204 212 72 127 255 63 0 0 255 0 51 136 18
    255 204 255 137 255 18 255 5 255 255 0 0 208 198 62 34 159 255 162
    255 85 84 255 67 255 255 224 0 15 103 0 25 66 161 247 159 0 47 80
    210 246 232 0 255 97 255 237 105 175 255 0 189 248 228 102 142 255 0
    255 161 0 245 109 175 24 200 0 0 220 0 0 161 0 255 148 206 255 127
    114 255 164 0 0 255 255 0 189 0 16 0 147 0 23 0 223 0 0 211 166 40
    255 79 193 255 95 228 121 62 160 80 255 209 108 222 0 12 105 0 142 0
    159 62 103 255 148 36 203 138 0 11 249 68 204 182 88 212 135 255 169
    52 255 100 104 218 144 206 255 0 255 107 250 115 151 141 0 255 0 234
    235 77 24 154 27 79 117 2 215 255 171 255 184 126 255 0 138 0 109
    224 255 255 76 62 77 119 213 154 0 178 68 255 0 0 50 118 71 126 70
    14 0 104 0 76 235 0 90 255 16 51 0 54 255 126 120 0 0 0 180 255 0
    164 84 255 0 8 97 210 0 44 182 146 144 0 54 255 248 255 40 180 107
    182 94 39 199 52 148 0 0 137 255 6 96 1 62 183 134 83 255 0 64 133 0
    0 143 102 27 178 0 252 178 255 255 102 255 255 82 0 58 188 0 0 255
    123 22 147 139 74 152 25 242 64 0 59 0 197 0 253 0 128 44 255 141 84
    64 200 109 204 0 255 104 192 148 10 0 0 255 65 243 154 214 255 78
    223 235 94 255 203 173 165 93 181 255 0 61 0 0 0 5 136 69 94 177 243
    184 4 182 148 95 12 0 255 233 223 0 0 130 111 0 96 165 95 255 116 0
    255 255 220 44 31 221 0 0 0 14 67 229 95 255 130 255 238 70 255 213
    55 153 96 198 243 112 62 0 52 92 0 255 0 0 231 188 68 252 92 89 0
    141 0 246 73 0 134 0 173 237 116 255 88 255 224 233 17 198 0 41 117
    8 182 255 4 128 132 0 255 92 63 0 28 229 147 0 26 250 255 16 255 181
    226 142 44 255 255 243 199 0 85 144 0 212 115 209 0 255 28 18 240
    127 255 255 175 29 51 215 105 250 36 133 85 232 255 113 202 162 65
    247 20 134 137 255 109 206 0 238 0 2 50 216 0 255 166 0 255 112 148
    255 0 87 255 159 255 0 154 176 0 207 124 203 193 189 7 2 234 29 238
    50 123 122 156 8 255 84 255 73 143 181 159 0 50 0 251 64 0 169 213
    255 172 130 255 215 0 255 26 124 236 255 255 160 255 118 44 169 23 0
    0 217 226 0 255 0 232 72 160 188 0 143 191 0 0 90 0 45 162 202 0 75
    9 0 0 49 120 56 85 0 255 121 255 243 255 255 228 0 255 143 217 255
    255 255 73 221 0 0 129 42 70 222 215 3 143 8 0 253 61 150 136 59 255
    183 233 212 0 232 35 65 114 105 198 0 62 255 255 255 179 118 91 176
    70 29 250 161 233 159 21 32 248 153 124 17 190 25 255 29 76 85 54
    222 107 122 186 165 255 193 179 127 118 255 0 144 78 142 173 91 167
    136 9 235 43 0 38 20 18 70 134 136 84 11 73 249 105 89 3 0 0 0 0 3 0
    247 255 0 255 87 255 85 211 10 0 214 17 255 224 255 255 177 255 23
    255 120 255 0 255 105 0 170 49 0 2 58 255 246 176 229 57 77 0 90 190
    0 119 77 107 53 103 157 255 34 0 37 255 0 255 199 255 106 0 255 0
    255 91 0 192 145 200 142 0 166 43 145 0 255 237 248 255 2 255 170 0
    142 255 10 122 255 255 5 110 255 234 160 255 0 255 229 0 242 58 0 41
    145 206 0 236 255 140 255 223 145 255 0 61 126 0 183 0 220 0 239 53
    49 255 27 255 64 255 255 26 255 0 0 227 23 233 220 163 98 255 61 208
    0 0 41 213 188 98 19 244 255 191 232 216 89 221 224 255 94 237 154
    255 0 5 243 108 89 151 239 0 141 255 0 57 14 255 86 88 0 255 111 206
    153 50 162 215 0 183 255 255 40 0 255 159 0 6 255 232 175 33 44 53
    102 16 54 73 255 133 208 131 33 47 255 255 48 45 147 255 0 255 0 247
    0 255 114 146 0 205 255 0 0 18 0 126 132 255 199 0 151 255 195 0 126
    92 109 104 51 254 222 85 0 199 0 151 73 255 255 164 0 188 242 0 94 0
    212 184 255 85 245 18 157 79 183 81 0 61 183 255 180 55 199 0 93 208
    132 255 161 255 123 119 245 0 197 18 50 255 0 255 0 255 57 0 255 255
    0 100 255 255 62 169 167 15 186 62 114 84 76 0 121 0 123 127 239 228
    242 213 91 219 255 40 35 26 39 0 30 100 172 216 0 146 9 22 194 244
    137 209 0 252 87 0 140 97 44 85 49 0 132 0 197 0 0 154 215 66 245
    179 215 43 234 160 37 15 0 201 145 255 0 0 255 91 255 255 255 24 29
    255 147 255 0 0 184 22 182 235 16 19 255 72 255 255 131 0 174 250 3
    100 232 214 158 130 255 193 176 252 239 251 0 222 221 103 15 24 248
    79 255 0 83 209 0 0 217 0 53 0 128 161 207 235 215 113 0 255 236 0 3
    0 255 124 0 128 37 181 175 255 223 255 41 56 242 0 224 175 96 0 0
    179 255 21 206 194 22 0 255 179 46 90 255 37 51 255 255 0 255 164
    120 144 101 104 231 255 206 71 91 255 131 232 98 121 2 0 0 86 117
    178 255 120 9 0 69 91 190 209 203 30 255 27 129 255 90 47 174 16 106
    91 181 16 181 255 132 255 232 255 122 0 158 178 255 159 255 0 161 83
    248 246 10 0 28 239 0 89 255 29 224 138 216 255 195 77 255 70 184
    177 96 242 0 19 0 204 11 217 255 143 0 0 0 220 189 0 145 243 0 211
    227 113 122 239 0 120 255 0 122 255 255 202 217 255 255 0 201 255
    152 0 0 255 0 121 91 255 125 0 21 107 104 0 190 201 0 151 0 255 100
    213 105 58 249 64 0 213 33 228 163 196 185 255 120 255 171 112 0 0 0
    68 0 31 255 192 232 36 0 0 182 212 57 255 0 0 181 0 155 38 255 207
    158 217 15 255 33 97 96 47 255 72 255 0 123 100 16 0 7 186 197 40 93
    67 246 232 230 156 0 0 30 231 20 0 96 133 0 0 0 0 0 0 81 0 2 216 2
    135 18 24 255 33 157 144 232 255 167 0 38 255 255 0 97 59 220 255
    255 193 221 4 0 189 209 165 83 169 160 192 255 255 116 166 0 0 0 190
    15 0 214 222 135 65 246 79 0 255 120 118 162 243 0 229 249 123 210 0
    12 223 255 8 255 157 0 38 12 172 0 42 255 0 255 39 126 42 40 125 181
    76 0 0 162 0 52 209 225 0 0 0 0 0 78 7 76 76 44 0 79 255 72 14 73
    114 17 0 56 53 11 53 66 70 255 255 60 198 221 255 222 78 133 0 245
    109 99 198 219 53 0 133 236 138 255 223 255 152 127 208 0 167 0 0
    137 94 255 255 0 0 255 82 255 255 98 12 41 127 128 0 255 0 14 0 206
    0 0 157 195 165 255 255 255 255 0 255 255 74 238 199 239 120 0 201
    255 115 144 255 253 221 0 255 0 210 255 97 162 144 6 63 31 0 0 111
    106 0 0 33 0 223 255 121 255 255 211 189 0 239 226 218 50 91 100 155
    255 101 0 96 212 63 201 43 117 11 255 254 147 157 149 43 109 255 0
    138 192 149 0 127 24 74 255 81 47 156 255 2 247 230 128 197 193 11
    190 222 0 174 180 245 0 0 106 0 255 190 251 255 79 255 68 0 0 0 255
    255 55 255 0 26 219 15 255 30 4 223 114 255 239 214 255 0 134 0 255
    105 216 255 255 255 231 203 0 255 255 255 4 152 12 255 0 37 16 136
    17 129 49 255 255 0 146 190 0 185 99 106 0 107 0 109 74 255 216 20
    255 106 138 8 102 100 208 240 255 4 0 255 255 161 0 47 195 255 242
    242 252 0 217 177 255 134 93 255 66 10 0 37 0 225 0 124 10 0 31 0 0
    42 141 0 253 0 110 255 0 255 31 113 204 186 29 52 255 255 255 122 0
    105 0 46 0 1 193 255 230 181 127 255 255 255 255 18 211 0 196 0 46
    163 255 135 28 52 255 180 255 0 0 83 152 255 194 227 255 211 124 255
    7 0 0 255 92 50 183 238 173 255 255 255 0 98 208 255 166 227 255 136
    136 33 142 255 0 236 255 195 12 63 0 42 90 17 0 156 127 255 108 136
    40 0 32 255 90 255 108 213 255 86 0 0 222 243 255 0 255 144 0 172
    255 162 237 77 0 214 160 55 0 0 188 255 255 0 53 221 0 152 255 153 0
    197 42 0 255 182 255 248 229 255 187 202 191 10 110 135 13 0 111 219
    202 250 255 40 185 215 0 156 38 79 87 108 178 0 57 30 255 255 79 255
    255 171 154 127 255 72 255 57 52 255 0 0 94 255 0 129 63 115 255 0
    172 219 255 255 108 255 255 255 200 255 255 0 109 62 52 255 0 51 0
    255 203 0 84 219 255 15 98 0 0 20 255 34 144 221 42 91 0 0 17 162
    213 120 255 0 220 44 128 136 255 186 27 255 19 12 0 0 108 22 154 0 0
    255 0 0 234 0 62 51 230 122 45 21 17 108 0 177 56 142 19 0 255 61 0
    89 255 139 224 81 199 151 92 28 255 118 218 69 125 0 0 244 0 57 0 0
    84 255 4 198 65 243 0 144 255 255 0 232 255 119 70 208 41 190 145
    181 209 0 33 133 36 38 117 0 197 255 235 0 0 247 11 193 178 0 188 0
    122 0 206 156 148 0 157 255 145 126 137 0 196 45 0 203 255 174 109
    21 55 187 0 100 149 196 89 255 49 255 191 255 115 99 146 37 226 218
    182 0 91 162 63 129 255 169 229 255 39 255 44 255 255 59 91 38 0 0
    103 0 0 132 0 255 157 61 224 233 156 67 21 26 84 64 134 207 116 0
    253 0 0 50 0 255 255 44 255 251 0 226 0 104 95 53 255 250 231 144
    105 50 255 0 6 88 105 133 255 0 177 255 68 72 150 96 41 19 197 0 255
    0 0 145 174 183 27 255 104 24 255 198 122 224 8 18 255 40 54 255 0
    28 255 134 186 32 132 255 255 91 0 73 255 118 110 170 255 0 0 255
    252 0 10 165 150 254 0 178 112 255 13 199 0 17 159 11 114 63 0 45
    146 16 255 0 70 32 141 0 192 255 74 72 255 57 0 83 0 0 166 201 0 0
    126 225 0 221 255 255 110 114 121 254 236 0 0 74 28 145 199 175 248
    40 0 115 255 41 215 0 203 141 164 46 0 255 124 110 255 162 145 243
    156 156 0 128 24 83 21 255 0 158 0 107 241 201 74 255 87 225 80 239
    132 61 255 0 249 144 219 155 194 0 255 183 111 255 6 0 255 96 132 0
    186 255 255 255 56 219 53 87 220 237 140 0 18 0 118 0 98 255 209 61
    23 248 93 43 129 121 28 136 255 221 255 255 0 0 238 102 122 255 212
    64 91 241 255 173 126 201 0 228 255 206 1 0 27 255 179 0 255 255 123
    0 156 255 215 175 117 213 0 224 255 0 251 182 210 154 255 255 255 86
    128 90 244 0 47 18 223 108 0 0 182 10 0 27 255 0 197 195 24 31 164
    255 177 58 55 255 0 255 172 134 0 148 238 0 227 159 64 0 104 245 248
    0 150 2 250 11 0 32 88 0 175 255 115 180 16 255 144 255 219 122 188
    159 255 116 6 255 101 14 0 234 234 0 0 36 33 55 142 255 255 255 255
    211 255 157 172 255 255 151 237 40 0 38 36 255 255 0 96 255 126 173
    217 255 243 21 173 107 0 0 26 247 0 0 255 45 76 181 154 46 63 255
    252 41 0 225 0 0 255 0 69 100 97 92 164 0 255 232 172 6 80 0 235 0
    255 106 0 255 255 0 190 178 0 192 180 21 44 255 126 0 255 255 54 230
    0 116 190 42 255 12 54 255 188 220 0 77 0 95 255 137 159 214 80 67
    255 0 33 255 190 233 150 141 185 196 0 255 0 0 35 193 192 145 0 255
    104 31 173 212 0 42 255 255 203 255 75 255 255 0 255 145 41 98 72
    255 65 0 207 18 169 162 255 4 204 137 117 144 255 255 204 0 255 0
    255 1 26 0 138 143 10 255 248 255 0 209 63 255 0 138 26 0 91 114 0
    49 17 233 64 0 99 83 103 0 241 196 227 255 255 19 51 110 14 0 226 84
    113 52 255 255 16 146 31 0 255 0 140 204 136 220 0 152 154 13 21 0
    222 216 0 63 0 103 222 201 0 55 61 243 0 49 255 34 236 255 233 0 91
    61 82 72 0 39 255 51 61 255 224 0 28 255 0 255 21 255 155 210 31 255
    255 0 171 255 59 0 9 239 255 255 255 166 255 206 34 0 193 255 0 255
    255 255 0 57 51 255 79 0 0 255 239 201 255 163 0 255 132 0 255 251 0
    0 0 255 26 0 43 69 0 255 212 255 155 110 25 178 118 23 0 252 209 255
    255 255 156 7 0 0 23 128 161 56 238 223 42 194 152 0 251 171 0 0 154
    189 140 103 255 181 55 249 138 0 255 255 58 97 255 110 46 170 9 240
    255 29 229 218 255 125 161 255 6 161 115 0 22 193 0 227 46 255 134
    13 255 0 255 53 0 211 68 0 255 248 93 186 231 187 177 171 234 112
    174 243 218 5 217 16 46 45 0 240 163 233 0 250 255 0 118 167 39 0
    199 196 255 0 66 168 0 0 99 167 0 136 165 238 42 238 255 176 214 94
    110 10 0 0 94 186 0 107 19 255 239 146 5 255 255 0 255 255 121 0 188
    26 0 89 255 80 255 0 255 4 0 140 255 30 255 0 255 192 0 213 52 255 0
    38 0 228 27 122 152 131 180 67 193 0 240 255 70 29 255 255 21 255 93
    255 81 119 147 242 255 0 95 0 58 255 81 255 255 219 193 235 60 89 68
    31 0 63 0 255 255 145 8 15 0 53 184 70 0 213 221 0 255 0 0 31 72 237
    0 22 149 218 255 255 245 63 0 255 122 0 0 227 138 46 47 209 94 114
    114 4 88 143 0 0 139 0 135 10 48 157 255 169 174 0 54 255 255 0 255
    193 116 0 198 0 160 0 255 0 119 0 240 255 131 255 53 255 101 0 116
    199 255 114 255 245 0 105 126 0 94 0 40 150 0 255 153 90 198 20 76
    183 255 49 0 0 147 90 186 255 189 103 113 0 186 40 72 37 98 255 38
    255 49 220 255 50 22 245 254 236 236 2 250 13 0 0 0 255 0 158 245 28
    111 148 0 21 246 0 12 253 255 0 107 0 0 255 255 0 160 255 11 78 0
    220 255 0 67 163 255 248 0 22 99 253 101 55 102 41 0 245 0 111 182
    255 0 117 0 230 85 45 0 131 0 0 0 112 255 225 76 253 103 249 0 0 219
    245 0 207 185 0 63 81 65 138 31 32 127 191 254 192 97 138 255 22 228
    221 182 0 191 0 192 94 255 150 109 239 131 62 255 122 0 255 114 255
    0 235 255 0 87 175 238 255 255 0 53 140 78 66 159 177 0 255 168 84
    48 0 0 255 181 0 255 46 2 81 0 0 255 39 84 0 177 26 45 255 135 0 23
    12 255 0 0 255 60 255 11 6 54 110 208 255 44 0 0 0 236 35 0 0 0 255
    78 255 82 61 235 0 76 184 255 0 12 87 133 60 134 143 17 255 255 255
    191 110 33 0 52 255 0 246 0 160 0 108 145 0 15 114 255 222 93 255
    255 160 0 233 0 124 77 0 176 255 143 0 111 251 0 96 255 37 159 45 0
    41 0 21 220 149 0 255 0 108 0 0 0 34 66 178 2 189 151 56 99 139 255
    255 212 0 34 255 217 23 210 255 119 25 56 0 153 0 192 0 107 38 0 0
    25 127 0 255 151 255 57 255 16 39 92 237 150 55 90 167 0 45 8 0 30
    154 0 119 255 41 149 225 148 227 48 200 255 0 255 90 0 255 241 0 169
    111 0 164 27 135 61 0 0 255 0 21 211 155 0 0 255 113 0 0 200 45 215
    0 13 40 255 216 255 125 0 255 228 147 255 0 255 0 0 251 0 96 157 137
    182 0 32 255 188 65 246 74 248 0 0 0 74 191 253 255 180 49 255 255 7
    74 188 255 165 41 104 255 166 249 0 10 178 93 0 180 68 62 43 20 255
    255 143 255 98 134 255 167 255 47 0 0 71 192 137 197 146 255 4 0 230
    138 172 255 229 19 196 255 207 0 55 0 50 93 255 39 28 15 43 255 50
    161 255 224 246 114 50 212 163 255 254 214 255 31 255 0 255 49 253
    202 131 0 48 92 88 55 255 255 173 146 192 255 206 0 215 147 79 232
    255 0 255 0 42 193 52 255 183 0 195 178 228 166 255 255 181 15 129
    29 46 179 255 116 255 21 255 255 0 255 67 86 33 0 30 255 168 96 235
    0 32 111 255 255 158 198 255 84 118 15 59 0 246 0 0 255 107 100 109
    0 0 255 92 81 250 2 255 114 85 189 0 59 0 231 19 105 0 0 134 147 83
    32 208 255 121 171 0 255 168 0 245 151 255 236 255 0 255 53 0 206 64
    0 247 162 32 0 74 0 136 255 58 203 0 0 248 0 255 0 255 143 71 138 9
    209 255 11 150 227 244 161 128 155 255 241 53 0 79 233 12 255 17 166
    255 60 67 0 101 190 103 240 96 14 217 98 182 0 90 20 0 255 211 188
    47 136 53 20 0 0 246 101 20 179 71 147 255 255 255 84 0 66 0 65 238
    15 0 201 191 69 219 255 255 255 108 255 7 128 212 0 11 0 255 0 255
    59 94 0 255 0 187 128 0 0 255 143 255 0 235 148 48 34 72 65 70 239
    251 255 244 129 64 137 112 0 175 19 0 135 253 155 0 253 255 213 43 0
    114 251 70 255 255 255 186 223 255 98 63 0 255 0 255 205 39 61 162 0
    210 90 118 234 255 0 0 0 11 251 0 158 73 17 0 78 189 255 255 116 0
    183 61 15 255 0 245 211 24 64 145 139 255 255 90 255 32 181 255 0
    115 0 165 3 189 91 230 56 0 201 45 0 255 209 235 0 160 219 234 255
    192 249 177 0 247 63 0 102 255 233 0 255 166 32 147 208 133 99 0 201
    212 0 40 255 255 95 190 107 33 46 0 0 150 117 120 89 223 147 0 41 47
    169 0 187 118 70 255 0 236 255 110 0 156 0 167 141 46 224 162 155 0
    255 3 171 245 110 0 159 0 255 255 189 162 103 194 0 234 0 255 255
    175 94 187 0 62 81 0 0 63 138 255 69 196 110 193 0 19 213 180 111 94
    240 0 0 255 0 0 3 255 36 251 214 158 0 106 234 114 44 3 255 0 189
    199 0 0 221 237 226 50 0 0 78 28 0 212 215 220 255 195 39 255 0 65
    235 155 255 38 197 255 66 18 255 216 130 5 22 255 224 79 188 244 0 3
    255 82 0 114 20 5 0 255 0 35 246 3 74 61 0 181 11 170 251 0 154 70
    104 0 255 125 8 97 0 155 16 0 79 0 255 0 0 82 165 82 244 105 255 104
    255 75 255 93 255 0 43 255 164 68 0 230 187 220 250 255 0 94 255 255
    214 100 255 0 255 255 203 0 114 121 255 72 0 255 54 0 255 79 0 123
    148 0 86 255 254 77 215 16 223 0 19 0 0 207 255 255 0 0 208 0 255
    243 60 211 166 0 42 255 0 135 122 192 187 0 92 255 238 162 255 208
    242 255 197 255 255 119 129 0 255 0 255 216 255 189 95 0 248 115 65
    0 0 0 73 113 255 14 255 178 54 255 114 28 166 207 69 143 247 47 255
    1 255 56 237 132 208 223 121 253 215 168 0 203 0 4 68 0 0 157 255
    215 0 249 108 255 0 214 238 60 130 63 7 0 70 255 1 209 0 102 67 0
    255 0 138 255 245 69 0 227 180 54 0 102 79 170 255 255 125 137 222
    255 255 0 123 86 255 0 208 105 35 253 0 39 225 241 146 0 146 199 131
    255 101 186 47 255 35 141 0 13 172 63 0 255 104 248 123 7 26 255 54
    255 219 255 230 121 0 135 0 211 74 169 255 185 0 0 142 53 0 255 6 14
    0 145 135 51 49 101 0 125 0 195 255 203 0 31 204 37 205 166 0 0 243
    255 0 189 13 71 13 255 225 228 255 0 38 119 169 219 250 133 214 138
    0 99 112 0 107 241 134 121 255 38 148 71 0 0 189 87 40 0 172 3 110
    236 255 253 239 179 176 126 255 230 44 0 255 4 163 137 107 202 0 0 0
    255 181 77 132 50 0 175 79 255 153 255 255 13 160 44 255 81 84 255
    255 15 90 0 134 20 61 135 245 255 158 100 15 0 34 18 182 20 156 184
    255 255 0 63 100 94 49 195 80 51 65 255 255 47 30 192 160 0 252 222
    242 17 50 83 0 0 255 255 220 255 164 255 255 241 255 0 46 182 3 105
    0 255 255 0 147 24 0 233 224 255 255 90 213 255 255 57 255 193 0 64
    186 244 255 12 255 228 103 144 153 101 37 195 255 11 0 164 91 255 44
    203 0 0 0 0 150 25 255 178 89 174 39 143 0 94 15 188 181 61 67 62
    255 0 249 144 7 255 0 138 202 255 70 255 168 135 231 0 0 2 255 11 0
    255 0 154 0 202 27 255 108 209 0 129 27 0 255 0 23 255 111 233 157 0
    86 0 255 200 16 0 255 5 255 233 0 0 255 233 0 165 243 217 173 0 255
    192 255 47 0 255 118 192 32 194 0 255 246 0 255 0 73 255 0 0 241 114
    49 0 214 197 0 152 144 194 39 60 255 255 20 166 255 37 0 0 255 255
    43 233 255 206 119 255 235 0 158 255 255 187 78 201 255 128 255 0 16
    0 255 143 174 255 255 57 255 54 207 119 255 221 215 133 213 0 181
    243 174 70 0 252 172 14 120 10 253 0 0 213 51 255 101 111 116 255
    255 0 255 143 53 0 196 255 255 0 255 0 94 0 0 0 255 0 0 255 0 160 0
    255 216 169 194 0 230 69 170 255 0 0 255 0 21 108 4 0 0 255 217 204
    0 72 104 96 177 25 195 255 150 166 165 63 83 65 70 158 221 236 255
    50 225 0 142 16 57 164 0 255 91 160 138 255 0 213 255 11 253 67 255
    0 255 226 141 27 97 197 57 182 255 0 255 41 0 46 255 192 0 255 224
    77 255 215 101 196 207 196 0 164 248 0 0 182 255 221 127 163 129 49
    98 208 173 0 0 255 167 159 72 159 255 142 76 255 10 0 255 106 0 39
    76 20 137 76 82 133 58 186 20 0 134 168 133 32 40 173 82 5 0 127 33
    101 46 252 95 51 125 128 44 255 238 239 101 44 152 255 20 255 255 31
    255 255 236 107 238 15 189 108 255 133 0 121 255 71 68 255 255 253
    255 113 255 147 35 91 110 141 0 220 255 195 100 253 255 110 20 143
    255 193 103 255 101 0 84 14 255 16 130 203 239 255 47 144 36 55 242
    237 233 234 154 14 0 53 193 196 190 0 255 254 75 125 49 255 223 142
    137 184 63 41 195 154 163 6 66 0 255 64 185 176 64 229 168 193 235
    255 17 210 243 0 0 40 107 0 89 98 146 221 0 194 65 246 255 0 255 255
    191 136 255 0 171 223 231 116 255 253 203 114 0 154 84 255 39 163 23
    59 169 216 19 255 91 230 255 0 0 159 255 173 149 181 67 255 255 0
    199 0 208 255 113 83 255 92 99 109 255 255 255 255 167 0 52 32 0 255
    255 249 72 0 255 255 0 0 50 0 0 0 214 130 214 103 39 147 0 241 237 0
    1 0 0 183 76 0 255 255 188 113 255 21 24 255 255 244 148 66 255 0 0
    106 47 255 55 0 77 255 14 0 199 255 0 0 134 36 55 255 0 44 255 203
    104 255 188 0 255 255 0 5 145 255 221 255 20 102 224 0 253 0 255 232
    30 224 0 239 53 15 198 145 33 229 0 214 255 156 49 169 70 107 11 57
    92 255 0 255 55 221 0 243 0 5 255 154 131 255 88 98 0 43 244 255 0
    165 82 99 255 15 0 239 48 232 255 181 125 191 255 0 160 255 0 134 0
    203 143 0 123 255 59 38 0 183 74 255 206 0 92 146 16 255 19 172 242
    255 200 59 0 255 100 141 0 0 0 138 80 237 218 253 144 0 43 79 166 64
    209 0 0 76 221 0 76 255 99 113 0 59 90 102 65 66 111 255 35 255 51
    217 123 107 255 185 255 107 71 64 39 255 0 144 23 255 112 0 201 108
    0 233 81 73 255 26 56 135 81 255 216 0 151 250 97 255 124 255 116 69
    255 177 32 245 255 174 20 227 0 0 0 212 99 196 130 167 52 225 123
    255 36 72 0 161 0 139 0 152 205 65 195 0 0 127 231 169 161 255 216
    81 118 30 76 134 255 0 255 58 63 0 167 14 255 146 150 0 178 255 0
    171 255 210 151 4 236 255 255 136 32 49 26 255 146 255 144 73 255 24
    255 255 250 9 130 0 104 250 203 93 11 191 0 136 133 255 0 245 70 0
    214 120 125 25 0 39 24 53 143 18 255 4 251 78 33 255 59 255 93 176
    74 0 7 0 255 255 207 62 255 248 0 6 168 0 0 36 156 227 0 70 255 91
    255 29 255 0 63 127 127 18 212 161 56 0 40 0 24 255 0 255 255 135
    197 73 227 107 0 147 62 235 56 93 43 0 200 105 102 63 20 166 0 255
    85 101 162 213 255 0 255 111 124 118 255 43 0 255 255 145 35 44 0
    255 118 255 125 255 255 210 224 0 84 214 218 111 184 255 255 147 0
    133 252 139 133 135 195 4 0 255 45 255 255 32 200 255 241 255 255
    139 55 40 15 255 250 57 255 0 183 205 0 255 0 24 214 0 201 165 0 0
    162 43 119 111 255 255 211 0 255 255 218 86 219 255 240 255 0 0 212
    149 38 80 92 52 0 102 54 255 35 0 0 0 13 34 239 0 46 0 255 241 164
    166 255 138 255 53 39 0 0 35 0 221 234 255 0 255 255 214 0 184 107
    161 254 255 0 238 0 13 114 138 68 109 255 175 67 78 111 255 37 227
    107 255 55 118 26 0 255 184 5 255 87 255 255 0 255 246 0 192 60 83
    101 255 0 23 30 255 199 26 0 0 255 255 144 203 217 0 255 231 241 154
    0 125 17 103 114 237 0 255 217 91 255 0 57 210 255 28 0 0 139 2 244
    36 11 83 255 0 90 95 198 0 255 255 255 128 255 0 0 234 218 60 232
    255 59 40 0 144 121 24 79 137 0 255 0 71 255 0 179 31 19 9 51 0 0 24
    0 249 24 145 226 255 163 255 255 35 0 241 0 40 107 208 121 255 99
    255 162 255 241 125 153 177 203 7 128 0 245 10 0 252 255 127 102 0
    227 92 63 25 0 0 164 107 0 255 0 250 109 154 255 136 75 205 136 76 0
    86 49 166 103 148 99 77 255 255 255 255 185 38 227 63 0 208 255 97
    255 0 242 74 184 0 238 135 157 255 128 50 0 157 255 52 152 153 233
    227 255 111 255 84 120 0 255 0 255 225 32 0 255 255 67 96 130 243
    255 67 76 241 0 92 255 23 196 113 133 55 175 0 97 1 0 41 33 44 186 0
    0 0 171 255 176 193 133 255 0 156 255 255 255 155 233 0 204 33 224
    97 255 234 255 102 180 0 88 217 16 51 255 135 117 165 14 95 33 165
    31 250 189 0 139 0 191 229 14 73 72 186 38 90 30 255 0 228 177 123
    255 245 183 255 165 74 232 157 86 184 70 110 223 255 52 13 199 88
    101 255 211 55 0 255 189 65 152 224 141 135 0 255 153 255 228 45 138
    189 0 255 32 114 170 0 130 167 0 206 249 143 110 246 185 89 131 1
    129 0 255 29 0 234 15 123 70 9 148 255 255 255 132 100 247 214 255 0
    214 255 255 107 94 225 0 255 91 249 59 53 150 5 193 0 255 255 68 255
    191 41 128 136 228 77 255 196 0 255 21 112 255 199 75 185 17 30 126
    94 146 0 255 0 44 0 145 0 30 241 255 255 78 220 255 255 176 249 255
    236 61 226 79 0 0 0 255 82 0 244 0 255 0 57 77 150 251 255 57 255 0
    228 126 141 247 226 77 0 9 0 255 0 255 120 64 0 228 0 220 96 24 0
    255 38 0 255 33 154 0 255 48 0 220 122 210 0 131 108 138 48 35 80
    255 133 119 39 172 133 0 0 0 117 197 255 0 255 255 0 0 255 48 154
    216 156 255 150 255 115 0 129 0 79 9 35 255 255 142 5 255 209 255
    203 101 0 188 0 0 51 255 255 90 207 0 255 0 255 91 255 255 255 192
    249 111 255 255 0 54 19 156 18 255 15 0 255 0 43 255 0 255 52 255
    255 0 21 143 113 232 198 0 105 0 0 166 132 5 0 215 141 161 0 75 255
    54 252 11 255 46 10 255 121 237 141 135 58 71 0 0 5 0 251 255 73 255
    0 255 166 0 14 168 139 255 0 98 255 76 200 255 255 121 171 239 82 0
    0 0 212 199 9 103 248 75 0 107 0 255 192 70 66 66 35 182 207 0 89 0
    230 255 0 94 241 0 150 223 0 191 221 15 130 255 0 136 0 3 0 0 80 138
    0 255 10 163 255 255 155 250 173 0 166 255 159 255 146 85 126 255 0
    25 68 0 134 0 240 60 91 67 229 255 68 183 91 220 255 255 255 133 142
    172 107 243 112 25 106 74 255 255 146 255 198 55 95 0 200 137 255 1
    215 120 48 137 0 36 254 41 203 157 0 15 228 65 0 42 195 248 167 0 0
    139 255 80 69 74 218 136 148 255 206 0 67 255 201 98 48 28 11 227 74
    73 225 186 175 131 226 133 219 0 50 27 53 0 86 167 254 109 2 42 180
    255 61 0 106 255 0 209 142 237 6 177 255 102 0 255 230 229 213 0 8
    49 0 78 20 61 255 66 118 255 12 151 255 255 57 0 237 194 0 73 200
    143 0 101 54 152 255 255 34 0 214 0 43 0 255 139 0 255 0 0 242 110
    255 255 195 255 116 153 255 212 31 255 111 255 225 218 0 255 2 0 95
    240 34 172 255 135 255 255 0 255 127 255 218 0 178 255 255 246 255
    202 146 53 67 238 53 54 235 73 0 18 255 10 209 209 25 78 191 242 255
    0 89 255 0 242 91 95 94 237 255 0 108 255 249 181 255 222 0 51 225
    123 255 0 91 122 241 0 49 203 0 255 133 69 4 117 0 56 0 113 0 121 18
    255 239 255 102 43 160 21 0 0 100 189 83 255 230 147 255 0 22 42 140
    71 223 255 0 29 243 34 0 0 0 7 2 49 130 255 232 174 224 193 166 214
    24 0 106 0 174 0 0 0 67 79 110 255 148 0 228 3 39 210 0 107 163 239
    176 216 228 69 127 255 114 255 255 255 0 33 38 109 99 0 0 42 255 66
    255 160 99 13 0 103 110 220 255 88 237 179 208 255 229 33 0 140 187
    12 255 125 48 194 51 0 57 113 59 0 38 65 255 186 179 255 80 73 171
    62 54 232 242 255 0 252 76 37 0 0 0 143 75 0 213 74 173 255 220 82 0
    251 193 255 0 0 65 178 205 164 0 221 104 125 183 85 112 187 0 255 7
    147 255 65 0 255 94 0 255 152 255 246 238 0 88 0 79 0 223 0 101 99
    168 255 222 35 166 255 118 255 101 188 0 0 0 0 228 241 0 42 72 104
    209 0 0 0 0 177 39 22 0 250 194 140 255 0 0 208 0 0 255 255 84 38 28
    135 207 71 255 255 5 0 0 255 33 112 249 71 0 11 0 224 133 156 255 0
    123 255 0 255 255 201 83 240 156 0 255 0 49 94 252 0 87 255 51 255
    85 7 255 135 184 128 109 133 119 255 255 244 115 79 24 0 0 0 211 255
    35 94 0 0 255 39 0 52 45 67 0 197 0 220 112 116 132 255 108 0 169
    182 128 15 114 43 0 213 255 145 215 0 59 0 190 186 20 133 18 6 142
    94 5 183 217 46 68 255 99 255 62 226 229 0 0 30 3 255 0 119 22 0 0 0
    255 38 73 255 14 0 5 255 48 0 0 18 255 255 0 255 216 127 49 112 255
    209 149 5 0 183 0 222 214 255 0 0 182 91 0 250 10 0 39 0 255 61 255
    1 115 253 159 10 255 225 12 255 23 255 121 28 217 255 255 122 255
    255 254 232 165 0 255 103 156 0 0 205 250 137 57 255 143 255 106 255
    255 86 128 0 95 42 150 70 128 255 125 41 141 196 16 62 0 9 39 255 49
    47 115 111 0 255 255 27 110 56 145 165 216 208 199 255 250 23 176 50
    0 0 26 180 255 255 43 37 31 9 0 0 255 49 0 255 199 204 62 255 255 46
    233 255 177 19 250 0 226 118 108 255 158 255 242 66 0 0 102 181 125
    149 76 253 207 157 0 255 174 0 90 255 94 17 57 182 212 110 40 0 249
    175 0 255 255 174 255 16 6 0 135 120 182 130 97 166 58 77 0 0 0 169
    0 17 147 255 75 246 255 0 177 26 105 0 81 36 34 255 154 237 255 0
    255 255 0 255 0 255 0 253 0 255 169 58 85 4 255 255 80 222 141 0 0
    84 23 0 0 33 31 231 0 18 255 0 0 193 52 175 57 232 61 255 125 171
    255 87 185 207 171 217 255 192 164 0 20 0 162 154 72 9 0 133 0 102
    255 61 255 26 255 0 255 143 115 54 9 255 66 122 71 65 184 0 230 102
    0 33 255 255 43 0 68 0 248 72 0 128 255 0 148 107 245 70 255 244 204
    255 39 87 130 194 142 0 152 79 245 249 28 39 0 0 0 0 255 255 27 255
    184 0 0 0 194 8 62 0 22 173 21 255 60 240 255 0 255 12 162 158 255
    126 98 14 0 121 198 0 100 255 163 89 194 26 0 255 157 223 150 255
    255 255 0 255 7 0 237 251 104 157 255 255 52 255 0 227 255 45 66 157
    102 246 0 211 255 0 129 5 0 24 222 253 0 220 216 255 17 191 176 255
    40 105 68 255 35 57 255 54 255 245 184 187 132 222 0 0 255 19 56 0
    94 0 255 75 0 55 212 83 255 0 196 137 247 204 255 82 74 255 255 65 0
    102 70 69 21 174 213 215 108 0 49 0 144 112 113 154 81 1 255 244 11
    58 34 250 0 161 93 192 155 235 17 0 59 66 131 255 222 243 54 230 0
    133 248 148 255 71 0 255 43 44 255 16 116 216 255 151 188 218 114
    197 255 57 231 49 86 0 52 0 255 34 214 20 233 41 68 122 34 255 0 42
    46 159 238 255 255 216 104 232 83 137 255 225 39 142 187 10 76 59
    193 255 150 0 0 197 12 241 142 59 255 13 216 255 168 47 228 69 74
    124 255 0 255 255 80 52 255 148 143 32 255 215 195 203 164 0 131 0
    110 115 0 246 52 255 58 169 110 4 52 235 176 149 153 47 0 223 0 255
    0 151 195 255 255 144 0 162 255 215 0 255 176 142 255 0 22 255 211
    49 64 255 116 0 50 96 130 0 0 255 120 30 0 2 0 58 255 255 255 40 93
    143 92 0 108 0 0 0 255 160 255 176 46 31 138 0 174 171 187 0 90 203
    97 28 155 0 9 77 0 255 0 204 171 17 255 119 244 167 154 6 212 89 182
    6 189 147 255 169 248 0 47 255 60 72 0 0 255 202 216 255 0 255 129
    131 255 53 255 0 120 209 230 234 233 0 30 188 223 255 110 255 0 15
    125 0 203 209 23 0 141 255 134 212 255 152 155 0 24 12 0 0 255 255
    255 255 188 23 21 153 14 182 255 3 255 114 255 48 122 255 141 0 255
    18 90 70 87 255 0 255 2 255 167 203 23 235 255 255 172 0 0 32 136 0
    157 255 142 255 255 255 180 142 0 150 255 255 61 148 255 74 173 22
    60 46 0 0 0 187 0 0 75 55 97 55 124 255 127 0 255 37 138 0 2 151 50
    39 0 255 0 157 138 17 223 0 221 3 0 48 134 0 73 0 255 0 201 105 144
    29 30 141 216 154 191 63 255 97 40 0 41 175 96 154 123 0 199 193 217
    11 0 200 13 88 70 127 153 251 0 89 105 0 88 0 149 255 50 209 223 203
    255 0 70 0 0 255 0 142 92 219 255 255 0 255 173 36 0 255 193 118 255
    171 189 255 190 46 0 0 255 0 255 25 228 255 0 144 133 5 16 0 228 0
    218 18 242 39 255 18 71 200 112 239 232 0 152 165 236 238 14 118 255
    156 255 255 0 255 255 244 255 255 64 188 143 194 255 57 148 35 255
    195 255 137 0 254 0 255 255 255 0 255 0 194 0 255 0 153 0 0 55 255
    255 204 11 236 97 175 32 0 34 116 0 0 249 255 60 0 100 5 219 0 0 222
    28 255 203 0 255 0 235 0 41 0 11 63 72 241 207 0 114 236 53 0 137
    214 255 3 135 222 12 33 34 0 172 126 255 255 108 255 255 76 96 0 168
    196 192 182 255 255 246 85 0 45 0 50 42 38 1 0 175 255 49 255 0 44
    72 125 255 86 144 0 0 73 188 255 161 0 181 13 60 152 76 0 255 83 40
    6 64 0 0 0 255 64 180 100 0 143 106 30 37 247 255 0 255 0 0 10 0 0
    255 182 114 255 255 0 0 0 137 167 0 37 32 0 98 80 255 222 39 255 81
    255 255 53 129 221 95 10 255 53 160 255 96 79 126 0 214 86 171 120
    255 255 204 255 88 45 255 36 255 101 214 174 221 114 42 173 192 155
    230 230 116 184 0 0 255 175 8 19 171 246 130 43 106 100 16 193 234
    232 255 108 184 161 195 53 171 90 121 230 255 158 56 255 247 223 112
    231 14 45 104 208 244 78 74 141 109 142 63 167 0 85 13 0 0 255 0 223
    102 156 233 0 119 0 212 255 227 58 73 0 0 248 226 255 122 132 116 76
    169 96 0 240 196 0 241 148 0 255 89 156 228 57 65 169 255 0 255 142
    0 255 0 255 24 236 78 167 150 122 194 180 255 58 132 212 196 0 239
    243 225 29 255 147 0 5 169 231 0 0 245 206 101 255 7 124 255 255 0 0
    226 255 177 0 255 255 0 103 116 255 189 74 185 1 95 68 59 161 145 0
    246 122 254 221 63 148 249 0 97 183 0 255 3 9 230 108 255 71 104 96
    0 155 0 0 0 205 0 71 255 175 170 236 0 0 86 183 231 255 45 92 254 32
    136 123 212 0 188 158 0 255 44 199 0 0 52 0 108 0 71 97 255 0 216 77
    9 57 196 44 255 0 46 238 43 0 16 255 0 123 40 128 33 97 255 73 255
    88 94 255 8 46 179 214 255 237 118 229 211 50 142 255 4 144 208 255
    0 85 255 255 78 182 255 5 255 217 177 0 208 255 0 207 0 64 166 255 0
    95 93 255 229 123 111 178 74 255 0 0 255 95 250 255 238 0 5 230 255
    0 198 122 240 55 0 0 103 0 255 229 149 255 0 123 71 255 0 255 0 0
    225 185 0 119 164 70 255 255 53 170 84 255 144 112 250 255 68 0 255
    157 170 57 146 255 0 62 74 77 74 230 11 211 149 0 2 0 0 190 25 9 132
    255 68 208 255 0 59 131 72 0 0 0 255 89 114 124 64 83 0 0 251 186
    240 38 0 107 255 43 94 51 110 206 101 61 119 90 246 124 238 232 255
    165 19 255 0 189 66 134 0 255 179 255 255 143 0 74 0 219 231 0 165
    33 0 255 19 255 156 255 39 255 8 0 0 0 11 27 253 255 191 196 186 0
    82 255 0 131 187 89 151 201 68 255 38 201 255 255 71 0 217 0 121 224
    156 208 255 255 255 40 255 235 0 0 118 50 0 255 98 232 66 255 255
    216 228 84 176 252 0 0 0 76 255 163 255 216 56 39 142 0 199 255 108
    23 206 52 161 255 192 101 251 0 255 0 89 116 248 0 255 217 0 255 53
    129 168 255 255 0 255 255 33 0 66 255 0 159 255 49 0 157 49 120 254
    240 188 220 246 65 0 154 250 52 0 50 255 5 237 147 0 255 61 194 35
    255 33 0 209 80 0 255 0 255 255 182 255 76 97 5 255 224 255 255 255
    0 163 119 0 193 206 76 255 136 255 106 246 121 131 99 42 181 56 75
    92 0 255 0 158 0 0 163 106 255 129 117 149 0 84 56 47 58 255 108 0
    249 243 109 0 92 255 50 177 174 255 112 0 235 255 232 78 15 255 21
    64 255 151 34 255 255 113 246 255 3 255 85 255 0 63 56 182 255 255
    255 88 224 255 2 25 153 255 208 59 0 101 211 0 35 189 223 0 159 255
    164 255 255 36 239 118 155 32 254 255 11 255 193 0 148 255 52 255
    255 255 25 221 186 0 255 242 0 255 63 255 76 73 0 173 255 0 152 125
    255 185 0 38 255 173 116 134 255 39 189 0 103 0 0 189 255 234 255
    255 141 255 255 254 229 0 69 0 187 37 0 73 241 167 34 43 223 30 233
    165 255 99 9 253 143 0 176 53 0 2 114 0 0 0 172 88 0 33 245 146 207
    255 35 248 0 84 0 255 73 0 0 0 0 244 0 22 0 0 120 35 255 62 14 0 255
    185 42 15 255 57 13 255 85 40 68 203 0 110 255 0 178 0 255 0 96 228
    243 255 176 204 0 255 168 32 69 33 255 34 96 130 77 227 38 0 232 89
    252 147 118 185 255 129 161 34 0 0 179 0 16 0 35 0 0 116 0 8 0 0 255
    247 195 98 249 188 223 113 208 41 0 255 0 108 110 207 128 132 211
    255 0 144 71 85 0 0 127 255 238 137 106 0 0 127 39 0 189 0 81 255
    130 91 190 127 208 78 206 177 255 164 66 213 255 181 0 0 0 219 163
    255 187 0 83 0 74 196 175 19 0 245 184 76 255 239 255 254 0 255 171
    255 0 84 255 0 211 24 22 141 0 217 22 152 146 74 255 65 0 183 8 0
    219 159 254 255 136 255 86 86 0 255 69 169 13 255 228 69 255 29 255
    136 155 121 255 25 138 0 120 187 88 0 213 72 228 0 255 51 0 255 255
    183 52 126 16 0 34 36 98 111 92 253 0 255 0 0 118 227 0 255 236 170
    24 0 83 93 46 132 3 180 224 0 171 255 251 93 2 13 255 94 49 0 97 0 0
    0 174 1 0 255 205 93 130 52 255 0 172 160 138 158 182 24 233 113 86
    122 177 0 0 215 0 255 255 189 0 17 0 0 255 255 255 75 97 161 255 0
    66 44 107 0 55 36 255 67 255 95 236 0 174 208 33 99 0 126 50 138 0
    68 79 0 255 69 0 225 255 0 198 0 0 0 0 214 243 211 126 111 28 117
    255 255 187 206 138 255 255 187 171 255 149 92 116 154 83 96 255 231
    131 255 0 126 16 44 0 255 125 140 101 0 136 36 255 0 235 255 78 255
    0 41 121 255 61 221 141 0 255 255 170 0 120 82 0 0 27 213 152 73 255
    255 14 27 157 66 144 0 255 0 76 18 255 255 0 255 255 158 0 193 0 65
    222 0 255 255 85 57 255 15 80 255 0 24 200 194 149 255 255 255 0 255
    157 0 98 255 0 162 250 168 32 158 37 214 255 132 74 255 43 0 121 255
    243 255 255 105 0 8 255 255 233 194 255 0 0 147 22 228 248 55 0 88 0
    253 238 217 255 0 0 139 162 255 0 44 255 234 255 0 234 255 0 1 138 0
    173 0 255 58 77 66 0 255 28 190 0 118 255 0 255 98 255 7 39 190 120
    0 0 0 255 255 157 202 15 182 0 169 230 75 234 218 0 185 18 18 6 255
    133 0 95 255 255 122 81 173 145 0 0 0 181 0 0 217 242 19 168 199 71
    0 41 255 83 5 116 152 0 128 159 0 50 64 178 118 228 205 103 179 0
    190 0 255 0 5 255 255 202 173 255 216 0 242 255 68 9 184 255 255 20
    0 63 49 0 0 200 255 0 190 165 97 160 228 0 255 40 0 255 104 221 255
    0 255 5 175 167 0 0 123 59 134 255 0 0 144 255 0 185 112 255 0 237
    255 183 0 162 134 50 244 0 255 112 244 91 255 226 0 255 0 0 156 250
    124 0 158 201 241 255 32 255 255 198 164 43 14 137 13 37 124 255 121
    171 185 236 255 97 255 77 251 81 255 4 161 8 72 0 38 0 0 51 171 213
    0 130 168 186 0 173 0 10 255 0 255 255 241 255 170 149 0 0 0 124 255
    70 0 255 132 21 246 0 117 255 111 147 0 255 88 230 185 0 100 0 0 255
    0 255 32 188 215 54 27 218 109 37 255 228 200 255 45 88 184 255 185
    126 255 255 72 13 251 255 182 196 0 197 255 92 0 0 0 196 253 117 255
    32 231 52 0 0 203 33 141 120 123 90 199 192 0 23 166 107 255 178 129
    46 255 7 255 69 103 197 186 193 0 255 255 0 186 210 182 77 177 26 0
    165 107 122 139 0 246 255 17 255 255 255 255 156 104 70 119 228 0 96
    196 0 0 18 0 110 128 255 0 255 103 241 228 141 147 0 119 7 161 255
    208 255 255 45 0 197 16 255 0 150 91 248 0 0 0 49 121 0 255 255 251
    233 204 231 44 255 44 255 255 0 95 80 0 60 116 174 255 168 255 255
    179 176 180 64 223 255 0 67 0 247 0 213 255 255 4 41 255 204 255 69
    161 90 39 255 158 255 48 72 254 243 0 80 255 42 33 127 1 227 15 255
    255 14 19 143 0 52 0 141 106 252 151 104 124 174 34 255 186 131 66 0
    18 3 255 0 137 0 142 255 255 255 255 255 255 16 0 0 220 237 215 0
    255 255 159 92 255 69 150 155 255 0 0 129 255 221 0 81 255 0 0 126 0
    83 27 212 187 189 0 255 255 120 201 195 160 173 48 0 8 0 234 255 0
    255 255 52 18 199 0 241 156 39 50 0 179 254 0 0 255 6 25 0 248 147
    255 186 0 65 255 172 189 220 255 255 73 255 255 167 255 110 0 255
    114 0 0 59 201 57 191 148 255 0 19 162 27 32 0 0 216 91 255 191 180
    0 5 7 0 0 156 22 159 248 0 137 0 88 247 91 249 255 0 250 168 21 0
    246 0 4 0 200 7 132 0 251 255 21 240 255 241 255 255 138 90 255 233
    111 192 0 82 255 38 0 164 255 185 255 255 0 218 164 255 142 0 255 5
    255 94 119 184 137 255 65 39 255 232 0 22 0 244 73 32 0 255 147 225
    0 208 197 5 255 18 255 153 255 0 114 0 197 255 121 24 0 176 248 255
    135 76 73 23 0 107 157 95 0 166 8 150 211 202 247 34 255 0 62 151 0
    247 255 255 15 211 255 169 255 255 0 168 247 0 0 240 74 163 186 0
    125 62 0 230 122 0 180 130 210 45 218 127 246 218 139 90 224 156 214
    47 193 3 255 116 0 102 56 217 0 206 168 255 0 0 0 245 118 0 120 30
    49 0 3 9 23 254 0 172 73 159 87 255 121 0 54 255 0 196 0 255 0 127
    255 6 255 190 41 123 41 189 66 255 114 165 96 253 0 143 150 80 111
    125 0 6 101 255 204 233 57 255 145 199 255 144 212 11 253 117 0 184
    155 101 0 45 80 0 55 105 255 0 106 156 255 255 255 255 40 180 84 175
    94 3 104 78 255 255 196 255 255 7 94 59 255 255 8 128 255 255 102
    225 219 37 213 255 175 127 91 10 28 255 252 11 0 41 255 193 255 25
    255 48 83 255 238 77 71 255 178 255 0 80 169 255 0 255 238 0 143 201
    119 133 0 144 0 0 216 255 189 91 4 255 79 213 205 135 61 255 255 198
    255 216 0 25 80 201 217 171 3 248 0 195 136 16 255 255 255 201 23
    255 255 0 17 48 69 94 43 0 255 177 0 126 242 0 20 255 0 229 16 255
    84 252 0 0 0 233 255 246 26 53 110 255 74 73 20 219 126 255 255 119
    74 9 248 0 0 229 190 0 124 23 255 82 0 0 75 255 208 255 127 0 11 255
    30 233 173 226 255 244 0 98 176 157 174 54 4 0 153 255 255 10 109
    150 144 255 120 72 49 255 163 0 14 0 0 0 118 147 255 134 97 153 107
    0 12 255 168 191 217 224 255 0 252 0 241 80 255 0 0 167 159 232 106
    63 115 0 174 168 7 0 59 0 0 255 127 201 255 24 255 169 220 115 83
    255 167 153 184 62 242 0 0 0 103 0 218 255 0 0 0 0 255 255 0 227 255
    15 228 0 191 48 12 0 122 125 162 235 165 76 255 189 255 0 118 255 34
    39 175 192 179 245 108 78 255 189 151 0 244 0 129 72 135 113 0 27
    249 255 119 220 0 20 0 93 226 59 32 27 204 255 131 0 0 191 255 170
    166 231 113 201 156 241 4 255 63 0 202 255 97 172 89 0 0 92 110 173
    7 255 34 205 15 114 0 182 79 2 49 115 96 126 24 21 0 255 0 179 255 0
    78 172 171 170 179 255 73 204 0 255 255 0 255 236 24 198 54 255 158
    0 124 27 0 218 90 255 0 6 0 32 255 253 0 33 84 255 68 18 0 255 180
    19 64 0 255 76 229 87 0 207 164 0 0 146 255 108 255 26 154 240 184 0
    16 187 183 194 103 11 195 75 159 244 255 227 223 139 193 206 0 232
    72 188 255 255 255 7 255 238 25 238 255 0 110 152 255 120 193 27 197
    0 0 255 179 215 163 215 203 115 0 223 0 255 185 204 107 17 247 93
    255 202 17 253 56 82 255 0 26 96 40 72 86 8 255 25 229 236 57 60 255
    208 0 49 255 0 255 255 246 255 255 34 173 255 0 245 255 143 114 255
    255 231 69 255 0 0 38 125 0 181 183 232 75 255 85 255 0 188 213 67
    255 255 178 255 131 255 41 189 165 20 5 0 135 0 144 162 255 92 17
    255 152 114 221 0 178 98 255 38 254 134 59 14 255 255 255 240 107 0
    193 0 255 0 255 255 9 255 252 255 0 0 0 85 83 255 255 30 64 155 204
    38 2 0 0 0 7 24 255 222 0 232 5 25 234 77 0 165 87 230 94 118 100
    241 255 146 255 255 255 133 0 68 255 255 255 40 187 255 0 0 255 0
    145 255 0 2 54 0 130 88 255 246 195 97 255 228 245 178 255 255 231
    204 255 95 98 140 169 0 255 0 255 50 0 189 255 32 103 127 53 0 3 255
    51 191 0 255 5 136 113 172 255 0 19 255 0 18 189 135 0 255 201 220
    222 13 191 248 237 228 139 93 7 255 147 74 255 228 106 72 6 31 65
    255 190 53 255 0 250 27 49 75 255 28 0 253 134 255 0 255 97 0 174
    182 142 249 65 218 255 0 97 83 255 255 132 92 92 29 255 21 192 106
    26 255 174 246 0 0 96 140 215 0 0 39 38 0 108 226 255 161 15 208 121
    0 61 52 176 23 53 136 235 43 255 125 97 0 255 255 64 255 255 186 73
    195 0 155 255 109 131 56 197 0 255 207 87 0 197 0 189 255 255 85 0
    255 255 3 194 255 241 242 255 255 0 73 187 251 253 255 113 255 194
    150 137 26 83 34 87 255 130 201 75 0 158 0 89 0 58 126 237 17 199
    129 32 67 167 144 253 10 161 217 45 169 243 0 232 105 0 140 144 0 0
    166 101 165 255 36 22 87 87 23 50 244 0 255 237 86 172 255 92 209 0
    255 197 193 0 255 20 0 255 87 255 40 255 255 120 42 214 255 170 255
    21 255 170 248 0 0 111 37 97 0 164 0 246 79 33 0 232 155 255 255 255
    55 176 255 129 96 255 113 255 0 90 255 255 64 148 145 46 202 251 57
    115 0 118 0 221 250 21 244 86 0 145 241 0 0 215 64 0 255 197 0 228
    255 248 0 59 255 138 42 128 142 56 94 255 123 73 255 255 37 0 28 164
    0 221 193 9 52 0 255 120 240 71 73 0 255 255 0 255 188 230 255 255
    255 242 0 51 128 255 23 255 181 47 196 0 111 0 239 212 0 255 148 255
    93 0 255 190 0 32 164 0 214 0 255 255 144 95 150 255 17 0 81 129 149
    39 0 123 56 255 155 255 0 0 255 129 0 2 96 40 5 0 255 255 62 113 198
    24 19 12 255 49 123 255 211 255 187 255 27 255 20 253 0 0 0 156 0
    166 113 216 50 19 146 255 255 179 19 215 141 93 224 147 79 223 254
    209 255 14 255 186 255 48 0 120 122 0 0 139 61 0 0 210 255 0 255 82
    93 131 1 0 118 0 204 255 255 172 255 57 173 179 255 44 31 192 0 61 0
    41 140 255 0 0 206 250 102 0 255 9 23 255 145 181 0 154 220 0 4 237
    32 68 101 89 0 255 64 255 0 168 91 233 255 81 192 0 82 11 89 235 179
    0 56 144 255 0 229 211 243 67 255 217 0 255 140 0 158 255 4 48 252
    38 3 255 71 0 134 255 67 255 0 233 0 218 49 191 0 110 0 101 32 0 176
    6 252 0 51 255 75 255 121 30 73 0 142 229 192 170 47 255 72 251 0 27
    255 0 0 0 56 174 255 100 230 108 0 163 0 251 34 66 229 0 81 105 252
    11 212 0 255 31 0 0 255 128 0 58 39 74 186 87 162 51 0 101 255 0 0
    255 0 57 93 113 23 155 242 194 174 73 179 0 134 96 188 234 248 48 0
    255 246 253 158 185 0 95 146 176 129 43 163 0 2 0 0 182 86 18 0 106
    96 77 249 0 139 168 255 19 251 147 0 171 253 110 255 72 255 205 91
    128 77 115 0 180 13 203 229 255 156 33 149 88 97 43 0 255 255 82 222
    159 25 15 0 99 72 32 12 163 231 249 255 0 255 255 94 255 92 0 0 60
    198 255 0 255 0 122 193 0 0 255 0 0 172 0 155 174 69 79 2 214 176 73
    112 12 20 232 111 130 234 90 0 0 0 57 0 255 82 182 125 235 161 64 0
    0 91 255 21 255 185 255 5 0 78 139 162 68 255 255 255 0 0 210 105
    255 234 209 54 148 250 0 0 216 122 172 39 0 236 98 29 217 255 255
    201 0 253 255 30 0 255 43 194 255 255 201 154 125 0 255 0 255 0 35
    24 250 255 223 111 255 122 98 46 204 25 25 116 255 0 201 8 196 142
    209 54 255 0 255 0 38 51 234 0 52 255 30 0 0 90 115 0 221 157 0 200
    255 42 134 46 142 0 212 66 131 255 0 101 53 110 255 143 255 187 0
    255 255 211 39 255 0 72 45 101 201 211 255 145 0 110 0 0 255 0 0 0
    34 38 255 110 86 255 255 84 25 255 93 241 153 75 245 255 0 157 172
    31 121 224 6 0 125 78 255 255 247 129 0 0 255 29 79 0 194 0 242 58
    241 198 0 79 93 41 0 255 102 255 105 0 255 255 122 181 0 247 73 0 94
    8 190 40 255 138 178 0 148 161 173 255 0 203 6 86 0 221 194 0 51 255
    53 0 227 157 255 28 24 117 255 167 208 89 255 0 0 145 0 159 252 78
    218 0 49 243 241 139 0 29 255 78 199 0 0 245 255 49 202 60 36 0 55 0
    0 1 0 0 138 0 255 255 76 221 225 0 255 251 213 59 130 255 188 0 255
    239 0 151 80 80 36 0 14 155 113 0 222 38 255 57 45 183 108 255 255
    95 56 11 0 0 158 0 140 0 0 255 236 68 0 20 71 255 234 31 109 50 178
    2 255 124 242 246 198 111 188 13 179 102 0 70 0 0 134 92 243 255 181
    0 0 190 220 255 73 118 0 192 113 0 158 230 26 0 92 0 166 255 0 0 168
    237 191 80 255 62 0 74 0 158 229 89 50 0 252 250 22 255 255 255 181
    255 48 24 33 156 0 191 89 0 86 255 255 0 100 23 146 101 0 0 164 68
    255 241 0 17 0 0 160 56 140 255 242 85 95 43 0 11 89 238 0 255 255
    255 161 11 0 21 165 231 0 255 236 167 108 209 255 0 255 246 96 137
    160 141 0 205 36 255 0 74 0 24 0 0 68 21 0 202 198 255 255 255 0 245
    241 18 19 104 19 36 230 145 255 255 199 0 154 146 41 0 255 69 38 53
    255 250 0 165 255 88 255 4 243 35 80 255 8 240 74 142 100 255 21 210
    173 0 131 224 255 155 145 255 0 69 0 207 0 19 239 43 20 43 119 208 0
    88 146 192 0 0 0 255 255 119 255 73 84 67 255 87 136 170 0 255 255
    255 230 8 0 1 0 139 237 183 146 1 252 0 144 224 90 235 117 255 255
    70 200 144 255 132 96 255 255 100 255 235 255 255 123 248 176 115 11
    224 194 99 255 0 255 0 3 28 19 255 124 0 217 255 255 22 158 154 17 0
    184 185 154 255 153 0 0 133 109 255 0 255 85 172 47 216 173 0 0 255
    19 49 34 69 243 0 73 155 255 122 67 0 77 139 154 156 255 0 197 0 117
    0 0 255 125 187 195 236 255 172 255 73 255 250 158 175 255 119 167
    59 211 143 32 254 135 0 255 210 0 255 27 198 255 133 0 118 14 7 9
    121 71 55 188 245 29 219 107 0 251 43 0 0 194 95 86 4 201 255 193
    237 255 224 219 233 201 0 86 90 141 197 0 0 42 238 123 10 0 74 112
    36 0 255 177 198 0 255 189 208 255 58 206 0 84 173 112 118 124 255 0
    2 77 62 255 19 63 255 0 191 33 20 194 228 35 255 0 210 0 0 86 62 255
    214 255 101 44 19 235 73 0 255 26 46 0 17 250 0 208 129 205 127 0 81
    53 0 206 247 153 0 0 199 0 39 137 0 130 43 0 181 22 255 93 255 0 47
    255 0 255 175 20 25 0 255 255 8 111 170 0 53 226 255 0 255 111 105
    90 9 202 255 206 0 154 210 140 0 255 229 51 252 12 97 0 248 255 0
    249 255 30 161 10 178 0 163 9 235 255 255 0 148 0 91 183 49 0 0 0 41
    63 0 255 159 255 150 150 255 132 68 255 184 54 60 193 193 255 88 36
    0 58 38 0 255 104 216 156 81 218 132 0 22 170 255 0 82 0 58 255 149
    0 255 255 255 164 255 118 102 124 196 0 0 133 103 0 0 78 250 21 255
    89 180 135 255 40 0 255 167 255 255 185 217 19 148 139 222 185 169
    95 0 95 202 67 6 62 174 82 4 179 131 0 255 163 66 133 243 89 233 255
    255 85 4 23 15 140 0 9 242 3 0 182 75 190 255 117 168 223 0 0 158
    163 0 255 0 153 0 228 205 0 234 159 246 102 0 23 251 227 0 0 40 0 10
    0 0 34 5 255 0 235 253 227 62 230 0 250 190 167 225 111 179 255 0 0
    0 255 255 0 69 255 217 230 163 180 159 209 8 212 205 255 255 0 247
    29 0 141 150 114 64 0 82 111 255 0 128 0 255 255 3 255 86 213 49 227
    140 255 255 111 255 0 191 174 157 110 114 47 239 0 185 0 45 0 47 0 0
    249 252 0 5 182 0 84 0 255 0 96 255 255 0 116 255 81 80 5 42 167 0
    41 255 0 0 91 255 70 0 215 73 94 113 30 255 0 0 189 135 206 157 95
    201 241 45 251 0 255 0 0 26 71 195 255 255 13 0 0 255 94 82 4 0 255
    21 0 219 138 0 255 0 114 200 0 85 28 87 179 157 155 255 63 72 161
    255 255 255 169 64 16 54 0 175 255 110 43 255 49 236 0 0 111 88 185
    27 110 148 209 145 210 255 78 76 109 255 0 76 212 0 255 0 255 232 36
    255 153 0 19 255 129 58 251 147 198 51 165 249 190 213 0 0 255 0 102
    255 243 247 197 3 66 0 170 60 255 219 34 213 0 124 215 255 115 0 8
    121 239 111 232 188 39 0 182 154 89 44 47 0 0 242 0 0 194 220 91 0
    255 65 156 201 50 223 255 0 0 145 13 206 97 0 255 255 20 0 255 201
    96 255 0 220 120 176 255 13 0 106 49 255 62 190 193 0 56 141 0 137 0
    99 255 0 255 62 134 0 255 255 0 174 255 207 0 158 80 5 51 20 108 0 0
    0 45 231 187 0 100 61 0 214 0 72 9 101 60 0 0 107 255 39 154 198 0
    255 94 71 3 6 255 0 0 255 255 228 174 169 0 118 145 255 92 143 5 134
    0 207 255 14 0 2 7 223 136 255 34 54 24 115 255 75 255 255 0 255 75
    161 255 10 249 0 255 255 84 71 198 0 124 255 6 255 255 186 0 144 50
    0 0 255 237 194 248 0 53 255 54 186 0 255 237 142 0 0 0 52 255 255 0
    0 255 255 0 255 23 245 59 0 0 63 125 0 229 239 148 193 255 98 74 40
    28 255 93 254 32 186 233 34 205 125 130 95 0 67 255 255 255 0 255 0
    255 95 51 255 80 0 55 255 255 23 139 120 0 0 167 237 0 212 243 124
    255 255 255 170 255 226 255 0 194 67 255 255 0 225 255 255 86 37 0
    248 48 91 167 116 105 255 120 255 0 15 255 13 220 0 164 159 93 9 161
    92 255 255 255 255 11 255 255 141 11 176 255 165 143 0 255 149 11
    191 255 0 23 155 96 217 255 176 0 102 255 52 72 24 255 219 86 64 225
    0 0 255 0 255 132 0 244 255 99 0 18 131 41 200 112 165 255 217 77
    135 98 142 113 158 33 164 0 63 15 33 190 100 83 210 0 84 27 181 0
    145 14 85 161 0 255 94 81 237 41 255 252 218 241 169 255 29 231 0 0
    255 94 236 131 0 73 2 0 234 165 255 255 255 154 255 149 58 0 88 255
    255 214 0 0 0 219 109 204 25 66 255 0 171 0 89 93 1 255 184 244 71 0
    183 255 96 177 255 211 0 85 255 255 170 115 254 150 120 0 161 73 9
    255 221 255 141 216 2 172 94 0 255 255 0 121 157 113 0 21 201 0 231
    220 255 245 0 189 0 255 0 0 244 255 0 255 233 255 201 99 155 170 255
    17 255 48 255 255 44 79 0 0 0 144 0 92 148 0 17 0 0 135 79 255 255
    153 255 255 209 212 209 239 0 247 51 0 0 114 255 255 241 185 175 255
    255 0 72 255 126 33 235 165 251 57 106 116 46 59 255 90 255 151 255
    249 255 197 189 255 198 71 225 255 255 255 155 0 0 242 131 4 123 177
    75 229 0 0 13 255 192 171 255 246 0 247 199 176 134 202 0 78 219 0
    255 22 0 236 111 55 103 255 255 180 255 255 156 182 136 0 105 0 255
    134 0 255 65 255 0 210 154 194 255 171 176 255 84 0 255 0 26 152 255
    247 0 255 151 166 74 86 84 255 110 95 165 40 104 28 8 0 249 111 176
    87 0 49 127 23 0 255 163 11 0 191 166 0 0 255 199 230 186 255 226
    255 190 0 112 100 220 244 255 34 218 91 217 220 255 217 143 255 75
    255 196 243 255 255 107 255 70 180 39 141 70 199 255 45 255 94 0 75
    68 173 0 217 0 0 5 0 154 251 211 63 166 0 255 0 249 52 226 64 132 90
    202 82 226 133 32 0 226 184 142 255 158 77 154 166 165 0 89 255 0 0
    0 0 255 165 255 178 145 162 226 168 25 41 0 109 215 164 165 0 0 255
    255 127 0 152 0 255 99 255 149 180 51 204 22 94 210 158 189 255 255
    4 34 255 131 0 167 255 0 154 244 223 122 0 0 166 255 220 145 0 192 0
    113 0 255 187 69 144 38 38 246 255 37 0 84 172 163 0 130 0 36 204
    184 0 207 56 0 200 109 255 192 125 1 166 42 87 0 170 133 0 0 255 52
    0 170 255 251 0 0 0 144 234 147 186 0 126 0 254 97 0 255 63 112 177
    168 255 208 157 160 0 255 54 0 29 0 180 82 249 0 243 66 0 0 91 219
    228 0 84 255 126 235 111 255 28 207 0 152 78 228 62 255 113 255 171
    119 151 189 255 173 247 119 237 255 0 0 23 10 255 0 0 46 18 255 36
    252 143 255 0 8 0 255 255 40 59 134 219 104 179 0 99 136 180 0 42
    177 247 217 255 255 66 0 87 0 0 91 247 255 0 78 255 0 92 188 56 220
    23 220 0 25 175 144 0 255 14 41 215 209 255 6 255 122 0 210 139 0
    201 0 255 0 9 92 138 255 191 255 9 91 255 255 255 0 255 255 57 101
    255 146 229 120 223 111 59 54 255 255 255 255 162 0 167 0 0 197 199
    130 255 22 198 255 216 255 110 199 0 253 163 170 255 100 34 209 37
    216 0 165 193 187 216 88 23 246 91 255 87 215 226 148 185 0 255 240
    169 96 159 50 90 0 197 31 136 94 255 255 87 82 255 253 0 225 255 219
    0 97 255 255 117 173 201 40 209 255 251 0 108 155 4 73 11 138 112 47
    160 19 86 255 211 33 60 0 246 0 89 235 109 251 76 195 70 255 0 0 255
    255 150 236 23 239 155 26 255 94 154 255 91 77 0 255 76 0 5 96 0 65
    253 72 115 39 193 2 46 0 157 0 0 138 47 255 149 255 18 41 41 255 159
    15 255 255 236 233 255 192 214 255 40 0 219 77 212 246 154 194 56 54
    11 2 124 0 220 37 21 255 167 91 74 16 255 65 255 187 180 84 0 103
    255 0 64 255 163 192 28 0 124 89 234 59 69 103 0 0 0 0 72 230 74 160
    0 249 205 147 101 108 0 0 0 85 16 115 0 212 117 140 191 255 109 87
    115 71 176 36 255 71 0 73 0 255 0 246 255 68 0 255 147 250 255 81
    196 76 18 254 141 0 120 0 90 255 255 179 75 208 106 109 250 213 143
    89 29 100 187 255 239 83 137 255 139 8 155 235 255 103 255 255 174
    255 221 27 119 255 6 10 0 0 0 56 89 25 198 216 4 63 239 26 148 0 218
    17 33 133 96 20 255 69 56 255 0 141 197 237 170 191 0 255 239 221
    255 162 247 92 84 252 0 5 146 71 0 134 255 88 93 108 0 255 1 151 11
    70 127 255 170 69 110 0 255 255 179 142 0 21 0 26 15 0 255 255 167
    130 0 255 0 0 24 33 149 80 79 255 255 10 0 0 116 0 74 255 111 255
    211 138 255 25 172 255 127 187 230 132 255 46 255 4 0 167 108 55 255
    255 222 0 98 187 255 104 0 0 255 255 180 1 249 149 0 255 0 83 255
    255 81 0 71 103 0 0 239 102 0 255 10 174 211 34 151 0 56 255 132 255
    0 165 57 84 207 114 229 25 0 207 255 162 0 255 181 255 0 100 0 255
    156 255 94 101 164 0 118 255 48 46 251 27 73 53 55 0 0 48 6 15 0 249
    24 80 76 0 59 255 105 127 255 255 255 110 196 255 237 76 0 0 131 206
    167 228 255 186 66 229 255 126 5 82 255 171 246 255 197 0 255 28 81
    127 168 131 211 167 255 70 0 0 0 255 255 88 0 255 74 0 6 171 5 12
    244 100 0 255 102 199 86 230 255 212 123 0 0 58 255 0 255 99 255 98
    0 159 26 201 229 96 139 255 121 75 129 0 193 61 191 41 153 23 87 104
    0 255 25 0 142 119 0 77 184 148 215 173 255 255 35 255 215 190 215
    255 149 192 67 247 235 69 90 155 137 255 102 224 191 236 0 0 255 133
    255 136 0 222 86 46 255 187 0 25 116 194 164 0 91 255 29 230 125 255
    255 0 35 50 147 37 0 0 126 255 0 119 0 249 211 134 23 0 229 255 255
    0 139 255 171 28 255 219 204 152 126 0 33 134 255 174 203 171 52 157
    99 220 255 19 255 0 253 255 252 41 255 145 255 0 253 21 144 178 141
    187 249 24 87 144 0 41 253 127 106 229 130 255 107 255 0 28 255 0 0
    145 255 177 0 132 91 255 255 114 255 200 127 255 12 255 0 255 77 244
    110 64 255 237 11 184 251 92 192 0 46 184 241 40 0 185 236 22 255 38
    255 81 255 0 148 255 97 255 241 152 0 78 139 56 0 0 25 191 0 4 255
    255 0 255 251 48 120 58 28 45 255 255 230 34 44 36 159 255 0 0 111 0
    187 51 249 1 255 124 122 109 110 0 68 0 0 0 255 199 49 255 255 7 30
    0 255 255 0 60 135 20 0 19 179 231 0 26 180 10 0 150 255 23 181 145
    38 245 41 52 255 255 255 23 255 53 255 105 240 223 0 187 0 154 75 0
    136 167 25 137 97 55 255 255 250 213 0 196 19 0 255 84 151 255 0 238
    103 0 104 213 0 53 255 255 96 214 0 0 4 196 232 30 0 171 179 255 39
    233 5 255 70 0 0 255 154 255 158 0 215 18 0 237 22 217 201 213 228
    246 212 32 0 3 19 0 0 0 1 7 114 84 63 255 255 255 0 99 0 0 127 0 0 0
    0 255 255 227 16 43 96 24 0 255 30 255 153 190 192 255 146 255 155
    243 255 58 195 29 210 70 255 251 0 122 231 255 255 0 255 152 0 0 51
    244 0 221 0 0 99 39 180 255 255 211 142 30 33 90 255 255 255 4 0 48
    0 101 61 238 86 25 64 85 0 31 0 239 56 155 101 105 125 8 144 124 192
    0 0 255 255 0 0 80 73 230 0 60 96 82 0 0 255 104 232 98 255 239 236
    255 39 83 255 29 36 71 208 54 229 255 16 135 71 0 42 70 245 157 255
    78 99 185 255 181 0 198 198 0 166 14 0 150 0 123 198 255 129 255 212
    206 110 14 0 108 25 240 0 0 226 0 255 255 255 151 198 0 0 162 169
    109 157 0 0 255 14 119 255 248 7 163 156 185 15 237 71 138 0 0 255
    57 255 197 0 255 161 63 255 75 0 0 0 215 0 242 218 255 247 79 57 252
    255 23 158 224 220 218 136 255 255 0 0 25 72 68 0 255 181 0 122 255
    62 184 255 0 93 255 157 16 237 77 0 193 54 170 0 92 137 0 117 83 179
    255 209 255 3 255 61 0 183 0 58 51 128 171 255 0 0 27 172 161 79 255
    181 150 58 153 73 235 17 66 173 0 164 189 255 255 255 255 181 88 0
    247 87 186 61 113 255 178 134 255 71 255 210 198 80 0 249 60 0 0 187
    224 0 255 255 148 97 0 144 0 227 190 20 255 0 167 184 241 255 191
    255 0 99 131 255 255 189 7 74 0 0 255 37 226 195 0 15 0 17 219 255
    123 0 158 255 21 72 104 147 191 255 255 197 0 255 0 80 232 72 255 1
    167 215 255 94 255 149 114 46 52 255 255 255 226 245 165 24 239 60
    137 79 255 94 174 209 255 71 16 96 139 21 0 255 190 111 138 221 57 0
    118 0 34 255 109 76 255 0 178 255 255 160 230 0 219 0 209 68 255 123
    86 56 236 166 202 0 3 74 0 255 255 10 163 254 0 255 192 22 49 59 79
    255 154 133 32 165 204 0 134 0 0 0 0 211 0 246 6 78 0 242 117 170
    255 13 111 160 76 169 125 255 210 205 213 64 0 0 180 0 255 255 0 255
    6 161 255 171 140 221 41 45 0 132 0 255 84 214 59 100 105 174 148 0
    54 135 0 255 0 239 49 0 5 0 83 97 255 100 157 255 89 247 255 252 149
    204 158 42 107 0 187 236 254 193 28 116 66 0 0 113 115 0 101 105 0 0
    191 42 0 5 237 122 143 246 7 0 0 0 9 35 81 5 207 215 255 92 65 217
    255 64 197 68 255 66 187 47 31 195 0 178 255 211 0 0 255 250 0 0 86
    108 184 247 226 154 4 255 122 0 0 238 141 255 255 0 255 220 255 159
    255 255 58 255 81 47 170 0 146 131 4 186 255 0 11 213 122 0 165 53 0
    244 99 255 101 119 0 0 222 255 145 0 255 255 75 255 0 0 255 43 0 33
    0 155 255 255 228 255 0 229 0 91 207 255 255 21 255 163 138 116 0
    255 217 192 175 111 0 53 184 5 230 213 163 255 53 255 45 245 144 121
    2 77 166 177 38 159 0 255 50 0 250 255 250 255 38 255 168 85 255 0
    166 255 227 255 205 16 179 255 127 255 46 196 137 181 194 0 255 0 0
    255 0 249 196 0 120 51 99 91 255 99 255 27 212 0 223 120 14 126 129
    88 175 0 147 59 255 31 191 188 65 96 255 0 0 23 110 255 255 255 248
    197 255 69 192 85 255 255 0 189 121 64 111 79 121 255 255 34 255 208
    58 14 39 75 0 0 192 0 183 34 33 52 210 98 187 41 115 194 254 6 0 0
    170 44 78 255 24 63 88 255 22 255 255 212 166 0 253 245 83 167 164 0
    0 180 181 0 255 255 215 139 255 183 255 212 135 255 75 73 44 112 91
    108 0 169 183 252 179 0 213 0 114 255 80 255 40 16 154 0 0 156 41 0
    180 43 255 108 96 14 175 134 147 244 122 0 118 255 220 0 91 0 120 22
    0 0 185 233 29 36 185 0 88 186 56 31 255 150 101 255 48 53 0 139 134
    0 35 0 76 120 255 3 129 157 0 97 179 16 0 54 53 141 88 12 255 255 0
    255 255 221 125 255 71 144 204 173 0 0 8 0 187 0 255 255 0 238 98 51
    0 206 64 212 0 198 255 0 0 126 147 70 190 228 255 158 0 0 0 234 187
    100 255 255 20 253 255 255 255 33 8 0 203 54 0 170 167 210 65 144 35
    0 0 0 67 52 129 0 96 255 109 0 255 92 216 135 123 234 68 15 211 56
    198 188 226 122 192 72 241 122 226 0 186 0 0 0 0 114 0 159 148 137
    255 255 98 0 3 255 0 143 119 173 0 43 0 223 255 194 255 0 29 34 55
    65 0 58 255 87 199 0 205 216 16 0 255 203 0 138 0 55 0 255 137 255 0
    255 152 211 0 82 91 78 255 69 121 47 138 227 19 0 65 43 255 121 255
    255 160 69 236 155 0 186 255 155 221 255 255 0 255 0 183 185 0 209 0
    106 123 0 108 114 67 255 5 89 173 229 225 16 238 255 255 158 176 216
    184 34 255 0 34 255 25 255 0 255 84 196 169 162 66 147 109 217 68
    255 0 0 66 255 151 255 255 255 245 173 58 209 202 100 117 75 255 255
    0 135 186 149 194 255 255 53 216 209 0 192 205 44 172 99 173 0 0 35
    132 0 174 21 201 179 255 127 242 255 56 255 255 28 0 105 146 250 0
    175 1 255 8 230 111 0 255 0 91 203 24 255 0 150 129 217 205 216 17 0
    199 91 79 102 0 43 194 255 51 234 232 255 0 127 255 145 167 75 118
    145 214 104 11 0 162 0 138 0 161 57 0 156 90 255 255 0 189 38 255
    147 218 255 78 27 204 197 2 19 130 0 48 255 91 90 254 32 0 166 255
    255 201 176 228 224 153 255 47 168 0 135 0 0 0 230 0 255 78 15 175
    137 255 227 0 46 176 30 5 255 158 97 255 255 0 255 31 152 253 203
    255 114 55 255 185 0 56 255 0 38 0 0 175 0 255 0 243 228 0 123 242
    181 252 85 245 248 0 255 85 0 0 214 133 0 255 250 5 184 10 0 37 0 0
    117 0 255 0 255 242 78 18 255 0 67 200 255 242 255 255 17 237 0 54
    137 255 124 70 0 81 140 0 153 0 255 255 151 86 191 92 255 255 18 223
    0 255 37 23 233 0 57 152 52 111 0 138 5 210 233 73 0 0 243 115 59 0
    255 182 247 226 255 64 255 132 0 255 255 208 44 255 62 0 197 0 7 180
    65 37 110 0 156 64 0 255 227 255 232 146 0 0 0 0 0 205 255 49 255
    125 255 255 255 245 164 226 221 255 93 245 177 0 0 223 0 122 1 165
    147 255 113 0 255 116 0 0 143 255 68 68 188 255 0 0 22 155 226 191 0
    26 255 0 17 24 36 0 0 0 28 143 112 230 255 36 219 191 255 118 231
    154 156 81 54 0 215 13 255 201 255 0 221 0 0 255 0 0 0 0 206 104 161
    6 255 0 75 0 109 0 111 255 109 255 0 2 26 45 0 255 0 255 0 227 76
    100 75 0 133 48 217 47 102 251 121 226 0 0 0 205 164 85 106 30 255
    255 255 114 10 255 0 0 78 124 220 0 70 255 184 146 154 0 0 255 101
    111 255 155 143 224 120 0 94 0 251 0 0 97 241 0 0 0 38 2 60 255 145
    0 255 233 140 0 237 255 0 23 172 122 255 193 255 0 252 193 27 7 100
    255 255 250 108 88 0 0 0 255 197 0 185 0 175 157 234 255 186 150 101
    0 219 124 0 141 255 104 119 215 0 255 0 138 29 255 66 210 118 0 195
    243 0 162 79 0 74 255 0 76 219 255 255 0 227 1 206 217 230 27 235
    255 91 87 0 40 145 255 195 183 128 237 220 148 255 205 255 21 255
    255 178 52 80 85 0 5 233 30 221 164 58 0 173 44 62 0 0 196 211 0 90
    139 23 0 9 126 111 0 0 20 226 0 168 0 0 255 11 255 255 255 188 201
    134 255 0 10 95 255 84 255 87 255 255 255 255 64 255 255 122 120 76
    140 0 177 255 106 25 196 255 255 10 37 136 198 19 255 7 42 181 255
    215 0 49 189 225 255 95 255 170 202 64 255 141 62 255 255 94 242 152
    4 0 255 242 255 124 189 6 255 0 1 255 0 0 1 255 76 7 75 139 165 255
    136 239 168 0 129 216 0 0 255 255 33 253 255 255 139 0 61 100 182
    192 194 105 168 0 173 23 98 125 255 197 249 178 0 235 255 94 232 0 0
    101 255 255 255 0 255 7 0 255 253 112 241 255 116 0 169 216 255 0
    255 0 255 39 192 244 213 0 108 52 167 255 6 255 0 207 202 255 228 0
    184 0 0 232 136 141 255 48 0 40 0 159 19 171 78 0 255 197 160 62 56
    166 0 130 254 103 202 148 159 0 99 255 229 43 255 73 148 0 4 71 84
    235 79 0 200 15 63 178 224 218 0 211 46 224 30 103 207 96 49 185 171
    181 0 64 255 51 202 255 0 0 242 255 0 70 255 255 164 46 255 252 73 0
    30 23 0 89 255 182 89 158 253 0 255 218 201 178 181 255 0 93 5 0 255
    155 0 255 0 0 147 255 0 255 197 167 255 255 0 0 99 0 0 124 244 52
    111 247 93 121 73 255 50 0 163 0 191 187 180 231 79 166 85 0 255 239
    229 55 168 171 0 237 28 61 27 255 161 172 125 44 0 220 0 255 255 158
    255 81 206 0 176 255 204 195 47 255 122 112 255 0 255 255 145 76 255
    146 0 255 7 255 255 34 255 129 13 5 0 0 171 0 202 0 0 198 31 0 2 13
    0 0 187 221 99 106 0 255 51 245 0 255 229 173 225 224 255 255 44 21
    255 45 0 95 35 78 255 155 0 0 222 255 255 0 254 255 142 34 13 162 0
    31 121 0 119 45 135 255 71 82 11 152 0 41 0 0 206 255 0 10 187 151 0
    255 114 151 255 79 174 152 123 25 3 242 0 255 19 0 255 0 255 245 219
    178 246 255 0 81 255 174 167 187 193 255 28 139 164 69 162 65 11 0
    106 255 127 225 111 149 218 165 255 160 255 0 255 50 132 126 151 0
    128 94 255 54 192 200 138 134 0 136 146 166 0 1 50 244 64 109 240
    120 249 206 255 213 37 0 43 248 195 255 140 91 12 167 255 72 13 75
    184 255 132 0 0 164 213 135 76 169 255 136 103 71 44 0 255 0 255 255
    16 255 243 255 0 0 31 217 105 52 255 40 0 129 185 0 157 157 68 169
    84 211 176 45 0 76 255 0 245 103 0 129 255 0 206 0 0 169 71 255 250
    30 252 89 0 0 19 191 41 0 232 255 37 42 255 0 179 50 188 48 19 255
    127 255 112 250 255 0 255 255 255 87 180 174 173 238 88 1 51 215 166
    187 124 35 123 40 12 0 0 174 0 251 142 253 0 56 195 69 231 255 164
    165 233 5 35 24 47 82 255 201 175 251 217 0 5 0 172 0 41 159 238 255
    255 255 255 0 255 255 226 255 0 255 0 184 133 38 49 79 156 190 94
    210 102 180 47 0 255 111 255 255 188 66 0 9 0 255 222 27 122 0 249
    201 0 14 0 179 140 25 81 0 116 0 255 255 166 0 41 56 255 214 224 255
    0 0 0 72 0 52 55 255 109 167 157 137 0 176 99 46 255 147 92 254 59
    194 0 255 0 152 104 0 15 136 29 255 255 61 135 89 75 144 255 0 255 0
    255 255 0 255 36 190 247 144 119 43 0 0 0 87 120 0 255 180 110 227
    231 0 74 0 82 0 215 26 138 154 255 0 0 255 255 0 87 165 252 107 255
    255 26 0 255 0 98 130 255 20 255 40 0 109 125 68 235 114 132 76 238
    0 0 247 0 177 70 0 255 0 0 0 0 213 255 233 119 255 247 53 255 184
    168 5 47 84 25 219 50 0 114 91 0 0 0 50 231 153 163 36 58 88 127 255
    175 0 190 255 213 127 0 20 21 102 11 121 227 0 185 132 168 0 102 98
    255 233 190 206 0 0 72 160 124 0 80 0 66 121 149 0 0 21 189 33 255 0
    0 97 255 162 255 126 116 140 255 33 180 0 209 0 0 0 184 248 135 140
    255 168 234 255 255 107 0 231 219 0 204 255 0 0 255 185 59 208 142
    193 0 138 197 156 4 9 255 118 0 101 155 137 255 0 0 117 187 6 0 115
    0 255 251 111 202 52 11 71 0 241 115 0 152 0 133 179 146 246 255 126
    55 249 209 0 255 7 0 0 167 222 143 255 25 255 71 195 188 0 102 45
    255 157 0 150 255 19 120 255 255 255 0 238 0 161 251 145 255 255 235
    255 103 107 230 255 255 74 230 0 255 106 185 0 0 122 176 14 255 209
    0 5 44 255 92 160 255 126 217 0 0 65 255 255 59 0 150 66 255 255 151
    113 13 242 41 207 255 104 217 0 138 129 146 99 83 229 0 54 0 178 51
    42 254 66 0 49 24 89 255 170 104 12 169 182 205 237 168 189 63 255
    147 255 0 255 0 46 0 151 100 104 255 0 210 219 0 255 67 12 255 58
    255 187 255 0 0 36 255 203 0 22 47 15 13 0 119 2 0 255 113 255 255
    54 126 190 187 122 41 0 255 30 255 184 135 0 99 0 88 255 255 255 81
    144 171 148 46 139 10 98 229 135 255 0 211 255 144 255 223 255 255
    40 13 216 0 0 184 0 20 255 13 0 164 143 0 255 235 137 254 30 156 23
    121 108 255 177 99 245 0 255 61 88 217 23 146 125 255 10 76 138 255
    0 223 255 70 255 45 0 0 255 0 255 151 115 219 2 201 112 255 166 247
    255 219 255 132 151 27 255 255 152 255 0 222 255 0 255 197 0 189 0 0
    24 0 31 174 2 255 241 221 0 117 36 114 0 26 107 71 0 255 255 97 98 0
    194 255 0 255 173 0 172 49 0 141 0 202 255 174 255 0 174 28 0 187
    171 23 181 0 250 75 103 245 57 143 220 255 0 0 255 255 93 255 255
    226 220 32 107 67 0 255 226 129 106 0 101 87 0 19 171 255 246 146
    255 0 27 110 0 255 4 175 0 0 61 125 177 255 113 0 122 255 189 255
    209 55 15 0 169 172 255 255 66 72 255 152 87 144 0 172 245 188 121
    255 107 96 37 0 0 0 255 186 255 157 255 105 46 215 110 0 30 19 0 220
    65 0 154 205 171 116 0 55 24 255 50 245 255 184 91 36 255 0 13 255
    187 23 212 255 0 28 54 96 164 0 255 5 140 255 230 0 122 54 60 255 63
    0 133 0 114 0 234 255 255 241 33 0 211 205 0 219 255 94 5 221 240
    186 123 58 92 190 137 125 160 124 180 255 255 255 214 159 6 215 255
    106 53 255 0 54 0 0 0 0 0 255 59 255 43 195 96 96 0 233 122 107 240
    255 0 179 13 210 31 255 255 12 255 154 250 146 72 0 48 0 29 19 0 250
    0 54 217 255 255 255 236 255 210 200 0 130 121 0 255 155 0 208 221
    222 255 0 243 255 63 94 0 255 143 9 255 109 18 234 73 190 0 12 255
    107 0 41 243 0 94 48 52 255 150 0 122 0 97 247 0 0 255 72 228 232
    255 0 255 182 14 177 255 0 246 0 251 255 0 255 255 0 237 255 52 0
    255 255 102 0 0 133 105 107 0 119 224 251 255 30 255 7 0 0 122 255
    60 0 200 97 215 255 123 0 255 126 255 39 27 19 80 255 40 255 214 173
    255 231 255 29 19 255 0 187 0 0 0 0 0 55 255 170 255 232 14 57 144
    255 255 158 90 128 24 238 255 171 128 120 141 255 0 0 40 229 223 156
    255 0 23 25 66 0 186 228 210 216 255 0 22 4 97 12 255 255 37 188 17
    0 14 155 255 144 190 0 46 0 0 172 255 128 0 255 33 255 255 255 0 0
    42 82 157 75 255 251 255 129 193 123 0 0 234 124 215 255 211 0 98 0
    22 54 164 238 149 199 0 255 0 79 168 179 59 245 239 239 116 55 255
    255 36 146 255 58 106 255 255 0 54 97 185 18 0 255 157 200 29 0 183
    255 2 0 190 255 0 125 0 0 140 0 235 215 225 0 232 63 0 255 132 0 56
    93 90 0 110 0 13 0 31 255 255 23 0 49 56 255 0 168 135 84 0 196 166
    0 0 255 48 198 0 0 145 139 0 56 147 255 133 21 255 255 64 180 146 0
    0 255 159 255 255 0 1 21 255 0 63 205 172 170 20 68 161 25 255 0 24
    148 139 106 255 0 247 138 0 255 255 139 47 0 0 102 0 255 158 255 97
    22 255 52 255 255 255 30 255 73 205 218 25 254 86 90 0 205 146 132
    146 115 225 255 255 74 21 64 245 169 251 205 21 243 255 159 2 227
    255 15 59 104 10 50 247 154 119 0 69 255 0 89 197 124 255 55 17 192
    169 0 81 255 27 110 120 56 0 255 203 0 9 147 87 154 134 52 0 255 46
    0 0 89 0 0 105 104 255 100 0 255 0 255 178 255 0 43 255 180 6 97 132
    99 255 255 255 225 220 0 0 66 107 136 63 87 255 33 228 255 0 62 0
    119 0 255 5 0 29 129 11 7 99 89 95 5 255 199 81 255 74 118 0 71 0
    170 253 0 243 0 213 44 255 236 55 144 255 135 189 48 229 85 38 255
    239 148 78 22 105 0 0 201 0 115 211 18 254 57 187 105 234 175 255
    255 252 60 255 245 2 233 69 14 0 171 97 0 6 240 57 19 200 255 174
    154 255 89 0 124 0 66 255 88 0 220 126 179 0 221 0 99 0 135 79 81
    165 35 4 255 22 255 77 0 255 62 205 255 0 255 255 0 255 72 73 177 0
    116 223 115 255 50 255 87 0 0 38 78 89 134 23 255 106 253 255 255
    202 19 255 255 255 255 255 0 63 76 0 66 0 255 145 148 136 0 154 196
    124 106 255 143 75 255 186 255 255 69 75 177 148 255 0 0 230 151 160
    118 240 255 72 0 255 204 38 83 28 0 130 238 0 2 185 255 0 80 253 0
    83 201 160 36 32 101 187 255 0 255 238 0 210 0 255 255 176 38 125
    135 230 134 255 95 0 255 58 21 255 46 80 230 222 39 178 113 55 69
    255 255 21 255 0 122 194 182 227 220 16 255 7 78 17 255 175 158 238
    94 0 0 0 136 131 165 0 165 171 0 183 75 225 157 202 255 255 255 124
    0 255 191 0 157 255 150 87 253 48 201 0 255 149 165 255 255 255 255
    0 0 234 229 206 0 172 17 127 0 255 221 255 140 255 255 0 181 72 66
    255 0 251 255 130 142 255 255 0 0 77 0 146 211 0 15 255 191 8 0 0
    158 255 77 127 119 236 0 255 0 124 72 0 246 212 255 255 188 226 23
    255 36 103 0 210 221 255 0 223 126 11 173 255 255 171 255 237 23 255
    252 231 171 115 100 18 0 255 0 67 255 0 150 255 132 90 83 12 68 0
    253 131 255 0 239 57 101 95 0 0 255 233 17 182 0 0 0 0 238 152 168 0
    87 242 0 255 142 173 167 55 51 161 237 255 27 90 185 243 100 74 142
    0 0 170 255 255 103 228 108 0 255 93 249 255 1 0 170 172 255 76 151
    132 255 255 20 0 255 244 113 0 13 59 200 247 175 185 0 0 203 8 87 26
    101 162 145 110 175 255 95 250 31 53 199 108 57 224 104 203 85 160
    20 7 225 228 107 255 173 195 6 0 20 0 45 0 255 47 0 201 255 0 255
    132 92 190 215 134 70 0 246 0 142 159 40 130 124 0 11 248 0 198 75
    177 164 119 60 101 68 11 255 6 255 207 0 12 60 176 129 0 177 47 22 0
    255 49 0 178 220 189 255 255 232 255 116 202 22 0 211 0 0 17 83 229
    78 223 0 0 0 0 255 255 255 126 0 69 245 145 255 0 156 94 215 32 159
    64 175 152 219 0 0 8 65 248 0 249 23 255 233 41 41 0 0 0 138 255 0 0
    156 215 224 0 7 255 243 0 31 168 0 0 218 188 255 134 255 160 255 152
    243 49 159 2 0 15 255 255 192 255 195 170 130 202 255 200 110 0 56
    91 135 255 0 253 217 0 0 0 255 255 236 0 144 77 131 21 0 210 16 194
    0 0 191 255 134 255 109 74 249 26 126 151 164 127 255 255 0 198 255
    112 0 173 170 1 0 155 255 255 255 167 254 237 0 229 51 60 33 112 255
    53 154 69 255 255 46 255 255 0 124 255 9 174 56 0 195 0 152 146 48
    107 0 113 20 171 12 39 124 182 9 0 120 121 89 166 232 227 255 255 54
    9 198 0 54 36 2 0 0 255 156 154 50 246 37 109 255 65 0 244 78 255 0
    125 241 176 4 198 243 126 101 236 0 43 39 89 77 255 255 14 97 225
    247 185 255 0 155 0 189 170 0 255 255 0 0 216 128 94 52 197 112 255
    0 0 101 176 235 0 0 44 173 71 26 255 255 255 44 255 20 144 0 35 12
    60 181 255 120 65 25 148 64 181 0 2 149 255 0 209 0 255 255 255 207
    19 255 255 0 84 162 174 15 19 255 255 145 82 84 210 255 226 255 255
    226 213 143 68 214 0 228 129 8 0 0 131 34 90 0 173 0 107 0 13 8 77
    24 0 219 255 91 255 152 0 157 224 0 31 221 0 113 5 200 0 255 255 255
    255 255 255 58 140 239 72 160 0 89 255 255 252 83 253 208 34 44 28
    255 0 255 57 0 255 76 232 230 201 103 255 255 0 143 125 0 160 243
    255 102 0 121 120 71 84 0 44 239 163 40 135 141 49 122 27 174 248 0
    255 0 0 0 0 76 0 79 0 255 109 0 137 53 101 187 255 64 244 114 54 255
    0 158 56 255 153 255 255 66 138 125 139 42 169 255 0 10 159 255 171
    128 255 27 50 255 0 0 255 0 0 125 208 0 12 255 92 148 83 75 176 255
    0 203 176 199 0 0 255 197 73 186 190 180 0 255 3 81 234 214 107 255
    41 182 181 255 0 0 137 0 0 198 226 233 0 255 0 0 255 255 80 44 235
    70 175 236 245 165 253 170 0 143 179 0 178 38 12 40 148 60 86 63 33
    128 247 255 188 255 255 237 188 240 0 0 17 195 0 153 255 80 95 213
    167 0 0 0 0 108 255 169 131 46 207 224 219 70 165 65 204 255 255 145
    255 227 255 255 170 14 0 241 16 0 142 255 102 255 46 0 252 0 0 224
    61 205 0 0 230 160 255 88 161 206 174 0 158 110 66 47 255 255 4 255
    0 255 28 190 99 76 0 80 255 49 50 214 0 69 7 255 0 0 255 255 79 0 0
    255 169 101 144 163 0 255 35 129 196 255 51 0 255 45 0 115 255 255
    255 255 8 228 0 0 255 0 113 84 0 140 117 0 255 105 246 183 255 255 0
    255 255 252 31 255 240 0 104 122 123 255 19 231 50 239 0 255 24 70
    38 0 0 41 108 0 255 255 255 160 179 255 57 0 54 144 0 78 104 196 153
    139 92 156 44 240 255 0 112 255 127 124 137 0 154 239 82 47 0 255 38
    0 0 103 187 220 157 214 0 24 154 211 102 196 198 133 0 0 133 219 0
    31 0 255 239 255 20 82 255 64 219 0 0 231 206 190 255 15 255 255 168
    179 136 72 206 255 107 233 155 255 254 233 6 72 154 0 255 0 134 0 0
    255 131 0 0 61 205 255 255 245 255 25 146 169 185 0 132 0 3 171 255
    45 62 195 31 0 0 255 19 255 216 31 255 255 0 194 255 255 243 87 152
    56 211 255 0 254 255 0 201 255 159 255 0 254 195 0 255 200 163 255
    91 115 33 101 102 255 110 38 252 0 147 255 136 93 255 116 146 255
    246 65 120 141 0 130 123 0 67 0 164 96 236 255 0 196 0 11 0 94 141 0
    74 255 255 255 0 18 54 153 255 246 255 161 247 245 223 0 48 255 213
    73 252 129 80 68 36 255 255 239 231 229 101 196 33 46 111 127 117 0
    214 160 255 172 0 102 5 0 251 0 0 142 169 168 59 0 118 255 8 0 183
    146 100 236 0 47 55 255 184 76 35 112 170 78 255 33 12 255 229 0 255
    111 255 234 163 69 113 0 255 0 63 33 209 238 255 124 125 255 255 60
    207 112 0 4 210 0 247 3 255 111 20 255 83 101 255 206 236 255 255 68
    51 255 55 173 104 13 0 37 144 186 0 241 214 31 158 94 251 194 255
    176 92 121 248 249 172 225 225 5 18 107 22 128 49 139 255 0 125 0 0
    123 255 135 255 191 168 222 157 67 70 216 107 119 255 7 44 142 21 55
    78 26 255 194 47 76 0 0 39 179 57 255 11 103 73 255 0 197 255 255
    129 255 170 174 255 225 115 251 255 116 153 255 0 71 203 71 208 84 0
    56 255 229 236 218 43 91 177 172 120 0 167 255 50 255 28 197 0 26 96
    82 142 184 19 0 0 255 147 243 169 7 55 175 66 0 0 147 255 136 159 26
    107 255 128 91 232 255 0 220 255 78 0 255 255 71 228 0 16 255 74 239
    255 255 255 255 229 255 0 169 255 138 0 193 127 230 223 0 255 133 0
    206 0 0 145 150 3 0 93 244 0 0 255 131 32 41 187 219 204 255 0 255
    169 41 230 92 211 203 184 255 0 195 108 150 0 255 166 233 0 133 255
    0 0 144 255 161 79 229 255 0 3 126 73 203 234 0 22 53 138 168 170 0
    144 213 0 238 71 0 253 0 0 0 129 0 199 255 66 174 99 176 194 94 33
    186 221 253 154 151 40 65 0 29 183 255 243 0 255 0 0 236 255 69 230
    0 50 131 0 19 197 18 191 255 103 184 255 133 255 0 0 75 207 255 23 0
    144 255 210 121 204 85 0 0 19 0 30 0 255 0 142 255 0 139 172 185 60
    195 153 132 200 255 192 179 179 232 0 74 40 203 255 211 224 0 147
    239 194 24 175 142 33 33 0 76 205 133 255 80 251 0 165 126 0 0 25 51
    0 23 255 150 196 119 178 107 0 166 255 152 255 167 246 255 255 255 0
    255 70 154 157 96 238 185 185 95 255 190 141 0 255 0 0 105 20 171
    209 201 255 70 240 149 107 255 113 208 225 84 48 122 49 0 119 197
    237 0 255 255 255 70 77 0 100 136 198 149 219 64 16 255 252 140 0 0
    98 97 194 45 251 251 50 107 0 255 255 97 0 101 153 0 82 202 255 249
    211 0 29 0 60 38 201 168 237 255 58 0 235 37 0 129 201 151 86 255
    255 0 207 81 255 255 3 255 255 215 246 93 0 54 225 255 255 54 171
    144 24 43 225 152 36 210 0 219 146 0 111 213 0 255 0 68 0 255 39 0 0
    5 30 255 0 7 0 10 84 137 139 255 110 16 249 41 16 0 105 197 0 213
    152 202 147 231 255 182 221 0 81 219 255 242 117 255 192 185 0 197
    199 171 255 25 255 255 255 120 255 14 55 22 179 247 19 25 0 79 255 0
    0 29 255 27 0 186 99 255 84 255 58 37 146 0 0 90 0 0 36 78 42 255
    101 0 0 21 78 0 212 172 213 200 95 203 7 255 0 0 243 152 0 136 0 115
    0 126 255 178 246 98 206 0 255 195 116 255 0 46 207 255 188 0 0 173
    55 95 248 255 47 0 190 210 90 197 255 211 255 134 0 200 218 160 163
    23 21 255 91 0 35 0 190 134 255 105 58 153 0 0 0 0 0 72 7 44 165 0
    64 251 0 0 155 0 0 51 0 0 62 241 255 106 205 248 52 35 67 30 255 152
    0 235 255 145 2 0 15 106 255 58 125 0 145 255 110 133 191 254 56 0
    184 247 255 100 165 43 68 255 39 112 255 157 208 152 0 255 26 217 10
    255 0 7 113 201 185 0 255 47 149 152 0 255 0 200 0 0 21 212 158 63 0
    155 199 175 255 0 103 255 0 90 0 13 168 255 141 138 220 0 186 0 190
    0 255 65 255 0 158 185 0 255 106 149 120 71 80 255 77 60 255 0 66 36
    84 255 225 255 50 222 0 0 255 237 162 104 198 205 0 255 105 49 85 43
    0 244 69 88 83 136 255 102 219 133 78 0 222 0 142 245 116 180 160
    156 89 155 255 18 0 37 12 132 255 63 205 202 9 0 248 246 205 119 82
    255 65 255 211 35 42 68 74 255 233 126 90 255 73 255 0 173 25 0 89 0
    74 34 255 178 255 245 0 255 183 38 48 140 17 98 152 131 8 68 4 0 153
    251 150 80 194 255 47 105 26 255 255 0 0 0 160 0 127 120 0 0 255 118
    255 255 0 102 255 202 136 232 0 219 203 49 193 255 255 123 255 243
    18 87 187 209 255 192 0 26 211 99 105 241 0 106 0 73 123 66 0 255
    255 159 37 62 3 45 121 255 167 132 222 255 247 86 254 36 218 163 211
    171 213 59 108 255 255 255 231 53 209 255 147 50 193 58 208 155 6 68
    244 125 139 0 255 255 0 255 212 0 163 108 255 39 255 0 74 242 171 0
    0 0 0 255 255 189 244 189 250 0 98 255 255 248 110 255 0 124 0 30
    255 180 255 11 60 220 0 89 0 58 252 254 0 82 36 110 165 19 213 205
    95 61 155 146 0 255 139 0 0 0 18 230 159 65 96 101 84 201 191 255
    255 255 179 0 0 0 2 185 20 0 0 0 64 144 220 0 100 48 66 172 80 235
    255 231 255 51 130 254 218 0 9 255 0 255 25 0 255 0 0 200 131 0 174
    145 0 191 255 149 129 222 255 77 84 177 181 244 0 197 159 21 0 135 0
    57 63 0 53 192 58 255 6 154 0 159 255 122 0 10 255 59 255 175 57 248
    238 0 0 31 253 94 17 255 8 105 39 0 0 255 108 31 0 164 80 196 255
    162 81 26 190 146 196 25 255 0 162 162 76 0 94 70 255 0 23 123 250
    255 255 157 255 124 20 3 222 127 54 180 255 182 255 40 78 255 0 128
    240 2 0 229 234 255 26 0 255 94 184 73 0 0 13 27 20 175 153 0 218 63
    170 194 109 255 134 180 111 0 122 107 24 254 81 197 66 0 108 135 0 0
    239 0 103 212 243 255 255 212 255 228 47 191 0 0 0 255 136 66 0 115
    198 48 78 242 255 0 42 255 0 199 0 71 255 255 255 84 0 255 53 187
    255 174 91 92 171 134 0 255 166 0 57 155 220 255 92 45 223 111 255
    122 0 24 238 45 240 255 255 128 123 139 0 0 36 255 37 32 255 239 213
    0 72 0 80 255 255 0 137 255 239 148 0 174 255 0 8 6 0 211 181 255
    255 76 255 255 46 216 0 247 201 68 96 202 78 0 255 0 252 171 255 108
    255 237 208 36 255 0 235 255 0 0 183 99 11 0 82 225 45 0 255 153 136
    255 12 196 255 255 255 115 145 255 0 255 54 0 11 8 1 117 90 255 0
    255 172 197 27 49 97 26 0 150 0 255 70 126 94 245 27 35 0 115 222 45
    0 255 168 0 255 206 0 78 255 53 255 116 255 55 10 29 27 164 0 255
    201 190 68 59 255 0 103 66 0 234 0 99 0 88 60 85 16 77 0 180 255 79
    115 25 0 255 236 150 130 151 240 176 155 0 0 18 241 253 0 0 64 206
    255 86 85 14 177 255 155 255 108 178 92 255 81 152 83 64 255 0 177
    211 160 0 255 234 0 54 76 32 43 98 176 0 150 255 251 97 244 0 114 0
    237 148 71 249 32 113 0 255 112 189 204 205 0 217 153 41 255 68 81 0
    176 0 255 255 164 92 0 0 255 0 255 104 0 232 0 245 77 51 52 132 255
    255 160 136 0 138 0 107 240 88 251 226 0 0 242 177 210 132 157 30
    145 0 221 110 82 44 255 3 113 5 169 0 0 85 255 93 30 38 2 64 255 86
    0 123 0 116 254 86 0 255 77 135 151 29 144 193 0 255 37 255 255 0
    184 89 39 208 0 255 255 64 118 0 255 174 98 198 154 186 42 0 0 255
    31 20 77 54 199 59 0 246 255 99 51 89 20 177 0 14 10 124 157 197 96
    251 114 133 154 251 249 0 255 162 0 22 0 240 70 0 255 28 22 0 194 77
    255 99 186 6 52 255 255 220 185 29 150 24 63 0 0 3 0 255 0 224 134
    138 2 132 105 74 255 189 255 0 0 102 198 255 255 212 250 255 255 0
    98 176 38 221 75 172 165 82 83 19 60 102 102 0 219 194 10 255 0 0 30
    0 71 181 255 0 0 149 255 225 50 255 247 175 255 255 40 69 255 41 239
    68 151 35 21 88 197 12 185 230 195 33 234 7 255 255 140 112 18 167
    240 55 255 153 255 255 40 0 222 117 97 126 160 151 121 18 218 113 0
    0 86 142 10 171 255 0 239 245 155 59 78 0 255 0 148 255 0 145 15 231
    13 242 231 0 0 220 39 203 255 255 97 42 185 202 255 218 82 96 0 196
    0 64 128 195 251 191 22 255 178 255 35 127 255 59 255 255 255 120 0
    64 148 0 179 0 244 0 0 112 116 44 0 153 0 0 255 0 254 0 0 122 162
    105 69 255 145 74 0 239 36 208 84 0 137 0 139 0 167 129 0 210 73 242
    191 0 255 0 228 185 101 0 255 255 155 0 124 131 255 201 192 254 52
    32 146 46 255 134 209 98 0 141 71 0 234 40 199 20 8 67 119 0 6 126 0
    43 255 255 18 134 191 0 180 24 0 187 115 0 0 122 255 0 255 0 158 15
    0 109 217 0 215 174 41 97 166 203 0 51 241 228 71 224 0 37 103 153
    16 175 12 255 245 255 0 29 255 132 172 10 255 255 67 0 81 0 0 79 255
    182 112 66 97 9 255 255 31 164 22 42 255 172 153 7 49 134 255 123 57
    120 0 255 255 0 0 0 255 0 161 244 84 184 255 255 255 201 118 179 0
    68 205 79 0 14 0 0 197 29 255 62 216 72 255 29 48 164 133 18 255 0
    255 71 219 252 16 169 188 168 62 0 99 0 255 0 143 77 255 254 113 0
    38 42 181 255 145 236 212 0 68 98 200 255 0 255 255 142 255 146 0
    174 212 0 88 132 178 30 0 0 181 153 224 255 55 114 24 197 255 85 231
    37 215 255 27 41 55 211 18 34 0 0 216 44 0 0 230 134 77 157 82 198
    255 0 212 0 0 255 10 255 255 0 194 255 0 0 155 65 2 255 0 71 204 8
    100 229 126 255 87 213 151 109 255 0 237 241 255 255 231 0 23 255 0
    111 156 254 185 127 215 126 51 200 170 0 0 229 0 214 14 238 80 0 235
    61 47 88 196 255 52 34 0 105 201 72 207 124 255 255 57 131 3 157 0
    99 129 0 21 0 0 255 0 178 112 194 246 105 185 255 216 255 6 231 189
    206 2 244 118 22 255 52 178 75 0 242 255 221 0 0 0 53 178 81 157 255
    255 255 71 203 180 178 112 0 255 56 0 129 213 39 106 103 228 108 87
    0 123 0 39 0 102 10 255 255 221 255 113 255 0 121 218 0 255 255 0
    108 255 115 103 255 238 47 181 234 46 69 176 123 221 166 17 80 0 255
    71 255 218 0 0 187 50 14 222 202 255 86 184 87 53 0 100 255 158 231
    0 25 201 0 249 92 8 224 144 125 255 245 84 0 142 101 255 0 0 167 0
    255 106 245 0 0 36 200 0 189 160 0 238 37 0 255 78 156 255 0 32 255
    151 57 45 255 28 255 15 216 255 255 113 160 21 95 46 172 0 220 56 0
    5 0 35 75 20 197 236 255 102 246 131 184 255 216 0 255 234 127 0 225
    49 255 0 255 174 0 149 41 255 101 42 42 0 39 0 255 79 137 0 255 172
    61 65 96 0 255 33 60 64 167 131 255 177 84 231 155 0 224 29 200 255
    76 255 255 0 0 110 41 187 243 235 204 247 247 235 2 0 245 0 15 87
    223 18 185 155 231 0 68 0 147 0 0 255 0 0 0 248 22 190 70 107 42 0 0
    255 111 122 180 255 226 0 245 167 177 128 255 32 0 11 19 210 9 161
    49 2 255 255 0 231 174 221 172 88 255 158 78 0 31 143 124 204 42 0
    111 100 218 255 26 56 255 101 156 255 255 0 120 186 210 249 164 156
    21 71 78 0 112 112 255 0 255 222 242 253 23 255 152 121 129 226 0
    182 255 61 255 9 0 255 199 182 255 176 74 191 164 244 36 0 255 255
    255 255 255 0 255 141 255 5 92 59 162 0 219 0 48 101 0 62 110 89 28
    11 128 0 161 253 174 125 60 197 176 87 255 255 184 54 136 92 133 255
    83 5 255 157 65 61 73 255 191 202 0 255 42 101 255 0 154 255 56 245
    109 135 195 127 8 161 210 255 101 0 255 255 0 122 32 81 255 49 255
    143 0 0 184 13 0 0 50 0 255 236 24 255 255 255 91 12 0 160 48 143 0
    0 46 0 225 0 155 255 129 11 0 58 142 183 255 132 0 255 103 255 229
    195 18 234 157 255 154 4 222 181 219 255 120 131 184 43 5 170 255
    255 174 160 128 2 203 0 173 0 0 0 101 255 125 225 86 53 186 0 178
    255 103 219 255 122 85 119 255 149 0 0 128 8 25 234 255 139 0 98 0 0
    94 255 150 0 84 255 52 163 255 223 2 255 34 255 178 32 169 255 45
    116 255 51 255 218 71 49 126 119 252 255 79 0 255 64 117 237 233 255
    9 108 66 0 69 60 0 0 255 67 11 142 81 202 0 155 250 0 87 255 99 0 21
    255 170 0 255 255 255 26 255 255 0 255 138 135 0 35 129 242 147 101
    255 255 255 115 14 255 155 0 235 0 255 255 167 19 0 193 61 164 1 230
    255 0 17 4 85 0 2 255 255 254 188 133 113 88 20 255 147 0 78 0 150
    146 226 255 80 160 161 152 115 0 255 109 255 123 255 38 255 75 153
    39 0 204 255 255 0 238 77 255 142 52 238 19 26 155 168 0 255 158 255
    247 34 135 41 187 76 255 211 89 28 255 142 200 0 41 186 0 63 0 255
    125 177 173 0 169 196 0 0 0 103 255 255 9 108 0 39 199 255 131 62
    166 142 182 0 0 73 0 88 181 0 154 176 193 255 0 178 238 31 15 111
    226 0 0 52 231 212 0 38 92 160 88 0 241 69 253 141 120 191 0 246 39
    136 0 152 219 9 38 138 0 85 216 0 255 216 0 1 190 153 131 25 27 57
    39 255 74 153 110 255 255 0 123 0 229 224 255 235 0 0 121 127 179 69
    83 226 67 0 255 124 54 255 133 32 18 255 38 221 0 200 43 255 118 180
    207 19 120 202 135 175 184 0 255 220 94 38 0 0 255 34 40 188 244 18
    30 238 125 13 178 140 255 104 255 20 69 7 255 0 255 66 179 190 0 185
    149 0 255 216 153 255 178 93 64 179 218 27 142 255 30 153 229 179 96
    255 136 101 92 244 0 101 60 52 0 0 0 87 0 159 123 64 3 107 255 158
    255 134 0 68 255 250 20 0 0 74 130 0 0 11 255 0 162 193 121 255 217
    249 0 255 205 19 74 95 0 205 181 0 116 255 187 255 255 22 156 0 56
    119 71 0 255 245 253 32 204 255 255 247 121 222 0 113 209 120 255
    255 190 117 0 255 24 34 172 3 255 75 235 93 4 221 11 255 133 25 69 1
    25 215 43 0 239 49 0 196 117 9 165 0 5 87 255 61 244 255 105 255 0
    222 255 148 210 98 202 27 163 255 135 0 255 255 96 255 28 99 0 255
    125 219 255 0 156 0 133 143 126 226 83 124 99 255 255 255 86 255 40
    233 177 22 188 29 70 28 0 0 0 69 0 49 76 255 170 0 255 72 0 255 255
    255 79 255 255 66 0 108 46 122 255 95 13 70 249 198 130 62 0 103 230
    0 255 0 255 0 121 52 187 146 167 6 13 0 0 86 7 53 143 86 89 255 31
    165 0 250 25 0 71 7 200 255 227 153 255 40 111 56 129 255 97 48 148
    176 255 92 0 0 251 95 27 228 49 94 79 169 255 0 0 0 211 39 83 0 43
    248 214 204 22 0 255 66 242 0 217 66 189 0 255 24 210 28 82 255 255
    255 66 255 0 82 0 0 29 39 255 153 252 93 255 129 0 255 123 255 88
    217 15 191 252 43 48 0 187 255 255 196 255 255 2 222 255 0 255 250
    162 0 0 115 0 255 109 119 224 248 217 0 255 255 0 19 0 255 214 244
    90 255 51 196 174 212 199 255 255 129 255 141 131 130 22 255 255 133
    255 255 0 98 15 255 255 0 208 102 0 181 247 148 0 40 255 242 55 74 0
    93 0 252 34 255 78 103 173 22 206 98 230 50 25 0 183 223 255 169 106
    90 255 205 0 0 236 0 0 127 0 0 255 252 0 106 0 0 255 31 103 52 255
    255 193 5 43 0 52 255 60 255 0 0 223 42 99 0 255 70 147 75 242 255
    229 0 0 142 247 0 34 255 65 255 213 37 255 17 0 255 255 216 22 255
    156 246 255 224 83 23 95 25 236 132 61 0 58 63 100 191 33 82 255 0
    46 210 119 0 255 71 152 198 0 188 0 178 243 108 255 0 255 192 205
    211 133 255 22 131 255 0 119 255 138 222 198 142 112 0 246 226 230
    155 205 235 158 89 236 0 240 147 14 0 0 7 6 0 236 36 49 255 190 86
    174 245 232 0 86 138 245 0 170 119 98 179 56 232 166 255 244 0 19 76
    0 66 255 79 193 0 255 190 46 238 142 203 211 0 72 0 0 186 0 231 109
    76 208 255 255 255 0 0 188 0 67 0 232 255 58 156 225 190 0 0 185 0
    148 255 23 201 190 255 0 255 0 255 34 20 23 237 213 163 0 115 253 0
    216 0 11 166 81 255 223 244 255 255 0 255 169 230 0 0 241 0 40 220 0
    107 255 17 208 255 183 218 0 255 255 255 158 140 133 193 0 0 0 12 60
    0 81 255 0 255 141 255 73 55 51 255 110 140 0 133 0 255 224 178 0
    150 39 0 0 45 255 209 255 122 0 1 255 108 255 66 0 255 122 22 255 0
    6 63 124 255 253 64 31 222 248 73 255 0 0 217 93 133 32 255 0 173 0
    232 253 255 188 0 14 215 41 164 0 88 255 0 0 146 255 0 239 15 148
    148 255 153 139 111 63 229 82 255 135 169 154 213 92 18 48 255 0 232
    255 106 67 190 105 108 255 29 130 255 0 85 98 85 0 250 61 0 255 118
    70 0 4 245 18 0 255 255 51 203 255 69 167 255 255 223 55 255 94 59
    229 0 255 0 136 56 10 0 141 19 61 68 88 115 30 255 8 133 166 255 221
    0 0 59 255 170 68 103 255 255 0 239 255 230 0 255 114 242 0 24 32
    255 51 20 255 0 213 214 142 14 255 18 255 37 109 20 255 255 51 255
    181 255 173 189 81 0 255 0 43 255 34 23 0 148 255 155 255 0 133 195
    0 0 44 0 18 241 239 97 87 0 142 255 96 255 51 123 238 0 171 24 193 0
    0 95 243 68 212 57 21 119 88 0 70 255 132 255 255 255 10 7 255 192
    65 118 255 255 171 177 248 255 0 194 41 114 25 31 223 0 255 94 32
    255 15 176 0 0 70 38 255 227 175 188 255 164 49 137 0 234 0 36 235 0
    227 255 171 96 42 73 255 0 255 0 187 85 102 115 87 0 0 255 47 3 0 78
    0 69 86 255 0 0 102 146 255 254 164 255 202 255 0 174 200 130 255
    233 100 44 0 238 156 0 0 51 206 255 0 204 5 232 116 0 0 253 215 66 0
    255 88 23 160 0 215 235 255 177 0 82 86 6 6 255 29 74 255 161 105
    166 50 110 70 32 0 255 10 0 0 255 0 0 255 0 146 37 78 255 244 14 105
    8 0 3 48 218 121 90 0 0 196 221 148 125 107 54 200 228 0 0 255 255
    43 0 82 0 255 0 0 84 253 137 201 39 0 237 255 20 220 243 87 255 170
    248 246 156 52 0 0 37 0 188 141 255 38 169 84 76 169 109 110 255 0
    168 142 190 62 123 255 0 146 33 177 113 0 0 202 172 0 63 10 120 126
    108 0 227 163 255 225 90 209 255 44 254 78 80 0 0 255 233 173 36 168
    170 14 86 0 118 255 57 154 196 94 98 0 143 51 60 167 179 255 49 149
    0 5 250 66 255 101 83 255 46 60 0 255 205 255 144 249 255 76 234 0 0
    185 157 255 101 230 11 124 19 168 255 255 0 255 229 99 217 251 200
    62 4 163 115 255 0 48 255 0 230 222 248 109 255 0 222 0 226 101 0 95
    255 35 118 90 103 0 204 255 99 255 0 42 60 84 58 0 0 252 215 255 77
    246 255 86 0 178 116 255 255 255 130 0 215 0 23 255 0 214 75 242 152
    109 0 239 0 255 59 0 55 190 121 255 255 149 181 185 106 0 255 0 239
    219 9 135 171 235 185 215 51 93 255 48 125 255 255 33 139 180 0 255
    222 255 0 255 255 80 0 255 178 61 0 173 209 50 143 89 255 255 94 27
    237 35 0 35 56 212 224 73 82 255 0 21 181 0 58 50 218 255 255 205
    254 255 147 135 41 180 104 12 164 0 245 154 0 255 201 255 204 177
    255 16 0 180 104 21 255 0 254 43 0 201 223 231 232 0 0 227 199 201
    247 10 245 255 95 30 66 255 51 0 67 0 205 0 255 90 255 6 18 89 119 0
    195 0 39 0 12 114 161 0 255 251 160 33 255 90 133 255 255 255 0 83 0
    201 0 26 0 208 255 12 0 250 0 0 144 0 11 211 238 50 115 142 195 208
    0 216 226 255 120 166 207 255 255 0 43 209 210 17 0 255 255 0 83 255
    238 243 102 17 69 0 186 54 74 0 0 0 103 0 68 236 108 135 0 200 0 68
    0 66 229 0 255 224 187 145 255 255 139 255 255 0 0 0 250 0 58 147 0
    255 0 255 234 143 122 180 143 30 0 113 0 255 78 100 100 215 255 0
    255 255 156 0 173 128 33 0 175 42 0 113 42 255 133 237 196 215 0 175
    255 0 240 255 73 0 227 215 0 255 192 105 159 41 0 8 178 6 0 68 103
    45 0 0 169 94 39 95 255 0 255 203 0 255 54 188 0 255 160 12 0 255 27
    0 0 0 251 30 104 158 75 111 132 0 158 0 11 223 104 58 0 255 78 97 0
    0 0 135 121 220 255 255 240 255 240 232 223 255 0 239 255 201 74 255
    255 38 12 201 85 16 126 209 0 0 181 198 115 173 255 200 0 112 159
    255 80 0 25 62 51 157 21 92 198 227 0 32 62 0 0 179 14 255 51 0 116
    0 245 255 114 255 255 0 50 237 77 189 0 238 255 195 169 206 195 213
    0 255 109 36 223 255 176 145 150 0 40 215 193 255 212 255 33 31 25
    85 187 67 196 247 255 209 177 0 255 111 255 125 114 105 0 219 42 230
    19 255 113 175 103 81 255 0 170 0 77 0 255 229 0 0 45 0 244 72 75
    255 0 163 106 31 162 92 255 238 201 30 0 212 255 43 0 255 40 255 138
    230 255 255 255 138 232 174 45 255 114 0 235 161 0 214 117 255 190
    136 104 0 140 255 255 197 255 165 14 14 255 79 255 161 21 255 50 145
    255 0 0 161 144 137 215 255 0 0 255 249 255 161 255 255 79 138 255
    188 255 95 255 242 174 71 161 17 0 0 27 73 255 52 0 179 0 0 0 0 93
    143 0 0 0 0 255 237 0 0 218 118 0 0 0 0 176 156 31 0 0 0 75 58 83
    147 255 37 235 0 255 173 0 0 226 0 82 255 84 255 87 103 0 0 255 60
    232 0 197 20 255 0 202 255 0 0 119 255 0 46 159 65 255 0 166 255 147
    0 76 161 255 255 255 135 233 0 8 204 255 124 255 171 223 255 255 0
    68 0 0 255 101 85 0 113 255 198 165 255 255 0 217 150 104 148 250 5
    10 56 184 16 39 0 0 218 255 59 124 0 91 112 0 0 127 159 163 255 255
    82 255 134 105 0 0 0 82 255 210 4 255 255 0 0 93 176 0 255 33 200 69
    51 127 105 172 178 26 116 67 255 2 104 0 255 255 143 192 239 168 34
    0 168 144 198 152 183 193 91 238 197 23 0 25 135 79 255 212 132 248
    255 255 214 255 134 121 65 134 76 9 137 0 24 159 46 255 112 255 201
    255 86 65 93 255 118 0 255 122 145 221 13 246 232 0 103 156 222 160
    129 46 255 255 211 255 82 152 0 157 255 0 0 194 48 0 165 165 231 253
    169 255 33 50 234 0 0 255 207 173 243 250 237 177 251 190 81 57 255
    70 255 255 114 1 90 139 96 89 150 135 255 0 0 0 0 217 68 0 115 58 3
    255 127 51 0 182 112 0 113 153 255 255 53 120 255 177 182 255 0 75 0
    255 95 253 146 166 151 24 187 144 0 233 184 0 255 0 184 93 51 30 255
    255 14 72 249 6 108 255 162 208 50 97 255 255 136 255 255 18 0 178
    255 255 128 98 54 108 222 255 102 165 195 0 45 211 255 46 255 0 255
    116 16 216 96 255 140 255 0 0 195 0 219 202 0 49 112 210 255 214 127
    208 65 141 158 115 255 255 100 145 187 60 255 191 164 33 0 255 69
    255 82 0 218 0 32 15 241 0 0 49 212 165 0 113 255 255 14 255 255 201
    0 115 255 4 64 7 67 125 85 1 74 123 89 0 209 255 191 255 0 66 255 0
    242 135 0 255 95 16 0 129 198 255 116 0 42 237 102 91 0 89 67 232
    122 194 25 255 123 0 219 0 255 124 38 152 97 105 95 103 206 255 207
    255 206 129 255 15 188 148 26 10 78 0 0 0 0 246 0 255 255 255 59 196
    211 61 211 255 7 252 0 0 15 8 164 180 152 198 105 255 255 1 99 19
    125 255 255 0 41 255 22 0 101 146 173 218 242 90 0 91 232 151 0 237
    214 88 183 0 115 178 218 0 85 162 104 0 236 36 255 89 54 255 0 0 9
    243 116 68 190 0 56 95 47 85 169 240 34 228 0 0 255 255 255 0 255 3
    220 133 0 2 0 251 89 2 0 0 191 241 223 162 143 137 194 224 255 0 14
    255 11 0 39 70 0 164 187 164 158 0 255 57 241 102 141 189 26 0 221 0
    115 0 128 109 238 0 92 0 18 254 250 47 168 42 62 20 202 109 113 27 0
    79 17 0 255 255 38 53 217 0 138 255 255 255 0 227 0 255 45 68 216 0
    115 0 61 255 255 255 54 82 0 140 128 0 147 73 0 33 62 205 255 255
    110 93 145 255 0 116 255 255 1 216 0 0 38 181 255 159 255 37 137 107
    18 67 255 178 0 146 255 154 165 167 255 0 189 161 13 147 255 24 192
    23 80 0 0 0 0 72 72 74 255 162 225 255 12 0 201 0 144 0 255 62 107
    113 75 255 125 255 244 20 192 157 190 45 31 0 255 131 216 30 105 218
    15 148 255 136 89 0 13 243 244 248 15 9 160 25 1 0 184 255 0 255 208
    255 255 92 42 21 216 255 106 231 0 255 255 1 255 0 141 42 88 20 105
    169 0 255 255 13 255 133 255 41 210 194 0 255 0 0 255 0 255 172 255
    255 135 90 202 249 218 255 223 66 0 5 147 201 167 0 255 0 0 185 255
    210 107 0 255 210 173 255 102 0 193 255 174 0 255 243 191 224 255 0
    87 255 210 0 255 185 0 50 2 103 140 27 34 0 113 84 132 0 1 173 113 0
    250 236 124 255 249 255 109 0 250 57 78 21 222 255 126 240 83 83 252
    0 117 185 255 0 173 0 0 0 139 44 105 16 13 0 72 142 146 186 0 255 81
    52 255 196 0 0 255 255 255 255 193 132 255 0 0 0 169 0 255 230 206
    255 32 255 59 217 169 67 255 0 213 94 6 0 14 0 255 66 0 124 0 145
    169 145 184 177 69 255 185 169 241 145 123 34 10 226 255 77 255 255
    0 200 0 206 0 0 40 115 218 0 137 76 106 160 170 155 12 255 106 255
    13 134 213 4 131 57 221 15 167 255 62 255 122 155 0 107 56 110 255
    169 0 238 221 6 195 68 171 254 0 148 149 8 237 255 0 0 77 255 254 53
    255 39 255 0 0 255 198 0 174 0 35 255 79 255 106 13 255 73 255 100 0
    176 0 0 123 152 0 187 0 55 255 0 252 115 182 101 255 238 255 67 0 66
    255 3 147 120 225 129 255 90 203 239 44 65 162 0 146 88 0 0 160 148
    233 255 0 245 76 0 92 96 0 40 223 56 106 255 255 38 255 146 255 179
    36 14 51 13 255 130 4 18 62 255 0 127 173 137 141 0 200 68 223 78 0
    59 82 13 19 255 255 8 81 255 0 108 179 255 0 108 255 21 251 209 57
    65 59 42 0 145 0 255 141 109 255 71 67 0 255 0 103 29 18 177 194 255
    12 172 103 0 135 0 17 101 255 0 0 76 97 19 0 45 231 40 132 0 14 235
    177 146 93 1 225 0 8 255 124 251 0 0 112 45 96 0 211 134 255 242 159
    27 178 255 193 122 60 174 6 255 255 16 159 12 209 183 0 227 0 105 0
    151 71 63 0 33 118 148 76 15 34 243 255 18 231 255 255 0 255 0 158
    11 80 92 18 200 255 170 255 214 204 255 208 75 0 0 115 79 255 190 13
    0 0 10 0 119 255 19 0 157 8 22 255 222 0 196 6 255 255 0 8 255 255 0
    147 232 146 102 88 228 39 141 132 0 92 57 134 255 61 187 194 0 131
    110 135 83 255 47 198 255 126 255 0 182 182 56 255 131 255 150 112
    33 151 79 0 27 142 203 210 117 130 0 255 253 229 85 255 49 202 111
    118 205 0 193 231 20 153 142 176 190 0 255 0 0 0 79 154 122 8 183 89
    110 175 128 188 126 199 0 0 255 6 21 0 133 255 49 3 234 255 255 71
    255 63 78 0 11 0 148 236 55 24 125 0 255 255 102 0 0 215 0 255 195
    87 0 0 177 255 255 255 234 202 250 162 249 220 0 215 188 157 7 104
    42 105 129 163 15 226 173 253 99 0 255 0 20 0 120 109 0 0 167 229 46
    255 163 153 178 42 0 195 67 193 0 96 139 72 40 146 77 157 55 180 255
    0 40 182 244 255 99 255 177 89 255 77 244 113 149 62 0 183 0 0 55
    255 255 58 115 11 158 120 229 35 88 31 211 255 0 255 154 53 255 84
    255 108 110 157 255 255 217 255 55 255 205 98 37 74 63 162 171 112
    144 0 89 73 84 255 190 137 91 77 10 169 45 138 87 193 217 200 110 35
    164 0 0 148 20 255 255 255 158 110 185 255 19 0 141 119 0 32 215 235
    246 223 255 75 91 237 197 58 255 0 37 225 184 255 55 248 136 36 26
    188 0 234 195 30 160 0 83 0 255 0 4 0 158 35 17 255 44 255 247 0 217
    255 0 255 178 255 43 250 255 255 251 42 151 0 84 67 255 0 195 63 255
    65 255 172 255 133 255 109 243 0 53 255 214 255 143 52 186 9 113 128
    4 53 179 255 2 248 85 255 217 255 104 80 200 37 90 0 0 103 209 0 229
    0 0 160 0 255 126 0 255 0 255 255 0 24 36 134 70 0 232 119 32 0 198
    255 0 255 105 0 220 255 255 119 30 66 255 187 255 0 19 5 163 83 0 0
    160 0 43 42 100 45 114 255 62 0 0 200 66 255 0 195 165 18 0 0 90 186
    190 205 255 87 255 8 255 139 255 143 0 73 11 192 0 255 0 215 255 108
    255 0 0 140 9 138 255 110 128 90 255 0 105 0 134 77 167 158 0 0 0 0
    224 0 73 99 253 255 67 255 167 245 118 255 176 255 255 17 0 0 78 61
    0 189 0 0 22 255 237 44 122 255 218 255 83 107 46 50 245 255 222 214
    206 0 81 205 255 222 209 255 0 152 0 255 4 161 100 68 240 75 0 106
    203 161 72 168 181 43 207 0 255 241 73 231 33 255 60 0 241 255 230 0
    255 145 148 76 78 255 0 183 0 34 201 0 255 212 0 255 17 227 70 61 64
    242 123 169 212 222 65 40 255 45 138 176 255 99 255 218 81 0 233 20
    0 89 255 137 255 255 255 96 193 103 42 255 0 255 203 229 87 128 185
    23 116 26 208 0 255 37 255 45 139 255 140 0 99 17 58 217 97 255 0
    225 255 0 44 173 51 119 102 10 241 140 0 176 255 255 255 32 4 199 83
    0 255 129 0 255 44 255 113 255 51 247 255 138 129 12 230 7 0 100 149
    80 8 140 50 209 58 251 5 84 74 227 50 213 159 193 75 255 51 90 0 124
    255 90 12 168 166 118 225 162 214 122 159 69 255 255 168 65 103 160
    154 52 190 146 255 45 131 218 94 255 139 255 237 63 81 154 0 253 255
    255 230 255 255 255 93 172 144 0 0 255 0 165 73 72 45 255 0 111 58
    212 249 0 233 0 255 255 0 123 198 255 248 107 9 251 0 0 0 255 84 255
    227 76 255 109 255 85 45 73 87 199 0 0 248 255 31 67 255 19 172 0
    250 61 38 67 225 0 75 122 228 46 33 255 0 124 185 55 246 255 255 255
    0 0 255 255 54 50 27 0 107 133 255 0 160 124 241 0 129 117 251 130 0
    255 90 255 255 22 136 255 141 173 144 255 0 0 177 178 104 233 252
    179 255 38 46 0 214 164 255 0 255 0 41 255 113 88 0 206 22 119 255 0
    0 0 255 38 255 0 0 110 255 0 255 255 255 202 0 12 40 255 15 0 0 37
    199 0 255 31 0 178 85 121 80 40 7 186 58 130 239 148 75 235 89 255
    68 255 255 0 255 255 37 14 122 255 0 146 146 255 87 129 109 95 42 84
    0 255 34 97 245 237 158 255 7 227 189 242 212 0 230 190 0 208 80 209
    255 164 134 0 151 0 56 0 140 179 124 255 249 0 251 255 219 211 39 43
    8 255 202 61 255 126 0 0 34 0 255 231 244 217 0 0 0 73 0 134 210 0
    115 0 255 59 255 200 13 98 102 255 101 34 83 29 159 121 119 0 255 0
    110 0 195 102 229 52 217 181 0 213 255 0 0 219 255 121 109 116 187
    128 255 255 46 255 0 7 0 228 255 255 192 255 46 200 220 144 30 93 98
    41 255 44 143 241 161 209 116 0 171 0 247 0 255 0 224 218 115 255
    118 74 255 135 255 183 0 155 255 255 202 0 0 255 90 0 106 132 255 23
    161 48 205 171 255 255 148 144 0 0 196 255 104 134 226 122 238 0 243
    255 255 117 239 50 0 152 190 229 27 255 255 168 255 8 0 0 44 194 255
    116 0 255 121 225 52 240 157 255 79 77 255 59 255 65 111 0 209 236 0
    183 142 0 48 46 0 159 232 237 211 12 187 39 255 0 224 5 10 192 255 0
    14 0 255 68 157 18 2 245 0 255 95 0 116 41 0 0 90 249 66 215 255 14
    210 110 0 0 0 137 183 0 0 255 198 68 85 68 0 5 184 218 0 201 69 241
    255 137 196 72 128 255 214 0 255 52 5 198 0 164 255 255 109 255 255
    248 81 84 0 233 157 61 0 36 10 211 255 255 30 0 171 0 0 241 189 28 0
    0 204 0 0 0 144 148 145 86 0 195 184 6 255 150 255 183 0 46 192 252
    255 255 215 8 176 77 140 18 255 141 11 51 3 135 42 96 155 176 223 0
    0 31 245 159 0 57 0 0 255 56 0 255 23 0 186 132 115 70 115 0 225 255
    255 113 42 255 0 70 0 174 0 93 0 0 255 0 195 9 39 0 0 218 121 65 142
    117 0 255 255 123 79 167 0 27 119 48 115 62 0 255 0 17 0 165 0 255
    101 145 199 0 211 150 75 0 0 58 168 0 215 153 169 0 0 237 11 162 226
    26 255 255 255 202 255 0 255 103 111 255 137 130 0 255 228 0 0 165 0
    203 3 0 255 255 242 255 144 153 228 150 104 255 255 0 180 131 0 106
    51 1 0 43 38 255 60 255 16 130 109 197 255 1 255 77 255 37 14 188 7
    60 0 181 81 0 0 231 116 36 0 253 0 157 121 43 62 200 0 255 23 255
    142 133 0 245 90 170 0 60 255 21 8 255 0 52 67 255 159 64 119 244 0
    18 0 255 131 0 0 67 195 255 0 0 146 64 160 0 0 238 255 255 255 199
    149 50 11 56 254 166 0 193 85 0 0 65 155 255 51 255 82 46 253 133
    255 201 45 255 48 253 204 37 17 49 94 0 0 77 61 0 44 236 110 255 0
    17 255 222 0 0 158 161 202 18 32 62 15 255 255 158 0 255 173 0 0 0 0
    0 49 168 61 3 255 214 91 189 255 142 42 207 180 101 0 255 165 0 112
    221 228 42 80 0 255 25 76 0 0 255 79 151 0 85 184 160 60 254 255 108
    18 255 0 194 161 103 10 85 212 255 66 252 226 0 21 58 119 241 49 175
    109 180 255 0 255 255 255 76 40 255 255 54 47 0 145 107 97 0 116 0
    255 0 104 255 0 255 0 162 200 53 255 93 168 255 255 0 248 30 137 0 0
    200 10 0 255 0 72 28 137 241 33 228 23 238 233 255 0 167 207 11 255
    253 101 219 255 67 196 209 0 160 0 204 0 129 166 50 255 119 0 255 0
    34 255 224 17 255 3 115 0 0 61 0 148 255 255 0 255 188 172 205 232
    255 0 0 255 0 216 211 50 255 2 255 152 227 20 0 142 255 0 0 181 255
    116 191 234 155 21 131 225 0 152 0 155 8 0 255 202 255 6 41 247 50 0
    70 255 162 255 16 221 0 12 211 44 195 213 255 0 165 255 249 252 255
    68 203 45 186 255 60 8 183 255 165 144 200 58 255 179 143 249 202
    225 255 161 255 247 0 2 140 48 0 255 0 77 0 0 255 178 125 14 0 255 0
    116 0 176 119 0 252 255 36 255 219 0 255 57 72 0 0 43 0 163 246 159
    129 255 115 255 92 0 255 87 0 232 56 183 0 43 25 255 100 164 46 255
    186 75 12 255 117 0 142 0 187 0 111 36 114 138 0 149 255 246 255 0
    255 170 0 131 0 62 53 37 227 192 217 0 255 6 255 105 38 115 255 47
    135 196 105 255 82 0 35 248 139 168 0 254 79 7 166 100 108 150 255
    125 255 1 205 255 255 255 174 255 0 19 100 0 202 0 3 76 219 30 130
    85 11 255 255 78 19 52 53 185 141 255 31 141 155 105 224 255 238 27
    0 56 212 228 40 216 0 222 249 15 0 1 237 198 0 242 225 255 27 255
    255 121 0 255 225 0 144 192 27 0 66 0 255 206 0 87 81 226 78 235 29
    94 127 0 172 0 0 181 242 0 63 31 84 255 123 68 0 77 255 0 0 122 63
    205 31 15 7 166 255 8 0 255 255 0 133 83 255 222 105 179 15 28 110 0
    0 90 0 255 96 167 255 255 173 77 255 0 255 201 40 192 0 255 223 136
    111 178 143 255 0 192 142 157 255 217 255 188 6 255 78 198 255 141
    140 150 233 0 11 180 0 70 196 0 199 21 255 58 255 0 221 11 79 206
    255 0 87 255 196 113 52 144 255 254 138 66 12 255 20 255 198 255 247
    195 255 255 250 79 125 14 146 255 119 132 255 0 13 100 46 227 0 63
    245 255 60 0 166 250 63 12 85 75 0 184 128 208 138 37 255 8 223 0
    233 176 229 79 255 88 248 100 255 185 0 0 255 153 78 131 105 186 62
    0 255 82 92 251 135 24 218 241 150 251 12 167 8 0 0 29 0 45 255 48
    106 118 255 134 255 0 182 0 126 28 0 5 255 255 158 160 202 34 0 0
    255 0 149 199 157 41 40 1 255 8 0 0 255 0 28 0 118 42 44 255 0 63
    255 148 247 142 37 255 220 0 165 255 248 0 14 227 0 9 0 195 18 255
    46 255 0 0 78 99 11 96 0 251 237 0 78 12 215 111 15 255 189 255 249
    91 249 255 21 158 216 95 0 124 0 0 164 0 240 229 0 255 117 255 125
    215 130 0 255 33 255 22 176 0 0 255 179 255 255 134 0 255 93 255 255
    164 255 35 0 255 136 138 149 6 235 0 0 0 109 153 61 186 255 210 17 0
    240 227 120 153 49 156 255 255 67 255 114 0 133 0 243 0 152 178 70
    129 18 101 0 142 1 0 111 255 255 0 27 112 220 232 154 89 255 156 237
    220 219 255 161 73 132 146 0 0 14 250 61 0 165 62 34 201 0 103 247 0
    0 61 0 178 179 0 255 11 155 192 15 0 255 183 154 101 0 199 50 180 78
    0 255 0 131 99 0 255 0 255 255 46 0 83 255 228 0 164 0 126 56 255
    251 226 255 122 93 207 0 245 255 62 45 218 222 227 102 137 214 199
    255 231 255 255 77 58 29 237 140 255 239 0 132 59 206 168 0 129 0 37
    255 0 255 0 45 12 161 50 143 241 209 0 191 94 99 0 0 193 209 255 33
    164 0 28 96 83 232 53 237 240 63 21 111 0 93 105 21 185 80 164 0 154
    232 178 50 0 0 43 228 255 0 166 254 122 50 242 138 0 19 18 255 0 123
    30 255 0 248 221 239 59 58 255 150 255 211 255 232 67 0 12 217 223
    190 141 202 255 27 16 10 205 0 51 236 21 130 29 239 255 0 190 0 186
    0 35 191 157 255 255 175 192 215 15 255 121 65 0 0 0 17 187 22 130 0
    215 0 240 43 126 255 20 144 135 255 213 79 255 171 34 64 180 255 255
    255 132 0 255 87 0 120 255 255 19 141 65 111 0 143 75 141 40 5 255
    252 230 16 237 49 244 9 255 10 127 61 0 255 13 243 0 0 0 201 50 255
    76 255 254 161 0 255 172 255 244 84 41 137 0 208 152 255 108 255 177
    216 91 101 46 25 0 83 182 67 134 255 255 167 0 0 224 6 210 216 0 128
    255 0 32 187 0 0 161 186 98 73 255 229 102 224 255 234 255 120 91 11
    22 0 40 206 95 255 233 235 255 11 228 196 8 255 0 179 255 48 255 231
    0 211 255 121 155 255 75 17 0 60 229 196 0 6 107 0 58 255 209 246
    208 133 214 195 81 21 33 234 214 63 213 12 224 255 144 255 97 165
    255 129 174 0 83 152 51 226 63 0 202 190 86 126 166 255 0 230 241
    137 0 6 135 238 219 100 211 195 0 159 255 0 255 255 249 0 40 255 0 0
    255 254 131 232 73 17 176 255 67 51 96 175 157 255 255 0 255 255 145
    128 255 242 176 200 255 152 0 0 210 156 155 51 255 234 0 129 0 0 62
    255 248 162 202 214 224 24 246 0 156 124 255 191 147 223 255 200 62
    156 255 250 0 49 255 169 5 255 180 255 255 255 236 241 255 201 173
    255 0 0 0 2 114 0 0 199 201 245 86 255 255 255 91 143 255 255 0 0
    132 0 19 255 67 0 211 136 56 25 219 86 206 255 134 255 19 9 70 91
    236 255 0 155 187 0 255 173 0 56 102 220 0 79 71 0 148 130 0 183 140
    255 137 221 236 245 129 148 255 19 152 255 255 116 166 218 20 225
    108 0 228 255 157 0 0 255 150 181 233 48 255 255 14 140 0 0 83 44 70
    68 53 255 21 237 90 0 255 0 183 214 22 191 0 56 106 44 17 47 255 255
    0 208 215 117 187 0 255 255 126 135 216 0 0 152 107 0 255 107 111
    255 30 24 229 219 190 0 157 48 230 37 191 85 0 40 118 66 154 125 254
    94 0 255 198 110 0 159 255 223 97 67 255 27 151 56 10 156 236 209 9
    192 221 148 63 255 81 218 0 255 99 255 180 244 0 0 71 102 255 78 20
    39 63 255 216 81 197 222 63 177 236 194 255 255 184 166 198 216 255
    58 118 183 242 128 255 0 255 255 0 98 83 234 55 121 0 255 0 4 163 58
    117 195 73 0 155 0 0 117 95 253 53 154 74 109 71 0 141 29 139 0 0
    126 103 41 50 0 255 0 210 109 255 255 105 5 255 0 219 1 255 255 0 0
    0 0 132 207 255 141 155 255 159 199 16 0 190 75 0 0 0 166 255 106
    255 0 255 0 255 49 255 0 121 255 0 0 213 206 76 160 46 136 206 0 14
    138 216 232 0 180 199 156 179 19 255 255 214 185 115 77 201 88 219 0
    133 255 196 227 145 143 206 217 4 255 6 0 255 0 71 0 0 16 0 178 74
    123 227 0 246 133 243 92 243 0 0 0 0 19 218 120 225 255 0 247 161 0
    255 36 88 104 141 170 242 112 186 255 0 180 255 36 0 44 28 0 195 157
    0 184 255 9 77 255 0 248 117 40 0 0 43 32 158 203 255 137 255 252 0
    0 251 255 0 193 6 255 25 0 136 83 255 232 113 195 191 0 197 0 212 0
    177 255 255 255 0 193 159 0 187 250 0 112 235 0 9 63 88 0 212 0 255
    85 61 13 186 85 230 217 145 181 91 79 122 156 255 255 0 213 111 255
    194 0 102 217 27 178 50 0 226 40 128 45 248 218 41 255 255 107 191
    94 103 30 113 223 220 0 24 156 133 0 167 68 0 128 56 96 97 107 0 255
    255 99 27 197 37 0 255 64 36 8 122 25 255 255 106 227 173 84 119 0 0
    47 255 0 255 255 255 255 18 0 108 31 111 255 255 255 255 136 255 123
    255 102 76 32 243 154 255 85 0 104 79 243 145 255 0 219 255 0 223 0
    254 41 137 175 255 207 255 201 255 255 171 123 0 255 194 0 100 214
    44 197 200 221 207 130 94 255 41 255 255 255 117 129 255 12 155 255
    255 227 0 233 0 39 48 255 74 20 255 228 0 15 0 255 255 0 255 255 224
    0 255 255 44 0 89 255 31 255 255 37 0 255 236 136 255 131 96 255 249
    246 242 255 251 104 0 199 0 215 134 15 95 154 222 184 149 1 120 0
    255 48 0 55 112 5 255 255 80 255 0 191 75 2 51 4 0 144 92 0 255 53
    80 175 53 0 255 255 0 223 9 199 255 0 47 0 217 205 0 255 169 54 0
    100 97 171 199 255 125 0 178 0 210 249 0 2 196 255 83 89 47 255 53
    120 50 249 49 228 39 34 0 255 0 141 30 0 0 0 211 255 155 255 158 255
    44 181 0 166 135 234 196 255 205 0 232 137 203 32 255 255 255 253
    169 255 177 255 107 9 0 0 0 255 100 200 98 0 255 0 255 226 231 158
    34 201 17 255 143 153 107 149 172 106 3 35 149 206 255 243 255 212
    190 255 0 198 0 255 147 151 48 21 149 230 255 211 255 255 210 255
    124 255 183 185 56 3 255 0 0 0 95 255 199 103 0 0 255 173 255 195
    255 0 143 18 0 136 154 161 148 0 255 255 0 154 221 255 135 0 125 255
    43 14 186 255 13 201 0 39 148 154 16 0 115 200 0 140 166 43 138 83 3
    255 236 255 79 173 109 50 255 255 238 255 0 255 212 150 210 255 163
    46 170 205 0 233 0 248 255 148 255 0 23 22 143 6 0 255 255 6 255 2
    180 135 197 255 208 50 173 153 190 255 110 22 0 178 0 255 179 183
    168 70 0 0 218 27 185 0 0 122 255 164 30 79 57 35 168 121 66 118 255
    211 0 255 0 119 109 6 101 3 0 255 102 19 237 67 164 199 30 255 113 0
    189 255 255 108 217 183 0 166 6 209 123 0 0 6 5 98 0 205 255 97 0
    237 137 255 110 190 223 193 35 130 0 201 162 255 0 229 0 211 0 53
    255 0 255 30 0 194 215 111 178 247 0 245 245 0 0 255 143 0 118 0 206
    15 0 78 52 252 230 18 146 255 53 0 238 255 0 0 93 0 0 0 81 255 29
    255 11 243 47 223 143 187 124 114 228 0 76 0 225 159 0 143 187 207
    166 59 0 0 0 85 255 193 158 255 84 255 251 203 216 168 0 212 48 96
    250 168 210 255 193 0 255 201 58 167 0 0 172 255 0 161 178 255 0 159
    99 127 67 255 212 0 0 225 235 0 99 255 0 232 213 255 168 252 208 235
    133 115 56 122 78 143 255 245 46 108 255 0 145 0 0 198 52 234 255
    255 61 0 72 0 229 9 107 207 242 238 0 7 253 0 62 191 1 0 161 117 0
    84 179 133 99 0 132 2 241 0 46 179 71 255 1 217 97 218 0 255 52 130
    133 186 0 98 253 171 255 138 222 0 255 0 0 188 93 86 0 0 164 255 0
    111 73 0 66 255 161 135 0 255 219 0 157 4 27 255 184 155 130 36 0
    253 183 72 255 239 255 27 236 246 0 144 236 250 32 233 124 77 89 139
    6 0 222 131 67 163 0 132 255 232 255 92 255 90 0 232 62 0 129 0 141
    140 0 228 24 75 255 124 116 114 39 219 228 71 255 35 183 0 205 255
    180 0 255 177 50 193 156 219 137 255 136 0 244 0 247 255 208 255 0
    212 84 74 139 255 198 255 86 141 0 9 0 0 255 195 9 255 255 44 171
    255 254 63 255 84 59 255 255 222 255 51 56 68 0 244 11 53 255 105 84
    0 113 0 29 0 0 13 255 0 127 205 189 11 200 180 55 255 228 11 255 198
    124 54 121 0 249 237 0 77 189 255 0 0 0 8 0 0 255 0 255 175 255 83
    177 64 254 255 145 0 0 91 255 89 15 248 189 63 250 14 39 0 0 20 0 0
    0 255 221 140 147 205 162 255 5 110 214 0 47 50 137 0 255 255 51 183
    255 67 0 0 8 73 49 0 0 255 149 0 255 255 187 0 132 0 255 139 0 235
    255 162 213 79 155 255 135 177 84 1 70 20 202 83 96 0 0 255 202 160
    21 122 0 230 36 101 78 83 211 96 0 255 0 126 164 255 113 164 122 11
    255 133 38 186 30 255 95 211 138 192 0 100 220 0 240 83 255 0 27 255
    192 112 153 179 255 255 2 195 222 228 9 157 176 241 0 173 19 50 255
    198 105 255 14 67 198 233 255 255 19 190 132 132 196 0 18 0 254 0 0
    33 0 255 0 0 30 213 27 0 255 255 117 0 151 0 255 250 255 0 167 177
    255 245 0 255 255 207 110 41 103 23 0 255 9 202 120 3 118 226 63 0 0
    123 60 0 153 38 178 243 255 160 255 26 157 255 179 0 217 30 13 227
    83 171 203 153 255 214 15 255 244 0 255 0 0 255 8 83 71 152 11 222
    111 255 255 255 71 107 255 39 84 0 225 0 255 137 0 92 0 116 251 255
    33 80 0 203 185 43 0 255 238 255 106 2 0 98 0 0 59 0 42 0 0 0 147
    215 138 29 61 255 228 255 32 149 1 255 255 255 255 47 255 45 149 192
    93 163 0 0 255 228 89 11 202 85 254 255 0 255 19 255 0 255 248 0 102
    203 163 0 255 49 193 255 0 59 142 6 114 159 0 255 13 255 255 0 16 5
    0 82 0 12 238 111 13 0 11 221 170 100 139 0 0 255 255 143 255 169 37
    100 0 239 102 3 255 255 255 50 120 131 142 211 96 197 255 71 233 0
    19 24 44 214 0 255 255 201 110 156 255 255 255 0 18 125 0 86 226 213
    192 255 86 115 242 77 234 195 138 151 151 124 0 255 1 255 255 255 99
    237 0 0 245 78 214 254 31 0 207 0 228 213 34 255 255 144 0 223 0 151
    183 0 215 230 0 224 72 255 255 229 43 148 154 188 255 255 194 232
    119 140 0 255 0 229 86 91 94 160 194 255 1 109 23 0 207 58 0 40 97
    138 0 120 196 127 0 255 30 250 0 231 114 110 91 113 255 255 55 235
    93 40 255 64 65 80 1 0 100 160 255 0 119 162 190 154 255 255 10 69
    255 157 118 180 133 255 255 6 255 129 0 6 255 0 255 137 0 139 0 30 0
    252 18 190 137 0 240 81 145 146 49 0 44 193 157 0 157 126 0 0 61 121
    190 123 183 98 46 0 0 0 163 255 212 42 255 255 201 255 106 29 218
    255 237 255 241 55 138 255 109 255 139 138 255 255 255 0 84 194 187
    0 255 97 54 127 0 255 212 255 204 60 71 255 152 26 109 255 211 0 250
    186 174 0 195 0 87 152 89 255 59 255 255 255 0 222 103 114 147 255
    141 188 117 255 255 255 118 0 255 135 158 85 255 181 255 124 92 255
    4 147 169 255 100 163 164 255 0 86 194 221 0 0 0 152 62 198 135 251
    177 0 255 226 232 148 207 147 199 234 99 255 226 53 68 0 146 191 0
    255 109 170 255 68 0 29 100 102 163 207 41 0 255 23 255 7 148 255
    255 165 18 38 0 0 50 241 54 153 255 149 150 136 71 255 0 63 255 23 0
    0 193 70 255 0 48 122 0 255 88 159 0 111 151 197 85 0 161 123 0 255
    0 255 255 100 153 15 37 209 219 0 219 0 0 255 0 222 86 0 255 70 76
    255 0 227 199 12 26 62 50 255 255 247 255 153 189 155 255 0 85 13 88
    181 229 160 97 255 188 207 255 189 0 0 75 139 0 0 0 16 0 62 65 255
    119 0 215 216 0 0 53 0 0 190 112 240 150 0 236 0 0 92 0 145 185 70
    15 22 255 180 255 255 253 146 255 131 0 2 56 84 0 157 255 39 255 35
    235 122 0 169 170 21 255 181 0 114 157 204 46 40 225 0 194 133 230
    255 0 0 140 25 215 255 208 110 255 0 218 28 173 51 154 0 0 46 91 87
    182 0 78 35 123 134 157 215 202 0 153 120 80 0 221 53 0 255 0 0 94
    255 107 135 31 137 114 122 7 0 81 142 127 3 167 9 223 0 0 45 253 230
    65 44 250 209 255 98 247 69 24 0 245 169 159 0 255 124 116 255 181
    175 92 76 81 0 239 19 1 4 60 176 255 31 140 195 255 255 255 242 229
    172 177 0 236 187 116 186 244 255 108 255 255 97 93 107 159 255 0 44
    6 255 0 182 43 42 255 101 104 145 121 0 46 232 207 44 39 34 60 142
    179 226 118 255 120 0 255 229 129 127 133 131 36 130 255 255 76 84
    125 130 255 249 255 255 255 226 0 0 65 0 0 241 134 47 84 0 221 0 255
    239 255 253 184 192 225 123 0 138 255 0 0 0 33 240 0 255 60 231 191
    0 176 205 92 199 255 0 0 219 44 47 22 222 67 111 74 90 112 120 191 0
    237 56 255 110 12 178 130 70 255 223 255 231 0 255 150 203 124 255
    36 255 228 65 183 0 255 178 247 255 110 43 0 139 255 0 255 94 244
    221 255 7 214 0 64 0 246 255 255 255 145 255 255 14 182 80 5 0 203
    74 42 52 255 176 253 197 0 36 64 52 32 110 0 223 71 0 14 171 255 1
    75 255 0 94 0 255 46 0 255 194 158 64 91 0 232 0 191 21 19 204 220
    100 139 111 255 220 24 62 41 255 255 138 188 255 255 0 255 162 0 39
    0 216 44 255 255 0 255 255 255 255 120 0 0 211 109 224 61 0 255 87
    138 255 48 204 73 79 241 190 66 205 126 249 0 214 104 235 209 106 0
    80 0 193 27 53 248 128 255 156 255 33 44 243 255 0 147 255 0 75 255
    255 0 127 8 200 67 164 87 255 255 253 0 211 0 0 0 0 255 95 86 11 107
    67 255 36 0 67 253 230 0 235 0 254 255 9 47 18 187 11 152 0 9 101
    186 255 255 255 197 162 84 255 60 255 255 188 38 0 237 0 229 94 0
    255 8 85 100 250 131 64 0 49 83 240 0 25 0 0 0 0 153 0 116 101 12
    209 255 0 83 51 255 31 198 0 9 94 226 255 92 148 247 255 0 255 255
    138 198 255 97 112 0 29 0 0 155 149 0 61 58 218 255 97 255 61 25 54
    230 124 1 46 0 225 0 255 255 179 255 255 170 78 7 61 111 255 255 5
    199 190 0 127 33 227 135 168 42 21 109 0 0 0 108 0 187 220 132 218
    135 255 255 0 24 184 3 170 61 239 255 57 0 80 165 255 61 194 0 10
    255 64 0 23 255 0 0 0 0 55 80 31 137 0 225 246 0 0 0 4 106 255 0 177
    0 72 0 146 230 93 199 48 3 6 255 255 255 7 0 7 165 179 111 0 0 136
    121 177 255 0 0 18 205 25 154 72 0 134 189 0 12 0 0 191 255 67 0 255
    117 255 255 28 243 228 229 255 13 193 254 255 75 25 14 255 79 46 228
    114 37 54 133 36 244 255 0 142 4 0 213 37 0 209 171 0 213 0 0 167
    251 254 188 255 188 239 255 255 26 39 255 104 0 132 37 68 187 255 81
    224 0 186 144 141 0 57 255 44 0 0 255 31 183 0 255 127 32 78 0 0 255
    217 255 218 142 255 97 255 255 255 249 44 36 255 255 19 0 255 0 0
    255 3 168 132 0 0 0 240 217 0 117 89 255 255 130 0 183 131 175 0 166
    240 201 255 1 255 245 107 0 18 255 253 0 0 0 93 173 220 178 97 116
    132 142 255 60 110 218 0 184 0 0 255 0 220 31 191 232 233 0 78 37 0
    255 40 162 84 29 139 165 0 90 255 28 170 255 22 0 133 255 7 205 0
    255 248 0 44 139 25 145 0 50 255 196 0 255 33 112 245 74 147 0 255
    23 58 200 108 60 134 224 203 241 105 71 53 121 23 255 234 223 98 141
    0 0 40 255 0 55 0 20 96 44 67 0 229 255 225 128 0 255 255 174 26 91
    0 0 120 255 138 239 162 255 64 255 255 204 229 235 255 144 125 255
    184 0 0 20 204 212 41 0 107 60 152 0 142 184 81 216 251 54 255 0 0
    19 120 216 128 206 201 0 0 171 241 16 21 0 0 255 79 232 204 138 0
    130 121 0 0 25 0 129 0 0 63 0 73 40 202 255 159 91 0 122 61 255 0
    255 83 92 0 74 0 237 0 145 139 0 255 219 0 134 213 210 103 34 255
    255 255 255 180 255 204 84 224 181 255 116 218 212 0 128 11 255 28
    163 4 255 116 0 50 0 149 69 241 245 255 228 51 0 223 0 12 104 43 97
    193 255 251 255 255 222 255 147 32 81 3 255 163 126 77 255 248 255
    181 39 0 232 112 0 255 139 37 212 55 255 146 228 55 255 154 255 255
    89 92 255 0 119 108 23 0 4 236 0 107 83 0 0 255 231 76 255 48 203
    210 255 155 69 108 217 35 0 68 16 238 101 164 219 179 16 255 146 0 0
    255 0 27 35 86 0 0 94 255 219 224 188 255 44 210 255 105 153 255 0
    32 126 127 232 255 104 224 102 146 58 59 255 21 0 255 0 255 128 206
    255 62 94 172 230 35 144 136 130 255 80 54 159 255 113 38 255 2 199
    103 222 0 0 86 17 255 255 90 44 255 7 0 1 130 53 180 255 159 133 255
    3 0 115 66 9 0 220 90 93 103 3 26 135 126 4 147 134 183 23 58 132
    174 168 110 10 198 0 8 255 255 56 118 211 92 134 130 232 255 255 255
    26 255 255 200 0 255 138 104 255 0 0 5 255 127 199 119 243 0 11 255
    221 159 255 188 56 255 138 117 0 238 23 0 255 125 2 46 250 57 149
    213 176 101 72 255 255 124 34 222 18 0 245 179 255 93 238 251 211
    255 225 255 255 223 217 103 0 255 143 255 36 0 255 125 0 18 29 0 191
    255 119 184 0 255 128 99 197 255 128 255 185 78 132 0 255 0 65 196 0
    224 205 222 164 1 106 207 199 255 255 98 0 168 0 0 55 104 152 220
    255 5 158 253 48 94 182 238 65 182 89 0 255 79 221 90 72 23 41 255
    72 73 222 255 255 37 239 0 255 174 0 41 255 124 154 234 255 128 0
    219 96 22 152 145 72 255 255 170 255 144 255 255 241 255 184 207 241
    23 112 0 232 62 177 203 67 54 255 41 255 210 0 43 255 158 0 245 255
    255 0 93 133 255 110 22 81 89 239 0 28 255 255 183 255 191 0 255 30
    24 111 196 89 251 255 121 0 84 234 0 238 255 255 0 255 176 52 96 76
    248 98 242 110 43 125 255 192 0 3 255 0 255 149 21 255 200 5 255 8
    127 250 0 0 255 5 0 191 0 200 255 147 162 255 0 97 122 3 19 255 171
    204 9 18 0 188 166 255 55 0 80 129 196 0 55 40 246 0 106 26 200 255
    0 255 147 251 255 160 0 92 18 237 0 124 0 0 131 171 111 185 0 75 253
    246 0 152 0 255 249 84 0 255 127 199 255 132 255 172 142 224 18 5
    228 255 255 131 154 22 225 0 97 180 255 227 238 255 255 0 75 135 12
    241 0 52 129 70 255 46 0 255 177 0 251 255 0 0 118 190 138 46 152
    174 0 0 255 102 255 147 244 2 24 255 255 45 185 232 112 0 255 70 0 0
    0 160 255 134 0 0 180 0 255 198 0 180 255 128 171 255 32 255 111 252
    255 0 44 27 162 18 255 255 0 100 151 0 70 143 70 41 176 0 255 27 105
    0 1 255 183 255 245 255 196 220 5 238 144 123 168 189 0 255 123 110
    187 69 177 162 42 112 199 189 200 156 18 240 255 170 0 0 216 130 0 0
    255 0 255 112 0 255 207 170 255 197 81 241 56 0 0 0 0 247 238 38 172
    191 248 88 162 170 153 0 130 238 200 214 248 0 153 0 200 117 124 59
    107 13 255 0 184 0 11 255 255 41 80 86 213 39 0 255 255 227 22 223
    117 255 24 33 149 86 227 223 255 110 250 0 242 116 194 109 0 145 234
    255 11 255 219 255 174 0 255 203 102 255 0 37 158 0 0 0 69 0 146 67
    219 0 255 173 94 90 0 98 0 255 255 255 255 255 231 222 13 255 136 45
    0 0 35 255 224 0 145 44 54 108 144 170 85 143 198 203 0 73 255 63 80
    54 215 0 150 167 254 21 161 172 255 255 222 255 92 97 7 235 255 14
    255 47 190 238 255 0 186 49 0 1 255 40 0 104 27 6 254 255 255 0 122
    45 49 0 0 0 20 42 239 221 255 0 131 141 156 178 228 119 12 0 68 184
    0 84 0 0 29 255 255 191 243 104 255 83 203 0 47 248 116 84 0 0 0 1
    127 152 255 166 0 0 206 53 224 204 54 20 0 194 236 255 148 249 123
    255 255 44 0 113 0 55 217 228 255 163 255 115 253 0 0 132 234 46 34
    189 255 0 0 199 255 70 49 255 253 0 255 0 3 0 255 91 30 43 154 230
    255 255 255 0 0 75 208 227 255 211 0 255 90 44 219 0 255 255 228 8
    255 9 0 230 2 6 178 139 167 218 0 255 52 159 255 196 110 0 19 0 116
    128 146 19 0 255 125 0 132 62 0 45 157 198 0 116 211 154 176 38 172
    0 155 255 255 0 40 108 126 252 86 255 211 139 255 181 93 116 235 224
    105 55 0 29 77 0 88 189 142 0 255 85 52 255 124 36 0 103 57 169 10
    255 175 178 0 234 58 0 106 186 103 255 255 88 0 180 227 255 117 0 7
    255 0 0 129 46 0 255 255 0 37 255 255 33 248 181 218 0 171 252 193
    171 0 255 0 80 112 221 23 0 71 119 7 128 255 0 204 255 0 84 0 199 8
    133 255 0 0 0 0 166 255 213 255 254 0 6 208 126 255 28 73 78 189 10
    108 255 145 255 38 255 104 0 233 0 255 0 255 245 94 217 131 78 186
    195 177 18 197 145 182 61 255 27 255 0 166 255 106 0 255 0 196 18
    255 255 142 0 174 0 255 0 0 255 0 234 217 40 65 33 188 203 34 255
    172 44 0 156 58 8 162 26 32 0 209 0 227 255 0 180 194 255 168 150 45
    7 240 62 47 0 44 237 250 50 255 255 26 39 93 58 198 57 46 58 182 141
    0 0 190 255 157 188 186 27 81 63 63 90 91 87 59 255 36 104 167 205 6
    0 224 101 236 255 149 0 104 237 97 34 85 57 221 112 197 29 155 82 0
    140 255 15 0 255 193 79 0 162 255 0 214 0 0 201 145 0 83 169 255 120
    0 255 0 0 240 103 165 19 80 0 255 187 217 255 220 0 155 202 0 9 53
    255 0 181 0 0 10 216 255 130 255 216 0 0 139 255 214 164 255 132 0
    240 137 250 188 106 40 109 135 255 0 21 255 1 56 255 255 0 241 0 219
    95 225 29 0 255 6 0 61 0 255 235 0 155 3 109 255 255 0 13 222 60 130
    175 255 149 254 239 255 243 255 0 175 86 70 23 0 0 237 172 139 115
    255 0 39 255 73 154 218 0 100 143 0 201 195 64 200 169 0 48 7 0 101
    255 104 53 104 216 255 221 0 61 0 24 0 0 0 0 242 0 40 13 215 186 0
    118 0 82 0 225 255 255 103 203 184 241 72 255 181 212 201 17 255 110
    0 60 46 255 0 185 255 255 199 11 255 142 0 41 173 0 28 106 127 34 0
    79 119 185 205 0 236 249 205 0 245 255 70 22 201 178 250 0 0 96 255
    170 192 144 73 255 225 255 181 255 152 56 140 255 105 1 91 110 0 0
    235 22 188 156 255 122 114 102 0 166 80 31 255 177 255 101 205 0 104
    105 12 0 150 196 204 255 146 255 0 255 89 131 41 255 34 135 245 243
    0 241 0 13 116 255 255 16 190 0 255 0 129 255 0 255 255 74 135 255
    255 93 192 255 161 108 162 85 12 236 168 255 67 64 117 232 222 255
    255 0 180 237 105 141 200 6 180 85 214 255 255 255 80 52 86 255 0
    185 94 255 255 246 116 81 13 9 0 0 136 255 0 112 145 84 0 231 0 149
    0 187 255 0 147 137 12 255 0 0 109 255 0 197 208 195 0 255 0 136 11
    50 255 195 71 125 124 129 0 255 255 246 1 255 255 169 62 86 199 56
    236 255 0 255 17 254 244 189 255 52 31 231 176 0 0 68 22 127 145 180
    0 255 142 133 18 182 255 28 209 81 255 217 61 206 16 255 3 255 171 0
    255 255 137 0 176 255 0 255 44 4 138 102 9 0 0 11 95 8 227 53 248
    126 150 87 45 26 255 81 86 9 65 151 0 0 255 140 179 245 255 185 191
    126 64 189 222 7 0 114 245 255 255 120 255 255 6 0 77 147 0 0 103 92
    53 27 128 111 163 189 0 248 64 0 43 255 0 94 203 0 72 56 0 107 155
    121 114 235 144 0 0 91 255 61 194 255 50 135 255 0 216 82 255 255 0
    184 0 148 92 0 255 0 247 55 93 124 0 10 0 0 130 14 56 27 0 159 26 11
    181 0 255 0 219 255 0 70 0 140 40 255 171 185 255 255 0 0 240 0 66
    152 165 176 149 26 34 63 202 32 187 104 206 84 255 132 32 40 4 0 113
    6 0 21 86 228 203 242 12 0 242 0 155 233 129 17 0 255 215 58 0 118
    255 231 164 0 123 0 179 0 126 255 88 255 113 0 78 155 230 122 203 48
    0 5 198 14 116 219 235 0 126 246 255 86 210 255 0 145 72 0 95 42 180
    0 35 140 54 255 76 135 0 111 139 0 255 136 255 65 255 223 33 130 162
    0 48 255 86 5 190 255 44 201 209 221 153 13 255 101 255 0 255 0 0
    219 56 0 154 35 0 0 88 0 0 222 255 0 21 0 157 0 0 255 53 21 211 0 89
    0 255 124 85 255 0 215 67 238 0 255 36 55 255 145 185 240 220 0 28
    174 101 0 234 213 143 110 224 199 255 0 55 0 255 109 178 224 102 16
    0 111 43 80 116 253 0 0 99 255 97 0 255 0 191 0 255 179 158 180 248
    0 0 55 41 0 255 0 255 230 124 52 0 255 206 203 34 255 0 89 255 13 32
    60 28 111 74 255 255 255 151 0 148 87 204 85 0 193 32 255 210 73 227
    145 189 167 0 87 108 85 0 117 197 91 255 0 255 21 255 185 112 255 88
    234 180 255 0 0 0 19 146 212 255 103 146 255 232 0 108 255 238 206
    152 255 130 88 211 114 129 203 30 35 0 146 255 255 241 0 84 255 55
    69 132 91 9 187 179 106 112 251 218 0 225 0 0 229 0 147 176 48 241 0
    0 154 103 184 102 255 12 80 48 2 255 26 255 234 123 255 255 255 53
    255 121 0 255 5 155 255 255 152 255 68 85 248 0 76 241 255 24 47 83
    0 177 212 152 23 97 0 102 188 255 109 200 152 83 29 95 255 179 209
    41 29 0 55 0 0 101 255 255 0 255 0 181 49 255 255 0 0 238 109 0 0 0
    163 106 188 64 255 104 155 255 240 243 255 181 155 0 2 0 132 0 131
    141 255 255 255 213 101 0 142 0 36 255 180 255 33 245 23 7 202 149
    201 25 164 7 132 107 216 0 255 214 66 200 228 194 0 252 0 121 250
    114 255 255 101 255 204 140 91 84 238 255 0 15 217 131 40 51 77 255
    0 255 251 211 255 8 237 232 68 0 0 0 87 160 122 69 255 0 211 185 48
    244 0 221 0 255 159 193 64 36 154 30 91 0 102 0 88 58 255 237 199
    251 13 207 210 255 0 52 67 43 255 40 0 92 0 165 0 181 165 188 126
    157 87 47 85 84 49 255 0 14 255 100 29 204 0 255 255 255 193 217 255
    179 25 172 76 87 21 255 0 25 159 206 181 243 235 255 96 255 255 105
    26 255 217 0 0 202 158 108 168 0 179 255 46 57 255 145 191 143 2 126
    141 9 32 16 0 3 78 11 0 0 195 231 188 32 255 255 254 49 120 211 255
    162 255 0 10 31 8 241 154 46 0 255 0 0 135 46 3 105 255 213 65 255
    220 8 118 198 101 0 255 0 0 0 100 255 166 61 57 236 34 0 68 0 146
    244 77 255 246 182 214 49 59 0 14 255 65 233 198 0 187 255 78 0 122
    0 0 0 178 0 0 0 214 255 146 0 0 255 110 0 89 37 206 0 255 108 0 163
    255 37 83 0 255 133 154 183 169 255 25 30 120 0 90 255 234 136 109
    20 114 68 61 197 156 108 0 76 255 0 0 201 29 172 0 54 255 255 0 120
    255 193 0 255 107 0 65 185 0 0 212 181 255 255 38 187 215 0 0 216
    141 225 219 189 138 57 61 107 152 189 0 103 194 81 14 6 147 255 28
    21 86 255 0 0 255 255 255 225 0 255 255 1 18 5 255 0 247 182 255 232
    175 255 5 91 98 116 0 188 105 111 0 0 52 159 0 81 255 158 255 183
    159 255 218 35 132 192 142 254 249 14 12 168 107 0 120 127 32 192
    208 255 132 255 255 144 8 0 113 0 193 255 218 12 201 49 238 36 193 0
    255 255 0 0 57 255 0 155 252 176 0 255 190 120 255 0 93 255 0 0 179
    218 200 0 223 242 0 198 227 255 255 255 16 30 173 235 211 208 161 0
    93 145 186 255 84 105 110 135 0 31 255 184 77 155 255 247 66 255 109
    177 127 0 52 61 89 0 142 145 158 114 0 66 59 0 37 86 192 74 0 255 0
    232 166 226 255 0 31 197 0 255 165 230 251 207 255 162 175 255 165 0
    92 255 145 8 217 163 0 0 185 255 173 253 163 252 89 177 112 164 210
    253 37 14 177 0 255 237 217 44 217 160 232 245 14 70 191 132 122 156
    37 181 125 255 0 98 0 36 217 255 13 255 186 139 132 208 147 0 220 90
    242 105 178 196 255 194 0 104 136 146 209 0 255 0 212 23 0 50 151 75
    255 255 255 22 0 255 219 97 59 0 223 0 116 83 85 24 100 255 0 129 99
    70 48 177 255 43 0 151 133 3 12 0 110 0 5 70 138 211 255 131 255 43
    15 0 224 5 0 0 0 0 24 183 255 53 0 135 97 153 0 255 85 163 191 173
    206 255 76 58 255 74 230 106 230 255 238 95 255 86 36 236 143 124
    101 73 255 190 0 0 255 15 147 255 0 69 62 0 165 157 14 255 152 105 0
    95 173 0 38 217 0 0 0 0 255 255 255 239 48 243 0 31 232 255 0 0 255
    255 255 147 179 133 255 0 255 230 77 188 232 117 255 148 64 68 175 5
    133 0 129 136 255 180 60 237 255 240 0 176 247 119 10 73 1 108 255
    168 232 18 22 240 157 46 173 253 7 172 122 190 196 136 0 49 136 196
    42 87 128 0 0 255 152 5 255 0 47 80 46 204 71 228 0 138 255 254 142
    153 255 197 102 255 138 118 255 70 255 0 0 114 0 255 157 71 236 218
    206 255 76 48 45 255 0 113 255 119 141 0 0 255 0 113 210 92 120 0
    255 70 153 210 187 0 25 224 0 255 0 255 73 0 243 0 230 255 192 33 0
    245 0 25 62 48 76 255 54 68 3 70 0 208 0 42 255 121 197 255 0 242
    110 96 84 255 212 218 252 255 0 70 128 255 42 0 92 180 56 61 81 0
    255 56 254 13 236 255 0 213 38 90 221 33 170 0 255 19 159 119 222 92
    37 0 202 152 69 0 102 178 85 171 255 27 255 93 0 94 133 255 255 8 8
    255 0 105 255 67 255 31 0 255 29 0 250 218 0 0 0 245 0 226 255 255 0
    121 255 219 0 255 76 255 255 153 67 188 197 218 17 255 0 255 255 37
    218 180 228 255 250 235 233 32 228 17 51 86 186 102 152 99 255 0 218
    214 170 91 40 94 255 51 199 213 0 255 255 54 0 81 77 74 255 67 0 0
    44 0 168 73 195 0 0 11 2 68 255 110 235 195 0 228 0 233 15 239 255
    144 0 255 203 178 106 56 6 60 0 215 237 126 255 153 0 255 104 0 126
    255 76 255 154 88 74 180 206 61 97 0 246 0 191 89 0 255 157 0 207
    202 130 175 87 71 194 0 220 241 103 0 0 92 12 0 84 207 0 202 255 144
    255 0 86 214 138 32 0 176 0 255 87 211 0 255 255 191 238 91 91 251
    255 15 0 14 123 236 177 23 255 4 230 230 0 251 35 238 207 73 255 130
    171 182 228 226 255 149 77 125 0 31 0 0 74 180 165 92 0 255 174 17 0
    137 198 255 255 246 68 42 187 128 255 41 242 0 32 0 56 127 0 255 0
    255 214 0 130 183 255 47 196 156 0 7 0 216 160 136 169 0 255 255 60
    255 173 230 255 0 0 255 255 250 219 255 118 159 255 255 43 145 0 255
    181 0 0 0 130 86 0 165 83 0 183 14 38 65 0 82 0 255 61 126 167 0 255
    45 176 255 233 158 208 160 0 255 0 130 163 0 228 11 115 73 2 123 0
    255 204 0 250 0 5 29 255 108 42 156 255 179 115 255 50 0 148 148 8 0
    255 166 255 255 0 250 0 240 148 74 255 27 136 161 174 255 58 243 0
    21 162 21 40 83 255 255 50 175 255 246 4 80 109 0 10 0 0 40 95 255
    49 242 0 248 255 100 160 0 255 4 255 239 63 255 133 0 255 0 0 0 246
    0 0 155 184 98 255 66 35 96 255 255 50 89 84 39 255 106 233 78 87 0
    77 84 28 236 182 137 167 160 176 65 255 228 0 255 117 255 0 255 127
    210 152 201 15 223 19 0 8 55 201 255 125 0 255 0 11 209 0 154 20 255
    243 13 0 13 235 0 255 140 152 9 0 255 38 180 110 176 251 112 0 0 74
    122 174 0 189 0 114 0 0 255 156 144 146 151 255 255 0 0 254 236 218
    0 144 118 0 255 232 158 5 86 0 3 0 173 0 228 187 255 15 60 85 195
    255 0 164 168 119 255 111 76 26 202 236 0 0 197 29 0 255 158 113 0 0
    216 230 0 0 105 130 102 204 63 10 255 31 65 0 0 255 0 0 71 41 0 159
    14 199 255 40 209 153 146 231 109 217 211 142 34 42 9 255 255 159 13
    255 255 102 35 255 0 0 0 231 159 118 72 140 0 193 0 64 91 170 255
    255 30 200 209 77 255 0 143 0 114 188 190 0 195 79 138 227 191 0 0 0
    53 119 0 0 0 112 230 18 255 247 181 0 230 64 19 1 119 255 112 52 74
    91 233 197 191 242 124 89 255 216 244 95 207 249 186 161 0 42 94 255
    255 66 8 0 165 35 74 128 231 255 255 10 233 0 77 20 0 121 255 245 62
    0 161 255 231 0 255 4 254 167 85 95 0 22 255 0 248 255 255 138 104
    103 235 42 44 168 161 0 61 201 0 237 114 170 255 255 175 0 167 0 255
    35 248 83 240 255 0 255 0 255 208 2 0 255 239 0 60 149 0 0 68 87 36
    0 82 0 0 93 92 255 173 229 255 108 228 0 83 14 255 255 0 255 255 9
    56 255 193 6 159 151 220 104 51 198 0 129 213 196 0 255 0 141 0 156
    0 0 0 122 146 84 153 218 0 176 5 237 255 0 255 246 78 196 83 154 16
    255 206 0 14 255 155 115 6 14 121 32 255 100 219 32 255 105 255 163
    255 255 85 0 83 177 146 61 250 54 255 69 0 167 196 255 191 105 88
    160 229 241 109 235 75 75 170 151 0 244 227 194 255 53 75 187 86 227
    255 255 0 93 0 175 90 146 205 69 5 44 255 154 69 28 255 127 0 69 125
    23 149 255 189 255 255 141 178 255 97 243 255 197 162 185 168 110 0
    3 255 255 255 0 131 135 156 36 225 0 235 107 210 226 255 47 233 31
    203 230 180 0 255 0 12 8 78 180 122 255 18 41 87 108 255 103 33 202
    255 37 196 35 81 0 247 255 255 0 255 203 201 255 0 78 0 0 82 93 230
    0 27 255 228 35 255 255 255 0 87 255 33 0 217 55 229 158 172 52 16
    31 0 255 255 0 162 212 32 72 0 0 103 0 208 0 8 197 0 43 10 197 103
    19 255 255 0 179 39 41 246 255 230 233 0 111 0 219 200 190 119 141 0
    214 0 0 149 176 0 104 255 161 0 0 218 18 99 255 195 173 173 20 149 5
    104 160 0 230 113 0 5 112 250 255 212 155 183 74 29 217 86 0 186 203
    49 55 19 38 0 0 148 255 141 172 255 255 255 0 77 0 170 0 0 37 255
    162 92 255 255 255 100 230 122 250 255 0 255 0 0 108 112 82 237 128
    237 255 2 73 20 0 71 255 0 125 230 255 134 0 69 255 0 0 173 219 0 12
    182 140 49 0 107 241 255 0 100 94 101 109 213 93 242 246 0 46 0 255
    104 23 255 167 27 84 255 16 219 3 19 211 255 196 185 0 158 254 60
    255 0 72 253 115 4 228 21 76 184 255 233 238 255 1 255 129 64 255
    166 134 223 73 0 117 0 191 181 0 254 0 158 254 0 0 215 0 0 190 0 255
    155 12 155 0 11 0 0 171 241 16 195 0 13 162 200 255 244 200 0 55 245
    255 0 255 185 255 115 78 0 202 14 168 24 104 236 24 0 255 25 81 255
    3 166 255 4 0 96 165 255 255 44 157 102 122 255 97 0 185 250 255 35
    0 255 114 222 157 84 121 179 128 54 179 121 251 20 202 23 164 0 255
    255 255 135 169 52 98 131 0 70 170 81 255 0 194 46 0 207 151 241 255
    124 235 44 74 0 255 0 0 255 63 114 28 255 218 211 160 0 217 28 255
    255 143 38 218 186 45 55 82 104 255 255 65 105 255 255 0 241 255 0
    193 16 89 110 255 251 255 174 162 0 72 168 255 188 177 255 59 255
    173 194 227 41 178 172 238 202 111 255 0 0 112 7 0 255 0 81 0 41 255
    16 247 0 163 36 0 206 255 2 255 0 0 94 0 191 190 0 255 56 184 210
    231 255 0 158 217 255 126 83 0 178 250 255 0 255 255 237 0 255 192
    53 199 177 168 0 99 157 45 255 0 61 10 255 255 127 255 255 0 119 54
    0 161 0 146 0 0 193 0 155 126 255 133 0 167 188 161 88 255 255 130 0
    60 81 141 107 0 249 195 201 73 45 0 229 86 0 253 231 0 224 255 0 255
    255 140 44 187 255 0 178 255 45 8 251 158 0 242 168 67 34 101 0 255
    58 99 0 155 89 55 0 215 125 71 203 189 255 255 0 255 11 0 55 0 157
    88 255 134 0 10 251 255 102 111 12 0 255 86 255 213 0 218 55 108 173
    227 255 0 255 159 0 163 187 0 176 9 255 139 229 5 160 92 70 242 118
    0 255 92 67 26 0 255 0 0 0 255 91 141 255 4 110 190 204 42 112 246
    255 255 102 104 255 52 179 121 255 164 181 124 30 94 126 75 227 69
    255 38 179 0 19 221 74 166 0 0 38 134 161 255 194 255 255 255 255
    113 179 236 155 0 10 255 57 232 42 138 255 23 0 255 35 0 255 32 56 0
    17 81 0 78 36 0 0 185 255 70 10 0 255 0 142 0 169 153 180 253 42 255
    0 0 255 255 14 156 255 23 81 255 27 0 255 202 121 29 128 237 138 208
    0 75 40 206 75 133 255 98 209 245 2 255 255 255 147 179 67 7 158 234
    44 0 255 121 52 58 206 255 204 200 255 0 255 131 154 238 139 48 80
    81 0 255 180 255 188 170 0 255 159 55 221 0 155 103 66 0 255 213 109
    255 226 255 111 0 247 59 1 170 253 3 144 0 186 251 222 255 30 255 65
    30 191 90 206 0 200 86 210 1 0 107 255 144 255 0 133 3 0 20 255 253
    255 65 155 153 219 255 0 255 127 0 192 0 0 255 255 158 112 163 255
    145 255 0 210 255 8 196 192 8 255 255 39 92 167 61 123 199 157 95 0
    255 142 255 225 37 30 255 37 0 48 186 255 217 255 154 0 0 230 255 21
    182 65 144 255 60 149 25 183 139 103 0 131 193 59 167 135 255 255
    255 255 0 0 255 24 255 235 244 0 214 158 0 77 125 168 0 0 43 113 156
    180 0 249 234 255 29 95 59 255 220 255 230 74 118 33 55 237 255 5 0
    255 75 0 88 255 117 135 255 0 105 157 0 62 0 73 74 0 0 0 0 250 215
    64 149 0 120 230 123 2 255 81 95 255 255 92 255 0 9 187 255 92 140
    255 0 163 0 215 255 245 133 159 0 162 245 0 67 255 0 198 255 103 0
    156 0 219 37 255 75 70 80 255 255 141 40 111 228 4 209 21 0 63 0 0
    190 58 106 211 255 255 87 76 255 255 232 236 255 192 255 255 123 62
    255 8 184 255 255 102 106 159 255 2 234 249 230 203 58 232 14 35 218
    255 28 255 255 255 255 128 115 0 4 132 127 217 0 162 123 153 95 255
    145 18 0 203 0 217 101 255 104 255 255 209 139 255 228 0 255 172 171
    87 255 133 25 203 237 0 132 22 186 63 255 85 0 0 255 212 45 179 83
    171 210 150 255 255 208 90 0 0 0 134 98 0 94 0 144 126 255 28 127
    255 255 220 136 0 27 0 0 155 173 184 94 161 255 13 51 169 180 211 39
    212 67 217 195 50 140 139 43 255 211 0 76 0 164 0 12 255 0 255 15
    255 255 181 255 255 38 0 255 139 0 112 104 255 132 255 145 113 255 7
    196 130 108 168 155 0 255 0 15 187 255 61 92 126 154 125 175 145 52
    187 47 255 6 255 150 247 78 80 89 2 255 255 102 99 255 255 255 155
    255 255 27 51 63 143 53 255 77 251 0 63 19 74 187 255 180 140 234
    255 153 0 110 126 207 255 180 12 255 172 255 174 255 255 255 144 227
    239 189 93 255 0 33 101 168 114 130 255 15 109 151 21 255 112 248 0
    134 34 47 32 3 255 21 230 127 241 70 169 176 0 0 0 88 118 196 255
    146 120 78 255 82 255 140 37 255 255 255 15 183 121 235 152 174 255
    228 196 5 166 173 0 225 0 255 203 10 133 148 37 255 0 93 43 0 255 0
    120 0 255 68 118 255 255 255 0 90 233 101 3 11 23 0 74 112 255 0 224
    0 110 240 138 134 104 172 222 67 255 255 102 252 169 255 150 238 138
    168 253 8 8 0 67 255 0 205 248 0 136 255 84 252 0 31 5 181 171 197
    93 255 255 0 165 255 0 255 52 80 138 169 239 67 0 0 154 18 110 0 13
    144 168 224 0 255 111 94 143 143 50 206 109 79 255 227 101 117 1 18
    55 255 255 255 15 198 127 177 165 175 180 55 163 0 200 255 215 194
    41 59 0 0 255 42 76 197 119 0 1 36 11 208 0 97 58 222 92 18 176 16
    255 3 4 255 42 0 177 45 141 15 157 95 255 85 207 59 252 255 129 0
    112 0 255 187 0 29 221 118 89 208 98 39 255 255 216 0 75 46 230 0
    235 255 229 125 159 13 162 89 0 71 227 3 255 255 255 255 4 255 0 127
    116 0 185 0 24 138 0 26 212 0 0 255 162 148 146 229 135 104 0 156 25
    138 255 255 146 58 149 241 69 110 178 255 0 0 13 255 0 63 67 29 255
    88 0 255 121 88 255 0 232 39 0 79 211 231 0 255 255 208 101 0 0 73
    53 255 164 255 164 91 193 99 15 47 93 255 171 0 5 30 229 255 255 114
    255 0 246 0 125 143 89 255 113 234 227 30 52 150 19 215 208 237 46
    64 83 255 153 242 34 31 157 255 182 255 255 80 0 0 0 145 0 143 0 99
    56 134 1 0 228 0 121 102 125 171 59 134 253 255 255 243 255 98 255
    115 207 21 0 46 146 0 209 143 221 183 36 59 44 255 238 0 168 133 242
    223 223 213 165 238 208 76 255 140 0 137 255 140 19 112 141 0 103 10
    0 0 128 255 255 23 188 0 124 0 183 18 188 104 10 103 0 255 255 255
    241 119 156 0 0 0 196 251 99 28 255 207 0 190 0 255 203 231 255 255
    0 0 70 0 255 255 0 255 165 255 255 50 0 163 0 33 0 0 255 0 0 0 200
    121 141 232 11 98 171 232 241 125 244 0 90 255 255 0 48 57 210 0 142
    234 255 25 20 52 0 57 63 0 148 252 82 38 92 27 224 255 218 255 0 149
    26 255 131 83 0 72 255 82 155 236 0 139 142 255 0 0 0 72 179 0 255 0
    255 1 88 219 55 183 134 255 170 21 255 255 48 184 255 149 218 0 137
    255 0 196 0 96 187 87 255 241 145 102 121 199 102 220 120 255 130
    230 255 0 32 38 104 161 85 255 220 107 232 140 67 0 72 89 0 14 4 10
    90 0 255 255 121 120 48 49 215 17 113 22 233 209 255 188 0 30 217
    126 90 255 70 255 41 32 235 255 133 0 0 67 0 0 22 255 224 255 255
    255 169 25 159 60 0 127 247 232 100 255 213 202 162 152 255 69 237
    255 224 255 243 105 217 204 255 169 65 0 0 75 36 26 87 0 255 194 0
    67 191 0 64 87 132 93 105 247 255 204 0 0 239 252 0 0 64 0 170 0 0
    172 0 255 108 16 0 0 125 171 0 154 241 0 149 0 17 113 223 247 226 93
    255 255 255 0 199 255 92 0 215 255 180 179 218 206 147 163 186 255
    53 163 203 255 0 105 75 102 217 255 145 109 255 0 0 86 162 27 237
    136 83 251 198 180 136 255 191 13 255 96 255 255 0 255 0 0 253 20
    175 0 176 0 194 73 180 123 34 255 233 0 68 15 255 94 255 255 165 211
    0 255 0 129 82 197 70 6 106 255 255 0 192 255 0 82 15 98 206 146 0
    103 0 255 239 255 213 115 179 0 83 0 255 224 128 255 200 93 255 208
    40 255 109 70 0 255 19 0 104 175 29 61 137 255 137 255 166 36 118
    221 255 164 93 199 0 255 76 255 255 206 255 73 255 255 3 117 98 19
    11 215 129 33 255 166 160 155 160 78 157 255 174 0 130 249 0 197 3
    121 255 255 210 218 255 27 83 33 119 238 0 80 182 0 242 255 0 236
    237 98 255 255 84 130 55 29 17 82 0 255 74 255 0 179 219 255 168 147
    123 255 153 96 4 240 6 28 0 0 54 0 135 59 169 255 191 0 27 255 82
    255 255 28 255 161 193 109 190 79 166 25 56 172 200 156 118 31 231 0
    174 176 190 255 162 0 255 0 255 61 0 232 255 0 45 225 195 121 239 0
    255 132 4 255 151 28 182 243 50 4 255 0 206 255 114 255 20 225 25
    255 255 75 242 45 0 255 253 255 5 255 255 255 0 255 255 255 0 188
    215 63 74 0 255 113 157 76 0 255 247 109 92 126 138 169 36 157 64
    255 120 9 255 0 54 79 129 198 255 88 0 16 219 168 103 175 52 198 255
    12 0 255 0 152 43 255 255 220 88 255 0 219 255 174 44 255 207 15 254
    0 0 51 0 24 23 208 0 227 109 255 53 35 255 37 0 252 0 226 15 255 0
    107 255 255 252 47 220 47 95 56 136 196 129 104 128 88 84 99 27 0
    255 0 152 255 173 137 161 0 255 0 114 255 255 255 0 152 194 0 15 11
    235 203 0 74 0 96 0 59 42 0 182 0 140 215 83 98 253 12 0 45 11 235 0
    255 255 240 29 255 0 175 0 0 255 255 255 72 255 255 255 115 255 187
    225 232 113 213 35 255 0 88 231 0 214 255 173 230 255 103 185 157 0
    99 255 0 205 255 222 0 255 229 0 0 255 16 255 255 190 255 255 226
    255 255 142 0 255 255 0 255 0 243 100 0 0 199 0 229 138 183 0 255
    189 255 196 0 250 231 106 0 105 116 0 208 194 255 233 0 179 0 255 83
    147 150 223 235 127 189 65 174 117 0 0 70 0 179 0 128 15 198 42 238
    48 86 0 255 18 205 56 72 127 70 131 207 117 6 255 75 0 104 192 105
    255 154 107 255 121 100 206 217 230 37 109 127 114 0 255 0 0 3 255
    230 255 77 0 255 11 227 255 255 0 254 255 140 0 236 208 191 255 39
    226 237 255 255 0 0 0 107 252 239 53 229 253 75 215 115 238 144 208
    0 135 176 71 255 0 0 255 91 0 107 161 114 0 255 240 0 110 182 80 204
    255 173 119 111 255 0 125 145 150 0 97 165 0 0 199 122 0 0 20 251
    255 0 255 48 211 233 239 36 255 0 187 39 108 169 20 0 7 0 109 116
    148 111 5 8 255 255 59 0 118 45 30 194 0 0 124 225 31 106 0 0 99 255
    73 58 255 19 221 11 112 81 69 175 98 0 255 234 172 179 127 117 151
    228 255 255 166 255 0 121 255 0 0 133 0 149 160 255 255 255 0 209 16
    255 216 176 255 255 53 72 111 228 0 32 255 144 165 255 230 20 106
    255 0 89 70 23 215 0 68 255 255 224 51 51 29 52 255 237 124 255 185
    0 0 255 251 170 255 216 101 248 43 0 186 53 42 255 205 109 242 110 0
    0 47 133 85 149 0 228 0 255 0 0 8 228 0 0 251 73 0 0 90 198 62 230
    255 30 246 99 198 17 72 0 255 0 255 129 16 255 0 255 0 0 134 255 190
    0 231 99 255 0 52 0 50 190 15 56 199 176 142 255 19 4 0 144 233 0
    244 91 84 3 168 101 183 38 179 139 238 0 175 4 244 74 0 253 216 101
    94 222 28 246 143 32 90 14 70 255 132 0 0 1 63 137 117 255 229 153 0
    175 255 255 84 255 179 106 213 99 0 128 0 0 143 12 218 0 239 254 0
    192 22 0 145 255 159 27 255 255 230 255 8 38 81 196 12 255 102 0 255
    39 245 3 197 255 255 0 37 86 43 0 208 255 138 255 163 179 152 255
    255 0 98 250 235 162 98 253 255 0 185 255 143 51 203 0 145 144 68
    255 247 75 108 3 133 255 130 100 255 207 85 5 70 51 0 77 255 127 0
    255 35 152 111 197 86 99 0 255 63 0 0 44 0 0 0 0 0 170 60 10 171 255
    232 2 0 106 199 220 180 89 255 255 67 61 132 0 198 28 241 255 0 0 0
    224 156 251 168 61 0 160 255 0 105 223 171 213 155 255 255 194 255
    148 212 0 77 179 0 233 0 194 156 218 7 185 102 0 156 182 191 255 0
    140 161 0 0 124 154 6 0 103 255 124 0 184 138 69 102 0 219 148 87
    102 0 197 235 64 132 173 0 165 105 63 13 255 255 223 0 150 166 255
    126 0 222 182 132 156 122 255 255 214 21 0 53 85 149 255 177 227 98
    130 68 151 239 100 0 0 255 0 192 255 0 255 105 176 0 86 147 153 185
    0 14 248 107 253 255 0 135 54 138 0 0 255 245 119 72 29 0 86 40 224
    195 112 64 0 100 71 184 225 254 255 236 233 0 215 128 169 84 50 68
    148 0 160 255 139 133 27 202 108 222 204 255 79 0 255 44 97 203 0
    157 0 231 64 0 67 255 30 255 255 93 255 148 0 251 172 43 205 13 217
    255 2 255 77 0 194 111 255 37 77 201 0 139 141 42 80 180 59 181 34
    255 212 255 255 163 147 93 28 126 8 255 255 153 169 255 10 255 230
    25 133 71 165 255 0 112 229 0 226 119 0 30 120 255 255 220 255 0 29
    73 0 213 0 0 235 0 166 18 233 255 0 201 83 255 89 233 209 62 0 197
    123 0 64 105 0 19 214 243 130 0 216 239 0 254 26 0 255 112 0 0 170
    255 0 255 88 144 255 248 59 72 255 0 215 27 96 209 81 183 0 255 68 0
    106 255 0 81 0 251 0 0 158 102 255 21 79 0 216 47 31 159 0 88 176
    195 49 24 255 30 0 137 0 0 255 0 68 17 98 40 0 228 133 89 129 51 56
    95 255 150 151 166 32 24 26 0 63 0 84 39 255 0 0 255 255 0 18 255 92
    228 114 0 255 188 9 93 255 253 244 46 0 0 255 94 246 255 255 159 0
    227 237 0 160 54 70 255 236 255 190 172 255 219 113 255 118 12 93
    219 214 0 0 255 0 76 198 105 105 108 0 127 177 255 108 27 207 23 0
    255 0 196 182 0 90 66 178 154 255 114 167 126 128 29 217 255 224 155
    0 0 0 0 255 205 0 51 38 0 51 0 201 219 255 174 255 122 201 0 246 216
    65 87 0 26 0 154 255 148 7 105 151 255 42 156 136 24 61 255 255 0 0
    0 255 212 0 178 200 226 223 139 162 151 208 255 144 255 0 204 76 234
    0 226 132 0 72 156 255 166 141 55 43 43 255 255 161 255 214 255 153
    84 130 96 255 39 94 255 237 150 68 20 0 255 1 230 173 0 199 206 79
    152 215 108 255 255 226 69 128 148 228 0 0 155 246 206 98 139 150
    225 36 89 233 0 0 120 174 137 0 255 233 0 25 39 0 82 138 255 124 0
    12 253 121 182 135 182 228 0 255 83 0 255 93 41 137 70 149 108 63 0
    0 177 255 255 127 0 0 57 142 180 139 54 197 0 88 133 255 144 255 255
    255 255 196 162 144 68 223 255 166 106 203 0 0 42 0 0 92 56 255 0 0
    149 7 143 112 65 203 149 0 255 81 255 80 255 137 88 228 101 28 10 0
    231 231 11 0 0 255 8 39 70 58 0 201 217 255 255 64 255 255 0 8 0 58
    190 0 0 31 255 255 255 240 0 107 0 231 191 255 70 255 255 200 72 204
    204 248 0 206 103 219 124 79 255 0 78 227 0 30 13 180 144 0 138 0 13
    0 62 0 106 255 190 135 23 0 255 83 0 164 0 255 44 179 202 0 12 0 255
    255 17 23 0 218 71 97 253 73 32 201 0 0 32 16 0 154 118 67 255 166
    150 7 133 206 59 0 0 192 0 255 255 157 85 255 105 6 218 46 224 0 144
    39 42 0 0 0 59 255 124 221 84 133 150 255 255 80 255 0 160 77 255 0
    0 18 238 139 47 98 233 0 201 137 14 0 93 255 11 227 255 255 191 255
    255 68 164 252 255 189 154 0 96 81 35 255 0 255 76 159 177 255 14
    255 241 68 255 212 108 255 20 140 255 129 255 192 0 234 218 139 57
    236 255 254 80 147 248 92 25 118 32 255 255 0 255 249 255 204 0 11
    255 34 0 254 25 211 255 255 51 186 213 44 106 255 150 45 205 0 255
    157 153 255 0 198 0 124 255 44 29 0 125 255 163 156 134 158 0 53 255
    238 185 0 113 85 0 179 255 116 0 92 0 152 21 255 238 25 98 255 228
    16 76 91 128 255 0 37 255 129 74 151 159 255 255 0 255 251 0 123 255
    0 36 43 209 152 255 255 159 118 75 0 0 252 91 117 150 196 255 0 255
    255 209 162 218 217 255 179 216 0 188 255 131 153 118 0 69 73 175
    232 0 255 255 255 206 182 255 255 0 243 255 252 192 131 56 255 0 0
    25 255 18 255 44 172 65 255 210 139 255 129 0 153 58 89 255 255 202
    255 199 255 255 201 187 0 255 0 255 255 0 255 90 254 0 123 113 126
    245 0 0 0 242 202 255 254 255 255 26 0 0 60 255 85 255 255 255 224 0
    255 255 255 255 87 255 74 0 121 255 0 17 99 221 0 255 255 161 149 0
    171 132 0 255 61 78 3 0 196 26 0 144 255 0 156 148 4 248 255 0 0 224
    42 230 54 207 20 255 52 168 255 0 255 195 47 35 0 97 83 167 214 228
    0 255 0 0 0 121 136 255 120 255 243 42 138 32 31 254 186 0 255 163
    255 224 212 119 30 255 30 174 245 108 255 30 0 62 244 234 46 127 214
    210 88 233 159 255 44 66 153 164 54 48 76 255 0 0 255 214 73 0 39 0
    0 255 91 129 15 255 0 169 224 117 58 161 34 228 53 255 231 0 0 212
    128 19 255 131 187 0 75 255 39 221 182 255 247 0 255 255 0 255 0 77
    139 41 87 53 114 0 84 0 38 242 255 255 12 189 160 104 198 0 68 1 27
    0 114 243 0 66 172 120 0 210 149 124 70 93 156 143 0 161 30 0 125
    255 255 237 172 120 2 255 0 99 38 5 17 14 9 15 128 51 0 227 0 0 0 0
    113 156 4 0 0 255 77 183 26 168 172 0 0 231 8 122 244 99 40 5 95 189
    31 40 36 165 189 5 224 132 79 0 127 0 0 0 207 110 8 247 111 190 230
    185 173 198 143 61 0 0 166 148 0 104 0 255 179 148 158 250 227 59 0
    204 255 0 255 0 244 59 33 43 69 182 255 157 248 13 188 187 111 162
    102 120 166 163 10 0 224 0 255 228 140 0 255 89 0 70 0 185 22 110
    127 201 98 0 51 140 255 0 0 160 0 247 255 255 255 0 181 222 0 18 0
    84 255 0 0 255 70 255 180 50 158 255 255 128 0 0 130 0 249 66 24 200
    121 125 255 241 61 255 255 255 218 118 0 51 99 255 0 0 186 149 175
    33 58 40 189 110 239 206 135 0 0 255 65 126 201 255 29 125 216 145
    255 64 45 218 255 98 255 0 0 241 255 51 255 255 255 0 255 255 0 41
    249 214 3 221 255 0 229 160 103 255 121 122 38 172 49 214 202 0 243
    84 140 99 186 0 163 253 95 165 241 255 42 169 15 0 125 0 111 0 72
    139 253 230 251 226 58 255 205 194 255 141 255 71 196 255 151 249
    181 209 169 72 14 4 0 0 157 255 44 218 192 255 255 255 255 246 134
    186 0 87 6 26 255 208 253 255 22 255 0 189 250 193 0 0 170 255 244
    66 0 192 80 255 18 184 202 0 68 234 228 255 12 255 180 0 176 0 184
    179 244 255 237 227 255 255 0 0 0 200 28 255 0 255 56 156 133 90 101
    148 205 255 0 116 54 255 255 0 47 59 69 60 223 255 255 113 255 255 0
    9 0 255 0 137 184 228 255 32 255 37 194 164 0 255 251 26 200 242 171
    0 255 186 0 168 73 0 0 58 158 255 51 69 254 0 223 255 55 179 255 120
    132 248 58 192 255 176 255 110 248 0 0 243 221 27 255 54 39 255 134
    0 250 72 0 184 148 0 255 4 255 255 0 90 6 207 128 0 78 0 255 211 67
    169 255 0 199 0 0 118 0 31 158 109 53 16 91 35 192 0 126 255 0 255 0
    141 255 255 225 197 183 255 255 150 235 165 204 37 124 126 79 0 255
    255 49 0 178 255 0 216 99 222 255 0 205 174 170 255 255 225 255 233
    255 0 239 241 160 27 93 65 86 135 127 253 255 141 0 42 255 247 237
    202 144 0 0 0 76 155 255 242 255 97 74 255 255 0 0 111 244 54 145
    255 255 232 252 0 236 255 198 163 255 255 164 255 255 0 72 47 255
    169 255 0 255 143 233 255 233 255 237 5 255 222 0 99 4 0 74 255 118
    162 255 106 38 182 115 251 38 36 120 194 5 34 6 0 255 158 150 0 0
    103 0 186 203 249 0 255 44 0 169 255 0 255 166 0 129 46 255 255 0 80
    228 0 0 180 255 163 255 255 255 47 255 246 49 150 255 255 172 210
    117 0 196 3 48 97 13 154 255 204 0 0 208 255 5 194 185 252 245 214 0
    175 65 226 39 255 36 205 0 255 40 223 186 255 203 171 192 255 212 0
    111 67 92 143 255 255 239 17 61 251 120 149 11 0 255 219 255 0 189
    185 0 156 218 13 66 255 42 229 0 124 105 46 82 255 29 204 255 120
    213 165 255 240 147 255 178 177 73 0 255 255 220 165 145 0 202 255
    228 198 206 89 255 255 255 123 167 25 207 71 228 179 0 18 255 255
    183 80 123 10 97 177 255 103 155 224 255 29 0 0 238 147 161 126 0
    227 0 0 17 0 99 192 0 255 61 255 234 252 53 41 255 0 234 187 140 60
    19 255 162 190 25 117 137 60 42 232 92 79 127 230 85 241 255 203 255
    255 194 167 198 86 157 255 38 153 0 0 0 77 198 206 0 255 255 81 145
    195 0 242 255 104 185 50 255 11 251 0 212 215 0 172 0 242 245 5 255
    255 255 227 0 145 84 18 249 155 124 206 103 255 237 255 84 255 223
    225 255 165 194 45 226 255 228 0 14 214 0 167 92 0 27 7 150 0 255 0
    102 255 92 255 0 81 7 214 95 159 0 255 0 255 255 254 66 92 20 17 199
    229 208 62 255 89 226 160 0 255 253 0 113 0 0 212 162 255 255 74 0 0
    0 111 138 182 255 4 255 200 23 94 95 255 199 227 127 255 255 255 232
    255 255 57 89 255 96 255 255 49 255 25 0 198 255 0 255 255 244 255
    255 90 59 0 10 102 142 171 255 7 31 40 255 112 240 193 139 217 0 188
    138 178 0 194 255 255 190 255 156 193 29 0 150 182 0 255 64 114 70
    192 255 133 208 55 0 110 255 145 41 255 242 255 92 169 255 255 45
    255 64 0 255 255 198 156 0 14 247 212 212 220 237 135 105 255 21 255
    12 0 0 255 160 87 255 0 255 255 143 82 153 16 151 156 0 151 15 2 213
    255 255 42 0 230 149 0 87 71 192 255 223 93 229 191 0 0 255 230 67 0
    206 102 0 177 255 0 220 130 9 255 8 255 140 0 91 255 255 234 255 245
    77 255 0 255 102 175 255 0 134 248 114 135 99 80 195 175 255 255 255
    255 0 201 0 0 0 90 147 231 51 0 174 151 52 0 0 0 159 153 255 255 0
    156 91 246 0 85 98 255 71 44 99 6 204 255 209 85 255 185 255 0 255 0
    255 13 0 246 255 190 0 0 196 244 230 101 255 20 195 182 229 198 19
    159 0 167 0 0 151 164 255 10 5 99 0 27 106 117 172 32 104 110 143
    160 153 101 154 255 150 0 115 0 167 0 222 57 165 218 255 4 255 251
    255 153 211 108 4 0 210 0 21 175 169 181 255 0 191 25 85 0 164 187
    194 122 255 1 187 114 204 0 255 255 121 255 8 255 0 218 0 75 5 185
    201 255 0 153 159 19 0 175 57 0 0 10 255 173 217 3 0 255 255 231 203
    0 255 70 28 78 0 255 0 110 0 255 101 242 255 255 213 64 0 169 239
    229 255 74 176 158 0 49 62 58 113 187 255 23 71 0 0 13 174 253 84
    255 159 37 0 0 21 218 200 152 153 18 221 239 193 255 96 0 29 119 255
    222 255 0 240 83 255 0 0 255 176 139 141 0 0 255 34 48 255 243 255
    255 48 255 109 205 45 255 72 0 209 26 0 102 31 222 0 160 255 0 0 70
    229 0 0 43 203 83 0 240 255 253 255 85 197 96 74 255 0 0 39 162 212
    242 81 82 252 91 134 178 255 0 184 205 0 72 0 67 189 98 0 0 0 116
    112 113 0 12 183 173 172 68 0 0 0 0 119 224 0 0 255 0 196 162 227 0
    255 255 114 0 18 142 53 255 250 0 0 255 0 0 0 168 250 78 14 44 255
    244 120 228 38 255 86 19 255 102 221 255 145 224 160 247 255 0 0 0
    255 255 227 190 223 255 101 81 255 0 0 0 0 59 142 255 255 0 31 255
    225 212 255 0 35 0 0 0 0 0 255 255 182 191 135 0 245 255 0 103 66 71
    255 255 219 255 33 67 1 180 59 7 250 0 155 0 0 0 91 195 125 20 245
    255 255 131 203 211 255 219 170 220 255 94 0 94 81 187 0 255 238 0
    111 0 77 255 221 121 255 193 169 94 105 32 255 120 0 166 195 144 0
    255 0 113 225 0 188 75 107 95 29 70 37 22 209 0 255 101 135 185 100
    159 255 224 161 147 162 129 0 121 90 221 76 227 30 18 164 213 255 0
    255 217 181 104 255 255 180 125 138 207 207 45 255 50 255 217 212
    133 250 255 255 103 51 82 70 255 95 125 255 254 0 104 71 255 255 0 0
    125 14 218 0 184 64 5 244 20 238 133 0 232 0 33 255 16 0 255 255 229
    255 0 6 255 0 145 56 89 255 0 207 171 255 255 0 66 0 35 0 151 129 61
    221 195 222 137 231 0 246 240 255 1 121 158 114 124 25 19 5 75 94 0
    255 0 0 93 0 127 0 48 74 152 255 0 244 255 156 255 53 224 0 0 173
    186 193 255 64 101 255 214 0 0 0 255 68 255 115 206 29 203 188 201
    99 95 89 255 88 247 37 102 3 3 168 55 0 32 237 0 0 255 159 0 93 198
    0 223 6 117 208 200 132 245 40 255 150 255 253 255 159 171 213 255 0
    173 220 0 255 124 0 118 2 0 73 255 0 94 193 227 255 70 217 203 0 205
    84 41 249 47 255 182 187 255 0 139 31 160 78 0 106 0 78 204 57 0 41
    16 28 177 255 142 81 10 165 113 195 189 23 72 243 0 59 167 255 55 68
    255 0 179 187 7 0 130 159 0 255 0 0 255 33 54 162 177 73 147 244 255
    44 0 28 0 81 0 255 0 255 255 112 192 255 255 8 196 81 91 191 79 255
    255 0 0 52 134 0 255 148 195 209 170 117 0 201 41 117 0 11 0 126 255
    132 179 255 169 119 0 234 168 251 107 123 54 0 149 233 26 255 0 157
    220 22 0 132 138 0 74 198 240 201 66 40 182 120 46 181 0 5 204 0 201
    252 155 255 0 133 0 0 0 255 81 0 19 255 0 0 11 0 140 146 50 199 166
    50 255 238 145 255 11 112 70 181 0 255 255 0 0 187 0 0 171 223 0 0
    213 0 255 255 0 170 255 0 59 143 255 0 27 40 166 102 104 157 238 204
    29 255 156 0 148 0 198 255 167 106 70 255 46 0 230 0 116 255 26 126
    59 93 37 56 158 255 16 241 60 255 45 0 238 144 255 77 161 43 47 0
    255 23 252 255 63 64 255 114 255 0 97 31 40 255 255 78 130 156 255 0
    255 135 133 149 43 255 166 255 0 234 221 122 142 182 9 124 102 109
    29 255 255 10 255 96 75 0 24 148 54 0 0 176 202 50 255 255 252 168
    255 61 90 32 50 255 185 255 0 53 32 163 221 68 116 255 24 146 0 255
    0 76 255 68 199 0 157 49 255 121 184 0 160 228 77 181 0 127 67 70 7
    131 147 10 255 239 0 243 101 129 30 21 98 237 255 255 0 153 124 4 0
    130 172 221 225 0 255 77 10 255 42 0 222 11 255 47 255 61 167 255 20
    147 0 255 175 0 0 127 160 234 78 87 159 137 32 208 230 0 255 157 159
    250 0 0 158 137 255 0 48 93 141 0 86 94 86 67 91 255 0 65 255 46 154
    255 234 255 126 244 23 187 138 0 59 234 182 95 131 255 0 154 24 255
    146 0 255 53 0 255 149 0 241 255 94 208 255 225 149 219 248 68 0 255
    255 172 249 66 111 83 255 87 207 220 198 78 37 0 105 117 60 80 69
    255 107 0 0 152 130 127 20 0 135 255 208 59 199 209 216 71 255 0 46
    107 115 243 245 122 32 21 102 87 234 58 197 0 0 121 255 100 0 255 76
    0 193 196 255 0 255 110 0 189 0 0 253 173 255 166 10 84 255 145 0 0
    255 181 176 61 0 0 240 84 46 135 235 144 0 55 0 0 255 76 8 241 15
    174 0 0 148 180 150 0 183 98 255 0 16 1 0 21 255 225 168 64 255 141
    196 109 255 255 255 25 195 255 0 0 78 196 0 34 135 255 198 248 255
    46 89 156 242 0 203 90 181 37 196 0 226 171 129 130 255 0 49 61 255
    255 125 154 210 137 0 0 73 255 218 255 0 0 115 255 255 68 115 255 92
    67 67 210 241 253 255 0 26 215 204 3 0 255 0 73 12 91 255 103 65 141
    255 133 142 132 94 31 255 103 64 78 197 202 7 180 255 196 0 186 0 8
    255 211 144 20 221 16 67 74 176 97 27 192 220 215 255 0 78 255 114
    33 211 0 255 255 43 255 255 70 165 71 135 88 65 255 255 255 226 184
    148 0 20 118 236 0 255 0 113 197 122 0 208 229 9 0 0 255 0 49 148
    195 0 151 23 8 0 0 0 255 0 0 255 141 192 0 0 210 211 149 0 255 69
    208 148 37 79 0 255 153 255 197 127 161 244 195 0 58 83 133 217 0 0
    33 0 135 0 109 144 74 0 255 70 5 89 0 56 255 255 219 255 0 168 180 0
    189 255 255 255 111 255 196 255 255 210 25 255 0 255 65 161 121 187
    142 1 26 140 73 202 102 151 108 107 0 241 255 175 167 255 37 161 7
    88 247 181 255 12 0 0 99 193 18 180 153 86 47 214 0 113 255 0 0 181
    146 107 18 223 149 0 240 115 212 0 152 255 131 0 0 169 101 0 0 0 0
    255 187 30 0 255 128 0 211 0 179 57 0 255 127 17 39 104 223 205 255
    117 194 182 140 105 50 126 228 0 222 255 234 255 57 194 230 250 2
    206 106 0 11 156 129 0 221 207 255 102 255 162 238 234 97 248 157
    140 156 30 0 163 227 255 75 202 205 183 137 117 255 255 0 102 219
    255 0 100 243 0 255 125 64 242 72 255 0 0 54 70 0 255 255 198 0 0
    255 15 175 201 13 210 68 73 6 77 24 73 0 0 252 0 197 0 160 150 56
    200 255 197 0 95 0 0 0 255 240 175 2 242 60 118 0 72 210 210 119 255
    255 61 239 255 8 81 219 73 222 232 10 210 86 255 54 125 0 0 151 246
    12 219 220 93 235 43 255 121 0 0 56 0 150 63 255 144 123 108 123 67
    255 34 0 255 119 0 0 180 130 207 187 84 255 255 146 181 255 119 6
    204 0 255 255 225 227 0 169 168 0 255 0 255 40 92 0 172 47 0 135 165
    131 49 72 0 115 26 141 188 170 181 0 255 133 108 206 0 0 0 255 255
    142 44 41 203 149 159 88 61 255 62 0 122 239 94 255 0 185 255 121
    255 255 25 45 0 168 199 168 88 247 0 46 96 0 69 152 91 0 0 33 0 195
    0 54 195 255 142 0 193 120 7 0 154 255 156 255 255 255 157 0 0 213
    255 37 0 0 255 186 192 16 255 9 2 239 0 180 200 95 62 130 61 31 255
    255 253 0 123 32 0 0 252 255 0 255 133 163 255 191 0 255 185 239 255
    241 165 255 52 249 255 0 172 42 255 0 153 96 7 255 83 255 108 183
    118 54 12 255 0 255 40 255 93 0 0 1 0 214 255 86 255 252 137 199 0
    75 163 227 23 0 219 255 255 255 223 216 183 223 0 21 0 5 177 105 142
    255 245 234 255 149 0 0 107 213 255 120 0 102 16 25 160 255 67 234
    241 102 91 0 246 62 217 255 46 223 244 39 229 180 127 93 255 0 0 202
    20 48 206 12 10 249 179 36 23 71 0 86 27 70 170 255 6 227 20 164 0
    80 0 95 0 164 253 217 12 4 0 0 232 36 255 58 0 0 0 255 0 82 211 255
    234 114 249 169 81 255 218 255 83 0 155 239 30 176 168 47 192 32 255
    0 226 61 200 255 255 140 43 185 189 95 50 208 212 113 48 0 55 164
    255 163 133 0 84 229 218 255 255 168 0 0 238 39 225 0 224 232 84 244
    233 2 0 192 164 197 255 65 255 167 198 17 0 255 16 76 255 120 93 222
    166 52 201 255 149 176 176 0 38 145 167 74 117 255 255 255 216 139
    225 113 131 128 223 255 207 0 0 0 120 255 255 0 0 0 174 0 226 177 14
    89 0 86 0 236 0 217 212 0 195 105 30 255 174 248 232 48 154 0 255
    241 86 189 2 159 249 181 255 255 10 125 185 77 98 37 255 0 255 164
    159 118 226 133 169 215 255 11 78 255 145 77 128 166 33 64 255 152
    47 255 0 36 0 255 0 194 255 255 7 122 47 126 0 255 68 255 253 230
    255 60 205 255 0 0 142 255 202 0 97 174 8 178 0 122 255 255 173 255
    9 255 255 10 255 255 255 38 227 255 255 24 142 108 138 0 105 255 95
    130 0 93 72 219 184 158 114 255 96 255 255 255 212 255 0 0 0 217 98
    255 13 0 127 60 187 255 184 118 255 198 0 0 0 220 107 21 0 187 73
    153 15 255 255 255 154 215 0 129 0 255 196 119 255 0 149 79 84 255 0
    58 0 25 35 142 48 29 123 255 0 30 58 35 124 226 0 203 135 0 28 200
    220 112 255 89 125 43 238 98 255 0 69 210 157 22 55 255 61 172 120 0
    0 255 147 255 255 229 219 255 251 0 20 178 61 106 51 123 195 115 255
    255 255 167 255 0 191 255 225 255 255 29 255 255 109 255 103 0 0 143
    84 166 240 255 185 37 13 0 255 215 0 11 144 62 60 0 195 105 255 193
    117 0 145 179 47 189 44 194 167 197 255 215 0 190 3 235 86 0 0 247
    76 27 255 131 134 101 194 255 15 196 224 255 255 243 255 255 2 148 0
    0 53 155 0 252 230 177 255 208 188 174 255 231 88 0 29 0 46 255 43
    65 170 209 255 163 255 118 0 0 255 255 13 184 118 0 255 0 0 5 23 0
    255 104 206 108 70 236 125 255 255 0 57 255 255 0 57 0 244 255 70
    158 135 129 0 89 255 159 27 0 0 162 37 0 0 169 239 0 57 255 14 222
    98 0 159 235 150 255 38 123 255 255 223 0 111 170 255 142 0 255 2
    255 0 118 55 58 255 46 159 5 255 0 255 216 45 255 172 255 87 24 220
    109 161 255 134 5 255 255 107 69 0 119 0 255 0 111 94 0 45 0 119 0
    177 155 192 239 99 183 168 189 0 255 1 228 76 64 0 240 29 255 189 0
    225 129 0 255 255 179 0 175 188 54 100 255 0 66 164 249 18 79 174
    255 255 14 236 0 53 255 145 227 0 127 0 255 114 127 255 0 23 0 42 0
    9 213 0 207 0 0 117 193 255 176 255 235 255 164 48 4 56 0 87 255 0
    255 243 175 168 255 56 57 127 0 122 160 10 39 108 28 197 0 0 255 137
    255 22 168 0 23 255 0 252 240 225 117 220 84 0 255 186 147 0 235 202
    255 0 43 249 0 114 255 255 255 0 92 28 64 148 107 255 7 227 186 25
    255 193 205 202 255 255 28 0 255 234 182 88 255 167 82 172 0 255 18
    0 222 255 0 45 0 255 185 176 65 85 219 20 214 0 76 83 0 167 86 0 0
    206 41 0 247 76 97 6 255 235 0 52 246 109 170 0 0 0 255 0 0 135 255
    197 65 117 255 77 22 136 243 157 0 255 255 255 60 0 119 255 239 0
    130 248 244 0 255 0 178 0 191 73 195 0 232 0 205 0 238 137 0 148 255
    255 0 107 0 0 93 100 0 255 251 49 157 67 0 204 0 178 255 255 0 173 0
    0 252 0 32 47 142 96 0 25 255 207 255 0 200 111 0 33 0 255 13 221
    131 200 137 164 0 160 90 0 198 177 114 104 181 237 62 216 255 255
    172 0 0 251 194 0 163 183 179 111 180 136 193 255 140 245 8 203 241
    129 255 230 29 224 224 154 0 0 100 204 207 255 255 82 66 211 171 0
    107 0 0 107 207 0 0 94 45 43 223 0 0 255 141 84 212 26 4 250 0 255
    117 99 96 144 255 199 40 255 250 90 0 202 0 183 83 112 255 0 2 0 255
    167 0 0 0 255 233 47 47 255 140 0 81 150 130 0 255 241 39 246 255
    131 15 255 1 231 101 27 83 0 144 89 136 0 220 255 189 255 61 68 255
    255 255 82 255 255 196 255 206 152 21 0 255 255 205 255 255 255 0
    255 139 0 179 33 94 220 111 0 169 179 0 255 175 163 87 160 184 23
    170 245 205 255 255 251 32 176 0 139 62 199 167 38 104 0 255 0 0 255
    0 0 255 0 255 0 0 208 23 0 255 135 0 147 230 69 184 150 129 234 0
    255 0 166 147 0 255 255 255 4 83 0 0 146 217 245 255 28 124 0 0 237
    255 254 57 110 33 0 0 255 12 124 15 98 105 167 249 85 19 213 221 13
    255 255 174 72 126 255 44 0 135 203 255 255 185 255 0 224 169 0 0
    255 245 34 34 0 255 227 255 0 2 255 0 24 57 252 255 0 211 199 0 0 1
    0 0 64 0 255 58 194 179 250 105 250 255 255 53 152 35 63 0 239 0 164
    225 199 129 96 255 34 29 127 23 216 0 16 246 227 0 216 94 83 11 0
    207 255 207 255 221 6 255 184 20 51 255 56 130 74 247 205 0 255 140
    32 114 115 133 0 65 240 0 4 255 255 223 255 250 215 255 255 101 119
    37 96 113 13 0 0 0 0 41 0 156 200 47 255 249 0 208 0 255 0 136 0 198
    255 146 239 255 255 87 63 22 255 70 1 255 53 226 32 214 248 62 115
    235 0 120 0 0 192 47 112 219 213 0 0 255 0 0 127 117 0 17 107 163
    255 255 46 217 255 23 130 91 15 167 0 94 172 19 223 41 239 242 46 15
    255 255 255 34 100 63 255 255 0 255 0 0 0 246 197 0 231 0 63 103 0
    218 255 114 69 198 21 50 129 0 122 219 241 90 217 0 0 255 188 38 0
    203 0 0 86 23 50 33 243 207 112 76 70 255 156 126 191 206 255 199
    255 0 255 61 35 155 0 252 247 143 197 113 0 132 255 4 192 168 0 191
    255 0 0 255 255 174 203 66 121 195 248 140 122 110 1 78 0 183 255
    255 139 221 255 226 40 60 250 2 147 0 0 255 0 0 54 0 86 0 177 173 98
    247 11 186 0 17 166 8 255 255 255 255 255 118 114 51 193 255 137 207
    255 0 46 20 197 0 215 255 66 196 62 50 24 88 224 169 255 39 124 40
    187 255 255 255 255 0 0 192 255 117 229 255 255 255 53 186 165 255
    213 203 255 182 255 68 8 255 26 86 119 0 70 255 255 106 255 26 13 0
    0 18 244 0 255 227 0 30 198 73 191 255 47 0 25 234 255 130 0 156 188
    158 0 255 0 0 255 23 0 208 218 38 169 77 34 0 255 0 255 206 0 0 132
    162 0 22 37 75 45 0 0 255 0 21 179 255 105 40 83 73 255 0 186 118
    255 43 203 158 235 21 162 0 7 77 72 4 119 255 158 0 255 255 255 255
    210 0 26 0 226 0 255 127 13 0 99 60 97 255 157 213 0 253 255 145 224
    230 0 0 86 27 35 193 143 201 255 214 0 255 0 35 0 213 255 206 238 53
    255 191 255 97 255 92 206 117 10 33 255 99 181 255 255 85 0 186 82 0
    192 0 116 6 94 142 114 0 0 177 145 33 112 107 0 133 0 127 218 69 29
    201 0 71 0 102 0 101 230 123 178 61 71 255 104 155 0 42 112 94 253
    48 255 248 255 15 255 28 15 107 210 14 20 237 199 162 255 19 103 185
    207 255 51 18 139 192 61 139 0 35 27 0 0 255 199 241 36 0 255 255
    147 158 255 231 22 242 255 255 178 70 165 83 0 176 0 0 221 83 235 22
    137 178 130 36 255 1 255 254 120 255 86 198 0 0 0 0 49 129 0 0 255
    13 177 5 0 251 165 0 0 201 245 31 0 0 1 0 5 255 40 255 51 175 164
    181 126 255 0 9 255 91 255 64 155 223 10 251 216 187 76 0 0 255 255
    199 0 0 171 88 123 140 255 218 255 255 192 160 255 8 255 255 79 213
    242 168 13 255 255 255 224 76 255 73 156 175 180 220 255 156 255 218
    250 201 189 7 145 111 0 149 255 255 197 0 237 122 3 196 255 158 0
    190 26 34 0 70 0 0 159 105 0 0 255 0 255 0 0 0 255 0 120 0 249 0 0
    142 29 0 255 211 0 60 5 97 0 0 142 118 122 224 255 9 88 0 129 255
    177 250 0 0 215 79 60 255 9 158 235 32 224 101 0 0 214 105 170 192 0
    23 187 110 237 255 37 164 0 255 0 0 48 255 133 85 250 0 0 0 153 0
    103 146 171 0 92 59 50 117 247 226 34 111 118 72 0 255 224 94 171
    135 64 154 75 3 0 67 0 0 113 0 173 59 152 17 0 196 255 163 0 255 140
    34 112 210 255 1 171 255 239 112 255 149 0 6 68 139 75 255 171 111
    255 232 255 85 213 48 255 255 83 226 104 0 0 194 217 242 214 0 255
    125 0 125 125 255 130 0 0 92 0 19 191 65 0 255 16 18 113 0 76 91 0
    255 87 10 248 152 131 0 0 255 255 0 144 51 0 0 149 0 0 154 255 255
    53 0 49 0 255 23 113 150 21 0 207 93 255 150 114 189 138 0 255 230
    39 246 110 0 70 255 255 37 255 234 252 255 0 218 255 0 0 242 116 255
    59 181 56 165 3 255 132 163 118 255 255 149 250 232 140 217 0 0 0 0
    78 0 90 215 153 255 255 38 255 9 69 54 0 109 255 136 248 0 243 233
    255 69 255 255 0 141 0 191 28 46 43 8 41 234 246 31 69 80 0 67 255
    132 213 20 148 41 125 255 65 255 152 167 0 133 255 83 167 196 142 0
    255 48 0 99 138 96 201 0 144 0 255 255 0 255 255 0 202 19 47 0 214
    31 136 113 183 213 0 0 246 175 165 255 255 24 0 255 88 246 200 36 83
    22 0 114 46 0 117 36 68 255 0 0 255 255 0 166 0 254 255 255 255 80
    87 233 210 118 187 144 255 42 240 255 67 0 222 13 134 0 203 205 188
    47 101 0 0 255 88 225 79 99 162 255 130 114 167 0 108 248 0 94 255
    255 178 158 255 220 0 255 255 0 0 234 142 189 255 206 0 255 255 0
    255 0 255 255 156 226 246 255 0 255 208 0 0 210 52 190 2 143 175 243
    255 147 125 255 221 0 24 255 84 44 206 255 61 76 0 81 255 0 255 255
    5 255 175 97 0 0 255 0 0 255 20 92 255 78 0 142 255 255 100 219 224
    236 96 24 169 0 0 0 0 174 255 255 78 160 25 243 255 215 110 81 253
    40 255 0 0 255 255 0 106 72 8 50 255 255 140 255 255 21 176 68 52 0
    255 0 42 0 0 255 252 144 0 0 128 254 176 143 208 21 212 230 157 244
    32 94 255 214 207 100 252 255 255 236 77 247 231 158 226 27 27 81 48
    250 0 19 11 14 0 46 255 137 221 182 127 255 0 255 255 20 200 48 144
    253 94 146 0 147 250 248 46 203 0 0 0 91 255 163 108 0 242 0 174 81
    130 231 183 138 0 33 0 101 255 145 32 117 176 99 0 204 0 0 255 30 34
    100 0 87 0 0 0 11 154 173 0 223 255 255 237 248 139 52 60 231 84 0
    48 255 255 202 113 0 255 70 130 53 0 222 200 0 38 177 8 186 132 160
    255 153 216 52 217 223 10 0 255 244 104 255 188 145 132 241 45 255
    215 142 0 159 230 134 243 0 0 255 255 20 255 255 237 12 201 0 0 255
    175 98 150 237 255 0 83 194 255 163 182 0 255 26 238 10 71 22 0 167
    137 0 67 255 51 56 86 8 1 255 255 0 59 137 204 216 156 0 255 6 150
    254 255 0 139 255 192 63 76 255 123 255 255 230 42 0 202 71 0 255
    192 255 140 255 9 255 0 255 255 126 192 255 156 37 107 0 255 191 186
    255 255 142 255 164 255 0 255 255 255 255 0 246 255 255 209 142 47
    249 255 145 255 218 173 196 0 255 69 0 255 208 236 124 0 0 0 7 200 0
    255 6 230 237 12 0 213 158 221 102 255 255 155 255 255 0 211 252 26
    0 0 83 59 0 232 2 23 182 198 0 22 255 0 0 212 0 141 249 192 233 255
    160 73 132 164 65 133 38 196 170 166 255 102 255 9 95 152 140 199 0
    123 0 0 122 0 255 130 194 255 0 0 237 80 252 212 140 92 0 158 0 0
    255 0 167 255 200 255 0 255 255 104 0 255 72 27 225 207 105 74 56
    239 190 255 0 0 198 255 228 255 131 255 244 250 93 255 221 147 255
    40 30 58 255 0 0 0 131 255 255 228 217 80 206 216 255 0 55 255 0 47
    255 255 10 249 183 109 0 60 183 2 0 0 17 134 255 255 255 255 255 7
    136 0 158 209 0 255 255 79 21 111 163 184 0 24 15 0 28 255 249 0 213
    179 227 255 255 249 0 255 255 108 124 232 0 255 196 100 255 255 24
    206 255 41 89 0 0 0 187 5 51 0 255 0 0 207 187 160 18 0 0 0 32 255
    117 255 255 53 2 255 13 62 92 255 132 176 255 117 180 104 189 0 0 85
    0 124 193 232 181 141 60 108 89 151 135 235 226 156 68 255 91 61 255
    41 50 214 53 86 112 128 83 255 186 169 255 218 249 0 124 10 0 255
    249 240 208 0 100 159 197 0 189 255 193 255 228 0 255 167 41 200 32
    0 255 255 255 0 150 8 0 177 219 255 0 19 255 176 12 44 36 255 254
    202 0 130 0 56 0 25 255 249 0 249 121 113 221 183 226 30 255 208 0
    255 0 233 80 220 117 0 25 120 72 245 255 0 255 0 31 193 171 169 58
    193 57 0 103 38 92 141 107 61 225 0 112 182 221 143 243 255 171 120
    0 255 129 0 155 192 255 203 19 227 255 0 83 143 0 177 234 186 104 0
    76 245 0 242 0 255 129 0 143 245 222 0 255 255 43 253 119 83 149 255
    45 0 228 145 5 0 229 241 255 157 229 0 255 248 255 231 0 120 0 171
    189 0 41 77 255 255 18 14 50 11 98 70 0 143 165 13 232 255 110 89
    239 0 156 255 0 255 129 162 164 166 59 76 194 190 48 48 57 205 255 0
    41 255 43 39 0 78 36 65 255 0 255 223 0 98 255 0 81 255 253 171 25 0
    0 92 13 198 193 189 0 58 255 0 0 205 255 255 48 191 195 148 253 89
    255 201 60 232 60 255 216 255 0 149 103 96 255 220 255 255 0 229 255
    237 225 186 0 237 248 246 255 157 255 237 180 102 255 203 11 255 0
    203 134 58 245 255 0 20 166 0 18 138 140 255 0 219 238 0 124 14 0 1
    197 110 244 255 210 62 255 0 240 148 193 255 98 71 201 117 255 255
    244 54 30 179 0 224 8 68 181 180 255 255 0 255 0 138 169 8 39 0 185
    97 0 75 38 80 0 0 211 97 162 0 86 132 78 0 255 213 0 89 255 255 134
    90 255 27 24 255 253 196 255 46 255 232 112 240 99 155 178 151 62
    126 42 189 178 255 109 182 82 0 0 163 0 132 177 0 27 189 255 0 0 170
    29 96 146 0 140 255 134 184 180 255 235 144 161 0 0 0 0 74 255 0 0 0
    58 246 160 0 0 220 101 149 172 255 130 134 59 0 71 3 255 145 137 244
    255 0 101 231 24 255 185 247 78 255 253 58 92 129 255 44 46 55 142
    192 0 255 255 234 255 255 255 0 0 255 192 34 249 0 188 0 104 196 237
    193 63 56 0 123 136 46 11 84 30 255 132 255 45 93 215 88 255 8 72
    219 255 0 188 255 193 107 239 0 0 0 73 255 31 250 255 255 45 223 0
    253 38 189 243 0 72 111 63 58 0 129 255 91 0 255 255 255 255 217 164
    250 5 59 0 183 22 0 0 255 112 14 0 35 71 142 196 152 114 255 221 106
    59 0 0 192 33 0 255 44 127 255 75 74 147 255 164 34 255 60 107 225 0
    150 116 242 0 59 63 246 0 140 0 138 70 23 163 132 135 41 255 26 255
    255 0 160 125 0 20 0 255 58 11 156 102 0 150 255 155 53 34 0 17 164
    77 103 110 137 0 22 255 0 0 255 31 101 0 50 255 119 20 28 27 0 194
    22 255 18 222 164 0 0 45 131 55 255 90 255 0 0 255 165 0 26 255 126
    255 56 181 71 255 180 0 0 229 255 66 0 255 255 28 0 83 255 3 0 0 255
    184 91 4 39 53 0 94 0 0 255 30 108 126 135 10 155 174 255 168 0 57
    44 255 0 255 255 221 40 255 72 0 170 44 255 56 5 52 1 9 234 255 11
    19 0 63 13 39 0 44 89 255 250 120 100 93 124 175 48 0 0 0 242 0 0
    107 68 21 122 181 178 255 100 167 20 7 16 211 41 198 143 137 255 147
    251 255 66 245 161 109 128 0 136 236 85 133 63 0 189 167 9 73 158 83
    0 255 192 220 255 57 0 217 40 0 255 243 174 145 49 106 216 142 185 0
    255 46 0 0 218 154 1 0 255 31 0 66 255 102 255 248 19 133 22 13 72 0
    54 91 36 174 2 103 255 137 1 109 255 255 139 49 255 51 0 91 11 75
    200 255 138 48 29 0 0 255 138 161 255 255 242 255 232 140 0 66 189
    255 255 144 0 59 101 169 255 255 147 2 200 255 91 49 0 12 0 45 16
    203 105 70 0 147 70 255 255 0 254 155 30 237 166 217 182 136 175 255
    134 43 167 35 17 255 253 113 116 16 170 255 0 0 0 66 108 0 255 200
    237 49 197 17 255 0 91 0 124 0 202 185 255 198 43 13 172 116 234 82
    255 0 137 169 0 61 0 136 0 17 0 241 218 255 63 4 255 77 255 154 255
    255 159 222 99 26 0 138 49 7 0 46 181 0 236 229 223 206 75 0 129 215
    255 255 0 167 8 0 255 9 255 0 99 134 45 203 46 255 144 0 82 0 255
    255 177 0 0 139 0 0 255 22 122 255 255 155 39 0 255 0 117 38 255 26
    150 155 1 0 255 63 17 171 0 0 0 99 166 0 175 171 36 0 0 67 0 255 4
    104 255 91 113 12 255 181 65 45 158 209 92 230 255 0 86 255 0 0 0 56
    0 255 20 246 45 255 212 255 61 255 34 0 0 121 185 141 63 223 0 128
    255 0 0 255 0 165 132 242 226 4 155 255 255 119 232 142 186 210 3
    255 255 130 54 54 15 135 0 255 36 204 91 255 216 129 58 45 255 0 207
    225 82 0 19 65 255 190 221 191 78 89 31 12 216 120 175 255 5 223 219
    121 50 255 0 255 0 50 73 0 121 23 49 255 255 203 11 113 255 255 0
    145 207 68 72 191 222 255 142 99 255 24 113 59 147 101 0 255 126 116
    162 57 241 0 0 183 77 62 7 255 71 193 0 255 255 255 0 76 255 141 0
    255 40 255 0 31 199 255 148 104 250 0 255 61 46 0 0 200 170 0 255 0
    255 214 0 255 94 0 0 255 169 0 228 161 124 109 0 36 222 157 161 255
    0 230 118 65 255 255 169 255 255 147 131 178 37 0 125 146 88 194 56
    33 119 19 255 48 0 255 21 43 169 255 255 18 114 221 255 255 148 255
    116 46 145 0 70 0 99 21 81 86 255 121 0 228 0 1 0 255 43 255 81 255
    205 0 144 152 255 255 114 44 17 0 255 255 16 255 165 171 255 9 151
    255 240 255 0 161 212 31 125 47 2 194 5 198 255 71 114 255 79 215 99
    41 229 112 228 15 147 0 106 255 168 27 234 65 255 28 100 137 0 255
    143 78 0 255 50 0 255 255 0 255 100 230 28 199 0 255 87 0 0 209 97
    118 67 0 168 34 255 228 241 255 255 255 174 137 226 32 0 30 40 237 0
    248 45 188 0 255 128 43 103 196 7 42 242 72 249 0 124 0 147 0 0 56
    106 255 255 115 80 41 65 0 253 255 0 89 238 0 232 0 33 0 0 77 129 0
    233 255 64 205 0 81 74 145 0 157 255 255 0 0 43 1 255 255 131 255
    255 148 46 78 193 210 223 130 74 255 255 69 89 132 0 44 39 97 255 9
    255 0 255 0 138 246 224 46 105 124 73 255 83 167 210 255 7 126 223
    10 145 0 0 153 255 0 232 255 0 122 78 242 245 0 124 211 30 255 87 75
    0 231 146 255 101 242 107 0 255 0 0 0 210 255 117 139 112 165 131 4
    234 222 255 0 184 168 208 218 95 255 0 255 0 42 239 0 255 0 173 0 0
    201 135 27 0 0 38 178 239 0 151 0 44 255 102 255 10 76 241 255 49
    144 230 0 62 60 0 78 166 156 0 83 255 136 185 218 3 0 0 72 243 143
    125 90 0 255 227 31 17 63 45 0 255 255 217 165 0 27 160 255 54 103
    181 150 123 157 255 65 68 0 135 142 255 103 69 83 4 169 0 236 169 70
    7 250 145 239 243 0 255 255 1 0 189 13 193 0 33 149 119 225 12 0 103
    201 0 135 72 251 255 23 0 60 255 255 1 0 255 0 147 137 228 0 217 126
    195 221 255 153 0 255 222 65 158 255 2 255 105 0 72 90 62 52 248 220
    116 0 156 36 203 255 182 20 44 19 117 244 153 139 222 71 215 255 84
    92 255 151 0 124 87 255 94 255 154 0 169 46 99 66 255 0 30 255 15
    217 0 32 222 0 41 0 143 148 152 142 183 103 0 168 174 223 4 149 164
    67 255 164 11 0 98 0 103 230 140 255 255 255 0 118 179 0 0 201 255
    211 0 0 0 255 193 24 255 138 0 137 208 168 0 54 0 255 0 255 251 0 0
    255 0 255 41 47 255 85 31 254 255 255 0 253 203 0 33 82 93 143 75
    255 223 0 86 0 166 255 12 94 0 106 182 163 255 238 255 255 98 30 255
    43 0 255 255 0 0 101 153 89 82 0 207 54 54 184 0 143 205 84 172 0 0
    75 202 255 0 124 224 50 30 0 255 110 191 255 0 40 123 253 145 0 14
    214 16 28 255 51 151 239 17 0 255 131 177 84 255 144 10 85 95 203 27
    149 47 251 5 60 255 238 255 251 0 176 92 146 0 48 0 39 0 166 2 90
    181 137 0 52 0 0 255 0 0 191 207 115 250 0 0 13 185 171 46 70 255 85
    179 154 209 92 26 139 2 42 255 215 0 83 184 183 245 0 90 255 149 0
    45 91 96 136 97 86 116 255 129 175 0 250 136 96 105 198 255 155 255
    207 33 39 0 125 192 0 221 0 195 137 180 99 255 183 82 0 80 0 255 127
    255 94 0 0 52 236 202 180 180 0 0 255 255 0 15 255 0 0 255 234 187
    239 255 20 181 204 118 82 106 144 215 71 47 222 255 182 137 234 0
    255 8 156 153 184 0 182 28 212 213 255 0 78 124 255 27 0 66 255 95
    110 255 0 146 250 121 201 240 0 160 255 25 134 16 255 253 246 0 40
    119 186 0 0 0 114 125 82 255 0 126 255 0 52 255 0 68 139 200 121 255
    157 139 0 216 123 0 209 75 182 59 0 138 255 0 100 234 0 85 255 20 0
    84 148 10 217 255 211 255 191 33 0 187 124 237 35 129 142 84 0 255
    255 41 61 114 175 238 222 30 133 115 132 0 46 174 251 255 120 71 255
    255 255 215 255 118 0 68 0 8 0 0 0 255 106 214 7 102 0 87 221 22 17
    134 54 0 248 21 255 62 34 134 132 169 140 195 82 0 150 0 143 119 0
    248 171 107 255 255 255 201 109 133 255 255 248 57 255 255 0 94 15
    207 195 127 0 255 0 39 157 64 219 0 30 229 105 124 255 0 128 0 0 0 0
    97 255 153 234 211 0 126 243 221 255 89 44 63 22 161 236 135 140 255
    255 104 97 0 173 50 0 120 152 154 0 236 206 96 0 244 255 0 0 228 255
    255 196 114 75 107 107 51 149 95 92 214 11 35 220 244 255 198 84 233
    255 115 196 255 255 0 180 97 31 0 0 0 255 0 0 255 215 255 96 144 33
    125 156 255 253 0 0 86 96 82 54 16 81 0 0 255 112 63 0 66 93 30 0 76
    153 66 136 69 96 157 77 18 255 251 125 183 4 185 109 255 201 0 226
    185 66 48 7 97 97 163 0 6 83 230 49 0 22 158 182 170 0 134 67 255 94
    28 255 106 60 205 13 241 255 0 251 0 114 108 0 255 0 51 2 125 255
    255 108 59 216 200 171 253 255 9 255 54 0 199 24 178 203 255 193 30
    181 25 243 0 218 0 255 73 245 255 255 18 122 172 174 185 255 255 64
    245 6 255 255 0 0 21 84 133 149 110 255 79 0 255 202 70 245 168 255
    255 144 62 14 10 4 80 0 1 0 178 131 0 0 255 255 255 255 218 29 40 69
    180 255 201 64 181 255 202 235 0 169 79 111 0 0 255 255 206 255 0 0
    121 215 138 0 255 204 2 9 225 235 0 164 34 0 23 0 128 0 0 230 41 182
    254 255 57 187 252 255 135 102 7 107 164 0 255 243 202 204 249 255
    207 244 159 255 19 129 94 0 137 82 0 26 255 255 56 255 157 0 157 137
    0 8 158 149 0 163 27 27 219 242 0 162 159 100 9 201 0 255 121 158
    150 0 232 184 255 51 134 0 73 0 0 43 0 67 170 0 255 15 255 218 255
    76 255 164 137 255 0 0 29 120 126 0 255 190 57 183 255 61 0 88 211 0
    139 82 75 255 255 17 212 130 241 21 105 75 77 17 173 255 255 255 15
    24 255 113 0 255 255 0 0 254 255 0 0 80 0 44 45 93 255 28 11 51 255
    99 255 255 255 188 0 47 92 151 60 232 246 255 96 124 0 8 179 195 39
    204 214 255 219 144 254 0 0 137 255 161 178 249 0 54 0 176 120 43
    242 64 122 115 91 205 0 110 217 0 165 255 234 34 25 255 67 91 255
    255 254 193 38 128 3 31 0 179 173 255 52 84 255 0 121 53 0 21 207
    180 255 127 0 255 255 0 16 217 0 121 13 175 190 255 0 187 253 14 162
    63 56 147 251 103 154 140 79 255 37 157 0 214 255 255 233 149 206 2
    32 77 0 14 0 197 255 34 215 182 197 255 0 255 0 255 255 0 255 255 36
    0 255 230 232 255 71 255 30 127 193 255 0 255 157 39 106 0 0 221 187
    227 41 0 190 255 83 0 254 131 255 0 203 255 255 28 83 149 72 0 148 0
    114 113 244 118 213 23 255 0 43 255 255 87 31 74 1 255 43 0 254 255
    53 151 208 0 169 58 255 50 199 255 0 255 161 0 85 255 155 255 227
    255 255 255 73 116 214 0 0 255 135 81 0 41 0 255 86 88 224 192 255
    79 92 255 153 0 36 255 245 233 231 0 30 172 214 236 159 255 132 255
    255 103 255 157 255 56 0 15 0 106 147 255 252 0 249 68 113 0 78 166
    49 80 0 0 0 0 0 0 19 98 0 255 249 86 69 233 155 0 0 255 255 149 72
    213 0 66 125 205 255 252 120 255 255 62 170 220 2 255 27 3 135 253
    180 178 227 118 255 6 255 0 63 0 2 0 134 59 255 255 0 34 25 191 81
    204 102 0 249 144 219 48 102 255 159 142 255 250 27 23 26 0 255 152
    222 12 14 255 0 223 0 115 142 0 214 195 255 171 104 105 6 195 0 111
    17 81 173 32 123 255 0 255 157 253 255 22 147 86 255 214 255 195 51
    90 235 200 0 205 255 95 99 245 59 196 52 203 30 255 132 51 253 74
    123 0 190 255 255 55 255 255 229 46 0 132 0 148 221 216 0 93 0 255
    91 136 174 218 255 139 0 0 255 222 206 0 72 138 255 8 7 255 255 46
    245 255 241 0 255 255 255 255 139 72 61 99 63 56 255 103 74 255 91
    174 0 110 255 255 255 0 255 195 102 172 130 255 181 218 148 135 61 0
    0 0 8 107 20 17 0 36 0 71 212 25 0 0 246 238 0 255 255 161 255 199
    131 255 255 4 112 11 0 58 211 255 178 0 0 25 73 0 255 255 0 154 0
    125 11 121 0 0 135 0 0 0 152 52 54 245 0 181 90 128 37 255 255 0 254
    0 0 0 250 0 250 9 141 255 43 117 245 0 209 4 0 166 0 73 0 0 220 115
    18 194 205 255 0 58 241 220 255 255 152 255 255 222 255 55 0 255 13
    131 140 141 255 66 93 237 151 27 67 42 255 255 0 147 217 245 0 151 0
    36 232 153 217 150 255 130 206 52 158 0 209 7 154 0 194 255 253 255
    1 49 139 181 0 195 161 222 145 31 160 85 207 255 253 124 255 148 214
    12 232 0 255 120 255 255 255 255 7 22 101 255 255 123 255 99 216 0 0
    255 220 255 231 255 136 0 255 255 56 58 23 16 141 66 0 112 121 165
    198 140 3 172 185 212 27 255 210 0 225 3 11 0 78 255 31 255 0 9 207
    194 253 254 74 234 230 9 255 70 25 119 188 255 255 225 0 173 57 14
    25 228 0 149 115 13 255 207 0 255 248 17 207 133 255 0 255 244 0 89
    42 143 42 65 3 98 255 185 157 110 245 229 149 242 89 254 0 0 0 184
    106 240 255 255 79 255 255 255 255 186 255 255 24 174 255 0 34 61
    159 255 237 15 99 17 220 40 34 117 255 87 68 255 255 121 17 157 50
    203 62 255 104 0 0 255 120 75 46 0 255 155 0 5 88 99 85 0 92 255 84
    5 150 126 255 242 175 72 71 235 255 0 133 234 0 24 251 255 68 2 255
    0 57 0 29 191 255 223 255 188 0 124 27 44 179 0 255 0 239 186 176
    178 21 56 168 255 255 14 181 255 23 211 173 137 122 255 2 0 37 40
    146 255 255 88 143 82 86 255 4 0 0 13 240 0 88 103 177 255 224 104 0
    235 33 11 25 0 255 0 53 255 255 0 0 58 0 0 109 255 214 176 99 91 237
    133 255 224 80 255 0 0 255 0 255 142 255 63 0 0 170 255 184 74 255
    167 255 126 30 182 175 37 118 0 0 0 198 51 0 94 255 0 0 0 209 7 66
    186 5 0 186 53 255 255 228 206 0 0 222 235 7 161 0 0 201 180 0 117
    111 255 108 71 89 251 33 129 229 9 66 13 255 0 65 73 178 255 177 37
    164 255 206 0 255 255 95 129 147 255 221 113 196 59 238 155 248 203
    55 48 46 0 91 147 2 45 255 255 169 0 255 73 255 255 50 27 255 100
    255 179 255 0 146 0 96 233 73 191 0 255 0 230 38 198 27 227 0 162 0
    30 43 190 24 58 0 255 51 0 182 119 77 46 0 32 4 0 21 25 178 0 214
    245 146 0 190 255 87 134 0 181 226 129 99 255 251 163 235 4 214 0 42
    43 121 184 4 255 0 255 0 84 71 232 211 33 255 179 61 49 42 255 64
    135 0 0 252 208 111 94 142 255 64 112 42 218 255 251 224 255 255 162
    0 146 255 247 0 143 0 167 110 96 89 0 147 234 157 255 255 221 119
    255 255 53 226 80 63 190 0 0 0 159 255 52 69 255 22 8 18 80 230 59
    13 82 255 220 146 63 255 99 0 0 146 33 0 245 255 152 255 0 14 54 50
    0 29 25 0 0 255 255 208 255 0 119 183 0 57 0 253 0 182 255 192 0 255
    19 255 174 126 0 66 78 114 0 14 185 255 146 37 255 6 255 0 161 255 0
    125 255 189 222 0 255 226 0 230 233 18 255 147 255 255 74 254 255
    255 52 228 0 157 0 193 245 224 255 243 62 73 0 153 64 255 164 56 255
    87 109 255 0 90 0 158 61 61 0 130 0 49 215 255 255 125 32 64 245 35
    195 0 45 119 0 187 166 255 255 251 255 64 255 37 240 0 255 92 148
    154 97 179 146 255 255 223 255 33 208 161 24 0 253 227 138 159 0 59
    219 0 160 14 255 148 0 255 255 170 165 0 255 31 0 255 138 0 195 255
    157 255 255 83 178 192 128 99 255 253 145 1 92 255 255 136 134 1 255
    186 156 0 194 220 55 255 0 0 130 19 255 118 6 255 51 91 200 155 238
    255 207 226 77 0 171 43 255 156 0 198 217 255 247 255 7 220 0 0 231
    215 255 182 182 34 255 145 204 80 117 197 110 112 255 98 203 19 118
    224 123 214 0 76 144 112 77 255 17 156 14 255 218 0 192 0 0 115 255
    0 233 58 0 0 12 173 166 255 201 226 62 178 23 46 0 255 86 0 255 237
    157 180 0 155 255 130 149 197 34 0 0 159 131 40 255 162 143 217 255
    0 181 255 220 201 95 39 155 175 255 0 181 136 0 147 184 0 1 0 8 108
    0 0 0 17 0 57 0 75 255 255 255 80 0 255 0 255 206 0 208 231 0 224
    222 134 105 0 190 8 255 51 0 0 147 220 12 174 154 255 255 156 219
    121 93 175 0 0 0 0 227 153 255 0 227 191 0 201 130 0 0 179 255 176
    60 255 0 31 255 255 255 255 14 161 161 255 135 255 255 200 174 135 0
    186 185 0 86 157 214 0 57 153 182 255 146 109 28 0 255 0 0 61 0 255
    255 255 255 33 71 37 0 0 0 146 74 9 208 255 164 5 0 255 0 0 255 255
    143 84 205 255 239 0 210 176 0 123 0 134 2 255 71 149 228 215 0 170
    191 0 28 111 203 147 38 0 105 255 0 115 234 200 206 142 237 0 182 49
    92 80 140 255 0 212 0 153 93 248 0 141 59 253 2 61 0 0 0 255 0 0 0
    198 0 201 70 155 199 0 255 18 187 168 137 255 0 137 255 0 230 105 0
    98 38 99 91 248 61 255 61 214 49 130 255 37 0 32 47 98 186 0 146 0
    113 255 17 255 44 50 247 123 6 206 158 40 215 255 0 84 251 229 189
    109 222 34 110 238 74 255 0 24 10 31 0 221 255 0 0 255 70 255 20 196
    255 0 206 0 161 178 255 188 0 177 185 0 64 242 56 54 204 255 170 101
    241 62 255 255 51 103 71 0 255 0 234 239 142 0 7 121 36 0 86 98 212
    0 255 255 229 198 121 0 90 255 222 255 53 84 161 0 191 242 255 0 95
    107 109 93 135 0 11 255 78 143 255 122 255 255 22 255 250 120 85 255
    255 255 193 0 22 255 0 0 172 255 255 0 50 118 124 223 189 40 100 64
    255 56 240 223 112 155 18 76 0 224 62 217 63 102 160 133 48 0 255
    137 148 255 56 244 215 29 142 255 201 255 255 109 0 218 0 255 255
    184 138 225 255 0 159 174 0 0 209 162 53 147 0 251 128 86 106 0 0
    219 201 212 255 72 13 255 5 255 252 0 255 0 0 0 0 255 124 255 255
    176 65 80 153 212 0 48 139 12 72 0 0 0 255 255 186 255 0 255 51 255
    54 0 44 126 255 213 120 224 0 190 0 123 100 161 199 16 0 255 250 163
    195 48 232 255 255 255 157 255 168 255 70 224 255 130 225 195 0 6 59
    234 0 111 255 205 1 255 0 255 0 94 0 151 0 194 255 0 170 255 156 57
    255 255 203 255 255 0 255 119 127 255 116 34 255 7 159 227 229 255
    26 215 0 255 64 255 194 38 84 255 0 138 134 252 96 236 81 15 171 93
    172 44 55 0 0 0 0 151 120 255 54 0 182 68 189 0 24 0 255 255 106 118
    0 241 255 220 211 17 222 30 20 178 190 101 230 0 0 154 101 255 94
    194 235 19 120 104 250 0 194 7 194 0 68 0 133 255 255 37 0 255 0 255
    0 0 139 51 89 65 209 222 194 113 0 255 255 88 116 179 255 0 0 66 0
    255 150 0 235 0 251 63 0 0 255 234 68 255 0 0 125 0 154 139 115 169
    0 217 0 255 255 0 255 255 10 66 255 78 196 0 5 0 41 48 197 0 255 178
    0 118 169 235 248 0 124 176 205 0 255 0 246 239 149 235 245 0 255
    126 255 219 0 255 75 190 255 96 210 255 24 0 248 255 0 98 63 106 255
    184 250 0 96 220 27 62 0 255 109 255 0 142 255 0 255 41 0 255 255
    194 29 255 0 124 248 13 42 203 255 137 0 134 172 0 171 255 255 255
    179 255 255 255 0 163 164 106 0 255 212 255 251 216 188 0 229 0 208
    0 255 44 255 46 182 0 0 0 183 89 185 255 124 106 211 219 255 187 82
    255 183 123 0 132 86 0 137 0 255 204 0 55 255 230 255 39 130 101 61
    19 28 239 0 255 66 104 52 93 129 0 0 178 167 0 255 0 0 255 0 8 255
    236 158 150 223 0 2 255 255 152 202 0 49 14 255 0 216 103 255 37 67
    40 165 18 7 0 255 204 0 31 212 255 42 0 188 0 94 81 97 182 255 0 188
    14 255 143 17 255 255 108 87 1 148 172 78 255 0 0 73 78 116 172 0
    255 72 11 0 35 238 0 132 255 34 101 74 106 255 229 26 73 0 87 17 0
    69 168 151 62 0 77 0 239 70 127 255 161 234 255 0 0 255 61 255 255
    255 0 0 79 230 61 17 236 255 161 140 60 132 123 1 125 0 0 132 144 0
    110 255 224 0 255 147 117 43 125 254 106 0 0 18 13 139 246 65 72 128
    71 255 255 11 91 150 255 81 218 0 224 202 191 112 159 221 255 234
    145 36 0 111 10 82 14 86 255 189 214 234 144 78 0 191 111 194 79 49
    180 0 15 163 255 46 92 255 209 12 255 255 163 113 53 13 255 255 85 0
    0 35 165 155 233 148 98 0 241 7 202 124 68 240 0 34 210 174 7 0 185
    211 5 51 255 255 0 0 209 173 0 222 150 0 0 0 105 172 255 203 189 255
    64 182 22 94 0 255 143 232 255 0 253 84 0 0 36 135 151 219 255 184
    255 33 25 203 0 20 78 0 0 248 255 89 250 255 255 126 105 95 164 219
    255 53 0 178 96 91 246 0 99 255 0 255 126 0 255 0 0 222 0 126 110
    226 255 108 255 67 167 204 255 255 168 1 208 209 0 255 255 218 0 125
    165 36 51 255 48 0 87 64 0 0 255 255 156 150 147 97 246 173 216 12
    255 38 144 24 83 197 126 35 79 208 255 78 154 138 18 160 0 255 0 234
    44 55 255 225 96 168 255 55 58 255 172 255 41 255 208 0 0 220 0 255
    0 53 255 255 255 116 0 255 0 0 255 233 86 232 255 102 35 255 2 248
    200 5 0 255 142 255 0 0 200 0 0 135 207 21 0 222 255 0 0 12 0 255
    115 255 255 0 255 0 0 208 146 71 90 56 153 0 92 16 54 59 163 221 133
    255 66 0 27 0 255 215 171 225 0 0 106 209 255 185 174 255 0 0 18 156
    231 255 56 255 255 196 0 0 0 209 154 121 255 213 145 0 10 62 0 2 244
    18 188 107 0 202 126 243 0 0 189 233 59 0 255 188 79 100 0 0 255 45
    255 78 0 255 255 18 127 255 41 9 0 174 0 224 66 255 101 195 185 235
    144 255 255 106 165 22 0 20 9 143 125 255 255 255 0 0 211 98 36 209
    255 249 1 176 194 56 147 255 136 137 170 255 0 150 197 56 0 187 157
    107 241 210 41 0 83 208 102 6 184 130 39 255 197 0 255 0 36 192 255
    91 137 0 116 234 10 28 12 0 9 138 0 178 117 125 255 57 6 187 82 255
    10 236 44 71 23 234 33 140 0 25 61 218 0 237 243 172 202 0 255 217
    91 0 13 177 0 152 192 0 102 50 255 66 110 112 212 148 0 255 168 124
    106 98 205 0 0 245 0 255 129 94 229 255 255 255 0 186 238 145 216
    216 146 62 117 0 141 222 181 4 0 255 212 110 0 42 191 111 216 0 50
    240 122 117 241 158 189 129 255 17 22 142 170 60 213 0 99 38 170 99
    193 174 255 117 0 55 229 255 217 0 255 231 31 57 167 148 185 0 33
    144 0 197 6 0 0 170 79 133 2 24 224 0 255 129 223 235 170 221 0 236
    205 255 158 106 209 96 236 94 34 137 0 214 105 255 255 0 147 234 255
    49 0 255 0 249 255 54 4 0 92 0 203 80 255 151 224 229 0 31 118 45
    255 220 144 210 0 18 129 0 102 255 198 188 255 255 0 165 99 55 241
    88 219 57 136 69 30 0 0 0 255 164 255 119 102 255 86 116 255 165 255
    0 255 0 255 0 46 133 30 255 157 40 255 255 175 255 0 59 182 102 255
    141 254 194 74 0 84 255 102 0 126 75 138 21 0 217 0 0 255 171 255 0
    255 186 0 255 255 190 166 255 27 0 0 0 0 0 0 133 255 0 224 255 0 255
    29 5 104 0 255 0 192 193 30 255 196 169 182 57 255 0 150 122 0 19
    182 149 226 49 69 0 0 184 67 2 255 102 255 0 97 10 113 255 230 160
    88 76 0 0 150 0 151 255 255 255 255 7 91 217 255 164 255 0 194 255
    176 116 50 67 181 255 208 58 255 255 210 173 178 125 233 120 255 19
    0 196 0 244 130 107 0 191 247 240 90 255 247 151 0 168 241 255 148
    65 0 0 255 50 255 203 255 93 255 1 26 106 192 255 0 82 249 67 232
    217 243 74 232 0 121 76 0 95 8 255 255 0 5 0 254 255 0 102 255 0 0
    32 255 210 25 64 255 228 120 71 146 1 120 241 11 53 0 84 255 251 20
    10 97 53 109 0 255 58 0 255 255 188 215 255 155 168 103 0 186 243 77
    25 0 222 247 124 31 169 55 155 124 100 95 148 0 255 0 110 192 199
    255 255 206 255 248 0 192 0 64 61 0 0 255 225 82 79 32 255 80 71 22
    0 0 5 65 255 0 140 237 255 59 255 86 118 42 0 154 255 0 71 21 255
    214 201 0 44 255 71 0 191 0 0 240 75 153 255 160 174 233 0 255 255
    102 60 189 54 145 0 59 0 0 207 130 108 0 0 91 0 150 80 170 48 254 0
    239 0 100 255 166 255 190 203 213 224 85 156 41 0 52 218 250 209 255
    107 0 38 223 255 91 97 187 255 88 219 255 203 143 249 0 171 58 0 255
    255 224 0 166 53 255 0 166 31 133 0 255 255 47 0 244 183 108 255 0
    90 255 0 164 0 255 244 174 144 255 255 255 0 155 255 114 100 95 0 0
    43 0 185 0 0 0 0 0 98 160 0 255 204 0 255 48 57 255 210 91 168 34
    218 255 103 0 255 64 0 85 93 0 60 0 248 255 255 0 0 115 9 233 167 0
    0 23 170 176 134 114 145 255 0 55 255 234 255 255 244 255 65 255 106
    255 65 0 77 173 255 224 181 255 211 255 31 30 255 222 0 143 44 193
    30 174 152 164 0 255 227 90 255 89 35 255 255 108 187 181 0 193 255
    0 40 137 0 177 255 74 118 20 255 0 0 22 233 34 255 240 255 164 0 255
    0 171 0 174 255 81 8 0 255 26 88 247 241 17 0 155 85 0 164 208 4 0
    255 0 255 255 255 138 86 195 76 38 204 0 141 255 45 51 255 188 28
    135 76 255 81 234 127 112 0 118 0 0 129 0 243 178 207 0 255 67 44 0
    138 0 0 178 182 63 0 255 153 234 194 8 255 50 255 255 0 131 0 0 255
    255 0 106 0 255 217 0 73 118 114 166 255 75 46 78 33 218 255 141 87
    255 0 119 0 41 4 0 220 110 255 97 0 208 247 0 169 139 87 196 168 205
    255 255 94 24 63 255 26 0 0 113 0 0 0 0 78 119 233 255 6 246 255 255
    225 114 255 86 197 255 181 88 254 230 69 21 0 255 255 255 63 199 255
    240 0 255 255 0 183 171 20 0 0 0 173 255 99 84 233 0 0 255 204 0 195
    47 255 255 59 255 255 212 107 255 255 0 255 111 0 44 0 6 0 152 45 95
    121 85 47 175 46 122 38 221 192 255 159 255 0 179 255 161 133 139
    255 255 127 168 142 153 233 0 241 84 35 50 255 0 202 255 117 67 0 88
    229 238 219 255 0 255 122 0 64 244 66 136 179 198 122 92 59 255 176
    0 84 35 255 0 240 28 132 0 17 103 172 0 116 236 255 84 94 62 175 139
    73 0 0 100 0 224 136 239 106 244 0 78 71 237 234 49 103 0 136 0 165
    255 171 125 93 0 60 255 167 0 112 0 108 59 0 93 139 0 255 225 196
    255 0 0 139 9 255 0 245 0 0 17 0 245 251 75 32 182 33 120 0 118 116
    0 219 4 0 69 255 66 8 73 137 49 77 118 31 31 255 0 0 131 231 0 239
    163 212 141 36 0 255 255 215 172 201 137 45 0 99 255 251 39 0 156
    100 0 245 84 221 7 255 9 245 89 126 112 255 124 255 181 55 255 102
    98 115 0 255 217 0 92 0 225 205 255 209 234 97 6 0 255 13 6 170 62 0
    49 0 0 96 57 227 225 113 0 155 61 29 208 248 255 0 240 231 227 82
    145 219 0 0 0 235 23 0 190 141 227 125 90 210 57 23 229 120 32 0 0
    164 240 0 192 197 113 0 127 0 122 59 69 255 36 255 124 116 0 143 0 0
    0 255 0 57 245 0 255 65 255 255 251 0 185 255 14 0 0 19 255 172 153
    52 255 255 174 128 34 78 199 0 63 255 190 255 128 252 255 84 59 182
    0 56 0 141 0 255 108 26 166 38 212 114 127 222 14 84 193 80 0 228
    242 150 254 255 69 59 195 255 183 163 249 190 209 255 255 255 236 0
    200 116 0 0 248 117 124 244 0 151 255 29 255 27 245 55 255 145 255
    89 0 169 0 131 43 143 143 86 89 255 76 206 43 255 95 121 255 87 241
    172 150 73 115 255 255 255 24 255 108 102 219 209 0 24 127 0 73 190
    89 255 200 200 0 171 255 255 45 121 242 101 255 0 0 213 0 69 255 18
    0 121 31 182 171 144 204 255 255 255 49 248 200 201 37 255 127 0 255
    110 238 63 0 37 0 211 0 0 187 19 0 66 0 125 127 22 117 140 17 95 188
    174 0 255 42 64 104 31 186 179 231 65 17 85 178 31 0 49 130 0 244
    217 0 255 37 255 72 185 255 23 124 107 255 221 255 109 255 0 29 91 0
    228 255 32 205 255 246 189 0 33 0 255 23 211 127 159 164 90 0 255 0
    144 9 191 0 68 182 155 0 0 222 0 198 236 157 54 46 169 177 0 193 148
    249 74 155 255 78 255 0 179 33 255 196 208 183 37 169 0 111 255 59 0
    0 0 0 0 212 226 140 112 129 0 182 255 109 0 161 0 99 75 105 166 255
    217 132 0 171 54 43 0 255 116 0 28 255 203 60 0 45 130 132 17 0 0
    255 0 81 0 0 0 255 192 91 0 196 58 247 148 116 255 0 3 93 255 255
    135 194 242 113 1 215 111 31 0 190 0 200 213 0 132 145 88 94 0 15 86
    208 60 255 94 0 162 154 0 151 255 255 255 163 0 255 77 66 104 239 74
    255 255 255 255 223 209 213 0 255 203 22 0 255 153 223 111 0 255 255
    255 254 63 255 0 247 168 100 29 0 148 255 121 255 255 106 0 255 16
    140 39 255 169 53 0 231 197 0 222 254 174 207 0 2 255 180 75 255 255
    249 255 23 255 255 4 189 102 122 107 0 0 255 27 0 244 157 25 243 48
    109 0 255 144 165 221 7 161 158 0 176 192 198 255 0 14 110 0 27 130
    158 108 47 255 188 105 255 141 254 0 255 14 137 238 208 165 102 45 0
    30 192 190 220 255 76 27 149 136 255 0 255 255 159 0 214 255 0 106
    60 0 25 0 94 38 192 17 28 0 11 2 91 193 100 126 53 255 255 157 255
    181 198 0 0 195 255 239 255 0 0 0 133 255 149 93 103 255 0 32 0 0 0
    73 82 254 194 158 145 0 194 255 62 175 0 219 255 23 0 86 0 255 123 0
    237 0 255 57 27 255 22 166 151 253 235 168 255 31 245 64 0 54 0 101
    0 220 0 0 167 35 207 0 255 8 82 120 229 207 215 187 197 217 109 230
    148 255 0 0 255 171 179 120 0 19 255 217 235 0 228 149 255 255 197
    228 0 113 255 214 45 10 255 3 255 243 83 216 31 99 3 45 255 238 112
    210 0 170 247 212 253 35 255 67 55 105 154 2 255 73 255 105 68 218
    48 28 68 140 116 41 249 139 37 0 0 116 47 230 255 208 255 154 46 199
    0 13 223 187 0 176 90 255 0 0 149 0 0 0 103 214 93 41 255 228 72 255
    24 255 59 55 125 162 32 155 133 255 255 173 169 129 139 168 0 221
    135 145 255 255 0 0 0 0 252 147 135 255 96 0 18 255 0 216 255 255 3
    240 255 103 93 180 202 40 26 30 255 0 119 58 35 12 210 0 107 255 231
    158 4 0 194 255 192 119 42 140 0 255 200 231 255 0 106 42 163 154
    255 255 179 110 85 255 0 205 111 127 165 144 137 255 255 16 187 220
    155 0 17 184 255 206 60 179 163 32 255 179 0 207 0 251 255 255 165
    231 240 0 163 173 255 33 140 139 255 85 143 71 210 255 255 79 236
    255 0 255 164 151 65 218 0 134 0 0 134 63 255 0 0 136 121 205 119 0
    51 9 0 22 255 0 26 0 213 255 2 0 255 96 144 187 0 109 0 0 255 207
    219 243 58 255 0 255 0 0 154 190 47 217 116 100 72 0 193 255 127 66
    0 152 25 115 0 248 79 191 0 255 139 250 157 36 226 0 26 255 67 53 0
    232 208 0 255 107 0 255 131 175 255 0 224 56 16 255 167 255 36 0 255
    10 147 164 0 0 238 243 255 201 243 4 71 110 0 145 140 148 212 80 93
    255 0 168 26 200 0 236 156 241 0 27 10 186 0 228 0 153 160 171 0 199
    0 255 255 255 0 4 111 226 134 255 171 197 13 182 255 128 255 0 103
    245 255 246 182 46 157 255 8 9 117 205 0 237 104 234 212 255 28 191
    0 222 1 255 95 255 175 0 101 117 81 160 255 49 228 65 42 0 36 111 81
    109 98 0 255 89 173 190 214 98 184 139 213 255 236 2 255 223 255 1
    189 139 255 0 121 255 26 105 255 255 170 0 142 101 255 34 96 171 106
    255 251 231 0 152 255 89 255 221 154 255 0 121 255 0 255 239 0 45
    126 125 209 189 106 50 244 212 0 208 0 0 209 201 255 0 0 224 0 144
    255 0 0 190 255 155 0 234 0 0 110 0 255 255 14 248 91 100 255 0 77
    255 251 207 168 34 0 104 255 164 255 221 161 18 0 136 205 0 7 172
    176 120 0 88 21 255 255 238 116 175 195 235 0 0 0 0 255 38 3 172 34
    253 141 255 0 0 255 236 0 199 0 0 0 57 0 255 0 255 255 190 246 92 0
    13 255 0 255 0 0 255 9 0 92 104 111 224 132 255 33 0 254 171 61 67
    171 85 110 66 210 255 227 255 255 160 58 141 43 0 84 0 36 0 145 255
    255 218 199 150 216 131 159 0 70 0 74 118 240 255 41 182 255 0 255
    255 229 170 124 47 240 255 125 0 130 80 0 255 189 89 150 255 255 222
    81 100 0 255 255 114 216 0 61 255 0 156 52 0 255 180 0 0 131 127 60
    39 255 255 27 169 255 217 169 114 60 0 73 236 196 135 255 193 114
    255 255 33 255 172 85 255 201 0 116 255 0 80 220 206 174 60 66 237
    234 255 150 255 255 143 121 157 219 74 69 0 14 39 0 131 245 0 255
    155 68 175 0 27 230 255 0 0 234 255 139 0 224 62 179 255 196 255 211
    0 108 255 43 255 165 201 0 75 68 255 23 202 202 8 0 102 88 30 226 51
    255 160 68 255 163 0 161 94 255 0 172 86 48 11 223 50 255 128 216
    200 119 57 0 255 255 131 255 139 255 255 178 255 255 255 95 164 246
    85 255 135 213 242 194 0 234 63 118 47 109 142 252 67 122 207 0 136
    0 31 0 175 0 31 152 255 186 99 0 0 63 226 230 111 71 178 0 169 15 51
    255 0 143 12 151 222 140 0 0 255 50 16 166 255 145 60 55 207 71 114
    86 255 255 0 255 54 165 68 24 0 24 0 78 0 43 80 183 191 255 255 255
    255 94 218 255 159 0 0 0 93 144 127 25 113 170 0 154 255 155 255 188
    211 214 192 0 11 255 81 0 0 0 215 0 255 255 201 255 133 22 255 56
    255 0 0 42 23 0 255 0 147 12 0 5 53 36 255 166 252 219 0 232 0 11
    255 255 203 204 37 204 162 0 0 0 0 0 165 33 51 0 165 255 213 255 0
    229 230 67 0 117 246 14 139 83 0 0 144 192 131 51 0 0 0 0 237 219
    192 35 8 97 255 82 90 255 151 231 255 3 255 179 255 255 157 146 0 0
    16 142 255 164 0 143 69 62 0 0 43 0 255 36 162 255 100 255 0 255 255
    0 28 20 90 16 218 0 255 167 95 44 117 0 73 255 131 182 163 0 243 206
    255 255 79 255 255 70 0 99 0 3 105 0 171 129 214 117 14 68 0 0 248
    255 206 78 197 231 255 87 92 0 121 194 73 35 255 0 27 34 0 25 221
    106 102 255 132 49 0 151 25 14 250 194 57 197 0 135 3 14 0 47 112 0
    86 34 0 0 47 177 255 255 46 255 186 255 85 223 10 0 255 255 255 172
    255 11 112 255 0 28 0 56 232 255 255 255 102 0 75 19 255 167 189 255
    239 133 255 3 255 94 5 0 52 54 14 232 0 255 169 203 206 251 120 0 32
    80 166 63 0 31 142 255 159 255 227 21 216 0 215 156 46 106 97 0 0
    249 227 0 255 47 255 89 93 198 201 255 255 176 255 255 0 89 193 0 63
    61 99 0 2 16 0 131 0 32 142 67 98 252 255 0 255 136 231 255 0 147 0
    38 170 186 137 255 244 153 74 121 255 0 63 59 0 162 51 255 239 158
    255 176 134 86 0 170 105 184 75 187 255 127 171 255 208 128 0 255 0
    195 8 87 145 128 213 93 255 0 255 255 49 25 64 233 56 8 255 255 255
    0 119 169 0 90 183 201 255 95 91 226 194 0 145 69 23 166 6 104 185
    108 0 182 234 209 255 125 32 0 250 255 148 215 48 141 255 0 0 0 82
    255 0 37 0 13 65 57 74 231 255 182 255 255 198 117 35 141 35 0 178 0
    103 34 0 169 255 58 255 120 255 81 220 137 0 255 0 255 116 108 255
    242 0 161 84 0 123 255 255 155 0 255 17 255 255 27 111 81 105 113 0
    0 0 131 0 255 196 155 255 0 122 255 255 98 0 139 0 124 207 0 112 163
    5 0 227 85 255 0 252 181 36 86 255 212 157 184 193 4 255 15 161 108
    255 95 0 128 4 0 6 55 76 126 0 60 0 0 255 5 225 255 126 32 71 255
    198 113 0 96 167 255 174 22 29 213 0 0 20 150 20 255 105 0 255 210
    255 234 55 176 255 255 255 49 0 255 255 0 225 63 225 134 0 255 152
    175 23 76 25 94 196 0 25 69 100 0 1 12 166 255 0 119 0 255 222 255
    255 79 23 0 0 200 255 183 174 255 0 46 174 20 144 138 241 176 36 34
    244 255 61 40 255 255 41 0 254 255 111 0 255 0 18 255 0 0 126 0 0
    255 179 243 156 190 146 0 151 215 118 17 170 19 137 58 0 166 102 6
    41 96 239 179 188 255 255 155 66 179 3 50 0 0 0 89 217 94 201 113
    255 0 122 255 44 255 167 255 102 255 255 230 18 117 0 231 0 216 54 0
    119 19 76 125 31 0 143 0 255 255 147 0 255 195 199 175 27 255 0 255
    88 97 70 234 149 199 18 67 89 12 249 148 80 255 255 255 0 126 220
    168 128 128 6 255 231 0 194 111 68 255 165 244 128 0 246 241 14 255
    255 232 201 255 95 0 115 107 0 25 50 0 194 85 91 145 179 255 208 106
    255 0 148 0 122 207 220 255 84 22 255 45 175 200 179 240 138 0 100
    185 58 255 163 196 255 129 14 224 0 85 255 0 81 239 86 147 255 65
    209 218 0 255 220 0 255 22 88 179 25 173 247 50 255 147 0 123 247 0
    56 255 57 110 181 67 255 255 248 255 198 110 221 0 81 255 122 0 92
    255 134 15 185 203 234 141 161 90 255 0 249 255 83 0 202 128 68 255
    193 0 114 103 228 0 31 255 85 35 146 0 0 160 0 0 137 0 105 0 12 229
    255 0 8 85 156 118 0 255 0 255 255 209 44 67 170 255 99 208 207 0
    255 0 255 0 0 91 0 0 255 255 255 0 255 26 98 255 75 74 157 100 234
    115 95 26 64 255 75 255 255 197 79 211 181 120 161 236 255 255 42 0
    107 0 92 0 238 103 197 239 255 69 236 171 120 137 255 49 255 7 0 173
    255 181 181 104 247 219 255 21 10 175 77 255 255 255 220 170 106 255
    53 122 171 90 0 1 206 248 22 171 177 225 94 170 193 0 37 113 220 237
    255 209 175 76 106 0 203 0 246 0 255 54 0 150 3 100 183 169 33 237 6
    255 71 82 191 10 0 255 140 171 176 0 128 0 147 161 132 14 38 155 19
    0 228 23 188 103 161 85 111 168 59 0 0 120 0 113 168 88 99 141 23
    211 0 255 148 0 96 62 141 202 217 255 103 147 126 255 197 239 149 97
    2 60 255 145 18 206 254 158 82 255 10 55 230 82 31 62 32 191 255 103
    14 0 0 43 151 0 35 255 48 0 0 0 184 0 172 158 0 0 101 0 0 0 255 255
    130 199 110 84 255 178 22 255 84 0 0 47 0 189 24 65 75 25 186 0 0
    255 84 0 49 255 240 255 58 254 115 130 52 255 0 230 0 169 74 255 0
    238 185 220 16 107 190 123 202 255 112 114 228 255 68 162 255 58 179
    0 113 255 242 255 255 54 222 0 171 255 109 0 23 255 255 0 48 17 195
    42 0 90 32 88 51 118 0 69 142 175 83 0 0 0 79 0 114 172 130 255 0 0
    242 0 222 20 255 150 226 255 87 62 255 241 0 25 0 195 140 179 82 255
    55 91 30 44 42 210 184 255 255 0 190 255 43 0 0 204 0 124 183 41 255
    0 13 204 213 121 255 172 0 255 0 255 231 255 143 250 15 43 28 21 93
    193 62 226 255 0 0 74 67 255 244 255 255 101 203 209 255 255 0 255
    62 218 133 110 198 255 80 203 0 0 185 101 102 0 0 55 32 240 43 68 0
    244 0 144 60 0 0 255 39 0 169 255 160 22 255 0 0 0 255 233 220 255
    229 255 197 113 31 255 0 230 222 135 255 87 255 255 55 182 255 173 0
    0 75 90 63 0 85 255 163 53 227 110 141 255 188 255 0 34 229 255 104
    74 49 255 237 128 22 110 68 0 88 255 178 255 0 0 72 255 77 0 0 110 0
    245 255 0 6 144 255 70 0 255 0 255 255 14 25 186 255 221 255 222 157
    199 255 255 0 164 0 0 31 7 255 143 255 0 0 255 255 255 142 0 0 232 0
    125 135 191 21 100 228 224 42 117 255 255 139 185 156 196 255 255 0
    36 118 0 86 149 255 171 166 255 113 0 103 67 0 85 57 0 0 0 127 57 60
    164 255 91 44 149 111 25 59 57 48 255 86 0 12 236 0 70 50 0 189 204
    204 25 255 255 177 255 230 181 0 255 180 255 255 209 0 255 21 226
    239 254 255 0 213 255 0 0 251 0 193 0 80 0 241 0 52 44 99 78 231 242
    0 255 255 0 59 170 0 220 214 0 255 226 70 98 0 6 207 199 154 255 105
    55 203 80 175 141 255 255 0 0 182 221 255 32 0 255 255 95 255 101 0
    255 72 153 172 0 58 46 17 0 39 57 128 48 217 0 186 14 51 0 255 52
    240 96 126 255 0 202 206 190 194 255 237 32 0 157 144 0 0 0 255 220
    0 165 0 57 255 175 0 242 255 0 217 25 0 0 0 255 130 0 108 255 159
    185 255 78 8 255 173 88 255 242 124 255 167 151 45 145 106 120 255
    81 255 255 171 0 0 107 217 160 160 147 0 252 205 0 156 255 255 230
    166 255 185 94 139 255 255 0 149 57 165 44 119 255 255 85 100 0 0
    255 174 144 13 0 1 255 255 0 62 133 255 0 74 255 0 249 0 0 255 111
    255 50 249 107 145 0 0 86 255 0 22 0 73 0 188 255 113 255 227 71 185
    115 0 105 0 200 116 255 255 156 65 101 70 116 24 0 255 220 238 113
    255 42 0 114 76 0 255 255 177 105 255 167 218 232 91 255 171 0 0 0
    128 0 144 75 146 230 0 255 144 90 175 0 255 147 255 97 31 141 88 176
    0 255 105 54 184 156 247 73 255 255 116 255 5 0 195 75 251 64 224
    255 46 199 0 68 255 62 0 23 0 49 45 73 206 166 197 215 25 161 46 0
    22 255 137 0 255 0 255 198 73 154 128 166 63 255 255 255 118 193 115
    0 255 204 141 102 151 234 43 0 0 251 132 220 232 0 42 9 230 71 167
    255 237 137 214 149 255 255 232 52 0 223 239 109 238 27 0 255 255
    231 255 107 255 255 0 110 29 44 48 16 102 23 0 43 78 159 0 62 236
    235 0 0 129 255 149 0 230 196 49 0 72 153 32 255 232 255 0 210 12
    131 98 255 0 255 106 118 174 255 122 255 0 240 136 21 15 255 255 255
    123 203 0 116 168 178 24 9 255 45 17 208 0 255 74 0 64 175 165 131 0
    255 51 255 10 255 221 213 85 132 139 19 255 237 228 0 133 161 76 0
    255 158 112 255 60 121 67 0 0 0 79 0 20 206 59 40 207 255 78 0 96
    255 57 126 108 142 15 122 232 46 232 107 0 0 0 0 0 0 210 0 255 195
    176 0 169 65 0 255 0 255 228 0 172 37 255 26 0 158 145 92 116 0 134
    255 255 0 83 255 233 121 255 0 0 0 10 64 58 140 154 255 43 249 214
    144 255 104 220 148 250 105 76 255 255 0 255 189 101 243 67 255 0
    189 255 97 186 53 22 255 0 8 14 121 122 108 255 0 14 47 3 137 172 0
    130 255 227 255 170 66 206 0 132 0 254 171 0 31 0 185 231 255 37 154
    0 72 232 53 255 0 3 150 255 0 61 255 0 255 192 63 54 95 0 152 83 148
    80 74 170 0 84 153 100 95 68 0 152 0 120 255 34 247 94 10 0 255 181
    0 255 24 109 255 146 255 0 88 0 84 85 0 217 244 255 125 255 255 0
    255 79 209 111 80 255 125 191 255 53 246 80 0 10 9 81 146 255 0 0
    255 0 255 246 86 193 250 0 103 122 147 194 255 255 156 0 38 0 177 0
    121 145 112 197 253 255 244 0 255 0 136 0 211 0 98 255 255 0 184 255
    205 249 255 255 99 255 0 0 78 46 193 3 221 23 225 136 249 127 255
    204 69 25 60 79 140 26 255 13 77 20 33 240 255 135 3 138 29 199 170
    125 0 219 173 168 255 0 0 255 0 0 126 212 255 165 72 165 3 0 58 196
    203 155 255 255 110 140 0 243 196 9 255 34 0 152 177 109 59 176 100
    255 152 255 86 255 0 255 255 255 197 0 251 0 255 55 0 0 0 0 0 43 255
    37 192 182 0 255 186 3 255 140 255 134 149 255 255 3 15 197 107 0
    255 205 66 183 110 67 255 0 45 245 191 133 157 255 187 0 0 255 162
    56 96 84 90 0 11 198 182 0 66 1 122 114 251 182 255 32 0 156 63 0
    255 10 255 58 249 255 240 121 0 100 255 255 0 79 66 69 0 255 82 212
    255 189 192 65 255 156 0 209 255 111 216 132 103 208 112 115 0 221 0
    98 255 101 83 0 255 0 239 255 0 255 96 63 235 29 0 0 159 145 169 57
    255 255 0 188 164 29 149 255 0 189 0 0 93 0 57 133 0 88 222 21 57
    105 165 228 120 93 0 27 7 0 9 0 10 255 200 0 204 231 155 117 255 241
    166 34 0 135 214 22 84 255 45 155 14 0 107 199 33 0 145 253 226 159
    151 97 89 0 0 0 0 135 181 216 255 167 117 28 201 0 170 97 111 10 148
    255 12 252 181 0 255 255 0 0 69 187 255 203 255 0 98 67 232 255 56
    51 255 0 0 254 0 171 104 255 114 38 255 148 0 27 36 112 0 255 255 13
    255 0 141 44 193 255 0 0 0 255 149 78 255 0 186 107 43 174 230 255 0
    255 216 246 255 171 0 0 0 0 134 0 0 201 19 254 0 255 99 223 179 182
    255 255 166 75 18 0 225 96 118 255 0 131 255 150 189 190 131 71 229
    98 20 0 0 130 202 233 2 255 0 0 0 0 26 0 0 255 166 4 31 255 164 197
    255 165 255 0 108 173 62 35 0 13 255 255 97 243 0 251 129 170 255
    137 255 176 139 255 206 33 1 255 5 0 19 0 24 61 59 210 0 255 0 186
    255 235 0 0 191 189 154 255 188 79 163 10 217 186 254 0 36 32 228
    138 255 255 25 74 125 255 40 255 125 138 255 162 162 0 89 255 255 0
    255 255 0 237 47 201 35 0 93 168 0 255 102 136 100 255 89 0 255 255
    0 109 223 0 211 234 255 255 0 202 13 85 1 29 255 228 0 0 198 0 0 0
    255 0 2 249 0 255 117 4 136 142 255 0 13 255 255 12 94 109 73 130
    255 0 200 255 255 171 114 0 0 118 55 110 255 153 255 13 0 52 165 0
    96 94 255 255 14 33 217 94 0 171 33 255 255 28 59 96 40 0 255 255
    255 255 53 255 62 158 255 31 27 85 255 157 0 239 211 136 123 255 0
    255 0 179 255 64 255 13 0 0 219 135 253 55 55 140 255 243 255 95 230
    255 0 255 0 129 251 255 97 255 201 2 160 203 0 244 130 183 243 255
    255 7 133 255 0 225 255 247 230 154 9 205 173 152 120 23 255 92 85
    55 143 153 0 74 0 255 93 95 184 88 255 0 31 0 139 254 137 121 245 0
    194 255 29 0 173 145 212 185 59 255 0 55 182 59 255 255 220 183 0
    255 159 56 216 121 255 112 141 8 0 255 255 74 0 255 255 135 118 247
    0 175 20 255 11 100 255 0 223 231 11 154 134 80 193 5 21 0 170 9 109
    112 99 59 28 112 0 255 21 151 77 213 226 177 234 70 216 223 231 26 0
    72 6 172 245 255 255 0 130 243 25 91 255 1 212 0 0 0 201 255 13 80 0
    255 255 0 176 237 255 255 215 18 255 255 181 255 255 140 216 146 20
    0 0 101 112 182 255 165 232 187 102 255 255 19 108 0 27 179 148 182
    238 0 175 58 182 84 21 92 255 130 255 255 255 171 209 255 146 81 33
    255 69 0 204 169 0 59 70 247 0 227 247 255 0 25 255 63 0 252 48 25 0
    255 229 140 0 51 66 149 0 198 204 0 112 235 169 0 136 255 54 147 77
    255 85 86 174 83 49 79 94 78 52 0 88 0 112 165 0 117 176 116 0 224
    12 0 106 167 19 0 0 41 38 232 117 255 61 254 0 0 33 0 74 45 1 255 38
    203 207 113 86 126 0 255 0 0 211 205 255 255 82 255 59 125 123 106
    22 223 175 59 255 208 250 255 255 50 246 166 137 50 248 120 19 255
    163 117 113 255 232 212 164 201 0 51 160 71 23 255 144 255 255 70
    115 0 60 0 137 154 255 253 255 255 0 255 161 179 52 16 255 12 222
    255 116 42 255 39 0 54 128 164 44 255 0 0 0 117 200 8 79 255 64 0
    255 127 132 44 247 78 255 57 0 22 0 0 255 255 0 2 255 250 255 82 255
    155 0 251 0 254 186 255 78 0 191 3 255 115 255 18 251 58 242 155 130
    0 46 255 0 0 248 230 180 24 255 205 0 0 29 63 93 255 251 41 33 141 0
    213 161 29 158 156 187 246 11 0 190 0 0 0 122 229 21 253 11 177 0
    242 0 28 115 255 12 61 184 201 255 0 22 162 0 255 68 0 104 211 130 0
    113 165 97 203 255 168 17 43 228 255 190 62 116 255 255 255 0 255
    145 53 34 183 255 8 106 0 127 75 122 0 255 235 100 90 54 255 76 211
    255 0 0 191 255 19 49 255 222 255 244 0 255 161 153 206 194 107 0 32
    255 0 0 0 250 0 0 62 111 21 116 37 165 147 0 3 0 6 19 146 209 33 17
    0 184 145 205 0 122 24 0 255 237 4 255 90 94 103 165 63 51 255 74
    218 122 133 255 129 233 0 64 121 34 98 27 128 36 111 255 0 0 122 0 0
    0 114 255 255 81 195 178 0 98 183 184 255 54 255 255 112 152 0 84 19
    0 168 9 0 0 157 111 0 177 43 29 255 78 212 0 0 107 255 127 255 186
    226 31 0 75 0 254 255 77 0 200 173 177 136 0 255 78 145 179 0 255
    244 186 0 255 217 240 173 255 114 53 0 104 132 59 255 0 227 88 255
    255 255 255 35 233 255 74 255 17 36 255 5 212 139 0 0 191 29 70 0
    107 108 0 255 255 0 66 243 137 18 104 255 39 255 25 0 194 0 255 255
    240 37 127 69 229 255 225 187 255 0 255 0 255 0 46 182 255 153 141
    223 197 31 69 0 30 125 91 157 203 175 43 240 0 255 0 159 110 59 18 0
    0 149 0 0 0 169 255 159 255 146 207 85 255 4 60 128 212 255 0 255
    132 0 208 130 73 0 134 0 0 237 164 139 170 6 218 225 255 187 247 215
    127 255 250 255 7 152 75 255 255 0 172 4 75 255 255 0 158 255 113 0
    255 255 0 251 0 255 42 89 126 0 247 133 51 0 107 233 7 106 0 35 37
    243 81 255 124 152 18 28 0 68 144 212 255 204 255 181 114 179 222 0
    255 172 57 240 0 255 158 0 171 248 10 255 103 22 252 255 233 153 129
    255 255 186 211 241 255 255 255 242 96 233 59 237 255 41 255 216 142
    104 117 85 0 14 129 86 255 175 202 255 186 0 65 210 10 173 0 0 0 72
    255 100 66 255 0 141 0 255 196 255 0 253 255 99 0 210 255 0 250 57
    200 247 251 124 184 0 162 198 255 39 0 31 255 0 255 107 94 35 255 41
    0 0 205 255 186 183 146 223 106 120 73 4 0 166 255 194 28 124 56 237
    255 9 59 94 255 87 0 160 0 241 80 96 255 255 176 20 42 255 255 66
    121 121 121 255 255 224 122 0 133 51 6 150 255 120 225 255 255 41
    227 5 43 80 0 255 255 237 255 0 0 77 255 18 213 255 213 255 160 151
    0 92 239 166 0 76 60 74 255 255 219 0 217 255 244 255 0 121 0 0 0 0
    145 150 249 59 255 152 170 120 142 90 255 66 236 12 79 201 0 100 53
    88 146 0 242 255 170 132 131 2 255 0 106 165 142 5 0 255 100 0 255
    255 226 66 241 9 95 4 70 93 181 0 231 136 255 0 0 144 65 0 161 197
    255 19 45 159 100 151 243 99 109 245 0 66 74 131 61 189 255 0 211 24
    23 39 0 214 208 110 118 143 19 0 255 99 238 194 51 44 253 11 165 136
    255 207 64 0 58 137 141 0 185 231 134 255 19 234 95 42 155 204 136
    255 13 255 0 97 159 157 17 255 73 238 19 255 255 0 143 161 208 85
    148 234 179 179 10 224 2 176 50 17 0 209 255 49 101 210 0 254 255
    239 45 246 207 0 180 255 211 150 245 0 255 6 255 90 255 114 84 106
    255 209 135 174 173 0 0 0 27 95 235 9 181 255 0 100 0 193 20 255 206
    255 84 237 170 41 255 146 166 177 117 0 138 0 0 202 111 203 255 21
    22 61 200 5 255 5 200 190 135 215 243 239 2 255 143 255 131 0 62 141
    189 8 192 160 176 201 71 255 255 208 255 113 255 247 1 0 237 204 64
    107 255 255 0 255 0 255 43 255 209 0 255 112 218 55 0 255 156 81 202
    0 0 187 0 224 255 255 76 42 117 188 164 22 255 154 255 18 255 216 99
    176 255 246 72 72 0 0 255 86 19 42 46 24 0 0 251 255 255 38 255 0 77
    0 161 255 35 53 255 255 0 89 255 255 225 0 71 165 255 168 0 220 255
    204 0 246 0 141 0 85 0 0 0 212 213 244 255 124 209 0 204 0 255 1 0
    75 45 255 255 15 255 96 47 0 162 255 192 73 0 255 90 54 156 54 255
    130 71 24 0 0 255 18 0 56 67 41 168 82 255 162 202 255 200 231 255
    40 255 92 255 0 131 0 97 32 0 9 255 255 144 255 163 111 42 255 203
    207 22 255 120 156 181 0 0 0 101 47 0 0 255 151 48 170 82 12 122 69
    78 119 0 0 161 157 94 121 253 255 78 172 0 0 0 176 50 197 232 255 51
    0 0 156 0 92 192 143 77 58 108 240 0 147 167 0 0 163 73 255 255 0
    158 215 0 245 255 169 0 11 165 77 0 0 0 0 203 85 128 255 84 171 240
    135 239 163 102 215 224 102 255 19 136 0 96 170 240 184 57 250 255 0
    73 180 193 174 205 104 0 241 255 119 0 135 255 0 6 255 245 24 191
    255 0 182 0 0 103 0 221 89 86 6 37 255 0 64 255 146 254 2 255 255
    197 255 255 16 255 32 0 0 32 131 247 127 197 139 255 133 252 0 255 0
    255 0 247 189 255 0 123 255 124 255 255 0 255 141 112 255 164 0 50
    255 40 0 54 226 38 0 135 152 0 177 204 60 132 255 82 255 255 243 0
    249 87 193 121 125 202 61 0 88 4 0 255 0 0 218 242 139 59 235 0 40
    114 51 255 120 206 255 166 0 81 87 167 4 255 0 0 249 165 0 0 255 255
    167 89 255 77 46 59 46 86 255 92 255 227 255 20 61 0 0 0 96 149 0
    116 255 166 173 0 175 235 0 0 144 92 24 112 0 165 153 135 148 238
    255 255 0 118 0 50 227 127 0 44 166 237 64 255 142 160 217 239 135
    18 20 8 0 250 9 216 0 87 255 160 255 114 0 255 124 255 125 255 151
    44 0 74 0 0 255 80 0 35 98 0 0 165 237 0 0 255 199 121 97 157 255 0
    0 184 0 0 0 0 0 184 255 173 185 191 0 92 85 229 246 205 69 156 255
    255 255 67 226 148 240 0 34 106 21 255 1 255 217 255 0 255 240 39 0
    126 208 223 13 255 116 122 255 0 194 220 216 4 255 0 0 3 255 42 255
    255 62 187 55 101 0 0 177 255 0 206 239 33 255 42 224 177 255 122
    252 219 255 201 255 123 24 255 130 255 10 237 180 0 24 226 255 49
    116 0 127 38 0 255 248 112 241 108 238 0 160 177 0 255 201 0 0 0 139
    46 228 255 255 249 187 248 0 255 255 0 0 218 255 255 225 0 72 0 178
    20 48 204 255 255 39 255 101 145 0 223 11 206 74 83 255 25 0 255 226
    194 255 198 60 111 0 48 255 201 55 255 46 255 255 130 255 0 255 255
    64 255 43 255 202 50 144 105 0 162 255 255 122 228 86 133 114 28 0 0
    0 0 0 0 0 194 255 255 209 255 255 224 255 214 121 16 0 255 41 255
    119 255 255 1 201 0 232 250 136 184 208 11 141 0 255 240 226 146 0
    115 0 248 255 112 255 255 37 13 166 83 79 176 0 3 217 155 10 88 231
    0 214 180 0 0 255 40 243 254 255 0 0 255 116 217 0 139 136 56 247
    255 255 237 255 98 46 223 214 16 0 229 210 0 128 209 0 188 255 246
    98 248 255 255 1 255 205 56 255 248 255 0 226 255 34 0 103 0 205 255
    103 255 0 0 6 199 204 0 255 175 212 0 255 203 255 0 193 255 221 0 27
    26 145 49 255 142 53 70 48 223 46 143 18 173 255 255 213 71 255 177
    113 0 100 0 153 222 134 255 238 231 233 255 103 0 0 90 65 196 255 88
    0 81 255 255 97 232 179 145 207 235 137 0 247 189 0 59 116 0 255 60
    126 204 79 0 226 172 95 220 255 255 0 181 205 36 211 32 188 255 87 0
    236 122 137 0 248 34 246 170 255 62 70 168 0 244 255 97 78 255 0 4 0
    34 126 167 255 69 98 116 255 218 155 79 255 77 255 0 166 56 179 39 5
    235 255 108 42 255 182 247 0 2 27 250 0 0 197 222 154 109 21 240 0
    255 33 0 6 243 82 0 171 214 162 201 255 0 0 98 255 201 0 208 44 186
    255 0 1 86 0 0 2 204 219 48 82 0 153 182 0 255 61 146 20 130 255 76
    103 0 50 251 0 0 13 59 25 255 39 0 211 9 65 0 0 92 0 198 255 255 102
    18 82 0 202 126 133 0 0 255 160 0 215 43 0 186 255 223 103 125 255 0
    0 0 255 224 241 115 0 255 36 0 255 153 214 104 173 234 156 0 250 148
    83 232 226 0 0 13 59 98 120 83 0 176 79 176 255 58 166 255 0 0 53 94
    255 7 87 255 207 0 43 255 119 90 113 137 0 89 109 0 255 186 179 187
    105 0 134 159 255 249 255 84 140 0 255 255 97 0 147 255 255 0 101 58
    182 0 234 131 0 65 37 178 0 0 7 255 255 0 208 227 56 160 255 247 192
    83 68 228 92 104 0 203 189 241 194 255 66 0 179 104 21 78 208 57 27
    109 177 73 208 47 254 129 31 255 0 247 255 255 0 0 0 255 171 6 178
    255 25 42 115 255 255 0 3 161 213 0 182 37 235 255 230 221 255 154
    11 0 146 7 0 255 0 35 242 0 171 0 255 251 229 34 191 186 255 180 0
    255 255 215 0 142 255 145 0 0 0 134 58 0 189 164 236 231 131 0 0 2
    255 255 0 173 0 231 85 239 255 255 125 92 0 12 120 146 197 0 255 255
    34 50 0 167 166 0 0 16 254 0 251 161 119 208 0 255 255 234 255 0 250
    234 88 0 0 0 190 82 20 116 177 129 251 19 115 0 51 255 243 255 188
    101 255 47 255 0 62 176 255 200 255 96 45 127 18 0 38 87 60 255 255
    100 255 255 0 45 214 255 196 234 52 107 101 0 0 49 60 203 142 99 135
    133 237 102 217 119 255 255 142 18 107 31 24 156 23 190 255 0 0 249
    7 163 250 168 156 0 125 206 210 35 127 208 191 78 6 0 33 195 143 171
    0 23 131 255 8 194 255 194 144 255 45 238 0 0 255 0 135 41 115 112 0
    139 0 255 255 90 200 82 240 212 146 150 68 155 181 0 0 255 148 32 14
    39 192 50 105 211 241 175 248 255 105 0 76 255 0 47 255 123 255 11
    108 51 255 179 82 120 100 255 44 203 22 255 0 0 109 186 255 0 173 0
    106 224 255 138 63 255 252 0 180 88 81 133 0 113 182 128 118 16 244
    251 255 255 26 255 201 31 132 0 255 197 255 255 255 124 255 226 255
    61 191 0 250 146 33 91 255 255 181 179 255 76 0 240 174 0 183 221
    255 229 243 82 0 69 18 253 248 246 121 114 197 116 198 0 0 168 233
    233 255 100 133 255 221 61 248 67 198 41 250 89 124 249 247 195 12
    255 255 0 147 0 211 46 181 255 255 0 152 17 124 163 0 0 85 131 255
    80 193 9 255 0 255 8 255 101 255 96 255 239 255 77 2 126 58 150 255
    8 215 17 239 0 235 226 255 255 49 195 28 170 255 252 150 133 153 92
    255 124 226 255 0 255 255 68 0 249 255 205 255 36 222 207 255 99 157
    255 0 255 0 44 158 77 84 0 0 255 140 198 162 255 223 192 37 31 9 0
    101 72 4 255 255 28 255 163 255 255 56 151 185 157 0 200 25 255 255
    250 198 198 255 255 16 255 255 132 147 155 81 255 255 91 0 125 255
    151 198 0 177 158 255 0 178 166 67 174 0 0 0 171 47 197 211 255 0 0
    255 9 255 168 255 137 81 168 211 98 255 0 200 255 34 174 0 255 130
    155 103 255 120 111 255 90 41 55 218 238 255 0 255 158 119 159 10 10
    80 86 160 188 221 255 255 255 0 86 255 122 170 225 54 0 0 255 217 43
    255 255 255 255 90 187 6 118 76 209 152 255 0 130 212 25 27 255 170
    255 0 255 139 0 255 88 255 255 0 19 17 184 27 7 124 13 0 0 92 252 84
    255 0 255 60 145 151 155 239 212 227 255 96 159 0 64 151 255 143 0
    24 255 255 161 255 234 65 90 83 255 225 98 255 236 103 105 96 237
    201 255 0 255 208 44 0 255 0 88 255 30 99 255 255 77 46 189 68 131 0
    0 94 12 255 255 81 162 224 31 0 0 166 108 0 171 255 80 0 81 160 123
    42 255 255 7 165 246 163 127 41 155 236 255 246 62 187 52 113 210 83
    255 0 235 255 255 254 255 161 84 4 0 255 213 0 0 255 75 232 136 240
    0 255 255 104 112 0 108 255 207 143 138 16 255 0 96 51 255 0 59 243
    0 255 59 179 0 0 233 0 255 237 33 0 222 0 220 106 255 45 0 244 255
    255 255 255 255 57 206 0 179 255 24 183 255 186 255 150 114 0 255 29
    0 171 0 97 27 134 193 146 0 217 133 221 61 213 255 231 147 255 255 0
    247 82 227 180 255 236 255 90 204 168 255 25 231 0 252 80 96 211 126
    235 164 0 72 255 0 255 106 187 255 221 255 34 13 78 35 102 0 0 243
    97 104 191 60 26 255 249 10 231 255 55 255 253 0 0 0 161 171 0 5 50
    16 155 25 56 255 255 205 177 41 0 69 0 0 175 251 251 84 255 0 40 211
    0 0 212 0 79 248 154 95 135 255 0 0 255 0 244 34 255 62 255 170 253
    15 255 255 161 147 239 255 131 0 249 214 205 77 240 0 218 0 152 42
    255 32 255 73 184 245 0 0 0 0 255 0 218 129 255 0 56 226 170 255 0
    218 255 0 119 135 0 109 0 255 46 255 20 255 255 255 18 255 72 99 152
    82 0 210 0 120 255 45 20 0 255 202 39 0 88 0 102 0 14 90 255 191 147
    99 255 255 255 217 255 0 119 0 167 6 0 28 255 91 170 16 150 0 0 235
    200 98 255 22 255 0 0 189 178 141 227 7 179 137 255 0 0 213 1 0 69
    190 215 99 124 62 88 255 207 213 44 240 160 245 32 255 180 255 255 9
    9 201 177 211 30 173 212 0 22 0 100 0 0 255 233 255 0 255 76 72 101
    238 35 255 255 168 100 153 0 255 255 255 255 255 255 56 80 0 44 255
    0 106 121 0 97 255 150 0 255 0 21 222 60 38 21 20 255 0 105 212 75
    255 33 123 149 111 30 255 255 255 119 3 129 0 93 94 0 0 0 42 0 16
    232 255 7 205 175 188 0 0 24 100 195 211 255 58 250 255 242 144 225
    0 255 191 0 136 0 246 0 198 53 10 0 255 93 255 255 196 225 204 255
    159 210 126 255 48 255 13 255 255 0 86 9 179 162 122 56 199 0 44 148
    245 255 255 234 80 255 250 0 112 255 156 56 250 237 155 0 86 202 255
    0 105 113 112 163 61 0 239 0 15 148 255 144 16 55 45 255 87 120 255
    0 121 250 134 255 108 51 10 0 173 131 204 255 175 0 218 128 36 89
    129 0 62 62 0 255 39 40 159 0 0 255 82 176 21 181 181 115 36 96 173
    242 255 255 255 89 47 208 0 78 167 173 48 61 62 54 68 93 20 44 33 63
    0 255 255 153 255 97 244 76 239 50 255 40 53 116 88 255 255 57 202
    116 255 0 243 27 125 77 0 23 0 0 135 31 0 193 67 0 244 0 255 0 238
    118 147 255 164 49 23 1 25 0 255 0 181 0 219 255 112 137 13 255 137
    178 0 255 144 1 0 255 150 0 39 0 47 37 75 233 40 255 0 10 39 204 205
    0 61 148 255 255 0 255 0 159 115 196 122 209 196 188 124 255 154 224
    255 0 221 255 240 0 206 86 219 0 0 43 111 252 255 68 0 0 244 246 221
    0 255 17 79 168 0 180 0 251 241 255 172 255 117 161 20 236 65 255 35
    213 15 12 0 203 120 10 220 19 1 56 62 89 23 130 8 0 92 255 106 84
    255 152 0 0 48 23 255 95 255 121 246 255 234 150 81 0 171 160 0 0
    230 193 255 0 228 229 0 255 179 102 255 0 255 152 128 244 71 190 60
    49 157 43 200 12 0 239 158 125 22 130 0 255 25 242 0 200 159 0 86
    191 57 255 145 0 19 255 149 0 235 125 0 251 6 87 121 0 29 89 192 3
    44 102 255 5 95 217 0 0 0 174 51 113 15 97 71 0 0 84 11 255 255 126
    52 224 255 96 105 56 60 74 148 0 183 255 138 150 172 70 99 66 184
    242 166 255 255 28 196 30 0 61 88 39 7 166 0 109 127 227 8 206 81
    215 255 0 129 51 211 229 163 42 208 64 51 95 0 32 69 56 120 183 178
    255 255 145 255 114 112 240 127 91 239 112 255 255 255 0 17 157 247
    219 120 0 139 120 199 0 255 255 15 0 106 255 255 114 255 238 132 255
    0 63 139 117 0 0 0 149 0 255 242 255 0 8 255 255 111 193 0 89 92 101
    63 255 0 220 157 255 255 14 254 133 114 109 72 0 255 255 164 255 255
    255 0 40 183 255 17 23 54 181 99 0 255 154 222 172 255 255 176 172
    171 239 255 108 255 0 112 2 33 164 35 195 203 0 168 0 199 181 200
    125 185 61 169 158 0 69 10 0 0 51 0 0 0 233 106 255 90 0 0 0 229 26
    239 147 136 0 89 69 193 26 131 150 184 0 0 218 0 0 137 49 85 0 235
    136 0 129 219 255 0 139 0 28 255 233 234 152 3 255 151 123 57 0 148
    4 0 65 232 255 255 228 225 255 84 191 95 121 52 4 0 95 218 230 42
    113 255 255 173 255 50 58 104 0 182 0 53 242 255 0 255 255 139 255
    161 0 255 218 201 34 171 255 137 255 52 33 255 161 255 0 142 0 0 0
    236 255 161 180 0 202 79 0 0 0 0 255 82 0 172 0 10 17 35 219 24 20
    33 55 7 242 72 23 12 255 42 201 219 255 0 255 0 218 54 105 237 0 255
    19 20 255 255 150 217 0 255 255 20 102 255 0 0 0 163 190 0 255 24
    255 69 255 255 0 86 196 234 0 255 255 79 255 0 255 255 115 184 255
    239 11 0 42 180 0 255 0 0 132 0 7 89 80 202 76 116 32 87 0 116 194
    172 255 201 147 255 0 214 128 0 146 252 255 0 173 111 62 239 0 219 9
    92 172 223 255 0 0 70 0 146 158 151 255 255 214 72 240 242 214 216
    255 255 73 36 20 101 109 5 13 188 36 15 255 28 117 64 255 193 128
    255 66 114 255 159 255 0 61 95 204 30 46 214 191 118 255 160 255 203
    200 0 49 242 255 0 122 154 0 144 255 0 255 67 0 12 255 255 0 251 0 0
    255 0 115 210 232 220 199 96 221 131 176 65 191 70 181 0 211 199 255
    255 255 39 59 181 245 114 95 0 255 0 12 239 164 98 159 160 227 0 75
    255 103 255 137 255 142 90 255 0 84 0 79 109 224 0 50 46 255 202 79
    255 255 5 255 0 88 255 248 255 255 81 201 103 214 0 0 164 38 7 154
    255 55 23 34 0 0 255 22 0 255 173 255 190 236 255 255 255 15 255 255
    191 52 255 255 255 255 20 118 207 0 255 243 160 128 87 255 0 12 196
    184 255 0 255 217 0 75 29 255 227 212 153 0 12 29 111 83 0 218 0 0
    17 9 4 255 78 0 60 44 0 0 14 146 255 255 0 0 165 186 0 21 114 134
    211 131 255 250 190 255 214 194 148 0 9 59 102 0 124 131 0 43 255 0
    255 0 191 255 255 118 61 255 53 86 107 243 208 102 255 0 199 0 16
    132 36 255 255 124 46 225 198 155 255 255 81 196 0 82 148 0 49 0 208
    255 211 0 255 222 194 94 69 255 255 127 136 255 26 123 0 55 77 0 255
    113 117 0 98 216 49 0 38 180 247 9 109 255 255 160 0 0 47 157 167 0
    255 255 54 255 0 128 221 0 122 0 255 146 105 0 255 222 255 65 255
    255 78 14 144 255 0 151 142 0 230 174 255 240 170 150 19 146 226 255
    255 200 255 224 0 157 87 0 0 254 0 255 41 0 182 234 31 81 255 50 41
    12 0 243 218 15 208 198 255 255 241 0 255 240 0 16 215 255 0 193 13
    255 255 37 155 205 133 0 186 126 239 177 210 188 33 29 250 117 4 248
    255 81 255 255 228 255 83 48 129 216 255 185 204 0 255 255 132 180 0
    134 192 195 204 0 8 4 0 88 255 198 54 255 243 255 14 35 255 173 255
    0 112 143 200 138 69 0 51 156 42 255 127 37 174 119 138 0 62 255 119
    134 255 0 133 51 28 3 252 194 229 0 120 255 173 103 50 255 102 149
    108 81 5 39 72 0 255 255 189 234 0 185 0 71 166 81 140 36 0 2 255 28
    255 255 46 167 171 203 0 134 0 0 34 224 0 50 228 255 103 177 172 180
    215 194 238 0 103 0 166 0 33 125 255 255 255 128 167 111 255 208 118
    0 255 33 255 0 227 255 0 104 85 255 167 0 255 224 187 0 0 48 58 222
    0 193 152 185 235 0 0 166 226 255 0 209 255 0 255 142 0 58 0 102 38
    53 0 255 255 0 223 159 255 201 88 255 19 24 204 166 146 163 255 98
    66 0 137 100 0 0 143 194 252 193 175 100 255 104 185 91 255 13 255
    23 133 255 139 37 167 46 161 255 0 255 0 0 255 95 0 255 0 31 5 11
    115 213 255 61 106 124 169 0 70 155 255 0 147 0 0 204 0 255 120 0 93
    180 141 131 116 217 0 0 184 255 169 54 151 0 216 201 158 0 253 249
    255 170 0 211 0 0 105 255 117 248 255 255 255 96 181 255 11 43 63 66
    60 61 177 159 5 230 255 203 139 90 125 75 145 0 222 165 0 165 0 29 0
    93 255 0 255 225 130 71 255 0 102 174 74 0 255 186 11 255 255 0 34
    255 212 0 225 26 33 255 165 255 255 31 172 240 0 0 184 42 54 0 200
    55 52 31 0 58 0 0 0 90 115 228 153 35 204 147 159 0 94 0 41 146 255
    254 73 248 0 211 247 226 0 160 255 114 0 0 196 0 255 195 95 199 0 0
    255 0 255 255 42 255 255 65 176 0 251 0 111 139 255 234 0 255 81 115
    221 134 255 242 252 0 222 202 214 0 0 255 255 39 88 142 3 124 0 201
    215 120 0 21 0 79 167 123 255 233 22 224 0 194 0 0 156 49 224 0 255
    130 0 55 204 24 191 109 126 0 232 88 184 6 237 255 254 65 178 0 0 88
    209 0 255 127 178 161 75 0 24 39 0 196 129 0 101 255 255 63 82 152
    205 0 42 190 255 106 67 255 166 219 255 11 0 0 179 146 162 200 43 9
    150 5 0 255 98 226 84 255 213 57 0 130 44 0 165 250 0 0 135 58 0 31
    255 102 255 190 255 22 208 0 0 22 255 201 255 135 0 0 139 247 255
    170 102 0 54 0 172 0 187 247 84 249 52 123 255 11 255 153 123 202 22
    0 69 126 4 247 255 114 255 255 229 67 71 255 255 144 255 222 0 158
    133 0 95 52 80 0 183 189 220 56 0 102 69 132 206 255 255 154 147 74
    0 254 255 123 0 189 0 255 64 230 169 255 0 9 207 141 0 240 255 63 26
    158 111 10 240 223 42 96 255 246 255 212 6 110 0 147 137 19 185 0
    218 81 154 90 255 255 255 255 255 169 0 255 0 28 0 0 7 173 201 255
    255 255 134 255 255 71 255 0 129 244 146 177 175 112 203 22 0 181
    142 105 0 53 0 188 0 255 255 85 209 255 255 255 159 255 249 64 14
    114 251 255 221 116 82 27 255 244 25 235 255 0 223 28 0 50 255 68 20
    0 33 223 33 255 255 230 239 150 255 159 1 0 44 100 198 33 0 150 57
    109 0 217 115 255 0 79 148 255 63 0 255 46 61 255 0 76 130 0 255 143
    84 255 222 165 90 0 0 0 226 165 0 100 79 0 69 5 163 106 255 255 0
    156 28 10 0 0 228 255 0 42 27 0 226 229 174 255 0 0 78 206 0 124 54
    173 192 255 41 63 232 104 0 255 255 255 0 190 98 13 174 49 255 70 35
    255 8 221 113 142 153 255 240 58 97 132 158 123 188 135 115 146 255
    41 255 33 162 40 101 255 0 38 150 69 255 252 209 80 83 125 0 180 239
    50 0 0 80 17 0 193 255 0 92 145 115 7 64 14 0 255 96 0 201 239 95
    163 0 0 109 92 242 138 196 0 255 208 247 161 15 83 18 0 54 255 96 74
    17 218 162 0 76 0 0 186 163 0 36 223 8 255 255 19 0 194 0 255 149
    255 152 0 45 11 104 222 255 0 7 0 0 175 52 103 0 255 255 0 140 220
    255 88 221 0 217 62 0 73 255 247 0 11 191 115 156 18 0 0 171 0 8 250
    191 0 140 255 205 189 39 255 92 14 255 225 31 242 172 7 255 141 79
    255 234 79 27 7 77 170 255 0 255 70 219 145 0 27 227 255 70 255 55
    47 254 255 0 0 195 31 132 0 253 255 254 0 27 185 81 20 255 107 0 0 0
    105 77 30 82 0 255 0 20 113 228 133 0 255 186 62 28 255 255 0 74 90
    96 199 12 99 76 24 144 255 28 255 0 0 255 35 61 37 50 242 255 130
    255 0 255 193 90 206 0 0 255 0 113 11 255 25 0 58 88 104 69 85 194
    255 33 8 117 0 0 82 59 175 5 30 0 237 234 255 198 185 0 255 68 87 0
    245 221 11 62 202 141 113 79 185 60 54 126 0 255 201 61 26 244 229
    222 123 255 0 161 126 112 130 65 255 25 255 78 0 15 0 255 85 145 255
    1 255 255 108 0 0 135 0 255 157 236 106 0 255 255 186 251 0 255 38
    53 255 0 129 241 240 163 0 0 250 255 68 241 73 158 255 157 0 0 240 0
    255 0 143 230 202 177 7 52 255 154 255 172 117 161 0 99 187 204 255
    0 232 255 10 0 63 123 255 167 0 24 211 218 194 253 255 79 29 171 146
    255 255 255 222 0 181 91 36 216 154 0 208 255 179 232 0 212 0 86 99
    14 0 172 107 95 67 138 255 80 190 0 99 104 255 77 136 166 27 144 106
    0 130 74 97 104 211 76 226 162 0 255 220 207 88 114 215 100 99 0 64
    39 54 69 255 11 81 116 0 6 176 255 137 165 158 26 246 143 186 110
    120 255 59 0 255 0 121 217 135 6 228 184 0 255 255 255 173 255 0 0 0
    204 135 0 1 149 217 255 133 0 255 255 0 49 255 126 0 255 255 0 211
    130 0 168 151 169 255 0 41 220 0 181 96 0 14 0 130 253 58 57 18 255
    23 255 51 255 0 253 244 164 0 92 0 108 197 172 52 175 255 136 46 214
    10 255 165 0 154 255 185 0 192 17 201 5 255 113 0 210 112 117 192
    157 164 204 0 0 255 255 0 98 175 237 0 255 124 0 234 0 7 100 244 82
    88 112 77 229 133 164 0 32 241 255 0 255 0 24 130 20 120 151 252 30
    33 129 0 255 127 251 0 156 0 199 154 0 96 6 0 91 62 28 255 16 255
    255 135 172 198 0 170 80 112 175 0 0 212 0 189 70 173 255 128 114
    191 255 107 229 135 75 182 114 216 29 255 76 212 26 135 0 0 97 221
    255 96 0 49 255 241 0 0 0 29 110 24 43 206 225 202 50 241 146 32 166
    255 91 251 172 92 31 241 5 106 200 119 57 158 248 216 247 158 0 0
    255 253 122 100 185 255 0 45 4 0 232 204 233 38 198 255 255 157 0
    229 165 95 0 232 74 69 67 255 101 255 226 15 172 0 0 61 241 24 179
    255 0 0 172 37 255 110 0 201 190 255 147 108 89 0 255 207 157 242
    255 255 59 80 42 255 0 0 198 0 225 164 70 139 0 2 161 218 38 232 255
    248 30 40 84 255 0 40 229 167 85 0 16 212 255 0 0 192 23 214 107 255
    255 182 54 52 255 255 0 17 255 0 0 0 0 248 77 255 255 0 29 255 255
    255 0 225 255 155 214 177 147 30 40 116 148 0 158 0 255 14 36 47 125
    56 129 255 174 195 174 197 140 202 0 126 255 45 8 255 220 174 73 80
    0 105 184 106 53 228 143 234 255 34 255 17 0 144 111 132 0 0 190 234
    0 215 0 255 0 255 154 255 7 20 17 255 255 92 255 255 81 255 177 198
    255 238 0 0 195 217 76 242 0 255 0 213 255 0 232 60 125 255 102 102
    0 6 29 0 94 5 75 252 0 252 255 255 0 48 69 0 0 230 201 177 165 255
    255 59 145 255 219 51 38 67 255 1 49 181 145 0 0 183 91 255 36 155
    66 0 6 91 12 0 255 205 255 0 23 172 57 106 255 215 74 82 129 0 255
    192 0 238 0 107 255 0 0 68 164 157 0 139 20 52 19 0 22 255 120 229
    255 199 45 241 0 0 47 78 248 0 255 0 255 0 0 237 0 255 255 138 255
    255 241 13 0 48 86 35 154 201 176 255 16 132 255 0 242 91 51 190 0 0
    141 191 255 23 121 236 101 191 147 255 0 43 191 255 138 0 145 2 0
    255 43 243 135 0 66 255 0 255 0 0 148 210 126 144 68 214 255 255 16
    150 0 0 202 255 255 255 255 220 153 0 255 163 189 139 119 202 0 0 38
    181 30 135 243 0 161 216 240 181 48 255 255 0 142 139 255 255 79 188
    0 155 129 0 255 0 255 13 0 255 18 222 100 62 27 65 224 141 0 255 173
    0 118 255 94 150 255 20 220 121 3 0 92 0 255 0 162 187 133 73 210
    101 143 255 255 134 121 97 0 136 28 0 208 255 0 2 255 145 1 245 0
    255 58 249 184 0 191 140 41 10 255 255 255 153 0 114 94 255 210 255
    112 166 0 104 253 255 0 255 141 255 172 0 0 0 255 255 117 161 23 255
    118 190 187 0 41 93 183 172 63 80 39 178 63 0 0 0 109 0 171 93 219
    248 0 245 147 255 251 143 0 211 0 172 156 187 255 187 245 157 67 190
    182 109 231 255 131 201 255 104 164 149 235 0 99 43 30 102 236 66 70
    255 25 0 243 181 38 255 243 153 255 0 87 20 102 0 0 100 208 255 218
    0 90 0 166 42 181 0 200 23 255 132 255 0 0 255 59 40 255 102 197 130
    168 0 98 255 255 158 95 250 0 255 0 0 179 165 154 189 177 122 211 0
    255 0 0 147 144 164 186 220 255 217 31 143 41 255 249 255 89 255 61
    236 0 229 0 21 100 255 7 97 154 25 116 0 0 255 255 181 138 31 55 74
    246 86 127 0 0 108 203 80 160 122 17 51 255 29 185 0 32 238 255 208
    173 0 255 96 149 0 224 255 162 255 60 221 0 137 154 20 230 0 169 255
    195 150 6 177 255 243 206 255 255 21 0 138 213 11 0 255 255 84 204
    255 24 225 238 1 255 255 33 0 0 174 118 198 27 246 0 106 190 0 249
    20 131 255 250 255 250 252 69 136 78 88 255 0 0 0 170 255 0 0 0 236
    188 255 128 0 255 144 0 132 255 199 201 0 189 12 0 255 8 64 6 255 0
    60 0 250 106 203 152 25 171 255 18 255 255 255 55 0 151 48 104 102
    176 0 25 2 0 255 57 84 219 255 41 121 255 48 174 255 0 147 206 255 0
    126 178 165 170 45 83 183 255 65 21 45 198 0 0 56 255 255 0 224 7 68
    0 149 255 24 255 210 0 0 198 188 242 255 62 0 68 0 0 165 255 130 255
    255 51 184 255 255 243 255 183 102 255 255 255 0 119 7 133 90 0 9
    147 0 255 182 233 255 255 169 0 175 144 92 38 5 0 174 255 64 0 224
    57 85 138 208 117 36 0 255 255 255 255 169 123 45 21 167 57 255 48
    101 249 0 108 164 0 34 255 0 255 182 255 79 255 63 46 177 242 199
    141 30 20 255 60 255 255 0 164 255 219 214 165 0 47 80 236 255 156
    163 159 0 255 0 255 155 56 255 94 32 255 255 255 78 255 0 197 0 0
    150 0 0 177 81 81 58 140 32 215 0 15 0 40 211 255 234 0 255 215 183
    63 18 23 0 255 50 0 125 188 146 255 186 255 0 0 204 0 255 134 255
    106 52 255 16 0 205 1 0 255 55 0 176 50 26 126 61 172 72 255 0 255
    255 0 0 255 0 160 119 0 177 201 107 48 167 100 251 255 59 147 255
    255 117 246 56 65 216 117 255 252 58 66 0 160 27 101 0 255 197 255
    255 48 255 217 255 255 216 168 9 76 0 24 191 146 49 255 255 194 0 95
    98 16 235 21 255 18 0 9 255 182 0 230 129 0 242 0 77 255 255 0 169 0
    42 213 176 255 253 0 68 115 133 109 0 222 255 105 255 155 78 0 158 0
    151 23 4 255 16 255 115 1 74 17 58 164 172 124 203 134 0 113 0 255 0
    229 133 79 0 255 0 148 139 65 167 0 255 255 114 122 234 95 96 95 56
    255 0 128 71 154 255 255 55 255 249 195 67 179 173 255 180 106 136
    169 0 131 230 138 89 0 66 149 132 219 210 0 219 0 48 89 123 255 255
    255 255 35 184 255 255 204 83 82 82 179 255 198 0 230 156 255 0 3
    162 77 48 77 96 127 0 255 0 5 38 129 255 138 95 143 219 0 255 255 86
    252 249 255 255 236 114 16 255 137 132 251 0 30 249 15 87 255 0 196
    76 138 255 255 38 17 250 172 109 16 142 0 157 0 239 32 201 44 255
    255 93 0 219 12 212 0 17 212 116 0 145 72 192 255 71 144 255 109 92
    231 0 195 102 0 17 255 147 47 215 127 207 77 134 29 255 255 0 68 9
    144 13 193 255 80 49 26 253 232 1 174 255 0 71 255 109 31 13 199 255
    138 72 230 155 114 80 113 28 179 109 96 210 213 241 248 48 153 0 125
    134 255 255 0 240 194 0 32 203 46 0 49 84 255 71 4 0 110 119 136 255
    0 0 226 174 99 129 210 51 0 0 0 72 0 72 255 0 108 0 182 156 117 255
    122 255 255 215 255 222 0 119 146 255 60 0 52 35 181 113 0 208 0 115
    255 58 241 81 255 255 142 209 0 49 215 0 255 98 39 164 69 255 255
    255 255 132 33 186 195 154 72 0 255 47 20 205 169 255 194 148 98 126
    164 16 97 204 0 205 35 255 255 0 255 159 0 122 136 0 0 138 50 224
    150 254 133 255 179 32 42 169 0 70 130 0 144 50 0 255 255 0 177 37 0
    255 97 110 10 255 120 0 52 255 128 158 101 44 0 164 255 62 0 216 202
    46 189 123 0 255 0 0 133 0 255 115 0 0 203 0 39 226 35 186 255 255
    209 138 255 185 0 218 91 255 157 153 134 18 56 255 97 255 13 254 0 0
    13 33 255 249 105 255 0 172 0 92 255 208 0 74 210 253 47 219 130 168
    155 246 49 255 71 74 166 146 0 255 22 169 24 41 167 81 64 104 0 191
    241 211 33 0 255 246 255 158 142 134 0 84 143 42 31 202 0 100 255 0
    156 104 210 0 169 0 33 8 63 117 229 41 182 179 255 159 51 100 0 161
    255 0 152 93 141 255 151 0 255 255 169 115 60 152 246 35 197 249 26
    255 255 0 238 34 0 255 16 0 255 84 253 0 160 210 0 0 145 13 255 229
    255 109 48 0 89 255 207 0 221 98 0 255 226 153 75 169 191 0 179 189
    0 5 23 51 244 123 255 72 0 48 34 76 255 248 236 255 0 255 255 184
    255 84 255 83 31 59 228 255 254 235 247 64 154 67 0 175 35 74 0 140
    1 255 79 115 176 255 68 0 255 176 255 103 73 255 24 0 0 244 255 0 71
    206 245 0 201 243 12 244 255 61 0 248 222 160 0 0 213 0 0 255 37 0
    49 45 60 83 75 255 255 47 194 21 255 130 147 43 0 35 189 255 255 255
    158 152 255 206 212 0 0 255 0 114 0 23 169 93 102 135 255 255 255
    125 19 0 60 107 16 118 0 129 84 56 44 125 180 255 171 240 219 70 204
    255 97 25 255 55 218 0 0 65 255 255 255 255 244 255 96 160 82 0 64
    198 255 80 255 122 232 49 23 42 50 132 48 88 144 97 215 162 79 65
    146 255 0 117 255 0 0 0 207 0 235 0 0 8 62 28 236 16 0 180 0 255 73
    148 229 255 0 213 233 241 0 255 255 0 255 0 7 125 161 140 14 255 118
    231 96 110 12 32 196 0 255 255 255 230 83 203 118 206 8 0 243 208 37
    0 99 1 255 102 123 0 255 75 167 165 146 150 202 0 187 180 105 25 237
    139 83 167 0 0 87 255 216 117 174 216 0 0 0 162 255 0 104 208 12 0
    76 0 144 26 76 155 255 0 0 29 69 255 193 0 62 0 185 34 66 252 0 32 0
    225 255 255 255 255 213 221 127 61 246 9 255 0 3 69 0 0 0 0 0 0 213
    66 0 182 255 0 212 229 255 255 183 159 198 0 255 0 231 255 0 0 151 0
    43 255 61 222 14 181 103 18 0 233 255 32 185 233 0 186 35 255 183
    255 255 255 255 143 0 177 0 0 0 49 0 0 220 10 255 238 125 255 0 0
    158 0 208 0 249 255 154 1 0 167 105 145 98 0 255 163 58 2 246 255 41
    35 33 36 203 255 255 255 221 99 255 247 199 184 255 47 255 189 229
    11 255 142 124 0 0 217 20 184 71 0 74 80 220 0 77 249 234 155 255 18
    131 40 149 0 197 68 0 0 0 255 0 0 199 99 42 255 255 167 226 21 255
    255 48 166 0 196 161 220 51 0 140 127 220 66 205 201 18 59 177 44 0
    14 0 230 15 255 231 78 194 41 0 172 0 242 224 0 197 38 97 220 175
    255 0 162 0 255 0 0 48 0 255 87 151 106 58 0 255 0 224 11 0 255 255
    67 140 0 244 227 0 150 202 0 126 63 195 220 0 82 42 69 142 255 218
    255 92 153 121 112 17 255 211 126 255 255 52 14 55 0 219 0 231 0 0
    159 17 184 0 224 65 89 255 126 30 255 17 164 255 255 165 255 39 160
    255 235 0 38 9 218 4 115 255 72 0 125 90 255 151 242 255 236 167 255
    80 202 170 7 0 70 179 175 0 130 237 179 0 107 0 255 27 255 112 44
    255 208 246 165 0 6 255 0 255 232 0 33 255 0 239 12 168 73 47 21 81
    92 122 28 116 9 255 229 0 255 86 133 255 108 0 220 0 122 0 255 0 161
    0 0 62 0 255 28 70 78 255 208 99 0 117 0 238 240 84 188 189 50 255
    209 255 0 53 50 129 0 0 255 0 102 255 171 41 0 255 0 139 255 0 228 0
    45 0 212 222 255 27 43 213 255 225 198 162 17 13 255 0 7 153 189 178
    73 255 0 142 190 5 255 0 255 255 47 0 255 53 244 46 0 255 23 206 255
    255 42 127 0 0 67 255 206 110 0 141 48 153 163 245 160 200 127 192
    28 150 12 255 65 0 234 220 246 255 0 195 97 130 164 73 255 78 8 130
    255 239 99 169 255 0 126 0 231 255 0 211 247 0 191 110 72 120 224
    202 49 39 94 0 235 168 0 255 15 0 100 142 64 229 255 255 255 0 99 0
    213 0 0 255 9 68 191 0 255 175 255 234 199 222 123 250 0 50 255 197
    196 97 180 28 0 255 0 0 255 255 0 59 255 0 0 171 255 255 0 255 103
    235 48 20 208 250 216 0 102 59 95 255 255 189 238 0 126 0 24 119 0
    12 0 179 0 49 189 119 255 249 205 58 255 255 0 190 137 0 255 69 62
    217 70 255 110 181 0 193 34 0 0 189 138 23 209 255 235 91 29 238 0
    98 57 255 145 42 255 255 123 44 255 246 146 228 142 0 255 17 0 127
    255 15 33 255 0 15 210 72 253 34 232 91 255 9 255 0 130 199 255 227
    217 0 69 195 0 0 249 81 104 0 68 255 88 18 233 0 46 72 0 226 34 62
    255 220 90 190 255 134 0 255 255 59 236 238 218 125 83 108 41 213 0
    0 0 0 249 161 0 0 255 75 159 255 255 19 236 0 214 91 212 98 150 65
    136 0 23 0 0 111 95 255 227 193 0 65 134 0 74 212 40 255 105 113 91
    255 109 0 110 255 112 255 169 46 0 130 2 102 229 0 0 218 255 0 13
    255 247 10 80 102 5 252 0 0 255 144 0 113 228 141 194 0 151 211 0
    158 25 0 63 41 255 0 255 59 232 0 0 104 90 0 110 254 17 192 0 6 0
    255 255 128 3 0 247 255 187 255 255 224 214 220 242 198 58 0 255 255
    255 58 255 52 41 120 0 212 255 0 206 92 162 7 255 148 197 0 246 255
    0 18 209 0 255 187 0 27 255 117 0 1 255 1 255 66 166 255 225 11 175
    198 143 255 255 0 251 255 32 218 0 255 59 70 156 89 0 3 98 255 211
    244 255 255 20 72 71 255 63 0 3 40 26 171 55 222 18 134 235 255 255
    6 0 209 0 191 255 0 222 126 239 51 242 255 37 0 6 255 18 255 255 117
    85 176 92 0 27 109 221 80 205 142 255 167 255 237 194 255 77 132 214
    144 71 4 255 226 127 255 0 244 201 0 42 9 78 158 119 0 13 48 255 0
    219 94 169 215 0 9 112 176 62 70 158 123 172 255 255 71 84 29 255 0
    156 181 121 227 111 206 255 47 21 144 0 115 89 0 0 0 201 0 87 40 64
    0 176 85 0 41 218 118 255 15 0 240 0 0 102 68 229 236 120 75 207 255
    106 0 135 255 13 75 0 255 175 115 13 0 65 85 65 15 203 255 23 124
    255 220 0 75 0 160 255 100 38 102 0 186 220 248 177 0 241 0 160 0
    163 255 89 182 58 109 1 106 88 4 0 255 0 13 139 164 0 0 216 169 0 10
    83 255 13 45 177 255 0 178 5 16 68 0 255 171 101 255 0 38 0 190 0
    239 255 0 75 184 70 255 0 0 36 228 39 137 88 236 71 0 254 0 0 255
    226 253 255 93 0 56 7 87 0 41 244 112 255 77 0 67 31 0 66 255 0 33
    161 27 127 232 108 144 65 0 47 234 121 22 255 0 0 242 0 101 255 0
    117 0 0 255 0 255 250 0 66 255 224 0 60 53 91 221 23 112 157 39 0 0
    120 255 0 46 255 255 121 94 5 0 59 137 0 237 16 158 0 55 0 0 51 111
    132 9 65 166 0 177 0 14 55 148 0 208 35 175 0 138 255 23 60 255 228
    3 206 158 255 103 68 193 153 146 129 160 189 112 158 238 255 0 168
    183 120 255 162 255 156 99 166 167 19 124 127 207 55 80 100 84 255
    218 255 108 69 255 255 9 255 83 0 91 255 0 68 154 0 255 104 97 0 255
    41 0 39 64 51 37 249 255 221 135 211 49 0 255 170 71 194 11 255 194
    192 186 0 255 255 167 86 255 114 24 223 152 0 79 255 0 119 35 207
    244 30 8 21 42 0 27 243 11 185 183 0 214 80 0 227 0 9 0 219 133 241
    218 170 42 226 255 66 171 255 163 137 4 120 0 146 255 117 255 0 212
    185 54 72 255 185 255 255 160 0 0 255 237 255 17 149 255 203 246 0
    162 0 220 96 255 255 255 70 64 0 141 74 72 255 92 106 255 255 255
    255 151 23 21 137 0 68 191 17 255 155 0 103 146 67 255 209 179 255 0
    255 219 0 141 0 0 255 149 145 255 20 84 255 61 166 40 250 178 94 155
    58 0 138 0 255 177 93 20 168 58 0 184 13 0 163 35 83 255 255 52 255
    255 39 0 255 0 0 218 132 0 236 0 255 24 28 29 40 0 252 0 255 122 223
    255 213 255 149 0 0 56 132 167 77 140 72 153 106 225 34 176 0 245
    255 255 76 133 82 118 67 107 255 0 255 43 0 35 255 0 56 48 0 76 255
    47 136 238 140 42 92 55 5 255 255 255 138 255 174 209 255 96 151 145
    255 64 66 255 255 0 85 0 0 172 0 133 240 220 255 78 159 143 255 0 91
    255 142 255 122 66 177 255 223 84 94 159 133 0 90 255 255 0 92 255
    68 142 0 51 55 255 255 91 0 53 94 81 140 0 134 195 255 14 0 132 0 0
    255 49 41 0 230 0 118 203 66 10 77 255 15 29 141 0 255 94 197 95 210
    0 0 55 246 0 143 255 92 168 255 9 12 255 255 124 255 44 66 183 36
    255 0 188 124 0 255 110 12 0 72 45 255 251 243 218 109 177 0 102 128
    54 207 255 21 255 250 81 237 0 47 255 224 170 0 104 20 0 235 139 7
    199 56 0 255 242 77 255 26 0 0 48 93 95 41 255 0 255 185 31 74 176
    59 239 212 237 61 0 254 76 218 73 18 224 145 148 255 72 210 255 208
    0 1 203 104 214 219 255 17 52 255 20 255 0 54 12 255 255 129 113 255
    190 255 0 0 255 184 255 255 255 143 255 82 128 183 82 255 0 99 178
    193 0 199 44 246 73 0 0 255 62 0 11 255 113 152 143 130 255 154 6
    255 255 255 146 255 255 5 0 0 161 1 229 15 72 255 255 255 255 173
    207 0 0 109 58 130 255 192 101 255 121 175 111 255 159 237 0 86 255
    0 255 255 139 107 3 0 56 231 70 105 56 230 194 255 205 144 189 225
    110 226 255 255 255 46 209 64 182 242 0 0 147 122 174 139 249 255
    255 186 0 236 59 146 0 19 144 18 255 93 216 255 242 255 116 9 221
    185 153 0 106 53 93 0 216 255 255 81 255 164 247 132 242 195 82 135
    255 0 55 133 0 11 78 153 0 255 0 151 240 0 34 119 255 255 122 0 0 47
    255 0 255 10 179 183 255 96 66 17 0 216 168 45 99 77 44 255 255 0 0
    187 118 127 255 206 183 132 112 249 255 246 3 23 196 255 79 108 1
    255 0 51 67 202 255 147 97 0 0 78 255 210 0 201 183 0 0 255 157 245
    255 30 250 255 154 38 102 220 182 71 207 0 109 255 252 81 0 0 254
    123 105 0 21 0 173 28 162 0 225 75 255 0 255 46 68 86 195 216 0 255
    255 108 224 8 101 107 0 0 233 137 49 37 78 164 87 243 129 54 103 0
    220 91 130 255 255 48 111 0 51 146 73 201 0 21 180 58 102 42 0 255
    181 144 0 0 225 215 255 41 121 245 252 176 30 215 74 0 0 9 125 255
    205 193 121 61 133 76 112 108 255 145 244 96 129 42 144 1 181 97 172
    73 239 11 126 255 16 255 218 255 180 2 52 255 0 208 168 183 32 0 0
    112 255 43 96 90 163 255 255 0 255 60 63 124 102 255 0 69 240 27 0
    255 62 65 226 53 68 255 66 194 0 37 217 43 34 166 255 36 162 247 255
    112 249 255 48 255 232 76 96 143 0 0 81 6 76 255 232 154 255 2 148
    255 0 247 0 6 200 25 2 0 96 236 255 104 142 124 255 255 83 67 134
    203 229 154 51 29 0 36 238 94 152 0 94 25 67 255 255 0 0 48 252 0
    255 0 210 129 154 0 106 53 17 0 118 0 0 255 0 234 255 0 0 1 168 37
    255 255 131 161 125 198 156 137 0 255 144 0 30 0 41 56 0 227 0 169
    148 0 255 123 62 120 194 246 15 24 230 123 124 183 0 150 124 255 255
    255 0 8 127 77 226 238 74 255 159 82 69 28 236 0 255 0 165 223 184 9
    21 255 86 1 39 183 233 0 199 194 255 193 181 233 255 52 0 201 0 104
    255 255 49 87 13 174 86 94 228 0 182 255 255 91 74 255 255 17 92 0
    255 194 255 0 118 0 0 230 198 46 73 255 3 14 86 0 255 19 0 61 255 0
    0 54 131 255 255 46 246 4 91 14 0 104 52 182 217 232 56 0 0 204 208
    110 116 78 0 164 238 94 80 255 157 53 172 153 134 255 0 85 255 26 0
    255 161 0 63 0 2 75 152 255 0 190 130 249 255 255 0 0 255 0 148 25
    12 148 161 99 113 86 98 137 0 250 240 255 255 58 0 147 182 255 188
    25 211 242 118 181 255 101 255 255 121 99 0 2 255 48 197 0 0 255 0
    255 66 76 240 255 38 0 50 0 173 183 0 217 201 63 218 241 255 0 6 113
    255 0 255 0 209 162 144 255 95 169 0 255 255 0 203 41 0 253 88 169 0
    170 161 143 0 255 0 244 227 227 116 214 19 229 255 255 115 255 175
    255 255 222 95 177 138 39 42 0 73 8 255 180 118 98 139 0 96 0 255 42
    30 245 255 171 255 254 54 42 54 204 234 49 0 66 0 175 20 255 47 0 11
    0 0 255 174 186 245 105 255 150 255 0 0 9 125 0 255 255 148 255 102
    255 0 0 255 197 250 159 99 82 30 88 255 18 255 97 116 0 255 0 123
    182 51 0 125 0 79 255 0 130 0 255 166 255 151 255 65 0 38 255 250
    174 255 255 42 133 71 0 45 110 239 255 155 255 123 243 0 114 202 255
    234 3 0 222 57 228 100 0 255 239 86 209 183 255 110 5 255 76 0 171
    215 255 255 62 103 42 54 191 207 0 0 57 255 255 197 0 255 255 255
    130 219 255 178 214 0 212 242 255 0 234 255 247 134 227 255 24 116
    66 0 214 202 0 120 0 44 0 0 176 0 0 255 255 40 207 107 207 5 170 7
    255 123 235 255 0 0 6 92 0 36 64 244 222 0 32 68 198 255 0 200 26
    142 72 46 255 7 151 255 16 157 63 27 236 0 118 69 223 0 0 164 114 0
    255 0 102 0 255 95 150 125 46 255 94 233 162 255 0 200 0 85 255 0
    113 255 130 176 0 0 101 73 206 116 103 97 4 170 210 74 123 213 166
    255 76 231 255 255 70 255 162 86 0 209 0 136 255 255 0 152 0 72 145
    0 139 215 25 27 0 62 116 119 14 221 224 37 50 14 168 100 74 231 255
    171 0 0 132 123 121 177 204 133 171 92 63 24 0 0 217 0 255 255 82
    255 26 0 188 22 255 0 150 99 255 0 51 0 112 255 250 9 196 153 0 150
    255 112 89 156 62 183 1 60 0 190 112 104 255 6 71 255 0 182 242 124
    10 0 156 254 245 161 176 56 255 86 140 255 1 0 167 255 110 0 149 172
    0 255 166 24 255 155 0 15 66 255 105 108 255 197 0 255 26 255 185 0
    255 255 57 0 209 161 255 110 255 210 0 165 0 239 0 203 85 0 63 63
    189 255 73 74 96 255 132 0 37 160 82 255 46 255 122 255 137 218 192
    174 118 60 0 0 0 58 134 68 0 27 150 255 232 82 0 248 86 0 250 154
    255 112 255 135 171 3 70 245 0 255 0 254 203 255 27 255 236 98 49 18
    79 139 178 0 255 134 255 105 85 0 83 172 0 63 243 155 39 118 0 255
    17 191 0 98 255 255 255 168 146 255 255 103 10 129 30 255 0 0 212 0
    0 255 255 203 223 169 0 0 255 128 0 64 237 54 108 255 95 0 73 107 54
    176 141 255 96 157 14 0 255 190 94 38 1 22 171 0 63 0 252 234 159
    108 59 125 255 209 10 255 0 125 120 255 222 171 241 255 225 32 255
    255 63 31 0 0 124 0 255 255 0 94 121 167 0 255 255 20 248 0 132 152
    154 254 255 23 23 255 158 0 241 57 151 0 164 0 82 186 149 0 142 255
    0 255 229 0 127 0 108 213 54 59 255 0 86 75 255 255 234 43 255 0 161
    255 0 0 255 120 255 0 148 0 1 38 0 244 233 232 255 195 184 180 0 255
    0 93 255 0 3 233 26 160 70 255 231 255 37 6 195 0 0 245 255 29 0 255
    90 0 139 225 178 233 255 113 255 177 0 114 230 255 251 253 255 14 0
    43 242 0 255 69 255 107 255 208 0 37 0 225 0 255 197 238 255 0 112 0
    0 0 203 0 0 255 255 73 38 0 255 153 178 0 86 98 224 0 0 134 143 180
    8 48 255 38 0 93 34 0 158 173 60 255 182 255 27 52 255 255 0 73 149
    88 0 69 91 153 97 21 165 67 63 255 24 0 255 0 2 47 52 88 115 255 52
    254 0 67 145 0 255 255 0 7 255 0 255 168 0 236 122 255 255 255 202
    255 211 178 0 0 128 189 0 110 0 171 119 132 113 232 0 255 255 255 7
    0 146 255 128 18 100 19 0 255 255 0 115 88 0 255 25 255 255 255 0
    130 238 55 166 232 164 93 255 0 250 25 255 0 0 177 58 187 145 166 16
    0 213 234 199 89 255 45 208 243 117 59 102 255 31 0 18 6 0 0 255 53
    255 224 4 255 2 244 157 85 255 255 0 126 0 141 21 0 0 98 37 0 0 226
    64 166 255 255 160 255 250 255 0 50 0 0 255 38 121 251 242 73 239 0
    48 255 145 81 132 123 178 103 0 205 14 0 255 255 243 65 196 11 0 164
    0 246 2 128 171 255 0 151 179 7 239 0 214 167 45 9 147 0 255 139 118
    0 111 248 106 0 109 130 154 216 182 255 156 187 61 198 0 0 19 126
    172 255 66 143 0 246 0 254 190 168 144 255 63 72 145 80 199 113 156
    67 103 251 255 13 76 161 255 255 224 156 173 0 255 255 183 89 157
    238 0 231 115 98 0 55 56 124 170 35 131 4 40 0 238 255 39 52 255 255
    36 0 64 0 79 253 147 239 51 0 195 52 243 167 186 218 65 9 255 196
    248 48 221 149 92 26 0 0 34 249 255 0 255 14 119 0 255 20 152 255
    255 206 255 50 72 164 89 255 255 130 179 160 1 0 255 148 213 241 255
    242 0 48 255 255 0 62 200 255 42 63 40 1 108 8 153 0 222 255 189 7
    45 255 176 0 235 255 0 79 176 255 255 63 235 255 228 0 0 195 18 173
    255 252 143 177 255 255 255 255 186 0 221 28 93 255 203 50 0 255 32
    104 0 0 139 255 41 255 185 255 0 112 189 236 254 97 0 116 0 109 250
    0 193 0 250 0 43 38 3 230 255 0 27 139 0 85 255 255 192 157 180 169
    255 9 0 168 0 70 91 109 255 81 0 87 98 15 238 133 0 100 255 0 203
    255 39 255 215 144 213 47 221 231 255 255 255 148 223 169 150 12 109
    0 181 232 76 0 255 191 144 206 255 228 187 0 110 255 65 0 165 147
    200 7 255 255 202 6 41 0 180 0 0 65 125 0 242 255 135 192 255 179
    153 209 0 255 55 241 255 57 96 255 9 255 0 127 244 0 198 153 77 145
    249 255 33 0 255 255 71 75 81 172 70 0 216 0 0 176 255 130 22 175
    255 56 0 1 0 212 255 209 0 0 138 66 1 150 0 6 0 93 33 255 183 126
    181 255 27 0 234 176 105 147 185 117 158 0 246 151 0 0 61 101 255
    218 173 0 0 0 72 0 0 255 125 0 255 132 200 107 255 239 21 255 89 20
    255 130 0 0 204 255 41 181 106 28 1 0 255 0 215 26 255 147 241 20 61
    0 0 0 255 29 191 123 64 61 255 255 86 103 65 255 246 0 204 51 0 255
    0 80 255 84 46 195 5 0 171 255 204 255 255 142 34 255 50 14 129 116
    130 0 137 173 255 16 121 63 0 255 0 45 130 255 0 44 255 0 221 139 0
    46 84 207 51 255 251 255 0 127 255 164 144 98 255 103 255 145 175
    255 148 33 97 255 232 102 148 189 60 74 120 158 0 121 0 0 225 160
    214 0 255 66 97 126 255 0 74 0 120 0 0 255 0 26 101 79 0 35 46 0 255
    0 159 63 0 0 255 253 0 219 0 32 0 158 240 255 255 12 101 0 228 255
    239 255 98 195 5 18 86 77 115 255 125 48 237 220 9 90 247 0 86 255 0
    35 246 243 231 112 171 95 56 185 228 200 245 255 57 255 25 47 255
    255 95 67 174 0 52 191 194 81 179 0 0 0 240 60 255 217 228 126 232
    43 81 133 0 194 235 66 97 199 108 108 250 39 139 165 221 0 65 3 0
    135 0 255 221 124 255 255 255 185 34 182 57 255 108 255 181 0 95 0 0
    133 2 255 196 250 23 53 255 0 0 91 0 248 63 255 23 0 171 34 210 45
    255 0 0 255 225 255 182 0 3 0 208 255 129 255 249 2 90 35 3 95 176
    255 200 255 255 0 190 44 169 117 18 215 255 222 0 0 69 146 125 255
    255 245 0 31 245 255 0 176 0 0 11 60 255 255 255 20 47 215 199 164
    192 41 0 201 0 255 43 167 255 31 11 211 190 162 255 187 43 58 255 0
    61 71 255 255 255 255 53 0 19 92 103 38 21 255 104 74 120 0 78 213 0
    0 33 96 161 0 255 137 255 0 255 0 74 87 72 0 107 33 0 255 0 210 255
    215 36 90 137 0 0 176 255 255 24 97 25 136 0 0 255 255 0 0 221 180 7
    0 0 57 223 255 0 2 4 0 0 0 221 123 0 0 171 250 51 159 0 175 255 0 88
    0 0 0 179 255 35 78 224 224 0 229 174 255 255 147 255 127 186 43 137
    162 215 255 255 83 45 0 16 0 59 0 208 255 151 36 205 43 66 222 255
    229 185 255 89 129 165 220 255 220 255 255 0 255 11 6 102 49 112 249
    0 66 113 196 255 0 124 0 227 91 72 0 109 86 104 0 217 255 30 0 45 0
    185 120 255 182 188 60 255 103 238 236 255 117 0 80 33 0 0 0 0 255 6
    128 51 163 50 0 149 255 0 4 255 45 255 126 72 253 255 163 0 178 214
    43 255 0 255 255 241 218 139 12 0 118 255 156 210 77 0 126 255 214
    106 250 3 139 0 255 165 0 106 207 92 234 218 78 238 173 180 0 255 54
    255 241 68 169 255 56 0 136 255 209 124 255 125 0 255 255 67 255 95
    0 21 0 122 255 0 255 236 227 236 255 0 255 110 255 25 255 202 107 92
    255 23 106 109 255 0 82 181 0 97 80 0 0 220 255 255 101 157 249 8
    148 97 132 255 235 238 0 165 255 96 0 255 0 255 255 10 166 117 222 0
    191 0 234 53 189 78 160 113 205 228 215 4 172 139 109 152 242 242 85
    255 143 255 182 189 255 6 28 0 227 240 255 255 255 205 91 205 255
    215 0 69 255 188 134 221 0 26 0 221 136 255 71 255 0 255 83 140 161
    196 14 125 136 186 0 0 76 124 0 50 0 255 175 32 136 74 0 150 45 6
    255 112 118 255 0 142 206 206 0 166 0 255 58 0 69 148 56 185 95 109
    0 0 28 102 6 252 109 183 0 245 246 246 218 255 137 187 73 0 216 0
    193 230 0 215 255 0 234 102 0 87 240 255 75 0 255 0 171 161 65 148
    103 255 48 100 238 255 255 244 16 126 129 110 80 74 146 131 94 197
    70 229 126 197 196 29 150 113 0 112 0 218 180 255 255 191 0 104 120
    255 0 121 147 81 157 177 15 143 255 0 68 8 0 0 255 18 23 27 247 255
    255 214 2 255 114 255 0 0 28 0 0 207 96 255 0 255 146 255 255 15 253
    121 185 80 142 255 0 46 144 116 75 221 0 163 150 255 0 52 255 40 81
    0 5 255 101 27 110 0 222 71 255 109 255 0 255 58 0 159 77 54 0 255
    65 149 0 217 56 33 0 9 238 0 28 255 255 2 207 156 131 120 255 255 0
    0 0 208 0 145 120 236 21 100 141 149 226 12 255 255 255 214 113 0
    188 255 255 179 253 247 67 171 36 0 255 160 255 195 56 255 0 0 193
    144 179 255 47 255 174 184 36 255 58 0 208 17 255 0 142 42 49 24 0
    37 246 215 255 255 255 223 233 255 0 21 0 85 83 10 0 255 0 153 252
    255 87 255 255 58 108 255 253 57 216 78 80 98 223 170 255 67 62 2 16
    255 202 0 141 59 252 239 41 255 0 255 75 51 190 255 7 250 18 255 208
    209 158 147 230 255 151 255 0 0 157 253 188 0 72 47 207 255 216 39
    42 255 0 72 5 0 91 127 128 255 0 139 0 39 67 75 255 192 60 229 96
    255 255 23 219 248 124 200 134 208 114 0 13 241 127 171 0 255 13 50
    167 103 209 43 246 155 226 255 199 1 0 59 0 187 105 140 237 79 84 83
    0 255 49 34 255 92 255 0 210 129 254 75 0 199 0 255 93 141 46 255
    225 0 255 83 250 155 179 0 203 10 82 0 95 103 0 255 0 128 138 117 95
    55 0 255 129 140 0 158 229 70 0 90 237 158 255 122 255 254 222 189
    118 212 7 0 160 0 17 14 0 255 140 0 195 255 69 0 0 158 255 0 255 0
    111 166 235 255 220 100 0 46 91 122 255 0 94 125 212 33 0 97 0 25 0
    194 185 0 255 255 53 53 180 14 105 88 76 58 187 41 0 0 0 18 255 173
    93 255 0 204 255 255 76 255 64 156 119 0 131 217 0 129 255 77 255
    178 255 0 255 255 255 143 119 0 104 0 136 7 106 205 119 187 234 0
    254 137 213 255 95 255 230 130 71 221 86 95 177 108 141 0 150 0 100
    39 255 255 0 255 255 0 0 76 255 0 193 208 255 157 210 229 0 90 38 0
    0 79 255 178 255 107 28 251 165 242 0 0 32 213 246 0 36 230 0 87 255
    192 0 66 238 255 0 152 108 0 255 0 0 192 67 35 255 255 115 255 229
    41 255 0 0 14 0 255 175 255 255 72 89 151 16 202 196 250 219 0 0 255
    0 8 231 255 115 135 42 0 0 255 255 239 255 0 0 0 0 189 253 36 129
    233 255 186 69 92 255 0 0 14 221 14 0 119 153 139 9 197 255 142 14
    255 104 0 114 0 0 0 215 255 202 174 113 255 0 0 165 255 183 115 112
    68 255 102 103 255 129 0 255 19 255 126 219 176 0 0 255 19 0 255 60
    255 55 255 17 168 250 19 255 202 233 255 50 69 22 164 202 240 0 31 0
    47 255 132 56 255 50 255 83 164 0 136 255 140 0 26 148 49 0 0 116
    255 0 0 180 34 232 255 219 0 0 106 0 225 0 138 126 220 171 145 26
    170 248 144 189 124 237 54 53 0 236 39 144 131 194 33 124 241 99 9
    212 0 7 193 255 146 175 255 35 68 255 255 238 98 230 255 164 150 218
    0 221 238 72 0 216 255 90 147 137 147 0 149 122 184 240 191 153 0
    128 0 209 255 0 255 164 78 255 11 168 112 96 50 241 255 0 133 120
    191 255 0 255 224 0 5 49 0 98 250 130 0 255 38 254 109 61 0 84 255
    177 196 89 0 48 108 211 0 26 255 157 160 162 212 0 108 208 255 207
    88 255 247 255 88 129 0 78 249 216 255 0 255 219 48 250 197 2 0 0 97
    20 199 239 42 98 224 0 32 213 252 213 234 111 16 55 243 88 13 255 73
    255 0 10 178 175 72 86 40 255 255 0 7 255 52 0 255 255 0 0 175 0 98
    40 115 228 255 83 140 255 49 219 0 254 255 0 78 255 255 187 250 120
    226 136 85 83 196 255 53 69 255 0 111 255 0 255 255 255 89 210 105
    97 0 90 35 0 32 255 255 255 255 255 106 199 0 255 113 0 212 33 255
    255 223 255 132 0 252 0 0 255 214 255 0 253 13 227 11 139 255 26 97
    34 191 213 255 0 0 255 36 29 137 99 0 99 87 25 255 255 255 0 224 96
    0 35 169 96 99 255 224 255 255 202 64 202 70 255 50 0 0 255 0 0 118
    255 255 166 255 0 0 191 0 220 12 31 57 247 0 165 51 255 122 24 255
    125 151 225 255 191 255 123 0 174 67 0 245 92 0 239 21 6 63 23 0 0
    178 115 119 53 215 159 210 60 138 102 255 0 0 101 211 182 0 255 52
    226 177 255 56 195 255 67 33 255 0 255 255 255 255 157 247 255 122
    185 155 0 255 126 38 154 17 122 255 17 64 74 0 39 38 197 255 46 255
    155 255 0 125 101 247 221 0 255 118 255 255 222 0 40 134 11 0 10 14
    230 0 249 48 0 255 224 169 5 155 0 255 146 255 20 75 33 0 168 0 255
    42 98 127 156 170 248 52 138 0 6 255 0 0 0 253 186 77 255 140 0 92 0
    0 0 122 14 255 255 63 62 0 0 100 202 199 142 0 50 117 255 255 255
    199 239 135 255 134 39 84 255 192 67 0 220 230 127 0 0 254 255 0 227
    255 255 120 255 212 231 117 64 42 126 0 0 255 0 255 212 255 172 238
    128 28 179 78 0 255 78 94 214 0 98 255 251 73 255 173 93 0 192 107
    211 0 155 193 192 0 209 222 181 217 230 33 146 0 240 255 35 141 255
    248 114 211 42 75 0 0 0 0 255 176 255 255 162 0 0 0 0 221 93 255 149
    100 0 60 34 50 93 238 65 255 115 236 12 0 8 199 0 238 0 163 176 0
    203 255 98 0 134 0 0 128 148 190 10 241 112 212 134 12 0 0 255 142 4
    255 73 103 177 240 184 255 126 101 255 0 160 0 218 156 1 0 255 194 0
    15 255 134 0 255 0 173 191 117 0 255 0 25 234 255 255 255 255 73 0
    26 135 0 197 255 0 88 237 66 57 156 23 0 74 0 0 69 147 87 183 60 0
    255 0 0 134 67 0 255 255 255 222 0 159 200 0 0 87 255 235 78 201 255
    0 0 236 119 255 255 255 91 136 166 0 0 255 254 248 185 255 153 253
    255 95 112 62 255 186 58 255 183 0 62 172 199 126 193 0 225 139 158
    128 147 51 0 212 0 155 244 15 168 163 0 0 135 255 231 22 255 0 208 0
    59 9 56 223 2 213 202 170 83 0 0 0 3 0 81 241 188 16 255 62 0 18 0
    121 102 18 0 244 175 181 255 138 0 0 0 70 0 179 68 216 255 74 69 115
    255 69 255 243 53 255 87 186 255 25 255 255 0 0 255 247 84 255 0 0
    250 0 168 187 0 30 220 49 159 166 178 242 0 75 0 99 255 34 25 154 0
    229 64 0 13 23 166 105 255 138 255 255 43 208 206 0 255 12 103 255 0
    169 0 16 0 125 123 120 251 255 16 255 155 184 255 66 255 91 68 234 0
    99 70 0 227 0 30 128 0 175 0 34 0 218 255 96 218 255 0 240 156 0 220
    116 213 46 183 0 62 229 0 255 110 238 0 0 58 109 229 219 142 227 61
    255 255 97 72 255 160 255 255 51 26 255 90 0 202 0 218 70 144 255
    210 0 157 189 214 99 13 255 47 0 209 113 78 255 108 85 106 0 220 92
    71 255 139 255 110 225 53 200 0 124 120 241 0 0 0 255 11 0 0 0 0 0
    255 255 11 119 58 0 0 49 0 0 0 206 249 0 71 154 0 0 255 0 197 175 83
    255 0 6 0 255 194 37 69 255 26 0 189 214 2 115 25 0 113 104 95 115
    255 140 40 182 255 112 251 130 123 0 221 1 0 255 15 93 231 23 255 49
    0 158 0 0 160 168 70 255 0 236 92 0 190 0 0 251 95 41 0 29 129 255
    90 236 255 128 31 255 33 255 165 27 209 255 166 255 215 255 3 0 215
    0 255 255 247 137 255 144 73 229 0 255 0 64 124 47 225 129 152 55 0
    255 173 0 138 255 98 98 132 0 0 99 167 0 94 255 82 125 0 255 0 0 173
    54 56 0 211 37 75 120 43 255 203 103 253 0 145 0 14 194 90 0 255 21
    99 255 0 73 139 99 198 255 255 164 255 3 67 189 0 98 153 36 0 146 5
    255 0 255 0 255 111 255 255 146 255 255 0 134 22 147 255 90 211 255
    0 255 246 174 255 0 0 48 34 61 208 0 210 42 0 107 146 0 240 127 185
    69 255 253 120 0 0 43 211 29 158 255 255 193 255 150 189 51 76 255
    255 255 116 108 181 65 107 255 255 36 155 90 0 0 0 185 117 255 171
    188 255 0 80 184 166 136 0 0 171 255 241 69 255 98 128 220 34 151
    255 96 0 0 255 58 255 255 232 17 136 229 130 6 0 255 0 255 15 21 166
    117 219 55 0 120 0 28 255 255 11 125 255 11 255 108 238 0 14 34 238
    36 43 207 0 0 248 255 45 0 255 26 14 19 173 132 136 199 132 0 3 125
    26 93 255 134 140 0 3 1 10 34 0 255 0 255 176 146 72 0 0 250 48 0
    255 255 213 0 34 96 27 196 9 140 232 11 0 255 231 255 176 255 149
    201 86 255 54 13 179 0 0 246 146 255 3 231 255 0 117 255 255 73 197
    255 143 255 137 248 154 221 255 240 186 176 255 32 107 219 255 0 0 0
    0 0 66 255 220 112 255 159 160 255 60 156 160 10 247 28 140 188 213
    225 227 147 95 255 25 178 252 0 163 0 75 0 231 255 245 182 66 79 183
    0 181 255 27 110 176 144 12 109 0 255 65 19 255 156 98 0 255 228 164
    237 60 248 0 187 129 163 11 255 14 6 42 231 255 255 0 32 255 208 213
    255 0 255 98 177 50 161 0 0 255 77 20 149 0 255 0 0 255 255 164 58
    255 195 123 97 104 173 225 204 0 255 96 250 255 37 255 90 71 165 255
    152 149 167 163 213 200 255 55 33 101 255 0 1 78 61 133 102 24 0 10
    237 255 255 249 141 105 245 126 95 228 221 255 74 178 102 211 0 0
    146 15 142 255 255 111 104 254 194 1 255 255 0 94 197 0 25 246 0 62
    60 68 255 109 0 158 39 89 173 92 183 17 119 115 255 255 186 255 189
    108 0 255 81 149 0 255 182 168 255 0 140 21 0 0 217 56 0 255 134 249
    35 255 255 53 56 248 255 0 243 255 122 0 134 101 0 255 167 0 87 140
    0 0 0 0 0 226 0 231 163 0 163 255 62 235 255 255 0 0 255 96 0 40 53
    219 64 26 126 0 0 240 255 241 163 255 83 255 121 71 0 194 127 3 255
    0 151 200 0 244 0 0 214 104 125 126 120 0 255 44 0 175 144 255 28 71
    0 140 0 255 88 191 211 255 0 255 170 94 255 255 75 0 255 207 220 229
    153 255 217 151 182 255 255 211 141 0 207 0 255 4 88 0 0 255 210 255
    0 91 191 138 45 0 129 35 255 182 255 255 228 7 25 0 0 0 89 67 206
    165 83 255 255 14 111 166 255 119 0 242 208 255 255 255 255 242 213
    171 135 24 0 255 137 255 65 237 255 232 255 39 255 255 0 239 255 215
    255 255 141 0 46 255 208 202 5 101 0 211 66 62 0 150 0 233 0 183 80
    0 255 124 0 255 255 255 0 255 148 218 129 0 67 20 209 0 217 255 81
    233 255 255 0 255 113 121 68 255 188 21 41 0 255 215 255 125 255 32
    187 116 0 0 255 150 224 2 255 255 255 122 0 255 83 0 240 255 0 100
    46 171 181 168 255 154 0 0 255 53 255 255 0 0 115 181 183 71 0 245
    231 255 206 213 224 130 36 236 101 33 143 255 255 82 255 106 174 252
    194 129 0 160 70 141 19 150 165 57 129 76 0 255 0 152 170 255 0 25 4
    247 0 14 235 222 180 127 255 85 255 27 255 189 218 136 244 255 255 0
    255 144 11 22 0 243 255 178 255 37 0 239 163 0 193 0 158 171 61 93
    147 239 255 0 250 41 0 116 25 174 0 255 153 0 21 86 0 97 170 0 147
    250 129 255 0 255 255 187 216 225 89 127 74 255 8 0 0 96 0 42 23 76
    0 255 186 138 255 0 141 244 255 255 102 3 255 255 0 255 255 202 255
    158 11 239 255 0 255 0 102 93 146 237 0 63 0 85 0 105 21 182 63 0
    247 166 255 255 172 51 198 0 0 2 18 0 255 211 0 255 219 77 29 61 86
    255 104 77 0 183 90 125 222 152 130 60 102 228 187 255 255 171 176
    255 255 233 255 249 149 170 175 255 170 231 0 150 0 116 2 155 87 255
    0 249 111 45 47 49 0 180 14 186 0 87 20 0 17 0 255 86 255 92 0 234
    22 255 21 69 179 255 14 255 81 200 255 248 0 64 12 0 62 255 32 55
    134 195 255 132 180 255 103 255 255 140 250 255 105 255 0 215 197
    244 213 187 165 164 195 235 191 255 24 12 84 38 172 79 152 13 255
    255 220 236 5 172 0 252 255 139 227 137 214 235 10 215 114 216 58
    255 0 0 203 14 217 255 245 254 102 255 171 38 78 243 0 173 8 0 0 145
    214 0 40 6 0 61 110 10 128 202 255 0 198 0 107 243 0 254 28 233 110
    110 33 0 0 32 42 255 210 255 210 70 246 74 118 0 71 0 83 6 255 255
    255 0 94 117 0 86 52 195 238 170 2 0 153 0 127 128 0 97 227 255 255
    0 148 255 131 210 190 255 71 165 0 0 190 195 41 29 44 0 157 54 255
    149 255 188 0 139 131 201 120 1 126 175 172 255 159 0 170 102 0 191
    220 117 229 146 217 0 35 255 0 0 151 137 203 255 255 0 0 65 2 255 34
    255 255 184 12 19 255 0 40 255 85 231 0 0 126 113 0 14 29 10 255 203
    139 53 255 154 0 59 255 255 64 61 41 220 59 169 186 100 36 255 159
    131 191 64 3 140 0 0 111 255 107 120 193 0 225 0 255 0 117 255 0 255
    42 241 70 21 255 255 255 150 45 33 217 255 104 97 255 0 0 0 24 95
    255 98 137 196 219 0 123 17 225 29 255 251 8 255 255 162 122 250 165
    190 220 203 185 71 0 0 157 65 255 136 65 2 211 110 166 184 116 244 0
    179 0 169 0 0 0 205 0 182 78 208 255 0 247 255 133 255 44 6 222 255
    0 243 129 216 255 0 229 168 182 132 180 255 81 48 255 113 172 208 15
    97 246 144 255 135 255 0 0 204 237 239 198 0 195 255 240 0 255 255
    183 0 27 0 0 74 212 62 65 255 0 182 0 0 89 149 255 255 60 255 255 42
    199 0 0 203 206 68 49 9 50 255 0 161 0 0 220 0 160 0 42 176 255 202
    164 255 38 255 187 255 69 59 211 114 7 85 240 80 255 203 238 255 0
    197 0 255 127 188 0 0 170 22 178 239 255 43 0 115 0 134 0 219 248
    255 147 113 239 6 0 0 185 0 221 0 39 74 0 255 226 77 68 255 40 90
    189 217 255 0 228 255 224 105 0 194 37 0 255 0 255 30 87 149 0 3 255
    0 255 0 41 255 0 255 110 0 255 244 28 65 29 255 0 255 0 0 255 255 32
    255 114 255 207 255 0 44 244 255 255 172 0 4 169 65 125 255 67 159 0
    118 125 0 0 2 0 176 207 50 255 253 184 32 255 225 0 62 0 32 255 0
    189 255 109 157 0 97 219 61 248 143 15 142 236 20 255 229 92 108 8
    164 0 255 118 161 255 44 211 94 255 13 0 0 255 255 228 217 8 97 119
    24 136 255 211 248 41 174 62 255 0 93 255 41 160 0 167 61 0 15 61
    107 0 235 203 141 230 73 255 0 156 144 30 95 159 255 0 237 242 75 69
    0 212 255 170 34 0 177 75 0 185 95 204 79 156 165 0 132 0 33 0 157
    137 69 19 39 255 81 157 0 39 49 47 38 0 148 185 191 71 138 177 0 255
    130 255 218 26 32 0 228 39 0 255 255 5 218 255 0 135 27 5 52 116 0
    33 183 152 255 0 154 57 255 164 152 255 0 255 255 11 190 255 27 0
    164 0 174 0 122 92 0 103 255 118 92 91 255 188 5 255 6 255 0 0 253
    67 24 0 135 56 0 9 0 0 34 248 224 0 157 50 0 62 30 26 155 86 178 189
    93 255 24 80 185 255 255 255 90 255 162 129 1 0 183 0 19 0 0 191 13
    252 247 0 131 95 255 235 192 63 166 157 155 184 160 255 0 161 77 114
    0 198 254 0 178 196 0 255 255 0 241 32 140 157 127 255 70 45 255 30
    203 255 71 92 27 0 89 58 0 178 255 235 255 38 0 255 73 130 46 0 145
    164 41 78 2 11 0 222 255 249 2 19 110 255 33 0 0 138 0 137 224 75 13
    137 97 160 162 135 130 125 26 100 255 116 164 255 34 255 91 250 10 0
    255 46 171 136 119 0 0 255 244 255 6 255 179 14 255 255 136 237 255
    0 64 159 146 255 97 0 230 0 0 183 107 255 209 251 255 82 193 255 215
    0 86 56 253 0 255 139 0 0 0 12 0 123 255 71 0 255 8 255 255 255 70
    197 105 24 22 0 148 255 91 255 255 250 204 174 0 0 73 255 0 140 255
    186 65 177 0 127 255 255 0 0 219 243 0 43 200 184 215 255 142 121
    216 70 0 255 255 157 0 99 255 4 255 7 0 255 50 103 0 49 123 0 255
    255 255 162 0 115 12 168 0 255 255 255 255 255 255 34 255 99 135 255
    255 0 0 253 152 0 194 248 0 255 0 255 151 0 255 228 255 182 255 0 24
    152 150 242 0 213 255 204 0 238 41 0 84 0 255 177 168 255 0 0 140 11
    217 147 163 255 2 132 255 255 255 255 65 3 99 255 40 217 255 122 96
    50 139 0 255 18 255 141 0 255 197 0 166 241 255 0 0 255 197 160 255
    0 0 162 255 44 158 211 144 0 0 0 255 187 58 50 0 19 255 255 226 205
    35 85 82 144 255 12 255 255 178 81 255 198 104 45 32 255 161 0 61
    255 0 255 255 0 206 153 0 255 164 135 207 109 250 0 0 207 37 151 108
    255 0 246 255 149 245 0 72 59 255 226 198 82 61 29 189 100 255 241 0
    255 253 255 255 10 174 0 48 255 0 32 255 1 138 35 175 0 205 0 255
    220 69 0 13 0 0 158 185 57 40 70 137 255 47 0 0 117 255 153 248 0
    194 255 252 0 28 255 177 15 228 185 38 0 0 0 112 170 0 0 55 246 221
    0 136 3 148 128 44 39 0 252 91 54 1 0 248 255 89 44 161 69 122 85
    255 61 110 216 86 132 186 0 77 0 172 0 0 186 0 133 194 0 255 57 75
    181 80 0 255 182 219 0 0 203 131 255 0 249 255 114 44 0 226 224 0 11
    126 146 210 109 43 255 0 61 28 0 12 113 0 255 132 141 27 255 4 255
    255 218 111 255 255 63 154 255 255 184 140 233 0 51 95 117 232 0 37
    231 34 255 156 255 124 222 12 101 255 207 255 162 255 0 71 0 47 28
    158 177 199 0 0 133 0 195 68 255 55 255 47 0 25 255 255 150 255 149
    94 181 140 255 101 60 0 0 124 0 10 217 255 113 238 242 194 90 201 88
    216 82 255 146 187 149 255 255 56 255 100 105 180 109 178 109 255 92
    190 78 174 189 130 0 4 246 55 0 0 161 255 247 255 236 207 255 207 73
    255 57 239 148 161 0 139 150 58 255 38 210 255 222 21 76 255 116 255
    169 255 255 113 213 255 36 255 255 44 33 0 255 9 10 97 61 84 163 169
    175 36 129 0 23 255 59 87 0 44 48 164 35 96 144 255 134 131 159 172
    170 255 0 177 220 206 0 138 78 155 0 200 120 241 255 15 255 255 255
    255 159 255 146 0 238 0 47 245 132 122 187 223 226 166 0 141 67 255
    255 82 193 118 81 23 0 240 0 129 255 227 88 252 0 14 141 0 38 255
    121 49 106 30 39 0 24 255 51 208 255 255 38 255 255 211 24 255 108
    178 255 239 255 14 108 47 0 211 20 172 0 255 207 254 228 70 129 238
    255 61 25 211 0 110 35 240 246 0 0 10 199 192 126 209 193 119 216 0
    107 53 209 0 255 50 0 0 134 255 165 126 0 160 114 3 255 255 31 189 0
    0 29 53 25 177 147 58 0 73 240 255 0 0 225 255 131 72 207 0 133 162
    255 86 147 233 95 255 234 48 73 114 255 72 59 60 0 130 201 127 222
    18 0 255 179 255 0 29 72 255 139 0 27 170 190 243 255 85 48 255 77
    255 47 70 0 156 0 255 0 0 231 0 188 211 100 177 97 144 255 231 255
    63 255 0 23 65 0 54 222 78 91 0 255 176 255 41 111 255 75 133 48 255
    11 0 51 181 53 250 54 8 56 0 250 0 0 240 27 80 97 255 0 152 255 136
    28 0 49 164 255 0 6 5 0 240 116 227 0 255 85 55 164 42 32 148 255
    117 190 121 64 232 255 0 180 0 64 255 70 120 103 168 150 77 255 77
    255 0 0 253 168 255 255 45 129 255 44 0 0 255 51 94 255 255 51 88
    255 102 232 167 236 0 19 156 162 255 114 15 123 255 255 0 217 14 43
    0 102 57 133 0 30 195 55 255 180 165 11 63 0 0 190 0 0 171 0 22 205
    0 71 0 36 0 47 58 23 150 255 91 242 0 202 255 224 31 248 200 255 255
    181 2 0 167 204 219 112 138 169 0 0 100 0 239 118 0 134 98 182 42 45
    255 0 84 0 0 0 232 124 0 255 169 165 247 0 156 50 0 255 160 86 255
    255 255 192 255 238 65 6 15 33 195 101 226 252 247 36 54 115 0 133
    37 126 166 0 61 0 0 255 255 255 249 255 237 255 0 101 81 145 108 0
    255 0 81 191 27 198 45 255 0 0 25 139 255 255 228 39 255 251 255 255
    78 106 214 255 23 119 184 119 0 0 0 0 255 168 1 255 242 0 255 116
    255 88 0 176 0 255 192 40 157 57 0 162 255 0 255 206 255 217 244 0
    174 255 236 187 0 255 197 213 122 161 188 255 0 90 255 160 0 79 253
    219 0 255 0 0 193 39 0 76 166 171 242 154 215 0 111 94 96 255 255
    245 138 53 93 86 228 0 175 255 187 243 255 255 16 0 116 209 139 0
    255 8 88 32 255 163 255 255 249 81 255 132 255 149 255 0 113 239 52
    67 29 166 26 74 156 255 0 190 9 103 244 135 144 165 64 148 216 255
    255 211 90 0 255 0 255 134 163 0 63 158 191 44 123 65 0 181 2 214
    190 4 36 63 255 131 255 185 84 0 59 163 48 11 255 255 0 78 0 255 118
    0 38 130 211 142 235 68 241 210 215 79 65 0 103 51 92 12 0 255 14 31
    222 255 61 255 242 246 255 227 111 0 0 255 189 183 103 70 0 255 130
    83 255 7 0 255 149 100 255 157 255 50 4 120 31 218 128 255 35 255
    180 45 182 0 224 151 156 89 136 162 0 171 223 174 0 154 32 255 99 0
    130 92 0 0 116 82 9 168 255 235 35 0 123 255 3 255 135 0 125 0 19
    213 147 255 19 79 255 196 50 155 189 255 126 255 107 250 210 54 129
    0 255 145 76 27 16 190 232 0 0 94 133 94 0 55 29 236 251 243 0 214 0
    255 5 239 40 0 169 10 255 34 255 118 0 255 0 255 97 139 165 83 0 24
    255 88 236 88 219 255 79 120 255 131 255 0 175 0 58 118 255 94 58
    255 125 255 0 32 37 30 255 255 92 142 96 255 0 0 39 31 132 4 0 161
    20 157 206 255 72 139 82 2 94 209 59 255 104 72 68 29 240 255 29 0
    33 74 205 0 160 80 21 199 100 250 0 32 26 48 0 64 0 0 255 193 0 0 0
    255 2 196 168 255 84 0 159 0 102 255 203 19 205 97 255 54 0 0 0 169
    0 30 196 136 239 2 115 255 9 217 255 255 121 53 0 105 215 255 83 67
    130 161 228 186 255 19 38 239 99 0 0 210 90 255 0 64 224 17 180 96
    255 223 0 255 95 255 255 94 58 30 180 0 0 218 0 90 60 4 104 102 89 0
    0 240 190 110 255 255 72 100 69 255 231 185 239 255 62 178 255 250
    255 249 192 255 74 202 148 193 73 198 127 0 255 48 75 108 29 255 255
    0 145 139 219 255 255 110 119 255 255 0 97 211 21 48 198 112 164 249
    10 121 36 164 0 255 161 255 227 42 25 211 28 233 0 255 255 0 165 0
    165 0 14 0 255 255 214 159 211 255 255 11 29 255 4 6 95 143 110 0 11
    94 255 255 255 0 111 255 195 63 0 245 211 0 211 0 153 89 42 255 255
    0 255 123 210 222 55 0 255 254 8 24 255 0 45 11 0 168 0 121 158 221
    176 27 255 143 144 174 0 152 55 47 44 144 103 63 106 0 68 140 30 0
    255 255 169 0 250 63 248 0 255 0 35 255 255 16 43 184 0 146 166 88 0
    255 242 255 1 48 255 120 227 0 255 32 162 189 211 33 44 0 0 27 255 0
    255 122 106 0 164 206 0 154 85 0 0 72 6 94 0 255 167 181 0 16 127
    101 22 11 0 0 166 0 32 84 255 21 38 0 117 0 0 255 78 16 202 230 139
    199 2 36 0 91 0 255 222 107 61 46 0 207 255 0 0 0 255 255 255 216
    239 5 168 162 147 255 215 202 181 29 219 20 161 49 198 70 9 0 230
    255 141 237 254 181 220 225 54 186 248 58 108 250 26 98 255 255 255
    78 80 0 199 255 0 96 0 255 255 0 80 75 0 110 0 255 255 0 255 32 0 15
    171 236 207 255 16 0 136 28 65 247 0 163 167 219 2 0 162 48 52 169 0
    0 252 0 255 69 155 255 32 255 226 193 201 68 255 217 133 89 0 242
    161 0 255 132 117 204 250 108 37 0 0 245 25 255 147 115 182 70 139 0
    188 0 255 255 147 193 0 0 255 155 118 168 195 0 0 106 14 32 34 0 234
    35 255 255 113 160 195 174 218 255 255 112 145 169 96 15 255 0 145
    255 255 91 136 161 232 102 0 255 213 255 163 0 0 127 0 207 0 0 199
    161 255 168 255 6 75 248 235 191 123 61 0 0 194 204 61 162 0 119 191
    177 255 0 255 22 255 117 156 251 93 0 159 244 125 111 105 0 0 255
    129 255 18 70 202 90 0 71 0 54 255 188 236 223 137 0 203 153 198 0
    75 154 144 102 0 190 38 255 165 0 22 119 146 0 167 255 255 42 255 39
    0 0 152 255 0 35 60 0 236 48 174 105 240 255 21 99 239 88 118 149
    203 85 182 7 28 22 97 255 255 239 255 236 255 81 240 192 0 0 203 255
    255 17 107 11 47 208 40 0 0 0 255 171 46 255 255 143 85 65 200 0 255
    85 0 0 255 44 0 182 255 255 117 233 255 0 0 0 169 255 255 183 225 0
    255 239 255 96 54 128 255 0 19 251 210 0 164 72 24 199 30 82 150 137
    23 0 199 154 17 88 250 52 0 87 21 52 244 41 0 151 23 0 246 223 41
    219 203 228 0 228 255 197 103 0 83 218 255 198 255 166 237 179 141
    255 255 0 153 227 255 255 40 187 47 255 255 198 78 92 242 255 0 79
    31 190 0 249 137 29 161 255 153 144 24 0 1 75 66 225 188 255 255 94
    94 77 0 209 193 32 229 153 223 249 255 31 212 12 185 255 255 255 22
    0 126 27 255 106 16 156 0 183 209 50 0 0 123 255 0 0 161 97 255 153
    255 82 104 255 245 255 193 0 215 237 188 255 30 73 246 0 106 249 208
    255 0 28 255 0 13 132 255 2 73 211 255 148 250 162 5 124 142 0 80
    105 255 0 0 217 255 255 192 255 255 7 53 255 202 238 0 183 38 255 83
    0 255 15 90 255 91 180 39 9 255 212 226 255 160 124 9 0 30 177 85
    103 255 174 107 52 0 145 216 148 255 0 255 111 79 53 45 31 28 249 0
    0 192 0 29 0 0 255 185 0 159 0 255 238 218 186 185 255 255 0 255 104
    0 227 120 0 53 0 255 0 121 255 70 255 116 30 195 163 0 62 255 118
    146 0 78 197 208 149 65 80 27 234 133 255 0 113 231 125 15 255 134 0
    128 233 50 210 229 160 217 0 16 50 69 175 218 255 90 68 255 60 191
    59 99 255 0 0 255 0 9 48 0 0 157 188 0 13 153 69 0 180 156 52 17 0
    201 255 98 1 190 121 115 0 182 83 58 255 0 19 255 255 255 186 201
    255 213 103 8 19 255 9 0 185 0 255 119 161 163 255 0 167 255 255 65
    114 0 0 26 114 188 167 111 255 255 23 0 255 57 177 171 0 255 62 213
    78 255 26 30 148 184 159 5 6 0 234 0 236 166 147 12 255 50 123 47
    252 255 213 231 255 45 167 255 0 159 183 31 0 0 239 255 106 27 255
    132 0 106 120 30 214 0 165 234 20 122 44 122 255 237 221 255 165 0
    37 117 255 0 0 153 143 28 47 0 29 211 255 0 255 255 0 255 0 52 0 191
    15 17 255 177 0 161 237 129 225 190 255 183 253 221 255 220 136 255
    255 255 0 225 255 10 118 148 255 0 176 205 0 0 77 151 100 244 255
    110 194 0 194 188 175 255 0 158 255 77 0 0 255 214 170 174 0 0 181
    240 0 169 119 0 67 0 77 72 204 255 50 0 255 0 48 90 99 125 78 255
    100 96 246 187 60 255 66 159 130 141 0 123 255 166 230 232 194 66 13
    73 0 144 255 0 116 235 0 64 0 239 170 174 21 81 0 0 79 157 255 0 129
    190 255 185 0 246 37 0 230 31 0 235 255 0 166 102 113 153 0 0 0 229
    135 255 247 195 201 0 85 0 0 240 56 0 198 0 186 83 138 142 158 192
    213 0 255 255 62 0 103 60 98 61 0 37 255 74 211 226 140 201 137 58
    255 255 1 255 0 237 0 153 122 255 0 35 255 248 43 236 213 33 130 0
    207 0 255 255 255 255 155 255 66 0 0 255 154 124 255 105 0 24 103
    142 195 200 255 255 178 0 116 14 109 249 210 255 255 62 58 40 37 255
    12 198 209 255 17 235 0 144 255 124 0 187 0 110 187 73 255 0 21 90
    241 64 157 97 242 199 241 136 126 0 0 206 64 0 9 115 158 199 122 183
    0 30 132 0 92 0 255 38 144 255 255 255 89 25 179 244 165 255 0 0 255
    113 255 0 0 120 162 0 27 157 0 210 246 235 74 134 109 0 199 176 0
    178 159 203 0 255 243 81 0 229 217 191 0 0 255 240 255 254 44 0 124
    34 42 16 229 224 0 114 184 255 26 0 0 255 188 235 205 0 76 15 255
    232 216 160 50 255 77 149 177 255 168 135 0 74 0 211 255 37 22 255
    238 14 154 149 102 8 255 137 17 0 231 235 59 35 246 0 21 255 0 149
    96 0 155 130 77 174 255 75 0 255 67 218 205 122 136 25 92 212 193 81
    255 103 255 162 106 255 8 255 221 130 140 0 195 25 246 94 0 138 33
    126 182 14 215 238 27 165 228 0 131 241 255 255 224 169 13 245 113
    146 255 230 66 255 47 150 0 0 228 106 94 255 0 84 224 0 255 48 181
    246 113 109 255 0 24 0 255 141 211 255 255 243 221 0 255 255 101 0
    96 175 208 213 104 0 255 224 35 118 0 116 130 49 0 212 0 172 255 0
    212 177 119 185 121 255 223 200 255 255 11 102 255 0 199 164 255 255
    0 0 150 53 228 0 85 255 255 167 224 28 0 0 25 0 162 45 255 19 181 0
    124 82 0 151 208 255 0 202 79 47 255 88 171 237 73 0 0 207 255 255 0
    242 255 216 130 155 238 255 157 184 205 250 166 202 12 145 255 0 88
    166 176 244 28 25 0 215 156 255 255 255 255 255 255 73 255 0 239 94
    235 0 255 255 87 213 157 226 219 0 77 76 209 41 0 102 95 122 213 0
    194 2 87 0 255 0 255 141 33 130 140 123 255 16 0 139 255 0 129 0 149
    113 18 0 255 0 169 255 224 111 213 119 126 24 255 155 16 255 101 0 0
    189 212 0 74 144 28 242 136 213 61 0 61 255 90 0 255 0 255 252 87
    255 0 45 129 136 255 175 255 0 255 255 0 255 0 239 0 0 22 212 255
    255 0 250 255 255 140 78 43 136 26 10 200 65 247 0 108 255 255 12
    255 0 255 199 22 0 255 0 51 30 217 199 255 64 255 49 233 255 255 0
    168 104 135 0 27 196 196 0 0 221 138 205 0 40 34 226 0 141 0 113 255
    59 211 63 76 255 255 82 0 53 91 255 0 174 0 131 125 255 0 240 47 0
    169 32 234 220 1 37 230 255 42 163 136 23 59 125 255 73 255 255 91
    98 137 0 0 0 59 119 141 113 0 180 255 180 71 207 113 255 208 0 12 0
    58 187 0 68 255 255 184 210 73 67 105 0 118 0 255 71 255 89 246 3 20
    46 180 230 105 80 185 195 154 0 61 8 0 206 170 0 108 7 83 0 75 0 229
    255 235 0 184 255 238 0 255 255 229 217 170 255 0 118 0 16 255 197
    55 132 103 164 255 41 147 255 255 0 0 0 215 31 0 71 48 0 92 14 16 34
    77 255 255 109 48 255 219 129 255 179 211 19 44 110 255 211 10 217
    35 0 255 217 255 255 0 74 0 109 255 54 237 53 36 176 85 255 22 225
    130 22 109 255 82 0 191 7 69 100 15 233 61 79 255 97 0 0 150 32 255
    240 0 242 192 75 208 57 216 142 102 189 200 149 114 75 184 67 145 20
    166 255 12 173 102 0 0 18 255 160 150 126 106 176 163 245 4 255 255
    39 3 202 25 201 0 2 193 135 233 50 43 57 194 167 255 255 255 255 74
    131 110 247 200 255 142 43 191 206 217 0 48 158 0 0 225 68 54 0 80
    105 167 65 0 97 3 255 0 171 108 119 0 255 98 162 230 92 187 248 0 50
    169 240 130 255 92 109 166 161 255 185 255 197 47 255 255 255 0 212
    0 109 231 230 126 192 0 255 224 0 255 255 30 125 65 0 255 56 0 253
    36 0 228 255 229 33 95 200 101 73 68 0 0 0 150 14 60 254 255 255 255
    241 104 34 255 110 185 200 73 0 103 255 237 0 105 105 255 143 82 255
    255 45 169 255 0 187 0 97 0 0 255 0 70 172 172 231 255 198 140 88
    118 92 18 89 0 184 0 255 11 173 73 13 18 0 0 232 255 34 153 0 9 0
    191 102 83 208 80 211 255 0 145 255 0 247 0 235 0 85 255 101 0 255 1
    228 0 211 252 0 67 0 231 247 0 255 7 255 164 0 77 255 137 166 19 255
    161 0 112 255 0 250 217 124 67 210 251 10 178 255 168 146 0 0 0 0
    255 38 111 167 145 168 184 255 19 184 187 145 19 182 0 189 194 255 0
    255 0 255 73 0 255 161 60 0 113 189 56 118 255 141 29 250 255 64 255
    29 252 255 44 72 220 0 187 149 15 13 143 179 0 0 255 4 252 0 119 0
    43 0 186 215 251 218 255 128 255 248 56 56 255 151 46 0 238 126 0 0
    0 51 255 0 169 247 124 255 0 82 251 182 255 35 226 69 114 80 0 0 0 0
    0 186 154 148 38 228 24 255 255 106 121 111 148 48 37 53 91 94 57 0
    118 84 0 255 252 207 208 255 214 221 149 151 197 29 72 255 0 238 255
    255 207 254 57 37 251 104 255 255 0 255 223 228 50 67 179 120 135 74
    0 43 0 232 213 255 181 255 255 22 0 46 38 144 74 255 95 0 193 118
    106 255 255 250 255 17 29 199 15 72 0 255 0 41 116 255 236 0 161 129
    255 0 108 255 0 89 5 239 2 0 136 152 246 0 255 110 0 98 43 166 217 0
    110 211 0 191 142 84 86 255 255 203 120 0 105 255 250 92 0 65 51 76
    255 0 17 0 8 157 0 151 255 0 255 159 70 9 216 136 8 222 255 93 225
    122 51 251 255 22 0 0 230 149 34 0 255 255 38 0 255 0 0 137 83 199
    189 223 194 133 255 121 0 255 32 254 59 150 255 203 255 39 61 252
    255 15 255 0 255 0 147 37 170 35 0 37 178 238 31 0 248 13 177 255
    255 64 0 15 0 72 42 103 204 0 180 0 105 99 212 197 0 0 119 31 255 0
    255 255 207 182 207 230 18 0 190 255 255 0 43 144 63 255 224 66 32
    59 124 255 0 255 35 20 0 153 10 0 0 178 255 38 255 164 166 6 249 104
    250 0 0 255 0 216 255 31 0 255 21 204 255 157 107 255 253 0 193 63
    255 162 97 118 0 57 255 182 255 26 0 66 130 0 152 197 0 87 0 2 179
    225 255 212 250 253 229 255 116 255 154 238 28 245 0 43 255 208 26
    195 20 123 198 221 239 93 6 165 255 139 23 0 9 146 215 84 0 255 72
    33 212 218 215 255 206 119 255 44 201 237 0 0 0 255 160 0 0 0 115 0
    167 150 0 255 229 109 199 217 229 255 93 255 0 0 0 251 255 13 150
    200 179 0 66 125 255 0 203 0 235 0 233 214 255 117 4 247 5 214 255
    151 7 255 231 96 168 0 4 46 82 255 157 0 0 119 114 224 85 0 255 22
    255 70 43 236 110 7 209 212 0 255 255 74 63 0 247 52 80 114 48 166
    48 118 228 255 124 123 0 255 87 255 0 0 0 174 0 25 78 94 219 234 0
    147 0 205 22 78 208 25 213 255 249 126 55 225 210 0 255 16 0 0 1 104
    0 0 97 255 255 0 239 0 227 183 66 81 245 152 133 43 0 255 151 81 135
    255 255 42 220 177 0 228 198 0 173 98 82 0 130 255 0 37 187 65 0 184
    255 237 0 255 237 78 0 218 0 28 255 156 0 194 73 226 73 0 120 4 0 86
    255 0 160 88 255 50 60 18 0 255 63 121 255 255 0 0 44 167 75 49 249
    255 176 255 0 105 102 93 105 0 0 255 179 139 125 171 0 0 214 203 0
    255 222 30 72 93 255 255 103 255 0 210 50 22 234 175 0 206 92 0 0
    211 177 0 255 242 21 78 218 6 182 81 0 255 255 86 141 188 111 138
    131 255 242 0 255 48 1 183 0 238 0 80 159 43 53 108 55 254 86 0 255
    0 67 154 46 155 0 175 187 255 0 121 245 17 0 216 228 255 26 164 0 0
    94 229 214 185 0 29 82 0 0 143 58 156 255 198 49 251 64 2 0 69 115
    255 157 169 0 29 255 0 64 0 24 255 26 86 87 255 0 0 220 125 149 255
    19 12 81 129 132 0 50 218 103 0 4 88 219 0 0 53 83 0 44 53 61 121 97
    255 147 84 228 255 205 255 255 0 86 255 255 255 0 255 209 42 0 62 29
    189 0 153 216 0 115 18 0 255 57 255 255 255 151 251 192 255 241 0
    180 65 0 125 0 252 0 0 15 255 0 1 205 117 213 255 37 255 72 166 191
    69 38 91 255 74 0 92 138 0 11 129 62 207 48 154 22 170 142 83 206
    255 255 255 0 138 70 255 255 243 173 196 158 198 255 112 255 1 183 0
    0 255 63 218 0 198 35 73 223 196 93 131 255 5 41 180 13 213 149 135
    20 132 16 255 255 131 253 255 153 255 253 28 0 238 144 0 0 0 150 255
    36 28 255 0 38 62 147 12 15 0 31 0 212 255 0 255 132 255 24 255 115
    203 77 0 121 73 255 181 124 255 255 0 0 255 0 243 184 21 255 255 158
    198 108 191 0 0 255 255 255 0 255 181 0 146 0 152 255 0 0 67 35 162
    26 5 160 101 0 202 255 225 0 0 35 255 94 39 14 68 90 255 194 88 132
    0 180 184 255 163 255 255 157 255 56 115 255 255 37 181 161 255 132
    74 205 204 196 0 94 123 26 209 200 88 164 27 134 255 0 82 255 69 255
    125 213 246 202 255 37 142 136 230 160 58 100 210 255 157 162 198
    206 255 219 43 255 255 211 255 64 255 255 0 97 235 178 255 188 245 0
    228 150 177 255 255 135 0 186 255 243 124 113 26 255 0 15 255 193 67
    251 119 1 250 70 162 169 62 25 0 63 253 177 188 0 38 255 255 0 122
    88 189 160 131 62 176 154 255 255 20 128 77 104 255 66 14 0 95 255
    209 39 79 191 236 139 39 62 116 255 33 255 146 0 255 133 184 39 255
    91 0 219 0 255 162 14 73 103 134 0 32 0 227 255 255 255 43 109 140
    22 255 255 169 0 254 255 36 95 0 119 160 75 97 163 151 151 127 255
    103 255 78 31 0 77 129 245 180 179 0 120 255 213 255 151 26 255 255
    185 255 33 115 178 95 81 115 199 0 112 129 0 255 0 46 114 32 0 142
    190 0 92 154 234 206 162 37 187 255 159 0 225 255 116 225 0 36 255
    189 54 219 255 222 235 0 209 204 0 65 255 255 246 255 0 252 0 78 255
    26 131 15 17 255 46 201 67 20 150 84 222 13 51 255 253 253 216 255
    89 126 107 7 245 170 16 31 0 23 1 68 222 0 114 229 0 126 255 101 158
    203 22 255 255 160 145 255 1 192 255 202 172 252 128 8 49 79 154 255
    174 125 158 255 98 88 229 255 0 49 188 162 255 35 53 0 252 0 5 167
    252 133 54 0 176 113 0 255 0 86 255 209 205 0 35 0 255 143 17 177
    184 68 0 189 255 254 139 38 0 255 34 64 89 114 0 159 222 76 189 13
    175 0 219 255 255 255 255 255 210 145 0 96 129 255 0 11 255 193 32
    247 0 162 229 149 100 0 255 220 112 255 94 0 0 196 22 151 0 45 170 0
    94 254 50 49 203 241 192 86 47 54 233 14 219 42 180 0 0 218 0 0 148
    110 207 16 30 66 182 40 255 0 255 163 35 163 255 164 57 151 0 0 0
    255 91 255 255 255 0 0 235 81 255 255 0 11 255 0 0 0 64 254 255 123
    181 8 204 154 169 208 0 255 125 47 0 226 255 255 28 129 67 255 154 0
    81 213 104 192 255 0 149 0 159 0 90 89 255 96 252 0 113 130 200 255
    235 78 57 255 147 179 255 219 255 104 53 255 0 86 0 0 96 21 82 20 15
    84 102 191 247 255 255 0 0 255 2 184 249 97 255 178 57 255 245 255 0
    24 88 0 33 254 255 0 255 0 0 0 0 172 165 213 0 213 255 176 156 161
    255 172 255 165 174 255 48 255 122 157 28 255 145 255 0 242 153 181
    0 44 195 0 255 0 238 145 255 0 0 212 105 61 34 246 255 0 140 255 64
    144 194 255 35 51 97 0 154 164 28 0 202 55 230 147 43 255 53 124 239
    25 253 222 200 230 255 255 255 185 226 255 164 180 0 0 0 0 134 255 0
    255 255 0 0 97 255 19 143 73 255 0 91 95 185 167 174 0 255 171 213
    55 255 159 231 113 255 1 0 72 41 78 3 255 126 255 77 0 255 195 255
    81 82 140 113 255 215 57 255 229 9 139 255 170 0 14 215 255 195 148
    206 0 87 255 6 114 38 67 255 123 0 255 53 225 255 165 94 127 232 166
    255 180 255 52 253 15 255 70 255 127 238 0 248 41 61 217 255 11 10
    25 255 72 255 186 199 30 255 3 250 153 255 137 223 11 169 81 75 217
    0 217 255 192 255 0 255 92 65 255 23 255 144 133 255 0 216 226 0 255
    255 119 255 102 201 94 0 196 26 29 0 0 138 255 36 0 0 255 167 149
    255 222 75 245 140 255 255 0 144 80 44 25 190 57 24 253 231 174 255
    0 211 117 0 255 255 0 255 255 255 19 154 255 51 255 255 157 12 39 0
    200 0 77 255 105 43 146 70 255 221 205 187 161 139 0 110 24 0 0 0
    221 151 134 255 255 192 102 234 0 0 0 0 0 117 15 255 253 19 243 0 0
    250 0 255 0 255 255 7 225 146 18 0 0 36 255 0 173 90 168 255 232 249
    47 97 255 207 242 255 164 86 0 251 4 58 209 183 255 0 62 82 120 255
    118 233 0 226 147 6 189 38 255 173 255 255 255 0 63 0 209 246 2 0 0
    0 255 0 167 255 208 134 255 9 100 255 0 16 115 8 0 255 230 255 0 255
    134 166 202 42 111 103 73 148 255 49 233 144 199 0 0 219 239 0 201 0
    57 255 0 255 119 154 72 111 0 255 0 255 190 244 188 191 13 33 152
    255 63 19 237 72 83 255 255 175 3 46 0 255 66 0 9 235 9 255 255 195
    250 0 209 232 96 68 147 255 0 59 65 48 0 0 18 226 255 254 90 69 250
    255 0 163 148 183 93 255 0 255 140 95 0 173 0 179 176 103 239 78 0
    88 53 131 68 36 0 255 35 255 213 255 255 246 255 0 0 255 245 73 120
    197 255 20 254 255 48 255 158 98 173 171 5 145 172 130 255 255 166
    148 193 206 255 199 255 31 148 255 47 255 0 23 13 145 255 44 98 255
    61 92 0 255 255 255 255 57 63 145 0 171 205 135 100 255 131 0 136 88
    126 255 0 168 29 0 136 148 255 255 17 129 0 242 0 54 255 215 255 0
    214 255 196 83 0 119 162 160 45 29 144 184 60 255 255 255 134 155 0
    0 255 255 9 0 176 0 173 195 7 141 204 98 158 16 12 255 121 81 255
    255 255 255 255 50 201 36 0 0 204 99 244 232 122 101 124 255 101 0 4
    181 26 255 131 0 0 175 93 221 0 105 30 38 103 0 12 84 90 255 226 255
    111 166 255 255 255 61 139 255 166 62 193 168 186 164 0 255 72 100
    148 144 241 244 255 5 125 191 47 114 0 255 159 0 217 184 29 255 245
    202 255 38 68 255 131 123 148 0 75 29 141 0 255 75 0 0 53 165 255 12
    0 0 152 236 209 151 91 6 0 100 21 54 145 0 255 122 208 163 100 255
    161 55 237 204 219 255 255 99 255 28 197 59 171 0 110 176 196 255
    189 240 125 26 154 0 0 168 255 196 35 0 205 133 127 20 0 3 103 255 0
    186 36 212 0 48 193 110 185 61 176 11 255 255 116 254 28 87 0 0 0 96
    5 78 75 3 0 163 0 0 84 72 252 255 0 0 255 131 255 130 177 247 0 0
    138 1 97 213 35 0 127 108 33 35 0 255 15 116 0 95 91 98 111 118 0 45
    142 0 152 192 122 156 255 233 122 152 209 31 0 128 0 175 54 0 255
    255 93 255 114 31 19 255 255 0 92 0 211 144 243 255 0 5 244 144 246
    204 50 0 248 195 0 255 98 147 255 255 41 173 80 0 0 160 0 93 172 0
    245 255 68 189 155 152 137 255 255 0 255 79 170 200 255 27 20 95 204
    255 227 16 57 3 80 151 0 27 5 137 255 0 201 255 0 118 0 0 255 177 58
    34 79 85 125 151 141 132 66 110 255 86 91 201 255 57 255 31 101 223
    76 104 71 174 177 242 255 28 0 218 0 0 0 235 255 255 105 255 196 255
    66 0 212 229 236 146 20 21 244 255 103 129 0 223 114 156 226 0 255
    76 255 127 18 82 38 22 0 255 78 255 129 255 4 0 66 201 0 132 201 41
    117 90 151 122 255 0 53 211 0 0 34 0 32 114 188 134 163 0 0 105 250
    187 0 0 207 180 218 12 184 0 104 209 255 226 255 255 0 255 230 0 171
    42 255 125 96 255 255 66 255 0 237 0 0 0 239 0 19 235 0 124 224 0 80
    255 119 127 0 162 150 99 255 255 0 255 0 0 255 251 146 148 255 255 0
    254 82 11 0 255 255 66 22 216 139 211 0 36 98 239 255 0 180 255 225
    96 255 255 218 88 0 176 255 0 255 205 85 255 148 77 162 142 124 0
    255 235 205 230 96 0 196 150 239 48 255 255 24 255 63 255 121 255 0
    0 161 50 0 7 0 122 62 0 35 18 93 0 31 230 0 93 94 255 132 252 0 195
    0 255 249 82 57 143 87 253 80 255 162 255 28 255 53 49 137 126 91 25
    25 161 248 255 255 173 91 129 0 255 45 18 130 255 0 255 228 255 0
    120 145 255 35 66 180 0 239 0 230 79 168 82 0 0 224 57 116 245 31
    255 214 255 228 151 255 100 158 255 1 255 188 0 252 0 138 123 54 168
    148 68 143 111 0 131 0 124 44 255 37 56 255 255 246 235 255 126 156
    49 0 166 255 0 0 126 46 135 255 255 0 157 255 113 71 126 233 94 108
    229 0 181 187 0 0 0 255 117 84 216 134 0 45 255 255 255 212 255 107
    0 180 163 0 239 181 255 255 20 70 0 183 0 228 239 168 42 0 0 252 255
    0 120 78 3 164 48 122 22 108 0 212 243 44 85 255 0 32 33 85 0 230
    228 254 130 204 255 255 255 138 85 0 0 139 42 36 255 255 0 45 17 0
    22 255 202 221 206 78 17 182 255 53 13 79 224 193 52 147 255 133 128
    75 0 0 255 92 151 215 255 106 255 125 71 252 255 151 255 170 255 160
    0 255 0 44 102 207 117 0 215 66 255 191 255 40 200 226 0 200 0 127
    255 87 182 255 255 141 112 0 255 255 255 64 0 0 20 0 16 247 0 185 31
    57 68 255 229 4 255 21 231 108 67 255 250 204 0 255 100 102 177 0 8
    191 255 239 133 129 243 139 120 99 138 255 133 184 168 255 84 30 170
    20 255 150 0 251 0 236 247 185 61 76 30 16 131 255 255 62 133 0 215
    104 204 0 255 169 33 189 255 0 255 243 217 207 0 218 231 255 0 85 28
    211 70 83 255 249 140 192 221 255 129 255 51 255 255 48 50 19 72 13
    0 180 173 168 255 89 255 64 146 207 167 126 32 255 0 137 231 0 137
    172 0 114 104 255 203 97 125 164 99 31 80 179 116 194 134 0 106 226
    0 79 10 0 0 255 239 136 94 88 255 3 0 113 111 255 255 229 141 185
    227 255 220 0 238 94 236 0 142 162 99 8 0 0 0 255 133 180 21 255 0 0
    25 131 0 120 35 79 118 0 45 235 0 255 245 137 22 95 153 255 255 231
    255 0 0 0 170 56 129 255 0 160 53 56 255 104 118 0 82 0 157 184 6 0
    254 155 9 210 128 0 33 255 0 212 15 255 255 64 0 197 32 255 246 111
    26 0 249 96 255 0 0 107 128 190 224 0 0 177 0 0 25 205 217 255 147
    255 255 255 0 255 206 95 0 255 206 17 177 255 255 255 67 198 255 1
    85 197 159 181 117 255 255 189 148 255 131 216 165 79 126 232 214
    255 92 20 64 0 255 0 99 255 0 64 1 0 255 11 9 255 215 255 242 255
    255 111 243 182 135 255 0 140 241 255 89 187 11 0 255 154 239 224
    108 36 255 0 38 1 161 0 0 255 198 0 0 0 0 6 182 191 0 255 255 0 0 75
    38 144 253 0 73 175 0 125 0 155 206 117 200 254 163 215 255 255 146
    173 28 46 23 204 0 0 124 0 53 62 143 103 0 144 132 186 255 213 1 255
    1 49 57 0 140 100 232 73 123 199 166 0 180 0 255 215 239 0 0 48 255
    96 79 255 0 165 85 44 255 248 2 47 144 206 75 255 255 192 176 174
    255 219 0 190 216 150 196 53 48 0 0 157 2 0 255 101 236 164 255 0 0
    255 27 0 255 45 210 255 99 113 233 13 123 141 0 137 0 199 109 3 255
    0 0 237 166 113 155 254 22 124 101 238 0 5 0 0 0 222 100 0 0 221 255
    142 34 114 255 88 203 111 0 255 245 215 244 191 71 0 99 237 25 64
    108 45 255 227 0 199 156 249 59 0 65 30 35 236 255 0 232 255 255 44
    173 42 189 255 0 0 210 71 255 122 0 0 0 165 41 0 186 238 0 255 221 0
    18 198 37 0 107 255 7 0 11 103 17 0 255 255 0 255 79 6 236 134 0 132
    255 111 0 152 148 236 52 0 84 238 0 255 222 153 0 58 214 144 255 208
    0 231 255 224 0 194 98 224 0 243 84 255 0 80 248 164 162 52 183 20 0
    227 255 208 0 164 255 0 255 255 71 95 0 0 0 255 0 0 0 43 172 255 229
    0 84 255 0 0 255 85 249 255 14 134 0 177 52 66 0 81 0 39 0 87 255
    112 87 204 28 229 0 204 0 140 94 0 0 3 223 0 255 0 248 127 86 0 255
    255 255 48 242 94 8 48 0 0 232 255 244 3 107 0 196 139 220 94 0 251
    113 135 0 255 41 0 34 65 4 247 21 99 255 125 59 255 164 135 255 0
    191 169 245 99 255 254 167 168 247 0 5 174 47 191 0 89 240 0 55 148
    77 152 0 123 255 255 171 233 231 255 204 0 49 221 0 124 82 138 255 0
    141 116 156 255 113 112 91 255 255 17 244 215 0 255 255 0 255 14 147
    112 0 232 102 212 0 36 0 153 8 120 225 222 183 0 144 0 235 102 0 0
    255 255 96 255 47 26 5 255 47 86 0 167 0 201 0 79 144 40 255 255 6
    255 0 204 85 79 0 214 194 237 0 255 255 133 171 48 120 0 241 1 255
    247 207 0 255 255 198 0 39 48 145 147 144 193 204 12 0 255 54 0 130
    255 168 255 0 51 255 255 96 255 131 46 15 244 125 35 107 84 74 255
    255 0 58 50 49 7 0 64 255 0 195 9 88 253 255 10 121 213 255 38 0 29
    255 206 236 0 73 242 0 173 84 219 188 46 15 0 255 0 255 0 101 0 132
    171 169 220 122 255 0 33 255 255 0 50 35 144 146 0 214 255 255 0 42
    138 134 217 0 82 0 0 255 115 0 71 233 141 55 255 50 211 243 152 27
    246 0 255 46 239 255 60 255 85 58 252 255 187 255 187 83 235 119 164
    249 81 24 0 86 251 0 207 255 91 0 65 0 255 255 255 255 0 92 0 3 47
    255 205 10 73 0 0 0 0 98 0 0 233 240 235 0 249 255 181 145 0 26 8 40
    111 0 224 233 62 0 255 122 0 205 253 238 255 217 182 255 255 3 131
    255 41 0 58 75 255 0 232 247 0 255 233 255 0 255 255 0 210 0 112 228
    44 150 44 255 255 142 0 0 0 0 0 193 99 109 255 255 21 10 63 0 105
    224 23 255 95 78 184 255 118 28 43 136 255 255 83 2 255 239 0 240
    188 212 34 123 160 145 0 244 147 140 94 0 140 255 249 223 106 0 22
    196 47 147 0 255 156 28 0 215 255 205 255 255 86 255 0 158 45 246
    180 255 255 0 134 0 0 198 0 255 104 255 255 0 154 0 255 9 255 0 0 62
    0 0 255 203 0 237 87 0 127 106 0 0 255 206 8 0 255 235 199 255 0 98
    157 255 121 255 255 174 255 99 255 0 81 166 255 45 255 166 25 204
    214 255 67 119 0 163 255 35 46 0 0 0 25 255 232 82 76 0 101 255 109
    0 255 255 234 166 234 255 2 158 255 44 255 169 255 69 255 101 0 189
    0 255 0 29 255 109 0 2 255 255 0 98 255 0 0 240 229 238 249 244 100
    0 255 0 230 215 131 93 0 130 219 0 206 1 0 0 0 255 0 187 186 150 255
    0 255 255 255 38 233 49 149 44 0 216 71 107 255 231 98 199 226 126
    146 0 76 255 15 122 123 200 130 55 142 134 187 185 176 255 0 0 48 24
    174 114 197 51 0 255 182 0 240 172 80 255 63 136 93 176 0 255 255 45
    244 191 45 255 0 167 53 255 0 250 7 0 39 255 166 108 0 240 0 136 10
    230 72 58 14 255 106 238 255 42 82 0 23 0 0 0 254 3 16 134 0 255 0
    207 2 201 143 251 223 193 99 255 255 31 36 0 0 6 182 162 106 6 0 227
    58 0 0 255 0 255 167 192 0 103 160 13 255 203 0 255 222 0 0 191 44
    101 255 255 116 255 12 255 255 29 140 255 255 102 255 255 59 74 193
    0 0 126 25 0 255 0 0 200 255 0 255 0 0 0 8 255 56 255 0 93 250 60
    143 174 255 255 255 0 234 255 94 12 209 0 0 228 41 101 65 114 88 155
    163 253 31 67 3 255 255 82 42 246 5 79 119 0 0 0 255 0 0 3 169 22
    255 0 43 75 240 15 176 156 0 255 0 0 213 137 100 26 255 130 255 255
    251 255 255 23 206 255 135 13 0 121 206 162 0 0 69 0 0 65 250 255
    131 77 130 66 142 210 15 246 0 54 255 255 148 230 159 158 111 93 233
    0 199 0 203 0 0 16 107 0 242 255 24 27 255 0 118 146 0 76 255 30 145
    0 101 219 117 255 162 27 254 255 32 65 187 44 153 19 18 160 104 255
    92 0 255 255 199 15 255 163 72 106 0 144 118 255 232 156 185 0 91 0
    161 255 0 255 34 64 26 214 0 255 158 5 15 26 255 0 1 36 126 255 88
    147 148 175 255 62 0 255 69 0 255 22 81 238 67 62 47 100 201 0 255
    50 255 0 116 0 255 118 248 255 0 255 94 146 39 255 100 182 27 113 59
    9 255 196 154 255 197 255 11 87 181 107 255 255 231 255 188 0 88 152
    218 65 255 192 165 255 126 0 230 253 116 195 142 141 212 0 77 71 22
    169 255 0 0 5 255 255 222 255 0 208 243 255 255 242 127 105 0 255 96
    230 204 126 142 0 119 20 76 81 13 129 156 60 0 255 0 55 0 73 0 255
    31 255 142 245 0 101 86 56 0 255 0 14 167 149 146 5 255 117 255 93
    132 177 3 158 93 2 184 255 0 70 182 255 0 0 255 70 138 69 66 255 0
    195 152 9 255 0 186 240 110 44 0 0 255 42 230 144 0 255 202 105 0
    104 65 7 255 91 0 7 255 103 6 39 13 249 200 255 164 73 202 0 185 0
    148 255 181 255 65 72 0 255 255 154 0 140 139 0 165 28 255 255 209
    99 125 4 47 78 186 238 248 49 0 63 39 52 37 9 241 255 0 216 255 86
    239 142 255 211 255 199 255 93 255 255 252 13 255 68 158 205 0 155
    128 112 251 134 0 255 68 137 118 255 117 188 205 0 255 179 220 0 63
    196 0 173 255 0 0 208 127 255 127 20 216 0 152 156 255 149 86 154 55
    85 56 1 101 0 183 63 255 43 197 255 147 89 95 93 59 124 250 111 0 0
    9 252 255 20 0 155 0 0 0 255 149 255 0 255 29 66 110 88 69 0 213 255
    195 128 33 255 0 75 255 141 0 169 255 251 162 166 143 0 33 40 206 0
    85 126 0 172 166 96 0 195 255 249 0 87 158 187 0 18 133 255 44 176
    255 0 255 97 237 164 211 0 86 151 117 43 0 0 202 255 0 255 29 3 234
    115 0 255 255 255 0 0 0 188 243 195 233 250 242 0 255 80 255 122 0
    139 128 0 255 44 0 172 82 239 128 0 190 0 156 239 0 131 255 82 255
    59 72 233 79 114 0 255 178 15 187 0 6 255 0 163 5 255 73 86 227 230
    0 255 116 109 255 110 84 168 222 111 103 0 255 13 153 71 197 129 255
    168 254 246 0 120 255 0 255 129 252 245 0 255 63 245 255 0 255 255 0
    33 209 211 255 73 148 179 117 255 73 36 123 91 195 255 0 255 32 46 0
    72 202 255 106 74 255 255 0 34 255 0 205 72 188 112 173 255 112 0
    233 255 232 255 234 0 122 29 73 12 46 211 76 145 255 159 2 160 255
    86 217 88 0 53 208 61 198 134 255 0 255 9 198 167 255 191 0 176 0
    188 148 73 255 33 83 228 150 151 255 102 203 242 20 0 0 156 119 189
    255 103 232 229 233 42 0 0 255 73 0 197 134 109 0 255 126 255 140 0
    119 166 0 0 255 245 101 47 177 82 30 165 255 66 94 52 101 33 43 246
    88 40 179 12 0 12 94 129 177 255 117 31 159 0 135 135 184 175 252
    173 0 109 46 255 205 255 255 8 255 123 0 71 0 95 66 129 36 189 186
    20 255 65 113 0 251 0 49 248 161 132 34 25 255 37 74 177 201 176 255
    255 0 190 255 18 0 152 255 225 255 4 116 38 255 0 249 132 117 40 69
    12 0 0 126 18 255 255 124 19 234 169 171 0 0 0 202 245 255 31 255
    252 72 143 255 176 79 64 255 83 87 203 0 166 255 255 131 146 128 135
    173 110 255 255 72 255 255 30 255 122 255 0 174 202 0 170 0 254 0 0
    21 77 43 177 113 108 160 9 0 137 130 255 244 194 208 14 0 101 0 0
    166 56 0 226 232 255 116 255 148 196 90 0 216 136 255 255 85 105 204
    117 0 133 201 255 255 54 255 130 165 255 255 232 207 4 4 0 0 207 123
    255 107 195 116 255 133 161 133 0 139 1 7 244 0 255 171 0 0 255 101
    0 0 4 96 0 179 88 11 0 0 255 0 255 205 104 128 77 130 45 145 0 0 222
    0 152 255 213 0 165 86 47 177 255 44 255 201 0 149 179 237 0 198 255
    255 229 255 128 0 0 0 107 210 255 0 25 0 201 59 255 210 14 131 0 118
    136 20 127 0 0 87 255 0 0 4 169 113 208 178 33 255 80 118 111 100
    222 101 255 218 241 141 229 141 108 233 0 255 0 0 105 109 16 7 176
    22 194 58 137 0 57 255 219 130 215 214 20 0 201 0 54 0 12 168 0 0 22
    0 0 141 255 39 255 89 142 255 38 178 187 197 130 215 222 255 0 35 78
    129 191 255 195 31 255 86 209 2 120 255 232 154 255 150 87 0 226 113
    140 0 119 255 159 245 224 0 201 242 4 23 0 195 41 5 191 158 158 223
    229 200 168 247 255 153 151 143 84 255 20 137 0 255 0 0 251 63 221
    65 255 63 199 255 142 60 20 21 242 0 0 92 0 57 152 255 220 105 0 171
    0 5 0 255 255 130 135 0 181 254 204 39 255 238 160 255 66 255 220 0
    255 255 170 119 194 31 185 230 197 255 255 255 151 0 255 255 112 16
    11 211 194 0 113 0 255 180 255 115 255 0 168 0 35 35 232 182 255 36
    63 0 89 18 255 0 48 255 178 237 130 215 218 0 107 54 236 174 226 0 0
    0 209 255 76 144 99 0 0 151 0 1 143 49 172 42 218 255 157 23 255 235
    198 0 0 255 242 0 147 0 255 0 120 194 62 115 134 227 230 0 204 238
    255 59 0 32 255 105 0 255 0 0 147 57 222 152 0 209 227 118 0 77 67
    137 110 230 100 186 63 255 214 119 60 12 88 255 209 102 0 0 0 228
    255 167 176 184 76 0 0 205 255 255 0 150 255 144 123 160 47 44 0 69
    0 8 62 0 0 255 153 0 225 150 113 255 255 244 8 255 186 196 0 198 190
    125 0 41 0 255 255 0 163 18 255 46 0 255 255 130 0 0 255 195 0 255
    58 0 225 229 37 255 105 1 150 233 125 181 84 109 241 255 75 0 91 0
    172 95 114 223 255 255 139 0 0 23 35 212 187 83 247 255 27 0 0 144
    59 254 0 79 71 255 0 255 45 29 0 255 7 60 38 0 0 44 177 200 154 255
    54 255 255 121 247 247 231 101 0 216 108 255 255 162 165 255 29 10
    100 186 0 255 16 0 0 0 0 0 0 190 41 0 47 255 164 255 83 0 99 198 255
    54 255 217 186 0 170 247 89 151 50 135 126 180 42 110 11 194 0 13
    255 0 106 255 66 69 234 0 0 144 178 0 35 255 224 24 196 21 73 85 0 2
    255 255 177 255 237 65 31 255 153 212 250 122 58 4 135 0 255 229 0
    164 110 0 255 0 0 255 217 62 255 255 91 56 215 255 0 171 75 227 16
    232 26 170 202 91 2 0 213 0 0 227 0 255 219 143 220 13 250 116 140
    212 0 48 40 229 9 0 133 203 0 172 0 63 0 234 243 151 82 169 21 255
    255 108 88 116 14 43 3 0 0 255 226 46 76 0 149 78 0 84 234 67 162
    255 239 243 43 0 0 129 204 7 178 252 238 42 255 89 0 0 65 255 0 75
    206 212 0 16 255 168 0 14 255 101 103 95 255 90 0 0 180 0 0 251 222
    232 255 0 0 0 10 157 63 51 149 89 80 98 2 63 255 0 166 255 11 0 0
    255 28 206 154 255 251 162 255 138 81 0 219 48 11 255 154 209 0 254
    31 0 195 97 252 239 242 53 200 0 255 82 0 72 0 0 210 21 9 255 211
    255 255 22 255 0 0 120 35 81 0 251 50 250 0 255 0 35 144 0 133 0 137
    233 255 122 255 109 0 0 43 8 41 147 0 255 255 245 202 37 200 185 255
    0 0 0 255 40 119 246 10 255 65 31 159 23 122 153 128 169 125 252 68
    55 255 255 208 255 199 181 255 253 110 255 126 64 161 255 211 0 255
    236 255 1 98 106 243 255 255 115 0 255 0 0 27 0 62 20 220 89 255 255
    0 210 246 52 82 2 199 0 0 255 217 0 61 255 246 26 255 29 248 11 255
    226 255 131 23 63 255 0 50 211 255 255 0 255 255 234 255 30 255 20 0
    131 2 23 195 164 0 205 26 255 66 75 255 0 32 0 8 0 0 255 108 255 36
    79 81 236 0 97 79 236 0 61 255 252 255 187 66 246 35 0 51 238 189 94
    74 188 99 161 255 131 162 39 71 129 174 90 255 61 183 0 0 48 0 0 174
    120 0 50 160 154 132 37 92 255 146 221 255 0 180 39 145 78 0 255 126
    0 44 254 0 0 255 67 217 250 0 14 255 142 93 168 37 255 77 0 255 0 46
    0 0 0 255 99 255 186 237 36 169 0 19 0 126 0 0 255 239 163 245 23
    234 46 135 148 63 22 146 60 104 0 255 255 182 129 99 168 255 29 170
    87 0 144 0 255 143 255 109 166 194 0 154 35 43 194 255 255 255 222 0
    255 19 163 205 12 229 159 245 249 255 9 134 179 255 0 30 166 0 255
    120 62 94 255 26 19 255 110 0 44 33 216 148 59 255 1 0 57 238 253
    162 229 169 75 173 92 112 0 78 223 32 235 255 87 1 197 234 255 255
    29 145 79 146 104 255 81 237 255 16 0 0 43 255 93 0 248 15 50 105
    255 0 203 248 0 84 164 0 235 172 247 0 100 67 26 108 179 44 255 255
    150 81 179 13 255 255 130 255 234 0 110 255 0 149 255 81 85 175 64
    138 125 119 255 114 87 128 0 94 177 255 170 69 40 145 16 10 188 255
    128 255 210 87 59 78 31 30 70 224 90 24 57 15 0 160 255 255 255 139
    65 208 131 111 237 88 133 40 255 6 125 180 163 0 208 255 255 137 119
    107 145 161 21 0 255 43 94 255 133 0 255 164 0 35 0 14 171 70 179
    255 0 62 29 255 0 126 41 0 250 255 255 0 70 255 0 255 244 147 168
    172 0 96 0 68 0 240 255 139 255 0 0 15 114 88 12 156 255 0 132 0 63
    112 0 33 123 0 180 169 95 0 197 104 0 156 215 255 47 45 64 229 24 0
    227 235 255 0 241 189 0 0 255 137 150 182 11 127 7 255 189 0 255 232
    64 150 56 255 0 68 234 255 33 255 245 0 83 180 255 0 73 104 122 35
    152 255 146 184 44 107 103 11 255 121 223 65 173 0 255 0 0 47 255
    255 241 0 195 238 13 203 212 77 255 0 0 251 0 0 0 255 255 229 22 210
    216 156 168 255 254 255 169 0 139 0 101 255 162 142 99 255 0 20 108
    57 134 199 68 0 52 0 255 54 0 82 136 109 135 213 255 20 0 46 89 184
    93 67 255 188 191 125 75 133 255 0 167 74 35 61 255 0 255 151 63 0
    66 255 80 244 1 0 191 222 123 219 255 160 119 215 174 0 0 174 0 165
    58 18 140 255 170 51 255 0 103 0 143 0 127 144 187 21 128 57 5 0 63
    7 36 0 255 231 80 255 225 255 80 171 0 225 0 255 112 93 201 13 98 17
    255 255 179 255 57 182 29 40 97 254 132 255 1 143 47 58 106 93 255
    255 114 0 147 255 66 255 52 54 220 0 226 0 219 161 255 228 255 0 170
    0 255 71 126 90 187 255 0 255 255 147 243 255 0 99 50 41 0 69 53 10
    12 255 0 126 185 49 255 86 143 0 57 255 0 158 86 27 146 255 11 0 43
    81 255 124 10 162 255 0 19 221 81 8 167 180 255 102 0 255 171 0 169
    0 203 255 127 64 0 195 255 0 139 100 255 0 87 58 121 102 0 0 199 32
    140 7 19 0 124 0 21 248 92 18 0 5 0 32 0 255 164 0 255 226 234 50
    255 162 124 182 127 255 206 173 57 0 216 255 46 118 99 0 74 252 255
    122 255 209 0 97 0 58 255 170 163 172 95 0 255 126 235 117 255 215
    47 110 82 127 92 156 213 121 0 126 0 51 172 48 252 43 241 214 246
    245 0 100 96 162 244 56 255 167 0 12 154 255 135 0 0 0 0 222 0 32
    212 0 204 66 230 30 255 255 254 255 0 108 8 96 38 154 45 18 250 255
    175 136 15 222 0 77 255 206 82 69 218 255 143 11 237 0 255 233 62 0
    4 228 55 43 227 255 0 255 130 0 255 69 161 110 25 255 0 144 0 78 255
    68 60 0 0 2 0 255 220 76 144 0 136 255 76 101 4 7 155 171 132 139
    234 139 148 33 141 46 199 0 255 0 0 255 9 18 135 255 28 22 99 96 55
    183 135 133 255 0 177 215 203 0 118 255 12 198 255 97 84 255 255 45
    0 58 255 10 255 0 157 255 248 68 138 0 255 98 255 0 0 103 255 162
    255 132 82 255 148 0 253 137 0 0 207 0 0 0 255 103 208 131 242 16 52
    80 41 255 117 47 138 52 255 0 94 95 12 64 255 152 108 166 84 58 70
    162 202 118 0 245 0 0 209 0 167 0 213 118 126 0 14 206 255 205 0 86
    176 0 82 239 0 0 213 0 138 0 24 255 27 0 101 163 255 252 206 255 0
    255 227 156 255 56 255 251 0 0 254 43 171 188 135 217 255 42 255 0 0
    175 141 29 69 170 255 152 73 255 0 100 255 253 171 255 46 78 255 0
    161 255 0 113 0 255 133 206 214 255 46 0 31 255 0 0 255 126 43 255 0
    255 17 167 202 176 0 0 170 90 0 103 6 52 21 240 0 189 89 20 132 255
    197 203 255 255 225 115 255 0 133 0 26 240 119 253 0 27 255 181 249
    45 173 148 255 47 154 129 67 255 244 93 255 255 150 140 0 176 15 0
    102 5 26 169 255 48 52 255 255 172 60 255 123 168 152 243 213 78 255
    98 0 127 33 117 190 192 16 17 0 255 62 249 77 231 238 0 0 255 255
    205 107 195 53 6 0 86 0 0 135 210 0 122 230 82 16 73 238 0 181 44 72
    192 243 0 138 0 62 109 255 0 240 49 0 255 228 34 173 99 64 152 47
    246 6 0 26 255 145 213 99 72 255 135 145 255 255 255 37 248 53 122
    255 0 39 137 2 139 168 70 119 67 134 0 108 39 208 255 0 96 205 117
    125 0 255 181 9 244 255 0 85 111 52 154 115 203 0 0 0 73 15 255 120
    177 0 1 0 243 57 158 187 139 89 42 56 42 255 173 248 124 120 21 208
    157 148 0 235 68 29 255 255 168 191 0 0 67 218 176 117 255 58 216 51
    46 217 102 73 138 57 0 154 255 174 255 9 242 171 255 158 255 255 255
    255 0 0 255 155 239 113 255 96 205 0 140 143 51 255 0 184 39 255 54
    14 235 0 77 255 79 108 243 125 162 209 210 198 227 0 39 0 174 145
    177 87 167 255 6 113 230 255 139 0 89 132 240 255 136 70 140 71 75 0
    218 84 143 0 255 0 0 103 255 255 147 0 0 255 205 226 0 255 255 17 93
    124 152 56 0 244 254 0 60 255 255 28 0 40 53 209 18 29 0 170 247 255
    148 255 0 205 0 102 255 3 255 204 181 148 0 0 53 255 0 0 78 0 181 51
    147 28 45 24 104 31 227 72 0 255 216 0 255 239 104 0 255 255 8 21 95
    0 79 82 0 200 0 255 112 109 81 0 92 80 156 90 255 44 152 0 0 39 255
    53 0 255 121 0 76 91 223 0 255 255 105 0 200 42 228 255 180 130 217
    121 15 181 202 178 0 5 164 0 168 6 183 255 0 130 255 0 228 15 8 50
    232 124 253 0 37 0 0 255 198 0 64 48 138 58 86 166 1 131 255 0 157
    219 0 181 250 104 0 231 17 0 0 0 255 117 51 207 0 210 149 112 70 9
    254 150 0 255 190 144 136 167 16 130 255 90 135 0 44 38 0 193 96 255
    9 255 3 255 255 130 0 192 255 64 219 148 165 47 109 0 100 0 111 254
    0 0 196 245 77 255 255 255 75 255 23 0 107 0 230 167 255 200 0 0 114
    0 135 25 36 0 69 162 202 98 221 0 0 0 164 0 203 131 223 112 255 0
    255 0 85 255 135 255 50 55 255 118 210 4 211 250 225 98 56 255 0 0 0
    135 0 50 33 31 55 77 98 0 21 180 255 63 18 255 153 249 255 11 195
    156 0 171 205 0 203 49 247 79 255 198 255 82 245 148 182 0 35 187 61
    154 179 134 230 247 138 255 119 83 0 158 153 0 193 4 94 83 0 255 121
    234 47 223 255 0 255 255 173 210 196 255 76 22 255 112 183 161 255
    167 118 0 91 151 255 181 55 229 0 157 59 195 236 246 227 255 76 121
    255 0 255 220 123 0 15 0 9 167 0 255 185 232 255 45 184 0 23 0 9 205
    184 177 0 255 113 90 255 0 255 107 62 65 43 245 0 0 210 246 170 172
    255 255 106 9 184 50 255 206 232 253 105 0 166 222 252 77 114 255
    255 232 255 95 14 255 255 3 244 210 0 255 150 255 174 255 0 101 70
    255 5 233 139 224 0 220 0 54 213 255 88 31 255 255 231 134 181 77 53
    143 125 74 96 255 153 169 125 147 190 66 0 63 116 0 12 243 37 0 80
    236 255 75 200 205 0 162 0 231 28 79 255 244 206 0 255 0 69 250 23
    255 10 57 21 254 166 55 53 0 229 77 194 255 151 85 37 10 52 0 36 228
    0 255 255 65 14 216 139 0 255 0 0 255 171 107 170 99 255 0 41 112 11
    212 0 170 0 255 231 0 207 151 255 241 0 219 0 0 36 173 200 15 47 0
    124 130 226 255 160 0 72 223 35 187 20 255 255 209 228 59 255 86 255
    255 185 251 193 135 255 141 176 255 100 0 255 255 140 47 36 160 253
    0 135 139 6 220 160 255 207 233 255 255 12 27 66 112 159 0 91 255 0
    169 0 255 0 91 78 255 63 20 244 85 194 91 200 255 113 0 255 202 255
    0 220 254 154 255 93 26 253 255 32 4 120 88 229 159 169 255 187 10 0
    254 198 15 103 46 0 46 255 139 255 179 0 0 246 122 105 80 25 184 121
    22 6 3 61 255 114 121 98 191 246 0 178 232 52 157 64 163 68 109 0
    255 81 81 194 11 70 105 220 255 166 215 207 255 181 52 220 148 34
    167 18 176 80 17 255 77 161 255 205 198 99 0 70 0 176 0 125 86 255
    201 41 0 0 24 153 68 162 214 232 255 255 43 255 225 100 255 189 0
    212 109 194 55 51 73 88 251 255 135 0 255 255 45 255 255 83 38 0 234
    0 82 244 200 98 186 240 249 203 255 238 0 183 0 0 89 0 255 201 123
    255 155 255 126 134 255 9 132 198 102 255 133 255 220 255 74 155 255
    94 119 0 182 249 255 83 0 0 255 222 144 255 34 194 62 132 255 39 208
    18 0 0 255 93 247 255 218 164 72 84 255 248 14 32 0 255 211 255 49
    255 255 0 0 255 0 134 188 117 105 102 158 255 136 224 9 0 15 48 48 0
    255 50 0 87 255 169 0 70 0 255 28 225 188 56 255 64 148 170 185 193
    6 30 255 0 15 0 189 249 0 255 90 0 54 132 240 122 115 144 174 179 16
    45 93 20 25 255 67 150 28 255 196 0 189 47 130 243 255 0 149 13 255
    132 0 247 0 167 209 179 0 186 82 175 40 79 0 132 166 162 255 242 89
    0 255 72 6 20 217 0 0 0 0 0 114 215 17 255 188 255 182 255 255 255 0
    4 255 214 0 255 255 255 255 143 240 38 64 83 133 255 72 0 0 43 175
    255 0 84 255 0 0 93 30 255 134 255 40 187 0 182 156 0 19 73 0 0 149
    80 0 132 35 28 188 215 209 0 255 204 34 255 255 61 41 255 119 124
    118 174 165 152 0 130 254 59 130 53 0 197 52 231 26 2 0 255 147 204
    234 255 232 186 255 255 255 255 255 163 0 255 255 11 255 6 0 255 255
    101 55 26 57 0 255 128 33 82 178 13 160 255 245 25 95 246 179 174 93
    49 139 113 255 68 255 57 60 164 62 224 0 176 152 0 235 255 57 176
    100 0 94 0 0 48 0 115 255 255 172 45 20 33 83 0 171 0 141 251 229 29
    121 178 91 230 137 34 163 233 0 255 165 39 132 41 205 49 181 217 90
    65 101 0 193 67 255 102 116 239 31 166 195 78 0 255 255 121 153 199
    72 0 0 255 255 255 0 153 0 78 20 24 98 255 0 95 121 255 19 228 77
    223 170 200 241 0 136 224 255 132 199 1 0 63 0 127 56 245 0 0 130 19
    155 178 177 155 163 255 0 255 160 189 255 0 92 0 229 194 160 255 0
    111 62 0 98 255 255 107 255 150 133 47 48 109 191 255 34 0 104 0 189
    171 49 255 255 255 150 143 0 91 255 39 0 255 0 111 75 255 0 0 171
    255 99 100 0 69 132 76 255 39 182 60 169 0 178 255 70 58 14 0 162
    255 33 0 255 221 198 186 221 103 0 160 1 0 255 255 49 104 255 7 124
    199 255 200 255 0 129 0 255 255 137 255 50 0 154 173 29 72 18 222
    255 236 171 200 132 131 255 53 0 255 118 0 255 8 0 162 94 0 164 180
    255 0 255 255 80 255 87 65 194 238 0 0 0 0 95 255 255 26 115 40 0
    117 151 25 177 252 228 255 0 255 8 102 255 181 179 87 77 228 160 12
    3 255 62 138 185 255 156 73 21 98 255 0 0 0 251 0 157 123 224 255 36
    206 30 213 104 174 167 204 102 0 196 255 97 0 255 255 0 252 39 166
    45 255 88 0 98 107 0 185 38 255 255 255 255 20 37 7 0 141 129 255
    223 0 0 0 0 17 230 176 30 0 255 169 191 255 65 0 200 216 255 255 0
    210 0 0 82 129 43 115 0 0 66 251 20 209 255 92 155 94 222 255 3 255
    100 0 48 127 222 255 105 255 0 89 0 239 51 0 48 84 134 0 112 155 255
    196 166 43 208 255 105 255 86 0 77 0 0 255 197 173 201 37 104 83 47
    255 93 0 68 142 0 0 123 0 0 125 0 255 255 162 101 196 95 248 0 0 224
    149 248 25 255 180 78 0 0 255 88 50 83 140 0 255 100 0 237 32 114 5
    255 255 102 255 135 47 255 175 255 118 19 210 92 255 80 210 255 0
    255 0 4 255 158 145 0 0 184 202 154 0 127 49 0 82 239 178 91 0 0 115
    65 255 0 108 72 0 192 255 112 78 0 49 78 2 53 20 58 130 17 61 255
    255 122 0 161 139 234 250 84 255 133 161 255 0 217 108 0 108 187 67
    147 33 249 224 255 39 54 165 124 248 142 173 98 223 20 232 223 110
    133 243 72 47 255 111 2 255 58 0 228 255 188 122 108 247 255 8 255
    60 246 33 218 0 0 175 157 0 255 227 209 179 224 105 7 243 0 65 36
    255 10 0 143 68 255 36 47 255 244 125 255 209 213 0 196 0 189 255
    129 94 255 255 2 205 39 0 0 21 255 0 112 169 255 144 255 119 225 30
    157 158 0 19 168 221 197 168 93 0 151 146 116 255 20 102 44 217 255
    114 38 48 247 0 187 110 255 108 101 117 213 215 161 194 45 124 234
    234 255 255 201 255 225 25 10 255 88 4 33 141 255 0 129 255 150 194
    74 98 0 178 88 76 103 0 0 94 236 214 255 39 117 108 0 167 171 255
    211 104 171 150 143 255 200 151 30 255 0 248 106 240 255 66 8 255
    255 230 255 48 205 201 214 0 0 255 0 116 28 240 0 0 168 209 75 126
    42 219 91 0 62 192 142 37 198 203 0 51 0 255 0 92 181 156 5 122 133
    188 0 92 167 218 18 148 59 0 230 183 156 255 0 198 255 198 237 108
    162 14 0 255 30 255 169 255 255 60 138 92 255 135 255 205 117 102 0
    160 200 255 36 207 199 114 69 182 255 0 0 255 231 0 176 0 114 255 59
    188 72 240 158 124 0 220 255 96 76 109 0 198 72 173 0 0 0 0 63 0 255
    146 247 188 255 255 255 0 194 255 0 31 73 166 125 58 125 255 3 197
    238 175 52 81 220 0 255 83 32 191 25 255 0 118 142 139 127 36 255
    222 188 220 190 87 0 131 226 0 211 255 201 8 120 220 11 106 3 180
    255 91 0 171 196 21 0 0 171 251 255 0 28 0 255 255 56 169 188 255 46
    0 15 189 60 101 125 105 219 255 172 255 185 255 255 135 18 255 127
    220 53 226 223 0 248 248 255 26 84 38 138 0 80 52 88 255 255 188 255
    255 195 0 11 183 220 0 255 164 59 255 0 255 7 125 85 0 244 206 59 0
    83 0 0 20 18 238 66 138 166 0 118 154 38 113 127 255 0 19 109 182 29
    180 70 0 40 255 227 0 152 0 17 255 166 204 146 58 63 122 255 62 28
    101 1 155 0 62 168 0 0 13 9 13 23 31 0 21 199 0 145 186 253 177 204
    108 13 0 124 88 167 0 72 201 255 255 185 89 229 234 38 234 213 17 63
    244 1 208 0 0 139 172 255 45 10 255 101 183 92 0 64 61 255 40 0 0
    255 214 201 145 0 255 231 123 137 255 242 16 221 85 120 255 255 132
    48 43 0 117 219 149 0 227 255 255 180 204 255 255 235 255 215 0 73 1
    101 5 0 107 15 151 183 254 246 223 0 255 18 113 255 0 255 75 179 255
    255 121 0 126 7 116 131 0 238 77 0 0 144 23 53 255 184 0 0 0 0 246 0
    0 11 180 148 15 238 0 21 11 203 139 132 86 146 233 231 158 255 157
    161 146 0 0 24 193 214 131 203 0 146 64 11 98 216 179 255 147 0 0
    255 82 255 121 147 108 146 255 94 18 82 255 191 0 0 255 141 255 68
    151 33 168 0 255 36 0 63 156 255 0 255 113 191 12 188 0 43 19 10 255
    172 111 183 255 255 255 0 233 160 0 255 144 255 189 122 217 0 255
    139 186 12 124 0 255 63 234 95 0 255 165 184 221 9 28 0 0 0 255 222
    215 255 253 255 215 210 120 222 255 255 70 216 255 22 0 38 140 217
    75 247 255 66 255 255 255 253 0 162 138 21 0 0 224 255 4 40 255 164
    0 220 125 120 0 194 170 6 190 39 60 254 255 206 0 230 0 0 0 12 255 0
    123 0 207 184 214 148 255 239 214 92 0 0 47 220 255 45 218 255 93
    228 18 255 191 138 0 176 10 14 235 0 64 255 255 255 76 239 0 254 79
    20 0 3 108 255 219 69 227 158 36 0 255 102 14 22 248 255 65 0 115 0
    97 134 0 0 17 131 135 0 255 255 34 118 0 199 27 8 109 0 0 143 126 0
    104 255 76 0 156 111 207 140 0 202 97 255 156 204 255 0 200 0 0 25
    50 255 101 191 0 0 177 74 255 144 187 255 237 158 167 0 100 9 193 71
    117 85 0 255 250 214 254 48 231 0 60 202 0 31 93 136 118 255 0 250
    44 255 34 255 255 255 66 225 148 71 255 0 39 255 198 0 192 0 184 4
    22 77 54 49 16 34 53 208 44 96 255 0 91 140 127 194 142 255 184 89
    255 132 146 14 52 255 139 116 255 85 0 74 255 217 213 112 81 161 87
    157 85 255 254 110 255 107 0 0 255 255 214 128 255 0 0 108 128 35 0
    208 36 0 231 0 201 220 255 255 0 255 0 123 230 71 0 131 13 0 215 15
    31 255 34 180 24 0 51 255 255 87 242 0 166 176 255 34 0 70 251 228
    255 0 37 113 0 30 102 0 0 236 0 32 198 0 247 66 74 244 255 170 135
    243 0 151 172 0 4 255 52 0 30 221 255 91 249 255 201 204 0 0 255 217
    0 42 255 0 0 222 255 221 86 203 200 168 255 205 0 71 71 255 148 10
    255 219 17 83 0 255 255 35 104 205 255 51 167 119 255 235 87 0 6 255
    255 0 44 26 0 103 84 250 255 0 198 0 150 0 73 0 0 152 255 24 0 255 0
    136 70 47 128 255 47 255 40 221 255 230 0 142 0 215 0 0 183 241 123
    231 75 0 0 250 255 22 63 193 125 126 255 255 24 68 146 162 219 0 48
    15 50 95 0 187 255 255 104 251 0 0 115 231 198 98 147 202 140 50 89
    132 61 39 255 147 255 92 60 145 255 0 122 0 74 225 0 255 255 171 255
    0 106 189 0 233 0 255 255 216 18 158 6 172 71 94 131 142 29 255 99 0
    255 200 4 0 155 255 255 0 240 106 42 255 163 249 255 255 0 129 66 56
    216 61 255 253 144 150 0 255 149 255 145 129 0 0 255 247 215 197 142
    255 0 255 103 59 69 0 182 14 0 155 54 255 29 196 196 255 217 0 59 38
    8 26 255 0 255 128 0 43 0 114 255 151 79 0 211 0 192 0 255 28 223 43
    77 0 255 244 28 149 255 111 47 139 213 66 255 151 0 251 44 0 128 91
    50 0 251 139 132 140 0 255 255 255 234 241 205 102 0 0 0 138 255 228
    255 133 255 255 177 154 7 255 196 143 171 80 123 136 255 255 19 198
    28 96 0 33 255 35 252 0 69 208 0 0 0 186 134 41 179 0 61 22 50 0 55
    100 235 175 79 163 0 154 9 188 255 115 118 0 0 99 0 248 173 134 212
    91 220 243 0 215 255 148 186 255 100 23 65 181 255 31 0 247 12 52
    255 218 105 255 255 255 30 0 255 60 14 0 255 222 43 103 255 181 1 0
    185 2 0 198 255 78 0 226 210 75 199 45 0 79 99 153 85 237 219 102
    214 138 251 89 44 255 255 255 210 119 184 253 0 0 100 103 90 0 0 255
    161 0 191 139 0 0 239 19 5 43 55 255 180 118 29 238 255 254 205 126
    173 0 6 0 0 71 0 255 236 108 0 0 122 0 0 171 255 69 31 0 106 251 0
    255 255 255 62 56 83 211 255 172 255 18 255 255 210 255 0 255 39 20
    213 0 0 255 0 0 233 255 220 0 152 255 231 120 213 126 255 147 255
    224 53 169 0 255 0 187 0 249 35 255 78 218 63 99 38 255 255 0 255 8
    0 0 0 150 255 255 133 255 209 255 0 143 0 166 139 0 175 255 250 0
    145 252 131 168 61 153 217 0 36 255 0 0 192 0 10 0 0 212 164 53 0
    123 0 255 201 240 3 255 5 241 230 249 0 255 175 68 232 61 133 22 185
    197 255 0 35 0 82 213 0 0 255 182 0 0 137 121 196 112 211 219 0 213
    55 175 139 92 255 0 0 96 17 0 110 0 123 0 53 0 0 50 133 70 71 219
    215 245 157 155 50 255 255 166 9 143 255 176 249 140 253 0 255 168
    43 10 255 124 147 210 121 155 255 254 85 70 94 156 0 255 79 193 142
    0 241 215 255 89 255 218 0 0 255 86 255 190 255 255 255 57 147 180
    154 63 86 255 0 0 35 223 147 150 138 117 142 77 130 157 231 211 136
    231 0 79 235 115 255 255 86 0 255 255 216 0 220 0 0 0 115 0 9 168 0
    177 54 0 21 0 255 0 64 250 0 131 180 0 0 164 207 255 1 255 107 210
    144 255 87 255 153 0 37 234 78 181 43 22 35 51 191 0 255 0 255 0 0 0
    113 58 65 225 255 149 211 255 105 1 255 44 255 255 0 221 187 213 0
    138 255 255 190 255 0 60 32 214 0 94 189 51 114 28 0 48 53 185 0 0 0
    80 79 52 255 67 60 137 209 181 255 0 39 84 163 77 255 187 216 94 39
    187 255 80 200 18 11 3 106 255 106 63 134 79 0 0 0 86 155 145 0 255
    0 255 0 169 255 255 90 209 158 36 0 83 173 255 255 0 32 180 55 85
    189 31 208 255 255 185 0 176 159 255 255 127 156 9 233 26 37 183 0
    174 3 255 255 239 177 36 255 0 55 160 0 255 101 245 161 44 154 255
    97 29 255 228 29 208 59 182 255 123 0 255 235 0 204 251 255 255 17
    109 228 20 129 0 85 255 159 200 255 255 171 0 0 141 255 33 0 34 86
    90 81 0 100 68 0 12 194 17 153 147 66 37 255 0 255 0 255 238 255 255
    169 196 255 107 0 36 165 0 0 205 236 160 0 252 255 48 188 97 255 235
    247 0 84 91 98 0 220 152 0 221 62 149 182 172 210 31 64 255 255 169
    255 255 186 233 0 144 55 241 255 93 0 196 107 124 0 0 72 0 233 255
    242 37 255 75 255 0 0 20 49 116 119 161 170 207 255 255 143 0 0 255
    6 140 138 35 255 255 198 96 255 156 50 77 0 11 106 12 63 21 176 52
    222 192 255 0 212 121 29 255 29 6 109 114 255 104 11 255 223 0 85
    251 0 75 255 0 49 0 0 0</data></your_img>
</opencv_storage>
