<?xml version="1.0"?>
<opencv_storage>
<filter_type>2</filter_type>
<only_luma>0</only_luma>
<r1>1</r1>
<r2>5</r2>
<L2_diff>1.4142135623730951e+00</L2_diff>
<test_img type_id="opencv-matrix">
  <rows>128</rows>
  <cols>256</cols>
  <dt>"3u"</dt>
  <data>
    92 249 151 82 55 1 212 85 18 254 96 59 66 132 179 29 141 90 251 74
    77 83 86 31 152 24 63 252 0 33 197 172 240 222 17 15 179 68 131 132
    49 243 91 79 9 109 50 122 70 119 78 32 12 214 233 59 211 3 49 49 83
    28 107 115 10 222 67 126 215 225 230 241 12 250 180 18 168 248 75
    203 146 162 156 85 239 190 14 34 127 210 63 224 187 13 45 103 175 52
    140 214 36 237 247 124 243 33 77 206 149 107 32 31 129 160 151 90 72
    69 236 194 169 222 150 32 70 52 156 222 44 86 37 231 235 210 122 36
    70 133 87 92 103 75 143 51 101 109 166 29 52 234 168 122 111 211 183
    60 62 49 53 125 250 3 66 223 255 93 14 228 110 132 41 121 31 25 14
    206 152 48 99 44 118 91 227 20 69 73 85 186 84 248 230 54 86 241 106
    168 2 8 233 216 88 99 2 35 118 94 130 207 251 77 156 54 173 201 65
    182 229 184 23 254 4 164 133 34 106 217 7 59 71 127 242 169 41 166
    104 190 83 88 60 41 161 18 149 207 168 168 162 119 154 94 55 158 183
    114 168 131 161 16 103 101 207 177 191 96 202 242 133 149 191 66 167
    113 121 65 88 37 133 134 193 89 202 110 134 111 142 37 216 162 26 58
    15 45 151 9 96 192 93 173 80 119 251 103 161 88 196 211 252 19 102
    96 243 224 21 22 69 132 32 116 139 131 209 150 126 37 223 97 67 128
    121 250 183 83 190 156 52 195 187 142 156 236 157 49 160 206 120 231
    134 56 29 204 174 95 112 223 182 223 36 17 230 78 106 36 106 254 227
    211 210 238 176 225 191 223 107 64 173 227 153 46 252 63 26 51 78
    146 249 49 67 246 19 58 26 173 246 175 246 136 75 70 21 5 23 164 73
    230 50 44 236 39 33 108 239 19 172 169 0 25 26 5 77 176 56 22 160 53
    74 202 150 99 143 225 84 224 48 217 78 1 16 210 107 87 240 25 167 79
    58 236 100 242 84 66 207 30 189 220 120 248 144 31 121 250 85 135 82
    213 155 131 93 216 255 217 141 247 44 75 105 6 150 170 17 8 20 67
    202 118 129 119 150 197 192 232 7 188 189 7 44 110 141 156 143 10
    119 147 175 124 188 132 105 97 165 217 160 223 175 166 132 182 199
    97 144 211 129 121 106 162 36 227 12 49 39 40 179 73 183 71 176 2
    166 96 31 124 97 104 15 151 40 184 51 252 233 253 144 126 205 146
    194 44 162 207 141 49 190 85 27 251 162 121 9 187 67 14 199 202 36
    245 38 6 169 138 209 70 13 9 93 170 204 232 1 185 138 75 130 134 245
    249 170 158 218 9 18 175 31 156 6 7 237 232 7 242 216 228 133 116
    170 15 150 208 93 234 191 41 111 35 73 104 194 144 92 196 63 90 119
    108 113 46 123 96 45 254 194 182 99 141 139 14 203 245 183 237 222
    229 76 160 5 231 12 136 210 36 133 155 208 213 12 148 186 71 47 116
    213 210 236 56 100 45 222 121 116 246 10 241 83 229 117 36 242 91
    117 197 187 106 13 77 166 17 76 94 254 245 93 140 56 224 191 198 235
    49 26 237 128 235 227 21 137 200 101 217 13 8 120 1 238 197 208 223
    52 106 177 193 189 236 213 136 221 42 63 41 143 66 31 51 157 78 38
    39 21 186 27 250 140 49 45 199 81 221 233 5 88 17 205 91 174 186 27
    110 148 248 29 224 12 18 127 79 92 223 57 41 27 22 94 98 160 147 216
    250 223 36 80 65 17 153 132 153 96 93 228 168 14 61 134 120 139 216
    19 217 61 25 153 142 6 141 65 231 135 115 218 112 125 123 175 249 56
    187 206 134 153 202 97 123 96 187 139 57 209 186 48 221 85 188 98 37
    221 51 25 44 216 101 174 119 241 215 29 153 75 55 10 150 180 252 183
    167 40 135 180 213 136 131 205 206 89 136 152 123 123 10 33 95 63 88
    119 178 140 95 138 59 95 173 222 166 92 77 220 141 231 162 250 135
    16 61 51 165 185 11 106 79 231 138 102 215 51 39 148 85 31 237 95
    129 193 246 15 220 232 60 0 244 43 13 14 50 36 202 213 53 253 210
    235 150 37 133 69 80 67 85 169 51 196 118 234 177 233 68 107 235 175
    252 180 7 18 193 36 230 3 190 0 47 60 44 108 169 201 73 173 163 222
    90 15 237 30 205 23 62 177 47 132 17 129 190 96 62 140 184 46 196
    245 131 34 2 191 188 233 253 157 51 50 204 187 8 200 37 169 217 56
    233 231 254 158 133 25 28 203 25 189 224 134 49 145 187 184 14 230
    140 114 69 248 167 214 141 61 162 183 102 205 254 119 149 27 143 71
    238 63 73 185 235 227 139 33 210 158 28 219 103 61 191 70 177 53 10
    113 213 83 83 80 148 134 181 195 147 26 115 164 128 50 187 159 177
    178 207 174 179 83 171 50 216 251 160 230 73 227 248 174 170 42 58
    156 196 215 71 114 190 65 250 207 86 240 198 147 24 148 142 243 228
    96 12 232 175 98 62 126 133 250 175 192 253 233 231 141 109 43 169
    162 232 166 213 151 177 101 184 254 236 253 82 84 168 227 133 119
    153 35 98 138 181 219 39 202 62 234 65 63 72 203 115 111 110 77 50
    38 215 85 14 252 144 175 180 240 210 215 207 239 222 71 173 52 173
    98 190 185 103 170 64 245 83 234 227 1 30 159 197 54 255 19 120 202
    237 102 74 129 130 33 95 131 30 172 10 152 222 2 193 251 219 242 183
    209 58 126 32 52 240 124 185 165 210 19 44 166 255 181 197 122 76
    145 255 179 110 255 237 181 149 170 177 63 57 228 254 52 216 215 1
    68 194 2 23 240 112 193 167 38 152 155 189 101 146 241 119 252 116
    197 177 132 190 71 172 218 202 89 232 98 99 170 143 84 76 133 199 18
    26 182 11 164 131 26 125 2 224 168 116 135 47 8 103 249 139 12 28
    165 51 207 0 252 236 222 209 45 163 39 219 99 179 61 111 124 244 169
    22 217 209 146 82 234 94 68 243 129 224 8 77 237 31 208 148 188 146
    128 10 16 231 86 238 122 94 223 81 51 18 104 235 41 24 12 163 234
    231 46 154 154 163 54 138 224 143 208 143 40 102 240 51 232 28 51
    110 72 152 162 33 7 152 210 213 210 124 91 29 7 11 223 125 17 9 43
    199 238 42 110 153 185 184 156 122 73 121 222 167 206 38 117 159 60
    68 16 72 117 215 106 160 142 67 43 57 160 198 81 194 117 179 209 79
    74 151 209 116 58 112 78 214 153 199 4 244 232 3 216 135 1 236 171
    122 138 129 245 214 201 89 154 94 236 75 170 3 201 46 212 170 186
    112 102 249 228 46 6 239 206 254 84 22 120 202 86 234 22 47 224 224
    4 115 159 68 241 229 193 95 160 163 89 10 197 208 2 179 69 189 92 87
    227 32 99 96 216 138 43 110 251 217 4 237 165 10 23 90 129 156 118
    202 224 160 67 154 225 241 79 137 246 43 160 91 186 75 243 43 184
    189 105 249 108 36 102 189 133 97 131 110 228 22 61 175 119 180 131
    101 167 163 38 65 9 179 85 237 154 9 250 111 93 183 134 132 202 19
    165 234 242 53 83 16 7 182 52 107 84 120 1 54 17 203 56 18 125 77 77
    82 161 229 106 87 56 127 104 139 196 211 212 190 140 209 160 70 210
    192 210 221 26 6 248 82 126 98 141 175 248 99 19 38 208 62 175 128
    121 26 63 230 124 117 68 158 24 175 229 144 212 160 16 108 124 166
    134 39 140 82 243 30 46 152 53 101 158 29 71 207 240 60 66 85 194
    104 55 58 230 100 24 190 160 250 6 185 138 93 232 82 124 152 162 129
    184 138 59 232 18 48 246 249 149 5 214 29 174 57 148 152 107 67 217
    38 144 98 217 92 111 161 183 152 60 208 244 150 1 11 243 132 106 91
    97 110 12 238 41 166 176 149 175 84 22 172 48 45 216 75 252 145 155
    213 41 91 24 216 242 3 111 210 92 215 247 96 38 164 170 141 159 54
    135 25 8 2 233 75 97 123 156 107 119 218 78 86 80 202 51 81 143 153
    164 208 188 147 191 110 84 151 52 175 100 104 164 55 59 20 77 251
    107 167 79 248 247 207 224 79 129 74 200 117 188 92 215 169 96 133
    193 79 75 5 118 107 158 110 116 25 235 92 106 182 215 154 154 224 40
    102 184 163 129 216 90 114 185 132 200 119 144 12 148 137 227 22 60
    172 178 42 121 6 140 92 17 181 39 189 50 54 128 31 80 193 178 77 94
    126 249 90 254 177 23 126 239 102 124 76 97 159 193 111 182 48 61
    185 100 135 99 159 209 26 124 156 123 193 54 199 221 24 250 81 157
    206 243 226 123 93 142 102 195 153 15 21 228 185 130 253 217 194 134
    40 206 240 217 211 166 167 161 136 91 84 111 185 155 235 219 186 233
    232 170 47 194 132 73 179 182 148 45 57 44 206 239 114 31 98 95 206
    107 151 193 143 140 203 146 46 106 58 78 217 120 3 229 250 152 33
    139 74 185 18 33 47 218 131 88 189 6 42 204 112 0 152 80 59 152 166
    79 81 248 12 118 115 34 181 129 233 156 44 114 59 211 142 189 247
    112 91 220 25 150 234 196 42 173 11 103 246 4 182 150 26 39 126 51
    236 58 152 45 17 135 190 248 216 156 18 71 103 210 191 195 11 174 32
    168 49 89 28 111 155 184 177 91 108 32 57 81 68 231 67 55 140 200
    149 131 153 112 115 64 6 64 78 150 168 156 202 241 253 27 152 171 12
    21 127 108 103 78 116 214 169 222 107 215 36 211 222 116 255 1 29 99
    142 125 253 13 247 117 131 105 19 41 27 83 49 110 240 169 138 36 167
    132 13 202 105 36 92 175 26 39 116 237 206 67 27 171 96 161 62 96 88
    53 103 87 107 158 165 17 18 49 210 181 193 176 186 247 36 47 117 7
    108 245 228 5 157 184 169 210 130 48 96 105 48 191 202 252 78 78 218
    58 244 57 36 131 226 173 241 253 158 193 120 155 87 171 186 113 213
    208 185 170 62 134 184 177 129 128 239 11 65 171 34 90 150 204 38 22
    42 231 243 222 243 87 189 176 181 228 104 5 63 30 121 18 238 127 45
    14 141 241 187 67 31 141 51 107 171 87 230 35 141 9 240 29 3 239 148
    19 6 114 4 51 1 231 187 168 84 89 100 68 150 200 194 121 141 253 105
    4 222 70 247 156 23 100 250 70 33 56 92 28 85 24 66 210 92 46 105 54
    198 122 145 33 149 187 166 205 139 49 70 37 190 33 136 58 29 6 69
    112 247 210 244 229 253 108 205 72 120 53 109 18 254 134 18 163 185
    219 77 227 165 115 172 229 102 8 124 211 79 180 233 249 144 29 97
    216 127 31 2 187 54 0 88 186 126 64 39 98 224 162 46 167 220 80 29 5
    137 207 172 49 225 192 174 148 149 65 245 2 51 74 202 1 7 242 3 250
    160 146 53 164 104 84 157 41 210 18 158 156 202 169 124 121 157 169
    29 5 76 48 50 247 143 71 77 152 91 236 151 233 209 255 107 198 228
    212 25 211 18 62 220 64 248 173 190 55 29 31 167 57 40 244 192 215
    34 46 181 25 207 75 129 45 80 229 60 16 253 106 223 73 76 8 28 197
    44 113 164 124 233 101 40 175 109 64 50 188 176 44 142 229 118 22
    165 40 179 20 199 35 27 6 63 10 241 101 41 145 205 197 72 70 28 13
    141 181 208 61 160 65 198 114 103 238 112 137 202 159 64 237 206 202
    78 202 136 239 68 190 112 95 249 141 255 238 183 176 182 174 9 107
    69 38 25 231 189 15 143 107 13 74 73 94 147 36 0 64 254 158 193 81
    38 108 158 128 201 187 164 6 94 98 62 98 179 108 13 66 165 58 225 76
    155 117 34 161 9 195 133 2 26 97 30 39 218 13 149 94 49 246 194 20
    155 97 153 158 144 195 3 196 72 47 2 87 6 223 42 95 61 177 197 82
    206 155 143 193 107 194 210 80 87 5 115 229 224 9 88 88 255 63 226
    203 95 70 2 147 67 38 100 190 57 2 193 11 153 74 13 150 45 248 106
    159 88 32 188 212 219 100 26 224 124 141 56 190 190 137 193 23 255
    189 11 116 56 104 185 243 7 214 219 142 39 7 108 248 59 179 29 144
    237 250 227 81 244 232 4 65 103 151 188 115 15 154 80 189 113 44 166
    114 188 100 17 221 165 1 20 182 214 117 101 239 81 211 194 150 231
    36 105 156 2 215 107 52 55 194 134 49 66 78 189 82 12 100 237 210
    224 108 38 154 177 19 69 121 123 156 90 89 204 159 235 167 109 9 218
    247 2 92 210 140 193 245 162 94 236 227 116 178 2 120 142 63 175 226
    132 185 190 72 141 49 127 252 78 61 95 29 9 76 121 149 139 252 214
    73 196 34 55 101 200 180 111 252 55 225 164 174 110 201 220 62 158
    96 242 161 246 83 172 34 130 80 200 149 61 242 146 50 158 49 173 19
    146 234 224 53 1 71 130 82 121 99 10 64 126 80 169 135 158 202 217
    227 76 161 76 144 0 24 6 116 241 230 114 87 13 218 157 151 87 130
    125 141 35 50 190 254 66 29 163 72 130 254 244 4 171 55 108 200 113
    222 164 13 131 217 159 66 118 64 212 231 111 128 221 144 180 246 113
    85 2 178 161 11 45 73 129 13 127 200 179 43 228 136 232 167 73 129
    130 54 166 31 226 196 239 90 200 241 207 200 186 148 6 219 90 232 70
    166 243 124 42 29 93 183 5 91 107 130 77 24 111 140 15 5 40 132 204
    100 100 242 216 81 66 57 145 0 115 49 109 133 235 58 61 4 147 255
    100 129 135 50 17 110 198 15 233 167 127 25 170 204 142 118 149 183
    73 1 25 124 130 135 118 63 125 132 93 18 210 162 95 170 100 225 117
    155 189 78 151 165 226 218 159 10 104 135 21 170 142 255 25 21 210
    221 184 249 85 73 37 90 80 168 228 70 56 244 31 117 240 66 56 141 35
    98 185 176 177 214 191 47 250 46 115 6 111 46 126 185 175 235 116 6
    162 12 167 179 235 1 138 176 7 68 45 19 101 197 253 113 104 94 179
    21 215 248 165 160 100 0 171 15 247 63 57 82 44 142 243 110 149 99
    14 114 105 237 84 74 61 15 146 82 8 221 176 213 246 170 108 51 238
    14 30 58 142 160 98 83 228 177 62 177 249 79 54 35 15 10 52 243 12
    135 194 195 27 140 157 167 125 213 207 217 58 206 250 37 127 193 9
    61 41 11 75 243 16 219 134 56 7 175 216 176 140 46 176 197 196 168
    211 154 150 3 120 14 87 135 32 194 1 199 12 206 65 189 243 170 47
    237 131 66 76 228 55 42 241 148 172 82 170 157 150 64 98 143 220 145
    158 102 208 117 200 228 38 16 23 87 117 43 90 249 149 217 146 250
    147 54 89 105 155 72 192 102 163 73 228 203 198 160 37 170 33 125 22
    89 32 59 98 149 120 135 247 181 238 216 114 252 216 92 103 233 132
    236 230 36 214 53 78 181 151 180 82 7 113 27 11 174 140 180 244 87
    30 12 155 200 83 233 106 44 191 21 93 170 253 71 31 52 196 2 135 150
    66 29 31 216 183 186 189 46 195 183 58 63 70 246 171 123 170 58 127
    253 97 62 107 178 0 248 0 185 217 193 245 78 138 60 94 191 53 92 159
    205 241 197 127 107 130 57 62 146 222 234 231 69 70 132 85 213 97 55
    130 8 130 87 63 24 17 242 142 242 103 101 228 226 138 84 178 215 156
    27 164 189 83 146 164 155 190 191 86 219 227 238 57 244 210 118 52
    120 94 114 130 150 50 104 5 253 19 11 195 159 230 170 239 193 133 32
    250 187 195 230 35 167 102 71 234 209 8 102 241 208 88 3 106 43 134
    192 180 142 92 202 150 212 202 235 43 21 72 11 195 84 60 19 59 88 16
    228 180 120 238 43 194 160 114 225 49 51 253 204 19 209 93 216 243
    142 249 93 212 3 165 149 137 41 58 85 144 131 41 84 38 70 149 138
    182 125 236 136 106 55 7 148 24 41 147 106 170 135 23 255 229 253
    144 138 217 110 146 198 186 4 92 104 130 35 193 195 173 164 119 104
    107 232 193 53 146 58 23 86 96 232 157 102 131 5 36 150 202 65 73
    114 46 194 155 61 198 163 82 108 3 29 8 138 4 44 81 252 168 77 7 122
    203 28 86 104 43 235 201 148 33 18 151 210 92 235 80 164 206 67 8
    142 137 99 148 157 5 11 188 74 26 34 165 202 225 14 130 163 220 189
    182 20 70 249 65 242 165 247 73 54 227 96 47 110 251 170 211 148 243
    236 1 82 204 33 212 58 183 97 21 150 218 167 180 174 128 188 39 192
    167 33 93 236 64 248 21 10 119 49 209 224 115 187 93 44 222 29 118
    94 127 206 209 242 129 254 231 211 167 51 178 131 38 208 133 90 84
    17 200 209 224 52 248 139 238 114 178 66 193 162 183 253 152 97 73
    51 244 79 12 156 250 68 46 26 159 240 83 171 140 49 217 127 130 208
    60 116 253 122 250 202 207 86 83 152 102 90 153 215 133 109 195 92
    235 167 201 207 66 186 153 110 67 154 197 84 173 62 29 4 160 196 40
    207 193 231 254 66 50 122 246 250 29 163 39 226 65 128 32 89 206 138
    43 112 198 163 128 71 80 236 219 20 26 126 0 202 34 50 105 97 194
    153 191 134 184 14 38 129 108 181 32 37 207 178 64 220 64 234 158 76
    218 28 33 238 50 90 102 175 45 230 25 248 46 250 47 156 35 21 136
    185 246 130 143 146 90 4 180 119 103 74 252 26 218 196 13 42 31 21
    123 179 145 144 98 255 217 101 124 209 149 157 76 138 37 40 190 242
    118 87 43 68 53 94 242 45 215 10 12 79 21 189 32 222 221 190 56 131
    204 162 208 249 153 182 142 160 173 69 23 144 227 161 31 250 214 84
    110 75 189 165 84 192 231 31 15 106 210 51 72 90 221 37 99 10 136 62
    115 128 105 168 57 195 187 161 199 146 43 212 172 161 69 167 183 147
    80 173 158 105 131 50 39 51 237 128 185 228 160 83 8 48 73 123 214
    138 127 1 153 155 227 83 113 44 43 208 157 179 7 141 88 25 67 146
    229 102 214 174 152 203 90 118 5 186 58 192 143 118 59 74 157 107
    197 84 87 231 242 131 7 236 144 159 53 233 156 164 30 130 23 115 75
    47 53 73 181 215 22 250 81 18 216 78 129 23 249 143 118 165 5 1 97
    13 220 204 221 193 161 93 0 240 84 202 214 66 237 42 10 192 251 244
    34 216 47 9 25 34 98 234 175 159 20 192 177 3 233 49 255 33 90 42 49
    8 210 24 106 18 128 214 93 83 71 56 249 102 234 51 208 88 212 114
    166 214 43 40 52 185 236 151 77 194 158 149 116 79 157 57 183 206
    129 148 31 129 234 94 221 141 187 195 38 175 157 138 203 177 12 13
    10 135 160 90 205 171 155 150 100 240 217 76 234 40 34 227 98 63 68
    33 190 180 140 22 126 227 104 246 93 129 242 81 40 164 85 216 68 25
    35 7 116 208 168 195 104 197 172 160 61 234 106 41 77 229 148 79 67
    144 154 222 46 126 124 45 181 145 215 96 139 141 107 133 25 24 14
    169 46 214 102 181 3 171 25 196 23 97 200 67 192 27 50 14 24 60 171
    4 165 175 153 126 155 181 15 119 2 68 193 13 240 32 204 102 36 187
    28 157 81 111 9 145 79 104 180 197 91 173 120 61 125 175 221 162 77
    82 229 154 147 19 171 50 213 30 162 242 252 217 206 75 122 25 174
    164 44 85 48 129 244 198 88 242 234 240 186 159 123 233 15 109 254
    85 19 162 55 1 71 114 234 45 242 29 1 94 158 62 180 21 211 231 75 97
    168 163 150 177 118 252 221 149 237 101 141 208 112 202 151 18 153
    214 3 137 163 51 210 239 53 178 40 202 154 120 27 190 225 190 165
    174 238 38 3 149 145 94 27 216 205 183 210 84 246 122 82 114 87 18
    145 65 11 146 7 228 67 187 15 174 45 5 165 188 97 241 79 182 101 131
    69 31 253 198 44 249 96 178 73 59 240 42 29 168 64 144 76 35 80 68
    140 31 94 132 208 235 146 55 15 155 122 5 176 242 85 135 97 172 213
    196 102 4 30 57 182 89 217 122 219 27 92 117 122 193 100 174 210 6
    150 5 230 67 74 3 173 81 45 100 21 218 30 37 218 88 218 197 188 218
    136 92 178 194 15 62 85 238 113 56 210 208 183 126 246 182 89 19 42
    186 173 68 115 55 225 112 41 241 35 209 105 103 55 144 123 63 205 4
    106 109 175 226 1 74 232 83 231 89 194 37 88 166 146 219 247 39 84
    158 212 131 115 173 246 220 50 221 217 157 44 168 160 32 176 185 53
    3 244 7 220 56 225 130 212 167 163 91 108 33 98 10 136 77 51 141 219
    65 134 57 234 236 135 16 60 13 76 107 179 125 226 11 10 96 142 204
    127 249 175 106 44 111 249 108 0 64 5 27 62 31 161 63 43 249 213 165
    54 52 0 113 78 69 77 72 101 12 152 192 18 77 179 125 163 244 255 97
    201 105 156 101 191 21 132 148 190 101 27 166 115 46 49 191 15 245
    66 244 167 91 122 255 230 129 47 143 185 207 110 182 39 34 9 220 154
    239 17 1 122 62 161 246 181 66 133 142 176 223 180 203 110 47 22 254
    80 13 209 130 213 220 100 177 70 232 156 30 30 199 51 133 165 246 23
    104 157 149 23 97 61 140 91 56 176 244 248 147 16 67 80 252 45 159
    127 117 23 217 73 170 247 25 112 92 2 61 86 71 149 164 23 112 190 65
    106 163 11 180 7 36 125 175 25 248 34 148 145 10 163 63 237 10 202
    42 61 200 38 84 62 188 116 209 128 188 55 8 31 208 175 14 184 37 243
    215 192 149 155 13 108 30 166 94 216 11 7 26 104 91 203 67 87 15 32
    162 56 8 86 11 169 45 137 153 31 74 153 11 154 202 42 150 8 215 42
    129 53 33 107 217 229 70 83 237 151 241 219 150 227 68 81 149 102
    230 247 176 124 37 174 219 131 99 108 242 70 165 251 156 153 141 13
    218 191 89 43 107 84 125 218 228 90 233 152 14 60 63 73 47 175 107
    60 234 105 140 236 185 232 158 133 230 58 30 15 61 70 34 24 187 92
    44 162 30 30 4 143 169 232 115 68 31 216 198 3 156 170 90 133 219
    142 146 101 188 31 46 118 25 18 214 197 202 81 29 162 164 173 84 60
    147 191 5 83 35 77 253 62 125 172 216 158 80 15 3 199 255 196 195
    211 138 140 145 62 86 241 88 206 136 45 164 101 211 160 150 50 20 24
    145 152 56 31 245 143 62 54 96 237 174 51 151 111 219 73 230 2 1 175
    169 236 97 8 93 233 163 209 61 5 170 33 229 125 248 61 227 132 100
    120 244 11 70 107 148 3 39 13 26 203 90 67 44 10 62 246 223 11 128
    254 24 198 65 88 105 20 224 216 86 249 17 152 107 102 29 209 40 135
    133 53 235 1 28 136 174 143 145 122 52 188 14 132 118 210 2 3 166
    211 152 208 58 241 150 40 156 141 188 76 162 34 225 10 154 169 119
    61 46 249 181 164 83 170 101 236 35 210 252 126 216 195 253 62 91
    139 242 133 25 17 216 183 124 119 24 172 180 116 244 104 98 123 220
    97 166 133 56 201 33 61 164 202 132 186 77 52 49 157 39 165 247 86
    29 31 146 47 183 222 53 114 167 205 101 144 184 20 91 213 84 87 224
    115 79 245 25 245 185 39 176 243 20 238 114 144 228 5 202 249 182
    129 90 193 43 2 182 187 106 68 7 164 167 118 218 115 12 223 147 156
    255 172 84 65 1 100 204 126 190 127 65 210 167 221 172 133 188 192
    116 50 84 203 252 46 63 6 27 51 211 34 138 49 183 202 88 134 11 198
    239 240 162 69 240 9 103 78 210 74 117 30 133 93 57 178 83 65 172 30
    232 89 62 248 154 178 10 205 126 102 28 58 231 220 149 80 201 220
    122 119 232 124 202 137 104 52 43 161 52 139 42 44 201 78 148 107 67
    245 141 212 14 205 51 223 79 147 226 148 213 192 179 16 99 67 99 135
    95 48 127 58 204 79 87 235 194 180 50 113 106 240 214 87 134 136 57
    213 3 32 51 82 6 241 225 146 161 157 56 141 53 171 57 186 87 255 114
    150 126 152 59 44 202 86 51 239 101 49 44 105 50 243 163 26 95 176
    190 32 246 12 222 142 16 122 250 19 25 113 119 185 152 174 237 143
    165 59 15 117 194 7 214 135 101 17 158 93 175 182 122 108 206 30 74
    137 48 155 178 148 18 108 239 22 134 6 197 20 185 177 111 130 17 127
    194 82 200 9 104 174 202 162 81 132 113 114 250 37 102 4 41 120 45
    164 59 152 153 77 106 118 152 171 111 160 21 201 244 96 154 225 17
    227 144 130 220 219 108 85 188 90 7 41 44 219 122 57 77 220 43 121
    205 161 152 184 24 23 124 27 169 192 176 177 37 230 166 135 83 134
    239 254 191 157 69 144 41 48 241 95 94 230 9 35 205 193 164 80 43 29
    207 72 43 88 39 20 19 190 209 161 162 224 234 176 174 173 212 146
    168 106 218 244 245 133 129 149 95 50 152 42 51 51 200 131 185 181
    121 188 19 55 89 222 167 18 58 220 218 202 49 70 20 4 153 240 180
    130 139 55 184 133 154 146 161 72 228 217 146 23 202 48 138 123 59
    31 214 12 95 127 194 157 160 82 174 205 137 149 30 97 222 159 48 235
    162 197 136 195 39 181 180 254 73 18 83 239 90 18 70 168 67 65 15 72
    190 1 128 81 71 42 79 115 126 75 242 156 248 234 123 232 42 171 238
    171 180 137 75 180 25 197 57 43 184 47 119 111 17 176 78 154 88 131
    111 173 16 153 112 14 104 35 182 238 163 65 103 71 215 38 3 175 5 95
    75 42 78 8 162 176 2 250 191 83 85 62 245 164 41 5 209 72 40 123 54
    74 44 204 53 77 37 37 218 248 88 254 220 91 97 233 246 213 28 118
    217 151 184 157 139 7 223 148 250 236 199 44 142 219 86 34 165 65
    171 177 204 4 251 75 113 249 38 133 59 110 121 106 14 217 2 232 104
    228 190 139 203 88 93 30 62 128 116 82 41 239 216 2 104 121 2 228 60
    210 102 128 198 68 48 129 97 168 184 239 69 214 121 171 255 75 16 76
    220 17 16 168 167 101 111 150 204 187 187 99 15 100 10 232 76 69 129
    157 58 158 144 179 37 215 216 169 201 69 231 245 88 147 48 148 23
    184 253 3 237 213 118 107 148 201 144 104 215 214 61 119 195 176 206
    30 24 191 12 254 245 154 45 63 29 13 91 139 234 140 7 55 42 181 130
    246 76 66 221 167 1 164 7 255 168 179 191 225 252 136 157 225 102
    105 14 109 190 9 53 112 68 210 89 196 142 172 93 115 79 73 189 128
    239 185 14 61 190 239 34 219 202 57 11 93 132 122 255 182 230 190 17
    83 87 53 147 151 214 124 87 146 230 197 87 40 17 170 120 150 150 60
    201 3 133 134 30 195 224 146 157 99 16 63 74 182 58 247 210 58 39 38
    228 153 179 130 78 162 162 115 228 218 14 105 230 231 120 7 86 104
    225 83 168 79 144 118 143 54 32 28 35 151 133 246 7 156 141 127 239
    65 166 219 175 196 127 29 154 206 29 84 105 180 144 244 31 91 212
    242 53 73 82 253 140 51 11 255 164 151 121 144 197 88 18 211 106 55
    160 147 79 49 116 217 79 61 52 167 147 89 15 45 174 90 142 199 200
    228 138 18 73 136 179 145 247 154 169 114 57 146 160 9 115 115 9 28
    99 235 166 154 225 147 25 136 186 200 134 39 121 63 164 196 164 161
    17 48 100 138 62 24 111 15 47 63 44 30 162 22 178 109 25 222 213 198
    42 7 197 195 90 240 157 11 175 137 27 156 10 239 166 52 241 136 205
    183 111 77 90 8 176 146 6 136 88 87 101 124 200 125 76 79 126 59 122
    218 70 201 175 206 248 112 202 57 229 201 13 97 144 222 2 223 38 197
    187 117 19 101 47 99 125 89 200 237 213 78 96 66 79 106 63 123 214
    111 101 72 162 19 100 91 164 155 146 80 105 20 230 93 33 97 218 176
    2 178 68 150 85 18 131 217 206 87 216 155 54 237 6 191 180 81 107
    107 112 207 83 231 126 250 56 103 255 250 108 166 149 44 44 214 45
    37 5 101 173 173 86 125 31 175 21 34 72 213 189 81 252 158 170 248
    204 205 109 65 45 202 54 59 118 223 216 24 220 25 89 94 14 86 183
    185 6 116 96 64 145 113 52 226 180 227 19 199 119 81 124 188 38 195
    177 133 235 107 138 132 179 103 158 109 225 47 222 247 163 122 221
    197 82 113 141 103 16 176 102 209 70 186 115 28 148 172 215 79 185
    33 45 122 96 144 193 11 203 188 126 78 250 77 81 61 55 240 248 130
    107 153 157 3 210 245 210 254 2 98 125 123 183 16 102 85 186 118 60
    171 157 150 220 204 70 146 140 29 47 52 241 25 145 181 210 198 156
    65 73 128 194 62 109 93 204 52 174 195 203 234 5 252 166 227 189 79
    230 56 178 86 26 222 228 108 137 217 76 239 246 39 112 187 214 100
    109 191 48 194 177 158 138 133 123 244 166 20 81 120 213 50 21 224
    211 177 147 66 101 144 194 187 81 67 219 52 145 237 154 154 73 218
    220 21 239 31 238 72 156 9 171 104 216 113 130 255 84 150 198 22 133
    253 85 6 131 91 55 210 83 27 239 17 216 215 46 24 177 9 217 126 229
    49 60 213 209 43 2 54 207 165 61 2 247 0 216 119 80 213 196 189 148
    50 21 251 72 225 212 139 42 89 162 237 94 147 193 57 240 56 31 88 31
    221 78 63 37 177 172 192 142 77 191 252 49 242 63 59 232 80 79 18 89
    127 239 69 117 195 66 250 238 53 206 77 229 201 41 145 10 122 131
    167 107 15 143 168 145 211 82 254 4 170 48 35 227 101 65 223 41 159
    241 31 197 180 146 107 180 57 24 99 223 158 223 56 233 114 37 52 11
    79 100 187 35 136 194 106 31 109 147 132 69 35 29 123 250 180 81 26
    188 117 22 209 244 248 49 13 1 157 7 70 158 50 14 86 60 203 235 162
    42 52 5 4 149 11 179 79 49 28 10 144 7 60 164 62 204 130 7 15 198
    156 210 138 27 177 39 82 119 195 77 211 197 114 148 5 240 81 145 131
    64 52 214 5 138 37 232 107 251 201 52 240 11 145 148 17 5 137 136
    102 18 144 153 111 181 62 146 6 155 215 185 2 86 170 39 55 4 159 58
    188 68 215 64 61 243 25 11 8 176 247 170 161 219 123 147 234 30 47
    83 114 52 102 83 46 97 254 112 5 63 182 148 167 205 74 17 245 252
    193 142 229 95 118 65 247 147 127 81 1 47 120 118 78 254 37 243 253
    219 231 200 168 113 45 170 118 196 228 179 188 119 249 204 143 138
    194 192 69 35 36 43 96 64 244 233 128 84 229 153 251 88 1 97 164 207
    119 242 119 219 103 37 23 178 86 213 137 185 48 28 191 9 63 33 25
    109 146 54 203 58 77 243 195 41 161 179 180 25 94 114 165 55 26 61
    192 117 13 127 127 96 144 96 127 97 106 221 84 178 192 45 146 84 223
    103 149 196 185 216 228 94 172 107 232 128 179 233 16 102 94 109 23
    239 183 71 81 195 92 119 203 229 162 87 38 230 238 19 23 49 171 242
    91 46 169 30 31 238 63 27 158 198 241 136 32 138 143 228 35 230 177
    242 236 43 51 175 214 105 104 252 72 216 144 66 176 240 199 139 204
    67 192 195 106 215 122 214 221 33 3 83 134 229 150 177 237 95 33 231
    114 141 239 206 3 44 62 216 39 47 219 2 31 178 22 20 240 252 42 112
    73 167 9 212 219 46 206 83 5 96 175 127 192 44 123 153 19 130 47 32
    201 193 170 160 1 75 73 215 242 132 234 201 112 22 229 140 255 95
    253 225 149 45 103 0 154 208 120 85 185 193 173 149 27 80 29 66 100
    245 233 90 77 6 194 138 122 46 32 241 76 80 207 3 51 104 173 158 70
    146 15 35 140 149 183 179 198 136 34 148 80 66 62 75 111 169 105 101
    2 125 238 85 116 32 126 171 145 112 90 41 125 30 12 105 48 98 32 139
    8 38 234 4 58 102 188 96 162 120 238 255 37 211 163 53 2 242 86 57
    178 54 126 143 250 101 125 135 83 118 1 157 79 191 160 188 208 80
    244 188 253 5 230 246 101 138 203 225 223 110 191 94 58 168 48 231
    112 233 27 203 194 207 29 141 43 120 53 224 224 36 252 50 16 97 167
    108 32 222 115 141 129 26 170 104 118 49 207 229 163 68 193 251 45
    86 14 62 54 85 23 185 33 119 84 197 47 217 249 91 95 88 171 240 45 1
    112 202 164 7 73 4 110 89 121 238 84 215 140 212 9 128 178 9 216 140
    208 112 39 91 44 1 239 155 250 214 2 199 11 57 251 141 97 130 144 37
    206 33 158 241 114 71 95 157 151 228 180 237 113 151 59 95 87 182 53
    103 158 19 95 81 246 116 68 58 126 244 89 39 158 5 147 198 98 53 245
    52 70 148 230 184 72 133 237 228 186 52 215 11 103 197 144 183 165
    244 210 143 82 16 118 241 194 82 146 22 220 106 156 175 130 151 118
    219 7 52 130 82 35 247 190 253 187 192 167 204 225 171 42 106 245
    232 246 176 167 120 250 120 109 78 37 187 149 208 236 22 97 63 15
    220 0 20 53 37 73 10 52 188 175 67 14 222 106 85 77 23 33 33 120 93
    21 190 56 81 163 16 136 151 229 195 159 216 43 139 75 223 147 121
    106 169 138 17 226 246 233 37 220 182 61 184 1 67 8 85 166 104 36
    172 83 87 51 177 45 103 33 83 139 11 29 210 195 37 107 64 60 12 135
    242 55 110 61 20 16 116 189 222 88 62 217 26 171 38 63 127 237 189
    137 170 124 193 139 190 181 44 44 224 158 79 85 232 20 131 99 146
    202 6 204 182 255 7 67 244 119 214 185 39 100 208 88 103 198 173 48
    177 115 252 11 183 93 93 56 253 245 139 178 115 218 131 241 79 205
    17 68 152 26 188 131 140 235 11 241 124 47 193 29 56 10 44 152 62
    146 78 218 7 8 114 138 189 48 250 22 201 189 98 67 135 52 255 83 127
    153 217 239 37 35 145 164 124 222 243 244 70 254 169 96 12 231 187
    212 7 72 97 211 164 57 171 48 231 64 81 250 212 202 80 35 254 153
    128 220 245 64 84 112 180 118 135 34 39 174 107 191 54 170 162 227
    95 62 23 185 179 30 38 118 190 196 229 4 65 88 99 249 146 98 193 221
    32 77 112 22 32 163 32 32 73 24 254 26 87 192 111 34 230 254 84 71
    35 176 227 83 208 106 203 217 62 244 201 70 55 129 204 219 216 124
    35 5 250 241 246 186 110 200 186 142 208 227 45 103 122 159 124 225
    171 105 158 211 19 209 202 10 247 95 169 131 71 107 250 148 91 84
    106 87 190 247 162 3 33 206 178 134 205 150 88 30 207 188 216 168
    183 194 217 133 183 37 147 71 39 87 42 197 246 193 92 147 188 139 93
    107 21 130 219 112 191 104 41 15 41 140 145 215 33 51 174 249 72 34
    189 124 207 194 123 37 26 197 18 69 178 237 179 202 60 104 188 177
    79 197 255 88 49 201 22 38 111 159 14 158 149 168 122 189 4 130 236
    67 246 93 62 180 11 189 45 218 136 175 98 18 29 200 198 167 148 47
    30 214 119 52 178 193 1 84 43 124 168 67 65 251 164 84 119 236 54 42
    102 10 245 174 232 130 161 32 32 137 175 92 112 70 103 95 69 16 183
    217 65 253 239 129 148 71 110 0 116 177 105 37 46 187 183 97 48 193
    41 163 57 75 233 238 198 212 115 230 114 10 54 224 61 196 173 137
    139 31 28 208 144 105 3 242 157 149 51 10 222 201 49 45 65 60 137
    204 213 233 123 7 152 24 7 224 218 162 115 211 193 2 99 23 145 31
    122 166 191 3 87 14 128 137 73 203 151 183 115 69 216 35 207 177 163
    58 117 98 219 4 203 48 77 211 45 36 141 201 196 233 122 192 105 144
    226 55 71 250 47 201 12 142 83 255 144 123 62 161 147 173 65 86 52
    21 58 128 183 235 232 99 151 254 161 192 56 184 211 123 54 123 23 7
    149 117 238 117 180 183 84 33 63 254 1 24 43 158 57 111 194 174 71
    76 3 53 251 16 145 143 5 13 105 62 227 133 150 167 122 60 10 217 88
    219 82 36 131 65 47 131 13 123 164 144 90 24 108 161 40 233 12 214
    52 67 12 24 228 61 213 103 85 108 177 183 236 99 110 47 229 135 41
    116 67 141 134 4 243 240 95 230 165 171 238 154 154 127 180 78 249
    28 137 13 54 197 40 51 40 196 69 169 111 75 9 207 4 95 255 106 158
    134 120 250 117 62 104 253 138 118 231 223 150 186 147 19 72 247 246
    248 127 118 250 232 155 162 73 24 159 157 211 122 65 254 230 139 212
    123 115 204 143 60 60 6 16 42 57 191 135 186 123 115 17 56 159 196
    125 56 18 245 114 121 252 91 121 41 136 123 25 198 85 65 116 230 230
    40 211 33 11 58 36 187 26 117 94 99 143 15 217 31 184 4 12 236 255
    128 117 102 207 189 32 29 156 170 250 109 76 236 103 116 123 175 202
    237 83 235 237 115 29 133 80 193 129 154 45 251 152 202 188 43 3 17
    179 198 195 139 185 68 9 138 247 125 255 162 232 152 85 249 6 143
    161 214 227 144 225 208 55 25 214 195 212 125 52 185 41 204 201 157
    17 138 133 221 38 135 205 86 205 48 117 200 24 200 18 21 155 66 104
    86 172 244 104 82 84 120 214 248 4 68 127 245 197 149 143 92 226 27
    18 198 16 129 221 227 184 208 146 146 226 79 178 250 220 9 156 230
    217 70 39 218 165 242 245 60 37 90 152 224 158 47 8 243 225 41 105
    74 245 192 88 197 207 149 137 36 52 191 158 199 39 233 94 193 11 103
    11 44 119 26 132 224 81 1 100 209 43 241 16 127 147 198 142 80 180
    122 195 29 180 169 128 162 133 250 207 90 32 25 81 22 66 82 210 194
    130 211 232 53 229 133 205 222 255 175 112 46 114 193 69 148 166 78
    159 252 105 142 69 52 59 12 154 169 155 158 244 143 109 93 128 13
    205 107 144 76 84 47 223 3 224 50 240 197 5 200 239 39 43 115 228 26
    233 77 197 139 75 30 65 193 8 239 64 95 115 93 88 35 227 156 66 81
    209 68 105 149 250 41 245 65 36 75 56 120 236 176 19 21 96 122 216
    14 37 51 216 125 3 178 185 2 142 183 221 27 192 166 59 147 169 115
    22 246 199 29 248 8 141 205 208 87 227 35 11 100 90 53 85 73 186 115
    31 131 74 39 222 58 120 22 60 16 50 18 167 223 201 70 156 82 30 185
    210 165 42 174 79 230 251 61 154 252 60 180 25 204 18 54 108 89 152
    130 124 219 139 218 124 115 127 65 112 16 21 56 245 163 65 33 96 113
    165 150 154 96 46 228 215 230 38 97 172 150 248 202 129 36 132 34
    180 99 217 43 69 16 209 210 190 197 245 24 49 238 66 139 158 134 253
    128 68 174 227 204 92 165 26 77 182 85 80 233 176 162 215 224 240 2
    230 151 8 127 55 245 135 125 143 160 220 150 41 93 161 187 205 148
    182 242 142 222 18 3 136 148 28 171 191 111 1 13 149 72 52 62 118 17
    100 231 218 93 5 149 147 52 137 14 163 255 95 137 176 137 209 92 75
    116 245 143 202 132 6 44 166 187 234 38 195 189 71 116 57 219 233 9
    179 229 178 110 192 50 123 122 223 242 8 86 148 102 236 21 141 54
    193 56 138 25 154 9 190 151 228 39 205 16 174 102 178 66 110 52 202
    125 121 237 235 211 241 25 207 166 131 61 239 66 192 254 32 207 220
    137 246 203 162 182 240 36 118 30 175 47 17 41 123 136 183 161 29
    183 10 49 20 53 48 212 200 84 227 141 47 229 165 223 206 124 68 92
    107 160 130 54 163 214 241 32 2 118 108 190 68 210 79 124 86 187 210
    16 203 174 99 9 200 164 194 166 78 172 166 31 24 191 12 74 31 12 255
    55 30 37 22 29 88 254 230 27 25 159 62 95 3 145 46 106 128 18 255 27
    5 160 149 176 184 55 27 23 88 1 33 15 14 44 223 5 211 218 222 254 28
    204 242 106 134 204 117 100 24 128 97 7 237 70 171 37 51 180 153 200
    108 3 197 43 56 120 31 32 236 11 242 108 218 43 75 138 199 121 48
    221 65 199 16 169 3 166 50 239 174 194 220 84 160 47 175 16 2 156
    237 112 200 181 72 177 27 151 221 244 162 173 166 69 250 185 249 197
    240 168 189 134 150 90 200 110 82 164 110 236 31 167 121 81 24 62 72
    72 76 187 191 153 221 150 183 36 190 42 254 59 245 22 210 90 188 184
    141 3 108 238 79 224 110 64 89 252 183 7 254 163 40 4 166 199 255 83
    246 100 21 40 118 169 223 80 48 231 45 210 94 74 111 169 62 196 13
    209 103 104 253 124 102 2 88 37 216 249 171 94 222 203 180 20 168
    219 86 81 144 210 194 166 66 50 90 123 5 131 233 162 205 248 162 56
    109 140 2 173 77 138 38 181 184 253 253 209 225 88 215 57 83 136 201
    44 184 92 27 220 44 26 163 106 109 11 195 35 2 2 69 162 251 167 164
    151 130 168 132 181 255 233 99 95 19 54 43 171 235 222 198 120 107
    212 202 201 204 60 133 181 187 184 153 247 55 141 124 108 186 2 29
    96 177 142 41 62 225 236 144 114 76 234 234 4 111 78 149 193 6 200
    63 39 218 180 10 248 43 224 16 172 121 44 118 2 157 123 114 156 64
    162 76 232 242 186 50 59 93 165 24 65 32 58 52 22 178 163 132 157
    180 82 210 64 49 86 62 49 223 29 175 244 153 252 5 217 171 67 216 25
    210 78 38 198 250 49 184 124 53 206 49 87 17 223 172 58 107 32 193
    214 132 164 79 238 43 189 119 72 218 45 130 63 71 9 189 145 204 167
    7 26 220 168 183 114 26 137 219 72 45 188 60 27 202 119 222 186 171
    96 35 154 196 176 14 219 164 35 163 50 3 73 240 138 98 151 118 106
    113 253 5 189 112 216 74 241 127 95 124 217 103 24 7 10 73 31 246
    190 30 207 102 24 237 103 172 119 165 89 233 155 217 245 111 176 16
    47 10 128 154 44 161 176 166 221 154 224 176 185 229 176 154 244 229
    203 223 116 3 242 36 15 239 90 27 201 188 132 188 102 248 46 250 119
    106 206 151 162 160 32 47 255 121 120 128 214 167 86 215 228 213 136
    6 34 203 252 127 189 66 34 182 228 71 197 93 116 68 60 54 1 222 77 0
    43 223 187 238 6 219 132 142 5 253 222 143 53 207 253 128 184 59 154
    18 73 78 124 206 219 78 34 49 222 81 246 135 132 115 143 246 174 216
    154 236 100 197 193 241 117 249 243 185 2 145 58 67 185 212 45 154
    32 60 198 145 64 76 97 188 237 220 101 77 243 46 106 23 135 166 40
    59 242 95 234 225 170 92 46 188 170 89 142 160 159 192 141 201 56
    171 217 187 166 146 242 169 152 77 51 15 115 226 55 108 43 200 203 7
    172 97 228 111 204 172 148 97 20 151 86 225 132 211 90 54 0 253 87 7
    74 84 252 199 122 247 200 217 226 206 129 18 73 23 226 152 96 121
    191 236 23 191 75 190 49 120 24 238 75 36 7 136 128 20 168 144 139
    230 230 53 158 103 168 86 48 46 205 70 57 247 184 78 219 255 131 238
    6 93 85 200 218 226 19 114 37 119 107 235 60 121 0 90 74 86 245 140
    70 187 112 165 60 245 189 125 131 244 115 121 21 94 66 36 55 51 235
    9 167 138 176 93 219 77 59 223 144 244 43 83 1 247 51 199 244 53 115
    242 171 33 149 110 25 22 9 218 19 98 73 27 189 247 230 207 2 157 204
    154 88 34 207 137 200 235 35 198 95 86 112 237 158 248 78 193 89 110
    92 60 140 24 164 53 120 150 227 114 154 136 160 251 60 208 103 38
    136 40 91 248 114 65 242 210 59 114 169 104 239 49 223 174 48 113 86
    92 212 128 137 13 238 158 231 33 45 206 52 159 214 59 191 25 174 171
    168 153 201 160 196 35 31 117 84 78 51 231 231 181 138 247 249 98
    207 187 217 211 178 12 14 154 111 183 178 208 177 216 159 133 86 184
    250 158 80 101 210 89 232 36 64 232 188 56 249 12 188 144 40 218 168
    0 103 0 40 79 44 150 180 113 147 59 183 40 167 69 162 242 20 228 218
    78 15 236 245 38 234 152 13 140 106 89 8 50 206 85 205 103 20 126
    106 84 152 71 127 70 241 164 236 41 94 102 179 122 234 250 97 149
    237 119 110 160 60 62 224 168 198 95 42 93 139 92 46 12 175 124 38
    48 156 121 153 6 251 72 27 216 239 58 117 34 91 171 191 136 212 251
    143 235 90 92 202 191 10 57 50 142 219 158 118 109 47 194 217 239 68
    199 80 80 39 108 137 50 132 114 172 209 76 41 131 32 118 250 30 147
    121 135 162 204 230 133 46 246 99 75 163 37 70 65 159 2 132 33 48
    181 152 72 222 210 88 27 221 255 11 166 89 71 82 74 137 241 185 32
    121 134 116 160 34 72 17 196 89 148 136 163 118 128 188 172 51 116
    169 48 168 164 156 22 169 155 83 234 104 200 250 152 22 16 31 234
    231 245 49 2 212 255 236 150 165 235 125 227 253 249 1 253 41 235
    157 31 38 154 139 218 100 135 19 100 36 80 168 123 23 192 120 229
    203 17 147 174 130 254 26 153 12 234 193 166 230 215 129 78 244 133
    223 218 2 209 181 160 135 171 170 202 171 213 16 133 65 254 229 182
    39 83 87 33 49 108 134 2 220 6 123 77 118 49 12 109 192 137 254 135
    92 29 99 161 11 251 189 127 179 9 182 129 93 70 201 189 2 46 190 38
    51 140 192 9 91 7 220 229 135 108 74 18 121 131 255 218 65 142 86 2
    130 114 193 94 24 45 25 163 33 232 54 208 68 154 49 20 153 17 61 153
    113 232 108 58 198 225 140 166 81 92 50 149 252 165 27 31 100 170
    246 113 139 208 77 196 73 19 104 43 249 248 216 38 209 150 32 20 200
    134 179 30 185 41 223 158 218 176 38 28 81 189 156 95 231 43 145 131
    252 143 54 58 0 74 105 110 111 41 46 118 166 225 53 157 180 253 209
    196 181 164 15 77 171 151 181 174 231 73 142 82 59 101 103 225 218
    13 195 43 59 210 51 151 168 210 71 1 121 214 60 253 248 16 86 108
    102 53 134 230 132 187 12 69 25 119 10 132 123 192 147 254 214 234
    132 27 173 25 138 139 157 123 149 223 249 224 151 149 195 64 6 2 208
    28 87 232 47 31 178 92 18 80 227 150 156 152 41 75 250 219 89 70 236
    45 253 26 167 135 242 39 194 212 51 158 33 45 200 171 91 232 205 203
    254 184 223 147 137 99 107 167 212 54 204 215 231 156 179 231 225
    185 205 184 161 164 249 93 124 191 62 101 31 139 37 211 82 71 19 107
    231 37 68 109 73 0 0 35 157 80 8 146 243 135 19 252 32 127 191 208
    71 173 245 114 208 108 129 182 236 38 205 228 22 91 31 43 146 117
    188 103 88 27 147 119 216 90 146 238 99 50 245 249 47 27 198 203 177
    169 52 189 214 114 215 193 232 27 247 45 83 133 130 181 223 18 168
    244 53 92 193 234 93 127 128 232 93 98 206 25 151 219 114 0 247 75
    151 218 208 221 129 6 132 203 2 100 132 106 155 248 176 173 186 71
    125 246 217 45 214 146 39 27 134 255 116 252 185 220 177 231 57 4
    165 83 118 225 200 55 172 2 48 250 38 9 85 213 173 130 210 58 21 53
    52 68 250 176 198 123 108 14 221 171 114 117 209 215 80 96 80 108
    241 12 91 85 103 99 231 155 253 13 153 35 112 37 213 180 93 220 226
    86 80 213 82 34 12 142 171 178 199 238 222 8 185 183 71 199 214 225
    250 251 21 102 11 130 211 138 112 232 64 67 29 170 155 244 76 100 56
    247 180 172 228 178 183 50 192 59 241 146 161 25 246 236 98 87 163
    66 229 100 19 28 148 60 192 133 40 87 149 244 76 56 21 3 199 210 122
    187 186 130 69 124 54 113 216 205 239 105 8 99 233 53 185 128 28 226
    116 3 179 244 184 151 35 222 65 23 162 244 55 135 187 197 53 38 96
    186 181 157 81 245 217 114 115 1 64 54 55 29 188 17 75 217 201 29 99
    30 146 107 145 99 181 52 173 38 150 149 62 47 130 56 182 81 171 206
    198 174 224 245 1 137 128 25 197 71 174 81 235 209 197 48 50 35 242
    7 221 108 171 59 100 65 227 137 163 17 163 118 252 4 4 119 245 254
    36 1 111 17 191 227 223 186 161 156 186 6 80 139 178 166 99 211 15
    94 65 200 96 90 155 148 110 144 213 225 146 121 95 20 140 4 171 237
    158 218 165 61 156 41 96 79 140 227 4 227 38 215 156 174 243 11 211
    23 18 157 253 141 111 114 46 206 215 61 19 63 116 155 131 47 148 48
    248 158 37 100 250 178 21 4 197 233 178 41 0 89 213 52 160 31 48 161
    105 223 183 227 240 220 185 79 39 244 149 185 36 106 47 104 161 73
    185 26 23 222 92 46 42 175 22 195 148 135 235 92 135 207 59 49 135
    125 235 65 21 62 181 128 225 255 45 253 83 116 238 26 101 228 60 66
    189 166 172 73 64 254 247 5 5 46 52 252 214 115 218 56 90 71 143 121
    125 75 120 30 75 48 136 215 115 248 255 189 44 122 98 198 231 205 42
    62 93 229 133 47 176 200 25 105 104 97 3 37 124 6 80 223 91 165 10
    136 236 119 78 32 169 242 112 66 150 217 43 213 111 96 51 101 98 244
    84 228 11 70 20 60 107 211 0 242 68 39 98 175 75 141 109 67 250 8
    115 23 177 218 223 13 254 60 157 124 60 231 176 204 85 106 240 232
    13 21 236 91 205 109 114 139 16 8 133 169 26 226 121 20 38 188 251
    103 112 48 205 154 210 209 36 54 131 131 95 3 100 223 84 139 30 195
    149 32 95 241 204 203 49 81 83 197 5 31 87 38 178 183 250 105 71 231
    208 226 109 157 215 190 119 214 18 8 13 135 5 98 8 141 120 211 108
    58 69 181 82 49 241 167 247 149 116 24 194 157 48 221 75 82 11 96
    225 85 173 143 242 29 125 28 228 63 89 217 186 237 237 181 53 126
    196 161 78 247 241 101 64 59 39 151 16 182 13 11 40 187 116 156 150
    204 127 26 108 210 189 181 29 90 16 4 1 160 220 112 239 123 174 22
    76 241 0 210 190 118 12 169 167 6 207 128 6 198 175 38 118 129 212
    132 171 140 235 175 199 96 125 189 18 124 227 38 159 47 12 46 111 90
    187 104 72 170 66 129 11 237 187 225 205 25 16 249 56 59 244 192 128
    60 190 192 31 61 112 183 52 100 142 95 213 44 254 134 103 185 88 78
    59 187 106 74 15 123 17 182 5 110 32 248 37 63 153 215 0 161 31 2 76
    33 145 192 139 219 78 121 230 154 236 165 1 109 97 95 132 240 26 211
    161 112 10 23 151 7 76 108 126 130 104 222 225 74 146 176 247 63 183
    181 128 117 231 167 93 155 49 172 97 213 185 223 31 138 160 188 53
    206 67 82 92 199 89 61 223 107 4 157 171 157 66 167 3 115 235 88 246
    153 155 94 95 65 98 104 193 116 61 141 110 58 69 97 43 84 85 12 244
    16 202 55 215 188 116 234 33 22 153 68 169 196 3 47 65 83 79 171 43
    174 225 0 33 178 223 121 229 144 153 19 181 25 146 29 208 158 50 102
    108 127 65 67 16 22 132 83 52 39 217 134 56 71 109 149 198 49 91 98
    110 96 112 188 2 1 33 124 13 86 231 130 161 24 226 208 57 190 234 30
    138 57 81 207 102 173 93 121 235 60 219 60 43 15 165 68 49 173 232
    33 201 156 176 167 2 168 224 71 77 243 217 154 220 182 64 19 214 179
    139 125 225 61 86 146 244 217 105 189 80 167 95 230 152 234 205 97
    176 166 145 78 167 69 78 73 62 219 71 90 133 132 239 155 50 147 225
    131 154 186 64 163 37 6 122 4 78 173 142 86 195 64 33 201 26 151 68
    227 191 248 140 137 165 76 23 255 83 109 138 51 234 25 122 210 14 94
    91 179 32 125 125 216 61 47 23 117 60 155 30 20 29 184 137 100 213 9
    58 170 119 16 251 60 80 9 136 115 116 158 188 36 186 112 57 47 102
    39 60 32 152 82 123 53 97 67 108 122 215 218 4 103 173 226 113 128
    207 247 148 211 101 220 37 224 134 94 189 71 199 176 73 245 179 19
    200 162 70 29 88 234 8 88 215 220 4 235 171 52 223 5 189 22 18 14
    156 169 180 65 4 246 174 89 88 113 172 212 132 40 49 122 172 87 78
    111 87 209 200 78 172 70 37 245 106 83 131 78 158 15 50 255 172 95 3
    136 229 239 236 192 20 224 70 143 32 202 109 65 51 104 68 76 34 90
    247 186 156 210 215 93 157 120 146 202 148 189 0 176 10 177 51 245
    81 20 158 125 65 232 189 111 185 115 11 104 48 180 21 157 13 117 60
    196 45 133 39 10 243 194 105 202 41 99 43 58 203 77 106 240 44 250
    153 133 64 76 185 221 111 249 7 151 149 19 25 189 218 129 173 209
    208 125 3 38 189 90 78 23 213 109 134 199 133 86 190 61 222 113 27
    233 55 250 156 9 101 89 122 210 177 0 135 106 13 30 52 206 157 92 40
    154 216 224 252 75 187 149 121 237 192 244 91 150 88 101 198 144 87
    77 103 35 105 181 190 49 37 136 198 48 93 177 191 55 64 76 67 60 16
    60 237 90 94 166 222 205 106 47 87 126 191 130 118 201 186 182 181
    98 8 194 229 11 61 38 179 48 127 155 85 187 238 203 244 231 121 82
    168 47 68 152 45 89 106 27 157 164 94 80 77 245 147 114 220 241 134
    245 247 58 13 219 37 88 50 101 146 206 147 201 162 91 184 176 205 83
    250 114 132 231 0 47 109 16 140 120 242 78 58 176 120 52 66 193 177
    147 76 251 205 52 18 250 38 191 68 89 221 183 116 223 67 89 157 139
    232 203 215 5 70 175 195 35 163 106 81 10 40 160 54 44 229 38 235 13
    165 241 116 16 97 127 30 59 7 218 71 123 12 104 44 67 15 214 120 126
    76 208 84 34 1 231 53 129 251 18 250 214 215 4 45 108 127 210 1 236
    148 187 160 42 116 195 25 65 76 194 121 36 215 14 186 50 179 181 73
    1 200 31 99 222 120 79 161 152 231 153 55 254 193 103 139 170 170
    127 149 9 113 1 109 240 150 244 234 103 24 177 210 85 232 138 100 14
    173 128 246 179 162 228 235 171 68 240 2 211 181 197 122 8 48 208
    106 155 230 186 183 36 20 52 196 225 66 217 84 6 168 251 128 81 93
    144 215 196 178 188 43 251 1 198 174 30 118 79 89 98 49 48 36 93 235
    179 122 85 206 6 134 19 156 246 115 39 57 162 56 70 238 124 59 239
    141 43 77 236 185 23 139 74 212 188 71 167 85 144 72 103 158 108 200
    151 207 54 223 158 90 239 10 31 2 187 50 34 167 91 229 7 103 198 169
    120 79 186 92 1 192 44 31 192 85 42 24 148 171 75 137 158 238 41 81
    32 185 239 176 33 83 137 123 19 13 54 7 221 122 163 70 100 105 71 86
    125 166 167 16 239 98 92 224 82 211 213 110 148 4 210 79 0 0 224 65
    0 56 39 128 156 127 17 52 147 9 178 208 208 16 83 246 243 61 79 44
    133 218 183 245 218 180 98 124 131 81 184 167 187 67 148 68 132 12
    165 121 202 37 70 203 177 154 6 132 109 199 193 4 210 7 139 75 237
    106 191 24 70 56 104 47 0 213 14 233 128 5 236 111 40 202 216 225 70
    185 5 149 76 62 27 76 132 68 94 7 168 245 118 196 252 181 34 233 26
    115 67 47 13 231 158 83 230 24 151 89 69 143 56 48 169 214 120 50
    248 120 21 110 231 48 152 208 21 77 116 60 89 55 204 112 41 55 232
    114 29 198 223 2 44 93 235 238 210 37 215 234 208 218 100 6 145 142
    121 125 239 237 195 124 231 139 40 52 2 127 133 102 196 237 102 5 54
    203 158 202 221 222 80 170 245 43 55 162 67 250 154 122 137 76 160
    212 93 118 119 80 124 134 131 94 10 220 176 20 155 71 29 102 191 49
    11 43 138 116 179 171 253 107 199 162 94 107 80 204 86 10 165 46 53
    40 188 70 191 127 44 241 20 165 188 93 202 1 0 135 128 37 77 194 246
    101 237 41 24 246 168 149 91 65 85 40 112 123 32 90 70 182 173 28 45
    249 229 78 46 133 58 10 78 80 158 170 108 134 90 64 251 160 140 223
    51 252 235 33 9 41 20 231 222 23 196 196 200 135 154 84 81 85 146
    249 118 78 175 31 211 64 62 153 167 205 38 138 237 221 190 95 123 30
    146 72 207 93 156 92 166 60 179 250 171 249 28 50 136 151 223 53 179
    253 101 205 167 19 99 130 219 2 191 205 107 17 230 65 141 11 146 68
    127 44 198 215 158 79 178 78 134 158 224 128 177 60 94 5 159 84 175
    139 70 106 232 34 230 168 219 188 163 86 89 213 27 250 62 211 130
    149 182 30 152 109 202 86 151 139 122 2 118 112 23 115 244 90 217
    142 197 29 81 212 143 71 175 95 135 63 153 119 192 46 144 182 6 38
    240 216 162 175 152 52 49 222 30 21 252 144 49 28 220 63 128 39 39
    146 47 22 59 208 71 41 46 135 93 222 41 220 71 215 153 30 171 240 58
    72 238 35 33 157 228 108 205 161 168 111 157 7 52 102 147 5 228 128
    118 198 88 97 253 49 62 198 166 229 107 143 233 128 29 104 157 45
    108 118 142 219 118 44 44 156 84 190 221 68 165 97 97 63 10 125 243
    68 120 200 201 141 106 48 205 106 219 119 81 169 69 152 254 44 92
    122 0 44 43 35 156 79 91 92 243 247 216 196 208 251 184 94 224 51
    174 115 221 78 216 2 131 242 130 179 217 98 229 63 21 21 170 109 192
    251 236 212 52 1 53 85 156 116 207 77 69 84 55 105 209 54 47 98 31
    158 129 115 235 54 13 244 241 48 152 64 73 87 215 208 181 17 197 224
    106 2 155 123 192 166 9 232 206 136 249 76 187 207 91 157 6 58 149
    56 242 125 86 155 71 20 130 41 42 128 7 73 91 138 113 35 208 241 38
    198 207 166 151 241 149 91 134 106 52 238 155 234 7 243 77 221 43 89
    65 68 234 107 56 96 3 234 181 20 197 200 165 4 45 98 174 159 217 253
    91 114 70 78 2 86 136 143 123 194 251 186 52 199 127 57 187 20 37
    196 249 37 62 122 209 67 152 29 138 242 37 169 2 173 239 196 208 44
    201 136 230 34 89 106 211 16 57 139 33 240 201 116 126 229 224 62
    109 60 203 104 64 243 26 100 152 21 126 151 242 132 193 158 2 111
    110 196 233 227 174 60 208 160 202 141 110 43 35 52 206 163 188 108
    242 10 248 68 161 174 235 40 158 115 61 242 44 17 173 229 143 50 34
    171 171 205 204 192 72 170 145 166 11 163 56 57 174 250 126 140 210
    29 54 16 167 44 145 222 0 196 193 170 22 103 49 174 123 134 203 60
    56 207 36 254 18 248 78 163 211 60 229 93 45 233 195 79 108 213 243
    53 46 164 252 217 109 198 255 98 208 159 239 7 153 249 89 46 214 4
    99 71 59 150 89 87 95 2 241 100 156 209 204 207 192 252 85 106 91
    254 219 100 181 193 119 43 163 167 239 103 79 92 116 16 172 14 121
    72 37 227 175 241 124 102 24 122 173 48 120 119 72 172 125 46 196
    150 26 4 120 241 168 152 223 156 125 252 68 212 124 167 56 203 138
    226 86 254 52 107 7 190 69 113 46 3 229 88 223 133 86 207 138 85 59
    223 149 221 106 48 167 7 1 240 54 101 12 159 160 66 166 34 226 221
    221 165 177 181 176 243 161 140 145 170 17 72 0 115 181 159 119 115
    114 251 126 218 71 98 57 101 36 105 153 240 229 174 171 219 162 148
    2 197 254 41 119 10 196 37 114 162 182 77 114 178 161 56 213 57 189
    99 228 75 23 221 21 37 22 147 155 225 196 157 85 160 182 136 93 237
    11 93 202 1 184 69 197 199 209 92 175 129 137 5 230 242 152 48 153 3
    225 167 185 130 245 220 8 51 119 153 218 162 160 60 169 35 184 85 90
    96 93 72 138 45 46 41 181 133 140 162 123 38 172 24 205 114 128 199
    50 164 201 103 245 148 35 162 105 154 238 124 227 64 26 124 129 102
    33 89 95 13 9 16 183 175 85 201 136 95 226 149 131 47 126 107 92 237
    226 41 67 181 136 86 156 50 139 235 207 42 80 240 126 228 9 89 24
    209 202 129 44 20 8 140 103 107 206 172 186 134 188 81 247 242 207
    24 47 226 32 197 251 154 97 180 70 201 172 213 173 38 187 49 238 180
    11 61 16 185 56 48 102 223 234 23 225 15 110 188 66 22 1 228 241 171
    157 116 116 108 15 45 5 183 44 59 125 46 115 168 20 32 159 225 84 71
    228 65 206 73 246 162 209 1 193 149 81 214 179 5 92 192 14 140 173
    184 34 169 235 21 42 155 16 64 247 6 63 225 213 189 16 105 184 157
    232 125 219 140 62 86 77 183 231 218 56 227 132 48 121 53 30 72 82
    161 175 15 87 34 92 241 247 2 128 217 246 166 251 236 33 133 217 204
    165 109 232 191 50 137 187 251 157 96 200 72 149 126 239 39 227 179
    141 242 225 181 176 153 195 114 209 252 194 34 150 154 27 226 53 140
    123 254 23 179 89 108 149 150 50 61 79 58 242 195 22 253 203 112 195
    145 68 161 162 165 106 5 205 121 120 195 206 176 130 208 79 174 185
    127 50 152 76 3 237 200 2 32 211 132 85 97 245 104 172 22 242 202 0
    26 85 38 14 202 45 147 130 61 139 227 6 122 240 93 30 81 182 94 232
    253 247 149 39 181 208 90 139 136 59 48 107 194 102 130 196 150 77
    132 188 133 5 165 173 217 126 30 132 157 187 8 12 163 76 166 156 236
    119 234 61 253 214 132 210 182 181 161 212 131 75 133 171 53 234 214
    138 98 62 86 42 82 233 62 210 61 219 235 142 59 40 227 162 7 67 139
    206 42 183 9 209 192 114 214 119 52 231 181 164 85 143 133 129 201
    120 73 243 174 231 164 217 2 193 198 197 77 244 242 216 105 213 179
    228 125 5 198 137 92 101 101 69 242 123 102 131 114 214 200 247 148
    71 64 14 208 241 228 87 205 174 118 8 156 168 234 43 234 251 247 28
    56 136 71 225 118 98 88 88 84 142 6 7 153 138 163 139 48 172 115 13
    105 75 84 169 148 240 86 138 22 56 14 63 214 44 207 153 150 229 61
    182 200 194 68 115 246 9 244 119 210 172 179 66 81 19 218 130 155
    167 154 235 14 38 228 232 31 15 139 37 83 67 191 224 163 188 86 220
    154 86 100 84 89 133 249 110 183 185 13 47 171 57 1 141 44 84 15 2
    112 103 182 225 124 182 175 81 66 172 211 7 53 179 86 205 16 126 82
    6 2 242 7 115 243 180 133 21 101 56 140 235 120 30 3 59 244 193 217
    38 166 145 200 14 255 116 175 241 34 37 48 44 89 106 249 85 101 39
    159 94 156 129 173 27 8 0 12 143 71 8 74 23 25 211 71 230 57 102 45
    7 126 162 163 21 231 212 50 52 20 135 38 244 187 45 72 64 25 225 71
    194 233 76 88 62 4 217 237 246 131 0 168 36 106 60 115 94 42 46 127
    242 16 17 191 15 118 26 39 31 65 169 17 57 217 87 89 204 221 150 52
    150 199 129 241 50 250 41 64 172 161 228 169 64 98 0 181 28 36 130
    10 101 109 117 111 5 2 240 145 48 94 120 71 91 226 116 146 18 86 205
    13 105 209 193 30 91 31 199 117 4 203 31 152 25 138 242 132 83 135
    140 196 37 67 43 60 42 188 91 49 157 102 8 160 22 208 130 8 63 102
    46 12 136 126 192 119 171 33 198 233 180 46 247 37 217 65 181 211 61
    89 195 238 174 22 115 186 177 137 158 214 87 124 205 192 213 57 164
    176 239 110 41 183 29 151 160 173 168 155 118 220 165 156 138 49 184
    106 98 196 55 223 111 110 186 244 169 136 195 53 37 229 100 254 193
    254 203 100 197 81 172 115 176 244 147 129 63 50 227 110 11 190 118
    20 235 58 94 144 108 71 36 80 86 150 156 232 123 30 34 65 248 11 245
    70 208 141 100 250 121 239 195 85 185 142 217 56 158 42 99 5 248 153
    93 83 118 82 116 157 13 44 80 14 239 107 13 152 71 218 245 70 118
    162 239 235 5 184 9 115 212 175 144 70 115 192 95 202 187 160 228
    247 152 118 90 147 208 70 48 29 73 83 89 75 160 122 247 207 16 219
    135 74 199 251 160 165 66 219 230 191 46 13 170 75 66 118 38 64 120
    157 217 180 136 179 34 119 97 51 160 176 87 162 134 234 237 233 185
    32 100 73 121 57 240 190 118 53 142 255 69 183 108 43 90 226 234 166
    157 183 247 104 202 194 46 207 86 177 167 50 185 200 51 145 227 96
    75 129 60 176 20 128 198 31 27 253 26 145 70 126 100 171 181 19 178
    254 111 142 82 168 201 16 155 12 70 10 61 242 8 208 206 116 0 85 102
    103 158 151 35 249 179 194 44 67 4 255 175 50 199 128 158 237 189 8
    30 62 18 209 124 47 152 154 100 63 144 126 43 219 171 201 141 68 200
    104 36 160 152 196 163 33 92 98 31 226 92 102 134 109 21 248 191 108
    110 33 208 75 241 189 149 166 89 4 33 234 199 229 105 213 176 227 1
    129 25 99 99 28 237 79 117 163 179 21 88 31 135 48 100 167 25 50 76
    32 103 33 211 232 205 242 212 221 101 241 111 62 99 181 177 209 108
    70 255 177 203 151 32 108 214 205 137 131 67 37 128 206 210 110 117
    50 186 207 94 224 11 77 189 237 204 170 120 245 42 208 129 207 195
    12 242 38 129 11 154 245 9 119 250 28 108 44 50 239 98 80 209 105
    191 222 84 180 200 137 18 29 64 152 24 165 201 218 199 137 68 251
    249 218 23 214 70 117 140 165 144 197 172 68 217 118 31 62 244 239
    47 82 113 152 244 104 118 113 3 252 21 1 212 206 20 230 63 161 5 80
    245 201 49 227 31 231 239 121 1 129 177 78 39 6 80 229 159 195 105
    127 148 110 71 235 156 143 135 226 209 100 96 161 73 45 219 183 172
    86 135 106 168 192 107 38 12 251 91 188 124 88 227 122 141 39 69 85
    184 189 220 221 130 172 245 74 6 202 113 42 208 196 188 121 66 222
    212 217 202 55 143 236 220 114 29 222 103 225 26 90 121 41 244 1 144
    195 186 67 165 87 65 129 15 238 186 252 147 103 101 196 35 143 68
    189 164 253 23 200 42 156 235 26 172 32 247 10 103 180 184 195 187
    255 245 74 62 179 81 228 179 217 116 248 17 104 53 189 112 91 114 16
    137 120 222 149 112 139 247 84 223 98 124 110 149 242 93 26 245 243
    73 210 228 208 23 75 203 10 190 56 53 151 95 78 63 142 70 204 201
    237 68 153 11 243 51 167 11 121 90 171 89 181 48 194 75 147 25 235
    185 6 186 182 42 203 95 215 160 162 214 213 246 90 128 49 180 143 23
    20 228 210 202 210 176 53 18 133 163 214 49 192 87 2 27 3 243 154
    190 38 156 245 45 198 24 42 189 58 218 132 192 206 146 74 129 161
    196 17 79 225 50 187 206 60 202 8 66 174 163 201 167 108 140 7 160
    81 34 226 252 247 153 56 217 96 55 195 128 223 231 78 249 54 75 126
    213 154 253 16 242 141 171 169 110 4 160 103 170 234 144 57 103 149
    187 30 74 79 70 130 173 11 108 152 69 186 163 178 144 94 55 142 122
    57 102 106 5 71 39 143 50 21 104 129 205 168 98 128 56 190 17 203
    169 115 136 87 206 87 145 35 138 244 53 25 251 134 32 218 187 217
    175 145 117 87 156 66 35 23 255 122 86 99 30 78 34 182 9 7 67 11 239
    21 44 128 1 1 241 6 185 222 86 44 50 111 200 97 63 208 33 77 86 225
    45 189 66 234 228 48 90 246 57 189 180 75 24 206 39 146 4 43 147 91
    38 250 24 129 205 181 221 107 110 138 154 198 181 111 61 143 10 63
    187 240 36 80 14 143 176 13 218 161 97 226 216 14 84 171 214 190 180
    245 181 16 170 107 123 149 233 91 127 208 154 69 208 76 15 71 34 166
    252 91 255 13 100 99 170 176 70 102 70 46 76 223 215 92 176 137 121
    20 178 70 158 95 43 104 46 219 27 180 102 41 47 180 217 164 155 245
    229 168 245 64 247 191 111 224 218 21 97 192 207 252 135 121 147 156
    146 207 34 203 77 52 101 130 63 215 28 119 123 25 81 77 129 254 203
    66 152 137 28 100 136 80 129 79 92 44 190 15 49 69 82 128 199 199 75
    98 177 59 160 147 32 136 56 67 159 120 225 139 0 156 196 160 116 39
    167 59 61 172 59 170 209 4 204 110 144 248 87 134 93 121 112 91 13
    49 125 137 34 139 186 203 216 231 200 203 242 190 56 187 85 33 58
    117 178 128 161 80 231 51 143 40 163 199 179 210 148 154 171 241 239
    154 57 4 208 142 85 4 8 222 218 234 100 185 149 56 184 23 229 127
    134 35 70 228 17 207 121 20 167 33 97 50 5 248 194 171 48 49 157 45
    147 227 136 211 185 79 195 200 54 165 29 3 20 65 5 81 85 196 80 153
    0 177 144 48 99 30 198 253 187 170 242 24 173 191 156 243 134 166 3
    254 189 126 192 12 224 120 93 47 214 251 226 202 200 223 217 43 33
    54 3 143 169 204 179 72 40 223 112 255 51 94 13 146 198 254 52 110
    201 162 243 220 87 183 205 11 137 137 155 64 40 144 108 72 18 198
    123 72 23 205 23 39 72 194 48 194 121 43 170 38 16 207 139 248 147
    179 247 96 229 215 80 30 98 246 8 202 153 88 37 11 7 86 74 170 155 1
    180 100 145 46 238 189 122 53 166 214 248 8 96 186 112 107 102 176
    205 176 215 36 138 20 78 159 0 62 174 76 190 129 67 61 8 84 237 199
    80 241 36 64 72 199 82 111 126 76 56 101 106 120 189 8 66 76 53 81
    61 55 74 133 202 124 5 231 59 228 111 12 236 63 45 244 170 60 160
    112 42 104 86 232 106 109 53 61 51 128 201 139 209 164 90 146 6 20
    68 84 212 38 205 233 8 81 234 183 221 227 45 96 243 229 164 94 189
    57 111 211 87 134 246 238 128 254 5 208 66 110 225 250 20 37 105 214
    33 176 166 124 9 151 169 116 57 185 31 128 105 116 6 132 233 155 90
    129 138 35 51 174 197 143 35 129 26 121 100 174 1 54 98 37 141 2 20
    92 117 6 184 178 150 174 196 109 139 90 107 77 110 1 220 228 97 195
    74 58 219 240 70 27 200 245 85 38 39 108 19 20 156 18 91 214 105 215
    156 95 120 82 34 238 244 61 123 123 255 253 189 1 21 128 36 140 79
    156 208 117 93 183 239 205 249 99 104 105 6 106 183 22 142 176 219
    30 47 30 213 66 224 209 124 26 75 212 248 52 54 198 245 75 127 203
    232 77 217 246 179 119 11 95 113 136 41 242 247 171 92 237 187 110
    188 160 136 48 96 116 36 213 220 11 30 63 195 161 150 239 235 118
    162 144 165 197 127 78 150 186 72 130 36 131 8 190 118 194 62 91 68
    135 248 184 201 248 59 216 156 2 99 72 133 17 244 179 24 245 59 216
    151 218 136 225 190 142 185 160 29 121 233 20 67 128 243 156 126 70
    225 216 209 59 68 152 204 24 139 88 158 169 225 141 174 102 39 243
    137 10 167 26 151 196 26 223 134 126 19 212 148 239 3 158 50 253 224
    212 37 42 61 171 116 159 57 93 169 189 131 48 82 171 123 150 32 10
    79 124 222 213 205 123 6 142 236 153 248 236 177 185 9 112 226 53
    139 51 117 170 137 120 248 134 18 111 84 99 214 108 144 208 42 102
    183 120 78 201 65 66 219 149 172 150 100 174 214 233 215 251 139 132
    163 218 134 116 17 1 119 234 188 27 62 90 95 32 200 97 199 131 57
    141 54 48 0 87 143 115 227 46 255 137 33 23 6 245 229 10 31 28 165
    141 98 142 133 96 128 123 192 238 36 155 96 133 200 144 38 135 123
    156 13 20 215 128 95 57 25 84 233 60 125 173 108 190 86 60 42 124
    215 11 206 16 72 68 241 0 126 71 216 244 206 122 4 221 64 155 202 19
    20 225 6 43 179 179 108 46 96 143 131 164 139 134 58 195 88 49 14
    166 181 254 155 27 156 207 41 15 234 100 21 21 107 177 38 173 92 65
    230 31 250 124 209 39 23 133 248 161 237 228 114 158 2 116 104 42
    109 215 21 35 193 65 28 150 46 13 13 19 134 216 125 42 150 163 25
    127 6 213 97 156 48 243 237 168 209 142 204 142 170 190 119 240 148
    182 184 217 252 232 109 39 104 103 137 84 18 127 47 201 101 247 102
    65 145 140 164 220 248 129 228 143 183 5 46 15 246 252 147 159 88 91
    221 21 166 232 178 82 218 113 229 12 7 78 213 192 5 57 188 13 225
    139 160 238 169 55 14 218 239 36 18 86 30 162 66 211 183 210 36 78
    84 220 210 58 181 28 228 187 41 244 152 47 61 230 175 134 248 138 19
    56 32 22 37 181 97 14 66 19 110 218 171 125 239 212 237 193 217 87
    81 245 79 196 155 156 29 195 84 32 59 131 196 190 176 15 76 5 43 72
    87 180 165 113 9 60 155 116 205 125 179 130 123 114 47 131 105 72 35
    76 111 225 110 167 159 195 168 183 169 0 188 62 178 88 73 187 33 246
    205 46 184 205 246 185 107 78 221 194 38 148 162 218 77 31 245 107
    31 162 164 34 160 131 113 91 57 21 78 254 12 123 245 234 160 14 187
    250 195 110 46 159 210 7 198 73 132 233 204 109 2 71 85 39 52 62 194
    87 6 228 148 96 63 33 147 156 93 208 195 151 159 103 242 157 247 206
    214 4 203 138 96 18 42 56 24 226 246 130 210 198 114 177 167 146 12
    46 7 112 96 52 65 170 119 221 15 46 77 254 165 92 71 124 113 41 210
    14 207 56 143 253 175 136 224 219 53 139 147 140 206 228 219 251 153
    87 22 71 47 249 161 37 179 39 49 59 207 0 209 163 138 91 209 45 252
    249 100 150 197 96 16 190 230 5 98 252 74 26 5 192 94 24 81 150 175
    202 237 4 142 95 128 33 83 58 177 12 93 8 100 235 168 31 86 20 89
    101 54 136 53 216 240 151 85 93 38 36 211 116 217 34 22 71 167 191 7
    147 59 29 115 244 193 222 229 248 193 97 170 84 50 197 80 42 87 15
    210 44 174 247 148 51 177 142 226 78 120 27 156 121 49 125 191 109
    253 45 225 19 191 80 68 175 30 21 45 62 3 1 69 201 185 68 30 240 13
    233 117 250 109 232 198 60 241 120 90 9 11 170 140 208 121 219 7 21
    193 69 49 225 57 46 202 16 12 87 44 74 128 15 161 39 239 108 182 237
    81 133 127 82 141 29 252 182 245 164 249 210 8 188 71 106 44 133 18
    183 165 6 29 29 215 86 214 136 62 221 24 255 59 36 123 155 113 123
    182 187 248 79 114 86 205 73 115 57 14 78 82 233 163 95 142 238 128
    70 234 179 250 62 63 225 82 164 208 159 235 43 77 168 138 73 206 124
    10 172 169 18 175 84 165 215 121 249 94 205 224 24 20 46 65 116 174
    120 105 142 115 238 87 13 116 57 12 39 85 151 46 209 23 75 32 236
    228 193 206 67 243 126 36 23 113 4 19 236 84 245 181 57 152 241 147
    67 181 199 147 198 170 217 19 167 76 147 89 53 91 190 46 59 239 156
    145 151 36 126 149 155 232 112 117 97 62 121 55 89 104 157 209 52
    175 50 43 243 87 204 146 104 52 175 248 87 146 14 172 126 170 185
    151 215 26 10 102 244 159 208 90 127 169 0 90 100 83 228 219 22 219
    13 160 231 179 233 171 152 105 193 192 61 223 128 54 217 103 75 186
    138 80 92 107 159 176 93 27 125 102 51 52 161 225 240 85 107 203 231
    51 73 245 99 181 9 55 15 5 191 96 253 7 123 162 56 40 249 89 16 165
    160 161 182 72 75 230 19 222 148 237 205 249 176 199 177 19 90 53
    184 27 86 253 18 182 25 120 193 55 130 214 182 117 155 225 39 62 101
    6 25 249 92 85 148 15 81 213 255 11 100 54 135 109 40 155 143 223
    230 162 170 157 31 200 13 229 2 38 115 39 244 82 206 58 244 234 112
    6 107 249 87 86 18 27 120 116 97 159 81 108 161 237 162 109 174 111
    235 37 131 162 133 253 234 121 19 160 138 124 86 111 56 188 186 188
    49 92 212 147 56 46 5 197 243 201 53 226 195 169 13 125 2 41 136 181
    71 147 239 63 61 16 210 219 192 36 127 39 248 156 151 150 220 252
    244 138 58 30 135 23 70 89 253 82 95 71 118 22 166 129 19 135 108
    103 136 159 223 37 227 145 48 92 25 127 231 85 236 130 190 185 140
    233 115 25 11 208 106 159 13 249 3 124 2 180 65 222 77 92 238 203
    139 16 123 75 103 206 42 10 138 205 8 208 207 97 166 214 217 232 255
    29 56 88 152 120 88 113 240 178 11 231 210 146 161 131 208 124 209
    17 12 110 72 108 212 74 158 3 155 226 75 142 230 8 64 215 59 10 136
    182 245 139 133 58 148 50 163 104 223 18 27 62 90 251 179 247 124 58
    155 142 118 237 101 14 164 152 35 69 26 177 189 245 100 147 87 253
    57 10 84 215 147 2 239 154 162 173 80 86 149 85 104 211 70 126 138
    86 160 80 37 134 208 183 134 186 208 250 157 160 130 237 58 76 18 93
    229 194 200 142 77 241 209 95 117 11 237 114 17 205 102 175 143 173
    242 249 102 25 225 132 138 107 24 64 205 136 91 154 254 37 21 238
    176 154 181 121 254 138 25 116 142 184 71 36 102 157 179 146 117 14
    43 224 1 35 83 221 93 248 104 58 161 1 168 237 82 122 116 216 17 23
    126 240 145 232 237 30 21 219 31 211 162 207 32 241 20 229 44 241 73
    44 23 114 32 43 222 242 254 193 221 114 85 42 180 247 67 203 182 139
    203 183 111 3 225 91 225 192 169 173 9 71 176 54 42 180 249 41 255
    150 203 111 47 206 205 114 119 35 192 196 115 52 213 110 64 95 180
    214 168 116 27 0 74 108 187 228 179 120 131 192 130 35 171 86 215
    176 23 249 113 77 68 5 237 89 249 22 33 163 242 17 168 97 246 187 63
    72 35 121 106 104 23 230 173 62 217 225 175 255 107 185 100 10 44 81
    234 156 39 86 115 98 135 75 149 6 53 68 187 187 134 107 30 232 5 235
    202 208 165 14 34 48 214 167 17 74 141 57 239 132 25 56 32 190 7 134
    3 106 26 59 15 253 188 6 167 232 63 97 202 107 25 147 159 81 177 40
    204 185 67 214 107 0 41 16 187 14 223 14 14 157 25 175 118 81 154 3
    205 251 93 215 75 128 253 84 79 99 209 101 163 13 113 62 126 159 137
    206 28 240 156 214 95 171 40 18 248 154 90 116 189 218 27 10 210 55
    5 136 223 224 69 139 177 193 120 89 214 49 60 219 84 215 12 194 48
    126 10 190 181 250 49 197 107 2 188 202 164 183 213 159 115 237 81
    186 211 92 82 104 132 185 183 225 181 233 144 202 83 255 118 170 173
    156 62 175 86 130 233 218 88 101 160 231 219 103 101 24 209 123 161
    194 43 240 71 21 170 163 1 38 62 24 212 41 20 236 197 211 164 199
    130 113 190 100 8 209 236 53 30 178 191 66 208 83 11 215 172 241 196
    40 229 44 3 171 78 50 96 244 122 140 61 86 183 93 186 218 191 104 47
    73 187 167 119 212 194 234 134 72 182 183 212 133 203 55 121 73 6
    228 11 164 138 217 94 54 174 0 223 165 234 169 132 167 217 59 83 250
    137 64 62 140 168 29 217 25 169 40 74 141 195 172 70 5 235 251 145
    126 250 125 18 18 180 92 179 134 157 158 173 225 48 5 97 152 145 214
    115 26 133 44 243 173 204 240 24 188 60 241 250 136 134 92 66 153
    174 115 46 192 13 11 253 20 91 11 184 183 167 247 83 97 228 9 78 178
    35 0 93 210 34 74 52 204 187 57 18 45 254 201 19 242 197 238 25 13
    230 158 147 15 191 132 133 169 191 233 168 3 128 80 98 169 109 47 5
    118 247 47 159 133 135 163 255 79 156 228 5 132 95 183 154 31 180 76
    92 185 249 79 54 78 117 186 18 169 171 130 121 95 84 61 80 44 181 59
    27 151 95 8 171 163 182 220 211 50 161 55 33 42 232 66 184 87 109
    241 4 15 91 206 113 214 118 194 52 98 124 147 64 56 53 36 78 246 153
    101 165 78 146 210 63 48 66 99 30 31 241 44 154 131 22 25 227 104 64
    110 154 231 68 7 33 76 17 136 108 73 73 188 221 20 200 231 163 229
    218 94 125 57 59 167 233 32 74 9 17 44 33 123 98 104 135 252 80 153
    44 82 68 161 153 164 242 37 201 182 42 167 179 83 158 228 63 67 181
    203 244 249 72 128 24 41 25 228 171 88 46 125 237 113 95 39 254 254
    127 141 2 102 76 253 87 202 35 4 4 71 175 9 150 4 79 135 137 98 42
    82 150 225 175 20 137 57 179 246 44 188 6 231 0 19 23 127 84 120 71
    112 137 1 61 126 242 19 146 11 203 184 99 196 173 25 137 105 75 35
    77 204 95 84 117 141 236 88 180 119 142 109 175 118 98 139 62 116 12
    173 141 106 220 197 33 154 82 112 77 77 210 250 26 161 250 42 177 46
    183 98 74 182 114 209 100 163 233 118 194 10 7 224 93 57 125 130 117
    127 52 149 113 216 171 85 136 244 232 25 109 213 53 90 128 148 150
    142 231 201 73 176 26 102 20 110 248 44 161 43 53 174 118 196 45 62
    91 243 187 114 50 110 36 114 88 32 154 137 80 217 222 158 159 206
    221 226 9 200 193 30 223 87 35 242 21 3 17 230 81 111 212 149 88 30
    97 189 133 28 122 61 194 133 44 52 11 196 210 87 38 246 88 9 63 60
    46 125 109 54 172 169 109 16 253 175 1 163 152 4 244 42 73 188 254
    73 69 58 243 157 105 14 197 177 131 231 70 3 89 158 236 25 121 26
    143 183 98 120 190 87 180 174 28 88 121 173 16 60 30 44 245 9 145 90
    68 89 151 150 8 183 253 152 75 38 177 116 222 42 139 185 130 8 206
    30 163 93 65 157 59 234 191 124 240 57 23 124 199 225 88 15 160 0 23
    201 200 205 101 246 223 116 198 37 113 111 195 242 22 169 43 25 213
    140 235 181 155 102 125 75 213 46 34 138 201 95 17 197 18 202 34 59
    3 123 8 173 80 79 252 112 82 24 2 169 215 15 59 67 220 163 59 73 124
    87 8 161 151 71 176 114 0 37 227 40 27 157 101 250 157 191 4 13 53
    163 188 138 231 177 38 237 57 96 177 80 215 1 35 139 124 7 61 3 18
    156 183 56 58 251 24 20 150 40 103 172 40 197 32 1 247 202 140 163
    37 121 222 17 253 237 61 2 232 20 11 196 184 21 201 216 2 72 164 145
    121 16 250 178 66 165 37 133 81 139 45 11 9 52 180 78 217 102 55 84
    174 254 168 138 165 194 147 83 102 117 28 173 62 222 168 201 32 23
    171 151 31 205 13 139 101 76 145 218 217 215 234 229 204 57 255 246
    208 148 122 17 124 168 10 37 240 156 9 57 140 112 12 53 239 248 197
    107 243 85 66 195 15 205 35 63 183 107 188 11 10 75 71 90 166 60 165
    75 166 251 77 239 42 212 145 136 50 84 35 137 54 182 173 177 108 46
    134 202 57 219 17 134 146 189 228 19 87 92 47 213 8 197 66 185 229
    116 128 26 237 173 58 6 94 115 147 110 3 63 140 209 241 215 207 64
    10 98 35 80 207 23 155 223 197 25 235 103 111 205 118 2 93 111 44
    133 214 3 20 229 178 237 17 115 56 59 145 58 99 212 240 181 162 198
    178 162 187 194 24 0 172 101 16 70 127 127 97 185 152 83 79 158 41
    102 153 98 90 228 26 162 97 190 30 125 86 35 228 53 195 102 18 208
    215 198 180 164 249 65 163 88 144 199 226 172 1 150 108 102 15 191
    37 136 64 209 95 218 140 51 112 152 62 12 136 123 242 228 32 23 150
    233 42 223 177 185 89 50 25 136 72 173 109 95 113 184 253 12 49 200
    149 216 14 199 236 42 34 235 178 156 10 87 233 70 212 100 48 181 117
    135 209 63 65 72 16 227 4 190 117 40 1 247 64 156 191 29 138 34 47
    166 108 180 1 5 146 159 145 130 216 149 46 36 95 201 137 12 86 177
    184 127 50 197 29 106 156 149 148 27 130 73 244 225 63 234 180 109
    52 29 69 200 236 172 44 135 255 143 230 126 197 252 134 25 7 214 143
    186 61 40 221 117 75 178 31 213 239 101 240 143 79 226 75 3 175 234
    128 62 6 44 14 152 125 103 170 77 216 194 227 17 173 115 183 69 124
    126 210 203 5 224 65 225 97 17 22 5 43 200 227 212 234 21 210 86 120
    185 181 133 53 171 139 184 49 86 94 52 138 80 8 232 93 222 54 252
    119 40 7 196 36 52 202 158 53 110 3 217 198 0 199 222 76 168 61 124
    225 232 57 149 17 154 43 249 63 164 44 139 215 182 99 24 88 254 120
    81 138 154 100 232 20 202 168 2 40 161 4 93 229 239 236 215 48 114
    149 75 30 5 50 42 208 74 156 153 183 67 36 131 131 219 152 172 96
    214 68 71 203 80 150 208 30 254 46 22 33 203 194 109 157 182 203 168
    80 187 166 210 119 101 82 241 162 169 3 87 67 217 159 105 132 125 33
    165 212 244 193 144 0 225 142 233 233 134 247 75 151 158 170 126 230
    48 210 134 156 129 141 224 89 101 199 6 188 15 163 98 56 41 75 239
    183 167 78 46 39 98 3 176 69 148 151 75 181 85 236 145 65 231 56 209
    46 64 39 156 197 57 143 109 241 32 215 81 3 93 177 97 162 118 255
    130 224 74 117 105 57 119 177 102 109 112 84 153 40 228 46 75 147 37
    152 140 101 91 142 68 46 213 24 153 228 255 53 222 195 33 163 253
    196 15 230 12 163 63 70 48 64 150 249 170 28 160 106 91 55 52 197
    250 220 60 20 137 185 150 164 59 51 250 43 207 149 181 220 77 44 157
    104 53 17 63 51 36 85 155 93 108 8 140 191 35 192 19 176 23 32 111
    110 3 225 39 34 71 242 102 116 200 2 79 228 226 0 66 89 75 129 238 7
    144 24 84 91 164 169 233 169 58 33 167 247 215 40 107 80 135 247 10
    218 82 153 91 194 12 80 125 2 188 160 70 158 177 254 152 47 61 2 131
    197 46 173 38 85 196 9 102 11 57 201 242 100 53 147 97 157 206 112
    172 213 141 144 171 243 227 33 129 215 100 165 77 134 227 150 148
    170 40 39 65 172 75 46 242 244 137 148 219 236 143 11 67 94 39 30
    247 225 176 140 81 243 81 231 6 5 169 155 155 46 86 94 189 10 123 58
    61 91 243 245 176 212 130 124 77 5 45 59 107 142 127 23 74 53 198 44
    87 22 89 74 31 158 242 77 138 224 89 24 111 121 228 242 101 196 208
    89 199 52 127 86 40 128 114 174 117 31 193 181 99 151 170 135 47 74
    210 30 246 236 6 212 38 189 85 180 197 74 116 93 205 208 207 140 55
    59 240 50 11 197 93 71 159 73 247 99 200 223 118 244 169 101 87 184
    56 4 97 169 127 33 246 30 116 88 18 79 136 107 126 113 27 37 171 213
    62 118 188 63 38 76 139 87 18 6 12 21 159 209 35 188 49 137 0 230
    149 151 147 34 215 2 23 242 241 203 111 119 124 102 77 121 34 213
    253 119 150 125 85 178 56 134 45 179 225 223 101 143 86 57 174 189
    202 177 50 192 177 206 97 69 251 56 176 152 243 56 248 141 33 184
    149 137 120 146 216 23 35 60 13 128 200 151 130 234 221 204 48 64
    137 11 237 198 168 153 174 61 8 221 124 63 0 37 35 37 106 32 63 99 0
    128 25 24 85 186 188 173 235 209 183 15 89 237 170 172 39 168 155
    136 81 253 36 89 56 214 207 28 46 238 47 206 157 145 61 224 110 227
    75 71 68 151 111 131 61 96 186 168 59 255 246 240 173 29 125 137 5 1
    155 144 237 56 1 53 86 215 156 177 80 250 246 24 11 162 94 66 92 6
    71 209 137 239 59 149 244 245 160 119 17 251 41 99 211 238 235 208
    40 38 169 244 207 63 205 230 84 252 226 140 230 82 238 160 203 245
    150 50 38 212 246 27 82 192 23 194 72 67 153 163 14 138 240 179 188
    201 223 52 229 40 131 15 232 10 145 111 245 11 5 241 253 88 77 19
    244 225 106 146 62 229 81 27 67 186 23 197 107 73 240 184 181 8 60
    158 224 231 151 149 45 5 44 64 165 205 219 246 30 96 242 86 252 105
    103 199 62 236 90 81 176 194 136 75 150 228 213 142 87 32 234 37 189
    123 146 205 255 30 218 93 105 161 155 116 30 116 89 137 243 198 219
    9 34 105 131 67 246 154 183 77 234 52 27 190 130 171 121 243 148 102
    107 109 17 101 99 89 205 168 65 175 245 74 249 181 14 173 247 247
    233 187 129 78 162 199 136 35 171 144 138 165 123 21 230 113 24 161
    23 127 111 171 147 109 97 251 159 150 153 132 151 255 36 160 233 255
    7 63 196 152 233 219 236 30 143 162 198 56 225 195 205 175 29 38 55
    212 138 145 130 193 252 5 34 92 213 22 79 22 35 9 174 196 148 8 148
    57 141 221 62 186 134 216 170 235 98 75 253 19 206 179 177 29 37 4
    142 196 217 248 12 147 123 226 190 246 245 99 232 231 104 170 76 206
    206 108 95 69 207 67 141 187 208 81 244 111 35 236 61 51 16 42 234
    99 114 129 10 129 123 186 105 198 182 250 165 44 139 186 161 177 109
    227 245 54 126 177 161 120 4 121 66 49 144 200 91 190 70 29 90 249
    66 67 169 83 149 48 170 40 0 53 59 5 174 2 62 76 188 11 90 51 178 28
    65 33 89 231 61 44 42 196 8 242 27 212 112 249 225 37 200 165 137
    142 185 28 113 125 216 77 70 120 161 53 166 196 136 62 124 148 63
    190 50 187 15 236 11 89 204 135 249 107 9 203 208 24 22 225 151 206
    136 182 116 154 170 2 244 158 242 39 45 128 148 227 231 86 46 155
    200 239 243 2 113 6 245 203 224 254 187 201 49 115 208 19 35 133 95
    247 236 147 11 89 103 212 157 235 159 100 0 161 248 167 137 32 141
    182 125 179 177 17 194 68 35 94 9 61 222 61 15 87 201 116 87 208 55
    157 119 191 104 184 9 127 224 180 244 147 239 143 210 103 5 190 45
    255 157 11 46 168 49 170 96 75 144 216 188 80 115 116 168 67 255 244
    52 40 103 32 45 161 243 90 161 167 87 38 146 88 17 246 127 84 10 179
    58 37 243 190 238 56 201 131 18 23 157 66 92 109 72 247 95 134 91
    245 36 97 182 3 7 34 122 98 179 162 64 63 28 71 253 72 22 226 158
    169 80 198 212 75 222 153 44 49 125 195 105 98 241 91 45 34 229 157
    17 88 102 33 63 21 90 159 226 155 160 114 58 54 179 125 38 133 102
    46 192 161 189 131 171 95 52 224 211 215 213 91 242 127 191 121 176
    123 145 21 13 142 227 128 122 218 239 170 61 18 222 223 48 252 127
    218 205 249 108 112 88 31 49 110 191 169 183 176 139 93 173 38 112
    22 133 230 159 182 241 163 225 160 187 185 157 12 229 254 3 246 145
    111 81 198 192 55 147 24 89 108 223 92 57 90 92 1 26 1 150 138 172
    230 0 227 80 40 245 33 162 151 251 105 218 121 67 209 83 9 46 216
    217 164 193 189 121 123 89 231 125 49 8 247 5 62 144 247 185 117 102
    126 149 44 31 176 251 234 178 186 205 13 107 34 232 94 3 113 24 168
    77 244 109 24 137 158 185 211 135 189 246 224 113 218 119 110 198
    246 29 190 149 171 115 249 206 108 230 195 61 188 171 11 73 172 123
    7 253 55 189 71 29 176 143 224 176 41 108 11 185 125 107 226 166 16
    108 157 83 10 19 181 222 42 209 250 105 206 248 251 35 103 154 134
    10 252 222 53 97 158 42 143 171 13 6 57 252 101 111 33 163 107 26
    211 131 111 49 252 143 225 0 30 89 114 2 130 208 42 80 127 204 171
    242 128 109 201 147 68 75 9 137 123 246 131 231 5 33 161 104 4 99
    204 62 71 106 184 33 74 40 172 206 70 49 55 97 22 242 217 220 201
    128 209 42 115 148 157 240 96 212 98 112 109 167 241 200 204 66 254
    133 95 91 211 98 213 204 231 158 21 152 132 249 197 246 64 101 48 14
    105 152 24 31 151 244 127 1 161 121 230 33 78 87 29 92 181 61 250 30
    129 163 129 220 98 93 20 18 111 187 218 85 207 115 224 170 180 186
    191 212 144 166 176 108 252 155 14 219 185 150 78 33 174 210 78 213
    9 230 171 89 94 164 188 29 132 128 5 247 80 45 60 100 139 51 26 198
    234 225 92 151 41 192 174 221 223 209 1 210 162 157 20 109 86 145 71
    194 87 234 240 193 247 59 215 109 252 68 115 76 102 218 181 20 194
    146 204 251 234 13 146 20 18 144 216 89 22 44 141 58 123 69 26 98
    232 137 241 119 202 216 253 38 85 70 198 46 228 47 172 77 238 179
    182 117 29 27 156 99 241 105 222 120 162 58 143 166 116 84 88 184 4
    39 44 38 7 73 143 189 180 200 147 182 95 49 129 196 37 10 145 130 23
    132 63 70 239 227 213 150 27 65 112 127 219 137 121 35 142 96 136
    243 186 53 3 182 148 113 213 174 9 217 46 99 140 5 132 200 159 76
    239 64 166 6 141 185 185 90 230 122 40 166 138 33 176 139 177 8 240
    35 203 0 193 93 83 247 166 73 199 241 129 18 244 98 248 136 228 176
    246 51 226 158 249 90 1 116 51 82 149 67 86 248 169 117 226 88 96 2
    193 169 218 155 70 49 253 102 74 106 78 119 199 140 63 56 50 246 150
    166 187 113 244 31 104 64 24 142 194 115 111 166 233 56 167 144 15
    130 70 172 213 177 3 21 81 71 100 2 123 228 206 248 126 58 7 31 111
    11 47 104 201 14 170 185 207 173 218 196 22 142 189 67 54 165 168
    249 156 189 116 50 59 237 95 217 61 171 239 80 231 7 99 231 52 220
    65 94 147 240 231 151 189 98 172 152 73 64 188 152 254 138 58 226
    157 215 167 82 182 221 243 37 69 27 53 250 44 100 103 2 1 84 60 77
    117 108 107 255 172 12 212 216 9 82 50 47 179 203 42 8 28 157 67 149
    30 114 53 204 193 132 88 91 63 41 81 54 49 88 52 9 220 119 225 250
    120 191 57 166 88 109 29 37 114 103 72 158 251 210 224 55 18 164 161
    205 9 1 97 145 160 6 207 241 94 26 0 176 150 207 209 97 133 203 14 6
    198 219 222 65 225 252 75 173 5 24 2 155 234 100 166 70 229 215 108
    55 253 173 155 127 66 205 95 79 207 243 26 21 55 9 64 20 35 247 16
    47 227 60 124 51 170 64 231 31 30 95 205 120 17 62 32 187 21 221 150
    250 70 83 4 151 251 132 153 211 247 215 162 22 30 18 219 22 57 171
    229 55 136 157 96 113 84 20 94 133 135 242 38 102 183 215 220 5 52
    56 36 99 159 178 161 27 237 25 169 249 199 38 192 57 23 27 147 213
    24 102 226 101 2 169 86 183 29 237 8 151 29 211 247 125 119 129 235
    96 227 88 180 122 189 102 68 175 88 50 231 35 155 168 29 29 157 99
    82 100 8 140 156 127 230 55 133 29 137 97 43 185 181 39 193 215 222
    107 1 241 36 155 159 99 126 8 204 148 9 88 222 62 91 107 60 99 225
    88 60 14 13 150 84 28 248 223 85 100 154 14 248 135 199 46 8 240 139
    193 59 89 159 172 38 202 239 54 237 179 73 23 91 148 14 126 1 39 235
    80 29 63 193 36 24 133 143 25 219 201 159 164 178 240 251 38 131 203
    93 63 96 84 104 226 127 249 198 49 247 252 15 46 147 123 129 180 142
    145 176 29 245 186 43 130 132 115 23 118 100 39 77 122 69 43 95 161
    40 102 7 16 85 156 31 253 78 29 39 253 50 155 131 191 232 248 242
    246 227 90 142 86 84 220 10 164 217 109 60 136 14 89 81 144 138 42
    44 23 132 145 21 176 51 65 18 254 99 195 58 26 209 130 152 179 14 91
    106 193 73 47 248 85 16 0 129 108 197 231 93 247 122 18 255 68 26 31
    2 2 98 116 106 0 66 255 58 197 174 185 169 70 230 135 131 102 248 43
    209 100 94 109 157 73 191 56 87 29 162 208 189 38 30 143 106 79 252
    170 117 189 111 6 191 104 59 20 253 203 18 153 205 94 128 158 119 23
    144 86 102 138 176 194 170 223 117 19 123 181 186 207 4 170 157 53
    71 127 84 145 5 113 252 168 131 48 186 110 27 243 35 208 181 185 111
    111 243 156 143 100 1 238 42 235 84 181 122 181 100 98 162 110 250
    82 252 228 216 159 192 140 129 233 139 113 191 118 0 130 7 40 13 241
    183 232 199 160 107 74 151 13 6 194 238 157 209 211 3 29 251 127 165
    206 43 245 220 213 85 179 105 147 241 225 200 235 47 236 122 134 95
    99 89 86 203 255 180 239 153 120 174 74 14 147 141 49 53 171 67 184
    138 154 242 7 48 149 226 139 93 97 16 85 9 232 211 61 157 121 182
    129 252 14 192 227 190 237 24 121 80 54 134 205 108 49 93 65 96 154
    161 40 218 158 5 82 142 31 179 207 140 230 174 5 121 25 218 1 80 161
    168 236 48 251 115 169 51 85 249 174 110 93 143 69 227 13 122 96 146
    111 116 142 132 242 45 218 1 151 52 99 177 209 68 43 134 38 138 192
    12 181 58 103 70 56 248 164 130 179 201 124 128 152 67 157 208 192
    31 73 86 100 126 174 64 11 208 249 79 214 111 164 212 81 239 227 8
    61 159 150 169 193 210 24 48 122 198 107 244 166 227 160 112 215 3
    49 97 26 11 135 103 102 9 55 142 6 69 71 91 231 139 220 118 190 112
    20 125 54 247 106 12 192 79 92 121 29 16 189 28 15 82 112 193 215 70
    174 211 94 158 177 28 21 200 149 165 13 28 56 21 66 57 207 166 197
    94 14 195 177 239 114 249 184 7 228 98 46 145 17 36 167 217 11 222
    113 8 181 188 21 125 119 196 142 27 51 185 34 100 29 22 64 109 212
    130 75 247 189 58 168 216 96 196 154 1 224 105 181 15 179 22 182 212
    71 190 44 199 221 244 18 127 8 177 246 102 90 214 74 56 143 167 207
    119 111 72 176 246 28 150 101 158 21 140 32 121 133 57 54 188 197 51
    141 199 147 86 135 178 216 109 115 199 174 34 68 99 199 217 77 20
    139 12 126 166 106 176 171 17 185 55 119 209 55 107 222 72 129 208
    206 81 213 138 30 187 218 102 161 240 234 61 46 6 152 217 173 245
    176 155 86 166 127 100 36 188 115 32 215 208 151 148 178 116 18 80
    29 66 191 251 179 128 210 118 128 221 42 20 116 127 14 83 118 91 245
    170 199 208 136 178 229 33 214 176 240 160 244 147 82 83 86 40 142
    149 63 118 29 95 97 186 104 206 99 226 69 194 12 177 204 3 36 92 206
    60 196 193 60 190 57 85 129 183 124 85 131 24 58 5 167 154 226 238
    150 50 211 210 220 167 96 147 35 111 69 94 201 0 56 89 19 94 95 105
    205 93 76 228 96 107 227 134 188 211 106 129 132 175 31 28 162 111
    24 233 9 171 67 18 176 140 9 147 73 162 205 160 96 58 87 4 200 109
    138 224 130 53 74 22 93 16 83 134 91 3 19 147 208 12 177 150 244 197
    173 144 208 235 131 131 161 208 212 59 20 198 37 114 105 115 4 106
    114 248 85 106 94 90 76 97 166 126 45 8 118 51 245 66 169 189 114
    114 179 225 88 125 61 136 201 166 101 13 31 140 12 29 252 64 76 141
    233 86 75 60 124 91 233 33 232 112 122 111 60 151 108 94 251 83 152
    114 145 236 194 144 215 65 232 39 140 100 210 104 217 242 64 250 53
    45 128 69 33 37 53 179 132 151 243 235 136 210 95 66 83 56 111 26
    117 143 234 143 187 35 17 20 174 147 16 232 100 161 9 117 212 126
    111 196 71 63 17 210 18 148 26 249 132 119 111 158 176 55 101 50 155
    101 152 145 104 113 66 249 82 85 59 164 217 32 52 189 69 88 102 121
    139 122 150 154 24 191 50 129 125 204 177 136 122 122 18 1 129 13
    170 8 167 148 166 101 206 69 126 201 95 239 49 212 92 78 74 77 222
    141 157 247 197 131 153 222 178 69 141 69 129 100 34 200 59 228 102
    21 143 154 223 180 73 80 115 47 149 196 233 155 85 194 213 100 155
    135 156 92 238 72 123 15 4 117 101 36 35 98 54 99 198 170 251 25 146
    125 206 141 32 154 192 212 146 139 131 66 184 44 90 15 129 206 152
    250 125 28 118 186 124 136 102 3 166 223 29 52 65 26 206 115 182 1
    189 218 16 201 33 207 107 77 32 247 104 107 100 163 158 229 177 85
    38 207 18 85 220 87 75 182 207 203 142 83 68 35 28 221 144 178 127
    99 65 171 228 140 113 43 164 108 25 206 165 108 126 168 174 182 106
    213 88 158 6 195 60 112 26 52 210 73 82 190 152 155 247 14 85 179
    206 153 199 115 219 121 223 205 119 123 5 12 87 79 226 8 2 8 151 183
    17 134 26 133 157 148 24 157 8 44 36 208 27 134 191 76 35 66 211 2
    28 169 221 71 63 202 175 71 163 202 69 219 73 255 183 153 41 27 130
    136 169 57 189 161 190 114 167 235 107 81 131 223 182 31 119 25 198
    45 115 6 160 16 159 247 110 179 69 77 88 244 77 161 79 59 32 31 98
    83 14 107 66 22 27 76 76 199 184 68 164 66 203 25 137 11 182 37 233
    185 76 135 170 15 205 145 247 46 27 13 178 27 101 106 54 127 44 143
    251 36 101 210 97 17 220 33 231 68 54 120 30 153 114 140 200 235 164
    0 175 88 9 28 22 17 90 17 235 43 186 33 156 36 234 215 128 118 102
    62 158 106 180 10 84 250 171 185 27 177 147 199 182 239 243 90 61 61
    141 242 210 208 104 154 31 64 188 79 10 68 131 79 175 162 56 154 208
    225 75 203 83 79 7 241 82 11 135 240 24 234 143 193 49 206 76 252
    254 88 127 128 46 148 142 47 16 195 204 130 169 180 124 250 143 41
    42 175 50 193 207 218 91 25 254 136 126 159 79 215 4 9 164 8 143 88
    171 174 8 207 130 113 216 107 133 97 27 146 37 160 23 140 46 68 164
    106 243 6 244 143 57 200 110 131 180 232 96 3 28 144 134 191 174 44
    39 31 157 208 90 166 28 135 17 43 229 69 36 119 207 238 144 227 208
    4 125 176 45 96 155 201 119 248 122 228 13 42 173 171 221 94 201 122
    103 110 106 194 251 159 68 43 42 143 216 125 64 7 30 191 43 252 194
    86 8 228 11 59 39 96 192 25 51 250 141 17 114 60 211 170 144 85 180
    189 64 246 56 90 41 10 42 223 20 198 38 137 78 116 113 81 138 58 154
    194 125 186 153 165 213 55 152 164 225 122 138 1 4 7 233 113 223 90
    75 44 236 188 108 178 238 156 86 78 26 176 169 105 170 60 24 146 224
    168 180 24 1 224 40 241 167 68 109 106 226 146 197 0 103 87 87 236
    60 214 78 77 241 179 224 63 68 190 163 111 252 57 167 159 166 252 58
    185 147 152 173 163 172 208 148 46 146 93 143 247 127 208 226 192
    169 112 206 134 6 62 68 70 85 28 218 184 98 124 136 38 119 210 205
    136 164 0 21 41 223 181 22 71 101 220 239 128 57 69 100 37 165 9 191
    250 165 148 14 8 207 196 207 83 203 219 250 157 36 30 7 63 47 60 253
    26 44 7 218 144 200 76 74 119 116 108 71 150 89 156 244 1 66 237 165
    239 254 61 95 220 79 186 151 170 214 168 29 142 47 148 138 135 173
    226 24 108 218 144 164 188 13 214 234 64 80 133 20 86 101 183 254
    217 113 106 51 82 25 151 95 149 140 187 7 132 40 14 34 126 59 52 174
    212 50 20 214 41 180 139 183 162 119 208 15 64 27 67 79 209 174 62
    208 189 73 89 42 186 65 116 54 15 123 204 155 239 182 18 47 37 61 95
    55 123 123 30 16 230 92 232 43 88 24 60 79 154 244 254 189 10 242 72
    179 152 90 39 47 186 96 213 72 245 129 61 136 246 144 148 181 89 29
    132 12 184 114 126 181 249 184 184 132 49 244 5 12 234 76 109 214
    209 61 66 78 135 55 220 42 189 236 47 148 243 72 127 214 244 240 174
    133 130 48 16 92 70 190 4 61 84 251 68 52 98 1 187 44 128 184 164
    138 170 241 168 176 140 21 86 235 128 99 117 20 27 13 198 146 64 189
    73 200 183 88 37 120 30 67 6 2 137 140 167 147 78 14 4 186 150 152
    17 122 174 244 253 35 44 30 188 218 44 32 191 122 221 171 216 19 83
    185 87 107 188 38 196 52 254 198 255 250 33 22 159 243 28 143 74 103
    239 218 99 34 73 200 139 194 210 77 58 203 228 213 180 207 68 84 246
    83 185 51 92 240 246 251 140 79 101 207 144 219 129 111 219 194 136
    228 90 182 184 88 90 0 127 211 243 185 71 252 232 162 154 143 116 8
    198 52 246 140 206 164 243 140 75 132 163 97 19 26 176 203 234 242
    81 64 138 3 63 113 196 209 41 152 103 19 206 10 101 199 116 63 163
    40 1 152 209 118 104 136 159 57 221 2 204 182 84 100 87 13 251 76 37
    19 171 9 239 82 215 97 185 201 172 17 105 62 42 190 225 206 195 232
    54 26 110 106 195 58 113 97 72 184 87 93 77 220 230 9 59 121 173 211
    93 166 199 97 168 237 73 221 176 223 244 214 232 53 248 122 47 69 21
    159 183 199 101 118 243 144 130 4 210 140 196 49 128 80 48 16 11 96
    199 80 145 209 85 156 5 104 105 164 208 215 44 56 113 176 212 196 64
    241 210 10 235 243 39 29 254 111 55 80 84 134 65 78 115 76 247 33 6
    80 105 122 75 109 121 36 186 154 43 102 35 163 174 65 132 114 153
    138 149 246 116 15 36 57 255 98 12 74 234 143 238 74 189 114 93 145
    127 59 50 110 89 245 47 244 27 243 131 25 2 220 154 238 238 130 93
    98 217 64 60 177 98 101 56 198 11 29 101 28 54 26 27 196 29 228 4 3
    16 240 181 251 251 12 207 199 132 38 247 45 253 154 202 123 205 179
    175 152 231 57 227 56 132 156 45 180 45 95 245 72 80 235 47 112 240
    229 78 153 135 254 218 2 193 138 223 204 28 234 167 147 200 65 167
    55 14 36 96 90 247 161 28 91 51 92 45 29 49 159 84 31 175 85 56 180
    255 193 200 143 141 99 97 181 121 128 110 98 78 17 170 25 200 66 251
    246 91 15 191 24 162 90 76 185 204 103 229 25 63 203 253 152 125 243
    32 69 108 152 145 9 244 193 62 19 185 89 200 41 2 156 182 123 119 77
    121 240 148 148 242 29 182 23 140 212 84 185 120 189 244 16 43 224
    20 227 4 173 135 212 78 193 101 21 69 198 4 32 72 77 151 208 114 106
    144 140 64 119 34 195 138 29 133 212 227 57 207 121 118 159 109 218
    207 197 27 241 11 15 86 50 44 114 177 132 242 78 185 183 15 109 255
    52 191 17 1 234 121 31 77 39 182 255 224 53 201 208 147 129 201 49
    58 135 158 244 164 63 10 132 14 13 149 149 206 139 91 194 62 142 99
    135 148 87 160 151 117 159 215 94 136 89 234 63 139 117 55 68 144 50
    207 239 136 71 60 178 15 125 8 137 172 54 57 158 249 205 150 231 251
    240 64 223 12 234 18 44 70 249 177 26 45 11 81 49 94 220 114 182 133
    174 169 6 135 178 197 92 173 53 114 209 63 125 193 128 152 193 153
    128 179 170 34 221 32 175 31 242 178 141 70 165 19 4 38 247 80 199 1
    100 11 191 127 20 165 51 142 64 227 167 2 37 222 21 126 240 72 113
    231 188 16 246 198 107 104 200 12 236 24 122 27 164 140 225 24 58 0
    52 201 164 25 133 78 67 158 149 124 151 121 173 224 59 239 196 137
    181 216 153 107 151 90 244 228 82 157 20 108 172 67 216 54 3 228 192
    118 29 39 162 117 110 2 193 120 154 216 158 246 149 228 246 2 40 127
    220 31 233 88 129 145 223 18 172 108 247 78 255 3 82 53 173 3 20 29
    113 179 123 147 38 76 59 86 209 5 34 105 227 216 161 125 140 63 2 45
    3 133 241 93 165 173 65 225 20 211 107 33 79 97 50 45 9 21 115 218
    128 76 172 26 54 16 166 83 241 8 233 227 88 34 252 1 159 142 203 37
    77 206 40 85 227 99 249 156 181 77 208 98 240 126 243 121 37 8 124
    10 133 181 91 175 170 70 173 222 229 195 250 114 49 53 215 92 226
    108 136 216 60 31 21 77 43 51 165 207 245 44 146 137 32 244 190 24 0
    149 37 105 16 239 21 103 229 247 52 61 209 3 65 29 7 113 205 236 73
    89 211 103 132 95 97 96 213 58 232 49 26 221 179 241 119 5 83 201
    156 82 6 131 181 212 207 199 88 223 249 92 242 144 140 59 72 85 66
    37 220 23 9 18 243 126 218 91 210 52 235 204 125 175 93 191 54 202
    255 194 52 236 12 86 80 106 189 153 107 234 164 62 67 25 131 38 136
    43 32 231 184 213 151 150 79 166 78 45 193 108 220 54 137 75 25 74
    45 13 29 49 211 196 40 69 40 151 66 127 6 254 246 238 73 67 196 168
    43 77 97 172 116 143 225 165 236 103 254 9 224 232 15 154 230 166
    126 132 25 6 125 159 22 104 224 204 60 46 23 81 170 33 57 105 130
    151 184 123 117 151 212 214 162 158 164 176 123 252 247 89 85 164
    227 95 191 205 154 231 198 43 154 240 191 151 68 123 228 183 174 160
    123 83 149 112 28 223 51 116 69 20 95 14 142 127 55 154 36 144 96
    126 75 128 235 53 57 218 209 226 83 15 231 35 10 39 84 203 253 30
    169 234 18 235 5 15 33 21 31 13 73 10 19 194 11 254 104 62 41 173 63
    243 176 200 15 178 102 209 107 222 44 1 246 102 40 149 147 233 18 27
    34 11 226 210 187 155 193 110 77 152 77 122 94 181 71 71 160 227 171
    172 44 226 60 129 85 31 29 136 104 19 127 31 62 228 13 106 174 203
    155 221 90 246 131 254 231 57 120 160 158 115 190 193 239 209 164 87
    42 25 81 23 124 152 57 124 51 63 88 221 241 190 230 51 253 243 205
    142 185 193 253 142 133 252 213 38 162 135 103 204 164 220 5 124 91
    242 32 15 186 11 172 153 2 13 179 170 58 0 137 161 248 40 62 46 30
    57 242 201 12 128 198 218 137 76 14 54 227 111 5 6 114 100 195 251
    130 196 94 147 222 146 211 167 96 226 153 35 6 124 236 62 46 14 51
    97 124 4 209 212 191 167 171 189 147 152 243 232 222 15 159 249 140
    34 225 28 143 99 171 67 162 112 100 16 34 214 247 100 128 223 192
    123 126 82 96 206 199 111 173 36 60 188 25 147 128 167 33 73 152 101
    60 166 199 117 248 96 94 58 109 68 110 86 1 181 49 172 230 173 255
    201 46 135 209 6 85 198 169 227 122 73 220 185 193 227 207 148 214
    244 236 237 186 143 232 14 208 1 41 250 92 126 242 161 56 46 144 69
    238 121 84 182 119 179 122 159 24 3 74 209 176 193 164 105 14 38 154
    204 153 170 160 238 238 210 78 110 108 2 159 42 162 136 177 203 75
    148 248 85 201 55 10 105 242 1 206 211 165 145 54 65 248 130 115 35
    113 8 110 200 110 181 191 15 24 217 20 185 248 96 242 6 187 183 121
    209 148 4 144 166 195 49 243 126 239 28 64 202 129 149 157 211 23
    234 215 187 97 24 212 134 95 36 189 247 175 2 148 80 118 90 31 132
    207 128 98 42 141 43 185 122 238 37 224 223 136 74 0 202 212 20 102
    241 180 24 25 44 185 60 235 203 101 37 246 67 141 229 172 169 154
    198 32 213 149 209 132 180 188 84 148 36 231 96 225 115 196 222 152
    115 211 134 185 196 99 148 104 116 62 133 153 40 242 80 170 63 5 134
    225 220 39 237 154 232 78 131 141 250 231 248 15 69 252 46 177 219
    158 220 19 13 73 195 3 97 134 86 80 18 224 221 166 65 109 167 52 196
    169 153 74 18 169 242 48 215 229 161 20 215 81 149 113 225 73 102
    174 194 172 20 243 202 11 122 154 97 203 193 189 2 240 227 245 52
    223 56 121 195 134 199 246 189 200 114 84 130 83 238 29 119 164 124
    36 199 187 199 126 227 18 198 82 250 103 216 221 212 30 116 113 23
    195 193 35 60 25 177 12 219 191 29 116 126 228 142 117 6 57 141 149
    59 21 11 191 40 124 47 178 196 91 248 89 142 128 54 177 95 207 8 138
    56 132 195 136 166 136 103 67 153 205 92 161 233 47 38 67 138 213
    213 130 46 84 2 76 231 159 214 164 141 167 198 219 0 206 25 220 58
    233 202 26 85 9 212 238 143 112 202 17 52 62 57 30 199 14 87 17 208
    120 101 224 146 201 175 77 134 50 89 232 210 82 85 28 253 98 90 205
    19 97 140 137 83 140 213 187 11 161 106 97 151 237 75 10 215 23 121
    226 59 46 216 220 208 1 117 158 141 157 157 56 93 68 113 33 244 87
    166 61 146 205 252 225 177 230 21 218 179 81 197 21 61 161 213 126
    131 110 210 108 245 85 48 54 132 231 242 183 73 85 13 45 19 108 216
    81 19 164 156 16 93 174 156 81 142 162 139 216 151 65 103 85 131 216
    139 130 28 75 63 177 194 143 0 129 125 215 60 62 50 62 145 146 194
    29 98 223 70 46 54 124 33 61 219 217 129 100 198 198 126 36 159 3 3
    144 23 123 9 218 220 71 72 77 134 14 48 155 137 139 105 83 73 105 73
    184 69 62 111 136 13 221 28 55 254 53 29 211 25 155 195 15 99 90 154
    34 214 54 162 64 75 255 194 49 250 31 122 20 82 39 234 69 40 160 99
    121 83 223 119 178 223 99 47 39 154 116 106 36 151 184 37 159 36 192
    84 166 20 96 205 8 32 198 100 106 70 64 247 234 160 140 233 211 67
    18 187 23 79 88 90 121 255 25 34 8 177 50 209 100 163 122 56 208 245
    114 130 113 212 129 194 77 170 136 12 3 93 195 148 148 74 126 52 132
    61 116 46 203 202 183 250 25 137 155 155 168 38 95 34 219 174 231
    253 183 53 229 212 200 45 250 106 159 228 36 192 132 68 184 120 12
    10 129 112 229 110 241 217 245 192 196 112 187 34 241 37 72 51 57
    221 122 215 147 70 27 201 166 251 124 254 94 62 17 199 171 224 180
    209 91 230 17 215 216 86 136 246 52 132 159 202 23 101 56 114 158
    139 113 50 44 120 18 188 110 50 240 224 4 248 84 92 37 159 87 58 88
    179 155 133 190 93 171 9 43 14 68 73 104 150 24 92 225 41 196 37 45
    69 137 245 54 125 207 111 229 140 234 169 144 192 109 72 147 128 246
    205 81 32 195 177 16 98 199 154 185 15 7 117 44 162 249 249 246 42
    199 71 219 137 86 168 245 202 48 101 138 48 237 191 41 150 31 61 63
    5 130 0 90 77 226 218 202 232 100 74 50 163 238 187 21 227 224 129
    89 180 2 251 13 123 178 241 254 154 42 74 143 7 125 126 234 59 235
    246 42 70 154 134 25 1 240 206 253 125 122 229 17 129 112 55 164 25
    5 198 147 35 60 26 114 53 78 49 222 237 55 220 196 29 158 4 13 171
    120 92 11 7 138 251 154 82 126 241 30 199 178 192 181 140 140 164
    131 101 79 123 173 134 41 8 88 156 218 148 72 99 146 28 168 91 45
    121 210 111 68 176 9 134 26 196 182 168 3 74 90 57 87 225 125 234
    129 29 22 203 8 12 105 154 232 69 169 34 79 114 121 90 224 148 0 75
    96 126 116 34 34 50 199 199 192 125 242 61 96 153 20 230 54 94 208
    238 197 124 249 70 162 11 15 181 14 94 199 245 144 126 46 24 228 159
    136 128 80 114 186 43 94 149 209 237 54 162 124 83 100 35 129 151 5
    119 76 194 223 50 41 222 255 104 147 229 84 162 140 175 23 121 144
    111 174 84 93 249 209 45 102 168 163 197 244 199 12 112 103 166 134
    166 57 117 157 187 253 75 254 234 198 204 131 6 216 26 241 81 197
    223 69 82 188 200 52 117 37 155 188 211 61 134 32 173 2 249 132 69
    27 224 221 2 231 57 100 124 214 62 239 168 61 27 239 93 125 64 180
    146 116 192 212 193 30 82 139 35 245 231 138 69 41 147 227 254 101
    99 83 41 31 132 184 33 3 42 1 96 144 230 186 146 192 151 255 156 158
    145 52 224 209 68 126 148 232 243 100 226 64 86 91 56 55 249 53 155
    252 112 171 194 153 149 234 107 239 75 113 180 189 93 65 125 162 47
    75 4 175 216 175 96 37 10 229 166 9 255 187 204 28 166 6 208 161 33
    236 121 83 134 147 28 26 73 93 23 129 230 5 70 218 11 198 204 91 210
    222 244 254 247 4 111 70 103 15 71 39 104 108 97 218 170 4 105 200
    30 96 130 26 18 183 252 237 40 250 205 157 44 252 104 8 205 122 121
    53 100 220 214 233 115 52 22 138 86 145 53 46 15 163 93 31 113 129
    55 69 142 59 115 156 97 38 153 39 94 97 104 199 220 82 67 84 192 206
    46 153 240 104 190 72 114 47 160 97 29 105 51 38 73 172 118 180 28
    57 69 52 4 181 173 172 189 158 117 138 75 83 241 180 56 124 92 18 69
    24 229 252 229 197 30 92 172 215 82 0 165 143 76 25 228 192 117 202
    176 35 214 226 10 169 206 184 107 21 223 72 75 45 138 190 197 237 8
    245 74 130 140 26 58 7 179 13 86 103 206 213 183 30 121 247 195 220
    249 39 236 164 25 92 10 169 159 224 25 30 97 39 237 33 104 146 141
    207 178 20 164 195 235 46 124 105 76 27 139 22 203 224 251 106 84
    160 150 165 108 62 77 244 170 31 79 7 163 76 19 74 88 125 151 38 22
    247 224 119 127 120 45 242 16 112 224 46 61 148 226 158 80 105 165
    148 245 227 242 202 206 178 20 221 43 51 116 249 133 107 75 196 222
    247 39 21 86 51 102 22 129 56 134 108 150 165 143 26 157 95 204 15
    44 47 90 96 192 193 233 238 170 10 190 198 74 196 15 121 225 152 117
    146 169 59 123 63 78 223 127 23 187 252 26 32 49 226 224 65 210 222
    123 20 33 66 134 57 142 106 205 124 231 97 245 80 21 14 81 103 95
    110 73 127 69 39 30 244 238 222 198 47 52 103 70 31 108 160 201 102
    159 250 209 53 1 14 237 102 83 173 28 80 247 255 97 171 155 34 73 43
    113 170 147 75 175 236 118 162 135 175 135 102 174 127 242 17 230 27
    24 218 75 102 188 150 67 91 221 102 101 79 153 142 160 17 76 161 15
    100 113 152 200 86 58 146 160 83 226 244 63 221 90 57 233 228 20 201
    252 69 76 52 137 55 13 166 39 253 107 46 209 227 188 72 241 212 237
    152 188 131 123 24 83 29 85 216 186 245 212 20 80 140 230 165 164
    225 39 191 64 168 13 236 219 73 183 161 59 65 133 108 134 247 196
    151 52 115 160 60 2 0 202 183 159 56 45 119 8 229 3 206 102 91 66 30
    133 204 208 237 198 50 82 83 64 182 47 64 39 33 228 31 167 125 146
    166 30 99 86 251 99 161 157 79 98 130 168 164 196 104 83 236 34 231
    173 196 198 126 182 165 136 176 154 205 37 80 121 172 18 52 55 255
    236 56 249 56 252 40 80 52 93 152 62 120 77 134 251 176 136 111 80
    72 201 111 93 204 171 236 119 158 7 126 119 61 94 11 204 1 243 197
    26 18 106 209 35 48 127 151 6 6 69 166 199 71 105 14 236 203 19 90
    61 202 175 9 167 248 111 144 115 253 5 244 206 155 156 44 117 249
    178 34 79 192 131 120 55 9 155 165 126 26 5 110 18 245 10 123 48 184
    81 53 150 214 140 250 7 194 26 147 190 194 195 146 226 109 93 251
    112 172 20 124 16 204 206 186 196 232 64 117 129 122 239 139 222 149
    45 163 107 89 17 122 182 111 211 193 58 199 158 154 129 8 122 100
    239 81 189 195 122 185 84 239 116 75 223 175 167 36 136 18 157 224
    34 215 80 247 212 84 136 167 68 217 32 116 51 86 127 55 123 170 120
    120 30 83 186 176 160 146 160 238 254 220 185 43 205 127 161 239 192
    38 149 6 194 140 111 97 95 164 234 139 55 89 152 14 66 181 170 64 37
    206 40 36 17 191 32 3 102 133 106 105 89 39 226 246 179 63 45 103 71
    237 219 139 137 27 224 19 114 189 189 119 248 130 0 48 59 123 208 1
    225 2 222 91 45 138 234 32 185 158 193 238 137 26 100 155 33 180 105
    239 191 63 152 29 153 8 196 168 166 82 85 217 88 30 205 70 149 175
    39 161 22 184 198 118 17 12 164 182 218 246 111 118 60 23 152 141
    219 230 138 163 69 27 231 155 202 205 36 163 127 164 233 134 126 150
    50 193 248 89 2 184 171 67 67 56 155 156 80 55 238 38 106 62 63 89
    105 215 113 35 168 98 34 122 248 225 53 59 249 72 245 120 205 0 127
    251 219 224 3 48 226 199 225 209 48 218 75 210 69 199 173 137 23 5
    194 66 249 135 183 177 59 23 196 217 242 133 127 226 118 179 129 99
    97 67 37 97 15 110 224 33 157 64 57 25 23 11 182 63 87 9 133 254 150
    35 0 54 29 76 126 50 137 177 222 215 179 196 8 39 76 23 203 139 200
    117 127 129 113 77 78 157 251 67 100 113 244 134 132 175 238 214 94
    31 141 71 152 5 51 247 188 109 242 72 244 159 226 170 184 133 126 84
    6 60 165 8 154 39 20 36 44 80 98 43 0 155 168 52 165 9 153 145 119
    143 96 73 251 237 185 88 240 18 56 94 0 164 157 220 152 14 242 75
    245 176 112 64 169 244 197 70 177 9 109 125 6 31 50 48 251 55 15 48
    215 189 191 224 247 51 107 28 177 242 2 125 162 209 21 83 134 165 3
    175 212 254 178 27 61 206 108 13 4 232 224 141 235 86 131 138 46 72
    40 201 232 35 32 73 185 243 76 162 54 78 178 146 241 171 226 219 208
    248 232 149 139 48 188 131 204 117 179 23 70 107 131 112 47 251 211
    132 160 40 23 240 35 181 203 213 78 126 112 133 94 96 193 43 87 34
    90 198 69 39 164 128 225 165 236 195 255 93 130 114 177 12 48 203 91
    151 98 139 72 246 207 190 160 124 63 195 213 115 21 146 54 190 98
    151 30 68 93 198 78 103 43 55 187 170 50 173 104 177 133 189 238 29
    96 43 98 166 174 130 66 64 88 177 76 149 67 77 140 160 13 49 160 3
    255 156 28 93 78 212 25 98 51 59 153 251 248 88 143 110 21 31 4 218
    15 148 143 133 14 143 248 136 252 41 254 190 150 204 0 186 248 130
    69 245 9 218 195 165 57 17 7 133 199 125 181 3 170 167 7 107 7 169
    20 163 171 60 126 37 154 228 157 124 92 15 212 131 30 254 180 136 61
    154 143 110 253 204 213 107 106 86 25 218 14 48 16 174 223 214 39 70
    151 105 82 183 0 124 62 144 126 18 42 2 59 178 173 131 105 18 84 87
    115 50 239 171 205 130 214 94 67 174 35 24 208 1 61 228 15 13 174
    139 167 236 221 95 12 6 188 29 110 154 153 89 238 20 160 148 93 216
    205 195 205 75 185 39 5 34 224 50 153 154 169 7 198 238 101 88 52 25
    122 121 160 186 8 224 181 134 175 131 175 47 190 93 122 47 162 249 7
    125 159 178 193 132 96 38 4 142 209 35 93 25 78 104 163 212 122 191
    130 211 73 156 96 240 89 94 72 187 166 54 80 166 38 207 186 124 130
    172 8 137 251 221 254 145 18 18 116 145 243 183 134 1 214 157 63 98
    78 207 170 153 157 55 79 2 114 104 64 22 184 122 51 237 211 218 83
    181 143 191 215 170 92 234 136 119 91 10 74 16 136 212 52 109 222
    167 132 207 207 160 161 49 163 57 173 85 33 39 76 157 230 80 79 132
    124 211 132 40 236 207 202 158 117 24 179 148 86 254 58 8 168 130 5
    154 167 66 17 21 10 169 231 67 92 104 79 155 161 227 242 214 3 137
    190 230 144 8 155 34 132 188 143 201 254 42 143 219 229 14 47 89 197
    50 221 5 54 214 60 114 255 252 48 10 165 183 72 17 137 246 88 223
    214 85 74 149 125 152 88 220 22 70 246 13 162 161 207 45 60 255 5
    218 190 168 32 242 128 220 181 128 46 180 171 137 245 223 132 43 163
    235 151 16 221 188 95 117 182 31 65 62 10 110 106 45 57 171 138 239
    150 20 179 130 135 117 40 165 218 164 254 75 57 213 128 211 254 223
    53 16 3 39 85 116 164 227 222 10 41 156 232 244 47 146 27 182 27 222
    170 53 233 234 205 173 20 25 69 39 68 59 220 117 38 70 86 97 177 247
    35 176 194 205 35 149 134 132 132 233 18 156 6 92 10 65 125 225 208
    152 190 73 49 148 99 140 99 163 196 53 63 229 93 202 239 31 247 221
    208 189 14 101 192 54 105 179 27 177 135 141 101 181 105 108 170 163
    96 34 83 98 8 23 224 17 29 224 249 37 130 123 230 109 95 145 149 230
    152 232 2 18 200 218 17 49 211 42 253 122 144 183 245 214 254 144 73
    143 97 39 231 154 202 203 19 165 218 92 129 135 172 251 175 251 237
    55 238 245 190 163 82 10 95 138 202 166 171 193 207 246 24 52 213
    238 42 177 183 200 249 214 159 17 55 87 75 98 143 226 75 201 164 121
    22 222 111 135 122 240 160 250 214 122 164 232 227 133 161 47 89 245
    139 15 92 69 112 130 187 184 236 195 150 151 49 79 223 195 118 161
    103 138 15 197 119 69 13 41 202 148 194 219 85 243 168 74 93 74 185
    79 211 6 72 114 185 26 176 180 198 168 143 99 221 128 210 121 1 82
    253 88 207 173 252 12 76 71 82 221 141 44 21 175 114 198 95 108 143
    179 81 53 84 238 233 206 246 36 174 198 27 110 72 76 149 163 183 254
    210 16 19 219 104 214 238 120 206 78 71 110 81 15 58 76 184 78 16 22
    206 89 71 20 219 110 155 33 245 41 128 239 54 72 29 183 243 41 155
    119 127 81 167 25 15 58 74 63 163 130 235 23 93 183 52 78 102 51 13
    192 216 226 84 93 199 187 110 70 135 162 107 235 174 68 148 221 207
    136 118 89 213 228 88 95 163 74 35 25 208 172 208 67 215 153 139 120
    102 25 158 23 2 134 254 148 186 3 41 65 93 137 76 19 140 50 47 127
    215 9 143 91 47 190 162 19 254 215 65 98 207 46 166 151 139 254 208
    156 87 60 221 209 22 75 116 122 243 185 128 87 58 55 124 212 239 244
    85 114 156 240 241 81 195 78 195 136 243 39 138 120 196 153 68 228
    253 124 68 158 9 179 160 98 133 2 52 96 87 161 96 181 219 38 222 205
    205 186 123 91 247 193 39 196 116 156 15 102 27 14 224 164 242 98
    210 25 11 84 235 199 12 190 112 64 36 138 183 68 49 126 240 198 125
    178 227 142 71 140 152 104 0 230 61 236 230 169 202 41 109 10 79 134
    228 60 120 33 107 96 152 44 181 233 6 46 58 200 111 127 45 88 180
    215 137 176 203 241 154 254 28 50 181 177 246 237 61 111 127 246 78
    215 195 71 137 15 36 5 228 19 185 245 209 39 4 246 10 132 70 106 42
    247 215 136 6 134 105 199 195 167 32 233 145 144 131 174 105 20 17
    48 152 145 224 186 166 254 68 104 23 247 61 241 232 51 191 222 2 130
    146 20 152 59 126 60 230 33 85 44 47 137 178 9 199 251 148 225 91 38
    144 52 102 223 155 63 244 212 141 192 234 109 159 100 214 220 10 13
    1 191 16 192 177 153 105 0 96 59 94 223 201 216 170 199 249 202 147
    200 7 43 42 234 223 57 131 149 93 84 117 191 213 103 20 70 254 126 7
    64 165 78 222 250 21 255 202 53 197 143 3 172 147 197 97 134 113 155
    52 189 221 194 73 247 92 227 25 243 48 37 96 133 141 73 176 246 203
    144 93 2 1 5 211 127 64 207 183 206 186 235 7 165 63 99 179 125 158
    198 236 92 24 196 213 156 145 83 51 167 233 65 23 2 96 205 223 165
    34 50 209 147 136 252 198 147 140 183 61 46 64 171 37 7 100 173 73
    42 215 180 120 183 220 13 145 202 119 251 20 61 36 133 200 110 207
    146 105 190 69 120 68 88 144 205 207 22 35 231 164 172 120 133 143
    99 249 29 43 36 221 38 25 15 70 181 120 28 106 65 175 69 120 136 214
    99 37 197 66 246 17 143 196 45 90 210 253 104 49 197 202 98 198 137
    12 171 226 216 75 159 142 94 82 131 242 134 51 107 33 43 25 66 44
    232 188 77 68 213 22 26 35 225 123 128 174 232 208 85 23 51 142 115
    235 132 48 175 95 112 47 105 49 130 146 205 36 9 33 152 29 28 8 159
    249 251 216 239 123 94 105 28 24 217 129 44 100 223 123 188 99 53
    255 72 174 10 193 77 144 3 71 40 143 22 253 180 24 243 219 45 24 197
    3 156 78 105 190 122 68 143 165 127 4 191 161 155 18 0 244 254 195
    48 232 92 94 209 37 75 255 119 171 127 42 139 186 36 122 102 62 254
    178 253 180 155 241 37 135 232 246 145 64 190 149 85 254 131 183 159
    48 163 182 19 178 67 239 169 157 74 114 86 86 126 190 172 54 81 74
    37 53 94 28 38 118 103 190 32 153 151 113 212 186 166 119 224 68 22
    239 15 118 168 90 73 47 198 45 193 184 231 32 212 45 98 129 4 103
    163 204 196 183 171 230 213 240 114 74 216 62 186 215 213 196 237
    114 126 230 4 10 149 134 200 129 49 27 67 30 217 103 12 201 10 122
    100 138 211 110 138 190 188 135 100 46 125 74 116 240 16 32 25 247
    109 162 125 171 25 5 41 201 151 9 6 216 193 80 44 45 228 32 240 143
    133 146 3 160 214 107 28 20 22 13 165 59 26 136 108 196 98 8 28 141
    96 0 238 24 93 60 231 163 54 15 112 222 230 17 125 179 90 71 28 112
    19 50 230 189 50 117 191 151 148 239 64 247 35 164 194 173 24 19 117
    75 18 156 92 212 52 40 147 61 44 250 5 99 180 151 132 154 42 216 42
    101 3 101 113 253 53 169 85 230 225 181 151 17 231 33 254 244 92 251
    241 9 194 63 223 224 123 101 195 200 129 123 53 99 27 182 71 174 62
    238 18 227 232 231 33 139 94 87 76 58 129 15 210 227 4 226 122 35 2
    72 28 68 0 106 217 99 17 103 136 82 124 241 49 47 48 246 226 5 93 63
    166 67 66 196 151 164 11 254 170 156 148 244 60 11 148 58 79 43 17
    91 17 42 170 155 19 102 104 13 152 185 45 3 180 124 247 199 78 144
    69 152 30 17 161 174 255 92 244 245 189 132 154 175 195 230 98 78 44
    152 96 171 239 45 118 107 211 58 98 98 102 253 183 30 53 221 175 229
    182 251 62 225 138 116 82 72 225 180 172 238 245 220 50 222 162 200
    44 249 220 198 172 52 97 237 107 225 85 52 247 32 13 73 104 246 203
    133 125 166 176 196 139 143 202 145 72 49 93 193 31 25 203 5 178 32
    201 182 131 76 236 108 0 192 78 16 106 98 243 192 212 41 119 160 41
    44 28 192 135 192 223 151 79 150 181 89 107 201 239 210 47 95 149
    136 147 106 194 218 141 136 110 225 58 94 245 147 247 1 231 229 142
    238 11 164 62 242 154 41 237 157 17 216 40 58 110 222 122 78 42 50
    73 26 184 169 178 169 247 51 98 214 174 165 70 16 63 250 138 26 166
    155 125 117 97 123 176 97 240 26 105 215 31 5 81 143 130 88 169 9
    109 180 207 32 106 165 20 163 188 202 173 223 194 0 153 148 72 204
    234 241 176 214 252 213 37 207 205 98 111 82 194 20 226 252 152 38
    138 170 132 235 243 202 133 78 119 188 229 12 144 111 73 78 186 203
    244 117 179 105 9 229 58 180 173 115 150 76 219 25 245 234 69 106
    188 71 172 255 180 42 71 63 190 242 133 216 201 145 57 76 189 204 14
    168 69 187 46 14 178 242 49 49 92 25 93 116 7 35 202 25 197 19 1 5
    90 41 45 107 222 179 193 8 79 42 176 251 99 5 45 239 147 121 69 240
    146 110 214 123 136 147 15 82 28 192 55 193 152 189 239 209 131 9
    117 141 1 67 17 212 200 104 1 244 3 171 112 106 95 159 227 164 73
    119 30 31 13 58 46 178 154 131 161 213 143 152 226 13 121 159 51 14
    168 249 237 8 64 63 245 158 95 248 114 166 213 97 16 184 158 200 76
    147 48 98 244 147 27 65 43 130 142 93 252 140 159 179 53 46 126 228
    103 87 6 30 61 15 248 199 59 195 181 178 121 67 8 59 186 194 125 0
    129 40 60 252 209 107 60 14 202 196 21 225 183 220 119 97 57 54 87
    156 64 105 235 195 249 14 65 47 107 113 152 166 250 136 248 52 155
    245 192 181 104 107 7 133 203 88 171 239 69 25 253 162 154 1 13 55
    215 41 20 97 115 2 67 96 139 35 1 13 137 228 87 183 24 59 35 41 228
    33 237 183 189 207 94 66 186 119 232 43 134 227 131 132 106 200 177
    38 71 102 9 198 165 66 234 119 116 141 145 69 35 4 56 165 34 237 220
    77 10 150 234 101 155 7 39 155 144 186 112 145 159 51 113 70 244 184
    140 208 166 176 96 185 248 14 45 181 84 15 88 35 247 151 186 68 216
    131 29 168 41 118 241 239 160 176 61 47 248 25 196 19 65 97 139 109
    154 205 55 40 233 187 208 89 146 118 41 88 219 138 127 111 187 28 17
    87 88 154 235 170 42 50 250 89 68 195 64 243 162 148 7 209 137 108
    135 136 19 82 173 236 8 141 148 100 10 28 210 186 124 198 11 133 253
    129 229 109 137 68 131 162 70 52 234 28 78 132 46 254 130 96 55 38 8
    11 246 142 56 162 231 87 187 190 49 185 119 237 246 229 78 87 89 229
    211 185 114 109 137 49 172 165 242 39 187 98 233 250 247 32 14 169
    204 6 102 105 201 179 192 130 82 176 185 253 96 167 105 11 107 95
    133 116 190 72 130 79 194 95 248 228 222 169 147 204 36 203 32 212
    115 143 20 156 108 94 72 143 161 4 70 9 1 7 23 23 88 201 216 136 210
    235 96 17 140 81 93 38 127 133 124 88 196 58 242 163 219 161 58 192
    133 68 194 202 202 129 57 123 133 150 196 114 193 136 28 220 34 215
    201 176 252 177 228 172 82 182 54 202 203 48 123 4 64 123 186 62 210
    3 11 234 194 139 106 4 137 26 232 151 172 83 83 245 79 63 63 153 143
    125 74 124 197 107 67 172 191 84 81 163 25 36 0 95 70 78 125 124 126
    201 131 193 191 207 203 164 244 143 245 36 179 58 29 213 45 142 187
    158 67 10 11 31 235 78 208 131 217 87 151 230 47 201 27 223 100 190
    15 96 245 68 52 106 13 122 39 10 67 186 237 177 127 241 166 170 189
    230 180 92 112 21 75 26 74 90 175 48 79 100 121 184 138 101 47 141
    206 155 247 55 179 159 135 97 132 48 97 45 249 121 158 138 51 114
    164 27 200 7 143 181 155 204 158 44 8 115 136 89 222 120 13 126 83
    237 184 71 106 161 169 154 78 52 175 82 255 212 62 1 189 34 194 27
    171 159 188 206 216 78 29 19 132 135 68 132 37 119 26 247 194 25 122
    141 28 218 23 245 212 169 92 34 68 105 35 70 71 175 37 88 153 249
    189 50 39 64 19 109 180 48 93 119 29 43 139 121 109 187 254 184 75
    99 30 234 193 117 111 176 200 164 106 212 147 113 51 130 204 48 23
    36 7 223 60 129 55 210 88 100 47 115 159 197 41 145 165 163 225 236
    84 156 120 45 252 212 139 41 144 223 239 104 112 43 141 137 148 94
    162 141 209 190 185 126 138 164 211 190 251 28 191 245 28 122 125
    132 70 150 81 206 42 77 1 232 29 97 76 6 247 182 167 167 246 55 51
    189 253 77 194 234 229 89 123 80 35 110 150 179 242 66 32 129 165
    101 218 28 50 1 169 238 84 25 89 133 92 74 97 45 166 208 129 83 5
    213 157 203 147 176 192 146 184 15 112 225 112 198 11 209 101 113 95
    232 244 167 38 135 197 234 215 208 51 68 195 201 91 68 18 96 188 251
    49 143 58 5 187 92 213 130 117 246 72 158 134 246 210 227 46 83 11
    144 172 209 218 230 208 87 164 104 104 2 110 160 15 110 75 140 14
    101 197 223 1 44 72 10 22 189 19 245 58 91 71 23 29 204 254 17 20 20
    153 29 40 156 178 156 171 196 68 201 136 163 198 26 160 111 164 158
    234 75 238 91 30 9 23 183 236 145 244 182 141 157 155 244 214 232 30
    203 234 43 29 109 228 113 173 206 215 229 188 118 95 82 151 80 203
    89 73 107 37 143 178 157 253 133 121 176 129 25 191 141 5 78 52 90
    197 52 230 84 12 64 90 131 22 45 147 189 238 56 249 57 137 199 39
    239 67 144 166 196 58 76 178 104 23 117 105 187 32 30 150 152 35 30
    32 35 135 235 124 177 246 55 63 30 47 72 195 98 79 186 112 201 71
    118 170 55 239 40 54 191 103 241 189 58 251 18 139 169 34 92 129 116
    136 116 117 212 121 79 25 151 183 73 134 69 211 148 79 164 153 183 1
    125 77 30 14 146 167 147 112 176 219 48 58 25 143 88 40 86 255 96
    122 99 3 210 151 112 175 140 89 19 53 32 39 247 225 75 202 32 60 19
    73 23 83 12 219 38 222 34 84 193 140 9 21 225 190 227 112 162 237
    123 129 246 130 19 212 104 93 130 220 199 71 118 145 167 166 46 180
    113 177 108 108 12 112 102 22 16 41 109 25 12 147 205 229 242 109
    129 98 102 238 248 67 117 136 138 198 19 143 227 130 214 76 108 123
    154 157 136 107 218 47 222 120 106 37 28 4 240 159 220 101 35 88 132
    44 2 238 164 230 64 77 37 120 227 166 189 0 94 48 81 205 77 38 186
    98 70 195 33 164 216 121 204 181 106 163 108 8 213 121 209 238 159
    117 226 177 45 37 12 104 65 72 108 45 204 124 16 203 47 233 39 209
    89 137 55 74 29 60 2 48 146 189 112 232 15 235 50 243 230 192 251
    114 81 6 222 13 122 237 140 220 227 249 207 203 237 173 126 160 94
    99 44 109 110 177 237 141 184 128 214 26 122 151 17 119 162 138 80 5
    119 150 22 220 211 60 130 169 181 89 245 49 160 163 49 229 220 81 9
    155 253 28 106 204 117 99 245 213 217 138 16 217 253 9 57 19 113 0
    216 46 145 187 14 3 95 64 56 159 57 72 111 219 6 200 179 51 123 69
    164 105 211 62 177 26 217 88 150 218 72 180 132 221 114 168 150 234
    117 18 228 39 150 0 83 136 77 218 16 8 190 119 57 170 43 122 33 111
    173 56 52 167 87 16 76 176 215 69 215 60 39 54 73 195 178 206 101 71
    251 47 22 52 184 62 109 217 71 255 79 159 136 24 41 150 239 126 12
    38 79 96 1 168 217 214 162 120 28 62 196 105 249 223 142 227 27 87 9
    225 57 153 92 219 248 203 30 40 199 228 212 192 120 169 170 24 79 3
    186 165 205 29 232 216 26 173 191 202 236 98 42 167 133 4 153 168 33
    16 143 89 141 95 112 102 253 6 227 231 187 86 43 14 168 13 30 177
    187 254 137 180 115 60 172 238 17 56 122 229 242 182 21 102 160 243
    173 182 81 180 96 191 168 29 151 104 21 50 76 76 52 94 239 130 209
    126 144 135 252 21 23 89 180 219 224 116 122 157 111 77 40 26 159
    146 139 202 67 188 165 25 93 160 45 25 185 34 142 72 140 85 236 168
    39 36 32 242 232 68 164 52 171 127 243 52 58 73 3 130 90 74 17 194
    143 21 167 62 243 241 62 162 188 204 148 221 253 217 149 82 144 94
    73 193 161 255 244 1 187 46 123 110 255 247 204 157 73 253 204 232
    150 194 241 3 190 213 91 186 243 1 212 120 64 40 141 76 79 159 255
    240 110 121 68 75 197 150 103 199 77 11 210 20 180 241 227 43 186
    175 220 204 125 123 233 241 174 173 75 0 122 40 135 127 194 37 62
    102 99 2 112 189 75 230 206 152 24 106 76 7 18 178 25 198 28 192 95
    246 143 70 6 206 146 209 162 77 79 189 30 202 54 230 34 50 67 179
    173 47 159 34 55 63 16 235 231 133 48 111 51 129 120 187 171 78 11
    140 6 92 189 145 104 139 67 233 49 49 120 215 212 15 250 90 224 99 1
    88 210 76 6 230 88 89 249 24 102 148 1 131 144 251 196 39 117 123
    116 162 34 190 166 68 113 164 241 129 51 167 105 184 8 133 88 27 162
    77 179 124 145 52 105 91 61 180 11 34 144 46 208 166 72 70 151 28
    176 145 145 75 64 97 16 181 177 71 71 160 52 243 165 159 8 89 193 62
    133 221 195 124 78 238 230 54 29 28 92 33 16 159 216 36 111 228 66
    251 253 210 255 145 216 24 128 154 70 123 88 125 25 60 45 217 170
    196 181 117 3 5 151 204 232 150 184 250 59 146 14 215 235 109 196 32
    161 137 142 195 202 10 10 203 143 214 82 60 145 162 167 126 62 156
    152 122 41 214 117 204 242 106 101 113 5 139 36 46 161 176 97 107
    207 252 124 149 199 38 184 83 70 145 31 96 2 223 210 215 196 221 46
    41 22 46 29 0 42 232 79 25 131 155 89 182 123 105 108 12 14 165 31
    55 56 246 142 158 50 148 9 136 0 225 190 134 141 192 98 247 148 83
    175 87 83 107 124 27 72 217 209 86 9 171 152 222 18 243 130 223 20
    120 102 120 244 159 26 26 168 175 178 130 43 22 145 72 98 245 143
    140 21 1 1 195 87 109 238 37 35 44 27 157 164 160 134 142 161 235 22
    162 46 45 217 176 105 228 116 48 188 180 58 178 33 0 113 115 198 196
    106 226 84 79 240 206 198 19 76 197 200 97 4 151 5 183 134 39 109
    184 182 24 1 166 156 193 58 0 135 14 137 33 98 192 106 171 154 125
    52 99 249 81 191 235 179 232 166 246 176 6 43 191 205 22 195 47 9 47
    68 61 238 34 98 60 88 160 82 179 201 80 114 229 228 84 16 115 17 11
    19 114 112 81 201 114 234 47 138 79 252 207 210 117 10 36 208 188 86
    172 200 222 138 96 190 190 234 179 196 92 79 45 208 96 173 216 13 82
    86 2 202 215 106 20 135 191 153 234 130 63 24 157 55 201 254 247 106
    132 163 156 182 100 42 145 58 130 73 193 108 135 70 195 62 32 35 150
    132 233 117 47 31 95 252 92 207 174 75 217 80 99 171 168 41 240 128
    161 62 8 144 161 74 50 175 182 211 29 44 144 192 183 85 33 7 221 118
    55 70 162 42 111 144 74 110 201 83 109 97 202 139 22 215 167 156 32
    148 180 204 134 139 31 224 93 228 171 224 68 240 63 100 27 213 3 127
    85 135 107 108 217 81 159 242 252 32 106 220 52 40 49 208 96 17 1 63
    87 249 69 240 222 4 170 83 101 82 39 48 223 178 98 134 214 61 154
    166 235 15 235 49 127 44 186 14 139 237 35 190 12 9 193 125 253 224
    95 34 206 196 245 91 230 190 188 194 178 66 249 188 172 129 44 93
    200 215 118 26 111 245 168 50 220 49 126 89 137 63 122 226 84 223
    215 208 136 182 22 213 149 143 118 145 173 254 117 4 79 185 186 159
    145 51 185 153 237 134 192 99 67 102 23 187 76 29 174 206 44 135 66
    243 232 36 31 231 126 215 121 211 193 138 57 89 25 116 121 167 19 10
    81 163 228 221 35 61 203 200 176 91 94 59 205 63 43 162 5 225 97 148
    98 198 84 123 79 53 9 236 216 75 3 230 169 219 128 17 224 20 158 41
    8 155 88 246 137 152 189 242 165 197 254 253 200 77 97 217 62 21 103
    249 209 228 75 184 153 96 188 69 159 24 21 67 33 53 25 34 73 226 179
    96 183 238 144 224 10 77 201 54 49 226 225 123 72 92 123 136 115 242
    90 247 12 62 246 107 107 106 110 70 168 208 125 180 19 134 63 18 171
    40 8 93 66 198 210 133 249 52 92 209 110 175 34 153 77 142 73 236
    188 218 89 222 182 2 127 72 37 151 106 197 96 52 5 63 199 79 133 28
    45 184 36 82 226 205 99 111 16 90 202 220 186 248 175 246 186 87 240
    235 246 232 77 223 5 124 119 99 113 139 102 77 114 134 49 215 183
    215 9 96 213 116 132 189 223 63 231 21 207 249 99 192 88 65 177 68
    121 18 106 74 58 61 173 243 13 1 225 12 186 58 177 74 164 98 229 36
    207 117 229 148 94 1 62 55 223 143 120 25 171 154 203 67 148 69 140
    51 243 250 140 3 92 109 87 4 197 77 202 7 213 253 170 137 117 50 208
    87 207 243 239 57 45 2 193 235 105 73 163 50 234 210 56 205 8 116
    121 198 3 125 151 205 50 216 118 9 225 112 235 191 35 229 101 84 232
    22 80 185 196 56 236 234 63 124 29 19 121 57 131 165 190 85 170 165
    108 238 17 34 75 28 33 49 127 234 186 120 134 131 225 236 27 237 184
    25 156 210 68 236 64 18 120 229 222 162 156 200 173 89 65 108 178
    209 87 236 202 35 78 165 20 28 202 16 163 117 249 185 205 148 161
    167 78 205 165 243 208 56 159 91 20 155 165 142 115 185 53 128 170
    119 113 94 30 53 223 48 143 251 57 184 225 117 33 62 7 103 233 10
    190 135 238 14 228 150 38 86 226 214 114 90 212 129 190 22 180 179
    135 58 124 208 37 115 248 12 96 198 130 142 117 197 6 2 16 239 156
    44 93 150 123 197 26 234 31 198 126 210 173 160 54 236 82 28 247 72
    176 57 216 182 90 89 50 169 101 208 213 179 113 208 222 122 125 128
    130 105 46 162 178 196 52 172 84 163 51 151 112 159 215 24 206 0 68
    170 45 187 192 205 36 192 24 223 195 20 167 57 40 112 226 185 25 252
    247 101 68 231 149 216 90 208 231 154 60 202 205 250 41 7 58 220 48
    152 85 121 75 64 145 160 94 122 167 97 210 153 179 93 190 164 224
    198 226 25 27 154 165 70 138 143 207 250 195 228 21 88 200 133 134
    15 229 150 160 162 168 157 9 126 45 247 99 206 157 148 201 158 8 119
    31 155 82 87 53 223 69 3 117 220 196 192 67 91 233 68 53 234 211 7
    146 197 183 127 197 104 26 37 186 237 224 197 157 252 120 139 86 122
    240 62 208 198 29 103 43 192 68 53 128 131 147 1 177 109 197 171 55
    7 56 135 115 87 21 168 149 165 19 66 209 97 118 232 248 9 246 166
    131 137 235 64 235 184 133 0 122 90 133 36 4 99 186 115 192 164 248
    250 15 231 229 240 120 215 101 169 77 48 112 48 88 68 71 102 148 96
    215 206 24 95 93 230 133 219 231 138 107 128 17 212 163 102 96 214
    31 130 55 159 77 138 0 141 82 96 217 242 221 232 166 57 100 70 116
    30 224 99 71 146 86 181 17 4 70 184 212 127 86 110 190 110 173 74 59
    235 90 184 40 130 116 176 35 71 128 109 101 223 62 247 202 42 227 52
    110 234 227 17 30 220 234 74 73 108 7 13 223 135 199 7 123 246 217
    251 138 106 165 248 61 10 217 138 127 205 144 233 2 199 5 64 38 168
    43 136 119 182 42 163 247 39 144 151 12 220 24 103 76 106 254 253 36
    39 185 123 65 206 135 231 227 49 10 194 171 159 18 149 150 73 184
    181 203 213 32 90 223 96 34 45 198 37 21 69 128 134 237 39 134 88
    200 198 110 68 193 253 66 132 216 206 154 191 234 65 115 1 191 122
    97 67 62 172 175 146 99 210 17 95 181 1 170 215 12 222 8 75 101 104
    77 114 68 78 3 56 15 165 248 8 228 81 141 222 119 119 255 103 219
    177 70 97 100 223 72 117 60 248 44 251 15 137 64 220 77 233 200 197
    224 241 153 67 185 173 120 114 149 51 250 93 25 227 100 230 224 48
    12 122 182 80 235 97 173 144 139 118 189 194 237 43 191 64 16 33 159
    153 70 181 185 107 91 88 141 7 139 56 140 67 187 194 223 118 184 124
    145 130 227 58 120 193 1 91 242 241 133 81 132 69 154 78 11 181 114
    5 38 61 108 20 53 142 130 137 216 246 240 70 135 178 95 121 38 46
    203 187 240 65 213 137 188 183 255 74 7 154 247 174 54 5 176 142 242
    69 217 230 5 43 117 59 188 65 77 240 219 127 92 202 54 7 250 52 6
    225 19 157 63 113 165 54 29 240 20 156 178 101 205 149 25 189 130 86
    255 31 167 66 203 239 139 119 215 70 202 180 98 19 34 116 45 96 66
    27 218 236 121 111 145 155 112 21 63 222 87 143 44 113 172 98 25 13
    85 143 57 170 57 78 76 147 25 2 84 96 133 36 21 139 43 24 23 206 17
    126 179 28 126 230 203 206 83 184 240 210 182 7 165 225 133 28 197
    164 147 74 69 97 160 130 128 250 45 48 60 255 214 205 248 164 150 77
    125 152 81 234 201 113 40 159 78 61 69 119 206 37 242 175 158 191
    110 213 116 187 237 12 253 80 75 193 252 129 15 192 157 90 84 88 45
    213 55 49 121 81 89 231 5 64 128 8 155 62 87 103 237 187 1 95 91 25
    71 157 202 98 27 101 204 203 127 34 135 106 13 238 127 182 101 157
    142 46 165 83 68 61 8 195 196 107 220 18 125 71 165 28 211 85 39 203
    64 40 110 200 234 186 158 26 201 34 110 222 73 115 8 169 180 128 146
    205 48 173 180 95 36 39 49 130 172 45 185 246 25 39 121 155 62 173
    65 179 67 155 149 175 245 251 51 130 186 254 6 52 132 122 208 26 198
    125 117 228 25 22 245 57 30 235 207 144 81 144 161 52 32 61 123 17
    46 79 93 149 26 153 137 8 120 105 210 249 43 240 208 93 72 180 224
    43 49 134 48 21 214 188 101 64 127 99 54 185 216 128 77 7 221 28 157
    234 89 123 196 37 222 135 201 235 33 218 171 201 185 229 213 224 218
    238 72 4 175 132 228 48 213 146 117 123 2 151 52 244 4 36 170 113
    221 93 94 230 94 25 152 29 243 204 70 39 243 166 133 222 167 206 171
    4 60 58 130 26 161 18 231 222 1 182 142 184 47 138 91 0 173 133 140
    166 74 228 26 87 103 127 30 152 145 163 74 63 65 63 93 162 217 149
    121 45 132 78 140 129 214 40 109 176 17 90 88 245 87 134 140 13 80
    59 196 36 24 190 109 120 233 232 91 80 218 85 200 44 219 151 153 215
    89 201 11 132 203 117 76 77 249 55 139 187 143 176 81 115 160 128
    134 201 2 151 50 250 191 222 73 51 255 133 166 93 197 27 208 65 183
    198 41 21 186 110 85 106 61 247 115 181 207 86 68 70 86 182 35 193
    117 251 53 206 183 124 111 227 207 254 149 192 84 82 227 160 140 177
    36 143 105 33 144 181 130 230 50 80 40 220 47 43 108 60 159 109 251
    46 11 133 239 77 173 167 18 63 189 200 184 212 207 158 133 128 82
    239 218 28 168 83 233 156 114 121 202 206 158 183 22 76 167 159 78
    202 110 170 177 170 147 116 25 165 155 199 198 8 32 71 51 30 239 228
    228 139 138 133 147 247 158 246 5 205 159 242 144 1 233 129 110 161
    107 252 105 188 173 67 161 187 67 223 192 167 116 80 79 179 46 98
    110 124 160 219 122 243 170 50 197 138 213 6 61 194 158 8 3 189 244
    166 176 121 192 158 204 62 202 182 163 28 85 8 177 86 196 226 211 89
    213 158 69 117 229 20 171 70 81 219 214 89 217 31 171 78 146 140 133
    165 26 53 203 112 24 125 97 223 6 244 119 227 212 154 37 252 51 143
    24 187 201 45 102 104 1 163 151 73 238 150 113 254 254 13 189 217
    134 208 10 22 142 6 47 255 190 26 177 105 17 67 121 58 12 239 88 141
    231 237 146 150 43 199 167 144 143 7 44 198 200 242 27 181 163 140
    94 33 130 114 209 17 128 154 208 239 93 217 172 32 107 235 63 157
    238 28 142 147 236 6 204 255 77 190 207 199 226 50 181 137 156 28 34
    171 65 20 83 144 219 88 6 94 117 97 117 178 150 123 62 12 51 188 51
    11 213 162 57 54 180 159 128 221 239 27 170 70 101 247 14 202 53 3
    163 172 150 38 151 174 223 45 38 188 213 175 105 24 242 207 254 38
    63 35 153 196 179 62 238 192 225 179 63 64 205 155 130 28 205 251 26
    205 28 179 134 29 4 192 79 57 62 217 252 81 60 233 184 185 189 143
    176 152 175 210 23 106 155 193 137 80 16 218 70 159 61 25 34 23 176
    166 142 255 170 85 199 193 23 143 145 100 233 145 151 114 115 183 53
    25 122 216 118 190 116 234 211 244 44 79 48 79 183 5 191 207 95 102
    127 249 160 58 102 6 77 92 251 39 112 0 171 25 30 188 46 228 155 246
    216 112 18 89 66 5 168 144 229 165 54 50 90 160 235 79 26 113 14 21
    67 134 51 187 226 91 215 67 255 64 24 49 56 148 159 148 29 25 241
    109 125 150 99 94 20 1 118 190 151 159 122 18 171 26 92 107 156 137
    233 25 33 131 214 184 24 138 86 131 68 64 238 135 139 41 65 162 232
    214 161 238 29 106 221 40 121 58 58 85 211 176 74 156 48 4 223 59 5
    200 179 180 76 158 169 224 227 122 198 162 224 135 255 28 158 131
    127 1 232 247 225 238 134 77 62 123 107 231 9 180 75 74 185 239 52
    20 3 164 88 193 49 218 56 45 106 55 38 166 0 110 220 195 93 117 68
    152 55 150 224 35 154 40 14 20 176 151 241 146 115 171 219 18 190
    152 173 215 222 234 228 71 205 153 140 3 176 217 34 58 216 166 76
    213 99 52 12 129 225 102 240 93 120 206 175 105 219 158 86 136 185
    96 50 121 46 254 27 193 200 135 60 241 165 148 90 186 53 252 142 165
    117 61 223 224 34 40 211 53 205 168 50 109 173 193 230 49 255 148 96
    219 173 85 137 206 188 33 206 175 11 52 165 202 218 129 196 238 252
    151 12 59 95 224 209 155 228 82 155 184 50 79 85 36 230 155 71 9 194
    172 235 94 209 112 193 85 62 11 170 191 126 11 104 102 207 92 96 218
    113 211 230 141 133 97 91 35 188 253 157 25 252 228 216 204 112 203
    225 115 212 24 179 47 195 98 36 12 51 148 219 239 81 196 54 53 144
    25 150 242 223 234 201 131 67 227 213 251 211 6 135 226 119 108 12
    27 33 39 98 177 227 5 81 150 141 5 81 59 78 116 198 45 80 226 113
    241 87 93 11 215 18 102 21 246 30 52 69 66 134 76 223 43 101 66 142
    246 0 214 161 254 182 56 43 33 195 108 84 62 7 190 130 225 134 89
    194 38 190 207 222 94 249 118 98 52 131 71 33 251 222 207 253 97 75
    100 117 38 173 16 218 155 175 204 213 66 243 130 180 200 64 109 86
    224 27 92 167 205 163 150 88 109 88 248 64 73 121 160 68 196 163 35
    141 49 165 129 187 239 223 222 29 208 49 243 180 119 176 234 252 193
    79 42 8 24 187 63 60 198 153 170 82 249 59 72 22 169 95 116 24 25
    150 188 77 191 82 71 55 90 9 44 110 157 243 22 8 167 43 148 167 77
    134 156 102 151 14 129 209 56 1 89 90 34 154 227 74 94 195 121 39
    249 3 16 14 58 46 184 22 127 59 251 186 219 124 27 56 91 63 146 105
    251 47 4 164 3 194 220 99 21 104 112 139 187 197 165 64 190 117 45
    250 199 172 193 162 207 176 244 128 24 225 179 82 84 12 8 237 154
    179 243 23 164 14 186 118 163 2 132 40 69 199 107 163 105 98 138 25
    228 82 198 17 46 203 173 194 199 64 235 113 176 13 255 226 152 180 9
    205 200 31 191 80 122 193 205 105 212 225 46 207 71 84 239 146 60
    119 82 153 187 23 149 231 108 24 179 71 126 126 150 146 101 235 84
    99 59 87 90 12 172 21 27 107 60 240 190 169 112 88 253 30 195 196 67
    23 161 50 199 143 148 166 138 42 121 80 174 49 174 201 245 136 223
    85 151 200 143 156 207 10 159 176 92 135 39 48 137 171 205 69 215
    229 199 96 49 166 74 49 53 14 24 135 130 146 70 155 6 192 104 220
    154 162 102 198 22 245 133 122 101 162 209 247 189 130 168 5 43 164
    247 151 254 175 58 200 177 161 57 119 80 50 129 246 18 65 206 236
    154 178 176 101 109 249 128 87 27 64 238 167 71 142 152 245 121 102
    76 5 30 101 140 30 76 224 27 116 75 185 39 65 255 254 65 154 114 48
    32 148 102 27 162 45 37 96 171 150 137 103 59 214 244 89 46 28 85
    119 99 89 198 105 71 198 101 49 26 139 178 67 65 80 17 76 108 255 90
    164 167 89 172 97 241 238 224 238 119 174 54 245 228 226 136 216 62
    185 252 8 175 111 190 141 246 22 105 59 129 156 249 117 33 132 161
    216 248 241 237 218 62 119 248 47 22 90 96 50 21 155 136 228 74 254
    83 116 40 121 113 40 149 95 239 119 195 75 51 70 133 245 151 149 95
    25 176 35 212 250 33 86 1 55 27 190 182 199 26 200 163 158 106 90
    216 184 171 119 86 109 6 42 252 131 190 204 154 61 64 112 248 55 198
    89 154 30 69 156 191 0 125 228 146 139 182 18 150 149 154 249 59 83
    242 185 210 159 55 143 104 63 249 147 252 10 187 16 219 250 15 96
    179 212 192 226 26 204 253 138 63 250 32 218 106 107 89 106 18 37
    164 174 233 93 78 67 249 7 18 109 7 48 85 171 161 14 100 166 16 200
    84 105 203 33 248 67 91 9 220 251 166 195 132 165 34 92 238 184 146
    88 208 163 41 159 166 231 13 120 0 254 81 125 71 30 217 144 127 25
    48 84 195 78 116 190 185 237 160 6 213 168 110 239 200 129 117 16 59
    230 45 174 81 184 78 110 225 29 49 61 101 192 207 31 167 78 182 1 87
    202 123 211 30 149 39 55 120 182 172 5 58 137 83 96 187 130 27 12 17
    51 15 206 195 55 68 2 140 85 9 225 39 33 25 22 193 35 159 95 100 217
    247 32 179 1 22 223 86 142 137 44 186 95 233 30 61 244 24 95 130 221
    105 174 157 165 1 144 63 237 224 197 4 226 174 172 229 68 27 159 190
    108 132 54 110 137 69 196 82 177 204 37 98 153 19 116 155 139 218
    240 95 31 59 224 234 80 97 73 213 114 30 243 11 77 44 39 57 245 252
    50 236 60 186 135 193 82 91 34 230 228 174 129 235 220 68 249 34 12
    182 225 185 13 228 21 27 83 158 127 241 8 50 231 65 134 121 136 245
    24 219 53 86 61 216 213 74 61 142 150 65 113 214 119 42 162 42 5 126
    253 235 188 130 53 68 27 208 193 140 67 76 214 19 95 127 216 218 0
    58 84 185 85 47 240 233 239 51 82 183 205 14 247 37 121 225 151 244
    141 86 184 35 240 154 142 128 104 73 48 239 252 16 136 81 96 30 216
    3 60 80 224 130 113 167 72 190 249 242 79 179 110 72 226 167 185 55
    205 33 8 128 228 63 224 68 47 63 187 126 144 240 26 180 241 219 105
    162 196 123 38 143 156 101 24 108 216 5 116 84 178 40 197 67 215 187
    35 170 143 66 170 58 44 165 145 176 203 238 71 183 23 165 85 17 215
    104 148 102 29 128 15 140 231 99 194 121 34 238 228 211 13 234 120
    207 131 105 233 219 224 73 89 131 124 20 111 172 51 198 37 91 226
    101 211 121 160 112 185 16 180 75 79 139 62 90 227 44 43 208 32 121
    107 31 229 121 199 98 228 54 193 245 75 4 172 19 187 50 38 239 104
    207 52 212 32 138 197 104 69 121 201 71 167 186 88 205 91 211 91 82
    167 63 216 172 188 106 6 35 24 41 103 229 119 198 202 89 152 130 105
    234 215 141 26 176 144 240 28 57 179 105 94 202 65 135 255 12 118
    253 133 88 141 75 229 2 69 51 183 78 111 136 197 100 138 56 32 187
    40 227 205 192 168 227 48 131 225 13 66 137 30 102 137 201 249 144
    87 184 111 246 49 185 165 6 84 110 31 83 11 252 2 244 51 33 230 174
    75 84 0 84 100 138 171 120 37 50 73 77 105 83 95 247 151 232 195 16
    221 19 164 223 167 45 188 59 170 176 248 247 73 187 203 63 33 221
    207 6 139 143 158 71 112 106 132 31 41 207 88 103 126 7 60 51 114
    164 119 131 78 89 1 129 168 27 69 153 81 76 214 193 66 52 114 70 61
    41 225 114 94 71 17 18 122 181 206 114 37 123 204 86 137 203 11 13
    141 131 14 53 162 82 202 179 221 18 45 189 7 184 201 60 212 102 55
    43 184 119 12 6 40 52 249 238 242 20 157 80 194 253 134 100 183 17
    82 210 22 32 147 249 149 87 133 166 170 93 195 233 185 206 42 13 123
    194 211 11 179 228 132 107 21 58 39 83 172 192 108 118 207 161 184 9
    81 12 145 148 29 19 202 110 60 67 125 213 115 5 24 223 11 229 94 143
    238 181 83 42 1 147 57 231 66 180 99 154 156 151 17 195 252 16 108
    113 131 117 247 67 12 6 86 155 128 110 143 180 31 157 119 77 105 200
    39 170 184 125 4 93 244 188 19 52 106 31 23 229 49 60 163 129 170
    108 221 86 71 56 56 241 35 171 170 31 11 105 96 44 121 136 205 164
    97 130 157 228 85 133 65 133 213 69 187 144 42 145 245 27 95 43 106
    4 151 63 105 10 192 210 36 14 8 5 73 178 2 119 123 62 229 77 57 22
    203 173 78 71 23 79 202 184 53 220 75 120 247 214 91 69 47 49 40 221
    132 61 106 20 65 37 226 187 45 145 8 2 48 172 190 108 105 23 210 221
    230 40 141 205 46 254 8 86 174 92 75 187 136 236 8 40 26 55 233 174
    215 195 163 235 214 7 168 172 139 14 195 219 43 218 224 231 202 134
    215 48 73 159 28 254 93 86 11 25 75 252 36 172 19 11 193 221 217 59
    110 25 129 44 228 104 252 181 135 90 176 147 104 83 152 183 76 227 3
    234 72 75 202 230 127 126 169 104 246 43 152 171 91 246 249 19 250
    183 211 224 170 246 79 50 243 37 94 33 152 96 241 165 199 5 140 249
    242 26 152 186 13 19 232 31 60 83 147 251 65 45 166 135 193 234 241
    158 193 96 69 4 252 32 193 96 77 2 117 185 235 234 59 5 244 83 220
    139 225 250 49 185 114 226 247 204 112 52 229 187 11 64 142 40 84 82
    60 185 5 140 49 90 117 180 240 175 77 160 113 13 33 201 253 44 191 5
    218 106 42 21 95 26 51 188 217 25 25 183 104 8 225 38 30 51 48 14
    189 57 188 251 64 141 243 250 36 241 255 179 68 107 118 45 227 255
    99 134 131 193 207 248 155 94 130 25 232 129 25 203 170 103 16 157
    86 202 131 114 150 241 221 35 156 120 14 110 160 237 96 214 58 109
    199 192 65 173 48 136 3 213 214 122 160 91 146 184 255 252 164 210
    37 251 4 6 162 27 176 155 46 11 69 242 34 97 80 17 225 208 0 133 94
    83 248 242 173 84 12 155 161 239 105 45 87 245 199 68 46 25 35 216
    73 131 32 9 128 224 152 198 183 6 36 41 22 78 159 57 38 165 186 138
    160 189 98 69 215 113 23 22 62 109 34 125 5 109 69 59 232 134 114 79
    177 235 54 145 134 70 228 174 65 188 251 211 178 239 57 151 73 142
    83 138 210 91 230 5 31 254 82 223 34 137 221 104 84 51 157 76 56 17
    90 48 61 150 64 127 239 174 133 50 1 86 22 188 243 194 94 79 18 204
    72 215 150 98 40 133 193 175 97 53 128 152 103 150 244 78 73 171 242
    10 75 106 63 113 209 243 167 205 141 210 25 226 153 96 143 1 199 240
    220 90 62 165 58 8 51 247 143 18 176 58 192 171 245 106 132 15 45
    172 96 33 247 63 123 182 37 239 179 240 86 59 146 95 111 124 60 28
    200 28 122 2 43 14 128 66 146 23 119 69 171 230 46 66 178 181 122
    104 143 193 10 240 56 155 199 24 54 48 119 69 253 43 25 95 225 47
    158 161 99 208 72 153 180 175 132 242 32 247 17 251 240 157 81 125
    85 141 203 198 228 124 12 21 211 118 171 3 115 140 252 45 56 249 9
    114 48 111 36 17 225 205 209 13 26 152 206 95 112 170 176 78 161 212
    71 51 82 50 246 95 180 245 251 248 125 120 54 94 61 200 237 110 246
    129 24 4 6 7 83 90 192 89 104 49 174 141 159 182 137 37 193 115 133
    59 222 220 223 135 173 127 130 133 97 102 206 53 62 253 253 150 54
    36 74 181 91 188 155 140 4 67 30 234 89 217 110 191 107 49 80 240 19
    24 54 241 82 122 34 149 40 158 188 156 62 249 253 76 177 62 142 55
    168 255 4 94 203 130 71 123 51 188 128 171 253 223 231 171 59 196 63
    64 221 172 152 68 72 230 128 153 98 186 83 134 5 15 82 3 84 228 128
    233 79 184 57 139 85 110 103 136 240 145 162 89 124 124 31 77 232
    127 206 73 62 80 105 66 180 110 249 104 96 102 64 110 253 192 134
    205 143 16 18 37 56 97 154 209 4 34 91 52 107 84 244 83 209 236 74
    101 141 142 90 255 140 194 150 13 164 177 50 77 60 198 54 67 198 43
    109 2 66 252 24 39 202 188 31 55 138 96 223 184 106 136 121 66 40
    126 220 141 87 151 180 219 193 72 142 123 151 211 61 142 50 23 55 73
    45 91 92 217 28 118 240 131 61 187 188 40 6 133 188 63 212 111 201
    24 51 195 23 1 125 160 0 197 64 230 232 135 87 33 237 200 89 56 92
    141 221 22 35 8 155 178 173 36 253 236 227 190 215 114 97 39 236 178
    60 125 176 104 212 43 152 246 137 151 149 9 169 95 73 43 237 97 190
    92 187 70 155 26 231 121 95 0 13 27 133 209 61 171 56 233 102 26 159
    13 12 31 175 64 120 91 2 145 226 164 184 148 30 7 54 71 225 147 118
    13 136 194 62 3 246 101 52 18 195 183 41 100 84 219 85 62 81 68 249
    93 226 153 137 149 181 39 161 55 220 223 51 45 62 183 174 64 138 148
    199 107 237 112 236 224 247 23 191 3 64 51 161 19 50 205 127 187 221
    95 175 193 103 113 33 200 251 28 84 44 82 38 85 78 33 171 79 6 172
    84 95 111 140 144 234 179 10 183 131 91 192 204 219 236 163 129 194
    252 113 173 135 204 167 124 73 145 16 136 130 83 173 170 138 70 0
    179 249 74 194 202 97 207 112 103 173 9 24 112 112 45 144 10 8 33
    119 70 230 171 163 189 143 131 205 21 194 243 253 243 9 9 18 191 97
    67 4 78 231 236 96 248 135 8 231 143 183 239 102 201 240 147 77 126
    217 45 155 154 191 34 172 7 225 212 22 9 200 251 6 146 44 140 172 38
    216 105 97 233 167 101 101 59 82 181 174 54 157 186 184 251 239 202
    11 127 246 162 218 242 65 97 76 239 42 223 22 181 59 52 149 110 47
    218 38 183 239 158 177 210 30 159 210 65 93 14 117 10 20 221 215 141
    140 91 253 214 162 244 76 17 138 224 244 99 3 249 34 157 146 220 84
    58 85 221 235 104 115 43 74 88 139 164 190 160 238 228 230 124 205
    119 255 173 237 143 224 35 128 215 123 234 146 88 119 56 169 243 57
    123 159 120 214 30 49 218 165 83 122 224 209 175 80 84 37 199 65 21
    63 33 115 112 203 165 120 53 249 90 212 160 183 246 154 54 194 242
    116 170 216 37 36 197 85 130 127 227 37 203 120 92 25 25 254 5 71
    144 116 62 240 187 161 211 253 137 159 204 159 79 20 139 80 209 35
    176 16 58 230 68 91 196 48 46 30 244 11 103 67 209 11 246 233 45 205
    249 235 68 180 13 203 48 195 207 92 112 189 80 70 128 246 249 112
    151 193 198 1 235 20 88 72 82 174 21 179 33 195 151 253 199 186 43
    67 67 16 211 61 79 138 40 51 179 186 118 122 191 116 127 62 236 195
    226 244 220 221 78 86 240 14 125 133 26 43 107 20 232 240 178 138 23
    1 12 187 248 160 12 6 16 35 40 177 3 74 238 151 127 204 117 224 20
    144 68 65 183 14 251 190 217 236 210 178 102 171 110 200 133 192 29
    76 4 203 180 117 110 37 94 163 255 73 93 2 152 40 111 7 127 83 189
    134 132 230 37 22 195 210 196 162 211 215 168 84 211 0 211 188 160
    40 149 231 6 160 4 113 228 104 28 70 203 187 96 215 168 184 88 245
    157 56 19 231 197 159 50 106 171 66 82 195 0 18 15 232 100 193 244
    15 213 72 253 158 19 70 243 124 35 210 90 217 128 23 230 51 251 87
    187 157 70 65 112 157 23 42 207 8 171 68 179 177 216 174 46 219 210
    6 234 144 222 248 0 28 240 42 112 83 138 93 52 207 222 87 23 94 86
    81 116 44 161 88 103 103 232 105 10 244 91 147 186 195 32 118 81 36
    164 50 138 187 240 78 143 62 255 53 12 128 231 10 199 71 224 74 2
    186 16 37 198 217 175 233 98 117 193 173 122 179 173 79 80 160 181
    76 145 51 11 125 87 8 115 170 124 200 98 243 44 109 49 209 104 61
    254 178 235 75 33 247 123 117 16 140 39 154 253 214 146 186 240 183
    159 168 246 113 91 211 87 16 179 157 18 52 174 130 156 130 75 82 247
    139 146 45 153 131 112 125 67 143 33 48 82 144 215 126 222 198 21
    116 154 218 99 112 240 238 231 109 51 181 130 182 15 179 78 23 230
    155 254 161 213 11 112 14 173 152 117 195 97 252 53 85 64 176 30 6
    63 8 189 205 31 238 2 57 80 91 86 197 149 117 168 74 224 187 20 23 0
    165 252 111 9 63 15 197 177 107 200 63 248 55 32 183 3 11 201 224 28
    37 110 214 51 178 133 20 2 123 159 147 141 45 49 186 7 91 99 167 137
    1 92 217 190 188 56 205 164 204 189 74 156 49 235 84 247 163 61 227
    112 203 242 170 76 61 20 255 239 81 248 37 98 100 142 44 1 200 81
    151 144 44 254 228 11 31 86 71 190 101 34 65 74 139 159 55 30 130
    120 21 228 3 89 188 235 97 233 177 184 146 117 171 79 7 35 50 125 48
    231 123 251 148 41 118 155 135 40 252 83 199 192 127 35 149 143 244
    84 191 199 43 181 155 158 87 132 108 104 150 237 161 126 43 69 97
    190 174 141 237 53 101 49 129 31 134 120 76 101 17 124 31 31 110 149
    159 198 70 149 69 237 155 173 71 122 149 225 42 70 243 37 40 165 185
    94 22 253 195 7 48 177 204 12 74 69 220 202 221 201 5 229 113 247
    100 185 255 173 135 132 62 32 31 51 165 125 117 136 30 135 91 185
    152 124 137 119 17 54 180 115 114 121 12 112 241 14 181 246 123 156
    208 57 72 42 43 136 28 231 209 98 91 99 130 140 84 226 188 228 250
    109 212 149 255 151 41 31 191 112 115 78 0 71 85 154 251 7 221 198
    71 52 38 243 213 220 5 172 111 54 213 152 67 83 130 0 243 141 251
    100 108 229 3 145 180 108 96 163 88 137 185 88 174 66 114 226 213
    153 27 87 164 35 147 34 237 30 92 58 95 246 104 61 235 13 89 223 112
    79 62 122 46 253 76 196 97 79 199 197 242 204 181 12 235 164 179 108
    97 150 243 1 209 84 243 169 139 152 161 22 58 133 80 55 145 200 226
    91 241 155 190 83 18 189 41 45 20 188 98 48 176 178 78 231 23 172
    104 32 219 32 154 64 145 102 12 126 106 99 122 172 81 25 139 178 81
    149 105 30 255 29 240 232 92 153 57 124 220 219 20 224 101 57 113
    133 194 253 196 208 171 169 248 57 193 72 219 160 135 185 105 45 243
    182 21 181 207 200 111 18 184 196 144 149 93 178 227 142 177 53 203
    48 5 130 210 182 24 244 12 147 109 3 24 196 205 62 175 240 25 140
    188 246 14 129 23 41 32 52 137 243 244 90 61 142 2 33 199 246 81 184
    247 62 158 136 49 5 14 2 182 71 24 196 98 70 118 4 35 185 28 234 98
    115 168 188 209 50 87 187 98 181 111 186 254 215 74 196 65 11 192
    136 36 175 50 23 122 170 45 0 226 174 58 229 72 131 182 159 90 148
    231 190 102 244 112 80 140 154 38 129 38 133 187 239 170 69 104 243
    133 123 82 146 131 138 193 198 175 52 65 40 139 112 185 9 23 73 2
    153 82 205 113 42 196 212 102 54 253 220 176 73 90 143 98 245 161
    252 228 113 89 94 55 18 161 34 255 253 92 195 164 37 49 67 238 89 72
    130 218 204 84 4 216 167 132 14 111 79 114 112 50 34 148 187 137 64
    91 228 128 115 34 133 82 244 243 207 20 152 75 136 244 126 87 37 49
    76 186 109 225 238 2 177 229 252 68 56 144 27 128 160 93 135 170 78
    244 24 137 8 17 3 86 42 225 158 1 44 78 6 238 146 98 224 154 17 91
    161 107 75 218 227 17 128 126 37 153 119 154 59 174 171 75 219 186
    100 247 221 10 120 11 38 186 45 147 253 24 63 25 104 142 28 48 145
    40 67 208 66 60 166 189 249 128 254 63 98 84 0 153 41 151 209 12 159
    246 25 13 48 86 242 82 63 83 80 183 174 234 169 170 169 203 147 138
    33 181 22 13 146 83 111 92 211 246 73 183 91 249 230 66 199 247 149
    38 16 245 134 131 126 152 101 72 108 253 125 52 245 2 181 9 99 233
    104 166 8 41 33 115 154 136 128 204 119 133 99 239 186 98 24 189 170
    120 11 53 113 230 80 155 167 242 133 187 194 227 199 53 41 29 121 25
    62 244 63 238 84 39 233 77 205 247 5 42 161 29 16 210 18 155 117 219
    163 164 177 114 112 188 136 110 245 41 255 128 136 55 172 205 168
    228 194 137 79 169 211 140 219 19 198 18 37 98 223 232 176 173 253
    140 4 233 53 188 100 79 236 243 184 153 13 10 159 123 203 167 93 251
    161 188 97 116 34 153 35 175 36 161 213 171 69 17 91 133 218 219 216
    43 64 34 117 95 208 6 23 159 15 208 73 168 102 160 78 116 208 226
    100 223 219 67 160 127 136 99 6 170 221 86 248 214 103 37 142 140
    116 25 211 66 32 92 239 106 182 5 167 170 161 246 55 97 242 243 170
    191 194 102 216 111 31 27 204 1 73 97 140 33 13 52 208 67 71 92 254
    177 171 140 218 16 136 27 159 31 228 143 172 90 247 193 40 174 150
    183 80 236 43 201 242 152 209 49 5 236 247 214 55 137 127 99 248 7
    10 18 127 103 253 43 33 87 171 72 238 138 42 173 251 113 109 62 219
    155 11 160 15 67 40 125 88 75 101 25 187 247 29 110 12 105 158 27
    111 10 140 59 197 161 154 175 77 233 210 137 182 43 178 158 88 137
    77 177 6 75 176 143 246 67 79 188 67 38 65 151 208 209 111 35 190 50
    94 85 232 142 108 114 109 177 97 177 174 148 54 102 88 168 117 236
    114 202 120 205 248 133 92 228 6 8 180 178 34 207 14 65 139 228 86
    219 231 34 18 81 170 46 192 97 72 53 1 158 33 78 41 223 84 27 43 124
    120 210 83 119 207 33 155 151 197 30 202 55 71 53 74 85 232 39 19 34
    239 72 251 161 228 68 225 28 17 103 160 175 3 251 79 213 97 215 61
    155 42 57 110 194 145 210 73 144 99 56 138 53 216 186 124 223 202
    252 51 102 13 41 56 215 187 76 96 53 40 2 40 46 63 15 0 194 64 37 41
    143 86 76 227 103 245 139 99 153 166 33 12 171 232 236 20 12 210 19
    101 67 136 63 2 21 118 174 122 84 214 211 171 17 62 204 55 231 194
    201 142 0 159 53 143 180 5 12 0 170 60 216 248 36 197 201 245 168
    183 73 246 73 119 151 1 50 73 215 164 103 82 144 38 175 108 179 0 26
    72 128 214 186 220 248 235 170 239 219 198 1 158 239 97 70 220 139
    24 169 13 216 111 232 116 29 24 188 71 233 70 45 3 129 218 23 19 27
    18 66 185 252 251 189 120 80 44 136 6 180 156 58 199 255 67 133 105
    68 97 115 45 38 83 46 155 176 248 99 108 220 19 223 46 12 138 164
    133 189 190 55 160 79 7 12 91 145 130 26 37 238 94 128 165 169 157
    70 44 47 218 206 46 20 18 245 54 41 107 224 235 175 15 151 76 33 25
    196 177 74 12 197 56 68 21 11 206 4 19 113 168 50 11 143 164 94 5
    144 147 98 225 104 119 143 194 119 47 239 17 231 7 167 229 206 202
    209 91 167 66 4 15 37 40 20 196 223 184 250 59 107 137 78 146 46 124
    180 201 217 242 68 90 58 49 155 239 106 127 232 4 184 163 202 13 189
    255 68 118 48 205 122 98 91 180 165 199 166 149 28 203 56 0 113 98
    198 165 61 158 215 227 179 0 98 242 126 139 23 207 125 33 234 128
    238 187 173 178 59 29 11 119 62 129 134 249 135 68 238 20 29 248 255
    140 65 233 97 186 112 33 193 12 139 158 198 158 73 51 165 187 190
    245 55 40 91 147 240 117 243 29 199 54 19 103 135 93 243 212 241 254
    217 158 75 165 234 133 2 250 149 232 194 2 229 13 170 2 76 154 12 36
    79 209 114 227 155 220 211 118 18 27 75 225 134 174 15 101 26 46 141
    160 11 18 190 200 242 122 204 12 95 57 192 7 23 61 124 214 199 106
    167 196 129 151 203 75 195 174 252 176 208 59 241 212 20 98 94 127
    121 252 7 203 62 160 60 218 132 62 122 60 190 65 16 185 119 113 118
    252 238 5 64 146 9 134 46 115 111 243 175 191 49 6 6 104 51 27 146
    28 184 96 166 28 140 140 227 158 49 231 121 134 137 194 77 92 88 248
    98 199 189 234 17 199 117 129 86 82 102 243 70 160 138 36 216 184
    166 54 245 23 150 124 207 185 106 91 110 238 36 98 81 242 4 64 24 19
    1 227 170 171 105 121 57 178 122 102 129 111 122 253 136 122 6 12
    135 192 232 214 57 251 109 156 40 140 224 127 133 56 130 170 180 213
    173 65 204 83 19 103 47 212 13 255 165 181 29 115 19 116 87 127 143
    42 156 51 210 54 60 229 212 106 71 93 228 63 145 203 15 243 241 18
    251 104 138 108 36 63 37 212 40 89 252 131 248 143 230 60 57 172 179
    184 255 52 180 135 121 121 101 195 234 182 79 128 98 82 234 71 73 28
    142 31 38 36 49 36 17 151 217 62 199 10 51 98 251 186 20 63 204 33
    29 6 157 233 148 175 104 147 185 13 243 181 28 254 69 65 152 67 85
    247 149 99 44 196 248 89 193 157 250 254 155 17 138 2 51 140 154 242
    2 149 68 41 201 97 13 169 12 53 210 183 228 136 156 202 36 172 106
    181 237 116 18 88 117 122 47 162 117 183 104 130 161 144 26 178 60
    165 12 73 229 125 222 52 100 208 145 53 19 113 41 215 58 73 248 221
    62 182 239 181 86 149 88 143 73 92 205 155 199 36 174 121 253 233 20
    133 113 207 143 108 185 3 179 224 147 226 59 141 85 193 7 177 49 104
    241 94 154 93 115 216 23 149 171 166 180 18 234 167 43 212 75 176 93
    64 108 183 9 151 246 160 78 170 31 59 82 142 97 163 218 149 92 203
    154 30 166 110 165 203 108 13 200 22 232 249 15 244 28 236 115 12
    139 245 101 120 130 186 56 67 158 36 22 219 209 33 24 115 216 215
    231 114 170 214 74 243 63 45 51 101 245 222 236 212 38 23 231 131 36
    202 206 213 187 88 4 113 188 12 214 229 24 101 37 113 222 127 86 225
    149 22 46 54 40 24 183 177 190 121 224 165 162 155 240 251 174 66 78
    193 63 93 249 189 26 175 193 144 54 129 230 141 104 103 162 87 220
    177 135 246 163 13 52 85 112 16 124 167 92 122 99 99 216 3 66 57 232
    168 153 86 47 114 240 86 200 239 23 87 60 43 48 191 55 165 210 48
    218 185 13 8 76 183 102 187 129 215 104 206 98 54 232 81 65 178 96
    26 15 86 34 146 69 94 228 203 12 208 16 224 223 123 200 217 20 216
    228 102 96 81 156 228 51 121 250 203 188 126 228 237 79 206 0 190 32
    222 241 239 209 224 120 74 179 83 198 91 88 8 98 145 213 53 181 61
    198 112 75 161 90 205 31 70 187 216 54 95 50 244 249 175 62 149 213
    109 148 133 246 87 106 142 55 111 62 39 161 229 21 222 147 110 85
    197 128 94 162 52 125 208 190 217 192 207 225 229 171 33 144 65 114
    30 167 28 232 34 239 236 196 18 184 46 252 219 112 102 102 239 204
    21 128 126 6 56 201 94 208 233 171 152 150 248 60 216 188 15 122 23
    211 236 206 239 155 232 91 42 45 221 59 129 26 145 5 98 2 183 12 94
    240 149 208 239 45 70 101 201 30 151 184 205 254 122 84 111 85 202
    220 32 85 46 191 57 97 181 43 15 16 26 184 81 246 77 235 91 199 194
    31 101 196 70 172 75 73 94 100 64 20 139 186 137 187 87 111 93 58
    143 218 249 205 5 206 17 53 25 7 86 72 121 85 184 66 194 97 45 107
    142 239 4 252 225 197 181 172 146 236 97 169 243 142 184 203 76 92
    139 142 175 58 100 146 177 68 231 253 16 122 29 72 80 221 129 183
    135 254 70 160 159 100 96 212 67 225 58 249 250 172 216 166 230 47
    144 2 110 8 141 23 45 47 83 27 190 179 103 135 42 217 208 202 171
    182 199 84 235 205 50 236 22 99 169 134 57 20 101 91 0 69 97 93 211
    62 28 151 38 103 224 11 194 128 138 3 83 98 118 94 110 253 129 22 58
    131 193 111 121 14 104 196 181 126 207 29 175 97 27 173 46 226 209 8
    35 3 218 99 139 42 229 235 191 86 112 87 85 170 176 33 213 0 123 58
    215 227 54 135 25 175 223 20 132 41 185 35 232 135 3 44 171 63 110
    106 60 239 176 72 84 180 102 170 180 238 232 102 236 158 242 220 153
    155 206 148 30 254 38 15 83 134 122 213 224 222 217 61 158 226 214
    83 161 84 228 112 36 127 145 210 65 9 47 21 250 149 154 15 129 89 26
    145 104 0 133 233 99 176 167 244 85 215 146 154 29 79 44 22 173 212
    90 38 226 159 222 163 12 34 86 236 137 54 100 42 247 17 230 113 139
    204 211 72 132 211 7 45 155 133 53 253 78 228 145 203 155 160 185 19
    227 243 232 1 197 5 104 41 7 142 160 29 123 71 18 35 76 17 89 93 226
    205 165 47 249 214 59 240 105 28 244 211 5 43 82 77 203 147 156 7
    190 5 53 43 19 69 110 178 17 28 152 46 191 172 1 178 28 129 14 82
    184 145 0 99 148 55 58 130 99 120 49 7 107 161 34 112 195 99 21 46
    229 158 36 244 174 229 235 209 48 48 155 111 165 242 18 135 127 66
    104 149 241 130 6 16 75 79 21 103 149 96 126 127 194 143 234 90 145
    162 33 15 212 42 7 107 230 252 175 236 164 68 16 194 71 50 15 137 90
    59 178 30 253 199 248 111 30 234 21 2 116 122 91 168 136 99 127 120
    149 201 49 218 53 189 106 47 5 37 248 220 26 134 56 186 110 101 190
    40 42 94 80 115 133 116 102 153 206 100 157 145 124 214 148 129 145
    220 122 20 53 246 111 141 231 52 125 213 206 225 89 24 180 163 141
    166 82 27 192 8 21 59 194 108 243 178 22 71 154 13 91 105 118 173
    166 33 244 179 203 43 156 48 58 70 127 104 238 127 138 244 19 53 201
    141 93 36 50 190 107 105 102 102 84 42 137 236 57 180 178 118 127
    135 19 54 116 234 132 125 133 83 216 148 151 137 50 88 161 48 174
    177 35 245 193 146 21 218 73 165 206 223 179 149 111 224 141 172 84
    3 210 239 95 200 125 110 102 101 86 53 204 157 213 173 24 245 74 15
    160 214 47 207 12 169 18 120 80 227 247 234 239 159 182 239 115 254
    166 196 28 175 173 49 197 34 23 18 76 25 1 62 88 69 18 196 51 40 80
    70 133 138 92 201 17 232 24 218 135 37 42 126 152 205 223 17 122 225
    255 145 237 56 140 102 36 233 100 99 188 66 103 139 124 173 125 77
    214 71 178 249 84 128 141 251 88 8 246 114 230 184 109 228 23 250
    222 26 101 132 152 248 125 228 17 56 217 145 227 95 236 212 16 19
    156 200 15 164 225 48 19 20 124 213 29 211 175 218 180 133 170 100
    108 79 186 251 167 252 47 111 179 68 200 207 147 236 66 76 247 139
    196 69 206 179 138 191 255 93 77 50 98 20 222 197 99 25 116 193 208
    104 151 91 34 231 58 40 144 136 222 131 152 11 244 119 3 119 76 170
    208 237 17 223 30 248 254 80 68 229 155 187 26 79 7 56 16 159 51 97
    187 90 204 157 180 239 88 11 68 3 125 204 37 100 226 13 124 245 248
    90 242 75 163 107 186 65 133 211 170 87 198 144 240 161 153 107 31
    33 20 132 134 193 144 136 95 149 140 64 165 158 16 50 184 45 51 131
    85 112 130 155 246 82 174 0 178 61 59 194 124 74 163 30 85 88 12 137
    132 24 69 83 201 229 143 102 210 66 178 60 230 157 240 147 17 213
    235 186 19 160 64 247 128 88 93 40 162 200 34 100 167 232 244 211 47
    41 189 103 125 133 107 172 119 125 46 167 33 198 209 81 244 238 13
    174 191 43 87 173 182 42 28 240 0 107 127 192 51 235 49 9 123 2 32
    174 127 76 101 251 154 57 165 130 79 47 105 80 24 207 136 124 195 45
    80 74 22 145 148 140 172 63 99 62 56 188 38 165 110 154 148 60 15
    253 190 6 51 165 194 40 193 221 148 243 62 244 151 199 29 11 218 166
    91 70 128 108 136 123 105 242 3 141 147 210 135 224 26 208 168 14 77
    91 51 27 211 130 122 10 218 49 174 125 116 135 228 196 80 5 187 64
    194 72 250 103 203 17 109 240 59 104 237 255 101 20 63 134 91 54 98
    120 198 169 110 185 34 39 113 22 197 203 188 231 34 81 107 35 216
    151 167 170 38 50 197 58 217 67 239 90 83 39 250 55 8 240 149 90 160
    170 238 141 185 56 134 44 42 28 87 92 217 100 206 20 236 27 2 4 194
    115 34 140 178 148 189 60 201 183 154 63 14 155 123 126 69 26 234
    179 65 197 239 88 52 45 28 100 137 44 159 164 206 205 59 11 13 170
    65 102 242 98 107 223 232 97 44 110 199 228 87 40 43 43 183 16 140
    115 141 235 212 60 223 6 40 183 213 213 22 150 175 217 156 90 172
    118 235 221 65 137 73 230 77 141 37 5 42 142 95 246 194 114 9 69 33
    20 103 118 127 203 224 171 162 60 140 52 72 88 119 203 100 40 122
    198 131 62 78 148 24 150 239 23 33 170 31 86 234 110 92 137 16 211
    154 107 246 252 206 9 207 164 203 102 224 111 36 229 74 186 126 246
    226 237 103 9 217 125 179 248 36 216 51 90 181 211 163 148 29 211 72
    242 11 249 194 60 154 133 148 162 196 178 73 21 136 234 230 208 221
    107 212 1 123 26 214 160 174 142 111 34 196 99 117 197 167 74 203
    170 115 28 99 48 235 207 203 69 218 254 30 141 24 252 24 171 12 25
    56 43 7 48 191 209 16 161 172 228 88 160 92 159 107 38 8 159 246 17
    11 20 92 27 34 102 121 85 253 28 35 118 196 189 186 190 21 122 121
    176 102 5 20 251 107 8 26 92 121 69 20 88 236 135 191 241 149 5 137
    235 39 62 155 210 198 145 25 59 161 205 83 174 170 178 185 3 233 17
    59 70 83 159 47 186 76 239 0 146 16 249 211 72 41 249 29 42 57 248
    60 140 69 52 62 133 107 131 157 127 172 195 131 102 42 89 229 56 73
    193 47 239 174 12 192 79 84 69 43 249 174 252 129 52 1 198 60 2 33
    12 28 124 237 169 19 168 236 48 40 13 179 215 141 91 94 215 195 247
    244 215 217 210 55 221 84 240 137 39 221 185 132 62 178 36 202 192
    219 83 132 104 111 135 113 199 146 73 122 243 0 179 143 25 144 190
    240 138 73 171 82 5 117 139 42 147 232 24 140 226 144 88 232 118 224
    245 114 166 186 193 1 235 36 20 43 90 110 153 56 231 75 151 13 149
    242 254 182 215 7 158 213 239 189 145 92 119 212 27 15 84 109 77 69
    205 116 160 252 200 1 23 133 47 104 200 61 183 124 190 150 76 21 158
    194 251 20 75 44 162 55 138 210 68 134 187 120 4 146 37 243 21 207
    254 74 150 207 252 177 49 136 202 102 22 64 60 255 103 170 58 190
    173 13 11 205 222 94 195 246 247 8 201 96 25 60 101 242 148 187 51
    254 176 166 9 100 171 161 167 31 61 144 40 226 127 116 18 59 43 245
    85 0 239 181 8 120 32 227 214 92 20 104 128 19 156 245 54 194 16 37
    110 123 56 247 231 197 243 147 35 254 162 120 81 64 187 192 36 155
    26 178 91 26 202 7 77 24 49 199 74 113 209 94 147 236 92 5 184 118
    61 33 80 36 203 141 30 33 230 168 50 204 173 87 3 18 216 246 159 240
    42 223 84 83 58 129 74 152 149 84 247 16 67 207 183 11 253 206 69
    132 111 228 101 61 53 58 231 12 50 174 31 211 60 86 107 218 145 137
    9 48 31 131 15 183 105 62 134 161 195 101 188 254 154 109 85 94 131
    107 164 216 208 249 182 196 141 30 6 62 166 175 130 165 149 87 7 71
    44 160 82 35 218 248 223 164 174 208 226 157 198 60 67 108 203 195
    245 152 60 24 66 68 173 27 12 229 232 233 240 74 119 76 18 70 135
    242 61 50 246 193 97 166 61 41 22 138 181 25 43 214 229 168 18 58 80
    240 20 180 205 199 192 253 161 244 223 232 117 103 10 214 195 231 7
    18 54 138 123 131 141 103 12 78 171 206 186 107 62 139 252 66 72 15
    112 4 197 173 246 69 203 160 158 192 10 20 46 92 183 3 204 196 144
    96 212 32 145 211 233 107 45 53 120 76 1 184 250 143 184 245 89 31
    216 73 112 71 191 83 128 193 68 154 173 24 58 141 208 171 251 59 247
    101 105 252 59 41 128 56 172 7 61 7 16 246 119 156 224 182 204 149
    45 185 146 157 64 11 174 160 245 87 179 242 118 146 32 111 217 47 77
    54 95 219 174 98 17 135 179 178 99 173 31 125 7 57 241 99 114 154
    136 122 186 140 8 112 232 25 90 247 214 192 69 14 83 210 210 60 190
    107 214 31 150 250 199 248 81 102 129 39 97 166 205 44 10 38 142 87
    131 171 43 156 210 190 44 111 133 163 169 162 19 178 102 118 212 234
    73 47 223 245 175 11 176 40 177 56 227 1 77 72 208 132 147 48 224 32
    108 103 130 216 42 33 140 22 175 121 150 189 44 195 221 40 250 90
    208 186 57 47 121 154 232 252 45 114 101 62 125 209 112 81 153 63
    176 177 48 28 27 71 154 102 20 95 129 110 83 79 61 130 240 226 167
    36 178 81 173 50 76 190 182 175 94 70 147 46 249 163 125 209 40 231
    194 132 96 21 255 252 2 165 152 74 112 249 153 114 167 102 96 48 101
    33 177 165 212 186 153 55 83 231 25 154 147 211 207 148 212 92 140
    61 246 201 219 119 228 60 233 236 3 38 255 195 40 65 36 124 1 184
    132 101 28 111 248 2 73 224 1 11 199 101 167 20 197 121 139 105 122
    56 12 243 226 162 176 180 147 199 49 79 233 127 132 140 84 239 198
    57 42 252 65 254 204 29 117 105 219 238 219 84 11 151 30 180 198 57
    154 3 69 15 194 126 3 148 245 156 180 82 125 233 147 155 97 232 8 37
    146 102 243 162 87 68 4 5 60 110 147 155 30 74 131 116 110 215 9 55
    124 253 191 249 65 4 106 183 248 33 248 31 220 89 184 130 239 225 23
    194 83 53 226 113 21 96 25 49 53 54 192 38 100 90 32 183 182 0 104
    238 123 24 181 182 82 78 255 64 44 114 157 172 145 229 40 153 203 78
    114 106 164 31 106 253 12 192 246 0 71 178 153 78 235 178 90 42 30
    57 201 182 52 47 103 60 153 37 85 242 119 141 23 24 199 8 232 15 240
    20 203 98 34 90 132 27 207 221 49 192 158 190 89 3 173 113 122 137
    205 28 145 77 115 15 146 89 29 220 50 124 178 124 26 31 193 186 127
    13 228 74 222 247 122 45 216 0 234 172 106 243 185 224 112 1 41 239
    226 38 164 231 214 219 251 240 10 185 36 26 146 192 35 92 29 8 38 90
    33 251 27 171 98 188 191 157 49 187 98 65 160 16 71 222 47 92 252
    128 108 168 158 176 135 193 252 208 206 50 53 252 148 64 20 72 170
    189 193 222 18 158 165 66 76 250 9 213 164 28 132 167 193 244 46 93
    155 168 108 162 196 22 244 93 146 42 20 40 45 217 73 162 119 88 207
    22 255 50 248 189 131 30 74 18 24 85 38 131 208 239 11 53 187 105
    146 179 21 37 17 3 192 222 79 230 212 81 124 182 211 148 2 151 181 7
    138 158 77 48 90 98 199 162 227 204 207 9 48 63 16 176 75 196 101 63
    65 1 19 118 69 120 179 122 68 7 0 22 206 210 135 255 154 95 219 7
    132 35 59 211 204 229 37 196 165 117 98 75 70 175 39 143 25 247 168
    43 236 53 33 158 17 222 144 20 64 147 15 139 60 239 62 197 159 17
    151 145 196 251 29 57 59 7 243 53 174 73 50 62 123 245 151 198 158
    69 115 83 53 52 227 200 42 222 7 56 217 195 92 90 80 16 25 8 164 208
    153 221 130 219 231 99 200 185 211 92 44 243 54 90 182 155 7 152 27
    9 201 218 150 207 113 67 204 10 204 223 43 68 192 47 239 94 121 127
    42 55 147 253 202 137 8 149 169 230 57 174 216 137 146 62 139 37 35
    242 60 172 198 46 10 239 239 21 60 64 162 85 114 148 55 27 189 68
    172 217 101 91 55 60 36 105 113 235 221 144 87 8 124 73 36 211 245
    183 112 133 95 93 149 55 73 159 184 114 145 233 172 1 202 116 2 81
    92 154 152 140 173 11 218 236 61 1 242 146 252 131 159 159 115 111
    200 21 93 225 4 205 90 85 90 136 90 161 126 58 47 97 183 170 240 32
    9 65 178 4 180 82 69 247 183 175 138 54 253 3 48 57 87 218 145 21 52
    217 255 121 201 58 180 157 109 22 139 129 146 172 219 142 198 4 222
    237 61 240 198 173 171 243 89 214 153 101 87 112 24 90 55 56 85 72
    217 114 248 60 228 222 169 55 229 168 16 211 53 128 76 78 113 231 72
    86 188 60 22 73 224 16 75 218 85 236 116 252 151 223 143 104 74 232
    14 252 90 245 4 220 186 61 166 8 75 159 126 214 252 105 100 60 77 94
    236 53 194 176 54 139 246 66 134 58 41 51 173 134 39 105 100 197 207
    82 200 181 7 111 52 58 31 30 252 87 49 95 145 153 45 177 222 113 41
    45 53 88 25 140 13 70 240 126 101 1 136 61 12 79 205 170 24 184 53
    97 30 168 211 197 87 71 238 97 226 116 36 143 119 11 53 195 58 58
    153 200 242 108 18 89 45 243 237 156 75 206 200 236 198 110 65 236
    154 14 188 128 213 2 254 109 141 137 69 14 81 53 69 79 13 78 24 129
    219 191 51 139 23 178 75 79 89 115 121 1 79 227 37 238 73 115 65 110
    131 103 10 156 144 104 151 234 212 124 26 138 152 159 247 158 208
    222 183 4 44 99 176 57 165 46 165 131 62 202 9 144 48 126 130 190
    238 163 98 1 92 7 143 211 54 196 106 132 72 125 125 220 101 244 121
    57 127 196 241 58 248 41 108 103 88 90 165 171 185 243 87 134 216
    191 169 27 42 126 64 178 247 118 120 190 179 199 89 66 147 226 124
    149 247 25 4 141 181 135 242 84 202 47 62 98 232 247 254 167 171 248
    48 75 148 112 17 93 210 176 141 190 143 14 216 138 120 80 11 208 173
    59 187 20 252 180 181 72 193 9 53 218 182 12 217 173 7 74 200 254 66
    233 193 16 39 192 22 243 178 150 11 109 190 243 66 47 115 57 96 50
    97 71 27 231 156 253 99 77 93 226 122 26 222 213 69 166 114 206 190
    75 38 249 148 158 189 6 249 55 194 239 159 215 11 126 252 104 157
    212 81 161 63 26 203 201 250 154 5 135 62 116 91 136 44 97 183 223
    150 43 204 181 172 192 175 241 133 216 254 34 154 254 200 246 6 12
    37 88 209 155 226 121 8 160 4 139 46 13 59 208 191 52 136 77 82 176
    165 128 209 190 5 57 133 164 51 93 134 139 170 40 97 96 249 10 168
    143 81 181 139 225 185 196 208 120 132 106 121 240 217 93 147 228
    147 191 164 36 91 176 89 143 221 192 161 250 1 97 76 113 165 238 200
    192 12 45 156 60 176 201 107 52 102 62 75 24 45 72 1 106 31 33 152
    21 117 197 44 66 115 174 215 234 101 11 92 43 224 151 150 211 55 118
    201 10 50 42 77 129 58 210 24 193 39 105 237 141 254 11 201 190 31
    212 160 192 29 71 243 172 186 125 239 40 240 86 118 255 242 89 0 203
    160 254 19 155 2 109 122 56 170 204 207 230 56 82 222 164 227 82 21
    198 3 56 160 233 75 13 190 134 1 149 146 146 209 174 65 143 74 242
    188 10 213 46 53 88 177 230 4 236 126 210 127 176 235 34 70 21 214
    197 58 223 173 178 24 135 60 23 27 61 200 124 208 55 161 151 223 126
    18 250 29 235 179 191 86 60 150 247 145 96 67 168 223 176 191 204
    240 20 239 82 27 7 12 32 67 221 72 31 220 35 250 224 249 207 29 151
    15 114 8 175 220 141 171 70 226 35 111 205 208 125 93 10 183 226 180
    204 12 195 211 15 207 45 41 233 70 231 156 229 114 186 228 65 242 56
    192 55 219 180 251 54 152 198 186 92 91 254 209 46 200 6 226 35 3
    162 18 104 49 86 234 46 182 34 119 135 109 94 92 101 156 203 79 6
    132 220 137 184 123 134 68 176 191 16 231 85 204 139 111 136 74 119
    236 209 141 30 226 52 122 198 233 106 120 20 49 208 218 37 10 206
    247 224 145 67 135 39 72 122 64 205 217 113 219 241 53 166 9 83 239
    117 58 35 218 240 58 218 199 17 65 233 7 201 2 66 192 89 195 202 120
    204 153 205 38 216 59 216 244 9 167 95 79 67 27 250 215 174 74 197
    18 80 249 215 201 73 115 189 84 156 239 173 109 47 51 5 246 49 213
    235 41 245 58 73 180 91 228 154 95 112 177 148 171 179 247 178 187
    219 109 55 142 44 213 142 228 205 64 193 201 23 197 177 5 74 195 119
    132 198 222 238 65 164 23 170 22 131 19 21 155 165 207 149 0 136 188
    36 125 144 59 97 62 184 150 159 171 243 174 74 255 43 231 204 246 78
    56 139 100 230 248 187 30 177 110 178 86 47 123 35 55 133 79 169 12
    152 144 144 151 137 149 63 181 163 101 0 195 255 122 49 96 246 21 89
    238 39 190 202 215 238 211 46 80 227 39 157 198 184 143 46 143 87 49
    71 248 122 33 30 50 35 238 231 249 154 111 93 39 120 121 11 69 7 106
    32 109 123 15 242 238 182 151 136 82 30 248 128 153 176 13 104 78 93
    139 134 192 213 159 17 61 236 159 156 155 5 181 66 220 221 67 189 97
    160 70 157 163 98 47 156 246 63 159 51 64 53 243 62 160 226 230 207
    10 236 19 107 47 60 32 115 212 86 239 181 14 28 189 215 242 106 27
    183 162 97 48 84 133 92 19 168 65 195 231 251 244 34 139 31 45 158
    70 248 16 46 151 165 73 223 105 181 190 104 6 83 248 12 111 63 219
    45 229 45 253 196 23 26 118 234 223 244 98 71 194 68 205 60 197 63
    147 226 87 149 218 143 17 58 106 10 201 54 73 202 70 91 156 116 21
    166 202 15 214 243 99 164 59 130 45 116 183 111 18 247 116 252 157
    254 224 193 239 122 179 74 95 50 96 216 223 18 14 93 228 189 140 146
    167 67 71 28 208 218 39 166 36 6 201 91 120 233 53 87 158 254 237 78
    90 222 54 44 72 151 209 38 211 218 72 183 100 204 9 189 186 157 196
    10 209 99 195 44 132 220 27 98 65 7 66 235 249 179 132 217 4 138 49
    55 81 90 57 250 105 130 159 219 131 55 38 6 173 187 43 107 82 199
    210 230 60 102 107 108 155 138 84 237 120 62 47 164 149 130 173 52
    124 36 40 66 109 130 70 105 19 132 43 82 44 225 137 88 42 80 249 32
    246 221 238 115 97 125 174 246 114 132 152 96 74 96 113 184 26 12
    140 204 141 7 104 3 213 35 9 151 142 100 239 155 240 23 165 140 7 69
    251 81 129 41 158 172 118 57 121 102 133 214 98 253 86 159 235 36
    135 248 178 11 231 80 32 192 90 196 189 188 43 90 205 254 157 184
    127 26 247 31 127 71 26 232 193 232 237 249 15 168 223 228 78 185
    199 68 113 189 153 244 176 156 197 91 220 174 209 253 133 17 242 129
    99 24 24 206 175 234 190 196 31 55 34 149 169 206 17 102 30 128 210
    3 63 33 33 136 219 135 92 91 148 204 13 117 130 124 171 249 241 124
    89 23 211 6 59 174 86 86 131 206 230 243 162 19 215 214 139 102 96
    66 127 79 246 147 180 10 252 224 230 70 195 211 107 150 209 230 216
    220 9 139 8 89 198 183 121 141 249 17 227 248 113 240 73 182 254 176
    7 76 146 231 5 65 121 200 112 137 171 113 195 200 208 219 243 146 2
    18 103 102 227 25 252 200 75 0 6 2 206 0 180 227 151 2 0 70 17 65
    248 132 66 117 236 241 37 134 196 48 211 132 65 173 109 62 36 98 21
    246 99 118 47 37 104 142 161 199 209 247 8 54 28 113 52 202 71 80 20
    88 123 118 100 153 166 174 108 125 84 82 98 77 190 10 250 39 80 78
    184 65 136 31 240 195 245 164 197 69 3 83 207 214 141 37 153 42 13 7
    130 137 14 54 80 37 147 137 211 220 72 42 211 213 147 25 117 1 101
    91 253 217 26 110 130 213 60 197 117 227 180 32 175 230 21 76 91 5
    217 221 218 116 185 90 240 9 54 12 81 83 254 169 208 243 237 2 49
    110 157 71 205 126 169 70 52 121 141 96 235 137 183 243 195 57 247
    117 174 208 81 66 60 38 28 152 75 96 246 156 190 178 210 86 16 0 82
    132 57 205 91 185 168 66 74 247 172 102 196 59 61 178 129 29 78 157
    246 125 12 66 70 173 71 81 99 75 21 153 207 202 42 251 148 129 125
    97 244 240 254 142 170 126 185 55 32 18 187 79 42 148 58 33 21 255
    60 103 160 15 107 221 79 35 182 73 59 120 236 95 218 53 187 55 75 61
    206 96 187 142 66 125 227 167 176 71 250 213 39 208 157 236 88 167
    193 22 119 9 99 27 58 160 225 16 103 105 155 162 76 180 140 60 59 64
    155 99 5 160 35 31 41 63 24 152 111 139 168 178 84 133 79 148 244 52
    150 104 164 47 54 36 34 177 81 93 211 134 44 231 11 28 76 48 111 185
    178 192 235 219 215 253 89 82 44 230 217 153 162 147 53 219 115 153
    62 34 129 165 168 139 89 121 139 128 87 29 181 145 2 188 123 184 113
    166 83 208 94 191 86 157 24 114 139 163 139 187 12 61 140 169 210
    188 231 54 115 108 42 79 175 204 35 205 246 94 99 15 18 81 18 125 27
    52 107 106 124 48 68 17 224 12 32 129 46 118 25 172 28 109 59 180
    109 94 75 166 79 9 15 40 114 26 227 212 171 154 255 60 140 227 81
    193 206 191 204 18 109 90 85 105 187 176 91 10 169 252 22 233 97 157
    61 238 98 164 43 183 159 255 106 83 16 27 201 68 221 141 38 239 243
    219 116 132 238 32 85 206 96 84 19 38 109 250 23 130 124 22 135 184
    172 69 164 153 34 203 160 255 176 67 49 173 32 197 76 241 243 174 13
    72 180 236 251 122 194 243 139 32 118 12 188 200 200 193 195 16 210
    201 117 142 151 226 149 72 131 160 201 97 152 26 147 121 226 91 67
    205 211 152 172 19 62 165 208 78 143 129 99 145 128 0 156 223 62 234
    197 188 206 158 105 119 181 86 74 222 26 69 198 144 78 207 108 93
    203 46 1 219 173 223 177 137 27 3 101 162 201 248 80 217 139 131 80
    92 113 36 245 151 96 250 254 133 43 3 196 7 210 240 102 12 132 109
    92 6 149 30 121 221 30 238 100 98 73 19 45 96 111 31 153 6 82 162
    183 26 228 5 134 119 174 233 135 236 185 216 102 82 143 61 185 112
    186 189 35 8 25 180 217 113 184 87 50 53 71 172 146 208 184 32 105
    63 222 42 76 57 198 17 173 139 44 61 236 201 144 166 40 116 36 12 63
    131 181 137 168 207 31 243 166 4 110 44 138 100 181 40 41 224 2 86
    99 106 93 130 1 134 143 161 134 101 23 65 224 211 209 255 10 175 96
    134 64 81 0 95 218 219 125 86 15 185 181 179 0 95 58 178 133 64 73
    152 139 161 95 172 224 187 22 180 119 73 210 182 235 128 139 129 212
    229 107 21 159 46 227 252 178 35 206 81 220 237 227 23 142 82 91 12
    79 220 154 196 80 175 171 92 184 124 215 102 32 75 203 164 227 134
    152 238 109 204 201 7 198 249 33 38 115 191 50 240 146 78 76 172 149
    42 56 236 95 222 104 108 44 83 137 112 228 178 123 1 208 14 64 56
    113 74 124 28 192 219 66 114 5 79 119 129 188 20 64 235 87 38 85 176
    68 120 176 108 249 36 33 161 182 154 68 215 107 110 140 239 56 116
    68 79 100 141 177 83 2 35 23 231 31 222 23 216 56 76 141 61 216 66
    83 223 220 67 242 218 60 175 104 233 104 244 239 173 226 248 210 94
    241 164 198 34 32 128 206 152 96 109 54 125 206 71 58 111 215 50 41
    151 85 33 10 13 49 131 201 139 190 29 79 49 47 119 231 110 50 175
    131 228 71 223 190 210 78 84 222 163 218 139 216 124 76 185 24 216
    10 82 100 179 149 135 168 127 99 133 164 140 19 94 42 85 220 57 24
    205 26 120 12 17 96 255 54 2 196 102 16 68 113 163 195 44 86 211 168
    90 40 31 229 81 234 174 193 144 100 144 53 153 5 201 233 167 135 156
    171 220 129 96 73 236 71 139 235 40 188 124 170 163 17 228 215 76
    198 42 134 180 136 105 6 145 155 99 150 140 249 243 43 222 158 82
    172 119 74 235 1 141 162 96 83 75 74 50 59 112 42 1 4 160 88 108 198
    50 117 195 121 60 1 173 95 22 192 19 136 165 76 63 230 8 161 172 177
    55 183 66 243 94 167 73 88 177 192 160 26 86 48 248 109 228 119 95
    149 90 132 215 140 241 113 153 43 40 78 241 21 147 247 197 82 84 183
    237 52 220 235 30 205 43 175 226 86 34 55 22 153 108 106 207 103 82
    89 73 169 129 214 64 202 28 61 100 95 25 27 145 107 192 115 205 144
    19 250 88 0 117 0 71 235 220 139 20 27 136 148 46 112 86 1 253 204
    28 54 89 234 244 203 20 223 145 198 251 53 171 54 162 167 227 137
    232 151 153 210 211 85 141 71 173 227 219 198 93 110 152 178 61 136
    91 238 231 204 117 1 191 6 212 184 132 155 79 233 95 73 247 190 56
    126 168 15 1 110 91 206 214 201 138 132 66 79 63 157 138 227 228 145
    150 133 97 126 15 22 220 99 228 109 95 115 18 102 43 181 71 246 121
    218 108 250 40 198 86 203 225 170 180 246 198 24 177 75 46 165 117
    73 170 139 49 221 7 91 4 35 87 7 151 18 52 210 26 90 128 59 41 17 24
    30 127 153 93 166 38 224 115 157 148 81 227 144 91 169 136 157 148
    229 185 98 108 153 58 55 145 74 239 146 20 110 108 78 192 58 54 4 42
    1 35 228 135 221 60 112 70 66 127 21 190 105 170 153 66 54 39 18 103
    199 196 190 66 26 192 120 250 105 228 32 50 209 133 87 142 237 83 54
    255 127 246 238 195 94 144 101 185 19 0 238 217 81 165 200 173 30 78
    8 92 239 14 112 192 169 215 54 104 24 252 189 204 172 15 224 38 230
    222 174 108 89 86 84 175 125 27 251 87 30 135 56 17 163 236 40 46
    214 77 236 213 135 223 193 97 151 211 174 100 249 173 156 67 174 97
    79 165 12 161 66 3 150 195 35 199 136 0 28 17 161 145 224 33 81 80
    77 10 157 102 221 169 243 43 245 163 25 59 24 21 82 21 242 147 148
    61 86 41 63 202 17 14 85 11 127 99 17 8 232 51 102 153 217 150 251
    17 66 205 81 235 149 184 64 88 213 87 197 34 53 90 172 247 44 206 96
    0 87 92 131 192 25 32 158 83 60 216 108 67 180 137 185 97 97 32 46
    22 168 182 245 2 221 71 22 236 49 10 235 160 89 99 30 13 115 214 141
    138 74 137 126 126 37 177 154 223 133 33 81 121 97 247 177 13 42 207
    33 170 98 33 13 113 168 20 133 74 223 124 40 163 77 125 3 19 16 75
    194 35 58 53 254 147 161 149 118 130 170 3 161 78 64 17 14 108 24
    224 55 52 234 106 136 116 47 186 229 128 16 117 139 170 100 57 166
    99 156 61 173 209 38 112 157 217 235 209 50 151 194 122 5 179 240
    124 12 213 231 83 119 19 142 117 141 36 186 236 206 178 25 68 217
    150 103 15 94 145 210 66 66 50 131 239 18 5 154 166 86 143 170 169
    161 80 208 205 194 166 119 13 148 77 124 141 252 130 86 29 83 5 64
    127 198 96 111 142 224 224 229 190 3 147 48 60 100 221 154 241 144
    71 164 233 173 84 209 174 231 52 16 25 52 121 118 181 247 191 153 51
    108 184 254 174 252 176 226 139 227 116 2 121 58 152 207 224 235 183
    152 43 182 213 236 135 187 120 246 247 52 31 37 98 147 126 196 46 20
    14 249 189 217 55 114 192 230 104 174 94 166 87 153 128 168 5 141 16
    246 148 190 207 50 170 163 217 135 12 248 230 160 34 206 162 201 28
    201 222 35 145 4 249 162 128 245 245 100 193 173 21 24 245 177 112
    111 140 169 222 41 182 135 200 131 90 193 180 144 81 64 198 210 240
    197 223 190 3 202 189 0 201 23 94 196 139 179 14 162 152 138 162 153
    47 144 128 212 137 79 84 157 225 63 213 216 116 35 248 56 200 132 55
    27 68 5 251 44 123 6 248 26 21 34 21 228 145 103 83 234 30 17 43 58
    175 22 234 22 134 175 99 193 174 31 248 50 47 251 75 9 79 250 24 73
    183 60 59 174 15 112 182 54 99 180 27 117 125 157 66 203 193 83 212
    254 34 197 72 106 78 163 142 181 12 91 252 103 3 85 20 95 167 178 62
    204 170 204 213 84 40 12 101 210 68 17 194 91 178 244 3 142 240 29
    145 20 87 250 5 84 18 25 102 143 50 137 151 2 216 27 86 114 164 15
    205 224 205 194 74 61 152 51 178 176 195 101 193 254 207 196 61 92
    210 43 129 107 192 153 30 185 84 2 39 79 96 14 156 211 58 19 9 116
    118 193 67 195 92 182 5 49 58 176 188 221 76 252 84 95 232 240 156
    36 70 16 213 132 230 206 88 138 146 82 228 250 131 249 239 96 92 183
    101 217 222 55 134 113 112 102 75 249 114 114 53 9 177 83 37 147 128
    198 79 72 48 217 17 21 200 59 159 242 193 47 253 152 128 213 32 135
    194 254 179 24 196 61 84 183 78 178 93 232 137 33 150 114 10 152 224
    98 40 158 37 65 96 180 91 35 109 190 34 123 62 47 28 214 21 248 8
    107 91 33 21 219 128 175 233 127 69 18 242 98 181 115 138 77 159 133
    165 195 95 8 118 220 148 219 242 22 59 190 155 15 171 50 108 229 84
    217 9 253 191 152 147 107 81 6 55 220 20 49 216 79 163 123 228 2 2
    18 71 27 51 137 9 238 122 175 110 66 29 54 9 172 17 1 216 241 232 34
    220 92 209 55 182 3 21 65 47 43 44 27 200 85 26 140 7 54 197 158 14
    5 46 19 216 248 40 244 20 149 150 241 99 180 56 168 207 6 156 182
    223 230 203 80 90 159 52 140 156 144 45 137 168 171 13 57 240 199 72
    7 27 254 140 89 121 173 123 189 59 84 136 122 25 214 41 28 136 112
    103 166 233 125 86 13 243 110 198 77 234 101 100 137 139 246 86 65 5
    170 45 8 183 255 31 233 65 5 27 185 83 16 38 211 152 190 185 23 207
    97 31 182 157 175 255 240 16 18 37 75 233 66 18 33 204 60 204 210 19
    37 195 237 115 216 12 21 107 216 17 93 44 125 34 136 197 60 213 111
    28 173 82 37 181 218 130 148 142 223 108 182 19 47 170 94 174 211
    109 49 232 220 196 106 71 251 36 154 135 107 160 88 111 102 140 83
    69 71 91 162 205 42 32 87 83 147 178 149 84 150 220 229 220 106 150
    56 112 220 61 172 206 166 25 157 116 193 58 82 55 42 255 130 212 50
    145 198 166 152 135 73 71 252 187 112 120 224 173 62 245 50 115 155
    16 179 71 190 122 69 186 80 126 119 175 49 77 213 90 146 43 101 42
    30 74 208 72 174 0 75 219 6 32 159 147 48 135 186 211 43 140 135 187
    117 58 102 178 68 70 62 241 118 63 86 89 86 44 227 175 160 169 208
    72 39 32 175 242 94 130 123 44 206 47 181 144 242 49 101 55 86 228
    37 147 20 237 169 29 60 35 239 37 79 138 127 222 190 2 178 185 223
    58 136 172 4 247 9 165 118 227 52 158 53 9 28 140 165 67 29 134 120
    77 198 147 78 253 73 72 17 193 87 229 58 177 95 38 159 38 242 44 76
    51 188 20 93 27 122 2 170 124 88 57 40 132 231 213 74 141 154 96 165
    97 80 207 186 67 47 108 216 198 216 36 137 223 109 221 149 214 46 2
    19 69 52 48 254 245 139 130 89 104 217 1 187 103 87 138 156 112 87
    229 156 167 129 34 110 94 171 186 237 95 190 126 32 162 223 122 16
    132 54 169 65 106 74 40 91 255 20 28 100 59 9 94 80 73 43 215 79 7
    235 10 1 12 26 118 47 62 126 166 144 20 18 155 88 3 140 61 205 18
    203 53 132 227 85 22 40 251 252 39 191 3 131 9 127 252 88 36 131 64
    153 9 175 98 107 143 194 94 187 251 22 68 200 23 40 3 173 101 2 125
    226 126 12 112 71 161 101 216 29 155 119 166 25 79 163 215 20 216
    139 228 5 198 13 96 91 187 248 132 240 162 181 2 136 15 29 115 232
    212 60 81 203 176 110 71 149 116 109 17 247 23 76 80 68 206 236 206
    169 243 157 165 161 129 65 146 130 131 174 89 92 21 126 216 162 173
    202 239 205 45 222 59 221 200 94 8 216 94 210 187 150 33 43 80 44
    159 184 25 227 221 85 128 115 172 247 211 57 43 29 100 62 38 110 217
    52 132 110 241 77 209 21 231 174 203 220 122 84 153 76 191 119 202
    25 171 11 128 24 125 28 155 25 45 144 152 46 111 163 158 253 147 164
    230 46 58 193 196 228 154 6 42 241 32 16 239 89 74 110 79 216 35 201
    44 86 113 230 231 232 160 108 140 72 170 112 184 192 127 36 246 138
    13 239 221 91 51 57 17 93 187 179 109 32 246 16 15 110 68 25 34 188
    95 33 144 11 93 168 89 37 232 7 182 179 173 33 123 64 189 14 173 178
    65 234 127 222 135 45 217 115 196 254 18 87 7 211 214 193 112 233 40
    177 170 137 103 108 100 158 233 130 176 0 28 185 116 210 158 57 180
    10 164 137 73 39 184 10 215 194 210 138 236 206 226 50 139 229 147
    197 99 10 25 64 18 227 243 101 186 245 236 219 179 9 236 69 112 156
    73 163 233 101 189 27 240 211 125 190 113 112 214 220 99 39 100 106
    1 62 168 82 1 45 247 235 124 152 117 41 143 201 229 163 73 92 81 142
    17 6 196 18 38 222 49 10 221 234 103 60 14 121 40 122 3 197 106 1
    156 79 142 50 198 56 28 187 111 43 207 50 171 74 166 7 102 82 185
    212 51 167 159 24 184 116 186 15 251 121 148 201 216 90 254 134 33
    212 178 1 30 225 11 232 86 14 141 32 35 200 60 138 144 15 243 47 242
    103 0 185 229 251 67 149 80 153 210 167 160 190 242 202 134 228 80
    89 40 40 80 151 104 132 29 225 58 130 174 29 228 217 191 187 126 22
    166 34 218 242 65 228 149 68 189 128 158 180 237 78 255 98 219 1 248
    76 37 155 76 231 13 175 187 249 35 89 133 226 192 171 118 52 78 58
    247 16 239 100 70 97 57 18 13 117 246 8 234 178 195 32 167 116 28
    182 174 213 23 187 66 75 251 92 212 224 150 250 0 59 45 49 225 131
    149 225 26 40 230 61 215 81 166 85 214 161 20 82 181 104 28 166 174
    101 189 229 124 233 158 110 214 111 204 58 116 118 43 156 238 23 18
    168 41 191 248 154 66 119 182 165 239 134 196 232 225 125 94 117 236
    242 117 244 211 90 113 3 45 240 136 167 249 114 164 54 233 236 159
    224 23 51 49 217 169 111 41 55 59 40 1 51 4 48 157 180 37 44 39 186
    132 7 218 207 148 97 108 221 33 186 242 188 39 218 76 220 171 135 48
    130 40 109 18 187 77 251 5 138 169 195 197 217 235 247 210 96 165 17
    32 220 254 216 146 141 17 70 158 157 201 159 191 156 168 83 150 221
    39 175 145 184 73 107 230 69 202 64 111 168 146 44 229 127 2 175 115
    170 34 74 182 226 71 81 114 45 41 92 55 160 14 116 246 60 111 63 81
    107 0 64 35 252 246 199 49 163 212 133 80 26 98 216 82 24 121 223
    140 70 37 205 73 138 229 66 188 137 87 232 173 3 210 51 158 96 129
    158 119 40 141 66 104 46 39 7 192 65 155 218 221 139 173 201 27 118
    61 85 72 29 74 21 85 162 152 197 41 72 77 30 222 118 160 75 82 221
    64 112 26 136 163 168 207 0 70 239 107 66 133 201 194 8 64 80 174 91
    12 193 22 198 147 191 102 4 254 107 93 53 128 18 48 222 64 240 71 6
    54 184 237 7 253 82 231 232 231 85 20 26 115 115 182 175 206 35 93
    86 196 81 146 110 173 154 81 58 193 17 205 233 6 211 236 254 89 29
    14 44 208 27 2 150 19 27 191 47 61 151 19 104 29 116 144 34 187 127
    155 70 182 205 1 157 110 138 225 8 196 145 170 202 179 46 225 168
    149 119 111 88 208 64 8 249 157 217 84 180 75 223 152 114 100 147
    166 226 45 230 61 218 56 226 74 143 214 126 210 77 96 188 227 130
    136 171 213 213 123 82 19 113 73 186 71 39 66 57 117 67 228 248 13
    37 82 40 82 59 23 255 233 150 32 35 249 170 86 204 136 61 216 236 82
    141 220 138 168 91 30 212 119 151 161 219 249 221 221 109 50 227 195
    196 24 89 91 52 93 63 188 74 174 229 131 154 107 33 68 105 235 183
    192 236 11 33 144 23 159 220 178 87 207 144 72 2 194 177 209 166 154
    212 227 76 92 78 200 63 94 99 84 167 141 18 181 237 69 111 53 26 49
    77 155 208 255 55 100 197 169 230 156 17 225 83 85 152 171 165 56
    160 222 250 20 43 51 224 214 46 239 26 89 147 225 60 34 141 208 49
    35 67 33 127 175 134 46 114 62 163 63 156 133 178 152 97 114 190 63
    59 187 157 213 163 104 230 208 52 209 185 186 235 54 136 205 208 68
    118 149 93 249 185 201 57 73 133 211 155 3 43 207 159 147 85 146 112
    56 116 244 14 167 212 111 101 14 104 52 97 81 238 24 158 120 120 84
    77 219 104 186 46 247 195 182 42 46 84 5 8 36 181 128 208 94 37 183
    102 125 31 237 226 228 108 206 203 142 83 86 82 175 157 67 127 225
    217 135 196 107 137 88 72 183 3 131 72 13 153 190 247 102 225 37 235
    0 60 253 13 167 67 31 34 98 2 12 232 66 186 152 92 157 227 65 85 251
    124 6 69 129 227 7 113 106 38 248 174 52 31 62 94 1 12 246 107 4 95
    227 165 26 89 77 19 50 224 189 104 198 205 35 52 44 124 69 187 11
    118 31 145 69 140 47 64 240 146 207 206 203 129 60 65 94 222 15 84
    138 206 1 116 60 159 107 16 193 229 10 3 163 239 177 231 204 180 175
    192 138 178 169 120 83 68 124 177 165 9 182 170 225 131 142 244 249
    199 122 188 43 184 142 51 138 111 38 230 223 191 151 47 67 244 47
    170 64 62 249 99 197 198 151 65 4 40 57 101 113 98 76 7 104 250 4
    231 12 206 179 89 166 182 174 62 12 186 75 29 168 174 164 19 196 103
    186 75 251 63 177 135 127 229 222 8 15 99 75 145 50 204 139 197 173
    81 160 4 103 111 252 158 100 163 198 11 117 247 185 246 75 66 44 215
    222 214 19 109 8 102 40 176 140 78 199 198 103 246 111 118 17 193
    196 24 190 231 97 124 117 68 56 232 72 144 20 126 209 124 129 3 199
    214 5 224 233 167 168 168 69 202 25 179 29 187 194 58 184 218 199
    107 28 229 166 203 219 18 135 105 93 136 242 236 247 69 109 25 27
    224 225 165 144 89 202 59 125 19 214 193 147 238 163 121 75 140 206
    255 115 105 188 130 50 6 128 75 14 121 122 234 67 220 65 41 190 55
    158 20 249 171 128 237 163 99 205 167 131 98 250 78 27 7 214 178 169
    213 86 245 87 82 7 36 171 186 114 182 48 111 176 57 135 57 160 9 186
    168 171 126 38 31 16 20 48 146 220 249 199 219 106 156 86 22 111 63
    21 97 210 214 86 60 113 57 74 156 60 2 111 164 184 228 133 158 73 88
    106 33 180 163 251 121 168 76 214 221 68 241 165 157 122 64 163 107
    82 125 53 253 123 104 28 67 85 41 83 111 126 159 58 71 127 21 238 47
    116 97 240 136 125 45 26 217 108 228 42 105 184 205 29 91 183 200
    251 91 6 11 217 251 57 113 106 165 192 21 49 169 96 44 252 145 91 77
    180 200 20 167 234 79 189 159 83 30 232 111 12 59 31 156 67 133 134
    193 231 6 172 223 24 214 230 121 126 173 157 208 75 79 120 88 131
    129 30 241 196 44 78 84 233 204 106 84 83 183 129 16 177 159 63 166
    209 111 206 237 214 253 243 188 124 138 246 106 229 131 238 112 40 8
    103 91 185 207 136 153 216 25 214 150 188 23 102 225 108 99 179 210
    137 92 155 140 84 140 227 220 142 73 45 17 242 234 91 175 128 227
    168 183 16 218 31 35 162 202 155 140 1 30 96 173 19 76 244 211 137
    92 195 137 43 189 170 57 179 98 255 2 148 194 29 203 103 251 188 182
    108 198 234 163 248 214 175 87 26 84 252 50 119 101 207 201 241 12
    17 136 210 150 173 83 148 79 187 119 251 57 168 99 80 111 222 211 63
    238 15 145 0 157 182 74 216 123 132 185 96 198 172 125 25 39 253 62
    75 176 7 173 121 186 3 3 88 94 211 82 43 19 82 116 34 166 132 248 24
    243 151 68 171 208 215 116 28 119 185 74 142 123 128 133 124 233 52
    39 206 152 85 21 109 153 38 64 155 89 90 221 0 184 136 9 173 133 37
    93 88 238 250 172 52 193 244 13 154 147 208 197 208 225 168 243 248
    75 239 165 69 207 9 228 96 175 109 46 46 241 220 64 166 246 61 17
    152 237 141 100 204 91 141 153 247 221 187 66 197 38 221 190 198 55
    211 157 142 63 161 27 158 23 222 60 29 19 124 62 55 47 102 115 95
    200 96 41 62 33 141 210 91 71 192 51 242 212 172 228 235 252 214 206
    120 207 201 251 161 254 56 248 89 14 123 82 53 167 246 127 42 169 82
    48 212 122 18 168 50 211 64 127 131 26 126 22 230 0 209 142 103 182
    236 133 148 202 159 251 140 159 223 91 232 148 245 124 233 90 245 47
    145 128 65 82 171 168 119 213 43 138 191 22 28 205 127 109 226 6 67
    99 87 150 20 216 246 6 156 14 234 217 220 192 239 197 166 79 103 220
    229 147 161 185 204 253 150 207 210 75 66 73 138 216 228 97 128 48
    174 147 246 83 253 111 152 185 28 224 241 43 230 53 251 59 158 63
    223 187 105 204 94 158 90 97 198 148 35 168 30 70 14 31 26 113 26
    176 120 253 72 62 228 134 44 244 131 146 105 16 55 250 204 90 106 97
    56 188 27 218 2 41 30 47 159 63 8 92 151 219 190 166 42 192 199 253
    216 237 37 197 239 42 182 28 91 169 182 105 22 100 221 181 197 139
    71 16 127 37 175 59 69 235 97 98 54 83 170 173 47 90 134 208 140 179
    24 124 146 240 15 0 187 131 236 70 78 235 66 207 77 10 149 182 156
    83 189 174 99 47 44 111 15 208 220 168 96 66 149 36 250 112 223 31
    244 190 106 200 75 43 248 152 184 186 61 4 98 189 60 209 139 37 215
    56 202 222 7 28 51 81 75 222 153 117 19 78 44 196 115 147 163 220
    236 185 241 79 173 159 96 209 73 27 159 188 81 190 196 31 186 152 32
    88 88 91 234 240 129 255 151 26 104 141 28 148 71 147 46 122 22 139
    223 94 68 80 106 40 29 123 237 173 176 5 55 45 223 104 82 154 65 213
    127 232 29 131 27 141 33 190 95 100 171 199 56 61 67 136 217 133 180
    101 12 6 90 117 232 240 110 229 121 101 99 88 43 10 99 243 163 51 24
    77 192 66 11 232 78 100 67 35 65 114 162 144 240 157 184 176 253 41
    155 54 176 21 238 59 221 190 243 116 107 103 213 30 79 129 18 72 184
    248 17 113 228 164 14 25 5 5 24 134 59 133 104 179 244 125 40 225
    186 244 79 129 91 119 224 60 87 84 183 51 209 118 56 47 254 222 188
    149 48 84 233 1 79 229 175 23 206 4 216 234 163 29 246 139 9 156 235
    187 199 167 123 26 158 73 234 162 98 83 47 63 212 117 49 216 38 20
    241 46 113 237 52 167 108 36 56 20 244 220 255 184 116 98 24 0 30 97
    248 188 150 10 188 101 44 212 153 83 156 168 138 250 213 162 20 88
    182 23 38 201 2 28 220 17 62 147 250 104 162 97 78 94 63 51 124 91
    209 165 159 154 196 69 130 102 102 119 62 3 74 177 30 222 47 220 29
    224 17 130 70 220 5 19 145 50 197 133 219 111 99 120 210 55 193 88
    156 135 142 209 14 200 119 35 17 49 179 75 171 79 141 238 152 147
    209 131 46 130 255 171 90 138 120 160 12 82 38 197 62 90 202 241 155
    112 61 183 209 60 143 179 67 23 61 137 64 10 254 75 42 80 184 64 125
    74 58 130 240 211 154 76 67 206 90 4 172 236 21 62 145 206 238 201
    90 193 25 199 132 179 190 69 213 78 109 71 36 118 206 17 79 29 224
    193 59 29 204 13 219 18 205 142 113 148 147 187 100 133 116 240 152
    75 164 221 220 38 59 245 1 163 104 251 29 199 44 76 15 156 174 86
    248 34 187 34 96 227 235 232 29 229 114 104 144 90 24 223 67 100 178
    80 167 168 145 144 198 247 66 145 228 38 90 232 157 136 136 239 226
    234 29 192 113 38 230 184 165 192 246 225 219 18 11 52 83 107 189
    247 94 231 203 241 25 59 207 60 215 96 147 49 45 189 21 70 5 215 39
    123 236 190 230 61 248 207 89 186 96 228 253 172 106 49 145 217 201
    182 158 38 160 101 84 105 83 41 108 232 53 141 197 225 163 87 192 48
    32 189 115 157 88 42 207 162 12 203 206 189 117 147 110 152 152 85
    50 17 249 252 73 7 176 49 172 111 248 123 82 181 102 54 124 41 135
    95 210 138 151 138 156 57 235 250 124 179 64 152 157 247 197 54 214
    195 196 77 37 192 50 216 171 175 206 126 243 175 189 150 152 120 56
    110 99 147 108 164 59 10 124 1 107 28 196 82 49 5 108 186 185 160
    139 29 246 159 233 160 26 246 44 108 185 213 93 249 141 59 190 64 30
    128 249 73 186 236 116 54 102 50 159 17 40 43 158 172 97 189 204 88
    77 224 126 223 53 222 193 236 12 109 70 24 10 85 118 138 193 108 130
    224 155 205 234 118 93 233 137 13 155 253 213 213 77 205 180 185 19
    12 196 25 248 243 21 231 153 188 56 231 31 5 228 122 85 103 188 37
    241 58 104 146 123 92 196 36 50 103 173 215 23 178 163 116 251 60 18
    201 189 232 43 131 188 162 54 60 93 19 136 38 6 143 69 140 38 59 189
    149 158 205 36 238 248 134 10 196 17 204 145 24 218 72 230 197 151
    121 164 254 180 59 131 129 208 83 113 215 93 233 157 219 16 54 56
    252 133 167 1 58 251 225 40 238 240 219 1 26 126 250 34 67 130 192
    118 244 82 77 46 10 127 77 243 177 51 132 153 46 201 165 59 205 186
    118 24 199 242 42 169 107 132 66 214 98 11 47 250 94 213 32 132 17
    53 137 96 144 43 49 220 37 54 209 51 239 147 189 238 82 181 173 197
    135 143 152 220 39 10 97 119 116 228 58 78 111 89 245 224 104 215 88
    129 28 4 131 5 173 20 7 130 29 255 48 133 53 60 204 132 204 74 118
    213 238 139 134 158 115 244 239 7 126 157 238 68 219 76 238 209 131
    235 196 175 110 177 148 173 233 193 240 44 188 180 14 245 212 31 80
    8 203 38 63 114 179 178 124 30 80 171 208 58 185 250 166 196 74 12
    11 102 243 140 23 183 152 114 46 189 28 104 21 127 186 187 112 180
    142 119 2 131 245 120 64 189 174 76 161 238 14 154 75 217 216 198 96
    26 90 87 140 118 43 128 253 175 179 241 1 142 160 209 65 218 208 27
    184 26 214 83 200 105 243 0 210 165 238 68 243 186 12 59 135 136 112
    231 91 126 173 41 12 115 119 217 178 134 134 200 238 168 7 68 120
    156 166 131 139 200 132 150 241 150 156 188 153 255 193 27 181 140
    249 240 41 77 159 254 140 73 212 43 238 97 25 127 191 94 239 155 191
    159 62 125 123 154 112 11 109 71 220 163 12 220 36 205 67 52 99 170
    57 116 129 144 48 224 65 44 59 130 54 108 210 173 237 173 164 153 30
    85 147 189 161 128 11 249 88 244 165 132 58 98 34 175 34 225 59 0
    180 157 153 43 245 213 130 75 4 183 108 181 214 35 59 84 153 101 195
    250 213 72 65 230 215 152 77 117 26 95 84 91 143 252 56 59 208 131
    166 97 186 116 24 95 183 250 143 116 9 205 212 146 194 212 217 165
    97 215 233 145 171 3 32 187 83 239 62 205 17 203 228 93 103 75 174
    93 96 171 93 193 238 220 102 78 45 74 137 129 110 92 38 76 14 57 237
    155 253 168 158 184 219 219 3 215 187 177 24 218 108 60 56 199 217
    12 162 217 236 57 227 77 190 102 101 158 150 230 250 10 160 119 124
    29 160 83 37 196 44 5 196 201 204 241 176 83 71 48 71 151 240 122 20
    107 48 9 26 110 112 70 56 137 71 140 196 95 242 109 118 146 196 255
    144 96 249 199 213 55 139 123 154 166 93 129 41 133 201 236 23 208
    231 40 25 224 205 161 112 30 134 117 187 1 122 15 68 105 107 208 88
    111 165 132 122 10 73 153 169 178 142 128 7 12 230 120 52 63 6 234
    17 95 184 241 247 72 22 126 162 212 69 178 71 195 23 182 234 223 202
    208 156 88 174 23 183 5 240 17 15 193 149 76 33 78 152 3 204 217 140
    134 135 213 106 246 250 79 114 199 62 80 223 204 49 60 107 237 221
    92 49 205 47 195 116 243 84 109 150 1 74 38 233 111 112 59 170 166
    35 53 184 228 81 202 249 200 117 79 185 146 202 24 166 13 60 239 16
    28 132 213 45 178 240 189 15 54 110 192 233 29 23 177 10 176 105 170
    145 252 100 53 36 133 141 104 151 44 167 167 39 31 82 217 184 194
    109 84 167 32 156 188 213 23 178 225 87 64 125 156 161 145 11 133
    252 8 36 18 62 244 233 123 3 235 112 141 61 170 49 103 143 166 241
    194 166 120 28 250 185 70 169 5 224 208 6 65 29 44 168 153 80 164
    210 59 177 81 118 80 19 131 200 178 32 3 57 126 189 2 174 108 70 174
    196 200 65 92 177 3 113 252 73 42 221 74 231 222 192 136 97 212 45
    217 24 131 103 245 250 146 63 243 45 118 209 95 229 213 214 87 12
    142 97 91 136 15 224 53 72 85 215 171 215 146 90 237 124 8 223 93 54
    204 172 7 137 42 10 12 173 240 0 158 31 34 92 103 185 90 164 177 241
    238 66 111 121 188 150 44 184 139 113 14 30 174 252 70 14 250 151
    116 222 138 235 177 107 95 153 183 129 87 193 75 64 88 45 237 40 65
    28 206 248 170 35 169 128 253 104 129 215 213 166 174 225 63 157 188
    146 95 148 135 65 59 150 88 23 194 64 159 139 242 38 165 0 101 244
    117 113 145 193 153 9 88 255 145 94 130 85 106 71 245 118 235 63 52
    22 191 113 242 232 212 107 254 246 65 190 179 212 42 50 27 139 121
    254 14 202 213 133 170 15 153 215 201 93 148 192 210 87 149 131 19
    14 57 172 122 39 242 40 18 163 193 204 97 14 195 154 161 91 155 194
    24 31 51 201 57 47 164 68 197 58 207 198 103 135 221 120 222 25 39
    63 31 101 94 121 83 116 169 102 99 35 185 8 250 62 213 240 251 166
    170 151 118 205 140 20 12 136 17 180 28 114 45 255 221 218 104 110
    21 57 146 200 93 68 5 49 131 243 6 161 155 105 55 255 246 171 76 39
    74 185 133 200 141 220 50 251 125 86 109 28 62 48 18 185 29 210 48
    78 241 221 195 111 58 134 156 126 182 23 173 30 165 74 127 195 225 0
    49 49 15 196 51 204 135 28 60 246 241 7 159 112 27 182 94 65 117 128
    250 147 149 51 165 219 40 243 144 16 42 100 136 31 72 173 118 96 156
    140 241 44 124 172 190 66 228 209 63 22 191 156 126 84 27 82 36 244
    191 57 192 67 100 193 151 38 94 56 6 235 75 31 153 170 253 113 114
    32 226 222 62 81 249 1 187 101 140 100 33 78 194 107 74 184 109 237
    21 187 66 39 53 130 92 159 235 242 20 137 188 113 32 127 220 97 114
    37 241 206 186 98 218 92 242 162 40 89 195 128 50 22 247 225 54 84
    103 196 214 124 3 134 90 93 136 92 40 3 136 4 91 155 27 167 214 36
    242 155 77 81 106 190 157 36 196 190 185 73 27 33 197 171 23 238 163
    134 239 177 180 45 107 133 63 126 180 244 186 40 193 246 167 246 92
    121 250 111 101 27 139 41 122 128 120 109 156 62 179 214 143 157 194
    166 105 66 236 228 37 6 118 0 125 27 21 226 15 221 169 218 223 220
    12 5 67 144 214 98 181 65 142 67 221 228 90 138 110 241 243 57 231
    71 33 26 93 207 38 150 150 198 238 24 98 138 164 16 158 202 60 94 41
    137 192 45 78 112 9 19 1 102 92 196 133 58 195 139 183 217 102 242
    244 1 199 161 136 23 163 13 197 91 209 193 231 35 95 3 110 138 101
    70 204 242 214 168 75 44 194 92 91 197 229 232 34 249 163 7 42 35
    246 214 76 91 245 243 196 160 11 82 221 43 110 16 251 193 54 114 196
    112 219 151 60 135 43 218 86 171 5 86 124 35 53 219 128 33 187 75 66
    144 85 102 98 49 207 207 57 14 139 184 115 197 121 125 227 150 94
    176 168 182 149 251 62 104 219 23 140 96 27 115 174 94 254 142 152 2
    254 64 148 181 254 50 243 125 157 204 206 68 28 126 250 149 211 32
    43 38 20 174 189 56 246 195 169 237 224 150 249 175 79 211 175 108
    192 42 172 112 134 41 231 233 155 32 83 253 168 17 210 27 157 233 7
    97 179 59 68 138 202 62 229 64 2 232 6 218 109 252 105 119 16 176 1
    49 114 78 227 216 99 235 202 77 181 98 163 42 35 177 136 199 177 74
    205 80 89 49 244 38 158 58 225 159 36 153 31 251 120 174 90 50 249 2
    16 44 139 185 225 13 76 108 129 81 162 186 25 144 159 127 21 193 23
    20 15 215 133 80 65 48 146 111 247 157 115 10 137 239 148 178 224
    237 76 71 138 106 75 192 89 181 63 218 163 44 254 188 41 137 241 100
    131 61 214 137 124 11 72 169 123 19 111 242 38 9 76 4 124 175 243
    141 21 136 16 28 181 167 23 220 211 130 137 119 173 30 81 72 149 233
    133 202 122 60 91 204 90 106 93 26 158 241 23 74 100 144 210 198 135
    218 133 226 227 244 194 236 36 28 216 171 55 130 198 251 19 67 73
    148 37 157 160 253 210 34 242 24 22 247 140 148 213 231 169 135 216
    196 194 246 82 104 113 42 75 145 61 143 82 13 53 250 133 87 78 140
    244 50 68 27 225 251 120 226 123 171 241 176 51 139 163 149 11 23 91
    108 107 163 72 90 215 213 112 230 131 56 144 226 49 60 48 79 206 28
    236 226 221 31 217 31 111 161 61 1 246 116 9 67 165 182 87 96 3 180
    171 186 233 4 124 67 246 218 25 59 255 137 170 194 78 175 23 197 2
    108 175 76 252 188 60 25 81 195 213 101 244 10 74 70 191 21 237 213
    124 216 213 176 4 14 9 209 234 10 61 169 209 114 229 97 60 89 233
    235 233 52 82 233 61 164 199 137 35 106 148 251 232 50 16 197 188
    198 95 49 227 243 244 190 16 82 160 76 12 249 27 105 17 167 169 32
    122 57 88 221 255 220 94 56 252 132 144 36 23 129 192 97 112 254 142
    115 159 241 85 76 152 16 252 37 177 150 177 149 183 237 154 56 191
    40 45 121 198 142 106 120 51 230 155 81 253 231 23 182 60 139 112 14
    26 227 149 42 47 135 20 194 51 52 241 122 22 180 92 17 90 166 229
    159 129 104 73 63 145 8 21 39 116 49 48 122 32 216 115 26 74 194 119
    123 1 251 172 188 126 199 204 120 165 207 29 200 213 53 54 191 59
    231 104 200 197 181 117 46 13 136 182 171 138 224 254 139 138 123 67
    161 204 196 32 4 165 225 247 127 193 99 141 63 164 90 176 41 109 171
    237 63 152 3 212 88 58 254 17 214 73 190 109 104 97 25 109 224 137
    172 54 145 156 250 51 216 223 9 39 229 236 130 224 83 11 240 176 207
    246 228 200 149 11 233 84 252 159 15 101 68 125 213 206 149 89 132
    185 186 38 13 154 100 151 41 134 66 120 42 10 97 187 129 220 172 125
    66 231 121 179 90 34 78 122 251 173 134 80 161 214 233 169 33 14 216
    40 126 234 202 60 149 77 57 197 112 71 220 135 239 114 11 82 80 243
    116 246 6 217 232 138 18 30 126 160 253 25 176 103 36 197 210 63 9
    229 224 200 228 105 118 36 216 233 122 233 68 104 191 150 196 64 241
    83 23 20 227 245 124 45 179 246 80 152 139 45 186 140 69 174 203 239
    19 178 203 101 118 254 7 227 161 27 120 71 153 76 39 222 243 53 29
    55 80 40 59 249 230 116 8 62 4 136 210 55 124 105 246 45 4 217 16 98
    196 29 35 205 249 143 54 42 145 186 2 45 230 171 223 90 206 114 118
    85 198 84 215 77 42 202 203 79 223 3 246 168 148 145 93 6 113 21 56
    70 239 193 118 51 19 184 139 117 192 83 57 134 174 250 220 119 247
    217 141 230 63 201 217 60 184 186 104 7 73 127 150 56 96 126 64 123
    252 221 227 17 211 30 72 10 74 250 2 90 122 206 22 253 201 106 12 12
    103 169 171 58 49 118 63 49 247 99 35 62 209 24 149 46 193 118 28 74
    75 63 180 69 166 102 215 240 31 20 142 11 214 19 130 74 74 8 159 115
    241 102 225 6 80 233 10 173 251 28 3 236 116 157 230 93 174 118 79
    222 105 149 224 137 162 119 248 144 174 6 138 166 236 37 96 163 22
    178 254 38 119 15 169 198 239 3 175 95 199 139 209 171 172 167 255
    73 43 155 197 75 168 173 16 128 211 241 160 57 31 233 234 228 97 71
    215 103 255 140 222 181 67 98 171 74 86 96 139 248 157 137 69 233
    233 166 150 231 198 191 250 251 25 89 66 178 243 115 140 184 25 234
    252 35 68 146 133 189 154 238 105 16 231 50 23 59 151 1 91 166 199
    143 161 150 17 237 51 40 252 164 245 7 214 39 102 47 184 64 199 128
    65 98 14 113 23 227 110 157 92 177 113 160 200 232 85 154 174 77 46
    229 39 195 84 31 214 78 158 173 101 181 183 213 113 126 138 136 8
    134 92 73 182 77 210 229 26 55 50 5 247 215 135 61 102 227 165 98
    111 41 48 3 158 172 225 217 101 74 139 86 255 136 89 57 203 84 39
    240 221 192 229 84 93 144 211 161 219 50 78 20 20 179 138 81 38 131
    72 88 165 95 249 226 126 166 241 4 194 2 239 137 64 116 240 115 90
    252 218 165 41 79 184 228 31 40 188 9 190 188 73 234 92 137 17 55 57
    99 163 191 234 138 46 132 156 166 245 194 66 167 152 61 220 77 241
    70 6 65 104 155 125 48 125 120 167 181 26 188 235 201 58 158 128 55
    159 249 74 204 158 148 105 165 122 31 150 179 183 165 118 161 16 36
    231 238 211 131 124 180 124 209 111 244 4 115 234 38 46 227 167 74
    249 107 120 117 1 163 33 59 184 127 130 216 64 95 28 212 26 128 165
    132 85 16 23 179 119 174 195 199 110 133 16 95 192 199 7 66 155 152
    252 26 6 202 14 179 172 152 89 88 87 36 129 249 135 188 46 63 201
    116 231 169 111 54 240 215 41 88 130 230 253 120 172 164 139 233 80
    223 202 187 94 196 113 33 150 13 159 102 7 8 208 76 71 131 119 152
    118 34 101 141 46 130 42 1 198 219 111 158 194 159 55 89 78 219 85
    217 4 181 223 143 209 154 122 96 61 54 156 75 220 94 165 43 213 213
    154 105 204 187 123 34 20 95 17 112 128 218 206 255 188 156 192 46
    227 141 118 250 49 127 179 161 112 200 34 115 83 17 61 99 133 250 40
    153 102 243 113 179 3 147 51 94 96 185 157 99 78 167 210 220 251 40
    185 51 39 106 252 179 205 104 170 190 151 118 43 106 32 82 156 36
    232 249 177 126 65 251 48 42 115 188 238 222 69 187 106 249 64 121
    192 5 179 48 198 105 120 181 59 24 144 174 156 88 126 89 144 154 222
    242 46 72 176 114 69 100 162 229 95 197 80 185 166 159 138 242 66
    144 181 226 47 129 81 109 250 62 141 248 67 42 103 110 139 239 226
    116 121 99 196 89 218 118 67 152 240 108 75 208 5 32 202 48 224 211
    126 149 99 202 83 54 43 18 223 205 97 246 0 164 238 53 211 40 170
    175 182 186 168 82 126 3 238 103 77 201 207 86 44 243 177 69 115 77
    0 86 210 36 217 52 148 60 204 220 85 11 19 23 176 214 39 60 120 156
    68 45 190 1 14 73 102 56 224 238 97 78 131 2 5 239 243 9 106 24 161
    101 146 184 120 0 81 229 146 242 219 88 207 47 179 135 149 254 152
    58 187 192 175 246 64 145 61 105 229 195 138 153 134 233 149 28 143
    99 8 244 195 126 189 234 137 233 13 122 154 204 51 58 230 62 103 78
    117 254 101 128 62 158 53 184 179 193 14 108 192 87 42 179 149 186
    159 96 144 74 205 123 17 67 253 112 80 185 16 204 34 128 146 248 233
    225 134 155 115 102 4 126 181 166 232 212 39 249 76 34 165 233 106 2
    7 255 101 233 220 214 172 28 12 18 80 216 62 226 221 150 75 241 45
    66 19 188 220 245 103 150 52 232 168 107 251 33 11 157 248 173 190
    93 26 95 11 15 190 179 134 238 43 61 30 195 59 146 184 237 125 34
    125 139 239 89 130 82 130 179 243 210 51 254 240 232 121 248 212 14
    105 163 18 48 246 249 36 19 25 219 67 14 162 201 24 2 204 202 164 71
    54 88 25 17 215 181 221 194 180 8 121 114 35 251 90 136 223 240 74
    167 36 140 46 87 234 106 25 103 22 89 119 47 147 35 129 162 199 155
    1 161 226 97 220 164 108 165 53 77 15 139 131 184 233 81 122 31 146
    108 184 27 86 254 164 173 165 183 216 152 157 208 121 121 129 167 73
    221 27 132 50 199 15 191 74 210 15 134 169 108 109 132 20 31 227 116
    53 190 58 236 74 228 61 138 0 239 252 24 223 133 92 33 40 175 126 39
    237 51 225 131 101 47 128 195 176 186 19 55 248 240 219 246 180 17
    56 117 25 126 183 237 70 239 192 240 3 9 208 156 137 7 208 156 242
    162 209 189 157 78 210 157 3 223 82 167 22 175 66 248 7 15 252 132
    88 93 31 23 122 201 239 193 219 40 186 41 198 153 7 145 69 64 244
    106 164 119 3 216 39 50 122 128 217 226 60 55 215 247 23 60 131 124
    65 25 92 159 56 22 26 127 248 51 237 95 206 173 165 255 224 254 102
    193 204 97 158 19 13 96 193 112 209 17 236 125 108 197 226 125 74 89
    228 76 167 245 187 114 247 109 0 178 68 79 150 229 39 226 222 38 32
    96 101 4 58 172 179 45 9 116 40 219 23 99 252 166 12 56 92 159 45
    173 40 240 102 246 42 237 171 240 243 60 181 223 170 127 213 36 214
    177 122 244 211 166 242 54 76 130 254 94 142 39 81 8 40 137 135 93
    18 129 62 154 28 118 123 192 47 47 246 9 27 72 21 119 52 55 5 210 48
    94 211 161 227 75 39 137 188 148 171 191 151 138 124 22 93 124 124
    39 62 10 166 119 207 191 254 157 40 5 24 224 49 148 252 168 132 126
    138 16 65 132 176 218 149 144 19 98 252 106 105 38 171 222 156 23 32
    118 145 47 179 205 34 69 160 243 21 94 213 57 125 97 34 49 233 42
    227 132 3 65 116 129 0 172 72 108 172 100 227 38 31 169 37 68 190
    130 54 6 228 240 135 209 97 237 153 239 170 91 222 16 46 196 80 205
    216 9 179 40 203 254 13 71 70 250 128 179 127 255 243 143 153 124
    168 145 58 13 3 70 201 59 193 232 128 91 6 132 132 230 214 3 113 230
    12 92 25 214 38 199 0 82 186 13 3 35 28 134 184 108 176 177 233 221
    67 174 149 174 29 14 235 85 84 255 18 124 10 113 120 186 106 104 50
    214 109 235 65 243 174 55 39 86 51 142 198 183 234 153 215 176 219
    91 189 139 34 238 76 30 250 125 248 0 29 161 84 112 179 121 176 220
    90 198 239 165 56 40 58 11 140 152 132 180 22 56 131 137 27 217 71
    234 225 22 194 10 110 132 252 246 99 102 148 126 218 16 67 95 50 17
    136 120 163 144 165 91 36 88 101 144 185 114 198 190 106 244 170 49
    236 5 72 156 72 104 88 58 188 98 12 121 178 166 130 41 123 81 193 16
    129 152 149 199 7 69 208 53 10 190 23 43 86 96 16 134 249 176 216
    192 242 67 47 174 127 150 197 179 26 46 38 6 252 199 11 56 72 198
    198 27 33 225 130 182 9 255 58 56 67 108 33 47 245 54 48 135 232 240
    33 249 119 79 173 103 195 176 95 218 92 225 158 85 221 38 194 50 45
    25 7 12 211 9 79 50 8 214 121 102 190 122 72 187 100 172 109 0 27
    254 43 112 55 184 11 22 137 219 1 111 57 94 16 226 77 2 192 252 197
    178 142 36 246 193 72 104 14 0 215 100 178 184 253 13 238 76 237 239
    18 77 40 176 114 67 120 199 47 97 168 0 241 221 39 88 65 38 85 243
    117 20 154 38 185 200 175 100 230 52 115 172 165 59 50 128 194 113
    220 155 81 223 168 193 234 49 8 227 245 252 0 190 198 199 79 66 138
    96 89 35 54 216 22 164 77 170 18 230 144 48 168 84 53 162 228 171 66
    186 203 182 123 217 234 89 25 175 206 179 62 72 34 154 121 139 229
    204 199 157 37 230 165 57 38 236 150 124 145 232 120 96 198 54 41
    179 28 186 17 152 156 98 74 102 149 1 229 186 58 18 107 251 117 68
    189 155 216 229 118 107 150 108 181 148 91 10 52 105 237 43 163 128
    204 212 179 237 113 32 67 79 199 8 123 104 99 244 8 231 17 228 137
    238 255 92 206 28 31 228 23 192 59 242 182 5 126 252 157 119 209 59
    93 253 235 211 51 152 23 54 128 193 213 230 45 79 34 129 30 186 224
    67 71 21 92 233 163 204 30 0 236 3 191 16 23 73 44 29 47 241 228 152
    211 184 17 129 97 118 91 93 34 67 98 155 162 125 178 225 168 56 26
    73 131 250 35 139 189 242 104 46 192 224 104 193 111 48 68 153 178
    78 67 138 243 234 125 208 200 150 167 150 17 215 64 87 67 161 250
    114 173 160 64 86 36 114 187 238 85 88 246 26 98 5 52 78 117 110 96
    137 215 81 28 123 72 198 225 179 177 129 153 89 39 198 36 238 154
    183 140 104 40 81 84 198 129 216 231 120 35 34 218 97 240 103 148
    241 251 106 241 70 122 212 213 135 67 235 86 190 160 225 149 93 48 5
    15 221 138 34 40 147 162 0 64 75 153 253 79 87 116 181 209 65 171 14
    148 7 137 39 93 17 238 212 253 45 61 230 170 252 234 222 82 227 253
    81 11 110 44 156 217 206 129 84 111 181 232 54 92 176 132 163 222
    127 69 111 111 224 92 95 92 146 163 211 195 225 26 7 137 23 147 240
    108 179 115 209 73 214 197 157 44 140 171 234 8 54 187 57 28 127 189
    150 216 114 110 203 134 234 14 190 95 89 134 125 27 189 125 154 66
    15 105 212 124 46 15 52 168 35 16 70 121 245 62 179 88 93 27 62 20
    13 164 232 248 33 157 91 187 194 230 213 83 212 45 5 110 231 191 100
    69 66 22 175 24 32 45 251 89 115 221 18 217 212 186 238 4 111 78 63
    176 252 122 231 55 151 57 135 194 162 187 236 142 167 36 80 251 216
    188 255 38 229 197 224 24 234 176 123 150 202 79 245 7 239 81 19 18
    21 62 249 230 240 188 112 25 54 214 130 118 187 195 232 89 222 13
    186 76 90 37 115 195 107 128 126 213 80 86 119 66 66 184 193 75 71
    201 132 104 65 190 245 8 164 21 134 145 168 140 167 197 210 99 102
    110 42 93 243 168 64 104 237 190 1 106 44 144 82 202 30 150 154 86
    110 139 171 239 69 47 172 231 180 14 102 5 212 89 160 140 187 178
    104 1 49 117 152 55 95 77 179 113 68 56 55 16 185 88 232 35 153 132
    163 94 255 82 35 235 68 178 0 169 184 179 183 129 112 178 215 57 223
    92 200 147 8 37 182 92 195 59 182 123 47 39 31 69 112 224 230 99 190
    95 103 46 80 157 178 202 68 183 127 97 109 173 39 241 242 202 252
    103 133 169 195 29 62 178 196 200 79 219 187 242 213 96 71 100 234
    61 9 157 79 227 33 3 24 68 243 74 178 139 199 5 200 131 77 126 124
    59 208 28 114 164 33 229 120 94 231 249 234 107 75 154 71 185 153 98
    146 246 191 66 43 109 101 85 156 98 125 85 217 148 59 139 239 93 49
    167 15 74 22 204 106 234 84 251 83 70 246 205 118 86 246 242 6 150
    210 31 157 250 82 85 155 99 167 79 68 88 241 213 40 160 137 150 59
    128 158 19 145 108 71 88 124 184 123 84 191 53 76 1 80 188 176 25
    115 113 172 50 90 122 210 22 118 47 211 198 195 9 198 131 124 155 77
    203 4 129 117 215 136 27 157 64 146 217 47 159 9 40 152 242 123 208
    1 126 227 45 54 1 172 238 6 108 96 146 228 100 25 78 234 195 15 33
    88 21 179 149 230 82 247 186 165 188 124 186 243 16 188 127 22 166
    138 0 251 207 236 78 8 164 249 0 155 116 176 254 197 147 19 11 157
    245 93 45 100 4 8 176 132 25 157 26 124 101 48 157 133 178 117 14 59
    54 203 115 206 136 115 170 99 138 102 1 198 209 44 81 147 114 245
    241 100 215 201 71 233 197 107 168 53 37 179 243 121 14 192 239 35
    63 50 87 104 107 123 48 84 174 129 34 118 220 42 245 192 106 110 217
    119 165 150 100 91 73 1 3 215 230 90 52 241 38 165 76 170 190 150 28
    169 40 200 79 119 14 219 90 41 62 205 103 172 253 63 201 154 244 149
    13 94 238 128 170 202 75 134 75 128 50 155 222 176 69 84 109 28 64
    107 90 164 10 228 82 227 31 16 67 93 120 52 236 111 228 131 124 59
    42 220 130 59 17 50 70 6 45 9 255 103 246 80 171 144 126 28 99 136
    123 159 47 71 144 148 15 30 98 64 135 135 54 243 114 126 50 247 65
    18 198 168 24 249 128 150 169 174 239 241 224 98 113 105 137 149 102
    55 214 197 204 192 230 148 228 237 158 223 18 224 180 45 201 11 255
    40 30 187 78 6 55 35 147 245 59 122 4 119 162 239 25 140 227 208 246
    220 152 194 36 236 133 50 94 106 29 125 240 192 104 177 15 211 23
    229 232 115 71 78 5 13 221 212 89 11 207 36 215 181 203 82 150 239
    225 46 46 54 174 202 162 99 138 92 25 126 88 91 91 146 28 100 212 64
    176 122 211 251 52 169 226 142 90 241 72 52 126 48 228 95 233 58 96
    47 85 53 222 164 102 232 41 5 30 156 124 9 159 147 161 15 201 81 186
    125 171 82 135 222 102 252 65 128 118 127 19 76 251 74 119 173 131
    184 50 206 56 98 201 163 48 175 149 122 243 12 60 232 119 214 6 90
    209 18 177 25 113 121 237 235 40 88 246 128 236 97 87 164 35 171 106
    108 80 144 83 33 28 193 228 10 91 147 210 169 35 64 43 135 163 21
    201 86 112 63 105 229 101 20 93 26 14 158 215 193 105 73 142 131 69
    89 194 174 185 149 170 75 37 240 142 166 190 173 238 2 173 249 200
    221 241 153 210 110 140 210 34 247 77 211 179 250 39 245 86 221 119
    240 232 85 44 117 3 188 59 134 149 119 103 246 150 101 31 235 126 56
    94 146 6 145 137 2 199 128 222 90 26 226 236 19 174 239 52 143 214
    16 230 175 250 39 8 215 190 171 223 62 89 84 110 24 57 246 204 213
    138 151 241 132 18 200 83 105 101 188 253 176 33 169 194 164 182 255
    194 249 153 190 16 8 80 92 54 220 2 195 84 223 19 148 194 67 235 138
    27 150 186 148 86 157 177 150 59 252 43 43 188 11 233 126 56 118 197
    65 1 118 71 193 154 146 115 113 177 93 136 31 69 41 34 236 55 53 218
    141 227 232 158 50 0 101 176 47 77 108 9 32 182 178 113 82 189 108
    104 154 98 229 150 148 154 64 115 33 218 12 121 134 103 189 200 138
    73 203 213 243 109 0 131 121 35 168 142 7 8 25 10 53 58 36 95 234
    132 194 110 64 86 216 78 251 251 245 98 26 2 72 117 241 239 252 129
    139 94 181 218 104 170 231 24 230 186 160 19 183 214 78 211 90 185
    46 240 171 189 143 13 169 69 244 91 247 174 56 248 209 194 212 77
    164 206 201 171 155 224 160 198 92 192 223 13 158 31 98 73 244 135
    101 181 178 229 191 117 210 20 8 118 128 20 59 190 210 90 49 197 50
    24 51 76 95 235 224 223 52 76 20 248 2 105 40 132 223 246 62 130 131
    192 246 184 40 109 160 108 87 146 175 152 166 171 50 145 135 202 69
    230 51 40 18 40 116 235 26 194 114 145 130 118 68 232 160 22 138 51
    195 151 192 220 117 223 45 141 99 53 17 109 64 196 149 126 166 23 66
    146 110 140 84 98 14 68 130 54 112 83 52 48 115 67 187 91 217 187
    113 48 100 97 113 171 157 166 173 145 181 130 26 151 146 101 100 55
    79 134 168 254 158 197 173 233 70 34 10 253 88 156 122 239 7 156 72
    116 142 224 31 181 142 209 202 170 0 212 139 236 254 12 17 34 57 195
    148 20 49 159 94 185 155 96 70 142 69 71 2 104 165 223 152 221 73
    129 236 12 220 62 22 87 11 217 217 165 125 216 153 31 235 230 81 186
    253 194 249 141 210 238 25 235 125 166 185 245 147 45 97 89 200 81
    225 159 117 207 81 152 25 55 65 151 3 202 174 79 183 191 19 94 6 131
    174 18 55 221 48 161 64 152 27 252 47 242 3 153 167 202 217 150 79
    53 91 89 93 248 230 251 74 38 155 182 201 60 90 50 198 158 146 59 79
    168 174 26 7 234 30 195 160 167 78 13 15 175 123 237 122 33 32 197
    170 27 132 115 62 194 217 215 108 37 230 241 124 160 90 26 82 18 177
    156 44 191 188 164 169 209 19 177 251 46 49 133 76 242 146 156 29
    123 77 179 152 37 155 243 163 180 224 177 54 181 249 32 56 176 156
    111 242 155 6 178 231 26 90 191 152 221 103 101 52 27 183 162 126
    230 205 158 73 103 249 58 64 13 165 125 192 122 130 56 144 12 168 89
    131 146 168 75 84 97 108 114 248 82 233 254 233 120 48 74 132 250 46
    21 236 40 36 205 169 158 219 197 129 96 116 51 86 103 122 123 101
    198 205 24 242 245 90 174 226 173 69 11 237 122 168 198 55 191 95
    205 140 36 221 35 186 44 97 81 248 201 164 22 106 21 125 223 28 19
    54 37 21 22 29 10 10 149 237 143 218 94 47 231 11 206 191 108 106
    111 16 169 5 21 69 122 148 137 0 38 115 206 54 99 155 119 33 109 236
    69 234 43 139 112 24 143 207 249 68 143 124 234 0 210 63 104 41 238
    22 82 20 204 45 204 230 62 60 152 242 82 70 79 28 226 0 184 108 106
    61 153 170 86 144 63 35 145 150 229 111 197 66 15 208 88 233 103 186
    94 114 182 237 105 163 63 193 194 151 8 254 78 115 41 67 117 228 190
    141 117 244 185 45 180 209 11 189 77 68 50 28 52 180 165 168 122 211
    76 127 92 185 88 141 158 195 59 14 66 177 238 103 76 222 234 250 162
    10 161 90 141 184 150 82 129 47 215 221 221 51 156 218 110 225 170
    164 142 203 233 97 177 45 122 132 134 247 242 129 209 166 167 67 5
    228 129 125 59 1 23 89 184 197 153 79 130 57 36 210 65 50 214 155
    118 57 147 13 76 247 32 130 30 9 202 93 50 29 253 151 202 107 110
    204 67 42 24 122 77 38 4 50 34 234 81 10 206 178 156 211 3 143 248
    119 195 241 244 181 190 89 99 176 77 83 202 37 163 243 28 123 122
    233 27 3 139 212 201 6 175 221 76 74 8 138 97 189 186 88 53 30 65
    199 208 140 79 20 128 91 248 118 217 42 72 73 67 165 40 252 60 108
    12 108 255 61 161 189 172 210 205 117 210 230 185 98 133 201 112 111
    191 215 205 199 141 37 139 244 119 224 104 244 224 34 83 141 145 26
    222 45 150 164 173 57 0 245 210 100 125 17 235 7 38 90 122 254 86
    230 171 72 64 203 185 70 15 54 20 232 145 105 248 251 202 61 67 60
    198 145 146 52 117 83 67 166 50 131 173 156 177 217 11 147 83 214 35
    246 239 91 77 46 2 174 19 208 23 250 115 172 207 63 174 51 159 152
    167 74 231 12 208 131 0 174 91 216 177 251 176 57 190 170 156 236 31
    226 217 32 182 45 8 30 127 96 164 5 224 61 29 174 221 173 170 91 33
    178 33 32 48 195 54 112 41 201 151 55 148 140 160 132 132 136 247
    114 41 192 142 48 63 160 118 139 136 239 49 249 178 102 74 69 178
    236 18 34 143 80 69 153 185 55 24 71 159 209 166 167 168 189 166 242
    139 126 198 4 18 79 51 170 253 133 164 103 244 235 140 98 235 158 77
    46 145 1 227 246 161 203 14 118 47 66 91 89 107 83 53 12 83 43 83
    159 230 120 68 128 15 176 135 168 46 197 117 102 242 170 153 69 24
    185 5 10 73 156 51 171 114 92 35 221 201 21 52 38 170 151 93 141 88
    149 48 223 21 137 100 11 205 205 137 63 245 135 119 14 111 73 39 213
    14 44 71 45 209 248 245 128 224 179 43 8 55 222 114 249 81 79 225 41
    53 119 77 179 143 202 199 204 127 167 51 82 149 232 159 54 153 25
    146 221 198 154 58 225 52 3 187 51 135 198 191 91 106 240 166 148 39
    226 140 144 4 114 181 32 214 69 86 237 30 92 194 65 224 138 191 92
    67 158 20 31 44 157 111 100 34 211 27 130 233 99 127 30 210 45 31 65
    36 246 48 110 169 221 27 239 186 186 64 205 92 108 97 24 211 86 99
    50 160 103 6 64 77 162 143 171 189 44 105 6 85 118 73 173 6 248 195
    170 252 20 22 246 104 102 150 22 8 139 180 237 69 209 176 39 198 157
    82 44 86 218 116 120 174 203 36 27 171 69 213 110 141 55 173 181 92
    191 108 196 82 215 16 162 86 27 149 3 204 196 183 245 145 182 245
    247 249 225 62 186 252 140 146 92 73 254 221 208 79 14 190 167 220
    225 240 228 31 141 142 112 221 138 199 38 249 218 7 96 92 193 222 10
    207 132 61 164 109 185 62 118 152 168 63 185 192 104 193 10 41 225
    243 177 214 173 30 111 88 222 166 248 97 243 233 161 114 61 64 154
    113 55 86 10 109 74 50 113 47 36 152 209 26 86 69 227 152 179 166
    220 86 61 194 100 187 199 112 75 130 60 95 64 130 146 68 117 9 50
    192 85 134 230 201 38 46 63 42 118 207 115 4 54 103 194 124 79 53 29
    200 45 218 45 60 2 197 74 32 1 202 244 210 200 180 61 181 91 199 27
    251 253 161 83 116 254 64 173 203 111 150 54 116 187 18 34 249 110
    180 73 29 54 72 80 142 95 91 192 204 122 81 59 113 213 103 102 96
    168 237 95 177 165 83 122 160 231 236 187 172 62 211 107 28 255 12
    170 130 34 157 251 51 81 96 171 111 107 181 72 1 221 34 158 228 197
    148 74 195 212 203 158 202 79 141 147 153 3 19 86 34 189 222 96 203
    68 173 186 113 244 67 64 235 82 4 31 146 220 98 48 24 242 42 245 169
    125 32 50 140 146 50 24 152 192 181 97 182 73 115 215 54 135 140 210
    61 50 254 248 104 210 138 72 158 87 214 253 59 248 123 180 34 2 130
    50 35 4 74 101 248 37 21 178 24 44 195 28 210 149 69 96 20 66 58 22
    74 144 27 102 215 49 164 237 118 19 157 182 60 76 37 225 128 144 201
    203 34 6 149 82 194 28 45 19 37 246 180 133 211 95 245 177 244 192
    57 86 152 170 125 60 111 190 230 132 237 20 162 12 241 232 159 107
    118 113 227 226 66 160 42 118 62 76 230 85 225 129 83 176 142 116 40
    112 34 6 150 240 150 89 92 73 204 105 119 217 221 166 235 156 164
    130 0 62 194 170 17 61 64 138 151 105 229 98 90 251 4 95 134 90 114
    14 184 181 151 60 157 156 125 15 243 205 221 11 30 138 33 99 220 206
    156 240 255 49 100 114 8 13 84 118 169 253 55 132 176 252 157 104
    138 233 106 94 137 113 230 150 110 93 46 7 96 203 87 86 115 195 170
    102 133 137 72 225 71 167 77 237 0 11 168 25 248 105 239 151 160 48
    62 242 154 83 241 13 37 12 144 140 56 5 243 20 200 53 153 221 199 14
    81 248 78 211 189 77 97 109 31 243 72 237 200 212 144 193 22 20 67
    149 133 134 129 194 232 160 141 51 129 164 119 222 183 71 7 155 5
    143 200 164 112 245 180 159 8 254 86 190 102 221 121 242 31 127 14
    158 125 12 125 3 192 1 191 66 185 82 197 234 191 86 243 78 252 137
    183 116 79 32 27 235 20 132 45 153 182 98 195 90 134 66 34 74 15 44
    14 172 36 17 44 219 35 236 13 89 156 183 2 182 187 9 220 206 66 101
    224 105 47 220 194 141 29 96 255 2 60 215 191 40 118 191 102 226 23
    12 156 41 64 246 249 21 183 215 23 72 184 201 178 124 235 251 46 45
    214 203 2 15 115 108 106 80 116 34 244 114 228 54 99 15 214 72 175
    201 231 134 153 245 190 88 151 181 232 123 38 116 136 35 155 89 193
    5 231 109 206 86 163 91 254 17 56 22 170 218 132 99 119 26 34 217
    172 101 91 215 192 73 198 57 206 254 89 231 164 3 198 83 230 7 217
    126 167 210 94 245 168 119 69 91 229 65 69 142 69 7 13 191 157 73 67
    172 75 132 255 174 114 2 165 131 50 11 37 168 220 56 189 149 155 209
    146 199 162 131 36 225 185 111 186 0 214 6 87 177 193 208 105 148 47
    2 84 187 134 132 156 111 127 195 254 5 11 3 10 82 213 168 22 129 120
    250 37 2 195 26 14 38 112 199 248 112 126 48 79 88 14 153 103 127 45
    249 80 154 208 10 37 189 36 131 117 117 44 195 148 229 31 144 4 153
    182 147 43 28 13 118 255 49 58 212 37 127 214 147 78 51 116 169 51
    145 239 77 217 235 97 120 63 130 2 32 156 30 181 194 69 225 87 109
    63 39 87 70 159 26 30 142 228 95 207 10 22 69 27 161 248 198 173 49
    167 252 253 247 66 25 230 13 200 246 122 158 73 85 239 70 126 236
    249 161 226 97 3 130 25 113 172 6 239 141 179 125 235 172 48 213 126
    179 127 214 228 173 36 206 51 201 202 183 58 40 46 77 48 245 219 165
    16 247 16 172 114 253 250 53 138 6 186 161 145 34 26 194 88 174 230
    70 115 56 80 222 150 180 4 70 75 210 131 38 31 70 141 15 43 40 211
    28 186 138 114 98 75 11 217 147 152 200 196 132 125 124 9 118 0 182
    5 131 153 134 17 144 98 102 113 62 69 140 216 248 241 122 60 16 221
    101 134 176 230 13 198 23 8 101 228 107 183 202 3 62 248 168 51 119
    254 136 135 179 112 35 95 167 229 114 19 59 113 167 217 148 92 181
    89 226 243 94 159 218 212 161 61 205 16 212 41 225 247 254 154 111
    125 192 200 45 52 165 68 79 159 96 195 216 207 99 254 33 161 228 172
    158 188 12 193 107 195 250 153 185 38 231 119 210 27 217 103 253 233
    48 193 112 4 93 136 212 180 64 159 58 236 220 162 250 197 175 184
    252 193 225 182 87 10 242 2 162 8 53 60 13 49 34 239 54 58 227 116
    142 125 145 251 20 227 135 254 138 214 254 179 73 105 180 7 10 201
    69 97 196 102 103 250 55 128 87 77 6 115 91 164 230 186 135 50 129
    136 143 228 12 56 36 48 116 120 174 43 94 146 160 96 50 231 93 30
    165 216 20 51 70 194 165 84 128 128 93 57 190 14 238 87 28 214 98
    103 250 148 209 104 129 216 147 98 125 84 228 171 36 70 242 69 242
    106 34 54 22 201 21 114 224 27 134 226 12 17 198 0 29 80 242 77 177
    105 85 144 79 158 90 113 85 55 42 130 214 226 226 204 181 190 120 95
    235 248 176 121 148 54 150 119 141 240 102 7 157 13 182 87 93 205 48
    77 142 17 68 218 93 253 62 6 213 216 251 223 175 104 42 223 133 51
    104 66 98 201 33 66 19 39 182 101 187 250 7 176 85 193 236 52 72 189
    161 54 216 178 142 54 190 186 222 200 230 132 148 52 106 164 149 196
    199 79 128 229 237 182 119 190 232 236 74 55 108 27 86 232 141 28 42
    245 37 150 175 92 81 172 196 62 176 26 34 188 125 44 213 215 233 178
    186 159 41 12 30 1 170 190 219 250 63 147 60 100 75 27 19 143 67 146
    245 186 28 143 98 182 140 155 97 74 236 218 71 63 180 202 172 10 71
    206 204 188 203 140 152 41 52 40 114 163 15 195 35 245 219 122 4 143
    40 213 75 163 3 140 236 115 115 134 121 252 48 149 116 202 180 161
    227 41 147 254 11 154 158 174 182 222 86 175 237 246 163 57 57 222
    63 175 22 214 90 171 167 34 178 123 145 92 159 173 237 226 167 32 82
    227 0 76 253 80 202 208 184 174 47 181 53 172 45 142 41 71 31 160
    172 21 180 30 77 79 4 104 51 239 142 244 29 255 128 126 165 51 252
    160 70 29 26 218 28 101 173 62 66 20 67 86 115 207 121 120 255 234
    238 152 131 160 202 175 187 63 135 54 173 160 106 240 224 179 192
    247 167 121 89 96 13 92 227 5 168 40 28 196 247 68 224 83 213 12 99
    0 198 230 149 35 177 162 51 247 33 213 255 67 61 81 64 242 30 112
    225 173 107 69 118 139 139 137 105 149 189 59 194 174 103 168 22 77
    78 216 210 168 150 166 213 55 155 146 100 192 157 119 233 218 86 116
    148 24 98 45 60 36 147 146 218 226 136 215 136 0 220 236 37 151 70 7
    189 252 255 132 254 37 78 130 54 161 57 58 143 38 62 10 120 13 254
    172 76 173 152 155 118 27 112 12 67 35 236 127 159 248 104 242 248
    161 108 195 39 242 250 171 197 42 141 224 146 138 78 98 192 58 86
    154 26 249 170 52 220 136 18 64 93 24 221 172 144 188 19 150 131 10
    194 13 181 89 106 163 84 226 186 251 147 208 246 203 96 94 149 26
    117 106 190 204 10 176 45 71 151 231 221 59 56 83 105 178 79 179 33
    168 165 195 27 239 125 186 99 180 192 185 164 129 126 200 113 41 144
    60 180 131 227 138 22 104 216 108 43 94 205 100 225 230 145 153 141
    240 26 151 125 74 178 177 1 195 15 227 210 184 150 152 214 235 57 7
    136 195 24 156 212 33 15 146 47 242 54 217 214 117 1 107 136 95 237
    224 57 60 115 63 53 11 239 238 81 71 62 30 73 216 164 48 248 127 95
    181 153 164 107 241 157 5 100 120 122 253 210 197 101 201 8 88 245
    77 234 253 228 25 246 99 82 9 246 72 134 60 84 27 10 153 108 160 83
    55 99 183 73 47 67 41 208 153 181 164 110 191 198 43 183 185 149 221
    113 102 39 181 229 156 214 212 247 181 20 115 204 59 91 95 222 200
    124 200 241 176 167 241 70 163 179 15 232 187 184 253 132 248 51 103
    207 137 168 31 142 85 229 63 198 93 176 235 197 56 215 138 31 157
    100 92 227 255 244 189 149 32 69 177 5 166 239 178 6 24 5 10 69 185
    123 195 25 86 45 245 135 74 200 65 177 190 158 19 219 55 75 205 241
    131 117 21 117 13 0 0 157 237 206 193 46 12 156 41 227 182 16 68 43
    103 151 49 76 180 101 202 91 98 125 107 140 172 152 208 49 246 96
    175 87 30 85 49 156 47 137 65 133 220 255 163 110 44 142 182 86 191
    214 58 4 170 146 111 32 203 132 3 54 4 207 230 237 143 106 111 147
    248 246 114 128 96 254 255 15 253 60 142 181 127 45 235 66 73 163 23
    122 177 1 237 16 38 165 221 169 255 239 73 222 53 196 44 3 195 211
    57 232 240 213 55 119 151 176 43 71 4 231 195 221 131 132 253 106
    235 134 111 147 85 60 29 39 130 198 92 149 218 8 80 166 111 130 9 97
    243 187 103 186 187 141 162 108 6 128 240 216 145 177 185 53 205 181
    249 229 130 146 155 22 159 216 188 232 44 66 51 140 21 44 28 23 200
    54 69 133 100 127 132 74 145 178 72 225 130 219 214 155 28 14 188
    252 232 27 208 200 201 144 24 230 202 182 37 153 55 7 0 28 194 1 214
    189 104 13 239 166 223 16 52 188 28 208 80 77 16 255 7 83 8 149 220
    229 126 56 188 5 130 137 27 217 88 103 206 237 106 128 55 157 13 216
    132 203 100 41 101 174 162 95 236 195 202 144 50 50 129 69 171 147
    43 4 254 67 74 70 80 33 191 70 118 150 50 164 73 47 206 149 149 189
    135 144 83 220 141 180 56 253 82 22 100 174 8 55 70 104 9 98 26 46
    73 38 70 62 39 179 55 224 247 116 113 103 167 144 224 212 198 193 30
    238 124 101 75 128 65 172 157 43 11 172 45 134 250 132 81 16 149 87
    63 149 4 14 214 72 84 105 126 131 183 255 248 151 42 199 41 240 111
    222 91 208 120 141 208 216 99 133 111 249 30 55 141 108 86 141 24
    108 129 117 11 57 210 6 117 244 236 179 52 35 51 49 197 149 226 106
    107 193 245 175 97 231 96 146 183 49 196 196 198 212 222 160 77 170
    133 96 53 33 7 147 73 46 195 97 168 89 16 247 65 194 116 40 0 189 66
    113 146 130 237 229 9 66 136 212 62 20 10 214 38 100 147 27 98 94
    101 88 202 50 81 236 119 48 62 39 66 22 158 175 4 91 20 143 144 187
    70 102 41 41 123 140 71 79 255 89 78 166 84 18 127 70 22 72 254 104
    41 225 149 193 161 251 212 12 49 56 249 125 15 166 247 164 22 233
    189 22 127 94 241 160 76 105 71 0 45 46 72 198 114 116 5 158 168 167
    147 32 217 237 46 251 213 80 206 213 117 47 80 83 94 232 155 24 157
    188 223 208 32 54 46 73 214 243 40 215 122 43 134 214 76 211 184 247
    25 189 169 150 254 112 33 56 44 97 156 144 32 27 242 223 208 187 13
    153 159 195 132 219 191 84 98 171 145 36 125 112 68 50 232 231 101
    88 83 134 128 223 45 244 28 59 251 201 93 9 89 164 221 184 217 3 51
    162 192 142 38 238 136 104 63 245 57 255 78 122 250 41 162 72 198 33
    178 135 104 248 45 150 29 22 10 10 49 204 182 101 180 46 230 107 45
    180 251 123 100 37 55 134 92 171 115 29 80 237 147 175 253 141 204
    19 28 42 108 148 165 137 153 48 71 184 194 141 180 109 120 39 80 161
    228 5 79 173 70 254 230 67 240 119 164 6 210 21 183 34 112 9 182 253
    255 163 252 66 14 48 18 171 130 159 178 91 74 123 139 127 217 45 66
    76 149 105 102 142 6 189 114 200 207 44 37 18 253 149 25 103 118 52
    220 254 23 255 231 185 130 73 131 0 55 236 210 133 222 206 158 53 47
    102 155 252 16 74 38 216 149 43 8 239 157 239 113 98 215 44 139 223
    166 165 38 62 168 215 49 204 151 56 245 78 20 115 162 229 127 86 86
    201 66 185 193 112 131 64 177 156 226 196 115 224 144 153 57 133 174
    105 186 158 71 52 41 93 111 99 56 210 41 203 79 95 34 120 160 23 167
    189 132 215 136 75 137 75 21 128 8 51 1 213 71 110 244 147 233 170
    56 8 84 53 31 147 250 127 124 88 6 87 139 215 21 61 97 222 205 220
    154 123 37 42 136 125 71 149 149 62 173 71 198 72 101 27 186 253 84
    59 74 190 199 234 142 19 35 40 224 79 140 101 219 169 106 9 192 101
    56 245 240 226 238 118 177 7 243 77 144 158 91 215 10 158 236 168
    220 30 168 127 71 85 115 92 110 67 191 118 15 203 68 28 235 107 14
    169 194 188 138 24 186 150 159 79 110 81 55 237 100 9 239 143 45 93
    156 37 94 63 202 1 248 157 2 21 138 114 245 246 49 148 55 133 209
    169 4 146 241 72 120 69 144 184 207 51 196 159 74 137 157 24 45 156
    98 246 12 54 49 225 89 73 179 175 17 183 164 81 209 233 202 18 162
    189 243 133 11 72 242 42 241 91 237 67 114 34 200 179 54 49 16 151
    72 51 74 68 234 239 239 77 128 167 245 209 157 199 114 183 20 122
    234 144 96 30 47 115 200 87 189 190 101 240 65 118 95 26 92 216 146
    237 217 9 159 137 31 98 205 107 34 247 12 86 162 117 251 137 56 28
    160 216 104 134 192 24 156 54 40 17 66 25 21 225 3 183 120 43 219
    122 126 45 96 50 128 62 126 226 58 150 115 61 129 173 132 29 203 218
    157 92 21 228 91 70 116 226 197 27 82 37 20 251 5 191 84 83 113 20
    227 212 143 58 100 242 161 72 49 250 117 54 175 151 218 16 80 96 19
    66 98 162 8 87 118 95 83 227 182 70 156 65 13 51 174 146 218 168 94
    128 150 249 225 234 100 62 190 200 44 46 240 135 164 210 186 240 213
    251 239 224 124 204 158 210 227 30 236 239 134 250 69 253 21 193 63
    84 185 42 238 195 143 213 12 207 98 225 70 225 249 102 211 101 170
    194 207 36 209 90 249 194 29 193 253 0 232 152 204 134 249 194 45
    197 90 125 46 28 241 218 165 220 49 196 200 54 49 235 188 93 148 49
    132 70 97 101 168 206 161 254 8 97 228 130 215 174 85 6 62 160 204
    47 86 207 92 133 113 108 82 158 180 221 73 184 158 81 114 76 108 122
    158 10 255 56 62 190 170 254 133 151 196 18 9 209 245 218 199 189
    218 216 122 184 60 96 87 252 5 166 73 39 141 139 2 172 170 13 221
    201 0 85 142 18 188 114 46 115 229 169 113 228 21 182 48 248 193 232
    2 141 240 94 75 210 32 65 118 194 32 1 155 38 173 32 240 118 238 229
    6 74 15 24 24 40 171 192 184 157 109 236 175 212 99 107 18 183 123
    145 219 105 50 108 162 178 224 122 36 65 165 0 75 145 169 77 244 237
    228 5 15 39 82 253 184 143 184 212 62 20 184 66 94 59 142 164 101
    132 88 91 31 195 21 217 151 250 131 74 67 4 188 184 175 97 189 41
    180 95 97 35 107 37 150 31 139 238 249 75 217 88 217 25 119 82 237
    110 53 50 131 200 70 212 38 176 59 27 70 181 166 28 155 183 63 29
    198 180 107 59 153 153 52 98 152 56 186 107 172 67 204 197 12 60 241
    103 209 215 103 128 234 175 190 37 114 193 148 174 102 183 70 136
    136 241 20 71 27 71 215 148 177 27 123 253 91 239 104 91 190 144 220
    43 125 107 253 9 90 18 195 26 224 126 141 57 227 46 171 74 221 240
    125 199 17 50 220 37 44 238 152 45 15 2 159 77 151 82 234 187 13 225
    133 219 225 88 175 9 175 136 119 220 214 71 252 10 123 243 22 209
    187 49 250 40 183 67 200 138 192 239 199 247 18 252 90 134 6 217 189
    215 204 52 27 147 101 73 228 179 179 180 206 197 222 249 114 56 31
    214 145 248 103 182 222 11 130 200 160 51 47 204 82 133 158 177 211
    51 238 66 32 43 131 144 248 99 148 60 167 169 159 38 83 246 175 3
    212 244 2 93 163 236 138 106 65 44 63 97 48 212 228 125 234 32 28
    127 183 160 126 27 34 197 100 91 210 83 51 24 85 188 185 52 132 241
    120 171 181 119 188 250 35 75 122 33 184 33 151 242 6 60 176 152 241
    35 209 158 1 35 113 249 196 174 53 174 233 252 205 100 4 32 32 55
    219 78 95 182 205 138 145 192 104 47 169 63 216 190 69 15 161 165
    106 6 62 20 166 71 154 171 203 23 55 227 177 97 183 87 109 229 213
    182 246 123 246 62 61 117 103 74 125 138 114 25 180 101 241 190 57
    216 187 79 7 159 36 233 208 162 248 124 100 0 242 123 43 127 102 223
    144 185 244 200 120 139 100 128 108 176 67 59 191 217 243 4 245 157
    52 86 112 95 60 243 177 91 108 41 84 190 30 122 205 37 165 7 51 198
    240 133 54 88 4 142 47 190 116 193 77 250 99 147 210 140 63 88 79 15
    140 172 73 144 104 137 231 69 43 175 177 97 209 20 13 143 97 245 186
    155 132 48 201 71 32 158 30 3 137 58 213 37 71 179 180 18 151 100
    140 167 71 2 175 241 150 9 170 24 163 195 160 78 11 130 247 98 239
    138 233 137 131 33 163 204 137 92 78 193 33 1 219 119 57 118 132 248
    155 59 38 179 83 32 174 140 180 193 115 223 159 177 37 18 204 228
    249 223 86 214 10 99 39 44 171 247 37 212 102 228 40 190 84 173 191
    16 45 244 150 135 82 198 163 107 90 68 193 75 150 200 130 29 242 211
    13 177 95 222 172 248 238 168 209 253 119 173 59 18 24 192 212 184
    185 28 47 22 46 136 181 18 205 61 150 23 216 46 92 229 103 191 190
    121 210 102 59 70 171 40 210 234 19 167 31 96 180 155 59 104 221 39
    13 46 119 147 100 47 82 237 229 125 37 38 229 218 163 182 228 223
    101 91 241 223 199 161 189 68 89 138 26 118 118 140 25 103 219 18
    226 59 205 180 254 243 19 45 99 88 248 68 150 58 245 143 72 245 7
    115 156 162 123 58 44 223 166 172 76 252 92 11 7 167 83 197 247 31
    154 252 97 170 132 93 105 5 229 207 252 125 144 23 224 182 250 182
    121 148 125 50 96 199 137 252 5 18 18 103 242 163 203 63 60 4 220
    106 246 112 220 170 50 37 117 112 188 165 243 238 182 129 237 228 17
    166 241 237 86 212 214 242 194 144 104 8 25 236 74 63 51 69 137 204
    162 173 12 192 70 14 218 216 92 118 127 217 250 34 173 220 240 96
    185 49 62 247 200 210 48 136 240 11 101 194 70 76 177 159 95 18 40
    31 4 193 231 222 222 158 228 210 236 194 39 167 249 146 132 76 3 241
    98 71 186 243 1 143 182 249 83 199 6 112 80 145 236 102 59 235 193
    48 29 170 222 84 153 202 230 144 103 205 80 79 37 80 115 57 0 91 132
    180 62 125 18 217 252 200 118 50 180 246 224 80 126 208 108 111 145
    212 80 28 135 97 24 145 11 85 89 252 10 31 201 137 99 26 7 113 189
    68 117 21 108 164 71 160 248 26 197 34 156 12 150 19 46 96 216 38
    132 193 245 127 155 214 150 174 129 21 29 155 154 20 128 58 4 241 72
    169 68 134 196 58 149 30 126 218 253 191 104 102 19 158 121 173 33
    91 221 128 119 23 59 176 66 72 161 71 8 58 97 142 183 86 171 118 96
    153 84 14 213 123 81 120 68 182 98 21 56 37 192 49 83 8 107 189 212
    225 17 111 247 100 226 235 202 73 97 80 172 185 201 128 62 235 244
    169 194 121 175 203 126 32 126 92 220 107 4 56 229 96 183 234 49 127
    79 252 182 174 245 65 129 177 158 217 69 40 141 197 229 223 24 226
    31 247 122 36 180 184 63 174 206 250 150 106 18 86 142 126 16 250
    162 2 255 45 187 165 86 242 104 56 25 23 177 93 100 52 180 66 28 121
    195 106 0 166 11 242 187 72 46 55 160 95 171 6 115 28 143 70 226 64
    92 136 231 10 188 44 86 228 163 114 129 107 63 136 236 61 247 180
    174 219 205 15 164 49 77 137 255 178 229 93 42 98 23 25 230 216 67
    57 139 72 118 194 102 126 105 16 154 30 173 23 199 2 105 167 46 163
    27 180 24 88 216 19 128 23 20 13 67 234 157 35 99 195 238 16 115 183
    201 30 21 34 139 211 22 125 163 234 244 142 79 73 184 107 248 18 158
    150 187 216 255 86 218 53 226 102 24 205 172 68 148 232 188 158 143
    185 86 32 204 219 68 153 149 127 64 116 253 66 39 206 83 185 110 65
    142 106 84 43 165 138 230 94 53 187 62 253 212 164 234 236 12 230
    167 228 140 153 55 255 27 104 188 191 57 144 192 23 160 171 64 213
    139 1 78 170 27 68 165 169 162 214 149 25 156 35 59 88 203 53 72 77
    29 190 35 44 234 186 254 183 47 89 159 140 199 252 179 74 202 4 31
    11 247 41 55 148 57 246 243 197 203 204 128 115 20 219 36 32 143 170
    22 60 83 160 52 189 75 50 192 212 100 204 227 98 60 134 219 239 170
    156 37 204 127 234 123 171 247 65 190 33 168 153 4 15 88 163 170 14
    60 150 13 17 64 2 158 18 251 56 84 115 18 249 37 83 63 214 17 26 67
    27 175 252 164 181 38 77 170 183 37 132 251 132 38 237 34 133 216
    138 97 98 71 193 195 124 88 220 67 75 30 43 129 33 115 169 22 56 3
    133 52 48 140 50 158 11 230 237 236 224 96 94 31 208 137 7 118 86 4
    50 15 98 244 63 195 55 169 219 126 43 46 228 144 190 163 93 102 91
    204 61 30 212 59 26 234 40 173 168 128 139 156 104 129 118 33 152 45
    18 83 105 166 50 223 225 72 186 74 208 48 69 181 123 79 59 162 63
    149 26 173 209 209 147 106 66 162 53 22 115 115 111 225 120 112 150
    114 84 73 134 37 68 10 61 64 66 20 122 168 101 90 35 245 202 145 145
    249 255 193 125 137 146 1 179 184 199 100 219 200 205 9 159 248 85
    238 57 251 35 207 112 39 180 243 189 255 183 45 53 242 235 228 201
    134 66 79 30 64 45 148 200 45 206 109 99 168 170 153 112 201 160 194
    242 141 193 111 118 21 190 82 253 165 34 194 118 244 10 61 11 209 66
    212 144 37 90 118 178 112 81 8 81 223 85 112 153 0 183 13 232 49 247
    24 252 88 89 167 174 148 32 53 187 22 223 117 233 235 10 212 159 159
    76 186 120 206 120 6 65 212 192 188 202 15 227 43 253 69 185 207 9
    104 31 63 28 118 27 184 7 127 217 61 173 219 223 67 69 127 63 28 219
    82 127 20 103 111 77 177 141 154 84 37 20 123 180 121 196 190 196 90
    99 57 182 233 52 153 177 248 226 125 157 91 42 241 156 87 203 234
    145 127 19 104 106 46 118 91 201 118 147 199 72 129 218 30 99 42 200
    6 210 65 126 32 38 95 164 193 227 196 19 123 104 168 141 139 71 108
    154 228 196 120 180 154 254 182 170 75 46 131 246 167 91 7 14 6 72
    224 169 67 188 177 245 77 153 247 53 46 200 40 28 31 213 168 230 16
    203 242 226 222 201 159 26 241 34 4 111 153 243 204 26 203 45 132
    228 184 121 209 17 124 138 33 198 52 180 168 251 23 179 52 139 89
    162 3 32 204 71 209 90 134 36 48 229 108 121 12 183 29 229 68 89 166
    146 239 76 238 196 124 228 21 222 52 126 178 61 175 60 239 181 228
    60 181 82 244 91 41 222 30 1 109 253 96 184 129 59 180 172 190 210
    151 193 60 18 169 218 194 237 38 69 114 61 63 8 30 82 88 153 115 29
    150 114 26 39 65 195 209 96 46 17 158 17 7 164 6 249 161 154 127 130
    42 101 227 104 84 31 227 28 211 247 94 113 169 116 124 168 233 251
    128 145 237 58 46 234 84 239 3 172 87 154 119 102 196 19 147 43 64
    206 252 180 179 19 164 193 7 182 149 244 166 182 189 194 74 236 18
    169 220 217 43 127 145 200 14 78 181 224 36 19 53 108 147 242 60 48
    54 136 75 247 195 48 177 226 212 183 146 56 212 242 209 107 92 156
    35 192 54 197 13 74 174 168 105 202 226 141 253 30 140 106 172 226
    78 155 113 126 99 98 128 131 50 126 10 98 188 50 9 225 27 32 81 84
    135 83 115 147 246 239 202 3 244 188 63 141 103 70 73 14 103 77 104
    137 201 96 53 150 169 147 57 145 156 6 154 144 126 82 202 131 44 247
    8 77 105 77 144 109 143 99 29 37 122 28 22 67 206 243 227 129 7 56
    240 10 207 226 186 98 182 84 143 132 4 47 227 35 199 14 150 52 29
    129 89 163 184 165 142 15 125 200 87 108 140 54 207 171 53 35 180 77
    96 38 77 91 64 95 212 35 252 208 106 80 62 57 192 35 70 154 226 47
    83 42 104 106 252 32 76 113 165 255 237 130 247 152 161 86 135 121
    55 76 190 243 100 114 74 156 222 215 29 216 70 26 214 194 207 132 82
    129 155 228 117 234 13 213 143 167 176 156 145 20 126 2 21 207 129
    250 188 247 188 76 208 40 95 29 80 24 26 200 113 88 151 128 205 250
    246 138 174 135 200 189 77 66 225 112 56 159 108 38 134 11 15 94 19
    3 72 73 255 84 227 58 3 215 144 112 47 94 166 115 82 10 165 253 32
    235 195 37 254 62 107 16 135 213 173 210 10 130 130 216 135 131 37
    106 33 98 129 159 1 56 14 201 166 104 34 181 5 215 161 181 30 132 90
    32 146 132 36 136 124 86 255 159 237 106 244 234 198 205 95 54 94
    144 226 131 161 67 138 144 236 10 17 58 174 108 33 184 9 108 118 165
    24 172 44 67 193 177 167 32 61 125 237 23 124 5 99 208 222 40 181
    255 248 248 150 244 201 113 44 109 210 253 98 25 156 54 146 150 42
    165 214 21 199 158 154 195 12 129 151 95 2 231 116 114 92 60 23 212
    110 134 225 174 138 208 136 126 199 74 137 133 107 191 244 248 17
    236 104 164 165 137 253 128 144 137 43 109 68 157 107 241 222 165
    158 9 232 91 21 134 131 97 204 230 71 92 244 118 211 51 131 130 203
    204 113 114 234 235 40 7 209 73 101 72 140 31 225 168 233 107 166 81
    102 57 86 118 17 32 216 54 69 168 199 135 42 53 9 250 80 91 236 156
    160 85 178 115 150 11 160 38 117 222 214 0 32 139 171 92 245 43 49
    51 106 151 19 135 161 12 9 57 88 111 25 42 170 13 5 89 13 87 36 164
    109 93 155 209 8 166 49 122 37 253 95 96 200 140 62 125 244 177 143
    215 194 234 237 161 186 197 218 219 226 58 207 166 69 18 174 234 69
    116 154 116 6 247 140 161 254 119 149 222 106 121 104 179 71 165 246
    209 131 139 255 183 40 9 199 11 202 241 149 33 77 75 126 136 34 75
    146 108 41 58 127 194 100 187 213 61 206 102 8 204 26 11 190 80 156
    37 248 86 219 228 236 11 180 142 252 225 165 160 233 8 69 180 255
    237 67 66 83 108 65 36 40 139 33 8 161 66 32 108 127 95 136 24 71
    222 92 163 86 83 217 222 190 237 75 48 218 121 195 169 51 148 61 149
    209 233 227 41 160 144 122 89 14 176 182 164 110 46 111 79 136 29 24
    182 98 31 220 193 209 146 110 12 189 205 132 148 162 82 81 238 198
    77 5 152 255 101 28 216 108 96 185 33 160 141 172 45 84 87 150 126
    157 93 155 31 180 91 169 237 46 135 6 215 65 251 80 167 74 132 214
    119 244 169 255 131 215 123 247 173 6 87 120 194 105 139 135 5 66
    200 160 101 33 6 84 99 44 236 82 60 195 59 184 139 39 3 203 139 207
    70 60 14 47 25 61 90 198 19 127 239 19 224 215 132 211 129 1 33 214
    176 2 187 68 76 41 77 250 47 48 86 170 170 200 73 82 110 64 127 118
    175 232 192 145 105 97 126 137 96 97 201 124 105 103 122 60 69 161
    158 86 101 137 48 125 185 139 225 164 180 4 197 189 174 29 179 194
    65 76 81 117 178 215 118 126 56 17 160 220 80 197 83 124 141 86 53
    37 95 216 208 113 20 19 75 161 209 250 153 213 133 73 218 177 180 92
    210 27 200 187 212 76 39 91 32 86 131 192 157 97 180 217 93 109 29
    27 208 226 112 69 206 132 154 201 106 103 109 35 209 163 217 151 250
    250 163 3 197 235 60 21 152 38 145 68 140 144 152 163 26 97 205 216
    225 38 157 152 70 44 200 23 30 212 40 160 134 177 17 102 187 246 160
    239 31 94 179 222 140 238 103 42 243 92 184 5 146 201 17 246 84 90
    31 142 32 44 114 54 117 169 55 173 122 243 75 139 163 128 30 147 209
    32 33 162 52 21 21 63 179 44 10 211 32 3 232 210 179 155 203 135 182
    73 188 144 150 33 85 111 153 143 148 101 137 208 242 101 82 50 89 78
    107 37 252 194 48 166 160 73 156 153 111 35 28 48 141 191 19 152 95
    46 51 126 248 85 200 189 7 24 123 197 71 182 219 186 190 184 11 167
    93 206 219 74 29 190 67 112 26 29 229 190 74 157 119 213 81 251 210
    182 143 223 93 219 179 176 153 28 137 97 28 70 107 194 70 139 198
    211 68 146 95 224 94 201 100 101 177 91 133 103 5 198 140 8 228 125
    177 189 176 148 4 240 229 200 240 244 248 69 51 224 82 140 157 251
    87 96 2 147 115 85 193 154 72 131 116 205 10 149 27 186 186 110 104
    20 112 14 37 83 61 25 98 181 167 15 59 164 73 35 89 147 22 125 89 64
    252 58 43 198 240 97 234 87 210 149 66 109 198 227 120 168 135 6 124
    156 219 73 246 25 241 120 210 46 158 241 121 141 62 7 125 98 59 108
    34 148 49 141 57 67 139 125 142 168 97 14 131 126 175 216 0 197 246
    108 147 91 242 252 120 118 184 245 230 114 214 75 54 249 176 233 136
    36 30 127 178 83 99 63 241 199 81 103 118 237 74 147 102 183 252 222
    114 170 186 241 148 198 126 219 91 173 147 194 11 32 13 92 253 190
    75 243 196 206 87 61 113 126 141 8 16 228 183 222 62 73 156 120 198
    32 169 20 208 29 247 139 125 143 103 242 185 254 5 116 127 214 84
    172 22 7 7 204 51 164 138 101 133 118 80 43 171 131 44 52 14 242 189
    121 61 233 16 138 183 218 236 226 172 225 192 22 174 248 47 128 176
    125 237 103 46 47 128 209 53 111 90 82 95 228 188 177 143 168 238
    136 17 226 13 84 170 130 239 69 148 27 59 132 92 167 54 115 3 30 185
    114 69 206 76 204 181 122 255 184 213 199 22 87 163 122 251 110 65
    117 208 0 43 209 26 228 226 241 78 106 78 78 112 2 238 5 244 194 188
    171 194 3 144 20 85 142 91 2 92 9 122 242 235 56 80 26 22 93 28 162
    236 95 9 159 23 161 189 174 168 165 149 175 227 104 179 232 26 84
    179 218 205 194 148 168 57 195 171 121 197 133 181 19 41 238 73 49
    125 227 48 235 220 12 113 91 254 44 36 233 36 219 123 13 90 4 22 29
    130 76 196 245 246 202 115 99 29 20 224 218 185 204 27 160 136 207 7
    111 108 70 74 201 36 147 97 246 199 118 196 52 166 32 128 251 80 220
    166 107 149 240 73 103 246 81 252 149 212 137 64 79 205 240 111 234
    18 212 203 153 57 188 189 88 85 239 93 246 175 255 49 135 30 170 205
    0 122 40 78 1 126 50 130 109 223 188 226 30 8 220 247 208 7 253 176
    7 69 114 32 150 89 130 229 103 61 29 219 173 85 203 160 53 212 32
    108 81 148 80 24 167 177 74 125 113 154 75 95 94 29 252 232 194 85
    191 63 53 76 79 104 230 156 109 20 174 184 181 1 172 191 37 110 2
    120 149 179 169 77 141 180 30 167 73 53 8 185 248 111 243 221 233 11
    69 81 89 91 223 93 115 255 194 12 69 18 188 136 22 118 196 117 189
    43 89 119 176 71 28 115 93 204 223 6 147 216 72 163 116 208 112 71
    111 0 232 181 173 235 210 187 165 230 89 47 84 167 114 238 41 214
    198 98 42 85 231 19 66 166 23 66 182 12 195 167 143 39 106 172 205
    86 81 176 40 50 99 243 225 225 23 161 243 49 172 1 132 242 14 247
    145 191 121 254 219 53 25 146 140 191 121 212 94 56 245 178 101 27
    141 143 34 255 127 112 33 91 60 41 121 44 208 197 208 53 24 141 247
    47 196 93 83 200 209 38 68 50 4 180 93 25 251 11 1 152 17 151 10 139
    85 32 107 191 16 210 111 187 93 145 41 124 42 97 124 128 186 12 44
    48 182 187 2 185 234 80 51 249 59 28 74 225 186 85 252 129 3 219 63
    204 141 89 250 247 104 117 44 232 92 187 51 216 24 116 66 144 209
    118 13 249 203 143 204 48 179 212 16 0 132 200 72 114 96 51 239 212
    31 240 168 229 57 209 146 59 69 189 96 174 143 14 185 222 53 195 37
    10 226 138 252 57 40 235 7 21 176 169 82 185 196 145 142 139 20 117
    226 8 18 250 95 163 74 79 128 130 248 36 80 137 144 246 1 51 73 245
    4 115 237 87 122 175 152 94 164 213 28 114 146 26 214 106 233 175 57
    97 221 215 56 133 219 218 93 197 51 75 98 134 118 115 220 235 163
    163 157 179 184 99 69 12 255 60 187 200 99 65 142 86 177 237 219 38
    193 249 0 220 245 17 205 140 223 221 150 102 12 110 28 132 57 126 26
    64 241 57 252 135 3 0 187 210 237 44 234 248 208 189 49 187 147 87
    233 179 73 206 174 238 183 226 7 23 89 17 121 237 245 111 172 171 10
    52 155 47 180 116 31 6 15 79 210 173 192 224 106 33 23 206 229 154
    219 193 189 11 175 61 123 74 224 209 30 83 166 167 183 24 139 46 118
    95 153 155 202 162 20 95 79 149 91 8 167 234 245 96 240 137 141 114
    185 112 245 5 1 109 202 138 242 227 21 133 143 244 37 185 72 3 78 33
    179 149 147 186 65 228 0 188 15 57 58 137 169 113 87 41 76 45 8 164
    151 27 161 127 64 2 48 251 64 131 66 106 172 148 175 31 89 17 185
    192 248 8 145 180 152 66 13 84 45 152 198 187 13 1 48 127 114 243
    145 24 126 151 60 59 47 30 201 46 108 184 137 201 13 99 165 81 7 55
    102 225 132 74 43 247 209 201 144 118 161 216 209 177 77 88 145 211
    77 139 53 120 43 104 18 20 80 85 39 166 85 18 174 69 237 212 237 133
    208 218 134 118 189 139 242 162 102 137 246 23 22 32 225 132 232 134
    218 140 244 250 167 118 126 188 62 67 71 51 106 201 212 226 168 151
    3 153 205 49 24 76 2 151 8 194 183 243 3 74 158 167 152 105 225 205
    112 192 150 21 203 44 132 199 206 163 96 171 39 130 74 178 75 56 7
    61 84 135 102 92 52 224 48 43 28 18 3 125 7 148 229 208 239 106 41
    160 13 187 91 233 65 29 110 210 153 236 230 218 211 47 58 24 247 95
    247 115 172 162 13 47 109 58 57 53 104 75 72 92 86 200 48 18 231 247
    7 138 36 199 170 84 236 152 100 193 235 164 63 9 230 168 161 242 253
    124 51 104 39 104 228 192 151 212 215 171 161 186 218 129 213 47 250
    52 47 73 156 109 61 133 88 118 37 86 73 39 23 187 11 99 153 249 144
    224 108 206 226 218 146 224 7 137 44 38 87 238 57 17 224 140 220 39
    144 131 236 148 203 90 53 79 51 12 145 74 185 127 190 182 150 130
    171 189 43 231 82 224 197 197 36 22 212 195 237 114 125 189 169 22
    145 136 30 176 197 116 170 20 137 52 92 255 104 233 92 6 113 227 28
    86 219 42 16 0 80 172 154 72 165 88 109 142 134 22 144 200 30 229
    109 115 11 204 196 54 23 68 60 141 47 195 116 17 69 39 145 239 68
    167 195 16 26 196 95 67 177 103 59 45 133 244 79 251 195 187 70 237
    101 109 16 176 11 155 228 228 144 209 83 211 162 2 183 155 186 70
    246 61 25 138 190 215 18 252 21 141 215 207 250 76 150 126 229 246
    181 252 122 38 178 82 126 136 235 188 8 30 47 110 151 55 159 97 55
    126 185 195 243 156 65 23 34 67 219 13 133 23 114 225 140 49 184 156
    140 108 109 6 110 159 173 127 222 92 189 243 61 74 193 38 63 73 161
    140 241 17 182 17 120 247 186 132 186 214 181 180 92 78 160 233 69
    138 113 54 113 58 112 202 94 116 150 93 57 190 81 78 49 102 137 14
    156 133 228 157 135 64 21 154 7 52 30 127 160 122 112 208 67 102 117
    76 187 122 191 63 216 197 26 48 30 138 135 105 8 216 188 197 75 247
    56 17 47 145 16 247 21 76 15 98 32 81 197 191 168 164 11 34 231 8
    112 212 146 99 174 185 21 124 64 112 8 226 186 231 208 47 136 31 188
    185 181 10 97 178 196 165 149 45 236 114 41 255 68 3 88 19 231 193
    222 111 85 245 74 22 67 243 51 0 91 140 53 244 19 13 246 241 93 51
    40 39 118 62 244 185 105 182 180 140 168 98 195 177 46 186 146 16 58
    91 110 113 38 61 239 206 230 19 87 228 39 185 93 22 146 53 73 84 202
    226 49 79 105 196 24 52 184 54 143 247 181 47 142 247 24 229 155 173
    235 68 166 162 165 148 84 237 13 246 29 5 36 87 170 212 31 158 44
    133 210 214 190 52 227 204 89 171 88 185 192 242 79 177 5 134 251 72
    162 133 211 157 75 154 148 16 128 5 250 86 117 199 120 128 19 200
    252 123 100 250 128 186 231 8 182 32 124 206 65 90 236 118 168 9 93
    2 44 194 8 166 226 80 141 74 82 39 108 8 46 155 231 140 195 181 139
    218 116 196 95 188 139 253 47 241 48 19 205 190 157 133 32 229 1 216
    153 57 32 16 250 188 166 77 188 69 193 68 125 46 21 2 154 105 61 17
    18 183 39 155 201 223 126 249 255 92 107 48 128 238 217 69 63 208 50
    226 41 234 193 7 91 60 145 126 31 83 238 37 99 69 209 156 183 67 39
    46 137 249 210 134 120 49 54 40 129 26 133 118 219 96 48 191 214 195
    43 158 15 157 129 85 68 127 223 62 201 0 153 103 119 215 182 93 36
    79 54 17 100 88 118 97 153 255 26 68 111 238 15 151 240 65 48 135
    184 57 239 61 62 162 10 230 43 102 121 82 119 225 232 214 104 218
    140 136 239 144 245 29 105 89 223 217 135 104 49 184 36 155 217 161
    22 116 248 57 82 236 245 214 59 252 99 80 236 33 107 217 70 91 86 51
    19 65 187 127 71 66 240 4 80 19 90 174 94 170 118 234 255 111 185
    178 234 255 171 44 107 98 149 154 181 232 139 218 250 19 231 214 46
    28 52 176 40 245 165 88 219 39 0 100 48 248 70 68 54 43 137 17 108
    58 145 239 158 69 217 150 48 212 154 4 38 175 50 88 237 170 135 250
    134 68 64 62 33 245 237 232 146 2 148 166 216 193 148 178 204 187
    118 22 116 141 163 79 95 248 107 161 205 153 223 131 163 217 49 173
    104 205 26 2 44 107 6 103 30 176 144 131 110 53 12 227 106 94 202
    204 190 185 172 10 235 123 236 194 193 176 87 66 49 230 75 181 100
    81 96 205 184 68 167 220 49 0 140 62 4 162 146 239 254 252 4 12 165
    122 219 160 105 104 67 59 40 34 214 103 58 199 226 62 57 93 222 195
    93 242 190 10 113 88 2 190 90 203 133 154 71 17 69 186 122 1 178 154
    144 68 45 35 182 28 187 214 71 17 80 66 181 144 130 102 43 162 232
    179 167 212 201 241 121 204 173 74 242 43 27 149 51 41 7 222 239 146
    90 141 232 19 123 20 98 61 172 148 83 153 113 137 156 193 83 0 194
    248 208 177 224 245 107 234 243 178 219 22 242 151 232 47 185 3 145
    188 50 224 22 195 50 68 193 202 63 119 104 158 135 115 80 187 201 36
    167 61 9 124 220 134 249 130 148 2 82 101 129 126 161 45 235 92 58
    184 32 65 75 118 230 18 166 114 92 224 27 157 32 157 171 176 61 107
    177 135 46 198 187 16 216 0 225 29 28 157 127 179 215 85 155 67 114
    145 60 204 254 252 57 227 189 166 101 40 70 252 147 163 250 126 189
    170 219 128 167 1 65 147 214 90 59 145 237 189 231 217 12 136 168 3
    203 104 116 63 158 196 147 244 226 67 57 99 73 194 70 151 24 221 20
    46 23 236 234 25 12 189 210 106 5 6 109 234 133 197 103 12 141 207
    126 244 49 60 242 78 198 175 227 247 51 166 38 26 53 42 183 54 181
    15 225 204 51 153 119 116 219 118 36 175 117 8 57 202 113 68 33 11
    225 177 172 96 150 241 178 88 20 174 19 204 43 217 5 34 29 181 176
    118 30 97 18 196 7 248 192 45 188 191 79 249 207 117 229 15 232 163
    57 211 207 88 37 176 197 168 146 130 17 146 73 220 196 175 41 247
    124 122 115 189 255 81 18 67 85 152 228 161 54 45 204 207 145 47 189
    32 26 46 249 102 82 60 181 10 6 245 112 45 106 29 7 156 226 209 205
    241 111 31 32 56 220 105 53 204 170 58 151 5 87 87 116 153 156 241
    38 200 179 119 39 11 18 47 249 81 177 203 46 161 140 25 166 76 171
    97 31 192 245 212 103 159 60 9 2 220 222 158 254 97 60 129 92 73 210
    45 98 240 139 199 95 89 250 45 56 52 57 100 42 155 203 79 20 137 123
    27 19 23 35 66 146 186 158 87 71 30 106 104 121 26 75 174 145 123 51
    251 56 208 126 66 191 220 217 20 28 205 92 172 159 14 14 77 110 163
    121 186 187 158 190 101 180 134 173 157 19 186 212 44 241 194 216
    207 94 254 162 142 70 189 107 13 115 174 242 30 143 251 65 114 71
    227 15 137 233 139 200 164 54 230 48 169 192 244 4 28 2 19 41 226 61
    65 158 112 102 237 187 154 179 233 116 97 21 184 10 134 177 179 71
    101 189 10 213 225 73 12 51 84 13 3 180 160 140 114 15 142 229 202
    48 242 172 159 123 164 250 252 194 17 130 12 121 42 2 14 200 141 106
    26 233 114 203 238 228 91 87 26 173 250 158 52 120 216 68 235 2 231
    245 136 190 190 147 31 183 14 27 228 129 74 103 101 51 125 202 18
    210 200 53 164 151 222 169 36 53 218 28 206 177 168 27 100 36 6 191
    94 93 190 197 86 63 234 26 41 28 144 73 5 140 181 90 102 57 206 84
    102 5 81 88 38 111 151 62 210 100 228 129 92 89 73 226 184 124 5 208
    89 29 41 12 33 99 148 154 139 121 11 213 199 134 142 233 195 22 65
    255 157 51 209 136 244 252 74 2 243 199 120 59 226 254 16 167 66 22
    133 252 79 57 14 97 24 62 8 226 129 132 91 234 170 3 192 250 49 146
    3 135 186 194 227 12 1 109 230 51 184 122 230 250 145 6 18 148 85
    187 58 202 103 80 62 158 49 241 250 156 92 235 149 153 188 189 189
    157 169 96 252 239 32 0 203 19 216 74 146 55 45 3 2 125 195 1 69 63
    141 97 150 248 172 218 166 180 102 74 120 246 198 184 192 243 195 88
    183 68 89 238 216 66 44 92 47 163 221 81 37 64 182 242 190 203 106
    230 79 22 21 108 227 238 84 69 124 78 95 168 253 118 210 34 130 129
    197 195 157 215 142 247 239 241 112 206 35 141 217 191 103 148 225
    11 131 226 150 186 254 250 63 85 172 102 2 156 152 157 203 60 89 228
    150 189 198 164 14 103 109 32 222 196 91 31 250 141 203 88 50 228
    201 110 240 109 139 85 252 30 117 60 193 234 134 186 196 60 45 110
    112 14 97 85 0 251 198 86 231 247 161 110 184 67 49 19 1 26 173 34
    49 225 172 188 30 6 134 62 221 8 242 141 187 32 230 167 94 54 80 77
    248 251 26 30 2 153 127 41 118 88 215 171 74 249 230 58 16 133 70 79
    193 185 68 214 119 214 227 237 103 7 231 69 228 189 235 147 250 180
    137 208 246 191 84 175 127 171 78 247 156 83 171 251 68 10 60 185 46
    252 24 207 46 171 113 19 94 245 200 48 0 222 185 35 7 110 107 23 230
    232 28 116 18 234 129 238 91 220 158 9 142 181 25 25 214 72 125 51
    71 185 16 203 21 208 180 248 251 186 157 245 25 29 106 180 244 107
    186 100 162 11 7 167 193 163 81 110 41 55 251 199 2 106 54 172 180
    203 137 141 190 235 115 249 109 56 180 47 171 107 149 251 38 188 208
    241 227 22 59 60 15 196 131 168 154 157 16 140 145 21 232 129 158
    177 233 33 112 9 172 246 18 120 209 29 157 99 63 23 138 233 140 36
    124 167 82 43 231 13 245 34 96 172 206 127 12 233 65 120 195 154 150
    165 32 21 86 40 77 25 251 176 67 37 112 95 173 0 132 192 136 106 148
    176 238 76 38 253 86 139 12 221 63 124 5 12 13 26 31 9 224 85 37 111
    43 94 163 242 14 255 40 232 216 183 248 43 110 233 24 70 158 125 244
    139 142 127 252 65 141 102 218 180 190 122 224 154 123 160 94 208
    223 165 54 248 19 251 55 120 232 141 167 122 148 66 24 183 240 133
    14 194 173 225 249 89 41 214 201 3 136 146 11 247 234 200 66 243 131
    184 116 101 77 204 11 86 187 243 204 45 106 146 184 130 105 153 84
    96 239 196 59 114 10 237 184 239 18 80 32 85 150 151 30 223 80 79 71
    124 210 234 129 75 171 60 20 227 88 13 142 145 10 98 145 3 151 89 51
    186 8 158 69 121 198 29 93 1 225 51 122 169 19 149 135 158 163 132
    247 91 123 208 205 117 202 67 29 1 21 81 78 45 32 234 169 91 153 155
    252 19 16 140 148 83 66 82 73 193 39 86 247 102 8 86 2 99 122 142 45
    21 253 133 233 17 80 115 188 39 83 26 3 96 179 134 66 252 102 67 216
    127 112 252 59 251 89 85 128 30 252 17 140 254 232 7 5 199 110 191
    47 97 49 43 245 175 182 244 148 38 92 4 223 79 62 154 115 181 109
    211 223 29 84 84 73 9 190 1 30 246 192 225 155 190 201 19 78 55 167
    181 0 170 77 2 1 156 237 165 187 73 23 189 25 119 88 82 74 179 7 172
    229 181 178 209 20 184 127 143 25 249 113 119 64 168 22 206 18 79
    135 171 0 7 36 180 66 211 114 87 235 71 28 110 237 147 140 236 124
    23 204 4 66 160 244 233 105 175 108 34 16 94 202 37 159 172 153 131
    193 161 136 57 127 105 0 92 139 215 219 246 82 90 93 181 157 85 35
    201 197 102 255 94 37 59 63 96 156 143 145 248 47 6 242 212 241 249
    115 232 89 38 254 182 20 211 18 248 69 127 188 251 200 80 31 213 226
    111 203 4 63 224 127 35 197 99 222 18 35 192 44 69 12 39 246 68 96
    165 191 97 213 30 240 227 129 111 130 16 47 76 255 91 88 153 2 170
    168 30 69 251 134 199 194 123 39 202 103 6 161 80 215 98 37 139 108
    246 199 205 0 16 158 41 139 74 233 119 238 23 129 15 80 170 37 111
    19 125 14 97 0 62 100 0 72 125 2 104 178 241 164 155 43 113 147 45
    161 96 9 229 214 39 141 126 226 27 175 131 30 145 245 35 57 131 202
    164 39 247 141 102 60 185 133 34 99 92 18 41 148 252 72 122 176 14
    199 176 212 158 89 118 227 203 132 105 147 223 169 1 195 90 152 149
    167 238 166 2 209 137 249 188 119 148 12 71 173 89 113 44 43 47 148
    128 164 72 181 194 79 166 55 243 101 224 189 55 217 244 230 151 39
    58 42 239 82 180 9 87 117 225 54 223 81 1 135 25 112 207 43 216 192
    133 63 8 222 112 20 159 17 215 19 253 147 42 100 142 225 100 247 35
    198 62 32 105 66 151 35 249 254 178 17 14 153 98 3 115 45 166 142 86
    154 166 112 120 151 175 169 200 156 52 124 104 150 115 44 242 208
    183 171 205 186 164 209 23 42 164 27 130 7 165 255 242 113 37 178 61
    53 252 226 231 13 52 69 123 103 94 229 219 43 21 90 197 166 26 134
    62 131 94 197 107 32 191 32 240 18 186 146 124 208 104 249 190 175
    132 67 173 162 194 52 201 131 143 54 193 126 50 251 161 32 101 181
    176 166 199 36 141 116 121 218 89 153 46 235 203 41 226 253 240 130
    3 54 190 226 7 39 8 28 33 164 2 126 243 2 225 104 228 216 236 184
    182 151 240 118 13 139 46 9 180 251 32 159 190 205 211 82 240 221
    231 112 219 44 68 130 76 5 100 19 153 229 250 219 57 213 11 106 127
    229 67 62 118 204 125 153 187 207 102 130 183 77 54 182 35 177 169 4
    131 45 112 254 72 251 189 113 241 84 12 119 154 185 239 56 101 58
    123 62 197 171 118 134 195 189 33 127 62 20 21 33 190 238 48 248 4
    106 19 143 127 139 106 0 204 203 26 31 125 43 119 91 240 178 101 146
    55 229 237 237 40 254 110 137 53 197 48 125 197 192 123 37 45 245 66
    20 118 37 218 193 112 250 177 138 88 108 88 28 130 5 129 189 195 42
    166 178 4 254 199 98 151 173 68 67 105 96 195 143 49 143 252 222 2
    105 181 161 55 193 107 24 21 153 70 17 247 136 206 21 1 138 146 198
    252 65 124 112 107 40 242 143 51 47 128 76 110 204 101 32 42 165 73
    203 68 85 128 224 109 78 218 98 171 229 186 174 101 199 15 22 8 43 5
    138 229 133 52 208 76 248 6 195 39 134 229 212 58 93 144 156 19 35
    106 225 39 86 53 123 212 20 150 70 137 249 144 195 197 152 83 25 197
    4 120 127 16 160 146 129 24 69 44 35 54 27 1 61 140 138 246 243 179
    186 209 210 67 194 4 158 168 223 59 134 15 113 104 201 235 116 169
    30 84 126 249 235 28 44 1 72 42 173 210 35 133 248 90 114 167 26 33
    201 231 16 151 110 205 220 82 113 88 161 80 210 146 170 23 200 54 79
    195 45 150 114 149 225 93 5 113 74 176 206 32 226 175 14 182 42 159
    5 35 19 196 166 22 222 31 250 42 108 66 177 101 69 79 221 167 1 174
    228 224 60 36 64 165 49 214 93 39 188 94 205 161 42 14 25 84 141 207
    177 194 238 186 117 91 113 205 65 103 220 107 132 218 193 154 39 206
    39 18 202 63 242 51 108 170 114 42 186 246 85 195 0 41 181 240 189
    62 90 74 207 163 183 63 215 72 144 161 238 170 128 142 223 126 94
    144 24 32 210 249 243 210 133 182 241 160 220 37 82 82 41 145 15 9
    88 125 169 32 102 64 137 243 193 61 10 96 235 79 240 204 174 179 65
    160 164 218 154 57 164 74 93 108 156 157 186 197 72 177 182 54 235
    130 39 234 12 134 15 130 155 33 118 149 13 127 224 112 245 111 9 167
    145 140 106 127 17 17 47 224 90 2 46 28 93 0 64 130 35 135 218 32
    220 16 183 114 255 145 171 172 185 16 40 125 175 40 0 95 81 17 44
    202 94 173 121 7 130 223 250 214 221 186 121 98 16 7 224 208 180 197
    233 103 208 19 111 72 98 104 244 141 97 132 69 246 249 153 111 150
    90 161 254 19 88 120 95 183 37 91 80 6 119 194 79 74 42 6 186 232
    103 38 12 132 207 42 90 248 93 48 17 35 96 178 23 244 102 109 137
    186 12 29 122 23 112 24 216 158 166 96 56 96 202 164 118 194 158 254
    96 21 62 34 182 205 57 146 88 10 206 33 132 163 128 89 246 103 134
    124 76 249 200 19 239 42 183 240 244 177 194 104 83 91 229 118 20 55
    74 158 177 131 106 67 198 174 36 77 155 70 31 71 61 86 122 178 254
    221 27 222 158 154 132 210 3 34 61 117 251 18 108 75 40 15 5 3 186
    110 10 215 92 231 237 225 158 247 238 179 65 47 16 76 215 8 99 130
    150 0 245 34 61 65 38 16 197 35 162 180 142 163 78 119 251 25 110
    145 194 205 207 66 27 187 116 24 95 154 89 141 40 232 74 73 216 86
    158 63 33 163 255 157 255 70 226 98 7 40 67 120 254 245 182 172 192
    171 103 142 166 247 51 147 121 143 190 36 96 48 115 54 218 183 118
    183 202 142 47 183 48 33 178 17 199 73 62 240 155 200 24 122 204 154
    168 201 164 45 13 67 224 120 19 150 38 183 166 100 111 223 56 219
    186 20 140 116 134 29 216 215 224 136 218 134 10 199 230 71 241 188
    55 60 216 242 70 37 125 236 59 34 5 138 180 241 72 218 218 50 117 29
    17 1 145 0 43 114 211 240 157 179 138 238 239 50 12 42 194 216 78 84
    49 184 107 57 235 102 64 4 87 120 212 69 152 201 94 206 209 198 200
    215 159 131 72 64 181 143 28 203 75 198 145 238 192 181 203 234 196
    163 214 148 178 172 162 226 1 94 70 67 13 196 30 205 235 130 116 1 8
    150 235 195 96 47 154 111 221 181 244 98 166 145 127 197 43 115 30
    20 148 156 211 78 161 212 191 229 139 21 200 192 129 81 37 188 187
    162 170 137 60 105 16 72 62 180 153 180 73 194 216 47 40 112 178 232
    161 174 149 160 224 143 166 251 226 2 254 65 142 45 175 104 98 27
    102 219 145 151 53 33 51 60 37 159 220 54 125 246 164 178 146 71 186
    187 50 76 30 25 194 64 255 152 145 31 29 168 103 119 100 165 207 85
    120 29 120 174 53 246 212 23 173 172 194 225 230 218 16 72 131 252
    213 222 52 178 33 199 133 139 29 226 41 213 240 48 131 202 50 20 210
    254 254 91 179 94 197 109 49 186 151 172 177 154 111 31 102 54 27
    148 120 120 175 160 97 37 152 151 215 190 22 137 179 134 154 248 128
    118 29 139 178 97 141 238 210 163 2 0 238 163 118 173 167 0 156 143
    162 125 167 137 233 61 65 140 72 221 80 47 27 107 117 219 160 173
    136 172 206 190 171 39 162 62 128 35 201 75 145 123 210 183 223 132
    46 190 84 217 85 216 6 33 126 58 152 87 245 209 27 19 139 249 238
    250 61 77 7 92 4 63 128 120 98 222 154 8 14 169 4 89 108 45 89 122
    147 24 243 103 6 126 209 252 20 123 50 28 59 22 167 62 223 145 252
    203 154 80 233 206 102 227 253 26 137 149 154 203 145 117 193 90 86
    213 36 136 249 121 28 184 33 115 148 244 175 110 250 245 133 94 211
    38 55 163 17 75 193 5 254 88 9 137 112 97 222 243 230 26 209 133 115
    207 167 114 200 71 216 86 111 26 156 225 178 251 217 139 66 193 110
    254 40 223 235 203 120 122 21 208 207 46 122 152 132 53 153 11 144
    65 6 83 169 138 72 87 198 99 142 158 174 90 131 244 213 7 198 211 22
    120 74 13 29 122 31 252 239 106 122 55 235 133 112 79 93 112 208 112
    202 7 132 15 175 71 71 178 224 56 158 194 180 10 46 118 92 126 245
    42 4 97 178 72 154 203 32 188 5 80 105 153 73 105 184 247 163 89 166
    51 149 133 126 64 148 199 90 220 70 145 176 114 170 63 252 40 51 173
    134 240 153 0 137 169 245 54 122 225 116 151 184 148 20 0 250 177
    119 98 239 150 26 31 77 168 181 139 205 207 74 214 205 247 53 144
    161 125 48 228 107 40 241 24 25 111 169 179 33 206 235 49 30 112 68
    132 52 199 210 121 168 240 83 43 139 185 210 150 252 11 53 221 203
    103 250 204 44 184 98 225 49 139 173 180 210 211 57 191 167 87 15 21
    240 95 7 213 54 163 223 92 71 38 184 101 218 152 135 189 68 219 177
    7 109 38 68 162 107 219 206 197 243 37 158 253 124 211 120 143 165
    55 245 117 144 142 212 132 131 4 66 107 236 163 94 61 85 46 45 94 39
    143 28 33 246 194 101 180 32 157 4 209 243 194 192 76 181 207 104
    183 15 218 99 114 141 68 198 248 148 66 225 73 58 129 53 179 200 253
    250 245 127 118 242 141 190 203 20 111 205 119 2 31 122 155 151 169
    109 82 36 210 203 59 147 198 4 15 156 220 35 239 114 74 171 174 130
    242 110 186 237 238 124 119 158 160 99 20 155 253 193 93 15 105 145
    83 71 12 235 60 170 126 112 101 242 121 73 142 22 114 243 205 31 96
    5 30 82 147 185 183 66 27 131 191 10 219 16 134 39 218 137 18 188 32
    90 2 199 29 108 50 147 3 254 229 179 53 96 177 241 87 154 160 188
    193 89 190 167 142 110 142 239 60 43 237 215 44 48 13 211 129 30 92
    164 154 28 205 81 211 155 90 93 19 164 12 192 28 166 37 135 115 29
    213 145 246 142 17 71 1 72 237 156 89 206 70 217 85 51 164 118 180
    68 225 238 17 189 182 45 19 86 21 91 143 14 32 146 117 23 102 144 24
    102 141 202 166 236 239 131 140 146 40 193 207 245 166 108 196 200
    212 144 232 72 140 163 243 143 54 225 234 253 49 89 38 8 32 216 70
    135 63 252 31 230 153 87 123 250 61 142 128 33 129 167 239 17 111 67
    95 178 133 42 130 0 249 139 58 87 38 252 47 183 60 220 82 232 74 166
    207 34 132 232 234 38 210 232 85 151 81 130 207 3 102 28 48 130 197
    133 168 129 105 64 10 126 83 123 225 242 236 13 38 235 36 98 121 223
    59 216 148 150 181 47 169 168 110 86 159 171 102 147 69 203 82 14 63
    149 194 0 76 242 181 23 187 139 63 139 250 231 135 165 163 199 146
    211 148 122 145 176 39 154 172 127 98 193 44 31 9 70 117 137 196 74
    28 203 138 92 140 171 92 174 48 54 39 215 82 160 97 16 150 59 161 25
    137 247 35 100 171 48 179 141 18 171 2 216 196 81 25 139 155 15 80
    10 80 133 49 227 239 65 45 95 144 58 101 214 117 98 85 203 40 62 27
    89 159 245 30 213 154 137 187 28 8 177 26 129 226 204 85 202 215 57
    101 238 69 159 112 189 222 254 37 229 248 208 97 37 152 157 223 212
    233 243 85 247 39 248 114 115 167 72 230 193 225 97 36 186 219 238
    171 33 88 91 124 114 43 127 125 107 16 106 174 29 74 133 0 158 11 35
    143 249 206 63 17 251 196 156 11 176 216 203 198 197 69 85 119 175
    155 145 103 148 233 173 166 128 15 250 3 144 218 228 77 184 116 193
    216 95 180 130 140 63 221 109 70 185 106 156 63 216 148 52 185 237
    159 116 176 10 178 82 165 73 126 167 155 163 53 169 70 37 238 103
    228 98 7 200 212 120 108 70 73 99 27 145 216 160 184 173 127 70 72
    145 108 189 204 169 129 39 182 153 158 208 203 199 188 197 147 155
    229 87 64 196 14 116 145 190 50 9 248 224 255 169 88 33 242 61 29 79
    220 39 253 52 104 141 41 52 122 27 73 219 40 108 22 252 1 208 48 183
    220 166 11 37 252 61 196 213 176 85 147 194 234 114 127 249 175 227
    175 188 12 208 237 229 82 225 171 124 58 211 254 24 20 15 207 41 202
    95 20 227 160 204 23 43 233 212 163 26 221 37 221 172 131 64 128 201
    24 56 211 231 243 155 63 142 128 21 102 209 195 46 190 124 148 250
    142 160 37 38 224 19 127 16 79 76 196 210 254 184 157 132 177 205
    151 143 63 29 162 231 162 30 100 131 43 63 62 52 212 158 218 207 1
    109 203 82 30 230 231 123 221 40 184 134 144 100 137 25 167 96 85
    227 162 199 146 143 235 113 64 76 62 18 161 34 36 0 140 123 29 138
    246 1 133 211 251 247 108 4 69 250 9 76 117 30 114 71 228 237 195 12
    35 181 10 245 250 147 117 62 173 129 246 112 54 86 235 123 25 6 93
    206 89 146 79 57 29 89 184 6 170 248 95 203 239 180 67 247 134 210
    165 171 214 219 164 99 133 124 145 181 72 173 49 56 125 130 189 124
    183 121 30 148 116 255 65 71 63 9 140 27 190 77 166 206 127 254 7
    175 37 84 96 95 172 173 35 49 215 59 95 113 111 54 108 115 154 97
    136 182 8 199 229 131 11 47 235 110 209 88 253 3 135 151 60 224 52
    139 14 71 124 196 164 225 196 79 215 71 216 102 77 110 126 235 157
    18 70 56 53 59 239 220 30 160 218 69 224 80 22 148 177 223 2 149 11
    121 199 2 125 169 206 65 79 227 18 78 152 237 229 18 255 176 250 171
    6 243 81 83 237 64 110 55 23 53 137 176 95 128 77 131 52 98 61 100
    67 137 127 177 163 142 193 81 101 27 245 185 99 225 77 242 170 148
    228 168 228 253 56 47 133 88 76 225 114 203 188 33 40 199 148 175 42
    127 99 72 29 208 169 243 208 167 114 197 202 212 216 197 16 100 240
    97 171 35 225 169 170 166 164 129 82 107 116 21 86 130 242 50 71 113
    216 61 109 109 35 248 47 107 127 38 143 31 158 160 172 128 231 221
    87 126 226 23 223 202 76 188 21 126 126 25 25 16 119 255 28 38 192
    76 210 233 220 198 26 126 40 120 212 58 150 83 229 66 79 171 62 103
    96 247 1 54 18 16 124 35 186 221 220 245 23 144 142 231 42 93 94 217
    229 82 152 121 132 8 38 185 253 12 45 95 31 9 150 33 180 141 79 248
    200 206 197 214 186 248 179 118 91 115 66 114 185 111 181 39 137 146
    158 220 152 77 21 223 68 14 47 34 96 186 106 195 96 116 4 231 42 115
    77 32 218 65 235 29 164 231 160 169 171 200 60 216 77 216 140 162 5
    167 201 117 73 38 83 37 217 61 61 51 120 32 232 67 127 176 215 218
    207 177 200 174 207 33 194 142 89 18 23 42 60 140 85 215 20 116 39
    74 254 117 42 233 197 106 180 232 167 56 236 220 98 49 228 149 80 94
    92 7 29 204 30 73 20 126 105 30 98 153 180 169 177 157 250 68 154
    149 229 135 36 67 156 91 104 154 181 235 0 80 60 136 118 106 221 57
    169 243 247 233 156 178 157 237 172 112 129 59 124 133 96 162 223 75
    156 222 152 233 200 116 6 112 117 214 39 63 162 157 234 106 82 9 60
    224 2 213 206 28 162 198 99 81 186 232 131 177 187 212 217 182 229
    93 239 143 96 134 84 213 77 230 119 162 132 122 144 202 159 54 14
    109 210 189 60 255 206 101 54 6 161 174 178 220 180 81 40 176 142
    139 123 202 197 10 144 66 161 108 159 144 236 134 103 65 163 201 138
    247 218 101 239 29 198 6 111 240 230 41 182 235 226 171 18 176 112
    242 99 58 154 119 246 194 16 130 102 197 145 78 76 153 66 83 120 12
    199 167 203 6 222 41 231 35 244 117 113 48 222 203 232 78 154 185
    138 134 84 221 156 16 70 213 219 169 45 122 102 2 46 50 10 7 78 158
    115 35 228 247 193 164 110 163 237 117 234 159 82 233 145 38 3 142
    46 101 250 155 224 244 240 236 187 97 125 74 126 58 122 128 70 235
    162 6 47 123 41 118 107 117 66 135 111 104 235 251 196 224 15 159 56
    1 17 127 96 120 41 177 70 195 3 16 24 189 175 158 59 71 109 1 33 35
    55 154 189 89 62 247 164 49 50 136 86 251 69 194 126 108 42 85 201
    220 2 59 88 138 139 201 219 209 212 90 227 248 205 105 174 42 61 73
    135 176 80 251 1 126 169 133 34 180 76 178 209 134 47 249 120 13 255
    143 195 128 87 196 36 45 214 165 163 17 20 8 247 68 136 243 204 167
    156 126 135 193 94 94 93 224 138 55 241 227 150 138 110 100 54 138
    221 243 108 60 200 231 249 31 63 232 53 233 222 114 110 67 38 78 132
    143 8 113 33 18 26 55 40 192 194 23 220 223 49 125 221 94 179 123 52
    124 123 28 238 90 155 70 7 69 108 226 232 98 29 192 44 136 14 209 23
    95 90 166 69 115 176 235 105 236 195 72 96 34 120 102 36 73 44 50
    234 135 61 89 78 32 52 155 97 33 67 18 245 189 231 113 126 184 131
    58 10 163 244 30 44 84 207 216 215 245 126 26 215 71 47 188 13 129
    59 178 138 119 234 9 2 208 46 215 107 126 96 172 116 242 167 161 111
    125 6 245 21 141 214 23 186 150 182 228 246 144 79 234 10 79 126 198
    13 13 45 160 244 11 125 60 59 33 225 164 15 59 210 16 248 6 161 165
    37 1 84 197 230 91 113 242 27 198 235 123 198 6 145 216 157 236 45
    126 43 19 241 212 4 28 197 101 111 232 2 199 91 39 1 4 111 210 164
    50 76 65 4 13 251 38 59 10 37 239 198 18 185 124 71 102 30 200 194
    159 40 255 143 67 43 176 16 121 112 188 224 114 251 208 156 186 26
    99 28 244 64 12 203 203 238 43 35 108 250 234 141 248 208 180 204 3
    216 134 34 64 115 12 86 78 110 73 171 12 215 41 31 170 150 217 151
    82 224 209 245 115 220 96 251 141 68 182 221 40 72 24 144 154 193
    177 93 164 81 113 199 243 2 55 239 160 63 126 129 49 226 225 113 184
    38 237 108 245 176 243 44 149 94 223 76 156 133 143 44 110 248 53
    138 74 80 118 35 79 66 232 27 180 137 139 228 56 230 15 66 88 106 14
    128 239 241 103 63 114 140 157 58 240 247 1 117 225 162 220 17 187
    64 113 132 77 2 204 31 211 95 61 204 250 216 54 210 182 46 161 199
    33 100 255 187 112 63 103 121 245 191 110 126 103 83 148 207 38 175
    255 64 23 160 93 30 165 239 65 81 82 99 77 155 5 150 104 46 138 55
    238 155 106 88 191 190 228 211 245 123 113 11 160 166 35 252 176 39
    77 175 156 148 45 232 89 72 162 14 124 227 93 59 136 172 88 202 194
    252 56 161 210 230 238 61 118 90 157 168 248 239 57 63 71 119 154
    209 246 229 241 75 67 167 44 54 78 150 143 189 7 181 118 176 141 208
    47 217 92 93 86 143 107 82 186 235 84 193 122 190 44 231 209 193 232
    32 35 251 166 86 36 250 42 203 79 233 76 81 150 154 175 162 66 175
    100 237 124 196 181 228 62 242 205 154 251 39 196 59 13 120 2 198
    162 138 173 13 215 123 69 115 179 124 199 46 168 242 216 128 142 72
    5 147 219 209 39 177 5 105 44 173 212 121 94 76 242 164 231 135 69
    118 114 53 18 92 250 208 31 173 164 71 221 7 169 232 150 10 129 193
    21 199 169 66 178 209 110 84 99 1 223 114 242 153 124 75 30 20 89
    228 44 201 215 170 120 181 124 30 198 214 63 249 4 82 215 52 91 79
    208 85 113 247 117 203 192 105 82 65 244 9 170 55 136 194 225 0 86
    179 126 44 182 47 82 47 60 1 153 218 24 150 27 81 91 126 1 218 32
    239 247 166 93 36 112 19 230 233 61 205 84 136 82 104 130 155 164
    177 209 33 185 50 12 152 1 10 106 124 0 62 179 223 235 243 159 200
    229 111 85 57 57 143 131 107 213 153 38 194 9 115 172 30 253 112 181
    166 161 232 201 177 228 101 33 224 188 197 56 75 251 70 75 135 111
    118 26 78 247 249 88 121 28 66 170 61 23 167 199 26 179 160 223 227
    90 139 230 111 98 79 4 223 218 11 127 70 194 41 117 213 153 47 212
    32 216 97 87 20 120 9 62 10 217 118 87 12 225 49 182 207 56 191 190
    220 179 14 154 123 148 61 208 67 193 124 58 45 173 8 201 79 129 25
    164 194 200 99 99 156 52 104 111 150 168 47 25 146 32 1 163 126 35
    254 89 208 144 186 53 222 146 190 185 168 160 249 92 153 218 87 40 4
    142 199 234 38 49 210 81 0 17 61 71 255 139 77 228 4 225 0 169 47
    253 108 14 108 195 158 48 229 141 87 17 36 241 203 123 31 116 229
    252 229 190 139 176 190 234 223 183 11 189 123 70 20 22 244 122 163
    235 87 69 100 36 231 17 165 111 244 45 130 133 176 181 42 170 20 84
    181 225 34 135 136 166 185 249 212 89 42 203 232 44 186 189 27 198
    93 197 158 84 237 143 207 138 67 9 38 6 212 183 41 169 254 136 218
    96 183 224 15 182 28 60 122 51 33 163 117 227 132 75 184 175 34 71
    117 116 210 248 218 2 8 97 99 231 89 184 36 28 115 47 2 195 1 222 6
    167 252 117 120 133 56 18 81 151 196 28 108 128 204 236 80 90 32 172
    120 53 129 219 187 116 43 154 210 101 183 138 160 117 184 107 176
    123 149 3 229 66 113 75 241 222 31 17 71 79 237 156 55 171 1 66 15
    181 252 59 102 213 150 104 200 113 176 248 31 206 136 24 18 140 215
    143 139 9 207 249 208 141 120 95 247 101 251 177 162 237 157 232 212
    138 134 64 89 255 175 248 10 181 24 20 72 3 152 133 13 226 105 163
    199 50 77 15 10 250 22 89 128 53 228 164 88 232 126 50 56 3 93 26 10
    58 160 59 153 196 186 92 179 212 203 172 72 108 48 173 224 81 12 139
    145 157 54 0 207 151 150 230 64 241 188 34 213 39 8 171 248 144 211
    28 115 209 53 132 38 191 90 9 200 8 6 208 240 233 235 103 216 77 120
    38 84 216 187 211 46 1 249 171 129 60 211 170 254 13 41 223 155 180
    44 191 12 6 35 52 101 133 11 107 152 27 115 129 105 134 96 4 62 107
    30 201 20 194 41 23 247 148 162 243 230 134 52 107 143 10 20 111 172
    36 4 160 218 221 98 236 247 154 121 219 89 225 176 233 111 94 201 9
    149 212 80 233 165 108 134 17 138 32 31 34 129 51 193 33 108 128 76
    206 183 77 246 255 49 255 194 111 215 230 146 3 216 188 75 118 153
    26 156 165 82 222 191 12 117 160 62 121 24 139 167 213 178 103 208
    19 151 24 59 34 79 39 49 153 177 207 193 83 91 28 0 98 219 202 149
    82 247 252 57 154 250 245 245 75 195 166 207 99 211 1 64 111 130 139
    235 84 163 70 6 25 86 1 6 4 4 150 46 55 124 56 184 250 251 243 16 69
    219 35 233 102 206 157 215 107 248 41 240 97 88 32 56 176 22 52 84
    43 46 140 186 13 190 144 213 230 112 63 99 87 116 214 208 199 56 5
    97 12 163 165 90 75 23 143 182 182 209 244 50 132 101 123 71 71 204
    249 143 35 173 139 140 111 240 163 144 207 109 253 71 79 248 144 235
    174 149 240 44 40 231 136 21 41 177 41 151 142 187 28 109 233 14 47
    170 20 138 192 165 165 218 222 238 183 233 152 202 55 239 6 192 146
    233 198 25 113 217 60 147 156 69 69 92 173 115 203 52 240 95 187 38
    238 185 173 72 85 105 209 124 79 71 79 102 243 27 39 53 170 50 89
    223 231 196 116 147 118 188 35 0 37 160 78 19 222 55 62 106 161 251
    99 24 211 171 220 233 12 53 165 65 180 100 179 4 122 215 231 246 73
    140 247 136 43 113 80 66 126 198 78 185 1 212 38 221 103 221 113 127
    132 218 222 29 248 113 71 123 198 164 220 218 106 190 156 180 188 94
    20 12 66 248 214 120 10 242 91 238 138 126 213 147 181 102 96 17 100
    111 98 35 218 182 97 205 86 145 125 33 0 115 111 185 167 109 77 197
    24 191 88 30 141 155 153 135 54 23 72 176 15 44 147 77 3 2 108 252 7
    5 246 82 117 9 14 91 21 125 114 248 169 38 79 115 17 75 142 73 53
    188 150 71 68 232 10 7 198 30 103 204 38 21 124 70 192 7 151 135 203
    53 127 224 15 125 54 95 219 129 225 242 243 31 64 43 192 209 47 173
    247 69 44 10 157 117 131 172 190 183 30 167 115 184 77 87 181 208
    185 229 168 14 44 222 89 110 128 241 120 107 9 81 160 209 165 107 8
    65 128 57 215 236 131 1 53 225 105 220 143 120 189 83 21 40 244 147
    163 248 104 185 133 232 214 125 160 29 215 202 19 98 67 225 218 203
    238 42 66 82 64 59 112 179 50 136 208 77 100 207 31 81 69 14 131 173
    209 36 73 31 94 47 201 177 113 206 165 149 151 174 133 233 150 228 3
    162 60 67 234 72 109 183 6 186 64 80 186 223 208 115 116 62 70 217
    121 82 192 213 146 220 224 15 160 80 74 27 105 202 218 180 13 67 32
    79 103 97 196 88 136 123 106 118 87 164 122 74 22 138 149 130 15 39
    225 129 173 134 56 200 64 112 207 232 86 120 107 178 56 143 168 86
    61 138 196 189 34 189 46 220 7 236 90 224 46 185 16 160 159 167 37
    180 165 222 163 124 202 150 204 142 32 158 225 246 235 26 80 89 102
    160 198 174 84 109 127 67 42 115 105 219 6 230 113 162 164 183 56 26
    22 123 215 136 15 193 219 96 203 248 161 83 130 23 108 39 80 207 103
    97 192 130 36 158 144 10 178 215 116 160 212 249 6 3 17 170 167 71
    147 185 111 248 121 67 202 65 28 45 175 141 176 210 249 192 127 19
    241 8 52 172 87 35 181 151 124 18 36 155 89 183 47 66 72 240 28 247
    199 215 243 249 68 155 146 225 102 121 227 137 191 16 173 229 100 6
    244 146 147 114 85 109 215 27 83 121 184 20 242 108 140 132 102 174
    67 207 92 29 185 128 98 156 54 192 160 53 141 137 140 119 5 232 98
    170 72 190 191 76 215 71 5 95 157 180 82 1 202 105 219 239 185 178
    121 242 127 120 253 164 219 192 226 17 127 160 83 161 131 122 238 60
    151 103 95 69 216 141 8 156 27 172 157 210 239 21 171 77 89 45 56
    236 224 40 243 159 228 33 127 60 58 169 73 89 202 45 66 9 128 95 150
    63 58 162 72 44 99 47 130 43 8 119 183 199 22 162 91 245 149 5 88
    250 80 92 49 119 12 205 19 233 40 251 154 76 63 44 11 94 140 50 86
    52 119 57 144 204 19 186 228 98 11 252 239 73 61 42 115 192 54 8 139
    210 210 107 132 13 212 61 183 129 141 7 89 146 174 116 226 22 164 84
    180 76 6 198 83 134 72 190 181 122 59 177 169 41 215 47 174 124 248
    183 157 113 34 181 61 109 81 37 0 19 22 156 77 221 101 115 59 116
    222 139 103 156 15 176 122 19 19 183 60 168 7 45 188 149 167 240 160
    30 98 90 166 1 107 236 68 177 80 45 13 108 178 94 160 163 229 13 120
    143 115 249 22 234 0 11 202 93 223 165 37 100 96 171 113 173 114 22
    116 73 140 6 118 97 51 11 211 246 21 161 162 201 24 250 41 176 4 134
    202 172 235 16 141 151 178 132 113 242 176 51 132 9 40 21 145 162
    218 184 235 114 155 83 252 240 153 4 198 40 76 117 218 110 238 229
    34 117 147 25 89 163 100 168 34 251 205 2 124 37 211 36 232 167 250
    115 149 241 134 172 8 153 212 40 77 132 193 223 95 2 68 226 16 180
    238 153 50 33 79 254 175 253 128 185 218 53 209 13 201 76 136 150
    218 210 225 65 174 218 251 140 31 233 28 136 148 252 159 110 100 207
    86 61 195 38 122 76 159 53 59 231 104 218 86 114 9 93 173 109 139
    144 215 95 167 128 225 191 173 42 153 129 30 137 33 30 89 109 100
    113 56 163 84 130 179 101 42 171 92 117 107 2 197 157 52 78 197 11
    229 20 189 250 208 109 60 242 230 251 40 78 244 77 132 159 226 117
    39 64 158 171 110 81 231 234 200 132 4 226 128 200 136 228 47 172
    141 5 38 255 76 198 77 72 106 37 217 74 91 179 38 17 50 23 217 54
    221 250 98 78 191 38 116 96 43 172 137 140 29 194 18 31 44 247 55
    221 103 137 187 218 211 48 84 128 32 87 52 210 234 28 14 97 191 95
    40 217 126 78 185 14 160 172 46 112 151 199 59 248 3 47 119 163 55
    95 74 228 67 236 198 2 123 182 0 243 182 22 143 215 18 33 206 147 80
    62 77 225 18 168 33 17 62 36 56 86 39 61 20 32 206 52 165 60 174 70
    173 239 17 28 187 142 128 224 195 55 117 223 96 183 213 137 17 44
    148 1 59 118 172 50 18 94 130 238 72 65 10 131 76 190 166 205 110 52
    225 119 62 10 145 4 4 58 34 78 138 115 47 117 62 98 67 88 93 204 132
    48 137 20 178 248 199 113 169 137 180 126 193 160 54 203 88 47 170
    18 59 30 172 54 70 124 8 93 135 51 162 132 190 121 179 184 145 52
    119 37 58 186 198 170 5 118 98 174 147 88 82 108 197 222 191 240 172
    122 42 174 226 202 226 244 128 153 211 203 24 214 152 126 146 25 83
    194 178 221 211 239 90 29 65 8 53 148 155 210 185 104 112 61 145 127
    165 168 140 42 15 175 5 227 9 112 223 214 42 147 106 243 74 166 198
    112 219 160 82 194 42 87 176 182 251 206 94 52 82 55 172 126 79 175
    21 204 16 153 235 130 191 180 60 42 95 147 58 34 23 195 157 114 82
    188 117 232 92 71 192 211 239 250 42 50 181 237 223 170 38 87 221 77
    250 86 102 139 201 199 169 232 57 49 137 40 144 12 10 218 193 30 255
    37 137 143 202 129 161 36 251 150 102 15 117 126 175 185 9 98 124
    164 225 75 12 19 2 51 179 195 251 100 176 129 7 17 124 7 175 93 234
    187 194 96 181 150 181 95 120 125 191 194 102 235 87 38 250 148 123
    14 207 3 3 121 46 129 147 106 11 184 98 4 27 186 21 179 86 110 183
    94 71 245 168 199 114 48 198 163 227 23 37 40 239 67 93 81 35 244
    168 165 155 145 134 26 59 82 90 177 189 245 145 89 226 25 58 47 118
    252 192 245 64 121 1 218 163 74 2 219 136 91 120 138 233 157 241 14
    247 39 31 32 222 216 242 121 123 117 34 59 214 155 77 42 135 222 77
    141 180 142 87 86 111 155 237 66 136 50 111 156 65 82 65 141 96 206
    13 149 40 113 243 123 141 43 167 37 254 192 68 230 209 8 87 72 33
    202 137 254 60 226 209 54 138 140 72 18 107 193 77 64 65 190 229 231
    236 208 230 239 199 104 195 140 200 13 195 138 221 9 171 134 171 42
    113 115 109 213 151 240 26 180 60 171 55 192 185 149 207 251 44 234
    238 231 68 156 231 168 9 71 31 96 20 115 178 176 123 84 155 248 143
    125 90 101 213 60 92 83 112 129 212 159 65 93 193 23 16 56 154 58
    190 148 173 80 91 50 227 42 148 74 250 99 17 221 160 150 47 111 232
    87 219 166 181 200 121 37 195 163 184 237 133 16 223 9 63 207 90 117
    46 255 196 197 80 201 127 182 82 156 79 86 71 204 182 193 49 238 78
    163 188 77 26 185 178 163 183 70 88 139 199 51 146 226 233 255 212
    112 229 213 85 85 238 49 215 111 165 69 9 195 10 177 90 156 152 14
    153 44 65 236 165 93 153 174 22 26 233 233 222 84 235 172 205 230
    120 152 9 22 28 194 174 55 176 41 39 188 119 198 245 118 118 76 23
    135 97 43 224 221 219 57 103 131 149 13 117 73 28 176 234 81 122 74
    101 179 209 185 55 1 165 160 110 121 164 94 59 232 59 91 8 168 113
    101 83 72 220 92 61 37 95 103 149 111 45 113 77 191 213 47 18 74 7
    161 34 196 190 244 44 190 209 37 91 217 229 240 8 60 26 22 163 192
    207 113 136 114 40 47 22 130 180 217 2 115 128 208 190 9 25 226 28
    235 176 195 42 64 249 230 166 151 166 161 87 197 251 190 216 195 80
    72 117 95 63 58 38 31 79 228 22 186 248 54 213 244 124 78 18 128 73
    49 0 115 240 153 57 230 168 124 92 22 239 164 106 240 130 0 115 214
    28 34 209 210 218 170 52 113 150 198 53 210 33 209 150 158 58 19 187
    191 84 141 205 90 31 181 71 235 214 172 134 222 125 59 235 130 141
    58 190 168 173 28 186 167 147 22 145 208 54 142 56 218 95 162 190
    126 210 230 58 125 115 73 38 100 11 105 163 172 192 62 212 210 67
    192 55 105 52 60 118 176 182 133 186 52 204 214 230 19 206 7 107 187
    163 133 49 69 198 88 120 91 39 37 219 8 135 196 57 93 159 95 17 41
    225 68 48 61 150 179 183 33 35 239 223 24 152 47 137 116 85 188 74
    169 69 251 172 165 7 209 18 176 91 120 243 0 205 183 48 162 227 141
    90 1 169 174 140 130 221 60 241 53 246 115 241 246 206 183 31 19 87
    229 122 190 170 16 114 194 191 156 114 55 231 161 167 212 135 106
    198 247 163 106 98 54 65 196 119 69 27 156 78 128 134 195 114 63 114
    97 126 70 168 199 51 73 86 167 239 8 215 20 57 204 240 85 221 126
    158 8 251 248 249 68 11 120 45 211 212 46 203 74 118 38 0 50 234 124
    114 18 200 229 217 156 34 204 122 194 59 12 53 218 132 104 233 240
    122 140 158 24 169 110 40 242 59 94 214 35 36 160 40 144 80 184 32
    195 7 48 9 174 94 152 223 176 202 75 142 152 243 122 24 255 243 101
    61 172 80 213 254 238 162 101 40 136 38 170 129 203 143 48 64 75 15
    51 210 3 138 156 158 209 15 15 102 192 92 242 197 3 188 141 171 49
    78 239 111 77 201 0 71 244 46 95 162 52 137 198 89 194 225 16 10 22
    103 195 193 156 97 172 218 1 106 196 21 159 170 246 176 169 209 218
    103 14 82 210 169 175 80 26 30 201 159 249 97 35 235 50 132 126 205
    138 255 98 208 23 203 235 198 111 84 124 1 17 231 184 51 162 105 52
    221 175 180 235 9 165 71 167 95 84 103 119 240 219 65 13 188 17 122
    16 191 122 191 99 14 254 237 62 43 136 183 244 181 21 111 240 210 59
    149 246 150 177 203 105 239 145 169 218 110 166 119 246 254 115 37
    63 243 177 212 125 130 215 40 155 125 229 242 77 188 73 117 34 152
    48 243 68 144 213 28 20 57 177 3 65 254 224 53 224 170 176 170 69
    154 90 62 190 30 179 27 178 125 153 168 39 219 88 41 75 21 80 84 25
    39 234 80 238 166 45 223 25 110 95 82 68 116 224 71 171 174 87 104
    91 48 193 229 181 219 210 34 88 158 138 47 165 27 19 208 88 242 36
    88 107 135 151 104 37 73 24 0 99 219 195 162 189 103 242 254 20 46
    239 240 144 125 79 150 86 244 188 236 182 6 203 84 230 79 226 175 65
    190 144 47 174 91 200 73 33 222 57 171 244 205 212 250 51 220 11 205
    235 149 103 36 191 254 176 206 69 45 188 97 0 24 69 91 250 110 193
    143 84 140 128 67 2 243 92 205 197 130 142 246 110 47 195 139 112
    127 32 28 110 251 164 14 162 206 5 235 42 44 52 69 43 201 91 83 20
    42 18 45 128 239 188 212 171 156 52 124 126 244 4 55 178 255 49 196
    79 63 254 145 255 9 28 225 87 116 73 174 18 23 144 250 233 44 253 72
    217 124 146 122 135 33 47 168 176 198 227 74 5 32 35 11 180 98 155 6
    1 64 86 14 116 13 198 168 78 125 99 236 28 182 51 191 107 218 144 77
    76 89 222 45 56 105 35 172 40 134 85 188 205 162 253 216 225 30 242
    238 222 167 48 91 157 32 41 168 2 180 72 240 217 72 3 96 182 176 181
    19 163 61 84 50 229 85 90 177 219 251 231 8 156 244 85 222 157 210
    250 71 68 67 124 147 67 187 102 132 107 31 240 114 24 233 64 61 239
    118 10 139 209 30 158 130 191 151 91 212 194 79 237 149 71 115 200
    255 113 250 68 58 96 0 100 5 227 99 46 50 237 229 135 104 218 255 53
    1 36 213 16 122 5 220 29 156 10 15 218 24 72 9 47 71 169 154 62 25
    181 150 223 62 18 200 9 115 12 242 38 48 51 14 162 145 176 237 16
    113 218 101 29 130 175 173 211 33 20 40 173 242 55 189 252 206 120
    126 232 150 68 112 61 246 197 70 227 115 214 111 130 156 175 254 98
    212 211 188 49 97 127 118 216 181 186 253 200 95 174 144 21 201 29
    94 127 185 100 146 128 132 48 181 31 128 152 0 156 219 213 62 249
    201 63 84 105 234 206 30 14 107 69 242 120 172 110 85 53 97 124 191
    112 169 86 43 60 214 40 33 149 65 60 25 61 244 137 229 129 192 82
    156 101 226 2 82 71 198 27 120 136 77 195 81 178 68 141 1 194 246 44
    88 126 230 109 128 37 31 241 162 119 202 27 155 50 220 172 135 240
    67 159 92 184 132 31 241 7 144 167 222 226 145 201 162 187 141 209
    253 54 110 223 154 45 10 197 217 109 152 227 99 219 232 213 216 223
    0 42 8 210 47 32 161 139 202 88 250 2 190 63 58 255 50 58 146 65 199
    59 5 214 129 47 225 31 9 206 115 204 31 146 84 80 103 129 179 155
    120 180 76 110 117 231 77 57 243 231 77 22 15 177 28 180 22 182 233
    81 32 3 158 98 218 47 176 9 149 170 170 217 72 93 178 220 69 183 213
    32 87 71 55 182 61 153 255 116 151 62 244 232 131 107 92 174 251 38
    83 204 40 75 44 140 214 140 198 159 76 224 207 134 20 15 128 21 98
    21 124 245 68 29 21 219 224 109 237 186 14 158 86 253 188 225 55 143
    201 40 105 215 177 235 57 97 164 221 218 123 154 67 231 67 130 227
    45 97 192 2 157 185 201 223 174 3 247 136 212 67 231 48 160 215 64
    238 202 113 183 161 232 94 235 217 1 46 207 64 54 40 115 196 188 52
    47 169 163 246 0 182 134 74 151 185 208 186 50 153 90 64 98 199 62
    101 110 99 20 123 17 79 127 27 159 227 21 179 198 132 172 156 233 77
    121 0 204 17 35 106 123 55 234 182 188 252 203 238 126 195 88 58 88
    26 164 174 61 127 213 60 218 198 232 1 219 245 161 114 55 69 38 199
    134 65 245 83 192 195 3 209 208 70 131 28 140 154 98 153 104 105 184
    227 98 214 76 123 108 78 217 22 132 203 245 81 114 43 242 76 206 48
    203 24 128 57 31 105 224 185 255 108 206 41 239 74 55 5 231 173 126
    183 61 251 26 193 3 143 41 152 218 178 236 216 39 58 157 201 245 93
    149 151 153 166 248 233 102 232 200 22 22 86 181 121 65 36 226 118
    165 91 223 114 54 230 13 182 76 178 64 227 214 229 184 22 237 173 35
    32 53 49 3 137 198 240 92 41 50 254 84 36 20 139 9 112 1 128 79 206
    118 95 127 178 254 117 254 208 205 108 43 88 202 200 226 101 23 220
    183 29 164 106 193 23 93 15 249 244 186 209 151 217 54 14 93 240 211
    99 108 2 228 198 255 1 9 198 56 99 93 126 244 74 214 119 133 11 241
    217 231 38 207 220 209 83 83 234 65 115 57 79 230 97 10 136 109 10
    177 136 72 77 177 122 93 55 21 165 153 68 26 214 178 70 74 63 180 14
    170 215 72 207 255 107 87 21 1 185 240 8 111 150 227 4 66 55 13 202
    53 94 222 142 5 2 24 222 116 206 125 215 81 44 171 23 127 73 185 79
    45 171 221 249 101 83 61 129 253 236 204 19 196 129 61 237 84 74 5
    240 232 182 173 252 58 107 93 184 246 119 106 220 205 247 222 80 178
    172 186 203 43 155 77 100 188 249 45 139 145 121 231 45 193 210 179
    56 8 122 137 195 171 26 132 204 96 196 43 9 56 105 153 98 191 111 91
    91 74 66 103 213 253 103 120 157 18 198 30 53 255 84 238 192 247 229
    113 218 71 40 65 47 24 117 108 144 70 173 63 212 187 170 197 234 242
    57 150 150 82 120 126 144 145 58 173 43 64 168 55 32 196 243 87 90
    207 54 46 135 212 195 140 131 12 224 124 167 182 84 10 24 175 34 94
    186 190 253 119 215 73 186 75 8 142 25 232 252 219 83 240 132 69 111
    245 225 129 195 130 120 166 60 147 54 175 20 235 67 240 161 43 100
    138 176 64 101 194 85 229 123 177 28 13 244 92 106 79 154 8 221 136
    246 151 222 109 73 21 184 153 89 231 237 144 222 216 185 101 104 173
    76 211 62 56 75 183 6 198 216 243 36 79 68 152 237 99 152 163 165
    110 147 21 11 68 203 140 63 20 226 150 222 237 177 222 75 132 226
    173 78 174 106 114 57 119 99 215 154 96 248 222 81 4 211 137 34 81
    16 93 195 221 7 95 60 236 76 150 224 148 71 61 174 44 62 72 88 141
    243 167 248 171 226 13 135 38 65 104 6 189 33 149 236 161 253 152 85
    51 56 25 202 118 82 70 53 114 83 167 165 65 169 133 90 164 220 78
    121 73 240 139 192 239 12 253 242 10 44 107 203 51 229 78 214 186
    221 134 118 161 21 155 89 34 27 251 54 29 162 143 53 124 107 193 213
    245 142 147 237 253 161 159 173 153 240 133 95 92 51 75 157 151 253
    17 90 3 25 118 194 14 222 93 171 18 165 142 240 55 198 3 69 59 195
    155 32 245 47 7 249 165 150 189 198 3 81 193 240 153 50 87 194 44 8
    23 229 97 237 87 58 1 210 65 137 54 55 155 175 217 201 205 77 25 166
    201 45 67 199 181 40 221 96 12 1 39 109 206 233 207 152 227 155 20
    227 166 32 35 176 108 169 13 44 163 6 111 253 230 111 188 138 200
    159 254 153 67 124 125 20 165 143 198 101 162 14 200 8 185 198 8 162
    8 73 60 225 171 145 177 114 103 253 195 129 54 38 56 112 7 95 24 78
    134 153 62 17 129 195 133 197 215 111 76 151 32 1 176 5 241 237 230
    34 5 104 220 182 8 90 233 243 16 104 57 94 162 180 242 233 184 165
    146 190 105 173 245 18 118 161 76 221 101 162 219 101 213 110 213
    143 25 177 99 41 132 246 2 132 68 128 17 0 69 221 8 182 73 76 246
    213 207 222 155 201 96 85 173 83 244 96 234 18 69 200 214 237 157 62
    41 141 3 31 25 222 137 71 153 118 128 26 189 18 232 99 36 213 133
    116 82 206 100 3 179 69 230 196 252 112 74 80 53 178 141 153 232 115
    90 76 250 136 90 209 217 143 18 96 114 20 197 87 139 167 210 121 177
    243 86 113 49 52 84 244 60 73 112 217 38 34 103 253 47 165 112 210
    85 72 147 236 122 237 181 35 156 182 96 70 189 139 106 89 80 170 245
    113 79 242 218 52 159 56 53 84 71 228 91 9 77 200 255 45 99 240 121
    162 166 218 177 189 57 24 233 108 51 65 115 75 245 11 225 97 73 140
    223 108 175 245 220 80 223 202 72 3 97 61 151 138 129 61 179 252 85
    30 237 208 198 67 245 159 77 168 29 97 232 142 78 225 249 19 154 119
    170 246 128 62 46 65 62 40 172 190 145 124 192 60 200 237 69 168 92
    37 209 28 65 114 111 246 89 88 122 235 236 217 209 103 4 155 229 90
    20 154 147 194 159 176 106 81 19 142 72 172 153 105 103 119 30 61
    152 131 29 188 192 145 183 160 5 29 52 217 190 177 86 59 100 175 129
    120 99 51 11 31 80 195 135 141 172 26 160 182 23 31 36 198 202 109
    48 85 142 117 51 131 200 131 6 215 29 212 169 152 150 13 80 191 51
    220 85 170 222 62 148 45 5 169 233 73 55 111 235 219 251 69 106 145
    144 84 242 142 130 168 54 220 98 225 125 175 183 45 189 197 92 244
    71 20 240 89 179 160 167 13 132 88 245 166 94 70 138 28 100 30 166
    153 37 225 134 180 53 19 112 11 55 156 232 138 195 198 31 38 239 232
    203 31 117 191 212 24 181 34 250 210 129 153 208 243 214 112 216 188
    186 157 47 21 231 134 193 245 188 249 30 128 187 201 93 127 109 237
    239 135 10 210 133 153 8 41 188 163 29 89 15 151 136 132 249 122 220
    10 244 59 247 171 31 251 107 127 169 226 183 55 191 93 253 68 217
    117 47 253 85 13 187 185 29 15 230 44 240 255 18 61 1 204 81 99 72
    226 142 234 254 131 30 59 10 225 50 139 164 219 205 103 201 193 82
    30 115 109 76 253 81 109 4 232 254 89 2 27 173 122 100 13 248 168 33
    68 112 41 173 143 180 104 107 136 95 6 79 141 90 209 55 50 206 134
    81 202 5 112 181 91 31 98 212 236 220 75 205 232 137 109 39 45 110
    200 93 145 149 190 7 1 78 233 162 212 250 8 200 73 34 128 1 113 204
    52 134 190 47 99 114 99 184 60 37 200 229 246 166 201 92 213 112 206
    224 150 26 24 20 241 178 34 208 224 131 89 33 41 237 115 41 74 24
    172 168 52 34 134 246 42 237 211 238 40 125 99 69 222 203 185 163 63
    96 4 190 5 167 169 115 6 191 181 202 136 197 155 118 132 145 131 0
    189 0 234 8 238 179 111 30 12 247 40 67 10 10 155 0 200 146 134 100
    237 107 211 215 117 32 205 185 166 196 165 187 74 153 140 88 201 167
    242 243 53 106 178 182 180 30 165 137 130 226 200 218 181 41 233 110
    148 103 240 239 121 158 107 160 14 73 240 2 158 62 165 47 55 13 103
    63 232 169 223 10 193 226 4 185 98 220 235 237 70 13 249 96 82 253
    205 20 223 226 57 158 219 205 12 130 203 252 111 114 209 251 51 35
    228 123 209 89 68 22 87 4 250 87 216 138 114 142 52 241 162 156 213
    195 146 103 175 167 198 238 188 12 28 87 13 197 212 105 115 119 47
    213 176 118 249 226 191 119 175 218 164 104 68 194 50 164 143 127 81
    31 204 28 238 72 183 184 2 195 219 182 75 175 156 193 171 5 176 164
    245 19 230 73 24 211 178 189 123 182 47 11 179 230 167 171 215 57
    172 219 157 143 118 89 137 143 211 156 68 152 61 82 113 6 26 249 229
    251 16 41 246 73 253 242 179 164 219 28 251 49 244 236 147 241 158
    65 237 132 149 200 201 17 52 54 5 240 226 27 54 44 122 247 67 92 51
    54 65 37 40 135 135 196 135 37 136 61 151 160 161 208 144 203 62 176
    175 223 236 141 173 226 186 100 167 94 41 31 20 68 255 171 182 47
    112 174 107 31 105 231 126 122 190 189 193 165 56 40 125 158 206 244
    245 93 32 183 169 49 73 16 112 254 59 147 204 48 24 33 46 95 203 214
    211 34 42 38 152 40 84 147 207 162 102 175 30 107 199 178 2 165 175
    48 23 172 135 12 208 211 184 197 18 63 120 223 223 110 64 240 219 99
    249 118 196 127 58 187 203 215 76 180 136 246 247 58 7 79 85 76 240
    155 204 108 117 114 97 138 20 223 93 3 46 29 12 59 79 179 87 191 45
    233 119 69 18 217 122 201 250 205 137 127 59 159 240 233 25 29 44 4
    244 212 251 124 49 114 72 17 138 81 63 188 135 3 186 168 172 75 102
    227 48 115 52 84 85 119 235 71 101 49 235 229 81 231 226 52 216 33
    53 20 212 194 154 29 246 17 40 103 227 22 194 94 9 10 84 176 242 91
    68 239 18 64 197 131 42 238 238 137 59 66 141 149 48 5 104 114 168
    163 231 9 115 117 159 108 223 233 141 65 193 190 50 112 99 204 208
    42 142 53 92 12 127 225 198 11 81 79 54 241 28 1 38 117 157 53 182
    149 226 161 22 11 135 78 72 135 245 241 42 101 198 189 185 245 214
    162 121 83 250 229 171 157 190 42 31 188 131 182 102 148 249 143 65
    13 58 42 108 21 1 224 174 75 218 57 122 194 213 182 47 147 174 18
    147 70 154 175 132 89 156 93 109 122 126 176 171 147 226 225 175 31
    48 28 10 87 62 229 213 221 227 70 171 48 104 177 21 84 183 31 62 68
    225 215 67 24 52 134 174 137 63 21 11 93 175 90 170 179 36 254 3 25
    176 93 133 158 188 200 2 107 64 254 184 97 12 224 17 85 27 205 14 94
    105 213 8 90 212 145 236 134 7 136 29 92 246 154 81 201 74 154 250
    55 250 139 227 132 144 199 211 191 159 138 5 20 229 30 115 169 88 23
    55 169 64 108 39 141 35 63 62 10 140 36 87 115 234 103 236 220 156
    135 218 191 104 88 154 86 112 224 218 77 130 11 227 190 124 9 207 82
    183 137 96 123 83 56 93 163 36 94 125 42 29 91 148 205 159 190 94 20
    133 142 230 39 15 212 154 182 211 80 112 224 107 245 164 48 243 87
    83 152 168 65 61 106 52 253 214 82 208 165 34 119 95 178 254 171 245
    196 213 151 150 195 152 16 3 85 193 190 155 148 66 27 201 68 49 67
    191 170 108 109 55 230 111 154 162 160 11 168 162 144 51 29 209 43
    197 63 68 184 101 26 76 75 206 212 184 104 122 88 58 201 235 158 17
    200 25 111 28 40 171 157 60 225 210 195 81 217 255 89 4 151 220 37
    119 149 70 42 225 237 142 39 79 38 241 124 2 78 9 63 223 94 46 171
    245 144 129 60 29 183 104 34 219 221 182 57 7 82 51 219 134 90 106
    152 33 89 179 0 32 3 101 221 0 106 181 123 137 208 196 233 139 128 2
    192 82 82 180 164 161 228 64 151 34 169 73 220 76 18 83 57 43 2 164
    83 7 98 106 25 24 33 229 90 234 236 76 166 192 56 90 148 71 42 252
    71 89 62 136 19 87 246 35 73 226 22 5 190 157 61 151 60 17 26 163
    212 3 28 100 126 197 232 173 65 94 141 218 108 96 156 7 223 152 232
    243 140 149 118 40 42 180 112 202 90 45 166 171 26 226 124 21 65 95
    42 157 159 40 83 4 184 9 126 243 173 42 40 233 99 245 195 168 76 131
    2 141 52 36 59 14 102 223 216 62 30 253 195 42 70 37 222 13 184 250
    201 152 84 150 147 20 251 218 187 211 183 176 190 10 110 21 37 188
    147 196 57 145 106 9 230 129 249 71 138 150 182 29 122 199 26 199 7
    54 6 134 34 15 239 119 12 241 133 77 92 87 180 57 16 241 164 233 245
    152 143 244 20 92 159 244 233 254 232 36 41 3 60 236 42 213 114 18
    221 50 86 43 137 67 80 181 154 218 253 159 86 190 44 23 128 58 170
    247 93 222 62 253 2 226 127 245 240 53 119 143 197 151 164 104 202
    30 185 121 232 173 82 1 138 252 156 8 185 167 9 227 214 78 30 33 13
    104 127 150 39 167 135 121 230 76 122 177 80 116 247 108 97 231 111
    191 133 64 99 19 242 194 50 150 226 38 186 251 71 72 147 229 163 241
    71 114 115 255 253 134 127 113 212 51 41 8 89 167 226 207 251 227 98
    52 32 4 99 86 182 78 35 225 228 196 96 117 242 207 89 48 107 132 77
    173 111 135 116 44 189 56 76 81 118 51 138 224 200 156 44 128 139
    242 84 113 225 46 157 27 129 50 138 204 209 247 115 239 58 7 37 110
    132 88 183 126 226 165 175 237 184 222 129 115 17 222 248 177 18 169
    202 191 237 184 79 149 30 177 239 125 180 184 7 212 82 53 38 147 16
    198 230 226 156 95 61 232 138 206 202 81 247 100 246 4 74 47 197 234
    65 99 3 197 179 42 44 74 51 244 85 163 236 105 69 103 33 29 36 48
    240 182 240 95 27 221 228 137 161 6 32 211 39 96 39 193 129 35 13 4
    155 62 75 173 64 30 57 114 181 187 185 166 159 241 38 79 67 35 196
    70 229 156 138 127 192 55 17 79 242 73 41 243 73 187 111 102 184 192
    141 240 191 73 174 71 27 161 153 74 31 83 117 102 243 136 178 36 135
    89 23 249 19 191 87 182 149 27 139 109 16 218 150 229 245 150 98 226
    195 160 40 85 180 64 70 93 183 148 164 110 52 187 108 51 104 65 187
    235 17 215 17 170 78 191 164 212 148 7 136 77 235 199 222 173 254
    169 7 24 175 188 38 117 179 107 217 156 162 246 203 143 217 190 79
    184 58 145 195 196 20 254 205 240 184 213 7 183 46 175 191 239 147
    138 10 220 95 81 170 22 174 156 224 163 79 4 42 120 139 227 169 39
    111 25 93 91 236 81 64 131 29 71 222 33 26 205 152 95 182 200 134
    157 99 235 95 88 107 14 229 249 1 191 141 225 13 159 249 139 176 103
    46 151 138 151 245 101 191 172 194 130 38 198 72 82 84 103 159 109
    251 100 166 10 139 147 159 47 83 89 211 147 222 247 103 19 104 225
    229 149 71 140 143 12 179 191 175 223 18 226 58 85 51 111 17 5 119
    54 226 8 160 74 25 136 30 34 214 126 87 34 235 188 55 213 222 133 94
    41 228 222 218 251 219 176 248 92 199 253 58 112 70 207 146 200 132
    26 243 218 173 247 187 185 82 116 142 151 9 93 249 222 151 164 230
    84 168 154 10 36 158 119 229 163 140 248 13 199 57 186 12 151 116 35
    145 159 129 249 102 8 214 190 253 31 169 12 134 175 75 150 190 166
    22 50 59 134 222 97 202 103 177 65 141 249 174 197 32 103 190 164
    138 219 227 49 227 47 132 103 236 190 236 10 48 105 138 251 81 185
    125 199 112 238 110 112 5 209 141 57 251 102 161 204 117 185 181 32
    56 132 11 80 58 247 20 126 39 16 82 93 246 61 80 157 142 40 33 23 46
    47 121 221 49 123 186 198 31 255 191 128 84 208 127 216 125 127 20 4
    234 190 206 95 69 209 114 97 150 221 76 234 139 5 27 23 167 114 156
    66 124 245 243 47 47 152 146 1 61 84 165 234 126 72 146 238 253 209
    75 174 104 211 198 205 148 21 34 93 31 164 164 72 137 122 215 71 247
    63 246 72 45 141 206 95 141 137 125 59 43 184 179 173 215 42 131 125
    61 238 10 28 185 10 72 133 143 126 174 7 68 9 50 246 44 154 184 38
    65 120 102 102 78 65 13 86 96 86 68 130 145 165 36 25 142 255 118
    220 175 159 205 45 251 199 163 248 210 106 235 151 110 156 75 164
    125 83 214 74 152 135 189 17 132 60 209 227 4 105 67 166 104 193 37
    37 182 62 23 7 35 155 248 38 149 222 49 198 93 205 123 75 53 95 85
    53 176 214 100 40 192 91 254 27 236 133 214 48 135 214 100 142 178
    127 123 81 174 196 23 88 107 201 210 231 164 21 226 32 23 222 92 203
    57 187 15 235 231 172 63 84 53 135 36 35 214 82 116 111 237 20 82 43
    64 193 179 153 187 138 131 61 55 238 218 38 183 60 220 81 212 217
    203 188 247 29 193 127 224 234 254 10 187 131 204 75 212 34 157 170
    140 60 72 170 226 249 34 194 35 77 190 47 40 128 34 21 152 166 12
    163 193 241 209 150 30 181 76 41 99 103 172 123 46 220 32 2 58 7 174
    1 122 18 238 86 62 232 24 52 138 52 87 54 169 114 52 169 251 196 172
    8 64 119 198 108 51 237 7 97 112 47 18 12 167 222 181 11 160 226 2
    105 59 208 123 8 47 191 182 2 80 176 221 99 91 136 41 136 140 1 151
    120 118 38 253 160 236 71 189 107 15 45 102 87 134 154 149 244 215
    122 84 148 136 110 228 230 125 122 249 222 128 150 198 76 82 69 174
    173 147 207 62 247 249 200 82 24 237 53 253 147 188 250 167 168 38
    112 76 240 248 144 65 255 27 30 173 41 98 86 147 27 185 76 177 104
    214 25 221 219 209 114 208 40 170 240 46 195 245 46 81 216 198 97
    229 123 228 152 67 61 2 9 5 129 135 199 148 95 39 211 78 164 104 32
    5 2 149 135 168 104 66 98 164 250 226 137 38 224 111 23 127 122 29
    173 180 20 129 109 237 214 55 82 114 53 207 180 54 160 139 24 212
    164 8 97 88 195 13 42 200 15 213 167 181 180 108 190 184 3 108 237
    171 194 152 238 183 40 144 219 162 108 200 135 49 233 158 80 2 215
    29 249 71 20 252 108 200 214 187 116 168 235 76 56 5 12 174 33 51
    220 69 163 127 69 24 30 163 238 103 80 79 82 164 20 243 91 169 113
    167 220 253 11 64 105 144 39 95 194 184 86 132 6 33 218 120 194 99
    25 132 1 40 129 236 8 65 220 127 89 80 16 210 37 150 153 253 144 253
    222 227 252 43 32 255 132 157 64 56 99 137 82 202 32 45 68 192 237
    48 47 191 34 55 136 20 78 91 103 181 236 197 115 42 73 10 13 115 129
    76 158 242 184 254 20 237 30 136 224 59 210 245 177 160 125 39 194
    65 252 17 114 18 82 134 49 162 213 7 242 12 97 208 46 253 242 82 214
    74 202 221 132 157 241 239 61 22 233 73 68 239 100 128 40 191 224 21
    221 129 13 12 151 173 89 212 176 62 123 5 67 247 73 155 204 81 80
    114 200 48 143 222 11 93 135 65 7 182 203 77 19 45 158 164 79 183
    185 100 93 180 55 5 227 220 124 155 82 171 56 165 17 221 108 142 127
    4 37 41 3 4 141 153 128 93 178 148 254 199 134 96 236 165 78 188 121
    55 235 151 171 198 5 123 20 95 116 41 66 129 136 220 92 146 194 78
    185 35 178 76 94 238 172 49 202 57 113 212 149 51 167 46 219 236 39
    83 185 120 74 79 173 134 194 35 182 240 36 169 72 22 255 147 135 97
    82 77 228 198 171 56 147 228 182 193 157 55 171 42 132 7 174 100 173
    197 144 30 209 36 78 205 29 20 93 163 153 227 155 196 14 20 202 160
    117 229 191 171 239 200 241 86 75 179 131 135 185 195 63 85 193 83
    30 227 209 201 188 128 161 82 24 8 17 65 93 131 212 174 214 180 21
    174 141 251 250 171 98 124 152 239 209 122 242 134 225 170 189 164
    166 0 185 80 111 192 20 75 185 166 210 38 205 191 9 131 97 115 166
    212 176 232 15 137 225 13 33 19 38 231 240 110 119 123 179 67 199
    175 159 35 190 117 214 112 201 151 54 132 88 91 183 198 16 57 90 230
    29 63 58 47 188 30 50 222 23 6 232 237 247 179 139 164 176 58 138
    236 65 111 248 66 236 245 25 239 11 32 35 199 142 219 84 207 70 211
    69 67 134 221 181 56 30 198 251 32 120 144 211 175 85 31 166 156 92
    149 6 21 111 33 144 215 200 208 67 255 16 128 164 36 84 23 108 7 1
    212 114 88 28 56 234 7 243 40 130 39 141 110 101 100 126 184 185 24
    210 13 247 161 51 202 166 204 214 14 82 70 118 150 15 56 98 106 6
    211 28 9 223 13 95 166 194 245 202 188 197 230 10 233 194 143 57 171
    250 230 145 37 113 220 149 145 157 244 87 128 227 126 216 222 34 186
    216 11 190 83 233 220 168 162 190 147 146 14 234 27 90 74 250 47 8
    93 191 65 127 19 242 101 157 137 1 173 8 216 197 178 239 219 1 16
    120 241 76 173 102 154 112 66 227 236 66 155 219 146 131 102 147 180
    98 197 12 191 69 29 14 153 247 128 29 53 177 32 59 21 169 117 4 105
    9 125 218 148 15 176 240 49 18 50 134 115 208 114 118 91 89 135 61
    146 60 25 87 97 46 1 189 95 86 80 141 13 14 51 151 159 100 169 60
    226 80 71 62 118 173 129 21 156 234 147 57 94 113 192 100 160 84 83
    137 105 142 14 204 183 229 165 226 162 94 58 152 96 45 135 154 175
    34 18 14 216 62 9 55 242 9 119 126 230 142 107 17 215 40 179 187 10
    64 152 3 169 103 48 45 128 201 13 186 208 115 200 91 179 98 57 207 6
    254 118 84 36 37 79 109 116 143 56 54 71 51 59 21 164 173 49 84 221
    207 9 48 165 142 204 60 208 199 87 156 44 118 216 244 95 97 151 146
    47 221 96 48 34 195 9 222 39 150 31 151 220 97 54 177 75 235 167 187
    172 193 218 127 149 55 190 150 189 94 147 244 91 99 21 134 56 101
    210 10 148 135 42 116 205 7 2 196 193 139 49 101 109 152 140 55 253
    40 100 7 163 101 228 105 149 221 129 104 116 193 29 148 148 25 221
    171 208 187 148 114 206 132 73 93 236 78 9 193 14 171 108 138 249
    232 7 210 187 240 233 86 51 99 236 14 102 191 109 37 8 158 224 223
    55 218 38 100 33 211 137 196 254 113 69 72 104 220 227 137 139 255
    207 196 94 158 222 48 143 196 236 199 178 189 215 117 251 29 118 233
    65 106 64 199 248 132 254 177 143 214 156 27 230 81 229 188 30 235 1
    34 6 182 142 181 162 181 107 4 6 243 95 38 105 64 126 61 253 146 228
    240 35 29 170 77 53 192 31 207 53 8 237 78 55 220 83 229 247 9 130
    41 87 238 25 131 29 53 216 61 32 223 64 176 214 218 170 29 170 202
    225 16 42 133 204 166 17 92 49 33 135 153 118 36 116 61 106 250 141
    46 210 128 16 69 190 79 73 101 255 173 110 65 112 130 149 151 124
    212 75 150 164 159 164 47 15 85 69 65 47 102 126 1 141 126 80 221 46
    74 59 132 210 118 239 191 208 7 54 72 107 63 113 221 251 19 78 251
    199 98 72 236 145 173 177 67 149 123 223 110 225 85 213 196 102 81
    110 182 212 7 195 96 221 84 185 49 166 172 70 245 138 202 152 102
    237 121 26 142 195 213 255 198 57 152 114 194 65 26 88 88 111 82 38
    176 161 94 92 218 185 178 163 44 28 19 201 19 202 53 108 135 138 232
    236 34 133 207 118 104 72 177 125 18 128 187 124 26 212 42 208 123
    221 12 141 90 64 73 239 207 180 172 59 7 83 166 13 6 9 50 75 225 45
    40 95 239 228 153 204 123 218 162 188 156 216 134 11 206 66 89 190
    136 194 49 0 163 203 57 152 36 62 79 81 203 7 154 144 22 181 213 24
    66 154 3 10 53 186 30 199 68 189 246 221 163 194 167 75 80 160 45
    122 60 115 212 167 36 40 27 169 64 219 48 127 126 126 110 117 141
    125 148 253 171 140 237 67 244 66 169 192 139 235 107 23 123 161 86
    0 156 56 208 127 250 139 190 146 75 130 10 138 50 5 142 184 113 106
    144 185 36 0 211 1 218 198 25 72 73 238 82 234 185 92 69 219 32 134
    82 80 250 25 153 227 21 135 112 251 182 17 130 201 240 87 139 203
    128 37 235 189 58 90 145 90 240 198 2 220 151 209 237 119 107 191
    217 88 37 240 40 229 215 161 187 15 197 221 11 39 190 130 246 151 73
    191 207 166 246 34 106 57 148 14 247 213 251 214 98 20 129 199 64
    228 131 122 50 28 162 183 237 138 88 180 130 151 148 195 57 159 69 2
    60 163 250 39 155 150 226 202 85 135 1 236 120 230 13 58 121 83 15
    129 224 228 243 242 80 94 80 159 220 12 229 238 95 226 140 205 245
    159 21 40 16 95 82 106 106 198 201 13 163 221 204 124 146 147 50 154
    28 151 254 206 39 232 204 111 165 9 27 78 6 95 206 37 115 144 6 199
    245 101 20 105 30 94 132 46 158 14 217 160 235 107 31 15 252 49 197
    144 249 150 182 101 175 17 46 129 96 111 86 33 50 23 87 160 4 59 1
    55 23 236 86 161 167 237 177 129 11 5 104 192 158 238 124 33 24 213
    158 34 205 236 253 151 236 247 131 34 233 146 127 152 27 60 155 75
    196 34 213 130 86 66 82 64 27 184 230 116 114 63 58 127 207 4 58 253
    26 43 113 134 235 164 11 197 204 61 111 243 212 95 134 27 180 196
    138 235 149 72 122 192 166 53 236 231 91 105 121 38 98 143 199 106
    168 164 171 182 226 41 69 48 64 139 167 145 197 36 244 238 44 254
    122 49 222 159 164 147 80 127 222 5 161 242 200 169 166 188 253 10
    171 69 92 111 33 97 73 224 145 132 137 110 150 223 208 112 228 84
    186 239 141 196 157 157 88 18 87 10 167 156 254 111 185 156 166 53
    248 12 63 189 69 26 137 107 253 165 2 63 173 196 213 213 150 192 21
    65 185 144 153 120 84 98 155 45 238 243 182 230 111 99 70 135 236 43
    63 97 52 170 181 44 192 8 4 161 99 166 37 44 161 143 81 191 210 70
    41 127 110 92 52 133 66 159 43 62 138 115 180 238 117 136 250 118 65
    126 211 92 107 59 117 231 114 145 231 1 105 165 203 187 186 222 155
    133 70 105 26 53 141 67 136 131 137 230 163 64 54 143 209 219 200 66
    138 109 41 100 155 195 179 212 29 132 240 127 39 48 226 107 50 164
    30 205 0 149 157 29 246 74 175 138 49 13 24 20 83 158 149 83 183 142
    251 145 174 251 26 180 111 246 195 133 120 73 236 221 101 60 227 225
    31 69 74 63 8 193 78 23 10 65 17 220 201 120 227 12 62 167 118 191
    102 16 17 162 69 112 198 128 123 186 78 219 56 249 85 140 15 246 46
    36 120 114 196 48 157 84 143 110 60 103 63 217 91 118 96 244 54 7
    154 244 12 31 18 34 254 161 220 135 164 139 207 175 49 65 55 226 72
    22 234 97 21 65 216 112 229 173 187 196 222 201 92 84 110 67 25 170
    84 243 240 227 160 148 33 252 116 138 51 70 82 58 153 19 45 77 203
    19 140 181 221 13 236 20 132 168 4 76 198 124 31 50 138 199 236 240
    103 19 251 245 205 159 73 44 194 167 167 13 164 221 28 194 118 224
    112 55 134 109 124 26 233 44 244 32 18 245 237 149 12 61 116 192 113
    171 125 175 157 167 164 215 9 117 16 27 173 244 58 194 168 26 190 75
    62 55 109 133 85 13 86 100 85 59 210 83 59 101 95 230 242 47 173 70
    31 234 65 216 159 104 71 218 230 249 21 189 91 238 196 5 53 156 159
    233 172 205 71 168 180 4 56 119 13 5 125 125 249 2 165 137 239 151
    143 157 19 76 168 32 57 112 117 21 250 140 174 54 175 68 171 153 132
    254 87 224 74 244 92 226 230 243 220 113 23 146 15 150 154 215 45
    140 109 55 149 4 163 111 5 166 142 21 241 251 66 33 177 145 66 193
    85 68 193 189 155 225 76 11 58 247 102 145 29 93 220 145 57 154 192
    121 23 169 162 246 205 58 120 228 66 56 13 107 133 195 16 241 93 98
    206 67 110 188 192 172 156 159 56 121 230 12 217 176 112 81 158 74
    180 140 187 89 193 243 100 81 183 16 184 131 158 95 158 7 159 195
    198 162 195 112 238 108 3 172 193 188 45 215 116 235 20 42 228 164
    20 222 110 76 125 69 8 131 224 97 19 205 203 231 203 22 219 28 109
    56 27 255 107 190 176 20 60 90 65 164 80 18 71 25 43 162 211 25 177
    18 19 131 22 152 147 169 94 97 25 240 238 31 56 220 193 82 240 162
    123 196 111 120 39 102 159 30 201 21 178 126 66 241 73 219 134 214
    73 243 252 32 120 126 245 130 98 143 4 141 108 191 188 253 204 147
    185 43 6 87 169 110 0 83 37 52 202 176 221 80 168 23 78 72 171 173
    245 230 201 119 244 178 231 152 77 154 118 113 139 31 135 113 254
    249 181 137 167 0 98 196 195 254 183 8 88 237 33 215 228 180 56 55
    105 95 229 74 169 240 62 9 116 129 190 237 188 45 4 58 156 232 168
    41 224 211 51 137 198 216 123 179 210 55 113 149 30 207 188 121 237
    95 197 94 119 115 46 177 208 51 167 240 245 84 146 251 3 161 58 148
    194 127 63 242 85 131 94 245 110 127 79 183 182 212 100 193 10 24
    191 230 22 95 194 63 114 122 137 62 18 244 154 107 89 41 131 221 174
    201 92 45 212 19 62 176 11 225 64 81 25 210 44 248 99 216 241 65 113
    155 38 51 18 99 96 230 147 229 27 73 144 59 114 107 45 36 212 206 35
    21 139 5 163 21 201 228 55 253 181 243 26 156 108 92 100 204 86 35
    158 193 170 120 53 128 178 151 87 205 155 78 55 38 2 182 211 40 160
    236 52 87 119 82 138 66 164 26 37 255 19 240 162 255 99 216 76 115
    112 225 240 88 133 28 246 10 71 236 158 205 53 210 174 117 159 147
    142 14 103 192 231 130 192 18 236 235 144 231 169 158 40 216 102 72
    22 203 79 37 149 255 70 225 161 36 118 163 130 64 219 232 224 183 3
    81 73 221 46 188 61 137 238 244 22 242 226 100 69 177 105 133 25 113
    126 239 84 130 51 207 157 93 83 94 58 147 5 215 246 75 229 84 203
    189 97 207 202 17 127 149 9 217 167 212 177 18 172 233 190 111 185
    139 71 101 207 157 183 166 59 154 90 69 222 255 94 125 54 202 139
    237 220 218 133 227 201 221 91 137 214 102 116 13 247 199 45 174 31
    109 243 12 148 186 61 48 105 140 139 24 180 213 94 97 228 56 114 137
    240 95 254 200 197 62 98 218 254 211 127 147 101 193 64 65 214 247
    52 150 228 83 218 230 36 244 188 137 183 31 132 72 115 41 7 137 201
    10 238 0 200 4 208 251 51 93 24 54 60 59 187 212 142 131 113 159 78
    27 139 222 28 173 205 95 224 115 172 217 33 31 147 18 50 240 252 18
    129 215 21 45 82 10 90 72 202 111 104 203 9 160 46 206 10 69 44 245
    170 200 211 39 69 44 117 116 158 112 76 192 242 216 89 74 194 185
    111 52 159 186 10 48 242 254 144 46 120 213 101 64 93 189 55 219 103
    245 189 14 255 177 63 10 38 61 95 236 142 83 168 246 170 247 11 192
    111 142 68 179 129 162 78 211 63 9 128 77 253 56 253 165 85 74 88
    210 15 47 19 160 179 64 157 148 59 248 112 141 45 166 10 5 193 90
    233 86 24 191 152 245 231 83 13 69 192 100 249 53 199 49 234 155 161
    221 181 228 118 102 160 93 141 114 182 20 119 146 234 128 136 157 44
    39 205 232 36 202 192 74 232 51 80 250 64 5 202 153 92 161 103 95
    229 170 56 56 173 63 44 95 2 53 114 78 121 70 190 146 136 155 136 44
    46 85 64 38 81 123 245 16 80 239 77 142 143 75 185 39 167 252 164
    223 176 202 196 165 193 47 65 206 116 48 66 157 161 248 224 209 91 8
    14 243 249 108 178 237 78 83 21 62 124 31 190 162 208 54 82 253 95
    14 105 75 12 171 176 25 108 196 32 84 86 242 186 4 65 76 195 191 35
    100 179 196 124 31 77 85 25 172 114 198 117 57 231 253 72 183 123
    146 155 222 164 97 186 193 183 16 68 100 142 242 4 94 72 39 43 56 97
    115 196 167 49 187 161 25 240 28 116 183 111 247 164 201 234 127 88
    202 115 58 12 15 121 151 153 223 46 72 242 174 214 195 134 179 151
    111 79 76 60 194 129 31 133 163 242 159 123 83 255 72 206 124 161
    229 254 245 13 249 103 34 220 152 30 94 195 74 208 97 164 70 78 8
    239 46 150 57 63 37 227 112 42 145 159 170 75 233 44 54 214 241 226
    50 96 32 150 200 144 215 90 13 137 53 220 245 179 97 248 180 41 62
    243 128 99 182 30 206 213 250 35 53 79 245 179 215 126 37 222 30 77
    239 90 56 241 248 249 247 106 248 253 76 193 65 138 251 122 77 252
    187 205 108 195 30 226 125 115 219 57 64 164 68 127 197 21 14 40 241
    10 221 177 119 48 4 190 116 22 171 236 6 216 44 7 167 25 69 126 156
    205 172 198 204 144 25 202 138 36 219 202 36 154 161 29 55 119 208
    37 24 6 86 215 247 46 206 145 7 2 209 21 236 160 15 131 15 110 19
    121 7 177 26 91 132 108 162 175 119 179 35 153 177 221 101 230 205
    156 197 255 249 33 58 119 54 99 182 175 116 152 101 147 129 2 221
    154 193 230 71 169 68 25 183 194 98 218 207 37 178 4 130 70 75 189
    93 197 192 207 177 119 77 11 237 79 85 28 166 158 134 103 222 13 240
    16 139 112 195 92 126 229 201 158 238 253 152 43 188 220 185 133 219
    84 42 182 221 43 10 8 187 74 101 211 105 20 172 1 53 223 114 39 215
    84 120 62 41 130 172 72 146 250 189 137 93 92 185 57 106 184 106 72
    145 14 140 99 152 245 2 97 7 180 7 0 116 160 183 110 215 152 204 50
    220 106 95 107 169 8 116 181 36 183 151 55 141 105 145 121 197 99 27
    195 195 12 5 18 126 192 81 113 128 153 29 139 111 192 231 21 37 144
    176 228 95 223 252 156 70 34 103 202 23 64 190 161 201 108 38 182 85
    85 225 19 162 135 90 243 35 41 34 232 47 25 215 58 231 186 207 22 31
    148 76 57 56 169 5 108 177 163 1 133 7 19 173 253 181 248 209 206 60
    48 235 201 247 180 41 158 95 108 51 227 121 137 171 15 68 60 246 219
    28 181 218 148 43 232 197 235 138 109 113 25 57 191 98 101 26 178
    129 133 201 198 167 197 244 49 91 191 220 200 152 40 118 166 88 243
    127 50 62 56 46 56 48 161 200 41 120 139 118 153 96 143 157 145 103
    144 10 124 7 42 207 204 192 75 90 181 110 156 173 107 16 7 53 23 141
    79 40 15 97 192 138 112 163 212 98 108 107 159 86 29 109 47 120 241
    92 47 79 73 136 165 52 46 11 236 160 237 158 234 20 111 95 255 220
    32 31 123 124 11 180 6 249 10 98 78 193 204 217 235 158 5 50 24 95
    182 183 160 211 79 139 83 77 123 22 204 241 60 134 235 89 228 6 90
    171 178 222 124 107 19 45 247 96 203 176 254 71 240 222 77 214 44 20
    34 31 195 77 198 203 151 43 255 206 221 168 150 139 189 130 77 38 13
    182 117 68 14 182 87 188 92 130 169 230 104 70 80 123 77 75 162 207
    173 4 253 118 249 183 156 6 143 13 238 206 239 73 37 9 28 42 135 73
    111 220 82 170 214 174 25 193 48 8 114 117 70 147 175 238 42 95 237
    184 220 37 222 7 191 76 201 91 218 3 45 97 233 48 231 175 129 175
    132 102 94 67 96 36 2 232 91 173 26 25 20 124 117 254 255 163 214 96
    132 214 79 36 81 86 119 83 172 7 48 66 255 22 28 253 209 109 237 176
    70 255 158 46 0 220 185 156 118 42 140 80 27 38 234 180 216 168 162
    116 247 192 61 242 94 131 236 141 133 73 20 81 146 145 148 124 73
    224 166 227 161 195 6 208 180 238 75 183 177 254 76 110 194 87 206
    236 238 89 179 255 180 20 253 239 54 122 37 175 75 64 188 161 78 48
    132 66 59 119 224 199 93 0 230 92 180 235 213 131 237 161 227 155 62
    219 173 15 158 168 0 116 106 254 81 103 135 74 42 123 227 33 227 173
    31 147 70 87 53 211 230 152 186 185 94 227 212 167 145 252 122 154
    63 187 232 218 42 18 207 63 0 157 186 142 62 136 225 158 168 107 41
    142 132 255 169 106 164 90 203 51 10 15 202 63 72 71 101 55 201 42
    25 221 66 59 182 211 193 246 173 25 179 59 4 198 200 112 52 145 75
    225 230 52 69 143 104 0 60 11 197 192 6 9 52 159 47 74 238 26 250
    230 241 151 177 54 105 157 252 140 41 87 158 220 205 227 178 141 195
    49 120 52 37 189 85 56 136 32 123 242 112 223 124 14 0 92 252 66 203
    38 124 231 18 20 196 130 100 85 83 48 50 86 177 127 225 101 109 102
    85 103 222 212 144 63 228 123 208 84 91 14 206 138 177 184 61 30 59
    166 254 126 29 151 19 158 247 64 125 131 4 45 23 113 201 51 206 212
    234 52 54 242 97 2 135 240 24 23 241 19 134 135 127 219 167 155 180
    33 29 142 50 20 105 19 193 136 7 87 121 148 127 2 187 112 146 133
    128 238 193 193 235 192 213 195 233 66 173 45 92 72 227 182 185 143
    203 36 3 159 104 112 174 174 255 6 19 76 93 32 152 190 134 127 29
    159 194 93 68 138 239 168 247 115 123 125 230 238 69 26 65 241 102
    38 89 208 202 191 97 202 162 143 188 97 122 16 8 202 32 177 124 159
    91 33 40 206 136 199 132 138 66 79 187 100 36 140 136 86 65 97 44
    134 72 144 10 227 230 206 9 184 49 122 41 146 246 202 101 252 188
    110 189 9 169 34 62 248 67 162 221 2 134 232 158 153 20 82 226 127
    147 235 120 172 109 246 2 93 244 159 124 171 248 129 247 251 167 44
    65 113 210 124 63 90 81 68 65 169 159 215 106 121 239 11 209 203 124
    117 86 187 179 133 248 143 143 150 32 192 247 149 76 60 218 132 20
    227 248 157 76 234 73 46 81 196 98 70 61 15 153 230 25 75 35 79 158
    249 47 80 58 163 7 122 233 34 116 97 81 21 182 125 68 203 202 104
    192 193 42 228 220 56 119 134 21 55 11 87 68 16 77 37 116 89 113 119
    175 62 189 7 153 129 134 229 68 122 135 31 26 53 226 116 0 46 88 107
    84 224 147 14 19 64 75 190 23 183 135 195 27 16 76 46 120 245 115 21
    236 36 226 131 218 90 254 101 245 149 155 100 163 67 68 187 217 79
    127 165 63 137 217 70 44 9 144 83 159 167 180 29 223 66 10 159 11 55
    242 199 67 185 173 72 231 76 207 70 94 160 41 234 148 248 112 10 249
    63 9 136 97 209 128 228 170 85 202 192 148 117 115 105 38 147 90 207
    153 103 13 141 9 77 80 49 149 102 236 48 74 161 100 27 95 11 245 140
    82 115 233 51 14 129 149 168 204 118 136 235 0 27 244 120 202 146 96
    169 234 70 138 59 163 193 168 148 33 76 83 218 234 6 249 1 219 131
    179 152 77 147 207 255 254 62 25 176 171 29 235 44 12 89 129 77 115
    2 0 194 146 16 104 226 33 39 135 86 139 41 21 26 19 187 1 105 73 157
    97 80 33 13 110 182 199 189 113 48 39 39 182 13 27 203 212 147 29 59
    204 65 115 69 84 192 121 83 65 217 38 80 29 61 122 231 42 21 69 192
    122 205 175 255 167 188 204 116 195 145 254 233 242 92 144 206 213
    196 11 24 206 14 78 14 238 152 201 10 98 44 117 162 195 153 81 143
    76 39 45 132 116 118 164 118 217 244 243 66 154 46 171 225 38 73 136
    236 15 67 204 156 127 3 249 11 219 243 97 64 219 105 162 155 205 168
    155 86 188 190 186 77 175 100 78 165 163 195 112 96 38 141 121 13 18
    84 52 114 145 85 13 224 42 99 10 222 126 130 91 161 114 221 92 181
    208 86 202 138 171 178 136 56 69 125 26 57 75 0 72 92 229 208 193
    100 166 81 50 125 135 23 25 163 48 223 180 30 241 248 88 48 5 191
    212 36 245 142 75 191 57 140 62 91 81 21 51 52 179 87 167 218 104 15
    31 113 203 18 204 204 67 86 228 160 70 175 92 127 189 244 165 95 67
    249 36 184 141 25 20 26 82 240 238 94 254 6 189 201 66 122 167 31
    235 94 177 202 20 171 41 165 204 110 67 207 218 122 216 176 161 191
    153 212 254 63 57 143 166 79 167 89 250 58 19 41 201 67 5 21 156 45
    183 105 48 106 145 101 9 87 18 60 77 230 20 246 19 106 20 49 49 171
    31 65 176 144 23 147 180 132 86 54 231 10 162 43 229 6 22 10 68 156
    49 158 168 60 226 187 90 145 10 27 164 43 247 207 71 15 29 109 85
    254 46 212 124 249 234 206 225 194 238 70 91 125 182 208 139 243 200
    255 133 187 161 21 138 195 154 89 57 10 154 61 104 142 227 12 181 66
    74 136 3 61 189 217 189 58 227 31 76 159 63 126 33 163 182 123 27 7
    196 13 229 71 4 184 101 173 172 110 214 138 25 80 166 221 172 231 65
    110 254 143 110 69 59 255 109 98 222 21 217 156 19 163 4 229 7 219 4
    223 254 117 178 35 149 194 95 90 219 241 69 237 149 72 203 85 32 247
    195 17 201 51 75 158 90 254 167 203 109 201 146 77 203 48 241 186 50
    209 120 136 230 114 52 174 44 68 108 177 84 159 89 220 155 133 214
    133 181 138 222 14 19 95 169 160 162 84 122 162 68 208 43 7 156 43
    139 247 104 64 165 95 83 217 0 46 79 91 64 96 160 84 224 210 199 91
    51 46 139 19 246 212 218 181 45 31 101 134 69 164 109 79 199 86 29
    72 159 58 179 153 101 14 187 11 78 78 198 195 144 86 153 54 6 167
    191 249 243 232 127 254 20 147 17 22 100 104 71 49 65 61 43 48 78
    232 40 213 169 13 87 15 46 76 250 38 100 229 110 175 97 194 114 54
    44 249 164 249 84 103 110 179 216 38 7 116 32 110 116 201 135 85 134
    111 140 56 230 229 135 25 118 249 166 39 165 89 202 235 138 226 160
    132 64 160 128 186 221 180 91 247 174 70 114 53 125 8 218 190 55 246
    99 40 221 92 186 212 97 238 190 122 233 8 205 17 130 207 210 92 14
    106 188 56 92 195 212 23 167 200 132 160 91 111 253 222 182 235 3
    227 159 81 85 140 89 175 42 116 214 170 118 242 172 139 3 40 57 247
    153 217 227 10 115 64 112 62 148 106 43 40 255 153 225 50 111 162 18
    80 185 107 51 8 38 161 215 60 171 213 11 68 101 110 44 180 44 175 68
    125 77 131 248 222 18 118 232 49 82 135 99 47 26 141 203 68 239 183
    222 126 188 213 91 36 108 57 137 35 241 249 102 89 143 178 114 109
    165 43 107 113 254 185 205 223 116 101 116 144 236 136 90 216 8 36
    165 84 240 198 39 155 171 133 161 56 55 77 138 208 76 200 182 32 124
    212 134 171 133 108 173 97 148 194 205 20 97 6 109 3 249 61 197 233
    15 46 69 228 153 143 229 107 239 80 130 105 175 176 213 95 33 242 13
    203 29 246 59 62 175 157 143 12 24 85 1 154 229 215 11 197 73 106
    166 213 37 165 165 82 5 224 158 148 235 157 54 136 203 193 39 134 13
    182 138 122 238 222 28 85 52 119 189 96 7 207 212 20 206 74 232 52 9
    231 229 242 115 163 216 43 219 183 131 10 45 153 168 234 89 151 23
    178 35 195 231 110 177 27 212 143 229 130 25 89 157 195 113 242 175
    33 33 9 33 59 125 232 155 109 187 16 25 27 77 37 194 112 222 57 60
    92 53 28 181 159 162 199 119 233 2 113 158 28 70 8 200 5 71 248 253
    137 64 94 3 130 231 161 36 25 117 28 247 67 40 18 213 168 60 101 24
    120 175 95 150 205 95 200 102 183 242 36 62 8 208 2 30 148 102 202
    112 157 101 25 105 243 175 76 116 215 120 193 77 183 243 249 80 232
    247 114 96 0 152 250 74 196 49 25 156 149 17 44 63 159 93 143 197
    135 122 49 120 174 203 29 131 44 240 77 201 23 186 229 58 160 130
    206 250 216 27 18 7 213 198 215 84 125 110 152 15 109 178 183 41 215
    166 31 59 152 242 30 12 58 143 195 157 149 1 14 69 187 49 208 113 0
    237 88 157 113 32 126 74 196 18 221 187 241 40 93 155 173 122 244 89
    116 105 57 110 87 23 205 44 84 119 85 129 178 235 153 3 159 220 97
    152 208 27 195 34 227 14 85 187 70 252 166 233 143 181 247 78 119 3
    168 249 11 173 195 40 184 151 93 115 192 188 35 113 36 219 130 32
    211 29 110 27 81 148 73 134 196 149 195 197 101 45 3 154 172 69 79 2
    16 115 183 25 134 12 215 197 203 100 40 226 133 193 92 170 70 31 128
    217 241 84 135 50 99 125 91 129 2 204 108 99 27 103 19 151 237 123
    176 79 93 178 164 6 243 161 146 61 98 126 153 101 159 33 178 153 185
    167 156 148 24 183 140 118 119 253 81 235 131 151 119 1 225 69 178
    99 145 245 199 1 205 13 35 173 204 247 225 80 242 101 192 206 104
    128 237 79 40 208 4 26 84 120 9 40 47 74 206 79 57 41 35 213 187 65
    187 150 89 184 111 113 141 88 185 202 121 77 47 105 141 145 43 116
    229 20 176 50 157 88 247 127 81 78 184 190 98 175 130 243 214 132
    253 222 161 215 18 173 162 126 251 236 208 179 126 69 96 198 122 92
    3 211 134 44 73 61 73 16 173 66 180 237 115 125 49 15 104 219 64 233
    166 126 181 254 59 186 27 0 52 251 157 173 79 207 55 18 124 174 38
    128 117 88 43 25 179 231 246 87 23 127 180 112 38 212 40 24 160 190
    71 46 42 219 82 142 222 195 52 102 112 2 116 51 166 212 37 92 77 160
    117 145 248 128 228 143 51 233 226 134 213 210 33 92 66 211 18 107
    202 90 4 189 154 105 210 128 42 179 63 75 144 249 7 215 250 198 58
    175 174 107 73 139 208 210 64 143 101 73 80 146 139 49 74 54 229 177
    37 55 52 211 68 143 250 135 163 197 187 35 109 39 189 17 193 113 28
    70 37 183 204 196 196 96 234 8 152 159 166 107 207 70 71 51 88 227
    127 238 105 168 75 42 21 33 51 250 243 45 249 48 235 63 237 239 246
    228 78 177 188 81 211 0 42 58 17 170 37 111 77 79 211 114 7 226 166
    187 133 172 255 180 211 77 103 244 80 35 147 189 126 232 23 108 175
    73 175 118 196 122 58 127 23 202 21 31 113 241 9 35 148 239 181 55
    174 230 39 0 55 88 156 250 127 104 232 61 217 180 195 253 218 116 4
    142 12 75 23 45 182 13 154 102 253 165 213 112 92 215 114 33 44 87
    250 104 211 244 192 29 233 171 240 213 69 29 19 145 58 243 129 234
    115 94 23 2 211 29 37 168 77 235 239 172 21 143 94 172 183 243 228
    130 183 146 96 144 59 181 121 222 14 51 93 15 35 102 145 156 181 157
    176 113 94 199 65 125 230 98 12 227 196 139 203 72 90 121 104 176 43
    193 191 158 50 16 215 55 177 9 233 95 34 255 142 238 43 158 159 180
    82 103 81 68 151 25 120 178 116 43 255 64 236 23 98 246 65 125 48 81
    44 16 64 166 103 185 80 46 198 76 106 16 33 61 123 161 44 49 126 10
    189 78 93 140 34 3 200 19 223 106 129 92 159 18 114 17 97 126 125
    194 166 70 144 67 10 175 104 94 122 51 194 48 159 250 16 56 188 123
    254 165 0 222 108 175 182 77 18 55 213 81 171 84 106 239 40 64 85 70
    96 67 38 41 24 194 96 64 139 30 166 26 45 159 239 178 137 37 213 133
    191 226 18 74 14 88 53 137 131 125 105 128 161 54 243 31 133 98 197
    51 85 206 133 144 93 247 35 181 91 9 25 128 30 64 165 212 244 19 218
    137 148 224 124 207 28 103 211 143 168 52 58 168 30 111 115 85 151
    251 254 5 3 53 71 92 234 186 213 29 184 159 179 218 102 213 254 172
    134 241 168 118 155 245 187 223 131 148 136 121 220 241 246 221 24
    238 43 70 226 196 240 105 113 5 53 231 97 99 183 190 142 1 172 171
    188 218 52 228 152 98 100 245 33 87 192 200 113 44 74 144 210 120
    144 124 85 131 247 115 28 205 42 98 25 85 86 109 48 195 160 48 220
    228 153 4 15 204 207 82 242 254 46 92 79 90 73 68 75 110 159 35 227
    71 142 26 187 220 195 202 59 89 200 61 200 63 122 198 118 56 146 181
    68 105 13 153 149 4 10 162 79 176 63 65 174 67 62 182 131 201 178
    169 130 249 223 244 241 60 202 41 251 47 60 60 200 52 51 192 104 160
    10 71 39 174 107 214 4 197 10 237 81 166 133 152 97 242 85 240 206
    55 221 209 251 156 249 243 127 119 188 164 218 0 106 174 100 180 221
    211 75 152 41 241 53 48 109 113 36 99 207 198 220 167 74 171 150 196
    194 191 29 108 166 38 178 153 102 75 153 161 186 7 74 139 141 191 91
    197 25 55 110 115 121 145 37 168 226 211 111 141 13 180 250 124 2
    106 198 69 141 186 110 244 6 78 212 34 197 40 249 102 1 18 193 98
    176 245 154 79 9 38 36 95 75 203 135 19 123 133 163 82 184 42 55 139
    181 178 23 217 227 227 147 126 207 101 73 242 55 163 236 233 146 189
    216 3 142 7 140 241 5 33 17 6 108 175 230 190 197 182 79 124 66 17
    101 58 89 51 105 5 169 202 126 248 83 134 41 90 232 179 246 251 74
    76 188 156 93 250 102 91 132 247 183 177 102 27 6 56 203 188 69 199
    166 170 4 21 162 194 67 48 237 249 41 1 40 2 107 143 117 129 252 68
    122 122 203 22 2 169 59 43 159 35 73 96 88 97 175 1 50 135 133 117
    17 239 111 241 245 93 248 118 30 162 116 19 88 255 255 69 184 207 68
    229 161 153 45 51 38 177 35 71 86 118 225 46 71 18 184 185 8 50 49
    229 42 90 85 190 226 43 202 47 209 236 13 130 235 194 230 100 86 47
    87 76 3 164 184 10 247 237 103 97 31 87 68 225 255 48 114 17 84 130
    155 200 153 132 16 125 28 171 27 226 255 122 107 61 2 53 199 30 114
    44 85 116 188 108 106 249 93 68 72 57 167 125 2 12 179 174 85 90 250
    110 154 27 10 99 18 164 149 45 63 175 195 214 221 117 31 101 165 208
    116 7 126 121 234 9 174 123 97 13 8 185 18 66 75 18 59 40 89 55 233
    210 76 196 109 107 147 53 109 96 123 224 85 255 226 1 241 242 53 227
    92 15 50 0 31 179 221 33 125 135 191 43 17 202 122 87 250 215 139 67
    148 186 86 99 142 184 118 247 17 189 72 239 103 62 28 105 168 251
    158 18 162 47 205 73 115 34 92 246 174 221 201 106 39 52 85 73 69 30
    166 213 142 144 73 40 104 99 230 247 202 87 26 37 203 29 21 222 208
    95 72 248 25 160 108 155 169 130 18 163 143 44 143 253 206 89 38 99
    139 167 205 83 58 0 46 17 155 106 108 5 62 236 67 152 121 147 135
    111 53 14 194 223 114 1 69 12 138 137 74 206 133 160 245 118 150 253
    113 195 213 81 202 226 165 99 126 82 64 218 255 82 13 36 36 53 3 216
    9 213 126 196 176 126 139 26 67 46 44 77 254 108 216 125 119 100 242
    201 46 196 163 27 231 69 106 4 18 142 213 91 72 142 254 150 134 5
    189 115 33 6 235 92 239 197 231 110 15 216 132 142 71 59 251 15 233
    192 105 176 137 250 145 10 130 229 95 232 204 69 190 158 205 13 247
    118 221 114 95 199 211 189 229 130 35 216 164 213 112 243 145 175
    250 105 148 132 112 174 142 129 219 186 40 43 199 74 97 17 131 5 139
    166 57 110 167 152 53 67 177 175 28 30 253 223 203 58 203 213 11 120
    214 234 28 194 211 30 5 83 244 224 71 243 197 169 90 89 109 175 150
    24 155 245 50 86 152 153 245 195 193 125 252 1 150 254 3 97 151 11
    115 78 11 189 54 14 82 131 6 51 79 99 0 82 165 95 87 132 120 57 134
    166 11 16 85 78 143 36 183 48 94 135 113 141 1 31 40 253 213 153 246
    137 43 238 7 234 196 252 199 255 223 76 189 75 192 79 9 21 220 128
    230 85 72 87 96 105 154 210 136 237 11 52 223 154 4 166 228 186 107
    155 76 10 149 58 169 163 56 172 235 162 230 216 74 193 217 16 100 77
    204 241 67 209 219 111 105 223 121 178 50 250 119 57 108 93 209 83
    91 223 156 18 2 126 45 213 66 70 12 240 80 31 157 40 20 125 182 118
    127 227 205 132 247 45 100 70 21 167 65 150 60 32 155 252 125 68 255
    123 3 215 44 119 66 141 225 72 3 253 62 57 170 151 183 10 101 220 43
    165 50 45 49 137 39 125 223 143 124 148 195 37 191 225 23 82 12 128
    219 43 204 26 167 11 0 112 159 118 151 36 215 229 134 166 190 233
    139 167 179 133 25 222 174 120 57 125 134 184 27 56 188 181 217 155
    161 140 117 87 55 64 186 10 38 79 116 220 173 223 231 235 87 230 232
    91 106 174 88 132 40 47 32 108 141 253 172 134 241 97 92 143 183 244
    99 104 58 82 152 199 81 82 64 133 134 133 212 143 92 87 33 251 227
    123 51 223 219 26 79 249 151 225 207 240 213 145 71 138 47 20 33 57
    57 137 193 11 6 152 13 130 88 168 50 155 94 250 217 210 67 162 247
    203 96 159 96 94 203 191 210 11 158 247 224 44 105 221 228 203 180
    77 236 216 185 215 75 32 148 153 68 184 236 179 207 4 43 96 117 28
    245 201 5 216 160 99 55 212 228 220 139 11 39 1 201 147 102 122 23
    157 189 138 169 181 130 38 31 126 124 0 67 19 156 96 159 98 129 199
    167 117 1 127 22 235 29 4 85 141 167 96 4 101 28 182 178 189 226 49
    65 216 157 113 104 151 42 219 91 45 252 120 128 125 80 101 206 167
    127 109 161 71 210 226 160 214 183 48 36 33 130 172 106 95 0 71 2
    127 72 189 18 173 74 228 207 209 211 138 114 29 187 93 139 207 95 59
    68 86 26 117 67 47 179 22 249 67 82 41 100 39 202 117 252 34 207 128
    82 210 219 80 231 123 2 218 38 37 69 14 120 136 211 19 55 65 104 119
    20 166 13 99 207 200 120 216 167 164 94 125 135 159 98 158 147 42 87
    215 212 68 162 154 73 111 242 235 73 16 108 169 154 37 73 7 239 168
    150 167 149 176 24 241 98 247 110 102 62 45 234 164 3 155 59 150 96
    232 238 152 181 36 129 30 37 189 21 23 151 91 174 208 105 191 198
    124 120 169 252 88 77 117 239 156 201 40 245 135 33 40 255 119 187
    125 114 184 101 31 122 8 72 222 160 211 143 238 46 246 97 220 127
    206 175 138 209 165 175 22 33 244 231 156 237 18 151 246 138 242 178
    230 77 64 222 133 66 196 53 120 91 164 13 59 107 118 14 164 154 215
    244 5 195 155 237 200 10 41 72 255 125 103 254 108 41 127 69 43 162
    67 172 253 91 84 182 69 155 45 33 28 158 157 173 146 102 93 229 211
    37 154 106 84 89 254 91 26 179 134 183 188 58 33 223 255 237 62 215
    92 89 159 48 234 83 38 116 188 45 175 225 0 97 109 97 186 95 162 212
    216 192 156 54 101 3 13 68 120 145 162 147 129 139 32 241 21 97 33
    221 66 37 215 177 100 17 125 23 192 206 172 28 55 77 187 234 14 203
    132 254 64 234 199 183 91 144 245 25 201 0 7 91 44 20 55 70 107 32
    13 250 112 99 120 190 191 211 50 234 27 236 147 170 76 228 213 3 24
    216 193 81 57 225 195 153 230 222 14 182 220 123 125 28 159 102 124
    239 26 29 77 219 177 0 230 164 237 122 120 219 83 25 121 162 226 36
    198 165 5 98 44 187 210 127 212 221 13 201 95 71 233 185 205 189 14
    213 123 182 180 7 187 186 128 14 138 149 187 124 147 129 46 245 6
    132 14 84 15 61 219 32 148 15 97 241 152 93 25 76 76 59 169 250 82
    31 10 190 68 241 193 110 3 149 229 75 108 73 188 190 111 213 236 62
    151 228 16 211 74 86 61 141 38 157 166 245 208 57 152 12 103 237 179
    4 94 177 101 4 193 191 65 58 23 187 123 224 96 82 86 41 74 202 137
    30 238 96 232 26 253 222 190 114 97 84 11 94 44 32 55 57 162 136 158
    115 50 142 97 154 15 25 57 160 18 131 81 159 4 17 172 11 212 159 199
    169 160 206 24 149 228 94 227 232 220 211 68 209 146 72 152 239 215
    201 223 86 223 224 11 204 237 83 140 67 247 245 32 237 158 203 177
    19 77 179 132 152 163 229 145 17 186 82 132 26 110 217 248 209 66
    201 150 155 175 114 147 166 27 193 13 223 226 17 100 87 148 166 189
    75 139 82 254 255 198 116 130 155 82 228 56 11 153 131 127 167 129
    51 104 128 180 230 40 151 63 92 161 91 128 4 16 73 134 174 184 128
    205 62 136 124 83 131 225 22 202 12 200 76 118 191 168 72 239 235 32
    209 115 27 205 196 15 56 185 245 202 106 114 76 216 143 194 33 160
    235 131 127 138 235 98 28 115 240 144 127 255 184 121 184 234 213
    192 81 174 113 187 203 28 200 97 75 43 173 168 230 195 200 60 204 30
    197 172 171 162 193 105 221 56 23 91 201 116 214 6 229 87 86 1 129
    112 89 241 243 65 11 173 220 243 200 169 51 91 25 35 95 255 115 171
    225 247 179 144 14 133 133 222 243 200 111 46 86 68 169 190 129 183
    59 54 168 61 238 15 3 168 21 226 163 118 1 133 236 160 73 184 247
    230 41 103 245 127 114 13 139 225 73 7 197 208 90 17 49 183 212 11
    57 97 10 87 158 214 128 154 149 23 81 17 54 156 199 196 156 212 73
    179 172 186 80 191 55 185 135 239 222 20 252 109 43 117 211 226 123
    164 206 138 26 1 232 211 233 166 125 251 62 217 72 3 86 117 253 198
    3 58 160 253 36 60 101 206 40 74 4 217 150 138 213 234 182 79 75 254
    196 130 71 224 202 211 48 111 240 50 2 226 148 162 171 34 27 173 41
    248 52 15 214 178 253 133 175 210 122 185 90 218 69 161 153 62 46
    240 22 55 14 128 205 237 45 71 106 11 98 36 90 142 90 26 199 90 4
    104 40 193 205 247 208 252 113 237 191 254 180 2 74 8 216 184 68 243
    122 128 92 217 219 1 57 253 223 49 158 95 129 28 230 44 71 237 122
    22 99 195 146 194 173 145 116 110 110 242 36 147 215 72 96 173 69 55
    135 197 7 12 195 27 131 19 138 0 131 63 25 59 53 9 79 156 172 242
    255 128 143 67 191 244 145 212 225 43 222 67 11 193 38 36 223 211
    175 209 62 2 189 126 16 81 216 115 88 214 162 27 5 165 62 125 155
    248 74 173 201 89 170 146 46 198 226 19 113 223 10 93 231 9 237 94
    39 74 41 242 44 29 240 208 102 29 81 189 43 240 63 154 93 119 138 58
    181 194 8 227 109 60 243 188 222 54 218 196 43 106 154 91 177 233
    143 210 52 217 97 52 76 37 205 130 187 155 239 113 134 133 113 22 37
    94 136 225 106 132 154 164 39 29 8 80 130 170 206 215 71 156 156 141
    77 52 76 39 187 153 121 1 238 223 83 56 184 243 223 79 141 224 230
    42 160 7 3 30 51 117 11 98 188 170 108 159 161 191 156 195 27 126
    114 253 242 166 146 27 217 198 157 69 247 148 51 254 10 108 234 20
    189 255 230 181 212 90 183 139 63 90 218 199 160 27 107 4 187 247 10
    38 35 217 136 221 197 15 210 15 110 57 156 106 100 50 185 85 59 97
    182 165 220 63 95 105 199 72 64 107 216 41 207 35 65 255 110 119 233
    169 196 130 230 215 139 37 147 70 93 252 213 95 133 216 70 246 104
    235 41 130 135 6 22 233 255 76 212 128 225 171 217 254 119 74 69 227
    81 230 235 62 72 184 154 177 84 38 11 28 151 215 39 227 159 143 72
    185 191 240 199 136 34 112 150 164 172 22 63 168 11 228 41 204 2 240
    174 150 74 72 31 80 191 56 130 70 48 57 187 105 44 104 157 95 25 163
    202 68 159 51 220 196 177 215 102 215 69 240 226 122 74 8 164 89 11
    55 253 32 130 129 207 192 122 205 43 182 226 247 42 138 36 159 207
    164 146 249 126 74 186 38 57 126 27 229 56 8 120 2 167 245 225 123
    106 203 38 120 202 130 101 233 250 142 196 179 190 100 210 74 218 86
    66 210 213 10 98 182 32 31 84 216 110 186 14 85 216 224 132 71 147
    164 199 21 238 181 248 59 73 241 194 240 128 113 11 30 221 101 79
    113 7 248 3 104 84 94 172 216 198 196 191 26 92 227 108 67 195 219
    193 235 192 44 238 107 79 44 122 58 207 188 2 96 179 66 197 6 184 64
    167 187 247 116 104 54 26 148 17 76 21 129 30 156 12 7 11 75 108 31
    128 37 203 65 129 167 104 122 208 132 105 177 129 81 95 98 78 56 7
    103 133 15 165 155 96 139 22 247 158 2 86 66 85 57 220 126 176 219 4
    211 176 101 122 42 136 253 11 81 97 150 44 27 180 17 92 150 50 57 23
    80 238 253 34 49 104 73 205 206 173 38 166 119 101 125 143 210 151
    138 250 222 37 243 185 200 160 186 159 70 55 1 111 55 147 138 211
    240 174 133 200 238 68 18 226 62 227 99 46 40 135 67 72 60 0 188 31
    218 133 70 102 73 132 240 131 113 10 178 211 204 198 190 168 204 140
    209 183 201 252 120 33 239 30 51 184 242 32 60 60 67 1 68 217 162 31
    11 59 87 143 56 39 160 163 78 47 52 197 193 172 50 181 128 196 131
    231 237 33 89 11 157 243 109 187 83 99 37 238 207 230 12 82 164 64
    163 109 236 194 76 130 110 45 198 200 109 240 187 183 182 61 214 96
    91 90 49 212 134 62 43 34 1 157 156 15 121 223 54 233 103 27 123 154
    61 206 231 12 254 39 160 148 193 139 190 177 49 12 28 142 245 6 59
    138 67 96 24 210 92 20 182 192 32 2 92 223 86 144 42 143 121 85 61
    187 106 208 14 212 121 233 212 178 80 197 4 205 226 46 152 150 119
    157 128 252 199 226 60 52 168 238 231 33 115 53 90 178 226 163 95
    138 206 89 174 85 225 21 107 245 215 251 25 173 228 124 77 255 61 21
    75 52 54 179 186 93 101 145 152 121 195 207 238 186 14 111 147 38
    232 98 108 31 219 245 251 96 51 19 73 1 177 146 224 206 254 73 78
    128 84 229 202 87 222 13 180 48 187 175 41 87 228 170 213 28 32 208
    16 4 138 162 250 252 184 2 141 130 50 180 40 130 204 77 45 26 232
    150 70 206 180 251 151 87 101 230 153 75 19 251 231 87 15 247 36 160
    233 242 235 54 126 14 202 126 142 119 195 237 92 184 195 87 128 2 37
    131 184 238 4 98 116 206 246 58 237 248 19 77 207 17 140 207 247 45
    11 123 170 101 66 130 134 2 16 240 116 126 228 126 202 191 42 185
    183 97 153 33 26 217 95 168 108 113 174 98 67 189 135 125 154 186
    172 64 85 108 137 232 158 114 229 121 230 72 170 164 165 64 166 127
    173 17 199 167 174 65 248 246 209 62 157 3 111 237 91 208 73 109 59
    170 24 37 153 8 75 115 79 149 225 254 123 158 203 231 145 102 172
    235 250 186 219 118 187 89 243 181 127 29 124 231 42 16 243 4 81 109
    142 187 142 73 146 203 14 52 251 229 143 145 203 69 207 72 115 172
    50 98 72 8 147 141 85 146 227 140 76 20 175 102 61 135 3 223 219 231
    5 215 182 98 12 190 92 51 245 161 203 163 95 162 175 138 22 232 221
    242 8 15 82 65 183 201 127 167 45 81 96 33 107 215 167 193 111 93
    143 68 63 31 215 96 200 113 121 244 124 42 223 161 137 203 187 33 14
    52 187 92 253 185 153 132 65 107 29 216 216 20 53 175 48 91 220 145
    234 237 149 132 35 95 228 242 9 83 229 159 175 25 210 0 147 109 66
    189 165 221 240 116 41 174 65 210 214 243 103 162 149 248 232 168
    115 63 99 211 252 118 130 76 132 150 28 166 33 66 0 192 102 43 201
    120 100 238 237 187 47 198 56 90 9 242 169 126 56 70 241 74 124 101
    48 62 61 53 83 135 170 243 39 229 11 96 218 144 247 114 152 68 121
    109 170 193 39 189 73 228 112 134 109 127 21 134 52 200 79 3 164 244
    91 34 69 22 197 254 156 36 156 159 187 196 179 183 242 200 229 222
    88 18 97 39 227 138 176 175 195 255 167 94 148 237 211 45 132 179 93
    242 49 182 1 238 164 217 155 46 104 131 105 109 74 223 186 87 124
    165 245 190 21 44 46 163 118 24 50 37 207 184 177 198 128 2 108 164
    163 246 92 143 251 3 145 198 19 199 254 131 27 198 42 213 172 173
    236 70 161 132 114 120 56 73 41 222 115 71 130 94 136 68 116 231 39
    225 40 250 17 210 181 27 214 139 115 94 213 168 246 244 195 73 239
    52 165 229 103 151 69 178 205 166 78 201 198 89 230 152 143 29 167
    184 101 119 107 57 37 86 73 186 197 255 246 229 67 88 175 254 37 148
    120 65 162 5 20 116 217 227 80 217 196 244 60 128 93 135 1 132 93 14
    166 163 54 177 239 188 51 49 224 157 191 160 140 24 96 107 193 135
    148 161 130 158 235 136 167 92 46 6 9 92 131 69 233 132 238 231 122
    195 118 253 242 78 42 0 28 123 134 49 13 170 233 92 6 54 29 159 107
    204 155 248 66 15 196 134 33 155 225 183 117 31 156 21 131 143 94 0
    96 220 98 227 48 110 17 89 169 240 154 178 24 178 20 45 78 143 200
    132 28 249 41 191 165 186 160 161 14 24 112 248 113 20 220 37 107
    154 57 7 203 252 2 92 126 248 214 164 37 28 186 34 217 121 27 185
    250 145 69 49 46 213 49 164 101 182 124 229 63 29 124 139 161 36 51
    139 33 119 11 186 54 109 159 131 80 82 41 176 20 48 197 29 216 66 11
    75 15 138 80 25 37 175 255 236 205 112 95 45 74 15 159 238 53 232 85
    116 87 189 151 40 128 17 95 149 120 59 88 15 211 207 210 43 129 253
    104 216 51 221 96 147 34 168 187 224 120 11 162 56 177 74 57 205 208
    94 153 60 250 116 218 73 206 212 14 146 179 228 47 167 77 176 255 74
    7 117 61 108 1 140 27 220 104 49 109 21 160 85 104 206 70 78 87 144
    54 79 16 66 68 75 135 61 247 100 48 95 169 195 98 203 37 115 107 94
    251 215 14 49 83 249 110 82 27 93 192 21 202 254 25 159 215 206 89
    189 44 205 176 233 115 234 177 85 44 197 135 35 200 74 123 93 251
    150 104 158 193 140 228 76 211 173 119 152 151 213 98 182 186 109
    120 196 16 31 198 32 146 182 53 201 59 163 105 31 59 12 227 42 150
    104 148 195 44 170 190 62 57 220 189 109 71 227 115 92 75 111 79 142
    100 130 64 172 83 244 141 45 19 201 125 220 253 255 133 81 238 73 78
    238 205 236 69 166 22 96 216 78 204 43 67 88 206 188 56 32 39 247
    131 143 219 173 147 93 251 219 16 64 198 228 61 171 198 179 189 250
    214 243 182 219 52 36 65 154 70 41 103 85 132 251 204 200 145 244
    146 53 115 236 184 86 79 86 234 178 52 138 17 182 135 210 108 245
    233 128 113 243 199 84 158 198 197 128 3 142 161 198 4 48 215 147 85
    28 147 111 253 11 252 31 179 114 240 47 2 203 208 156 233 129 164
    242 208 70 18 97 85 166 148 180 249 27 46 47 78 26 2 118 191 138 51
    163 29 138 27 238 93 243 225 166 83 27 185 200 43 96 13 48 92 104
    240 33 164 130 252 72 204 210 167 167 231 208 13 58 101 149 192 111
    46 167 114 171 38 142 209 41 252 196 195 29 77 130 100 161 135 227
    32 242 172 108 0 144 231 146 42 19 30 35 246 176 96 246 41 224 205 2
    37 73 188 138 90 77 119 22 98 148 65 195 208 212 216 134 140 160 76
    187 41 219 75 152 115 6 111 165 100 235 208 247 122 98 57 231 22 199
    168 149 214 32 56 76 169 153 174 164 182 154 190 198 165 88 194 123
    30 33 52 103 193 207 60 223 96 206 74 185 87 95 213 204 107 183 75
    246 75 247 217 120 137 255 112 117 80 10 36 89 235 226 247 230 134
    186 181 184 107 111 46 21 15 132 89 143 37 48 204 83 221 102 181 120
    241 9 131 151 103 53 83 247 132 96 44 86 13 170 96 23 69 255 76 16
    68 22 96 42 52 203 231 58 164 159 134 123 23 203 121 69 120 212 189
    138 72 229 123 161 8 13 196 235 100 156 66 152 253 20 81 246 175 227
    49 208 106 27 236 235 136 241 204 190 63 44 168 202 178 223 52 152
    155 171 229 165 168 141 19 67 130 18 195 107 18 140 208 100 84 23 62
    231 76 99 225 138 79 173 37 134 122 13 156 132 212 107 106 138 11 53
    159 249 160 177 169 141 99 218 193 208 130 72 195 78 28 151 24 43
    222 105 170 205 200 122 5 55 224 38 90 3 85 19 9 197 118 202 255 81
    204 30 101 1 199 49 148 172 8 53 93 22 197 117 120 95 169 157 106 57
    69 217 77 90 225 171 184 41 93 128 159 167 186 53 55 18 184 12 65 27
    223 165 103 171 149 123 128 187 83 76 177 106 31 249 176 161 15 229
    87 127 7 58 128 122 18 167 168 234 221 9 107 103 197 85 239 215 154
    213 72 85 139 56 190 17 71 163 52 38 58 44 39 125 169 5 145 47 245
    15 207 134 37 163 173 202 3 167 180 145 78 20 236 83 171 10 144 175
    234 6 55 41 216 197 167 241 159 197 47 106 166 146 193 51 197 126 24
    47 108 121 166 140 70 230 180 142 190 41 188 139 58 176 162 25 18 50
    72 0 97 222 120 201 43 53 221 78 204 174 39 33 109 138 211 148 47 54
    197 103 146 18 139 191 223 237 43 170 7 175 83 238 91 60 178 43 233
    160 206 139 87 224 2 218 55 50 218 165 135 255 226 82 200 161 188 80
    73 23 135 250 59 222 137 200 7 102 201 241 18 232 130 250 165 255
    192 223 101 163 238 20 170 207 87 1 194 55 223 225 225 153 83 207 30
    49 45 31 7 216 48 161 10 165 103 63 12 139 164 120 99 45 163 109 188
    84 71 235 226 60 35 43 126 34 177 31 68 228 24 116 236 168 182 84
    100 185 30 149 70 215 166 134 149 42 153 34 133 64 177 234 134 230
    39 145 39 166 68 136 210 42 75 23 199 32 81 120 196 210 103 2 236
    105 120 113 225 147 19 179 238 136 91 91 167 177 192 231 11 209 234
    106 156 121 116 246 193 7 166 32 92 204 248 74 153 124 12 175 46 159
    6 213 75 114 226 71 46 161 19 248 14 65 32 200 126 101 109 205 78
    125 152 32 196 230 208 107 47 155 62 201 130 78 147 51 173 209 65 0
    5 145 62 218 157 108 1 65 115 155 84 189 54 5 194 5 197 237 122 145
    184 218 208 153 15 207 24 103 96 77 228 176 84 181 112 161 219 136
    187 143 105 50 178 149 112 214 172 109 250 97 103 246 119 25 206 81
    85 45 32 97 92 142 8 12 1 92 54 78 182 63 158 187 223 229 115 208
    245 249 60 70 109 102 122 248 149 157 83 27 76 224 211 119 199 235
    55 139 143 23 137 82 158 221 168 24 170 0 56 46 110 118 49 104 154
    220 158 20 58 227 115 28 12 79 171 28 31 10 206 141 9 112 100 217
    184 145 249 40 139 249 48 12 222 106 91 163 47 125 90 36 15 19 236
    94 49 53 137 92 50 58 9 152 12 113 231 157 239 163 36 177 229 34 196
    143 78 71 74 145 189 141 21 14 243 142 14 105 142 236 78 95 65 69 98
    107 255 229 9 146 199 98 55 146 132 144 243 197 11 141 172 234 243
    186 242 2 98 138 37 73 208 45 245 96 184 180 105 167 106 189 81 130
    254 62 223 162 243 35 246 192 119 249 65 152 179 253 115 221 205 190
    86 236 255 237 94 42 149 118 174 220 34 181 109 198 131 224 178 134
    91 215 119 88 47 62 250 118 46 155 45 151 166 187 124 190 134 35 228
    61 105 53 88 235 154 6 245 102 131 137 61 123 165 228 168 191 123
    222 33 97 4 84 124 134 153 176 133 64 254 206 148 104 221 204 239
    224 60 133 100 109 215 104 87 233 135 180 242 105 159 182 202 22 209
    249 104 168 200 154 62 53 207 200 212 196 9 186 138 32 102 158 114
    42 240 20 100 230 115 45 59 132 137 63 154 131 26 136 137 165 112 98
    5 213 28 97 93 193 49 149 169 126 199 29 227 113 10 196 47 222 48
    190 147 131 128 71 151 107 130 255 166 204 50 114 168 204 191 63 128
    115 184 53 32 154 48 24 81 98 120 223 202 60 29 10 55 114 16 50 38
    143 39 190 139 157 205 244 103 80 143 57 244 198 109 42 246 55 23
    170 198 43 59 222 118 227 231 202 141 221 143 187 109 16 194 216 218
    154 163 220 11 6 30 1 17 157 44 162 87 18 192 182 70 188 68 211 120
    190 239 171 186 190 108 90 77 52 130 92 133 142 242 197 177 10 7 205
    64 219 235 148 233 230 145 194 40 124 191 33 112 214 3 105 213 139
    93 252 160 141 251 47 94 132 177 246 87 24 201 26 193 165 230 4 249
    141 148 63 245 125 188 27 67 82 5 143 193 151 103 230 222 33 235 234
    80 148 87 96 175 174 68 133 87 50 186 166 21 37 98 177 233 58 5 252
    205 103 86 193 221 204 90 15 65 11 164 244 73 87 165 202 196 33 105
    251 77 119 232 109 219 136 246 24 220 115 7 145 128 157 113 71 46
    200 123 9 250 92 217 85 210 146 42 132 250 197 94 133 155 97 243 68
    196 150 186 126 200 136 176 88 208 210 230 159 99 166 187 57 194 252
    24 72 72 250 114 214 182 173 233 116 212 166 12 207 77 211 141 218
    214 141 251 194 131 206 70 241 220 178 241 69 108 102 184 65 8 59 55
    249 86 79 175 158 141 145 92 198 230 85 123 143 130 23 254 0 40 51
    37 145 64 93 31 113 48 167 154 165 80 80 52 89 55 230 96 155 86 7
    218 208 86 227 48 46 236 16 132 194 90 185 146 162 169 37 47 161 42
    56 165 33 22 5 208 83 242 23 34 105 255 202 107 240 56 154 106 118
    97 162 185 246 60 114 191 205 200 150 172 62 49 164 201 211 180 19
    53 93 166 40 93 49 178 71 152 31 91 27 89 100 181 154 23 99 82 53
    154 203 56 50 234 133 143 107 201 45 174 137 131 48 71 33 154 97 74
    50 104 146 209 15 96 114 42 162 70 136 218 244 183 170 183 9 172 196
    170 160 15 136 122 96 75 84 229 198 55 227 145 56 49 142 249 147 209
    214 166 246 146 156 132 12 74 70 215 172 12 238 240 8 104 72 7 98
    108 169 140 63 20 182 166 145 28 217 120 149 219 223 207 173 114 132
    135 253 182 172 29 0 218 47 151 65 46 243 43 254 187 253 174 148 8
    189 115 10 180 208 197 255 174 120 222 67 156 247 52 234 2 83 7 243
    151 81 254 147 35 218 80 105 64 18 164 135 118 221 87 163 36 208 165
    175 195 157 57 179 3 178 147 173 119 78 37 74 153 36 104 146 219 24
    198 127 71 205 55 109 9 5 241 160 51 199 124 221 114 215 134 241 210
    56 107 224 138 220 13 145 165 107 105 214 159 91 3 7 99 72 156 246
    42 26 67 209 161 185 55 47 28 85 130 214 231 211 174 7 137 251 162
    166 161 18 206 47 138 35 119 190 165 57 183 32 225 162 192 226 97
    249 155 135 181 3 74 208 129 209 94 135 109 88 115 69 236 250 203 47
    35 1 110 99 35 5 179 202 1 236 2 178 125 56 48 230 25 116 28 79 159
    233 96 193 74 196 249 218 223 12 102 222 12 236 47 46 24 202 197 228
    69 9 147 149 167 76 39 178 142 13 82 94 102 160 38 253 204 141 26
    120 204 135 143 112 86 168 202 102 200 191 84 141 135 156 95 161 152
    106 138 29 137 134 133 198 27 164 154 84 12 92 168 102 60 254 42 183
    169 166 79 220 85 222 197 213 155 68 68 195 214 60 164 224 42 158
    245 79 231 37 239 145 160 141 98 152 71 55 130 120 46 210 180 6 4
    252 133 238 220 56 46 13 252 39 60 105 103 14 156 99 70 186 15 247
    160 48 120 195 39 47 116 4 213 193 235 58 81 153 231 136 192 74 104
    85 252 109 253 148 247 237 68 87 52 55 251 120 73 166 149 42 245 11
    111 162 246 186 140 188 92 59 218 185 74 234 245 25 1 51 165 41 146
    9 153 33 225 46 254 113 184 106 2 98 65 202 47 181 111 165 30 172 32
    140 48 129 165 39 222 244 30 96 228 144 251 50 237 158 45 44 65 48 1
    68 209 39 139 32 131 94 54 156 134 55 120 106 155 86 160 183 158 37
    37 13 146 93 242 228 95 91 84 47 147 201 5 219 84 41 64 252 182 239
    140 10 135 92 155 44 67 247 77 106 190 30 105 58 69 135 214 246 241
    67 80 245 190 203 20 191 230 238 62 163 103 188 189 10 26 148 235
    142 97 78 74 92 135 45 173 35 50 210 22 179 122 37 20 31 75 24 248
    23 56 42 174 161 12 149 39 102 199 55 236 54 109 198 212 99 172 86
    33 209 237 190 244 100 85 48 132 246 145 218 171 94 99 181 248 88
    134 75 7 143 148 188 190 36 19 21 127 133 149 11 108 23 40 61 210
    101 111 83 107 43 182 16 131 166 37 194 121 199 78 23 105 33 67 107
    191 255 251 45 216 113 195 159 255 124 104 67 39 100 25 112 104 232
    175 225 179 166 11 54 189 6 211 230 166 5 197 148 62 0 145 20 240
    175 71 144 64 63 216 59 102 100 145 19 161 172 163 188 230 178 191
    48 122 51 51 151 28 248 51 191 14 143 125 82 170 176 21 69 10 180
    254 143 153 4 7 97 199 190 86 102 126 59 58 164 173 108 135 6 66 57
    37 150 182 145 43 80 211 79 112 184 35 198 236 253 176 190 86 217 83
    194 173 108 103 137 30 126 21 112 16 190 60 79 116 47 128 72 66 45
    190 193 36 108 122 118 1 90 86 49 196 213 80 227 47 4 231 206 193
    238 163 215 125 253 221 83 242 113 146 106 25 219 170 151 161 123
    230 137 67 41 130 124 116 242 64 200 180 64 149 115 93 163 86 74 195
    141 135 36 245 72 49 236 100 245 218 184 22 124 25 14 252 61 167 244
    199 13 49 170 160 22 118 183 131 107 198 11 19 175 120 64 72 82 131
    185 14 239 47 70 88 231 168 95 249 225 199 128 106 110 60 133 16 212
    6 236 1 1 106 167 212 186 90 66 24 186 7 68 237 223 132 241 193 186
    20 199 154 116 187 162 14 124 93 124 152 38 224 183 60 165 175 21 8
    85 213 65 0 241 54 212 87 97 47 24 125 55 177 78 51 101 152 114 205
    214 242 4 226 172 32 254 151 160 140 16 188 62 48 203 237 123 117 56
    131 138 223 127 237 220 72 166 236 127 155 30 129 5 223 16 19 82 68
    88 124 200 113 137 80 211 21 43 133 115 138 37 242 193 151 113 245
    148 227 110 191 180 240 197 171 217 213 191 151 211 142 42 156 83
    151 249 175 126 231 33 162 5 34 128 36 134 64 157 206 216 129 119
    182 147 25 101 84 136 204 244 200 158 107 247 235 76 54 9 53 103 160
    225 131 105 39 159 220 9 96 47 21 13 10 37 86 102 143 19 214 41 66
    219 90 39 101 213 38 186 239 39 15 204 162 178 93 229 176 213 124
    221 184 248 62 226 155 165 180 124 7 111 163 127 104 236 248 195 56
    98 131 84 72 41 239 69 254 168 250 114 211 212 119 87 31 53 104 249
    182 206 15 122 180 41 51 2 102 198 201 248 211 77 215 100 88 181 175
    179 212 168 111 58 183 73 17 17 202 73 226 254 40 249 162 96 87 135
    186 212 67 189 190 101 238 172 106 6 243 195 70 2 193 142 144 27 169
    84 142 22 34 135 158 148 24 229 176 99 91 154 135 126 151 69 14 231
    192 206 83 110 209 92 137 121 195 244 173 152 91 34 75 214 139 219
    171 157 27 45 160 29 8 187 61 244 227 231 111 77 188 30 193 50 124
    124 201 165 199 119 190 88 23 224 127 2 36 35 95 80 238 202 150 118
    216 7 224 192 3 72 240 204 119 194 1 73 212 33 74 114 89 22 242 27
    181 103 212 220 27 125 11 189 57 198 157 155 99 185 42 207 237 230
    160 187 131 91 206 194 3 145 162 140 235 247 18 177 19 223 210 115
    22 72 228 11 171 72 134 60 75 15 246 224 201 172 172 151 64 141 45
    203 15 26 60 227 60 65 36 213 74 61 195 98 120 232 57 240 81 20 119
    156 142 178 100 138 17 253 167 113 246 70 208 172 20 201 84 128 163
    37 147 80 173 106 220 180 154 145 146 116 146 141 80 240 236 215 221
    65 41 61 72 9 219 118 111 81 44 157 54 186 203 76 182 1 172 132 89
    211 163 185 202 39 176 86 197 87 255 176 33 186 117 110 161 56 86 73
    79 223 0 136 137 245 242 105 131 23 11 193 194 45 129 236 196 90 174
    31 70 11 125 197 212 66 49 199 96 161 114 102 173 120 171 204 239 7
    73 252 158 134 53 91 111 147 173 104 53 31 143 95 28 201 53 128 132
    254 109 201 209 214 136 102 185 165 46 5 173 247 221 161 201 12 13
    186 8 87 226 202 227 51 226 83 95 80 129 50 25 200 218 27 51 67 14
    89 116 48 27 11 152 158 180 149 221 16 144 4 163 42 181 179 236 100
    26 127 161 53 103 80 186 101 165 179 185 203 138 129 250 53 240 196
    101 82 102 140 138 190 176 235 181 178 178 170 85 142 47 253 117 207
    88 76 28 28 2 175 118 221 224 251 16 169 44 70 243 254 79 18 106 146
    145 16 229 189 38 187 4 26 95 238 13 111 62 19 86 132 188 184 192
    172 93 18 144 93 219 39 35 163 255 251 104 73 86 232 128 33 184 54
    60 237 242 119 72 101 15 88 210 213 205 133 45 72 205 55 81 193 193
    109 49 143 95 120 85 107 153 199 31 113 37 87 42 116 100 130 40 161
    176 139 67 93 130 170 63 64 27 118 219 97 194 163 49 40 220 64 231
    95 0 167 59 106 216 75 233 173 255 149 157 84 33 138 143 217 29 197
    50 74 112 214 81 245 135 62 163 200 14 172 171 16 235 244 63 180 142
    225 53 196 72 80 17 65 125 194 181 124 23 210 43 93 73 15 141 10 53
    89 188 203 172 62 33 34 79 223 109 2 48 238 47 51 47 232 38 169 45
    90 131 132 179 127 27 102 241 68 2 245 100 208 18 69 10 173 133 15
    160 244 148 213 200 197 216 52 20 65 73 32 45 92 50 46 82 246 254
    173 195 142 49 160 76 16 220 30 113 179 241 140 76 137 145 184 207
    204 40 112 80 189 183 202 247 160 214 124 176 255 254 137 237 225 53
    230 24 173 157 139 32 62 62 38 193 30 184 97 214 154 170 179 68 94
    247 199 37 189 19 58 1 217 238 12 154 93 208 118 5 204 198 125 29 45
    28 75 92 180 166 128 74 132 188 73 105 34 125 131 45 213 137 254 193
    130 103 204 114 75 239 31 173 235 202 155 143 244 203 177 9 136 221
    41 63 102 227 44 246 84 134 11 253 219 43 202 180 107 57 34 39 93 61
    48 60 210 52 115 89 206 232 248 181 44 131 48 143 231 83 233 242 110
    15 67 177 249 82 54 35 194 99 97 177 243 67 69 54 185 228 202 180 24
    4 136 60 99 194 30 232 185 161 111 239 232 33 133 107 214 120 151
    175 145 18 147 228 238 3 226 129 232 67 146 223 189 123 4 64 168 249
    86 160 78 234 93 84 86 70 245 113 24 224 193 62 134 220 165 65 81
    202 151 6 3 41 195 118 4 113 157 34 220 109 1 96 55 118 63 152 17 11
    212 57 180 46 98 7 79 43 69 88 89 47 13 106 154 33 83 114 40 230 250
    120 205 76 131 147 133 74 152 125 250 16 139 138 6 249 79 8 129 18
    64 223 45 36 119 13 210 41 53 241 199 152 252 194 175 38 211 151 112
    43 91 96 141 39 38 201 77 64 236 77 136 14 26 150 228 82 171 143 119
    209 105 181 177 190 189 97 15 84 162 71 212 25 82 41 96 252 212 93
    246 191 156 75 208 49 227 122 234 244 165 180 217 148 242 168 119 59
    158 241 231 44 75 47 12 51 115 170 196 43 14 147 102 79 0 132 195
    175 107 47 174 66 43 40 234 244 71 115 236 233 15 113 201 167 243 50
    31 178 129 167 109 154 252 193 136 77 216 126 32 93 3 43 170 246 5
    97 83 73 43 166 51 195 142 12 247 108 192 197 189 47 158 72 205 84
    234 153 71 208 208 94 35 182 109 19 53 106 71 70 8 189 190 234 246
    15 172 119 125 168 17 88 253 60 168 71 134 34 210 75 113 228 5 206
    231 246 231 76 123 178 44 8 213 75 157 249 98 168 208 157 145 169
    112 45 49 233 177 35 125 115 64 57 97 10 142 207 173 135 243 198 16
    50 211 183 246 82 121 109 51 124 158 158 146 54 238 222 99 102 39 76
    154 64 173 40 93 26 127 246 150 231 125 132 10 56 108 26 252 212 214
    220 252 38 101 88 122 198 49 32 160 207 112 223 58 45 75 146 155 206
    95 243 247 15 166 28 136 55 115 120 187 186 57 201 13 13 74 192 117
    73 69 183 212 118 95 26 102 32 147 66 204 184 243 97 81 31 191 110
    15 232 126 200 205 111 200 247 156 58 240 14 151 36 184 248 147 62
    253 68 186 67 116 96 230 252 103 216 133 86 255 20 129 34 4 133 209
    202 156 85 17 176 250 220 217 138 21 179 57 233 57 141 82 93 36 52 7
    109 163 9 205 26 213 98 147 7 124 127 98 15 202 150 2 56 149 60 11
    11 52 93 217 61 194 94 10 212 73 156 196 200 59 226 179 219 195 212
    184 188 11 98 137 242 10 222 254 25 3 175 121 211 255 85 97 100 67
    55 226 142 183 55 9 243 161 120 127 151 142 20 237 201 99 183 16 196
    62 30 191 236 11 230 139 103 90 1 182 79 220 5 49 105 136 92 158 239
    191 190 113 133 198 14 147 20 36 97 150 160 222 69 64 73 233 5 227
    148 241 188 134 15 156 95 4 62 76 111 151 211 168 84 204 19 130 94
    63 45 9 208 54 139 1 51 175 184 235 242 207 3 40 210 252 179 138 18
    176 72 212 147 139 220 177 83 71 159 203 138 147 180 46 118 217 134
    108 12 160 177 100 78 102 6 12 195 42 167 16 244 65 183 197 137 0
    220 66 213 124 62 74 217 237 247 97 130 32 16 189 104 251 49 238 170
    121 27 248 164 228 240 216 4 103 200 182 221 166 5 176 118 97 98 233
    191 127 67 32 97 242 91 183 163 91 123 117 188 22 45 114 237 46 190
    15 141 111 158 188 220 5 75 190 158 126 62 186 238 215 209 98 100 33
    224 106 246 186 26 81 118 6 134 59 175 220 107 93 27 223 87 109 135
    199 242 170 85 51 230 220 126 101 136 70 195 100 203 96 203 241 75
    104 11 244 74 248 180 46 38 203 243 133 159 130 186 126 212 238 210
    194 191 95 169 207 27 47 146 241 212 199 241 128 89 56 38 1 115 197
    57 102 238 126 7 86 87 70 20 114 125 244 211 54 38 199 54 205 180 97
    172 58 212 77 208 38 14 140 77 210 56 74 70 97 79 192 41 75 235 61
    197 78 213 90 94 136 81 128 157 207 34 130 242 148 183 55 126 89 133
    193 242 220 218 108 213 80 53 111 86 129 81 156 207 126 52 48 234
    170 157 131 142 245 149 11 215 213 100 239 170 163 199 75 58 24 18 9
    68 138 213 201 22 121 87 102 112 20 97 179 204 48 128 119 14 66 7
    142 153 196 39 160 179 49 98 236 23 213 231 52 242 111 89 86 104 165
    164 37 237 179 185 236 147 128 169 19 84 98 19 67 41 102 133 195 147
    59 218 86 46 209 86 152 209 224 211 228 27 110 96 63 132 168 227 226
    18 189 0 125 193 17 152 254 62 255 132 144 138 77 11 235 76 5 136
    222 204 190 253 28 171 54 177 174 45 66 66 147 233 234 167 234 124
    238 138 48 133 10 184 83 51 116 15 15 221 71 70 226 212 248 134 218
    187 208 23 51 30 85 148 142 2 166 163 34 51 66 88 248 124 107 48 169
    197 36 204 217 49 107 189 252 8 212 28 204 140 116 45 2 240 40 59
    190 79 252 80 228 229 209 165 148 161 190 103 75 241 38 138 130 202
    228 226 220 29 54 163 219 16 211 162 241 47 237 231 173 219 1 171 76
    175 128 238 101 97 89 126 180 148 74 55 67 74 61 115 107 192 55 152
    201 205 171 243 221 119 93 229 137 234 174 158 53 123 170 37 183 12
    58 170 8 191 190 166 197 240 93 175 53 169 244 231 71 136 23 83 164
    58 6 139 93 21 219 117 194 65 133 52 201 2 170 38 171 239 28 220 44
    195 99 146 44 44 166 201 250 161 91 48 119 234 72 35 211 235 178 189
    249 46 84 45 154 109 175 210 198 156 23 103 151 206 148 89 120 221
    213 142 25 101 102 96 106 42 194 0 147 182 141 155 232 67 13 56 252
    43 183 94 148 230 136 178 28 36 201 100 58 17 215 104 189 233 17 19
    143 134 68 175 206 161 101 16 18 196 50 253 206 34 35 70 112 229 14
    106 224 173 226 33 183 27 17 45 124 214 71 155 86 16 248 236 228 239
    191 27 117 135 43 30 240 88 201 203 251 236 147 83 90 214 206 183
    212 44 43 108 242 158 111 6 91 103 70 97 126 244 90 164 1 145 112 49
    220 219 24 189 229 244 19 107 53 7 54 186 166 159 198 176 205 224
    235 133 240 62 5 9 3 240 120 224 222 217 6 139 201 25 212 155 98 204
    137 179 74 240 165 32 66 243 183 242 211 220 40 139 17 134 73 232
    123 218 216 126 164 215 123 158 128 84 152 129 177 3 208 93 102 64
    200 249 11 180 204 54 187 32 140 54 77 120 74 189 77 187 70 153 27
    27 180 190 53 249 203 129 110 237 79 88 33 141 224 215 34 146 27 78
    211 215 75 110 208 19 24 116 138 254 190 163 108 97 111 6 40 36 100
    139 215 95 250 215 254 105 236 167 240 100 43 243 51 92 161 65 136
    146 80 251 187 226 236 8 80 116 168 220 133 44 231 235 177 255 243
    63 51 204 186 36 124 232 212 146 215 22 91 140 209 165 175 42 2 76
    134 102 116 120 134 190 224 12 205 217 61 146 222 177 148 223 118
    237 9 160 2 81 17 176 122 46 176 13 159 93 157 245 227 53 193 146 79
    39 109 140 157 152 55 117 103 48 0 67 230 154 189 211 215 196 225
    199 8 241 45 164 228 182 205 0 59 121 20 23 107 9 251 207 150 75 41
    68 57 166 112 85 252 106 206 72 166 234 77 114 23 91 61 110 156 60
    32 42 22 110 253 145 206 119 188 69 138 0 245 52 208 59 93 230 109
    59 80 121 68 213 83 219 231 99 31 206 27 193 100 99 78 110 35 78 94
    176 158 214 122 233 78 131 180 43 132 26 111 70 177 198 117 72 49 72
    76 2 106 206 56 25 189 133 91 114 21 151 67 246 36 0 33 183 172 97 2
    194 211 164 198 218 129 97 143 17 61 77 52 237 235 218 243 168 164
    212 9 85 220 203 207 247 232 158 142 167 143 150 108 126 115 213 35
    38 251 78 215 194 40 79 181 156 112 98 122 52 78 154 95 178 212 190
    125 172 76 56 218 96 131 29 68 78 239</data></test_img>
<my_img type_id="opencv-matrix">
  <rows>128</rows>
  <cols>256</cols>
  <dt>"3u"</dt>
  <data>
    66 255 147 68 48 0 255 66 0 255 83 17 32 139 228 0 152 72 255 23 40
    54 47 0 153 0 45 255 0 0 242 202 255 255 0 0 199 27 143 130 1 255 54
    76 0 82 35 102 19 120 60 0 0 255 255 21 255 0 0 4 26 0 96 74 0 255
    14 137 255 255 255 255 0 255 222 0 223 255 45 255 188 206 175 56 255
    224 0 0 150 255 19 255 205 0 5 87 201 0 145 255 0 255 255 114 255 0
    33 244 146 84 0 0 121 165 167 58 39 53 255 232 183 255 171 0 65 3
    179 255 0 59 0 255 255 233 141 0 49 152 58 70 85 45 138 6 87 94 189
    2 4 255 210 126 117 255 196 21 42 8 0 121 255 0 51 255 255 85 0 255
    84 129 0 97 0 0 0 249 149 0 116 0 105 73 255 0 58 48 62 223 31 255
    255 25 56 255 72 191 0 0 255 255 66 85 0 0 129 81 105 255 255 62 161
    19 211 236 41 198 255 225 0 255 0 197 136 0 118 255 0 18 50 123 255
    199 4 194 72 229 66 40 20 0 184 0 162 255 175 232 181 85 178 59 0
    179 217 99 198 120 168 0 90 66 255 201 227 74 252 255 133 152 224 25
    173 100 107 24 62 0 92 142 207 62 242 89 126 138 160 0 255 186 0 24
    0 0 169 0 78 245 56 196 54 125 255 79 179 82 221 255 255 0 78 78 255
    255 0 0 38 136 0 115 149 137 238 164 113 0 255 76 42 113 113 255 206
    39 226 156 0 248 225 124 169 255 161 20 180 243 119 255 149 4 0 249
    226 73 109 255 211 255 0 0 255 42 103 0 100 255 255 255 255 255 186
    255 223 255 84 37 181 255 159 0 255 48 0 0 47 137 255 3 14 255 0 13
    0 214 255 188 255 140 63 26 0 0 0 167 34 255 0 0 255 0 0 82 255 0
    182 180 0 0 0 0 24 191 0 0 157 10 1 240 169 45 157 255 55 255 13 248
    31 0 0 255 73 51 255 0 193 49 18 255 53 255 50 4 255 0 215 255 119
    255 146 0 118 255 87 118 66 255 150 110 88 255 255 255 139 255 0 20
    87 0 146 174 0 0 0 51 239 82 160 143 153 241 253 255 0 237 221 0 22
    96 141 186 128 0 134 141 194 141 228 127 94 82 177 255 162 255 218
    176 135 205 236 61 153 244 98 123 92 165 0 255 0 13 0 0 214 32 210
    70 195 0 204 75 0 122 77 94 0 182 10 218 25 255 255 255 181 140 241
    145 243 0 187 244 162 9 255 76 0 255 169 111 0 233 22 0 251 248 0
    255 0 0 200 119 255 32 0 0 74 188 228 255 0 218 160 28 165 141 255
    255 173 182 255 0 0 206 0 162 0 0 255 255 0 255 255 255 156 125 185
    0 166 255 69 255 229 12 111 0 52 79 247 159 78 237 32 60 120 103 99
    1 117 80 33 255 237 233 81 141 159 0 255 255 204 255 255 255 71 173
    0 255 0 140 255 0 135 163 255 255 0 148 225 39 0 115 245 244 255 48
    84 3 255 89 91 255 0 255 63 255 101 0 255 51 98 233 209 87 0 19 164
    0 20 61 255 255 61 149 6 255 208 212 255 7 0 255 131 255 255 0 152
    228 76 255 0 0 140 0 255 243 255 255 12 118 214 222 197 255 255 141
    255 0 4 0 149 30 0 9 173 52 0 0 0 219 0 255 168 0 29 251 34 255 255
    0 65 0 238 81 204 218 0 112 163 255 13 255 0 0 150 58 76 255 25 0 0
    0 78 83 171 168 255 255 255 0 66 29 0 148 129 177 73 59 255 184 0 32
    147 129 163 255 0 255 23 0 181 134 0 161 28 255 127 99 255 109 119
    138 208 255 18 232 252 146 176 234 92 107 68 223 143 0 255 227 0 255
    70 232 97 0 255 12 0 0 255 103 195 123 255 255 0 170 58 8 0 157 210
    255 218 214 0 133 206 245 148 132 246 255 72 142 176 123 118 0 0 79
    34 66 95 201 145 71 163 15 70 207 255 189 74 58 255 146 255 172 255
    148 0 35 0 194 211 0 105 52 255 153 90 255 6 0 162 56 0 255 87 133
    239 255 0 255 255 38 0 255 0 0 0 14 0 225 255 29 255 253 255 165 0
    154 18 49 21 47 173 25 234 102 255 189 255 58 101 255 197 255 207 0
    0 243 0 255 0 228 0 0 28 0 101 203 250 43 204 174 255 73 0 255 0 246
    0 33 218 0 136 0 134 242 69 21 153 236 0 234 255 135 0 0 234 219 255
    255 177 22 4 255 223 0 247 0 185 255 21 255 255 255 171 131 0 0 236
    0 206 255 152 6 146 226 201 0 255 140 106 39 255 188 255 139 21 187
    201 72 240 255 102 144 0 148 33 255 47 36 222 255 255 144 0 255 172
    0 255 87 29 218 30 224 20 0 101 255 66 56 73 154 134 202 249 146 0
    105 199 127 1 220 178 204 208 238 203 211 68 198 9 252 255 170 255
    42 255 255 184 191 3 13 153 238 254 27 120 225 16 255 246 56 255 221
    155 0 153 145 255 255 81 0 255 195 72 22 122 139 255 196 224 255 255
    255 146 103 0 178 175 255 177 250 167 204 94 201 255 255 255 39 74
    189 255 130 103 174 0 82 133 220 255 8 255 23 255 34 14 53 228 105
    105 99 44 2 0 254 67 0 255 161 191 204 255 246 240 251 255 255 45
    182 6 201 52 205 224 75 190 48 255 47 255 255 0 0 159 219 7 255 0
    111 249 255 89 38 118 143 0 57 138 0 182 0 170 255 0 247 255 255 255
    204 244 40 120 0 20 255 114 222 173 245 0 0 176 255 200 233 142 28
    132 255 215 74 255 255 200 179 210 205 23 32 255 255 9 254 255 0 20
    234 0 0 255 100 226 184 0 165 158 236 78 150 255 97 255 108 227 197
    130 212 32 192 254 233 77 255 71 78 180 152 70 41 144 243 0 0 224 0
    181 132 0 135 0 255 199 105 151 18 0 94 255 148 0 0 188 0 255 0 255
    255 255 255 0 204 0 253 71 201 21 92 129 255 189 0 255 255 151 55
    255 71 20 255 116 255 0 61 255 0 255 159 215 154 136 0 0 255 71 255
    107 80 255 54 17 0 93 255 0 0 0 184 255 255 0 175 173 187 21 161 255
    159 247 144 0 86 255 11 255 0 18 105 33 164 177 0 0 166 255 255 255
    140 58 0 0 0 255 125 0 0 5 237 255 0 96 180 204 209 176 127 38 113
    255 197 247 0 118 176 14 25 0 41 109 255 91 171 163 26 0 36 163 228
    53 230 95 198 255 41 57 155 236 103 5 89 37 241 140 229 0 255 255 0
    252 125 0 255 177 119 129 126 255 255 235 69 168 84 255 54 179 0 238
    0 250 200 230 105 84 255 255 0 0 255 254 255 69 0 117 232 70 255 0 0
    255 255 0 121 192 36 255 255 240 79 181 187 67 0 246 243 0 217 35
    235 79 68 255 0 88 109 255 137 10 97 255 255 0 255 196 0 0 60 125
    175 114 243 255 186 47 180 255 255 50 151 255 6 164 94 229 37 255 0
    210 247 80 255 125 0 77 238 132 83 143 102 255 0 33 206 137 215 126
    91 193 176 0 37 0 213 45 255 182 0 255 124 77 218 139 148 234 0 180
    255 255 14 67 0 0 203 14 84 68 112 0 13 0 242 0 0 123 45 60 61 192
    255 66 65 36 122 89 141 238 255 255 219 159 255 174 33 255 228 254
    255 0 0 255 39 125 88 144 215 255 92 0 0 255 21 196 137 120 0 13 255
    107 99 52 170 0 205 255 146 255 188 0 110 105 195 136 0 149 75 255 0
    5 183 0 82 171 0 32 250 255 25 37 57 236 102 14 18 255 81 0 243 174
    255 0 209 146 64 255 50 139 172 179 143 204 129 22 255 0 0 255 255
    160 0 255 0 184 27 148 176 85 40 255 0 153 95 255 93 83 187 221 168
    16 255 255 160 0 0 255 131 90 59 89 101 0 255 4 182 216 151 205 67 0
    219 0 2 255 42 255 139 162 255 0 74 0 255 255 0 105 253 56 245 255
    88 0 194 196 139 163 17 137 0 0 0 255 30 66 128 185 64 101 255 39 38
    58 228 0 57 135 174 185 255 227 156 233 105 67 162 5 205 95 92 187
    14 33 0 42 255 99 190 59 255 255 253 255 66 125 51 243 113 213 84
    255 201 65 142 222 50 49 0 108 92 149 104 97 0 255 76 97 205 255 166
    171 255 0 69 211 179 115 255 69 104 204 141 231 110 159 0 145 137
    255 0 29 200 193 0 117 0 141 50 0 201 0 208 0 9 128 0 35 215 184 39
    71 134 255 56 255 208 0 130 255 91 117 50 79 178 226 100 206 0 19
    210 77 141 91 173 253 0 137 167 113 237 6 241 255 0 255 71 153 255
    255 255 113 93 156 63 248 158 0 0 255 214 124 255 249 236 127 0 255
    255 255 250 192 184 185 124 43 51 101 206 171 255 255 236 255 255
    197 1 238 135 26 189 212 156 0 9 11 228 255 117 0 92 99 244 90 167
    237 137 145 239 141 21 93 2 53 255 109 0 255 255 164 0 133 51 207 0
    0 2 255 131 58 216 0 0 240 101 0 174 71 36 151 193 59 44 255 0 113
    109 0 209 110 255 162 0 115 7 250 141 210 255 87 58 255 0 140 255
    226 0 211 0 80 255 0 203 171 0 5 124 11 255 18 163 5 0 148 235 255
    255 178 0 38 100 254 233 236 0 200 0 173 0 76 0 107 179 209 197 71
    99 0 24 40 29 255 37 13 157 247 170 133 166 95 103 12 0 30 41 164
    193 172 246 255 255 0 163 205 0 0 119 95 93 45 125 255 185 255 100
    255 3 255 255 95 255 0 0 86 140 124 255 0 255 106 146 102 0 0 0 71
    12 99 255 200 139 0 203 123 0 249 83 0 75 195 0 0 105 255 240 27 0
    192 61 177 25 72 60 7 90 63 85 158 185 0 0 16 255 215 234 216 223
    255 0 3 128 0 91 255 255 0 178 213 190 243 129 5 82 81 9 212 219 255
    37 41 255 0 255 11 0 133 255 191 255 255 162 223 99 174 46 181 237
    90 243 255 215 200 20 140 213 216 116 125 255 0 17 194 0 65 150 232
    0 0 0 255 255 255 255 58 234 196 205 255 91 0 26 0 123 0 255 138 0 0
    152 255 217 30 0 156 2 89 198 70 255 0 159 0 255 0 0 255 152 0 0 84
    0 14 0 255 219 191 58 62 86 39 160 237 238 127 139 255 106 0 255 26
    255 190 0 87 255 49 0 28 69 0 84 0 22 255 50 0 118 16 232 133 154 0
    170 226 185 255 150 4 39 0 210 0 136 0 0 0 31 110 255 246 255 255
    255 114 255 42 102 28 89 0 255 132 0 191 227 255 52 255 204 96 190
    255 111 0 134 255 52 213 255 255 184 0 81 255 117 0 0 210 15 0 51
    219 131 23 0 82 255 196 0 193 255 50 0 0 131 250 204 19 255 250 195
    180 159 26 255 0 0 33 250 0 0 255 0 255 184 158 34 192 79 55 165 0
    255 0 151 187 254 205 114 124 171 183 0 0 53 4 4 255 156 36 54 174
    83 255 154 255 255 255 123 240 255 255 0 255 0 19 255 34 255 192 238
    14 0 0 194 0 0 255 228 255 0 27 209 0 242 57 129 9 52 255 9 0 255 91
    255 40 47 0 0 234 13 106 193 120 255 89 0 210 103 28 10 216 227 0
    156 255 105 0 181 0 201 0 222 0 0 0 20 0 255 75 0 154 249 222 30 34
    0 0 146 210 255 17 170 48 233 100 79 255 84 128 243 185 33 255 255
    252 51 244 157 255 27 229 93 74 255 141 255 255 219 206 224 200 0 98
    38 0 0 255 223 0 154 106 0 40 38 64 155 0 0 46 255 174 228 48 0 119
    177 126 235 220 190 0 77 87 11 64 183 102 0 45 184 6 255 47 158 112
    0 186 0 222 129 0 0 77 0 0 253 0 147 83 0 255 224 0 176 75 170 167
    144 234 0 230 36 0 0 54 0 254 0 62 17 190 241 47 250 166 143 238 81
    227 245 46 69 0 91 255 255 0 64 76 255 32 255 251 82 38 0 145 32 0
    71 220 16 0 228 0 158 46 0 156 0 255 79 186 79 0 224 255 255 73 0
    255 110 164 0 212 216 141 227 0 255 219 0 103 9 79 214 255 0 254 255
    139 0 0 86 255 6 219 0 146 255 255 255 45 255 255 0 41 93 155 228 97
    0 184 49 236 111 0 183 102 231 76 0 255 179 0 0 215 255 90 86 255 57
    254 243 161 255 0 90 171 0 255 78 13 13 221 152 5 26 36 235 51 0 109
    255 249 255 105 0 193 194 0 46 118 110 172 79 70 255 164 255 194 83
    0 255 255 0 75 240 144 228 255 188 89 255 255 106 206 0 106 158 16
    202 255 135 220 247 42 159 4 114 255 50 18 89 0 0 41 125 175 149 255
    255 33 243 0 9 91 234 196 113 255 21 255 198 197 100 235 255 33 161
    85 255 178 255 75 197 0 121 38 241 151 0 255 147 1 200 8 197 0 141
    255 255 0 0 61 119 30 112 84 0 40 120 59 185 140 195 244 255 255 48
    173 59 133 0 0 0 93 255 255 97 92 0 255 184 162 84 135 123 157 0 0
    241 255 10 0 205 44 117 255 255 0 213 9 101 242 82 255 192 0 138 255
    164 37 118 29 255 255 84 143 255 162 209 255 116 73 0 210 176 0 0 45
    130 0 113 237 220 0 255 157 255 187 45 132 116 20 179 0 255 233 255
    64 236 255 251 244 227 150 0 255 59 255 27 161 255 109 0 0 74 204 0
    60 104 123 39 0 108 127 0 0 0 135 239 90 77 255 255 54 29 27 140 0
    116 4 97 147 255 9 30 0 157 255 72 137 143 0 0 107 247 0 255 205 127
    0 200 255 155 107 176 216 54 0 0 122 122 153 103 25 111 137 72 0 253
    178 79 200 73 255 101 172 221 55 155 182 255 254 166 0 109 140 0 183
    149 255 0 0 255 255 206 255 55 57 0 66 65 180 255 43 27 255 0 112
    255 38 13 144 0 89 217 214 211 255 231 6 255 0 113 0 110 19 112 228
    201 255 103 0 172 0 196 207 255 0 147 223 0 40 15 0 80 240 255 96 98
    99 225 0 255 255 178 175 83 0 188 0 255 18 10 77 0 157 255 79 163 90
    0 113 74 255 67 46 20 0 154 55 0 255 218 255 255 199 99 0 255 0 0 25
    149 176 69 55 255 232 15 218 255 37 1 0 0 0 10 255 0 142 244 238 0
    151 185 191 129 255 255 255 30 255 255 0 128 219 0 19 0 0 45 255 0
    253 135 38 0 193 255 184 148 23 211 235 248 186 243 185 149 0 129 0
    60 150 0 220 0 219 0 251 43 215 255 201 3 255 137 14 63 255 11 1 255
    155 212 59 199 194 167 25 88 168 255 169 167 108 255 99 235 255 0 0
    0 56 125 0 74 255 162 255 157 255 168 13 66 92 170 39 224 84 172 50
    255 243 239 179 0 195 0 114 0 64 0 17 72 158 115 137 255 220 255 255
    105 255 255 71 95 255 142 255 255 0 255 24 53 205 146 211 51 0 126 0
    0 217 129 213 255 65 0 0 184 218 46 255 99 15 239 0 60 190 255 34 0
    21 239 0 114 162 31 0 0 255 209 212 233 0 244 198 21 38 28 255 195
    128 190 26 113 255 99 5 105 201 0 255 0 228 255 227 255 37 151 31 73
    236 1 87 180 247 255 223 126 97 121 29 17 158 255 255 255 43 49 144
    56 255 71 12 137 0 122 70 22 0 0 255 156 255 106 104 255 255 149 71
    202 255 170 0 193 218 60 159 183 161 238 237 67 255 255 255 21 255
    255 117 18 107 75 90 121 175 0 76 0 255 0 0 242 177 255 187 255 243
    128 0 255 205 214 255 0 172 80 23 255 255 0 77 255 244 54 0 117 0
    120 224 205 155 84 250 158 255 240 255 2 0 34 0 224 46 11 0 26 68 0
    255 221 102 255 16 235 169 119 255 8 5 255 237 0 255 57 255 255 139
    255 84 255 0 199 159 128 22 21 71 171 125 0 83 0 34 164 154 213 124
    255 138 101 14 0 154 0 0 162 59 186 138 0 255 255 255 166 161 255
    103 151 226 208 0 58 90 124 0 243 239 200 196 129 106 97 255 226 1
    150 14 0 59 68 255 160 89 149 0 0 149 237 19 42 109 1 238 166 22 249
    184 44 89 0 0 0 129 0 0 60 255 193 38 0 115 249 0 58 111 0 255 242
    142 0 0 168 255 84 255 41 190 250 28 0 150 147 68 147 186 0 0 219 45
    0 2 167 242 255 0 131 198 255 215 242 0 46 255 23 255 196 255 44 22
    255 100 0 94 255 201 247 176 255 255 0 74 249 0 244 0 228 87 0 192
    255 181 214 197 148 219 0 225 206 0 76 255 22 255 0 0 129 0 252 255
    104 216 69 0 255 0 111 80 144 239 249 255 140 255 255 240 174 0 210
    109 0 248 125 50 62 0 229 255 255 13 255 142 255 117 208 29 247 178
    200 255 158 91 30 6 255 50 0 171 255 34 11 0 171 255 51 206 148 1
    255 123 117 255 16 115 255 103 255 255 252 58 50 164 97 70 160 255
    136 96 237 75 255 196 240 255 35 208 176 112 40 168 244 63 198 39 0
    0 187 248 0 255 224 255 255 34 20 121 255 255 0 186 0 255 15 127 0
    48 255 146 0 104 226 177 131 47 55 255 255 0 0 133 0 236 0 12 95 84
    245 170 232 143 215 0 0 127 87 222 0 0 255 204 35 255 47 255 187 39
    255 0 0 255 16 55 76 203 20 255 0 255 3 255 18 165 11 0 134 213 255
    118 136 177 67 0 228 126 86 65 255 0 255 248 0 0 0 0 113 193 179 154
    78 255 255 92 151 255 174 170 38 149 0 0 229 255 100 60 8 38 0 88
    255 0 255 0 0 53 0 229 0 255 255 237 32 133 255 192 249 255 191 212
    142 172 181 35 0 160 255 185 0 255 255 60 115 52 225 206 59 234 255
    0 0 104 241 0 41 55 244 0 71 0 150 19 72 149 73 166 38 234 201 182
    249 163 11 255 202 197 30 173 230 149 45 210 173 93 139 23 0 20 255
    141 225 255 174 77 0 14 45 115 255 147 130 0 183 155 255 73 109 0 4
    243 180 215 0 152 81 0 34 172 255 91 255 213 172 255 72 125 0 216 36
    230 151 104 20 41 165 81 233 66 64 255 255 141 0 255 151 177 9 255
    176 161 0 137 0 95 50 0 15 35 219 254 0 255 43 0 255 49 139 0 255
    144 92 192 0 0 89 0 255 242 255 223 186 100 0 255 86 244 253 37 255
    7 0 242 255 255 0 255 20 0 0 0 77 255 213 179 0 237 199 0 255 13 255
    0 52 0 5 0 234 0 82 0 135 255 56 84 48 11 255 94 255 37 243 71 255
    113 185 255 6 0 16 203 255 154 49 230 169 169 108 55 183 8 206 249
    121 162 0 143 255 65 255 147 225 238 0 224 182 123 253 195 0 0 0 144
    189 74 240 200 191 177 87 255 255 55 255 0 0 255 69 41 29 0 230 197
    143 0 144 255 81 255 80 133 255 39 2 181 51 255 9 0 0 0 91 253 188
    239 113 228 198 168 18 255 105 0 39 255 149 32 21 141 164 255 0 115
    122 3 194 146 255 69 139 148 82 127 0 0 0 211 11 246 98 204 0 199 0
    227 0 87 229 40 214 0 16 0 0 21 190 0 201 213 156 122 169 205 0 132
    0 60 236 0 255 0 250 97 0 223 0 181 48 92 0 156 62 89 215 233 64 208
    140 33 131 202 255 174 48 55 255 164 140 0 204 5 241 0 194 255 255
    255 246 48 130 0 193 177 0 63 4 118 255 240 79 255 255 255 229 176
    141 255 0 91 255 46 0 190 19 0 31 100 255 0 255 0 0 84 154 25 213 0
    253 255 44 85 189 166 161 208 109 255 255 174 255 93 148 255 99 234
    173 0 162 255 0 147 197 0 250 255 25 208 0 254 164 119 0 226 255 227
    177 206 255 0 0 161 147 76 0 255 255 208 255 71 255 135 56 105 52 0
    146 35 0 155 0 255 38 215 0 187 18 0 192 225 83 255 54 200 87 131 48
    0 255 225 0 255 81 211 49 12 255 0 0 203 21 137 45 0 36 36 145 0 76
    131 255 255 163 24 0 166 123 0 207 255 72 146 73 208 244 223 100 0 0
    13 203 54 255 119 255 0 68 93 106 236 73 199 255 0 156 0 255 34 32 0
    192 61 4 78 0 255 0 0 255 74 255 251 213 255 148 83 204 229 0 21 57
    255 110 11 247 255 215 123 255 214 74 0 0 205 193 27 107 12 255 98 7
    255 0 255 97 82 15 157 109 29 244 0 104 91 203 255 0 50 255 69 255
    63 234 0 78 192 141 249 255 0 48 169 253 135 97 206 255 255 6 255
    255 166 0 204 178 0 198 238 2 0 255 0 255 17 255 149 254 212 194 73
    105 0 82 0 136 49 0 159 255 38 167 41 255 255 138 0 45 0 42 103 214
    109 255 0 0 95 155 248 119 255 206 108 12 91 255 92 0 30 0 0 13 0
    173 26 3 255 255 175 20 25 0 89 46 21 39 48 89 0 175 233 0 60 223
    132 175 255 255 88 235 104 161 85 234 0 131 160 216 83 0 184 128 0
    25 214 0 255 21 255 193 89 121 255 255 121 16 159 217 250 101 208 0
    0 0 255 166 255 0 0 119 31 181 255 196 34 148 158 210 255 229 242 87
    17 0 255 69 0 255 139 255 254 115 204 15 255 177 0 0 249 0 140 186
    255 0 78 168 158 0 72 26 146 74 24 215 255 255 159 0 30 58 255 0 176
    150 116 0 255 53 185 255 0 97 73 0 21 62 35 150 168 0 109 227 31 88
    174 0 202 0 0 137 196 0 255 0 166 149 0 172 18 255 0 241 6 17 236 0
    56 28 219 112 244 125 229 10 0 0 248 180 0 224 0 255 255 200 176 173
    0 91 0 177 54 251 0 0 0 75 42 254 24 73 0 0 175 0 0 68 0 197 0 157
    181 0 68 166 0 187 250 0 184 0 245 0 128 17 4 83 255 255 31 50 255
    170 255 255 170 255 41 63 155 90 255 255 199 127 0 210 252 139 81
    100 255 60 189 255 173 184 142 0 255 228 57 5 88 74 123 255 255 55
    255 153 0 24 19 27 0 195 99 14 255 102 130 255 228 255 171 125 255
    18 0 0 7 40 0 0 239 60 0 199 0 0 0 144 178 255 109 36 0 255 227 0
    188 213 69 137 255 154 156 83 223 0 0 135 0 0 255 210 255 73 0 190
    194 199 56 16 169 218 0 51 0 43 255 20 136 199 249 176 55 0 0 229
    255 224 232 255 143 151 142 5 81 255 35 251 141 0 197 87 241 180 160
    4 0 0 138 168 6 0 255 143 22 34 91 255 220 7 182 117 255 46 255 0 0
    210 178 255 84 0 64 255 170 255 36 0 202 0 255 107 255 42 255 163 74
    132 255 0 35 93 163 0 0 0 0 237 71 31 11 0 20 255 255 0 140 255 0
    237 37 55 99 0 255 255 44 255 0 160 93 88 0 246 0 136 106 0 255 0 0
    132 197 147 151 117 13 229 0 123 109 255 0 0 206 255 159 252 10 255
    152 0 182 151 219 60 169 0 255 0 157 187 110 42 0 255 219 176 72 192
    86 255 0 255 255 143 255 232 255 35 71 153 255 136 0 0 254 214 126
    123 0 209 199 106 255 84 80 131 255 94 198 138 31 255 0 27 192 236
    129 207 66 13 10 187 0 195 255 70 0 0 162 0 212 255 13 111 233 244
    81 162 224 0 68 255 66 62 255 98 67 255 0 255 227 0 212 255 0 255
    106 153 255 0 247 255 220 137 66 231 0 0 209 221 82 35 0 183 201 105
    255 121 0 255 168 163 255 198 52 27 0 92 238 113 210 107 42 255 179
    255 202 137 219 225 112 20 56 229 255 5 8 0 0 5 249 0 143 8 212 238
    67 138 0 234 255 255 184 57 255 0 91 52 250 43 108 0 138 67 0 206 40
    26 200 0 255 83 24 255 161 195 0 255 111 79 0 24 255 255 147 58 255
    255 107 126 255 111 233 146 81 5 0 182 5 137 0 3 249 47 161 92 37
    255 138 246 0 242 6 255 49 171 255 139 255 228 208 0 89 37 71 124 65
    5 118 9 251 51 53 255 226 232 8 134 114 255 255 70 150 156 10 248 0
    0 19 66 0 255 255 151 193 193 36 150 9 196 26 205 83 255 109 177 138
    156 24 8 255 66 11 255 85 9 7 103 13 255 177 0 65 206 215 0 255 0
    255 181 0 107 255 0 0 116 117 216 167 208 255 154 190 24 0 116 225 0
    255 144 75 0 165 84 194 221 119 98 255 0 55 143 0 167 197 171 0 95
    255 0 133 0 231 0 211 214 77 129 0 127 230 48 233 0 94 180 232 200
    57 133 108 88 255 0 83 0 0 102 0 190 5 163 187 24 102 101 162 209 83
    179 0 246 255 75 178 255 0 255 144 137 255 255 99 63 226 60 0 0 0
    255 107 12 61 255 0 122 255 197 161 213 0 0 129 0 185 217 213 204 0
    255 194 148 74 147 255 255 218 170 55 158 0 7 255 65 79 255 0 0 243
    223 172 49 13 0 255 33 0 47 0 0 0 251 255 180 192 255 255 209 211
    189 255 178 196 109 255 255 255 140 127 173 67 1 156 15 15 11 254
    135 214 210 115 228 0 21 62 255 198 0 32 255 255 230 8 43 0 0 160
    255 209 148 150 36 222 133 188 164 178 65 255 255 175 0 253 11 141
    121 22 0 255 0 71 117 241 189 190 74 199 246 137 146 0 80 255 185 2
    255 179 237 144 230 8 191 217 255 42 0 75 255 66 0 42 185 24 17 0 31
    232 0 126 60 38 0 38 98 98 43 255 154 255 255 121 255 0 196 255 192
    199 149 50 207 0 218 18 0 216 0 121 110 0 214 52 163 68 143 111 204
    0 153 104 0 90 0 198 255 185 35 97 46 255 0 0 185 0 76 33 0 61 0 202
    218 0 255 240 61 70 31 255 187 0 0 255 44 0 118 19 43 0 239 4 24 0 0
    255 255 64 255 255 77 75 255 255 255 0 129 255 147 216 172 141 0 255
    152 255 255 245 13 155 255 71 0 186 36 190 219 255 0 255 63 116 255
    0 132 22 97 130 76 0 255 0 255 103 255 239 145 245 58 83 0 25 137
    120 62 0 255 255 0 107 119 0 255 20 255 90 118 253 40 0 135 78 189
    238 255 37 255 111 194 255 42 0 38 255 0 0 178 179 87 94 171 239 209
    216 86 0 74 0 255 43 18 140 171 0 171 150 210 0 255 255 199 245 31
    255 255 53 160 0 167 0 212 255 0 255 255 110 97 167 237 167 77 255
    255 1 119 255 191 248 0 0 240 0 255 255 162 5 34 0 0 63 139 255 132
    0 28 0 211 128 255 69 35 255 184 0 175 0 255 204 228 228 255 255 143
    163 255 86 99 0 90 221 0 17 115 29 255 78 231 158 191 92 110 66 64
    220 129 255 230 0 44 243 255 0 255 255 29 0 88 141 122 255 221 255
    235 0 76 71 10 152 160 255 116 87 167 255 235 65 0 0 174 121 173 159
    27 242 0 137 154 0 240 255 137 192 82 0 42 44 194 14 255 252 19 0 0
    255 154 194 154 47 176 185 105 255 255 0 99 255 255 107 0 57 75 255
    61 197 59 159 117 145 10 0 0 0 153 134 255 0 170 146 122 255 19 188
    255 196 242 123 0 161 237 0 57 101 207 143 255 0 77 255 255 9 38 50
    255 161 12 0 255 203 158 123 164 241 57 0 249 88 0 171 164 53 6 100
    255 52 16 0 163 143 59 0 0 180 53 136 246 224 255 137 0 53 145 194
    136 255 160 199 109 9 153 181 0 98 99 0 0 96 255 180 160 255 177 0
    144 211 243 133 0 131 34 174 238 186 199 0 15 93 152 16 0 99 0 0 26
    0 0 176 0 217 107 0 255 255 246 2 0 255 235 51 255 185 0 206 152 0
    179 0 255 205 14 255 152 243 219 108 62 62 0 208 147 0 143 77 68 82
    104 234 113 38 49 135 4 116 253 31 255 197 236 255 114 255 10 255
    243 0 75 166 255 0 255 11 227 214 89 0 66 9 77 119 72 241 255 253 49
    76 22 55 85 23 132 253 92 90 36 186 0 72 63 173 165 143 67 83 0 255
    66 0 64 254 214 0 193 42 163 50 0 137 255 255 69 255 174 13 255 0
    219 207 54 99 76 111 255 52 255 145 255 29 89 255 255 98 201 176 0 0
    255 0 0 0 87 179 207 72 105 0 197 0 2 49 255 232 43 255 189 210 255
    255 255 106 31 0 255 26 15 122 255 255 0 255 0 69 79 0 80 216 206 0
    125 76 17 164 86 13 255 210 255 0 235 118 60 118 222 0 221 215 137
    255 101 151 142 209 109 175 110 255 0 255 255 191 125 255 255 68 105
    163 85 0 205 92 255 58 222 119 0 162 208 255 41 214 4 0 128 89 145
    228 0 244 223 133 44 255 48 61 22 20 255 255 129 83 183 188 0 255
    255 239 255 0 75 120 107 196 0 81 46 215 129 4 209 183 157 255 249
    23 153 150 0 0 8 255 0 149 231 249 233 162 43 36 118 232 13 98 87
    229 10 188 213 251 255 0 255 187 255 231 61 255 6 219 67 0 255 255
    109 159 255 38 255 255 0 112 210 255 76 92 237 0 232 220 163 146 157
    122 255 192 0 63 117 251 0 0 255 255 202 161 43 102 150 225 221 67
    45 255 0 154 255 175 171 35 255 255 0 255 0 255 43 157 0 198 83 255
    104 118 255 60 159 229 0 126 255 61 0 132 65 0 255 76 0 255 0 255
    255 0 0 208 0 255 123 255 12 13 255 255 1 0 15 238 192 20 0 255 0
    254 134 53 255 245 221 169 11 0 255 31 255 255 141 16 81 201 255 69
    171 244 26 255 38 0 73 0 255 39 39 0 195 203 243 159 60 228 255 1
    255 21 14 255 37 52 0 65 123 255 31 136 246 21 255 255 13 255 52 255
    232 0 159 0 103 115 182 86 0 175 190 169 255 65 255 0 195 6 0 255 89
    37 255 1 183 255 0 232 210 154 75 205 44 0 83 255 176 255 14 255 89
    0 18 0 53 69 205 0 137 228 95 0 93 153 123 11 3 0 109 255 197 50 0
    219 108 0 255 255 255 12 0 0 161 0 34 178 0 0 69 36 238 255 188 2 38
    0 0 169 0 207 44 1 0 0 164 0 20 188 26 241 143 0 0 244 172 242 142 0
    204 9 67 123 243 37 255 230 106 172 0 255 46 141 134 20 28 252 0 135
    0 255 102 255 242 17 255 0 144 149 0 0 121 154 79 0 164 163 89 210
    31 166 0 152 246 230 0 43 200 0 1 0 166 19 219 33 255 25 18 255 0 0
    0 209 255 192 185 255 107 163 255 0 0 52 99 1 84 51 1 64 255 100 0
    32 209 154 176 253 50 0 255 255 228 145 255 95 113 31 255 155 132 49
    0 0 130 93 41 255 0 255 255 255 255 237 191 104 0 191 105 237 255
    217 226 118 255 244 131 127 211 207 25 0 0 0 69 12 255 255 131 64
    255 141 255 61 0 83 176 254 101 255 115 255 92 0 0 188 49 255 144
    228 9 0 231 0 12 0 0 99 137 9 255 27 59 255 245 0 196 214 212 0 73
    115 188 6 0 45 225 117 0 133 122 80 167 80 146 78 92 255 55 207 230
    0 157 52 255 86 152 255 215 255 255 89 200 125 255 121 208 255 0 100
    72 89 0 255 221 18 59 251 65 96 242 255 181 78 0 255 255 0 0 30 184
    255 64 5 201 0 0 255 38 0 178 234 255 137 0 139 150 255 0 255 201
    255 255 9 18 188 255 100 86 255 47 255 152 49 211 255 231 141 255 47
    236 242 97 255 101 255 255 0 0 61 156 255 141 215 255 49 0 255 89
    144 255 245 0 0 20 255 0 0 255 0 0 230 0 0 255 255 0 93 59 207 0 255
    255 0 255 56 0 86 187 127 236 0 126 164 0 128 14 0 253 226 179 185 0
    52 54 255 255 150 255 249 111 0 255 155 255 94 255 255 172 15 91 0
    158 249 131 76 217 232 196 133 0 51 0 26 94 255 255 71 51 0 243 123
    110 6 0 255 41 49 255 0 4 88 198 169 21 169 0 0 164 160 226 212 244
    145 0 176 56 27 41 43 99 183 91 95 0 115 255 74 96 0 129 183 145 120
    70 0 140 0 0 110 0 70 0 144 0 0 255 0 14 73 217 82 159 111 255 255 0
    255 176 0 0 255 37 0 199 21 125 138 255 89 109 144 69 101 0 166 53
    226 172 233 255 66 255 239 255 0 255 255 79 164 241 255 255 89 210
    57 18 195 4 255 124 255 0 247 229 250 0 155 8 126 10 255 255 0 255
    11 0 82 191 101 0 255 100 134 144 0 178 102 108 6 251 255 189 47 223
    255 0 58 0 21 21 53 0 210 0 110 65 239 7 255 255 66 90 58 205 255 0
    0 116 244 169 0 30 0 87 48 104 255 56 255 153 253 0 136 211 0 255
    142 239 104 0 61 0 0 255 183 255 255 0 255 0 15 255 130 71 134 149 2
    245 0 187 255 93 30 76 193 166 255 207 255 96 165 27 81 61 224 16 76
    177 0 83 53 255 109 38 39 113 255 83 0 191 0 150 254 74 4 255 15 48
    146 255 207 38 152 255 255 210 13 255 0 84 240 161 225 184 255 230
    156 75 0 100 255 215 47 165 0 255 99 166 207 144 157 102 255 0 0 143
    55 0 255 218 255 254 223 210 239 255 204 1 102 255 255 255 218 194
    123 255 114 86 74 0 214 159 235 255 0 93 29 0 255 0 0 0 0 65 0 11
    228 212 40 0 255 81 56 42 0 0 0 104 80 0 224 11 57 182 0 152 175 255
    217 166 255 0 144 57 255 173 113 94 207 156 0 255 255 255 0 255 222
    12 238 0 33 0 44 196 82 0 198 77 61 12 225 0 92 0 48 143 0 0 244 236
    0 98 40 23 0 129 255 0 86 35 0 0 97 214 255 55 28 235 0 195 0 31 120
    255 217 142 186 135 228 134 231 225 0 10 255 167 50 64 255 0 131 86
    167 248 0 243 202 255 0 49 255 105 255 222 0 82 255 52 75 238 207 6
    198 127 255 0 216 86 66 17 255 255 141 194 122 255 134 255 37 245 0
    25 181 0 208 130 141 255 0 255 122 0 235 0 12 0 0 169 8 138 42 255 0
    0 112 144 225 0 255 0 230 231 61 22 125 13 255 53 134 166 250 255 0
    0 159 191 131 255 255 255 28 255 197 72 0 255 211 237 0 49 67 239
    154 13 208 0 255 36 40 255 254 242 54 0 255 170 142 255 255 46 66
    102 205 109 139 0 0 193 91 237 34 209 182 255 91 46 0 210 205 0 0
    118 236 235 255 0 34 82 78 255 152 79 232 255 0 32 124 0 0 179 0 0
    40 0 255 0 59 253 91 0 255 255 50 55 0 204 255 43 255 84 255 255 16
    255 255 34 19 131 245 255 245 122 0 0 255 255 255 231 101 255 217
    125 255 255 0 103 133 163 135 255 191 84 192 255 0 255 244 0 255 65
    185 148 37 101 255 150 69 76 96 48 233 255 187 0 0 255 197 125 243
    175 66 0 255 224 255 192 204 243 255 127 222 0 138 31 0 54 4 244 255
    219 82 149 226 147 72 111 0 126 255 97 229 84 2 0 0 135 144 255 0 7
    197 255 41 0 245 125 240 244 119 0 0 234 0 33 208 255 226 246 35 93
    221 198 53 228 255 63 0 249 0 0 103 184 0 176 180 198 111 219 0 129
    255 37 255 68 54 212 0 224 0 242 141 200 79 0 0 234 224 195 166 10 0
    255 115 6 198 229 0 56 0 118 202 30 30 255 186 53 115 255 7 0 98 0
    255 206 255 126 181 0 0 138 194 61 83 46 94 69 20 0 215 255 49 255
    255 143 144 35 129 0 106 207 79 0 11 222 208 74 0 223 0 177 16 52
    255 255 255 246 102 255 108 0 11 255 11 225 190 145 148 0 0 242 157
    92 0 255 184 158 12 0 255 247 0 4 24 30 150 233 245 255 114 0 170 0
    0 255 255 171 95 252 230 0 81 0 158 0 100 176 228 0 67 0 131 141 33
    255 159 220 106 24 255 0 233 200 169 27 100 80 249 0 251 0 37 255 11
    0 149 236 238 255 127 250 100 135 255 4 41 255 0 247 0 138 54 255
    171 104 36 172 159 197 16 61 0 0 15 129 218 255 255 82 177 255 183
    226 4 219 255 103 18 109 0 0 148 101 255 105 199 229 66 0 36 255 0 0
    0 172 24 83 231 193 33 56 0 4 255 0 151 162 0 0 90 18 255 116 164
    186 118 26 0 254 61 255 60 0 145 22 0 144 0 109 183 156 79 0 109 178
    0 255 0 255 8 21 0 0 255 24 241 96 62 107 209 214 255 89 116 4 255
    140 0 104 27 152 131 0 255 255 66 255 184 202 255 158 173 135 190 44
    255 0 148 0 0 237 0 0 2 219 31 175 94 61 0 250 0 75 255 108 170 130
    120 255 111 35 112 255 152 116 255 255 170 213 183 0 46 255 255 255
    155 127 255 255 178 197 63 0 159 175 255 119 39 255 255 145 255 129
    106 245 154 26 30 0 0 0 25 231 145 217 127 109 0 10 160 238 138 17 0
    255 113 108 255 65 124 0 140 128 0 244 60 52 102 255 255 0 255 0 0
    11 0 208 0 119 60 84 159 0 255 0 226 0 0 255 255 108 127 102 233 223
    0 0 181 193 255 102 48 255 104 101 118 208 249 255 74 255 255 109 0
    133 51 206 137 164 0 255 172 237 215 6 0 0 203 222 226 139 234 30 0
    146 255 125 255 178 255 151 53 255 0 133 193 250 255 140 255 255 16
    0 255 238 255 118 14 229 0 208 250 161 0 142 133 255 0 157 248 46
    255 0 106 236 0 255 0 0 183 32 88 50 187 255 103 63 77 102 255 255 0
    22 118 255 228 138 155 65 255 0 0 219 0 127 255 255 223 255 158 170
    255 44 178 255 255 0 159 255 244 48 0 255 193 255 255 24 0 64 168
    255 166 11 0 255 255 0 92 56 255 219 85 242 246 160 144 0 23 239 178
    251 10 255 83 227 0 95 0 6 110 0 138 255 65 0 93 255 0 255 0 126 162
    253 141 38 216 107 222 0 196 195 131 179 140 255 247 59 0 0 57 0 13
    46 247 244 133 255 255 21 255 138 243 255 255 204 98 0 105 234 30
    157 193 40 176 255 83 149 29 11 22 0 184 202 145 190 255 148 103 100
    129 0 243 84 142 68 35 0 255 0 255 1 255 248 0 247 255 0 0 100 255 0
    255 43 227 135 54 0 35 236 0 255 35 60 120 71 66 0 255 168 31 55 251
    33 82 165 255 0 255 36 0 52 6 115 255 192 0 0 65 126 255 0 0 4 255
    115 0 213 209 0 149 230 255 0 234 191 16 171 203 97 0 255 227 0 255
    0 160 252 237 74 255 0 0 78 56 18 48 36 212 103 0 145 45 0 255 30
    103 0 24 0 0 0 182 255 241 38 157 88 0 212 255 186 0 214 52 255 255
    20 173 255 37 215 0 255 0 7 110 56 171 135 137 255 153 255 139 117
    120 35 89 0 0 8 255 174 41 0 87 110 171 157 187 89 0 255 255 255 0
    102 203 170 255 251 136 3 135 0 208 65 255 21 33 0 255 255 224 242
    255 0 2 255 12 136 169 143 255 122 41 222 255 234 69 195 0 42 207 59
    52 255 210 192 255 255 255 0 255 169 0 128 10 255 131 103 159 167
    255 156 7 86 177 199 255 145 212 255 149 255 0 0 160 153 0 187 220
    99 0 0 167 31 0 28 128 0 71 255 255 84 0 160 150 0 157 0 182 255 73
    135 212 139 254 69 62 118 255 141 228 150 0 8 192 230 255 0 246 225
    28 124 0 255 255 0 211 255 190 103 231 12 117 121 255 255 0 73 151
    90 255 0 150 4 215 26 124 0 160 0 214 166 255 0 238 0 189 84 220 35
    98 33 231 119 120 255 255 255 255 0 255 191 124 41 255 31 220 255 0
    255 255 128 255 250 175 221 255 0 111 0 192 0 0 0 120 155 218 173 0
    219 0 11 0 4 1 255 228 57 255 157 5 255 189 255 245 118 44 53 96 172
    142 11 177 246 255 0 0 113 97 209 36 255 46 109 50 225 237 0 242 198
    70 0 232 192 227 181 58 191 191 0 0 207 0 32 0 0 255 0 0 0 0 0 37
    255 255 0 0 187 19 76 0 145 11 97 127 0 255 0 0 196 165 213 217 21 0
    0 52 0 0 0 0 0 255 0 255 255 255 255 0 255 255 67 155 251 113 104 0
    132 94 0 255 34 197 0 0 211 166 241 102 0 232 0 11 120 0 0 255 0 255
    99 253 18 51 144 254 104 9 255 33 229 0 200 0 190 41 255 209 238 255
    61 176 7 190 0 0 189 255 89 255 204 58 210 0 175 255 255 176 214 186
    53 255 197 255 246 255 213 217 132 166 66 220 106 59 166 105 255 0
    190 102 42 0 25 30 33 39 228 229 173 255 171 187 0 233 0 255 39 255
    0 250 56 206 224 142 0 127 255 26 255 96 24 69 255 210 0 255 182 0 0
    179 246 255 41 255 92 0 0 109 177 255 55 10 255 0 255 84 37 109 179
    32 243 0 255 81 89 255 110 90 0 70 0 252 255 180 82 255 252 211 0
    170 255 46 41 161 239 214 174 27 0 52 114 0 148 255 171 250 255 181
    2 100 138 0 178 44 147 0 205 210 255 255 255 255 71 246 15 62 143
    219 0 194 67 0 255 0 0 185 91 108 0 221 0 0 0 49 191 255 200 192 185
    142 214 136 215 255 255 72 87 0 16 0 202 255 255 250 131 105 255 222
    255 250 17 162 210 230 220 171 255 25 154 121 95 216 0 0 69 194 141
    0 23 255 255 165 117 44 255 255 0 114 55 149 226 0 241 33 0 255 198
    0 255 7 255 0 191 114 0 115 0 181 113 102 183 41 185 58 255 255 225
    13 9 79 169 0 21 0 8 16 0 205 190 130 179 211 49 245 10 4 66 15 6
    255 0 207 255 159 255 0 255 200 20 255 0 255 54 0 246 255 0 222 122
    7 242 14 74 0 255 202 3 101 0 245 255 142 179 41 255 13 218 122 35
    255 0 129 35 33 0 221 142 250 192 0 0 255 180 213 112 0 135 255 41 0
    221 39 0 253 126 255 211 213 72 0 181 242 198 0 255 173 0 207 0 0 51
    255 123 100 164 108 102 103 255 0 221 112 255 45 255 151 80 110 255
    86 0 0 0 38 0 255 234 0 255 83 0 255 84 199 129 184 96 255 181 255
    255 88 192 0 0 0 133 168 0 186 193 190 255 180 255 226 219 255 235
    185 255 255 250 255 109 0 255 0 0 255 73 0 245 226 147 222 95 255 0
    255 133 95 255 158 174 178 0 0 255 124 107 122 255 189 66 255 255
    255 141 0 0 248 255 114 237 42 0 232 255 50 238 61 110 29 31 11 0
    255 46 0 8 255 206 255 0 255 152 148 0 255 255 141 0 255 255 111 231
    38 177 0 43 69 110 236 255 68 0 14 255 50 255 141 146 122 141 255
    192 255 186 255 93 231 255 255 123 255 255 218 0 158 28 19 210 249 0
    183 0 29 236 139 35 58 92 234 255 255 86 46 255 5 84 0 139 192 0 19
    255 69 255 255 190 75 0 215 185 61 135 185 173 223 150 254 7 209 255
    230 199 169 255 187 164 43 21 0 98 255 15 90 0 250 224 0 197 90 255
    115 251 200 165 73 0 168 67 255 139 255 73 17 0 255 53 0 51 54 255
    240 135 255 255 255 255 245 127 0 45 0 255 170 83 117 228 255 0 230
    56 209 13 109 0 255 49 0 0 146 124 0 191 163 134 255 255 15 159 92
    192 54 0 1 237 33 0 255 226 44 255 255 127 255 0 63 72 231 255 255 0
    114 0 102 85 255 16 102 0 85 21 57 255 139 49 219 106 203 33 255 249
    129 137 255 102 116 0 72 20 0 6 10 255 0 174 159 189 83 255 54 34
    255 153 255 18 56 0 255 3 226 255 0 93 255 195 0 172 114 0 0 0 255 0
    85 60 0 228 255 255 255 0 166 240 185 59 0 255 133 238 255 0 234 105
    54 120 255 188 255 60 243 78 97 87 30 137 0 178 32 105 157 255 125
    177 151 187 255 22 242 95 0 147 0 67 255 115 36 255 255 14 100 200
    89 255 11 255 194 4 117 51 69 255 124 157 0 255 165 255 0 0 255 2
    185 255 30 237 0 184 203 173 174 242 177 228 0 0 95 66 41 0 255 255
    207 169 255 255 89 255 214 253 250 202 0 0 159 101 199 203 255 198
    252 172 147 63 203 255 169 54 84 254 48 255 0 29 255 223 3 255 0 229
    165 0 255 173 0 89 0 0 54 0 157 191 111 142 17 226 0 179 24 179 255
    0 255 255 65 0 255 255 0 255 180 0 140 84 66 0 0 240 38 246 86 0 128
    79 69 158 42 137 36 255 187 255 0 96 87 204 124 255 255 97 156 255
    131 85 187 36 8 255 196 244 87 6 80 137 87 5 0 196 136 0 7 181 125
    152 0 255 49 0 255 255 28 120 0 77 187 223 150 255 255 162 255 86 64
    243 229 0 25 1 150 255 167 126 107 6 237 255 255 29 217 62 64 0 91
    142 0 147 107 187 244 41 0 144 0 122 255 0 162 144 138 180 243 255
    145 5 255 92 33 184 0 40 29 176 0 122 0 0 208 165 33 255 255 72 0
    255 255 0 178 77 29 56 39 135 255 220 0 110 138 119 160 3 30 0 236
    58 153 152 190 117 117 224 208 11 101 189 2 186 189 171 0 203 177 51
    255 101 247 255 164 0 0 0 255 255 255 23 0 253 255 255 161 200 255
    130 255 255 255 0 255 3 255 169 0 0 157 161 255 83 161 0 81 8 31 194
    139 0 236 126 255 249 0 192 197 140 255 0 163 0 255 246 207 255 255
    152 58 255 132 255 255 0 255 219 174 154 192 223 245 184 255 0 150
    32 255 255 219 0 60 60 0 0 104 117 0 255 0 106 62 109 8 0 105 218
    121 255 142 68 0 76 183 0 255 224 132 216 0 217 140 61 38 236 226 0
    0 232 0 0 146 219 0 74 0 255 255 126 110 36 0 129 122 255 255 15 159
    60 0 134 89 215 63 0 0 0 184 0 255 12 245 34 162 1 0 170 0 19 172
    109 255 110 13 251 255 134 178 54 77 1 136 255 194 0 0 87 194 255
    100 137 255 52 235 26 0 105 0 255 255 255 0 250 175 0 0 239 134 199
    0 230 10 255 176 254 211 0 0 53 215 160 88 255 1 166 140 255 166 8
    28 0 34 78 100 100 5 3 105 171 255 20 185 223 255 252 240 217 200 0
    42 206 158 203 186 255 28 143 69 29 77 99 255 255 0 230 0 21 255 0
    158 196 255 36 0 130 255 18 255 255 0 62 97 97 0 130 255 114 224 0
    16 0 106 0 126 134 217 189 255 253 255 131 0 200 0 127 159 169 135
    154 255 255 255 160 165 231 30 0 0 252 0 46 255 0 0 212 70 0 46 255
    155 172 187 0 62 255 255 64 65 255 0 255 0 179 150 255 0 240 255 0
    182 0 0 253 187 63 255 255 229 255 209 255 160 133 82 89 184 241 24
    253 255 255 174 212 255 255 215 255 213 170 201 255 85 131 225 13 83
    0 148 0 255 76 51 0 106 255 0 40 104 28 0 0 0 180 51 0 170 255 120 0
    255 0 131 231 252 42 187 255 115 255 104 131 213 255 0 241 255 0 85
    0 11 166 90 225 102 63 0 156 130 255 73 155 255 108 14 255 255 3 0
    255 239 190 192 7 235 255 105 255 234 255 0 255 9 64 147 116 227 255
    0 191 255 22 77 242 255 74 135 142 255 73 94 255 0 159 255 90 0 255
    56 157 255 255 255 128 0 141 221 0 86 130 94 175 255 204 203 213 50
    126 255 255 0 255 171 0 0 137 255 99 255 231 255 203 255 19 0 195 59
    108 255 237 13 205 0 0 255 0 0 69 255 199 129 255 28 0 0 26 17 255
    195 209 115 97 0 255 194 96 112 255 250 44 82 49 89 255 0 66 66 74
    84 255 175 255 0 156 0 106 0 255 230 56 255 255 48 41 251 51 0 0 153
    195 196 233 255 255 0 228 215 18 243 255 255 255 255 0 92 0 126 252
    132 100 255 15 29 0 178 169 255 53 78 20 255 210 191 255 206 211 25
    226 11 255 154 178 0 255 255 92 71 189 53 255 76 0 0 166 33 237 134
    6 63 156 255 40 2 0 0 231 248 133 226 218 136 36 114 30 103 255 246
    255 92 0 75 255 9 218 133 0 255 114 0 214 255 211 144 0 255 30 0 204
    255 14 138 229 249 10 0 89 215 196 171 73 255 255 123 106 0 44 0 5 0
    219 0 36 255 232 0 101 0 162 105 152 93 202 21 200 0 156 161 27 5
    131 14 210 55 202 255 255 195 255 255 0 163 129 0 231 41 191 66 255
    255 242 17 7 0 255 0 255 99 178 41 78 30 255 151 175 0 173 109 255 0
    0 115 255 255 0 0 110 0 213 255 255 229 178 176 226 0 49 157 199 183
    76 246 0 92 31 239 85 55 178 167 89 177 250 255 154 121 70 0 147 0
    209 255 151 255 180 14 195 0 75 61 134 255 0 255 0 255 172 198 255 0
    254 0 0 179 255 156 114 118 16 223 255 32 0 31 104 162 125 15 160 0
    255 187 0 93 255 214 0 0 252 255 183 6 0 64 243 0 171 0 11 165 96
    255 214 255 255 255 226 69 10 255 160 205 0 103 0 91 178 29 221 0 0
    255 56 0 0 200 0 234 153 134 255 61 144 247 18 0 140 113 255 34 0 16
    212 127 255 255 0 255 67 104 255 0 85 255 19 26 205 189 201 56 24
    255 255 0 0 7 0 255 245 99 255 16 62 52 148 124 105 41 120 0 48 7
    140 255 95 255 255 228 8 136 82 225 255 242 0 26 73 255 154 0 224
    244 0 90 93 75 0 0 133 0 48 255 68 201 0 133 255 105 47 0 196 255
    108 21 171 255 0 255 95 73 10 83 86 255 54 255 0 28 0 30 95 255 0
    255 39 0 90 193 36 150 87 45 255 0 121 0 191 255 255 0 255 24 173
    124 10 255 211 253 61 99 255 255 0 0 255 60 235 101 108 146 0 0 149
    176 0 255 127 0 0 217 255 92 91 19 251 155 255 255 0 18 123 111 75 0
    75 255 53 142 0 237 188 0 91 255 245 231 7 46 53 232 0 0 63 0 201
    204 255 91 48 255 255 255 106 180 255 222 124 255 0 0 0 113 0 77 0
    140 111 255 107 13 28 213 59 15 255 182 255 162 121 0 229 173 0 254
    44 55 0 78 255 39 196 144 255 0 110 0 255 22 65 255 224 255 255 213
    16 126 232 192 41 255 255 75 30 34 6 142 0 219 0 0 0 223 126 171 169
    255 134 0 105 254 209 210 0 75 0 0 0 182 255 85 255 115 207 0 55 255
    0 251 211 105 0 188 212 0 249 134 0 239 199 3 125 135 255 148 200
    166 255 194 242 86 117 231 0 132 255 0 177 0 0 1 100 56 226 69 37
    203 39 126 0 255 220 255 255 0 0 255 30 11 255 232 129 22 238 213 0
    18 88 214 0 81 167 86 237 0 255 125 80 228 56 62 20 213 106 33 0 124
    0 205 0 81 0 255 0 0 169 255 0 186 0 0 52 0 148 207 135 255 55 124
    255 175 255 162 0 105 73 70 141 255 0 245 175 105 0 0 172 0 21 109
    126 112 76 255 255 41 143 204 255 14 208 202 106 97 255 168 71 172 1
    198 79 242 239 255 0 139 183 186 17 253 36 60 81 242 66 18 255 93 0
    178 199 162 31 191 0 108 255 45 255 179 156 69 77 42 76 90 219 118
    19 142 106 19 25 76 0 61 64 0 255 0 225 33 255 225 107 255 0 0 167
    10 197 215 0 10 38 59 69 187 0 206 255 0 0 229 255 125 255 164 168 0
    211 0 155 0 246 181 0 100 121 110 18 51 0 0 139 52 0 8 255 124 18 35
    102 163 235 0 80 88 96 75 85 225 0 0 0 129 0 55 255 126 185 0 255
    255 3 220 255 0 151 18 60 255 86 222 58 120 255 0 255 45 0 0 193 35
    1 218 255 0 250 174 211 187 0 193 255 40 61 255 255 161 255 218 35 0
    255 220 132 128 255 39 54 151 255 253 94 228 54 196 90 255 170 255
    249 77 218 181 166 53 191 26 48 36 14 255 42 67 133 120 255 169 0
    156 255 130 161 212 22 173 0 0 120 0 29 199 149 40 226 27 0 237 0
    163 28 255 211 255 156 125 205 33 0 255 54 94 145 4 255 0 109 253 0
    84 63 224 0 106 139 245 23 3 0 103 12 175 0 0 0 219 163 69 255 0 18
    199 110 0 255 20 54 0 133 124 90 175 237 0 222 100 10 0 91 0 3 0 171
    61 105 5 81 52 91 102 255 255 0 89 203 255 99 129 255 255 156 255
    106 255 0 255 132 72 234 44 226 218 36 255 213 0 236 169 37 0 55 255
    0 68 255 255 0 255 207 12 255 0 207 0 0 0 161 184 221 27 0 255 195
    73 74 97 200 255 126 4 18 106 190 53 48 125 76 247 249 56 212 43 0
    255 85 66 137 44 199 0 0 255 189 77 0 143 255 255 255 231 0 255 54
    150 0 245 83 20 1 81 39 39 0 73 255 224 183 255 255 98 179 119 169
    237 165 218 0 203 0 208 0 255 55 0 200 125 26 255 236 99 221 113 0
    87 3 200 0 167 0 118 27 247 0 144 10 0 255 229 82 251 0 92 0 12 243
    30 112 255 0 255 182 129 43 28 227 255 95 255 0 152 171 0 0 227 255
    139 197 255 255 132 0 0 224 50 41 0 255 106 120 248 140 80 224 23
    255 99 0 255 29 255 162 0 92 68 115 252 191 0 138 81 0 0 3 250 161
    70 0 182 255 255 255 58 236 172 114 255 224 255 77 145 67 79 231 157
    64 48 96 0 94 212 214 14 0 154 244 13 69 214 213 16 27 50 9 36 0 21
    255 70 78 202 255 244 95 5 79 120 221 130 104 250 206 201 218 93 0
    231 255 0 20 0 202 0 117 164 60 213 255 241 255 255 129 52 192 0 14
    174 0 71 111 0 161 185 72 50 49 255 151 113 255 255 143 255 255 22 0
    255 0 58 21 91 137 249 151 233 169 84 216 191 255 57 255 110 121 255
    0 6 92 0 137 102 255 53 0 217 124 4 20 234 211 139 56 255 255 1 0
    255 0 221 45 57 255 202 115 255 31 70 183 138 255 253 255 0 40 226
    218 0 180 99 68 0 0 188 0 0 255 0 255 0 176 255 113 0 73 113 0 28 0
    243 47 109 0 82 6 19 0 255 112 131 51 246 75 0 0 255 5 135 255 0 255
    255 255 0 7 111 116 251 0 255 154 200 185 0 104 237 0 22 39 247 115
    0 255 0 200 19 195 208 38 0 236 0 63 255 139 51 167 174 255 152 5
    255 214 76 138 192 175 108 139 0 102 0 94 255 146 255 255 91 0 214
    255 51 255 161 82 0 188 122 255 216 179 255 255 180 37 255 0 253 201
    217 118 0 0 255 83 159 255 201 215 0 0 1 237 255 21 255 72 0 196 255
    117 69 61 145 255 212 217 211 6 255 0 241 199 0 112 41 49 59 6 4 0
    89 255 209 129 67 240 0 150 0 174 255 102 0 36 186 14 35 255 111 30
    255 166 17 46 255 230 0 142 58 255 206 65 184 55 161 51 78 184 90
    225 192 255 0 255 164 63 255 0 0 0 217 0 0 182 71 255 0 106 245 189
    121 49 213 73 0 229 0 0 232 61 8 0 163 218 40 140 184 255 0 76 0 202
    255 198 0 60 138 123 0 0 7 0 255 116 185 42 88 100 44 49 104 190 189
    0 255 80 59 255 48 255 255 103 176 0 253 54 0 0 255 25 0 33 0 116
    167 123 0 15 163 0 194 250 243 0 64 255 255 8 51 5 144 255 206 255
    254 196 75 116 130 43 208 185 213 24 154 29 133 0 173 102 248 0 34
    237 195 171 0 119 94 234 213 0 255 0 132 56 255 95 212 0 40 2 87 12
    0 255 0 255 123 0 255 88 4 255 255 255 55 225 0 161 37 30 0 41 134
    35 62 0 199 255 108 255 255 218 0 255 0 91 32 1 0 255 162 57 255 0
    153 65 27 167 12 0 193 255 116 0 255 115 0 107 255 0 166 243 0 43 96
    25 62 1 243 107 0 14 255 109 0 243 255 0 1 60 255 255 255 0 255 255
    248 255 76 0 149 143 116 122 255 255 232 112 255 138 0 25 0 152 151
    64 231 255 79 0 29 233 179 251 255 255 66 185 255 0 15 205 34 255
    179 131 137 52 188 255 66 111 113 64 128 145 141 76 0 255 184 0 180
    34 0 66 212 2 0 0 149 120 196 215 255 103 255 196 75 105 58 249 60 0
    195 0 4 1 238 30 234 127 9 255 0 203 227 71 255 0 0 145 126 0 48 232
    255 75 255 15 0 255 189 170 90 46 62 0 92 103 0 70 22 225 217 0 19
    255 255 42 0 144 29 0 52 34 178 178 85 148 77 36 255 179 165 255 13
    255 255 0 0 0 0 255 255 0 244 246 240 151 167 72 62 50 151 255 100
    52 204 0 251 37 21 160 196 255 0 153 255 255 233 77 124 0 152 39 252
    68 167 86 190 26 232 255 188 255 0 15 153 156 255 4 210 255 71 246
    204 0 75 133 255 0 218 255 105 0 255 42 145 0 157 34 127 11 238 255
    165 69 230 51 137 186 255 133 205 24 87 0 180 58 191 143 38 114 255
    0 255 187 250 218 185 55 76 255 0 255 30 254 120 148 215 0 162 111
    235 59 154 147 121 0 100 106 0 111 255 72 255 167 250 0 38 255 140
    34 199 74 129 16 158 119 220 0 151 220 0 0 255 248 188 207 167 0 0
    255 0 0 255 171 0 0 255 34 111 0 0 149 0 0 30 242 25 0 0 133 71 253
    0 255 45 255 197 0 203 255 0 43 255 0 0 195 255 104 255 197 177 108
    164 0 12 91 141 0 255 136 98 251 68 86 255 0 36 230 191 255 108 158
    255 110 0 89 166 4 112 108 155 255 113 9 16 174 67 240 255 45 191 86
    82 47 0 111 255 40 127 246 239 152 103 14 251 85 255 112 45 187 39
    167 255 11 61 117 0 0 0 0 159 40 79 86 255 255 255 226 255 255 201
    65 255 0 193 108 250 50 252 0 115 255 104 199 255 76 255 24 0 0 189
    102 222 255 255 253 0 0 15 54 162 108 244 52 37 50 11 70 250 2 3 72
    0 165 118 89 255 18 0 255 255 0 156 50 42 65 255 245 199 0 244 255
    84 0 169 127 224 183 0 255 250 135 255 37 226 248 58 182 0 32 161 2
    255 138 60 199 33 0 141 0 0 149 0 21 74 151 99 0 255 255 0 249 255
    188 168 255 159 83 140 89 26 255 169 255 0 255 59 255 0 78 31 14 255
    93 13 108 0 255 221 0 238 231 197 0 0 99 205 186 255 255 87 107 44
    53 0 61 140 150 125 246 255 216 20 243 129 16 219 0 0 244 255 6 11
    138 255 30 173 0 142 255 0 193 0 190 255 232 255 0 246 150 255 0 56
    87 242 0 25 141 0 255 247 130 127 255 255 19 112 19 232 78 42 255 0
    80 172 0 136 175 255 124 240 173 0 116 100 222 255 255 208 22 241
    166 240 127 92 0 0 8 241 158 212 108 255 0 255 33 175 200 255 0 182
    100 9 255 0 0 199 255 133 2 0 208 198 234 255 211 45 194 166 193 0
    177 34 4 189 255 112 157 255 0 10 0 194 0 174 255 0 255 238 178 0
    100 0 207 109 123 255 19 23 250 0 255 0 255 62 190 255 20 255 77 0
    255 225 52 90 255 255 7 4 191 255 255 91 245 255 79 240 180 255 0
    147 255 54 0 255 0 59 47 1 156 63 56 90 0 255 91 193 253 246 255 224
    255 45 95 101 255 255 84 203 241 131 0 175 191 255 99 55 81 117 0
    191 0 125 37 0 255 183 255 125 85 0 137 193 0 129 113 32 218 117 3
    234 142 0 0 100 255 191 155 255 169 129 255 41 255 142 187 15 244
    149 255 75 255 13 90 0 230 35 91 2 0 255 69 255 132 68 253 148 65 25
    255 164 255 84 12 202 0 0 255 13 89 0 183 181 28 204 0 255 255 255
    205 222 223 226 255 198 144 157 192 0 48 0 104 211 189 123 121 131
    255 132 255 46 85 18 76 0 82 170 255 255 202 203 255 188 163 0 241
    255 0 92 0 235 0 91 196 207 43 114 224 187 24 255 40 223 86 255 31 0
    255 0 0 0 164 178 255 240 184 66 161 219 150 55 255 0 60 238 0 208
    38 255 253 235 92 197 148 154 0 255 255 145 5 185 0 255 189 220 128
    255 255 0 26 100 170 255 175 183 25 196 0 208 69 75 68 61 34 147 0 0
    3 213 137 135 200 136 0 210 0 252 109 131 255 0 193 254 79 255 168 0
    202 99 169 255 123 255 29 0 123 119 78 0 56 86 0 0 0 207 195 51 240
    139 73 255 155 125 5 132 82 65 255 255 0 45 216 133 58 171 14 135
    255 255 0 63 255 127 255 0 75 0 239 226 112 0 0 0 144 74 88 252 194
    198 137 237 46 255 255 229 0 3 255 0 234 255 165 96 197 44 255 187
    255 207 7 225 0 255 199 0 21 0 228 16 0 81 255 255 0 255 0 98 225 31
    0 0 255 255 194 186 117 122 99 0 10 0 198 0 8 142 0 115 190 0 0 169
    255 48 47 255 28 255 59 255 194 255 0 239 157 49 255 212 0 95 248 0
    154 208 217 0 204 255 0 0 186 0 27 255 0 37 255 255 237 0 112 209
    167 255 119 255 144 23 73 48 218 255 255 23 255 141 0 101 12 0 24 44
    170 185 0 82 0 62 255 255 0 135 255 255 169 255 255 0 120 255 253
    185 94 255 219 10 125 208 255 150 76 252 43 166 144 255 0 255 202
    143 255 255 215 201 163 240 114 251 255 225 0 164 155 0 255 18 132
    117 255 0 209 62 91 149 143 8 35 56 7 255 231 0 255 239 106 229 149
    32 180 166 191 95 0 255 116 118 247 237 210 145 255 71 210 224 132 6
    176 58 0 255 255 0 0 255 143 43 91 255 94 187 0 255 230 0 0 51 0 0
    230 0 174 132 30 143 255 0 127 255 73 0 59 236 89 255 255 255 190 1
    223 255 63 163 148 20 2 99 233 89 151 244 162 57 136 214 139 0 187
    197 255 137 0 147 163 221 0 0 178 60 185 184 255 111 255 48 255 255
    139 255 231 208 186 255 145 41 146 218 0 255 255 140 72 27 52 0 64
    255 24 255 31 255 255 134 31 0 255 174 0 42 148 248 0 219 0 254 219
    107 255 124 23 255 199 173 57 139 135 133 244 122 49 255 205 255 175
    255 0 190 240 234 39 255 255 255 95 255 194 255 124 0 241 136 55 83
    83 22 255 121 92 139 97 255 239 255 172 40 32 0 255 255 255 60 254
    210 117 0 196 210 255 33 255 255 255 0 23 166 34 255 135 80 65 68 58
    141 0 0 171 163 186 143 17 200 115 0 96 37 64 183 156 255 55 140 0
    10 0 15 255 0 245 144 166 255 15 212 247 230 16 119 255 0 255 121
    255 186 183 46 43 0 255 119 170 189 164 255 0 0 255 255 0 0 150 0 67
    20 221 255 177 222 79 255 167 56 60 68 72 125 255 93 212 238 0 0 205
    10 0 148 2 55 0 0 110 92 217 255 122 224 193 65 47 182 254 0 0 203
    60 224 0 115 64 0 0 255 0 102 255 213 125 0 109 14 149 255 113 0 0
    10 255 217 253 4 174 164 248 0 255 109 197 255 0 0 0 8 64 87 255 59
    82 0 201 71 172 130 195 0 0 0 0 161 30 0 55 0 0 251 47 255 24 88 22
    0 115 186 185 0 255 255 7 20 0 140 0 255 220 0 43 39 0 255 48 231
    255 40 85 46 0 250 255 255 135 0 195 0 84 8 108 74 0 0 123 255 0 0
    228 0 112 0 0 0 15 193 0 0 255 74 73 238 255 172 2 175 247 116 255 0
    255 0 23 206 149 255 188 24 91 0 203 0 0 140 0 75 81 95 103 0 0 255
    146 0 80 119 30 51 255 106 153 0 65 255 0 92 255 223 0 70 0 241 105
    0 243 0 176 0 143 255 122 69 139 159 242 0 42 8 18 0 225 83 8 173 95
    0 178 0 252 150 0 35 82 0 0 121 128 216 97 197 0 231 255 204 5 255 0
    255 22 203 255 15 71 227 255 205 0 128 210 199 153 169 255 85 119
    245 226 251 17 188 205 255 101 0 216 0 156 165 183 193 177 113 255
    190 164 140 0 226 69 95 234 0 255 108 84 227 255 180 143 255 9 0 255
    85 255 248 255 251 85 255 56 206 110 182 255 151 131 39 14 255 91 0
    235 114 0 255 18 51 161 102 43 0 55 72 157 168 255 109 0 0 37 255 0
    255 44 255 143 92 255 102 255 251 60 221 139 255 18 159 0 91 0 255
    182 63 57 130 52 89 184 0 7 68 0 255 102 0 189 35 255 255 36 133 187
    255 255 0 222 0 99 255 193 163 26 101 228 69 252 233 190 255 255 172
    129 66 159 242 33 7 0 30 55 56 35 181 117 255 249 0 255 147 33 233
    255 167 184 32 255 255 220 5 0 188 21 13 126 0 19 121 154 255 201
    140 215 0 101 78 2 173 197 71 181 149 255 255 255 217 0 88 46 106 20
    255 218 98 15 160 255 20 219 108 0 78 255 255 192 171 208 255 87 243
    243 0 231 63 190 186 9 202 234 9 133 255 89 44 142 35 199 0 131 247
    0 0 255 0 163 38 143 83 182 232 0 191 255 118 150 52 198 245 0 169 0
    22 0 11 255 0 248 235 113 0 63 91 87 178 173 0 255 209 236 8 43 0
    255 190 22 255 134 177 255 215 0 0 42 0 255 130 0 170 174 83 29 161
    125 2 255 195 232 162 25 247 101 0 184 173 226 178 0 78 79 0 255 63
    87 149 103 0 255 218 104 97 0 255 27 255 236 139 188 77 0 0 255 244
    255 130 254 211 255 0 120 0 78 66 0 255 47 115 182 202 0 73 0 157 2
    68 201 0 0 48 0 66 0 255 255 249 255 255 255 85 255 110 7 71 213 191
    238 108 49 255 194 235 164 0 96 251 231 123 143 40 0 119 253 246 93
    120 0 237 241 62 255 0 42 223 255 252 200 133 255 12 255 103 255 253
    0 255 2 134 0 163 255 0 120 255 0 109 0 8 255 64 54 255 84 239 255
    57 218 238 138 0 0 28 151 0 186 249 254 255 135 37 255 255 255 0 255
    28 116 138 167 164 233 185 15 255 108 0 14 255 255 0 67 116 157 255
    88 107 98 0 255 0 0 255 249 0 255 23 185 0 41 255 227 25 255 0 255
    255 113 0 118 189 44 0 0 61 255 185 229 86 144 175 87 45 255 176 154
    137 255 255 87 71 204 54 0 255 216 181 68 146 79 185 239 94 0 0 255
    62 221 131 58 255 130 152 0 36 77 199 220 255 255 129 200 255 45 0
    247 106 0 249 245 217 114 44 255 255 253 248 12 156 255 255 127 0
    255 98 255 0 83 125 0 255 0 151 253 222 31 196 54 21 144 0 255 240
    255 166 92 85 238 0 154 38 234 191 255 0 243 2 169 255 0 190 0 255 0
    88 221 224 250 203 255 255 30 38 221 64 255 210 255 118 255 0 99 9
    213 101 73 123 0 133 119 255 178 100 164 255 53 255 93 109 92 151
    255 70 0 255 255 31 255 255 255 0 48 232 0 222 16 23 158 64 49 20
    157 45 237 255 255 46 172 0 255 0 175 0 118 66 165 75 212 0 242 60
    148 0 255 228 0 230 224 0 246 80 255 183 195 255 255 255 89 123 7
    215 159 0 0 255 255 231 255 217 25 0 144 191 255 3 228 62 0 0 0 255
    172 238 0 188 255 0 245 0 0 227 4 255 143 227 247 152 40 130 171 234
    0 52 255 0 229 237 3 255 0 32 218 159 243 198 90 136 0 174 33 0 255
    255 255 159 7 255 85 8 240 117 255 255 47 255 24 38 127 252 161 255
    0 255 162 179 182 98 0 182 87 187 255 160 22 81 165 225 0 53 64 37
    110 202 0 104 182 36 220 195 200 160 90 20 149 131 11 96 91 0 29 0
    146 0 0 108 127 248 207 90 121 25 227 0 237 202 99 149 70 247 68 145
    0 143 255 2 0 255 128 0 255 223 255 215 163 111 64 172 38 0 0 255
    106 72 94 0 61 0 208 0 0 47 0 255 0 0 135 0 0 255 0 212 255 52 0 0
    107 232 69 27 255 0 48 73 255 0 230 42 255 255 0 91 255 7 209 237 47
    0 248 0 139 0 0 147 53 0 255 0 138 246 205 255 84 113 133 153 229
    201 86 20 160 0 23 203 255 0 52 0 150 186 0 255 185 55 255 255 0 66
    192 252 215 200 255 215 0 198 91 126 169 255 77 119 255 176 35 255
    49 0 37 0 184 255 77 255 0 78 79 176 194 18 76 50 0 49 255 248 78
    209 134 116 0 197 36 190 68 0 114 0 255 0 194 98 0 3 215 255 182 161
    255 255 184 255 35 255 240 95 255 255 0 72 240 255 255 160 133 160
    176 171 247 0 255 50 0 93 133 19 255 0 106 134 0 75 43 136 255 235
    37 164 153 0 81 128 43 131 54 59 3 224 0 8 41 55 142 225 235 60 91
    209 24 163 146 0 142 1 39 172 103 255 145 0 183 231 164 119 0 204 29
    9 206 7 179 255 0 255 100 155 255 69 151 59 98 112 65 0 3 119 132 0
    156 225 250 255 255 255 238 255 251 0 197 67 0 0 110 197 117 175 56
    255 6 128 0 182 233 176 255 164 170 194 255 255 177 12 0 238 135 52
    0 0 255 255 255 92 229 174 7 209 0 255 129 135 0 31 255 0 255 114 0
    195 0 80 19 0 255 232 176 20 8 168 0 173 255 142 255 234 63 240 225
    4 197 0 0 0 21 0 44 61 233 53 171 0 185 147 0 74 0 234 255 228 192
    255 0 197 223 168 255 119 206 0 255 231 122 215 0 255 101 73 6 255
    255 255 242 255 255 255 0 0 22 0 144 174 230 218 43 0 255 103 255 4
    80 0 137 228 255 6 129 243 169 255 255 69 227 245 0 149 140 167 43 0
    153 99 27 0 250 118 41 0 253 0 0 30 239 3 205 124 0 201 0 0 252 142
    255 145 222 255 76 255 255 48 0 88 255 0 230 167 54 0 0 0 62 32 205
    174 0 212 91 157 0 255 243 118 14 181 255 255 0 82 207 95 106 102
    218 245 206 255 0 145 0 44 192 0 26 211 54 231 130 54 32 0 72 255
    238 61 255 0 30 40 234 55 100 121 64 16 102 92 114 218 0 37 33 9 36
    23 10 31 133 255 118 0 255 33 255 91 0 255 35 0 255 197 29 175 106 3
    100 65 255 99 92 19 34 23 127 246 138 255 195 55 160 0 0 34 54 242 0
    255 255 0 76 255 198 255 255 11 96 255 255 178 73 230 19 89 255 85
    140 255 255 131 255 0 255 45 97 255 255 0 0 107 255 0 206 209 119 0
    168 204 94 22 215 0 115 88 133 0 141 255 167 81 141 144 0 9 185 231
    141 0 149 0 115 96 207 0 17 87 0 148 0 0 76 113 0 238 221 172 199
    250 122 140 76 86 48 93 0 255 255 76 251 50 13 255 255 32 0 231 255
    46 0 0 84 0 0 174 0 64 255 102 248 161 68 126 49 0 255 255 35 120
    120 255 255 209 0 0 123 0 137 49 157 243 113 97 225 255 241 255 79
    104 86 0 85 213 0 144 200 255 0 1 0 255 16 255 255 126 0 46 255 255
    21 16 246 255 52 128 255 255 40 255 255 204 129 0 70 107 139 0 255
    255 200 91 255 229 92 229 179 119 13 81 105 0 239 255 0 0 31 238 177
    151 255 255 110 185 152 186 247 122 49 173 208 52 117 0 128 0 212
    123 235 13 88 38 139 255 196 250 255 23 255 172 0 76 47 125 0 255
    205 0 255 15 255 170 246 142 255 219 153 215 196 0 109 255 0 34 133
    255 182 134 53 255 255 238 34 35 152 236 0 138 73 173 191 255 148
    196 99 0 255 149 0 201 0 173 234 0 255 129 125 0 255 158 255 0 184 3
    255 255 237 0 5 17 182 87 175 18 67 179 221 134 0 64 198 125 157 0 0
    66 118 255 245 241 132 0 155 255 164 255 255 216 203 0 103 255 4 128
    8 111 190 138 132 255 136 0 102 72 85 255 100 170 249 0 101 209 116
    58 251 27 45 255 155 215 162 73 214 255 255 255 255 149 150 200 255
    138 110 0 0 122 255 221 0 14 94 80 0 236 101 246 139 22 152 14 8 0
    55 143 110 255 0 255 157 0 0 0 255 255 0 0 0 185 142 80 159 135 75
    136 114 217 255 0 180 95 116 249 169 0 136 120 166 0 0 255 118 83 17
    0 64 255 16 127 196 100 217 57 25 0 129 255 0 247 0 28 39 255 0 121
    39 255 255 244 131 0 255 17 147 250 0 0 255 0 0 208 208 82 0 88 146
    111 178 151 107 21 216 54 4 0 158 203 255 162 0 170 246 0 0 255 78 0
    0 99 195 0 198 68 33 255 0 255 117 253 0 0 152 255 173 255 255 101
    183 0 115 97 0 96 252 0 0 227 53 0 157 2 0 0 0 141 248 143 4 164 198
    0 117 0 240 79 181 0 255 255 177 255 176 231 158 189 226 115 255 163
    213 228 255 255 255 90 0 83 71 144 39 0 133 0 226 88 255 87 26 170
    137 179 255 255 161 255 145 212 0 2 0 255 255 150 184 72 87 255 0
    184 255 215 61 252 106 255 0 0 53 239 238 0 30 232 0 255 154 159 255
    196 15 0 255 255 0 0 56 0 190 23 255 212 255 0 61 45 255 255 16 220
    0 255 213 0 255 170 3 24 255 213 111 255 149 0 19 0 0 0 213 76 0 38
    0 100 255 192 133 255 255 255 224 255 66 59 255 37 220 191 173 0 221
    51 0 26 137 220 232 219 0 59 0 0 40 50 205 181 117 0 40 176 112 255
    124 206 141 129 114 9 135 83 53 0 50 114 255 94 195 186 238 191 232
    196 0 230 13 209 64 25 220 0 255 255 0 218 249 255 215 100 46 255
    224 0 176 192 255 44 0 255 100 0 195 190 0 177 131 97 68 40 0 52 255
    0 126 255 255 181 0 213 255 235 100 0 180 243 0 255 41 123 255 238
    111 0 23 62 0 0 27 244 62 0 255 154 79 38 0 154 176 71 255 231 157
    190 127 255 187 255 255 255 0 246 154 56 0 0 19 0 255 255 134 255
    250 120 209 189 157 0 0 0 90 57 9 39 189 126 255 0 8 71 255 189 68
    50 143 99 0 255 0 255 25 154 255 201 130 255 255 0 147 165 142 255
    255 252 255 171 58 0 34 0 255 167 0 211 0 0 6 245 0 244 197 147 76
    255 13 255 255 68 167 245 72 0 222 255 0 83 255 35 0 0 226 65 0 60
    162 200 245 255 0 148 90 122 0 48 28 188 0 83 0 85 255 173 0 83 0 64
    90 24 145 15 255 255 153 71 80 0 0 254 109 255 0 0 54 177 227 0 154
    34 0 113 255 239 255 255 255 241 82 207 46 0 228 37 0 63 0 255 0 185
    255 173 10 202 155 255 41 112 0 174 135 0 135 226 94 255 10 255 0
    230 56 32 219 0 0 0 20 0 0 41 255 215 25 0 255 0 255 116 255 100 255
    252 21 255 117 62 0 0 190 129 253 117 255 0 0 242 23 0 255 33 0 249
    0 0 75 0 42 129 0 188 0 255 100 208 255 56 149 117 58 151 0 255 207
    255 201 255 255 0 221 37 100 0 137 0 212 175 0 0 0 255 40 255 129 18
    255 0 255 27 0 122 167 111 91 201 223 255 77 97 73 245 32 117 29 0
    58 35 255 195 80 156 255 132 30 255 193 255 35 31 255 56 180 247 191
    255 0 52 196 136 53 254 128 0 195 198 0 205 54 202 255 107 255 81
    240 255 0 0 4 24 94 200 119 84 155 110 255 54 0 98 0 0 0 62 155 0
    255 0 52 0 255 255 232 255 49 255 129 0 0 118 0 0 255 76 255 212 23
    158 255 181 27 205 255 162 232 213 255 0 185 61 153 77 13 66 219 0
    26 255 177 139 178 9 121 150 176 255 97 117 76 26 110 15 73 91 172
    250 14 200 2 0 255 69 229 169 86 10 186 255 61 164 0 219 134 186 228
    154 255 0 0 97 255 173 248 75 127 184 0 68 74 55 255 255 0 255 0 189
    255 189 255 186 160 108 231 218 15 255 126 14 255 82 47 221 131 55
    83 73 181 206 62 0 115 97 1 16 163 255 255 62 100 251 255 1 42 255
    82 206 0 29 0 0 229 75 255 0 119 213 10 0 255 79 0 219 171 166 251
    34 47 255 0 255 185 255 255 255 188 255 218 0 65 10 210 0 68 255 0
    210 0 118 240 0 130 255 207 121 155 255 0 7 100 0 0 255 61 47 158 0
    39 255 255 0 78 14 119 75 0 177 169 255 255 181 213 163 0 248 0 255
    0 0 122 0 255 52 255 21 255 255 104 0 79 255 51 59 0 0 108 93 64 169
    64 85 171 255 188 93 223 120 255 0 145 182 138 255 255 114 0 168 149
    108 65 110 5 205 219 234 13 84 255 135 21 4 0 240 255 249 20 255 245
    184 0 124 0 0 151 231 26 160 255 14 33 0 245 255 213 0 133 0 255 180
    179 177 255 255 255 158 9 0 148 0 28 73 255 51 80 45 120 0 184 140 0
    149 103 93 136 178 255 0 255 163 0 77 0 130 255 67 255 138 239 235
    128 255 116 0 0 255 93 155 0 255 0 136 0 188 30 255 57 76 255 250
    158 0 128 47 82 246 0 0 156 243 0 255 254 79 191 255 255 255 255 0
    15 66 152 98 82 104 255 207 0 255 251 157 170 158 255 120 255 0 0
    116 30 87 253 52 176 0 185 255 34 154 255 0 32 255 16 0 137 212 255
    145 145 44 167 19 170 83 255 0 0 29 73 255 205 255 140 27 178 164
    107 255 103 0 178 159 0 38 0 209 228 255 113 148 70 255 42 0 66 255
    157 0 255 181 175 211 48 80 171 55 81 255 27 114 144 44 175 55 0 133
    255 208 131 219 251 255 192 172 134 255 14 62 0 74 255 215 239 186
    40 255 251 75 126 0 255 96 0 253 92 215 145 198 255 255 88 0 255 124
    133 95 0 40 254 149 67 162 255 0 0 255 209 174 224 113 255 148 0 128
    137 220 28 0 93 165 191 158 133 0 0 255 0 0 62 255 77 255 80 11 201
    0 195 255 54 104 106 255 0 0 132 255 147 255 255 0 0 255 0 235 190
    240 0 255 0 255 1 255 33 0 0 109 0 1 255 255 255 220 255 122 68 7
    206 255 30 255 218 139 255 209 100 0 255 82 255 229 211 208 0 25 200
    13 0 204 255 0 255 174 230 111 0 253 224 93 121 0 241 230 92 12 254
    93 34 85 211 255 189 115 0 0 37 92 208 255 217 121 132 239 125 0 207
    58 255 194 0 255 85 66 33 0 255 58 255 0 0 182 255 0 199 87 255 224
    26 41 0 122 88 87 0 255 208 27 255 255 198 255 86 223 86 0 12 69 255
    189 2 76 114 86 133 36 155 0 10 44 220 204 146 101 0 255 0 255 245
    234 187 0 0 0 255 181 0 73 143 3 255 121 0 13 0 221 0 117 0 90 0 10
    0 255 230 0 188 255 8 64 234 100 0 142 175 53 209 0 255 216 18 255
    87 0 0 0 214 0 255 0 0 196 0 200 119 58 176 0 245 255 66 255 54 141
    255 46 64 92 250 92 172 0 125 18 127 177 156 245 0 255 180 255 79
    207 2 0 255 170 85 115 216 255 0 0 255 19 0 153 255 255 44 145 219
    222 110 72 255 6 13 255 54 250 0 218 21 119 0 226 214 255 0 245 101
    0 245 250 177 224 255 178 128 255 45 227 255 66 65 87 137 229 216
    255 218 255 149 255 55 255 145 180 189 176 20 197 71 124 255 255 77
    85 188 255 255 97 85 0 255 130 171 235 0 255 38 0 189 190 0 0 20 0
    255 0 0 255 250 251 198 255 132 107 255 85 0 255 255 28 0 221 245 23
    252 83 0 255 208 255 220 1 255 0 0 197 46 18 72 255 133 130 20 55
    221 61 203 255 225 88 0 57 212 172 127 255 231 255 150 55 223 217
    243 144 239 15 129 29 0 255 0 176 171 255 59 16 210 0 255 186 255
    220 132 198 255 11 47 255 120 47 19 153 182 0 255 0 193 0 38 160 214
    187 42 0 255 255 144 116 255 123 0 0 218 61 190 152 183 161 193 255
    4 0 88 142 143 255 86 0 153 0 255 193 240 255 0 237 18 255 255 126
    159 81 39 151 189 113 0 248 0 0 255 0 60 0 212 214 175 255 50 81 255
    0 29 203 0 0 79 242 0 35 10 245 217 23 0 10 255 253 0 255 245 255 0
    0 255 183 161 0 247 153 137 197 240 255 185 0 139 52 88 179 88 15 0
    111 255 0 185 150 136 178 255 49 171 255 0 126 70 222 161 0 223 61
    45 219 255 42 15 56 109 215 0 203 208 134 107 71 63 22 37 0 204 21 0
    171 80 0 199 194 227 255 255 0 165 14 0 0 255 28 216 72 84 255 0 0
    75 254 115 253 135 241 2 94 126 154 32 17 20 0 64 255 172 98 196 52
    165 255 21 4 33 88 0 0 255 0 167 147 0 0 255 90 20 104 160 255 29 0
    0 46 0 140 100 35 43 217 255 0 255 255 179 255 255 106 133 32 27 211
    255 0 45 0 0 0 0 120 100 80 150 255 34 164 5 58 16 181 165 165 255 0
    233 209 0 184 211 49 174 255 27 41 226 249 255 255 24 122 0 0 0 255
    179 64 5 122 255 101 92 0 255 255 114 158 0 103 53 255 69 242 0 0 0
    34 190 0 164 0 59 126 147 94 0 74 162 255 196 0 168 15 206 255 0 227
    0 255 0 0 0 128 51 93 33 109 141 0 1 136 255 0 168 0 253 220 77 249
    187 0 146 94 28 0 37 249 68 59 111 151 255 66 216 124 147 118 192
    109 83 156 20 119 0 188 146 77 255 239 0 167 81 106 58 37 252 255 0
    182 255 0 204 12 212 82 44 211 103 255 79 181 255 100 241 0 0 255 64
    0 134 117 106 120 7 154 85 255 193 53 132 255 255 0 81 255 8 63 129
    175 165 153 255 243 35 195 0 101 0 102 255 0 189 0 12 194 102 230 4
    30 77 255 208 103 0 87 0 102 57 0 160 140 72 255 255 179 194 255 255
    255 0 255 228 0 255 61 0 255 0 0 0 255 47 112 255 148 63 0 77 242
    138 0 135 27 230 134 9 13 0 221 255 58 0 255 47 0 23 20 0 124 95 2
    189 193 105 0 255 205 0 195 187 0 255 11 28 230 255 48 27 38 255 161
    89 0 247 204 114 255 40 0 58 174 255 0 123 0 145 223 92 124 222 79
    210 206 0 59 129 184 0 23 0 0 255 0 163 74 21 61 169 172 0 214 255
    166 52 0 213 95 255 0 129 223 134 0 246 0 168 74 19 193 13 255 229
    110 255 20 0 126 232 255 48 0 175 0 0 241 235 249 99 255 255 102 255
    0 102 93 232 255 0 203 4 0 255 140 255 211 153 106 123 42 255 1 0
    137 241 73 0 242 0 230 0 12 0 124 0 191 56 40 255 110 60 0 0 192 245
    0 15 31 255 168 2 43 121 42 0 177 151 47 205 106 0 0 255 0 0 159 101
    255 161 226 0 0 17 177 209 135 255 197 0 255 19 80 208 53 255 0 0
    153 103 0 35 0 0 190 227 14 17 255 0 0 183 0 89 187 0 252 0 0 255
    215 141 182 0 138 255 0 255 255 9 0 255 0 0 243 229 0 226 255 0 39
    189 156 122 0 255 194 32 200 4 147 51 132 1 0 0 21 208 42 255 103 25
    66 201 255 200 153 209 241 158 62 113 102 0 209 19 255 192 243 0 0
    216 150 0 247 0 137 104 50 154 255 255 255 255 255 255 30 255 255
    248 163 123 0 112 185 0 0 255 160 0 7 149 113 0 2 255 255 240 98 255
    69 35 232 0 255 0 21 209 68 216 0 0 68 27 69 184 8 210 36 199 255 45
    255 4 255 151 126 11 44 0 140 0 197 191 207 113 0 139 246 18 255 0
    134 157 223 255 0 83 76 0 255 0 245 44 196 255 124 135 0 255 204 19
    0 71 90 152 112 0 37 156 255 255 255 250 32 0 79 0 43 255 0 151 255
    227 0 255 83 98 243 96 0 81 105 0 123 255 0 0 255 207 255 0 111 33 0
    163 38 74 255 255 208 184 252 207 178 233 235 0 0 189 75 0 23 144
    129 70 212 178 50 41 171 0 98 172 85 78 255 0 180 92 223 0 136 57 0
    255 5 255 111 0 255 255 237 209 208 255 25 195 68 155 251 255 195 0
    159 114 74 0 225 0 150 27 247 66 255 144 17 111 148 26 0 141 112 255
    255 6 0 174 255 0 255 224 217 75 3 0 129 37 204 90 82 110 205 255 0
    7 238 162 255 0 231 255 0 0 255 195 168 0 70 255 16 255 86 0 213 104
    143 255 17 25 30 0 255 0 220 132 0 0 255 18 162 218 0 161 0 2 182 71
    209 0 0 172 181 142 134 255 161 20 0 72 235 154 0 70 209 213 123 12
    255 0 85 160 140 166 0 129 39 255 255 17 255 209 94 17 0 49 237 255
    203 0 151 255 141 255 135 242 255 158 0 0 255 147 209 27 0 255 110
    51 201 0 255 255 75 255 146 43 255 42 0 213 255 107 19 0 0 0 161 118
    104 204 52 255 227 255 0 192 108 200 28 134 118 255 234 0 255 32 255
    62 0 0 0 1 240 255 255 255 0 255 60 109 222 196 133 14 181 138 217 0
    52 67 0 146 39 0 255 67 253 9 255 118 0 0 242 0 0 243 167 0 103 0
    255 255 0 247 255 36 213 21 113 255 255 14 166 0 165 0 255 26 195 5
    129 255 220 101 0 68 255 126 50 143 166 92 255 0 226 189 0 0 181 0
    55 255 255 255 255 32 112 131 50 0 0 18 9 255 49 168 173 213 52 0
    141 134 255 178 188 74 255 39 40 248 48 185 255 0 255 2 0 0 242 239
    92 189 226 244 200 76 224 180 255 134 77 73 255 176 210 0 71 31 255
    158 88 159 121 0 200 254 255 243 152 0 255 162 255 255 145 255 62
    160 180 177 128 255 0 255 138 160 141 138 255 54 78 235 0 215 0 183
    71 2 1 40 255 209 166 55 0 0 64 0 207 18 160 174 37 226 56 255 155
    42 255 11 249 12 14 0 180 242 19 154 119 255 0 255 58 0 84 202 99
    166 115 255 133 255 55 124 100 14 104 186 66 112 86 55 165 0 255 0
    38 156 0 151 139 67 67 141 30 10 255 0 170 255 255 9 255 246 0 187
    255 244 0 255 0 171 14 38 24 6 159 255 180 0 181 94 62 16 0 241 255
    255 44 0 132 213 150 187 13 28 255 0 255 157 207 255 50 5 177 86 8 0
    22 12 0 59 164 70 118 0 161 229 0 226 0 204 0 0 117 86 0 255 0 0 33
    255 92 100 255 0 34 255 255 0 20 82 20 128 255 0 160 0 46 79 175 197
    255 201 40 0 191 255 255 0 114 52 134 255 0 255 70 172 82 227 0 54
    150 0 222 185 51 194 199 255 158 3 35 0 134 242 0 213 0 57 242 0 99
    0 10 231 255 74 26 164 69 177 255 90 197 255 151 161 193 255 255 0
    121 255 64 196 50 130 255 153 167 178 0 0 29 191 39 0 255 255 140
    160 255 255 147 0 29 91 0 0 255 255 198 165 75 255 36 255 0 0 209
    145 160 0 65 70 208 0 117 18 20 74 255 255 192 255 134 124 49 0 0 6
    87 154 109 0 34 3 239 0 73 0 60 52 0 175 255 64 142 255 72 0 108 123
    255 255 94 253 255 76 255 9 119 66 0 120 93 205 100 0 231 214 78 172
    195 146 9 43 255 0 255 255 0 255 0 231 55 208 255 31 117 98 235 255
    255 142 23 41 255 1 0 245 64 48 172 31 255 83 254 255 107 255 207 72
    72 219 4 0 76 191 114 0 255 0 116 77 0 49 152 85 119 100 0 0 186 255
    26 106 238 48 0 59 149 54 0 0 0 0 196 254 0 225 19 137 0 255 173 150
    155 0 255 0 0 255 255 239 102 128 115 61 65 141 0 255 255 97 192 122
    68 225 24 131 9 209 255 255 106 157 79 38 207 224 247 201 17 242 207
    243 79 52 255 5 219 179 255 11 255 164 0 231 163 143 122 150 255 0 0
    25 0 109 240 163 151 255 255 250 12 44 149 0 255 249 167 179 215 33
    0 255 106 28 0 0 0 0 99 0 33 81 0 131 0 0 69 221 229 198 255 255 226
    0 73 255 183 189 0 192 187 137 52 255 0 63 0 255 255 0 27 255 0 255
    192 155 41 255 103 255 39 16 61 164 99 147 20 79 234 195 27 255 255
    255 222 0 120 149 0 0 161 141 255 22 0 13 59 255 180 205 64 255 255
    0 0 190 56 4 66 0 28 240 137 255 38 149 255 255 201 109 0 255 0 69
    255 255 255 255 0 3 183 255 251 30 255 255 48 255 255 139 255 66 255
    178 232 255 161 13 0 247 255 0 47 227 0 228 39 29 184 180 0 151 255
    211 212 255 255 5 255 0 126 0 255 0 141 99 255 0 0 255 255 56 53 0
    255 255 84 161 22 255 46 0 53 207 0 249 103 40 255 201 200 0 12 180
    255 255 173 182 16 0 6 50 178 238 255 255 0 103 255 59 255 88 91 255
    27 255 81 58 212 246 135 43 177 255 238 163 84 0 255 0 223 153 155
    255 255 0 255 83 84 167 181 104 0 127 88 128 255 232 255 0 0 105 122
    38 255 176 216 47 255 29 0 215 144 195 120 255 181 91 107 111 0 95
    78 62 238 204 30 200 255 22 255 218 0 209 255 255 255 245 132 34 177
    236 134 2 201 150 138 174 114 0 255 92 0 183 0 122 90 193 172 92 85
    255 200 161 171 135 180 255 0 182 255 255 0 42 244 177 255 255 255 0
    149 213 238 6 255 230 229 209 0 0 12 255 135 159 134 218 255 0 0 83
    243 0 44 0 0 0 182 234 152 0 190 23 147 255 49 218 149 255 190 255
    80 46 255 0 235 217 193 0 5 0 139 222 255 255 0 163 119 255 237 255
    255 82 255 255 96 203 42 235 255 86 83 42 255 43 157 240 255 69 255
    111 0 255 11 13 0 0 255 68 98 158 0 138 139 227 86 253 198 255 208 0
    149 229 159 222 107 255 255 11 114 217 198 100 0 138 31 0 169 223 54
    228 44 0 63 255 28 37 205 61 153 4 198 0 0 33 8 0 201 0 10 69 219 0
    68 5 203 0 31 0 63 255 23 7 19 227 0 255 0 255 102 255 255 0 248 194
    134 135 217 0 98 127 255 43 23 118 170 0 183 240 128 18 122 152 26
    212 5 217 0 255 0 75 252 123 255 94 0 240 250 0 0 255 168 255 140
    223 114 182 190 0 255 172 255 0 11 153 150 255 255 73 3 198 209 255
    255 0 101 0 255 237 255 255 216 241 0 97 243 0 0 146 66 255 255 156
    0 70 105 255 165 255 173 87 0 167 255 190 145 0 164 221 117 225 194
    0 247 25 0 91 0 28 255 24 0 67 255 100 65 255 8 163 129 221 88 220 0
    136 255 210 255 162 255 138 255 96 0 250 0 255 175 0 0 188 26 184 89
    57 141 255 240 41 104 134 198 34 255 255 0 0 84 0 0 170 255 78 171
    214 67 0 173 68 0 255 119 57 0 201 35 0 255 234 255 16 242 141 0 0
    173 24 80 109 48 255 76 145 76 255 1 59 211 0 0 0 130 80 196 189 20
    40 0 37 255 35 0 255 180 187 56 249 255 44 255 193 0 0 127 233 79 89
    255 70 3 0 255 177 0 63 82 0 33 0 71 176 255 168 171 111 31 11 204
    124 0 143 90 0 243 169 235 130 218 101 20 255 255 255 255 85 255 138
    234 116 190 119 153 0 0 163 255 126 140 255 255 197 30 0 255 255 1
    255 154 255 255 255 99 114 74 0 8 102 229 207 211 223 160 78 187 0
    106 0 150 255 178 228 255 173 255 191 223 227 171 0 255 255 0 255
    167 82 45 255 223 0 169 0 59 112 255 78 20 72 60 0 0 0 173 143 206
    255 0 255 60 0 255 0 201 170 255 96 255 128 13 246 63 0 3 255 255
    178 234 247 124 117 84 255 139 0 0 255 0 0 152 255 198 116 100 124
    166 3 0 213 255 255 190 231 247 0 99 0 255 71 0 98 0 187 38 255 114
    0 145 180 225 255 133 218 255 255 107 255 116 84 237 255 0 232 170
    199 108 255 245 92 255 238 22 220 200 0 38 200 123 0 255 0 225 30 0
    193 146 255 201 0 95 0 225 128 66 255 200 0 90 168 44 0 0 207 255 0
    254 255 81 239 255 255 0 86 164 126 0 255 255 13 100 165 0 159 193 0
    0 26 255 94 100 0 211 88 0 255 140 100 6 255 143 255 0 0 83 109 0
    134 251 0 69 131 229 192 255 128 105 253 155 33 44 0 141 130 255 142
    255 0 0 199 90 0 82 243 23 31 105 218 0 52 0 190 236 21 7 31 76 0
    255 255 255 246 123 255 0 106 158 172 255 67 255 85 98 104 188 255
    244 253 32 255 132 51 85 255 83 255 250 255 184 0 181 134 255 233
    255 26 81 12 0 88 159 0 0 162 255 131 0 184 130 255 0 61 78 0 80 194
    26 255 0 130 209 114 255 84 87 0 0 92 222 255 56 245 122 255 205 228
    235 239 255 147 188 210 99 255 182 0 255 208 158 63 0 190 255 55 251
    0 255 194 68 94 177 232 0 121 156 0 255 59 3 15 77 153 5 0 249 255
    255 78 158 16 232 196 254 255 255 0 255 183 161 0 94 71 139 39 237
    60 255 255 249 255 38 255 114 255 46 112 61 78 255 220 0 251 161 246
    255 255 0 180 0 0 160 240 56 0 0 143 18 112 36 0 82 255 151 255 115
    250 255 255 0 71 42 232 0 255 16 202 57 255 213 205 125 0 0 168 79
    255 97 255 150 185 33 167 193 107 77 67 226 0 0 0 0 0 36 161 223 210
    246 186 215 101 2 136 247 0 0 159 135 0 153 31 24 255 255 243 161 0
    39 89 127 255 141 107 0 151 70 138 255 231 5 0 218 169 89 255 216 0
    255 3 80 141 0 128 241 168 39 255 45 189 0 149 233 206 75 255 104 0
    198 150 0 195 147 187 0 255 0 224 0 209 88 45 255 188 38 226 255 125
    0 255 85 255 154 255 214 255 4 255 179 255 79 0 118 3 50 161 39 69
    255 187 117 255 76 93 0 222 204 255 170 38 1 255 92 33 106 44 113
    236 146 46 22 10 255 173 183 235 92 255 0 101 42 0 166 216 102 113
    181 255 15 189 152 0 129 43 198 255 202 0 0 62 44 70 0 142 255 255
    255 123 23 0 0 94 0 0 113 235 0 202 231 243 199 255 245 0 141 232 22
    23 183 193 255 181 233 125 14 25 255 62 255 31 204 255 61 255 0 107
    255 3 255 40 89 165 255 255 176 230 90 206 172 44 25 224 173 255 141
    32 255 177 255 189 70 208 255 255 0 38 0 9 255 0 82 98 0 0 61 30 39
    104 93 88 255 198 0 255 255 0 61 17 0 201 244 4 0 0 174 17 157 0 118
    11 252 240 127 73 82 36 0 49 13 0 85 10 0 255 123 255 255 128 245 27
    187 67 98 0 0 90 94 42 171 255 245 255 37 0 183 174 251 0 0 86 161
    193 0 255 255 70 0 0 196 142 248 255 81 140 255 0 0 237 255 255 24
    255 255 32 195 0 0 0 145 255 86 195 52 255 255 105 26 255 206 165
    135 49 255 74 59 255 255 0 0 17 0 23 0 0 255 0 10 255 22 120 18 193
    18 255 0 0 100 230 111 0 18 0 228 0 255 178 255 58 62 0 155 255 133
    174 255 255 255 167 0 0 0 255 0 2 214 255 1 140 189 72 88 62 0 85
    122 138 255 0 99 208 255 255 0 8 21 0 80 164 193 170 0 255 0 193 255
    230 0 219 20 0 0 150 255 0 77 255 68 0 203 58 200 0 255 0 168 0 255
    255 122 109 140 255 86 255 70 220 131 207 81 19 207 56 0 255 0 151
    193 0 0 163 81 43 63 0 136 155 129 255 10 150 0 137 67 0 220 215 0
    224 255 255 89 0 255 0 148 181 81 118 0 255 169 0 70 255 20 71 96 18
    89 255 68 23 0 0 174 46 0 255 255 51 93 166 0 255 135 255 17 0 255
    154 212 31 60 190 206 0 247 255 15 255 209 62 0 67 151 0 128 0 0 255
    57 0 26 225 0 0 145 158 0 251 253 182 186 195 255 255 0 135 232 60
    19 65 45 88 255 123 255 252 4 255 255 0 5 166 130 118 215 145 155
    212 0 255 218 0 153 149 85 0 117 94 0 46 119 33 0 83 168 6 86 0 0 69
    163 0 255 45 0 4 255 16 162 136 240 255 255 255 255 255 75 161 58 59
    255 0 198 255 89 36 143 0 67 41 150 152 0 0 0 125 137 0 182 25 29 0
    255 96 229 29 0 253 118 172 205 0 73 84 238 26 0 255 59 0 0 139 93
    223 255 69 255 120 0 255 29 0 0 0 0 64 122 108 0 54 255 21 239 198
    223 201 46 255 155 122 99 255 0 255 84 66 100 155 44 213 15 74 0 168
    255 203 0 0 156 80 57 255 185 121 241 105 0 216 81 18 0 255 242 0
    173 255 82 137 183 114 0 155 66 99 149 219 248 197 255 142 0 132 216
    210 255 0 184 188 11 39 110 72 179 0 120 255 186 133 0 233 96 0 255
    0 255 204 223 113 98 255 168 151 90 0 255 0 255 68 199 135 202 81 82
    189 115 255 59 255 255 255 182 240 165 125 255 147 91 228 95 0 118 0
    0 0 255 212 255 248 182 83 46 162 0 0 240 255 160 247 255 0 0 255 94
    189 245 0 255 255 255 52 215 99 153 255 247 251 255 0 255 120 118 83
    66 80 64 255 255 205 255 175 131 201 44 0 151 153 4 14 208 40 204
    147 178 255 0 7 171 255 142 69 88 0 57 0 255 247 22 173 133 216 137
    255 0 231 255 224 255 0 125 63 0 150 242 90 15 71 30 78 167 167 9
    255 189 0 50 158 0 207 255 147 255 216 0 116 0 255 0 54 181 185 255
    1 255 124 191 30 54 255 204 81 72 162 28 255 0 119 86 164 102 112
    141 128 255 0 255 0 167 14 92 218 230 44 1 128 0 146 225 0 220 28 90
    49 23 255 185 126 203 247 116 131 174 31 158 251 234 0 40 77 72 128
    185 39 0 254 255 47 255 114 194 255 49 255 255 0 31 196 172 185 231
    255 0 0 131 238 94 255 197 255 174 102 255 0 2 81 0 0 138 94 94 0 16
    159 0 44 39 75 255 159 255 125 244 123 0 131 24 255 90 0 236 35 53
    118 0 0 210 0 0 63 90 238 255 42 219 244 61 179 216 0 0 246 170 170
    0 0 4 0 39 13 250 175 228 70 0 227 218 255 95 255 224 0 255 58 0 152
    0 0 192 255 0 255 115 0 210 231 0 125 112 240 154 0 25 227 0 83 0 0
    35 75 255 125 50 255 237 23 198 255 64 243 173 0 255 83 196 0 218 0
    191 255 47 216 11 245 255 255 0 121 0 200 255 74 78 255 49 14 136
    186 234 123 116 41 217 255 0 163 92 167 0 140 0 98 153 15 19 217 243
    0 162 255 145 59 132 193 255 99 104 231 194 0 31 101 216 255 49 0
    146 0 109 185 97 186 190 0 221 6 120 255 0 94 255 30 129 243 255 57
    255 155 0 234 255 101 170 255 255 21 0 0 165 255 187 255 209 178 57
    193 106 70 0 211 102 0 244 243 166 147 197 124 0 52 0 38 222 255 214
    141 255 118 114 255 0 0 111 127 0 48 118 81 255 196 245 255 133 215
    255 0 255 216 255 184 255 176 54 55 77 0 151 160 9 111 0 80 70 234
    86 225 116 255 45 235 0 191 255 0 0 91 255 32 240 241 15 231 42 71
    138 212 120 62 135 0 15 0 186 165 255 255 174 6 255 255 255 191 88
    165 0 91 20 54 226 0 4 68 0 81 74 80 242 66 41 255 73 84 255 135 221
    255 102 139 134 223 0 0 198 101 0 255 0 188 38 0 209 155 0 172 47
    193 249 166 77 34 73 0 255 99 147 255 120 18 47 0 91 0 33 155 56 0 0
    145 223 0 201 157 255 247 193 171 246 255 148 123 186 255 250 16 0
    237 0 107 90 99 0 69 128 255 48 84 86 58 54 83 183 111 0 0 115 3 255
    27 191 232 81 104 208 255 80 137 36 145 237 185 106 0 0 158 0 0 255
    39 35 164 255 57 65 32 125 73 255 0 255 106 102 120 3 169 96 72 255
    52 168 120 149 255 221 155 255 29 255 5 129 82 255 90 255 255 22 255
    13 0 111 22 0 0 16 209 141 175 255 255 148 255 72 25 49 19 96 0 137
    163 255 164 209 0 0 0 217 160 0 255 89 168 0 123 255 99 106 255 49
    26 0 243 0 148 0 255 157 117 116 181 183 15 93 6 174 72 166 157 118
    96 24 255 48 53 14 175 255 0 0 232 36 69 102 107 145 117 162 166 0
    225 9 128 126 231 204 127 131 137 0 0 119 0 185 0 172 167 185 92 255
    38 123 238 67 255 3 255 64 35 50 45 255 131 160 255 233 136 155 255
    200 7 147 29 125 79 0 232 5 255 98 0 161 176 255 207 34 68 98 2 159
    217 255 178 64 249 255 83 169 147 176 83 255 37 126 0 0 108 77 0 0
    92 8 100 234 201 255 0 156 141 245 138 0 162 219 255 156 155 147 12
    197 5 62 0 145 253 161 255 120 0 132 226 123 153 96 0 179 255 0 35
    28 0 252 108 230 0 239 255 0 248 0 247 107 40 0 255 81 93 97 177 165
    255 192 48 0 250 0 47 255 72 56 201 255 240 145 62 31 0 0 255 153
    205 138 86 29 190 255 153 95 9 191 85 0 249 175 92 131 196 219 203
    89 253 68 163 0 228 21 92 0 4 255 45 62 243 154 186 255 0 66 229 244
    176 255 121 255 118 255 255 111 127 0 0 48 43 255 0 0 0 160 215 0
    153 0 124 181 161 0 169 0 0 2 255 0 129 241 49 0 36 255 0 0 201 255
    44 24 234 196 33 183 236 37 255 48 255 204 169 6 0 130 145 183 16
    218 196 230 120 189 255 98 53 133 255 225 0 109 0 222 0 104 0 171 0
    179 255 101 206 49 41 60 255 48 174 67 15 0 0 72 55 0 79 37 0 0 50
    48 240 221 52 182 40 244 0 155 0 209 0 255 218 37 156 183 0 250 149
    255 0 0 0 211 0 67 103 0 123 0 166 255 0 77 255 68 0 255 0 255 20 1
    115 0 186 123 143 239 255 185 0 201 71 0 0 0 0 49 0 255 0 211 0 177
    0 255 255 126 124 92 33 170 93 211 0 64 255 183 225 0 209 176 237
    207 255 255 74 44 36 153 255 247 251 117 175 0 29 210 34 0 40 143 43
    206 181 4 168 255 255 36 248 75 30 0 255 54 0 160 255 0 255 149 237
    5 241 53 255 255 59 117 120 6 127 140 4 0 234 235 145 201 211 130
    255 158 0 10 207 0 227 243 255 63 0 255 143 117 185 51 255 0 0 184 0
    157 53 224 208 0 255 132 87 255 88 141 92 0 145 0 173 0 161 10 33
    183 116 255 0 255 160 18 255 95 124 232 255 83 0 0 173 131 227 200
    18 18 0 186 254 56 187 0 146 0 0 255 22 0 129 254 255 141 255 255 0
    105 197 0 62 174 226 93 255 113 255 0 0 185 199 255 61 248 124 88
    117 109 226 255 176 48 3 0 147 255 131 46 0 0 234 0 255 247 53 0 255
    0 15 5 62 226 0 1 255 154 0 109 32 253 163 163 39 206 244 14 255 8
    48 0 0 0 255 0 226 0 155 39 112 118 40 153 41 161 243 125 225 169
    200 255 21 180 190 255 135 133 0 0 0 255 93 255 77 53 0 255 232 104
    197 255 167 58 68 0 203 190 90 183 42 0 163 255 196 221 0 0 255 10
    255 193 53 117 100 255 147 234 0 103 65 68 255 10 255 52 45 255 201
    255 26 39 233 164 114 255 22 204 177 194 255 3 212 175 158 194 201
    190 252 163 0 144 73 148 255 132 255 255 239 203 114 255 142 0 32 26
    42 51 0 255 220 68 139 153 0 122 248 239 147 179 0 0 0 254 217 0 52
    105 255 255 130 20 54 71 0 187 0 241 255 179 181 0 0 255 220 248 69
    253 255 255 158 0 0 0 22 0 3 255 0 0 0 255 138 230 48 46 132 96 94
    46 169 50 179 255 0 61 255 183 255 255 10 85 255 51 223 182 196 255
    191 0 145 0 171 142 134 187 255 0 94 255 126 186 225 0 255 255 10 47
    131 0 52 76 196 255 255 106 98 9 47 0 157 65 162 173 217 0 137 0 0 0
    116 27 3 179 255 1 0 255 0 203 154 225 182 118 249 0 35 0 19 49 255
    203 33 255 216 66 49 0 209 19 95 10 0 124 255 162 255 232 0 9 0 16
    50 25 106 125 0 0 255 70 255 0 66 0 26 69 173 255 255 226 0 255 41
    204 158 71 0 0 221 70 248 40 255 126 33 144 255 152 145 215 65 0 117
    0 190 109 126 203 255 214 204 142 0 255 0 0 255 49 85 255 255 14 36
    54 130 23 255 0 218 255 0 157 255 39 134 255 255 255 201 135 146 6 0
    51 37 223 0 24 52 255 33 16 76 0 219 0 126 227 181 154 205 255 179
    222 158 0 81 255 108 77 105 0 0 0 231 168 14 240 69 241 233 71 0 112
    0 36 0 0 146 128 206 160 62 0 0 210 157 172 0 133 206 255 255 0 8 0
    220 255 0 0 222 119 255 188 255 0 35 230 49 92 211 9 239 34 255 241
    255 255 0 0 179 255 0 150 60 90 255 255 80 0 38 245 142 232 255 57
    26 252 255 242 204 255 29 65 255 48 229 26 79 255 255 255 164 67 99
    255 149 255 144 111 255 245 131 255 69 207 199 69 68 0 121 255 255
    236 32 255 255 185 163 153 104 0 226 5 255 151 248 197 255 166 30
    132 176 88 0 0 205 224 255 255 47 38 159 0 22 104 227 250 0 179 88 0
    254 0 63 255 89 23 191 2 0 171 243 100 88 144 169 35 255 0 252 216
    60 87 66 0 255 33 0 0 180 0 255 54 255 91 222 255 175 0 104 20 0 227
    255 245 245 255 10 0 100 86 232 5 105 83 22 210 66 65 39 255 255 0
    14 112 206 234 57 186 235 67 205 255 30 255 191 255 255 255 255 0
    255 108 0 52 0 169 203 225 77 118 255 163 132 0 238 161 233 0 125 46
    0 0 0 77 245 41 150 255 60 151 0 103 95 194 255 255 14 18 104 209
    255 225 37 255 255 0 255 255 0 0 255 94 17 54 59 159 27 58 109 31
    255 0 0 60 91 129 37 114 136 0 233 161 0 82 0 194 201 9 131 118 178
    135 149 255 98 0 0 5 255 90 0 53 255 155 255 33 228 109 69 164 111
    10 11 87 73 255 12 255 0 255 143 0 0 255 165 255 255 144 91 86 255
    31 21 213 99 77 10 243 0 0 99 0 8 0 0 216 0 255 0 0 0 255 213 255
    255 0 239 237 127 0 255 11 255 172 254 112 247 226 185 172 255 4 255
    23 119 183 2 214 0 73 255 36 56 255 0 100 255 255 63 194 129 255 255
    0 246 136 253 255 0 255 191 157 243 32 199 1 0 0 68 81 255 182 0 71
    22 74 20 0 12 172 53 0 215 76 15 208 255 222 255 153 166 78 67 224
    116 123 87 84 51 0 185 0 224 44 255 255 73 0 222 0 175 57 45 225 229
    89 255 0 40 255 255 161 134 255 0 29 96 179 152 0 255 233 21 0 219
    73 237 0 0 175 208 122 132 60 136 255 139 161 255 0 231 0 149 255 70
    240 122 215 255 0 0 255 0 255 0 192 161 240 44 252 102 0 34 241 0 0
    42 34 169 243 101 96 153 156 27 103 0 246 146 0 146 249 255 12 255
    129 110 184 111 255 255 231 0 255 0 0 55 7 6 114 205 141 255 51 222
    232 0 97 255 0 245 0 0 255 96 0 62 0 184 255 255 9 254 255 138 115
    239 4 28 157 177 255 191 23 0 129 0 0 172 157 244 144 77 225 17 152
    81 141 159 55 195 167 88 196 255 84 139 83 255 32 142 116 9 38 154
    18 252 255 150 41 17 199 0 112 0 124 193 10 12 166 255 255 173 255
    255 255 37 255 0 255 0 0 48 255 201 0 5 0 62 0 76 255 106 233 135
    207 194 0 133 205 222 62 198 2 113 255 21 119 241 123 159 226 174
    133 214 180 0 255 0 200 0 255 220 121 48 198 0 0 0 255 27 227 0 78 0
    222 130 0 189 5 138 23 255 195 0 0 255 0 126 255 40 99 255 229 0 255
    252 91 91 226 0 255 0 129 0 182 164 255 0 24 0 0 239 185 0 148 66 30
    179 171 117 162 126 211 255 28 255 240 148 207 255 196 99 173 84 255
    255 71 176 0 109 194 15 255 29 0 255 218 119 0 0 192 115 101 0 249
    121 169 255 177 255 150 255 255 0 0 124 255 0 255 81 119 149 255 0
    180 116 255 58 255 0 57 24 190 0 0 0 116 195 104 155 0 47 13 58 243
    0 0 87 255 255 170 120 162 16 0 14 0 122 255 78 198 205 32 255 0 255
    97 0 56 55 16 0 0 0 105 255 134 41 195 0 0 0 181 51 255 0 255 255 65
    0 255 0 175 150 247 0 36 255 0 70 255 89 255 184 211 59 249 96 255
    119 255 116 0 0 127 0 116 206 61 210 189 57 220 255 255 236 255 133
    6 27 255 63 255 100 131 255 27 0 0 47 0 21 177 248 255 4 166 157 0
    255 238 0 0 171 0 75 0 255 0 96 255 255 20 24 253 0 4 0 0 103 241
    255 44 61 255 90 127 84 81 88 243 7 255 4 0 255 199 255 125 0 64 229
    157 36 0 128 196 253 250 235 74 255 255 66 255 155 128 42 28 61 17 0
    255 0 0 0 255 130 255 89 252 24 255 255 108 200 81 219 15 238 255
    228 3 255 0 66 59 84 234 161 117 255 182 30 24 0 148 0 127 5 0 255
    224 255 170 180 48 198 57 7 218 94 255 0 146 54 0 42 0 0 0 8 255 221
    0 49 0 162 45 127 0 255 255 255 51 32 240 176 0 36 80 206 92 154 255
    193 255 100 255 0 255 255 0 180 255 183 116 130 0 0 127 182 0 89 255
    231 24 10 0 46 194 0 16 121 131 154 232 140 114 179 255 255 191 176
    214 226 105 255 255 68 66 197 255 71 246 239 167 255 245 22 181 255
    231 162 39 144 255 213 199 180 117 67 159 96 0 255 3 120 6 0 79 0
    152 117 0 164 0 146 69 132 39 113 255 18 22 255 254 255 73 0 255 0 0
    0 47 232 255 0 212 255 0 255 0 0 0 0 0 0 55 0 0 227 0 255 88 25 9
    205 35 255 211 246 0 216 109 249 89 255 0 0 255 87 0 157 152 255 0 0
    0 0 255 255 214 185 226 80 47 162 34 108 64 196 47 42 170 255 198
    199 25 255 20 121 59 0 0 142 90 0 138 0 18 255 0 98 201 234 176 255
    93 255 140 255 255 16 124 195 164 115 228 243 255 255 190 72 0 0 57
    0 125 158 23 111 28 37 72 255 255 225 255 22 255 255 251 149 222 255
    255 168 142 255 255 0 193 150 98 239 182 255 0 135 63 255 0 0 231 0
    199 177 0 0 213 201 12 0 140 181 255 0 26 22 0 8 255 237 0 143 243
    255 130 54 0 0 255 89 0 0 119 87 221 255 132 248 86 157 255 149 255
    199 79 255 171 0 0 107 255 24 0 0 4 80 122 0 255 255 232 197 189 252
    169 166 255 255 255 0 172 255 145 0 255 0 146 83 198 36 173 104 89 0
    0 255 255 73 136 255 220 106 119 67 87 243 249 114 207 0 34 213 0
    135 123 196 0 43 170 87 9 199 240 106 255 75 79 14 104 24 86 62 0
    218 4 195 255 184 255 237 0 135 254 0 60 242 193 255 110 55 255 210
    237 255 255 174 255 255 255 255 208 167 255 0 255 0 0 255 64 124 255
    183 5 16 146 27 255 110 51 224 109 194 106 167 0 0 50 252 202 229
    191 99 0 0 169 239 185 197 194 255 255 255 59 106 96 0 181 0 174 144
    191 255 52 158 255 61 240 15 0 92 255 0 236 255 207 157 19 51 255
    132 114 0 102 0 97 244 123 203 232 0 0 255 0 208 255 81 255 0 226
    218 91 255 170 0 159 197 224 0 255 107 255 0 25 251 134 139 186 255
    0 255 255 223 87 0 255 129 79 0 218 255 206 0 163 62 112 59 0 144
    250 119 69 0 166 8 195 131 255 0 255 255 127 61 0 240 255 0 77 255
    201 0 0 7 218 10 255 246 60 0 255 19 170 255 199 200 162 230 0 248
    159 255 136 198 222 58 158 0 255 67 255 105 219 255 166 118 255 140
    231 231 82 146 92 103 19 147 157 0 255 37 181 38 0 135 255 255 0 255
    185 255 71 151 165 255 255 255 0 41 255 0 205 255 171 255 0 0 34 221
    0 67 145 68 58 0 255 255 191 24 89 218 0 224 192 163 36 0 202 255 14
    255 255 176 0 255 60 144 105 255 56 79 216 237 199 0 255 249 0 136
    181 65 235 251 228 0 255 255 255 18 255 12 108 230 126 244 255 220
    230 107 65 134 81 255 0 107 194 115 0 236 231 225 125 255 0 231 70
    255 107 255 255 255 0 113 117 0 218 232 0 30 0 205 0 255 217 0 124
    123 255 154 104 0 15 121 160 20 0 0 218 0 138 16 196 255 63 255 75
    159 132 16 220 75 255 0 139 20 141 239 134 200 153 95 35 176 247 72
    172 255 0 9 55 146 255 254 133 4 61 0 45 255 171 255 213 160 194 248
    255 0 255 0 255 22 255 255 0 73 0 252 255 159 101 250 0 14 40 0 0
    224 0 49 0 255 122 81 255 148 241 214 55 141 32 67 255 255 68 77 0
    255 72 62 255 0 81 143 147 63 138 255 205 0 200 82 52 168 255 31 0
    253 0 104 255 26 6 255 255 255 0 113 189 117 166 180 6 66 36 91 0
    255 50 188 39 148 234 255 255 209 255 0 255 203 33 216 0 23 177 255
    138 123 122 255 80 255 56 0 47 125 255 255 210 60 83 0 0 0 84 255 52
    0 195 194 0 75 198 178 54 159 192 136 255 168 35 94 62 142 245 133
    124 0 56 23 190 232 150 0 130 119 244 25 23 16 16 135 144 252 0 74
    255 34 0 27 130 0 17 255 255 129 87 251 241 113 0 197 0 0 160 0 127
    0 255 255 23 43 48 135 0 0 181 148 156 100 57 43 87 31 217 33 18 109
    143 0 255 0 4 255 17 0 255 0 168 243 0 65 78 177 0 255 27 180 46 31
    255 236 12 255 0 133 0 61 0 255 31 0 181 83 128 56 255 117 205 255
    100 0 0 177 106 84 0 164 215 0 184 2 220 55 196 0 74 252 0 0 235 68
    79 38 34 255 255 179 143 255 255 13 0 224 0 40 66 66 116 255 0 0 0
    206 0 234 89 181 136 9 249 255 116 128 105 255 134 228 68 187 147 0
    0 72 230 151 139 57 126 0 134 33 110 5 246 223 210 255 0 153 162 160
    188 0 59 0 255 190 255 255 204 19 255 255 232 1 255 108 177 255 0
    243 138 33 217 113 0 0 117 89 255 105 255 255 255 234 232 119 222 0
    255 0 47 12 7 255 92 255 182 33 0 250 197 255 127 255 88 37 0 238
    208 255 227 248 85 255 0 248 255 65 144 255 17 131 179 239 0 92 31
    102 171 127 108 0 0 111 0 211 97 3 255 255 0 255 49 63 0 173 71 17
    68 233 178 148 232 77 185 0 0 0 16 33 73 163 0 72 255 0 232 0 4 22
    140 255 0 125 255 101 255 169 255 205 163 224 99 57 167 132 255 255
    73 0 218 213 0 93 244 162 224 0 0 110 0 186 255 255 255 5 243 39 255
    147 61 182 255 241 4 89 152 3 255 227 0 170 0 22 36 0 117 0 76 56
    255 255 238 255 103 46 13 192 255 212 0 255 255 109 75 202 0 255 0
    129 212 255 255 166 0 50 144 0 125 120 255 19 255 255 10 34 160 151
    0 0 255 248 255 134 118 255 0 124 91 10 172 0 0 221 127 0 18 0 98 0
    49 0 255 255 10 255 236 0 174 0 0 183 100 67 0 0 152 255 173 46 129
    255 0 243 193 237 214 137 149 176 134 92 49 119 185 126 0 0 70 173
    255 163 26 95 137 0 188 63 0 130 255 86 40 202 0 142 0 235 208 173 0
    32 67 11 73 255 126 255 140 0 0 243 0 0 93 186 255 19 201 0 45 100
    117 72 255 166 0 43 81 110 110 0 0 9 243 232 214 121 255 20 84 174 0
    255 13 40 255 255 240 127 255 53 182 0 0 226 0 75 241 255 150 134 10
    0 255 177 130 145 46 96 218 0 84 157 249 255 5 185 119 62 82 0 129
    150 0 116 28 231 255 0 7 255 255 96 175 255 69 188 139 216 0 114 162
    100 201 62 82 255 255 0 100 197 189 242 255 253 0 104 106 183 134
    181 28 116 164 220 255 59 255 255 234 251 121 0 255 0 255 63 237 255
    34 61 231 236 14 105 4 171 235 255 23 131 2 209 0 255 153 47 0 255
    255 0 255 42 78 132 246 34 255 198 26 0 255 86 119 11 215 171 102
    248 255 213 0 70 162 0 255 255 143 37 5 154 255 255 80 59 80 0 0 133
    193 0 0 0 0 74 139 255 223 144 254 174 255 180 194 165 13 255 248 31
    135 164 255 255 74 255 23 46 69 0 11 255 9 165 255 103 199 227 168
    164 255 111 255 49 110 223 221 99 25 119 197 0 61 0 204 255 198 82 0
    0 255 183 0 255 236 250 0 193 0 253 190 0 255 127 44 143 158 0 0 52
    76 0 123 255 0 36 255 0 244 255 78 255 255 255 255 255 0 105 34 87 0
    35 5 86 91 75 255 206 0 99 255 0 56 148 0 0 203 255 255 0 255 255
    175 0 255 101 0 255 114 113 10 97 255 255 255 110 13 0 150 63 149 21
    0 0 188 76 0 121 137 9 49 142 5 104 172 73 0 157 0 98 55 83 246 255
    54 53 49 245 255 0 172 255 66 223 64 101 12 192 66 0 104 5 0 67 195
    118 218 0 11 56 0 0 214 200 202 227 180 102 171 50 53 255 195 10 125
    65 0 44 0 255 255 255 253 0 75 198 255 35 0 194 144 40 0 255 233 106
    255 214 0 255 255 0 207 251 216 86 0 255 41 23 0 167 212 230 255 0
    255 44 114 126 0 20 0 203 0 48 93 231 254 217 0 121 255 233 255 255
    0 255 173 0 70 0 185 143 255 0 0 90 0 255 0 77 169 140 255 213 0 185
    223 255 0 122 86 26 0 133 0 241 255 255 107 62 196 154 180 99 33 29
    255 174 0 62 0 183 45 0 29 65 107 159 0 0 255 255 88 134 132 5 255 0
    89 255 0 30 163 255 179 69 107 195 173 255 255 255 237 255 214 0 255
    2 0 106 255 136 97 74 235 255 255 0 0 69 0 80 0 117 2 145 100 154
    193 146 0 166 68 238 0 1 5 64 89 226 230 255 255 182 0 227 222 64
    226 0 132 255 172 122 159 194 35 129 27 55 255 138 0 220 255 0 0 18
    255 255 23 255 255 98 0 0 26 127 14 152 101 236 123 255 78 255 49 0
    0 58 69 62 87 29 124 41 0 0 255 255 255 236 0 12 100 28 0 113 172
    252 88 167 255 246 16 0 0 255 67 50 204 0 44 255 255 76 183 178 0 31
    0 87 190 157 49 207 255 115 185 147 206 121 98 214 109 255 0 255 0 0
    255 32 69 212 157 35 58 255 88 77 58 165 128 163 0 30 175 0 79 115
    152 232 67 17 155 175 55 255 255 25 255 68 20 255 255 0 248 255 26
    44 3 147 0 0 183 0 255 95 0 250 255 215 40 255 255 255 192 221 131
    123 0 58 0 43 255 210 255 255 0 56 154 255 166 202 255 0 229 34 178
    0 255 255 49 228 177 16 28 140 103 135 255 238 181 10 111 166 25 0 0
    245 214 180 5 4 102 0 255 0 242 75 63 47 0 137 255 231 255 243 0 54
    41 8 192 3 65 0 4 255 0 185 128 150 185 0 96 87 255 77 171 168 49 80
    136 178 179 233 89 52 255 0 255 218 221 254 133 221 188 137 207 171
    254 0 44 127 208 0 24 21 255 255 29 255 26 255 0 65 17 44 166 16 122
    43 140 255 196 137 106 52 47 255 98 79 244 193 255 120 177 0 124 91
    20 76 0 255 0 255 249 0 0 79 255 0 0 119 169 0 0 32 182 242 45 102 0
    255 255 0 84 34 241 210 0 215 255 118 155 121 255 0 255 255 168 188
    10 120 255 208 0 46 226 121 113 2 0 173 163 128 0 0 99 0 255 0 113 1
    206 54 0 173 255 157 255 0 231 0 152 233 221 243 159 255 101 82 255
    109 188 0 134 0 243 255 202 239 255 32 119 129 112 255 143 255 162 0
    185 84 43 0 106 204 79 255 218 23 238 151 185 119 0 129 93 255 59
    225 236 122 214 65 255 105 38 255 202 193 11 149 0 175 255 0 255 60
    255 255 37 155 187 34 255 0 115 8 58 134 17 112 186 107 119 0 70 237
    193 172 169 179 255 255 255 227 2 255 141 173 255 216 0 176 0 225
    147 95 81 88 190 255 143 12 70 171 0 24 217 188 19 0 255 0 0 0 232 0
    0 89 112 90 93 76 0 255 255 219 47 11 105 38 255 255 147 149 0 255 0
    106 220 230 120 255 144 0 2 26 124 238 0 255 0 255 64 0 168 255 0
    233 168 223 255 125 0 112 158 0 227 73 255 242 21 168 0 160 0 241
    199 187 85 57 255 59 0 255 46 157 194 0 179 0 213 225 108 0 0 185
    218 255 255 94 101 32 0 174 136 255 255 133 203 39 0 255 147 242 253
    0 194 132 192 255 132 147 171 0 231 255 72 0 202 189 25 27 0 178 178
    43 27 255 0 84 45 20 67 81 255 104 0 196 78 0 124 255 255 8 33 255
    33 255 109 255 0 118 255 244 255 0 16 255 198 255 244 0 255 42 246
    51 240 188 136 0 0 245 19 255 136 206 209 24 0 237 255 255 143 136
    255 106 199 118 67 75 30 0 87 0 85 255 0 170 27 2 0 0 0 189 23 87 0
    125 255 160 0 0 12 0 23 119 0 158 212 255 254 201 242 0 1 55 0 244
    152 231 116 123 132 98 77 37 166 255 34 78 126 255 139 150 204 255
    255 69 0 147 31 163 0 8 255 208 108 255 42 255 173 255 217 219 135
    134 63 0 21 174 0 162 0 0 0 0 55 89 0 0 186 174 0 200 0 162 153 110
    168 80 43 255 255 213 60 255 0 7 74 0 183 158 255 153 0 255 42 255
    196 110 33 184 255 230 37 215 0 91 124 0 0 0 0 255 35 0 13 255 234
    215 255 255 11 117 0 200 255 0 101 180 254 0 41 144 170 0 207 255
    255 221 0 34 252 70 0 0 255 255 145 255 77 143 148 0 46 0 224 255 0
    0 41 211 255 29 184 5 53 200 158 255 193 255 255 249 255 255 166 160
    11 212 134 236 103 211 0 19 93 140 87 15 255 249 144 201 0 0 255 0
    214 255 255 58 133 89 132 73 57 206 0 57 0 56 230 26 3 184 123 255
    183 255 244 255 78 126 86 212 0 0 255 71 158 98 138 41 255 255 214
    182 128 24 233 255 95 0 157 6 216 80 157 0 25 60 235 50 101 6 12 223
    189 4 205 87 209 159 233 255 0 86 9 74 190 180 143 37 26 76 200 42
    163 34 43 149 177 0 10 185 0 255 180 0 60 68 244 0 91 18 22 175 255
    255 68 164 98 0 0 0 253 0 152 146 132 0 158 255 137 255 3 255 215
    169 255 0 221 255 118 49 255 0 255 227 178 23 0 0 140 225 128 248 0
    199 191 0 103 0 180 0 180 197 20 138 0 154 255 175 118 69 0 255 142
    0 255 200 142 13 165 171 93 255 245 255 107 107 55 0 255 0 0 0 201
    255 255 2 44 183 84 61 214 0 138 20 144 131 0 11 0 24 204 202 140 84
    0 62 69 116 16 255 194 255 138 255 89 24 210 0 0 255 0 11 255 0 0
    208 162 181 255 255 80 0 0 226 0 81 183 157 71 255 0 165 175 80 255
    255 235 239 53 222 0 0 0 255 8 140 180 204 0 239 255 64 53 12 0 117
    103 183 221 0 255 209 121 206 130 185 3 223 62 120 0 154 255 0 100
    190 177 228 135 86 0 0 137 233 0 74 0 54 91 190 255 113 224 149 255
    42 178 82 255 80 70 53 224 176 9 65 188 0 255 218 120 156 215 0 153
    255 255 255 164 0 0 111 144 255 221 139 0 255 174 17 92 50 255 193
    154 171 21 57 0 103 102 20 0 226 116 7 255 254 255 90 220 157 241
    255 205 78 255 140 109 70 0 52 0 136 255 21 111 255 190 117 255 244
    188 188 12 182 18 197 56 0 0 50 177 255 64 47 141 124 255 147 3 255
    245 247 161 121 0 214 157 66 255 18 0 180 125 0 162 177 32 0 0 0 174
    255 23 76 79 75 173 186 255 255 255 0 140 226 255 146 0 178 0 116
    229 134 235 255 0 148 255 255 0 5 70 216 0 255 0 23 255 9 94 255 255
    4 0 202 218 25 0 152 255 50 255 255 50 51 178 125 161 60 255 0 36
    255 0 196 173 250 0 36 255 0 255 241 187 0 255 137 255 219 113 0 219
    199 143 255 255 142 0 177 255 153 0 255 235 60 108 196 0 18 20 0 90
    69 12 8 196 127 255 150 0 202 104 141 112 0 202 255 169 255 35 12
    255 143 248 255 255 13 0 0 0 55 102 162 255 255 0 19 179 255 255 2
    161 0 217 0 255 213 12 255 255 248 188 0 0 33 0 26 4 255 111 0 57 73
    80 198 255 0 194 233 252 0 146 153 133 126 255 0 165 0 58 0 19 128
    255 251 169 230 49 0 148 87 139 79 168 236 13 25 255 61 236 255 0
    255 255 238 237 0 81 224 0 89 207 0 187 146 139 87 224 98 82 196 200
    80 0 67 78 0 0 255 0 0 255 255 0 140 130 255 94 80 148 155 255 162
    255 0 0 249 255 0 7 249 0 255 140 165 225 255 255 255 166 53 159 84
    0 255 168 237 249 0 211 255 81 148 147 201 255 192 255 255 15 255
    255 205 179 58 0 72 145 249 206 205 218 251 255 0 1 255 255 1 229
    229 229 255 255 164 0 1 70 52 73 155 255 41 245 183 98 0 255 99 132
    126 255 189 255 255 133 204 255 255 123 193 7 69 255 142 0 58 40 120
    122 222 247 255 237 167 161 0 68 255 230 130 179 90 155 0 228 104 28
    0 0 233 129 242 255 51 255 187 38 77 39 208 43 255 0 30 101 216 0
    194 216 225 195 145 99 255 128 254 135 0 51 255 71 250 202 255 0 48
    51 52 255 149 0 0 210 110 224 79 90 168 209 57 26 67 255 255 255 255
    0 203 232 0 101 39 58 160 172 215 255 255 0 0 255 86 255 255 113 255
    47 46 103 58 0 24 50 199 57 0 0 249 86 35 0 255 100 143 0 255 0 112
    255 0 57 0 199 255 0 173 119 118 45 184 0 0 41 52 30 182 140 255 0
    72 231 9 38 94 22 0 231 255 255 80 82 240 219 94 38 147 191 86 255
    211 36 163 255 250 140 108 68 255 255 54 74 186 58 0 0 255 192 246
    51 255 174 139 116 83 0 171 0 0 166 255 167 227 0 4 33 72 154 40 0
    142 13 0 126 255 0 154 79 18 238 167 0 255 255 20 100 250 5 205 173
    153 255 236 179 93 19 255 255 0 55 123 106 255 219 127 84 44 16 119
    250 255 255 71 116 191 255 255 58 233 60 213 135 255 0 135 128 248
    152 33 255 255 113 53 180 0 203 179 85 137 0 14 61 49 176 66 211 255
    0 255 249 255 225 124 73 255 218 0 226 103 176 0 85 0 0 255 198 255
    68 255 0 0 52 255 227 0 215 123 26 0 146 222 26 18 138 255 250 123
    203 255 158 30 146 177 83 0 255 26 255 255 174 242 0 98 0 55 136 255
    10 104 0 97 77 170 0 203 255 0 6 7 235 94 130 0 61 221 249 156 208
    255 255 182 255 0 28 215 204 255 255 31 118 139 255 53 255 243 38
    138 0 0 0 255 0 198 255 255 2 0 255 0 108 55 79 0 255 255 139 0 143
    104 239 243 198 0 255 182 149 133 200 91 0 0 3 166 157 255 229 195
    255 34 93 0 255 17 255 255 11 227 255 0 127 159 0 150 9 114 20 255 0
    63 6 0 131 208 0 243 255 155 255 69 0 146 2 90 255 171 28 255 255
    136 212 255 109 185 71 255 255 0 0 0 242 0 209 215 160 78 0 92 21 55
    255 246 255 200 255 255 246 159 242 0 0 0 255 255 0 145 183 71 82
    104 230 255 98 0 36 255 133 0 38 193 36 255 255 0 255 245 0 241 142
    0 183 151 229 74 124 118 171 0 205 255 206 37 255 70 255 0 255 2 0
    86 108 156 35 193 255 235 145 79 0 0 0 254 119 44 255 214 236 211
    255 0 195 35 93 229 125 166 241 255 90 0 245 243 169 170 77 9 194
    255 31 0 0 66 248 255 186 0 17 255 150 136 255 241 164 149 221 21 0
    18 209 0 0 93 199 31 7 255 214 106 221 255 0 162 242 116 255 0 29 0
    137 246 81 255 163 87 216 17 120 26 65 154 231 249 0 0 255 175 195
    127 147 140 82 255 0 0 0 255 0 0 0 47 227 109 0 98 28 207 29 131 141
    255 97 0 230 31 255 0 148 247 0 71 255 255 104 0 235 239 73 246 137
    0 201 255 253 51 181 171 93 61 133 255 119 4 110 0 0 0 25 0 255 229
    36 28 255 0 0 0 255 120 119 209 255 253 73 0 13 141 89 255 145 8 207
    79 92 1 93 11 120 154 245 0 0 0 160 0 0 0 163 255 255 255 255 124 89
    96 0 0 250 120 0 65 255 124 224 76 9 255 27 207 0 209 46 138 0 37 0
    129 0 255 195 0 255 255 0 0 235 0 174 54 93 232 115 33 155 174 128 0
    222 149 168 0 0 255 255 223 11 255 67 52 243 0 36 255 95 187 122 0
    145 216 0 123 88 25 255 211 255 213 178 255 0 147 255 255 160 30 231
    155 47 255 144 219 190 0 195 224 0 203 33 255 201 169 47 99 73 72
    124 233 205 11 46 42 0 0 73 0 0 126 93 217 0 161 165 107 255 222 196
    140 255 31 0 255 0 114 197 74 52 4 240 7 227 221 255 0 248 0 63 133
    0 91 189 231 238 206 204 255 255 255 100 51 255 27 213 255 255 237
    255 121 131 255 0 0 177 149 225 136 7 0 38 0 255 79 0 255 0 126 78
    141 255 98 162 220 217 145 78 14 125 22 108 255 0 0 0 255 109 155
    115 212 0 0 0 231 157 0 0 255 213 60 0 4 255 0 255 160 139 163 0 189
    255 93 0 0 0 0 180 21 0 146 85 250 90 0 0 170 68 0 255 0 69 24 255
    181 41 0 104 255 255 0 144 209 47 44 0 125 0 0 255 218 6 116 251 153
    177 255 26 255 0 185 230 175 0 0 105 49 0 153 72 255 4 0 182 12 11
    255 0 85 224 161 160 173 0 255 0 69 0 75 96 255 12 193 70 255 255
    207 174 0 255 0 255 255 56 255 255 0 226 20 255 255 113 111 220 234
    136 118 37 70 0 210 39 177 41 255 0 255 255 255 0 164 73 71 44 0 137
    0 255 255 0 255 148 0 0 47 0 23 0 98 255 89 0 87 139 60 116 255 12
    11 2 255 255 0 89 28 191 15 38 251 172 185 0 255 222 164 154 255 31
    0 170 28 34 0 0 73 0 0 195 158 0 93 84 0 156 215 0 0 221 117 255 224
    62 155 16 163 0 0 179 211 255 71 255 255 234 145 188 205 243 255 83
    48 12 160 59 191 255 15 135 98 255 42 80 71 91 255 212 0 17 255 216
    255 225 255 26 255 155 104 40 50 255 203 200 255 255 255 0 255 189
    237 9 255 255 222 196 3 72 255 79 255 66 0 255 0 0 57 91 255 244 156
    127 180 211 222 166 150 253 162 43 7 69 233 0 0 253 0 212 0 251 218
    129 62 255 87 0 212 60 0 78 89 255 220 255 0 126 187 0 0 0 231 131
    215 255 169 54 160 223 73 95 241 255 255 0 78 169 128 172 82 228 255
    150 132 92 255 14 67 255 139 255 0 255 255 150 255 0 192 17 255 179
    0 255 174 0 255 0 14 102 255 110 41 0 8 37 0 210 193 209 201 255 27
    94 255 189 185 60 0 24 255 129 0 207 174 113 119 72 118 215 95 255 0
    86 255 0 0 63 144 138 60 191 0 85 189 255 0 86 208 0 176 234 253 194
    255 248 0 187 173 36 255 255 255 210 255 255 255 0 255 245 71 93 62
    235 0 255 255 167 0 138 194 135 255 255 249 142 54 114 229 255 0 156
    127 43 63 228 252 255 109 230 100 0 255 4 219 209 120 179 48 255 0
    255 255 29 119 228 48 193 255 202 0 45 26 221 255 119 255 255 165 35
    40 216 239 0 176 41 242 0 0 219 255 0 12 68 0 86 118 0 0 238 0 221 0
    0 0 66 0 0 112 255 188 215 0 62 0 189 255 80 0 0 255 159 109 40 255
    154 91 255 104 136 146 0 49 0 226 23 242 166 217 255 240 131 0 92
    143 0 2 0 252 227 61 0 255 0 199 100 91 93 173 255 187 42 106 0 0 0
    23 0 196 174 131 180 255 153 166 255 0 99 190 10 0 176 255 255 0 49
    17 255 177 63 255 106 168 255 78 0 207 163 223 44 164 1 76 255 143 0
    31 0 130 158 68 255 135 178 228 7 0 119 255 76 38 0 0 14 0 255 236
    17 247 212 212 112 41 0 28 214 218 111 0 136 1 6 255 255 97 20 0 255
    225 0 255 209 255 125 78 18 9 48 184 37 79 255 233 255 0 30 15 85
    116 172 187 255 144 255 28 182 255 231 213 86 98 0 112 225 51 180
    255 44 0 255 172 170 0 0 2 248 0 0 77 112 0 15 79 144 0 0 0 140 255
    47 222 0 19 0 0 255 0 255 223 230 255 60 43 225 100 255 0 148 255
    121 146 86 227 215 0 31 93 0 241 202 21 255 134 97 130 147 17 0 0 7
    194 0 255 255 55 0 178 255 81 176 0 0 179 147 227 110 148 189 22 117
    52 255 218 149 255 196 203 93 217 255 0 0 203 56 0 73 0 255 155 215
    49 255 124 0 205 0 117 255 255 184 214 30 10 255 0 224 0 29 89 142
    98 150 255 24 0 255 223 229 75 157 120 0 70 255 159 113 95 238 0 0
    89 67 170 255 197 0 20 255 62 37 250 24 255 188 137 0 255 136 79 152
    123 0 56 193 255 0 138 168 72 0 0 255 214 116 252 0 144 255 118 255
    105 134 49 127 189 33 22 255 0 60 144 0 255 113 69 31 0 0 0 255 173
    6 191 255 60 198 239 26 219 122 255 255 255 70 67 80 255 252 219 125
    108 138 24 200 186 255 2 243 85 255 255 255 0 0 205 251 0 87 102 243
    176 227 146 52 190 237 255 67 196 96 0 103 70 105 117 231 41 127 65
    233 81 255 255 255 194 153 245 0 223 0 255 107 140 0 172 108 61 38
    154 181 0 28 0 0 0 0 0 57 246 255 121 255 255 69 0 158 48 53 0 110
    139 118 66 232 37 255 171 255 187 0 240 141 23 237 244 242 138 5 133
    129 160 224 99 225 133 0 255 0 255 235 202 255 187 255 192 48 218 24
    234 241 4 114 0 42 128 206 27 255 0 0 255 219 154 85 0 159 0 255 165
    214 59 61 255 41 26 23 153 152 129 35 130 255 100 49 190 225 52 39
    175 0 0 0 92 29 34 141 104 135 249 130 233 249 253 233 190 255 143
    255 0 218 19 0 255 0 150 213 155 48 0 0 0 255 38 250 140 251 75 168
    255 21 246 0 255 86 217 0 66 255 29 4 81 0 110 0 0 35 220 255 205
    143 255 197 208 227 255 198 55 102 0 40 0 39 61 194 11 50 87 117 220
    139 82 26 155 235 172 255 20 223 178 124 93 132 6 108 6 255 123 176
    157 11 117 165 0 241 0 167 220 150 255 174 0 0 115 136 52 255 108 0
    118 47 255 210 24 96 180 184 161 30 29 199 48 255 255 11 0 230 0 244
    0 203 198 223 252 255 73 0 0 137 125 31 145 0 128 0 255 253 0 132
    150 0 255 0 255 248 185 85 0 34 77 0 26 35 208 0 67 167 255 219 1 0
    38 0 94 199 1 50 123 0 0 165 130 103 225 255 212 55 92 0 255 240 97
    105 194 249 178 85 255 182 107 12 119 229 0 0 0 0 255 16 124 22 236
    71 88 10 99 190 237 1 155 176 182 255 255 57 193 113 0 255 240 137
    14 133 255 255 67 105 16 128 141 165 76 173 162 245 226 221 137 159
    204 245 226 255 0 215 255 0 125 134 142 50 171 58 237 0 40 0 255 0
    75 59 0 255 196 175 185 255 20 0 229 255 46 230 255 255 62 127 61 0
    97 153 201 255 41 0 137 175 69 255 0 13 0 187 255 50 0 57 146 61 35
    77 0 166 246 151 66 0 255 173 250 166 194 216 157 231 0 118 255 105
    239 0 255 112 106 65 255 255 190 0 174 239 255 255 246 10 36 225 241
    70 24 0 98 203 255 0 146 0 0 221 56 255 122 108 255 42 170 145 255
    238 255 1 46 0 150 195 255 255 255 248 63 185 64 80 0 99 175 0 84 43
    144 0 88 249 255 0 0 65 0 0 233 0 255 12 62 52 0 0 237 255 0 0 0 156
    0 0 162 210 181 205 247 35 246 147 178 231 0 178 103 184 183 255 56
    255 69 0 0 0 227 255 150 255 229 177 196 171 255 255 255 0 244 255 0
    0 118 255 104 212 255 255 255 248 133 90 72 168 48 241 65 47 98 0
    148 215 172 255 138 133 203 141 0 232 148 0 54 6 76 242 4 255 56 0
    20 64 131 0 0 149 211 255 7 255 28 143 219 0 255 30 151 205 230 24
    34 220 99 0 118 113 214 0 0 170 164 0 0 0 0 140 255 113 220 255 10
    30 0 0 35 226 67 59 218 80 250 30 112 193 0 255 0 0 232 80 255 225
    11 255 0 142 199 0 83 131 106 155 109 121 249 123 60 0 160 217 65
    127 49 255 140 52 190 167 213 0 106 64 0 0 161 203 154 99 236 255 14
    29 0 142 83 0 68 255 71 123 90 0 255 176 89 208 144 67 0 24 0 0 255
    255 45 230 0 20 0 15 0 35 0 255 0 255 0 51 225 159 0 0 255 221 255
    114 184 255 113 136 255 128 0 255 101 68 117 255 238 8 122 150 185
    189 4 213 107 203 85 102 0 92 81 0 0 0 106 0 0 167 255 255 255 118
    129 80 82 255 255 29 107 140 133 248 0 164 255 116 255 49 86 120 155
    178 118 86 255 0 255 116 73 0 0 0 255 154 255 84 0 70 127 0 0 255
    183 255 37 67 0 102 255 189 208 0 91 13 39 253 48 0 240 74 33 252 0
    187 255 122 237 215 97 183 103 0 251 129 246 255 184 124 255 211 0 0
    0 82 24 42 86 0 255 103 0 255 0 255 13 238 65 141 15 37 0 28 0 4 147
    209 95 255 0 255 20 255 255 234 255 93 51 0 255 0 102 255 157 255
    255 255 255 226 255 203 119 177 70 69 0 103 90 207 255 144 212 141
    255 0 118 169 0 119 182 136 63 0 114 170 0 255 251 13 129 205 212 72
    255 14 197 181 0 255 255 51 0 181 255 0 86 255 125 98 255 255 255
    156 0 255 255 0 20 0 101 0 250 3 142 214 0 0 64 17 0 163 10 27 108
    255 0 241 218 0 119 44 167 89 239 15 207 0 255 72 158 255 35 214 136
    255 111 190 172 255 113 0 255 0 162 0 67 141 31 255 0 0 228 120 8
    175 13 118 0 93 218 0 21 198 47 0 38 186 255 28 255 17 0 24 45 232
    200 253 87 38 255 2 0 4 229 20 97 255 46 255 60 183 164 0 0 146 255
    126 0 0 52 83 0 184 255 255 178 136 0 29 246 89 255 255 158 255 0 61
    0 255 19 159 77 255 255 237 0 0 254 255 250 230 111 175 191 0 45 0
    211 177 249 0 255 255 0 202 233 249 255 78 0 194 138 0 159 198 0 0
    150 76 138 91 103 87 255 0 255 255 203 78 0 0 198 0 0 217 214 255
    139 233 115 11 200 255 0 3 114 255 255 202 0 94 179 255 205 211 65
    220 91 227 198 0 170 94 0 5 47 34 0 98 255 135 255 136 149 141 255 0
    0 69 220 255 255 99 128 167 109 48 0 0 175 152 134 252 32 216 197 0
    76 185 0 0 223 0 139 54 148 58 255 205 0 0 0 255 255 39 180 5 201
    124 255 0 17 21 0 120 62 45 0 226 150 0 191 13 255 255 21 189 216
    228 164 255 255 255 158 49 163 79 24 240 155 255 255 0 218 10 131 96
    255 255 255 187 47 255 255 255 181 240 255 0 244 255 52 222 255 0
    254 104 10 0 137 56 52 185 255 255 104 121 47 43 237 157 83 246 31 0
    255 0 195 255 255 6 215 200 255 255 136 144 255 255 200 200 56 0 121
    0 137 142 223 0 18 99 86 0 107 238 49 255 255 158 0 91 55 0 0 187 0
    238 0 224 92 255 165 59 0 242 168 246 197 47 47 228 0 238 3 255 0 0
    40 193 198 0 170 0 16 42 0 255 255 121 7 98 15 109 128 226 202 45 0
    161 0 66 230 164 101 144 32 255 19 2 104 255 255 0 255 74 255 99 0
    57 241 32 0 255 55 68 255 0 95 159 0 142 145 255 240 0 123 120 112
    190 0 237 189 34 120 186 255 121 26 196 81 228 0 122 77 0 180 71 206
    117 155 25 83 70 31 186 0 0 141 0 255 172 42 65 167 0 208 155 143 42
    29 86 0 206 200 35 59 190 7 255 186 177 0 69 240 33 138 255 239 129
    48 255 255 4 0 0 61 0 0 173 255 0 109 255 26 255 255 255 255 144 255
    0 117 171 31 96 63 116 0 6 0 254 182 218 188 124 0 0 156 253 255 160
    229 255 25 183 0 255 255 95 247 0 182 153 149 222 236 0 0 255 139
    255 52 18 161 180 185 128 18 172 167 113 0 255 111 248 255 81 85 95
    0 152 0 0 183 188 78 105 255 255 104 148 248 0 206 49 22 145 0 81 0
    255 255 255 228 255 6 0 0 15 0 0 0 255 57 0 136 179 69 217 127 89
    103 0 0 183 0 4 20 255 157 151 8 159 0 139 0 255 234 137 162 226 82
    255 154 61 210 70 63 98 133 0 26 255 249 61 0 199 169 255 0 255 135
    255 0 121 85 115 255 177 0 0 204 216 191 125 4 0 162 29 70 255 141
    140 0 0 0 212 54 86 255 0 0 0 0 173 167 178 159 148 193 255 0 179 7
    0 255 194 82 255 111 0 224 218 10 218 0 0 116 95 255 238 97 255 78
    50 255 255 244 0 66 234 242 81 0 167 0 216 132 7 113 199 224 0 0 201
    166 209 33 0 129 0 138 0 76 229 76 204 155 131 8 71 255 62 224 255
    212 255 186 255 194 0 0 213 240 0 228 0 0 13 15 13 255 0 78 24 79
    184 39 201 255 58 113 255 255 61 0 104 0 0 0 114 104 42 247 106 255
    20 149 53 255 255 231 131 0 0 255 219 61 200 252 255 153 97 245 250
    255 210 248 76 51 0 255 79 197 255 0 74 76 0 243 255 92 0 161 234
    142 255 133 16 0 182 32 242 255 255 109 137 195 176 213 85 2 166 19
    121 40 238 101 126 35 238 36 0 0 154 123 255 109 13 0 62 255 55 245
    187 56 255 58 74 197 198 0 255 131 193 21 0 152 172 43 9 193 221 255
    0 1 149 217 205 63 0 0 255 126 15 52 177 0 87 170 29 74 255 66 98 87
    255 136 0 255 177 177 0 150 230 234 139 145 0 255 82 255 209 255 44
    255 39 77 0 255 0 118 59 146 93 93 255 67 186 255 255 0 106 255 10 0
    0 244 81 0 0 28 63 255 19 255 255 0 208 54 84 66 0 0 255 208 68 141
    255 32 162 187 255 0 255 22 116 0 208 0 140 255 0 228 0 0 221 102
    255 255 77 0 254 226 255 65 255 231 213 234 208 49 255 197 194 129 0
    67 218 255 123 0 94 255 179 0 255 10 127 80 129 29 111 255 54 255
    255 250 152 201 0 255 158 160 136 149 191 255 98 0 65 215 218 185
    147 22 209 174 255 131 229 105 36 86 0 219 44 0 196 250 0 139 34 255
    255 0 0 255 123 247 130 255 232 139 21 66 0 107 93 170 0 0 62 175
    255 255 0 36 248 230 192 78 78 24 244 23 0 174 0 255 69 155 83 226
    73 103 62 22 0 255 255 31 0 255 177 255 144 0 255 0 162 0 0 161 62
    255 146 180 237 255 190 237 255 255 251 38 84 255 23 0 96 255 255
    255 46 228 167 82 224 39 188 0 0 37 0 0 0 0 39 255 201 82 224 255
    147 255 0 29 251 7 0 255 255 121 34 74 117 121 117 255 59 255 0 15
    255 88 99 100 106 43 197 252 126 217 0 142 24 0 212 0 0 86 27 228
    255 148 255 16 84 245 94 203 0 166 67 133 56 255 219 255 80 255 216
    0 128 53 0 165 85 234 82 15 0 26 239 43 153 0 0 231 0 54 255 247 78
    125 0 57 255 255 223 255 212 255 224 69 255 255 255 255 56 255 0 111
    116 86 87 142 73 35 105 141 0 250 206 248 0 79 255 107 135 227 255
    15 255 0 255 255 71 242 70 21 204 18 118 0 88 51 9 19 195 255 0 0
    255 0 207 22 208 46 171 85 255 0 243 100 255 158 62 0 23 9 255 141
    115 0 177 160 242 8 154 61 147 4 255 255 149 0 62 102 50 0 212 51
    247 0 255 255 188 161 130 16 255 82 239 255 255 16 3 0 226 255 86 54
    220 15 255 255 12 255 0 87 118 222 0 119 187 240 4 255 124 0 255 88
    255 233 0 255 81 50 255 0 64 227 253 26 255 255 17 115 0 0 111 15
    138 194 235 60 217 182 103 255 0 0 49 0 0 8 111 255 228 124 140 140
    255 255 0 255 216 0 185 227 14 255 25 0 130 255 255 181 166 232 208
    68 33 90 203 250 58 255 240 0 51 198 0 0 244 0 186 109 255 238 250
    162 185 200 57 255 191 255 255 21 175 90 0 172 175 164 111 213 33
    127 186 113 112 67 0 17 255 23 152 255 42 218 255 123 0 32 0 91 255
    0 225 137 255 0 255 166 0 74 255 255 103 73 255 133 229 0 194 198
    116 33 120 255 0 98 255 0 72 250 128 144 107 237 0 0 0 255 167 0 105
    164 136 231 0 255 0 221 141 255 200 179 18 255 49 0 255 56 202 22
    255 209 47 77 21 190 87 255 255 218 107 255 255 117 124 132 128 86 1
    176 222 242 5 197 65 168 5 178 112 182 249 0 255 0 39 195 0 207 225
    246 1 246 0 255 230 0 209 20 0 95 255 225 0 255 255 77 49 255 178
    255 63 247 255 166 40 234 227 255 0 0 36 255 0 158 55 114 51 10 152
    183 65 133 203 68 255 181 203 94 225 182 255 247 255 0 0 186 184 25
    148 161 255 255 232 255 0 74 238 143 149 0 255 168 169 196 189 158 0
    125 1 255 73 243 202 151 232 176 0 107 0 173 65 68 2 255 45 0 111
    255 234 230 31 82 255 41 6 255 255 0 164 250 216 127 231 104 0 1 221
    255 255 233 175 255 110 156 85 120 255 7 252 236 0 86 2 226 21 0 132
    118 153 0 212 84 226 179 16 0 16 128 87 66 0 186 143 176 0 30 255
    101 90 255 255 0 255 191 129 154 255 22 255 227 119 0 114 41 119 0 0
    87 213 98 230 179 255 255 0 255 255 255 128 255 81 198 47 1 99 0 45
    15 28 80 147 67 255 238 0 90 63 255 121 255 255 127 102 141 0 255
    202 81 78 255 0 121 8 171 45 131 0 153 51 72 255 255 255 255 172 27
    85 31 108 0 255 80 28 148 42 203 0 0 30 203 253 122 77 107 222 93
    197 52 36 255 67 225 0 116 113 186 0 29 132 106 79 255 29 255 217 0
    255 1 103 255 255 0 0 255 255 20 32 107 0 0 255 129 226 0 114 255
    255 255 151 97 193 255 29 0 255 142 121 238 163 255 0 235 0 26 0 187
    4 139 132 224 0 185 255 0 158 167 0 255 0 93 52 95 255 255 0 0 228
    125 13 255 145 255 255 7 0 224 183 177 0 167 165 36 230 218 241 255
    0 76 255 86 0 0 239 0 0 38 115 134 255 0 150 66 232 248 100 32 246
    255 33 155 255 255 169 224 255 47 106 0 238 113 83 42 29 204 212 159
    79 255 0 77 223 0 210 255 0 255 0 55 90 83 66 119 33 39 0 14 0 194
    255 0 255 68 142 255 112 127 255 93 247 216 29 76 76 255 44 93 31
    255 0 255 0 136 44 255 38 255 246 233 255 255 175 23 209 195 101 102
    159 1 255 77 0 255 82 255 255 3 0 115 203 62 255 60 194 163 150 118
    228 228 255 0 234 20 0 0 183 153 22 200 206 87 81 63 152 0 131 27
    152 15 227 235 255 110 232 133 157 128 255 1 117 216 0 71 255 255
    131 62 149 26 166 43 0 225 98 0 4 22 90 0 5 176 138 145 255 255 255
    50 144 215 59 123 0 11 240 227 255 50 255 153 220 213 255 62 0 166
    255 191 5 0 210 146 255 23 255 255 0 15 115 9 222 38 49 255 255 127
    73 255 20 0 255 7 0 255 0 171 16 103 198 8 0 255 0 178 224 66 252
    173 0 235 127 57 255 0 176 28 240 255 143 122 255 33 248 189 67 0 0
    100 0 88 34 0 255 255 116 93 141 174 111 0 41 255 66 154 0 103 190
    77 0 0 71 154 1 181 29 46 36 170 0 0 71 74 127 0 0 130 14 0 0 255 0
    120 226 0 119 255 241 249 76 214 255 255 228 0 189 255 140 0 222 172
    153 47 42 59 171 114 112 255 13 0 24 255 255 242 255 182 173 52 130
    165 63 255 242 117 0 181 46 19 31 122 251 0 255 222 176 245 97 255
    111 237 255 0 255 62 35 226 255 124 0 230 181 59 53 68 0 255 3 0 120
    45 60 255 0 30 119 0 163 24 58 76 255 231 0 89 84 0 32 175 230 83 0
    88 251 238 118 0 156 105 0 255 116 208 91 177 161 0 190 43 31 41 0
    242 219 93 255 0 126 42 181 0 250 58 0 246 23 1 101 255 255 202 173
    0 239 0 85 255 45 101 0 192 203 129 173 243 15 193 193 74 0 0 11 138
    207 0 213 255 0 0 122 166 15 206 46 211 27 175 182 197 255 255 31
    137 214 255 0 18 142 112 240 0 239 115 115 255 0 0 255 0 0 255 248
    168 51 158 186 10 0 29 143 0 0 51 69 161 0 175 159 0 115 98 255 255
    0 255 255 70 53 230 255 0 0 158 7 0 255 224 85 31 137 89 2 218 250
    130 39 0 255 0 162 255 49 115 242 0 255 132 236 255 0 255 189 241
    223 255 254 255 243 255 44 0 199 123 255 3 255 148 110 119 0 161 0
    255 0 0 194 95 255 78 73 255 67 0 177 0 255 254 42 0 255 190 132 255
    192 241 186 0 16 0 122 0 173 0 255 255 0 208 146 226 0 133 92 0 190
    129 148 191 42 255 0 59 86 118 0 164 152 179 32 25 37 26 78 187 255
    164 116 4 124 40 140 126 255 0 95 208 0 73 65 255 42 147 153 0 54 7
    233 0 0 239 96 95 255 255 50 68 255 49 246 0 255 175 162 253 78 255
    0 137 249 83 57 46 255 15 127 209 162 207 44 114 183 103 156 236 0
    161 2 255 242 255 43 16 255 135 175 66 231 0 255 35 206 249 0 0 225
    94 62 103 35 255 105 210 255 69 54 25 65 210 0 222 108 255 0 253 242
    112 111 255 237 255 156 233 76 51 255 173 139 208 0 162 91 0 175 196
    126 255 28 49 0 255 0 2 103 28 183 85 255 9 0 148 255 27 208 199 0
    42 213 237 230 255 255 175 143 148 56 255 255 0 185 46 255 178 117
    127 246 255 186 224 0 54 201 170 66 255 115 216 220 214 165 128 0
    210 171 243 238 0 0 49 2 0 255 255 255 147 157 149 164 255 177 255 0
    255 176 255 143 0 255 115 93 189 76 255 78 223 204 23 185 223 32 255
    237 179 124 38 36 202 0 54 106 117 182 255 115 255 202 16 229 133
    255 0 21 231 175 0 0 227 255 180 219 134 225 179 249 25 228 205 171
    0 57 0 202 61 226 255 255 64 255 187 28 103 255 0 192 46 51 255 255
    73 255 0 186 49 142 146 128 206 0 1 255 89 0 111 62 255 0 255 123
    255 255 167 0 255 13 154 0 228 255 0 84 97 0 187 157 43 255 178 100
    255 255 0 238 255 137 249 0 0 167 0 0 255 217 0 229 84 0 49 109 1 0
    255 75 145 255 255 177 174 7 255 179 142 169 0 0 242 239 255 0 228
    185 151 81 0 122 97 248 0 128 176 243 255 65 255 207 0 100 255 18
    164 255 0 140 158 255 0 236 255 26 218 255 239 255 16 217 144 184 0
    0 202 27 0 54 145 255 56 0 90 120 79 111 198 147 141 26 0 9 230 0 0
    255 169 31 30 216 195 120 255 255 0 185 46 91 255 0 248 4 0 183 197
    157 0 173 209 255 0 0 235 243 195 95 0 255 241 255 0 35 0 146 235
    195 20 255 232 255 215 42 29 233 172 138 0 253 255 0 255 0 208 152 0
    0 227 53 9 30 255 255 59 13 255 211 206 238 152 218 145 193 255 0 99
    171 213 142 55 0 255 29 165 25 0 0 0 201 180 142 255 193 70 243 226
    0 150 169 97 255 162 168 92 106 221 12 0 116 255 129 246 115 255 255
    255 0 68 0 52 219 0 224 255 77 97 134 255 168 15 102 0 47 63 255 0
    101 0 197 0 0 219 2 255 166 255 255 95 0 61 32 0 190 162 255 182 20
    24 69 176 255 35 0 102 0 0 15 128 15 223 255 87 255 35 255 14 0 17 0
    163 169 153 0 0 255 99 128 164 67 72 0 0 97 209 171 169 118 0 199 0
    80 111 151 147 255 0 0 132 255 231 0 146 75 136 21 31 255 122 143 12
    37 200 255 249 181 255 0 96 255 0 111 37 36 59 250 204 45 184 0 0
    255 5 0 248 214 206 57 183 192 255 255 134 245 181 255 129 255 0 158
    136 134 0 255 255 255 255 127 50 16 115 90 255 0 205 50 30 205 255 1
    0 0 170 78 220 10 255 9 0 97 15 0 181 0 102 255 219 84 122 49 167 14
    156 255 0 162 0 0 0 197 170 255 180 98 201 255 0 251 177 198 255 255
    255 255 58 253 181 143 0 198 255 0 22 255 178 39 255 80 13 0 139 255
    85 255 94 112 243 202 100 255 196 79 134 218 71 3 117 10 255 0 231
    247 133 30 255 182 162 82 230 12 255 145 179 124 15 255 255 0 0 255
    11 227 192 7 88 203 228 255 25 255 157 73 255 180 71 135 238 241 0
    244 208 0 12 196 241 255 137 251 255 255 164 0 33 60 255 255 180 255
    61 170 215 3 44 59 0 255 164 54 0 226 200 255 86 255 106 228 88 23 0
    191 222 102 0 100 84 252 69 77 255 84 255 255 129 128 97 65 0 212
    255 181 0 255 255 255 250 100 255 255 107 255 0 199 8 214 80 0 0 14
    167 255 255 61 244 29 13 158 0 180 255 255 255 248 139 48 255 255
    255 255 0 133 255 98 88 0 0 0 0 78 201 255 0 61 176 151 0 52 21 41
    106 250 16 56 255 121 255 87 88 0 255 0 92 0 255 0 16 43 41 138 55
    255 0 101 29 149 255 0 255 164 255 219 22 4 0 224 78 50 21 0 233 123
    255 132 72 237 0 211 255 255 69 255 109 70 10 131 30 0 255 255 255
    255 84 58 83 95 0 212 0 255 183 183 255 255 34 255 131 209 239 34 98
    67 255 0 69 194 228 174 154 78 94 78 255 20 34 131 183 20 222 182 0
    141 0 191 119 233 255 255 255 0 255 11 255 214 129 205 255 255 216
    42 10 0 0 217 26 31 251 184 185 51 255 25 48 0 186 73 101 0 0 177
    214 34 234 63 25 21 62 0 3 78 174 255 0 0 204 0 141 191 51 147 164
    93 171 0 119 248 0 0 70 80 0 169 255 45 67 239 123 0 255 0 0 0 2 2
    216 0 144 24 255 210 255 134 0 35 70 19 148 81 255 2 0 188 0 207 255
    76 0 90 100 136 197 255 171 17 250 104 0 255 248 202 234 192 246 206
    255 131 0 255 190 46 70 0 0 255 167 217 255 0 202 0 222 123 172 0
    147 0 33 251 94 200 95 99 156 0 255 70 243 0 9 255 194 242 255 21
    255 121 207 0 255 255 169 219 0 255 236 0 235 62 100 246 254 98 255
    255 0 254 42 44 255 149 17 116 52 161 217 0 160 255 77 0 211 39 125
    117 177 152 73 255 65 78 17 65 57 0 197 0 0 95 13 255 225 192 93 80
    255 0 214 250 23 0 183 0 246 154 157 187 138 0 114 64 192 28 198 249
    255 137 255 74 150 244 149 173 255 0 169 202 67 122 0 15 133 213 255
    39 255 255 252 78 0 180 26 9 0 0 0 119 138 149 51 174 0 228 95 255
    174 199 89 244 0 255 145 115 101 186 255 255 232 147 192 0 0 177 255
    152 255 226 34 252 209 177 28 121 57 0 121 255 0 9 255 255 169 212
    230 93 93 255 115 63 0 15 255 191 42 164 165 255 115 94 38 0 0 69
    145 0 46 255 0 96 53 207 0 35 255 255 51 170 111 10 0 168 92 0 179 2
    0 74 199 185 148 105 32 255 255 74 13 0 67 106 76 69 243 88 39 237
    101 8 0 154 209 18 22 55 0 36 101 255 72 175 189 72 207 80 255 255
    255 255 126 208 0 255 255 255 133 255 19 216 255 0 193 91 212 134
    255 0 82 19 124 171 255 104 0 142 187 255 255 255 255 255 35 110 255
    0 0 60 81 4 0 175 147 255 51 255 73 118 0 118 100 0 152 92 255 113
    233 53 14 54 120 255 166 165 87 0 217 0 255 255 0 62 0 21 0 209 220
    240 0 247 195 163 101 69 255 239 196 114 65 109 0 0 255 122 225 255
    154 41 32 94 255 8 221 59 178 0 29 184 221 0 121 255 155 132 222 0
    156 146 161 255 14 59 255 211 246 174 16 161 71 42 255 149 255 0 203
    0 255 255 0 86 217 255 218 255 0 229 255 139 41 255 0 255 103 94 54
    75 0 0 179 198 255 83 54 27 255 0 0 89 0 0 56 189 183 0 107 212 0
    255 54 98 251 0 255 44 87 0 255 255 172 234 144 193 0 65 255 217 144
    64 251 159 0 171 180 255 0 105 0 255 40 120 53 0 255 148 115 0 1 55
    232 64 109 228 224 255 194 0 255 194 99 255 236 143 122 0 33 255 0
    187 60 225 56 84 255 0 0 39 60 212 248 0 182 54 214 0 71 235 118 255
    0 167 0 12 111 209 200 0 27 161 59 73 220 130 0 0 0 19 0 254 228 6
    50 0 157 70 0 255 0 0 0 0 230 0 191 96 59 255 255 0 218 0 0 255 57
    159 149 0 215 61 255 0 23 255 0 76 130 255 85 193 177 176 0 149 39
    255 255 247 0 255 196 196 255 59 0 179 233 93 136 9 98 148 32 224 58
    195 255 0 70 157 0 118 177 141 255 255 95 0 13 255 255 54 71 47 255
    80 0 255 0 55 6 0 18 255 255 0 255 34 212 131 224 71 79 0 255 255
    195 144 255 255 30 255 0 0 215 255 212 0 255 0 0 56 168 136 255 0 33
    255 25 144 113 134 255 0 255 38 46 24 255 255 38 33 157 164 39 113
    255 112 0 187 6 0 123 255 255 215 133 29 26 0 253 225 158 33 34 255
    0 83 122 255 255 0 28 67 220 62 0 255 255 255 21 51 221 249 0 255 0
    116 255 158 255 139 66 224 0 255 158 123 136 97 42 0 255 255 0 141
    67 70 0 253 0 13 66 255 125 100 196 68 236 255 255 58 226 112 57 255
    213 210 16 255 0 0 151 255 22 255 56 0 33 220 132 155 255 0 205 255
    255 83 191 240 118 0 160 188 84 0 97 255 0 102 66 187 0 232 29 255
    218 0 201 137 16 195 17 0 187 150 197 243 255 37 206 0 200 47 0 255
    82 153 106 0 131 0 137 255 72 236 126 0 255 255 246 0 255 122 251
    146 100 255 255 255 44 67 139 110 0 110 200 2 255 0 80 255 87 245
    129 164 107 218 0 192 37 51 137 21 78 255 0 0 252 0 113 86 0 255 110
    239 97 255 36 229 255 33 0 202 0 220 0 0 255 87 253 35 249 0 142 240
    102 47 114 255 44 203 223 70 247 71 255 72 70 195 28 255 195 214 93
    0 0 0 0 85 255 122 237 255 75 178 146 100 255 255 150 0 213 161 255
    0 24 203 84 74 246 21 129 255 0 117 255 145 87 139 55 255 0 37 13
    195 68 98 143 255 71 136 29 0 217 2 255 255 237 196 255 8 123 255 0
    9 145 0 87 133 237 255 146 70 222 109 255 2 214 187 0 72 99 0 53 0
    255 0 255 30 0 255 193 32 78 0 63 90 127 194 114 0 4 32 32 80 60 76
    255 163 255 214 0 255 0 168 255 155 0 225 21 187 199 255 255 22 229
    255 2 0 255 255 0 150 146 162 42 95 89 141 0 0 249 50 85 132 0 31 10
    93 169 108 132 63 63 0 120 196 0 26 193 54 45 255 238 18 24 105 29
    23 0 255 104 62 35 0 0 108 216 255 100 0 124 255 54 139 255 0 0 158
    128 0 27 176 56 247 210 255 0 0 203 0 230 236 19 255 80 20 0 194 119
    0 0 0 18 255 255 255 0 175 61 217 255 121 82 218 0 34 255 0 0 165
    255 149 64 135 190 205 47 247 255 198 255 0 0 115 232 246 0 204 255
    143 97 0 11 0 52 200 215 101 119 253 170 210 0 48 0 127 153 0 0 236
    110 26 38 118 247 92 0 0 255 0 255 86 149 255 188 60 0 0 156 19 255
    32 212 79 171 202 165 0 236 255 0 99 110 128 103 255 32 0 0 55 151
    123 78 148 196 0 171 131 31 87 249 0 196 215 132 0 79 255 211 0 39
    108 0 0 255 5 31 187 150 202 76 255 78 35 11 21 255 0 188 191 0 0 87
    85 0 121 144 236 183 90 141 159 255 64 143 36 126 255 27 220 172 0
    172 255 0 72 13 87 0 172 41 97 0 231 255 0 0 0 0 40 208 0 117 128 9
    255 51 17 0 228 199 39 43 0 59 238 206 18 255 57 114 255 250 61 42
    10 13 0 255 125 5 93 0 40 0 255 207 0 142 0 0 12 190 230 97 102 0
    255 255 255 0 160 255 0 255 0 44 217 60 53 219 144 255 0 0 0 10 255
    195 255 250 186 255 255 0 187 206 141 0 235 255 0 255 255 255 248
    134 255 0 49 195 0 255 69 51 0 0 35 255 0 199 0 0 239 255 255 26 106
    0 132 0 255 111 255 226 145 82 185 169 104 46 171 218 44 255 0 255
    66 58 235 255 131 125 187 103 255 0 176 215 65 255 255 0 255 221 253
    255 191 255 55 34 255 0 73 0 160 101 255 187 252 0 158 255 255 0 184
    245 0 0 255 0 25 51 165 255 18 0 205 135 238 255 255 181 228 79 40 0
    255 0 213 61 55 0 104 203 255 255 10 0 255 40 255 130 255 255 5 216
    102 255 255 255 108 15 255 239 0 43 160 0 64 48 25 224 0 138 21 77
    119 217 255 206 51 178 111 0 0 255 255 0 231 0 255 92 0 0 78 0 0 221
    255 0 0 241 85 0 255 0 0 5 1 0 228 5 220 255 21 143 255 255 0 255
    255 218 29 100 131 0 255 255 79 137 176 236 255 255 168 77 139 0 255
    133 0 250 197 92 0 180 51 250 136 111 157 255 255 0 187 110 0 102
    176 255 81 255 30 104 244 218 44 192 13 148 0 249 255 112 172 70 176
    204 255 255 185 255 0 255 0 0 176 0 207 154 7 0 20 255 0 76 66 0 255
    238 0 139 90 70 255 255 209 69 0 187 167 255 106 0 78 255 225 28 9 0
    0 255 30 131 0 0 143 255 167 227 215 0 0 2 0 42 175 17 0 197 209 142
    196 241 92 49 246 99 0 0 26 91 0 127 0 90 36 14 255 136 115 48 229
    255 0 169 168 9 255 201 28 254 255 244 226 255 14 167 36 143 63 144
    250 79 255 0 0 255 47 255 0 134 255 91 56 17 172 34 5 0 67 5 18 170
    26 138 255 199 137 7 0 88 0 233 255 227 101 68 0 255 32 255 172 87 6
    135 217 176 75 0 111 172 77 154 255 51 30 195 255 0 39 88 9 100 255
    255 187 249 149 255 0 255 179 43 160 0 245 255 255 56 21 177 12 0 2
    255 140 0 217 26 232 191 255 95 148 0 0 204 66 0 255 25 135 223 0
    255 215 255 85 31 154 82 98 108 23 0 239 0 102 0 1 0 112 41 148 0
    120 28 189 255 0 36 216 202 121 80 155 229 0 255 35 170 232 0 9 8
    110 32 255 3 0 76 255 0 172 195 73 252 38 163 222 188 158 255 0 255
    0 255 255 161 62 119 66 155 227 221 255 125 0 0 235 115 189 0 109
    151 255 0 7 255 0 93 0 113 0 0 255 239 234 0 0 166 255 75 114 203
    209 47 190 242 36 16 52 5 255 71 212 255 255 255 134 133 17 82 9 254
    255 102 255 129 0 0 0 0 37 64 234 72 95 21 186 153 171 215 134 0 223
    102 134 15 255 255 255 145 192 116 119 146 74 84 255 26 20 255 255
    157 20 0 44 217 66 217 168 150 0 44 0 255 60 253 121 239 111 6 41
    255 0 0 34 255 33 118 0 163 0 173 236 170 14 255 255 34 196 49 158
    12 192 255 0 77 245 115 38 114 16 221 128 191 255 255 255 204 10 250
    45 24 255 201 168 48 62 255 133 175 85 228 67 138 0 0 56 0 86 255
    130 255 70 222 23 143 44 115 100 140 255 163 181 70 133 124 0 59 255
    110 240 62 24 57 100 28 207 98 255 92 77 96 21 110 255 219 148 255
    138 0 0 0 29 65 162 255 0 0 74 12 86 82 255 53 255 255 40 76 145 148
    78 255 144 238 169 0 181 203 1 37 24 226 8 31 223 2 105 0 27 255 0 0
    243 220 0 27 151 68 255 228 85 131 118 42 0 117 255 145 72 176 205
    255 246 27 157 133 171 247 23 159 0 0 23 25 2 71 63 255 0 112 255
    136 15 227 231 0 0 153 228 28 255 102 242 0 0 221 0 0 120 178 0 248
    19 255 255 127 76 0 255 249 60 31 83 126 255 0 0 0 163 206 199 0 255
    255 255 218 255 123 65 0 255 200 27 134 207 92 255 0 177 255 124 179
    169 0 186 66 34 3 255 75 210 61 217 48 176 0 255 126 52 0 0 0 130
    255 24 183 27 255 70 0 179 0 0 0 187 26 108 91 0 171 255 189 231 170
    0 0 20 27 255 165 137 0 144 255 28 0 255 84 9 0 230 226 11 94 53 255
    64 24 70 31 255 57 255 188 131 178 225 0 174 19 247 255 10 0 29 225
    184 11 156 144 242 116 255 116 255 255 255 0 243 0 18 0 181 0 6 255
    125 228 255 81 209 232 80 107 0 252 255 0 57 0 53 0 55 67 0 211 42 0
    208 51 71 116 143 146 255 202 0 222 127 62 242 224 255 255 180 145
    240 255 110 197 133 239 208 104 33 157 0 151 143 30 197 190 146 50 0
    208 255 45 236 255 94 242 92 97 197 0 0 87 83 0 151 0 0 0 102 44 255
    202 176 225 153 149 255 0 247 255 255 255 0 0 0 206 67 36 0 51 255
    255 67 255 139 0 255 131 209 255 67 255 255 150 57 144 255 9 175 148
    226 0 173 0 255 255 0 0 232 255 0 158 10 140 189 0 255 91 75 255 179
    86 95 0 52 212 180 24 171 226 220 255 255 247 0 137 255 167 255 255
    45 82 59 255 5 255 0 195 26 0 164 104 11 255 0 217 255 176 211 255 0
    184 246 26 67 0 113 0 0 255 255 145 159 66 255 255 162 255 59 0 127
    255 255 65 0 255 0 157 143 255 68 14 74 255 255 104 112 0 39 70 137
    185 222 188 255 255 255 129 255 127 255 213 255 159 255 0 140 255
    123 255 160 72 123 30 199 255 17 128 176 118 255 0 18 255 189 69 120
    255 255 186 55 81 0 225 29 0 31 0 93 101 252 202 125 20 255 88 255
    181 213 255 167 23 239 255 106 188 255 0 0 221 83 128 127 255 0 251
    113 85 0 0 255 0 11 172 91 13 255 220 170 255 255 137 174 255 172 40
    0 132 44 249 0 191 0 9 255 22 57 246 17 0 0 255 0 58 64 254 0 255
    255 8 255 255 255 45 218 0 251 6 237 255 49 108 235 64 45 145 255
    255 112 174 243 233 0 255 0 70 39 47 195 0 207 0 227 172 255 234 224
    8 34 30 0 245 12 36 140 0 16 185 237 117 121 224 109 129 22 255 228
    255 255 255 255 65 73 255 0 113 136 0 8 102 0 255 255 199 135 0 0 0
    229 255 161 0 0 0 0 0 202 0 43 255 167 136 250 120 255 0 156 38 37
    218 0 255 228 255 255 255 207 102 198 108 237 114 217 0 41 0 255 201
    105 114 0 84 182 255 62 94 0 155 6 103 0 147 53 247 155 124 255 0 0
    235 255 242 198 255 255 196 63 255 0 248 223 179 8 164 255 0 184 0
    95 255 84 0 42 247 212 69 255 211 229 71 255 184 18 0 255 255 181 17
    128 217 17 61 233 0 0 0 255 97 228 255 0 255 36 255 187 0 51 255 110
    0 255 68 255 118 0 255 6 255 60 228 184 33 29 107 170 0 2 252 0 191
    38 211 200 255 211 0 255 255 0 255 149 255 255 0 0 255 0 101 68 149
    72 11 248 255 69 0 62 70 54 103 3 180 54 91 90 255 82 0 255 80 162
    230 240 0 107 49 0 179 4 135 219 255 55 144 29 255 2 0 133 255 0 230
    36 255 35 0 221 0 0 235 255 221 255 86 118 227 204 107 196 197 72 59
    191 209 45 167 5 0 143 51 0 112 195 127 234 63 255 15 90 0 255 92 15
    255 194 255 65 0 255 111 102 0 159 0 155 255 255 157 236 255 208 161
    194 255 99 83 255 52 0 210 172 0 23 202 127 167 152 68 62 255 153
    159 10 189 141 104 130 23 157 0 17 56 162 255 117 255 255 0 129 173
    255 86 132 255 255 255 111 24 219 138 204 0 240 56 0 255 166 255 200
    238 0 105 0 208 165 95 233 92 255 18 56 9 194 0 0 32 0 236 243 0 255
    0 11 59 60 58 238 161 125 214 44 255 234 0 0 0 166 255 94 0 39 0 242
    209 83 248 43 255 0 0 226 0 0 232 255 0 0 101 255 0 181 140 0 0 123
    169 132 143 0 0 217 0 48 89 199 131 0 85 255 228 227 17 255 197 231
    201 57 170 7 255 50 255 195 15 255 119 224 255 187 52 28 0 255 255
    55 255 0 76 88 156 2 0 250 49 176 156 2 255 255 0 0 68 20 206 79 0
    22 38 148 167 23 0 127 105 0 255 0 66 210 255 92 255 229 228 152 108
    203 29 0 0 0 111 5 255 111 255 161 0 99 167 136 0 255 57 221 229 129
    0 156 166 255 48 231 240 0 209 171 166 67 142 108 83 156 255 178 137
    0 50 82 215 189 178 255 28 93 18 133 0 133 115 44 77 0 134 0 0 111
    143 168 237 43 172 39 255 182 191 33 117 166 255 0 21 255 0 0 193
    226 53 0 255 238 0 1 217 222 0 43 47 255 237 255 242 0 255 117 255
    96 212 255 195 136 137 35 0 0 6 179 106 116 144 0 138 83 215 169 134
    152 127 0 14 207 99 99 130 0 100 255 0 217 255 117 175 251 28 38 0
    17 142 0 255 245 82 83 74 132 144 45 255 225 255 255 110 255 165 255
    161 5 0 205 109 104 42 0 57 32 171 255 0 255 255 34 26 0 255 255 255
    0 193 122 0 252 156 23 58 136 0 255 140 255 80 102 255 0 142 209 91
    58 194 47 137 218 65 205 42 104 255 255 177 0 85 181 0 153 0 255 0
    81 25 78 255 100 11 255 0 65 255 113 56 40 122 3 255 43 235 93 61
    238 246 255 255 222 0 255 194 191 107 91 155 255 0 255 68 255 192
    147 174 164 0 20 140 41 18 143 239 255 58 255 176 224 57 0 222 0 0 0
    227 89 0 216 202 47 255 0 208 88 0 255 0 178 37 173 111 0 135 111 72
    135 221 61 0 147 197 53 167 96 0 255 0 255 255 82 189 22 103 255 255
    0 255 72 21 111 127 247 255 234 255 198 195 255 2 238 38 255 168 134
    229 90 0 255 227 0 227 252 249 93 0 235 235 146 186 66 236 255 158
    221 20 235 21 0 123 255 211 0 255 0 151 100 0 0 233 248 9 210 255 0
    134 243 255 0 123 0 0 0 12 152 255 255 70 38 160 0 0 249 255 50 230
    255 23 167 160 0 0 0 0 212 46 0 244 84 25 115 0 0 212 0 255 87 108
    189 217 255 0 64 242 80 217 99 236 255 255 44 244 39 0 221 143 0 210
    5 0 125 207 0 0 255 193 13 255 50 142 217 174 65 171 255 213 81 255
    105 46 165 166 0 131 0 156 219 255 211 55 83 255 143 114 60 166 154
    144 246 241 201 20 36 0 146 83 196 0 0 58 0 159 53 255 100 0 239 255
    66 20 255 255 189 45 73 144 88 255 195 255 255 102 70 67 13 0 188 0
    255 255 64 255 178 0 0 14 255 61 41 152 255 252 72 0 255 184 115 0
    120 44 90 126 7 0 162 207 152 29 66 255 122 98 0 160 67 255 255 254
    0 167 54 132 255 129 62 0 8 48 211 91 255 255 0 217 255 255 42 22
    181 0 119 202 68 144 200 58 255 0 125 0 0 0 53 0 255 177 0 9 66 0
    255 161 90 255 173 0 94 190 96 31 255 255 0 142 124 6 167 99 175 27
    179 209 53 255 244 92 255 255 0 108 0 0 213 0 162 255 0 42 0 79 160
    0 0 163 0 15 255 42 15 208 255 255 130 255 26 89 64 0 168 0 167 255
    0 182 255 0 0 14 51 255 50 26 70 49 208 187 255 186 188 209 232 138
    126 0 200 0 0 143 58 101 56 255 255 43 209 66 255 255 39 235 255 173
    0 0 255 117 98 147 153 87 38 84 255 111 11 255 0 207 0 89 255 77 185
    0 0 0 94 182 136 112 255 117 135 96 255 237 87 0 210 195 104 0 17 94
    255 59 176 186 255 133 212 245 255 233 2 0 0 135 0 9 255 24 255 68 0
    255 39 240 255 0 0 187 0 0 239 0 164 109 255 175 186 223 102 94 242
    101 105 255 0 255 131 121 5 208 243 187 255 238 150 42 197 247 137
    255 0 233 0 0 85 255 255 208 205 255 163 0 255 19 234 76 53 255 255
    204 166 0 0 188 98 254 190 77 255 186 202 84 112 0 161 0 204 0 174
    255 190 33 0 95 142 255 255 255 0 28 0 100 77 244 0 0 156 0 239 48
    184 94 181 71 109 248 255 65 255 255 20 177 124 146 85 0 200 255 49
    255 255 81 0 145 154 109 0 239 48 0 76 255 78 213 0 182 184 184 255
    2 89 255 255 215 235 246 84 252 113 0 0 255 0 21 92 137 0 0 17 229
    43 20 71 255 207 166 165 255 0 139 0 162 0 255 153 191 61 255 223 0
    195 170 212 64 255 4 246 255 153 255 10 0 255 255 255 22 133 114 71
    255 0 0 0 112 86 255 0 0 86 192 47 255 150 0 220 255 120 98 48 255
    156 0 182 0 29 1 125 70 43 99 0 222 255 0 107 0 94 165 0 91 0 160 27
    230 189 151 221 61 255 255 146 221 7 208 178 56 161 34 203 0 31 205
    141 255 36 50 225 33 7 18 161 250 255 94 0 224 1 59 49 255 146 92
    114 120 201 81 207 205 158 27 94 63 214 103 255 132 239 132 255 255
    149 87 255 0 0 218 209 0 243 0 40 142 255 47 255 255 0 0 64 185 0
    215 69 40 0 0 170 0 31 0 255 56 0 0 109 106 255 48 121 255 0 170 177
    232 0 232 25 47 19 43 61 255 1 0 0 255 53 255 197 255 39 255 0 0 87
    192 177 0 255 69 251 76 252 19 170 6 6 118 228 156 255 57 151 85 6
    147 0 255 222 129 255 250 255 3 84 0 0 25 245 226 59 79 15 2 0 0 0
    22 0 0 219 20 0 0 142 69 42 255 105 255 150 90 172 198 0 0 183 255
    255 0 0 255 0 90 37 133 22 0 0 118 196 121 57 255 255 202 0 26 255
    22 255 235 246 161 0 186 9 144 210 0 0 0 186 11 255 255 0 252 251
    255 209 221 59 255 26 122 175 0 14 56 255 190 101 69 162 0 193 89
    216 0 0 41 122 255 211 255 255 255 194 255 255 255 0 166 255 75 23
    255 125 0 195 0 255 109 255 124 0 0 226 27 255 45 13 0 114 255 0 0 0
    0 50 217 255 255 231 130 53 0 147 0 207 165 13 240 255 32 141 99 35
    78 97 0 0 67 2 172 196 255 69 106 255 0 255 3 0 146 187 141 220 210
    25 175 46 0 0 63 144 136 0 11 255 66 142 195 179 184 60 7 10 255 254
    6 0 0 255 18 0 108 255 255 202 0 165 64 0 0 234 218 44 0 239 7 37 0
    0 249 0 0 98 197 15 0 162 185 45 0 168 145 86 255 89 125 169 225 97
    9 255 0 255 0 184 255 237 255 255 66 191 33 0 0 0 0 0 243 255 216
    255 44 97 151 44 146 4 134 220 254 255 255 51 73 19 5 159 255 87 132
    255 0 220 188 255 0 223 255 29 109 0 241 108 67 81 214 184 243 186
    156 0 232 12 0 108 59 226 190 27 180 250 253 231 0 69 255 113 134 0
    250 129 0 255 134 255 230 195 220 15 0 0 93 25 124 138 255 134 26
    255 0 0 255 255 151 33 255 76 227 96 0 237 0 134 170 223 167 63 19
    185 230 230 255 21 0 52 167 255 85 255 0 239 23 0 100 154 84 255 255
    255 255 255 176 41 192 255 117 0 255 142 255 221 0 255 0 188 0 6 183
    0 0 52 238 98 255 180 255 255 103 0 0 35 255 109 198 0 72 0 3 129
    182 0 0 232 243 255 128 255 0 70 17 206 0 0 9 115 255 234 99 195 230
    126 178 249 42 237 182 255 211 249 22 255 253 0 83 80 112 135 255 0
    253 38 181 12 255 150 18 113 0 224 23 0 206 118 102 104 255 255 0 41
    146 0 140 0 110 113 255 197 205 10 0 0 99 0 0 157 0 195 97 180 0 158
    138 255 192 0 255 136 113 136 248 43 50 88 255 90 248 223 255 0 224
    121 123 38 63 88 255 32 195 131 0 255 198 182 7 255 0 170 117 255
    225 87 75 96 255 0 79 66 255 0 34 0 0 0 255 199 191 78 126 23 188
    120 89 109 97 120 255 142 113 0 0 150 220 255 255 10 255 106 186 0
    144 255 109 146 38 138 201 207 255 209 26 254 71 0 94 16 254 0 255
    199 221 0 115 0 122 56 128 155 0 179 4 255 25 0 255 250 95 52 73 255
    21 161 255 0 255 255 0 255 79 147 76 0 25 0 255 0 73 255 138 255 154
    255 21 15 219 194 209 255 11 201 149 100 132 88 233 255 214 55 131
    103 55 255 54 22 0 161 0 0 0 0 0 0 163 255 23 244 0 10 66 255 228 0
    22 255 0 0 0 184 255 149 212 81 170 231 0 255 211 0 255 40 14 171 28
    68 255 148 81 1 245 255 69 240 193 255 255 163 0 158 0 7 140 150 255
    0 176 45 0 236 82 0 204 0 23 255 221 255 130 186 253 0 195 105 194
    255 93 0 56 113 117 0 183 134 216 101 126 181 142 0 198 5 201 0 50
    255 125 255 15 88 252 147 5 0 109 0 255 31 40 255 255 50 219 255 225
    75 160 78 157 42 103 232 168 254 0 192 122 255 255 0 138 99 255 147
    77 226 0 199 255 160 255 30 151 62 227 0 206 4 106 255 68 168 64 114
    255 0 175 197 196 204 0 255 193 0 254 51 186 72 25 107 230 0 162 255
    176 54 194 0 30 58 143 81 178 255 162 80 255 181 0 195 110 186 248
    105 0 250 0 255 255 0 255 0 255 123 0 162 255 64 111 135 216 7 19
    180 0 0 246 255 0 0 119 255 241 255 106 210 255 35 255 35 16 16 94
    255 255 255 255 0 0 255 116 0 255 249 255 235 71 0 111 238 0 255 255
    0 94 0 108 255 133 62 255 162 0 3 4 0 0 211 193 221 118 255 211 187
    177 255 255 201 30 47 232 29 55 255 238 0 197 247 163 22 144 255 148
    87 112 192 67 255 205 152 255 181 0 18 73 116 0 129 203 58 123 100
    85 255 0 55 24 255 198 159 74 16 122 255 71 241 255 0 78 8 0 7 211 4
    204 240 1 255 215 0 0 44 201 98 201 135 255 104 255 92 25 255 55 20
    190 64 0 0 65 0 156 51 70 255 235 0 255 0 255 255 115 255 255 0 255
    255 83 80 46 182 255 1 116 255 237 229 107 255 255 50 241 0 235 0
    255 255 255 255 255 114 50 201 52 217 56 58 0 78 142 241 8 213 23
    244 92 32 181 63 244 0 28 211 255 28 85 30 255 255 209 16 171 255
    101 166 150 255 71 102 147 12 97 31 0 201 255 0 255 167 99 64 236
    138 62 180 19 129 242 235 255 231 255 255 255 197 0 133 42 106 0 196
    0 255 0 255 255 247 0 219 20 255 255 125 94 78 255 248 0 129 128 0
    17 237 59 255 255 197 154 162 255 0 255 213 0 118 0 255 255 255 255
    164 255 72 1 3 255 16 115 0 154 0 67 0 197 0 85 255 166 255 255 12
    29 89 232 0 158 215 245 255 115 79 104 51 235 250 0 70 0 232 24 61
    201 0 0 0 0 203 67 255 58 255 86 241 252 0 109 255 31 206 38 28 75
    69 29 0 145 216 138 219 48 91 79 9 153 255 255 238 0 255 0 0 0 0 59
    37 103 72 208 13 239 83 0 110 154 255 0 255 255 244 207 183 177 255
    61 204 255 138 240 233 60 72 131 153 201 0 90 175 198 44 255 255 0
    135 0 44 44 255 142 213 125 255 36 162 186 80 87 249 48 255 31 255
    255 187 255 189 255 13 159 0 94 0 115 0 0 0 70 0 217 200 95 124 0
    255 252 250 214 213 255 61 255 235 8 255 0 76 190 124 26 0 89 80 0
    51 83 63 255 27 0 178 2 97 255 0 228 139 150 0 76 91 111 76 93 255
    126 0 39 137 210 95 113 0 89 235 199 124 255 0 212 89 0 214 0 255
    254 0 0 0 255 91 140 7 255 255 199 62 110 74 53 203 180 0 255 0 114
    16 255 255 28 153 0 206 255 0 149 0 214 0 255 151 0 0 196 32 93 115
    39 255 201 53 55 225 112 182 208 255 255 88 255 186 255 255 174 171
    255 156 0 255 0 0 67 133 121 255 255 255 255 34 177 255 255 71 179
    62 255 123 0 129 146 242 8 0 10 0 255 150 162 0 132 71 0 160 88 0
    146 255 90 222 205 255 63 255 169 145 0 63 0 0 174 255 80 0 255 177
    255 189 0 0 60 255 118 9 96 0 255 0 255 128 141 255 255 53 140 247 0
    0 182 129 26 255 74 255 176 255 195 186 232 0 255 255 255 0 231 0 79
    0 0 158 166 0 117 32 0 0 36 0 55 63 255 255 192 1 255 255 27 255 102
    0 255 255 0 5 61 59 249 156 169 0 221 0 0 1 0 23 80 207 0 0 186 0
    234 191 0 206 0 123 0 41 219 151 0 89 186 10 27 133 77 115 4 0 101
    193 0 103 240 84 0 0 255 162 0 255 214 255 255 255 12 1 191 85 184
    255 0 138 135 20 81 157 255 111 0 0 47 55 0 78 166 74 133 135 232
    155 255 81 151 205 0 0 255 0 0 110 255 255 232 255 180 45 0 233 42 0
    0 147 59 9 230 0 255 255 255 103 0 255 0 0 117 116 56 199 137 92 145
    103 169 253 16 255 5 205 94 11 0 0 255 247 0 163 23 225 111 88 224 0
    0 72 54 113 138 130 105 175 255 74 179 166 109 255 182 135 158 255
    130 0 14 255 90 152 255 25 129 255 246 255 80 0 216 186 142 171 49 0
    211 0 0 26 234 96 255 209 0 25 174 0 60 89 111 215 179 0 255 214 240
    1 166 11 26 27 117 108 255 117 156 255 0 11 227 142 81 0 3 241 79 79
    92 76 71 0 128 255 5 183 212 109 123 143 0 7 112 255 124 105 150 51
    255 161 162 147 10 62 174 0 200 206 0 255 223 138 0 255 49 184 250
    255 221 164 99 255 134 198 58 0 255 255 60 233 127 102 93 89 67 22
    251 185 255 212 0 255 54 0 184 255 8 241 0 179 0 111 59 255 255 255
    255 167 221 255 105 255 199 231 0 211 191 8 229 0 0 0 22 0 0 14 77
    38 0 254 8 0 73 44 137 135 65 240 0 255 0 255 133 0 0 111 149 254
    255 0 130 255 255 138 255 9 137 78 0 255 76 82 228 41 86 142 109 202
    131 53 255 38 214 255 59 142 134 255 68 0 255 115 255 219 111 255 0
    255 255 0 106 128 164 255 94 255 0 14 255 147 255 68 255 250 0 0 168
    247 0 175 255 14 0 0 124 255 0 255 231 255 223 151 188 78 110 41 224
    255 177 255 5 106 222 33 244 249 154 255 33 56 255 157 222 32 255
    212 141 227 255 74 57 7 108 0 242 249 73 0 120 232 235 101 159 64 0
    255 1 0 142 139 255 122 164 0 255 115 0 100 61 188 249 255 0 255 0
    255 255 54 46 255 175 215 0 65 0 2 0 166 0 79 232 80 241 205 214 255
    71 0 39 0 128 222 0 88 255 0 126 255 255 71 255 52 173 84 207 38 123
    255 197 74 251 163 255 165 162 106 0 0 0 128 138 241 156 151 86 169
    168 45 191 190 0 16 225 0 21 143 68 121 145 158 255 63 209 0 219 47
    5 233 119 47 185 0 56 55 0 131 121 0 56 49 244 255 145 100 247 39
    217 30 255 164 255 180 0 255 255 208 0 186 30 255 130 55 95 0 184
    224 0 94 207 255 255 255 1 6 245 78 137 127 102 199 129 126 6 190 0
    252 252 40 255 255 0 218 221 0 71 193 222 0 0 255 0 84 135 228 7 255
    10 0 124 0 0 199 113 36 88 255 174 19 192 113 55 0 84 57 0 239 139
    110 223 0 63 49 0 165 148 136 218 24 90 36 9 211 0 196 91 170 171 31
    0 255 231 0 0 195 227 0 250 255 158 255 34 255 176 220 0 0 255 189
    67 23 124 111 129 111 92 255 0 146 172 237 168 255 0 255 194 0 46 72
    0 0 255 135 114 0 255 14 198 135 106 129 255 233 64 0 209 33 227 29
    255 102 246 0 96 255 17 82 255 255 88 0 50 141 66 12 83 109 240 195
    93 231 0 0 120 0 230 250 223 255 0 65 111 0 255 147 191 215 0 32 232
    0 255 38 255 96 47 0 255 12 0 255 163 72 184 213 255 153 213 33 126
    0 0 0 69 85 248 108 255 0 255 0 0 0 224 120 0 158 220 180 227 13 247
    205 176 37 0 172 122 121 39 0 255 213 23 231 255 49 4 0 0 70 129 0
    189 181 255 245 20 0 0 184 38 75 255 93 102 255 255 89 0 121 219 255
    74 2 0 13 211 0 171 105 146 255 255 21 255 0 0 218 255 255 0 176 208
    255 174 62 213 116 255 255 37 153 52 255 35 134 1 0 0 160 60 255 241
    100 0 40 0 0 92 111 123 255 255 207 191 29 145 13 47 62 107 244 83 7
    110 228 123 15 70 170 0 166 255 0 0 197 0 56 255 88 78 137 0 255 160
    91 255 255 255 0 255 201 240 68 255 106 0 255 58 220 121 255 255 255
    115 0 255 108 217 255 0 255 13 66 240 244 186 156 0 255 44 255 0 255
    228 14 170 125 168 173 210 223 35 0 142 255 255 255 255 87 251 0 112
    0 253 182 184 149 97 0 229 79 103 236 192 46 245 189 93 0 71 3 255
    242 251 35 255 255 0 150 0 255 0 175 0 0 4 0 0 0 211 248 0 182 215
    255 72 192 70 178 98 0 0 174 255 0 0 0 53 0 0 92 115 62 255 0 0 129
    224 219 205 224 0 123 114 195 100 0 0 255 86 0 0 62 122 43 0 89 255
    114 228 255 163 0 134 255 0 20 164 252 215 154 0 1 172 255 34 197
    189 197 223 0 255 0 7 29 40 182 2 207 54 255 0 159 0 255 255 41 0
    255 0 0 23 255 1 156 51 0 38 140 73 136 184 121 188 255 125 81 0 40
    255 7 26 238 0 255 197 0 223 34 68 44 0 255 189 255 137 15 0 225 0 0
    0 0 0 116 255 190 0 193 255 0 9 0 192 255 144 73 82 255 238 255 255
    255 255 255 14 255 56 255 155 0 255 220 134 44 217 0 234 221 255 53
    127 116 102 119 114 226 163 45 119 255 0 197 149 0 146 230 255 116
    46 203 51 0 110 135 0 162 255 0 138 255 156 83 255 124 255 255 129
    190 219 226 0 255 0 0 0 64 114 159 11 255 49 158 0 163 255 255 223
    255 0 190 255 255 231 151 94 118 255 0 0 42 97 40 19 255 106 174 255
    250 0 0 160 0 79 242 30 222 133 239 172 56 0 172 237 255 0 60 14 175
    28 151 255 43 142 233 113 0 169 0 255 0 250 255 38 173 255 255 212 0
    144 237 70 0 21 19 255 85 204 23 228 208 0 0 255 255 79 237 255 255
    0 242 89 0 15 90 255 168 228 10 255 206 194 0 90 183 164 205 0 46
    147 0 255 130 106 0 19 0 255 73 0 255 211 0 129 0 255 255 56 0 91
    131 0 172 255 10 216 0 0 102 109 26 255 255 231 255 155 0 255 182
    104 66 20 237 223 0 168 0 201 61 0 246 0 37 0 0 222 30 115 255 64
    169 255 83 0 216 114 20 0 45 0 240 149 0 0 255 197 0 247 193 59 0 0
    255 255 188 255 12 255 67 56 19 113 38 165 156 59 255 0 29 252 220 0
    255 253 53 137 110 255 75 25 31 5 255 0 6 203 0 255 25 73 90 255 149
    136 0 2 0 128 0 202 98 23 129 193 225 102 228 255 168 96 71 75 136
    90 197 255 243 255 200 235 150 0 0 28 191 192 150 177 155 68 0 28 1
    182 54 0 255 255 255 203 210 255 255 158 238 34 15 105 253 235 255
    181 20 0 24 18 207 0 0 255 255 255 255 50 129 46 0 40 131 255 45 18
    255 237 58 203 27 0 0 153 216 0 0 255 255 190 0 30 65 255 0 191 255
    235 240 255 194 255 255 255 128 93 0 236 208 255 0 0 16 142 110 132
    150 73 0 49 176 249 212 107 41 142 255 43 26 0 112 0 224 210 255 36
    255 188 156 249 0 0 13 67 216 0 246 252 149 91 255 0 168 253 255 99
    0 19 121 52 0 230 255 143 229 255 69 0 255 51 98 49 238 66 137 242
    29 162 196 0 17 153 255 214 255 38 255 95 88 255 10 3 135 0 183 0 27
    0 0 255 104 158 255 201 247 179 0 212 155 158 29 0 189 172 255 48
    211 255 113 162 0 93 250 4 43 17 88 250 177 95 0 128 228 207 77 204
    0 113 0 21 255 76 124 165 142 127 203 168 0 76 255 0 69 255 255 221
    45 0 49 255 248 21 229 86 249 0 162 255 234 255 59 93 121 0 61 175
    238 0 0 0 141 51 123 201 0 157 252 230 0 101 138 161 184 176 0 211
    78 94 255 255 46 0 255 255 195 0 200 0 180 12 255 0 56 50 242 147
    170 0 255 0 93 101 120 255 0 0 150 0 201 110 156 231 0 250 255 0 255
    57 241 213 24 5 120 172 255 255 13 104 99 19 125 255 102 63 182 30
    192 203 16 0 0 37 171 77 0 60 123 89 39 53 44 122 255 255 171 0 212
    34 196 19 33 235 194 204 65 39 155 0 255 175 123 255 3 255 237 140
    98 0 255 255 0 195 166 39 115 255 163 111 166 81 81 0 82 0 194 181
    255 201 174 3 37 255 0 158 155 255 245 155 255 68 135 42 255 250 255
    137 255 29 255 255 0 0 255 221 0 43 3 131 0 198 143 95 0 99 255 0 42
    255 0 0 232 78 189 0 244 125 118 83 123 15 0 255 255 189 196 218 150
    233 3 49 255 136 130 139 74 255 226 33 10 255 29 255 249 0 109 99
    255 255 255 84 0 168 0 189 223 8 165 0 26 0 226 126 0 182 255 163
    224 61 134 255 170 160 83 255 0 0 157 80 255 173 65 33 0 0 0 78 151
    163 0 56 120 99 103 252 0 21 107 255 217 255 37 0 85 206 255 0 255 0
    255 77 218 132 255 255 0 244 65 16 255 105 0 87 0 25 4 11 253 0 91
    79 0 228 224 0 93 255 114 0 208 219 33 53 255 24 4 119 172 195 159
    255 0 176 254 49 107 90 191 0 86 255 0 227 255 0 36 221 169 47 255
    213 66 0 0 14 233 200 1 1 85 16 161 0 62 255 93 156 0 0 241 0 255 0
    255 0 240 99 0 73 149 0 255 255 5 241 174 222 70 0 199 106 114 141
    248 0 140 53 111 0 147 78 0 255 21 121 197 140 0 0 229 225 122 0 255
    39 255 255 110 13 255 0 255 183 110 255 199 255 123 0 0 255 255 0
    204 255 255 255 255 255 0 210 0 0 162 209 0 64 0 0 0 52 0 255 0 191
    95 219 235 178 9 224 74 28 167 0 44 255 0 80 255 117 96 191 183 220
    143 251 255 239 255 40 0 255 158 7 0 45 186 216 234 255 0 201 187 25
    68 255 0 255 180 0 142 177 232 255 0 83 174 193 95 194 242 0 255 60
    142 0 0 0 0 255 30 189 116 55 244 0 255 9 255 237 131 0 28 0 0 66 0
    132 253 255 0 27 228 89 158 196 0 0 0 0 243 255 47 255 255 46 135
    217 242 151 0 167 230 0 147 171 45 0 51 99 232 186 255 250 255 0 10
    34 0 202 40 240 100 25 28 0 0 122 24 109 198 127 28 0 0 0 255 255
    139 255 173 90 255 0 140 0 20 255 234 255 0 245 189 106 90 33 39 196
    0 162 0 255 197 0 255 20 0 167 0 255 148 0 49 157 0 147 22 255 12
    227 191 0 186 146 237 255 0 30 20 0 255 0 205 51 0 28 129 255 153
    250 177 46 126 70 16 0 255 228 0 255 0 23 255 235 72 64 50 0 0 0 190
    255 168 255 136 255 255 92 252 216 255 69 2 255 7 60 200 166 0 170 0
    0 252 255 143 250 109 36 249 0 224 255 0 41 218 14 255 58 111 122 0
    30 154 255 253 143 0 178 192 255 25 215 246 142 157 15 143 0 0 255
    15 180 255 18 0 255 255 0 30 39 171 54 104 158 3 0 226 47 173 255 88
    56 17 17 0 93 104 255 255 158 50 0 132 44 0 255 255 195 104 134 74
    75 161 0 49 183 204 103 139 255 186 0 227 107 0 38 65 172 146 133
    201 0 255 255 29 0 255 150 255 120 175 187 93 103 255 0 88 255 0 250
    92 70 92 144 63 181 122 26 9 97 213 195 255 0 0 28 202 0 216 54 18
    255 214 219 152 10 255 0 6 21 66 254 156 0 12 255 255 114 244 34 207
    165 100 0 142 136 141 189 255 140 242 0 255 255 18 255 249 185 198
    255 81 254 157 75 60 88 0 69 8 11 66 32 255 126 255 17 255 255 183
    32 255 179 0 255 12 137 41 40 110 255 32 52 226 16 0 30 255 0 23 255
    67 255 107 255 167 255 179 68 57 255 0 255 83 255 0 255 227 31 199 0
    71 193 125 255 255 108 103 50 56 67 255 18 222 207 0 141 255 20 117
    17 5 0 196 141 0 96 75 234 245 49 245 216 0 104 13 12 0 0 255 78 0
    72 169 181 0 210 255 89 5 0 0 74 0 146 0 35 255 127 75 0 149 25 0 52
    252 181 0 211 21 70 0 179 255 230 75 48 255 88 255 111 0 162 119 0 9
    244 30 28 186 229 255 101 0 89 5 255 255 170 44 255 253 255 246 107
    10 255 175 0 214 125 249 0 255 97 149 147 38 0 43 15 24 44 0 53 0
    140 255 219 20 156 0 213 46 43 81 100 123 0 58 255 0 255 60 108 40
    83 144 89 0 163 160 78 154 255 255 131 0 150 162 184 255 173 255 255
    212 0 0 95 187 15 187 0 186 125 27 236 0 156 9 112 132 231 255 178
    79 0 69 0 152 248 13 241 110 146 41 116 138 255 91 255 140 33 139
    238 255 13 255 0 105 105 54 70 189 190 222 255 79 144 255 214 186 0
    0 115 31 184 255 124 117 230 213 251 77 57 156 255 130 142 255 0 0
    166 215 131 255 62 239 5 51 88 255 255 255 212 211 255 1 43 155 93 0
    70 255 220 132 244 159 0 255 144 107 61 0 252 183 18 219 0 255 218
    200 60 240 0 0 255 204 0 255 208 0 37 255 255 26 255 233 0 13 230 0
    255 191 176 0 91 228 255 12 9 114 1 62 9 85 60 0 255 174 255 75 60
    81 255 122 0 255 255 43 187 125 255 219 50 0 255 156 168 224 0 255 4
    228 255 170 255 0 129 255 90 183 255 51 182 42 0 255 230 255 172 0
    141 31 97 56 161 0 67 218 255 160 1 255 209 191 231 189 255 135 255
    255 0 187 255 230 255 0 0 0 51 255 155 255 121 0 174 0 158 9 0 47
    251 228 4 143 52 56 228 205 130 255 242 0 27 147 187 20 85 136 152
    202 0 73 84 255 0 201 160 60 227 144 255 229 234 255 127 147 112 109
    255 255 80 177 255 159 239 165 0 67 206 72 152 255 234 181 255 0 89
    57 102 186 255 231 233 0 10 176 25 212 248 93 23 91 25 31 0 0 29 0
    87 0 0 160 0 112 231 0 40 111 203 254 255 84 0 87 11 255 164 154 255
    20 118 249 0 4 0 38 115 20 255 0 240 0 96 255 135 255 0 250 235 0
    255 168 235 0 50 255 182 196 126 255 0 255 66 112 255 255 63 0 245
    175 255 0 172 0 72 134 9 176 245 241 255 42 51 255 179 255 42 0 254
    0 3 189 255 47 0 229 141 0 169 171 149 253 199 57 159 31 255 222 0
    255 10 9 53 207 255 0 255 148 247 125 198 255 0 45 0 255 250 0 255
    206 183 0 154 23 0 0 11 228 111 250 0 175 169 255 128 0 255 0 255
    203 221 60 7 158 255 145 81 34 199 255 204 231 254 255 0 255 55 0 0
    0 0 26 255 27 1 255 12 255 255 255 255 0 185 0 114 0 195 255 156 203
    32 255 0 95 241 246 124 71 0 224 255 201 252 0 242 255 0 255 2 0 255
    36 255 194 255 110 230 255 32 255 21 223 27 255 212 255 6 151 241
    215 62 75 255 238 1 248 0 255 0 0 191 0 82 0 76 255 0 221 0 100 157
    84 71 102 67 170 251 47 0 154 255 121 236 117 141 36 200 221 0 255
    47 245 137 91 155 34 105 255 255 133 0 255 12 107 225 255 96 119 0 2
    255 255 0 0 255 255 255 171 48 163 1 41 131 26 236 255 79 255 255 2
    207 0 34 255 111 15 0 255 255 8 255 236 0 35 255 0 241 0 28 227 56
    236 245 126 248 171 253 0 255 29 255 255 0 188 65 63 28 0 255 255
    186 51 251 0 61 255 239 255 37 110 242 66 166 255 202 81 5 13 0 255
    3 255 255 0 255 31 52 215 59 255 162 65 123 206 169 209 213 255 220
    205 255 108 21 166 4 250 165 255 244 32 235 230 0 247 202 0 43 244
    117 141 244 255 255 42 179 0 198 0 117 0 0 171 202 255 173 0 159 230
    0 124 145 27 87 41 223 180 202 205 255 199 52 255 6 255 246 255 49
    15 157 82 255 255 217 0 205 102 197 58 0 137 0 4 123 21 174 0 153
    149 149 170 146 170 30 202 190 77 0 229 255 122 7 88 255 0 66 255 6
    243 253 255 255 255 12 69 255 0 188 245 227 148 0 178 73 0 40 255 94
    0 0 11 0 255 255 255 167 113 81 0 115 108 0 35 0 90 0 92 117 0 255
    255 221 161 153 70 0 255 128 146 202 0 90 52 79 149 124 228 246 198
    0 30 255 178 161 162 0 213 17 255 255 21 238 84 175 50 147 195 100 0
    176 255 28 174 27 23 3 255 13 190 255 255 253 0 255 0 69 8 30 0 110
    255 42 255 233 0 0 217 246 255 103 0 222 168 64 9 67 131 63 0 191 36
    241 255 255 255 0 179 0 0 178 23 255 0 0 174 204 41 255 98 210 215
    97 0 60 255 0 96 33 255 3 255 0 255 241 0 0 121 255 255 255 76 60
    221 15 255 30 246 41 149 255 69 161 255 156 0 12 97 0 232 10 40 244
    33 74 162 121 0 184 254 0 255 255 80 189 0 118 0 86 230 106 0 255
    118 255 163 255 255 232 255 126 225 52 78 12 67 255 255 0 0 97 255
    235 156 166 203 40 57 0 255 255 0 202 0 0 254 53 110 255 14 83 185
    255 255 41 66 255 12 1 38 178 255 0 255 255 21 224 91 239 0 237 211
    186 242 0 255 81 222 12 128 255 0 87 23 0 33 255 255 215 143 255 0
    142 5 14 55 56 11 255 97 132 186 255 129 21 1 0 181 220 8 96 65 234
    248 255 30 92 106 113 172 144 66 255 119 22 16 190 149 139 189 11
    114 0 0 16 99 117 24 98 0 129 10 63 0 255 152 60 2 59 255 0 255 251
    255 117 83 135 196 255 114 134 159 88 36 60 102 215 0 0 142 245 143
    0 90 0 252 0 0 174 127 85 255 183 255 0 187 164 0 39 255 57 140 3
    170 199 108 35 132 94 150 255 97 255 64 202 255 0 150 255 195 0 255
    52 0 222 78 235 212 233 6 73 255 255 154 220 118 0 255 0 131 32 0
    255 216 255 255 255 0 194 255 255 39 211 255 32 101 218 156 255 215
    180 255 80 255 206 255 255 144 0 255 135 77 0 0 255 211 255 241 244
    7 22 0 156 175 248 0 89 0 114 248 0 38 0 0 145 255 142 68 47 165 243
    0 118 136 131 196 255 255 131 65 0 255 0 3 211 53 73 151 251 255 255
    190 0 255 251 144 71 67 44 117 30 255 159 210 0 255 255 255 33 212
    255 95 159 255 255 255 255 0 143 0 75 219 197 131 134 255 0 255 255
    115 255 36 226 255 193 0 35 155 255 0 15 132 227 93 160 205 107 250
    255 243 255 255 146 0 0 95 97 255 0 255 255 50 0 0 0 255 0 218 255
    164 0 0 55 0 17 255 141 27 133 255 255 0 142 255 6 255 132 51 209 94
    31 0 71 0 255 72 114 3 0 112 158 194 230 255 255 0 20 0 101 8 236 37
    54 0 52 132 100 82 184 189 192 105 137 49 65 89 56 233 0 255 1 52 56
    210 43 129 0 255 232 255 188 236 57 0 58 235 255 134 0 188 0 0 0 116
    142 0 10 70 0 158 138 255 255 49 0 252 255 157 0 115 0 68 60 255 255
    0 91 137 255 23 238 130 255 220 0 206 255 0 47 87 0 255 255 255 131
    232 84 255 0 11 0 56 63 255 217 255 255 255 0 10 122 168 44 248 133
    198 35 0 123 148 73 255 158 205 255 240 28 255 105 191 248 33 37 21
    0 0 173 43 77 255 180 230 190 253 62 0 0 56 134 6 243 76 214 194 37
    52 255 202 73 255 35 0 208 129 0 65 177 255 132 0 15 48 191 21 55 92
    38 0 159 240 250 0 255 172 123 139 90 255 255 255 147 195 122 196 26
    0 0 223 47 0 178 26 0 0 255 14 101 188 0 95 255 36 0 209 44 25 124
    255 75 250 22 223 5 36 28 235 51 228 165 18 134 255 190 210 32 255
    255 0 255 202 255 70 190 222 0 111 0 78 0 6 192 255 0 95 98 155 180
    24 214 153 7 38 20 157 67 0 174 0 0 0 21 0 147 100 141 189 206 49
    146 56 168 255 30 183 80 187 0 0 0 0 196 56 71 248 149 0 255 0 0 43
    0 96 207 214 228 255 255 255 255 79 55 14 255 255 151 169 170 22 255
    96 159 31 0 140 172 184 141 78 114 147 136 57 0 226 130 0 221 114
    207 119 180 54 251 57 223 60 162 0 95 143 168 137 221 0 30 144 188
    239 216 255 15 105 111 0 64 206 253 0 255 255 73 89 0 0 47 0 124 0 6
    99 96 126 12 44 0 255 0 0 137 7 108 0 193 0 83 26 214 99 62 43 200
    47 0 0 0 111 0 255 255 192 153 255 29 138 255 56 221 249 233 240 0
    107 51 67 92 208 207 69 0 213 255 0 255 101 173 41 255 85 188 9 220
    169 255 92 63 0 0 244 39 255 167 0 255 255 255 114 140 255 0 56 255
    75 58 0 0 100 255 0 138 129 0 142 219 204 32 205 181 0 255 184 255
    207 21 14 195 0 244 56 255 255 204 0 62 210 255 255 117 238 255 142
    0 133 0 208 237 226 251 240 0 255 247 109 144 164 255 158 38 143 184
    246 61 170 0 151 99 255 76 33 255 255 166 204 0 23 184 244 43 162
    141 80 153 147 0 190 255 20 255 238 235 255 185 104 130 220 51 53
    255 0 30 237 150 52 251 98 66 255 5 0 255 196 255 196 139 0 0 90 166
    243 255 47 255 128 131 51 58 92 0 255 168 65 255 255 135 0 0 231 0
    236 255 91 0 139 102 71 0 174 0 118 255 0 255 92 81 50 0 0 83 100 0
    172 0 33 207 201 0 255 0 129 110 204 255 137 255 229 255 76 61 158
    30 212 101 201 217 0 0 0 206 255 85 227 62 3 25 33 193 138 255 238 0
    90 31 255 0 38 14 212 0 180 146 15 6 255 229 154 191 1 100 0 0 30
    118 220 152 200 255 0 255 167 0 93 0 153 51 210 0 0 255 0 54 67 93
    69 123 0 121 150 181 121 77 0 34 255 252 254 255 0 208 82 142 35 59
    0 66 255 255 151 79 0 226 220 188 0 87 22 199 173 31 71 179 144 188
    90 191 255 207 0 219 129 36 255 207 255 144 156 142 255 255 88 0 187
    1 255 255 207 5 255 58 255 255 255 0 162 62 55 0 34 255 167 229 57
    213 193 65 221 109 255 110 0 64 247 171 255 142 175 255 93 250 255 0
    243 255 0 0 114 221 24 255 170 60 33 183 179 0 40 255 61 255 109 82
    0 67 137 111 255 194 112 0 242 0 33 14 88 45 118 0 223 250 34 110 0
    57 115 113 237 0 18 255 56 0 72 225 31 121 203 101 255 0 0 191 224
    189 50 255 128 103 145 255 7 93 60 50 87 148 220 64 0 0 0 255 0 255
    0 255 18 35 139 11 255 42 47 255 255 24 255 255 21 209 112 255 78
    255 255 194 255 255 255 80 255 180 240 0 0 119 234 155 73 117 0 118
    255 38 3 113 255 7 0 155 67 0 0 0 10 111 245 143 229 0 55 10 0 108
    255 111 8 187 147 255 45 255 213 251 62 66 255 175 255 153 255 115
    59 219 0 255 0 44 108 199 152 139 193 123 88 143 188 154 0 66 1 44
    255 13 0 234 0 108 0 0 81 255 4 0 224 77 0 36 105 181 224 0 67 255
    187 61 0 0 255 45 255 208 222 159 91 151 20 168 0 225 255 201 163
    172 217 255 145 89 42 255 27 133 255 0 228 123 200 194 0 255 254 39
    255 0 142 214 139 114 0 143 172 83 172 150 255 255 0 255 175 61 212
    92 57 255 0 162 192 58 63 43 26 0 19 78 0 0 0 181 66 103 229 0 107
    232 114 19 0 202 71 0 225 0 127 165 40 40 255 0 167 197 199 31 204
    38 255 65 187 57 45 216 231 161 0 73 0 255 83 255 113 76 162 64 142
    255 139 255 95 174 9 0 63 255 0 139 255 241 55 74 221 255 17 255 255
    0 255 0 195 255 50 0 21 0 185 89 85 254 98 65 67 58 199 136 249 47
    241 0 13 88 75 0 0 179 81 232 101 253 163 0 255 67 0 114 0 30 255
    255 136 0 0 150 131 0 105 52 0 255 239 0 16 65 255 255 238 0 255 148
    235 255 4 203 28 179 197 255 149 255 182 161 255 255 73 159 53 209
    255 255 243 91 124 162 205 36 155 72 255 255 255 121 0 249 0 255 218
    135 191 50 255 90 39 255 239 27 125 182 0 0 100 80 239 255 255 156
    128 31 54 40 183 139 255 255 160 151 129 58 128 0 0 255 72 255 96 80
    110 0 80 15 200 47 255 137 255 98 255 0 231 71 255 255 191 218 255
    249 0 201 46 0 191 113 35 213 147 0 255 0 68 0 0 75 0 181 0 0 255 0
    56 130 26 0 0 0 0 124 161 61 198 0 255 101 180 164 47 255 157 61 187
    129 152 166 255 218 78 96 150 10 7 137 34 255 153 0 107 83 45 216 0
    0 0 0 0 0 255 127 255 20 114 21 25 138 0 235 96 202 182 23 14 0 0 83
    236 218 233 41 0 246 126 255 102 255 0 0 255 143 64 161 255 65 7 255
    133 255 255 231 91 151 71 217 0 0 255 255 59 186 245 188 0 66 0 70
    255 0 110 235 189 244 27 81 0 255 215 231 207 0 255 0 255 255 198
    103 56 59 41 203 124 0 255 65 0 144 13 0 162 255 0 0 255 61 255 255
    137 255 221 93 149 255 193 81 255 206 177 22 211 78 52 197 0 181 29
    0 169 239 0 237 145 0 0 0 182 151 255 0 66 58 51 0 172 113 255 194
    255 17 255 207 0 25 0 0 47 0 255 144 157 31 62 0 4 228 0 0 53 0 111
    87 0 0 255 9 86 181 255 164 255 0 39 253 55 255 157 222 43 67 255 60
    233 0 22 65 197 255 0 255 96 0 69 62 121 217 0 0 176 38 24 255 97 32
    193 157 226 64 67 0 0 0 197 191 255 0 255 52 0 255 7 0 255 173 71 76
    0 0 100 255 147 124 46 147 120 131 0 214 172 255 124 0 84 110 80 255
    207 0 2 255 0 189 94 0 0 105 211 0 138 53 255 144 2 187 53 132 0 0 0
    27 239 0 22 23 255 148 176 186 99 148 191 0 170 64 23 0 0 91 0 255
    15 0 255 78 150 122 0 205 255 125 0 131 144 193 85 15 192 74 169 18
    200 253 0 104 198 255 255 255 0 157 255 115 0 223 255 124 0 255 255
    55 108 0 151 107 169 2 221 255 244 213 0 34 255 169 81 0 82 144 225
    40 34 0 122 255 0 0 179 184 58 146 184 196 179 62 252 254 227 188
    122 0 169 54 114 144 255 145 49 0 54 0 20 128 234 73 106 166 255 255
    255 227 0 163 3 19 82 255 161 255 168 30 193 255 195 69 239 190 255
    0 0 0 16 121 107 210 255 226 168 23 121 238 255 204 255 226 255 148
    255 118 0 119 30 176 247 255 255 226 166 16 215 255 255 133 235 136
    255 255 0 0 0 70 145 128 233 10 0 0 255 225 255 24 122 250 255 107
    218 66 204 77 153 131 187 0 144 0 255 156 216 255 11 184 182 255 145
    0 255 255 183 0 241 185 249 0 255 255 0 155 0 255 181 121 255 255 83
    214 212 0 0 255 206 84 103 139 181 255 0 213 143 240 126 63 219 206
    156 68 25 255 247 255 238 255 247 0 255 232 0 252 0 76 239 147 226 0
    197 169 140 199 180 17 151 125 255 144 59 71 179 255 28 255 255 107
    10 255 30 226 136 16 0 23 0 255 0 118 0 255 0 0 0 0 255 140 75 58
    255 0 0 0 21 189 0 255 0 127 220 77 232 197 0 255 18 0 255 37 0 47
    255 0 28 222 4 15 197 0 95 220 10 79 214 0 97 125 175 27 255 253 53
    255 255 0 247 44 110 50 182 164 218 0 67 255 74 0 75 0 72 193 211 25
    255 201 251 255 65 0 0 74 243 28 0 254 85 194 255 0 147 255 0 170 0
    55 255 0 50 0 0 66 147 5 142 178 0 255 0 38 118 181 0 242 255 237
    237 42 43 166 0 194 210 245 95 248 255 255 240 27 71 255 0 143 91
    241 180 0 219 64 0 0 50 92 0 174 255 9 0 0 101 108 230 26 232 90 189
    0 25 23 201 226 255 50 255 60 79 255 255 152 0 46 0 255 134 255 255
    58 148 162 39 255 255 132 255 255 70 63 226 83 255 255 0 140 111 92
    97 48 255 94 118 8 0 222 58 0 172 130 234 56 30 7 255 0 0 255 20 175
    255 239 20 255 156 132 255 0 151 223 255 216 0 245 16 71 215 63 206
    87 255 146 0 176 100 0 171 255 75 0 181 4 11 73 200 71 0 103 214 0
    118 39 0 0 242 0 255 0 100 72 0 0 255 123 214 255 114 38 0 255 76
    210 110 140 61 163 131 181 225 70 0 100 255 167 255 255 0 13 214 165
    0 203 11 90 255 72 255 0 255 248 146 162 96 52 0 20 255 0 13 255 64
    183 117 255 0 0 0 46 0 2 148 0 255 126 218 104 30 3 1 0 197 0 0 245
    255 255 0 255 92 235 3 207 0 0 26 0 0 0 0 225 60 0 165 0 10 219 180
    0 0 3 0 255 255 2 255 0 144 157 255 80 221 10 179 255 0 190 210 255
    255 239 36 78 183 0 135 175 143 10 130 179 215 0 4 255 238 17 0 0
    255 151 80 120 224 136 216 32 56 141 109 0 253 0 0 136 106 87 165
    255 141 53 0 255 97 245 51 255 100 95 140 137 255 60 29 0 193 12 0
    238 255 0 255 47 0 0 227 42 0 1 255 167 228 224 0 255 74 0 230 178
    218 255 255 0 0 0 40 255 32 0 0 246 10 246 255 0 0 242 255 107 255 0
    0 106 245 0 58 0 127 0 131 233 15 255 92 0 205 57 0 215 255 141 160
    154 255 106 213 0 0 198 77 176 255 118 15 255 255 238 100 53 255 0
    184 141 95 192 61 132 94 135 72 39 55 77 170 226 1 0 67 62 138 195
    177 60 160 255 255 255 85 160 15 101 255 6 197 255 186 0 166 105 222
    14 63 17 0 255 122 255 18 154 241 178 177 143 44 55 255 235 122 124
    255 217 0 255 4 100 171 0 212 14 234 123 35 218 49 119 127 200 0 38
    253 65 142 9 88 16 0 37 248 41 202 0 59 255 0 0 187 159 0 129 214
    255 0 154 163 203 116 7 77 215 45 31 33 255 112 17 55 50 53 0 255
    216 176 170 252 35 0 2 195 255 72 150 123 0 255 1 216 157 255 17 107
    1 70 255 0 161 0 255 175 0 20 0 255 0 51 154 114 255 218 0 218 198
    255 14 117 194 0 255 0 181 113 255 1 148 10 0 0 137 189 14 0 140 95
    41 244 144 51 255 33 39 0 226 77 255 14 212 71 0 194 0 255 0 36 23
    203 0 56 0 123 0 196 114 57 25 7 133 255 255 47 161 180 70 194 76 52
    255 219 36 11 108 255 236 255 0 147 255 100 252 169 255 0 0 0 34 18
    3 255 255 164 135 74 99 254 0 219 87 66 145 162 116 50 255 184 186
    127 1 102 77 184 222 255 62 235 125 0 177 255 113 0 134 1 187 24 89
    55 0 69 255 0 0 104 1 0 83 63 45 0 255 48 0 255 0 0 0 0 121 2 20 123
    182 141 0 0 168 65 0 157 21 248 0 249 0 117 255 62 0 0 255 255 0 228
    0 136 0 110 255 48 0 138 28 160 0 199 84 89 171 233 80 226 255 0 35
    235 0 0 0 199 96 0 120 255 119 0 112 51 165 83 255 0 164 117 179 0
    50 194 255 0 255 166 255 0 252 0 74 77 231 255 140 255 184 202 0 148
    0 0 98 255 255 22 57 255 203 95 50 159 123 95 0 255 0 53 71 24 246
    255 255 199 255 176 181 177 124 30 156 143 116 186 68 72 0 123 255
    180 227 243 255 255 0 255 30 255 252 85 0 255 90 248 222 167 0 8 61
    0 179 220 0 255 255 60 150 125 201 255 252 6 0 0 71 23 0 106 255 0
    137 106 255 59 251 0 255 216 241 255 127 69 182 51 231 138 226 0 195
    0 125 0 117 0 175 0 0 150 163 4 101 189 178 255 147 188 255 0 33 239
    215 255 175 0 2 255 0 0 255 52 46 113 38 255 0 236 0 69 105 255 255
    255 163 112 143 26 202 91 203 239 124 0 255 163 0 255 255 50 12 38 0
    63 238 222 89 0 255 0 0 102 46 0 0 225 75 0 164 0 73 206 61 8 255 0
    217 196 185 12 105 16 222 0 205 201 16 255 134 255 154 0 255 102 233
    255 0 74 0 250 255 207 116 255 0 216 198 118 87 94 78 180 255 127
    205 0 0 224 90 246 169 21 220 0 176 146 25 0 221 0 255 242 241 169
    255 243 255 8 149 255 139 210 99 0 0 26 0 255 255 98 210 255 255 255
    222 0 255 36 102 175 35 196 255 84 241 0 255 255 108 243 111 97 255
    255 74 0 74 96 0 13 185 53 0 1 255 255 113 195 129 11 155 230 255
    196 43 86 49 149 0 0 235 0 0 255 16 0 255 255 101 16 0 119 0 115 0
    234 94 0 183 55 161 11 230 21 0 245 93 0 246 1 199 49 183 0 73 57
    225 255 0 201 188 0 214 113 210 0 255 126 167 252 255 87 255 132 0
    251 199 0 0 255 0 255 67 0 152 0 0 247 9 156 161 0 255 0 255 102 0
    233 255 255 56 181 59 174 255 178 201 217 255 255 129 255 70 57 0 0
    29 135 90 119 0 255 11 133 199 0 255 255 205 212 119 0 196 0 255 255
    34 255 158 55 220 130 172 218 255 64 255 85 255 0 255 45 0 166 39
    255 0 198 223 255 0 59 153 255 212 187 111 33 41 28 255 0 255 94 17
    93 18 0 0 120 255 0 255 215 242 0 184 118 0 190 192 255 0 223 41 35
    255 64 246 255 164 255 0 24 0 0 255 114 149 255 0 6 255 1 255 67 177
    57 255 183 0 62 204 101 0 195 203 92 220 255 142 255 174 94 255 107
    241 17 99 127 0 153 255 0 0 192 0 209 255 170 29 95 208 180 255 121
    242 255 255 134 63 104 255 255 102 255 239 54 109 0 5 255 118 188
    255 106 196 6 255 255 175 255 0 10 10 255 169 105 0 5 19 0 0 2 0 4
    153 212 0 1 0 216 136 0 255 240 146 81 95 255 0 210 255 208 0 255 54
    255 201 136 6 116 7 100 0 209 53 255 0 147 183 245 250 255 255 255
    242 75 196 0 0 255 255 255 157 149 0 40 183 190 239 167 226 185 189
    68 170 255 0 213 138 215 56 92 255 42 239 39 110 196 149 1 255 131 0
    207 113 199 0 45 215 255 38 54 122 0 0 80 0 176 0 98 255 26 94 35 69
    79 0 46 0 255 255 245 11 193 255 140 54 0 74 255 68 0 125 255 134 29
    0 253 35 158 255 27 229 139 54 255 191 0 255 11 191 77 127 187 120 0
    147 33 78 0 0 0 236 25 168 255 255 139 197 233 0 104 16 50 32 0 50 0
    50 180 170 222 0 47 70 0 255 111 177 49 71 255 28 120 0 146 173 170
    255 0 34 255 112 33 134 255 222 0 38 52 205 65 0 254 0 221 158 222
    100 0 255 99 69 9 128 0 0 255 1 255 47 0 13 217 255 0 255 55 255 255
    255 85 0 0 118 103 196 210 238 0 81 67 230 69 159 104 194 177 47 24
    235 0 255 255 0 255 255 255 72 0 0 0 246 0 0 164 0 0 227 0 28 169 0
    89 0 109 162 0 218 134 187 35 220 255 0 177 119 134 255 0 255 171
    187 248 213 8 255 210 139 123 118 59 255 37 0 255 189 247 69 227 46
    255 176 105 87 165 207 255 8 255 20 255 29 255 34 155 255 114 255 53
    65 229 255 115 150 189 255 255 113 45 0 108 24 214 47 0 36 21 111 36
    255 255 0 8 64 0 81 30 0 255 255 176 8 0 255 204 71 254 153 24 255
    255 71 142 255 154 174 44 0 234 105 166 170 255 255 255 255 116 15
    255 241 227 0 73 60 1 88 20 214 46 186 255 130 170 90 0 40 81 255
    202 223 255 0 0 156 0 173 255 203 48 252 157 28 0 237 195 255 192
    158 255 255 51 87 45 227 45 75 84 48 195 132 0 219 255 44 110 0 0 25
    37 164 250 255 24 104 228 183 255 157 0 255 40 64 157 203 190 7 179
    255 255 0 17 0 255 251 0 255 0 51 161 255 27 0 154 255 0 0 40 4 130
    194 141 0 96 45 185 22 179 147 197 187 81 110 245 43 7 224 186 255
    201 90 255 255 17 255 217 235 255 28 146 247 255 32 127 175 74 255
    200 255 28 35 140 255 177 0 22 240 157 164 47 167 110 0 97 255 0 173
    255 97 75 0 95 4 72 43 255 0 166 104 126 54 37 255 96 223 21 255 246
    217 0 25 60 0 0 0 215 129 250 70 7 213 89 138 0 255 255 255 100 255
    230 126 72 54 46 194 165 25 125 255 255 141 231 95 153 64 32 217 0
    124 44 0 163 228 255 78 255 0 255 0 21 255 0 189 27 0 0 74 0 0 255
    29 221 155 71 185 255 23 38 255 118 0 43 135 255 0 120 117 0 255 199
    3 0 36 69 0 0 255 97 0 73 255 185 0 72 62 0 0 255 209 78 246 230 0 7
    2 113 37 208 0 111 0 134 35 136 0 42 255 154 251 243 246 122 18 17
    76 255 0 51 135 245 0 91 31 185 86 0 232 255 0 0 197 255 206 255 255
    198 213 229 138 204 181 103 53 37 104 207 175 0 211 193 255 127 166
    255 255 230 106 213 0 198 140 0 141 110 0 255 255 221 171 3 32 255 0
    186 47 27 255 90 227 236 154 47 0 0 14 67 107 84 61 0 104 255 0 255
    0 249 225 64 189 204 212 28 0 223 39 0 169 198 173 0 234 90 201 49
    255 29 212 139 118 255 255 0 0 86 42 145 0 252 159 218 208 52 177 0
    78 85 255 177 71 201 247 0 114 255 196 255 49 25 14 254 255 255 0
    100 0 84 0 207 153 34 255 253 77 255 122 120 0 241 249 0 231 255 84
    140 117 41 18 255 51 152 0 123 252 130 135 0 247 255 0 255 255 187
    212 179 41 249 0 209 0 221 238 20 223 255 245 109 0 255 190 223 255
    0 145 92 77 155 255 255 255 35 124 0 0 255 255 192 160 75 244 20 134
    0 255 229 156 255 202 112 49 152 246 255 110 85 232 141 0 0 134 38 0
    115 113 255 26 255 29 5 229 10 176 0 255 193 138 255 194 93 251 204
    126 76 255 62 0 0 255 194 181 255 68 255 69 68 0 0 213 206 101 223 0
    113 200 21 141 30 170 0 220 192 185 116 0 0 0 0 9 161 255 255 244
    255 93 171 63 0 119 28 0 83 237 238 66 10 99 28 35 161 31 0 109 183
    209 255 138 181 30 65 95 0 203 190 255 127 200 63 255 255 24 255 199
    178 131 17 184 89 70 126 12 255 111 100 0 38 63 0 56 103 123 179 17
    61 121 0 255 7 115 84 255 144 134 6 0 245 89 255 1 85 229 241 0 83
    195 230 255 64 0 0 255 255 19 103 102 191 224 0 5 215 57 0 255 153
    64 57 215 239 0 183 255 37 215 174 50 0 255 83 0 27 0 170 34 134 144
    226 255 0 204 255 0 255 255 130 138 219 185 245 45 76 130 66 147 143
    0 255 255 0 63 76 255 255 99 49 71 224 111 0 194 163 1 188 248 88
    255 255 255 255 255 224 130 147 255 93 255 117 255 88 0 0 96 65 206
    250 126 162 255 0 255 177 224 0 81 255 88 72 219 255 144 61 176 150
    57 142 255 255 148 41 7 0 255 255 72 206 132 255 190 191 0 255 0 0
    198 229 162 144 0 0 85 183 0 48 255 253 133 68 247 145 0 225 188 17
    204 69 255 0 142 237 0 250 79 255 220 218 118 234 255 185 255 255
    210 60 0 59 255 5 120 89 254 246 255 0 0 137 255 171 174 73 175 57
    217 140 255 27 199 92 47 120 255 254 31 255 0 157 0 170 235 33 255
    126 145 221 76 234 194 129 0 0 255 18 31 210 0 178 107 212 0 0 78 55
    243 57 0 0 68 86 0 203 132 255 0 255 152 47 187 253 255 105 0 149
    209 27 168 125 147 134 128 255 18 0 255 167 47 0 103 169 0 25 176 66
    68 255 0 207 150 0 203 116 0 83 54 255 255 198 5 223 255 0 179 169
    247 243 239 255 184 255 255 25 255 181 29 242 0 255 64 205 102 0 12
    255 255 17 198 255 39 0 160 255 130 75 255 87 134 180 255 255 216 26
    251 0 255 223 236 29 247 196 136 42 196 0 162 0 255 26 0 0 130 23 16
    0 102 125 60 242 72 0 19 0 135 241 64 42 219 5 255 255 207 255 255
    255 255 255 123 246 251 255 185 255 21 255 69 0 119 56 0 181 255 116
    0 219 61 0 255 133 0 176 11 247 3 117 132 0 117 0 255 0 248 150 75
    217 255 121 165 234 158 255 133 156 255 78 255 153 255 123 255 68
    255 0 134 116 13 53 184 182 103 253 0 147 235 0 0 255 109 84 255 0
    35 82 66 181 0 255 255 0 192 0 255 255 255 250 255 255 194 73 95 255
    255 160 198 236 253 255 149 251 249 27 26 38 138 255 255 62 136 0
    197 157 255 54 255 110 166 219 0 255 255 0 255 21 255 21 177 13 255
    221 73 247 82 171 68 85 246 135 0 193 0 30 0 0 0 104 0 205 111 255
    44 25 255 139 7 255 129 168 93 0 25 255 241 69 106 81 33 212 0 255 0
    0 0 0 182 23 0 74 178 255 230 188 13 243 238 255 255 255 1 241 255 0
    204 0 57 185 212 90 0 101 255 206 215 145 56 0 111 0 203 11 36 255
    84 95 15 53 196 185 0 87 152 255 139 208 0 105 145 255 0 0 228 132
    255 37 53 255 23 255 51 0 165 206 160 49 236 199 60 10 8 111 0 252
    255 184 94 35 166 0 255 118 255 0 255 230 88 248 56 0 255 157 212
    200 39 0 80 233 19 255 146 0 255 14 244 255 0 0 19 51 42 255 176 111
    0 51 6 238 117 157 186 255 255 210 255 61 210 194 73 255 46 0 179
    213 47 227 232 0 209 166 0 65 60 69 255 255 139 255 164 0 98 153 0
    143 26 148 0 107 0 140 255 75 27 55 96 0 0 149 255 199 203 0 35 15
    255 96 73 200 32 255 133 255 0 128 0 151 0 236 80 75 190 226 27 18
    52 146 255 132 203 70 0 0 58 120 255 255 100 255 120 76 73 64 16 0
    73 255 159 16 0 31 243 31 0 255 41 77 30 0 35 98 183 149 255 191 202
    212 255 0 164 15 187 0 255 19 255 239 255 123 91 87 255 0 60 141 0
    44 225 255 0 119 255 187 0 0 0 0 0 138 21 138 87 210 255 110 3 255
    212 255 61 128 79 116 255 13 54 44 192 0 235 110 12 0 255 255 202
    160 0 56 255 0 44 255 199 0 243 0 250 255 171 0 255 147 0 157 255
    225 223 171 117 0 161 37 255 183 81 59 0 17 255 111 0 255 0 0 255 0
    93 255 4 191 88 1 26 0 255 255 255 223 108 77 0 0 0 75 255 218 156 0
    233 101 0 249 172 46 166 201 138 255 255 162 0 61 208 0 0 239 0 0
    255 0 23 164 255 95 178 79 48 54 20 0 115 77 251 177 183 194 229 43
    133 85 79 127 22 0 58 193 0 255 8 250 0 255 0 128 37 255 0 0 144 8
    220 132 255 104 79 129 255 0 219 80 172 133 156 251 0 245 109 0 0 5
    202 52 194 48 146 255 159 164 255 115 1 128 255 204 62 144 117 183 0
    55 0 237 50 63 240 255 173 100 41 216 255 24 142 226 32 0 38 157 22
    0 255 40 0 62 208 32 120 51 30 133 255 254 170 32 33 244 55 0 200
    255 0 26 169 229 255 228 85 234 0 239 138 201 243 29 255 45 89 36 0
    110 235 0 45 0 255 247 0 5 255 0 255 0 243 176 102 155 166 209 74
    149 105 255 191 39 178 255 255 0 41 255 0 182 96 255 0 228 18 53 0
    180 207 64 255 0 234 0 80 255 255 255 0 255 104 81 156 60 0 255 20
    78 212 50 199 191 149 158 236 255 30 142 255 0 62 255 167 139 140
    255 255 255 0 233 124 0 255 226 192 223 255 255 255 0 0 10 43 78 219
    255 81 255 247 255 0 21 255 3 255 74 157 0 0 217 0 5 0 255 0 104 255
    211 255 23 255 242 63 205 74 255 255 204 102 3 155 255 218 213 176 0
    186 78 51 88 63 0 100 255 14 158 249 255 193 64 255 14 0 243 107 174
    80 0 255 187 0 246 254 227 113 173 99 154 154 63 9 0 255 255 22 0
    200 0 187 95 255 112 49 204 77 10 112 0 141 69 244 126 162 146 181 0
    255 255 102 222 30 162 159 255 240 14 255 225 227 47 0 227 0 255 192
    211 255 139 255 205 222 172 174 116 11 109 84 139 97 188 35 0 106 0
    91 0 234 61 0 0 95 205 215 188 154 0 255 181 255 184 0 255 0 110 212
    255 76 255 150 4 220 22 0 134 255 34 208 255 109 27 95 0 176 0 0 2
    171 191 90 225 249 73 55 255 139 255 19 255 240 255 0 92 23 0 0 53
    99 133 231 102 138 255 170 244 255 121 64 255 153 0 190 255 255 255
    51 253 197 213 0 0 252 0 255 255 0 255 180 214 30 255 0 0 255 111 43
    91 214 0 255 7 90 172 100 77 236 0 21 91 190 255 0 219 191 92 255 29
    0 252 237 255 0 142 220 180 15 36 66 0 156 0 0 147 28 150 0 11 225
    160 169 254 0 255 255 140 0 226 0 230 137 0 255 28 255 245 161 142
    176 255 215 9 132 147 243 46 105 255 79 255 166 248 0 9 11 255 138
    202 0 8 255 255 0 255 255 255 0 0 134 255 0 49 132 229 112 255 56 59
    3 0 126 26 255 209 2 149 167 0 245 181 7 255 221 117 0 231 255 0 172
    109 139 5 255 107 0 9 255 60 255 0 127 0 11 127 66 156 0 0 255 0 7
    255 10 255 161 226 255 43 224 187 235 144 145 172 255 0 0 86 111 91
    255 31 61 105 83 255 255 101 255 82 134 0 0 140 0 200 0 0 141 0 255
    0 139 29 9 253 131 251 50 107 255 255 145 137 183 104 255 255 0 108
    177 255 27 255 53 255 247 124 255 223 206 88 208 163 209 255 227 255
    0 216 217 0 255 255 0 47 0 227 0 23 106 196 206 106 0 53 192 255 18
    220 255 170 238 49 0 0 79 255 131 0 216 169 116 0 228 0 86 0 124 214
    208 105 225 156 133 0 121 255 103 17 236 207 32 179 255 0 177 46 253
    255 213 64 0 58 40 152 96 0 144 255 193 207 255 0 153 162 249 20 255
    251 0 201 0 255 50 230 110 255 0 255 185 255 41 255 214 0 24 147 139
    101 255 79 103 190 0 0 96 92 255 198 146 142 233 255 199 0 39 125
    170 170 142 151 230 156 162 255 168 176 239 165 255 222 0 224 143
    255 255 0 63 178 255 150 40 255 0 255 60 0 122 229 75 255 167 255
    189 27 139 112 162 107 0 115 40 255 174 0 255 0 255 32 12 99 178 35
    123 126 154 0 255 51 0 11 140 22 79 255 197 255 196 162 165 0 48 159
    199 183 106 0 255 66 255 186 118 29 78 0 199 0 255 24 0 200 202 178
    0 255 255 114 60 0 220 100 194 255 0 23 65 165 74 223 255 254 39 48
    255 246 170 46 100 0 65 76 62 154 255 22 7 255 157 174 78 231 123 0
    85 224 255 153 112 0 251 255 150 231 255 255 184 88 255 255 144 192
    0 0 217 45 255 20 254 0 232 255 63 79 32 217 62 72 203 76 231 255
    255 81 71 10 37 145 130 70 61 0 43 0 15 255 167 255 194 194 210 255
    255 0 255 217 189 0 252 104 11 0 215 255 0 165 255 255 19 255 29 210
    102 67 182 164 255 255 0 158 117 127 0 185 60 0 253 11 0 243 246 248
    255 216 59 53 17 53 166 255 125 0 92 9 0 0 88 108 37 11 157 35 149
    241 60 255 108 104 160 232 255 132 87 255 227 255 6 140 132 151 182
    80 125 0 124 235 255 0 246 255 0 0 255 241 170 99 0 134 104 206 0
    100 0 32 84 79 255 60 105 176 120 130 0 50 177 187 201 140 151 0 0
    255 110 0 17 0 255 0 83 224 255 255 44 0 133 163 255 44 203 44 245 0
    221 255 255 241 255 175 64 205 0 187 0 255 0 0 236 142 26 0 44 163 0
    229 255 139 147 148 255 99 255 255 54 104 245 31 44 255 252 4 23 109
    255 255 78 16 251 26 235 117 255 60 85 165 0 24 0 255 94 99 18 184
    202 0 15 216 255 46 243 255 244 116 65 235 154 239 0 187 0 0 255 0 0
    150 251 15 193 255 214 0 14 102 214 255 0 0 202 0 200 78 203 154 255
    90 30 0 140 143 78 189 0 172 201 0 0 73 255 206 235 110 54 197 0 170
    229 255 0 200 255 54 22 133 159 172 167 0 127 255 0 0 0 25 255 255
    107 0 255 101 124 31 186 0 102 145 183 255 215 197 134 0 255 218 47
    193 0 255 244 0 43 0 0 183 161 58 198 255 20 202 50 125 71 0 146 243
    183 0 0 22 115 223 0 212 124 41 201 243 237 15 77 212 0 97 255 24 0
    255 54 255 255 255 128 80 255 0 255 0 120 95 255 255 156 42 255 0
    133 255 102 255 255 255 67 0 156 84 65 141 0 255 0 37 62 251 182 255
    160 59 255 113 0 255 66 1 255 173 0 137 1 0 0 200 255 0 186 0 0 76
    95 220 94 193 203 255 255 60 115 121 230 162 14 200 146 95 0 0 202
    255 26 0 255 160 137 255 127 255 218 89 76 167 195 134 42 225 47 31
    43 0 255 0 45 0 225 255 188 0 189 143 255 89 138 253 255 194 188 255
    25 175 212 164 66 150 167 16 0 177 56 0 242 22 184 165 255 0 193 0
    81 255 100 112 156 222 179 0 73 255 150 66 135 77 89 40 255 109 255
    37 5 0 230 89 255 255 252 87 255 255 29 220 211 254 0 2 0 110 104
    255 0 242 255 115 196 0 157 255 244 63 162 240 246 64 155 124 0 0 0
    203 103 0 255 16 0 185 220 255 67 0 239 163 192 59 164 225 0 0 0 234
    0 0 196 28 226 24 254 246 88 138 248 113 255 0 0 32 0 83 66 126 67
    107 184 96 88 0 204 0 255 53 255 255 255 193 209 184 92 237 154 0 0
    129 0 191 0 111 0 255 255 255 112 111 0 25 141 236 74 32 0 2 138 255
    0 170 202 107 12 255 255 176 61 0 51 217 137 210 171 255 0 255 122
    51 111 0 26 0 0 201 0 255 3 33 255 255 244 117 18 152 156 120 212 0
    207 0 188 63 124 229 255 0 19 4 0 209 0 241 152 0 25 255 255 0 180
    106 0 199 47 39 114 112 255 144 162 15 188 255 0 255 169 0 0 77 154
    0 21 223 105 70 167 142 255 5 118 192 215 30 255 255 24 0 228 165
    118 53 0 52 0 255 212 4 242 31 67 224 166 0 77 6 0 255 45 0 172 180
    255 116 118 0 255 255 1 59 255 0 212 81 127 89 0 39 235 91 47 205
    112 255 0 211 40 0 19 117 71 155 255 255 0 152 202 93 0 118 250 85
    87 0 255 231 200 108 255 62 255 185 0 77 205 130 13 0 255 255 9 73
    104 238 255 119 0 151 71 63 149 81 0 0 144 0 70 166 0 212 255 0 255
    176 49 67 76 239 176 0 221 237 213 42 0 0 239 202 0 255 192 129 255
    208 196 0 101 144 15 129 201 255 224 0 234 255 177 255 71 118 255
    103 64 0 134 0 106 134 100 86 180 27 214 255 137 166 240 186 101 28
    255 255 0 0 125 0 116 0 0 255 0 255 216 255 255 255 0 0 49 148 252
    85 223 35 155 43 255 255 69 166 96 255 255 1 255 50 0 0 67 243 0 168
    152 234 255 0 68 157 175 0 173 236 18 75 0 143 230 0 40 97 0 0 0 85
    71 230 148 9 246 151 225 255 96 255 255 0 240 178 132 0 176 0 227 69
    244 213 255 0 75 0 87 141 98 41 238 255 243 204 41 0 237 79 62 229
    255 255 0 255 175 0 14 0 255 255 44 73 255 255 228 190 0 48 255 0 87
    0 255 224 8 128 226 101 255 155 36 135 0 255 77 188 0 58 115 0 4 255
    132 0 222 50 32 160 41 96 92 0 237 255 16 0 149 202 101 241 121 132
    255 150 90 199 196 211 159 255 23 83 255 0 144 71 0 106 188 80 255
    155 155 0 255 43 138 198 255 11 255 138 180 252 254 44 0 134 255 141
    252 0 0 0 0 188 222 19 255 245 197 255 255 185 255 195 43 255 191 81
    230 0 179 123 137 0 255 255 149 0 69 255 183 0 254 0 185 255 0 96
    207 26 39 142 245 27 255 39 0 255 0 255 100 255 100 114 0 199 0 0
    114 48 255 255 82 255 253 52 203 78 192 0 0 215 134 246 188 52 255
    56 66 7 255 0 177 40 255 193 0 198 0 255 110 208 89 0 255 0 0 3 128
    224 255 0 59 103 120 33 184 228 0 155 187 105 0 224 0 0 0 248 125 43
    16 5 156 72 255 169 103 0 146 255 153 199 255 255 44 40 134 96 31
    214 69 205 16 255 178 0 255 218 0 157 255 80 145 9 255 153 124 0 44
    185 116 0 99 255 0 0 60 0 115 210 255 147 0 154 0 0 223 187 0 255
    255 123 143 107 187 0 60 38 160 255 116 251 123 31 64 229 60 93 66 0
    154 255 0 38 86 132 244 231 158 255 131 255 255 255 241 255 0 0 254
    201 18 118 246 255 0 22 62 158 0 178 192 255 255 0 255 0 0 255 137
    168 255 255 212 130 255 228 237 255 55 93 99 0 59 130 7 140 45 0 14
    255 145 71 42 155 255 0 41 0 255 255 117 255 142 194 255 204 14 129
    180 150 0 0 50 83 81 178 27 91 255 255 111 255 136 14 152 255 21 14
    0 71 249 0 255 255 255 4 255 0 118 175 18 0 255 109 0 30 183 226 43
    91 0 203 192 205 255 0 121 22 255 255 0 33 255 152 210 222 54 201 0
    253 0 94 217 37 255 226 33 0 59 239 226 77 255 0 33 67 214 0 255 255
    120 255 248 191 0 0 0 255 255 0 45 194 235 110 255 92 30 71 255 255
    255 1 79 255 8 188 232 138 0 103 167 255 255 16 0 234 205 239 79 0
    255 255 255 215 0 61 179 28 0 255 0 81 0 189 187 0 126 25 64 255 255
    255 68 25 255 116 153 0 0 133 224 62 116 255 157 100 182 255 41 52
    161 0 255 0 198 177 192 174 201 255 160 15 223 0 7 117 224 138 84
    111 0 255 180 38 255 255 0 198 15 145 88 0 0 255 147 0 3 127 0 225
    18 24 255 106 0 216 85 0 70 187 255 178 139 94 42 35 146 0 0 0 110 4
    9 120 0 255 119 0 48 228 117 100 0 255 200 210 131 232 244 112 188
    255 0 238 255 12 16 202 25 255 82 238 222 198 128 0 0 145 209 189
    152 255 255 144 140 125 35 160 247 237 0 0 191 255 255 144 226 87
    147 30 173 59 198 3 91 197 255 19 169 0 255 66 24 255 0 255 50 233
    97 71 87 0 101 255 143 200 23 148 188 255 0 255 255 0 0 255 255 103
    255 59 0 255 195 255 255 255 255 142 0 255 49 255 175 0 94 33 113
    255 246 160 74 131 209 227 0 0 167 87 175 0 130 45 120 0 0 91 215
    119 255 203 143 39 255 116 206 72 0 60 122 255 193 133 64 177 255
    255 197 0 0 255 0 93 255 242 11 170 68 4 245 113 40 255 129 255 105
    0 61 47 255 118 255 0 255 255 145 0 0 117 179 255 0 216 95 0 243 253
    34 0 255 255 231 255 94 136 0 255 255 106 255 32 91 224 168 242 19
    255 77 0 0 255 255 110 3 222 255 60 165 146 4 216 138 38 201 254 255
    0 203 254 73 120 255 0 255 188 0 117 41 159 67 0 255 255 5 0 31 52 0
    16 255 255 115 0 20 0 143 255 11 121 91 255 0 0 255 0 79 245 0 0 239
    255 144 16 0 144 221 0 0 255 195 255 71 239 119 130 58 231 63 251 69
    0 234 232 63 255 0 255 189 145 177 62 0 116 0 22 42 255 226 131 12 0
    217 145 79 232 59 4 142 192 255 255 115 255 255 143 255 40 248 255
    15 222 224 109 0 43 131 146 4 82 155 23 132 255 255 255 0 255 0 44 0
    41 255 0 78 125 252 0 255 255 98 0 0 84 164 187 0 5 113 12 0 255 82
    0 26 253 0 162 0 224 103 0 62 35 23 213 36 178 94 253 255 0 0 145 0
    238 0 124 42 21 0 167 91 255 88 255 0 58 255 0 201 255 0 0 255 110
    161 255 72 213 106 50 255 88 162 255 141 180 130 255 176 202 0 150
    183 255 0 89 197 0 208 255 0 120 0 170 223 255 0 197 91 237 140 251
    213 182 205 255 32 0 186 222 22 174 187 0 128 249 255 170 21 0 255
    255 255 73 28 255 97 255 162 255 229 52 63 175 38 64 66 147 255 180
    158 39 255 255 181 163 255 255 227 255 255 0 68 42 200 255 87 150
    211 0 255 255 0 46 150 131 217 172 255 101 0 255 18 0 24 160 0 77
    206 236 136 198 160 0 255 0 0 255 169 255 0 245 15 82 5 219 34 241
    127 26 81 0 88 0 255 82 153 97 210 101 200 242 255 75 146 211 73 0
    255 0 223 50 0 255 48 206 193 90 212 208 255 111 128 144 138 0 162
    65 41 217 40 255 255 0 37 19 0 255 255 133 40 104 255 185 87 89 0 14
    0 185 212 255 255 93 53 136 72 255 138 76 17 252 60 0 255 255 218
    255 68 69 163 255 169 253 14 42 0 0 198 126 52 0 132 43 65 187 74
    255 255 117 203 255 0 224 0 255 144 10 106 255 116 65 255 255 188 0
    57 216 255 0 0 226 0 235 213 47 255 65 146 0 3 22 82 176 218 255 129
    5 148 162 182 255 232 19 202 175 31 255 39 255 40 0 40 75 156 127 16
    123 118 193 219 0 210 255 239 17 153 140 2 177 255 46 242 186 155 76
    179 131 0 154 224 189 185 119 178 0 0 255 255 255 133 130 217 120
    255 113 255 0 106 255 0 0 255 190 37 255 98 113 126 0 178 0 19 222
    124 121 255 51 77 0 248 0 125 175 121 66 0 0 205 100 204 236 218 104
    135 0 68 232 220 0 37 165 167 255 0 0 251 0 206 195 159 64 53 84 0
    126 255 146 209 0 43 249 106 255 192 106 8 255 255 0 71 134 255 255
    124 199 188 149 255 50 255 255 210 85 230 113 0 154 0 173 85 0 0 251
    42 35 137 121 163 109 0 76 133 0 139 0 0 229 255 90 175 242 178 23
    61 48 248 61 255 0 204 255 145 250 173 129 93 27 17 169 48 255 80
    190 4 255 255 161 100 255 218 98 0 0 72 0 111 129 255 248 255 241
    180 227 0 255 147 110 255 3 129 211 182 112 237 0 84 49 0 25 72 147
    255 0 172 85 255 108 192 0 152 14 50 75 209 170 101 70 207 243 255
    255 2 209 11 5 102 255 215 253 82 205 226 158 126 0 95 0 58 186 0
    255 255 221 147 22 255 0 0 120 210 255 255 45 222 83 255 25 116 227
    0 205 0 236 81 98 214 27 0 143 194 157 70 112 74 156 159 255 255 0
    40 207 91 30 78 182 255 70 227 81 221 179 175 143 255 41 158 218 255
    0 119 44 96 255 13 151 255 31 0 101 105 126 255 255 119 114 85 242
    67 255 116 27 164 255 78 35 255 0 0 255 0 255 254 136 177 59 246 62
    5 25 0 255 248 92 255 0 215 255 12 255 0 206 213 204 230 189 64 123
    0 255 84 47 255 231 64 6 255 200 19 102 64 0 63 247 0 255 23 168 37
    243 255 52 0 0 0 190 255 0 19 123 180 26 0 236 0 0 44 95 16 255 255
    67 63 132 0 0 255 255 0 110 0 178 62 143 209 103 0 72 255 146 255
    255 72 255 0 220 137 146 255 168 19 238 218 194 255 22 166 29 79 255
    225 151 142 146 255 149 0 158 73 0 255 243 115 230 255 145 255 0 125
    167 247 18 16 255 24 95 43 119 255 75 140 43 178 28 201 219 231 0 83
    241 62 0 210 162 219 169 87 168 44 238 113 0 22 255 84 40 222 0 236
    0 139 159 255 255 255 137 169 91 85 0 112 216 170 255 255 0 255 40 0
    179 255 83 0 0 255 78 255 255 255 200 0 0 0 53 249 17 255 255 155 39
    255 0 32 0 203 255 255 93 173 0 255 184 90 255 0 0 167 255 197 222
    70 0 80 0 0 232 203 150 255 15 22 0 224 27 133 221 255 124 0 129 144
    255 75 123 68 141 198 255 255 8 255 255 255 122 255 255 0 79 183 0 0
    255 255 0 0 0 255 19 0 172 255 0 0 249 255 157 38 28 60 0 0 255 203
    255 232 225 0 128 113 0 255 73 126 255 255 33 192 0 145 14 60 255 85
    0 86 0 74 95 0 169 0 132 181 227 170 0 177 255 84 255 190 100 174 9
    49 0 138 138 197 255 65 110 0 163 97 212 0 44 255 203 200 179 229
    255 155 176 244 118 118 119 174 40 255 0 130 12 242 0 218 58 236 0
    123 192 76 99 132 0 0 255 106 27 231 25 255 41 255 47 148 0 255 255
    0 255 149 67 0 0 200 110 0 255 8 255 138 85 7 122 237 199 217 0 18
    255 255 255 255 217 0 6 110 0 106 226 255 39 255 231 255 0 0 244 168
    134 0 255 181 255 188 255 225 173 56 246 159 0 248 66 195 0 194 51
    255 0 0 255 122 67 59 0 0 103 255 255 237 255 7 216 0 225 179 0 155
    57 25 255 101 182 116 0 255 0 6 132 126 255 255 24 15 255 255 0 30
    126 97 23 0 51 191 20 0 0 130 255 16 255 84 255 197 187 255 255 255
    97 238 240 74 173 0 0 57 217 102 232 0 255 132 99 243 255 136 41 58
    255 36 173 255 201 79 255 100 0 214 35 41 180 255 0 255 255 0 0 81
    97 0 7 186 224 0 0 118 0 255 0 68 255 188 0 7 88 169 0 199 0 255 96
    255 0 255 198 255 255 20 213 255 180 128 253 0 255 216 126 255 255
    187 255 17 55 124 255 74 144 0 68 0 0 135 135 72 0 125 27 158 0 110
    112 239 0 0 255 0 0 40 0 98 2 3 0 255 0 90 255 170 255 42 0 151 222
    148 208 244 159 152 128 0 70 121 100 0 11 0 189 130 251 237 255 172
    7 0 0 255 0 142 255 181 138 139 140 0 57 141 187 255 146 160 0 68
    255 82 105 0 193 255 150 0 0 109 150 0 202 255 0 39 176 255 0 71 255
    0 103 69 0 5 255 0 255 117 0 34 106 107 0 191 36 100 199 81 255 0 0
    208 0 21 214 142 21 0 255 255 121 255 92 255 176 255 186 82 255 0 0
    244 42 246 255 0 217 0 229 255 0 51 31 255 144 198 141 255 255 154
    181 124 181 158 0 0 0 28 238 17 241 255 131 84 0 159 137 255 255 0
    110 255 0 67 0 255 0 246 0 37 222 0 0 0 0 142 217 88 228 188 255 255
    26 207 158 189 0 0 255 54 55 255 0 116 0 103 113 200 104 104 23 255
    105 255 40 255 216 6 0 75 0 141 246 223 255 181 255 211 255 78 233
    149 0 255 42 0 255 109 255 0 0 170 67 104 202 123 195 255 86 244 255
    187 13 0 16 0 145 151 119 200 0 20 145 150 0 255 26 255 255 0 234 0
    118 142 255 255 67 91 160 119 253 0 32 74 15 0 125 127 177 144 188
    63 0 81 76 136 235 111 237 239 88 255 185 4 255 0 28 174 38 95 63 20
    226 86 0 115 200 199 132 0 123 49 243 0 114 165 160 234 0 36 251 8 0
    216 0 0 51 69 0 123 255 207 246 227 255 35 0 203 115 159 231 180 0 9
    0 0 255 232 0 18 27 222 233 0 0 255 139 206 0 255 0 0 21 95 0 0 255
    1 1 125 255 255 0 255 117 35 217 102 223 203 85 255 58 255 168 63
    255 0 211 21 0 0 0 0 254 0 54 17 0 255 121 73 221 114 44 217 90 189
    94 0 0 255 0 86 17 216 0 0 143 246 0 115 1 46 0 255 48 0 233 255 249
    203 157 13 255 217 40 84 0 0 255 78 205 220 255 0 255 52 255 255 0
    57 0 211 98 27 117 245 0 92 209 0 255 255 0 87 40 0 62 255 105 0 179
    0 215 243 209 105 255 9 113 186 166 33 0 126 239 102 255 180 60 255
    190 213 255 1 0 255 255 255 0 239 247 224 54 30 146 72 54 0 22 252 0
    186 43 197 0 255 150 0 189 73 0 170 255 194 30 226 255 217 132 255
    255 97 0 218 255 195 17 66 0 163 135 150 255 245 234 179 0 255 190
    10 0 255 163 104 148 255 102 62 236 0 0 213 0 225 0 144 167 64 31 79
    169 0 255 233 9 0 83 255 101 32 239 140 255 255 114 99 185 74 193
    165 49 0 0 81 255 0 161 140 255 255 194 255 95 0 40 19 227 0 101 102
    90 255 0 255 0 255 149 255 255 63 255 0 0 255 0 219 13 255 220 0 122
    255 179 117 255 27 80 255 255 252 15 160 0 12 132 231 255 255 0 49 0
    140 0 200 255 22 46 0 73 255 179 248 0 0 255 0 219 0 0 49 0 0 14 255
    255 166 255 229 0 111 92 97 56 75 0 21 80 165 171 124 194 255 185 19
    0 48 123 255 0 135 233 255 92 12 255 255 75 245 109 18 33 160 225 60
    39 150 255 255 128 255 248 164 191 166 0 252 20 70 38 171 255 99 198
    167 17 68 0 99 216 255 50 84 255 0 74 0 3 48 94 99 78 127 255 52 0
    137 43 238 255 205 209 142 174 70 0 230 0 255 155 201 161 89 0 51 56
    244 119 255 255 129 0 0 255 88 255 98 161 255 255 95 255 41 127 255
    255 131 30 255 78 223 182 255 165 61 10 0 0 255 136 0 10 151 178 0
    23 34 167 255 41 89 105 209 243 9 192 0 145 0 123 13 62 0 255 254
    255 0 33 255 178 255 255 255 51 255 255 46 0 97 0 159 255 246 147 53
    103 218 255 17 82 211 137 189 255 137 45 97 102 255 65 71 91 155 182
    237 236 255 0 0 150 0 157 255 79 209 116 253 37 251 245 186 10 143
    200 255 0 15 211 10 0 131 226 146 255 136 106 243 149 255 0 250 79
    38 150 113 0 223 131 172 48 0 81 251 128 6 0 1 183 0 0 31 104 255 23
    216 76 66 0 24 0 0 175 255 255 0 187 67 244 239 255 255 66 252 1 0
    93 255 222 73 42 30 0 193 0 0 6 255 58 106 255 0 255 255 228 255 0
    104 53 15 216 255 124 255 33 160 30 132 244 175 216 255 146 193 0 62
    255 232 229 255 0 255 247 255 0 255 223 118 175 251 50 255 0 255 54
    0 0 0 22 255 255 255 214 121 0 9 255 116 112 201 249 255 80 255 0
    200 73 58 0 107 227 86 127 127 255 58 59 124 39 15 198 241 44 28 252
    135 100 36 221 255 0 189 0 117 167 187 153 191 239 255 85 84 110 0
    66 255 199 33 104 255 231 0 84 12 167 51 247 0 155 173 57 107 134
    195 255 33 13 173 255 213 0 88 0 237 60 178 140 217 202 91 0 0 100
    161 7 88 44 198 98 37 33 2 0 215 59 255 0 178 135 171 66 255 46 0
    255 25 202 0 186 233 178 219 145 82 214 255 21 255 75 235 165 0 0
    212 92 219 27 215 118 0 5 0 41 105 255 255 85 224 82 87 0 49 160 205
    247 39 203 126 64 102 192 0 255 255 224 255 113 133 180 243 0 29 213
    236 242 75 255 230 255 253 74 51 78 255 19 0 154 49 255 0 0 0 47 255
    38 199 172 245 0 240 136 51 124 124 21 252 0 112 196 0 255 125 84
    255 255 255 101 58 184 40 206 174 104 144 255 234 16 0 111 75 45 172
    77 112 78 255 160 17 136 255 67 0 174 0 12 0 253 99 255 62 255 66 26
    255 255 123 49 255 255 0 169 255 0 171 255 56 66 173 86 188 44 47 82
    255 255 0 183 158 166 17 146 181 0 156 108 34 62 118 214 126 63 231
    13 57 0 46 220 213 0 116 99 186 6 52 115 255 0 115 11 232 230 229 0
    244 122 117 157 45 238 0 119 92 255 139 0 171 27 144 255 0 180 0 0
    176 255 116 255 0 118 255 0 8 0 180 255 0 98 90 163 255 104 0 38 255
    232 0 0 65 0 202 157 255 60 255 218 207 239 125 244 255 0 216 114 0
    182 138 0 255 241 255 55 0 194 255 0 175 116 215 255 225 162 0 0 167
    255 62 9 97 0 0 188 134 0 179 0 109 81 1 167 135 209 111 0 25 19 244
    118 236 164 108 189 84 141 80 0 239 251 0 61 152 108 255 255 76 255
    242 24 255 225 89 201 25 0 195 255 113 0 243 255 0 36 23 65 82 102
    137 0 63 204 130 0 122 255 0 255 247 99 115 255 116 181 166 70 64 35
    0 0 249 255 54 14 255 0 177 42 192 212 148 0 180 0 238 54 89 0 246
    58 0 36 252 93 199 255 34 231 163 255 173 0 87 255 122 191 241 54
    133 49 153 7 170 255 199 30 63 106 0 42 102 73 179 0 255 63 255 0 0
    39 78 119 13 255 93 255 138 130 21 0 255 129 16 0 6 26 0 0 0 255 93
    255 57 200 161 136 0 75 137 115 179 1 34 139 160 0 0 79 14 145 113
    11 255 107 104 24 255 21 0 235 186 0 255 133 166 202 204 255 255 255
    74 105 92 135 176 94 7 255 251 239 233 255 164 255 255 187 255 0 255
    222 0 249 0 255 0 0 229 49 0 9 0 140 255 16 118 0 118 179 255 0 151
    255 255 255 255 180 241 0 255 124 0 72 88 0 105 255 224 91 205 0 255
    0 255 255 84 64 62 0 0 255 255 48 0 255 0 255 224 246 74 164 255 255
    7 8 36 197 240 174 95 143 70 0 115 75 74 70 151 0 71 255 28 193 125
    255 255 9 192 255 151 81 255 30 16 126 13 255 79 255 21 83 17 53 8
    255 180 88 255 0 0 0 167 111 0 169 168 176 0 231 57 193 126 206 48
    149 255 64 255 38 124 109 134 0 56 255 51 112 203 136 217 0 255 20
    85 239 195 2 196 148 107 255 0 34 255 108 255 0 47 255 0 198 0 104
    118 255 255 0 85 255 120 255 92 72 189 0 193 102 92 48 147 66 0 0
    241 255 0 85 164 248 174 0 48 0 146 172 0 255 64 111 39 86 255 68 0
    80 0 0 197 255 235 99 47 162 144 32 72 250 183 223 164 189 50 0 255
    148 214 222 194 255 0 207 255 217 255 255 164 255 97 147 254 0 255
    54 240 220 255 0 255 84 255 123 255 255 47 0 123 0 220 5 138 161 107
    91 255 175 75 0 255 137 0 76 159 0 139 154 0 223 130 255 65 0 255
    255 0 192 255 6 155 255 0 255 191 255 0 0 255 221 208 255 25 63 51
    89 0 22 255 255 254 135 170 255 123 0 239 59 96 93 229 255 198 0 216
    231 184 226 255 244 255 158 222 0 0 53 63 4 255 0 216 60 255 0 152
    234 13 255 153 0 180 227 167 68 184 217 166 9 255 0 0 233 0 255 126
    17 109 251 35 0 141 50 222 176 156 109 110 213 60 148 0 21 0 0 255
    10 18 255 148 255 255 168 17 0 80 204 0 26 91 0 0 215 199 103 54 231
    88 93 166 77 255 146 169 176 11 101 0 255 0 129 146 82 220 243 164
    42 246 255 255 111 0 146 114 0 187 141 0 0 0 0 0 14 0 94 255 132 234
    108 29 63 255 54 255 255 255 78 0 0 48 108 255 255 255 133 160 78
    215 255 83 207 255 0 255 223 163 0 210 255 42 240 72 222 1 255 189
    211 154 0 178 49 255 73 255 215 31 255 243 222 255 60 200 249 246
    209 170 255 193 242 88 240 255 0 172 0 83 43 255 142 84 224 219 255
    231 109 255 0 0 112 118 0 11 227 255 61 15 223 0 0 2 34 79 255 255
    255 23 58 0 255 0 87 14 128 255 255 41 152 151 218 255 225 0 112 183
    96 74 178 199 155 205 202 34 161 148 255 24 255 24 0 0 0 119 255 0
    223 101 163 141 97 27 255 172 0 152 13 245 169 213 255 113 255 2 137
    81 11 0 85 25 228 153 125 199 0 42 150 94 136 58 80 0 40 126 1 79 51
    5 0 107 24 222 62 251 219 97 8 83 70 100 201 164 185 208 150 209 132
    0 149 174 65 82 23 53 126 198 255 183 236 210 255 42 0 0 255 55 148
    122 255 0 176 55 100 152 255 3 210 163 255 255 191 0 255 143 255 255
    0 0 0 7 224 163 0 5 178 64 219 170 73 40 152 25 33 0 82 201 255 169
    255 45 138 255 0 255 49 0 70 0 255 255 184 128 255 176 0 255 255 56
    227 255 233 255 145 255 255 0 255 139 168 210 255 159 0 78 67 229 50
    255 171 107 249 50 161 0 9 18 156 0 243 209 33 208 220 0 75 0 142
    196 0 30 255 6 168 47 181 0 255 8 255 0 173 202 229 255 150 49 24 82
    73 69 255 255 255 47 0 170 208 245 24 83 10 229 179 157 5 46 187 186
    0 0 255 0 210 176 178 59 0 0 210 106 255 120 0 0 247 186 0 138 120
    21 234 255 255 107 7 255 255 115 179 72 0 51 0 225 171 0 239 223 180
    201 252 0 198 255 0 20 132 47 255 144 159 0 111 55 208 164 0 170 255
    187 219 255 221 5 218 255 0 19 226 170 103 255 168 0 213 255 0 84
    227 154 255 61 89 14 0 203 186 109 255 255 173 43 97 255 35 17 0 190
    118 207 126 130 17 162 0 194 66 133 160 192 55 41 96 97 101 255 61
    255 255 255 113 7 47 121 255 0 0 255 0 0 250 189 196 255 251 131 81
    117 0 59 85 126 120 86 251 244 0 255 255 56 192 255 203 42 0 255 109
    180 242 14 240 71 252 140 0 255 0 220 3 82 68 255 254 196 0 93 0 131
    255 0 0 12 0 0 0 0 0 0 155 255 132 255 89 0 255 0 230 232 86 89 88 0
    174 0 0 37 100 158 137 0 0 125 253 8 77 183 129 0 92 255 25 255 0
    158 96 0 159 250 255 49 142 147 255 0 240 39 69 0 255 0 40 0 240 0
    242 255 31 25 165 255 51 36 59 0 255 0 228 98 86 38 171 201 59 140
    28 0 158 165 255 99 252 31 0 255 68 255 84 228 90 100 210 255 97 187
    30 217 237 156 0 255 47 110 0 24 113 255 211 154 110 255 228 7 210
    255 0 209 59 29 19 0 11 207 192 187 129 255 60 142 68 230 72 130 186
    232 30 0 42 188 255 90 40 255 255 255 182 0 191 78 147 210 155 60
    134 1 255 255 255 6 191 255 102 255 209 201 150 248 255 65 200 2 115
    123 147 255 255 130 248 194 195 23 0 255 106 103 24 0 0 52 222 222
    169 48 134 16 0 255 24 1 255 182 103 16 171 0 41 255 0 135 0 0 248
    72 0 0 255 168 250 116 102 248 34 0 0 116 37 0 0 0 0 255 57 0 255
    206 162 255 0 156 255 106 230 255 255 220 224 73 73 191 42 60 249 0
    197 255 0 124 110 255 0 0 133 255 245 0 215 255 43 50 0 152 65 222
    217 67 25 0 46 249 241 149 54 0 126 81 255 115 250 0 48 31 32 179 0
    255 25 93 0 79 255 29 166 230 207 255 253 111 255 255 212 63 139 241
    95 112 244 255 240 239 162 0 142 255 125 255 97 255 255 0 73 168 149
    0 255 6 152 184 219 29 0 255 246 88 124 0 255 0 0 87 118 255 69 255
    205 42 31 227 219 12 0 25 0 255 159 91 255 255 241 21 53 19 218 139
    146 2 117 51 22 193 21 132 225 168 194 255 0 153 79 252 0 255 255 46
    71 0 0 185 0 250 0 255 105 198 255 29 188 14 156 163 180 40 255 0
    255 129 0 200 67 255 188 255 211 2 224 207 181 255 0 255 255 0 202 0
    0 0 118 72 187 0 255 28 0 209 255 199 195 77 1 203 0 0 2 239 19 102
    0 241 155 0 179 152 175 138 137 143 255 100 0 240 157 0 23 172 104
    144 165 255 22 255 220 101 48 29 200 255 0 0 179 54 24 169 212 20 0
    36 179 255 179 197 212 228 195 255 141 105 242 0 0 66 3 179 255 146
    184 92 255 255 139 93 255 172 32 0 150 0 255 255 187 239 0 119 0 20
    56 49 100 47 0 0 53 0 66 168 255 99 57 140 0 188 164 187 16 255 107
    95 255 183 178 34 0 226 0 0 42 173 2 202 108 77 0 255 243 0 0 0 195
    149 80 140 66 155 4 255 0 144 80 0 242 252 150 32 255 149 113 0 113
    37 0 255 0 12 51 0 255 255 255 143 255 212 6 0 12 255 94 255 74 39
    255 0 10 119 61 203 157 245 241 243 148 179 20 48 134 255 162 3 176
    0 163 255 243 174 20 255 4 0 212 0 122 240 231 75 89 255 200 165 0
    255 142 145 0 99 198 0 255 22 59 255 0 85 223 0 255 148 236 47 24
    183 0 0 14 160 91 90 0 255 0 133 255 83 131 0 255 0 0 36 0 255 3 111
    206 255 0 255 224 211 29 255 64 87 80 0 255 63 86 6 179 87 0 22 50
    174 144 193 225 0 101 0 56 111 36 196 0 255 222 188 255 0 0 255 82
    70 176 0 0 144 216 255 22 255 235 0 245 185 58 3 70 255 113 106 198
    248 0 0 182 27 255 81 147 26 195 213 70 214 99 214 50 249 0 149 52 0
    156 0 239 231 209 255 159 214 255 255 255 255 32 216 255 144 158 87
    47 255 255 255 50 0 246 173 255 255 255 255 0 152 163 89 255 142 255
    0 255 255 0 81 80 233 255 0 255 141 38 161 98 228 30 113 182 188 27
    209 219 97 231 0 0 255 255 209 255 192 0 90 54 255 193 255 87 255
    255 186 107 28 26 152 84 1 54 0 91 31 0 100 0 0 158 255 0 70 45 255
    176 210 191 255 65 25 239 92 203 244 101 55 143 37 75 36 118 160 28
    121 0 0 234 71 133 255 235 0 10 35 0 111 248 107 0 11 84 225 122 55
    23 0 230 0 255 8 13 0 224 44 0 0 244 255 243 251 221 20 203 72 239 0
    255 255 193 64 111 255 23 171 232 112 161 8 108 211 0 0 255 99 208
    35 0 11 27 58 153 71 70 235 244 111 75 15 113 255 81 99 75 183 255
    75 203 180 87 129 191 255 255 235 202 19 255 99 0 255 0 190 133 0
    172 255 8 66 80 184 84 77 209 37 0 255 0 179 255 228 165 42 237 255
    227 158 255 52 132 152 142 0 0 59 0 224 255 58 255 60 198 223 92 255
    30 38 255 53 0 0 161 255 79 8 0 255 4 255 209 126 0 0 147 145 0 0
    158 239 198 71 212 35 102 255 0 136 161 255 27 9 255 255 84 243 146
    47 176 65 255 255 21 255 115 203 0 0 136 0 0 0 31 66 255 0 0 216 0 0
    246 0 255 155 35 93 0 36 16 0 55 148 0 97 255 0 186 255 107 0 170
    198 23 46 0 255 124 137 248 251 0 0 158 28 204 0 0 0 0 255 206 144
    255 92 255 198 255 238 17 79 156 189 132 25 100 245 255 133 255 0
    181 0 255 255 170 117 129 109 255 255 23 177 0 114 22 43 255 39 255
    124 40 200 130 117 0 90 0 0 147 255 150 61 71 50 236 91 121 255 255
    186 255 170 185 142 0 17 233 170 0 45 35 143 168 92 255 85 53 255 0
    58 144 78 115 0 222 223 170 20 164 194 125 0 255 249 255 0 0 155 0
    82 255 255 168 255 255 3 78 106 0 0 44 101 190 255 23 134 202 255
    170 73 141 255 73 72 153 98 255 153 91 72 0 0 67 225 46 56 119 238
    185 74 161 136 28 255 31 181 40 255 0 0 189 0 255 93 255 173 175 18
    19 255 167 51 255 0 0 0 146 165 17 0 255 0 242 22 171 255 236 0 67
    255 54 255 226 38 80 108 0 255 40 255 255 255 160 233 0 0 41 146 122
    149 149 233 255 187 146 22 132 191 115 255 206 32 0 177 0 141 255
    190 100 255 221 174 0 255 66 216 90 255 137 255 0 141 0 164 116 0
    112 0 216 0 221 21 227 64 209 255 221 65 255 63 255 146 206 108 53 0
    0 255 0 117 12 159 205 79 234 67 121 28 0 25 0 0 0 190 0 0 0 255 0
    255 0 78 178 203 0 208 226 0 255 239 39 85 255 99 0 255 241 117 0 65
    255 0 13 255 239 0 118 238 79 255 0 0 178 0 28 255 255 0 206 255 0
    43 210 249 197 108 255 255 0 22 255 234 0 0 98 90 83 46 118 0 255
    119 255 13 82 0 255 53 195 234 255 132 157 255 209 64 167 210 255
    119 0 109 137 0 158 79 209 0 255 98 255 89 173 80 255 0 28 0 188 255
    136 87 130 0 0 255 195 82 70 255 245 24 248 16 250 255 54 255 167 0
    222 49 255 0 255 127 183 254 78 255 205 124 33 66 255 25 30 139 45 0
    0 234 151 29 40 204 52 145 255 208 126 0 186 133 0 0 0 193 255 11
    240 175 181 244 170 243 178 132 0 255 216 96 218 0 255 0 59 222 209
    249 87 155 22 0 70 219 134 124 188 115 122 254 255 0 0 0 0 51 255
    196 0 134 111 255 0 0 245 0 0 4 93 241 255 87 130 7 43 59 0 164 79
    119 2 255 59 178 255 0 5 224 0 130 121 114 11 233 163 255 0 156 0
    172 206 149 0 0 0 100 255 3 28 255 0 114 255 152 59 1 118 199 0 172
    255 33 255 255 79 125 42 125 0 0 184 0 214 225 32 255 61 98 35 0 53
    16 163 0 0 156 255 69 232 0 0 32 0 185 255 228 224 23 201 255 255
    255 39 0 255 0 223 255 125 187 52 78 255 45 125 255 255 183 255 75 0
    139 0 120 192 0 255 145 197 137 255 190 12 255 125 215 116 255 255
    207 0 255 24 242 243 207 7 0 6 38 0 255 255 171 0 255 0 200 115 255
    255 16 155 0 224 166 141 0 0 236 49 187 255 39 124 19 62 255 167 217
    0 52 47 243 126 0 0 29 161 0 0 0 255 0 211 162 92 102 35 0 255 156
    163 246 249 136 135 123 0 92 0 222 0 115 181 127 0 148 76 75 104 17
    45 158 242 255 255 120 21 0 255 84 117 198 255 0 236 0 0 90 255 80
    209 255 0 20 255 192 6 126 255 141 129 230 106 0 80 190 255 99 0 26
    107 196 255 148 88 212 61 255 255 75 188 255 255 176 17 222 0 255 3
    255 255 255 187 101 124 234 238 0 21 186 28 47 166 73 235 255 252 82
    255 0 175 255 190 173 238 0 235 107 231 255 167 230 0 255 109 240 0
    255 86 255 255 0 234 97 0 74 124 254 195 17 173 5 255 255 187 255
    250 204 218 255 232 255 229 77 0 255 0 181 0 0 24 0 0 0 255 9 24 255
    119 167 118 172 255 0 255 153 255 144 255 255 219 35 94 225 0 0 255
    38 77 242 87 85 255 10 124 75 57 0 117 86 172 255 219 134 0 143 129
    152 255 0 18 0 0 91 106 197 0 63 142 181 77 0 255 73 0 172 255 0 5
    37 217 187 47 127 134 61 9 237 0 255 59 0 255 65 82 255 168 255 115
    144 255 157 81 131 70 255 216 0 56 255 29 255 90 0 31 0 255 0 117
    255 0 141 255 0 0 251 0 0 52 255 39 214 98 85 169 54 170 72 85 45 5
    7 141 255 255 255 255 228 226 132 91 255 255 200 114 173 3 157 117
    136 255 84 0 184 0 216 57 70 255 0 42 160 0 33 245 72 255 28 0 255
    254 255 255 209 113 0 255 134 0 104 35 66 240 0 36 0 0 206 74 212
    255 0 195 67 223 255 10 36 232 175 15 255 202 149 1 229 235 255 239
    255 130 161 22 94 173 164 225 240 66 129 255 255 224 108 242 255 255
    56 7 111 0 46 255 163 0 0 255 0 173 215 78 80 201 229 20 210 0 0 225
    128 11 255 255 255 217 200 189 0 0 0 0 193 197 255 255 32 166 18 73
    50 0 0 167 28 141 255 233 0 165 80 211 144 173 83 37 255 255 52 25
    192 242 182 0 49 248 241 224 227 150 162 0 13 0 103 182 0 234 0 255
    255 103 0 162 0 250 43 189 0 135 255 102 120 128 125 255 0 164 119
    231 194 181 255 0 147 255 0 188 167 184 227 255 80 193 255 255 174 5
    14 255 16 192 0 255 41 187 215 0 197 127 145 78 200 193 255 255 181
    0 61 255 0 50 255 54 237 255 212 203 6 205 25 179 0 142 2 40 0 171
    187 0 205 0 49 48 0 80 15 255 138 255 0 255 138 134 187 5 255 181 34
    0 0 255 0 74 200 19 18 0 51 46 91 255 114 113 255 255 255 196 142
    198 243 192 226 29 146 6 218 179 91 255 255 208 233 255 194 109 77
    80 0 68 255 0 200 0 0 235 255 52 255 59 247 0 84 0 228 255 169 0 221
    185 13 255 0 255 255 17 43 51 23 255 0 105 255 191 88 43 114 142 144
    148 86 172 238 7 235 198 68 189 0 51 41 255 250 187 186 183 255 19
    164 149 99 241 186 133 255 255 91 110 163 0 60 6 24 0 173 171 255
    255 142 255 149 0 255 255 0 156 42 0 204 255 255 129 255 8 41 138 14
    169 8 11 140 0 21 0 114 0 255 195 57 204 165 180 112 0 89 0 19 0 255
    135 180 255 104 255 255 172 123 245 0 255 255 196 253 0 150 255 165
    141 50 92 236 4 58 168 0 255 204 0 255 146 0 33 84 0 255 205 153 227
    0 174 119 0 225 0 211 50 85 187 62 255 230 255 171 244 255 243 67 67
    170 0 111 93 218 231 0 197 0 34 138 255 255 0 37 70 75 188 50 204 0
    176 180 241 0 255 125 221 86 206 243 222 187 127 114 255 109 0 158
    38 198 125 255 151 0 89 255 93 0 83 249 69 255 255 158 166 153 255 0
    166 120 35 201 182 0 225 0 255 254 201 197 168 255 255 0 0 158 227 0
    157 255 0 0 143 4 255 8 255 255 100 0 107 154 70 255 255 0 12 105 33
    11 0 255 255 50 42 36 0 32 255 179 0 255 124 59 206 160 177 83 255
    160 0 80 125 122 255 254 225 93 246 0 70 255 35 255 255 255 0 255 83
    52 0 255 44 121 20 59 0 0 156 107 167 60 21 75 208 44 4 37 5 255 170
    203 200 95 233 239 0 239 213 160 255 99 92 0 206 255 189 255 255 255
    225 0 119 247 12 75 70 255 249 107 240 255 188 183 255 37 182 218 0
    255 227 204 255 130 255 14 101 250 132 178 0 152 66 255 33 238 71
    196 255 234 16 255 138 0 173 100 82 255 255 255 225 167 0 22 223 0
    174 255 201 0 0 0 0 31 201 111 229 0 78 8 255 148 45 249 37 202 232
    164 0 255 28 42 251 255 129 110 0 108 0 0 0 164 255 241 243 4 0 186
    0 255 205 0 57 0 67 164 0 30 208 88 247 72 77 136 87 147 188 166 255
    24 255 62 201 57 0 68 0 152 6 145 33 150 255 255 191 96 4 163 196 42
    221 255 15 0 190 150 95 0 240 124 0 27 0 241 255 255 148 111 112 156
    255 255 117 151 70 255 255 0 255 47 129 210 129 0 255 42 28 177 0
    113 191 0 255 0 0 212 255 190 255 255 52 255 22 240 0 0 246 255 33
    255 255 255 10 113 164 197 0 42 0 255 239 255 130 152 255 78 255 141
    82 155 50 10 0 0 134 237 63 151 255 0 55 182 104 136 0 85 255 210 88
    227 227 134 181 92 0 122 255 246 132 214 225 0 233 215 255 255 134
    151 177 0 173 255 214 255 20 30 3 132 0 0 0 0 244 15 43 135 91 105
    145 45 155 209 38 255 136 253 255 178 0 0 222 255 255 0 255 227 243
    151 0 255 242 204 0 165 23 0 0 0 229 0 253 216 108 0 255 196 255 0
    24 225 0 252 63 50 0 255 0 57 0 145 255 255 124 31 219 0 138 128 0
    255 62 78 255 255 100 122 16 184 0 255 126 226 93 0 83 201 195 72
    255 227 240 162 4 9 132 52 172 168 0 0 255 31 27 60 50 0 225 35 107
    173 17 180 48 17 255 169 158 220 162 162 69 255 170 198 7 255 69 0
    100 200 0 19 45 72 0 69 0 0 40 0 40 18 0 225 9 255 255 113 99 112
    193 149 255 255 242 239 0 255 134 79 48 132 28 182 172 0 0 213 9 124
    255 139 60 0 161 53 17 176 0 0 255 37 49 106 150 134 212 255 255 160
    28 245 0 255 105 255 90 244 117 159 252 255 108 143 104 255 0 6 174
    70 50 161 0 90 147 109 0 34 253 0 116 255 255 204 0 0 20 0 226 186
    255 105 108 222 255 201 65 255 77 150 203 18 219 236 240 255 255 197
    55 187 141 76 1 0 0 161 37 0 240 85 204 60 0 255 17 222 109 0 0 220
    31 115 156 130 255 255 0 29 134 246 23 0 0 255 0 82 156 0 93 77 62
    66 248 11 56 255 117 0 26 0 29 0 167 203 0 80 0 138 159 206 45 81 0
    0 121 146 21 62 255 64 38 191 61 0 128 40 0 26 255 102 0 255 163 219
    187 255 252 0 12 0 255 110 0 189 255 170 0 255 228 0 142 69 255 174
    30 102 24 0 0 0 22 211 106 121 0 166 180 190 153 0 255 255 0 255 255
    42 244 238 108 0 47 65 58 255 182 0 186 232 255 252 0 0 0 40 255 255
    0 255 125 0 135 255 56 240 236 255 0 232 204 148 255 103 0 18 0 63
    165 142 0 0 255 255 245 221 0 158 175 225 130 255 223 56 83 188 148
    0 105 106 12 0 255 255 74 64 69 122 123 255 0 255 0 24 255 235 70 0
    76 194 255 214 255 0 0 192 230 135 0 255 152 81 34 255 24 255 34 119
    255 0 179 61 229 0 226 139 86 255 1 154 0 0 0 0 0 238 209 77 217 19
    255 94 0 218 255 112 71 0 9 129 54 192 120 0 57 255 150 212 255 144
    247 0 0 0 98 147 179 143 180 18 38 215 214 140 201 112 112 2 52 175
    255 0 51 202 14 255 255 28 255 135 162 0 239 0 198 0 102 0 222 255
    255 174 255 41 0 21 0 194 137 163 228 75 42 135 141 120 255 10 34 47
    159 78 94 152 0 225 99 230 242 0 0 0 255 160 0 105 104 0 255 255 0
    255 255 214 121 32 146 0 7 255 255 131 255 248 172 2 24 76 158 255 0
    34 2 233 152 3 0 255 175 255 96 96 255 0 152 255 170 196 0 22 201
    255 0 255 161 4 255 40 0 108 173 255 111 76 80 252 26 217 222 101
    156 27 201 173 255 229 118 255 153 163 22 125 214 68 211 174 29 0 0
    69 96 75 14 240 0 234 59 87 0 116 169 0 222 212 129 255 139 52 154
    36 0 147 0 0 0 248 32 104 255 162 255 198 12 0 68 9 0 164 255 115
    131 52 0 51 138 255 0 38 99 255 241 255 176 133 0 0 156 128 33 160
    154 26 187 24 223 36 90 0 202 255 58 13 49 220 212 255 150 0 0 0 255
    49 158 93 255 199 68 0 238 79 22 255 255 255 255 122 216 0 255 54
    150 177 72 255 0 193 255 182 255 0 199 126 36 60 93 72 100 23 224
    107 0 255 10 0 255 82 0 192 227 215 144 0 237 150 169 59 100 52 8
    255 86 0 255 152 0 78 175 0 42 52 255 0 255 180 0 0 149 79 255 255 0
    165 29 133 251 188 0 168 255 29 125 44 138 205 235 20 244 171 41 147
    176 0 7 146 71 255 0 12 26 255 80 48 218 208 0 220 205 56 251 255
    255 0 185 220 255 153 0 44 255 0 255 82 255 48 112 0 225 205 15 5 0
    159 24 13 63 39 255 255 255 51 149 188 255 255 163 247 128 206 0 117
    255 137 79 0 0 111 220 51 227 233 69 255 30 97 89 0 68 255 133 255
    255 0 182 154 0 79 255 90 0 255 0 69 189 94 255 156 32 0 197 255 81
    142 221 0 156 17 3 0 23 0 0 255 0 217 123 15 255 103 135 5 84 24 112
    23 129 255 3 178 105 21 135 200 147 0 227 255 178 44 0 255 64 27 117
    255 228 0 59 0 0 255 0 227 53 45 126 0 255 255 149 23 95 255 179 34
    0 255 111 0 210 172 255 0 57 84 0 33 64 169 0 56 116 77 52 255 229
    25 170 30 0 22 197 135 250 197 82 141 171 255 255 255 87 22 223 243
    0 0 255 147 166 254 240 255 255 255 255 255 124 255 167 255 255 0
    255 255 141 255 40 255 0 234 24 44 236 0 255 237 151 255 0 252 67
    255 44 255 255 95 255 98 167 223 255 0 243 65 255 241 0 249 255 0
    255 166 255 136 255 234 0 231 59 111 9 0 255 255 172 255 12 239 248
    9 10 255 213 71 138 2 123 24 95 81 176 245 164 255 0 77 255 127 255
    192 68 0 14 175 237 6 67 255 69 131 112 102 59 172 221 255 43 233
    181 62 112 53 94 127 163 0 255 17 19 229 199 255 138 152 237 0 0 255
    255 255 247 238 255 252 130 212 8 68 67 255 0 192 36 0 148 133 0 211
    187 0 255 240 0 67 162 0 224 126 19 122 255 181 96 255 0 209 9 255
    240 255 0 159 255 69 29 255 0 0 111 240 0 0 178 0 196 0 255 117 255
    255 0 39 0 0 0 0 190 222 212 166 116 255 213 255 80 76 0 215 110 148
    255 77 7 110 170 209 255 125 0 19 168 0 44 166 202 51 255 255 255 0
    0 0 58 255 203 135 211 255 33 0 214 39 60 20 163 174 72 131 71 57 0
    224 0 255 165 255 144 52 54 0 233 220 190 91 231 13 216 92 72 0 84 0
    170 0 136 255 255 46 255 68 255 0 111 53 255 100 12 10 136 235 38
    254 0 192 17 0 42 207 186 0 165 221 19 0 228 205 83 24 181 165 0 96
    169 0 207 93 193 47 225 227 0 31 255 83 233 255 97 126 255 215 214 0
    109 221 153 200 80 215 44 138 145 255 0 47 0 28 255 149 228 0 118
    255 56 255 91 76 222 145 255 0 115 104 255 0 50 0 221 0 255 117 147
    27 255 8 195 44 255 255 116 255 0 5 255 0 0 255 140 0 0 0 191 40 181
    76 255 217 0 255 136 255 255 57 209 0 201 161 110 255 255 26 255 0
    116 255 0 255 227 3 255 0 216 46 242 160 237 255 241 255 0 255 96
    131 0 255 214 255 253 10 0 168 81 23 255 189 203 217 255 244 255 255
    95 20 0 255 147 255 81 215 255 0 134 237 183 8 0 253 55 126 183 226
    255 21 255 33 0 0 132 151 255 90 172 26 172 211 177 0 60 255 214 0
    255 255 0 79 193 255 131 85 33 0 24 82 6 252 255 107 255 2 0 116 212
    167 134 0 0 245 87 61 255 57 8 0 69 209 222 8 139 255 130 189 233
    118 198 255 0 40 135 0 207 0 146 255 0 18 192 165 255 0 239 171 0 0
    94 255 234 193 25 211 255 255 244 65 0 0 0 6 255 52 82 224 255 146
    164 238 92 24 197 27 255 210 44 0 174 180 84 0 25 0 194 35 166 197
    246 0 24 255 196 65 227 82 99 255 255 212 255 138 255 22 26 115 97
    42 107 143 102 0 206 80 255 228 2 248 223 31 0 179 0 255 249 171 255
    118 75 0 255 122 0 133 90 255 149 214 255 245 130 154 90 139 91 219
    46 32 244 255 255 0 255 185 18 61 117 96 15 255 215 65 92 9 60 224 0
    121 236 0 199 0 25 229 255 139 24 64 0 148 10 218 97 221 61 255 84
    153 255 152 37 54 36 0 132 178 52 147 88 140 255 29 6 206 185 75 249
    0 0 146 76 255 212 171 148 7 246 38 0 178 0 0 130 27 255 0 38 210
    204 0 156 91 141 193 40 0 195 255 163 0 212 0 172 219 167 65 0 140
    255 81 255 162 255 142 132 0 162 245 134 48 39 245 0 0 255 109 23
    122 136 255 164 23 0 203 53 0 203 145 213 243 109 255 160 210 0 0
    255 255 255 255 73 255 0 97 0 0 204 255 8 254 88 255 0 221 71 176
    237 0 0 255 153 120 64 232 176 88 75 46 245 52 155 255 130 0 255 255
    0 215 91 255 193 255 255 194 255 255 112 189 15 0 0 210 255 205 197
    0 15 0 0 144 186 0 249 29 160 0 255 6 71 255 90 237 219 110 255 94
    16 46 203 0 255 255 0 204 0 65 236 173 21 89 255 0 0 11 102 168 83 0
    57 255 255 131 11 0 255 255 182 208 255 255 78 86 255 255 230 189
    217 36 70 130 0 117 109 153 0 102 255 0 255 33 255 202 255 255 0 22
    71 63 255 27 154 29 255 142 36 255 0 111 158 175 120 10 6 255 175
    187 48 255 81 0 0 198 69 227 255 0 159 255 65 182 134 94 91 0 255
    243 255 145 140 0 255 201 255 221 118 155 135 2 80 243 138 255 0 0 0
    72 255 169 244 34 35 0 255 91 255 101 255 199 2 0 110 102 228 172
    255 255 219 130 255 255 0 192 255 255 61 255 255 255 240 169 116 0 0
    255 39 32 27 40 148 237 193 197 0 237 50 0 255 255 75 131 138 255
    255 0 208 255 255 67 226 14 25 255 233 255 4 149 255 0 76 244 41 29
    222 162 61 0 0 0 0 247 255 255 255 178 255 255 255 232 1 180 255 137
    132 31 0 255 69 35 218 255 0 136 226 255 45 230 0 103 52 153 255 91
    4 255 232 16 0 194 255 56 188 238 255 140 89 255 54 52 0 37 99 14 0
    47 118 190 31 114 0 249 255 236 115 16 210 255 255 58 129 255 109
    104 164 255 33 0 141 68 0 158 0 52 56 255 0 0 235 142 67 0 0 88 219
    45 107 0 100 179 22 203 255 0 255 0 161 0 143 0 0 77 255 0 143 231
    255 135 187 255 165 202 134 0 0 177 163 0 120 31 0 255 53 182 33 139
    214 0 176 0 126 255 255 226 95 80 0 159 90 196 0 60 255 133 107 0 21
    196 29 30 165 48 0 22 84 143 215 63 200 110 73 174 60 0 255 114 69
    116 27 224 65 0 12 0 217 0 53 0 91 213 255 255 0 104 255 68 255 255
    232 42 97 57 196 214 235 135 41 255 255 200 229 131 214 252 141 0
    112 60 255 98 0 36 255 81 227 255 8 146 61 255 203 184 255 22 123
    198 166 255 15 0 166 225 255 255 0 255 0 255 93 0 216 208 32 195 244
    255 166 82 0 51 137 117 0 255 177 0 255 5 237 197 45 255 72 13 0 0
    189 63 73 6 225 17 0 113 231 81 0 206 0 255 215 48 15 21 175 78 198
    0 126 0 147 48 255 37 53 142 255 0 221 0 60 255 187 92 134 105 19
    135 255 19 255 211 177 255 242 0 188 1 39 134 255 199 255 69 0 93 0
    0 255 255 22 29 159 38 113 237 75 135 103 0 184 0 208 0 246 0 86 217
    7 183 0 218 0 73 255 0 132 0 0 0 25 255 182 0 96 250 255 0 113 206
    235 0 0 0 145 253 0 145 195 255 255 146 54 51 197 94 255 0 162 196
    205 255 255 61 255 5 255 80 0 255 207 45 168 255 232 170 142 235 66
    0 255 255 21 182 174 127 28 110 255 40 0 254 71 223 85 27 157 103 62
    0 179 132 255 78 8 224 3 255 255 172 255 255 0 255 196 255 136 155
    27 255 0 89 209 213 11 153 224 0 174 204 15 255 141 0 51 189 0 22
    201 191 171 255 154 0 174 0 15 73 246 14 39 50 0 230 0 0 255 222 255
    214 0 89 169 141 236 255 209 48 231 0 0 0 255 0 4 165 11 255 255 225
    255 254 143 96 0 255 0 0 142 182 0 11 59 171 4 215 55 4 215 255 66
    237 255 92 26 149 255 255 201 177 0 253 131 255 141 203 255 34 221 0
    190 168 0 0 73 172 190 0 25 161 0 0 26 0 174 0 255 18 58 122 0 255 0
    49 31 253 0 0 39 0 202 255 182 207 0 49 194 200 0 124 255 127 0 255
    5 126 255 152 88 70 44 232 230 128 63 255 57 34 0 0 139 0 128 190 0
    14 0 132 19 0 145 8 178 0 255 255 255 255 81 93 0 232 136 0 108 72 0
    13 0 76 255 32 255 12 193 255 118 13 13 255 136 233 171 72 107 53
    255 16 0 253 16 0 255 8 193 198 139 140 164 94 133 97 0 156 0 0 66
    87 193 0 255 255 54 227 43 255 23 22 200 117 38 18 184 22 171 0 195
    254 254 162 83 29 180 18 0 116 128 107 255 134 109 167 106 64 50 135
    0 26 0 29 27 43 0 113 190 72 73 0 255 248 159 175 255 255 231 123
    159 158 0 195 216 240 89 255 238 245 0 191 255 73 255 19 255 0 244
    118 0 213 255 219 255 233 14 17 255 255 255 241 147 20 47 0 18 0 157
    229 0 255 103 71 201 180 162 129 245 171 233 255 146 237 110 109 0
    236 47 255 182 0 233 109 255 0 34 0 240 28 255 147 0 62 104 198 96
    46 0 65 255 48 99 168 0 214 0 255 24 255 0 255 70 61 192 185 165 0
    15 224 0 255 121 255 255 0 255 200 181 35 214 126 219 107 0 21 255
    222 215 243 0 255 0 255 34 199 255 0 81 0 13 0 96 0 209 0 130 255 39
    205 255 255 36 36 127 27 0 255 73 117 0 92 103 51 203 141 162 67 0 0
    123 182 126 237 219 232 70 65 10 217 255 12 181 198 255 255 109 178
    79 0 255 178 62 255 255 145 135 0 95 91 0 116 71 241 123 159 255 45
    149 255 0 89 0 245 0 235 46 122 0 0 92 182 227 255 226 0 134 93 187
    142 137 34 99 155 255 234 115 208 174 255 209 208 62 1 139 255 185
    65 0 0 0 14 255 192 29 230 218 255 40 171 255 6 0 230 0 0 0 251 187
    255 0 246 255 255 255 255 158 0 255 0 0 103 148 255 242 0 251 11 128
    255 200 105 251 0 114 136 0 236 4 205 212 255 0 223 8 135 59 166 0 0
    238 27 255 67 136 1 13 255 94 107 0 225 0 255 45 67 190 162 255 37
    255 231 126 255 0 255 8 121 218 19 211 22 255 216 255 34 193 46 255
    47 0 255 0 0 107 255 67 195 131 7 220 193 229 255 163 221 20 0 202
    255 224 255 0 36 106 6 23 0 0 58 63 167 114 0 180 102 0 0 25 253 255
    83 6 0 174 0 0 183 0 255 172 167 140 141 4 83 255 109 66 0 255 0 255
    255 53 97 204 118 118 206 255 255 141 149 255 9 0 255 68 255 0 209
    71 171 123 66 245 0 160 9 20 254 255 215 222 0 192 240 0 226 164 255
    209 223 235 232 59 255 0 180 255 255 0 124 169 246 0 41 218 255 0 0
    14 85 141 255 0 4 9 132 24 255 229 0 213 255 255 232 147 20 255 255
    236 98 72 182 0 213 15 227 0 43 214 196 82 244 255 147 255 0 154 99
    200 255 53 167 108 110 88 76 142 122 0 122 0 65 226 0 0 255 0 0 50
    62 126 67 129 157 255 255 249 0 255 212 16 151 64 30 44 0 91 49 88
    145 243 72 0 161 178 147 0 159 174 0 157 158 106 44 250 119 0 255 0
    37 108 44 132 94 158 84 0 0 99 0 0 43 255 255 255 153 0 24 255 0 235
    255 221 93 217 53 150 150 0 13 255 0 244 0 182 20 0 141 72 196 206
    192 154 0 135 244 44 99 149 3 255 207 0 0 213 31 66 0 37 86 5 76 255
    0 255 255 88 37 32 21 216 0 40 173 255 4 51 12 83 67 255 0 48 125
    164 255 255 123 255 172 169 45 139 122 20 58 208 255 89 107 53 168
    255 255 0 255 38 0 255 226 255 125 74 147 163 255 128 255 0 255 148
    179 208 157 147 0 115 0 0 241 129 255 222 255 251 49 253 0 65 0 58 0
    0 234 93 65 173 139 247 255 255 154 203 147 238 208 49 32 255 93 9
    170 96 0 135 0 0 60 0 0 30 35 255 49 255 31 0 255 147 102 14 78 184
    110 66 0 188 255 0 255 236 0 255 27 86 0 144 255 183 251 0 141 136
    245 133 126 0 97 0 59 106 176 0 8 0 245 192 74 10 210 0 255 187 209
    0 132 78 0 164 125 0 136 117 71 255 186 255 97 255 255 209 235 100
    11 63 179 255 123 204 29 133 159 255 0 0 14 201 92 0 209 0 102 112
    180 0 188 9 33 237 191 194 0 29 125 255 0 130 0 60 255 255 0 217 255
    255 255 171 255 243 111 0 96 253 255 62 0 169 0 154 164 0 176 255 0
    227 183 176 243 0 144 172 48 0 255 99 115 76 17 0 236 106 145 255
    207 157 255 132 137 231 42 161 136 95 225 255 255 0 255 94 176 205
    144 255 138 147 144 0 83 30 188 81 255 255 196 168 0 255 69 0 141
    150 67 227 255 35 75 255 107 244 38 132 113 239 255 93 100 255 255 0
    0 249 36 68 35 152 0 255 208 255 112 187 67 84 14 61 126 0 0 255 20
    36 199 244 131 12 14 0 255 46 70 255 183 169 69 197 106 162 0 187 0
    95 255 255 0 0 157 187 46 255 2 0 8 88 167 0 130 179 0 0 19 59 90 0
    0 184 0 0 75 0 67 0 174 111 54 170 240 0 178 8 99 0 255 85 57 236
    156 25 117 255 201 147 255 229 255 255 192 224 236 255 255 255 7 241
    182 40 0 183 255 31 93 188 107 0 255 151 179 255 123 146 255 91 118
    89 220 44 176 255 255 147 150 255 227 0 0 248 0 224 255 162 0 60 47
    133 136 0 46 148 101 0 21 118 224 91 225 255 8 255 76 0 249 0 0 227
    42 164 0 255 63 254 255 255 0 207 158 255 255 171 182 255 0 33 194
    255 255 42 50 61 90 33 0 0 139 0 0 189 44 0 114 132 76 146 0 39 255
    90 180 82 62 255 255 225 255 63 28 255 128 242 191 15 184 31 163 255
    255 255 0 182 165 113 71 0 195 206 181 110 10 113 34 139 0 0 220 68
    0 255 243 247 172 115 0 229 248 114 160 196 59 60 255 233 51 0 177
    255 80 0 255 94 74 231 0 172 144 188 1 61 81 158 122 170 90 161 0
    222 70 186 255 0 135 0 255 17 255 45 167 42 140 249 111 255 188 255
    148 255 112 255 192 0 76 112 240 80 137 146 0 11 229 184 72 0 0 61
    68 0 255 40 21 241 20 214 166 0 0 246 131 236 50 17 0 0 0 25 66 231
    0 130 255 0 255 255 122 255 123 0 0 255 198 0 220 28 56 0 36 255 0 4
    72 190 188 235 43 53 102 26 141 97 194 255 213 164 98 82 108 155 78
    68 247 115 83 88 119 28 35 194 172 67 80 147 0 130 224 153 255 200
    223 0 236 240 194 0 220 250 39 41 62 131 206 255 109 143 30 0 171
    255 50 238 58 126 160 57 27 0 70 255 245 100 0 0 51 187 255 255 175
    255 130 59 255 192 209 83 251 0 241 210 255 64 0 87 0 52 130 230 170
    93 216 255 73 109 0 0 249 255 96 44 255 139 155 239 89 87 92 0 238
    178 255 151 255 255 168 0 252 255 12 0 167 0 146 22 150 162 144 201
    0 74 255 255 255 0 188 164 30 0 234 0 0 255 0 171 135 202 0 78 234
    255 172 255 0 75 213 255 136 255 105 0 255 63 214 0 162 255 0 255 72
    66 0 142 0 0 114 0 109 189 25 194 118 255 33 146 192 117 0 169 254 0
    0 181 21 0 0 20 214 0 0 255 0 0 255 255 224 196 255 150 215 57 200
    157 152 0 73 83 164 152 170 91 154 250 255 78 47 0 76 38 84 0 255
    237 5 197 178 42 184 156 118 0 0 0 144 214 0 165 72 0 14 139 255 53
    233 241 0 0 121 241 27 211 255 203 221 230 0 193 80 251 255 32 0 220
    30 93 0 0 255 210 46 178 126 255 73 255 255 218 155 255 85 255 204
    211 157 0 142 91 0 23 109 242 34 135 253 244 31 138 78 255 67 241 85
    66 205 57 137 86 0 255 148 0 255 129 203 207 215 154 0 255 255 246
    255 255 255 35 11 255 73 135 170 255 62 66 0 154 105 50 226 162 48
    142 120 231 0 159 0 216 212 96 94 0 93 0 0 42 34 0 81 228 187 0 19
    191 38 0 50 156 0 110 71 20 255 35 0 244 255 82 255 73 255 154 30
    108 241 255 106 186 138 0 109 186 255 52 255 0 255 117 255 9 181 255
    114 155 28 0 127 75 28 104 0 152 0 141 32 36 145 145 151 185 85 0
    137 116 195 255 0 241 255 94 162 52 255 255 102 136 230 255 255 104
    255 47 15 255 182 255 142 0 0 121 200 60 81 31 255 235 57 83 119 255
    40 160 98 205 255 255 121 186 228 255 152 222 136 255 58 192 147 210
    0 0 0 48 255 215 43 255 226 244 71 30 89 102 146 0 0 255 200 255 35
    45 186 119 237 0 181 0 243 0 255 151 138 158 97 255 216 255 0 121
    136 247 36 183 0 0 0 255 6 174 143 79 142 117 56 0 195 124 0 16 0
    255 223 112 41 255 0 150 225 255 255 255 183 255 223 0 211 255 0 138
    191 94 255 87 0 0 127 250 0 96 76 64 82 255 225 219 154 185 255 141
    0 255 0 68 208 127 255 40 166 0 19 123 67 198 0 115 0 0 246 102 29
    255 44 240 232 139 255 213 255 230 0 83 186 124 255 103 27 113 241 0
    10 255 0 255 255 255 43 98 37 38 86 0 255 0 255 255 217 208 223 0
    164 0 57 162 55 0 85 0 117 255 255 29 54 0 0 76 0 164 255 76 0 191 0
    169 228 196 195 192 165 204 255 91 212 255 0 50 221 255 252 217 179
    189 10 242 193 98 231 137 208 0 0 255 43 3 125 255 0 255 255 0 106
    75 255 0 0 255 0 255 112 0 74 0 0 0 128 54 235 255 255 249 96 96 0 0
    255 255 221 255 0 196 162 250 0 105 112 25 50 232 0 171 74 255 244
    109 255 0 194 0 128 255 44 255 197 81 167 255 52 85 255 60 255 159
    255 147 43 62 252 255 94 255 0 255 253 168 26 219 240 53 72 255 89
    255 211 255 11 151 0 193 254 0 129 0 39 0 125 6 131 103 255 232 255
    0 0 255 255 252 0 255 215 0 30 109 0 170 61 138 255 88 24 0 255 222
    48 255 179 0 255 0 86 57 167 56 0 201 210 27 132 110 164 28 93 83 0
    255 255 220 76 223 30 29 57 54 101 255 187 99 0 208 229 211 0 203
    219 0 96 0 106 152 187 187 40 151 214 0 186 59 0 0 223 255 90 255
    255 255 0 12 75 61 50 255 75 77 255 235 0 37 0 201 156 0 117 235 115
    225 9 81 105 195 43 0 112 81 246 255 0 168 255 59 179 111 254 101 44
    106 0 255 202 202 255 255 224 192 255 84 2 53 185 111 255 0 255 237
    92 13 55 255 0 24 207 0 36 223 0 233 192 148 0 95 207 253 55 59 202
    0 7 104 255 255 255 0 190 255 2 208 0 136 255 0 255 178 229 117 255
    255 6 0 151 134 222 102 255 83 20 255 216 74 0 180 148 0 255 119 89
    0 81 18 0 128 0 247 245 244 34 0 154 255 0 231 71 68 235 239 0 42 13
    0 216 64 0 255 0 0 165 0 162 0 126 70 0 97 225 0 249 110 214 78 153
    11 109 9 77 111 124 223 0 0 2 206 216 0 226 255 14 7 255 15 0 43 255
    225 29 255 130 0 255 29 249 148 44 255 255 83 112 7 255 72 211 16
    255 0 120 22 149 255 112 0 255 244 147 252 0 220 250 0 0 131 228 23
    101 86 0 255 255 0 255 204 255 18 248 160 12 19 210 73 182 157 0 211
    255 11 243 0 0 255 141 255 0 0 255 0 0 212 185 52 214 227 157 153
    148 0 111 255 0 0 255 69 180 36 53 128 109 255 0 64 147 147 255 0 15
    44 255 0 116 255 60 124 222 173 77 186 255 0 110 173 0 255 94 255
    215 7 87 255 255 13 156 255 255 77 244 3 41 60 142 125 100 255 255
    178 196 173 206 213 91 42 0 255 11 218 233 79 55 155 66 205 255 255
    0 229 255 0 255 255 0 255 148 255 255 160 82 0 83 0 128 14 104 0 20
    255 0 255 132 0 0 200 236 255 0 255 255 240 229 1 228 146 50 255 209
    48 255 211 255 208 255 0 0 73 0 100 255 255 94 207 201 0 16 176 0
    195 91 0 0 0 53 254 171 224 255 103 0 0 255 255 175 255 239 224 0
    189 28 133 28 255 255 0 55 209 185 207 0 139 8 117 69 154 166 242
    172 0 67 29 170 56 0 183 255 255 69 255 149 150 117 212 116 255 0 0
    116 245 126 255 255 0 156 157 255 0 219 43 0 51 0 220 137 160 224 13
    255 0 196 0 14 16 137 195 88 74 2 31 0 0 167 167 0 174 125 31 0 0
    255 10 137 52 99 203 154 194 0 73 0 196 232 255 0 163 222 167 36 0
    61 0 151 228 221 0 0 20 134 107 255 164 0 126 154 3 25 7 0 255 0 96
    225 138 246 0 83 176 63 0 11 81 255 135 49 1 255 255 248 151 135 185
    244 255 195 54 78 157 242 45 134 14 104 0 68 0 0 57 67 0 177 53 0
    194 42 255 255 255 156 253 255 127 102 231 150 255 200 83 155 255 0
    0 0 255 137 255 166 255 153 255 255 208 124 133 216 39 30 49 17 97
    230 255 255 198 196 0 156 245 0 0 34 0 160 0 216 214 255 0 58 177
    184 160 102 255 247 87 228 175 0 252 0 139 234 249 183 79 204 0 114
    46 190 42 11 0 7 61 138 86 73 1 255 0 0 0 0 0 121 0 157 255 255 255
    85 12 186 0 213 57 255 37 0 115 255 159 255 255 255 255 16 19 0 255
    65 255 128 184 193 0 0 80 21 9 0 89 44 37 63 55 250 12 0 255 255 0
    153 3 245 197 57 255 168 87 238 255 202 40 0 255 199 173 255 255 99
    3 103 0 87 255 222 175 255 255 207 176 232 255 118 247 0 255 16 3 46
    181 91 8 127 69 95 0 48 25 0 0 208 0 72 177 255 151 255 127 255 255
    255 168 255 0 142 0 0 68 255 18 0 255 147 255 7 149 146 255 146 234
    68 10 52 14 0 144 52 215 118 224 228 159 145 215 212 0 255 66 255
    241 236 11 0 255 232 255 108 137 232 194 0 168 149 0 217 250 111 191
    0 149 4 72 255 78 255 72 0 117 255 0 51 255 3 0 0 50 205 153 54 199
    61 96 150 136 0 158 242 0 255 117 127 0 228 245 0 0 61 16 141 0 232
    107 0 58 0 160 255 23 178 250 0 0 255 81 19 215 85 23 7 148 255 56
    255 240 221 52 255 103 94 0 224 0 152 255 255 157 255 61 255 189 0
    203 176 205 29 255 39 0 150 233 244 0 255 0 144 253 255 255 29 173
    135 255 255 201 255 126 0 203 60 116 127 255 223 0 0 13 99 156 4 173
    95 9 135 208 229 255 149 0 0 0 14 245 0 145 0 91 255 158 0 208 161
    122 94 102 0 91 179 188 135 255 77 221 255 9 50 231 0 15 52 171 144
    255 0 219 0 119 255 220 132 229 255 226 204 80 65 156 255 21 132 119
    10 97 21 95 234 66 101 162 66 10 211 48 50 0 79 157 0 185 142 255
    155 148 34 0 164 0 1 0 127 183 115 111 255 31 105 124 48 228 121 232
    33 255 235 0 14 0 135 147 82 0 255 219 236 54 255 17 0 4 130 0 255 0
    48 0 73 0 39 239 212 170 195 0 0 255 0 101 255 148 66 212 227 0 115
    43 103 0 255 220 255 255 0 147 0 212 200 203 0 67 229 224 180 161 0
    255 95 0 255 13 0 70 0 255 221 255 108 56 255 39 0 27 255 1 0 75 136
    0 255 0 0 255 255 68 0 0 0 111 22 255 223 81 205 207 153 192 77 231
    191 0 215 166 0 29 78 78 101 0 26 255 238 255 0 79 255 0 217 79 0
    161 33 36 47 252 255 4 48 80 232 0 0 221 7 147 255 215 0 154 255 0
    255 169 205 255 38 193 191 189 144 65 255 0 255 0 0 0 62 190 255 0
    187 7 153 255 255 240 9 255 238 84 194 75 228 221 255 41 212 0 137
    255 39 188 127 255 188 24 182 149 0 139 0 255 73 115 226 112 146 0
    246 255 116 89 255 133 216 255 0 225 0 119 247 35 81 255 105 187 0
    71 0 0 246 0 176 255 62 159 69 67 0 101 0 0 173 255 132 254 226 146
    255 123 221 92 215 141 255 0 255 20 0 247 221 161 119 0 255 0 255
    165 22 0 0 255 217 175 59 233 38 208 45 122 6 0 0 147 78 13 0 0 223
    0 168 255 255 137 255 255 77 107 14 131 255 255 32 40 250 13 255 0
    255 237 0 95 25 154 138 0 67 255 0 83 52 255 170 210 52 0 11 159 255
    255 138 112 13 11 0 108 0 120 110 255 86 9 239 255 206 0 181 0 162
    123 52 18 112 255 14 227 0 177 87 107 255 198 67 0 46 0 0 75 52 119
    64 174 255 0 45 115 255 0 159 255 21 0 152 225 0 255 45 15 177 0 255
    0 89 119 55 124 255 255 255 84 255 167 157 255 141 255 0 106 75 255
    255 144 88 12 227 0 166 255 180 0 112 255 19 59 255 255 255 21 255
    94 34 255 0 85 255 41 57 62 14 0 37 220 110 36 42 255 0 57 0 63 200
    47 203 129 255 255 106 225 212 255 255 191 0 108 80 160 157 219 255
    151 255 255 0 255 249 0 0 9 201 0 255 187 59 255 15 0 86 12 255 30
    43 25 0 131 0 84 17 153 255 166 37 255 158 11 255 165 0 5 214 4 64
    255 188 137 255 130 40 40 17 0 255 255 255 173 0 180 201 245 255 172
    203 238 227 111 0 129 141 189 58 72 255 94 184 253 170 255 130 191
    255 9 197 89 255 0 0 0 79 0 96 0 190 161 128 98 0 0 255 91 82 255
    248 227 214 205 0 255 126 255 240 213 213 66 34 20 255 29 223 97 52
    77 255 228 30 185 255 14 0 154 23 0 186 163 255 255 255 0 0 184 118
    255 182 106 104 36 50 0 0 255 88 0 244 255 17 35 106 255 229 74 255
    224 0 110 75 0 222 70 231 136 165 54 0 26 221 118 0 201 179 151 22 6
    0 206 0 212 255 33 0 44 27 201 137 147 95 0 186 255 207 197 255 247
    255 109 245 215 52 255 0 0 158 0 0 0 255 255 154 67 155 255 0 122 0
    70 17 203 142 47 183 96 135 177 226 66 0 224 255 247 202 255 255 96
    255 255 214 255 0 255 162 255 2 213 0 164 211 0 255 0 249 2 24 245
    228 10 121 85 172 150 109 49 227 245 0 196 36 0 120 255 123 255 142
    163 0 51 84 113 135 176 0 255 72 4 228 0 23 40 125 255 0 212 97 79
    255 0 185 0 144 186 203 17 88 213 151 0 255 223 0 255 0 255 0 0 194
    103 206 246 61 163 21 106 173 33 245 255 255 25 255 231 185 94 0 43
    255 154 191 255 139 230 217 255 135 198 0 9 145 252 66 33 157 255
    236 255 255 0 153 182 0 233 96 103 30 165 238 162 255 255 24 22 99
    42 209 34 153 0 255 0 0 0 255 255 0 0 242 243 68 0 0 92 255 125 233
    105 0 166 252 112 255 0 26 255 55 243 203 255 255 0 185 0 0 12 0 215
    1 206 0 255 254 2 180 124 106 255 100 0 207 117 0 14 234 98 25 0 0
    255 205 202 70 163 255 192 48 0 201 0 235 0 250 0 0 0 212 191 107 0
    65 0 240 0 255 232 0 222 245 50 255 255 106 255 0 255 186 12 255 253
    77 0 197 224 174 166 141 0 161 54 255 228 200 13 255 139 125 119 214
    255 62 0 47 51 150 255 191 13 16 254 252 157 0 229 0 0 2 255 88 44
    30 238 0 0 255 91 0 97 0 0 181 255 254 255 255 112 0 0 19 255 91 14
    255 181 33 164 0 63 76 102 173 174 255 0 236 201 112 0 0 0 0 255 54
    201 250 0 178 152 0 177 37 212 89 0 230 255 244 87 183 35 0 0 255
    255 174 255 89 23 150 70 38 255 0 75 255 131 250 84 63 255 0 13 19 7
    93 0 158 255 35 0 147 112 0 0 0 0 28 166 225 182 76 35 0 97 93 141 0
    53 195 158 115 21 255 5 252 145 24 215 255 255 0 0 255 41 185 163 0
    0 37 97 176 102 213 227 164 224 98 214 132 200 169 0 218 255 0 255
    237 255 255 63 255 186 138 43 234 99 0 98 197 255 0 155 255 10 102
    33 255 0 134 255 132 254 178 21 255 6 175 223 255 0 0 0 0 0 255 6 34
    189 99 90 255 222 175 222 255 116 76 0 209 0 134 224 223 19 98 251 0
    255 255 35 0 11 52 0 0 203 168 157 114 0 145 255 235 0 255 208 178
    112 199 255 255 233 0 123 0 110 0 0 0 213 145 68 0 255 109 248 255
    255 80 86 0 198 255 158 23 133 255 52 255 0 255 255 119 235 248 137
    0 238 0 0 255 115 46 101 85 3 138 251 0 255 255 11 183 166 255 193 0
    27 255 0 250 205 187 0 87 0 0 222 86 67 212 249 56 9 255 0 0 0 157
    36 0 151 204 71 87 19 251 63 78 0 49 70 0 97 177 31 255 81 255 136
    73 76 44 255 217 123 0 255 84 0 0 0 0 65 172 152 148 141 0 255 248
    137 149 255 236 0 35 255 164 3 255 142 255 255 43 0 255 240 121 20
    255 255 0 202 46 0 131 255 79 22 0 80 0 21 0 255 129 146 71 255 212
    0 233 255 1 155 0 159 193 211 255 0 0 116 255 11 224 123 255 255 164
    0 0 161 56 210 21 244 86 58 36 163 15 255 255 179 73 255 169 164 225
    222 213 172 213 84 255 255 0 0 248 0 255 36 151 14 0 0 0 116 218 0
    28 14 138 77 157 255 219 255 193 210 89 61 111 255 235 216 233 255
    231 63 233 19 61 255 249 25 0 80 0 158 255 62 0 32 215 255 226 233
    85 255 31 0 0 89 255 255 53 46 135 41 76 186 255 120 255 0 134 132
    239 230 181 255 172 255 255 255 105 247 0 153 255 224 83 164 255 0
    140 255 169 229 255 255 33 46 205 86 0 173 172 164 240 45 65 255 178
    207 248 193 0 102 104 0 255 237 71 0 255 151 223 79 2 255 232 101
    255 100 146 58 255 0 112 25 236 255 130 222 251 14 0 108 87 0 74 57
    0 255 249 65 255 255 180 110 218 46 0 0 0 0 189 0 8 255 192 240 0 0
    143 14 255 0 255 165 210 0 255 188 67 31 64 40 255 255 0 0 0 165 140
    0 115 67 255 208 40 255 255 18 0 125 29 42 242 209 38 255 115 255
    255 255 98 0 255 37 255 239 255 169 255 230 148 238 255 219 58 217
    132 192 36 255 186 48 205 255 42 0 35 220 4 255 0 248 0 206 108 0 71
    255 240 3 0 255 225 0 0 95 92 0 255 255 0 106 0 255 135 255 68 255
    186 0 159 220 0 0 255 22 125 0 37 218 0 238 0 255 198 255 255 205
    178 255 0 0 105 202 255 82 210 82 193 0 0 207 240 175 63 104 4 25
    255 218 0 107 14 204 219 233 155 162 236 255 103 255 103 3 205 13
    200 84 158 255 0 237 255 255 255 0 28 18 0 238 139 196 168 191 0 149
    163 0 255 141 166 215 255 0 85 0 185 255 0 122 255 0 167 77 31 0 125
    255 131 0 129 192 56 1 255 0 255 0 61 214 248 117 0 255 47 119 255
    156 151 193 0 0 62 0 44 0 255 204 19 0 101 71 191 0 136 234 144 109
    150 208 255 44 7 255 79 149 0 255 26 120 0 0 0 0 0 0 255 63 0 96 10
    67 186 255 0 255 11 255 255 220 255 0 113 255 0 54 171 116 255 128
    139 129 255 22 136 86 255 211 218 121 255 177 117 192 68 241 255 175
    11 255 0 255 19 128 255 150 195 96 181 35 0 210 255 118 0 237 192
    255 255 66 5 253 233 0 146 152 0 255 255 234 27 255 143 195 124 74
    50 243 0 41 206 255 252 1 99 155 205 132 88 189 75 74 255 233 34 99
    0 255 201 255 0 58 0 63 170 155 0 255 51 61 53 118 250 255 140 49
    200 15 0 255 66 0 153 157 0 59 163 0 163 55 2 198 0 171 14 92 223 0
    75 0 255 0 106 207 0 157 144 180 167 148 255 74 129 255 245 110 248
    19 0 0 0 64 49 0 0 255 192 79 183 165 255 0 0 148 157 54 27 59 48
    240 0 55 255 78 0 60 0 80 107 139 18 0 255 144 255 0 47 108 206 0 62
    0 0 71 192 121 27 255 79 29 255 116 108 255 22 255 58 48 127 0 255 0
    139 255 255 0 0 255 93 222 10 105 25 4 255 203 211 255 146 0 68 0
    255 39 21 180 104 209 108 244 255 0 58 50 19 0 231 0 0 255 250 255
    160 225 255 0 58 8 187 226 0 193 64 0 0 185 255 177 217 60 0 215 0
    121 71 51 46 211 0 187 255 207 205 255 0 223 137 156 0 255 109 100
    36 174 0 246 0 47 145 171 0 0 0 210 38 255 86 73 255 35 0 109 255
    165 131 255 133 0 244 0 40 174 255 255 84 207 94 0 0 65 245 0 181
    196 155 127 225 178 153 0 123 75 0 72 145 255 255 255 66 77 71 199
    159 60 0 251 242 84 255 80 0 4 22 89 146 140 133 255 8 0 255 245 255
    255 102 255 75 0 255 200 0 255 0 255 64 132 216 255 238 62 0 255 255
    85 255 0 20 255 117 0 224 79 255 0 0 231 0 37 0 0 255 29 63 190 230
    71 255 0 255 255 120 110 130 0 0 47 255 47 79 176 0 194 191 0 55 255
    128 239 233 125 0 235 86 0 185 33 255 79 0 145 98 255 241 255 0 0
    184 0 138 42 255 99 255 0 137 0 47 187 0 90 0 107 0 65 0 24 81 0 42
    135 0 88 212 255 187 172 8 106 147 0 199 80 0 255 253 0 155 128 255
    0 213 144 0 145 255 0 22 133 249 192 0 255 164 80 21 230 139 0 78 82
    0 0 160 255 25 119 215 0 238 209 253 181 69 114 255 255 130 104 147
    255 187 0 236 66 168 154 180 255 180 0 255 148 255 216 120 160 0 51
    200 54 109 7 0 0 138 143 189 37 213 236 41 196 12 255 79 255 238 0
    255 255 255 158 0 16 0 255 39 197 0 57 112 255 5 255 58 0 149 0 98
    255 0 255 238 123 27 0 255 98 0 170 0 255 0 255 173 0 98 170 255 84
    255 0 250 28 0 87 37 153 0 255 255 196 0 0 168 78 0 116 2 175 130 68
    174 187 111 131 164 223 187 248 175 0 124 79 163 102 9 255 255 225
    203 255 239 175 255 0 0 183 0 142 0 189 255 255 111 0 220 32 22 255
    255 255 0 10 50 119 89 61 255 255 0 0 80 215 179 0 141 30 140 59 236
    88 0 221 0 255 0 231 164 124 255 94 255 234 205 142 44 203 169 215
    11 227 134 148 19 250 120 0 255 182 0 96 207 188 191 235 0 166 110
    106 255 68 166 0 255 255 0 255 255 255 155 0 28 237 255 0 0 0 0 0
    183 0 127 255 0 255 114 255 255 255 227 206 161 255 96 0 161 0 0 205
    255 0 174 219 252 255 63 255 255 255 97 255 0 22 125 29 0 99 0 162
    255 255 255 18 255 0 99 121 255 41 26 105 241 109 151 243 255 82 135
    213 44 8 199 0 190 192 0 140 0 105 255 26 255 208 86 255 54 0 127
    174 214 255 11 83 24 115 16 227 210 107 138 255 229 0 110 45 0 0 0
    232 255 1 255 0 104 0 137 130 138 109 0 252 250 0 0 128 0 102 61 255
    193 80 170 13 255 255 255 0 255 107 127 12 234 12 112 218 226 118 0
    0 255 30 0 104 0 255 228 117 255 209 161 71 103 61 0 122 0 102 216
    238 0 206 224 0 255 255 87 163 209 24 29 103 71 226 149 12 149 255
    255 0 100 210 176 1 218 109 0 0 184 37 0 255 151 239 0 0 153 138 244
    255 13 137 112 95 0 255 149 4 12 134 49 95 236 99 0 0 183 38 243 26
    61 139 255 99 45 255 96 212 255 220 195 91 255 0 0 0 0 0 134 255 149
    10 251 58 255 0 231 2 117 255 251 10 74 136 168 0 0 104 255 0 68 24
    120 241 0 174 49 154 255 156 235 239 161 59 0 254 0 128 132 0 190
    154 110 0 36 0 0 9 0 0 33 145 142 255 255 215 225 255 255 31 229 0
    163 194 255 27 150 0 95 96 232 255 123 211 0 91 132 255 255 0 0 0 43
    0 199 252 0 132 255 47 120 207 0 0 233 255 0 168 104 235 255 51 104
    66 172 49 243 159 189 0 236 6 45 246 1 177 98 133 255 85 0 113 34
    197 252 0 255 204 0 190 0 180 0 0 0 227 172 0 255 0 255 0 84 34 190
    70 30 47 255 202 0 206 255 255 23 0 33 178 0 255 85 0 226 55 228 174
    0 0 0 54 144 245 196 235 255 207 94 71 104 243 21 84 255 91 123 255
    244 171 0 255 0 0 235 25 255 2 103 199 108 3 209 255 55 240 0 2 196
    255 214 33 79 45 243 185 215 30 255 40 151 182 255 201 115 140 255
    101 66 162 0 0 255 255 255 255 135 240 255 164 255 0 50 52 0 152 0 0
    62 125 205 0 96 62 139 255 231 39 0 99 255 47 255 255 199 223 44 184
    189 255 173 12 191 44 86 94 170 173 229 255 29 222 231 0 255 136 0
    255 0 139 0 127 175 0 114 168 0 125 255 96 255 98 0 187 151 143 78
    114 0 0 0 255 57 0 0 0 60 0 18 135 0 142 255 0 255 0 204 115 255 162
    188 192 222 0 0 120 192 0 0 74 54 0 0 237 55 192 121 0 141 255 255
    254 255 200 98 84 0 0 255 254 199 254 255 93 249 0 84 47 77 93 255
    148 85 149 40 255 255 167 114 169 65 183 255 0 68 114 76 215 0 70 75
    0 117 223 38 41 5 0 206 255 97 0 0 120 246 0 43 255 73 3 0 0 79 184
    0 255 85 100 139 218 0 0 118 0 88 0 255 162 181 101 17 77 255 185
    120 231 162 255 76 0 20 0 223 233 13 169 56 0 252 0 129 205 101 68
    255 76 150 137 39 255 227 0 255 0 213 255 255 211 246 97 63 74 255
    111 0 14 43 170 185 137 107 29 245 198 0 43 172 24 0 44 18 62 117
    202 255 255 0 255 193 149 129 255 0 0 24 100 255 0 84 45 0 0 0 0 219
    92 0 255 78 255 255 255 212 255 255 219 47 0 0 55 255 0 76 140 155 0
    255 0 15 40 0 0 233 0 163 205 140 176 35 97 255 0 96 155 222 236 235
    31 0 226 90 0 69 154 56 139 0 255 35 24 255 54 175 33 0 178 255 177
    255 36 255 60 0 0 28 126 255 255 220 195 234 190 83 132 185 255 0
    159 113 142 222 0 76 6 103 11 254 213 103 208 255 147 0 218 0 0 199
    0 248 47 27 255 179 231 0 129 244 159 190 248 192 10 0 28 255 100 0
    186 0 213 202 88 121 255 5 255 221 0 125 133 134 0 255 255 255 150
    255 132 0 240 255 10 255 235 11 30 255 255 31 0 126 255 17 0 0 152
    210 255 46 255 255 0 111 0 0 0 142 0 6 117 255 255 184 215 159 255
    255 17 0 0 224 254 49 79 2 224 107 19 255 85 20 0 72 101 255 50 174
    242 81 255 255 255 254 255 189 138 48 27 235 147 0 255 42 231 164
    255 238 228 238 255 235 179 255 167 217 181 178 255 0 62 44 25 0 249
    0 253 255 125 130 0 0 155 255 222 74 2 179 98 255 234 255 79 199 161
    139 216 0 105 0 0 157 161 255 58 184 255 221 255 159 0 248 216 120
    60 0 230 212 176 213 145 25 104 0 48 24 208 167 215 47 220 255 0 7
    109 205 255 179 212 161 194 255 147 188 255 255 0 255 33 157 0 197
    83 79 0 97 255 149 163 19 0 22 26 0 171 255 32 129 255 210 201 154
    52 211 200 14 53 0 0 244 20 255 170 150 0 0 194 75 111 87 186 244 51
    116 0 104 193 0 255 255 0 217 196 239 255 255 255 0 40 143 255 250
    255 34 200 0 234 144 142 0 255 0 255 255 0 126 246 14 0 244 255 255
    58 208 68 232 86 0 235 157 192 196 154 119 0 79 0 0 157 113 106 200
    179 73 0 179 158 251 219 0 143 214 130 165 255 130 105 0 139 198 85
    145 255 255 184 0 0 255 172 89 215 200 0 167 158 186 120 198 131 255
    27 26 168 44 254 42 6 0 105 118 252 187 204 150 202 255 216 189 0
    176 32 109 0 242 47 147 129 247 206 255 132 22 233 71 255 55 255 0 0
    139 27 163 51 255 255 0 0 170 255 255 255 26 63 0 81 0 20 134 123 90
    255 195 0 0 198 0 57 106 3 66 116 152 0 255 96 0 135 255 255 0 122
    17 0 17 0 190 28 255 168 255 255 173 65 255 248 70 255 255 0 160 160
    157 239 141 117 226 57 67 255 0 141 255 95 0 212 0 97 167 255 208
    111 255 255 137 57 255 0 10 200 0 48 240 0 255 64 0 150 96 71 255
    255 255 0 255 146 92 235 168 109 235 40 255 60 101 0 164 255 209 255
    255 151 44 227 110 255 0 255 255 231 135 132 0 243 249 3 114 176 131
    4 172 0 155 42 0 60 197 143 43 65 239 89 153 196 213 58 136 255 255
    0 253 252 0 116 44 0 0 118 0 255 255 111 124 20 255 140 89 73 75 103
    249 91 249 0 119 0 212 36 23 219 255 6 177 237 193 0 8 118 68 105
    255 0 0 82 221 39 153 245 0 208 0 49 79 159 56 85 218 255 171 75 188
    3 163 131 125 31 167 246 77 255 29 160 199 99 193 12 255 2 6 207 117
    255 174 0 142 187 255 6 98 255 103 143 213 176 0 0 255 207 104 80
    255 158 0 0 44 178 217 129 242 255 57 255 242 255 6 148 188 114 0
    255 94 0 255 0 0 115 199 197 0 255 255 0 0 86 56 125 7 235 255 102
    184 255 51 0 145 225 243 154 255 0 7 255 227 63 255 243 0 202 62 255
    0 130 205 190 255 255 0 223 187 57 0 0 255 65 0 255 18 168 255 74 47
    0 211 71 253 176 129 241 29 255 208 0 82 0 31 176 81 255 251 245 255
    0 179 255 106 247 116 167 175 13 255 115 150 157 246 119 125 0 31 90
    255 185 75 32 63 14 0 75 0 163 0 0 255 219 91 216 0 190 0 255 255
    228 229 50 222 250 92 226 0 252 86 84 155 31 233 255 154 20 255 38 8
    122 11 211 224 255 255 255 141 128 255 154 235 249 0 108 244 117 0 0
    131 161 152 190 108 52 0 255 243 8 176 255 0 0 180 255 0 255 104 35
    212 203 129 255 112 234 255 255 140 119 179 178 102 0 171 255 227 89
    0 97 149 78 40 0 255 21 189 137 115 81 255 120 28 165 0 102 255 244
    0 73 0 0 48 146 216 204 37 0 137 209 0 255 0 145 0 255 155 0 212 0
    58 0 239 0 77 12 169 0 255 255 211 22 69 215 255 65 166 189 217 228
    81 215 206 149 89 152 255 30 0 255 253 5 0 0 247 125 0 72 189 166 0
    252 51 245 168 78 82 0 166 0 227 0 181 0 130 129 0 255 162 255 148 0
    58 0 39 255 170 68 255 30 255 74 0 181 120 221 46 255 255 0 222 201
    0 0 68 0 65 154 0 0 146 123 0 90 177 0 86 158 250 195 255 255 139
    159 150 0 234 234 255 188 110 245 228 246 159 255 34 143 179 255 158
    25 255 255 255 11 61 0 0 0 255 44 140 27 255 0 255 185 63 124 255 33
    148 139 0 117 172 255 0 103 56 49 201 123 4 120 0 255 128 17 71 0
    255 0 199 30 255 62 255 41 192 255 0 118 255 255 0 255 255 50 180 56
    117 251 0 72 0 0 122 222 125 186 133 92 0 0 137 60 127 255 255 255 0
    0 255 0 83 128 255 23 251 179 167 210 4 193 187 98 67 178 194 98 144
    35 251 58 0 18 158 220 0 35 255 200 0 222 162 20 149 255 255 134 180
    209 240 155 255 159 112 179 214 0 201 207 115 82 236 9 0 0 30 126
    131 235 56 0 255 156 85 161 199 61 187 18 0 0 255 51 189 75 0 159 36
    172 0 141 255 0 84 200 0 212 122 0 219 0 255 237 58 0 132 167 0 47 0
    53 141 0 255 255 33 2 81 160 11 74 255 117 72 70 254 0 14 0 55 185
    255 0 255 172 142 232 0 0 210 0 111 255 252 47 251 255 23 78 255 32
    167 117 215 255 255 0 255 255 244 71 0 165 163 255 255 255 255 53
    255 0 255 100 100 196 23 255 214 255 73 0 227 255 255 194 0 73 78
    115 97 1 131 118 99 0 95 210 0 43 141 0 186 0 0 156 255 255 41 0 255
    245 172 0 220 255 243 239 218 55 62 102 200 182 162 109 159 255 208
    186 131 0 255 0 161 255 255 51 220 120 244 255 76 230 132 136 34 255
    90 28 209 86 178 25 255 182 14 199 255 166 105 217 0 202 41 186 41
    127 194 163 181 12 210 31 0 255 70 255 92 0 241 255 106 95 34 56 84
    0 168 246 175 213 194 120 34 52 154 91 219 232 193 127 0 217 179 166
    254 255 228 214 247 156 172 255 58 31 229 0 100 147 218 21 0 255 255
    255 208 70 0 255 27 0 48 255 0 255 12 73 143 0 25 119 0 64 255 0 86
    0 255 0 249 22 214 255 195 0 0 255 20 224 255 201 61 147 221 255 102
    132 255 193 254 207 221 0 246 255 255 58 255 207 102 10 255 255 0 0
    0 252 0 226 88 0 255 172 239 0 7 255 255 174 0 255 0 255 195 120 8
    107 239 0 7 255 255 255 161 20 147 134 0 83 248 224 0 237 136 153
    255 140 193 0 0 255 0 119 0 50 67 232 255 255 217 189 146 205 244
    156 160 44 0 185 255 187 0 92 138 0 26 22 23 255 154 255 246 0 99
    228 41 0 255 255 122 255 0 217 127 125 79 129 0 202 78 46 255 182
    248 171 159 255 100 28 58 20 0 165 0 0 0 162 139 0 154 255 0 141 255
    255 255 99 0 43 255 0 46 106 0 108 48 255 255 237 0 2 220 0 255 255
    167 114 43 219 133 255 113 1 69 255 117 0 0 76 251 55 154 62 30 0 58
    211 0 196 255 87 242 255 199 37 255 145 255 196 182 255 255 184 87
    156 112 155 212 32 211 4 13 126 142 212 128 214 125 0 156 102 255 27
    36 24 0 134 0 217 50 202 236 123 255 0 200 0 50 90 77 183 197 0 11
    255 0 54 119 86 0 94 107 173 58 143 219 0 232 255 144 0 3 255 111
    237 78 255 0 150 170 17 255 13 129 0 30 113 239 182 255 235 63 255
    42 255 91 62 106 127 255 177 0 55 34 7 25 255 255 0 194 255 39 255
    50 0 153 200 255 0 173 0 121 254 0 118 210 243 11 44 255 0 58 153
    255 255 0 255 210 255 192 0 255 72 46 255 40 113 18 0 10 123 194 71
    127 52 136 0 79 40 85 45 151 123 220 186 143 215 64 97 0 255 205 66
    255 55 255 204 154 255 176 255 255 3 7 117 75 50 255 103 249 215 0 0
    241 154 195 0 125 105 27 0 255 175 255 255 188 117 242 235 242 255
    232 0 99 255 85 190 0 255 193 178 206 185 132 57 89 114 0 50 127 255
    14 43 110 255 19 104 96 0 255 1 97 119 0 152 0 176 191 192 128 255
    255 63 124 255 0 255 247 38 233 0 110 118 0 0 0 101 255 0 1 243 53
    255 255 255 248 0 130 0 129 255 21 163 51 255 33 60 212 32 80 84 255
    0 12 0 0 121 0 218 255 255 255 0 158 165 255 0 81 77 255 255 62 169
    123 157 0 0 228 255 0 0 90 0 0 170 0 205 142 41 255 252 255 253 255
    230 255 218 103 81 121 28 106 210 105 211 0 151 161 176 255 177 46 0
    255 22 0 0 0 79 213 97 232 88 102 0 255 0 110 48 0 249 19 255 0 179
    255 173 197 177 225 34 255 44 255 149 189 0 178 230 101 29 0 53 0
    253 27 8 17 99 0 255 38 123 210 253 255 255 215 235 213 255 0 230
    151 65 0 0 0 13 158 39 255 0 118 6 25 255 107 0 255 233 82 201 255
    204 0 255 255 63 17 255 159 57 62 87 0 0 254 0 41 0 127 91 0 80 171
    209 219 196 177 255 39 176 165 255 137 0 39 169 78 90 167 227 255 0
    70 37 133 111 89 255 11 205 255 255 255 186 223 170 255 190 92 135
    19 132 134 63 177 255 50 170 255 172 255 230 123 0 103 117 249 0 35
    181 161 255 99 54 0 16 255 0 255 255 0 180 235 87 51 218 255 135 200
    223 255 245 223 255 65 255 138 77 142 73 253 49 255 114 174 150 114
    144 240 179 8 0 104 255 230 11 255 255 89 21 0 186 214 202 255 211
    68 0 203 151 134 125 235 233 0 159 20 173 98 170 139 255 131 82 31
    178 243 122 255 255 78 255 0 238 0 76 255 255 0 217 255 255 181 0
    205 93 255 97 21 159 104 255 230 0 120 86 227 157 34 57 153 15 59
    106 0 232 201 224 0 255 0 255 0 255 125 102 0 255 252 255 58 173 219
    141 140 45 255 193 0 44 255 255 189 18 130 98 0 0 0 0 0 39 184 113 0
    255 255 226 206 110 177 255 110 255 174 64 255 145 0 0 145 0 73 255
    180 255 255 255 255 208 73 116 17 119 5 104 138 23 255 181 0 6 137 0
    102 96 103 34 145 122 94 255 255 251 255 0 181 19 0 0 123 77 90 0
    210 12 218 0 0 0 209 211 176 28 35 87 0 0 0 7 179 221 69 46 255 194
    9 16 146 81 255 29 230 129 109 2 63 251 255 0 19 72 140 150 237 255
    255 255 91 255 255 230 94 192 0 36 38 139 191 53 255 0 128 191 139 0
    209 50 212 255 133 8 255 110 0 255 157 216 125 68 237 0 0 255 177
    181 0 0 0 255 36 132 255 250 183 192 124 127 229 76 69 67 255 139 7
    255 255 158 141 96 84 9 143 255 255 89 26 255 255 255 0 48 255 13
    255 255 115 98 23 0 39 118 150 0 107 0 0 0 17 0 227 238 0 255 255 1
    113 255 76 189 141 12 138 129 0 255 83 171 41 0 59 94 255 255 83 0
    228 7 129 0 255 0 63 70 181 33 95 201 255 97 255 229 38 73 0 100 72
    0 56 0 11 255 115 20 82 41 0 3 163 81 1 30 0 255 216 255 124 130 220
    137 23 0 168 255 0 6 78 238 255 255 255 131 0 255 32 7 208 0 130 6
    205 143 92 255 0 0 255 0 255 95 124 81 193 107 255 183 176 113 130 0
    255 0 159 246 0 232 167 212 255 255 165 59 255 0 41 114 233 0 0 0
    173 255 0 130 47 25 0 255 187 0 42 255 0 255 0 167 195 0 0 74 228
    255 72 119 255 0 250 255 102 255 0 173 255 160 255 0 139 0 0 255 247
    0 0 240 66 106 255 0 249 80 0 0 0 100 250 178 6 53 38 0 0 255 0 35 0
    0 255 223 0 217 109 50 96 0 251 255 184 0 255 164 34 0 208 0 112 116
    220 255 118 255 247 177 226 0 89 0 255 36 0 253 247 255 0 0 107 255
    255 147 255 255 217 254 0 255 140 0 41 97 0 73 44 97 52 186 0 255 0
    0 203 144 255 169 61 255 255 255 124 255 73 255 168 17 205 253 0 43
    0 147 146 229 190 72 198 45 93 239 255 0 20 255 167 20 135 136 0 255
    255 118 216 0 255 93 255 205 255 18 147 79 255 50 168 145 159 1 109
    255 2 151 47 38 108 0 37 37 255 0 236 154 138 255 8 255 0 18 65 92 0
    109 255 255 67 36 110 138 179 15 255 255 0 121 255 167 255 0 221 29
    108 139 45 0 238 0 255 76 34 255 255 255 18 255 221 0 189 248 0 82
    255 229 107 14 97 120 255 226 105 138 87 62 170 255 0 191 255 17 0
    196 74 0 183 255 20 51 50 80 53 159 0 169 88 0 148 0 255 172 87 71
    237 236 255 255 255 105 105 0 183 177 0 255 195 0 53 207 170 154 0
    255 51 35 184 0 121 255 63 12 139 196 64 237 228 255 38 192 248 255
    255 20 140 80 168 183 255 255 31 33 52 135 175 250 255 255 255 64 43
    189 0 0 53 147 155 211 0 209 106 199 148 255 3 255 72 60 53 140 79
    32 215 255 52 211 117 236 0 255 245 215 255 0 0 255 198 52 0 255 0
    236 46 255 48 43 183 163 197 180 19 192 95 255 108 232 207 255 22
    255 232 169 255 0 223 20 0 121 0 226 171 143 185 0 255 120 27 117
    190 126 246 0 205 255 250 125 169 55 0 156 255 232 0 206 0 101 0 193
    255 123 68 65 255 179 255 147 30 120 117 13 0 67 255 238 0 192 180
    36 255 0 198 255 148 0 141 225 0 237 181 20 195 246 76 58 82 0 255
    103 255 176 116 46 0 0 65 255 0 247 255 205 119 213 142 0 243 255 25
    255 0 53 255 6 70 48 255 58 110 255 105 251 236 99 41 35 255 0 211
    29 125 246 255 0 69 219 124 16 228 0 65 8 27 0 176 255 0 159 0 38 77
    113 0 255 0 255 255 185 81 2 114 0 255 255 10 242 65 143 68 89 136
    170 190 214 245 0 240 0 0 167 0 0 77 128 0 35 218 255 255 255 183
    249 255 102 40 25 7 157 135 94 255 172 0 235 0 108 196 0 255 105 217
    198 183 255 244 205 255 87 0 255 204 237 23 47 255 31 43 137 91 113
    0 50 255 255 75 128 0 25 205 12 0 189 245 0 223 173 255 255 81 160
    255 96 95 67 0 255 255 0 144 40 226 17 108 255 176 13 255 0 250 79
    70 0 108 0 31 0 255 111 69 0 255 0 208 255 22 232 222 255 204 0 180
    102 133 35 231 55 240 114 27 31 190 0 239 42 141 0 178 251 244 80 77
    207 10 106 105 166 192 0 0 151 0 0 180 101 0 255 72 255 154 219 15
    255 158 225 211 178 185 255 68 178 255 67 0 0 143 240 255 0 12 246
    50 0 0 19 25 255 138 35 255 0 255 0 187 2 255 118 0 85 255 169 0 255
    137 58 0 0 255 235 127 0 120 255 255 255 235 174 214 228 255 255 212
    0 219 135 33 0 0 255 124 171 255 65 45 73 0 255 0 183 97 255 8 133
    143 199 205 0 203 0 46 219 255 0 152 151 193 212 255 255 69 0 245
    255 0 224 237 0 235 78 232 188 58 255 153 247 164 42 0 0 0 255 222 0
    212 255 148 255 81 211 255 0 218 0 3 127 0 0 185 117 255 149 48 212
    216 0 53 122 99 254 255 255 0 0 81 77 255 53 219 0 0 113 0 0 220 0
    255 0 191 255 86 129 142 22 0 53 154 221 0 97 143 237 255 63 68 0
    183 121 8 127 255 202 111 0 154 242 61 210 155 181 110 207 99 165
    126 161 0 255 40 93 57 255 255 0 0 48 43 255 166 2 219 0 35 0 208
    255 17 88 255 159 91 252 104 205 255 0 245 158 0 0 146 255 152 150 0
    247 255 255 148 124 95 255 77 255 198 172 255 169 255 255 136 147 35
    80 255 189 255 0 202 0 0 55 0 175 131 0 255 86 182 241 5 57 0 0 255
    0 72 143 4 255 173 62 255 117 0 13 0 77 0 0 19 191 12 168 255 225 75
    221 255 251 191 51 117 0 178 255 59 0 143 156 165 20 0 255 159 157
    255 37 255 213 0 255 0 0 197 255 157 255 0 119 255 0 126 0 226 72 0
    244 0 0 254 255 255 255 87 255 43 108 0 45 255 216 252 2 0 255 189
    138 32 249 185 255 0 11 255 157 214 0 221 0 0 0 0 74 112 0 101 166 0
    120 132 85 126 75 0 17 86 0 237 0 232 7 0 255 152 189 255 255 141 4
    89 154 0 0 89 188 0 0 172 255 255 81 255 255 155 114 255 59 255 198
    255 103 67 255 0 161 254 35 255 180 84 136 0 135 0 0 0 132 0 226 0
    84 126 48 247 196 53 255 255 0 255 238 101 255 255 160 0 253 225 28
    112 172 0 164 204 47 255 234 0 115 166 35 125 0 155 190 255 217 88
    255 0 162 0 0 0 48 0 2 155 203 248 217 36 82 0 0 84 250 233 166 49
    255 255 3 174 255 255 255 44 243 185 239 79 251 0 23 110 116 164 255
    61 192 42 0 0 50 0 0 0 0 161 0 11 135 11 216 255 255 255 0 46 255 0
    255 95 229 186 255 113 255 5 255 101 61 0 11 210 0 15 60 1 8 152 207
    0 237 166 255 255 105 49 87 69 118 255 253 243 19 0 102 0 174 175 77
    42 0 162 223 199 248 255 1 133 99 113 55 29 255 255 149 0 196 157
    150 101 255 192 140 251 97 255 39 44 255 151 255 201 178 255 9 0 255
    156 0 0 209 0 154 172 229 0 100 255 0 0 200 0 128 233 184 199 255
    255 255 222 255 182 225 0 255 0 222 143 255 249 0 104 255 15 146 157
    35 46 71 209 117 229 22 255 84 220 3 255 218 196 50 71 112 246 127
    64 54 37 85 255 0 0 9 193 13 71 255 255 248 133 160 111 225 0 0 0
    185 47 0 255 12 42 96 174 255 94 0 255 193 251 255 0 22 185 17 209
    66 200 0 117 255 255 255 64 152 255 147 16 98 73 27 120 251 69 212 0
    255 0 255 103 255 116 128 130 255 255 0 255 109 38 128 223 201 248
    255 91 218 176 211 208 59 0 0 19 255 254 107 0 255 62 255 141 109
    255 152 209 87 62 0 73 95 96 0 255 208 85 221 73 135 120 0 0 94 110
    204 171 105 50 224 0 220 61 0 158 140 160 140 24 0 49 203 0 0 159 58
    0 0 87 255 0 0 255 50 117 0 0 70 0 124 95 255 192 0 48 110 0 45 155
    54 9 219 183 16 30 255 0 0 252 0 77 255 0 0 113 40 229 0 150 147 242
    2 123 255 0 125 14 94 255 138 255 255 255 0 36 2 226 255 0 215 255
    43 0 0 190 96 127 191 227 211 0 180 116 220 59 62 227 254 207 255
    191 0 2 255 71 103 118 255 109 92 0 53 171 237 173 92 0 25 140 9 255
    255 156 0 24 255 94 255 160 105 217 78 0 0 255 144 193 255 85 219
    138 255 245 109 185 0 249 221 0 96 35 255 252 245 255 1 32 51 23 19
    73 218 0 131 255 63 75 253 0 39 53 0 123 196 246 0 30 0 81 0 247 214
    100 255 194 155 182 203 145 255 171 255 0 183 19 34 255 36 99 222 0
    241 29 53 237 255 239 121 107 20 37 255 124 54 233 255 151 255 255 0
    196 42 55 0 90 242 255 214 0 51 0 61 89 80 236 67 132 120 98 119 59
    178 130 49 0 150 162 133 0 0 255 132 194 122 23 255 24 98 255 255 58
    131 102 208 17 136 191 61 27 141 235 206 0 218 18 255 0 255 90 255 2
    218 0 163 188 187 0 211 187 255 193 139 245 161 255 143 0 184 255
    255 255 0 50 76 86 191 243 203 48 103 123 27 0 102 96 255 0 255 111
    168 181 211 2 0 0 114 243 143 0 231 255 71 236 255 170 44 140 0 87 0
    54 255 90 76 235 137 0 180 158 0 211 255 113 169 255 255 0 0 0 191
    186 38 163 211 97 255 106 19 241 27 0 0 199 155 194 242 255 241 115
    0 255 0 4 203 55 0 190 155 122 0 0 172 57 200 0 19 39 255 0 255 236
    255 255 255 35 160 143 255 76 93 255 146 223 0 203 255 82 0 255 157
    136 110 69 102 255 0 44 126 220 0 255 110 148 137 87 215 19 255 86 0
    244 148 72 190 9 238 175 7 148 134 154 105 0 255 84 191 44 237 224
    28 255 37 0 70 153 209 46 0 240 93 255 255 218 215 114 255 120 105
    255 185 250 229 255 0 130 192 42 182 128 125 255 10 160 93 84 27 253
    135 0 189 0 200 167 237 255 0 189 39 59 3 0 255 255 3 255 184 255 0
    126 25 10 201 49 56 248 6 32 0 143 76 164 49 26 186 49 0 80 8 139 10
    0 105 211 249 0 188 73 255 159 0 77 255 64 66 23 106 0 226 0 255 0
    255 192 40 35 0 0 73 136 1 60 8 121 9 160 255 0 220 255 86 0 255 255
    26 21 0 104 225 0 0 141 255 255 99 125 0 255 19 205 126 143 0 52 175
    194 107 255 0 179 59 209 33 0 233 52 119 35 225 200 116 22 207 184 0
    254 0 192 108 255 218 177 118 0 203 32 71 52 0 0 0 0 175 46 255 81
    121 27 106 255 132 92 179 0 197 136 0 0 210 22 185 0 5 238 160 194
    255 183 0 89 64 203 0 98 255 27 198 62 7 0 103 199 61 169 188 255 0
    128 138 94 255 0 255 0 0 242 81 255 174 0 97 79 205 106 190 107 0
    107 52 141 0 104 81 11 0 255 255 0 178 200 224 0 255 0 196 0 117 228
    198 255 0 141 156 198 153 104 255 194 4 126 0 0 0 160 167 255 219
    255 112 180 56 255 255 153 0 240 0 50 128 249 104 255 255 0 116 159
    0 63 179 84 201 0 255 240 0 136 0 231 0 255 190 255 105 164 255 127
    187 0 180 254 0 58 129 236 251 69 0 26 255 0 205 255 158 13 0 51 255
    202 255 134 237 255 12 251 0 247 42 137 171 255 255 255 38 196 255
    255 118 0 255 0 135 159 255 176 85 84 255 62 27 246 0 129 30 172 12
    25 255 77 255 77 115 0 61 210 96 131 170 255 80 190 143 255 247 189
    0 181 132 0 152 0 0 69 99 73 97 15 184 64 119 199 90 4 207 77 110 97
    0 231 174 12 59 246 0 255 0 212 255 252 118 29 255 255 255 0 44 255
    53 119 172 255 110 0 8 166 184 101 48 255 255 240 136 0 255 115 217
    142 255 0 188 152 0 0 255 48 247 46 56 97 0 255 33 52 215 0 0 8 0
    255 0 255 255 66 62 224 0 127 73 0 209 137 148 0 226 0 0 4 255 16
    255 101 157 200 255 255 0 56 137 0 56 0 242 255 0 0 73 235 80 0 255
    126 36 228 0 182 210 13 105 169 244 3 255 0 0 133 175 26 78 45 255
    38 255 249 0 114 224 0 255 232 0 162 255 0 0 251 161 52 33 57 255 0
    197 0 0 22 0 0 63 0 29 0 0 248 14 176 40 196 38 191 255 0 0 228 146
    128 255 228 21 119 255 76 206 255 155 0 0 167 0 19 124 208 0 0 79
    117 255 36 29 0 136 44 219 187 255 96 14 255 118 20 0 144 0 0 5 0 29
    137 114 0 101 33 75 29 84 69 238 128 8 149 0 201 255 243 120 202 154
    216 124 229 179 11 255 68 5 193 0 9 0 195 6 20 123 0 73 150 0 178
    148 223 101 207 209 137 14 106 0 29 203 230 193 0 111 84 175 148 72
    44 99 250 253 221 255 199 124 3 205 255 241 255 255 122 167 255 241
    0 255 147 119 156 0 83 224 197 255 255 255 77 0 21 0 15 143 168 255
    210 89 116 20 169 131 185 187 166 0 0 208 0 255 0 79 255 255 0 162
    105 255 56 189 249 95 255 169 40 255 0 74 212 219 255 255 69 18 47 0
    194 115 38 182 0 237 0 166 255 123 210 202 22 0 71 145 18 0 0 207
    175 101 66 229 116 255 75 40 241 249 255 255 6 13 200 255 255 193 0
    74 255 20 255 56 77 142 234 247 188 255 19 0 151 0 149 0 0 255 234 0
    255 20 140 145 255 143 179 1 255 170 92 0 110 129 206 205 0 88 125
    196 255 36 0 0 0 1 210 243 255 78 184 146 0 0 122 0 199 84 255 223
    222 87 213 168 217 65 129 132 230 230 78 255 58 0 255 148 102 0 255
    0 0 120 2 122 158 87 0 221 99 0 0 223 0 202 76 79 229 81 22 255 188
    234 113 0 221 172 255 0 0 0 255 3 63 73 0 255 182 178 177 149 121 0
    26 48 79 216 212 255 140 62 255 0 17 10 107 255 217 255 32 128 0 253
    189 36 0 255 132 69 110 164 255 180 255 0 255 3 0 0 255 255 255 128
    137 120 0 19 255 168 45 6 155 255 43 158 203 144 68 52 105 179 255
    28 146 8 77 178 24 40 36 139 62 255 0 155 5 113 255 120 150 11 202 0
    255 232 20 255 255 0 74 25 0 250 132 255 35 255 253 10 135 129 36 0
    81 223 42 6 29 222 255 255 255 255 255 255 241 89 223 148 226 0 226
    151 255 0 185 138 211 0 102 106 103 233 176 255 0 222 36 185 17 229
    227 152 248 255 16 255 255 255 38 161 255 162 0 38 0 66 0 92 200 212
    125 61 171 255 143 141 69 76 255 7 70 70 92 127 255 180 18 80 214 0
    0 21 172 20 216 161 197 56 80 0 255 2 136 38 255 85 0 255 175 174 1
    101 255 66 255 187 201 250 117 0 235 194 190 255 136 0 255 0 24 255
    59 113 5 255 233 232 50 249 141 213 55 171 74 46 52 240 220 232 16
    255 53 180 228 49 0 210 196 188 215 47 75 145 235 17 158 255 255 255
    255 107 255 255 68 66 255 0 255 101 185 16 0 228 0 201 56 178 174 0
    165 0 26 255 166 58 171 197 0 0 255 255 255 58 255 209 239 255 96
    177 0 0 0 210 196 8 194 0 0 238 107 241 255 102 126 48 0 151 85 0
    255 255 255 26 92 137 156 0 124 54 0 198 255 38 123 60 71 208 248
    223 17 0 175 188 94 109 196 69 16 255 39 53 0 195 94 77 54 42 255 64
    11 0 77 82 146 112 4 106 55 213 255 0 0 37 0 186 0 238 227 255 0 221
    255 0 80 255 255 255 0 33 0 0 193 220 251 111 150 110 0 0 0 133 203
    255 0 116 132 248 225 0 0 255 0 255 212 244 0 38 255 255 191 170 202
    189 71 247 255 229 255 247 62 40 102 63 11 14 0 0 41 255 0 214 255 4
    255 255 133 48 0 121 50 2 0 94 255 165 19 255 192 131 70 0 255 168
    81 255 134 0 103 252 0 0 255 255 255 196 16 113 165 238 15 255 0 247
    150 162 35 0 235 226 58 148 255 54 0 234 41 255 255 199 129 255 122
    7 255 130 135 45 218 194 202 0 218 206 161 0 181 255 0 151 5 255 86
    168 246 137 238 255 23 115 114 35 0 83 0 87 186 203 226 29 255 254
    31 233 14 88 8 19 107 201 196 136 214 23 246 248 255 0 244 0 83 212
    167 142 0 33 230 57 126 88 0 0 255 0 131 243 20 66 184 73 0 0 255 30
    0 38 157 217 199 0 0 255 255 0 161 10 151 105 48 219 44 181 46 255
    221 180 0 247 0 190 70 121 255 0 248 224 0 179 255 151 75 0 181 186
    109 140 255 5 255 31 255 117 255 255 247 215 0 0 74 255 112 226 191
    0 97 232 224 165 105 11 255 170 189 246 136 91 234 255 173 101 92 1
    26 223 105 27 0 169 75 123 143 251 116 18 136 86 122 33 203 235 7 55
    59 211 255 0 255 0 3 255 255 60 255 127 173 0 255 255 255 41 0 133 0
    245 255 0 252 34 122 0 0 11 255 124 120 0 242 255 255 186 3 247 114
    222 25 0 30 247 130 87 255 255 119 157 180 0 188 107 0 255 0 83 255
    0 0 169 4 151 44 209 0 228 0 0 0 195 82 145 255 197 255 56 140 170
    255 133 0 255 255 72 19 200 63 249 255 255 183 93 0 137 1 172 114
    240 147 0 23 58 0 0 248 0 144 172 160 255 0 0 82 224 58 255 246 0
    231 146 201 0 63 255 100 41 255 0 30 255 0 84 187 1 153 250 62 230
    255 0 0 0 94 231 203 181 86 190 255 0 101 225 0 186 178 255 206 189
    255 255 101 0 68 233 179 198 63 0 0 255 177 255 77 0 255 18 132 134
    251 148 255 93 255 0 239 255 215 107 50 116 0 0 255 207 0 190 97 11
    255 184 211 255 0 185 41 170 81 57 101 102 255 255 12 0 210 0 127 0
    211 129 213 94 0 255 255 22 1 147 204 255 224 0 84 255 255 17 160
    255 150 203 242 89 255 173 193 255 110 206 111 255 255 107 5 32 255
    195 253 124 146 255 0 170 123 255 255 36 221 39 103 0 162 2 255 28
    151 255 0 0 32 196 0 18 255 255 0 255 203 196 199 28 188 57 21 222 0
    196 0 211 112 153 208 0 255 69 0 46 0 57 54 0 0 255 51 255 190 7 255
    0 95 87 51 48 110 255 36 207 196 54 97 69 6 246 255 201 255 255 0 75
    174 137 14 191 0 0 255 58 255 0 79 87 138 169 79 0 43 0 0 91 255 222
    188 215 90 255 255 0 5 255 255 146 112 40 171 66 255 202 255 212 0
    246 63 255 32 255 213 9 237 161 0 199 64 228 44 0 255 20 194 255 237
    255 255 15 255 0 248 255 158 99 0 228 255 193 248 46 12 209 83 0 0
    36 76 255 89 230 164 67 157 129 39 0 255 73 239 240 129 164 255 104
    0 251 133 97 122 0 0 99 255 187 0 199 240 0 255 0 0 13 18 0 228 70
    53 0 0 0 1 128 255 220 255 201 161 29 106 114 255 0 23 232 255 3 243
    59 21 255 143 255 0 0 255 60 103 34 196 0 0 161 255 255 5 255 58 255
    131 159 117 140 0 7 203 208 226 255 44 0 0 0 0 189 73 168 0 0 42 49
    0 114 0 246 206 52 105 101 255 0 206 23 232 90 255 149 66 57 53 255
    0 11 92 0 177 0 142 58 232 243 188 255 255 255 0 255 255 255 187 3
    75 177 0 0 183 0 220 47 255 255 51 0 75 207 194 210 0 187 16 61 10
    255 76 71 206 255 255 255 0 173 255 72 255 149 255 255 19 50 13 124
    170 12 217 97 136 96 0 255 99 0 255 27 9 255 114 0 153 252 0 173 143
    218 153 62 253 233 36 255 180 43 98 241 255 98 255 28 6 79 0 62 0
    255 75 0 21 255 255 142 98 255 255 11 0 0 255 0 115 0 255 0 175 0 0
    254 0 54 0 0 37 178 176 18 0 212 163 255 13 0 238 0 99 0 255 0 0 23
    0 182 135 202 255 0 110 255 80 0 141 191 189 237 0 0 0 190 255 2 231
    255 255 122 124 255 157 23 96 14 255 233 46 255 104 255 89 131 179
    197 255 74 248 255 206 0 71 116 110 255 217 217 255 242 72 223 139 0
    238 0 75 138 205 111 155 127 140 16 210 0 144 181 0 172 255 255 32
    255 255 26 71 103 255 244 0 0 101 26 255 127 201 105 53 13 78 124
    231 113 192 67 0 14 254 0 0 159 22 0 0 36 255 149 255 142 228 91 140
    78 255 0 41 45 241 0 132 136 53 232 46 195 51 162 0 237 255 0 74 118
    255 95 124 0 0 255 169 114 225 0 178 8 255 200 147 255 43 186 76 209
    118 0 255 0 132 197 255 255 164 255 187 230 133 243 255 7 92 255 166
    0 0 234 255 84 172 255 86 255 255 242 251 255 0 0 0 251 5 0 172 148
    240 63 255 0 233 32 3 255 0 9 160 26 235 23 0 255 133 0 255 0 0 229
    114 249 0 168 70 55 83 114 203 153 116 213 38 118 114 255 56 16 255
    255 38 0 0 206 0 194 0 207 255 54 0 0 173 79 245 0 217 0 151 198 196
    255 60 95 212 255 18 203 249 0 59 28 3 203 12 164 255 118 176 29 255
    255 115 110 69 192 255 0 64 253 0 43 0 143 255 122 254 204 40 255
    246 140 0 0 111 0 101 0 101 255 17 0 0 255 255 98 255 226 0 182 71
    255 229 255 6 149 255 0 99 255 187 255 26 82 194 255 255 124 164 37
    255 36 127 255 0 80 232 0 179 213 236 255 206 0 255 137 236 36 255 3
    180 255 14 255 239 115 220 184 255 65 255 255 0 0 247 14 11 0 97 223
    230 13 6 190 175 255 0 230 148 37 179 232 250 218 13 168 88 34 69
    245 24 80 108 91 0 116 0 31 131 0 178 255 0 212 238 137 185 176 255
    44 106 0 237 0 0 97 124 11 255 231 225 255 250 255 125 230 56 30 72
    0 172 203 13 119 255 30 255 244 255 0 255 255 177 106 9 34 0 225 123
    34 255 49 242 221 0 255 237 36 129 0 133 154 61 174 97 88 234 255 78
    255 52 109 89 41 255 0 113 252 255 65 109 8 255 41 244 5 229 0 124
    32 0 108 255 215 255 103 255 0 255 52 6 0 255 199 127 216 36 255 0
    220 0 134 0 173 255 203 255 255 0 30 178 229 255 61 159 171 173 191
    255 255 86 255 242 0 0 60 209 110 21 0 255 126 189 55 255 110 9 255
    0 207 51 221 31 255 255 255 241 0 255 197 0 0 4 4 0 135 234 255 73 4
    15 255 54 0 0 130 0 95 0 136 50 241 112 79 137 212 255 126 255 245
    252 118 0 87 237 238 255 90 0 255 235 0 198 93 207 0 81 0 255 255
    208 255 156 249 33 0 61 255 250 71 112 0 255 235 255 0 0 251 13 90
    69 129 255 31 245 116 132 0 255 255 255 4 249 255 249 76 55 255 23
    115 3 43 255 73 0 154 86 0 211 133 33 42 191 118 73 0 0 186 155 38 0
    255 225 9 39 45 197 0 206 255 30 255 255 91 92 0 0 224 255 0 95 167
    255 0 27 12 0 251 0 57 255 133 0 0 0 255 109 240 117 255 45 0 199 0
    117 39 203 57 10 190 255 255 91 73 35 133 255 255 255 0 255 127 19
    255 64 47 0 255 255 200 208 255 40 99 57 216 255 118 98 255 238 255
    255 39 228 203 207 240 0 169 65 94 218 255 0 143 165 111 255 0 234
    255 187 12 0 125 146 224 201 0 141 240 61 237 0 0 18 93 160 80 226
    92 50 83 29 33 87 247 255 70 109 168 0 226 0 0 255 50 255 241 255
    255 100 255 34 0 32 0 0 108 93 158 47 194 35 255 227 206 254 255 255
    24 175 188 49 121 128 162 157 17 208 0 18 190 10 0 249 255 47 75 251
    11 9 141 255 227 150 138 0 255 121 189 210 58 0 0 189 0 82 222 242
    255 134 255 40 213 55 0 157 0 255 255 255 58 255 162 23 119 255 255
    124 245 136 117 184 20 153 15 193 0 255 28 255 192 0 79 165 194 22
    101 237 55 255 114 206 0 0 255 73 71 50 160 0 255 144 255 166 255
    101 43 0 195 168 75 255 255 149 255 255 215 80 96 200 41 255 23 6 65
    196 0 224 255 255 0 42 34 176 255 98 167 200 189 76 171 0 0 39 234
    141 38 0 255 169 255 255 217 255 44 148 255 168 56 204 81 84 24 114
    64 255 159 60 255 255 47 0 255 124 0 55 0 50 225 255 0 77 32 255 38
    151 255 154 33 27 189 0 1 50 62 168 255 184 255 191 255 0 131 0 27
    71 0 234 0 149 255 165 255 159 46 25 24 0 228 104 54 39 0 104 50 181
    195 14 203 149 66 205 255 35 123 68 255 131 227 255 0 255 255 0 4
    100 235 5 255 65 255 232 255 130 122 173 0 167 73 0 0 255 0 0 191
    144 12 112 89 232 255 255 151 172 255 255 178 177 200 163 255 129 69
    87 13 49 171 157 255 0 75 0 0 127 216 0 255 68 196 0 173 163 255 8
    232 0 30 12 212 155 0 255 1 0 255 188 154 217 255 0 63 216 255 164 5
    83 232 7 0 0 255 74 255 77 29 0 236 19 158 1 9 181 188 255 237 255
    59 0 179 239 0 20 255 221 0 255 60 0 0 0 89 251 255 255 166 255 199
    0 255 207 0 0 201 82 173 0 0 175 0 86 255 255 106 226 140 255 163
    255 163 0 125 109 0 180 151 214 92 180 0 241 0 197 237 0 163 0 33 11
    255 181 136 223 112 80 255 220 109 9 0 13 79 0 73 0 33 128 162 40 0
    142 238 132 239 255 102 52 166 0 0 221 0 255 255 255 2 0 85 255 207
    0 74 255 255 0 110 11 72 188 203 255 255 239 200 161 227 73 203 255
    0 122 183 30 255 86 184 255 86 255 89 241 151 0 196 81 0 144 255 0
    124 49 118 0 0 19 255 0 229 40 57 255 255 255 255 181 253 79 58 196
    64 255 75 255 0 44 255 243 255 179 10 0 156 0 0 0 255 144 51 172 128
    139 0 232 0 255 92 0 255 135 102 68 255 92 0 200 58 255 226 255 109
    42 41 11 190 152 165 255 121 77 39 255 143 46 255 255 140 0 71 107 0
    247 51 134 193 250 118 205 255 67 101 21 1 56 255 27 36 104 255 0 0
    104 255 0 182 115 245 50 46 182 255 129 255 197 0 174 205 95 33 205
    162 82 57 51 200 255 119 45 255 255 0 171 31 8 50 36 255 65 0 51 250
    255 0 80 255 126 177 202 255 210 226 6 0 255 95 0 44 97 48 255 0 255
    103 30 163 255 99 199 255 255 49 255 251 39 0 75 17 157 146 119 16
    195 255 80 0 255 255 250 39 255 186 54 198 0 95 255 162 51 255 255 0
    169 131 202 255 118 23 0 37 25 0 184 235 152 123 248 18 233 255 10
    206 74 0 255 0 24 92 97 255 58 69 127 255 255 255 255 91 0 171 255
    62 0 174 159 217 178 206 99 51 0 153 30 177 160 79 96 115 0 0 159
    131 0 218 232 123 205 173 0 0 21 249 207 206 68 22 90 188 116 116 76
    13 0 0 48 241 143 150 224 0 180 216 0 0 0 229 239 92 15 58 159 106 8
    124 248 121 0 255 0 255 197 152 176 0 59 231 12 255 50 204 255 15
    178 8 0 189 255 40 28 125 255 255 255 47 88 168 155 52 255 155 144
    186 25 255 74 255 119 214 221 0 226 241 59 255 42 0 255 59 200 166
    184 0 126 62 255 193 46 48 139 0 92 0 186 161 0 255 139 206 0 0 100
    0 6 176 255 137 220 252 0 0 255 255 236 0 107 227 246 0 209 0 255
    252 126 165 245 255 255 102 255 214 224 172 0 0 255 137 226 255 219
    255 0 133 235 230 75 144 98 255 255 134 0 255 134 176 0 0 228 181 0
    64 0 171 120 133 255 117 255 0 255 29 255 187 0 255 91 112 180 255
    211 22 235 69 255 20 255 110 0 255 62 0 211 218 0 0 255 0 255 255 0
    42 0 245 47 69 44 255 149 255 255 119 0 23 0 255 0 137 179 255 247
    84 241 234 48 0 127 95 48 255 50 104 0 255 255 70 0 0 203 126 87 0
    255 195 0 38 111 0 185 162 203 107 96 150 78 0 63 152 58 252 20 0
    255 134 57 255 0 90 222 61 0 85 255 255 255 53 255 255 133 99 2 0
    101 237 74 138 156 209 0 0 58 255 176 255 255 0 252 52 0 136 0 96
    242 0 138 232 0 87 93 63 211 30 0 251 255 255 200 255 90 255 104 240
    255 152 0 0 0 255 210 0 255 255 131 75 0 8 255 93 0 47 0 204 169 7 0
    148 255 7 255 255 255 0 123 90 24 255 247 219 182 25 64 0 214 0 171
    205 112 0 230 224 230 139 249 166 103 134 154 121 0 202 0 255 0 255
    225 98 0 0 255 0 22 0 0 165 0 208 161 130 82 255 106 223 255 111 0
    255 209 174 224 176 207 42 175 150 67 245 177 255 255 3 101 201 202
    214 0 198 145 125 255 240 255 202 0 255 119 177 97 255 255 115 174
    97 178 0 65 255 0 171 16 176 20 0 0 84 30 255 192 255 0 239 255 0
    228 93 255 255 255 31 0 255 78 29 255 243 0 255 255 15 178 253 254 0
    123 238 255 103 102 252 255 24 0 255 125 250 53 18 0 63 0 255 50 255
    149 112 170 19 255 183 165 255 236 157 97 201 206 228 255 231 0 0 83
    0 225 255 84 117 118 21 255 221 118 255 255 233 132 211 255 182 92
    55 231 11 176 145 120 45 0 235 0 255 42 215 215 0 235 255 203 41 200
    158 224 180 0 207 180 255 0 255 42 0 255 191 207 106 215 3 0 217 255
    176 196 255 5 186 255 176 146 126 72 149 152 245 165 48 155 13 51
    120 0 0 255 255 255 0 2 255 33 255 255 186 187 255 0 255 17 255 255
    164 255 168 46 255 134 164 240 235 0 16 19 0 255 255 0 6 3 125 255
    30 74 17 1 30 0 0 151 131 219 135 0 143 32 159 181 177 239 151 255
    29 211 210 255 255 165 199 255 218 79 171 67 0 0 0 36 255 192 206 5
    115 203 88 0 89 255 133 123 240 216 238 197 11 2 124 181 234 255 255
    85 0 204 179 0 30 0 115 255 4 167 245 0 0 0 0 72 227 255 255 0 0 0
    160 0 57 171 243 186 102 213 0 86 248 208 0 168 211 1 0 204 148 0
    255 244 216 241 0 32 112 255 255 86 20 255 255 66 255 110 230 120 14
    201 240 255 59 231 149 255 255 19 0 62 72 44 255 173 242 96 115 116
    81 145 0 255 80 0 0 0 0 15 42 197 64 235 4 255 134 30 0 255 138 224
    255 255 140 142 31 169 255 255 0 0 13 0 255 255 255 116 3 127 42 0
    142 65 24 234 146 0 225 190 184 46 91 255 0 92 6 59 55 92 255 35 70
    6 255 255 45 255 255 0 255 0 0 0 244 232 150 0 255 0 0 97 255 0 206
    80 0 0 67 205 255 52 46 255 0 21 240 146 0 255 255 136 4 40 160 150
    0 0 77 99 155 168 255 0 100 111 170 100 255 255 146 36 226 225 0 87
    72 246 242 0 155 14 76 0 109 255 231 0 62 50 10 255 0 0 0 114 176 0
    216 163 255 191 0 0 131 52 57 139 255 255 0 84 239 218 202 255 255
    181 127 67 255 255 183 176 233 0 0 212 129 221 92 143 255 145 28 0 0
    0 81 0 0 255 182 29 255 10 124 217 255 218 0 160 210 0 153 35 159
    185 137 63 181 86 87 134 130 213 189 167 255 255 225 0 3 0 0 77 25
    255 255 255 255 50 214 10 105 211 0 65 211 0 39 52 255 255 35 0 24
    140 204 141 25 0 0 75 220 56 217 215 0 255 0 0 207 77 145 168 213
    239 0 107 31 255 220 68 0 255 0 47 0 239 0 68 103 255 0 85 255 144
    255 149 0 135 0 68 255 160 61 250 39 177 255 20 255 141 255 140 160
    255 251 208 183 145 0 0 255 0 87 190 66 0 25 180 40 101 0 143 0 14
    16 0 130 0 78 113 255 87 255 255 173 136 255 240 70 51 171 67 94 255
    255 45 132 0 255 224 104 0 255 50 201 130 84 118 56 22 71 179 0 60
    118 0 0 65 178 241 168 229 73 0 129 142 255 0 0 249 162 198 255 57
    116 255 94 255 171 0 255 43 56 164 181 33 34 98 4 255 255 38 255 189
    0 124 68 204 255 195 255 240 255 182 158 246 173 0 0 54 229 218 177
    167 40 0 229 44 9 38 225 194 101 96 33 255 105 161 184 181 0 180 192
    166 6 0 255 0 219 28 5 226 85 0 44 34 252 232 206 96 119 67 8 220
    255 156 0 248 0 85 0 0 190 160 28 255 255 227 56 255 255 69 0 162
    255 0 110 166 45 0 255 255 135 2 64 0 255 108 0 62 0 16 255 86 0 204
    255 150 143 30 0 227 96 0 255 255 209 27 0 82 9 255 143 72 101 169 0
    68 205 0 0 0 85 255 0 94 224 112 146 255 234 255 151 137 0 227 50 53
    216 159 182 255 40 157 0 179 20 255 47 0 57 15 0 0 173 58 0 62 90 0
    0 0 255 64 255 255 42 195 227 15 68 174 30 0 255 20 67 29 153 0 46
    255 0 28 255 0 0 219 181 3 157 44 0 0 178 255 0 0 103 113 240 255
    193 35 71 145 255 93 83 183 0 255 181 255 255 137 162 112 0 0 196
    109 238 73 0 193 180 0 255 117 0 27 62 0 161 152 0 49 0 220 0 105
    255 183 0 6 255 76 255 238 193 69 138 0 143 0 0 21 0 87 255 255 40 0
    255 228 0 36 0 255 0 221 255 229 157 52 172 160 0 255 255 227 255
    211 218 219 0 96 0 0 228 154 237 0 145 102 0 255 126 255 50 143 176
    215 0 134 248 0 233 0 0 0 133 0 0 255 125 0 255 136 33 68 47 206 12
    0 255 185 255 255 169 159 255 0 74 182 255 255 255 255 0 2 0 10 255
    0 255 111 0 255 14 62 0 159 30 45 228 188 255 255 178 53 232 0 0 155
    13 205 255 86 255 33 255 0 255 131 255 255 7 121 166 233 164 187 84
    233 0 211 128 255 218 60 0 147 255 160 0 231 195 0 255 249 44 0 0 0
    77 117 165 0 180 144 106 255 47 110 206 45 105 255 85 79 255 80 216
    128 17 70 0 255 227 1 171 255 0 207 255 54 49 160 255 161 255 70 123
    111 255 255 136 129 88 251 5 0 0 74 179 255 255 255 255 66 0 0 0 55
    44 196 45 0 255 255 239 85 101 255 235 71 0 87 134 39 196 90 138 102
    0 217 18 26 62 109 4 151 255 246 169 4 116 152 255 44 132 255 8 185
    0 122 14 140 240 252 255 103 255 11 0 0 80 138 59 198 118 255 194
    213 255 216 255 134 105 0 255 255 181 0 216 250 209 255 207 56 167 0
    193 255 103 229 218 0 255 52 0 14 142 0 241 255 255 188 74 21 255
    134 255 244 59 255 82 255 0 51 6 227 255 17 89 0 218 209 0 15 59 20
    255 64 188 255 101 50 81 0 0 0 8 255 213 255 87 0 255 255 149 206 0
    0 255 0 91 0 223 146 0 0 0 176 25 38 191 23 0 31 100 207 225 233 192
    176 255 0 42 42 0 245 27 255 186 146 130 215 48 0 37 255 41 0 255 44
    217 126 91 216 230 146 255 220 33 197 45 0 159 173 34 0 66 105 69
    255 137 192 0 155 58 0 255 0 218 78 191 163 0 142 96 0 255 156 255
    255 166 96 255 223 175 0 54 210 24 15 80 219 148 180 106 4 207 98 7
    101 33 212 255 0 255 0 204 58 215 180 254 155 0 140 47 255 234 255
    201 255 189 0 0 184 213 0 110 215 80 255 177 187 255 244 152 255 218
    54 211 23 149 231 236 0 255 255 255 209 255 0 222 18 192 233 255 149
    145 0 255 65 55 196 0 209 169 255 185 37 0 6 127 148 255 183 0 112 0
    70 75 255 63 47 136 0 42 255 0 0 255 170 74 225 248 153 171 73 255
    69 70 97 0 255 255 0 208 160 255 0 187 255 120 200 83 0 168 129 149
    255 80 219 193 229 120 0 239 39 60 66 86 187 106 255 91 175 0 136
    159 157 1 62 70 255 167 255 255 105 0 94 255 255 146 45 157 158 0
    221 242 214 255 0 255 37 59 2 110 0 0 116 0 255 0 189 48 0 163 0 0
    255 138 69 0 255 243 18 255 255 132 84 8 255 255 255 255 255 192 255
    63 242 255 11 115 42 240 144 221 152 0 255 255 199 255 223 227 57
    103 146 151 0 78 255 254 156 195 255 63 189 168 0 0 185 120 255 176
    163 255 0 246 11 212 0 157 127 0 170 174 122 255 79 0 255 219 255 0
    191 0 140 183 50 142 214 201 0 14 30 132 255 88 232 86 215 35 137
    255 198 232 0 92 223 194 123 255 255 2 255 15 138 93 255 223 255 0 3
    74 144 255 46 212 119 218 107 255 100 110 0 239 152 18 255 113 182
    253 106 214 215 0 7 135 0 24 12 255 0 113 0 0 52 62 255 15 50 166
    144 0 0 0 0 0 111 255 0 111 228 242 0 255 244 111 66 247 117 255 108
    141 0 0 255 202 255 77 47 248 121 75 179 255 33 255 134 0 0 0 185
    108 166 46 134 255 255 14 0 170 149 0 26 52 161 255 132 59 161 255
    255 233 45 211 79 255 242 241 185 0 0 80 0 198 177 45 148 127 255 54
    255 21 255 53 0 173 255 81 154 162 130 25 0 216 206 188 255 10 141
    125 7 255 0 0 223 0 45 141 133 128 196 0 44 0 2 255 0 158 242 0 30
    110 88 90 42 29 0 62 76 77 41 130 147 174 0 0 149 255 101 255 217
    187 255 5 255 232 170 255 255 93 255 176 98 176 51 185 103 53 255 42
    165 138 224 0 132 24 255 255 0 123 46 189 89 228 0 0 198 9 0 0 0 169
    255 0 170 255 9 244 76 254 116 15 0 62 52 0 188 255 68 0 230 83 255
    0 255 139 250 0 134 255 65 154 207 132 120 40 206 224 0 71 108 232
    255 255 196 0 255 0 0 255 59 244 27 234 0 255 255 190 12 58 18 140 0
    0 246 54 92 88 255 0 43 0 26 225 208 165 212 140 149 21 0 255 255 0
    202 26 255 57 251 255 244 228 255 0 233 136 255 255 255 0 204 139
    237 49 252 0 175 180 147 14 35 202 255 255 0 229 0 29 226 0 0 126 0
    0 167 196 0 194 246 255 255 167 0 227 61 0 96 93 199 113 0 255 0 0
    36 0 226 0 116 0 255 67 21 255 0 11 157 13 62 11 202 124 0 212 255
    236 199 0 39 107 234 94 14 255 0 77 97 21 0 0 191 255 221 0 196 255
    0 107 12 239 129 0 12 233 193 0 62 197 255 86 56 162 0 130 154 0 150
    110 104 0 255 172 255 49 224 96 0 0 94 56 145 170 160 255 255 126 76
    173 145 94 255 255 123 121 255 255 125 156 242 48 50 35 181 182 153
    255 12 255 255 232 51 0 255 5 255 165 211 255 184 184 2 96 44 255
    255 154 49 255 0 0 197 0 86 58 149 0 209 47 194 81 250 0 255 255 247
    108 252 0 197 255 0 223 255 0 46 255 232 71 255 135 255 159 27 25 0
    0 0 116 135 225 174 84 0 255 35 159 79 0 0 0 165 123 188 103 34 82
    193 255 255 164 0 255 110 0 140 135 0 204 219 0 130 116 255 255 23
    65 122 14 249 206 14 197 142 0 255 179 0 64 54 241 0 0 255 0 235 197
    205 206 82 221 214 0 97 255 201 223 159 255 224 0 150 255 171 83 240
    132 13 255 179 44 0 244 0 255 41 0 255 77 253 255 230 131 198 255 44
    33 0 0 210 0 14 255 19 193 150 43 0 0 182 255 78 70 41 71 190 0 255
    76 201 122 190 255 255 0 41 102 160 0 94 255 204 66 168 0 0 255 112
    238 90 0 152 0 0 122 255 0 23 255 98 69 48 0 251 0 155 178 255 169
    255 255 255 255 0 0 255 126 163 29 20 92 130 55 235 0 5 15 226 255 0
    10 254 0 3 169 0 55 79 91 206 255 244 94 16 54 0 0 113 122 61 176
    255 232 255 0 255 0 132 255 9 239 255 183 185 125 8 209 32 255 0 109
    0 35 131 0 170 255 0 255 0 71 255 0 255 255 71 255 46 247 255 123
    178 255 255 27 0 255 24 30 255 92 123 0 237 255 0 255 129 0 0 159
    191 65 255 210 20 128 0 51 255 36 176 245 58 58 111 232 0 152 255 0
    52 143 23 0 194 242 31 0 0 177 175 49 218 222 73 67 221 10 0 255 250
    104 168 68 201 17 183 0 255 92 143 130 0 0 0 0 0 139 165 123 74 224
    170 255 255 145 75 255 181 38 219 113 11 255 160 183 228 0 136 0 62
    102 0 48 120 140 255 58 156 237 40 228 0 207 66 77 255 192 14 244 37
    102 254 161 17 195 3 255 255 0 57 224 127 53 58 189 140 234 0 212
    255 0 209 39 0 255 143 133 99 48 52 255 226 205 27 176 255 206 241
    174 20 192 0 135 0 193 106 199 237 151 0 255 0 42 242 0 0 78 191 172
    255 159 240 0 0 251 168 103 255 228 202 255 241 255 52 52 211 126
    150 208 250 29 56 229 65 0 255 255 236 242 138 172 45 0 0 0 14 53
    125 255 188 255 213 0 212 146 255 255 190 83 127 151 255 255 124 255
    154 255 206 213 201 165 0 224 37 88 237 0 44 217 189 255 0 242 239 0
    132 95 99 196 255 213 255 0 132 255 0 0 0 4 255 255 101 124 158 229
    26 226 206 159 0 223 119 255 110 229 179 17 132 58 60 209 236 0 3 71
    255 0 15 26 0 206 0 0 255 0 0 255 255 255 214 142 188 212 28 135 255
    13 92 255 27 255 255 0 255 0 0 0 208 163 255 65 250 31 250 45 27 129
    255 209 4 0 242 255 0 130 173 255 206 76 0 195 177 52 160 0 0 119 0
    170 255 255 255 39 255 0 127 187 0 47 0 110 0 0 255 103 76 0 37 255
    0 255 11 136 0 129 112 89 98 123 210 214 0 255 0 255 184 0 255 194
    243 255 0 65 41 114 144 0 19 74 76 0 255 0 0 255 0 93 177 232 255
    237 218 255 255 0 255 231 168 30 202 255 255 153 0 110 255 163 153
    181 255 71 130 255 110 255 255 0 223 255 0 219 63 255 255 171 199
    204 153 136 0 255 0 59 36 255 9 0 87 212 21 116 0 255 74 180 138 0
    197 0 255 255 175 255 255 0 0 120 255 28 210 79 162 112 15 255 255 6
    168 255 155 125 98 156 174 81 231 0 206 38 0 0 147 255 138 0 14 213
    0 9 0 180 85 0 94 0 123 255 165 0 193 255 9 0 20 134 75 246 123 115
    78 78 134 15 174 30 0 70 80 0 0 215 77 74 40 149 0 0 7 179 174 78
    218 11 255 62 30 24 110 191 124 0 182 255 157 12 61 114 207 62 180
    47 53 141 91 141 0 250 217 255 171 255 188 65 10 169 80 0 121 166
    199 0 0 0 253 24 0 8 255 0 109 140 255 157 105 0 255 0 190 227 0 40
    168 0 172 86 25 0 137 255 0 234 255 101 245 79 215 100 34 255 0 255
    114 54 0 0 64 99 118 169 17 16 34 2 33 0 185 219 15 56 255 255 0 18
    191 150 246 8 255 230 54 191 18 102 255 255 65 79 172 139 5 255 67 0
    4 219 0 255 0 165 0 145 255 79 6 200 56 255 185 227 198 224 255 127
    165 41 215 161 235 65 156 255 65 89 0 142 9 100 255 0 164 135 0 106
    241 0 0 239 231 149 14 84 110 154 137 29 255 0 83 0 169 86 255 82
    150 255 109 85 105 214 0 157 143 0 255 179 247 228 145 112 250 136
    45 60 255 45 0 219 0 190 102 128 255 255 0 254 226 255 255 54 18 87
    255 0 65 217 91 0 0 190 255 255 30 255 0 95 0 253 156 211 255 109 40
    46 91 255 255 141 156 255 249 237 63 185 255 0 150 241 255 235 198
    232 250 105 255 0 95 255 27 100 19 244 255 115 255 204 144 255 173 0
    255 38 255 218 0 255 0 0 0 209 152 209 187 211 100 0 0 255 51 0 97
    28 136 28 255 149 255 255 0 0 188 45 0 232 0 246 14 0 255 60 18 255
    57 255 255 0 146 0 60 255 0 147 0 0 255 15 0 255 26 198 255 255 200
    0 195 251 255 0 5 152 235 172 0 84 14 0 133 163 94 0 123 29 91 255
    155 4 255 127 0 39 210 62 39 89 255 213 105 47 112 124 161 174 126
    255 44 157 191 165 183 4 0 49 28 11 0 91 123 0 149 133 44 255 0 37
    23 130 255 112 255 238 243 0 7 34 99 24 94 255 255 0 49 255 229 78
    41 255 153 185 206 35 158 111 255 87 255 73 249 225 79 59 95 219 242
    0 238 79 255 68 213 0 181 200 26 255 152 240 157 84 255 121 0 160
    233 239 255 239 23 173 113 224 37 0 58 58 112 26 0 207 180 83 89 255
    225 209 158 20 0 0 234 0 229 21 115 142 134 255 255 0 140 250 123 77
    14 200 125 0 124 227 104 0 252 0 247 107 251 0 155 76 8 54 255 231
    194 194 23 0 40 178 0 0 0 0 24 247 0 0 74 255 255 163 255 118 255
    183 218 166 255 133 0 255 35 71 224 130 232 36 0 193 247 18 174 0 22
    58 48 237 0 181 170 0 219 255 0 31 172 0 0 14 218 0 235 37 232 255
    255 190 225 216 48 53 180 1 119 28 101 249 181 0 0 0 177 30 255 10
    131 134 134 95 111 170 127 150 255 203 153 255 50 255 49 200 228 127
    255 95 0 129 174 63 0 173 24 255 127 255 160 224 156 39 128 0 146 13
    0 151 221 99 102 162 222 0 0 255 0 255 239 0 39 39 255 49 255 231 61
    29 255 0 125 45 34 255 0 163 255 0 143 89 255 219 0 129 233 255 58
    154 242 121 0 255 235 17 66 166 63 255 227 0 255 157 251 255 110 105
    204 255 61 0 255 0 255 239 186 218 0 234 255 0 14 227 96 255 170 34
    252 239 182 255 0 86 22 160 0 255 255 255 255 93 0 151 245 32 255
    118 120 24 0 191 220 255 153 90 228 133 174 158 235 26 179 29 0 36
    179 255 0 183 183 255 232 93 159 0 255 105 255 0 0 103 69 0 131 255
    255 255 255 51 66 57 175 255 0 255 255 77 255 151 234 255 166 0 0 0
    63 45 83 80 231 252 0 187 255 232 104 164 155 6 169 0 161 255 251 2
    255 252 96 187 0 0 56 0 82 236 0 123 176 0 243 255 87 0 100 0 88 126
    6 182 0 255 182 255 115 0 0 255 0 236 165 255 173 212 93 206 0 0 128
    67 99 64 0 12 0 71 162 0 26 0 6 0 255 66 181 200 255 203 147 0 0 96
    224 164 255 127 0 0 255 177 0 255 255 255 175 255 255 152 0 255 156
    120 165 0 32 159 62 231 0 249 146 65 26 60 40 0 214 255 100 104 40
    17 129 255 0 9 255 0 0 104 125 255 194 0 226 251 22 101 255 255 76
    136 0 200 222 138 255 161 56 135 222 202 10 255 255 56 76 118 0 55
    157 231 74 211 192 179 215 255 0 34 0 21 146 170 140 242 0 255 255 0
    255 126 0 255 167 174 163 46 124 255 0 163 255 255 205 195 240 255 0
    214 18 58 106 0 78 40 255 133 141 154 95 168 255 240 109 255 51 222
    255 137 229 176 165 59 0 49 0 181 162 255 112 219 174 178 3 255 0 2
    231 31 0 139 91 255 191 0 53 210 227 255 254 166 231 0 39 210 137
    168 122 33 75 191 0 255 255 189 255 95 94 51 132 255 0 10 92 20 179
    207 0 229 0 0 166 76 194 0 7 189 147 52 228 242 54 0 109 109 48 0
    137 7 159 0 26 151 115 210 255 107 136 255 133 8 117 255 74 95 24
    109 255 99 147 255 0 90 206 244 236 228 255 174 142 27 97 0 0 153 37
    139 150 144 255 190 45 14 172 255 255 251 27 137 117 4 82 177 229
    201 255 0 124 255 128 0 0 255 86 0 200 0 243 0 175 169 0 255 54 204
    133 0 0 0 0 54 187 154 65 220 166 255 137 208 255 0 201 87 255 225
    135 109 25 255 255 78 23 255 255 0 35 31 20 0 221 38 0 0 43 0 255
    240 101 255 0 32 192 94 224 90 0 0 183 27 95 237 127 121 215 68 255
    11 255 65 136 0 255 5 0 116 110 235 16 172 52 134 112 20 82 16 255
    59 103 84 255 19 0 170 255 0 0 0 0 255 170 255 158 179 155 251 212 8
    29 0 255 30 0 255 84 0 47 255 88 255 207 214 247 255 223 81 54 96 23
    0 190 70 255 255 255 188 173 0 255 100 143 18 24 60 1 165 0 0 59 242
    0 150 230 255 0 255 0 137 202 0 48 243 114 0 20 153 242 255 255 118
    0 255 255 242 180 51 20 238 205 201 0 201 255 0 239 120 255 103 16
    142 110 116 0 255 0 255 1 0 255 255 148 0 18 107 227 101 202 152 190
    204 183 192 255 0 107 0 0 188 255 21 245 202 0 227 49 22 5 101 140
    51 0 62 88 53 15 255 54 22 105 68 255 255 0 226 34 0 255 25 242 182
    79 34 255 255 255 0 229 50 255 218 0 9 165 176 255 206 255 35 187
    208 0 12 101 0 0 106 116 255 0 184 145 255 166 146 158 0 49 172 0 9
    114 97 0 255 138 188 5 186 35 174 157 127 255 60 255 57 255 88 255
    255 255 255 100 0 157 0 171 175 255 0 144 102 4 154 0 190 105 0 213
    144 0 255 255 40 0 222 158 23 223 67 59 241 215 173 255 66 0 34 255
    93 176 0 85 255 156 37 160 239 133 0 202 186 255 251 46 127 255 23 1
    0 92 133 212 0 255 76 94 248 22 112 221 217 194 166 181 20 114 255 0
    255 212 98 47 171 45 191 148 223 80 234 255 82 72 226 0 217 137 157
    81 167 0 188 241 238 200 244 118 255 88 0 188 225 234 0 255 131 255
    0 6 255 189 0 255 98 37 126 33 0 112 255 89 0 255 235 255 255 0 255
    0 111 11 0 255 87 228 211 0 44 75 22 180 44 0 52 0 0 191 254 0 215 0
    0 135 0 173 167 186 77 83 0 255 255 0 13 255 225 58 255 167 126 245
    94 126 0 80 180 0 240 0 204 123 24 255 38 255 163 255 39 255 255 0
    119 135 255 135 94 155 0 151 101 226 240 255 236 168 238 0 0 71 180
    94 0 66 0 5 232 213 255 33 183 0 46 52 192 205 255 255 247 113 255
    206 255 188 39 160 109 79 132 0 136 97 255 255 200 161 199 0 82 226
    211 255 211 0 75 255 0 255 255 204 15 9 98 78 255 33 188 255 17 0
    107 140 235 255 217 27 0 7 178 255 184 0 255 249 9 150 239 255 100
    202 255 0 107 163 0 243 222 116 255 73 236 62 101 95 0 191 255 0 190
    255 255 43 159 255 0 174 13 142 227 107 18 255 84 113 65 255 104 134
    68 224 216 244 73 226 0 0 229 255 0 74 234 0 109 120 134 35 0 255
    168 86 65 1 115 255 214 239 76 8 255 0 30 188 0 255 10 70 0 244 19
    255 88 255 255 8 119 167 0 3 0 79 76 255 152 255 0 42 154 9 94 100 0
    0 255 251 0 0 141 0 181 0 255 255 8 255 231 255 0 179 124 57 72 246
    57 0 178 226 183 129 30 134 230 172 50 254 187 38 29 4 0 213 255 0
    184 255 0 82 119 44 133 36 190 0 10 255 0 255 176 255 97 255 63 125
    111 255 255 61 136 0 255 0 38 255 179 252 17 255 214 90 170 157 138
    0 78 228 255 128 226 0 255 255 131 255 196 174 0 250 84 28 0 247 49
    0 168 255 27 255 198 0 116 183 140 30 255 255 255 213 0 52 41 254 2
    230 36 140 255 255 0 255 255 94 40 198 91 130 0 114 123 255 67 133 8
    249 164 61 55 73 18 166 0 255 255 35 255 77 251 223 61 255 252 0 149
    176 0 255 182 255 209 0 206 255 207 93 224 147 34 89 255 167 225 197
    10 186 90 27 255 255 72 133 16 238 148 255 255 255 153 255 244 255
    61 154 255 90 129 0 255 227 2 206 0 107 255 0 174 231 23 5 95 153
    131 0 208 255 69 73 255 38 113 147 255 78 255 255 251 31 93 255 255
    255 131 138 90 245 26 31 255 255 11 162 255 50 255 255 0 255 222 136
    216 0 141 41 89 0 0 153 226 0 255 0 251 0 238 255 0 61 0 22 15 30
    226 255 169 128 110 176 63 0 146 255 0 211 255 88 255 101 211 255 0
    0 177 0 13 255 255 0 119 255 0 0 70 0 59 41 252 90 70 249 0 179 0
    223 0 18 6 255 190 239 255 0 34 0 97 104 163 102 42 229 255 240 79
    62 231 216 106 0 154 227 0 0 255 255 143 0 115 249 90 2 67 226 0 248
    89 255 217 0 255 198 16 0 0 31 55 255 150 45 189 255 194 255 0 223
    121 131 36 208 133 168 52 255 17 0 133 44 255 11 255 205 63 41 62
    255 0 4 0 177 195 24 182 173 35 255 92 157 19 192 0 0 240 67 255 66
    0 255 159 255 255 70 0 40 208 90 255 19 249 2 255 183 176 255 233
    255 112 106 164 63 161 96 209 0 109 167 255 116 135 198 0 0 255 255
    0 255 241 40 255 0 44 255 36 0 250 174 66 189 111 73 255 206 24 18
    207 16 0 101 0 8 120 56 121 57 237 171 135 177 154 0 2 59 33 0 56
    127 255 0 55 255 32 135 158 32 227 0 194 255 183 255 225 246 248 189
    245 15 27 248 101 8 51 185 195 255 255 255 87 0 0 255 255 91 210 255
    37 62 0 25 119 0 230 180 255 11 60 255 53 0 92 34 0 177 193 0 91 223
    0 66 49 255 216 0 37 58 237 219 0 89 211 232 118 0 54 75 0 197 118
    255 129 13 255 255 40 224 130 162 172 255 188 82 221 233 231 0 49 81
    128 255 0 62 40 0 0 8 84 104 221 188 0 221 175 0 255 0 105 213 109
    255 184 236 255 119 57 233 111 3 0 0 111 143 144 255 5 50 255 183
    255 249 137 203 168 99 57 56 0 223 153 0 134 194 255 177 144 66 255
    47 255 136 183 255 255 255 0 255 100 0 255 160 0 85 233 39 247 79
    182 44 39 0 255 0 157 21 12 0 255 95 0 166 167 175 41 255 9 14 255
    255 255 0 86 3 153 226 129 255 57 0 158 5 250 255 200 79 255 206 0
    18 255 100 75 214 0 242 255 255 0 29 55 255 217 255 133 0 255 0 36
    255 82 38 255 255 255 255 111 255 255 62 250 25 140 255 100 47 255
    224 242 114 239 0 255 120 97 255 5 32 191 11 120 246 0 0 0 255 0 254
    200 121 6 0 226 121 0 204 255 0 255 3 0 191 0 42 128 178 255 187 246
    255 152 0 255 136 0 255 241 0 186 183 0 30 102 247 1 0 0 61 255 255
    0 253 156 0 0 255 0 255 177 0 123 0 121 0 105 0 214 0 63 143 89 195
    181 115 222 0 167 214 255 69 255 250 169 229 255 255 0 5 117 18 66
    217 199 107 170 77 156 134 0 255 170 236 255 40 207 52 0 233 241 61
    255 255 0 214 0 120 38 50 215 78 236 235 255 201 122 58 0 255 54 44
    0 187 150 139 87 255 0 255 0 134 108 235 74 111 255 240 169 255 255
    176 0 223 255 204 141 255 56 0 209 255 0 0 0 230 28 53 255 87 0 204
    0 4 255 89 0 255 56 108 26 0 129 187 58 163 255 227 145 80 82 232 14
    92 216 83 44 161 0 155 97 158 255 0 81 0 219 0 0 132 185 203 121 255
    175 253 23 255 106 75 105 187 0 99 205 0 221 150 37 151 89 162 104
    224 97 0 234 246 0 0 0 112 213 47 98 143 172 0 145 101 218 255 0 0
    158 206 255 60 255 255 167 43 0 78 238 0 38 208 171 251 102 0 233 51
    55 255 0 187 157 58 255 2 0 0 255 0 0 255 19 255 233 255 0 0 178 46
    8 23 193 0 98 216 185 0 135 0 0 202 255 211 255 255 252 37 3 255 223
    255 198 8 164 74 93 8 255 106 132 188 0 30 16 255 255 0 202 255 179
    0 255 241 255 139 104 99 0 25 192 69 83 0 207 130 117 243 255 166
    222 255 0 56 234 255 231 167 0 113 188 31 255 130 0 31 15 0 20 0 175
    252 0 115 151 106 162 95 147 175 159 84 129 0 126 0 0 240 250 234 45
    77 225 117 152 195 97 0 0 24 0 130 58 1 0 105 229 140 106 188 255
    104 108 84 180 70 0 132 13 95 255 58 2 65 39 122 188 0 5 0 255 182
    255 177 255 0 92 65 255 253 0 0 117 105 0 191 0 255 0 79 75 235 255
    251 255 180 0 23 0 69 221 203 168 255 68 140 57 53 127 0 247 255 31
    145 255 69 255 0 84 211 206 255 123 109 0 4 255 97 239 213 255 33
    255 255 51 255 2 0 0 0 225 35 229 238 167 10 255 255 255 204 173 152
    228 117 47 0 0 205 115 26 0 223 67 233 80 112 189 255 95 46 57 123
    52 38 160 250 207 0 255 133 255 217 175 0 144 0 255 225 255 40 0 0 0
    0 139 25 102 255 65 185 255 194 0 230 2 0 107 120 36 137 194 255 0
    83 255 223 255 0 255 0 226 56 214 76 255 0 0 89 255 5 255 194 129
    211 131 95 63 22 68 0 0 255 60 186 0 0 0 110 112 255 255 183 255 78
    124 255 36 0 56 52 102 31 202 0 0 28 255 0 0 255 251 88 255 211 45
    255 183 4 0 255 211 176 97 0 158 45 0 11 255 209 255 188 191 121 255
    214 26 255 74 145 255 145 126 46 0 47 144 133 164 132 55 255 199 255
    181 229 0 237 213 255 53 209 208 255 40 104 241 56 245 255 255 73
    203 255 225 0 255 255 3 118 0 200 23 12 221 161 48 14 125 34 25 96
    255 229 67 0 255 64 191 255 255 147 255 177 255 177 29 255 219 0 169
    194 0 87 111 255 40 114 147 39 0 115 255 0 255 188 0 156 40 69 18
    253 255 144 234 221 74 255 255 200 144 255 134 172 40 212 255 255 0
    0 255 27 0 175 216 143 33 152 255 160 208 102 3 152 129 255 191 100
    181 86 246 1 0 0 225 21 33 34 85 20 247 0 0 255 27 28 212 255 239
    255 187 0 215 31 0 231 236 113 0 163 68 255 255 23 22 144 97 0 23 0
    223 216 0 0 11 184 0 38 255 0 255 255 255 162 207 28 88 158 255 152
    0 47 165 255 236 255 227 144 234 11 114 13 0 233 54 11 162 0 136 255
    96 255 134 0 0 82 255 22 249 0 113 255 0 0 239 131 83 55 63 12 0 81
    197 115 255 103 92 110 45 106 249 255 166 27 255 126 237 61 78 0 250
    137 204 215 16 0 23 173 255 128 0 180 0 170 255 5 109 145 0 0 0 110
    248 4 237 255 255 11 8 255 93 0 131 255 0 0 255 0 149 156 132 255
    184 170 213 0 0 148 0 0 86 0 226 154 0 80 101 153 147 0 218 121 159
    156 139 255 244 253 255 242 255 249 255 19 219 0 49 53 255 201 219
    150 237 0 0 182 100 87 184 209 255 0 0 52 71 0 145 217 145 124 0 187
    226 82 39 144 255 193 255 109 132 128 255 255 30 0 32 255 85 0 85
    255 239 230 107 248 183 164 218 78 136 0 0 240 0 187 127 176 63 0 11
    255 145 249 140 143 47 44 228 96 0 159 162 54 39 77 0 118 54 155 0
    255 255 248 0 217 7 106 1 149 255 252 83 255 222 82 235 0 185 0 3
    255 14 180 255 0 140 255 168 151 0 79 255 117 155 255 118 188 91 255
    0 51 255 173 112 207 255 130 255 255 178 0 35 107 243 111 11 53 62
    24 30 206 167 255 86 119 255 0 255 251 115 112 65 227 201 142 255
    142 166 166 0 225 255 151 45 25 255 151 0 255 255 175 56 255 71 0 40
    241 75 37 54 0 154 255 0 53 8 45 177 255 9 51 40 189 0 122 255 0 111
    85 40 0 206 123 37 240 247 89 241 235 0 255 255 1 107 134 0 5 0 60
    12 0 46 0 99 83 88 121 188 25 243 0 185 144 114 255 34 97 153 0 0 23
    255 91 0 11 58 96 69 255 173 0 0 43 50 216 0 211 142 248 0 0 64 0
    107 255 108 0 255 0 255 157 255 83 255 79 255 160 158 90 189 33 21
    217 255 35 126 194 14 143 251 24 0 0 144 55 151 186 197 0 255 42 0
    176 0 9 255 234 28 231 202 34 255 56 255 10 81 196 0 255 170 255 96
    0 255 14 0 142 71 255 111 255 212 52 253 227 158 111 113 106 0 157
    67 239 164 82 0 146 0 69 45 0 178 75 255 0 39 177 91 0 63 0 255 129
    46 111 255 5 0 142 170 192 247 111 146 255 0 0 255 119 247 173 57
    198 255 29 150 34 187 237 181 154 0 49 25 255 255 0 255 0 255 115
    190 177 49 157 254 255 255 36 0 222 202 0 255 9 0 66 133 47 95 0 0
    224 154 0 92 255 0 0 137 63 129 0 0 0 0 219 0 92 54 168 64 42 0 0 97
    215 222 220 102 9 0 0 204 0 0 245 246 170 0 17 240 13 103 21 71 234
    112 51 28 255 0 35 0 18 102 255 0 0 32 233 124 235 208 255 186 227
    246 106 243 158 255 255 255 72 156 248 255 234 0 0 237 0 45 0 255
    168 221 0 86 0 119 194 212 178 50 132 55 0 0 127 92 97 188 100 255
    255 255 42 172 0 179 255 0 35 145 255 0 30 248 170 114 0 255 0 250
    255 74 38 255 111 184 178 247 205 189 59 224 232 193 58 219 94 58
    194 164 240 114 62 0 137 102 0 0 48 21 98 163 64 0 255 8 92 0 255
    144 121 83 193 107 255 80 202 250 90 240 135 209 214 143 27 29 110 0
    0 24 0 55 85 255 255 228 90 200 54 3 106 135 0 0 189 0 255 204 0 255
    255 55 0 0 231 255 0 255 145 35 235 11 146 23 72 58 0 0 5 214 64 191
    255 91 0 0 99 255 0 247 255 45 67 255 177 27 215 87 108 232 255 187
    85 52 255 0 210 160 0 0 0 49 255 255 67 255 0 211 236 13 113 194 0
    255 62 199 235 0 199 0 176 247 113 30 254 255 119 255 216 187 238
    159 255 255 30 38 168 191 48 194 69 255 28 0 15 235 28 0 0 173 3 220
    103 9 103 161 82 0 72 0 12 57 255 0 255 0 91 0 7 17 190 0 29 212 159
    0 161 210 154 63 22 255 0 173 0 255 0 0 0 26 150 27 168 194 24 255
    216 72 156 0 4 200 0 255 229 26 0 0 105 66 255 0 255 125 255 255 255
    255 248 255 34 72 124 230 254 137 255 243 255 141 214 188 0 139 248
    160 78 25 0 184 25 88 155 255 0 216 37 22 172 0 21 225 255 217 37
    255 0 47 180 36 135 0 189 217 125 0 0 228 0 255 44 0 235 80 206 189
    94 255 136 0 59 180 255 173 255 52 81 255 141 102 34 16 255 82 78
    255 0 255 155 0 165 0 255 0 255 0 255 255 101 194 0 157 220 59 70
    255 255 26 255 153 30 255 44 0 255 222 0 239 0 47 178 56 255 187 249
    99 248 162 41 242 10 255 215 0 255 115 140 255 85 20 187 0 38 102
    201 57 168 67 255 167 140 255 146 208 149 255 0 0 98 193 181 198 67
    131 202 31 255 0 0 192 8 136 255 90 41 191 75 60 255 0 0 54 62 25 73
    190 62 255 255 238 71 13 5 150 0 255 255 255 210 0 0 91 129 27 188
    91 43 245 70 0 53 182 13 204 186 81 0 227 0 53 57 229 232 163 51 178
    20 0 206 238 255 255 255 123 255 0 166 0 0 87 98 34 0 36 21 0 19 66
    255 0 255 203 0 80 0 0 47 255 0 73 255 98 190 64 224 100 0 6 255 160
    255 66 84 92 186 255 0 0 95 0 83 96 250 135 52 141 106 142 22 255
    255 147 0 118 255 182 0 188 75 221 255 148 255 184 136 32 166 126
    201 255 223 69 255 203 31 123 6 131 0 249 225 12 255 91 4 255 66 220
    255 71 255 216 111 255 0 251 0 126 255 255 66 0 108 237 0 82 238 253
    0 192 234 138 188 86 114 255 255 225 255 0 255 188 45 59 155 78 188
    0 97 255 203 110 255 195 135 0 0 27 255 166 255 255 0 106 35 82 7
    159 98 0 0 255 164 255 0 101 200 0 31 222 93 8 0 0 193 255 14 196
    255 0 17 97 106 0 199 0 187 39 136 53 141 255 255 0 124 255 0 41 144
    88 0 0 150 239 28 255 220 255 122 217 255 40 0 99 8 131 0 255 255 76
    85 152 207 90 98 168 4 100 108 255 211 225 255 127 89 128 163 255
    128 61 252 0 0 196 53 255 238 0 184 189 130 168 16 23 30 151 243 41
    255 214 0 131 246 143 198 137 109 198 86 154 212 234 0 67 0 90 0 255
    18 219 255 0 0 26 255 152 141 255 94 255 56 134 104 197 196 255 64 0
    255 0 230 0 255 42 13 210 173 157 0 0 75 0 150 255 236 0 249 46 98
    194 249 0 192 186 67 0 255 189 146 255 185 17 131 248 232 0 156 0
    213 151 126 255 255 0 58 0 109 219 75 0 255 255 0 239 38 255 22 0
    255 255 255 132 207 255 0 255 207 125 0 0 165 177 255 67 169 0 210 0
    224 255 86 200 0 255 144 255 141 0 86 178 233 109 255 212 0 0 0 0 8
    128 255 165 101 232 0 0 0 50 0 235 99 255 27 12 95 20 0 222 190 181
    240 123 255 0 117 186 0 0 0 234 0 52 255 255 138 32 80 0 103 255 184
    0 0 120 0 255 43 0 0 255 187 13 99 0 130 194 75 188 244 85 255 85
    207 255 0 32 0 255 0 0 179 82 242 107 175 99 0 107 255 211 51 124
    255 122 248 60 211 255 255 53 255 255 122 92 0 165 255 36 248 14 0
    185 162 0 0 31 179 72 142 246 142 120 10 130 192 229 0 116 0 255 52
    237 0 222 255 40 184 128 251 255 255 3 0 0 255 226 255 68 121 104
    177 0 99 225 206 0 255 196 0 8 159 255 0 0 45 153 229 162 165 0 0 41
    217 0 245 108 0 255 60 174 113 0 117 56 239 0 255 212 255 8 77 194
    197 127 255 80 109 102 15 95 63 0 248 0 55 137 73 133 202 255 180 0
    189 255 55 173 253 0 221 0 255 0 49 234 16 255 204 255 161 201 255
    49 114 0 198 255 0 201 229 0 236 143 71 106 217 220 0 96 0 255 109 0
    255 0 80 0 41 142 36 142 230 157 221 236 75 0 0 163 187 14 54 0 0
    103 189 0 131 0 255 216 236 96 0 255 143 212 57 199 24 0 126 244 255
    62 138 0 84 116 67 134 0 240 95 79 0 94 0 173 255 126 207 66 81 223
    189 0 255 179 162 51 89 129 156 95 190 0 224 178 212 180 175 162 0
    218 150 102 137 255 51 255 119 155 121 0 255 57 202 82 153 255 234 0
    255 0 0 219 234 255 255 60 255 105 234 255 80 143 255 53 0 255 0 0
    49 122 0 0 16 52 250 70 44 9 4 255 227 20 244 165 71 225 108 116 160
    74 227 253 126 58 18 101 149 170 0 124 255 0 200 17 168 67 255 121
    53 45 196 208 78 194 146 255 255 138 255 255 176 255 0 195 185 105
    255 255 239 232 132 27 73 245 112 67 0 249 134 0 30 30 35 0 203 33
    199 255 107 110 5 0 88 255 27 255 213 112 214 255 0 207 0 0 21 255
    160 197 49 242 18 0 122 194 0 123 106 82 0 0 197 255 255 86 0 111
    235 94 0 255 0 0 182 219 41 7 8 255 76 152 255 240 18 82 117 0 115 0
    177 254 0 73 50 188 122 147 255 136 255 146 12 255 255 131 255 255 0
    68 36 254 0 87 247 51 0 238 163 102 255 131 8 213 33 38 175 255 0
    255 255 241 26 206 216 108 57 151 255 255 31 161 100 43 53 151 157
    16 61 9 255 219 0 19 14 255 12 142 255 144 184 247 215 0 85 0 221 0
    210 96 0 52 0 233 250 220 232 83 255 0 163 186 182 103 229 41 60 10
    72 255 118 255 95 166 32 0 0 0 0 255 255 0 255 3 255 28 255 255 255
    255 48 220 220 37 255 0 0 11 0 192 0 96 45 46 255 116 0 255 193 211
    127 203 255 206 255 54 96 255 42 0 167 216 111 255 0 92 199 38 186
    114 234 117 35 115 0 239 0 0 117 255 0 4 165 255 207 10 204 255 0 0
    26 66 153 255 134 103 255 29 255 203 237 255 255 124 0 140 0 45 0 0
    209 0 168 96 255 185 255 101 69 255 87 0 6 61 255 88 243 255 230 0
    255 217 255 245 48 0 0 152 24 255 127 255 108 86 0 0 255 0 0 202 57
    255 255 182 0 173 82 194 218 255 255 134 218 150 79 163 34 211 120
    255 0 0 82 0 0 94 174 183 219 185 210 106 92 244 28 133 255 84 0 255
    223 137 243 38 78 109 95 207 5 225 235 168 7 0 255 3 175 0 255 81 0
    255 141 255 0 177 202 197 38 97 40 32 161 0 115 217 116 6 255 24 255
    0 83 255 21 129 6 31 12 0 16 185 69 236 57 2 243 55 95 0 0 24 106
    186 9 31 134 0 239 45 78 155 0 0 254 0 255 124 132 76 166 0 110 0 87
    121 128 251 194 39 162 30 0 213 94 91 141 8 230 6 176 255 0 26 226
    136 255 191 0 255 89 207 208 46 0 15 255 45 182 66 107 255 0 27 61
    33 80 8 0 0 0 216 79 24 134 0 184 0 0 176 255 209 152 1 255 117 225
    255 0 37 0 57 5 142 130 137 92 136 185 13 255 0 141 91 246 6 58 255
    152 141 87 255 0 210 89 0 0 122 0 22 174 255 255 0 255 167 166 255
    120 255 0 80 255 131 198 0 32 175 0 104 108 72 153 255 255 0 0 17 24
    37 255 218 254 0 208 174 225 255 85 255 255 194 127 255 192 119 174
    255 236 255 107 170 142 103 255 255 255 255 0 255 0 27 255 232 255
    81 102 0 0 255 70 73 202 207 173 0 205 202 199 255 18 255 170 86 68
    255 0 52 237 242 90 0 51 150 251 111 147 134 63 131 255 109 0 254 1
    76 0 52 74 90 2 239 201 5 255 255 167 0 0 250 255 49 255 255 15 81
    64 60 31 42 27 96 177 0 255 56 153 0 216 255 229 255 17 73 255 31
    239 20 122 236 110 15 160 224 44 84 0 173 176 0 0 188 51 203 30 34
    206 31 23 224 137 233 216 213 148 255 255 255 255 41 254 0 255 14 24
    31 249 22 13 233 109 187 0 46 0 194 118 255 0 244 0 255 72 176 134
    155 85 255 57 255 248 15 255 247 255 177 255 255 130 114 224 172 244
    0 92 190 84 194 255 255 53 148 0 255 0 0 91 113 0 83 241 222 255 184
    48 206 171 237 233 222 0 89 181 0 199 171 84 49 165 192 210 0 45 128
    147 225 47 240 0 6 95 93 111 157 0 192 255 251 99 151 0 211 255 122
    0 92 255 38 147 231 86 255 0 69 255 0 226 0 255 94 0 0 232 76 199
    255 169 46 0 0 0 71 27 232 142 0 116 156 165 32 228 2 8 144 218 209
    0 255 255 255 146 129 255 72 33 255 15 188 255 255 166 224 255 0 161
    0 130 255 0 0 0 0 110 212 255 232 255 227 55 144 29 0 73 21 77 0 104
    0 210 246 108 255 59 147 0 69 255 201 255 255 52 51 224 161 72 255
    94 75 141 255 192 205 99 0 0 6 251 223 50 235 199 207 0 0 182 216 32
    4 255 255 0 0 0 0 64 150 89 124 255 24 104 110 244 0 0 196 4 0 168 0
    35 73 68 53 192 0 0 144 128 98 0 255 104 255 255 67 255 112 0 187
    118 0 62 255 255 39 228 253 23 255 179 155 0 0 0 197 0 52 71 99 255
    0 31 0 195 206 0 13 9 255 0 85 63 224 255 2 250 0 233 255 0 140 255
    222 255 92 67 0 71 53 0 202 220 0 255 255 67 78 0 64 41 255 255 1
    123 0 65 141 149 223 162 120 0 121 0 211 0 255 255 106 101 28 0 5
    204 0 103 0 51 131 222 101 95 255 72 31 34 11 186 120 0 0 195 205 57
    72 255 93 160 0 0 73 0 165 158 6 35 216 236 252 255 122 0 91 180 255
    109 0 129 128 255 0 188 129 81 0 0 231 0 17 46 0 11 0 57 8 255 255
    36 248 110 78 184 0 96 89 115 255 65 255 255 0 255 255 19 255 63 0 9
    0 0 211 255 0 129 139 226 2 0 252 123 69 255 255 144 35 175 211 57
    89 165 215 126 255 0 231 44 255 91 28 0 102 194 255 188 0 197 0 244
    38 118 0 87 255 206 255 255 95 2 9 56 38 36 0 192 255 143 155 61 1
    107 97 255 255 255 74 0 1 247 0 0 255 254 91 54 255 0 177 91 181 189
    120 0 166 162 3 152 255 253 74 0 94 143 187 241 39 7 0 0 0 158 71
    104 0 29 255 24 172 123 161 135 110 19 0 230 255 97 0 21 0 135 142
    40 255 150 182 255 109 178 255 101 242 255 49 246 255 190 89 126 85
    20 255 255 35 0 0 0 0 0 255 0 252 137 230 204 112 147 0 19 0 0 52
    255 78 255 124 106 90 255 249 0 254 187 0 255 28 79 0 0 140 255 66
    33 152 255 159 138 0 216 102 0 0 255 77 255 237 255 105 0 255 121
    131 36 27 255 0 255 230 76 203 132 255 170 0 139 255 65 255 255 44
    201 176 251 0 255 125 255 108 77 243 245 217 255 137 0 255 192 255
    101 255 165 189 255 91 165 136 112 212 152 132 255 230 0 7 224 41 71
    0 135 0 148 195 29 115 191 160 19 43 221 209 0 0 255 255 240 25 246
    255 0 112 255 255 0 214 255 0 0 71 255 255 44 255 252 195 63 62 98
    186 160 0 164 255 14 65 162 182 255 218 232 136 255 0 160 255 0 83
    161 0 112 59 0 235 9 0 58 147 0 0 67 80 0 47 202 70 75 150 120 29
    143 205 0 0 62 56 149 0 216 20 64 136 107 146 0 0 0 255 255 148 255
    121 3 255 0 255 230 255 222 255 255 47 206 21 211 48 0 0 255 121 255
    62 40 69 62 95 161 245 147 255 0 7 255 173 0 202 255 227 90 175 50 0
    151 3 192 193 6 205 255 172 255 255 41 233 255 0 86 45 247 255 16
    255 255 93 98 255 123 211 10 255 102 30 101 75 255 49 76 255 169 0 0
    128 0 243 45 26 0 255 54 0 168 0 0 125 227 131 133 255 248 130 255 7
    94 30 0 165 8 168 28 0 186 255 101 42 255 108 0 255 4 113 35 147 255
    28 0 255 21 23 188 162 239 0 101 255 0 180 21 0 0 145 0 122 255 158
    140 180 248 0 235 255 0 64 0 133 255 0 249 0 177 0 0 108 156 112 153
    0 254 255 152 188 228 255 131 177 216 129 0 255 192 123 26 123 138
    199 0 22 230 211 255 168 193 159 93 59 19 8 200 0 0 68 108 255 195
    255 255 255 67 255 255 62 93 199 57 107 0 0 0 77 142 255 188 132 255
    84 84 144 207 255 79 91 13 67 166 229 61 54 42 130 119 124 248 138
    77 72 0 255 255 127 2 255 255 0 58 255 172 255 255 255 255 156 52
    139 0 0 0 17 8 127 224 0 0 172 0 123 71 176 13 175 87 255 255 250 52
    185 255 232 63 166 84 70 216 237 255 0 190 255 255 3 91 255 255 251
    222 65 255 247 216 255 51 0 162 174 22 217 255 201 244 0 0 91 93 0
    255 239 0 255 189 70 31 255 255 255 145 0 5 0 212 150 104 118 0 179
    216 150 194 202 138 0 0 117 98 0 33 0 150 74 177 85 140 246 196 111
    0 126 0 255 0 0 65 143 197 52 0 94 0 203 196 227 255 7 37 255 166 85
    96 154 0 255 63 0 255 100 134 112 53 100 242 179 143 103 184 41 255
    255 180 255 215 9 0 0 138 204 101 72 0 39 0 111 33 230 0 204 71 255
    255 253 255 155 112 0 236 85 142 255 73 22 41 81 0 122 26 3 228 0
    255 35 46 11 89 0 247 116 255 4 255 150 64 255 255 61 255 114 0 255
    0 0 46 0 113 122 255 0 21 31 107 106 0 201 0 62 255 242 118 255 190
    187 98 113 128 186 65 165 175 0 58 255 250 33 200 180 34 106 255 255
    53 0 97 178 154 0 52 0 255 198 152 198 179 209 0 255 91 255 99 90 42
    0 255 175 0 165 27 162 89 255 255 164 226 0 132 0 0 237 0 0 172 64
    206 255 85 239 249 124 121 196 255 65 30 122 255 175 224 0 255 145 0
    0 255 109 211 109 94 219 67 0 130 0 49 255 184 255 165 255 13 255 84
    255 128 243 208 135 252 189 189 0 0 255 255 165 255 0 165 255 134
    255 213 255 60 16 255 129 14 218 0 100 65 170 0 8 85 114 0 192 161
    242 255 0 249 159 255 248 0 0 46 255 117 74 255 88 0 119 26 3 182 12
    201 255 56 86 203 23 169 0 0 0 166 157 202 163 82 92 255 253 0 168
    105 63 61 255 80 0 218 136 211 234 37 0 255 255 255 34 255 70 78 181
    2 255 71 0 123 223 0 206 255 0 97 85 68 221 77 182 255 255 223 182 0
    78 0 0 19 114 142 177 160 128 139 0 255 0 89 0 255 34 0 255 201 83 0
    132 0 218 244 193 0 20 41 226 255 0 247 148 255 31 255 248 220 83
    162 255 0 250 0 0 79 0 0 14 30 114 0 0 255 107 58 124 218 223 251 19
    255 0 255 148 181 37 255 255 0 0 255 214 33 22 255 223 142 255 255 0
    215 255 125 114 0 199 80 113 255 0 0 40 255 205 0 255 197 255 121
    112 255 41 0 113 185 255 0 246 192 0 92 5 213 254 118 255 255 0 255
    75 33 255 204 237 231 0 255 113 210 222 0 216 214 112 0 130 158 233
    108 166 131 1 255 0 122 0 54 0 10 255 0 170 0 76 255 155 77 0 70 52
    14 192 255 49 0 0 222 28 255 233 124 0 162 255 34 95 39 219 231 99
    255 255 19 161 255 0 242 53 35 35 171 0 181 204 255 251 26 171 0 86
    255 213 0 76 225 85 0 240 234 31 22 0 216 121 255 66 73 68 0 24 238
    131 0 255 84 255 0 255 255 205 106 79 38 0 63 0 0 10 3 187 118 174
    117 13 129 78 160 0 0 24 183 0 123 46 186 0 0 208 0 245 178 234 182
    192 255 0 159 255 67 255 255 255 247 20 246 159 28 168 255 255 240
    255 82 255 255 0 244 255 59 153 27 255 255 0 255 177 225 214 0 60
    213 136 163 160 255 169 0 211 61 129 0 99 255 255 255 41 255 181 166
    214 105 159 184 0 236 0 255 255 0 100 51 161 192 207 46 152 51 255
    255 233 128 133 162 46 255 21 0 169 121 111 186 146 4 80 124 210 255
    0 162 36 82 163 56 125 0 0 52 128 187 204 118 247 29 142 147 50 134
    255 0 232 0 228 52 111 232 200 41 255 255 0 255 128 0 220 240 0 13
    226 255 221 99 119 38 255 159 232 0 173 255 143 124 123 255 80 0 107
    255 145 135 255 219 133 218 255 255 235 47 197 104 222 247 0 225 91
    24 6 198 199 255 237 245 38 254 0 223 203 186 188 225 105 255 36 0
    70 237 116 255 0 255 54 49 0 124 104 73 255 255 35 0 204 255 255 255
    203 9 72 0 0 72 255 109 206 255 255 209 161 0 139 147 255 255 243
    115 6 82 34 188 233 122 232 28 21 207 9 255 0 0 202 0 255 205 110 0
    145 255 174 53 231 255 255 0 79 255 120 98 0 138 255 49 0 242 255 60
    0 22 218 237 0 6 87 0 54 177 255 117 164 169 0 39 0 9 171 242 214
    166 255 55 201 215 201 52 231 19 226 135 255 255 0 255 104 0 114 255
    255 120 186 255 149 0 0 255 255 255 191 140 255 28 255 35 0 62 87
    255 241 0 23 176 255 0 0 82 239 0 40 0 255 173 139 254 255 228 57 47
    255 234 132 40 255 255 253 0 100 255 0 0 255 155 173 194 0 0 190 0
    255 2 0 255 207 255 146 219 255 116 218 55 255 31 164 185 7 0 255 0
    0 0 121 248 255 0 26 104 0 72 0 53 145 47 0 239 53 0 86 0 221 250
    255 255 255 103 255 209 255 207 0 46 0 255 191 18 255 105 116 73 255
    255 0 2 255 255 0 166 89 112 0 255 0 12 255 112 0 92 221 146 225 201
    146 128 86 91 255 0 158 255 38 62 218 39 15 143 246 0 0 239 0 121 0
    137 0 141 15 0 18 12 0 52 192 194 255 255 135 178 44 233 255 150 255
    255 0 255 26 0 220 0 0 255 242 204 242 16 0 223 124 0 51 255 112 62
    248 201 0 0 189 16 120 191 255 33 207 244 72 212 175 2 232 255 0 105
    255 0 85 255 0 255 85 9 47 0 255 7 0 255 255 85 0 75 221 0 255 29
    154 96 120 138 16 231 223 0 255 84 11 255 207 255 3 249 251 0 81 180
    57 182 255 149 255 14 255 79 14 48 0 255 128 216 195 255 119 142 129
    96 0 0 76 129 255 106 149 167 170 0 0 0 55 138 199 255 255 38 170
    165 133 50 4 52 0 204 163 109 0 255 255 59 30 226 255 255 52 169 255
    255 0 184 0 0 0 6 112 0 86 240 194 108 177 182 223 171 228 0 148 113
    255 255 196 173 0 255 228 171 33 255 156 0 255 0 85 255 0 227 255
    255 198 255 87 198 160 27 57 255 247 167 0 111 0 219 255 0 2 0 255
    146 255 248 0 255 0 99 25 156 99 94 15 215 65 33 93 202 194 255 36
    80 90 247 56 21 98 255 0 255 0 23 255 91 121 255 211 224 140 255 255
    134 0 141 34 57 255 255 67 142 255 32 255 94 255 0 126 158 0 0 255
    255 38 255 140 255 182 251 255 100 47 55 255 35 255 255 0 40 207 143
    200 48 0 0 0 148 255 0 255 185 163 51 223 227 255 242 143 0 120 165
    165 193 0 42 174 0 255 13 242 0 255 195 154 52 39 0 55 204 0 126 42
    0 17 224 99 0 79 170 81 0 186 235 18 197 12 255 224 221 255 91 255
    25 255 255 114 41 0 167 70 0 13 255 0 134 138 255 208 105 249 1 208
    255 255 0 133 0 167 248 179 156 255 132 28 213 0 0 104 0 255 2 0 116
    0 193 255 255 123 92 255 0 108 241 123 65 255 255 157 242 217 231 86
    243 38 255 61 22 255 241 0 92 207 0 0 49 255 93 207 0 67 255 255 128
    49 166 189 220 0 255 209 255 24 55 255 226 255 133 106 0 0 255 76 62
    89 0 255 0 81 70 72 199 255 243 236 230 0 65 255 104 23 236 255 221
    255 231 0 255 111 45 0 144 9 243 222 0 77 208 21 243 0 212 40 198
    247 255 120 99 13 0 151 0 41 0 127 0 168 0 0 0 39 91 0 122 2 242 17
    135 203 94 133 255 140 106 207 140 54 85 67 43 15 0 95 137 0 184 176
    78 142 0 255 176 0 44 20 85 13 255 132 210 255 0 255 204 104 122 0
    148 255 0 63 79 166 2 0 217 0 65 163 0 14 0 38 255 255 0 11 107 48
    237 253 191 0 185 119 63 120 158 255 168 131 255 255 0 255 225 244
    178 216 171 28 0 0 106 19 162 148 249 255 206 145 241 255 24 0 255
    17 255 80 0 10 130 0 43 17 0 222 0 255 135 32 97 44 128 255 121 102
    0 209 240 242 251 223 180 255 155 242 223 226 255 110 0 255 0 0 203
    255 0 0 42 41 0 32 255 169 0 0 5 63 139 0 0 169 163 56 0 9 221 233
    198 23 205 135 245 121 255 255 0 66 0 168 255 86 222 70 81 0 255 248
    255 0 47 197 18 177 89 255 210 33 149 89 0 255 236 87 255 208 224
    207 0 255 81 53 79 0 247 129 25 0 0 0 161 167 0 125 255 0 255 92 0
    120 166 21 248 255 0 255 0 176 163 215 146 233 196 11 0 0 157 255 0
    19 170 34 69 0 246 68 0 215 230 0 0 83 255 45 139 4 156 108 65 36
    205 81 247 0 250 130 255 255 225 53 226 0 234 255 0 161 160 127 182
    136 255 226 255 33 15 201 255 255 0 111 34 71 196 255 204 80 155 255
    71 187 75 255 0 106 255 246 255 0 202 255 116 44 255 41 0 54 12 18
    214 228 71 92 178 180 118 234 247 255 214 0 92 150 0 255 95 89 0 255
    255 255 82 0 0 47 0 195 155 255 239 255 35 41 157 48 255 238 82 255
    0 221 8 207 213 0 83 255 184 255 0 0 250 0 0 143 187 255 255 226 0
    173 137 9 213 0 122 234 37 12 0 255 182 35 255 201 255 192 60 80 255
    171 50 0 255 255 40 0 255 0 165 255 255 255 29 127 0 246 126 145 115
    238 255 74 218 235 45 126 0 0 132 200 255 0 73 123 247 255 2 255 255
    0 69 255 0 136 242 255 7 0 127 199 74 14 136 128 0 0 255 109 112 255
    128 255 247 0 239 210 73 173 0 0 255 67 191 102 102 207 86 52 233
    139 127 168 231 199 25 61 116 125 255 183 109 255 119 255 51 191 184
    165 33 178 118 192 0 221 198 199 47 255 255 244 27 192 0 105 255 67
    246 31 93 22 190 0 0 163 0 42 112 52 143 255 255 117 157 255 255 138
    89 188 255 255 209 251 117 213 53 255 203 122 0 126 255 0 0 255 0 59
    83 138 223 154 34 153 248 0 4 255 255 149 157 255 39 255 40 89 205 0
    79 37 0 150 151 56 159 255 149 39 0 201 55 16 153 0 255 255 255 0
    255 222 64 0 221 82 17 255 169 233 179 72 167 202 145 0 255 255 255
    0 0 57 25 212 229 141 187 0 49 92 0 96 255 181 244 86 67 151 27 18 0
    255 73 240 104 96 255 112 1 255 165 136 231 208 0 0 13 231 66 255
    222 147 147 45 83 0 255 254 0 19 204 0 76 255 157 255 255 177 147 0
    66 255 255 0 67 255 171 178 0 250 0 145 106 17 229 188 252 255 105 0
    197 35 241 255 255 102 179 168 255 255 181 123 40 78 255 255 91 124
    42 118 161 0 175 1 14 0 245 78 0 254 120 92 255 255 228 6 233 18 81
    0 255 193 133 13 42 255 50 112 92 0 9 27 7 64 126 209 255 4 255 0 85
    255 158 255 117 169 46 114 112 203 225 3 236 47 255 102 132 119 110
    0 140 0 227 57 0 174 255 69 0 38 0 230 255 168 0 168 201 200 220 233
    219 255 255 255 255 77 0 76 0 255 135 229 208 237 255 191 85 166 255
    255 4 154 205 84 255 17 218 0 255 177 255 176 0 77 118 88 83 31 255
    214 73 133 171 255 224 0 10 3 166 110 0 0 0 242 212 188 242 141 0
    115 195 176 255 79 145 255 0 145 255 0 228 255 132 0 255 0 250 205
    193 255 44 183 126 90 119 10 46 0 255 103 34 129 71 131 8 110 255 0
    255 4 255 0 252 222 0 255 146 109 74 246 199 255 255 231 51 255 12
    180 255 101 169 33 201 253 186 52 241 231 81 255 170 146 0 179 228
    74 102 101 17 0 46 48 215 234 255 255 255 48 63 205 255 0 143 105 9
    167 0 0 101 255 255 36 255 242 255 14 122 70 140 0 113 76 0 189 181
    0 213 255 227 0 15 255 159 223 179 142 0 76 99 210 123 154 188 131
    187 255 131 193 61 6 0 0 76 125 38 255 127 255 255 142 251 129 255
    255 44 2 0 0 106 144 15 0 184 255 68 0 0 0 183 81 232 173 255 19 0
    215 143 0 161 255 231 82 0 188 0 112 152 74 0 84 255 59 255 19 110 0
    68 216 255 173 208 0 196 0 0 52 154 230 125 0 255 0 236 213 181 188
    189 0 0 105 255 99 0 255 0 99 175 24 0 248 255 0 78 133 255 255 180
    2 0 221 0 255 114 0 215 255 138 36 0 12 255 0 173 98 190 116 255 24
    0 133 134 191 0 0 148 0 118 0 230 14 93 196 123 56 65 0 208 0 13 246
    0 255 17 0 39 0 142 72 0 5 214 255 255 255 106 70 9 49 0 181 255 0
    255 54 109 74 215 161 0 133 0 68 149 95 30 80 0 232 255 255 0 148
    255 104 255 8 248 94 147 0 182 202 255 116 0 185 9 199 38 0 251 244
    81 167 11 255 123 255 22 255 255 0 157 200 255 10 195 62 185 255 37
    0 115 23 80 0 139 0 255 95 3 116 0 179 62 92 253 53 49 66 142 0 59 0
    25 28 50 134 15 255 76 10 94 200 239 81 243 0 124 96 66 255 249 0 8
    63 255 101 46 0 79 213 0 243 255 0 186 255 239 89 225 10 243 212 255
    102 255 215 71 0 253 126 0 231 36 113 71 255 161 80 185 222 163 255
    37 255 188 102 156 149 255 84 190 219 86 112 227 0 0 228 0 150 205 0
    236 7 180 88 0 14 0 255 0 160 97 152 239 0 192 242 24 26 255 236 99
    45 255 100 54 56 92 51 145 85 134 45 200 53 255 160 0 0 250 98 255
    255 255 134 52 255 35 36 255 245 255 27 203 0 69 245 42 229 0 19 63
    244 210 3 0 0 255 125 140 255 218 145 64 255 255 0 31 245 255 5 195
    255 201 224 255 255 255 225 255 12 0 24 161 32 0 105 69 134 255 242
    228 164 255 183 17 100 255 202 51 52 71 255 202 0 139 0 201 138 255
    98 255 255 125 89 255 251 63 167 236 240 129 0 134 182 232 0 0 251
    160 47 0 160 103 255 0 255 0 195 105 255 10 0 255 255 159 255 129
    168 255 255 20 0 77 45 182 155 196 255 0 0 0 57 0 0 114 233 139 18
    192 0 150 0 255 69 255 255 192 73 0 230 228 0 84 0 6 68 90 255 0 193
    164 255 52 255 255 200 195 255 255 0 25 81 157 219 99 6 184 105 212
    0 162 255 0 255 251 233 0 49 129 84 176 155 255 0 255 201 87 0 142
    255 161 0 0 0 0 255 211 74 255 2 255 248 0 0 37 224 125 65 69 108 0
    93 177 39 235 254 255 255 138 142 188 42 217 0 255 44 153 92 0 104
    178 82 255 249 255 131 68 33 255 0 240 183 146 255 0 7 44 185 165
    210 193 220 158 222 252 177 61 221 110 0 0 9 87 235 242 32 255 74
    249 53 216 78 79 255 243 116 206 52 255 39 255 255 109 149 255 82 92
    45 0 0 66 255 255 255 255 145 232 203 207 101 83 12 0 0 135 69 151 4
    9 250 55 255 92 210 115 255 0 130 160 102 7 50 255 121 65 8 46 0 187
    86 0 38 255 27 0 30 0 72 2 4 255 255 13 188 190 129 116 0 250 108 14
    112 241 240 150 20 255 111 174 0 0 221 255 64 172 30 150 255 0 64
    255 208 255 0 255 110 0 255 255 133 255 248 215 28 0 192 236 202 255
    22 176 181 187 255 175 184 161 0 42 141 0 241 112 0 159 255 91 79 0
    23 255 53 84 255 136 50 220 0 140 116 0 163 143 238 87 97 143 0 12
    169 255 176 191 205 159 81 255 236 246 127 44 234 19 0 189 0 0 255
    99 179 245 250 135 0 27 255 0 62 0 52 0 0 241 111 250 255 70 248 0
    91 0 221 0 151 211 0 24 78 0 242 116 122 82 201 183 101 11 31 255 43
    76 255 187 213 0 84 120 166 184 208 29 0 0 198 0 7 0 255 172 90 208
    155 115 122 216 63 30 202 103 0 255 218 189 0 255 78 120 0 18 123
    119 0 200 185 255 255 0 112 97 218 69 255 255 162 255 57 69 157 8
    226 0 18 174 13 0 10 22 0 118 191 0 145 0 255 0 255 148 0 181 190
    236 0 187 209 144 46 0 255 57 179 0 140 189 255 0 4 2 255 214 187
    255 171 229 0 93 182 150 230 0 249 132 0 0 94 98 174 159 32 255 212
    153 234 0 234 151 3 201 179 0 0 13 40 0 85 255 113 252 6 14 255 42
    247 213 0 0 97 133 255 153 13 13 229 91 173 0 165 229 255 255 0 195
    0 204 49 255 81 29 214 0 255 188 253 133 55 255 0 255 23 0 255 186
    129 255 255 46 230 193 217 46 42 0 143 255 5 255 157 239 0 65 248
    255 0 255 139 255 192 255 234 255 90 180 255 0 172 247 57 0 236 11
    255 255 255 156 50 255 0 0 3 0 0 255 12 165 0 170 110 15 0 147 183
    125 78 0 191 93 223 73 51 255 255 35 0 3 128 0 210 0 34 255 0 116
    255 197 219 52 83 211 0 184 33 255 193 122 155 0 157 0 130 35 175
    255 125 255 0 147 0 173 22 125 244 0 35 0 233 0 43 110 240 255 70 0
    255 103 100 94 255 177 0 211 255 141 84 84 200 208 234 255 0 245 255
    91 172 119 105 255 215 0 199 0 70 255 255 28 161 127 0 188 0 168 0
    255 45 87 255 36 0 182 0 255 0 20 0 244 130 73 105 249 41 127 165 0
    237 255 238 79 25 178 20 227 124 47 184 0 199 247 19 0 0 144 0 255
    176 95 0 22 109 166 52 213 0 0 222 0 246 255 118 164 239 255 255 179
    0 255 0 90 86 45 255 199 54 239 111 196 255 140 219 154 100 23 206
    159 105 255 202 104 255 79 94 255 128 0 255 55 56 11 0 69 64 132 0 0
    0 61 1 39 209 43 173 234 255 255 133 255 255 255 29 49 101 90 125
    255 143 188 77 0 47 255 255 117 229 255 24 133 149 0 138 60 173 255
    178 0 171 0 20 0 80 116 1 78 158 255 172 0 14 255 110 0 0 54 174 0 0
    0 243 143 0 115 88 255 216 157 255 12 135 255 0 0 255 90 63 178 0
    116 50 0 0 0 255 71 0 11 141 57 0 15 0 163 0 98 255 161 255 195 0
    241 255 0 232 151 48 50 46 155 216 153 0 0 255 146 0 91 148 255 33
    68 21 30 73 75 255 255 0 162 240 82 7 177 141 123 255 239 0 165 211
    255 255 215 255 0 82 146 0 38 240 0 255 72 223 203 78 219 80 228 53
    130 255 29 255 194 255 0 255 230 104 255 36 162 218 255 110 255 255
    233 78 255 255 255 67 5 176 100 201 255 0 223 106 224 139 255 205
    142 70 253 116 71 0 10 255 91 6 171 0 175 179 199 129 223 138 0 255
    22 77 11 46 255 166 0 255 92 125 158 33 130 195 255 199 222 136 255
    0 76 0 50 136 130 155 211 144 44 255 255 162 118 255 247 255 255 20
    127 75 92 255 83 68 255 112 217 255 96 187 204 241 0 244 255 82 192
    230 174 44 16 250 230 255 237 0 227 143 0 102 172 86 0 255 0 75 255
    102 1 6 138 153 22 175 140 0 132 152 173 115 81 0 255 0 79 74 238 20
    163 210 125 248 0 255 103 0 245 0 255 1 218 169 120 120 41 174 97
    129 255 169 240 22 100 179 249 224 14 134 104 206 11 0 167 0 0 62 88
    116 255 255 35 0 0 17 93 0 4 0 143 0 233 157 193 248 255 107 70 169
    19 255 244 103 1 255 9 0 186 240 0 19 255 119 255 255 255 142 255
    157 202 104 0 245 255 255 159 176 255 0 0 0 0 0 152 0 160 76 0 232
    198 37 208 33 255 105 214 255 185 218 240 91 59 44 0 128 82 139 138
    255 226 196 0 0 254 27 255 255 158 255 255 161 232 0 119 240 0 117
    255 0 87 255 140 70 255 179 157 255 12 84 139 200 255 48 0 248 0 235
    199 255 0 255 178 166 10 255 133 204 0 27 52 0 153 229 163 89 255
    255 0 255 255 54 160 68 81 192 198 26 135 73 0 199 176 0 0 74 207
    255 0 0 255 235 105 64 233 255 246 40 0 52 0 166 255 36 67 184 245
    229 0 93 255 32 108 255 85 255 130 255 0 255 106 0 164 118 174 92 36
    0 253 107 0 255 92 255 63 255 163 0 150 255 237 78 134 179 88 255 33
    242 184 220 151 229 143 223 59 255 255 255 188 90 194 243 25 223 255
    0 36 39 255 98 254 226 200 255 93 255 161 0 255 46 255 158 255 255
    141 255 230 133 255 38 255 255 187 255 34 85 78 208 26 0 19 15 255
    53 38 215 173 144 156 72 233 255 45 123 173 119 0 255 0 0 11 0 146
    23 75 0 108 0 163 170 171 51 49 17 67 14 255 67 178 64 0 255 240 56
    255 0 0 255 0 123 245 61 234 158 179 189 0 1 176 0 4 187 0 0 0 237
    37 255 0 0 100 255 233 94 255 19 152 90 108 83 169 218 255 19 112
    238 255 236 148 204 20 0 190 236 253 216 0 22 87 187 12 71 18 203 37
    145 0 88 0 67 77 195 167 0 92 63 0 161 246 11 13 255 144 149 103 253
    0 191 155 133 2 39 0 162 73 34 14 86 159 251 0 73 108 0 184 40 155
    255 255 228 209 220 0 202 237 185 183 0 145 121 71 56 59 255 224 17
    255 152 30 10 150 255 146 250 255 187 255 162 171 129 0 42 22 255
    192 0 255 255 0 97 41 0 65 76 182 141 17 0 211 186 140 0 255 130 156
    255 255 251 202 132 144 138 255 198 195 0 0 255 0 161 25 2 255 4 255
    220 255 217 171 0 220 113 0 196 254 236 255 210 133 255 35 183 255 5
    255 0 59 0 255 173 36 255 167 0 255 36 85 39 0 180 139 98 255 63 185
    0 251 193 193 255 168 11 211 0 202 140 190 111 54 0 46 150 0 100 165
    255 0 236 135 19 231 17 100 0 0 255 161 14 244 120 255 106 255 136
    255 255 17 108 255 167 255 0 173 198 85 84 253 176 73 0 0 90 31 151
    255 0 0 37 237 173 194 14 4 0 69 134 255 255 255 207 0 136 255 182
    188 159 0 252 0 143 0 94 244 158 12 227 0 255 174 236 255 70 255 164
    135 229 0 52 249 126 242 69 139 99 81 127 53 255 255 233 20 0 0 97
    79 0 0 222 237 0 255 0 204 139 3 16 255 0 101 0 51 175 255 82 235 42
    243 255 245 255 0 93 255 0 255 6 0 0 234 222 255 41 0 175 162 188 58
    0 212 145 0 64 73 101 186 0 255 249 160 0 113 251 125 145 114 66 203
    254 95 241 239 69 151 143 175 68 190 153 90 162 0 154 131 140 235 0
    180 160 65 0 73 199 69 25 255 0 205 206 190 51 255 68 255 230 255
    174 29 39 229 255 17 178 255 0 175 255 62 255 0 255 174 156 151 87
    160 28 13 138 112 10 255 227 0 0 255 139 255 255 25 9 0 255 0 4 92
    93 0 163 78 26 223 0 255 187 5 111 227 0 0 110 0 251 233 255 20 62
    177 255 115 216 52 79 70 255 102 255 169 255 255 42 67 0 27 255 107
    56 197 149 0 255 0 97 171 255 220 145 219 89 19 255 207 17 255 255 0
    0 20 184 0 140 0 155 0 255 0 255 111 215 105 0 87 36 234 10 204 117
    185 0 191 0 137 0 135 191 0 255 255 0 78 255 157 255 0 255 192 0 0
    24 0 0 28 246 0 144 0 139 76 2 179 139 2 103 105 171 54 165 204 154
    0 0 0 163 50 255 255 78 56 62 0 154 250 0 255 77 0 29 255 200 255
    156 0 144 56 178 0 32 255 31 88 210 0 83 20 53 138 255 255 255 42 64
    255 231 255 0 229 255 255 32 180 109 221 233 0 0 158 255 158 79 70
    41 57 146 0 202 0 28 250 0 215 120 0 0 0 45 0 255 0 23 0 193 171 0
    183 0 71 219 21 255 8 103 243 247 80 199 72 0 255 255 219 255 91 67
    2 133 255 142 255 199 81 96 210 255 54 129 48 0 142 141 204 220 0 0
    0 119 132 152 0 90 0 0 22 255 91 96 52 96 0 203 0 136 193 0 231 99
    243 38 0 107 0 27 91 215 255 255 17 255 132 230 168 255 120 93 39 0
    80 0 94 98 255 206 255 214 197 0 23 224 0 247 255 194 0 228 150 8 0
    175 0 255 210 41 170 26 22 255 6 72 93 156 0 178 219 177 229 255 221
    234 0 139 1 2 164 0 255 24 209 0 161 130 58 199 187 0 43 0 209 255
    131 167 0 0 88 231 222 55 96 135 22 18 185 193 84 143 0 44 20 0 147
    205 158 0 54 255 46 116 222 2 246 255 255 216 226 74 255 58 236 205
    86 103 132 0 117 0 82 0 225 0 60 120 0 126 38 34 0 232 238 0 100 106
    94 0 63 60 3 241 253 43 255 9 0 255 243 233 255 197 255 124 255 255
    46 255 97 153 110 0 255 188 176 176 122 255 147 33 3 130 121 103 255
    21 241 202 45 170 105 62 176 52 39 234 155 128 0 255 46 10 255 88
    255 255 204 0 131 0 0 255 5 188 255 225 0 8 194 187 0 88 225 115 80
    255 0 0 216 118 30 45 51 130 208 0 255 10 33 67 255 196 87 255 255
    240 125 100 108 18 132 0 244 0 255 0 0 110 166 255 208 78 29 0 229 0
    23 255 255 109 255 238 212 0 243 158 112 216 176 0 119 61 129 153 0
    255 219 0 200 206 0 0 46 255 16 0 255 0 242 56 84 0 0 124 12 210 52
    2 88 149 115 241 255 255 0 255 213 0 255 178 182 138 0 234 17 3 241
    255 126 119 21 142 143 255 135 255 255 31 206 255 113 175 0 117 0
    255 0 0 57 23 57 120 228 126 143 66 255 0 0 146 97 136 0 255 240 160
    123 255 174 255 119 225 210 255 238 178 255 255 222 158 254 141 0
    174 57 161 255 166 126 255 0 171 0 0 133 0 143 29 182 255 255 143
    109 206 161 0 79 66 138 245 255 255 206 110 255 255 36 14 0 18 69
    176 255 142 110 0 179 255 0 76 8 0 0 0 0 60 74 155 0 255 0 27 255 77
    0 83 255 0 205 255 0 0 252 178 192 62 255 212 245 134 255 216 255 35
    255 162 174 214 118 0 102 175 127 90 255 255 232 12 91 146 56 22 15
    255 37 255 204 255 123 250 255 127 79 0 18 101 255 218 255 0 109 219
    0 0 0 83 230 239 255 250 50 255 75 65 206 198 200 251 204 108 5 190
    36 0 0 236 31 255 255 12 255 186 84 72 139 228 244 17 247 219 63 255
    197 85 0 255 227 30 0 224 165 150 0 188 46 140 0 0 140 174 162 0 255
    205 62 75 173 133 98 170 42 0 255 234 255 34 98 255 66 150 138 227
    255 178 164 71 0 49 255 143 255 208 172 0 0 171 0 0 219 31 255 255
    255 92 42 223 0 214 8 123 123 230 193 231 114 239 51 0 255 124 0 0 0
    79 45 255 232 160 125 255 0 255 225 0 36 255 250 97 229 0 43 238 0
    40 125 58 0 255 0 215 95 252 255 0 118 0 216 16 216 177 166 93 243 4
    250 255 255 186 230 140 71 251 242 0 162 197 141 255 255 0 219 0 255
    242 115 0 35 255 0 182 53 129 29 49 0 255 255 249 187 204 177 42 134
    0 227 0 0 0 255 28 16 0 255 43 2 242 73 116 255 0 255 55 0 122 162
    146 190 79 139 0 255 168 96 255 23 251 200 0 247 53 113 181 0 163 71
    204 87 255 218 168 173 160 102 162 152 66 255 255 255 255 31 0 41 33
    0 255 114 101 75 0 192 11 213 240 46 203 0 221 149 58 255 174 212
    247 0 220 75 228 49 255 208 0 217 112 106 185 18 69 37 37 255 0 150
    170 255 255 91 153 0 0 221 239 0 126 255 224 59 199 0 42 0 115 225
    254 30 5 238 79 168 103 106 213 100 198 232 255 0 33 255 173 128 16
    89 91 166 202 90 9 0 138 80 0 249 21 117 139 255 116 240 255 255 139
    72 219 189 3 0 211 255 255 182 248 0 0 237 0 55 255 252 255 17 255
    74 66 69 134 13 0 237 255 0 19 40 0 51 87 6 0 0 171 184 191 178 255
    0 162 0 174 0 211 206 255 104 0 126 175 0 69 52 212 85 187 214 206
    245 140 134 255 6 255 234 64 65 81 129 147 217 203 255 204 209 221
    195 58 144 16 255 98 240 46 34 0 0 0 202 115 255 255 255 0 200 0 35
    255 255 55 0 105 150 142 0 255 225 0 219 0 0 56 255 0 63 46 0 53 137
    222 207 229 201 54 0 150 51 255 1 0 196 255 255 93 48 71 255 107 0
    231 17 17 255 255 106 43 102 0 70 255 255 238 143 0 48 250 14 40 233
    236 92 25 159 73 123 45 95 161 219 0 112 0 70 0 98 81 127 0 182 193
    133 49 56 116 198 9 19 0 108 246 79 222 184 12 0 255 17 255 90 0 211
    7 91 255 38 255 202 255 158 179 66 0 141 161 255 0 235 6 59 104 255
    59 255 140 23 190 237 0 206 203 0 255 255 26 217 155 255 19 230 33
    51 0 17 135 208 215 117 0 252 0 62 35 0 143 0 25 69 219 255 185 30 4
    0 42 255 107 0 19 255 6 3 0 255 0 175 11 58 126 135 202 118 0 79 255
    25 0 255 76 246 0 20 0 172 142 0 173 255 171 255 229 255 255 18 0 25
    35 0 0 64 17 10 69 255 255 206 235 162 7 178 21 0 255 0 104 222 255
    159 49 156 171 220 249 237 0 103 40 223 213 229 255 191 255 140 214
    255 255 147 255 255 10 255 0 182 156 125 0 24 4 0 226 0 198 80 246
    172 189 207 16 80 255 215 0 211 0 26 0 253 255 0 159 76 255 103 0
    255 239 103 0 5 0 53 72 200 190 131 36 131 234 38 103 0 125 130 18
    254 132 255 239 125 104 250 101 53 255 0 196 255 235 184 148 255 235
    206 0 123 255 0 9 108 255 0 255 64 128 0 255 255 0 241 196 104 3 0
    10 53 9 0 14 255 9 102 77 255 255 255 217 0 133 0 162 255 43 255 255
    97 0 35 197 255 47 8 0 225 70 70 211 255 20 31 34 194 255 237 214 0
    0 137 0 66 230 0 255 245 181 90 255 255 0 134 92 255 119 164 205 162
    0 144 255 255 0 255 145 255 43 156 255 217 122 0 9 206 255 64 178 36
    255 77 68 66 37 255 101 0 255 230 23 135 255 199 33 40 232 157 0 0 0
    224 119 0 123 171 0 255 108 0 74 17 103 23 162 0 0 255 1 198 3 88 0
    54 0 24 60 67 0 0 90 150 0 65 120 0 255 255 112 255 49 136 165 123
    66 172 117 255 0 141 165 0 255 60 0 142 0 37 255 0 0 114 0 255 0 3
    255 227 155 255 242 204 4 245 168 100 0 69 68 126 0 0 248 44 11 255
    39 144 0 0 168 255 51 189 144 124 253 99 222 206 226 221 87 0 73 176
    33 255 0 76 3 72 255 255 81 255 255 165 65 255 7 255 139 255 255 202
    221 255 167 255 199 130 23 160 255 255 0 55 4 0 9 77 183 229 0 0 163
    87 51 0 133 232 195 79 0 184 28 0 0 255 255 40 123 255 255 0 104 246
    180 255 3 0 221 121 189 94 160 255 237 146 59 255 96 0 80 0 0 196
    255 0 93 68 35 9 169 5 239 149 0 255 95 238 255 212 22 168 45 240 58
    255 163 37 249 255 86 0 219 121 0 10 99 28 31 0 236 226 255 255 0
    198 114 115 192 0 83 255 27 186 58 138 0 248 32 96 255 0 255 255 255
    255 49 117 210 10 0 255 54 179 255 91 213 255 178 147 198 120 3 13
    255 214 0 121 113 3 16 73 0 143 252 201 127 255 244 0 4 245 208 255
    38 101 91 0 109 160 175 166 17 255 255 71 80 0 37 161 18 206 0 82 0
    116 255 143 255 133 133 0 23 91 0 255 255 255 255 255 0 84 62 104
    232 10 0 173 245 101 255 44 1 39 156 165 243 82 255 255 0 191 0 141
    13 101 121 216 209 9 255 0 0 47 229 116 45 35 222 251 121 75 0 87 0
    146 38 229 215 255 86 59 0 230 100 0 255 141 241 255 104 247 255 170
    20 255 0 161 0 203 255 151 27 255 42 205 18 124 83 255 255 79 255
    158 51 255 0 116 0 0 132 239 255 164 71 0 205 255 255 255 138 0 219
    23 255 15 152 61 69 0 0 0 93 178 0 255 0 255 83 140 0 130 120 96 0
    241 186 0 10 156 21 0 0 15 51 255 18 232 79 0 243 33 180 237 243 53
    255 220 255 226 252 232 229 0 89 140 255 0 255 255 0 0 217 145 237
    255 64 71 85 38 0 255 142 201 10 0 255 186 117 109 163 149 0 255 224
    74 210 0 216 31 0 225 255 0 255 150 114 74 0 225 44 255 0 0 87 140
    67 173 255 225 244 112 151 239 0 148 0 0 77 146 187 255 57 25 45 255
    0 255 168 255 230 138 0 172 63 0 30 43 110 157 238 183 83 238 0 144
    64 25 0 0 229 19 128 0 14 194 201 255 255 240 0 0 253 255 211 129 0
    201 27 240 159 124 255 206 49 43 192 237 131 160 232 0 103 255 138
    103 0 182 193 75 44 101 0 0 226 3 195 0 255 43 197 242 143 0 255 41
    250 122 31 35 252 255 255 58 150 0 0 212 78 255 0 255 193 107 0 255
    171 255 255 255 0 76 231 207 255 176 0 199 124 96 69 255 232 108 25
    0 66 255 67 218 179 90 132 115 219 0 0 105 255 0 215 0 151 100 153
    215 255 0 45 220 169 130 19 214 255 255 243 72 84 0 255 100 255 217
    0 42 102 0 129 2 209 255 95 71 0 255 47 103 144 231 255 190 58 7 255
    255 111 104 127 40 222 90 242 69 244 255 44 80 0 255 45 255 225 0 0
    243 255 122 175 140 204 134 254 255 255 238 220 88 187 232 0 16 146
    255 255 234 255 134 57 22 0 0 112 249 18 92 255 125 0 53 65 44 0 119
    131 255 245 14 0 234 11 251 192 101 212 22 255 37 242 0 0 151 50 255
    7 57 50 74 59 243 0 58 255 17 244 68 255 70 80 135 57 146 175 255 0
    133 255 168 190 23 136 80 132 241 255 255 255 91 255 51 0 99 70 128
    48 159 249 128 14 0 255 187 150 131 137 255 164 0 255 255 90 255 200
    188 239 45 7 0 0 0 43 144 251 244 0 120 72 92 111 0 82 217 244 7 122
    112 0 31 0 154 156 218 9 178 206 1 74 255 0 255 255 5 255 95 51 52
    84 186 179 0 255 216 223 255 161 135 187 0 58 76 0 32 0 98 139 220
    162 16 255 55 0 251 65 176 246 255 255 255 0 98 86 31 139 179 255
    255 0 224 0 104 240 0 172 255 33 255 134 162 135 38 0 255 55 0 137
    255 242 227 255 0 186 23 196 205 0 41 44 158 255 255 200 255 102 255
    149 0 134 0 217 60 14 136 0 0 255 34 43 255 255 255 147 255 209 255
    0 14 0 44 175 134 0 211 206 0 27 38 57 255 108 99 16 208 250 0 255
    255 19 98 240 255 0 255 0 252 142 105 0 0 255 0 2 229 52 255 55 255
    255 232 158 166 179 222 64 31 255 0 131 135 238 255 255 255 0 4 177
    249 0 246 185 255 0 255 255 194 255 0 215 61 180 111 255 71 70 94
    120 223 162 50 10 16 29 34 90 84 237 2 186 255 245 199 255 255 130
    95 255 150 255 210 176 13 103 204 0 213 0 25 212 0 243 227 168 239
    255 80 208 28 196 255 255 31 128 0 31 177 16 0 154 101 0 255 111 225
    36 119 19 241 0 196 0 204 255 0 255 10 219 75 139 17 9 199 228 255
    182 85 0 117 255 35 13 255 255 213 218 255 5 54 0 177 91 191 255 228
    160 0 86 173 255 165 74 122 255 254 170 0 98 81 77 74 0 233 0 162
    230 149 150 255 39 0 30 255 0 238 72 161 255 123 197 0 0 212 77 19 0
    255 89 208 255 0 0 148 161 25 203 255 172 94 0 0 245 25 255 233 0 0
    44 102 255 0 111 255 201 255 0 229 0 0 0 126 231 34 193 67 0 255 255
    255 255 214 0 115 111 0 0 255 73 245 245 255 255 158 78 87 255 235
    229 250 0 27 89 255 167 90 0 83 89 42 98 138 255 66 181 0 140 103 0
    255 255 0 236 255 255 0 73 34 0 6 215 219 175 239 219 250 255 255
    120 255 28 0 0 0 255 97 254 255 245 0 159 214 0 255 159 58 253 145
    208 58 255 193 0 21 255 224 255 243 244 2 115 0 134 32 255 128 255
    255 130 200 255 122 188 115 64 175 136 202 0 255 88 94 28 242 255 0
    232 245 27 211 0 154 19 48 129 21 222 46 210 26 161 0 0 235 213 0
    255 220 100 101 255 60 44 0 136 255 233 0 160 0 37 255 255 9 88 255
    0 0 119 131 255 241 171 104 108 90 0 0 0 79 154 255 80 255 255 255
    110 255 173 255 106 0 255 0 63 174 27 151 166 40 255 216 255 255 0
    67 112 189 255 117 4 255 255 202 255 255 27 0 248 214 0 112 255 253
    146 255 0 81 140 238 171 196 9 0 28 111 90 107 106 124 219 255 0 240
    255 5 164 255 185 160 255 126 255 0 173 0 31 0 201 99 0 187 0 188 73
    156 255 255 0 233 164 38 0 97 132 191 192 13 129 105 0 0 37 255 176
    254 255 255 255 255 240 0 255 14 178 255 225 255 0 26 118 0 0 118 0
    255 255 138 85 0 40 17 176 96 71 255 86 255 39 188 255 58 97 0 102 7
    105 181 14 0 22 0 104 255 148 255 127 209 73 145 0 255 2 240 22 66
    255 102 21 49 124 31 244 55 255 255 72 0 255 0 218 59 94 57 79 0 44
    78 200 157 255 132 255 55 137 219 0 124 0 93 27 187 240 115 59 23 35
    52 0 90 255 0 0 241 138 65 106 0 157 7 255 10 0 0 211 185 65 0 222
    255 182 239 255 127 80 149 0 8 54 5 255 255 255 255 211 192 255 0 61
    255 246 238 255 255 161 164 195 151 174 87 116 103 248 0 0 255 32
    255 245 0 42 200 157 82 75 124 15 66 155 83 198 255 233 124 200 70
    29 255 74 155 0 24 62 255</data></my_img>
<your_img type_id="opencv-matrix">
  <rows>128</rows>
  <cols>256</cols>
  <dt>"3u"</dt>
  <data>
    66 255 147 68 48 0 255 66 0 255 83 17 32 139 228 0 152 72 255 23 40
    54 47 0 153 0 45 255 0 0 242 202 255 255 0 0 199 27 143 130 1 255 54
    76 0 82 35 102 19 120 60 0 0 255 255 21 255 0 0 4 26 0 96 74 0 255
    14 137 255 255 255 255 0 255 222 0 223 255 45 255 188 206 175 56 255
    224 0 0 150 255 19 255 205 0 5 87 201 0 145 255 0 255 255 114 255 0
    33 244 146 84 0 0 121 165 167 58 39 53 255 232 183 255 171 0 65 3
    179 255 0 59 0 255 255 233 141 0 49 152 58 70 85 45 138 6 87 94 189
    2 4 255 210 126 117 255 196 21 42 8 0 121 255 0 51 255 255 85 0 255
    84 129 0 97 0 0 0 249 149 0 116 0 105 73 255 0 58 48 62 223 31 255
    255 25 56 255 72 191 0 0 255 255 66 85 0 0 129 81 105 255 255 62 161
    19 211 236 41 198 255 225 0 255 0 197 136 0 118 255 0 18 50 123 255
    199 4 194 72 229 66 40 20 0 184 0 162 255 175 232 181 85 178 59 0
    179 217 99 198 120 168 0 90 66 255 201 227 74 252 255 133 152 224 25
    173 100 107 24 62 0 92 142 207 62 242 89 126 138 160 0 255 186 0 24
    0 0 169 0 78 245 56 196 54 125 255 79 179 82 221 255 255 0 78 78 255
    255 0 0 38 136 0 115 149 137 238 164 113 0 255 76 42 113 113 255 206
    39 226 156 0 248 225 124 169 255 161 20 180 243 119 255 149 4 0 249
    226 73 109 255 211 255 0 0 255 42 103 0 100 255 255 255 255 255 186
    255 223 255 84 37 181 255 159 0 255 48 0 0 47 137 255 3 14 255 0 13
    0 214 255 188 255 140 63 26 0 0 0 167 34 255 0 0 255 0 0 82 255 0
    182 180 0 0 0 0 24 191 0 0 157 10 1 240 169 45 157 255 55 255 13 248
    31 0 0 255 73 51 255 0 193 49 18 255 53 255 50 4 255 0 215 255 119
    255 146 0 118 255 87 118 66 255 150 110 88 255 255 255 139 255 0 20
    87 0 146 174 0 0 0 51 239 82 160 143 153 241 253 255 0 237 221 0 22
    96 141 186 128 0 134 141 194 141 228 127 94 82 177 255 162 255 218
    176 135 205 236 61 153 244 98 123 92 165 0 255 0 13 0 0 214 32 210
    70 195 0 204 75 0 122 77 94 0 182 10 218 25 255 255 255 181 140 241
    145 243 0 187 244 162 9 255 76 0 255 169 111 0 233 22 0 251 248 0
    255 0 0 200 119 255 32 0 0 74 188 228 255 0 218 160 28 165 141 255
    255 173 182 255 0 0 206 0 162 0 0 255 255 0 255 255 255 156 125 185
    0 166 255 69 255 229 12 111 0 52 79 247 159 78 237 32 60 120 103 99
    1 117 80 33 255 237 233 81 141 159 0 255 255 204 255 255 255 71 173
    0 255 0 140 255 0 135 163 255 255 0 148 225 39 0 115 245 244 255 48
    84 3 255 89 91 255 0 255 63 255 101 0 255 51 98 233 209 87 0 19 164
    0 20 61 255 255 61 149 6 255 208 212 255 7 0 255 131 255 255 0 152
    228 76 255 0 0 140 0 255 243 255 255 12 118 214 222 197 255 255 141
    255 0 4 0 149 30 0 9 173 52 0 0 0 219 0 255 168 0 29 251 34 255 255
    0 65 0 238 81 204 218 0 112 163 255 13 255 0 0 150 58 76 255 25 0 0
    0 78 83 171 168 255 255 255 0 66 29 0 148 129 177 73 59 255 184 0 32
    147 129 163 255 0 255 23 0 181 134 0 161 28 255 127 99 255 109 119
    138 208 255 18 232 252 146 176 234 92 107 68 223 143 0 255 227 0 255
    70 232 97 0 255 12 0 0 255 103 195 123 255 255 0 170 58 8 0 157 210
    255 218 214 0 133 206 245 148 132 246 255 72 142 176 123 118 0 0 79
    34 66 95 201 145 71 163 15 70 207 255 189 74 58 255 146 255 172 255
    148 0 35 0 194 211 0 105 52 255 153 90 255 6 0 162 56 0 255 87 133
    239 255 0 255 255 38 0 255 0 0 0 14 0 225 255 29 255 253 255 165 0
    154 18 49 21 47 173 25 234 102 255 189 255 58 101 255 197 255 207 0
    0 243 0 255 0 228 0 0 28 0 101 203 250 43 204 174 255 73 0 255 0 246
    0 33 218 0 136 0 134 242 69 21 153 236 0 234 255 135 0 0 234 219 255
    255 177 22 4 255 223 0 247 0 185 255 21 255 255 255 171 131 0 0 236
    0 206 255 152 6 146 226 201 0 255 140 106 39 255 188 255 139 21 187
    201 72 240 255 102 144 0 148 33 255 47 36 222 255 255 144 0 255 172
    0 255 87 29 218 30 224 20 0 101 255 66 56 73 154 134 202 249 146 0
    105 199 127 1 220 178 204 208 238 203 211 68 198 9 252 255 170 255
    42 255 255 184 191 3 13 153 238 254 27 120 225 16 255 246 56 255 221
    155 0 153 145 255 255 81 0 255 195 72 22 122 139 255 196 224 255 255
    255 146 103 0 178 175 255 177 250 167 204 94 201 255 255 255 39 74
    189 255 130 103 174 0 82 133 220 255 8 255 23 255 34 14 53 228 105
    105 99 44 2 0 254 67 0 255 161 191 204 255 246 240 251 255 255 45
    182 6 201 52 205 224 75 190 48 255 47 255 255 0 0 159 219 7 255 0
    111 249 255 89 38 118 143 0 57 138 0 182 0 170 255 0 247 255 255 255
    204 244 40 120 0 20 255 114 222 173 245 0 0 176 255 200 233 142 28
    132 255 215 74 255 255 200 179 210 205 23 32 255 255 9 254 255 0 20
    234 0 0 255 100 226 184 0 165 158 236 78 150 255 97 255 108 227 197
    130 212 32 192 254 233 77 255 71 78 180 152 70 41 144 243 0 0 224 0
    181 132 0 135 0 255 199 105 151 18 0 94 255 148 0 0 188 0 255 0 255
    255 255 255 0 204 0 253 71 201 21 92 129 255 189 0 255 255 151 55
    255 71 20 255 116 255 0 61 255 0 255 159 215 154 136 0 0 255 71 255
    107 80 255 54 17 0 93 255 0 0 0 184 255 255 0 175 173 187 21 161 255
    159 247 144 0 86 255 11 255 0 18 105 33 164 177 0 0 166 255 255 255
    140 58 0 0 0 255 125 0 0 5 237 255 0 96 180 204 209 176 127 38 113
    255 197 247 0 118 176 14 25 0 41 109 255 91 171 163 26 0 36 163 228
    53 230 95 198 255 41 57 155 236 103 5 89 37 241 140 229 0 255 255 0
    252 125 0 255 177 119 129 126 255 255 235 69 168 84 255 54 179 0 238
    0 250 200 230 105 84 255 255 0 0 255 254 255 69 0 117 232 70 255 0 0
    255 255 0 121 192 36 255 255 240 79 181 187 67 0 246 243 0 217 35
    235 79 68 255 0 88 109 255 137 10 97 255 255 0 255 196 0 0 60 125
    175 114 243 255 186 47 180 255 255 50 151 255 6 164 94 229 37 255 0
    210 247 80 255 125 0 77 238 132 83 143 102 255 0 33 206 137 215 126
    91 193 176 0 37 0 213 45 255 182 0 255 124 77 218 139 148 234 0 180
    255 255 14 67 0 0 203 14 84 68 112 0 13 0 242 0 0 123 45 60 61 192
    255 66 65 36 122 89 141 238 255 255 219 159 255 174 33 255 228 254
    255 0 0 255 39 125 88 144 215 255 92 0 0 255 21 196 137 120 0 13 255
    107 99 52 170 0 205 255 146 255 188 0 110 105 195 136 0 149 75 255 0
    5 183 0 82 171 0 32 250 255 25 37 57 236 102 14 18 255 81 0 243 174
    255 0 209 146 64 255 50 139 172 179 143 204 129 22 255 0 0 255 255
    160 0 255 0 184 27 148 176 85 40 255 0 153 95 255 93 83 187 221 168
    16 255 255 160 0 0 255 131 90 59 89 101 0 255 4 182 216 151 205 67 0
    219 0 2 255 42 255 139 162 255 0 74 0 255 255 0 105 253 56 245 255
    88 0 194 196 139 163 17 137 0 0 0 255 30 66 128 185 64 101 255 39 38
    58 228 0 57 135 174 185 255 227 156 233 105 67 162 5 205 95 92 187
    14 33 0 42 255 99 190 59 255 255 253 255 66 125 51 243 113 213 84
    255 201 65 142 222 50 49 0 108 92 149 104 97 0 255 76 97 205 255 166
    171 255 0 69 211 179 115 255 69 104 204 141 231 110 159 0 145 137
    255 0 29 200 193 0 117 0 141 50 0 201 0 208 0 9 128 0 35 215 184 39
    71 134 255 56 255 208 0 130 255 91 117 50 79 178 226 100 206 0 19
    210 77 141 91 173 253 0 137 167 113 237 6 241 255 0 255 71 153 255
    255 255 113 93 156 63 248 158 0 0 255 214 124 255 249 236 127 0 255
    255 255 250 192 184 185 124 43 51 101 206 171 255 255 236 255 255
    197 1 238 135 26 189 212 156 0 9 11 228 255 117 0 92 99 244 90 167
    237 137 145 239 141 21 93 2 53 255 109 0 255 255 164 0 133 51 207 0
    0 2 255 131 58 216 0 0 240 101 0 174 71 36 151 193 59 44 255 0 113
    109 0 209 110 255 162 0 115 7 250 141 210 255 87 58 255 0 140 255
    226 0 211 0 80 255 0 203 171 0 5 124 11 255 18 163 5 0 148 235 255
    255 178 0 38 100 254 233 236 0 200 0 173 0 76 0 107 179 209 197 71
    99 0 24 40 29 255 37 13 157 247 170 133 166 95 103 12 0 30 41 164
    193 172 246 255 255 0 163 205 0 0 119 95 93 45 125 255 185 255 100
    255 3 255 255 95 255 0 0 86 140 124 255 0 255 106 146 102 0 0 0 71
    12 99 255 200 139 0 203 123 0 249 83 0 75 195 0 0 105 255 240 27 0
    192 61 177 25 72 60 7 90 63 85 158 185 0 0 16 255 215 234 216 223
    255 0 3 128 0 91 255 255 0 178 213 190 243 129 5 82 81 9 212 219 255
    37 41 255 0 255 11 0 133 255 191 255 255 162 223 99 174 46 181 237
    90 243 255 215 200 20 140 213 216 116 125 255 0 17 194 0 65 150 232
    0 0 0 255 255 255 255 58 234 196 205 255 91 0 26 0 123 0 255 138 0 0
    152 255 217 30 0 156 2 89 198 70 255 0 159 0 255 0 0 255 152 0 0 84
    0 14 0 255 219 191 58 62 86 39 160 237 238 127 139 255 106 0 255 26
    255 190 0 87 255 49 0 28 69 0 84 0 22 255 50 0 118 16 232 133 154 0
    170 226 185 255 150 4 39 0 210 0 136 0 0 0 31 110 255 246 255 255
    255 114 255 42 102 28 89 0 255 132 0 191 227 255 52 255 204 96 190
    255 111 0 134 255 52 213 255 255 184 0 81 255 117 0 0 210 15 0 51
    219 131 23 0 82 255 196 0 193 255 50 0 0 131 250 204 19 255 250 195
    180 159 26 255 0 0 33 250 0 0 255 0 255 184 158 34 192 79 55 165 0
    255 0 151 187 254 205 114 124 171 183 0 0 53 4 4 255 156 36 54 174
    83 255 154 255 255 255 123 240 255 255 0 255 0 19 255 34 255 192 238
    14 0 0 194 0 0 255 228 255 0 27 209 0 242 57 129 9 52 255 9 0 255 91
    255 40 47 0 0 234 13 106 193 120 255 89 0 210 103 28 10 216 227 0
    156 255 105 0 181 0 201 0 222 0 0 0 20 0 255 75 0 154 249 222 30 34
    0 0 146 210 255 17 170 48 233 100 79 255 84 128 243 185 33 255 255
    252 51 244 157 255 27 229 93 74 255 141 255 255 219 206 224 200 0 98
    38 0 0 255 223 0 154 106 0 40 38 64 155 0 0 46 255 174 228 48 0 119
    177 126 235 220 190 0 77 87 11 64 183 102 0 45 184 6 255 47 158 112
    0 186 0 222 129 0 0 77 0 0 253 0 147 83 0 255 224 0 176 75 170 167
    144 234 0 230 36 0 0 54 0 254 0 62 17 190 241 47 250 166 143 238 81
    227 245 46 69 0 91 255 255 0 64 76 255 32 255 251 82 38 0 145 32 0
    71 220 16 0 228 0 158 46 0 156 0 255 79 186 79 0 224 255 255 73 0
    255 110 164 0 212 216 141 227 0 255 219 0 103 9 79 214 255 0 254 255
    139 0 0 86 255 6 219 0 146 255 255 255 45 255 255 0 41 93 155 228 97
    0 184 49 236 111 0 183 102 231 76 0 255 179 0 0 215 255 90 86 255 57
    254 243 161 255 0 90 171 0 255 78 13 13 221 152 5 26 36 235 51 0 109
    255 249 255 105 0 193 194 0 46 118 110 172 79 70 255 164 255 194 83
    0 255 255 0 75 240 144 228 255 188 89 255 255 106 206 0 106 158 16
    202 255 135 220 247 42 159 4 114 255 50 18 89 0 0 41 125 175 149 255
    255 33 243 0 9 91 234 196 113 255 21 255 198 197 100 235 255 33 161
    85 255 178 255 75 197 0 121 38 241 151 0 255 147 1 200 8 197 0 141
    255 255 0 0 61 119 30 112 84 0 40 120 59 185 140 195 244 255 255 48
    173 59 133 0 0 0 93 255 255 97 92 0 255 184 162 84 135 123 157 0 0
    241 255 10 0 205 44 117 255 255 0 213 9 101 242 82 255 192 0 138 255
    164 37 118 29 255 255 84 143 255 162 209 255 116 73 0 210 176 0 0 45
    130 0 113 237 220 0 255 157 255 187 45 132 116 20 179 0 255 233 255
    64 236 255 251 244 227 150 0 255 59 255 27 161 255 109 0 0 74 204 0
    60 104 123 39 0 108 127 0 0 0 135 239 90 77 255 255 54 29 27 140 0
    116 4 97 147 255 9 30 0 157 255 72 137 143 0 0 107 247 0 255 205 127
    0 200 255 155 107 176 216 54 0 0 122 122 153 103 25 111 137 72 0 253
    178 79 200 73 255 101 172 221 55 155 182 255 254 166 0 109 140 0 183
    149 255 0 0 255 255 206 255 55 57 0 66 65 180 255 43 27 255 0 112
    255 38 13 144 0 89 217 214 211 255 231 6 255 0 113 0 110 19 112 228
    201 255 103 0 172 0 196 207 255 0 147 223 0 40 15 0 80 240 255 96 98
    99 225 0 255 255 178 175 83 0 188 0 255 18 10 77 0 157 255 79 163 90
    0 113 74 255 67 46 20 0 154 55 0 255 218 255 255 199 99 0 255 0 0 25
    149 176 69 55 255 232 15 218 255 37 1 0 0 0 10 255 0 142 244 238 0
    151 185 191 129 255 255 255 30 255 255 0 128 219 0 19 0 0 45 255 0
    253 135 38 0 193 255 184 148 23 211 235 248 186 243 185 149 0 129 0
    60 150 0 220 0 219 0 251 43 215 255 201 3 255 137 14 63 255 11 1 255
    155 212 59 199 194 167 25 88 168 255 169 167 108 255 99 235 255 0 0
    0 56 125 0 74 255 162 255 157 255 168 13 66 92 170 39 224 84 172 50
    255 243 239 179 0 195 0 114 0 64 0 17 72 158 115 137 255 220 255 255
    105 255 255 71 95 255 142 255 255 0 255 24 53 205 146 211 51 0 126 0
    0 217 129 213 255 65 0 0 184 218 46 255 99 15 239 0 60 190 255 34 0
    21 239 0 114 162 31 0 0 255 209 212 233 0 244 198 21 38 28 255 195
    128 190 26 113 255 99 5 105 201 0 255 0 228 255 227 255 37 151 31 73
    236 1 87 180 247 255 223 126 97 121 29 17 158 255 255 255 43 49 144
    56 255 71 12 137 0 122 70 22 0 0 255 156 255 106 104 255 255 149 71
    202 255 170 0 193 218 60 159 183 161 238 237 67 255 255 255 21 255
    255 117 18 107 75 90 121 175 0 76 0 255 0 0 242 177 255 187 255 243
    128 0 255 205 214 255 0 172 80 23 255 255 0 77 255 244 54 0 117 0
    120 224 205 155 84 250 158 255 240 255 2 0 34 0 224 46 11 0 26 68 0
    255 221 102 255 16 235 169 119 255 8 5 255 237 0 255 57 255 255 139
    255 84 255 0 199 159 128 22 21 71 171 125 0 83 0 34 164 154 213 124
    255 138 101 14 0 154 0 0 162 59 186 138 0 255 255 255 166 161 255
    103 151 226 208 0 58 90 124 0 243 239 200 196 129 106 97 255 226 1
    150 14 0 59 68 255 160 89 149 0 0 149 237 19 42 109 1 238 166 22 249
    184 44 89 0 0 0 129 0 0 60 255 193 38 0 115 249 0 58 111 0 255 242
    142 0 0 168 255 84 255 41 190 250 28 0 150 147 68 147 186 0 0 219 45
    0 2 167 242 255 0 131 198 255 215 242 0 46 255 23 255 196 255 44 22
    255 100 0 94 255 201 247 176 255 255 0 74 249 0 244 0 228 87 0 192
    255 181 214 197 148 219 0 225 206 0 76 255 22 255 0 0 129 0 252 255
    104 216 69 0 255 0 111 80 144 239 249 255 140 255 255 240 174 0 210
    109 0 248 125 50 62 0 229 255 255 13 255 142 255 117 208 29 247 178
    200 255 158 91 30 6 255 50 0 171 255 34 11 0 171 255 51 206 148 1
    255 123 117 255 16 115 255 103 255 255 252 58 50 164 97 70 160 255
    136 96 237 75 255 196 240 255 35 208 176 112 40 168 244 63 198 39 0
    0 187 248 0 255 224 255 255 34 20 121 255 255 0 186 0 255 15 127 0
    48 255 146 0 104 226 177 131 47 55 255 255 0 0 133 0 236 0 12 95 84
    245 170 232 143 215 0 0 127 87 222 0 0 255 204 35 255 47 255 187 39
    255 0 0 255 16 55 76 203 20 255 0 255 3 255 18 165 11 0 134 213 255
    118 136 177 67 0 228 126 86 65 255 0 255 248 0 0 0 0 113 193 179 154
    78 255 255 92 151 255 174 170 38 149 0 0 229 255 100 60 8 38 0 88
    255 0 255 0 0 53 0 229 0 255 255 237 32 133 255 192 249 255 191 212
    142 172 181 35 0 160 255 185 0 255 255 60 115 52 225 206 59 234 255
    0 0 104 241 0 41 55 244 0 71 0 150 19 72 149 73 166 38 234 201 182
    249 163 11 255 202 197 30 173 230 149 45 210 173 93 139 23 0 20 255
    141 225 255 174 77 0 14 45 115 255 147 130 0 183 155 255 73 109 0 4
    243 180 215 0 152 81 0 34 172 255 91 255 213 172 255 72 125 0 216 36
    230 151 104 20 41 165 81 233 66 64 255 255 141 0 255 151 177 9 255
    176 161 0 137 0 95 50 0 15 35 219 254 0 255 43 0 255 49 139 0 255
    144 92 192 0 0 89 0 255 242 255 223 186 100 0 255 86 244 253 37 255
    7 0 242 255 255 0 255 20 0 0 0 77 255 213 179 0 237 199 0 255 13 255
    0 52 0 5 0 234 0 82 0 135 255 56 84 48 11 255 94 255 37 243 71 255
    113 185 255 6 0 16 203 255 154 49 230 169 169 108 55 183 8 206 249
    121 162 0 143 255 65 255 147 225 238 0 224 182 123 253 195 0 0 0 144
    189 74 240 200 191 177 87 255 255 55 255 0 0 255 69 41 29 0 230 197
    143 0 144 255 81 255 80 133 255 39 2 181 51 255 9 0 0 0 91 253 188
    239 113 228 198 168 18 255 105 0 39 255 149 32 21 141 164 255 0 115
    122 3 194 146 255 69 139 148 82 127 0 0 0 211 11 246 98 204 0 199 0
    227 0 87 229 40 214 0 16 0 0 21 190 0 201 213 156 122 169 205 0 132
    0 60 236 0 255 0 250 97 0 223 0 181 48 92 0 156 62 89 215 233 64 208
    140 33 131 202 255 174 48 55 255 164 140 0 204 5 241 0 194 255 255
    255 246 48 130 0 193 177 0 63 4 118 255 240 79 255 255 255 229 176
    141 255 0 91 255 46 0 190 19 0 31 100 255 0 255 0 0 84 154 25 213 0
    253 255 44 85 189 166 161 208 109 255 255 174 255 93 148 255 99 234
    173 0 162 255 0 147 197 0 250 255 25 208 0 254 164 119 0 226 255 227
    177 206 255 0 0 161 147 76 0 255 255 208 255 71 255 135 56 105 52 0
    146 35 0 155 0 255 38 215 0 187 18 0 192 225 83 255 54 200 87 131 48
    0 255 225 0 255 81 211 49 12 255 0 0 203 21 137 45 0 36 36 145 0 76
    131 255 255 163 24 0 166 123 0 207 255 72 146 73 208 244 223 100 0 0
    13 203 54 255 119 255 0 68 93 106 236 73 199 255 0 156 0 255 34 32 0
    192 61 4 78 0 255 0 0 255 74 255 251 213 255 148 83 204 229 0 21 57
    255 110 11 247 255 215 123 255 214 74 0 0 205 193 27 107 12 255 98 7
    255 0 255 97 82 15 157 109 29 244 0 104 91 203 255 0 50 255 69 255
    63 234 0 78 192 141 249 255 0 48 169 253 135 97 206 255 255 6 255
    255 166 0 204 178 0 198 238 2 0 255 0 255 17 255 149 254 212 194 73
    105 0 82 0 136 49 0 159 255 38 167 41 255 255 138 0 45 0 42 103 214
    109 255 0 0 95 155 248 119 255 206 108 12 91 255 92 0 30 0 0 13 0
    173 26 3 255 255 175 20 25 0 89 46 21 39 48 89 0 175 233 0 60 223
    132 175 255 255 88 235 104 161 85 234 0 131 160 216 83 0 184 128 0
    25 214 0 255 21 255 193 89 121 255 255 121 16 159 217 250 101 208 0
    0 0 255 166 255 0 0 119 31 181 255 196 34 148 158 210 255 229 242 87
    17 0 255 69 0 255 139 255 254 115 204 15 255 177 0 0 249 0 140 186
    255 0 78 168 158 0 72 26 146 74 24 215 255 255 159 0 30 58 255 0 176
    150 116 0 255 53 185 255 0 97 73 0 21 62 35 150 168 0 109 227 31 88
    174 0 202 0 0 137 196 0 255 0 166 149 0 172 18 255 0 241 6 17 236 0
    56 28 219 112 244 125 229 10 0 0 248 180 0 224 0 255 255 200 176 173
    0 91 0 177 54 251 0 0 0 75 42 254 24 73 0 0 175 0 0 68 0 197 0 157
    181 0 68 166 0 187 250 0 184 0 245 0 128 17 4 83 255 255 31 50 255
    170 255 255 170 255 41 63 155 90 255 255 199 127 0 210 252 139 81
    100 255 60 189 255 173 184 142 0 255 228 57 5 88 74 123 255 255 55
    255 153 0 24 19 27 0 195 99 14 255 102 130 255 228 255 171 125 255
    18 0 0 7 40 0 0 239 60 0 199 0 0 0 144 178 255 109 36 0 255 227 0
    188 213 69 137 255 154 156 83 223 0 0 135 0 0 255 210 255 73 0 190
    194 199 56 16 169 218 0 51 0 43 255 20 136 199 249 176 55 0 0 229
    255 224 232 255 143 151 142 5 81 255 35 251 141 0 197 87 241 180 160
    4 0 0 138 168 6 0 255 143 22 34 91 255 220 7 182 117 255 46 255 0 0
    210 178 255 84 0 64 255 170 255 36 0 202 0 255 107 255 42 255 163 74
    132 255 0 35 93 163 0 0 0 0 237 71 31 11 0 20 255 255 0 140 255 0
    237 37 55 99 0 255 255 44 255 0 160 93 88 0 246 0 136 106 0 255 0 0
    132 197 147 151 117 13 229 0 123 109 255 0 0 206 255 159 252 10 255
    152 0 182 151 219 60 169 0 255 0 157 187 110 42 0 255 219 176 72 192
    86 255 0 255 255 143 255 232 255 35 71 153 255 136 0 0 254 214 126
    123 0 209 199 106 255 84 80 131 255 94 198 138 31 255 0 27 192 236
    129 207 66 13 10 187 0 195 255 70 0 0 162 0 212 255 13 111 233 244
    81 162 224 0 68 255 66 62 255 98 67 255 0 255 227 0 212 255 0 255
    106 153 255 0 247 255 220 137 66 231 0 0 209 221 82 35 0 183 201 105
    255 121 0 255 168 163 255 198 52 27 0 92 238 113 210 107 42 255 179
    255 202 137 219 225 112 20 56 229 255 5 8 0 0 5 249 0 143 8 212 238
    67 138 0 234 255 255 184 57 255 0 91 52 250 43 108 0 138 67 0 206 40
    26 200 0 255 83 24 255 161 195 0 255 111 79 0 24 255 255 147 58 255
    255 107 126 255 111 233 146 81 5 0 182 5 137 0 3 249 47 161 92 37
    255 138 246 0 242 6 255 49 171 255 139 255 228 208 0 89 37 71 124 65
    5 118 9 251 51 53 255 226 232 8 134 114 255 255 70 150 156 10 248 0
    0 19 66 0 255 255 151 193 193 36 150 9 196 26 205 83 255 109 177 138
    156 24 8 255 66 11 255 85 9 7 103 13 255 177 0 65 206 215 0 255 0
    255 181 0 107 255 0 0 116 117 216 167 208 255 154 190 24 0 116 225 0
    255 144 75 0 165 84 194 221 119 98 255 0 55 143 0 167 197 171 0 95
    255 0 133 0 231 0 211 214 77 129 0 127 230 48 233 0 94 180 232 200
    57 133 108 88 255 0 83 0 0 102 0 190 5 163 187 24 102 101 162 209 83
    179 0 246 255 75 178 255 0 255 144 137 255 255 99 63 226 60 0 0 0
    255 107 12 61 255 0 122 255 197 161 213 0 0 129 0 185 217 213 204 0
    255 194 148 74 147 255 255 218 170 55 158 0 7 255 65 79 255 0 0 243
    223 172 49 13 0 255 33 0 47 0 0 0 251 255 180 192 255 255 209 211
    189 255 178 196 109 255 255 255 140 127 173 67 1 156 15 15 11 254
    135 214 210 115 228 0 21 62 255 198 0 32 255 255 230 8 43 0 0 160
    255 209 148 150 36 222 133 188 164 178 65 255 255 175 0 253 11 141
    121 22 0 255 0 71 117 241 189 190 74 199 246 137 146 0 80 255 185 2
    255 179 237 144 230 8 191 217 255 42 0 75 255 66 0 42 185 24 17 0 31
    232 0 126 60 38 0 38 98 98 43 255 154 255 255 121 255 0 196 255 192
    199 149 50 207 0 218 18 0 216 0 121 110 0 214 52 163 68 143 111 204
    0 153 104 0 90 0 198 255 185 35 97 46 255 0 0 185 0 76 33 0 61 0 202
    218 0 255 240 61 70 31 255 187 0 0 255 44 0 118 19 43 0 239 4 24 0 0
    255 255 64 255 255 77 75 255 255 255 0 129 255 147 216 172 141 0 255
    152 255 255 245 13 155 255 71 0 186 36 190 219 255 0 255 63 116 255
    0 132 22 97 130 76 0 255 0 255 103 255 239 145 245 58 83 0 25 137
    120 62 0 255 255 0 107 119 0 255 20 255 90 118 253 40 0 135 78 189
    238 255 37 255 111 194 255 42 0 38 255 0 0 178 179 87 94 171 239 209
    216 86 0 74 0 255 43 18 140 171 0 171 150 210 0 255 255 199 245 31
    255 255 53 160 0 167 0 212 255 0 255 255 110 97 167 237 167 77 255
    255 1 119 255 191 248 0 0 240 0 255 255 162 5 34 0 0 63 139 255 132
    0 28 0 211 128 255 69 35 255 184 0 175 0 255 204 228 228 255 255 143
    163 255 86 99 0 90 221 0 17 115 29 255 78 231 158 191 92 110 66 64
    220 129 255 230 0 44 243 255 0 255 255 29 0 88 141 122 255 221 255
    235 0 76 71 10 152 160 255 116 87 167 255 235 65 0 0 174 121 173 159
    27 242 0 137 154 0 240 255 137 192 82 0 42 44 194 14 255 252 19 0 0
    255 154 194 154 47 176 185 105 255 255 0 99 255 255 107 0 57 75 255
    61 197 59 159 117 145 10 0 0 0 153 134 255 0 170 146 122 255 19 188
    255 196 242 123 0 161 237 0 57 101 207 143 255 0 77 255 255 9 38 50
    255 161 12 0 255 203 158 123 164 241 57 0 249 88 0 171 164 53 6 100
    255 52 16 0 163 143 59 0 0 180 53 136 246 224 255 137 0 53 145 194
    136 255 160 199 109 9 153 181 0 98 99 0 0 96 255 180 160 255 177 0
    144 211 243 133 0 131 34 174 238 186 199 0 15 93 152 16 0 99 0 0 26
    0 0 176 0 217 107 0 255 255 246 2 0 255 235 51 255 185 0 206 152 0
    179 0 255 205 14 255 152 243 219 108 62 62 0 208 147 0 143 77 68 82
    104 234 113 38 49 135 4 116 253 31 255 197 236 255 114 255 10 255
    243 0 75 166 255 0 255 11 227 214 89 0 66 9 77 119 72 241 255 253 49
    76 22 55 85 23 132 253 92 90 36 186 0 72 63 173 165 143 67 83 0 255
    66 0 64 254 214 0 193 42 163 50 0 137 255 255 69 255 174 13 255 0
    219 207 54 99 76 111 255 52 255 145 255 29 89 255 255 98 201 176 0 0
    255 0 0 0 87 179 207 72 105 0 197 0 2 49 255 232 43 255 189 210 255
    255 255 106 31 0 255 26 15 122 255 255 0 255 0 69 79 0 80 216 206 0
    125 76 17 164 86 13 255 210 255 0 235 118 60 118 222 0 221 215 137
    255 101 151 142 209 109 175 110 255 0 255 255 191 125 255 255 68 105
    163 85 0 205 92 255 58 222 119 0 162 208 255 41 214 4 0 128 89 145
    228 0 244 223 133 44 255 48 61 22 20 255 255 129 83 183 188 0 255
    255 239 255 0 75 120 107 196 0 81 46 215 129 4 209 183 157 255 249
    23 153 150 0 0 8 255 0 149 231 249 233 162 43 36 118 232 13 98 87
    229 10 188 213 251 255 0 255 187 255 231 61 255 6 219 67 0 255 255
    109 159 255 38 255 255 0 112 210 255 76 92 237 0 232 220 163 146 157
    122 255 192 0 63 117 251 0 0 255 255 202 161 43 102 150 225 221 67
    45 255 0 154 255 175 171 35 255 255 0 255 0 255 43 157 0 198 83 255
    104 118 255 60 159 229 0 126 255 61 0 132 65 0 255 76 0 255 0 255
    255 0 0 208 0 255 123 255 12 13 255 255 1 0 15 238 192 20 0 255 0
    254 134 53 255 245 221 169 11 0 255 31 255 255 141 16 81 201 255 69
    171 244 26 255 38 0 73 0 255 39 39 0 195 203 243 159 60 228 255 1
    255 21 14 255 37 52 0 65 123 255 31 136 246 21 255 255 13 255 52 255
    232 0 159 0 103 115 182 86 0 175 190 169 255 65 255 0 195 6 0 255 89
    37 255 1 183 255 0 232 210 154 75 205 44 0 83 255 176 255 14 255 89
    0 18 0 53 69 205 0 137 228 95 0 93 153 123 11 3 0 109 255 197 50 0
    219 108 0 255 255 255 12 0 0 161 0 34 178 0 0 69 36 238 255 188 2 38
    0 0 169 0 207 44 1 0 0 164 0 20 188 26 241 143 0 0 244 172 242 142 0
    204 9 67 123 243 37 255 230 106 172 0 255 46 141 134 20 28 252 0 135
    0 255 102 255 242 17 255 0 144 149 0 0 121 154 79 0 164 163 89 210
    31 166 0 152 246 230 0 43 200 0 1 0 166 19 219 33 255 25 18 255 0 0
    0 209 255 192 185 255 107 163 255 0 0 52 99 1 84 51 1 64 255 100 0
    32 209 154 176 253 50 0 255 255 228 145 255 95 113 31 255 155 132 49
    0 0 130 93 41 255 0 255 255 255 255 237 191 104 0 191 105 237 255
    217 226 118 255 244 131 127 211 207 25 0 0 0 69 12 255 255 131 64
    255 141 255 61 0 83 176 254 101 255 115 255 92 0 0 188 49 255 144
    228 9 0 231 0 12 0 0 99 137 9 255 27 59 255 245 0 196 214 212 0 73
    115 188 6 0 45 225 117 0 133 122 80 167 80 146 78 92 255 55 207 230
    0 157 52 255 86 152 255 215 255 255 89 200 125 255 121 208 255 0 100
    72 89 0 255 221 18 59 251 65 96 242 255 181 78 0 255 255 0 0 30 184
    255 64 5 201 0 0 255 38 0 178 234 255 137 0 139 150 255 0 255 201
    255 255 9 18 188 255 100 86 255 47 255 152 49 211 255 231 141 255 47
    236 242 97 255 101 255 255 0 0 61 156 255 141 215 255 49 0 255 89
    144 255 245 0 0 20 255 0 0 255 0 0 230 0 0 255 255 0 93 59 207 0 255
    255 0 255 56 0 86 187 127 236 0 126 164 0 128 14 0 253 226 179 185 0
    52 54 255 255 150 255 249 111 0 255 155 255 94 255 255 172 15 91 0
    158 249 131 76 217 232 196 133 0 51 0 26 94 255 255 71 51 0 243 123
    110 6 0 255 41 49 255 0 4 88 198 169 21 169 0 0 164 160 226 212 244
    145 0 176 56 27 41 43 99 183 91 95 0 115 255 74 96 0 129 183 145 120
    70 0 140 0 0 110 0 70 0 144 0 0 255 0 14 73 217 82 159 111 255 255 0
    255 176 0 0 255 37 0 199 21 125 138 255 89 109 144 69 101 0 166 53
    226 172 233 255 66 255 239 255 0 255 255 79 164 241 255 255 89 210
    57 18 195 4 255 124 255 0 247 229 250 0 155 8 126 10 255 255 0 255
    11 0 82 191 101 0 255 100 134 144 0 178 102 108 6 251 255 189 47 223
    255 0 58 0 21 21 53 0 210 0 110 65 239 7 255 255 66 90 58 205 255 0
    0 116 244 169 0 30 0 87 48 104 255 56 255 153 253 0 136 211 0 255
    142 239 104 0 61 0 0 255 183 255 255 0 255 0 15 255 130 71 134 149 2
    245 0 187 255 93 30 76 193 166 255 207 255 96 165 27 81 61 224 16 76
    177 0 83 53 255 109 38 39 113 255 83 0 191 0 150 254 74 4 255 15 48
    146 255 207 38 152 255 255 210 13 255 0 84 240 161 225 184 255 230
    156 75 0 100 255 215 47 165 0 255 99 166 207 144 157 102 255 0 0 143
    55 0 255 218 255 254 223 210 239 255 204 1 102 255 255 255 218 194
    123 255 114 86 74 0 214 159 235 255 0 93 29 0 255 0 0 0 0 65 0 11
    228 212 40 0 255 81 56 42 0 0 0 104 80 0 224 11 57 182 0 152 175 255
    217 166 255 0 144 57 255 173 113 94 207 156 0 255 255 255 0 255 222
    12 238 0 33 0 44 196 82 0 198 77 61 12 225 0 92 0 48 143 0 0 244 236
    0 98 40 23 0 129 255 0 86 35 0 0 97 214 255 55 28 235 0 195 0 31 120
    255 217 142 186 135 228 134 231 225 0 10 255 167 50 64 255 0 131 86
    167 248 0 243 202 255 0 49 255 105 255 222 0 82 255 52 75 238 207 6
    198 127 255 0 216 86 66 17 255 255 141 194 122 255 134 255 37 245 0
    25 181 0 208 130 141 255 0 255 122 0 235 0 12 0 0 169 8 138 42 255 0
    0 112 144 225 0 255 0 230 231 61 22 125 13 255 53 134 166 250 255 0
    0 159 191 131 255 255 255 28 255 197 72 0 255 211 237 0 49 67 239
    154 13 208 0 255 36 40 255 254 242 54 0 255 170 142 255 255 46 66
    102 205 109 139 0 0 193 91 237 34 209 182 255 91 46 0 210 205 0 0
    118 236 235 255 0 34 82 78 255 152 79 232 255 0 32 124 0 0 179 0 0
    40 0 255 0 59 253 91 0 255 255 50 55 0 204 255 43 255 84 255 255 16
    255 255 34 19 131 245 255 245 122 0 0 255 255 255 231 101 255 217
    125 255 255 0 103 133 163 135 255 191 84 192 255 0 255 244 0 255 65
    185 148 37 101 255 150 69 76 96 48 233 255 187 0 0 255 197 125 243
    175 66 0 255 224 255 192 204 243 255 127 222 0 138 31 0 54 4 244 255
    219 82 149 226 147 72 111 0 126 255 97 229 84 2 0 0 135 144 255 0 7
    197 255 41 0 245 125 240 244 119 0 0 234 0 33 208 255 226 246 35 93
    221 198 53 228 255 63 0 249 0 0 103 184 0 176 180 198 111 219 0 129
    255 37 255 68 54 212 0 224 0 242 141 200 79 0 0 234 224 195 166 10 0
    255 115 6 198 229 0 56 0 118 202 30 30 255 186 53 115 255 7 0 98 0
    255 206 255 126 181 0 0 138 194 61 83 46 94 69 20 0 215 255 49 255
    255 143 144 35 129 0 106 207 79 0 11 222 208 74 0 223 0 177 16 52
    255 255 255 246 102 255 108 0 11 255 11 225 190 145 148 0 0 242 157
    92 0 255 184 158 12 0 255 247 0 4 24 30 150 233 245 255 114 0 170 0
    0 255 255 171 95 252 230 0 81 0 158 0 100 176 228 0 67 0 131 141 33
    255 159 220 106 24 255 0 233 200 169 27 100 80 249 0 251 0 37 255 11
    0 149 236 238 255 127 250 100 135 255 4 41 255 0 247 0 138 54 255
    171 104 36 172 159 197 16 61 0 0 15 129 218 255 255 82 177 255 183
    226 4 219 255 103 18 109 0 0 148 101 255 105 199 229 66 0 36 255 0 0
    0 172 24 83 231 193 33 56 0 4 255 0 151 162 0 0 90 18 255 116 164
    186 118 26 0 254 61 255 60 0 145 22 0 144 0 109 183 156 79 0 109 178
    0 255 0 255 8 21 0 0 255 24 241 96 62 107 209 214 255 89 116 4 255
    140 0 104 27 152 131 0 255 255 66 255 184 202 255 158 173 135 190 44
    255 0 148 0 0 237 0 0 2 219 31 175 94 61 0 250 0 75 255 108 170 130
    120 255 111 35 112 255 152 116 255 255 170 213 183 0 46 255 255 255
    155 127 255 255 178 197 63 0 159 175 255 119 39 255 255 145 255 129
    106 245 154 26 30 0 0 0 25 231 145 217 127 109 0 10 160 238 138 17 0
    255 113 108 255 65 124 0 140 128 0 244 60 52 102 255 255 0 255 0 0
    11 0 208 0 119 60 84 159 0 255 0 226 0 0 255 255 108 127 102 233 223
    0 0 181 193 255 102 48 255 104 101 118 208 249 255 74 255 255 109 0
    133 51 206 137 164 0 255 172 237 215 6 0 0 203 222 226 139 234 30 0
    146 255 125 255 178 255 151 53 255 0 133 193 250 255 140 255 255 16
    0 255 238 255 118 14 229 0 208 250 161 0 142 133 255 0 157 248 46
    255 0 106 236 0 255 0 0 183 32 88 50 187 255 103 63 77 102 255 255 0
    22 118 255 228 138 155 65 255 0 0 219 0 127 255 255 223 255 158 170
    255 44 178 255 255 0 159 255 244 48 0 255 193 255 255 24 0 64 168
    255 166 11 0 255 255 0 92 56 255 219 85 242 246 160 144 0 23 239 178
    251 10 255 83 227 0 95 0 6 110 0 138 255 65 0 93 255 0 255 0 126 162
    253 141 38 216 107 222 0 196 195 131 179 140 255 247 59 0 0 57 0 13
    46 247 244 133 255 255 21 255 138 243 255 255 204 98 0 105 234 30
    157 193 40 176 255 83 149 29 11 22 0 184 202 145 190 255 148 103 100
    129 0 243 84 142 68 35 0 255 0 255 1 255 248 0 247 255 0 0 100 255 0
    255 43 227 135 54 0 35 236 0 255 35 60 120 71 66 0 255 168 31 55 251
    33 82 165 255 0 255 36 0 52 6 115 255 192 0 0 65 126 255 0 0 4 255
    115 0 213 209 0 149 230 255 0 234 191 16 171 203 97 0 255 227 0 255
    0 160 252 237 74 255 0 0 78 56 18 48 36 212 103 0 145 45 0 255 30
    103 0 24 0 0 0 182 255 241 38 157 88 0 212 255 186 0 214 52 255 255
    20 173 255 37 215 0 255 0 7 110 56 171 135 137 255 153 255 139 117
    120 35 89 0 0 8 255 174 41 0 87 110 171 157 187 89 0 255 255 255 0
    102 203 170 255 251 136 3 135 0 208 65 255 21 33 0 255 255 224 242
    255 0 2 255 12 136 169 143 255 122 41 222 255 234 69 195 0 42 207 59
    52 255 210 192 255 255 255 0 255 169 0 128 10 255 131 103 159 167
    255 156 7 86 177 199 255 145 212 255 149 255 0 0 160 153 0 187 220
    99 0 0 167 31 0 28 128 0 71 255 255 84 0 160 150 0 157 0 182 255 73
    135 212 139 254 69 62 118 255 141 228 150 0 8 192 230 255 0 246 225
    28 124 0 255 255 0 211 255 190 103 231 12 117 121 255 255 0 73 151
    90 255 0 150 4 215 26 124 0 160 0 214 166 255 0 238 0 189 84 220 35
    98 33 231 119 120 255 255 255 255 0 255 191 124 41 255 31 220 255 0
    255 255 128 255 250 175 221 255 0 111 0 192 0 0 0 120 155 218 173 0
    219 0 11 0 4 1 255 228 57 255 157 5 255 189 255 245 118 44 53 96 172
    142 11 177 246 255 0 0 113 97 209 36 255 46 109 50 225 237 0 242 198
    70 0 232 192 227 181 58 191 191 0 0 207 0 32 0 0 255 0 0 0 0 0 37
    255 255 0 0 187 19 76 0 145 11 97 127 0 255 0 0 196 165 213 217 21 0
    0 52 0 0 0 0 0 255 0 255 255 255 255 0 255 255 67 155 251 113 104 0
    132 94 0 255 34 197 0 0 211 166 241 102 0 232 0 11 120 0 0 255 0 255
    99 253 18 51 144 254 104 9 255 33 229 0 200 0 190 41 255 209 238 255
    61 176 7 190 0 0 189 255 89 255 204 58 210 0 175 255 255 176 214 186
    53 255 197 255 246 255 213 217 132 166 66 220 106 59 166 105 255 0
    190 102 42 0 25 30 33 39 228 229 173 255 171 187 0 233 0 255 39 255
    0 250 56 206 224 142 0 127 255 26 255 96 24 69 255 210 0 255 182 0 0
    179 246 255 41 255 92 0 0 109 177 255 55 10 255 0 255 84 37 109 179
    32 243 0 255 81 89 255 110 90 0 70 0 252 255 180 82 255 252 211 0
    170 255 46 41 161 239 214 174 27 0 52 114 0 148 255 171 250 255 181
    2 100 138 0 178 44 147 0 205 210 255 255 255 255 71 246 15 62 143
    219 0 194 67 0 255 0 0 185 91 108 0 221 0 0 0 49 191 255 200 192 185
    142 214 136 215 255 255 72 87 0 16 0 202 255 255 250 131 105 255 222
    255 250 17 162 210 230 220 171 255 25 154 121 95 216 0 0 69 194 141
    0 23 255 255 165 117 44 255 255 0 114 55 149 226 0 241 33 0 255 198
    0 255 7 255 0 191 114 0 115 0 181 113 102 183 41 185 58 255 255 225
    13 9 79 169 0 21 0 8 16 0 205 190 130 179 211 49 245 10 4 66 15 6
    255 0 207 255 159 255 0 255 200 20 255 0 255 54 0 246 255 0 222 122
    7 242 14 74 0 255 202 3 101 0 245 255 142 179 41 255 13 218 122 35
    255 0 129 35 33 0 221 142 250 192 0 0 255 180 213 112 0 135 255 41 0
    221 39 0 253 126 255 211 213 72 0 181 242 198 0 255 173 0 207 0 0 51
    255 123 100 164 108 102 103 255 0 221 112 255 45 255 151 80 110 255
    86 0 0 0 38 0 255 234 0 255 83 0 255 84 199 129 184 96 255 181 255
    255 88 192 0 0 0 133 168 0 186 193 190 255 180 255 226 219 255 235
    185 255 255 250 255 109 0 255 0 0 255 73 0 245 226 147 222 95 255 0
    255 133 95 255 158 174 178 0 0 255 124 107 122 255 189 66 255 255
    255 141 0 0 248 255 114 237 42 0 232 255 50 238 61 110 29 31 11 0
    255 46 0 8 255 206 255 0 255 152 148 0 255 255 141 0 255 255 111 231
    38 177 0 43 69 110 236 255 68 0 14 255 50 255 141 146 122 141 255
    192 255 186 255 93 231 255 255 123 255 255 218 0 158 28 19 210 249 0
    183 0 29 236 139 35 58 92 234 255 255 86 46 255 5 84 0 139 192 0 19
    255 69 255 255 190 75 0 215 185 61 135 185 173 223 150 254 7 209 255
    230 199 169 255 187 164 43 21 0 98 255 15 90 0 250 224 0 197 90 255
    115 251 200 165 73 0 168 67 255 139 255 73 17 0 255 53 0 51 54 255
    240 135 255 255 255 255 245 127 0 45 0 255 170 83 117 228 255 0 230
    56 209 13 109 0 255 49 0 0 146 124 0 191 163 134 255 255 15 159 92
    192 54 0 1 237 33 0 255 226 44 255 255 127 255 0 63 72 231 255 255 0
    114 0 102 85 255 16 102 0 85 21 57 255 139 49 219 106 203 33 255 249
    129 137 255 102 116 0 72 20 0 6 10 255 0 174 159 189 83 255 54 34
    255 153 255 18 56 0 255 3 226 255 0 93 255 195 0 172 114 0 0 0 255 0
    85 60 0 228 255 255 255 0 166 240 185 59 0 255 133 238 255 0 234 105
    54 120 255 188 255 60 243 78 97 87 30 137 0 178 32 105 157 255 125
    177 151 187 255 22 242 95 0 147 0 67 255 115 36 255 255 14 100 200
    89 255 11 255 194 4 117 51 69 255 124 157 0 255 165 255 0 0 255 2
    185 255 30 237 0 184 203 173 174 242 177 228 0 0 95 66 41 0 255 255
    207 169 255 255 89 255 214 253 250 202 0 0 159 101 199 203 255 198
    252 172 147 63 203 255 169 54 84 254 48 255 0 29 255 223 3 255 0 229
    165 0 255 173 0 89 0 0 54 0 157 191 111 142 17 226 0 179 24 179 255
    0 255 255 65 0 255 255 0 255 180 0 140 84 66 0 0 240 38 246 86 0 128
    79 69 158 42 137 36 255 187 255 0 96 87 204 124 255 255 97 156 255
    131 85 187 36 8 255 196 244 87 6 80 137 87 5 0 196 136 0 7 181 125
    152 0 255 49 0 255 255 28 120 0 77 187 223 150 255 255 162 255 86 64
    243 229 0 25 1 150 255 167 126 107 6 237 255 255 29 217 62 64 0 91
    142 0 147 107 187 244 41 0 144 0 122 255 0 162 144 138 180 243 255
    145 5 255 92 33 184 0 40 29 176 0 122 0 0 208 165 33 255 255 72 0
    255 255 0 178 77 29 56 39 135 255 220 0 110 138 119 160 3 30 0 236
    58 153 152 190 117 117 224 208 11 101 189 2 186 189 171 0 203 177 51
    255 101 247 255 164 0 0 0 255 255 255 23 0 253 255 255 161 200 255
    130 255 255 255 0 255 3 255 169 0 0 157 161 255 83 161 0 81 8 31 194
    139 0 236 126 255 249 0 192 197 140 255 0 163 0 255 246 207 255 255
    152 58 255 132 255 255 0 255 219 174 154 192 223 245 184 255 0 150
    32 255 255 219 0 60 60 0 0 104 117 0 255 0 106 62 109 8 0 105 218
    121 255 142 68 0 76 183 0 255 224 132 216 0 217 140 61 38 236 226 0
    0 232 0 0 146 219 0 74 0 255 255 126 110 36 0 129 122 255 255 15 159
    60 0 134 89 215 63 0 0 0 184 0 255 12 245 34 162 1 0 170 0 19 172
    109 255 110 13 251 255 134 178 54 77 1 136 255 194 0 0 87 194 255
    100 137 255 52 235 26 0 105 0 255 255 255 0 250 175 0 0 239 134 199
    0 230 10 255 176 254 211 0 0 53 215 160 88 255 1 166 140 255 166 8
    28 0 34 78 100 100 5 3 105 171 255 20 185 223 255 252 240 217 200 0
    42 206 158 203 186 255 28 143 69 29 77 99 255 255 0 230 0 21 255 0
    158 196 255 36 0 130 255 18 255 255 0 62 97 97 0 130 255 114 224 0
    16 0 106 0 126 134 217 189 255 253 255 131 0 200 0 127 159 169 135
    154 255 255 255 160 165 231 30 0 0 252 0 46 255 0 0 212 70 0 46 255
    155 172 187 0 62 255 255 64 65 255 0 255 0 179 150 255 0 240 255 0
    182 0 0 253 187 63 255 255 229 255 209 255 160 133 82 89 184 241 24
    253 255 255 174 212 255 255 215 255 213 170 201 255 85 131 225 13 83
    0 148 0 255 76 51 0 106 255 0 40 104 28 0 0 0 180 51 0 170 255 120 0
    255 0 131 231 252 42 187 255 115 255 104 131 213 255 0 241 255 0 85
    0 11 166 90 225 102 63 0 156 130 255 73 155 255 108 14 255 255 3 0
    255 239 190 192 7 235 255 105 255 234 255 0 255 9 64 147 116 227 255
    0 191 255 22 77 242 255 74 135 142 255 73 94 255 0 159 255 90 0 255
    56 157 255 255 255 128 0 141 221 0 86 130 94 175 255 204 203 213 50
    126 255 255 0 255 171 0 0 137 255 99 255 231 255 203 255 19 0 195 59
    108 255 237 13 205 0 0 255 0 0 69 255 199 129 255 28 0 0 26 17 255
    195 209 115 97 0 255 194 96 112 255 250 44 82 49 89 255 0 66 66 74
    84 255 175 255 0 156 0 106 0 255 230 56 255 255 48 41 251 51 0 0 153
    195 196 233 255 255 0 228 215 18 243 255 255 255 255 0 92 0 126 252
    132 100 255 15 29 0 178 169 255 53 78 20 255 210 191 255 206 211 25
    226 11 255 154 178 0 255 255 92 71 189 53 255 76 0 0 166 33 237 134
    6 63 156 255 40 2 0 0 231 248 133 226 218 136 36 114 30 103 255 246
    255 92 0 75 255 9 218 133 0 255 114 0 214 255 211 144 0 255 30 0 204
    255 14 138 229 249 10 0 89 215 196 171 73 255 255 123 106 0 44 0 5 0
    219 0 36 255 232 0 101 0 162 105 152 93 202 21 200 0 156 161 27 5
    131 14 210 55 202 255 255 195 255 255 0 163 129 0 231 41 191 66 255
    255 242 17 7 0 255 0 255 99 178 41 78 30 255 151 175 0 173 109 255 0
    0 115 255 255 0 0 110 0 213 255 255 229 178 176 226 0 49 157 199 183
    76 246 0 92 31 239 85 55 178 167 89 177 250 255 154 121 70 0 147 0
    209 255 151 255 180 14 195 0 75 61 134 255 0 255 0 255 172 198 255 0
    254 0 0 179 255 156 114 118 16 223 255 32 0 31 104 162 125 15 160 0
    255 187 0 93 255 214 0 0 252 255 183 6 0 64 243 0 171 0 11 165 96
    255 214 255 255 255 226 69 10 255 160 205 0 103 0 91 178 29 221 0 0
    255 56 0 0 200 0 234 153 134 255 61 144 247 18 0 140 113 255 34 0 16
    212 127 255 255 0 255 67 104 255 0 85 255 19 26 205 189 201 56 24
    255 255 0 0 7 0 255 245 99 255 16 62 52 148 124 105 41 120 0 48 7
    140 255 95 255 255 228 8 136 82 225 255 242 0 26 73 255 154 0 224
    244 0 90 93 75 0 0 133 0 48 255 68 201 0 133 255 105 47 0 196 255
    108 21 171 255 0 255 95 73 10 83 86 255 54 255 0 28 0 30 95 255 0
    255 39 0 90 193 36 150 87 45 255 0 121 0 191 255 255 0 255 24 173
    124 10 255 211 253 61 99 255 255 0 0 255 60 235 101 108 146 0 0 149
    176 0 255 127 0 0 217 255 92 91 19 251 155 255 255 0 18 123 111 75 0
    75 255 53 142 0 237 188 0 91 255 245 231 7 46 53 232 0 0 63 0 201
    204 255 91 48 255 255 255 106 180 255 222 124 255 0 0 0 113 0 77 0
    140 111 255 107 13 28 213 59 15 255 182 255 162 121 0 229 173 0 254
    44 55 0 78 255 39 196 144 255 0 110 0 255 22 65 255 224 255 255 213
    16 126 232 192 41 255 255 75 30 34 6 142 0 219 0 0 0 223 126 171 169
    255 134 0 105 254 209 210 0 75 0 0 0 182 255 85 255 115 207 0 55 255
    0 251 211 105 0 188 212 0 249 134 0 239 199 3 125 135 255 148 200
    166 255 194 242 86 117 231 0 132 255 0 177 0 0 1 100 56 226 69 37
    203 39 126 0 255 220 255 255 0 0 255 30 11 255 232 129 22 238 213 0
    18 88 214 0 81 167 86 237 0 255 125 80 228 56 62 20 213 106 33 0 124
    0 205 0 81 0 255 0 0 169 255 0 186 0 0 52 0 148 207 135 255 55 124
    255 175 255 162 0 105 73 70 141 255 0 245 175 105 0 0 172 0 21 109
    126 112 76 255 255 41 143 204 255 14 208 202 106 97 255 168 71 172 1
    198 79 242 239 255 0 139 183 186 17 253 36 60 81 242 66 18 255 93 0
    178 199 162 31 191 0 108 255 45 255 179 156 69 77 42 76 90 219 118
    19 142 106 19 25 76 0 61 64 0 255 0 225 33 255 225 107 255 0 0 167
    10 197 215 0 10 38 59 69 187 0 206 255 0 0 229 255 125 255 164 168 0
    211 0 155 0 246 181 0 100 121 110 18 51 0 0 139 52 0 8 255 124 18 35
    102 163 235 0 80 88 96 75 85 225 0 0 0 129 0 55 255 126 185 0 255
    255 3 220 255 0 151 18 60 255 86 222 58 120 255 0 255 45 0 0 193 35
    1 218 255 0 250 174 211 187 0 193 255 40 61 255 255 161 255 218 35 0
    255 220 132 128 255 39 54 151 255 253 94 228 54 196 90 255 170 255
    249 77 218 181 166 53 191 26 48 36 14 255 42 67 133 120 255 169 0
    156 255 130 161 212 22 173 0 0 120 0 29 199 149 40 226 27 0 237 0
    163 28 255 211 255 156 125 205 33 0 255 54 94 145 4 255 0 109 253 0
    84 63 224 0 106 139 245 23 3 0 103 12 175 0 0 0 219 163 69 255 0 18
    199 110 0 255 20 54 0 133 124 90 175 237 0 222 100 10 0 91 0 3 0 171
    61 105 5 81 52 91 102 255 255 0 89 203 255 99 129 255 255 156 255
    106 255 0 255 132 72 234 44 226 218 36 255 213 0 236 169 37 0 55 255
    0 68 255 255 0 255 207 12 255 0 207 0 0 0 161 184 221 27 0 255 195
    73 74 97 200 255 126 4 18 106 190 53 48 125 76 247 249 56 212 43 0
    255 85 66 137 44 199 0 0 255 189 77 0 143 255 255 255 231 0 255 54
    150 0 245 83 20 1 81 39 39 0 73 255 224 183 255 255 98 179 119 169
    237 165 218 0 203 0 208 0 255 55 0 200 125 26 255 236 99 221 113 0
    87 3 200 0 167 0 118 27 247 0 144 10 0 255 229 82 251 0 92 0 12 243
    30 112 255 0 255 182 129 43 28 227 255 95 255 0 152 171 0 0 227 255
    139 197 255 255 132 0 0 224 50 41 0 255 106 120 248 140 80 224 23
    255 99 0 255 29 255 162 0 92 68 115 252 191 0 138 81 0 0 3 250 161
    70 0 182 255 255 255 58 236 172 114 255 224 255 77 145 67 79 231 157
    64 48 96 0 94 212 214 14 0 154 244 13 69 214 213 16 27 50 9 36 0 21
    255 70 78 202 255 244 95 5 79 120 221 130 104 250 206 201 218 93 0
    231 255 0 20 0 202 0 117 164 60 213 255 241 255 255 129 52 192 0 14
    174 0 71 111 0 161 185 72 50 49 255 151 113 255 255 143 255 255 22 0
    255 0 58 21 91 137 249 151 233 169 84 216 191 255 57 255 110 121 255
    0 6 92 0 137 102 255 53 0 217 124 4 20 234 211 139 56 255 255 1 0
    255 0 221 45 57 255 202 115 255 31 70 183 138 255 253 255 0 40 226
    218 0 180 99 68 0 0 188 0 0 255 0 255 0 176 255 113 0 73 113 0 28 0
    243 47 109 0 82 6 19 0 255 112 131 51 246 75 0 0 255 5 135 255 0 255
    255 255 0 7 111 116 251 0 255 154 200 185 0 104 237 0 22 39 247 115
    0 255 0 200 19 195 208 38 0 236 0 63 255 139 51 167 174 255 152 5
    255 214 76 138 192 175 108 139 0 102 0 94 255 146 255 255 91 0 214
    255 51 255 161 82 0 188 122 255 216 179 255 255 180 37 255 0 253 201
    217 118 0 0 255 83 159 255 201 215 0 0 1 237 255 21 255 72 0 196 255
    117 69 61 145 255 212 217 211 6 255 0 241 199 0 112 41 49 59 6 4 0
    89 255 209 129 67 240 0 150 0 174 255 102 0 36 186 14 35 255 111 30
    255 166 17 46 255 230 0 142 58 255 206 65 184 55 161 51 78 184 90
    225 192 255 0 255 164 63 255 0 0 0 217 0 0 182 71 255 0 106 245 189
    121 49 213 73 0 229 0 0 232 61 8 0 163 218 40 140 184 255 0 76 0 202
    255 198 0 60 138 123 0 0 7 0 255 116 185 42 88 100 44 49 104 190 189
    0 255 80 59 255 48 255 255 103 176 0 253 54 0 0 255 25 0 33 0 116
    167 123 0 15 163 0 194 250 243 0 64 255 255 8 51 5 144 255 206 255
    254 196 75 116 130 43 208 185 213 24 154 29 133 0 173 102 248 0 34
    237 195 171 0 119 94 234 213 0 255 0 132 56 255 95 212 0 40 2 87 12
    0 255 0 255 123 0 255 88 4 255 255 255 55 225 0 161 37 30 0 41 134
    35 62 0 199 255 108 255 255 218 0 255 0 91 32 1 0 255 162 57 255 0
    153 65 27 167 12 0 193 255 116 0 255 115 0 107 255 0 166 243 0 43 96
    25 62 1 243 107 0 14 255 109 0 243 255 0 1 60 255 255 255 0 255 255
    248 255 76 0 149 143 116 122 255 255 232 112 255 138 0 25 0 152 151
    64 231 255 79 0 29 233 179 251 255 255 66 185 255 0 15 205 34 255
    179 131 137 52 188 255 66 111 113 64 128 145 141 76 0 255 184 0 180
    34 0 66 212 2 0 0 149 120 196 215 255 103 255 196 75 105 58 249 60 0
    195 0 4 1 238 30 234 127 9 255 0 203 227 71 255 0 0 145 126 0 48 232
    255 75 255 15 0 255 189 170 90 46 62 0 92 103 0 70 22 225 217 0 19
    255 255 42 0 144 29 0 52 34 178 178 85 148 77 36 255 179 165 255 13
    255 255 0 0 0 0 255 255 0 244 246 240 151 167 72 62 50 151 255 100
    52 204 0 251 37 21 160 196 255 0 153 255 255 233 77 124 0 152 39 252
    68 167 86 190 26 232 255 188 255 0 15 153 156 255 4 210 255 71 246
    204 0 75 133 255 0 218 255 105 0 255 42 145 0 157 34 127 11 238 255
    165 69 230 51 137 186 255 133 205 24 87 0 180 58 191 143 38 114 255
    0 255 187 250 218 185 55 76 255 0 255 30 254 120 148 215 0 162 111
    235 59 154 147 121 0 100 106 0 111 255 72 255 167 250 0 38 255 140
    34 199 74 129 16 158 119 220 0 151 220 0 0 255 248 188 207 167 0 0
    255 0 0 255 171 0 0 255 34 111 0 0 149 0 0 30 242 25 0 0 133 71 253
    0 255 45 255 197 0 203 255 0 43 255 0 0 195 255 104 255 197 177 108
    164 0 12 91 141 0 255 136 98 251 68 86 255 0 36 230 191 255 108 158
    255 110 0 89 166 4 112 108 155 255 113 9 16 174 67 240 255 45 191 86
    82 47 0 111 255 40 127 246 239 152 103 14 251 85 255 112 45 187 39
    167 255 11 61 117 0 0 0 0 159 40 79 86 255 255 255 226 255 255 201
    65 255 0 193 108 250 50 252 0 115 255 104 199 255 76 255 24 0 0 189
    102 222 255 255 253 0 0 15 54 162 108 244 52 37 50 11 70 250 2 3 72
    0 165 118 89 255 18 0 255 255 0 156 50 42 65 255 245 199 0 244 255
    84 0 169 127 224 183 0 255 250 135 255 37 226 248 58 182 0 32 161 2
    255 138 60 199 33 0 141 0 0 149 0 21 74 151 99 0 255 255 0 249 255
    188 168 255 159 83 140 89 26 255 169 255 0 255 59 255 0 78 31 14 255
    93 13 108 0 255 221 0 238 231 197 0 0 99 205 186 255 255 87 107 44
    53 0 61 140 150 125 246 255 216 20 243 129 16 219 0 0 244 255 6 11
    138 255 30 173 0 142 255 0 193 0 190 255 232 255 0 246 150 255 0 56
    87 242 0 25 141 0 255 247 130 127 255 255 19 112 19 232 78 42 255 0
    80 172 0 136 175 255 124 240 173 0 116 100 222 255 255 208 22 241
    166 240 127 92 0 0 8 241 158 212 108 255 0 255 33 175 200 255 0 182
    100 9 255 0 0 199 255 133 2 0 208 198 234 255 211 45 194 166 193 0
    177 34 4 189 255 112 157 255 0 10 0 194 0 174 255 0 255 238 178 0
    100 0 207 109 123 255 19 23 250 0 255 0 255 62 190 255 20 255 77 0
    255 225 52 90 255 255 7 4 191 255 255 91 245 255 79 240 180 255 0
    147 255 54 0 255 0 59 47 1 156 63 56 90 0 255 91 193 253 246 255 224
    255 45 95 101 255 255 84 203 241 131 0 175 191 255 99 55 81 117 0
    191 0 125 37 0 255 183 255 125 85 0 137 193 0 129 113 32 218 117 3
    234 142 0 0 100 255 191 155 255 169 129 255 41 255 142 187 15 244
    149 255 75 255 13 90 0 230 35 91 2 0 255 69 255 132 68 253 148 65 25
    255 164 255 84 12 202 0 0 255 13 89 0 183 181 28 204 0 255 255 255
    205 222 223 226 255 198 144 157 192 0 48 0 104 211 189 123 121 131
    255 132 255 46 85 18 76 0 82 170 255 255 202 203 255 188 163 0 241
    255 0 92 0 235 0 91 196 207 43 114 224 187 24 255 40 223 86 255 31 0
    255 0 0 0 164 178 255 240 184 66 161 219 150 55 255 0 60 238 0 208
    38 255 253 235 92 197 148 154 0 255 255 145 5 185 0 255 189 220 128
    255 255 0 26 100 170 255 175 183 25 196 0 208 69 75 68 61 34 147 0 0
    3 213 137 135 200 136 0 210 0 252 109 131 255 0 193 254 79 255 168 0
    202 99 169 255 123 255 29 0 123 119 78 0 56 86 0 0 0 207 195 51 240
    139 73 255 155 125 5 132 82 65 255 255 0 45 216 133 58 171 14 135
    255 255 0 63 255 127 255 0 75 0 239 226 112 0 0 0 144 74 88 252 194
    198 137 237 46 255 255 229 0 3 255 0 234 255 165 96 197 44 255 187
    255 207 7 225 0 255 199 0 21 0 228 16 0 81 255 255 0 255 0 98 225 31
    0 0 255 255 194 186 117 122 99 0 10 0 198 0 8 142 0 115 190 0 0 169
    255 48 47 255 28 255 59 255 194 255 0 239 157 49 255 212 0 95 248 0
    154 208 217 0 204 255 0 0 186 0 27 255 0 37 255 255 237 0 112 209
    167 255 119 255 144 23 73 48 218 255 255 23 255 141 0 101 12 0 24 44
    170 185 0 82 0 62 255 255 0 135 255 255 169 255 255 0 120 255 253
    185 94 255 219 10 125 208 255 150 76 252 43 166 144 255 0 255 202
    143 255 255 215 201 163 240 114 251 255 225 0 164 155 0 255 18 132
    117 255 0 209 62 91 149 143 8 35 56 7 255 231 0 255 239 106 229 149
    32 180 166 191 95 0 255 116 118 247 237 210 145 255 71 210 224 132 6
    176 58 0 255 255 0 0 255 143 43 91 255 94 187 0 255 230 0 0 51 0 0
    230 0 174 132 30 143 255 0 127 255 73 0 59 236 89 255 255 255 190 1
    223 255 63 163 148 20 2 99 233 89 151 244 162 57 136 214 139 0 187
    197 255 137 0 147 163 221 0 0 178 60 185 184 255 111 255 48 255 255
    139 255 231 208 186 255 145 41 146 218 0 255 255 140 72 27 52 0 64
    255 24 255 31 255 255 134 31 0 255 174 0 42 148 248 0 219 0 254 219
    107 255 124 23 255 199 173 57 139 135 133 244 122 49 255 205 255 175
    255 0 190 240 234 39 255 255 255 95 255 194 255 124 0 241 136 55 83
    83 22 255 121 92 139 97 255 239 255 172 40 32 0 255 255 255 60 254
    210 117 0 196 210 255 33 255 255 255 0 23 166 34 255 135 80 65 68 58
    141 0 0 171 163 186 143 17 200 115 0 96 37 64 183 156 255 55 140 0
    10 0 15 255 0 245 144 166 255 15 212 247 230 16 119 255 0 255 121
    255 186 183 46 43 0 255 119 170 189 164 255 0 0 255 255 0 0 150 0 67
    20 221 255 177 222 79 255 167 56 60 68 72 125 255 93 212 238 0 0 205
    10 0 148 2 55 0 0 110 92 217 255 122 224 193 65 47 182 254 0 0 203
    60 224 0 115 64 0 0 255 0 102 255 213 125 0 109 14 149 255 113 0 0
    10 255 217 253 4 174 164 248 0 255 109 197 255 0 0 0 8 64 87 255 59
    82 0 201 71 172 130 195 0 0 0 0 161 30 0 55 0 0 251 47 255 24 88 22
    0 115 186 185 0 255 255 7 20 0 140 0 255 220 0 43 39 0 255 48 231
    255 40 85 46 0 250 255 255 135 0 195 0 84 8 108 74 0 0 123 255 0 0
    228 0 112 0 0 0 15 193 0 0 255 74 73 238 255 172 2 175 247 116 255 0
    255 0 23 206 149 255 188 24 91 0 203 0 0 140 0 75 81 95 103 0 0 255
    146 0 80 119 30 51 255 106 153 0 65 255 0 92 255 223 0 70 0 241 105
    0 243 0 176 0 143 255 122 69 139 159 242 0 42 8 18 0 225 83 8 173 95
    0 178 0 252 150 0 35 82 0 0 121 128 216 97 197 0 231 255 204 5 255 0
    255 22 203 255 15 71 227 255 205 0 128 210 199 153 169 255 85 119
    245 226 251 17 188 205 255 101 0 216 0 156 165 183 193 177 113 255
    190 164 140 0 226 69 95 234 0 255 108 84 227 255 180 143 255 9 0 255
    85 255 248 255 251 85 255 56 206 110 182 255 151 131 39 14 255 91 0
    235 114 0 255 18 51 161 102 43 0 55 72 157 168 255 109 0 0 37 255 0
    255 44 255 143 92 255 102 255 251 60 221 139 255 18 159 0 91 0 255
    182 63 57 130 52 89 184 0 7 68 0 255 102 0 189 35 255 255 36 133 187
    255 255 0 222 0 99 255 193 163 26 101 228 69 252 233 190 255 255 172
    129 66 159 242 33 7 0 30 55 56 35 181 117 255 249 0 255 147 33 233
    255 167 184 32 255 255 220 5 0 188 21 13 126 0 19 121 154 255 201
    140 215 0 101 78 2 173 197 71 181 149 255 255 255 217 0 88 46 106 20
    255 218 98 15 160 255 20 219 108 0 78 255 255 192 171 208 255 87 243
    243 0 231 63 190 186 9 202 234 9 133 255 89 44 142 35 199 0 131 247
    0 0 255 0 163 38 143 83 182 232 0 191 255 118 150 52 198 245 0 169 0
    22 0 11 255 0 248 235 113 0 63 91 87 178 173 0 255 209 236 8 43 0
    255 190 22 255 134 177 255 215 0 0 42 0 255 130 0 170 174 83 29 161
    125 2 255 195 232 162 25 247 101 0 184 173 226 178 0 78 79 0 255 63
    87 149 103 0 255 218 104 97 0 255 27 255 236 139 188 77 0 0 255 244
    255 130 254 211 255 0 120 0 78 66 0 255 47 115 182 202 0 73 0 157 2
    68 201 0 0 48 0 66 0 255 255 249 255 255 255 85 255 110 7 71 213 191
    238 108 49 255 194 235 164 0 96 251 231 123 143 40 0 119 253 246 93
    120 0 237 241 62 255 0 42 223 255 252 200 133 255 12 255 103 255 253
    0 255 2 134 0 163 255 0 120 255 0 109 0 8 255 64 54 255 84 239 255
    57 218 238 138 0 0 28 151 0 186 249 254 255 135 37 255 255 255 0 255
    28 116 138 167 164 233 185 15 255 108 0 14 255 255 0 67 116 157 255
    88 107 98 0 255 0 0 255 249 0 255 23 185 0 41 255 227 25 255 0 255
    255 113 0 118 189 44 0 0 61 255 185 229 86 144 175 87 45 255 176 154
    137 255 255 87 71 204 54 0 255 216 181 68 146 79 185 239 94 0 0 255
    62 221 131 58 255 130 152 0 36 77 199 220 255 255 129 200 255 45 0
    247 106 0 249 245 217 114 44 255 255 253 248 12 156 255 255 127 0
    255 98 255 0 83 125 0 255 0 151 253 222 31 196 54 21 144 0 255 240
    255 166 92 85 238 0 154 38 234 191 255 0 243 2 169 255 0 190 0 255 0
    88 221 224 250 203 255 255 30 38 221 64 255 210 255 118 255 0 99 9
    213 101 73 123 0 133 119 255 178 100 164 255 53 255 93 109 92 151
    255 70 0 255 255 31 255 255 255 0 48 232 0 222 16 23 158 64 49 20
    157 45 237 255 255 46 172 0 255 0 175 0 118 66 165 75 212 0 242 60
    148 0 255 228 0 230 224 0 246 80 255 183 195 255 255 255 89 123 7
    215 159 0 0 255 255 231 255 217 25 0 144 191 255 3 228 62 0 0 0 255
    172 238 0 188 255 0 245 0 0 227 4 255 143 227 247 152 40 130 171 234
    0 52 255 0 229 237 3 255 0 32 218 159 243 198 90 136 0 174 33 0 255
    255 255 159 7 255 85 8 240 117 255 255 47 255 24 38 127 252 161 255
    0 255 162 179 182 98 0 182 87 187 255 160 22 81 165 225 0 53 64 37
    110 202 0 104 182 36 220 195 200 160 90 20 149 131 11 96 91 0 29 0
    146 0 0 108 127 248 207 90 121 25 227 0 237 202 99 149 70 247 68 145
    0 143 255 2 0 255 128 0 255 223 255 215 163 111 64 172 38 0 0 255
    106 72 94 0 61 0 208 0 0 47 0 255 0 0 135 0 0 255 0 212 255 52 0 0
    107 232 69 27 255 0 48 73 255 0 230 42 255 255 0 91 255 7 209 237 47
    0 248 0 139 0 0 147 53 0 255 0 138 246 205 255 84 113 133 153 229
    201 86 20 160 0 23 203 255 0 52 0 150 186 0 255 185 55 255 255 0 66
    192 252 215 200 255 215 0 198 91 126 169 255 77 119 255 176 35 255
    49 0 37 0 184 255 77 255 0 78 79 176 194 18 76 50 0 49 255 248 78
    209 134 116 0 197 36 190 68 0 114 0 255 0 194 98 0 3 215 255 182 161
    255 255 184 255 35 255 240 95 255 255 0 72 240 255 255 160 133 160
    176 171 247 0 255 50 0 93 133 19 255 0 106 134 0 75 43 136 255 235
    37 164 153 0 81 128 43 131 54 59 3 224 0 8 41 55 142 225 235 60 91
    209 24 163 146 0 142 1 39 172 103 255 145 0 183 231 164 119 0 204 29
    9 206 7 179 255 0 255 100 155 255 69 151 59 98 112 65 0 3 119 132 0
    156 225 250 255 255 255 238 255 251 0 197 67 0 0 110 197 117 175 56
    255 6 128 0 182 233 176 255 164 170 194 255 255 177 12 0 238 135 52
    0 0 255 255 255 92 229 174 7 209 0 255 129 135 0 31 255 0 255 114 0
    195 0 80 19 0 255 232 176 20 8 168 0 173 255 142 255 234 63 240 225
    4 197 0 0 0 21 0 44 61 233 53 171 0 185 147 0 74 0 234 255 228 192
    255 0 197 223 168 255 119 206 0 255 231 122 215 0 255 101 73 6 255
    255 255 242 255 255 255 0 0 22 0 144 174 230 218 43 0 255 103 255 4
    80 0 137 228 255 6 129 243 169 255 255 69 227 245 0 149 140 167 43 0
    153 99 27 0 250 118 41 0 253 0 0 30 239 3 205 124 0 201 0 0 252 142
    255 145 222 255 76 255 255 48 0 88 255 0 230 167 54 0 0 0 62 32 205
    174 0 212 91 157 0 255 243 118 14 181 255 255 0 82 207 95 106 102
    218 245 206 255 0 145 0 44 192 0 26 211 54 231 130 54 32 0 72 255
    238 61 255 0 30 40 234 55 100 121 64 16 102 92 114 218 0 37 33 9 36
    23 10 31 133 255 118 0 255 33 255 91 0 255 35 0 255 197 29 175 106 3
    100 65 255 99 92 19 34 23 127 246 138 255 195 55 160 0 0 34 54 242 0
    255 255 0 76 255 198 255 255 11 96 255 255 178 73 230 19 89 255 85
    140 255 255 131 255 0 255 45 97 255 255 0 0 107 255 0 206 209 119 0
    168 204 94 22 215 0 115 88 133 0 141 255 167 81 141 144 0 9 185 231
    141 0 149 0 115 96 207 0 17 87 0 148 0 0 76 113 0 238 221 172 199
    250 122 140 76 86 48 93 0 255 255 76 251 50 13 255 255 32 0 231 255
    46 0 0 84 0 0 174 0 64 255 102 248 161 68 126 49 0 255 255 35 120
    120 255 255 209 0 0 123 0 137 49 157 243 113 97 225 255 241 255 79
    104 86 0 85 213 0 144 200 255 0 1 0 255 16 255 255 126 0 46 255 255
    21 16 246 255 52 128 255 255 40 255 255 204 129 0 70 107 139 0 255
    255 200 91 255 229 92 229 179 119 13 81 105 0 239 255 0 0 31 238 177
    151 255 255 110 185 152 186 247 122 49 173 208 52 117 0 128 0 212
    123 235 13 88 38 139 255 196 250 255 23 255 172 0 76 47 125 0 255
    205 0 255 15 255 170 246 142 255 219 153 215 196 0 109 255 0 34 133
    255 182 134 53 255 255 238 34 35 152 236 0 138 73 173 191 255 148
    196 99 0 255 149 0 201 0 173 234 0 255 129 125 0 255 158 255 0 184 3
    255 255 237 0 5 17 182 87 175 18 67 179 221 134 0 64 198 125 157 0 0
    66 118 255 245 241 132 0 155 255 164 255 255 216 203 0 103 255 4 128
    8 111 190 138 132 255 136 0 102 72 85 255 100 170 249 0 101 209 116
    58 251 27 45 255 155 215 162 73 214 255 255 255 255 149 150 200 255
    138 110 0 0 122 255 221 0 14 94 80 0 236 101 246 139 22 152 14 8 0
    55 143 110 255 0 255 157 0 0 0 255 255 0 0 0 185 142 80 159 135 75
    136 114 217 255 0 180 95 116 249 169 0 136 120 166 0 0 255 118 83 17
    0 64 255 16 127 196 100 217 57 25 0 129 255 0 247 0 28 39 255 0 121
    39 255 255 244 131 0 255 17 147 250 0 0 255 0 0 208 208 82 0 88 146
    111 178 151 107 21 216 54 4 0 158 203 255 162 0 170 246 0 0 255 78 0
    0 99 195 0 198 68 33 255 0 255 117 253 0 0 152 255 173 255 255 101
    183 0 115 97 0 96 252 0 0 227 53 0 157 2 0 0 0 141 248 143 4 164 198
    0 117 0 240 79 181 0 255 255 177 255 176 231 158 189 226 115 255 163
    213 228 255 255 255 90 0 83 71 144 39 0 133 0 226 88 255 87 26 170
    137 179 255 255 161 255 145 212 0 2 0 255 255 150 184 72 87 255 0
    184 255 215 61 252 106 255 0 0 53 239 238 0 30 232 0 255 154 159 255
    196 15 0 255 255 0 0 56 0 190 23 255 212 255 0 61 45 255 255 16 220
    0 255 213 0 255 170 3 24 255 213 111 255 149 0 19 0 0 0 213 76 0 38
    0 100 255 192 133 255 255 255 224 255 66 59 255 37 220 191 173 0 221
    51 0 26 137 220 232 219 0 59 0 0 40 50 205 181 117 0 40 176 112 255
    124 206 141 129 114 9 135 83 53 0 50 114 255 94 195 186 238 191 232
    196 0 230 13 209 64 25 220 0 255 255 0 218 249 255 215 100 46 255
    224 0 176 192 255 44 0 255 100 0 195 190 0 177 131 97 68 40 0 52 255
    0 126 255 255 181 0 213 255 235 100 0 180 243 0 255 41 123 255 238
    111 0 23 62 0 0 27 244 62 0 255 154 79 38 0 154 176 71 255 231 157
    190 127 255 187 255 255 255 0 246 154 56 0 0 19 0 255 255 134 255
    250 120 209 189 157 0 0 0 90 57 9 39 189 126 255 0 8 71 255 189 68
    50 143 99 0 255 0 255 25 154 255 201 130 255 255 0 147 165 142 255
    255 252 255 171 58 0 34 0 255 167 0 211 0 0 6 245 0 244 197 147 76
    255 13 255 255 68 167 245 72 0 222 255 0 83 255 35 0 0 226 65 0 60
    162 200 245 255 0 148 90 122 0 48 28 188 0 83 0 85 255 173 0 83 0 64
    90 24 145 15 255 255 153 71 80 0 0 254 109 255 0 0 54 177 227 0 154
    34 0 113 255 239 255 255 255 241 82 207 46 0 228 37 0 63 0 255 0 185
    255 173 10 202 155 255 41 112 0 174 135 0 135 226 94 255 10 255 0
    230 56 32 219 0 0 0 20 0 0 41 255 215 25 0 255 0 255 116 255 100 255
    252 21 255 117 62 0 0 190 129 253 117 255 0 0 242 23 0 255 33 0 249
    0 0 75 0 42 129 0 188 0 255 100 208 255 56 149 117 58 151 0 255 207
    255 201 255 255 0 221 37 100 0 137 0 212 175 0 0 0 255 40 255 129 18
    255 0 255 27 0 122 167 111 91 201 223 255 77 97 73 245 32 117 29 0
    58 35 255 195 80 156 255 132 30 255 193 255 35 31 255 56 180 247 191
    255 0 52 196 136 53 254 128 0 195 198 0 205 54 202 255 107 255 81
    240 255 0 0 4 24 94 200 119 84 155 110 255 54 0 98 0 0 0 62 155 0
    255 0 52 0 255 255 232 255 49 255 129 0 0 118 0 0 255 76 255 212 23
    158 255 181 27 205 255 162 232 213 255 0 185 61 153 77 13 66 219 0
    26 255 177 139 178 9 121 150 176 255 97 117 76 26 110 15 73 91 172
    250 14 200 2 0 255 69 229 169 86 10 186 255 61 164 0 219 134 186 228
    154 255 0 0 97 255 173 248 75 127 184 0 68 74 55 255 255 0 255 0 189
    255 189 255 186 160 108 231 218 15 255 126 14 255 82 47 221 131 55
    83 73 181 206 62 0 115 97 1 16 163 255 255 62 100 251 255 1 42 255
    82 206 0 29 0 0 229 75 255 0 119 213 10 0 255 79 0 219 171 166 251
    34 47 255 0 255 185 255 255 255 188 255 218 0 65 10 210 0 68 255 0
    210 0 118 240 0 130 255 207 121 155 255 0 7 100 0 0 255 61 47 158 0
    39 255 255 0 78 14 119 75 0 177 169 255 255 181 213 163 0 248 0 255
    0 0 122 0 255 52 255 21 255 255 104 0 79 255 51 59 0 0 108 93 64 169
    64 85 171 255 188 93 223 120 255 0 145 182 138 255 255 114 0 168 149
    108 65 110 5 205 219 234 13 84 255 135 21 4 0 240 255 249 20 255 245
    184 0 124 0 0 151 231 26 160 255 14 33 0 245 255 213 0 133 0 255 180
    179 177 255 255 255 158 9 0 148 0 28 73 255 51 80 45 120 0 184 140 0
    149 103 93 136 178 255 0 255 163 0 77 0 130 255 67 255 138 239 235
    128 255 116 0 0 255 93 155 0 255 0 136 0 188 30 255 57 76 255 250
    158 0 128 47 82 246 0 0 156 243 0 255 254 79 191 255 255 255 255 0
    15 66 152 98 82 104 255 207 0 255 251 157 170 158 255 120 255 0 0
    116 30 87 253 52 176 0 185 255 34 154 255 0 32 255 16 0 137 212 255
    145 145 44 167 19 170 83 255 0 0 29 73 255 205 255 140 27 178 164
    107 255 103 0 178 159 0 38 0 209 228 255 113 148 70 255 42 0 66 255
    157 0 255 181 175 211 48 80 171 55 81 255 27 114 144 44 175 55 0 133
    255 208 131 219 251 255 192 172 134 255 14 62 0 74 255 215 239 186
    40 255 251 75 126 0 255 96 0 253 92 215 145 198 255 255 88 0 255 124
    133 95 0 40 254 149 67 162 255 0 0 255 209 174 224 113 255 148 0 128
    137 220 28 0 93 165 191 158 133 0 0 255 0 0 62 255 77 255 80 11 201
    0 195 255 54 104 106 255 0 0 132 255 147 255 255 0 0 255 0 235 190
    240 0 255 0 255 1 255 33 0 0 109 0 1 255 255 255 220 255 122 68 7
    206 255 30 255 218 139 255 209 100 0 255 82 255 229 211 208 0 25 200
    13 0 204 255 0 255 174 230 111 0 253 224 93 121 0 241 230 92 12 254
    93 34 85 211 255 189 115 0 0 37 92 208 255 217 121 132 239 125 0 207
    58 255 194 0 255 85 66 33 0 255 58 255 0 0 182 255 0 199 87 255 224
    26 41 0 122 88 87 0 255 208 27 255 255 198 255 86 223 86 0 12 69 255
    189 2 76 114 86 133 36 155 0 10 44 220 204 146 101 0 255 0 255 245
    234 187 0 0 0 255 181 0 73 143 3 255 121 0 13 0 221 0 117 0 90 0 10
    0 255 230 0 188 255 8 64 234 100 0 142 175 53 209 0 255 216 18 255
    87 0 0 0 214 0 255 0 0 196 0 200 119 58 176 0 245 255 66 255 54 141
    255 46 64 92 250 92 172 0 125 18 127 177 156 245 0 255 180 255 79
    207 2 0 255 170 85 115 216 255 0 0 255 19 0 153 255 255 44 145 219
    222 110 72 255 6 13 255 54 250 0 218 21 119 0 226 214 255 0 245 101
    0 245 250 177 224 255 178 128 255 45 227 255 66 65 87 137 229 216
    255 218 255 149 255 55 255 145 180 189 176 20 197 71 124 255 255 77
    85 188 255 255 97 85 0 255 130 171 235 0 255 38 0 189 190 0 0 20 0
    255 0 0 255 250 251 198 255 132 107 255 85 0 255 255 28 0 221 245 23
    252 83 0 255 208 255 220 1 255 0 0 197 46 18 72 255 133 130 20 55
    221 61 203 255 225 88 0 57 212 172 127 255 231 255 150 55 223 217
    243 144 239 15 129 29 0 255 0 176 171 255 59 16 210 0 255 186 255
    220 132 198 255 11 47 255 120 47 19 153 182 0 255 0 193 0 38 160 214
    187 42 0 255 255 144 116 255 123 0 0 218 61 190 152 183 161 193 255
    4 0 88 142 143 255 86 0 153 0 255 193 240 255 0 237 18 255 255 126
    159 81 39 151 189 113 0 248 0 0 255 0 60 0 212 214 175 255 50 81 255
    0 29 203 0 0 79 242 0 35 10 245 217 23 0 10 255 253 0 255 245 255 0
    0 255 183 161 0 247 153 137 197 240 255 185 0 139 52 88 179 88 15 0
    111 255 0 185 150 136 178 255 49 171 255 0 126 70 222 161 0 223 61
    45 219 255 42 15 56 109 215 0 203 208 134 107 71 63 22 37 0 204 21 0
    171 80 0 199 194 227 255 255 0 165 14 0 0 255 28 216 72 84 255 0 0
    75 254 115 253 135 241 2 94 126 154 32 17 20 0 64 255 172 98 196 52
    165 255 21 4 33 88 0 0 255 0 167 147 0 0 255 90 20 104 160 255 29 0
    0 46 0 140 100 35 43 217 255 0 255 255 179 255 255 106 133 32 27 211
    255 0 45 0 0 0 0 120 100 80 150 255 34 164 5 58 16 181 165 165 255 0
    233 209 0 184 211 49 174 255 27 41 226 249 255 255 24 122 0 0 0 255
    179 64 5 122 255 101 92 0 255 255 114 158 0 103 53 255 69 242 0 0 0
    34 190 0 164 0 59 126 147 94 0 74 162 255 196 0 168 15 206 255 0 227
    0 255 0 0 0 128 51 93 33 109 141 0 1 136 255 0 168 0 253 220 77 249
    187 0 146 94 28 0 37 249 68 59 111 151 255 66 216 124 147 118 192
    109 83 156 20 119 0 188 146 77 255 239 0 167 81 106 58 37 252 255 0
    182 255 0 204 12 212 82 44 211 103 255 79 181 255 100 241 0 0 255 64
    0 134 117 106 120 7 154 85 255 193 53 132 255 255 0 81 255 8 63 129
    175 165 153 255 243 35 195 0 101 0 102 255 0 189 0 12 194 102 230 4
    30 77 255 208 103 0 87 0 102 57 0 160 140 72 255 255 179 194 255 255
    255 0 255 228 0 255 61 0 255 0 0 0 255 47 112 255 148 63 0 77 242
    138 0 135 27 230 134 9 13 0 221 255 58 0 255 47 0 23 20 0 124 95 2
    189 193 105 0 255 205 0 195 187 0 255 11 28 230 255 48 27 38 255 161
    89 0 247 204 114 255 40 0 58 174 255 0 123 0 145 223 92 124 222 79
    210 206 0 59 129 184 0 23 0 0 255 0 163 74 21 61 169 172 0 214 255
    166 52 0 213 95 255 0 129 223 134 0 246 0 168 74 19 193 13 255 229
    110 255 20 0 126 232 255 48 0 175 0 0 241 235 249 99 255 255 102 255
    0 102 93 232 255 0 203 4 0 255 140 255 211 153 106 123 42 255 1 0
    137 241 73 0 242 0 230 0 12 0 124 0 191 56 40 255 110 60 0 0 192 245
    0 15 31 255 168 2 43 121 42 0 177 151 47 205 106 0 0 255 0 0 159 101
    255 161 226 0 0 17 177 209 135 255 197 0 255 19 80 208 53 255 0 0
    153 103 0 35 0 0 190 227 14 17 255 0 0 183 0 89 187 0 252 0 0 255
    215 141 182 0 138 255 0 255 255 9 0 255 0 0 243 229 0 226 255 0 39
    189 156 122 0 255 194 32 200 4 147 51 132 1 0 0 21 208 42 255 103 25
    66 201 255 200 153 209 241 158 62 113 102 0 209 19 255 192 243 0 0
    216 150 0 247 0 137 104 50 154 255 255 255 255 255 255 30 255 255
    248 163 123 0 112 185 0 0 255 160 0 7 149 113 0 2 255 255 240 98 255
    69 35 232 0 255 0 21 209 68 216 0 0 68 27 69 184 8 210 36 199 255 45
    255 4 255 151 126 11 44 0 140 0 197 191 207 113 0 139 246 18 255 0
    134 157 223 255 0 83 76 0 255 0 245 44 196 255 124 135 0 255 204 19
    0 71 90 152 112 0 37 156 255 255 255 250 32 0 79 0 43 255 0 151 255
    227 0 255 83 98 243 96 0 81 105 0 123 255 0 0 255 207 255 0 111 33 0
    163 38 74 255 255 208 184 252 207 178 233 235 0 0 189 75 0 23 144
    129 70 212 178 50 41 171 0 98 172 85 78 255 0 180 92 223 0 136 57 0
    255 5 255 111 0 255 255 237 209 208 255 25 195 68 155 251 255 195 0
    159 114 74 0 225 0 150 27 247 66 255 144 17 111 148 26 0 141 112 255
    255 6 0 174 255 0 255 224 217 75 3 0 129 37 204 90 82 110 205 255 0
    7 238 162 255 0 231 255 0 0 255 195 168 0 70 255 16 255 86 0 213 104
    143 255 17 25 30 0 255 0 220 132 0 0 255 18 162 218 0 161 0 2 182 71
    209 0 0 172 181 142 134 255 161 20 0 72 235 154 0 70 209 213 123 12
    255 0 85 160 140 166 0 129 39 255 255 17 255 209 94 17 0 49 237 255
    203 0 151 255 141 255 135 242 255 158 0 0 255 147 209 27 0 255 110
    51 201 0 255 255 75 255 146 43 255 42 0 213 255 107 19 0 0 0 161 118
    104 204 52 255 227 255 0 192 108 200 28 134 118 255 234 0 255 32 255
    62 0 0 0 1 240 255 255 255 0 255 60 109 222 196 133 14 181 138 217 0
    52 67 0 146 39 0 255 67 253 9 255 118 0 0 242 0 0 243 167 0 103 0
    255 255 0 247 255 36 213 21 113 255 255 14 166 0 165 0 255 26 195 5
    129 255 220 101 0 68 255 126 50 143 166 92 255 0 226 189 0 0 181 0
    55 255 255 255 255 32 112 131 50 0 0 18 9 255 49 168 173 213 52 0
    141 134 255 178 188 74 255 39 40 248 48 185 255 0 255 2 0 0 242 239
    92 189 226 244 200 76 224 180 255 134 77 73 255 176 210 0 71 31 255
    158 88 159 121 0 200 254 255 243 152 0 255 162 255 255 145 255 62
    160 180 177 128 255 0 255 138 160 141 138 255 54 78 235 0 215 0 183
    71 2 1 40 255 209 166 55 0 0 64 0 207 18 160 174 37 226 56 255 155
    42 255 11 249 12 14 0 180 242 19 154 119 255 0 255 58 0 84 202 99
    166 115 255 133 255 55 124 100 14 104 186 66 112 86 55 165 0 255 0
    38 156 0 151 139 67 67 141 30 10 255 0 170 255 255 9 255 246 0 187
    255 244 0 255 0 171 14 38 24 6 159 255 180 0 181 94 62 16 0 241 255
    255 44 0 132 213 150 187 13 28 255 0 255 157 207 255 50 5 177 86 8 0
    22 12 0 59 164 70 118 0 161 229 0 226 0 204 0 0 117 86 0 255 0 0 33
    255 92 100 255 0 34 255 255 0 20 82 20 128 255 0 160 0 46 79 175 197
    255 201 40 0 191 255 255 0 114 52 134 255 0 255 70 172 82 227 0 54
    150 0 222 185 51 194 199 255 158 3 35 0 134 242 0 213 0 57 242 0 99
    0 10 231 255 74 26 164 69 177 255 90 197 255 151 161 193 255 255 0
    121 255 64 196 50 130 255 153 167 178 0 0 29 191 39 0 255 255 140
    160 255 255 147 0 29 91 0 0 255 255 198 165 75 255 36 255 0 0 209
    145 160 0 65 70 208 0 117 18 20 74 255 255 192 255 134 124 49 0 0 6
    87 154 109 0 34 3 239 0 73 0 60 52 0 175 255 64 142 255 72 0 108 123
    255 255 94 253 255 76 255 9 119 66 0 120 93 205 100 0 231 214 78 172
    195 146 9 43 255 0 255 255 0 255 0 231 55 208 255 31 117 98 235 255
    255 142 23 41 255 1 0 245 64 48 172 31 255 83 254 255 107 255 207 72
    72 219 4 0 76 191 114 0 255 0 116 77 0 49 152 85 119 100 0 0 186 255
    26 106 238 48 0 59 149 54 0 0 0 0 196 254 0 225 19 137 0 255 173 150
    155 0 255 0 0 255 255 239 102 128 115 61 65 141 0 255 255 97 192 122
    68 225 24 131 9 209 255 255 106 157 79 38 207 224 247 201 17 242 207
    243 79 52 255 5 219 179 255 11 255 164 0 231 163 143 122 150 255 0 0
    25 0 109 240 163 151 255 255 250 12 44 149 0 255 249 167 179 215 33
    0 255 106 28 0 0 0 0 99 0 33 81 0 131 0 0 69 221 229 198 255 255 226
    0 73 255 183 189 0 192 187 137 52 255 0 63 0 255 255 0 27 255 0 255
    192 155 41 255 103 255 39 16 61 164 99 147 20 79 234 195 27 255 255
    255 222 0 120 149 0 0 161 141 255 22 0 13 59 255 180 205 64 255 255
    0 0 190 56 4 66 0 28 240 137 255 38 149 255 255 201 109 0 255 0 69
    255 255 255 255 0 3 183 255 251 30 255 255 48 255 255 139 255 66 255
    178 232 255 161 13 0 247 255 0 47 227 0 228 39 29 184 180 0 151 255
    211 212 255 255 5 255 0 126 0 255 0 141 99 255 0 0 255 255 56 53 0
    255 255 84 161 22 255 46 0 53 207 0 249 103 40 255 201 200 0 12 180
    255 255 173 182 16 0 6 50 178 238 255 255 0 103 255 59 255 88 91 255
    27 255 81 58 212 246 135 43 177 255 238 163 84 0 255 0 223 153 155
    255 255 0 255 83 84 167 181 104 0 127 88 128 255 232 255 0 0 105 122
    38 255 176 216 47 255 29 0 215 144 195 120 255 181 91 107 111 0 95
    78 62 238 204 30 200 255 22 255 218 0 209 255 255 255 245 132 34 177
    236 134 2 201 150 138 174 114 0 255 92 0 183 0 122 90 193 172 92 85
    255 200 161 171 135 180 255 0 182 255 255 0 42 244 177 255 255 255 0
    149 213 238 6 255 230 229 209 0 0 12 255 135 159 134 218 255 0 0 83
    243 0 44 0 0 0 182 234 152 0 190 23 147 255 49 218 149 255 190 255
    80 46 255 0 235 217 193 0 5 0 139 222 255 255 0 163 119 255 237 255
    255 82 255 255 96 203 42 235 255 86 83 42 255 43 157 240 255 69 255
    111 0 255 11 13 0 0 255 68 98 158 0 138 139 227 86 253 198 255 208 0
    149 229 159 222 107 255 255 11 114 217 198 100 0 138 31 0 169 223 54
    228 44 0 63 255 28 37 205 61 153 4 198 0 0 33 8 0 201 0 10 69 219 0
    68 5 203 0 31 0 63 255 23 7 19 227 0 255 0 255 102 255 255 0 248 194
    134 135 217 0 98 127 255 43 23 118 170 0 183 240 128 18 122 152 26
    212 5 217 0 255 0 75 252 123 255 94 0 240 250 0 0 255 168 255 140
    223 114 182 190 0 255 172 255 0 11 153 150 255 255 73 3 198 209 255
    255 0 101 0 255 237 255 255 216 241 0 97 243 0 0 146 66 255 255 156
    0 70 105 255 165 255 173 87 0 167 255 190 145 0 164 221 117 225 194
    0 247 25 0 91 0 28 255 24 0 67 255 100 65 255 8 163 129 221 88 220 0
    136 255 210 255 162 255 138 255 96 0 250 0 255 175 0 0 188 26 184 89
    57 141 255 240 41 104 134 198 34 255 255 0 0 84 0 0 170 255 78 171
    214 67 0 173 68 0 255 119 57 0 201 35 0 255 234 255 16 242 141 0 0
    173 24 80 109 48 255 76 145 76 255 1 59 211 0 0 0 130 80 196 189 20
    40 0 37 255 35 0 255 180 187 56 249 255 44 255 193 0 0 127 233 79 89
    255 70 3 0 255 177 0 63 82 0 33 0 71 176 255 168 171 111 31 11 204
    124 0 143 90 0 243 169 235 130 218 101 20 255 255 255 255 85 255 138
    234 116 190 119 153 0 0 163 255 126 140 255 255 197 30 0 255 255 1
    255 154 255 255 255 99 114 74 0 8 102 229 207 211 223 160 78 187 0
    106 0 150 255 178 228 255 173 255 191 223 227 171 0 255 255 0 255
    167 82 45 255 223 0 169 0 59 112 255 78 20 72 60 0 0 0 173 143 206
    255 0 255 60 0 255 0 201 170 255 96 255 128 13 246 63 0 3 255 255
    178 234 247 124 117 84 255 139 0 0 255 0 0 152 255 198 116 100 124
    166 3 0 213 255 255 190 231 247 0 99 0 255 71 0 98 0 187 38 255 114
    0 145 180 225 255 133 218 255 255 107 255 116 84 237 255 0 232 170
    199 108 255 245 92 255 238 22 220 200 0 38 200 123 0 255 0 225 30 0
    193 146 255 201 0 95 0 225 128 66 255 200 0 90 168 44 0 0 207 255 0
    254 255 81 239 255 255 0 86 164 126 0 255 255 13 100 165 0 159 193 0
    0 26 255 94 100 0 211 88 0 255 140 100 6 255 143 255 0 0 83 109 0
    134 251 0 69 131 229 192 255 128 105 253 155 33 44 0 141 130 255 142
    255 0 0 199 90 0 82 243 23 31 105 218 0 52 0 190 236 21 7 31 76 0
    255 255 255 246 123 255 0 106 158 172 255 67 255 85 98 104 188 255
    244 253 32 255 132 51 85 255 83 255 250 255 184 0 181 134 255 233
    255 26 81 12 0 88 159 0 0 162 255 131 0 184 130 255 0 61 78 0 80 194
    26 255 0 130 209 114 255 84 87 0 0 92 222 255 56 245 122 255 205 228
    235 239 255 147 188 210 99 255 182 0 255 208 158 63 0 190 255 55 251
    0 255 194 68 94 177 232 0 121 156 0 255 59 3 15 77 153 5 0 249 255
    255 78 158 16 232 196 254 255 255 0 255 183 161 0 94 71 139 39 237
    60 255 255 249 255 38 255 114 255 46 112 61 78 255 220 0 251 161 246
    255 255 0 180 0 0 160 240 56 0 0 143 18 112 36 0 82 255 151 255 115
    250 255 255 0 71 42 232 0 255 16 202 57 255 213 205 125 0 0 168 79
    255 97 255 150 185 33 167 193 107 77 67 226 0 0 0 0 0 36 161 223 210
    246 186 215 101 2 136 247 0 0 159 135 0 153 31 24 255 255 243 161 0
    39 89 127 255 141 107 0 151 70 138 255 231 5 0 218 169 89 255 216 0
    255 3 80 141 0 128 241 168 39 255 45 189 0 149 233 206 75 255 104 0
    198 150 0 195 147 187 0 255 0 224 0 209 88 45 255 188 38 226 255 125
    0 255 85 255 154 255 214 255 4 255 179 255 79 0 118 3 50 161 39 69
    255 187 117 255 76 93 0 222 204 255 170 38 1 255 92 33 106 44 113
    236 146 46 22 10 255 173 183 235 92 255 0 101 42 0 166 216 102 113
    181 255 15 189 152 0 129 43 198 255 202 0 0 62 44 70 0 142 255 255
    255 123 23 0 0 94 0 0 113 235 0 202 231 243 199 255 245 0 141 232 22
    23 183 193 255 181 233 125 14 25 255 62 255 31 204 255 61 255 0 107
    255 3 255 40 89 165 255 255 176 230 90 206 172 44 25 224 173 255 141
    32 255 177 255 189 70 208 255 255 0 38 0 9 255 0 82 98 0 0 61 30 39
    104 93 88 255 198 0 255 255 0 61 17 0 201 244 4 0 0 174 17 157 0 118
    11 252 240 127 73 82 36 0 49 13 0 85 10 0 255 123 255 255 128 245 27
    187 67 98 0 0 90 94 42 171 255 245 255 37 0 183 174 251 0 0 86 161
    193 0 255 255 70 0 0 196 142 248 255 81 140 255 0 0 237 255 255 24
    255 255 32 195 0 0 0 145 255 86 195 52 255 255 105 26 255 206 165
    135 49 255 74 59 255 255 0 0 17 0 23 0 0 255 0 10 255 22 120 18 193
    18 255 0 0 100 230 111 0 18 0 228 0 255 178 255 58 62 0 155 255 133
    174 255 255 255 167 0 0 0 255 0 2 214 255 1 140 189 72 88 62 0 85
    122 138 255 0 99 208 255 255 0 8 21 0 80 164 193 170 0 255 0 193 255
    230 0 219 20 0 0 150 255 0 77 255 68 0 203 58 200 0 255 0 168 0 255
    255 122 109 140 255 86 255 70 220 131 207 81 19 207 56 0 255 0 151
    193 0 0 163 81 43 63 0 136 155 129 255 10 150 0 137 67 0 220 215 0
    224 255 255 89 0 255 0 148 181 81 118 0 255 169 0 70 255 20 71 96 18
    89 255 68 23 0 0 174 46 0 255 255 51 93 166 0 255 135 255 17 0 255
    154 212 31 60 190 206 0 247 255 15 255 209 62 0 67 151 0 128 0 0 255
    57 0 26 225 0 0 145 158 0 251 253 182 186 195 255 255 0 135 232 60
    19 65 45 88 255 123 255 252 4 255 255 0 5 166 130 118 215 145 155
    212 0 255 218 0 153 149 85 0 117 94 0 46 119 33 0 83 168 6 86 0 0 69
    163 0 255 45 0 4 255 16 162 136 240 255 255 255 255 255 75 161 58 59
    255 0 198 255 89 36 143 0 67 41 150 152 0 0 0 125 137 0 182 25 29 0
    255 96 229 29 0 253 118 172 205 0 73 84 238 26 0 255 59 0 0 139 93
    223 255 69 255 120 0 255 29 0 0 0 0 64 122 108 0 54 255 21 239 198
    223 201 46 255 155 122 99 255 0 255 84 66 100 155 44 213 15 74 0 168
    255 203 0 0 156 80 57 255 185 121 241 105 0 216 81 18 0 255 242 0
    173 255 82 137 183 114 0 155 66 99 149 219 248 197 255 142 0 132 216
    210 255 0 184 188 11 39 110 72 179 0 120 255 186 133 0 233 96 0 255
    0 255 204 223 113 98 255 168 151 90 0 255 0 255 68 199 135 202 81 82
    189 115 255 59 255 255 255 182 240 165 125 255 147 91 228 95 0 118 0
    0 0 255 212 255 248 182 83 46 162 0 0 240 255 160 247 255 0 0 255 94
    189 245 0 255 255 255 52 215 99 153 255 247 251 255 0 255 120 118 83
    66 80 64 255 255 205 255 175 131 201 44 0 151 153 4 14 208 40 204
    147 178 255 0 7 171 255 142 69 88 0 57 0 255 247 22 173 133 216 137
    255 0 231 255 224 255 0 125 63 0 150 242 90 15 71 30 78 167 167 9
    255 189 0 50 158 0 207 255 147 255 216 0 116 0 255 0 54 181 185 255
    1 255 124 191 30 54 255 204 81 72 162 28 255 0 119 86 164 102 112
    141 128 255 0 255 0 167 14 92 218 230 44 1 128 0 146 225 0 220 28 90
    49 23 255 185 126 203 247 116 131 174 31 158 251 234 0 40 77 72 128
    185 39 0 254 255 47 255 114 194 255 49 255 255 0 31 196 172 185 231
    255 0 0 131 238 94 255 197 255 174 102 255 0 2 81 0 0 138 94 94 0 16
    159 0 44 39 75 255 159 255 125 244 123 0 131 24 255 90 0 236 35 53
    118 0 0 210 0 0 63 90 238 255 42 219 244 61 179 216 0 0 246 170 170
    0 0 4 0 39 13 250 175 228 70 0 227 218 255 95 255 224 0 255 58 0 152
    0 0 192 255 0 255 115 0 210 231 0 125 112 240 154 0 25 227 0 83 0 0
    35 75 255 125 50 255 237 23 198 255 64 243 173 0 255 83 196 0 218 0
    191 255 47 216 11 245 255 255 0 121 0 200 255 74 78 255 49 14 136
    186 234 123 116 41 217 255 0 163 92 167 0 140 0 98 153 15 19 217 243
    0 162 255 145 59 132 193 255 99 104 231 194 0 31 101 216 255 49 0
    146 0 109 185 97 186 190 0 221 6 120 255 0 94 255 30 129 243 255 57
    255 155 0 234 255 101 170 255 255 21 0 0 165 255 187 255 209 178 57
    193 106 70 0 211 102 0 244 243 166 147 197 124 0 52 0 38 222 255 214
    141 255 118 114 255 0 0 111 127 0 48 118 81 255 196 245 255 133 215
    255 0 255 216 255 184 255 176 54 55 77 0 151 160 9 111 0 80 70 234
    86 225 116 255 45 235 0 191 255 0 0 91 255 32 240 241 15 231 42 71
    138 212 120 62 135 0 15 0 186 165 255 255 174 6 255 255 255 191 88
    165 0 91 20 54 226 0 4 68 0 81 74 80 242 66 41 255 73 84 255 135 221
    255 102 139 134 223 0 0 198 101 0 255 0 188 38 0 209 155 0 172 47
    193 249 166 77 34 73 0 255 99 147 255 120 18 47 0 91 0 33 155 56 0 0
    145 223 0 201 157 255 247 193 171 246 255 148 123 186 255 250 16 0
    237 0 107 90 99 0 69 128 255 48 84 86 58 54 83 183 111 0 0 115 3 255
    27 191 232 81 104 208 255 80 137 36 145 237 185 106 0 0 158 0 0 255
    39 35 164 255 57 65 32 125 73 255 0 255 106 102 120 3 169 96 72 255
    52 168 120 149 255 221 155 255 29 255 5 129 82 255 90 255 255 22 255
    13 0 111 22 0 0 16 209 141 175 255 255 148 255 72 25 49 19 96 0 137
    163 255 164 209 0 0 0 217 160 0 255 89 168 0 123 255 99 106 255 49
    26 0 243 0 148 0 255 157 117 116 181 183 15 93 6 174 72 166 157 118
    96 24 255 48 53 14 175 255 0 0 232 36 69 102 107 145 117 162 166 0
    225 9 128 126 231 204 127 131 137 0 0 119 0 185 0 172 167 185 92 255
    38 123 238 67 255 3 255 64 35 50 45 255 131 160 255 233 136 155 255
    200 7 147 29 125 79 0 232 5 255 98 0 161 176 255 207 34 68 98 2 159
    217 255 178 64 249 255 83 169 147 176 83 255 37 126 0 0 108 77 0 0
    92 8 100 234 201 255 0 156 141 245 138 0 162 219 255 156 155 147 12
    197 5 62 0 145 253 161 255 120 0 132 226 123 153 96 0 179 255 0 35
    28 0 252 108 230 0 239 255 0 248 0 247 107 40 0 255 81 93 97 177 165
    255 192 48 0 250 0 47 255 72 56 201 255 240 145 62 31 0 0 255 153
    205 138 86 29 190 255 153 95 9 191 85 0 249 175 92 131 196 219 203
    89 253 68 163 0 228 21 92 0 4 255 45 62 243 154 186 255 0 66 229 244
    176 255 121 255 118 255 255 111 127 0 0 48 43 255 0 0 0 160 215 0
    153 0 124 181 161 0 169 0 0 2 255 0 129 241 49 0 36 255 0 0 201 255
    44 24 234 196 33 183 236 37 255 48 255 204 169 6 0 130 145 183 16
    218 196 230 120 189 255 98 53 133 255 225 0 109 0 222 0 104 0 171 0
    179 255 101 206 49 41 60 255 48 174 67 15 0 0 72 55 0 79 37 0 0 50
    48 240 221 52 182 40 244 0 155 0 209 0 255 218 37 156 183 0 250 149
    255 0 0 0 211 0 67 103 0 123 0 166 255 0 77 255 68 0 255 0 255 20 1
    115 0 186 123 143 239 255 185 0 201 71 0 0 0 0 49 0 255 0 211 0 177
    0 255 255 126 124 92 33 170 93 211 0 64 255 183 225 0 209 176 237
    207 255 255 74 44 36 153 255 247 251 117 175 0 29 210 34 0 40 143 43
    206 181 4 168 255 255 36 248 75 30 0 255 54 0 160 255 0 255 149 237
    5 241 53 255 255 59 117 120 6 127 140 4 0 234 235 145 201 211 130
    255 158 0 10 207 0 227 243 255 63 0 255 143 117 185 51 255 0 0 184 0
    157 53 224 208 0 255 132 87 255 88 141 92 0 145 0 173 0 161 10 33
    183 116 255 0 255 160 18 255 95 124 232 255 83 0 0 173 131 227 200
    18 18 0 186 254 56 187 0 146 0 0 255 22 0 129 254 255 141 255 255 0
    105 197 0 62 174 226 93 255 113 255 0 0 185 199 255 61 248 124 88
    117 109 226 255 176 48 3 0 147 255 131 46 0 0 234 0 255 247 53 0 255
    0 15 5 62 226 0 1 255 154 0 109 32 253 163 163 39 206 244 14 255 8
    48 0 0 0 255 0 226 0 155 39 112 118 40 153 41 161 243 125 225 169
    200 255 21 180 190 255 135 133 0 0 0 255 93 255 77 53 0 255 232 104
    197 255 167 58 68 0 203 190 90 183 42 0 163 255 196 221 0 0 255 10
    255 193 53 117 100 255 147 234 0 103 65 68 255 10 255 52 45 255 201
    255 26 39 233 164 114 255 22 204 177 194 255 3 212 175 158 194 201
    190 252 163 0 144 73 148 255 132 255 255 239 203 114 255 142 0 32 26
    42 51 0 255 220 68 139 153 0 122 248 239 147 179 0 0 0 254 217 0 52
    105 255 255 130 20 54 71 0 187 0 241 255 179 181 0 0 255 220 248 69
    253 255 255 158 0 0 0 22 0 3 255 0 0 0 255 138 230 48 46 132 96 94
    46 169 50 179 255 0 61 255 183 255 255 10 85 255 51 223 182 196 255
    191 0 145 0 171 142 134 187 255 0 94 255 126 186 225 0 255 255 10 47
    131 0 52 76 196 255 255 106 98 9 47 0 157 65 162 173 217 0 137 0 0 0
    116 27 3 179 255 1 0 255 0 203 154 225 182 118 249 0 35 0 19 49 255
    203 33 255 216 66 49 0 209 19 95 10 0 124 255 162 255 232 0 9 0 16
    50 25 106 125 0 0 255 70 255 0 66 0 26 69 173 255 255 226 0 255 41
    204 158 71 0 0 221 70 248 40 255 126 33 144 255 152 145 215 65 0 117
    0 190 109 126 203 255 214 204 142 0 255 0 0 255 49 85 255 255 14 36
    54 130 23 255 0 218 255 0 157 255 39 134 255 255 255 201 135 146 6 0
    51 37 223 0 24 52 255 33 16 76 0 219 0 126 227 181 154 205 255 179
    222 158 0 81 255 108 77 105 0 0 0 231 168 14 240 69 241 233 71 0 112
    0 36 0 0 146 128 206 160 62 0 0 210 157 172 0 133 206 255 255 0 8 0
    220 255 0 0 222 119 255 188 255 0 35 230 49 92 211 9 239 34 255 241
    255 255 0 0 179 255 0 150 60 90 255 255 80 0 38 245 142 232 255 57
    26 252 255 242 204 255 29 65 255 48 229 26 79 255 255 255 164 67 99
    255 149 255 144 111 255 245 131 255 69 207 199 69 68 0 121 255 255
    236 32 255 255 185 163 153 104 0 226 5 255 151 248 197 255 166 30
    132 176 88 0 0 205 224 255 255 47 38 159 0 22 104 227 250 0 179 88 0
    254 0 63 255 89 23 191 2 0 171 243 100 88 144 169 35 255 0 252 216
    60 87 66 0 255 33 0 0 180 0 255 54 255 91 222 255 175 0 104 20 0 227
    255 245 245 255 10 0 100 86 232 5 105 83 22 210 66 65 39 255 255 0
    14 112 206 234 57 186 235 67 205 255 30 255 191 255 255 255 255 0
    255 108 0 52 0 169 203 225 77 118 255 163 132 0 238 161 233 0 125 46
    0 0 0 77 245 41 150 255 60 151 0 103 95 194 255 255 14 18 104 209
    255 225 37 255 255 0 255 255 0 0 255 94 17 54 59 159 27 58 109 31
    255 0 0 60 91 129 37 114 136 0 233 161 0 82 0 194 201 9 131 118 178
    135 149 255 98 0 0 5 255 90 0 53 255 155 255 33 228 109 69 164 111
    10 11 87 73 255 12 255 0 255 143 0 0 255 165 255 255 144 91 86 255
    31 21 213 99 77 10 243 0 0 99 0 8 0 0 216 0 255 0 0 0 255 213 255
    255 0 239 237 127 0 255 11 255 172 254 112 247 226 185 172 255 4 255
    23 119 183 2 214 0 73 255 36 56 255 0 100 255 255 63 194 129 255 255
    0 246 136 253 255 0 255 191 157 243 32 199 1 0 0 68 81 255 182 0 71
    22 74 20 0 12 172 53 0 215 76 15 208 255 222 255 153 166 78 67 224
    116 123 87 84 51 0 185 0 224 44 255 255 73 0 222 0 175 57 45 225 229
    89 255 0 40 255 255 161 134 255 0 29 96 179 152 0 255 233 21 0 219
    73 237 0 0 175 208 122 132 60 136 255 139 161 255 0 231 0 149 255 70
    240 122 215 255 0 0 255 0 255 0 192 161 240 44 252 102 0 34 241 0 0
    42 34 169 243 101 96 153 156 27 103 0 246 146 0 146 249 255 12 255
    129 110 184 111 255 255 231 0 255 0 0 55 7 6 114 205 141 255 51 222
    232 0 97 255 0 245 0 0 255 96 0 62 0 184 255 255 9 254 255 138 115
    239 4 28 157 177 255 191 23 0 129 0 0 172 157 244 144 77 225 17 152
    81 141 159 55 195 167 88 196 255 84 139 83 255 32 142 116 9 38 154
    18 252 255 150 41 17 199 0 112 0 124 193 10 12 166 255 255 173 255
    255 255 37 255 0 255 0 0 48 255 201 0 5 0 62 0 76 255 106 233 135
    207 194 0 133 205 222 62 198 2 113 255 21 119 241 123 159 226 174
    133 214 180 0 255 0 200 0 255 220 121 48 198 0 0 0 255 27 227 0 78 0
    222 130 0 189 5 138 23 255 195 0 0 255 0 126 255 40 99 255 229 0 255
    252 91 91 226 0 255 0 129 0 182 164 255 0 24 0 0 239 185 0 148 66 30
    179 171 117 162 126 211 255 28 255 240 148 207 255 196 99 173 84 255
    255 71 176 0 109 194 15 255 29 0 255 218 119 0 0 192 115 101 0 249
    121 169 255 177 255 150 255 255 0 0 124 255 0 255 81 119 149 255 0
    180 116 255 58 255 0 57 24 190 0 0 0 116 195 104 155 0 47 13 58 243
    0 0 87 255 255 170 120 162 16 0 14 0 122 255 78 198 205 32 255 0 255
    97 0 56 55 16 0 0 0 105 255 134 41 195 0 0 0 181 51 255 0 255 255 65
    0 255 0 175 150 247 0 36 255 0 70 255 89 255 184 211 59 249 96 255
    119 255 116 0 0 127 0 116 206 61 210 189 57 220 255 255 236 255 133
    6 27 255 63 255 100 131 255 27 0 0 47 0 21 177 248 255 4 166 157 0
    255 238 0 0 171 0 75 0 255 0 96 255 255 20 24 253 0 4 0 0 103 241
    255 44 61 255 90 127 84 81 88 243 7 255 4 0 255 199 255 125 0 64 229
    157 36 0 128 196 253 250 235 74 255 255 66 255 155 128 42 28 61 17 0
    255 0 0 0 255 130 255 89 252 24 255 255 108 200 81 219 15 238 255
    228 3 255 0 66 59 84 234 161 117 255 182 30 24 0 148 0 127 5 0 255
    224 255 170 180 48 198 57 7 218 94 255 0 146 54 0 42 0 0 0 8 255 221
    0 49 0 162 45 127 0 255 255 255 51 32 240 176 0 36 80 206 92 154 255
    193 255 100 255 0 255 255 0 180 255 183 116 130 0 0 127 182 0 89 255
    231 24 10 0 46 194 0 16 121 131 154 232 140 114 179 255 255 191 176
    214 226 105 255 255 68 66 197 255 71 246 239 167 255 245 22 181 255
    231 162 39 144 255 213 199 180 117 67 159 96 0 255 3 120 6 0 79 0
    152 117 0 164 0 146 69 132 39 113 255 18 22 255 254 255 73 0 255 0 0
    0 47 232 255 0 212 255 0 255 0 0 0 0 0 0 55 0 0 227 0 255 88 25 9
    205 35 255 211 246 0 216 109 249 89 255 0 0 255 87 0 157 152 255 0 0
    0 0 255 255 214 185 226 80 47 162 34 108 64 196 47 42 170 255 198
    199 25 255 20 121 59 0 0 142 90 0 138 0 18 255 0 98 201 234 176 255
    93 255 140 255 255 16 124 195 164 115 228 243 255 255 190 72 0 0 57
    0 125 158 23 111 28 37 72 255 255 225 255 22 255 255 251 149 222 255
    255 168 142 255 255 0 193 150 98 239 182 255 0 135 63 255 0 0 231 0
    199 177 0 0 213 201 12 0 140 181 255 0 26 22 0 8 255 237 0 143 243
    255 130 54 0 0 255 89 0 0 119 87 221 255 132 248 86 157 255 149 255
    199 79 255 171 0 0 107 255 24 0 0 4 80 122 0 255 255 232 197 189 252
    169 166 255 255 255 0 172 255 145 0 255 0 146 83 198 36 173 104 89 0
    0 255 255 73 136 255 220 106 119 67 87 243 249 114 207 0 34 213 0
    135 123 196 0 43 170 87 9 199 240 106 255 75 79 14 104 24 86 62 0
    218 4 195 255 184 255 237 0 135 254 0 60 242 193 255 110 55 255 210
    237 255 255 174 255 255 255 255 208 167 255 0 255 0 0 255 64 124 255
    183 5 16 146 27 255 110 51 224 109 194 106 167 0 0 50 252 202 229
    191 99 0 0 169 239 185 197 194 255 255 255 59 106 96 0 181 0 174 144
    191 255 52 158 255 61 240 15 0 92 255 0 236 255 207 157 19 51 255
    132 114 0 102 0 97 244 123 203 232 0 0 255 0 208 255 81 255 0 226
    218 91 255 170 0 159 197 224 0 255 107 255 0 25 251 134 139 186 255
    0 255 255 223 87 0 255 129 79 0 218 255 206 0 163 62 112 59 0 144
    250 119 69 0 166 8 195 131 255 0 255 255 127 61 0 240 255 0 77 255
    201 0 0 7 218 10 255 246 60 0 255 19 170 255 199 200 162 230 0 248
    159 255 136 198 222 58 158 0 255 67 255 105 219 255 166 118 255 140
    231 231 82 146 92 103 19 147 157 0 255 37 181 38 0 135 255 255 0 255
    185 255 71 151 165 255 255 255 0 41 255 0 205 255 171 255 0 0 34 221
    0 67 145 68 58 0 255 255 191 24 89 218 0 224 192 163 36 0 202 255 14
    255 255 176 0 255 60 144 105 255 56 79 216 237 199 0 255 249 0 136
    181 65 235 251 228 0 255 255 255 18 255 12 108 230 126 244 255 220
    230 107 65 134 81 255 0 107 194 115 0 236 231 225 125 255 0 231 70
    255 107 255 255 255 0 113 117 0 218 232 0 30 0 205 0 255 217 0 124
    123 255 154 104 0 15 121 160 20 0 0 218 0 138 16 196 255 63 255 75
    159 132 16 220 75 255 0 139 20 141 239 134 200 153 95 35 176 247 72
    172 255 0 9 55 146 255 254 133 4 61 0 45 255 171 255 213 160 194 248
    255 0 255 0 255 22 255 255 0 73 0 252 255 159 101 250 0 14 40 0 0
    224 0 49 0 255 122 81 255 148 241 214 55 141 32 67 255 255 68 77 0
    255 72 62 255 0 81 143 147 63 138 255 205 0 200 82 52 168 255 31 0
    253 0 104 255 26 6 255 255 255 0 113 189 117 166 180 6 66 36 91 0
    255 50 188 39 148 234 255 255 209 255 0 255 203 33 216 0 23 177 255
    138 123 122 255 80 255 56 0 47 125 255 255 210 60 83 0 0 0 84 255 52
    0 195 194 0 75 198 178 54 159 192 136 255 168 35 94 62 142 245 133
    124 0 56 23 190 232 150 0 130 119 244 25 23 16 16 135 144 252 0 74
    255 34 0 27 130 0 17 255 255 129 87 251 241 113 0 197 0 0 160 0 127
    0 255 255 23 43 48 135 0 0 181 148 156 100 57 43 87 31 217 33 18 109
    143 0 255 0 4 255 17 0 255 0 168 243 0 65 78 177 0 255 27 180 46 31
    255 236 12 255 0 133 0 61 0 255 31 0 181 83 128 56 255 117 205 255
    100 0 0 177 106 84 0 164 215 0 184 2 220 55 196 0 74 252 0 0 235 68
    79 38 34 255 255 179 143 255 255 13 0 224 0 40 66 66 116 255 0 0 0
    206 0 234 89 181 136 9 249 255 116 128 105 255 134 228 68 187 147 0
    0 72 230 151 139 57 126 0 134 33 110 5 246 223 210 255 0 153 162 160
    188 0 59 0 255 190 255 255 204 19 255 255 232 1 255 108 177 255 0
    243 138 33 217 113 0 0 117 89 255 105 255 255 255 234 232 119 222 0
    255 0 47 12 7 255 92 255 182 33 0 250 197 255 127 255 88 37 0 238
    208 255 227 248 85 255 0 248 255 65 144 255 17 131 179 239 0 92 31
    102 171 127 108 0 0 111 0 211 97 3 255 255 0 255 49 63 0 173 71 17
    68 233 178 148 232 77 185 0 0 0 16 33 73 163 0 72 255 0 232 0 4 22
    140 255 0 125 255 101 255 169 255 205 163 224 99 57 167 132 255 255
    73 0 218 213 0 93 244 162 224 0 0 110 0 186 255 255 255 5 243 39 255
    147 61 182 255 241 4 89 152 3 255 227 0 170 0 22 36 0 117 0 76 56
    255 255 238 255 103 46 13 192 255 212 0 255 255 109 75 202 0 255 0
    129 212 255 255 166 0 50 144 0 125 120 255 19 255 255 10 34 160 151
    0 0 255 248 255 134 118 255 0 124 91 10 172 0 0 221 127 0 18 0 98 0
    49 0 255 255 10 255 236 0 174 0 0 183 100 67 0 0 152 255 173 46 129
    255 0 243 193 237 214 137 149 176 134 92 49 119 185 126 0 0 70 173
    255 163 26 95 137 0 188 63 0 130 255 86 40 202 0 142 0 235 208 173 0
    32 67 11 73 255 126 255 140 0 0 243 0 0 93 186 255 19 201 0 45 100
    117 72 255 166 0 43 81 110 110 0 0 9 243 232 214 121 255 20 84 174 0
    255 13 40 255 255 240 127 255 53 182 0 0 226 0 75 241 255 150 134 10
    0 255 177 130 145 46 96 218 0 84 157 249 255 5 185 119 62 82 0 129
    150 0 116 28 231 255 0 7 255 255 96 175 255 69 188 139 216 0 114 162
    100 201 62 82 255 255 0 100 197 189 242 255 253 0 104 106 183 134
    181 28 116 164 220 255 59 255 255 234 251 121 0 255 0 255 63 237 255
    34 61 231 236 14 105 4 171 235 255 23 131 2 209 0 255 153 47 0 255
    255 0 255 42 78 132 246 34 255 198 26 0 255 86 119 11 215 171 102
    248 255 213 0 70 162 0 255 255 143 37 5 154 255 255 80 59 80 0 0 133
    193 0 0 0 0 74 139 255 223 144 254 174 255 180 194 165 13 255 248 31
    135 164 255 255 74 255 23 46 69 0 11 255 9 165 255 103 199 227 168
    164 255 111 255 49 110 223 221 99 25 119 197 0 61 0 204 255 198 82 0
    0 255 183 0 255 236 250 0 193 0 253 190 0 255 127 44 143 158 0 0 52
    76 0 123 255 0 36 255 0 244 255 78 255 255 255 255 255 0 105 34 87 0
    35 5 86 91 75 255 206 0 99 255 0 56 148 0 0 203 255 255 0 255 255
    175 0 255 101 0 255 114 113 10 97 255 255 255 110 13 0 150 63 149 21
    0 0 188 76 0 121 137 9 49 142 5 104 172 73 0 157 0 98 55 83 246 255
    54 53 49 245 255 0 172 255 66 223 64 101 12 192 66 0 104 5 0 67 195
    118 218 0 11 56 0 0 214 200 202 227 180 102 171 50 53 255 195 10 125
    65 0 44 0 255 255 255 253 0 75 198 255 35 0 194 144 40 0 255 233 106
    255 214 0 255 255 0 207 251 216 86 0 255 41 23 0 167 212 230 255 0
    255 44 114 126 0 20 0 203 0 48 93 231 254 217 0 121 255 233 255 255
    0 255 173 0 70 0 185 143 255 0 0 90 0 255 0 77 169 140 255 213 0 185
    223 255 0 122 86 26 0 133 0 241 255 255 107 62 196 154 180 99 33 29
    255 174 0 62 0 183 45 0 29 65 107 159 0 0 255 255 88 134 132 5 255 0
    89 255 0 30 163 255 179 69 107 195 173 255 255 255 237 255 214 0 255
    2 0 106 255 136 97 74 235 255 255 0 0 69 0 80 0 117 2 145 100 154
    193 146 0 166 68 238 0 1 5 64 89 226 230 255 255 182 0 227 222 64
    226 0 132 255 172 122 159 194 35 129 27 55 255 138 0 220 255 0 0 18
    255 255 23 255 255 98 0 0 26 127 14 152 101 236 123 255 78 255 49 0
    0 58 69 62 87 29 124 41 0 0 255 255 255 236 0 12 100 28 0 113 172
    252 88 167 255 246 16 0 0 255 67 50 204 0 44 255 255 76 183 178 0 31
    0 87 190 157 49 207 255 115 185 147 206 121 98 214 109 255 0 255 0 0
    255 32 69 212 157 35 58 255 88 77 58 165 128 163 0 30 175 0 79 115
    152 232 67 17 155 175 55 255 255 25 255 68 20 255 255 0 248 255 26
    44 3 147 0 0 183 0 255 95 0 250 255 215 40 255 255 255 192 221 131
    123 0 58 0 43 255 210 255 255 0 56 154 255 166 202 255 0 229 34 178
    0 255 255 49 228 177 16 28 140 103 135 255 238 181 10 111 166 25 0 0
    245 214 180 5 4 102 0 255 0 242 75 63 47 0 137 255 231 255 243 0 54
    41 8 192 3 65 0 4 255 0 185 128 150 185 0 96 87 255 77 171 168 49 80
    136 178 179 233 89 52 255 0 255 218 221 254 133 221 188 137 207 171
    254 0 44 127 208 0 24 21 255 255 29 255 26 255 0 65 17 44 166 16 122
    43 140 255 196 137 106 52 47 255 98 79 244 193 255 120 177 0 124 91
    20 76 0 255 0 255 249 0 0 79 255 0 0 119 169 0 0 32 182 242 45 102 0
    255 255 0 84 34 241 210 0 215 255 118 155 121 255 0 255 255 168 188
    10 120 255 208 0 46 226 121 113 2 0 173 163 128 0 0 99 0 255 0 113 1
    206 54 0 173 255 157 255 0 231 0 152 233 221 243 159 255 101 82 255
    109 188 0 134 0 243 255 202 239 255 32 119 129 112 255 143 255 162 0
    185 84 43 0 106 204 79 255 218 23 238 151 185 119 0 129 93 255 59
    225 236 122 214 65 255 105 38 255 202 193 11 149 0 175 255 0 255 60
    255 255 37 155 187 34 255 0 115 8 58 134 17 112 186 107 119 0 70 237
    193 172 169 179 255 255 255 227 2 255 141 173 255 216 0 176 0 225
    147 95 81 88 190 255 143 12 70 171 0 24 217 188 19 0 255 0 0 0 232 0
    0 89 112 90 93 76 0 255 255 219 47 11 105 38 255 255 147 149 0 255 0
    106 220 230 120 255 144 0 2 26 124 238 0 255 0 255 64 0 168 255 0
    233 168 223 255 125 0 112 158 0 227 73 255 242 21 168 0 160 0 241
    199 187 85 57 255 59 0 255 46 157 194 0 179 0 213 225 108 0 0 185
    218 255 255 94 101 32 0 174 136 255 255 133 203 39 0 255 147 242 253
    0 194 132 192 255 132 147 171 0 231 255 72 0 202 189 25 27 0 178 178
    43 27 255 0 84 45 20 67 81 255 104 0 196 78 0 124 255 255 8 33 255
    33 255 109 255 0 118 255 244 255 0 16 255 198 255 244 0 255 42 246
    51 240 188 136 0 0 245 19 255 136 206 209 24 0 237 255 255 143 136
    255 106 199 118 67 75 30 0 87 0 85 255 0 170 27 2 0 0 0 189 23 87 0
    125 255 160 0 0 12 0 23 119 0 158 212 255 254 201 242 0 1 55 0 244
    152 231 116 123 132 98 77 37 166 255 34 78 126 255 139 150 204 255
    255 69 0 147 31 163 0 8 255 208 108 255 42 255 173 255 217 219 135
    134 63 0 21 174 0 162 0 0 0 0 55 89 0 0 186 174 0 200 0 162 153 110
    168 80 43 255 255 213 60 255 0 7 74 0 183 158 255 153 0 255 42 255
    196 110 33 184 255 230 37 215 0 91 124 0 0 0 0 255 35 0 13 255 234
    215 255 255 11 117 0 200 255 0 101 180 254 0 41 144 170 0 207 255
    255 221 0 34 252 70 0 0 255 255 145 255 77 143 148 0 46 0 224 255 0
    0 41 211 255 29 184 5 53 200 158 255 193 255 255 249 255 255 166 160
    11 212 134 236 103 211 0 19 93 140 87 15 255 249 144 201 0 0 255 0
    214 255 255 58 133 89 132 73 57 206 0 57 0 56 230 26 3 184 123 255
    183 255 244 255 78 126 86 212 0 0 255 71 158 98 138 41 255 255 214
    182 128 24 233 255 95 0 157 6 216 80 157 0 25 60 235 50 101 6 12 223
    189 4 205 87 209 159 233 255 0 86 9 74 190 180 143 37 26 76 200 42
    163 34 43 149 177 0 10 185 0 255 180 0 60 68 244 0 91 18 22 175 255
    255 68 164 98 0 0 0 253 0 152 146 132 0 158 255 137 255 3 255 215
    169 255 0 221 255 118 49 255 0 255 227 178 23 0 0 140 225 128 248 0
    199 191 0 103 0 180 0 180 197 20 138 0 154 255 175 118 69 0 255 142
    0 255 200 142 13 165 171 93 255 245 255 107 107 55 0 255 0 0 0 201
    255 255 2 44 183 84 61 214 0 138 20 144 131 0 11 0 24 204 202 140 84
    0 62 69 116 16 255 194 255 138 255 89 24 210 0 0 255 0 11 255 0 0
    208 162 181 255 255 80 0 0 226 0 81 183 157 71 255 0 165 175 80 255
    255 235 239 53 222 0 0 0 255 8 140 180 204 0 239 255 64 53 12 0 117
    103 183 221 0 255 209 121 206 130 185 3 223 62 120 0 154 255 0 100
    190 177 228 135 86 0 0 137 233 0 74 0 54 91 190 255 113 224 149 255
    42 178 82 255 80 70 53 224 176 9 65 188 0 255 218 120 156 215 0 153
    255 255 255 164 0 0 111 144 255 221 139 0 255 174 17 92 50 255 193
    154 171 21 57 0 103 102 20 0 226 116 7 255 254 255 90 220 157 241
    255 205 78 255 140 109 70 0 52 0 136 255 21 111 255 190 117 255 244
    188 188 12 182 18 197 56 0 0 50 177 255 64 47 141 124 255 147 3 255
    245 247 161 121 0 214 157 66 255 18 0 180 125 0 162 177 32 0 0 0 174
    255 23 76 79 75 173 186 255 255 255 0 140 226 255 146 0 178 0 116
    229 134 235 255 0 148 255 255 0 5 70 216 0 255 0 23 255 9 94 255 255
    4 0 202 218 25 0 152 255 50 255 255 50 51 178 125 161 60 255 0 36
    255 0 196 173 250 0 36 255 0 255 241 187 0 255 137 255 219 113 0 219
    199 143 255 255 142 0 177 255 153 0 255 235 60 108 196 0 18 20 0 90
    69 12 8 196 127 255 150 0 202 104 141 112 0 202 255 169 255 35 12
    255 143 248 255 255 13 0 0 0 55 102 162 255 255 0 19 179 255 255 2
    161 0 217 0 255 213 12 255 255 248 188 0 0 33 0 26 4 255 111 0 57 73
    80 198 255 0 194 233 252 0 146 153 133 126 255 0 165 0 58 0 19 128
    255 251 169 230 49 0 148 87 139 79 168 236 13 25 255 61 236 255 0
    255 255 238 237 0 81 224 0 89 207 0 187 146 139 87 224 98 82 196 200
    80 0 67 78 0 0 255 0 0 255 255 0 140 130 255 94 80 148 155 255 162
    255 0 0 249 255 0 7 249 0 255 140 165 225 255 255 255 166 53 159 84
    0 255 168 237 249 0 211 255 81 148 147 201 255 192 255 255 15 255
    255 205 179 58 0 72 145 249 206 205 218 251 255 0 1 255 255 1 229
    229 229 255 255 164 0 1 70 52 73 155 255 41 245 183 98 0 255 99 132
    126 255 189 255 255 133 204 255 255 123 193 7 69 255 142 0 58 40 120
    122 222 247 255 237 167 161 0 68 255 230 130 179 90 155 0 228 104 28
    0 0 233 129 242 255 51 255 187 38 77 39 208 43 255 0 30 101 216 0
    194 216 225 195 145 99 255 128 254 135 0 51 255 71 250 202 255 0 48
    51 52 255 149 0 0 210 110 224 79 90 168 209 57 26 67 255 255 255 255
    0 203 232 0 101 39 58 160 172 215 255 255 0 0 255 86 255 255 113 255
    47 46 103 58 0 24 50 199 57 0 0 249 86 35 0 255 100 143 0 255 0 112
    255 0 57 0 199 255 0 173 119 118 45 184 0 0 41 52 30 182 140 255 0
    72 231 9 38 94 22 0 231 255 255 80 82 240 219 94 38 147 191 86 255
    211 36 163 255 250 140 108 68 255 255 54 74 186 58 0 0 255 192 246
    51 255 174 139 116 83 0 171 0 0 166 255 167 227 0 4 33 72 154 40 0
    142 13 0 126 255 0 154 79 18 238 167 0 255 255 20 100 250 5 205 173
    153 255 236 179 93 19 255 255 0 55 123 106 255 219 127 84 44 16 119
    250 255 255 71 116 191 255 255 58 233 60 213 135 255 0 135 128 248
    152 33 255 255 113 53 180 0 203 179 85 137 0 14 61 49 176 66 211 255
    0 255 249 255 225 124 73 255 218 0 226 103 176 0 85 0 0 255 198 255
    68 255 0 0 52 255 227 0 215 123 26 0 146 222 26 18 138 255 250 123
    203 255 158 30 146 177 83 0 255 26 255 255 174 242 0 98 0 55 136 255
    10 104 0 97 77 170 0 203 255 0 6 7 235 94 130 0 61 221 249 156 208
    255 255 182 255 0 28 215 204 255 255 31 118 139 255 53 255 243 38
    138 0 0 0 255 0 198 255 255 2 0 255 0 108 55 79 0 255 255 139 0 143
    104 239 243 198 0 255 182 149 133 200 91 0 0 3 166 157 255 229 195
    255 34 93 0 255 17 255 255 11 227 255 0 127 159 0 150 9 114 20 255 0
    63 6 0 131 208 0 243 255 155 255 69 0 146 2 90 255 171 28 255 255
    136 212 255 109 185 71 255 255 0 0 0 242 0 209 215 160 78 0 92 21 55
    255 246 255 200 255 255 246 159 242 0 0 0 255 255 0 145 183 71 82
    104 230 255 98 0 36 255 133 0 38 193 36 255 255 0 255 245 0 241 142
    0 183 151 229 74 124 118 171 0 205 255 206 37 255 70 255 0 255 2 0
    86 108 156 35 193 255 235 145 79 0 0 0 254 119 44 255 214 236 211
    255 0 195 35 93 229 125 166 241 255 90 0 245 243 169 170 77 9 194
    255 31 0 0 66 248 255 186 0 17 255 150 136 255 241 164 149 221 21 0
    18 209 0 0 93 199 31 7 255 214 106 221 255 0 162 242 116 255 0 29 0
    137 246 81 255 163 87 216 17 120 26 65 154 231 249 0 0 255 175 195
    127 147 140 82 255 0 0 0 255 0 0 0 47 227 109 0 98 28 207 29 131 141
    255 97 0 230 31 255 0 148 247 0 71 255 255 104 0 235 239 73 246 137
    0 201 255 253 51 181 171 93 61 133 255 119 4 110 0 0 0 25 0 255 229
    36 28 255 0 0 0 255 120 119 209 255 253 73 0 13 141 89 255 145 8 207
    79 92 1 93 11 120 154 245 0 0 0 160 0 0 0 163 255 255 255 255 124 89
    96 0 0 250 120 0 65 255 124 224 76 9 255 27 207 0 209 46 138 0 37 0
    129 0 255 195 0 255 255 0 0 235 0 174 54 93 232 115 33 155 174 128 0
    222 149 168 0 0 255 255 223 11 255 67 52 243 0 36 255 95 187 122 0
    145 216 0 123 88 25 255 211 255 213 178 255 0 147 255 255 160 30 231
    155 47 255 144 219 190 0 195 224 0 203 33 255 201 169 47 99 73 72
    124 233 205 11 46 42 0 0 73 0 0 126 93 217 0 161 165 107 255 222 196
    140 255 31 0 255 0 114 197 74 52 4 240 7 227 221 255 0 248 0 63 133
    0 91 189 231 238 206 204 255 255 255 100 51 255 27 213 255 255 237
    255 121 131 255 0 0 177 149 225 136 7 0 38 0 255 79 0 255 0 126 78
    141 255 98 162 220 217 145 78 14 125 22 108 255 0 0 0 255 109 155
    115 212 0 0 0 231 157 0 0 255 213 60 0 4 255 0 255 160 139 163 0 189
    255 93 0 0 0 0 180 21 0 146 85 250 90 0 0 170 68 0 255 0 69 24 255
    181 41 0 104 255 255 0 144 209 47 44 0 125 0 0 255 218 6 116 251 153
    177 255 26 255 0 185 230 175 0 0 105 49 0 153 72 255 4 0 182 12 11
    255 0 85 224 161 160 173 0 255 0 69 0 75 96 255 12 193 70 255 255
    207 174 0 255 0 255 255 56 255 255 0 226 20 255 255 113 111 220 234
    136 118 37 70 0 210 39 177 41 255 0 255 255 255 0 164 73 71 44 0 137
    0 255 255 0 255 148 0 0 47 0 23 0 98 255 89 0 87 139 60 116 255 12
    11 2 255 255 0 89 28 191 15 38 251 172 185 0 255 222 164 154 255 31
    0 170 28 34 0 0 73 0 0 195 158 0 93 84 0 156 215 0 0 221 117 255 224
    62 155 16 163 0 0 179 211 255 71 255 255 234 145 188 205 243 255 83
    48 12 160 59 191 255 15 135 98 255 42 80 71 91 255 212 0 17 255 216
    255 225 255 26 255 155 104 40 50 255 203 200 255 255 255 0 255 189
    237 9 255 255 222 196 3 72 255 79 255 66 0 255 0 0 57 91 255 244 156
    127 180 211 222 166 150 253 162 43 7 69 233 0 0 253 0 212 0 251 218
    129 62 255 87 0 212 60 0 78 89 255 220 255 0 126 187 0 0 0 231 131
    215 255 169 54 160 223 73 95 241 255 255 0 78 169 128 172 82 228 255
    150 132 92 255 14 67 255 139 255 0 255 255 150 255 0 192 17 255 179
    0 255 174 0 255 0 14 102 255 110 41 0 8 37 0 210 193 209 201 255 27
    94 255 189 185 60 0 24 255 129 0 207 174 113 119 72 118 215 95 255 0
    86 255 0 0 63 144 138 60 191 0 85 189 255 0 86 208 0 176 234 253 194
    255 248 0 187 173 36 255 255 255 210 255 255 255 0 255 245 71 93 62
    235 0 255 255 167 0 138 194 135 255 255 249 142 54 114 229 255 0 156
    127 43 63 228 252 255 109 230 100 0 255 4 219 209 120 179 48 255 0
    255 255 29 119 228 48 193 255 202 0 45 26 221 255 119 255 255 165 35
    40 216 239 0 176 41 242 0 0 219 255 0 12 68 0 86 118 0 0 238 0 221 0
    0 0 66 0 0 112 255 188 215 0 62 0 189 255 80 0 0 255 159 109 40 255
    154 91 255 104 136 146 0 49 0 226 23 242 166 217 255 240 131 0 92
    143 0 2 0 252 227 61 0 255 0 199 100 91 93 173 255 187 42 106 0 0 0
    23 0 196 174 131 180 255 153 166 255 0 99 190 10 0 176 255 255 0 49
    17 255 177 63 255 106 168 255 78 0 207 163 223 44 164 1 76 255 143 0
    31 0 130 158 68 255 135 178 228 7 0 119 255 76 38 0 0 14 0 255 236
    17 247 212 212 112 41 0 28 214 218 111 0 136 1 6 255 255 97 20 0 255
    225 0 255 209 255 125 78 18 9 48 184 37 79 255 233 255 0 30 15 85
    116 172 187 255 144 255 28 182 255 231 213 86 98 0 112 225 51 180
    255 44 0 255 172 170 0 0 2 248 0 0 77 112 0 15 79 144 0 0 0 140 255
    47 222 0 19 0 0 255 0 255 223 230 255 60 43 225 100 255 0 148 255
    121 146 86 227 215 0 31 93 0 241 202 21 255 134 97 130 147 17 0 0 7
    194 0 255 255 55 0 178 255 81 176 0 0 179 147 227 110 148 189 22 117
    52 255 218 149 255 196 203 93 217 255 0 0 203 56 0 73 0 255 155 215
    49 255 124 0 205 0 117 255 255 184 214 30 10 255 0 224 0 29 89 142
    98 150 255 24 0 255 223 229 75 157 120 0 70 255 159 113 95 238 0 0
    89 67 170 255 197 0 20 255 62 37 250 24 255 188 137 0 255 136 79 152
    123 0 56 193 255 0 138 168 72 0 0 255 214 116 252 0 144 255 118 255
    105 134 49 127 189 33 22 255 0 60 144 0 255 113 69 31 0 0 0 255 173
    6 191 255 60 198 239 26 219 122 255 255 255 70 67 80 255 252 219 125
    108 138 24 200 186 255 2 243 85 255 255 255 0 0 205 251 0 87 102 243
    176 227 146 52 190 237 255 67 196 96 0 103 70 105 117 231 41 127 65
    233 81 255 255 255 194 153 245 0 223 0 255 107 140 0 172 108 61 38
    154 181 0 28 0 0 0 0 0 57 246 255 121 255 255 69 0 158 48 53 0 110
    139 118 66 232 37 255 171 255 187 0 240 141 23 237 244 242 138 5 133
    129 160 224 99 225 133 0 255 0 255 235 202 255 187 255 192 48 218 24
    234 241 4 114 0 42 128 206 27 255 0 0 255 219 154 85 0 159 0 255 165
    214 59 61 255 41 26 23 153 152 129 35 130 255 100 49 190 225 52 39
    175 0 0 0 92 29 34 141 104 135 249 130 233 249 253 233 190 255 143
    255 0 218 19 0 255 0 150 213 155 48 0 0 0 255 38 250 140 251 75 168
    255 21 246 0 255 86 217 0 66 255 29 4 81 0 110 0 0 35 220 255 205
    143 255 197 208 227 255 198 55 102 0 40 0 39 61 194 11 50 87 117 220
    139 82 26 155 235 172 255 20 223 178 124 93 132 6 108 6 255 123 176
    157 11 117 165 0 241 0 167 220 150 255 174 0 0 115 136 52 255 108 0
    118 47 255 210 24 96 180 184 161 30 29 199 48 255 255 11 0 230 0 244
    0 203 198 223 252 255 73 0 0 137 125 31 145 0 128 0 255 253 0 132
    150 0 255 0 255 248 185 85 0 34 77 0 26 35 208 0 67 167 255 219 1 0
    38 0 94 199 1 50 123 0 0 165 130 103 225 255 212 55 92 0 255 240 97
    105 194 249 178 85 255 182 107 12 119 229 0 0 0 0 255 16 124 22 236
    71 88 10 99 190 237 1 155 176 182 255 255 57 193 113 0 255 240 137
    14 133 255 255 67 105 16 128 141 165 76 173 162 245 226 221 137 159
    204 245 226 255 0 215 255 0 125 134 142 50 171 58 237 0 40 0 255 0
    75 59 0 255 196 175 185 255 20 0 229 255 46 230 255 255 62 127 61 0
    97 153 201 255 41 0 137 175 69 255 0 13 0 187 255 50 0 57 146 61 35
    77 0 166 246 151 66 0 255 173 250 166 194 216 157 231 0 118 255 105
    239 0 255 112 106 65 255 255 190 0 174 239 255 255 246 10 36 225 241
    70 24 0 98 203 255 0 146 0 0 221 56 255 122 108 255 42 170 145 255
    238 255 1 46 0 150 195 255 255 255 248 63 185 64 80 0 99 175 0 84 43
    144 0 88 249 255 0 0 65 0 0 233 0 255 12 62 52 0 0 237 255 0 0 0 156
    0 0 162 210 181 205 247 35 246 147 178 231 0 178 103 184 183 255 56
    255 69 0 0 0 227 255 150 255 229 177 196 171 255 255 255 0 244 255 0
    0 118 255 104 212 255 255 255 248 133 90 72 168 48 241 65 47 98 0
    148 215 172 255 138 133 203 141 0 232 148 0 54 6 76 242 4 255 56 0
    20 64 131 0 0 149 211 255 7 255 28 143 219 0 255 30 151 205 230 24
    34 220 99 0 118 113 214 0 0 170 164 0 0 0 0 140 255 113 220 255 10
    30 0 0 35 226 67 59 218 80 250 30 112 193 0 255 0 0 232 80 255 225
    11 255 0 142 199 0 83 131 106 155 109 121 249 123 60 0 160 217 65
    127 49 255 140 52 190 167 213 0 106 64 0 0 161 203 154 99 236 255 14
    29 0 142 83 0 68 255 71 123 90 0 255 176 89 208 144 67 0 24 0 0 255
    255 45 230 0 20 0 15 0 35 0 255 0 255 0 51 225 159 0 0 255 221 255
    114 184 255 113 136 255 128 0 255 101 68 117 255 238 8 122 150 185
    189 4 213 107 203 85 102 0 92 81 0 0 0 106 0 0 167 255 255 255 118
    129 80 82 255 255 29 107 140 133 248 0 164 255 116 255 49 86 120 155
    178 118 86 255 0 255 116 73 0 0 0 255 154 255 84 0 70 127 0 0 255
    183 255 37 67 0 102 255 189 208 0 91 13 39 253 48 0 240 74 33 252 0
    187 255 122 237 215 97 183 103 0 251 129 246 255 184 124 255 211 0 0
    0 82 24 42 86 0 255 103 0 255 0 255 13 238 65 141 15 37 0 28 0 4 147
    209 95 255 0 255 20 255 255 234 255 93 51 0 255 0 102 255 157 255
    255 255 255 226 255 203 119 177 70 69 0 103 90 207 255 144 212 141
    255 0 118 169 0 119 182 136 63 0 114 170 0 255 251 13 129 205 212 72
    255 14 197 181 0 255 255 51 0 181 255 0 86 255 125 98 255 255 255
    156 0 255 255 0 20 0 101 0 250 3 142 214 0 0 64 17 0 163 10 27 108
    255 0 241 218 0 119 44 167 89 239 15 207 0 255 72 158 255 35 214 136
    255 111 190 172 255 113 0 255 0 162 0 67 141 31 255 0 0 228 120 8
    175 13 118 0 93 218 0 21 198 47 0 38 186 255 28 255 17 0 24 45 232
    200 253 87 38 255 2 0 4 229 20 97 255 46 255 60 183 164 0 0 146 255
    126 0 0 52 83 0 184 255 255 178 136 0 29 246 89 255 255 158 255 0 61
    0 255 19 159 77 255 255 237 0 0 254 255 250 230 111 175 191 0 45 0
    211 177 249 0 255 255 0 202 233 249 255 78 0 194 138 0 159 198 0 0
    150 76 138 91 103 87 255 0 255 255 203 78 0 0 198 0 0 217 214 255
    139 233 115 11 200 255 0 3 114 255 255 202 0 94 179 255 205 211 65
    220 91 227 198 0 170 94 0 5 47 34 0 98 255 135 255 136 149 141 255 0
    0 69 220 255 255 99 128 167 109 48 0 0 175 152 134 252 32 216 197 0
    76 185 0 0 223 0 139 54 148 58 255 205 0 0 0 255 255 39 180 5 201
    124 255 0 17 21 0 120 62 45 0 226 150 0 191 13 255 255 21 189 216
    228 164 255 255 255 158 49 163 79 24 240 155 255 255 0 218 10 131 96
    255 255 255 187 47 255 255 255 181 240 255 0 244 255 52 222 255 0
    254 104 10 0 137 56 52 185 255 255 104 121 47 43 237 157 83 246 31 0
    255 0 195 255 255 6 215 200 255 255 136 144 255 255 200 200 56 0 121
    0 137 142 223 0 18 99 86 0 107 238 49 255 255 158 0 91 55 0 0 187 0
    238 0 224 92 255 165 59 0 242 168 246 197 47 47 228 0 238 3 255 0 0
    40 193 198 0 170 0 16 42 0 255 255 121 7 98 15 109 128 226 202 45 0
    161 0 66 230 164 101 144 32 255 19 2 104 255 255 0 255 74 255 99 0
    57 241 32 0 255 55 68 255 0 95 159 0 142 145 255 240 0 123 120 112
    190 0 237 189 34 120 186 255 121 26 196 81 228 0 122 77 0 180 71 206
    117 155 25 83 70 31 186 0 0 141 0 255 172 42 65 167 0 208 155 143 42
    29 86 0 206 200 35 59 190 7 255 186 177 0 69 240 33 138 255 239 129
    48 255 255 4 0 0 61 0 0 173 255 0 109 255 26 255 255 255 255 144 255
    0 117 171 31 96 63 116 0 6 0 254 182 218 188 124 0 0 156 253 255 160
    229 255 25 183 0 255 255 95 247 0 182 153 149 222 236 0 0 255 139
    255 52 18 161 180 185 128 18 172 167 113 0 255 111 248 255 81 85 95
    0 152 0 0 183 188 78 105 255 255 104 148 248 0 206 49 22 145 0 81 0
    255 255 255 228 255 6 0 0 15 0 0 0 255 57 0 136 179 69 217 127 89
    103 0 0 183 0 4 20 255 157 151 8 159 0 139 0 255 234 137 162 226 82
    255 154 61 210 70 63 98 133 0 26 255 249 61 0 199 169 255 0 255 135
    255 0 121 85 115 255 177 0 0 204 216 191 125 4 0 162 29 70 255 141
    140 0 0 0 212 54 86 255 0 0 0 0 173 167 178 159 148 193 255 0 179 7
    0 255 194 82 255 111 0 224 218 10 218 0 0 116 95 255 238 97 255 78
    50 255 255 244 0 66 234 242 81 0 167 0 216 132 7 113 199 224 0 0 201
    166 209 33 0 129 0 138 0 76 229 76 204 155 131 8 71 255 62 224 255
    212 255 186 255 194 0 0 213 240 0 228 0 0 13 15 13 255 0 78 24 79
    184 39 201 255 58 113 255 255 61 0 104 0 0 0 114 104 42 247 106 255
    20 149 53 255 255 231 131 0 0 255 219 61 200 252 255 153 97 245 250
    255 210 248 76 51 0 255 79 197 255 0 74 76 0 243 255 92 0 161 234
    142 255 133 16 0 182 32 242 255 255 109 137 195 176 213 85 2 166 19
    121 40 238 101 126 35 238 36 0 0 154 123 255 109 13 0 62 255 55 245
    187 56 255 58 74 197 198 0 255 131 193 21 0 152 172 43 9 193 221 255
    0 1 149 217 205 63 0 0 255 126 15 52 177 0 87 170 29 74 255 66 98 87
    255 136 0 255 177 177 0 150 230 234 139 145 0 255 82 255 209 255 44
    255 39 77 0 255 0 118 59 146 93 93 255 67 186 255 255 0 106 255 10 0
    0 244 81 0 0 28 63 255 19 255 255 0 208 54 84 66 0 0 255 208 68 141
    255 32 162 187 255 0 255 22 116 0 208 0 140 255 0 228 0 0 221 102
    255 255 77 0 254 226 255 65 255 231 213 234 208 49 255 197 194 129 0
    67 218 255 123 0 94 255 179 0 255 10 127 80 129 29 111 255 54 255
    255 250 152 201 0 255 158 160 136 149 191 255 98 0 65 215 218 185
    147 22 209 174 255 131 229 105 36 86 0 219 44 0 196 250 0 139 34 255
    255 0 0 255 123 247 130 255 232 139 21 66 0 107 93 170 0 0 62 175
    255 255 0 36 248 230 192 78 78 24 244 23 0 174 0 255 69 155 83 226
    73 103 62 22 0 255 255 31 0 255 177 255 144 0 255 0 162 0 0 161 62
    255 146 180 237 255 190 237 255 255 251 38 84 255 23 0 96 255 255
    255 46 228 167 82 224 39 188 0 0 37 0 0 0 0 39 255 201 82 224 255
    147 255 0 29 251 7 0 255 255 121 34 74 117 121 117 255 59 255 0 15
    255 88 99 100 106 43 197 252 126 217 0 142 24 0 212 0 0 86 27 228
    255 148 255 16 84 245 94 203 0 166 67 133 56 255 219 255 80 255 216
    0 128 53 0 165 85 234 82 15 0 26 239 43 153 0 0 231 0 54 255 247 78
    125 0 57 255 255 223 255 212 255 224 69 255 255 255 255 56 255 0 111
    116 86 87 142 73 35 105 141 0 250 206 248 0 79 255 107 135 227 255
    15 255 0 255 255 71 242 70 21 204 18 118 0 88 51 9 19 195 255 0 0
    255 0 207 22 208 46 171 85 255 0 243 100 255 158 62 0 23 9 255 141
    115 0 177 160 242 8 154 61 147 4 255 255 149 0 62 102 50 0 212 51
    247 0 255 255 188 161 130 16 255 82 239 255 255 16 3 0 226 255 86 54
    220 15 255 255 12 255 0 87 118 222 0 119 187 240 4 255 124 0 255 88
    255 233 0 255 81 50 255 0 64 227 253 26 255 255 17 115 0 0 111 15
    138 194 235 60 217 182 103 255 0 0 49 0 0 8 111 255 228 124 140 140
    255 255 0 255 216 0 185 227 14 255 25 0 130 255 255 181 166 232 208
    68 33 90 203 250 58 255 240 0 51 198 0 0 244 0 186 109 255 238 250
    162 185 200 57 255 191 255 255 21 175 90 0 172 175 164 111 213 33
    127 186 113 112 67 0 17 255 23 152 255 42 218 255 123 0 32 0 91 255
    0 225 137 255 0 255 166 0 74 255 255 103 73 255 133 229 0 194 198
    116 33 120 255 0 98 255 0 72 250 128 144 107 237 0 0 0 255 167 0 105
    164 136 231 0 255 0 221 141 255 200 179 18 255 49 0 255 56 202 22
    255 209 47 77 21 190 87 255 255 218 107 255 255 117 124 132 128 86 1
    176 222 242 5 197 65 168 5 178 112 182 249 0 255 0 39 195 0 207 225
    246 1 246 0 255 230 0 209 20 0 95 255 225 0 255 255 77 49 255 178
    255 63 247 255 166 40 234 227 255 0 0 36 255 0 158 55 114 51 10 152
    183 65 133 203 68 255 181 203 94 225 182 255 247 255 0 0 186 184 25
    148 161 255 255 232 255 0 74 238 143 149 0 255 168 169 196 189 158 0
    125 1 255 73 243 202 151 232 176 0 107 0 173 65 68 2 255 45 0 111
    255 234 230 31 82 255 41 6 255 255 0 164 250 216 127 231 104 0 1 221
    255 255 233 175 255 110 156 85 120 255 7 252 236 0 86 2 226 21 0 132
    118 153 0 212 84 226 179 16 0 16 128 87 66 0 186 143 176 0 30 255
    101 90 255 255 0 255 191 129 154 255 22 255 227 119 0 114 41 119 0 0
    87 213 98 230 179 255 255 0 255 255 255 128 255 81 198 47 1 99 0 45
    15 28 80 147 67 255 238 0 90 63 255 121 255 255 127 102 141 0 255
    202 81 78 255 0 121 8 171 45 131 0 153 51 72 255 255 255 255 172 27
    85 31 108 0 255 80 28 148 42 203 0 0 30 203 253 122 77 107 222 93
    197 52 36 255 67 225 0 116 113 186 0 29 132 106 79 255 29 255 217 0
    255 1 103 255 255 0 0 255 255 20 32 107 0 0 255 129 226 0 114 255
    255 255 151 97 193 255 29 0 255 142 121 238 163 255 0 235 0 26 0 187
    4 139 132 224 0 185 255 0 158 167 0 255 0 93 52 95 255 255 0 0 228
    125 13 255 145 255 255 7 0 224 183 177 0 167 165 36 230 218 241 255
    0 76 255 86 0 0 239 0 0 38 115 134 255 0 150 66 232 248 100 32 246
    255 33 155 255 255 169 224 255 47 106 0 238 113 83 42 29 204 212 159
    79 255 0 77 223 0 210 255 0 255 0 55 90 83 66 119 33 39 0 14 0 194
    255 0 255 68 142 255 112 127 255 93 247 216 29 76 76 255 44 93 31
    255 0 255 0 136 44 255 38 255 246 233 255 255 175 23 209 195 101 102
    159 1 255 77 0 255 82 255 255 3 0 115 203 62 255 60 194 163 150 118
    228 228 255 0 234 20 0 0 183 153 22 200 206 87 81 63 152 0 131 27
    152 15 227 235 255 110 232 133 157 128 255 1 117 216 0 71 255 255
    131 62 149 26 166 43 0 225 98 0 4 22 90 0 5 176 138 145 255 255 255
    50 144 215 59 123 0 11 240 227 255 50 255 153 220 213 255 62 0 166
    255 191 5 0 210 146 255 23 255 255 0 15 115 9 222 38 49 255 255 127
    73 255 20 0 255 7 0 255 0 171 16 103 198 8 0 255 0 178 224 66 252
    173 0 235 127 57 255 0 176 28 240 255 143 122 255 33 248 189 67 0 0
    100 0 88 34 0 255 255 116 93 141 174 111 0 41 255 66 154 0 103 190
    77 0 0 71 154 1 181 29 46 36 170 0 0 71 74 127 0 0 130 14 0 0 255 0
    120 226 0 119 255 241 249 76 214 255 255 228 0 189 255 140 0 222 172
    153 47 42 59 171 114 112 255 13 0 24 255 255 242 255 182 173 52 130
    165 63 255 242 117 0 181 46 19 31 122 251 0 255 222 176 245 97 255
    111 237 255 0 255 62 35 226 255 124 0 230 181 59 53 68 0 255 3 0 120
    45 60 255 0 30 119 0 163 24 58 76 255 231 0 89 84 0 32 175 230 83 0
    88 251 238 118 0 156 105 0 255 116 208 91 177 161 0 190 43 31 41 0
    242 219 93 255 0 126 42 181 0 250 58 0 246 23 1 101 255 255 202 173
    0 239 0 85 255 45 101 0 192 203 129 173 243 15 193 193 74 0 0 11 138
    207 0 213 255 0 0 122 166 15 206 46 211 27 175 182 197 255 255 31
    137 214 255 0 18 142 112 240 0 239 115 115 255 0 0 255 0 0 255 248
    168 51 158 186 10 0 29 143 0 0 51 69 161 0 175 159 0 115 98 255 255
    0 255 255 70 53 230 255 0 0 158 7 0 255 224 85 31 137 89 2 218 250
    130 39 0 255 0 162 255 49 115 242 0 255 132 236 255 0 255 189 241
    223 255 254 255 243 255 44 0 199 123 255 3 255 148 110 119 0 161 0
    255 0 0 194 95 255 78 73 255 67 0 177 0 255 254 42 0 255 190 132 255
    192 241 186 0 16 0 122 0 173 0 255 255 0 208 146 226 0 133 92 0 190
    129 148 191 42 255 0 59 86 118 0 164 152 179 32 25 37 26 78 187 255
    164 116 4 124 40 140 126 255 0 95 208 0 73 65 255 42 147 153 0 54 7
    233 0 0 239 96 95 255 255 50 68 255 49 246 0 255 175 162 253 78 255
    0 137 249 83 57 46 255 15 127 209 162 207 44 114 183 103 156 236 0
    161 2 255 242 255 43 16 255 135 175 66 231 0 255 35 206 249 0 0 225
    94 62 103 35 255 105 210 255 69 54 25 65 210 0 222 108 255 0 253 242
    112 111 255 237 255 156 233 76 51 255 173 139 208 0 162 91 0 175 196
    126 255 28 49 0 255 0 2 103 28 183 85 255 9 0 148 255 27 208 199 0
    42 213 237 230 255 255 175 143 148 56 255 255 0 185 46 255 178 117
    127 246 255 186 224 0 54 201 170 66 255 115 216 220 214 165 128 0
    210 171 243 238 0 0 49 2 0 255 255 255 147 157 149 164 255 177 255 0
    255 176 255 143 0 255 115 93 189 76 255 78 223 204 23 185 223 32 255
    237 179 124 38 36 202 0 54 106 117 182 255 115 255 202 16 229 133
    255 0 21 231 175 0 0 227 255 180 219 134 225 179 249 25 228 205 171
    0 57 0 202 61 226 255 255 64 255 187 28 103 255 0 192 46 51 255 255
    73 255 0 186 49 142 146 128 206 0 1 255 89 0 111 62 255 0 255 123
    255 255 167 0 255 13 154 0 228 255 0 84 97 0 187 157 43 255 178 100
    255 255 0 238 255 137 249 0 0 167 0 0 255 217 0 229 84 0 49 109 1 0
    255 75 145 255 255 177 174 7 255 179 142 169 0 0 242 239 255 0 228
    185 151 81 0 122 97 248 0 128 176 243 255 65 255 207 0 100 255 18
    164 255 0 140 158 255 0 236 255 26 218 255 239 255 16 217 144 184 0
    0 202 27 0 54 145 255 56 0 90 120 79 111 198 147 141 26 0 9 230 0 0
    255 169 31 30 216 195 120 255 255 0 185 46 91 255 0 248 4 0 183 197
    157 0 173 209 255 0 0 235 243 195 95 0 255 241 255 0 35 0 146 235
    195 20 255 232 255 215 42 29 233 172 138 0 253 255 0 255 0 208 152 0
    0 227 53 9 30 255 255 59 13 255 211 206 238 152 218 145 193 255 0 99
    171 213 142 55 0 255 29 165 25 0 0 0 201 180 142 255 193 70 243 226
    0 150 169 97 255 162 168 92 106 221 12 0 116 255 129 246 115 255 255
    255 0 68 0 52 219 0 224 255 77 97 134 255 168 15 102 0 47 63 255 0
    101 0 197 0 0 219 2 255 166 255 255 95 0 61 32 0 190 162 255 182 20
    24 69 176 255 35 0 102 0 0 15 128 15 223 255 87 255 35 255 14 0 17 0
    163 169 153 0 0 255 99 128 164 67 72 0 0 97 209 171 169 118 0 199 0
    80 111 151 147 255 0 0 132 255 231 0 146 75 136 21 31 255 122 143 12
    37 200 255 249 181 255 0 96 255 0 111 37 36 59 250 204 45 184 0 0
    255 5 0 248 214 206 57 183 192 255 255 134 245 181 255 129 255 0 158
    136 134 0 255 255 255 255 127 50 16 115 90 255 0 205 50 30 205 255 1
    0 0 170 78 220 10 255 9 0 97 15 0 181 0 102 255 219 84 122 49 167 14
    156 255 0 162 0 0 0 197 170 255 180 98 201 255 0 251 177 198 255 255
    255 255 58 253 181 143 0 198 255 0 22 255 178 39 255 80 13 0 139 255
    85 255 94 112 243 202 100 255 196 79 134 218 71 3 117 10 255 0 231
    247 133 30 255 182 162 82 230 12 255 145 179 124 15 255 255 0 0 255
    11 227 192 7 88 203 228 255 25 255 157 73 255 180 71 135 238 241 0
    244 208 0 12 196 241 255 137 251 255 255 164 0 33 60 255 255 180 255
    61 170 215 3 44 59 0 255 164 54 0 226 200 255 86 255 106 228 88 23 0
    191 222 102 0 100 84 252 69 77 255 84 255 255 129 128 97 65 0 212
    255 181 0 255 255 255 250 100 255 255 107 255 0 199 8 214 80 0 0 14
    167 255 255 61 244 29 13 158 0 180 255 255 255 248 139 48 255 255
    255 255 0 133 255 98 88 0 0 0 0 78 201 255 0 61 176 151 0 52 21 41
    106 250 16 56 255 121 255 87 88 0 255 0 92 0 255 0 16 43 41 138 55
    255 0 101 29 149 255 0 255 164 255 219 22 4 0 224 78 50 21 0 233 123
    255 132 72 237 0 211 255 255 69 255 109 70 10 131 30 0 255 255 255
    255 84 58 83 95 0 212 0 255 183 183 255 255 34 255 131 209 239 34 98
    67 255 0 69 194 228 174 154 78 94 78 255 20 34 131 183 20 222 182 0
    141 0 191 119 233 255 255 255 0 255 11 255 214 129 205 255 255 216
    42 10 0 0 217 26 31 251 184 185 51 255 25 48 0 186 73 101 0 0 177
    214 34 234 63 25 21 62 0 3 78 174 255 0 0 204 0 141 191 51 147 164
    93 171 0 119 248 0 0 70 80 0 169 255 45 67 239 123 0 255 0 0 0 2 2
    216 0 144 24 255 210 255 134 0 35 70 19 148 81 255 2 0 188 0 207 255
    76 0 90 100 136 197 255 171 17 250 104 0 255 248 202 234 192 246 206
    255 131 0 255 190 46 70 0 0 255 167 217 255 0 202 0 222 123 172 0
    147 0 33 251 94 200 95 99 156 0 255 70 243 0 9 255 194 242 255 21
    255 121 207 0 255 255 169 219 0 255 236 0 235 62 100 246 254 98 255
    255 0 254 42 44 255 149 17 116 52 161 217 0 160 255 77 0 211 39 125
    117 177 152 73 255 65 78 17 65 57 0 197 0 0 95 13 255 225 192 93 80
    255 0 214 250 23 0 183 0 246 154 157 187 138 0 114 64 192 28 198 249
    255 137 255 74 150 244 149 173 255 0 169 202 67 122 0 15 133 213 255
    39 255 255 252 78 0 180 26 9 0 0 0 119 138 149 51 174 0 228 95 255
    174 199 89 244 0 255 145 115 101 186 255 255 232 147 192 0 0 177 255
    152 255 226 34 252 209 177 28 121 57 0 121 255 0 9 255 255 169 212
    230 93 93 255 115 63 0 15 255 191 42 164 165 255 115 94 38 0 0 69
    145 0 46 255 0 96 53 207 0 35 255 255 51 170 111 10 0 168 92 0 179 2
    0 74 199 185 148 105 32 255 255 74 13 0 67 106 76 69 243 88 39 237
    101 8 0 154 209 18 22 55 0 36 101 255 72 175 189 72 207 80 255 255
    255 255 126 208 0 255 255 255 133 255 19 216 255 0 193 91 212 134
    255 0 82 19 124 171 255 104 0 142 187 255 255 255 255 255 35 110 255
    0 0 60 81 4 0 175 147 255 51 255 73 118 0 118 100 0 152 92 255 113
    233 53 14 54 120 255 166 165 87 0 217 0 255 255 0 62 0 21 0 209 220
    240 0 247 195 163 101 69 255 239 196 114 65 109 0 0 255 122 225 255
    154 41 32 94 255 8 221 59 178 0 29 184 221 0 121 255 155 132 222 0
    156 146 161 255 14 59 255 211 246 174 16 161 71 42 255 149 255 0 203
    0 255 255 0 86 217 255 218 255 0 229 255 139 41 255 0 255 103 94 54
    75 0 0 179 198 255 83 54 27 255 0 0 89 0 0 56 189 183 0 107 212 0
    255 54 98 251 0 255 44 87 0 255 255 172 234 144 193 0 65 255 217 144
    64 251 159 0 171 180 255 0 105 0 255 40 120 53 0 255 148 115 0 1 55
    232 64 109 228 224 255 194 0 255 194 99 255 236 143 122 0 33 255 0
    187 60 225 56 84 255 0 0 39 60 212 248 0 182 54 214 0 71 235 118 255
    0 167 0 12 111 209 200 0 27 161 59 73 220 130 0 0 0 19 0 254 228 6
    50 0 157 70 0 255 0 0 0 0 230 0 191 96 59 255 255 0 218 0 0 255 57
    159 149 0 215 61 255 0 23 255 0 76 130 255 85 193 177 176 0 149 39
    255 255 247 0 255 196 196 255 59 0 179 233 93 136 9 98 148 32 224 58
    195 255 0 70 157 0 118 177 141 255 255 95 0 13 255 255 54 71 47 255
    80 0 255 0 55 6 0 18 255 255 0 255 34 212 131 224 71 79 0 255 255
    195 144 255 255 30 255 0 0 215 255 212 0 255 0 0 56 168 136 255 0 33
    255 25 144 113 134 255 0 255 38 46 24 255 255 38 33 157 164 39 113
    255 112 0 187 6 0 123 255 255 215 133 29 26 0 253 225 158 33 34 255
    0 83 122 255 255 0 28 67 220 62 0 255 255 255 21 51 221 249 0 255 0
    116 255 158 255 139 66 224 0 255 158 123 136 97 42 0 255 255 0 141
    67 70 0 253 0 13 66 255 125 100 196 68 236 255 255 58 226 112 57 255
    213 210 16 255 0 0 151 255 22 255 56 0 33 220 132 155 255 0 205 255
    255 83 191 240 118 0 160 188 84 0 97 255 0 102 66 187 0 232 29 255
    218 0 201 137 16 195 17 0 187 150 197 243 255 37 206 0 200 47 0 255
    82 153 106 0 131 0 137 255 72 236 126 0 255 255 246 0 255 122 251
    146 100 255 255 255 44 67 139 110 0 110 200 2 255 0 80 255 87 245
    129 164 107 218 0 192 37 51 137 21 78 255 0 0 252 0 113 86 0 255 110
    239 97 255 36 229 255 33 0 202 0 220 0 0 255 87 253 35 249 0 142 240
    102 47 114 255 44 203 223 70 247 71 255 72 70 195 28 255 195 214 93
    0 0 0 0 85 255 122 237 255 75 178 146 100 255 255 150 0 213 161 255
    0 24 203 84 74 246 21 129 255 0 117 255 145 87 139 55 255 0 37 13
    195 68 98 143 255 71 136 29 0 217 2 255 255 237 196 255 8 123 255 0
    9 145 0 87 133 237 255 146 70 222 109 255 2 214 187 0 72 99 0 53 0
    255 0 255 30 0 255 193 32 78 0 63 90 127 194 114 0 4 32 32 80 60 76
    255 163 255 214 0 255 0 168 255 155 0 225 21 187 199 255 255 22 229
    255 2 0 255 255 0 150 146 162 42 95 89 141 0 0 249 50 85 132 0 31 10
    93 169 108 132 63 63 0 120 196 0 26 193 54 45 255 238 18 24 105 29
    23 0 255 104 62 35 0 0 108 216 255 100 0 124 255 54 139 255 0 0 158
    128 0 27 176 56 247 210 255 0 0 203 0 230 236 19 255 80 20 0 194 119
    0 0 0 18 255 255 255 0 175 61 217 255 121 82 218 0 34 255 0 0 165
    255 149 64 135 190 205 47 247 255 198 255 0 0 115 232 246 0 204 255
    143 97 0 11 0 52 200 215 101 119 253 170 210 0 48 0 127 153 0 0 236
    110 26 38 118 247 92 0 0 255 0 255 86 149 255 188 60 0 0 156 19 255
    32 212 79 171 202 165 0 236 255 0 99 110 128 103 255 32 0 0 55 151
    123 78 148 196 0 171 131 31 87 249 0 196 215 132 0 79 255 211 0 39
    108 0 0 255 5 31 187 150 202 76 255 78 35 11 21 255 0 188 191 0 0 87
    85 0 121 144 236 183 90 141 159 255 64 143 36 126 255 27 220 172 0
    172 255 0 72 13 87 0 172 41 97 0 231 255 0 0 0 0 40 208 0 117 128 9
    255 51 17 0 228 199 39 43 0 59 238 206 18 255 57 114 255 250 61 42
    10 13 0 255 125 5 93 0 40 0 255 207 0 142 0 0 12 190 230 97 102 0
    255 255 255 0 160 255 0 255 0 44 217 60 53 219 144 255 0 0 0 10 255
    195 255 250 186 255 255 0 187 206 141 0 235 255 0 255 255 255 248
    134 255 0 49 195 0 255 69 51 0 0 35 255 0 199 0 0 239 255 255 26 106
    0 132 0 255 111 255 226 145 82 185 169 104 46 171 218 44 255 0 255
    66 58 235 255 131 125 187 103 255 0 176 215 65 255 255 0 255 221 253
    255 191 255 55 34 255 0 73 0 160 101 255 187 252 0 158 255 255 0 184
    245 0 0 255 0 25 51 165 255 18 0 205 135 238 255 255 181 228 79 40 0
    255 0 213 61 55 0 104 203 255 255 10 0 255 40 255 130 255 255 5 216
    102 255 255 255 108 15 255 239 0 43 160 0 64 48 25 224 0 138 21 77
    119 217 255 206 51 178 111 0 0 255 255 0 231 0 255 92 0 0 78 0 0 221
    255 0 0 241 85 0 255 0 0 5 1 0 228 5 220 255 21 143 255 255 0 255
    255 218 29 100 131 0 255 255 79 137 176 236 255 255 168 77 139 0 255
    133 0 250 197 92 0 180 51 250 136 111 157 255 255 0 187 110 0 102
    176 255 81 255 30 104 244 218 44 192 13 148 0 249 255 112 172 70 176
    204 255 255 185 255 0 255 0 0 176 0 207 154 7 0 20 255 0 76 66 0 255
    238 0 139 90 70 255 255 209 69 0 187 167 255 106 0 78 255 225 28 9 0
    0 255 30 131 0 0 143 255 167 227 215 0 0 2 0 42 175 17 0 197 209 142
    196 241 92 49 246 99 0 0 26 91 0 127 0 90 36 14 255 136 115 48 229
    255 0 169 168 9 255 201 28 254 255 244 226 255 14 167 36 143 63 144
    250 79 255 0 0 255 47 255 0 134 255 91 56 17 172 34 5 0 67 5 18 170
    26 138 255 199 137 7 0 88 0 233 255 227 101 68 0 255 32 255 172 87 6
    135 217 176 75 0 111 172 77 154 255 51 30 195 255 0 39 88 9 100 255
    255 187 249 149 255 0 255 179 43 160 0 245 255 255 56 21 177 12 0 2
    255 140 0 217 26 232 191 255 95 148 0 0 204 66 0 255 25 135 223 0
    255 215 255 85 31 154 82 98 108 23 0 239 0 102 0 1 0 112 41 148 0
    120 28 189 255 0 36 216 202 121 80 155 229 0 255 35 170 232 0 9 8
    110 32 255 3 0 76 255 0 172 195 73 252 38 163 222 188 158 255 0 255
    0 255 255 161 62 119 66 155 227 221 255 125 0 0 235 115 189 0 109
    151 255 0 7 255 0 93 0 113 0 0 255 239 234 0 0 166 255 75 114 203
    209 47 190 242 36 16 52 5 255 71 212 255 255 255 134 133 17 82 9 254
    255 102 255 129 0 0 0 0 37 64 234 72 95 21 186 153 171 215 134 0 223
    102 134 15 255 255 255 145 192 116 119 146 74 84 255 26 20 255 255
    157 20 0 44 217 66 217 168 150 0 44 0 255 60 253 121 239 111 6 41
    255 0 0 34 255 33 118 0 163 0 173 236 170 14 255 255 34 196 49 158
    12 192 255 0 77 245 115 38 114 16 221 128 191 255 255 255 204 10 250
    45 24 255 201 168 48 62 255 133 175 85 228 67 138 0 0 56 0 86 255
    130 255 70 222 23 143 44 115 100 140 255 163 181 70 133 124 0 59 255
    110 240 62 24 57 100 28 207 98 255 92 77 96 21 110 255 219 148 255
    138 0 0 0 29 65 162 255 0 0 74 12 86 82 255 53 255 255 40 76 145 148
    78 255 144 238 169 0 181 203 1 37 24 226 8 31 223 2 105 0 27 255 0 0
    243 220 0 27 151 68 255 228 85 131 118 42 0 117 255 145 72 176 205
    255 246 27 157 133 171 247 23 159 0 0 23 25 2 71 63 255 0 112 255
    136 15 227 231 0 0 153 228 28 255 102 242 0 0 221 0 0 120 178 0 248
    19 255 255 127 76 0 255 249 60 31 83 126 255 0 0 0 163 206 199 0 255
    255 255 218 255 123 65 0 255 200 27 134 207 92 255 0 177 255 124 179
    169 0 186 66 34 3 255 75 210 61 217 48 176 0 255 126 52 0 0 0 130
    255 24 183 27 255 70 0 179 0 0 0 187 26 108 91 0 171 255 189 231 170
    0 0 20 27 255 165 137 0 144 255 28 0 255 84 9 0 230 226 11 94 53 255
    64 24 70 31 255 57 255 188 131 178 225 0 174 19 247 255 10 0 29 225
    184 11 156 144 242 116 255 116 255 255 255 0 243 0 18 0 181 0 6 255
    125 228 255 81 209 232 80 107 0 252 255 0 57 0 53 0 55 67 0 211 42 0
    208 51 71 116 143 146 255 202 0 222 127 62 242 224 255 255 180 145
    240 255 110 197 133 239 208 104 33 157 0 151 143 30 197 190 146 50 0
    208 255 45 236 255 94 242 92 97 197 0 0 87 83 0 151 0 0 0 102 44 255
    202 176 225 153 149 255 0 247 255 255 255 0 0 0 206 67 36 0 51 255
    255 67 255 139 0 255 131 209 255 67 255 255 150 57 144 255 9 175 148
    226 0 173 0 255 255 0 0 232 255 0 158 10 140 189 0 255 91 75 255 179
    86 95 0 52 212 180 24 171 226 220 255 255 247 0 137 255 167 255 255
    45 82 59 255 5 255 0 195 26 0 164 104 11 255 0 217 255 176 211 255 0
    184 246 26 67 0 113 0 0 255 255 145 159 66 255 255 162 255 59 0 127
    255 255 65 0 255 0 157 143 255 68 14 74 255 255 104 112 0 39 70 137
    185 222 188 255 255 255 129 255 127 255 213 255 159 255 0 140 255
    123 255 160 72 123 30 199 255 17 128 176 118 255 0 18 255 189 69 120
    255 255 186 55 81 0 225 29 0 31 0 93 101 252 202 125 20 255 88 255
    181 213 255 167 23 239 255 106 188 255 0 0 221 83 128 127 255 0 251
    113 85 0 0 255 0 11 172 91 13 255 220 170 255 255 137 174 255 172 40
    0 132 44 249 0 191 0 9 255 22 57 246 17 0 0 255 0 58 64 254 0 255
    255 8 255 255 255 45 218 0 251 6 237 255 49 108 235 64 45 145 255
    255 112 174 243 233 0 255 0 70 39 47 195 0 207 0 227 172 255 234 224
    8 34 30 0 245 12 36 140 0 16 185 237 117 121 224 109 129 22 255 228
    255 255 255 255 65 73 255 0 113 136 0 8 102 0 255 255 199 135 0 0 0
    229 255 161 0 0 0 0 0 202 0 43 255 167 136 250 120 255 0 156 38 37
    218 0 255 228 255 255 255 207 102 198 108 237 114 217 0 41 0 255 201
    105 114 0 84 182 255 62 94 0 155 6 103 0 147 53 247 155 124 255 0 0
    235 255 242 198 255 255 196 63 255 0 248 223 179 8 164 255 0 184 0
    95 255 84 0 42 247 212 69 255 211 229 71 255 184 18 0 255 255 181 17
    128 217 17 61 233 0 0 0 255 97 228 255 0 255 36 255 187 0 51 255 110
    0 255 68 255 118 0 255 6 255 60 228 184 33 29 107 170 0 2 252 0 191
    38 211 200 255 211 0 255 255 0 255 149 255 255 0 0 255 0 101 68 149
    72 11 248 255 69 0 62 70 54 103 3 180 54 91 90 255 82 0 255 80 162
    230 240 0 107 49 0 179 4 135 219 255 55 144 29 255 2 0 133 255 0 230
    36 255 35 0 221 0 0 235 255 221 255 86 118 227 204 107 196 197 72 59
    191 209 45 167 5 0 143 51 0 112 195 127 234 63 255 15 90 0 255 92 15
    255 194 255 65 0 255 111 102 0 159 0 155 255 255 157 236 255 208 161
    194 255 99 83 255 52 0 210 172 0 23 202 127 167 152 68 62 255 153
    159 10 189 141 104 130 23 157 0 17 56 162 255 117 255 255 0 129 173
    255 86 132 255 255 255 111 24 219 138 204 0 240 56 0 255 166 255 200
    238 0 105 0 208 165 95 233 92 255 18 56 9 194 0 0 32 0 236 243 0 255
    0 11 59 60 58 238 161 125 214 44 255 234 0 0 0 166 255 94 0 39 0 242
    209 83 248 43 255 0 0 226 0 0 232 255 0 0 101 255 0 181 140 0 0 123
    169 132 143 0 0 217 0 48 89 199 131 0 85 255 228 227 17 255 197 231
    201 57 170 7 255 50 255 195 15 255 119 224 255 187 52 28 0 255 255
    55 255 0 76 88 156 2 0 250 49 176 156 2 255 255 0 0 68 20 206 79 0
    22 38 148 167 23 0 127 105 0 255 0 66 210 255 92 255 229 228 152 108
    203 29 0 0 0 111 5 255 111 255 161 0 99 167 136 0 255 57 221 229 129
    0 156 166 255 48 231 240 0 209 171 166 67 142 108 83 156 255 178 137
    0 50 82 215 189 178 255 28 93 18 133 0 133 115 44 77 0 134 0 0 111
    143 168 237 43 172 39 255 182 191 33 117 166 255 0 21 255 0 0 193
    226 53 0 255 238 0 1 217 222 0 43 47 255 237 255 242 0 255 117 255
    96 212 255 195 136 137 35 0 0 6 179 106 116 144 0 138 83 215 169 134
    152 127 0 14 207 99 99 130 0 100 255 0 217 255 117 175 251 28 38 0
    17 142 0 255 245 82 83 74 132 144 45 255 225 255 255 110 255 165 255
    161 5 0 205 109 104 42 0 57 32 171 255 0 255 255 34 26 0 255 255 255
    0 193 122 0 252 156 23 58 136 0 255 140 255 80 102 255 0 142 209 91
    58 194 47 137 218 65 205 42 104 255 255 177 0 85 181 0 153 0 255 0
    81 25 78 255 100 11 255 0 65 255 113 56 40 122 3 255 43 235 93 61
    238 246 255 255 222 0 255 194 191 107 91 155 255 0 255 68 255 192
    147 174 164 0 20 140 41 18 143 239 255 58 255 176 224 57 0 222 0 0 0
    227 89 0 216 202 47 255 0 208 88 0 255 0 178 37 173 111 0 135 111 72
    135 221 61 0 147 197 53 167 96 0 255 0 255 255 82 189 22 103 255 255
    0 255 72 21 111 127 247 255 234 255 198 195 255 2 238 38 255 168 134
    229 90 0 255 227 0 227 252 249 93 0 235 235 146 186 66 236 255 158
    221 20 235 21 0 123 255 211 0 255 0 151 100 0 0 233 248 9 210 255 0
    134 243 255 0 123 0 0 0 12 152 255 255 70 38 160 0 0 249 255 50 230
    255 23 167 160 0 0 0 0 212 46 0 244 84 25 115 0 0 212 0 255 87 108
    189 217 255 0 64 242 80 217 99 236 255 255 44 244 39 0 221 143 0 210
    5 0 125 207 0 0 255 193 13 255 50 142 217 174 65 171 255 213 81 255
    105 46 165 166 0 131 0 156 219 255 211 55 83 255 143 114 60 166 154
    144 246 241 201 20 36 0 146 83 196 0 0 58 0 159 53 255 100 0 239 255
    66 20 255 255 189 45 73 144 88 255 195 255 255 102 70 67 13 0 188 0
    255 255 64 255 178 0 0 14 255 61 41 152 255 252 72 0 255 184 115 0
    120 44 90 126 7 0 162 207 152 29 66 255 122 98 0 160 67 255 255 254
    0 167 54 132 255 129 62 0 8 48 211 91 255 255 0 217 255 255 42 22
    181 0 119 202 68 144 200 58 255 0 125 0 0 0 53 0 255 177 0 9 66 0
    255 161 90 255 173 0 94 190 96 31 255 255 0 142 124 6 167 99 175 27
    179 209 53 255 244 92 255 255 0 108 0 0 213 0 162 255 0 42 0 79 160
    0 0 163 0 15 255 42 15 208 255 255 130 255 26 89 64 0 168 0 167 255
    0 182 255 0 0 14 51 255 50 26 70 49 208 187 255 186 188 209 232 138
    126 0 200 0 0 143 58 101 56 255 255 43 209 66 255 255 39 235 255 173
    0 0 255 117 98 147 153 87 38 84 255 111 11 255 0 207 0 89 255 77 185
    0 0 0 94 182 136 112 255 117 135 96 255 237 87 0 210 195 104 0 17 94
    255 59 176 186 255 133 212 245 255 233 2 0 0 135 0 9 255 24 255 68 0
    255 39 240 255 0 0 187 0 0 239 0 164 109 255 175 186 223 102 94 242
    101 105 255 0 255 131 121 5 208 243 187 255 238 150 42 197 247 137
    255 0 233 0 0 85 255 255 208 205 255 163 0 255 19 234 76 53 255 255
    204 166 0 0 188 98 254 190 77 255 186 202 84 112 0 161 0 204 0 174
    255 190 33 0 95 142 255 255 255 0 28 0 100 77 244 0 0 156 0 239 48
    184 94 181 71 109 248 255 65 255 255 20 177 124 146 85 0 200 255 49
    255 255 81 0 145 154 109 0 239 48 0 76 255 78 213 0 182 184 184 255
    2 89 255 255 215 235 246 84 252 113 0 0 255 0 21 92 137 0 0 17 229
    43 20 71 255 207 166 165 255 0 139 0 162 0 255 153 191 61 255 223 0
    195 170 212 64 255 4 246 255 153 255 10 0 255 255 255 22 133 114 71
    255 0 0 0 112 86 255 0 0 86 192 47 255 150 0 220 255 120 98 48 255
    156 0 182 0 29 1 125 70 43 99 0 222 255 0 107 0 94 165 0 91 0 160 27
    230 189 151 221 61 255 255 146 221 7 208 178 56 161 34 203 0 31 205
    141 255 36 50 225 33 7 18 161 250 255 94 0 224 1 59 49 255 146 92
    114 120 201 81 207 205 158 27 94 63 214 103 255 132 239 132 255 255
    149 87 255 0 0 218 209 0 243 0 40 142 255 47 255 255 0 0 64 185 0
    215 69 40 0 0 170 0 31 0 255 56 0 0 109 106 255 48 121 255 0 170 177
    232 0 232 25 47 19 43 61 255 1 0 0 255 53 255 197 255 39 255 0 0 87
    192 177 0 255 69 251 76 252 19 170 6 6 118 228 156 255 57 151 85 6
    147 0 255 222 129 255 250 255 3 84 0 0 25 245 226 59 79 15 2 0 0 0
    22 0 0 219 20 0 0 142 69 42 255 105 255 150 90 172 198 0 0 183 255
    255 0 0 255 0 90 37 133 22 0 0 118 196 121 57 255 255 202 0 26 255
    22 255 235 246 161 0 186 9 144 210 0 0 0 186 11 255 255 0 252 251
    255 209 221 59 255 26 122 175 0 14 56 255 190 101 69 162 0 193 89
    216 0 0 41 122 255 211 255 255 255 194 255 255 255 0 166 255 75 23
    255 125 0 195 0 255 109 255 124 0 0 226 27 255 45 13 0 114 255 0 0 0
    0 50 217 255 255 231 130 53 0 147 0 207 165 13 240 255 32 141 99 35
    78 97 0 0 67 2 172 196 255 69 106 255 0 255 3 0 146 187 141 220 210
    25 175 46 0 0 63 144 136 0 11 255 66 142 195 179 184 60 7 10 255 254
    6 0 0 255 18 0 108 255 255 202 0 165 64 0 0 234 218 44 0 239 7 37 0
    0 249 0 0 98 197 15 0 162 185 45 0 168 145 86 255 89 125 169 225 97
    9 255 0 255 0 184 255 237 255 255 66 191 33 0 0 0 0 0 243 255 216
    255 44 97 151 44 146 4 134 220 254 255 255 51 73 19 5 159 255 87 132
    255 0 220 188 255 0 223 255 29 109 0 241 108 67 81 214 184 243 186
    156 0 232 12 0 108 59 226 190 27 180 250 253 231 0 69 255 113 134 0
    250 129 0 255 134 255 230 195 220 15 0 0 93 25 124 138 255 134 26
    255 0 0 255 255 151 33 255 76 227 96 0 237 0 134 170 223 167 63 19
    185 230 230 255 21 0 52 167 255 85 255 0 239 23 0 100 154 84 255 255
    255 255 255 176 41 192 255 117 0 255 142 255 221 0 255 0 188 0 6 183
    0 0 52 238 98 255 180 255 255 103 0 0 35 255 109 198 0 72 0 3 129
    182 0 0 232 243 255 128 255 0 70 17 206 0 0 9 115 255 234 99 195 230
    126 178 249 42 237 182 255 211 249 22 255 253 0 83 80 112 135 255 0
    253 38 181 12 255 150 18 113 0 224 23 0 206 118 102 104 255 255 0 41
    146 0 140 0 110 113 255 197 205 10 0 0 99 0 0 157 0 195 97 180 0 158
    138 255 192 0 255 136 113 136 248 43 50 88 255 90 248 223 255 0 224
    121 123 38 63 88 255 32 195 131 0 255 198 182 7 255 0 170 117 255
    225 87 75 96 255 0 79 66 255 0 34 0 0 0 255 199 191 78 126 23 188
    120 89 109 97 120 255 142 113 0 0 150 220 255 255 10 255 106 186 0
    144 255 109 146 38 138 201 207 255 209 26 254 71 0 94 16 254 0 255
    199 221 0 115 0 122 56 128 155 0 179 4 255 25 0 255 250 95 52 73 255
    21 161 255 0 255 255 0 255 79 147 76 0 25 0 255 0 73 255 138 255 154
    255 21 15 219 194 209 255 11 201 149 100 132 88 233 255 214 55 131
    103 55 255 54 22 0 161 0 0 0 0 0 0 163 255 23 244 0 10 66 255 228 0
    22 255 0 0 0 184 255 149 212 81 170 231 0 255 211 0 255 40 14 171 28
    68 255 148 81 1 245 255 69 240 193 255 255 163 0 158 0 7 140 150 255
    0 176 45 0 236 82 0 204 0 23 255 221 255 130 186 253 0 195 105 194
    255 93 0 56 113 117 0 183 134 216 101 126 181 142 0 198 5 201 0 50
    255 125 255 15 88 252 147 5 0 109 0 255 31 40 255 255 50 219 255 225
    75 160 78 157 42 103 232 168 254 0 192 122 255 255 0 138 99 255 147
    77 226 0 199 255 160 255 30 151 62 227 0 206 4 106 255 68 168 64 114
    255 0 175 197 196 204 0 255 193 0 254 51 186 72 25 107 230 0 162 255
    176 54 194 0 30 58 143 81 178 255 162 80 255 181 0 195 110 186 248
    105 0 250 0 255 255 0 255 0 255 123 0 162 255 64 111 135 216 7 19
    180 0 0 246 255 0 0 119 255 241 255 106 210 255 35 255 35 16 16 94
    255 255 255 255 0 0 255 116 0 255 249 255 235 71 0 111 238 0 255 255
    0 94 0 108 255 133 62 255 162 0 3 4 0 0 211 193 221 118 255 211 187
    177 255 255 201 30 47 232 29 55 255 238 0 197 247 163 22 144 255 148
    87 112 192 67 255 205 152 255 181 0 18 73 116 0 129 203 58 123 100
    85 255 0 55 24 255 198 159 74 16 122 255 71 241 255 0 78 8 0 7 211 4
    204 240 1 255 215 0 0 44 201 98 201 135 255 104 255 92 25 255 55 20
    190 64 0 0 65 0 156 51 70 255 235 0 255 0 255 255 115 255 255 0 255
    255 83 80 46 182 255 1 116 255 237 229 107 255 255 50 241 0 235 0
    255 255 255 255 255 114 50 201 52 217 56 58 0 78 142 241 8 213 23
    244 92 32 181 63 244 0 28 211 255 28 85 30 255 255 209 16 171 255
    101 166 150 255 71 102 147 12 97 31 0 201 255 0 255 167 99 64 236
    138 62 180 19 129 242 235 255 231 255 255 255 197 0 133 42 106 0 196
    0 255 0 255 255 247 0 219 20 255 255 125 94 78 255 248 0 129 128 0
    17 237 59 255 255 197 154 162 255 0 255 213 0 118 0 255 255 255 255
    164 255 72 1 3 255 16 115 0 154 0 67 0 197 0 85 255 166 255 255 12
    29 89 232 0 158 215 245 255 115 79 104 51 235 250 0 70 0 232 24 61
    201 0 0 0 0 203 67 255 58 255 86 241 252 0 109 255 31 206 38 28 75
    69 29 0 145 216 138 219 48 91 79 9 153 255 255 238 0 255 0 0 0 0 59
    37 103 72 208 13 239 83 0 110 154 255 0 255 255 244 207 183 177 255
    61 204 255 138 240 233 60 72 131 153 201 0 90 175 198 44 255 255 0
    135 0 44 44 255 142 213 125 255 36 162 186 80 87 249 48 255 31 255
    255 187 255 189 255 13 159 0 94 0 115 0 0 0 70 0 217 200 95 124 0
    255 252 250 214 213 255 61 255 235 8 255 0 76 190 124 26 0 89 80 0
    51 83 63 255 27 0 178 2 97 255 0 228 139 150 0 76 91 111 76 93 255
    126 0 39 137 210 95 113 0 89 235 199 124 255 0 212 89 0 214 0 255
    254 0 0 0 255 91 140 7 255 255 199 62 110 74 53 203 180 0 255 0 114
    16 255 255 28 153 0 206 255 0 149 0 214 0 255 151 0 0 196 32 93 115
    39 255 201 53 55 225 112 182 208 255 255 88 255 186 255 255 174 171
    255 156 0 255 0 0 67 133 121 255 255 255 255 34 177 255 255 71 179
    62 255 123 0 129 146 242 8 0 10 0 255 150 162 0 132 71 0 160 88 0
    146 255 90 222 205 255 63 255 169 145 0 63 0 0 174 255 80 0 255 177
    255 189 0 0 60 255 118 9 96 0 255 0 255 128 141 255 255 53 140 247 0
    0 182 129 26 255 74 255 176 255 195 186 232 0 255 255 255 0 231 0 79
    0 0 158 166 0 117 32 0 0 36 0 55 63 255 255 192 1 255 255 27 255 102
    0 255 255 0 5 61 59 249 156 169 0 221 0 0 1 0 23 80 207 0 0 186 0
    234 191 0 206 0 123 0 41 219 151 0 89 186 10 27 133 77 115 4 0 101
    193 0 103 240 84 0 0 255 162 0 255 214 255 255 255 12 1 191 85 184
    255 0 138 135 20 81 157 255 111 0 0 47 55 0 78 166 74 133 135 232
    155 255 81 151 205 0 0 255 0 0 110 255 255 232 255 180 45 0 233 42 0
    0 147 59 9 230 0 255 255 255 103 0 255 0 0 117 116 56 199 137 92 145
    103 169 253 16 255 5 205 94 11 0 0 255 247 0 163 23 225 111 88 224 0
    0 72 54 113 138 130 105 175 255 74 179 166 109 255 182 135 158 255
    130 0 14 255 90 152 255 25 129 255 246 255 80 0 216 186 142 171 49 0
    211 0 0 26 234 96 255 209 0 25 174 0 60 89 111 215 179 0 255 214 240
    1 166 11 26 27 117 108 255 117 156 255 0 11 227 142 81 0 3 241 79 79
    92 76 71 0 128 255 5 183 212 109 123 143 0 7 112 255 124 105 150 51
    255 161 162 147 10 62 174 0 200 206 0 255 223 138 0 255 49 184 250
    255 221 164 99 255 134 198 58 0 255 255 60 233 127 102 93 89 67 22
    251 185 255 212 0 255 54 0 184 255 8 241 0 179 0 111 59 255 255 255
    255 167 221 255 105 255 199 231 0 211 191 8 229 0 0 0 22 0 0 14 77
    38 0 254 8 0 73 44 137 135 65 240 0 255 0 255 133 0 0 111 149 254
    255 0 130 255 255 138 255 9 137 78 0 255 76 82 228 41 86 142 109 202
    131 53 255 38 214 255 59 142 134 255 68 0 255 115 255 219 111 255 0
    255 255 0 106 128 164 255 94 255 0 14 255 147 255 68 255 250 0 0 168
    247 0 175 255 14 0 0 124 255 0 255 231 255 223 151 188 78 110 41 224
    255 177 255 5 106 222 33 244 249 154 255 33 56 255 157 222 32 255
    212 141 227 255 74 57 7 108 0 242 249 73 0 120 232 235 101 159 64 0
    255 1 0 142 139 255 122 164 0 255 115 0 100 61 188 249 255 0 255 0
    255 255 54 46 255 175 215 0 65 0 2 0 166 0 79 232 80 241 205 214 255
    71 0 39 0 128 222 0 88 255 0 126 255 255 71 255 52 173 84 207 38 123
    255 197 74 251 163 255 165 162 106 0 0 0 128 138 241 156 151 86 169
    168 45 191 190 0 16 225 0 21 143 68 121 145 158 255 63 209 0 219 47
    5 233 119 47 185 0 56 55 0 131 121 0 56 49 244 255 145 100 247 39
    217 30 255 164 255 180 0 255 255 208 0 186 30 255 130 55 95 0 184
    224 0 94 207 255 255 255 1 6 245 78 137 127 102 199 129 126 6 190 0
    252 252 40 255 255 0 218 221 0 71 193 222 0 0 255 0 84 135 228 7 255
    10 0 124 0 0 199 113 36 88 255 174 19 192 113 55 0 84 57 0 239 139
    110 223 0 63 49 0 165 148 136 218 24 90 36 9 211 0 196 91 170 171 31
    0 255 231 0 0 195 227 0 250 255 158 255 34 255 176 220 0 0 255 189
    67 23 124 111 129 111 92 255 0 146 172 237 168 255 0 255 194 0 46 72
    0 0 255 135 114 0 255 14 198 135 106 129 255 233 64 0 209 33 227 29
    255 102 246 0 96 255 17 82 255 255 88 0 50 141 66 12 83 109 240 195
    93 231 0 0 120 0 230 250 223 255 0 65 111 0 255 147 191 215 0 32 232
    0 255 38 255 96 47 0 255 12 0 255 163 72 184 213 255 153 213 33 126
    0 0 0 69 85 248 108 255 0 255 0 0 0 224 120 0 158 220 180 227 13 247
    205 176 37 0 172 122 121 39 0 255 213 23 231 255 49 4 0 0 70 129 0
    189 181 255 245 20 0 0 184 38 75 255 93 102 255 255 89 0 121 219 255
    74 2 0 13 211 0 171 105 146 255 255 21 255 0 0 218 255 255 0 176 208
    255 174 62 213 116 255 255 37 153 52 255 35 134 1 0 0 160 60 255 241
    100 0 40 0 0 92 111 123 255 255 207 191 29 145 13 47 62 107 244 83 7
    110 228 123 15 70 170 0 166 255 0 0 197 0 56 255 88 78 137 0 255 160
    91 255 255 255 0 255 201 240 68 255 106 0 255 58 220 121 255 255 255
    115 0 255 108 217 255 0 255 13 66 240 244 186 156 0 255 44 255 0 255
    228 14 170 125 168 173 210 223 35 0 142 255 255 255 255 87 251 0 112
    0 253 182 184 149 97 0 229 79 103 236 192 46 245 189 93 0 71 3 255
    242 251 35 255 255 0 150 0 255 0 175 0 0 4 0 0 0 211 248 0 182 215
    255 72 192 70 178 98 0 0 174 255 0 0 0 53 0 0 92 115 62 255 0 0 129
    224 219 205 224 0 123 114 195 100 0 0 255 86 0 0 62 122 43 0 89 255
    114 228 255 163 0 134 255 0 20 164 252 215 154 0 1 172 255 34 197
    189 197 223 0 255 0 7 29 40 182 2 207 54 255 0 159 0 255 255 41 0
    255 0 0 23 255 1 156 51 0 38 140 73 136 184 121 188 255 125 81 0 40
    255 7 26 238 0 255 197 0 223 34 68 44 0 255 189 255 137 15 0 225 0 0
    0 0 0 116 255 190 0 193 255 0 9 0 192 255 144 73 82 255 238 255 255
    255 255 255 14 255 56 255 155 0 255 220 134 44 217 0 234 221 255 53
    127 116 102 119 114 226 163 45 119 255 0 197 149 0 146 230 255 116
    46 203 51 0 110 135 0 162 255 0 138 255 156 83 255 124 255 255 129
    190 219 226 0 255 0 0 0 64 114 159 11 255 49 158 0 163 255 255 223
    255 0 190 255 255 231 151 94 118 255 0 0 42 97 40 19 255 106 174 255
    250 0 0 160 0 79 242 30 222 133 239 172 56 0 172 237 255 0 60 14 175
    28 151 255 43 142 233 113 0 169 0 255 0 250 255 38 173 255 255 212 0
    144 237 70 0 21 19 255 85 204 23 228 208 0 0 255 255 79 237 255 255
    0 242 89 0 15 90 255 168 228 10 255 206 194 0 90 183 164 205 0 46
    147 0 255 130 106 0 19 0 255 73 0 255 211 0 129 0 255 255 56 0 91
    131 0 172 255 10 216 0 0 102 109 26 255 255 231 255 155 0 255 182
    104 66 20 237 223 0 168 0 201 61 0 246 0 37 0 0 222 30 115 255 64
    169 255 83 0 216 114 20 0 45 0 240 149 0 0 255 197 0 247 193 59 0 0
    255 255 188 255 12 255 67 56 19 113 38 165 156 59 255 0 29 252 220 0
    255 253 53 137 110 255 75 25 31 5 255 0 6 203 0 255 25 73 90 255 149
    136 0 2 0 128 0 202 98 23 129 193 225 102 228 255 168 96 71 75 136
    90 197 255 243 255 200 235 150 0 0 28 191 192 150 177 155 68 0 28 1
    182 54 0 255 255 255 203 210 255 255 158 238 34 15 105 253 235 255
    181 20 0 24 18 207 0 0 255 255 255 255 50 129 46 0 40 131 255 45 18
    255 237 58 203 27 0 0 153 216 0 0 255 255 190 0 30 65 255 0 191 255
    235 240 255 194 255 255 255 128 93 0 236 208 255 0 0 16 142 110 132
    150 73 0 49 176 249 212 107 41 142 255 43 26 0 112 0 224 210 255 36
    255 188 156 249 0 0 13 67 216 0 246 252 149 91 255 0 168 253 255 99
    0 19 121 52 0 230 255 143 229 255 69 0 255 51 98 49 238 66 137 242
    29 162 196 0 17 153 255 214 255 38 255 95 88 255 10 3 135 0 183 0 27
    0 0 255 104 158 255 201 247 179 0 212 155 158 29 0 189 172 255 48
    211 255 113 162 0 93 250 4 43 17 88 250 177 95 0 128 228 207 77 204
    0 113 0 21 255 76 124 165 142 127 203 168 0 76 255 0 69 255 255 221
    45 0 49 255 248 21 229 86 249 0 162 255 234 255 59 93 121 0 61 175
    238 0 0 0 141 51 123 201 0 157 252 230 0 101 138 161 184 176 0 211
    78 94 255 255 46 0 255 255 195 0 200 0 180 12 255 0 56 50 242 147
    170 0 255 0 93 101 120 255 0 0 150 0 201 110 156 231 0 250 255 0 255
    57 241 213 24 5 120 172 255 255 13 104 99 19 125 255 102 63 182 30
    192 203 16 0 0 37 171 77 0 60 123 89 39 53 44 122 255 255 171 0 212
    34 196 19 33 235 194 204 65 39 155 0 255 175 123 255 3 255 237 140
    98 0 255 255 0 195 166 39 115 255 163 111 166 81 81 0 82 0 194 181
    255 201 174 3 37 255 0 158 155 255 245 155 255 68 135 42 255 250 255
    137 255 29 255 255 0 0 255 221 0 43 3 131 0 198 143 95 0 99 255 0 42
    255 0 0 232 78 189 0 244 125 118 83 123 15 0 255 255 189 196 218 150
    233 3 49 255 136 130 139 74 255 226 33 10 255 29 255 249 0 109 99
    255 255 255 84 0 168 0 189 223 8 165 0 26 0 226 126 0 182 255 163
    224 61 134 255 170 160 83 255 0 0 157 80 255 173 65 33 0 0 0 78 151
    163 0 56 120 99 103 252 0 21 107 255 217 255 37 0 85 206 255 0 255 0
    255 77 218 132 255 255 0 244 65 16 255 105 0 87 0 25 4 11 253 0 91
    79 0 228 224 0 93 255 114 0 208 219 33 53 255 24 4 119 172 195 159
    255 0 176 254 49 107 90 191 0 86 255 0 227 255 0 36 221 169 47 255
    213 66 0 0 14 233 200 1 1 85 16 161 0 62 255 93 156 0 0 241 0 255 0
    255 0 240 99 0 73 149 0 255 255 5 241 174 222 70 0 199 106 114 141
    248 0 140 53 111 0 147 78 0 255 21 121 197 140 0 0 229 225 122 0 255
    39 255 255 110 13 255 0 255 183 110 255 199 255 123 0 0 255 255 0
    204 255 255 255 255 255 0 210 0 0 162 209 0 64 0 0 0 52 0 255 0 191
    95 219 235 178 9 224 74 28 167 0 44 255 0 80 255 117 96 191 183 220
    143 251 255 239 255 40 0 255 158 7 0 45 186 216 234 255 0 201 187 25
    68 255 0 255 180 0 142 177 232 255 0 83 174 193 95 194 242 0 255 60
    142 0 0 0 0 255 30 189 116 55 244 0 255 9 255 237 131 0 28 0 0 66 0
    132 253 255 0 27 228 89 158 196 0 0 0 0 243 255 47 255 255 46 135
    217 242 151 0 167 230 0 147 171 45 0 51 99 232 186 255 250 255 0 10
    34 0 202 40 240 100 25 28 0 0 122 24 109 198 127 28 0 0 0 255 255
    139 255 173 90 255 0 140 0 20 255 234 255 0 245 189 106 90 33 39 196
    0 162 0 255 197 0 255 20 0 167 0 255 148 0 49 157 0 147 22 255 12
    227 191 0 186 146 237 255 0 30 20 0 255 0 205 51 0 28 129 255 153
    250 177 46 126 70 16 0 255 228 0 255 0 23 255 235 72 64 50 0 0 0 190
    255 168 255 136 255 255 92 252 216 255 69 2 255 7 60 200 166 0 170 0
    0 252 255 143 250 109 36 249 0 224 255 0 41 218 14 255 58 111 122 0
    30 154 255 253 143 0 178 192 255 25 215 246 142 157 15 143 0 0 255
    15 180 255 18 0 255 255 0 30 39 171 54 104 158 3 0 226 47 173 255 88
    56 17 17 0 93 104 255 255 158 50 0 132 44 0 255 255 195 104 134 74
    75 161 0 49 183 204 103 139 255 186 0 227 107 0 38 65 172 146 133
    201 0 255 255 29 0 255 150 255 120 175 187 93 103 255 0 88 255 0 250
    92 70 92 144 63 181 122 26 9 97 213 195 255 0 0 28 202 0 216 54 18
    255 214 219 152 10 255 0 6 21 66 254 156 0 12 255 255 114 244 34 207
    165 100 0 142 136 141 189 255 140 242 0 255 255 18 255 249 185 198
    255 81 254 157 75 60 88 0 69 8 11 66 32 255 126 255 17 255 255 183
    32 255 179 0 255 12 137 41 40 110 255 32 52 226 16 0 30 255 0 23 255
    67 255 107 255 167 255 179 68 57 255 0 255 83 255 0 255 227 31 199 0
    71 193 125 255 255 108 103 50 56 67 255 18 222 207 0 141 255 20 117
    17 5 0 196 141 0 96 75 234 245 49 245 216 0 104 13 12 0 0 255 78 0
    72 169 181 0 210 255 89 5 0 0 74 0 146 0 35 255 127 75 0 149 25 0 52
    252 181 0 211 21 70 0 179 255 230 75 48 255 88 255 111 0 162 119 0 9
    244 30 28 186 229 255 101 0 89 5 255 255 170 44 255 253 255 246 107
    10 255 175 0 214 125 249 0 255 97 149 147 38 0 43 15 24 44 0 53 0
    140 255 219 20 156 0 213 46 43 81 100 123 0 58 255 0 255 60 108 40
    83 144 89 0 163 160 78 154 255 255 131 0 150 162 184 255 173 255 255
    212 0 0 95 187 15 187 0 186 125 27 236 0 156 9 112 132 231 255 178
    79 0 69 0 152 248 13 241 110 146 41 116 138 255 91 255 140 33 139
    238 255 13 255 0 105 105 54 70 189 190 222 255 79 144 255 214 186 0
    0 115 31 184 255 124 117 230 213 251 77 57 156 255 130 142 255 0 0
    166 215 131 255 62 239 5 51 88 255 255 255 212 211 255 1 43 155 93 0
    70 255 220 132 244 159 0 255 144 107 61 0 252 183 18 219 0 255 218
    200 60 240 0 0 255 204 0 255 208 0 37 255 255 26 255 233 0 13 230 0
    255 191 176 0 91 228 255 12 9 114 1 62 9 85 60 0 255 174 255 75 60
    81 255 122 0 255 255 43 187 125 255 219 50 0 255 156 168 224 0 255 4
    228 255 170 255 0 129 255 90 183 255 51 182 42 0 255 230 255 172 0
    141 31 97 56 161 0 67 218 255 160 1 255 209 191 231 189 255 135 255
    255 0 187 255 230 255 0 0 0 51 255 155 255 121 0 174 0 158 9 0 47
    251 228 4 143 52 56 228 205 130 255 242 0 27 147 187 20 85 136 152
    202 0 73 84 255 0 201 160 60 227 144 255 229 234 255 127 147 112 109
    255 255 80 177 255 159 239 165 0 67 206 72 152 255 234 181 255 0 89
    57 102 186 255 231 233 0 10 176 25 212 248 93 23 91 25 31 0 0 29 0
    87 0 0 160 0 112 231 0 40 111 203 254 255 84 0 87 11 255 164 154 255
    20 118 249 0 4 0 38 115 20 255 0 240 0 96 255 135 255 0 250 235 0
    255 168 235 0 50 255 182 196 126 255 0 255 66 112 255 255 63 0 245
    175 255 0 172 0 72 134 9 176 245 241 255 42 51 255 179 255 42 0 254
    0 3 189 255 47 0 229 141 0 169 171 149 253 199 57 159 31 255 222 0
    255 10 9 53 207 255 0 255 148 247 125 198 255 0 45 0 255 250 0 255
    206 183 0 154 23 0 0 11 228 111 250 0 175 169 255 128 0 255 0 255
    203 221 60 7 158 255 145 81 34 199 255 204 231 254 255 0 255 55 0 0
    0 0 26 255 27 1 255 12 255 255 255 255 0 185 0 114 0 195 255 156 203
    32 255 0 95 241 246 124 71 0 224 255 201 252 0 242 255 0 255 2 0 255
    36 255 194 255 110 230 255 32 255 21 223 27 255 212 255 6 151 241
    215 62 75 255 238 1 248 0 255 0 0 191 0 82 0 76 255 0 221 0 100 157
    84 71 102 67 170 251 47 0 154 255 121 236 117 141 36 200 221 0 255
    47 245 137 91 155 34 105 255 255 133 0 255 12 107 225 255 96 119 0 2
    255 255 0 0 255 255 255 171 48 163 1 41 131 26 236 255 79 255 255 2
    207 0 34 255 111 15 0 255 255 8 255 236 0 35 255 0 241 0 28 227 56
    236 245 126 248 171 253 0 255 29 255 255 0 188 65 63 28 0 255 255
    186 51 251 0 61 255 239 255 37 110 242 66 166 255 202 81 5 13 0 255
    3 255 255 0 255 31 52 215 59 255 162 65 123 206 169 209 213 255 220
    205 255 108 21 166 4 250 165 255 244 32 235 230 0 247 202 0 43 244
    117 141 244 255 255 42 179 0 198 0 117 0 0 171 202 255 173 0 159 230
    0 124 145 27 87 41 223 180 202 205 255 199 52 255 6 255 246 255 49
    15 157 82 255 255 217 0 205 102 197 58 0 137 0 4 123 21 174 0 153
    149 149 170 146 170 30 202 190 77 0 229 255 122 7 88 255 0 66 255 6
    243 253 255 255 255 12 69 255 0 188 245 227 148 0 178 73 0 40 255 94
    0 0 11 0 255 255 255 167 113 81 0 115 108 0 35 0 90 0 92 117 0 255
    255 221 161 153 70 0 255 128 146 202 0 90 52 79 149 124 228 246 198
    0 30 255 178 161 162 0 213 17 255 255 21 238 84 175 50 147 195 100 0
    176 255 28 174 27 23 3 255 13 190 255 255 253 0 255 0 69 8 30 0 110
    255 42 255 233 0 0 217 246 255 103 0 222 168 64 9 67 131 63 0 191 36
    241 255 255 255 0 179 0 0 178 23 255 0 0 174 204 41 255 98 210 215
    97 0 60 255 0 96 33 255 3 255 0 255 241 0 0 121 255 255 255 76 60
    221 15 255 30 246 41 149 255 69 161 255 156 0 12 97 0 232 10 40 244
    33 74 162 121 0 184 254 0 255 255 80 189 0 118 0 86 230 106 0 255
    118 255 163 255 255 232 255 126 225 52 78 12 67 255 255 0 0 97 255
    235 156 166 203 40 57 0 255 255 0 202 0 0 254 53 110 255 14 83 185
    255 255 41 66 255 12 1 38 178 255 0 255 255 21 224 91 239 0 237 211
    186 242 0 255 81 222 12 128 255 0 87 23 0 33 255 255 215 143 255 0
    142 5 14 55 56 11 255 97 132 186 255 129 21 1 0 181 220 8 96 65 234
    248 255 30 92 106 113 172 144 66 255 119 22 16 190 149 139 189 11
    114 0 0 16 99 117 24 98 0 129 10 63 0 255 152 60 2 59 255 0 255 251
    255 117 83 135 196 255 114 134 159 88 36 60 102 215 0 0 142 245 143
    0 90 0 252 0 0 174 127 85 255 183 255 0 187 164 0 39 255 57 140 3
    170 199 108 35 132 94 150 255 97 255 64 202 255 0 150 255 195 0 255
    52 0 222 78 235 212 233 6 73 255 255 154 220 118 0 255 0 131 32 0
    255 216 255 255 255 0 194 255 255 39 211 255 32 101 218 156 255 215
    180 255 80 255 206 255 255 144 0 255 135 77 0 0 255 211 255 241 244
    7 22 0 156 175 248 0 89 0 114 248 0 38 0 0 145 255 142 68 47 165 243
    0 118 136 131 196 255 255 131 65 0 255 0 3 211 53 73 151 251 255 255
    190 0 255 251 144 71 67 44 117 30 255 159 210 0 255 255 255 33 212
    255 95 159 255 255 255 255 0 143 0 75 219 197 131 134 255 0 255 255
    115 255 36 226 255 193 0 35 155 255 0 15 132 227 93 160 205 107 250
    255 243 255 255 146 0 0 95 97 255 0 255 255 50 0 0 0 255 0 218 255
    164 0 0 55 0 17 255 141 27 133 255 255 0 142 255 6 255 132 51 209 94
    31 0 71 0 255 72 114 3 0 112 158 194 230 255 255 0 20 0 101 8 236 37
    54 0 52 132 100 82 184 189 192 105 137 49 65 89 56 233 0 255 1 52 56
    210 43 129 0 255 232 255 188 236 57 0 58 235 255 134 0 188 0 0 0 116
    142 0 10 70 0 158 138 255 255 49 0 252 255 157 0 115 0 68 60 255 255
    0 91 137 255 23 238 130 255 220 0 206 255 0 47 87 0 255 255 255 131
    232 84 255 0 11 0 56 63 255 217 255 255 255 0 10 122 168 44 248 133
    198 35 0 123 148 73 255 158 205 255 240 28 255 105 191 248 33 37 21
    0 0 173 43 77 255 180 230 190 253 62 0 0 56 134 6 243 76 214 194 37
    52 255 202 73 255 35 0 208 129 0 65 177 255 132 0 15 48 191 21 55 92
    38 0 159 240 250 0 255 172 123 139 90 255 255 255 147 195 122 196 26
    0 0 223 47 0 178 26 0 0 255 14 101 188 0 95 255 36 0 209 44 25 124
    255 75 250 22 223 5 36 28 235 51 228 165 18 134 255 190 210 32 255
    255 0 255 202 255 70 190 222 0 111 0 78 0 6 192 255 0 95 98 155 180
    24 214 153 7 38 20 157 67 0 174 0 0 0 21 0 147 100 141 189 206 49
    146 56 168 255 30 183 80 187 0 0 0 0 196 56 71 248 149 0 255 0 0 43
    0 96 207 214 228 255 255 255 255 79 55 14 255 255 151 169 170 22 255
    96 159 31 0 140 172 184 141 78 114 147 136 57 0 226 130 0 221 114
    207 119 180 54 251 57 223 60 162 0 95 143 168 137 221 0 30 144 188
    239 216 255 15 105 111 0 64 206 253 0 255 255 73 89 0 0 47 0 124 0 6
    99 96 126 12 44 0 255 0 0 137 7 108 0 193 0 83 26 214 99 62 43 200
    47 0 0 0 111 0 255 255 192 153 255 29 138 255 56 221 249 233 240 0
    107 51 67 92 208 207 69 0 213 255 0 255 101 173 41 255 85 188 9 220
    169 255 92 63 0 0 244 39 255 167 0 255 255 255 114 140 255 0 56 255
    75 58 0 0 100 255 0 138 129 0 142 219 204 32 205 181 0 255 184 255
    207 21 14 195 0 244 56 255 255 204 0 62 210 255 255 117 238 255 142
    0 133 0 208 237 226 251 240 0 255 247 109 144 164 255 158 38 143 184
    246 61 170 0 151 99 255 76 33 255 255 166 204 0 23 184 244 43 162
    141 80 153 147 0 190 255 20 255 238 235 255 185 104 130 220 51 53
    255 0 30 237 150 52 251 98 66 255 5 0 255 196 255 196 139 0 0 90 166
    243 255 47 255 128 131 51 58 92 0 255 168 65 255 255 135 0 0 231 0
    236 255 91 0 139 102 71 0 174 0 118 255 0 255 92 81 50 0 0 83 100 0
    172 0 33 207 201 0 255 0 129 110 204 255 137 255 229 255 76 61 158
    30 212 101 201 217 0 0 0 206 255 85 227 62 3 25 33 193 138 255 238 0
    90 31 255 0 38 14 212 0 180 146 15 6 255 229 154 191 1 100 0 0 30
    118 220 152 200 255 0 255 167 0 93 0 153 51 210 0 0 255 0 54 67 93
    69 123 0 121 150 181 121 77 0 34 255 252 254 255 0 208 82 142 35 59
    0 66 255 255 151 79 0 226 220 188 0 87 22 199 173 31 71 179 144 188
    90 191 255 207 0 219 129 36 255 207 255 144 156 142 255 255 88 0 187
    1 255 255 207 5 255 58 255 255 255 0 162 62 55 0 34 255 167 229 57
    213 193 65 221 109 255 110 0 64 247 171 255 142 175 255 93 250 255 0
    243 255 0 0 114 221 24 255 170 60 33 183 179 0 40 255 61 255 109 82
    0 67 137 111 255 194 112 0 242 0 33 14 88 45 118 0 223 250 34 110 0
    57 115 113 237 0 18 255 56 0 72 225 31 121 203 101 255 0 0 191 224
    189 50 255 128 103 145 255 7 93 60 50 87 148 220 64 0 0 0 255 0 255
    0 255 18 35 139 11 255 42 47 255 255 24 255 255 21 209 112 255 78
    255 255 194 255 255 255 80 255 180 240 0 0 119 234 155 73 117 0 118
    255 38 3 113 255 7 0 155 67 0 0 0 10 111 245 143 229 0 55 10 0 108
    255 111 8 187 147 255 45 255 213 251 62 66 255 175 255 153 255 115
    59 219 0 255 0 44 108 199 152 139 193 123 88 143 188 154 0 66 1 44
    255 13 0 234 0 108 0 0 81 255 4 0 224 77 0 36 105 181 224 0 67 255
    187 61 0 0 255 45 255 208 222 159 91 151 20 168 0 225 255 201 163
    172 217 255 145 89 42 255 27 133 255 0 228 123 200 194 0 255 254 39
    255 0 142 214 139 114 0 143 172 83 172 150 255 255 0 255 175 61 212
    92 57 255 0 162 192 58 63 43 26 0 19 78 0 0 0 181 66 103 229 0 107
    232 114 19 0 202 71 0 225 0 127 165 40 40 255 0 167 197 199 31 204
    38 255 65 187 57 45 216 231 161 0 73 0 255 83 255 113 76 162 64 142
    255 139 255 95 174 9 0 63 255 0 139 255 241 55 74 221 255 17 255 255
    0 255 0 195 255 50 0 21 0 185 89 85 254 98 65 67 58 199 136 249 47
    241 0 13 88 75 0 0 179 81 232 101 253 163 0 255 67 0 114 0 30 255
    255 136 0 0 150 131 0 105 52 0 255 239 0 16 65 255 255 238 0 255 148
    235 255 4 203 28 179 197 255 149 255 182 161 255 255 73 159 53 209
    255 255 243 91 124 162 205 36 155 72 255 255 255 121 0 249 0 255 218
    135 191 50 255 90 39 255 239 27 125 182 0 0 100 80 239 255 255 156
    128 31 54 40 183 139 255 255 160 151 129 58 128 0 0 255 72 255 96 80
    110 0 80 15 200 47 255 137 255 98 255 0 231 71 255 255 191 218 255
    249 0 201 46 0 191 113 35 213 147 0 255 0 68 0 0 75 0 181 0 0 255 0
    56 130 26 0 0 0 0 124 161 61 198 0 255 101 180 164 47 255 157 61 187
    129 152 166 255 218 78 96 150 10 7 137 34 255 153 0 107 83 45 216 0
    0 0 0 0 0 255 127 255 20 114 21 25 138 0 235 96 202 182 23 14 0 0 83
    236 218 233 41 0 246 126 255 102 255 0 0 255 143 64 161 255 65 7 255
    133 255 255 231 91 151 71 217 0 0 255 255 59 186 245 188 0 66 0 70
    255 0 110 235 189 244 27 81 0 255 215 231 207 0 255 0 255 255 198
    103 56 59 41 203 124 0 255 65 0 144 13 0 162 255 0 0 255 61 255 255
    137 255 221 93 149 255 193 81 255 206 177 22 211 78 52 197 0 181 29
    0 169 239 0 237 145 0 0 0 182 151 255 0 66 58 51 0 172 113 255 194
    255 17 255 207 0 25 0 0 47 0 255 144 157 31 62 0 4 228 0 0 53 0 111
    87 0 0 255 9 86 181 255 164 255 0 39 253 55 255 157 222 43 67 255 60
    233 0 22 65 197 255 0 255 96 0 69 62 121 217 0 0 176 38 24 255 97 32
    193 157 226 64 67 0 0 0 197 191 255 0 255 52 0 255 7 0 255 173 71 76
    0 0 100 255 147 124 46 147 120 131 0 214 172 255 124 0 84 110 80 255
    207 0 2 255 0 189 94 0 0 105 211 0 138 53 255 144 2 187 53 132 0 0 0
    27 239 0 22 23 255 148 176 186 99 148 191 0 170 64 23 0 0 91 0 255
    15 0 255 78 150 122 0 205 255 125 0 131 144 193 85 15 192 74 169 18
    200 253 0 104 198 255 255 255 0 157 255 115 0 223 255 124 0 255 255
    55 108 0 151 107 169 2 221 255 244 213 0 34 255 169 81 0 82 144 225
    40 34 0 122 255 0 0 179 184 58 146 184 196 179 62 252 254 227 188
    122 0 169 54 114 144 255 145 49 0 54 0 20 128 234 73 106 166 255 255
    255 227 0 163 3 19 82 255 161 255 168 30 193 255 195 69 239 190 255
    0 0 0 16 121 107 210 255 226 168 23 121 238 255 204 255 226 255 148
    255 118 0 119 30 176 247 255 255 226 166 16 215 255 255 133 235 136
    255 255 0 0 0 70 145 128 233 10 0 0 255 225 255 24 122 250 255 107
    218 66 204 77 153 131 187 0 144 0 255 156 216 255 11 184 182 255 145
    0 255 255 183 0 241 185 249 0 255 255 0 155 0 255 181 121 255 255 83
    214 212 0 0 255 206 84 103 139 181 255 0 213 143 240 126 63 219 206
    156 68 25 255 247 255 238 255 247 0 255 232 0 252 0 76 239 147 226 0
    197 169 140 199 180 17 151 125 255 144 59 71 179 255 28 255 255 107
    10 255 30 226 136 16 0 23 0 255 0 118 0 255 0 0 0 0 255 140 75 58
    255 0 0 0 21 189 0 255 0 127 220 77 232 197 0 255 18 0 255 37 0 47
    255 0 28 222 4 15 197 0 95 220 10 79 214 0 97 125 175 27 255 253 53
    255 255 0 247 44 110 50 182 164 218 0 67 255 74 0 75 0 72 193 211 25
    255 201 251 255 65 0 0 74 243 28 0 254 85 194 255 0 147 255 0 170 0
    55 255 0 50 0 0 66 147 5 142 178 0 255 0 38 118 181 0 242 255 237
    237 42 43 166 0 194 210 245 95 248 255 255 240 27 71 255 0 143 91
    241 180 0 219 64 0 0 50 92 0 174 255 9 0 0 101 108 230 26 232 90 189
    0 25 23 201 226 255 50 255 60 79 255 255 152 0 46 0 255 134 255 255
    58 148 162 39 255 255 132 255 255 70 63 226 83 255 255 0 140 111 92
    97 48 255 94 118 8 0 222 58 0 172 130 234 56 30 7 255 0 0 255 20 175
    255 239 20 255 156 132 255 0 151 223 255 216 0 245 16 71 215 63 206
    87 255 146 0 176 100 0 171 255 75 0 181 4 11 73 200 71 0 103 214 0
    118 39 0 0 242 0 255 0 100 72 0 0 255 123 214 255 114 38 0 255 76
    210 110 140 61 163 131 181 225 70 0 100 255 167 255 255 0 13 214 165
    0 203 11 90 255 72 255 0 255 248 146 162 96 52 0 20 255 0 13 255 64
    183 117 255 0 0 0 46 0 2 148 0 255 126 218 104 30 3 1 0 197 0 0 245
    255 255 0 255 92 235 3 207 0 0 26 0 0 0 0 225 60 0 165 0 10 219 180
    0 0 3 0 255 255 2 255 0 144 157 255 80 221 10 179 255 0 190 210 255
    255 239 36 78 183 0 135 175 143 10 130 179 215 0 4 255 238 17 0 0
    255 151 80 120 224 136 216 32 56 141 109 0 253 0 0 136 106 87 165
    255 141 53 0 255 97 245 51 255 100 95 140 137 255 60 29 0 193 12 0
    238 255 0 255 47 0 0 227 42 0 1 255 167 228 224 0 255 74 0 230 178
    218 255 255 0 0 0 40 255 32 0 0 246 10 246 255 0 0 242 255 107 255 0
    0 106 245 0 58 0 127 0 131 233 15 255 92 0 205 57 0 215 255 141 160
    154 255 106 213 0 0 198 77 176 255 118 15 255 255 238 100 53 255 0
    184 141 95 192 61 132 94 135 72 39 55 77 170 226 1 0 67 62 138 195
    177 60 160 255 255 255 85 160 15 101 255 6 197 255 186 0 166 105 222
    14 63 17 0 255 122 255 18 154 241 178 177 143 44 55 255 235 122 124
    255 217 0 255 4 100 171 0 212 14 234 123 35 218 49 119 127 200 0 38
    253 65 142 9 88 16 0 37 248 41 202 0 59 255 0 0 187 159 0 129 214
    255 0 154 163 203 116 7 77 215 45 31 33 255 112 17 55 50 53 0 255
    216 176 170 252 35 0 2 195 255 72 150 123 0 255 1 216 157 255 17 107
    1 70 255 0 161 0 255 175 0 20 0 255 0 51 154 114 255 218 0 218 198
    255 14 117 194 0 255 0 181 113 255 1 148 10 0 0 137 189 14 0 140 95
    41 244 144 51 255 33 39 0 226 77 255 14 212 71 0 194 0 255 0 36 23
    203 0 56 0 123 0 196 114 57 25 7 133 255 255 47 161 180 70 194 76 52
    255 219 36 11 108 255 236 255 0 147 255 100 252 169 255 0 0 0 34 18
    3 255 255 164 135 74 99 254 0 219 87 66 145 162 116 50 255 184 186
    127 1 102 77 184 222 255 62 235 125 0 177 255 113 0 134 1 187 24 89
    55 0 69 255 0 0 104 1 0 83 63 45 0 255 48 0 255 0 0 0 0 121 2 20 123
    182 141 0 0 168 65 0 157 21 248 0 249 0 117 255 62 0 0 255 255 0 228
    0 136 0 110 255 48 0 138 28 160 0 199 84 89 171 233 80 226 255 0 35
    235 0 0 0 199 96 0 120 255 119 0 112 51 165 83 255 0 164 117 179 0
    50 194 255 0 255 166 255 0 252 0 74 77 231 255 140 255 184 202 0 148
    0 0 98 255 255 22 57 255 203 95 50 159 123 95 0 255 0 53 71 24 246
    255 255 199 255 176 181 177 124 30 156 143 116 186 68 72 0 123 255
    180 227 243 255 255 0 255 30 255 252 85 0 255 90 248 222 167 0 8 61
    0 179 220 0 255 255 60 150 125 201 255 252 6 0 0 71 23 0 106 255 0
    137 106 255 59 251 0 255 216 241 255 127 69 182 51 231 138 226 0 195
    0 125 0 117 0 175 0 0 150 163 4 101 189 178 255 147 188 255 0 33 239
    215 255 175 0 2 255 0 0 255 52 46 113 38 255 0 236 0 69 105 255 255
    255 163 112 143 26 202 91 203 239 124 0 255 163 0 255 255 50 12 38 0
    63 238 222 89 0 255 0 0 102 46 0 0 225 75 0 164 0 73 206 61 8 255 0
    217 196 185 12 105 16 222 0 205 201 16 255 134 255 154 0 255 102 233
    255 0 74 0 250 255 207 116 255 0 216 198 118 87 94 78 180 255 127
    205 0 0 224 90 246 169 21 220 0 176 146 25 0 221 0 255 242 241 169
    255 243 255 8 149 255 139 210 99 0 0 26 0 255 255 98 210 255 255 255
    222 0 255 36 102 175 35 196 255 84 241 0 255 255 108 243 111 97 255
    255 74 0 74 96 0 13 185 53 0 1 255 255 113 195 129 11 155 230 255
    196 43 86 49 149 0 0 235 0 0 255 16 0 255 255 101 16 0 119 0 115 0
    234 94 0 183 55 161 11 230 21 0 245 93 0 246 1 199 49 183 0 73 57
    225 255 0 201 188 0 214 113 210 0 255 126 167 252 255 87 255 132 0
    251 199 0 0 255 0 255 67 0 152 0 0 247 9 156 161 0 255 0 255 102 0
    233 255 255 56 181 59 174 255 178 201 217 255 255 129 255 70 57 0 0
    29 135 90 119 0 255 11 133 199 0 255 255 205 212 119 0 196 0 255 255
    34 255 158 55 220 130 172 218 255 64 255 85 255 0 255 45 0 166 39
    255 0 198 223 255 0 59 153 255 212 187 111 33 41 28 255 0 255 94 17
    93 18 0 0 120 255 0 255 215 242 0 184 118 0 190 192 255 0 223 41 35
    255 64 246 255 164 255 0 24 0 0 255 114 149 255 0 6 255 1 255 67 177
    57 255 183 0 62 204 101 0 195 203 92 220 255 142 255 174 94 255 107
    241 17 99 127 0 153 255 0 0 192 0 209 255 170 29 95 208 180 255 121
    242 255 255 134 63 104 255 255 102 255 239 54 109 0 5 255 118 188
    255 106 196 6 255 255 175 255 0 10 10 255 169 105 0 5 19 0 0 2 0 4
    153 212 0 1 0 216 136 0 255 240 146 81 95 255 0 210 255 208 0 255 54
    255 201 136 6 116 7 100 0 209 53 255 0 147 183 245 250 255 255 255
    242 75 196 0 0 255 255 255 157 149 0 40 183 190 239 167 226 185 189
    68 170 255 0 213 138 215 56 92 255 42 239 39 110 196 149 1 255 131 0
    207 113 199 0 45 215 255 38 54 122 0 0 80 0 176 0 98 255 26 94 35 69
    79 0 46 0 255 255 245 11 193 255 140 54 0 74 255 68 0 125 255 134 29
    0 253 35 158 255 27 229 139 54 255 191 0 255 11 191 77 127 187 120 0
    147 33 78 0 0 0 236 25 168 255 255 139 197 233 0 104 16 50 32 0 50 0
    50 180 170 222 0 47 70 0 255 111 177 49 71 255 28 120 0 146 173 170
    255 0 34 255 112 33 134 255 222 0 38 52 205 65 0 254 0 221 158 222
    100 0 255 99 69 9 128 0 0 255 1 255 47 0 13 217 255 0 255 55 255 255
    255 85 0 0 118 103 196 210 238 0 81 67 230 69 159 104 194 177 47 24
    235 0 255 255 0 255 255 255 72 0 0 0 246 0 0 164 0 0 227 0 28 169 0
    89 0 109 162 0 218 134 187 35 220 255 0 177 119 134 255 0 255 171
    187 248 213 8 255 210 139 123 118 59 255 37 0 255 189 247 69 227 46
    255 176 105 87 165 207 255 8 255 20 255 29 255 34 155 255 114 255 53
    65 229 255 115 150 189 255 255 113 45 0 108 24 214 47 0 36 21 111 36
    255 255 0 8 64 0 81 30 0 255 255 176 8 0 255 204 71 254 153 24 255
    255 71 142 255 154 174 44 0 234 105 166 170 255 255 255 255 116 15
    255 241 227 0 73 60 1 88 20 214 46 186 255 130 170 90 0 40 81 255
    202 223 255 0 0 156 0 173 255 203 48 252 157 28 0 237 195 255 192
    158 255 255 51 87 45 227 45 75 84 48 195 132 0 219 255 44 110 0 0 25
    37 164 250 255 24 104 228 183 255 157 0 255 40 64 157 203 190 7 179
    255 255 0 17 0 255 251 0 255 0 51 161 255 27 0 154 255 0 0 40 4 130
    194 141 0 96 45 185 22 179 147 197 187 81 110 245 43 7 224 186 255
    201 90 255 255 17 255 217 235 255 28 146 247 255 32 127 175 74 255
    200 255 28 35 140 255 177 0 22 240 157 164 47 167 110 0 97 255 0 173
    255 97 75 0 95 4 72 43 255 0 166 104 126 54 37 255 96 223 21 255 246
    217 0 25 60 0 0 0 215 129 250 70 7 213 89 138 0 255 255 255 100 255
    230 126 72 54 46 194 165 25 125 255 255 141 231 95 153 64 32 217 0
    124 44 0 163 228 255 78 255 0 255 0 21 255 0 189 27 0 0 74 0 0 255
    29 221 155 71 185 255 23 38 255 118 0 43 135 255 0 120 117 0 255 199
    3 0 36 69 0 0 255 97 0 73 255 185 0 72 62 0 0 255 209 78 246 230 0 7
    2 113 37 208 0 111 0 134 35 136 0 42 255 154 251 243 246 122 18 17
    76 255 0 51 135 245 0 91 31 185 86 0 232 255 0 0 197 255 206 255 255
    198 213 229 138 204 181 103 53 37 104 207 175 0 211 193 255 127 166
    255 255 230 106 213 0 198 140 0 141 110 0 255 255 221 171 3 32 255 0
    186 47 27 255 90 227 236 154 47 0 0 14 67 107 84 61 0 104 255 0 255
    0 249 225 64 189 204 212 28 0 223 39 0 169 198 173 0 234 90 201 49
    255 29 212 139 118 255 255 0 0 86 42 145 0 252 159 218 208 52 177 0
    78 85 255 177 71 201 247 0 114 255 196 255 49 25 14 254 255 255 0
    100 0 84 0 207 153 34 255 253 77 255 122 120 0 241 249 0 231 255 84
    140 117 41 18 255 51 152 0 123 252 130 135 0 247 255 0 255 255 187
    212 179 41 249 0 209 0 221 238 20 223 255 245 109 0 255 190 223 255
    0 145 92 77 155 255 255 255 35 124 0 0 255 255 192 160 75 244 20 134
    0 255 229 156 255 202 112 49 152 246 255 110 85 232 141 0 0 134 38 0
    115 113 255 26 255 29 5 229 10 176 0 255 193 138 255 194 93 251 204
    126 76 255 62 0 0 255 194 181 255 68 255 69 68 0 0 213 206 101 223 0
    113 200 21 141 30 170 0 220 192 185 116 0 0 0 0 9 161 255 255 244
    255 93 171 63 0 119 28 0 83 237 238 66 10 99 28 35 161 31 0 109 183
    209 255 138 181 30 65 95 0 203 190 255 127 200 63 255 255 24 255 199
    178 131 17 184 89 70 126 12 255 111 100 0 38 63 0 56 103 123 179 17
    61 121 0 255 7 115 84 255 144 134 6 0 245 89 255 1 85 229 241 0 83
    195 230 255 64 0 0 255 255 19 103 102 191 224 0 5 215 57 0 255 153
    64 57 215 239 0 183 255 37 215 174 50 0 255 83 0 27 0 170 34 134 144
    226 255 0 204 255 0 255 255 130 138 219 185 245 45 76 130 66 147 143
    0 255 255 0 63 76 255 255 99 49 71 224 111 0 194 163 1 188 248 88
    255 255 255 255 255 224 130 147 255 93 255 117 255 88 0 0 96 65 206
    250 126 162 255 0 255 177 224 0 81 255 88 72 219 255 144 61 176 150
    57 142 255 255 148 41 7 0 255 255 72 206 132 255 190 191 0 255 0 0
    198 229 162 144 0 0 85 183 0 48 255 253 133 68 247 145 0 225 188 17
    204 69 255 0 142 237 0 250 79 255 220 218 118 234 255 185 255 255
    210 60 0 59 255 5 120 89 254 246 255 0 0 137 255 171 174 73 175 57
    217 140 255 27 199 92 47 120 255 254 31 255 0 157 0 170 235 33 255
    126 145 221 76 234 194 129 0 0 255 18 31 210 0 178 107 212 0 0 78 55
    243 57 0 0 68 86 0 203 132 255 0 255 152 47 187 253 255 105 0 149
    209 27 168 125 147 134 128 255 18 0 255 167 47 0 103 169 0 25 176 66
    68 255 0 207 150 0 203 116 0 83 54 255 255 198 5 223 255 0 179 169
    247 243 239 255 184 255 255 25 255 181 29 242 0 255 64 205 102 0 12
    255 255 17 198 255 39 0 160 255 130 75 255 87 134 180 255 255 216 26
    251 0 255 223 236 29 247 196 136 42 196 0 162 0 255 26 0 0 130 23 16
    0 102 125 60 242 72 0 19 0 135 241 64 42 219 5 255 255 207 255 255
    255 255 255 123 246 251 255 185 255 21 255 69 0 119 56 0 181 255 116
    0 219 61 0 255 133 0 176 11 247 3 117 132 0 117 0 255 0 248 150 75
    217 255 121 165 234 158 255 133 156 255 78 255 153 255 123 255 68
    255 0 134 116 13 53 184 182 103 253 0 147 235 0 0 255 109 84 255 0
    35 82 66 181 0 255 255 0 192 0 255 255 255 250 255 255 194 73 95 255
    255 160 198 236 253 255 149 251 249 27 26 38 138 255 255 62 136 0
    197 157 255 54 255 110 166 219 0 255 255 0 255 21 255 21 177 13 255
    221 73 247 82 171 68 85 246 135 0 193 0 30 0 0 0 104 0 205 111 255
    44 25 255 139 7 255 129 168 93 0 25 255 241 69 106 81 33 212 0 255 0
    0 0 0 182 23 0 74 178 255 230 188 13 243 238 255 255 255 1 241 255 0
    204 0 57 185 212 90 0 101 255 206 215 145 56 0 111 0 203 11 36 255
    84 95 15 53 196 185 0 87 152 255 139 208 0 105 145 255 0 0 228 132
    255 37 53 255 23 255 51 0 165 206 160 49 236 199 60 10 8 111 0 252
    255 184 94 35 166 0 255 118 255 0 255 230 88 248 56 0 255 157 212
    200 39 0 80 233 19 255 146 0 255 14 244 255 0 0 19 51 42 255 176 111
    0 51 6 238 117 157 186 255 255 210 255 61 210 194 73 255 46 0 179
    213 47 227 232 0 209 166 0 65 60 69 255 255 139 255 164 0 98 153 0
    143 26 148 0 107 0 140 255 75 27 55 96 0 0 149 255 199 203 0 35 15
    255 96 73 200 32 255 133 255 0 128 0 151 0 236 80 75 190 226 27 18
    52 146 255 132 203 70 0 0 58 120 255 255 100 255 120 76 73 64 16 0
    73 255 159 16 0 31 243 31 0 255 41 77 30 0 35 98 183 149 255 191 202
    212 255 0 164 15 187 0 255 19 255 239 255 123 91 87 255 0 60 141 0
    44 225 255 0 119 255 187 0 0 0 0 0 138 21 138 87 210 255 110 3 255
    212 255 61 128 79 116 255 13 54 44 192 0 235 110 12 0 255 255 202
    160 0 56 255 0 44 255 199 0 243 0 250 255 171 0 255 147 0 157 255
    225 223 171 117 0 161 37 255 183 81 59 0 17 255 111 0 255 0 0 255 0
    93 255 4 191 88 1 26 0 255 255 255 223 108 77 0 0 0 75 255 218 156 0
    233 101 0 249 172 46 166 201 138 255 255 162 0 61 208 0 0 239 0 0
    255 0 23 164 255 95 178 79 48 54 20 0 115 77 251 177 183 194 229 43
    133 85 79 127 22 0 58 193 0 255 8 250 0 255 0 128 37 255 0 0 144 8
    220 132 255 104 79 129 255 0 219 80 172 133 156 251 0 245 109 0 0 5
    202 52 194 48 146 255 159 164 255 115 1 128 255 204 62 144 117 183 0
    55 0 237 50 63 240 255 173 100 41 216 255 24 142 226 32 0 38 157 22
    0 255 40 0 62 208 32 120 51 30 133 255 254 170 32 33 244 55 0 200
    255 0 26 169 229 255 228 85 234 0 239 138 201 243 29 255 45 89 36 0
    110 235 0 45 0 255 247 0 5 255 0 255 0 243 176 102 155 166 209 74
    149 105 255 191 39 178 255 255 0 41 255 0 182 96 255 0 228 18 53 0
    180 207 64 255 0 234 0 80 255 255 255 0 255 104 81 156 60 0 255 20
    78 212 50 199 191 149 158 236 255 30 142 255 0 62 255 167 139 140
    255 255 255 0 233 124 0 255 226 192 223 255 255 255 0 0 10 43 78 219
    255 81 255 247 255 0 21 255 3 255 74 157 0 0 217 0 5 0 255 0 104 255
    211 255 23 255 242 63 205 74 255 255 204 102 3 155 255 218 213 176 0
    186 78 51 88 63 0 100 255 14 158 249 255 193 64 255 14 0 243 107 174
    80 0 255 187 0 246 254 227 113 173 99 154 154 63 9 0 255 255 22 0
    200 0 187 95 255 112 49 204 77 10 112 0 141 69 244 126 162 146 181 0
    255 255 102 222 30 162 159 255 240 14 255 225 227 47 0 227 0 255 192
    211 255 139 255 205 222 172 174 116 11 109 84 139 97 188 35 0 106 0
    91 0 234 61 0 0 95 205 215 188 154 0 255 181 255 184 0 255 0 110 212
    255 76 255 150 4 220 22 0 134 255 34 208 255 109 27 95 0 176 0 0 2
    171 191 90 225 249 73 55 255 139 255 19 255 240 255 0 92 23 0 0 53
    99 133 231 102 138 255 170 244 255 121 64 255 153 0 190 255 255 255
    51 253 197 213 0 0 252 0 255 255 0 255 180 214 30 255 0 0 255 111 43
    91 214 0 255 7 90 172 100 77 236 0 21 91 190 255 0 219 191 92 255 29
    0 252 237 255 0 142 220 180 15 36 66 0 156 0 0 147 28 150 0 11 225
    160 169 254 0 255 255 140 0 226 0 230 137 0 255 28 255 245 161 142
    176 255 215 9 132 147 243 46 105 255 79 255 166 248 0 9 11 255 138
    202 0 8 255 255 0 255 255 255 0 0 134 255 0 49 132 229 112 255 56 59
    3 0 126 26 255 209 2 149 167 0 245 181 7 255 221 117 0 231 255 0 172
    109 139 5 255 107 0 9 255 60 255 0 127 0 11 127 66 156 0 0 255 0 7
    255 10 255 161 226 255 43 224 187 235 144 145 172 255 0 0 86 111 91
    255 31 61 105 83 255 255 101 255 82 134 0 0 140 0 200 0 0 141 0 255
    0 139 29 9 253 131 251 50 107 255 255 145 137 183 104 255 255 0 108
    177 255 27 255 53 255 247 124 255 223 206 88 208 163 209 255 227 255
    0 216 217 0 255 255 0 47 0 227 0 23 106 196 206 106 0 53 192 255 18
    220 255 170 238 49 0 0 79 255 131 0 216 169 116 0 228 0 86 0 124 214
    208 105 225 156 133 0 121 255 103 17 236 207 32 179 255 0 177 46 253
    255 213 64 0 58 40 152 96 0 144 255 193 207 255 0 153 162 249 20 255
    251 0 201 0 255 50 230 110 255 0 255 185 255 41 255 214 0 24 147 139
    101 255 79 103 190 0 0 96 92 255 198 146 142 233 255 199 0 39 125
    170 170 142 151 230 156 162 255 168 176 239 165 255 222 0 224 143
    255 255 0 63 178 255 150 40 255 0 255 60 0 122 229 75 255 167 255
    189 27 139 112 162 107 0 115 40 255 174 0 255 0 255 32 12 99 178 35
    123 126 154 0 255 51 0 11 140 22 79 255 197 255 196 162 165 0 48 159
    199 183 106 0 255 66 255 186 118 29 78 0 199 0 255 24 0 200 202 178
    0 255 255 114 60 0 220 100 194 255 0 23 65 165 74 223 255 254 39 48
    255 246 170 46 100 0 65 76 62 154 255 22 7 255 157 174 78 231 123 0
    85 224 255 153 112 0 251 255 150 231 255 255 184 88 255 255 144 192
    0 0 217 45 255 20 254 0 232 255 63 79 32 217 62 72 203 76 231 255
    255 81 71 10 37 145 130 70 61 0 43 0 15 255 167 255 194 194 210 255
    255 0 255 217 189 0 252 104 11 0 215 255 0 165 255 255 19 255 29 210
    102 67 182 164 255 255 0 158 117 127 0 185 60 0 253 11 0 243 246 248
    255 216 59 53 17 53 166 255 125 0 92 9 0 0 88 108 37 11 157 35 149
    241 60 255 108 104 160 232 255 132 87 255 227 255 6 140 132 151 182
    80 125 0 124 235 255 0 246 255 0 0 255 241 170 99 0 134 104 206 0
    100 0 32 84 79 255 60 105 176 120 130 0 50 177 187 201 140 151 0 0
    255 110 0 17 0 255 0 83 224 255 255 44 0 133 163 255 44 203 44 245 0
    221 255 255 241 255 175 64 205 0 187 0 255 0 0 236 142 26 0 44 163 0
    229 255 139 147 148 255 99 255 255 54 104 245 31 44 255 252 4 23 109
    255 255 78 16 251 26 235 117 255 60 85 165 0 24 0 255 94 99 18 184
    202 0 15 216 255 46 243 255 244 116 65 235 154 239 0 187 0 0 255 0 0
    150 251 15 193 255 214 0 14 102 214 255 0 0 202 0 200 78 203 154 255
    90 30 0 140 143 78 189 0 172 201 0 0 73 255 206 235 110 54 197 0 170
    229 255 0 200 255 54 22 133 159 172 167 0 127 255 0 0 0 25 255 255
    107 0 255 101 124 31 186 0 102 145 183 255 215 197 134 0 255 218 47
    193 0 255 244 0 43 0 0 183 161 58 198 255 20 202 50 125 71 0 146 243
    183 0 0 22 115 223 0 212 124 41 201 243 237 15 77 212 0 97 255 24 0
    255 54 255 255 255 128 80 255 0 255 0 120 95 255 255 156 42 255 0
    133 255 102 255 255 255 67 0 156 84 65 141 0 255 0 37 62 251 182 255
    160 59 255 113 0 255 66 1 255 173 0 137 1 0 0 200 255 0 186 0 0 76
    95 220 94 193 203 255 255 60 115 121 230 162 14 200 146 95 0 0 202
    255 26 0 255 160 137 255 127 255 218 89 76 167 195 134 42 225 47 31
    43 0 255 0 45 0 225 255 188 0 189 143 255 89 138 253 255 194 188 255
    25 175 212 164 66 150 167 16 0 177 56 0 242 22 184 165 255 0 193 0
    81 255 100 112 156 222 179 0 73 255 150 66 135 77 89 40 255 109 255
    37 5 0 230 89 255 255 252 87 255 255 29 220 211 254 0 2 0 110 104
    255 0 242 255 115 196 0 157 255 244 63 162 240 246 64 155 124 0 0 0
    203 103 0 255 16 0 185 220 255 67 0 239 163 192 59 164 225 0 0 0 234
    0 0 196 28 226 24 254 246 88 138 248 113 255 0 0 32 0 83 66 126 67
    107 184 96 88 0 204 0 255 53 255 255 255 193 209 184 92 237 154 0 0
    129 0 191 0 111 0 255 255 255 112 111 0 25 141 236 74 32 0 2 138 255
    0 170 202 107 12 255 255 176 61 0 51 217 137 210 171 255 0 255 122
    51 111 0 26 0 0 201 0 255 3 33 255 255 244 117 18 152 156 120 212 0
    207 0 188 63 124 229 255 0 19 4 0 209 0 241 152 0 25 255 255 0 180
    106 0 199 47 39 114 112 255 144 162 15 188 255 0 255 169 0 0 77 154
    0 21 223 105 70 167 142 255 5 118 192 215 30 255 255 24 0 228 165
    118 53 0 52 0 255 212 4 242 31 67 224 166 0 77 6 0 255 45 0 172 180
    255 116 118 0 255 255 1 59 255 0 212 81 127 89 0 39 235 91 47 205
    112 255 0 211 40 0 19 117 71 155 255 255 0 152 202 93 0 118 250 85
    87 0 255 231 200 108 255 62 255 185 0 77 205 130 13 0 255 255 9 73
    104 238 255 119 0 151 71 63 149 81 0 0 144 0 70 166 0 212 255 0 255
    176 49 67 76 239 176 0 221 237 213 42 0 0 239 202 0 255 192 129 255
    208 196 0 101 144 15 129 201 255 224 0 234 255 177 255 71 118 255
    103 64 0 134 0 106 134 100 86 180 27 214 255 137 166 240 186 101 28
    255 255 0 0 125 0 116 0 0 255 0 255 216 255 255 255 0 0 49 148 252
    85 223 35 155 43 255 255 69 166 96 255 255 1 255 50 0 0 67 243 0 168
    152 234 255 0 68 157 175 0 173 236 18 75 0 143 230 0 40 97 0 0 0 85
    71 230 148 9 246 151 225 255 96 255 255 0 240 178 132 0 176 0 227 69
    244 213 255 0 75 0 87 141 98 41 238 255 243 204 41 0 237 79 62 229
    255 255 0 255 175 0 14 0 255 255 44 73 255 255 228 190 0 48 255 0 87
    0 255 224 8 128 226 101 255 155 36 135 0 255 77 188 0 58 115 0 4 255
    132 0 222 50 32 160 41 96 92 0 237 255 16 0 149 202 101 241 121 132
    255 150 90 199 196 211 159 255 23 83 255 0 144 71 0 106 188 80 255
    155 155 0 255 43 138 198 255 11 255 138 180 252 254 44 0 134 255 141
    252 0 0 0 0 188 222 19 255 245 197 255 255 185 255 195 43 255 191 81
    230 0 179 123 137 0 255 255 149 0 69 255 183 0 254 0 185 255 0 96
    207 26 39 142 245 27 255 39 0 255 0 255 100 255 100 114 0 199 0 0
    114 48 255 255 82 255 253 52 203 78 192 0 0 215 134 246 188 52 255
    56 66 7 255 0 177 40 255 193 0 198 0 255 110 208 89 0 255 0 0 3 128
    224 255 0 59 103 120 33 184 228 0 155 187 105 0 224 0 0 0 248 125 43
    16 5 156 72 255 169 103 0 146 255 153 199 255 255 44 40 134 96 31
    214 69 205 16 255 178 0 255 218 0 157 255 80 145 9 255 153 124 0 44
    185 116 0 99 255 0 0 60 0 115 210 255 147 0 154 0 0 223 187 0 255
    255 123 143 107 187 0 60 38 160 255 116 251 123 31 64 229 60 93 66 0
    154 255 0 38 86 132 244 231 158 255 131 255 255 255 241 255 0 0 254
    201 18 118 246 255 0 22 62 158 0 178 192 255 255 0 255 0 0 255 137
    168 255 255 212 130 255 228 237 255 55 93 99 0 59 130 7 140 45 0 14
    255 145 71 42 155 255 0 41 0 255 255 117 255 142 194 255 204 14 129
    180 150 0 0 50 83 81 178 27 91 255 255 111 255 136 14 152 255 21 14
    0 71 249 0 255 255 255 4 255 0 118 175 18 0 255 109 0 30 183 226 43
    91 0 203 192 205 255 0 121 22 255 255 0 33 255 152 210 222 54 201 0
    253 0 94 217 37 255 226 33 0 59 239 226 77 255 0 33 67 214 0 255 255
    120 255 248 191 0 0 0 255 255 0 45 194 235 110 255 92 30 71 255 255
    255 1 79 255 8 188 232 138 0 103 167 255 255 16 0 234 205 239 79 0
    255 255 255 215 0 61 179 28 0 255 0 81 0 189 187 0 126 25 64 255 255
    255 68 25 255 116 153 0 0 133 224 62 116 255 157 100 182 255 41 52
    161 0 255 0 198 177 192 174 201 255 160 15 223 0 7 117 224 138 84
    111 0 255 180 38 255 255 0 198 15 145 88 0 0 255 147 0 3 127 0 225
    18 24 255 106 0 216 85 0 70 187 255 178 139 94 42 35 146 0 0 0 110 4
    9 120 0 255 119 0 48 228 117 100 0 255 200 210 131 232 244 112 188
    255 0 238 255 12 16 202 25 255 82 238 222 198 128 0 0 145 209 189
    152 255 255 144 140 125 35 160 247 237 0 0 191 255 255 144 226 87
    147 30 173 59 198 3 91 197 255 19 169 0 255 66 24 255 0 255 50 233
    97 71 87 0 101 255 143 200 23 148 188 255 0 255 255 0 0 255 255 103
    255 59 0 255 195 255 255 255 255 142 0 255 49 255 175 0 94 33 113
    255 246 160 74 131 209 227 0 0 167 87 175 0 130 45 120 0 0 91 215
    119 255 203 143 39 255 116 206 72 0 60 122 255 193 133 64 177 255
    255 197 0 0 255 0 93 255 242 11 170 68 4 245 113 40 255 129 255 105
    0 61 47 255 118 255 0 255 255 145 0 0 117 179 255 0 216 95 0 243 253
    34 0 255 255 231 255 94 136 0 255 255 106 255 32 91 224 168 242 19
    255 77 0 0 255 255 110 3 222 255 60 165 146 4 216 138 38 201 254 255
    0 203 254 73 120 255 0 255 188 0 117 41 159 67 0 255 255 5 0 31 52 0
    16 255 255 115 0 20 0 143 255 11 121 91 255 0 0 255 0 79 245 0 0 239
    255 144 16 0 144 221 0 0 255 195 255 71 239 119 130 58 231 63 251 69
    0 234 232 63 255 0 255 189 145 177 62 0 116 0 22 42 255 226 131 12 0
    217 145 79 232 59 4 142 192 255 255 115 255 255 143 255 40 248 255
    15 222 224 109 0 43 131 146 4 82 155 23 132 255 255 255 0 255 0 44 0
    41 255 0 78 125 252 0 255 255 98 0 0 84 164 187 0 5 113 12 0 255 82
    0 26 253 0 162 0 224 103 0 62 35 23 213 36 178 94 253 255 0 0 145 0
    238 0 124 42 21 0 167 91 255 88 255 0 58 255 0 201 255 0 0 255 110
    161 255 72 213 106 50 255 88 162 255 141 180 130 255 176 202 0 150
    183 255 0 89 197 0 208 255 0 120 0 170 223 255 0 197 91 237 140 251
    213 182 205 255 32 0 186 222 22 174 187 0 128 249 255 170 21 0 255
    255 255 73 28 255 97 255 162 255 229 52 63 175 38 64 66 147 255 180
    158 39 255 255 181 163 255 255 227 255 255 0 68 42 200 255 87 150
    211 0 255 255 0 46 150 131 217 172 255 101 0 255 18 0 24 160 0 77
    206 236 136 198 160 0 255 0 0 255 169 255 0 245 15 82 5 219 34 241
    127 26 81 0 88 0 255 82 153 97 210 101 200 242 255 75 146 211 73 0
    255 0 223 50 0 255 48 206 193 90 212 208 255 111 128 144 138 0 162
    65 41 217 40 255 255 0 37 19 0 255 255 133 40 104 255 185 87 89 0 14
    0 185 212 255 255 93 53 136 72 255 138 76 17 252 60 0 255 255 218
    255 68 69 163 255 169 253 14 42 0 0 198 126 52 0 132 43 65 187 74
    255 255 117 203 255 0 224 0 255 144 10 106 255 116 65 255 255 188 0
    57 216 255 0 0 226 0 235 213 47 255 65 146 0 3 22 82 176 218 255 129
    5 148 162 182 255 232 19 202 175 31 255 39 255 40 0 40 75 156 127 16
    123 118 193 219 0 210 255 239 17 153 140 2 177 255 46 242 186 155 76
    179 131 0 154 224 189 185 119 178 0 0 255 255 255 133 130 217 120
    255 113 255 0 106 255 0 0 255 190 37 255 98 114 126 0 178 0 19 222
    124 121 255 51 77 0 248 0 125 175 121 66 0 0 205 100 204 236 218 104
    135 0 68 232 220 0 37 165 167 255 0 0 251 0 206 195 159 64 53 84 0
    126 255 146 209 0 43 249 106 255 192 106 8 255 255 0 71 134 255 255
    124 199 188 149 255 50 255 255 210 85 230 113 0 154 0 173 85 0 0 251
    42 35 137 121 163 109 0 76 133 0 139 0 0 229 255 90 175 242 178 23
    61 48 248 61 255 0 204 255 145 250 173 129 93 27 17 169 48 255 80
    190 4 255 255 161 100 255 218 98 0 0 72 0 111 129 255 248 255 241
    180 227 0 255 147 110 255 3 129 211 182 112 237 0 84 49 0 25 72 147
    255 0 172 85 255 108 192 0 152 14 50 75 209 170 101 70 207 243 255
    255 2 209 11 5 102 255 215 253 82 205 226 158 126 0 95 0 58 186 0
    255 255 221 147 22 255 0 0 120 210 255 255 45 222 83 255 25 116 227
    0 205 0 236 81 98 214 27 0 143 194 157 70 112 74 156 159 255 255 0
    40 207 91 30 78 182 255 70 227 81 221 179 175 143 255 41 158 218 255
    0 119 44 96 255 13 151 255 31 0 101 105 126 255 255 119 114 85 242
    67 255 116 27 164 255 78 35 255 0 0 255 0 255 254 136 177 59 246 62
    5 25 0 255 248 92 255 0 215 255 12 255 0 206 213 204 230 189 64 123
    0 255 84 47 255 231 64 6 255 200 19 102 64 0 63 247 0 255 23 168 37
    243 255 52 0 0 0 190 255 0 19 123 180 26 0 236 0 0 44 95 16 255 255
    67 63 132 0 0 255 255 0 110 0 178 62 143 209 103 0 72 255 146 255
    255 72 255 0 220 137 146 255 168 19 238 218 194 255 22 166 29 79 255
    225 151 142 146 255 149 0 158 73 0 255 243 115 230 255 145 255 0 125
    167 247 18 16 255 24 95 43 119 255 75 140 43 178 28 201 219 231 0 83
    241 62 0 210 162 219 169 87 168 44 238 113 0 22 255 84 40 222 0 236
    0 139 159 255 255 255 137 169 91 85 0 112 216 170 255 255 0 255 40 0
    179 255 83 0 0 255 78 255 255 255 200 0 0 0 53 249 17 255 255 155 39
    255 0 32 0 203 255 255 93 173 0 255 184 90 255 0 0 167 255 197 222
    70 0 80 0 0 232 203 150 255 15 22 0 224 27 133 221 255 124 0 129 144
    255 75 123 68 141 198 255 255 8 255 255 255 122 255 255 0 79 183 0 0
    255 255 0 0 0 255 19 0 172 255 0 0 249 255 157 38 28 60 0 0 255 203
    255 232 225 0 128 113 0 255 73 126 255 255 33 192 0 145 14 60 255 85
    0 86 0 74 95 0 169 0 132 181 227 170 0 177 255 84 255 190 100 174 9
    49 0 138 138 197 255 65 110 0 163 97 212 0 44 255 203 200 179 229
    255 155 176 244 118 118 119 174 40 255 0 130 12 242 0 218 58 236 0
    123 192 76 99 132 0 0 255 106 27 231 25 255 41 255 47 148 0 255 255
    0 255 149 67 0 0 200 110 0 255 8 255 138 85 7 122 237 199 217 0 18
    255 255 255 255 217 0 6 110 0 106 226 255 39 255 231 255 0 0 244 168
    134 0 255 181 255 188 255 225 173 56 246 159 0 248 66 195 0 194 51
    255 0 0 255 122 67 59 0 0 103 255 255 237 255 7 216 0 225 179 0 155
    57 25 255 101 182 116 0 255 0 6 132 126 255 255 24 15 255 255 0 30
    126 97 23 0 51 191 20 0 0 130 255 16 255 84 255 197 187 255 255 255
    97 238 240 74 173 0 0 57 217 102 232 0 255 132 99 243 255 136 41 58
    255 36 173 255 201 79 255 100 0 214 35 41 180 255 0 255 255 0 0 81
    97 0 7 186 224 0 0 118 0 255 0 68 255 188 0 7 88 169 0 199 0 255 96
    255 0 255 198 255 255 20 213 255 180 128 253 0 255 216 126 255 255
    187 255 17 55 124 255 74 144 0 68 0 0 135 135 72 0 125 27 158 0 110
    112 239 0 0 255 0 0 40 0 98 2 3 0 255 0 90 255 170 255 42 0 151 222
    148 208 244 159 152 128 0 70 121 100 0 11 0 189 130 251 237 255 172
    7 0 0 255 0 142 255 181 138 139 140 0 57 141 187 255 146 160 0 68
    255 82 105 0 193 255 150 0 0 109 150 0 202 255 0 39 176 255 0 71 255
    0 103 69 0 5 255 0 255 117 0 34 106 107 0 191 36 100 199 81 255 0 0
    208 0 21 214 142 21 0 255 255 121 255 92 255 176 255 186 82 255 0 0
    244 42 246 255 0 217 0 229 255 0 51 31 255 144 198 141 255 255 154
    181 124 181 158 0 0 0 28 238 17 241 255 131 84 0 159 137 255 255 0
    110 255 0 67 0 255 0 246 0 37 222 0 0 0 0 142 217 88 228 188 255 255
    26 207 158 189 0 0 255 54 55 255 0 116 0 103 113 200 104 104 23 255
    105 255 40 255 216 6 0 75 0 141 246 223 255 181 255 211 255 78 233
    149 0 255 42 0 255 109 255 0 0 170 67 104 202 123 195 255 86 244 255
    187 13 0 16 0 145 151 119 200 0 20 145 150 0 255 26 255 255 0 234 0
    118 142 255 255 67 91 160 119 253 0 32 74 15 0 125 127 177 144 188
    63 0 81 76 136 235 111 237 239 88 255 185 4 255 0 28 174 38 95 63 20
    226 86 0 115 200 199 132 0 123 49 243 0 114 165 160 234 0 36 251 8 0
    216 0 0 51 69 0 123 255 207 246 227 255 35 0 203 115 159 231 180 0 9
    0 0 255 232 0 18 27 222 233 0 0 255 139 206 0 255 0 0 21 95 0 0 255
    1 1 125 255 255 0 255 117 35 217 102 223 203 85 255 58 255 168 63
    255 0 211 21 0 0 0 0 254 0 54 17 0 255 121 73 221 114 44 217 90 189
    94 0 0 255 0 86 17 216 0 0 143 246 0 115 1 46 0 255 48 0 233 255 249
    203 157 13 255 217 40 84 0 0 255 78 205 220 255 0 255 52 255 255 0
    57 0 211 98 27 117 245 0 92 209 0 255 255 0 87 40 0 62 255 105 0 179
    0 215 243 209 105 255 9 113 186 166 33 0 126 239 102 255 180 60 255
    190 213 255 1 0 255 255 255 0 239 247 224 54 30 146 72 54 0 22 252 0
    186 43 197 0 255 150 0 189 73 0 170 255 194 30 226 255 217 132 255
    255 97 0 218 255 195 17 66 0 163 135 150 255 245 234 179 0 255 190
    10 0 255 163 104 148 255 102 62 236 0 0 213 0 225 0 144 167 64 31 79
    169 0 255 233 9 0 83 255 101 32 239 140 255 255 114 99 185 74 193
    165 49 0 0 81 255 0 161 140 255 255 194 255 95 0 40 19 227 0 101 102
    90 255 0 255 0 255 149 255 255 63 255 0 0 255 0 219 13 255 220 0 122
    255 179 117 255 27 80 255 255 252 15 160 0 12 132 231 255 255 0 49 0
    140 0 200 255 22 46 0 73 255 179 248 0 0 255 0 219 0 0 49 0 0 14 255
    255 166 255 229 0 111 92 97 56 75 0 21 80 165 171 124 194 255 185 19
    0 48 123 255 0 135 233 255 92 12 255 255 75 245 109 18 33 160 225 60
    39 150 255 255 128 255 248 164 191 166 0 252 20 70 38 171 255 99 198
    167 17 68 0 99 216 255 50 84 255 0 74 0 3 48 94 99 78 127 255 52 0
    137 43 238 255 205 209 142 174 70 0 230 0 255 155 201 161 89 0 51 56
    244 119 255 255 129 0 0 255 88 255 98 161 255 255 95 255 41 127 255
    255 131 30 255 78 223 182 255 165 61 10 0 0 255 136 0 10 151 178 0
    23 34 167 255 41 89 105 209 243 9 192 0 145 0 123 13 62 0 255 254
    255 0 33 255 178 255 255 255 51 255 255 46 0 97 0 159 255 246 147 53
    103 218 255 17 82 211 137 189 255 137 45 97 102 255 65 71 91 155 182
    237 236 255 0 0 150 0 157 255 79 209 116 253 37 251 245 186 10 143
    200 255 0 15 211 10 0 131 226 146 255 136 106 243 149 255 0 250 79
    38 150 113 0 223 131 172 48 0 81 251 128 6 0 1 183 0 0 31 104 255 23
    216 76 66 0 24 0 0 175 255 255 0 187 67 244 239 255 255 66 252 1 0
    93 255 222 73 42 30 0 193 0 0 6 255 58 106 255 0 255 255 228 255 0
    104 53 15 216 255 124 255 33 160 30 132 244 175 216 255 146 193 0 62
    255 232 229 255 0 255 247 255 0 255 223 118 175 251 50 255 0 255 54
    0 0 0 22 255 255 255 214 121 0 9 255 116 112 201 249 255 80 255 0
    200 73 58 0 107 227 86 127 127 255 58 59 124 39 15 198 241 44 28 252
    135 100 36 221 255 0 189 0 117 167 187 153 191 239 255 85 84 110 0
    66 255 199 33 104 255 231 0 84 12 167 51 247 0 155 173 57 107 134
    195 255 33 13 173 255 213 0 88 0 237 60 178 140 217 202 91 0 0 100
    161 7 88 44 198 98 37 33 2 0 215 59 255 0 178 135 171 66 255 46 0
    255 25 202 0 186 233 178 219 145 82 214 255 21 255 75 235 165 0 0
    212 92 219 27 215 118 0 5 0 41 105 255 255 85 224 82 87 0 49 160 205
    247 39 203 126 64 102 192 0 255 255 224 255 113 133 180 243 0 29 213
    236 242 75 255 230 255 253 74 51 78 255 19 0 154 49 255 0 0 0 47 255
    38 199 172 245 0 240 136 51 124 124 21 252 0 112 196 0 255 125 84
    255 255 255 101 58 184 40 206 174 104 144 255 234 16 0 111 75 45 172
    77 112 78 255 160 17 136 255 67 0 174 0 12 0 253 99 255 62 255 66 26
    255 255 123 49 255 255 0 169 255 0 171 255 56 66 173 86 188 44 47 82
    255 255 0 183 158 166 17 146 181 0 156 108 34 62 118 214 126 63 231
    13 57 0 46 220 213 0 116 99 186 6 52 115 255 0 115 11 232 230 229 0
    244 122 117 157 45 238 0 119 92 255 139 0 171 27 144 255 0 180 0 0
    176 255 116 255 0 118 255 0 8 0 180 255 0 98 90 163 255 104 0 38 255
    232 0 0 65 0 202 157 255 60 255 218 207 239 125 244 255 0 216 114 0
    182 138 0 255 241 255 55 0 194 255 0 175 116 215 255 225 162 0 0 167
    255 62 9 97 0 0 188 134 0 179 0 109 81 1 167 135 209 111 0 25 19 244
    118 236 164 108 189 84 141 80 0 239 251 0 61 152 108 255 255 76 255
    242 24 255 225 89 201 25 0 195 255 113 0 243 255 0 36 23 65 82 102
    137 0 63 204 130 0 122 255 0 255 247 99 115 255 116 181 166 70 64 35
    0 0 249 255 54 14 255 0 177 42 192 212 148 0 180 0 238 54 89 0 246
    58 0 36 252 93 199 255 34 231 163 255 173 0 87 255 122 191 241 54
    133 49 153 7 170 255 199 30 63 106 0 42 102 73 179 0 255 63 255 0 0
    39 78 119 13 255 93 255 138 130 21 0 255 129 16 0 6 26 0 0 0 255 93
    255 57 200 161 136 0 75 137 115 179 1 34 139 160 0 0 79 14 145 113
    11 255 107 104 24 255 21 0 235 186 0 255 133 166 202 204 255 255 255
    74 105 92 135 176 94 7 255 251 239 233 255 164 255 255 187 255 0 255
    222 0 249 0 255 0 0 229 49 0 9 0 140 255 16 118 0 118 179 255 0 151
    255 255 255 255 180 241 0 255 124 0 72 88 0 105 255 224 91 205 0 255
    0 255 255 84 64 62 0 0 255 255 48 0 255 0 255 224 246 74 164 255 255
    7 8 36 197 240 174 95 143 70 0 115 75 74 70 151 0 71 255 28 193 125
    255 255 9 192 255 151 81 255 30 16 126 13 255 79 255 21 83 17 53 8
    255 180 88 255 0 0 0 167 111 0 169 168 176 0 231 57 193 126 206 48
    149 255 64 255 38 124 109 134 0 56 255 51 112 203 136 217 0 255 20
    85 239 195 2 196 148 107 255 0 34 255 108 255 0 47 255 0 198 0 104
    118 255 255 0 85 255 120 255 92 72 189 0 193 102 92 48 147 66 0 0
    241 255 0 85 164 248 174 0 48 0 146 172 0 255 64 111 39 86 255 68 0
    80 0 0 197 255 235 99 47 162 144 32 72 250 183 223 164 189 50 0 255
    148 214 222 194 255 0 207 255 217 255 255 164 255 97 147 254 0 255
    54 240 220 255 0 255 84 255 123 255 255 47 0 123 0 220 5 138 161 107
    91 255 175 75 0 255 137 0 76 159 0 139 154 0 223 130 255 65 0 255
    255 0 192 255 6 155 255 0 255 191 255 0 0 255 221 208 255 25 63 51
    89 0 22 255 255 254 135 170 255 123 0 239 59 96 93 229 255 198 0 216
    231 184 226 255 244 255 158 222 0 0 53 63 4 255 0 216 60 255 0 152
    234 13 255 153 0 180 227 167 68 184 217 166 9 255 0 0 233 0 255 126
    17 109 251 35 0 141 50 222 176 156 109 110 213 60 148 0 21 0 0 255
    10 18 255 148 255 255 168 17 0 80 204 0 26 91 0 0 215 199 103 54 231
    88 93 166 77 255 146 169 176 11 101 0 255 0 129 146 82 220 243 164
    42 246 255 255 111 0 146 114 0 187 141 0 0 0 0 0 14 0 94 255 132 234
    108 29 63 255 54 255 255 255 78 0 0 48 108 255 255 255 133 160 78
    215 255 83 207 255 0 255 223 163 0 210 255 42 240 72 222 1 255 189
    211 154 0 178 49 255 73 255 215 31 255 243 222 255 60 200 249 246
    209 170 255 193 242 88 240 255 0 172 0 83 43 255 142 84 224 219 255
    231 109 255 0 0 112 118 0 11 227 255 61 15 223 0 0 2 34 79 255 255
    255 23 58 0 255 0 87 14 128 255 255 41 152 151 218 255 225 0 112 183
    96 74 178 199 155 205 202 34 161 148 255 24 255 24 0 0 0 119 255 0
    223 101 163 141 97 27 255 172 0 152 13 245 169 213 255 113 255 2 137
    81 11 0 85 25 228 153 125 199 0 42 150 94 136 58 80 0 40 126 1 79 51
    5 0 107 24 222 62 251 219 97 8 83 70 100 201 164 185 208 150 209 132
    0 149 174 65 82 23 53 126 198 255 183 236 210 255 42 0 0 255 55 148
    122 255 0 176 55 100 152 255 3 210 163 255 255 191 0 255 143 255 255
    0 0 0 7 224 163 0 5 178 64 219 170 73 40 152 25 33 0 82 201 255 169
    255 45 138 255 0 255 49 0 70 0 255 255 184 128 255 176 0 255 255 56
    227 255 233 255 145 255 255 0 255 139 168 210 255 159 0 78 67 229 50
    255 171 107 249 50 161 0 9 18 156 0 243 209 33 208 220 0 75 0 142
    196 0 30 255 6 168 47 181 0 255 8 255 0 173 202 229 255 150 49 24 82
    73 69 255 255 255 47 0 170 208 245 24 83 10 229 179 157 5 46 187 186
    0 0 255 0 210 176 178 59 0 0 210 106 255 120 0 0 247 186 0 138 120
    21 234 255 255 107 7 255 255 115 179 72 0 51 0 225 171 0 239 223 180
    201 252 0 198 255 0 20 132 47 255 144 159 0 111 55 208 164 0 170 255
    187 219 255 221 5 218 255 0 19 226 170 103 255 168 0 213 255 0 84
    227 154 255 61 89 14 0 203 186 109 255 255 173 43 97 255 35 17 0 190
    118 207 126 130 17 162 0 194 66 133 160 192 55 41 96 97 101 255 61
    255 255 255 113 7 47 121 255 0 0 255 0 0 250 189 196 255 251 131 81
    117 0 59 85 126 120 86 251 244 0 255 255 56 192 255 203 42 0 255 109
    180 242 14 240 71 252 140 0 255 0 220 3 82 68 255 254 196 0 93 0 131
    255 0 0 12 0 0 0 0 0 0 155 255 132 255 89 0 255 0 230 232 86 89 88 0
    174 0 0 37 100 158 137 0 0 125 253 8 77 183 129 0 92 255 25 255 0
    158 96 0 159 250 255 49 142 147 255 0 240 39 69 0 255 0 40 0 240 0
    242 255 31 25 165 255 51 36 59 0 255 0 228 98 86 38 171 201 59 140
    28 0 158 165 255 99 252 31 0 255 68 255 84 228 90 100 210 255 97 187
    30 217 237 156 0 255 47 110 0 24 113 255 211 154 110 255 228 7 210
    255 0 209 59 29 19 0 11 207 192 187 129 255 60 142 68 230 72 130 186
    232 30 0 42 188 255 90 40 255 255 255 182 0 191 78 147 210 155 60
    134 1 255 255 255 6 191 255 102 255 209 201 150 248 255 65 200 2 115
    123 147 255 255 130 248 194 195 23 0 255 106 103 24 0 0 52 222 222
    169 48 134 16 0 255 24 1 255 182 103 16 171 0 41 255 0 135 0 0 248
    72 0 0 255 168 250 116 102 248 34 0 0 116 37 0 0 0 0 255 57 0 255
    206 162 255 0 156 255 106 230 255 255 220 224 73 73 191 42 60 249 0
    197 255 0 124 110 255 0 0 133 255 245 0 215 255 43 50 0 152 65 222
    217 67 25 0 46 249 241 149 54 0 126 81 255 115 250 0 48 31 32 179 0
    255 25 93 0 79 255 29 166 230 207 255 253 111 255 255 212 63 139 241
    95 112 244 255 240 239 162 0 142 255 125 255 97 255 255 0 73 168 149
    0 255 6 152 184 219 29 0 255 246 88 124 0 255 0 0 87 118 255 69 255
    205 42 31 227 219 12 0 25 0 255 159 91 255 255 241 21 53 19 218 139
    146 2 117 51 22 193 21 132 225 168 194 255 0 153 79 252 0 255 255 46
    71 0 0 185 0 250 0 255 105 198 255 29 188 14 156 163 180 40 255 0
    255 129 0 200 67 255 188 255 211 2 224 207 181 255 0 255 255 0 202 0
    0 0 118 72 187 0 255 28 0 209 255 199 195 77 1 203 0 0 2 239 19 102
    0 241 155 0 179 152 175 138 137 143 255 100 0 240 157 0 23 172 104
    144 165 255 22 255 220 101 48 29 200 255 0 0 179 54 24 169 212 20 0
    36 179 255 179 197 212 228 195 255 141 105 242 0 0 66 3 179 255 146
    184 92 255 255 139 93 255 172 32 0 150 0 255 255 187 239 0 119 0 20
    56 49 100 47 0 0 53 0 66 168 255 99 57 140 0 188 164 187 16 255 107
    95 255 183 178 34 0 226 0 0 42 173 2 202 108 77 0 255 243 0 0 0 195
    149 80 140 66 155 4 255 0 144 80 0 242 252 150 32 255 149 113 0 113
    37 0 255 0 12 51 0 255 255 255 143 255 212 6 0 12 255 94 255 74 39
    255 0 10 119 61 203 157 245 241 243 148 179 20 48 134 255 162 3 176
    0 163 255 243 174 20 255 4 0 212 0 122 240 231 75 89 255 200 165 0
    255 142 145 0 99 198 0 255 22 59 255 0 85 223 0 255 148 236 47 24
    183 0 0 14 160 91 90 0 255 0 133 255 83 131 0 255 0 0 36 0 255 3 111
    206 255 0 255 224 211 29 255 64 87 80 0 255 63 86 6 179 87 0 22 50
    174 144 193 225 0 101 0 56 111 36 196 0 255 222 188 255 0 0 255 82
    70 176 0 0 144 216 255 22 255 235 0 245 185 58 3 70 255 113 106 198
    248 0 0 182 27 255 81 147 26 195 213 70 214 99 214 50 249 0 149 52 0
    156 0 239 231 209 255 159 214 255 255 255 255 32 216 255 144 158 87
    47 255 255 255 50 0 246 173 255 255 255 255 0 152 163 89 255 142 255
    0 255 255 0 81 80 233 255 0 255 141 38 161 98 228 30 113 182 188 27
    209 219 97 231 0 0 255 255 209 255 192 0 90 54 255 193 255 87 255
    255 186 107 28 26 152 84 1 54 0 91 31 0 100 0 0 158 255 0 70 45 255
    176 210 191 255 65 25 239 92 203 244 101 55 143 37 75 36 118 160 28
    121 0 0 234 71 133 255 235 0 10 35 0 111 248 107 0 11 84 225 122 55
    23 0 230 0 255 8 13 0 224 44 0 0 244 255 243 251 221 20 203 72 239 0
    255 255 193 64 111 255 23 171 232 112 161 8 108 211 0 0 255 99 208
    35 0 11 27 58 153 71 70 235 244 111 75 15 113 255 81 99 75 183 255
    75 203 180 87 129 191 255 255 235 202 19 255 99 0 255 0 190 133 0
    172 255 8 66 80 184 84 77 209 37 0 255 0 179 255 228 165 42 237 255
    227 158 255 52 132 152 142 0 0 59 0 224 255 58 255 60 198 223 92 255
    30 38 255 53 0 0 161 255 79 8 0 255 4 255 209 126 0 0 147 145 0 0
    158 239 198 71 212 35 102 255 0 136 161 255 27 9 255 255 84 243 146
    47 176 65 255 255 21 255 115 203 0 0 136 0 0 0 31 66 255 0 0 216 0 0
    246 0 255 155 35 93 0 36 16 0 55 148 0 97 255 0 186 255 107 0 170
    198 23 46 0 255 124 137 248 251 0 0 158 28 204 0 0 0 0 255 206 144
    255 92 255 198 255 238 17 79 156 189 132 25 100 245 255 133 255 0
    181 0 255 255 170 117 129 109 255 255 23 177 0 114 22 43 255 39 255
    124 40 200 130 117 0 90 0 0 147 255 150 61 71 50 236 91 121 255 255
    186 255 170 185 142 0 17 233 170 0 45 35 143 168 92 255 85 53 255 0
    58 144 78 115 0 222 223 170 20 164 194 125 0 255 249 255 0 0 155 0
    82 255 255 168 255 255 3 78 106 0 0 44 101 190 255 23 134 202 255
    170 73 141 255 73 72 153 98 255 153 91 72 0 0 67 225 46 56 119 238
    185 74 161 136 28 255 31 181 40 255 0 0 189 0 255 93 255 173 175 18
    19 255 167 51 255 0 0 0 146 165 17 0 255 0 242 22 171 255 236 0 67
    255 54 255 226 38 80 108 0 255 40 255 255 255 160 233 0 0 41 146 122
    149 149 233 255 187 146 22 132 191 115 255 206 32 0 177 0 141 255
    190 100 255 221 174 0 255 66 216 90 255 137 255 0 141 0 164 116 0
    112 0 216 0 221 21 227 64 209 255 221 65 255 63 255 146 206 108 53 0
    0 255 0 117 12 159 205 79 234 67 121 28 0 25 0 0 0 190 0 0 0 255 0
    255 0 78 178 203 0 208 226 0 255 239 39 85 255 99 0 255 241 117 0 65
    255 0 13 255 239 0 118 238 79 255 0 0 178 0 28 255 255 0 206 255 0
    43 210 249 197 108 255 255 0 22 255 234 0 0 98 90 83 46 118 0 255
    119 255 13 82 0 255 53 195 234 255 132 157 255 209 64 167 210 255
    119 0 109 137 0 158 79 209 0 255 98 255 89 173 80 255 0 28 0 188 255
    136 87 130 0 0 255 195 82 70 255 245 24 248 16 250 255 54 255 167 0
    222 49 255 0 255 127 183 254 78 255 205 124 33 66 255 25 30 139 45 0
    0 234 151 29 40 204 52 145 255 208 126 0 186 133 0 0 0 193 255 11
    240 175 181 244 170 243 178 132 0 255 216 96 218 0 255 0 59 222 209
    249 87 155 22 0 70 219 134 124 188 115 122 254 255 0 0 0 0 51 255
    196 0 134 111 255 0 0 245 0 0 4 93 241 255 87 130 7 43 59 0 164 79
    119 2 255 59 178 255 0 5 224 0 130 121 114 11 233 163 255 0 156 0
    172 206 149 0 0 0 100 255 3 28 255 0 114 255 152 59 1 118 199 0 172
    255 33 255 255 79 125 42 125 0 0 184 0 214 225 32 255 61 98 35 0 53
    16 163 0 0 156 255 69 232 0 0 32 0 185 255 228 224 23 201 255 255
    255 39 0 255 0 223 255 125 187 52 78 255 45 125 255 255 183 255 75 0
    139 0 120 192 0 255 145 197 137 255 190 12 255 125 215 116 255 255
    207 0 255 24 242 243 207 7 0 6 38 0 255 255 171 0 255 0 200 115 255
    255 16 155 0 224 166 141 0 0 236 49 187 255 39 124 19 62 255 167 217
    0 52 47 243 126 0 0 29 161 0 0 0 255 0 211 162 92 102 35 0 255 156
    163 246 249 136 135 123 0 92 0 222 0 115 181 127 0 148 76 75 104 17
    45 158 242 255 255 120 21 0 255 84 117 198 255 0 236 0 0 90 255 80
    209 255 0 20 255 192 6 126 255 141 129 230 106 0 80 190 255 99 0 26
    107 196 255 148 88 212 61 255 255 75 188 255 255 176 17 222 0 255 3
    255 255 255 187 101 124 234 238 0 21 186 28 47 166 73 235 255 252 82
    255 0 175 255 190 173 238 0 235 107 231 255 167 230 0 255 109 240 0
    255 86 255 255 0 234 97 0 74 124 254 195 17 173 5 255 255 187 255
    250 204 218 255 232 255 229 77 0 255 0 181 0 0 24 0 0 0 255 9 24 255
    119 167 118 172 255 0 255 153 255 144 255 255 219 35 94 225 0 0 255
    38 77 242 87 85 255 10 124 75 57 0 117 86 172 255 219 134 0 143 129
    152 255 0 18 0 0 91 106 197 0 63 142 181 77 0 255 73 0 172 255 0 5
    37 217 187 47 127 134 61 9 237 0 255 59 0 255 65 82 255 168 255 115
    144 255 157 81 131 70 255 216 0 56 255 29 255 90 0 31 0 255 0 117
    255 0 141 255 0 0 251 0 0 52 255 39 214 98 85 169 54 170 72 85 45 5
    7 141 255 255 255 255 228 226 132 91 255 255 200 114 173 3 157 117
    136 255 84 0 184 0 216 57 70 255 0 42 160 0 33 245 72 255 28 0 255
    254 255 255 209 113 0 255 134 0 104 35 66 240 0 36 0 0 206 74 212
    255 0 195 67 223 255 10 36 232 175 15 255 202 149 1 229 235 255 239
    255 130 161 22 94 173 164 225 240 66 129 255 255 224 108 242 255 255
    56 7 111 0 46 255 163 0 0 255 0 173 215 78 80 201 229 20 210 0 0 225
    128 11 255 255 255 217 200 189 0 0 0 0 193 197 255 255 32 166 18 73
    50 0 0 167 28 141 255 233 0 165 80 211 144 173 83 37 255 255 52 25
    192 242 182 0 49 248 241 224 227 150 162 0 13 0 103 182 0 234 0 255
    255 103 0 162 0 250 43 189 0 135 255 102 120 128 125 255 0 164 119
    231 194 181 255 0 147 255 0 188 167 184 227 255 80 193 255 255 174 5
    14 255 16 192 0 255 41 187 215 0 197 127 145 78 200 193 255 255 181
    0 61 255 0 50 255 54 237 255 212 203 6 205 25 179 0 142 2 40 0 171
    187 0 205 0 49 48 0 80 15 255 138 255 0 255 138 134 187 5 255 181 34
    0 0 255 0 74 200 19 18 0 51 46 91 255 114 113 255 255 255 196 142
    198 243 192 226 29 146 6 218 179 91 255 255 208 233 255 194 109 77
    80 0 68 255 0 200 0 0 235 255 52 255 59 247 0 84 0 228 255 169 0 221
    185 13 255 0 255 255 17 43 51 23 255 0 105 255 191 88 43 114 142 144
    148 86 172 238 7 235 198 68 189 0 51 41 255 250 187 186 183 255 19
    164 149 99 241 186 133 255 255 91 110 163 0 60 6 24 0 173 171 255
    255 142 255 149 0 255 255 0 156 42 0 204 255 255 129 255 8 41 138 14
    169 8 11 140 0 21 0 114 0 255 195 57 204 165 180 112 0 89 0 19 0 255
    135 180 255 104 255 255 172 123 245 0 255 255 196 253 0 150 255 165
    141 50 92 236 4 58 168 0 255 204 0 255 146 0 33 84 0 255 205 153 227
    0 174 119 0 225 0 211 50 85 187 62 255 230 255 171 244 255 243 67 67
    170 0 111 93 218 231 0 197 0 34 138 255 255 0 37 70 75 188 50 204 0
    176 180 241 0 255 125 221 86 206 243 222 187 127 114 255 109 0 158
    38 198 125 255 151 0 89 255 93 0 83 249 69 255 255 158 166 153 255 0
    166 120 35 201 182 0 225 0 255 254 201 197 168 255 255 0 0 158 227 0
    157 255 0 0 143 4 255 8 255 255 100 0 107 154 70 255 255 0 12 105 33
    11 0 255 255 50 42 36 0 32 255 179 0 255 124 59 206 160 177 83 255
    160 0 80 125 122 255 254 225 93 246 0 70 255 35 255 255 255 0 255 83
    52 0 255 44 121 20 59 0 0 156 107 167 60 21 75 208 44 4 37 5 255 170
    203 200 95 233 239 0 239 213 160 255 99 92 0 206 255 189 255 255 255
    225 0 119 247 12 75 70 255 249 107 240 255 188 183 255 37 182 218 0
    255 227 204 255 130 255 14 101 250 132 178 0 152 66 255 33 238 71
    196 255 234 16 255 138 0 173 100 82 255 255 255 225 167 0 22 223 0
    174 255 201 0 0 0 0 31 201 111 229 0 78 8 255 148 45 249 37 202 232
    164 0 255 28 42 251 255 129 110 0 108 0 0 0 164 255 241 243 4 0 186
    0 255 205 0 57 0 67 164 0 30 208 88 247 72 77 136 87 147 188 166 255
    24 255 62 201 57 0 68 0 152 6 145 33 150 255 255 191 96 4 163 196 42
    221 255 15 0 190 150 95 0 240 124 0 27 0 241 255 255 148 111 112 156
    255 255 117 151 70 255 255 0 255 47 129 210 129 0 255 42 28 177 0
    113 191 0 255 0 0 212 255 190 255 255 52 255 22 240 0 0 246 255 33
    255 255 255 10 113 164 197 0 42 0 255 239 255 130 152 255 78 255 141
    82 155 50 10 0 0 134 237 63 151 255 0 55 182 104 136 0 85 255 210 88
    227 227 134 181 92 0 122 255 246 132 214 225 0 233 215 255 255 134
    151 177 0 173 255 214 255 20 30 3 132 0 0 0 0 244 15 43 135 91 105
    145 45 155 209 38 255 136 253 255 178 0 0 222 255 255 0 255 227 243
    151 0 255 242 204 0 165 23 0 0 0 229 0 253 216 108 0 255 196 255 0
    24 225 0 252 63 50 0 255 0 57 0 145 255 255 124 31 219 0 138 128 0
    255 62 78 255 255 100 122 16 184 0 255 126 226 93 0 83 201 195 72
    255 227 240 162 4 9 132 52 172 168 0 0 255 31 27 60 50 0 225 35 107
    173 17 180 48 17 255 169 158 220 162 162 69 255 170 198 7 255 69 0
    100 200 0 19 45 72 0 69 0 0 40 0 40 18 0 225 9 255 255 113 99 112
    193 149 255 255 242 239 0 255 134 79 48 132 28 182 172 0 0 213 9 124
    255 139 60 0 161 53 17 176 0 0 255 37 49 106 150 134 212 255 255 160
    28 245 0 255 105 255 90 244 117 159 252 255 108 143 104 255 0 6 174
    70 50 161 0 90 147 109 0 34 253 0 116 255 255 204 0 0 20 0 226 186
    255 105 108 222 255 201 65 255 77 150 203 18 219 236 240 255 255 197
    55 187 141 76 1 0 0 161 37 0 240 85 204 60 0 255 17 222 109 0 0 220
    31 115 156 130 255 255 0 29 134 246 23 0 0 255 0 82 156 0 93 77 62
    66 248 11 56 255 117 0 26 0 29 0 167 203 0 80 0 138 159 206 45 81 0
    0 121 146 21 62 255 64 38 191 61 0 128 40 0 26 255 102 0 255 163 219
    187 255 252 0 12 0 255 110 0 189 255 170 0 255 228 0 142 69 255 174
    30 102 24 0 0 0 22 211 106 121 0 166 180 190 153 0 255 255 0 255 255
    42 244 238 108 0 47 65 58 255 182 0 186 232 255 252 0 0 0 40 255 255
    0 255 125 0 135 255 56 240 236 255 0 232 204 148 255 103 0 18 0 63
    165 142 0 0 255 255 245 221 0 158 175 225 130 255 223 56 83 188 148
    0 105 106 12 0 255 255 74 64 69 122 123 255 0 255 0 24 255 235 70 0
    76 194 255 214 255 0 0 192 230 135 0 255 152 81 34 255 24 255 34 119
    255 0 179 61 229 0 226 139 86 255 1 154 0 0 0 0 0 238 209 77 217 19
    255 94 0 218 255 112 71 0 9 129 54 192 120 0 57 255 150 212 255 144
    247 0 0 0 98 147 179 143 180 18 38 215 214 140 201 112 112 2 52 175
    255 0 51 202 14 255 255 28 255 135 162 0 239 0 198 0 102 0 222 255
    255 174 255 41 0 21 0 194 137 163 228 75 42 135 141 120 255 10 34 47
    159 78 94 152 0 225 99 230 242 0 0 0 255 160 0 105 104 0 255 255 0
    255 255 214 121 32 146 0 7 255 255 131 255 248 172 2 24 76 158 255 0
    34 2 233 152 3 0 255 175 255 96 96 255 0 152 255 170 196 0 22 201
    255 0 255 161 4 255 40 0 108 173 255 111 76 80 252 26 217 222 101
    156 27 201 173 255 229 118 255 153 163 22 125 214 68 211 174 29 0 0
    69 96 75 14 240 0 234 59 87 0 116 169 0 222 212 129 255 139 52 154
    36 0 147 0 0 0 248 32 104 255 162 255 198 12 0 68 9 0 164 255 115
    131 52 0 51 138 255 0 38 99 255 241 255 176 133 0 0 156 128 33 160
    154 26 187 24 223 36 90 0 202 255 58 13 49 220 212 255 150 0 0 0 255
    49 158 93 255 199 68 0 238 79 22 255 255 255 255 122 216 0 255 54
    150 177 72 255 0 193 255 182 255 0 199 126 36 60 93 72 100 23 224
    107 0 255 10 0 255 82 0 192 227 215 144 0 237 150 169 59 100 52 8
    255 86 0 255 152 0 78 175 0 42 52 255 0 255 180 0 0 149 79 255 255 0
    165 29 133 251 188 0 168 255 29 125 44 138 205 235 20 244 171 41 147
    176 0 7 146 71 255 0 12 26 255 80 48 218 208 0 220 205 56 251 255
    255 0 185 220 255 153 0 44 255 0 255 82 255 48 112 0 225 205 15 5 0
    159 24 13 63 39 255 255 255 51 149 188 255 255 163 247 128 206 0 117
    255 137 79 0 0 111 220 51 227 233 69 255 30 97 89 0 68 255 133 255
    255 0 182 154 0 79 255 90 0 255 0 69 189 94 255 156 32 0 197 255 81
    142 221 0 156 17 3 0 23 0 0 255 0 217 123 15 255 103 135 5 84 24 112
    23 129 255 3 178 105 21 135 200 147 0 227 255 178 44 0 255 64 27 117
    255 228 0 59 0 0 255 0 227 53 45 126 0 255 255 149 23 95 255 179 34
    0 255 111 0 210 172 255 0 57 84 0 33 64 169 0 56 116 77 52 255 229
    25 170 30 0 22 197 135 250 197 82 141 171 255 255 255 87 22 223 243
    0 0 255 147 166 254 240 255 255 255 255 255 124 255 167 255 255 0
    255 255 141 255 40 255 0 234 24 44 236 0 255 237 151 255 0 252 67
    255 44 255 255 95 255 98 167 223 255 0 243 65 255 241 0 249 255 0
    255 166 255 136 255 234 0 231 59 111 9 0 255 255 172 255 12 239 248
    9 10 255 213 71 138 2 123 24 95 81 176 245 164 255 0 77 255 127 255
    192 68 0 14 175 237 6 67 255 69 131 112 102 59 172 221 255 43 233
    181 62 112 53 94 127 163 0 255 17 19 229 199 255 138 152 237 0 0 255
    255 255 247 238 255 252 130 212 8 68 67 255 0 192 36 0 148 133 0 211
    187 0 255 240 0 67 162 0 224 126 19 122 255 181 96 255 0 209 9 255
    240 255 0 159 255 69 29 255 0 0 111 240 0 0 178 0 196 0 255 117 255
    255 0 39 0 0 0 0 190 222 212 166 116 255 213 255 80 76 0 215 110 148
    255 77 7 110 170 209 255 125 0 19 168 0 44 166 202 51 255 255 255 0
    0 0 58 255 203 135 211 255 33 0 214 39 60 20 163 174 72 131 71 57 0
    224 0 255 165 255 144 52 54 0 233 220 190 91 231 13 216 92 72 0 84 0
    170 0 136 255 255 46 255 68 255 0 111 53 255 100 12 10 136 235 38
    254 0 192 17 0 42 207 186 0 165 221 19 0 228 205 83 24 181 165 0 96
    169 0 207 93 193 47 225 227 0 31 255 83 233 255 97 126 255 215 214 0
    109 221 153 200 80 215 44 138 145 255 0 47 0 28 255 149 228 0 118
    255 56 255 91 76 222 145 255 0 115 104 255 0 50 0 221 0 255 117 147
    27 255 8 195 44 255 255 116 255 0 5 255 0 0 255 140 0 0 0 191 40 181
    76 255 217 0 255 136 255 255 57 209 0 201 161 110 255 255 26 255 0
    116 255 0 255 227 3 255 0 216 46 242 160 237 255 241 255 0 255 96
    131 0 255 214 255 253 10 0 168 81 23 255 189 203 217 255 244 255 255
    95 20 0 255 147 255 81 215 255 0 134 237 183 8 0 253 55 126 183 226
    255 21 255 33 0 0 132 151 255 90 172 26 172 211 177 0 60 255 214 0
    255 255 0 79 193 255 131 85 33 0 24 82 6 252 255 107 255 2 0 116 212
    167 134 0 0 245 87 61 255 57 8 0 69 209 222 8 139 255 130 189 233
    118 198 255 0 40 135 0 207 0 146 255 0 18 192 165 255 0 239 171 0 0
    94 255 234 193 25 211 255 255 244 65 0 0 0 6 255 52 82 224 255 146
    164 238 92 24 197 27 255 210 44 0 174 180 84 0 25 0 194 35 166 197
    246 0 24 255 196 65 227 82 99 255 255 212 255 138 255 22 26 115 97
    42 107 143 102 0 206 80 255 228 2 248 223 31 0 179 0 255 249 171 255
    118 75 0 255 122 0 133 90 255 149 214 255 245 130 154 90 139 91 219
    46 32 244 255 255 0 255 185 18 61 117 96 15 255 215 65 92 9 60 224 0
    121 236 0 199 0 25 229 255 139 24 64 0 148 10 218 97 221 61 255 84
    153 255 152 37 54 36 0 132 178 52 147 88 140 255 29 6 206 185 75 249
    0 0 146 76 255 212 171 148 7 246 38 0 178 0 0 130 27 255 0 38 210
    204 0 156 91 141 193 40 0 195 255 163 0 212 0 172 219 167 65 0 140
    255 81 255 162 255 142 132 0 162 245 134 48 39 245 0 0 255 109 23
    122 136 255 164 23 0 203 53 0 203 145 213 243 109 255 160 210 0 0
    255 255 255 255 73 255 0 97 0 0 204 255 8 254 88 255 0 221 71 176
    237 0 0 255 153 120 64 232 176 88 75 46 245 52 155 255 130 0 255 255
    0 215 91 255 193 255 255 194 255 255 112 189 15 0 0 210 255 205 197
    0 15 0 0 144 186 0 249 29 160 0 255 6 71 255 90 237 219 110 255 94
    16 46 203 0 255 255 0 204 0 65 236 173 21 89 255 0 0 11 102 168 83 0
    57 255 255 131 11 0 255 255 182 208 255 255 78 86 255 255 230 189
    217 36 70 130 0 117 109 153 0 102 255 0 255 33 255 202 255 255 0 22
    71 63 255 27 154 29 255 142 36 255 0 111 158 175 120 10 6 255 175
    187 48 255 81 0 0 198 69 227 255 0 159 255 65 182 134 94 91 0 255
    243 255 145 140 0 255 201 255 221 118 155 135 2 80 243 138 255 0 0 0
    72 255 169 244 34 35 0 255 91 255 101 255 199 2 0 110 102 228 172
    255 255 219 130 255 255 0 192 255 255 61 255 255 255 240 169 116 0 0
    255 39 32 27 40 148 237 193 197 0 237 50 0 255 255 75 131 138 255
    255 0 208 255 255 67 226 14 25 255 233 255 4 149 255 0 76 244 41 29
    222 162 61 0 0 0 0 247 255 255 255 178 255 255 255 232 1 180 255 137
    132 31 0 255 69 35 218 255 0 136 226 255 45 230 0 103 52 153 255 91
    4 255 232 16 0 194 255 56 188 238 255 140 89 255 54 52 0 37 99 14 0
    47 118 190 31 114 0 249 255 236 115 16 210 255 255 58 129 255 109
    104 164 255 33 0 141 68 0 158 0 52 56 255 0 0 235 142 67 0 0 88 219
    45 107 0 100 179 22 203 255 0 255 0 161 0 143 0 0 77 255 0 143 231
    255 135 187 255 165 202 134 0 0 177 163 0 120 31 0 255 53 182 33 139
    214 0 176 0 126 255 255 226 95 80 0 159 90 196 0 60 255 133 107 0 21
    196 29 30 165 48 0 22 84 143 215 63 200 110 73 174 60 0 255 114 69
    116 27 224 65 0 12 0 217 0 53 0 91 213 255 255 0 104 255 68 255 255
    232 42 97 57 196 214 235 135 41 255 255 200 229 131 214 252 141 0
    112 60 255 98 0 36 255 81 227 255 8 146 61 255 203 184 255 22 123
    198 166 255 15 0 166 225 255 255 0 255 0 255 93 0 216 208 32 195 244
    255 166 82 0 51 137 117 0 255 177 0 255 5 237 197 45 255 72 13 0 0
    189 63 73 6 225 17 0 113 231 81 0 206 0 255 215 48 15 21 175 78 198
    0 126 0 147 48 255 37 53 142 255 0 221 0 60 255 187 92 134 105 19
    135 255 19 255 211 177 255 242 0 188 1 39 134 255 199 255 69 0 93 0
    0 255 255 22 29 159 38 113 237 75 135 103 0 184 0 208 0 246 0 86 217
    7 183 0 218 0 73 255 0 132 0 0 0 25 255 182 0 96 250 255 0 113 206
    235 0 0 0 145 253 0 145 195 255 255 146 54 51 197 94 255 0 162 196
    205 255 255 61 255 5 255 80 0 255 207 45 168 255 232 170 142 235 66
    0 255 255 21 182 174 127 28 110 255 40 0 254 71 223 85 27 157 103 62
    0 179 132 255 78 8 224 3 255 255 172 255 255 0 255 196 255 136 155
    27 255 0 89 209 213 11 153 224 0 174 204 15 255 141 0 51 189 0 22
    201 191 171 255 154 0 174 0 15 73 246 14 39 50 0 230 0 0 255 222 255
    214 0 89 169 141 236 255 209 48 231 0 0 0 255 0 4 165 11 255 255 225
    255 254 143 96 0 255 0 0 142 182 0 11 59 171 4 215 55 4 215 255 66
    237 255 92 26 149 255 255 201 177 0 253 131 255 141 203 255 34 221 0
    190 168 0 0 73 172 190 0 25 161 0 0 26 0 174 0 255 18 58 122 0 255 0
    49 31 253 0 0 39 0 202 255 182 207 0 49 194 200 0 124 255 127 0 255
    5 126 255 152 88 70 44 232 230 128 63 255 57 34 0 0 139 0 128 190 0
    14 0 132 19 0 145 8 178 0 255 255 255 255 81 93 0 232 136 0 108 72 0
    13 0 76 255 32 255 12 193 255 118 13 13 255 136 233 171 72 107 53
    255 16 0 253 16 0 255 8 193 198 139 140 164 94 133 97 0 156 0 0 66
    87 193 0 255 255 54 227 43 255 23 22 200 117 38 18 184 22 171 0 195
    254 254 162 83 29 180 18 0 116 128 107 255 134 109 167 106 64 50 135
    0 26 0 29 27 43 0 113 190 72 73 0 255 248 159 175 255 255 231 123
    159 158 0 195 216 240 89 255 238 245 0 191 255 73 255 19 255 0 244
    118 0 213 255 219 255 233 14 17 255 255 255 241 147 20 47 0 18 0 157
    229 0 255 103 71 201 180 162 129 245 171 233 255 146 237 110 109 0
    236 47 255 182 0 233 109 255 0 34 0 240 28 255 147 0 62 104 198 96
    46 0 65 255 48 99 168 0 214 0 255 24 255 0 255 70 61 192 185 165 0
    15 224 0 255 121 255 255 0 255 200 181 35 214 126 219 107 0 21 255
    222 215 243 0 255 0 255 34 199 255 0 81 0 13 0 96 0 209 0 130 255 39
    205 255 255 36 36 127 27 0 255 73 117 0 92 103 51 203 141 162 67 0 0
    123 182 126 237 219 232 70 65 10 217 255 12 181 198 255 255 109 178
    79 0 255 178 62 255 255 145 135 0 95 91 0 116 71 241 123 159 255 45
    149 255 0 89 0 245 0 235 46 122 0 0 92 182 227 255 226 0 134 93 187
    142 137 34 99 155 255 234 115 208 174 255 209 208 62 1 139 255 185
    65 0 0 0 14 255 192 29 230 218 255 40 171 255 6 0 230 0 0 0 251 187
    255 0 246 255 255 255 255 158 0 255 0 0 103 148 255 242 0 251 11 128
    255 200 105 251 0 114 136 0 236 4 205 212 255 0 223 8 135 59 166 0 0
    238 27 255 67 136 1 13 255 94 107 0 225 0 255 45 67 190 162 255 37
    255 231 126 255 0 255 8 121 218 19 211 22 255 216 255 34 193 46 255
    47 0 255 0 0 107 255 67 195 131 7 220 193 229 255 163 221 20 0 202
    255 224 255 0 36 106 6 23 0 0 58 63 167 114 0 180 102 0 0 25 253 255
    83 6 0 174 0 0 183 0 255 172 167 140 141 4 83 255 109 66 0 255 0 255
    255 53 97 204 118 118 206 255 255 141 149 255 9 0 255 68 255 0 209
    71 171 123 66 245 0 160 9 20 254 255 215 222 0 192 240 0 226 164 255
    209 223 235 232 59 255 0 180 255 255 0 124 169 246 0 41 218 255 0 0
    14 85 141 255 0 4 9 132 24 255 229 0 213 255 255 232 147 20 255 255
    236 98 72 182 0 213 15 227 0 43 214 196 82 244 255 147 255 0 154 99
    200 255 53 167 108 110 88 76 142 122 0 122 0 65 226 0 0 255 0 0 50
    62 126 67 129 157 255 255 249 0 255 212 16 151 64 30 44 0 91 49 88
    145 243 72 0 161 178 147 0 159 174 0 157 158 106 44 250 119 0 255 0
    37 108 44 132 94 158 84 0 0 99 0 0 43 255 255 255 153 0 24 255 0 235
    255 221 93 217 53 150 150 0 13 255 0 244 0 182 20 0 141 72 196 206
    192 154 0 135 244 44 99 149 3 255 207 0 0 213 31 66 0 37 86 5 76 255
    0 255 255 88 37 32 21 216 0 40 173 255 4 51 12 83 67 255 0 48 125
    164 255 255 123 255 172 169 45 139 122 20 58 208 255 89 107 53 168
    255 255 0 255 38 0 255 226 255 125 74 147 163 255 128 255 0 255 148
    179 208 157 147 0 115 0 0 241 129 255 222 255 251 49 253 0 65 0 58 0
    0 234 93 65 173 139 247 255 255 154 203 147 238 208 49 32 255 93 9
    170 96 0 135 0 0 60 0 0 30 35 255 49 255 31 0 255 147 102 14 78 184
    110 66 0 188 255 0 255 236 0 255 27 86 0 144 255 183 251 0 141 136
    245 133 126 0 97 0 59 106 176 0 8 0 245 192 74 10 210 0 255 187 209
    0 132 78 0 164 125 0 136 117 71 255 186 255 97 255 255 209 235 100
    11 63 179 255 123 204 29 133 159 255 0 0 14 201 92 0 209 0 102 112
    180 0 188 9 33 237 191 194 0 29 125 255 0 130 0 60 255 255 0 217 255
    255 255 171 255 243 111 0 96 253 255 62 0 169 0 154 164 0 176 255 0
    227 183 176 243 0 144 172 48 0 255 99 115 76 17 0 236 106 145 255
    207 157 255 132 137 231 42 161 136 95 225 255 255 0 255 94 176 205
    144 255 138 147 144 0 83 30 188 81 255 255 196 168 0 255 69 0 141
    150 67 227 255 35 75 255 107 244 38 132 113 239 255 93 100 255 255 0
    0 249 36 68 35 152 0 255 208 255 112 187 67 84 14 61 126 0 0 255 20
    36 199 244 131 12 14 0 255 46 70 255 183 169 69 197 106 162 0 187 0
    95 255 255 0 0 157 187 46 255 2 0 8 88 167 0 130 179 0 0 19 59 90 0
    0 184 0 0 75 0 67 0 174 111 54 170 240 0 178 8 99 0 255 85 57 236
    156 25 117 255 201 147 255 229 255 255 192 224 236 255 255 255 7 241
    182 40 0 183 255 31 93 188 107 0 255 151 179 255 123 146 255 91 118
    89 220 44 176 255 255 147 150 255 227 0 0 248 0 224 255 162 0 60 47
    133 136 0 46 148 101 0 21 118 224 91 225 255 8 255 76 0 249 0 0 227
    42 164 0 255 63 254 255 255 0 207 158 255 255 171 182 255 0 33 194
    255 255 42 50 61 90 33 0 0 139 0 0 189 44 0 114 132 76 146 0 39 255
    90 180 82 62 255 255 225 255 63 28 255 128 242 191 15 184 31 163 255
    255 255 0 182 165 113 71 0 195 206 181 110 10 113 34 139 0 0 220 68
    0 255 243 247 172 115 0 229 248 114 160 196 59 60 255 233 51 0 177
    255 80 0 255 94 74 231 0 172 144 188 1 61 81 158 122 170 90 161 0
    222 70 186 255 0 135 0 255 17 255 45 167 42 140 249 111 255 188 255
    148 255 112 255 192 0 76 112 240 80 137 146 0 11 229 184 72 0 0 61
    68 0 255 40 21 241 20 214 166 0 0 246 131 236 50 17 0 0 0 25 66 231
    0 130 255 0 255 255 122 255 123 0 0 255 198 0 220 28 56 0 36 255 0 4
    72 190 188 235 43 53 102 26 141 97 194 255 213 164 98 82 108 155 78
    68 247 115 83 88 119 28 35 194 172 67 80 147 0 130 224 153 255 200
    223 0 236 240 194 0 220 250 39 41 62 131 206 255 109 143 30 0 171
    255 50 238 58 126 160 57 27 0 70 255 245 100 0 0 51 187 255 255 175
    255 130 59 255 192 209 83 251 0 241 210 255 64 0 87 0 52 130 230 170
    93 216 255 73 109 0 0 249 255 96 44 255 139 155 239 89 87 92 0 238
    178 255 151 255 255 168 0 252 255 12 0 167 0 146 22 150 162 144 201
    0 74 255 255 255 0 188 164 30 0 234 0 0 255 0 171 135 202 0 78 234
    255 172 255 0 75 213 255 136 255 105 0 255 63 214 0 162 255 0 255 72
    66 0 142 0 0 114 0 109 189 25 194 118 255 33 146 192 117 0 169 254 0
    0 181 21 0 0 20 214 0 0 255 0 0 255 255 224 196 255 150 215 57 200
    157 152 0 73 83 164 152 170 91 154 250 255 78 47 0 76 38 84 0 255
    237 5 197 178 42 184 156 118 0 0 0 144 214 0 165 72 0 14 139 255 53
    233 241 0 0 121 241 27 211 255 203 221 230 0 193 80 251 255 32 0 220
    30 93 0 0 255 210 46 178 126 255 73 255 255 218 155 255 85 255 204
    211 157 0 142 91 0 23 109 242 34 135 253 244 31 138 78 255 67 241 85
    66 205 57 137 86 0 255 148 0 255 129 203 207 215 154 0 255 255 246
    255 255 255 35 11 255 73 135 170 255 62 66 0 154 105 50 226 162 48
    142 120 231 0 159 0 216 212 96 94 0 93 0 0 42 34 0 81 228 187 0 19
    191 38 0 50 156 0 110 71 20 255 35 0 244 255 82 255 73 255 154 30
    108 241 255 106 186 138 0 109 186 255 52 255 0 255 117 255 9 181 255
    114 155 28 0 127 75 28 104 0 152 0 141 32 36 145 145 151 185 85 0
    137 116 195 255 0 241 255 94 162 52 255 255 102 136 230 255 255 104
    255 47 15 255 182 255 142 0 0 121 200 60 81 31 255 235 57 83 119 255
    40 160 98 205 255 255 121 186 228 255 152 222 136 255 58 192 147 210
    0 0 0 48 255 215 43 255 226 244 71 30 89 102 146 0 0 255 200 255 35
    45 186 119 237 0 181 0 243 0 255 151 138 158 97 255 216 255 0 121
    136 247 36 183 0 0 0 255 6 174 143 79 142 117 56 0 195 124 0 16 0
    255 223 112 41 255 0 150 225 255 255 255 183 255 223 0 211 255 0 138
    191 94 255 87 0 0 127 250 0 96 76 64 82 255 225 219 154 185 255 141
    0 255 0 68 208 127 255 40 166 0 19 123 67 198 0 115 0 0 246 102 29
    255 44 240 232 139 255 213 255 230 0 83 186 124 255 103 27 113 241 0
    10 255 0 255 255 255 43 98 37 38 86 0 255 0 255 255 217 208 223 0
    164 0 57 162 55 0 85 0 117 255 255 29 54 0 0 76 0 164 255 76 0 191 0
    169 228 196 195 192 165 204 255 91 212 255 0 50 221 255 252 217 179
    189 10 242 193 98 231 137 208 0 0 255 43 3 125 255 0 255 255 0 106
    75 255 0 0 255 0 255 112 0 74 0 0 0 128 54 235 255 255 249 96 96 0 0
    255 255 221 255 0 196 162 250 0 105 112 25 50 232 0 171 74 255 244
    109 255 0 194 0 128 255 44 255 197 81 167 255 52 85 255 60 255 159
    255 147 43 62 252 255 94 255 0 255 253 168 26 219 240 53 72 255 89
    255 211 255 11 151 0 193 254 0 129 0 39 0 125 6 131 103 255 232 255
    0 0 255 255 252 0 255 215 0 30 109 0 170 61 138 255 88 24 0 255 222
    48 255 179 0 255 0 86 57 167 56 0 201 210 27 132 110 164 28 93 83 0
    255 255 220 76 223 30 29 57 54 101 255 187 99 0 208 229 211 0 203
    219 0 96 0 106 152 187 187 40 151 214 0 186 59 0 0 223 255 90 255
    255 255 0 12 75 61 50 255 75 77 255 235 0 37 0 201 156 0 117 235 115
    225 9 81 105 195 43 0 112 81 246 255 0 168 255 59 179 111 254 101 44
    106 0 255 202 202 255 255 224 192 255 84 2 53 185 111 255 0 255 237
    92 13 55 255 0 24 207 0 36 223 0 233 192 148 0 95 207 253 55 59 202
    0 7 104 255 255 255 0 190 255 2 208 0 136 255 0 255 178 229 117 255
    255 6 0 151 134 222 102 255 83 20 255 216 74 0 180 148 0 255 119 89
    0 81 18 0 128 0 247 245 244 34 0 154 255 0 231 71 68 235 239 0 42 13
    0 216 64 0 255 0 0 165 0 162 0 126 70 0 97 225 0 249 110 214 78 153
    11 109 9 77 111 124 223 0 0 2 206 216 0 226 255 14 7 255 15 0 43 255
    225 29 255 130 0 255 29 249 148 44 255 255 83 112 7 255 72 211 16
    255 0 120 22 149 255 112 0 255 244 147 252 0 220 250 0 0 131 228 23
    101 86 0 255 255 0 255 204 255 18 248 160 12 19 210 73 182 157 0 211
    255 11 243 0 0 255 141 255 0 0 255 0 0 212 185 52 214 227 157 153
    148 0 111 255 0 0 255 69 180 36 53 128 109 255 0 64 147 147 255 0 15
    44 255 0 116 255 60 124 222 173 77 186 255 0 110 173 0 255 94 255
    215 7 87 255 255 13 156 255 255 77 244 3 41 60 142 125 100 255 255
    178 196 173 206 213 91 42 0 255 11 218 233 79 55 155 66 205 255 255
    0 229 255 0 255 255 0 255 148 255 255 160 82 0 83 0 128 14 104 0 20
    255 0 255 132 0 0 200 236 255 0 255 255 240 229 1 228 146 50 255 209
    48 255 211 255 208 255 0 0 73 0 100 255 255 94 207 201 0 16 176 0
    195 91 0 0 0 53 254 171 224 255 103 0 0 255 255 175 255 239 224 0
    189 28 133 28 255 255 0 55 209 185 207 0 139 8 117 69 154 166 242
    172 0 67 29 170 56 0 183 255 255 69 255 149 150 117 212 116 255 0 0
    116 245 126 255 255 0 156 157 255 0 219 43 0 51 0 220 137 160 224 13
    255 0 196 0 14 16 137 195 88 74 2 31 0 0 167 167 0 174 125 31 0 0
    255 10 137 52 99 203 154 194 0 73 0 196 232 255 0 163 222 167 36 0
    61 0 151 228 221 0 0 20 134 107 255 164 0 126 154 3 25 7 0 255 0 96
    225 138 246 0 83 176 63 0 11 81 255 135 49 1 255 255 248 151 135 185
    244 255 195 54 78 157 242 45 134 14 104 0 68 0 0 57 67 0 177 53 0
    194 42 255 255 255 156 253 255 127 102 231 150 255 200 83 155 255 0
    0 0 255 137 255 166 255 153 255 255 208 124 133 216 39 30 49 17 97
    230 255 255 198 196 0 156 245 0 0 34 0 160 0 216 214 255 0 58 177
    184 160 102 255 247 87 228 175 0 252 0 139 234 249 183 79 204 0 114
    46 190 42 11 0 7 61 138 86 73 1 255 0 0 0 0 0 121 0 157 255 255 255
    85 12 186 0 213 57 255 37 0 115 255 159 255 255 255 255 16 19 0 255
    65 255 128 184 193 0 0 80 21 9 0 89 44 37 63 55 250 12 0 255 255 0
    153 3 245 197 57 255 168 87 238 255 202 40 0 255 199 173 255 255 99
    3 103 0 87 255 222 175 255 255 207 176 232 255 118 247 0 255 16 3 46
    181 91 8 127 69 95 0 48 25 0 0 208 0 72 177 255 151 255 127 255 255
    255 168 255 0 142 0 0 68 255 18 0 255 147 255 7 149 146 255 146 234
    68 10 52 14 0 144 52 215 118 224 228 159 145 215 212 0 255 66 255
    241 236 11 0 255 232 255 108 137 232 194 0 168 149 0 217 250 111 191
    0 149 4 72 255 78 255 72 0 117 255 0 51 255 3 0 0 50 205 153 54 199
    61 96 150 136 0 158 242 0 255 117 127 0 228 245 0 0 61 16 141 0 232
    107 0 58 0 160 255 23 178 250 0 0 255 81 19 215 85 23 7 148 255 56
    255 240 221 52 255 103 94 0 224 0 152 255 255 157 255 61 255 189 0
    203 176 205 29 255 39 0 150 233 244 0 255 0 144 253 255 255 29 173
    135 255 255 201 255 126 0 203 60 116 127 255 223 0 0 13 99 156 4 173
    95 9 135 208 229 255 149 0 0 0 14 245 0 145 0 91 255 158 0 208 161
    122 94 102 0 91 179 188 135 255 77 221 255 9 50 231 0 15 52 171 144
    255 0 219 0 119 255 220 132 229 255 226 204 80 65 156 255 21 132 119
    10 97 21 95 234 66 101 162 66 10 211 48 50 0 79 157 0 185 142 255
    155 148 34 0 164 0 1 0 127 183 115 111 255 31 105 124 48 228 121 232
    33 255 235 0 14 0 135 147 82 0 255 219 236 54 255 17 0 4 130 0 255 0
    48 0 73 0 39 239 212 170 195 0 0 255 0 101 255 148 66 212 227 0 115
    43 103 0 255 220 255 255 0 147 0 212 200 203 0 67 229 224 180 161 0
    255 95 0 255 13 0 70 0 255 221 255 108 56 255 39 0 27 255 1 0 75 136
    0 255 0 0 255 255 68 0 0 0 111 22 255 223 81 205 207 153 192 77 231
    191 0 215 166 0 29 78 78 101 0 26 255 238 255 0 79 255 0 217 79 0
    161 33 36 47 252 255 4 48 80 232 0 0 221 7 147 255 215 0 154 255 0
    255 169 205 255 38 193 191 189 144 65 255 0 255 0 0 0 62 190 255 0
    187 7 153 255 255 240 9 255 238 84 194 75 228 221 255 41 212 0 137
    255 39 188 127 255 188 24 182 149 0 139 0 255 73 115 226 112 146 0
    246 255 116 89 255 133 216 255 0 225 0 119 247 35 81 255 105 187 0
    71 0 0 246 0 176 255 62 159 69 67 0 101 0 0 173 255 132 254 226 146
    255 123 221 92 215 141 255 0 255 20 0 247 221 161 119 0 255 0 255
    165 22 0 0 255 217 175 59 233 38 208 45 122 6 0 0 147 78 13 0 0 223
    0 168 255 255 137 255 255 77 107 14 131 255 255 32 40 250 13 255 0
    255 237 0 95 25 154 138 0 67 255 0 83 52 255 170 210 52 0 11 159 255
    255 138 112 13 11 0 108 0 120 110 255 86 9 239 255 206 0 181 0 162
    123 52 18 112 255 14 227 0 177 87 107 255 198 67 0 46 0 0 75 52 119
    64 174 255 0 45 115 255 0 159 255 21 0 152 225 0 255 45 15 177 0 255
    0 89 119 55 124 255 255 255 84 255 167 157 255 141 255 0 106 75 255
    255 144 88 12 227 0 166 255 180 0 112 255 19 59 255 255 255 21 255
    94 34 255 0 85 255 41 57 62 14 0 37 220 110 36 42 255 0 57 0 63 200
    47 203 129 255 255 106 225 212 255 255 191 0 108 80 160 157 219 255
    151 255 255 0 255 249 0 0 9 201 0 255 187 59 255 15 0 86 12 255 30
    43 25 0 131 0 84 17 153 255 166 37 255 158 11 255 165 0 5 214 4 64
    255 188 137 255 130 40 40 17 0 255 255 255 173 0 180 201 245 255 172
    203 238 227 111 0 129 141 189 58 72 255 94 184 253 170 255 130 191
    255 9 197 89 255 0 0 0 79 0 96 0 190 161 128 98 0 0 255 91 82 255
    248 227 214 205 0 255 126 255 240 213 213 66 34 20 255 29 223 97 52
    77 255 228 30 185 255 14 0 154 23 0 186 163 255 255 255 0 0 184 118
    255 182 106 104 36 50 0 0 255 88 0 244 255 17 35 106 255 229 74 255
    224 0 110 75 0 222 70 231 136 165 54 0 26 221 118 0 201 179 151 22 6
    0 206 0 212 255 33 0 44 27 201 137 147 95 0 186 255 207 197 255 247
    255 109 245 215 52 255 0 0 158 0 0 0 255 255 154 67 155 255 0 122 0
    70 17 203 142 47 183 96 135 177 226 66 0 224 255 247 202 255 255 96
    255 255 214 255 0 255 162 255 2 213 0 164 211 0 255 0 249 2 24 245
    228 10 121 85 172 150 109 49 227 245 0 196 36 0 120 255 123 255 142
    163 0 51 84 113 135 176 0 255 72 4 228 0 23 40 125 255 0 212 97 79
    255 0 185 0 144 186 203 17 88 213 151 0 255 223 0 255 0 255 0 0 194
    103 206 246 61 163 21 106 173 33 245 255 255 25 255 231 185 94 0 43
    255 154 191 255 139 230 217 255 135 198 0 9 145 252 66 33 157 255
    236 255 255 0 153 182 0 233 96 103 30 165 238 162 255 255 24 22 99
    42 209 34 153 0 255 0 0 0 255 255 0 0 242 243 68 0 0 92 255 125 233
    105 0 166 252 112 255 0 26 255 55 243 203 255 255 0 185 0 0 12 0 215
    1 206 0 255 254 2 180 124 106 255 100 0 207 117 0 14 234 98 25 0 0
    255 205 202 70 163 255 192 48 0 201 0 235 0 250 0 0 0 212 191 107 0
    65 0 240 0 255 232 0 222 245 50 255 255 106 255 0 255 186 12 255 253
    77 0 197 224 174 166 141 0 161 54 255 228 200 13 255 139 125 119 214
    255 62 0 47 51 150 255 191 13 16 254 252 157 0 229 0 0 2 255 88 44
    30 238 0 0 255 91 0 97 0 0 181 255 254 255 255 112 0 0 19 255 91 14
    255 181 33 164 0 63 76 102 173 174 255 0 236 201 112 0 0 0 0 255 54
    201 250 0 178 152 0 177 37 212 89 0 230 255 244 87 183 35 0 0 255
    255 174 255 89 23 150 70 38 255 0 75 255 131 250 84 63 255 0 13 19 7
    93 0 158 255 35 0 147 112 0 0 0 0 28 166 225 182 76 35 0 97 93 141 0
    53 195 158 115 21 255 5 252 145 24 215 255 255 0 0 255 41 185 163 0
    0 37 97 176 102 213 227 164 224 98 214 132 200 169 0 218 255 0 255
    237 255 255 63 255 186 138 43 234 99 0 98 197 255 0 155 255 10 102
    33 255 0 134 255 132 254 178 21 255 6 175 223 255 0 0 0 0 0 255 6 34
    189 99 90 255 222 175 222 255 116 76 0 209 0 134 224 223 19 98 251 0
    255 255 35 0 11 52 0 0 203 168 157 114 0 145 255 235 0 255 208 178
    112 199 255 255 233 0 123 0 110 0 0 0 213 145 68 0 255 109 248 255
    255 80 86 0 198 255 158 23 133 255 52 255 0 255 255 119 235 248 137
    0 238 0 0 255 115 46 101 85 3 138 251 0 255 255 11 183 166 255 193 0
    27 255 0 250 205 187 0 87 0 0 222 86 67 212 249 56 9 255 0 0 0 157
    36 0 151 204 71 87 19 251 63 78 0 49 70 0 97 177 31 255 81 255 136
    73 76 44 255 217 123 0 255 84 0 0 0 0 65 172 152 148 141 0 255 248
    137 149 255 236 0 35 255 164 3 255 142 255 255 43 0 255 240 121 20
    255 255 0 202 46 0 131 255 79 22 0 80 0 21 0 255 129 146 71 255 212
    0 233 255 1 155 0 159 193 211 255 0 0 116 255 11 224 123 255 255 164
    0 0 161 56 210 21 244 86 58 36 163 15 255 255 179 73 255 169 164 225
    222 213 172 213 84 255 255 0 0 248 0 255 36 151 14 0 0 0 116 218 0
    28 14 138 77 157 255 219 255 193 210 89 61 111 255 235 216 233 255
    231 63 233 19 61 255 249 25 0 80 0 158 255 62 0 32 215 255 226 233
    85 255 31 0 0 89 255 255 53 46 135 41 76 186 255 120 255 0 134 132
    239 230 181 255 172 255 255 255 105 247 0 153 255 224 83 164 255 0
    140 255 169 229 255 255 33 46 205 86 0 173 172 164 240 45 65 255 178
    207 248 193 0 102 104 0 255 237 71 0 255 151 223 79 2 255 232 101
    255 100 146 58 255 0 112 25 236 255 130 222 251 14 0 108 87 0 74 57
    0 255 249 65 255 255 180 110 218 46 0 0 0 0 189 0 8 255 192 240 0 0
    143 14 255 0 255 165 210 0 255 188 67 31 64 40 255 255 0 0 0 165 140
    0 115 67 255 208 40 255 255 18 0 125 29 42 242 209 38 255 115 255
    255 255 98 0 255 37 255 239 255 169 255 230 148 238 255 219 58 217
    132 192 36 255 186 48 205 255 42 0 35 220 4 255 0 248 0 206 108 0 71
    255 240 3 0 255 225 0 0 95 92 0 255 255 0 106 0 255 135 255 68 255
    186 0 159 220 0 0 255 22 125 0 37 218 0 238 0 255 198 255 255 205
    178 255 0 0 105 202 255 82 210 82 193 0 0 207 240 175 63 104 4 25
    255 218 0 107 14 204 219 233 155 162 236 255 103 255 103 3 205 13
    200 84 158 255 0 237 255 255 255 0 28 18 0 238 139 196 168 191 0 149
    163 0 255 141 166 215 255 0 85 0 185 255 0 122 255 0 167 77 31 0 125
    255 131 0 129 192 56 1 255 0 255 0 61 214 248 117 0 255 47 119 255
    156 151 193 0 0 62 0 44 0 255 204 19 0 101 71 191 0 136 234 144 109
    150 208 255 44 7 255 79 149 0 255 26 120 0 0 0 0 0 0 255 63 0 96 10
    67 186 255 0 255 11 255 255 220 255 0 113 255 0 54 171 116 255 128
    139 129 255 22 136 86 255 211 218 121 255 177 117 192 68 241 255 175
    11 255 0 255 19 128 255 150 195 96 181 35 0 210 255 118 0 237 192
    255 255 66 5 253 233 0 146 152 0 255 255 234 27 255 143 195 124 74
    50 243 0 41 206 255 252 1 99 155 205 132 88 189 75 74 255 233 34 99
    0 255 201 255 0 58 0 63 170 155 0 255 51 61 53 118 250 255 140 49
    200 15 0 255 66 0 153 157 0 59 163 0 163 55 2 198 0 171 14 92 223 0
    75 0 255 0 106 207 0 157 144 180 167 148 255 74 129 255 245 110 248
    19 0 0 0 64 49 0 0 255 192 79 183 165 255 0 0 148 157 54 27 59 48
    240 0 55 255 78 0 60 0 80 107 139 18 0 255 144 255 0 47 108 206 0 62
    0 0 71 192 121 27 255 79 29 255 116 108 255 22 255 58 48 127 0 255 0
    139 255 255 0 0 255 93 222 10 105 25 4 255 203 211 255 146 0 68 0
    255 39 21 180 104 209 108 244 255 0 58 50 19 0 231 0 0 255 250 255
    160 225 255 0 58 8 187 226 0 193 64 0 0 185 255 177 217 60 0 215 0
    121 71 51 46 211 0 187 255 207 205 255 0 223 137 156 0 255 109 100
    36 174 0 246 0 47 145 171 0 0 0 210 38 255 86 73 255 35 0 109 255
    165 131 255 133 0 244 0 40 174 255 255 84 207 94 0 0 65 245 0 181
    196 155 127 225 178 153 0 123 75 0 72 145 255 255 255 66 77 71 199
    159 60 0 251 242 84 255 80 0 4 22 89 146 140 133 255 8 0 255 245 255
    255 102 255 75 0 255 200 0 255 0 255 64 132 216 255 238 62 0 255 255
    85 255 0 20 255 117 0 224 79 255 0 0 231 0 37 0 0 255 29 63 190 230
    71 255 0 255 255 120 110 130 0 0 47 255 47 79 176 0 194 191 0 55 255
    128 239 233 125 0 235 86 0 185 33 255 79 0 145 98 255 241 255 0 0
    184 0 138 42 255 99 255 0 137 0 47 187 0 90 0 107 0 65 0 24 81 0 42
    135 0 88 212 255 187 172 8 106 147 0 199 80 0 255 253 0 155 128 255
    0 213 144 0 145 255 0 22 133 249 192 0 255 164 80 21 230 139 0 78 82
    0 0 160 255 25 119 215 0 238 209 253 181 69 114 255 255 130 104 147
    255 187 0 236 66 168 154 180 255 180 0 255 148 255 216 120 160 0 51
    200 54 109 7 0 0 138 143 189 37 213 236 41 196 12 255 79 255 238 0
    255 255 255 158 0 16 0 255 39 197 0 57 112 255 5 255 58 0 149 0 98
    255 0 255 238 123 27 0 255 98 0 170 0 255 0 255 173 0 98 170 255 84
    255 0 250 28 0 87 37 153 0 255 255 196 0 0 168 78 0 116 2 175 130 68
    174 187 111 131 164 223 187 248 175 0 124 79 163 102 9 255 255 225
    203 255 239 175 255 0 0 183 0 142 0 189 255 255 111 0 220 32 22 255
    255 255 0 10 50 119 89 61 255 255 0 0 80 215 179 0 141 30 140 59 236
    88 0 221 0 255 0 231 164 124 255 94 255 234 205 142 44 203 169 215
    11 227 134 148 19 250 120 0 255 182 0 96 207 188 191 235 0 166 110
    106 255 68 166 0 255 255 0 255 255 255 155 0 28 237 255 0 0 0 0 0
    183 0 127 255 0 255 114 255 255 255 227 206 161 255 96 0 161 0 0 205
    255 0 174 219 252 255 63 255 255 255 97 255 0 22 125 29 0 99 0 162
    255 255 255 18 255 0 99 121 255 41 26 105 241 109 151 243 255 82 135
    213 44 8 199 0 190 192 0 140 0 105 255 26 255 208 86 255 54 0 127
    174 214 255 11 83 24 115 16 227 210 107 138 255 229 0 110 45 0 0 0
    232 255 1 255 0 104 0 137 130 138 109 0 252 250 0 0 128 0 102 61 255
    193 80 170 13 255 255 255 0 255 107 127 12 234 12 112 218 226 118 0
    0 255 30 0 104 0 255 228 117 255 209 161 71 103 61 0 122 0 102 216
    238 0 206 224 0 255 255 87 163 209 24 29 103 71 226 149 12 149 255
    255 0 100 210 176 1 218 109 0 0 184 37 0 255 151 239 0 0 153 138 244
    255 13 137 112 95 0 255 149 4 12 134 49 95 236 99 0 0 183 38 243 26
    61 139 255 99 45 255 96 212 255 220 195 91 255 0 0 0 0 0 134 255 149
    10 251 58 255 0 231 2 117 255 251 10 74 136 168 0 0 104 255 0 68 24
    120 241 0 174 49 154 255 156 235 239 161 59 0 254 0 128 132 0 190
    154 110 0 36 0 0 9 0 0 33 145 142 255 255 215 225 255 255 31 229 0
    163 194 255 27 150 0 95 96 232 255 123 211 0 91 132 255 255 0 0 0 43
    0 199 252 0 132 255 47 120 207 0 0 233 255 0 168 104 235 255 51 104
    66 172 49 243 159 189 0 236 6 45 246 1 177 98 133 255 85 0 113 34
    197 252 0 255 204 0 190 0 180 0 0 0 227 172 0 255 0 255 0 84 34 190
    70 30 47 255 202 0 206 255 255 23 0 33 178 0 255 85 0 226 55 228 174
    0 0 0 54 144 245 196 235 255 207 94 71 104 243 21 84 255 91 123 255
    244 171 0 255 0 0 235 25 255 2 103 199 108 3 209 255 55 240 0 2 196
    255 214 33 79 45 243 185 215 30 255 40 151 182 255 201 115 140 255
    101 66 162 0 0 255 255 255 255 135 240 255 164 255 0 50 52 0 152 0 0
    62 125 205 0 96 62 139 255 231 39 0 99 255 47 255 255 199 223 44 184
    189 255 173 12 191 44 86 94 170 173 229 255 29 222 231 0 255 136 0
    255 0 139 0 127 175 0 114 168 0 125 255 96 255 98 0 187 151 143 78
    114 0 0 0 255 57 0 0 0 60 0 18 135 0 142 255 0 255 0 204 115 255 162
    188 192 222 0 0 120 192 0 0 74 54 0 0 237 55 192 121 0 141 255 255
    254 255 200 98 84 0 0 255 254 199 254 255 93 249 0 84 47 77 93 255
    148 85 149 40 255 255 167 114 169 65 183 255 0 68 114 76 215 0 70 75
    0 117 223 38 41 5 0 206 255 97 0 0 120 246 0 43 255 73 3 0 0 79 184
    0 255 85 100 139 218 0 0 118 0 88 0 255 162 181 101 17 77 255 185
    120 231 162 255 76 0 20 0 223 233 13 169 56 0 252 0 129 205 101 68
    255 76 150 137 39 255 227 0 255 0 213 255 255 211 246 97 63 74 255
    111 0 14 43 170 185 137 107 29 245 198 0 43 172 24 0 44 18 62 117
    202 255 255 0 255 193 149 129 255 0 0 24 100 255 0 84 45 0 0 0 0 219
    92 0 255 78 255 255 255 212 255 255 219 47 0 0 55 255 0 76 140 155 0
    255 0 15 40 0 0 233 0 163 205 140 176 35 97 255 0 96 155 222 236 235
    31 0 226 90 0 69 154 56 139 0 255 35 24 255 54 175 33 0 178 255 177
    255 36 255 60 0 0 28 126 255 255 220 195 234 190 83 132 185 255 0
    159 113 142 222 0 76 6 103 11 254 213 103 208 255 147 0 218 0 0 199
    0 248 47 27 255 179 231 0 129 244 159 190 248 192 10 0 28 255 100 0
    186 0 213 202 88 121 255 5 255 221 0 125 133 134 0 255 255 255 150
    255 132 0 240 255 10 255 235 11 30 255 255 31 0 126 255 17 0 0 152
    210 255 46 255 255 0 111 0 0 0 142 0 6 117 255 255 184 215 159 255
    255 17 0 0 224 254 49 79 2 224 107 19 255 85 20 0 72 101 255 50 174
    242 81 255 255 255 254 255 189 138 48 27 235 147 0 255 42 231 164
    255 238 228 238 255 235 179 255 167 217 181 178 255 0 62 44 25 0 249
    0 253 255 125 130 0 0 155 255 222 74 2 179 98 255 234 255 79 199 161
    139 216 0 105 0 0 157 161 255 58 184 255 221 255 159 0 248 216 120
    60 0 230 212 176 213 145 25 104 0 48 24 208 167 215 47 220 255 0 7
    109 205 255 179 212 161 194 255 147 188 255 255 0 255 33 157 0 197
    83 79 0 97 255 149 163 19 0 22 26 0 171 255 32 129 255 210 201 154
    52 211 200 14 53 0 0 244 20 255 170 150 0 0 194 75 111 87 186 244 51
    116 0 104 193 0 255 255 0 217 196 239 255 255 255 0 40 143 255 250
    255 34 200 0 234 144 142 0 255 0 255 255 0 126 246 14 0 244 255 255
    58 208 68 232 86 0 235 157 192 196 154 119 0 79 0 0 157 113 106 200
    179 73 0 179 158 251 219 0 143 214 130 165 255 130 105 0 139 198 85
    145 255 255 184 0 0 255 172 89 215 200 0 167 158 186 120 198 131 255
    27 26 168 44 254 42 6 0 105 118 252 187 204 150 202 255 216 189 0
    176 32 109 0 242 47 147 129 247 206 255 132 22 233 71 255 55 255 0 0
    139 27 163 51 255 255 0 0 170 255 255 255 26 63 0 81 0 20 134 123 90
    255 195 0 0 198 0 57 106 3 66 116 152 0 255 96 0 135 255 255 0 122
    17 0 17 0 190 28 255 168 255 255 173 65 255 248 70 255 255 0 160 160
    157 239 141 117 226 57 67 255 0 141 255 95 0 212 0 97 167 255 208
    111 255 255 137 57 255 0 10 200 0 48 240 0 255 64 0 150 96 71 255
    255 255 0 255 146 92 235 168 109 235 40 255 60 101 0 164 255 209 255
    255 151 44 227 110 255 0 255 255 231 135 132 0 243 249 3 114 176 131
    4 172 0 155 42 0 60 197 143 43 65 239 89 153 196 213 58 136 255 255
    0 253 252 0 116 44 0 0 118 0 255 255 111 124 20 255 140 89 73 75 103
    249 91 249 0 119 0 212 36 23 219 255 6 177 237 193 0 8 118 68 105
    255 0 0 82 221 39 153 245 0 208 0 49 79 159 56 85 218 255 171 75 188
    3 163 131 125 31 167 246 77 255 29 160 199 99 193 12 255 2 6 207 117
    255 174 0 142 187 255 6 98 255 103 143 213 176 0 0 255 207 104 80
    255 158 0 0 44 178 217 129 242 255 57 255 242 255 6 148 188 114 0
    255 94 0 255 0 0 115 199 197 0 255 255 0 0 86 56 125 7 235 255 102
    184 255 51 0 145 225 243 154 255 0 7 255 227 63 255 243 0 202 62 255
    0 130 205 190 255 255 0 223 187 57 0 0 255 65 0 255 18 168 255 74 47
    0 211 71 253 176 129 241 29 255 208 0 82 0 31 176 81 255 251 245 255
    0 179 255 106 247 116 167 175 13 255 115 150 157 246 119 125 0 31 90
    255 185 75 32 63 14 0 75 0 163 0 0 255 219 91 216 0 190 0 255 255
    228 229 50 222 250 92 226 0 252 86 84 155 31 233 255 154 20 255 38 8
    122 11 211 224 255 255 255 141 128 255 154 235 249 0 108 244 117 0 0
    131 161 152 190 108 52 0 255 243 8 176 255 0 0 180 255 0 255 104 35
    212 203 129 255 112 234 255 255 140 119 179 178 102 0 171 255 227 89
    0 97 149 78 40 0 255 21 189 137 115 81 255 120 28 165 0 102 255 244
    0 73 0 0 48 146 216 204 37 0 137 209 0 255 0 145 0 255 155 0 212 0
    58 0 239 0 77 12 169 0 255 255 211 22 69 215 255 65 166 189 217 228
    81 215 206 149 89 152 255 30 0 255 253 5 0 0 247 125 0 72 189 166 0
    252 51 245 168 78 82 0 166 0 227 0 181 0 130 129 0 255 162 255 148 0
    58 0 39 255 170 68 255 30 255 74 0 181 120 221 46 255 255 0 222 201
    0 0 68 0 65 154 0 0 146 123 0 90 177 0 86 158 250 195 255 255 139
    159 150 0 234 234 255 188 110 245 228 246 159 255 34 143 179 255 158
    25 255 255 255 11 61 0 0 0 255 44 140 27 255 0 255 185 63 124 255 33
    148 139 0 117 172 255 0 103 56 49 201 123 4 120 0 255 128 17 71 0
    255 0 199 30 255 62 255 41 192 255 0 118 255 255 0 255 255 50 180 56
    117 251 0 72 0 0 122 222 125 186 133 92 0 0 137 60 127 255 255 255 0
    0 255 0 83 128 255 23 251 179 167 210 4 193 187 98 67 178 194 98 144
    35 251 58 0 18 158 220 0 35 255 200 0 222 162 20 149 255 255 134 180
    209 240 155 255 159 112 179 214 0 201 207 115 82 236 9 0 0 30 126
    131 235 56 0 255 156 85 161 199 61 187 18 0 0 255 51 189 75 0 159 36
    172 0 141 255 0 84 200 0 212 122 0 219 0 255 237 58 0 132 167 0 47 0
    53 141 0 255 255 33 2 81 160 11 74 255 117 72 70 254 0 14 0 55 185
    255 0 255 172 142 232 0 0 210 0 111 255 252 47 251 255 23 78 255 32
    167 117 215 255 255 0 255 255 244 71 0 165 163 255 255 255 255 53
    255 0 255 100 100 196 23 255 214 255 73 0 227 255 255 194 0 73 78
    115 97 1 131 118 99 0 95 210 0 43 141 0 186 0 0 156 255 255 41 0 255
    245 172 0 220 255 243 239 218 55 62 102 200 182 162 109 159 255 208
    186 131 0 255 0 161 255 255 51 220 120 244 255 76 230 132 136 34 255
    90 28 209 86 178 25 255 182 14 199 255 166 105 217 0 202 41 186 41
    127 194 163 181 12 210 31 0 255 70 255 92 0 241 255 106 95 34 56 84
    0 168 246 175 213 194 120 34 52 154 91 219 232 193 127 0 217 179 166
    254 255 228 214 247 156 172 255 58 31 229 0 100 147 218 21 0 255 255
    255 208 70 0 255 27 0 48 255 0 255 12 73 143 0 25 119 0 64 255 0 86
    0 255 0 249 22 214 255 195 0 0 255 20 224 255 201 61 147 221 255 102
    132 255 193 254 207 221 0 246 255 255 58 255 207 102 10 255 255 0 0
    0 252 0 226 88 0 255 172 239 0 7 255 255 174 0 255 0 255 195 120 8
    107 239 0 7 255 255 255 161 20 147 134 0 83 248 224 0 237 136 153
    255 140 193 0 0 255 0 119 0 50 67 232 255 255 217 189 146 205 244
    156 160 44 0 185 255 187 0 92 138 0 26 22 23 255 154 255 246 0 99
    228 41 0 255 255 122 255 0 217 127 125 79 129 0 202 78 46 255 182
    248 171 159 255 100 28 58 20 0 165 0 0 0 162 139 0 154 255 0 141 255
    255 255 99 0 43 255 0 46 106 0 108 48 255 255 237 0 2 220 0 255 255
    167 114 43 219 133 255 113 1 69 255 117 0 0 76 251 55 154 62 30 0 58
    211 0 196 255 87 242 255 199 37 255 145 255 196 182 255 255 184 87
    156 112 155 212 32 211 4 13 126 142 212 128 214 125 0 156 102 255 27
    36 24 0 134 0 217 50 202 236 123 255 0 200 0 50 90 77 183 197 0 11
    255 0 54 119 86 0 94 107 173 58 143 219 0 232 255 144 0 3 255 111
    237 78 255 0 150 170 17 255 13 129 0 30 113 239 182 255 235 63 255
    42 255 91 62 106 127 255 177 0 55 34 7 25 255 255 0 194 255 39 255
    50 0 153 200 255 0 173 0 121 254 0 118 210 243 11 44 255 0 58 153
    255 255 0 255 210 255 192 0 255 72 46 255 40 113 18 0 10 123 194 71
    127 52 136 0 79 40 85 45 151 123 220 186 143 215 64 97 0 255 205 66
    255 55 255 204 154 255 176 255 255 3 7 117 75 50 255 103 249 215 0 0
    241 154 195 0 125 105 27 0 255 175 255 255 188 117 242 235 242 255
    232 0 99 255 85 190 0 255 193 178 206 185 132 57 89 114 0 50 127 255
    14 43 110 255 19 104 96 0 255 1 97 119 0 152 0 176 191 192 128 255
    255 63 124 255 0 255 247 38 233 0 110 118 0 0 0 101 255 0 1 243 53
    255 255 255 248 0 130 0 129 255 21 163 51 255 33 60 212 32 80 84 255
    0 12 0 0 121 0 218 255 255 255 0 158 165 255 0 81 77 255 255 62 169
    123 157 0 0 228 255 0 0 90 0 0 170 0 205 142 41 255 252 255 253 255
    230 255 218 103 81 121 28 106 210 105 211 0 151 161 176 255 177 46 0
    255 22 0 0 0 79 213 97 232 88 102 0 255 0 110 48 0 249 19 255 0 179
    255 173 197 177 225 34 255 44 255 149 189 0 178 230 101 29 0 53 0
    253 27 8 17 99 0 255 38 123 210 253 255 255 215 235 213 255 0 230
    151 65 0 0 0 13 158 39 255 0 118 6 25 255 107 0 255 233 82 201 255
    204 0 255 255 63 17 255 159 57 62 87 0 0 254 0 41 0 127 91 0 80 171
    209 219 196 177 255 39 176 165 255 137 0 39 169 78 90 167 227 255 0
    70 37 133 111 89 255 11 205 255 255 255 186 223 170 255 190 92 135
    19 132 134 63 177 255 50 170 255 172 255 230 123 0 103 117 249 0 35
    181 161 255 99 54 0 16 255 0 255 255 0 180 235 87 51 218 255 135 200
    223 255 245 223 255 65 255 138 77 142 73 253 49 255 114 174 150 114
    144 240 179 8 0 104 255 230 11 255 255 89 21 0 186 214 202 255 211
    68 0 203 151 134 125 235 233 0 159 20 173 98 170 139 255 131 82 31
    178 243 122 255 255 78 255 0 238 0 76 255 255 0 217 255 255 181 0
    205 93 255 97 21 159 104 255 230 0 120 86 227 157 34 57 153 15 59
    106 0 232 201 224 0 255 0 255 0 255 125 102 0 255 252 255 58 173 219
    141 140 45 255 193 0 44 255 255 189 18 130 98 0 0 0 0 0 39 184 113 0
    255 255 226 206 110 177 255 110 255 174 64 255 145 0 0 145 0 73 255
    180 255 255 255 255 208 73 116 17 119 5 104 138 23 255 181 0 6 137 0
    102 96 103 34 145 122 94 255 255 251 255 0 181 19 0 0 123 77 90 0
    210 12 218 0 0 0 209 211 176 28 35 87 0 0 0 7 179 221 69 46 255 194
    9 16 146 81 255 29 230 129 109 2 63 251 255 0 19 72 140 150 237 255
    255 255 91 255 255 230 94 192 0 36 38 139 191 53 255 0 128 191 139 0
    209 50 212 255 133 8 255 110 0 255 157 216 125 68 237 0 0 255 177
    181 0 0 0 255 36 132 255 250 183 192 124 127 229 76 69 67 255 139 7
    255 255 158 141 96 84 9 143 255 255 89 26 255 255 255 0 48 255 13
    255 255 115 98 23 0 39 118 150 0 107 0 0 0 17 0 227 238 0 255 255 1
    113 255 76 189 141 12 138 129 0 255 83 171 41 0 59 94 255 255 83 0
    228 7 129 0 255 0 63 70 181 33 95 201 255 97 255 229 38 73 0 100 72
    0 56 0 11 255 115 20 82 41 0 3 163 81 1 30 0 255 216 255 124 130 220
    137 23 0 168 255 0 6 78 238 255 255 255 131 0 255 32 7 208 0 130 6
    205 143 92 255 0 0 255 0 255 95 124 81 193 107 255 183 176 113 130 0
    255 0 159 246 0 232 167 212 255 255 165 59 255 0 41 114 233 0 0 0
    173 255 0 130 47 25 0 255 187 0 42 255 0 255 0 167 195 0 0 74 228
    255 72 119 255 0 250 255 102 255 0 173 255 160 255 0 139 0 0 255 247
    0 0 240 66 106 255 0 249 80 0 0 0 100 250 178 6 53 38 0 0 255 0 35 0
    0 255 223 0 217 109 50 96 0 251 255 184 0 255 164 34 0 208 0 112 116
    220 255 118 255 247 177 226 0 89 0 255 36 0 253 247 255 0 0 107 255
    255 147 255 255 217 254 0 255 140 0 41 97 0 73 44 97 52 186 0 255 0
    0 203 144 255 169 61 255 255 255 124 255 73 255 168 17 205 253 0 43
    0 147 146 229 190 72 198 45 93 239 255 0 20 255 167 20 135 136 0 255
    255 118 216 0 255 93 255 205 255 18 147 79 255 50 168 145 159 1 109
    255 2 151 47 38 108 0 37 37 255 0 236 154 138 255 8 255 0 18 65 92 0
    109 255 255 67 36 110 138 179 15 255 255 0 121 255 167 255 0 221 29
    108 139 45 0 238 0 255 76 34 255 255 255 18 255 221 0 189 248 0 82
    255 229 107 14 97 120 255 226 105 138 87 62 170 255 0 191 255 17 0
    196 74 0 183 255 20 51 50 80 53 159 0 169 88 0 148 0 255 172 87 71
    237 236 255 255 255 105 105 0 183 177 0 255 195 0 53 207 170 154 0
    255 51 35 184 0 121 255 63 12 139 196 64 237 228 255 38 192 248 255
    255 20 140 80 168 183 255 255 31 33 52 135 175 250 255 255 255 64 43
    189 0 0 53 147 155 211 0 209 106 199 148 255 3 255 72 60 53 140 79
    32 215 255 52 211 117 236 0 255 245 215 255 0 0 255 198 52 0 255 0
    236 46 255 48 43 183 163 197 180 19 192 95 255 108 232 207 255 22
    255 232 169 255 0 223 20 0 121 0 226 171 143 185 0 255 120 27 117
    190 126 246 0 205 255 250 125 169 55 0 156 255 232 0 206 0 101 0 193
    255 123 68 65 255 179 255 147 30 120 117 13 0 67 255 238 0 192 180
    36 255 0 198 255 148 0 141 225 0 237 181 20 195 246 76 58 82 0 255
    103 255 176 116 46 0 0 65 255 0 247 255 205 119 213 142 0 243 255 25
    255 0 53 255 6 70 48 255 58 110 255 105 251 236 99 41 35 255 0 211
    29 125 246 255 0 69 219 124 16 228 0 65 8 27 0 176 255 0 159 0 38 77
    113 0 255 0 255 255 185 81 2 114 0 255 255 10 242 65 143 68 89 136
    170 190 214 245 0 240 0 0 167 0 0 77 128 0 35 218 255 255 255 183
    249 255 102 40 25 7 157 135 94 255 172 0 235 0 108 196 0 255 105 217
    198 183 255 244 205 255 87 0 255 204 237 23 47 255 31 43 137 91 113
    0 50 255 255 75 128 0 25 205 12 0 189 245 0 223 173 255 255 81 160
    255 96 95 67 0 255 255 0 144 40 226 17 108 255 176 13 255 0 250 79
    70 0 108 0 31 0 255 111 69 0 255 0 208 255 22 232 222 255 204 0 180
    102 133 35 231 55 240 114 27 31 190 0 239 42 141 0 178 251 244 80 77
    207 10 106 105 166 192 0 0 151 0 0 180 101 0 255 72 255 154 219 15
    255 158 225 211 178 185 255 68 178 255 67 0 0 143 240 255 0 12 246
    50 0 0 19 25 255 138 35 255 0 255 0 187 2 255 118 0 85 255 169 0 255
    137 58 0 0 255 235 127 0 120 255 255 255 235 174 214 228 255 255 212
    0 219 135 33 0 0 255 124 171 255 65 45 73 0 255 0 183 97 255 8 133
    143 199 205 0 203 0 46 219 255 0 152 151 193 212 255 255 69 0 245
    255 0 224 237 0 235 78 232 188 58 255 153 247 164 42 0 0 0 255 222 0
    212 255 148 255 81 211 255 0 218 0 3 127 0 0 185 117 255 149 48 212
    216 0 53 122 99 254 255 255 0 0 81 77 255 53 219 0 0 113 0 0 220 0
    255 0 191 255 86 129 142 22 0 53 154 221 0 97 143 237 255 63 68 0
    183 121 8 127 255 202 111 0 154 242 61 210 155 181 110 207 99 165
    126 161 0 255 40 93 57 255 255 0 0 48 43 255 166 2 219 0 35 0 208
    255 17 88 255 159 91 252 104 205 255 0 245 158 0 0 146 255 152 150 0
    247 255 255 148 124 95 255 77 255 198 172 255 169 255 255 136 147 35
    80 255 189 255 0 202 0 0 55 0 175 131 0 255 86 182 241 5 57 0 0 255
    0 72 143 4 255 173 62 255 117 0 13 0 77 0 0 19 191 12 168 255 225 75
    221 255 251 191 51 117 0 178 255 59 0 143 156 165 20 0 255 159 157
    255 37 255 213 0 255 0 0 197 255 157 255 0 119 255 0 126 0 226 72 0
    244 0 0 254 255 255 255 87 255 43 108 0 45 255 216 252 2 0 255 189
    138 32 249 185 255 0 11 255 157 214 0 221 0 0 0 0 74 112 0 101 166 0
    120 132 85 126 75 0 17 86 0 237 0 232 7 0 255 152 189 255 255 141 4
    89 154 0 0 89 188 0 0 172 255 255 81 255 255 155 114 255 59 255 198
    255 103 67 255 0 161 254 35 255 180 84 136 0 135 0 0 0 132 0 226 0
    84 126 48 247 196 53 255 255 0 255 238 101 255 255 160 0 253 225 28
    112 172 0 164 204 47 255 234 0 115 166 35 125 0 155 190 255 217 88
    255 0 162 0 0 0 48 0 2 155 203 248 217 36 82 0 0 84 250 233 166 49
    255 255 3 174 255 255 255 44 243 185 239 79 251 0 23 110 116 164 255
    61 192 42 0 0 50 0 0 0 0 161 0 11 135 11 216 255 255 255 0 46 255 0
    255 95 229 186 255 113 255 5 255 101 61 0 11 210 0 15 60 1 8 152 207
    0 237 166 255 255 105 49 87 69 118 255 253 243 19 0 102 0 174 175 77
    42 0 162 223 199 248 255 1 133 99 113 55 29 255 255 149 0 196 157
    150 101 255 192 140 251 97 255 39 44 255 151 255 201 178 255 9 0 255
    156 0 0 209 0 154 172 229 0 100 255 0 0 200 0 128 233 184 199 255
    255 255 222 255 182 225 0 255 0 222 143 255 249 0 104 255 15 146 157
    35 46 71 209 117 229 22 255 84 220 3 255 218 196 50 71 112 246 127
    64 54 37 85 255 0 0 9 193 13 71 255 255 248 133 160 111 225 0 0 0
    185 47 0 255 12 42 96 174 255 94 0 255 193 251 255 0 22 185 17 209
    66 200 0 117 255 255 255 64 152 255 147 16 98 73 27 120 251 69 212 0
    255 0 255 103 255 116 128 130 255 255 0 255 109 38 128 223 201 248
    255 91 218 176 211 208 59 0 0 19 255 254 107 0 255 62 255 141 109
    255 152 209 87 62 0 73 95 96 0 255 208 85 221 73 135 120 0 0 94 110
    204 171 105 50 224 0 220 61 0 158 140 160 140 24 0 49 203 0 0 159 58
    0 0 87 255 0 0 255 50 117 0 0 70 0 124 95 255 192 0 48 110 0 45 155
    54 9 219 183 16 30 255 0 0 252 0 77 255 0 0 113 40 229 0 150 147 242
    2 123 255 0 125 14 94 255 138 255 255 255 0 36 2 226 255 0 215 255
    43 0 0 190 96 127 191 227 211 0 180 116 220 59 62 227 254 207 255
    191 0 2 255 71 103 118 255 109 92 0 53 171 237 173 92 0 25 140 9 255
    255 156 0 24 255 94 255 160 105 217 78 0 0 255 144 193 255 85 219
    138 255 245 109 185 0 249 221 0 96 35 255 252 245 255 1 32 51 23 19
    73 218 0 131 255 63 75 253 0 39 53 0 123 196 246 0 30 0 81 0 247 214
    100 255 194 155 182 203 145 255 171 255 0 183 19 34 255 36 99 222 0
    241 29 53 237 255 239 121 107 20 37 255 124 54 233 255 151 255 255 0
    196 42 55 0 90 242 255 214 0 51 0 61 89 80 236 67 132 120 98 119 59
    178 130 49 0 150 162 133 0 0 255 132 194 122 23 255 24 98 255 255 58
    131 102 208 17 136 191 61 27 141 235 206 0 218 18 255 0 255 90 255 2
    218 0 163 188 187 0 211 187 255 193 139 245 161 255 143 0 184 255
    255 255 0 50 76 86 191 243 203 48 103 123 27 0 102 96 255 0 255 111
    168 181 211 2 0 0 114 243 143 0 231 255 71 236 255 170 44 140 0 87 0
    54 255 90 76 235 137 0 180 158 0 211 255 113 169 255 255 0 0 0 191
    186 38 163 211 97 255 106 19 241 27 0 0 199 155 194 242 255 241 115
    0 255 0 4 203 55 0 190 155 122 0 0 172 57 200 0 19 39 255 0 255 236
    255 255 255 35 160 143 255 76 93 255 146 223 0 203 255 82 0 255 157
    136 110 69 102 255 0 44 126 220 0 255 110 148 137 87 215 19 255 86 0
    244 148 72 190 9 238 175 7 148 134 154 105 0 255 84 191 44 237 224
    28 255 37 0 70 153 209 46 0 240 93 255 255 218 215 114 255 120 105
    255 185 250 229 255 0 130 192 42 182 128 125 255 10 160 93 84 27 253
    135 0 189 0 200 167 237 255 0 189 39 59 3 0 255 255 3 255 184 255 0
    126 25 10 201 49 56 248 6 32 0 143 76 164 49 26 186 49 0 80 8 139 10
    0 105 211 249 0 188 73 255 159 0 77 255 64 66 23 106 0 226 0 255 0
    255 192 40 35 0 0 73 136 1 60 8 121 9 160 255 0 220 255 86 0 255 255
    26 21 0 104 225 0 0 141 255 255 99 125 0 255 19 205 126 143 0 52 175
    194 107 255 0 179 59 209 33 0 233 52 119 35 225 200 116 22 207 184 0
    254 0 192 108 255 218 177 118 0 203 32 71 52 0 0 0 0 175 46 255 81
    121 27 106 255 132 92 179 0 197 136 0 0 210 22 185 0 5 238 160 194
    255 183 0 89 64 203 0 98 255 27 198 62 7 0 103 199 61 169 188 255 0
    128 138 94 255 0 255 0 0 242 81 255 174 0 97 79 205 106 190 107 0
    107 52 141 0 104 81 11 0 255 255 0 178 200 224 0 255 0 196 0 117 228
    198 255 0 141 156 198 153 104 255 194 4 126 0 0 0 160 167 255 219
    255 112 180 56 255 255 153 0 240 0 50 128 249 104 255 255 0 116 159
    0 63 179 84 201 0 255 240 0 136 0 231 0 255 190 255 105 164 255 127
    187 0 180 254 0 58 129 236 251 69 0 26 255 0 205 255 158 13 0 51 255
    202 255 134 237 255 12 251 0 247 42 137 171 255 255 255 38 196 255
    255 118 0 255 0 135 159 255 176 85 84 255 62 27 246 0 129 30 172 12
    25 255 77 255 77 115 0 61 210 96 131 170 255 80 190 143 255 247 189
    0 181 132 0 152 0 0 69 99 73 97 15 184 64 119 199 90 4 207 77 110 97
    0 231 174 12 59 246 0 255 0 212 255 252 118 29 255 255 255 0 44 255
    53 119 172 255 110 0 8 166 184 101 48 255 255 240 136 0 255 115 217
    142 255 0 188 152 0 0 255 48 247 46 56 97 0 255 33 52 215 0 0 8 0
    255 0 255 255 66 62 224 0 127 73 0 209 137 148 0 226 0 0 4 255 16
    255 101 157 200 255 255 0 56 137 0 56 0 242 255 0 0 73 235 80 0 255
    126 36 228 0 182 210 13 105 169 244 3 255 0 0 133 175 26 78 45 255
    38 255 249 0 114 224 0 255 232 0 162 255 0 0 251 161 52 33 57 255 0
    197 0 0 22 0 0 63 0 29 0 0 248 14 176 40 196 38 191 255 0 0 228 146
    128 255 228 21 119 255 76 206 255 155 0 0 167 0 19 124 208 0 0 79
    117 255 36 29 0 136 44 219 187 255 96 14 255 118 20 0 144 0 0 5 0 29
    137 114 0 101 33 75 29 84 69 238 128 8 149 0 201 255 243 120 202 154
    216 124 229 179 11 255 68 5 193 0 9 0 195 6 20 123 0 73 150 0 178
    148 223 101 207 209 137 14 106 0 29 203 230 193 0 111 84 175 148 72
    44 99 250 253 221 255 199 124 3 205 255 241 255 255 122 167 255 241
    0 255 147 119 156 0 83 224 197 255 255 255 77 0 21 0 15 143 168 255
    210 89 116 20 169 131 185 187 166 0 0 208 0 255 0 79 255 255 0 162
    105 255 56 189 249 95 255 169 40 255 0 74 212 219 255 255 69 18 47 0
    194 115 38 182 0 237 0 166 255 123 210 202 22 0 71 145 18 0 0 207
    175 101 66 229 116 255 75 40 241 249 255 255 6 13 200 255 255 193 0
    74 255 20 255 56 77 142 234 247 188 255 19 0 151 0 149 0 0 255 234 0
    255 20 140 145 255 143 179 1 255 170 92 0 110 129 206 205 0 88 125
    196 255 36 0 0 0 1 210 243 255 78 184 146 0 0 122 0 199 84 255 223
    222 87 213 168 217 65 129 132 230 230 78 255 58 0 255 148 102 0 255
    0 0 120 2 122 158 87 0 221 99 0 0 223 0 202 76 79 229 81 22 255 188
    234 113 0 221 172 255 0 0 0 255 3 63 73 0 255 182 178 177 149 121 0
    26 48 79 216 212 255 140 62 255 0 17 10 107 255 217 255 32 128 0 253
    189 36 0 255 132 69 110 164 255 180 255 0 255 3 0 0 255 255 255 128
    137 120 0 19 255 168 45 6 155 255 43 158 203 144 68 52 105 179 255
    28 146 8 77 178 24 40 36 139 62 255 0 155 5 113 255 120 150 11 202 0
    255 232 20 255 255 0 74 25 0 250 132 255 35 255 253 10 135 129 36 0
    81 223 42 6 29 222 255 255 255 255 255 255 241 89 223 148 226 0 226
    151 255 0 185 138 211 0 102 106 103 233 176 255 0 222 36 185 17 229
    227 152 248 255 16 255 255 255 38 161 255 162 0 38 0 66 0 92 200 212
    125 61 171 255 143 141 69 76 255 7 70 70 92 127 255 180 18 80 214 0
    0 21 172 20 216 161 197 56 80 0 255 2 136 38 255 85 0 255 175 174 1
    101 255 66 255 187 201 250 117 0 235 194 190 255 136 0 255 0 24 255
    59 113 5 255 233 232 50 249 141 213 55 171 74 46 52 240 220 232 16
    255 53 180 228 49 0 210 196 188 215 47 75 145 235 17 158 255 255 255
    255 107 255 255 68 66 255 0 255 101 185 16 0 228 0 201 56 178 174 0
    165 0 26 255 166 58 171 197 0 0 255 255 255 58 255 209 239 255 96
    177 0 0 0 210 196 8 194 0 0 238 107 241 255 102 126 48 0 151 85 0
    255 255 255 26 92 137 156 0 124 54 0 198 255 38 123 60 71 208 248
    223 17 0 175 188 94 109 196 69 16 255 39 53 0 195 94 77 54 42 255 64
    11 0 77 82 146 112 4 106 55 213 255 0 0 37 0 186 0 238 227 255 0 221
    255 0 80 255 255 255 0 33 0 0 193 220 251 111 150 110 0 0 0 133 203
    255 0 116 132 248 225 0 0 255 0 255 212 244 0 38 255 255 191 170 202
    189 71 247 255 229 255 247 62 40 102 63 11 14 0 0 41 255 0 214 255 4
    255 255 133 48 0 121 50 2 0 94 255 165 19 255 192 131 70 0 255 168
    81 255 134 0 103 252 0 0 255 255 255 196 16 113 165 238 15 255 0 247
    150 162 35 0 235 226 58 148 255 54 0 234 41 255 255 199 129 255 122
    7 255 130 135 45 218 194 202 0 218 206 161 0 181 255 0 151 5 255 86
    168 246 137 238 255 23 115 114 35 0 83 0 87 186 203 226 29 255 254
    31 233 14 88 8 19 107 201 196 136 214 23 246 248 255 0 244 0 83 212
    167 142 0 33 230 57 126 88 0 0 255 0 131 243 20 66 184 73 0 0 255 30
    0 38 157 217 199 0 0 255 255 0 161 10 151 105 48 219 44 181 46 255
    221 180 0 247 0 190 70 121 255 0 248 224 0 179 255 151 75 0 181 186
    109 140 255 5 255 31 255 117 255 255 247 215 0 0 74 255 112 226 191
    0 97 232 224 165 105 11 255 170 189 246 136 91 234 255 173 101 92 1
    26 223 105 27 0 169 75 123 143 251 116 18 136 86 122 33 203 235 7 55
    59 211 255 0 255 0 3 255 255 60 255 127 173 0 255 255 255 41 0 133 0
    245 255 0 252 34 122 0 0 11 255 124 120 0 242 255 255 186 3 247 114
    222 25 0 30 247 130 87 255 255 119 157 180 0 188 107 0 255 0 83 255
    0 0 169 4 151 44 209 0 228 0 0 0 195 82 145 255 197 255 56 140 170
    255 133 0 255 255 72 19 200 63 249 255 255 183 93 0 137 1 172 114
    240 147 0 23 58 0 0 248 0 144 172 160 255 0 0 82 224 58 255 246 0
    231 146 201 0 63 255 100 41 255 0 30 255 0 84 187 1 153 250 62 230
    255 0 0 0 94 231 203 181 86 190 255 0 101 225 0 186 178 255 206 189
    255 255 101 0 68 233 179 198 63 0 0 255 177 255 77 0 255 18 132 134
    251 148 255 93 255 0 239 255 215 107 50 116 0 0 255 207 0 190 97 11
    255 184 211 255 0 185 41 170 81 57 101 102 255 255 12 0 210 0 127 0
    211 129 213 94 0 255 255 22 1 147 204 255 224 0 84 255 255 17 160
    255 150 203 242 89 255 173 193 255 110 206 111 255 255 107 5 32 255
    195 253 124 146 255 0 170 123 255 255 36 221 39 103 0 162 2 255 28
    151 255 0 0 32 196 0 18 255 255 0 255 203 196 199 28 188 57 21 222 0
    196 0 211 112 153 208 0 255 69 0 46 0 57 54 0 0 255 51 255 190 7 255
    0 95 87 51 48 110 255 36 207 196 54 97 69 6 246 255 201 255 255 0 75
    174 137 14 191 0 0 255 58 255 0 79 87 138 169 79 0 43 0 0 91 255 222
    188 215 90 255 255 0 5 255 255 146 112 40 171 66 255 202 255 212 0
    246 63 255 32 255 213 9 237 161 0 199 64 228 44 0 255 20 194 255 237
    255 255 15 255 0 248 255 158 99 0 228 255 193 248 46 12 209 83 0 0
    36 76 255 89 230 164 67 157 129 39 0 255 73 239 240 129 164 255 104
    0 251 133 97 122 0 0 99 255 187 0 199 240 0 255 0 0 13 18 0 228 70
    53 0 0 0 1 128 255 220 255 201 161 29 106 114 255 0 23 232 255 3 243
    59 21 255 143 255 0 0 255 60 103 34 196 0 0 161 255 255 5 255 58 255
    131 159 117 140 0 7 203 208 226 255 44 0 0 0 0 189 73 168 0 0 42 49
    0 114 0 246 206 52 105 101 255 0 206 23 232 90 255 149 66 57 53 255
    0 11 92 0 177 0 142 58 232 243 188 255 255 255 0 255 255 255 187 3
    75 177 0 0 183 0 220 47 255 255 51 0 75 207 194 210 0 187 16 61 10
    255 76 71 206 255 255 255 0 173 255 72 255 149 255 255 19 50 13 124
    170 12 217 97 136 96 0 255 99 0 255 27 9 255 114 0 153 252 0 173 143
    218 153 62 253 233 36 255 180 43 98 241 255 98 255 28 6 79 0 62 0
    255 75 0 21 255 255 142 98 255 255 11 0 0 255 0 115 0 255 0 175 0 0
    254 0 54 0 0 37 178 176 18 0 212 163 255 13 0 238 0 99 0 255 0 0 23
    0 182 135 202 255 0 110 255 80 0 141 191 189 237 0 0 0 190 255 2 231
    255 255 122 124 255 157 23 96 14 255 233 46 255 104 255 89 131 179
    197 255 74 248 255 206 0 71 116 110 255 217 217 255 242 72 223 139 0
    238 0 75 138 205 111 155 127 140 16 210 0 144 181 0 172 255 255 32
    255 255 26 71 103 255 244 0 0 101 26 255 127 201 105 53 13 78 124
    231 113 192 67 0 14 254 0 0 159 22 0 0 36 255 149 255 142 228 91 140
    78 255 0 41 45 241 0 132 136 53 232 46 195 51 162 0 237 255 0 74 118
    255 95 124 0 0 255 169 114 225 0 178 8 255 200 147 255 43 186 76 209
    118 0 255 0 132 197 255 255 164 255 187 230 133 243 255 7 92 255 166
    0 0 234 255 84 172 255 86 255 255 242 251 255 0 0 0 251 5 0 172 148
    240 63 255 0 233 32 3 255 0 9 160 26 235 23 0 255 133 0 255 0 0 229
    114 249 0 168 70 55 83 114 203 153 116 213 38 118 114 255 56 16 255
    255 38 0 0 206 0 194 0 207 255 54 0 0 173 79 245 0 217 0 151 198 196
    255 60 95 212 255 18 203 249 0 59 28 3 203 12 164 255 118 176 29 255
    255 115 110 69 192 255 0 64 253 0 43 0 143 255 122 254 204 40 255
    246 140 0 0 111 0 101 0 101 255 17 0 0 255 255 98 255 226 0 182 71
    255 229 255 6 149 255 0 99 255 187 255 26 82 194 255 255 124 164 37
    255 36 127 255 0 80 232 0 179 213 236 255 206 0 255 137 236 36 255 3
    180 255 14 255 239 115 220 184 255 65 255 255 0 0 247 14 11 0 97 223
    230 13 6 190 175 255 0 230 148 37 179 232 250 218 13 168 88 34 69
    245 24 80 108 91 0 116 0 31 131 0 178 255 0 212 238 137 185 176 255
    44 106 0 237 0 0 97 124 11 255 231 225 255 250 255 125 230 56 30 72
    0 172 203 13 119 255 30 255 244 255 0 255 255 177 106 9 34 0 225 123
    34 255 49 242 221 0 255 237 36 129 0 133 154 61 174 97 88 234 255 78
    255 52 109 89 41 255 0 113 252 255 65 109 8 255 41 244 5 229 0 124
    32 0 108 255 215 255 103 255 0 255 52 6 0 255 199 127 216 36 255 0
    220 0 134 0 173 255 203 255 255 0 30 178 229 255 61 159 171 173 191
    255 255 86 255 242 0 0 60 209 110 21 0 255 126 189 55 255 110 9 255
    0 207 51 221 31 255 255 255 241 0 255 197 0 0 4 4 0 135 234 255 73 4
    15 255 54 0 0 130 0 95 0 136 50 241 112 79 137 212 255 126 255 245
    252 118 0 87 237 238 255 90 0 255 235 0 198 93 207 0 81 0 255 255
    208 255 156 249 33 0 61 255 250 71 112 0 255 235 255 0 0 251 13 90
    69 129 255 31 245 116 132 0 255 255 255 4 249 255 249 76 55 255 23
    115 3 43 255 73 0 154 86 0 211 133 33 42 191 118 73 0 0 186 155 38 0
    255 225 9 39 45 197 0 206 255 30 255 255 91 92 0 0 224 255 0 95 167
    255 0 27 12 0 251 0 57 255 133 0 0 0 255 109 240 117 255 45 0 199 0
    117 39 203 57 10 190 255 255 91 73 35 133 255 255 255 0 255 127 19
    255 64 47 0 255 255 200 208 255 40 99 57 216 255 118 98 255 238 255
    255 39 228 203 207 240 0 169 65 94 218 255 0 143 165 111 255 0 234
    255 187 12 0 125 146 224 201 0 141 240 61 237 0 0 18 93 160 80 226
    92 50 83 29 33 87 247 255 70 109 168 0 226 0 0 255 50 255 241 255
    255 100 255 34 0 32 0 0 108 93 158 47 194 35 255 227 206 254 255 255
    24 175 188 49 121 128 162 157 17 208 0 18 190 10 0 249 255 47 75 251
    11 9 141 255 227 150 138 0 255 121 189 210 58 0 0 189 0 82 222 242
    255 134 255 40 213 55 0 157 0 255 255 255 58 255 162 23 119 255 255
    124 245 136 117 184 20 153 15 193 0 255 28 255 192 0 79 165 194 22
    101 237 55 255 114 206 0 0 255 73 71 50 160 0 255 144 255 166 255
    101 43 0 195 168 75 255 255 149 255 255 215 80 96 200 41 255 23 6 65
    196 0 224 255 255 0 42 34 176 255 98 167 200 189 76 171 0 0 39 234
    141 38 0 255 169 255 255 217 255 44 148 255 168 56 204 81 84 24 114
    64 255 159 60 255 255 47 0 255 124 0 55 0 50 225 255 0 77 32 255 38
    151 255 154 33 27 189 0 1 50 62 168 255 184 255 191 255 0 131 0 27
    71 0 234 0 149 255 165 255 159 46 25 24 0 228 104 54 39 0 104 50 181
    195 14 203 149 66 205 255 35 123 68 255 131 227 255 0 255 255 0 4
    100 235 5 255 65 255 232 255 130 122 173 0 167 73 0 0 255 0 0 191
    144 12 112 89 232 255 255 151 172 255 255 178 177 200 163 255 129 69
    87 13 49 171 157 255 0 75 0 0 127 216 0 255 68 196 0 173 163 255 8
    232 0 30 12 212 155 0 255 1 0 255 188 154 217 255 0 63 216 255 164 5
    83 232 7 0 0 255 74 255 77 29 0 236 19 158 1 9 181 188 255 237 255
    59 0 179 239 0 20 255 221 0 255 60 0 0 0 89 251 255 255 166 255 199
    0 255 207 0 0 201 82 173 0 0 175 0 86 255 255 106 226 140 255 163
    255 163 0 125 109 0 180 151 214 92 180 0 241 0 197 237 0 163 0 33 11
    255 181 136 223 112 80 255 220 109 9 0 13 79 0 73 0 33 128 162 40 0
    142 238 132 239 255 102 52 166 0 0 221 0 255 255 255 2 0 85 255 207
    0 74 255 255 0 110 11 72 188 203 255 255 239 200 161 227 73 203 255
    0 122 183 30 255 86 184 255 86 255 89 241 151 0 196 81 0 144 255 0
    124 49 118 0 0 19 255 0 229 40 57 255 255 255 255 181 253 79 58 196
    64 255 75 255 0 44 255 243 255 179 10 0 156 0 0 0 255 144 51 172 128
    139 0 232 0 255 92 0 255 135 102 68 255 92 0 200 58 255 226 255 109
    42 41 11 190 152 165 255 121 77 39 255 143 46 255 255 140 0 71 107 0
    247 51 134 193 250 118 205 255 67 101 21 1 56 255 27 36 104 255 0 0
    104 255 0 182 115 245 50 46 182 255 129 255 197 0 174 205 95 33 205
    162 82 57 51 200 255 119 45 255 255 0 171 31 8 50 36 255 65 0 51 250
    255 0 80 255 126 177 202 255 210 226 6 0 255 95 0 44 97 48 255 0 255
    103 30 163 255 99 199 255 255 49 255 251 39 0 75 17 157 146 119 16
    195 255 80 0 255 255 250 39 255 186 54 198 0 95 255 162 51 255 255 0
    169 131 202 255 118 23 0 37 25 0 184 235 152 123 248 18 233 255 10
    206 74 0 255 0 24 92 97 255 58 69 127 255 255 255 255 91 0 171 255
    62 0 174 159 217 178 206 99 51 0 153 30 177 160 79 96 115 0 0 159
    131 0 218 232 123 205 173 0 0 21 249 207 206 68 22 90 188 116 116 76
    13 0 0 48 241 143 150 224 0 180 216 0 0 0 229 239 92 15 58 159 106 8
    124 248 121 0 255 0 255 197 152 176 0 59 231 12 255 50 204 255 15
    178 8 0 189 255 40 28 125 255 255 255 47 88 168 155 52 255 155 144
    186 25 255 74 255 119 214 221 0 226 241 59 255 42 0 255 59 200 166
    184 0 126 62 255 193 46 48 139 0 92 0 186 161 0 255 139 206 0 0 100
    0 6 176 255 137 220 252 0 0 255 255 236 0 107 227 246 0 209 0 255
    252 126 165 245 255 255 102 255 214 224 172 0 0 255 137 226 255 219
    255 0 133 235 230 75 144 98 255 255 134 0 255 134 176 0 0 228 181 0
    64 0 171 120 133 255 117 255 0 255 29 255 187 0 255 91 112 180 255
    211 22 235 69 255 20 255 110 0 255 62 0 211 218 0 0 255 0 255 255 0
    42 0 245 47 69 44 255 149 255 255 119 0 23 0 255 0 137 179 255 247
    84 241 234 48 0 127 95 48 255 50 104 0 255 255 70 0 0 203 126 87 0
    255 195 0 38 111 0 185 162 203 107 96 150 78 0 63 152 58 252 20 0
    255 134 57 255 0 90 222 61 0 85 255 255 255 53 255 255 133 99 2 0
    101 237 74 138 156 209 0 0 58 255 176 255 255 0 252 52 0 136 0 96
    242 0 138 232 0 87 93 63 211 30 0 251 255 255 200 255 90 255 104 240
    255 152 0 0 0 255 210 0 255 255 131 75 0 8 255 93 0 47 0 204 169 7 0
    148 255 7 255 255 255 0 123 90 24 255 247 219 182 25 64 0 214 0 171
    205 112 0 230 224 230 139 249 166 103 134 154 121 0 202 0 255 0 255
    225 98 0 0 255 0 22 0 0 165 0 208 161 130 82 255 106 223 255 111 0
    255 209 174 224 176 207 42 175 150 67 245 177 255 255 3 101 201 202
    214 0 198 145 125 255 240 255 202 0 255 119 177 97 255 255 115 174
    97 178 0 65 255 0 171 16 176 20 0 0 84 30 255 192 255 0 239 255 0
    228 93 255 255 255 31 0 255 78 29 255 243 0 255 255 15 178 253 254 0
    123 238 255 103 102 252 255 24 0 255 125 250 53 18 0 63 0 255 50 255
    149 112 170 19 255 183 165 255 236 157 97 201 206 228 255 231 0 0 83
    0 225 255 84 117 118 21 255 221 118 255 255 233 132 211 255 182 92
    55 231 11 176 145 120 45 0 235 0 255 42 215 215 0 235 255 203 41 200
    158 224 180 0 207 180 255 0 255 42 0 255 191 207 106 215 3 0 217 255
    176 196 255 5 186 255 176 146 126 72 149 152 245 165 48 155 13 51
    120 0 0 255 255 255 0 2 255 33 255 255 186 187 255 0 255 17 255 255
    164 255 168 46 255 134 164 240 235 0 16 19 0 255 255 0 6 3 125 255
    30 74 17 1 30 0 0 151 131 219 135 0 143 32 159 181 177 239 151 255
    29 211 210 255 255 165 199 255 218 79 171 67 0 0 0 36 255 192 206 5
    115 203 88 0 89 255 133 123 240 216 238 197 11 2 124 181 234 255 255
    85 0 204 179 0 30 0 115 255 4 167 245 0 0 0 0 72 227 255 255 0 0 0
    160 0 57 171 243 186 102 213 0 86 248 208 0 168 211 1 0 204 148 0
    255 244 216 241 0 32 112 255 255 86 20 255 255 66 255 110 230 120 14
    201 240 255 59 231 149 255 255 19 0 62 72 44 255 173 242 96 115 116
    81 145 0 255 80 0 0 0 0 15 42 197 64 235 4 255 134 30 0 255 138 224
    255 255 140 142 31 169 255 255 0 0 13 0 255 255 255 116 3 127 42 0
    142 65 24 234 146 0 225 190 184 46 91 255 0 92 6 59 55 92 255 35 70
    6 255 255 45 255 255 0 255 0 0 0 244 232 150 0 255 0 0 97 255 0 206
    80 0 0 67 205 255 52 46 255 0 21 240 146 0 255 255 136 4 40 160 150
    0 0 77 99 155 168 255 0 100 111 170 100 255 255 146 36 226 225 0 87
    72 246 242 0 155 14 76 0 109 255 231 0 62 50 10 255 0 0 0 114 176 0
    216 163 255 191 0 0 131 52 57 139 255 255 0 84 239 218 202 255 255
    181 127 67 255 255 183 176 233 0 0 212 129 221 92 143 255 145 28 0 0
    0 81 0 0 255 182 29 255 10 124 217 255 218 0 160 210 0 153 35 159
    185 137 63 181 86 87 134 130 213 189 167 255 255 225 0 3 0 0 77 25
    255 255 255 255 50 214 10 105 211 0 65 211 0 39 52 255 255 35 0 24
    140 204 141 25 0 0 75 220 56 217 215 0 255 0 0 207 77 145 168 213
    239 0 107 31 255 220 68 0 255 0 47 0 239 0 68 103 255 0 85 255 144
    255 149 0 135 0 68 255 160 61 250 39 177 255 20 255 141 255 140 160
    255 251 208 183 145 0 0 255 0 87 190 66 0 25 180 40 101 0 143 0 14
    16 0 130 0 78 113 255 87 255 255 173 136 255 240 70 51 171 67 94 255
    255 45 132 0 255 224 104 0 255 50 201 130 84 118 56 22 71 179 0 60
    118 0 0 65 178 241 168 229 73 0 129 142 255 0 0 249 162 198 255 57
    116 255 94 255 171 0 255 43 56 164 181 33 34 98 4 255 255 38 255 189
    0 124 68 204 255 195 255 240 255 182 158 246 173 0 0 54 229 218 177
    167 40 0 229 44 9 38 225 194 101 96 33 255 105 161 184 181 0 180 192
    166 6 0 255 0 219 28 5 226 85 0 44 34 252 232 206 96 119 67 8 220
    255 156 0 248 0 85 0 0 190 160 28 255 255 227 56 255 255 69 0 162
    255 0 110 166 45 0 255 255 135 2 64 0 255 108 0 62 0 16 255 86 0 204
    255 150 143 30 0 227 96 0 255 255 209 27 0 82 9 255 143 72 101 169 0
    68 205 0 0 0 85 255 0 94 224 112 146 255 234 255 151 137 0 227 50 53
    216 159 182 255 40 157 0 179 20 255 47 0 57 15 0 0 173 58 0 62 90 0
    0 0 255 64 255 255 42 195 227 15 68 174 30 0 255 20 67 29 153 0 46
    255 0 28 255 0 0 219 181 3 157 44 0 0 178 255 0 0 103 113 240 255
    193 35 71 145 255 93 83 183 0 255 181 255 255 137 162 112 0 0 196
    109 238 73 0 193 180 0 255 117 0 27 62 0 161 152 0 49 0 220 0 105
    255 183 0 6 255 76 255 238 193 69 138 0 143 0 0 21 0 87 255 255 40 0
    255 228 0 36 0 255 0 221 255 229 157 52 172 160 0 255 255 227 255
    211 218 219 0 96 0 0 228 154 237 0 145 102 0 255 126 255 50 143 176
    215 0 134 248 0 233 0 0 0 133 0 0 255 125 0 255 136 33 68 47 206 12
    0 255 185 255 255 169 159 255 0 74 182 255 255 255 255 0 2 0 10 255
    0 255 111 0 255 14 62 0 159 30 45 228 188 255 255 178 53 232 0 0 155
    13 205 255 86 255 33 255 0 255 131 255 255 7 121 166 233 164 187 84
    233 0 211 128 255 218 60 0 147 255 160 0 231 195 0 255 249 44 0 0 0
    77 117 165 0 180 144 106 255 47 110 206 45 105 255 85 79 255 80 216
    128 17 70 0 255 227 1 171 255 0 207 255 54 49 160 255 161 255 70 123
    111 255 255 136 129 88 251 5 0 0 74 179 255 255 255 255 66 0 0 0 55
    44 196 45 0 255 255 239 85 101 255 235 71 0 87 134 39 196 90 138 102
    0 217 18 26 62 109 4 151 255 246 169 4 116 152 255 44 132 255 8 185
    0 122 14 140 240 252 255 103 255 11 0 0 80 138 59 198 118 255 194
    213 255 216 255 134 105 0 255 255 181 0 216 250 209 255 207 56 167 0
    193 255 103 229 218 0 255 52 0 14 142 0 241 255 255 188 74 21 255
    134 255 244 59 255 82 255 0 51 6 227 255 17 89 0 218 209 0 15 59 20
    255 64 188 255 101 50 81 0 0 0 8 255 213 255 87 0 255 255 149 206 0
    0 255 0 91 0 223 146 0 0 0 176 25 38 191 23 0 31 100 207 225 233 192
    176 255 0 42 42 0 245 27 255 186 146 130 215 48 0 37 255 41 0 255 44
    217 126 91 216 230 146 255 220 33 197 45 0 159 173 34 0 66 105 69
    255 137 192 0 155 58 0 255 0 218 78 191 163 0 142 96 0 255 156 255
    255 166 96 255 223 175 0 54 210 24 15 80 219 148 180 106 4 207 98 7
    101 33 212 255 0 255 0 204 58 215 180 254 155 0 140 47 255 234 255
    201 255 189 0 0 184 213 0 110 215 80 255 177 187 255 244 152 255 218
    54 211 23 149 231 236 0 255 255 255 209 255 0 222 18 192 233 255 149
    145 0 255 65 55 196 0 209 169 255 185 37 0 6 127 148 255 183 0 112 0
    70 75 255 63 47 136 0 42 255 0 0 255 170 74 225 248 153 171 73 255
    69 70 97 0 255 255 0 208 160 255 0 187 255 120 200 83 0 168 129 149
    255 80 219 193 229 120 0 239 39 60 66 86 187 106 255 91 175 0 136
    159 157 1 62 70 255 167 255 255 105 0 94 255 255 146 45 157 158 0
    221 242 214 255 0 255 37 59 2 110 0 0 116 0 255 0 189 48 0 163 0 0
    255 138 69 0 255 243 18 255 255 132 84 8 255 255 255 255 255 192 255
    63 242 255 11 115 42 240 144 221 152 0 255 255 199 255 223 227 57
    103 146 151 0 78 255 254 156 195 255 63 189 168 0 0 185 120 255 176
    163 255 0 246 11 212 0 157 127 0 170 174 122 255 79 0 255 219 255 0
    191 0 140 183 50 142 214 201 0 14 30 132 255 88 232 86 215 35 137
    255 198 232 0 92 223 194 123 255 255 2 255 15 138 93 255 223 255 0 3
    74 144 255 46 212 119 218 107 255 100 110 0 239 152 18 255 113 182
    253 106 214 215 0 7 135 0 24 12 255 0 113 0 0 52 62 255 15 50 166
    144 0 0 0 0 0 111 255 0 111 228 242 0 255 244 111 66 247 117 255 108
    141 0 0 255 202 255 77 47 248 121 75 179 255 33 255 134 0 0 0 185
    108 166 46 134 255 255 14 0 170 149 0 26 52 161 255 132 59 161 255
    255 233 45 211 79 255 242 241 185 0 0 80 0 198 177 45 148 127 255 54
    255 21 255 53 0 173 255 81 154 162 130 25 0 216 206 188 255 10 141
    125 7 255 0 0 223 0 45 141 133 128 196 0 44 0 2 255 0 158 242 0 30
    110 88 90 42 29 0 62 76 77 41 130 147 174 0 0 149 255 101 255 217
    187 255 5 255 232 170 255 255 93 255 176 98 176 51 185 103 53 255 42
    165 138 224 0 132 24 255 255 0 123 46 189 89 228 0 0 198 9 0 0 0 169
    255 0 170 255 9 244 76 254 116 15 0 62 52 0 188 255 68 0 230 83 255
    0 255 139 250 0 134 255 65 154 207 132 120 40 206 224 0 71 108 232
    255 255 196 0 255 0 0 255 59 244 27 234 0 255 255 190 12 58 18 140 0
    0 246 54 92 88 255 0 43 0 26 225 208 165 212 140 149 21 0 255 255 0
    202 26 255 57 251 255 244 228 255 0 233 136 255 255 255 0 204 139
    237 49 252 0 175 180 147 14 35 202 255 255 0 229 0 29 226 0 0 126 0
    0 167 196 0 194 246 255 255 167 0 227 61 0 96 93 199 113 0 255 0 0
    36 0 226 0 116 0 255 67 21 255 0 11 157 13 62 11 202 124 0 212 255
    236 199 0 39 107 234 94 14 255 0 77 97 21 0 0 191 255 221 0 196 255
    0 107 12 239 129 0 12 233 193 0 62 197 255 86 56 162 0 130 154 0 150
    110 104 0 255 172 255 49 224 96 0 0 94 56 145 170 160 255 255 126 76
    173 145 94 255 255 123 121 255 255 125 156 242 48 50 35 181 182 153
    255 12 255 255 232 51 0 255 5 255 165 211 255 184 184 2 96 44 255
    255 154 49 255 0 0 197 0 86 58 149 0 209 47 194 81 250 0 255 255 247
    108 252 0 197 255 0 223 255 0 46 255 232 71 255 135 255 159 27 25 0
    0 0 116 135 225 174 84 0 255 35 159 79 0 0 0 165 123 188 103 34 82
    193 255 255 164 0 255 110 0 140 135 0 204 219 0 130 116 255 255 23
    65 122 14 249 206 14 197 142 0 255 179 0 64 54 241 0 0 255 0 235 197
    205 206 82 221 214 0 97 255 201 223 159 255 224 0 150 255 171 83 240
    132 13 255 179 44 0 244 0 255 41 0 255 77 253 255 230 131 198 255 44
    33 0 0 210 0 14 255 19 193 150 43 0 0 182 255 78 70 41 71 190 0 255
    76 201 122 190 255 255 0 41 102 160 0 94 255 204 66 168 0 0 255 112
    238 90 0 152 0 0 122 255 0 23 255 98 69 48 0 251 0 155 178 255 169
    255 255 255 255 0 0 255 126 163 29 20 92 130 55 235 0 5 15 226 255 0
    10 254 0 3 169 0 55 79 91 206 255 244 94 16 54 0 0 113 122 61 176
    255 232 255 0 255 0 132 255 9 239 255 183 185 125 8 209 32 255 0 109
    0 35 131 0 170 255 0 255 0 71 255 0 255 255 71 255 46 247 255 123
    178 255 255 27 0 255 24 30 255 92 123 0 237 255 0 255 129 0 0 159
    191 65 255 210 20 128 0 51 255 36 176 245 58 58 111 232 0 152 255 0
    52 143 23 0 194 242 31 0 0 177 175 49 218 222 73 67 221 10 0 255 250
    104 168 68 201 17 183 0 255 92 143 130 0 0 0 0 0 139 165 123 74 224
    170 255 255 145 75 255 181 38 219 113 11 255 160 183 228 0 136 0 62
    102 0 48 120 140 255 58 156 237 40 228 0 207 66 77 255 192 14 244 37
    102 254 161 17 195 3 255 255 0 57 224 127 53 58 189 140 234 0 212
    255 0 209 39 0 255 143 133 99 48 52 255 226 205 27 176 255 206 241
    174 20 192 0 135 0 193 106 199 237 151 0 255 0 42 242 0 0 78 191 172
    255 159 240 0 0 251 168 103 255 228 202 255 241 255 52 52 211 126
    150 208 250 29 56 229 65 0 255 255 236 242 138 172 45 0 0 0 14 53
    125 255 188 255 213 0 212 146 255 255 190 83 127 151 255 255 124 255
    154 255 206 213 201 165 0 224 37 88 237 0 44 217 189 255 0 242 239 0
    132 95 99 196 255 213 255 0 132 255 0 0 0 4 255 255 101 124 158 229
    26 226 206 159 0 223 119 255 110 229 179 17 132 58 60 209 236 0 3 71
    255 0 15 26 0 206 0 0 255 0 0 255 255 255 214 142 188 212 28 135 255
    13 92 255 27 255 255 0 255 0 0 0 208 163 255 65 250 31 250 45 27 129
    255 209 4 0 242 255 0 130 173 255 206 76 0 195 177 52 160 0 0 119 0
    170 255 255 255 39 255 0 127 187 0 47 0 110 0 0 255 103 76 0 37 255
    0 255 11 136 0 129 112 89 98 123 210 214 0 255 0 255 184 0 255 194
    243 255 0 65 41 114 144 0 19 74 76 0 255 0 0 255 0 93 177 232 255
    237 218 255 255 0 255 231 168 30 202 255 255 153 0 110 255 163 153
    181 255 71 130 255 110 255 255 0 223 255 0 219 63 255 255 171 199
    204 153 136 0 255 0 59 36 255 9 0 87 212 21 116 0 255 74 180 138 0
    197 0 255 255 175 255 255 0 0 120 255 28 210 79 162 112 15 255 255 6
    168 255 155 125 98 156 174 81 231 0 206 38 0 0 147 255 138 0 14 213
    0 9 0 180 85 0 94 0 123 255 165 0 193 255 9 0 20 134 75 246 123 115
    78 78 134 15 174 30 0 70 80 0 0 215 77 74 40 149 0 0 7 179 174 78
    218 11 255 62 30 24 110 191 124 0 182 255 157 12 61 114 207 62 180
    47 53 141 91 141 0 250 217 255 171 255 188 65 10 169 80 0 121 166
    199 0 0 0 253 24 0 8 255 0 109 140 255 157 105 0 255 0 190 227 0 40
    168 0 172 86 25 0 137 255 0 234 255 101 245 79 215 100 34 255 0 255
    114 54 0 0 64 99 118 169 17 16 34 2 33 0 185 219 15 56 255 255 0 18
    191 150 246 8 255 230 54 191 18 102 255 255 65 79 172 139 5 255 67 0
    4 219 0 255 0 165 0 145 255 79 6 200 56 255 185 227 198 224 255 127
    165 41 215 161 235 65 156 255 65 89 0 142 9 100 255 0 164 135 0 106
    241 0 0 239 231 149 14 84 110 154 137 29 255 0 83 0 169 86 255 82
    150 255 109 85 105 214 0 157 143 0 255 179 247 228 145 112 250 136
    45 60 255 45 0 219 0 190 102 128 255 255 0 254 226 255 255 54 18 87
    255 0 65 217 91 0 0 190 255 255 30 255 0 95 0 253 156 211 255 109 40
    46 91 255 255 141 156 255 249 237 63 185 255 0 150 241 255 235 198
    232 250 105 255 0 95 255 27 100 19 244 255 115 255 204 144 255 173 0
    255 38 255 218 0 255 0 0 0 209 152 209 187 211 100 0 0 255 51 0 97
    28 136 28 255 149 255 255 0 0 188 45 0 232 0 246 14 0 255 60 18 255
    57 255 255 0 146 0 60 255 0 147 0 0 255 15 0 255 26 198 255 255 200
    0 195 251 255 0 5 152 235 172 0 84 14 0 133 163 94 0 123 29 91 255
    155 4 255 127 0 39 210 62 39 89 255 213 105 47 112 124 161 174 126
    255 44 157 191 165 183 4 0 49 28 11 0 91 123 0 149 133 44 255 0 37
    23 130 255 112 255 238 243 0 7 34 99 24 94 255 255 0 49 255 229 78
    41 255 153 185 206 35 158 111 255 87 255 73 249 225 79 59 95 219 242
    0 238 79 255 68 213 0 181 200 26 255 152 240 157 84 255 121 0 160
    233 239 255 239 23 173 113 224 37 0 58 58 112 26 0 207 180 83 89 255
    225 209 158 20 0 0 234 0 229 21 115 142 134 255 255 0 140 250 123 77
    14 200 125 0 124 227 104 0 252 0 247 107 251 0 155 76 8 54 255 231
    194 194 23 0 40 178 0 0 0 0 24 247 0 0 74 255 255 163 255 118 255
    183 218 166 255 133 0 255 35 71 224 130 232 36 0 193 247 18 174 0 22
    58 48 237 0 181 170 0 219 255 0 31 172 0 0 14 218 0 235 37 232 255
    255 190 225 216 48 53 180 1 119 28 101 249 181 0 0 0 177 30 255 10
    131 134 134 95 111 170 127 150 255 203 153 255 50 255 49 200 228 127
    255 95 0 129 174 63 0 173 24 255 127 255 160 224 156 39 128 0 146 13
    0 151 221 99 102 162 222 0 0 255 0 255 239 0 39 39 255 49 255 231 61
    29 255 0 125 45 34 255 0 163 255 0 143 89 255 219 0 129 233 255 58
    154 242 121 0 255 235 17 66 166 63 255 227 0 255 157 251 255 110 105
    204 255 61 0 255 0 255 239 186 218 0 234 255 0 14 227 96 255 170 34
    252 239 182 255 0 86 22 160 0 255 255 255 255 93 0 151 245 32 255
    118 120 24 0 191 220 255 153 90 228 133 174 158 235 26 179 29 0 36
    179 255 0 183 183 255 232 93 159 0 255 105 255 0 0 103 69 0 131 255
    255 255 255 51 66 57 175 255 0 255 255 77 255 151 234 255 166 0 0 0
    63 45 83 80 231 252 0 187 255 232 104 164 155 6 169 0 161 255 251 2
    255 252 96 187 0 0 56 0 82 236 0 123 176 0 243 255 87 0 100 0 88 126
    6 182 0 255 182 255 115 0 0 255 0 236 165 255 173 212 93 206 0 0 128
    67 99 64 0 12 0 71 162 0 26 0 6 0 255 66 181 200 255 203 147 0 0 96
    224 164 255 127 0 0 255 177 0 255 255 255 175 255 255 152 0 255 156
    120 165 0 32 159 62 231 0 249 146 65 26 60 40 0 214 255 100 104 40
    17 129 255 0 9 255 0 0 104 125 255 194 0 226 251 22 101 255 255 76
    136 0 200 222 138 255 161 56 135 222 202 10 255 255 56 76 118 0 55
    157 231 74 211 192 179 215 255 0 34 0 21 146 170 140 242 0 255 255 0
    255 126 0 255 167 174 163 46 124 255 0 163 255 255 205 195 240 255 0
    214 18 58 106 0 78 40 255 133 141 154 95 168 255 240 109 255 51 222
    255 137 229 176 165 59 0 49 0 181 162 255 112 219 174 178 3 255 0 2
    231 31 0 139 91 255 191 0 53 210 227 255 254 166 231 0 39 210 137
    168 122 33 75 191 0 255 255 189 255 95 94 51 132 255 0 10 92 20 179
    207 0 229 0 0 166 76 194 0 7 189 147 52 228 242 54 0 109 109 48 0
    137 7 159 0 26 151 115 210 255 107 136 255 133 8 117 255 74 95 24
    109 255 99 147 255 0 90 206 244 236 228 255 174 142 27 97 0 0 153 37
    139 150 144 255 190 45 14 172 255 255 251 27 137 117 4 82 177 229
    201 255 0 124 255 128 0 0 255 86 0 200 0 243 0 175 169 0 255 54 204
    133 0 0 0 0 54 187 154 65 220 166 255 137 208 255 0 201 87 255 225
    135 109 25 255 255 78 23 255 255 0 35 31 20 0 221 38 0 0 43 0 255
    240 101 255 0 32 192 94 224 90 0 0 183 27 95 237 127 121 215 68 255
    11 255 65 136 0 255 5 0 116 110 235 16 172 52 134 112 20 82 16 255
    59 103 84 255 19 0 170 255 0 0 0 0 255 170 255 158 179 155 251 212 8
    29 0 255 30 0 255 84 0 47 255 88 255 207 214 247 255 223 81 54 96 23
    0 190 70 255 255 255 188 173 0 255 100 143 18 24 60 1 165 0 0 59 242
    0 150 230 255 0 255 0 137 202 0 48 243 114 0 20 153 242 255 255 118
    0 255 255 242 180 51 20 238 205 201 0 201 255 0 239 120 255 103 16
    142 110 116 0 255 0 255 1 0 255 255 148 0 18 107 227 101 202 152 190
    204 183 192 255 0 107 0 0 188 255 21 245 202 0 227 49 22 5 101 140
    51 0 62 88 53 15 255 54 22 105 68 255 255 0 226 34 0 255 25 242 182
    79 34 255 255 255 0 229 50 255 218 0 9 165 176 255 206 255 35 187
    208 0 12 101 0 0 106 116 255 0 184 145 255 166 146 158 0 49 172 0 9
    114 97 0 255 138 188 5 186 35 174 157 127 255 60 255 57 255 88 255
    255 255 255 100 0 157 0 171 175 255 0 144 102 4 154 0 190 105 0 213
    144 0 255 255 40 0 222 158 23 223 67 59 241 215 173 255 66 0 34 255
    93 176 0 85 255 156 37 160 239 133 0 202 186 255 251 46 127 255 23 1
    0 92 133 212 0 255 76 94 248 22 112 221 217 194 166 181 20 114 255 0
    255 212 98 47 171 45 191 148 223 80 234 255 82 72 226 0 217 137 157
    81 167 0 188 241 238 200 244 118 255 88 0 188 225 234 0 255 131 255
    0 6 255 189 0 255 98 37 126 33 0 112 255 89 0 255 235 255 255 0 255
    0 111 11 0 255 87 228 211 0 44 75 22 180 44 0 52 0 0 191 254 0 215 0
    0 135 0 173 167 186 77 83 0 255 255 0 13 255 225 58 255 167 126 245
    94 126 0 80 180 0 240 0 204 123 24 255 38 255 163 255 39 255 255 0
    119 135 255 135 94 155 0 151 101 226 240 255 236 168 238 0 0 71 180
    94 0 66 0 5 232 213 255 33 183 0 46 52 192 205 255 255 247 113 255
    206 255 188 39 160 109 79 132 0 136 97 255 255 200 161 199 0 82 226
    211 255 211 0 75 255 0 255 255 204 15 9 98 78 255 33 188 255 17 0
    107 140 235 255 217 27 0 7 178 255 184 0 255 249 9 150 239 255 100
    202 255 0 107 163 0 243 222 116 255 73 236 62 101 95 0 191 255 0 190
    255 255 43 159 255 0 174 13 142 227 107 18 255 84 113 65 255 104 134
    68 224 216 244 73 226 0 0 229 255 0 74 234 0 109 120 134 35 0 255
    168 86 65 1 115 255 214 239 76 8 255 0 30 188 0 255 10 70 0 244 19
    255 88 255 255 8 119 167 0 3 0 79 76 255 152 255 0 42 154 9 94 100 0
    0 255 251 0 0 141 0 181 0 255 255 8 255 231 255 0 179 124 57 72 246
    57 0 178 226 183 129 30 134 230 172 50 254 187 38 29 4 0 213 255 0
    184 255 0 82 119 44 133 36 190 0 10 255 0 255 176 255 97 255 63 125
    111 255 255 61 136 0 255 0 38 255 179 252 17 255 214 90 170 157 138
    0 78 228 255 128 226 0 255 255 131 255 196 174 0 250 84 28 0 247 49
    0 168 255 27 255 198 0 116 183 140 30 255 255 255 213 0 52 41 254 2
    230 36 140 255 255 0 255 255 94 40 198 91 130 0 114 123 255 67 133 8
    249 164 61 55 73 18 166 0 255 255 35 255 77 251 223 61 255 252 0 149
    176 0 255 182 255 209 0 206 255 207 93 224 147 34 89 255 167 225 197
    10 186 90 27 255 255 72 133 16 238 148 255 255 255 153 255 244 255
    61 154 255 90 129 0 255 227 2 206 0 107 255 0 174 231 23 5 95 153
    131 0 208 255 69 73 255 38 113 147 255 78 255 255 251 31 93 255 255
    255 131 138 90 245 26 31 255 255 11 162 255 50 255 255 0 255 222 136
    216 0 141 41 89 0 0 153 226 0 255 0 251 0 238 255 0 61 0 22 15 30
    226 255 169 128 110 176 63 0 146 255 0 211 255 88 255 101 211 255 0
    0 177 0 13 255 255 0 119 255 0 0 70 0 59 41 252 90 70 249 0 179 0
    223 0 18 6 255 190 239 255 0 34 0 97 104 163 102 42 229 255 240 79
    62 231 216 106 0 154 227 0 0 255 255 143 0 115 249 90 2 67 226 0 248
    89 255 217 0 255 198 16 0 0 31 55 255 150 45 189 255 194 255 0 223
    121 131 36 208 133 168 52 255 17 0 133 44 255 11 255 205 63 41 62
    255 0 4 0 177 195 24 182 173 35 255 92 157 19 192 0 0 240 67 255 66
    0 255 159 255 255 70 0 40 208 90 255 19 249 2 255 183 176 255 233
    255 112 106 164 63 161 96 209 0 109 167 255 116 135 198 0 0 255 255
    0 255 241 40 255 0 44 255 36 0 250 174 66 189 111 73 255 206 24 18
    207 16 0 101 0 8 120 56 121 57 237 171 135 177 154 0 2 59 33 0 56
    127 255 0 55 255 32 135 158 32 227 0 194 255 183 255 225 246 248 189
    245 15 27 248 101 8 51 185 195 255 255 255 87 0 0 255 255 91 210 255
    37 62 0 25 119 0 230 180 255 11 60 255 53 0 92 34 0 177 193 0 91 223
    0 66 49 255 216 0 37 58 237 219 0 89 211 232 118 0 54 75 0 197 118
    255 129 13 255 255 40 224 130 162 172 255 188 82 221 233 231 0 49 81
    128 255 0 62 40 0 0 8 84 104 221 188 0 221 175 0 255 0 105 213 109
    255 184 236 255 119 57 233 111 3 0 0 111 143 144 255 5 50 255 183
    255 249 137 203 168 99 57 56 0 223 153 0 134 194 255 177 144 66 255
    47 255 136 183 255 255 255 0 255 100 0 255 160 0 85 233 39 247 79
    182 44 39 0 255 0 157 21 12 0 255 95 0 166 167 175 41 255 9 14 255
    255 255 0 86 3 153 226 129 255 57 0 158 5 250 255 200 79 255 206 0
    18 255 100 75 214 0 242 255 255 0 29 55 255 217 255 133 0 255 0 36
    255 82 38 255 255 255 255 111 255 255 62 250 25 140 255 100 47 255
    224 242 114 239 0 255 120 97 255 5 32 191 11 120 246 0 0 0 255 0 254
    200 121 6 0 226 121 0 204 255 0 255 3 0 191 0 42 128 178 255 187 246
    255 152 0 255 136 0 255 241 0 186 183 0 30 102 247 1 0 0 61 255 255
    0 253 156 0 0 255 0 255 177 0 123 0 121 0 105 0 214 0 63 143 89 195
    181 115 222 0 167 214 255 69 255 250 169 229 255 255 0 5 117 18 66
    217 199 107 170 77 156 134 0 255 170 236 255 40 207 52 0 233 241 61
    255 255 0 214 0 120 38 50 215 78 236 235 255 201 122 58 0 255 54 44
    0 187 150 139 87 255 0 255 0 134 108 235 74 111 255 240 169 255 255
    176 0 223 255 204 141 255 56 0 209 255 0 0 0 230 28 53 255 87 0 204
    0 4 255 89 0 255 56 108 26 0 129 187 58 163 255 227 145 80 82 232 14
    92 216 83 44 161 0 155 97 158 255 0 81 0 219 0 0 132 185 203 121 255
    175 253 23 255 106 75 105 187 0 99 205 0 221 150 37 151 89 162 104
    224 97 0 234 246 0 0 0 112 213 47 98 143 172 0 145 101 218 255 0 0
    158 206 255 60 255 255 167 43 0 78 238 0 38 208 171 251 102 0 233 51
    55 255 0 187 157 58 255 2 0 0 255 0 0 255 19 255 233 255 0 0 178 46
    8 23 193 0 98 216 185 0 135 0 0 202 255 211 255 255 252 37 3 255 223
    255 198 8 164 74 93 8 255 106 132 188 0 30 16 255 255 0 202 255 179
    0 255 241 255 139 104 99 0 25 192 69 83 0 207 130 117 243 255 166
    222 255 0 56 234 255 231 167 0 113 188 31 255 130 0 31 15 0 20 0 175
    252 0 115 151 106 162 95 147 175 159 84 129 0 126 0 0 240 250 234 45
    77 225 117 152 195 97 0 0 24 0 130 58 1 0 105 229 140 106 188 255
    104 108 84 180 70 0 132 13 95 255 58 2 65 39 122 188 0 5 0 255 182
    255 177 255 0 92 65 255 253 0 0 117 105 0 191 0 255 0 79 75 235 255
    251 255 180 0 23 0 69 221 203 168 255 68 140 57 53 127 0 247 255 31
    145 255 69 255 0 84 211 206 255 123 109 0 4 255 97 239 213 255 33
    255 255 51 255 2 0 0 0 225 35 229 238 167 10 255 255 255 204 173 152
    228 117 47 0 0 205 115 26 0 223 67 233 80 112 189 255 95 46 57 123
    52 38 160 250 207 0 255 133 255 217 175 0 144 0 255 225 255 40 0 0 0
    0 139 25 102 255 65 185 255 194 0 230 2 0 107 120 36 137 194 255 0
    83 255 223 255 0 255 0 226 56 214 76 255 0 0 89 255 5 255 194 129
    211 131 95 63 22 68 0 0 255 60 186 0 0 0 110 112 255 255 183 255 78
    124 255 36 0 56 52 102 31 202 0 0 28 255 0 0 255 251 88 255 211 45
    255 183 4 0 255 211 176 97 0 158 45 0 11 255 209 255 188 191 121 255
    214 26 255 74 145 255 145 126 46 0 47 144 133 164 132 55 255 199 255
    181 229 0 237 213 255 53 209 208 255 40 104 241 56 245 255 255 73
    203 255 225 0 255 255 3 118 0 200 23 12 221 161 48 14 125 34 25 96
    255 229 67 0 255 64 191 255 255 147 255 177 255 177 29 255 219 0 169
    194 0 87 111 255 40 114 147 39 0 115 255 0 255 188 0 156 40 69 18
    253 255 144 234 221 74 255 255 200 144 255 134 172 40 212 255 255 0
    0 255 27 0 175 216 143 33 152 255 160 208 102 3 152 129 255 191 100
    181 86 246 1 0 0 225 21 33 34 85 20 247 0 0 255 27 28 212 255 239
    255 187 0 215 31 0 231 236 113 0 163 68 255 255 23 22 144 97 0 23 0
    223 216 0 0 11 184 0 38 255 0 255 255 255 162 207 28 88 158 255 152
    0 47 165 255 236 255 227 144 234 11 114 13 0 233 54 11 162 0 136 255
    96 255 134 0 0 82 255 22 249 0 113 255 0 0 239 131 83 55 63 12 0 81
    197 115 255 103 92 110 45 106 249 255 166 27 255 126 237 61 78 0 250
    137 204 215 16 0 23 173 255 128 0 180 0 170 255 5 109 145 0 0 0 110
    248 4 237 255 255 11 8 255 93 0 131 255 0 0 255 0 149 156 132 255
    184 170 213 0 0 148 0 0 86 0 226 154 0 80 101 153 147 0 218 121 159
    156 139 255 244 253 255 242 255 249 255 19 219 0 49 53 255 201 219
    150 237 0 0 182 100 87 184 209 255 0 0 52 71 0 145 217 145 124 0 187
    226 82 39 144 255 193 255 109 132 128 255 255 30 0 32 255 85 0 85
    255 239 230 107 248 183 164 218 78 136 0 0 240 0 187 127 176 63 0 11
    255 145 249 140 143 47 44 228 96 0 159 162 54 39 77 0 118 54 155 0
    255 255 248 0 217 7 106 1 149 255 252 83 255 222 82 235 0 185 0 3
    255 14 180 255 0 140 255 168 151 0 79 255 117 155 255 118 188 91 255
    0 51 255 173 112 207 255 130 255 255 178 0 35 107 243 111 11 53 62
    24 30 206 167 255 86 119 255 0 255 251 115 112 65 227 201 142 255
    142 166 166 0 225 255 151 45 25 255 151 0 255 255 175 56 255 71 0 40
    241 75 37 54 0 154 255 0 53 8 45 177 255 9 51 40 189 0 122 255 0 111
    85 40 0 206 123 37 240 247 89 241 235 0 255 255 1 107 134 0 5 0 60
    12 0 46 0 99 83 88 121 188 25 243 0 185 144 114 255 34 97 153 0 0 23
    255 91 0 11 58 96 69 255 173 0 0 43 50 216 0 211 142 248 0 0 64 0
    107 255 108 0 255 0 255 157 255 83 255 79 255 160 158 90 189 33 21
    217 255 35 126 194 14 143 251 24 0 0 144 55 151 186 197 0 255 42 0
    176 0 9 255 234 28 231 202 34 255 56 255 10 81 196 0 255 170 255 96
    0 255 14 0 142 71 255 111 255 212 52 253 227 158 111 113 106 0 157
    67 239 164 82 0 146 0 69 45 0 178 75 255 0 39 177 91 0 63 0 255 129
    46 111 255 5 0 142 170 192 247 111 146 255 0 0 255 119 247 173 57
    198 255 29 150 34 187 237 181 154 0 49 25 255 255 0 255 0 255 115
    190 177 49 157 254 255 255 36 0 222 202 0 255 9 0 66 133 47 95 0 0
    224 154 0 92 255 0 0 137 63 129 0 0 0 0 219 0 92 54 168 64 42 0 0 97
    215 222 220 102 9 0 0 204 0 0 245 246 170 0 17 240 13 103 21 71 234
    112 51 28 255 0 35 0 18 102 255 0 0 32 233 124 235 208 255 186 227
    246 106 243 158 255 255 255 72 156 248 255 234 0 0 237 0 45 0 255
    168 221 0 86 0 119 194 212 178 50 132 55 0 0 127 92 97 188 100 255
    255 255 42 172 0 179 255 0 35 145 255 0 30 248 170 114 0 255 0 250
    255 74 38 255 111 184 178 247 205 189 59 224 232 193 58 219 94 58
    194 164 240 114 62 0 137 102 0 0 48 21 98 163 64 0 255 8 92 0 255
    144 121 83 193 107 255 80 202 250 90 240 135 209 214 143 27 29 110 0
    0 24 0 55 85 255 255 228 90 200 54 3 106 135 0 0 189 0 255 204 0 255
    255 55 0 0 231 255 0 255 145 35 235 11 146 23 72 58 0 0 5 214 64 191
    255 91 0 0 99 255 0 247 255 45 67 255 177 27 215 87 108 232 255 187
    85 52 255 0 210 160 0 0 0 49 255 255 67 255 0 211 236 13 113 194 0
    255 62 199 235 0 199 0 176 247 113 30 254 255 119 255 216 187 238
    159 255 255 30 38 168 191 48 194 69 255 28 0 15 235 28 0 0 173 3 220
    103 9 103 161 82 0 72 0 12 57 255 0 255 0 91 0 7 17 190 0 29 212 159
    0 161 210 154 63 22 255 0 173 0 255 0 0 0 26 150 27 168 194 24 255
    216 72 156 0 4 200 0 255 229 26 0 0 105 66 255 0 255 125 255 255 255
    255 248 255 34 72 124 230 254 137 255 243 255 141 214 188 0 139 248
    160 78 25 0 184 25 88 155 255 0 216 37 22 172 0 21 225 255 217 37
    255 0 47 180 36 135 0 189 217 125 0 0 228 0 255 44 0 235 80 206 189
    94 255 136 0 59 180 255 173 255 52 81 255 141 102 34 16 255 82 78
    255 0 255 155 0 165 0 255 0 255 0 255 255 101 194 0 157 220 59 70
    255 255 26 255 153 30 255 44 0 255 222 0 239 0 47 178 56 255 187 249
    99 248 162 41 242 10 255 215 0 255 115 140 255 85 20 187 0 38 102
    201 57 168 67 255 167 140 255 146 208 149 255 0 0 98 193 181 198 67
    131 202 31 255 0 0 192 8 136 255 90 41 191 75 60 255 0 0 54 62 25 73
    190 62 255 255 238 71 13 5 150 0 255 255 255 210 0 0 91 129 27 188
    91 43 245 70 0 53 182 13 204 186 81 0 227 0 53 57 229 232 163 51 178
    20 0 206 238 255 255 255 123 255 0 166 0 0 87 98 34 0 36 21 0 19 66
    255 0 255 203 0 80 0 0 47 255 0 73 255 98 190 64 224 100 0 6 255 160
    255 66 84 92 186 255 0 0 95 0 83 96 250 135 52 141 106 142 22 255
    255 147 0 118 255 182 0 188 75 221 255 148 255 184 136 32 166 126
    201 255 223 69 255 203 31 123 6 131 0 249 225 12 255 91 4 255 66 220
    255 71 255 216 111 255 0 251 0 126 255 255 66 0 108 237 0 82 238 253
    0 192 234 138 188 86 114 255 255 225 255 0 255 188 45 59 155 78 188
    0 97 255 203 110 255 195 135 0 0 27 255 166 255 255 0 106 35 82 7
    159 98 0 0 255 164 255 0 101 200 0 31 222 93 8 0 0 193 255 14 196
    255 0 17 97 106 0 199 0 187 39 136 53 141 255 255 0 124 255 0 41 144
    88 0 0 150 239 28 255 220 255 122 217 255 40 0 99 8 131 0 255 255 76
    85 152 207 90 98 168 4 100 108 255 211 225 255 127 89 128 163 255
    128 61 252 0 0 196 53 255 238 0 184 189 130 168 16 23 30 151 243 41
    255 214 0 131 246 143 198 137 109 198 86 154 212 234 0 67 0 90 0 255
    18 219 255 0 0 26 255 152 141 255 94 255 56 134 104 197 196 255 64 0
    255 0 230 0 255 42 13 210 173 157 0 0 75 0 150 255 236 0 249 46 98
    194 249 0 192 186 67 0 255 189 146 255 185 17 131 248 232 0 156 0
    213 151 126 255 255 0 58 0 109 219 75 0 255 255 0 239 38 255 22 0
    255 255 255 132 207 255 0 255 207 125 0 0 165 177 255 67 169 0 210 0
    224 255 86 200 0 255 144 255 141 0 86 178 233 109 255 212 0 0 0 0 8
    128 255 165 101 232 0 0 0 50 0 235 99 255 27 12 95 20 0 222 190 181
    240 123 255 0 117 186 0 0 0 234 0 52 255 255 138 32 80 0 103 255 184
    0 0 120 0 255 43 0 0 255 187 13 99 0 130 194 75 188 244 85 255 85
    207 255 0 32 0 255 0 0 179 82 242 107 175 99 0 107 255 211 51 124
    255 122 248 60 211 255 255 53 255 255 122 92 0 165 255 36 248 14 0
    185 162 0 0 31 179 72 142 246 142 120 10 130 192 229 0 116 0 255 52
    237 0 222 255 40 184 128 251 255 255 3 0 0 255 226 255 68 121 104
    177 0 99 225 206 0 255 196 0 8 159 255 0 0 45 153 229 162 165 0 0 41
    217 0 245 108 0 255 60 174 113 0 117 56 239 0 255 212 255 8 77 194
    197 127 255 80 109 102 15 95 63 0 248 0 55 137 73 133 202 255 180 0
    189 255 55 173 253 0 221 0 255 0 49 234 16 255 204 255 161 201 255
    49 114 0 198 255 0 201 229 0 236 143 71 106 217 220 0 96 0 255 109 0
    255 0 80 0 41 142 36 142 230 157 221 236 75 0 0 163 187 14 54 0 0
    103 189 0 131 0 255 216 236 96 0 255 143 212 57 199 24 0 126 244 255
    62 138 0 84 116 67 134 0 240 95 79 0 94 0 173 255 126 207 66 81 223
    189 0 255 179 162 51 89 129 156 95 190 0 224 178 212 180 175 162 0
    218 150 102 137 255 51 255 119 155 121 0 255 57 202 82 153 255 234 0
    255 0 0 219 234 255 255 60 255 105 234 255 80 143 255 53 0 255 0 0
    49 122 0 0 16 52 250 70 44 9 4 255 227 20 244 165 71 225 108 116 160
    74 227 253 126 58 18 101 149 170 0 124 255 0 200 17 168 67 255 121
    53 45 196 208 78 194 146 255 255 138 255 255 176 255 0 195 185 105
    255 255 239 232 132 27 73 245 112 67 0 249 134 0 30 30 35 0 203 33
    199 255 107 110 5 0 88 255 27 255 213 112 214 255 0 207 0 0 21 255
    160 197 49 242 18 0 122 194 0 123 106 82 0 0 197 255 255 86 0 111
    235 94 0 255 0 0 182 219 41 7 8 255 76 152 255 240 18 82 117 0 115 0
    177 254 0 73 50 188 122 147 255 136 255 146 12 255 255 131 255 255 0
    68 36 254 0 87 247 51 0 238 163 102 255 131 8 213 33 38 175 255 0
    255 255 241 26 206 216 108 57 151 255 255 31 161 100 43 53 151 157
    16 61 9 255 219 0 19 14 255 12 142 255 144 184 247 215 0 85 0 221 0
    210 96 0 52 0 233 250 220 232 83 255 0 163 186 182 103 229 41 60 10
    72 255 118 255 95 166 32 0 0 0 0 255 255 0 255 3 255 28 255 255 255
    255 48 220 220 37 255 0 0 11 0 192 0 96 45 46 255 116 0 255 193 211
    127 203 255 206 255 54 96 255 42 0 167 216 111 255 0 92 199 38 186
    114 234 117 35 115 0 239 0 0 117 255 0 4 165 255 207 10 204 255 0 0
    26 66 153 255 134 103 255 29 255 203 237 255 255 124 0 140 0 45 0 0
    209 0 168 96 255 185 255 101 69 255 87 0 6 61 255 88 243 255 230 0
    255 217 255 245 48 0 0 152 24 255 127 255 108 86 0 0 255 0 0 202 57
    255 255 182 0 173 82 194 218 255 255 134 218 150 79 163 34 211 120
    255 0 0 82 0 0 94 174 183 219 185 210 106 92 244 28 133 255 84 0 255
    223 137 243 38 78 109 95 207 5 225 235 168 7 0 255 3 175 0 255 81 0
    255 141 255 0 177 202 197 38 97 40 32 161 0 115 217 116 6 255 24 255
    0 83 255 21 129 6 31 12 0 16 185 69 236 57 2 243 55 95 0 0 24 106
    186 9 31 134 0 239 45 78 155 0 0 254 0 255 124 132 76 166 0 110 0 87
    121 128 251 194 39 162 30 0 213 94 91 141 8 230 6 176 255 0 26 226
    136 255 191 0 255 89 207 208 46 0 15 255 45 182 66 107 255 0 27 61
    33 80 8 0 0 0 216 79 24 134 0 184 0 0 176 255 209 152 1 255 117 225
    255 0 37 0 57 5 142 130 137 92 136 185 13 255 0 141 91 246 6 58 255
    152 141 87 255 0 210 89 0 0 122 0 22 174 255 255 0 255 167 166 255
    120 255 0 80 255 131 198 0 32 175 0 104 108 72 153 255 255 0 0 17 24
    37 255 218 254 0 208 174 225 255 85 255 255 194 127 255 192 119 174
    255 236 255 107 170 142 103 255 255 255 255 0 255 0 27 255 232 255
    81 102 0 0 255 70 73 202 207 173 0 205 202 199 255 18 255 170 86 68
    255 0 52 237 242 90 0 51 150 251 111 147 134 63 131 255 109 0 254 1
    76 0 52 74 90 2 239 201 5 255 255 167 0 0 250 255 49 255 255 15 81
    64 60 31 42 27 96 177 0 255 56 153 0 216 255 229 255 17 73 255 31
    239 20 122 236 110 15 160 224 44 84 0 173 176 0 0 188 51 203 30 34
    206 31 23 224 137 233 216 213 148 255 255 255 255 41 254 0 255 14 24
    31 249 22 13 233 109 187 0 46 0 194 118 255 0 244 0 255 72 176 134
    155 85 255 57 255 248 15 255 247 255 177 255 255 130 114 224 172 244
    0 92 190 84 194 255 255 53 148 0 255 0 0 91 113 0 83 241 222 255 184
    48 206 171 237 233 222 0 89 181 0 199 171 84 49 165 192 210 0 45 128
    147 225 47 240 0 6 95 93 111 157 0 192 255 251 99 151 0 211 255 122
    0 92 255 38 147 231 86 255 0 69 255 0 226 0 255 94 0 0 232 76 199
    255 169 46 0 0 0 71 27 232 142 0 116 156 165 32 228 2 8 144 218 209
    0 255 255 255 146 129 255 72 33 255 15 188 255 255 166 224 255 0 161
    0 130 255 0 0 0 0 110 212 255 232 255 227 55 144 29 0 73 21 77 0 104
    0 210 246 108 255 59 147 0 69 255 201 255 255 52 51 224 161 72 255
    94 75 141 255 192 205 99 0 0 6 251 223 50 235 199 207 0 0 182 216 32
    4 255 255 0 0 0 0 64 150 89 124 255 24 104 110 244 0 0 196 4 0 168 0
    35 73 68 53 192 0 0 144 128 98 0 255 104 255 255 67 255 112 0 187
    118 0 62 255 255 39 228 253 23 255 179 155 0 0 0 197 0 52 71 99 255
    0 31 0 195 206 0 13 9 255 0 85 63 224 255 2 250 0 233 255 0 140 255
    222 255 92 67 0 71 53 0 202 220 0 255 255 67 78 0 64 41 255 255 1
    123 0 65 141 149 223 162 120 0 121 0 211 0 255 255 106 101 28 0 5
    204 0 103 0 51 131 222 101 95 255 72 31 34 11 186 120 0 0 195 205 57
    72 255 93 160 0 0 73 0 165 158 6 35 216 236 252 255 122 0 91 180 255
    109 0 129 128 255 0 188 129 81 0 0 231 0 17 46 0 11 0 57 8 255 255
    36 248 110 78 184 0 96 89 115 255 65 255 255 0 255 255 19 255 63 0 9
    0 0 211 255 0 129 139 226 2 0 252 123 69 255 255 144 35 175 211 57
    89 165 215 126 255 0 231 44 255 91 28 0 102 194 255 188 0 197 0 244
    38 118 0 87 255 206 255 255 95 2 9 56 38 36 0 192 255 143 155 61 1
    107 97 255 255 255 74 0 1 247 0 0 255 254 91 54 255 0 177 91 181 189
    120 0 166 162 3 152 255 253 74 0 94 143 187 241 39 7 0 0 0 158 71
    104 0 29 255 24 172 123 161 135 110 19 0 230 255 97 0 21 0 135 142
    40 255 150 182 255 109 178 255 101 242 255 49 246 255 190 89 126 85
    20 255 255 35 0 0 0 0 0 255 0 252 137 230 204 112 147 0 19 0 0 52
    255 78 255 124 106 90 255 249 0 254 187 0 255 28 79 0 0 140 255 66
    33 152 255 159 138 0 216 102 0 0 255 77 255 237 255 105 0 255 121
    131 36 27 255 0 255 230 76 203 132 255 170 0 139 255 65 255 255 44
    201 176 251 0 255 125 255 108 77 243 245 217 255 137 0 255 192 255
    101 255 165 189 255 91 165 136 112 212 152 132 255 230 0 7 224 41 71
    0 135 0 148 195 29 115 191 160 19 43 221 209 0 0 255 255 240 25 246
    255 0 112 255 255 0 214 255 0 0 71 255 255 44 255 252 195 63 62 98
    186 160 0 164 255 14 65 162 182 255 218 232 136 255 0 160 255 0 83
    161 0 112 59 0 235 9 0 58 147 0 0 67 80 0 47 202 70 75 150 120 29
    143 205 0 0 62 56 149 0 216 20 64 136 107 146 0 0 0 255 255 148 255
    121 3 255 0 255 230 255 222 255 255 47 206 21 211 48 0 0 255 121 255
    62 40 69 62 95 161 245 147 255 0 7 255 173 0 202 255 227 90 175 50 0
    151 3 192 193 6 205 255 172 255 255 41 233 255 0 86 45 247 255 16
    255 255 93 98 255 123 211 10 255 102 30 101 75 255 49 76 255 169 0 0
    128 0 243 45 26 0 255 54 0 168 0 0 125 227 131 133 255 248 130 255 7
    94 30 0 165 8 168 28 0 186 255 101 42 255 108 0 255 4 113 35 147 255
    28 0 255 21 23 188 162 239 0 101 255 0 180 21 0 0 145 0 122 255 158
    140 180 248 0 235 255 0 64 0 133 255 0 249 0 177 0 0 108 156 112 153
    0 254 255 152 188 228 255 131 177 216 129 0 255 192 123 26 123 138
    199 0 22 230 211 255 168 193 159 93 59 19 8 200 0 0 68 108 255 195
    255 255 255 67 255 255 62 93 199 57 107 0 0 0 77 142 255 188 132 255
    84 84 144 207 255 79 91 13 67 166 229 61 54 42 130 119 124 248 138
    77 72 0 255 255 127 2 255 255 0 58 255 172 255 255 255 255 156 52
    139 0 0 0 17 8 127 224 0 0 172 0 123 71 176 13 175 87 255 255 250 52
    185 255 232 63 166 84 70 216 237 255 0 190 255 255 3 91 255 255 251
    222 65 255 247 216 255 51 0 162 174 22 217 255 201 244 0 0 91 93 0
    255 239 0 255 189 70 31 255 255 255 145 0 5 0 212 150 104 118 0 179
    216 150 194 202 138 0 0 117 98 0 33 0 150 74 177 85 140 246 196 111
    0 126 0 255 0 0 65 143 197 52 0 94 0 203 196 227 255 7 37 255 166 85
    96 154 0 255 63 0 255 100 134 112 53 100 242 179 143 103 184 41 255
    255 180 255 215 9 0 0 138 204 101 72 0 39 0 111 33 230 0 204 71 255
    255 253 255 155 112 0 236 85 142 255 73 22 41 81 0 122 26 3 228 0
    255 35 46 11 89 0 247 116 255 4 255 150 64 255 255 61 255 114 0 255
    0 0 46 0 113 122 255 0 21 31 107 106 0 201 0 62 255 242 118 255 190
    187 98 113 128 186 65 165 175 0 58 255 250 33 200 180 34 106 255 255
    53 0 97 178 154 0 52 0 255 198 152 198 179 209 0 255 91 255 99 90 42
    0 255 175 0 165 27 162 89 255 255 164 226 0 132 0 0 237 0 0 172 64
    206 255 85 239 249 124 121 196 255 65 30 122 255 175 224 0 255 145 0
    0 255 109 211 109 94 219 67 0 130 0 49 255 184 255 165 255 13 255 84
    255 128 243 208 135 252 189 189 0 0 255 255 165 255 0 165 255 134
    255 213 255 60 16 255 129 14 218 0 100 65 170 0 8 85 114 0 192 161
    242 255 0 249 159 255 248 0 0 46 255 117 74 255 88 0 119 26 3 182 12
    201 255 56 86 203 23 169 0 0 0 166 157 202 163 82 92 255 253 0 168
    105 63 61 255 80 0 218 136 211 234 37 0 255 255 255 34 255 70 78 181
    2 255 71 0 123 223 0 206 255 0 97 85 68 221 77 182 255 255 223 182 0
    78 0 0 19 114 142 177 160 128 139 0 255 0 89 0 255 34 0 255 201 83 0
    132 0 218 244 193 0 20 41 226 255 0 247 148 255 31 255 248 220 83
    162 255 0 250 0 0 79 0 0 14 30 114 0 0 255 107 58 124 218 223 251 19
    255 0 255 148 181 37 255 255 0 0 255 214 33 22 255 223 142 255 255 0
    215 255 125 114 0 199 80 113 255 0 0 40 255 205 0 255 197 255 121
    112 255 41 0 113 185 255 0 246 192 0 92 5 213 254 118 255 255 0 255
    75 33 255 204 237 231 0 255 113 210 222 0 216 214 112 0 130 158 233
    108 166 131 1 255 0 122 0 54 0 10 255 0 170 0 76 255 155 77 0 70 52
    14 192 255 49 0 0 222 28 255 233 124 0 162 255 34 95 39 219 231 99
    255 255 19 161 255 0 242 53 35 35 171 0 181 204 255 251 26 171 0 86
    255 213 0 76 225 85 0 240 234 31 22 0 216 121 255 66 73 68 0 24 238
    131 0 255 84 255 0 255 255 205 106 79 38 0 63 0 0 10 3 187 118 174
    117 13 129 78 160 0 0 24 183 0 123 46 186 0 0 208 0 245 178 234 182
    192 255 0 159 255 67 255 255 255 247 20 246 159 28 168 255 255 240
    255 82 255 255 0 244 255 59 153 27 255 255 0 255 177 225 214 0 60
    213 136 163 160 255 169 0 211 61 129 0 99 255 255 255 41 255 181 166
    214 105 159 184 0 236 0 255 255 0 100 51 161 192 207 46 152 51 255
    255 233 128 133 162 46 255 21 0 169 121 111 186 146 4 80 124 210 255
    0 162 36 82 163 56 125 0 0 52 128 187 204 118 247 29 142 147 50 134
    255 0 232 0 228 52 111 232 200 41 255 255 0 255 128 0 220 240 0 13
    226 255 221 99 119 38 255 159 232 0 173 255 143 124 123 255 80 0 107
    255 145 135 255 219 133 218 255 255 235 47 197 104 222 247 0 225 91
    24 6 198 199 255 237 245 38 254 0 223 203 186 188 225 105 255 36 0
    70 237 116 255 0 255 54 49 0 124 104 73 255 255 35 0 204 255 255 255
    203 9 72 0 0 72 255 109 206 255 255 209 161 0 139 147 255 255 243
    115 6 82 34 188 233 122 232 28 21 207 9 255 0 0 202 0 255 205 110 0
    145 255 174 53 231 255 255 0 79 255 120 98 0 138 255 49 0 242 255 60
    0 22 218 237 0 6 87 0 54 177 255 117 164 169 0 39 0 9 171 242 214
    166 255 55 201 215 201 52 231 19 226 135 255 255 0 255 104 0 114 255
    255 120 186 255 149 0 0 255 255 255 191 140 255 28 255 35 0 62 87
    255 241 0 23 176 255 0 0 82 239 0 40 0 255 173 139 254 255 228 57 47
    255 234 132 40 255 255 253 0 100 255 0 0 255 155 173 194 0 0 190 0
    255 2 0 255 207 255 146 219 255 116 218 55 255 31 164 185 7 0 255 0
    0 0 121 248 255 0 26 104 0 72 0 53 145 47 0 239 53 0 86 0 221 250
    255 255 255 103 255 209 255 207 0 46 0 255 191 18 255 105 116 73 255
    255 0 2 255 255 0 166 89 112 0 255 0 12 255 112 0 92 221 146 225 201
    146 128 86 91 255 0 158 255 38 62 218 39 15 143 246 0 0 239 0 121 0
    137 0 141 15 0 18 12 0 52 192 194 255 255 135 178 44 233 255 150 255
    255 0 255 26 0 220 0 0 255 242 204 242 16 0 223 124 0 51 255 112 62
    248 201 0 0 189 16 120 191 255 33 207 244 72 212 175 2 232 255 0 105
    255 0 85 255 0 255 85 9 47 0 255 7 0 255 255 85 0 75 221 0 255 29
    154 96 120 138 16 231 223 0 255 84 11 255 207 255 3 249 251 0 81 180
    57 182 255 149 255 14 255 79 14 48 0 255 128 216 195 255 119 142 129
    96 0 0 76 129 255 106 149 167 170 0 0 0 55 138 199 255 255 38 170
    165 133 50 4 52 0 204 163 109 0 255 255 59 30 226 255 255 52 169 255
    255 0 184 0 0 0 6 112 0 86 240 194 108 177 182 223 171 228 0 148 113
    255 255 196 173 0 255 228 171 33 255 156 0 255 0 85 255 0 227 255
    255 198 255 87 198 160 27 57 255 247 167 0 111 0 219 255 0 2 0 255
    146 255 248 0 255 0 99 25 156 99 94 15 215 65 33 93 202 194 255 36
    80 90 247 56 21 98 255 0 255 0 23 255 91 121 255 211 224 140 255 255
    134 0 141 34 57 255 255 67 142 255 32 255 94 255 0 126 158 0 0 255
    255 38 255 140 255 181 251 255 100 47 55 255 35 255 255 0 40 207 143
    200 48 0 0 0 148 255 0 255 185 163 51 223 227 255 242 143 0 120 165
    165 193 0 42 174 0 255 13 242 0 255 195 154 52 39 0 55 204 0 126 42
    0 17 224 99 0 79 170 81 0 186 235 18 197 12 255 224 221 255 91 255
    25 255 255 114 41 0 167 70 0 13 255 0 134 138 255 208 105 249 1 208
    255 255 0 133 0 167 248 179 156 255 132 28 213 0 0 104 0 255 2 0 116
    0 193 255 255 123 92 255 0 108 241 123 65 255 255 157 242 217 231 86
    243 38 255 61 22 255 241 0 92 207 0 0 49 255 93 207 0 67 255 255 128
    49 166 189 220 0 255 209 255 24 55 255 226 255 133 106 0 0 255 76 62
    89 0 255 0 81 70 72 199 255 243 236 230 0 65 255 104 23 236 255 221
    255 231 0 255 111 45 0 144 9 243 222 0 77 208 21 243 0 212 40 198
    247 255 120 99 13 0 151 0 41 0 127 0 168 0 0 0 39 91 0 122 2 242 17
    135 203 94 133 255 140 106 207 140 54 85 67 43 15 0 95 137 0 184 176
    78 142 0 255 176 0 44 20 85 13 255 132 210 255 0 255 204 104 122 0
    148 255 0 63 79 166 2 0 217 0 65 163 0 14 0 38 255 255 0 11 107 48
    237 253 191 0 185 119 63 120 158 255 168 131 255 255 0 255 225 244
    178 216 171 28 0 0 106 19 162 148 249 255 206 145 241 255 24 0 255
    17 255 80 0 10 130 0 43 17 0 222 0 255 135 32 97 44 128 255 121 102
    0 209 240 242 251 223 180 255 155 242 223 226 255 110 0 255 0 0 203
    255 0 0 42 41 0 32 255 169 0 0 5 63 139 0 0 169 163 56 0 9 221 233
    198 23 205 135 245 121 255 255 0 66 0 168 255 86 222 70 81 0 255 248
    255 0 47 197 18 177 89 255 210 33 149 89 0 255 236 87 255 208 224
    207 0 255 81 53 79 0 247 129 25 0 0 0 161 167 0 125 255 0 255 92 0
    120 166 21 248 255 0 255 0 176 163 215 146 233 196 11 0 0 157 255 0
    19 170 34 69 0 246 68 0 215 230 0 0 83 255 45 139 4 156 108 65 36
    205 81 247 0 250 130 255 255 225 53 226 0 234 255 0 161 160 127 182
    136 255 226 255 33 15 201 255 255 0 111 34 71 196 255 204 80 155 255
    71 187 75 255 0 106 255 246 255 0 202 255 116 44 255 41 0 54 12 18
    214 228 71 92 178 180 118 234 247 255 214 0 92 150 0 255 95 89 0 255
    255 255 82 0 0 47 0 195 155 255 239 255 35 41 157 48 255 238 82 255
    0 221 8 207 213 0 83 255 184 255 0 0 250 0 0 143 187 255 255 226 0
    173 137 9 213 0 122 234 37 12 0 255 182 35 255 201 255 192 60 80 255
    171 50 0 255 255 40 0 255 0 165 255 255 255 29 127 0 246 126 145 115
    238 255 74 218 235 45 126 0 0 132 200 255 0 73 123 247 255 2 255 255
    0 69 255 0 136 242 255 7 0 127 199 74 14 136 128 0 0 255 109 112 255
    128 255 247 0 239 210 73 173 0 0 255 67 191 102 102 207 86 52 233
    139 127 168 231 199 25 61 116 125 255 183 109 255 119 255 51 191 184
    165 33 178 118 192 0 221 198 199 47 255 255 244 27 192 0 105 255 67
    246 31 93 22 190 0 0 163 0 42 112 52 143 255 255 117 157 255 255 138
    89 188 255 255 209 251 117 213 53 255 203 122 0 126 255 0 0 255 0 59
    83 138 223 154 34 153 248 0 4 255 255 149 157 255 39 255 40 89 205 0
    79 37 0 150 151 56 159 255 149 39 0 201 55 16 153 0 255 255 255 0
    255 222 64 0 221 82 17 255 169 233 179 72 167 202 145 0 255 255 255
    0 0 57 25 212 229 141 187 0 49 92 0 96 255 181 244 86 67 151 27 18 0
    255 73 240 104 96 255 112 1 255 165 136 231 208 0 0 13 231 66 255
    222 147 147 45 83 0 255 254 0 19 204 0 76 255 157 255 255 177 147 0
    66 255 255 0 67 255 171 178 0 250 0 145 106 17 229 188 252 255 105 0
    197 35 241 255 255 102 179 168 255 255 181 123 40 78 255 255 91 124
    42 118 161 0 175 1 14 0 245 78 0 254 120 92 255 255 228 6 233 18 81
    0 255 193 133 13 42 255 50 112 92 0 9 27 7 64 126 209 255 4 255 0 85
    255 158 255 117 169 46 114 112 203 225 3 236 47 255 102 132 119 110
    0 140 0 227 57 0 174 255 69 0 38 0 230 255 168 0 168 201 200 220 233
    219 255 255 255 255 77 0 76 0 255 135 229 208 237 255 191 85 166 255
    255 4 154 205 84 255 17 218 0 255 177 255 176 0 77 118 88 83 31 255
    214 73 133 171 255 224 0 10 3 166 110 0 0 0 242 212 188 242 141 0
    115 195 176 255 79 145 255 0 145 255 0 228 255 132 0 255 0 250 205
    193 255 44 183 126 90 119 10 46 0 255 103 34 129 71 131 8 110 255 0
    255 4 255 0 252 222 0 255 146 109 74 246 199 255 255 231 51 255 12
    180 255 101 169 33 201 253 186 52 241 231 81 255 170 146 0 179 228
    74 102 101 17 0 46 48 215 234 255 255 255 48 63 205 255 0 143 105 9
    167 0 0 101 255 255 36 255 242 255 14 122 70 140 0 113 76 0 189 181
    0 213 255 227 0 15 255 159 223 179 142 0 76 99 210 123 154 188 131
    187 255 131 193 61 6 0 0 76 125 38 255 127 255 255 142 251 129 255
    255 44 2 0 0 106 144 15 0 184 255 68 0 0 0 183 81 232 173 255 19 0
    215 143 0 161 255 231 82 0 188 0 112 152 74 0 84 255 59 255 19 110 0
    68 216 255 173 208 0 196 0 0 52 154 230 125 0 255 0 236 213 181 188
    189 0 0 105 255 99 0 255 0 99 175 24 0 248 255 0 78 133 255 255 180
    2 0 221 0 255 114 0 215 255 138 36 0 12 255 0 173 98 190 116 255 24
    0 133 134 191 0 0 148 0 118 0 230 14 93 196 123 56 65 0 208 0 13 246
    0 255 17 0 39 0 142 72 0 5 214 255 255 255 106 70 9 49 0 181 255 0
    255 54 109 74 215 161 0 133 0 68 149 95 30 80 0 232 255 255 0 148
    255 104 255 8 248 94 147 0 182 202 255 116 0 185 9 199 38 0 251 244
    81 167 11 255 123 255 22 255 255 0 157 200 255 10 195 62 185 255 37
    0 115 23 80 0 139 0 255 95 3 116 0 179 62 92 253 53 49 66 142 0 59 0
    25 28 50 134 15 255 76 10 94 200 239 81 243 0 124 96 66 255 249 0 8
    63 255 101 46 0 79 213 0 243 255 0 186 255 239 89 225 10 243 212 255
    102 255 215 71 0 253 126 0 231 36 113 71 255 161 80 185 222 163 255
    37 255 188 102 156 149 255 84 190 219 86 112 227 0 0 228 0 150 205 0
    236 7 180 88 0 14 0 255 0 160 97 152 239 0 192 242 24 26 255 236 99
    45 255 100 54 56 92 51 145 85 134 45 200 53 255 160 0 0 250 98 255
    255 255 134 52 255 35 36 255 245 255 27 203 0 69 245 42 229 0 19 63
    244 210 3 0 0 255 125 140 255 218 145 64 255 255 0 31 245 255 5 195
    255 201 224 255 255 255 225 255 12 0 24 161 32 0 105 69 134 255 242
    228 164 255 183 17 100 255 202 51 52 71 255 202 0 139 0 201 138 255
    98 255 255 125 89 255 251 63 167 236 240 129 0 134 182 232 0 0 251
    160 47 0 160 103 255 0 255 0 195 105 255 10 0 255 255 159 255 129
    168 255 255 20 0 77 45 182 155 196 255 0 0 0 57 0 0 114 233 139 18
    192 0 150 0 255 69 255 255 192 73 0 230 228 0 84 0 6 68 90 255 0 193
    164 255 52 255 255 200 195 255 255 0 25 81 157 219 99 6 184 105 212
    0 162 255 0 255 251 233 0 49 129 84 176 155 255 0 255 201 87 0 142
    255 161 0 0 0 0 255 211 74 255 2 255 248 0 0 37 224 125 65 69 108 0
    93 177 39 235 254 255 255 138 142 188 42 217 0 255 44 153 92 0 104
    178 82 255 249 255 131 68 33 255 0 240 183 146 255 0 7 44 185 165
    210 193 220 158 222 252 177 61 221 110 0 0 9 87 235 242 32 255 74
    249 53 216 78 79 255 243 116 206 52 255 39 255 255 109 149 255 82 92
    45 0 0 66 255 255 255 255 145 232 203 207 101 83 12 0 0 135 69 151 4
    9 250 55 255 92 210 115 255 0 130 160 102 7 50 255 121 65 8 46 0 187
    86 0 38 255 27 0 30 0 72 2 4 255 255 13 188 190 129 116 0 250 108 14
    112 241 240 150 20 255 111 174 0 0 221 255 64 172 30 150 255 0 64
    255 208 255 0 255 110 0 255 255 133 255 248 215 28 0 192 236 202 255
    22 176 181 187 255 175 184 161 0 42 141 0 241 112 0 159 255 91 79 0
    23 255 53 84 255 136 50 220 0 140 116 0 163 143 238 87 97 143 0 12
    169 255 176 191 205 159 81 255 236 246 127 44 234 19 0 189 0 0 255
    99 179 245 250 135 0 27 255 0 62 0 52 0 0 241 111 250 255 70 248 0
    91 0 221 0 151 211 0 24 78 0 242 116 122 82 201 183 101 11 31 255 43
    76 255 187 213 0 84 120 166 184 208 29 0 0 198 0 7 0 255 172 90 208
    155 115 122 216 63 30 202 103 0 255 218 189 0 255 78 120 0 18 123
    119 0 200 185 255 255 0 112 97 218 69 255 255 162 255 57 69 157 8
    226 0 18 174 13 0 10 22 0 118 191 0 145 0 255 0 255 148 0 181 190
    236 0 187 209 144 46 0 255 57 179 0 140 189 255 0 4 2 255 214 187
    255 171 229 0 93 182 150 230 0 249 132 0 0 94 98 174 159 32 255 212
    153 234 0 234 151 3 201 179 0 0 13 40 0 85 255 113 252 6 14 255 42
    247 213 0 0 97 133 255 153 13 13 229 91 173 0 165 229 255 255 0 195
    0 204 49 255 81 29 214 0 255 188 253 133 55 255 0 255 23 0 255 186
    129 255 255 46 230 193 217 46 42 0 143 255 5 255 157 239 0 65 248
    255 0 255 139 255 192 255 234 255 90 180 255 0 172 247 57 0 236 11
    255 255 255 156 50 255 0 0 3 0 0 255 12 165 0 170 110 15 0 147 183
    125 78 0 191 93 223 73 51 255 255 35 0 3 128 0 210 0 34 255 0 116
    255 197 219 52 83 211 0 184 33 255 193 122 155 0 157 0 130 35 175
    255 125 255 0 147 0 173 22 125 244 0 35 0 233 0 43 110 240 255 70 0
    255 103 100 94 255 177 0 211 255 141 84 84 200 208 234 255 0 245 255
    91 172 119 105 255 215 0 199 0 70 255 255 28 161 127 0 188 0 168 0
    255 45 87 255 36 0 182 0 255 0 20 0 244 130 73 105 249 41 127 165 0
    237 255 238 79 25 178 20 227 124 47 184 0 199 247 19 0 0 144 0 255
    176 95 0 22 109 166 52 213 0 0 222 0 246 255 118 164 239 255 255 179
    0 255 0 90 86 45 255 199 54 239 111 196 255 140 219 154 100 23 206
    159 105 255 202 104 255 79 94 255 128 0 255 55 56 11 0 69 64 132 0 0
    0 61 1 39 209 43 173 234 255 255 133 255 255 255 29 49 101 90 125
    255 143 188 77 0 47 255 255 117 229 255 24 133 149 0 138 60 173 255
    178 0 171 0 20 0 80 116 1 78 158 255 172 0 14 255 110 0 0 54 174 0 0
    0 243 143 0 115 88 255 216 157 255 12 135 255 0 0 255 90 63 178 0
    116 50 0 0 0 255 71 0 11 141 57 0 15 0 163 0 98 255 161 255 195 0
    241 255 0 232 151 48 50 46 155 216 153 0 0 255 146 0 91 148 255 33
    68 21 30 73 75 255 255 0 162 240 82 7 177 141 123 255 239 0 165 211
    255 255 215 255 0 82 146 0 38 240 0 255 72 223 203 78 219 80 228 53
    130 255 29 255 194 255 0 255 230 104 255 36 162 218 255 110 255 255
    233 78 255 255 255 67 5 176 100 201 255 0 223 106 224 139 255 205
    142 70 253 116 71 0 10 255 91 6 171 0 175 179 199 129 223 138 0 255
    22 77 11 46 255 166 0 255 92 125 158 33 130 195 255 199 222 136 255
    0 76 0 50 136 130 155 211 144 44 255 255 162 118 255 247 255 255 20
    127 75 92 255 83 68 255 112 217 255 96 187 204 241 0 244 255 82 192
    230 174 44 16 250 230 255 237 0 227 143 0 102 172 86 0 255 0 75 255
    102 1 6 138 153 22 175 140 0 132 152 173 115 81 0 255 0 79 74 238 20
    163 210 125 248 0 255 103 0 245 0 255 1 218 169 120 120 41 174 97
    129 255 169 240 22 100 179 249 224 14 134 104 206 11 0 167 0 0 62 88
    116 255 255 35 0 0 17 93 0 4 0 143 0 233 157 193 248 255 107 70 169
    19 255 244 103 1 255 9 0 186 240 0 19 255 119 255 255 255 142 255
    157 202 104 0 245 255 255 159 176 255 0 0 0 0 0 152 0 160 76 0 232
    198 37 208 33 255 105 214 255 185 218 240 91 59 44 0 128 82 139 138
    255 226 196 0 0 254 27 255 255 158 255 255 161 232 0 119 240 0 117
    255 0 87 255 140 70 255 179 157 255 12 84 139 200 255 48 0 248 0 235
    199 255 0 255 178 166 10 255 133 204 0 27 52 0 153 229 163 89 255
    255 0 255 255 54 160 68 81 192 198 26 135 73 0 199 176 0 0 74 207
    255 0 0 255 235 105 64 233 255 246 40 0 52 0 166 255 36 67 184 245
    229 0 93 255 32 108 255 85 255 130 255 0 255 106 0 164 118 174 92 36
    0 253 107 0 255 92 255 63 255 163 0 150 255 237 78 134 179 88 255 33
    242 184 220 151 229 143 223 59 255 255 255 188 90 194 243 25 223 255
    0 36 39 255 98 254 226 200 255 93 255 161 0 255 46 255 158 255 255
    141 255 230 133 255 38 255 255 187 255 34 85 78 208 26 0 19 15 255
    53 38 215 173 144 156 72 233 255 45 123 173 119 0 255 0 0 11 0 146
    23 75 0 108 0 163 170 171 51 49 17 67 14 255 67 178 64 0 255 240 56
    255 0 0 255 0 123 245 61 234 158 179 189 0 1 176 0 4 187 0 0 0 237
    37 255 0 0 100 255 233 94 255 19 152 90 108 83 169 218 255 19 112
    238 255 236 148 204 20 0 190 236 253 216 0 22 87 187 12 71 18 203 37
    145 0 88 0 67 77 195 167 0 92 63 0 161 246 11 13 255 144 149 103 253
    0 191 155 133 2 39 0 162 73 34 14 86 159 251 0 73 108 0 184 40 155
    255 255 228 209 220 0 202 237 185 183 0 145 121 71 56 59 255 224 17
    255 152 30 10 150 255 146 250 255 187 255 162 171 129 0 42 22 255
    192 0 255 255 0 97 41 0 65 76 182 141 17 0 211 186 140 0 255 130 156
    255 255 251 202 132 144 138 255 198 195 0 0 255 0 161 25 2 255 4 255
    220 255 217 171 0 220 113 0 196 254 236 255 210 133 255 35 183 255 5
    255 0 59 0 255 173 36 255 167 0 255 36 85 39 0 180 139 98 255 63 185
    0 251 193 193 255 168 11 211 0 202 140 190 111 54 0 46 150 0 100 165
    255 0 236 135 19 231 17 100 0 0 255 161 14 244 120 255 106 255 136
    255 255 17 108 255 167 255 0 173 198 85 84 253 176 73 0 0 90 31 151
    255 0 0 37 237 173 194 14 4 0 69 134 255 255 255 207 0 136 255 182
    188 159 0 252 0 143 0 94 244 158 12 227 0 255 174 236 255 70 255 164
    135 229 0 52 249 126 242 69 139 99 81 127 53 255 255 233 20 0 0 97
    79 0 0 222 237 0 255 0 204 139 3 16 255 0 101 0 51 175 255 82 235 42
    243 255 245 255 0 93 255 0 255 6 0 0 234 222 255 41 0 175 162 188 58
    0 212 145 0 64 73 101 186 0 255 249 160 0 113 251 125 145 114 66 203
    254 95 241 239 69 151 143 175 68 190 153 90 162 0 154 131 140 235 0
    180 160 65 0 73 199 69 25 255 0 205 206 190 51 255 68 255 230 255
    174 29 39 229 255 17 178 255 0 175 255 62 255 0 255 174 156 151 87
    160 28 13 138 112 10 255 227 0 0 255 139 255 255 25 9 0 255 0 4 92
    93 0 163 78 26 223 0 255 187 5 111 227 0 0 110 0 251 233 255 20 62
    177 255 115 216 52 79 70 255 102 255 169 255 255 42 67 0 27 255 107
    56 197 149 0 255 0 97 171 255 220 145 219 89 19 255 207 17 255 255 0
    0 20 184 0 140 0 155 0 255 0 255 111 215 105 0 87 36 234 10 204 117
    185 0 191 0 137 0 135 191 0 255 255 0 78 255 157 255 0 255 192 0 0
    24 0 0 28 246 0 144 0 139 76 2 179 139 2 103 105 171 54 165 204 154
    0 0 0 163 50 255 255 78 56 62 0 154 250 0 255 77 0 29 255 200 255
    156 0 144 56 178 0 32 255 31 88 210 0 83 20 53 138 255 255 255 42 64
    255 231 255 0 229 255 255 32 180 109 221 233 0 0 158 255 158 79 70
    41 57 146 0 202 0 28 250 0 215 120 0 0 0 45 0 255 0 23 0 193 171 0
    183 0 71 219 21 255 8 103 243 247 80 199 72 0 255 255 219 255 91 67
    2 133 255 142 255 199 81 96 210 255 54 129 48 0 142 141 204 220 0 0
    0 119 132 152 0 90 0 0 22 255 91 96 52 96 0 203 0 136 193 0 231 99
    243 38 0 107 0 27 91 215 255 255 17 255 132 230 168 255 120 93 39 0
    80 0 94 98 255 206 255 214 197 0 23 224 0 247 255 194 0 228 150 8 0
    175 0 255 210 41 170 26 22 255 6 72 93 156 0 178 219 177 229 255 221
    234 0 139 1 2 164 0 255 24 209 0 161 130 58 199 187 0 43 0 209 255
    131 167 0 0 88 231 222 55 96 135 22 18 185 193 84 143 0 44 20 0 147
    205 158 0 54 255 46 116 222 2 246 255 255 216 226 74 255 58 236 205
    86 103 132 0 117 0 82 0 225 0 60 120 0 126 38 34 0 232 238 0 100 106
    94 0 63 60 3 241 253 43 255 9 0 255 243 233 255 197 255 124 255 255
    46 255 97 153 110 0 255 188 176 176 122 255 147 33 3 130 121 103 255
    21 241 202 45 170 105 62 176 52 39 234 155 128 0 255 46 10 255 88
    255 255 204 0 131 0 0 255 5 188 255 225 0 8 194 187 0 88 225 115 80
    255 0 0 216 118 30 45 51 130 208 0 255 10 33 67 255 196 87 255 255
    240 125 100 108 18 132 0 244 0 255 0 0 110 166 255 208 78 29 0 229 0
    23 255 255 109 255 238 212 0 243 158 112 216 176 0 119 61 129 153 0
    255 219 0 200 206 0 0 46 255 16 0 255 0 242 56 84 0 0 124 12 210 52
    2 88 149 115 241 255 255 0 255 213 0 255 178 182 138 0 234 17 3 241
    255 126 119 21 142 143 255 135 255 255 31 206 255 113 175 0 117 0
    255 0 0 57 23 57 120 228 126 143 66 255 0 0 146 97 136 0 255 240 160
    123 255 174 255 119 225 210 255 238 178 255 255 222 158 254 141 0
    174 57 161 255 166 126 255 0 171 0 0 133 0 143 29 182 255 255 143
    109 206 161 0 79 66 138 245 255 255 206 110 255 255 36 14 0 18 69
    176 255 142 110 0 179 255 0 76 8 0 0 0 0 60 74 155 0 255 0 27 255 77
    0 83 255 0 205 255 0 0 252 178 192 62 255 212 245 134 255 216 255 35
    255 162 174 214 118 0 102 175 127 90 255 255 232 12 91 146 56 22 15
    255 37 255 204 255 123 250 255 127 79 0 18 101 255 218 255 0 109 219
    0 0 0 83 230 239 255 250 50 255 75 65 206 198 200 251 204 108 5 190
    36 0 0 236 31 255 255 12 255 186 84 72 139 228 244 17 247 219 63 255
    197 85 0 255 227 30 0 224 165 150 0 188 46 140 0 0 140 174 162 0 255
    205 62 75 173 133 98 170 42 0 255 234 255 34 98 255 66 150 138 227
    255 178 164 71 0 49 255 143 255 208 172 0 0 171 0 0 219 31 255 255
    255 92 42 223 0 214 8 123 123 230 193 231 114 239 51 0 255 124 0 0 0
    79 45 255 232 160 125 255 0 255 225 0 36 255 250 97 229 0 43 238 0
    40 125 58 0 255 0 215 95 252 255 0 118 0 216 16 216 177 166 93 243 4
    250 255 255 186 230 140 71 251 242 0 162 197 141 255 255 0 219 0 255
    242 115 0 35 255 0 182 53 129 29 49 0 255 255 249 187 204 177 42 134
    0 227 0 0 0 255 28 16 0 255 43 2 242 73 116 255 0 255 55 0 122 162
    146 190 79 139 0 255 168 96 255 23 251 200 0 247 53 113 181 0 163 71
    204 87 255 218 168 173 160 102 162 152 66 255 255 255 255 31 0 41 33
    0 255 114 101 75 0 192 11 213 240 46 203 0 221 149 58 255 174 212
    247 0 220 75 228 49 255 208 0 217 112 106 185 18 69 37 37 255 0 150
    170 255 255 91 153 0 0 221 239 0 126 255 224 59 199 0 42 0 115 225
    254 30 5 238 79 168 103 106 213 100 198 232 255 0 33 255 173 128 16
    89 91 166 202 90 9 0 138 80 0 249 21 117 139 255 116 240 255 255 139
    72 219 189 3 0 211 255 255 182 248 0 0 237 0 55 255 252 255 17 255
    74 66 69 134 13 0 237 255 0 19 40 0 51 87 6 0 0 171 184 191 178 255
    0 162 0 174 0 211 206 255 104 0 126 175 0 69 52 212 85 187 214 206
    245 140 134 255 6 255 234 64 65 81 129 147 217 203 255 204 209 221
    195 58 144 16 255 98 240 46 34 0 0 0 202 115 255 255 255 0 200 0 35
    255 255 55 0 105 150 142 0 255 225 0 219 0 0 56 255 0 63 46 0 53 137
    222 207 229 201 54 0 150 51 255 1 0 196 255 255 93 48 71 255 107 0
    231 17 17 255 255 106 43 102 0 70 255 255 238 143 0 48 250 14 40 233
    236 92 25 159 73 123 45 95 161 219 0 112 0 70 0 98 81 127 0 182 193
    133 49 56 116 198 9 19 0 108 246 79 222 184 12 0 255 17 255 90 0 211
    7 91 255 38 255 202 255 158 179 66 0 141 161 255 0 235 6 59 104 255
    59 255 140 23 190 237 0 206 203 0 255 255 26 217 155 255 19 230 33
    51 0 17 135 208 215 117 0 252 0 62 35 0 143 0 25 69 219 255 185 30 4
    0 42 255 107 0 19 255 6 3 0 255 0 175 11 58 126 135 202 118 0 79 255
    25 0 255 76 246 0 20 0 172 142 0 173 255 171 255 229 255 255 18 0 25
    35 0 0 64 17 10 69 255 255 206 235 162 7 178 21 0 255 0 104 222 255
    159 49 156 171 220 249 237 0 103 40 223 213 229 255 191 255 140 214
    255 255 147 255 255 10 255 0 182 156 125 0 24 4 0 226 0 198 80 246
    172 189 207 16 80 255 215 0 211 0 26 0 253 255 0 159 76 255 103 0
    255 239 103 0 5 0 53 72 200 190 131 36 131 234 38 103 0 125 130 18
    254 132 255 239 125 104 250 101 53 255 0 196 255 235 184 148 255 235
    206 0 123 255 0 9 108 255 0 255 64 128 0 255 255 0 241 196 104 3 0
    10 53 9 0 14 255 9 102 77 255 255 255 217 0 133 0 162 255 43 255 255
    97 0 35 197 255 47 8 0 225 70 70 211 255 20 31 34 194 255 237 214 0
    0 137 0 66 230 0 255 245 181 90 255 255 0 134 92 255 119 164 205 162
    0 144 255 255 0 255 145 255 43 156 255 217 122 0 9 206 255 64 178 36
    255 77 68 66 37 255 101 0 255 230 23 135 255 199 33 40 232 157 0 0 0
    224 119 0 123 171 0 255 108 0 74 17 103 23 162 0 0 255 1 198 3 88 0
    54 0 24 60 67 0 0 90 150 0 65 120 0 255 255 112 255 49 136 165 123
    66 172 117 255 0 141 165 0 255 60 0 142 0 37 255 0 0 114 0 255 0 3
    255 227 155 255 242 204 4 245 168 100 0 69 68 126 0 0 248 44 11 255
    39 144 0 0 168 255 51 189 144 124 253 99 222 206 226 221 87 0 73 176
    33 255 0 76 3 72 255 255 81 255 255 165 65 255 7 255 139 255 255 202
    221 255 167 255 199 130 23 160 255 255 0 55 4 0 9 77 183 229 0 0 163
    87 51 0 133 232 195 79 0 184 28 0 0 255 255 40 123 255 255 0 104 246
    180 255 3 0 221 121 189 94 160 255 237 146 59 255 96 0 80 0 0 196
    255 0 93 68 35 9 169 5 239 149 0 255 95 238 255 212 22 168 45 240 58
    255 163 37 249 255 86 0 219 121 0 10 99 28 31 0 236 226 255 255 0
    198 114 115 192 0 83 255 27 186 58 138 0 248 32 96 255 0 255 255 255
    255 49 117 210 10 0 255 54 179 255 91 213 255 178 147 198 120 3 13
    255 214 0 121 113 3 16 73 0 143 252 201 127 255 244 0 4 245 208 255
    38 101 91 0 109 160 175 166 17 255 255 71 80 0 37 161 18 206 0 82 0
    116 255 143 255 133 133 0 23 91 0 255 255 255 255 255 0 84 62 104
    232 10 0 173 245 101 255 44 1 39 156 165 243 82 255 255 0 191 0 141
    13 101 121 216 209 9 255 0 0 47 229 116 45 35 222 251 121 75 0 87 0
    146 38 229 215 255 86 59 0 230 100 0 255 141 241 255 104 247 255 170
    20 255 0 161 0 203 255 151 27 255 42 205 18 124 83 255 255 79 255
    158 51 255 0 116 0 0 132 239 255 164 71 0 205 255 255 255 138 0 219
    23 255 15 152 61 69 0 0 0 93 178 0 255 0 255 83 140 0 130 120 96 0
    241 186 0 10 156 21 0 0 15 51 255 18 232 79 0 243 33 180 237 243 53
    255 220 255 226 252 232 229 0 89 140 255 0 255 255 0 0 217 145 237
    255 64 71 85 38 0 255 142 201 10 0 255 186 117 109 163 149 0 255 224
    74 210 0 216 31 0 225 255 0 255 150 114 74 0 225 44 255 0 0 87 140
    67 173 255 225 244 112 151 239 0 148 0 0 77 146 187 255 57 25 45 255
    0 255 168 255 230 138 0 172 63 0 30 43 110 157 238 183 83 238 0 144
    64 25 0 0 229 19 128 0 14 194 201 255 255 240 0 0 253 255 211 129 0
    201 27 240 159 124 255 206 49 43 192 237 131 160 232 0 103 255 138
    103 0 182 193 75 44 101 0 0 226 3 195 0 255 43 197 242 143 0 255 41
    250 122 31 35 252 255 255 58 150 0 0 212 78 255 0 255 193 107 0 255
    171 255 255 255 0 76 231 207 255 176 0 199 124 96 69 255 232 108 25
    0 66 255 67 218 179 90 132 115 219 0 0 105 255 0 215 0 151 100 153
    215 255 0 45 220 169 130 19 214 255 255 243 72 84 0 255 100 255 217
    0 42 102 0 129 2 209 255 95 71 0 255 47 103 144 231 255 190 58 7 255
    255 111 104 127 40 222 90 242 69 244 255 44 80 0 255 45 255 225 0 0
    243 255 122 175 140 204 134 254 255 255 238 220 88 187 232 0 16 146
    255 255 234 255 134 57 22 0 0 112 249 18 92 255 125 0 53 65 44 0 119
    131 255 245 14 0 234 11 251 192 101 212 22 255 37 242 0 0 151 50 255
    7 57 50 74 59 243 0 58 255 17 244 68 255 70 80 135 57 146 175 255 0
    133 255 168 190 23 136 80 132 241 255 255 255 91 255 51 0 99 70 128
    48 159 249 128 14 0 255 187 150 131 137 255 164 0 255 255 90 255 200
    188 239 45 7 0 0 0 43 144 251 244 0 120 72 92 111 0 82 217 244 7 122
    112 0 31 0 154 156 218 9 178 206 1 74 255 0 255 255 5 255 95 51 52
    84 186 179 0 255 216 223 255 161 135 187 0 58 76 0 32 0 98 139 220
    162 16 255 55 0 251 65 176 246 255 255 255 0 98 86 31 139 179 255
    255 0 224 0 104 240 0 172 255 33 255 134 162 135 38 0 255 55 0 137
    255 242 227 255 0 186 23 196 205 0 41 44 158 255 255 200 255 102 255
    149 0 134 0 217 60 14 136 0 0 255 34 43 255 255 255 147 255 209 255
    0 14 0 44 175 134 0 211 206 0 27 38 57 255 108 99 16 208 250 0 255
    255 19 98 240 255 0 255 0 252 142 105 0 0 255 0 2 229 52 255 55 255
    255 232 158 166 179 222 64 31 255 0 131 135 238 255 255 255 0 4 177
    249 0 246 185 255 0 255 255 194 255 0 215 61 180 111 255 71 70 94
    120 223 162 50 10 16 29 34 90 84 237 2 186 255 245 199 255 255 130
    95 255 150 255 210 176 13 103 204 0 213 0 25 212 0 243 227 168 239
    255 80 208 28 196 255 255 31 128 0 31 177 16 0 154 101 0 255 111 225
    36 119 19 241 0 196 0 204 255 0 255 10 219 75 139 17 9 199 228 255
    182 85 0 117 255 35 13 255 255 213 218 255 5 54 0 177 91 191 255 228
    160 0 86 173 255 165 74 122 255 254 170 0 98 81 77 74 0 233 0 162
    230 149 150 255 39 0 30 255 0 238 72 161 255 123 197 0 0 212 77 19 0
    255 89 208 255 0 0 148 161 25 203 255 172 94 0 0 245 25 255 233 0 0
    44 102 255 0 111 255 201 255 0 229 0 0 0 126 231 34 193 67 0 255 255
    255 255 214 0 115 111 0 0 255 73 245 245 255 255 158 78 87 255 235
    229 250 0 27 89 255 167 90 0 83 89 42 98 138 255 66 181 0 140 103 0
    255 255 0 236 255 255 0 73 34 0 6 215 219 175 239 219 250 255 255
    120 255 28 0 0 0 255 97 254 255 245 0 159 214 0 255 159 58 253 145
    208 58 255 193 0 21 255 224 255 243 244 2 115 0 134 32 255 128 255
    255 130 200 255 122 188 115 64 175 136 202 0 255 88 94 28 242 255 0
    232 245 27 211 0 154 19 48 129 21 222 46 210 26 161 0 0 235 213 0
    255 220 100 101 255 60 44 0 136 255 233 0 160 0 37 255 255 9 88 255
    0 0 119 131 255 241 171 104 108 90 0 0 0 79 154 255 80 255 255 255
    110 255 173 255 106 0 255 0 63 174 27 151 166 40 255 216 255 255 0
    67 112 189 255 117 4 255 255 202 255 255 27 0 248 214 0 112 255 253
    146 255 0 81 140 238 171 196 9 0 28 111 90 107 106 124 219 255 0 240
    255 5 164 255 185 160 255 126 255 0 173 0 31 0 201 99 0 187 0 188 73
    156 255 255 0 233 164 38 0 97 132 191 192 13 129 105 0 0 37 255 176
    254 255 255 255 255 240 0 255 14 178 255 225 255 0 26 118 0 0 118 0
    255 255 138 85 0 40 17 176 96 71 255 86 255 39 188 255 58 97 0 102 7
    105 181 14 0 22 0 104 255 148 255 127 209 73 145 0 255 2 240 22 66
    255 102 21 49 124 31 244 55 255 255 72 0 255 0 218 59 94 57 79 0 44
    78 200 157 255 132 255 55 137 219 0 124 0 93 27 187 240 115 59 23 35
    52 0 90 255 0 0 241 138 65 106 0 157 7 255 10 0 0 211 185 65 0 222
    255 182 239 255 127 80 149 0 8 54 5 255 255 255 255 211 192 255 0 61
    255 246 238 255 255 161 164 195 151 174 87 116 103 248 0 0 255 32
    255 245 0 42 200 157 82 75 124 15 66 155 83 198 255 233 124 200 70
    29 255 74 155 0 24 62 255</data></your_img>
</opencv_storage>
