<?xml version="1.0"?>
<opencv_storage>
<filter_type>0</filter_type>
<only_luma>0</only_luma>
<r1>1</r1>
<r2>2</r2>
<L2_diff>1.1233458950830773e+03</L2_diff>
<test_img type_id="opencv-matrix">
  <rows>128</rows>
  <cols>256</cols>
  <dt>u</dt>
  <data>
    185 127 15 40 18 192 49 150 191 101 127 246 224 56 249 136 8 76 227
    168 188 105 19 122 70 216 175 15 44 141 28 29 148 195 191 154 212
    189 198 209 206 124 104 186 2 3 119 194 208 68 17 1 144 145 12 228
    243 93 65 24 211 72 212 157 186 197 230 173 29 98 77 123 192 170 188
    163 75 106 56 216 30 120 139 178 173 123 244 89 133 13 23 196 249 19
    23 22 92 245 13 170 43 253 125 161 152 37 80 162 173 73 173 114 178
    156 59 213 86 57 239 208 82 11 117 231 115 162 188 81 207 131 240
    102 129 45 146 79 190 38 224 49 67 77 168 135 155 108 78 126 205 208
    193 168 98 174 63 0 23 65 176 32 154 48 245 188 23 75 248 120 108 36
    162 56 222 172 77 246 196 179 111 122 134 13 246 6 62 224 139 7 197
    210 48 169 69 202 54 59 89 198 104 195 209 231 30 104 178 195 199 70
    106 51 65 2 68 12 39 233 97 127 48 28 123 11 30 14 12 250 55 66 114
    2 135 114 20 206 124 249 174 238 140 136 171 74 143 20 106 98 248
    195 177 189 200 177 49 1 203 119 220 123 217 158 13 61 179 94 121
    110 217 59 158 49 211 47 219 126 91 10 25 21 231 87 100 177 97 63 56
    58 68 30 153 67 108 98 224 101 95 174 244 218 176 37 41 129 184 200
    209 143 203 214 88 225 164 187 244 55 136 156 1 188 247 165 83 115
    107 29 140 176 41 30 4 106 226 123 29 139 19 122 123 169 212 31 156
    88 127 207 237 175 127 103 182 68 143 24 1 100 82 250 92 42 244 79
    151 7 77 11 245 5 163 174 64 102 236 183 243 233 223 109 225 169 95
    143 10 197 89 201 248 188 50 77 143 27 88 39 1 165 38 55 164 237 183
    210 25 204 236 236 249 254 170 18 98 80 79 184 35 80 103 169 15 35
    94 229 46 51 51 42 170 198 136 121 38 141 237 96 158 205 17 169 222
    66 22 133 167 146 79 247 68 212 249 206 252 232 102 191 8 211 215
    132 100 108 157 15 218 224 126 138 77 117 179 14 163 144 159 245 218
    44 137 219 236 115 137 199 92 10 42 239 234 139 200 7 13 231 114 226
    106 66 150 195 218 247 58 163 128 250 118 26 197 211 78 79 227 68 30
    164 25 122 151 70 167 101 111 57 101 198 54 99 14 242 105 241 154
    127 102 232 249 242 89 56 122 159 29 225 21 128 127 229 177 143 250
    252 40 103 118 122 76 222 173 170 107 25 55 179 89 17 211 221 254
    216 164 116 125 25 248 155 202 233 107 216 250 54 149 255 136 244
    122 57 44 251 173 176 27 44 127 214 139 116 255 60 112 157 65 82 190
    9 41 16 233 201 228 69 228 191 7 173 217 156 101 30 56 101 209 244
    230 146 148 208 72 39 158 126 97 244 89 80 192 158 172 131 119 125
    77 69 220 191 132 84 5 205 185 61 109 120 187 225 121 34 147 199 218
    164 192 64 85 178 116 138 123 126 59 3 217 214 196 240 229 190 79
    161 170 81 197 223 154 32 141 113 66 99 3 18 211 59 223 206 51 173
    63 155 234 247 159 128 169 77 65 44 230 52 231 76 105 59 1 106 255
    242 111 63 212 139 228 0 199 154 176 113 210 160 151 156 150 186 10
    51 141 245 86 247 166 38 141 129 115 48 41 232 202 46 70 209 199 84
    173 101 86 19 119 112 123 26 228 229 89 205 122 74 52 86 10 6 0 226
    194 26 100 86 222 12 40 119 167 184 242 178 241 24 137 135 66 158
    214 152 234 19 66 93 102 6 20 93 158 204 202 30 79 138 49 102 33 10
    185 213 0 116 93 193 8 181 194 12 127 147 23 212 48 168 150 199 157
    124 104 192 91 243 115 112 109 143 157 1 13 237 125 79 218 82 91 189
    230 54 87 151 250 113 220 173 246 23 248 217 137 172 23 83 242 7 187
    103 146 103 130 22 143 96 170 160 184 249 3 139 208 190 206 71 205
    41 220 189 132 249 216 181 72 22 144 2 72 239 77 190 217 104 200 55
    21 162 81 108 75 105 33 62 241 4 133 83 173 36 170 159 151 224 100
    248 17 135 200 222 40 20 31 230 242 173 227 143 168 119 222 200 197
    213 214 158 18 201 83 127 29 68 125 229 204 145 215 190 144 194 139
    49 192 95 51 22 140 166 84 124 117 233 177 73 216 39 151 242 228 175
    238 67 142 138 178 9 247 95 96 87 144 161 16 158 28 255 75 50 218 10
    203 219 208 205 140 39 163 152 106 250 179 49 168 159 248 110 172
    221 254 181 128 129 158 68 224 133 65 137 194 101 255 231 126 117 43
    84 27 45 29 243 34 37 217 90 66 15 246 132 35 249 217 98 36 143 104
    224 164 38 40 173 159 201 123 134 132 34 217 109 248 156 185 35 15
    150 129 120 38 82 109 106 93 71 63 235 74 2 41 184 155 65 210 49 157
    212 79 65 181 10 74 7 244 235 232 36 242 27 118 252 161 117 196 253
    24 201 153 194 106 74 195 197 21 16 51 252 122 231 39 166 123 34 169
    7 39 182 85 250 131 241 208 143 132 28 141 181 46 47 124 25 99 73
    120 225 254 195 39 99 216 60 127 102 116 251 206 206 112 82 68 196
    234 64 168 168 191 207 149 15 1 188 190 86 49 184 131 113 138 101
    141 127 40 11 212 196 18 119 33 171 215 195 166 28 49 150 27 188 194
    118 0 142 163 246 24 154 119 71 43 208 86 38 11 82 199 57 74 13 102
    84 198 136 93 240 95 172 29 90 56 153 72 91 87 179 65 240 2 149 217
    141 238 186 152 51 19 63 97 46 97 139 230 138 196 165 192 6 39 1 143
    245 33 109 45 252 152 92 56 44 102 216 244 131 170 114 59 19 149 22
    118 37 249 218 169 26 40 133 235 249 206 209 100 118 176 230 30 193
    189 14 138 54 46 107 224 248 38 57 108 167 211 244 4 54 3 117 38 81
    105 232 223 242 80 8 40 76 86 79 252 235 186 254 140 234 130 188 160
    116 73 77 158 238 37 215 33 184 150 38 5 249 216 227 151 57 109 20
    174 64 165 90 95 175 24 1 27 31 16 31 114 215 93 67 146 207 40 127
    146 40 31 134 6 17 37 49 24 97 145 195 144 38 202 48 31 116 228 207
    49 112 197 66 14 31 193 211 167 109 191 105 14 98 82 186 203 223 32
    59 71 48 119 117 138 212 34 145 239 55 108 147 244 73 106 116 98 150
    193 200 170 144 185 23 162 163 180 188 81 174 53 134 36 218 110 21
    105 173 177 197 255 18 160 232 40 110 15 114 91 113 160 41 50 207 26
    40 91 42 216 132 99 191 27 132 125 16 72 102 58 147 15 132 139 81 0
    253 250 185 208 58 184 229 239 237 121 229 133 18 91 18 123 24 250
    52 67 75 78 9 96 63 6 69 135 192 102 190 232 222 159 152 133 28 45
    29 135 54 134 6 75 67 216 119 78 68 65 142 210 2 96 159 120 197 119
    6 181 151 31 5 89 141 183 30 51 208 179 52 250 70 224 90 25 178 214
    34 22 101 137 199 180 17 168 63 247 206 51 248 201 46 147 47 31 52
    254 242 41 99 217 213 168 39 144 118 219 15 175 178 81 81 214 47 188
    85 6 232 94 132 14 235 12 28 227 79 54 0 156 93 20 175 238 166 151
    224 185 163 211 185 38 118 230 118 17 89 62 92 214 192 92 141 172
    135 79 130 11 172 251 100 217 72 111 194 37 147 216 40 160 1 4 36
    230 219 196 130 122 85 65 77 212 154 112 0 14 116 92 85 107 36 93 54
    98 128 212 21 16 155 200 196 188 130 232 1 15 223 186 8 50 59 26 10
    104 215 175 147 197 139 143 145 199 142 90 255 208 162 224 118 132
    192 139 12 40 158 171 60 79 35 224 116 1 53 175 177 158 135 236 38
    97 32 223 25 112 141 218 97 169 101 226 190 66 71 163 29 160 228 71
    127 238 81 86 38 182 102 13 22 142 130 53 199 224 116 232 63 118 90
    148 232 195 46 202 69 189 138 129 53 113 167 230 175 101 251 116 242
    247 224 55 22 199 170 20 10 15 67 94 71 3 240 20 80 227 133 148 119
    131 32 25 68 162 107 192 188 90 14 11 120 41 130 42 102 171 95 126
    162 194 87 22 206 56 28 32 215 110 110 203 203 195 57 85 47 129 51
    71 179 72 46 88 92 150 4 233 134 31 122 86 44 49 230 14 197 167 177
    167 190 108 191 112 139 89 231 227 128 156 52 125 217 41 20 157 121
    133 201 236 255 110 150 215 118 205 43 215 144 197 67 9 177 29 36
    129 145 142 111 210 70 155 103 103 182 79 98 237 8 120 186 156 144
    204 221 107 110 32 49 108 200 97 33 45 45 139 64 229 40 90 46 238
    246 71 212 8 129 210 160 92 105 241 254 157 112 196 250 61 27 21 137
    214 11 139 67 250 155 154 39 149 50 97 42 75 46 110 47 63 119 194
    171 197 128 53 120 133 33 237 145 157 86 134 243 106 243 226 108 82
    240 59 136 253 234 11 126 38 209 181 248 211 158 144 201 209 132 44
    60 153 5 255 123 225 105 33 74 241 230 220 79 227 241 33 33 218 1 45
    40 4 119 64 190 145 190 124 173 109 19 190 26 176 182 254 148 209
    244 215 225 119 8 7 158 85 122 214 28 100 151 216 29 91 128 148 42
    16 107 198 242 252 197 97 57 80 132 210 209 47 8 185 226 254 98 109
    192 25 123 235 25 62 23 142 81 167 108 238 3 143 171 131 47 10 243
    125 138 95 174 113 203 186 218 140 96 223 249 36 7 159 91 148 119 35
    168 72 166 229 110 110 84 10 115 205 196 169 63 217 116 190 153 137
    181 195 223 229 164 166 102 138 255 158 185 219 51 137 179 12 181 78
    177 237 20 36 57 157 158 195 153 100 3 7 0 49 98 77 1 240 149 20 156
    11 245 28 118 33 106 244 92 127 52 63 175 226 244 41 151 9 150 229
    254 99 106 202 244 83 247 150 228 210 117 88 130 99 169 93 153 52
    223 236 75 130 137 22 116 249 233 172 80 101 2 22 66 95 163 223 212
    3 206 96 73 198 144 157 182 133 44 6 201 222 7 70 187 23 234 88 40
    53 64 67 143 86 33 160 230 136 46 60 254 60 164 116 71 151 222 94
    103 90 199 60 14 125 23 219 178 120 169 53 164 141 142 154 204 106
    189 25 15 110 199 191 158 248 0 84 16 127 9 161 54 228 231 12 215
    222 194 67 138 176 54 45 112 210 19 78 89 181 143 44 108 9 92 117
    129 98 7 74 56 244 238 102 18 174 88 15 235 187 6 143 146 237 165 38
    189 173 250 30 81 48 248 37 38 186 90 240 14 205 179 61 49 212 215
    224 174 178 97 43 117 6 197 220 126 226 13 234 18 27 57 38 22 108 24
    144 237 131 59 33 185 36 102 235 136 220 241 19 24 114 120 57 209
    250 18 58 145 136 230 4 200 44 209 163 189 162 117 20 158 165 229 13
    177 152 189 63 63 83 125 232 178 17 103 78 98 128 31 152 171 44 6
    244 167 14 29 37 185 142 136 255 238 116 11 70 6 43 8 121 110 113 91
    141 207 217 223 209 41 37 254 110 227 32 232 70 90 193 71 245 238
    201 123 94 40 44 89 191 51 130 6 239 189 146 181 6 151 79 35 151 85
    16 211 115 149 35 10 21 101 40 36 72 13 171 74 170 114 153 56 125
    106 148 189 159 42 160 80 61 223 180 83 72 111 151 141 248 34 215
    139 137 8 67 13 70 90 61 202 161 209 100 180 20 246 189 91 118 174
    111 169 61 48 213 102 109 158 76 17 61 84 205 70 104 99 98 15 151
    139 137 33 93 248 110 49 175 55 202 47 223 151 111 125 232 230 79
    164 45 231 37 94 174 133 74 113 128 138 185 15 172 39 43 225 162 179
    154 238 125 57 186 36 73 136 165 152 149 13 192 95 163 78 114 70 213
    221 214 147 226 54 233 17 205 76 80 228 127 163 167 136 115 210 109
    76 1 238 125 43 130 255 81 58 118 4 46 248 223 174 29 31 95 25 84
    179 118 48 166 235 66 102 43 100 151 220 254 176 101 219 142 107 214
    89 234 243 170 74 220 251 180 20 216 3 4 48 250 34 225 179 13 211
    103 17 99 233 77 11 156 74 138 250 187 132 155 203 138 129 96 221 4
    128 68 78 11 218 214 195 149 130 81 89 176 89 66 59 254 164 51 226
    15 159 203 178 164 13 130 66 199 123 24 205 185 63 74 249 129 136
    244 32 125 223 211 91 13 31 108 189 173 58 122 203 186 214 185 247
    232 27 99 88 167 45 251 85 37 67 70 216 191 140 49 80 120 250 23 200
    65 12 24 72 126 99 181 219 154 194 122 140 9 71 1 223 110 246 245
    239 179 158 58 139 22 29 104 122 228 231 189 10 16 102 231 67 41 206
    220 203 176 227 73 16 205 86 240 131 17 72 51 29 241 226 255 172 37
    249 97 36 50 196 10 31 128 235 224 59 185 208 117 100 226 105 233 75
    227 138 25 155 64 32 47 79 86 40 119 215 213 23 52 9 20 22 156 135
    64 87 123 128 195 241 207 179 51 39 50 84 240 56 9 107 68 120 22 148
    126 110 234 89 64 122 127 252 4 229 50 150 164 129 99 189 230 250 7
    58 85 9 152 160 203 85 189 237 131 231 66 226 204 252 235 125 63 154
    151 223 38 46 47 212 184 185 220 140 152 167 123 158 171 8 165 9 200
    127 144 150 142 153 161 254 36 45 165 92 113 72 176 113 163 123 140
    66 233 201 168 176 49 144 140 213 101 214 158 82 215 122 13 17 38 70
    15 180 102 183 156 20 92 253 192 9 206 101 37 145 193 3 252 200 132
    243 138 192 145 118 251 209 65 253 17 211 133 160 66 74 159 100 22
    208 215 89 237 220 227 222 181 152 200 32 102 228 146 159 248 207
    244 46 213 215 194 138 52 151 7 104 192 32 32 28 24 164 12 250 115
    199 33 101 78 108 58 115 180 40 110 177 232 83 20 92 63 165 100 135
    95 79 161 65 241 220 170 5 101 89 17 99 57 122 153 113 108 39 91 118
    87 29 139 161 207 102 246 14 62 213 249 80 114 182 253 95 215 73 11
    130 183 148 253 66 197 182 142 13 22 145 178 203 72 201 164 20 29 33
    134 150 170 65 51 18 246 131 50 243 224 114 49 228 26 68 80 58 193
    30 39 33 212 8 119 46 135 111 98 133 24 98 65 174 206 127 189 252
    148 36 128 212 1 210 168 48 57 88 30 164 10 21 132 66 209 184 231 41
    201 119 117 115 33 68 3 75 232 206 142 93 227 137 109 213 165 174 48
    228 140 151 2 95 235 184 112 127 99 35 225 23 13 108 108 24 111 67
    96 40 36 164 214 5 11 150 223 167 133 126 32 160 132 138 183 111 171
    149 127 233 65 113 71 95 67 249 2 19 199 114 100 128 85 7 184 245
    230 65 114 102 112 163 211 37 248 191 96 110 188 203 186 92 211 183
    98 138 116 178 202 147 113 186 171 249 89 240 238 18 242 252 74 116
    107 160 169 76 170 21 196 42 115 229 54 207 71 251 165 91 186 194 17
    44 255 5 165 11 6 247 64 242 40 184 213 59 147 148 83 249 227 129
    235 65 211 143 17 119 136 175 39 126 7 242 92 172 228 215 72 127 237
    82 150 204 146 249 177 155 46 126 201 137 154 174 247 129 37 176 181
    137 211 79 90 83 223 210 220 192 131 154 225 43 91 95 211 158 188 85
    20 188 46 37 59 9 159 130 100 168 91 44 133 168 249 252 10 203 170
    233 243 74 247 201 158 54 9 66 198 206 54 105 118 236 221 64 29 4 46
    66 234 108 109 187 13 182 39 97 117 141 231 65 75 76 193 164 114 158
    107 222 171 83 76 92 181 185 26 54 158 11 232 215 149 215 231 75 181
    75 118 214 86 88 12 99 200 104 198 129 191 235 137 181 0 106 103 247
    141 179 18 110 92 251 198 63 185 196 91 215 95 200 8 198 47 202 11
    74 185 157 64 125 164 117 217 49 143 160 206 87 90 148 177 145 224
    130 154 100 136 215 13 113 11 155 234 240 94 182 117 96 207 102 224
    36 11 252 0 107 132 158 249 97 246 175 76 166 129 21 151 35 182 49
    58 181 228 127 204 67 127 106 75 196 105 43 33 84 197 246 69 66 118
    201 57 137 134 176 120 217 181 172 6 241 233 129 122 170 77 83 23
    163 246 235 99 33 37 84 216 241 138 169 121 200 180 112 204 52 198
    130 69 254 167 205 54 2 176 233 86 162 114 212 57 248 7 199 228 100
    88 247 85 29 149 77 129 228 240 49 43 122 193 154 165 33 208 198 71
    223 208 246 128 8 197 229 48 74 211 50 126 58 145 82 116 72 150 9
    225 210 128 2 172 53 64 209 173 7 5 217 129 55 167 178 172 169 48 24
    194 94 22 210 72 219 183 52 100 25 109 171 250 211 207 53 136 24 218
    121 161 53 168 23 222 206 23 154 44 190 128 73 152 169 211 170 73 83
    137 202 82 212 48 225 9 48 153 34 45 107 37 252 96 142 136 107 85 94
    135 0 117 120 246 85 121 56 132 169 84 13 36 50 28 17 158 50 71 214
    77 161 212 124 118 27 108 52 126 153 238 101 105 110 133 73 243 76
    152 191 187 113 205 0 116 189 209 89 148 123 200 158 173 124 36 220
    61 78 48 150 79 128 161 186 223 139 2 108 245 93 12 93 124 160 217
    74 232 61 79 14 12 127 182 120 122 233 22 60 116 251 67 79 153 193
    182 222 247 54 134 137 85 219 64 237 205 130 161 48 60 246 104 10
    159 83 63 231 155 3 9 44 28 176 34 32 216 87 13 77 3 134 207 40 79
    102 99 6 197 176 118 141 189 246 171 203 144 188 211 206 196 18 34
    163 115 220 98 211 43 124 155 195 89 151 168 200 180 99 179 61 197
    130 113 116 77 90 81 180 172 25 247 194 250 249 195 204 223 24 233
    58 83 195 42 95 126 32 194 243 123 252 112 3 92 216 178 10 83 86 162
    246 253 95 134 26 224 235 203 166 18 149 7 134 235 161 30 236 79 188
    157 20 213 11 101 146 138 190 238 32 91 242 238 190 162 24 99 201
    199 93 106 233 239 123 174 223 169 26 232 32 36 208 223 43 22 13 1
    125 140 179 15 253 195 31 184 61 82 133 220 75 42 146 51 185 105 93
    112 31 10 18 242 22 179 53 97 193 234 129 221 218 229 158 0 154 252
    138 16 8 130 157 191 159 233 114 53 18 165 198 198 251 246 218 216
    128 94 151 214 11 2 63 255 63 27 13 79 178 170 17 220 40 198 41 44
    105 208 130 58 111 38 95 12 16 164 162 125 15 214 187 185 38 212 163
    148 239 239 230 226 173 79 195 79 207 234 11 181 50 46 143 76 102
    131 83 218 151 61 107 67 53 195 225 94 54 180 186 166 123 31 72 188
    213 242 240 199 104 88 81 206 244 152 216 199 3 57 186 93 233 178
    218 94 108 180 245 97 14 42 238 58 178 86 1 176 26 137 135 99 108 73
    99 229 229 147 93 109 64 81 165 145 29 168 174 7 224 254 52 220 144
    174 53 217 196 94 148 137 2 73 79 197 159 108 60 203 200 100 212 208
    137 35 146 157 11 213 171 236 199 41 155 96 2 167 177 188 28 136 178
    121 154 247 122 33 228 79 119 113 252 180 33 60 127 51 90 122 217
    170 0 152 229 68 37 236 108 136 218 2 126 171 221 182 247 213 192 36
    20 230 99 163 188 161 112 38 7 65 167 154 139 224 173 166 106 216
    205 64 241 40 115 182 203 65 123 115 132 207 35 183 231 38 30 98 184
    227 169 138 65 142 32 199 152 155 190 222 203 179 30 181 190 84 175
    177 57 96 3 89 54 166 172 90 152 175 160 220 133 88 132 144 51 47 20
    74 58 143 187 68 158 235 210 238 171 5 228 51 60 208 197 41 7 21 87
    178 215 128 195 193 49 178 79 214 205 71 250 62 40 90 208 82 20 11
    235 251 110 131 177 38 85 191 30 5 77 228 161 170 232 191 134 17 21
    76 9 107 172 248 242 232 30 189 199 73 253 11 55 156 202 18 152 182
    124 219 102 216 28 15 122 15 193 164 89 120 52 38 184 240 65 62 120
    217 254 144 50 50 245 56 112 21 230 98 97 201 18 213 112 194 98 125
    132 221 59 63 85 107 19 124 28 183 128 90 218 131 12 248 151 142 227
    129 172 129 186 98 27 48 183 2 197 113 36 81 110 195 136 29 223 145
    172 1 30 189 171 215 153 148 217 114 226 190 193 59 195 18 96 155 85
    161 241 248 63 183 106 205 134 61 241 92 125 119 99 167 207 184 251
    218 19 19 144 139 113 43 8 25 88 134 67 211 55 100 133 197 164 232
    93 11 188 163 136 162 57 227 241 166 89 136 245 208 182 104 28 133
    118 18 6 15 138 213 126 75 149 79 16 75 27 75 74 116 52 195 97 50 16
    128 223 160 71 95 12 236 18 135 205 215 94 171 151 123 151 149 152
    136 13 197 209 231 209 92 14 200 93 16 176 142 123 13 23 138 48 252
    191 82 8 240 190 143 225 241 126 150 235 5 67 2 247 89 173 176 192
    133 138 94 170 39 182 216 224 228 247 182 215 175 119 40 234 118 3
    29 153 26 243 147 64 191 145 170 84 92 223 166 105 132 129 163 18
    122 236 104 27 175 109 165 25 89 100 134 154 93 242 211 4 179 226
    188 121 207 152 199 3 72 37 226 238 109 152 162 185 113 85 197 35
    233 131 146 232 70 72 195 15 142 106 85 157 184 40 198 5 77 115 86
    185 116 173 131 169 52 70 126 78 13 99 66 49 246 168 54 221 245 61
    200 219 72 228 150 115 36 42 5 161 104 93 114 248 115 189 83 71 62
    46 194 35 40 145 228 51 251 26 149 6 192 100 89 233 224 66 22 129
    160 157 35 254 116 143 230 250 80 228 120 154 231 85 1 108 183 12
    234 61 123 77 212 191 172 168 144 13 61 69 58 85 162 202 55 12 183
    29 14 46 232 0 237 229 35 213 92 200 133 99 160 244 8 221 198 172
    213 172 110 185 58 141 31 147 172 19 240 151 55 71 251 204 17 63 58
    144 203 55 159 236 40 210 156 191 86 130 178 126 172 182 89 24 238
    243 85 180 194 129 223 247 205 2 135 171 156 72 44 34 101 109 136 26
    104 177 160 176 224 225 52 141 125 218 209 56 88 17 98 197 185 18 75
    94 134 38 27 74 84 102 95 11 244 33 213 44 138 235 135 242 19 36 213
    219 50 123 35 55 103 15 130 118 111 117 218 180 28 218 46 109 150
    194 113 222 236 7 124 75 199 219 177 84 45 99 28 62 52 140 170 185
    31 119 232 81 213 212 209 37 158 42 89 167 159 103 133 182 46 90 177
    226 159 189 29 227 235 213 114 237 15 72 72 216 241 167 163 144 175
    85 97 142 195 96 67 94 169 188 27 255 99 86 10 50 39 178 142 21 30
    114 151 214 54 162 85 45 243 16 117 238 63 209 227 85 241 252 142
    226 106 11 0 48 4 14 51 63 204 5 242 183 143 57 47 18 237 141 171 93
    173 114 139 151 180 196 51 4 18 232 87 138 160 55 175 246 56 118 226
    155 161 24 143 241 218 52 230 100 11 206 82 19 82 76 119 133 169 177
    23 164 135 233 164 132 178 233 24 212 21 145 199 94 102 112 190 186
    80 162 234 197 31 1 182 158 195 86 24 164 229 105 101 174 120 231
    100 142 179 223 25 117 38 248 166 147 221 114 100 169 61 67 233 97
    233 119 99 80 134 1 139 52 250 36 243 76 199 203 69 133 51 132 31
    107 35 128 36 209 162 152 120 33 91 193 105 60 12 220 193 31 46 165
    52 55 246 231 12 217 240 220 71 19 60 176 201 60 134 122 126 240 28
    11 63 128 244 85 220 40 109 139 65 209 142 42 237 148 179 226 149 92
    51 181 253 86 80 237 80 220 192 134 250 33 140 118 202 52 207 225 39
    73 45 20 4 149 160 240 249 59 115 31 178 199 79 174 148 14 165 92 78
    64 138 18 162 131 77 237 209 79 199 165 144 202 51 144 34 187 141
    163 24 86 27 188 96 113 222 249 167 156 145 101 196 15 171 142 139
    159 129 221 254 6 81 61 19 235 44 90 46 53 204 97 119 181 78 200 65
    38 95 146 50 122 191 167 14 135 250 169 241 183 32 245 169 43 141
    155 174 115 177 15 4 21 84 219 246 40 157 48 131 126 52 230 72 227
    90 132 89 147 101 223 58 254 50 253 110 19 54 53 22 100 58 75 148
    250 255 169 54 55 70 245 158 28 60 71 212 248 36 16 92 147 235 206
    253 37 124 162 169 197 116 149 209 147 39 249 52 186 18 115 92 106
    37 225 27 94 210 255 102 28 149 131 228 176 251 146 5 29 242 250 92
    73 113 249 95 32 200 174 41 131 154 41 213 32 86 9 129 163 210 64
    167 5 66 59 213 232 184 67 248 24 37 5 243 199 206 50 205 254 48 149
    64 33 43 68 29 116 247 22 85 105 207 132 150 100 6 192 82 192 217
    138 130 246 68 32 178 58 169 14 55 237 103 5 84 27 140 29 192 145
    244 116 226 252 209 32 117 41 7 26 237 106 238 116 64 54 58 198 254
    201 100 12 126 151 200 251 51 90 114 204 133 233 14 196 208 244 223
    130 222 253 186 53 149 33 6 114 143 98 255 162 189 82 218 88 197 21
    25 249 243 136 10 248 31 77 186 208 111 159 66 38 166 80 251 208 34
    92 245 39 39 244 59 217 158 52 27 176 125 6 243 59 175 141 137 174
    31 124 93 163 215 78 136 197 217 60 36 187 209 64 230 67 110 204 247
    210 5 101 166 50 214 43 96 212 196 52 125 199 243 155 121 224 153
    192 78 86 211 20 227 74 152 18 139 153 247 8 166 227 73 157 161 43
    120 150 219 125 182 166 155 71 155 200 98 206 144 75 5 15 30 112 0
    131 125 212 82 255 72 128 52 227 210 80 248 118 76 124 245 220 102
    66 186 58 75 144 82 80 208 158 110 116 77 131 208 54 32 230 198 31
    248 238 202 255 220 202 47 166 254 237 128 253 127 248 187 5 82 125
    133 15 106 31 107 135 102 97 120 49 43 142 201 199 204 12 104 148
    150 29 244 144 71 181 205 56 151 234 44 182 28 231 183 182 226 121
    27 242 169 142 2 181 26 126 162 205 224 70 10 199 116 185 87 248 185
    87 180 100 141 113 81 108 213 154 114 165 69 35 207 163 230 12 38
    167 128 172 236 217 134 124 138 31 230 235 221 17 231 32 21 129 19 7
    185 40 193 13 208 199 174 128 110 197 159 87 169 110 114 216 20 39
    211 253 225 181 44 98 207 132 151 208 68 220 107 84 77 85 103 225
    152 128 214 171 52 184 23 106 224 166 151 172 20 100 118 219 136 74
    157 3 78 137 64 228 91 204 81 61 193 53 245 86 93 41 83 167 177 168
    116 76 47 8 156 183 139 112 247 88 202 196 113 54 59 138 135 147 1
    233 16 143 97 82 19 255 5 137 55 56 112 41 189 51 136 166 125 21 6
    41 243 91 204 247 173 157 31 230 253 99 20 141 113 90 225 247 224
    234 100 23 185 124 69 174 166 248 40 174 212 95 154 79 159 138 37
    109 213 41 101 58 19 102 99 116 193 203 168 187 233 180 191 40 161
    40 196 173 125 167 130 196 189 239 35 44 209 174 47 117 85 101 180
    172 190 9 202 59 204 96 228 148 66 51 137 206 39 162 206 61 217 119
    168 202 83 20 68 3 53 70 119 161 199 255 4 17 155 121 168 239 167
    191 65 169 129 158 46 228 93 174 254 142 239 111 137 241 63 237 34
    52 42 148 214 223 61 198 146 18 82 161 119 54 142 204 63 153 86 72
    92 196 130 213 89 13 213 161 123 124 110 6 199 228 167 97 11 133 61
    217 39 71 66 11 152 63 93 47 137 66 143 218 58 164 248 53 136 190
    111 177 122 69 218 252 124 20 123 62 176 207 112 41 47 225 159 23
    212 132 20 219 233 231 63 165 149 73 247 201 36 82 7 153 174 178 194
    169 96 64 235 9 112 73 84 217 120 137 223 177 166 61 44 76 124 50
    232 189 236 164 249 12 189 171 195 250 155 218 38 223 151 32 95 165
    145 143 223 100 160 200 76 210 95 67 199 169 82 211 37 25 49 10 4
    178 171 55 139 150 106 75 172 191 146 20 247 238 80 162 103 28 79
    206 59 137 210 9 27 230 223 130 156 209 230 132 189 210 96 168 169
    213 170 122 185 48 43 203 181 80 2 80 128 75 220 254 181 128 227 7 6
    138 88 69 246 14 246 193 239 168 46 253 107 107 14 198 68 119 243 92
    228 246 108 194 82 176 250 183 105 76 178 178 200 255 194 38 217 78
    9 76 64 128 216 86 151 154 137 247 4 172 136 137 139 220 226 94 234
    210 185 227 84 255 107 181 111 220 117 236 115 20 24 72 134 255 114
    118 221 250 49 17 76 255 54 71 242 9 65 145 219 226 255 250 99 134
    121 75 182 146 122 223 103 135 128 213 197 50 113 254 24 139 146 220
    106 96 40 187 73 86 215 44 153 14 60 176 232 114 32 23 42 6 178 37
    228 164 25 156 69 104 110 156 34 64 253 230 7 88 193 69 23 173 79
    208 190 58 90 23 77 137 0 29 40 85 182 207 236 126 5 113 241 73 204
    47 115 101 123 246 227 44 180 230 222 27 71 147 192 155 231 11 250
    175 88 235 64 223 149 7 218 168 40 22 156 247 227 91 63 224 137 228
    251 183 183 207 99 104 182 117 172 197 72 133 70 23 195 16 180 122
    24 37 19 140 245 140 252 183 104 123 128 106 242 64 192 169 211 245
    116 205 36 122 43 205 209 222 6 138 144 114 211 32 146 254 216 68
    108 95 175 208 222 192 23 87 1 243 130 231 107 116 202 200 97 27 195
    81 19 109 202 28 234 220 12 247 194 89 112 201 84 41 105 71 209 208
    25 196 181 137 113 197 148 240 100 152 131 130 221 80 250 70 36 108
    255 15 206 54 124 40 219 52 65 186 224 28 36 207 14 10 81 222 139 20
    94 216 31 28 105 99 249 204 108 77 76 189 49 35 68 91 238 28 229 194
    119 198 53 62 117 251 32 22 35 145 166 20 165 162 180 237 6 163 149
    22 54 137 223 148 154 203 251 108 139 235 213 124 204 221 85 163 23
    179 98 68 22 132 41 208 25 55 110 67 175 148 159 210 108 243 47 81 3
    5 213 10 37 233 185 63 234 117 8 165 103 250 79 170 46 172 87 156
    242 41 124 151 80 222 59 73 236 105 229 203 166 136 4 167 111 67 152
    125 114 78 77 140 215 192 51 152 178 78 143 58 99 187 109 22 7 239
    230 141 124 230 237 137 33 207 139 197 122 120 111 63 65 61 136 43
    58 57 133 171 249 108 210 167 78 20 247 157 83 92 112 234 212 44 179
    85 18 162 216 238 97 22 172 192 130 99 220 116 166 147 235 242 84
    102 121 46 69 216 140 61 175 62 47 29 210 206 214 153 216 72 90 134
    44 144 8 236 123 96 51 37 229 18 121 29 115 71 119 155 254 217 43 77
    163 201 71 69 50 128 186 73 194 10 89 64 48 95 224 207 26 121 201 14
    222 157 174 68 75 219 215 45 104 188 75 38 92 10 222 18 145 213 116
    108 164 48 34 132 2 92 173 163 187 52 250 131 108 216 231 170 239 72
    79 184 43 49 217 252 38 254 206 82 99 162 233 152 13 168 150 129 121
    201 90 218 188 178 230 237 86 179 35 114 82 168 155 156 225 33 9 155
    190 231 177 124 120 195 170 89 54 67 182 93 47 35 90 86 14 82 145
    198 56 82 151 9 67 208 10 33 56 3 192 170 98 112 145 23 66 148 214
    103 92 11 208 140 50 155 218 68 162 206 104 100 28 139 163 128 232
    167 113 2 215 143 53 155 249 120 255 118 76 86 140 5 18 183 243 204
    252 111 32 196 117 172 85 170 234 247 4 80 49 89 212 99 67 15 113
    189 230 239 156 41 226 191 53 226 243 58 70 240 30 91 179 80 133 176
    159 232 211 15 125 110 138 131 130 220 62 4 18 144 71 45 111 137 14
    90 8 213 240 169 222 203 22 74 15 51 40 150 91 57 218 201 0 142 181
    29 92 238 190 20 85 32 22 139 62 60 103 94 255 51 118 6 64 7 6 38
    118 36 14 160 211 79 144 38 247 11 164 248 105 86 55 134 65 119 135
    145 203 162 142 229 24 33 155 101 142 151 94 57 24 70 199 16 59 220
    109 111 189 158 63 65 224 78 112 187 109 126 73 105 210 76 89 243
    127 122 249 199 128 169 89 99 110 81 120 6 1 46 154 194 9 88 85 138
    37 119 77 135 64 228 89 238 84 54 188 193 187 180 42 0 53 173 114
    227 186 172 170 51 70 22 204 147 14 19 234 47 135 118 71 52 224 117
    80 207 98 103 140 107 6 55 158 169 140 29 58 146 84 144 161 185 199
    160 152 45 43 183 30 219 162 238 212 87 26 251 243 68 147 227 52 92
    183 42 29 186 76 129 27 177 135 199 65 180 209 127 178 8 98 44 162
    249 241 180 12 92 229 46 218 115 249 125 70 162 171 67 23 66 216 61
    133 128 73 217 93 68 70 158 73 164 198 24 155 232 188 136 173 152
    128 227 123 186 60 77 95 194 94 105 49 73 37 235 75 178 255 123 251
    79 107 38 109 153 34 79 3 158 195 247 224 113 57 107 209 236 170 93
    26 70 171 233 187 145 7 40 196 201 67 101 47 236 185 217 39 37 93
    113 80 142 188 50 230 204 4 218 225 44 58 205 207 101 106 90 71 51
    123 10 145 235 202 203 182 56 223 233 23 163 15 128 64 107 33 90 227
    203 182 82 220 112 64 88 24 13 131 148 69 18 171 73 22 32 190 239 40
    186 175 96 47 73 46 52 212 53 111 216 193 216 238 71 201 109 135 78
    113 54 247 114 122 119 171 65 210 204 104 230 140 148 169 158 209
    132 244 212 47 148 52 162 16 146 110 121 223 253 8 144 102 86 41 18
    220 49 205 80 126 145 12 249 250 50 30 195 39 131 236 249 211 197
    195 5 49 84 110 248 247 81 132 148 120 29 143 93 29 132 137 16 25 47
    83 201 51 210 166 231 249 93 149 117 8 238 22 148 153 52 240 108 129
    26 251 222 64 152 113 184 60 42 75 114 38 145 228 191 29 123 62 218
    59 246 68 206 97 0 18 78 25 104 190 218 250 128 141 79 24 86 12 150
    124 108 211 94 85 75 59 219 33 28 82 188 172 149 204 212 8 137 209
    153 251 83 128 81 161 107 107 55 194 246 120 120 184 114 162 91 156
    166 208 86 168 229 212 141 230 144 168 119 186 247 193 222 105 136
    47 81 0 255 117 175 65 28 243 139 125 254 144 17 58 114 141 2 72 180
    1 42 68 139 250 108 249 201 28 116 117 225 47 1 61 177 114 212 9 49
    47 94 119 27 9 133 52 33 152 29 89 43 150 9 136 208 58 114 248 150
    180 79 94 16 61 201 51 172 35 222 186 110 174 4 206 208 209 234 13
    246 45 71 68 10 219 150 222 216 72 69 226 222 161 225 166 212 81 118
    135 46 21 68 49 152 199 135 138 69 187 171 121 15 214 113 158 86 167
    231 225 10 78 146 128 231 67 107 89 95 141 249 243 123 80 130 50 143
    223 17 65 42 200 82 49 201 124 19 34 55 3 80 123 3 182 242 245 160
    80 47 162 116 12 231 103 7 87 169 118 101 169 191 182 213 26 235 60
    74 87 49 240 79 222 247 220 182 129 3 163 245 72 93 203 40 91 58 239
    223 192 148 221 238 137 66 149 121 101 97 232 119 44 144 127 210 165
    116 215 28 241 15 65 203 152 175 251 153 6 255 61 148 218 58 215 235
    45 94 145 173 250 250 222 168 236 72 154 111 143 240 15 60 96 203 16
    170 243 97 44 106 112 45 84 119 67 95 97 76 132 185 216 112 244 136
    194 9 62 154 9 30 191 223 190 241 221 87 29 119 226 169 239 161 64
    244 46 52 180 143 18 235 100 161 50 76 161 41 244 9 148 205 37 80 12
    67 13 193 238 185 30 25 51 243 224 233 100 53 191 122 88 150 133 163
    180 135 11 195 208 207 203 119 226 4 167 224 166 177 50 245 58 143
    97 144 179 216 62 187 156 242 80 230 237 12 243 214 79 154 40 9 149
    65 36 97 216 200 83 85 121 141 76 199 236 156 56 191 54 231 60 92 10
    27 131 23 13 195 123 79 16 122 67 166 201 135 218 109 7 146 189 144
    24 80 32 25 13 229 127 252 197 127 35 97 191 151 33 196 142 59 50
    101 178 88 33 87 41 5 138 242 112 239 247 42 44 109 9 231 80 27 21
    83 150 87 29 129 168 114 127 146 149 215 221 118 239 199 195 98 195
    147 12 193 177 76 101 12 215 109 96 187 107 163 44 248 206 146 249
    137 91 23 224 136 146 10 250 110 110 218 131 150 1 199 78 155 82 41
    61 11 118 24 39 73 10 159 236 89 2 17 37 31 43 238 183 3 84 141 18
    169 181 27 168 242 244 233 198 74 159 111 153 182 188 15 205 64 225
    43 110 133 145 108 123 212 231 20 225 184 198 83 197 254 230 170 28
    100 68 221 221 212 0 128 12 210 77 163 104 88 89 70 224 126 161 108
    153 141 183 47 168 11 236 82 94 14 88 82 34 29 138 46 198 250 224
    165 243 175 159 47 248 221 239 242 220 16 108 78 164 66 118 12 173
    33 204 202 61 222 167 202 178 60 43 99 246 1 124 188 106 166 78 125
    122 75 74 170 208 88 160 158 104 11 238 52 238 70 32 72 104 133 150
    132 159 142 1 62 201 180 234 167 99 167 172 196 185 197 171 47 246
    56 107 233 222 144 251 23 139 45 213 209 245 44 103 151 84 249 47 4
    205 169 200 5 249 107 3 57 215 85 198 92 229 237 35 242 205 245 184
    23 253 163 137 116 179 76 15 82 208 105 81 216 240 181 220 200 154
    89 207 74 75 154 109 27 180 108 243 93 22 211 112 9 107 213 142 157
    22 90 153 154 182 104 7 108 238 79 125 192 90 22 34 159 65 188 200
    208 37 234 243 174 253 156 164 106 108 149 14 55 18 122 88 151 88
    125 123 208 4 29 183 145 161 238 134 79 214 13 122 136 129 180 230
    140 71 248 231 160 236 137 46 104 19 55 68 62 29 97 170 42 93 130
    186 200 37 173 245 77 74 116 79 68 63 118 226 254 24 222 81 236 211
    115 40 195 248 241 117 18 90 222 117 222 23 82 164 63 95 94 140 91
    76 94 18 91 90 185 169 214 158 99 197 42 140 144 71 101 25 153 159
    253 204 13 206 231 173 214 135 184 131 76 175 10 232 238 157 164 117
    132 3 23 144 45 201 210 182 146 59 213 77 50 65 149 74 64 185 210
    104 62 11 242 116 75 130 181 101 161 135 86 84 135 148 20 125 150
    183 63 127 51 22 177 147 192 210 114 154 185 154 116 220 102 16 176
    149 219 161 25 158 174 163 164 164 17 169 220 138 113 112 215 116 57
    61 93 139 96 18 166 58 236 172 92 144 148 108 113 225 244 255 212 79
    217 14 247 180 188 155 53 201 137 238 17 186 65 13 199 98 5 25 85
    197 60 51 4 254 221 128 25 7 147 118 138 232 154 241 82 62 236 180
    17 9 204 29 44 150 26 116 62 235 213 130 92 171 44 59 191 230 134 96
    90 205 227 250 151 105 16 252 244 82 237 104 97 233 211 158 38 132
    38 244 42 121 250 93 152 189 187 246 80 26 49 129 115 238 10 242 12
    88 56 66 204 153 234 149 192 224 14 78 57 107 31 174 208 248 105 218
    23 181 101 231 131 181 118 11 26 147 117 206 129 163 254 246 89 75
    33 28 24 51 219 171 2 127 129 105 1 163 81 11 196 83 200 126 9 245
    109 244 216 130 54 146 112 175 233 42 29 45 82 70 51 252 103 226 31
    152 85 203 181 185 89 94 43 132 10 51 43 19 153 153 13 52 120 195 43
    98 248 26 79 79 204 169 191 242 62 203 66 80 254 177 220 246 77 194
    202 40 65 74 101 89 115 143 57 15 240 85 182 230 101 179 46 59 83
    212 199 60 108 73 187 136 153 68 58 177 23 35 12 19 66 152 144 6 238
    241 61 167 235 48 234 156 126 53 19 6 167 138 155 124 108 28 175 241
    5 105 62 64 83 132 165 63 50 162 92 181 127 198 93 128 12 131 140
    216 128 99 153 40 79 32 246 53 239 117 235 236 20 212 242 17 162 200
    42 18 124 43 136 162 195 152 68 231 33 137 90 173 161 213 243 95 123
    60 221 61 227 230 88 96 214 113 157 26 47 47 68 158 40 34 73 203 71
    11 98 250 129 20 203 5 246 169 104 185 177 240 248 224 12 39 40 118
    240 7 200 58 204 70 134 141 160 253 211 185 161 231 249 48 13 176 40
    59 89 32 93 38 237 190 106 234 90 211 135 41 111 131 129 60 148 236
    121 123 99 236 88 204 211 52 253 234 46 103 103 71 50 76 34 159 251
    41 90 240 159 85 215 88 14 177 185 193 219 238 81 217 184 224 82 216
    209 29 41 224 242 214 87 72 46 81 123 250 161 247 174 73 47 107 29
    102 75 27 158 141 130 218 53 111 55 10 237 106 27 96 150 15 167 77
    95 249 169 38 247 139 193 239 3 57 247 21 24 64 240 78 130 184 96 25
    213 196 171 9 175 10 219 174 135 227 33 188 44 150 24 228 66 75 76
    182 90 194 131 242 185 113 59 34 193 172 255 114 149 114 124 250 149
    65 91 227 90 195 126 154 119 34 30 46 221 107 155 205 71 74 228 242
    14 213 126 156 167 8 84 19 174 137 123 193 86 220 161 217 253 114 81
    93 93 5 244 91 45 47 252 185 148 104 86 87 127 172 151 164 83 47 148
    229 89 162 31 243 155 40 140 197 44 95 21 253 249 108 8 242 24 235
    42 181 55 142 51 178 140 66 58 221 222 206 68 217 16 38 217 231 4 33
    212 184 42 155 221 33 86 145 58 152 80 0 127 205 57 97 99 75 73 193
    199 76 169 184 158 209 181 23 168 5 30 150 140 50 178 180 105 94 136
    154 212 169 230 104 22 253 181 13 187 210 30 232 146 62 3 14 60 61
    88 132 46 53 123 138 8 30 9 53 186 233 57 67 31 6 218 237 228 249
    179 101 130 9 109 216 204 45 141 72 190 229 76 37 154 46 246 17 239
    26 181 179 3 106 185 72 77 62 62 56 121 214 254 119 40 101 54 115
    120 1 115 162 164 175 80 222 250 234 246 153 200 17 159 91 199 92
    156 205 151 93 206 117 205 111 204 127 9 187 232 154 105 122 144 72
    127 51 10 35 45 14 239 74 182 131 223 150 169 170 30 87 146 232 22
    141 72 211 62 95 86 57 178 75 89 241 168 169 42 62 61 220 168 87 74
    234 15 65 183 14 113 95 52 223 59 153 8 252 0 206 142 225 16 200 164
    175 152 49 120 44 65 215 154 86 94 254 104 95 207 187 149 81 65 185
    240 51 228 160 39 253 180 132 62 225 149 221 139 247 231 156 62 124
    223 63 5 102 48 39 68 60 131 112 143 61 43 0 203 178 202 213 69 107
    46 101 126 44 152 244 104 124 70 204 61 15 165 135 71 12 113 191 162
    108 44 131 27 207 65 179 249 11 130 18 232 229 208 219 211 67 28 197
    105 11 107 143 5 61 147 69 20 135 167 15 12 224 43 71 156 143 125
    145 120 16 217 249 254 181 118 142 244 122 206 68 43 112 207 181 57
    19 201 215 70 196 158 211 82 245 148 152 73 127 20 45 50 73 243 78
    191 54 212 201 200 59 6 193 39 60 76 45 166 67 4 145 11 232 26 242
    29 91 30 44 54 201 84 229 234 18 50 190 166 38 62 1 183 78 169 32 94
    92 75 104 58 16 120 34 164 228 95 90 2 51 243 226 34 10 91 191 100
    86 235 248 40 159 197 151 120 77 126 54 57 117 153 220 112 120 50 60
    11 77 7 216 208 15 41 27 34 158 100 38 67 212 201 93 108 46 176 0
    205 82 92 144 154 91 190 80 204 80 191 11 203 114 56 66 212 59 242
    93 255 102 252 177 224 143 139 75 128 212 207 0 244 180 13 252 217
    246 88 14 169 63 194 226 46 148 181 106 255 230 155 70 123 246 166
    84 68 181 148 244 69 21 187 221 131 34 176 3 140 37 123 127 173 38
    92 123 193 70 192 12 105 55 254 179 229 49 144 190 209 88 211 2 182
    42 212 227 65 126 85 200 68 4 23 202 130 227 140 122 15 127 114 246
    17 152 35 43 70 116 93 70 128 198 172 122 220 53 63 185 222 238 101
    134 18 73 160 55 48 215 70 22 161 4 189 238 205 149 101 157 94 90
    219 203 175 67 71 176 58 75 181 103 146 13 99 135 81 76 157 195 16
    201 224 59 242 219 41 253 183 195 79 222 118 166 85 239 216 115 86
    151 94 74 107 2 185 122 214 133 156 223 181 153 138 250 192 255 60
    103 113 139 125 130 32 205 191 210 182 81 59 97 143 144 18 245 245
    124 27 58 254 74 87 236 56 44 68 186 192 119 186 170 45 23 120 244
    180 56 73 239 157 177 38 235 168 213 223 219 31 6 190 94 87 130 162
    142 191 71 9 34 231 105 109 37 251 226 20 191 205 49 168 178 245 196
    146 152 83 157 112 53 49 52 158 86 182 80 62 20 29 62 110 100 125 5
    24 3 10 56 54 60 209 23 64 207 22 48 137 112 226 202 87 97 182 22
    162 11 235 107 76 104 146 255 212 226 103 77 57 245 199 92 123 109
    187 207 119 134 230 11 51 71 187 197 151 197 240 30 117 127 184 249
    53 34 75 238 142 101 93 18 94 171 241 74 37 18 167 176 236 176 82 26
    65 196 7 215 119 109 184 196 222 15 87 10 54 216 238 200 232 58 66
    198 7 39 79 93 87 123 41 100 201 62 54 241 75 43 254 242 107 248 8 2
    174 121 98 66 115 60 178 48 73 171 3 93 29 165 145 27 244 63 224 122
    254 198 69 189 153 170 87 224 37 75 151 149 20 184 159 137 175 135
    104 98 182 199 19 182 89 208 56 152 65 205 65 25 64 226 141 125 78
    150 71 140 183 146 222 48 165 149 127 230 65 95 217 50 20 135 215 84
    58 46 227 120 252 8 76 118 77 209 175 209 48 231 120 187 6 214 70 68
    123 57 206 64 253 86 195 215 99 16 96 183 174 149 174 17 66 154 88
    76 99 14 129 54 165 149 0 198 58 44 90 214 250 191 231 16 187 155
    173 134 219 23 107 241 62 39 231 97 73 8 146 217 161 185 207 25 109
    218 128 208 49 79 91 107 227 126 112 64 151 199 110 143 111 32 41 22
    113 6 142 211 135 71 86 83 79 248 102 206 218 119 77 214 65 216 44
    203 158 177 48 71 79 202 126 39 174 64 170 41 68 108 200 24 85 198
    213 38 29 234 255 110 230 17 84 40 180 11 114 185 169 126 98 193 191
    179 63 60 56 47 136 252 77 33 201 160 246 136 145 206 146 35 27 250
    29 252 14 61 8 72 192 67 220 138 139 182 231 140 253 165 129 55 66
    175 39 200 194 181 100 113 143 32 15 205 81 54 85 213 194 223 29 230
    179 34 80 90 35 127 191 85 165 126 214 240 232 127 28 177 181 35 55
    20 132 218 64 234 35 1 32 245 163 104 118 6 46 210 231 160 206 78
    236 62 245 40 111 104 105 217 125 186 137 164 26 146 22 128 58 237
    85 127 233 70 148 65 83 165 8 142 204 111 74 59 52 205 19 199 151
    234 107 136 148 8 37 212 96 228 121 156 63 115 108 65 60 177 11 123
    253 98 52 81 15 128 232 89 202 168 10 199 242 52 150 118 152 67 233
    240 18 76 167 243 202 142 255 72 5 24 48 110 168 132 47 239 75 6 90
    136 171 129 89 64 175 42 242 53 96 252 110 9 145 240 222 153 29 83
    146 238 146 136 52 9 135 158 36 160 17 146 226 62 52 104 208 24 159
    61 55 210 11 239 45 221 11 40 203 174 224 20 156 189 41 135 203 144
    151 73 45 16 241 73 204 21 28 247 145 148 110 200 74 69 21 143 146
    19 51 80 107 66 62 174 188 79 56 48 107 70 68 17 240 158 253 62 19
    112 45 56 127 4 224 253 114 55 56 230 39 33 225 198 35 215 117 164
    212 70 69 153 82 161 191 52 42 19 174 226 124 177 178 198 241 165
    242 134 51 253 163 42 172 23 188 79 220 220 45 119 169 169 169 43
    244 235 101 61 137 191 157 107 196 102 124 75 169 70 49 161 249 81
    10 191 170 36 177 116 128 121 48 127 66 191 137 14 107 114 236 82
    252 227 233 139 244 242 186 117 20 19 251 150 178 188 69 130 162 209
    232 128 176 166 91 23 32 9 92 93 82 77 166 146 207 1 28 220 166 137
    241 245 72 52 246 136 192 197 12 28 186 101 9 56 213 56 174 38 220
    145 138 109 125 33 120 8 170 2 161 137 236 81 94 4 171 133 231 243
    241 205 13 161 61 236 1 180 152 17 159 157 232 230 250 238 59 221 9
    137 50 177 51 172 183 190 188 71 38 239 37 169 113 165 225 54 221
    202 160 58 171 146 86 178 116 36 9 107 234 78 240 188 29 239 72 211
    208 34 172 28 117 196 66 142 192 198 45 45 73 235 217 234 34 244 70
    61 191 241 73 189 34 55 205 190 242 205 66 9 47 173 212 9 95 243 211
    208 159 181 78 21 237 157 241 201 209 88 127 221 189 92 149 253 116
    236 255 107 60 148 227 182 44 169 181 42 21 96 178 222 239 110 181
    212 119 179 193 37 15 118 133 162 184 104 44 176 70 199 28 177 68
    127 64 145 78 0 56 123 103 159 90 168 197 209 4 25 141 218 11 242
    150 237 240 130 35 180 235 251 122 100 117 185 189 209 193 130 92
    237 8 121 16 253 147 54 151 176 243 152 150 43 229 40 19 168 10 215
    47 12 191 113 121 56 69 171 141 61 159 1 131 101 206 8 144 74 33 14
    42 186 28 79 136 67 39 193 85 166 213 101 33 59 228 155 102 66 167
    65 190 188 123 253 78 35 63 131 104 45 31 193 148 167 164 5 40 205
    238 61 156 99 251 6 145 228 201 92 186 67 187 113 69 34 66 17 100
    152 26 245 14 247 80 77 139 132 212 158 154 130 189 244 41 220 211
    198 113 164 213 133 193 151 141 137 50 171 126 243 6 64 216 149 116
    210 205 248 190 172 71 12 53 56 161 182 206 42 252 179 211 188 50 86
    102 211 118 139 190 50 21 144 105 26 115 231 55 217 68 81 154 145
    170 105 212 15 173 106 48 1 133 195 17 173 233 68 48 152 214 219 179
    241 223 201 72 252 114 53 44 161 136 39 24 240 82 223 253 206 84 72
    72 145 46 128 48 150 220 202 170 71 207 44 231 118 93 0 204 223 238
    94 76 68 111 201 72 249 132 176 73 63 166 45 92 58 27 9 122 54 138
    139 134 240 81 135 1 169 129 129 144 223 227 69 92 24 97 220 73 150
    160 138 154 186 15 14 194 188 26 68 169 29 107 113 99 71 73 33 215
    236 208 138 119 160 240 232 52 14 90 115 209 114 177 21 183 28 160
    161 112 42 110 169 31 25 2 199 251 164 185 112 166 209 205 180 155
    35 71 125 192 124 5 2 248 14 49 96 172 78 178 171 129 238 254 2 143
    115 111 4 137 133 35 65 113 67 11 225 183 223 126 117 81 36 188 215
    145 190 67 9 156 50 58 190 246 57 56 141 141 224 157 142 33 188 165
    3 218 93 165 10 247 109 240 169 97 166 6 0 59 1 68 33 34 80 173 14
    32 101 98 97 53 219 14 204 236 125 212 95 45 26 244 77 29 1 169 215
    184 8 195 113 74 158 102 20 89 232 191 141 247 244 8 58 205 24 83
    213 249 74 144 98 187 138 197 32 148 236 246 87 120 245 85 165 171
    251 29 177 152 43 232 186 164 98 22 188 21 120 160 220 167 17 68 72
    179 90 135 27 206 153 125 107 223 156 198 73 52 168 137 187 107 90
    195 155 142 179 201 63 122 190 78 213 6 208 157 22 169 139 239 185
    182 74 227 18 74 102 221 9 131 122 187 239 130 94 129 245 164 241 16
    185 199 249 137 13 162 243 106 214 126 46 100 174 54 62 211 222 69
    139 181 173 39 240 1 244 82 88 254 209 186 116 227 168 169 225 110
    68 255 85 246 113 85 85 254 42 87 15 93 207 73 70 171 78 214 120 235
    27 9 225 224 127 41 76 25 42 107 88 137 95 121 195 182 107 36 35 39
    146 107 4 110 198 101 167 16 152 17 79 169 43 194 114 213 174 187 85
    204 183 164 187 177 29 218 53 25 164 133 240 64 182 13 226 104 227 0
    229 114 91 199 219 145 56 70 125 87 212 108 69 242 251 65 207 204 11
    227 80 118 151 157 70 53 135 52 152 230 237 219 36 199 207 201 108
    159 65 243 88 63 126 128 35 79 249 153 131 190 142 75 180 190 204
    134 243 12 80 9 198 51 167 108 149 114 79 126 40 250 113 156 251 122
    133 250 183 5 64 107 14 85 174 149 85 80 38 42 135 244 160 36 213 79
    242 202 252 123 70 195 83 73 132 74 63 152 79 66 225 233 191 38 133
    172 157 129 252 174 46 124 235 32 51 149 58 35 251 211 117 71 99 210
    130 208 221 87 33 176 78 66 221 71 131 170 70 235 154 117 160 168
    156 220 203 168 191 36 48 124 166 149 199 46 250 109 242 30 244 231
    226 99 180 239 158 57 56 133 16 117 206 24 210 54 117 159 3 128 131
    148 194 49 2 171 104 33 22 70 247 253 52 234 146 59 8 176 97 29 103
    11 161 56 246 47 138 48 50 10 102 170 51 159 77 63 231 251 98 184
    215 10 132 126 31 29 16 167 39 94 52 111 85 188 14 46 113 126 41 156
    78 81 253 231 41 52 247 47 117 188 225 231 126 246 0 66 192 115 58
    141 16 12 77 219 199 64 144 93 67 109 81 254 17 23 167 146 240 83 63
    116 148 69 53 190 167 21 35 248 159 33 74 23 210 58 166 210 7 23 129
    131 168 204 240 77 132 148 106 199 212 107 169 185 136 210 221 111
    75 234 150 106 192 190 111 67 217 74 190 49 219 202 44 109 35 71 84
    218 36 189 72 242 134 3 144 215 25 106 233 181 58 179 85 132 222 151
    85 75 150 146 8 251 48 78 253 202 27 20 96 148 171 224 3 211 52 184
    255 63 69 79 165 229 213 90 39 126 163 236 197 182 218 163 176 76 45
    179 38 130 161 130 62 7 190 20 202 16 40 163 178 255 225 195 50 9
    187 7 15 34 30 19 132 60 137 87 246 85 201 84 223 28 136 248 85 103
    148 205 239 77 174 34 127 35 30 64 198 241 201 14 88 22 74 58 19 51
    136 187 43 140 69 49 58 123 91 174 59 209 71 227 165 200 80 245 189
    126 192 231 139 10 238 180 61 7 81 64 45 70 109 104 152 144 217 113
    54 37 22 208 197 74 242 151 178 20 165 170 204 252 153 156 169 240
    116 38 251 180 21 67 154 241 229 218 162 161 93 95 167 235 76 122 11
    27 182 168 246 27 224 201 228 105 181 98 63 102 232 181 224 138 215
    139 94 58 166 174 90 16 206 15 137 184 225 45 5 186 56 70 67 58 224
    121 243 134 223 251 67 164 231 91 205 59 78 116 179 197 192 116 44
    136 209 155 217 253 227 177 61 102 147 101 58 127 207 229 225 87 20
    26 3 92 0 90 89 235 159 77 133 62 112 90 147 4 145 118 235 39 79 150
    43 72 86 105 251 88 158 119 180 53 131 92 122 185 47 102 223 112 83
    161 171 46 225 195 248 186 93 124 24 219 241 27 63 111 174 66 10 237
    111 147 226 158 41 81 11 138 168 220 253 15 97 187 116 95 54 184 102
    3 74 204 26 221 240 242 142 249 105 2 1 39 45 249 207 43 111 197 97
    51 219 245 248 25 194 187 133 37 17 248 194 108 251 27 30 78 45 247
    59 38 127 145 193 102 246 90 40 218 242 165 239 54 231 45 164 236 3
    227 72 5 138 171 217 15 75 252 236 183 206 166 166 162 238 76 17 28
    212 194 184 229 236 77 243 217 76 45 123 70 167 211 97 252 252 160
    29 211 152 0 43 103 220 199 9 219 170 22 219 9 103 86 144 52 182 227
    244 243 170 30 99 200 225 148 34 81 106 119 157 232 68 63 24 93 21
    233 183 86 24 196 195 144 139 147 122 50 148 2 111 227 104 148 180 3
    222 222 149 28 81 105 68 255 1 180 13 236 167 229 237 192 153 70 27
    186 163 40 27 36 121 32 92 134 191 79 242 56 146 126 153 24 159 62
    24 31 30 185 37 32 213 4 153 148 95 16 112 162 137 104 47 78 162 216
    130 114 131 101 146 158 123 188 65 33 133 3 127 220 212 124 77 145
    64 128 74 146 182 205 40 163 72 208 203 164 66 232 113 225 67 216 80
    147 222 134 229 255 16 234 155 145 195 11 177 13 18 247 166 90 247
    131 198 102 40 222 122 226 4 232 55 44 58 183 131 45 230 177 39 41
    130 195 21 185 27 142 91 218 105 231 167 195 198 103 162 17 238 185
    238 149 158 255 229 143 11 122 28 26 85 118 142 68 169 139 144 85
    209 203 185 150 34 0 124 176 207 118 108 99 2 132 67 68 85 159 151
    147 58 103 167 54 8 228 218 5 168 180 179 243 153 134 231 62 126 219
    17 66 161 42 150 205 224 149 10 208 137 219 219 225 162 82 241 96
    125 201 68 61 212 254 95 10 27 191 225 216 142 120 109 255 35 4 40
    93 234 253 119 1 10 62 205 252 119 229 228 52 15 104 28 75 173 180
    85 66 157 19 161 19 235 238 214 58 106 29 168 241 63 237 21 154 209
    83 114 212 1 126 187 48 144 170 79 49 176 12 196 100 202 241 177 143
    105 111 225 255 183 235 18 219 140 185 15 34 59 246 66 135 26 26 99
    15 92 111 135 12 57 190 234 115 72 199 232 98 180 188 72 29 163 249
    6 118 103 128 82 194 60 212 173 82 55 136 17 139 132 117 18 84 59 14
    130 190 55 18 161 182 164 36 156 232 88 28 186 13 90 255 115 157 22
    121 189 22 177 152 83 222 164 152 236 36 233 106 57 56 124 160 187
    145 75 196 109 21 244 132 249 204 254 49 253 172 108 167 127 208 226
    107 15 254 24 231 31 42 137 39 227 16 96 220 185 28 124 248 123 75
    47 211 78 70 68 54 131 4 215 47 6 106 1 62 7 155 236 13 82 124 11 54
    0 58 53 163 43 198 234 111 27 88 167 52 27 8 200 8 246 232 166 12 22
    48 170 183 130 54 237 46 153 191 112 157 80 18 168 76 100 220 1 152
    170 20 63 15 105 253 177 86 139 99 147 91 67 137 135 14 192 186 170
    3 115 113 58 46 215 52 3 191 145 69 76 41 138 49 203 107 136 106 26
    211 2 74 58 214 115 134 25 220 105 60 8 198 200 48 245 86 250 66 178
    184 1 91 182 38 63 93 170 24 122 63 194 248 144 206 19 189 40 135 81
    82 178 192 165 120 204 185 159 251 27 152 73 103 179 107 88 9 107 76
    80 220 227 85 21 40 228 122 141 177 222 144 7 235 58 136 32 126 101
    70 35 28 184 141 195 98 243 212 2 183 29 48 9 110 237 38 146 122 179
    81 202 229 22 89 104 49 178 225 197 99 13 249 185 150 114 40 135 17
    205 37 35 234 59 7 112 179 39 31 189 39 133 65 9 209 74 11 247 220
    130 200 238 108 76 36 34 183 30 26 181 83 150 10 37 125 29 151 160
    114 235 252 51 86 112 182 211 205 136 37 250 162 199 30 89 222 190
    215 101 31 49 75 200 155 32 82 104 162 166 48 198 124 140 94 229 234
    164 185 248 61 82 9 166 14 59 95 93 191 220 2 51 59 220 6 207 151
    210 107 73 7 135 145 116 57 157 210 30 242 6 24 1 133 133 17 153 66
    50 28 118 116 92 54 103 218 7 245 160 99 212 87 142 11 207 2 79 221
    171 234 81 119 118 162 163 149 68 225 246 222 51 171 153 15 60 200
    248 106 12 193 11 217 13 173 204 143 98 234 150 197 121 240 24 62 94
    79 90 55 203 252 145 234 116 146 24 178 25 22 156 195 205 110 127 85
    129 63 246 56 209 252 212 95 82 91 194 2 156 86 4 139 117 173 186
    142 82 165 248 82 102 90 59 15 110 101 214 235 94 197 112 180 238 38
    143 47 15 124 49 11 238 25 184 208 252 194 164 85 4 25 65 246 186 87
    64 38 202 100 2 22 131 219 223 107 220 0 55 203 17 175 58 244 166 3
    61 142 2 169 122 201 168 179 146 95 108 179 237 48 87 142 237 249
    163 151 46 32 105 249 238 113 235 115 213 21 175 31 123 3 28 26 77
    41 111 252 95 254 148 180 188 221 91 66 76 106 183 126 14 248 82 234
    174 41 126 83 44 80 24 194 114 10 191 167 49 27 198 44 242 157 250
    39 223 193 215 244 220 126 12 229 57 172 29 13 208 150 230 116 88 82
    60 103 130 147 55 81 162 8 81 75 83 239 32 166 175 152 76 208 14 174
    51 126 229 253 195 25 27 202 147 154 55 149 143 46 28 139 190 238
    254 226 71 140 240 203 156 27 61 39 22 239 55 219 211 194 27 126 110
    172 238 215 167 100 93 53 215 49 16 146 137 199 144 183 32 161 44
    137 50 96 239 246 24 75 224 216 145 64 42 224 131 148 156 70 202 229
    41 157 157 67 175 216 218 219 8 146 250 84 35 62 109 189 96 190 80
    42 29 75 23 114 205 216 32 52 165 143 53 30 185 37 204 72 64 98 98
    104 114 97 46 148 58 12 198 137 104 135 110 186 242 122 224 158 244
    159 167 106 88 105 132 84 232 240 253 21 102 84 34 107 93 49 104 32
    74 173 239 52 228 88 3 54 62 240 242 90 65 250 7 228 62 199 71 228 9
    243 60 162 89 8 243 76 175 245 242 224 128 195 47 7 211 51 27 183 43
    172 255 219 106 11 182 47 246 151 242 151 237 60 12 164 244 170 181
    77 8 131 85 91 178 113 86 237 68 187 183 118 228 30 123 140 119 195
    252 6 57 182 249 239 125 193 6 8 180 57 143 139 62 101 253 113 143
    60 164 243 31 94 144 229 141 24 238 233 7 47 27 184 39 31 209 241
    255 55 88 118 40 67 89 119 78 219 15 232 62 193 91 46 142 88 155 202
    68 189 54 133 14 89 137 151 232 231 109 4 195 90 4 18 10 134 141 165
    91 200 75 240 71 28 96 200 123 121 46 165 95 8 95 60 189 252 129 211
    60 249 222 12 0 60 246 253 76 137 77 245 240 44 25 241 93 107 76 164
    163 62 48 102 191 49 139 151 140 216 197 104 139 247 224 23 111 7 83
    231 190 16 151 152 140 215 115 112 230 175 77 112 207 225 180 244 13
    240 59 9 114 57 171 34 84 174 233 45 123 192 213 145 244 212 147 14
    5 220 151 18 132 89 98 127 221 66 249 251 213 228 129 68 235 43 84
    133 85 100 137 123 41 88 96 127 103 252 189 29 107 144 229 2 245 110
    253 50 23 48 233 168 123 233 207 21 32 105 122 130 10 76 118 99 213
    186 3 135 147 229 67 106 227 219 136 210 22 118 74 146 1 213 37 174
    91 16 245 95 150 153 42 92 35 44 6 140 75 89 76 249 96 36 193 108
    125 60 252 213 186 188 119 75 185 163 240 177 184 158 108 206 218
    136 116 13 222 252 75 61 34 244 111 31 181 121 151 197 73 253 2 182
    121 202 163 16 64 170 249 185 100 49 122 198 57 131 211 189 238 175
    128 121 233 208 181 22 54 4 14 202 5 206 124 191 228 150 182 13 73
    98 72 225 68 89 25 192 214 175 180 0 101 191 0 55 7 192 149 98 38
    141 43 2 129 176 60 217 85 130 122 94 73 139 195 78 208 190 21 13
    167 211 52 173 201 39 179 28 230 88 207 145 184 20 233 173 190 239
    202 212 34 179 10 131 216 109 104 21 78 162 201 255 112 248 152 141
    47 175 167 75 240 68 44 251 158 174 208 174 5 0 33 132 88 97 12 111
    178 132 233 212 67 130 237 34 1 240 154 251 49 127 251 232 226 79 14
    21 19 216 254 213 204 221 155 146 203 107 148 5 224 2 156 90 220 230
    189 153 211 170 179 185 25 78 23 195 133 192 87 198 16 214 202 164
    117 171 250 206 157 62 177 47 255 62 124 177 176 150 55 178 36 66
    222 182 3 124 240 235 162 152 107 85 237 255 227 86 166 8 9 119 35
    236 206 105 5 252 113 159 207 110 191 146 247 71 227 42 225 29 204
    29 8 250 124 149 4 250 111 144 246 101 1 234 63 91 22 162 28 57 149
    89 179 217 251 255 178 119 242 182 220 223 203 198 255 2 21 132 232
    116 130 206 60 88 123 137 152 41 246 176 245 239 108 29 232 103 242
    87 183 152 71 156 124 87 44 253 221 108 160 72 62 92 66 184 118 249
    242 229 149 73 174 88 62 208 234 47 232 232 244 82 31 40 50 51 52 90
    140 157 12 230 206 50 88 154 198 212 222 18 95 138 98 171 249 174 9
    245 83 6 132 62 238 101 165 99 26 102 18 189 3 242 58 49 180 64 250
    229 8 110 213 62 141 196 222 176 239 133 87 66 254 65 139 153 224 4
    205 103 90 189 233 30 218 131 41 199 110 139 60 150 75 132 124 233 6
    6 43 14 94 254 230 94 148 121 67 192 194 65 26 66 88 144 163 149 45
    121 247 30 188 163 181 228 157 129 181 182 238 94 162 47 55 210 204
    68 128 146 5 23 171 173 22 94 225 2 116 237 2 100 65 44 72 220 251
    118 233 192 168 44 131 23 234 165 206 29 200 222 158 175 237 157 123
    252 29 54 135 202 57 153 46 145 71 41 127 98 216 40 48 131 211 179
    88 108 106 194 37 177 23 88 207 118 16 199 155 116 244 62 55 188 210
    153 160 6 154 87 244 94 30 51 191 248 230 208 178 168 202 235 149
    231 136 83 87 96 57 111 193 183 233 214 4 240 138 99 212 140 162 95
    128 186 130 1 110 239 119 223 185 232 207 153 36 39 89 191 135 242
    161 10 41 109 228 59 133 163 137 76 84 240 107 135 44 41 12 215 125
    184 139 95 245 146 25 19 165 127 198 129 126 76 62 41 162 36 222 20
    184 164 180 212 106 245 69 8 117 62 253 67 188 129 220 85 121 239
    250 239 227 5 115 228 115 135 88 171 226 193 171 136 31 41 118 15 46
    211 173 247 177 85 197 124 23 132 149 174 191 29 147 230 194 24 141
    233 205 153 107 151 18 205 155 218 194 179 167 68 40 27 204 137 137
    253 228 1 51 187 84 67 177 86 23 225 41 151 73 224 104 26 178 253 97
    19 66 226 89 159 245 22 12 173 134 44 43 8 102 30 176 112 231 122
    168 213 104 166 59 244 62 214 118 30 204 154 150 219 140 154 125 167
    113 114 16 155 215 81 32 175 77 171 48 89 255 35 235 183 100 64 89
    88 204 132 88 98 126 106 176 182 102 253 114 0 62 123 190 89 96 76
    203 143 188 219 32 95 254 213 246 42 174 248 38 56 120 195 44 48 233
    178 82 194 29 99 121 128 251 80 165 46 102 162 32 83 42 125 105 210
    39 84 120 209 35 169 225 0 139 147 246 159 40 88 192 146 15 100 145
    42 25 97 95 153 40 217 180 38 111 83 157 56 48 247 66 67 82 165 235
    17 43 178 138 52 194 78 71 66 163 120 239 174 218 60 100 73 254 251
    187 116 239 88 120 156 224 233 27 131 14 23 100 16 181 209 104 20 97
    53 161 88 162 49 154 252 255 179 7 252 182 144 157 27 226 230 77 228
    122 229 185 231 237 35 107 119 246 132 28 105 251 175 223 158 75 152
    125 146 236 252 81 7 86 22 37 106 99 94 89 83 178 46 73 90 161 223
    139 18 119 63 30 41 227 151 254 69 179 51 107 161 221 53 27 40 140
    99 207 12 221 81 241 249 15 190 228 95 249 227 127 116 61 137 108
    177 198 176 75 54 9 141 24 97 60 194 93 235 147 157 178 190 9 28 84
    153 188 211 67 219 133 107 123 155 213 161 193 239 1 193 86 1 57 223
    196 249 17 35 87 12 253 129 90 57 19 99 8 95 33 25 239 245 24 102 85
    149 68 202 53 42 90 231 221 170 7 103 55 197 27 2 108 233 203 6 236
    78 219 50 40 146 193 222 169 57 62 120 1 73 84 131 187 74 95 29 148
    103 254 10 254 221 229 201 31 19 255 131 241 104 197 76 199 21 154
    34 184 14 220 94 151 145 31 207 2 192 174 196 4 36 108 60 67 241 220
    169 127 14 3 150 197 198 178 72 135 13 205 77 244 236 245 184 50 134
    187 79 148 157 226 203 199 203 135 14 19 239 202 200 49 214 37 158
    35 160 20 192 92 154 180 100 29 38 167 157 19 153 15 167 202 73 92
    59 167 121 218 124 175 111 61 79 193 153 186 87 130 199 21 178 227
    142 17 191 101 143 127 255 155 250 146 42 53 145 143 76 125 24 23
    192 128 85 96 216 184 198 153 121 111 209 245 48 188 47 212 129 171
    211 125 47 94 25 192 192 16 255 127 77 11 249 124 134 1 43 13 210 21
    111 206 91 252 57 225 228 198 110 67 200 225 193 37 215 44 127 5 114
    17 213 218 80 84 116 178 30 211 10 9 133 186 127 59 225 113 158 127
    238 237 75 122 251 108 77 189 76 41 136 198 213 225 143 234 164 65
    228 121 86 115 30 243 71 17 40 110 14 212 121 192 195 201 7 204 125
    248 246 68 49 28 91 56 25 97 101 26 131 173 79 144 87 47 12 40 237
    105 34 193 156 130 119 170 229 150 218 223 213 111 141 230 229 236
    67 106 73 234 48 111 44 127 134 9 189 230 21 186 93 193 213 166 138
    207 118 144 220 219 164 251 198 136 177 92 166 237 147 179 137 106
    107 222 115 233 63 216 46 185 194 220 87 123 61 225 30 195 149 11
    238 141 27 77 168 136 196 51 171 23 164 178 117 67 216 28 254 19 143
    97 167 167 204 59 216 228 135 227 89 137 243 59 163 196 43 103 141
    124 0 123 175 86 238 160 51 253 44 201 225 89 72 149 250 234 9 169
    101 233 138 4 107 163 117 209 57 117 135 144 133 114 196 227 1 235
    215 112 113 69 110 146 222 133 101 89 187 41 93 80 143 110 124 238 7
    197 188 122 67 255 141 247 109 36 197 197 66 110 171 117 229 199 91
    182 120 147 89 25 121 59 229 220 112 43 80 58 220 197 178 78 247 232
    47 63 196 74 16 232 147 198 14 225 245 216 148 168 165 66 64 188 121
    89 93 22 239 38 147 236 163 234 78 88 210 84 88 131 24 215 144 239
    168 198 28 13 67 92 154 47 57 163 233 54 2 190 111 16 241 32 150 194
    87 206 217 75 137 82 104 253 48 252 66 143 138 56 176 5 156 240 161
    131 111 217 71 32 52 228 218 149 215 158 230 40 80 129 169 184 148
    135 250 61 53 118 181 190 11 41 242 74 97 222 248 13 36 89 68 196
    124 244 140 246 242 79 228 44 95 78 121 23 183 23 245 80 1 6 139 38
    166 25 129 5 109 107 48 105 1 199 152 226 183 28 45 70 50 0 163 100
    6 108 204 183 120 93 211 2 192 153 42 204 40 183 28 76 250 113 199
    172 182 203 50 103 115 85 25 198 67 146 104 92 69 55 60 179 223 6 81
    21 106 56 130 145 252 247 168 177 213 81 158 252 222 62 135 63 164
    58 50 70 44 118 154 182 11 172 161 214 144 210 160 151 29 173 71 63
    91 81 235 117 97 121 105 6 34 106 71 83 90 15 107 243 31 53 6 49 154
    12 118 87 249 50 236 138 210 76 7 221 116 109 99 83 66 239 23 219 87
    214 144 242 212 115 106 88 105 225 87 107 183 109 46 180 171 196 94
    174 25 103 144 50 72 173 192 17 202 5 74 202 10 101 14 181 121 156
    66 245 50 174 118 192 208 101 35 166 139 10 148 118 12 152 44 195
    253 90 123 92 169 235 135 138 226 245 182 9 43 250 47 27 170 12 159
    223 80 114 79 38 12 218 216 178 149 155 229 70 156 14 60 223 191 226
    34 239 193 44 135 130 77 100 250 66 33 247 23 56 253 144 147 127 227
    155 125 9 255 106 196 178 143 211 1 87 188 27 110 96 103 25 170 160
    75 94 83 116 142 64 250 64 106 0 125 52 103 135 35 109 126 54 255 77
    15 76 226 160 91 82 148 87 43 120 12 208 216 177 119 130 104 18 91
    48 72 50 201 225 195 1 234 238 48 75 194 5 154 89 40 69 230 179 181
    144 120 47 85 68 170 29 139 23 7 88 1 247 90 190 165 179 174 179 194
    20 126 90 30 145 239 4 82 209 156 244 166 48 10 43 125 148 68 85 44
    171 153 166 110 64 182 1 100 44 169 152 214 98 11 49 14 78 94 136 18
    163 223 192 72 116 119 26 113 202 98 83 179 225 158 217 173 99 102
    53 178 152 38 161 95 54 37 112 122 39 33 203 251 137 85 21 203 222
    114 203 231 90 74 239 212 137 49 6 56 166 115 153 76 172 149 229 209
    38 252 116 187 46 237 248 56 97 204 139 33 220 191 157 218 247 78 7
    3 233 141 154 124 146 122 49 74 107 211 23 27 205 240 247 60 42 121
    135 56 133 67 155 85 200 78 185 15 141 7 240 188 131 59 62 183 152
    75 230 125 204 100 84 134 149 25 145 202 52 163 125 44 228 52 64 161
    36 247 54 48 212 179 242 113 225 49 243 30 207 74 168 238 58 59 117
    118 123 222 47 161 220 39 12 42 67 235 85 227 125 73 153 17 227 187
    158 1 152 250 201 168 164 190 198 160 44 84 134 145 131 165 136 148
    4 74 179 213 150 151 165 85 92 135 59 207 84 125 93 224 59 92 191
    235 134 138 59 234 225 251 122 248 65 135 184 27 242 21 119 163 158
    17 147 97 250 160 244 179 198 153 243 205 128 30 55 150 152 172 41
    120 42 29 114 26 150 129 152 123 109 42 161 27 36 39 97 232 219 107
    149 66 72 143 200 246 212 173 135 118 234 43 1 48 201 254 141 69 65
    180 23 59 55 245 19 17 119 113 114 60 184 3 50 227 167 34 74 156 84
    164 181 241 143 107 223 23 254 80 231 63 87 189 3 9 130 243 190 234
    232 163 92 233 196 58 188 234 133 158 155 46 67 24 189 190 131 39
    116 161 242 157 4 148 199 65 97 124 47 166 190 255 156 174 228 157
    241 41 217 170 238 119 31 11 120 103 218 83 235 175 220 125 154 23
    204 134 112 110 12 170 157 183 120 163 247 8 66 254 121 74 90 147 7
    161 169 46 166 243 130 99 71 152 112 122 136 231 65 245 232 7 80 66
    118 153 27 42 159 147 196 165 245 106 186 3 22 103 175 135 203 12
    191 211 115 133 241 120 210 49 173 44 182 19 254 224 71 255 168 96
    112 70 249 149 169 182 69 117 52 28 98 199 130 200 65 125 174 132
    114 94 176 54 17 170 33 134 184 157 76 201 29 36 86 16 168 176 171
    177 17 93 53 159 201 134 140 230 188 28 119 215 177 11 153 140 108
    165 255 214 154 77 224 32 92 122 40 32 177 202 107 69 218 138 86 222
    65 87 11 198 93 111 201 103 146 86 222 51 80 174 188 36 198 250 195
    254 62 63 252 103 38 98 158 51 15 164 84 160 157 108 127 24 236 166
    23 170 70 75 79 150 16 10 96 132 54 157 86 219 180 214 213 144 128
    54 96 101 167 165 200 32 56 92 77 206 185 192 65 11 106 24 174 75 97
    110 62 5 144 55 98 196 242 162 216 216 108 185 119 135 71 145 61 171
    70 168 108 139 223 175 153 86 104 228 24 168 195 119 223 122 11 211
    9 60 251 103 219 51 230 130 197 216 197 114 57 18 249 173 80 214 25
    65 97 172 71 111 243 100 118 179 44 231 95 119 20 45 0 242 131 245
    30 113 116 87 16 162 193 70 179 249 250 91 4 20 8 198 102 60 60 2
    250 169 216 206 247 57 227 228 167 228 168 36 38 80 19 170 189 132
    166 201 147 24 70 173 83 13 246 23 86 109 55 110 23 211 216 12 25 32
    164 255 204 38 111 159 90 179 114 90 35 247 151 209 85 179 212 5 56
    253 210 192 132 11 154 182 251 162 240 36 132 224 68 117 142 20 210
    123 93 122 209 36 38 235 117 31 210 237 152 166 49 134 33 187 99 151
    208 101 131 2 133 131 127 10 35 124 2 241 55 131 229 222 65 122 244
    242 94 113 248 238 67 198 70 75 9 129 168 233 245 184 177 12 112 16
    88 248 51 68 171 89 170 48 112 221 140 194 253 9 228 64 85 221 176 2
    57 127 88 143 53 4 75 92 141 226 154 137 192 230 219 247 82 97 131 7
    192 233 76 109 5 132 239 144 218 169 161 8 109 219 49 100 237 120
    255 209 219 123 58 187 208 3 183 92 240 153 94 139 250 19 50 195 23
    157 90 159 23 224 59 242 7 227 47 166 207 142 73 148 25 43 50 139
    203 83 147 57 225 215 24 7 127 108 168 50 244 44 172 222 174 209 71
    233 220 104 164 228 165 130 84 83 242 203 37 204 13 14 181 136 92
    189 171 46 167 56 37 123 73 185 183 26 137 4 54 224 101 193 124 149
    95 117 240 94 153 49 31 46 150 142 29 166 109 55 239 126 237 20 176
    84 238 163 98 160 170 253 240 162 197 235 223 71 199 50 105 226 22
    169 106 19 136 21 134 201 224 145 220 216 145 29 147 110 41 154 40
    199 58 198 132 142 166 209 62 163 84 76 149 157 254 189 82 171 146
    76 6 27 103 7 236 107 53 234 162 50 20 5 162 94 90 75 81 43 235 34
    59 56 241 184 166 122 140 162 222 117 28 95 242 202 243 103 112 162
    202 20 49 146 25 11 48 28 193 216 21 47 5 160 129 180 196 1 214 148
    104 34 81 145 5 188 101 213 182 219 212 87 217 91 1 240 175 117 37
    14 0 4 199 112 179 242 9 104 121 108 168 120 138 109 49 39 154 174
    65 191 117 246 253 44 223 219 124 176 95 254 105 125 183 84 8 48 45
    208 188 179 117 127 136 11 62 164 181 160 243 122 13 12 122 136 183
    244 218 141 168 90 145 60 101 191 163 44 249 87 0 62 181 105 153 151
    93 207 137 215 112 56 120 105 143 99 24 209 166 196 235 7 212 70 223
    123 223 28 247 4 50 86 209 92 168 82 161 63 125 249 157 80 70 31 30
    249 125 74 172 49 248 28 223 239 119 62 30 56 107 254 58 115 217 130
    113 203 10 182 45 179 202 80 237 238 207 235 249 90 48 82 150 171 4
    105 176 231 38 194 224 163 68 139 226 201 115 12 91 67 67 105 113 19
    37 231 240 174 217 4 194 203 92 204 127 16 222 247 63 65 123 108 252
    104 233 237 90 209 237 237 179 1 27 223 96 150 124 226 91 103 254
    224 131 0 238 158 229 215 233 33 128 232 24 85 209 131 69 77 115 44
    165 33 49 175 223 211 163 34 44 125 25 139 176 48 210 217 56 25 61
    205 89 50 37 237 88 100 217 8 29 180 234 65 68 10 138 202 102 99 4
    242 65 52 30 49 139 90 18 88 125 182 145 169 47 14 110 79 21 224 200
    83 96 40 178 190 173 11 114 153 125 42 119 73 160 121 165 21 41 66
    29 12 134 26 207 222 54 51 18 46 248 174 221 152 154 199 7 47 54 245
    160 187 149 164 2 105 145 111 93 174 97 254 78 68 82 35 106 114 128
    135 57 231 153 241 24 15 219 150 71 201 149 124 171 226 114 173 186
    239 9 29 58 137 16 209 46 155 37 161 175 162 136 97 196 92 149 211
    157 239 133 25 157 40 181 167 24 95 43 203 190 4 1 255 209 251 165
    90 170 201 148 34 130 220 137 140 111 150 47 35 64 39 162 220 142 24
    98 30 213 150 57 144 1 209 117 123 32 13 136 85 123 151 252 166 23
    118 168 246 104 141 214 193 88 3 217 6 56 1 101 255 123 161 214 156
    165 245 194 253 96 41 78 50 223 112 193 85 126 210 221 39 12 148 59
    135 101 47 49 136 88 28 62 92 37 130 28 93 224 102 255 225 221 80 45
    68 148 0 149 9 166 9 148 197 107 74 168 48 101 158 71 179 71 83 23
    181 51 123 112 12 120 248 49 101 136 40 162 184 118 164 155 7 54 221
    194 248 173 47 211 218 63 34 125 124 71 120 213 138 232 51 11 212
    211 235 59 170 81 42 22 17 58 45 62 196 83 230 194 23 71 235 104 33
    15 87 153 166 65 29 191 227 16 20 84 154 27 129 212 215 227 37 135
    31 188 145 22 139 129 32 20 69 149 117 250 249 252 208 232 41 25 37
    86 44 241 8 129 141 180 250 204 67 49 113 121 134 117 187 82 204 34
    131 235 245 85 2 106 170 116 1 111 128 207 206 178 82 128 119 114 74
    88 221 96 229 44 0 59 108 185 167 161 148 201 12 168 57 158 162 26
    171 56 135 184 72 121 27 52 96 68 162 244 41 80 239 84 106 193 169
    60 141 105 224 159 31 31 28 212 138 48 204 116 133 6 101 246 167 106
    117 149 6 160 220 52 70 83 233 36 129 36 206 45 105 124 181 153 234
    129 117 178 202 112 120 167 180 139 22 61 186 53 154 126 201 254 207
    56 212 107 227 141 69 194 216 157 3 184 42 46 186 106 162 28 231 233
    40 142 118 230 170 211 68 120 177 236 220 246 110 38 89 64 119 47
    205 241 182 43 14 0 34 188 185 119 47 61 110 189 29 36 162 18 210 82
    33 33 77 34 20 18 66 154 32 167 193 135 179 26 168 231 18 123 150
    140 143 250 138 73 60 173 216 87 186 208 137 66 101 189 15 200 206
    112 60 155 203 218 174 132 36 10 239 227 185 143 200 55 15 42 249 48
    194 140 200 92 150 6 128 241 119 133 111 58 247 13 113 115 255 145
    68 43 249 107 214 154 198 166 93 236 0 37 7 228 13 178 203 171 84 93
    34 194 92 255 178 221 145 233 163 149 221 126 101 5 34 67 133 87 75
    110 196 110 158 20 167 107 54 160 203 95 217 167 151 162 218 116 33
    227 87 11 208 94 180 188 44 23 230 255 245 96 196 4 165 203 155 77
    140 47 17 66 29 36 197 216 251 161 222 239 42 12 80 78 38 201 197
    154 68 125 206 36 18 30 84 148 28 73 9 77 79 230 92 71 0 158 214 54
    149 214 175 74 234 125 178 70 47 63 173 190 23 16 83 203 130 145 7 7
    197 196 185 183 61 241 165 79 204 119 242 112 82 12 61 150 159 12
    219 95 75 82 65 41 38 40 201 36 62 194 189 19 13 139 117 40 4 45 181
    236 112 49 180 106 37 94 66 106 247 247 147 59 75 207 127 65 156 50
    99 225 179 86 90 254 160 131 171 119 224 130 160 91 197 133 13 80
    110 151 151 119 47 96 46 109 27 102 139 218 226 99 115 36 153 116
    173 100 61 136 221 15 249 223 250 74 93 148 19 88 90 92 188 230 34
    48 161 26 106 162 6 8 190 20 250 162 127 179 84 70 166 190 4 83 109
    28 247 18 60 106 249 52 8 112 251 220 25 53 124 99 224 9 212 10 63
    248 178 58 102 39 255 170 57 229 57 21 87 132 192 126 235 39 177 84
    204 82 26 199 0 183 96 71 183 242 158 250 216 157 82 138 164 187 116
    101 42 9 158 174 101 206 111 67 69 116 94 43 63 60 7 239 30 245 35
    40 202 94 94 195 186 151 250 74 230 166 176 26 166 202 192 134 247
    217 161 154 138 42 18 16 51 28 18 101 228 102 191 91 200 194 98 46
    22 23 95 9 206 145 9 79 112 204 138 68 142 35 176 118 69 188 10 83
    103 15 77 5 46 101 215 228 187 180 0 184 220 179 217 245 9 89 161
    224 71 187 90 187 163 178 68 32 155 76 143 103 128 121 168 151 138
    181 125 94 58 56 36 62 160 205 15 209 172 97 197 29 176 103 138 242
    150 178 175 32 51 30 9 103 226 51 72 131 48 197 106 37 178 183 139
    70 187 181 149 146 239 59 142 196 240 23 178 132 123 52 225 48 41 0
    10 147 198 33 241 141 60 252 202 121 81 204 225 253 150 26 223 114
    148 166 26 149 226 80 70 239 113 75 59 242 164 2 84 85 204 241 142
    67 55 217 9 95 180 245 110 131 166 71 207 62 170 7 28 142 92 101 205
    51 229 224 170 15 186 37 60 20 63 210 231 148 163 218 124 80 179 5
    240 179 169 83 174 246 205 178 61 10 100 56 55 202 68 46 129 11 27
    171 195 110 30 30 157 77 239 193 147 175 52 109 217 140 49 253 199
    127 180 88 94 164 246 115 50 152 89 194 190 237 28 146 25 174 74 51
    240 171 21 128 65 147 35 100 253 152 137 92 8 19 232 242 46 12 33 5
    82 59 223 117 31 80 208 252 54 143 13 161 204 224 91 12 90 175 230
    145 174 184 244 75 226 26 72 43 89 84 124 106 2 72 89 97 149 101 22
    100 54 47 58 72 192 52 224 161 127 143 114 72 221 255 49 23 222 96
    138 147 209 208 253 67 35 145 44 58 109 236 105 99 85 247 205 215
    226 194 3 171 155 249 101 217 239 173 125 40 88 214 205 87 136 46
    218 46 149 142 33 189 183 39 141 249 179 168 79 27 192 88 101 189 25
    166 3 137 42 59 48 147 116 3 247 42 169 41 67 252 91 234 252 245 8
    223 134 51 193 185 6 189 186 78 143 220 255 82 30 80 211 75 234 37
    27 198 23 117 214 138 243 209 108 52 106 78 224 186 151 116 2 58 92
    132 143 229 150 125 175 98 54 201 241 206 35 47 62 202 218 216 242
    60 186 23 29 157 175 52 48 165 195 209 173 47 109 52 21 60 176 100
    41 57 32 106 33 191 23 198 166 184 223 83 31 118 23 204 152 25 143
    118 25 11 206 74 219 21 118 0 244 171 127 128 241 149 250 21 32 142
    176 158 173 31 12 137 72 120 46 8 129 56 242 40 42 35 254 44 212 103
    145 136 75 96 162 169 33 113 120 74 41 124 18 240 165 210 10 21 39
    99 74 153 100 166 64 4 146 48 33 146 115 10 34 243 62 55 96 49 252
    79 38 183 36 3 83 247 44 130 235 26 224 193 51 185 58 3 58 16 120
    141 97 192 94 38 201 93 39 253 97 175 122 14 69 46 249 24 100 237
    165 159 182 133 28 203 173 224 108 201 227 153 172 160 62 37 113 144
    35 108 227 59 44 34 98 90 157 126 243 189 90 27 194 45 149 202 129
    125 202 231 115 119 163 251 148 177 166 185 20 214 159 190 168 140
    251 4 9 129 106 143 114 113 27 72 38 52 18 84 9 44 39 62 224 166 76
    115 24 123 236 114 17 229 141 235 145 17 193 89 159 139 112 218 119
    51 142 201 28 37 145 163 236 240 92 138 43 201 125 225 121 200 118
    35 205 79 155 186 43 63 196 183 102 194 161 250 145 167 204 177 194
    97 133 190 15 32 44 177 210 112 144 32 170 59 194 0 21 16 19 163 182
    25 222 11 120 59 139 156 216 211 121 227 223 114 164 249 235 17 80
    130 131 179 248 16 153 129 189 106 166 92 161 161 246 211 125 187
    154 192 40 18 219 101 201 195 49 165 194 210 228 251 102 94 96 194
    235 44 163 219 139 30 17 33 19 104 172 234 86 47 185 251 101 59 69
    76 195 26 161 42 180 104 151 191 24 83 10 87 192 164 59 209 54 61
    178 28 86 220 209 55 160 163 101 251 240 99 192 154 40 109 2 126 152
    109 55 15 8 157 37 186 2 177 235 68 121 55 169 10 223 89 172 252 55
    81 180 181 96 248 1 14 26 128 244 30 137 111 18 135 152 220 149 176
    199 179 140 230 171 225 58 28 169 85 56 240 161 187 74 19 18 165 11
    181 83 149 109 181 15 10 4 78 103 70 172 77 242 207 244 14 26 213
    218 41 127 62 220 242 114 233 156 58 39 179 247 198 247 153 100 167
    34 194 50 94 0 163 191 167 0 221 221 33 247 208 204 36 114 255 111
    122 135 151 230 136 170 240 142 14 37 109 62 71 102 166 222 174 164
    15 60 247 12 6 84 69 13 71 82 64 222 93 30 172 162 38 126 223 82 49
    164 156 35 47 100 9 40 57 167 53 132 20 150 157 111 33 79 82 28 164
    38 44 205 70 174 125 148 104 115 125 225 68 63 30 9 145 33 11 90 237
    241 240 149 89 46 156 129 37 197 83 167 236 102 77 200 141 222 41 88
    193 204 162 193 140 6 136 54 205 13 18 180 236 23 95 54 178 70 169
    23 145 46 123 109 246 188 114 238 99 244 66 234 104 6 183 254 235 85
    99 241 248 155 240 155 193 255 210 175 45 84 220 246 119 161 187 210
    235 228 112 190 77 196 30 227 59 247 188 100 233 131 192 222 21 67
    143 182 41 101 182 58 121 203 93 34 84 249 15 33 198 152 10 85 254
    50 72 244 109 138 131 101 238 252 96 107 11 124 156 228 221 164 234
    8 193 26 255 158 114 51 116 115 169 152 171 37 180 121 73 142 185
    236 194 112 65 51 170 204 117 228 207 210 73 186 186 248 227 25 186
    73 131 70 87 17 133 244 104 247 176 211 52 86 76 68 40 84 101 148 72
    158 147 179 175 238 152 93 249 119 123 191 204 78 66 83 168 253 242
    162 109 186 170 210 211 45 154 87 92 241 244 134 210 14 127 217 130
    126 62 58 217 39 68 86 242 111 244 248 51 88 12 145 232 155 142 126
    169 174 156 194 177 170 250 95 247 22 20 230 211 3 134 13 114 45 192
    146 95 9 64 185 205 156 207 228 131 78 214 27 162 129 218 14 230 54
    135 6 22 114 132 236 215 145 9 223 3 182 9 123 11 196 201 26 191 200
    182 112 101 204 192 159 1 6 187 94 76 243 201 19 118 135 138 186 168
    118 6 149 12 254 95 250 169 185 117 156 50 152 199 254 80 17 174 159
    64 14 63 71 227 120 145 71 193 59 98 250 34 158 215 182 65 124 190
    83 136 36 203 44 246 73 189 93 82 232 248 139 179 94 165 176 117 181
    221 23 89 70 236 86 15 219 122 99 130 197 126 42 3 163 202 154 23
    220 230 151 145 31 229 61 117 144 36 214 123 45 27 162 151 201 147 0
    93 188 22 174 132 162 45 11 148 134 238 156 198 119 159 232 132 45
    116 163 109 232 51 69 46 64 61 48 130 183 163 48 253 184 33 126 195
    181 72 197 235 104 110 240 122 67 7 80 152 78 141 163 14 180 236 237
    187 213 235 82 8 226 154 24 124 235 214 139 114 73 214 190 145 200
    110 93 97 192 161 10 128 123 48 162 73 167 118 132 43 228 145 143 47
    73 248 85 82 234 201 117 118 173 12 29 222 45 214 123 18 30 232 31
    193 72 54 81 35 62 177 40 160 168 81 163 206 61 60 156 174 159 82
    202 240 145 77 78 172 166 185 60 123 143 247 26 115 14 80 124 216
    137 42 225 58 64 172 227 97 230 47 90 123 192 156 146 170 209 72 54
    103 22 239 30 15 177 253 42 24 254 17 2 135 157 143 251 167 77 194
    235 202 7 169 49 37 7 242 205 205 161 122 110 42 14 133 238 78 243
    36 93 202 159 6 69 185 55 22 159 91 58 225 255 140 98 7 55 108 137
    251 217 203 233 232 112 74 73 217 127 97 18 136 44 185 97 69 86 191
    52 54 163 148 127 45 173 92 36 206 191 97 244 175 240 242 63 63 72
    157 34 39 94 153 58 156 178 144 174 183 99 240 19 82 16 68 57 173 41
    124 22 121 165 18 246 90 27 77 217 154 221 91 40 143 182 231 165 124
    107 250 178 231 179 190 9 5 69 109 220 45 201 163 187 201 177 5 155
    164 205 101 112 3 91 48 212 222 42 209 183 212 232 36 124 102 57 231
    125 166 46 183 190 179 48 35 15 12 206 50 80 42 135 76 43 199 152 93
    138 76 200 178 36 137 37 82 3 150 186 6 254 184 178 141 196 223 141
    67 171 194 183 251 128 230 12 183 48 217 60 209 42 222 175 88 247
    172 5 161 118 155 229 170 220 18 70 166 209 143 228 1 2 127 55 244
    97 159 156 51 247 247 113 179 143 182 45 149 69 69 150 164 131 156
    76 255 224 25 92 165 254 16 76 105 161 14 103 102 53 152 105 210 56
    162 84 62 7 99 220 33 94 255 17 240 240 53 109 95 17 204 252 164 182
    248 130 65 215 216 19 90 234 182 17 22 240 42 93 193 120 29 181 187
    4 177 130 155 229 100 145 195 193 156 218 32 185 8 77 28 152 204 196
    98 75 104 168 171 197 46 37 135 149 168 122 169 144 176 180 101 177
    95 31 113 198 105 106 244 235 26 124 248 100 137 26 232 168 202 188
    244 252 15 42 18 80 145 42 246 253 219 40 104 93 159 164 8 26 144
    243 180 65 77 5 241 20 233 140 33 44 167 72 115 44 92 217 125 37 139
    193 183 234 120 131 150 168 53 172 220 72 178 198 189 139 70 106 182
    117 252 170 245 162 58 254 225 4 105 179 112 244 227 192 91 5 249 5
    20 254 61 189 144 96 100 74 59 95 54 180 85 50 156 240 172 33 61 55
    1 185 15 159 19 131 248 255 94 21 81 94 214 79 200 84 129 199 210 23
    122 185 88 212 31 132 81 135 224 173 210 40 40 228 208 94 165 149
    210 137 143 126 165 217 178 95 63 179 124 201 87 82 126 153 174 141
    146 39 9 52 46 59 251 72 132 218 122 84 140 8 143 188 18 104 68 186
    33 71 50 126 1 238 55 141 36 163 216 41 95 113 90 248 65 101 85 196
    180 51 82 133 24 248 227 214 213 157 9 93 230 150 54 90 63 49 79 239
    250 129 31 119 139 186 20 235 47 15 172 54 153 14 31 213 46 245 134
    90 8 57 19 111 17 122 143 230 157 119 180 107 228 119 133 102 221 89
    33 104 73 168 219 143 102 229 153 23 185 209 83 63 118 170 202 206
    231 43 73 244 8 149 54 53 92 73 159 137 253 126 213 90 100 47 42 250
    155 214 170 247 32 34 102 168 2 136 58 105 108 185 172 202 23 196 18
    94 113 16 195 60 100 208 2 174 88 211 58 70 84 25 109 105 171 217
    212 46 218 108 206 195 225 89 56 161 202 250 52 235 51 108 26 177
    250 130 130 15 155 62 3 43 15 169 133 142 172 50 0 142 134 68 35 66
    79 217 141 111 188 148 39 121 237 140 129 48 245 127 94 186 189 65
    129 215 178 89 181 97 210 234 141 70 135 66 200 59 250 193 48 51 160
    15 106 1 248 100 51 28 121 242 116 20 25 9 118 5 145 97 30 101 163
    149 229 50 123 89 1 227 244 18 72 194 94 157 82 92 239 108 157 20
    214 146 158 95 155 26 162 149 81 70 125 153 184 40 31 200 132 28 22
    184 177 229 111 100 51 108 68 227 230 55 118 192 144 175 56 170 84
    185 45 1 42 201 49 91 227 175 55 3 71 119 125 50 29 220 158 163 23
    220 108 71 135 230 176 243 232 90 139 182 50 251 0 17 240 88 128 253
    138 114 245 252 52 242 170 162 66 251 111 102 55 56 134 177 190 79
    218 87 151 146 69 55 221 92 194 192 37 45 125 217 207 22 96 150 196
    14 107 0 148 177 242 126 152 252 250 227 205 48 255 219 172 198 93
    191 232 246 39 23 164 151 181 152 100 203 140 120 147 88 217 169 16
    141 209 88 161 78 97 93 224 83 245 238 254 73 178 51 255 241 206 36
    133 149 141 63 204 221 198 3 63 115 95 128 186 115 118 85 16 180 163
    76 243 33 215 111 221 220 166 157 187 49 197 142 82 241 212 211 36
    133 68 253 138 220 112 213 55 18 65 231 37 42 25 197 146 64 163 133
    250 41 104 109 50 143 106 148 148 237 239 24 37 126 151 41 75 215
    252 48 129 120 236 124 199 169 22 35 9 154 167 43 250 35 91 71 31 66
    84 61 25 136 175 141 126 203 28 92 199 205 56 105 161 178 23 217 82
    82 169 248 17 163 37 182 72 139 216 53 132 216 171 143 53 157 36 110
    177 175 150 9 213 13 50 197 80 67 5 216 33 226 37 73 94 46 135 241
    91 249 70 118 46 177 207 128 150 192 165 246 114 160 198 237 59 255
    9 245 155 20 48 78 146 26 156 205 191 111 31 172 41 93 212 48 47 145
    82 84 61 170 73 171 248 26 126 124 0 188 124 42 83 85 76 162 128 201
    154 108 59 129 218 77 158 180 88 233 65 28 177 57 158 243 30 141 115
    122 63 183 181 46 251 199 53 176 29 123 128 58 69 193 163 7 55 47
    217 64 162 164 175 115 154 136 71 36 124 176 179 82 209 32 247 105
    89 168 249 144 20 163 131 66 101 219 182 143 14 159 87 106 175 90
    189 73 160 110 167 91 58 228 51 213 24 61 112 24 73 186 169 115 29
    74 85 207 28 44 74 218 23 131 230 249 85 235 9 70 185 63 165 198 190
    251 138 212 171 148 43 209 252 51 98 18 132 126 202 103 204 172 37
    113 132 129 37 136 153 158 193 255 88 104 146 161 172 0 189 211 87
    97 166 195 122 248 224 5 180 130 160 78 98 28 208 180 93 248 119 195
    75 11 245 237 173 16 242 59 16 220 58 141 139 32 120 41 189 3 112 70
    132 224 139 61 152 197 19 228 171 62 70 170 51 52 59 194 221 248 42
    97 234 161 167 124 101 129 249 152 71 95 133 159 181 195 222 157 232
    87 158 108 141 11 93 117 168 68 33 106 14 217 0 26 78 102 85 185 150
    107 79 26 175 212 87 59 201 111 66 65 118 224 213 177 127 235 122
    116 215 137 147 190 217 114 238 36 12 133 239 219 178 250 146 185
    223 30 197 13 138 199 120 25 35 136 50 140 63 42 239 133 4 174 34
    174 193 50 131 107 5 85 28 14 63 249 120 174 65 10 77 5 68 238 40 39
    154 140 157 227 14 101 102 193 149 88 63 114 189 41 241 213 252 95
    220 106 101 205 52 244 129 7 249 192 124 204 47 149 14 248 150 125
    31 89 240 117 65 209 68 254 166 89 249 116 129 82 212 213 129 161 96
    45 241 211 84 170 53 83 150 65 41 25 68 41 148 180 20 27 225 121 20
    9 76 137 144 86 151 214 63 185 246 58 149 87 223 37 207 167 112 248
    139 88 246 61 213 220 252 18 178 252 199 115 117 94 192 142 96 87 28
    255 210 61 243 247 132 63 121 94 213 143 57 6 62 215 230 153 85 176
    140 86 47 126 216 27 196 211 191 184 242 176 159 126 72 19 96 98 132
    166 183 248 137 251 114 246 20 77 170 167 25 40 94 175 108 186 236
    251 20 175 249 141 25 72 173 132 245 132 122 177 99 168 39 225 123
    127 34 38 204 182 64 54 182 228 102 230 27 113 221 151 19 150 117
    110 144 85 146 179 174 74 91 148 43 110 102 184 227 26 13 37 36 185
    150 188 3 6 70 59 134 26 173 126 57 94 121 116 135 200 11 95 123 116
    45 215 188 16 66 42 158 171 250 65 254 68 5 249 99 24 96 14 87 0 7
    147 60 79 193 222 70 124 136 163 62 89 160 104 171 44 157 189 18 30
    244 59 3 89 119 77 133 248 245 55 196 240 144 154 151 87 69 109 155
    127 160 129 63 40 185 26 186 131 0 19 41 16 166 165 176 176 64 117
    123 218 204 52 65 205 118 166 8 174 54 32 202 50 212 156 103 12 225
    126 30 183 3 106 168 47 97 47 227 173 95 80 72 117 202 4 232 3 236
    101 91 48 120 251 217 244 159 190 47 46 49 187 37 35 51 243 181 172
    55 122 202 127 87 18 48 78 16 39 77 236 120 164 224 121 239 20 14 65
    26 11 166 33 238 60 67 177 238 154 99 156 114 30 69 253 142 125 46
    37 9 125 234 217 207 155 200 210 57 65 89 131 21 31 35 183 201 82
    238 57 117 85 97 54 213 205 209 91 25 43 242 236 135 85 81 20 74 209
    62 249 159 157 77 76 216 54 208 194 193 193 125 42 71 38 64 174 220
    76 252 249 223 94 177 8 249 65 233 65 166 217 84 68 76 252 63 27 34
    93 8 200 7 133 34 2 241 136 125 181 155 132 61 208 210 171 210 102
    94 20 74 255 191 177 156 21 48 200 107 46 254 135 101 87 86 114 20
    98 230 184 237 132 185 66 128 207 70 91 62 217 54 68 45 169 236 190
    25 9 228 118 248 143 184 2 158 224 52 156 29 88 115 230 44 143 49
    250 158 104 154 171 220 37 253 43 85 161 19 181 80 77 187 224 76 207
    126 108 231 148 191 196 6 220 31 156 191 57 153 31 218 163 183 82
    100 247 211 224 212 183 197 210 21 45 1 41 27 156 9 75 226 212 38 96
    115 154 57 98 122 238 132 228 144 158 176 148 197 61 65 127 75 131
    26 207 14 216 170 202 98 209 128 128 149 195 166 17 20 223 109 36 31
    95 153 64 115 41 187 105 96 170 72 92 222 69 225 8 79 211 240 17 165
    60 45 102 91 235 56 82 247 129 183 175 119 24 242 103 177 65 153 166
    104 72 191 205 222 195 158 53 125 192 24 137 114 240 41 152 14 103
    159 74 171 190 20 15 157 121 253 120 200 75 49 212 207 208 198 53
    185 128 57 181 62 125 179 106 98 114 112 38 156 170 54 122 114 113
    199 43 119 188 58 168 145 110 234 28 199 242 187 26 196 180 61 93
    113 141 121 247 201 22 172 77 135 166 250 216 191 167 187 118 105
    245 156 87 185 97 3 175 125 27 105 190 23 6 54 155 15 26 197 116 212
    149 250 80 53 177 34 194 54 57 116 66 108 203 53 171 244 193 201 109
    18 113 245 16 185 3 53 66 186 168 123 73 136 69 14 167 160 76 44 47
    192 14 188 118 226 107 11 44 85 49 236 18 175 196 238 186 18 219 205
    164 81 28 118 26 207 168 79 197 210 157 254 175 172 102 254 92 91
    195 162 146 154 76 122 65 13 136 126 114 37 8 64 186 173 141 200 81
    118 149 206 234 218 1 55 119 252 164 53 118 76 180 132 138 187 171
    61 44 55 225 41 133 206 195 42 69 12 219 55 126 112 192 234 82 39 49
    140 91 204 242 124 251 128 218 192 221 64 89 103 247 108 248 86 111
    212 216 244 173 107 70 142 163 201 101 207 13 92 8 136 33 149 61 148
    38 94 28 202 117 188 158 104 243 33 221 245 153 250 4 71 103 14 45
    133 126 205 139 56 124 96 20 105 50 40 117 17 23 170 82 183 108 91
    152 85 66 207 167 20 193 104 243 247 155 104 139 164 92 57 124 45
    230 156 60 174 184 173 192 215 129 205 242 153 55 254 235 68 139 136
    89 97 113 197 87 242 98 64 254 213 116 114 243 97 67 159 212 82 77
    57 94 238 169 128 28 194 132 174 155 227 232 137 73 167 126 71 3 134
    86 46 1 203 69 109 21 156 105 92 238 226 157 158 62 24 28 3 123 38
    139 157 104 14 154 154 136 151 244 129 254 8 139 74 48 180 111 114
    164 191 36 203 185 116 224 157 131 0 109 174 130 54 202 152 225 47
    29 46 120 155 48 107 24 44 69 171 250 161 154 242 195 108 73 249 113
    135 44 185 74 216 169 50 179 13 14 71 236 214 6 46 112 222 92 58 18
    6 216 155 159 157 207 199 139 129 81 129 133 106 63 221 199 146 205
    182 42 232 79 97 37 185 129 55 171 11 35 28 112 255 201 99 48 53 133
    123 165 8 90 78 138 198 62 81 60 190 43 75 143 144 211 25 185 239 64
    55 83 65 208 148 212 60 103 10 99 244 8 61 58 107 79 239 212 103 7
    222 72 59 173 94 30 79 183 222 220 243 242 122 131 84 232 188 182
    195 56 101 61 223 224 24 28 93 72 89 82 120 217 154 192 158 200 136
    124 119 163 148 236 214 191 17 180 210 210 245 80 20 58 109 58 213
    48 40 127 17 143 135 23 14 149 28 128 155 98 5 100 12 52 184 229 3
    168 68 5 190 12 40 225 30 202 91 128 122 11 120 42 209 84 159 148 65
    242 163 236 105 192 52 203 174 137 200 77 203 21 243 205 192 226 78
    93 28 151 187 187 69 65 35 139 224 113 165 175 124 173 140 100 212
    126 109 208 221 29 0 116 20 80 14 207 158 178 239 36 96 54 27 241 16
    154 136 118 70 68 168 200 117 107 37 249 191 34 100 192 40 41 244
    195 76 184 220 174 188 163 157 232 217 55 79 33 226 104 170 199 80
    124 34 147 233 80 186 238 240 26 150 144 247 119 215 186 159 107 205
    249 188 176 244 107 204 117 104 104 42 68 134 127 219 243 47 195 247
    220 187 209 50 239 217 61 99 154 179 202 38 193 15 130 170 107 57 73
    243 105 214 189 64 222 39 23 89 38 88 188 141 69 161 48 55 70 137
    176 7 73 53 186 95 65 60 77 156 4 149 36 34 1 228 155 158 156 47 158
    176 178 122 201 131 85 154 100 93 192 182 83 96 230 248 193 118 228
    157 215 20 181 167 192 96 39 150 34 250 212 137 214 62 6 207 105 169
    221 204 154 136 196 234 240 89 16 193 230 216 35 99 212 15 25 168
    148 224 104 231 80 232 95 224 5 233 172 102 168 128 173 234 147 236
    112 16 222 70 165 211 1 22 112 191 62 195 94 2 99 150 26 147 63 140
    219 243 153 5 247 135 54 116 240 91 237 99 120 1 149 66 211 37 210
    54 24 233 83 96 129 138 124 8 196 111 149 233 195 233 133 83 8 37 33
    94 10 243 147 172 214 198 129 207 250 148 250 48 155 153 37 116 254
    209 130 56 234 156 116 250 160 88 159 101 218 81 190 89 231 7 72 210
    223 59 190 34 114 108 96 124 182 54 115 103 3 186 14 216 126 167 144
    53 85 8 242 33 231 151 137 133 202 35 226 183 145 223 224 162 32 105
    61 130 47 168 223 82 45 124 163 36 202 112 216 30 152 248 79 125 102
    206 147 93 248 1 54 229 54 87 165 237 251 92 190 221 235 182 156 55
    228 87 184 73 49 49 58 226 241 180 215 49 233 167 21 56 194 248 115
    203 68 155 219 41 228 21 166 106 143 34 167 208 236 243 128 57 141
    94 199 142 202 97 208 193 201 109 31 115 217 224 23 31 27 167 236
    111 200 204 169 73 60 80 148 28 3 18 5 159 102 158 157 158 51 235
    183 139 152 224 128 120 26 82 200 152 237 242 211 72 51 8 180 195
    169 102 96 247 143 58 213 170 119 58 13 3 242 42 18 141 135 213 212
    141 236 19 233 181 82 88 108 78 61 255 247 210 242 239 115 89 93 113
    116 157 56 219 4 131 148 2 111 202 8 123 206 87 114 144 234 18 109
    127 57 196 59 12 177 236 207 148 114 159 19 252 124 150 201 172 168
    65 7 210 205 154 146 146 167 91 181 231 69 122 194 19 194 133 141
    202 136 138 40 146 20 66 11 255 129 199 165 129 126 188 177 52 38
    202 144 187 54 210 71 20 35 205 69 82 136 37 86 172 11 13 33 88 169
    227 40 190 119 22 176 81 211 151 64 209 241 86 96 59 88 251 155 59
    88 225 134 250 95 179 223 224 32 113 108 106 17 47 236 200 29 209
    207 163 149 239 245 20 235 220 198 217 232 242 91 131 68 199 205 10
    108 174 54 105 20 154 164 216 233 198 246 206 175 249 251 1 85 189
    41 72 251 219 176 231 104 246 185 2 84 139 210 73 207 192 107 250
    110 211 76 182 122 48 172 95 6 163 70 34 150 47 14 243 110 200 27 34
    235 74 92 226 97 42 124 193 166 159 157 212 243 159 95 24 51 144 145
    129 232 6 163 86 180 21 199 94 92 215 122 188 71 82 161 89 141 87 93
    161 151 107 30 225 28 250 110 237 230 206 63 184 114 83 89 128 223
    199 123 58 48 92 120 219 150 142 224 134 177 132 166 87 125 145 43
    116 81 10 185 157 197 178 205 42 63 122 152 167 211 1 62 202 7 225
    146 94 139 164 153 107 41 227 140 32 113 54 200 200 189 94 63 66 18
    118 83 67 181 93 151 166 9 46 251 179 212 41 96 216 82 131 162 253
    25 147 34 84 80 166 87 9 176 194 3 2 45 228 206 250 16 117 89 143
    157 73 234 115 3 191 67 226 238 73 168 99 140 148 37 150 15 166 1
    245 211 222 146 44 78 144 107 181 76 30 109 237 107 178 155 61 61
    216 165 20 97 31 219 123 18 131 150 88 241 5 26 212 179 44 135 157
    53 178 75 163 149 105 172 114 67 130 149 25 178 106 231 54 214 44
    234 109 233 73 100 104 176 16 109 47 139 183 65 8 201 82 190 189 6
    172 235 34 173 101 52 94 234 211 205 176 250 218 237 178 28 104 242
    183 252 158 33 90 133 10 48 120 91 187 19 12 17 207 42 210 177 196
    164 60 90 164 220 193 18 220 33 195 55 78 217 11 43 113 126 196 131
    127 198 31 226 200 216 8 128 104 149 172 96 200 83 69 133 108 190 18
    192 0 93 47 190 100 89 18 92 60 35 82 73 20 39 226 197 126 252 247
    116 253 171 58 107 196 193 125 189 49 193 15 0 226 61 35 211 226 23
    252 10 34 192 113 136 193 150 195 148 114 129 191 8 47 116 218 65
    192 102 131 53 74 50 250 112 120 32 83 111 175 6 228 41 209 7 131
    106 246 102 50 98 162 118 156 97 119 108 20 211 215 255 174 124 41
    48 95 150 192 35 87 186 193 23 76 88 181 30 90 101 248 197 143 11
    211 9 125 103 225 31 210 67 29 3 67 29 247 175 185 44 122 142 118 64
    59 180 31 201 113 171 247 222 159 232 208 232 129 182 118 1 224 10
    186 186 85 106 4 236 224 124 72 37 40 56 30 29 205 29 229 136 28 237
    40 253 78 241 238 181 194 235 86 106 136 193 187 105 60 176 195 132
    240 39 24 194 159 209 49 193 239 34 91 42 105 227 58 194 194 67 40
    52 132 207 221 244 226 18 250 123 45 165 35 16 143 207 144 32 158
    239 195 241 122 207 199 94 165 245 129 34 72 112 150 66 29 172 122
    74 176 41 15 13 157 248 63 106 77 89 241 54 179 139 241 115 39 23
    202 238 39 177 224 101 17 231 112 39 254 126 190 235 207 83 78 87 49
    61 4 192 40 214 140 255 43 124 93 160 171 48 16 153 4 77 11 123 129
    35 163 149 8 176 42 27 191 15 209 52 2 143 154 235 54 247 12 78 213
    154 221 26 50 78 163 125 224 184 249 215 75 40 53 251 9 249 140 194
    167 231 160 18 189 94 160 122 154 71 122 73 179 18 71 110 224 154 79
    20 5 213 16 28 174 102 246 242 40 142 94 183 170 225 29 98 145 143
    22 78 151 236 58 242 189 211 173 12 203 107 20 214 188 63 188 125
    157 251 220 84 217 10 128 67 113 110 228 92 140 196 229 222 156 28
    132 232 70 57 195 46 235 220 121 28 205 53 95 112 7 124 150 38 76
    156 136 110 21 213 230 97 157 39 198 74 61 31 162 195 115 73 239 102
    86 214 194 199 57 237 122 153 24 133 71 227 96 145 0 31 55 93 67 17
    30 35 71 16 187 129 123 234 32 84 204 16 9 94 197 67 162 65 148 229
    54 49 194 165 254 69 136 221 131 32 163 68 42 204 1 131 214 61 235 0
    69 90 206 8 217 83 215 52 29 71 199 56 203 172 169 19 212 92 119 199
    9 218 204 62 210 4 246 205 34 102 13 12 57 119 28 129 33 170 238 167
    189 243 111 46 230 101 253 209 159 224 239 66 134 188 254 123 196 35
    190 208 242 171 187 212 166 47 205 109 139 137 149 251 144 22 183
    147 0 186 71 148 16 53 249 220 212 117 251 31 129 184 215 179 113
    157 137 241 208 91 119 140 245 36 148 167 59 153 149 206 101 207 31
    108 32 60 161 48 211 79 70 117 251 243 178 1 207 191 213 233 35 83
    29 137 63 192 169 242 67 59 113 252 130 193 36 15 5 8 15 82 144 154
    154 228 214 154 210 144 148 46 115 98 163 239 94 198 236 90 246 182
    121 231 57 43 56 203 249 244 102 100 11 152 25 3 238 202 221 120 22
    135 183 1 202 146 7 14 150 17 112 75 90 129 178 250 80 26 76 33 90
    247 240 167 158 111 129 238 16 123 245 137 225 112 102 2 203 99 206
    250 107 60 240 213 172 199 74 188 35 4 237 216 12 195 15 197 186 148
    90 61 86 205 235 245 119 56 71 223 188 140 96 95 244 122 250 170 135
    79 222 137 44 77 118 91 207 135 252 117 88 155 4 145 203 243 82 95
    168 101 26 1 8 231 31 97 183 246 160 189 98 92 234 4 207 100 226 54
    41 62 137 13 53 49 182 211 76 185 80 59 97 140 208 143 28 226 210 1
    12 77 7 240 29 101 205 202 109 171 5 61 56 10 0 32 67 168 232 66 232
    113 173 5 53 31 205 84 76 37 161 174 124 142 167 67 49 222 128 74 91
    179 159 38 87 124 61 216 100 198 89 64 38 135 135 191 170 224 79 53
    4 60 145 172 21 121 144 192 118 70 250 47 246 5 204 10 6 179 86 72
    101 162 144 67 178 77 116 167 1 183 233 84 182 170 135 86 195 124
    114 125 219 34 158 28 32 6 51 123 1 229 252 40 49 68 39 49 219 192
    181 130 75 111 61 50 14 202 165 66 235 66 199 49 129 154 31 97 41 72
    0 50 161 86 48 232 155 76 127 61 179 64 230 132 83 76 179 203 255 10
    210 252 212 44 190 156 111 208 25 8 53 28 237 183 122 156 17 50 153
    136 148 40 69 246 212 12 71 62 227 117 184 95 224 163 12 58 97 108
    208 216 28 93 55 238 65 15 79 147 134 89 252 243 117 97 77 133 202
    237 25 98 235 95 242 145 223 8 134 16 190 133 18 63 101 163 57 170
    119 0 117 59 250 5 27 156 3 251 139 110 243 203 167 184 224 234 108
    30 15 19 70 207 178 151 77 136 217 247 126 226 66 132 98 173 141 197
    223 54 245 156 248 139 63 62 234 201 216 75 117 90 128 105 222 146
    86 166 180 13 30 149 247 50 18 211 2 140 206 171 150 34 98 199 202
    253 185 54 175 119 119 246 163 20 22 5 16 154 245 167 5 219 10 249
    220 0 58 78 202 74 61 196 67 153 226 193 18 221 231 145 243 30 254
    240 41 237 46 67 91 248 84 196 216 252 231 14 230 85 98 131 201 186
    29 43 24 210 67 93 226 246 156 252 32 214 169 157 198 88 71 125 246
    154 187 189 162 82 71 226 4 153 152 105 77 165 139 134 166 53 186
    238 9 227 87 220 129 217 241 22 219 20 250 192 168 122 250 159 247
    206 177 199 1 222 230 97 141 193 195 118 68 251 33 240 71 40 102 174
    115 104 230 235 31 179 207 22 93 154 196 55 25 218 97 96 121 116 101
    181 96 0 63 145 186 86 34 209 83 80 128 135 158 72 77 225 252 202 97
    34 96 9 208 23 195 189 183 209 27 65 164 241 60 233 154 238 82 68 86
    170 149 135 89 43 35 170 198 171 132 165 52 122 82 128 31 100 200
    251 137 146 156 124 17 45 168 38 93 222 4 148 162 36 142 160 52 114
    31 193 157 6 226 202 56 65 76 201 181 102 184 107 229 184 170 230
    127 23 252 200 84 136 222 6 215 201 251 2 228 78 118 119 142 233 33
    184 77 58 111 204 216 127 101 163 97 229 205 30 213 65 17 221 30 8
    108 248 183 95 29 97 181 172 24 238 152 62 120 14 111 21 50 159 42
    213 151 114 81 129 19 241 93 214 211 175 249 236 213 140 140 77 199
    110 43 72 204 164 181 243 228 69 3 56 138 54 152 115 147 137 80 179
    193 76 158 217 1 14 63 65 139 43 39 44 194 177 216 125 123 216 195
    144 5 27 172 76 29 143 200 151 83 132 170 23 246 35 114 105 235 149
    218 130 230 106 153 151 162 70 211 221 74 145 113 67 33 228 240 213
    20 100 39 225 212 250 159 215 8 177 193 62 24 97 23 125 98 64 57 79
    9 9 142 125 118 233 20 19 228 111 228 18 154 134 206 143 239 201 86
    222 48 254 191 4 224 158 55 84 21 0 88 234 255 219 77 222 91 123 30
    218 215 122 220 169 201 122 138 60 212 44 19 127 187 224 246 3 157
    34 204 145 33 54 215 67 118 187 215 183 65 61 191 79 91 10 110 207
    207 154 7 170 114 15 65 255 19 40 115 3 120 36 50 231 47 62 240 168
    242 108 49 55 45 104 112 40 209 4 70 125 100 235 62 199 68 183 147
    100 66 190 150 200 97 245 60 69 205 203 168 100 130 111 255 55 254
    18 180 186 120 73 48 225 161 243 224 129 119 80 254 215 69 62 72 92
    203 246 85 135 188 250 61 69 240 72 227 3 81 217 74 194 66 245 170
    127 176 184 44 33 239 128 72 6 24 0 174 171 29 20 213 74 118 18 184
    4 124 77 239 129 218 119 103 212 188 251 9 124 22 93 250 149 44 135
    121 94 136 248 72 37 184 108 11 242 85 83 237 4 24 32 33 189 250 169
    99 93 45 61 141 236 20 119 207 220 81 200 118 110 1 206 41 218 16
    219 169 197 225 66 216 164 71 29 92 63 143 235 62 181 33 109 47 39
    23 219 238 97 115 25 183 138 103 27 67 68 103 160 20 171 126 2 97 44
    147 42 169 146 51 122 72 51 155 176 219 16 29 192 192 109 206 183 78
    67 13 191 71 72 251 105 39 111 129 155 98 24 105 170 133 190 114 211
    155 225 35 2 170 68 214 111 219 182 213 210 17 25 104 118 247 202
    100 81 92 156 8 214 130 123 95 154 121 111 9 25 153 222 243 220 249
    51 138 8 221 71 9 160 76 69 210 166 200 182 231 29 59 125 185 35 248
    149 49 55 121 77 155 159 144 133 83 201 164 223 31 35 61 235 81 95
    120 90 62 133 156 230 98 49 161 187 164 142 35 161 129 155 219 187
    80 78 184 28 126 65 87 225 65 241 151 213 162 226 190 75 18 149 23
    76 137 117 115 128 1 66 119 153 2 159 253 207 189 131 181 218 77 110
    61 10 234 20 23 185 19 91 129 7 74 24 111 214 219 188 56 8 98 201 21
    181 237 195 209 6 196 63 227 225 184 47 98 76 70 25 158 205 173 22
    63 126 178 219 50 72 74 203 44 120 43 180 150 1 34 209 173 202 145
    180 146 139 114 178 200 219 122 188 63 20 14 99 135 215 167 10 173
    202 46 133 250 13 29 207 37 136 54 117 67 14 186 204 70 81 239 206
    138 45 136 56 20 57 143 140 72 226 104 131 187 59 160 169 42 203 206
    241 143 103 120 190 215 140 109 239 10 115 91 97 107 197 178 18 204
    201 17 121 114 150 17 247 40 44 83 95 56 104 193 112 80 231 19 117
    78 65 66 31 83 252 145 235 231 224 4 71 134 222 114 174 201 210 98
    20 46 112 1 68 52 244 134 117 94 225 115 130 236 253 199 224 135 190
    150 186 112 12 196 26 60 8 248 32 255 18 152 117 187 204 2 60 160
    192 85 105 125 248 104 232 87 51 26 81 222 226 168 24 60 45 156 121
    57 175 69 127 135 75 112 184 104 45 60 123 56 114 91 181 169 237 6
    70 235 33 162 78 54 65 48 10 74 247 164 183 225 139 42 141 254 193
    53 14 132 249 132 174 208 99 243 146 21 94 135 150 67 247 86 72 79
    250 121 200 2 125 39 104 36 118 200 204 133 148 96 221 51 35 133 42
    73 121 9 14 43 121 120 240 239 3 194 130 101 212 26 140 23 175 214
    116 118 106 158 124 67 178 178 21 243 49 64 51 142 104 170 155 143
    224 187 119 8 179 82 183 105 189 138 103 208 130 71 185 209 150 249
    249 42 222 44 146 224 154 104 94 145 85 218 206 247 32 218 101 76
    137 164 130 253 72 254 135 236 110 27 51 30 156 235 10 39 238 132 55
    248 85 122 1 151 201 228 251 219 37 125 54 153 45 176 243 135 173 1
    76 20 255 179 6 181 36 77 78 17 118 64 75 128 78 74 176 90 165 187
    57 13 230 95 94 53 23 229 50 11 172 123 254 250 129 108 244 81 147
    205 165 88 183 244 159 227 101 230 225 150 112 96 130 168 137 71 67
    206 13 205 105 9 42 73 165 30 247 236 54 216 14 124 73 102 69 1 245
    82 136 63 59 136 238 246 203 238 32 208 34 13 11 57 73 25 180 117 93
    12 24 103 252 15 191 232 159 230 161 109 194 55 86 143 64 48 252 3
    48 166 65 25 57 89 130 201 37 97 29 141 234 69 58 99 19 160 189 214
    51 159 53 229 206 207 114 22 37 123 207 216 178 230 153 240 47 135
    70 242 71 31 234 114 210 253 166 108 148 98 203 40 205 194 217 74 87
    4 217 210 168 77 38 203 190 113 85 104 172 83 20 241 76 100 167 227
    75 177 206 216 92 117 218 140 23 20 205 207 216 47 7 47 195 133 114
    109 238 61 203 144 103 128 151 120 13 151 84 58 214 141 219 54 19
    176 167 124 102 128 131 169 12 198 197 91 204 189 165 18 1 159 17
    129 232 198 129 6 94 132 62 161 209 218 18 35 41 220 38 151 202 103
    194 246 53 62 4 159 236 90 141 112 12 77 246 169 225 116 131 230 203
    67 133 55 176 147 233 234 211 173 99 143 173 212 214 56 40 71 66 198
    115 112 17 218 111 41 185 23 238 110 9 22 47 159 215 117 37 253 234
    198 78 66 116 59 17 167 69 234 130 114 42 229 178 58 28 95 253 253
    212 97 125 168 8 38 51 123 32 195 15 87 88 13 107 251 6 97 108 21
    198 17 9 100 176 143 186 174 6 59 44 54 241 158 119 56 112 171 250
    64 162 223 104 97 60 79 117 148 123 3 115 40 222 26 18 162 255 85
    244 40 37 164 183 229 186 143 120 98 88 83 211 229 112 118 161 213 8
    145 137 77 111 18 151 122 176 28 137 146 86 227 163 197 149 63 148
    233 216 206 179 49 226 15 173 131 176 131 183 26 203 118 24 107 0
    138 194 162 136 155 209 244 215 109 162 67 94 28 35 178 56 143 15
    214 57 95 132 140 157 214 153 36 82 32 231 92 33 17 51 138 107 86
    212 174 206 113 15 100 168 25 216 28 83 181 188 35 112 171 227 130
    76 171 104 251 182 11 246 146 19 125 185 9 127 250 204 218 137 255
    143 135 28 182 85 106 135 1 31 193 236 160 35 24 11 104 249 173 110
    207 23 153 197 84 236 116 187 119 243 62 210 227 54 173 118 142 248
    187 212 66 207 125 46 237 99 153 55 253 241 10 218 241 167 47 155
    227 89 142 29 84 227 171 209 211 149 245 23 226 225 199 250 173 16 3
    182 202 72 84 241 55 255 166 79 197 164 198 177 217 30 51 117 194
    147 184 212 98 86 190 110 176 192 60 239 62 102 151 45 152 15 180
    117 226 88 174 125 200 114 240 150 114 216 223 90 55 217 222 99 19
    27 93 41 166 4 161 17 161 208 12 18 61 195 229 9 161 25 254 114 204
    75 14 18 209 123 149 242 24 251 169 74 133 247 226 156 41 66 184 240
    239 40 2 65 231 32 41 228 92 206 55 241 219 249 223 198 133 61 46
    241 77 14 46 10 75 217 39 60 15 161 234 237 42 151 121 108 115 90 65
    12 211 167 5 212 176 127 238 56 223 6 156 46 33 166 214 24 96 241
    242 1 31 165 139 133 149 69 212 228 207 175 94 0 67 55 135 75 97 227
    127 191 209 21 10 38 255 251 246 242 75 165 189 49 212 226 100 137
    83 225 16 196 246 166 116 144 230 141 202 229 82 67 120 150 106 118
    190 66 43 97 59 169 22 118 51 101 19 140 50 222 244 186 244 124 161
    165 95 191 248 192 148 170 183 124 11 167 176 251 32 150 37 98 235
    176 119 68 214 128 25 135 177 177 224 106 68 140 15 199 112 233 57
    150 24 200 33 247 115 101 72 199 65 90 2 23 188 35 61 190 66 19 201
    20 215 155 5 248 148 43 141 145 21 200 76 81 23 188 175 0 20 193 25
    221 129 176 66 125 245 121 3 237 110 33 15 111 254 229 108 224 255
    93 102 246 99 89 187 57 114 244 47 139 125 108 113 203 86 127 30 33
    20 124 225 129 117 83 212 78 130 26 79 144 173 132 198 252 187 114
    147 111 123 179 68 186 103 11 143 151 221 243 248 135 132 23 99 68
    69 206 77 43 82 171 26 165 237 127 119 134 169 93 145 42 246 18 226
    39 150 60 251 31 75 66 213 199 210 229 111 94 55 67 181 182 220 173
    47 106 0 181 105 48 62 141 24 183 130 226 200 166 200 61 252 146 52
    169 178 223 210 120 190 102 161 101 196 176 245 48 58 57 190 175 233
    204 79 226 87 231 30 131 25 6 138 36 108 79 13 5 59 160 62 167 121
    56 212 91 16 20 22 104 22 76 155 99 255 163 214 96 108 32 38 142 96
    241 130 68 137 175 237 64 234 166 81 161 205 88 73 227 53 202 22 77
    20 186 136 202 26 43 250 62 72 87 61 196 127 50 240 218 135 25 118
    164 1 27 4 253 117 146 84 181 160 151 22 34 25 160 187 17 157 63 115
    255 66 90 239 92 100 242 53 79 52 6 147 213 196 57 192 102 121 93 48
    64 191 26 116 210 191 167 32 250 92 0 59 130 231 40 163 16 71 85 83
    22 253 247 214 237 163 200 53 161 133 3 113 71 43 151 213 208 138
    180 169 226 48 11 235 99 58 134 30 233 154 28 68 130 191 246 173 137
    84 189 138 230 100 127 209 37 167 34 158 151 31 64 89 135 90 58 240
    47 246 14 89 213 205 78 74 243 244 116 182 8 72 39 83 250 98 74 155
    98 48 87 177 24 77 210 19 224 170 231 254 219 239 121 172 183 154
    153 10 63 165 30 211 62 63 226 213 184 104 71 70 225 97 249 48 0 106
    29 173 35 219 161 104 68 116 141 43 66 139 175 73 223 199 47 35 83
    89 126 89 61 150 6 225 161 4 39 190 130 138 37 122 187 144 106 8 251
    148 153 198 126 52 139 0 224 187 84 150 18 244 157 224 183 205 195
    237 92 112 13 196 13 134 46 136 131 211 248 162 29 182 207 16 82 187
    182 130 63 105 15 95 119 220 143 25 45 25 88 135 160 20 10 62 174
    137 253 232 66 203 32 212 124 196 15 207 227 235 209 119 51 139 19
    154 134 48 86 177 128 204 132 152 211 228 188 79 10 243 177 117 102
    24 185 54 193 237 229 250 229 200 124 103 235 69 56 136 139 30 108
    86 182 48 86 224 189 108 204 184 146 97 23 250 216 16 199 245 119
    195 246 236 10 91 217 255 38 38 242 9 39 25 170 51 236 27 157 206
    110 238 28 133 241 53 195 104 3 75 224 212 241 35 25 209 162 152 158
    2 59 189 218 185 54 127 200 149 40 198 138 181 22 135 36 215 53 44
    32 198 40 225 5 56 245 124 69 95 208 49 168 230 34 74 104 44 54 24
    200 30 198 218 135 5 87 148 124 133 232 106 1 51 17 162 239 26 80
    232 173 68 133 211 112 181 157 44 137 224 0 175 49 148 216 81 90 235
    135 141 10 19 215 129 151 83 120 39 129 41 24 107 230 216 3 220 145
    87 123 173 217 178 183 83 199 88 248 50 161 28 48 250 32 150 255 149
    157 203 134 151 127 104 25 209 1 76 152 80 107 190 90 130 120 79 171
    1 235 177 92 157 248 50 224 112 188 168 24 128 144 111 240 157 182
    166 48 151 117 236 80 168 137 12 2 250 115 138 220 255 220 196 228
    180 250 196 81 19 194 200 78 185 255 220 48 31 134 115 210 59 107
    100 30 21 7 253 92 44 52 67 175 210 50 205 166 22 178 77 122 31 141
    17 152 43 13 125 243 138 204 5 88 31 202 102 160 215 75 42 31 142
    102 111 32 124 156 45 68 40 4 68 15 194 178 56 238 63 173 227 55 191
    10 103 204 242 174 97 184 76 218 60 62 210 51 76 2 188 152 12 252 47
    15 13 112 104 97 93 166 86 107 145 193 16 27 174 39 72 12 233 197 58
    208 12 199 20 85 55 233 169 193 1 147 221 68 180 174 140 65 157 34
    34 152 91 149 235 0 88 195 225 160 117 28 233 234 155 230 233 71 223
    240 65 15 127 11 87 173 111 56 229 89 244 95 47 59 100 108 45 246
    106 116 177 244 143 127 194 115 179 199 102 150 55 27 140 156 22 36
    97 216 68 104 248 205 59 13 150 118 33 250 58 218 233 65 38 78 91
    217 241 156 14 24 174 153 88 129 189 103 10 202 26 0 119 7 61 42 2
    74 168 94 171 62 165 22 105 11 144 57 61 189 214 144 39 199 102 149
    186 192 20 236 73 4 254 109 255 244 121 50 46 127 236 223 173 102
    176 65 203 118 80 126 57 76 189 48 250 62 99 144 12 151 4 228 194
    111 143 6 64 75 173 7 155 68 251 219 145 102 239 212 16 247 4 113 72
    123 41 113 26 116 156 250 110 203 36 123 58 26 51 157 9 151 211 2 39
    207 83 107 1 218 184 95 221 170 217 63 89 234 201 44 69 63 85 247
    188 217 53 54 77 8 106 150 42 177 222 184 247 31 104 50 154 70 124
    21 28 170 239 166 98 47 223 69 47 66 10 69 178 69 81 191 77 151 225
    192 138 202 203 83 26 148 73 88 204 2 206 218 180 35 242 220 22 193
    189 66 132 84 192 167 186 178 102 219 94 196 146 23 248 213 143 229
    40 72 65 150 13 120 232 125 155 41 105 134 70 242 111 202 235 176
    161 36 192 92 223 235 218 148 93 142 150 231 152 118 43 246 127 155
    138 188 200 62 132 50 129 193 126 7 243 16 132 23 11 73 200 152 114
    222 148 36 156 161 12 194 96 234 218 127 125 144 252 16 70 183 124
    120 111 27 114 234 47 166 56 6 50 66 100 119 75 87 218 47 235 25 133
    229 253 65 117 167 138 48 238 22 246 81 108 70 31 194 179 53 131 241
    2 175 47 136 211 132 59 174 52 179 173 110 194 232 214 161 191 202
    121 17 114 12 27 82 153 226 222 59 116 141 155 211 15 33 98 213 195
    45 130 192 88 24 177 214 72 194 170 215 9 39 182 213 5 212 143 238
    132 151 20 197 61 94 56 186 122 4 197 26 250 17 8 59 242 222 191 35
    177 186 130 31 241 119 135 85 162 84 138 213 242 93 240 236 24 35 89
    147 196 44 185 2 153 97 170 42 248 10 177 205 171 244 143 156 115 32
    201 110 131 246 134 23 233 143 69 26 58 76 134 38 246 76 121 124 104
    199 101 43 160 86 99 89 67 154 214 99 144 77 53 25 129 85 84 144 12
    27 141 91 228 33 226 248 64 220 211 187 68 11 140 105 212 123 179
    163 126 159 107 13 98 93 162 19 4 33 150 134 44 253 167 99 183 170
    206 75 78 218 195 141 157 171 199 217 168 64 70 150 52 217 70 134 24
    220 72 10 189 194 19 128 130 211 144 179 36 100 164 126 106 152 34
    184 154 142 47 63 107 59 118 214 121 106 51 158 90 151 237 75 133
    178 94 225 169 95 24 125 9 162 20 109 107 101 253 78 110 86 58 27
    119 243 94 193 68 201 140 146 176 5 149 78 50 245 113 39 138 188 199
    175 58 229 236 87 18 103 161 79 21 64 219 169 50 179 187 214 179 202
    165 39 219 36 37 196 15 143 11 103 80 240 171 249 108 9 67 70 237
    132 243 142 17 47 96 84 171 183 195 21 151 95 147 182 105 30 253 2
    155 196 136 229 246 145 106 104 135 41 187 100 76 236 216 181 58 224
    60 38 234 91 180 23 35 134 65 32 247 93 8 155 50 167 186 209 4 92
    151 139 51 228 219 76 99 212 192 33 201 161 143 90 29 54 95 190 62
    229 153 2 237 77 135 208 55 109 68 64 156 62 168 235 153 249 126 11
    52 65 168 22 135 130 187 106 156 233 254 171 250 135 48 81 89 134
    202 61 143 200 127 82 123 161 169 194 117 23 88 105 15 177 18 9 191
    35 12 22 25 157 25 107 31 6 73 13 35 143 180 179 104 40 231 6 175 53
    131 9 138 106 165 225 93 254 216 185 216 4 139 184 39 243 173 29 211
    242 96 191 22 242 101 62 254 68 153 121 172 33 175 76 81 107 27 24
    141 41 222 182 139 174 210 247 25 18 68 117 202 213 32 132 139 114
    98 154 188 192 121 114 67 212 67 178 148 126 59 197 17 7 144 233 59
    82 205 198 244 98 212 113 162 90 100 15 127 31 56 21 106 95 141 95
    172 87 21 167 232 141 185 87 227 78 62 125 241 87 223 163 159 1 126
    91 196 125 150 90 162 110 120 232 62 48 51 41 44 23 88 56 254 181 46
    192 216 159 89 162 150 156 213 80 147 37 63 58 71 68 143 167 63 184
    244 192 175 214 204 46 51 233 51 35 124 219 36 108 38 136 248 191 4
    127 148 86 123 206 15 171 228 236 177 23 1 24 141 141 123 142 4 15
    139 221 207 26 100 138 144 170 13 22 198 151 33 37 221 50 30 176 75
    48 62 79 197 192 88 90 113 148 86 111 244 216 52 44 183 70 250 89
    110 172 6 39 52 2 68 113 208 82 38 202 208 153 139 6 253 159 38 92
    199 242 252 6 235 172 25 248 82 104 123 219 4 23 238 88 128 87 5 235
    75 150 200 29 239 61 81 68 210 137 210 248 159 54 115 192 204 48 10
    125 177 15 24 48 18 229 209 252 110 32 218 9 172 189 75 61 161 172
    48 6 99 142 184 191 121 136 163 212 64 98 219 19 56 169 131 153 10
    182 158 225 28 137 236 65 202 204 240 196 110 149 61 38 35 106 61
    100 20 207 35 214 126 35 155 237 47 211 114 226 82 140 33 167 167
    127 88 84 96 115 253 88 211 63 239 51 208 167 63 0 237 159 238 158
    150 160 187 112 255 204 118 101 81 76 253 207 62 132 187 182 39 6
    106 12 122 57 81 121 159 53 118 135 208 78 32 177 145 146 73 210 125
    244 255 223 84 59 58 202 199 56 27 62 209 168 24 121 229 42 232 131
    103 27 113 203 190 121 70 182 130 45 223 42 225 116 16 207 98 101
    201 88 54 18 252 5 61 174 70 216 95 18 245 198 145 122 200 234 190
    137 216 21 84 52 40 113 118 181 169 77 249 175 146 15 84 205 94 39
    225 118 225 41 67 62 84 51 120 33 120 248 151 8 241 215 2 161 215
    251 66 8 149 154 13 24 121 152 253 157 33 226 248 18 135 98 127 52
    237 219 178 105 93 165 68 54 152 221 3 219 5 96 224 9 140 168 130
    117 135 136 80 66 43 54 30 143 106 46 4 131 107 130 251 98 220 246
    163 96 32 225 254 110 34 240 154 171 21 237 234 18 248 247 111 237
    126 220 164 235 141 153 246 46 217 148 56 121 22 65 183 164 224 224
    74 23 160 184 189 212 137 100 197 51 51 96 154 159 254 133 252 53
    218 135 245 103 90 156 32 214 195 130 178 8 243 32 44 69 119 88 179
    80 48 90 148 210 238 206 189 152 164 250 53 167 172 232 130 138 128
    76 145 141 52 154 19 18 171 241 121 37 226 8 213 209 115 40 183 216
    179 98 147 115 24 44 33 7 138 102 84 165 7 70 211 11 87 36 97 206
    206 169 185 229 255 128 190 231 6 101 217 94 189 50 195 83 114 40
    188 178 12 129 69 116 26 55 229 122 30 84 105 161 129 94 51 68 229
    148 210 93 134 6 76 216 152 78 115 159 165 14 13 59 166 144 102 104
    187 29 15 96 16 176 88 119 79 126 163 38 165 243 103 205 253 70 91
    44 246 44 119 95 1 76 152 92 219 113 41 140 124 154 85 7 145 215 132
    16 58 61 89 144 45 154 116 119 224 157 58 215 4 84 78 97 202 231 62
    117 52 37 42 1 107 136 134 81 11 211 120 113 59 3 25 15 99 22 200
    164 254 32 122 73 153 38 212 231 107 46 30 24 120 29 69 146 106 196
    3 9 73 214 7 99 139 123 225 98 66 177 210 126 1 94 232 93 172 145
    168 28 77 144 79 35 179 207 166 92 6 40 33 200 86 108 24 167 183 41
    21 180 193 110 7 102 212 13 63 196 224 252 235 54 150 45 112 97 40 0
    47 237 6 70 58 153 182 80 213 118 145 237 235 227 82 109 1 134 149
    248 135 253 235 228 14 131 138 81 203 212 134 110 134 48 150 202 81
    179 201 42 130 252 155 9 252 32 58 240 144 59 92 36 210 206 6 40 172
    164 47 171 60 116 175 105 210 72 146 91 223 49 10 232 174 146 92 168
    99 89 44 234 225 36 237 214 228 101 250 8 37 26 182 242 63 32 9 55
    128 33 177 144 199 70 190 154 203 36 22 96 48 150 27 157 36 172 37
    161 120 69 64 178 16 132 44 198 179 190 153 161 141 221 249 218 154
    34 216 232 217 46 17 54 69 200 251 98 58 138 177 145 136 64 166 237
    70 46 51 194 26 199 146 122 146 127 114 120 32 252 152 71 156 247 38
    118 176 238 24 4 12 100 42 125 107 183 69 139 244 153 92 171 65 101
    65 75 196 58 225 195 244 19 188 95 171 212 14 128 85 87 189 23 137
    91 68 120 188 219 205 119 94 73 232 241 140 78 193 217 75 34 246 33
    215 134 126 110 85 67 238 214 212 110 105 222 75 89 146 236 73 179
    97 79 229 149 133 158 98 183 132 226 61 185 240 214 84 123 181 6 33
    185 226 251 5 119 19 18 200 150 70 82 230 144 208 111 65 92 145 206
    126 121 199 96 251 111 24 170 8 165 224 44 157 84 130 162 167 193
    247 213 111 164 64 57 176 87 235 10 59 73 239 187 100 94 198 24 113
    179 26 127 66 3 69 3 40 253 115 9 248 5 114 73 34 216 245 183 149 60
    198 169 222 178 58 62 212 234 186 218 20 110 161 58 228 68 231 2 245
    195 163 153 88 41 73 233 2 86 125 105 99 197 222 147 216 136 177 206
    175 76 103 55 15 214 48 76 187 243 26 72 43 3 54 170 82 183 214 62
    106 87 132 175 226 248 254 120 251 200 6 46 120 225 22 127 221 46 64
    185 218 237 65 42 97 164 216 145 200 67 225 14 203 249 168 173 201
    43 150 80 155 34 170 95 155 185 81 130 117 178 225 227 231 167 254
    239 155 245 180 209 58 168 235 173 220 58 228 78 216 187 120 156 37
    128 4 148 170 4 146 126 39 239 224 206 241 55 155 46 124 131 158 221
    68 255 191 157 199 179 219 241 87 9 13 8 50 187 16 218 83 69 40 134
    17 2 69 27 163 226 197 60 231 125 238 174 201 255 200 14 48 19 222
    162 218 176 62 133 195 172 108 198 235 225 64 180 13 29 38 35 18 166
    183 137 211 18 233 214 152 87 219 22 173 52 64 86 112 27 158 215 146
    240 252 36 156 105 238 183 180 165 105 163 43 150 221 22 109 77 198
    208 28 128 175 147 171 161 189 20 29 7 57 37 113 85 58 110 189 127
    57 128 39 226 11 49 7 94 220 110 66 9 65 168 201 208 221 91 235 140
    7 27 146 3 181 168 136 155 151 2 150 204 34 101 216 130 231 19 82
    101 223 35 162 223 99 61 86 174 9 33 85 5 126 123 95 163 240 86 170
    199 181 40 195 47 117 10 135 116 131 138 109 223 143 190 20 134 42
    47 91 136 57 97 40 100 28 240 109 48 247 31 42 0 12 67 193 160 221
    27 151 36 86 148 243 108 178 127 134 104 191 196 23 95 180 185 96
    192 68 111 26 91 201 250 88 196 100 177 68 220 182 106 75 113 20 163
    153 255 140 55 218 85 37 111 81 1 45 78 133 16 251 171 202 8 188 3
    55 67 58 93 98 250 108 2 89 52 155 37 203 162 143 153 98 135 253 103
    74 91 73 241 170 137 56 87 122 237 66 192 201 210 13 90 194 103 245
    46 5 196 199 140 69 244 95 3 55 155 181 186 180 31 237 3 82 2 224
    188 202 124 162 7 86 196 120 63 49 58 54 215 99 238 58 104 216 106
    140 63 52 154 8 185 173 229 99 30 216 5 186 162 71 15 39 25 43 142
    180 62 211 63 1 3 169 135 118 243 230 155 152 118 195 36 241 191 21
    13 161 39 9 196 165 30 254 247 237 105 123 22 109 95 151 52 242 0
    113 193 126 73 85 32 124 247 87 32 138 63 3 111 77 19 6 10 79 42 77
    129 40 146 137 223 143 242 31 36 131 101 2 214 239 132 158 79 15 238
    241 119 46 97 105 169 91 167 84 77 44 195 179 189 152 203 80 224 163
    217 64 20 68 89 85 47 74 159 58 198 174 61 0 123 57 146 232 99 160
    113 239 130 202 90 141 13 140 11 80 184 115 226 47 172 174 127 121
    19 146 76 234 97 212 249 147 201 255 246 131 83 98 134 230 223 228
    170 19 56 113 155 21 147 128 181 36 9 206 240 192 198 114 229 56 60
    27 44 190 2 162 49 135 227 234 126 0 85 132 193 82 75 29 34 251 195
    27 94 46 140 185 237 228 118 9 117 86 109 251 67 37 173 194 140 138
    121 151 126 125 143 96 167 224 7 200 195 69 235 74 147 75 33 190 53
    69 90 151 8 136 180 234 32 85 101 200 66 180 89 218 130 89 200 70 65
    188 43 9 241 26 37 214 24 228 17 217 3 41 121 151 119 215 211 151
    204 80 197 187 146 220 98 185 45 184 44 231 124 69 209 241 180 58
    188 121 102 130 216 72 70 7 9 240 133 34 8 191 83 246 41 219 151 230
    145 137 164 81 143 167 235 3 239 116 93 92 43 65 125 18 177 148 62
    52 6 45 111 95 228 163 228 207 205 231 246 27 121 77 85 0 222 238 47
    100 216 230 51 76 101 202 155 124 212 28 27 14 230 226 54 250 10 145
    43 180 129 168 227 54 249 72 132 77 58 71 228 145 128 142 231 252
    158 85 32 12 12 99 128 17 16 214 7 97 241 65 255 16 65 100 223 112
    208 138 249 128 227 55 18 161 166 165 65 124 108 50 171 109 235 24
    66 254 149 218 101 178 151 37 188 116 188 180 10 135 57 239 198 117
    49 50 67 34 47 202 77 151 64 167 4 105 11 27 85 162 58 210 83 246 53
    72 67 147 167 130 118 209 1 84 14 129 207 86 105 4 236 70 198 74 242
    44 135 177 225 239 185 253 70 74 141 125 9 236 130 152 166 169 91
    222 93 106 238 69 144 249 244 10 101 183 84 88 60 65 182 58 7 177
    196 73 9 184 204 131 202 122 234 154 139 222 41 34 5 245 32 137 78
    134 102 95 146 74 29 130 243 80 108 143 71 186 130 79 86 45 178 211
    191 91 194 241 32 121 92 4 126 64 196 167 181 232 215 101 191 190
    167 184 110 177 20 113 205 177 142 88 188 68 112 107 247 140 27 253
    109 99 143 235 132 101 81 172 229 62 89 245 252 136 67 18 168 2 140
    152 244 4 141 147 147 245 101 120 84 150 53 136 218 240 166 222 7 90
    101 59 210 19 104 75 87 224 1 188 98 231 92 216 90 78 138 248 60 112
    169 123 112 28 205 10 165 47 125 181 166 11 101 28 169 220 75 141
    189 228 107 252 122 128 51 129 144 56 127 185 191 199 145 90 84 215
    210 205 179 139 1 73 27 229 185 3 4 247 76 217 74 52 33 238 49 6 115
    133 222 81 221 150 155 133 88 50 50 235 144 206 165 190 189 158 222
    202 13 31 120 229 142 34 160 107 247 114 21 17 44 202 114 241 250
    235 15 68 71 226 137 253 160 146 93 243 121 244 151 188 243 63 64
    111 175 95 236 12 164 51 47 106 69 160 180 8 107 246 251 224 66 36
    233 142 87 188 138 116 48 62 63 96 143 63 88 118 161 225 140 73 93
    222 35 76 86 87 154 240 14 69 205 45 56 52 124 163 82 228 61 177 154
    110 109 26 1 184 209 109 87 33 57 190 191 77 7 109 105 88 209 247
    101 33 239 134 252 134 108 191 63 203 77 77 254 213 196 224 222 22
    234 234 95 21 149 62 91 131 68 71 41 62 142 255 72 77 203 70 231 239
    92 31 80 46 231 64 137 139 10 244 55 117 6 234 84 125 196 176 246
    148 192 254 195 17 21 17 224 190 183 14 193 184 174 171 92 128 10
    196 253 92 44 21 169 47 15 180 203 111 37 111 127 42 66 171 121 143
    13 48 111 230 220 75 65 246 167 207 123 137 90 236 8 17 87 5 56 253
    38 183 46 55 104 209 141 16 86 81 160 251 134 235 238 55 212 161 101
    78 226 155 246 198 240 90 142 188 12 136 186 12 140 140 178 115 24
    124 31 212 202 190 81 176 235 151 98 241 86 169 105 68 46 39 218 110
    80 158 85 40 167 231 191 144 144 143 74 207 67 11 60 79 61 232 51
    199 185 114 175 102 12 162 234 16 131 92 92 74 99 195 6 92 252 205
    75 123 100 214 223 75 207 2 211 160 55 202 216 100 4 104 40 110 107
    152 148 200 129 192 230 225 220 5 182 41 68 200 147 113 68 200 102
    231 248 103 85 96 131 213 247 128 32 151 231 177 249 76 109 48 243
    179 212 254 177 224 168 21 44 97 41 226 84 198 6 117 24 81 242 58 3
    253 54 169 29 98 228 68 60 55 23 228 63 170 214 221 236 250 232 120
    204 243 85 9 42 13 23 175 149 85 97 183 251 165 90 223 156 63 83 122
    155 238 212 152 125 50 91 167 143 110 13 231 175 103 194 151 162 242
    207 7 84 8 252 241 135 49 80 95 251 54 42 159 101 128 27 151 44 97
    237 148 84 222 53 186 115 1 44 194 43 210 38 18 9 140 170 213 135 13
    162 140 144 219 250 20 5 19 133 229 191 227 32 8 110 129 238 251 42
    120 82 133 47 94 84 80 31 194 145 250 74 49 74 67 193 201 38 22 149
    13 73 189 98 54 65 106 49 169 63 104 193 10 3 51 113 138 221 45 81
    175 119 50 139 37 226 10 63 169 127 247 177 191 126 194 9 228 164 49
    126 85 114 71 158 24 173 75 197 131 114 73 107 193 75 182 109 14 80
    243 204 61 78 76 199 26 26 254 106 177 87 174 207 32 135 8 253 115
    248 218 56 99 23 78 104 112 103 151 38 154 212 159 104 105 22 200
    140 222 56 199 129 22 196 236 179 47 76 87 166 171 17 234 55 82 147
    92 86 142 16 253 19 117 160 250 155 158 158 4 236 162 182 168 177
    111 178 244 245 131 83 40 90 89 223 157 129 47 136 222 163 51 135
    157 254 20 40 229 41 7 243 70 117 180 145 26 196 75 18 104 156 124 3
    195 65 176 162 38 143 175 158 129 81 84 191 79 111 112 181 208 244
    105 55 210 216 241 146 225 11 182 69 51 38 146 146 69 213 161 80 95
    227 232 157 86 92 152 133 7 147 243 197 231 32 165 101 251 151 250
    116 164 35 230 107 144 138 145 77 136 195 86 82 95 110 177 238 86
    125 214 113 74 36 122 116 35 2 104 213 164 200 115 110 162 219 106
    38 237 189 21 59 48 26 224 49 19 71 253 199 142 146 107 216 25 133
    193 112 39 170 12 9 182 30 60 85 144 23 202 123 37 244 24 156 229 69
    137 36 254 28 30 38 141 99 83 120 192 6 107 47 3 23 185 91 87 123
    217 232 185 122 140 46 81 173 69 114 162 181 209 180 149 137 28 59
    87 236 84 59 147 40 114 211 140 100 220 5 172 3 253 160 161 157 80
    175 100 99 215 100 70 15 119 59 10 75 146 81 126 220 219 35 45 66
    247 14 87 219 24 56 37 115 183 30 192 198 50 137 19 86 225 5 219 222
    206 122 171 37 220 209 253 105 86 185 189 53 33 161 7 203 80 40</data></test_img>
<my_img type_id="opencv-matrix">
  <rows>128</rows>
  <cols>256</cols>
  <dt>u</dt>
  <data>
    255 195 0 0 0 255 0 255 255 0 0 255 255 0 255 214 0 0 255 255 255
    216 0 243 0 255 255 0 0 255 0 0 153 255 255 123 255 255 255 255 255
    54 0 255 0 0 53 255 255 0 0 0 255 252 0 255 255 0 0 0 255 0 255 121
    242 255 255 255 0 173 0 209 255 226 236 255 0 65 0 255 0 152 8 255
    255 0 255 0 252 0 0 255 255 0 0 0 28 255 0 255 0 255 0 255 174 0 103
    255 255 0 255 0 255 255 0 255 0 0 255 255 0 0 55 255 133 140 255 0
    255 0 255 0 211 0 255 0 255 0 255 0 0 0 255 106 253 75 0 73 255 255
    255 255 0 255 0 0 12 23 255 0 255 0 255 211 0 0 255 156 133 0 255 0
    255 239 0 255 248 246 209 137 226 0 255 0 0 255 255 0 255 255 0 255
    0 255 0 0 19 255 0 255 255 255 0 197 255 255 255 0 255 0 0 0 37 0 0
    255 0 255 0 0 253 0 0 0 0 255 0 0 76 0 255 255 0 255 0 255 58 255 0
    52 255 0 255 0 31 0 255 255 115 255 255 255 0 0 255 3 255 0 255 255
    0 0 255 0 109 0 255 0 255 0 255 0 255 117 0 0 0 0 255 0 44 255 41 0
    94 0 97 0 255 0 0 0 255 0 0 200 255 255 255 0 0 255 255 234 255 218
    255 255 0 255 232 183 255 0 156 255 0 255 255 122 0 134 12 0 255 255
    0 0 0 0 255 21 0 255 0 38 155 255 255 0 255 0 31 255 255 255 255 0
    255 0 255 0 0 0 40 255 0 0 255 0 255 0 78 0 255 0 255 255 0 15 255
    97 255 255 255 0 255 255 0 248 0 255 0 255 255 255 0 6 255 0 43 0 0
    255 0 0 255 255 153 255 0 255 255 255 255 255 255 0 171 0 9 255 0 0
    0 255 0 0 0 255 0 2 0 0 255 255 58 255 0 159 255 0 82 255 0 255 255
    0 0 255 255 13 0 255 0 255 255 255 255 255 0 255 0 255 255 44 0 0
    255 0 255 255 0 255 0 124 255 0 255 226 216 255 255 0 255 255 255 0
    255 255 73 0 0 255 255 211 255 0 0 255 0 255 0 0 176 255 255 255 0
    255 0 255 0 0 255 255 0 0 255 0 0 255 0 85 152 0 255 80 0 0 89 255 0
    184 0 255 0 255 46 118 0 255 255 255 0 0 229 255 0 255 0 255 52 255
    158 191 255 255 0 154 237 232 0 255 255 255 206 0 0 255 0 0 255 255
    255 225 255 0 90 0 255 45 255 255 0 255 255 0 220 255 0 255 255 0 0
    255 0 255 0 0 128 255 155 0 255 0 0 255 0 0 255 0 0 0 255 255 255 0
    255 255 0 255 255 255 0 0 0 73 255 255 255 208 15 255 0 0 184 151 0
    255 0 0 255 76 255 199 185 230 30 0 255 225 118 102 0 255 255 0 255
    31 255 255 149 0 78 255 255 123 255 0 0 255 0 209 153 120 70 0 255
    255 255 255 255 255 0 154 255 0 255 255 123 0 227 24 0 127 0 0 255 0
    255 255 0 255 0 200 255 255 197 0 255 0 0 0 255 0 255 0 255 0 0 0
    255 255 0 0 255 0 255 0 255 211 255 27 255 255 33 139 94 255 0 0 157
    255 0 255 255 0 255 140 0 0 0 255 255 0 0 255 255 0 255 2 0 0 158 45
    177 0 255 255 0 255 95 49 0 167 0 0 0 255 255 0 95 0 255 0 0 145 255
    169 255 128 255 0 255 255 0 146 255 0 255 0 60 0 255 0 0 121 255 255
    255 0 0 176 0 255 0 0 255 255 0 255 34 255 0 255 255 0 156 255 0 255
    0 255 184 255 173 20 0 255 0 255 0 70 62 129 255 0 0 255 21 0 255 0
    0 255 255 0 0 185 255 0 255 41 255 0 255 255 60 255 0 0 255 0 255 0
    255 0 185 0 255 130 255 163 217 255 0 97 255 185 255 0 255 0 255 255
    9 255 255 255 0 0 255 0 3 255 0 255 255 0 255 0 0 255 0 182 0 0 0 0
    255 0 169 0 255 0 255 108 66 255 0 255 0 255 255 255 0 0 0 255 255
    39 255 120 255 0 255 255 255 255 255 255 0 255 0 255 0 0 114 255 255
    0 255 255 134 255 197 0 255 106 0 0 207 255 0 255 29 255 231 0 255 0
    233 255 255 255 255 0 242 78 255 0 255 0 0 0 224 255 0 255 0 255 0 0
    255 0 255 255 255 255 62 0 255 255 0 255 255 0 255 108 255 0 255 255
    255 78 0 23 255 0 255 255 0 255 255 0 255 255 13 255 0 205 0 0 0 255
    0 0 255 0 58 0 255 207 0 255 255 111 0 234 13 255 255 0 0 218 215
    255 198 160 255 0 255 0 255 0 255 0 0 255 255 173 0 16 44 0 125 0 0
    255 0 0 0 255 255 0 255 0 255 255 0 0 255 0 124 0 255 255 255 0 255
    0 0 255 254 0 255 255 0 255 108 255 0 0 255 255 0 0 0 255 0 255 0
    255 255 0 255 0 0 255 0 255 17 255 246 137 252 0 63 255 0 0 219 0
    167 0 37 255 255 255 0 0 255 0 174 0 0 255 255 255 120 74 0 255 255
    0 255 255 208 255 242 0 0 255 255 0 0 255 148 0 106 0 252 255 0 0
    255 255 0 227 0 255 255 176 255 0 0 255 0 255 255 251 0 247 255 255
    0 255 64 0 0 255 0 0 0 65 255 0 0 0 230 0 255 24 0 255 0 255 0 0 0
    255 0 148 23 255 0 255 0 255 255 0 255 142 255 0 0 0 210 0 0 255 255
    0 255 157 255 0 0 0 255 255 0 226 0 255 0 0 0 0 0 255 255 83 255 219
    0 0 255 0 76 0 255 255 255 0 0 255 255 255 255 255 20 255 134 255 0
    255 255 0 255 0 0 0 255 255 0 0 0 255 255 255 0 28 0 255 0 29 0 255
    225 255 0 0 50 0 0 0 255 255 255 255 0 255 124 255 205 132 0 0 176
    255 0 255 0 255 255 0 0 255 255 255 221 0 142 0 255 0 255 0 0 255 0
    0 0 0 0 0 0 255 0 0 250 255 0 12 255 0 0 255 0 0 0 85 0 0 255 255
    184 0 255 0 0 121 255 255 0 195 255 0 0 0 255 255 101 0 255 185 0
    115 0 255 255 255 0 0 0 0 250 132 113 255 0 199 255 0 96 255 255 0 0
    255 159 120 255 255 180 134 255 0 255 239 151 255 0 255 0 255 0 255
    0 0 85 255 255 220 255 0 255 255 0 87 0 192 0 51 255 0 0 255 0 0 95
    0 255 216 69 255 0 195 226 0 0 170 0 255 0 255 255 34 0 255 255 126
    255 0 255 255 255 255 0 255 255 0 84 0 255 0 255 0 0 43 0 0 255 13 0
    0 149 255 0 255 255 255 170 255 181 0 0 0 255 0 255 0 0 0 255 13 0 0
    0 185 255 0 0 160 18 255 255 0 255 242 0 0 90 255 255 0 0 255 255 0
    255 0 255 0 0 219 255 0 0 109 255 255 255 0 255 0 255 255 0 255 255
    0 255 0 0 0 255 255 0 0 255 255 255 0 255 0 255 0 255 255 0 0 255 0
    255 0 0 255 0 255 0 255 0 0 255 0 0 0 255 67 0 255 255 0 45 255 236
    160 255 255 0 255 255 88 0 148 0 0 255 255 0 128 235 255 0 255 0 255
    255 0 255 0 0 255 0 255 255 0 255 0 0 0 255 255 255 138 72 0 0 0 255
    177 180 0 0 213 117 0 78 0 222 0 0 193 255 0 0 255 218 146 255 0 255
    0 0 255 255 0 0 0 0 0 63 255 255 255 255 45 40 175 255 255 0 255 255
    229 255 70 162 255 255 0 0 255 255 0 15 0 255 95 0 0 255 255 116 120
    255 0 223 0 255 0 29 186 255 0 255 0 255 255 0 0 255 0 241 255 0 150
    255 0 0 0 255 203 0 0 225 255 0 255 255 0 255 0 115 0 0 255 255 0
    255 0 255 255 255 0 147 255 255 172 0 255 0 255 255 255 0 0 255 255
    0 0 0 0 32 99 0 255 0 0 255 232 255 0 109 0 0 0 255 49 255 255 0 0 0
    250 0 255 0 148 255 0 79 255 255 0 0 255 0 0 0 255 0 0 255 255 255 0
    0 0 165 0 0 255 0 0 211 0 255 0 255 147 0 58 0 0 0 255 0 255 198 255
    255 255 0 255 175 151 0 255 255 0 255 0 135 255 0 0 245 134 109 255
    255 255 0 52 255 0 255 0 255 76 255 0 0 255 0 0 216 81 255 0 255 0
    205 236 190 255 0 0 255 0 184 255 255 255 255 255 15 255 0 0 179 255
    134 0 26 0 255 0 255 0 221 0 255 255 0 255 0 255 255 125 0 0 255 255
    191 0 255 255 0 0 0 194 255 0 255 0 255 0 255 0 196 0 131 0 126 0
    168 0 0 198 255 255 255 208 0 198 114 0 255 0 222 28 46 255 0 255
    255 47 0 255 0 255 255 255 0 255 0 255 235 255 255 165 37 255 255
    139 0 0 255 0 255 0 255 0 0 0 255 255 255 0 255 255 0 0 255 0 0 0 0
    255 0 255 0 255 36 192 212 0 255 0 255 255 255 107 255 255 255 255
    107 0 0 227 113 16 255 0 106 182 255 0 228 221 198 0 0 44 255 255
    255 255 181 0 52 139 255 255 0 0 253 255 255 0 25 255 0 0 255 0 0 0
    174 0 255 0 255 0 255 255 255 0 0 255 0 255 0 255 0 255 255 255 125
    0 255 255 0 0 255 0 255 24 0 255 0 255 255 65 173 191 0 121 255 255
    255 0 255 0 255 0 205 255 121 255 255 141 255 38 22 255 255 162 255
    0 255 255 0 255 0 255 255 0 0 0 255 223 255 255 59 0 0 0 0 0 116 0
    255 255 0 255 0 255 0 255 0 158 255 0 255 18 0 173 255 255 0 255 0
    216 255 255 0 0 255 255 0 255 93 255 255 59 0 245 0 255 0 255 0 255
    255 0 255 255 0 173 255 255 239 0 28 0 0 45 149 255 255 255 0 255 0
    0 255 0 255 226 134 0 0 255 255 0 0 255 0 255 107 0 0 0 0 255 0 0
    158 255 207 0 0 255 0 255 0 0 255 255 0 0 0 255 0 0 255 0 255 255 0
    255 0 255 255 212 209 255 66 255 0 0 46 255 255 0 255 0 77 0 255 0
    255 0 255 255 0 255 255 255 0 212 255 0 0 78 255 0 115 0 255 215 0
    42 0 228 109 243 0 0 37 0 255 255 0 0 255 0 0 255 255 0 255 194 255
    255 0 255 3 255 0 117 0 255 0 0 255 0 255 0 255 255 0 0 255 255 255
    206 255 162 0 255 0 255 255 0 255 0 255 0 0 119 0 0 209 0 163 255 0
    0 0 255 0 0 255 0 255 255 0 0 207 116 0 255 255 0 0 178 255 255 0
    255 0 255 255 255 181 10 0 255 255 255 0 255 91 255 0 0 0 54 255 255
    0 0 0 92 255 0 134 255 0 0 255 255 0 0 0 255 255 0 255 255 133 0 54
    0 0 0 199 0 0 0 164 255 255 255 255 0 0 255 0 255 0 255 0 0 255 0
    255 255 255 229 219 0 0 0 255 0 255 0 255 255 0 255 0 255 0 0 255 0
    0 255 71 159 0 0 0 255 0 0 33 0 255 0 255 0 255 0 255 0 199 255 255
    0 255 0 0 255 255 0 0 233 255 216 255 0 255 34 255 0 53 0 70 0 0 255
    255 255 0 255 0 255 206 0 119 255 76 255 0 0 255 0 28 151 0 0 79 0
    255 0 202 59 0 0 255 255 255 0 0 255 203 0 255 0 255 0 255 255 0 0
    255 255 0 255 0 255 0 27 245 99 0 0 254 152 255 0 255 0 0 255 145
    255 0 255 0 0 255 0 0 255 98 93 255 0 255 0 255 0 255 0 255 255 255
    255 255 0 255 0 255 0 0 255 0 156 210 98 0 255 172 129 0 255 0 0 255
    255 0 0 255 0 0 255 255 255 0 0 255 0 168 255 150 0 221 255 0 54 0 0
    255 255 255 255 0 255 98 0 255 0 255 255 255 0 255 255 242 0 255 0 0
    0 255 0 255 255 0 255 0 0 0 255 0 0 255 60 80 255 240 100 155 255 0
    35 0 255 0 255 0 0 0 255 255 255 64 226 0 0 255 0 0 0 255 255 0 255
    0 255 255 252 255 0 255 0 255 255 0 255 255 0 0 255 133 44 255 0 124
    255 255 73 0 0 0 255 255 0 86 255 220 255 54 255 255 0 255 0 255 0
    255 0 0 0 0 255 169 232 0 3 0 255 0 255 0 0 0 0 213 0 255 255 0 255
    0 180 0 38 0 255 0 255 255 255 255 255 0 255 0 0 150 0 255 255 255 0
    0 115 255 0 0 255 255 255 228 255 0 0 255 0 255 89 0 63 0 0 255 255
    255 255 0 255 15 0 0 255 0 0 240 255 255 0 255 255 0 0 255 16 255 0
    255 206 0 255 0 0 0 111 186 0 0 255 255 0 0 0 0 0 255 234 0 0 201 0
    255 255 255 255 0 0 0 0 255 0 0 72 0 209 0 255 255 0 255 0 0 255 0
    255 0 255 0 255 255 101 0 255 255 255 0 0 39 0 255 99 255 0 255 255
    0 255 0 255 154 255 255 219 0 255 255 255 0 45 0 255 255 255 255 192
    237 212 180 255 255 0 255 0 255 66 61 124 160 120 137 255 0 0 255 0
    255 0 246 0 255 55 255 0 255 255 255 255 0 255 181 255 0 255 255 0
    255 255 0 0 0 7 0 255 0 255 255 0 0 255 255 0 255 0 0 255 255 0 255
    178 42 255 0 255 129 0 255 255 0 255 0 255 13 255 0 0 255 215 0 255
    255 0 255 255 255 255 255 131 255 0 110 255 15 155 255 138 255 0 255
    255 255 255 0 221 0 0 255 0 0 0 0 255 0 255 0 255 0 0 0 143 0 144
    255 0 255 255 255 0 0 139 0 255 0 152 0 0 255 0 255 255 255 0 0 26 0
    107 0 221 255 0 242 0 131 51 57 0 228 79 255 0 255 0 0 255 255 0 137
    139 255 0 255 0 0 255 255 0 255 0 255 255 255 0 0 255 255 255 0 255
    184 0 0 0 211 255 255 0 0 0 255 167 0 255 255 112 0 255 0 15 110 0
    255 0 0 0 255 0 255 0 249 0 0 219 0 142 0 255 255 14 165 255 209 0
    143 255 0 255 255 0 0 162 0 255 0 0 255 0 255 171 255 0 255 72 124
    182 0 0 0 0 255 255 40 0 255 107 0 255 251 255 0 255 0 255 0 0 255
    255 0 226 75 0 255 0 0 144 159 0 126 0 81 0 0 255 255 0 0 252 255
    230 255 175 0 202 8 255 255 0 255 223 0 255 0 86 0 132 0 255 0 0 255
    0 0 220 0 0 255 255 255 0 180 0 52 255 255 0 255 255 0 0 255 255 255
    0 255 112 0 255 45 248 255 159 0 255 165 255 0 255 255 0 255 255 0
    120 0 255 255 0 255 0 255 0 131 255 0 255 0 255 255 0 255 255 0 0
    255 0 255 0 0 255 0 255 0 255 255 0 167 73 0 255 255 0 255 0 255 195
    0 246 255 255 0 231 0 255 0 255 255 255 0 143 255 0 35 255 0 255 30
    255 0 56 255 0 222 255 255 62 0 255 255 68 255 0 103 0 255 255 255
    255 195 255 255 0 18 0 255 255 255 0 0 255 0 0 0 0 255 100 0 255 0 0
    217 196 255 255 0 255 153 255 255 0 255 255 255 0 0 0 255 255 0 255
    57 255 255 0 0 0 0 0 255 0 68 255 0 255 0 51 94 106 255 0 0 0 255
    255 136 255 0 255 201 22 0 42 255 255 0 0 255 0 255 255 255 255 255
    0 255 0 50 255 0 149 0 92 255 0 255 0 255 255 224 255 0 255 106 255
    19 255 0 172 0 255 255 0 255 255 0 255 0 255 0 255 0 255 0 0 255 255
    0 255 255 26 255 0 245 45 255 0 0 255 255 109 255 82 54 0 164 255 0
    255 0 255 255 255 0 255 0 0 255 0 255 0 0 255 0 5 0 255 255 0 255
    255 0 255 210 0 255 0 255 0 0 255 255 0 255 0 173 77 0 255 37 0 0
    171 255 255 0 0 137 255 0 250 28 255 0 255 255 231 0 255 255 171 0
    255 30 0 0 134 255 255 59 0 0 0 255 255 49 255 0 255 255 0 255 0 255
    52 0 255 0 255 0 0 255 255 0 255 0 255 0 255 0 255 255 0 0 255 0 0
    255 0 38 255 255 0 0 126 255 4 255 0 255 255 0 255 255 255 127 0 255
    255 0 0 255 0 239 0 255 0 98 0 255 0 255 255 0 0 255 0 0 255 195 0 0
    255 255 0 242 255 210 195 0 0 255 154 0 255 0 255 255 0 68 0 0 243
    255 255 255 0 255 0 255 0 255 0 255 0 255 255 0 255 0 255 0 0 255
    122 255 255 0 74 109 255 0 255 0 255 0 0 255 0 0 0 0 255 0 145 170
    37 0 155 255 0 151 0 255 0 255 0 248 248 212 0 0 0 0 0 255 0 0 255 0
    210 255 18 244 0 172 0 191 253 255 40 0 44 255 0 255 0 38 251 255 0
    255 0 0 255 255 44 255 0 255 151 218 139 0 255 0 0 0 206 0 161 124
    255 255 255 0 101 255 18 0 199 213 255 255 0 255 0 67 0 0 154 255
    125 0 255 0 0 97 255 0 0 148 255 255 255 255 0 172 255 0 255 0 255
    173 0 255 0 0 255 0 0 255 13 0 255 255 0 0 29 0 255 0 0 255 0 0 255
    0 2 255 0 0 0 164 0 255 255 0 85 228 255 122 255 92 255 255 151 255
    0 0 255 0 255 0 255 0 6 255 255 0 7 255 255 255 0 255 0 255 255 17
    255 0 75 0 255 255 0 255 34 255 255 241 255 255 0 255 0 0 255 0 28
    82 0 255 255 0 255 0 0 125 255 255 0 63 54 181 255 255 0 96 0 255
    255 255 255 0 255 0 255 255 255 0 255 0 255 255 0 255 0 8 255 7 226
    255 0 0 255 255 110 255 0 148 255 255 93 99 255 255 0 255 255 255 0
    255 0 0 255 255 0 0 0 0 255 93 255 0 255 255 0 255 2 0 214 255 0 0
    255 0 255 64 54 174 0 0 0 255 0 255 0 42 255 255 0 255 255 255 255 0
    255 255 198 0 0 255 255 255 29 255 0 0 0 255 255 255 255 255 255 255
    0 0 255 255 0 0 0 255 0 0 0 0 255 255 0 255 0 255 0 0 20 255 19 0
    255 0 154 0 0 255 141 198 0 255 255 255 0 255 8 223 255 255 255 255
    255 0 255 0 255 255 0 255 0 0 255 0 54 255 0 255 255 0 112 80 0 255
    255 0 0 255 255 255 255 0 0 255 255 255 255 255 0 0 0 255 255 28 255
    255 0 0 255 0 255 207 255 0 0 255 255 0 0 0 255 0 255 0 0 255 0 255
    227 156 0 0 79 255 255 125 0 0 0 0 255 81 0 255 255 0 255 255 0 255
    0 255 0 255 255 0 181 163 0 76 0 255 185 5 0 255 255 0 255 255 148 0
    171 255 0 255 94 255 255 0 255 37 0 255 255 255 0 255 246 0 255 255
    0 0 255 0 156 0 255 255 0 0 120 0 1 0 255 255 0 109 255 0 0 255 29
    177 255 0 91 120 255 244 255 226 255 0 0 255 0 189 255 255 8 0 0 0
    255 255 142 255 255 255 118 255 255 0 255 0 169 255 253 0 113 88 91
    255 0 255 255 0 0 0 195 255 255 255 0 240 0 255 127 54 237 255 255
    255 0 255 255 0 255 255 0 255 0 234 0 255 255 0 255 255 255 255 29 0
    227 255 0 0 0 145 0 91 255 0 255 255 239 255 255 0 255 0 0 255 255 0
    0 0 0 255 255 0 255 255 0 255 0 255 255 0 255 0 0 0 255 0 0 0 255
    255 47 186 255 0 0 255 0 0 0 255 0 219 255 255 157 0 0 16 0 0 255
    255 255 255 0 255 255 0 255 0 0 235 255 0 238 255 0 255 0 255 0 0
    255 0 255 255 35 55 0 0 255 255 0 0 2 255 255 37 0 0 255 0 255 0 255
    0 130 255 0 255 0 255 17 160 50 255 0 0 160 0 0 255 0 255 158 0 255
    126 0 255 37 0 255 7 255 114 255 24 0 0 255 0 255 159 0 0 74 255 129
    0 255 0 255 0 0 255 255 255 93 176 255 0 255 255 255 0 255 0 106 255
    0 255 255 255 0 255 0 255 177 0 255 0 255 0 0 219 255 232 255 255 0
    0 255 192 81 0 0 0 0 255 0 255 0 50 69 255 114 255 5 0 255 125 112
    255 0 255 255 61 0 36 255 255 255 50 0 255 164 0 0 0 255 255 123 2
    255 0 0 0 0 150 0 196 0 255 0 0 0 173 255 220 0 35 0 255 0 255 255
    255 0 255 255 0 122 149 233 255 0 255 255 255 255 0 0 255 0 0 255
    127 74 0 0 255 0 255 234 51 0 255 255 125 255 255 90 155 255 0 216 0
    255 0 255 255 255 229 255 0 255 0 246 255 255 255 255 255 255 255 0
    0 255 33 0 0 255 0 255 255 0 255 124 255 0 0 255 188 114 0 255 255 0
    203 255 0 0 255 117 255 0 30 89 255 255 0 255 255 0 255 255 255 0
    255 0 255 0 0 0 255 255 0 255 224 255 0 0 255 0 255 158 215 255 0 0
    255 0 255 172 0 255 255 0 255 0 0 184 0 255 15 255 178 255 0 46 224
    0 0 91 124 0 255 155 0 255 255 0 255 255 0 255 130 19 0 0 0 255 53
    55 7 255 0 255 0 0 0 0 255 0 0 38 255 0 255 0 255 0 255 0 0 255 255
    0 0 112 255 255 0 255 0 50 255 255 0 255 238 207 255 86 0 105 255 0
    255 0 107 0 255 255 128 138 160 0 0 84 0 0 255 255 0 0 255 0 0 0 255
    0 255 255 0 255 0 255 10 81 255 255 0 255 207 255 255 255 0 255 0
    255 0 255 255 0 255 145 0 0 255 255 0 0 0 38 255 0 105 255 0 255 47
    255 16 201 255 35 255 255 0 0 255 255 0 232 191 0 255 255 255 0 255
    175 255 0 0 0 191 0 255 0 57 255 131 103 255 255 0 216 0 255 255 0
    115 0 108 255 255 0 0 121 148 0 0 42 101 0 165 0 255 0 255 0 127 255
    0 255 0 0 255 255 0 210 0 0 255 0 254 255 0 0 255 255 0 255 0 255
    255 255 0 255 255 0 250 0 255 255 255 35 0 206 0 0 0 255 255 255 0
    184 255 0 255 255 255 0 255 0 0 255 255 0 169 255 0 23 193 255 227
    255 0 255 255 255 27 255 0 192 0 255 255 0 105 208 255 80 75 58 255
    0 0 0 255 255 0 255 0 255 0 35 0 255 74 0 0 198 134 255 0 255 95 0
    255 0 255 255 0 255 255 0 255 255 0 255 68 0 0 67 0 0 38 0 255 0 255
    255 255 0 0 0 255 39 255 55 255 92 253 170 255 255 0 0 0 255 1 255
    184 0 255 255 0 0 255 5 255 0 121 255 255 0 255 0 0 255 71 0 173 0
    109 190 206 255 0 255 171 255 132 0 255 255 0 255 0 227 255 0 214 0
    255 255 0 255 255 255 0 0 255 139 238 0 0 255 255 0 0 255 0 255 0 12
    255 255 0 255 0 255 46 255 255 0 0 255 0 0 255 0 255 0 35 0 255 0
    255 0 255 0 255 0 255 255 0 255 0 255 0 255 0 255 0 255 69 0 188 0
    97 255 0 0 0 255 255 0 0 255 0 0 255 255 0 255 255 255 0 0 0 255 255
    0 68 255 0 255 0 0 0 50 255 0 255 0 255 232 0 255 255 0 255 127 61
    255 133 118 0 255 255 0 0 255 0 255 255 0 255 0 255 27 255 0 255 255
    0 0 14 0 0 255 30 255 255 0 66 0 255 255 0 255 255 0 255 3 0 0 255 0
    255 255 0 255 255 0 255 255 76 255 0 222 0 255 0 255 0 0 0 255 0 0
    255 255 66 0 176 255 255 0 255 255 200 255 0 255 255 0 0 60 0 255 0
    0 0 0 255 0 147 255 0 255 0 0 207 255 0 151 255 255 0 73 255 197 255
    243 0 255 255 0 255 232 245 118 255 0 0 0 0 255 255 0 255 0 243 205
    0 255 0 255 0 61 0 255 0 255 0 255 0 255 83 0 0 0 0 180 0 0 37 255
    255 251 0 0 0 255 255 0 3 0 255 255 0 0 120 255 255 141 255 0 34 176
    255 255 12 255 255 240 0 255 0 255 0 255 0 149 0 255 0 82 255 255
    128 0 255 15 255 82 255 91 0 0 255 255 0 47 0 255 13 0 255 189 0 255
    255 0 255 0 61 0 253 101 255 0 255 0 0 0 255 255 255 0 255 0 0 0 255
    216 255 0 247 255 0 241 0 0 0 221 0 31 255 0 43 110 255 0 163 161 0
    255 0 255 255 10 0 255 0 0 255 0 255 0 0 255 23 0 233 0 255 0 255 0
    255 0 255 255 255 0 195 0 0 0 255 0 255 55 0 0 0 242 255 255 1 0 138
    140 255 255 0 0 54 255 0 255 0 255 255 255 255 0 255 255 255 0 221 0
    0 62 230 0 255 114 217 0 255 0 255 0 0 255 255 255 0 255 0 0 255 255
    0 255 0 0 255 0 255 255 0 0 255 0 0 255 0 255 255 0 0 255 118 0 255
    0 255 255 209 255 0 231 0 255 255 0 255 218 255 0 0 255 255 0 255 0
    103 190 255 255 0 255 255 0 255 0 76 255 255 0 0 255 255 255 63 255
    108 255 0 0 255 0 255 0 255 0 150 61 255 0 255 255 0 255 255 0 63
    117 255 0 255 164 255 0 255 255 42 255 255 76 0 0 0 255 0 233 0 255
    0 255 0 255 0 255 255 0 255 0 0 168 255 255 70 0 255 0 0 255 0 78
    255 185 0 155 0 117 255 0 0 255 255 0 255 255 255 255 187 255 0 255
    255 255 3 255 0 255 255 0 18 114 87 0 238 0 0 161 3 0 255 0 0 35 255
    255 255 0 245 255 255 0 255 219 0 255 255 0 177 255 0 255 0 255 121
    179 255 0 0 255 127 255 0 255 0 255 173 255 255 0 0 255 0 255 0 255
    255 0 255 0 255 62 5 0 255 52 191 218 0 0 255 106 255 0 0 255 15 226
    255 255 144 102 66 0 255 255 255 0 255 0 0 255 0 0 255 0 255 0 255
    209 255 0 70 255 132 0 255 0 100 255 0 0 255 255 255 255 0 0 255 55
    224 255 0 255 0 48 0 5 31 255 255 0 255 255 0 255 0 46 255 199 0 255
    0 255 38 255 0 0 255 0 37 255 0 255 0 255 0 0 255 0 255 0 68 0 0 182
    255 255 118 44 0 0 243 255 165 0 255 0 255 255 158 0 0 255 47 255 0
    255 0 255 0 173 0 255 0 255 0 26 255 0 255 0 255 220 255 0 0 0 255 0
    255 255 28 255 0 255 255 0 0 255 33 0 255 255 255 255 112 0 255 30 0
    255 192 255 0 255 255 0 252 31 83 18 0 0 255 0 255 0 0 18 0 26 255
    176 40 255 255 142 255 0 255 0 255 241 14 255 0 255 255 255 0 0 255
    255 0 225 0 136 163 92 255 0 255 0 255 0 255 195 0 0 0 255 0 255 255
    0 255 0 255 255 99 0 0 0 0 0 246 94 255 255 0 0 255 119 122 255 64
    255 0 255 0 255 0 255 0 255 255 0 255 13 158 255 0 255 0 0 0 140 255
    255 0 255 108 0 0 255 252 0 255 255 0 255 0 149 0 255 0 255 0 0 255
    132 112 255 230 0 255 255 57 45 0 255 0 255 0 0 0 0 255 0 66 0 255 0
    225 255 0 173 255 0 255 255 141 255 0 0 255 255 255 0 255 0 255 255
    2 29 0 255 251 0 255 201 0 255 255 255 0 255 255 0 255 255 0 43 0
    255 239 255 255 255 0 0 255 0 197 0 0 255 97 181 255 212 255 0 27 0
    215 0 255 96 255 85 255 0 255 255 250 255 48 255 0 255 255 0 0 255
    142 0 255 0 238 255 0 255 90 0 255 251 0 255 0 0 70 0 0 255 255 0
    255 33 128 0 131 255 182 0 255 255 0 255 0 0 0 255 0 255 255 0 0 255
    255 47 189 255 255 61 190 255 0 255 211 255 143 0 255 0 0 255 255 0
    0 31 255 0 255 255 255 85 255 0 0 255 0 0 255 0 255 179 255 185 0
    255 0 208 0 255 0 33 255 0 255 255 0 255 0 212 255 255 0 0 234 53
    255 255 255 0 255 0 0 38 0 115 255 0 251 175 0 255 0 255 189 118 196
    255 255 0 255 255 92 255 0 255 0 255 0 255 0 255 14 0 0 0 0 255 72
    35 255 255 0 0 0 255 0 0 255 0 55 209 255 235 255 255 0 250 195 0
    255 255 0 255 0 32 115 255 255 0 8 255 0 255 214 255 0 62 0 255 0 0
    255 0 255 0 9 226 255 135 0 0 0 0 255 0 255 255 0 255 0 0 231 255 0
    0 255 255 0 0 255 10 0 255 0 255 255 0 141 0 0 255 0 39 0 117 255
    255 255 137 0 38 255 0 255 0 153 0 67 255 255 0 233 255 255 0 0 107
    255 179 255 0 255 124 0 255 0 255 255 0 255 255 0 0 255 255 255 0 0
    255 0 255 255 232 255 255 0 0 255 0 213 255 0 87 0 0 255 0 255 0 0 0
    0 164 255 10 255 255 60 158 109 0 255 0 255 227 255 255 0 255 0 255
    0 255 186 255 0 255 223 46 255 0 255 255 255 0 1 0 113 255 255 255 0
    62 0 255 0 255 0 0 255 255 0 0 255 0 0 0 255 0 255 255 0 255 255 0
    45 255 46 0 255 0 255 255 0 255 255 182 174 255 0 255 0 232 0 3 255
    0 255 0 0 0 255 0 255 0 255 0 255 0 37 255 255 0 0 255 0 0 49 255
    162 0 76 255 0 0 241 0 255 255 0 0 0 255 0 0 0 0 255 0 255 255 0 255
    0 0 51 255 0 0 0 232 255 0 255 229 211 255 0 255 201 0 0 70 255 97
    255 255 255 15 53 255 255 0 255 255 0 255 0 255 174 42 0 199 0 255 0
    38 255 0 255 0 70 255 0 255 0 129 0 0 255 0 0 255 255 0 255 148 0
    255 0 255 0 255 0 255 0 255 255 0 14 255 0 255 0 0 255 0 255 255 255
    255 0 255 122 0 132 123 165 0 0 61 255 255 0 179 255 0 215 0 0 255
    184 0 0 255 255 36 101 255 255 255 0 255 0 255 17 219 255 0 0 0 239
    0 0 0 255 255 255 0 255 255 0 0 255 61 0 0 35 255 255 0 255 0 0 255
    255 255 49 0 251 255 118 0 255 0 134 127 255 255 0 0 197 0 0 255 203
    0 255 16 0 0 255 255 255 94 255 0 10 86 0 255 0 255 159 115 0 0 255
    0 255 0 113 0 206 0 255 255 0 0 255 255 0 84 0 240 255 0 255 0 101
    122 0 125 255 255 0 32 255 0 255 144 255 70 0 255 255 0 138 255 53 0
    172 0 255 0 244 255 159 38 255 0 0 255 0 200 255 191 255 0 255 15 0
    255 255 200 255 0 0 255 0 0 255 255 0 255 255 7 108 98 255 244 0 255
    74 97 47 255 0 255 220 245 255 255 0 255 0 255 21 255 255 73 255 0 0
    255 255 255 255 59 0 249 255 0 69 94 255 53 0 0 0 91 0 83 255 255 0
    0 255 0 0 255 0 0 0 0 255 255 48 0 255 0 0 248 255 0 22 0 255 246 0
    255 255 0 255 255 0 68 0 255 255 0 255 193 91 0 255 173 0 200 255 0
    255 0 0 0 189 0 0 255 255 199 255 0 0 255 87 255 0 255 255 255 0 132
    0 0 255 0 131 0 0 255 255 255 139 0 255 255 0 255 255 0 0 255 0 96
    255 0 186 255 97 255 255 0 67 21 210 53 0 255 0 0 0 255 0 0 255 255
    0 28 0 255 255 238 255 255 0 11 0 0 0 255 90 0 255 255 0 255 255 0 0
    255 214 0 255 0 0 174 0 0 255 0 255 0 152 0 211 0 0 0 225 0 0 218
    255 0 255 0 255 0 255 255 0 175 0 158 0 139 94 255 255 242 0 255 0 0
    255 109 255 255 115 0 0 0 255 0 0 255 83 0 255 240 0 0 255 0 25 255
    0 114 0 0 255 0 3 255 0 0 255 255 0 255 34 63 90 0 255 0 0 0 255 255
    0 180 0 255 0 109 0 255 0 255 0 255 0 0 255 255 145 255 0 0 0 255 0
    255 255 188 255 0 0 0 255 255 0 0 255 0 255 189 113 0 255 0 0 255 27
    110 255 155 0 0 254 255 89 0 0 255 0 158 64 255 255 154 255 0 0 255
    0 255 45 255 255 0 0 255 255 0 53 255 0 110 255 0 0 255 0 255 0 255
    184 255 0 244 255 0 255 0 255 0 255 255 255 255 0 152 255 0 255 0
    255 43 0 226 255 0 0 0 255 0 255 198 0 255 18 0 0 197 0 255 255 0
    255 255 255 21 255 255 53 255 0 255 0 14 166 255 151 19 0 2 0 255 0
    255 255 0 255 0 245 0 0 255 0 4 0 255 255 255 255 181 0 156 255 255
    255 154 0 0 177 255 255 255 0 0 255 255 0 255 0 255 49 255 0 0 0 255
    0 0 255 0 255 255 0 255 255 0 0 255 255 0 72 101 0 0 255 0 255 255
    255 255 255 0 255 255 0 255 0 255 0 172 0 0 255 194 255 0 255 0 0 64
    0 0 255 255 0 0 255 0 0 0 255 255 0 255 255 203 0 0 38 0 255 0 69
    255 255 255 255 0 255 0 255 0 59 0 255 17 129 94 255 0 255 233 0 255
    84 255 250 240 255 0 255 255 0 255 0 255 0 255 0 37 255 255 0 255 91
    28 0 0 255 0 255 0 226 255 0 255 255 0 0 255 0 255 255 255 255 129
    255 0 0 79 51 255 255 0 204 131 255 0 187 234 0 255 255 0 0 0 0 255
    0 255 177 255 255 56 255 142 0 255 0 255 255 0 255 0 190 0 255 255 0
    255 0 255 0 0 0 161 0 255 255 255 0 255 0 255 0 255 0 255 0 0 0 118
    0 113 255 255 255 0 246 5 0 0 0 255 164 11 255 0 0 0 0 255 0 0 0 255
    199 188 255 255 0 121 255 0 255 0 255 0 255 0 0 0 255 255 18 0 255 0
    255 0 105 97 255 0 255 255 255 0 255 225 255 0 255 255 65 255 0 218
    0 95 0 255 30 255 0 0 255 52 0 255 82 0 0 127 255 0 0 255 0 0 0 0
    255 0 255 255 0 176 0 255 0 0 0 255 0 255 0 0 0 0 255 0 0 255 0 0
    255 0 255 0 255 0 255 255 0 27 255 244 255 0 0 0 0 255 0 255 0 255
    255 0 255 0 255 255 224 255 0 255 0 8 0 0 255 0 255 255 0 0 255 255
    127 255 255 255 0 11 208 0 0 114 0 212 255 166 226 0 255 255 255 0
    255 0 255 0 255 255 255 0 0 119 0 255 0 143 134 69 241 255 255 188 2
    177 0 255 255 0 170 0 255 10 0 255 255 0 0 0 0 0 251 0 255 255 255 0
    0 0 255 255 0 255 115 0 0 255 206 0 255 255 255 255 0 255 0 0 0 0
    255 0 255 255 255 84 255 0 255 255 0 25 255 0 0 0 255 255 255 33 255
    255 130 0 239 149 0 0 255 51 0 254 147 255 202 0 255 0 255 0 55 255
    0 173 255 255 0 255 0 218 255 0 255 255 0 0 143 206 255 255 255 61
    255 0 255 18 34 255 0 0 39 255 0 255 255 0 0 207 255 0 73 186 0 0
    231 0 0 255 255 0 255 0 255 0 0 255 0 0 255 255 213 255 255 34 0 6
    255 156 255 65 0 255 0 0 255 222 0 255 0 255 0 42 255 0 255 0 255
    255 0 98 0 138 0 255 255 255 0 0 0 255 255 255 0 0 255 148 0 225 72
    255 255 255 0 255 255 255 255 0 255 0 255 255 51 255 0 255 0 249 0
    206 255 255 0 255 152 255 0 255 255 0 255 255 0 255 0 0 255 0 0 217
    255 255 0 0 134 152 0 255 255 172 0 255 0 255 0 255 0 0 124 0 0 255
    187 0 0 255 0 255 255 112 255 0 0 255 255 255 0 68 0 0 0 255 0 255
    255 123 0 0 255 255 0 255 155 0 0 132 255 0 0 0 40 0 178 255 0 255
    255 0 0 188 0 255 0 0 0 0 255 0 0 163 255 194 0 68 55 255 255 0 255
    255 255 0 255 215 0 255 255 0 136 0 255 44 0 255 0 255 0 255 255 7
    255 0 177 0 255 0 224 0 255 0 24 255 0 255 0 255 0 255 0 0 9 0 255 0
    18 68 0 138 255 0 0 0 0 0 0 255 255 0 195 255 0 255 255 0 255 255
    255 255 255 0 255 0 255 255 255 0 255 0 255 0 216 111 28 0 0 255 255
    0 255 255 255 0 255 255 255 255 0 231 0 255 255 255 0 223 0 255 0
    255 182 0 0 0 255 102 255 0 255 0 255 0 255 0 255 0 0 0 47 135 0 0
    255 0 255 255 255 255 255 155 255 0 255 255 255 255 255 0 98 0 255 0
    159 0 255 0 255 255 0 255 173 255 255 57 0 0 255 0 80 255 0 255 0
    255 102 0 0 248 255 0 255 255 147 0 255 0 255 0 0 0 115 255 255 80
    255 255 0 0 255 255 255 114 0 255 255 255 255 255 255 0 255 0 0 255
    255 0 255 0 255 0 255 255 255 0 0 255 0 255 0 0 255 96 255 0 255 22
    0 0 255 0 255 0 255 255 0 255 255 255 255 0 255 222 196 0 255 0 0 0
    255 0 0 255 255 104 255 255 155 0 255 0 0 182 243 0 255 0 255 1 0
    255 11 0 0 255 181 255 0 160 255 132 255 121 0 92 255 0 144 255 168
    0 0 255 0 255 255 255 0 255 255 255 255 128 255 0 0 255 0 40 0 122 0
    255 0 128 0 255 0 0 255 180 64 255 0 0 255 0 0 142 137 171 255 194 0
    255 255 255 255 181 0 255 0 0 0 0 0 0 255 0 46 110 255 255 0 255 255
    0 0 255 56 0 0 0 255 255 0 255 0 255 255 255 0 255 255 255 20 0 0
    255 0 255 0 0 255 0 0 0 150 63 0 0 0 16 0 255 255 255 255 0 255 0
    214 255 0 206 0 255 211 255 255 0 255 255 0 255 0 250 159 0 255 0
    255 255 255 255 36 255 0 0 255 0 255 255 164 255 0 255 0 0 0 255 0 0
    255 255 28 0 0 255 112 0 27 255 0 124 231 85 0 183 255 0 0 236 248 0
    255 0 0 255 0 255 255 0 255 255 255 101 255 0 0 255 86 255 255 0 146
    255 100 255 255 0 255 255 92 0 0 255 0 0 0 91 150 224 0 255 0 255
    255 0 234 69 0 0 255 255 255 255 0 255 0 255 255 242 174 0 255 0 255
    0 255 0 0 255 200 0 0 0 255 0 22 0 255 255 71 0 0 255 140 41 255 0
    255 0 0 255 255 0 0 255 0 0 255 0 255 0 255 255 57 0 255 0 0 255 255
    120 0 0 255 255 255 231 0 0 255 255 0 255 0 0 255 189 80 0 252 0 255
    0 255 255 0 255 255 255 255 13 0 0 255 0 255 0 255 0 255 0 0 255 79
    255 0 85 255 0 199 0 118 0 255 223 255 0 255 0 255 0 255 0 255 155 0
    0 255 125 255 145 255 255 255 0 125 0 0 0 0 255 226 0 255 158 193 0
    255 0 0 255 0 255 0 0 255 0 255 255 15 0 255 126 227 255 0 0 0 0 173
    0 255 0 255 0 255 0 255 119 255 0 35 0 255 0 0 0 0 255 255 0 0 36
    255 0 26 255 0 81 0 255 55 255 255 0 255 0 0 255 255 255 255 0 255
    255 0 0 40 0 0 214 255 0 0 255 0 255 255 0 255 0 0 0 255 255 0 47 0
    255 160 255 0 0 255 0 97 0 0 0 255 255 0 255 255 0 87 255 0 255 191
    180 0 0 0 255 122 255 0 120 0 255 255 0 255 0 0 0 255 255 0 0 255 0
    255 0 255 24 255 0 231 96 255 141 0 255 0 0 0 255 0 255 0 255 255 0
    255 255 0 255 255 0 0 255 0 198 29 255 184 0 255 0 219 0 255 159 255
    255 0 0 0 255 0 255 255 0 0 255 0 255 0 0 0 0 255 0 0 0 255 0 0 70
    255 255 0 255 0 255 187 0 255 184 255 255 255 0 0 0 137 255 0 255 0
    255 0 255 192 88 255 255 255 59 255 255 0 0 255 0 0 42 0 226 0 255
    255 25 255 0 255 255 0 55 234 255 0 205 255 0 255 0 255 0 255 255 0
    255 255 0 126 93 0 0 85 0 255 255 0 0 255 180 0 255 0 0 255 255 255
    255 255 0 255 255 255 0 255 255 0 0 255 255 255 49 62 0 204 0 255 0
    255 180 0 0 247 0 110 0 0 255 99 24 255 0 255 0 0 255 160 0 134 255
    0 255 0 0 255 255 0 255 140 255 255 0 0 255 0 0 0 255 0 215 255 84 0
    255 255 255 0 255 0 255 255 54 255 0 255 0 255 0 255 0 110 0 255 0
    255 102 255 163 0 38 0 255 255 255 0 255 199 161 255 99 0 0 255 0
    255 100 224 237 0 0 0 255 0 255 255 0 0 255 255 0 255 152 34 255 0
    189 0 255 150 0 255 0 255 158 255 255 0 52 59 225 0 255 0 0 0 255
    255 88 0 0 0 124 255 53 255 0 0 255 255 0 255 0 255 255 0 185 255 0
    79 0 255 255 227 0 255 0 255 0 255 0 155 0 255 255 0 0 255 255 255 0
    255 0 0 255 255 0 0 255 255 0 255 255 0 9 255 0 255 86 0 147 255 0
    51 81 0 0 255 255 0 255 255 84 255 255 0 255 0 0 255 245 0 255 176
    140 0 80 255 255 255 255 0 0 255 255 0 255 255 0 255 255 0 0 0 0 0
    146 174 0 0 255 119 0 33 0 0 255 255 0 159 0 0 255 255 255 255 127 1
    255 0 248 255 255 0 255 0 255 255 0 0 255 0 255 0 255 0 255 255 0
    220 255 0 0 55 0 0 0 255 255 185 0 197 0 255 168 0 116 255 255 255 0
    255 255 255 255 218 255 0 255 0 255 0 205 255 255 0 255 61 255 106
    255 150 0 255 255 228 115 223 255 0 137 0 0 0 0 0 255 0 255 0 255
    153 255 255 0 139 146 255 0 255 0 255 0 176 0 0 255 0 0 255 151 255
    0 128 0 255 255 0 0 255 0 0 255 0 255 179 0 255 0 255 0 255 0 255 0
    255 0 255 164 255 195 0 220 0 0 255 177 0 43 255 0 65 255 255 178 0
    0 190 255 0 255 216 0 255 255 237 0 255 235 255 0 255 255 252 0 66
    255 0 0 255 0 0 0 0 116 32 255 0 0 0 255 159 255 255 0 255 0 0 255 0
    197 255 0 216 0 255 0 0 255 107 0 0 2 255 255 129 0 255 0 255 0 255
    255 0 198 0 255 255 255 196 255 0 0 255 219 0 212 255 0 0 255 0 0
    229 255 0 0 255 0 83 255 255 58 177 254 0 255 255 255 243 0 0 255 0
    255 0 0 21 255 255 0 0 255 255 0 255 40 255 0 255 3 255 0 255 0 0 0
    0 255 0 255 0 255 255 255 0 0 255 0 0 0 0 255 0 0 255 0 255 0 255 0
    48 0 0 0 255 0 255 255 0 0 255 255 0 0 0 255 0 255 0 0 0 0 112 0 0
    231 0 255 255 0 200 0 0 255 255 0 0 0 255 134 0 255 255 0 172 255
    103 255 0 159 0 0 64 255 255 0 83 0 58 0 0 0 255 255 0 0 0 0 255 34
    0 0 255 255 0 170 0 255 0 255 0 131 144 209 0 255 0 255 0 255 0 255
    188 0 0 255 0 255 0 255 0 255 28 255 149 166 0 202 255 255 0 255 255
    0 255 255 255 0 0 255 0 255 255 0 255 255 0 255 255 135 0 92 255 255
    138 0 255 0 255 0 0 255 255 112 0 255 0 255 0 235 0 255 0 31 118 255
    0 255 0 173 0 255 74 255 0 186 255 255 0 255 0 255 0 255 255 0 255 0
    255 0 0 0 255 74 255 111 255 0 200 0 255 0 255 0 0 0 98 72 0 187 255
    255 0 255 0 0 255 221 255 0 255 0 0 227 0 0 255 0 0 255 0 255 255
    255 71 10 255 0 0 255 255 255 0 0 255 0 0 255 0 240 0 243 236 40 22
    255 255 0 255 255 0 255 255 0 255 194 255 0 255 0 228 0 255 255 85
    27 161 42 56 247 0 255 0 255 126 155 255 255 244 47 255 255 255 0 0
    172 215 255 237 0 255 255 255 255 0 0 47 168 171 0 255 255 149 0 0
    255 0 3 255 0 0 0 255 255 73 255 255 0 0 0 255 255 0 0 255 94 255 0
    255 71 255 255 255 0 0 255 54 0 193 131 180 255 0 0 0 255 0 26 0 255
    255 0 255 255 0 255 255 255 255 0 239 0 255 164 0 0 0 158 0 255 0 0
    0 0 23 0 179 219 0 4 0 0 13 0 0 255 0 0 255 0 0 255 0 255 245 18 116
    255 0 255 0 255 157 0 62 138 255 255 255 79 80 0 255 255 0 174 109
    255 255 0 24 255 0 0 0 255 255 114 255 255 0 205 31 255 255 0 0 0
    255 67 0 36 0 198 255 255 0 0 0 255 255 255 212 0 0 0 255 0 255 0
    178 255 204 255 0 211 0 0 255 255 255 255 0 0 255 0 72 0 0 0 202 0 0
    255 0 0 255 0 0 255 255 0 255 0 0 255 182 65 0 137 0 255 0 1 255 0
    199 0 232 255 0 255 0 255 0 255 255 0 255 105 255 0 255 0 0 255 255
    0 255 225 91 255 88 0 0 255 255 0 255 0 255 0 255 0 255 0 0 0 255
    137 255 24 255 0 198 255 74 255 0 255 235 0 255 0 0 255 0 0 150 255
    0 0 0 255 0 255 0 52 253 0 255 215 255 0 255 0 255 0 255 29 0 96 0
    255 0 255 0 255 255 104 0 0 255 255 255 255 0 43 197 0 0 174 0 224 0
    255 251 0 255 0 0 91 255 255 255 255 0 255 227 255 17 255 0 0 255 0
    0 255 0 188 0 129 255 137 208 255 0 160 255 0 255 0 26 40 0 255 255
    45 0 245 255 0 175 0 0 0 0 255 0 184 255 125 0 0 0 0 255 0 255 255
    93 0 255 0 255 0 255 255 255 0 0 17 255 106 0 255 0 255 0 86 0 255 0
    155 255 255 0 0 255 255 0 255 0 153 0 255 0 145 255 71 255 0 255 255
    178 0 0 0 0 241 255 72 0 255 241 255 86 235 255 226 0 0 255 0 255 0
    0 0 0 255 0 255 148 255 255 255 100 255 255 128 0 0 255 0 255 255
    255 0 61 255 0 0 255 0 0 0 255 255 255 0 255 255 0 82 0 0 95 255 0
    255 0 255 255 255 0 0 255 255 0 0 0 137 255 0 255 0 0 0 255 151 0
    196 0 0 255 255 107 255 0 255 0 255 0 255 8 0 255 154 255 0 255 0
    255 0 255 0 255 0 0 255 0 255 0 0 255 0 203 255 81 0 0 0 255 0 255 0
    255 0 54 255 0 0 255 0 255 0 255 0 255 199 94 0 255 0 76 255 0 0 123
    0 0 255 0 255 228 0 255 255 0 255 0 255 0 255 255 0 131 157 255 255
    30 255 0 0 0 0 93 255 255 0 255 0 0 0 255 255 182 0 0 255 0 255 0 49
    255 86 0 255 255 255 255 0 0 75 255 0 125 0 0 255 255 0 255 0 138
    255 0 0 0 255 0 255 0 0 255 0 255 0 255 0 0 255 255 255 0 200 255 0
    255 255 248 118 0 0 0 255 0 255 0 0 255 150 229 80 255 0 0 0 255 255
    0 0 0 210 0 0 255 255 0 51 0 255 59 40 0 255 25 255 0 0 141 0 0 227
    0 255 255 37 0 0 255 0 0 255 255 0 255 64 65 255 0 0 148 0 73 255 0
    0 0 255 255 138 255 143 255 255 120 255 0 0 255 255 0 255 0 255 0
    255 255 0 0 255 255 255 0 255 255 63 0 255 255 192 0 255 112 151 0
    255 0 0 235 255 0 0 255 255 0 255 0 231 64 0 154 0 255 12 0 137 62
    255 0 255 255 255 0 255 255 255 53 0 0 255 33 255 255 0 255 255 255
    255 0 255 239 193 0 0 0 107 1 108 0 255 88 255 0 0 255 110 88 255
    255 0 0 255 176 255 255 0 0 255 3 0 0 255 0 255 0 255 236 203 103
    255 0 224 0 255 0 255 29 255 0 151 0 255 154 255 255 255 255 0 255 0
    255 0 255 185 0 255 255 255 202 255 255 0 255 0 255 0 255 0 255 227
    255 255 0 0 255 0 255 37 145 255 0 255 255 255 0 255 79 0 255 97 0 0
    24 255 0 255 255 0 255 0 255 255 0 255 0 100 255 0 4 255 255 0 0 0
    255 255 255 0 255 0 0 254 255 0 255 0 0 255 255 255 255 0 0 0 255
    255 0 41 255 255 255 138 255 0 0 255 255 255 251 255 0 76 255 255 0
    98 255 0 255 255 0 0 74 255 212 0 191 255 0 0 0 194 255 255 0 255
    255 0 255 255 0 0 77 255 246 255 0 0 255 0 255 0 255 0 194 0 255 0 0
    0 255 0 255 0 191 255 255 0 0 219 255 0 255 51 255 255 239 0 255 255
    255 18 0 0 255 255 255 255 97 0 255 0 255 0 255 80 0 255 148 255 99
    239 0 255 0 0 255 0 255 0 0 255 47 255 0 0 255 51 0 255 0 255 0 255
    0 255 127 0 0 0 255 0 182 165 31 0 255 0 255 255 52 0 0 255 137 0 0
    255 0 255 255 0 255 0 0 0 255 0 0 0 255 0 255 255 0 0 255 255 0 255
    0 255 0 116 255 255 0 255 0 255 107 35 0 217 0 0 221 0 255 0 255 0 0
    228 0 255 255 105 55 255 255 0 255 255 255 0 234 255 10 255 155 12
    255 0 255 0 255 0 0 255 216 7 255 255 255 255 255 58 0 90 0 177 255
    255 0 255 255 255 219 0 0 0 255 0 102 255 0 0 255 255 0 0 255 0 255
    0 0 255 62 255 102 255 0 255 0 0 0 255 255 0 255 255 0 0 188 255 255
    255 255 249 255 0 255 0 0 0 255 217 0 0 255 0 255 255 255 0 0 0 255
    0 196 0 255 255 224 255 0 255 0 255 49 148 0 255 255 255 0 0 0 0 255
    0 255 94 255 0 0 255 0 65 0 0 0 255 0 184 0 163 255 0 255 0 255 0 57
    94 255 255 0 255 0 0 255 0 219 82 0 166 255 0 0 255 255 0 0 255 0 65
    233 28 0 86 0 255 255 255 188 112 255 255 255 0 0 107 89 255 0 255 0
    255 0 255 131 86 0 0 255 0 0 0 255 255 233 236 31 234 255 255 245
    255 0 39 24 255 255 0 0 255 0 0 227 255 0 179 255 39 255 255 0 255 5
    98 0 241 231 0 0 255 142 0 255 255 255 154 0 137 0 255 255 164 255 0
    0 255 0 0 228 255 0 0 127 63 255 29 255 0 255 255 0 255 0 255 0 255
    0 255 132 34 255 0 0 0 0 90 0 0 12 255 0 0 255 0 0 0 255 0 255 255 0
    255 0 0 0 255 0 0 0 255 254 255 0 255 8 0 255 3 0 0 255 255 35 255
    255 0 0 255 0 0 255 255 0 144 0 255 0 255 0 255 255 255 0 116 255 0
    255 255 255 0 255 131 0 255 255 214 0 0 255 0 255 155 255 255 0 0 31
    255 0 221 0 255 0 48 0 255 39 255 0 0 255 125 255 111 22 255 255 218
    255 255 0 197 255 0 255 0 255 255 0 255 0 255 255 255 0 255 0 0 74
    255 0 241 12 206 255 76 0 115 255 74 255 0 255 222 255 81 0 255 255
    0 255 0 0 0 255 0 0 255 255 0 232 255 255 0 255 0 255 0 0 255 255
    254 0 255 219 255 255 138 0 255 0 255 5 0 0 255 0 75 0 123 255 0 0
    255 0 255 0 255 0 0 255 255 191 0 0 0 0 251 0 255 0 131 255 255 202
    0 0 0 255 43 0 159 255 0 255 0 255 0 0 255 0 255 97 255 241 255 0
    255 255 121 255 255 0 255 0 0 255 0 255 0 255 0 255 0 255 0 255 13
    16 255 255 255 0 20 255 0 255 215 0 255 255 0 255 255 0 255 0 0 255
    255 0 0 253 0 255 255 255 255 0 255 255 255 0 255 0 255 0 0 88 174 0
    0 255 157 159 255 64 0 255 255 255 0 255 0 135 0 255 0 255 0 57 146
    0 106 0 255 0 74 255 0 0 255 255 0 0 234 0 0 255 248 95 0 0 0 227
    255 255 0 255 0 255 187 255 0 0 255 0 0 104 0 0 255 0 0 255 255 255
    0 12 255 244 210 255 255 0 0 255 0 0 255 0 0 255 255 36 0 0 255 71
    255 255 0 0 255 0 0 255 0 184 255 0 255 244 0 210 255 0 255 255 255
    255 0 0 0 110 116 255 0 255 7 255 0 255 255 255 0 216 255 132 0 0
    255 0 225 255 0 255 0 111 255 0 175 163 255 255 0 0 255 48 0 0 0 255
    255 0 255 193 0 0 255 161 0 255 0 255 0 255 0 255 0 14 0 130 255 0
    255 0 0 255 255 0 255 255 0 255 255 0 0 0 255 0 88 0 70 0 255 0 0
    255 50 0 255 0 0 255 255 0 0 255 0 0 255 255 255 0 255 0 0 255 188 0
    255 0 0 0 255 255 0 189 0 46 48 0 255 0 0 255 243 255 0 0 34 137 0 0
    255 185 0 0 255 234 0 132 0 255 0 255 255 0 0 223 0 138 255 255 0
    175 161 0 255 255 24 112 255 0 255 255 0 0 255 165 0 255 255 0 0 255
    0 255 0 255 255 0 128 0 0 0 255 0 255 0 255 58 0 64 255 0 44 255 255
    0 255 0 45 255 255 3 0 255 255 0 255 0 0 255 255 0 0 17 227 255 255
    0 255 0 255 255 0 0 0 255 255 255 0 0 108 149 255 255 255 255 160
    172 0 0 255 0 0 150 255 0 0 255 0 255 0 0 255 198 255 255 255 0 0
    255 0 0 80 0 0 239 0 255 0 255 0 255 0 255 0 0 255 0 0 210 255 255 0
    255 0 165 0 0 0 255 255 255 0 0 0 44 0 0 4 255 255 0 255 0 80 0 255
    0 255 0 255 0 255 103 255 0 255 255 0 130 255 117 0 255 255 0 0 255
    0 3 24 194 0 243 225 255 0 0 0 0 255 255 0 255 178 255 0 255 235 167
    255 4 193 0 255 100 0 255 255 0 0 255 255 255 255 255 120 0 151 255
    255 0 215 0 0 255 255 255 0 255 255 255 0 255 0 0 0 255 255 255 0
    255 205 165 0 255 255 0 0 255 0 255 255 255 0 0 255 0 0 0 0 255 0
    255 0 255 255 0 184 255 0 255 0 0 0 255 255 255 165 0 123 255 0 255
    255 255 255 0 0 255 41 0 0 255 255 255 0 0 0 0 142 0 103 0 255 115 0
    255 0 99 0 255 0 255 0 255 0 0 255 0 0 0 0 255 0 255 0 255 0 255 0
    38 255 0 49 255 0 0 127 255 0 255 255 255 255 0 200 0 255 255 0 41
    165 255 0 0 255 59 27 255 104 0 0 0 255 228 255 255 0 31 255 0 0 0
    255 0 0 0 255 0 255 255 255 0 255 0 0 0 0 0 255 255 0 255 255 0 0
    255 255 255 0 255 255 255 0 0 255 255 0 255 0 0 0 0 255 0 0 183 75
    255 0 255 0 0 255 255 0 255 0 255 0 255 255 0 255 0 0 236 255 255 0
    0 255 255 255 255 250 181 156 255 0 0 0 255 255 226 255 255 0 255
    255 0 0 82 0 255 255 0 255 255 121 0 255 255 0 0 0 255 255 0 255 255
    0 255 0 0 0 255 0 255 255 255 255 183 0 0 255 255 141 0 146 0 0 249
    255 0 17 0 20 0 255 255 0 0 255 255 235 0 100 51 0 255 0 54 255 0
    136 255 0 255 255 255 0 0 80 0 255 0 255 0 255 0 255 255 255 250 40
    0 255 255 0 0 0 255 0 177 83 255 0 255 0 245 84 255 0 255 25 0 0 0
    255 0 0 255 0 255 165 42 0 113 254 121 32 0 94 255 255 132 0 255 100
    149 255 94 255 0 0 255 0 0 255 255 8 0 255 0 255 0 255 222 255 0 255
    0 255 255 199 0 255 0 255 0 255 0 255 255 0 255 255 0 255 164 182
    255 0 255 0 0 255 195 0 255 180 255 220 0 255 0 255 0 255 0 34 0 255
    96 0 255 255 0 0 164 255 0 255 0 255 0 255 0 255 241 255 255 0 248 0
    255 255 255 0 36 255 255 213 0 255 0 0 254 0 255 0 255 172 52 41 255
    149 151 255 0 0 155 255 255 0 228 255 0 255 0 0 0 255 200 203 0 183
    255 0 0 255 255 0 255 255 255 255 183 123 255 0 0 255 0 0 255 0 255
    255 255 255 0 255 0 255 255 255 163 0 255 0 0 255 0 0 255 255 0 0 0
    255 255 255 255 0 0 255 0 0 0 0 255 255 80 0 0 2 255 255 0 255 255 0
    0 252 0 33 255 255 0 0 255 0 255 0 255 255 255 0 87 0 255 255 0 255
    0 255 255 0 68 255 0 143 255 0 255 255 0 0 255 0 255 5 255 255 255
    255 0 183 255 255 160 255 0 255 0 255 0 0 0 255 0 255 0 0 130 0 46
    20 255 0 0 255 255 0 0 255 255 0 255 255 0 0 255 255 0 233 176 207 0
    255 0 255 236 0 0 157 0 255 150 175 0 18 146 0 107 255 0 0 185 255
    255 0 255 255 0 0 255 0 0 255 0 255 0 0 255 0 255 255 0 255 19 84
    255 0 255 0 0 0 242 255 255 208 0 255 102 0 255 0 255 255 255 0 255
    255 34 136 0 255 255 0 0 255 0 255 0 0 255 0 255 0 0 255 255 0 255
    255 139 0 0 255 0 0 163 0 255 0 255 0 0 255 0 37 0 255 255 0 0 255 0
    48 0 0 0 255 0 255 255 0 0 132 255 0 0 0 255 0 255 255 201 0 0 0 255
    255 113 0 255 0 240 255 0 255 0 0 255 0 0 255 0 255 255 0 129 0 18
    255 255 0 255 184 255 46 0 214 252 0 255 255 255 0 255 255 0 0 255 0
    0 255 92 18 0 0 179 0 255 0 128 0 0 255 0 0 0 255 45 93 0 255 7 0 0
    255 255 0 255 0 255 0 255 255 0 0 255 0 0 0 255 0 255 0 255 255 157
    255 0 255 0 167 17 0 255 255 255 0 255 255 146 255 0 255 0 0 255 107
    0 0 169 0 0 255 255 0 0 0 255 0 255 171 255 236 0 255 0 255 0 255
    189 40 0 0 255 35 255 0 255 255 0 255 0 0 0 229 255 0 255 19 255 0
    255 255 0 103 41 0 255 255 255 0 0 255 229 255 121 0 255 0 255 0 0
    255 0 0 75 255 0 0 255 0 142 8 0 255 21 0 255 255 47 199 255 0 97 0
    0 255 0 0 255 0 255 0 0 255 0 242 250 0 255 255 0 192 0 255 255 255
    255 0 255 255 255 0 0 255 255 255 60 0 48 2 255 255 0 0 28 181 255 0
    255 189 255 10 255 255 131 87 255 0 127 0 255 0 0 225 0 255 255 0 0
    0 255 0 255 136 255 0 193 0 255 255 107 0 90 255 0 255 0 0 0 255 255
    0 255 105 0 0 193 128 143 0 10 255 0 255 255 0 255 0 255 0 255 0 0
    255 117 255 0 36 164 255 255 161 0 255 255 255 0 255 255 0 0 255 255
    145 0 255 0 255 0 255 255 249 0 255 0 255 0 255 0 0 0 0 255 0 255
    255 14 255 0 237 0 255 0 0 165 117 255 0 143 0 173 0 255 0 255 255
    255 0 0 0 255 0 255 81 0 181 0 199 255 61 0 255 255 0 128 30 59 0
    170 0 255 255 0 255 0 151 255 0 255 0 0 255 0 0 255 0 255 255 255
    255 255 111 0 0 0 255 255 0 0 0 255 70 0 0 0 255 255 0 255 0 0 255 0
    255 0 255 197 0 49 255 0 255 0 255 226 255 144 0 0 255 255 0 212 255
    255 255 23 255 0 0 208 255 255 0 255 0 255 0 255 0 255 0 0 0 0 0 0
    255 0 255 69 255 227 255 92 0 0 0 255 132 0 255 0 255 151 0 124 0 0
    38 0 255 0 0 255 255 0 0 255 0 255 0 255 0 255 255 235 255 255 217 0
    255 0 255 0 0 255 146 255 0 87 0 103 255 219 255 0 32 255 0 19 70 0
    255 0 255 255 197 0 255 0 255 0 30 255 255 255 0 0 255 0 93 0 255
    255 0 0 255 255 255 255 255 0 0 255 255 255 0 0 0 0 255 0 255 255
    255 0 255 17 127 255 242 255 0 93 0 255 0 0 255 0 255 102 255 0 255
    0 255 0 0 255 255 0 0 255 255 221 10 0 255 0 0 255 0 255 255 0 255
    159 0 255 255 255 255 0 255 255 0 0 0 116 255 0 255 10 0 0 39 0 0
    255 255 0 0 255 203 0 0 255 0 255 0 0 104 0 0 65 25 0 255 0 0 255
    184 0 198 0 234 255 0 255 94 255 220 179 241 90 0 221 0 255 255 255
    0 100 0 0 225 182 0 120 0 0 255 255 0 255 95 0 0 0 255 255 0 0 255 0
    255 0 255 0 255 0 255 0 255 49 0 255 0 255 255 255 255 0 255 0 0 255
    0 0 255 0 223 255 255 254 0 255 0 255 150 255 94 255 0 0 235 255 186
    255 0 0 255 0 0 255 26 0 255 0 255 255 0 255 0 188 134 53 255 255 0
    0 255 255 255 30 255 0 0 255 0 255 255 0 122 255 0 255 0 255 255 0 0
    81 255 254 0 255 255 0 0 0 255 0 0 255 255 255 0 13 255 0 0 0 0 0
    255 0 255 0 255 0 0 255 0 214 255 0 255 0 205 0 37 124 25 255 255 15
    0 255 0 0 5 0 255 255 192 0 255 0 255 0 0 20 255 0 92 0 255 10 0 237
    0 255 255 0 255 0 255 255 0 0 0 255 255 0 175 0 255 255 0 0 255 0
    174 0 255 255 0 0 151 255 0 255 255 0 255 255 0 0 255 255 0 110 0 0
    255 255 0 255 192 29 255 0 0 255 255 0 8 255 255 217 255 0 255 0 0
    148 0 255 0 77 255 255 0 0 255 255 0 255 255 255 0 0 255 255 0 255 0
    23 153 255 0 255 255 255 255 0 0 255 0 83 17 81 0 140 0 0 0 191 253
    28 255 167 0 0 0 255 0 255 0 255 0 0 0 255 211 0 255 255 0 0 190 14
    255 0 23 150 0 255 255 0 163 111 255 0 0 255 255 0 255 0 255 0 255 0
    255 0 255 0 0 255 0 255 255 0 195 0 0 0 145 0 0 0 255 0 0 255 0 229
    0 255 255 255 255 0 0 255 44 255 73 237 255 0 255 255 228 177 0 255
    255 0 0 0 255 68 0 255 0 237 255 0 255 0 255 96 255 255 0 0 255 255
    255 19 0 58 255 0 179 255 163 255 55 32 42 255 255 255 0 2 0 0 255 0
    255 25 226 255 255 255 0 0 0 0 255 0 241 0 255 255 77 255 0 130 255
    0 3 0 255 49 0 0 255 0 0 109 255 0 255 0 255 136 23 0 157 255 0 255
    255 0 0 255 255 0 255 255 0 255 0 255 0 255 53 255 0 255 78 176 255
    255 255 0 255 0 143 255 0 127 0 62 229 255 255 0 255 174 255 0 255
    255 0 255 0 0 255 0 63 255 255 0 0 0 255 0 120 0 105 255 117 255 255
    0 0 255 0 0 255 105 255 0 205 255 255 255 0 0 0 0 255 255 255 255
    255 173 255 255 60 255 0 255 0 255 0 255 255 161 255 255 255 255 255
    0 117 0 255 0 255 0 255 0 255 255 255 0 87 255 255 255 0 255 0 255 0
    216 255 255 255 0 255 0 0 255 255 0 255 255 255 255 255 150 0 255
    255 255 0 255 0 0 255 0 255 255 210 0 255 0 123 255 0 255 0 255 0
    255 0 255 0 255 0 0 255 0 255 0 255 0 35 255 0 0 255 0 0 0 255 0 0
    143 0 255 255 255 255 215 0 255 71 247 255 255 255 255 0 0 255 255
    163 123 255 0 0 88 51 152 0 255 145 255 255 113 0 255 0 255 0 229
    117 0 255 138 0 0 255 255 0 255 0 0 190 0 255 0 255 255 255 151 0
    255 71 0 255 255 0 255 255 255 13 0 0 0 0 0 143 190 255 0 255 255 0
    40 249 255 255 255 0 0 139 122 255 255 255 0 255 0 0 255 0 255 0 255
    36 0 161 0 255 0 255 0 0 255 0 255 255 0 26 255 0 255 246 255 83 255
    223 0 0 255 0 255 101 255 0 255 0 0 255 255 0 255 0 0 255 21 255 0
    255 0 116 0 255 0 0 0 0 0 255 255 0 164 147 0 255 255 0 0 0 0 105
    255 255 0 91 255 0 255 0 255 255 175 0 255 253 255 0 255 0 0 255 255
    0 198 255 0 0 255 255 0 0 255 0 93 255 0 25 0 0 0 255 255 0 255 255
    207 0 255 0 255 0 255 0 255 255 162 255 255 161 0 255 0 0 67 255 0
    255 0 255 0 0 255 0 255 0 0 163 244 255 0 0 65 255 0 255 0 21 255
    180 0 255 33 0 255 0 0 255 255 49 248 0 255 0 255 0 0 0 255 255 255
    255 145 255 255 255 0 255 1 0 104 255 0 24 255 208 255 255 0 255 0 0
    255 27 252 0 167 255 255 0 139 255 0 255 108 255 255 255 0 0 14 255
    0 255 255 0 0 48 255 0 248 255 255 0 0 255 108 77 0 61 0 255 0 255
    146 0 255 255 0 0 195 81 255 0 204 134 0 0 255 0 255 0 255 180 255
    255 0 255 0 0 148 0 255 0 255 0 255 0 113 255 255 255 255 0 74 255 0
    255 0 255 255 255 159 255 0 0 46 0 0 255 184 255 255 0 255 20 0 128
    193 68 255 0 196 255 255 0 0 255 255 227 0 255 0 255 251 255 255 244
    189 0 0 0 255 255 70 255 255 0 0 255 0 0 255 46 0 255 0 255 0 255
    112 0 255 255 0 0 0 255 0 255 255 0 0 255 248 0 0 0 0 0 255 0 255 0
    146 255 0 255 0 255 0 255 80 0 255 83 179 255 255 255 145 255 167 94
    0 164 255 0 0 255 0 255 0 0 255 0 255 253 14 0 133 0 255 119 0 0 255
    0 255 255 0 255 66 0 0 175 255 141 0 0 255 173 255 255 0 0 255 255
    255 0 255 255 0 0 145 255 0 0 255 233 0 255 0 28 255 0 255 0 255 0 0
    255 0 77 0 255 40 255 0 0 0 255 0 255 255 0 255 28 255 193 0 169 255
    255 0 255 196 0 0 88 110 255 0 255 255 0 225 0 255 0 0 255 0 27 0
    255 255 0 0 255 255 0 255 0 45 24 255 118 255 8 255 0 134 0 255 255
    254 0 255 0 33 255 255 255 0 139 0 0 184 0 255 255 28 0 98 0 239 0
    255 0 255 255 255 255 0 255 255 0 255 0 255 255 0 255 0 255 245 255
    255 0 168 65 255 0 0 20 255 191 255 166 0 218 0 79 255 255 0 0 11 0
    0 0 46 103 0 0 255 0 0 0 255 255 255 0 255 0 0 0 255 0 255 0 255 0
    106 233 255 0 0 0 255 0 255 0 255 0 255 255 0 255 255 0 255 255 139
    123 0 110 92 255 255 255 0 0 0 255 0 191 0 255 0 255 0 255 255 255 0
    0 0 255 254 255 0 255 202 0 220 224 255 153 255 255 0 255 0 0 0 255
    183 255 0 0 12 0 255 1 0 0 0 11 0 255 0 0 255 255 0 77 95 255 0 255
    0 0 0 255 255 200 0 255 0 255 0 0 123 255 255 0 255 0 255 0 0 255
    255 255 198 0 30 255 0 189 21 212 255 0 255 0 243 0 255 0 255 255
    255 255 0 0 255 0 255 0 255 0 255 0 255 0 255 0 255 0 45 255 0 255 0
    255 177 255 0 0 255 0 0 255 255 255 159 0 0 161 243 255 237 0 251 0
    255 0 255 255 255 255 0 255 255 0 255 255 255 255 195 255 80 0 0 255
    96 255 0 255 0 255 0 255 0 255 0 243 255 0 0 0 255 255 0 255 0 255
    255 0 49 0 255 0 255 0 255 0 0 0 255 244 255 8 190 255 0 255 255 255
    0 255 0 255 0 255 45 255 159 0 0 255 66 0 182 0 0 255 22 31 0 255
    255 255 255 135 0 255 255 0 255 0 255 0 173 255 0 0 36 0 255 255 0
    255 0 0 0 255 139 217 0 11 0 255 0 0 255 0 255 0 255 255 255 0 0 255
    255 255 0 255 0 255 0 158 0 255 255 0 0 228 255 0 255 0 0 255 255
    255 0 255 0 255 142 255 255 0 188 255 0 0 255 0 0 255 255 195 255 66
    255 125 0 255 96 0 255 0 255 0 0 0 57 0 255 45 255 255 255 0 255 0
    255 255 0 0 0 255 67 0 80 154 0 255 255 0 246 232 0 0 0 255 191 0
    255 239 0 0 230 255 22 255 255 255 0 255 255 255 255 0 255 0 255 0
    158 0 236 255 0 255 255 0 255 0 255 255 255 87 255 0 20 255 255 87
    255 255 0 240 0 255 255 0 255 224 0 0 255 0 255 0 255 0 255 186 255
    0 255 0 255 0 255 255 0 255 255 0 0 255 255 255 0 255 0 255 255 64 0
    255 0 255 0 255 0 255 255 255 0 255 255 0 255 0 115 255 0 255 255 0
    255 95 225 0 109 255 0 255 255 0 255 0 255 255 0 48 255 255 255 0
    255 0 255 151 0 178 255 0 255 0 199 255 219 172 14 255 255 0 255 255
    0 0 25 0 19 255 255 0 0 255 0 251 81 255 144 7 255 0 255 255 0 0 255
    0 255 33 0 255 255 0 188 255 63 255 255 0 255 157 255 86 0 255 0 255
    255 133 0 166 0 255 255 255 0 255 255 0 0 255 0 0 255 113 255 0 255
    255 223 190 74 255 0 0 255 30 1 218 0 255 0 255 255 148 255 0 0 255
    0 124 165 0 255 0 255 255 255 0 0 3 137 255 0 0 251 255 0 0 255 255
    0 255 0 255 255 0 255 255 0 160 9 0 255 0 255 0 86 9 0 255 0 255 255
    251 134 0 255 0 19 0 255 255 99 255 140 255 0 13 75 255 255 189 0
    255 0 0 65 191 255 0 0 255 0 0 255 255 0 0 64 0 255 57 255 0 255 255
    0 255 0 70 0 208 0 255 0 255 68 0 0 255 0 255 0 255 0 128 255 0 255
    0 255 22 255 255 0 0 80 0 0 255 40 0 193 255 255 58 0 255 0 255 255
    0 255 0 255 0 0 255 0 255 191 255 255 0 0 0 0 0 255 0 255 53 235 19
    0 0 178 255 0 9 0 255 0 59 111 255 255 161 255 255 0 166 255 255 0
    255 0 255 6 0 153 0 194 255 255 0 255 66 255 55 255 104 255 0 255 0
    0 6 0 255 0 0 0 141 0 0 235 0 81 163 0 4 255 0 19 0 0 255 0 213 0
    255 0 255 83 255 40 0 255 9 0 255 0 0 255 0 255 0 255 87 255 255 85
    55 0 0 255 0 0 255 29 0 255 231 255 0 255 0 19 255 0 0 200 255 0 255
    0 0 255 0 115 0 255 192 164 0 255 0 255 18 255 255 0 0 255 233 0 255
    139 0 255 0 255 255 0 201 66 158 255 108 0 255 255 255 0 0 255 0 0
    255 0 206 255 0 233 0 0 0 255 255 255 119 32 255 0 255 0 0 255 255
    255 0 255 255 0 255 101 24 0 255 0 0 255 0 0 255 12 218 34 255 255
    82 0 255 0 255 255 0 255 0 13 255 0 218 126 146 0 255 117 0 42 47 60
    255 0 255 0 255 0 131 0 149 255 0 255 53 0 255 0 0 0 255 255 0 0 145
    0 0 189 0 255 255 255 255 77 0 0 117 0 3 0 255 255 255 0 255 255 0 0
    255 0 255 0 0 0 255 238 255 75 52 0 0 0 255 0 255 0 0 123 0 255 0
    255 61 117 117 195 255 0 255 0 0 151 255 0 0 255 213 255 255 0 0 0
    184 255 0 55 0 255 255 255 164 0 255 0 217 0 255 213 255 0 0 0 0 0
    98 255 0 255 255 255 0 0 255 0 127 255 0 0 235 255 70 255 255 0 132
    0 255 163 0 255 97 0 0 255 255 0 0 255 255 213 0 0 255 255 132 255
    255 0 0 255 255 95 0 0 0 255 0 250 0 215 125 255 255 0 255 0 255 0
    255 255 0 0 255 131 0 255 255 0 255 255 0 0 0 255 124 255 0 130 255
    0 0 0 255 0 0 255 255 255 0 0 106 255 0 163 0 169 0 255 0 255 0 255
    0 255 255 222 0 0 255 211 0 255 0 255 0 0 178 255 0 255 255 0 255 87
    0 255 0 14 255 0 255 0 0 255 205 255 0 255 0 255 0 255 0 255 255 0 0
    208 70 0 255 0 217 255 0 0 0 0 255 0 255 0 0 255 0 255 231 250 0 176
    255 255 173 255 255 255 237 0 0 255 182 0 255 38 182 0 0 255 255 205
    140 161 0 0 222 0 255 0 250 0 255 0 3 255 255 0 255 0 255 255 255 0
    255 0 166 255 0 255 0 255 255 255 0 209 0 255 119 255 235 255 97 255
    255 94 0 0 255 255 255 0 255 0 0 255 0 242 118 255 255 78 0 255 0 0
    0 0 255 255 0 255 0 0 123 255 255 255 162 74 0 255 0 0 0 255 255 141
    0 0 255 0 0 0 255 0 0 76 144 255 0 255 0 0 255 255 0 0 255 0 255 255
    255 178 0 255 0 255 0 255 0 49 255 0 0 255 255 45 255 255 143 0 255
    255 0 255 255 0 255 255 0 0 0 255 255 215 0 225 255 255 253 0 255
    255 0 0 255 0 255 152 255 2 203 255 46 255 0 255 235 255 148 0 0 247
    0 255 0 255 255 255 0 255 0 255 101 0 255 0 255 255 255 0 255 255 0
    0 255 44 0 0 255 0 255 147 0 236 255 40 199 0 255 47 13 26 255 0 255
    255 0 185 0 131 255 0 0 255 0 255 44 255 0 255 0 0 61 255 47 255 0
    255 255 59 0 255 0 255 0 255 0 255 0 255 255 0 255 143 0 76 0 255
    162 255 255 0 125 0 0 23 255 122 255 0 138 233 211 199 0 255 0 0 255
    0 255 255 255 0 255 0 0 109 0 255 255 138 255 0 0 0 179 255 0 0 255
    255 0 0 255 255 0 255 228 0 255 255 255 195 0 255 0 3 255 0 0 255
    255 0 0 255 85 0 255 0 0 0 255 0 9 255 0 255 0 255 0 0 255 255 0 255
    255 255 255 0 0 255 0 0 12 255 0 0 252 0 255 195 0 255 0 255 255 0
    255 0 0 0 255 0 0 139 255 0 255 0 255 106 255 255 168 238 0 0 0 128
    215 255 0 0 60 0 255 255 255 0 0 255 0 255 0 155 17 0 0 255 0 0 227
    255 0 255 255 0 255 0 255 0 255 0 255 0 255 0 253 255 197 220 0 0
    255 0 255 255 0 255 79 0 255 0 0 255 0 255 0 255 0 255 255 255 12 56
    0 255 255 0 255 0 0 130 255 0 0 255 0 221 255 0 255 0 255 0 0 0 255
    0 255 0 146 0 147 0 255 255 0 227 255 255 0 0 0 0 255 0 0 0 0 255
    132 255 255 255 0 255 255 119 255 255 0 0 138 0 255 255 3 255 255
    255 0 0 255 63 0 255 0 89 193 0 255 0 255 255 0 0 0 255 255 255 0 33
    255 0 255 0 40 0 255 148 255 0 211 255 0 0 255 255 255 81 0 255 139
    255 0 255 0 110 255 0 142 255 0 255 64 0 77 255 0 0 255 193 0 255
    255 214 255 0 255 0 255 0 255 255 0 218 0 255 188 150 0 0 255 0 255
    0 161 255 255 0 200 255 255 0 0 255 255 0 255 0 96 0 242 167 255 255
    226 255 0 214 0 94 255 0 0 255 0 255 0 0 255 140 255 255 0 255 0 0
    255 255 0 0 138 0 255 0 0 0 21 186 255 255 189 255 255 255 255 0 0
    123 0 255 255 0 89 0 154 255 78 255 255 255 0 0 255 0 24 255 0 255
    255 255 110 0 255 255 0 255 0 255 82 0 255 255 0 0 255 0 255 0 255 0
    255 0 255 0 255 0 225 255 192 0 255 0 0 0 51 255 0 255 0 255 255 0 0
    255 0 255 0 255 0 255 255 97 255 0 255 255 54 255 255 212 190 54 0
    255 255 0 255 0 0 255 80 0 245 255 0 255 0 0 255 0 255 255 0 255 0 0
    255 0 255 0 255 0 78 255 0 255 0 0 6 255 250 0 255 0 0 255 0 255 0
    255 0 255 176 0 69 255 255 255 238 255 255 255 0 255 0 0 255 0 255 0
    0 255 0 255 255 255 90 255 255 211 0 255 132 0 255 0 255 0 255 53
    234 255 255 0 255 0 0 255 50 255 255 0 255 162 15 0 0 255 0 255 0 0
    255 255 0 0 0 255 0 0 0 0 0 255 0 169 0 255 130 155 0 148 255 255 95
    0 0 255 255 255 0 0 255 255 0 0 255 0 0 0 0 255 255 0 174 0 255 0
    221 255 0 255 205 172 0 0 255 0 255 0 255 255 255 255 0 255 0 0 255
    255 233 0 0 0 0 255 164 255 255 0 191 152 0 255 33 212 186 0 0 255
    255 0 255 0 255 255 0 255 255 154 242 0 255 0 138 255 0 0 0 0 255
    255 255 0 167 255 0 0 255 255 171 255 255 0 0 30 0 255 255 255 165
    193 0 110 0 0 255 255 0 255 0 0 0 255 0 255 255 0 255 0 255 155 0
    255 180 248 157 0 255 126 255 255 0 255 0 255 0 255 0 255 0 0 0 255
    0 255 0 255 0 64 255 245 0 192 0 0 255 236 0 255 0 255 0 255 255 0 0
    0 0 0 255 0 7 255 0 11 255 0 255 0 255 255 0 255 255 255 255 255 0 0
    0 143 255 0 0 255 255 0 255 255 255 0 0 255 255 132 0 0 0 44 38 255
    0 0 255 255 211 255 0 255 255 0 255 255 0 255 255 0 0 66 0 255 27
    255 255 0 255 255 255 255 0 0 255 0 101 0 255 0 0 255 255 180 0 255
    36 255 255 255 0 161 255 0 0 255 255 40 37 173 0 255 0 0 255 255 255
    150 0 0 183 0 255 255 0 255 255 0 0 0 255 0 0 0 255 0 0 255 0 0 255
    255 0 43 0 248 255 88 255 0 255 0 0 0 0 255 70 0 0 135 255 203 186 0
    0 61 0 0 255 255 0 127 0 255 255 255 0 129 255 231 0 152 0 255 99
    255 0 0 83 0 0 255 0 255 255 0 0 0 0 255 255 255 238 165 255 0 101 0
    255 255 255 129 255 0 98 204 0 0 255 0 255 0 0 142 0 228 95 205 225
    0 255 0 255 0 0 255 255 0 255 255 170 55 255 0 255 177 255 0 0 0 255
    0 255 0 255 0 255 255 255 0 0 255 0 217 255 189 255 183 0 255 0 255
    255 0 86 0 255 255 0 0 255 255 255 218 0 125 255 255 0 45 255 153
    255 0 199 0 0 0 0 255 255 119 0 255 0 255 251 0 255 0 255 132 129 0
    0 255 21 80 0 255 255 0 255 42 255 22 118 255 255 0 0 255 0 77 0 0
    255 0 247 255 108 245 255 255 255 59 0 0 0 255 0 255 0 0 255 255 0 0
    255 0 250 0 0 0 255 108 0 0 127 0 203 0 0 255 0 255 255 255 0 0 96
    255 0 255 0 255 0 255 255 0 0 255 0 0 255 0 255 0 79 0 255 0 140 255
    0 255 255 0 63 255 0 255 255 224 255 255 0 0 255 255 255 255 0 255
    255 0 0 255 255 0 49 255 214 255 0 0 255 255 255 0 255 2 0 0 0 76 0
    0 255 0 255 255 0 0 255 0 0 0 0 255 255 0 0 255 255 0 0 0 255 0 127
    255 255 255 0 255 0 255 247 0 255 255 0 0 0 255 0 255 255 255 255
    255 0 0 0 142 0 255 0 255 0 178 255 255 0 0 44 188 25 52 255 0 255 0
    217 255 255 0 0 38 255 159 0 99 205 255 255 200 0 182 95 185 0 0 255
    24 255 0 0 0 131 255 92 232 186 255 0 255 0 255 255 0 255 0 245 255
    0 248 0 0 243 0 140 255 0 0 255 0 0 255 255 0 255 33 255 85 0 0 0
    255 167 0 255 0 153 0 0 255 255 0 255 255 0 255 255 0 0 0 255 0 114
    0 255 0 222 0 255 84 255 91 0 120 255 155 173 255 245 255 0 0 255 0
    255 88 255 255 255 0 255 0 255 138 0 255 255 255 0 255 0 0 255 0 255
    0 255 255 0 255 0 255 169 255 0 134 255 255 218 255 68 0 255 0 198 0
    255 255 255 0 0 0 0 255 255 255 0 0 0 255 0 0 255 0 255 0 0 0 0 0 0
    0 32 255 0 255 255 194 255 0 255 255 0 135 255 214 0 255 0 0 0 255
    255 0 255 255 214 0 0 255 0 255 255 255 0 255 255 255 165 139 0 0
    255 255 255 42 255 0 0 0 255 0 255 83 255 0 255 0 95 255 0 180 255 0
    255 0 255 0 255 214 0 0 255 0 255 58 255 255 0 255 0 61 0 255 0 255
    255 255 0 179 0 255 0 255 183 255 65 255 90 238 255 210 90 0 0 66
    255 129 0 0 255 0 255 0 255 14 0 255 255 0 255 255 87 175 255 9 0
    255 5 0 255 0 255 255 0 0 255 255 255 0 255 0 255 255 255 0 255 0 0
    169 0 0 255 255 255 26 255 255 0 0 255 72 0 255 255 227 0 164 255 0
    0 0 0 255 0 0 0 34 0 255 0 0 0 255 255 0 255 255 255 0 255 0 255 0 0
    0 255 255 0 0 32 255 0 255 0 0 255 255 222 255 0 255 98 0 255 0 255
    0 13 0 0 255 255 0 255 0 0 52 113 0 0 0 255 0 0 255 255 0 0 190 131
    0 0 0 255 255 91 0 255 192 0 164 0 33 255 255 255 0 0 255 255 0 255
    0 26 255 244 0 0 255 89 81 255 0 255 15 255 0 255 255 0 0 0 255 255
    77 0 0 0 255 0 6 33 255 255 0 255 0 135 0 255 0 0 255 255 0 255 255
    255 0 2 255 0 178 0 0 255 255 0 0 255 0 148 255 0 0 255 0 255 212 0
    255 0 0 251 255 0 26 255 0 255 0 0 48 255 0 0 0 255 255 0 0 255 0
    255 0 255 0 0 255 255 0 110 0 255 255 0 255 0 0 0 50 255 28 255 0
    255 0 255 0 0 255 0 255 15 0 215 255 0 255 255 255 0 0 45 255 35 255
    0 0 255 255 0 255 136 78 106 210 0 0 0 39 0 255 0 255 0 0 255 0 0
    255 255 0 255 0 255 255 255 0 255 255 255 2 255 253 152 163 255 0 0
    0 0 0 0 14 255 0 255 0 255 255 0 0 0 0 255 0 255 123 0 255 47 255
    151 0 255 0 255 186 0 255 0 47 255 0 100 0 0 220 255 255 222 255 0
    255 255 255 234 255 0 38 214 255 0 255 0 255 255 255 0 0 255 0 255
    91 255 143 255 255 0 234 76 85 0 0 0 0 255 255 0 255 237 0 255 0 255
    3 139 255 62 255 255 0 0 0 0 0 255 0 0 222 0 255 23 0 255 255 64 0
    255 255 215 92 255 0 146 255 255 0 255 202 149 0 255 0 0 0 0 255 255
    0 255 86 0 255 255 130 0 255 255 255 233 0 255 34 86 255 0 255 255 0
    0 255 0 0 0 255 255 0 0 0 255 255 0 0 0 255 0 105 255 255 0 255 255
    0 255 0 255 0 0 255 0 0 255 0 255 255 195 0 255 0 64 0 0 255 255 0
    255 255 51 0 255 0 255 30 255 0 255 255 219 221 0 0 206 93 0 255 0 0
    255 0 0 255 255 235 0 0 255 0 255 234 255 255 0 76 255 48 0 255 199
    0 232 0 11 255 255 0 0 255 0 255 255 255 0 255 0 255 0 0 255 255 0
    255 0 255 0 0 255 182 243 134 0 0 255 255 0 0 0 0 79 0 255 255 0 8
    255 255 0 255 0 255 255 255 11 0 15 214 255 67 255 194 255 0 255 0
    255 0 118 0 255 64 0 0 49 65 255 254 0 202 0 10 9 0 255 0 255 224 0
    255 255 0 255 255 0 0 255 0 40 255 255 255 255 0 0 255 0 0 0 255 42
    83 0 255 136 255 255 255 0 255 255 255 0 255 255 255 125 0 0 255 255
    0 255 0 255 0 255 195 0 255 255 0 255 255 255 255 0 0 255 0 124 255
    0 255 0 255 0 0 0 255 13 0 255 0 255 0 0 255 0 255 255 255 0 255 66
    0 255 255 0 255 255 0 111 255 255 0 0 0 255 0 255 0 0 255 0 255 255
    47 255 255 0 0 95 0 255 255 31 255 0 0 66 0 0 255 40 0 255 42 0 255
    255 255 0 0 0 255 255 255 255 0 255 0 0 178 255 0 0 255 255 255 209
    0 255 0 0 0 255 0 0 0 0 106 0 255 0 255 55 255 255 0 0 255 0 255 255
    0 255 196 0 0 255 0 255 0 255 0 255 255 93 133 255 48 255 0 0 139
    255 122 255 0 0 110 0 255 0 0 255 0 255 0 0 0 255 0 255 0 255 138 0
    0 255 255 0 45 143 46 0 255 0 255 100 255 0 0 0 47 0 255 83 255 0 0
    255 0 0 255 255 0 0 255 0 0 66 0 255 0 0 255 0 0 0 255 0 233 255 0
    255 255 0 255 57 0 35 0 255 43 0 255 0 0 255 0 0 255 0 255 0 0 0 0
    255 0 74 255 255 108 255 255 0 255 212 255 0 255 255 0 129 255 0 0
    36 255 0 162 255 0 0 0 161 0 255 0 255 255 160 0 255 0 114 255 131
    118 255 255 0 0 0 255 164 118 163 255 0 255 216 255 255 0 255 0 0
    255 210 250 92 168 0 109 0 0 0 255 0 0 0 0 255 255 0 190 0 155 255 0
    0 255 22 255 110 0 255 0 236 255 110 255 0 0 176 255 0 0 255 24 255
    255 0 255 0 255 24 255 0 255 0 0 255 0 255 255 0 0 255 255 0 255 159
    255 133 255 255 180 255 0 53 255 0 0 0 255 255 0 255 0 255 0 255 0 0
    0 0 255 255 0 255 0 163 0 148 255 255 255 0 255 255 143 255 255 255
    0 75 255 67 255 255 0 255 186 255 0 255 0 202 192 255 255 0 255 243
    255 0 0 255 0 255 255 0 255 255 255 255 255 0 30 46 255 255 0 209
    255 246 0 0 42 0 0 238 255 0 0 171 255 0 0 168 0 255 0 255 0 255 0
    213 255 0 18 0 61 255 255 0 255 0 0 255 0 0 255 255 0 251 255 200
    255 255 0 255 255 0 18 0 77 188 12 0 0 0 255 0 255 0 255 255 0 210 0
    255 0 255 0 96 255 0 77 255 255 0 255 0 0 0 255 255 0 213 157 0 198
    145 255 31 255 255 221 0 255 201 255 0 0 255 0 0 255 0 255 17 0 0
    255 0 255 0 255 53 255 0 0 0 5 255 0 255 0 255 255 255 0 0 255 255 0
    255 0 255 255 0 255 94 0 0 255 255 255 255 100 0 255 0 255 0 0 0 255
    255 255 0 255 255 0 255 255 255 0 0 255 0 249 120 131 255 46 229 255
    163 0 0 122 0 0 0 164 255 203 255 0 0 255 0 0 92 21 0 18 92 0 255 0
    0 255 255 0 162 255 0 0 255 160 0 0 4 0 0 0 255 0 255 0 255 103 6 0
    0 123 0 255 0 0 255 0 255 0 212 0 0 0 255 0 0 0 0 255 0 0 5 255 255
    255 255 0 0 255 208 0 255 0 221 255 0 0 255 0 255 0 0 255 255 0 255
    255 0 255 0 255 0 0 255 255 0 204 0 255 0 255 0 255 0 60 0 255 255
    15 255 0 255 0 255 0 0 240 255 255 0 0 255 255 99 255 72 255 255 255
    255 0 0 255 255 0 108 255 255 255 255 52 255 0 255 0 255 0 255 185 0
    255 158 255 255 0 0 255 255 0 82 255 0 0 255 0 0 0 255 0 0 255 255 0
    0 255 0 0 255 0 200 255 0 255 255 0 255 0 255 232 255 255 255 255 0
    255 0 255 16 0 0 255 44 135 51 255 0 255 71 0 194 255 255 255 217 0
    0 246 255 0 255 255 255 0 255 255 255 255 0 255 0 53 0 117 0 37 255
    0 255 51 255 0 0 24 0 0 45 0 255 0 255 126 255 134 255 230 0 255 0
    218 255 255 4 53 0 255 255 255 255 0 255 220 255 255 0 255 0 0 255
    255 0 255 0 203 255 174 163 0 0 255 0 0 0 255 0 255 255 0 157 0 255
    255 73 255 0 255 230 190 255 255 0 255 0 255 0 0 255 255 0 216 0 154
    0 255 255 0 0 0 255 255 171 183 255 79 0 255 0 255 115 255 0 255 0
    255 0 0 255 45 255 255 162 0 255 0 255 0 255 0 255 255 0 255 255 105
    63 0 255 255 234 0 0 255 0 0 255 255 0 240 0 74 255 173 69 0 255 0
    255 0 255 87 255 0 255 0 124 101 255 0 0 255 255 0 0 28 0 255 51 107
    0 255 0 0 255 0 255 255 255 0 146 255 0 255 0 255 0 255 0 255 0 0
    255 255 149 255 0 255 255 6 255 255 0 116 0 255 0 0 255 0 0 0 255 0
    0 0 255 255 255 0 255 255 184 187 0 255 0 116 255 0 255 14 0 0 255
    130 255 211 0 0 255 0 255 0 255 0 0 252 177 255 180 255 163 155 255
    135 0 13 255 0 255 0 164 0 72 0 0 223 255 255 0 255 150 0 255 255
    255 0 255 255 57 0 255 0 0 0 0 243 0 63 255 0 255 255 255 255 182
    255 0 0 255 192 0 226 255 255 104 40 0 255 255 45 255 0 0 0 255 255
    0 239 160 0 255 0 255 0 255 0 255 0 255 0 33 255 0 0 255 255 118 110
    255 0 0 255 0 255 0 0 0 255 0 255 32 0 103 0 0 255 0 221 255 0 255
    255 0 0 127 89 255 0 255 255 178 0 0 255 235 255 0 133 0 255 0 255 0
    0 0 255 201 0 255 0 0 225 255 0 255 0 39 0 255 255 99 255 255 0 0 91
    0 255 0 0 255 255 0 0 255 0 0 197 255 219 255 115 0 255 255 255 0
    255 0 0 0 255 255 255 255 0 219 0 0 111 255 0 255 0 117 255 115 0 0
    255 0 0 254 0 0 255 255 193 58 0 55 243 0 255 255 255 255 255 119 0
    0 255 0 130 0 211 0 255 0 0 0 255 0 0 181 255 212 0 255 72 0 255 255
    0 255 255 255 255 0 89 92 255 0 0 0 246 0 209 178 135 255 255 0 255
    0 219 0 0 0 255 0 179 0 118 255 0 255 0 0 0 255 245 255 0 0 238 254
    255 150 122 41 255 238 255 147 255 0 0 0 0 255 0 255 178 255 254 255
    0 255 79 255 0 255 0 0 0 255 255 0 255 68 255 255 0 191 228 0 255 0
    255 0 255 221 255 0 0 0 0 255 0 0 0 186 0 0 255 255 0 232 0 255 255
    0 131 0 157 0 255 255 0 255 211 255 112 255 255 72 0 255 255 74 255
    0 255 0 255 0 255 0 255 0 255 250 0 255 255 0 255 181 148 255 56 255
    0 26 255 255 18 255 0 0 255 0 255 0 176 255 0 255 255 0 255 183 255
    0 255 0 0 255 255 0 255 0 255 255 0 0 186 255 0 0 0 255 0 255 255 0
    109 0 255 0 255 2 37 0 0 255 0 0 255 0 255 255 0 202 163 0 255 255
    255 255 255 41 0 255 255 0 24 255 255 0 0 255 0 0 255 57 0 255 255 0
    255 181 1 255 3 254 255 255 236 255 0 255 0 57 0 255 255 252 75 0 0
    255 95 255 0 0 255 163 255 89 255 255 255 255 0 255 0 0 0 255 0 58
    255 255 0 203 255 4 255 0 255 0 255 255 255 255 0 0 0 0 255 0 255
    255 255 0 0 0 234 230 0 0 255 255 255 0 111 0 255 0 255 167 0 0 255
    0 203 0 26 255 255 0 141 255 255 255 0 48 255 255 0 255 255 0 255
    255 255 230 0 170 255 0 255 0 255 216 0 255 255 0 34 255 0 255 255
    255 0 0 255 0 0 255 0 255 227 0 94 0 0 58 0 255 0 0 166 255 181 0 0
    158 0 255 0 255 0 255 255 255 0 0 83 104 255 0 255 0 4 255 255 0 0
    255 0 255 0 255 0 129 255 255 255 0 0 255 255 0 193 0 255 217 168
    187 213 255 164 0 0 255 0 255 21 104 0 111 255 255 255 0 0 82 0 0
    255 0 15 255 116 0 255 0 191 255 0 251 0 255 0 14 0 255 0 255 0 255
    0 255 255 0 42 19 0 255 0 95 0 255 255 0 59 255 0 255 255 249 255
    255 0 0 255 8 0 88 0 0 0 255 255 124 0 156 218 255 0 255 0 0 255 0
    255 0 0 255 0 255 112 183 0 0 0 255 0 53 110 255 255 0 255 0 255 0
    242 0 255 1 0 206 0 129 255 189 0 255 255 0 255 255 0 0 59 35 245
    255 255 0 0 255 0 255 0 0 0 0 255 181 255 0 255 0 109 0 0 255 159
    255 172 255 0 0 73 255 0 255 0 228 0 255 178 255 0 255 0 0 61 0 255
    0 0 255 0 255 0 255 0 0 0 0 129 0 255 255 255 0 255 23 255 255 255 0
    0 255 255 255 0 255 0 255 0 191 255 147 171 0 255 0 0 106 0 255 198
    183 255 0 0 255 255 35 0 0 0 255 59 57 255 134 0 255 255 116 154 0
    255 0 0 255 255 0 0 255 255 0 255 0 255 255 123 0 255 0 255 0 255
    255 0 0 255 0 255 0 255 0 0 0 0 255 205 0 0 0 219 0 255 0 0 204 255
    219 255 0 255 2 0 255 255 0 0 255 0 202 84 0 255 0 255 0 255 210 255
    0 255 0 255 245 0 0 145 182 255 0 0 255 20 0 0 255 81 255 149 31 0
    255 0 255 255 0 255 255 142 255 0 255 0 255 0 0 0 255 0 0 255 173 0
    0 12 255 255 0 0 255 255 188 0 255 32 0 52 255 139 255 255 0 255 255
    0 255 0 0 255 0 0 255 24 0 255 255 0 255 235 123 0 255 81 22 0 0 227
    255 255 0 255 0 228 255 0 0 255 0 255 255 0 0 120 255 255 0 80 166
    255 0 255 0 255 225 255 0 231 255 255 255 255 0 255 255 185 255 0
    223 255 255 0 0 255 142 255 233 0 255 102 84 128 0 255 218 0 215 255
    0 255 0 193 0 255 0 255 255 255 0 255 0 255 255 255 0 255 255 236 0
    255 255 255 0 0 244 108 125 255 0 229 17 0 255 255 0 255 0 255 0 255
    255 184 156 255 0 255 106 0 255 255 255 0 114 0 255 0 255 0 255 0 0
    0 255 0 0 0 255 147 0 255 93 255 0 169 136 0 255 0 255 45 255 255 0
    0 81 188 0 0 255 255 0 135 199 255 0 255 255 0 0 0 255 255 0 255 0
    38 0 0 0 43 0 0 249 255 251 0 255 0 0 255 255 0 0 121 255 0 255 0 0
    255 255 0 255 0 255 0 37 255 0 62 255 255 255 0 255 0 26 255 232 255
    0 255 0 0 255 0 0 0 255 0 255 0 0 197 0 41 255 0 255 0 240 0 187 255
    18 148 255 25 255 0 250 247 255 0 255 0 255 255 0 0 0 255 0 183 255
    255 146 0 255 0 0 255 0 0 255 0 0 14 255 0 215 255 0 234 237 0 255
    108 0 53 30 0 255 59 255 93 0 0 143 255 0 239 255 0 255 0 0 255 0 88
    255 0 255 0 10 0 255 255 0 255 255 0 255 0 171 178 0 0 255 255 0 0 0
    255 0 255 255 255 0 120 255 0 0 255 255 255 0 255 0 255 0 12 255 255
    255 0 255 255 0 0 255 227 255 0 255 0 0 255 0 255 0 231 40 255 0 0
    255 0 255 0 0 255 0 0 255 240 167 0 0 60 255 0 0 0 255 0 180 255 255
    0 255 0 0 255 0 167 255 133 255 0 255 215 255 0 255 255 0 208 0 227
    89 255 0 255 255 0 201 103 253 0 255 155 252 255 255 0 88 255 255
    255 0 255 255 0 82 190 255 0 255 255 0 255 0 255 0 0 0 255 216 0 255
    0 255 0 0 255 255 249 0 255 0 0 255 0 255 129 0 182 0 255 0 194 0
    255 255 255 0 235 255 0 255 255 0 0 255 0 5 0 255 255 255 0 0 255 32
    255 173 0 0 255 19 0 0 119 210 255 248 255 228 255 0 255 90 255 0
    188 45 207 0 0 163 0 255 0 0 16 44 0 255 210 5 163 0 255 255 0 0 255
    88 0 0 83 255 255 188 0 255 74 0 255 0 255 255 255 0 255 0 0 94 255
    255 255 255 71 255 255 0 255 0 255 255 212 0 0 214 0 255 8 0 255 255
    0 255 0 255 255 0 255 163 0 121 0 0 0 255 0 255 0 0 0 0 0 255 0 0
    255 0 28 255 0 216 42 255 255 0 0 166 255 0 255 255 255 0 255 0 10
    255 0 255 164 0 255 255 0 255 0 255 0 255 170 0 0 0 255 0 0 255 0
    255 233 0 255 0 97 0 255 255 0 255 45 0 255 255 0 255 0 0 224 0 0 0
    114 0 183 255 0 0 255 36 0 0 92 255 149 0 71 255 0 255 255 0 255 0
    255 0 255 255 0 255 0 0 255 0 255 255 255 0 255 255 255 147 40 0 255
    155 0 8 0 255 255 0 255 255 193 0 208 0 255 203 0 0 0 255 255 235 29
    255 251 142 0 0 255 0 255 255 100 219 255 255 233 227 0 0 24 73 80
    186 192 255 0 255 0 255 0 0 232 255 0 0 105 255 0 252 255 255 0 255
    255 149 0 5 255 109 255 0 0 255 0 255 0 255 79 255 0 0 255 255 0 0
    173 255 0 255 0 181 255 169 0 175 0 18 210 23 238 255 170 0 0 163 0
    178 0 255 255 0 0 0 0 255 119 255 0 0 0 0 113 0 255 9 0 50 126 22
    165 255 0 163 255 198 0 255 255 0 0 0 255 255 255 0 255 0 0 255 0 0
    255 0 245 0 0 255 0 7 255 255 0 155 0 255 0 30 255 0 255 0 193 255 0
    0 255 0 0 0 255 0 128 255 255 0 255 255 25 76 255 0 0 114 42 61 231
    255 0 0 255 0 255 255 0 0 42 0 255 150 231 255 0 202 0 255 255 0 0
    255 0 255 0 255 0 0 255 0 255 143 53 0 255 121 0 255 0 166 255 0 126
    0 255 255 0 90 0 0 255 0 255 0 255 0 168 0 108 255 255 255 255 255 0
    0 0 255 0 0 0 255 155 243 0 119 255 0 0 0 0 89 0 0 0 255 0 242 255 0
    255 0 0 0 0 0 255 0 255 0 0 191 255 149 17 221 117 0 0 255 0 165 0 0
    0 115 255 255 202 109 255 255 0 21 59 255 0 0 0 255 255 0 255 0 221
    0 104 0 255 255 255 0 0 0 255 255 61 0 51 0 0 255 0 255 248 255 0 0
    255 0 255 255 255 255 176 0 153 0 0 255 255 0 255 255 255 0 255 0
    255 0 255 0 255 255 16 0 0 255 0 0 0 255 0 255 0 255 0 0 255 229 31
    255 154 211 0 255 255 255 255 0 65 0 0 255 255 255 255 0 0 255 18 0
    255 80 86 0 0 144 0 29 255 146 255 0 255 0 179 255 0 71 0 255 0 0 0
    255 255 255 0 0 255 0 255 7 255 0 255 255 0 255 0 108 141 255 0 255
    0 255 16 0 230 255 255 0 255 0 0 255 0 255 0 0 255 255 0 255 89 0
    255 230 255 255 0 255 0 255 255 0 255 0 255 192 255 29 0 255 144 255
    255 255 151 255 0 127 0 0 0 255 0 0 255 255 0 0 116 255 0 0 2 255 0
    255 0 255 255 255 255 0 0 255 3 255 0 255 0 255 0 255 0 255 71 118
    38 255 255 0 0 255 0 0 0 0 255 0 214 0 255 73 104 255 48 0 255 0 255
    0 0 255 255 0 255 0 0 255 44 255 0 0 255 0 255 237 171 0 255 0 255 0
    255 255 0 0 255 255 255 255 224 0 211 255 0 227 0 255 0 255 0 140
    255 0 255 255 0 0 255 0 255 0 255 0 0 255 255 255 235 0 255 255 0
    255 0 255 255 0 2 194 255 0 255 255 0 255 255 133 255 0 69 255 0 255
    255 0 255 0 255 255 255 0 255 145 0 0 71 255 5 255 255 0 255 0 175
    255 255 255 255 167 205 0 0 255 110 0 255 0 0 255 225 0 157 255 0 0
    0 255 0 0 255 0 255 0 255 28 0 255 0 255 0 0 104 0 99 255 0 176 255
    255 255 0 0 192 255 0 255 0 43 0 255 255 0 0 255 0 0 255 234 0 0 0
    255 0 255 0 255 118 0 0 0 0 255 0 255 184 255 206 0 255 255 185 118
    0 255 0 255 234 0 255 255 0 255 129 255 0 255 0 0 255 255 0 252 0
    246 13 0 255 160 232 0 0 56 255 255 0 255 0 20 17 255 255 255 0 0
    227 255 218 0 255 1 255 176 255 255 255 0 0 0 255 0 234 255 255 0 67
    0 255 0 239 0 255 255 0 0 0 255 0 219 255 0 255 0 255 47 255 0 176 0
    255 0 255 0 17 255 255 255 255 68 0 255 202 255 0 255 0 255 0 255 0
    255 0 255 0 172 0 255 0 255 238 0 255 0 255 255 9 255 0 131 146 0 0
    71 178 255 255 0 255 0 0 255 0 0 255 0 0 255 0 255 0 0 254 0 0 255
    235 0 255 0 255 255 255 12 225 245 0 0 255 0 255 255 0 255 140 144
    213 255 0 255 255 193 0 255 255 0 125 255 5 0 0 255 0 255 0 0 255
    255 89 0 255 0 0 255 255 73 0 32 0 255 255 255 0 255 69 155 0 255
    255 255 0 201 255 1 0 255 0 0 0 255 0 199 0 255 26 0 255 255 112 216
    0 0 0 0 255 0 255 255 223 0 255 62 0 0 255 51 255 0 255 0 0 255 170
    53 208 255 0 255 255 0 255 118 255 0 153 255 19 0 255 179 255 0 0 54
    56 255 0 187 0 0 0 255 255 185 132 255 255 0 0 255 0 255 0 255 0 255
    255 0 255 0 0 0 255 255 0 0 0 255 0 0 0 0 255 255 231 138 255 255 0
    111 0 255 234 0 0 255 148 0 255 255 0 255 0 90 0 255 51 0 255 0 0 0
    0 255 255 35 0 0 255 0 255 0 108 23 211 255 0 0 0 255 0 0 255 65 255
    0 255 255 0 80 0 0 255 13 255 0 237 0 7 255 0 0 0 253 0 255 255 50 0
    255 0 0 255 0 0 0 255 255 255 255 255 147 205 0 255 255 248 255 0 56
    0 255 255 0 0 144 0 13 0 0 255 34 255 90 255 0 40 59 255 0 255 255
    255 0 255 255 255 255 0 0 24 215 0 255 0 0 121 0 255 143 0 0 255 0
    209 175 0 0 215 0 0 255 255 0 255 0 0 255 0 0 255 0 255 0 255 36 0
    214 0 255 0 255 110 0 255 0 255 0 255 0 255 255 7 255 0 255 0 255
    255 183 255 0 6 0 255 255 255 0 0 0 119 255 0 199 255 40 137 179 0
    255 80 36 255 255 0 0 125 0 255 0 255 154 255 255 0 255 0 0 255 0
    255 0 56 0 21 255 255 49 255 0 255 255 0 26 255 0 0 255 169 0 255
    255 255 255 124 123 255 255 0 0 0 255 0 255 255 0 207 0 145 255 0
    255 255 255 0 255 91 255 0 255 255 193 0 255 255 255 255 255 0 255 0
    33 182 0 0 255 0 255 255 0 255 255 255 255 255 0 255 255 0 0 249 255
    255 0 255 0 159 255 55 0 0 255 0 255 255 0 255 0 0 152 0 0 255 252 0
    255 0 0 0 255 255 0 0 0 255 0 0 0 0 255 0 255 0 0 0 255 255 30 110 0
    255 255 255 0 255 193 0 183 0 0 255 255 0 7 255 255 197 0 255 255
    255 0 255 0 255 172 0 255 0 255 255 122 255 0 0 255 95 255 255 255
    255 144 255 255 255 66 0 255 255 255 0 100 255 0 0 255 118 255 0 255
    0 255 0 255 0 255 255 0 255 114 235 255 0 255 0 0 255 0 255 255 0 0
    157 255 0 255 0 0 37 255 0 255 0 255 255 255 255 0 255 0 0 21 255 0
    255 0 255 0 255 0 255 0 255 0 0 255 0 21 140 85 255 0 255 0 156 255
    207 255 120 2 0 0 0 223 0 255 0 255 255 255 0 255 255 0 255 0 183
    205 0 0 255 252 29 0 255 179 0 255 255 0 202 0 255 0 255 0 255 0 0
    255 255 0 255 0 168 0 0 45 255 0 149 143 0 255 0 255 0 255 255 0 119
    0 255 0 255 153 152 0 255 0 255 255 11 255 255 255 0 81 0 255 0 255
    255 0 0 165 255 0 255 0 255 0 196 255 0 255 45 255 160 0 255 0 0 255
    0 0 230 255 255 0 255 255 255 255 255 0 255 0 255 0 0 0 0 255 255
    255 255 0 255 242 0 0 255 255 0 255 0 255 255 0 255 0 255 0 183 0
    145 255 255 255 0 0 255 0 255 0 255 0 255 255 255 0 0 0 255 255 0 0
    0 255 255 0 255 208 228 0 36 0 255 0 0 0 0 255 19 255 239 255 0 255
    255 0 198 255 0 244 0 0 255 45 255 255 255 0 0 0 255 255 255 30 18
    255 171 0 255 255 178 0 0 0 255 0 0 255 0 255 255 59 255 0 255 255 0
    88 74 48 0 255 255 255 255 255 0 0 71 34 72 255 0 255 0 71 255 0 170
    255 0 145 255 0 105 0 255 0 20 184 0 255 0 0 255 255 255 109 29 255
    0 255 25 247 255 168 255 0 0 255 255 93 66 242 255 0 199 255 0 0 255
    0 255 242 56 255 55 255 0 255 0 78 0 255 0 255 220 21 160 255 255 0
    0 255 4 255 0 255 0 0 0 255 0 0 255 0 102 255 0 0 14 68 255 255 0
    255 204 0 255 0 255 255 0 255 255 0 166 0 0 255 49 0 0 255 104 255 0
    174 255 255 0 0 0 141 0 0 255 255 0 255 255 173 178 255 255 0 255
    255 155 255 255 255 0 125 0 255 255 0 0 255 0 218 0 255 172 255 255
    125 255 203 143 255 255 0 0 255 0 0 255 255 0 255 0 255 226 0 23 255
    255 0 255 255 0 255 0 255 0 255 31 0 255 90 0 255 0 0 255 0 0 255 0
    255 0 0 255 0 0 255 0 0 0 250 15 242 255 255 255 252 75 0 0 90 255
    198 255 0 255 0 255 0 255 77 43 255 0 255 0 0 255 0 241 0 0 255 255
    163 0 255 0 255 0 255 255 255 0 255 59 0 29 0 255 255 127 48 0 0 91
    255 0 249 255 78 195 199 255 0 244 255 0 255 29 0 255 29 255 203 255
    0 0 0 99 242 255 0 0 255 0 255 72 24 255 211 252 75 0 255 224 0 255
    0 255 255 255 0 0 0 0 255 90 0 255 0 215 255 0 0 255 249 255 0 29
    255 0 81 255 255 0 255 0 0 0 255 167 0 255 255 0 0 0 255 255 255 0
    255 0 255 147 0 255 0 0 255 0 255 255 0 255 41 179 145 0 255 0 255 0
    255 255 255 97 0 174 255 0 255 37 0 40 255 0 255 255 2 0 255 216 0
    158 0 255 129 0 229 146 8 255 0 0 255 255 0 78 173 0 255 0 255 255 0
    255 144 0 160 255 0 255 0 255 0 255 0 255 46 255 0 84 0 255 0 138 0
    102 255 0 0 255 0 255 255 0 255 255 0 255 173 0 0 255 176 255 255
    255 255 255 255 0 0 255 137 255 241 0 14 128 0 0 255 45 255 0 0 0
    255 0 255 176 255 200 0 118 152 255 255 0 255 0 255 0 0 255 0 0 124
    46 255 255 0 255 0 255 255 255 0 255 0 255 255 0 255 0 8 255 48 255
    0 255 0 55 0 255 50 138 0 19 0 0 0 81 0 0 255 255 0 255 255 0 255
    255 0 0 255 255 37 255 0 255 0 0 255 0 0 255 255 0 255 0 0 255 26 62
    255 255 255 255 167 81 255 0 0 149 255 0 255 0 167 0 172 0 255 30
    112 0 0 246 255 0 255 0 255 0 255 0 255 171 0 0 255 0 175 0 106 81 0
    255 255 255 216 255 0 0 0 152 255 0 44 255 255 0 40 148 255 0 58 0
    255 255 255 0 255 0 238 0 255 0 255 0 0 0 220 0 255 42 255 0 204 40
    88 113 0 255 0 255 0 255 255 255 140 255 199 255 0 255 116 0 255 0
    255 255 0 96 0 255 255 65 13 0 0 0 0 0 255 0 255 219 0 255 0 255 0
    255 255 234 255 255 0 192 188 194 255 8 0 255 255 0 255 0 0 255 59
    255 0 255 255 0 2 0 41 255 0 255 255 0 0 0 118 255 255 255 255 0 255
    126 0 255 0 0 141 255 165 0 255 255 96 255 75 255 255 0 211 255 22 0
    33 91 255 0 0 255 220 0 255 0 0 0 255 255 0 126 0 0 255 0 255 92 255
    97 0 0 255 255 0 255 255 135 0 255 0 0 255 0 223 255 255 0 0 139 0
    55 0 255 0 255 203 255 0 255 118 196 255 0 0 255 0 0 0 255 64 0 183
    217 0 255 0 0 255 0 255 0 0 255 71 255 0 255 0 0 255 255 255 0 0 34
    235 0 255 255 255 255 0 0 0 255 0 255 0 255 79 255 255 0 255 0 195 0
    255 0 234 0 255 0 21 0 255 255 0 0 0 255 0 0 255 0 255 255 0 255 0
    255 6 255 0 132 204 255 0 187 0 255 0 255 255 255 255 0 255 0 0 255
    255 0 255 0 120 255 255 0 255 0 255 11 20 45 255 0 113 255 255 255
    158 0 213 255 0 0 255 0 255 255 0 0 255 0 213 162 0 19 101 0 0 233
    255 135 0 255 255 0 255 0 255 0 0 0 255 255 141 0 255 0 0 255 255
    255 0 255 82 255 0 255 0 255 0 255 0 0 0 87 0 0 0 0 44 0 255 126 0
    255 0 0 255 0 0 0 255 0 255 0 255 255 0 0 255 116 255 0 82 255 136 0
    255 0 0 255 0 255 255 0 255 0 0 0 255 0 255 0 255 0 0 0 255 0 255
    166 255 0 255 0 26 255 0 255 255 0 255 0 255 255 0 248 0 0 80 255 0
    178 0 255 255 163 255 255 48 0 255 0 255 255 217 255 255 0 43 255
    255 0 255 0 255 233 255 36 255 255 148 0 255 98 255 79 165 255 18 0
    255 166 0 255 0 255 0 0 255 255 255 0 255 0 68 255 255 255 0 255 89
    255 255 0 169 84 255 0 255 255 0 255 255 255 0 255 0 111 0 0 255 0
    255 0 87 31 255 255 255 0 255 246 255 255 0 0 0 255 0 255 255 255 0
    5 0 255 0 255 0 0 0 0 0 22 227 255 0 255 255 0 255 0 161 0 117 0 255
    255 0 255 255 0 255 255 0 255 0 0 0 255 255 255 0 191 0 255 0 0 255
    255 255 188 0 255 255 0 255 124 0 0 245 0 183 0 0 24 255 255 0 0 255
    0 0 255 255 60 255 161 114 255 0 255 255 48 255 141 30 0 255 0 255
    255 0 0 255 255 140 255 0 255 0 0 255 255 0 255 0 255 255 107 0 57 0
    255 255 255 222 0 0 255 158 255 0 0 255 50 255 255 3 0 255 255 0 0
    154 0 255 50 255 64 0 241 0 203 255 255 0 0 255 8 0 0 0 255 0 144
    255 255 142 255 0 0 255 0 255 0 255 0 0 0 201 0 0 0 255 255 0 255 0
    0 0 3 255 74 0 255 255 0 0 50 0 255 0 0 255 255 0 255 0 0 40 0 0 0 0
    255 255 0 255 0 255 0 0 0 255 0 5 0 255 255 0 133 255 0 0 255 255 0
    0 255 255 0 67 224 0 255 0 255 0 0 0 132 0 255 82 255 0 0 0 0 255
    255 0 149 99 255 154 0 255 0 255 0 255 0 0 255 113 0 189 255 121 0
    255 0 0 255 0 255 255 0 255 198 210 0 255 0 1 6 255 0 255 0 0 0 0
    229 0 255 255 0 102 0 0 0 255 112 206 22 80 70 0 17 0 255 255 0 255
    0 255 0 190 255 0 0 0 140 0 0 255 0 0 255 143 0 183 0 255 0 255 0 0
    0 255 255 255 0 255 255 255 0 255 107 0 255 0 0 193 0 255 243 118
    253 0 0 255 0 255 0 0 255 255 0 47 0 255 0 255 0 255 255 0 0 0 10
    255 255 0 149 0 255 0 0 0 255 119 0 255 255 207 0 0 63 255 255 0 57
    255 0 255 0 255 0 255 0 255 245 0 0 0 255 0 255 35 0 255 0 255 0 0
    255 0 255 109 0 255 255 255 219 255 255 116 0 0 0 30 255 255 160 0
    34 255 255 0 255 0 255 0 255 242 255 255 0 255 185 255 111 0 0 255
    255 255 0 118 0 228 0 255 79 0 255 255 0 0 210 255 0 0 255 0 168 255
    147 223 0 0 255 255 255 255 0 255 0 9 255 255 0 0 0 0 184 255 255 0
    255 0 255 255 0 0 55 255 0 0 255 0 62 255 255 0 255 255 0 255 0 255
    255 0 255 0 91 0 255 0 255 255 255 255 0 255 0 130 19 255 255 0 0 0
    255 0 46 255 255 58 255 0 255 232 125 255 0 0 186 255 217 241 255
    255 0 0 255 0 255 255 29 0 255 255 68 255 0 255 255 0 255 0 255 2
    255 255 0 255 0 255 214 255 5 255 0 255 255 255 255 0 255 255 0 58
    255 255 147 0 255 0 255 0 0 0 255 152 0 255 255 0 255 255 0 255 255
    255 0 0 255 0 0 255 0 0 255 196 0 13 255 255 0 0 255 40 47 81 27 255
    0 0 255 255 255 0 0 149 0 255 0 255 255 255 255 0 0 204 255 0 255 0
    255 56 16 101 130 46 108 0 0 0 255 255 73 1 255 0 255 0 198 0 58 255
    255 52 63 197 0 0 0 255 0 0 255 0 255 166 0 148 255 0 242 0 255 179
    0 255 255 0 0 0 255 255 0 255 94 255 117 170 255 249 0 255 255 0 0
    255 0 255 172 255 0 255 0 173 112 127 255 0 255 51 0 177 255 255 0
    142 215 0 255 255 0 255 0 0 255 0 0 12 255 178 0 0 0 150 255 0 255
    26 0 255 0 255 0 0 212 0 255 93 6 0 255 0 255 0 255 255 0 255 255
    255 0 255 0 255 0 0 0 255 4 255 255 255 0 0 0 158 0 255 54 82 248 0
    255 255 0 171 255 0 0 0 0 255 0 0 0 255 171 255 0 0 255 255 255 0 0
    255 0 0 255 206 164 0 66 255 0 255 0 128 42 255 0 255 0 255 0 238
    196 255 0 255 255 0 255 24 0 0 255 255 255 0 168 0 255 255 255 115
    255 0 255 255 0 0 219 0 162 0 13 0 0 0 0 255 167 0 255 0 0 255 0 255
    0 255 82 255 150 255 255 0 255 0 255 255 0 255 118 0 0 0 0 23 255
    255 255 0 255 24 202 0 255 255 0 255 255 255 0 255 0 255 0 0 216 255
    255 255 0 255 0 255 155 0 0 255 0 89 255 255 255 0 0 255 0 105 0 107
    255 255 244 0 255 0 0 0 255 0 0 158 0 10 0 0 255 0 0 255 34 255 93 0
    0 0 219 121 0 255 0 0 255 0 255 0 255 0 255 255 0 0 255 0 255 0 255
    0 0 255 255 106 0 255 18 255 0 255 0 255 255 138 0 0 255 255 255 255
    0 154 0 255 255 0 0 0 0 255 255 0 0 178 255 0 0 255 0 255 0 0 255 0
    255 0 255 255 8 255 255 0 0 255 0 0 0 0 0 255 255 0 0 255 0 255 0
    255 0 255 0 255 0 255 0 0 255 255 255 0 255 0 30 255 115 0 255 77
    183 18 255 0 0 255 8 0 255 0 0 255 0 0 0 0 255 255 255 0 29 0 0 70
    255 0 243 255 255 0 255 58 90 0 255 0 255 0 255 255 255 255 0 255
    255 119 0 53 0 154 255 0 255 0 176 0 0 0 255 255 0 200 0 255 0 135 0
    0 0 17 255 0 255 255 0 255 0 255 0 255 255 0 160 87 0 94 178 255 0 0
    255 255 30 255 255 49 0 0 255 0 0 255 32 0 39 140 253 0 0 93 235 0
    255 0 255 138 255 0 0 255 0 255 0 255 107 255 255 0 0 255 0 255 255
    172 82 117 255 0 255 0 0 0 255 213 255 0 0 255 255 255 255 255 0 255
    0 255 0 0 255 0 0 255 210 255 167 255 0 29 68 255 0 255 123 0 0 0 0
    86 254 113 62 0 255 236 255 0 0 0 255 0 162 0 35 0 255 158 255 6 0
    255 255 218 156 0 255 0 123 255 255 28 0 255 0 255 0 0 255 0 255 200
    255 63 255 255 86 0 255 0 4 255 190 61 255 0 11 23 255 0 255 255 255
    227 88 255 255 0 151 102 0 255 0 0 255 0 31 172 0 150 0 113 255 255
    255 0 0 0 255 0 255 255 255 255 0 255 0 255 255 255 0 224 0 190 0
    255 255 255 0 0 131 255 255 0 0 0 255 0 195 0 255 255 0 0 255 123
    255 6 244 248 42 194 255 255 255 0 255 0 0 0 197 111 255 255 0 255
    255 0 158 255 0 0 255 0 255 0 255 27 0 255 255 0 0 255 255 12 0 255
    0 0 0 63 53 0 255 106 27 255 0 217 255 0 255 239 255 26 196 0 255
    255 49 0 255 0 177 0 150 0 255 255 0 255 255 0 254 243 255 0 255 0 0
    13 254 0 0 255 0 0 255 0 255 0 25 49 0 0 255 0 255 255 255 0 203 0
    255 88 255 255 255 0 0 0 253 0 82 0 255 0 255 0 255 76 150 255 255
    134 255 106 255 168 213 0 0 255 0 124 0 255 0 255 0 255 0 231 255 0
    0 237 255 0 43 69 255 0 255 0 0 0 0 255 255 255 0 114 0 255 97 0 255
    0 132 181 0 255 255 186 0 0 255 0 57 0 255 70 255 0 0 255 0 255 0 0
    0 0 0 40 255 53 254 255 52 0 159 255 255 0 0 231 255 0 255 255 0 255
    217 0 68 169 255 0 255 0 95 0 255 0 255 0 255 0 255 0 0 255 255 91
    255 0 255 0 0 255 0 35 196 0 0 0 255 0 255 255 0 255 104 0 255 0 255
    0 253 255 0 207 31 255 91 0 213 255 0 255 0 0 0 228 157 255 65 186
    255 255 111 0 255 0 255 0 255 0 0 255 120 0 255 255 17 255 255 0 255
    0 115 255 255 65 0 255 0 255 86 255 0 255 0 0 154 255 0 255 0 255 0
    255 0 0 161 0 147 255 0 0 255 181 0 255 0 238 0 255 255 255 255 255
    0 255 0 255 0 255 255 44 255 0 0 0 255 255 0 255 0 6 0 0 105 0 110
    255 72 0 255 0 163 255 0 0 255 0 0 0 0 255 0 0 255 0 255 255 42 0
    255 0 255 255 255 0 255 255 167 255 0 255 255 141 105 0 170 255 13
    24 0 255 0 255 183 0 0 0 255 0 255 255 0 255 0 255 0 66 98 0 255 0
    255 0 0 255 255 255 97 255 0 255 0 0 0 1 154 0 255 69 255 0 0 62 255
    0 255 255 84 255 75 120 255 0 0 255 0 0 255 0 0 255 0 0 0 135 1 255
    0 255 0 98 255 0 0 255 0 255 255 255 0 255 0 255 255 255 51 0 0 255
    255 255 247 255 0 255 0 221 0 255 0 0 255 0 255 255 255 0 255 0 255
    0 255 255 255 0 199 0 255 255 255 0 0 255 255 0 0 0 255 166 0 255 0
    21 143 255 0 255 255 255 0 0 255 72 0 0 255 255 255 0 0 0 255 144
    149 0 255 0 255 53 127 96 255 177 0 255 0 0 255 0 255 0 0 255 255 99
    197 230 13 255 0 255 255 0 255 255 249 0 0 255 0 90 255 255 255 0 0
    239 0 255 255 255 0 0 0 255 0 255 255 93 255 255 0 0 0 226 255 0 255
    38 0 8 255 255 255 0 50 255 255 0 255 0 175 0 255 255 255 255 0 154
    109 255 255 0 0 0 0 255 0 105 0 255 0 0 255 0 255 0 0 0 0 255 255 7
    0 255 254 201 0 0 255 0 0 255 0 255 0 145 0 255 255 0 0 0 255 255
    255 0 255 255 0 0 0 255 0 255 0 154 237 0 0 255 0 0 233 0 255 0 0 76
    255 112 255 255 0 66 0 0 255 255 222 0 158 140 255 0 255 255 0 78 0
    0 225 100 125 0 255 0 255 0 0 108 255 0 255 0 0 218 255 255 255 8
    104 135 171 0 255 255 0 42 239 255 0 255 240 25 239 0 255 0 255 0
    173 255 0 255 0 255 255 0 188 255 255 255 255 0 255 0 255 165 223 0
    255 0 255 0 0 171 0 223 255 255 0 146 255 255 255 46 222 0 201 0 0
    255 0 255 0 255 0 51 255 195 255 255 134 0 0 0 255 0 0 0 0 248 134 0
    255 40 255 255 0 0 255 0 255 0 56 255 255 0 0 255 255 121 17 255 0
    255 255 0 255 118 0 61 255 0 144 255 248 255 0 255 0 225 0 255 0 133
    185 0 0 255 255 53 0 0 0 0 255 157 0 255 0 252 255 0 255 0 255 66
    255 0 255 255 0 255 157 107 255 255 255 0 255 18 0 255 0 255 0 255
    255 0 255 255 255 0 218 255 0 255 0 0 255 70 255 255 43 255 0 255
    255 90 255 255 0 0 255 255 0 0 255 0 255 255 0 255 71 255 255 255 0
    22 52 255 255 255 255 0 0 255 159 255 255 0 255 0 0 255 0 255 0 255
    0 255 0 255 3 255 13 255 80 176 255 255 0 0 255 255 0 0 0 247 0 255
    0 255 0 255 255 0 0 0 228 255 0 255 0 255 0 255 0 0 0 255 0 172 255
    0 255 255 0 0 255 255 255 0 0 251 255 255 0 0 0 255 0 0 255 0 255 0
    255 255 255 255 255 125 0 0 255 0 0 0 0 0 255 0 0 0 255 255 255 0
    255 0 120 163 4 0 0 255 255 0 255 255 0 255 0 255 0 255 0 0 172 255
    0 0 255 255 0 0 255 149 121 255 0 255 255 255 255 103 0 85 0 164 0 0
    255 0 255 255 0 0 0 255 255 255 255 0 255 255 0 255 255 0 255 0 255
    0 255 255 229 167 137 255 0 255 255 0 104 92 255 70 0 255 0 0 0 0
    255 0 255 0 226 0 255 0 255 255 159 255 70 24 255 0 255 255 255 255
    159 255 18 0 255 98 255 0 255 0 0 255 156 0 0 255 151 0 46 255 157
    255 36 0 233 0 255 0 255 0 255 0 255 0 255 0 0 0 255 0 102 0 0 255 0
    0 255 0 0 255 0 255 255 0 255 111 0 208 255 0 255 0 128 0 255 255 0
    0 255 0 255 0 255 0 40 255 156 0 255 139 0 0 255 255 255 0 255 255 0
    18 255 0 20 255 0 0 255 0 255 255 255 0 255 0 40 0 0 0 140 255 53 34
    0 255 0 149 0 0 248 255 0 255 255 255 0 255 0 240 230 0 255 27 0 229
    84 255 255 255 92 255 0 229 0 0 255 0 0 0 255 0 255 255 36 129 234
    255 92 133 0 255 0 255 0 255 0 255 0 0 0 255 255 255 255 17 0 0 0
    255 255 255 255 0 204 0 255 0 0 0 255 0 255 0 255 255 50 255 0 255
    255 0 255 180 250 248 0 255 0 255 0 255 0 255 0 0 0 255 221 255 255
    0 255 0 255 0 255 0 0 255 0 120 109 0 0 0 255 0 255 210 0 255 0 0 0
    0 124 0 0 234 0 255 75 255 0 16 0 0 255 0 255 255 0 79 166 255 0 255
    255 0 160 255 0 0 255 0 255 0 153 0 255 88 255 0 0 255 0 0 0 0 255
    169 0 255 255 255 0 241 255 0 0 0 255 100 251 0 255 247 255 0 0 0 87
    255 0 255 0 24 255 0 49 255 0 0 255 0 46 11 0 233 255 255 0 255 0
    203 0 0 0 255 0 11 255 227 211 0 255 84 0 12 78 255 0 255 0 7 8 80 0
    255 255 255 255 255 255 0 255 228 0 150 0 0 217 255 255 126 255 16
    255 0 0 255 0 0 225 0 255 255 0 0 255 255 255 252 146 0 255 88 255
    17 101 255 0 255 0 255 154 0 0 0 255 63 0 255 0 255 0 0 255 255 0 0
    255 255 0 255 0 0 0 0 255 67 0 255 198 0 0 255 0 60 255 0 255 65 255
    255 216 255 0 255 155 185 255 0 45 255 0 255 0 0 255 255 255 0 0 0
    255 0 255 0 0 255 0 255 0 255 39 186 0 52 142 0 0 218 255 0 255 255
    0 0 255 2 243 48 0 255 0 255 255 0 0 255 3 255 0 148 255 133 86 0
    255 121 157 255 235 0 255 0 255 255 0 233 0 255 0 255 77 255 255 255
    0 152 0 255 0 255 0 164 0 255 255 179 0 255 255 0 0 255 255 0 0 182
    0 144 0 255 208 0 0 0 0 255 240 0 0 0 255 105 255 255 0 255 0 255 0
    255 0 255 255 255 255 255 0 255 0 255 35 0 0 255 0 255 0 173 255 255
    255 0 0 255 103 54 71 0 255 0 255 255 255 255 255 255 225 0 255 0 0
    204 117 0 174 0 255 0 0 255 255 73 255 255 89 135 0 255 255 0 255
    255 0 255 255 255 0 0 255 255 0 0 255 0 0 0 255 0 255 0 255 255 54
    255 0 182 255 0 255 6 0 0 255 252 255 0 0 255 52 159 255 0 0 214 255
    255 0 121 255 255 0 255 222 255 0 255 0 255 0 0 0 255 0 255 0 0 255
    0 0 0 255 0 200 255 0 47 255 0 0 0 255 0 255 255 255 0 0 255 25 104
    255 157 0 0 0 100 255 0 0 255 255 0 255 255 0 255 107 0 255 255 0
    255 0 255 255 0 0 255 82 255 0 0 255 94 255 0 183 0 213 0 0 0 255
    255 0 255 164 0 0 236 255 255 255 0 255 0 255 0 255 0 0 255 0 208
    255 49 255 255 0 225 0 0 0 255 0 120 255 0 0 255 43 161 223 0 255 0
    255 255 0 255 255 0 255 67 255 255 0 167 134 0 255 0 255 255 0 250
    126 255 0 174 152 0 0 255 19 15 255 255 255 255 255 0 255 242 0 0
    255 255 0 113 255 255 0 0 255 0 255 0 21 56 0 0 0 255 0 0 0 0 255
    255 0 255 255 0 255 0 238 0 255 0 255 0 0 0 255 0 255 0 38 0 255 0
    255 255 0 0 0 255 0 255 0 255 255 0 0 50 0 106 0 255 255 0 255 0 255
    255 0 255 0 0 255 255 255 0 255 0 255 0 0 255 0 0 0 255 255 0 255 0
    0 0 244 0 68 0 255 9 222 73 255 0 0 255 0 0 0 255 255 0 255 0 255 0
    177 0 255 255 255 0 164 255 0 255 255 110 0 255 0 0 255 0 255 255 0
    39 255 255 65 255 0 255 255 0 255 255 0 255 255 0 0 255 0 24 255 0 0
    255 0 255 0 0 0 237 155 0 255 0 232 255 255 58 53 255 0 255 255 0
    255 0 0 211 184 0 0 90 255 0 0 255 255 0 0 255 95 0 255 0 255 255 0
    0 67 0 255 255 255 0 0 255 255 0 45 255 0 0 255 0 0 255 0 48 0 0 49
    255 0 255 0 255 0 202 0 255 0 0 255 255 164 0 255 0 255 255 255 0
    255 0 0 255 0 255 255 39 0 0 108 255 255 82 91 255 0 255 27 66 192 0
    51 255 0 255 0 198 255 0 255 0 255 255 0 255 0 0 0 255 0 255 0 255
    255 165 0 255 255 0 255 0 228 0 201 0 212 0 255 174 255 0 255 0 173
    8 0 0 255 0 255 255 0 0 255 0 65 0 255 255 0 255 57 255 0 0 255 255
    0 56 95 0 255 150 255 0 0 69 0 0 255 0 255 255 255 255 0 218 0 255 0
    255 0 0 255 255 245 20 0 255 0 0 30 0 70 255 0 0 255 0 255 255 255 0
    251 255 0 0 255 0 0 255 0 255 255 255 0 255 255 0 255 255 0 109 0
    255 255 255 163 0 255 0 255 255 0 255 255 0 255 0 83 3 255 0 162 255
    0 255 0 32 160 0 255 0 255 255 65 255 0 255 7 255 255 255 255 0 88
    183 255 56 177 0 255 0 255 255 255 255 0 255 0 197 255 156 0 255 0
    255 0 0 0 255 146 0 255 255 0 255 255 0 255 0 255 255 0 114 239 255
    0 0 255 82 143 120 0 212 255 0 255 0 0 42 0 0 86 102 0 255 0 255 0
    35 255 255 0 217 255 2 0 255 0 255 0 17 0 0 255 255 0 152 255 0 255
    0 200 255 153 0 255 0 255 255 0 255 255 255 247 255 255 0 0 255 0 0
    0 255 255 255 0 250 82 146 255 0 0 0 255 255 0 158 255 116 0 255 255
    0 255 65 255 0 0 255 255 0 255 70 255 0 193 0 255 0 110 0 255 114 0
    255 0 255 0 0 0 255 255 255 0 255 255 64 0 255 158 114 76 255 0 133
    255 255 0 255 255 0 0 0 255 255 0 255 0 255 0 255 0 255 0 255 255
    233 255 47 255 114 0 255 0 45 255 9 0 255 255 0 0 115 0 148 0 255 0
    21 195 0 255 18 0 255 0 79 66 0 47 255 0 255 39 0 0 255 0 0 255 0 0
    255 0 255 0 255 255 0 255 255 255 0 0 174 0 255 0 255 197 0 196 163
    0 252 0 255 0 0 0 255 255 0 255 185 0 255 255 255 0 0 255 255 255 82
    255 255 255 255 0 0 255 0 255 0 255 0 255 0 0 255 255 0 255 12 255
    88 255 0 0 255 0 103 255 0 255 128 255 0 0 156 0 0 255 0 0 0 255 2
    19 255 0 0 255 0 255 245 179 0 255 0 255 0 153 182 0 255 0 36 0 0 0
    248 255 0 255 0 255 107 121 255 0 255 20 0 255 133 0 243 165 255 255
    0 255 255 0 0 255 255 0 0 0 255 186 0 255 153 255 245 255 255 0 255
    0 0 255 0 255 0 91 0 255 255 255 0 0 15 0 255 98 255 255 0 18 118 0
    187 255 255 0 255 0 178 255 0 0 255 0 255 255 66 255 255 255 0 0 252
    0 255 0 0 255 255 255 0 255 0 0 255 0 255 0 0 255 0 0 255 0 0 255 0
    139 216 255 0 0 255 255 0 255 255 0 0 255 255 0 255 135 215 149 0 0
    117 255 0 255 143 0 255 0 196 255 0 195 79 0 255 0 195 255 0 255 0 0
    107 0 255 0 255 255 255 32 199 255 255 140 255 139 0 63 44 196 255 0
    255 255 0 0 255 216 140 255 0 0 0 175 0 255 0 0 255 0 0 0 0 255 0
    176 0 0 23 0 0 188 255 255 0 0 255 0 255 0 255 0 255 0 255 255 0 255
    255 222 255 0 255 255 0 255 236 0 255 255 0 255 0 255 0 0 255 0 255
    7 255 0 255 0 189 217 0 0 255 0 255 255 11 255 255 255 0 0 0 0 255
    255 0 201 89 137 0 255 255 194 122 245 0 255 0 255 247 41 0 255 0 0
    255 255 0 17 255 168 255 0 255 0 255 0 195 0 255 0 171 0 255 0 255
    24 255 0 0 122 255 53 255 0 255 0 0 53 255 0 255 234 207 0 45 49 255
    133 180 0 255 238 0 255 0 0 0 0 0 0 0 0 255 255 0 255 255 47 0 255
    187 11 255 0 255 0 0 76 113 0 255 255 0 255 255 255 255 255 255 0 0
    255 0 0 60 255 0 255 0 0 255 255 0 255 175 0 255 255 0 255 255 255
    255 0 0 0 215 112 207 255 0 0 80 255 255 0 167 0 188 255 0 0 255 255
    0 0 255 0 0 255 0 0 0 0 255 255 0 0 0 255 0 4 255 255 0 0 255 0 255
    0 0 255 0 0 117 0 0 215 255 24 0 255 255 249 255 0 255 255 0 0 255
    255 255 0 255 255 0 255 0 255 5 255 0 0 255 0 0 0 0 255 0 255 255 0
    255 0 0 0 255 0 255 255 255 0 0 255 255 0 0 255 255 0 0 0 0 255 255
    255 0 0 255 0 255 255 0 5 255 255 0 0 64 197 228 255 17 146 247 255
    0 0 255 0 0 255 164 255 0 255 118 255 0 0 255 0 255 145 255 255 0
    255 0 0 0 255 0 255 0 255 0 255 166 0 171 255 0 255 0 255 0 255 0
    255 255 96 0 16 0 10 255 0 255 0 255 0 255 255 0 0 255 80 255 255
    255 255 255 7 255 255 0 35 34 0 255 255 0 97 255 255 0 0 193 0 255 0
    28 221 255 0 255 11 255 0 0 253 77 255 0 255 0 255 255 255 0 0 0 255
    255 0 0 0 255 255 0 44 255 0 255 14 0 0 247 255 255 0 0 255 234 0
    255 0 255 82 0 255 0 0 255 113 0 0 255 0 0 255 0 255 97 0 255 255 0
    0 255 255 255 0 255 0 52 0 0 215 0 255 203 0 255 92 255 0 33 255 0 0
    255 0 255 0 0 0 0 16 248 0 255 255 212 0 255 255 0 255 255 255 0 0
    207 255 0 0 0 254 255 255 0 255 255 0 140 86 205 0 255 255 255 110 0
    201 0 0 255 255 0 255 0 0 255 0 255 255 255 0 209 129 10 78 0 0 0
    255 214 22 0 255 119 150 255 0 255 255 232 36 0 255 255 149 0 255
    103 255 0 255 255 0 255 255 0 255 0 255 133 255 0 153 255 0 255 233
    0 255 0 0 255 107 255 255 0 0 255 157 255 255 255 0 255 0 0 0 180
    232 255 0 255 0 255 0 255 25 0 255 0 255 255 169 255 0 255 0 0 0 58
    0 255 0 0 140 255 255 255 144 255 221 81 255 0 255 255 255 111 138
    255 0 255 255 0 255 0 0 255 255 0 0 255 0 255 255 0 0 255 255 255 0
    255 217 0 20 0 0 255 57 0 255 0 0 255 0 74 0 0 255 255 255 145 255
    255 0 222 255 0 39 255 0 255 0 255 0 148 0 255 255 0 243 0 255 0 0
    255 180 0 0 0 255 82 101 0 0 255 0 255 0 165 0 0 255 70 100 217 255
    255 0 0 0 255 255 67 136 255 0 0 255 0 255 0 255 0 77 255 0 255 255
    0 255 255 0 208 0 255 0 187 66 0 0 165 0 255 46 0 255 0 124 0 0 194
    255 144 0 44 0 168 167 0 255 25 108 255 190 0 255 0 0 59 93 255 255
    0 129 0 0 22 0 177 189 170 0 0 255 0 43 109 0 0 0 255 0 255 95 255 0
    164 0 255 0 255 255 40 0 0 0 255 0 0 255 0 255 0 0 0 255 0 0 235 0
    255 89 0 255 255 116 0 17 255 0 255 170 255 0 0 190 0 0 242 255 201
    151 0 0 0 255 0 190 0 255 226 0 0 255 255 40 0 122 255 0 0 255 255
    255 255 0 255 0 255 0 0 0 0 255 0 0 0 255 255 0 255 29 0 255 255 255
    0 255 0 161 178 255 0 255 255 255 0 255 255 0 255 255 11 84 177 0
    255 255 0 255 255 0 102 255 178 0 255 0 0 255 120 0 255 0 255 255 0
    0 255 255 0 255 0 73 255 0 255 0 255 0 255 0 0 255 255 50 0 255 0
    229 0 255 255 0 255 255 255 0 255 0 0 0 255 255 0 0 0 0 255 0 255
    255 255 0 255 199 255 0 0 131 0 255 0 246 0 255 0 255 180 0 0 255 0
    255 0 255 180 255 92 255 255 255 255 255 246 0 255 255 255 0 0 0 0
    255 255 0 0 249 246 80 187 0 255 255 0 0 0 255 0 255 255 154 218 255
    152 133 0 255 255 0 245 255 0 228 255 255 0 0 0 33 0 255 0 255 0 255
    255 164 0 255 0 166 0 0 255 0 255 83 255 0 255 0 255 255 0 209 0 0
    255 0 141 66 0 172 153 255 255 0 73 0 255 255 132 18 255 255 10 0
    255 0 255 74 145 185 100 0 255 255 255 0 0 255 0 0 0 255 0 255 0 0
    255 142 192 255 0 255 171 255 0 255 255 255 0 0 255 0 0 255 255 255
    0 89 0 0 255 255 0 0 255 0 255 0 0 0 181 255 0 0 255 0 255 203 0 255
    0 248 255 0 255 0 16 255 76 255 255 255 0 255 0 0 255 0 255 0 0 0
    255 255 3 0 255 0 0 255 0 255 0 0 108 0 0 255 23 0 255 0 255 0 0 255
    255 255 245 0 255 255 255 255 0 0 255 255 255 255 0 110 255 0 255 0
    255 0 255 255 255 250 0 0 0 255 0 0 255 113 0 255 255 0 255 0 255
    255 255 0 197 0 0 255 0 0 255 255 0 24 0 0 0 255 0 245 255 0 238 54
    95 249 255 255 255 0 255 255 0 0 108 255 0 255 255 0 0 255 255 255 0
    0 103 126 255 144 255 0 255 0 255 255 255 131 255 0 255 0 255 0 255
    0 237 255 0 255 0 255 255 255 255 223 255 255 0 255 241 255 0 255
    255 202 255 0 255 0 255 255 0 254 0 255 0 148 255 0 225 86 0 255 255
    255 255 0 255 0 140 221 163 255 0 255 255 95 255 255 255 255 0 0 0 0
    0 255 0 255 0 0 0 255 0 0 0 0 255 255 255 0 255 0 255 77 255 255 255
    0 0 0 255 201 255 219 0 105 255 255 12 255 255 255 0 255 0 0 0 0 0
    220 255 244 255 0 255 255 112 0 255 0 255 0 0 9 69 0 151 255 130 255
    255 0 255 0 255 255 255 123 113 255 0 255 255 0 255 0 255 255 0 203
    255 255 255 224 255 0 0 0 4 0 178 0 0 179 255 92 0 255 0 255 0 0 0
    20 255 144 0 0 0 230 255 255 255 0 255 176 0 0 255 0 255 255 18 255
    255 0 218 255 0 200 255 0 255 0 18 0 255 0 255 255 19 0 110 255 0 0
    255 0 255 177 0 103 255 0 177 221 255 0 255 0 255 0 255 54 98 133 0
    255 222 255 0 255 0 0 0 255 0 207 0 106 0 255 0 0 255 0 0 0 0 0 255
    181 255 0 255 0 0 25 255 0 227 23 255 0 255 255 0 5 225 255 0 255 0
    255 0 28 255 255 0 255 8 255 0 255 255 56 0 212 0 255 0 255 23 0 255
    0 0 0 94 0 0 0 142 0 255 0 255 0 255 0 134 0 0 0 28 255 42 0 182 0
    255 0 255 178 176 255 0 197 255 0 0 0 0 255 255 255 0 0 0 255 0 255
    157 255 0 0 255 0 255 0 0 255 255 255 0 255 0 0 0 255 137 215 255 0
    255 0 107 0 255 255 255 222 255 0 12 255 15 0 0 49 0 255 0 255 0 75
    255 0 76 69 0 255 0 255 243 255 0 0 255 0 255 255 0 0 89 0 0 255 255
    0 255 0 0 0 255 41 50 255 255 88 116 0 255 0 255 255 0 0 255 0 0 255
    255 0 255 255 255 0 255 0 156 111 255 0 255 0 149 255 0 2 204 0 0
    255 0 0 255 0 0 156 109 0 0 0 50 0 116 126 0 255 54 255 4 255 0 0
    253 255 0 255 255 14 255 0 0 255 255 0 0 41 141 255 0 255 136 0 0
    255 255 255 0 255 0 255 160 255 0 0 0 238 124 0 0 255 0 255 255 0 0
    255 0 18 255 0 255 0 255 0 255 0 255 0 255 0 0 255 0 255 0 255 255
    152 255 0 255 0 255 0 255 255 51 255 255 255 133 0 90 15 255 255 255
    255 0 0 1 255 0 255 204 255 0 0 255 255 179 255 0 255 0 0 0 0 255 0
    255 0 190 255 255 0 0 107 255 255 0 0 0 0 255 255 0 255 0 255 255
    255 255 99 0 255 0 0 255 0 0 255 255 64 40 255 187 255 145 255 0 222
    255 0 255 255 0 255 0 255 0 0 255 0 0 0 255 0 151 255 255 0 88 0 255
    0 255 0 255 75 0 255 0 0 255 0 0 255 0 0 255 0 255 0 255 0 0 255 213
    0 255 255 66 255 0 255 129 91 255 67 255 0 255 0 255 188 0 255 255
    255 0 255 126 56 38 255 0 141 0 0 255 140 0 0 255 0 255 0 255 151
    255 121 235 255 0 255 146 255 0 255 18 0 3 0 0 255 0 255 193 0 102 0
    0 171 0 255 204 255 108 255 255 255 0 200 0 100 0 255 255 0 0 255
    255 0 130 0 255 92 37 255 0 0 0 255 255 0 255 0 255 0 255 0 187 255
    0 255 0 255 0 0 0 255 153 253 0 255 255 171 0 0 0 0 103 155 0 0 255
    0 0 255 0 255 0 0 0 255 0 255 124 255 0 255 0 0 255 255 253 0 174 97
    0 255 0 255 0 0 255 0 255 0 255 255 0 255 0 255 255 0 255 0 255 255
    255 0 0 0 0 0 255 0 125 0 255 0 255 0 0 0 255 0 255 0 255 0 0 0 255
    220 0 0 255 0 52 0 255 255 0 126 0 255 0 255 0 255 0 255 248 255 255
    130 255 0 0 255 113 0 255 70 233 255 145 0 255 0 0 255 0 138 255 255
    0 33 255 0 219 63 0 255 0 0 255 255 0 0 255 255 0 255 0 255 129 0
    255 0 0 0 255 0 255 0 141 0 0 212 0 0 98 255 0 129 255 0 255 255 103
    92 0 255 255 255 0 255 255 0 85 30 0 255 0 255 193 154 255 255 63
    255 255 177 255 139 255 0 234 255 143 255 25 255 0 22 0 255 72 0 255
    0 0 0 255 7 0 0 255 255 0 0 255 255 69 39 0 255 0 255 190 255 0 255
    255 0 255 0 0 48 255 0 183 255 255 4 255 0 26 169 0 255 0 114 0 0
    255 0 255 0 255 0 255 123 46 243 255 0 103 255 53 0 0 255 0 255 0 0
    255 255 0 48 0 255 255 0 169 255 255 0 255 56 246 0 198 255 0 217
    123 202 255 255 0 0 255 255 255 255 99 0 185 0 255 255 0 0 255 0 255
    0 0 0 255 0 0 255 0 255 0 255 157 222 51 73 0 0 255 0 255 22 255 255
    0 255 255 0 0 0 255 164 0 255 0 255 16 0 0 0 255 0 255 255 255 0 11
    0 255 151 255 53 215 0 255 0 255 63 209 255 0 0 0 255 0 255 0 255 0
    0 117 0 255 255 0 0 255 255 255 0 0 255 176 0 255 148 0 15 73 0 0
    255 0 81 0 137 255 49 56 0 255 0 0 0 0 255 255 0 0 255 0 0 0 85 255
    0 255 0 255 209 242 215 0 0 255 255 0 0 0 0 255 255 0 0 43 61 0 255
    255 0 0 255 35 255 155 0 255 0 255 0 0 255 255 255 255 255 0 255 255
    125 0 255 0 0 255 0 0 0 0 120 255 0 0 255 0 255 255 43 0 56 0 255 0
    84 206 0 255 0 255 0 255 0 95 255 129 255 0 209 255 255 0 0 0 255
    255 255 0 255 255 255 255 0 255 0 255 255 0 0 0 255 0 0 220 255 167
    0 155 123 0 0 255 160 255 0 6 108 255 255 0 0 255 254 255 0 119 0
    255 0 0 255 0 0 255 0 255 0 0 173 255 255 0 149 140 191 255 0 255
    255 0 255 255 45 0 255 0 255 255 255 0 5 255 0 160 255 0 255 59 255
    255 0 255 0 255 255 255 0 255 255 0 0 255 0 255 144 0 0 0 255 0 0
    213 43 0 220 255 255 255 255 248 0 255 0 0 0 173 0 255 0 255 255 33
    255 0 0 149 255 0 255 0 43 0 0 255 0 69 255 255 0 255 0 255 255 0
    255 0 255 130 0 255 255 0 0 175 0 255 0 255 255 255 23 255 255 255
    255 0 255 0 0 255 173 0 0 255 0 255 255 0 0 36 255 255 255 114 0 140
    255 172 255 0 113 0 255 227 255 255 151 255 255 0 0 5 0 255 0 255 0
    255 0 0 255 0 0 255 0 255 0 0 255 0 0 0 0 255 0 255 255 255 233 255
    255 0 255 255 0 0 53 0 0 255 126 0 0 255 255 210 0 255 255 52 0 0
    115 255 255 213 53 0 128 255 255 74 0 255 255 0 255 255 255 255 255
    0 255 0 255 255 208 0 0 0 255 0 0 212 0 196 0 213 0 0 255 231 0 255
    0 255 88 0 0 255 0 255 0 0 0 160 223 255 216 0 255 0 195 255 255 0 0
    0 200 255 238 255 0 0 35 62 255 255 0 254 0 255 0 22 0 84 0 255 137
    255 0 0 57 0 255 255 0 0 255 0 0 255 0 0 0 69 0 255 0 176 255 0 0 0
    161 0 255 0 0 255 94 0 255 0 255 0 0 255 35 255 255 255 0 255 0 255
    255 0 153 0 252 0 255 0 255 0 255 100 105 0 0 255 0 255 255 0 0 255
    255 0 122 0 255 0 0 255 0 255 0 255 255 0 255 0 255 0 255 255 0 188
    0 0 0 166 108 255 0 193 255 211 124 28 0 255 26 255 0 255 24 0 255
    255 255 0 0 102 255 255 0 255 0 0 255 0 0 255 0 255 0 0 255 255 119
    255 255 0 255 154 255 61 255 0 184 255 255 0 7 0 0 0 255 253 255 0
    179 255 255 0 185 24 255 0 0 255 0 0 255 0 53 255 255 0 255 62 0 0
    255 224 0 255 0 255 255 0 255 105 111 211 3 121 255 0 13 44 255 255
    255 144 0 255 255 255 83 255 0 255 0 0 0 220 255 0 255 255 0 0 255
    255 255 19 68 255 108 0 255 255 255 255 0 255 0 255 52 255 0 255 0
    255 6 255 121 193 0 82 255 0 0 120 111 255 255 0 171 255 43 0 0 255
    153 0 0 81 255 255 255 239 30 249 255 94 0 255 255 0 1 0 0 255 0 0 0
    255 166 234 255 0 255 0 255 255 0 0 255 0 0 255 0 0 0 255 0 255 133
    0 255 0 255 255 0 255 0 255 0 0 0 255 0 0 82 255 0 255 45 0 0 255 73
    0 64 255 255 255 104 107 0 0 255 0 148 255 109 255 48 14 255 0 35 0
    255 0 0 255 0 26 255 33 0 255 0 255 0 255 255 200 217 0 255 0 0 255
    35 0 0 151 79 0 113 255 0 169 255 255 0 0 0 255 0 0 255 0 47 0 0 255
    0 255 255 0 255 0 0 255 0 255 255 255 0 255 0 255 255 255 0 0 255
    255 0 0 255 0 255 0 0</data></my_img>
<your_img type_id="opencv-matrix">
  <rows>128</rows>
  <cols>256</cols>
  <dt>u</dt>
  <data>
    231 189 0 0 0 255 0 255 255 0 0 255 255 0 255 255 0 0 255 255 255
    255 0 255 0 255 255 0 0 255 0 0 210 255 255 171 255 255 255 255 209
    0 0 255 0 0 30 243 255 0 0 0 255 119 0 255 255 47 0 0 255 0 255 57
    255 255 255 255 0 32 82 255 255 255 155 255 48 121 0 255 0 93 0 255
    252 22 255 0 89 0 0 255 255 0 0 0 191 255 0 255 0 255 0 255 255 0 47
    255 140 9 255 0 255 255 0 255 0 0 255 255 0 0 153 255 162 113 255 0
    255 0 255 0 212 0 255 0 255 0 255 0 0 0 255 0 255 0 0 0 193 134 249
    255 0 255 0 0 0 0 255 0 255 0 255 214 0 2 255 160 44 0 255 0 255 255
    0 255 239 178 220 27 91 0 255 0 0 255 255 0 255 255 0 255 0 255 0 0
    172 255 0 255 255 255 0 255 155 150 255 0 255 0 0 0 0 0 0 255 0 255
    0 0 104 0 0 0 0 255 0 0 34 0 159 255 0 255 0 255 171 255 26 0 209 0
    255 0 156 0 255 255 107 146 255 255 0 0 255 0 255 0 255 255 0 0 255
    0 109 0 255 0 255 0 255 0 255 117 0 0 0 0 255 0 44 255 41 0 94 0 97
    0 255 0 0 0 255 0 0 200 255 255 255 0 0 255 255 234 255 218 255 255
    0 255 232 183 255 0 156 255 0 255 255 122 0 134 12 0 255 255 0 0 0 0
    255 21 0 255 0 38 155 255 255 0 255 0 31 255 255 255 255 0 255 0 255
    0 0 0 40 255 0 0 255 0 255 0 78 0 255 0 255 255 0 15 255 97 255 255
    255 0 255 255 0 248 0 255 0 255 255 255 0 6 255 0 43 0 0 255 0 0 255
    255 153 255 0 255 255 255 255 255 255 0 171 0 9 255 0 0 0 255 0 0 0
    255 0 2 0 0 255 255 58 255 0 159 255 0 82 255 0 255 255 0 0 255 255
    13 0 255 0 255 255 255 255 255 0 255 0 255 255 44 0 0 255 0 255 255
    0 255 0 124 255 0 255 226 216 255 255 0 255 255 255 0 255 255 73 0 0
    255 255 211 255 0 0 255 0 255 0 0 176 255 255 255 0 255 0 255 0 0
    255 255 0 0 255 0 0 255 0 85 152 0 255 80 0 0 89 255 0 184 0 255 0
    255 46 118 0 255 255 255 0 0 229 255 0 255 0 255 52 255 158 191 255
    255 0 154 237 232 0 255 255 255 206 0 0 255 0 0 255 255 255 225 255
    0 90 0 255 45 255 255 0 255 255 0 220 255 0 255 255 0 0 255 0 255 0
    0 128 255 155 0 255 0 0 255 0 0 255 0 0 0 255 255 255 0 255 255 0
    255 255 255 0 0 0 73 255 255 255 208 15 255 0 0 184 151 0 255 0 0
    255 76 255 199 185 230 30 0 255 225 118 102 0 255 255 0 255 31 255
    255 149 0 78 255 255 123 255 0 0 255 0 209 153 120 70 0 255 255 255
    255 255 255 0 154 255 0 255 255 123 0 227 24 0 127 0 0 255 0 255 255
    0 255 0 200 255 255 197 0 255 0 0 0 255 0 255 0 255 0 0 0 255 255 0
    0 255 0 255 0 255 211 255 27 255 255 33 139 94 255 0 0 157 255 0 255
    255 0 255 140 0 0 0 255 255 0 0 255 255 0 255 2 0 0 158 45 177 0 255
    255 0 255 95 49 0 167 0 0 0 255 255 0 95 0 255 0 0 145 255 169 255
    128 255 0 255 255 0 146 255 0 255 0 60 0 255 0 0 121 255 255 255 0 0
    176 0 255 0 0 255 255 0 255 34 255 0 255 255 0 156 255 0 255 0 255
    184 255 173 20 0 255 0 255 0 70 62 129 255 0 0 255 21 0 255 0 0 255
    255 0 0 185 255 0 255 41 255 0 255 255 60 255 0 0 255 0 255 0 255 0
    185 0 255 130 255 163 217 255 0 97 255 185 255 0 255 0 255 255 9 255
    255 255 0 0 255 0 3 255 0 255 255 0 255 0 0 255 0 182 0 0 0 0 255 0
    169 0 255 0 255 108 66 255 0 255 0 255 255 255 0 0 0 255 255 39 255
    120 255 0 255 255 255 255 255 255 0 255 0 255 0 0 114 255 255 0 255
    255 134 255 197 0 255 106 0 0 207 255 0 255 29 255 231 0 255 0 233
    255 255 255 255 0 242 78 255 0 255 0 0 0 224 255 0 255 0 255 0 0 255
    0 255 255 255 255 62 0 255 255 0 255 255 0 255 108 255 0 255 255 255
    78 0 23 255 0 255 255 0 255 255 0 255 255 13 255 0 205 0 0 0 255 0 0
    255 0 58 0 255 207 0 255 255 111 0 234 13 255 255 0 0 218 215 255
    198 160 255 0 255 0 255 0 255 0 0 255 255 173 0 16 44 0 125 0 0 255
    0 0 0 255 255 0 255 0 255 255 0 0 255 0 124 0 255 255 255 0 255 0 0
    255 254 0 255 255 0 255 108 255 0 0 255 255 0 0 0 255 0 255 0 255
    255 0 255 0 0 255 0 255 17 255 246 137 252 0 63 255 0 0 219 0 167 0
    37 255 255 255 0 0 255 0 174 0 0 255 255 255 120 74 0 255 255 0 255
    255 208 255 242 0 0 255 255 0 0 255 148 0 106 0 252 255 0 0 255 255
    0 227 0 255 255 176 255 0 0 255 0 255 255 251 0 247 255 255 0 255 64
    0 0 255 0 0 0 65 255 0 0 0 230 0 255 24 0 255 0 255 0 0 0 255 0 148
    23 255 0 255 0 255 255 0 255 142 255 0 0 0 210 0 0 255 255 0 255 157
    255 0 0 0 255 255 0 226 0 255 0 0 0 0 0 255 255 83 255 219 0 0 255 0
    106 0 255 255 255 0 0 255 255 255 255 255 20 255 134 255 0 255 255 0
    255 0 0 0 255 255 0 0 0 255 255 255 0 28 0 255 0 29 0 255 225 255 0
    0 50 0 0 0 255 255 255 255 0 255 124 255 205 132 0 0 176 255 0 255 0
    255 255 0 0 255 255 255 221 0 142 0 255 0 255 0 0 255 0 0 0 0 0 0 0
    255 0 0 250 255 0 12 255 0 0 255 0 0 0 85 0 0 255 255 184 0 255 0 0
    121 255 255 0 195 255 0 0 0 255 255 101 0 255 185 0 115 0 255 255
    255 0 0 0 0 250 132 113 255 0 199 255 0 96 255 255 0 0 255 159 120
    255 255 180 134 255 0 255 239 151 255 0 255 0 255 0 255 0 0 85 255
    255 220 255 0 255 255 0 87 0 192 0 51 255 0 0 255 0 0 95 0 255 216
    69 255 0 195 226 0 0 170 0 255 0 255 255 34 0 255 255 126 255 0 255
    255 255 255 0 255 255 0 84 0 255 0 255 0 0 43 0 0 255 13 0 0 149 255
    0 255 255 255 170 255 181 0 0 0 255 0 255 0 0 0 255 13 0 0 0 185 255
    0 0 160 18 255 255 0 255 242 0 0 90 255 255 0 0 255 255 0 255 0 255
    0 0 219 255 0 0 109 255 255 255 0 255 0 255 255 0 255 255 0 255 0 0
    0 255 255 0 0 255 255 255 0 255 0 255 0 255 255 0 0 255 0 255 0 0
    255 0 255 0 255 0 0 255 0 0 0 255 67 0 255 255 0 45 255 236 160 255
    255 0 255 255 88 0 148 0 0 255 255 0 128 235 255 0 255 0 255 255 0
    255 0 0 255 0 255 255 0 255 0 0 0 255 255 255 138 72 0 0 0 255 177
    180 0 0 213 117 0 78 0 222 0 0 193 255 0 0 255 218 146 255 0 255 0 0
    255 255 0 0 0 0 0 63 255 255 255 255 45 40 175 255 255 0 255 255 229
    255 70 162 255 255 0 0 255 255 0 15 0 255 95 0 0 255 255 116 120 255
    0 223 0 255 0 29 186 255 0 255 0 255 255 0 0 255 0 241 255 0 150 255
    0 0 0 255 203 0 0 225 255 0 255 255 0 255 0 115 0 0 255 255 0 255 0
    255 255 255 0 147 255 255 158 0 255 0 255 255 255 0 0 255 255 0 0 0
    0 32 99 0 255 0 0 255 232 255 0 109 0 0 0 255 49 255 255 0 0 0 250 0
    255 0 148 255 0 79 255 255 0 0 255 0 0 0 255 0 0 255 255 255 0 0 0
    165 0 0 255 0 0 211 0 255 0 255 147 0 58 0 0 0 255 0 255 198 255 255
    255 0 255 175 151 0 255 255 0 255 0 135 255 0 0 245 134 109 255 255
    255 0 52 255 0 255 0 255 76 255 0 0 255 0 0 216 81 255 0 255 0 205
    236 190 255 0 0 255 0 184 255 255 255 255 255 15 255 0 0 179 255 134
    0 26 0 255 0 255 0 221 0 255 255 0 255 0 255 255 125 0 0 255 255 191
    0 255 255 0 0 0 194 255 0 255 0 255 0 255 0 196 0 131 0 126 0 168 0
    0 198 255 255 255 208 0 198 114 0 255 0 222 28 46 255 0 255 255 47 0
    255 0 255 255 255 0 255 0 255 235 255 255 165 37 255 255 139 0 0 255
    0 255 0 255 0 0 0 255 255 255 0 255 255 0 0 255 0 0 0 0 255 0 255 0
    255 67 192 212 0 255 0 255 255 255 107 255 255 255 255 107 0 0 227
    113 16 255 0 106 182 255 0 228 221 198 0 0 44 255 255 255 255 181 0
    52 139 255 255 0 0 253 255 255 0 25 255 0 0 255 0 0 0 174 0 255 0
    255 0 255 255 255 0 0 255 0 255 0 255 0 255 255 255 125 0 255 255 0
    0 255 0 255 24 0 255 0 255 255 65 173 191 0 121 255 255 255 0 255 0
    255 0 205 255 121 255 255 141 255 38 22 255 255 162 255 0 255 255 0
    255 0 255 255 0 0 0 255 223 255 255 59 0 0 0 0 0 116 0 255 255 0 255
    0 255 0 255 0 158 255 0 255 18 0 173 255 255 0 255 0 216 255 255 0 0
    255 255 0 255 93 255 255 59 0 245 0 255 0 255 0 255 255 0 255 255 0
    173 255 255 239 0 28 0 0 45 149 255 255 255 0 255 0 0 255 0 255 226
    134 0 0 255 255 0 0 255 0 255 107 0 0 0 0 255 0 0 158 255 207 0 0
    255 0 255 0 0 255 255 0 0 0 255 0 0 255 0 255 255 0 255 0 255 255
    212 209 255 0 255 0 0 46 255 255 0 255 0 77 0 255 0 255 0 255 255 0
    255 255 255 0 212 255 0 0 78 255 0 115 0 255 215 0 42 0 228 109 243
    0 0 37 0 255 255 0 0 255 0 0 255 255 0 255 194 255 255 0 255 3 255 0
    117 0 255 0 0 255 0 255 0 255 255 0 0 255 255 255 206 255 162 0 255
    0 255 255 0 255 0 255 0 0 119 0 0 209 0 163 255 0 0 0 255 0 0 255 0
    255 255 0 0 207 116 0 255 255 0 0 178 255 255 0 255 0 255 255 255
    181 10 0 255 255 255 0 255 91 255 0 0 0 54 255 255 0 0 0 92 255 0
    134 255 0 0 255 255 0 0 0 255 255 0 255 255 133 0 54 0 0 0 199 0 0 0
    164 255 255 255 255 0 0 255 0 255 0 255 0 0 255 0 255 255 255 229
    219 0 0 0 255 0 255 0 255 255 0 255 0 255 0 0 255 0 0 255 71 159 0 0
    0 255 0 0 33 0 255 0 255 0 255 0 255 0 199 255 255 0 255 0 0 255 255
    0 0 233 255 216 255 0 255 34 255 0 53 0 70 0 0 255 255 255 0 255 0
    255 206 0 119 255 76 255 0 0 255 0 28 151 0 0 79 0 255 0 202 59 0 0
    255 255 255 0 0 255 203 0 255 0 255 0 255 255 0 0 255 255 0 255 0
    255 0 27 245 99 0 0 254 152 255 0 255 0 0 255 145 255 0 255 0 0 255
    0 0 255 98 93 255 0 255 0 255 0 255 0 255 255 255 255 255 0 255 0
    255 0 0 255 0 156 210 98 0 255 172 129 0 255 0 0 255 255 0 0 255 0 0
    255 255 255 0 0 255 0 168 255 150 0 221 255 0 54 0 0 255 255 255 255
    0 255 98 0 255 0 255 255 255 0 255 255 242 0 255 0 0 0 255 0 255 255
    0 255 0 0 0 255 0 0 255 60 80 255 240 100 155 255 0 35 0 255 0 255 0
    0 0 255 255 255 64 226 0 0 255 0 0 0 255 255 0 255 0 255 255 252 255
    0 255 0 255 255 0 255 255 0 0 255 133 44 255 0 124 255 255 73 0 0 0
    255 255 0 86 255 220 255 54 255 255 0 255 0 255 0 255 0 0 0 0 255
    169 232 0 3 0 255 0 255 40 0 0 0 213 0 255 255 0 255 0 180 0 38 0
    255 0 255 255 255 255 255 0 255 0 0 150 0 255 255 255 0 0 115 255 0
    0 255 255 255 228 255 0 0 255 0 255 89 0 63 0 0 255 255 255 255 0
    255 15 0 0 255 0 0 240 255 255 0 255 255 0 0 255 16 255 0 255 206 0
    255 0 0 0 111 186 0 0 255 255 0 0 0 0 0 255 234 0 0 201 0 255 255
    255 255 0 0 0 0 255 0 0 72 0 209 0 255 255 0 255 0 0 255 0 255 0 255
    0 255 255 101 0 255 255 255 0 0 39 0 255 99 255 0 255 255 0 255 0
    255 154 255 255 219 0 255 255 255 0 45 0 255 255 255 255 192 237 212
    180 255 255 0 255 0 255 66 61 124 160 120 137 255 0 0 255 0 255 0
    246 0 255 55 255 0 255 255 255 255 0 255 181 255 0 255 255 0 255 255
    0 0 0 7 0 255 0 255 255 0 0 255 255 0 255 0 0 255 255 0 255 178 42
    255 0 255 129 0 255 255 0 255 0 255 13 255 0 0 255 215 0 255 255 0
    255 255 255 255 255 15 255 0 110 255 15 155 255 138 255 0 255 255
    255 255 0 221 0 0 255 0 0 0 0 255 0 255 0 255 0 0 0 143 0 144 255 0
    255 255 255 0 0 139 0 255 0 152 0 0 255 0 255 255 255 0 0 26 0 107 0
    221 255 0 242 0 131 51 57 0 228 79 255 0 255 0 0 255 255 0 137 139
    255 0 255 0 0 255 255 0 255 0 255 255 255 0 0 255 255 255 0 255 184
    0 0 0 211 255 255 0 0 0 255 167 0 255 255 112 0 255 0 15 110 0 255 0
    0 0 255 0 255 0 249 0 0 219 0 142 0 255 255 14 165 255 209 0 143 255
    0 255 255 0 0 162 0 255 0 0 255 0 255 171 255 0 255 72 124 182 0 0 0
    0 255 255 40 0 255 107 0 255 251 255 0 255 0 255 0 0 255 255 0 226
    75 0 255 0 0 144 159 0 126 0 81 0 0 255 255 0 0 252 255 230 255 175
    0 202 8 255 255 0 255 223 0 255 0 86 0 132 0 255 0 0 255 0 0 220 0 0
    255 255 255 0 180 0 52 255 255 0 255 255 0 0 255 255 255 0 255 101 0
    255 45 248 255 159 0 255 165 255 0 255 255 0 255 255 0 120 0 255 255
    0 255 0 255 0 131 255 0 255 0 255 255 0 255 255 0 0 255 0 255 0 0
    255 0 255 0 255 255 0 167 73 0 255 255 0 255 0 255 195 0 246 255 255
    0 231 0 255 0 255 255 255 0 143 255 0 35 255 0 255 30 255 0 56 255 0
    222 255 255 62 0 255 255 68 255 0 103 0 255 255 255 255 195 255 255
    0 18 0 255 255 255 0 0 255 0 0 0 0 255 100 0 255 0 0 217 196 255 255
    0 255 153 255 255 0 255 255 255 0 0 0 255 255 0 255 57 255 255 0 0 0
    0 0 255 0 68 255 0 255 0 51 94 106 255 0 0 0 255 255 136 255 0 255
    201 22 0 42 255 255 0 0 255 0 255 255 255 255 255 0 255 0 50 255 0
    149 0 92 255 0 255 0 255 255 224 255 0 255 106 255 19 255 0 172 0
    255 255 0 255 255 0 255 0 255 0 255 0 255 0 0 255 255 0 255 255 26
    255 0 245 45 255 0 0 255 255 109 255 82 54 0 164 255 0 255 0 255 255
    255 0 255 0 0 255 0 255 0 0 255 0 5 0 255 255 0 255 255 0 255 210 0
    255 0 255 0 0 255 255 0 255 0 173 77 0 255 37 0 0 171 255 255 0 0
    137 255 0 250 28 255 0 255 255 231 0 255 255 171 0 255 30 0 0 134
    255 255 59 0 0 0 255 255 49 255 0 255 255 0 255 0 255 52 0 255 0 255
    0 0 255 255 0 255 0 255 0 255 0 255 255 0 0 255 0 0 255 0 38 255 255
    0 0 126 255 4 255 0 255 255 0 255 255 255 127 0 255 255 0 0 255 0
    239 0 255 0 98 0 255 0 255 255 0 0 255 0 0 255 195 0 0 255 255 0 242
    255 210 195 0 0 255 154 0 255 0 255 255 0 68 0 0 243 255 255 255 0
    255 0 255 0 255 0 255 0 255 255 0 255 0 255 0 0 255 122 255 255 0 74
    109 255 0 255 0 255 0 0 255 0 0 0 0 255 0 145 170 37 0 155 255 0 151
    0 255 0 255 0 248 248 212 0 0 0 0 0 255 0 0 255 0 210 255 18 244 0
    172 0 191 253 255 40 0 44 255 0 255 0 38 193 255 0 255 0 0 255 255
    44 255 0 255 151 218 139 0 255 0 0 0 206 0 161 124 255 255 255 0 101
    255 18 0 199 213 255 255 0 255 0 67 0 0 154 255 125 0 255 0 0 97 255
    0 0 148 255 255 255 255 0 172 255 0 255 0 255 173 0 255 0 0 255 0 0
    255 13 0 255 255 0 0 29 0 255 0 0 255 0 0 255 0 2 255 0 0 0 164 0
    255 255 0 85 228 255 122 255 92 255 255 151 255 0 0 255 0 255 0 255
    0 6 255 255 0 7 255 255 255 0 255 0 255 255 17 255 0 75 0 255 255 0
    255 34 255 255 241 255 255 0 255 0 0 255 0 28 82 0 255 255 0 255 0 0
    125 255 255 0 63 54 181 255 255 0 96 0 255 255 255 255 0 255 0 255
    255 255 0 255 0 255 255 0 255 0 8 255 7 226 255 0 0 255 255 110 255
    0 148 255 255 93 99 255 255 0 255 255 255 0 255 0 0 255 255 0 0 0 0
    255 93 255 0 255 255 0 255 2 0 214 255 0 0 255 0 255 64 54 174 0 0 0
    255 0 255 0 42 255 255 0 255 254 255 255 0 255 255 198 0 0 255 255
    255 29 255 0 0 0 255 255 255 255 255 255 255 0 0 255 255 0 0 0 255 0
    0 0 0 255 255 0 255 0 255 0 0 20 255 19 0 255 0 154 0 0 255 141 198
    0 255 255 255 0 255 8 223 255 255 255 255 255 0 255 0 255 255 0 255
    0 0 255 0 54 255 0 255 255 0 112 80 0 255 255 0 0 255 255 255 255 0
    0 255 255 255 255 255 0 0 0 255 255 28 255 255 0 0 255 0 255 207 255
    0 0 255 255 0 0 0 255 0 255 0 0 255 0 255 227 156 0 0 79 255 255 125
    0 0 0 0 255 81 0 255 255 0 255 255 0 255 0 255 0 255 255 0 181 163 0
    76 0 255 185 5 0 255 255 0 255 255 148 0 171 255 0 255 94 255 255 0
    255 37 0 255 255 255 0 255 246 0 255 255 0 0 255 0 156 0 255 255 0 0
    120 0 1 0 255 255 0 109 255 0 0 255 29 177 255 0 91 120 255 244 255
    226 255 0 0 255 0 189 255 255 8 0 0 0 255 255 142 255 255 255 118
    255 255 0 255 0 169 255 255 0 113 88 91 255 0 255 255 0 0 0 195 255
    255 255 0 240 0 255 127 54 237 255 255 255 0 255 255 0 255 255 0 255
    0 234 0 255 255 0 255 255 255 255 29 0 227 255 0 0 0 145 0 91 255 0
    255 255 239 255 255 0 255 0 0 255 255 0 0 0 0 255 255 0 255 255 0
    255 0 255 255 0 255 0 0 0 255 0 0 0 255 255 47 186 255 0 0 255 0 0 0
    255 0 219 255 255 157 0 0 16 0 0 255 255 255 255 0 255 255 0 255 0 0
    235 255 0 238 255 0 255 0 255 0 0 255 0 255 255 35 55 0 0 255 255 0
    0 2 255 255 37 0 0 255 0 255 0 255 0 130 255 0 255 0 255 17 160 50
    255 0 0 160 0 0 255 0 255 158 0 255 126 0 255 37 0 255 7 255 114 255
    24 0 0 255 0 255 159 0 0 74 255 129 0 255 0 255 0 0 255 255 255 93
    176 255 0 255 255 255 0 255 0 106 255 0 255 255 255 0 255 0 255 177
    0 255 0 255 0 0 219 255 232 255 255 0 0 255 192 81 0 0 0 0 255 0 255
    0 50 34 255 114 255 5 0 255 125 112 255 0 255 255 61 0 36 255 255
    255 50 0 255 164 0 0 0 255 255 123 2 255 0 0 0 0 150 0 196 0 255 0 0
    0 173 255 220 0 35 0 255 0 255 255 255 0 255 255 0 122 149 233 255 0
    255 255 255 255 0 0 255 0 0 255 127 74 0 0 255 0 255 234 51 0 255
    255 125 255 255 90 155 255 0 216 0 255 0 255 255 255 229 255 0 255 0
    246 255 255 255 255 255 255 255 0 0 255 33 0 0 255 0 255 255 0 255
    124 255 0 0 255 188 114 0 255 255 0 203 255 0 0 255 117 255 0 30 89
    255 255 0 255 255 0 255 255 255 0 255 0 255 0 0 0 255 255 0 255 224
    255 0 0 255 0 255 158 215 255 0 0 255 0 255 172 0 255 255 0 255 0 0
    184 0 255 15 255 178 255 0 46 224 0 0 91 124 0 255 155 0 255 255 0
    255 255 0 255 130 19 0 0 0 255 53 55 7 255 0 255 0 0 0 0 255 0 0 38
    255 0 255 0 255 0 255 0 0 255 255 0 0 112 255 255 0 255 0 50 255 255
    0 255 95 207 255 86 0 105 255 0 255 0 107 0 255 255 128 138 160 0 0
    84 0 0 255 255 0 0 255 0 0 0 255 0 255 255 0 255 0 255 10 81 255 255
    0 255 207 255 255 255 0 255 0 255 0 255 255 0 255 145 0 0 255 255 0
    0 0 38 255 0 105 255 0 255 47 255 16 201 255 35 255 255 0 0 255 255
    0 232 191 0 255 255 255 0 255 175 255 0 0 0 191 0 255 0 57 255 131
    103 255 255 0 216 0 255 255 0 115 0 108 255 255 0 0 121 148 0 0 42
    101 0 165 0 255 0 255 0 127 255 0 255 0 0 255 255 0 210 0 0 255 0
    254 255 0 0 255 255 0 255 0 255 255 255 0 255 255 0 250 0 255 255
    255 35 0 206 0 0 0 255 255 255 0 184 255 0 255 255 255 0 255 0 0 255
    255 0 169 255 0 23 193 255 227 255 0 255 255 255 27 255 0 192 0 255
    255 0 105 208 255 80 75 58 255 0 0 0 255 255 0 255 0 255 0 35 0 255
    74 0 0 198 134 255 0 255 95 0 255 0 255 255 0 255 255 0 255 255 0
    255 68 0 0 67 0 0 38 0 255 0 255 255 255 0 0 0 255 39 255 55 255 92
    253 170 255 255 0 0 0 255 1 255 184 0 255 255 0 0 255 5 255 0 121
    255 255 0 255 0 0 255 71 0 173 0 109 190 206 255 0 255 171 255 132 0
    255 255 0 255 0 227 255 0 214 0 255 255 0 255 255 255 0 0 255 139
    238 0 0 255 255 0 0 255 0 255 0 12 255 255 0 255 0 255 46 255 255 0
    0 255 0 0 255 0 255 0 35 0 255 0 255 0 255 0 255 0 255 255 0 255 0
    255 0 255 0 255 0 255 69 0 188 0 97 255 0 0 0 255 255 0 0 255 0 0
    255 255 0 255 255 255 0 0 0 255 255 0 68 255 0 255 0 0 0 50 255 0
    255 0 255 232 0 255 255 0 255 127 61 255 133 118 0 255 255 0 0 255 0
    255 255 0 255 0 255 27 255 0 255 255 0 0 14 0 0 255 30 255 255 0 66
    0 255 255 0 255 255 0 255 3 0 0 255 0 255 255 0 255 255 0 255 255 76
    255 0 222 0 255 0 255 0 0 0 255 0 0 255 255 66 0 176 151 255 0 255
    255 200 255 0 255 255 0 0 60 0 255 0 0 0 0 255 0 147 255 0 255 0 0
    207 255 0 151 255 255 0 73 255 197 255 243 0 255 255 0 255 232 245
    118 255 0 0 0 0 255 255 0 255 0 243 205 0 255 0 255 0 61 0 255 0 255
    0 255 0 255 83 0 0 0 0 180 0 0 37 255 255 251 0 0 0 255 255 0 3 0
    255 255 0 0 120 255 255 141 255 0 34 176 255 255 12 255 255 240 0
    255 0 255 0 255 0 149 0 255 0 82 255 255 128 0 255 15 255 82 255 91
    0 0 255 255 0 47 0 255 13 0 255 189 0 255 255 0 255 0 61 0 253 101
    255 0 255 0 0 0 255 255 255 0 255 0 0 0 255 216 255 0 247 255 0 241
    0 0 0 221 0 31 255 0 43 110 255 0 163 161 0 255 0 255 255 10 0 255 0
    0 255 0 255 0 0 255 23 0 233 0 255 0 255 0 255 0 255 255 255 0 195 0
    0 0 255 0 255 55 0 0 0 242 255 255 1 0 138 140 255 255 0 0 54 255 0
    255 0 255 255 255 255 0 255 255 255 0 255 0 0 62 230 0 255 114 217 0
    255 0 255 0 0 255 255 255 0 255 0 0 255 255 0 255 0 0 255 0 255 255
    0 0 255 0 0 255 0 255 255 0 0 255 118 0 255 0 255 255 209 255 0 231
    0 255 255 0 255 218 255 0 0 255 255 0 255 0 103 190 255 255 0 255
    255 0 255 0 76 255 255 0 0 255 255 255 63 255 108 255 0 0 255 0 255
    0 255 0 150 61 255 0 255 255 0 255 255 0 63 117 255 0 255 164 255 0
    255 255 42 255 255 76 0 0 0 255 0 233 0 255 0 255 0 255 0 255 255 0
    255 0 0 168 255 255 70 0 255 0 0 255 0 78 255 185 0 155 0 117 255 0
    0 255 255 0 255 255 255 255 187 255 0 255 255 255 3 255 0 255 255 0
    18 114 87 0 238 0 0 161 3 0 255 0 0 35 255 255 255 0 245 255 255 0
    255 219 0 255 255 0 177 255 0 255 0 255 121 179 255 0 0 255 127 255
    0 255 0 255 173 255 255 0 0 255 0 255 0 255 255 0 255 0 255 62 5 0
    255 52 191 218 0 0 255 106 255 0 0 255 84 226 255 255 144 102 66 0
    255 255 255 0 255 0 0 255 0 0 255 0 255 0 255 209 255 0 70 255 132 0
    255 0 100 255 0 0 255 255 255 255 0 0 255 55 224 255 0 255 0 48 0 5
    31 255 255 0 255 255 0 255 0 46 255 199 0 255 0 255 38 255 0 0 255 0
    37 255 0 255 0 255 0 0 255 0 255 0 68 0 0 182 255 255 118 44 0 0 243
    255 165 0 255 0 255 255 158 0 0 255 47 255 0 255 0 255 0 173 0 255 0
    255 0 26 255 0 255 0 255 220 255 0 0 0 255 0 255 255 28 255 0 255
    255 0 0 255 33 0 255 255 255 255 112 0 255 30 0 255 192 255 0 255
    255 0 252 31 83 18 0 0 255 0 255 0 0 18 0 26 255 176 40 255 255 142
    255 0 255 0 255 241 14 255 0 255 255 255 0 0 255 255 0 225 0 136 163
    92 255 0 255 0 255 0 255 195 0 0 0 255 0 255 255 0 255 0 255 255 99
    0 0 0 0 0 246 94 255 255 0 0 255 119 122 255 64 255 0 255 0 255 0
    255 0 255 255 0 255 13 158 255 0 255 0 0 0 140 255 255 0 255 108 0 0
    255 252 0 255 255 0 255 0 149 0 255 0 255 0 0 255 132 112 255 230 0
    255 255 57 45 0 255 0 255 0 0 0 0 255 0 66 0 255 0 225 255 0 173 255
    0 255 255 141 255 0 0 255 255 255 0 255 0 255 255 2 29 0 255 251 0
    255 201 0 255 255 255 0 255 255 0 255 255 0 43 0 255 239 255 255 255
    0 0 255 0 197 0 0 255 97 181 255 212 255 0 27 0 215 0 255 96 255 85
    255 0 255 255 250 255 48 255 0 255 255 0 0 255 142 0 255 0 238 255 0
    255 90 0 255 251 0 255 0 0 70 0 0 255 255 0 255 33 128 0 131 255 182
    0 255 255 0 255 0 0 0 255 0 255 255 0 0 255 255 47 189 255 255 61
    190 255 0 255 211 255 143 0 255 0 0 255 255 0 0 31 255 0 255 255 255
    85 255 0 0 255 0 0 255 0 255 179 255 185 0 255 0 208 0 255 0 33 255
    0 255 255 0 255 0 212 255 255 0 0 234 53 255 255 255 0 255 0 0 38 0
    115 255 0 251 175 0 255 0 255 189 118 196 255 255 0 255 255 92 255 0
    255 0 255 0 255 0 255 14 0 0 0 0 255 72 35 255 255 0 0 0 255 0 0 255
    0 55 209 255 235 255 255 0 250 195 0 255 255 0 255 0 32 115 255 255
    0 8 255 0 255 214 255 0 62 0 255 0 0 255 0 255 0 9 226 255 135 0 0 0
    0 255 0 255 255 0 255 0 0 231 255 0 0 255 255 0 0 255 10 0 255 0 255
    255 0 141 0 0 255 0 39 0 117 255 255 255 137 0 38 255 0 255 0 153 0
    67 255 255 0 233 255 255 0 0 107 255 179 255 0 255 124 0 255 0 255
    255 0 255 255 0 0 255 255 255 0 0 255 0 255 255 232 255 255 0 0 255
    0 213 255 0 87 0 0 255 0 255 0 0 0 0 164 255 10 255 255 60 158 109 0
    255 0 255 227 255 255 0 255 0 255 0 255 186 255 0 255 223 46 255 0
    255 255 255 0 1 0 113 255 255 255 0 62 0 255 0 255 0 0 255 255 0 0
    255 0 0 0 255 0 255 255 0 255 255 0 45 255 46 0 255 0 255 255 0 255
    255 5 48 255 0 255 0 232 0 3 255 0 255 0 0 0 255 0 255 0 255 0 255 0
    37 255 255 0 0 255 0 0 49 255 162 0 76 255 0 0 241 0 255 255 0 0 0
    255 0 0 0 0 255 0 255 255 0 255 0 0 51 255 0 0 0 232 255 0 255 229
    211 255 0 255 201 0 0 70 255 97 255 255 255 15 53 255 255 0 255 255
    0 255 0 255 174 42 0 199 0 255 0 38 255 0 255 0 70 255 0 255 0 129 0
    0 255 0 0 255 255 0 255 148 0 255 0 255 0 255 0 255 0 255 255 0 14
    255 0 255 0 0 255 0 255 255 255 255 0 255 122 0 132 123 165 0 0 61
    255 255 0 179 255 0 215 0 0 255 184 0 0 255 255 36 101 255 255 255 0
    255 0 255 17 219 255 0 0 0 239 0 0 0 255 255 255 0 255 255 0 0 255
    61 0 0 35 255 255 0 255 0 0 255 255 255 49 0 251 255 118 0 255 0 134
    127 255 255 0 0 197 0 0 255 203 0 255 16 0 0 255 255 255 94 255 0 10
    86 0 255 0 255 159 115 0 0 255 0 255 0 113 0 80 0 255 255 0 0 255
    255 0 84 0 240 255 0 255 0 101 122 0 125 255 255 0 32 255 0 255 144
    255 70 0 255 255 0 138 255 53 0 172 0 255 0 244 255 159 38 255 0 0
    255 0 200 255 191 255 0 255 15 0 255 255 200 255 0 0 255 0 0 255 255
    0 255 255 7 108 98 255 244 0 255 74 97 47 255 0 255 220 245 255 255
    0 255 0 255 21 255 255 73 255 0 0 255 255 255 255 59 0 249 255 0 69
    94 255 53 0 0 0 91 0 83 255 255 0 0 255 0 0 255 0 0 0 0 255 255 48 0
    255 0 0 248 255 0 22 0 255 246 0 255 255 0 255 255 0 68 0 255 255 0
    255 193 91 0 255 173 0 200 255 0 255 0 0 0 189 0 0 255 255 199 255 0
    0 255 87 255 0 255 255 255 0 132 0 0 255 0 131 0 0 255 255 255 139 0
    255 255 0 255 255 0 0 255 0 96 255 0 186 255 97 255 255 0 67 21 210
    53 0 255 0 0 0 255 0 0 255 255 0 28 0 255 255 238 255 255 0 11 0 0 0
    255 90 0 255 255 0 255 255 0 0 255 214 0 255 0 0 174 0 0 255 0 255 0
    152 0 211 0 0 0 225 0 0 218 255 0 255 0 255 0 255 255 0 175 0 158 0
    139 94 255 255 242 0 255 0 0 255 109 255 255 115 0 0 0 255 0 0 255
    83 0 255 240 0 0 255 0 25 255 0 114 0 0 255 0 3 255 0 0 255 255 0
    255 34 63 90 0 255 0 0 0 255 255 0 180 0 255 0 109 0 255 0 255 0 255
    0 0 255 255 145 255 0 0 0 255 0 255 255 188 255 0 0 0 255 255 0 0
    255 0 255 189 113 0 255 0 0 255 27 110 255 155 0 0 254 255 89 0 0
    255 0 158 64 255 255 154 255 0 0 255 0 255 45 255 255 0 0 255 255 0
    53 255 0 110 255 0 0 255 0 255 0 255 184 255 0 244 255 0 255 0 255 0
    255 255 255 255 0 152 255 0 255 0 255 43 0 226 255 0 0 0 255 0 255
    198 0 255 18 0 0 197 0 255 255 0 255 255 255 21 255 255 53 255 0 255
    0 14 166 255 151 19 0 2 0 255 0 255 255 0 255 0 245 0 0 255 0 4 0
    255 180 255 255 181 0 156 255 255 255 154 0 0 177 255 255 255 0 0
    255 255 0 255 0 255 49 255 0 0 0 255 0 0 255 0 255 255 0 255 255 0 0
    255 255 0 72 101 0 0 255 0 255 255 255 255 255 0 255 255 0 255 0 255
    0 172 0 0 255 194 255 0 255 0 0 64 0 0 255 255 0 0 255 0 0 0 255 255
    0 255 255 203 0 0 38 0 255 0 69 255 255 255 255 0 255 0 255 0 59 0
    255 17 129 94 255 0 255 233 0 255 84 255 250 240 255 0 255 255 0 255
    0 255 0 255 0 37 255 255 0 255 91 28 0 0 255 0 255 0 226 255 0 255
    255 0 0 255 0 255 255 255 255 129 255 0 0 79 51 255 255 0 204 131
    255 0 187 234 0 255 255 0 0 0 0 255 0 255 177 255 255 56 255 142 0
    255 0 255 255 0 255 0 190 0 255 255 0 255 0 255 0 0 0 161 0 255 255
    255 0 255 0 255 0 255 0 255 0 0 0 118 0 113 255 255 255 0 246 5 0 0
    0 255 164 11 255 0 0 0 0 255 0 0 0 255 199 188 255 255 0 255 255 0
    255 0 255 0 255 0 0 0 255 255 18 0 255 0 255 0 105 97 255 0 255 255
    255 0 255 225 255 0 255 255 65 255 0 218 0 95 0 255 30 255 0 0 255
    52 0 255 82 0 0 127 255 0 0 255 0 0 0 0 255 0 255 255 0 176 0 255 0
    0 0 255 0 255 0 0 0 0 255 0 0 255 0 0 255 0 255 0 255 0 255 255 0 27
    255 244 255 0 0 0 0 255 0 255 0 255 255 0 255 0 255 255 224 255 0
    255 0 8 0 0 255 0 255 255 0 0 255 255 127 255 255 255 0 11 208 0 0
    114 0 212 255 166 226 0 255 255 255 0 255 0 255 0 255 255 255 0 0
    119 0 255 0 143 134 69 241 255 255 188 2 177 0 255 255 0 170 0 255
    10 0 255 255 0 0 0 0 0 251 0 255 255 255 0 0 0 255 255 0 255 115 0 0
    255 206 0 255 255 255 255 0 255 0 0 0 0 255 0 255 255 255 84 255 0
    255 255 0 25 255 0 0 0 255 255 255 33 255 255 130 0 239 149 0 0 255
    51 0 254 147 255 202 0 255 0 255 0 55 255 0 173 255 255 0 255 0 218
    255 0 255 255 0 0 143 206 255 255 255 61 255 0 255 18 34 255 0 0 39
    255 0 255 255 0 0 207 255 0 73 186 0 0 231 0 0 255 255 0 255 0 255 0
    0 255 0 0 255 255 213 255 255 34 0 6 255 156 255 65 0 255 0 0 255
    222 0 255 0 255 0 42 255 0 255 0 255 255 0 98 0 138 0 255 255 255 0
    0 0 255 255 255 0 0 255 148 0 225 72 255 255 255 0 255 255 255 255 0
    255 0 255 255 51 255 0 255 0 249 0 206 255 255 0 255 152 255 0 255
    255 0 255 255 0 255 0 0 255 0 0 217 255 255 0 0 134 152 0 255 255
    172 0 255 0 255 0 255 0 0 124 0 0 255 187 0 0 255 0 255 255 112 255
    0 0 255 255 255 0 68 0 0 0 255 0 255 255 123 0 0 255 255 0 255 155 0
    0 132 255 0 0 0 40 0 178 255 0 255 255 0 0 188 0 255 0 0 0 0 255 0 0
    163 255 194 0 68 55 255 255 0 255 255 255 0 255 215 0 255 255 0 136
    0 255 44 0 255 0 255 0 255 255 7 255 0 177 0 255 0 224 0 255 0 24
    255 0 255 0 255 0 255 0 0 9 0 255 0 18 68 0 138 255 0 0 0 0 0 0 255
    255 0 195 255 0 255 255 0 255 255 255 255 255 0 255 0 255 255 255 0
    255 0 255 0 216 111 28 0 0 255 255 0 255 255 255 0 255 255 255 255 0
    231 0 255 255 255 0 223 0 255 0 255 182 0 0 0 255 102 255 0 255 0
    255 0 255 0 255 0 0 0 47 135 0 0 255 0 255 255 255 255 255 155 255 0
    255 255 255 255 255 0 98 0 255 0 159 0 255 0 255 255 0 255 173 255
    255 57 0 0 255 0 80 255 0 255 0 255 102 0 0 248 255 0 255 255 147 0
    255 0 255 0 0 0 115 255 255 80 255 255 0 0 255 255 255 114 0 255 255
    255 255 255 255 0 255 0 0 255 255 0 255 0 255 0 255 255 255 0 0 255
    0 255 0 0 255 96 255 0 255 22 0 0 255 0 255 0 255 255 0 255 255 255
    255 0 255 222 196 0 255 0 0 0 255 0 0 255 255 104 255 255 155 0 255
    0 0 182 243 0 255 0 255 1 0 255 11 0 0 255 181 255 0 160 255 132 255
    121 0 92 255 0 144 255 168 0 0 255 0 255 255 255 0 255 255 255 255
    128 255 0 0 255 0 40 0 122 0 255 0 128 0 255 0 0 255 180 64 255 0 0
    255 0 0 142 137 171 255 194 0 255 255 255 255 181 0 255 0 0 0 0 0 0
    255 0 46 110 255 255 0 255 255 0 0 255 56 0 0 0 255 255 0 255 0 255
    255 255 0 255 255 255 20 0 0 255 0 255 0 0 255 0 0 0 150 63 0 0 0 16
    0 255 255 255 255 0 255 0 214 255 0 206 0 255 211 255 255 0 255 255
    0 255 0 250 159 0 255 0 255 255 255 255 36 255 0 0 255 0 255 255 164
    255 0 255 0 0 0 255 0 0 255 255 28 0 0 255 112 0 27 255 0 124 231 85
    0 183 255 0 0 236 248 0 255 0 0 255 0 255 255 0 255 255 255 101 255
    0 0 255 86 255 255 0 146 255 100 255 255 0 255 255 92 0 0 255 0 0 0
    91 150 224 0 255 0 255 255 0 234 69 0 0 255 255 255 255 0 255 0 255
    255 255 255 0 255 0 255 0 255 0 0 255 200 0 0 0 255 0 22 0 255 255
    71 0 0 255 140 41 255 0 255 0 0 255 255 0 0 255 0 0 255 0 255 0 255
    255 57 0 255 0 0 255 255 120 0 0 255 255 255 231 0 0 255 255 0 255 0
    0 255 189 80 0 252 0 255 0 255 255 0 255 255 255 255 13 0 0 255 0
    255 0 255 0 255 0 0 255 79 255 0 85 255 0 199 0 118 0 255 223 255 0
    255 0 255 0 255 0 255 155 0 0 255 125 255 145 255 255 255 0 125 0 0
    0 0 255 226 0 255 158 193 0 255 0 0 255 0 255 0 0 255 0 255 255 15 0
    255 126 227 255 0 0 0 0 173 0 255 0 255 0 255 0 255 119 255 0 35 0
    255 0 0 0 0 255 255 0 0 36 255 0 26 255 0 81 0 255 55 255 255 0 255
    0 0 255 255 255 255 0 255 255 0 0 40 0 0 214 255 0 0 255 0 255 255 0
    255 0 0 0 255 255 0 47 0 255 160 255 0 0 255 0 97 0 0 0 255 255 0
    255 255 0 87 255 0 255 191 180 0 0 0 255 43 255 0 120 0 255 255 0
    255 0 0 0 255 255 0 0 255 0 255 0 255 24 255 0 231 96 255 141 0 255
    0 0 0 255 0 255 0 255 255 0 255 255 0 255 255 0 0 255 0 198 29 255
    184 0 255 0 219 0 255 159 255 255 0 0 0 255 0 255 255 0 0 255 0 255
    0 0 0 0 255 0 0 0 255 0 0 70 255 255 0 255 0 255 187 0 255 184 255
    255 255 0 0 0 137 255 0 255 0 255 0 255 192 88 255 255 255 59 255
    255 0 0 255 0 0 42 0 226 0 255 255 25 255 0 255 255 0 55 234 255 0
    205 255 0 255 0 255 0 255 255 0 255 255 0 126 93 0 0 85 0 255 255 0
    0 255 180 0 255 0 0 255 255 255 255 255 0 255 255 255 0 255 255 0 0
    255 255 255 49 62 0 204 0 255 0 255 180 0 0 247 0 110 0 0 255 99 24
    255 0 255 0 0 255 160 0 134 255 0 255 0 0 255 255 0 255 140 255 255
    0 0 255 0 0 0 255 0 215 255 84 0 255 255 255 0 255 0 255 255 54 255
    0 255 0 255 0 255 0 110 0 255 0 255 102 255 163 0 38 0 255 255 255 0
    255 199 161 255 99 0 0 255 0 255 100 224 237 0 0 0 255 0 255 255 0 0
    255 255 0 255 152 34 255 0 189 0 255 150 0 255 0 255 158 255 255 0
    52 59 225 0 255 0 0 0 255 255 88 0 0 0 124 255 53 255 0 0 255 255 0
    255 0 255 255 0 185 255 0 79 0 255 255 227 0 255 0 255 0 255 0 155 0
    255 255 0 0 255 255 255 0 255 0 0 255 255 0 0 255 255 0 255 255 0 9
    255 0 255 86 0 147 255 0 51 81 0 0 255 255 0 255 255 84 255 255 0
    255 0 0 255 245 0 255 176 140 0 80 255 255 255 255 0 0 255 255 0 255
    255 0 255 255 0 0 0 0 0 146 174 0 0 255 119 0 33 0 0 255 255 0 159 0
    0 255 255 255 255 127 1 255 0 248 255 255 0 255 0 255 255 0 0 255 0
    255 0 255 0 255 255 0 220 255 0 0 55 0 0 0 255 255 185 0 197 0 255
    168 0 116 255 255 255 0 255 255 255 255 218 255 0 255 0 255 0 205
    255 255 0 255 61 255 0 255 150 0 255 255 228 115 223 255 0 137 0 0 0
    0 0 255 0 255 0 255 153 255 255 0 139 146 255 0 255 0 255 0 176 0 0
    255 0 0 255 151 255 0 128 0 255 255 0 0 255 0 0 255 0 255 179 0 255
    0 255 0 255 0 255 0 255 0 255 164 255 195 0 220 0 0 255 177 0 43 255
    0 65 255 255 178 0 0 190 255 0 255 216 0 255 255 237 0 255 235 255 0
    255 255 252 0 66 255 0 0 255 0 0 0 0 116 32 255 0 0 0 255 159 255
    255 0 255 0 0 255 0 197 255 0 216 0 255 0 0 255 107 0 0 2 255 255
    129 0 255 0 255 0 255 255 0 198 0 255 255 255 196 255 0 0 255 219 0
    212 255 0 0 255 0 0 229 255 0 0 255 0 83 255 255 58 177 254 0 255
    255 255 243 0 0 255 0 255 0 0 21 255 255 0 0 255 255 0 255 40 255 0
    255 3 255 0 255 0 0 0 0 255 0 255 0 255 255 255 0 0 255 0 0 0 0 255
    0 0 255 0 255 0 255 0 48 0 0 0 255 0 255 255 0 0 255 255 0 0 0 255 0
    255 0 0 0 0 112 0 0 231 0 255 255 0 200 0 0 255 255 0 0 0 255 134 0
    255 255 0 172 255 103 255 0 159 0 0 64 255 255 0 83 0 58 0 0 0 255
    255 0 0 0 0 255 34 0 0 255 255 0 170 0 255 0 255 0 131 144 209 0 255
    0 255 0 255 0 255 188 0 0 255 0 255 0 255 0 255 28 255 149 166 0 202
    255 255 0 255 255 0 255 255 255 0 0 255 0 255 255 0 255 255 0 255
    255 135 0 92 255 255 138 0 255 0 255 0 0 255 255 112 0 255 0 255 0
    235 0 255 0 31 118 255 0 255 0 173 0 255 74 255 0 186 255 255 0 255
    0 255 0 255 255 0 255 0 255 0 0 0 255 74 255 111 255 0 200 0 255 0
    255 0 0 0 98 72 0 187 255 255 0 255 0 0 255 221 255 0 255 0 0 227 0
    0 255 0 0 255 0 255 255 255 71 10 255 0 0 255 255 255 0 0 255 0 0
    255 0 240 0 243 236 40 22 255 255 0 255 255 0 255 255 0 255 194 255
    0 255 0 228 0 255 255 85 27 161 42 56 174 0 255 0 255 126 155 255
    255 244 47 255 255 255 0 0 172 215 255 237 0 255 255 255 255 0 0 47
    168 171 0 255 255 149 0 0 255 0 3 255 0 0 0 255 255 73 255 255 0 0 0
    255 255 0 0 255 94 255 0 255 71 255 255 255 0 0 255 54 0 193 131 180
    255 0 0 0 255 0 26 0 255 255 0 255 255 0 255 255 255 255 0 239 0 255
    164 0 0 0 158 0 255 0 0 0 0 23 0 179 219 0 4 0 0 13 0 0 255 0 0 255
    0 0 255 0 255 245 18 116 255 0 255 0 255 157 0 62 138 255 255 255 79
    80 0 255 255 0 174 109 255 255 0 24 255 0 0 0 255 255 114 255 255 0
    205 31 255 255 0 0 0 255 67 0 36 0 198 255 255 0 0 0 255 255 255 212
    0 0 0 255 0 255 0 178 255 204 255 0 211 0 0 255 255 255 255 0 0 255
    0 72 0 0 0 202 0 0 255 0 0 255 0 0 255 255 0 255 0 0 255 182 65 0
    137 0 255 0 1 255 0 199 0 232 255 0 255 0 255 0 255 255 0 255 105
    255 0 255 0 0 255 255 0 255 225 91 255 88 0 0 255 255 0 255 0 255 0
    255 0 255 0 0 0 255 137 255 24 255 0 198 255 74 255 0 255 235 0 255
    0 0 255 0 0 150 255 0 0 0 255 0 255 0 52 253 0 255 215 255 0 255 0
    255 0 255 29 0 96 0 255 0 255 0 255 255 104 0 0 255 255 255 255 0 43
    197 0 0 174 0 224 0 255 251 0 255 0 0 91 255 255 255 255 0 255 227
    255 17 255 0 0 255 0 0 255 0 188 0 129 255 137 208 255 0 160 255 0
    255 0 26 40 0 255 255 45 0 245 255 0 175 0 0 0 0 255 0 184 255 125 0
    0 0 0 255 0 255 255 93 0 255 0 255 0 255 255 255 0 0 17 255 106 0
    255 0 255 0 86 0 255 0 155 255 255 0 0 255 255 0 255 0 153 0 255 0
    145 255 71 255 0 255 255 178 0 0 0 0 241 255 72 0 255 241 255 86 235
    255 226 0 0 255 0 255 0 0 0 0 255 0 255 148 255 255 255 100 255 255
    128 0 0 255 0 255 255 255 0 61 255 0 0 255 0 0 0 255 255 255 0 255
    242 0 82 0 0 95 255 0 255 0 255 255 255 0 0 255 255 0 0 0 137 255 0
    255 0 0 0 255 151 0 196 0 0 255 255 107 255 0 255 0 255 0 255 8 0
    255 154 255 0 255 0 255 0 255 0 255 0 0 255 0 255 0 0 255 0 203 255
    81 0 0 0 255 0 255 0 255 0 54 255 0 0 255 0 255 0 255 0 255 199 94 0
    255 0 76 255 0 0 123 0 0 255 0 255 228 0 255 255 0 255 0 255 0 255
    255 0 131 157 255 255 30 255 0 0 0 0 93 255 255 0 255 0 0 0 255 255
    182 0 0 255 0 255 0 49 255 86 0 255 255 255 255 0 0 75 255 0 125 0 0
    255 255 0 255 0 138 255 0 0 0 255 0 255 0 0 255 0 255 0 255 0 0 255
    255 255 0 200 255 0 255 255 248 118 0 0 0 255 0 255 0 0 255 150 229
    80 255 0 0 0 255 255 0 0 0 210 0 0 255 255 0 51 0 255 59 40 0 255 25
    255 0 0 141 0 0 227 0 255 255 37 0 0 255 0 0 255 255 0 255 64 65 255
    0 0 148 0 73 255 0 0 0 255 255 138 255 143 255 255 120 255 0 0 255
    255 0 255 0 255 0 255 255 0 0 255 255 255 0 255 255 63 0 255 255 192
    0 255 112 151 0 255 0 0 235 255 0 0 255 255 0 255 0 231 64 0 154 0
    255 12 0 137 62 255 0 255 255 255 0 255 255 255 53 0 0 255 33 255
    255 0 255 255 255 255 0 255 239 193 0 0 0 107 1 108 0 255 88 255 0 0
    255 110 88 255 255 0 0 255 176 255 255 0 0 255 3 0 0 255 0 255 0 255
    236 203 103 255 0 224 0 255 0 255 29 255 0 151 0 255 154 255 255 255
    255 0 255 0 255 0 255 185 0 255 255 255 202 255 255 0 255 0 255 0
    255 0 255 227 255 255 0 0 255 0 255 37 145 255 0 255 255 255 0 255
    79 0 255 97 0 0 24 255 0 255 255 0 255 0 255 255 0 255 0 100 255 0 4
    255 255 0 0 0 255 255 255 0 255 0 0 254 255 0 255 0 0 255 255 255
    255 0 0 0 255 255 0 41 255 255 255 138 255 0 0 255 255 255 251 255 0
    76 255 255 0 98 255 0 255 255 0 0 26 255 212 0 191 255 0 0 0 194 255
    255 0 255 255 0 255 255 0 0 77 255 246 255 0 0 255 0 255 0 255 0 194
    0 255 0 0 0 255 0 255 0 191 255 255 0 0 219 255 0 255 51 255 255 239
    0 255 255 255 18 0 0 255 255 255 255 97 0 255 0 255 0 255 80 0 255
    148 255 99 239 0 255 0 0 255 0 255 0 0 255 47 255 0 0 255 51 0 255 0
    255 0 255 0 255 127 0 0 0 255 0 182 165 31 0 255 0 255 255 52 0 0
    255 137 0 0 255 0 255 255 0 255 0 0 0 255 0 0 0 255 0 255 255 0 0
    255 255 0 255 0 255 0 116 255 255 0 255 0 255 107 35 0 217 0 0 221 0
    255 0 255 0 0 228 0 255 255 105 55 255 255 0 255 255 255 0 234 255
    10 255 155 12 255 0 255 0 255 0 0 255 216 7 255 255 255 255 255 58 0
    90 0 177 255 255 0 255 255 255 219 0 0 0 255 0 102 255 0 0 255 255 0
    0 255 0 255 0 0 255 62 255 102 255 0 255 0 0 0 255 255 0 255 255 0 0
    188 255 255 210 255 249 255 0 255 0 0 0 255 217 0 0 255 0 255 255
    255 0 0 0 255 0 196 0 255 255 224 255 0 255 0 255 49 148 0 255 255
    255 0 0 0 0 255 0 255 94 255 0 0 255 0 65 0 0 0 255 0 184 0 163 255
    0 255 0 255 0 57 94 255 255 0 255 0 0 255 0 219 82 0 166 255 0 0 255
    255 0 0 255 0 65 233 28 0 86 0 255 255 255 188 112 255 255 255 0 0
    107 89 255 0 255 0 255 0 255 131 86 0 0 255 0 0 0 255 255 233 236 31
    234 255 255 245 255 0 39 24 255 255 0 0 255 0 0 227 255 0 179 255 39
    255 255 0 255 5 98 0 241 231 0 0 255 142 0 255 255 255 154 0 137 0
    255 255 164 255 0 0 255 0 0 228 255 0 0 127 63 255 29 255 0 255 255
    0 255 0 255 0 255 0 255 132 34 255 0 0 0 0 90 0 0 12 255 0 0 255 0 0
    0 255 0 255 255 0 255 0 0 0 255 0 0 0 255 254 255 0 255 8 0 255 3 0
    0 255 255 35 255 255 0 0 255 0 0 255 255 0 144 0 255 0 255 0 255 255
    255 0 116 255 0 255 255 255 0 255 131 0 255 255 214 0 0 255 0 255
    155 255 255 0 0 31 255 0 221 0 255 0 48 0 255 39 255 0 0 255 125 255
    111 22 255 255 218 255 255 0 197 255 0 255 0 255 255 0 255 0 255 255
    255 0 255 0 0 74 255 0 241 12 206 255 76 0 115 255 74 255 0 255 222
    255 81 0 255 255 0 255 0 0 0 255 0 0 255 255 0 232 255 255 0 255 0
    255 0 0 255 255 254 0 255 219 255 255 138 0 255 0 255 5 0 0 255 0 75
    0 123 255 0 0 255 0 255 0 255 0 0 255 255 191 0 0 0 0 251 0 255 0
    131 255 255 202 0 0 0 255 43 0 159 255 0 255 0 255 0 0 255 0 255 97
    255 241 255 0 255 255 121 255 255 0 255 0 0 255 0 255 0 255 0 255 0
    255 0 255 13 16 255 255 255 0 20 255 0 255 215 0 255 255 0 255 255 0
    255 0 0 255 255 0 0 253 0 255 255 255 255 0 255 255 255 0 255 0 255
    0 0 88 174 0 0 255 157 159 255 64 0 255 255 255 0 255 0 135 0 255 0
    255 0 57 146 0 106 0 255 0 74 255 0 0 255 255 0 0 234 0 0 255 248 95
    0 0 0 227 255 255 0 255 0 255 187 255 0 0 255 0 0 104 0 0 255 0 0
    255 255 255 0 12 255 244 210 255 255 0 0 255 0 0 255 0 0 255 255 36
    0 0 255 71 255 255 0 0 255 0 0 255 0 184 255 0 255 244 0 210 255 0
    255 255 255 255 0 0 0 110 116 255 0 255 7 255 0 255 255 255 0 216
    255 132 0 0 255 0 225 255 0 255 0 111 255 0 175 163 255 255 0 0 255
    48 0 0 0 255 255 0 255 193 0 0 255 161 0 255 0 255 0 255 0 255 0 14
    0 130 255 0 255 0 0 255 255 0 255 255 0 255 255 0 0 0 255 0 88 0 70
    0 255 0 0 255 50 0 255 0 0 255 255 0 0 255 0 0 255 255 255 0 255 0 0
    255 188 0 255 0 0 0 255 255 0 189 0 46 48 0 255 0 0 255 243 255 0 0
    34 137 0 0 255 185 0 0 255 234 0 132 0 255 0 255 255 0 0 223 0 138
    255 255 0 175 255 0 255 255 24 112 255 0 255 255 0 0 255 165 0 255
    255 0 0 255 0 255 0 255 255 0 128 0 0 0 255 0 255 0 255 58 0 64 255
    0 44 255 255 0 255 0 45 255 255 3 0 255 255 0 255 0 0 255 255 0 0 17
    227 255 255 0 255 0 255 255 0 0 0 255 255 255 0 0 108 149 255 255
    255 255 160 172 0 0 255 0 0 150 255 0 0 255 0 255 0 0 255 198 255
    255 255 0 0 255 0 0 80 0 0 239 0 255 0 255 0 255 0 255 0 0 255 0 0
    210 255 255 0 255 0 165 0 0 0 255 255 255 0 0 0 44 0 0 4 255 255 0
    255 0 80 0 255 0 255 0 255 0 255 103 255 0 255 255 0 130 255 117 0
    255 255 0 0 255 0 3 24 194 0 243 225 255 0 0 0 0 255 255 0 255 178
    255 0 255 235 167 255 4 193 0 255 100 0 255 255 0 0 255 255 255 255
    255 120 0 151 255 255 0 215 0 0 255 255 255 0 255 255 255 0 255 0 0
    0 255 255 255 0 255 205 165 0 255 255 0 0 255 0 255 255 255 0 0 255
    0 0 0 0 255 0 255 0 255 255 0 184 255 0 255 0 0 0 255 255 255 165 0
    123 255 0 255 255 255 255 0 0 255 41 0 0 255 255 255 0 0 0 0 142 0
    103 0 255 115 0 255 0 99 0 255 0 255 0 255 0 0 255 0 0 0 0 255 0 255
    0 255 0 255 0 38 255 0 49 255 0 0 127 255 0 255 255 255 255 0 200 0
    255 255 0 41 165 255 0 0 255 59 27 255 104 0 0 0 255 228 255 255 0
    31 255 0 0 0 255 0 0 0 255 0 255 255 255 0 255 0 0 0 0 0 255 255 0
    255 255 0 0 255 255 255 0 255 255 255 0 0 255 255 0 255 0 0 0 0 255
    0 0 183 75 255 0 255 0 0 255 255 0 255 0 255 0 255 255 0 255 0 0 236
    255 255 0 0 255 255 255 255 250 181 156 255 0 0 0 255 255 226 255
    255 0 255 255 0 0 82 0 255 255 0 255 255 121 0 255 255 0 0 0 255 255
    0 255 255 0 255 0 0 0 255 0 255 255 255 255 183 0 0 255 255 141 0
    146 0 0 249 255 0 17 0 20 0 255 255 0 0 255 255 235 0 100 51 0 255 0
    54 255 0 136 255 0 255 255 255 0 0 80 0 255 0 255 0 255 0 255 255
    255 250 40 0 255 255 0 0 0 255 0 177 83 255 0 255 0 245 84 255 0 255
    25 0 0 0 255 0 0 255 0 255 165 42 0 113 254 121 32 0 94 255 255 132
    0 255 100 149 255 94 255 0 0 255 0 0 255 255 8 0 255 0 255 0 255 222
    255 0 255 0 255 255 199 0 255 0 255 0 255 0 255 255 0 255 255 0 255
    164 182 255 0 255 0 0 255 195 0 255 180 255 220 0 255 0 255 0 255 0
    34 0 255 96 0 255 255 0 0 164 255 0 255 0 255 0 255 0 255 241 255
    255 0 248 0 255 255 255 0 36 255 255 213 0 255 0 0 254 0 255 0 255
    172 52 41 255 149 151 255 0 0 155 255 255 0 228 255 0 255 0 0 0 255
    200 203 0 183 255 0 0 255 255 0 255 255 255 255 183 123 255 0 0 255
    0 0 255 0 255 255 255 255 0 255 0 255 255 255 163 0 255 0 0 255 0 0
    255 255 0 0 0 255 255 255 255 0 0 255 0 0 0 0 255 255 80 0 0 2 255
    255 0 255 255 0 0 252 0 33 255 255 0 0 255 0 255 0 255 255 255 0 87
    0 255 255 0 255 0 255 255 0 68 255 0 143 255 0 255 255 0 0 255 0 255
    5 255 255 255 255 0 183 255 255 160 255 0 255 0 255 0 0 0 255 0 255
    0 0 130 0 46 20 255 0 0 255 255 0 0 255 255 0 255 255 0 0 255 255 0
    233 176 207 0 255 0 255 236 0 0 157 0 255 150 175 0 18 146 0 107 255
    0 0 185 255 255 0 255 255 0 0 255 0 0 255 0 255 0 0 255 0 255 255 0
    255 19 84 255 0 255 0 0 0 242 255 255 208 0 255 102 0 255 0 255 255
    255 0 255 255 34 136 0 255 255 0 0 255 0 255 0 0 255 0 255 0 0 255
    255 0 255 255 139 0 0 255 0 0 163 0 255 0 255 0 0 255 0 37 0 255 255
    0 0 255 0 48 0 0 0 255 0 255 255 0 0 132 255 0 0 0 255 0 255 255 201
    0 0 0 255 255 113 0 255 0 240 255 0 255 0 0 255 0 0 255 0 255 255 0
    129 0 0 255 255 0 255 184 255 46 0 214 252 0 255 255 255 0 255 255 0
    0 255 0 0 255 92 18 0 0 179 0 255 0 128 0 0 255 0 0 0 255 45 93 0
    255 7 0 0 255 255 0 255 0 255 0 255 255 0 0 255 0 0 0 255 0 255 0
    255 255 157 255 0 255 0 167 17 0 255 255 255 0 255 255 146 255 0 255
    0 0 255 107 0 0 169 0 0 255 255 0 0 0 255 0 255 171 255 236 0 255 0
    255 0 255 189 40 0 0 255 35 255 0 255 255 0 255 0 0 0 229 255 0 255
    19 255 0 255 255 0 103 41 0 255 255 255 0 0 255 229 255 121 0 255 0
    255 0 0 255 0 0 75 255 0 0 255 0 142 8 0 255 21 0 255 255 47 199 255
    0 97 0 0 255 0 0 255 0 255 0 0 255 0 242 250 0 255 255 0 192 0 255
    255 255 255 0 255 255 255 0 0 255 255 255 60 0 48 2 255 255 0 0 28
    181 255 0 255 189 255 10 255 255 131 87 255 0 127 0 255 0 0 225 0
    255 255 0 0 0 255 0 255 136 255 0 193 0 255 255 107 0 30 255 0 255 0
    0 0 255 255 0 255 105 0 0 193 128 143 0 10 255 0 255 255 0 255 0 255
    0 255 0 0 255 117 255 0 36 164 255 255 161 0 255 255 255 0 255 255 0
    0 255 255 145 0 255 0 255 0 255 255 249 0 255 0 255 0 255 0 0 0 0
    255 0 255 255 14 255 0 237 0 255 0 0 165 117 255 0 143 0 173 0 255 0
    255 255 255 0 0 0 255 0 255 81 0 181 0 199 255 61 0 255 255 0 128 30
    59 0 170 0 255 255 0 255 0 151 255 0 255 0 0 255 0 0 255 0 255 255
    255 255 255 111 0 0 0 255 255 0 0 0 255 70 0 0 0 255 255 0 255 0 0
    255 0 255 0 255 197 0 49 255 0 255 0 255 226 255 144 0 0 255 255 0
    212 255 255 255 23 255 0 0 208 255 255 0 255 0 255 0 255 0 255 0 0 0
    0 0 0 255 0 255 69 255 227 255 92 0 0 0 255 132 0 255 0 255 151 0
    124 0 0 38 0 255 0 0 255 255 0 0 255 0 255 0 255 0 255 255 235 255
    255 217 0 255 0 255 0 0 255 95 255 0 87 0 103 255 219 255 0 32 255 0
    19 70 0 255 0 255 255 197 0 255 0 255 0 30 255 255 255 0 0 255 0 93
    0 255 255 0 0 255 255 255 255 255 0 0 255 255 255 0 0 0 0 255 0 255
    255 255 0 255 17 127 255 242 255 0 93 0 255 0 0 255 0 255 102 255 0
    255 0 255 0 0 255 255 0 0 255 255 221 10 0 255 0 0 255 0 255 255 0
    255 159 0 255 255 255 255 0 255 255 0 0 0 116 255 0 255 10 0 0 39 0
    0 255 255 0 0 255 203 0 0 255 0 255 0 0 104 0 0 65 25 0 255 0 0 255
    184 0 198 0 234 255 0 255 94 255 220 179 241 90 0 221 0 255 255 255
    0 100 0 0 225 182 0 120 0 0 255 255 0 255 95 0 0 0 255 255 0 0 255 0
    255 0 255 0 255 0 255 0 255 49 0 255 0 255 255 255 255 0 255 0 0 255
    0 0 255 0 223 255 255 254 0 255 0 255 150 255 94 255 0 0 235 255 186
    255 0 0 255 0 0 255 26 0 255 0 255 255 0 255 0 188 134 53 255 255 0
    0 255 255 255 30 255 0 0 255 0 255 255 0 122 255 0 255 0 255 255 0 0
    81 255 254 0 255 255 0 0 0 255 0 0 255 255 255 0 13 255 0 0 0 0 0
    255 0 255 0 255 0 0 255 0 214 255 0 255 0 205 0 37 124 25 255 255 15
    0 255 0 0 5 0 255 255 192 0 255 0 255 0 0 20 255 0 92 0 255 10 0 237
    0 255 255 0 255 0 255 255 0 0 0 255 255 0 175 0 255 255 0 0 255 0
    174 0 255 255 0 0 151 255 0 255 255 0 255 255 0 0 255 255 0 110 0 0
    255 255 0 255 192 29 255 0 0 255 255 0 8 255 255 217 255 0 255 0 0
    148 0 255 0 77 255 255 0 0 255 255 0 255 255 255 0 0 255 255 0 255 0
    23 153 255 0 255 255 255 255 0 0 255 0 83 17 81 0 140 0 0 0 191 253
    28 255 167 0 0 0 255 0 255 0 255 0 0 0 255 211 0 255 255 0 0 190 14
    255 0 23 150 0 255 255 0 163 111 255 0 0 255 255 0 255 0 255 0 255 0
    255 0 255 0 0 255 0 255 255 0 195 0 0 0 145 0 0 0 255 0 0 255 0 229
    0 255 255 255 255 0 0 255 44 255 73 237 255 0 255 255 228 177 0 255
    255 0 0 0 255 68 0 255 0 237 255 0 255 0 255 96 255 255 0 0 255 255
    255 19 0 58 255 0 179 255 163 255 55 32 42 255 255 255 0 2 0 0 255 0
    255 25 226 255 255 255 0 0 0 0 255 0 241 0 255 255 77 255 0 130 255
    0 3 0 255 49 0 0 255 0 0 109 255 0 255 0 255 136 23 0 157 255 0 255
    255 0 0 255 255 0 255 255 0 255 0 255 0 255 53 255 0 255 78 176 255
    255 255 0 255 0 143 255 0 127 0 62 229 255 255 0 255 174 255 0 255
    255 0 255 0 0 255 0 63 255 255 0 0 0 255 0 120 0 105 255 117 255 255
    0 0 255 0 0 255 105 255 0 205 255 255 255 0 0 0 0 255 255 255 255
    255 173 255 255 60 255 0 255 0 255 0 255 255 161 255 255 255 255 255
    0 117 0 255 0 255 0 255 0 255 255 255 0 87 255 255 255 0 255 0 255 0
    216 255 255 255 0 255 0 0 255 255 0 255 255 255 255 255 150 0 255
    255 255 0 255 0 0 255 0 255 255 210 0 255 0 123 255 0 255 0 255 0
    255 0 255 0 255 0 0 255 0 255 0 255 0 35 255 0 0 255 0 0 0 255 0 0
    143 0 255 255 255 255 215 0 255 71 247 255 255 255 255 0 0 255 255
    163 123 255 0 0 88 51 152 0 255 145 255 255 113 0 255 0 255 0 229
    117 0 255 138 0 0 255 255 0 255 0 0 190 0 255 0 255 255 255 151 0
    255 71 0 255 255 0 255 255 255 13 0 0 0 0 0 143 190 255 0 255 255 0
    40 249 255 255 255 0 0 139 122 255 255 255 0 255 0 0 255 0 255 0 255
    36 0 161 0 255 0 255 0 0 255 0 255 255 0 26 255 0 255 246 255 83 255
    223 0 0 255 0 255 101 255 0 255 0 0 255 255 0 255 0 0 255 21 255 0
    255 0 116 0 255 0 0 0 0 0 255 255 0 164 147 0 255 255 0 0 0 0 105
    255 255 0 91 255 0 255 0 255 255 175 0 255 253 255 0 255 0 0 255 255
    0 198 255 0 0 255 255 0 0 255 0 93 255 0 25 0 0 0 255 255 0 255 255
    207 0 255 0 255 0 255 0 255 255 162 255 255 161 0 255 0 0 67 255 0
    255 0 255 0 0 255 0 255 0 0 163 244 255 0 0 65 255 0 255 0 21 255
    180 0 255 33 0 255 0 0 255 255 49 248 0 255 0 255 0 0 0 255 255 255
    255 145 255 255 255 0 255 1 0 104 255 0 24 255 208 255 255 0 255 0 0
    255 27 252 0 167 255 255 0 139 255 0 255 108 255 255 255 0 0 14 255
    0 255 255 0 0 48 255 0 248 255 255 0 0 255 108 77 0 61 0 255 0 255
    146 0 255 255 0 0 195 81 255 0 204 134 0 0 255 0 255 0 255 180 255
    255 0 255 0 0 148 0 255 0 255 0 255 0 113 255 255 255 255 0 74 255 0
    255 0 255 255 255 159 255 0 0 46 0 0 255 184 255 255 0 255 20 0 128
    193 68 255 0 196 255 255 0 0 255 255 227 0 255 0 255 251 255 255 244
    189 0 0 0 255 255 70 255 255 0 0 255 0 0 255 46 0 255 0 255 0 255
    112 0 255 255 0 0 0 255 0 255 255 0 0 255 248 0 0 0 0 0 255 0 255 0
    146 255 0 255 0 255 0 255 80 0 255 83 179 255 255 255 145 255 167 94
    0 164 255 0 0 255 0 255 0 0 255 0 255 253 14 0 133 0 255 119 0 0 255
    0 255 255 0 255 66 0 0 175 255 141 0 0 255 173 255 255 0 0 255 255
    255 0 255 255 0 0 145 255 0 0 255 233 0 255 0 28 255 0 255 0 255 0 0
    255 0 77 0 255 40 255 0 0 0 255 0 255 255 0 255 28 255 193 0 169 255
    255 0 255 196 0 0 88 110 255 0 255 255 0 225 0 255 0 0 255 0 27 0
    255 255 0 0 255 255 0 255 0 45 24 255 118 255 8 255 0 134 0 255 255
    254 0 255 0 33 255 255 255 0 139 0 0 184 0 255 255 28 0 98 0 239 0
    255 0 255 255 255 255 0 255 255 0 255 0 255 255 0 255 0 255 245 255
    255 0 168 65 255 0 0 20 255 191 255 166 0 218 0 79 255 255 0 0 11 0
    0 0 46 103 0 0 255 0 0 0 255 255 255 0 255 0 0 0 255 0 255 0 255 0
    106 233 255 0 0 0 255 0 255 0 255 0 255 255 0 255 255 0 255 255 139
    123 0 110 92 255 255 255 0 0 0 255 0 191 0 255 0 255 0 255 255 255 0
    0 0 255 254 255 0 255 202 0 220 224 255 153 255 255 0 255 0 0 0 255
    183 255 0 0 12 0 255 1 0 0 0 11 0 255 0 0 255 255 0 77 95 255 0 255
    0 0 0 255 255 200 0 255 0 255 0 0 123 255 255 0 255 0 255 0 0 255
    255 255 198 0 30 255 0 189 21 212 255 0 255 0 243 0 255 0 255 255
    255 255 0 0 255 0 255 0 255 0 255 0 255 0 255 0 255 0 45 255 0 255 0
    255 177 255 0 0 255 0 0 255 255 255 159 0 0 161 243 255 237 0 251 0
    255 0 255 255 255 255 0 255 255 0 255 255 255 255 195 255 80 0 0 255
    96 255 0 255 0 255 0 255 0 255 0 243 255 0 0 0 255 255 0 255 0 255
    255 0 49 0 255 0 255 0 255 0 0 0 255 244 255 8 190 255 0 255 255 255
    0 255 0 255 0 255 45 255 159 0 0 255 66 0 182 0 0 255 22 31 0 255
    255 255 255 135 0 255 255 0 255 0 255 0 173 255 0 0 36 0 255 255 0
    255 0 0 0 255 139 217 0 11 0 255 0 0 255 0 255 0 255 255 255 0 0 255
    255 255 0 255 0 255 0 158 0 255 255 0 0 228 255 0 255 0 0 255 255
    255 0 255 0 255 142 255 255 0 188 255 0 0 255 0 0 255 255 195 255 66
    255 125 0 255 96 0 255 0 255 0 0 0 57 0 255 45 255 255 255 0 255 0
    255 255 0 0 0 255 67 0 80 154 0 255 255 0 246 232 0 0 0 255 191 0
    255 239 0 0 230 255 22 255 255 255 0 255 255 255 255 0 255 0 255 0
    158 0 236 255 0 255 255 0 255 0 255 255 255 87 255 0 20 255 255 87
    255 255 0 240 0 255 255 0 255 224 0 0 255 0 255 0 255 0 255 186 255
    0 255 0 255 0 255 255 0 255 255 0 0 255 255 255 0 255 0 255 255 64 0
    255 0 255 0 255 0 255 255 255 0 255 255 0 255 0 115 255 0 255 255 0
    255 95 225 0 109 255 0 255 255 0 255 0 255 255 0 48 255 255 255 0
    255 0 255 151 0 178 255 0 255 0 199 255 219 172 14 255 255 0 255 255
    0 0 25 0 19 255 255 0 0 255 0 251 81 255 144 7 255 0 255 255 0 0 255
    0 255 33 0 255 255 0 188 255 63 255 255 0 255 157 255 86 0 255 0 255
    255 133 0 166 0 255 255 255 0 255 255 0 0 255 0 0 255 113 255 0 255
    255 223 190 74 255 0 0 255 30 1 218 0 255 0 255 255 148 255 0 0 255
    0 124 165 0 255 0 255 255 255 0 0 3 137 255 0 0 251 255 0 0 255 255
    0 255 0 255 255 0 255 255 0 160 9 0 255 0 255 0 86 9 0 255 0 255 255
    251 134 0 255 0 19 0 255 255 99 255 140 255 0 13 75 255 255 189 0
    255 0 0 65 191 255 0 0 255 0 0 255 255 0 0 64 0 255 57 255 0 255 255
    0 255 0 70 0 208 0 255 0 255 68 0 0 255 0 255 0 255 0 128 255 0 255
    0 255 22 255 255 0 0 80 0 0 255 40 0 193 255 255 58 0 255 0 255 255
    0 255 0 255 0 0 255 0 255 191 255 255 0 0 0 0 0 255 0 255 53 235 19
    0 0 178 255 0 9 0 255 0 59 111 255 255 161 255 255 0 166 255 255 0
    255 0 255 6 0 153 0 194 255 255 0 255 66 255 55 255 104 255 0 255 0
    0 6 0 255 0 0 0 141 0 0 235 0 81 163 0 4 255 0 19 0 0 255 0 213 0
    255 0 255 83 255 40 0 255 9 0 255 0 0 255 0 255 0 255 87 255 255 85
    55 0 0 255 0 0 255 29 0 255 231 255 0 255 0 19 255 0 0 200 255 0 255
    0 0 255 0 115 0 255 192 164 0 255 0 255 18 255 255 0 0 255 233 0 255
    139 0 255 0 255 255 0 201 66 158 255 108 0 255 255 255 0 0 255 0 0
    255 0 206 255 0 233 0 0 0 255 255 255 119 32 255 0 255 0 0 255 255
    255 0 255 255 0 255 101 24 0 255 0 0 255 0 0 255 12 218 34 255 255
    82 0 255 0 255 255 0 255 0 13 255 0 218 126 146 0 255 117 0 42 47 60
    255 0 255 0 255 0 131 0 149 255 0 255 53 0 255 0 0 0 255 255 0 0 145
    0 0 189 0 255 255 255 255 77 0 0 117 0 3 0 255 255 255 0 255 255 0 0
    255 0 255 0 0 0 255 238 255 75 52 0 0 0 255 0 255 0 0 123 0 255 0
    255 61 117 117 195 255 0 255 0 0 151 255 0 0 255 213 255 255 0 0 0
    184 255 0 55 0 255 255 255 164 0 255 0 217 0 255 213 255 0 0 0 0 0
    98 255 0 255 255 255 0 0 255 0 127 255 0 0 235 255 70 255 255 0 132
    0 255 163 0 255 97 0 0 255 255 0 0 255 255 213 0 0 255 255 132 255
    255 0 0 255 255 95 0 0 0 255 0 250 0 215 125 255 255 0 255 0 255 0
    255 255 0 0 255 131 0 255 255 0 255 255 0 0 0 255 124 255 0 130 255
    0 0 0 255 0 0 255 255 255 0 0 106 255 0 163 0 169 0 255 0 255 0 255
    0 255 255 222 0 0 255 211 0 255 0 255 0 0 178 255 0 255 255 0 255 87
    0 255 0 14 255 0 255 0 0 255 205 255 0 255 0 255 0 255 0 255 255 0 0
    208 70 0 255 0 217 255 0 0 0 0 255 0 255 0 0 255 0 255 231 250 0 176
    255 255 173 255 255 255 237 0 0 255 182 0 255 38 182 0 0 255 255 205
    140 161 0 0 222 0 255 0 250 0 255 0 3 255 255 0 255 0 255 255 255 0
    255 0 166 255 0 255 0 255 255 255 0 209 0 255 119 255 235 255 97 255
    255 94 0 0 255 255 255 0 255 0 0 255 0 242 118 255 255 78 0 255 0 0
    0 0 255 255 0 255 0 0 123 255 255 255 162 74 0 255 0 0 0 255 255 141
    0 0 255 0 0 0 255 0 0 76 144 255 0 255 0 0 255 255 0 0 255 0 255 255
    255 178 0 255 0 255 0 255 0 49 255 0 0 255 255 45 255 255 143 0 255
    255 0 255 255 0 255 255 0 0 0 255 255 215 0 225 255 255 253 0 255
    255 0 0 255 0 255 152 255 2 203 255 46 255 0 255 235 255 148 0 0 247
    0 255 0 255 255 255 0 255 0 255 101 0 255 0 255 255 255 0 255 255 0
    0 255 44 0 0 255 0 255 147 0 236 255 40 199 0 255 47 13 26 255 0 255
    255 0 185 0 131 255 0 0 255 0 255 44 255 0 255 0 0 61 255 47 255 0
    255 255 59 0 255 0 255 0 255 0 255 0 255 255 0 255 143 0 76 0 255
    162 255 255 0 125 0 0 23 255 122 255 0 138 233 211 199 0 255 0 0 255
    0 255 255 255 0 255 0 0 109 0 255 255 138 255 0 0 0 179 255 0 0 255
    255 0 0 255 255 0 255 228 0 255 255 255 195 0 255 0 3 255 0 0 255
    255 0 0 255 85 0 255 0 0 0 255 0 9 255 0 255 0 255 0 0 255 255 0 255
    255 255 255 0 0 255 0 0 12 255 0 0 252 0 255 195 0 255 0 255 255 0
    255 0 0 0 255 0 0 139 255 0 255 0 255 106 255 255 168 238 0 0 0 128
    215 255 0 0 60 0 255 255 255 0 0 255 0 255 0 155 17 0 0 255 0 0 227
    255 0 255 255 0 255 0 255 0 255 0 255 0 255 0 253 255 197 220 0 0
    255 0 255 255 0 255 79 0 255 0 0 255 0 255 0 255 0 255 255 255 12 56
    0 255 255 0 255 0 0 130 255 0 0 255 0 221 255 0 255 0 255 0 0 0 255
    0 255 0 146 0 147 0 255 255 0 227 255 255 0 0 0 0 255 0 0 0 0 255
    132 255 255 255 0 255 255 119 255 255 0 0 138 0 255 255 3 255 255
    255 0 0 255 63 0 255 0 89 193 0 255 0 255 255 0 0 0 255 255 255 0 33
    255 0 255 0 40 0 255 148 255 0 211 255 0 0 255 255 255 81 0 255 139
    255 0 255 0 110 255 0 142 255 0 255 64 0 77 255 0 0 255 193 0 255
    255 214 255 0 255 0 255 0 255 255 0 218 0 255 188 150 0 0 255 0 255
    0 161 255 255 0 200 255 255 0 0 255 255 0 255 0 96 0 242 167 255 255
    226 255 0 214 0 94 255 0 0 255 0 255 0 0 255 140 255 255 0 255 0 0
    255 255 0 0 138 0 255 0 0 0 21 186 255 255 189 255 255 255 255 0 0
    123 0 255 255 0 89 0 154 255 78 255 255 255 0 0 255 0 24 255 0 255
    255 255 110 0 255 255 0 255 0 255 82 0 255 255 0 0 255 0 255 0 255 0
    255 0 255 0 255 0 225 255 192 0 255 0 0 0 51 255 0 255 0 255 255 0 0
    255 0 255 0 255 0 255 255 97 255 0 255 255 54 255 255 212 190 54 0
    255 255 0 255 0 0 255 80 0 245 255 0 255 0 0 255 0 255 255 0 255 0 0
    255 0 255 0 255 0 78 255 0 255 0 0 6 255 250 0 255 0 0 255 0 255 0
    255 0 255 176 0 69 255 255 255 238 255 255 255 0 255 0 0 255 0 255 0
    0 255 0 255 255 255 90 255 255 211 0 255 132 0 255 0 255 0 255 53
    234 255 255 0 255 0 0 255 50 255 255 0 255 162 15 0 0 255 0 255 0 0
    255 255 0 0 0 255 0 0 0 0 0 255 0 169 0 255 130 155 0 148 255 255 95
    0 0 255 255 255 0 0 255 255 0 0 255 0 0 0 0 255 255 0 174 0 255 0
    221 255 0 255 205 172 0 0 255 0 255 0 255 255 255 255 0 255 0 0 255
    255 233 0 0 0 0 255 164 255 255 0 191 152 0 255 33 212 186 0 0 255
    255 0 255 0 255 255 0 255 255 154 242 0 255 0 138 255 0 0 0 0 255
    255 255 0 167 255 0 0 255 255 171 255 255 0 0 30 0 255 255 255 165
    193 0 110 0 0 255 255 0 255 0 0 0 255 0 255 255 0 255 0 255 155 0
    255 180 248 157 0 255 126 255 255 0 255 0 255 0 255 0 255 0 0 0 255
    0 255 0 255 0 64 255 245 0 192 0 0 255 236 0 255 0 255 0 255 255 0 0
    0 0 0 255 0 7 255 0 11 255 0 255 0 255 255 0 255 255 255 255 255 0 0
    0 143 255 0 0 255 255 0 255 255 255 0 0 255 255 132 0 0 0 44 38 255
    0 0 255 255 211 255 0 255 255 0 255 255 0 255 255 0 0 66 0 255 27
    255 255 0 255 255 255 255 0 0 255 0 101 0 255 0 0 255 255 180 0 255
    36 255 255 255 0 161 255 0 0 255 255 40 37 173 0 255 0 0 255 255 255
    150 0 0 183 0 255 255 0 255 255 0 0 0 255 0 0 0 255 0 0 255 0 0 255
    255 0 43 0 248 255 88 255 0 255 0 0 0 0 255 70 0 0 135 255 203 186 0
    0 61 0 0 255 255 0 127 0 255 255 255 0 129 255 231 0 152 0 255 99
    255 0 0 83 0 0 255 0 255 255 0 0 0 0 255 255 255 238 165 255 0 101 0
    255 255 255 129 255 0 98 204 0 0 255 0 255 0 0 142 0 228 95 205 225
    0 255 0 255 0 0 255 255 0 255 255 170 55 255 0 255 177 255 0 0 0 255
    0 255 0 255 0 255 255 255 0 0 255 0 217 255 189 255 183 0 255 0 255
    255 0 86 0 255 255 0 0 255 255 255 218 0 125 255 255 0 45 255 153
    255 0 199 0 0 0 0 255 255 119 0 255 0 255 251 0 255 0 255 132 129 0
    0 255 21 80 0 255 255 0 255 42 255 22 118 255 255 0 0 255 0 77 0 0
    255 0 247 255 108 245 255 255 255 59 0 0 0 255 0 255 0 0 255 255 0 0
    255 0 250 0 0 0 255 108 0 0 127 0 203 0 0 255 0 255 255 255 0 0 96
    255 0 255 0 255 0 255 255 0 0 255 0 0 255 0 255 0 79 0 255 0 140 255
    0 255 255 0 63 255 0 255 255 224 255 255 0 0 255 255 255 255 0 255
    255 0 0 255 255 0 49 255 214 255 0 0 255 255 255 0 255 2 0 0 0 76 0
    0 255 0 255 255 0 0 255 0 0 0 0 255 255 0 0 255 255 0 0 0 255 0 127
    255 255 255 0 255 0 255 247 0 255 255 0 0 0 255 0 255 255 255 255
    255 0 0 0 142 0 255 0 255 0 178 255 255 0 0 44 188 25 52 255 0 255 0
    217 255 255 0 0 38 255 159 0 99 205 255 255 200 0 182 95 185 0 0 255
    24 255 0 0 0 131 255 92 232 186 255 0 255 0 255 255 0 255 0 245 255
    0 248 0 0 243 0 140 255 0 0 255 0 0 255 255 0 255 33 255 85 0 0 0
    255 167 0 255 0 153 0 0 255 255 0 255 255 0 255 255 0 0 0 255 0 114
    0 255 0 222 0 255 84 255 91 0 120 255 155 173 255 245 255 0 0 255 0
    255 88 255 255 255 0 255 0 255 138 0 255 255 255 0 255 0 0 255 0 255
    0 255 255 0 255 0 255 169 255 0 134 255 255 218 255 68 0 255 0 198 0
    255 255 255 0 0 0 0 255 255 255 0 0 0 255 0 0 255 0 255 0 0 0 0 0 0
    0 32 255 0 255 255 194 255 0 255 255 0 135 255 214 0 255 0 0 0 255
    255 0 255 255 214 0 0 255 0 255 255 255 0 255 255 255 165 139 0 0
    255 255 255 42 255 0 0 0 255 0 255 83 255 0 255 0 95 255 0 180 255 0
    255 0 255 0 255 214 0 0 255 0 255 58 255 255 0 255 0 61 0 255 0 255
    255 255 0 179 0 255 0 255 183 255 65 255 90 238 255 210 90 0 0 66
    255 129 0 0 255 0 255 0 255 14 0 255 255 0 255 255 87 175 255 9 0
    255 5 0 255 0 255 255 0 0 255 255 255 0 255 0 255 255 255 0 255 0 0
    169 0 0 255 255 255 26 255 255 0 0 255 72 0 255 255 227 0 164 255 0
    0 0 0 255 0 0 0 34 0 255 0 0 0 255 255 0 255 255 255 0 255 0 255 0 0
    0 255 255 0 0 32 255 0 255 0 0 255 255 222 255 0 255 98 0 255 0 255
    0 13 0 0 255 255 0 255 0 0 52 113 0 0 0 255 0 0 255 255 0 0 190 131
    0 0 0 255 255 91 0 255 192 0 164 0 33 255 255 255 0 0 255 255 0 255
    0 26 255 244 0 0 255 89 81 255 0 255 15 255 0 255 255 0 0 0 255 255
    77 0 0 0 255 0 6 33 255 255 0 255 0 135 0 255 0 0 255 255 0 255 255
    255 0 2 255 0 178 0 0 255 255 0 0 255 0 148 255 0 0 255 0 255 212 0
    255 0 0 251 255 0 26 255 0 255 0 0 48 255 0 0 0 255 255 0 0 255 0
    255 0 255 0 0 255 255 0 110 0 255 255 0 255 0 0 0 50 255 28 255 0
    255 0 255 0 0 255 0 255 15 0 215 255 0 255 255 255 0 0 45 255 35 255
    0 0 255 255 0 255 136 78 106 210 0 0 0 39 0 255 0 255 0 0 255 0 0
    255 255 0 255 0 255 255 255 0 255 255 255 2 255 253 152 163 255 0 0
    0 0 0 0 14 255 0 255 0 255 255 0 0 0 0 255 0 255 123 0 255 47 255
    151 0 255 0 255 186 0 255 0 47 255 0 100 0 0 220 255 255 222 255 0
    255 255 255 234 255 0 38 214 255 0 255 0 255 255 255 0 0 255 0 255
    91 255 143 255 255 0 234 76 85 0 0 0 0 255 255 0 255 237 0 255 0 255
    3 139 255 62 255 255 0 0 0 0 0 255 0 0 222 0 255 0 0 255 255 64 0
    255 255 215 92 255 0 146 255 255 0 255 202 149 0 255 0 0 0 0 255 255
    0 255 86 0 255 255 130 0 255 255 255 233 0 255 34 86 255 0 255 255 0
    0 255 0 0 0 255 255 0 0 0 255 255 0 0 0 255 0 105 255 255 0 255 255
    0 255 0 255 0 0 255 0 0 255 0 255 255 195 0 255 0 64 0 0 255 255 0
    255 255 51 0 255 0 255 30 255 0 255 255 219 221 0 0 206 93 0 255 0 0
    255 0 0 255 255 235 0 0 255 0 255 234 255 255 0 76 255 48 0 255 199
    0 232 0 11 255 255 0 0 255 0 255 255 255 0 255 0 255 0 0 255 255 0
    255 0 255 0 0 255 182 243 134 0 0 255 255 0 0 0 0 79 0 255 255 0 8
    255 255 0 255 0 255 255 255 11 0 15 214 255 67 255 194 255 0 255 0
    255 0 118 0 255 64 0 0 49 65 255 254 0 202 0 10 9 0 255 0 255 224 0
    255 255 0 255 255 0 0 255 0 40 255 255 255 255 0 0 255 0 0 0 255 42
    83 0 255 136 255 255 255 0 255 205 255 0 255 255 255 125 0 0 255 255
    0 255 0 255 0 255 195 0 255 255 0 255 255 255 255 0 0 255 0 124 255
    0 255 0 255 0 0 0 255 13 0 255 0 255 0 0 255 0 255 255 255 0 255 66
    0 255 255 0 255 255 0 111 255 255 0 0 0 255 0 255 0 0 255 0 255 255
    47 255 255 0 0 95 0 255 255 31 255 0 0 66 0 0 255 40 0 255 42 0 255
    255 255 0 0 0 255 255 255 255 0 255 0 0 178 255 0 0 255 255 255 209
    0 255 0 0 0 255 0 0 0 0 106 0 255 0 255 55 255 255 0 0 255 0 255 255
    0 255 196 0 0 255 0 255 0 255 0 255 255 93 133 255 48 255 0 0 139
    255 122 255 0 0 110 0 255 0 0 255 0 255 0 0 0 255 0 255 0 255 138 0
    0 255 255 0 45 143 46 0 255 0 255 100 255 0 0 0 47 0 255 83 255 0 0
    255 0 0 255 255 0 0 255 0 0 66 0 255 0 0 255 0 0 0 255 0 233 255 0
    255 255 0 255 57 0 35 0 255 43 0 255 0 0 255 0 0 255 0 255 4 0 0 0
    255 0 74 255 255 108 255 255 0 255 212 255 0 255 255 0 129 255 0 0
    36 255 0 162 255 0 0 0 161 0 255 0 255 255 160 0 255 0 114 255 131
    118 255 255 0 0 0 255 164 118 163 255 0 255 216 255 255 0 255 0 0
    255 210 250 92 168 0 109 0 0 0 255 0 0 0 0 255 255 0 190 0 155 255 0
    0 255 22 255 110 0 255 0 236 255 110 255 0 0 176 255 0 0 255 24 255
    255 0 255 0 255 24 255 0 255 0 0 255 0 255 255 0 0 255 255 0 255 159
    255 133 255 255 180 255 0 53 255 0 0 0 255 255 0 255 0 255 0 255 0 0
    0 0 255 255 0 255 0 163 0 148 255 255 255 0 255 255 143 255 255 255
    0 75 255 67 255 255 0 255 186 255 0 255 0 202 192 255 255 0 255 243
    255 0 0 255 0 255 255 0 255 255 255 255 255 0 30 46 255 255 0 209
    255 246 0 0 42 0 0 238 255 0 0 171 255 0 0 168 0 255 0 255 0 255 0
    213 255 0 18 0 61 255 255 0 255 0 0 255 0 0 255 255 0 251 255 51 255
    255 0 255 255 0 18 0 77 188 12 0 0 0 255 0 255 0 255 255 0 210 0 255
    0 255 0 96 255 0 77 255 255 0 255 0 0 0 255 255 0 213 157 0 198 145
    255 31 255 255 221 0 255 201 255 0 0 255 0 0 255 0 255 17 0 0 255 0
    255 0 255 53 255 0 0 0 5 255 0 255 0 255 255 255 0 0 255 255 0 255 0
    255 255 0 255 94 0 0 255 255 255 255 100 0 255 0 255 0 0 0 255 255
    255 0 255 255 0 255 255 255 0 0 255 0 249 120 131 255 46 229 255 163
    0 0 122 0 0 0 164 255 203 255 0 0 255 0 0 92 21 0 18 92 0 255 0 0
    255 255 0 162 255 0 0 255 160 0 0 4 0 0 0 255 0 255 0 255 103 6 0 0
    123 0 255 0 0 255 0 255 0 212 0 0 0 255 0 0 0 0 255 0 0 5 255 255
    255 255 0 0 255 208 0 255 0 221 255 0 0 255 0 255 0 0 255 255 0 255
    255 0 255 0 255 0 0 255 255 0 204 0 255 0 255 0 255 0 60 0 255 255
    15 255 0 255 0 255 0 0 80 255 255 0 0 255 255 99 255 72 255 255 255
    255 0 0 255 255 0 108 255 255 255 255 52 255 0 255 0 255 0 255 185 0
    255 158 255 255 0 0 255 255 0 82 255 0 0 255 0 0 0 255 0 0 255 255 0
    0 255 0 0 255 0 200 255 0 255 255 0 255 0 255 232 255 255 255 255 0
    255 0 255 16 0 0 255 44 135 51 255 0 255 71 0 194 255 255 255 217 0
    0 246 255 0 255 255 255 0 255 255 255 255 0 255 0 53 0 117 0 37 255
    0 255 51 255 0 0 24 0 0 45 0 255 0 255 126 255 134 255 230 0 255 0
    218 255 255 4 53 0 255 255 255 255 0 255 220 255 255 0 255 0 0 255
    255 0 255 0 203 255 174 163 0 0 255 0 0 0 255 0 255 255 0 157 0 255
    255 73 255 0 255 230 190 255 255 0 255 0 255 0 0 255 255 0 216 0 154
    0 255 255 0 0 0 255 255 171 183 255 79 0 255 0 255 115 255 0 255 0
    255 0 0 255 45 255 255 162 0 255 0 255 0 255 0 255 255 0 255 255 105
    63 0 255 255 234 0 0 255 0 0 255 255 0 240 0 74 255 173 69 0 255 0
    255 0 255 87 255 0 255 0 124 101 255 0 0 255 255 0 0 28 0 255 51 107
    0 255 0 0 255 0 255 255 255 0 146 255 0 255 0 255 0 255 0 255 0 0
    255 255 149 255 0 255 255 6 255 255 0 116 0 255 0 0 255 0 0 0 255 0
    0 0 255 255 255 0 255 255 184 187 0 255 0 116 255 0 255 14 0 0 255
    130 255 211 0 0 255 0 255 0 255 0 0 252 177 255 180 255 163 155 255
    135 0 13 255 0 255 0 164 0 72 0 0 223 255 255 0 255 150 0 255 255
    255 0 255 255 57 0 255 0 0 0 0 243 0 63 255 0 255 255 255 255 182
    255 0 0 255 192 0 226 255 255 104 40 0 255 255 45 255 0 0 0 255 255
    0 239 160 0 255 0 255 0 255 0 255 0 255 0 33 255 0 0 255 255 118 110
    255 0 0 255 0 255 0 0 0 255 0 255 32 0 103 0 0 255 0 221 255 0 255
    255 0 0 127 89 255 0 255 255 178 0 0 255 235 255 0 133 0 255 0 255 0
    0 0 255 201 0 255 0 0 225 255 0 255 0 39 0 255 255 99 255 255 0 0 91
    0 255 0 0 255 255 0 0 255 0 0 197 255 219 255 115 0 255 255 255 0
    255 0 0 0 255 255 255 255 0 219 0 0 111 255 0 255 0 117 255 115 0 0
    255 0 0 254 0 0 255 255 193 58 0 55 243 0 255 255 255 255 255 119 0
    0 255 0 130 0 211 0 255 0 0 0 255 0 0 181 255 212 0 255 72 0 255 255
    0 255 255 255 255 0 89 92 255 0 0 0 246 0 209 178 135 255 255 0 255
    0 219 0 0 0 255 0 179 0 118 255 0 255 0 0 0 255 245 255 0 0 238 254
    255 150 122 41 255 238 255 147 255 0 0 0 0 255 0 255 178 255 254 255
    0 255 79 255 0 255 0 0 0 255 255 0 255 68 255 255 0 191 228 0 255 0
    255 0 255 221 255 0 0 0 0 255 0 0 0 186 0 0 255 255 0 232 0 255 255
    0 131 0 157 0 255 255 0 255 211 255 112 255 255 72 0 255 255 74 255
    0 255 0 255 0 255 0 255 0 255 250 0 255 255 0 255 181 148 255 56 255
    0 66 232 255 18 255 0 0 255 0 255 0 176 255 0 255 255 0 255 183 255
    0 255 0 0 255 255 0 255 0 255 255 0 0 186 255 0 0 0 255 0 255 255 0
    109 0 255 0 255 2 37 0 0 255 0 0 255 0 255 255 0 202 163 0 255 255
    255 255 255 41 0 255 255 0 24 255 255 0 0 255 0 0 255 57 0 255 255 0
    255 181 1 255 3 254 255 255 236 255 0 255 0 57 0 255 255 252 75 0 0
    255 95 255 0 0 255 163 255 89 255 255 255 255 0 255 0 0 0 255 0 58
    255 255 0 203 255 4 255 0 255 0 255 255 255 255 0 0 0 0 255 0 255
    255 255 0 0 0 234 230 0 0 255 255 255 0 111 0 255 0 255 167 0 0 255
    0 203 0 26 255 255 0 141 255 255 255 0 48 255 255 0 255 255 0 255
    255 255 230 0 170 255 0 255 0 255 216 0 255 255 0 34 255 0 255 255
    255 0 0 255 0 0 255 0 255 227 0 94 0 0 58 0 255 0 0 166 255 181 0 0
    158 0 255 0 255 0 255 255 255 0 0 83 104 255 0 255 0 4 255 255 0 0
    255 0 255 0 255 0 129 255 255 255 0 0 255 255 0 193 0 255 217 168
    187 213 255 164 0 0 255 0 255 21 104 0 111 255 255 255 0 0 82 0 0
    255 0 15 255 116 0 255 0 191 255 0 251 0 255 0 14 0 255 0 255 0 255
    0 255 255 0 42 19 0 255 0 95 0 255 255 0 59 255 0 255 255 249 255
    255 0 0 255 8 0 88 0 0 0 255 255 124 0 156 218 255 0 255 0 0 255 0
    255 0 0 255 0 255 112 183 0 0 0 255 0 53 110 255 255 0 255 0 255 0
    242 0 255 1 0 206 0 129 255 189 0 255 255 0 255 255 0 0 59 35 245
    255 255 0 0 255 0 255 0 0 0 0 255 181 255 0 255 0 109 0 0 255 159
    255 172 255 0 0 73 255 0 255 0 228 0 255 178 255 0 255 0 0 61 0 255
    0 0 255 0 255 0 255 0 0 0 0 129 0 255 255 255 0 255 23 255 255 255 0
    0 255 255 255 0 255 0 255 0 191 255 147 171 0 255 0 0 106 0 255 198
    183 255 0 0 255 255 35 0 0 0 255 59 57 255 134 0 255 255 116 154 0
    255 0 0 255 255 0 0 255 255 0 255 0 255 255 123 0 255 0 255 0 255
    255 0 0 255 0 255 0 255 0 0 0 0 255 205 0 0 0 219 0 255 0 0 204 255
    219 255 0 255 2 0 255 255 0 0 255 0 202 84 0 255 0 255 0 255 210 255
    0 255 0 255 245 0 0 145 182 255 0 0 255 20 0 0 255 81 255 149 31 0
    255 0 255 255 0 255 255 142 255 0 255 0 255 0 0 0 255 0 0 255 173 0
    0 12 255 255 0 0 255 255 188 0 255 32 0 52 255 139 255 255 0 255 255
    0 255 0 0 255 0 0 255 24 0 255 255 0 255 235 123 0 255 81 22 0 0 227
    255 255 0 255 0 228 255 0 0 255 0 255 255 0 0 120 255 255 0 80 166
    255 0 255 0 255 225 255 0 231 255 255 255 255 0 255 255 185 255 0
    223 255 255 0 0 255 142 255 233 0 255 102 84 128 0 255 218 0 215 255
    0 255 0 193 0 255 0 255 255 255 0 255 0 255 255 255 0 255 255 236 0
    255 255 255 0 0 244 108 125 255 0 229 17 0 255 255 0 255 0 255 0 255
    255 184 156 255 0 255 106 0 255 255 255 0 114 0 255 0 255 0 255 0 0
    0 255 0 0 0 255 147 0 255 93 255 0 169 136 0 255 0 255 45 255 255 0
    0 81 188 0 0 255 255 0 135 199 255 0 255 255 0 0 0 255 255 0 255 0
    38 0 0 0 43 0 0 249 255 251 0 255 0 0 255 255 0 0 121 255 0 255 0 0
    255 255 0 255 0 255 0 37 255 0 62 255 255 255 0 255 0 26 255 232 255
    0 255 0 0 255 0 0 0 255 0 255 0 0 197 0 41 255 0 255 0 240 0 187 255
    18 148 255 25 255 0 250 247 255 0 255 0 255 255 0 0 0 255 0 183 255
    255 146 0 255 0 0 255 0 0 255 0 0 14 255 0 215 255 0 234 237 0 255
    108 0 53 30 0 255 59 255 93 0 0 143 255 0 239 255 0 255 0 0 255 0 88
    255 0 255 0 10 0 255 255 0 255 255 0 255 0 171 178 0 0 255 255 0 0 0
    255 0 255 255 255 0 120 255 0 0 255 255 255 0 255 0 255 0 12 255 255
    255 0 255 255 0 0 255 224 255 0 255 0 0 255 0 255 0 231 40 255 0 0
    255 0 255 0 0 255 0 0 255 240 167 0 0 60 255 0 0 0 255 0 180 255 255
    0 255 0 0 255 0 167 255 133 255 0 255 215 255 0 255 255 0 208 0 227
    89 255 0 255 255 0 201 103 253 0 255 155 252 255 255 0 88 255 255
    255 0 255 255 0 82 190 255 0 255 255 0 255 0 255 0 0 0 255 216 0 255
    0 255 0 0 255 255 249 0 255 0 0 255 0 255 129 0 182 0 255 0 194 0
    255 255 255 0 235 255 0 255 255 0 0 255 0 5 0 255 255 255 0 0 255 32
    255 173 0 0 255 19 0 0 119 210 255 248 255 228 255 0 255 90 255 0
    188 45 207 0 0 163 0 255 0 0 16 44 0 255 210 5 163 0 255 255 0 0 255
    88 0 0 83 255 255 188 0 255 74 0 255 0 255 255 255 0 255 0 0 94 255
    255 255 255 71 255 255 0 255 0 255 255 212 0 0 214 0 255 8 0 255 255
    0 255 0 255 255 0 255 163 0 121 0 0 0 255 0 255 0 0 0 0 0 255 0 0
    255 0 50 255 0 216 42 255 255 0 0 166 255 0 255 255 255 0 255 0 10
    255 0 255 164 0 255 255 0 255 0 255 0 255 170 0 0 0 255 0 0 255 0
    255 233 0 255 0 97 0 255 255 0 255 45 0 255 255 0 255 0 0 224 0 0 0
    114 0 183 255 0 0 255 36 0 0 92 255 149 0 71 255 0 255 255 0 255 0
    255 0 255 255 0 255 0 0 255 0 255 255 255 0 255 255 255 147 40 0 255
    155 0 8 0 255 255 0 255 255 193 0 208 0 255 203 0 0 0 255 255 235 29
    255 251 142 0 0 255 0 255 255 100 219 255 255 233 227 0 0 24 73 80
    186 192 255 0 255 0 255 0 0 232 255 0 0 105 255 0 252 255 255 0 255
    255 149 0 5 255 109 255 0 0 255 0 255 0 255 79 255 0 0 255 255 0 0
    173 255 0 255 0 181 255 169 0 175 0 18 210 23 238 255 170 0 0 163 0
    178 0 255 255 0 0 0 0 255 119 255 0 0 0 0 113 0 255 9 0 50 126 22
    165 255 0 163 255 198 0 255 255 0 0 0 255 255 255 0 255 0 0 255 80 0
    255 0 245 0 0 255 0 7 255 255 0 155 0 255 0 30 255 0 255 0 193 255 0
    0 255 0 0 0 255 0 128 255 255 0 255 255 25 76 255 0 0 114 42 61 231
    255 0 0 255 0 255 255 0 0 42 0 255 150 231 255 0 202 0 255 255 0 0
    255 0 255 0 255 0 0 255 0 255 143 53 0 255 121 0 255 0 166 255 0 126
    0 255 255 0 90 0 0 255 0 255 0 255 0 168 0 108 255 255 255 255 255 0
    0 0 255 0 0 0 255 155 243 0 119 255 0 0 0 0 89 0 0 0 255 0 242 255 0
    255 0 0 0 0 0 255 0 255 0 0 191 255 149 17 221 117 0 0 255 0 165 0 0
    0 115 255 255 202 109 255 255 0 21 59 255 0 0 0 255 255 0 255 0 221
    0 104 0 255 255 255 0 0 0 255 255 61 0 51 0 0 255 0 255 248 255 0 0
    255 0 255 255 255 255 176 0 153 0 0 255 255 0 255 255 255 0 255 0
    255 0 255 0 255 255 16 0 0 255 0 0 0 255 0 255 0 255 0 0 255 229 31
    255 154 211 0 255 255 158 255 0 65 0 0 255 255 255 255 0 0 255 18 0
    255 80 86 0 0 144 0 29 255 146 255 0 255 0 179 255 0 71 0 255 0 0 0
    255 255 255 0 0 255 0 255 7 255 0 255 255 0 255 0 108 141 255 0 255
    0 255 16 0 230 255 255 0 255 0 0 255 0 255 0 0 255 255 0 255 89 0
    255 230 255 255 0 255 0 255 255 0 255 0 255 192 255 29 0 255 144 255
    255 255 151 255 0 127 0 0 0 255 0 0 255 255 0 0 116 255 0 0 2 255 0
    255 0 255 255 255 255 0 0 255 3 255 0 255 0 255 0 255 0 255 71 118
    38 255 255 0 0 255 0 0 0 0 255 0 214 0 255 73 104 255 48 0 255 0 255
    0 0 255 255 0 255 0 0 255 44 255 0 0 255 0 255 237 171 0 255 0 255 0
    255 255 0 0 255 255 255 255 224 0 211 255 0 227 0 255 0 255 0 140
    255 0 255 255 0 0 255 0 255 0 255 0 0 255 255 255 235 0 255 255 0
    255 0 255 255 0 2 194 255 0 255 255 0 255 255 133 255 0 69 255 0 255
    255 0 255 0 94 255 255 0 255 145 0 0 71 255 5 255 255 0 255 0 175
    255 255 255 255 167 205 0 0 255 110 0 255 0 0 255 225 0 157 255 0 0
    0 255 0 0 255 0 255 0 255 28 0 255 0 255 0 0 104 0 99 255 0 176 255
    255 255 0 0 192 255 0 255 0 43 0 255 255 0 0 255 0 0 255 234 0 0 0
    255 0 255 0 255 118 0 0 0 0 255 0 255 184 255 206 0 255 255 185 118
    0 255 0 255 234 0 255 255 0 255 129 255 0 255 0 0 255 255 0 252 0
    246 13 0 255 160 232 0 0 56 255 255 0 255 0 20 17 255 255 255 0 0
    227 255 218 0 255 1 255 176 255 255 255 0 0 0 255 0 234 255 255 0 67
    0 255 0 239 0 255 255 0 0 0 255 0 219 255 0 255 0 255 47 255 0 176 0
    255 0 255 0 17 255 255 255 255 68 0 255 202 255 0 255 0 255 0 255 0
    255 0 255 0 172 0 255 0 255 238 0 255 0 255 255 9 255 0 131 146 0 0
    71 178 255 255 0 255 0 0 255 0 0 255 0 0 255 0 255 0 0 254 0 0 255
    235 0 255 0 255 255 255 12 225 245 0 0 255 0 255 255 0 255 140 144
    213 255 0 255 255 193 0 255 255 0 125 255 5 0 0 255 0 255 0 0 255
    255 89 0 255 0 0 255 255 73 0 32 0 255 255 255 0 255 69 155 0 255
    255 255 0 201 255 1 0 255 0 0 0 255 0 199 0 255 26 0 255 255 112 216
    0 0 0 0 255 0 255 255 223 0 255 62 0 0 255 51 255 0 255 0 0 255 170
    53 208 255 0 255 255 0 255 118 255 0 153 255 19 0 255 179 255 0 0 54
    56 255 0 187 0 0 0 255 255 185 132 255 255 0 0 255 0 255 0 255 0 255
    255 0 255 0 0 0 255 255 0 0 0 255 0 0 0 0 255 255 231 138 255 255 0
    111 0 255 234 0 0 255 148 0 255 255 0 255 0 90 0 255 51 0 255 0 0 0
    0 255 255 35 0 0 255 0 255 0 108 23 211 255 0 0 0 255 0 0 255 65 255
    0 255 255 0 80 0 0 255 13 255 0 237 0 7 255 0 0 0 253 0 255 255 50 0
    255 0 0 255 0 0 0 255 255 255 255 255 81 205 0 255 255 248 255 0 56
    0 255 255 0 0 144 0 13 0 0 255 34 255 90 255 0 40 59 255 0 255 255
    255 0 255 255 255 255 0 0 24 215 0 255 0 0 121 0 255 143 0 0 255 0
    209 175 0 0 215 0 0 255 255 0 255 0 0 255 0 0 255 0 255 0 255 36 0
    214 0 255 0 255 110 0 255 0 255 0 255 0 255 255 7 255 0 255 0 255
    255 183 255 0 6 0 255 255 255 0 0 0 119 255 0 199 255 40 137 179 0
    255 80 36 255 255 0 0 125 0 255 0 255 154 255 255 0 255 0 0 255 0
    255 0 56 0 21 255 255 49 255 0 255 255 0 26 255 0 0 255 169 0 255
    255 255 255 124 123 255 255 0 0 0 255 0 255 255 0 207 0 145 255 0
    255 255 255 0 255 91 255 0 255 255 193 0 255 255 255 255 255 0 255 0
    33 182 0 0 255 0 255 255 0 255 255 255 255 255 0 255 255 0 0 249 255
    255 0 255 0 159 255 55 0 0 255 0 255 255 0 255 0 0 152 0 0 255 252 0
    255 0 0 0 255 255 0 0 0 255 0 0 0 0 255 0 255 0 0 0 255 255 30 110 0
    255 255 255 0 255 193 0 183 0 0 255 255 0 7 255 255 197 0 255 255
    255 0 255 0 255 172 0 255 0 255 255 122 255 0 0 255 95 255 255 255
    255 144 255 255 255 66 0 255 255 255 0 100 255 0 0 255 118 255 0 255
    0 255 0 255 0 255 255 0 255 114 235 255 0 255 0 0 255 0 255 255 0 0
    157 255 0 255 0 0 37 255 0 255 0 255 255 255 255 0 255 0 0 21 255 0
    255 0 255 0 255 0 255 0 255 0 0 255 0 21 140 85 255 0 255 0 156 255
    207 255 120 2 0 0 0 223 0 255 0 255 255 255 0 255 255 0 255 0 183
    205 0 0 255 252 29 0 255 179 0 255 255 0 202 0 255 0 255 0 255 0 0
    255 255 0 255 0 168 0 0 45 255 0 149 143 0 255 0 255 0 255 255 0 119
    0 255 0 255 153 152 0 255 0 255 255 11 255 255 255 0 81 0 255 0 255
    255 0 0 165 255 0 255 0 255 0 196 255 0 255 45 255 160 0 255 0 0 255
    0 0 230 255 255 0 255 255 255 255 255 0 255 0 255 0 0 0 0 255 255
    255 255 0 255 242 0 0 255 255 0 255 0 255 255 0 255 0 255 0 183 0
    145 255 255 255 0 0 255 0 255 0 255 0 255 255 255 0 0 0 255 255 0 0
    0 255 255 0 255 208 228 0 36 0 255 0 0 0 0 255 19 255 239 255 0 255
    255 0 198 255 0 244 0 0 255 45 255 255 255 0 0 0 255 255 255 30 18
    255 171 0 255 255 178 0 0 0 255 0 0 255 0 255 255 59 255 0 255 255 0
    88 74 48 0 255 255 255 255 255 0 0 71 34 72 255 0 255 0 71 255 0 170
    255 0 145 255 0 105 0 255 0 20 184 0 255 0 0 255 255 255 109 29 255
    0 255 25 247 255 168 255 0 0 255 255 93 66 242 255 0 199 255 0 0 255
    0 255 242 56 255 55 255 0 255 0 78 0 255 0 255 220 21 160 255 255 0
    0 255 4 255 0 255 0 0 0 255 0 0 255 0 102 255 0 0 14 68 255 255 0
    255 204 0 255 0 255 255 0 255 255 0 166 0 0 255 49 0 0 255 104 255 0
    174 255 255 0 0 0 255 0 0 255 255 0 255 255 173 178 255 255 0 255
    255 155 255 255 255 0 125 0 255 255 0 0 255 0 218 0 255 172 255 255
    125 255 203 143 255 255 0 0 255 0 0 255 255 0 255 0 255 226 0 23 255
    255 0 255 255 0 255 0 255 0 255 31 0 255 90 0 255 0 0 255 0 0 255 0
    255 0 0 255 0 0 255 0 0 0 250 15 242 255 255 255 252 75 0 0 90 255
    198 255 0 255 0 255 0 255 77 43 255 0 255 0 0 255 0 241 0 0 255 255
    163 0 255 0 255 0 255 255 255 0 255 59 0 29 0 255 255 127 48 0 0 91
    255 0 249 255 78 195 199 255 0 244 255 0 255 29 0 255 29 255 203 255
    0 0 0 99 242 255 0 0 255 0 255 72 24 255 211 252 75 0 255 224 0 255
    0 255 255 255 0 0 0 0 255 90 0 255 0 215 255 0 0 255 249 255 0 29
    255 0 81 255 255 0 255 0 0 0 255 167 0 255 255 0 0 0 255 255 255 0
    255 0 255 147 0 255 0 0 255 0 255 255 0 255 41 179 145 0 255 0 255 0
    255 255 255 0 0 174 255 0 255 37 0 40 255 0 255 255 2 0 255 216 0
    158 0 255 129 0 229 146 8 255 0 0 255 255 0 78 173 0 255 0 255 255 0
    255 144 0 160 255 0 255 0 255 0 255 0 255 46 255 0 84 0 255 0 138 0
    102 255 0 0 255 0 255 255 0 255 255 0 255 173 0 0 255 176 255 255
    255 255 255 255 0 0 255 137 255 241 0 14 128 0 0 255 45 255 0 0 0
    255 0 255 176 255 200 0 118 152 255 255 0 255 0 255 0 0 255 0 0 124
    46 255 255 0 255 0 255 255 255 0 255 0 255 255 0 255 0 8 255 48 255
    0 255 0 55 0 255 50 138 0 19 0 0 0 81 0 0 255 255 0 255 255 0 255
    255 0 0 255 255 37 255 0 255 0 0 255 0 0 255 255 0 255 0 0 255 26 62
    255 255 255 255 167 81 255 0 0 149 255 0 255 0 167 0 172 0 255 30
    112 0 0 246 255 0 255 0 255 0 255 0 255 171 0 0 255 0 175 0 106 81 0
    255 255 255 216 255 0 0 0 152 255 0 44 255 255 0 40 148 255 0 58 0
    255 241 255 0 255 0 238 0 255 0 255 0 0 0 220 0 255 42 255 0 204 40
    88 113 0 255 0 255 0 255 255 255 140 255 199 255 0 255 116 0 255 0
    255 255 0 96 0 255 255 65 13 0 0 0 0 0 255 0 255 219 0 255 0 255 0
    255 255 234 255 255 0 192 188 194 255 8 0 255 255 0 255 0 0 255 59
    255 0 255 255 0 2 0 41 255 0 255 255 0 0 0 118 255 255 255 255 0 255
    126 0 255 0 0 141 255 165 0 255 255 96 255 75 255 255 0 211 255 22 0
    33 91 255 0 0 255 220 0 255 0 0 0 255 255 0 126 0 0 255 0 255 92 255
    97 0 0 255 255 0 255 255 135 0 255 0 0 255 0 223 255 255 0 0 139 0
    55 0 255 0 255 203 255 0 255 118 196 255 0 0 255 0 0 0 255 64 0 183
    217 0 255 0 0 255 0 255 0 0 255 71 255 0 255 0 0 255 255 255 0 0 34
    235 0 255 255 255 255 0 0 0 255 0 255 0 255 79 255 255 0 255 0 195 0
    255 0 234 0 255 0 21 0 255 255 0 0 0 255 0 0 255 0 255 255 0 255 0
    255 6 255 0 132 204 255 0 187 0 255 0 255 255 255 255 0 255 0 0 255
    255 0 255 0 120 255 255 0 255 0 255 11 20 45 255 0 113 255 255 255
    158 0 213 255 0 0 255 0 255 255 0 0 255 0 213 162 0 19 101 0 0 233
    255 135 0 255 255 0 255 0 255 0 0 0 255 255 141 0 255 0 0 255 255
    255 0 255 82 255 0 255 0 255 0 255 0 0 0 87 0 0 0 0 44 0 255 126 0
    255 0 0 255 0 0 0 255 0 255 0 255 255 0 0 255 116 255 0 82 255 136 0
    255 0 0 255 0 255 255 0 255 0 0 0 255 0 255 0 255 0 0 0 255 0 255
    166 255 0 255 0 26 255 0 255 255 0 255 0 255 255 0 248 0 0 80 255 0
    178 0 255 255 163 255 255 48 0 255 0 255 255 217 255 255 0 43 255
    255 0 255 0 255 233 255 36 255 255 148 0 255 98 255 79 165 255 18 0
    255 166 0 255 0 255 0 0 255 255 255 0 255 0 68 255 255 255 0 255 89
    255 255 0 169 84 255 0 255 255 0 255 255 255 0 255 0 111 0 0 255 0
    255 0 87 31 255 255 255 0 255 246 255 255 0 0 0 255 0 255 255 255 0
    5 0 255 0 255 0 0 0 0 0 22 227 255 0 255 255 0 255 0 161 0 117 0 255
    255 0 255 255 0 255 255 0 255 0 0 0 255 255 255 0 191 0 255 0 0 255
    255 255 188 0 255 255 0 255 124 0 0 245 0 183 0 0 24 255 255 0 0 255
    0 0 255 255 60 255 161 114 255 0 255 255 48 255 141 30 0 255 0 255
    255 0 0 255 255 140 255 0 255 0 0 255 255 0 255 0 255 255 107 0 57 0
    255 255 255 222 0 0 255 158 255 0 0 255 50 255 255 3 0 255 255 0 0
    154 0 255 50 255 64 0 241 0 203 255 255 0 0 255 8 0 0 0 255 0 144
    255 255 142 255 0 0 255 0 255 0 255 0 0 0 201 0 0 0 255 255 0 255 0
    0 0 3 255 74 0 255 255 0 0 50 0 255 0 0 255 255 0 255 0 0 40 0 0 0 0
    255 255 0 255 0 255 0 0 0 255 0 5 0 255 255 0 133 255 0 0 255 255 0
    0 255 255 0 154 224 0 255 0 255 0 0 0 132 0 255 82 255 0 0 0 0 255
    255 0 149 99 255 154 0 255 0 255 0 255 0 0 255 113 0 189 255 121 0
    255 0 0 255 0 255 255 0 255 198 210 0 255 0 1 6 255 0 255 0 0 0 0
    229 0 255 255 0 102 0 0 0 255 112 206 22 80 70 0 17 0 255 255 0 255
    0 255 0 190 255 0 0 0 140 0 0 255 0 0 255 143 0 183 0 255 0 255 0 0
    0 255 255 255 0 255 255 255 0 255 107 0 255 0 0 193 0 255 243 118
    253 0 0 255 0 255 0 0 255 255 0 47 0 255 0 255 0 255 255 0 0 0 10
    255 255 0 149 0 255 0 0 0 255 119 0 255 255 207 0 0 63 255 255 0 57
    255 0 255 0 255 0 255 0 255 245 0 0 0 255 0 255 35 0 255 0 255 0 0
    255 0 255 109 0 255 255 255 219 255 255 116 0 0 0 30 255 255 160 0
    34 255 255 0 255 0 255 0 255 242 255 255 0 255 185 255 111 0 0 255
    255 255 0 118 0 228 0 255 79 0 255 255 0 0 210 255 0 0 255 0 168 255
    147 223 0 0 255 255 255 255 0 255 0 9 255 255 0 0 0 0 184 255 255 0
    255 0 255 255 0 0 55 255 0 0 255 0 62 255 255 0 255 255 0 255 0 255
    255 0 255 0 91 0 255 0 255 255 255 255 0 255 0 130 19 255 255 0 0 0
    255 0 46 255 255 58 255 0 255 232 125 255 0 0 186 255 217 241 255
    255 0 0 255 0 255 255 29 0 255 255 68 255 0 255 255 0 255 0 255 2
    255 255 0 255 0 255 214 255 5 255 0 255 255 255 255 0 255 255 0 58
    255 255 147 0 255 0 255 0 0 0 255 152 0 255 255 0 255 255 0 255 255
    255 0 0 255 0 0 255 0 0 255 196 0 13 255 255 0 0 255 40 47 81 27 255
    0 0 255 255 255 0 0 149 0 255 0 255 255 255 255 0 0 204 255 0 255 0
    255 56 16 101 130 46 108 0 0 0 255 255 73 1 255 0 255 0 198 0 58 255
    255 52 63 197 0 0 0 255 0 0 255 0 255 166 0 148 255 0 242 0 255 179
    0 255 255 0 0 0 255 255 0 255 94 255 117 170 255 249 0 255 255 0 0
    255 0 255 172 255 0 255 0 173 112 127 255 0 255 51 0 177 255 255 0
    142 215 0 255 255 0 255 0 0 255 0 0 12 255 178 0 0 0 150 255 0 255
    26 0 255 0 255 0 0 212 0 255 93 6 0 255 0 255 0 255 255 0 255 255
    255 0 255 0 255 0 0 0 255 4 255 255 255 0 0 0 158 0 255 54 82 248 0
    255 255 0 171 255 0 0 0 0 255 0 0 0 255 171 255 0 0 255 255 255 0 0
    255 0 0 255 206 164 0 66 255 0 255 0 128 42 255 0 255 0 255 0 238
    196 255 0 255 255 0 255 24 0 0 255 255 255 0 168 0 255 255 255 115
    255 0 255 255 0 0 219 0 162 0 13 0 0 0 0 255 167 0 255 0 0 255 0 255
    0 255 82 255 150 255 255 0 255 0 255 255 0 255 118 0 0 0 0 23 255
    255 255 0 255 24 202 0 255 255 0 255 255 255 0 255 0 255 0 0 216 255
    255 255 0 255 0 255 155 0 0 255 0 89 255 255 255 0 0 255 0 105 0 107
    255 255 244 0 255 0 0 0 255 0 0 158 0 176 0 0 255 0 0 255 34 255 93
    0 0 0 219 121 0 255 0 0 255 0 255 0 255 0 255 255 0 0 255 0 255 0
    255 0 0 255 255 106 0 255 18 255 0 255 0 255 255 138 0 0 255 255 255
    255 0 154 0 255 255 0 0 0 0 255 255 0 0 178 255 0 0 255 0 255 0 0
    255 0 255 0 255 255 8 255 255 0 0 255 0 0 0 0 0 255 255 0 0 255 0
    255 0 255 0 255 0 255 0 255 0 0 255 255 255 0 255 0 30 255 115 0 255
    77 183 18 255 0 0 255 8 0 255 0 0 255 0 0 0 0 255 255 255 0 29 0 0
    70 255 0 243 255 255 0 255 58 90 0 255 0 255 0 255 255 255 255 0 255
    255 119 0 53 0 154 255 0 255 0 176 0 0 0 255 255 0 200 0 255 0 135 0
    0 0 17 255 0 255 255 0 255 0 255 0 255 255 0 160 87 0 94 178 255 0 0
    255 255 30 255 255 49 0 0 255 0 0 255 32 0 39 140 253 0 0 93 235 0
    255 0 255 138 255 0 0 255 0 255 0 255 107 255 255 0 0 255 0 255 255
    135 82 117 255 0 255 0 0 0 255 213 255 0 0 255 255 255 255 255 0 255
    0 255 0 0 255 0 0 255 210 255 167 255 0 29 68 255 0 255 123 0 0 0 0
    86 254 113 62 0 255 236 255 0 0 0 255 0 162 0 35 0 255 158 255 6 0
    255 255 218 156 0 255 0 123 255 255 28 0 255 0 255 0 0 255 0 255 200
    255 63 255 255 86 0 255 0 4 255 190 61 255 0 11 23 255 0 255 255 255
    227 88 255 255 0 151 102 0 255 0 0 255 0 31 172 0 150 0 113 255 255
    255 0 0 0 255 0 255 255 255 255 0 255 0 255 255 255 0 224 0 190 0
    255 255 255 0 0 131 255 255 0 0 0 255 0 195 0 255 255 0 0 255 123
    255 6 244 248 42 194 255 255 255 0 255 0 0 0 197 111 255 255 0 255
    255 0 158 255 0 0 255 0 255 0 255 27 0 255 255 0 0 255 255 12 0 255
    0 0 0 63 53 0 255 106 27 255 0 217 255 0 255 239 255 26 196 0 255
    255 49 0 255 0 177 0 150 0 255 255 0 255 255 0 254 243 255 0 255 0 0
    3 254 0 0 255 0 0 255 0 255 0 25 49 0 0 255 0 255 255 255 0 203 0
    255 88 255 255 255 0 0 0 253 0 82 0 255 0 255 0 255 76 150 255 255
    134 255 106 255 168 213 0 0 255 0 124 0 255 0 255 0 255 0 231 255 0
    0 237 255 0 43 69 255 0 255 0 0 0 0 255 255 255 0 114 0 255 97 0 255
    0 132 181 0 255 255 186 0 0 255 0 57 0 255 70 255 0 0 255 0 255 0 0
    0 0 0 40 255 53 254 255 52 0 159 255 255 0 0 231 255 0 255 255 0 255
    217 0 68 169 255 0 255 0 95 0 255 0 255 0 255 0 255 0 0 255 255 91
    255 0 255 0 0 255 0 35 196 0 0 0 255 0 255 255 0 255 104 0 255 0 255
    0 253 255 0 207 31 255 91 0 213 255 0 255 0 0 0 228 157 255 65 186
    255 255 111 0 255 0 255 0 255 0 0 255 120 0 255 255 17 255 255 0 255
    0 115 255 255 65 0 255 0 255 86 255 0 255 0 0 154 255 0 255 0 255 0
    255 0 0 161 0 147 255 0 0 255 181 0 255 0 255 0 255 255 255 255 255
    0 255 0 255 0 255 255 44 255 0 0 0 255 255 0 255 0 6 0 0 105 0 110
    255 72 0 255 0 163 255 0 0 255 0 0 0 0 255 0 0 255 0 255 255 42 0
    255 0 255 255 255 0 255 255 167 255 0 255 255 141 105 0 170 255 13
    24 0 255 0 255 183 0 0 0 255 0 255 255 0 255 0 255 0 66 98 0 255 0
    255 0 0 255 255 255 97 255 0 255 0 0 0 1 154 0 255 69 255 0 0 62 255
    0 255 255 84 255 75 120 255 0 0 255 0 0 255 0 0 255 0 0 0 135 1 255
    0 255 0 98 255 0 0 255 0 255 255 255 0 255 0 255 255 255 51 0 0 255
    255 255 247 255 0 255 0 221 0 255 0 0 255 0 255 255 255 0 255 0 255
    0 255 255 255 0 199 0 255 255 255 0 0 255 255 0 0 0 255 166 0 255 0
    21 143 255 0 255 255 255 0 0 255 72 0 0 255 255 255 0 0 0 255 144
    149 0 255 0 255 53 127 96 255 177 0 255 0 0 255 0 255 0 0 255 255 99
    197 230 13 255 0 255 255 0 255 255 249 0 0 255 0 90 255 255 255 0 0
    239 0 255 255 255 0 0 0 255 0 255 255 93 255 255 0 0 0 226 255 0 255
    38 0 8 255 255 255 0 50 255 255 0 255 0 175 0 255 255 255 255 0 154
    109 255 255 0 0 0 0 255 0 105 0 255 0 0 255 0 255 0 0 0 0 255 255 7
    0 255 254 201 0 0 255 0 0 255 0 255 0 145 0 255 255 0 0 0 255 255
    255 0 255 255 0 0 0 255 0 255 0 154 237 0 0 255 0 0 233 0 255 0 0 76
    255 112 255 255 0 66 0 0 255 255 222 0 158 140 255 0 255 255 0 78 0
    0 225 100 125 0 255 0 255 0 0 108 255 0 255 0 0 218 255 255 255 8
    104 135 171 0 255 255 0 42 239 255 0 255 240 25 239 0 255 0 255 0
    173 255 0 255 0 255 255 0 188 255 255 255 255 0 255 0 255 165 223 0
    255 0 255 0 0 171 0 223 255 255 0 146 255 255 255 46 222 0 201 0 0
    255 0 255 0 255 0 51 255 195 255 255 134 0 0 0 255 0 0 0 0 248 134 0
    255 40 255 255 0 0 255 0 255 0 56 255 255 0 0 255 255 121 17 255 0
    255 255 0 255 118 0 61 255 0 144 255 248 255 0 255 0 225 0 255 0 133
    185 0 0 255 255 53 0 0 0 0 255 157 0 255 0 252 255 0 255 0 255 66
    255 0 255 255 0 255 157 107 255 255 255 0 255 18 0 255 0 255 0 255
    255 0 255 255 255 0 218 255 0 255 0 0 255 70 255 255 43 255 0 255
    255 90 255 255 0 0 255 255 0 0 255 0 255 255 0 255 71 255 255 255 0
    22 52 255 255 255 255 0 0 255 159 255 255 0 255 0 0 255 0 255 0 255
    0 255 0 255 3 255 13 255 80 176 255 255 0 0 255 255 0 0 0 247 0 255
    0 255 0 255 255 0 0 0 228 255 0 255 0 255 0 255 0 0 0 255 0 172 255
    0 255 255 0 0 255 255 255 0 0 251 255 255 0 0 0 255 0 0 255 0 255 0
    255 255 255 255 255 125 0 0 255 0 0 0 0 0 255 0 0 0 255 255 255 0
    255 0 120 163 4 0 0 255 255 0 255 255 0 255 0 255 0 255 0 0 172 255
    0 0 255 255 0 0 255 149 121 255 0 255 255 255 255 103 0 85 0 164 0 0
    255 0 255 255 0 0 0 255 255 255 255 0 255 255 0 255 255 0 255 0 255
    0 255 255 229 167 137 255 0 255 255 0 104 92 255 70 0 255 0 0 0 0
    255 0 255 0 226 0 255 0 255 255 159 255 70 24 255 0 255 255 255 255
    159 255 18 0 255 98 255 0 255 0 0 255 156 0 0 255 151 0 46 255 157
    255 36 0 233 0 255 0 255 0 255 0 255 0 255 0 0 0 255 0 102 0 0 255 0
    0 255 0 0 255 0 255 255 0 255 111 0 208 255 0 255 0 128 0 255 255 0
    0 255 0 255 0 255 0 40 255 156 0 255 139 0 0 255 255 255 0 255 255 0
    18 255 0 20 255 0 0 255 0 255 255 255 0 255 0 40 0 0 0 140 255 53 34
    0 255 0 149 0 0 248 255 0 255 255 255 0 255 0 240 230 0 255 27 0 229
    84 255 255 255 92 255 0 229 0 0 255 0 0 0 255 0 255 255 36 129 234
    255 92 133 0 255 0 255 0 255 0 255 0 0 0 255 255 255 255 173 0 0 0
    255 255 255 255 0 204 0 255 0 0 0 255 0 255 0 255 255 50 255 0 255
    255 0 255 180 250 248 0 255 0 255 0 255 0 255 0 0 0 255 221 255 255
    0 255 0 255 0 255 0 0 255 0 120 109 0 0 0 255 0 255 210 0 255 0 0 0
    0 124 0 0 234 0 255 75 255 0 16 0 0 255 0 255 255 0 79 166 255 0 255
    255 0 160 255 0 0 255 0 255 0 153 0 255 88 255 0 0 255 0 0 0 0 255
    169 0 255 255 255 0 241 255 0 0 0 255 100 251 0 255 247 255 0 0 0 87
    255 0 255 0 24 255 0 49 255 0 0 255 0 46 11 0 233 255 255 0 255 0
    203 0 0 0 255 0 11 255 227 211 0 255 84 0 12 78 255 0 255 0 7 8 80 0
    255 255 255 255 255 255 0 255 228 0 150 0 0 217 255 255 126 255 16
    255 0 0 255 0 0 225 0 255 255 0 0 255 255 255 252 146 0 255 88 255
    17 101 255 0 255 0 255 154 0 0 0 255 63 0 255 0 255 0 0 255 255 0 0
    255 255 0 255 0 0 0 0 255 33 0 255 198 0 0 255 0 60 255 0 255 65 255
    255 216 255 0 255 155 185 255 0 45 255 0 255 0 0 255 255 255 0 0 0
    255 0 255 0 0 255 0 255 0 255 39 186 0 52 142 0 0 218 255 0 255 255
    0 0 255 2 243 48 0 255 0 255 255 0 0 255 3 255 0 148 255 133 86 0
    255 121 157 255 235 0 255 0 255 255 0 233 0 255 0 255 77 255 255 255
    0 152 0 255 0 255 0 164 0 255 255 179 0 255 255 0 0 255 255 0 0 182
    0 144 0 255 208 0 0 0 0 255 240 0 0 0 255 105 255 255 0 255 0 255 0
    255 0 255 255 255 255 255 0 255 0 255 35 0 0 255 0 255 0 173 255 255
    255 0 0 255 103 54 71 0 255 0 255 255 255 255 255 255 225 0 255 0 0
    204 117 0 174 0 255 0 0 255 255 73 255 255 89 135 0 255 255 0 255
    255 0 255 255 255 0 0 255 255 0 0 255 0 0 0 255 0 255 0 255 255 54
    255 0 182 255 0 255 6 0 0 255 252 255 0 0 255 52 159 255 0 0 214 255
    255 0 121 255 255 0 255 222 255 0 255 0 255 0 0 0 255 0 255 0 0 255
    0 0 0 255 0 200 255 0 47 255 0 0 0 255 0 255 255 255 0 0 255 25 104
    255 157 0 0 0 100 255 0 0 255 255 0 255 255 0 255 107 0 255 255 0
    255 0 255 255 0 0 255 82 255 0 0 255 94 255 0 183 0 213 0 0 0 255
    255 0 255 164 0 0 236 255 255 255 0 255 0 255 0 255 0 0 255 0 208
    255 49 255 255 0 225 0 0 0 255 0 120 255 0 0 255 43 161 223 0 255 0
    255 255 0 255 255 0 255 67 255 255 0 167 134 0 255 0 255 255 0 250
    126 255 0 174 152 0 0 255 19 15 255 255 255 255 255 0 255 242 0 0
    255 255 0 113 255 255 0 0 255 0 255 0 21 56 0 0 0 255 0 0 0 0 255
    255 0 255 255 0 255 0 238 0 255 0 255 0 0 0 255 0 255 0 38 0 255 0
    255 255 0 0 0 255 0 255 0 255 255 0 0 50 0 106 0 255 255 0 255 0 255
    255 0 255 0 0 255 255 255 0 255 0 255 0 0 255 0 0 0 255 255 0 255 0
    0 0 244 0 68 0 255 9 222 73 255 0 0 255 0 0 0 255 255 0 255 0 255 0
    177 0 255 255 255 0 164 255 0 255 255 110 0 255 0 0 255 0 255 255 0
    39 255 255 65 255 0 255 255 0 255 255 0 255 255 0 0 255 0 24 255 0 0
    255 0 255 0 0 0 237 155 0 255 0 232 255 255 58 53 255 0 255 255 0
    255 0 0 211 184 0 0 90 255 0 0 255 255 0 0 255 95 0 255 0 255 255 0
    0 67 0 255 255 255 0 0 255 255 0 45 255 0 0 255 0 0 255 0 48 0 0 49
    255 0 255 0 255 0 202 0 255 0 0 255 255 164 0 255 0 255 255 255 0
    255 0 0 255 0 255 255 39 0 0 108 255 255 82 91 255 0 255 27 66 192 0
    51 255 0 255 0 198 255 0 255 0 255 255 0 255 0 0 0 255 0 255 0 255
    255 165 0 255 255 0 255 0 228 0 201 0 212 0 255 174 255 0 255 0 173
    8 0 0 255 0 255 255 0 0 255 0 65 0 255 255 0 255 57 255 0 0 255 255
    0 56 95 0 255 150 255 0 0 69 0 0 255 0 255 255 255 255 0 218 0 255 0
    255 0 0 255 255 245 20 0 255 0 0 30 0 70 255 0 0 255 0 255 255 255 0
    251 255 0 0 255 0 0 255 0 255 255 255 0 255 255 0 255 255 0 109 0
    255 255 255 163 0 255 0 255 255 0 255 255 0 255 0 83 3 255 0 162 255
    0 255 0 32 160 0 255 0 255 255 65 255 0 255 7 255 255 255 255 0 88
    183 255 56 177 0 255 0 255 255 255 255 0 255 0 197 255 156 0 255 0
    255 0 0 0 255 146 0 255 255 0 255 255 0 255 0 255 255 0 114 239 255
    0 0 255 82 143 120 0 212 255 0 255 0 0 42 0 0 86 102 0 255 0 255 0
    35 255 255 0 217 255 2 0 255 0 255 0 17 0 0 255 255 0 152 255 0 255
    0 200 255 153 0 255 0 255 255 0 255 255 255 247 255 255 0 0 255 0 0
    0 255 255 255 0 250 82 146 255 0 0 0 255 255 0 158 255 116 0 255 255
    0 255 65 255 0 0 255 255 0 255 70 255 0 193 0 255 0 110 0 255 114 0
    255 0 255 0 0 0 255 255 255 0 255 255 64 0 255 158 114 76 255 0 133
    255 255 0 255 255 0 0 0 255 255 0 255 0 255 0 255 0 255 0 255 255
    233 255 47 255 114 0 255 0 45 255 9 0 255 255 0 0 115 0 148 0 255 0
    21 195 0 255 18 0 255 0 79 66 0 47 255 0 255 39 0 0 255 0 0 255 0 0
    255 0 255 0 255 255 0 255 255 255 0 0 174 0 255 0 255 197 0 196 163
    0 252 0 255 0 0 0 255 255 0 255 185 0 255 255 255 0 0 255 255 255 82
    255 255 255 255 0 0 255 0 255 0 255 0 255 0 0 255 255 0 255 12 255
    88 255 0 0 255 0 103 255 0 255 128 255 0 0 156 0 0 255 0 0 0 255 2
    19 255 0 0 255 0 255 245 179 0 255 0 255 0 153 182 0 255 0 36 0 0 0
    248 255 0 255 0 255 107 121 255 0 255 20 0 255 133 0 243 165 255 255
    0 255 255 0 0 255 255 0 0 0 255 186 0 255 153 255 245 255 255 0 255
    0 0 255 0 255 0 91 0 255 255 255 0 0 15 0 255 98 255 255 0 18 118 0
    187 255 255 0 255 0 178 255 0 0 255 0 255 255 66 255 255 255 0 0 252
    0 255 0 0 255 255 255 0 255 0 0 255 0 255 0 0 255 0 0 255 0 0 255 0
    139 216 255 0 0 255 255 0 255 255 0 0 255 255 0 255 135 215 149 0 0
    117 255 0 255 143 0 255 0 196 255 0 195 79 0 255 0 195 255 0 255 0 0
    107 0 255 0 255 255 255 32 199 255 255 140 255 139 0 63 44 196 255 0
    255 255 0 0 255 216 140 255 0 0 0 175 0 255 0 0 255 0 0 0 0 255 0
    176 0 0 23 0 0 188 255 255 0 0 255 0 255 0 255 0 255 0 255 255 0 255
    255 222 255 0 255 255 0 255 236 0 255 255 0 255 0 255 0 0 255 0 255
    7 255 0 255 0 189 217 0 0 255 0 255 255 11 255 255 255 0 0 0 0 255
    255 0 201 89 137 0 255 255 194 122 245 0 255 0 255 247 41 0 255 0 0
    255 255 0 17 255 168 255 0 255 0 255 0 195 0 255 0 171 0 255 0 255
    24 255 0 0 122 255 53 255 0 255 0 0 53 255 0 255 234 207 0 42 49 255
    133 180 0 255 238 0 255 0 0 0 0 0 0 0 0 255 255 0 255 255 47 0 255
    187 11 255 0 255 0 0 76 113 0 255 255 0 255 255 255 255 255 255 0 0
    255 0 0 60 255 0 255 0 0 255 255 0 255 175 0 255 255 0 255 255 255
    255 0 0 0 215 112 207 255 0 0 80 255 255 0 167 0 188 255 0 0 255 255
    0 0 255 0 0 255 0 0 0 0 255 255 0 0 0 255 0 4 255 255 0 0 255 0 255
    0 0 255 0 0 117 0 0 215 255 24 0 255 255 249 255 0 255 255 0 0 255
    255 255 0 255 255 0 255 0 255 5 255 0 0 255 0 0 0 0 255 0 255 255 0
    255 0 0 0 255 0 255 255 255 0 0 255 255 0 0 255 255 0 0 0 0 255 255
    255 0 0 255 0 255 255 0 5 255 255 0 0 64 197 228 255 17 146 247 255
    0 0 255 0 0 255 164 255 0 255 118 255 0 0 255 0 255 145 255 255 0
    255 0 0 0 255 0 255 0 255 0 255 166 0 171 255 0 255 0 255 0 255 0
    255 255 96 0 16 0 10 255 0 255 0 255 0 255 255 0 0 255 80 255 255
    255 255 255 7 255 255 0 35 34 0 255 255 0 97 255 255 0 0 193 0 255 0
    28 221 255 0 255 11 255 0 0 253 77 255 0 255 0 255 255 255 0 0 0 255
    255 0 0 0 255 255 0 44 255 0 255 14 0 0 247 255 255 0 0 255 234 0
    255 0 255 82 0 255 0 0 255 113 0 0 255 0 0 255 0 255 97 0 255 255 0
    0 255 255 255 0 255 0 52 0 0 215 0 255 203 0 255 92 255 0 33 255 0 0
    255 0 255 0 0 0 0 16 248 0 255 255 212 0 255 255 0 255 255 255 0 0
    207 255 0 0 0 254 255 255 0 255 255 0 140 86 205 0 255 255 255 110 0
    201 0 0 255 255 0 255 0 0 255 0 255 255 255 0 209 129 10 78 0 0 0
    255 214 22 0 255 119 150 255 0 255 255 232 36 0 255 255 149 0 255
    103 255 0 255 255 0 255 255 0 255 0 255 133 255 0 153 255 0 255 233
    0 255 0 0 255 107 255 255 0 0 255 157 255 255 255 0 255 0 0 0 180
    232 255 0 255 0 255 0 255 25 0 255 0 255 255 169 255 0 255 0 0 0 58
    0 255 0 0 140 255 255 255 144 255 221 81 255 0 255 255 255 111 138
    255 0 255 255 0 255 0 0 255 255 0 0 255 0 255 255 0 0 255 255 255 0
    255 217 0 20 0 0 255 57 0 255 0 0 255 0 74 0 0 255 255 255 145 255
    255 0 222 255 0 39 255 0 255 0 255 0 148 0 255 255 0 243 0 255 0 0
    255 180 0 0 0 255 82 101 0 0 255 0 255 0 165 0 0 255 70 100 217 255
    255 0 0 0 255 255 67 136 255 0 0 255 0 255 0 255 0 77 255 0 255 255
    0 255 255 0 208 0 255 0 187 66 0 0 165 0 255 46 0 255 0 124 0 0 194
    255 144 0 44 0 168 167 0 255 25 108 255 190 0 255 0 0 59 93 255 255
    0 129 0 0 22 0 177 189 170 0 0 255 0 43 109 0 0 0 255 0 255 95 255 0
    164 0 255 0 255 255 40 0 0 0 255 0 0 255 0 255 0 0 0 255 0 0 235 0
    255 89 0 255 255 116 0 17 255 0 255 170 255 0 0 190 0 0 242 255 255
    151 0 0 0 255 0 190 0 255 226 0 0 255 255 40 0 122 255 0 0 255 255
    255 255 0 255 0 255 0 0 0 0 255 0 0 0 255 255 0 255 29 0 255 255 255
    0 255 0 161 178 255 0 255 255 255 0 255 255 0 255 255 11 84 177 0
    255 255 0 255 255 0 102 255 178 0 255 0 0 255 120 0 255 0 255 255 0
    0 255 255 0 255 0 73 255 0 255 0 255 0 255 0 0 255 255 50 0 255 0
    229 0 255 255 0 255 255 255 0 255 0 0 0 255 255 0 0 0 0 255 0 255
    255 255 0 255 199 255 0 0 131 0 255 0 246 0 255 0 255 180 0 0 255 0
    255 0 255 180 255 92 255 255 255 255 255 246 0 255 255 255 0 0 0 0
    255 255 0 0 249 246 80 187 0 255 255 0 0 0 255 0 255 255 154 218 255
    152 133 0 255 255 0 245 255 0 228 255 255 0 0 0 33 0 255 0 255 0 255
    255 164 0 255 0 166 0 0 255 0 255 83 255 0 255 0 255 255 0 209 0 0
    255 0 141 66 0 172 153 255 255 0 73 0 255 255 132 18 255 255 102 0
    255 0 255 74 145 185 100 0 255 255 255 0 0 255 0 0 0 255 0 255 0 0
    255 142 192 255 0 255 171 255 0 255 255 255 0 0 255 0 0 255 255 255
    0 89 0 0 255 255 0 0 255 0 255 0 0 0 181 255 0 0 255 0 255 203 0 255
    0 248 255 0 255 0 16 255 76 255 255 255 0 255 0 0 255 0 255 0 0 0
    255 255 3 0 255 0 0 255 0 255 0 0 108 0 0 255 23 0 255 0 255 0 0 255
    255 255 245 0 255 255 255 255 0 0 255 255 255 255 0 110 255 0 255 0
    255 0 255 255 255 250 0 0 0 255 0 0 255 113 0 255 255 0 255 0 255
    255 255 0 197 0 0 255 0 0 255 255 0 24 0 0 0 255 0 245 255 0 238 54
    95 249 255 255 255 0 255 255 0 0 108 255 0 255 255 0 0 255 255 255 0
    0 103 126 255 144 255 0 255 0 255 255 255 131 255 0 255 0 255 0 255
    0 237 255 0 255 0 255 255 255 255 223 255 255 0 255 241 255 0 255
    255 202 255 0 255 0 255 255 0 254 0 255 0 148 255 0 225 15 0 255 255
    255 255 0 255 0 140 221 163 255 0 255 255 95 255 255 255 255 0 0 0 0
    0 255 0 255 0 0 0 255 0 0 0 0 255 255 255 0 255 0 255 77 255 255 255
    0 0 0 255 201 255 219 0 105 255 255 12 255 255 255 0 255 0 0 0 0 0
    220 255 244 255 0 255 255 112 0 255 0 255 0 0 9 69 0 151 255 130 255
    255 0 255 0 255 255 255 123 113 255 0 255 255 0 255 0 255 255 0 203
    255 255 255 224 255 0 0 0 4 0 178 0 0 179 255 92 0 255 0 255 0 0 0
    20 255 144 0 0 0 230 255 255 255 0 255 176 0 0 255 0 255 255 18 255
    255 0 218 255 0 200 255 0 255 0 18 0 255 0 255 255 19 0 110 255 0 0
    255 0 255 177 0 103 255 0 177 221 255 0 255 0 255 0 255 54 98 133 0
    255 222 255 0 255 0 0 0 255 0 207 0 106 0 255 0 0 255 0 0 0 0 0 255
    181 255 0 255 0 0 25 255 0 227 23 255 0 255 255 0 5 225 255 0 255 0
    255 0 28 255 255 0 255 8 255 0 255 255 0 0 212 0 255 0 255 23 0 255
    0 0 0 94 0 0 0 142 0 255 0 255 0 255 0 134 0 0 0 28 255 42 0 182 0
    255 0 255 178 176 255 0 197 255 0 0 0 0 255 255 255 0 0 0 255 0 255
    157 255 0 0 255 0 255 0 0 255 255 255 0 255 0 0 0 255 137 215 255 0
    255 0 107 0 255 255 255 222 255 0 12 255 15 0 0 49 0 255 0 255 0 75
    255 0 76 69 0 255 0 255 243 255 0 0 255 0 255 255 0 0 89 0 0 255 255
    0 255 0 0 0 255 41 50 255 255 88 116 0 255 0 255 255 0 0 255 0 0 255
    255 0 255 255 255 0 255 0 156 111 255 0 255 0 149 255 0 2 204 0 0
    255 0 0 255 0 0 156 109 0 0 0 50 0 116 126 0 255 54 255 4 255 0 0
    253 255 0 255 255 14 255 0 0 255 255 0 0 41 141 255 0 255 136 0 0
    255 255 255 0 255 0 255 160 255 0 0 0 238 124 0 0 255 0 255 255 0 0
    255 0 18 255 0 255 0 255 0 255 0 255 0 255 0 0 255 0 255 0 255 255
    53 255 0 255 0 255 0 255 255 51 255 255 255 133 0 90 15 255 255 255
    255 0 0 1 255 0 255 204 255 0 0 255 255 179 255 0 255 0 0 0 0 255 0
    255 0 190 255 255 0 0 107 255 255 0 0 0 0 255 255 0 255 0 255 255
    255 255 99 0 255 0 0 255 0 0 255 255 64 40 255 187 255 145 255 0 222
    255 0 255 255 0 255 0 255 0 0 255 0 0 0 255 0 151 255 255 0 88 0 255
    0 255 0 255 75 0 255 0 0 255 0 0 255 0 0 255 0 255 0 255 0 0 255 213
    0 255 255 66 255 0 255 129 91 255 67 255 0 255 0 255 188 0 255 255
    255 0 255 126 56 38 255 0 141 0 0 255 140 0 0 255 0 255 0 255 151
    255 121 235 255 0 255 146 255 0 255 18 0 3 0 0 255 0 255 193 0 102 0
    0 171 0 255 204 255 108 255 255 255 0 200 0 100 0 255 255 0 0 255
    255 0 130 0 255 92 37 255 0 0 0 255 255 0 255 0 255 0 255 0 187 255
    0 255 0 255 0 0 0 255 153 253 0 255 255 171 0 0 0 0 103 177 0 0 255
    0 0 255 0 255 0 0 0 255 0 255 124 255 0 255 0 0 255 255 253 0 174 97
    0 255 0 255 0 0 255 0 255 0 255 255 0 255 0 255 255 0 255 0 255 255
    255 0 0 0 0 0 255 0 125 0 255 0 255 0 0 0 255 0 255 0 255 0 0 0 255
    220 0 0 255 0 52 0 255 255 0 126 0 255 0 255 0 255 0 255 248 255 255
    130 255 0 0 255 113 0 255 70 233 255 145 0 255 0 0 255 0 138 255 255
    0 33 255 0 219 63 0 255 0 0 255 255 0 0 255 255 0 255 0 255 129 0
    255 0 0 0 255 0 255 0 141 0 0 212 0 0 98 255 0 129 255 0 255 255 103
    92 0 255 255 255 0 255 255 0 85 30 0 255 0 255 193 154 255 255 63
    255 255 177 255 139 255 0 234 255 143 255 25 255 0 22 0 255 72 0 255
    0 0 0 255 7 0 0 255 255 0 0 255 255 69 39 0 255 0 255 190 255 0 255
    255 0 255 0 0 48 255 0 183 255 255 4 255 0 26 169 0 255 0 114 0 0
    255 0 255 0 255 0 255 123 46 182 255 0 103 255 53 0 0 255 0 255 0 0
    255 255 0 48 0 255 255 0 169 255 255 0 255 56 246 0 198 255 0 217
    123 202 255 255 0 0 255 255 255 255 99 0 185 0 255 255 0 0 255 0 255
    0 0 0 255 0 0 255 0 255 0 255 157 222 51 73 0 0 255 0 255 22 255 255
    0 255 255 0 0 0 255 164 0 255 0 255 16 0 0 0 255 0 255 255 255 0 11
    0 255 151 255 53 215 0 255 0 255 63 209 255 0 0 0 255 0 255 0 255 0
    0 117 0 255 255 0 0 255 255 255 0 0 255 176 0 255 148 0 15 73 0 0
    255 0 81 0 137 255 49 56 0 255 0 0 0 0 255 255 0 0 255 0 0 0 85 255
    0 255 0 255 209 242 215 0 0 255 255 0 0 0 0 255 255 0 0 43 61 0 255
    255 0 0 255 35 255 155 0 255 0 255 0 0 255 255 255 255 255 0 255 255
    125 0 255 0 0 255 0 0 0 0 120 255 0 0 255 0 255 255 43 0 56 0 255 0
    84 206 0 255 0 255 0 255 0 95 255 129 255 0 209 255 255 0 0 0 255
    214 255 0 255 255 255 255 0 255 0 255 255 0 0 0 255 0 0 220 255 167
    0 155 123 0 0 255 160 255 0 6 108 255 255 0 0 255 254 255 0 119 0
    255 0 0 255 0 0 255 0 255 0 0 173 255 255 0 149 140 191 255 0 255
    255 0 255 255 45 0 255 0 255 255 255 0 5 255 0 160 255 0 255 59 255
    255 0 255 0 255 255 255 0 255 255 0 0 255 0 255 144 0 0 0 255 0 0
    213 43 0 220 255 255 255 255 248 0 255 0 0 0 173 0 255 0 255 255 33
    255 0 0 149 255 0 255 0 43 0 0 255 0 69 255 255 0 255 0 255 255 0
    255 0 255 130 0 255 255 0 0 175 0 255 0 255 255 255 23 255 255 255
    255 0 255 0 0 255 173 0 0 255 0 255 255 0 0 36 255 255 255 114 0 140
    255 172 255 0 113 0 255 227 255 255 151 255 255 0 0 5 0 255 0 255 0
    255 0 0 255 0 0 255 0 255 0 0 255 0 0 0 0 255 0 255 255 255 233 255
    255 0 255 255 0 0 53 0 0 255 126 0 0 255 255 210 0 255 255 52 0 40
    115 255 255 213 53 0 128 255 255 74 0 255 255 0 255 255 255 255 255
    0 255 0 255 255 208 0 0 0 255 0 0 212 0 196 0 213 0 0 255 231 0 255
    0 255 88 0 0 255 0 255 0 0 0 160 223 255 216 0 255 0 195 255 255 0 0
    0 200 255 238 255 0 0 35 62 255 255 0 254 0 255 0 22 0 84 0 255 137
    255 0 0 57 0 255 255 0 0 255 0 0 255 0 0 0 69 0 255 0 176 255 0 0 0
    161 0 255 0 0 255 94 0 255 0 255 0 0 255 35 255 255 255 0 255 0 255
    255 0 153 0 252 0 255 0 255 0 255 100 105 0 0 255 0 255 255 0 0 255
    255 0 122 0 255 0 0 255 0 255 0 255 255 0 255 0 255 0 255 255 0 188
    0 0 0 166 108 255 0 193 255 211 124 28 0 255 26 255 0 255 24 0 255
    255 255 0 0 102 255 255 0 255 0 0 255 0 0 255 0 255 0 0 255 255 119
    255 255 0 255 154 255 61 255 0 184 255 255 0 7 0 0 0 255 253 255 0
    179 255 255 0 185 24 255 0 0 255 0 0 255 0 25 162 95 0 255 61 0 12
    255 241 0 255 0 255 208 0 178 90 72 255 24 132 255 0 94 170 255 255
    255 118 0 255 255 255 210 255 0 255 0 0 0 102 255 0 255 255 56 0 255
    255 255 145 204 255 166 0 215 255 187 255 0 254 0 255 244 255 0 211
    0 255 97 255 181 252 0 0 255 0 65 17 184 255 255 0 255 255 0 0 0 255
    255 0 0 0 255 255 255 239 127 103 255 165 0 255 255 0 100 0 0 255 0
    0 0 255 158 255 255 0 255 0 169 255 0 0 255 0 0 255 0 0 0 224 0 255
    48 0 255 0 255 255 0 255 0 255 0 0 0 255 57 0 175 255 0 255 0 0 0
    255 27 69 0 255 255 63 73 178 0 0 255 0 69 255 28 255 46 0 255 0 134
    0 255 0 0 255 0 11 255 71 0 255 0 255 0 255 255 90 255 24 255 0 0
    255 63 61 0 179 132 0 109 255 0 145 255 255 0 0 0 255 0 0 255 0 0 6
    0 255 0 255 255 0 255 0 0 255 0 255 255 255 0 255 0 255 255 255 0 38
    255 255 0 0 255 0 255 143 0</data></your_img>
</opencv_storage>
